[
    {
        "Bao": {
            "Bao prediction": "NaN",
            "Bao recommended hint": "(no hint)"
        }
    },
    {
        "Plan": {
            "Node Type": "Aggregate",
            "Strategy": "Plain",
            "Partial Mode": "Finalize",
            "Parallel Aware": false,
            "Startup Cost": 305014.67,
            "Total Cost": 305014.68,
            "Plan Rows": 1,
            "Plan Width": 8,
            "Actual Startup Time": 260.281,
            "Actual Total Time": 268.153,
            "Actual Rows": 1,
            "Actual Loops": 1,
            "Output": [
                "count(*)"
            ],
            "Plans": [
                {
                    "Node Type": "Gather",
                    "Parent Relationship": "Outer",
                    "Parallel Aware": false,
                    "Startup Cost": 305014.04,
                    "Total Cost": 305014.65,
                    "Plan Rows": 6,
                    "Plan Width": 8,
                    "Actual Startup Time": 259.313,
                    "Actual Total Time": 268.139,
                    "Actual Rows": 7,
                    "Actual Loops": 1,
                    "Output": [
                        "(PARTIAL count(*))"
                    ],
                    "Workers Planned": 6,
                    "Workers Launched": 6,
                    "Single Copy": false,
                    "Plans": [
                        {
                            "Node Type": "Aggregate",
                            "Strategy": "Plain",
                            "Partial Mode": "Partial",
                            "Parent Relationship": "Outer",
                            "Parallel Aware": false,
                            "Startup Cost": 304014.04,
                            "Total Cost": 304014.05,
                            "Plan Rows": 1,
                            "Plan Width": 8,
                            "Actual Startup Time": 248.945,
                            "Actual Total Time": 248.948,
                            "Actual Rows": 1,
                            "Actual Loops": 7,
                            "Output": [
                                "PARTIAL count(*)"
                            ],
                            "Workers": [
                                {
                                    "Worker Number": 0,
                                    "Actual Startup Time": 246.494,
                                    "Actual Total Time": 246.496,
                                    "Actual Rows": 1,
                                    "Actual Loops": 1
                                },
                                {
                                    "Worker Number": 1,
                                    "Actual Startup Time": 246.828,
                                    "Actual Total Time": 246.829,
                                    "Actual Rows": 1,
                                    "Actual Loops": 1
                                },
                                {
                                    "Worker Number": 2,
                                    "Actual Startup Time": 246.839,
                                    "Actual Total Time": 246.842,
                                    "Actual Rows": 1,
                                    "Actual Loops": 1
                                },
                                {
                                    "Worker Number": 3,
                                    "Actual Startup Time": 247.433,
                                    "Actual Total Time": 247.435,
                                    "Actual Rows": 1,
                                    "Actual Loops": 1
                                },
                                {
                                    "Worker Number": 4,
                                    "Actual Startup Time": 247.91,
                                    "Actual Total Time": 247.913,
                                    "Actual Rows": 1,
                                    "Actual Loops": 1
                                },
                                {
                                    "Worker Number": 5,
                                    "Actual Startup Time": 248.248,
                                    "Actual Total Time": 248.251,
                                    "Actual Rows": 1,
                                    "Actual Loops": 1
                                }
                            ],
                            "Plans": [
                                {
                                    "Node Type": "Bitmap Heap Scan",
                                    "Parent Relationship": "Outer",
                                    "Parallel Aware": true,
                                    "Relation Name": "cast_info",
                                    "Schema": "public",
                                    "Alias": "ci",
                                    "Startup Cost": 45648.37,
                                    "Total Cost": 303530.63,
                                    "Plan Rows": 193367,
                                    "Plan Width": 0,
                                    "Actual Startup Time": 113.917,
                                    "Actual Total Time": 232.519,
                                    "Actual Rows": 213413,
                                    "Actual Loops": 7,
                                    "Recheck Cond": "(ci.person_id < 204677)",
                                    "Rows Removed by Index Recheck": 0,
                                    "Filter": "(ci.role_id < 3)",
                                    "Rows Removed by Filter": 84850,
                                    "Exact Heap Blocks": 4121,
                                    "Lossy Heap Blocks": 0,
                                    "Workers": [
                                        {
                                            "Worker Number": 0,
                                            "Actual Startup Time": 112.104,
                                            "Actual Total Time": 230.333,
                                            "Actual Rows": 203533,
                                            "Actual Loops": 1
                                        },
                                        {
                                            "Worker Number": 1,
                                            "Actual Startup Time": 111.979,
                                            "Actual Total Time": 230.682,
                                            "Actual Rows": 198971,
                                            "Actual Loops": 1
                                        },
                                        {
                                            "Worker Number": 2,
                                            "Actual Startup Time": 112.292,
                                            "Actual Total Time": 230.872,
                                            "Actual Rows": 199750,
                                            "Actual Loops": 1
                                        },
                                        {
                                            "Worker Number": 3,
                                            "Actual Startup Time": 112.152,
                                            "Actual Total Time": 231.253,
                                            "Actual Rows": 197752,
                                            "Actual Loops": 1
                                        },
                                        {
                                            "Worker Number": 4,
                                            "Actual Startup Time": 112.695,
                                            "Actual Total Time": 231.751,
                                            "Actual Rows": 202911,
                                            "Actual Loops": 1
                                        },
                                        {
                                            "Worker Number": 5,
                                            "Actual Startup Time": 113.01,
                                            "Actual Total Time": 232.049,
                                            "Actual Rows": 198953,
                                            "Actual Loops": 1
                                        }
                                    ],
                                    "Plans": [
                                        {
                                            "Node Type": "Bitmap Index Scan",
                                            "Parent Relationship": "Outer",
                                            "Parallel Aware": false,
                                            "Index Name": "person_id_cast_info",
                                            "Startup Cost": 0.0,
                                            "Total Cost": 45358.32,
                                            "Plan Rows": 2078101,
                                            "Plan Width": 0,
                                            "Actual Startup Time": 117.944,
                                            "Actual Total Time": 117.945,
                                            "Actual Rows": 2087841,
                                            "Actual Loops": 1,
                                            "Index Cond": "(ci.person_id < 204677)"
                                        }
                                    ]
                                }
                            ]
                        }
                    ]
                }
            ]
        },
        "Planning Time": 308.692,
        "Triggers": [],
        "Execution Time": 268.23
    }
]