{
  "Plan": {
    "Node Type": "Aggregate",
    "Strategy": "Plain",
    "Partial Mode": "Finalize",
    "Parallel Aware": false,
    "Startup Cost": 594544.6,
    "Total Cost": 594544.61,
    "Plan Rows": 1,
    "Plan Width": 8,
    "Actual Startup Time": 4774.995,
    "Actual Total Time": 4841.64,
    "Actual Rows": 1,
    "Actual Loops": 1,
    "Plans": [
      {
        "Node Type": "Gather",
        "Parent Relationship": "Outer",
        "Parallel Aware": false,
        "Startup Cost": 594544.49,
        "Total Cost": 594544.6,
        "Plan Rows": 1,
        "Plan Width": 8,
        "Actual Startup Time": 4773.5,
        "Actual Total Time": 4841.629,
        "Actual Rows": 2,
        "Actual Loops": 1,
        "Workers Planned": 1,
        "Workers Launched": 1,
        "Single Copy": false,
        "Plans": [
          {
            "Node Type": "Aggregate",
            "Strategy": "Plain",
            "Partial Mode": "Partial",
            "Parent Relationship": "Outer",
            "Parallel Aware": false,
            "Startup Cost": 593544.49,
            "Total Cost": 593544.5,
            "Plan Rows": 1,
            "Plan Width": 8,
            "Actual Startup Time": 4767.494,
            "Actual Total Time": 4767.497,
            "Actual Rows": 1,
            "Actual Loops": 2,
            "Plans": [
              {
                "Node Type": "Hash Join",
                "Parent Relationship": "Outer",
                "Parallel Aware": true,
                "Join Type": "Inner",
                "Startup Cost": 60257.84,
                "Total Cost": 581991.19,
                "Plan Rows": 4621318,
                "Plan Width": 0,
                "Actual Startup Time": 207.389,
                "Actual Total Time": 4617.894,
                "Actual Rows": 3606768,
                "Actual Loops": 2,
                "Inner Unique": true,
                "Hash Cond": "(ci.movie_id = t.id)",
                "Plans": [
                  {
                    "Node Type": "Seq Scan",
                    "Parent Relationship": "Outer",
                    "Parallel Aware": true,
                    "Relation Name": "cast_info",
                    "Alias": "ci",
                    "Startup Cost": 0.0,
                    "Total Cost": 465792.95,
                    "Plan Rows": 21310595,
                    "Plan Width": 4,
                    "Actual Startup Time": 0.015,
                    "Actual Total Time": 1317.82,
                    "Actual Rows": 18122172,
                    "Actual Loops": 2
                  },
                  {
                    "Node Type": "Hash",
                    "Parent Relationship": "Inner",
                    "Parallel Aware": true,
                    "Startup Cost": 56226.41,
                    "Total Cost": 56226.41,
                    "Plan Rows": 322514,
                    "Plan Width": 4,
                    "Actual Startup Time": 198.203,
                    "Actual Total Time": 198.204,
                    "Actual Rows": 212812,
                    "Actual Loops": 2,
                    "Hash Buckets": 1048576,
                    "Original Hash Buckets": 1048576,
                    "Hash Batches": 1,
                    "Original Hash Batches": 1,
                    "Peak Memory Usage": 24896,
                    "Plans": [
                      {
                        "Node Type": "Bitmap Heap Scan",
                        "Parent Relationship": "Outer",
                        "Parallel Aware": true,
                        "Relation Name": "title",
                        "Alias": "t",
                        "Startup Cost": 13576.03,
                        "Total Cost": 56226.41,
                        "Plan Rows": 322514,
                        "Plan Width": 4,
                        "Actual Startup Time": 43.406,
                        "Actual Total Time": 143.134,
                        "Actual Rows": 212812,
                        "Actual Loops": 2,
                        "Recheck Cond": "(kind_id < 3)",
                        "Rows Removed by Index Recheck": 0,
                        "Filter": "(production_year > 1986)",
                        "Rows Removed by Filter": 164026,
                        "Exact Heap Blocks": 25417,
                        "Lossy Heap Blocks": 0,
                        "Plans": [
                          {
                            "Node Type": "Bitmap Index Scan",
                            "Parent Relationship": "Outer",
                            "Parallel Aware": false,
                            "Index Name": "kind_id_title",
                            "Startup Cost": 0.0,
                            "Total Cost": 13438.96,
                            "Plan Rows": 753937,
                            "Plan Width": 0,
                            "Actual Startup Time": 37.673,
                            "Actual Total Time": 37.673,
                            "Actual Rows": 753677,
                            "Actual Loops": 1,
                            "Index Cond": "(kind_id < 3)"
                          }
                        ]
                      }
                    ]
                  }
                ]
              }
            ]
          }
        ]
      }
    ]
  },
  "Planning Time": 0.719,
  "Triggers": [],
  "Execution Time": 4841.75
}