{
  "Plan": {
    "Node Type": "Aggregate",
    "Strategy": "Plain",
    "Partial Mode": "Finalize",
    "Parallel Aware": false,
    "Startup Cost": 819511.13,
    "Total Cost": 819511.14,
    "Plan Rows": 1,
    "Plan Width": 8,
    "Actual Startup Time": 6133.973,
    "Actual Total Time": 6221.693,
    "Actual Rows": 1,
    "Actual Loops": 1,
    "Plans": [
      {
        "Node Type": "Gather",
        "Parent Relationship": "Outer",
        "Parallel Aware": false,
        "Startup Cost": 819511.01,
        "Total Cost": 819511.12,
        "Plan Rows": 1,
        "Plan Width": 8,
        "Actual Startup Time": 6132.556,
        "Actual Total Time": 6221.684,
        "Actual Rows": 2,
        "Actual Loops": 1,
        "Workers Planned": 1,
        "Workers Launched": 1,
        "Single Copy": false,
        "Plans": [
          {
            "Node Type": "Aggregate",
            "Strategy": "Plain",
            "Partial Mode": "Partial",
            "Parent Relationship": "Outer",
            "Parallel Aware": false,
            "Startup Cost": 818511.01,
            "Total Cost": 818511.02,
            "Plan Rows": 1,
            "Plan Width": 8,
            "Actual Startup Time": 6126.125,
            "Actual Total Time": 6126.129,
            "Actual Rows": 1,
            "Actual Loops": 2,
            "Plans": [
              {
                "Node Type": "Nested Loop",
                "Parent Relationship": "Outer",
                "Parallel Aware": false,
                "Join Type": "Inner",
                "Startup Cost": 61058.22,
                "Total Cost": 810125.93,
                "Plan Rows": 3354032,
                "Plan Width": 0,
                "Actual Startup Time": 326.586,
                "Actual Total Time": 5864.988,
                "Actual Rows": 5461636,
                "Actual Loops": 2,
                "Inner Unique": false,
                "Join Filter": "(t.id = ci.movie_id)",
                "Rows Removed by Join Filter": 0,
                "Plans": [
                  {
                    "Node Type": "Hash Join",
                    "Parent Relationship": "Outer",
                    "Parallel Aware": true,
                    "Join Type": "Inner",
                    "Startup Cost": 61057.65,
                    "Total Cost": 104635.06,
                    "Plan Rows": 234072,
                    "Plan Width": 8,
                    "Actual Startup Time": 326.513,
                    "Actual Total Time": 672.929,
                    "Actual Rows": 284822,
                    "Actual Loops": 2,
                    "Inner Unique": true,
                    "Hash Cond": "(mc.movie_id = t.id)",
                    "Plans": [
                      {
                        "Node Type": "Seq Scan",
                        "Parent Relationship": "Outer",
                        "Parallel Aware": true,
                        "Relation Name": "movie_companies",
                        "Alias": "mc",
                        "Startup Cost": 0.0,
                        "Total Cost": 41811.73,
                        "Plan Rows": 672642,
                        "Plan Width": 4,
                        "Actual Startup Time": 50.117,
                        "Actual Total Time": 135.789,
                        "Actual Rows": 628696,
                        "Actual Loops": 2,
                        "Filter": "((company_id > 166) AND (company_type_id > 1))",
                        "Rows Removed by Filter": 675868
                      },
                      {
                        "Node Type": "Hash",
                        "Parent Relationship": "Inner",
                        "Parallel Aware": true,
                        "Startup Cost": 54588.39,
                        "Total Cost": 54588.39,
                        "Plan Rows": 517541,
                        "Plan Width": 4,
                        "Actual Startup Time": 267.391,
                        "Actual Total Time": 267.391,
                        "Actual Rows": 442825,
                        "Actual Loops": 2,
                        "Hash Buckets": 1048576,
                        "Original Hash Buckets": 1048576,
                        "Hash Batches": 1,
                        "Original Hash Batches": 1,
                        "Peak Memory Usage": 42880,
                        "Plans": [
                          {
                            "Node Type": "Seq Scan",
                            "Parent Relationship": "Outer",
                            "Parallel Aware": true,
                            "Relation Name": "title",
                            "Alias": "t",
                            "Startup Cost": 0.0,
                            "Total Cost": 54588.39,
                            "Plan Rows": 517541,
                            "Plan Width": 4,
                            "Actual Startup Time": 0.029,
                            "Actual Total Time": 157.481,
                            "Actual Rows": 442825,
                            "Actual Loops": 2,
                            "Filter": "(production_year < 1997)",
                            "Rows Removed by Filter": 821331
                          }
                        ]
                      }
                    ]
                  },
                  {
                    "Node Type": "Index Only Scan",
                    "Parent Relationship": "Inner",
                    "Parallel Aware": false,
                    "Scan Direction": "Forward",
                    "Index Name": "movie_id_cast_info",
                    "Relation Name": "cast_info",
                    "Alias": "ci",
                    "Startup Cost": 0.56,
                    "Total Cost": 2.55,
                    "Plan Rows": 37,
                    "Plan Width": 4,
                    "Actual Startup Time": 0.003,
                    "Actual Total Time": 0.016,
                    "Actual Rows": 19,
                    "Actual Loops": 569643,
                    "Index Cond": "(movie_id = mc.movie_id)",
                    "Rows Removed by Index Recheck": 0,
                    "Heap Fetches": 10923273
                  }
                ]
              }
            ]
          }
        ]
      }
    ]
  },
  "Planning Time": 1.144,
  "Triggers": [],
  "Execution Time": 6221.823
}