{
  "Plan": {
    "Node Type": "Aggregate",
    "Strategy": "Plain",
    "Partial Mode": "Finalize",
    "Parallel Aware": false,
    "Startup Cost": 286958.73,
    "Total Cost": 286958.74,
    "Plan Rows": 1,
    "Plan Width": 8,
    "Actual Startup Time": 806.539,
    "Actual Total Time": 820.461,
    "Actual Rows": 1,
    "Actual Loops": 1,
    "Plans": [
      {
        "Node Type": "Gather",
        "Parent Relationship": "Outer",
        "Parallel Aware": false,
        "Startup Cost": 286958.61,
        "Total Cost": 286958.72,
        "Plan Rows": 1,
        "Plan Width": 8,
        "Actual Startup Time": 802.529,
        "Actual Total Time": 820.452,
        "Actual Rows": 2,
        "Actual Loops": 1,
        "Workers Planned": 1,
        "Workers Launched": 1,
        "Single Copy": false,
        "Plans": [
          {
            "Node Type": "Aggregate",
            "Strategy": "Plain",
            "Partial Mode": "Partial",
            "Parent Relationship": "Outer",
            "Parallel Aware": false,
            "Startup Cost": 285958.61,
            "Total Cost": 285958.62,
            "Plan Rows": 1,
            "Plan Width": 8,
            "Actual Startup Time": 794.612,
            "Actual Total Time": 794.617,
            "Actual Rows": 1,
            "Actual Loops": 2,
            "Plans": [
              {
                "Node Type": "Hash Join",
                "Parent Relationship": "Outer",
                "Parallel Aware": false,
                "Join Type": "Inner",
                "Startup Cost": 93407.55,
                "Total Cost": 285958.6,
                "Plan Rows": 6,
                "Plan Width": 0,
                "Actual Startup Time": 654.881,
                "Actual Total Time": 794.609,
                "Actual Rows": 2,
                "Actual Loops": 2,
                "Inner Unique": false,
                "Hash Cond": "(t.id = ci.movie_id)",
                "Plans": [
                  {
                    "Node Type": "Hash Join",
                    "Parent Relationship": "Outer",
                    "Parallel Aware": true,
                    "Join Type": "Inner",
                    "Startup Cost": 92347.58,
                    "Total Cost": 265555.8,
                    "Plan Rows": 595162,
                    "Plan Width": 8,
                    "Actual Startup Time": 474.567,
                    "Actual Total Time": 768.499,
                    "Actual Rows": 474933,
                    "Actual Loops": 2,
                    "Inner Unique": true,
                    "Hash Cond": "(mi.movie_id = t.id)",
                    "Plans": [
                      {
                        "Node Type": "Bitmap Heap Scan",
                        "Parent Relationship": "Outer",
                        "Parallel Aware": true,
                        "Relation Name": "movie_info",
                        "Alias": "mi",
                        "Startup Cost": 22837.73,
                        "Total Cost": 194099.51,
                        "Plan Rows": 741502,
                        "Plan Width": 4,
                        "Actual Startup Time": 36.632,
                        "Actual Total Time": 90.538,
                        "Actual Rows": 644464,
                        "Actual Loops": 2,
                        "Recheck Cond": "(info_type_id = 2)",
                        "Rows Removed by Index Recheck": 0,
                        "Exact Heap Blocks": 4474,
                        "Lossy Heap Blocks": 0,
                        "Plans": [
                          {
                            "Node Type": "Bitmap Index Scan",
                            "Parent Relationship": "Outer",
                            "Parallel Aware": false,
                            "Index Name": "info_type_id_movie_info",
                            "Startup Cost": 0.0,
                            "Total Cost": 22522.59,
                            "Plan Rows": 1260554,
                            "Plan Width": 0,
                            "Actual Startup Time": 35.351,
                            "Actual Total Time": 35.351,
                            "Actual Rows": 1288928,
                            "Actual Loops": 1,
                            "Index Cond": "(info_type_id = 2)"
                          }
                        ]
                      },
                      {
                        "Node Type": "Hash",
                        "Parent Relationship": "Inner",
                        "Parallel Aware": true,
                        "Startup Cost": 54588.39,
                        "Total Cost": 54588.39,
                        "Plan Rows": 1193717,
                        "Plan Width": 4,
                        "Actual Startup Time": 424.333,
                        "Actual Total Time": 424.333,
                        "Actual Rows": 1009352,
                        "Actual Loops": 2,
                        "Hash Buckets": 2097152,
                        "Original Hash Buckets": 2097152,
                        "Hash Batches": 1,
                        "Original Hash Batches": 1,
                        "Peak Memory Usage": 95392,
                        "Plans": [
                          {
                            "Node Type": "Seq Scan",
                            "Parent Relationship": "Outer",
                            "Parallel Aware": true,
                            "Relation Name": "title",
                            "Alias": "t",
                            "Startup Cost": 0.0,
                            "Total Cost": 54588.39,
                            "Plan Rows": 1193717,
                            "Plan Width": 4,
                            "Actual Startup Time": 0.025,
                            "Actual Total Time": 170.057,
                            "Actual Rows": 1009352,
                            "Actual Loops": 2,
                            "Filter": "(production_year > 1974)",
                            "Rows Removed by Filter": 254804
                          }
                        ]
                      }
                    ]
                  },
                  {
                    "Node Type": "Hash",
                    "Parent Relationship": "Inner",
                    "Parallel Aware": false,
                    "Startup Cost": 1059.67,
                    "Total Cost": 1059.67,
                    "Plan Rows": 24,
                    "Plan Width": 4,
                    "Actual Startup Time": 1.539,
                    "Actual Total Time": 1.54,
                    "Actual Rows": 5,
                    "Actual Loops": 2,
                    "Hash Buckets": 1024,
                    "Original Hash Buckets": 1024,
                    "Hash Batches": 1,
                    "Original Hash Batches": 1,
                    "Peak Memory Usage": 9,
                    "Plans": [
                      {
                        "Node Type": "Index Scan",
                        "Parent Relationship": "Outer",
                        "Parallel Aware": false,
                        "Scan Direction": "Forward",
                        "Index Name": "person_id_cast_info",
                        "Relation Name": "cast_info",
                        "Alias": "ci",
                        "Startup Cost": 0.56,
                        "Total Cost": 1059.67,
                        "Plan Rows": 24,
                        "Plan Width": 4,
                        "Actual Startup Time": 1.48,
                        "Actual Total Time": 1.526,
                        "Actual Rows": 5,
                        "Actual Loops": 2,
                        "Index Cond": "(person_id = 929347)",
                        "Rows Removed by Index Recheck": 0,
                        "Filter": "(role_id = 8)",
                        "Rows Removed by Filter": 1866
                      }
                    ]
                  }
                ]
              }
            ]
          }
        ]
      }
    ]
  },
  "Planning Time": 0.903,
  "Triggers": [],
  "Execution Time": 820.563
}