{
  "Plan": {
    "Node Type": "Aggregate",
    "Strategy": "Plain",
    "Partial Mode": "Finalize",
    "Parallel Aware": false,
    "Startup Cost": 331166.06,
    "Total Cost": 331166.07,
    "Plan Rows": 1,
    "Plan Width": 8,
    "Actual Startup Time": 1718.261,
    "Actual Total Time": 1769.126,
    "Actual Rows": 1,
    "Actual Loops": 1,
    "Plans": [
      {
        "Node Type": "Gather",
        "Parent Relationship": "Outer",
        "Parallel Aware": false,
        "Startup Cost": 331165.95,
        "Total Cost": 331166.06,
        "Plan Rows": 1,
        "Plan Width": 8,
        "Actual Startup Time": 1718.033,
        "Actual Total Time": 1769.119,
        "Actual Rows": 2,
        "Actual Loops": 1,
        "Workers Planned": 1,
        "Workers Launched": 1,
        "Single Copy": false,
        "Plans": [
          {
            "Node Type": "Aggregate",
            "Strategy": "Plain",
            "Partial Mode": "Partial",
            "Parent Relationship": "Outer",
            "Parallel Aware": false,
            "Startup Cost": 330165.95,
            "Total Cost": 330165.96,
            "Plan Rows": 1,
            "Plan Width": 8,
            "Actual Startup Time": 1712.408,
            "Actual Total Time": 1712.411,
            "Actual Rows": 1,
            "Actual Loops": 2,
            "Plans": [
              {
                "Node Type": "Hash Join",
                "Parent Relationship": "Outer",
                "Parallel Aware": true,
                "Join Type": "Inner",
                "Startup Cost": 58341.49,
                "Total Cost": 330124.98,
                "Plan Rows": 16386,
                "Plan Width": 0,
                "Actual Startup Time": 186.035,
                "Actual Total Time": 1708.549,
                "Actual Rows": 62804,
                "Actual Loops": 2,
                "Inner Unique": true,
                "Hash Cond": "(mi.movie_id = t.id)",
                "Plans": [
                  {
                    "Node Type": "Seq Scan",
                    "Parent Relationship": "Outer",
                    "Parallel Aware": true,
                    "Relation Name": "movie_info",
                    "Alias": "mi",
                    "Startup Cost": 0.0,
                    "Total Cost": 248955.74,
                    "Plan Rows": 8696274,
                    "Plan Width": 4,
                    "Actual Startup Time": 0.011,
                    "Actual Total Time": 760.283,
                    "Actual Rows": 7417860,
                    "Actual Loops": 2
                  },
                  {
                    "Node Type": "Hash",
                    "Parent Relationship": "Inner",
                    "Parallel Aware": true,
                    "Startup Cost": 58306.47,
                    "Total Cost": 58306.47,
                    "Plan Rows": 2802,
                    "Plan Width": 4,
                    "Actual Startup Time": 164.24,
                    "Actual Total Time": 164.24,
                    "Actual Rows": 6926,
                    "Actual Loops": 2,
                    "Hash Buckets": 16384,
                    "Original Hash Buckets": 8192,
                    "Hash Batches": 1,
                    "Original Hash Batches": 1,
                    "Peak Memory Usage": 768,
                    "Plans": [
                      {
                        "Node Type": "Seq Scan",
                        "Parent Relationship": "Outer",
                        "Parallel Aware": true,
                        "Relation Name": "title",
                        "Alias": "t",
                        "Startup Cost": 0.0,
                        "Total Cost": 58306.47,
                        "Plan Rows": 2802,
                        "Plan Width": 4,
                        "Actual Startup Time": 103.004,
                        "Actual Total Time": 159.114,
                        "Actual Rows": 6926,
                        "Actual Loops": 2,
                        "Filter": "((kind_id < 7) AND (production_year < 1904))",
                        "Rows Removed by Filter": 1257230
                      }
                    ]
                  }
                ]
              }
            ]
          }
        ]
      }
    ]
  },
  "Planning Time": 0.414,
  "Triggers": [],
  "Execution Time": 1769.205
}