[
  {
    "Plan": {
      "Node Type": "Aggregate",
      "Strategy": "Plain",
      "Partial Mode": "Finalize",
      "Parallel Aware": false,
      "Startup Cost": 348833.61,
      "Total Cost": 348833.62,
      "Plan Rows": 1,
      "Plan Width": 8,
      "Actual Startup Time": 624.036,
      "Actual Total Time": 650.077,
      "Actual Rows": 1,
      "Actual Loops": 1,
      "Plans": [
        {
          "Node Type": "Gather",
          "Parent Relationship": "Outer",
          "Parallel Aware": false,
          "Startup Cost": 348832.99,
          "Total Cost": 348833.6,
          "Plan Rows": 6,
          "Plan Width": 8,
          "Actual Startup Time": 602.916,
          "Actual Total Time": 650.057,
          "Actual Rows": 7,
          "Actual Loops": 1,
          "Workers Planned": 6,
          "Workers Launched": 6,
          "Single Copy": false,
          "Plans": [
            {
              "Node Type": "Aggregate",
              "Strategy": "Plain",
              "Partial Mode": "Partial",
              "Parent Relationship": "Outer",
              "Parallel Aware": false,
              "Startup Cost": 347832.99,
              "Total Cost": 347833.0,
              "Plan Rows": 1,
              "Plan Width": 8,
              "Actual Startup Time": 578.983,
              "Actual Total Time": 578.989,
              "Actual Rows": 1,
              "Actual Loops": 7,
              "Plans": [
                {
                  "Node Type": "Hash Join",
                  "Parent Relationship": "Outer",
                  "Parallel Aware": true,
                  "Join Type": "Inner",
                  "Startup Cost": 89870.71,
                  "Total Cost": 347084.72,
                  "Plan Rows": 299307,
                  "Plan Width": 0,
                  "Actual Startup Time": 348.729,
                  "Actual Total Time": 564.529,
                  "Actual Rows": 264366,
                  "Actual Loops": 7,
                  "Inner Unique": true,
                  "Hash Cond": "(ci.movie_id = t.id)",
                  "Plans": [
                    {
                      "Node Type": "Bitmap Heap Scan",
                      "Parent Relationship": "Outer",
                      "Parallel Aware": true,
                      "Relation Name": "cast_info",
                      "Alias": "ci",
                      "Startup Cost": 39650.33,
                      "Total Cost": 296078.66,
                      "Plan Rows": 299307,
                      "Plan Width": 4,
                      "Actual Startup Time": 77.017,
                      "Actual Total Time": 137.385,
                      "Actual Rows": 264366,
                      "Actual Loops": 7,
                      "Recheck Cond": "(person_id < 182518)",
                      "Rows Removed by Index Recheck": 0,
                      "Exact Heap Blocks": 2615,
                      "Lossy Heap Blocks": 0,
                      "Plans": [
                        {
                          "Node Type": "Bitmap Index Scan",
                          "Parent Relationship": "Outer",
                          "Parallel Aware": false,
                          "Index Name": "person_id_cast_info",
                          "Startup Cost": 0.0,
                          "Total Cost": 39201.37,
                          "Plan Rows": 1795840,
                          "Plan Width": 0,
                          "Actual Startup Time": 73.972,
                          "Actual Total Time": 73.973,
                          "Actual Rows": 1850562,
                          "Actual Loops": 1,
                          "Index Cond": "(person_id < 182518)"
                        }
                      ]
                    },
                    {
                      "Node Type": "Hash",
                      "Parent Relationship": "Inner",
                      "Parallel Aware": true,
                      "Startup Cost": 42319.06,
                      "Total Cost": 42319.06,
                      "Plan Rows": 632106,
                      "Plan Width": 4,
                      "Actual Startup Time": 264.164,
                      "Actual Total Time": 264.166,
                      "Actual Rows": 361187,
                      "Actual Loops": 7,
                      "Hash Buckets": 4194304,
                      "Original Hash Buckets": 4194304,
                      "Hash Batches": 1,
                      "Original Hash Batches": 1,
                      "Peak Memory Usage": 131776,
                      "Plans": [
                        {
                          "Node Type": "Seq Scan",
                          "Parent Relationship": "Outer",
                          "Parallel Aware": true,
                          "Relation Name": "title",
                          "Alias": "t",
                          "Startup Cost": 0.0,
                          "Total Cost": 42319.06,
                          "Plan Rows": 632106,
                          "Plan Width": 4,
                          "Actual Startup Time": 0.065,
                          "Actual Total Time": 76.905,
                          "Actual Rows": 361187,
                          "Actual Loops": 7
                        }
                      ]
                    }
                  ]
                }
              ]
            }
          ]
        }
      ]
    },
    "Planning Time": 0.621,
    "Triggers": [],
    "Execution Time": 650.181
  }
]