[
  {
    "Plan": {
      "Node Type": "Aggregate",
      "Strategy": "Plain",
      "Partial Mode": "Simple",
      "Parallel Aware": false,
      "Startup Cost": 17650.29,
      "Total Cost": 17650.3,
      "Plan Rows": 1,
      "Plan Width": 8,
      "Actual Startup Time": 9.392,
      "Actual Total Time": 9.392,
      "Actual Rows": 1,
      "Actual Loops": 1,
      "Plans": [
        {
          "Node Type": "Bitmap Heap Scan",
          "Parent Relationship": "Outer",
          "Parallel Aware": false,
          "Relation Name": "movie_companies",
          "Alias": "mc",
          "Startup Cost": 254.75,
          "Total Cost": 17621.15,
          "Plan Rows": 11654,
          "Plan Width": 0,
          "Actual Startup Time": 1.157,
          "Actual Total Time": 8.733,
          "Actual Rows": 12894,
          "Actual Loops": 1,
          "Recheck Cond": "(company_id = 34)",
          "Rows Removed by Index Recheck": 0,
          "Exact Heap Blocks": 3822,
          "Lossy Heap Blocks": 0,
          "Plans": [
            {
              "Node Type": "Bitmap Index Scan",
              "Parent Relationship": "Outer",
              "Parallel Aware": false,
              "Index Name": "company_id_movie_companies",
              "Startup Cost": 0.0,
              "Total Cost": 251.84,
              "Plan Rows": 11654,
              "Plan Width": 0,
              "Actual Startup Time": 0.761,
              "Actual Total Time": 0.761,
              "Actual Rows": 12894,
              "Actual Loops": 1,
              "Index Cond": "(company_id = 34)"
            }
          ]
        }
      ]
    },
    "Planning Time": 0.072,
    "Triggers": [],
    "Execution Time": 9.412
  }
]