[
  {
    "Plan": {
      "Node Type": "Aggregate",
      "Strategy": "Plain",
      "Partial Mode": "Finalize",
      "Parallel Aware": false,
      "Startup Cost": 398005.63,
      "Total Cost": 398005.64,
      "Plan Rows": 1,
      "Plan Width": 8,
      "Actual Startup Time": 3244.549,
      "Actual Total Time": 3334.122,
      "Actual Rows": 1,
      "Actual Loops": 1,
      "Plans": [
        {
          "Node Type": "Gather",
          "Parent Relationship": "Outer",
          "Parallel Aware": false,
          "Startup Cost": 398005.21,
          "Total Cost": 398005.62,
          "Plan Rows": 4,
          "Plan Width": 8,
          "Actual Startup Time": 3242.129,
          "Actual Total Time": 3334.113,
          "Actual Rows": 5,
          "Actual Loops": 1,
          "Workers Planned": 4,
          "Workers Launched": 4,
          "Single Copy": false,
          "Plans": [
            {
              "Node Type": "Aggregate",
              "Strategy": "Plain",
              "Partial Mode": "Partial",
              "Parent Relationship": "Outer",
              "Parallel Aware": false,
              "Startup Cost": 397005.21,
              "Total Cost": 397005.22,
              "Plan Rows": 1,
              "Plan Width": 8,
              "Actual Startup Time": 3237.203,
              "Actual Total Time": 3237.204,
              "Actual Rows": 1,
              "Actual Loops": 5,
              "Plans": [
                {
                  "Node Type": "Nested Loop",
                  "Parent Relationship": "Outer",
                  "Parallel Aware": false,
                  "Join Type": "Inner",
                  "Startup Cost": 12.77,
                  "Total Cost": 394394.91,
                  "Plan Rows": 1044120,
                  "Plan Width": 0,
                  "Actual Startup Time": 1.638,
                  "Actual Total Time": 3114.853,
                  "Actual Rows": 2790065,
                  "Actual Loops": 5,
                  "Inner Unique": false,
                  "Join Filter": "(t.id = ci.movie_id)",
                  "Rows Removed by Join Filter": 0,
                  "Plans": [
                    {
                      "Node Type": "Merge Join",
                      "Parent Relationship": "Outer",
                      "Parallel Aware": false,
                      "Join Type": "Inner",
                      "Startup Cost": 12.2,
                      "Total Cost": 155040.9,
                      "Plan Rows": 72824,
                      "Plan Width": 8,
                      "Actual Startup Time": 1.426,
                      "Actual Total Time": 602.078,
                      "Actual Rows": 101117,
                      "Actual Loops": 5,
                      "Inner Unique": false,
                      "Merge Cond": "(t.id = mi_idx.movie_id)",
                      "Plans": [
                        {
                          "Node Type": "Index Scan",
                          "Parent Relationship": "Outer",
                          "Parallel Aware": true,
                          "Scan Direction": "Forward",
                          "Index Name": "title_pkey",
                          "Relation Name": "title",
                          "Alias": "t",
                          "Startup Cost": 0.43,
                          "Total Cost": 94549.76,
                          "Plan Rows": 201040,
                          "Plan Width": 4,
                          "Actual Startup Time": 0.751,
                          "Actual Total Time": 319.96,
                          "Actual Rows": 142578,
                          "Actual Loops": 5,
                          "Filter": "((kind_id < 7) AND (production_year > 1972))",
                          "Rows Removed by Filter": 362609
                        },
                        {
                          "Node Type": "Index Scan",
                          "Parent Relationship": "Inner",
                          "Parallel Aware": false,
                          "Scan Direction": "Forward",
                          "Index Name": "movie_id_movie_info_idx",
                          "Relation Name": "movie_info_idx",
                          "Alias": "mi_idx",
                          "Startup Cost": 0.43,
                          "Total Cost": 57071.77,
                          "Plan Rows": 915883,
                          "Plan Width": 4,
                          "Actual Startup Time": 0.055,
                          "Actual Total Time": 219.152,
                          "Actual Rows": 919850,
                          "Actual Loops": 5,
                          "Filter": "(info_type_id < 101)",
                          "Rows Removed by Filter": 460185
                        }
                      ]
                    },
                    {
                      "Node Type": "Index Only Scan",
                      "Parent Relationship": "Inner",
                      "Parallel Aware": false,
                      "Scan Direction": "Forward",
                      "Index Name": "movie_id_cast_info",
                      "Relation Name": "cast_info",
                      "Alias": "ci",
                      "Startup Cost": 0.56,
                      "Total Cost": 2.85,
                      "Plan Rows": 35,
                      "Plan Width": 4,
                      "Actual Startup Time": 0.003,
                      "Actual Total Time": 0.022,
                      "Actual Rows": 28,
                      "Actual Loops": 505584,
                      "Index Cond": "(movie_id = mi_idx.movie_id)",
                      "Rows Removed by Index Recheck": 0,
                      "Heap Fetches": 13950324
                    }
                  ]
                }
              ]
            }
          ]
        }
      ]
    },
    "Planning Time": 0.618,
    "Triggers": [],
    "Execution Time": 3334.2
  }
]