[
  {
    "Plan": {
      "Node Type": "Aggregate",
      "Strategy": "Plain",
      "Partial Mode": "Finalize",
      "Parallel Aware": false,
      "Startup Cost": 32563.98,
      "Total Cost": 32563.99,
      "Plan Rows": 1,
      "Plan Width": 8,
      "Actual Startup Time": 100.015,
      "Actual Total Time": 104.334,
      "Actual Rows": 1,
      "Actual Loops": 1,
      "Plans": [
        {
          "Node Type": "Gather",
          "Parent Relationship": "Outer",
          "Parallel Aware": false,
          "Startup Cost": 32563.66,
          "Total Cost": 32563.97,
          "Plan Rows": 3,
          "Plan Width": 8,
          "Actual Startup Time": 99.816,
          "Actual Total Time": 104.325,
          "Actual Rows": 4,
          "Actual Loops": 1,
          "Workers Planned": 3,
          "Workers Launched": 3,
          "Single Copy": false,
          "Plans": [
            {
              "Node Type": "Aggregate",
              "Strategy": "Plain",
              "Partial Mode": "Partial",
              "Parent Relationship": "Outer",
              "Parallel Aware": false,
              "Startup Cost": 31563.66,
              "Total Cost": 31563.67,
              "Plan Rows": 1,
              "Plan Width": 8,
              "Actual Startup Time": 92.948,
              "Actual Total Time": 92.949,
              "Actual Rows": 1,
              "Actual Loops": 4,
              "Plans": [
                {
                  "Node Type": "Bitmap Heap Scan",
                  "Parent Relationship": "Outer",
                  "Parallel Aware": true,
                  "Relation Name": "movie_companies",
                  "Alias": "mc",
                  "Startup Cost": 10271.99,
                  "Total Cost": 31368.48,
                  "Plan Rows": 78072,
                  "Plan Width": 0,
                  "Actual Startup Time": 37.725,
                  "Actual Total Time": 84.428,
                  "Actual Rows": 120796,
                  "Actual Loops": 4,
                  "Recheck Cond": "(company_id > 75058)",
                  "Rows Removed by Index Recheck": 0,
                  "Filter": "(company_type_id = 2)",
                  "Rows Removed by Filter": 0,
                  "Exact Heap Blocks": 2649,
                  "Lossy Heap Blocks": 0,
                  "Plans": [
                    {
                      "Node Type": "Bitmap Index Scan",
                      "Parent Relationship": "Outer",
                      "Parallel Aware": false,
                      "Index Name": "company_id_movie_companies",
                      "Startup Cost": 0.0,
                      "Total Cost": 10211.49,
                      "Plan Rows": 476674,
                      "Plan Width": 0,
                      "Actual Startup Time": 41.975,
                      "Actual Total Time": 41.976,
                      "Actual Rows": 483185,
                      "Actual Loops": 1,
                      "Index Cond": "(company_id > 75058)"
                    }
                  ]
                }
              ]
            }
          ]
        }
      ]
    },
    "Planning Time": 0.22,
    "Triggers": [],
    "Execution Time": 104.411
  }
]