[
  {
    "Plan": {
      "Node Type": "Aggregate",
      "Strategy": "Plain",
      "Partial Mode": "Finalize",
      "Parallel Aware": false,
      "Startup Cost": 129839.91,
      "Total Cost": 129839.92,
      "Plan Rows": 1,
      "Plan Width": 8,
      "Actual Startup Time": 1265.364,
      "Actual Total Time": 1288.911,
      "Actual Rows": 1,
      "Actual Loops": 1,
      "Plans": [
        {
          "Node Type": "Gather",
          "Parent Relationship": "Outer",
          "Parallel Aware": false,
          "Startup Cost": 129839.59,
          "Total Cost": 129839.9,
          "Plan Rows": 3,
          "Plan Width": 8,
          "Actual Startup Time": 1256.641,
          "Actual Total Time": 1288.898,
          "Actual Rows": 4,
          "Actual Loops": 1,
          "Workers Planned": 3,
          "Workers Launched": 3,
          "Single Copy": false,
          "Plans": [
            {
              "Node Type": "Aggregate",
              "Strategy": "Plain",
              "Partial Mode": "Partial",
              "Parent Relationship": "Outer",
              "Parallel Aware": false,
              "Startup Cost": 128839.59,
              "Total Cost": 128839.6,
              "Plan Rows": 1,
              "Plan Width": 8,
              "Actual Startup Time": 1247.806,
              "Actual Total Time": 1248.249,
              "Actual Rows": 1,
              "Actual Loops": 4,
              "Plans": [
                {
                  "Node Type": "Hash Join",
                  "Parent Relationship": "Outer",
                  "Parallel Aware": true,
                  "Join Type": "Inner",
                  "Startup Cost": 81784.81,
                  "Total Cost": 127572.11,
                  "Plan Rows": 506992,
                  "Plan Width": 0,
                  "Actual Startup Time": 647.424,
                  "Actual Total Time": 1140.446,
                  "Actual Rows": 1732054,
                  "Actual Loops": 4,
                  "Inner Unique": false,
                  "Hash Cond": "(mk.movie_id = t.id)",
                  "Plans": [
                    {
                      "Node Type": "Seq Scan",
                      "Parent Relationship": "Outer",
                      "Parallel Aware": true,
                      "Relation Name": "movie_keyword",
                      "Alias": "mk",
                      "Startup Cost": 0.0,
                      "Total Cost": 39047.32,
                      "Plan Rows": 1459332,
                      "Plan Width": 4,
                      "Actual Startup Time": 0.054,
                      "Actual Total Time": 130.614,
                      "Actual Rows": 1130982,
                      "Actual Loops": 4
                    },
                    {
                      "Node Type": "Hash",
                      "Parent Relationship": "Inner",
                      "Parallel Aware": true,
                      "Startup Cost": 79039.93,
                      "Total Cost": 79039.93,
                      "Plan Rows": 219591,
                      "Plan Width": 8,
                      "Actual Startup Time": 642.404,
                      "Actual Total Time": 642.845,
                      "Actual Rows": 223047,
                      "Actual Loops": 4,
                      "Hash Buckets": 1048576,
                      "Original Hash Buckets": 1048576,
                      "Hash Batches": 1,
                      "Original Hash Batches": 1,
                      "Peak Memory Usage": 43168,
                      "Plans": [
                        {
                          "Node Type": "Hash Join",
                          "Parent Relationship": "Outer",
                          "Parallel Aware": true,
                          "Join Type": "Inner",
                          "Startup Cost": 32852.47,
                          "Total Cost": 79039.93,
                          "Plan Rows": 219591,
                          "Plan Width": 8,
                          "Actual Startup Time": 189.954,
                          "Actual Total Time": 553.825,
                          "Actual Rows": 223047,
                          "Actual Loops": 4,
                          "Inner Unique": false,
                          "Hash Cond": "(t.id = mc.movie_id)",
                          "Plans": [
                            {
                              "Node Type": "Seq Scan",
                              "Parent Relationship": "Outer",
                              "Parallel Aware": true,
                              "Relation Name": "title",
                              "Alias": "t",
                              "Startup Cost": 0.0,
                              "Total Cost": 42318.73,
                              "Plan Rows": 632073,
                              "Plan Width": 4,
                              "Actual Startup Time": 0.013,
                              "Actual Total Time": 99.512,
                              "Actual Rows": 632078,
                              "Actual Loops": 4
                            },
                            {
                              "Node Type": "Hash",
                              "Parent Relationship": "Inner",
                              "Parallel Aware": true,
                              "Startup Cost": 29310.68,
                              "Total Cost": 29310.68,
                              "Plan Rows": 283343,
                              "Plan Width": 4,
                              "Actual Startup Time": 187.276,
                              "Actual Total Time": 187.277,
                              "Actual Rows": 223047,
                              "Actual Loops": 4,
                              "Hash Buckets": 1048576,
                              "Original Hash Buckets": 1048576,
                              "Hash Batches": 1,
                              "Original Hash Batches": 1,
                              "Peak Memory Usage": 43136,
                              "Plans": [
                                {
                                  "Node Type": "Seq Scan",
                                  "Parent Relationship": "Outer",
                                  "Parallel Aware": true,
                                  "Relation Name": "movie_companies",
                                  "Alias": "mc",
                                  "Startup Cost": 0.0,
                                  "Total Cost": 29310.68,
                                  "Plan Rows": 283343,
                                  "Plan Width": 4,
                                  "Actual Startup Time": 24.654,
                                  "Actual Total Time": 102.35,
                                  "Actual Rows": 223047,
                                  "Actual Loops": 4,
                                  "Filter": "(company_id > 21944)",
                                  "Rows Removed by Filter": 429235
                                }
                              ]
                            }
                          ]
                        }
                      ]
                    }
                  ]
                }
              ]
            }
          ]
        }
      ]
    },
    "Planning Time": 1.497,
    "Triggers": [],
    "Execution Time": 1289.0
  }
]