[
  {
    "Plan": {
      "Node Type": "Aggregate",
      "Strategy": "Plain",
      "Partial Mode": "Finalize",
      "Parallel Aware": false,
      "Startup Cost": 270305.94,
      "Total Cost": 270305.95,
      "Plan Rows": 1,
      "Plan Width": 8,
      "Actual Startup Time": 1235.243,
      "Actual Total Time": 1301.2,
      "Actual Rows": 1,
      "Actual Loops": 1,
      "Plans": [
        {
          "Node Type": "Gather",
          "Parent Relationship": "Outer",
          "Parallel Aware": false,
          "Startup Cost": 270305.41,
          "Total Cost": 270305.92,
          "Plan Rows": 5,
          "Plan Width": 8,
          "Actual Startup Time": 1230.787,
          "Actual Total Time": 1301.187,
          "Actual Rows": 6,
          "Actual Loops": 1,
          "Workers Planned": 5,
          "Workers Launched": 5,
          "Single Copy": false,
          "Plans": [
            {
              "Node Type": "Aggregate",
              "Strategy": "Plain",
              "Partial Mode": "Partial",
              "Parent Relationship": "Outer",
              "Parallel Aware": false,
              "Startup Cost": 269305.41,
              "Total Cost": 269305.42,
              "Plan Rows": 1,
              "Plan Width": 8,
              "Actual Startup Time": 1219.561,
              "Actual Total Time": 1219.863,
              "Actual Rows": 1,
              "Actual Loops": 6,
              "Plans": [
                {
                  "Node Type": "Hash Join",
                  "Parent Relationship": "Outer",
                  "Parallel Aware": true,
                  "Join Type": "Inner",
                  "Startup Cost": 64718.35,
                  "Total Cost": 268642.68,
                  "Plan Rows": 265095,
                  "Plan Width": 0,
                  "Actual Startup Time": 260.915,
                  "Actual Total Time": 1139.087,
                  "Actual Rows": 1496648,
                  "Actual Loops": 6,
                  "Inner Unique": false,
                  "Hash Cond": "(mi.movie_id = t.id)",
                  "Plans": [
                    {
                      "Node Type": "Seq Scan",
                      "Parent Relationship": "Outer",
                      "Parallel Aware": true,
                      "Relation Name": "movie_info",
                      "Alias": "mi",
                      "Startup Cost": 0.0,
                      "Total Cost": 191685.19,
                      "Plan Rows": 2969219,
                      "Plan Width": 4,
                      "Actual Startup Time": 0.047,
                      "Actual Total Time": 348.264,
                      "Actual Rows": 2472620,
                      "Actual Loops": 6
                    },
                    {
                      "Node Type": "Hash",
                      "Parent Relationship": "Inner",
                      "Parallel Aware": true,
                      "Startup Cost": 63542.63,
                      "Total Cost": 63542.63,
                      "Plan Rows": 94058,
                      "Plan Width": 8,
                      "Actual Startup Time": 246.066,
                      "Actual Total Time": 246.366,
                      "Actual Rows": 68046,
                      "Actual Loops": 6,
                      "Hash Buckets": 524288,
                      "Original Hash Buckets": 262144,
                      "Hash Batches": 1,
                      "Original Hash Batches": 1,
                      "Peak Memory Usage": 22208,
                      "Plans": [
                        {
                          "Node Type": "Hash Join",
                          "Parent Relationship": "Outer",
                          "Parallel Aware": true,
                          "Join Type": "Inner",
                          "Startup Cost": 47408.64,
                          "Total Cost": 63542.63,
                          "Plan Rows": 94058,
                          "Plan Width": 8,
                          "Actual Startup Time": 166.252,
                          "Actual Total Time": 212.021,
                          "Actual Rows": 68046,
                          "Actual Loops": 6,
                          "Inner Unique": true,
                          "Hash Cond": "(mi_idx.movie_id = t.id)",
                          "Plans": [
                            {
                              "Node Type": "Seq Scan",
                              "Parent Relationship": "Outer",
                              "Parallel Aware": true,
                              "Relation Name": "movie_info_idx",
                              "Alias": "mi_idx",
                              "Startup Cost": 0.0,
                              "Total Cost": 15122.68,
                              "Plan Rows": 385260,
                              "Plan Width": 4,
                              "Actual Startup Time": 0.014,
                              "Actual Total Time": 31.546,
                              "Actual Rows": 153352,
                              "Actual Loops": 6,
                              "Filter": "(info_type_id > 99)",
                              "Rows Removed by Filter": 76654
                            },
                            {
                              "Node Type": "Hash",
                              "Parent Relationship": "Inner",
                              "Parallel Aware": true,
                              "Startup Cost": 45479.59,
                              "Total Cost": 45479.59,
                              "Plan Rows": 154324,
                              "Plan Width": 4,
                              "Actual Startup Time": 140.867,
                              "Actual Total Time": 140.869,
                              "Actual Rows": 93902,
                              "Actual Loops": 6,
                              "Hash Buckets": 1048576,
                              "Original Hash Buckets": 1048576,
                              "Hash Batches": 1,
                              "Original Hash Batches": 1,
                              "Peak Memory Usage": 30368,
                              "Plans": [
                                {
                                  "Node Type": "Seq Scan",
                                  "Parent Relationship": "Outer",
                                  "Parallel Aware": true,
                                  "Relation Name": "title",
                                  "Alias": "t",
                                  "Startup Cost": 0.0,
                                  "Total Cost": 45479.59,
                                  "Plan Rows": 154324,
                                  "Plan Width": 4,
                                  "Actual Startup Time": 46.101,
                                  "Actual Total Time": 92.87,
                                  "Actual Rows": 93902,
                                  "Actual Loops": 6,
                                  "Filter": "((production_year > 1921) AND (kind_id = 1))",
                                  "Rows Removed by Filter": 327483
                                }
                              ]
                            }
                          ]
                        }
                      ]
                    }
                  ]
                }
              ]
            }
          ]
        }
      ]
    },
    "Planning Time": 1.358,
    "Triggers": [],
    "Execution Time": 1301.3
  }
]