[
  {
    "Plan": {
      "Node Type": "Aggregate",
      "Strategy": "Plain",
      "Partial Mode": "Finalize",
      "Parallel Aware": false,
      "Startup Cost": 270159.88,
      "Total Cost": 270159.89,
      "Plan Rows": 1,
      "Plan Width": 8,
      "Actual Startup Time": 1055.878,
      "Actual Total Time": 1101.2,
      "Actual Rows": 1,
      "Actual Loops": 1,
      "Plans": [
        {
          "Node Type": "Gather",
          "Parent Relationship": "Outer",
          "Parallel Aware": false,
          "Startup Cost": 270159.36,
          "Total Cost": 270159.87,
          "Plan Rows": 5,
          "Plan Width": 8,
          "Actual Startup Time": 1050.203,
          "Actual Total Time": 1101.191,
          "Actual Rows": 6,
          "Actual Loops": 1,
          "Workers Planned": 5,
          "Workers Launched": 5,
          "Single Copy": false,
          "Plans": [
            {
              "Node Type": "Aggregate",
              "Strategy": "Plain",
              "Partial Mode": "Partial",
              "Parent Relationship": "Outer",
              "Parallel Aware": false,
              "Startup Cost": 269159.36,
              "Total Cost": 269159.37,
              "Plan Rows": 1,
              "Plan Width": 8,
              "Actual Startup Time": 1037.879,
              "Actual Total Time": 1037.885,
              "Actual Rows": 1,
              "Actual Loops": 6,
              "Plans": [
                {
                  "Node Type": "Hash Join",
                  "Parent Relationship": "Outer",
                  "Parallel Aware": true,
                  "Join Type": "Inner",
                  "Startup Cost": 64738.9,
                  "Total Cost": 268494.71,
                  "Plan Rows": 265858,
                  "Plan Width": 0,
                  "Actual Startup Time": 221.858,
                  "Actual Total Time": 973.459,
                  "Actual Rows": 1496648,
                  "Actual Loops": 6,
                  "Inner Unique": false,
                  "Hash Cond": "(mi.movie_id = t.id)",
                  "Plans": [
                    {
                      "Node Type": "Seq Scan",
                      "Parent Relationship": "Outer",
                      "Parallel Aware": true,
                      "Relation Name": "movie_info",
                      "Alias": "mi",
                      "Startup Cost": 0.0,
                      "Total Cost": 191560.33,
                      "Plan Rows": 2956733,
                      "Plan Width": 4,
                      "Actual Startup Time": 0.035,
                      "Actual Total Time": 303.042,
                      "Actual Rows": 2472620,
                      "Actual Loops": 6
                    },
                    {
                      "Node Type": "Hash",
                      "Parent Relationship": "Inner",
                      "Parallel Aware": true,
                      "Startup Cost": 63554.88,
                      "Total Cost": 63554.88,
                      "Plan Rows": 94722,
                      "Plan Width": 8,
                      "Actual Startup Time": 208.931,
                      "Actual Total Time": 208.935,
                      "Actual Rows": 68046,
                      "Actual Loops": 6,
                      "Hash Buckets": 524288,
                      "Original Hash Buckets": 262144,
                      "Hash Batches": 1,
                      "Original Hash Batches": 1,
                      "Peak Memory Usage": 22240,
                      "Plans": [
                        {
                          "Node Type": "Hash Join",
                          "Parent Relationship": "Outer",
                          "Parallel Aware": true,
                          "Join Type": "Inner",
                          "Startup Cost": 47420.04,
                          "Total Cost": 63554.88,
                          "Plan Rows": 94722,
                          "Plan Width": 8,
                          "Actual Startup Time": 144.606,
                          "Actual Total Time": 183.256,
                          "Actual Rows": 68046,
                          "Actual Loops": 6,
                          "Inner Unique": true,
                          "Hash Cond": "(mi_idx.movie_id = t.id)",
                          "Plans": [
                            {
                              "Node Type": "Seq Scan",
                              "Parent Relationship": "Outer",
                              "Parallel Aware": true,
                              "Relation Name": "movie_info_idx",
                              "Alias": "mi_idx",
                              "Startup Cost": 0.0,
                              "Total Cost": 15122.68,
                              "Plan Rows": 385585,
                              "Plan Width": 4,
                              "Actual Startup Time": 0.026,
                              "Actual Total Time": 25.634,
                              "Actual Rows": 153352,
                              "Actual Loops": 6,
                              "Filter": "(info_type_id > 99)",
                              "Rows Removed by Filter": 76654
                            },
                            {
                              "Node Type": "Hash",
                              "Parent Relationship": "Inner",
                              "Parallel Aware": true,
                              "Startup Cost": 45479.1,
                              "Total Cost": 45479.1,
                              "Plan Rows": 155275,
                              "Plan Width": 4,
                              "Actual Startup Time": 123.228,
                              "Actual Total Time": 123.229,
                              "Actual Rows": 93902,
                              "Actual Loops": 6,
                              "Hash Buckets": 1048576,
                              "Original Hash Buckets": 1048576,
                              "Hash Batches": 1,
                              "Original Hash Batches": 1,
                              "Peak Memory Usage": 30304,
                              "Plans": [
                                {
                                  "Node Type": "Seq Scan",
                                  "Parent Relationship": "Outer",
                                  "Parallel Aware": true,
                                  "Relation Name": "title",
                                  "Alias": "t",
                                  "Startup Cost": 0.0,
                                  "Total Cost": 45479.1,
                                  "Plan Rows": 155275,
                                  "Plan Width": 4,
                                  "Actual Startup Time": 45.185,
                                  "Actual Total Time": 85.562,
                                  "Actual Rows": 93902,
                                  "Actual Loops": 6,
                                  "Filter": "((production_year > 1921) AND (kind_id = 1))",
                                  "Rows Removed by Filter": 327483
                                }
                              ]
                            }
                          ]
                        }
                      ]
                    }
                  ]
                }
              ]
            }
          ]
        }
      ]
    },
    "Planning Time": 0.855,
    "Triggers": [],
    "Execution Time": 1101.27
  }
]