[
  {
    "Plan": {
      "Node Type": "Aggregate",
      "Strategy": "Plain",
      "Partial Mode": "Finalize",
      "Parallel Aware": false,
      "Startup Cost": 339399.16,
      "Total Cost": 339399.17,
      "Plan Rows": 1,
      "Plan Width": 8,
      "Actual Startup Time": 866.678,
      "Actual Total Time": 926.585,
      "Actual Rows": 1,
      "Actual Loops": 1,
      "Plans": [
        {
          "Node Type": "Gather",
          "Parent Relationship": "Outer",
          "Parallel Aware": false,
          "Startup Cost": 339398.54,
          "Total Cost": 339399.15,
          "Plan Rows": 6,
          "Plan Width": 8,
          "Actual Startup Time": 866.567,
          "Actual Total Time": 926.575,
          "Actual Rows": 7,
          "Actual Loops": 1,
          "Workers Planned": 6,
          "Workers Launched": 6,
          "Single Copy": false,
          "Plans": [
            {
              "Node Type": "Aggregate",
              "Strategy": "Plain",
              "Partial Mode": "Partial",
              "Parent Relationship": "Outer",
              "Parallel Aware": false,
              "Startup Cost": 338398.54,
              "Total Cost": 338398.55,
              "Plan Rows": 1,
              "Plan Width": 8,
              "Actual Startup Time": 857.048,
              "Actual Total Time": 857.05,
              "Actual Rows": 1,
              "Actual Loops": 7,
              "Plans": [
                {
                  "Node Type": "Seq Scan",
                  "Parent Relationship": "Outer",
                  "Parallel Aware": true,
                  "Relation Name": "cast_info",
                  "Alias": "ci",
                  "Startup Cost": 0.0,
                  "Total Cost": 328162.03,
                  "Plan Rows": 4094605,
                  "Plan Width": 0,
                  "Actual Startup Time": 142.67,
                  "Actual Total Time": 683.882,
                  "Actual Rows": 3510577,
                  "Actual Loops": 7,
                  "Filter": "(person_id > 1146791)",
                  "Rows Removed by Filter": 1667187
                }
              ]
            }
          ]
        }
      ]
    },
    "Planning Time": 0.223,
    "Triggers": [],
    "Execution Time": 926.657
  }
]