{
    "Plan": {
        "Node Type": "Aggregate",
        "Strategy": "Plain",
        "Partial Mode": "Simple",
        "Parallel Aware": false,
        "Startup Cost": 90016054187.56,
        "Total Cost": 90016054187.57,
        "Plan Rows": 1,
        "Plan Width": 8,
        "Actual Startup Time": 20744.325,
        "Actual Total Time": 20773.289,
        "Actual Rows": 1,
        "Actual Loops": 1,
        "Output": [
            "count(*)"
        ],
        "Plans": [
            {
                "Node Type": "Merge Join",
                "Parent Relationship": "Outer",
                "Parallel Aware": false,
                "Join Type": "Inner",
                "Startup Cost": 90015898115.6,
                "Total Cost": 90016054187.56,
                "Plan Rows": 1,
                "Plan Width": 0,
                "Actual Startup Time": 20744.32,
                "Actual Total Time": 20773.283,
                "Actual Rows": 0,
                "Actual Loops": 1,
                "Inner Unique": false,
                "Merge Cond": "(n.id = ci.person_id)",
                "Plans": [
                    {
                        "Node Type": "Gather Merge",
                        "Parent Relationship": "Outer",
                        "Parallel Aware": false,
                        "Startup Cost": 1000.49,
                        "Total Cost": 161470.19,
                        "Plan Rows": 70049,
                        "Plan Width": 4,
                        "Actual Startup Time": 12.579,
                        "Actual Total Time": 804.716,
                        "Actual Rows": 55990,
                        "Actual Loops": 1,
                        "Output": [
                            "n.id"
                        ],
                        "Workers Planned": 4,
                        "Workers Launched": 4,
                        "Plans": [
                            {
                                "Node Type": "Index Scan",
                                "Parent Relationship": "Outer",
                                "Parallel Aware": true,
                                "Scan Direction": "Forward",
                                "Index Name": "name_pkey",
                                "Relation Name": "name",
                                "Schema": "public",
                                "Alias": "n",
                                "Startup Cost": 0.43,
                                "Total Cost": 152126.62,
                                "Plan Rows": 17512,
                                "Plan Width": 4,
                                "Actual Startup Time": 0.688,
                                "Actual Total Time": 713.632,
                                "Actual Rows": 11198,
                                "Actual Loops": 5,
                                "Output": [
                                    "n.id"
                                ],
                                "Filter": "((n.name ~~ '%An%'::text) AND ((n.gender)::text = 'm'::text))",
                                "Rows Removed by Filter": 822300,
                                "Workers": [
                                    {
                                        "Worker Number": 0,
                                        "Actual Startup Time": 0.405,
                                        "Actual Total Time": 761.248,
                                        "Actual Rows": 12907,
                                        "Actual Loops": 1
                                    },
                                    {
                                        "Worker Number": 1,
                                        "Actual Startup Time": 1.072,
                                        "Actual Total Time": 762.044,
                                        "Actual Rows": 12577,
                                        "Actual Loops": 1
                                    },
                                    {
                                        "Worker Number": 2,
                                        "Actual Startup Time": 1.121,
                                        "Actual Total Time": 761.503,
                                        "Actual Rows": 12492,
                                        "Actual Loops": 1
                                    },
                                    {
                                        "Worker Number": 3,
                                        "Actual Startup Time": 0.798,
                                        "Actual Total Time": 762.764,
                                        "Actual Rows": 11746,
                                        "Actual Loops": 1
                                    }
                                ]
                            }
                        ]
                    },
                    {
                        "Node Type": "Sort",
                        "Parent Relationship": "Inner",
                        "Parallel Aware": false,
                        "Startup Cost": 90015897105.93,
                        "Total Cost": 90015897105.94,
                        "Plan Rows": 1,
                        "Plan Width": 12,
                        "Actual Startup Time": 19964.906,
                        "Actual Total Time": 19965.278,
                        "Actual Rows": 1,
                        "Actual Loops": 1,
                        "Output": [
                            "an.person_id",
                            "ci.person_id",
                            "pi.person_id"
                        ],
                        "Sort Key": [
                            "an.person_id"
                        ],
                        "Sort Method": "quicksort",
                        "Sort Space Used": 25,
                        "Sort Space Type": "Memory",
                        "Plans": [
                            {
                                "Node Type": "Hash Join",
                                "Parent Relationship": "Outer",
                                "Parallel Aware": false,
                                "Join Type": "Inner",
                                "Startup Cost": 90015897103.48,
                                "Total Cost": 90015897105.92,
                                "Plan Rows": 1,
                                "Plan Width": 12,
                                "Actual Startup Time": 19964.883,
                                "Actual Total Time": 19965.264,
                                "Actual Rows": 15,
                                "Actual Loops": 1,
                                "Output": [
                                    "an.person_id",
                                    "ci.person_id",
                                    "pi.person_id"
                                ],
                                "Inner Unique": false,
                                "Hash Cond": "(t.id = mk.movie_id)",
                                "Plans": [
                                    {
                                        "Node Type": "Hash Join",
                                        "Parent Relationship": "Outer",
                                        "Parallel Aware": false,
                                        "Join Type": "Inner",
                                        "Startup Cost": 50008840752.97,
                                        "Total Cost": 50008840755.4,
                                        "Plan Rows": 1,
                                        "Plan Width": 28,
                                        "Actual Startup Time": 13944.827,
                                        "Actual Total Time": 13945.195,
                                        "Actual Rows": 15,
                                        "Actual Loops": 1,
                                        "Output": [
                                            "an.person_id",
                                            "ci.movie_id",
                                            "ci.person_id",
                                            "mc.movie_id",
                                            "mi.movie_id",
                                            "pi.person_id",
                                            "t.id"
                                        ],
                                        "Inner Unique": false,
                                        "Hash Cond": "(it3.id = pi.info_type_id)",
                                        "Plans": [
                                            {
                                                "Node Type": "Seq Scan",
                                                "Parent Relationship": "Outer",
                                                "Parallel Aware": false,
                                                "Relation Name": "info_type",
                                                "Schema": "public",
                                                "Alias": "it3",
                                                "Startup Cost": 0.0,
                                                "Total Cost": 2.41,
                                                "Plan Rows": 1,
                                                "Plan Width": 4,
                                                "Actual Startup Time": 0.011,
                                                "Actual Total Time": 0.017,
                                                "Actual Rows": 1,
                                                "Actual Loops": 1,
                                                "Output": [
                                                    "it3.id",
                                                    "it3.info"
                                                ],
                                                "Filter": "((it3.info)::text = 'height'::text)",
                                                "Rows Removed by Filter": 112
                                            },
                                            {
                                                "Node Type": "Hash",
                                                "Parent Relationship": "Inner",
                                                "Parallel Aware": false,
                                                "Startup Cost": 50008840752.96,
                                                "Total Cost": 50008840752.96,
                                                "Plan Rows": 1,
                                                "Plan Width": 32,
                                                "Actual Startup Time": 13944.802,
                                                "Actual Total Time": 13945.161,
                                                "Actual Rows": 2445,
                                                "Actual Loops": 1,
                                                "Output": [
                                                    "an.person_id",
                                                    "ci.movie_id",
                                                    "ci.person_id",
                                                    "mc.movie_id",
                                                    "mi.movie_id",
                                                    "pi.person_id",
                                                    "pi.info_type_id",
                                                    "t.id"
                                                ],
                                                "Hash Buckets": 4096,
                                                "Original Hash Buckets": 1024,
                                                "Hash Batches": 1,
                                                "Original Hash Batches": 1,
                                                "Peak Memory Usage": 185,
                                                "Plans": [
                                                    {
                                                        "Node Type": "Hash Join",
                                                        "Parent Relationship": "Outer",
                                                        "Parallel Aware": false,
                                                        "Join Type": "Inner",
                                                        "Startup Cost": 50008744621.24,
                                                        "Total Cost": 50008840752.96,
                                                        "Plan Rows": 1,
                                                        "Plan Width": 32,
                                                        "Actual Startup Time": 13944.145,
                                                        "Actual Total Time": 13944.821,
                                                        "Actual Rows": 2445,
                                                        "Actual Loops": 1,
                                                        "Output": [
                                                            "an.person_id",
                                                            "ci.movie_id",
                                                            "ci.person_id",
                                                            "mc.movie_id",
                                                            "mi.movie_id",
                                                            "pi.person_id",
                                                            "pi.info_type_id",
                                                            "t.id"
                                                        ],
                                                        "Inner Unique": false,
                                                        "Hash Cond": "(ci.person_id = pi.person_id)",
                                                        "Plans": [
                                                            {
                                                                "Node Type": "Nested Loop",
                                                                "Parent Relationship": "Outer",
                                                                "Parallel Aware": false,
                                                                "Join Type": "Inner",
                                                                "Startup Cost": 50008429983.21,
                                                                "Total Cost": 50008526112.33,
                                                                "Plan Rows": 1,
                                                                "Plan Width": 24,
                                                                "Actual Startup Time": 12177.462,
                                                                "Actual Total Time": 12177.884,
                                                                "Actual Rows": 15,
                                                                "Actual Loops": 1,
                                                                "Output": [
                                                                    "an.person_id",
                                                                    "ci.movie_id",
                                                                    "ci.person_id",
                                                                    "mc.movie_id",
                                                                    "mi.movie_id",
                                                                    "t.id"
                                                                ],
                                                                "Inner Unique": true,
                                                                "Plans": [
                                                                    {
                                                                        "Node Type": "Merge Join",
                                                                        "Parent Relationship": "Outer",
                                                                        "Parallel Aware": false,
                                                                        "Join Type": "Inner",
                                                                        "Startup Cost": 40008429983.06,
                                                                        "Total Cost": 40008526104.15,
                                                                        "Plan Rows": 1,
                                                                        "Plan Width": 28,
                                                                        "Actual Startup Time": 12177.42,
                                                                        "Actual Total Time": 12177.78,
                                                                        "Actual Rows": 15,
                                                                        "Actual Loops": 1,
                                                                        "Output": [
                                                                            "an.person_id",
                                                                            "ci.movie_id",
                                                                            "ci.person_id",
                                                                            "mc.movie_id",
                                                                            "mi.movie_id",
                                                                            "mi.info_type_id",
                                                                            "t.id"
                                                                        ],
                                                                        "Inner Unique": false,
                                                                        "Merge Cond": "(t.id = mi.movie_id)",
                                                                        "Plans": [
                                                                            {
                                                                                "Node Type": "Gather Merge",
                                                                                "Parent Relationship": "Outer",
                                                                                "Parallel Aware": false,
                                                                                "Startup Cost": 1000.49,
                                                                                "Total Cost": 97121.54,
                                                                                "Plan Rows": 10,
                                                                                "Plan Width": 4,
                                                                                "Actual Startup Time": 701.224,
                                                                                "Actual Total Time": 701.607,
                                                                                "Actual Rows": 3,
                                                                                "Actual Loops": 1,
                                                                                "Output": [
                                                                                    "t.id"
                                                                                ],
                                                                                "Workers Planned": 4,
                                                                                "Workers Launched": 3,
                                                                                "Plans": [
                                                                                    {
                                                                                        "Node Type": "Index Scan",
                                                                                        "Parent Relationship": "Outer",
                                                                                        "Parallel Aware": true,
                                                                                        "Scan Direction": "Forward",
                                                                                        "Index Name": "title_pkey",
                                                                                        "Relation Name": "title",
                                                                                        "Schema": "public",
                                                                                        "Alias": "t",
                                                                                        "Startup Cost": 0.43,
                                                                                        "Total Cost": 96120.29,
                                                                                        "Plan Rows": 2,
                                                                                        "Plan Width": 4,
                                                                                        "Actual Startup Time": 503.496,
                                                                                        "Actual Total Time": 519.471,
                                                                                        "Actual Rows": 1,
                                                                                        "Actual Loops": 4,
                                                                                        "Output": [
                                                                                            "t.id"
                                                                                        ],
                                                                                        "Filter": "((t.production_year >= 1997) AND (t.production_year <= 2012) AND (t.title = 'Shrek 2'::text))",
                                                                                        "Rows Removed by Filter": 632077,
                                                                                        "Workers": [
                                                                                            {
                                                                                                "Worker Number": 0,
                                                                                                "Actual Startup Time": 689.139,
                                                                                                "Actual Total Time": 689.14,
                                                                                                "Actual Rows": 0,
                                                                                                "Actual Loops": 1
                                                                                            },
                                                                                            {
                                                                                                "Worker Number": 1,
                                                                                                "Actual Startup Time": 625.51,
                                                                                                "Actual Total Time": 689.129,
                                                                                                "Actual Rows": 2,
                                                                                                "Actual Loops": 1
                                                                                            },
                                                                                            {
                                                                                                "Worker Number": 2,
                                                                                                "Actual Startup Time": 689.2,
                                                                                                "Actual Total Time": 689.201,
                                                                                                "Actual Rows": 0,
                                                                                                "Actual Loops": 1
                                                                                            }
                                                                                        ]
                                                                                    }
                                                                                ]
                                                                            },
                                                                            {
                                                                                "Node Type": "Sort",
                                                                                "Parent Relationship": "Inner",
                                                                                "Parallel Aware": false,
                                                                                "Startup Cost": 40008428982.57,
                                                                                "Total Cost": 40008428982.58,
                                                                                "Plan Rows": 1,
                                                                                "Plan Width": 24,
                                                                                "Actual Startup Time": 11475.899,
                                                                                "Actual Total Time": 11476.152,
                                                                                "Actual Rows": 53,
                                                                                "Actual Loops": 1,
                                                                                "Output": [
                                                                                    "an.person_id",
                                                                                    "ci.movie_id",
                                                                                    "ci.person_id",
                                                                                    "mc.movie_id",
                                                                                    "mi.movie_id",
                                                                                    "mi.info_type_id"
                                                                                ],
                                                                                "Sort Key": [
                                                                                    "ci.movie_id"
                                                                                ],
                                                                                "Sort Method": "quicksort",
                                                                                "Sort Space Used": 38,
                                                                                "Sort Space Type": "Memory",
                                                                                "Plans": [
                                                                                    {
                                                                                        "Node Type": "Gather",
                                                                                        "Parent Relationship": "Outer",
                                                                                        "Parallel Aware": false,
                                                                                        "Startup Cost": 40008034936.42,
                                                                                        "Total Cost": 40008428982.56,
                                                                                        "Plan Rows": 1,
                                                                                        "Plan Width": 24,
                                                                                        "Actual Startup Time": 11286.54,
                                                                                        "Actual Total Time": 11476.081,
                                                                                        "Actual Rows": 179,
                                                                                        "Actual Loops": 1,
                                                                                        "Output": [
                                                                                            "an.person_id",
                                                                                            "ci.movie_id",
                                                                                            "ci.person_id",
                                                                                            "mc.movie_id",
                                                                                            "mi.movie_id",
                                                                                            "mi.info_type_id"
                                                                                        ],
                                                                                        "Workers Planned": 3,
                                                                                        "Workers Launched": 0,
                                                                                        "Single Copy": false,
                                                                                        "Plans": [
                                                                                            {
                                                                                                "Node Type": "Hash Join",
                                                                                                "Parent Relationship": "Outer",
                                                                                                "Parallel Aware": true,
                                                                                                "Join Type": "Inner",
                                                                                                "Startup Cost": 40008033936.42,
                                                                                                "Total Cost": 40008427982.46,
                                                                                                "Plan Rows": 1,
                                                                                                "Plan Width": 24,
                                                                                                "Actual Startup Time": 11285.061,
                                                                                                "Actual Total Time": 11474.356,
                                                                                                "Actual Rows": 179,
                                                                                                "Actual Loops": 1,
                                                                                                "Output": [
                                                                                                    "an.person_id",
                                                                                                    "ci.movie_id",
                                                                                                    "ci.person_id",
                                                                                                    "mc.movie_id",
                                                                                                    "mi.movie_id",
                                                                                                    "mi.info_type_id"
                                                                                                ],
                                                                                                "Inner Unique": false,
                                                                                                "Hash Cond": "(ci.person_role_id = chn.id)",
                                                                                                "Plans": [
                                                                                                    {
                                                                                                        "Node Type": "Hash Join",
                                                                                                        "Parent Relationship": "Outer",
                                                                                                        "Parallel Aware": false,
                                                                                                        "Join Type": "Inner",
                                                                                                        "Startup Cost": 40007987675.2,
                                                                                                        "Total Cost": 40008381538.68,
                                                                                                        "Plan Rows": 48679,
                                                                                                        "Plan Width": 28,
                                                                                                        "Actual Startup Time": 11022.509,
                                                                                                        "Actual Total Time": 11203.324,
                                                                                                        "Actual Rows": 247902,
                                                                                                        "Actual Loops": 1,
                                                                                                        "Output": [
                                                                                                            "an.person_id",
                                                                                                            "ci.movie_id",
                                                                                                            "ci.person_id",
                                                                                                            "ci.person_role_id",
                                                                                                            "mc.movie_id",
                                                                                                            "mi.movie_id",
                                                                                                            "mi.info_type_id"
                                                                                                        ],
                                                                                                        "Inner Unique": false,
                                                                                                        "Hash Cond": "(an.person_id = ci.person_id)",
                                                                                                        "Plans": [
                                                                                                            {
                                                                                                                "Node Type": "Seq Scan",
                                                                                                                "Parent Relationship": "Outer",
                                                                                                                "Parallel Aware": true,
                                                                                                                "Relation Name": "aka_name",
                                                                                                                "Schema": "public",
                                                                                                                "Alias": "an",
                                                                                                                "Startup Cost": 10000000000.0,
                                                                                                                "Total Cost": 10000014303.56,
                                                                                                                "Plan Rows": 290756,
                                                                                                                "Plan Width": 4,
                                                                                                                "Actual Startup Time": 0.005,
                                                                                                                "Actual Total Time": 78.107,
                                                                                                                "Actual Rows": 901343,
                                                                                                                "Actual Loops": 1,
                                                                                                                "Output": [
                                                                                                                    "an.id",
                                                                                                                    "an.person_id",
                                                                                                                    "an.name",
                                                                                                                    "an.imdb_index",
                                                                                                                    "an.name_pcode_cf",
                                                                                                                    "an.name_pcode_nf",
                                                                                                                    "an.surname_pcode",
                                                                                                                    "an.md5sum"
                                                                                                                ]
                                                                                                            },
                                                                                                            {
                                                                                                                "Node Type": "Hash",
                                                                                                                "Parent Relationship": "Inner",
                                                                                                                "Parallel Aware": false,
                                                                                                                "Startup Cost": 30007986891.91,
                                                                                                                "Total Cost": 30007986891.91,
                                                                                                                "Plan Rows": 62663,
                                                                                                                "Plan Width": 24,
                                                                                                                "Actual Startup Time": 11022.316,
                                                                                                                "Actual Total Time": 11022.328,
                                                                                                                "Actual Rows": 105866,
                                                                                                                "Actual Loops": 1,
                                                                                                                "Output": [
                                                                                                                    "ci.movie_id",
                                                                                                                    "ci.person_id",
                                                                                                                    "ci.person_role_id",
                                                                                                                    "mc.movie_id",
                                                                                                                    "mi.movie_id",
                                                                                                                    "mi.info_type_id"
                                                                                                                ],
                                                                                                                "Hash Buckets": 131072,
                                                                                                                "Original Hash Buckets": 65536,
                                                                                                                "Hash Batches": 1,
                                                                                                                "Original Hash Batches": 1,
                                                                                                                "Peak Memory Usage": 6778,
                                                                                                                "Plans": [
                                                                                                                    {
                                                                                                                        "Node Type": "Hash Join",
                                                                                                                        "Parent Relationship": "Outer",
                                                                                                                        "Parallel Aware": false,
                                                                                                                        "Join Type": "Inner",
                                                                                                                        "Startup Cost": 30007985324.19,
                                                                                                                        "Total Cost": 30007986891.91,
                                                                                                                        "Plan Rows": 62663,
                                                                                                                        "Plan Width": 24,
                                                                                                                        "Actual Startup Time": 10995.152,
                                                                                                                        "Actual Total Time": 11007.752,
                                                                                                                        "Actual Rows": 105866,
                                                                                                                        "Actual Loops": 1,
                                                                                                                        "Output": [
                                                                                                                            "ci.movie_id",
                                                                                                                            "ci.person_id",
                                                                                                                            "ci.person_role_id",
                                                                                                                            "mc.movie_id",
                                                                                                                            "mi.movie_id",
                                                                                                                            "mi.info_type_id"
                                                                                                                        ],
                                                                                                                        "Inner Unique": false,
                                                                                                                        "Hash Cond": "(rt.id = ci.role_id)",
                                                                                                                        "Plans": [
                                                                                                                            {
                                                                                                                                "Node Type": "Seq Scan",
                                                                                                                                "Parent Relationship": "Outer",
                                                                                                                                "Parallel Aware": false,
                                                                                                                                "Relation Name": "role_type",
                                                                                                                                "Schema": "public",
                                                                                                                                "Alias": "rt",
                                                                                                                                "Startup Cost": 10000000000.0,
                                                                                                                                "Total Cost": 10000000001.15,
                                                                                                                                "Plan Rows": 1,
                                                                                                                                "Plan Width": 4,
                                                                                                                                "Actual Startup Time": 0.015,
                                                                                                                                "Actual Total Time": 0.022,
                                                                                                                                "Actual Rows": 1,
                                                                                                                                "Actual Loops": 1,
                                                                                                                                "Output": [
                                                                                                                                    "rt.id",
                                                                                                                                    "rt.role"
                                                                                                                                ],
                                                                                                                                "Filter": "((rt.role)::text = 'actress'::text)",
                                                                                                                                "Rows Removed by Filter": 11
                                                                                                                            },
                                                                                                                            {
                                                                                                                                "Node Type": "Hash",
                                                                                                                                "Parent Relationship": "Inner",
                                                                                                                                "Parallel Aware": false,
                                                                                                                                "Startup Cost": 20007975924.75,
                                                                                                                                "Total Cost": 20007975924.75,
                                                                                                                                "Plan Rows": 751955,
                                                                                                                                "Plan Width": 28,
                                                                                                                                "Actual Startup Time": 10994.099,
                                                                                                                                "Actual Total Time": 10994.109,
                                                                                                                                "Actual Rows": 359476,
                                                                                                                                "Actual Loops": 1,
                                                                                                                                "Output": [
                                                                                                                                    "ci.movie_id",
                                                                                                                                    "ci.person_id",
                                                                                                                                    "ci.role_id",
                                                                                                                                    "ci.person_role_id",
                                                                                                                                    "mc.movie_id",
                                                                                                                                    "mi.movie_id",
                                                                                                                                    "mi.info_type_id"
                                                                                                                                ],
                                                                                                                                "Hash Buckets": 1048576,
                                                                                                                                "Original Hash Buckets": 1048576,
                                                                                                                                "Hash Batches": 1,
                                                                                                                                "Original Hash Batches": 1,
                                                                                                                                "Peak Memory Usage": 29145,
                                                                                                                                "Plans": [
                                                                                                                                    {
                                                                                                                                        "Node Type": "Hash Join",
                                                                                                                                        "Parent Relationship": "Outer",
                                                                                                                                        "Parallel Aware": false,
                                                                                                                                        "Join Type": "Inner",
                                                                                                                                        "Startup Cost": 20002735506.38,
                                                                                                                                        "Total Cost": 20007975924.75,
                                                                                                                                        "Plan Rows": 751955,
                                                                                                                                        "Plan Width": 28,
                                                                                                                                        "Actual Startup Time": 10767.099,
                                                                                                                                        "Actual Total Time": 10948.933,
                                                                                                                                        "Actual Rows": 359476,
                                                                                                                                        "Actual Loops": 1,
                                                                                                                                        "Output": [
                                                                                                                                            "ci.movie_id",
                                                                                                                                            "ci.person_id",
                                                                                                                                            "ci.role_id",
                                                                                                                                            "ci.person_role_id",
                                                                                                                                            "mc.movie_id",
                                                                                                                                            "mi.movie_id",
                                                                                                                                            "mi.info_type_id"
                                                                                                                                        ],
                                                                                                                                        "Inner Unique": false,
                                                                                                                                        "Hash Cond": "(cn.id = mc.company_id)",
                                                                                                                                        "Plans": [
                                                                                                                                            {
                                                                                                                                                "Node Type": "Index Scan",
                                                                                                                                                "Parent Relationship": "Outer",
                                                                                                                                                "Parallel Aware": false,
                                                                                                                                                "Scan Direction": "Forward",
                                                                                                                                                "Index Name": "company_name_pkey",
                                                                                                                                                "Relation Name": "company_name",
                                                                                                                                                "Schema": "public",
                                                                                                                                                "Alias": "cn",
                                                                                                                                                "Startup Cost": 0.42,
                                                                                                                                                "Total Cost": 12454.44,
                                                                                                                                                "Plan Rows": 84301,
                                                                                                                                                "Plan Width": 4,
                                                                                                                                                "Actual Startup Time": 0.025,
                                                                                                                                                "Actual Total Time": 108.947,
                                                                                                                                                "Actual Rows": 84843,
                                                                                                                                                "Actual Loops": 1,
                                                                                                                                                "Output": [
                                                                                                                                                    "cn.id",
                                                                                                                                                    "cn.name",
                                                                                                                                                    "cn.country_code",
                                                                                                                                                    "cn.imdb_id",
                                                                                                                                                    "cn.name_pcode_nf",
                                                                                                                                                    "cn.name_pcode_sf",
                                                                                                                                                    "cn.md5sum"
                                                                                                                                                ],
                                                                                                                                                "Filter": "((cn.country_code)::text = '[us]'::text)",
                                                                                                                                                "Rows Removed by Filter": 150154
                                                                                                                                            },
                                                                                                                                            {
                                                                                                                                                "Node Type": "Hash",
                                                                                                                                                "Parent Relationship": "Inner",
                                                                                                                                                "Parallel Aware": false,
                                                                                                                                                "Startup Cost": 20002709304.14,
                                                                                                                                                "Total Cost": 20002709304.14,
                                                                                                                                                "Plan Rows": 2096145,
                                                                                                                                                "Plan Width": 32,
                                                                                                                                                "Actual Startup Time": 10764.885,
                                                                                                                                                "Actual Total Time": 10764.892,
                                                                                                                                                "Actual Rows": 896291,
                                                                                                                                                "Actual Loops": 1,
                                                                                                                                                "Output": [
                                                                                                                                                    "ci.movie_id",
                                                                                                                                                    "ci.person_id",
                                                                                                                                                    "ci.role_id",
                                                                                                                                                    "ci.person_role_id",
                                                                                                                                                    "mc.movie_id",
                                                                                                                                                    "mc.company_id",
                                                                                                                                                    "mi.movie_id",
                                                                                                                                                    "mi.info_type_id"
                                                                                                                                                ],
                                                                                                                                                "Hash Buckets": 2097152,
                                                                                                                                                "Original Hash Buckets": 2097152,
                                                                                                                                                "Hash Batches": 1,
                                                                                                                                                "Original Hash Batches": 1,
                                                                                                                                                "Peak Memory Usage": 72051,
                                                                                                                                                "Plans": [
                                                                                                                                                    {
                                                                                                                                                        "Node Type": "Merge Join",
                                                                                                                                                        "Parent Relationship": "Outer",
                                                                                                                                                        "Parallel Aware": false,
                                                                                                                                                        "Join Type": "Inner",
                                                                                                                                                        "Startup Cost": 20001384511.04,
                                                                                                                                                        "Total Cost": 20002709304.14,
                                                                                                                                                        "Plan Rows": 2096145,
                                                                                                                                                        "Plan Width": 32,
                                                                                                                                                        "Actual Startup Time": 4948.229,
                                                                                                                                                        "Actual Total Time": 10625.962,
                                                                                                                                                        "Actual Rows": 896291,
                                                                                                                                                        "Actual Loops": 1,
                                                                                                                                                        "Output": [
                                                                                                                                                            "ci.movie_id",
                                                                                                                                                            "ci.person_id",
                                                                                                                                                            "ci.role_id",
                                                                                                                                                            "ci.person_role_id",
                                                                                                                                                            "mc.movie_id",
                                                                                                                                                            "mc.company_id",
                                                                                                                                                            "mi.movie_id",
                                                                                                                                                            "mi.info_type_id"
                                                                                                                                                        ],
                                                                                                                                                        "Inner Unique": false,
                                                                                                                                                        "Merge Cond": "(ci.movie_id = mi.movie_id)",
                                                                                                                                                        "Plans": [
                                                                                                                                                            {
                                                                                                                                                                "Node Type": "Sort",
                                                                                                                                                                "Parent Relationship": "Outer",
                                                                                                                                                                "Parallel Aware": false,
                                                                                                                                                                "Startup Cost": 10001384458.36,
                                                                                                                                                                "Total Cost": 10001386458.31,
                                                                                                                                                                "Plan Rows": 799978,
                                                                                                                                                                "Plan Width": 16,
                                                                                                                                                                "Actual Startup Time": 4947.065,
                                                                                                                                                                "Actual Total Time": 5044.464,
                                                                                                                                                                "Actual Rows": 836691,
                                                                                                                                                                "Actual Loops": 1,
                                                                                                                                                                "Output": [
                                                                                                                                                                    "ci.movie_id",
                                                                                                                                                                    "ci.person_id",
                                                                                                                                                                    "ci.role_id",
                                                                                                                                                                    "ci.person_role_id"
                                                                                                                                                                ],
                                                                                                                                                                "Sort Key": [
                                                                                                                                                                    "ci.movie_id"
                                                                                                                                                                ],
                                                                                                                                                                "Sort Method": "quicksort",
                                                                                                                                                                "Sort Space Used": 63797,
                                                                                                                                                                "Sort Space Type": "Memory",
                                                                                                                                                                "Plans": [
                                                                                                                                                                    {
                                                                                                                                                                        "Node Type": "Index Scan",
                                                                                                                                                                        "Parent Relationship": "Outer",
                                                                                                                                                                        "Parallel Aware": false,
                                                                                                                                                                        "Scan Direction": "Forward",
                                                                                                                                                                        "Index Name": "role_id_cast_info",
                                                                                                                                                                        "Relation Name": "cast_info",
                                                                                                                                                                        "Schema": "public",
                                                                                                                                                                        "Alias": "ci",
                                                                                                                                                                        "Startup Cost": 10000000000.57,
                                                                                                                                                                        "Total Cost": 10001306022.11,
                                                                                                                                                                        "Plan Rows": 799978,
                                                                                                                                                                        "Plan Width": 16,
                                                                                                                                                                        "Actual Startup Time": 0.026,
                                                                                                                                                                        "Actual Total Time": 4778.89,
                                                                                                                                                                        "Actual Rows": 836701,
                                                                                                                                                                        "Actual Loops": 1,
                                                                                                                                                                        "Output": [
                                                                                                                                                                            "ci.movie_id",
                                                                                                                                                                            "ci.person_id",
                                                                                                                                                                            "ci.role_id",
                                                                                                                                                                            "ci.person_role_id"
                                                                                                                                                                        ],
                                                                                                                                                                        "Filter": "(ci.note = ANY ('{(voice),\"(voice) (uncredited)\",\"(voice: English version)\"}'::text[]))",
                                                                                                                                                                        "Rows Removed by Filter": 35407643
                                                                                                                                                                    }
                                                                                                                                                                ]
                                                                                                                                                            },
                                                                                                                                                            {
                                                                                                                                                                "Node Type": "Materialize",
                                                                                                                                                                "Parent Relationship": "Inner",
                                                                                                                                                                "Parallel Aware": false,
                                                                                                                                                                "Startup Cost": 10000000002.95,
                                                                                                                                                                "Total Cost": 10001294242.42,
                                                                                                                                                                "Plan Rows": 2472651,
                                                                                                                                                                "Plan Width": 16,
                                                                                                                                                                "Actual Startup Time": 0.071,
                                                                                                                                                                "Actual Total Time": 5368.516,
                                                                                                                                                                "Actual Rows": 1499982,
                                                                                                                                                                "Actual Loops": 1,
                                                                                                                                                                "Output": [
                                                                                                                                                                    "mc.movie_id",
                                                                                                                                                                    "mc.company_id",
                                                                                                                                                                    "mi.movie_id",
                                                                                                                                                                    "mi.info_type_id"
                                                                                                                                                                ],
                                                                                                                                                                "Plans": [
                                                                                                                                                                    {
                                                                                                                                                                        "Node Type": "Merge Join",
                                                                                                                                                                        "Parent Relationship": "Outer",
                                                                                                                                                                        "Parallel Aware": false,
                                                                                                                                                                        "Join Type": "Inner",
                                                                                                                                                                        "Startup Cost": 10000000002.95,
                                                                                                                                                                        "Total Cost": 10001288060.79,
                                                                                                                                                                        "Plan Rows": 2472651,
                                                                                                                                                                        "Plan Width": 16,
                                                                                                                                                                        "Actual Startup Time": 0.063,
                                                                                                                                                                        "Actual Total Time": 5203.319,
                                                                                                                                                                        "Actual Rows": 716972,
                                                                                                                                                                        "Actual Loops": 1,
                                                                                                                                                                        "Output": [
                                                                                                                                                                            "mc.movie_id",
                                                                                                                                                                            "mc.company_id",
                                                                                                                                                                            "mi.movie_id",
                                                                                                                                                                            "mi.info_type_id"
                                                                                                                                                                        ],
                                                                                                                                                                        "Inner Unique": false,
                                                                                                                                                                        "Merge Cond": "(mi.movie_id = mc.movie_id)",
                                                                                                                                                                        "Plans": [
                                                                                                                                                                            {
                                                                                                                                                                                "Node Type": "Index Scan",
                                                                                                                                                                                "Parent Relationship": "Outer",
                                                                                                                                                                                "Parallel Aware": false,
                                                                                                                                                                                "Scan Direction": "Forward",
                                                                                                                                                                                "Index Name": "movie_id_movie_info",
                                                                                                                                                                                "Relation Name": "movie_info",
                                                                                                                                                                                "Schema": "public",
                                                                                                                                                                                "Alias": "mi",
                                                                                                                                                                                "Startup Cost": 10000000000.43,
                                                                                                                                                                                "Total Cost": 10001115316.11,
                                                                                                                                                                                "Plan Rows": 458720,
                                                                                                                                                                                "Plan Width": 8,
                                                                                                                                                                                "Actual Startup Time": 0.045,
                                                                                                                                                                                "Actual Total Time": 4328.319,
                                                                                                                                                                                "Actual Rows": 387672,
                                                                                                                                                                                "Actual Loops": 1,
                                                                                                                                                                                "Output": [
                                                                                                                                                                                    "mi.id",
                                                                                                                                                                                    "mi.movie_id",
                                                                                                                                                                                    "mi.info_type_id",
                                                                                                                                                                                    "mi.info",
                                                                                                                                                                                    "mi.note"
                                                                                                                                                                                ],
                                                                                                                                                                                "Filter": "(mi.info ~~ 'USA:%200%'::text)",
                                                                                                                                                                                "Rows Removed by Filter": 14446821
                                                                                                                                                                            },
                                                                                                                                                                            {
                                                                                                                                                                                "Node Type": "Index Scan",
                                                                                                                                                                                "Parent Relationship": "Inner",
                                                                                                                                                                                "Parallel Aware": false,
                                                                                                                                                                                "Scan Direction": "Forward",
                                                                                                                                                                                "Index Name": "movie_id_movie_companies",
                                                                                                                                                                                "Relation Name": "movie_companies",
                                                                                                                                                                                "Schema": "public",
                                                                                                                                                                                "Alias": "mc",
                                                                                                                                                                                "Startup Cost": 0.43,
                                                                                                                                                                                "Total Cost": 140849.93,
                                                                                                                                                                                "Plan Rows": 2609129,
                                                                                                                                                                                "Plan Width": 8,
                                                                                                                                                                                "Actual Startup Time": 0.013,
                                                                                                                                                                                "Actual Total Time": 622.326,
                                                                                                                                                                                "Actual Rows": 2854741,
                                                                                                                                                                                "Actual Loops": 1,
                                                                                                                                                                                "Output": [
                                                                                                                                                                                    "mc.id",
                                                                                                                                                                                    "mc.movie_id",
                                                                                                                                                                                    "mc.company_id",
                                                                                                                                                                                    "mc.company_type_id",
                                                                                                                                                                                    "mc.note"
                                                                                                                                                                                ]
                                                                                                                                                                            }
                                                                                                                                                                        ]
                                                                                                                                                                    }
                                                                                                                                                                ]
                                                                                                                                                            }
                                                                                                                                                        ]
                                                                                                                                                    }
                                                                                                                                                ]
                                                                                                                                            }
                                                                                                                                        ]
                                                                                                                                    }
                                                                                                                                ]
                                                                                                                            }
                                                                                                                        ]
                                                                                                                    }
                                                                                                                ]
                                                                                                            }
                                                                                                        ]
                                                                                                    },
                                                                                                    {
                                                                                                        "Node Type": "Hash",
                                                                                                        "Parent Relationship": "Inner",
                                                                                                        "Parallel Aware": true,
                                                                                                        "Startup Cost": 46261.21,
                                                                                                        "Total Cost": 46261.21,
                                                                                                        "Plan Rows": 1,
                                                                                                        "Plan Width": 4,
                                                                                                        "Actual Startup Time": 258.415,
                                                                                                        "Actual Total Time": 258.416,
                                                                                                        "Actual Rows": 1,
                                                                                                        "Actual Loops": 1,
                                                                                                        "Output": [
                                                                                                            "chn.id"
                                                                                                        ],
                                                                                                        "Hash Buckets": 1024,
                                                                                                        "Original Hash Buckets": 1024,
                                                                                                        "Hash Batches": 1,
                                                                                                        "Original Hash Batches": 1,
                                                                                                        "Peak Memory Usage": 40,
                                                                                                        "Plans": [
                                                                                                            {
                                                                                                                "Node Type": "Seq Scan",
                                                                                                                "Parent Relationship": "Outer",
                                                                                                                "Parallel Aware": true,
                                                                                                                "Relation Name": "char_name",
                                                                                                                "Schema": "public",
                                                                                                                "Alias": "chn",
                                                                                                                "Startup Cost": 0.0,
                                                                                                                "Total Cost": 46261.21,
                                                                                                                "Plan Rows": 1,
                                                                                                                "Plan Width": 4,
                                                                                                                "Actual Startup Time": 32.335,
                                                                                                                "Actual Total Time": 258.393,
                                                                                                                "Actual Rows": 1,
                                                                                                                "Actual Loops": 1,
                                                                                                                "Output": [
                                                                                                                    "chn.id"
                                                                                                                ],
                                                                                                                "Filter": "(chn.name = 'Queen'::text)",
                                                                                                                "Rows Removed by Filter": 3140338
                                                                                                            }
                                                                                                        ]
                                                                                                    }
                                                                                                ]
                                                                                            }
                                                                                        ]
                                                                                    }
                                                                                ]
                                                                            }
                                                                        ]
                                                                    },
                                                                    {
                                                                        "Node Type": "Bitmap Heap Scan",
                                                                        "Parent Relationship": "Inner",
                                                                        "Parallel Aware": false,
                                                                        "Relation Name": "info_type",
                                                                        "Schema": "public",
                                                                        "Alias": "it",
                                                                        "Startup Cost": 0.15,
                                                                        "Total Cost": 4.17,
                                                                        "Plan Rows": 1,
                                                                        "Plan Width": 4,
                                                                        "Actual Startup Time": 0.003,
                                                                        "Actual Total Time": 0.003,
                                                                        "Actual Rows": 1,
                                                                        "Actual Loops": 15,
                                                                        "Output": [
                                                                            "it.id",
                                                                            "it.info"
                                                                        ],
                                                                        "Recheck Cond": "(it.id = mi.info_type_id)",
                                                                        "Rows Removed by Index Recheck": 0,
                                                                        "Filter": "((it.info)::text = 'release dates'::text)",
                                                                        "Rows Removed by Filter": 0,
                                                                        "Exact Heap Blocks": 15,
                                                                        "Lossy Heap Blocks": 0,
                                                                        "Plans": [
                                                                            {
                                                                                "Node Type": "Bitmap Index Scan",
                                                                                "Parent Relationship": "Outer",
                                                                                "Parallel Aware": false,
                                                                                "Index Name": "info_type_pkey",
                                                                                "Startup Cost": 0.0,
                                                                                "Total Cost": 0.15,
                                                                                "Plan Rows": 1,
                                                                                "Plan Width": 0,
                                                                                "Actual Startup Time": 0.001,
                                                                                "Actual Total Time": 0.002,
                                                                                "Actual Rows": 1,
                                                                                "Actual Loops": 15,
                                                                                "Index Cond": "(it.id = mi.info_type_id)"
                                                                            }
                                                                        ]
                                                                    }
                                                                ]
                                                            },
                                                            {
                                                                "Node Type": "Hash",
                                                                "Parent Relationship": "Inner",
                                                                "Parallel Aware": false,
                                                                "Startup Cost": 277594.04,
                                                                "Total Cost": 277594.04,
                                                                "Plan Rows": 2963519,
                                                                "Plan Width": 8,
                                                                "Actual Startup Time": 1762.281,
                                                                "Actual Total Time": 1762.282,
                                                                "Actual Rows": 2963664,
                                                                "Actual Loops": 1,
                                                                "Output": [
                                                                    "pi.person_id",
                                                                    "pi.info_type_id"
                                                                ],
                                                                "Hash Buckets": 4194304,
                                                                "Original Hash Buckets": 4194304,
                                                                "Hash Batches": 1,
                                                                "Original Hash Batches": 1,
                                                                "Peak Memory Usage": 148537,
                                                                "Plans": [
                                                                    {
                                                                        "Node Type": "Index Scan",
                                                                        "Parent Relationship": "Outer",
                                                                        "Parallel Aware": false,
                                                                        "Scan Direction": "Forward",
                                                                        "Index Name": "info_type_id_person_info",
                                                                        "Relation Name": "person_info",
                                                                        "Schema": "public",
                                                                        "Alias": "pi",
                                                                        "Startup Cost": 0.43,
                                                                        "Total Cost": 277594.04,
                                                                        "Plan Rows": 2963519,
                                                                        "Plan Width": 8,
                                                                        "Actual Startup Time": 0.041,
                                                                        "Actual Total Time": 1194.341,
                                                                        "Actual Rows": 2963664,
                                                                        "Actual Loops": 1,
                                                                        "Output": [
                                                                            "pi.person_id",
                                                                            "pi.info_type_id"
                                                                        ]
                                                                    }
                                                                ]
                                                            }
                                                        ]
                                                    }
                                                ]
                                            }
                                        ]
                                    },
                                    {
                                        "Node Type": "Hash",
                                        "Parent Relationship": "Inner",
                                        "Parallel Aware": false,
                                        "Startup Cost": 40007056350.48,
                                        "Total Cost": 40007056350.48,
                                        "Plan Rows": 3,
                                        "Plan Width": 8,
                                        "Actual Startup Time": 6020.041,
                                        "Actual Total Time": 6020.051,
                                        "Actual Rows": 23,
                                        "Actual Loops": 1,
                                        "Output": [
                                            "cc.movie_id",
                                            "mk.movie_id"
                                        ],
                                        "Hash Buckets": 1024,
                                        "Original Hash Buckets": 1024,
                                        "Hash Batches": 1,
                                        "Original Hash Batches": 1,
                                        "Peak Memory Usage": 9,
                                        "Plans": [
                                            {
                                                "Node Type": "Nested Loop",
                                                "Parent Relationship": "Outer",
                                                "Parallel Aware": false,
                                                "Join Type": "Inner",
                                                "Startup Cost": 40000017149.38,
                                                "Total Cost": 40007056350.48,
                                                "Plan Rows": 3,
                                                "Plan Width": 8,
                                                "Actual Startup Time": 371.77,
                                                "Actual Total Time": 6019.992,
                                                "Actual Rows": 23,
                                                "Actual Loops": 1,
                                                "Output": [
                                                    "cc.movie_id",
                                                    "mk.movie_id"
                                                ],
                                                "Inner Unique": true,
                                                "Plans": [
                                                    {
                                                        "Node Type": "Nested Loop",
                                                        "Parent Relationship": "Outer",
                                                        "Parallel Aware": false,
                                                        "Join Type": "Inner",
                                                        "Startup Cost": 40000017149.25,
                                                        "Total Cost": 40007056348.8,
                                                        "Plan Rows": 11,
                                                        "Plan Width": 12,
                                                        "Actual Startup Time": 371.756,
                                                        "Actual Total Time": 6019.811,
                                                        "Actual Rows": 25,
                                                        "Actual Loops": 1,
                                                        "Output": [
                                                            "cc.movie_id",
                                                            "cc.subject_id",
                                                            "mk.movie_id"
                                                        ],
                                                        "Inner Unique": true,
                                                        "Plans": [
                                                            {
                                                                "Node Type": "Merge Join",
                                                                "Parent Relationship": "Outer",
                                                                "Parallel Aware": false,
                                                                "Join Type": "Inner",
                                                                "Startup Cost": 30000017148.82,
                                                                "Total Cost": 30000228682.38,
                                                                "Plan Rows": 1536657,
                                                                "Plan Width": 16,
                                                                "Actual Startup Time": 47.825,
                                                                "Actual Total Time": 1369.094,
                                                                "Actual Rows": 1023805,
                                                                "Actual Loops": 1,
                                                                "Output": [
                                                                    "cc.movie_id",
                                                                    "cc.subject_id",
                                                                    "mk.movie_id",
                                                                    "mk.keyword_id"
                                                                ],
                                                                "Inner Unique": false,
                                                                "Merge Cond": "(mk.movie_id = cc.movie_id)",
                                                                "Plans": [
                                                                    {
                                                                        "Node Type": "Index Scan",
                                                                        "Parent Relationship": "Outer",
                                                                        "Parallel Aware": false,
                                                                        "Scan Direction": "Forward",
                                                                        "Index Name": "movie_id_movie_keyword",
                                                                        "Relation Name": "movie_keyword",
                                                                        "Schema": "public",
                                                                        "Alias": "mk",
                                                                        "Startup Cost": 10000000000.43,
                                                                        "Total Cost": 10000177177.46,
                                                                        "Plan Rows": 4523930,
                                                                        "Plan Width": 8,
                                                                        "Actual Startup Time": 0.019,
                                                                        "Actual Total Time": 643.541,
                                                                        "Actual Rows": 4523930,
                                                                        "Actual Loops": 1,
                                                                        "Output": [
                                                                            "mk.id",
                                                                            "mk.movie_id",
                                                                            "mk.keyword_id"
                                                                        ]
                                                                    },
                                                                    {
                                                                        "Node Type": "Sort",
                                                                        "Parent Relationship": "Inner",
                                                                        "Parallel Aware": false,
                                                                        "Startup Cost": 20000017148.03,
                                                                        "Total Cost": 20000017232.46,
                                                                        "Plan Rows": 33772,
                                                                        "Plan Width": 8,
                                                                        "Actual Startup Time": 47.729,
                                                                        "Actual Total Time": 205.92,
                                                                        "Actual Rows": 1025826,
                                                                        "Actual Loops": 1,
                                                                        "Output": [
                                                                            "cc.movie_id",
                                                                            "cc.subject_id"
                                                                        ],
                                                                        "Sort Key": [
                                                                            "cc.movie_id"
                                                                        ],
                                                                        "Sort Method": "quicksort",
                                                                        "Sort Space Used": 1921,
                                                                        "Sort Space Type": "Memory",
                                                                        "Plans": [
                                                                            {
                                                                                "Node Type": "Merge Join",
                                                                                "Parent Relationship": "Outer",
                                                                                "Parallel Aware": false,
                                                                                "Join Type": "Inner",
                                                                                "Startup Cost": 20000013594.62,
                                                                                "Total Cost": 20000014607.78,
                                                                                "Plan Rows": 33772,
                                                                                "Plan Width": 8,
                                                                                "Actual Startup Time": 39.952,
                                                                                "Actual Total Time": 43.259,
                                                                                "Actual Rows": 24592,
                                                                                "Actual Loops": 1,
                                                                                "Output": [
                                                                                    "cc.movie_id",
                                                                                    "cc.subject_id"
                                                                                ],
                                                                                "Inner Unique": false,
                                                                                "Merge Cond": "(cct2.id = cc.status_id)",
                                                                                "Plans": [
                                                                                    {
                                                                                        "Node Type": "Sort",
                                                                                        "Parent Relationship": "Outer",
                                                                                        "Parallel Aware": false,
                                                                                        "Startup Cost": 10000000001.06,
                                                                                        "Total Cost": 10000000001.06,
                                                                                        "Plan Rows": 1,
                                                                                        "Plan Width": 4,
                                                                                        "Actual Startup Time": 0.014,
                                                                                        "Actual Total Time": 0.015,
                                                                                        "Actual Rows": 1,
                                                                                        "Actual Loops": 1,
                                                                                        "Output": [
                                                                                            "cct2.id"
                                                                                        ],
                                                                                        "Sort Key": [
                                                                                            "cct2.id"
                                                                                        ],
                                                                                        "Sort Method": "quicksort",
                                                                                        "Sort Space Used": 25,
                                                                                        "Sort Space Type": "Memory",
                                                                                        "Plans": [
                                                                                            {
                                                                                                "Node Type": "Seq Scan",
                                                                                                "Parent Relationship": "Outer",
                                                                                                "Parallel Aware": false,
                                                                                                "Relation Name": "comp_cast_type",
                                                                                                "Schema": "public",
                                                                                                "Alias": "cct2",
                                                                                                "Startup Cost": 10000000000.0,
                                                                                                "Total Cost": 10000000001.05,
                                                                                                "Plan Rows": 1,
                                                                                                "Plan Width": 4,
                                                                                                "Actual Startup Time": 0.01,
                                                                                                "Actual Total Time": 0.011,
                                                                                                "Actual Rows": 1,
                                                                                                "Actual Loops": 1,
                                                                                                "Output": [
                                                                                                    "cct2.id"
                                                                                                ],
                                                                                                "Filter": "((cct2.kind)::text = 'complete+verified'::text)",
                                                                                                "Rows Removed by Filter": 3
                                                                                            }
                                                                                        ]
                                                                                    },
                                                                                    {
                                                                                        "Node Type": "Sort",
                                                                                        "Parent Relationship": "Inner",
                                                                                        "Parallel Aware": false,
                                                                                        "Startup Cost": 10000013593.56,
                                                                                        "Total Cost": 10000013931.28,
                                                                                        "Plan Rows": 135086,
                                                                                        "Plan Width": 12,
                                                                                        "Actual Startup Time": 30.666,
                                                                                        "Actual Total Time": 35.261,
                                                                                        "Actual Rows": 135086,
                                                                                        "Actual Loops": 1,
                                                                                        "Output": [
                                                                                            "cc.movie_id",
                                                                                            "cc.subject_id",
                                                                                            "cc.status_id"
                                                                                        ],
                                                                                        "Sort Key": [
                                                                                            "cc.status_id"
                                                                                        ],
                                                                                        "Sort Method": "quicksort",
                                                                                        "Sort Space Used": 12477,
                                                                                        "Sort Space Type": "Memory",
                                                                                        "Plans": [
                                                                                            {
                                                                                                "Node Type": "Seq Scan",
                                                                                                "Parent Relationship": "Outer",
                                                                                                "Parallel Aware": false,
                                                                                                "Relation Name": "complete_cast",
                                                                                                "Schema": "public",
                                                                                                "Alias": "cc",
                                                                                                "Startup Cost": 10000000000.0,
                                                                                                "Total Cost": 10000002081.86,
                                                                                                "Plan Rows": 135086,
                                                                                                "Plan Width": 12,
                                                                                                "Actual Startup Time": 0.009,
                                                                                                "Actual Total Time": 15.312,
                                                                                                "Actual Rows": 135086,
                                                                                                "Actual Loops": 1,
                                                                                                "Output": [
                                                                                                    "cc.movie_id",
                                                                                                    "cc.subject_id",
                                                                                                    "cc.status_id"
                                                                                                ]
                                                                                            }
                                                                                        ]
                                                                                    }
                                                                                ]
                                                                            }
                                                                        ]
                                                                    }
                                                                ]
                                                            },
                                                            {
                                                                "Node Type": "Bitmap Heap Scan",
                                                                "Parent Relationship": "Inner",
                                                                "Parallel Aware": false,
                                                                "Relation Name": "keyword",
                                                                "Schema": "public",
                                                                "Alias": "k",
                                                                "Startup Cost": 0.43,
                                                                "Total Cost": 4.44,
                                                                "Plan Rows": 1,
                                                                "Plan Width": 4,
                                                                "Actual Startup Time": 0.003,
                                                                "Actual Total Time": 0.003,
                                                                "Actual Rows": 0,
                                                                "Actual Loops": 1023805,
                                                                "Output": [
                                                                    "k.id",
                                                                    "k.keyword",
                                                                    "k.phonetic_code"
                                                                ],
                                                                "Recheck Cond": "(k.id = mk.keyword_id)",
                                                                "Rows Removed by Index Recheck": 0,
                                                                "Filter": "(k.keyword = 'computer-animation'::text)",
                                                                "Rows Removed by Filter": 1,
                                                                "Exact Heap Blocks": 1023805,
                                                                "Lossy Heap Blocks": 0,
                                                                "Plans": [
                                                                    {
                                                                        "Node Type": "Bitmap Index Scan",
                                                                        "Parent Relationship": "Outer",
                                                                        "Parallel Aware": false,
                                                                        "Index Name": "keyword_pkey",
                                                                        "Startup Cost": 0.0,
                                                                        "Total Cost": 0.43,
                                                                        "Plan Rows": 1,
                                                                        "Plan Width": 0,
                                                                        "Actual Startup Time": 0.002,
                                                                        "Actual Total Time": 0.002,
                                                                        "Actual Rows": 1,
                                                                        "Actual Loops": 1023805,
                                                                        "Index Cond": "(k.id = mk.keyword_id)"
                                                                    }
                                                                ]
                                                            }
                                                        ]
                                                    },
                                                    {
                                                        "Node Type": "Index Scan",
                                                        "Parent Relationship": "Inner",
                                                        "Parallel Aware": false,
                                                        "Scan Direction": "Forward",
                                                        "Index Name": "comp_cast_type_pkey",
                                                        "Relation Name": "comp_cast_type",
                                                        "Schema": "public",
                                                        "Alias": "cct1",
                                                        "Startup Cost": 0.13,
                                                        "Total Cost": 0.15,
                                                        "Plan Rows": 1,
                                                        "Plan Width": 4,
                                                        "Actual Startup Time": 0.005,
                                                        "Actual Total Time": 0.005,
                                                        "Actual Rows": 1,
                                                        "Actual Loops": 25,
                                                        "Output": [
                                                            "cct1.id",
                                                            "cct1.kind"
                                                        ],
                                                        "Index Cond": "(cct1.id = cc.subject_id)",
                                                        "Rows Removed by Index Recheck": 0,
                                                        "Filter": "((cct1.kind)::text = 'cast'::text)",
                                                        "Rows Removed by Filter": 0
                                                    }
                                                ]
                                            }
                                        ]
                                    }
                                ]
                            }
                        ]
                    }
                ]
            }
        ]
    },
    "Planning Time": 2169.495,
    "Triggers": [],
    "Execution Time": 20776.008
}