[
  {
    "Plan": {
      "Node Type": "Aggregate",
      "Strategy": "Plain",
      "Partial Mode": "Finalize",
      "Parallel Aware": false,
      "Startup Cost": 45050.68,
      "Total Cost": 45050.69,
      "Plan Rows": 1,
      "Plan Width": 8,
      "Actual Startup Time": 136.26,
      "Actual Total Time": 145.974,
      "Actual Rows": 1,
      "Actual Loops": 1,
      "Plans": [
        {
          "Node Type": "Gather",
          "Parent Relationship": "Outer",
          "Parallel Aware": false,
          "Startup Cost": 45050.36,
          "Total Cost": 45050.67,
          "Plan Rows": 3,
          "Plan Width": 8,
          "Actual Startup Time": 136.133,
          "Actual Total Time": 145.966,
          "Actual Rows": 4,
          "Actual Loops": 1,
          "Workers Planned": 3,
          "Workers Launched": 3,
          "Single Copy": false,
          "Plans": [
            {
              "Node Type": "Aggregate",
              "Strategy": "Plain",
              "Partial Mode": "Partial",
              "Parent Relationship": "Outer",
              "Parallel Aware": false,
              "Startup Cost": 44050.36,
              "Total Cost": 44050.37,
              "Plan Rows": 1,
              "Plan Width": 8,
              "Actual Startup Time": 128.934,
              "Actual Total Time": 128.935,
              "Actual Rows": 1,
              "Actual Loops": 4,
              "Plans": [
                {
                  "Node Type": "Seq Scan",
                  "Parent Relationship": "Outer",
                  "Parallel Aware": true,
                  "Relation Name": "movie_keyword",
                  "Alias": "mk",
                  "Startup Cost": 0.0,
                  "Total Cost": 42695.65,
                  "Plan Rows": 541882,
                  "Plan Width": 0,
                  "Actual Startup Time": 0.894,
                  "Actual Total Time": 108.992,
                  "Actual Rows": 421723,
                  "Actual Loops": 4,
                  "Filter": "(keyword_id > 8595)",
                  "Rows Removed by Filter": 709260
                }
              ]
            }
          ]
        }
      ]
    },
    "Planning Time": 0.1,
    "Triggers": [],
    "Execution Time": 146.009
  }
]