[
  {
    "Plan": {
      "Node Type": "Aggregate",
      "Strategy": "Plain",
      "Partial Mode": "Finalize",
      "Parallel Aware": false,
      "Startup Cost": 111803.47,
      "Total Cost": 111803.48,
      "Plan Rows": 1,
      "Plan Width": 8,
      "Actual Startup Time": 535.856,
      "Actual Total Time": 556.591,
      "Actual Rows": 1,
      "Actual Loops": 1,
      "Plans": [
        {
          "Node Type": "Gather",
          "Parent Relationship": "Outer",
          "Parallel Aware": false,
          "Startup Cost": 111803.26,
          "Total Cost": 111803.47,
          "Plan Rows": 2,
          "Plan Width": 8,
          "Actual Startup Time": 532.501,
          "Actual Total Time": 556.576,
          "Actual Rows": 3,
          "Actual Loops": 1,
          "Workers Planned": 2,
          "Workers Launched": 2,
          "Single Copy": false,
          "Plans": [
            {
              "Node Type": "Aggregate",
              "Strategy": "Plain",
              "Partial Mode": "Partial",
              "Parent Relationship": "Outer",
              "Parallel Aware": false,
              "Startup Cost": 110803.26,
              "Total Cost": 110803.27,
              "Plan Rows": 1,
              "Plan Width": 8,
              "Actual Startup Time": 529.66,
              "Actual Total Time": 530.077,
              "Actual Rows": 1,
              "Actual Loops": 3,
              "Plans": [
                {
                  "Node Type": "Hash Join",
                  "Parent Relationship": "Outer",
                  "Parallel Aware": true,
                  "Join Type": "Inner",
                  "Startup Cost": 94285.76,
                  "Total Cost": 110508.08,
                  "Plan Rows": 118070,
                  "Plan Width": 0,
                  "Actual Startup Time": 430.219,
                  "Actual Total Time": 523.936,
                  "Actual Rows": 151610,
                  "Actual Loops": 3,
                  "Inner Unique": false,
                  "Hash Cond": "(mi_idx.movie_id = t.id)",
                  "Plans": [
                    {
                      "Node Type": "Seq Scan",
                      "Parent Relationship": "Outer",
                      "Parallel Aware": true,
                      "Relation Name": "movie_info_idx",
                      "Alias": "mi_idx",
                      "Startup Cost": 0.0,
                      "Total Cost": 13685.15,
                      "Plan Rows": 575015,
                      "Plan Width": 4,
                      "Actual Startup Time": 0.019,
                      "Actual Total Time": 36.505,
                      "Actual Rows": 460012,
                      "Actual Loops": 3
                    },
                    {
                      "Node Type": "Hash",
                      "Parent Relationship": "Inner",
                      "Parallel Aware": true,
                      "Startup Cost": 92192.32,
                      "Total Cost": 92192.32,
                      "Plan Rows": 167475,
                      "Plan Width": 8,
                      "Actual Startup Time": 427.858,
                      "Actual Total Time": 428.272,
                      "Actual Rows": 83063,
                      "Actual Loops": 3,
                      "Hash Buckets": 524288,
                      "Original Hash Buckets": 524288,
                      "Hash Batches": 1,
                      "Original Hash Batches": 1,
                      "Peak Memory Usage": 13856,
                      "Plans": [
                        {
                          "Node Type": "Hash Join",
                          "Parent Relationship": "Outer",
                          "Parallel Aware": true,
                          "Join Type": "Inner",
                          "Startup Cost": 48236.89,
                          "Total Cost": 92192.32,
                          "Plan Rows": 167475,
                          "Plan Width": 8,
                          "Actual Startup Time": 211.343,
                          "Actual Total Time": 406.907,
                          "Actual Rows": 83063,
                          "Actual Loops": 3,
                          "Inner Unique": true,
                          "Hash Cond": "(mk.movie_id = t.id)",
                          "Plans": [
                            {
                              "Node Type": "Seq Scan",
                              "Parent Relationship": "Outer",
                              "Parallel Aware": true,
                              "Relation Name": "movie_keyword",
                              "Alias": "mk",
                              "Startup Cost": 0.0,
                              "Total Cost": 42695.65,
                              "Plan Rows": 479917,
                              "Plan Width": 4,
                              "Actual Startup Time": 0.031,
                              "Actual Total Time": 120.472,
                              "Actual Rows": 495322,
                              "Actual Loops": 3,
                              "Filter": "(keyword_id < 2127)",
                              "Rows Removed by Filter": 1012654
                            },
                            {
                              "Node Type": "Hash",
                              "Parent Relationship": "Inner",
                              "Parallel Aware": true,
                              "Startup Cost": 45479.59,
                              "Total Cost": 45479.59,
                              "Plan Rows": 220584,
                              "Plan Width": 4,
                              "Actual Startup Time": 208.388,
                              "Actual Total Time": 208.389,
                              "Actual Rows": 267445,
                              "Actual Loops": 3,
                              "Hash Buckets": 1048576,
                              "Original Hash Buckets": 1048576,
                              "Hash Batches": 1,
                              "Original Hash Batches": 1,
                              "Peak Memory Usage": 39616,
                              "Plans": [
                                {
                                  "Node Type": "Seq Scan",
                                  "Parent Relationship": "Outer",
                                  "Parallel Aware": true,
                                  "Relation Name": "title",
                                  "Alias": "t",
                                  "Startup Cost": 0.0,
                                  "Total Cost": 45479.59,
                                  "Plan Rows": 220584,
                                  "Plan Width": 4,
                                  "Actual Startup Time": 0.043,
                                  "Actual Total Time": 118.717,
                                  "Actual Rows": 267445,
                                  "Actual Loops": 3,
                                  "Filter": "((kind_id > 2) AND (production_year < 2004))",
                                  "Rows Removed by Filter": 575325
                                }
                              ]
                            }
                          ]
                        }
                      ]
                    }
                  ]
                }
              ]
            }
          ]
        }
      ]
    },
    "Planning Time": 0.673,
    "Triggers": [],
    "Execution Time": 556.652
  }
]