[
  {
    "Plan": {
      "Node Type": "Aggregate",
      "Strategy": "Plain",
      "Partial Mode": "Finalize",
      "Parallel Aware": false,
      "Startup Cost": 199750.98,
      "Total Cost": 199750.99,
      "Plan Rows": 1,
      "Plan Width": 8,
      "Actual Startup Time": 273.557,
      "Actual Total Time": 288.716,
      "Actual Rows": 1,
      "Actual Loops": 1,
      "Plans": [
        {
          "Node Type": "Gather",
          "Parent Relationship": "Outer",
          "Parallel Aware": false,
          "Startup Cost": 199750.36,
          "Total Cost": 199750.97,
          "Plan Rows": 6,
          "Plan Width": 8,
          "Actual Startup Time": 273.429,
          "Actual Total Time": 288.702,
          "Actual Rows": 7,
          "Actual Loops": 1,
          "Workers Planned": 6,
          "Workers Launched": 6,
          "Single Copy": false,
          "Plans": [
            {
              "Node Type": "Aggregate",
              "Strategy": "Plain",
              "Partial Mode": "Partial",
              "Parent Relationship": "Outer",
              "Parallel Aware": false,
              "Startup Cost": 198750.36,
              "Total Cost": 198750.37,
              "Plan Rows": 1,
              "Plan Width": 8,
              "Actual Startup Time": 263.307,
              "Actual Total Time": 263.308,
              "Actual Rows": 1,
              "Actual Loops": 7,
              "Plans": [
                {
                  "Node Type": "Index Scan",
                  "Parent Relationship": "Outer",
                  "Parallel Aware": true,
                  "Scan Direction": "Forward",
                  "Index Name": "role_id_cast_info",
                  "Relation Name": "cast_info",
                  "Alias": "ci",
                  "Startup Cost": 0.56,
                  "Total Cost": 197877.72,
                  "Plan Rows": 349054,
                  "Plan Width": 0,
                  "Actual Startup Time": 12.337,
                  "Actual Total Time": 263.271,
                  "Actual Rows": 241,
                  "Actual Loops": 7,
                  "Index Cond": "(role_id = 2)",
                  "Rows Removed by Index Recheck": 0,
                  "Filter": "(person_id < 1017748)",
                  "Rows Removed by Filter": 1064327
                }
              ]
            }
          ]
        }
      ]
    },
    "Planning Time": 0.273,
    "Triggers": [],
    "Execution Time": 288.784
  }
]