[
  {
    "Plan": {
      "Node Type": "Aggregate",
      "Strategy": "Plain",
      "Partial Mode": "Finalize",
      "Parallel Aware": false,
      "Startup Cost": 60068.98,
      "Total Cost": 60068.99,
      "Plan Rows": 1,
      "Plan Width": 8,
      "Actual Startup Time": 105.646,
      "Actual Total Time": 121.217,
      "Actual Rows": 1,
      "Actual Loops": 1,
      "Plans": [
        {
          "Node Type": "Gather",
          "Parent Relationship": "Outer",
          "Parallel Aware": false,
          "Startup Cost": 60068.56,
          "Total Cost": 60068.97,
          "Plan Rows": 4,
          "Plan Width": 8,
          "Actual Startup Time": 105.528,
          "Actual Total Time": 121.209,
          "Actual Rows": 5,
          "Actual Loops": 1,
          "Workers Planned": 4,
          "Workers Launched": 4,
          "Single Copy": false,
          "Plans": [
            {
              "Node Type": "Aggregate",
              "Strategy": "Plain",
              "Partial Mode": "Partial",
              "Parent Relationship": "Outer",
              "Parallel Aware": false,
              "Startup Cost": 59068.56,
              "Total Cost": 59068.57,
              "Plan Rows": 1,
              "Plan Width": 8,
              "Actual Startup Time": 95.777,
              "Actual Total Time": 95.778,
              "Actual Rows": 1,
              "Actual Loops": 5,
              "Plans": [
                {
                  "Node Type": "Nested Loop",
                  "Parent Relationship": "Outer",
                  "Parallel Aware": false,
                  "Join Type": "Inner",
                  "Startup Cost": 0.43,
                  "Total Cost": 59066.59,
                  "Plan Rows": 788,
                  "Plan Width": 0,
                  "Actual Startup Time": 16.042,
                  "Actual Total Time": 95.691,
                  "Actual Rows": 1196,
                  "Actual Loops": 5,
                  "Inner Unique": false,
                  "Plans": [
                    {
                      "Node Type": "Seq Scan",
                      "Parent Relationship": "Outer",
                      "Parallel Aware": true,
                      "Relation Name": "title",
                      "Alias": "t",
                      "Startup Cost": 0.0,
                      "Total Cost": 45479.1,
                      "Plan Rows": 1603,
                      "Plan Width": 4,
                      "Actual Startup Time": 1.786,
                      "Actual Total Time": 82.044,
                      "Actual Rows": 1218,
                      "Actual Loops": 5,
                      "Filter": "((kind_id < 7) AND (production_year = 1968))",
                      "Rows Removed by Filter": 504444
                    },
                    {
                      "Node Type": "Index Scan",
                      "Parent Relationship": "Inner",
                      "Parallel Aware": false,
                      "Scan Direction": "Forward",
                      "Index Name": "movie_id_movie_keyword",
                      "Relation Name": "movie_keyword",
                      "Alias": "mk",
                      "Startup Cost": 0.43,
                      "Total Cost": 8.36,
                      "Plan Rows": 12,
                      "Plan Width": 4,
                      "Actual Startup Time": 0.01,
                      "Actual Total Time": 0.011,
                      "Actual Rows": 1,
                      "Actual Loops": 6090,
                      "Index Cond": "(movie_id = t.id)",
                      "Rows Removed by Index Recheck": 0,
                      "Filter": "(keyword_id > 14422)",
                      "Rows Removed by Filter": 3
                    }
                  ]
                }
              ]
            }
          ]
        }
      ]
    },
    "Planning Time": 0.6,
    "Triggers": [],
    "Execution Time": 121.285
  }
]