[
  {
    "Plan": {
      "Node Type": "Aggregate",
      "Strategy": "Plain",
      "Partial Mode": "Finalize",
      "Parallel Aware": false,
      "Startup Cost": 47325.29,
      "Total Cost": 47325.3,
      "Plan Rows": 1,
      "Plan Width": 8,
      "Actual Startup Time": 164.871,
      "Actual Total Time": 180.292,
      "Actual Rows": 1,
      "Actual Loops": 1,
      "Plans": [
        {
          "Node Type": "Gather",
          "Parent Relationship": "Outer",
          "Parallel Aware": false,
          "Startup Cost": 47324.97,
          "Total Cost": 47325.28,
          "Plan Rows": 3,
          "Plan Width": 8,
          "Actual Startup Time": 164.716,
          "Actual Total Time": 180.276,
          "Actual Rows": 4,
          "Actual Loops": 1,
          "Workers Planned": 3,
          "Workers Launched": 3,
          "Single Copy": false,
          "Plans": [
            {
              "Node Type": "Aggregate",
              "Strategy": "Plain",
              "Partial Mode": "Partial",
              "Parent Relationship": "Outer",
              "Parallel Aware": false,
              "Startup Cost": 46324.97,
              "Total Cost": 46324.98,
              "Plan Rows": 1,
              "Plan Width": 8,
              "Actual Startup Time": 161.775,
              "Actual Total Time": 161.777,
              "Actual Rows": 1,
              "Actual Loops": 4,
              "Plans": [
                {
                  "Node Type": "Seq Scan",
                  "Parent Relationship": "Outer",
                  "Parallel Aware": true,
                  "Relation Name": "movie_keyword",
                  "Alias": "mk",
                  "Startup Cost": 0.0,
                  "Total Cost": 42695.65,
                  "Plan Rows": 1451726,
                  "Plan Width": 0,
                  "Actual Startup Time": 0.026,
                  "Actual Total Time": 115.321,
                  "Actual Rows": 1125390,
                  "Actual Loops": 4,
                  "Filter": "(keyword_id < 115609)",
                  "Rows Removed by Filter": 5592
                }
              ]
            }
          ]
        }
      ]
    },
    "Planning Time": 0.117,
    "Triggers": [],
    "Execution Time": 180.332
  }
]