[
  {
    "Plan": {
      "Node Type": "Aggregate",
      "Strategy": "Plain",
      "Partial Mode": "Finalize",
      "Parallel Aware": false,
      "Startup Cost": 47324.76,
      "Total Cost": 47324.77,
      "Plan Rows": 1,
      "Plan Width": 8,
      "Actual Startup Time": 208.998,
      "Actual Total Time": 219.594,
      "Actual Rows": 1,
      "Actual Loops": 1,
      "Plans": [
        {
          "Node Type": "Gather",
          "Parent Relationship": "Outer",
          "Parallel Aware": false,
          "Startup Cost": 47324.44,
          "Total Cost": 47324.75,
          "Plan Rows": 3,
          "Plan Width": 8,
          "Actual Startup Time": 208.88,
          "Actual Total Time": 219.584,
          "Actual Rows": 4,
          "Actual Loops": 1,
          "Workers Planned": 3,
          "Workers Launched": 3,
          "Single Copy": false,
          "Plans": [
            {
              "Node Type": "Aggregate",
              "Strategy": "Plain",
              "Partial Mode": "Partial",
              "Parent Relationship": "Outer",
              "Parallel Aware": false,
              "Startup Cost": 46324.44,
              "Total Cost": 46324.45,
              "Plan Rows": 1,
              "Plan Width": 8,
              "Actual Startup Time": 201.972,
              "Actual Total Time": 201.973,
              "Actual Rows": 1,
              "Actual Loops": 4,
              "Plans": [
                {
                  "Node Type": "Seq Scan",
                  "Parent Relationship": "Outer",
                  "Parallel Aware": true,
                  "Relation Name": "movie_keyword",
                  "Alias": "mk",
                  "Startup Cost": 0.0,
                  "Total Cost": 42695.65,
                  "Plan Rows": 1451514,
                  "Plan Width": 0,
                  "Actual Startup Time": 0.057,
                  "Actual Total Time": 144.555,
                  "Actual Rows": 1125390,
                  "Actual Loops": 4,
                  "Filter": "(keyword_id < 115609)",
                  "Rows Removed by Filter": 5592
                }
              ]
            }
          ]
        }
      ]
    },
    "Planning Time": 0.26,
    "Triggers": [],
    "Execution Time": 219.649
  }
]