[
  {
    "Plan": {
      "Node Type": "Aggregate",
      "Strategy": "Plain",
      "Partial Mode": "Finalize",
      "Parallel Aware": false,
      "Startup Cost": 348341.36,
      "Total Cost": 348341.37,
      "Plan Rows": 1,
      "Plan Width": 8,
      "Actual Startup Time": 792.966,
      "Actual Total Time": 836.736,
      "Actual Rows": 1,
      "Actual Loops": 1,
      "Plans": [
        {
          "Node Type": "Gather",
          "Parent Relationship": "Outer",
          "Parallel Aware": false,
          "Startup Cost": 348340.74,
          "Total Cost": 348341.35,
          "Plan Rows": 6,
          "Plan Width": 8,
          "Actual Startup Time": 792.764,
          "Actual Total Time": 836.721,
          "Actual Rows": 7,
          "Actual Loops": 1,
          "Workers Planned": 6,
          "Workers Launched": 6,
          "Single Copy": false,
          "Plans": [
            {
              "Node Type": "Aggregate",
              "Strategy": "Plain",
              "Partial Mode": "Partial",
              "Parent Relationship": "Outer",
              "Parallel Aware": false,
              "Startup Cost": 347340.74,
              "Total Cost": 347340.75,
              "Plan Rows": 1,
              "Plan Width": 8,
              "Actual Startup Time": 785.709,
              "Actual Total Time": 785.711,
              "Actual Rows": 1,
              "Actual Loops": 7,
              "Plans": [
                {
                  "Node Type": "Seq Scan",
                  "Parent Relationship": "Outer",
                  "Parallel Aware": true,
                  "Relation Name": "cast_info",
                  "Alias": "ci",
                  "Startup Cost": 0.0,
                  "Total Cost": 343316.27,
                  "Plan Rows": 1609787,
                  "Plan Width": 0,
                  "Actual Startup Time": 374.101,
                  "Actual Total Time": 697.938,
                  "Actual Rows": 1724959,
                  "Actual Loops": 7,
                  "Filter": "((person_id > 1433423) AND (role_id > 2))",
                  "Rows Removed by Filter": 3452804
                }
              ]
            }
          ]
        }
      ]
    },
    "Planning Time": 0.148,
    "Triggers": [],
    "Execution Time": 836.781
  }
]