{
  "Plan": {
    "Node Type": "Aggregate",
    "Strategy": "Plain",
    "Partial Mode": "Finalize",
    "Parallel Aware": false,
    "Startup Cost": 200178.21,
    "Total Cost": 200178.22,
    "Plan Rows": 1,
    "Plan Width": 8,
    "Actual Startup Time": 1712.129,
    "Actual Total Time": 1736.476,
    "Actual Rows": 1,
    "Actual Loops": 1,
    "Plans": [
      {
        "Node Type": "Gather",
        "Parent Relationship": "Outer",
        "Parallel Aware": false,
        "Startup Cost": 200178.1,
        "Total Cost": 200178.21,
        "Plan Rows": 1,
        "Plan Width": 8,
        "Actual Startup Time": 1707.191,
        "Actual Total Time": 1736.464,
        "Actual Rows": 2,
        "Actual Loops": 1,
        "Workers Planned": 1,
        "Workers Launched": 1,
        "Single Copy": false,
        "Plans": [
          {
            "Node Type": "Aggregate",
            "Strategy": "Plain",
            "Partial Mode": "Partial",
            "Parent Relationship": "Outer",
            "Parallel Aware": false,
            "Startup Cost": 199178.1,
            "Total Cost": 199178.11,
            "Plan Rows": 1,
            "Plan Width": 8,
            "Actual Startup Time": 1699.804,
            "Actual Total Time": 1700.328,
            "Actual Rows": 1,
            "Actual Loops": 2,
            "Plans": [
              {
                "Node Type": "Hash Join",
                "Parent Relationship": "Outer",
                "Parallel Aware": true,
                "Join Type": "Inner",
                "Startup Cost": 122845.51,
                "Total Cost": 195753.14,
                "Plan Rows": 1369981,
                "Plan Width": 0,
                "Actual Startup Time": 1150.362,
                "Actual Total Time": 1631.238,
                "Actual Rows": 1763180,
                "Actual Loops": 2,
                "Inner Unique": false,
                "Hash Cond": "(mk.movie_id = t.id)",
                "Plans": [
                  {
                    "Node Type": "Seq Scan",
                    "Parent Relationship": "Outer",
                    "Parallel Aware": true,
                    "Relation Name": "movie_keyword",
                    "Alias": "mk",
                    "Startup Cost": 0.0,
                    "Total Cost": 57718.19,
                    "Plan Rows": 1901528,
                    "Plan Width": 4,
                    "Actual Startup Time": 0.036,
                    "Actual Total Time": 199.392,
                    "Actual Rows": 1611264,
                    "Actual Loops": 2,
                    "Filter": "(keyword_id < 13546)",
                    "Rows Removed by Filter": 650700
                  },
                  {
                    "Node Type": "Hash",
                    "Parent Relationship": "Inner",
                    "Parallel Aware": true,
                    "Startup Cost": 109451.82,
                    "Total Cost": 109451.82,
                    "Plan Rows": 1071495,
                    "Plan Width": 8,
                    "Actual Startup Time": 1135.462,
                    "Actual Total Time": 1135.984,
                    "Actual Rows": 643632,
                    "Actual Loops": 2,
                    "Hash Buckets": 2097152,
                    "Original Hash Buckets": 2097152,
                    "Hash Batches": 1,
                    "Original Hash Batches": 1,
                    "Peak Memory Usage": 66784,
                    "Plans": [
                      {
                        "Node Type": "Hash Join",
                        "Parent Relationship": "Outer",
                        "Parallel Aware": true,
                        "Join Type": "Inner",
                        "Startup Cost": 71285.19,
                        "Total Cost": 109451.82,
                        "Plan Rows": 1071495,
                        "Plan Width": 8,
                        "Actual Startup Time": 450.588,
                        "Actual Total Time": 955.285,
                        "Actual Rows": 643632,
                        "Actual Loops": 2,
                        "Inner Unique": true,
                        "Hash Cond": "(mc.movie_id = t.id)",
                        "Plans": [
                          {
                            "Node Type": "Seq Scan",
                            "Parent Relationship": "Outer",
                            "Parallel Aware": true,
                            "Relation Name": "movie_companies",
                            "Alias": "mc",
                            "Startup Cost": 0.0,
                            "Total Cost": 34137.82,
                            "Plan Rows": 1534782,
                            "Plan Width": 4,
                            "Actual Startup Time": 0.018,
                            "Actual Total Time": 109.33,
                            "Actual Rows": 1304564,
                            "Actual Loops": 2
                          },
                          {
                            "Node Type": "Hash",
                            "Parent Relationship": "Inner",
                            "Parallel Aware": true,
                            "Startup Cost": 58306.47,
                            "Total Cost": 58306.47,
                            "Plan Rows": 1038298,
                            "Plan Width": 4,
                            "Actual Startup Time": 443.392,
                            "Actual Total Time": 443.394,
                            "Actual Rows": 899953,
                            "Actual Loops": 2,
                            "Hash Buckets": 2097152,
                            "Original Hash Buckets": 2097152,
                            "Hash Batches": 1,
                            "Original Hash Batches": 1,
                            "Peak Memory Usage": 86816,
                            "Plans": [
                              {
                                "Node Type": "Seq Scan",
                                "Parent Relationship": "Outer",
                                "Parallel Aware": true,
                                "Relation Name": "title",
                                "Alias": "t",
                                "Startup Cost": 0.0,
                                "Total Cost": 58306.47,
                                "Plan Rows": 1038298,
                                "Plan Width": 4,
                                "Actual Startup Time": 0.045,
                                "Actual Total Time": 184.197,
                                "Actual Rows": 899953,
                                "Actual Loops": 2,
                                "Filter": "((kind_id > 1) AND (production_year > 1915))",
                                "Rows Removed by Filter": 364203
                              }
                            ]
                          }
                        ]
                      }
                    ]
                  }
                ]
              }
            ]
          }
        ]
      }
    ]
  },
  "Planning Time": 1.071,
  "Triggers": [],
  "Execution Time": 1736.567
}