[
  {
    "Plan": {
      "Node Type": "Aggregate",
      "Strategy": "Plain",
      "Partial Mode": "Finalize",
      "Parallel Aware": false,
      "Startup Cost": 46486.22,
      "Total Cost": 46486.23,
      "Plan Rows": 1,
      "Plan Width": 8,
      "Actual Startup Time": 107.788,
      "Actual Total Time": 120.328,
      "Actual Rows": 1,
      "Actual Loops": 1,
      "Plans": [
        {
          "Node Type": "Gather",
          "Parent Relationship": "Outer",
          "Parallel Aware": false,
          "Startup Cost": 46485.8,
          "Total Cost": 46486.21,
          "Plan Rows": 4,
          "Plan Width": 8,
          "Actual Startup Time": 107.583,
          "Actual Total Time": 120.316,
          "Actual Rows": 5,
          "Actual Loops": 1,
          "Workers Planned": 4,
          "Workers Launched": 4,
          "Single Copy": false,
          "Plans": [
            {
              "Node Type": "Aggregate",
              "Strategy": "Plain",
              "Partial Mode": "Partial",
              "Parent Relationship": "Outer",
              "Parallel Aware": false,
              "Startup Cost": 45485.8,
              "Total Cost": 45485.81,
              "Plan Rows": 1,
              "Plan Width": 8,
              "Actual Startup Time": 98.151,
              "Actual Total Time": 98.153,
              "Actual Rows": 1,
              "Actual Loops": 5,
              "Plans": [
                {
                  "Node Type": "Seq Scan",
                  "Parent Relationship": "Outer",
                  "Parallel Aware": true,
                  "Relation Name": "title",
                  "Alias": "t",
                  "Startup Cost": 0.0,
                  "Total Cost": 45479.59,
                  "Plan Rows": 2486,
                  "Plan Width": 0,
                  "Actual Startup Time": 0.125,
                  "Actual Total Time": 97.855,
                  "Actual Rows": 1777,
                  "Actual Loops": 5,
                  "Filter": "((kind_id > 3) AND (production_year = 1983))",
                  "Rows Removed by Filter": 503885
                }
              ]
            }
          ]
        }
      ]
    },
    "Planning Time": 0.189,
    "Triggers": [],
    "Execution Time": 120.389
  }
]