{
  "Plan": {
    "Node Type": "Aggregate",
    "Strategy": "Plain",
    "Partial Mode": "Simple",
    "Parallel Aware": false,
    "Startup Cost": 278670.64,
    "Total Cost": 278670.65,
    "Plan Rows": 1,
    "Plan Width": 96,
    "Actual Startup Time": 1305.803,
    "Actual Total Time": 1345.873,
    "Actual Rows": 1,
    "Actual Loops": 1,
    "Plans": [
      {
        "Node Type": "Gather",
        "Parent Relationship": "Outer",
        "Parallel Aware": false,
        "Startup Cost": 1001.85,
        "Total Cost": 278670.63,
        "Plan Rows": 1,
        "Plan Width": 48,
        "Actual Startup Time": 113.73,
        "Actual Total Time": 1345.789,
        "Actual Rows": 58,
        "Actual Loops": 1,
        "Workers Planned": 1,
        "Workers Launched": 1,
        "Single Copy": false,
        "Plans": [
          {
            "Node Type": "Nested Loop",
            "Parent Relationship": "Outer",
            "Parallel Aware": false,
            "Join Type": "Inner",
            "Startup Cost": 1.85,
            "Total Cost": 277670.53,
            "Plan Rows": 1,
            "Plan Width": 48,
            "Actual Startup Time": 125.393,
            "Actual Total Time": 1298.83,
            "Actual Rows": 29,
            "Actual Loops": 2,
            "Inner Unique": true,
            "Plans": [
              {
                "Node Type": "Nested Loop",
                "Parent Relationship": "Outer",
                "Parallel Aware": false,
                "Join Type": "Inner",
                "Startup Cost": 1.43,
                "Total Cost": 275472.92,
                "Plan Rows": 4980,
                "Plan Width": 36,
                "Actual Startup Time": 17.66,
                "Actual Total Time": 973.581,
                "Actual Rows": 176234,
                "Actual Loops": 2,
                "Inner Unique": true,
                "Plans": [
                  {
                    "Node Type": "Nested Loop",
                    "Parent Relationship": "Outer",
                    "Parallel Aware": false,
                    "Join Type": "Inner",
                    "Startup Cost": 1.0,
                    "Total Cost": 271318.6,
                    "Plan Rows": 9131,
                    "Plan Width": 27,
                    "Actual Startup Time": 10.321,
                    "Actual Total Time": 512.044,
                    "Actual Rows": 306216,
                    "Actual Loops": 2,
                    "Inner Unique": false,
                    "Plans": [
                      {
                        "Node Type": "Nested Loop",
                        "Parent Relationship": "Outer",
                        "Parallel Aware": false,
                        "Join Type": "Inner",
                        "Startup Cost": 0.56,
                        "Total Cost": 267688.78,
                        "Plan Rows": 2132,
                        "Plan Width": 19,
                        "Actual Startup Time": 7.91,
                        "Actual Total Time": 315.47,
                        "Actual Rows": 39907,
                        "Actual Loops": 2,
                        "Inner Unique": false,
                        "Plans": [
                          {
                            "Node Type": "Seq Scan",
                            "Parent Relationship": "Outer",
                            "Parallel Aware": true,
                            "Relation Name": "name",
                            "Alias": "n",
                            "Startup Cost": 0.0,
                            "Total Cost": 86254.38,
                            "Plan Rows": 245,
                            "Plan Width": 19,
                            "Actual Startup Time": 7.785,
                            "Actual Total Time": 286.169,
                            "Actual Rows": 5334,
                            "Actual Loops": 2,
                            "Filter": "(name ~~ '%Johnson,%'::text)",
                            "Rows Removed by Filter": 2078412
                          },
                          {
                            "Node Type": "Index Scan",
                            "Parent Relationship": "Inner",
                            "Parallel Aware": false,
                            "Scan Direction": "Forward",
                            "Index Name": "person_id_cast_info",
                            "Relation Name": "cast_info",
                            "Alias": "ci",
                            "Startup Cost": 0.56,
                            "Total Cost": 735.45,
                            "Plan Rows": 510,
                            "Plan Width": 8,
                            "Actual Startup Time": 0.003,
                            "Actual Total Time": 0.005,
                            "Actual Rows": 7,
                            "Actual Loops": 10667,
                            "Index Cond": "(person_id = n.id)",
                            "Rows Removed by Index Recheck": 0
                          }
                        ]
                      },
                      {
                        "Node Type": "Index Scan",
                        "Parent Relationship": "Inner",
                        "Parallel Aware": false,
                        "Scan Direction": "Forward",
                        "Index Name": "movie_id_movie_keyword",
                        "Relation Name": "movie_keyword",
                        "Alias": "mk",
                        "Startup Cost": 0.43,
                        "Total Cost": 1.24,
                        "Plan Rows": 46,
                        "Plan Width": 8,
                        "Actual Startup Time": 0.003,
                        "Actual Total Time": 0.004,
                        "Actual Rows": 8,
                        "Actual Loops": 79814,
                        "Index Cond": "(movie_id = ci.movie_id)",
                        "Rows Removed by Index Recheck": 0
                      }
                    ]
                  },
                  {
                    "Node Type": "Index Scan",
                    "Parent Relationship": "Inner",
                    "Parallel Aware": false,
                    "Scan Direction": "Forward",
                    "Index Name": "title_pkey",
                    "Relation Name": "title",
                    "Alias": "t",
                    "Startup Cost": 0.43,
                    "Total Cost": 0.45,
                    "Plan Rows": 1,
                    "Plan Width": 21,
                    "Actual Startup Time": 0.001,
                    "Actual Total Time": 0.001,
                    "Actual Rows": 1,
                    "Actual Loops": 612432,
                    "Index Cond": "(id = ci.movie_id)",
                    "Rows Removed by Index Recheck": 0,
                    "Filter": "(production_year > 2000)",
                    "Rows Removed by Filter": 0
                  }
                ]
              },
              {
                "Node Type": "Index Scan",
                "Parent Relationship": "Inner",
                "Parallel Aware": false,
                "Scan Direction": "Forward",
                "Index Name": "keyword_pkey",
                "Relation Name": "keyword",
                "Alias": "k",
                "Startup Cost": 0.42,
                "Total Cost": 0.44,
                "Plan Rows": 1,
                "Plan Width": 20,
                "Actual Startup Time": 0.002,
                "Actual Total Time": 0.002,
                "Actual Rows": 0,
                "Actual Loops": 352469,
                "Index Cond": "(id = mk.keyword_id)",
                "Rows Removed by Index Recheck": 0,
                "Filter": "(keyword = 'marvel-comics'::text)",
                "Rows Removed by Filter": 1
              }
            ]
          }
        ]
      }
    ]
  },
  "Planning Time": 1.281,
  "Triggers": [],
  "Execution Time": 1345.982
}