[
  {
    "Plan": {
      "Node Type": "Aggregate",
      "Strategy": "Plain",
      "Partial Mode": "Finalize",
      "Parallel Aware": false,
      "Startup Cost": 32044.34,
      "Total Cost": 32044.35,
      "Plan Rows": 1,
      "Plan Width": 8,
      "Actual Startup Time": 136.678,
      "Actual Total Time": 143.652,
      "Actual Rows": 1,
      "Actual Loops": 1,
      "Plans": [
        {
          "Node Type": "Gather",
          "Parent Relationship": "Outer",
          "Parallel Aware": false,
          "Startup Cost": 32044.02,
          "Total Cost": 32044.33,
          "Plan Rows": 3,
          "Plan Width": 8,
          "Actual Startup Time": 136.538,
          "Actual Total Time": 143.643,
          "Actual Rows": 4,
          "Actual Loops": 1,
          "Workers Planned": 3,
          "Workers Launched": 3,
          "Single Copy": false,
          "Plans": [
            {
              "Node Type": "Aggregate",
              "Strategy": "Plain",
              "Partial Mode": "Partial",
              "Parent Relationship": "Outer",
              "Parallel Aware": false,
              "Startup Cost": 31044.02,
              "Total Cost": 31044.03,
              "Plan Rows": 1,
              "Plan Width": 8,
              "Actual Startup Time": 129.702,
              "Actual Total Time": 129.703,
              "Actual Rows": 1,
              "Actual Loops": 4,
              "Plans": [
                {
                  "Node Type": "Seq Scan",
                  "Parent Relationship": "Outer",
                  "Parallel Aware": true,
                  "Relation Name": "movie_companies",
                  "Alias": "mc",
                  "Startup Cost": 0.0,
                  "Total Cost": 29310.68,
                  "Plan Rows": 693337,
                  "Plan Width": 0,
                  "Actual Startup Time": 0.029,
                  "Actual Total Time": 97.697,
                  "Actual Rows": 537524,
                  "Actual Loops": 4,
                  "Filter": "(company_id < 76674)",
                  "Rows Removed by Filter": 114758
                }
              ]
            }
          ]
        }
      ]
    },
    "Planning Time": 0.195,
    "Triggers": [],
    "Execution Time": 143.71
  }
]