[
  {
    "Plan": {
      "Node Type": "Aggregate",
      "Strategy": "Plain",
      "Partial Mode": "Finalize",
      "Parallel Aware": false,
      "Startup Cost": 31235.7,
      "Total Cost": 31235.71,
      "Plan Rows": 1,
      "Plan Width": 8,
      "Actual Startup Time": 98.434,
      "Actual Total Time": 106.233,
      "Actual Rows": 1,
      "Actual Loops": 1,
      "Plans": [
        {
          "Node Type": "Gather",
          "Parent Relationship": "Outer",
          "Parallel Aware": false,
          "Startup Cost": 31235.39,
          "Total Cost": 31235.7,
          "Plan Rows": 3,
          "Plan Width": 8,
          "Actual Startup Time": 98.349,
          "Actual Total Time": 106.224,
          "Actual Rows": 4,
          "Actual Loops": 1,
          "Workers Planned": 3,
          "Workers Launched": 3,
          "Single Copy": false,
          "Plans": [
            {
              "Node Type": "Aggregate",
              "Strategy": "Plain",
              "Partial Mode": "Partial",
              "Parent Relationship": "Outer",
              "Parallel Aware": false,
              "Startup Cost": 30235.39,
              "Total Cost": 30235.4,
              "Plan Rows": 1,
              "Plan Width": 8,
              "Actual Startup Time": 90.827,
              "Actual Total Time": 90.828,
              "Actual Rows": 1,
              "Actual Loops": 4,
              "Plans": [
                {
                  "Node Type": "Seq Scan",
                  "Parent Relationship": "Outer",
                  "Parallel Aware": true,
                  "Relation Name": "movie_companies",
                  "Alias": "mc",
                  "Startup Cost": 0.0,
                  "Total Cost": 29310.68,
                  "Plan Rows": 369882,
                  "Plan Width": 0,
                  "Actual Startup Time": 0.042,
                  "Actual Total Time": 74.369,
                  "Actual Rows": 286355,
                  "Actual Loops": 4,
                  "Filter": "(company_id < 8783)",
                  "Rows Removed by Filter": 365928
                }
              ]
            }
          ]
        }
      ]
    },
    "Planning Time": 0.146,
    "Triggers": [],
    "Execution Time": 106.275
  }
]