[
  {
    "Plan": {
      "Node Type": "Aggregate",
      "Strategy": "Plain",
      "Partial Mode": "Finalize",
      "Parallel Aware": false,
      "Startup Cost": 31944.98,
      "Total Cost": 31944.99,
      "Plan Rows": 1,
      "Plan Width": 8,
      "Actual Startup Time": 113.78,
      "Actual Total Time": 121.038,
      "Actual Rows": 1,
      "Actual Loops": 1,
      "Plans": [
        {
          "Node Type": "Gather",
          "Parent Relationship": "Outer",
          "Parallel Aware": false,
          "Startup Cost": 31944.66,
          "Total Cost": 31944.97,
          "Plan Rows": 3,
          "Plan Width": 8,
          "Actual Startup Time": 113.646,
          "Actual Total Time": 121.03,
          "Actual Rows": 4,
          "Actual Loops": 1,
          "Workers Planned": 3,
          "Workers Launched": 3,
          "Single Copy": false,
          "Plans": [
            {
              "Node Type": "Aggregate",
              "Strategy": "Plain",
              "Partial Mode": "Partial",
              "Parent Relationship": "Outer",
              "Parallel Aware": false,
              "Startup Cost": 30944.66,
              "Total Cost": 30944.67,
              "Plan Rows": 1,
              "Plan Width": 8,
              "Actual Startup Time": 108.121,
              "Actual Total Time": 108.123,
              "Actual Rows": 1,
              "Actual Loops": 4,
              "Plans": [
                {
                  "Node Type": "Seq Scan",
                  "Parent Relationship": "Outer",
                  "Parallel Aware": true,
                  "Relation Name": "movie_companies",
                  "Alias": "mc",
                  "Startup Cost": 0.0,
                  "Total Cost": 29310.68,
                  "Plan Rows": 653591,
                  "Plan Width": 0,
                  "Actual Startup Time": 0.346,
                  "Actual Total Time": 83.778,
                  "Actual Rows": 508226,
                  "Actual Loops": 4,
                  "Filter": "(company_id > 626)",
                  "Rows Removed by Filter": 144056
                }
              ]
            }
          ]
        }
      ]
    },
    "Planning Time": 0.202,
    "Triggers": [],
    "Execution Time": 121.095
  }
]