[
  {
    "Plan": {
      "Node Type": "Aggregate",
      "Strategy": "Plain",
      "Partial Mode": "Finalize",
      "Parallel Aware": false,
      "Startup Cost": 67404.35,
      "Total Cost": 67404.36,
      "Plan Rows": 1,
      "Plan Width": 8,
      "Actual Startup Time": 107.248,
      "Actual Total Time": 115.047,
      "Actual Rows": 1,
      "Actual Loops": 1,
      "Plans": [
        {
          "Node Type": "Gather",
          "Parent Relationship": "Outer",
          "Parallel Aware": false,
          "Startup Cost": 67404.03,
          "Total Cost": 67404.34,
          "Plan Rows": 3,
          "Plan Width": 8,
          "Actual Startup Time": 107.058,
          "Actual Total Time": 115.041,
          "Actual Rows": 4,
          "Actual Loops": 1,
          "Workers Planned": 3,
          "Workers Launched": 3,
          "Single Copy": false,
          "Plans": [
            {
              "Node Type": "Aggregate",
              "Strategy": "Plain",
              "Partial Mode": "Partial",
              "Parent Relationship": "Outer",
              "Parallel Aware": false,
              "Startup Cost": 66404.03,
              "Total Cost": 66404.04,
              "Plan Rows": 1,
              "Plan Width": 8,
              "Actual Startup Time": 103.061,
              "Actual Total Time": 103.063,
              "Actual Rows": 1,
              "Actual Loops": 4,
              "Plans": [
                {
                  "Node Type": "Hash Join",
                  "Parent Relationship": "Outer",
                  "Parallel Aware": true,
                  "Join Type": "Inner",
                  "Startup Cost": 47199.39,
                  "Total Cost": 66403.93,
                  "Plan Rows": 39,
                  "Plan Width": 0,
                  "Actual Startup Time": 99.528,
                  "Actual Total Time": 103.049,
                  "Actual Rows": 129,
                  "Actual Loops": 4,
                  "Inner Unique": true,
                  "Hash Cond": "(mc.movie_id = t.id)",
                  "Plans": [
                    {
                      "Node Type": "Bitmap Heap Scan",
                      "Parent Relationship": "Outer",
                      "Parallel Aware": true,
                      "Relation Name": "movie_companies",
                      "Alias": "mc",
                      "Startup Cost": 1696.36,
                      "Total Cost": 20866.94,
                      "Plan Rows": 12935,
                      "Plan Width": 4,
                      "Actual Startup Time": 14.961,
                      "Actual Total Time": 17.926,
                      "Actual Rows": 4388,
                      "Actual Loops": 4,
                      "Recheck Cond": "(company_id < 19)",
                      "Rows Removed by Index Recheck": 0,
                      "Filter": "(company_type_id > 1)",
                      "Rows Removed by Filter": 16630,
                      "Exact Heap Blocks": 3775,
                      "Lossy Heap Blocks": 0,
                      "Plans": [
                        {
                          "Node Type": "Bitmap Index Scan",
                          "Parent Relationship": "Outer",
                          "Parallel Aware": false,
                          "Index Name": "company_id_movie_companies",
                          "Startup Cost": 0.0,
                          "Total Cost": 1686.34,
                          "Plan Rows": 78654,
                          "Plan Width": 0,
                          "Actual Startup Time": 4.087,
                          "Actual Total Time": 4.087,
                          "Actual Rows": 84071,
                          "Actual Loops": 1,
                          "Index Cond": "(company_id < 19)"
                        }
                      ]
                    },
                    {
                      "Node Type": "Hash",
                      "Parent Relationship": "Inner",
                      "Parallel Aware": true,
                      "Startup Cost": 45479.21,
                      "Total Cost": 45479.21,
                      "Plan Rows": 1906,
                      "Plan Width": 4,
                      "Actual Startup Time": 83.683,
                      "Actual Total Time": 83.684,
                      "Actual Rows": 1684,
                      "Actual Loops": 4,
                      "Hash Buckets": 8192,
                      "Original Hash Buckets": 8192,
                      "Hash Batches": 1,
                      "Original Hash Batches": 1,
                      "Peak Memory Usage": 384,
                      "Plans": [
                        {
                          "Node Type": "Seq Scan",
                          "Parent Relationship": "Outer",
                          "Parallel Aware": true,
                          "Relation Name": "title",
                          "Alias": "t",
                          "Startup Cost": 0.0,
                          "Total Cost": 45479.21,
                          "Plan Rows": 1906,
                          "Plan Width": 4,
                          "Actual Startup Time": 0.075,
                          "Actual Total Time": 82.806,
                          "Actual Rows": 1684,
                          "Actual Loops": 4,
                          "Filter": "((kind_id > 4) AND (production_year = 1961))",
                          "Rows Removed by Filter": 630394
                        }
                      ]
                    }
                  ]
                }
              ]
            }
          ]
        }
      ]
    },
    "Planning Time": 0.484,
    "Triggers": [],
    "Execution Time": 115.104
  }
]