[
  {
    "Plan": {
      "Node Type": "Aggregate",
      "Strategy": "Plain",
      "Partial Mode": "Finalize",
      "Parallel Aware": false,
      "Startup Cost": 443813.93,
      "Total Cost": 443813.94,
      "Plan Rows": 1,
      "Plan Width": 8,
      "Actual Startup Time": 3696.526,
      "Actual Total Time": 3756.098,
      "Actual Rows": 1,
      "Actual Loops": 1,
      "Plans": [
        {
          "Node Type": "Gather",
          "Parent Relationship": "Outer",
          "Parallel Aware": false,
          "Startup Cost": 443813.3,
          "Total Cost": 443813.91,
          "Plan Rows": 6,
          "Plan Width": 8,
          "Actual Startup Time": 3682.314,
          "Actual Total Time": 3756.086,
          "Actual Rows": 7,
          "Actual Loops": 1,
          "Workers Planned": 6,
          "Workers Launched": 6,
          "Single Copy": false,
          "Plans": [
            {
              "Node Type": "Aggregate",
              "Strategy": "Plain",
              "Partial Mode": "Partial",
              "Parent Relationship": "Outer",
              "Parallel Aware": false,
              "Startup Cost": 442813.3,
              "Total Cost": 442813.31,
              "Plan Rows": 1,
              "Plan Width": 8,
              "Actual Startup Time": 3671.187,
              "Actual Total Time": 3671.447,
              "Actual Rows": 1,
              "Actual Loops": 7,
              "Plans": [
                {
                  "Node Type": "Hash Join",
                  "Parent Relationship": "Outer",
                  "Parallel Aware": true,
                  "Join Type": "Inner",
                  "Startup Cost": 96079.43,
                  "Total Cost": 437999.86,
                  "Plan Rows": 1925376,
                  "Plan Width": 0,
                  "Actual Startup Time": 388.303,
                  "Actual Total Time": 3118.072,
                  "Actual Rows": 12771742,
                  "Actual Loops": 7,
                  "Inner Unique": false,
                  "Hash Cond": "(ci.movie_id = t.id)",
                  "Plans": [
                    {
                      "Node Type": "Seq Scan",
                      "Parent Relationship": "Outer",
                      "Parallel Aware": true,
                      "Relation Name": "cast_info",
                      "Alias": "ci",
                      "Startup Cost": 0.0,
                      "Total Cost": 313067.02,
                      "Plan Rows": 6038002,
                      "Plan Width": 4,
                      "Actual Startup Time": 0.03,
                      "Actual Total Time": 539.436,
                      "Actual Rows": 5177763,
                      "Actual Loops": 7
                    },
                    {
                      "Node Type": "Hash",
                      "Parent Relationship": "Inner",
                      "Parallel Aware": true,
                      "Startup Cost": 92828.57,
                      "Total Cost": 92828.57,
                      "Plan Rows": 260069,
                      "Plan Width": 8,
                      "Actual Startup Time": 384.68,
                      "Actual Total Time": 384.939,
                      "Actual Rows": 232488,
                      "Actual Loops": 7,
                      "Hash Buckets": 2097152,
                      "Original Hash Buckets": 1048576,
                      "Hash Batches": 1,
                      "Original Hash Batches": 1,
                      "Peak Memory Usage": 88384,
                      "Plans": [
                        {
                          "Node Type": "Hash Join",
                          "Parent Relationship": "Outer",
                          "Parallel Aware": true,
                          "Join Type": "Inner",
                          "Startup Cost": 47949.92,
                          "Total Cost": 92828.57,
                          "Plan Rows": 260069,
                          "Plan Width": 8,
                          "Actual Startup Time": 134.78,
                          "Actual Total Time": 277.575,
                          "Actual Rows": 232488,
                          "Actual Loops": 7,
                          "Inner Unique": true,
                          "Hash Cond": "(mk.movie_id = t.id)",
                          "Plans": [
                            {
                              "Node Type": "Seq Scan",
                              "Parent Relationship": "Outer",
                              "Parallel Aware": true,
                              "Relation Name": "movie_keyword",
                              "Alias": "mk",
                              "Startup Cost": 0.0,
                              "Total Cost": 42695.65,
                              "Plan Rows": 831617,
                              "Plan Width": 4,
                              "Actual Startup Time": 0.027,
                              "Actual Total Time": 76.158,
                              "Actual Rows": 368398,
                              "Actual Loops": 7,
                              "Filter": "(keyword_id < 6708)",
                              "Rows Removed by Filter": 277878
                            },
                            {
                              "Node Type": "Hash",
                              "Parent Relationship": "Inner",
                              "Parallel Aware": true,
                              "Startup Cost": 45479.1,
                              "Total Cost": 45479.1,
                              "Plan Rows": 197666,
                              "Plan Width": 4,
                              "Actual Startup Time": 133.05,
                              "Actual Total Time": 133.051,
                              "Actual Rows": 99393,
                              "Actual Loops": 7,
                              "Hash Buckets": 1048576,
                              "Original Hash Buckets": 1048576,
                              "Hash Batches": 1,
                              "Original Hash Batches": 1,
                              "Peak Memory Usage": 35520,
                              "Plans": [
                                {
                                  "Node Type": "Seq Scan",
                                  "Parent Relationship": "Outer",
                                  "Parallel Aware": true,
                                  "Relation Name": "title",
                                  "Alias": "t",
                                  "Startup Cost": 0.0,
                                  "Total Cost": 45479.1,
                                  "Plan Rows": 197666,
                                  "Plan Width": 4,
                                  "Actual Startup Time": 0.056,
                                  "Actual Total Time": 80.151,
                                  "Actual Rows": 99393,
                                  "Actual Loops": 7,
                                  "Filter": "((kind_id < 7) AND (production_year > 1975))",
                                  "Rows Removed by Filter": 261794
                                }
                              ]
                            }
                          ]
                        }
                      ]
                    }
                  ]
                }
              ]
            }
          ]
        }
      ]
    },
    "Planning Time": 1.3,
    "Triggers": [],
    "Execution Time": 3756.191
  }
]