[
  {
    "Plan": {
      "Node Type": "Aggregate",
      "Strategy": "Plain",
      "Partial Mode": "Finalize",
      "Parallel Aware": false,
      "Startup Cost": 45473.91,
      "Total Cost": 45473.92,
      "Plan Rows": 1,
      "Plan Width": 8,
      "Actual Startup Time": 170.79,
      "Actual Total Time": 180.153,
      "Actual Rows": 1,
      "Actual Loops": 1,
      "Plans": [
        {
          "Node Type": "Gather",
          "Parent Relationship": "Outer",
          "Parallel Aware": false,
          "Startup Cost": 45473.59,
          "Total Cost": 45473.9,
          "Plan Rows": 3,
          "Plan Width": 8,
          "Actual Startup Time": 170.705,
          "Actual Total Time": 180.145,
          "Actual Rows": 4,
          "Actual Loops": 1,
          "Workers Planned": 3,
          "Workers Launched": 3,
          "Single Copy": false,
          "Plans": [
            {
              "Node Type": "Aggregate",
              "Strategy": "Plain",
              "Partial Mode": "Partial",
              "Parent Relationship": "Outer",
              "Parallel Aware": false,
              "Startup Cost": 44473.59,
              "Total Cost": 44473.6,
              "Plan Rows": 1,
              "Plan Width": 8,
              "Actual Startup Time": 163.285,
              "Actual Total Time": 163.286,
              "Actual Rows": 1,
              "Actual Loops": 4,
              "Plans": [
                {
                  "Node Type": "Seq Scan",
                  "Parent Relationship": "Outer",
                  "Parallel Aware": true,
                  "Relation Name": "movie_keyword",
                  "Alias": "mk",
                  "Startup Cost": 0.0,
                  "Total Cost": 42695.65,
                  "Plan Rows": 711174,
                  "Plan Width": 0,
                  "Actual Startup Time": 0.059,
                  "Actual Total Time": 132.597,
                  "Actual Rows": 551312,
                  "Actual Loops": 4,
                  "Filter": "(keyword_id < 4447)",
                  "Rows Removed by Filter": 579670
                }
              ]
            }
          ]
        }
      ]
    },
    "Planning Time": 0.187,
    "Triggers": [],
    "Execution Time": 180.216
  }
]