[
  {
    "Plan": {
      "Node Type": "Aggregate",
      "Strategy": "Plain",
      "Partial Mode": "Finalize",
      "Parallel Aware": false,
      "Startup Cost": 428974.87,
      "Total Cost": 428974.88,
      "Plan Rows": 1,
      "Plan Width": 8,
      "Actual Startup Time": 2120.219,
      "Actual Total Time": 2185.96,
      "Actual Rows": 1,
      "Actual Loops": 1,
      "Plans": [
        {
          "Node Type": "Gather",
          "Parent Relationship": "Outer",
          "Parallel Aware": false,
          "Startup Cost": 428974.35,
          "Total Cost": 428974.86,
          "Plan Rows": 5,
          "Plan Width": 8,
          "Actual Startup Time": 2091.3,
          "Actual Total Time": 2185.931,
          "Actual Rows": 6,
          "Actual Loops": 1,
          "Workers Planned": 5,
          "Workers Launched": 5,
          "Single Copy": false,
          "Plans": [
            {
              "Node Type": "Aggregate",
              "Strategy": "Plain",
              "Partial Mode": "Partial",
              "Parent Relationship": "Outer",
              "Parallel Aware": false,
              "Startup Cost": 427974.35,
              "Total Cost": 427974.36,
              "Plan Rows": 1,
              "Plan Width": 8,
              "Actual Startup Time": 2073.752,
              "Actual Total Time": 2074.174,
              "Actual Rows": 1,
              "Actual Loops": 6,
              "Plans": [
                {
                  "Node Type": "Hash Join",
                  "Parent Relationship": "Outer",
                  "Parallel Aware": true,
                  "Join Type": "Inner",
                  "Startup Cost": 213032.02,
                  "Total Cost": 421239.59,
                  "Plan Rows": 2693903,
                  "Plan Width": 0,
                  "Actual Startup Time": 728.057,
                  "Actual Total Time": 1903.867,
                  "Actual Rows": 3525128,
                  "Actual Loops": 6,
                  "Inner Unique": false,
                  "Hash Cond": "(mi.movie_id = t.id)",
                  "Plans": [
                    {
                      "Node Type": "Seq Scan",
                      "Parent Relationship": "Outer",
                      "Parallel Aware": true,
                      "Relation Name": "movie_info",
                      "Alias": "mi",
                      "Startup Cost": 0.0,
                      "Total Cost": 191685.19,
                      "Plan Rows": 2969219,
                      "Plan Width": 4,
                      "Actual Startup Time": 0.026,
                      "Actual Total Time": 328.703,
                      "Actual Rows": 2472620,
                      "Actual Loops": 6
                    },
                    {
                      "Node Type": "Hash",
                      "Parent Relationship": "Inner",
                      "Parallel Aware": true,
                      "Startup Cost": 207297.07,
                      "Total Cost": 207297.07,
                      "Plan Rows": 458796,
                      "Plan Width": 8,
                      "Actual Startup Time": 720.938,
                      "Actual Total Time": 721.358,
                      "Actual Rows": 136277,
                      "Actual Loops": 6,
                      "Hash Buckets": 4194304,
                      "Original Hash Buckets": 4194304,
                      "Hash Batches": 1,
                      "Original Hash Batches": 1,
                      "Peak Memory Usage": 64832,
                      "Plans": [
                        {
                          "Node Type": "Hash Join",
                          "Parent Relationship": "Outer",
                          "Parallel Aware": true,
                          "Join Type": "Inner",
                          "Startup Cost": 50220.95,
                          "Total Cost": 207297.07,
                          "Plan Rows": 458796,
                          "Plan Width": 8,
                          "Actual Startup Time": 309.949,
                          "Actual Total Time": 627.666,
                          "Actual Rows": 136277,
                          "Actual Loops": 6,
                          "Inner Unique": true,
                          "Hash Cond": "(ci.movie_id = t.id)",
                          "Plans": [
                            {
                              "Node Type": "Index Scan",
                              "Parent Relationship": "Outer",
                              "Parallel Aware": true,
                              "Scan Direction": "Forward",
                              "Index Name": "role_id_cast_info",
                              "Relation Name": "cast_info",
                              "Alias": "ci",
                              "Startup Cost": 0.56,
                              "Total Cost": 155872.35,
                              "Plan Rows": 458796,
                              "Plan Width": 4,
                              "Actual Startup Time": 0.377,
                              "Actual Total Time": 223.311,
                              "Actual Rows": 136277,
                              "Actual Loops": 6,
                              "Index Cond": "(role_id > 8)",
                              "Rows Removed by Index Recheck": 0,
                              "Filter": "(person_id < 1447632)",
                              "Rows Removed by Filter": 819172
                            },
                            {
                              "Node Type": "Hash",
                              "Parent Relationship": "Inner",
                              "Parallel Aware": true,
                              "Startup Cost": 42319.06,
                              "Total Cost": 42319.06,
                              "Plan Rows": 632106,
                              "Plan Width": 4,
                              "Actual Startup Time": 304.095,
                              "Actual Total Time": 304.097,
                              "Actual Rows": 421385,
                              "Actual Loops": 6,
                              "Hash Buckets": 4194304,
                              "Original Hash Buckets": 4194304,
                              "Hash Batches": 1,
                              "Original Hash Batches": 1,
                              "Peak Memory Usage": 131776,
                              "Plans": [
                                {
                                  "Node Type": "Seq Scan",
                                  "Parent Relationship": "Outer",
                                  "Parallel Aware": true,
                                  "Relation Name": "title",
                                  "Alias": "t",
                                  "Startup Cost": 0.0,
                                  "Total Cost": 42319.06,
                                  "Plan Rows": 632106,
                                  "Plan Width": 4,
                                  "Actual Startup Time": 0.059,
                                  "Actual Total Time": 87.4,
                                  "Actual Rows": 421385,
                                  "Actual Loops": 6
                                }
                              ]
                            }
                          ]
                        }
                      ]
                    }
                  ]
                }
              ]
            }
          ]
        }
      ]
    },
    "Planning Time": 0.953,
    "Triggers": [],
    "Execution Time": 2186.043
  }
]