[
    {
        "Bao": {
            "Bao prediction": "NaN",
            "Bao recommended hint": "(no hint)"
        }
    },
    {
        "Plan": {
            "Node Type": "Aggregate",
            "Strategy": "Plain",
            "Partial Mode": "Finalize",
            "Parallel Aware": false,
            "Startup Cost": 346103.25,
            "Total Cost": 346103.26,
            "Plan Rows": 1,
            "Plan Width": 8,
            "Actual Startup Time": 486.595,
            "Actual Total Time": 506.141,
            "Actual Rows": 1,
            "Actual Loops": 1,
            "Output": [
                "count(*)"
            ],
            "Plans": [
                {
                    "Node Type": "Gather",
                    "Parent Relationship": "Outer",
                    "Parallel Aware": false,
                    "Startup Cost": 346102.63,
                    "Total Cost": 346103.24,
                    "Plan Rows": 6,
                    "Plan Width": 8,
                    "Actual Startup Time": 486.526,
                    "Actual Total Time": 506.133,
                    "Actual Rows": 7,
                    "Actual Loops": 1,
                    "Output": [
                        "(PARTIAL count(*))"
                    ],
                    "Workers Planned": 6,
                    "Workers Launched": 6,
                    "Single Copy": false,
                    "Plans": [
                        {
                            "Node Type": "Aggregate",
                            "Strategy": "Plain",
                            "Partial Mode": "Partial",
                            "Parent Relationship": "Outer",
                            "Parallel Aware": false,
                            "Startup Cost": 345102.63,
                            "Total Cost": 345102.64,
                            "Plan Rows": 1,
                            "Plan Width": 8,
                            "Actual Startup Time": 476.358,
                            "Actual Total Time": 476.359,
                            "Actual Rows": 1,
                            "Actual Loops": 7,
                            "Output": [
                                "PARTIAL count(*)"
                            ],
                            "Workers": [
                                {
                                    "Worker Number": 0,
                                    "Actual Startup Time": 473.953,
                                    "Actual Total Time": 473.954,
                                    "Actual Rows": 1,
                                    "Actual Loops": 1
                                },
                                {
                                    "Worker Number": 1,
                                    "Actual Startup Time": 473.976,
                                    "Actual Total Time": 473.977,
                                    "Actual Rows": 1,
                                    "Actual Loops": 1
                                },
                                {
                                    "Worker Number": 2,
                                    "Actual Startup Time": 474.652,
                                    "Actual Total Time": 474.653,
                                    "Actual Rows": 1,
                                    "Actual Loops": 1
                                },
                                {
                                    "Worker Number": 3,
                                    "Actual Startup Time": 474.846,
                                    "Actual Total Time": 474.847,
                                    "Actual Rows": 1,
                                    "Actual Loops": 1
                                },
                                {
                                    "Worker Number": 4,
                                    "Actual Startup Time": 475.369,
                                    "Actual Total Time": 475.371,
                                    "Actual Rows": 1,
                                    "Actual Loops": 1
                                },
                                {
                                    "Worker Number": 5,
                                    "Actual Startup Time": 475.522,
                                    "Actual Total Time": 475.523,
                                    "Actual Rows": 1,
                                    "Actual Loops": 1
                                }
                            ],
                            "Plans": [
                                {
                                    "Node Type": "Index Scan",
                                    "Parent Relationship": "Outer",
                                    "Parallel Aware": true,
                                    "Scan Direction": "Forward",
                                    "Index Name": "role_id_cast_info",
                                    "Relation Name": "cast_info",
                                    "Schema": "public",
                                    "Alias": "ci",
                                    "Startup Cost": 0.56,
                                    "Total Cost": 342814.42,
                                    "Plan Rows": 915281,
                                    "Plan Width": 0,
                                    "Actual Startup Time": 0.162,
                                    "Actual Total Time": 399.988,
                                    "Actual Rows": 1598287,
                                    "Actual Loops": 7,
                                    "Output": [
                                        "id",
                                        "person_id",
                                        "movie_id",
                                        "person_role_id",
                                        "note",
                                        "nr_order",
                                        "role_id"
                                    ],
                                    "Index Cond": "(ci.role_id < 2)",
                                    "Rows Removed by Index Recheck": 0,
                                    "Filter": "(ci.person_id < 1532731)",
                                    "Rows Removed by Filter": 211812,
                                    "Workers": [
                                        {
                                            "Worker Number": 0,
                                            "Actual Startup Time": 0.457,
                                            "Actual Total Time": 396.925,
                                            "Actual Rows": 1092781,
                                            "Actual Loops": 1
                                        },
                                        {
                                            "Worker Number": 1,
                                            "Actual Startup Time": 0.179,
                                            "Actual Total Time": 399.806,
                                            "Actual Rows": 1638000,
                                            "Actual Loops": 1
                                        },
                                        {
                                            "Worker Number": 2,
                                            "Actual Startup Time": 0.107,
                                            "Actual Total Time": 399.558,
                                            "Actual Rows": 1636440,
                                            "Actual Loops": 1
                                        },
                                        {
                                            "Worker Number": 3,
                                            "Actual Startup Time": 0.141,
                                            "Actual Total Time": 400.541,
                                            "Actual Rows": 1637611,
                                            "Actual Loops": 1
                                        },
                                        {
                                            "Worker Number": 4,
                                            "Actual Startup Time": 0.1,
                                            "Actual Total Time": 400.054,
                                            "Actual Rows": 1668031,
                                            "Actual Loops": 1
                                        },
                                        {
                                            "Worker Number": 5,
                                            "Actual Startup Time": 0.103,
                                            "Actual Total Time": 400.516,
                                            "Actual Rows": 1625521,
                                            "Actual Loops": 1
                                        }
                                    ]
                                }
                            ]
                        }
                    ]
                }
            ]
        },
        "Planning Time": 186.718,
        "Triggers": [],
        "Execution Time": 506.211
    }
]