{
  "Plan": {
    "Node Type": "Aggregate",
    "Strategy": "Plain",
    "Partial Mode": "Finalize",
    "Parallel Aware": false,
    "Startup Cost": 644913.64,
    "Total Cost": 644913.65,
    "Plan Rows": 1,
    "Plan Width": 8,
    "Actual Startup Time": 3119.212,
    "Actual Total Time": 3181.371,
    "Actual Rows": 1,
    "Actual Loops": 1,
    "Plans": [
      {
        "Node Type": "Gather",
        "Parent Relationship": "Outer",
        "Parallel Aware": false,
        "Startup Cost": 644913.53,
        "Total Cost": 644913.64,
        "Plan Rows": 1,
        "Plan Width": 8,
        "Actual Startup Time": 3118.781,
        "Actual Total Time": 3181.363,
        "Actual Rows": 2,
        "Actual Loops": 1,
        "Workers Planned": 1,
        "Workers Launched": 1,
        "Single Copy": false,
        "Plans": [
          {
            "Node Type": "Aggregate",
            "Strategy": "Plain",
            "Partial Mode": "Partial",
            "Parent Relationship": "Outer",
            "Parallel Aware": false,
            "Startup Cost": 643913.53,
            "Total Cost": 643913.54,
            "Plan Rows": 1,
            "Plan Width": 8,
            "Actual Startup Time": 3112.584,
            "Actual Total Time": 3112.588,
            "Actual Rows": 1,
            "Actual Loops": 2,
            "Plans": [
              {
                "Node Type": "Hash Join",
                "Parent Relationship": "Outer",
                "Parallel Aware": true,
                "Join Type": "Inner",
                "Startup Cost": 40006.56,
                "Total Cost": 642524.65,
                "Plan Rows": 555551,
                "Plan Width": 0,
                "Actual Startup Time": 583.693,
                "Actual Total Time": 3095.033,
                "Actual Rows": 405974,
                "Actual Loops": 2,
                "Inner Unique": true,
                "Hash Cond": "(ci.movie_id = t.id)",
                "Plans": [
                  {
                    "Node Type": "Seq Scan",
                    "Parent Relationship": "Outer",
                    "Parallel Aware": true,
                    "Relation Name": "cast_info",
                    "Alias": "ci",
                    "Startup Cost": 0.0,
                    "Total Cost": 572345.93,
                    "Plan Rows": 11494136,
                    "Plan Width": 4,
                    "Actual Startup Time": 514.933,
                    "Actual Total Time": 1799.575,
                    "Actual Rows": 10858567,
                    "Actual Loops": 2,
                    "Filter": "((person_id > 639833) AND (role_id > 1))",
                    "Rows Removed by Filter": 7263605
                  },
                  {
                    "Node Type": "Hash",
                    "Parent Relationship": "Inner",
                    "Parallel Aware": true,
                    "Startup Cost": 39108.02,
                    "Total Cost": 39108.02,
                    "Plan Rows": 71883,
                    "Plan Width": 4,
                    "Actual Startup Time": 66.245,
                    "Actual Total Time": 66.246,
                    "Actual Rows": 59117,
                    "Actual Loops": 2,
                    "Hash Buckets": 131072,
                    "Original Hash Buckets": 131072,
                    "Hash Batches": 1,
                    "Original Hash Batches": 1,
                    "Peak Memory Usage": 5664,
                    "Plans": [
                      {
                        "Node Type": "Bitmap Heap Scan",
                        "Parent Relationship": "Outer",
                        "Parallel Aware": true,
                        "Relation Name": "title",
                        "Alias": "t",
                        "Startup Cost": 2211.49,
                        "Total Cost": 39108.02,
                        "Plan Rows": 71883,
                        "Plan Width": 4,
                        "Actual Startup Time": 15.397,
                        "Actual Total Time": 52.238,
                        "Actual Rows": 59117,
                        "Actual Loops": 2,
                        "Recheck Cond": "(kind_id = 4)",
                        "Rows Removed by Index Recheck": 0,
                        "Exact Heap Blocks": 9998,
                        "Lossy Heap Blocks": 0,
                        "Plans": [
                          {
                            "Node Type": "Bitmap Index Scan",
                            "Parent Relationship": "Outer",
                            "Parallel Aware": false,
                            "Index Name": "kind_id_title",
                            "Startup Cost": 0.0,
                            "Total Cost": 2180.94,
                            "Plan Rows": 122201,
                            "Plan Width": 0,
                            "Actual Startup Time": 15.078,
                            "Actual Total Time": 15.079,
                            "Actual Rows": 118234,
                            "Actual Loops": 1,
                            "Index Cond": "(kind_id = 4)"
                          }
                        ]
                      }
                    ]
                  }
                ]
              }
            ]
          }
        ]
      }
    ]
  },
  "Planning Time": 0.494,
  "Triggers": [],
  "Execution Time": 3181.483
}