[
  {
    "Plan": {
      "Node Type": "Aggregate",
      "Strategy": "Plain",
      "Partial Mode": "Finalize",
      "Parallel Aware": false,
      "Startup Cost": 334403.14,
      "Total Cost": 334403.15,
      "Plan Rows": 1,
      "Plan Width": 8,
      "Actual Startup Time": 691.26,
      "Actual Total Time": 735.817,
      "Actual Rows": 1,
      "Actual Loops": 1,
      "Plans": [
        {
          "Node Type": "Gather",
          "Parent Relationship": "Outer",
          "Parallel Aware": false,
          "Startup Cost": 334402.52,
          "Total Cost": 334403.13,
          "Plan Rows": 6,
          "Plan Width": 8,
          "Actual Startup Time": 691.113,
          "Actual Total Time": 735.799,
          "Actual Rows": 7,
          "Actual Loops": 1,
          "Workers Planned": 6,
          "Workers Launched": 6,
          "Single Copy": false,
          "Plans": [
            {
              "Node Type": "Aggregate",
              "Strategy": "Plain",
              "Partial Mode": "Partial",
              "Parent Relationship": "Outer",
              "Parallel Aware": false,
              "Startup Cost": 333402.52,
              "Total Cost": 333402.53,
              "Plan Rows": 1,
              "Plan Width": 8,
              "Actual Startup Time": 684.811,
              "Actual Total Time": 684.812,
              "Actual Rows": 1,
              "Actual Loops": 7,
              "Plans": [
                {
                  "Node Type": "Seq Scan",
                  "Parent Relationship": "Outer",
                  "Parallel Aware": true,
                  "Relation Name": "cast_info",
                  "Alias": "ci",
                  "Startup Cost": 0.0,
                  "Total Cost": 328211.39,
                  "Plan Rows": 2076450,
                  "Plan Width": 0,
                  "Actual Startup Time": 279.497,
                  "Actual Total Time": 594.118,
                  "Actual Rows": 1758321,
                  "Actual Loops": 7,
                  "Filter": "(person_id > 2454988)",
                  "Rows Removed by Filter": 3419442
                }
              ]
            }
          ]
        }
      ]
    },
    "Planning Time": 0.111,
    "Triggers": [],
    "Execution Time": 735.865
  }
]