[
  {
    "Plan": {
      "Node Type": "Aggregate",
      "Strategy": "Plain",
      "Partial Mode": "Finalize",
      "Parallel Aware": false,
      "Startup Cost": 334300.66,
      "Total Cost": 334300.67,
      "Plan Rows": 1,
      "Plan Width": 8,
      "Actual Startup Time": 702.909,
      "Actual Total Time": 762.45,
      "Actual Rows": 1,
      "Actual Loops": 1,
      "Plans": [
        {
          "Node Type": "Gather",
          "Parent Relationship": "Outer",
          "Parallel Aware": false,
          "Startup Cost": 334300.03,
          "Total Cost": 334300.64,
          "Plan Rows": 6,
          "Plan Width": 8,
          "Actual Startup Time": 702.759,
          "Actual Total Time": 762.439,
          "Actual Rows": 7,
          "Actual Loops": 1,
          "Workers Planned": 6,
          "Workers Launched": 6,
          "Single Copy": false,
          "Plans": [
            {
              "Node Type": "Aggregate",
              "Strategy": "Plain",
              "Partial Mode": "Partial",
              "Parent Relationship": "Outer",
              "Parallel Aware": false,
              "Startup Cost": 333300.03,
              "Total Cost": 333300.04,
              "Plan Rows": 1,
              "Plan Width": 8,
              "Actual Startup Time": 692.36,
              "Actual Total Time": 692.361,
              "Actual Rows": 1,
              "Actual Loops": 7,
              "Plans": [
                {
                  "Node Type": "Seq Scan",
                  "Parent Relationship": "Outer",
                  "Parallel Aware": true,
                  "Relation Name": "cast_info",
                  "Alias": "ci",
                  "Startup Cost": 0.0,
                  "Total Cost": 328162.03,
                  "Plan Rows": 2055203,
                  "Plan Width": 0,
                  "Actual Startup Time": 285.334,
                  "Actual Total Time": 611.106,
                  "Actual Rows": 1758321,
                  "Actual Loops": 7,
                  "Filter": "(person_id > 2454988)",
                  "Rows Removed by Filter": 3419442
                }
              ]
            }
          ]
        }
      ]
    },
    "Planning Time": 0.205,
    "Triggers": [],
    "Execution Time": 762.525
  }
]