[
  {
    "Plan": {
      "Node Type": "Aggregate",
      "Strategy": "Plain",
      "Partial Mode": "Finalize",
      "Parallel Aware": false,
      "Startup Cost": 45825.43,
      "Total Cost": 45825.44,
      "Plan Rows": 1,
      "Plan Width": 8,
      "Actual Startup Time": 156.594,
      "Actual Total Time": 166.192,
      "Actual Rows": 1,
      "Actual Loops": 1,
      "Plans": [
        {
          "Node Type": "Gather",
          "Parent Relationship": "Outer",
          "Parallel Aware": false,
          "Startup Cost": 45825.11,
          "Total Cost": 45825.42,
          "Plan Rows": 3,
          "Plan Width": 8,
          "Actual Startup Time": 156.486,
          "Actual Total Time": 166.181,
          "Actual Rows": 4,
          "Actual Loops": 1,
          "Workers Planned": 3,
          "Workers Launched": 3,
          "Single Copy": false,
          "Plans": [
            {
              "Node Type": "Aggregate",
              "Strategy": "Plain",
              "Partial Mode": "Partial",
              "Parent Relationship": "Outer",
              "Parallel Aware": false,
              "Startup Cost": 44825.11,
              "Total Cost": 44825.12,
              "Plan Rows": 1,
              "Plan Width": 8,
              "Actual Startup Time": 150.852,
              "Actual Total Time": 150.853,
              "Actual Rows": 1,
              "Actual Loops": 4,
              "Plans": [
                {
                  "Node Type": "Seq Scan",
                  "Parent Relationship": "Outer",
                  "Parallel Aware": true,
                  "Relation Name": "movie_keyword",
                  "Alias": "mk",
                  "Startup Cost": 0.0,
                  "Total Cost": 42695.65,
                  "Plan Rows": 851784,
                  "Plan Width": 0,
                  "Actual Startup Time": 0.351,
                  "Actual Total Time": 120.548,
                  "Actual Rows": 659132,
                  "Actual Loops": 4,
                  "Filter": "(keyword_id > 3225)",
                  "Rows Removed by Filter": 471851
                }
              ]
            }
          ]
        }
      ]
    },
    "Planning Time": 0.175,
    "Triggers": [],
    "Execution Time": 166.256
  }
]