[
  {
    "Plan": {
      "Node Type": "Aggregate",
      "Strategy": "Plain",
      "Partial Mode": "Finalize",
      "Parallel Aware": false,
      "Startup Cost": 46030.2,
      "Total Cost": 46030.21,
      "Plan Rows": 1,
      "Plan Width": 8,
      "Actual Startup Time": 167.153,
      "Actual Total Time": 175.675,
      "Actual Rows": 1,
      "Actual Loops": 1,
      "Plans": [
        {
          "Node Type": "Gather",
          "Parent Relationship": "Outer",
          "Parallel Aware": false,
          "Startup Cost": 46029.89,
          "Total Cost": 46030.2,
          "Plan Rows": 3,
          "Plan Width": 8,
          "Actual Startup Time": 167.024,
          "Actual Total Time": 175.668,
          "Actual Rows": 4,
          "Actual Loops": 1,
          "Workers Planned": 3,
          "Workers Launched": 3,
          "Single Copy": false,
          "Plans": [
            {
              "Node Type": "Aggregate",
              "Strategy": "Plain",
              "Partial Mode": "Partial",
              "Parent Relationship": "Outer",
              "Parallel Aware": false,
              "Startup Cost": 45029.89,
              "Total Cost": 45029.9,
              "Plan Rows": 1,
              "Plan Width": 8,
              "Actual Startup Time": 159.288,
              "Actual Total Time": 159.289,
              "Actual Rows": 1,
              "Actual Loops": 4,
              "Plans": [
                {
                  "Node Type": "Seq Scan",
                  "Parent Relationship": "Outer",
                  "Parallel Aware": true,
                  "Relation Name": "movie_keyword",
                  "Alias": "mk",
                  "Startup Cost": 0.0,
                  "Total Cost": 42695.65,
                  "Plan Rows": 933693,
                  "Plan Width": 0,
                  "Actual Startup Time": 0.06,
                  "Actual Total Time": 123.562,
                  "Actual Rows": 726367,
                  "Actual Loops": 4,
                  "Filter": "(keyword_id < 9316)",
                  "Rows Removed by Filter": 404616
                }
              ]
            }
          ]
        }
      ]
    },
    "Planning Time": 0.153,
    "Triggers": [],
    "Execution Time": 175.783
  }
]