[
  {
    "Plan": {
      "Node Type": "Aggregate",
      "Strategy": "Plain",
      "Partial Mode": "Finalize",
      "Parallel Aware": false,
      "Startup Cost": 60568.9,
      "Total Cost": 60568.91,
      "Plan Rows": 1,
      "Plan Width": 8,
      "Actual Startup Time": 161.583,
      "Actual Total Time": 175.621,
      "Actual Rows": 1,
      "Actual Loops": 1,
      "Plans": [
        {
          "Node Type": "Gather",
          "Parent Relationship": "Outer",
          "Parallel Aware": false,
          "Startup Cost": 60568.69,
          "Total Cost": 60568.9,
          "Plan Rows": 2,
          "Plan Width": 8,
          "Actual Startup Time": 161.301,
          "Actual Total Time": 175.613,
          "Actual Rows": 3,
          "Actual Loops": 1,
          "Workers Planned": 2,
          "Workers Launched": 2,
          "Single Copy": false,
          "Plans": [
            {
              "Node Type": "Aggregate",
              "Strategy": "Plain",
              "Partial Mode": "Partial",
              "Parent Relationship": "Outer",
              "Parallel Aware": false,
              "Startup Cost": 59568.69,
              "Total Cost": 59568.7,
              "Plan Rows": 1,
              "Plan Width": 8,
              "Actual Startup Time": 157.64,
              "Actual Total Time": 157.643,
              "Actual Rows": 1,
              "Actual Loops": 3,
              "Plans": [
                {
                  "Node Type": "Hash Join",
                  "Parent Relationship": "Outer",
                  "Parallel Aware": true,
                  "Join Type": "Inner",
                  "Startup Cost": 43945.15,
                  "Total Cost": 59565.94,
                  "Plan Rows": 1100,
                  "Plan Width": 0,
                  "Actual Startup Time": 107.812,
                  "Actual Total Time": 157.556,
                  "Actual Rows": 1131,
                  "Actual Loops": 3,
                  "Inner Unique": true,
                  "Hash Cond": "(mi_idx.movie_id = t.id)",
                  "Plans": [
                    {
                      "Node Type": "Seq Scan",
                      "Parent Relationship": "Outer",
                      "Parallel Aware": true,
                      "Relation Name": "movie_info_idx",
                      "Alias": "mi_idx",
                      "Startup Cost": 0.0,
                      "Total Cost": 15122.68,
                      "Plan Rows": 189755,
                      "Plan Width": 4,
                      "Actual Startup Time": 0.011,
                      "Actual Total Time": 36.589,
                      "Actual Rows": 153308,
                      "Actual Loops": 3,
                      "Filter": "(info_type_id = 99)",
                      "Rows Removed by Filter": 306703
                    },
                    {
                      "Node Type": "Hash",
                      "Parent Relationship": "Inner",
                      "Parallel Aware": true,
                      "Startup Cost": 43899.32,
                      "Total Cost": 43899.32,
                      "Plan Rows": 3666,
                      "Plan Width": 4,
                      "Actual Startup Time": 106.545,
                      "Actual Total Time": 106.546,
                      "Actual Rows": 4570,
                      "Actual Loops": 3,
                      "Hash Buckets": 16384,
                      "Original Hash Buckets": 16384,
                      "Hash Batches": 1,
                      "Original Hash Batches": 1,
                      "Peak Memory Usage": 704,
                      "Plans": [
                        {
                          "Node Type": "Seq Scan",
                          "Parent Relationship": "Outer",
                          "Parallel Aware": true,
                          "Relation Name": "title",
                          "Alias": "t",
                          "Startup Cost": 0.0,
                          "Total Cost": 43899.32,
                          "Plan Rows": 3666,
                          "Plan Width": 4,
                          "Actual Startup Time": 0.032,
                          "Actual Total Time": 104.463,
                          "Actual Rows": 4570,
                          "Actual Loops": 3,
                          "Filter": "(production_year = 1966)",
                          "Rows Removed by Filter": 838200
                        }
                      ]
                    }
                  ]
                }
              ]
            }
          ]
        }
      ]
    },
    "Planning Time": 0.597,
    "Triggers": [],
    "Execution Time": 175.688
  }
]