[
  {
    "Plan": {
      "Node Type": "Aggregate",
      "Strategy": "Plain",
      "Partial Mode": "Finalize",
      "Parallel Aware": false,
      "Startup Cost": 33959.96,
      "Total Cost": 33959.97,
      "Plan Rows": 1,
      "Plan Width": 8,
      "Actual Startup Time": 121.705,
      "Actual Total Time": 130.356,
      "Actual Rows": 1,
      "Actual Loops": 1,
      "Plans": [
        {
          "Node Type": "Gather",
          "Parent Relationship": "Outer",
          "Parallel Aware": false,
          "Startup Cost": 33959.64,
          "Total Cost": 33959.95,
          "Plan Rows": 3,
          "Plan Width": 8,
          "Actual Startup Time": 121.325,
          "Actual Total Time": 130.342,
          "Actual Rows": 4,
          "Actual Loops": 1,
          "Workers Planned": 3,
          "Workers Launched": 3,
          "Single Copy": false,
          "Plans": [
            {
              "Node Type": "Aggregate",
              "Strategy": "Plain",
              "Partial Mode": "Partial",
              "Parent Relationship": "Outer",
              "Parallel Aware": false,
              "Startup Cost": 32959.64,
              "Total Cost": 32959.65,
              "Plan Rows": 1,
              "Plan Width": 8,
              "Actual Startup Time": 114.111,
              "Actual Total Time": 114.113,
              "Actual Rows": 1,
              "Actual Loops": 4,
              "Plans": [
                {
                  "Node Type": "Bitmap Heap Scan",
                  "Parent Relationship": "Outer",
                  "Parallel Aware": true,
                  "Relation Name": "movie_keyword",
                  "Alias": "mk",
                  "Startup Cost": 6926.19,
                  "Total Cost": 32696.4,
                  "Plan Rows": 105297,
                  "Plan Width": 0,
                  "Actual Startup Time": 35.775,
                  "Actual Total Time": 108.024,
                  "Actual Rows": 80934,
                  "Actual Loops": 4,
                  "Recheck Cond": "(keyword_id < 262)",
                  "Rows Removed by Index Recheck": 0,
                  "Exact Heap Blocks": 8707,
                  "Lossy Heap Blocks": 0,
                  "Plans": [
                    {
                      "Node Type": "Bitmap Index Scan",
                      "Parent Relationship": "Outer",
                      "Parallel Aware": false,
                      "Index Name": "keyword_id_movie_keyword",
                      "Startup Cost": 0.0,
                      "Total Cost": 6844.58,
                      "Plan Rows": 326420,
                      "Plan Width": 0,
                      "Actual Startup Time": 36.561,
                      "Actual Total Time": 36.562,
                      "Actual Rows": 323736,
                      "Actual Loops": 1,
                      "Index Cond": "(keyword_id < 262)"
                    }
                  ]
                }
              ]
            }
          ]
        }
      ]
    },
    "Planning Time": 0.136,
    "Triggers": [],
    "Execution Time": 130.416
  }
]