[
  {
    "Plan": {
      "Node Type": "Aggregate",
      "Strategy": "Plain",
      "Partial Mode": "Finalize",
      "Parallel Aware": false,
      "Startup Cost": 427156.58,
      "Total Cost": 427156.59,
      "Plan Rows": 1,
      "Plan Width": 8,
      "Actual Startup Time": 2228.506,
      "Actual Total Time": 2357.771,
      "Actual Rows": 1,
      "Actual Loops": 1,
      "Plans": [
        {
          "Node Type": "Gather",
          "Parent Relationship": "Outer",
          "Parallel Aware": false,
          "Startup Cost": 427155.96,
          "Total Cost": 427156.57,
          "Plan Rows": 6,
          "Plan Width": 8,
          "Actual Startup Time": 2208.395,
          "Actual Total Time": 2357.743,
          "Actual Rows": 7,
          "Actual Loops": 1,
          "Workers Planned": 6,
          "Workers Launched": 6,
          "Single Copy": false,
          "Plans": [
            {
              "Node Type": "Aggregate",
              "Strategy": "Plain",
              "Partial Mode": "Partial",
              "Parent Relationship": "Outer",
              "Parallel Aware": false,
              "Startup Cost": 426155.96,
              "Total Cost": 426155.97,
              "Plan Rows": 1,
              "Plan Width": 8,
              "Actual Startup Time": 2193.252,
              "Actual Total Time": 2193.589,
              "Actual Rows": 1,
              "Actual Loops": 7,
              "Plans": [
                {
                  "Node Type": "Hash Join",
                  "Parent Relationship": "Outer",
                  "Parallel Aware": true,
                  "Join Type": "Inner",
                  "Startup Cost": 84647.78,
                  "Total Cost": 424579.14,
                  "Plan Rows": 630725,
                  "Plan Width": 0,
                  "Actual Startup Time": 504.085,
                  "Actual Total Time": 2137.337,
                  "Actual Rows": 831574,
                  "Actual Loops": 7,
                  "Inner Unique": false,
                  "Hash Cond": "(ci.movie_id = t.id)",
                  "Plans": [
                    {
                      "Node Type": "Seq Scan",
                      "Parent Relationship": "Outer",
                      "Parallel Aware": true,
                      "Relation Name": "cast_info",
                      "Alias": "ci",
                      "Startup Cost": 0.0,
                      "Total Cost": 328211.39,
                      "Plan Rows": 2582765,
                      "Plan Width": 4,
                      "Actual Startup Time": 0.022,
                      "Actual Total Time": 938.382,
                      "Actual Rows": 2235250,
                      "Actual Loops": 7,
                      "Filter": "(person_id < 1544627)",
                      "Rows Removed by Filter": 2942514
                    },
                    {
                      "Node Type": "Hash",
                      "Parent Relationship": "Inner",
                      "Parallel Aware": true,
                      "Startup Cost": 82158.05,
                      "Total Cost": 82158.05,
                      "Plan Rows": 199179,
                      "Plan Width": 8,
                      "Actual Startup Time": 499.854,
                      "Actual Total Time": 500.187,
                      "Actual Rows": 51689,
                      "Actual Loops": 7,
                      "Hash Buckets": 1048576,
                      "Original Hash Buckets": 1048576,
                      "Hash Batches": 1,
                      "Original Hash Batches": 1,
                      "Peak Memory Usage": 22464,
                      "Plans": [
                        {
                          "Node Type": "Hash Join",
                          "Parent Relationship": "Outer",
                          "Parallel Aware": true,
                          "Join Type": "Inner",
                          "Startup Cost": 50220.38,
                          "Total Cost": 82158.05,
                          "Plan Rows": 199179,
                          "Plan Width": 8,
                          "Actual Startup Time": 357.732,
                          "Actual Total Time": 440.714,
                          "Actual Rows": 51689,
                          "Actual Loops": 7,
                          "Inner Unique": true,
                          "Hash Cond": "(mc.movie_id = t.id)",
                          "Plans": [
                            {
                              "Node Type": "Seq Scan",
                              "Parent Relationship": "Outer",
                              "Parallel Aware": true,
                              "Relation Name": "movie_companies",
                              "Alias": "mc",
                              "Startup Cost": 0.0,
                              "Total Cost": 31414.82,
                              "Plan Rows": 199179,
                              "Plan Width": 4,
                              "Actual Startup Time": 10.946,
                              "Actual Total Time": 64.682,
                              "Actual Rows": 51689,
                              "Actual Loops": 7,
                              "Filter": "((company_id > 11617) AND (company_type_id = 1))",
                              "Rows Removed by Filter": 321044
                            },
                            {
                              "Node Type": "Hash",
                              "Parent Relationship": "Inner",
                              "Parallel Aware": true,
                              "Startup Cost": 42319.06,
                              "Total Cost": 42319.06,
                              "Plan Rows": 632106,
                              "Plan Width": 4,
                              "Actual Startup Time": 339.927,
                              "Actual Total Time": 339.929,
                              "Actual Rows": 361187,
                              "Actual Loops": 7,
                              "Hash Buckets": 4194304,
                              "Original Hash Buckets": 4194304,
                              "Hash Batches": 1,
                              "Original Hash Batches": 1,
                              "Peak Memory Usage": 131808,
                              "Plans": [
                                {
                                  "Node Type": "Seq Scan",
                                  "Parent Relationship": "Outer",
                                  "Parallel Aware": true,
                                  "Relation Name": "title",
                                  "Alias": "t",
                                  "Startup Cost": 0.0,
                                  "Total Cost": 42319.06,
                                  "Plan Rows": 632106,
                                  "Plan Width": 4,
                                  "Actual Startup Time": 0.092,
                                  "Actual Total Time": 96.247,
                                  "Actual Rows": 361187,
                                  "Actual Loops": 7
                                }
                              ]
                            }
                          ]
                        }
                      ]
                    }
                  ]
                }
              ]
            }
          ]
        }
      ]
    },
    "Planning Time": 1.539,
    "Triggers": [],
    "Execution Time": 2357.899
  }
]