[
  {
    "Plan": {
      "Node Type": "Aggregate",
      "Strategy": "Plain",
      "Partial Mode": "Finalize",
      "Parallel Aware": false,
      "Startup Cost": 402127.18,
      "Total Cost": 402127.19,
      "Plan Rows": 1,
      "Plan Width": 8,
      "Actual Startup Time": 2877.082,
      "Actual Total Time": 2962.442,
      "Actual Rows": 1,
      "Actual Loops": 1,
      "Plans": [
        {
          "Node Type": "Gather",
          "Parent Relationship": "Outer",
          "Parallel Aware": false,
          "Startup Cost": 402126.76,
          "Total Cost": 402127.17,
          "Plan Rows": 4,
          "Plan Width": 8,
          "Actual Startup Time": 2875.589,
          "Actual Total Time": 2962.43,
          "Actual Rows": 5,
          "Actual Loops": 1,
          "Workers Planned": 4,
          "Workers Launched": 4,
          "Single Copy": false,
          "Plans": [
            {
              "Node Type": "Aggregate",
              "Strategy": "Plain",
              "Partial Mode": "Partial",
              "Parent Relationship": "Outer",
              "Parallel Aware": false,
              "Startup Cost": 401126.76,
              "Total Cost": 401126.77,
              "Plan Rows": 1,
              "Plan Width": 8,
              "Actual Startup Time": 2865.912,
              "Actual Total Time": 2865.914,
              "Actual Rows": 1,
              "Actual Loops": 5,
              "Plans": [
                {
                  "Node Type": "Nested Loop",
                  "Parent Relationship": "Outer",
                  "Parallel Aware": false,
                  "Join Type": "Inner",
                  "Startup Cost": 3.28,
                  "Total Cost": 398499.5,
                  "Plan Rows": 1050906,
                  "Plan Width": 0,
                  "Actual Startup Time": 2.933,
                  "Actual Total Time": 2759.407,
                  "Actual Rows": 1911914,
                  "Actual Loops": 5,
                  "Inner Unique": false,
                  "Join Filter": "(t.id = ci.movie_id)",
                  "Rows Removed by Join Filter": 0,
                  "Plans": [
                    {
                      "Node Type": "Merge Join",
                      "Parent Relationship": "Outer",
                      "Parallel Aware": false,
                      "Join Type": "Inner",
                      "Startup Cost": 2.71,
                      "Total Cost": 153469.21,
                      "Plan Rows": 73341,
                      "Plan Width": 8,
                      "Actual Startup Time": 2.733,
                      "Actual Total Time": 728.285,
                      "Actual Rows": 72772,
                      "Actual Loops": 5,
                      "Inner Unique": false,
                      "Merge Cond": "(t.id = mi_idx.movie_id)",
                      "Plans": [
                        {
                          "Node Type": "Index Scan",
                          "Parent Relationship": "Outer",
                          "Parallel Aware": true,
                          "Scan Direction": "Forward",
                          "Index Name": "title_pkey",
                          "Relation Name": "title",
                          "Alias": "t",
                          "Startup Cost": 0.43,
                          "Total Cost": 92957.95,
                          "Plan Rows": 201758,
                          "Plan Width": 4,
                          "Actual Startup Time": 1.82,
                          "Actual Total Time": 380.848,
                          "Actual Rows": 162405,
                          "Actual Loops": 5,
                          "Filter": "(production_year < 1995)",
                          "Rows Removed by Filter": 342790
                        },
                        {
                          "Node Type": "Index Scan",
                          "Parent Relationship": "Inner",
                          "Parallel Aware": false,
                          "Scan Direction": "Forward",
                          "Index Name": "movie_id_movie_info_idx",
                          "Relation Name": "movie_info_idx",
                          "Alias": "mi_idx",
                          "Startup Cost": 0.43,
                          "Total Cost": 57070.31,
                          "Plan Rows": 919057,
                          "Plan Width": 4,
                          "Actual Startup Time": 0.138,
                          "Actual Total Time": 271.079,
                          "Actual Rows": 919850,
                          "Actual Loops": 5,
                          "Filter": "(info_type_id < 101)",
                          "Rows Removed by Filter": 460185
                        }
                      ]
                    },
                    {
                      "Node Type": "Index Only Scan",
                      "Parent Relationship": "Inner",
                      "Parallel Aware": false,
                      "Scan Direction": "Forward",
                      "Index Name": "movie_id_cast_info",
                      "Relation Name": "cast_info",
                      "Alias": "ci",
                      "Startup Cost": 0.56,
                      "Total Cost": 2.88,
                      "Plan Rows": 37,
                      "Plan Width": 4,
                      "Actual Startup Time": 0.004,
                      "Actual Total Time": 0.025,
                      "Actual Rows": 26,
                      "Actual Loops": 363858,
                      "Index Cond": "(movie_id = mi_idx.movie_id)",
                      "Rows Removed by Index Recheck": 0,
                      "Heap Fetches": 9559570
                    }
                  ]
                }
              ]
            }
          ]
        }
      ]
    },
    "Planning Time": 1.275,
    "Triggers": [],
    "Execution Time": 2962.564
  }
]