[
  {
    "Plan": {
      "Node Type": "Aggregate",
      "Strategy": "Plain",
      "Partial Mode": "Finalize",
      "Parallel Aware": false,
      "Startup Cost": 96283.18,
      "Total Cost": 96283.19,
      "Plan Rows": 1,
      "Plan Width": 8,
      "Actual Startup Time": 514.842,
      "Actual Total Time": 529.192,
      "Actual Rows": 1,
      "Actual Loops": 1,
      "Plans": [
        {
          "Node Type": "Gather",
          "Parent Relationship": "Outer",
          "Parallel Aware": false,
          "Startup Cost": 96282.86,
          "Total Cost": 96283.17,
          "Plan Rows": 3,
          "Plan Width": 8,
          "Actual Startup Time": 507.779,
          "Actual Total Time": 529.185,
          "Actual Rows": 4,
          "Actual Loops": 1,
          "Workers Planned": 3,
          "Workers Launched": 3,
          "Single Copy": false,
          "Plans": [
            {
              "Node Type": "Aggregate",
              "Strategy": "Plain",
              "Partial Mode": "Partial",
              "Parent Relationship": "Outer",
              "Parallel Aware": false,
              "Startup Cost": 95282.86,
              "Total Cost": 95282.87,
              "Plan Rows": 1,
              "Plan Width": 8,
              "Actual Startup Time": 502.681,
              "Actual Total Time": 502.684,
              "Actual Rows": 1,
              "Actual Loops": 4,
              "Plans": [
                {
                  "Node Type": "Hash Join",
                  "Parent Relationship": "Outer",
                  "Parallel Aware": true,
                  "Join Type": "Inner",
                  "Startup Cost": 48900.21,
                  "Total Cost": 93896.15,
                  "Plan Rows": 554685,
                  "Plan Width": 0,
                  "Actual Startup Time": 251.892,
                  "Actual Total Time": 483.241,
                  "Actual Rows": 367138,
                  "Actual Loops": 4,
                  "Inner Unique": true,
                  "Hash Cond": "(mk.movie_id = t.id)",
                  "Plans": [
                    {
                      "Node Type": "Seq Scan",
                      "Parent Relationship": "Outer",
                      "Parallel Aware": true,
                      "Relation Name": "movie_keyword",
                      "Alias": "mk",
                      "Startup Cost": 0.0,
                      "Total Cost": 42695.65,
                      "Plan Rows": 876302,
                      "Plan Width": 4,
                      "Actual Startup Time": 0.02,
                      "Actual Total Time": 120.173,
                      "Actual Rows": 687136,
                      "Actual Loops": 4,
                      "Filter": "(keyword_id < 7800)",
                      "Rows Removed by Filter": 443846
                    },
                    {
                      "Node Type": "Hash",
                      "Parent Relationship": "Inner",
                      "Parallel Aware": true,
                      "Startup Cost": 43899.01,
                      "Total Cost": 43899.01,
                      "Plan Rows": 400096,
                      "Plan Width": 4,
                      "Actual Startup Time": 247.291,
                      "Actual Total Time": 247.293,
                      "Actual Rows": 401769,
                      "Actual Loops": 4,
                      "Hash Buckets": 2097152,
                      "Original Hash Buckets": 2097152,
                      "Hash Batches": 1,
                      "Original Hash Batches": 1,
                      "Peak Memory Usage": 79296,
                      "Plans": [
                        {
                          "Node Type": "Seq Scan",
                          "Parent Relationship": "Outer",
                          "Parallel Aware": true,
                          "Relation Name": "title",
                          "Alias": "t",
                          "Startup Cost": 0.0,
                          "Total Cost": 43899.01,
                          "Plan Rows": 400096,
                          "Plan Width": 4,
                          "Actual Startup Time": 0.02,
                          "Actual Total Time": 108.212,
                          "Actual Rows": 401769,
                          "Actual Loops": 4,
                          "Filter": "(production_year > 1995)",
                          "Rows Removed by Filter": 230309
                        }
                      ]
                    }
                  ]
                }
              ]
            }
          ]
        }
      ]
    },
    "Planning Time": 0.217,
    "Triggers": [],
    "Execution Time": 529.223
  }
]