[
  {
    "Plan": {
      "Node Type": "Aggregate",
      "Strategy": "Plain",
      "Partial Mode": "Finalize",
      "Parallel Aware": false,
      "Startup Cost": 287754.03,
      "Total Cost": 287754.04,
      "Plan Rows": 1,
      "Plan Width": 8,
      "Actual Startup Time": 124.556,
      "Actual Total Time": 134.567,
      "Actual Rows": 1,
      "Actual Loops": 1,
      "Plans": [
        {
          "Node Type": "Gather",
          "Parent Relationship": "Outer",
          "Parallel Aware": false,
          "Startup Cost": 287753.41,
          "Total Cost": 287754.02,
          "Plan Rows": 6,
          "Plan Width": 8,
          "Actual Startup Time": 123.78,
          "Actual Total Time": 134.551,
          "Actual Rows": 7,
          "Actual Loops": 1,
          "Workers Planned": 6,
          "Workers Launched": 6,
          "Single Copy": false,
          "Plans": [
            {
              "Node Type": "Aggregate",
              "Strategy": "Plain",
              "Partial Mode": "Partial",
              "Parent Relationship": "Outer",
              "Parallel Aware": false,
              "Startup Cost": 286753.41,
              "Total Cost": 286753.42,
              "Plan Rows": 1,
              "Plan Width": 8,
              "Actual Startup Time": 116.091,
              "Actual Total Time": 116.094,
              "Actual Rows": 1,
              "Actual Loops": 7,
              "Plans": [
                {
                  "Node Type": "Bitmap Heap Scan",
                  "Parent Relationship": "Outer",
                  "Parallel Aware": true,
                  "Relation Name": "cast_info",
                  "Alias": "ci",
                  "Startup Cost": 30601.57,
                  "Total Cost": 286175.94,
                  "Plan Rows": 230989,
                  "Plan Width": 0,
                  "Actual Startup Time": 38.123,
                  "Actual Total Time": 104.564,
                  "Actual Rows": 187735,
                  "Actual Loops": 7,
                  "Recheck Cond": "(person_id > 3807702)",
                  "Rows Removed by Index Recheck": 0,
                  "Exact Heap Blocks": 5842,
                  "Lossy Heap Blocks": 0,
                  "Plans": [
                    {
                      "Node Type": "Bitmap Index Scan",
                      "Parent Relationship": "Outer",
                      "Parallel Aware": false,
                      "Index Name": "person_id_cast_info",
                      "Startup Cost": 0.0,
                      "Total Cost": 30255.08,
                      "Plan Rows": 1385936,
                      "Plan Width": 0,
                      "Actual Startup Time": 42.232,
                      "Actual Total Time": 42.232,
                      "Actual Rows": 1314146,
                      "Actual Loops": 1,
                      "Index Cond": "(person_id > 3807702)"
                    }
                  ]
                }
              ]
            }
          ]
        }
      ]
    },
    "Planning Time": 0.061,
    "Triggers": [],
    "Execution Time": 134.597
  }
]