{
  "Plan": {
    "Node Type": "Aggregate",
    "Strategy": "Plain",
    "Partial Mode": "Finalize",
    "Parallel Aware": false,
    "Startup Cost": 956436.66,
    "Total Cost": 956436.67,
    "Plan Rows": 1,
    "Plan Width": 8,
    "Actual Startup Time": 3506.553,
    "Actual Total Time": 3613.901,
    "Actual Rows": 1,
    "Actual Loops": 1,
    "Plans": [
      {
        "Node Type": "Gather",
        "Parent Relationship": "Outer",
        "Parallel Aware": false,
        "Startup Cost": 956436.55,
        "Total Cost": 956436.66,
        "Plan Rows": 1,
        "Plan Width": 8,
        "Actual Startup Time": 3505.477,
        "Actual Total Time": 3613.892,
        "Actual Rows": 2,
        "Actual Loops": 1,
        "Workers Planned": 1,
        "Workers Launched": 1,
        "Single Copy": false,
        "Plans": [
          {
            "Node Type": "Aggregate",
            "Strategy": "Plain",
            "Partial Mode": "Partial",
            "Parent Relationship": "Outer",
            "Parallel Aware": false,
            "Startup Cost": 955436.55,
            "Total Cost": 955436.56,
            "Plan Rows": 1,
            "Plan Width": 8,
            "Actual Startup Time": 3499.855,
            "Actual Total Time": 3500.019,
            "Actual Rows": 1,
            "Actual Loops": 2,
            "Plans": [
              {
                "Node Type": "Hash Join",
                "Parent Relationship": "Outer",
                "Parallel Aware": true,
                "Join Type": "Inner",
                "Startup Cost": 651004.77,
                "Total Cost": 951859.19,
                "Plan Rows": 1430946,
                "Plan Width": 0,
                "Actual Startup Time": 1965.626,
                "Actual Total Time": 3483.138,
                "Actual Rows": 403518,
                "Actual Loops": 2,
                "Inner Unique": false,
                "Hash Cond": "(mi.movie_id = t.id)",
                "Plans": [
                  {
                    "Node Type": "Seq Scan",
                    "Parent Relationship": "Outer",
                    "Parallel Aware": true,
                    "Relation Name": "movie_info",
                    "Alias": "mi",
                    "Startup Cost": 0.0,
                    "Total Cost": 248955.74,
                    "Plan Rows": 8696274,
                    "Plan Width": 4,
                    "Actual Startup Time": 0.012,
                    "Actual Total Time": 654.376,
                    "Actual Rows": 7417860,
                    "Actual Loops": 2
                  },
                  {
                    "Node Type": "Hash",
                    "Parent Relationship": "Inner",
                    "Parallel Aware": true,
                    "Startup Cost": 647945.78,
                    "Total Cost": 647945.78,
                    "Plan Rows": 244719,
                    "Plan Width": 8,
                    "Actual Startup Time": 1958.882,
                    "Actual Total Time": 1959.045,
                    "Actual Rows": 95916,
                    "Actual Loops": 2,
                    "Hash Buckets": 524288,
                    "Original Hash Buckets": 524288,
                    "Hash Batches": 1,
                    "Original Hash Batches": 1,
                    "Peak Memory Usage": 11648,
                    "Plans": [
                      {
                        "Node Type": "Hash Join",
                        "Parent Relationship": "Outer",
                        "Parallel Aware": true,
                        "Join Type": "Inner",
                        "Startup Cost": 59027.07,
                        "Total Cost": 647945.78,
                        "Plan Rows": 244719,
                        "Plan Width": 8,
                        "Actual Startup Time": 671.513,
                        "Actual Total Time": 1928.489,
                        "Actual Rows": 95916,
                        "Actual Loops": 2,
                        "Inner Unique": true,
                        "Hash Cond": "(ci.movie_id = t.id)",
                        "Plans": [
                          {
                            "Node Type": "Seq Scan",
                            "Parent Relationship": "Outer",
                            "Parallel Aware": true,
                            "Relation Name": "cast_info",
                            "Alias": "ci",
                            "Startup Cost": 0.0,
                            "Total Cost": 572345.93,
                            "Plan Rows": 6313434,
                            "Plan Width": 4,
                            "Actual Startup Time": 516.564,
                            "Actual Total Time": 1480.592,
                            "Actual Rows": 2280178,
                            "Actual Loops": 2,
                            "Filter": "((person_id < 1621596) AND (role_id > 1))",
                            "Rows Removed by Filter": 15841994
                          },
                          {
                            "Node Type": "Hash",
                            "Parent Relationship": "Inner",
                            "Parallel Aware": true,
                            "Startup Cost": 58306.47,
                            "Total Cost": 58306.47,
                            "Plan Rows": 57648,
                            "Plan Width": 4,
                            "Actual Startup Time": 149.879,
                            "Actual Total Time": 149.88,
                            "Actual Rows": 53124,
                            "Actual Loops": 2,
                            "Hash Buckets": 131072,
                            "Original Hash Buckets": 131072,
                            "Hash Batches": 1,
                            "Original Hash Batches": 1,
                            "Peak Memory Usage": 5216,
                            "Plans": [
                              {
                                "Node Type": "Seq Scan",
                                "Parent Relationship": "Outer",
                                "Parallel Aware": true,
                                "Relation Name": "title",
                                "Alias": "t",
                                "Startup Cost": 0.0,
                                "Total Cost": 58306.47,
                                "Plan Rows": 57648,
                                "Plan Width": 4,
                                "Actual Startup Time": 0.039,
                                "Actual Total Time": 135.819,
                                "Actual Rows": 53124,
                                "Actual Loops": 2,
                                "Filter": "((kind_id = 7) AND (production_year = 2011))",
                                "Rows Removed by Filter": 1211032
                              }
                            ]
                          }
                        ]
                      }
                    ]
                  }
                ]
              }
            ]
          }
        ]
      }
    ]
  },
  "Planning Time": 1.002,
  "Triggers": [],
  "Execution Time": 3613.993
}