[
  {
    "Plan": {
      "Node Type": "Aggregate",
      "Strategy": "Plain",
      "Partial Mode": "Finalize",
      "Parallel Aware": false,
      "Startup Cost": 120849.6,
      "Total Cost": 120849.61,
      "Plan Rows": 1,
      "Plan Width": 8,
      "Actual Startup Time": 57.816,
      "Actual Total Time": 68.721,
      "Actual Rows": 1,
      "Actual Loops": 1,
      "Plans": [
        {
          "Node Type": "Gather",
          "Parent Relationship": "Outer",
          "Parallel Aware": false,
          "Startup Cost": 120849.18,
          "Total Cost": 120849.59,
          "Plan Rows": 4,
          "Plan Width": 8,
          "Actual Startup Time": 57.626,
          "Actual Total Time": 68.714,
          "Actual Rows": 5,
          "Actual Loops": 1,
          "Workers Planned": 4,
          "Workers Launched": 4,
          "Single Copy": false,
          "Plans": [
            {
              "Node Type": "Aggregate",
              "Strategy": "Plain",
              "Partial Mode": "Partial",
              "Parent Relationship": "Outer",
              "Parallel Aware": false,
              "Startup Cost": 119849.18,
              "Total Cost": 119849.19,
              "Plan Rows": 1,
              "Plan Width": 8,
              "Actual Startup Time": 53.346,
              "Actual Total Time": 53.348,
              "Actual Rows": 1,
              "Actual Loops": 5,
              "Plans": [
                {
                  "Node Type": "Nested Loop",
                  "Parent Relationship": "Outer",
                  "Parallel Aware": false,
                  "Join Type": "Inner",
                  "Startup Cost": 621.5,
                  "Total Cost": 119848.56,
                  "Plan Rows": 249,
                  "Plan Width": 0,
                  "Actual Startup Time": 38.19,
                  "Actual Total Time": 53.337,
                  "Actual Rows": 31,
                  "Actual Loops": 5,
                  "Inner Unique": true,
                  "Plans": [
                    {
                      "Node Type": "Bitmap Heap Scan",
                      "Parent Relationship": "Outer",
                      "Parallel Aware": true,
                      "Relation Name": "movie_info",
                      "Alias": "mi",
                      "Startup Cost": 621.07,
                      "Total Cost": 83822.9,
                      "Plan Rows": 8536,
                      "Plan Width": 4,
                      "Actual Startup Time": 1.138,
                      "Actual Total Time": 7.302,
                      "Actual Rows": 7397,
                      "Actual Loops": 5,
                      "Recheck Cond": "(info_type_id = 104)",
                      "Rows Removed by Index Recheck": 0,
                      "Exact Heap Blocks": 1806,
                      "Lossy Heap Blocks": 0,
                      "Plans": [
                        {
                          "Node Type": "Bitmap Index Scan",
                          "Parent Relationship": "Outer",
                          "Parallel Aware": false,
                          "Index Name": "info_type_id_movie_info",
                          "Startup Cost": 0.0,
                          "Total Cost": 612.53,
                          "Plan Rows": 34146,
                          "Plan Width": 0,
                          "Actual Startup Time": 3.367,
                          "Actual Total Time": 3.368,
                          "Actual Rows": 36985,
                          "Actual Loops": 1,
                          "Index Cond": "(info_type_id = 104)"
                        }
                      ]
                    },
                    {
                      "Node Type": "Index Scan",
                      "Parent Relationship": "Inner",
                      "Parallel Aware": false,
                      "Scan Direction": "Forward",
                      "Index Name": "title_pkey",
                      "Relation Name": "title",
                      "Alias": "t",
                      "Startup Cost": 0.43,
                      "Total Cost": 4.22,
                      "Plan Rows": 1,
                      "Plan Width": 4,
                      "Actual Startup Time": 0.006,
                      "Actual Total Time": 0.006,
                      "Actual Rows": 0,
                      "Actual Loops": 36985,
                      "Index Cond": "(id = mi.movie_id)",
                      "Rows Removed by Index Recheck": 0,
                      "Filter": "((kind_id = 7) AND (production_year = 2007))",
                      "Rows Removed by Filter": 1
                    }
                  ]
                }
              ]
            }
          ]
        }
      ]
    },
    "Planning Time": 0.257,
    "Triggers": [],
    "Execution Time": 68.784
  }
]