[
  {
    "Plan": {
      "Node Type": "Aggregate",
      "Strategy": "Plain",
      "Partial Mode": "Finalize",
      "Parallel Aware": false,
      "Startup Cost": 428146.67,
      "Total Cost": 428146.68,
      "Plan Rows": 1,
      "Plan Width": 8,
      "Actual Startup Time": 1471.915,
      "Actual Total Time": 1501.644,
      "Actual Rows": 1,
      "Actual Loops": 1,
      "Plans": [
        {
          "Node Type": "Gather",
          "Parent Relationship": "Outer",
          "Parallel Aware": false,
          "Startup Cost": 428146.05,
          "Total Cost": 428146.66,
          "Plan Rows": 6,
          "Plan Width": 8,
          "Actual Startup Time": 1460.239,
          "Actual Total Time": 1501.631,
          "Actual Rows": 7,
          "Actual Loops": 1,
          "Workers Planned": 6,
          "Workers Launched": 6,
          "Single Copy": false,
          "Plans": [
            {
              "Node Type": "Aggregate",
              "Strategy": "Plain",
              "Partial Mode": "Partial",
              "Parent Relationship": "Outer",
              "Parallel Aware": false,
              "Startup Cost": 427146.05,
              "Total Cost": 427146.06,
              "Plan Rows": 1,
              "Plan Width": 8,
              "Actual Startup Time": 1448.812,
              "Actual Total Time": 1449.045,
              "Actual Rows": 1,
              "Actual Loops": 7,
              "Plans": [
                {
                  "Node Type": "Hash Join",
                  "Parent Relationship": "Outer",
                  "Parallel Aware": true,
                  "Join Type": "Inner",
                  "Startup Cost": 83162.81,
                  "Total Cost": 425862.97,
                  "Plan Rows": 513232,
                  "Plan Width": 0,
                  "Actual Startup Time": 382.616,
                  "Actual Total Time": 1397.736,
                  "Actual Rows": 1148985,
                  "Actual Loops": 7,
                  "Inner Unique": false,
                  "Hash Cond": "(ci.movie_id = t.id)",
                  "Plans": [
                    {
                      "Node Type": "Index Scan",
                      "Parent Relationship": "Outer",
                      "Parallel Aware": true,
                      "Scan Direction": "Forward",
                      "Index Name": "role_id_cast_info",
                      "Relation Name": "cast_info",
                      "Alias": "ci",
                      "Startup Cost": 0.56,
                      "Total Cost": 335235.55,
                      "Plan Rows": 1648558,
                      "Plan Width": 4,
                      "Actual Startup Time": 0.411,
                      "Actual Total Time": 385.905,
                      "Actual Rows": 1810098,
                      "Actual Loops": 7,
                      "Index Cond": "(role_id = 1)",
                      "Rows Removed by Index Recheck": 0,
                      "Filter": "(person_id < 2929150)",
                      "Rows Removed by Filter": 0
                    },
                    {
                      "Node Type": "Hash",
                      "Parent Relationship": "Inner",
                      "Parallel Aware": true,
                      "Startup Cost": 80702.52,
                      "Total Cost": 80702.52,
                      "Plan Rows": 196778,
                      "Plan Width": 8,
                      "Actual Startup Time": 379.009,
                      "Actual Total Time": 379.24,
                      "Actual Rows": 143706,
                      "Actual Loops": 7,
                      "Hash Buckets": 1048576,
                      "Original Hash Buckets": 1048576,
                      "Hash Batches": 1,
                      "Original Hash Batches": 1,
                      "Peak Memory Usage": 47680,
                      "Plans": [
                        {
                          "Node Type": "Hash Join",
                          "Parent Relationship": "Outer",
                          "Parallel Aware": true,
                          "Join Type": "Inner",
                          "Startup Cost": 34588.66,
                          "Total Cost": 80702.52,
                          "Plan Rows": 196778,
                          "Plan Width": 8,
                          "Actual Startup Time": 123.381,
                          "Actual Total Time": 317.827,
                          "Actual Rows": 143706,
                          "Actual Loops": 7,
                          "Inner Unique": false,
                          "Hash Cond": "(t.id = mc.movie_id)",
                          "Plans": [
                            {
                              "Node Type": "Seq Scan",
                              "Parent Relationship": "Outer",
                              "Parallel Aware": true,
                              "Relation Name": "title",
                              "Alias": "t",
                              "Startup Cost": 0.0,
                              "Total Cost": 42318.73,
                              "Plan Rows": 632073,
                              "Plan Width": 4,
                              "Actual Startup Time": 0.013,
                              "Actual Total Time": 57.729,
                              "Actual Rows": 361187,
                              "Actual Loops": 7
                            },
                            {
                              "Node Type": "Hash",
                              "Parent Relationship": "Inner",
                              "Parallel Aware": true,
                              "Startup Cost": 31414.82,
                              "Total Cost": 31414.82,
                              "Plan Rows": 253907,
                              "Plan Width": 4,
                              "Actual Startup Time": 121.914,
                              "Actual Total Time": 121.915,
                              "Actual Rows": 143706,
                              "Actual Loops": 7,
                              "Hash Buckets": 1048576,
                              "Original Hash Buckets": 1048576,
                              "Hash Batches": 1,
                              "Original Hash Batches": 1,
                              "Peak Memory Usage": 47648,
                              "Plans": [
                                {
                                  "Node Type": "Seq Scan",
                                  "Parent Relationship": "Outer",
                                  "Parallel Aware": true,
                                  "Relation Name": "movie_companies",
                                  "Alias": "mc",
                                  "Startup Cost": 0.0,
                                  "Total Cost": 31414.82,
                                  "Plan Rows": 253907,
                                  "Plan Width": 4,
                                  "Actual Startup Time": 39.125,
                                  "Actual Total Time": 67.27,
                                  "Actual Rows": 143706,
                                  "Actual Loops": 7,
                                  "Filter": "((company_id > 6269) AND (company_type_id > 1))",
                                  "Rows Removed by Filter": 229027
                                }
                              ]
                            }
                          ]
                        }
                      ]
                    }
                  ]
                }
              ]
            }
          ]
        }
      ]
    },
    "Planning Time": 1.473,
    "Triggers": [],
    "Execution Time": 1501.742
  }
]