[
  {
    "Plan": {
      "Node Type": "Aggregate",
      "Strategy": "Plain",
      "Partial Mode": "Finalize",
      "Parallel Aware": false,
      "Startup Cost": 78697.2,
      "Total Cost": 78697.21,
      "Plan Rows": 1,
      "Plan Width": 8,
      "Actual Startup Time": 284.042,
      "Actual Total Time": 298.959,
      "Actual Rows": 1,
      "Actual Loops": 1,
      "Plans": [
        {
          "Node Type": "Gather",
          "Parent Relationship": "Outer",
          "Parallel Aware": false,
          "Startup Cost": 78696.88,
          "Total Cost": 78697.19,
          "Plan Rows": 3,
          "Plan Width": 8,
          "Actual Startup Time": 280.378,
          "Actual Total Time": 298.95,
          "Actual Rows": 4,
          "Actual Loops": 1,
          "Workers Planned": 3,
          "Workers Launched": 3,
          "Single Copy": false,
          "Plans": [
            {
              "Node Type": "Aggregate",
              "Strategy": "Plain",
              "Partial Mode": "Partial",
              "Parent Relationship": "Outer",
              "Parallel Aware": false,
              "Startup Cost": 77696.88,
              "Total Cost": 77696.89,
              "Plan Rows": 1,
              "Plan Width": 8,
              "Actual Startup Time": 272.991,
              "Actual Total Time": 272.995,
              "Actual Rows": 1,
              "Actual Loops": 4,
              "Plans": [
                {
                  "Node Type": "Hash Join",
                  "Parent Relationship": "Outer",
                  "Parallel Aware": true,
                  "Join Type": "Inner",
                  "Startup Cost": 52011.72,
                  "Total Cost": 77622.29,
                  "Plan Rows": 29835,
                  "Plan Width": 0,
                  "Actual Startup Time": 207.904,
                  "Actual Total Time": 270.106,
                  "Actual Rows": 57433,
                  "Actual Loops": 4,
                  "Inner Unique": true,
                  "Hash Cond": "(mk.movie_id = t.id)",
                  "Plans": [
                    {
                      "Node Type": "Bitmap Heap Scan",
                      "Parent Relationship": "Outer",
                      "Parallel Aware": true,
                      "Relation Name": "movie_keyword",
                      "Alias": "mk",
                      "Startup Cost": 5029.57,
                      "Total Cost": 30439.42,
                      "Plan Rows": 76468,
                      "Plan Width": 4,
                      "Actual Startup Time": 18.182,
                      "Actual Total Time": 58.342,
                      "Actual Rows": 60182,
                      "Actual Loops": 4,
                      "Recheck Cond": "(keyword_id > 61750)",
                      "Rows Removed by Index Recheck": 0,
                      "Exact Heap Blocks": 6690,
                      "Lossy Heap Blocks": 0,
                      "Plans": [
                        {
                          "Node Type": "Bitmap Index Scan",
                          "Parent Relationship": "Outer",
                          "Parallel Aware": false,
                          "Index Name": "keyword_id_movie_keyword",
                          "Startup Cost": 0.0,
                          "Total Cost": 4970.31,
                          "Plan Rows": 237050,
                          "Plan Width": 0,
                          "Actual Startup Time": 14.909,
                          "Actual Total Time": 14.91,
                          "Actual Rows": 240727,
                          "Actual Loops": 1,
                          "Index Cond": "(keyword_id > 61750)"
                        }
                      ]
                    },
                    {
                      "Node Type": "Hash",
                      "Parent Relationship": "Inner",
                      "Parallel Aware": true,
                      "Startup Cost": 43899.32,
                      "Total Cost": 43899.32,
                      "Plan Rows": 246626,
                      "Plan Width": 4,
                      "Actual Startup Time": 186.28,
                      "Actual Total Time": 186.281,
                      "Actual Rows": 246262,
                      "Actual Loops": 4,
                      "Hash Buckets": 1048576,
                      "Original Hash Buckets": 1048576,
                      "Hash Batches": 1,
                      "Original Hash Batches": 1,
                      "Peak Memory Usage": 46816,
                      "Plans": [
                        {
                          "Node Type": "Seq Scan",
                          "Parent Relationship": "Outer",
                          "Parallel Aware": true,
                          "Relation Name": "title",
                          "Alias": "t",
                          "Startup Cost": 0.0,
                          "Total Cost": 43899.32,
                          "Plan Rows": 246626,
                          "Plan Width": 4,
                          "Actual Startup Time": 0.043,
                          "Actual Total Time": 102.454,
                          "Actual Rows": 246262,
                          "Actual Loops": 4,
                          "Filter": "(kind_id < 7)",
                          "Rows Removed by Filter": 385816
                        }
                      ]
                    }
                  ]
                }
              ]
            }
          ]
        }
      ]
    },
    "Planning Time": 0.283,
    "Triggers": [],
    "Execution Time": 299.032
  }
]