[
  {
    "Plan": {
      "Node Type": "Aggregate",
      "Strategy": "Plain",
      "Partial Mode": "Finalize",
      "Parallel Aware": false,
      "Startup Cost": 384345.11,
      "Total Cost": 384345.12,
      "Plan Rows": 1,
      "Plan Width": 8,
      "Actual Startup Time": 760.27,
      "Actual Total Time": 782.786,
      "Actual Rows": 1,
      "Actual Loops": 1,
      "Plans": [
        {
          "Node Type": "Gather",
          "Parent Relationship": "Outer",
          "Parallel Aware": false,
          "Startup Cost": 384344.48,
          "Total Cost": 384345.09,
          "Plan Rows": 6,
          "Plan Width": 8,
          "Actual Startup Time": 733.066,
          "Actual Total Time": 782.774,
          "Actual Rows": 7,
          "Actual Loops": 1,
          "Workers Planned": 6,
          "Workers Launched": 6,
          "Single Copy": false,
          "Plans": [
            {
              "Node Type": "Aggregate",
              "Strategy": "Plain",
              "Partial Mode": "Partial",
              "Parent Relationship": "Outer",
              "Parallel Aware": false,
              "Startup Cost": 383344.48,
              "Total Cost": 383344.49,
              "Plan Rows": 1,
              "Plan Width": 8,
              "Actual Startup Time": 711.859,
              "Actual Total Time": 711.863,
              "Actual Rows": 1,
              "Actual Loops": 7,
              "Plans": [
                {
                  "Node Type": "Hash Join",
                  "Parent Relationship": "Outer",
                  "Parallel Aware": true,
                  "Join Type": "Inner",
                  "Startup Cost": 121564.26,
                  "Total Cost": 382877.52,
                  "Plan Rows": 186784,
                  "Plan Width": 0,
                  "Actual Startup Time": 396.348,
                  "Actual Total Time": 693.283,
                  "Actual Rows": 344856,
                  "Actual Loops": 7,
                  "Inner Unique": true,
                  "Hash Cond": "(ci.movie_id = t.id)",
                  "Plans": [
                    {
                      "Node Type": "Bitmap Heap Scan",
                      "Parent Relationship": "Outer",
                      "Parallel Aware": true,
                      "Relation Name": "cast_info",
                      "Alias": "ci",
                      "Startup Cost": 71344.61,
                      "Total Cost": 332167.57,
                      "Plan Rows": 186784,
                      "Plan Width": 4,
                      "Actual Startup Time": 131.763,
                      "Actual Total Time": 247.95,
                      "Actual Rows": 344856,
                      "Actual Loops": 7,
                      "Recheck Cond": "(person_id < 322321)",
                      "Rows Removed by Index Recheck": 0,
                      "Filter": "(role_id = 1)",
                      "Rows Removed by Filter": 133689,
                      "Exact Heap Blocks": 7614,
                      "Lossy Heap Blocks": 0,
                      "Plans": [
                        {
                          "Node Type": "Bitmap Index Scan",
                          "Parent Relationship": "Outer",
                          "Parallel Aware": false,
                          "Index Name": "person_id_cast_info",
                          "Startup Cost": 0.0,
                          "Total Cost": 71064.44,
                          "Plan Rows": 3254383,
                          "Plan Width": 0,
                          "Actual Startup Time": 125.857,
                          "Actual Total Time": 125.857,
                          "Actual Rows": 3349812,
                          "Actual Loops": 1,
                          "Index Cond": "(person_id < 322321)"
                        }
                      ]
                    },
                    {
                      "Node Type": "Hash",
                      "Parent Relationship": "Inner",
                      "Parallel Aware": true,
                      "Startup Cost": 42318.73,
                      "Total Cost": 42318.73,
                      "Plan Rows": 632073,
                      "Plan Width": 4,
                      "Actual Startup Time": 258.092,
                      "Actual Total Time": 258.094,
                      "Actual Rows": 361187,
                      "Actual Loops": 7,
                      "Hash Buckets": 4194304,
                      "Original Hash Buckets": 4194304,
                      "Hash Batches": 1,
                      "Original Hash Batches": 1,
                      "Peak Memory Usage": 131808,
                      "Plans": [
                        {
                          "Node Type": "Seq Scan",
                          "Parent Relationship": "Outer",
                          "Parallel Aware": true,
                          "Relation Name": "title",
                          "Alias": "t",
                          "Startup Cost": 0.0,
                          "Total Cost": 42318.73,
                          "Plan Rows": 632073,
                          "Plan Width": 4,
                          "Actual Startup Time": 0.038,
                          "Actual Total Time": 78.633,
                          "Actual Rows": 361187,
                          "Actual Loops": 7
                        }
                      ]
                    }
                  ]
                }
              ]
            }
          ]
        }
      ]
    },
    "Planning Time": 0.595,
    "Triggers": [],
    "Execution Time": 782.871
  }
]