[
  {
    "Plan": {
      "Node Type": "Aggregate",
      "Strategy": "Plain",
      "Partial Mode": "Finalize",
      "Parallel Aware": false,
      "Startup Cost": 89543.05,
      "Total Cost": 89543.06,
      "Plan Rows": 1,
      "Plan Width": 8,
      "Actual Startup Time": 271.036,
      "Actual Total Time": 289.606,
      "Actual Rows": 1,
      "Actual Loops": 1,
      "Plans": [
        {
          "Node Type": "Gather",
          "Parent Relationship": "Outer",
          "Parallel Aware": false,
          "Startup Cost": 89542.73,
          "Total Cost": 89543.04,
          "Plan Rows": 3,
          "Plan Width": 8,
          "Actual Startup Time": 269.814,
          "Actual Total Time": 289.599,
          "Actual Rows": 4,
          "Actual Loops": 1,
          "Workers Planned": 3,
          "Workers Launched": 3,
          "Single Copy": false,
          "Plans": [
            {
              "Node Type": "Aggregate",
              "Strategy": "Plain",
              "Partial Mode": "Partial",
              "Parent Relationship": "Outer",
              "Parallel Aware": false,
              "Startup Cost": 88542.73,
              "Total Cost": 88542.74,
              "Plan Rows": 1,
              "Plan Width": 8,
              "Actual Startup Time": 264.993,
              "Actual Total Time": 264.996,
              "Actual Rows": 1,
              "Actual Loops": 4,
              "Plans": [
                {
                  "Node Type": "Hash Join",
                  "Parent Relationship": "Outer",
                  "Parallel Aware": true,
                  "Join Type": "Inner",
                  "Startup Cost": 44709.16,
                  "Total Cost": 88441.53,
                  "Plan Rows": 40479,
                  "Plan Width": 0,
                  "Actual Startup Time": 125.799,
                  "Actual Total Time": 262.527,
                  "Actual Rows": 51194,
                  "Actual Loops": 4,
                  "Inner Unique": true,
                  "Hash Cond": "(mk.movie_id = t.id)",
                  "Plans": [
                    {
                      "Node Type": "Seq Scan",
                      "Parent Relationship": "Outer",
                      "Parallel Aware": true,
                      "Relation Name": "movie_keyword",
                      "Alias": "mk",
                      "Startup Cost": 0.0,
                      "Total Cost": 42695.65,
                      "Plan Rows": 394941,
                      "Plan Width": 4,
                      "Actual Startup Time": 0.031,
                      "Actual Total Time": 94.785,
                      "Actual Rows": 306438,
                      "Actual Loops": 4,
                      "Filter": "(keyword_id < 1556)",
                      "Rows Removed by Filter": 824544
                    },
                    {
                      "Node Type": "Hash",
                      "Parent Relationship": "Inner",
                      "Parallel Aware": true,
                      "Startup Cost": 43899.32,
                      "Total Cost": 43899.32,
                      "Plan Rows": 64787,
                      "Plan Width": 4,
                      "Actual Startup Time": 124.067,
                      "Actual Total Time": 124.068,
                      "Actual Rows": 68476,
                      "Actual Loops": 4,
                      "Hash Buckets": 524288,
                      "Original Hash Buckets": 262144,
                      "Hash Batches": 1,
                      "Original Hash Batches": 1,
                      "Peak Memory Usage": 16896,
                      "Plans": [
                        {
                          "Node Type": "Seq Scan",
                          "Parent Relationship": "Outer",
                          "Parallel Aware": true,
                          "Relation Name": "title",
                          "Alias": "t",
                          "Startup Cost": 0.0,
                          "Total Cost": 43899.32,
                          "Plan Rows": 64787,
                          "Plan Width": 4,
                          "Actual Startup Time": 0.029,
                          "Actual Total Time": 94.795,
                          "Actual Rows": 68476,
                          "Actual Loops": 4,
                          "Filter": "(production_year < 1963)",
                          "Rows Removed by Filter": 563602
                        }
                      ]
                    }
                  ]
                }
              ]
            }
          ]
        }
      ]
    },
    "Planning Time": 0.422,
    "Triggers": [],
    "Execution Time": 289.654
  }
]