{
  "Plan": {
    "Node Type": "Aggregate",
    "Strategy": "Plain",
    "Partial Mode": "Finalize",
    "Parallel Aware": false,
    "Startup Cost": 767463.61,
    "Total Cost": 767463.62,
    "Plan Rows": 1,
    "Plan Width": 8,
    "Actual Startup Time": 2735.761,
    "Actual Total Time": 2787.971,
    "Actual Rows": 1,
    "Actual Loops": 1,
    "Plans": [
      {
        "Node Type": "Gather",
        "Parent Relationship": "Outer",
        "Parallel Aware": false,
        "Startup Cost": 767463.5,
        "Total Cost": 767463.61,
        "Plan Rows": 1,
        "Plan Width": 8,
        "Actual Startup Time": 2731.914,
        "Actual Total Time": 2787.961,
        "Actual Rows": 2,
        "Actual Loops": 1,
        "Workers Planned": 1,
        "Workers Launched": 1,
        "Single Copy": false,
        "Plans": [
          {
            "Node Type": "Aggregate",
            "Strategy": "Plain",
            "Partial Mode": "Partial",
            "Parent Relationship": "Outer",
            "Parallel Aware": false,
            "Startup Cost": 766463.5,
            "Total Cost": 766463.51,
            "Plan Rows": 1,
            "Plan Width": 8,
            "Actual Startup Time": 2726.398,
            "Actual Total Time": 2727.217,
            "Actual Rows": 1,
            "Actual Loops": 2,
            "Plans": [
              {
                "Node Type": "Hash Join",
                "Parent Relationship": "Outer",
                "Parallel Aware": true,
                "Join Type": "Inner",
                "Startup Cost": 458602.28,
                "Total Cost": 761214.91,
                "Plan Rows": 2099434,
                "Plan Width": 0,
                "Actual Startup Time": 1070.129,
                "Actual Total Time": 2649.791,
                "Actual Rows": 1782875,
                "Actual Loops": 2,
                "Inner Unique": false,
                "Hash Cond": "(mi.movie_id = t.id)",
                "Plans": [
                  {
                    "Node Type": "Seq Scan",
                    "Parent Relationship": "Outer",
                    "Parallel Aware": true,
                    "Relation Name": "movie_info",
                    "Alias": "mi",
                    "Startup Cost": 0.0,
                    "Total Cost": 270696.42,
                    "Plan Rows": 5217764,
                    "Plan Width": 4,
                    "Actual Startup Time": 0.018,
                    "Actual Total Time": 685.365,
                    "Actual Rows": 4483347,
                    "Actual Loops": 2,
                    "Filter": "(info_type_id < 15)",
                    "Rows Removed by Filter": 2934513
                  },
                  {
                    "Node Type": "Hash",
                    "Parent Relationship": "Inner",
                    "Parallel Aware": true,
                    "Startup Cost": 451122.2,
                    "Total Cost": 451122.2,
                    "Plan Rows": 598406,
                    "Plan Width": 8,
                    "Actual Startup Time": 1063.624,
                    "Actual Total Time": 1064.437,
                    "Actual Rows": 333160,
                    "Actual Loops": 2,
                    "Hash Buckets": 1048576,
                    "Original Hash Buckets": 1048576,
                    "Hash Batches": 1,
                    "Original Hash Batches": 1,
                    "Peak Memory Usage": 34304,
                    "Plans": [
                      {
                        "Node Type": "Hash Join",
                        "Parent Relationship": "Outer",
                        "Parallel Aware": true,
                        "Join Type": "Inner",
                        "Startup Cost": 157883.6,
                        "Total Cost": 451122.2,
                        "Plan Rows": 598406,
                        "Plan Width": 8,
                        "Actual Startup Time": 658.475,
                        "Actual Total Time": 981.472,
                        "Actual Rows": 333160,
                        "Actual Loops": 2,
                        "Inner Unique": true,
                        "Hash Cond": "(ci.movie_id = t.id)",
                        "Plans": [
                          {
                            "Node Type": "Bitmap Heap Scan",
                            "Parent Relationship": "Outer",
                            "Parallel Aware": true,
                            "Relation Name": "cast_info",
                            "Alias": "ci",
                            "Startup Cost": 93478.52,
                            "Total Cost": 383742.38,
                            "Plan Rows": 1133235,
                            "Plan Width": 4,
                            "Actual Startup Time": 307.024,
                            "Actual Total Time": 410.241,
                            "Actual Rows": 607106,
                            "Actual Loops": 2,
                            "Recheck Cond": "(person_id < 421320)",
                            "Rows Removed by Index Recheck": 0,
                            "Filter": "(role_id > 2)",
                            "Rows Removed by Filter": 1574844,
                            "Exact Heap Blocks": 22690,
                            "Lossy Heap Blocks": 0,
                            "Plans": [
                              {
                                "Node Type": "Bitmap Index Scan",
                                "Parent Relationship": "Outer",
                                "Parallel Aware": false,
                                "Index Name": "person_id_cast_info",
                                "Startup Cost": 0.0,
                                "Total Cost": 92996.9,
                                "Plan Rows": 4258711,
                                "Plan Width": 0,
                                "Actual Startup Time": 153.478,
                                "Actual Total Time": 153.479,
                                "Actual Rows": 4363900,
                                "Actual Loops": 1,
                                "Index Cond": "(person_id < 421320)"
                              }
                            ]
                          },
                          {
                            "Node Type": "Hash",
                            "Parent Relationship": "Inner",
                            "Parallel Aware": true,
                            "Startup Cost": 54588.39,
                            "Total Cost": 54588.39,
                            "Plan Rows": 785335,
                            "Plan Width": 4,
                            "Actual Startup Time": 343.927,
                            "Actual Total Time": 343.928,
                            "Actual Rows": 661432,
                            "Actual Loops": 2,
                            "Hash Buckets": 2097152,
                            "Original Hash Buckets": 2097152,
                            "Hash Batches": 1,
                            "Original Hash Batches": 1,
                            "Peak Memory Usage": 68160,
                            "Plans": [
                              {
                                "Node Type": "Seq Scan",
                                "Parent Relationship": "Outer",
                                "Parallel Aware": true,
                                "Relation Name": "title",
                                "Alias": "t",
                                "Startup Cost": 0.0,
                                "Total Cost": 54588.39,
                                "Plan Rows": 785335,
                                "Plan Width": 4,
                                "Actual Startup Time": 0.038,
                                "Actual Total Time": 160.888,
                                "Actual Rows": 661432,
                                "Actual Loops": 2,
                                "Filter": "(production_year > 2001)",
                                "Rows Removed by Filter": 602724
                              }
                            ]
                          }
                        ]
                      }
                    ]
                  }
                ]
              }
            ]
          }
        ]
      }
    ]
  },
  "Planning Time": 0.506,
  "Triggers": [],
  "Execution Time": 2788.042
}