[
    {
        "Bao": {
            "Bao prediction": "NaN",
            "Bao recommended hint": "(no hint)"
        }
    },
    {
        "Plan": {
            "Node Type": "Aggregate",
            "Strategy": "Plain",
            "Partial Mode": "Finalize",
            "Parallel Aware": false,
            "Startup Cost": 352236.08,
            "Total Cost": 352236.09,
            "Plan Rows": 1,
            "Plan Width": 8,
            "Actual Startup Time": 954.538,
            "Actual Total Time": 987.007,
            "Actual Rows": 1,
            "Actual Loops": 1,
            "Output": [
                "count(*)"
            ],
            "Plans": [
                {
                    "Node Type": "Gather",
                    "Parent Relationship": "Outer",
                    "Parallel Aware": false,
                    "Startup Cost": 352235.45,
                    "Total Cost": 352236.06,
                    "Plan Rows": 6,
                    "Plan Width": 8,
                    "Actual Startup Time": 954.434,
                    "Actual Total Time": 986.996,
                    "Actual Rows": 7,
                    "Actual Loops": 1,
                    "Output": [
                        "(PARTIAL count(*))"
                    ],
                    "Workers Planned": 6,
                    "Workers Launched": 6,
                    "Single Copy": false,
                    "Plans": [
                        {
                            "Node Type": "Aggregate",
                            "Strategy": "Plain",
                            "Partial Mode": "Partial",
                            "Parent Relationship": "Outer",
                            "Parallel Aware": false,
                            "Startup Cost": 351235.45,
                            "Total Cost": 351235.46,
                            "Plan Rows": 1,
                            "Plan Width": 8,
                            "Actual Startup Time": 943.504,
                            "Actual Total Time": 943.505,
                            "Actual Rows": 1,
                            "Actual Loops": 7,
                            "Output": [
                                "PARTIAL count(*)"
                            ],
                            "Workers": [
                                {
                                    "Worker Number": 0,
                                    "Actual Startup Time": 941.246,
                                    "Actual Total Time": 941.247,
                                    "Actual Rows": 1,
                                    "Actual Loops": 1
                                },
                                {
                                    "Worker Number": 1,
                                    "Actual Startup Time": 941.613,
                                    "Actual Total Time": 941.615,
                                    "Actual Rows": 1,
                                    "Actual Loops": 1
                                },
                                {
                                    "Worker Number": 2,
                                    "Actual Startup Time": 941.613,
                                    "Actual Total Time": 941.614,
                                    "Actual Rows": 1,
                                    "Actual Loops": 1
                                },
                                {
                                    "Worker Number": 3,
                                    "Actual Startup Time": 941.133,
                                    "Actual Total Time": 941.134,
                                    "Actual Rows": 1,
                                    "Actual Loops": 1
                                },
                                {
                                    "Worker Number": 4,
                                    "Actual Startup Time": 942.502,
                                    "Actual Total Time": 942.503,
                                    "Actual Rows": 1,
                                    "Actual Loops": 1
                                },
                                {
                                    "Worker Number": 5,
                                    "Actual Startup Time": 942.526,
                                    "Actual Total Time": 942.527,
                                    "Actual Rows": 1,
                                    "Actual Loops": 1
                                }
                            ],
                            "Plans": [
                                {
                                    "Node Type": "Seq Scan",
                                    "Parent Relationship": "Outer",
                                    "Parallel Aware": true,
                                    "Relation Name": "cast_info",
                                    "Schema": "public",
                                    "Alias": "ci",
                                    "Startup Cost": 0.0,
                                    "Total Cost": 343318.94,
                                    "Plan Rows": 3166604,
                                    "Plan Width": 0,
                                    "Actual Startup Time": 229.782,
                                    "Actual Total Time": 770.557,
                                    "Actual Rows": 3081178,
                                    "Actual Loops": 7,
                                    "Output": [
                                        "id",
                                        "person_id",
                                        "movie_id",
                                        "person_role_id",
                                        "note",
                                        "nr_order",
                                        "role_id"
                                    ],
                                    "Filter": "((ci.person_id > 692343) AND (ci.role_id > 1))",
                                    "Rows Removed by Filter": 2096586,
                                    "Workers": [
                                        {
                                            "Worker Number": 0,
                                            "Actual Startup Time": 227.52,
                                            "Actual Total Time": 774.288,
                                            "Actual Rows": 2580006,
                                            "Actual Loops": 1
                                        },
                                        {
                                            "Worker Number": 1,
                                            "Actual Startup Time": 227.874,
                                            "Actual Total Time": 772.456,
                                            "Actual Rows": 2559429,
                                            "Actual Loops": 1
                                        },
                                        {
                                            "Worker Number": 2,
                                            "Actual Startup Time": 227.885,
                                            "Actual Total Time": 772.339,
                                            "Actual Rows": 2557266,
                                            "Actual Loops": 1
                                        },
                                        {
                                            "Worker Number": 3,
                                            "Actual Startup Time": 227.414,
                                            "Actual Total Time": 772.6,
                                            "Actual Rows": 4076682,
                                            "Actual Loops": 1
                                        },
                                        {
                                            "Worker Number": 4,
                                            "Actual Startup Time": 228.792,
                                            "Actual Total Time": 772.058,
                                            "Actual Rows": 4179094,
                                            "Actual Loops": 1
                                        },
                                        {
                                            "Worker Number": 5,
                                            "Actual Startup Time": 228.796,
                                            "Actual Total Time": 772.81,
                                            "Actual Rows": 2538470,
                                            "Actual Loops": 1
                                        }
                                    ]
                                }
                            ]
                        }
                    ]
                }
            ]
        },
        "Planning Time": 281.792,
        "Triggers": [],
        "Execution Time": 987.088
    }
]