[
  {
    "Plan": {
      "Node Type": "Aggregate",
      "Strategy": "Plain",
      "Partial Mode": "Finalize",
      "Parallel Aware": false,
      "Startup Cost": 33216.32,
      "Total Cost": 33216.33,
      "Plan Rows": 1,
      "Plan Width": 8,
      "Actual Startup Time": 101.469,
      "Actual Total Time": 109.248,
      "Actual Rows": 1,
      "Actual Loops": 1,
      "Plans": [
        {
          "Node Type": "Gather",
          "Parent Relationship": "Outer",
          "Parallel Aware": false,
          "Startup Cost": 33216.0,
          "Total Cost": 33216.31,
          "Plan Rows": 3,
          "Plan Width": 8,
          "Actual Startup Time": 101.356,
          "Actual Total Time": 109.24,
          "Actual Rows": 4,
          "Actual Loops": 1,
          "Workers Planned": 3,
          "Workers Launched": 3,
          "Single Copy": false,
          "Plans": [
            {
              "Node Type": "Aggregate",
              "Strategy": "Plain",
              "Partial Mode": "Partial",
              "Parent Relationship": "Outer",
              "Parallel Aware": false,
              "Startup Cost": 32216.0,
              "Total Cost": 32216.01,
              "Plan Rows": 1,
              "Plan Width": 8,
              "Actual Startup Time": 93.481,
              "Actual Total Time": 93.482,
              "Actual Rows": 1,
              "Actual Loops": 4,
              "Plans": [
                {
                  "Node Type": "Seq Scan",
                  "Parent Relationship": "Outer",
                  "Parallel Aware": true,
                  "Relation Name": "movie_companies",
                  "Alias": "mc",
                  "Startup Cost": 0.0,
                  "Total Cost": 31414.82,
                  "Plan Rows": 320474,
                  "Plan Width": 0,
                  "Actual Startup Time": 47.621,
                  "Actual Total Time": 82.423,
                  "Actual Rows": 287944,
                  "Actual Loops": 4,
                  "Filter": "((company_id > 885) AND (company_type_id = 2))",
                  "Rows Removed by Filter": 364338
                }
              ]
            }
          ]
        }
      ]
    },
    "Planning Time": 0.155,
    "Triggers": [],
    "Execution Time": 109.288
  }
]