[
  {
    "Plan": {
      "Node Type": "Aggregate",
      "Strategy": "Plain",
      "Partial Mode": "Finalize",
      "Parallel Aware": false,
      "Startup Cost": 347598.3,
      "Total Cost": 347598.31,
      "Plan Rows": 1,
      "Plan Width": 8,
      "Actual Startup Time": 669.594,
      "Actual Total Time": 718.913,
      "Actual Rows": 1,
      "Actual Loops": 1,
      "Plans": [
        {
          "Node Type": "Gather",
          "Parent Relationship": "Outer",
          "Parallel Aware": false,
          "Startup Cost": 347597.68,
          "Total Cost": 347598.29,
          "Plan Rows": 6,
          "Plan Width": 8,
          "Actual Startup Time": 669.408,
          "Actual Total Time": 718.894,
          "Actual Rows": 7,
          "Actual Loops": 1,
          "Workers Planned": 6,
          "Workers Launched": 6,
          "Single Copy": false,
          "Plans": [
            {
              "Node Type": "Aggregate",
              "Strategy": "Plain",
              "Partial Mode": "Partial",
              "Parent Relationship": "Outer",
              "Parallel Aware": false,
              "Startup Cost": 346597.68,
              "Total Cost": 346597.69,
              "Plan Rows": 1,
              "Plan Width": 8,
              "Actual Startup Time": 661.364,
              "Actual Total Time": 661.365,
              "Actual Rows": 1,
              "Actual Loops": 7,
              "Plans": [
                {
                  "Node Type": "Seq Scan",
                  "Parent Relationship": "Outer",
                  "Parallel Aware": true,
                  "Relation Name": "cast_info",
                  "Alias": "ci",
                  "Startup Cost": 0.0,
                  "Total Cost": 343316.27,
                  "Plan Rows": 1312563,
                  "Plan Width": 0,
                  "Actual Startup Time": 237.732,
                  "Actual Total Time": 636.526,
                  "Actual Rows": 485571,
                  "Actual Loops": 7,
                  "Filter": "((person_id < 1206457) AND (role_id > 1))",
                  "Rows Removed by Filter": 4692192
                }
              ]
            }
          ]
        }
      ]
    },
    "Planning Time": 0.199,
    "Triggers": [],
    "Execution Time": 718.976
  }
]