[
  {
    "Plan": {
      "Node Type": "Aggregate",
      "Strategy": "Plain",
      "Partial Mode": "Finalize",
      "Parallel Aware": false,
      "Startup Cost": 347610.48,
      "Total Cost": 347610.49,
      "Plan Rows": 1,
      "Plan Width": 8,
      "Actual Startup Time": 636.624,
      "Actual Total Time": 695.922,
      "Actual Rows": 1,
      "Actual Loops": 1,
      "Plans": [
        {
          "Node Type": "Gather",
          "Parent Relationship": "Outer",
          "Parallel Aware": false,
          "Startup Cost": 347609.86,
          "Total Cost": 347610.47,
          "Plan Rows": 6,
          "Plan Width": 8,
          "Actual Startup Time": 636.493,
          "Actual Total Time": 695.91,
          "Actual Rows": 7,
          "Actual Loops": 1,
          "Workers Planned": 6,
          "Workers Launched": 6,
          "Single Copy": false,
          "Plans": [
            {
              "Node Type": "Aggregate",
              "Strategy": "Plain",
              "Partial Mode": "Partial",
              "Parent Relationship": "Outer",
              "Parallel Aware": false,
              "Startup Cost": 346609.86,
              "Total Cost": 346609.87,
              "Plan Rows": 1,
              "Plan Width": 8,
              "Actual Startup Time": 626.84,
              "Actual Total Time": 626.841,
              "Actual Rows": 1,
              "Actual Loops": 7,
              "Plans": [
                {
                  "Node Type": "Seq Scan",
                  "Parent Relationship": "Outer",
                  "Parallel Aware": true,
                  "Relation Name": "cast_info",
                  "Alias": "ci",
                  "Startup Cost": 0.0,
                  "Total Cost": 343257.03,
                  "Plan Rows": 1341132,
                  "Plan Width": 0,
                  "Actual Startup Time": 224.486,
                  "Actual Total Time": 606.114,
                  "Actual Rows": 485571,
                  "Actual Loops": 7,
                  "Filter": "((person_id < 1206457) AND (role_id > 1))",
                  "Rows Removed by Filter": 4692192
                }
              ]
            }
          ]
        }
      ]
    },
    "Planning Time": 0.231,
    "Triggers": [],
    "Execution Time": 695.999
  }
]