[
  {
    "Plan": {
      "Node Type": "Aggregate",
      "Strategy": "Plain",
      "Partial Mode": "Finalize",
      "Parallel Aware": false,
      "Startup Cost": 313507.44,
      "Total Cost": 313507.45,
      "Plan Rows": 1,
      "Plan Width": 8,
      "Actual Startup Time": 1181.033,
      "Actual Total Time": 1242.05,
      "Actual Rows": 1,
      "Actual Loops": 1,
      "Plans": [
        {
          "Node Type": "Gather",
          "Parent Relationship": "Outer",
          "Parallel Aware": false,
          "Startup Cost": 313506.92,
          "Total Cost": 313507.43,
          "Plan Rows": 5,
          "Plan Width": 8,
          "Actual Startup Time": 1169.837,
          "Actual Total Time": 1242.039,
          "Actual Rows": 6,
          "Actual Loops": 1,
          "Workers Planned": 5,
          "Workers Launched": 5,
          "Single Copy": false,
          "Plans": [
            {
              "Node Type": "Aggregate",
              "Strategy": "Plain",
              "Partial Mode": "Partial",
              "Parent Relationship": "Outer",
              "Parallel Aware": false,
              "Startup Cost": 312506.92,
              "Total Cost": 312506.93,
              "Plan Rows": 1,
              "Plan Width": 8,
              "Actual Startup Time": 1153.949,
              "Actual Total Time": 1153.96,
              "Actual Rows": 1,
              "Actual Loops": 6,
              "Plans": [
                {
                  "Node Type": "Hash Join",
                  "Parent Relationship": "Outer",
                  "Parallel Aware": true,
                  "Join Type": "Inner",
                  "Startup Cost": 100037.13,
                  "Total Cost": 309820.25,
                  "Plan Rows": 1074668,
                  "Plan Width": 0,
                  "Actual Startup Time": 448.122,
                  "Actual Total Time": 1134.72,
                  "Actual Rows": 361868,
                  "Actual Loops": 6,
                  "Inner Unique": false,
                  "Hash Cond": "(mi.movie_id = t.id)",
                  "Plans": [
                    {
                      "Node Type": "Seq Scan",
                      "Parent Relationship": "Outer",
                      "Parallel Aware": true,
                      "Relation Name": "movie_info",
                      "Alias": "mi",
                      "Startup Cost": 0.0,
                      "Total Cost": 199108.24,
                      "Plan Rows": 1922185,
                      "Plan Width": 4,
                      "Actual Startup Time": 0.033,
                      "Actual Total Time": 420.22,
                      "Actual Rows": 1594192,
                      "Actual Loops": 6,
                      "Filter": "(info_type_id < 16)",
                      "Rows Removed by Filter": 878428
                    },
                    {
                      "Node Type": "Hash",
                      "Parent Relationship": "Inner",
                      "Parallel Aware": true,
                      "Startup Cost": 94337.09,
                      "Total Cost": 94337.09,
                      "Plan Rows": 456003,
                      "Plan Width": 8,
                      "Actual Startup Time": 440.638,
                      "Actual Total Time": 440.646,
                      "Actual Rows": 60810,
                      "Actual Loops": 6,
                      "Hash Buckets": 2097152,
                      "Original Hash Buckets": 2097152,
                      "Hash Batches": 1,
                      "Original Hash Batches": 1,
                      "Peak Memory Usage": 30784,
                      "Plans": [
                        {
                          "Node Type": "Hash Join",
                          "Parent Relationship": "Outer",
                          "Parallel Aware": true,
                          "Join Type": "Inner",
                          "Startup Cost": 48745.44,
                          "Total Cost": 94337.09,
                          "Plan Rows": 456003,
                          "Plan Width": 8,
                          "Actual Startup Time": 236.412,
                          "Actual Total Time": 408.575,
                          "Actual Rows": 60810,
                          "Actual Loops": 6,
                          "Inner Unique": true,
                          "Hash Cond": "(mk.movie_id = t.id)",
                          "Plans": [
                            {
                              "Node Type": "Seq Scan",
                              "Parent Relationship": "Outer",
                              "Parallel Aware": true,
                              "Relation Name": "movie_keyword",
                              "Alias": "mk",
                              "Startup Cost": 0.0,
                              "Total Cost": 42695.65,
                              "Plan Rows": 1103240,
                              "Plan Width": 4,
                              "Actual Startup Time": 0.048,
                              "Actual Total Time": 101.236,
                              "Actual Rows": 568190,
                              "Actual Loops": 6,
                              "Filter": "(keyword_id > 1150)",
                              "Rows Removed by Filter": 185799
                            },
                            {
                              "Node Type": "Hash",
                              "Parent Relationship": "Inner",
                              "Parallel Aware": true,
                              "Startup Cost": 45479.59,
                              "Total Cost": 45479.59,
                              "Plan Rows": 261268,
                              "Plan Width": 4,
                              "Actual Startup Time": 234.814,
                              "Actual Total Time": 234.817,
                              "Actual Rows": 189038,
                              "Actual Loops": 6,
                              "Hash Buckets": 2097152,
                              "Original Hash Buckets": 1048576,
                              "Hash Batches": 1,
                              "Original Hash Batches": 1,
                              "Peak Memory Usage": 69056,
                              "Plans": [
                                {
                                  "Node Type": "Seq Scan",
                                  "Parent Relationship": "Outer",
                                  "Parallel Aware": true,
                                  "Relation Name": "title",
                                  "Alias": "t",
                                  "Startup Cost": 0.0,
                                  "Total Cost": 45479.59,
                                  "Plan Rows": 261268,
                                  "Plan Width": 4,
                                  "Actual Startup Time": 0.052,
                                  "Actual Total Time": 105.034,
                                  "Actual Rows": 189038,
                                  "Actual Loops": 6,
                                  "Filter": "((production_year > 1992) AND (kind_id = 7))",
                                  "Rows Removed by Filter": 232347
                                }
                              ]
                            }
                          ]
                        }
                      ]
                    }
                  ]
                }
              ]
            }
          ]
        }
      ]
    },
    "Planning Time": 1.502,
    "Triggers": [],
    "Execution Time": 1242.178
  }
]