[
  {
    "Plan": {
      "Node Type": "Aggregate",
      "Strategy": "Plain",
      "Partial Mode": "Finalize",
      "Parallel Aware": false,
      "Startup Cost": 46481.03,
      "Total Cost": 46481.04,
      "Plan Rows": 1,
      "Plan Width": 8,
      "Actual Startup Time": 96.224,
      "Actual Total Time": 107.621,
      "Actual Rows": 1,
      "Actual Loops": 1,
      "Plans": [
        {
          "Node Type": "Gather",
          "Parent Relationship": "Outer",
          "Parallel Aware": false,
          "Startup Cost": 46480.61,
          "Total Cost": 46481.02,
          "Plan Rows": 4,
          "Plan Width": 8,
          "Actual Startup Time": 95.812,
          "Actual Total Time": 107.613,
          "Actual Rows": 5,
          "Actual Loops": 1,
          "Workers Planned": 4,
          "Workers Launched": 4,
          "Single Copy": false,
          "Plans": [
            {
              "Node Type": "Aggregate",
              "Strategy": "Plain",
              "Partial Mode": "Partial",
              "Parent Relationship": "Outer",
              "Parallel Aware": false,
              "Startup Cost": 45480.61,
              "Total Cost": 45480.62,
              "Plan Rows": 1,
              "Plan Width": 8,
              "Actual Startup Time": 88.807,
              "Actual Total Time": 88.808,
              "Actual Rows": 1,
              "Actual Loops": 5,
              "Plans": [
                {
                  "Node Type": "Seq Scan",
                  "Parent Relationship": "Outer",
                  "Parallel Aware": true,
                  "Relation Name": "title",
                  "Alias": "t",
                  "Startup Cost": 0.0,
                  "Total Cost": 45479.59,
                  "Plan Rows": 411,
                  "Plan Width": 0,
                  "Actual Startup Time": 58.254,
                  "Actual Total Time": 88.655,
                  "Actual Rows": 1174,
                  "Actual Loops": 5,
                  "Filter": "((production_year < 1900) AND (kind_id = 1))",
                  "Rows Removed by Filter": 504488
                }
              ]
            }
          ]
        }
      ]
    },
    "Planning Time": 0.103,
    "Triggers": [],
    "Execution Time": 107.656
  }
]