{
  "Plan": {
    "Node Type": "Aggregate",
    "Strategy": "Plain",
    "Partial Mode": "Finalize",
    "Parallel Aware": false,
    "Startup Cost": 210699.03,
    "Total Cost": 210699.04,
    "Plan Rows": 1,
    "Plan Width": 8,
    "Actual Startup Time": 1374.986,
    "Actual Total Time": 1392.715,
    "Actual Rows": 1,
    "Actual Loops": 1,
    "Plans": [
      {
        "Node Type": "Gather",
        "Parent Relationship": "Outer",
        "Parallel Aware": false,
        "Startup Cost": 210698.91,
        "Total Cost": 210699.02,
        "Plan Rows": 1,
        "Plan Width": 8,
        "Actual Startup Time": 1371.006,
        "Actual Total Time": 1392.707,
        "Actual Rows": 2,
        "Actual Loops": 1,
        "Workers Planned": 1,
        "Workers Launched": 1,
        "Single Copy": false,
        "Plans": [
          {
            "Node Type": "Aggregate",
            "Strategy": "Plain",
            "Partial Mode": "Partial",
            "Parent Relationship": "Outer",
            "Parallel Aware": false,
            "Startup Cost": 209698.91,
            "Total Cost": 209698.92,
            "Plan Rows": 1,
            "Plan Width": 8,
            "Actual Startup Time": 1363.177,
            "Actual Total Time": 1363.181,
            "Actual Rows": 1,
            "Actual Loops": 2,
            "Plans": [
              {
                "Node Type": "Hash Join",
                "Parent Relationship": "Outer",
                "Parallel Aware": true,
                "Join Type": "Inner",
                "Startup Cost": 67972.85,
                "Total Cost": 209361.36,
                "Plan Rows": 135022,
                "Plan Width": 0,
                "Actual Startup Time": 478.272,
                "Actual Total Time": 1316.01,
                "Actual Rows": 1059981,
                "Actual Loops": 2,
                "Inner Unique": true,
                "Hash Cond": "(ci.movie_id = t.id)",
                "Plans": [
                  {
                    "Node Type": "Index Scan",
                    "Parent Relationship": "Outer",
                    "Parallel Aware": true,
                    "Scan Direction": "Forward",
                    "Index Name": "role_id_cast_info",
                    "Relation Name": "cast_info",
                    "Alias": "ci",
                    "Startup Cost": 0.56,
                    "Total Cost": 140896.75,
                    "Plan Rows": 187548,
                    "Plan Width": 4,
                    "Actual Startup Time": 4.535,
                    "Actual Total Time": 334.614,
                    "Actual Rows": 1168028,
                    "Actual Loops": 2,
                    "Index Cond": "(role_id = 10)",
                    "Rows Removed by Index Recheck": 0,
                    "Filter": "(person_id > 3571710)",
                    "Rows Removed by Filter": 993481
                  },
                  {
                    "Node Type": "Hash",
                    "Parent Relationship": "Inner",
                    "Parallel Aware": true,
                    "Startup Cost": 54588.39,
                    "Total Cost": 54588.39,
                    "Plan Rows": 1070712,
                    "Plan Width": 4,
                    "Actual Startup Time": 458.942,
                    "Actual Total Time": 458.944,
                    "Actual Rows": 906622,
                    "Actual Loops": 2,
                    "Hash Buckets": 2097152,
                    "Original Hash Buckets": 2097152,
                    "Hash Batches": 1,
                    "Original Hash Batches": 1,
                    "Peak Memory Usage": 87360,
                    "Plans": [
                      {
                        "Node Type": "Seq Scan",
                        "Parent Relationship": "Outer",
                        "Parallel Aware": true,
                        "Relation Name": "title",
                        "Alias": "t",
                        "Startup Cost": 0.0,
                        "Total Cost": 54588.39,
                        "Plan Rows": 1070712,
                        "Plan Width": 4,
                        "Actual Startup Time": 0.04,
                        "Actual Total Time": 179.465,
                        "Actual Rows": 906622,
                        "Actual Loops": 2,
                        "Filter": "(production_year > 1987)",
                        "Rows Removed by Filter": 357534
                      }
                    ]
                  }
                ]
              }
            ]
          }
        ]
      }
    ]
  },
  "Planning Time": 0.722,
  "Triggers": [],
  "Execution Time": 1392.795
}