{
  "Plan": {
    "Node Type": "Aggregate",
    "Strategy": "Plain",
    "Partial Mode": "Finalize",
    "Parallel Aware": false,
    "Startup Cost": 830058.31,
    "Total Cost": 830058.32,
    "Plan Rows": 1,
    "Plan Width": 8,
    "Actual Startup Time": 9569.612,
    "Actual Total Time": 9673.676,
    "Actual Rows": 1,
    "Actual Loops": 1,
    "Plans": [
      {
        "Node Type": "Gather",
        "Parent Relationship": "Outer",
        "Parallel Aware": false,
        "Startup Cost": 830058.2,
        "Total Cost": 830058.31,
        "Plan Rows": 1,
        "Plan Width": 8,
        "Actual Startup Time": 9550.406,
        "Actual Total Time": 9673.668,
        "Actual Rows": 2,
        "Actual Loops": 1,
        "Workers Planned": 1,
        "Workers Launched": 1,
        "Single Copy": false,
        "Plans": [
          {
            "Node Type": "Aggregate",
            "Strategy": "Plain",
            "Partial Mode": "Partial",
            "Parent Relationship": "Outer",
            "Parallel Aware": false,
            "Startup Cost": 829058.2,
            "Total Cost": 829058.21,
            "Plan Rows": 1,
            "Plan Width": 8,
            "Actual Startup Time": 9520.666,
            "Actual Total Time": 9520.672,
            "Actual Rows": 1,
            "Actual Loops": 2,
            "Plans": [
              {
                "Node Type": "Hash Join",
                "Parent Relationship": "Outer",
                "Parallel Aware": true,
                "Join Type": "Inner",
                "Startup Cost": 593038.69,
                "Total Cost": 815088.54,
                "Plan Rows": 5587864,
                "Plan Width": 0,
                "Actual Startup Time": 6169.59,
                "Actual Total Time": 8605.44,
                "Actual Rows": 21549774,
                "Actual Loops": 2,
                "Inner Unique": false,
                "Hash Cond": "(mi.movie_id = t.id)",
                "Plans": [
                  {
                    "Node Type": "Bitmap Heap Scan",
                    "Parent Relationship": "Outer",
                    "Parallel Aware": true,
                    "Relation Name": "movie_info",
                    "Alias": "mi",
                    "Startup Cost": 35254.11,
                    "Total Cost": 211556.11,
                    "Plan Rows": 1144719,
                    "Plan Width": 4,
                    "Actual Startup Time": 68.248,
                    "Actual Total Time": 202.73,
                    "Actual Rows": 932816,
                    "Actual Loops": 2,
                    "Recheck Cond": "(info_type_id > 17)",
                    "Rows Removed by Index Recheck": 0,
                    "Exact Heap Blocks": 21079,
                    "Lossy Heap Blocks": 0,
                    "Plans": [
                      {
                        "Node Type": "Bitmap Index Scan",
                        "Parent Relationship": "Outer",
                        "Parallel Aware": false,
                        "Index Name": "info_type_id_movie_info",
                        "Startup Cost": 0.0,
                        "Total Cost": 34767.61,
                        "Plan Rows": 1946023,
                        "Plan Width": 0,
                        "Actual Startup Time": 61.728,
                        "Actual Total Time": 61.728,
                        "Actual Rows": 1865632,
                        "Actual Loops": 1,
                        "Index Cond": "(info_type_id > 17)"
                      }
                    ]
                  },
                  {
                    "Node Type": "Hash",
                    "Parent Relationship": "Inner",
                    "Parallel Aware": true,
                    "Startup Cost": 467036.96,
                    "Total Cost": 467036.96,
                    "Plan Rows": 7259809,
                    "Plan Width": 8,
                    "Actual Startup Time": 6046.236,
                    "Actual Total Time": 6046.241,
                    "Actual Rows": 6056823,
                    "Actual Loops": 2,
                    "Hash Buckets": 16777216,
                    "Original Hash Buckets": 16777216,
                    "Hash Batches": 1,
                    "Original Hash Batches": 1,
                    "Peak Memory Usage": 604992,
                    "Plans": [
                      {
                        "Node Type": "Hash Join",
                        "Parent Relationship": "Outer",
                        "Parallel Aware": true,
                        "Join Type": "Inner",
                        "Startup Cost": 69461.26,
                        "Total Cost": 467036.96,
                        "Plan Rows": 7259809,
                        "Plan Width": 8,
                        "Actual Startup Time": 492.677,
                        "Actual Total Time": 4123.003,
                        "Actual Rows": 6056823,
                        "Actual Loops": 2,
                        "Inner Unique": true,
                        "Hash Cond": "(ci.movie_id = t.id)",
                        "Plans": [
                          {
                            "Node Type": "Index Scan",
                            "Parent Relationship": "Outer",
                            "Parallel Aware": true,
                            "Scan Direction": "Forward",
                            "Index Name": "role_id_cast_info",
                            "Relation Name": "cast_info",
                            "Alias": "ci",
                            "Startup Cost": 0.56,
                            "Total Cost": 378519.23,
                            "Plan Rows": 7259809,
                            "Plan Width": 4,
                            "Actual Startup Time": 0.052,
                            "Actual Total Time": 894.446,
                            "Actual Rows": 6056823,
                            "Actual Loops": 2,
                            "Index Cond": "(role_id > 3)",
                            "Rows Removed by Index Recheck": 0
                          },
                          {
                            "Node Type": "Hash",
                            "Parent Relationship": "Inner",
                            "Parallel Aware": true,
                            "Startup Cost": 50870.31,
                            "Total Cost": 50870.31,
                            "Plan Rows": 1487231,
                            "Plan Width": 4,
                            "Actual Startup Time": 481.648,
                            "Actual Total Time": 481.649,
                            "Actual Rows": 1264156,
                            "Actual Loops": 2,
                            "Hash Buckets": 4194304,
                            "Original Hash Buckets": 4194304,
                            "Hash Batches": 1,
                            "Original Hash Batches": 1,
                            "Peak Memory Usage": 131712,
                            "Plans": [
                              {
                                "Node Type": "Seq Scan",
                                "Parent Relationship": "Outer",
                                "Parallel Aware": true,
                                "Relation Name": "title",
                                "Alias": "t",
                                "Startup Cost": 0.0,
                                "Total Cost": 50870.31,
                                "Plan Rows": 1487231,
                                "Plan Width": 4,
                                "Actual Startup Time": 0.044,
                                "Actual Total Time": 154.087,
                                "Actual Rows": 1264156,
                                "Actual Loops": 2
                              }
                            ]
                          }
                        ]
                      }
                    ]
                  }
                ]
              }
            ]
          }
        ]
      }
    ]
  },
  "Planning Time": 0.85,
  "Triggers": [],
  "Execution Time": 9673.788
}