[
  {
    "Plan": {
      "Node Type": "Aggregate",
      "Strategy": "Plain",
      "Partial Mode": "Finalize",
      "Parallel Aware": false,
      "Startup Cost": 149364.98,
      "Total Cost": 149364.99,
      "Plan Rows": 1,
      "Plan Width": 8,
      "Actual Startup Time": 1061.139,
      "Actual Total Time": 1102.151,
      "Actual Rows": 1,
      "Actual Loops": 1,
      "Plans": [
        {
          "Node Type": "Gather",
          "Parent Relationship": "Outer",
          "Parallel Aware": false,
          "Startup Cost": 149364.76,
          "Total Cost": 149364.97,
          "Plan Rows": 2,
          "Plan Width": 8,
          "Actual Startup Time": 1049.702,
          "Actual Total Time": 1102.139,
          "Actual Rows": 3,
          "Actual Loops": 1,
          "Workers Planned": 2,
          "Workers Launched": 2,
          "Single Copy": false,
          "Plans": [
            {
              "Node Type": "Aggregate",
              "Strategy": "Plain",
              "Partial Mode": "Partial",
              "Parent Relationship": "Outer",
              "Parallel Aware": false,
              "Startup Cost": 148364.76,
              "Total Cost": 148364.77,
              "Plan Rows": 1,
              "Plan Width": 8,
              "Actual Startup Time": 1046.383,
              "Actual Total Time": 1046.483,
              "Actual Rows": 1,
              "Actual Loops": 3,
              "Plans": [
                {
                  "Node Type": "Nested Loop",
                  "Parent Relationship": "Outer",
                  "Parallel Aware": false,
                  "Join Type": "Inner",
                  "Startup Cost": 45999.38,
                  "Total Cost": 147809.94,
                  "Plan Rows": 221930,
                  "Plan Width": 0,
                  "Actual Startup Time": 141.707,
                  "Actual Total Time": 978.06,
                  "Actual Rows": 1553189,
                  "Actual Loops": 3,
                  "Inner Unique": false,
                  "Join Filter": "(t.id = mi.movie_id)",
                  "Rows Removed by Join Filter": 0,
                  "Plans": [
                    {
                      "Node Type": "Hash Join",
                      "Parent Relationship": "Outer",
                      "Parallel Aware": true,
                      "Join Type": "Inner",
                      "Startup Cost": 45998.95,
                      "Total Cost": 61193.51,
                      "Plan Rows": 37797,
                      "Plan Width": 8,
                      "Actual Startup Time": 141.623,
                      "Actual Total Time": 252.963,
                      "Actual Rows": 81889,
                      "Actual Loops": 3,
                      "Inner Unique": true,
                      "Hash Cond": "(mi_idx.movie_id = t.id)",
                      "Plans": [
                        {
                          "Node Type": "Seq Scan",
                          "Parent Relationship": "Outer",
                          "Parallel Aware": true,
                          "Relation Name": "movie_info_idx",
                          "Alias": "mi_idx",
                          "Startup Cost": 0.0,
                          "Total Cost": 13685.15,
                          "Plan Rows": 575015,
                          "Plan Width": 4,
                          "Actual Startup Time": 0.009,
                          "Actual Total Time": 36.58,
                          "Actual Rows": 460012,
                          "Actual Loops": 3
                        },
                        {
                          "Node Type": "Hash",
                          "Parent Relationship": "Inner",
                          "Parallel Aware": true,
                          "Startup Cost": 45479.59,
                          "Total Cost": 45479.59,
                          "Plan Rows": 41549,
                          "Plan Width": 4,
                          "Actual Startup Time": 139.114,
                          "Actual Total Time": 139.115,
                          "Actual Rows": 102062,
                          "Actual Loops": 3,
                          "Hash Buckets": 524288,
                          "Original Hash Buckets": 262144,
                          "Hash Batches": 1,
                          "Original Hash Batches": 1,
                          "Peak Memory Usage": 18176,
                          "Plans": [
                            {
                              "Node Type": "Seq Scan",
                              "Parent Relationship": "Outer",
                              "Parallel Aware": true,
                              "Relation Name": "title",
                              "Alias": "t",
                              "Startup Cost": 0.0,
                              "Total Cost": 45479.59,
                              "Plan Rows": 41549,
                              "Plan Width": 4,
                              "Actual Startup Time": 0.099,
                              "Actual Total Time": 109.848,
                              "Actual Rows": 102062,
                              "Actual Loops": 3,
                              "Filter": "((kind_id < 4) AND (production_year < 1980))",
                              "Rows Removed by Filter": 740709
                            }
                          ]
                        }
                      ]
                    },
                    {
                      "Node Type": "Index Only Scan",
                      "Parent Relationship": "Inner",
                      "Parallel Aware": false,
                      "Scan Direction": "Forward",
                      "Index Name": "movie_id_movie_info",
                      "Relation Name": "movie_info",
                      "Alias": "mi",
                      "Startup Cost": 0.43,
                      "Total Cost": 1.78,
                      "Plan Rows": 41,
                      "Plan Width": 4,
                      "Actual Startup Time": 0.002,
                      "Actual Total Time": 0.007,
                      "Actual Rows": 19,
                      "Actual Loops": 245668,
                      "Index Cond": "(movie_id = mi_idx.movie_id)",
                      "Rows Removed by Index Recheck": 0,
                      "Heap Fetches": 4659567
                    }
                  ]
                }
              ]
            }
          ]
        }
      ]
    },
    "Planning Time": 0.987,
    "Triggers": [],
    "Execution Time": 1102.236
  }
]