[
  {
    "Plan": {
      "Node Type": "Aggregate",
      "Strategy": "Plain",
      "Partial Mode": "Finalize",
      "Parallel Aware": false,
      "Startup Cost": 78032.59,
      "Total Cost": 78032.6,
      "Plan Rows": 1,
      "Plan Width": 8,
      "Actual Startup Time": 235.55,
      "Actual Total Time": 252.078,
      "Actual Rows": 1,
      "Actual Loops": 1,
      "Plans": [
        {
          "Node Type": "Gather",
          "Parent Relationship": "Outer",
          "Parallel Aware": false,
          "Startup Cost": 78032.27,
          "Total Cost": 78032.58,
          "Plan Rows": 3,
          "Plan Width": 8,
          "Actual Startup Time": 234.479,
          "Actual Total Time": 252.061,
          "Actual Rows": 4,
          "Actual Loops": 1,
          "Workers Planned": 3,
          "Workers Launched": 3,
          "Single Copy": false,
          "Plans": [
            {
              "Node Type": "Aggregate",
              "Strategy": "Plain",
              "Partial Mode": "Partial",
              "Parent Relationship": "Outer",
              "Parallel Aware": false,
              "Startup Cost": 77032.27,
              "Total Cost": 77032.28,
              "Plan Rows": 1,
              "Plan Width": 8,
              "Actual Startup Time": 230.522,
              "Actual Total Time": 230.526,
              "Actual Rows": 1,
              "Actual Loops": 4,
              "Plans": [
                {
                  "Node Type": "Hash Join",
                  "Parent Relationship": "Outer",
                  "Parallel Aware": true,
                  "Join Type": "Inner",
                  "Startup Cost": 44742.15,
                  "Total Cost": 76951.55,
                  "Plan Rows": 32289,
                  "Plan Width": 0,
                  "Actual Startup Time": 117.671,
                  "Actual Total Time": 227.564,
                  "Actual Rows": 71700,
                  "Actual Loops": 4,
                  "Inner Unique": true,
                  "Hash Cond": "(mc.movie_id = t.id)",
                  "Plans": [
                    {
                      "Node Type": "Seq Scan",
                      "Parent Relationship": "Outer",
                      "Parallel Aware": true,
                      "Relation Name": "movie_companies",
                      "Alias": "mc",
                      "Startup Cost": 0.0,
                      "Total Cost": 31414.82,
                      "Plan Rows": 302700,
                      "Plan Width": 4,
                      "Actual Startup Time": 0.011,
                      "Actual Total Time": 67.323,
                      "Actual Rows": 311188,
                      "Actual Loops": 4,
                      "Filter": "((company_id < 48041) AND (company_type_id < 2))",
                      "Rows Removed by Filter": 341094
                    },
                    {
                      "Node Type": "Hash",
                      "Parent Relationship": "Inner",
                      "Parallel Aware": true,
                      "Startup Cost": 43899.32,
                      "Total Cost": 43899.32,
                      "Plan Rows": 67426,
                      "Plan Width": 4,
                      "Actual Startup Time": 115.391,
                      "Actual Total Time": 115.392,
                      "Actual Rows": 71264,
                      "Actual Loops": 4,
                      "Hash Buckets": 524288,
                      "Original Hash Buckets": 524288,
                      "Hash Batches": 1,
                      "Original Hash Batches": 1,
                      "Peak Memory Usage": 15328,
                      "Plans": [
                        {
                          "Node Type": "Seq Scan",
                          "Parent Relationship": "Outer",
                          "Parallel Aware": true,
                          "Relation Name": "title",
                          "Alias": "t",
                          "Startup Cost": 0.0,
                          "Total Cost": 43899.32,
                          "Plan Rows": 67426,
                          "Plan Width": 4,
                          "Actual Startup Time": 0.022,
                          "Actual Total Time": 89.488,
                          "Actual Rows": 71264,
                          "Actual Loops": 4,
                          "Filter": "(production_year < 1964)",
                          "Rows Removed by Filter": 560814
                        }
                      ]
                    }
                  ]
                }
              ]
            }
          ]
        }
      ]
    },
    "Planning Time": 0.417,
    "Triggers": [],
    "Execution Time": 252.123
  }
]