[
  {
    "Plan": {
      "Node Type": "Aggregate",
      "Strategy": "Plain",
      "Partial Mode": "Finalize",
      "Parallel Aware": false,
      "Startup Cost": 78056.48,
      "Total Cost": 78056.49,
      "Plan Rows": 1,
      "Plan Width": 8,
      "Actual Startup Time": 266.364,
      "Actual Total Time": 282.776,
      "Actual Rows": 1,
      "Actual Loops": 1,
      "Plans": [
        {
          "Node Type": "Gather",
          "Parent Relationship": "Outer",
          "Parallel Aware": false,
          "Startup Cost": 78056.16,
          "Total Cost": 78056.47,
          "Plan Rows": 3,
          "Plan Width": 8,
          "Actual Startup Time": 265.5,
          "Actual Total Time": 282.767,
          "Actual Rows": 4,
          "Actual Loops": 1,
          "Workers Planned": 3,
          "Workers Launched": 3,
          "Single Copy": false,
          "Plans": [
            {
              "Node Type": "Aggregate",
              "Strategy": "Plain",
              "Partial Mode": "Partial",
              "Parent Relationship": "Outer",
              "Parallel Aware": false,
              "Startup Cost": 77056.16,
              "Total Cost": 77056.17,
              "Plan Rows": 1,
              "Plan Width": 8,
              "Actual Startup Time": 256.5,
              "Actual Total Time": 256.503,
              "Actual Rows": 1,
              "Actual Loops": 4,
              "Plans": [
                {
                  "Node Type": "Hash Join",
                  "Parent Relationship": "Outer",
                  "Parallel Aware": true,
                  "Join Type": "Inner",
                  "Startup Cost": 44750.63,
                  "Total Cost": 76973.23,
                  "Plan Rows": 33173,
                  "Plan Width": 0,
                  "Actual Startup Time": 132.066,
                  "Actual Total Time": 253.262,
                  "Actual Rows": 71700,
                  "Actual Loops": 4,
                  "Inner Unique": true,
                  "Hash Cond": "(mc.movie_id = t.id)",
                  "Plans": [
                    {
                      "Node Type": "Seq Scan",
                      "Parent Relationship": "Outer",
                      "Parallel Aware": true,
                      "Relation Name": "movie_companies",
                      "Alias": "mc",
                      "Startup Cost": 0.0,
                      "Total Cost": 31414.82,
                      "Plan Rows": 307728,
                      "Plan Width": 4,
                      "Actual Startup Time": 0.02,
                      "Actual Total Time": 72.52,
                      "Actual Rows": 311188,
                      "Actual Loops": 4,
                      "Filter": "((company_id < 48041) AND (company_type_id < 2))",
                      "Rows Removed by Filter": 341094
                    },
                    {
                      "Node Type": "Hash",
                      "Parent Relationship": "Inner",
                      "Parallel Aware": true,
                      "Startup Cost": 43898.92,
                      "Total Cost": 43898.92,
                      "Plan Rows": 68137,
                      "Plan Width": 4,
                      "Actual Startup Time": 128.242,
                      "Actual Total Time": 128.243,
                      "Actual Rows": 71264,
                      "Actual Loops": 4,
                      "Hash Buckets": 524288,
                      "Original Hash Buckets": 524288,
                      "Hash Batches": 1,
                      "Original Hash Batches": 1,
                      "Peak Memory Usage": 15328,
                      "Plans": [
                        {
                          "Node Type": "Seq Scan",
                          "Parent Relationship": "Outer",
                          "Parallel Aware": true,
                          "Relation Name": "title",
                          "Alias": "t",
                          "Startup Cost": 0.0,
                          "Total Cost": 43898.92,
                          "Plan Rows": 68137,
                          "Plan Width": 4,
                          "Actual Startup Time": 0.036,
                          "Actual Total Time": 100.902,
                          "Actual Rows": 71264,
                          "Actual Loops": 4,
                          "Filter": "(production_year < 1964)",
                          "Rows Removed by Filter": 560814
                        }
                      ]
                    }
                  ]
                }
              ]
            }
          ]
        }
      ]
    },
    "Planning Time": 0.637,
    "Triggers": [],
    "Execution Time": 282.845
  }
]