{
  "Plan": {
    "Node Type": "Aggregate",
    "Strategy": "Plain",
    "Partial Mode": "Finalize",
    "Parallel Aware": false,
    "Startup Cost": 115710.02,
    "Total Cost": 115710.03,
    "Plan Rows": 1,
    "Plan Width": 8,
    "Actual Startup Time": 463.609,
    "Actual Total Time": 488.237,
    "Actual Rows": 1,
    "Actual Loops": 1,
    "Plans": [
      {
        "Node Type": "Gather",
        "Parent Relationship": "Outer",
        "Parallel Aware": false,
        "Startup Cost": 115709.91,
        "Total Cost": 115710.02,
        "Plan Rows": 1,
        "Plan Width": 8,
        "Actual Startup Time": 463.07,
        "Actual Total Time": 488.228,
        "Actual Rows": 2,
        "Actual Loops": 1,
        "Workers Planned": 1,
        "Workers Launched": 1,
        "Single Copy": false,
        "Plans": [
          {
            "Node Type": "Aggregate",
            "Strategy": "Plain",
            "Partial Mode": "Partial",
            "Parent Relationship": "Outer",
            "Parallel Aware": false,
            "Startup Cost": 114709.91,
            "Total Cost": 114709.92,
            "Plan Rows": 1,
            "Plan Width": 8,
            "Actual Startup Time": 459.43,
            "Actual Total Time": 459.435,
            "Actual Rows": 1,
            "Actual Loops": 2,
            "Plans": [
              {
                "Node Type": "Nested Loop",
                "Parent Relationship": "Outer",
                "Parallel Aware": false,
                "Join Type": "Inner",
                "Startup Cost": 69832.88,
                "Total Cost": 114706.02,
                "Plan Rows": 1558,
                "Plan Width": 0,
                "Actual Startup Time": 167.703,
                "Actual Total Time": 457.643,
                "Actual Rows": 35999,
                "Actual Loops": 2,
                "Inner Unique": false,
                "Join Filter": "(t.id = mi.movie_id)",
                "Rows Removed by Join Filter": 0,
                "Plans": [
                  {
                    "Node Type": "Hash Join",
                    "Parent Relationship": "Outer",
                    "Parallel Aware": true,
                    "Join Type": "Inner",
                    "Startup Cost": 69832.45,
                    "Total Cost": 100961.92,
                    "Plan Rows": 5604,
                    "Plan Width": 8,
                    "Actual Startup Time": 167.486,
                    "Actual Total Time": 259.181,
                    "Actual Rows": 9880,
                    "Actual Loops": 2,
                    "Inner Unique": true,
                    "Hash Cond": "(mk.movie_id = t.id)",
                    "Plans": [
                      {
                        "Node Type": "Bitmap Heap Scan",
                        "Parent Relationship": "Outer",
                        "Parallel Aware": true,
                        "Relation Name": "movie_keyword",
                        "Alias": "mk",
                        "Startup Cost": 15915.27,
                        "Total Cost": 45886.18,
                        "Plan Rows": 441354,
                        "Plan Width": 4,
                        "Actual Startup Time": 45.352,
                        "Actual Total Time": 130.712,
                        "Actual Rows": 370774,
                        "Actual Loops": 2,
                        "Recheck Cond": "(keyword_id > 25327)",
                        "Rows Removed by Index Recheck": 0,
                        "Exact Heap Blocks": 14191,
                        "Lossy Heap Blocks": 0,
                        "Plans": [
                          {
                            "Node Type": "Bitmap Index Scan",
                            "Parent Relationship": "Outer",
                            "Parallel Aware": false,
                            "Index Name": "keyword_id_movie_keyword",
                            "Startup Cost": 0.0,
                            "Total Cost": 15727.69,
                            "Plan Rows": 750301,
                            "Plan Width": 0,
                            "Actual Startup Time": 41.702,
                            "Actual Total Time": 41.703,
                            "Actual Rows": 741548,
                            "Actual Loops": 1,
                            "Index Cond": "(keyword_id > 25327)"
                          }
                        ]
                      },
                      {
                        "Node Type": "Hash",
                        "Parent Relationship": "Inner",
                        "Parallel Aware": true,
                        "Startup Cost": 53681.13,
                        "Total Cost": 53681.13,
                        "Plan Rows": 18884,
                        "Plan Width": 4,
                        "Actual Startup Time": 92.73,
                        "Actual Total Time": 92.731,
                        "Actual Rows": 11054,
                        "Actual Loops": 2,
                        "Hash Buckets": 32768,
                        "Original Hash Buckets": 32768,
                        "Hash Batches": 1,
                        "Original Hash Batches": 1,
                        "Peak Memory Usage": 1152,
                        "Plans": [
                          {
                            "Node Type": "Bitmap Heap Scan",
                            "Parent Relationship": "Outer",
                            "Parallel Aware": true,
                            "Relation Name": "title",
                            "Alias": "t",
                            "Startup Cost": 11830.88,
                            "Total Cost": 53681.13,
                            "Plan Rows": 18884,
                            "Plan Width": 4,
                            "Actual Startup Time": 25.761,
                            "Actual Total Time": 89.315,
                            "Actual Rows": 11054,
                            "Actual Loops": 2,
                            "Recheck Cond": "(kind_id < 2)",
                            "Rows Removed by Index Recheck": 0,
                            "Filter": "(production_year = 2008)",
                            "Rows Removed by Filter": 320359,
                            "Exact Heap Blocks": 8834,
                            "Lossy Heap Blocks": 0,
                            "Plans": [
                              {
                                "Node Type": "Bitmap Index Scan",
                                "Parent Relationship": "Outer",
                                "Parallel Aware": false,
                                "Index Name": "kind_id_title",
                                "Startup Cost": 0.0,
                                "Total Cost": 11822.85,
                                "Plan Rows": 663256,
                                "Plan Width": 0,
                                "Actual Startup Time": 26.941,
                                "Actual Total Time": 26.942,
                                "Actual Rows": 662825,
                                "Actual Loops": 1,
                                "Index Cond": "(kind_id < 2)"
                              }
                            ]
                          }
                        ]
                      }
                    ]
                  },
                  {
                    "Node Type": "Index Scan",
                    "Parent Relationship": "Inner",
                    "Parallel Aware": false,
                    "Scan Direction": "Forward",
                    "Index Name": "movie_id_movie_info",
                    "Relation Name": "movie_info",
                    "Alias": "mi",
                    "Startup Cost": 0.43,
                    "Total Cost": 2.43,
                    "Plan Rows": 2,
                    "Plan Width": 4,
                    "Actual Startup Time": 0.006,
                    "Actual Total Time": 0.02,
                    "Actual Rows": 4,
                    "Actual Loops": 19760,
                    "Index Cond": "(movie_id = mk.movie_id)",
                    "Rows Removed by Index Recheck": 0,
                    "Filter": "(info_type_id = 18)",
                    "Rows Removed by Filter": 84
                  }
                ]
              }
            ]
          }
        ]
      }
    ]
  },
  "Planning Time": 0.511,
  "Triggers": [],
  "Execution Time": 488.312
}