{
  "Plan": {
    "Node Type": "Aggregate",
    "Strategy": "Plain",
    "Partial Mode": "Finalize",
    "Parallel Aware": false,
    "Startup Cost": 166610.15,
    "Total Cost": 166610.16,
    "Plan Rows": 1,
    "Plan Width": 8,
    "Actual Startup Time": 690.757,
    "Actual Total Time": 711.96,
    "Actual Rows": 1,
    "Actual Loops": 1,
    "Plans": [
      {
        "Node Type": "Gather",
        "Parent Relationship": "Outer",
        "Parallel Aware": false,
        "Startup Cost": 166610.04,
        "Total Cost": 166610.15,
        "Plan Rows": 1,
        "Plan Width": 8,
        "Actual Startup Time": 689.555,
        "Actual Total Time": 711.95,
        "Actual Rows": 2,
        "Actual Loops": 1,
        "Workers Planned": 1,
        "Workers Launched": 1,
        "Single Copy": false,
        "Plans": [
          {
            "Node Type": "Aggregate",
            "Strategy": "Plain",
            "Partial Mode": "Partial",
            "Parent Relationship": "Outer",
            "Parallel Aware": false,
            "Startup Cost": 165610.04,
            "Total Cost": 165610.05,
            "Plan Rows": 1,
            "Plan Width": 8,
            "Actual Startup Time": 683.672,
            "Actual Total Time": 683.677,
            "Actual Rows": 1,
            "Actual Loops": 2,
            "Plans": [
              {
                "Node Type": "Hash Join",
                "Parent Relationship": "Outer",
                "Parallel Aware": true,
                "Join Type": "Inner",
                "Startup Cost": 124170.46,
                "Total Cost": 165148.85,
                "Plan Rows": 184475,
                "Plan Width": 0,
                "Actual Startup Time": 460.131,
                "Actual Total Time": 680.526,
                "Actual Rows": 78176,
                "Actual Loops": 2,
                "Inner Unique": false,
                "Hash Cond": "(mc.movie_id = t.id)",
                "Plans": [
                  {
                    "Node Type": "Seq Scan",
                    "Parent Relationship": "Outer",
                    "Parallel Aware": true,
                    "Relation Name": "movie_companies",
                    "Alias": "mc",
                    "Startup Cost": 0.0,
                    "Total Cost": 34137.82,
                    "Plan Rows": 1534782,
                    "Plan Width": 4,
                    "Actual Startup Time": 0.014,
                    "Actual Total Time": 101.76,
                    "Actual Rows": 1304564,
                    "Actual Loops": 2
                  },
                  {
                    "Node Type": "Hash",
                    "Parent Relationship": "Inner",
                    "Parallel Aware": true,
                    "Startup Cost": 121935.98,
                    "Total Cost": 121935.98,
                    "Plan Rows": 178759,
                    "Plan Width": 8,
                    "Actual Startup Time": 453.158,
                    "Actual Total Time": 453.162,
                    "Actual Rows": 34675,
                    "Actual Loops": 2,
                    "Hash Buckets": 524288,
                    "Original Hash Buckets": 524288,
                    "Hash Batches": 1,
                    "Original Hash Batches": 1,
                    "Peak Memory Usage": 6848,
                    "Plans": [
                      {
                        "Node Type": "Hash Join",
                        "Parent Relationship": "Outer",
                        "Parallel Aware": true,
                        "Join Type": "Inner",
                        "Startup Cost": 61150.33,
                        "Total Cost": 121935.98,
                        "Plan Rows": 178759,
                        "Plan Width": 8,
                        "Actual Startup Time": 182.672,
                        "Actual Total Time": 445.739,
                        "Actual Rows": 34675,
                        "Actual Loops": 2,
                        "Inner Unique": true,
                        "Hash Cond": "(mk.movie_id = t.id)",
                        "Plans": [
                          {
                            "Node Type": "Seq Scan",
                            "Parent Relationship": "Outer",
                            "Parallel Aware": true,
                            "Relation Name": "movie_keyword",
                            "Alias": "mk",
                            "Startup Cost": 0.0,
                            "Total Cost": 57718.19,
                            "Plan Rows": 1168554,
                            "Plan Width": 4,
                            "Actual Startup Time": 0.569,
                            "Actual Total Time": 173.092,
                            "Actual Rows": 993342,
                            "Actual Loops": 2,
                            "Filter": "(keyword_id > 6342)",
                            "Rows Removed by Filter": 1268623
                          },
                          {
                            "Node Type": "Hash",
                            "Parent Relationship": "Inner",
                            "Parallel Aware": true,
                            "Startup Cost": 58306.47,
                            "Total Cost": 58306.47,
                            "Plan Rows": 227509,
                            "Plan Width": 4,
                            "Actual Startup Time": 178.599,
                            "Actual Total Time": 178.6,
                            "Actual Rows": 138675,
                            "Actual Loops": 2,
                            "Hash Buckets": 524288,
                            "Original Hash Buckets": 524288,
                            "Hash Batches": 1,
                            "Original Hash Batches": 1,
                            "Peak Memory Usage": 14976,
                            "Plans": [
                              {
                                "Node Type": "Seq Scan",
                                "Parent Relationship": "Outer",
                                "Parallel Aware": true,
                                "Relation Name": "title",
                                "Alias": "t",
                                "Startup Cost": 0.0,
                                "Total Cost": 58306.47,
                                "Plan Rows": 227509,
                                "Plan Width": 4,
                                "Actual Startup Time": 0.032,
                                "Actual Total Time": 139.475,
                                "Actual Rows": 138675,
                                "Actual Loops": 2,
                                "Filter": "((production_year < 1988) AND (kind_id = 7))",
                                "Rows Removed by Filter": 1125481
                              }
                            ]
                          }
                        ]
                      }
                    ]
                  }
                ]
              }
            ]
          }
        ]
      }
    ]
  },
  "Planning Time": 1.076,
  "Triggers": [],
  "Execution Time": 712.049
}