[
  {
    "Plan": {
      "Node Type": "Aggregate",
      "Strategy": "Plain",
      "Partial Mode": "Finalize",
      "Parallel Aware": false,
      "Startup Cost": 320915.53,
      "Total Cost": 320915.54,
      "Plan Rows": 1,
      "Plan Width": 8,
      "Actual Startup Time": 1661.165,
      "Actual Total Time": 1714.922,
      "Actual Rows": 1,
      "Actual Loops": 1,
      "Plans": [
        {
          "Node Type": "Gather",
          "Parent Relationship": "Outer",
          "Parallel Aware": false,
          "Startup Cost": 320915.01,
          "Total Cost": 320915.52,
          "Plan Rows": 5,
          "Plan Width": 8,
          "Actual Startup Time": 1636.487,
          "Actual Total Time": 1714.892,
          "Actual Rows": 6,
          "Actual Loops": 1,
          "Workers Planned": 5,
          "Workers Launched": 5,
          "Single Copy": false,
          "Plans": [
            {
              "Node Type": "Aggregate",
              "Strategy": "Plain",
              "Partial Mode": "Partial",
              "Parent Relationship": "Outer",
              "Parallel Aware": false,
              "Startup Cost": 319915.01,
              "Total Cost": 319915.02,
              "Plan Rows": 1,
              "Plan Width": 8,
              "Actual Startup Time": 1625.377,
              "Actual Total Time": 1625.898,
              "Actual Rows": 1,
              "Actual Loops": 6,
              "Plans": [
                {
                  "Node Type": "Hash Join",
                  "Parent Relationship": "Outer",
                  "Parallel Aware": true,
                  "Join Type": "Inner",
                  "Startup Cost": 103672.78,
                  "Total Cost": 314054.5,
                  "Plan Rows": 2344205,
                  "Plan Width": 0,
                  "Actual Startup Time": 475.776,
                  "Actual Total Time": 1479.25,
                  "Actual Rows": 2837427,
                  "Actual Loops": 6,
                  "Inner Unique": false,
                  "Hash Cond": "(mi.movie_id = t.id)",
                  "Plans": [
                    {
                      "Node Type": "Seq Scan",
                      "Parent Relationship": "Outer",
                      "Parallel Aware": true,
                      "Relation Name": "movie_info",
                      "Alias": "mi",
                      "Startup Cost": 0.0,
                      "Total Cost": 191685.19,
                      "Plan Rows": 2969219,
                      "Plan Width": 4,
                      "Actual Startup Time": 0.064,
                      "Actual Total Time": 323.405,
                      "Actual Rows": 2472620,
                      "Actual Loops": 6
                    },
                    {
                      "Node Type": "Hash",
                      "Parent Relationship": "Inner",
                      "Parallel Aware": true,
                      "Startup Cost": 95623.61,
                      "Total Cost": 95623.61,
                      "Plan Rows": 643934,
                      "Plan Width": 8,
                      "Actual Startup Time": 470.452,
                      "Actual Total Time": 470.971,
                      "Actual Rows": 177828,
                      "Actual Loops": 6,
                      "Hash Buckets": 2097152,
                      "Original Hash Buckets": 2097152,
                      "Hash Batches": 1,
                      "Original Hash Batches": 1,
                      "Peak Memory Usage": 58272,
                      "Plans": [
                        {
                          "Node Type": "Hash Join",
                          "Parent Relationship": "Outer",
                          "Parallel Aware": true,
                          "Join Type": "Inner",
                          "Startup Cost": 49920.51,
                          "Total Cost": 95623.61,
                          "Plan Rows": 643934,
                          "Plan Width": 8,
                          "Actual Startup Time": 224.752,
                          "Actual Total Time": 403.816,
                          "Actual Rows": 177828,
                          "Actual Loops": 6,
                          "Inner Unique": true,
                          "Hash Cond": "(mk.movie_id = t.id)",
                          "Plans": [
                            {
                              "Node Type": "Seq Scan",
                              "Parent Relationship": "Outer",
                              "Parallel Aware": true,
                              "Relation Name": "movie_keyword",
                              "Alias": "mk",
                              "Startup Cost": 0.0,
                              "Total Cost": 42695.65,
                              "Plan Rows": 1145693,
                              "Plan Width": 4,
                              "Actual Startup Time": 0.067,
                              "Actual Total Time": 94.143,
                              "Actual Rows": 590655,
                              "Actual Loops": 6,
                              "Filter": "(keyword_id > 917)",
                              "Rows Removed by Filter": 163333
                            },
                            {
                              "Node Type": "Hash",
                              "Parent Relationship": "Inner",
                              "Parallel Aware": true,
                              "Startup Cost": 45479.59,
                              "Total Cost": 45479.59,
                              "Plan Rows": 355274,
                              "Plan Width": 4,
                              "Actual Startup Time": 221.497,
                              "Actual Total Time": 221.499,
                              "Actual Rows": 233120,
                              "Actual Loops": 6,
                              "Hash Buckets": 2097152,
                              "Original Hash Buckets": 2097152,
                              "Hash Batches": 1,
                              "Original Hash Batches": 1,
                              "Peak Memory Usage": 71200,
                              "Plans": [
                                {
                                  "Node Type": "Seq Scan",
                                  "Parent Relationship": "Outer",
                                  "Parallel Aware": true,
                                  "Relation Name": "title",
                                  "Alias": "t",
                                  "Startup Cost": 0.0,
                                  "Total Cost": 45479.59,
                                  "Plan Rows": 355274,
                                  "Plan Width": 4,
                                  "Actual Startup Time": 0.067,
                                  "Actual Total Time": 99.869,
                                  "Actual Rows": 233120,
                                  "Actual Loops": 6,
                                  "Filter": "((kind_id > 1) AND (production_year < 2010))",
                                  "Rows Removed by Filter": 188265
                                }
                              ]
                            }
                          ]
                        }
                      ]
                    }
                  ]
                }
              ]
            }
          ]
        }
      ]
    },
    "Planning Time": 1.031,
    "Triggers": [],
    "Execution Time": 1715.0
  }
]