[
  {
    "Plan": {
      "Node Type": "Aggregate",
      "Strategy": "Plain",
      "Partial Mode": "Simple",
      "Parallel Aware": false,
      "Startup Cost": 20478.27,
      "Total Cost": 20478.28,
      "Plan Rows": 1,
      "Plan Width": 8,
      "Actual Startup Time": 26.206,
      "Actual Total Time": 26.208,
      "Actual Rows": 1,
      "Actual Loops": 1,
      "Plans": [
        {
          "Node Type": "Bitmap Heap Scan",
          "Parent Relationship": "Outer",
          "Parallel Aware": false,
          "Relation Name": "movie_companies",
          "Alias": "mc",
          "Startup Cost": 741.68,
          "Total Cost": 20434.8,
          "Plan Rows": 17391,
          "Plan Width": 0,
          "Actual Startup Time": 4.463,
          "Actual Total Time": 21.914,
          "Actual Rows": 31912,
          "Actual Loops": 1,
          "Recheck Cond": "(company_id > 206117)",
          "Rows Removed by Index Recheck": 0,
          "Filter": "(company_type_id > 1)",
          "Rows Removed by Filter": 0,
          "Exact Heap Blocks": 1287,
          "Lossy Heap Blocks": 0,
          "Plans": [
            {
              "Node Type": "Bitmap Index Scan",
              "Parent Relationship": "Outer",
              "Parallel Aware": false,
              "Index Name": "company_id_movie_companies",
              "Startup Cost": 0.0,
              "Total Cost": 737.33,
              "Plan Rows": 34253,
              "Plan Width": 0,
              "Actual Startup Time": 3.941,
              "Actual Total Time": 3.942,
              "Actual Rows": 31912,
              "Actual Loops": 1,
              "Index Cond": "(company_id > 206117)"
            }
          ]
        }
      ]
    },
    "Planning Time": 0.317,
    "Triggers": [],
    "Execution Time": 26.273
  }
]