[
  {
    "Plan": {
      "Node Type": "Aggregate",
      "Strategy": "Plain",
      "Partial Mode": "Finalize",
      "Parallel Aware": false,
      "Startup Cost": 89493.47,
      "Total Cost": 89493.48,
      "Plan Rows": 1,
      "Plan Width": 8,
      "Actual Startup Time": 478.263,
      "Actual Total Time": 496.233,
      "Actual Rows": 1,
      "Actual Loops": 1,
      "Plans": [
        {
          "Node Type": "Gather",
          "Parent Relationship": "Outer",
          "Parallel Aware": false,
          "Startup Cost": 89493.15,
          "Total Cost": 89493.46,
          "Plan Rows": 3,
          "Plan Width": 8,
          "Actual Startup Time": 466.631,
          "Actual Total Time": 496.223,
          "Actual Rows": 4,
          "Actual Loops": 1,
          "Workers Planned": 3,
          "Workers Launched": 3,
          "Single Copy": false,
          "Plans": [
            {
              "Node Type": "Aggregate",
              "Strategy": "Plain",
              "Partial Mode": "Partial",
              "Parent Relationship": "Outer",
              "Parallel Aware": false,
              "Startup Cost": 88493.15,
              "Total Cost": 88493.16,
              "Plan Rows": 1,
              "Plan Width": 8,
              "Actual Startup Time": 453.693,
              "Actual Total Time": 453.698,
              "Actual Rows": 1,
              "Actual Loops": 4,
              "Plans": [
                {
                  "Node Type": "Hash Join",
                  "Parent Relationship": "Outer",
                  "Parallel Aware": true,
                  "Join Type": "Inner",
                  "Startup Cost": 61103.66,
                  "Total Cost": 88174.13,
                  "Plan Rows": 127609,
                  "Plan Width": 0,
                  "Actual Startup Time": 346.799,
                  "Actual Total Time": 450.797,
                  "Actual Rows": 39204,
                  "Actual Loops": 4,
                  "Inner Unique": true,
                  "Hash Cond": "(mk.movie_id = t.id)",
                  "Plans": [
                    {
                      "Node Type": "Bitmap Heap Scan",
                      "Parent Relationship": "Outer",
                      "Parallel Aware": true,
                      "Relation Name": "movie_keyword",
                      "Alias": "mk",
                      "Startup Cost": 11376.51,
                      "Total Cost": 37992.88,
                      "Plan Rows": 172990,
                      "Plan Width": 4,
                      "Actual Startup Time": 37.259,
                      "Actual Total Time": 100.794,
                      "Actual Rows": 129612,
                      "Actual Loops": 4,
                      "Recheck Cond": "(keyword_id > 34901)",
                      "Rows Removed by Index Recheck": 0,
                      "Exact Heap Blocks": 8291,
                      "Lossy Heap Blocks": 0,
                      "Plans": [
                        {
                          "Node Type": "Bitmap Index Scan",
                          "Parent Relationship": "Outer",
                          "Parallel Aware": false,
                          "Index Name": "keyword_id_movie_keyword",
                          "Startup Cost": 0.0,
                          "Total Cost": 11242.44,
                          "Plan Rows": 536268,
                          "Plan Width": 0,
                          "Actual Startup Time": 33.781,
                          "Actual Total Time": 33.782,
                          "Actual Rows": 518446,
                          "Actual Loops": 1,
                          "Index Cond": "(keyword_id > 34901)"
                        }
                      ]
                    },
                    {
                      "Node Type": "Hash",
                      "Parent Relationship": "Inner",
                      "Parallel Aware": true,
                      "Startup Cost": 43898.92,
                      "Total Cost": 43898.92,
                      "Plan Rows": 466259,
                      "Plan Width": 4,
                      "Actual Startup Time": 301.845,
                      "Actual Total Time": 301.846,
                      "Actual Rows": 466372,
                      "Actual Loops": 4,
                      "Hash Buckets": 2097152,
                      "Original Hash Buckets": 2097152,
                      "Hash Batches": 1,
                      "Original Hash Batches": 1,
                      "Peak Memory Usage": 89440,
                      "Plans": [
                        {
                          "Node Type": "Seq Scan",
                          "Parent Relationship": "Outer",
                          "Parallel Aware": true,
                          "Relation Name": "title",
                          "Alias": "t",
                          "Startup Cost": 0.0,
                          "Total Cost": 43898.92,
                          "Plan Rows": 466259,
                          "Plan Width": 4,
                          "Actual Startup Time": 0.045,
                          "Actual Total Time": 122.305,
                          "Actual Rows": 466372,
                          "Actual Loops": 4,
                          "Filter": "(kind_id > 1)",
                          "Rows Removed by Filter": 165706
                        }
                      ]
                    }
                  ]
                }
              ]
            }
          ]
        }
      ]
    },
    "Planning Time": 0.65,
    "Triggers": [],
    "Execution Time": 496.331
  }
]