[
  {
    "Plan": {
      "Node Type": "Aggregate",
      "Strategy": "Plain",
      "Partial Mode": "Finalize",
      "Parallel Aware": false,
      "Startup Cost": 76430.93,
      "Total Cost": 76430.94,
      "Plan Rows": 1,
      "Plan Width": 8,
      "Actual Startup Time": 265.165,
      "Actual Total Time": 282.126,
      "Actual Rows": 1,
      "Actual Loops": 1,
      "Plans": [
        {
          "Node Type": "Gather",
          "Parent Relationship": "Outer",
          "Parallel Aware": false,
          "Startup Cost": 76430.61,
          "Total Cost": 76430.92,
          "Plan Rows": 3,
          "Plan Width": 8,
          "Actual Startup Time": 262.987,
          "Actual Total Time": 282.103,
          "Actual Rows": 4,
          "Actual Loops": 1,
          "Workers Planned": 3,
          "Workers Launched": 3,
          "Single Copy": false,
          "Plans": [
            {
              "Node Type": "Aggregate",
              "Strategy": "Plain",
              "Partial Mode": "Partial",
              "Parent Relationship": "Outer",
              "Parallel Aware": false,
              "Startup Cost": 75430.61,
              "Total Cost": 75430.62,
              "Plan Rows": 1,
              "Plan Width": 8,
              "Actual Startup Time": 259.176,
              "Actual Total Time": 259.179,
              "Actual Rows": 1,
              "Actual Loops": 4,
              "Plans": [
                {
                  "Node Type": "Hash Join",
                  "Parent Relationship": "Outer",
                  "Parallel Aware": true,
                  "Join Type": "Inner",
                  "Startup Cost": 45041.06,
                  "Total Cost": 75300.1,
                  "Plan Rows": 52205,
                  "Plan Width": 0,
                  "Actual Startup Time": 140.165,
                  "Actual Total Time": 255.868,
                  "Actual Rows": 70889,
                  "Actual Loops": 4,
                  "Inner Unique": true,
                  "Hash Cond": "(mc.movie_id = t.id)",
                  "Plans": [
                    {
                      "Node Type": "Seq Scan",
                      "Parent Relationship": "Outer",
                      "Parallel Aware": true,
                      "Relation Name": "movie_companies",
                      "Alias": "mc",
                      "Startup Cost": 0.0,
                      "Total Cost": 29310.68,
                      "Plan Rows": 361278,
                      "Plan Width": 4,
                      "Actual Startup Time": 9.835,
                      "Actual Total Time": 68.453,
                      "Actual Rows": 278580,
                      "Actual Loops": 4,
                      "Filter": "(company_id > 13870)",
                      "Rows Removed by Filter": 373702
                    },
                    {
                      "Node Type": "Hash",
                      "Parent Relationship": "Inner",
                      "Parallel Aware": true,
                      "Startup Cost": 43899.32,
                      "Total Cost": 43899.32,
                      "Plan Rows": 91339,
                      "Plan Width": 4,
                      "Actual Startup Time": 128.536,
                      "Actual Total Time": 128.537,
                      "Actual Rows": 95358,
                      "Actual Loops": 4,
                      "Hash Buckets": 524288,
                      "Original Hash Buckets": 524288,
                      "Hash Batches": 1,
                      "Original Hash Batches": 1,
                      "Peak Memory Usage": 19072,
                      "Plans": [
                        {
                          "Node Type": "Seq Scan",
                          "Parent Relationship": "Outer",
                          "Parallel Aware": true,
                          "Relation Name": "title",
                          "Alias": "t",
                          "Startup Cost": 0.0,
                          "Total Cost": 43899.32,
                          "Plan Rows": 91339,
                          "Plan Width": 4,
                          "Actual Startup Time": 0.022,
                          "Actual Total Time": 94.208,
                          "Actual Rows": 95358,
                          "Actual Loops": 4,
                          "Filter": "(production_year < 1971)",
                          "Rows Removed by Filter": 536720
                        }
                      ]
                    }
                  ]
                }
              ]
            }
          ]
        }
      ]
    },
    "Planning Time": 0.732,
    "Triggers": [],
    "Execution Time": 282.197
  }
]