[
    {
        "Bao": {
            "Bao prediction": 457.421,
            "Bao recommended hint": "SET enable_mergejoin TO off; SET enable_indexscan TO off; "
        }
    },
    {
        "Plan": {
            "Node Type": "Aggregate",
            "Strategy": "Plain",
            "Partial Mode": "Finalize",
            "Parallel Aware": false,
            "Startup Cost": 346177.88,
            "Total Cost": 346177.89,
            "Plan Rows": 1,
            "Plan Width": 8,
            "Actual Startup Time": 647.16,
            "Actual Total Time": 682.519,
            "Actual Rows": 1,
            "Actual Loops": 1,
            "Output": [
                "count(*)"
            ],
            "Plans": [
                {
                    "Node Type": "Gather",
                    "Parent Relationship": "Outer",
                    "Parallel Aware": false,
                    "Startup Cost": 346177.26,
                    "Total Cost": 346177.87,
                    "Plan Rows": 6,
                    "Plan Width": 8,
                    "Actual Startup Time": 647.094,
                    "Actual Total Time": 682.512,
                    "Actual Rows": 7,
                    "Actual Loops": 1,
                    "Output": [
                        "(PARTIAL count(*))"
                    ],
                    "Workers Planned": 6,
                    "Workers Launched": 6,
                    "Single Copy": false,
                    "Plans": [
                        {
                            "Node Type": "Aggregate",
                            "Strategy": "Plain",
                            "Partial Mode": "Partial",
                            "Parent Relationship": "Outer",
                            "Parallel Aware": false,
                            "Startup Cost": 345177.26,
                            "Total Cost": 345177.27,
                            "Plan Rows": 1,
                            "Plan Width": 8,
                            "Actual Startup Time": 638.68,
                            "Actual Total Time": 638.68,
                            "Actual Rows": 1,
                            "Actual Loops": 7,
                            "Output": [
                                "PARTIAL count(*)"
                            ],
                            "Workers": [
                                {
                                    "Worker Number": 0,
                                    "Actual Startup Time": 635.877,
                                    "Actual Total Time": 635.878,
                                    "Actual Rows": 1,
                                    "Actual Loops": 1
                                },
                                {
                                    "Worker Number": 1,
                                    "Actual Startup Time": 636.15,
                                    "Actual Total Time": 636.151,
                                    "Actual Rows": 1,
                                    "Actual Loops": 1
                                },
                                {
                                    "Worker Number": 2,
                                    "Actual Startup Time": 641.989,
                                    "Actual Total Time": 641.99,
                                    "Actual Rows": 1,
                                    "Actual Loops": 1
                                },
                                {
                                    "Worker Number": 3,
                                    "Actual Startup Time": 636.536,
                                    "Actual Total Time": 636.537,
                                    "Actual Rows": 1,
                                    "Actual Loops": 1
                                },
                                {
                                    "Worker Number": 4,
                                    "Actual Startup Time": 636.516,
                                    "Actual Total Time": 636.517,
                                    "Actual Rows": 1,
                                    "Actual Loops": 1
                                },
                                {
                                    "Worker Number": 5,
                                    "Actual Startup Time": 637.366,
                                    "Actual Total Time": 637.366,
                                    "Actual Rows": 1,
                                    "Actual Loops": 1
                                }
                            ],
                            "Plans": [
                                {
                                    "Node Type": "Seq Scan",
                                    "Parent Relationship": "Outer",
                                    "Parallel Aware": true,
                                    "Relation Name": "cast_info",
                                    "Schema": "public",
                                    "Alias": "ci",
                                    "Startup Cost": 0.0,
                                    "Total Cost": 343318.94,
                                    "Plan Rows": 743327,
                                    "Plan Width": 0,
                                    "Actual Startup Time": 428.541,
                                    "Actual Total Time": 594.738,
                                    "Actual Rows": 996634,
                                    "Actual Loops": 7,
                                    "Output": [
                                        "id",
                                        "person_id",
                                        "movie_id",
                                        "person_role_id",
                                        "note",
                                        "nr_order",
                                        "role_id"
                                    ],
                                    "Filter": "((ci.person_id > 1883882) AND (ci.role_id > 4))",
                                    "Rows Removed by Filter": 4181129,
                                    "Workers": [
                                        {
                                            "Worker Number": 0,
                                            "Actual Startup Time": 425.731,
                                            "Actual Total Time": 593.823,
                                            "Actual Rows": 1026173,
                                            "Actual Loops": 1
                                        },
                                        {
                                            "Worker Number": 1,
                                            "Actual Startup Time": 426.017,
                                            "Actual Total Time": 591.219,
                                            "Actual Rows": 672900,
                                            "Actual Loops": 1
                                        },
                                        {
                                            "Worker Number": 2,
                                            "Actual Startup Time": 431.845,
                                            "Actual Total Time": 599.999,
                                            "Actual Rows": 1024121,
                                            "Actual Loops": 1
                                        },
                                        {
                                            "Worker Number": 3,
                                            "Actual Startup Time": 426.409,
                                            "Actual Total Time": 593.551,
                                            "Actual Rows": 978223,
                                            "Actual Loops": 1
                                        },
                                        {
                                            "Worker Number": 4,
                                            "Actual Startup Time": 426.394,
                                            "Actual Total Time": 592.955,
                                            "Actual Rows": 990832,
                                            "Actual Loops": 1
                                        },
                                        {
                                            "Worker Number": 5,
                                            "Actual Startup Time": 427.218,
                                            "Actual Total Time": 595.549,
                                            "Actual Rows": 1020760,
                                            "Actual Loops": 1
                                        }
                                    ]
                                }
                            ]
                        }
                    ]
                }
            ]
        },
        "Planning Time": 523.183,
        "Triggers": [],
        "Execution Time": 682.606
    }
]