[
  {
    "Plan": {
      "Node Type": "Aggregate",
      "Strategy": "Plain",
      "Partial Mode": "Finalize",
      "Parallel Aware": false,
      "Startup Cost": 46754.14,
      "Total Cost": 46754.15,
      "Plan Rows": 1,
      "Plan Width": 8,
      "Actual Startup Time": 102.748,
      "Actual Total Time": 117.747,
      "Actual Rows": 1,
      "Actual Loops": 1,
      "Plans": [
        {
          "Node Type": "Gather",
          "Parent Relationship": "Outer",
          "Parallel Aware": false,
          "Startup Cost": 46753.72,
          "Total Cost": 46754.13,
          "Plan Rows": 4,
          "Plan Width": 8,
          "Actual Startup Time": 102.43,
          "Actual Total Time": 117.738,
          "Actual Rows": 5,
          "Actual Loops": 1,
          "Workers Planned": 4,
          "Workers Launched": 4,
          "Single Copy": false,
          "Plans": [
            {
              "Node Type": "Aggregate",
              "Strategy": "Plain",
              "Partial Mode": "Partial",
              "Parent Relationship": "Outer",
              "Parallel Aware": false,
              "Startup Cost": 45753.72,
              "Total Cost": 45753.73,
              "Plan Rows": 1,
              "Plan Width": 8,
              "Actual Startup Time": 96.976,
              "Actual Total Time": 96.977,
              "Actual Rows": 1,
              "Actual Loops": 5,
              "Plans": [
                {
                  "Node Type": "Seq Scan",
                  "Parent Relationship": "Outer",
                  "Parallel Aware": true,
                  "Relation Name": "title",
                  "Alias": "t",
                  "Startup Cost": 0.0,
                  "Total Cost": 45479.1,
                  "Plan Rows": 109849,
                  "Plan Width": 0,
                  "Actual Startup Time": 0.028,
                  "Actual Total Time": 90.884,
                  "Actual Rows": 92972,
                  "Actual Loops": 5,
                  "Filter": "((kind_id > 3) AND (production_year > 2008))",
                  "Rows Removed by Filter": 412691
                }
              ]
            }
          ]
        }
      ]
    },
    "Planning Time": 0.152,
    "Triggers": [],
    "Execution Time": 117.796
  }
]