[
    {
        "Bao": {
            "Bao prediction": "NaN",
            "Bao recommended hint": "(no hint)"
        }
    },
    {
        "Plan": {
            "Node Type": "Aggregate",
            "Strategy": "Plain",
            "Partial Mode": "Finalize",
            "Parallel Aware": false,
            "Startup Cost": 351948.68,
            "Total Cost": 351948.7,
            "Plan Rows": 1,
            "Plan Width": 8,
            "Actual Startup Time": 946.787,
            "Actual Total Time": 976.709,
            "Actual Rows": 1,
            "Actual Loops": 1,
            "Output": [
                "count(*)"
            ],
            "Plans": [
                {
                    "Node Type": "Gather",
                    "Parent Relationship": "Outer",
                    "Parallel Aware": false,
                    "Startup Cost": 351948.06,
                    "Total Cost": 351948.67,
                    "Plan Rows": 6,
                    "Plan Width": 8,
                    "Actual Startup Time": 946.686,
                    "Actual Total Time": 976.699,
                    "Actual Rows": 7,
                    "Actual Loops": 1,
                    "Output": [
                        "(PARTIAL count(*))"
                    ],
                    "Workers Planned": 6,
                    "Workers Launched": 6,
                    "Single Copy": false,
                    "Plans": [
                        {
                            "Node Type": "Aggregate",
                            "Strategy": "Plain",
                            "Partial Mode": "Partial",
                            "Parent Relationship": "Outer",
                            "Parallel Aware": false,
                            "Startup Cost": 350948.06,
                            "Total Cost": 350948.07,
                            "Plan Rows": 1,
                            "Plan Width": 8,
                            "Actual Startup Time": 936.957,
                            "Actual Total Time": 936.958,
                            "Actual Rows": 1,
                            "Actual Loops": 7,
                            "Output": [
                                "PARTIAL count(*)"
                            ],
                            "Workers": [
                                {
                                    "Worker Number": 0,
                                    "Actual Startup Time": 934.72,
                                    "Actual Total Time": 934.721,
                                    "Actual Rows": 1,
                                    "Actual Loops": 1
                                },
                                {
                                    "Worker Number": 1,
                                    "Actual Startup Time": 934.877,
                                    "Actual Total Time": 934.878,
                                    "Actual Rows": 1,
                                    "Actual Loops": 1
                                },
                                {
                                    "Worker Number": 2,
                                    "Actual Startup Time": 935.076,
                                    "Actual Total Time": 935.077,
                                    "Actual Rows": 1,
                                    "Actual Loops": 1
                                },
                                {
                                    "Worker Number": 3,
                                    "Actual Startup Time": 935.653,
                                    "Actual Total Time": 935.654,
                                    "Actual Rows": 1,
                                    "Actual Loops": 1
                                },
                                {
                                    "Worker Number": 4,
                                    "Actual Startup Time": 936.07,
                                    "Actual Total Time": 936.071,
                                    "Actual Rows": 1,
                                    "Actual Loops": 1
                                },
                                {
                                    "Worker Number": 5,
                                    "Actual Startup Time": 936.22,
                                    "Actual Total Time": 936.221,
                                    "Actual Rows": 1,
                                    "Actual Loops": 1
                                }
                            ],
                            "Plans": [
                                {
                                    "Node Type": "Seq Scan",
                                    "Parent Relationship": "Outer",
                                    "Parallel Aware": true,
                                    "Relation Name": "cast_info",
                                    "Schema": "public",
                                    "Alias": "ci",
                                    "Startup Cost": 0.0,
                                    "Total Cost": 343318.94,
                                    "Plan Rows": 3051648,
                                    "Plan Width": 0,
                                    "Actual Startup Time": 236.639,
                                    "Actual Total Time": 770.549,
                                    "Actual Rows": 3042450,
                                    "Actual Loops": 7,
                                    "Output": [
                                        "id",
                                        "person_id",
                                        "movie_id",
                                        "person_role_id",
                                        "note",
                                        "nr_order",
                                        "role_id"
                                    ],
                                    "Filter": "((ci.person_id > 799857) AND (ci.role_id > 1))",
                                    "Rows Removed by Filter": 2135313,
                                    "Workers": [
                                        {
                                            "Worker Number": 0,
                                            "Actual Startup Time": 234.396,
                                            "Actual Total Time": 772.207,
                                            "Actual Rows": 2454097,
                                            "Actual Loops": 1
                                        },
                                        {
                                            "Worker Number": 1,
                                            "Actual Startup Time": 234.583,
                                            "Actual Total Time": 772.449,
                                            "Actual Rows": 2456687,
                                            "Actual Loops": 1
                                        },
                                        {
                                            "Worker Number": 2,
                                            "Actual Startup Time": 234.775,
                                            "Actual Total Time": 772.271,
                                            "Actual Rows": 2462004,
                                            "Actual Loops": 1
                                        },
                                        {
                                            "Worker Number": 3,
                                            "Actual Startup Time": 235.338,
                                            "Actual Total Time": 770.458,
                                            "Actual Rows": 2498071,
                                            "Actual Loops": 1
                                        },
                                        {
                                            "Worker Number": 4,
                                            "Actual Startup Time": 235.737,
                                            "Actual Total Time": 769.281,
                                            "Actual Rows": 4080403,
                                            "Actual Loops": 1
                                        },
                                        {
                                            "Worker Number": 5,
                                            "Actual Startup Time": 235.884,
                                            "Actual Total Time": 771.536,
                                            "Actual Rows": 2488780,
                                            "Actual Loops": 1
                                        }
                                    ]
                                }
                            ]
                        }
                    ]
                }
            ]
        },
        "Planning Time": 191.12,
        "Triggers": [],
        "Execution Time": 976.798
    }
]