[
  {
    "Plan": {
      "Node Type": "Aggregate",
      "Strategy": "Plain",
      "Partial Mode": "Finalize",
      "Parallel Aware": false,
      "Startup Cost": 108359.1,
      "Total Cost": 108359.11,
      "Plan Rows": 1,
      "Plan Width": 8,
      "Actual Startup Time": 95.24,
      "Actual Total Time": 107.889,
      "Actual Rows": 1,
      "Actual Loops": 1,
      "Plans": [
        {
          "Node Type": "Gather",
          "Parent Relationship": "Outer",
          "Parallel Aware": false,
          "Startup Cost": 108358.68,
          "Total Cost": 108359.09,
          "Plan Rows": 4,
          "Plan Width": 8,
          "Actual Startup Time": 94.982,
          "Actual Total Time": 107.881,
          "Actual Rows": 5,
          "Actual Loops": 1,
          "Workers Planned": 4,
          "Workers Launched": 4,
          "Single Copy": false,
          "Plans": [
            {
              "Node Type": "Aggregate",
              "Strategy": "Plain",
              "Partial Mode": "Partial",
              "Parent Relationship": "Outer",
              "Parallel Aware": false,
              "Startup Cost": 107358.68,
              "Total Cost": 107358.69,
              "Plan Rows": 1,
              "Plan Width": 8,
              "Actual Startup Time": 84.851,
              "Actual Total Time": 84.854,
              "Actual Rows": 1,
              "Actual Loops": 5,
              "Plans": [
                {
                  "Node Type": "Nested Loop",
                  "Parent Relationship": "Outer",
                  "Parallel Aware": false,
                  "Join Type": "Inner",
                  "Startup Cost": 1.0,
                  "Total Cost": 107348.3,
                  "Plan Rows": 4153,
                  "Plan Width": 0,
                  "Actual Startup Time": 11.361,
                  "Actual Total Time": 84.835,
                  "Actual Rows": 44,
                  "Actual Loops": 5,
                  "Inner Unique": false,
                  "Join Filter": "(t.id = mi.movie_id)",
                  "Rows Removed by Join Filter": 0,
                  "Plans": [
                    {
                      "Node Type": "Nested Loop",
                      "Parent Relationship": "Outer",
                      "Parallel Aware": false,
                      "Join Type": "Inner",
                      "Startup Cost": 0.56,
                      "Total Cost": 105993.13,
                      "Plan Rows": 710,
                      "Plan Width": 8,
                      "Actual Startup Time": 11.198,
                      "Actual Total Time": 84.276,
                      "Actual Rows": 29,
                      "Actual Loops": 5,
                      "Inner Unique": false,
                      "Plans": [
                        {
                          "Node Type": "Seq Scan",
                          "Parent Relationship": "Outer",
                          "Parallel Aware": true,
                          "Relation Name": "title",
                          "Alias": "t",
                          "Startup Cost": 0.0,
                          "Total Cost": 45479.1,
                          "Plan Rows": 444,
                          "Plan Width": 4,
                          "Actual Startup Time": 4.257,
                          "Actual Total Time": 81.438,
                          "Actual Rows": 27,
                          "Actual Loops": 5,
                          "Filter": "((production_year > 2013) AND (kind_id = 7))",
                          "Rows Removed by Filter": 505635
                        },
                        {
                          "Node Type": "Index Scan",
                          "Parent Relationship": "Inner",
                          "Parallel Aware": false,
                          "Scan Direction": "Forward",
                          "Index Name": "movie_id_cast_info",
                          "Relation Name": "cast_info",
                          "Alias": "ci",
                          "Startup Cost": 0.56,
                          "Total Cost": 136.25,
                          "Plan Rows": 4,
                          "Plan Width": 4,
                          "Actual Startup Time": 0.072,
                          "Actual Total Time": 0.102,
                          "Actual Rows": 1,
                          "Actual Loops": 137,
                          "Index Cond": "(movie_id = t.id)",
                          "Rows Removed by Index Recheck": 0,
                          "Filter": "(role_id = 3)",
                          "Rows Removed by Filter": 9
                        }
                      ]
                    },
                    {
                      "Node Type": "Index Only Scan",
                      "Parent Relationship": "Inner",
                      "Parallel Aware": false,
                      "Scan Direction": "Forward",
                      "Index Name": "movie_id_movie_info",
                      "Relation Name": "movie_info",
                      "Alias": "mi",
                      "Startup Cost": 0.43,
                      "Total Cost": 1.38,
                      "Plan Rows": 42,
                      "Plan Width": 4,
                      "Actual Startup Time": 0.016,
                      "Actual Total Time": 0.018,
                      "Actual Rows": 2,
                      "Actual Loops": 144,
                      "Index Cond": "(movie_id = ci.movie_id)",
                      "Rows Removed by Index Recheck": 0,
                      "Heap Fetches": 219
                    }
                  ]
                }
              ]
            }
          ]
        }
      ]
    },
    "Planning Time": 1.387,
    "Triggers": [],
    "Execution Time": 107.977
  }
]