{
  "Plan": {
    "Node Type": "Aggregate",
    "Strategy": "Plain",
    "Partial Mode": "Finalize",
    "Parallel Aware": false,
    "Startup Cost": 624552.13,
    "Total Cost": 624552.14,
    "Plan Rows": 1,
    "Plan Width": 8,
    "Actual Startup Time": 9750.129,
    "Actual Total Time": 9859.34,
    "Actual Rows": 1,
    "Actual Loops": 1,
    "Plans": [
      {
        "Node Type": "Gather",
        "Parent Relationship": "Outer",
        "Parallel Aware": false,
        "Startup Cost": 624552.02,
        "Total Cost": 624552.13,
        "Plan Rows": 1,
        "Plan Width": 8,
        "Actual Startup Time": 9726.508,
        "Actual Total Time": 9859.329,
        "Actual Rows": 2,
        "Actual Loops": 1,
        "Workers Planned": 1,
        "Workers Launched": 1,
        "Single Copy": false,
        "Plans": [
          {
            "Node Type": "Aggregate",
            "Strategy": "Plain",
            "Partial Mode": "Partial",
            "Parent Relationship": "Outer",
            "Parallel Aware": false,
            "Startup Cost": 623552.02,
            "Total Cost": 623552.03,
            "Plan Rows": 1,
            "Plan Width": 8,
            "Actual Startup Time": 9710.088,
            "Actual Total Time": 9719.555,
            "Actual Rows": 1,
            "Actual Loops": 2,
            "Plans": [
              {
                "Node Type": "Hash Join",
                "Parent Relationship": "Outer",
                "Parallel Aware": true,
                "Join Type": "Inner",
                "Startup Cost": 513325.51,
                "Total Cost": 610867.91,
                "Plan Rows": 5073642,
                "Plan Width": 0,
                "Actual Startup Time": 5687.063,
                "Actual Total Time": 8398.503,
                "Actual Rows": 31468855,
                "Actual Loops": 2,
                "Inner Unique": false,
                "Hash Cond": "(mk.movie_id = t.id)",
                "Plans": [
                  {
                    "Node Type": "Seq Scan",
                    "Parent Relationship": "Outer",
                    "Parallel Aware": true,
                    "Relation Name": "movie_keyword",
                    "Alias": "mk",
                    "Startup Cost": 0.0,
                    "Total Cost": 51065.35,
                    "Plan Rows": 2661135,
                    "Plan Width": 4,
                    "Actual Startup Time": 0.016,
                    "Actual Total Time": 159.365,
                    "Actual Rows": 2261965,
                    "Actual Loops": 2
                  },
                  {
                    "Node Type": "Hash",
                    "Parent Relationship": "Inner",
                    "Parallel Aware": true,
                    "Startup Cost": 477881.63,
                    "Total Cost": 477881.63,
                    "Plan Rows": 2835511,
                    "Plan Width": 8,
                    "Actual Startup Time": 5653.568,
                    "Actual Total Time": 5663.033,
                    "Actual Rows": 5060346,
                    "Actual Loops": 2,
                    "Hash Buckets": 16777216,
                    "Original Hash Buckets": 8388608,
                    "Hash Batches": 1,
                    "Original Hash Batches": 1,
                    "Peak Memory Usage": 592544,
                    "Plans": [
                      {
                        "Node Type": "Hash Join",
                        "Parent Relationship": "Outer",
                        "Parallel Aware": true,
                        "Join Type": "Inner",
                        "Startup Cost": 69461.26,
                        "Total Cost": 477881.63,
                        "Plan Rows": 2835511,
                        "Plan Width": 8,
                        "Actual Startup Time": 495.476,
                        "Actual Total Time": 3847.87,
                        "Actual Rows": 5060346,
                        "Actual Loops": 2,
                        "Inner Unique": true,
                        "Hash Cond": "(ci.movie_id = t.id)",
                        "Plans": [
                          {
                            "Node Type": "Index Scan",
                            "Parent Relationship": "Outer",
                            "Parallel Aware": true,
                            "Scan Direction": "Forward",
                            "Index Name": "role_id_cast_info",
                            "Relation Name": "cast_info",
                            "Alias": "ci",
                            "Startup Cost": 0.56,
                            "Total Cost": 400977.7,
                            "Plan Rows": 2835511,
                            "Plan Width": 4,
                            "Actual Startup Time": 0.183,
                            "Actual Total Time": 1081.812,
                            "Actual Rows": 5060346,
                            "Actual Loops": 2,
                            "Index Cond": "(role_id < 2)",
                            "Rows Removed by Index Recheck": 0,
                            "Filter": "(person_id < 1379728)",
                            "Rows Removed by Filter": 1274998
                          },
                          {
                            "Node Type": "Hash",
                            "Parent Relationship": "Inner",
                            "Parallel Aware": true,
                            "Startup Cost": 50870.31,
                            "Total Cost": 50870.31,
                            "Plan Rows": 1487231,
                            "Plan Width": 4,
                            "Actual Startup Time": 484.263,
                            "Actual Total Time": 484.264,
                            "Actual Rows": 1264156,
                            "Actual Loops": 2,
                            "Hash Buckets": 4194304,
                            "Original Hash Buckets": 4194304,
                            "Hash Batches": 1,
                            "Original Hash Batches": 1,
                            "Peak Memory Usage": 131680,
                            "Plans": [
                              {
                                "Node Type": "Seq Scan",
                                "Parent Relationship": "Outer",
                                "Parallel Aware": true,
                                "Relation Name": "title",
                                "Alias": "t",
                                "Startup Cost": 0.0,
                                "Total Cost": 50870.31,
                                "Plan Rows": 1487231,
                                "Plan Width": 4,
                                "Actual Startup Time": 0.039,
                                "Actual Total Time": 149.218,
                                "Actual Rows": 1264156,
                                "Actual Loops": 2
                              }
                            ]
                          }
                        ]
                      }
                    ]
                  }
                ]
              }
            ]
          }
        ]
      }
    ]
  },
  "Planning Time": 1.028,
  "Triggers": [],
  "Execution Time": 9859.432
}