{
  "Plan": {
    "Node Type": "Aggregate",
    "Strategy": "Plain",
    "Partial Mode": "Finalize",
    "Parallel Aware": false,
    "Startup Cost": 722922.78,
    "Total Cost": 722922.79,
    "Plan Rows": 1,
    "Plan Width": 8,
    "Actual Startup Time": 4091.083,
    "Actual Total Time": 4147.31,
    "Actual Rows": 1,
    "Actual Loops": 1,
    "Plans": [
      {
        "Node Type": "Gather",
        "Parent Relationship": "Outer",
        "Parallel Aware": false,
        "Startup Cost": 722922.66,
        "Total Cost": 722922.77,
        "Plan Rows": 1,
        "Plan Width": 8,
        "Actual Startup Time": 4088.391,
        "Actual Total Time": 4147.302,
        "Actual Rows": 2,
        "Actual Loops": 1,
        "Workers Planned": 1,
        "Workers Launched": 1,
        "Single Copy": false,
        "Plans": [
          {
            "Node Type": "Aggregate",
            "Strategy": "Plain",
            "Partial Mode": "Partial",
            "Parent Relationship": "Outer",
            "Parallel Aware": false,
            "Startup Cost": 721922.66,
            "Total Cost": 721922.67,
            "Plan Rows": 1,
            "Plan Width": 8,
            "Actual Startup Time": 4075.714,
            "Actual Total Time": 4075.72,
            "Actual Rows": 1,
            "Actual Loops": 2,
            "Plans": [
              {
                "Node Type": "Hash Join",
                "Parent Relationship": "Outer",
                "Parallel Aware": true,
                "Join Type": "Inner",
                "Startup Cost": 635212.2,
                "Total Cost": 717918.92,
                "Plan Rows": 1601499,
                "Plan Width": 0,
                "Actual Startup Time": 3750.075,
                "Actual Total Time": 4062.492,
                "Actual Rows": 329916,
                "Actual Loops": 2,
                "Inner Unique": false,
                "Hash Cond": "(mk.movie_id = t.id)",
                "Plans": [
                  {
                    "Node Type": "Seq Scan",
                    "Parent Relationship": "Outer",
                    "Parallel Aware": true,
                    "Relation Name": "movie_keyword",
                    "Alias": "mk",
                    "Startup Cost": 0.0,
                    "Total Cost": 57718.19,
                    "Plan Rows": 1556795,
                    "Plan Width": 4,
                    "Actual Startup Time": 0.271,
                    "Actual Total Time": 179.052,
                    "Actual Rows": 1321418,
                    "Actual Loops": 2,
                    "Filter": "(keyword_id > 3218)",
                    "Rows Removed by Filter": 940546
                  },
                  {
                    "Node Type": "Hash",
                    "Parent Relationship": "Inner",
                    "Parallel Aware": true,
                    "Startup Cost": 616087.97,
                    "Total Cost": 616087.97,
                    "Plan Rows": 1529938,
                    "Plan Width": 8,
                    "Actual Startup Time": 3727.204,
                    "Actual Total Time": 3727.208,
                    "Actual Rows": 503678,
                    "Actual Loops": 2,
                    "Hash Buckets": 4194304,
                    "Original Hash Buckets": 4194304,
                    "Hash Batches": 1,
                    "Original Hash Batches": 1,
                    "Peak Memory Usage": 72224,
                    "Plans": [
                      {
                        "Node Type": "Hash Join",
                        "Parent Relationship": "Outer",
                        "Parallel Aware": true,
                        "Join Type": "Inner",
                        "Startup Cost": 60342.13,
                        "Total Cost": 616087.97,
                        "Plan Rows": 1529938,
                        "Plan Width": 8,
                        "Actual Startup Time": 744.455,
                        "Actual Total Time": 3528.43,
                        "Actual Rows": 503678,
                        "Actual Loops": 2,
                        "Inner Unique": true,
                        "Hash Cond": "(ci.movie_id = t.id)",
                        "Plans": [
                          {
                            "Node Type": "Seq Scan",
                            "Parent Relationship": "Outer",
                            "Parallel Aware": true,
                            "Relation Name": "cast_info",
                            "Alias": "ci",
                            "Startup Cost": 0.0,
                            "Total Cost": 519069.44,
                            "Plan Rows": 13971936,
                            "Plan Width": 4,
                            "Actual Startup Time": 567.425,
                            "Actual Total Time": 1905.399,
                            "Actual Rows": 11786828,
                            "Actual Loops": 2,
                            "Filter": "(role_id > 1)",
                            "Rows Removed by Filter": 6335344
                          },
                          {
                            "Node Type": "Hash",
                            "Parent Relationship": "Inner",
                            "Parallel Aware": true,
                            "Startup Cost": 58306.47,
                            "Total Cost": 58306.47,
                            "Plan Rows": 162853,
                            "Plan Width": 4,
                            "Actual Startup Time": 175.294,
                            "Actual Total Time": 175.295,
                            "Actual Rows": 88670,
                            "Actual Loops": 2,
                            "Hash Buckets": 524288,
                            "Original Hash Buckets": 524288,
                            "Hash Batches": 1,
                            "Original Hash Batches": 1,
                            "Peak Memory Usage": 11072,
                            "Plans": [
                              {
                                "Node Type": "Seq Scan",
                                "Parent Relationship": "Outer",
                                "Parallel Aware": true,
                                "Relation Name": "title",
                                "Alias": "t",
                                "Startup Cost": 0.0,
                                "Total Cost": 58306.47,
                                "Plan Rows": 162853,
                                "Plan Width": 4,
                                "Actual Startup Time": 0.037,
                                "Actual Total Time": 146.357,
                                "Actual Rows": 88670,
                                "Actual Loops": 2,
                                "Filter": "((production_year < 1977) AND (kind_id = 7))",
                                "Rows Removed by Filter": 1175486
                              }
                            ]
                          }
                        ]
                      }
                    ]
                  }
                ]
              }
            ]
          }
        ]
      }
    ]
  },
  "Planning Time": 0.995,
  "Triggers": [],
  "Execution Time": 4147.402
}