[
  {
    "Plan": {
      "Node Type": "Aggregate",
      "Strategy": "Plain",
      "Partial Mode": "Finalize",
      "Parallel Aware": false,
      "Startup Cost": 283441.89,
      "Total Cost": 283441.9,
      "Plan Rows": 1,
      "Plan Width": 8,
      "Actual Startup Time": 1219.433,
      "Actual Total Time": 1238.142,
      "Actual Rows": 1,
      "Actual Loops": 1,
      "Plans": [
        {
          "Node Type": "Gather",
          "Parent Relationship": "Outer",
          "Parallel Aware": false,
          "Startup Cost": 283441.37,
          "Total Cost": 283441.88,
          "Plan Rows": 5,
          "Plan Width": 8,
          "Actual Startup Time": 1213.329,
          "Actual Total Time": 1238.133,
          "Actual Rows": 6,
          "Actual Loops": 1,
          "Workers Planned": 5,
          "Workers Launched": 5,
          "Single Copy": false,
          "Plans": [
            {
              "Node Type": "Aggregate",
              "Strategy": "Plain",
              "Partial Mode": "Partial",
              "Parent Relationship": "Outer",
              "Parallel Aware": false,
              "Startup Cost": 282441.37,
              "Total Cost": 282441.38,
              "Plan Rows": 1,
              "Plan Width": 8,
              "Actual Startup Time": 1207.404,
              "Actual Total Time": 1207.45,
              "Actual Rows": 1,
              "Actual Loops": 6,
              "Plans": [
                {
                  "Node Type": "Hash Join",
                  "Parent Relationship": "Outer",
                  "Parallel Aware": true,
                  "Join Type": "Inner",
                  "Startup Cost": 77451.81,
                  "Total Cost": 281384.73,
                  "Plan Rows": 422656,
                  "Plan Width": 0,
                  "Actual Startup Time": 230.018,
                  "Actual Total Time": 1053.931,
                  "Actual Rows": 3807315,
                  "Actual Loops": 6,
                  "Inner Unique": false,
                  "Hash Cond": "(mi.movie_id = t.id)",
                  "Plans": [
                    {
                      "Node Type": "Seq Scan",
                      "Parent Relationship": "Outer",
                      "Parallel Aware": true,
                      "Relation Name": "movie_info",
                      "Alias": "mi",
                      "Startup Cost": 0.0,
                      "Total Cost": 191503.19,
                      "Plan Rows": 2951019,
                      "Plan Width": 4,
                      "Actual Startup Time": 0.014,
                      "Actual Total Time": 260.952,
                      "Actual Rows": 2472620,
                      "Actual Loops": 6
                    },
                    {
                      "Node Type": "Hash",
                      "Parent Relationship": "Inner",
                      "Parallel Aware": true,
                      "Startup Cost": 75991.66,
                      "Total Cost": 75991.66,
                      "Plan Rows": 116812,
                      "Plan Width": 8,
                      "Actual Startup Time": 217.06,
                      "Actual Total Time": 217.104,
                      "Actual Rows": 77259,
                      "Actual Loops": 6,
                      "Hash Buckets": 524288,
                      "Original Hash Buckets": 524288,
                      "Hash Batches": 1,
                      "Original Hash Batches": 1,
                      "Peak Memory Usage": 22336,
                      "Plans": [
                        {
                          "Node Type": "Hash Join",
                          "Parent Relationship": "Outer",
                          "Parallel Aware": true,
                          "Join Type": "Inner",
                          "Startup Cost": 46575.77,
                          "Total Cost": 75991.66,
                          "Plan Rows": 116812,
                          "Plan Width": 8,
                          "Actual Startup Time": 108.739,
                          "Actual Total Time": 193.955,
                          "Actual Rows": 77259,
                          "Actual Loops": 6,
                          "Inner Unique": true,
                          "Hash Cond": "(mc.movie_id = t.id)",
                          "Plans": [
                            {
                              "Node Type": "Seq Scan",
                              "Parent Relationship": "Outer",
                              "Parallel Aware": true,
                              "Relation Name": "movie_companies",
                              "Alias": "mc",
                              "Startup Cost": 0.0,
                              "Total Cost": 27206.55,
                              "Plan Rows": 841655,
                              "Plan Width": 4,
                              "Actual Startup Time": 0.02,
                              "Actual Total Time": 39.895,
                              "Actual Rows": 434855,
                              "Actual Loops": 6
                            },
                            {
                              "Node Type": "Hash",
                              "Parent Relationship": "Inner",
                              "Parallel Aware": true,
                              "Startup Cost": 45479.21,
                              "Total Cost": 45479.21,
                              "Plan Rows": 87725,
                              "Plan Width": 4,
                              "Actual Startup Time": 89.83,
                              "Actual Total Time": 89.832,
                              "Actual Rows": 44212,
                              "Actual Loops": 6,
                              "Hash Buckets": 524288,
                              "Original Hash Buckets": 524288,
                              "Hash Batches": 1,
                              "Original Hash Batches": 1,
                              "Peak Memory Usage": 14560,
                              "Plans": [
                                {
                                  "Node Type": "Seq Scan",
                                  "Parent Relationship": "Outer",
                                  "Parallel Aware": true,
                                  "Relation Name": "title",
                                  "Alias": "t",
                                  "Startup Cost": 0.0,
                                  "Total Cost": 45479.21,
                                  "Plan Rows": 87725,
                                  "Plan Width": 4,
                                  "Actual Startup Time": 36.794,
                                  "Actual Total Time": 72.963,
                                  "Actual Rows": 44212,
                                  "Actual Loops": 6,
                                  "Filter": "((production_year > 2001) AND (kind_id = 1))",
                                  "Rows Removed by Filter": 377173
                                }
                              ]
                            }
                          ]
                        }
                      ]
                    }
                  ]
                }
              ]
            }
          ]
        }
      ]
    },
    "Planning Time": 0.599,
    "Triggers": [],
    "Execution Time": 1238.191
  }
]