[
  {
    "Plan": {
      "Node Type": "Aggregate",
      "Strategy": "Plain",
      "Partial Mode": "Finalize",
      "Parallel Aware": false,
      "Startup Cost": 217664.03,
      "Total Cost": 217664.04,
      "Plan Rows": 1,
      "Plan Width": 8,
      "Actual Startup Time": 117.048,
      "Actual Total Time": 137.308,
      "Actual Rows": 1,
      "Actual Loops": 1,
      "Plans": [
        {
          "Node Type": "Gather",
          "Parent Relationship": "Outer",
          "Parallel Aware": false,
          "Startup Cost": 217663.61,
          "Total Cost": 217664.02,
          "Plan Rows": 4,
          "Plan Width": 8,
          "Actual Startup Time": 116.876,
          "Actual Total Time": 137.298,
          "Actual Rows": 5,
          "Actual Loops": 1,
          "Workers Planned": 4,
          "Workers Launched": 4,
          "Single Copy": false,
          "Plans": [
            {
              "Node Type": "Aggregate",
              "Strategy": "Plain",
              "Partial Mode": "Partial",
              "Parent Relationship": "Outer",
              "Parallel Aware": false,
              "Startup Cost": 216663.61,
              "Total Cost": 216663.62,
              "Plan Rows": 1,
              "Plan Width": 8,
              "Actual Startup Time": 110.173,
              "Actual Total Time": 110.174,
              "Actual Rows": 1,
              "Actual Loops": 5,
              "Plans": [
                {
                  "Node Type": "Nested Loop",
                  "Parent Relationship": "Outer",
                  "Parallel Aware": false,
                  "Join Type": "Inner",
                  "Startup Cost": 0.43,
                  "Total Cost": 216645.4,
                  "Plan Rows": 7287,
                  "Plan Width": 0,
                  "Actual Startup Time": 0.25,
                  "Actual Total Time": 109.619,
                  "Actual Rows": 6505,
                  "Actual Loops": 5,
                  "Inner Unique": false,
                  "Plans": [
                    {
                      "Node Type": "Seq Scan",
                      "Parent Relationship": "Outer",
                      "Parallel Aware": true,
                      "Relation Name": "title",
                      "Alias": "t",
                      "Startup Cost": 0.0,
                      "Total Cost": 43899.32,
                      "Plan Rows": 2465,
                      "Plan Width": 4,
                      "Actual Startup Time": 0.11,
                      "Actual Total Time": 63.715,
                      "Actual Rows": 2062,
                      "Actual Loops": 5,
                      "Filter": "(production_year = 1962)",
                      "Rows Removed by Filter": 503601
                    },
                    {
                      "Node Type": "Index Scan",
                      "Parent Relationship": "Inner",
                      "Parallel Aware": false,
                      "Scan Direction": "Forward",
                      "Index Name": "movie_id_movie_info",
                      "Relation Name": "movie_info",
                      "Alias": "mi",
                      "Startup Cost": 0.43,
                      "Total Cost": 69.87,
                      "Plan Rows": 21,
                      "Plan Width": 4,
                      "Actual Startup Time": 0.014,
                      "Actual Total Time": 0.021,
                      "Actual Rows": 3,
                      "Actual Loops": 10308,
                      "Index Cond": "(movie_id = t.id)",
                      "Rows Removed by Index Recheck": 0,
                      "Filter": "(info_type_id > 7)",
                      "Rows Removed by Filter": 5
                    }
                  ]
                }
              ]
            }
          ]
        }
      ]
    },
    "Planning Time": 0.242,
    "Triggers": [],
    "Execution Time": 137.344
  }
]