{
  "Plan": {
    "Node Type": "Gather",
    "Parallel Aware": false,
    "Startup Cost": 36294.02,
    "Total Cost": 124703.71,
    "Plan Rows": 262758,
    "Plan Width": 4,
    "Actual Startup Time": 176.376,
    "Actual Total Time": 620.361,
    "Actual Rows": 259406,
    "Actual Loops": 1,
    "Workers Planned": 1,
    "Workers Launched": 1,
    "Single Copy": false,
    "Plans": [
      {
        "Node Type": "Hash Join",
        "Parent Relationship": "Outer",
        "Parallel Aware": true,
        "Join Type": "Inner",
        "Startup Cost": 35294.02,
        "Total Cost": 97427.91,
        "Plan Rows": 154564,
        "Plan Width": 4,
        "Actual Startup Time": 169.797,
        "Actual Total Time": 570.212,
        "Actual Rows": 129703,
        "Actual Loops": 2,
        "Inner Unique": true,
        "Hash Cond": "(mc.company_id = cn.id)",
        "Plans": [
          {
            "Node Type": "Hash Join",
            "Parent Relationship": "Outer",
            "Parallel Aware": false,
            "Join Type": "Inner",
            "Startup Cost": 29188.76,
            "Total Cost": 90916.91,
            "Plan Rows": 154564,
            "Plan Width": 4,
            "Actual Startup Time": 110.39,
            "Actual Total Time": 485.259,
            "Actual Rows": 129703,
            "Actual Loops": 2,
            "Inner Unique": true,
            "Hash Cond": "(t.kind_id = kt.id)",
            "Plans": [
              {
                "Node Type": "Hash Join",
                "Parent Relationship": "Outer",
                "Parallel Aware": true,
                "Join Type": "Inner",
                "Startup Cost": 29187.6,
                "Total Cost": 90264.37,
                "Plan Rows": 154564,
                "Plan Width": 8,
                "Actual Startup Time": 110.335,
                "Actual Total Time": 466.19,
                "Actual Rows": 129703,
                "Actual Loops": 2,
                "Inner Unique": false,
                "Hash Cond": "(t.id = mc.movie_id)",
                "Plans": [
                  {
                    "Node Type": "Seq Scan",
                    "Parent Relationship": "Outer",
                    "Parallel Aware": true,
                    "Relation Name": "title",
                    "Alias": "t",
                    "Startup Cost": 0.0,
                    "Total Cost": 50871.58,
                    "Plan Rows": 1487358,
                    "Plan Width": 8,
                    "Actual Startup Time": 0.008,
                    "Actual Total Time": 131.817,
                    "Actual Rows": 1264156,
                    "Actual Loops": 2
                  },
                  {
                    "Node Type": "Hash",
                    "Parent Relationship": "Inner",
                    "Parallel Aware": true,
                    "Startup Cost": 27255.55,
                    "Total Cost": 27255.55,
                    "Plan Rows": 154564,
                    "Plan Width": 8,
                    "Actual Startup Time": 108.893,
                    "Actual Total Time": 108.896,
                    "Actual Rows": 129703,
                    "Actual Loops": 2,
                    "Hash Buckets": 524288,
                    "Original Hash Buckets": 524288,
                    "Hash Batches": 1,
                    "Original Hash Batches": 1,
                    "Peak Memory Usage": 14272,
                    "Plans": [
                      {
                        "Node Type": "Hash Join",
                        "Parent Relationship": "Outer",
                        "Parallel Aware": false,
                        "Join Type": "Inner",
                        "Startup Cost": 5697.89,
                        "Total Cost": 27255.55,
                        "Plan Rows": 154564,
                        "Plan Width": 8,
                        "Actual Startup Time": 14.377,
                        "Actual Total Time": 79.563,
                        "Actual Rows": 129703,
                        "Actual Loops": 2,
                        "Inner Unique": true,
                        "Hash Cond": "(mc.company_type_id = ct.id)",
                        "Plans": [
                          {
                            "Node Type": "Bitmap Heap Scan",
                            "Parent Relationship": "Outer",
                            "Parallel Aware": true,
                            "Relation Name": "movie_companies",
                            "Alias": "mc",
                            "Startup Cost": 5696.8,
                            "Total Cost": 26418.85,
                            "Plan Rows": 154564,
                            "Plan Width": 12,
                            "Actual Startup Time": 14.321,
                            "Actual Total Time": 56.383,
                            "Actual Rows": 129703,
                            "Actual Loops": 2,
                            "Recheck Cond": "(company_id < 133)",
                            "Rows Removed by Index Recheck": 0,
                            "Exact Heap Blocks": 12313,
                            "Lossy Heap Blocks": 0,
                            "Plans": [
                              {
                                "Node Type": "Bitmap Index Scan",
                                "Parent Relationship": "Outer",
                                "Parallel Aware": false,
                                "Index Name": "company_id_movie_companies",
                                "Startup Cost": 0.0,
                                "Total Cost": 5631.11,
                                "Plan Rows": 262758,
                                "Plan Width": 0,
                                "Actual Startup Time": 11.858,
                                "Actual Total Time": 11.858,
                                "Actual Rows": 259406,
                                "Actual Loops": 1,
                                "Index Cond": "(company_id < 133)"
                              }
                            ]
                          },
                          {
                            "Node Type": "Hash",
                            "Parent Relationship": "Inner",
                            "Parallel Aware": false,
                            "Startup Cost": 1.04,
                            "Total Cost": 1.04,
                            "Plan Rows": 4,
                            "Plan Width": 4,
                            "Actual Startup Time": 0.03,
                            "Actual Total Time": 0.031,
                            "Actual Rows": 4,
                            "Actual Loops": 2,
                            "Hash Buckets": 1024,
                            "Original Hash Buckets": 1024,
                            "Hash Batches": 1,
                            "Original Hash Batches": 1,
                            "Peak Memory Usage": 9,
                            "Plans": [
                              {
                                "Node Type": "Seq Scan",
                                "Parent Relationship": "Outer",
                                "Parallel Aware": false,
                                "Relation Name": "company_type",
                                "Alias": "ct",
                                "Startup Cost": 0.0,
                                "Total Cost": 1.04,
                                "Plan Rows": 4,
                                "Plan Width": 4,
                                "Actual Startup Time": 0.022,
                                "Actual Total Time": 0.023,
                                "Actual Rows": 4,
                                "Actual Loops": 2
                              }
                            ]
                          }
                        ]
                      }
                    ]
                  }
                ]
              },
              {
                "Node Type": "Hash",
                "Parent Relationship": "Inner",
                "Parallel Aware": false,
                "Startup Cost": 1.07,
                "Total Cost": 1.07,
                "Plan Rows": 7,
                "Plan Width": 4,
                "Actual Startup Time": 0.035,
                "Actual Total Time": 0.036,
                "Actual Rows": 7,
                "Actual Loops": 2,
                "Hash Buckets": 1024,
                "Original Hash Buckets": 1024,
                "Hash Batches": 1,
                "Original Hash Batches": 1,
                "Peak Memory Usage": 9,
                "Plans": [
                  {
                    "Node Type": "Seq Scan",
                    "Parent Relationship": "Outer",
                    "Parallel Aware": false,
                    "Relation Name": "kind_type",
                    "Alias": "kt",
                    "Startup Cost": 0.0,
                    "Total Cost": 1.07,
                    "Plan Rows": 7,
                    "Plan Width": 4,
                    "Actual Startup Time": 0.023,
                    "Actual Total Time": 0.025,
                    "Actual Rows": 7,
                    "Actual Loops": 2
                  }
                ]
              }
            ]
          },
          {
            "Node Type": "Hash",
            "Parent Relationship": "Inner",
            "Parallel Aware": true,
            "Startup Cost": 4377.34,
            "Total Cost": 4377.34,
            "Plan Rows": 138234,
            "Plan Width": 4,
            "Actual Startup Time": 55.505,
            "Actual Total Time": 55.506,
            "Actual Rows": 117498,
            "Actual Loops": 2,
            "Hash Buckets": 262144,
            "Original Hash Buckets": 262144,
            "Hash Batches": 1,
            "Original Hash Batches": 1,
            "Peak Memory Usage": 11296,
            "Plans": [
              {
                "Node Type": "Seq Scan",
                "Parent Relationship": "Outer",
                "Parallel Aware": true,
                "Relation Name": "company_name",
                "Alias": "cn",
                "Startup Cost": 0.0,
                "Total Cost": 4377.34,
                "Plan Rows": 138234,
                "Plan Width": 4,
                "Actual Startup Time": 0.04,
                "Actual Total Time": 24.008,
                "Actual Rows": 117498,
                "Actual Loops": 2
              }
            ]
          }
        ]
      }
    ]
  },
  "Planning Time": 0.801,
  "Triggers": [],
  "Execution Time": 628.608
}