{
  "Plan": {
    "Node Type": "Aggregate",
    "Strategy": "Plain",
    "Partial Mode": "Finalize",
    "Parallel Aware": false,
    "Startup Cost": 506029.17,
    "Total Cost": 506029.18,
    "Plan Rows": 1,
    "Plan Width": 8,
    "Actual Startup Time": 8830.509,
    "Actual Total Time": 8893.172,
    "Actual Rows": 1,
    "Actual Loops": 1,
    "Plans": [
      {
        "Node Type": "Gather",
        "Parent Relationship": "Outer",
        "Parallel Aware": false,
        "Startup Cost": 506029.06,
        "Total Cost": 506029.17,
        "Plan Rows": 1,
        "Plan Width": 8,
        "Actual Startup Time": 8829.239,
        "Actual Total Time": 8893.162,
        "Actual Rows": 2,
        "Actual Loops": 1,
        "Workers Planned": 1,
        "Workers Launched": 1,
        "Single Copy": false,
        "Plans": [
          {
            "Node Type": "Aggregate",
            "Strategy": "Plain",
            "Partial Mode": "Partial",
            "Parent Relationship": "Outer",
            "Parallel Aware": false,
            "Startup Cost": 505029.06,
            "Total Cost": 505029.07,
            "Plan Rows": 1,
            "Plan Width": 8,
            "Actual Startup Time": 8822.785,
            "Actual Total Time": 8822.789,
            "Actual Rows": 1,
            "Actual Loops": 2,
            "Plans": [
              {
                "Node Type": "Nested Loop",
                "Parent Relationship": "Outer",
                "Parallel Aware": false,
                "Join Type": "Inner",
                "Startup Cost": 57248.03,
                "Total Cost": 499996.45,
                "Plan Rows": 2013045,
                "Plan Width": 0,
                "Actual Startup Time": 249.534,
                "Actual Total Time": 8301.652,
                "Actual Rows": 12539044,
                "Actual Loops": 2,
                "Inner Unique": false,
                "Join Filter": "(t.id = ci.movie_id)",
                "Rows Removed by Join Filter": 0,
                "Plans": [
                  {
                    "Node Type": "Hash Join",
                    "Parent Relationship": "Outer",
                    "Parallel Aware": true,
                    "Join Type": "Inner",
                    "Startup Cost": 57247.47,
                    "Total Cost": 97205.48,
                    "Plan Rows": 140487,
                    "Plan Width": 8,
                    "Actual Startup Time": 249.444,
                    "Actual Total Time": 522.097,
                    "Actual Rows": 285842,
                    "Actual Loops": 2,
                    "Inner Unique": true,
                    "Hash Cond": "(mc.movie_id = t.id)",
                    "Plans": [
                      {
                        "Node Type": "Seq Scan",
                        "Parent Relationship": "Outer",
                        "Parallel Aware": true,
                        "Relation Name": "movie_companies",
                        "Alias": "mc",
                        "Startup Cost": 0.0,
                        "Total Cost": 37974.77,
                        "Plan Rows": 755522,
                        "Plan Width": 4,
                        "Actual Startup Time": 0.017,
                        "Actual Total Time": 130.143,
                        "Actual Rows": 637123,
                        "Actual Loops": 2,
                        "Filter": "(company_type_id = 1)",
                        "Rows Removed by Filter": 667442
                      },
                      {
                        "Node Type": "Hash",
                        "Parent Relationship": "Inner",
                        "Parallel Aware": true,
                        "Startup Cost": 53790.64,
                        "Total Cost": 53790.64,
                        "Plan Rows": 276546,
                        "Plan Width": 4,
                        "Actual Startup Time": 180.957,
                        "Actual Total Time": 180.959,
                        "Actual Rows": 248012,
                        "Actual Loops": 2,
                        "Hash Buckets": 524288,
                        "Original Hash Buckets": 524288,
                        "Hash Batches": 1,
                        "Original Hash Batches": 1,
                        "Peak Memory Usage": 23552,
                        "Plans": [
                          {
                            "Node Type": "Bitmap Heap Scan",
                            "Parent Relationship": "Outer",
                            "Parallel Aware": true,
                            "Relation Name": "title",
                            "Alias": "t",
                            "Startup Cost": 11940.38,
                            "Total Cost": 53790.64,
                            "Plan Rows": 276546,
                            "Plan Width": 4,
                            "Actual Startup Time": 37.162,
                            "Actual Total Time": 114.221,
                            "Actual Rows": 248012,
                            "Actual Loops": 2,
                            "Recheck Cond": "(kind_id = 1)",
                            "Rows Removed by Index Recheck": 0,
                            "Filter": "(production_year < 2009)",
                            "Rows Removed by Filter": 83400,
                            "Exact Heap Blocks": 7898,
                            "Lossy Heap Blocks": 0,
                            "Plans": [
                              {
                                "Node Type": "Bitmap Index Scan",
                                "Parent Relationship": "Outer",
                                "Parallel Aware": false,
                                "Index Name": "kind_id_title",
                                "Startup Cost": 0.0,
                                "Total Cost": 11822.85,
                                "Plan Rows": 663256,
                                "Plan Width": 0,
                                "Actual Startup Time": 35.836,
                                "Actual Total Time": 35.837,
                                "Actual Rows": 662825,
                                "Actual Loops": 1,
                                "Index Cond": "(kind_id = 1)"
                              }
                            ]
                          }
                        ]
                      }
                    ]
                  },
                  {
                    "Node Type": "Index Only Scan",
                    "Parent Relationship": "Inner",
                    "Parallel Aware": false,
                    "Scan Direction": "Forward",
                    "Index Name": "movie_id_cast_info",
                    "Relation Name": "cast_info",
                    "Alias": "ci",
                    "Startup Cost": 0.56,
                    "Total Cost": 2.4,
                    "Plan Rows": 37,
                    "Plan Width": 4,
                    "Actual Startup Time": 0.004,
                    "Actual Total Time": 0.024,
                    "Actual Rows": 44,
                    "Actual Loops": 571685,
                    "Index Cond": "(movie_id = mc.movie_id)",
                    "Rows Removed by Index Recheck": 0,
                    "Heap Fetches": 25078088
                  }
                ]
              }
            ]
          }
        ]
      }
    ]
  },
  "Planning Time": 1.202,
  "Triggers": [],
  "Execution Time": 8893.314
}