[
    {
        "Bao": {
            "Bao prediction": 1935.041,
            "Bao recommended hint": "SET enable_nestloop TO off; "
        }
    },
    {
        "Plan": {
            "Node Type": "Aggregate",
            "Strategy": "Plain",
            "Partial Mode": "Finalize",
            "Parallel Aware": false,
            "Startup Cost": 500978.81,
            "Total Cost": 500978.82,
            "Plan Rows": 1,
            "Plan Width": 96,
            "Actual Startup Time": 3478.122,
            "Actual Total Time": 3639.463,
            "Actual Rows": 1,
            "Actual Loops": 1,
            "Output": [
                "min(k.keyword)",
                "min(n.name)",
                "min(t.title)"
            ],
            "Plans": [
                {
                    "Node Type": "Gather",
                    "Parent Relationship": "Outer",
                    "Parallel Aware": false,
                    "Startup Cost": 500978.37,
                    "Total Cost": 500978.78,
                    "Plan Rows": 4,
                    "Plan Width": 96,
                    "Actual Startup Time": 3451.942,
                    "Actual Total Time": 3639.43,
                    "Actual Rows": 5,
                    "Actual Loops": 1,
                    "Output": [
                        "(PARTIAL min(k.keyword))",
                        "(PARTIAL min(n.name))",
                        "(PARTIAL min(t.title))"
                    ],
                    "Workers Planned": 4,
                    "Workers Launched": 4,
                    "Single Copy": false,
                    "Plans": [
                        {
                            "Node Type": "Aggregate",
                            "Strategy": "Plain",
                            "Partial Mode": "Partial",
                            "Parent Relationship": "Outer",
                            "Parallel Aware": false,
                            "Startup Cost": 499978.37,
                            "Total Cost": 499978.38,
                            "Plan Rows": 1,
                            "Plan Width": 96,
                            "Actual Startup Time": 3440.12,
                            "Actual Total Time": 3440.206,
                            "Actual Rows": 1,
                            "Actual Loops": 5,
                            "Output": [
                                "PARTIAL min(k.keyword)",
                                "PARTIAL min(n.name)",
                                "PARTIAL min(t.title)"
                            ],
                            "Workers": [
                                {
                                    "Worker Number": 0,
                                    "Actual Startup Time": 3438.497,
                                    "Actual Total Time": 3438.52,
                                    "Actual Rows": 1,
                                    "Actual Loops": 1
                                },
                                {
                                    "Worker Number": 1,
                                    "Actual Startup Time": 3437.085,
                                    "Actual Total Time": 3437.102,
                                    "Actual Rows": 1,
                                    "Actual Loops": 1
                                },
                                {
                                    "Worker Number": 2,
                                    "Actual Startup Time": 3437.234,
                                    "Actual Total Time": 3437.248,
                                    "Actual Rows": 1,
                                    "Actual Loops": 1
                                },
                                {
                                    "Worker Number": 3,
                                    "Actual Startup Time": 3437.647,
                                    "Actual Total Time": 3437.66,
                                    "Actual Rows": 1,
                                    "Actual Loops": 1
                                }
                            ],
                            "Plans": [
                                {
                                    "Node Type": "Hash Join",
                                    "Parent Relationship": "Outer",
                                    "Parallel Aware": true,
                                    "Join Type": "Inner",
                                    "Startup Cost": 428723.11,
                                    "Total Cost": 499967.04,
                                    "Plan Rows": 1511,
                                    "Plan Width": 48,
                                    "Actual Startup Time": 2925.537,
                                    "Actual Total Time": 3403.946,
                                    "Actual Rows": 224821,
                                    "Actual Loops": 5,
                                    "Output": [
                                        "k.keyword",
                                        "n.name",
                                        "t.title"
                                    ],
                                    "Inner Unique": false,
                                    "Hash Cond": "(n.id = ci.person_id)",
                                    "Workers": [
                                        {
                                            "Worker Number": 0,
                                            "Actual Startup Time": 2922.769,
                                            "Actual Total Time": 3401.168,
                                            "Actual Rows": 213473,
                                            "Actual Loops": 1
                                        },
                                        {
                                            "Worker Number": 1,
                                            "Actual Startup Time": 2922.849,
                                            "Actual Total Time": 3400.701,
                                            "Actual Rows": 214095,
                                            "Actual Loops": 1
                                        },
                                        {
                                            "Worker Number": 2,
                                            "Actual Startup Time": 2922.892,
                                            "Actual Total Time": 3400.094,
                                            "Actual Rows": 215019,
                                            "Actual Loops": 1
                                        },
                                        {
                                            "Worker Number": 3,
                                            "Actual Startup Time": 2923.413,
                                            "Actual Total Time": 3404.283,
                                            "Actual Rows": 270530,
                                            "Actual Loops": 1
                                        }
                                    ],
                                    "Plans": [
                                        {
                                            "Node Type": "Seq Scan",
                                            "Parent Relationship": "Outer",
                                            "Parallel Aware": true,
                                            "Relation Name": "name",
                                            "Schema": "public",
                                            "Alias": "n",
                                            "Startup Cost": 0.0,
                                            "Total Cost": 66031.94,
                                            "Plan Rows": 1041894,
                                            "Plan Width": 19,
                                            "Actual Startup Time": 0.033,
                                            "Actual Total Time": 146.355,
                                            "Actual Rows": 833498,
                                            "Actual Loops": 5,
                                            "Output": [
                                                "n.id",
                                                "n.name",
                                                "n.imdb_index",
                                                "n.imdb_id",
                                                "n.gender",
                                                "n.name_pcode_cf",
                                                "n.name_pcode_nf",
                                                "n.surname_pcode",
                                                "n.md5sum"
                                            ],
                                            "Workers": [
                                                {
                                                    "Worker Number": 0,
                                                    "Actual Startup Time": 0.043,
                                                    "Actual Total Time": 149.137,
                                                    "Actual Rows": 800219,
                                                    "Actual Loops": 1
                                                },
                                                {
                                                    "Worker Number": 1,
                                                    "Actual Startup Time": 0.041,
                                                    "Actual Total Time": 148.371,
                                                    "Actual Rows": 786622,
                                                    "Actual Loops": 1
                                                },
                                                {
                                                    "Worker Number": 2,
                                                    "Actual Startup Time": 0.039,
                                                    "Actual Total Time": 148.926,
                                                    "Actual Rows": 793936,
                                                    "Actual Loops": 1
                                                },
                                                {
                                                    "Worker Number": 3,
                                                    "Actual Startup Time": 0.031,
                                                    "Actual Total Time": 137.852,
                                                    "Actual Rows": 997097,
                                                    "Actual Loops": 1
                                                }
                                            ]
                                        },
                                        {
                                            "Node Type": "Hash",
                                            "Parent Relationship": "Inner",
                                            "Parallel Aware": true,
                                            "Startup Cost": 428710.52,
                                            "Total Cost": 428710.52,
                                            "Plan Rows": 1007,
                                            "Plan Width": 37,
                                            "Actual Startup Time": 2923.937,
                                            "Actual Total Time": 2924.021,
                                            "Actual Rows": 224821,
                                            "Actual Loops": 5,
                                            "Output": [
                                                "ci.person_id",
                                                "k.keyword",
                                                "t.title"
                                            ],
                                            "Hash Buckets": 2097152,
                                            "Original Hash Buckets": 8192,
                                            "Hash Batches": 1,
                                            "Original Hash Batches": 1,
                                            "Peak Memory Usage": 108320,
                                            "Workers": [
                                                {
                                                    "Worker Number": 0,
                                                    "Actual Startup Time": 2922.054,
                                                    "Actual Total Time": 2922.075,
                                                    "Actual Rows": 219227,
                                                    "Actual Loops": 1
                                                },
                                                {
                                                    "Worker Number": 1,
                                                    "Actual Startup Time": 2921.916,
                                                    "Actual Total Time": 2921.931,
                                                    "Actual Rows": 218487,
                                                    "Actual Loops": 1
                                                },
                                                {
                                                    "Worker Number": 2,
                                                    "Actual Startup Time": 2922.157,
                                                    "Actual Total Time": 2922.168,
                                                    "Actual Rows": 216498,
                                                    "Actual Loops": 1
                                                },
                                                {
                                                    "Worker Number": 3,
                                                    "Actual Startup Time": 2922.509,
                                                    "Actual Total Time": 2922.521,
                                                    "Actual Rows": 254111,
                                                    "Actual Loops": 1
                                                }
                                            ],
                                            "Plans": [
                                                {
                                                    "Node Type": "Hash Join",
                                                    "Parent Relationship": "Outer",
                                                    "Parallel Aware": true,
                                                    "Join Type": "Inner",
                                                    "Startup Cost": 92945.66,
                                                    "Total Cost": 428710.52,
                                                    "Plan Rows": 1007,
                                                    "Plan Width": 37,
                                                    "Actual Startup Time": 551.043,
                                                    "Actual Total Time": 2668.036,
                                                    "Actual Rows": 224821,
                                                    "Actual Loops": 5,
                                                    "Output": [
                                                        "ci.person_id",
                                                        "k.keyword",
                                                        "t.title"
                                                    ],
                                                    "Inner Unique": false,
                                                    "Hash Cond": "(ci.movie_id = t.id)",
                                                    "Workers": [
                                                        {
                                                            "Worker Number": 0,
                                                            "Actual Startup Time": 549.077,
                                                            "Actual Total Time": 2662.267,
                                                            "Actual Rows": 219227,
                                                            "Actual Loops": 1
                                                        },
                                                        {
                                                            "Worker Number": 1,
                                                            "Actual Startup Time": 549.084,
                                                            "Actual Total Time": 2675.099,
                                                            "Actual Rows": 218487,
                                                            "Actual Loops": 1
                                                        },
                                                        {
                                                            "Worker Number": 2,
                                                            "Actual Startup Time": 549.218,
                                                            "Actual Total Time": 2660.611,
                                                            "Actual Rows": 216498,
                                                            "Actual Loops": 1
                                                        },
                                                        {
                                                            "Worker Number": 3,
                                                            "Actual Startup Time": 549.687,
                                                            "Actual Total Time": 2665.57,
                                                            "Actual Rows": 254111,
                                                            "Actual Loops": 1
                                                        }
                                                    ],
                                                    "Plans": [
                                                        {
                                                            "Node Type": "Seq Scan",
                                                            "Parent Relationship": "Outer",
                                                            "Parallel Aware": true,
                                                            "Relation Name": "cast_info",
                                                            "Schema": "public",
                                                            "Alias": "ci",
                                                            "Startup Cost": 0.0,
                                                            "Total Cost": 313106.51,
                                                            "Plan Rows": 6041951,
                                                            "Plan Width": 8,
                                                            "Actual Startup Time": 0.012,
                                                            "Actual Total Time": 952.577,
                                                            "Actual Rows": 7248869,
                                                            "Actual Loops": 5,
                                                            "Output": [
                                                                "ci.id",
                                                                "ci.person_id",
                                                                "ci.movie_id",
                                                                "ci.person_role_id",
                                                                "ci.note",
                                                                "ci.nr_order",
                                                                "ci.role_id"
                                                            ],
                                                            "Workers": [
                                                                {
                                                                    "Worker Number": 0,
                                                                    "Actual Startup Time": 0.011,
                                                                    "Actual Total Time": 941.919,
                                                                    "Actual Rows": 7034245,
                                                                    "Actual Loops": 1
                                                                },
                                                                {
                                                                    "Worker Number": 1,
                                                                    "Actual Startup Time": 0.009,
                                                                    "Actual Total Time": 955.806,
                                                                    "Actual Rows": 7106530,
                                                                    "Actual Loops": 1
                                                                },
                                                                {
                                                                    "Worker Number": 2,
                                                                    "Actual Startup Time": 0.011,
                                                                    "Actual Total Time": 942.633,
                                                                    "Actual Rows": 7068604,
                                                                    "Actual Loops": 1
                                                                },
                                                                {
                                                                    "Worker Number": 3,
                                                                    "Actual Startup Time": 0.015,
                                                                    "Actual Total Time": 955.928,
                                                                    "Actual Rows": 8034133,
                                                                    "Actual Loops": 1
                                                                }
                                                            ]
                                                        },
                                                        {
                                                            "Node Type": "Hash",
                                                            "Parent Relationship": "Inner",
                                                            "Parallel Aware": true,
                                                            "Startup Cost": 92945.12,
                                                            "Total Cost": 92945.12,
                                                            "Plan Rows": 43,
                                                            "Plan Width": 41,
                                                            "Actual Startup Time": 550.828,
                                                            "Actual Total Time": 550.908,
                                                            "Actual Rows": 4243,
                                                            "Actual Loops": 5,
                                                            "Output": [
                                                                "k.keyword",
                                                                "mk.movie_id",
                                                                "t.title",
                                                                "t.id"
                                                            ],
                                                            "Hash Buckets": 32768,
                                                            "Original Hash Buckets": 1024,
                                                            "Hash Batches": 1,
                                                            "Original Hash Batches": 1,
                                                            "Peak Memory Usage": 2168,
                                                            "Workers": [
                                                                {
                                                                    "Worker Number": 0,
                                                                    "Actual Startup Time": 548.847,
                                                                    "Actual Total Time": 548.865,
                                                                    "Actual Rows": 4070,
                                                                    "Actual Loops": 1
                                                                },
                                                                {
                                                                    "Worker Number": 1,
                                                                    "Actual Startup Time": 548.882,
                                                                    "Actual Total Time": 548.893,
                                                                    "Actual Rows": 4055,
                                                                    "Actual Loops": 1
                                                                },
                                                                {
                                                                    "Worker Number": 2,
                                                                    "Actual Startup Time": 548.922,
                                                                    "Actual Total Time": 548.931,
                                                                    "Actual Rows": 3165,
                                                                    "Actual Loops": 1
                                                                },
                                                                {
                                                                    "Worker Number": 3,
                                                                    "Actual Startup Time": 549.579,
                                                                    "Actual Total Time": 549.589,
                                                                    "Actual Rows": 5395,
                                                                    "Actual Loops": 1
                                                                }
                                                            ],
                                                            "Plans": [
                                                                {
                                                                    "Node Type": "Hash Join",
                                                                    "Parent Relationship": "Outer",
                                                                    "Parallel Aware": true,
                                                                    "Join Type": "Inner",
                                                                    "Startup Cost": 46511.78,
                                                                    "Total Cost": 92945.12,
                                                                    "Plan Rows": 43,
                                                                    "Plan Width": 41,
                                                                    "Actual Startup Time": 320.685,
                                                                    "Actual Total Time": 503.821,
                                                                    "Actual Rows": 4243,
                                                                    "Actual Loops": 5,
                                                                    "Output": [
                                                                        "k.keyword",
                                                                        "mk.movie_id",
                                                                        "t.title",
                                                                        "t.id"
                                                                    ],
                                                                    "Inner Unique": false,
                                                                    "Hash Cond": "(t.id = mk.movie_id)",
                                                                    "Workers": [
                                                                        {
                                                                            "Worker Number": 0,
                                                                            "Actual Startup Time": 318.961,
                                                                            "Actual Total Time": 488.585,
                                                                            "Actual Rows": 4070,
                                                                            "Actual Loops": 1
                                                                        },
                                                                        {
                                                                            "Worker Number": 1,
                                                                            "Actual Startup Time": 318.504,
                                                                            "Actual Total Time": 491.029,
                                                                            "Actual Rows": 4055,
                                                                            "Actual Loops": 1
                                                                        },
                                                                        {
                                                                            "Worker Number": 2,
                                                                            "Actual Startup Time": 319.18,
                                                                            "Actual Total Time": 479.399,
                                                                            "Actual Rows": 3165,
                                                                            "Actual Loops": 1
                                                                        },
                                                                        {
                                                                            "Worker Number": 3,
                                                                            "Actual Startup Time": 319.065,
                                                                            "Actual Total Time": 531.964,
                                                                            "Actual Rows": 5395,
                                                                            "Actual Loops": 1
                                                                        }
                                                                    ],
                                                                    "Plans": [
                                                                        {
                                                                            "Node Type": "Seq Scan",
                                                                            "Parent Relationship": "Outer",
                                                                            "Parallel Aware": true,
                                                                            "Relation Name": "title",
                                                                            "Schema": "public",
                                                                            "Alias": "t",
                                                                            "Startup Cost": 0.0,
                                                                            "Total Cost": 43899.32,
                                                                            "Plan Rows": 405421,
                                                                            "Plan Width": 21,
                                                                            "Actual Startup Time": 0.027,
                                                                            "Actual Total Time": 121.061,
                                                                            "Actual Rows": 321415,
                                                                            "Actual Loops": 5,
                                                                            "Output": [
                                                                                "t.id",
                                                                                "t.title",
                                                                                "t.imdb_index",
                                                                                "t.kind_id",
                                                                                "t.production_year",
                                                                                "t.imdb_id",
                                                                                "t.phonetic_code",
                                                                                "t.episode_of_id",
                                                                                "t.season_nr",
                                                                                "t.episode_nr",
                                                                                "t.series_years",
                                                                                "t.md5sum"
                                                                            ],
                                                                            "Filter": "(t.production_year > 1995)",
                                                                            "Rows Removed by Filter": 184247,
                                                                            "Workers": [
                                                                                {
                                                                                    "Worker Number": 0,
                                                                                    "Actual Startup Time": 0.027,
                                                                                    "Actual Total Time": 113.244,
                                                                                    "Actual Rows": 284230,
                                                                                    "Actual Loops": 1
                                                                                },
                                                                                {
                                                                                    "Worker Number": 1,
                                                                                    "Actual Startup Time": 0.025,
                                                                                    "Actual Total Time": 114.863,
                                                                                    "Actual Rows": 289621,
                                                                                    "Actual Loops": 1
                                                                                },
                                                                                {
                                                                                    "Worker Number": 2,
                                                                                    "Actual Startup Time": 0.035,
                                                                                    "Actual Total Time": 104.885,
                                                                                    "Actual Rows": 250284,
                                                                                    "Actual Loops": 1
                                                                                },
                                                                                {
                                                                                    "Worker Number": 3,
                                                                                    "Actual Startup Time": 0.031,
                                                                                    "Actual Total Time": 140.717,
                                                                                    "Actual Rows": 408793,
                                                                                    "Actual Loops": 1
                                                                                }
                                                                            ]
                                                                        },
                                                                        {
                                                                            "Node Type": "Hash",
                                                                            "Parent Relationship": "Inner",
                                                                            "Parallel Aware": true,
                                                                            "Startup Cost": 46510.69,
                                                                            "Total Cost": 46510.69,
                                                                            "Plan Rows": 87,
                                                                            "Plan Width": 20,
                                                                            "Actual Startup Time": 320.273,
                                                                            "Actual Total Time": 320.28,
                                                                            "Actual Rows": 8963,
                                                                            "Actual Loops": 5,
                                                                            "Output": [
                                                                                "k.keyword",
                                                                                "mk.movie_id"
                                                                            ],
                                                                            "Hash Buckets": 65536,
                                                                            "Original Hash Buckets": 1024,
                                                                            "Hash Batches": 1,
                                                                            "Original Hash Batches": 1,
                                                                            "Peak Memory Usage": 3256,
                                                                            "Workers": [
                                                                                {
                                                                                    "Worker Number": 0,
                                                                                    "Actual Startup Time": 318.344,
                                                                                    "Actual Total Time": 318.356,
                                                                                    "Actual Rows": 7766,
                                                                                    "Actual Loops": 1
                                                                                },
                                                                                {
                                                                                    "Worker Number": 1,
                                                                                    "Actual Startup Time": 318.352,
                                                                                    "Actual Total Time": 318.358,
                                                                                    "Actual Rows": 8284,
                                                                                    "Actual Loops": 1
                                                                                },
                                                                                {
                                                                                    "Worker Number": 2,
                                                                                    "Actual Startup Time": 318.405,
                                                                                    "Actual Total Time": 318.41,
                                                                                    "Actual Rows": 8600,
                                                                                    "Actual Loops": 1
                                                                                },
                                                                                {
                                                                                    "Worker Number": 3,
                                                                                    "Actual Startup Time": 318.923,
                                                                                    "Actual Total Time": 318.928,
                                                                                    "Actual Rows": 9763,
                                                                                    "Actual Loops": 1
                                                                                }
                                                                            ],
                                                                            "Plans": [
                                                                                {
                                                                                    "Node Type": "Hash Join",
                                                                                    "Parent Relationship": "Outer",
                                                                                    "Parallel Aware": false,
                                                                                    "Join Type": "Inner",
                                                                                    "Startup Cost": 3632.5,
                                                                                    "Total Cost": 46510.69,
                                                                                    "Plan Rows": 87,
                                                                                    "Plan Width": 20,
                                                                                    "Actual Startup Time": 43.68,
                                                                                    "Actual Total Time": 249.93,
                                                                                    "Actual Rows": 8963,
                                                                                    "Actual Loops": 5,
                                                                                    "Output": [
                                                                                        "k.keyword",
                                                                                        "mk.movie_id"
                                                                                    ],
                                                                                    "Inner Unique": true,
                                                                                    "Hash Cond": "(mk.keyword_id = k.id)",
                                                                                    "Workers": [
                                                                                        {
                                                                                            "Worker Number": 0,
                                                                                            "Actual Startup Time": 42.009,
                                                                                            "Actual Total Time": 228.501,
                                                                                            "Actual Rows": 7766,
                                                                                            "Actual Loops": 1
                                                                                        },
                                                                                        {
                                                                                            "Worker Number": 1,
                                                                                            "Actual Startup Time": 41.367,
                                                                                            "Actual Total Time": 236.447,
                                                                                            "Actual Rows": 8284,
                                                                                            "Actual Loops": 1
                                                                                        },
                                                                                        {
                                                                                            "Worker Number": 2,
                                                                                            "Actual Startup Time": 44.984,
                                                                                            "Actual Total Time": 245.143,
                                                                                            "Actual Rows": 8600,
                                                                                            "Actual Loops": 1
                                                                                        },
                                                                                        {
                                                                                            "Worker Number": 3,
                                                                                            "Actual Startup Time": 41.705,
                                                                                            "Actual Total Time": 259.753,
                                                                                            "Actual Rows": 9763,
                                                                                            "Actual Loops": 1
                                                                                        }
                                                                                    ],
                                                                                    "Plans": [
                                                                                        {
                                                                                            "Node Type": "Seq Scan",
                                                                                            "Parent Relationship": "Outer",
                                                                                            "Parallel Aware": true,
                                                                                            "Relation Name": "movie_keyword",
                                                                                            "Schema": "public",
                                                                                            "Alias": "mk",
                                                                                            "Startup Cost": 0.0,
                                                                                            "Total Cost": 39047.32,
                                                                                            "Plan Rows": 1459332,
                                                                                            "Plan Width": 8,
                                                                                            "Actual Startup Time": 0.048,
                                                                                            "Actual Total Time": 112.034,
                                                                                            "Actual Rows": 904786,
                                                                                            "Actual Loops": 5,
                                                                                            "Output": [
                                                                                                "mk.id",
                                                                                                "mk.movie_id",
                                                                                                "mk.keyword_id"
                                                                                            ],
                                                                                            "Workers": [
                                                                                                {
                                                                                                    "Worker Number": 0,
                                                                                                    "Actual Startup Time": 0.05,
                                                                                                    "Actual Total Time": 101.715,
                                                                                                    "Actual Rows": 771820,
                                                                                                    "Actual Loops": 1
                                                                                                },
                                                                                                {
                                                                                                    "Worker Number": 1,
                                                                                                    "Actual Startup Time": 0.052,
                                                                                                    "Actual Total Time": 106.031,
                                                                                                    "Actual Rows": 844525,
                                                                                                    "Actual Loops": 1
                                                                                                },
                                                                                                {
                                                                                                    "Worker Number": 2,
                                                                                                    "Actual Startup Time": 0.067,
                                                                                                    "Actual Total Time": 110.278,
                                                                                                    "Actual Rows": 850815,
                                                                                                    "Actual Loops": 1
                                                                                                },
                                                                                                {
                                                                                                    "Worker Number": 3,
                                                                                                    "Actual Startup Time": 0.05,
                                                                                                    "Actual Total Time": 117.735,
                                                                                                    "Actual Rows": 1003195,
                                                                                                    "Actual Loops": 1
                                                                                                }
                                                                                            ]
                                                                                        },
                                                                                        {
                                                                                            "Node Type": "Hash",
                                                                                            "Parent Relationship": "Inner",
                                                                                            "Parallel Aware": false,
                                                                                            "Startup Cost": 3632.4,
                                                                                            "Total Cost": 3632.4,
                                                                                            "Plan Rows": 8,
                                                                                            "Plan Width": 20,
                                                                                            "Actual Startup Time": 43.525,
                                                                                            "Actual Total Time": 43.527,
                                                                                            "Actual Rows": 8,
                                                                                            "Actual Loops": 5,
                                                                                            "Output": [
                                                                                                "k.keyword",
                                                                                                "k.id"
                                                                                            ],
                                                                                            "Hash Buckets": 1024,
                                                                                            "Original Hash Buckets": 1024,
                                                                                            "Hash Batches": 1,
                                                                                            "Original Hash Batches": 1,
                                                                                            "Peak Memory Usage": 9,
                                                                                            "Workers": [
                                                                                                {
                                                                                                    "Worker Number": 0,
                                                                                                    "Actual Startup Time": 41.751,
                                                                                                    "Actual Total Time": 41.753,
                                                                                                    "Actual Rows": 8,
                                                                                                    "Actual Loops": 1
                                                                                                },
                                                                                                {
                                                                                                    "Worker Number": 1,
                                                                                                    "Actual Startup Time": 41.265,
                                                                                                    "Actual Total Time": 41.267,
                                                                                                    "Actual Rows": 8,
                                                                                                    "Actual Loops": 1
                                                                                                },
                                                                                                {
                                                                                                    "Worker Number": 2,
                                                                                                    "Actual Startup Time": 44.857,
                                                                                                    "Actual Total Time": 44.858,
                                                                                                    "Actual Rows": 8,
                                                                                                    "Actual Loops": 1
                                                                                                },
                                                                                                {
                                                                                                    "Worker Number": 3,
                                                                                                    "Actual Startup Time": 41.54,
                                                                                                    "Actual Total Time": 41.541,
                                                                                                    "Actual Rows": 8,
                                                                                                    "Actual Loops": 1
                                                                                                }
                                                                                            ],
                                                                                            "Plans": [
                                                                                                {
                                                                                                    "Node Type": "Seq Scan",
                                                                                                    "Parent Relationship": "Outer",
                                                                                                    "Parallel Aware": false,
                                                                                                    "Relation Name": "keyword",
                                                                                                    "Schema": "public",
                                                                                                    "Alias": "k",
                                                                                                    "Startup Cost": 0.0,
                                                                                                    "Total Cost": 3632.4,
                                                                                                    "Plan Rows": 8,
                                                                                                    "Plan Width": 20,
                                                                                                    "Actual Startup Time": 0.207,
                                                                                                    "Actual Total Time": 43.491,
                                                                                                    "Actual Rows": 8,
                                                                                                    "Actual Loops": 5,
                                                                                                    "Output": [
                                                                                                        "k.keyword",
                                                                                                        "k.id"
                                                                                                    ],
                                                                                                    "Filter": "(k.keyword = ANY ('{murder,superhero,hand-to-hand-combat,web,tv-special,martial-arts,sequel,based-on-comic}'::text[]))",
                                                                                                    "Rows Removed by Filter": 134162,
                                                                                                    "Workers": [
                                                                                                        {
                                                                                                            "Worker Number": 0,
                                                                                                            "Actual Startup Time": 0.184,
                                                                                                            "Actual Total Time": 41.72,
                                                                                                            "Actual Rows": 8,
                                                                                                            "Actual Loops": 1
                                                                                                        },
                                                                                                        {
                                                                                                            "Worker Number": 1,
                                                                                                            "Actual Startup Time": 0.207,
                                                                                                            "Actual Total Time": 41.232,
                                                                                                            "Actual Rows": 8,
                                                                                                            "Actual Loops": 1
                                                                                                        },
                                                                                                        {
                                                                                                            "Worker Number": 2,
                                                                                                            "Actual Startup Time": 0.252,
                                                                                                            "Actual Total Time": 44.818,
                                                                                                            "Actual Rows": 8,
                                                                                                            "Actual Loops": 1
                                                                                                        },
                                                                                                        {
                                                                                                            "Worker Number": 3,
                                                                                                            "Actual Startup Time": 0.174,
                                                                                                            "Actual Total Time": 41.511,
                                                                                                            "Actual Rows": 8,
                                                                                                            "Actual Loops": 1
                                                                                                        }
                                                                                                    ]
                                                                                                }
                                                                                            ]
                                                                                        }
                                                                                    ]
                                                                                }
                                                                            ]
                                                                        }
                                                                    ]
                                                                }
                                                            ]
                                                        }
                                                    ]
                                                }
                                            ]
                                        }
                                    ]
                                }
                            ]
                        }
                    ]
                }
            ]
        },
        "Planning Time": 1128.43,
        "Triggers": [],
        "Execution Time": 3640.261
    }
]