[
  {
    "Plan": {
      "Node Type": "Aggregate",
      "Strategy": "Plain",
      "Partial Mode": "Finalize",
      "Parallel Aware": false,
      "Startup Cost": 45321.76,
      "Total Cost": 45321.77,
      "Plan Rows": 1,
      "Plan Width": 8,
      "Actual Startup Time": 146.355,
      "Actual Total Time": 159.019,
      "Actual Rows": 1,
      "Actual Loops": 1,
      "Plans": [
        {
          "Node Type": "Gather",
          "Parent Relationship": "Outer",
          "Parallel Aware": false,
          "Startup Cost": 45321.44,
          "Total Cost": 45321.75,
          "Plan Rows": 3,
          "Plan Width": 8,
          "Actual Startup Time": 146.221,
          "Actual Total Time": 159.004,
          "Actual Rows": 4,
          "Actual Loops": 1,
          "Workers Planned": 3,
          "Workers Launched": 3,
          "Single Copy": false,
          "Plans": [
            {
              "Node Type": "Aggregate",
              "Strategy": "Plain",
              "Partial Mode": "Partial",
              "Parent Relationship": "Outer",
              "Parallel Aware": false,
              "Startup Cost": 44321.44,
              "Total Cost": 44321.45,
              "Plan Rows": 1,
              "Plan Width": 8,
              "Actual Startup Time": 137.221,
              "Actual Total Time": 137.223,
              "Actual Rows": 1,
              "Actual Loops": 4,
              "Plans": [
                {
                  "Node Type": "Seq Scan",
                  "Parent Relationship": "Outer",
                  "Parallel Aware": true,
                  "Relation Name": "movie_keyword",
                  "Alias": "mk",
                  "Startup Cost": 0.0,
                  "Total Cost": 42695.65,
                  "Plan Rows": 650316,
                  "Plan Width": 0,
                  "Actual Startup Time": 0.948,
                  "Actual Total Time": 113.33,
                  "Actual Rows": 500699,
                  "Actual Loops": 4,
                  "Filter": "(keyword_id > 6245)",
                  "Rows Removed by Filter": 630283
                }
              ]
            }
          ]
        }
      ]
    },
    "Planning Time": 0.163,
    "Triggers": [],
    "Execution Time": 159.073
  }
]