[
  {
    "Plan": {
      "Node Type": "Aggregate",
      "Strategy": "Plain",
      "Partial Mode": "Finalize",
      "Parallel Aware": false,
      "Startup Cost": 196600.27,
      "Total Cost": 196600.28,
      "Plan Rows": 1,
      "Plan Width": 8,
      "Actual Startup Time": 2922.663,
      "Actual Total Time": 3011.501,
      "Actual Rows": 1,
      "Actual Loops": 1,
      "Plans": [
        {
          "Node Type": "Gather",
          "Parent Relationship": "Outer",
          "Parallel Aware": false,
          "Startup Cost": 196599.85,
          "Total Cost": 196600.26,
          "Plan Rows": 4,
          "Plan Width": 8,
          "Actual Startup Time": 2920.29,
          "Actual Total Time": 3011.491,
          "Actual Rows": 5,
          "Actual Loops": 1,
          "Workers Planned": 4,
          "Workers Launched": 4,
          "Single Copy": false,
          "Plans": [
            {
              "Node Type": "Aggregate",
              "Strategy": "Plain",
              "Partial Mode": "Partial",
              "Parent Relationship": "Outer",
              "Parallel Aware": false,
              "Startup Cost": 195599.85,
              "Total Cost": 195599.86,
              "Plan Rows": 1,
              "Plan Width": 8,
              "Actual Startup Time": 2910.179,
              "Actual Total Time": 2910.236,
              "Actual Rows": 1,
              "Actual Loops": 5,
              "Plans": [
                {
                  "Node Type": "Nested Loop",
                  "Parent Relationship": "Outer",
                  "Parallel Aware": false,
                  "Join Type": "Inner",
                  "Startup Cost": 30819.08,
                  "Total Cost": 194110.23,
                  "Plan Rows": 595848,
                  "Plan Width": 0,
                  "Actual Startup Time": 111.607,
                  "Actual Total Time": 2835.229,
                  "Actual Rows": 1679009,
                  "Actual Loops": 5,
                  "Inner Unique": false,
                  "Plans": [
                    {
                      "Node Type": "Hash Join",
                      "Parent Relationship": "Outer",
                      "Parallel Aware": true,
                      "Join Type": "Inner",
                      "Startup Cost": 30818.52,
                      "Total Cost": 76470.85,
                      "Plan Rows": 53702,
                      "Plan Width": 8,
                      "Actual Startup Time": 111.518,
                      "Actual Total Time": 357.387,
                      "Actual Rows": 86057,
                      "Actual Loops": 5,
                      "Inner Unique": false,
                      "Hash Cond": "(t.id = mc.movie_id)",
                      "Plans": [
                        {
                          "Node Type": "Seq Scan",
                          "Parent Relationship": "Outer",
                          "Parallel Aware": true,
                          "Relation Name": "title",
                          "Alias": "t",
                          "Startup Cost": 0.0,
                          "Total Cost": 42318.73,
                          "Plan Rows": 632073,
                          "Plan Width": 4,
                          "Actual Startup Time": 0.011,
                          "Actual Total Time": 62.842,
                          "Actual Rows": 505662,
                          "Actual Loops": 5
                        },
                        {
                          "Node Type": "Hash",
                          "Parent Relationship": "Inner",
                          "Parallel Aware": true,
                          "Startup Cost": 29952.34,
                          "Total Cost": 29952.34,
                          "Plan Rows": 69294,
                          "Plan Width": 4,
                          "Actual Startup Time": 101.835,
                          "Actual Total Time": 101.837,
                          "Actual Rows": 86057,
                          "Actual Loops": 5,
                          "Hash Buckets": 524288,
                          "Original Hash Buckets": 262144,
                          "Hash Batches": 1,
                          "Original Hash Batches": 1,
                          "Peak Memory Usage": 23040,
                          "Plans": [
                            {
                              "Node Type": "Bitmap Heap Scan",
                              "Parent Relationship": "Outer",
                              "Parallel Aware": true,
                              "Relation Name": "movie_companies",
                              "Alias": "mc",
                              "Startup Cost": 9115.2,
                              "Total Cost": 29952.34,
                              "Plan Rows": 69294,
                              "Plan Width": 4,
                              "Actual Startup Time": 33.407,
                              "Actual Total Time": 67.461,
                              "Actual Rows": 86057,
                              "Actual Loops": 5,
                              "Recheck Cond": "(company_id > 79143)",
                              "Rows Removed by Index Recheck": 0,
                              "Filter": "(company_type_id = 2)",
                              "Rows Removed by Filter": 0,
                              "Exact Heap Blocks": 2643,
                              "Lossy Heap Blocks": 0,
                              "Plans": [
                                {
                                  "Node Type": "Bitmap Index Scan",
                                  "Parent Relationship": "Outer",
                                  "Parallel Aware": false,
                                  "Index Name": "company_id_movie_companies",
                                  "Startup Cost": 0.0,
                                  "Total Cost": 9061.5,
                                  "Plan Rows": 423076,
                                  "Plan Width": 0,
                                  "Actual Startup Time": 35.73,
                                  "Actual Total Time": 35.73,
                                  "Actual Rows": 430283,
                                  "Actual Loops": 1,
                                  "Index Cond": "(company_id > 79143)"
                                }
                              ]
                            }
                          ]
                        }
                      ]
                    },
                    {
                      "Node Type": "Index Scan",
                      "Parent Relationship": "Inner",
                      "Parallel Aware": false,
                      "Scan Direction": "Forward",
                      "Index Name": "movie_id_cast_info",
                      "Relation Name": "cast_info",
                      "Alias": "ci",
                      "Startup Cost": 0.56,
                      "Total Cost": 1.91,
                      "Plan Rows": 28,
                      "Plan Width": 4,
                      "Actual Startup Time": 0.009,
                      "Actual Total Time": 0.027,
                      "Actual Rows": 20,
                      "Actual Loops": 430283,
                      "Index Cond": "(movie_id = t.id)",
                      "Rows Removed by Index Recheck": 0,
                      "Filter": "(person_id > 815255)",
                      "Rows Removed by Filter": 6
                    }
                  ]
                }
              ]
            }
          ]
        }
      ]
    },
    "Planning Time": 1.41,
    "Triggers": [],
    "Execution Time": 3011.635
  }
]