[
  {
    "Plan": {
      "Node Type": "Aggregate",
      "Strategy": "Plain",
      "Partial Mode": "Finalize",
      "Parallel Aware": false,
      "Startup Cost": 49725.4,
      "Total Cost": 49725.41,
      "Plan Rows": 1,
      "Plan Width": 8,
      "Actual Startup Time": 65.5,
      "Actual Total Time": 74.942,
      "Actual Rows": 1,
      "Actual Loops": 1,
      "Plans": [
        {
          "Node Type": "Gather",
          "Parent Relationship": "Outer",
          "Parallel Aware": false,
          "Startup Cost": 49725.08,
          "Total Cost": 49725.39,
          "Plan Rows": 3,
          "Plan Width": 8,
          "Actual Startup Time": 65.105,
          "Actual Total Time": 74.936,
          "Actual Rows": 4,
          "Actual Loops": 1,
          "Workers Planned": 3,
          "Workers Launched": 3,
          "Single Copy": false,
          "Plans": [
            {
              "Node Type": "Aggregate",
              "Strategy": "Plain",
              "Partial Mode": "Partial",
              "Parent Relationship": "Outer",
              "Parallel Aware": false,
              "Startup Cost": 48725.08,
              "Total Cost": 48725.09,
              "Plan Rows": 1,
              "Plan Width": 8,
              "Actual Startup Time": 59.722,
              "Actual Total Time": 59.725,
              "Actual Rows": 1,
              "Actual Loops": 4,
              "Plans": [
                {
                  "Node Type": "Nested Loop",
                  "Parent Relationship": "Outer",
                  "Parallel Aware": false,
                  "Join Type": "Inner",
                  "Startup Cost": 38642.01,
                  "Total Cost": 48724.71,
                  "Plan Rows": 148,
                  "Plan Width": 0,
                  "Actual Startup Time": 29.834,
                  "Actual Total Time": 59.697,
                  "Actual Rows": 220,
                  "Actual Loops": 4,
                  "Inner Unique": false,
                  "Join Filter": "(t.id = mi.movie_id)",
                  "Rows Removed by Join Filter": 0,
                  "Plans": [
                    {
                      "Node Type": "Hash Join",
                      "Parent Relationship": "Outer",
                      "Parallel Aware": true,
                      "Join Type": "Inner",
                      "Startup Cost": 38641.57,
                      "Total Cost": 47745.45,
                      "Plan Rows": 242,
                      "Plan Width": 8,
                      "Actual Startup Time": 29.66,
                      "Actual Total Time": 53.33,
                      "Actual Rows": 88,
                      "Actual Loops": 4,
                      "Inner Unique": true,
                      "Hash Cond": "(ci.movie_id = t.id)",
                      "Plans": [
                        {
                          "Node Type": "Index Scan",
                          "Parent Relationship": "Outer",
                          "Parallel Aware": true,
                          "Scan Direction": "Forward",
                          "Index Name": "role_id_cast_info",
                          "Relation Name": "cast_info",
                          "Alias": "ci",
                          "Startup Cost": 0.56,
                          "Total Cost": 8837.38,
                          "Plan Rows": 101739,
                          "Plan Width": 4,
                          "Actual Startup Time": 0.167,
                          "Actual Total Time": 15.003,
                          "Actual Rows": 79030,
                          "Actual Loops": 4,
                          "Index Cond": "(role_id > 10)",
                          "Rows Removed by Index Recheck": 0
                        },
                        {
                          "Node Type": "Hash",
                          "Parent Relationship": "Inner",
                          "Parallel Aware": true,
                          "Startup Cost": 38622.23,
                          "Total Cost": 38622.23,
                          "Plan Rows": 1502,
                          "Plan Width": 4,
                          "Actual Startup Time": 28.749,
                          "Actual Total Time": 28.75,
                          "Actual Rows": 2132,
                          "Actual Loops": 4,
                          "Hash Buckets": 8192,
                          "Original Hash Buckets": 8192,
                          "Hash Batches": 1,
                          "Original Hash Batches": 1,
                          "Peak Memory Usage": 448,
                          "Plans": [
                            {
                              "Node Type": "Bitmap Heap Scan",
                              "Parent Relationship": "Outer",
                              "Parallel Aware": true,
                              "Relation Name": "title",
                              "Alias": "t",
                              "Startup Cost": 2168.8,
                              "Total Cost": 38622.23,
                              "Plan Rows": 1502,
                              "Plan Width": 4,
                              "Actual Startup Time": 2.987,
                              "Actual Total Time": 27.872,
                              "Actual Rows": 2132,
                              "Actual Loops": 4,
                              "Recheck Cond": "(kind_id = 4)",
                              "Rows Removed by Index Recheck": 0,
                              "Filter": "(production_year = 2008)",
                              "Rows Removed by Filter": 27427,
                              "Exact Heap Blocks": 6864,
                              "Lossy Heap Blocks": 0,
                              "Plans": [
                                {
                                  "Node Type": "Bitmap Index Scan",
                                  "Parent Relationship": "Outer",
                                  "Parallel Aware": false,
                                  "Index Name": "kind_id_title",
                                  "Startup Cost": 0.0,
                                  "Total Cost": 2167.3,
                                  "Plan Rows": 121449,
                                  "Plan Width": 0,
                                  "Actual Startup Time": 5.043,
                                  "Actual Total Time": 5.043,
                                  "Actual Rows": 118234,
                                  "Actual Loops": 1,
                                  "Index Cond": "(kind_id = 4)"
                                }
                              ]
                            }
                          ]
                        }
                      ]
                    },
                    {
                      "Node Type": "Index Scan",
                      "Parent Relationship": "Inner",
                      "Parallel Aware": false,
                      "Scan Direction": "Forward",
                      "Index Name": "movie_id_movie_info",
                      "Relation Name": "movie_info",
                      "Alias": "mi",
                      "Startup Cost": 0.43,
                      "Total Cost": 4.0,
                      "Plan Rows": 4,
                      "Plan Width": 4,
                      "Actual Startup Time": 0.071,
                      "Actual Total Time": 0.071,
                      "Actual Rows": 2,
                      "Actual Loops": 353,
                      "Index Cond": "(movie_id = ci.movie_id)",
                      "Rows Removed by Index Recheck": 0,
                      "Filter": "(info_type_id = 3)",
                      "Rows Removed by Filter": 13
                    }
                  ]
                }
              ]
            }
          ]
        }
      ]
    },
    "Planning Time": 0.43,
    "Triggers": [],
    "Execution Time": 74.988
  }
]