{
  "Plan": {
    "Node Type": "Aggregate",
    "Strategy": "Plain",
    "Partial Mode": "Finalize",
    "Parallel Aware": false,
    "Startup Cost": 595933.14,
    "Total Cost": 595933.15,
    "Plan Rows": 1,
    "Plan Width": 8,
    "Actual Startup Time": 5218.714,
    "Actual Total Time": 5286.529,
    "Actual Rows": 1,
    "Actual Loops": 1,
    "Plans": [
      {
        "Node Type": "Gather",
        "Parent Relationship": "Outer",
        "Parallel Aware": false,
        "Startup Cost": 595933.02,
        "Total Cost": 595933.13,
        "Plan Rows": 1,
        "Plan Width": 8,
        "Actual Startup Time": 5216.577,
        "Actual Total Time": 5286.518,
        "Actual Rows": 2,
        "Actual Loops": 1,
        "Workers Planned": 1,
        "Workers Launched": 1,
        "Single Copy": false,
        "Plans": [
          {
            "Node Type": "Aggregate",
            "Strategy": "Plain",
            "Partial Mode": "Partial",
            "Parent Relationship": "Outer",
            "Parallel Aware": false,
            "Startup Cost": 594933.02,
            "Total Cost": 594933.03,
            "Plan Rows": 1,
            "Plan Width": 8,
            "Actual Startup Time": 5211.151,
            "Actual Total Time": 5211.455,
            "Actual Rows": 1,
            "Actual Loops": 2,
            "Plans": [
              {
                "Node Type": "Hash Join",
                "Parent Relationship": "Outer",
                "Parallel Aware": true,
                "Join Type": "Inner",
                "Startup Cost": 62159.02,
                "Total Cost": 583892.37,
                "Plan Rows": 4416261,
                "Plan Width": 0,
                "Actual Startup Time": 237.461,
                "Actual Total Time": 5033.742,
                "Actual Rows": 4436789,
                "Actual Loops": 2,
                "Inner Unique": true,
                "Hash Cond": "(ci.movie_id = t.id)",
                "Plans": [
                  {
                    "Node Type": "Seq Scan",
                    "Parent Relationship": "Outer",
                    "Parallel Aware": true,
                    "Relation Name": "cast_info",
                    "Alias": "ci",
                    "Startup Cost": 0.0,
                    "Total Cost": 465792.95,
                    "Plan Rows": 21310595,
                    "Plan Width": 4,
                    "Actual Startup Time": 0.014,
                    "Actual Total Time": 1328.687,
                    "Actual Rows": 18122172,
                    "Actual Loops": 2
                  },
                  {
                    "Node Type": "Hash",
                    "Parent Relationship": "Inner",
                    "Parallel Aware": true,
                    "Startup Cost": 58306.47,
                    "Total Cost": 58306.47,
                    "Plan Rows": 308204,
                    "Plan Width": 4,
                    "Actual Startup Time": 231.507,
                    "Actual Total Time": 231.508,
                    "Actual Rows": 304766,
                    "Actual Loops": 2,
                    "Hash Buckets": 1048576,
                    "Original Hash Buckets": 524288,
                    "Hash Batches": 1,
                    "Original Hash Batches": 1,
                    "Peak Memory Usage": 36160,
                    "Plans": [
                      {
                        "Node Type": "Seq Scan",
                        "Parent Relationship": "Outer",
                        "Parallel Aware": true,
                        "Relation Name": "title",
                        "Alias": "t",
                        "Startup Cost": 0.0,
                        "Total Cost": 58306.47,
                        "Plan Rows": 308204,
                        "Plan Width": 4,
                        "Actual Startup Time": 0.034,
                        "Actual Total Time": 153.868,
                        "Actual Rows": 304766,
                        "Actual Loops": 2,
                        "Filter": "((kind_id < 7) AND (production_year < 2005))",
                        "Rows Removed by Filter": 959390
                      }
                    ]
                  }
                ]
              }
            ]
          }
        ]
      }
    ]
  },
  "Planning Time": 0.709,
  "Triggers": [],
  "Execution Time": 5286.614
}