[
  {
    "Plan": {
      "Node Type": "Aggregate",
      "Strategy": "Plain",
      "Partial Mode": "Finalize",
      "Parallel Aware": false,
      "Startup Cost": 33209.74,
      "Total Cost": 33209.75,
      "Plan Rows": 1,
      "Plan Width": 8,
      "Actual Startup Time": 124.816,
      "Actual Total Time": 133.354,
      "Actual Rows": 1,
      "Actual Loops": 1,
      "Plans": [
        {
          "Node Type": "Gather",
          "Parent Relationship": "Outer",
          "Parallel Aware": false,
          "Startup Cost": 33209.43,
          "Total Cost": 33209.74,
          "Plan Rows": 3,
          "Plan Width": 8,
          "Actual Startup Time": 124.605,
          "Actual Total Time": 133.34,
          "Actual Rows": 4,
          "Actual Loops": 1,
          "Workers Planned": 3,
          "Workers Launched": 3,
          "Single Copy": false,
          "Plans": [
            {
              "Node Type": "Aggregate",
              "Strategy": "Plain",
              "Partial Mode": "Partial",
              "Parent Relationship": "Outer",
              "Parallel Aware": false,
              "Startup Cost": 32209.43,
              "Total Cost": 32209.44,
              "Plan Rows": 1,
              "Plan Width": 8,
              "Actual Startup Time": 117.525,
              "Actual Total Time": 117.527,
              "Actual Rows": 1,
              "Actual Loops": 4,
              "Plans": [
                {
                  "Node Type": "Seq Scan",
                  "Parent Relationship": "Outer",
                  "Parallel Aware": true,
                  "Relation Name": "movie_companies",
                  "Alias": "mc",
                  "Startup Cost": 0.0,
                  "Total Cost": 31414.82,
                  "Plan Rows": 317843,
                  "Plan Width": 0,
                  "Actual Startup Time": 0.033,
                  "Actual Total Time": 96.945,
                  "Actual Rows": 318260,
                  "Actual Loops": 4,
                  "Filter": "((company_id < 69728) AND (company_type_id = 1))",
                  "Rows Removed by Filter": 334022
                }
              ]
            }
          ]
        }
      ]
    },
    "Planning Time": 0.187,
    "Triggers": [],
    "Execution Time": 133.405
  }
]