[
  {
    "Plan": {
      "Node Type": "Aggregate",
      "Strategy": "Plain",
      "Partial Mode": "Finalize",
      "Parallel Aware": false,
      "Startup Cost": 33221.15,
      "Total Cost": 33221.16,
      "Plan Rows": 1,
      "Plan Width": 8,
      "Actual Startup Time": 98.935,
      "Actual Total Time": 106.502,
      "Actual Rows": 1,
      "Actual Loops": 1,
      "Plans": [
        {
          "Node Type": "Gather",
          "Parent Relationship": "Outer",
          "Parallel Aware": false,
          "Startup Cost": 33220.83,
          "Total Cost": 33221.14,
          "Plan Rows": 3,
          "Plan Width": 8,
          "Actual Startup Time": 98.829,
          "Actual Total Time": 106.492,
          "Actual Rows": 4,
          "Actual Loops": 1,
          "Workers Planned": 3,
          "Workers Launched": 3,
          "Single Copy": false,
          "Plans": [
            {
              "Node Type": "Aggregate",
              "Strategy": "Plain",
              "Partial Mode": "Partial",
              "Parent Relationship": "Outer",
              "Parallel Aware": false,
              "Startup Cost": 32220.83,
              "Total Cost": 32220.84,
              "Plan Rows": 1,
              "Plan Width": 8,
              "Actual Startup Time": 93.07,
              "Actual Total Time": 93.071,
              "Actual Rows": 1,
              "Actual Loops": 4,
              "Plans": [
                {
                  "Node Type": "Seq Scan",
                  "Parent Relationship": "Outer",
                  "Parallel Aware": true,
                  "Relation Name": "movie_companies",
                  "Alias": "mc",
                  "Startup Cost": 0.0,
                  "Total Cost": 31414.82,
                  "Plan Rows": 322405,
                  "Plan Width": 0,
                  "Actual Startup Time": 0.047,
                  "Actual Total Time": 77.34,
                  "Actual Rows": 318260,
                  "Actual Loops": 4,
                  "Filter": "((company_id < 69728) AND (company_type_id = 1))",
                  "Rows Removed by Filter": 334022
                }
              ]
            }
          ]
        }
      ]
    },
    "Planning Time": 0.22,
    "Triggers": [],
    "Execution Time": 106.565
  }
]