[
  {
    "Plan": {
      "Node Type": "Aggregate",
      "Strategy": "Plain",
      "Partial Mode": "Finalize",
      "Parallel Aware": false,
      "Startup Cost": 32697.87,
      "Total Cost": 32697.88,
      "Plan Rows": 1,
      "Plan Width": 8,
      "Actual Startup Time": 87.337,
      "Actual Total Time": 95.643,
      "Actual Rows": 1,
      "Actual Loops": 1,
      "Plans": [
        {
          "Node Type": "Gather",
          "Parent Relationship": "Outer",
          "Parallel Aware": false,
          "Startup Cost": 32697.56,
          "Total Cost": 32697.87,
          "Plan Rows": 3,
          "Plan Width": 8,
          "Actual Startup Time": 87.183,
          "Actual Total Time": 95.635,
          "Actual Rows": 4,
          "Actual Loops": 1,
          "Workers Planned": 3,
          "Workers Launched": 3,
          "Single Copy": false,
          "Plans": [
            {
              "Node Type": "Aggregate",
              "Strategy": "Plain",
              "Partial Mode": "Partial",
              "Parent Relationship": "Outer",
              "Parallel Aware": false,
              "Startup Cost": 31697.56,
              "Total Cost": 31697.57,
              "Plan Rows": 1,
              "Plan Width": 8,
              "Actual Startup Time": 81.177,
              "Actual Total Time": 81.178,
              "Actual Rows": 1,
              "Actual Loops": 4,
              "Plans": [
                {
                  "Node Type": "Seq Scan",
                  "Parent Relationship": "Outer",
                  "Parallel Aware": true,
                  "Relation Name": "movie_companies",
                  "Alias": "mc",
                  "Startup Cost": 0.0,
                  "Total Cost": 31414.82,
                  "Plan Rows": 113095,
                  "Plan Width": 0,
                  "Actual Startup Time": 48.536,
                  "Actual Total Time": 78.849,
                  "Actual Rows": 48825,
                  "Actual Loops": 4,
                  "Filter": "((company_id < 1214) AND (company_type_id = 2))",
                  "Rows Removed by Filter": 603458
                }
              ]
            }
          ]
        }
      ]
    },
    "Planning Time": 0.225,
    "Triggers": [],
    "Execution Time": 95.701
  }
]