[
  {
    "Plan": {
      "Node Type": "Aggregate",
      "Strategy": "Plain",
      "Partial Mode": "Finalize",
      "Parallel Aware": false,
      "Startup Cost": 84163.21,
      "Total Cost": 84163.22,
      "Plan Rows": 1,
      "Plan Width": 8,
      "Actual Startup Time": 451.542,
      "Actual Total Time": 465.431,
      "Actual Rows": 1,
      "Actual Loops": 1,
      "Plans": [
        {
          "Node Type": "Gather",
          "Parent Relationship": "Outer",
          "Parallel Aware": false,
          "Startup Cost": 84162.89,
          "Total Cost": 84163.2,
          "Plan Rows": 3,
          "Plan Width": 8,
          "Actual Startup Time": 441.908,
          "Actual Total Time": 465.421,
          "Actual Rows": 4,
          "Actual Loops": 1,
          "Workers Planned": 3,
          "Workers Launched": 3,
          "Single Copy": false,
          "Plans": [
            {
              "Node Type": "Aggregate",
              "Strategy": "Plain",
              "Partial Mode": "Partial",
              "Parent Relationship": "Outer",
              "Parallel Aware": false,
              "Startup Cost": 83162.89,
              "Total Cost": 83162.9,
              "Plan Rows": 1,
              "Plan Width": 8,
              "Actual Startup Time": 429.118,
              "Actual Total Time": 429.122,
              "Actual Rows": 1,
              "Actual Loops": 4,
              "Plans": [
                {
                  "Node Type": "Hash Join",
                  "Parent Relationship": "Outer",
                  "Parallel Aware": true,
                  "Join Type": "Inner",
                  "Startup Cost": 56914.62,
                  "Total Cost": 82908.39,
                  "Plan Rows": 101803,
                  "Plan Width": 0,
                  "Actual Startup Time": 355.23,
                  "Actual Total Time": 425.407,
                  "Actual Rows": 79038,
                  "Actual Loops": 4,
                  "Inner Unique": true,
                  "Hash Cond": "(mk.movie_id = t.id)",
                  "Plans": [
                    {
                      "Node Type": "Bitmap Heap Scan",
                      "Parent Relationship": "Outer",
                      "Parallel Aware": true,
                      "Relation Name": "movie_keyword",
                      "Alias": "mk",
                      "Startup Cost": 6694.24,
                      "Total Cost": 32420.77,
                      "Plan Rows": 101803,
                      "Plan Width": 4,
                      "Actual Startup Time": 20.811,
                      "Actual Total Time": 64.992,
                      "Actual Rows": 79038,
                      "Actual Loops": 4,
                      "Recheck Cond": "(keyword_id > 51584)",
                      "Rows Removed by Index Recheck": 0,
                      "Exact Heap Blocks": 6252,
                      "Lossy Heap Blocks": 0,
                      "Plans": [
                        {
                          "Node Type": "Bitmap Index Scan",
                          "Parent Relationship": "Outer",
                          "Parallel Aware": false,
                          "Index Name": "keyword_id_movie_keyword",
                          "Startup Cost": 0.0,
                          "Total Cost": 6615.34,
                          "Plan Rows": 315588,
                          "Plan Width": 0,
                          "Actual Startup Time": 17.609,
                          "Actual Total Time": 17.61,
                          "Actual Rows": 316153,
                          "Actual Loops": 1,
                          "Index Cond": "(keyword_id > 51584)"
                        }
                      ]
                    },
                    {
                      "Node Type": "Hash",
                      "Parent Relationship": "Inner",
                      "Parallel Aware": true,
                      "Startup Cost": 42319.06,
                      "Total Cost": 42319.06,
                      "Plan Rows": 632106,
                      "Plan Width": 4,
                      "Actual Startup Time": 326.012,
                      "Actual Total Time": 326.013,
                      "Actual Rows": 632078,
                      "Actual Loops": 4,
                      "Hash Buckets": 4194304,
                      "Original Hash Buckets": 4194304,
                      "Hash Batches": 1,
                      "Original Hash Batches": 1,
                      "Peak Memory Usage": 131744,
                      "Plans": [
                        {
                          "Node Type": "Seq Scan",
                          "Parent Relationship": "Outer",
                          "Parallel Aware": true,
                          "Relation Name": "title",
                          "Alias": "t",
                          "Startup Cost": 0.0,
                          "Total Cost": 42319.06,
                          "Plan Rows": 632106,
                          "Plan Width": 4,
                          "Actual Startup Time": 0.048,
                          "Actual Total Time": 97.739,
                          "Actual Rows": 632078,
                          "Actual Loops": 4
                        }
                      ]
                    }
                  ]
                }
              ]
            }
          ]
        }
      ]
    },
    "Planning Time": 0.487,
    "Triggers": [],
    "Execution Time": 465.516
  }
]