[
  {
    "Plan": {
      "Node Type": "Aggregate",
      "Strategy": "Plain",
      "Partial Mode": "Finalize",
      "Parallel Aware": false,
      "Startup Cost": 84376.21,
      "Total Cost": 84376.22,
      "Plan Rows": 1,
      "Plan Width": 8,
      "Actual Startup Time": 452.779,
      "Actual Total Time": 469.213,
      "Actual Rows": 1,
      "Actual Loops": 1,
      "Plans": [
        {
          "Node Type": "Gather",
          "Parent Relationship": "Outer",
          "Parallel Aware": false,
          "Startup Cost": 84375.89,
          "Total Cost": 84376.2,
          "Plan Rows": 3,
          "Plan Width": 8,
          "Actual Startup Time": 444.455,
          "Actual Total Time": 469.203,
          "Actual Rows": 4,
          "Actual Loops": 1,
          "Workers Planned": 3,
          "Workers Launched": 3,
          "Single Copy": false,
          "Plans": [
            {
              "Node Type": "Aggregate",
              "Strategy": "Plain",
              "Partial Mode": "Partial",
              "Parent Relationship": "Outer",
              "Parallel Aware": false,
              "Startup Cost": 83375.89,
              "Total Cost": 83375.9,
              "Plan Rows": 1,
              "Plan Width": 8,
              "Actual Startup Time": 425.552,
              "Actual Total Time": 425.557,
              "Actual Rows": 1,
              "Actual Loops": 4,
              "Plans": [
                {
                  "Node Type": "Hash Join",
                  "Parent Relationship": "Outer",
                  "Parallel Aware": true,
                  "Join Type": "Inner",
                  "Startup Cost": 57082.88,
                  "Total Cost": 83115.04,
                  "Plan Rows": 104341,
                  "Plan Width": 0,
                  "Actual Startup Time": 352.519,
                  "Actual Total Time": 421.736,
                  "Actual Rows": 79038,
                  "Actual Loops": 4,
                  "Inner Unique": true,
                  "Hash Cond": "(mk.movie_id = t.id)",
                  "Plans": [
                    {
                      "Node Type": "Bitmap Heap Scan",
                      "Parent Relationship": "Outer",
                      "Parallel Aware": true,
                      "Relation Name": "movie_keyword",
                      "Alias": "mk",
                      "Startup Cost": 6863.23,
                      "Total Cost": 32621.5,
                      "Plan Rows": 104341,
                      "Plan Width": 4,
                      "Actual Startup Time": 20.776,
                      "Actual Total Time": 62.928,
                      "Actual Rows": 79038,
                      "Actual Loops": 4,
                      "Recheck Cond": "(keyword_id > 51584)",
                      "Rows Removed by Index Recheck": 0,
                      "Exact Heap Blocks": 6818,
                      "Lossy Heap Blocks": 0,
                      "Plans": [
                        {
                          "Node Type": "Bitmap Index Scan",
                          "Parent Relationship": "Outer",
                          "Parallel Aware": false,
                          "Index Name": "keyword_id_movie_keyword",
                          "Startup Cost": 0.0,
                          "Total Cost": 6782.37,
                          "Plan Rows": 323458,
                          "Plan Width": 0,
                          "Actual Startup Time": 17.547,
                          "Actual Total Time": 17.547,
                          "Actual Rows": 316153,
                          "Actual Loops": 1,
                          "Index Cond": "(keyword_id > 51584)"
                        }
                      ]
                    },
                    {
                      "Node Type": "Hash",
                      "Parent Relationship": "Inner",
                      "Parallel Aware": true,
                      "Startup Cost": 42318.73,
                      "Total Cost": 42318.73,
                      "Plan Rows": 632073,
                      "Plan Width": 4,
                      "Actual Startup Time": 320.302,
                      "Actual Total Time": 320.302,
                      "Actual Rows": 632078,
                      "Actual Loops": 4,
                      "Hash Buckets": 4194304,
                      "Original Hash Buckets": 4194304,
                      "Hash Batches": 1,
                      "Original Hash Batches": 1,
                      "Peak Memory Usage": 131712,
                      "Plans": [
                        {
                          "Node Type": "Seq Scan",
                          "Parent Relationship": "Outer",
                          "Parallel Aware": true,
                          "Relation Name": "title",
                          "Alias": "t",
                          "Startup Cost": 0.0,
                          "Total Cost": 42318.73,
                          "Plan Rows": 632073,
                          "Plan Width": 4,
                          "Actual Startup Time": 0.056,
                          "Actual Total Time": 94.857,
                          "Actual Rows": 632078,
                          "Actual Loops": 4
                        }
                      ]
                    }
                  ]
                }
              ]
            }
          ]
        }
      ]
    },
    "Planning Time": 0.545,
    "Triggers": [],
    "Execution Time": 469.298
  }
]