{
  "Plan": {
    "Node Type": "Aggregate",
    "Strategy": "Plain",
    "Partial Mode": "Finalize",
    "Parallel Aware": false,
    "Startup Cost": 121893.0,
    "Total Cost": 121893.01,
    "Plan Rows": 1,
    "Plan Width": 8,
    "Actual Startup Time": 527.682,
    "Actual Total Time": 575.635,
    "Actual Rows": 1,
    "Actual Loops": 1,
    "Plans": [
      {
        "Node Type": "Gather",
        "Parent Relationship": "Outer",
        "Parallel Aware": false,
        "Startup Cost": 121892.89,
        "Total Cost": 121893.0,
        "Plan Rows": 1,
        "Plan Width": 8,
        "Actual Startup Time": 527.356,
        "Actual Total Time": 575.629,
        "Actual Rows": 2,
        "Actual Loops": 1,
        "Workers Planned": 1,
        "Workers Launched": 1,
        "Single Copy": false,
        "Plans": [
          {
            "Node Type": "Aggregate",
            "Strategy": "Plain",
            "Partial Mode": "Partial",
            "Parent Relationship": "Outer",
            "Parallel Aware": false,
            "Startup Cost": 120892.89,
            "Total Cost": 120892.9,
            "Plan Rows": 1,
            "Plan Width": 8,
            "Actual Startup Time": 521.018,
            "Actual Total Time": 521.022,
            "Actual Rows": 1,
            "Actual Loops": 2,
            "Plans": [
              {
                "Node Type": "Nested Loop",
                "Parent Relationship": "Outer",
                "Parallel Aware": false,
                "Join Type": "Inner",
                "Startup Cost": 72383.79,
                "Total Cost": 120857.2,
                "Plan Rows": 14275,
                "Plan Width": 0,
                "Actual Startup Time": 186.861,
                "Actual Total Time": 516.359,
                "Actual Rows": 90270,
                "Actual Loops": 2,
                "Inner Unique": false,
                "Join Filter": "(t.id = ci.movie_id)",
                "Rows Removed by Join Filter": 0,
                "Plans": [
                  {
                    "Node Type": "Hash Join",
                    "Parent Relationship": "Outer",
                    "Parallel Aware": true,
                    "Join Type": "Inner",
                    "Startup Cost": 72383.23,
                    "Total Cost": 104221.4,
                    "Plan Rows": 4996,
                    "Plan Width": 8,
                    "Actual Startup Time": 186.804,
                    "Actual Total Time": 306.729,
                    "Actual Rows": 6086,
                    "Actual Loops": 2,
                    "Inner Unique": true,
                    "Hash Cond": "(mk.movie_id = t.id)",
                    "Plans": [
                      {
                        "Node Type": "Bitmap Heap Scan",
                        "Parent Relationship": "Outer",
                        "Parallel Aware": true,
                        "Relation Name": "movie_keyword",
                        "Alias": "mk",
                        "Startup Cost": 17604.6,
                        "Total Cost": 48161.22,
                        "Plan Rows": 488210,
                        "Plan Width": 4,
                        "Actual Startup Time": 50.431,
                        "Actual Total Time": 125.481,
                        "Actual Rows": 420114,
                        "Actual Loops": 2,
                        "Recheck Cond": "(keyword_id < 804)",
                        "Rows Removed by Index Recheck": 0,
                        "Exact Heap Blocks": 14823,
                        "Lossy Heap Blocks": 0,
                        "Plans": [
                          {
                            "Node Type": "Bitmap Index Scan",
                            "Parent Relationship": "Outer",
                            "Parallel Aware": false,
                            "Index Name": "keyword_id_movie_keyword",
                            "Startup Cost": 0.0,
                            "Total Cost": 17397.11,
                            "Plan Rows": 829957,
                            "Plan Width": 0,
                            "Actual Startup Time": 46.817,
                            "Actual Total Time": 46.817,
                            "Actual Rows": 840227,
                            "Actual Loops": 1,
                            "Index Cond": "(keyword_id < 804)"
                          }
                        ]
                      },
                      {
                        "Node Type": "Hash",
                        "Parent Relationship": "Inner",
                        "Parallel Aware": true,
                        "Startup Cost": 54588.39,
                        "Total Cost": 54588.39,
                        "Plan Rows": 15219,
                        "Plan Width": 4,
                        "Actual Startup Time": 134.951,
                        "Actual Total Time": 134.951,
                        "Actual Rows": 13388,
                        "Actual Loops": 2,
                        "Hash Buckets": 32768,
                        "Original Hash Buckets": 32768,
                        "Hash Batches": 1,
                        "Original Hash Batches": 1,
                        "Peak Memory Usage": 1344,
                        "Plans": [
                          {
                            "Node Type": "Seq Scan",
                            "Parent Relationship": "Outer",
                            "Parallel Aware": true,
                            "Relation Name": "title",
                            "Alias": "t",
                            "Startup Cost": 0.0,
                            "Total Cost": 54588.39,
                            "Plan Rows": 15219,
                            "Plan Width": 4,
                            "Actual Startup Time": 0.035,
                            "Actual Total Time": 130.298,
                            "Actual Rows": 13388,
                            "Actual Loops": 2,
                            "Filter": "(production_year = 1993)",
                            "Rows Removed by Filter": 1250768
                          }
                        ]
                      }
                    ]
                  },
                  {
                    "Node Type": "Index Scan",
                    "Parent Relationship": "Inner",
                    "Parallel Aware": false,
                    "Scan Direction": "Forward",
                    "Index Name": "movie_id_cast_info",
                    "Relation Name": "cast_info",
                    "Alias": "ci",
                    "Startup Cost": 0.56,
                    "Total Cost": 3.24,
                    "Plan Rows": 7,
                    "Plan Width": 4,
                    "Actual Startup Time": 0.005,
                    "Actual Total Time": 0.033,
                    "Actual Rows": 15,
                    "Actual Loops": 12171,
                    "Index Cond": "(movie_id = mk.movie_id)",
                    "Rows Removed by Index Recheck": 0,
                    "Filter": "((person_id < 2122850) AND (role_id < 2))",
                    "Rows Removed by Filter": 25
                  }
                ]
              }
            ]
          }
        ]
      }
    ]
  },
  "Planning Time": 0.973,
  "Triggers": [],
  "Execution Time": 575.796
}