{
  "Plan": {
    "Node Type": "Aggregate",
    "Strategy": "Plain",
    "Partial Mode": "Finalize",
    "Parallel Aware": false,
    "Startup Cost": 483066.33,
    "Total Cost": 483066.34,
    "Plan Rows": 1,
    "Plan Width": 8,
    "Actual Startup Time": 1874.383,
    "Actual Total Time": 1897.351,
    "Actual Rows": 1,
    "Actual Loops": 1,
    "Plans": [
      {
        "Node Type": "Gather",
        "Parent Relationship": "Outer",
        "Parallel Aware": false,
        "Startup Cost": 483066.22,
        "Total Cost": 483066.33,
        "Plan Rows": 1,
        "Plan Width": 8,
        "Actual Startup Time": 1870.884,
        "Actual Total Time": 1897.343,
        "Actual Rows": 2,
        "Actual Loops": 1,
        "Workers Planned": 1,
        "Workers Launched": 1,
        "Single Copy": false,
        "Plans": [
          {
            "Node Type": "Aggregate",
            "Strategy": "Plain",
            "Partial Mode": "Partial",
            "Parent Relationship": "Outer",
            "Parallel Aware": false,
            "Startup Cost": 482066.22,
            "Total Cost": 482066.23,
            "Plan Rows": 1,
            "Plan Width": 8,
            "Actual Startup Time": 1864.295,
            "Actual Total Time": 1864.3,
            "Actual Rows": 1,
            "Actual Loops": 2,
            "Plans": [
              {
                "Node Type": "Hash Join",
                "Parent Relationship": "Outer",
                "Parallel Aware": true,
                "Join Type": "Inner",
                "Startup Cost": 179108.14,
                "Total Cost": 478635.5,
                "Plan Rows": 1372288,
                "Plan Width": 0,
                "Actual Startup Time": 556.218,
                "Actual Total Time": 1803.31,
                "Actual Rows": 1172470,
                "Actual Loops": 2,
                "Inner Unique": true,
                "Hash Cond": "(ci.movie_id = t.id)",
                "Plans": [
                  {
                    "Node Type": "Bitmap Heap Scan",
                    "Parent Relationship": "Outer",
                    "Parallel Aware": true,
                    "Relation Name": "cast_info",
                    "Alias": "ci",
                    "Startup Cost": 116281.99,
                    "Total Cost": 407680.02,
                    "Plan Rows": 3096882,
                    "Plan Width": 4,
                    "Actual Startup Time": 177.63,
                    "Actual Total Time": 488.789,
                    "Actual Rows": 2719438,
                    "Actual Loops": 2,
                    "Recheck Cond": "(person_id < 524836)",
                    "Rows Removed by Index Recheck": 0,
                    "Exact Heap Blocks": 34730,
                    "Lossy Heap Blocks": 0,
                    "Plans": [
                      {
                        "Node Type": "Bitmap Index Scan",
                        "Parent Relationship": "Outer",
                        "Parallel Aware": false,
                        "Index Name": "person_id_cast_info",
                        "Startup Cost": 0.0,
                        "Total Cost": 114965.82,
                        "Plan Rows": 5264700,
                        "Plan Width": 0,
                        "Actual Startup Time": 167.813,
                        "Actual Total Time": 167.813,
                        "Actual Rows": 5438875,
                        "Actual Loops": 1,
                        "Index Cond": "(person_id < 524836)"
                      }
                    ]
                  },
                  {
                    "Node Type": "Hash",
                    "Parent Relationship": "Inner",
                    "Parallel Aware": true,
                    "Startup Cost": 54588.39,
                    "Total Cost": 54588.39,
                    "Plan Rows": 659021,
                    "Plan Width": 4,
                    "Actual Startup Time": 365.736,
                    "Actual Total Time": 365.737,
                    "Actual Rows": 553962,
                    "Actual Loops": 2,
                    "Hash Buckets": 2097152,
                    "Original Hash Buckets": 2097152,
                    "Hash Batches": 1,
                    "Original Hash Batches": 1,
                    "Peak Memory Usage": 59744,
                    "Plans": [
                      {
                        "Node Type": "Seq Scan",
                        "Parent Relationship": "Outer",
                        "Parallel Aware": true,
                        "Relation Name": "title",
                        "Alias": "t",
                        "Startup Cost": 0.0,
                        "Total Cost": 54588.39,
                        "Plan Rows": 659021,
                        "Plan Width": 4,
                        "Actual Startup Time": 0.022,
                        "Actual Total Time": 181.878,
                        "Actual Rows": 553962,
                        "Actual Loops": 2,
                        "Filter": "(production_year > 2004)",
                        "Rows Removed by Filter": 710194
                      }
                    ]
                  }
                ]
              }
            ]
          }
        ]
      }
    ]
  },
  "Planning Time": 0.428,
  "Triggers": [],
  "Execution Time": 1897.417
}