[
  {
    "Plan": {
      "Node Type": "Aggregate",
      "Strategy": "Plain",
      "Partial Mode": "Finalize",
      "Parallel Aware": false,
      "Startup Cost": 346407.73,
      "Total Cost": 346407.74,
      "Plan Rows": 1,
      "Plan Width": 8,
      "Actual Startup Time": 462.648,
      "Actual Total Time": 493.323,
      "Actual Rows": 1,
      "Actual Loops": 1,
      "Plans": [
        {
          "Node Type": "Gather",
          "Parent Relationship": "Outer",
          "Parallel Aware": false,
          "Startup Cost": 346407.1,
          "Total Cost": 346407.71,
          "Plan Rows": 6,
          "Plan Width": 8,
          "Actual Startup Time": 462.463,
          "Actual Total Time": 493.309,
          "Actual Rows": 7,
          "Actual Loops": 1,
          "Workers Planned": 6,
          "Workers Launched": 6,
          "Single Copy": false,
          "Plans": [
            {
              "Node Type": "Aggregate",
              "Strategy": "Plain",
              "Partial Mode": "Partial",
              "Parent Relationship": "Outer",
              "Parallel Aware": false,
              "Startup Cost": 345407.1,
              "Total Cost": 345407.11,
              "Plan Rows": 1,
              "Plan Width": 8,
              "Actual Startup Time": 454.674,
              "Actual Total Time": 454.676,
              "Actual Rows": 1,
              "Actual Loops": 7,
              "Plans": [
                {
                  "Node Type": "Index Scan",
                  "Parent Relationship": "Outer",
                  "Parallel Aware": true,
                  "Scan Direction": "Forward",
                  "Index Name": "role_id_cast_info",
                  "Relation Name": "cast_info",
                  "Alias": "ci",
                  "Startup Cost": 0.56,
                  "Total Cost": 341155.22,
                  "Plan Rows": 1700754,
                  "Plan Width": 0,
                  "Actual Startup Time": 167.621,
                  "Actual Total Time": 401.456,
                  "Actual Rows": 1062410,
                  "Actual Loops": 7,
                  "Index Cond": "(role_id < 2)",
                  "Rows Removed by Index Recheck": 0,
                  "Filter": "(person_id > 701730)",
                  "Rows Removed by Filter": 747688
                }
              ]
            }
          ]
        }
      ]
    },
    "Planning Time": 0.199,
    "Triggers": [],
    "Execution Time": 493.384
  }
]