[
  {
    "Plan": {
      "Node Type": "Aggregate",
      "Strategy": "Plain",
      "Partial Mode": "Simple",
      "Parallel Aware": false,
      "Startup Cost": 778.33,
      "Total Cost": 778.34,
      "Plan Rows": 1,
      "Plan Width": 8,
      "Actual Startup Time": 2.459,
      "Actual Total Time": 2.462,
      "Actual Rows": 1,
      "Actual Loops": 1,
      "Plans": [
        {
          "Node Type": "Nested Loop",
          "Parent Relationship": "Outer",
          "Parallel Aware": false,
          "Join Type": "Inner",
          "Startup Cost": 1.42,
          "Total Cost": 778.03,
          "Plan Rows": 122,
          "Plan Width": 0,
          "Actual Startup Time": 0.451,
          "Actual Total Time": 2.437,
          "Actual Rows": 103,
          "Actual Loops": 1,
          "Inner Unique": false,
          "Plans": [
            {
              "Node Type": "Nested Loop",
              "Parent Relationship": "Outer",
              "Parallel Aware": false,
              "Join Type": "Inner",
              "Startup Cost": 0.86,
              "Total Cost": 695.91,
              "Plan Rows": 36,
              "Plan Width": 8,
              "Actual Startup Time": 0.427,
              "Actual Total Time": 1.623,
              "Actual Rows": 6,
              "Actual Loops": 1,
              "Inner Unique": true,
              "Plans": [
                {
                  "Node Type": "Index Scan",
                  "Parent Relationship": "Outer",
                  "Parallel Aware": false,
                  "Scan Direction": "Forward",
                  "Index Name": "company_id_movie_companies",
                  "Relation Name": "movie_companies",
                  "Alias": "mc",
                  "Startup Cost": 0.43,
                  "Total Cost": 273.41,
                  "Plan Rows": 50,
                  "Plan Width": 4,
                  "Actual Startup Time": 0.381,
                  "Actual Total Time": 1.183,
                  "Actual Rows": 32,
                  "Actual Loops": 1,
                  "Index Cond": "(company_id = 6626)",
                  "Rows Removed by Index Recheck": 0,
                  "Filter": "(company_type_id < 2)",
                  "Rows Removed by Filter": 798
                },
                {
                  "Node Type": "Index Scan",
                  "Parent Relationship": "Inner",
                  "Parallel Aware": false,
                  "Scan Direction": "Forward",
                  "Index Name": "title_pkey",
                  "Relation Name": "title",
                  "Alias": "t",
                  "Startup Cost": 0.43,
                  "Total Cost": 8.45,
                  "Plan Rows": 1,
                  "Plan Width": 4,
                  "Actual Startup Time": 0.013,
                  "Actual Total Time": 0.013,
                  "Actual Rows": 0,
                  "Actual Loops": 32,
                  "Index Cond": "(id = mc.movie_id)",
                  "Rows Removed by Index Recheck": 0,
                  "Filter": "(production_year > 1988)",
                  "Rows Removed by Filter": 1
                }
              ]
            },
            {
              "Node Type": "Index Scan",
              "Parent Relationship": "Inner",
              "Parallel Aware": false,
              "Scan Direction": "Forward",
              "Index Name": "movie_id_cast_info",
              "Relation Name": "cast_info",
              "Alias": "ci",
              "Startup Cost": 0.56,
              "Total Cost": 2.2,
              "Plan Rows": 8,
              "Plan Width": 4,
              "Actual Startup Time": 0.022,
              "Actual Total Time": 0.13,
              "Actual Rows": 17,
              "Actual Loops": 6,
              "Index Cond": "(movie_id = t.id)",
              "Rows Removed by Index Recheck": 0,
              "Filter": "((person_id < 1150591) AND (role_id < 5))",
              "Rows Removed by Filter": 20
            }
          ]
        }
      ]
    },
    "Planning Time": 1.239,
    "Triggers": [],
    "Execution Time": 2.528
  }
]