[
    {
        "Bao": {
            "Bao prediction": "NaN",
            "Bao recommended hint": "(no hint)"
        }
    },
    {
        "Plan": {
            "Node Type": "Aggregate",
            "Strategy": "Plain",
            "Partial Mode": "Finalize",
            "Parallel Aware": false,
            "Startup Cost": 33275.33,
            "Total Cost": 33275.34,
            "Plan Rows": 1,
            "Plan Width": 8,
            "Actual Startup Time": 97.255,
            "Actual Total Time": 102.853,
            "Actual Rows": 1,
            "Actual Loops": 1,
            "Output": [
                "count(*)"
            ],
            "Plans": [
                {
                    "Node Type": "Gather",
                    "Parent Relationship": "Outer",
                    "Parallel Aware": false,
                    "Startup Cost": 33275.01,
                    "Total Cost": 33275.32,
                    "Plan Rows": 3,
                    "Plan Width": 8,
                    "Actual Startup Time": 97.168,
                    "Actual Total Time": 102.847,
                    "Actual Rows": 4,
                    "Actual Loops": 1,
                    "Output": [
                        "(PARTIAL count(*))"
                    ],
                    "Workers Planned": 3,
                    "Workers Launched": 3,
                    "Single Copy": false,
                    "Plans": [
                        {
                            "Node Type": "Aggregate",
                            "Strategy": "Plain",
                            "Partial Mode": "Partial",
                            "Parent Relationship": "Outer",
                            "Parallel Aware": false,
                            "Startup Cost": 32275.01,
                            "Total Cost": 32275.02,
                            "Plan Rows": 1,
                            "Plan Width": 8,
                            "Actual Startup Time": 89.189,
                            "Actual Total Time": 89.19,
                            "Actual Rows": 1,
                            "Actual Loops": 4,
                            "Output": [
                                "PARTIAL count(*)"
                            ],
                            "Workers": [
                                {
                                    "Worker Number": 0,
                                    "Actual Startup Time": 86.271,
                                    "Actual Total Time": 86.272,
                                    "Actual Rows": 1,
                                    "Actual Loops": 1
                                },
                                {
                                    "Worker Number": 1,
                                    "Actual Startup Time": 86.661,
                                    "Actual Total Time": 86.661,
                                    "Actual Rows": 1,
                                    "Actual Loops": 1
                                },
                                {
                                    "Worker Number": 2,
                                    "Actual Startup Time": 86.932,
                                    "Actual Total Time": 86.933,
                                    "Actual Rows": 1,
                                    "Actual Loops": 1
                                }
                            ],
                            "Plans": [
                                {
                                    "Node Type": "Seq Scan",
                                    "Parent Relationship": "Outer",
                                    "Parallel Aware": true,
                                    "Relation Name": "movie_companies",
                                    "Schema": "public",
                                    "Alias": "mc",
                                    "Startup Cost": 0.0,
                                    "Total Cost": 31414.82,
                                    "Plan Rows": 344078,
                                    "Plan Width": 0,
                                    "Actual Startup Time": 41.994,
                                    "Actual Total Time": 77.044,
                                    "Actual Rows": 299495,
                                    "Actual Loops": 4,
                                    "Output": [
                                        "id",
                                        "movie_id",
                                        "company_id",
                                        "company_type_id",
                                        "note"
                                    ],
                                    "Filter": "((mc.company_id > 469) AND (mc.company_type_id > 1))",
                                    "Rows Removed by Filter": 352787,
                                    "Workers": [
                                        {
                                            "Worker Number": 0,
                                            "Actual Startup Time": 39.079,
                                            "Actual Total Time": 74.579,
                                            "Actual Rows": 289077,
                                            "Actual Loops": 1
                                        },
                                        {
                                            "Worker Number": 1,
                                            "Actual Startup Time": 39.463,
                                            "Actual Total Time": 74.905,
                                            "Actual Rows": 291084,
                                            "Actual Loops": 1
                                        },
                                        {
                                            "Worker Number": 2,
                                            "Actual Startup Time": 39.741,
                                            "Actual Total Time": 75.129,
                                            "Actual Rows": 277792,
                                            "Actual Loops": 1
                                        }
                                    ]
                                }
                            ]
                        }
                    ]
                }
            ]
        },
        "Planning Time": 187.219,
        "Triggers": [],
        "Execution Time": 102.897
    }
]