[
  {
    "Plan": {
      "Node Type": "Aggregate",
      "Strategy": "Plain",
      "Partial Mode": "Finalize",
      "Parallel Aware": false,
      "Startup Cost": 32081.94,
      "Total Cost": 32081.95,
      "Plan Rows": 1,
      "Plan Width": 8,
      "Actual Startup Time": 121.255,
      "Actual Total Time": 130.038,
      "Actual Rows": 1,
      "Actual Loops": 1,
      "Plans": [
        {
          "Node Type": "Gather",
          "Parent Relationship": "Outer",
          "Parallel Aware": false,
          "Startup Cost": 32081.62,
          "Total Cost": 32081.93,
          "Plan Rows": 3,
          "Plan Width": 8,
          "Actual Startup Time": 121.145,
          "Actual Total Time": 130.027,
          "Actual Rows": 4,
          "Actual Loops": 1,
          "Workers Planned": 3,
          "Workers Launched": 3,
          "Single Copy": false,
          "Plans": [
            {
              "Node Type": "Aggregate",
              "Strategy": "Plain",
              "Partial Mode": "Partial",
              "Parent Relationship": "Outer",
              "Parallel Aware": false,
              "Startup Cost": 31081.62,
              "Total Cost": 31081.63,
              "Plan Rows": 1,
              "Plan Width": 8,
              "Actual Startup Time": 112.267,
              "Actual Total Time": 112.268,
              "Actual Rows": 1,
              "Actual Loops": 4,
              "Plans": [
                {
                  "Node Type": "Seq Scan",
                  "Parent Relationship": "Outer",
                  "Parallel Aware": true,
                  "Relation Name": "movie_companies",
                  "Alias": "mc",
                  "Startup Cost": 0.0,
                  "Total Cost": 29310.68,
                  "Plan Rows": 708375,
                  "Plan Width": 0,
                  "Actual Startup Time": 0.194,
                  "Actual Total Time": 86.968,
                  "Actual Rows": 550117,
                  "Actual Loops": 4,
                  "Filter": "(company_id > 261)",
                  "Rows Removed by Filter": 102166
                }
              ]
            }
          ]
        }
      ]
    },
    "Planning Time": 0.205,
    "Triggers": [],
    "Execution Time": 130.106
  }
]