{
  "Plan": {
    "Node Type": "Aggregate",
    "Strategy": "Plain",
    "Partial Mode": "Simple",
    "Parallel Aware": false,
    "Startup Cost": 748476.61,
    "Total Cost": 748476.62,
    "Plan Rows": 1,
    "Plan Width": 96,
    "Actual Startup Time": 2945.892,
    "Actual Total Time": 3013.55,
    "Actual Rows": 1,
    "Actual Loops": 1,
    "Plans": [
      {
        "Node Type": "Gather",
        "Parent Relationship": "Outer",
        "Parallel Aware": false,
        "Startup Cost": 662220.09,
        "Total Cost": 748476.6,
        "Plan Rows": 1,
        "Plan Width": 48,
        "Actual Startup Time": 2945.617,
        "Actual Total Time": 3013.533,
        "Actual Rows": 2,
        "Actual Loops": 1,
        "Workers Planned": 1,
        "Workers Launched": 1,
        "Single Copy": false,
        "Plans": [
          {
            "Node Type": "Hash Join",
            "Parent Relationship": "Outer",
            "Parallel Aware": true,
            "Join Type": "Inner",
            "Startup Cost": 661220.09,
            "Total Cost": 747476.5,
            "Plan Rows": 1,
            "Plan Width": 48,
            "Actual Startup Time": 2834.532,
            "Actual Total Time": 2939.263,
            "Actual Rows": 1,
            "Actual Loops": 2,
            "Inner Unique": false,
            "Hash Cond": "(n.id = ci.person_id)",
            "Plans": [
              {
                "Node Type": "Seq Scan",
                "Parent Relationship": "Outer",
                "Parallel Aware": true,
                "Relation Name": "name",
                "Alias": "n",
                "Startup Cost": 0.0,
                "Total Cost": 86255.48,
                "Plan Rows": 245,
                "Plan Width": 19,
                "Actual Startup Time": 23.774,
                "Actual Total Time": 233.216,
                "Actual Rows": 1,
                "Actual Loops": 2,
                "Filter": "(name ~~ '%Downey%Robert%'::text)",
                "Rows Removed by Filter": 2083744
              },
              {
                "Node Type": "Hash",
                "Parent Relationship": "Inner",
                "Parallel Aware": true,
                "Startup Cost": 661219.99,
                "Total Cost": 661219.99,
                "Plan Rows": 8,
                "Plan Width": 37,
                "Actual Startup Time": 2704.791,
                "Actual Total Time": 2704.801,
                "Actual Rows": 16,
                "Actual Loops": 2,
                "Hash Buckets": 1024,
                "Original Hash Buckets": 1024,
                "Hash Batches": 1,
                "Original Hash Batches": 1,
                "Peak Memory Usage": 72,
                "Plans": [
                  {
                    "Node Type": "Hash Join",
                    "Parent Relationship": "Outer",
                    "Parallel Aware": true,
                    "Join Type": "Inner",
                    "Startup Cost": 115271.1,
                    "Total Cost": 661219.99,
                    "Plan Rows": 8,
                    "Plan Width": 37,
                    "Actual Startup Time": 681.747,
                    "Actual Total Time": 2704.712,
                    "Actual Rows": 16,
                    "Actual Loops": 2,
                    "Inner Unique": false,
                    "Hash Cond": "(ci.movie_id = t.id)",
                    "Plans": [
                      {
                        "Node Type": "Seq Scan",
                        "Parent Relationship": "Outer",
                        "Parallel Aware": true,
                        "Relation Name": "cast_info",
                        "Alias": "ci",
                        "Startup Cost": 0.0,
                        "Total Cost": 465968.32,
                        "Plan Rows": 21328132,
                        "Plan Width": 8,
                        "Actual Startup Time": 0.016,
                        "Actual Total Time": 1200.078,
                        "Actual Rows": 18122172,
                        "Actual Loops": 2
                      },
                      {
                        "Node Type": "Hash",
                        "Parent Relationship": "Inner",
                        "Parallel Aware": true,
                        "Startup Cost": 115271.09,
                        "Total Cost": 115271.09,
                        "Plan Rows": 1,
                        "Plan Width": 41,
                        "Actual Startup Time": 413.092,
                        "Actual Total Time": 413.099,
                        "Actual Rows": 1,
                        "Actual Loops": 2,
                        "Hash Buckets": 1024,
                        "Original Hash Buckets": 1024,
                        "Hash Batches": 1,
                        "Original Hash Batches": 1,
                        "Peak Memory Usage": 72,
                        "Plans": [
                          {
                            "Node Type": "Hash Join",
                            "Parent Relationship": "Outer",
                            "Parallel Aware": true,
                            "Join Type": "Inner",
                            "Startup Cost": 60677.44,
                            "Total Cost": 115271.09,
                            "Plan Rows": 1,
                            "Plan Width": 41,
                            "Actual Startup Time": 390.545,
                            "Actual Total Time": 413.046,
                            "Actual Rows": 1,
                            "Actual Loops": 2,
                            "Inner Unique": false,
                            "Hash Cond": "(t.id = mk.movie_id)",
                            "Plans": [
                              {
                                "Node Type": "Seq Scan",
                                "Parent Relationship": "Outer",
                                "Parallel Aware": true,
                                "Relation Name": "title",
                                "Alias": "t",
                                "Startup Cost": 0.0,
                                "Total Cost": 54589.98,
                                "Plan Rows": 975,
                                "Plan Width": 21,
                                "Actual Startup Time": 23.589,
                                "Actual Total Time": 104.844,
                                "Actual Rows": 219,
                                "Actual Loops": 2,
                                "Filter": "(production_year > 2014)",
                                "Rows Removed by Filter": 1263937
                              },
                              {
                                "Node Type": "Hash",
                                "Parent Relationship": "Inner",
                                "Parallel Aware": true,
                                "Startup Cost": 60677.19,
                                "Total Cost": 60677.19,
                                "Plan Rows": 20,
                                "Plan Width": 20,
                                "Actual Startup Time": 308.057,
                                "Actual Total Time": 308.061,
                                "Actual Rows": 7,
                                "Actual Loops": 2,
                                "Hash Buckets": 1024,
                                "Original Hash Buckets": 1024,
                                "Hash Batches": 1,
                                "Original Hash Batches": 1,
                                "Peak Memory Usage": 72,
                                "Plans": [
                                  {
                                    "Node Type": "Hash Join",
                                    "Parent Relationship": "Outer",
                                    "Parallel Aware": false,
                                    "Join Type": "Inner",
                                    "Startup Cost": 2626.14,
                                    "Total Cost": 60677.19,
                                    "Plan Rows": 20,
                                    "Plan Width": 20,
                                    "Actual Startup Time": 96.643,
                                    "Actual Total Time": 308.019,
                                    "Actual Rows": 7,
                                    "Actual Loops": 2,
                                    "Inner Unique": true,
                                    "Hash Cond": "(mk.keyword_id = k.id)",
                                    "Plans": [
                                      {
                                        "Node Type": "Seq Scan",
                                        "Parent Relationship": "Outer",
                                        "Parallel Aware": true,
                                        "Relation Name": "movie_keyword",
                                        "Alias": "mk",
                                        "Startup Cost": 0.0,
                                        "Total Cost": 51065.35,
                                        "Plan Rows": 2661135,
                                        "Plan Width": 8,
                                        "Actual Startup Time": 0.031,
                                        "Actual Total Time": 147.102,
                                        "Actual Rows": 2261965,
                                        "Actual Loops": 2
                                      },
                                      {
                                        "Node Type": "Hash",
                                        "Parent Relationship": "Inner",
                                        "Parallel Aware": false,
                                        "Startup Cost": 2626.12,
                                        "Total Cost": 2626.12,
                                        "Plan Rows": 1,
                                        "Plan Width": 20,
                                        "Actual Startup Time": 25.459,
                                        "Actual Total Time": 25.46,
                                        "Actual Rows": 1,
                                        "Actual Loops": 2,
                                        "Hash Buckets": 1024,
                                        "Original Hash Buckets": 1024,
                                        "Hash Batches": 1,
                                        "Original Hash Batches": 1,
                                        "Peak Memory Usage": 9,
                                        "Plans": [
                                          {
                                            "Node Type": "Seq Scan",
                                            "Parent Relationship": "Outer",
                                            "Parallel Aware": false,
                                            "Relation Name": "keyword",
                                            "Alias": "k",
                                            "Startup Cost": 0.0,
                                            "Total Cost": 2626.12,
                                            "Plan Rows": 1,
                                            "Plan Width": 20,
                                            "Actual Startup Time": 1.004,
                                            "Actual Total Time": 25.435,
                                            "Actual Rows": 1,
                                            "Actual Loops": 2,
                                            "Filter": "(keyword = 'marvel-cinematic-universe'::text)",
                                            "Rows Removed by Filter": 134169
                                          }
                                        ]
                                      }
                                    ]
                                  }
                                ]
                              }
                            ]
                          }
                        ]
                      }
                    ]
                  }
                ]
              }
            ]
          }
        ]
      }
    ]
  },
  "Planning Time": 1.034,
  "Triggers": [],
  "Execution Time": 3013.772
}