[
  {
    "Plan": {
      "Node Type": "Aggregate",
      "Strategy": "Plain",
      "Partial Mode": "Finalize",
      "Parallel Aware": false,
      "Startup Cost": 69476.86,
      "Total Cost": 69476.87,
      "Plan Rows": 1,
      "Plan Width": 8,
      "Actual Startup Time": 177.111,
      "Actual Total Time": 190.964,
      "Actual Rows": 1,
      "Actual Loops": 1,
      "Plans": [
        {
          "Node Type": "Gather",
          "Parent Relationship": "Outer",
          "Parallel Aware": false,
          "Startup Cost": 69476.54,
          "Total Cost": 69476.85,
          "Plan Rows": 3,
          "Plan Width": 8,
          "Actual Startup Time": 176.788,
          "Actual Total Time": 190.956,
          "Actual Rows": 4,
          "Actual Loops": 1,
          "Workers Planned": 3,
          "Workers Launched": 3,
          "Single Copy": false,
          "Plans": [
            {
              "Node Type": "Aggregate",
              "Strategy": "Plain",
              "Partial Mode": "Partial",
              "Parent Relationship": "Outer",
              "Parallel Aware": false,
              "Startup Cost": 68476.54,
              "Total Cost": 68476.55,
              "Plan Rows": 1,
              "Plan Width": 8,
              "Actual Startup Time": 167.814,
              "Actual Total Time": 167.819,
              "Actual Rows": 1,
              "Actual Loops": 4,
              "Plans": [
                {
                  "Node Type": "Hash Join",
                  "Parent Relationship": "Outer",
                  "Parallel Aware": true,
                  "Join Type": "Inner",
                  "Startup Cost": 38064.89,
                  "Total Cost": 68463.15,
                  "Plan Rows": 5355,
                  "Plan Width": 0,
                  "Actual Startup Time": 71.461,
                  "Actual Total Time": 167.404,
                  "Actual Rows": 8207,
                  "Actual Loops": 4,
                  "Inner Unique": true,
                  "Hash Cond": "(mc.movie_id = t.id)",
                  "Plans": [
                    {
                      "Node Type": "Seq Scan",
                      "Parent Relationship": "Outer",
                      "Parallel Aware": true,
                      "Relation Name": "movie_companies",
                      "Alias": "mc",
                      "Startup Cost": 0.0,
                      "Total Cost": 29310.68,
                      "Plan Rows": 414318,
                      "Plan Width": 4,
                      "Actual Startup Time": 0.018,
                      "Actual Total Time": 66.143,
                      "Actual Rows": 318562,
                      "Actual Loops": 4,
                      "Filter": "(company_type_id = 1)",
                      "Rows Removed by Filter": 333721
                    },
                    {
                      "Node Type": "Hash",
                      "Parent Relationship": "Inner",
                      "Parallel Aware": true,
                      "Startup Cost": 37962.76,
                      "Total Cost": 37962.76,
                      "Plan Rows": 8170,
                      "Plan Width": 4,
                      "Actual Startup Time": 70.183,
                      "Actual Total Time": 70.184,
                      "Actual Rows": 7457,
                      "Actual Loops": 4,
                      "Hash Buckets": 32768,
                      "Original Hash Buckets": 32768,
                      "Hash Batches": 1,
                      "Original Hash Batches": 1,
                      "Peak Memory Usage": 1504,
                      "Plans": [
                        {
                          "Node Type": "Bitmap Heap Scan",
                          "Parent Relationship": "Outer",
                          "Parallel Aware": true,
                          "Relation Name": "title",
                          "Alias": "t",
                          "Startup Cost": 1624.71,
                          "Total Cost": 37962.76,
                          "Plan Rows": 8170,
                          "Plan Width": 4,
                          "Actual Startup Time": 21.624,
                          "Actual Total Time": 66.943,
                          "Actual Rows": 7457,
                          "Actual Loops": 4,
                          "Recheck Cond": "(kind_id = 2)",
                          "Rows Removed by Index Recheck": 0,
                          "Filter": "(production_year > 2006)",
                          "Rows Removed by Filter": 15256,
                          "Exact Heap Blocks": 16153,
                          "Lossy Heap Blocks": 0,
                          "Plans": [
                            {
                              "Node Type": "Bitmap Index Scan",
                              "Parent Relationship": "Outer",
                              "Parallel Aware": false,
                              "Index Name": "kind_id_title",
                              "Startup Cost": 0.0,
                              "Total Cost": 1616.54,
                              "Plan Rows": 90681,
                              "Plan Width": 0,
                              "Actual Startup Time": 19.682,
                              "Actual Total Time": 19.683,
                              "Actual Rows": 90852,
                              "Actual Loops": 1,
                              "Index Cond": "(kind_id = 2)"
                            }
                          ]
                        }
                      ]
                    }
                  ]
                }
              ]
            }
          ]
        }
      ]
    },
    "Planning Time": 0.635,
    "Triggers": [],
    "Execution Time": 191.051
  }
]