{
  "Plan": {
    "Node Type": "Aggregate",
    "Strategy": "Plain",
    "Partial Mode": "Finalize",
    "Parallel Aware": false,
    "Startup Cost": 1425654.76,
    "Total Cost": 1425654.77,
    "Plan Rows": 1,
    "Plan Width": 8,
    "Actual Startup Time": 4026.199,
    "Actual Total Time": 4069.366,
    "Actual Rows": 1,
    "Actual Loops": 1,
    "Plans": [
      {
        "Node Type": "Gather",
        "Parent Relationship": "Outer",
        "Parallel Aware": false,
        "Startup Cost": 1425654.64,
        "Total Cost": 1425654.75,
        "Plan Rows": 1,
        "Plan Width": 8,
        "Actual Startup Time": 4026.016,
        "Actual Total Time": 4069.356,
        "Actual Rows": 2,
        "Actual Loops": 1,
        "Workers Planned": 1,
        "Workers Launched": 1,
        "Single Copy": false,
        "Plans": [
          {
            "Node Type": "Aggregate",
            "Strategy": "Plain",
            "Partial Mode": "Partial",
            "Parent Relationship": "Outer",
            "Parallel Aware": false,
            "Startup Cost": 1424654.64,
            "Total Cost": 1424654.65,
            "Plan Rows": 1,
            "Plan Width": 8,
            "Actual Startup Time": 4019.633,
            "Actual Total Time": 4019.636,
            "Actual Rows": 1,
            "Actual Loops": 2,
            "Plans": [
              {
                "Node Type": "Merge Join",
                "Parent Relationship": "Outer",
                "Parallel Aware": false,
                "Join Type": "Inner",
                "Startup Cost": 21.95,
                "Total Cost": 1416596.48,
                "Plan Rows": 3223264,
                "Plan Width": 0,
                "Actual Startup Time": 10.928,
                "Actual Total Time": 3971.753,
                "Actual Rows": 1079605,
                "Actual Loops": 2,
                "Inner Unique": false,
                "Merge Cond": "(mi.movie_id = t.id)",
                "Plans": [
                  {
                    "Node Type": "Index Only Scan",
                    "Parent Relationship": "Outer",
                    "Parallel Aware": true,
                    "Scan Direction": "Forward",
                    "Index Name": "movie_id_movie_info",
                    "Relation Name": "movie_info",
                    "Alias": "mi",
                    "Startup Cost": 0.43,
                    "Total Cost": 1018223.42,
                    "Plan Rows": 8696274,
                    "Plan Width": 4,
                    "Actual Startup Time": 0.106,
                    "Actual Total Time": 869.817,
                    "Actual Rows": 2365869,
                    "Actual Loops": 2,
                    "Heap Fetches": 4731738
                  },
                  {
                    "Node Type": "Materialize",
                    "Parent Relationship": "Inner",
                    "Parallel Aware": false,
                    "Startup Cost": 14.69,
                    "Total Cost": 330877.23,
                    "Plan Rows": 937109,
                    "Plan Width": 8,
                    "Actual Startup Time": 0.95,
                    "Actual Total Time": 2867.432,
                    "Actual Rows": 1188644,
                    "Actual Loops": 2,
                    "Plans": [
                      {
                        "Node Type": "Merge Join",
                        "Parent Relationship": "Outer",
                        "Parallel Aware": false,
                        "Join Type": "Inner",
                        "Startup Cost": 14.69,
                        "Total Cost": 328534.45,
                        "Plan Rows": 937109,
                        "Plan Width": 8,
                        "Actual Startup Time": 0.94,
                        "Actual Total Time": 2798.669,
                        "Actual Rows": 218088,
                        "Actual Loops": 2,
                        "Inner Unique": true,
                        "Merge Cond": "(mk.movie_id = t.id)",
                        "Plans": [
                          {
                            "Node Type": "Index Scan",
                            "Parent Relationship": "Outer",
                            "Parallel Aware": false,
                            "Scan Direction": "Forward",
                            "Index Name": "movie_id_movie_keyword",
                            "Relation Name": "movie_keyword",
                            "Alias": "mk",
                            "Startup Cost": 0.43,
                            "Total Cost": 188497.89,
                            "Plan Rows": 1828273,
                            "Plan Width": 4,
                            "Actual Startup Time": 0.099,
                            "Actual Total Time": 932.35,
                            "Actual Rows": 1836381,
                            "Actual Loops": 2,
                            "Filter": "(keyword_id < 3037)",
                            "Rows Removed by Filter": 2687549
                          },
                          {
                            "Node Type": "Index Scan",
                            "Parent Relationship": "Inner",
                            "Parallel Aware": false,
                            "Scan Direction": "Forward",
                            "Index Name": "title_pkey",
                            "Relation Name": "title",
                            "Alias": "t",
                            "Startup Cost": 0.43,
                            "Total Cost": 122981.43,
                            "Plan Rows": 1295915,
                            "Plan Width": 4,
                            "Actual Startup Time": 0.129,
                            "Actual Total Time": 1693.968,
                            "Actual Rows": 1374279,
                            "Actual Loops": 2,
                            "Filter": "((production_year > 1967) AND (kind_id = 7))",
                            "Rows Removed by Filter": 1151555
                          }
                        ]
                      }
                    ]
                  }
                ]
              }
            ]
          }
        ]
      }
    ]
  },
  "Planning Time": 1.034,
  "Triggers": [],
  "Execution Time": 4069.503
}