[
  {
    "Plan": {
      "Node Type": "Aggregate",
      "Strategy": "Plain",
      "Partial Mode": "Finalize",
      "Parallel Aware": false,
      "Startup Cost": 22816.0,
      "Total Cost": 22816.01,
      "Plan Rows": 1,
      "Plan Width": 8,
      "Actual Startup Time": 32.89,
      "Actual Total Time": 36.454,
      "Actual Rows": 1,
      "Actual Loops": 1,
      "Plans": [
        {
          "Node Type": "Gather",
          "Parent Relationship": "Outer",
          "Parallel Aware": false,
          "Startup Cost": 22815.68,
          "Total Cost": 22815.99,
          "Plan Rows": 3,
          "Plan Width": 8,
          "Actual Startup Time": 32.699,
          "Actual Total Time": 36.447,
          "Actual Rows": 4,
          "Actual Loops": 1,
          "Workers Planned": 3,
          "Workers Launched": 3,
          "Single Copy": false,
          "Plans": [
            {
              "Node Type": "Aggregate",
              "Strategy": "Plain",
              "Partial Mode": "Partial",
              "Parent Relationship": "Outer",
              "Parallel Aware": false,
              "Startup Cost": 21815.68,
              "Total Cost": 21815.69,
              "Plan Rows": 1,
              "Plan Width": 8,
              "Actual Startup Time": 25.193,
              "Actual Total Time": 25.194,
              "Actual Rows": 1,
              "Actual Loops": 4,
              "Plans": [
                {
                  "Node Type": "Bitmap Heap Scan",
                  "Parent Relationship": "Outer",
                  "Parallel Aware": true,
                  "Relation Name": "movie_companies",
                  "Alias": "mc",
                  "Startup Cost": 2433.16,
                  "Total Cost": 21769.17,
                  "Plan Rows": 18603,
                  "Plan Width": 0,
                  "Actual Startup Time": 4.071,
                  "Actual Total Time": 22.954,
                  "Actual Rows": 27804,
                  "Actual Loops": 4,
                  "Recheck Cond": "(company_id > 151208)",
                  "Rows Removed by Index Recheck": 0,
                  "Filter": "(company_type_id = 2)",
                  "Rows Removed by Filter": 0,
                  "Exact Heap Blocks": 1720,
                  "Lossy Heap Blocks": 0,
                  "Plans": [
                    {
                      "Node Type": "Bitmap Index Scan",
                      "Parent Relationship": "Outer",
                      "Parallel Aware": false,
                      "Index Name": "company_id_movie_companies",
                      "Startup Cost": 0.0,
                      "Total Cost": 2418.74,
                      "Plan Rows": 112842,
                      "Plan Width": 0,
                      "Actual Startup Time": 9.543,
                      "Actual Total Time": 9.543,
                      "Actual Rows": 111217,
                      "Actual Loops": 1,
                      "Index Cond": "(company_id > 151208)"
                    }
                  ]
                }
              ]
            }
          ]
        }
      ]
    },
    "Planning Time": 0.131,
    "Triggers": [],
    "Execution Time": 36.497
  }
]