[
    {
        "Bao": {
            "Bao prediction": "NaN",
            "Bao recommended hint": "(no hint)"
        }
    },
    {
        "Plan": {
            "Node Type": "Aggregate",
            "Strategy": "Plain",
            "Partial Mode": "Simple",
            "Parallel Aware": false,
            "Startup Cost": 61380.24,
            "Total Cost": 61380.25,
            "Plan Rows": 1,
            "Plan Width": 8,
            "Actual Startup Time": 17.188,
            "Actual Total Time": 17.19,
            "Actual Rows": 1,
            "Actual Loops": 1,
            "Output": [
                "count(*)"
            ],
            "Plans": [
                {
                    "Node Type": "Bitmap Heap Scan",
                    "Parent Relationship": "Outer",
                    "Parallel Aware": false,
                    "Relation Name": "movie_info",
                    "Schema": "public",
                    "Alias": "mi",
                    "Startup Cost": 403.97,
                    "Total Cost": 61324.91,
                    "Plan Rows": 22133,
                    "Plan Width": 0,
                    "Actual Startup Time": 3.04,
                    "Actual Total Time": 14.715,
                    "Actual Rows": 30180,
                    "Actual Loops": 1,
                    "Recheck Cond": "(mi.info_type_id = 110)",
                    "Rows Removed by Index Recheck": 0,
                    "Exact Heap Blocks": 3571,
                    "Lossy Heap Blocks": 0,
                    "Plans": [
                        {
                            "Node Type": "Bitmap Index Scan",
                            "Parent Relationship": "Outer",
                            "Parallel Aware": false,
                            "Index Name": "info_type_id_movie_info",
                            "Startup Cost": 0.0,
                            "Total Cost": 398.43,
                            "Plan Rows": 22133,
                            "Plan Width": 0,
                            "Actual Startup Time": 2.321,
                            "Actual Total Time": 2.322,
                            "Actual Rows": 30180,
                            "Actual Loops": 1,
                            "Index Cond": "(mi.info_type_id = 110)"
                        }
                    ]
                }
            ]
        },
        "Planning Time": 215.532,
        "Triggers": [],
        "Execution Time": 17.271
    }
]