[
  {
    "Plan": {
      "Node Type": "Aggregate",
      "Strategy": "Plain",
      "Partial Mode": "Finalize",
      "Parallel Aware": false,
      "Startup Cost": 46973.48,
      "Total Cost": 46973.49,
      "Plan Rows": 1,
      "Plan Width": 8,
      "Actual Startup Time": 161.722,
      "Actual Total Time": 169.04,
      "Actual Rows": 1,
      "Actual Loops": 1,
      "Plans": [
        {
          "Node Type": "Gather",
          "Parent Relationship": "Outer",
          "Parallel Aware": false,
          "Startup Cost": 46973.16,
          "Total Cost": 46973.47,
          "Plan Rows": 3,
          "Plan Width": 8,
          "Actual Startup Time": 161.651,
          "Actual Total Time": 169.032,
          "Actual Rows": 4,
          "Actual Loops": 1,
          "Workers Planned": 3,
          "Workers Launched": 3,
          "Single Copy": false,
          "Plans": [
            {
              "Node Type": "Aggregate",
              "Strategy": "Plain",
              "Partial Mode": "Partial",
              "Parent Relationship": "Outer",
              "Parallel Aware": false,
              "Startup Cost": 45973.16,
              "Total Cost": 45973.17,
              "Plan Rows": 1,
              "Plan Width": 8,
              "Actual Startup Time": 158.508,
              "Actual Total Time": 158.509,
              "Actual Rows": 1,
              "Actual Loops": 4,
              "Plans": [
                {
                  "Node Type": "Seq Scan",
                  "Parent Relationship": "Outer",
                  "Parallel Aware": true,
                  "Relation Name": "movie_keyword",
                  "Alias": "mk",
                  "Startup Cost": 0.0,
                  "Total Cost": 42695.65,
                  "Plan Rows": 1311004,
                  "Plan Width": 0,
                  "Actual Startup Time": 0.024,
                  "Actual Total Time": 113.298,
                  "Actual Rows": 1017170,
                  "Actual Loops": 4,
                  "Filter": "(keyword_id < 38931)",
                  "Rows Removed by Filter": 113812
                }
              ]
            }
          ]
        }
      ]
    },
    "Planning Time": 0.176,
    "Triggers": [],
    "Execution Time": 169.095
  }
]