{
  "Plan": {
    "Node Type": "Aggregate",
    "Strategy": "Plain",
    "Partial Mode": "Finalize",
    "Parallel Aware": false,
    "Startup Cost": 120912.13,
    "Total Cost": 120912.14,
    "Plan Rows": 1,
    "Plan Width": 8,
    "Actual Startup Time": 448.226,
    "Actual Total Time": 465.8,
    "Actual Rows": 1,
    "Actual Loops": 1,
    "Plans": [
      {
        "Node Type": "Gather",
        "Parent Relationship": "Outer",
        "Parallel Aware": false,
        "Startup Cost": 120912.02,
        "Total Cost": 120912.13,
        "Plan Rows": 1,
        "Plan Width": 8,
        "Actual Startup Time": 447.722,
        "Actual Total Time": 465.792,
        "Actual Rows": 2,
        "Actual Loops": 1,
        "Workers Planned": 1,
        "Workers Launched": 1,
        "Single Copy": false,
        "Plans": [
          {
            "Node Type": "Aggregate",
            "Strategy": "Plain",
            "Partial Mode": "Partial",
            "Parent Relationship": "Outer",
            "Parallel Aware": false,
            "Startup Cost": 119912.02,
            "Total Cost": 119912.03,
            "Plan Rows": 1,
            "Plan Width": 8,
            "Actual Startup Time": 444.694,
            "Actual Total Time": 444.698,
            "Actual Rows": 1,
            "Actual Loops": 2,
            "Plans": [
              {
                "Node Type": "Hash Join",
                "Parent Relationship": "Outer",
                "Parallel Aware": true,
                "Join Type": "Inner",
                "Startup Cost": 58615.97,
                "Total Cost": 119856.18,
                "Plan Rows": 22338,
                "Plan Width": 0,
                "Actual Startup Time": 209.643,
                "Actual Total Time": 443.538,
                "Actual Rows": 24760,
                "Actual Loops": 2,
                "Inner Unique": true,
                "Hash Cond": "(mk.movie_id = t.id)",
                "Plans": [
                  {
                    "Node Type": "Seq Scan",
                    "Parent Relationship": "Outer",
                    "Parallel Aware": true,
                    "Relation Name": "movie_keyword",
                    "Alias": "mk",
                    "Startup Cost": 0.0,
                    "Total Cost": 57718.19,
                    "Plan Rows": 1341717,
                    "Plan Width": 4,
                    "Actual Startup Time": 0.021,
                    "Actual Total Time": 195.27,
                    "Actual Rows": 1139770,
                    "Actual Loops": 2,
                    "Filter": "(keyword_id < 4833)",
                    "Rows Removed by Filter": 1122194
                  },
                  {
                    "Node Type": "Hash",
                    "Parent Relationship": "Inner",
                    "Parallel Aware": true,
                    "Startup Cost": 58306.47,
                    "Total Cost": 58306.47,
                    "Plan Rows": 24760,
                    "Plan Width": 4,
                    "Actual Startup Time": 153.423,
                    "Actual Total Time": 153.424,
                    "Actual Rows": 54870,
                    "Actual Loops": 2,
                    "Hash Buckets": 131072,
                    "Original Hash Buckets": 65536,
                    "Hash Batches": 1,
                    "Original Hash Batches": 1,
                    "Peak Memory Usage": 5856,
                    "Plans": [
                      {
                        "Node Type": "Seq Scan",
                        "Parent Relationship": "Outer",
                        "Parallel Aware": true,
                        "Relation Name": "title",
                        "Alias": "t",
                        "Startup Cost": 0.0,
                        "Total Cost": 58306.47,
                        "Plan Rows": 24760,
                        "Plan Width": 4,
                        "Actual Startup Time": 79.978,
                        "Actual Total Time": 136.149,
                        "Actual Rows": 54870,
                        "Actual Loops": 2,
                        "Filter": "((kind_id < 7) AND (production_year < 1928))",
                        "Rows Removed by Filter": 1209286
                      }
                    ]
                  }
                ]
              }
            ]
          }
        ]
      }
    ]
  },
  "Planning Time": 0.27,
  "Triggers": [],
  "Execution Time": 465.847
}