{
  "Plan": {
    "Node Type": "Aggregate",
    "Strategy": "Plain",
    "Partial Mode": "Finalize",
    "Parallel Aware": false,
    "Startup Cost": 191483.44,
    "Total Cost": 191483.45,
    "Plan Rows": 1,
    "Plan Width": 8,
    "Actual Startup Time": 1721.992,
    "Actual Total Time": 1759.868,
    "Actual Rows": 1,
    "Actual Loops": 1,
    "Plans": [
      {
        "Node Type": "Gather",
        "Parent Relationship": "Outer",
        "Parallel Aware": false,
        "Startup Cost": 191483.33,
        "Total Cost": 191483.44,
        "Plan Rows": 1,
        "Plan Width": 8,
        "Actual Startup Time": 1721.424,
        "Actual Total Time": 1759.86,
        "Actual Rows": 2,
        "Actual Loops": 1,
        "Workers Planned": 1,
        "Workers Launched": 1,
        "Single Copy": false,
        "Plans": [
          {
            "Node Type": "Aggregate",
            "Strategy": "Plain",
            "Partial Mode": "Partial",
            "Parent Relationship": "Outer",
            "Parallel Aware": false,
            "Startup Cost": 190483.33,
            "Total Cost": 190483.34,
            "Plan Rows": 1,
            "Plan Width": 8,
            "Actual Startup Time": 1715.511,
            "Actual Total Time": 1715.516,
            "Actual Rows": 1,
            "Actual Loops": 2,
            "Plans": [
              {
                "Node Type": "Nested Loop",
                "Parent Relationship": "Outer",
                "Parallel Aware": false,
                "Join Type": "Inner",
                "Startup Cost": 54873.87,
                "Total Cost": 189886.84,
                "Plan Rows": 238594,
                "Plan Width": 0,
                "Actual Startup Time": 168.216,
                "Actual Total Time": 1579.369,
                "Actual Rows": 2609729,
                "Actual Loops": 2,
                "Inner Unique": false,
                "Join Filter": "(t.id = mi.movie_id)",
                "Rows Removed by Join Filter": 0,
                "Plans": [
                  {
                    "Node Type": "Hash Join",
                    "Parent Relationship": "Outer",
                    "Parallel Aware": true,
                    "Join Type": "Inner",
                    "Startup Cost": 54873.44,
                    "Total Cost": 112924.28,
                    "Plan Rows": 40804,
                    "Plan Width": 8,
                    "Actual Startup Time": 168.148,
                    "Actual Total Time": 551.295,
                    "Actual Rows": 41042,
                    "Actual Loops": 2,
                    "Inner Unique": true,
                    "Hash Cond": "(mk.movie_id = t.id)",
                    "Plans": [
                      {
                        "Node Type": "Seq Scan",
                        "Parent Relationship": "Outer",
                        "Parallel Aware": true,
                        "Relation Name": "movie_keyword",
                        "Alias": "mk",
                        "Startup Cost": 0.0,
                        "Total Cost": 51065.35,
                        "Plan Rows": 2661135,
                        "Plan Width": 4,
                        "Actual Startup Time": 0.012,
                        "Actual Total Time": 185.479,
                        "Actual Rows": 2261965,
                        "Actual Loops": 2
                      },
                      {
                        "Node Type": "Hash",
                        "Parent Relationship": "Inner",
                        "Parallel Aware": true,
                        "Startup Cost": 54588.39,
                        "Total Cost": 54588.39,
                        "Plan Rows": 22804,
                        "Plan Width": 4,
                        "Actual Startup Time": 166.525,
                        "Actual Total Time": 166.526,
                        "Actual Rows": 19478,
                        "Actual Loops": 2,
                        "Hash Buckets": 65536,
                        "Original Hash Buckets": 65536,
                        "Hash Batches": 1,
                        "Original Hash Batches": 1,
                        "Peak Memory Usage": 2080,
                        "Plans": [
                          {
                            "Node Type": "Seq Scan",
                            "Parent Relationship": "Outer",
                            "Parallel Aware": true,
                            "Relation Name": "title",
                            "Alias": "t",
                            "Startup Cost": 0.0,
                            "Total Cost": 54588.39,
                            "Plan Rows": 22804,
                            "Plan Width": 4,
                            "Actual Startup Time": 0.035,
                            "Actual Total Time": 157.93,
                            "Actual Rows": 19478,
                            "Actual Loops": 2,
                            "Filter": "(production_year = 1997)",
                            "Rows Removed by Filter": 1244678
                          }
                        ]
                      }
                    ]
                  },
                  {
                    "Node Type": "Index Only Scan",
                    "Parent Relationship": "Inner",
                    "Parallel Aware": false,
                    "Scan Direction": "Forward",
                    "Index Name": "movie_id_movie_info",
                    "Relation Name": "movie_info",
                    "Alias": "mi",
                    "Startup Cost": 0.43,
                    "Total Cost": 1.36,
                    "Plan Rows": 42,
                    "Plan Width": 4,
                    "Actual Startup Time": 0.004,
                    "Actual Total Time": 0.019,
                    "Actual Rows": 64,
                    "Actual Loops": 82084,
                    "Index Cond": "(movie_id = mk.movie_id)",
                    "Rows Removed by Index Recheck": 0,
                    "Heap Fetches": 5219458
                  }
                ]
              }
            ]
          }
        ]
      }
    ]
  },
  "Planning Time": 0.886,
  "Triggers": [],
  "Execution Time": 1759.956
}