{
  "Plan": {
    "Node Type": "Aggregate",
    "Strategy": "Plain",
    "Partial Mode": "Finalize",
    "Parallel Aware": false,
    "Startup Cost": 45984.26,
    "Total Cost": 45984.27,
    "Plan Rows": 1,
    "Plan Width": 8,
    "Actual Startup Time": 36.41,
    "Actual Total Time": 41.022,
    "Actual Rows": 1,
    "Actual Loops": 1,
    "Plans": [
      {
        "Node Type": "Gather",
        "Parent Relationship": "Outer",
        "Parallel Aware": false,
        "Startup Cost": 45984.14,
        "Total Cost": 45984.25,
        "Plan Rows": 1,
        "Plan Width": 8,
        "Actual Startup Time": 36.275,
        "Actual Total Time": 41.015,
        "Actual Rows": 2,
        "Actual Loops": 1,
        "Workers Planned": 1,
        "Workers Launched": 1,
        "Single Copy": false,
        "Plans": [
          {
            "Node Type": "Aggregate",
            "Strategy": "Plain",
            "Partial Mode": "Partial",
            "Parent Relationship": "Outer",
            "Parallel Aware": false,
            "Startup Cost": 44984.14,
            "Total Cost": 44984.15,
            "Plan Rows": 1,
            "Plan Width": 8,
            "Actual Startup Time": 30.17,
            "Actual Total Time": 30.171,
            "Actual Rows": 1,
            "Actual Loops": 2,
            "Plans": [
              {
                "Node Type": "Nested Loop",
                "Parent Relationship": "Outer",
                "Parallel Aware": false,
                "Join Type": "Inner",
                "Startup Cost": 110.69,
                "Total Cost": 44975.45,
                "Plan Rows": 3478,
                "Plan Width": 0,
                "Actual Startup Time": 1.473,
                "Actual Total Time": 29.67,
                "Actual Rows": 3299,
                "Actual Loops": 2,
                "Inner Unique": true,
                "Plans": [
                  {
                    "Node Type": "Bitmap Heap Scan",
                    "Parent Relationship": "Outer",
                    "Parallel Aware": true,
                    "Relation Name": "movie_info",
                    "Alias": "mi",
                    "Startup Cost": 110.26,
                    "Total Cost": 20086.51,
                    "Plan Rows": 3478,
                    "Plan Width": 4,
                    "Actual Startup Time": 1.318,
                    "Actual Total Time": 5.208,
                    "Actual Rows": 3299,
                    "Actual Loops": 2,
                    "Recheck Cond": "(info_type_id = 40)",
                    "Rows Removed by Index Recheck": 0,
                    "Exact Heap Blocks": 1113,
                    "Lossy Heap Blocks": 0,
                    "Plans": [
                      {
                        "Node Type": "Bitmap Index Scan",
                        "Parent Relationship": "Outer",
                        "Parallel Aware": false,
                        "Index Name": "info_type_id_movie_info",
                        "Startup Cost": 0.0,
                        "Total Cost": 108.78,
                        "Plan Rows": 5913,
                        "Plan Width": 0,
                        "Actual Startup Time": 1.825,
                        "Actual Total Time": 1.826,
                        "Actual Rows": 6598,
                        "Actual Loops": 1,
                        "Index Cond": "(info_type_id = 40)"
                      }
                    ]
                  },
                  {
                    "Node Type": "Index Only Scan",
                    "Parent Relationship": "Inner",
                    "Parallel Aware": false,
                    "Scan Direction": "Forward",
                    "Index Name": "title_pkey",
                    "Relation Name": "title",
                    "Alias": "t",
                    "Startup Cost": 0.43,
                    "Total Cost": 7.16,
                    "Plan Rows": 1,
                    "Plan Width": 4,
                    "Actual Startup Time": 0.007,
                    "Actual Total Time": 0.007,
                    "Actual Rows": 1,
                    "Actual Loops": 6598,
                    "Index Cond": "(id = mi.movie_id)",
                    "Rows Removed by Index Recheck": 0,
                    "Heap Fetches": 6598
                  }
                ]
              }
            ]
          }
        ]
      }
    ]
  },
  "Planning Time": 0.438,
  "Triggers": [],
  "Execution Time": 41.106
}