[
  {
    "Plan": {
      "Node Type": "Aggregate",
      "Strategy": "Plain",
      "Partial Mode": "Finalize",
      "Parallel Aware": false,
      "Startup Cost": 346146.54,
      "Total Cost": 346146.55,
      "Plan Rows": 1,
      "Plan Width": 8,
      "Actual Startup Time": 517.963,
      "Actual Total Time": 559.776,
      "Actual Rows": 1,
      "Actual Loops": 1,
      "Plans": [
        {
          "Node Type": "Gather",
          "Parent Relationship": "Outer",
          "Parallel Aware": false,
          "Startup Cost": 346145.92,
          "Total Cost": 346146.53,
          "Plan Rows": 6,
          "Plan Width": 8,
          "Actual Startup Time": 517.857,
          "Actual Total Time": 559.764,
          "Actual Rows": 7,
          "Actual Loops": 1,
          "Workers Planned": 6,
          "Workers Launched": 6,
          "Single Copy": false,
          "Plans": [
            {
              "Node Type": "Aggregate",
              "Strategy": "Plain",
              "Partial Mode": "Partial",
              "Parent Relationship": "Outer",
              "Parallel Aware": false,
              "Startup Cost": 345145.92,
              "Total Cost": 345145.93,
              "Plan Rows": 1,
              "Plan Width": 8,
              "Actual Startup Time": 508.913,
              "Actual Total Time": 508.915,
              "Actual Rows": 1,
              "Actual Loops": 7,
              "Plans": [
                {
                  "Node Type": "Index Scan",
                  "Parent Relationship": "Outer",
                  "Parallel Aware": true,
                  "Scan Direction": "Forward",
                  "Index Name": "role_id_cast_info",
                  "Relation Name": "cast_info",
                  "Alias": "ci",
                  "Startup Cost": 0.56,
                  "Total Cost": 341155.22,
                  "Plan Rows": 1596280,
                  "Plan Width": 0,
                  "Actual Startup Time": 230.054,
                  "Actual Total Time": 456.438,
                  "Actual Rows": 887889,
                  "Actual Loops": 7,
                  "Index Cond": "(role_id < 2)",
                  "Rows Removed by Index Recheck": 0,
                  "Filter": "(person_id > 880902)",
                  "Rows Removed by Filter": 922209
                }
              ]
            }
          ]
        }
      ]
    },
    "Planning Time": 0.09,
    "Triggers": [],
    "Execution Time": 559.819
  }
]