[
  {
    "Plan": {
      "Node Type": "Aggregate",
      "Strategy": "Plain",
      "Partial Mode": "Finalize",
      "Parallel Aware": false,
      "Startup Cost": 338739.29,
      "Total Cost": 338739.3,
      "Plan Rows": 1,
      "Plan Width": 8,
      "Actual Startup Time": 924.801,
      "Actual Total Time": 993.251,
      "Actual Rows": 1,
      "Actual Loops": 1,
      "Plans": [
        {
          "Node Type": "Gather",
          "Parent Relationship": "Outer",
          "Parallel Aware": false,
          "Startup Cost": 338738.67,
          "Total Cost": 338739.28,
          "Plan Rows": 6,
          "Plan Width": 8,
          "Actual Startup Time": 924.4,
          "Actual Total Time": 993.234,
          "Actual Rows": 7,
          "Actual Loops": 1,
          "Workers Planned": 6,
          "Workers Launched": 6,
          "Single Copy": false,
          "Plans": [
            {
              "Node Type": "Aggregate",
              "Strategy": "Plain",
              "Partial Mode": "Partial",
              "Parent Relationship": "Outer",
              "Parallel Aware": false,
              "Startup Cost": 337738.67,
              "Total Cost": 337738.68,
              "Plan Rows": 1,
              "Plan Width": 8,
              "Actual Startup Time": 916.73,
              "Actual Total Time": 916.732,
              "Actual Rows": 1,
              "Actual Loops": 7,
              "Plans": [
                {
                  "Node Type": "Seq Scan",
                  "Parent Relationship": "Outer",
                  "Parallel Aware": true,
                  "Relation Name": "cast_info",
                  "Alias": "ci",
                  "Startup Cost": 0.0,
                  "Total Cost": 328211.39,
                  "Plan Rows": 3810910,
                  "Plan Width": 0,
                  "Actual Startup Time": 199.225,
                  "Actual Total Time": 764.554,
                  "Actual Rows": 3249042,
                  "Actual Loops": 7,
                  "Filter": "(person_id > 1330943)",
                  "Rows Removed by Filter": 1928722
                }
              ]
            }
          ]
        }
      ]
    },
    "Planning Time": 0.13,
    "Triggers": [],
    "Execution Time": 993.294
  }
]