[
  {
    "Plan": {
      "Node Type": "Aggregate",
      "Strategy": "Plain",
      "Partial Mode": "Finalize",
      "Parallel Aware": false,
      "Startup Cost": 338631.99,
      "Total Cost": 338632.0,
      "Plan Rows": 1,
      "Plan Width": 8,
      "Actual Startup Time": 777.84,
      "Actual Total Time": 839.129,
      "Actual Rows": 1,
      "Actual Loops": 1,
      "Plans": [
        {
          "Node Type": "Gather",
          "Parent Relationship": "Outer",
          "Parallel Aware": false,
          "Startup Cost": 338631.36,
          "Total Cost": 338631.97,
          "Plan Rows": 6,
          "Plan Width": 8,
          "Actual Startup Time": 777.753,
          "Actual Total Time": 839.119,
          "Actual Rows": 7,
          "Actual Loops": 1,
          "Workers Planned": 6,
          "Workers Launched": 6,
          "Single Copy": false,
          "Plans": [
            {
              "Node Type": "Aggregate",
              "Strategy": "Plain",
              "Partial Mode": "Partial",
              "Parent Relationship": "Outer",
              "Parallel Aware": false,
              "Startup Cost": 337631.36,
              "Total Cost": 337631.37,
              "Plan Rows": 1,
              "Plan Width": 8,
              "Actual Startup Time": 768.972,
              "Actual Total Time": 768.973,
              "Actual Rows": 1,
              "Actual Loops": 7,
              "Plans": [
                {
                  "Node Type": "Seq Scan",
                  "Parent Relationship": "Outer",
                  "Parallel Aware": true,
                  "Relation Name": "cast_info",
                  "Alias": "ci",
                  "Startup Cost": 0.0,
                  "Total Cost": 328162.03,
                  "Plan Rows": 3787735,
                  "Plan Width": 0,
                  "Actual Startup Time": 153.604,
                  "Actual Total Time": 625.683,
                  "Actual Rows": 3249042,
                  "Actual Loops": 7,
                  "Filter": "(person_id > 1330943)",
                  "Rows Removed by Filter": 1928722
                }
              ]
            }
          ]
        }
      ]
    },
    "Planning Time": 0.122,
    "Triggers": [],
    "Execution Time": 839.184
  }
]