{
  "Plan": {
    "Node Type": "Aggregate",
    "Strategy": "Plain",
    "Partial Mode": "Finalize",
    "Parallel Aware": false,
    "Startup Cost": 222648.77,
    "Total Cost": 222648.78,
    "Plan Rows": 1,
    "Plan Width": 8,
    "Actual Startup Time": 144.073,
    "Actual Total Time": 155.3,
    "Actual Rows": 1,
    "Actual Loops": 1,
    "Plans": [
      {
        "Node Type": "Gather",
        "Parent Relationship": "Outer",
        "Parallel Aware": false,
        "Startup Cost": 222648.66,
        "Total Cost": 222648.77,
        "Plan Rows": 1,
        "Plan Width": 8,
        "Actual Startup Time": 143.938,
        "Actual Total Time": 155.292,
        "Actual Rows": 2,
        "Actual Loops": 1,
        "Workers Planned": 1,
        "Workers Launched": 1,
        "Single Copy": false,
        "Plans": [
          {
            "Node Type": "Aggregate",
            "Strategy": "Plain",
            "Partial Mode": "Partial",
            "Parent Relationship": "Outer",
            "Parallel Aware": false,
            "Startup Cost": 221648.66,
            "Total Cost": 221648.67,
            "Plan Rows": 1,
            "Plan Width": 8,
            "Actual Startup Time": 138.037,
            "Actual Total Time": 138.039,
            "Actual Rows": 1,
            "Actual Loops": 2,
            "Plans": [
              {
                "Node Type": "Nested Loop",
                "Parent Relationship": "Outer",
                "Parallel Aware": false,
                "Join Type": "Inner",
                "Startup Cost": 0.56,
                "Total Cost": 221605.04,
                "Plan Rows": 17448,
                "Plan Width": 0,
                "Actual Startup Time": 99.625,
                "Actual Total Time": 138.032,
                "Actual Rows": 0,
                "Actual Loops": 2,
                "Inner Unique": false,
                "Plans": [
                  {
                    "Node Type": "Seq Scan",
                    "Parent Relationship": "Outer",
                    "Parallel Aware": true,
                    "Relation Name": "title",
                    "Alias": "t",
                    "Startup Cost": 0.0,
                    "Total Cost": 58306.47,
                    "Plan Rows": 1218,
                    "Plan Width": 4,
                    "Actual Startup Time": 99.607,
                    "Actual Total Time": 138.012,
                    "Actual Rows": 0,
                    "Actual Loops": 2,
                    "Filter": "((kind_id > 2) AND (production_year = 1922))",
                    "Rows Removed by Filter": 1264156
                  },
                  {
                    "Node Type": "Index Only Scan",
                    "Parent Relationship": "Inner",
                    "Parallel Aware": false,
                    "Scan Direction": "Forward",
                    "Index Name": "movie_id_cast_info",
                    "Relation Name": "cast_info",
                    "Alias": "ci",
                    "Startup Cost": 0.56,
                    "Total Cost": 133.7,
                    "Plan Rows": 37,
                    "Plan Width": 4,
                    "Actual Startup Time": 0.026,
                    "Actual Total Time": 0.027,
                    "Actual Rows": 1,
                    "Actual Loops": 1,
                    "Index Cond": "(movie_id = t.id)",
                    "Rows Removed by Index Recheck": 0,
                    "Heap Fetches": 1
                  }
                ]
              }
            ]
          }
        ]
      }
    ]
  },
  "Planning Time": 0.465,
  "Triggers": [],
  "Execution Time": 155.373
}