[
  {
    "Plan": {
      "Node Type": "Aggregate",
      "Strategy": "Plain",
      "Partial Mode": "Finalize",
      "Parallel Aware": false,
      "Startup Cost": 618899.02,
      "Total Cost": 618899.03,
      "Plan Rows": 1,
      "Plan Width": 8,
      "Actual Startup Time": 4300.367,
      "Actual Total Time": 4380.114,
      "Actual Rows": 1,
      "Actual Loops": 1,
      "Plans": [
        {
          "Node Type": "Gather",
          "Parent Relationship": "Outer",
          "Parallel Aware": false,
          "Startup Cost": 618898.4,
          "Total Cost": 618899.01,
          "Plan Rows": 6,
          "Plan Width": 8,
          "Actual Startup Time": 4274.443,
          "Actual Total Time": 4380.097,
          "Actual Rows": 7,
          "Actual Loops": 1,
          "Workers Planned": 6,
          "Workers Launched": 6,
          "Single Copy": false,
          "Plans": [
            {
              "Node Type": "Aggregate",
              "Strategy": "Plain",
              "Partial Mode": "Partial",
              "Parent Relationship": "Outer",
              "Parallel Aware": false,
              "Startup Cost": 617898.4,
              "Total Cost": 617898.41,
              "Plan Rows": 1,
              "Plan Width": 8,
              "Actual Startup Time": 4264.461,
              "Actual Total Time": 4264.991,
              "Actual Rows": 1,
              "Actual Loops": 7,
              "Plans": [
                {
                  "Node Type": "Hash Join",
                  "Parent Relationship": "Outer",
                  "Parallel Aware": true,
                  "Join Type": "Inner",
                  "Startup Cost": 254854.06,
                  "Total Cost": 608912.37,
                  "Plan Rows": 3594410,
                  "Plan Width": 0,
                  "Actual Startup Time": 767.507,
                  "Actual Total Time": 3780.791,
                  "Actual Rows": 10873836,
                  "Actual Loops": 7,
                  "Inner Unique": false,
                  "Hash Cond": "(ci.movie_id = t.id)",
                  "Plans": [
                    {
                      "Node Type": "Seq Scan",
                      "Parent Relationship": "Outer",
                      "Parallel Aware": true,
                      "Relation Name": "cast_info",
                      "Alias": "ci",
                      "Startup Cost": 0.0,
                      "Total Cost": 328211.39,
                      "Plan Rows": 4975494,
                      "Plan Width": 4,
                      "Actual Startup Time": 0.039,
                      "Actual Total Time": 655.56,
                      "Actual Rows": 4274206,
                      "Actual Loops": 7,
                      "Filter": "(person_id < 3020558)",
                      "Rows Removed by Filter": 903558
                    },
                    {
                      "Node Type": "Hash",
                      "Parent Relationship": "Inner",
                      "Parallel Aware": true,
                      "Startup Cost": 250287.58,
                      "Total Cost": 250287.58,
                      "Plan Rows": 365318,
                      "Plan Width": 8,
                      "Actual Startup Time": 764.359,
                      "Actual Total Time": 764.887,
                      "Actual Rows": 266519,
                      "Actual Loops": 7,
                      "Hash Buckets": 2097152,
                      "Original Hash Buckets": 2097152,
                      "Hash Batches": 1,
                      "Original Hash Batches": 1,
                      "Peak Memory Usage": 89472,
                      "Plans": [
                        {
                          "Node Type": "Hash Join",
                          "Parent Relationship": "Outer",
                          "Parallel Aware": true,
                          "Join Type": "Inner",
                          "Startup Cost": 50220.38,
                          "Total Cost": 250287.58,
                          "Plan Rows": 365318,
                          "Plan Width": 8,
                          "Actual Startup Time": 278.466,
                          "Actual Total Time": 661.432,
                          "Actual Rows": 266519,
                          "Actual Loops": 7,
                          "Inner Unique": true,
                          "Hash Cond": "(mi.movie_id = t.id)",
                          "Plans": [
                            {
                              "Node Type": "Seq Scan",
                              "Parent Relationship": "Outer",
                              "Parallel Aware": true,
                              "Relation Name": "movie_info",
                              "Alias": "mi",
                              "Startup Cost": 0.0,
                              "Total Cost": 199108.24,
                              "Plan Rows": 365318,
                              "Plan Width": 4,
                              "Actual Startup Time": 15.144,
                              "Actual Total Time": 297.321,
                              "Actual Rows": 266519,
                              "Actual Loops": 7,
                              "Filter": "(info_type_id > 17)",
                              "Rows Removed by Filter": 1852870
                            },
                            {
                              "Node Type": "Hash",
                              "Parent Relationship": "Inner",
                              "Parallel Aware": true,
                              "Startup Cost": 42319.06,
                              "Total Cost": 42319.06,
                              "Plan Rows": 632106,
                              "Plan Width": 4,
                              "Actual Startup Time": 259.45,
                              "Actual Total Time": 259.451,
                              "Actual Rows": 361187,
                              "Actual Loops": 7,
                              "Hash Buckets": 4194304,
                              "Original Hash Buckets": 4194304,
                              "Hash Batches": 1,
                              "Original Hash Batches": 1,
                              "Peak Memory Usage": 131744,
                              "Plans": [
                                {
                                  "Node Type": "Seq Scan",
                                  "Parent Relationship": "Outer",
                                  "Parallel Aware": true,
                                  "Relation Name": "title",
                                  "Alias": "t",
                                  "Startup Cost": 0.0,
                                  "Total Cost": 42319.06,
                                  "Plan Rows": 632106,
                                  "Plan Width": 4,
                                  "Actual Startup Time": 0.059,
                                  "Actual Total Time": 76.254,
                                  "Actual Rows": 361187,
                                  "Actual Loops": 7
                                }
                              ]
                            }
                          ]
                        }
                      ]
                    }
                  ]
                }
              ]
            }
          ]
        }
      ]
    },
    "Planning Time": 0.444,
    "Triggers": [],
    "Execution Time": 4380.171
  }
]