[
  {
    "Plan": {
      "Node Type": "Aggregate",
      "Strategy": "Plain",
      "Partial Mode": "Finalize",
      "Parallel Aware": false,
      "Startup Cost": 234346.08,
      "Total Cost": 234346.09,
      "Plan Rows": 1,
      "Plan Width": 8,
      "Actual Startup Time": 126.917,
      "Actual Total Time": 147.094,
      "Actual Rows": 1,
      "Actual Loops": 1,
      "Plans": [
        {
          "Node Type": "Gather",
          "Parent Relationship": "Outer",
          "Parallel Aware": false,
          "Startup Cost": 234345.66,
          "Total Cost": 234346.07,
          "Plan Rows": 4,
          "Plan Width": 8,
          "Actual Startup Time": 126.807,
          "Actual Total Time": 147.087,
          "Actual Rows": 5,
          "Actual Loops": 1,
          "Workers Planned": 4,
          "Workers Launched": 4,
          "Single Copy": false,
          "Plans": [
            {
              "Node Type": "Aggregate",
              "Strategy": "Plain",
              "Partial Mode": "Partial",
              "Parent Relationship": "Outer",
              "Parallel Aware": false,
              "Startup Cost": 233345.66,
              "Total Cost": 233345.67,
              "Plan Rows": 1,
              "Plan Width": 8,
              "Actual Startup Time": 117.181,
              "Actual Total Time": 117.182,
              "Actual Rows": 1,
              "Actual Loops": 5,
              "Plans": [
                {
                  "Node Type": "Nested Loop",
                  "Parent Relationship": "Outer",
                  "Parallel Aware": false,
                  "Join Type": "Inner",
                  "Startup Cost": 0.56,
                  "Total Cost": 233278.49,
                  "Plan Rows": 26870,
                  "Plan Width": 0,
                  "Actual Startup Time": 56.902,
                  "Actual Total Time": 116.425,
                  "Actual Rows": 8473,
                  "Actual Loops": 5,
                  "Inner Unique": false,
                  "Plans": [
                    {
                      "Node Type": "Seq Scan",
                      "Parent Relationship": "Outer",
                      "Parallel Aware": true,
                      "Relation Name": "title",
                      "Alias": "t",
                      "Startup Cost": 0.0,
                      "Total Cost": 43898.92,
                      "Plan Rows": 1875,
                      "Plan Width": 4,
                      "Actual Startup Time": 56.798,
                      "Actual Total Time": 78.735,
                      "Actual Rows": 1534,
                      "Actual Loops": 5,
                      "Filter": "(production_year = 1915)",
                      "Rows Removed by Filter": 504128
                    },
                    {
                      "Node Type": "Index Only Scan",
                      "Parent Relationship": "Inner",
                      "Parallel Aware": false,
                      "Scan Direction": "Forward",
                      "Index Name": "movie_id_cast_info",
                      "Relation Name": "cast_info",
                      "Alias": "ci",
                      "Startup Cost": 0.56,
                      "Total Cost": 100.63,
                      "Plan Rows": 37,
                      "Plan Width": 4,
                      "Actual Startup Time": 0.01,
                      "Actual Total Time": 0.024,
                      "Actual Rows": 6,
                      "Actual Loops": 7670,
                      "Index Cond": "(movie_id = t.id)",
                      "Rows Removed by Index Recheck": 0,
                      "Heap Fetches": 42364
                    }
                  ]
                }
              ]
            }
          ]
        }
      ]
    },
    "Planning Time": 0.557,
    "Triggers": [],
    "Execution Time": 147.163
  }
]