[
  {
    "Plan": {
      "Node Type": "Aggregate",
      "Strategy": "Plain",
      "Partial Mode": "Simple",
      "Parallel Aware": false,
      "Startup Cost": 6655.83,
      "Total Cost": 6655.84,
      "Plan Rows": 1,
      "Plan Width": 8,
      "Actual Startup Time": 2.02,
      "Actual Total Time": 2.021,
      "Actual Rows": 1,
      "Actual Loops": 1,
      "Plans": [
        {
          "Node Type": "Index Scan",
          "Parent Relationship": "Outer",
          "Parallel Aware": false,
          "Scan Direction": "Forward",
          "Index Name": "company_id_movie_companies",
          "Relation Name": "movie_companies",
          "Alias": "mc",
          "Startup Cost": 0.43,
          "Total Cost": 6652.39,
          "Plan Rows": 1378,
          "Plan Width": 0,
          "Actual Startup Time": 1.141,
          "Actual Total Time": 1.955,
          "Actual Rows": 1040,
          "Actual Loops": 1,
          "Index Cond": "(company_id = 13114)",
          "Rows Removed by Index Recheck": 0,
          "Filter": "(company_type_id = 2)",
          "Rows Removed by Filter": 1394
        }
      ]
    },
    "Planning Time": 0.114,
    "Triggers": [],
    "Execution Time": 2.046
  }
]