[
  {
    "Plan": {
      "Node Type": "Aggregate",
      "Strategy": "Plain",
      "Partial Mode": "Finalize",
      "Parallel Aware": false,
      "Startup Cost": 46117.05,
      "Total Cost": 46117.06,
      "Plan Rows": 1,
      "Plan Width": 8,
      "Actual Startup Time": 178.243,
      "Actual Total Time": 188.67,
      "Actual Rows": 1,
      "Actual Loops": 1,
      "Plans": [
        {
          "Node Type": "Gather",
          "Parent Relationship": "Outer",
          "Parallel Aware": false,
          "Startup Cost": 46116.73,
          "Total Cost": 46117.04,
          "Plan Rows": 3,
          "Plan Width": 8,
          "Actual Startup Time": 178.107,
          "Actual Total Time": 188.662,
          "Actual Rows": 4,
          "Actual Loops": 1,
          "Workers Planned": 3,
          "Workers Launched": 3,
          "Single Copy": false,
          "Plans": [
            {
              "Node Type": "Aggregate",
              "Strategy": "Plain",
              "Partial Mode": "Partial",
              "Parent Relationship": "Outer",
              "Parallel Aware": false,
              "Startup Cost": 45116.73,
              "Total Cost": 45116.74,
              "Plan Rows": 1,
              "Plan Width": 8,
              "Actual Startup Time": 172.791,
              "Actual Total Time": 172.793,
              "Actual Rows": 1,
              "Actual Loops": 4,
              "Plans": [
                {
                  "Node Type": "Seq Scan",
                  "Parent Relationship": "Outer",
                  "Parallel Aware": true,
                  "Relation Name": "movie_keyword",
                  "Alias": "mk",
                  "Startup Cost": 0.0,
                  "Total Cost": 42695.65,
                  "Plan Rows": 968432,
                  "Plan Width": 0,
                  "Actual Startup Time": 0.144,
                  "Actual Total Time": 133.014,
                  "Actual Rows": 752426,
                  "Actual Loops": 4,
                  "Filter": "(keyword_id > 2194)",
                  "Rows Removed by Filter": 378557
                }
              ]
            }
          ]
        }
      ]
    },
    "Planning Time": 0.097,
    "Triggers": [],
    "Execution Time": 188.705
  }
]