{
    "Plan": {
        "Node Type": "Aggregate",
        "Strategy": "Plain",
        "Partial Mode": "Simple",
        "Parallel Aware": false,
        "Startup Cost": 20002344242.38,
        "Total Cost": 20002344242.39,
        "Plan Rows": 1,
        "Plan Width": 8,
        "Actual Startup Time": 38506.571,
        "Actual Total Time": 38506.574,
        "Actual Rows": 1,
        "Actual Loops": 1,
        "Output": [
            "count(*)"
        ],
        "Plans": [
            {
                "Node Type": "Hash Join",
                "Parent Relationship": "Outer",
                "Parallel Aware": false,
                "Join Type": "Inner",
                "Startup Cost": 20000131531.63,
                "Total Cost": 20002301604.45,
                "Plan Rows": 17055175,
                "Plan Width": 0,
                "Actual Startup Time": 2531.334,
                "Actual Total Time": 37708.458,
                "Actual Rows": 18541452,
                "Actual Loops": 1,
                "Inner Unique": true,
                "Hash Cond": "(ci.movie_id = t.id)",
                "Plans": [
                    {
                        "Node Type": "Index Scan",
                        "Parent Relationship": "Outer",
                        "Parallel Aware": false,
                        "Scan Direction": "Forward",
                        "Index Name": "movie_id_cast_info",
                        "Relation Name": "cast_info",
                        "Schema": "public",
                        "Alias": "ci",
                        "Startup Cost": 10000000000.57,
                        "Total Cost": 10002074909.69,
                        "Plan Rows": 36252776,
                        "Plan Width": 4,
                        "Actual Startup Time": 0.109,
                        "Actual Total Time": 30093.803,
                        "Actual Rows": 36244344,
                        "Actual Loops": 1,
                        "Output": [
                            "ci.id",
                            "ci.person_id",
                            "ci.movie_id",
                            "ci.person_role_id",
                            "ci.note",
                            "ci.nr_order",
                            "ci.role_id"
                        ]
                    },
                    {
                        "Node Type": "Hash",
                        "Parent Relationship": "Inner",
                        "Parallel Aware": false,
                        "Startup Cost": 10000116662.9,
                        "Total Cost": 10000116662.9,
                        "Plan Rows": 1189453,
                        "Plan Width": 4,
                        "Actual Startup Time": 2512.91,
                        "Actual Total Time": 2512.91,
                        "Actual Rows": 1192518,
                        "Actual Loops": 1,
                        "Output": [
                            "t.id"
                        ],
                        "Hash Buckets": 2097152,
                        "Original Hash Buckets": 2097152,
                        "Hash Batches": 1,
                        "Original Hash Batches": 1,
                        "Peak Memory Usage": 58309,
                        "Plans": [
                            {
                                "Node Type": "Index Scan",
                                "Parent Relationship": "Outer",
                                "Parallel Aware": false,
                                "Scan Direction": "Forward",
                                "Index Name": "title_pkey",
                                "Relation Name": "title",
                                "Schema": "public",
                                "Alias": "t",
                                "Startup Cost": 10000000000.43,
                                "Total Cost": 10000116662.9,
                                "Plan Rows": 1189453,
                                "Plan Width": 4,
                                "Actual Startup Time": 0.105,
                                "Actual Total Time": 2047.966,
                                "Actual Rows": 1192518,
                                "Actual Loops": 1,
                                "Output": [
                                    "t.id"
                                ],
                                "Filter": "(t.production_year > 2003)",
                                "Rows Removed by Filter": 1335794
                            }
                        ]
                    }
                ]
            }
        ]
    },
    "Planning Time": 2.742,
    "Triggers": [],
    "Execution Time": 38508.611
}