[
  {
    "Plan": {
      "Node Type": "Aggregate",
      "Strategy": "Plain",
      "Partial Mode": "Finalize",
      "Parallel Aware": false,
      "Startup Cost": 31155.12,
      "Total Cost": 31155.13,
      "Plan Rows": 1,
      "Plan Width": 8,
      "Actual Startup Time": 94.29,
      "Actual Total Time": 103.505,
      "Actual Rows": 1,
      "Actual Loops": 1,
      "Plans": [
        {
          "Node Type": "Gather",
          "Parent Relationship": "Outer",
          "Parallel Aware": false,
          "Startup Cost": 31154.8,
          "Total Cost": 31155.11,
          "Plan Rows": 3,
          "Plan Width": 8,
          "Actual Startup Time": 94.16,
          "Actual Total Time": 103.491,
          "Actual Rows": 4,
          "Actual Loops": 1,
          "Workers Planned": 3,
          "Workers Launched": 3,
          "Single Copy": false,
          "Plans": [
            {
              "Node Type": "Aggregate",
              "Strategy": "Plain",
              "Partial Mode": "Partial",
              "Parent Relationship": "Outer",
              "Parallel Aware": false,
              "Startup Cost": 30154.8,
              "Total Cost": 30154.81,
              "Plan Rows": 1,
              "Plan Width": 8,
              "Actual Startup Time": 90.11,
              "Actual Total Time": 90.112,
              "Actual Rows": 1,
              "Actual Loops": 4,
              "Plans": [
                {
                  "Node Type": "Seq Scan",
                  "Parent Relationship": "Outer",
                  "Parallel Aware": true,
                  "Relation Name": "movie_companies",
                  "Alias": "mc",
                  "Startup Cost": 0.0,
                  "Total Cost": 29310.68,
                  "Plan Rows": 337648,
                  "Plan Width": 0,
                  "Actual Startup Time": 0.028,
                  "Actual Total Time": 75.733,
                  "Actual Rows": 262413,
                  "Actual Loops": 4,
                  "Filter": "(company_id < 6158)",
                  "Rows Removed by Filter": 389869
                }
              ]
            }
          ]
        }
      ]
    },
    "Planning Time": 0.199,
    "Triggers": [],
    "Execution Time": 103.562
  }
]