[
  {
    "Plan": {
      "Node Type": "Aggregate",
      "Strategy": "Plain",
      "Partial Mode": "Finalize",
      "Parallel Aware": false,
      "Startup Cost": 97548.19,
      "Total Cost": 97548.2,
      "Plan Rows": 1,
      "Plan Width": 8,
      "Actual Startup Time": 251.881,
      "Actual Total Time": 276.44,
      "Actual Rows": 1,
      "Actual Loops": 1,
      "Plans": [
        {
          "Node Type": "Gather",
          "Parent Relationship": "Outer",
          "Parallel Aware": false,
          "Startup Cost": 97547.87,
          "Total Cost": 97548.18,
          "Plan Rows": 3,
          "Plan Width": 8,
          "Actual Startup Time": 251.58,
          "Actual Total Time": 276.431,
          "Actual Rows": 4,
          "Actual Loops": 1,
          "Workers Planned": 3,
          "Workers Launched": 3,
          "Single Copy": false,
          "Plans": [
            {
              "Node Type": "Aggregate",
              "Strategy": "Plain",
              "Partial Mode": "Partial",
              "Parent Relationship": "Outer",
              "Parallel Aware": false,
              "Startup Cost": 96547.87,
              "Total Cost": 96547.88,
              "Plan Rows": 1,
              "Plan Width": 8,
              "Actual Startup Time": 241.553,
              "Actual Total Time": 241.557,
              "Actual Rows": 1,
              "Actual Loops": 4,
              "Plans": [
                {
                  "Node Type": "Nested Loop",
                  "Parent Relationship": "Outer",
                  "Parallel Aware": false,
                  "Join Type": "Inner",
                  "Startup Cost": 38830.73,
                  "Total Cost": 96543.03,
                  "Plan Rows": 1936,
                  "Plan Width": 0,
                  "Actual Startup Time": 79.612,
                  "Actual Total Time": 241.098,
                  "Actual Rows": 4784,
                  "Actual Loops": 4,
                  "Inner Unique": false,
                  "Join Filter": "(t.id = mi.movie_id)",
                  "Rows Removed by Join Filter": 0,
                  "Plans": [
                    {
                      "Node Type": "Hash Join",
                      "Parent Relationship": "Outer",
                      "Parallel Aware": true,
                      "Join Type": "Inner",
                      "Startup Cost": 38830.3,
                      "Total Cost": 82238.95,
                      "Plan Rows": 6147,
                      "Plan Width": 8,
                      "Actual Startup Time": 79.536,
                      "Actual Total Time": 172.082,
                      "Actual Rows": 5578,
                      "Actual Loops": 4,
                      "Inner Unique": true,
                      "Hash Cond": "(mk.movie_id = t.id)",
                      "Plans": [
                        {
                          "Node Type": "Seq Scan",
                          "Parent Relationship": "Outer",
                          "Parallel Aware": true,
                          "Relation Name": "movie_keyword",
                          "Alias": "mk",
                          "Startup Cost": 0.0,
                          "Total Cost": 42695.65,
                          "Plan Rows": 271621,
                          "Plan Width": 4,
                          "Actual Startup Time": 1.95,
                          "Actual Total Time": 94.46,
                          "Actual Rows": 208238,
                          "Actual Loops": 4,
                          "Filter": "(keyword_id > 22099)",
                          "Rows Removed by Filter": 922744
                        },
                        {
                          "Node Type": "Hash",
                          "Parent Relationship": "Inner",
                          "Parallel Aware": true,
                          "Startup Cost": 38651.5,
                          "Total Cost": 38651.5,
                          "Plan Rows": 14304,
                          "Plan Width": 4,
                          "Actual Startup Time": 56.002,
                          "Actual Total Time": 56.004,
                          "Actual Rows": 9836,
                          "Actual Loops": 4,
                          "Hash Buckets": 65536,
                          "Original Hash Buckets": 65536,
                          "Hash Batches": 1,
                          "Original Hash Batches": 1,
                          "Peak Memory Usage": 2144,
                          "Plans": [
                            {
                              "Node Type": "Bitmap Heap Scan",
                              "Parent Relationship": "Outer",
                              "Parallel Aware": true,
                              "Relation Name": "title",
                              "Alias": "t",
                              "Startup Cost": 2195.24,
                              "Total Cost": 38651.5,
                              "Plan Rows": 14304,
                              "Plan Width": 4,
                              "Actual Startup Time": 12.191,
                              "Actual Total Time": 50.576,
                              "Actual Rows": 9836,
                              "Actual Loops": 4,
                              "Recheck Cond": "(kind_id = 4)",
                              "Rows Removed by Index Recheck": 0,
                              "Filter": "(production_year < 2003)",
                              "Rows Removed by Filter": 19723,
                              "Exact Heap Blocks": 6875,
                              "Lossy Heap Blocks": 0,
                              "Plans": [
                                {
                                  "Node Type": "Bitmap Index Scan",
                                  "Parent Relationship": "Outer",
                                  "Parallel Aware": false,
                                  "Index Name": "kind_id_title",
                                  "Startup Cost": 0.0,
                                  "Total Cost": 2180.94,
                                  "Plan Rows": 122201,
                                  "Plan Width": 0,
                                  "Actual Startup Time": 14.653,
                                  "Actual Total Time": 14.654,
                                  "Actual Rows": 118234,
                                  "Actual Loops": 1,
                                  "Index Cond": "(kind_id = 4)"
                                }
                              ]
                            }
                          ]
                        }
                      ]
                    },
                    {
                      "Node Type": "Index Scan",
                      "Parent Relationship": "Inner",
                      "Parallel Aware": false,
                      "Scan Direction": "Forward",
                      "Index Name": "movie_id_movie_info",
                      "Relation Name": "movie_info",
                      "Alias": "mi",
                      "Startup Cost": 0.43,
                      "Total Cost": 2.3,
                      "Plan Rows": 2,
                      "Plan Width": 4,
                      "Actual Startup Time": 0.006,
                      "Actual Total Time": 0.012,
                      "Actual Rows": 1,
                      "Actual Loops": 22312,
                      "Index Cond": "(movie_id = mk.movie_id)",
                      "Rows Removed by Index Recheck": 0,
                      "Filter": "(info_type_id < 2)",
                      "Rows Removed by Filter": 12
                    }
                  ]
                }
              ]
            }
          ]
        }
      ]
    },
    "Planning Time": 1.456,
    "Triggers": [],
    "Execution Time": 276.555
  }
]