[
  {
    "Plan": {
      "Node Type": "Aggregate",
      "Strategy": "Plain",
      "Partial Mode": "Finalize",
      "Parallel Aware": false,
      "Startup Cost": 32846.76,
      "Total Cost": 32846.77,
      "Plan Rows": 1,
      "Plan Width": 8,
      "Actual Startup Time": 78.697,
      "Actual Total Time": 88.022,
      "Actual Rows": 1,
      "Actual Loops": 1,
      "Plans": [
        {
          "Node Type": "Gather",
          "Parent Relationship": "Outer",
          "Parallel Aware": false,
          "Startup Cost": 32846.44,
          "Total Cost": 32846.75,
          "Plan Rows": 3,
          "Plan Width": 8,
          "Actual Startup Time": 78.434,
          "Actual Total Time": 88.012,
          "Actual Rows": 4,
          "Actual Loops": 1,
          "Workers Planned": 3,
          "Workers Launched": 3,
          "Single Copy": false,
          "Plans": [
            {
              "Node Type": "Aggregate",
              "Strategy": "Plain",
              "Partial Mode": "Partial",
              "Parent Relationship": "Outer",
              "Parallel Aware": false,
              "Startup Cost": 31846.44,
              "Total Cost": 31846.45,
              "Plan Rows": 1,
              "Plan Width": 8,
              "Actual Startup Time": 74.491,
              "Actual Total Time": 74.492,
              "Actual Rows": 1,
              "Actual Loops": 4,
              "Plans": [
                {
                  "Node Type": "Seq Scan",
                  "Parent Relationship": "Outer",
                  "Parallel Aware": true,
                  "Relation Name": "movie_companies",
                  "Alias": "mc",
                  "Startup Cost": 0.0,
                  "Total Cost": 31414.82,
                  "Plan Rows": 172649,
                  "Plan Width": 0,
                  "Actual Startup Time": 40.665,
                  "Actual Total Time": 70.85,
                  "Actual Rows": 81316,
                  "Actual Loops": 4,
                  "Filter": "((company_id < 6170) AND (company_type_id = 2))",
                  "Rows Removed by Filter": 570966
                }
              ]
            }
          ]
        }
      ]
    },
    "Planning Time": 0.233,
    "Triggers": [],
    "Execution Time": 88.077
  }
]