[
  {
    "Plan": {
      "Node Type": "Aggregate",
      "Strategy": "Plain",
      "Partial Mode": "Finalize",
      "Parallel Aware": false,
      "Startup Cost": 342226.89,
      "Total Cost": 342226.9,
      "Plan Rows": 1,
      "Plan Width": 8,
      "Actual Startup Time": 841.93,
      "Actual Total Time": 895.899,
      "Actual Rows": 1,
      "Actual Loops": 1,
      "Plans": [
        {
          "Node Type": "Gather",
          "Parent Relationship": "Outer",
          "Parallel Aware": false,
          "Startup Cost": 342226.26,
          "Total Cost": 342226.87,
          "Plan Rows": 6,
          "Plan Width": 8,
          "Actual Startup Time": 841.775,
          "Actual Total Time": 895.864,
          "Actual Rows": 7,
          "Actual Loops": 1,
          "Workers Planned": 6,
          "Workers Launched": 6,
          "Single Copy": false,
          "Plans": [
            {
              "Node Type": "Aggregate",
              "Strategy": "Plain",
              "Partial Mode": "Partial",
              "Parent Relationship": "Outer",
              "Parallel Aware": false,
              "Startup Cost": 341226.26,
              "Total Cost": 341226.27,
              "Plan Rows": 1,
              "Plan Width": 8,
              "Actual Startup Time": 832.242,
              "Actual Total Time": 832.243,
              "Actual Rows": 1,
              "Actual Loops": 7,
              "Plans": [
                {
                  "Node Type": "Seq Scan",
                  "Parent Relationship": "Outer",
                  "Parallel Aware": true,
                  "Relation Name": "cast_info",
                  "Alias": "ci",
                  "Startup Cost": 0.0,
                  "Total Cost": 328162.03,
                  "Plan Rows": 5225694,
                  "Plan Width": 0,
                  "Actual Startup Time": 0.052,
                  "Actual Total Time": 641.546,
                  "Actual Rows": 4509259,
                  "Actual Loops": 7,
                  "Filter": "(person_id < 3213868)",
                  "Rows Removed by Filter": 668504
                }
              ]
            }
          ]
        }
      ]
    },
    "Planning Time": 0.165,
    "Triggers": [],
    "Execution Time": 895.963
  }
]