{
  "Plan": {
    "Node Type": "Aggregate",
    "Strategy": "Plain",
    "Partial Mode": "Finalize",
    "Parallel Aware": false,
    "Startup Cost": 19640.08,
    "Total Cost": 19640.09,
    "Plan Rows": 1,
    "Plan Width": 8,
    "Actual Startup Time": 90.949,
    "Actual Total Time": 107.586,
    "Actual Rows": 1,
    "Actual Loops": 1,
    "Plans": [
      {
        "Node Type": "Gather",
        "Parent Relationship": "Outer",
        "Parallel Aware": false,
        "Startup Cost": 19639.97,
        "Total Cost": 19640.08,
        "Plan Rows": 1,
        "Plan Width": 8,
        "Actual Startup Time": 90.818,
        "Actual Total Time": 107.58,
        "Actual Rows": 2,
        "Actual Loops": 1,
        "Workers Planned": 1,
        "Workers Launched": 1,
        "Single Copy": false,
        "Plans": [
          {
            "Node Type": "Aggregate",
            "Strategy": "Plain",
            "Partial Mode": "Partial",
            "Parent Relationship": "Outer",
            "Parallel Aware": false,
            "Startup Cost": 18639.97,
            "Total Cost": 18639.98,
            "Plan Rows": 1,
            "Plan Width": 8,
            "Actual Startup Time": 84.244,
            "Actual Total Time": 84.246,
            "Actual Rows": 1,
            "Actual Loops": 2,
            "Plans": [
              {
                "Node Type": "Nested Loop",
                "Parent Relationship": "Outer",
                "Parallel Aware": false,
                "Join Type": "Inner",
                "Startup Cost": 75.28,
                "Total Cost": 18635.89,
                "Plan Rows": 1632,
                "Plan Width": 0,
                "Actual Startup Time": 2.457,
                "Actual Total Time": 83.89,
                "Actual Rows": 3948,
                "Actual Loops": 2,
                "Inner Unique": false,
                "Plans": [
                  {
                    "Node Type": "Nested Loop",
                    "Parent Relationship": "Outer",
                    "Parallel Aware": false,
                    "Join Type": "Inner",
                    "Startup Cost": 74.72,
                    "Total Cost": 16629.57,
                    "Plan Rows": 982,
                    "Plan Width": 8,
                    "Actual Startup Time": 2.264,
                    "Actual Total Time": 16.978,
                    "Actual Rows": 1502,
                    "Actual Loops": 2,
                    "Inner Unique": true,
                    "Plans": [
                      {
                        "Node Type": "Bitmap Heap Scan",
                        "Parent Relationship": "Outer",
                        "Parallel Aware": true,
                        "Relation Name": "movie_companies",
                        "Alias": "mc",
                        "Startup Cost": 74.29,
                        "Total Cost": 8752.8,
                        "Plan Rows": 982,
                        "Plan Width": 4,
                        "Actual Startup Time": 2.126,
                        "Actual Total Time": 5.988,
                        "Actual Rows": 1502,
                        "Actual Loops": 2,
                        "Recheck Cond": "(company_id = 139)",
                        "Rows Removed by Index Recheck": 0,
                        "Filter": "(company_type_id < 2)",
                        "Rows Removed by Filter": 358,
                        "Exact Heap Blocks": 1957,
                        "Lossy Heap Blocks": 0,
                        "Plans": [
                          {
                            "Node Type": "Bitmap Index Scan",
                            "Parent Relationship": "Outer",
                            "Parallel Aware": false,
                            "Index Name": "company_id_movie_companies",
                            "Startup Cost": 0.0,
                            "Total Cost": 73.87,
                            "Plan Rows": 3392,
                            "Plan Width": 0,
                            "Actual Startup Time": 2.955,
                            "Actual Total Time": 2.955,
                            "Actual Rows": 3722,
                            "Actual Loops": 1,
                            "Index Cond": "(company_id = 139)"
                          }
                        ]
                      },
                      {
                        "Node Type": "Index Only Scan",
                        "Parent Relationship": "Inner",
                        "Parallel Aware": false,
                        "Scan Direction": "Forward",
                        "Index Name": "title_pkey",
                        "Relation Name": "title",
                        "Alias": "t",
                        "Startup Cost": 0.43,
                        "Total Cost": 8.02,
                        "Plan Rows": 1,
                        "Plan Width": 4,
                        "Actual Startup Time": 0.007,
                        "Actual Total Time": 0.007,
                        "Actual Rows": 1,
                        "Actual Loops": 3005,
                        "Index Cond": "(id = mc.movie_id)",
                        "Rows Removed by Index Recheck": 0,
                        "Heap Fetches": 3005
                      }
                    ]
                  },
                  {
                    "Node Type": "Index Scan",
                    "Parent Relationship": "Inner",
                    "Parallel Aware": false,
                    "Scan Direction": "Forward",
                    "Index Name": "movie_id_cast_info",
                    "Relation Name": "cast_info",
                    "Alias": "ci",
                    "Startup Cost": 0.56,
                    "Total Cost": 2.0,
                    "Plan Rows": 4,
                    "Plan Width": 4,
                    "Actual Startup Time": 0.016,
                    "Actual Total Time": 0.044,
                    "Actual Rows": 3,
                    "Actual Loops": 3005,
                    "Index Cond": "(movie_id = t.id)",
                    "Rows Removed by Index Recheck": 0,
                    "Filter": "((person_id < 765665) AND (role_id < 3))",
                    "Rows Removed by Filter": 15
                  }
                ]
              }
            ]
          }
        ]
      }
    ]
  },
  "Planning Time": 1.021,
  "Triggers": [],
  "Execution Time": 107.691
}