[
  {
    "Plan": {
      "Node Type": "Aggregate",
      "Strategy": "Plain",
      "Partial Mode": "Finalize",
      "Parallel Aware": false,
      "Startup Cost": 332091.93,
      "Total Cost": 332091.94,
      "Plan Rows": 1,
      "Plan Width": 8,
      "Actual Startup Time": 628.188,
      "Actual Total Time": 673.307,
      "Actual Rows": 1,
      "Actual Loops": 1,
      "Plans": [
        {
          "Node Type": "Gather",
          "Parent Relationship": "Outer",
          "Parallel Aware": false,
          "Startup Cost": 332091.3,
          "Total Cost": 332091.91,
          "Plan Rows": 6,
          "Plan Width": 8,
          "Actual Startup Time": 627.981,
          "Actual Total Time": 673.295,
          "Actual Rows": 7,
          "Actual Loops": 1,
          "Workers Planned": 6,
          "Workers Launched": 6,
          "Single Copy": false,
          "Plans": [
            {
              "Node Type": "Aggregate",
              "Strategy": "Plain",
              "Partial Mode": "Partial",
              "Parent Relationship": "Outer",
              "Parallel Aware": false,
              "Startup Cost": 331091.3,
              "Total Cost": 331091.31,
              "Plan Rows": 1,
              "Plan Width": 8,
              "Actual Startup Time": 619.745,
              "Actual Total Time": 619.747,
              "Actual Rows": 1,
              "Actual Loops": 7,
              "Plans": [
                {
                  "Node Type": "Seq Scan",
                  "Parent Relationship": "Outer",
                  "Parallel Aware": true,
                  "Relation Name": "cast_info",
                  "Alias": "ci",
                  "Startup Cost": 0.0,
                  "Total Cost": 328211.39,
                  "Plan Rows": 1151964,
                  "Plan Width": 0,
                  "Actual Startup Time": 0.048,
                  "Actual Total Time": 567.21,
                  "Actual Rows": 1006066,
                  "Actual Loops": 7,
                  "Filter": "(person_id < 679915)",
                  "Rows Removed by Filter": 4171697
                }
              ]
            }
          ]
        }
      ]
    },
    "Planning Time": 0.2,
    "Triggers": [],
    "Execution Time": 673.376
  }
]