{
  "Plan": {
    "Node Type": "Aggregate",
    "Strategy": "Plain",
    "Partial Mode": "Simple",
    "Parallel Aware": false,
    "Startup Cost": 7064441.68,
    "Total Cost": 7064441.69,
    "Plan Rows": 1,
    "Plan Width": 64,
    "Actual Startup Time": 46075.646,
    "Actual Total Time": 46183.925,
    "Actual Rows": 1,
    "Actual Loops": 1,
    "Plans": [
      {
        "Node Type": "Nested Loop",
        "Parent Relationship": "Outer",
        "Parallel Aware": false,
        "Join Type": "Inner",
        "Startup Cost": 6939550.7,
        "Total Cost": 7064392.67,
        "Plan Rows": 9801,
        "Plan Width": 32,
        "Actual Startup Time": 42321.96,
        "Actual Total Time": 45966.155,
        "Actual Rows": 2684112,
        "Actual Loops": 1,
        "Inner Unique": false,
        "Plans": [
          {
            "Node Type": "Merge Join",
            "Parent Relationship": "Outer",
            "Parallel Aware": false,
            "Join Type": "Inner",
            "Startup Cost": 6939550.27,
            "Total Cost": 7062163.8,
            "Plan Rows": 4119,
            "Plan Width": 40,
            "Actual Startup Time": 42319.593,
            "Actual Total Time": 44064.316,
            "Actual Rows": 1168534,
            "Actual Loops": 1,
            "Inner Unique": false,
            "Merge Cond": "(t.id = mi.movie_id)",
            "Plans": [
              {
                "Node Type": "Index Scan",
                "Parent Relationship": "Outer",
                "Parallel Aware": false,
                "Scan Direction": "Forward",
                "Index Name": "title_pkey",
                "Relation Name": "title",
                "Alias": "t",
                "Startup Cost": 0.43,
                "Total Cost": 116680.33,
                "Plan Rows": 2398376,
                "Plan Width": 21,
                "Actual Startup Time": 0.011,
                "Actual Total Time": 1273.006,
                "Actual Rows": 2387688,
                "Actual Loops": 1,
                "Filter": "(production_year < 2013)",
                "Rows Removed by Filter": 138023
              },
              {
                "Node Type": "Sort",
                "Parent Relationship": "Inner",
                "Parallel Aware": false,
                "Startup Cost": 6939546.57,
                "Total Cost": 6939557.42,
                "Plan Rows": 4342,
                "Plan Width": 35,
                "Actual Startup Time": 42319.297,
                "Actual Total Time": 42519.733,
                "Actual Rows": 1180843,
                "Actual Loops": 1,
                "Sort Key": [
                  "ci.movie_id"
                ],
                "Sort Method": "quicksort",
                "Sort Space Used": 141437,
                "Sort Space Type": "Memory",
                "Plans": [
                  {
                    "Node Type": "Merge Join",
                    "Parent Relationship": "Outer",
                    "Parallel Aware": false,
                    "Join Type": "Inner",
                    "Startup Cost": 6802687.54,
                    "Total Cost": 6939284.22,
                    "Plan Rows": 4342,
                    "Plan Width": 35,
                    "Actual Startup Time": 40313.246,
                    "Actual Total Time": 42133.783,
                    "Actual Rows": 1180843,
                    "Actual Loops": 1,
                    "Inner Unique": false,
                    "Merge Cond": "(chn.id = ci.person_role_id)",
                    "Plans": [
                      {
                        "Node Type": "Index Only Scan",
                        "Parent Relationship": "Outer",
                        "Parallel Aware": false,
                        "Scan Direction": "Forward",
                        "Index Name": "char_name_pkey",
                        "Relation Name": "char_name",
                        "Alias": "chn",
                        "Startup Cost": 0.43,
                        "Total Cost": 128715.58,
                        "Plan Rows": 3140252,
                        "Plan Width": 4,
                        "Actual Startup Time": 0.026,
                        "Actual Total Time": 1358.614,
                        "Actual Rows": 3139915,
                        "Actual Loops": 1,
                        "Heap Fetches": 3139915
                      },
                      {
                        "Node Type": "Sort",
                        "Parent Relationship": "Inner",
                        "Parallel Aware": false,
                        "Startup Cost": 6802686.26,
                        "Total Cost": 6802697.11,
                        "Plan Rows": 4342,
                        "Plan Width": 39,
                        "Actual Startup Time": 40313.212,
                        "Actual Total Time": 40486.785,
                        "Actual Rows": 1180844,
                        "Actual Loops": 1,
                        "Sort Key": [
                          "ci.person_role_id"
                        ],
                        "Sort Method": "quicksort",
                        "Sort Space Used": 153836,
                        "Sort Space Type": "Memory",
                        "Plans": [
                          {
                            "Node Type": "Hash Join",
                            "Parent Relationship": "Outer",
                            "Parallel Aware": false,
                            "Join Type": "Inner",
                            "Startup Cost": 6355554.1,
                            "Total Cost": 6802423.91,
                            "Plan Rows": 4342,
                            "Plan Width": 39,
                            "Actual Startup Time": 37187.701,
                            "Actual Total Time": 40099.393,
                            "Actual Rows": 1335714,
                            "Actual Loops": 1,
                            "Inner Unique": true,
                            "Hash Cond": "(ci.role_id = rt.id)",
                            "Plans": [
                              {
                                "Node Type": "Nested Loop",
                                "Parent Relationship": "Outer",
                                "Parallel Aware": false,
                                "Join Type": "Inner",
                                "Startup Cost": 6355552.94,
                                "Total Cost": 6802237.66,
                                "Plan Rows": 52110,
                                "Plan Width": 43,
                                "Actual Startup Time": 37187.624,
                                "Actual Total Time": 39927.592,
                                "Actual Rows": 1346863,
                                "Actual Loops": 1,
                                "Inner Unique": false,
                                "Join Filter": "(mi.info_type_id = it.id)",
                                "Rows Removed by Join Filter": 7816314,
                                "Plans": [
                                  {
                                    "Node Type": "Seq Scan",
                                    "Parent Relationship": "Outer",
                                    "Parallel Aware": false,
                                    "Relation Name": "info_type",
                                    "Alias": "it",
                                    "Startup Cost": 0.0,
                                    "Total Cost": 2.41,
                                    "Plan Rows": 1,
                                    "Plan Width": 4,
                                    "Actual Startup Time": 0.009,
                                    "Actual Total Time": 0.019,
                                    "Actual Rows": 1,
                                    "Actual Loops": 1,
                                    "Filter": "((info)::text = 'release dates'::text)",
                                    "Rows Removed by Filter": 112
                                  },
                                  {
                                    "Node Type": "Merge Join",
                                    "Parent Relationship": "Inner",
                                    "Parallel Aware": false,
                                    "Join Type": "Inner",
                                    "Startup Cost": 6355552.94,
                                    "Total Cost": 6728629.58,
                                    "Plan Rows": 5888453,
                                    "Plan Width": 47,
                                    "Actual Startup Time": 37187.601,
                                    "Actual Total Time": 39505.112,
                                    "Actual Rows": 9163177,
                                    "Actual Loops": 1,
                                    "Inner Unique": false,
                                    "Merge Cond": "(n.id = ci.person_id)",
                                    "Plans": [
                                      {
                                        "Node Type": "Index Scan",
                                        "Parent Relationship": "Outer",
                                        "Parallel Aware": false,
                                        "Scan Direction": "Forward",
                                        "Index Name": "name_pkey",
                                        "Relation Name": "name",
                                        "Alias": "n",
                                        "Startup Cost": 0.43,
                                        "Total Cost": 188589.67,
                                        "Plan Rows": 957802,
                                        "Plan Width": 19,
                                        "Actual Startup Time": 950.086,
                                        "Actual Total Time": 1727.391,
                                        "Actual Rows": 961555,
                                        "Actual Loops": 1,
                                        "Filter": "((gender)::text = 'f'::text)",
                                        "Rows Removed by Filter": 3205936
                                      },
                                      {
                                        "Node Type": "Sort",
                                        "Parent Relationship": "Inner",
                                        "Parallel Aware": false,
                                        "Startup Cost": 6355550.01,
                                        "Total Cost": 6419601.36,
                                        "Plan Rows": 25620540,
                                        "Plan Width": 28,
                                        "Actual Startup Time": 34156.377,
                                        "Actual Total Time": 35483.536,
                                        "Actual Rows": 33219599,
                                        "Actual Loops": 1,
                                        "Sort Key": [
                                          "ci.person_id"
                                        ],
                                        "Sort Method": "quicksort",
                                        "Sort Space Used": 3384075,
                                        "Sort Space Type": "Memory",
                                        "Plans": [
                                          {
                                            "Node Type": "Hash Join",
                                            "Parent Relationship": "Outer",
                                            "Parallel Aware": false,
                                            "Join Type": "Inner",
                                            "Startup Cost": 314403.28,
                                            "Total Cost": 3202840.39,
                                            "Plan Rows": 25620540,
                                            "Plan Width": 28,
                                            "Actual Startup Time": 3337.871,
                                            "Actual Total Time": 26226.856,
                                            "Actual Rows": 33249823,
                                            "Actual Loops": 1,
                                            "Inner Unique": true,
                                            "Hash Cond": "(mc.company_id = cn.id)",
                                            "Plans": [
                                              {
                                                "Node Type": "Hash Join",
                                                "Parent Relationship": "Outer",
                                                "Parallel Aware": false,
                                                "Join Type": "Inner",
                                                "Startup Cost": 307396.68,
                                                "Total Cost": 3011909.96,
                                                "Plan Rows": 70064958,
                                                "Plan Width": 32,
                                                "Actual Startup Time": 3271.818,
                                                "Actual Total Time": 16416.592,
                                                "Actual Rows": 107085354,
                                                "Actual Loops": 1,
                                                "Inner Unique": false,
                                                "Hash Cond": "(mi.movie_id = mc.movie_id)",
                                                "Plans": [
                                                  {
                                                    "Node Type": "Gather",
                                                    "Parent Relationship": "Outer",
                                                    "Parallel Aware": false,
                                                    "Startup Cost": 229901.27,
                                                    "Total Cost": 2111194.3,
                                                    "Plan Rows": 14008059,
                                                    "Plan Width": 24,
                                                    "Actual Startup Time": 2017.42,
                                                    "Actual Total Time": 3993.315,
                                                    "Actual Rows": 10250130,
                                                    "Actual Loops": 1,
                                                    "Workers Planned": 6,
                                                    "Workers Launched": 6,
                                                    "Single Copy": false,
                                                    "Plans": [
                                                      {
                                                        "Node Type": "Hash Join",
                                                        "Parent Relationship": "Outer",
                                                        "Parallel Aware": true,
                                                        "Join Type": "Inner",
                                                        "Startup Cost": 228901.27,
                                                        "Total Cost": 709388.4,
                                                        "Plan Rows": 2334676,
                                                        "Plan Width": 24,
                                                        "Actual Startup Time": 1956.794,
                                                        "Actual Total Time": 4314.794,
                                                        "Actual Rows": 1464304,
                                                        "Actual Loops": 7,
                                                        "Inner Unique": false,
                                                        "Hash Cond": "(ci.movie_id = mi.movie_id)",
                                                        "Plans": [
                                                          {
                                                            "Node Type": "Seq Scan",
                                                            "Parent Relationship": "Outer",
                                                            "Parallel Aware": true,
                                                            "Relation Name": "cast_info",
                                                            "Alias": "ci",
                                                            "Startup Cost": 0.0,
                                                            "Total Cost": 343331.56,
                                                            "Plan Rows": 152283,
                                                            "Plan Width": 16,
                                                            "Actual Startup Time": 0.066,
                                                            "Actual Total Time": 1423.022,
                                                            "Actual Rows": 123925,
                                                            "Actual Loops": 7,
                                                            "Filter": "(note = ANY ('{(voice),\"(voice: Japanese version)\",\"(voice) (uncredited)\",\"(voice: English version)\"}'::text[]))",
                                                            "Rows Removed by Filter": 5053838
                                                          },
                                                          {
                                                            "Node Type": "Hash",
                                                            "Parent Relationship": "Inner",
                                                            "Parallel Aware": true,
                                                            "Startup Cost": 191730.01,
                                                            "Total Cost": 191730.01,
                                                            "Plan Rows": 2973701,
                                                            "Plan Width": 8,
                                                            "Actual Startup Time": 1932.194,
                                                            "Actual Total Time": 1932.195,
                                                            "Actual Rows": 2119389,
                                                            "Actual Loops": 7,
                                                            "Hash Buckets": 16777216,
                                                            "Original Hash Buckets": 16777216,
                                                            "Hash Batches": 1,
                                                            "Original Hash Batches": 1,
                                                            "Peak Memory Usage": 711552,
                                                            "Plans": [
                                                              {
                                                                "Node Type": "Seq Scan",
                                                                "Parent Relationship": "Outer",
                                                                "Parallel Aware": true,
                                                                "Relation Name": "movie_info",
                                                                "Alias": "mi",
                                                                "Startup Cost": 0.0,
                                                                "Total Cost": 191730.01,
                                                                "Plan Rows": 2973701,
                                                                "Plan Width": 8,
                                                                "Actual Startup Time": 0.139,
                                                                "Actual Total Time": 563.551,
                                                                "Actual Rows": 2119389,
                                                                "Actual Loops": 7
                                                              }
                                                            ]
                                                          }
                                                        ]
                                                      }
                                                    ]
                                                  },
                                                  {
                                                    "Node Type": "Hash",
                                                    "Parent Relationship": "Inner",
                                                    "Parallel Aware": false,
                                                    "Startup Cost": 44881.29,
                                                    "Total Cost": 44881.29,
                                                    "Plan Rows": 2609129,
                                                    "Plan Width": 8,
                                                    "Actual Startup Time": 1225.375,
                                                    "Actual Total Time": 1225.377,
                                                    "Actual Rows": 2609129,
                                                    "Actual Loops": 1,
                                                    "Hash Buckets": 4194304,
                                                    "Original Hash Buckets": 4194304,
                                                    "Hash Batches": 1,
                                                    "Original Hash Batches": 1,
                                                    "Peak Memory Usage": 134688,
                                                    "Plans": [
                                                      {
                                                        "Node Type": "Seq Scan",
                                                        "Parent Relationship": "Outer",
                                                        "Parallel Aware": false,
                                                        "Relation Name": "movie_companies",
                                                        "Alias": "mc",
                                                        "Startup Cost": 0.0,
                                                        "Total Cost": 44881.29,
                                                        "Plan Rows": 2609129,
                                                        "Plan Width": 8,
                                                        "Actual Startup Time": 0.045,
                                                        "Actual Total Time": 434.217,
                                                        "Actual Rows": 2609129,
                                                        "Actual Loops": 1
                                                      }
                                                    ]
                                                  }
                                                ]
                                              },
                                              {
                                                "Node Type": "Hash",
                                                "Parent Relationship": "Inner",
                                                "Parallel Aware": false,
                                                "Startup Cost": 5932.46,
                                                "Total Cost": 5932.46,
                                                "Plan Rows": 85931,
                                                "Plan Width": 4,
                                                "Actual Startup Time": 65.161,
                                                "Actual Total Time": 65.161,
                                                "Actual Rows": 84843,
                                                "Actual Loops": 1,
                                                "Hash Buckets": 131072,
                                                "Original Hash Buckets": 131072,
                                                "Hash Batches": 1,
                                                "Original Hash Batches": 1,
                                                "Peak Memory Usage": 4007,
                                                "Plans": [
                                                  {
                                                    "Node Type": "Seq Scan",
                                                    "Parent Relationship": "Outer",
                                                    "Parallel Aware": false,
                                                    "Relation Name": "company_name",
                                                    "Alias": "cn",
                                                    "Startup Cost": 0.0,
                                                    "Total Cost": 5932.46,
                                                    "Plan Rows": 85931,
                                                    "Plan Width": 4,
                                                    "Actual Startup Time": 0.039,
                                                    "Actual Total Time": 43.535,
                                                    "Actual Rows": 84843,
                                                    "Actual Loops": 1,
                                                    "Filter": "((country_code)::text = '[us]'::text)",
                                                    "Rows Removed by Filter": 150154
                                                  }
                                                ]
                                              }
                                            ]
                                          }
                                        ]
                                      }
                                    ]
                                  }
                                ]
                              },
                              {
                                "Node Type": "Hash",
                                "Parent Relationship": "Inner",
                                "Parallel Aware": false,
                                "Startup Cost": 1.15,
                                "Total Cost": 1.15,
                                "Plan Rows": 1,
                                "Plan Width": 4,
                                "Actual Startup Time": 0.023,
                                "Actual Total Time": 0.024,
                                "Actual Rows": 1,
                                "Actual Loops": 1,
                                "Hash Buckets": 1024,
                                "Original Hash Buckets": 1024,
                                "Hash Batches": 1,
                                "Original Hash Batches": 1,
                                "Peak Memory Usage": 9,
                                "Plans": [
                                  {
                                    "Node Type": "Seq Scan",
                                    "Parent Relationship": "Outer",
                                    "Parallel Aware": false,
                                    "Relation Name": "role_type",
                                    "Alias": "rt",
                                    "Startup Cost": 0.0,
                                    "Total Cost": 1.15,
                                    "Plan Rows": 1,
                                    "Plan Width": 4,
                                    "Actual Startup Time": 0.013,
                                    "Actual Total Time": 0.015,
                                    "Actual Rows": 1,
                                    "Actual Loops": 1,
                                    "Filter": "((role)::text = 'actress'::text)",
                                    "Rows Removed by Filter": 11
                                  }
                                ]
                              }
                            ]
                          }
                        ]
                      }
                    ]
                  }
                ]
              }
            ]
          },
          {
            "Node Type": "Index Only Scan",
            "Parent Relationship": "Inner",
            "Parallel Aware": false,
            "Scan Direction": "Forward",
            "Index Name": "person_id_aka_name",
            "Relation Name": "aka_name",
            "Alias": "an",
            "Startup Cost": 0.42,
            "Total Cost": 0.52,
            "Plan Rows": 2,
            "Plan Width": 4,
            "Actual Startup Time": 0.001,
            "Actual Total Time": 0.001,
            "Actual Rows": 2,
            "Actual Loops": 1168534,
            "Index Cond": "(person_id = n.id)",
            "Rows Removed by Index Recheck": 0,
            "Heap Fetches": 2684112
          }
        ]
      }
    ]
  },
  "Planning Time": 33.324,
  "Triggers": [],
  "Execution Time": 46425.38
}