{
  "Plan": {
    "Node Type": "Aggregate",
    "Strategy": "Plain",
    "Partial Mode": "Finalize",
    "Parallel Aware": false,
    "Startup Cost": 985162.41,
    "Total Cost": 985162.42,
    "Plan Rows": 1,
    "Plan Width": 64,
    "Actual Startup Time": 20476.241,
    "Actual Total Time": 21458.501,
    "Actual Rows": 1,
    "Actual Loops": 1,
    "Plans": [
      {
        "Node Type": "Gather",
        "Parent Relationship": "Outer",
        "Parallel Aware": false,
        "Startup Cost": 985161.98,
        "Total Cost": 985162.39,
        "Plan Rows": 4,
        "Plan Width": 64,
        "Actual Startup Time": 19162.772,
        "Actual Total Time": 21458.459,
        "Actual Rows": 5,
        "Actual Loops": 1,
        "Workers Planned": 4,
        "Workers Launched": 4,
        "Single Copy": false,
        "Plans": [
          {
            "Node Type": "Aggregate",
            "Strategy": "Plain",
            "Partial Mode": "Partial",
            "Parent Relationship": "Outer",
            "Parallel Aware": false,
            "Startup Cost": 984161.98,
            "Total Cost": 984161.99,
            "Plan Rows": 1,
            "Plan Width": 64,
            "Actual Startup Time": 19360.454,
            "Actual Total Time": 19360.487,
            "Actual Rows": 1,
            "Actual Loops": 5,
            "Plans": [
              {
                "Node Type": "Hash Join",
                "Parent Relationship": "Outer",
                "Parallel Aware": false,
                "Join Type": "Inner",
                "Startup Cost": 721866.3,
                "Total Cost": 984149.56,
                "Plan Rows": 2483,
                "Plan Width": 32,
                "Actual Startup Time": 15980.693,
                "Actual Total Time": 19306.756,
                "Actual Rows": 536822,
                "Actual Loops": 5,
                "Inner Unique": true,
                "Hash Cond": "(mi.info_type_id = it.id)",
                "Plans": [
                  {
                    "Node Type": "Hash Join",
                    "Parent Relationship": "Outer",
                    "Parallel Aware": true,
                    "Join Type": "Inner",
                    "Startup Cost": 721863.88,
                    "Total Cost": 983383.02,
                    "Plan Rows": 280572,
                    "Plan Width": 36,
                    "Actual Startup Time": 15980.11,
                    "Actual Total Time": 19029.82,
                    "Actual Rows": 3677640,
                    "Actual Loops": 5,
                    "Inner Unique": true,
                    "Hash Cond": "(mc.company_id = cn.id)",
                    "Plans": [
                      {
                        "Node Type": "Hash Join",
                        "Parent Relationship": "Outer",
                        "Parallel Aware": true,
                        "Join Type": "Inner",
                        "Startup Cost": 716516.48,
                        "Total Cost": 975997.68,
                        "Plan Rows": 776345,
                        "Plan Width": 40,
                        "Actual Startup Time": 15955.69,
                        "Actual Total Time": 17806.807,
                        "Actual Rows": 10490401,
                        "Actual Loops": 5,
                        "Inner Unique": false,
                        "Hash Cond": "(t.id = mi.movie_id)",
                        "Plans": [
                          {
                            "Node Type": "Seq Scan",
                            "Parent Relationship": "Outer",
                            "Parallel Aware": true,
                            "Relation Name": "title",
                            "Alias": "t",
                            "Startup Cost": 0.0,
                            "Total Cost": 43898.97,
                            "Plan Rows": 596598,
                            "Plan Width": 21,
                            "Actual Startup Time": 0.049,
                            "Actual Total Time": 166.439,
                            "Actual Rows": 477775,
                            "Actual Loops": 5,
                            "Filter": "(production_year < 2013)",
                            "Rows Removed by Filter": 27887
                          },
                          {
                            "Node Type": "Hash",
                            "Parent Relationship": "Inner",
                            "Parallel Aware": true,
                            "Startup Cost": 708291.35,
                            "Total Cost": 708291.35,
                            "Plan Rows": 658011,
                            "Plan Width": 35,
                            "Actual Startup Time": 15949.391,
                            "Actual Total Time": 15949.417,
                            "Actual Rows": 10532756,
                            "Actual Loops": 5,
                            "Hash Buckets": 67108864,
                            "Original Hash Buckets": 4194304,
                            "Hash Batches": 1,
                            "Original Hash Batches": 1,
                            "Peak Memory Usage": 4713664,
                            "Plans": [
                              {
                                "Node Type": "Hash Join",
                                "Parent Relationship": "Outer",
                                "Parallel Aware": true,
                                "Join Type": "Inner",
                                "Startup Cost": 504388.99,
                                "Total Cost": 708291.35,
                                "Plan Rows": 658011,
                                "Plan Width": 35,
                                "Actual Startup Time": 3049.449,
                                "Actual Total Time": 5920.959,
                                "Actual Rows": 10532756,
                                "Actual Loops": 5,
                                "Inner Unique": false,
                                "Hash Cond": "(mi.movie_id = mc.movie_id)",
                                "Plans": [
                                  {
                                    "Node Type": "Seq Scan",
                                    "Parent Relationship": "Outer",
                                    "Parallel Aware": true,
                                    "Relation Name": "movie_info",
                                    "Alias": "mi",
                                    "Startup Cost": 0.0,
                                    "Total Cost": 191674.94,
                                    "Plan Rows": 2968194,
                                    "Plan Width": 8,
                                    "Actual Startup Time": 0.053,
                                    "Actual Total Time": 589.038,
                                    "Actual Rows": 2967144,
                                    "Actual Loops": 5
                                  },
                                  {
                                    "Node Type": "Hash",
                                    "Parent Relationship": "Inner",
                                    "Parallel Aware": true,
                                    "Startup Cost": 504164.24,
                                    "Total Cost": 504164.24,
                                    "Plan Rows": 17980,
                                    "Plan Width": 27,
                                    "Actual Startup Time": 3048.112,
                                    "Actual Total Time": 3048.135,
                                    "Actual Rows": 181989,
                                    "Actual Loops": 5,
                                    "Hash Buckets": 1048576,
                                    "Original Hash Buckets": 131072,
                                    "Hash Batches": 1,
                                    "Original Hash Batches": 1,
                                    "Peak Memory Usage": 72160,
                                    "Plans": [
                                      {
                                        "Node Type": "Nested Loop",
                                        "Parent Relationship": "Outer",
                                        "Parallel Aware": false,
                                        "Join Type": "Inner",
                                        "Startup Cost": 143658.34,
                                        "Total Cost": 504164.24,
                                        "Plan Rows": 17980,
                                        "Plan Width": 27,
                                        "Actual Startup Time": 1508.565,
                                        "Actual Total Time": 2881.042,
                                        "Actual Rows": 181989,
                                        "Actual Loops": 5,
                                        "Inner Unique": false,
                                        "Plans": [
                                          {
                                            "Node Type": "Hash Join",
                                            "Parent Relationship": "Outer",
                                            "Parallel Aware": false,
                                            "Join Type": "Inner",
                                            "Startup Cost": 143657.91,
                                            "Total Cost": 499495.44,
                                            "Plan Rows": 6713,
                                            "Plan Width": 19,
                                            "Actual Startup Time": 1508.381,
                                            "Actual Total Time": 2551.034,
                                            "Actual Rows": 96568,
                                            "Actual Loops": 5,
                                            "Inner Unique": true,
                                            "Hash Cond": "(ci.role_id = rt.id)",
                                            "Plans": [
                                              {
                                                "Node Type": "Hash Join",
                                                "Parent Relationship": "Outer",
                                                "Parallel Aware": true,
                                                "Join Type": "Inner",
                                                "Startup Cost": 143656.75,
                                                "Total Cost": 499208.14,
                                                "Plan Rows": 80553,
                                                "Plan Width": 23,
                                                "Actual Startup Time": 1508.221,
                                                "Actual Total Time": 2533.224,
                                                "Actual Rows": 96568,
                                                "Actual Loops": 5,
                                                "Inner Unique": true,
                                                "Hash Cond": "(ci.person_id = n.id)",
                                                "Plans": [
                                                  {
                                                    "Node Type": "Hash Join",
                                                    "Parent Relationship": "Outer",
                                                    "Parallel Aware": true,
                                                    "Join Type": "Inner",
                                                    "Startup Cost": 72050.42,
                                                    "Total Cost": 426674.66,
                                                    "Plan Rows": 353200,
                                                    "Plan Width": 16,
                                                    "Actual Startup Time": 580.777,
                                                    "Actual Total Time": 2150.483,
                                                    "Actual Rows": 346453,
                                                    "Actual Loops": 5,
                                                    "Inner Unique": true,
                                                    "Hash Cond": "(ci.person_role_id = chn.id)",
                                                    "Plans": [
                                                      {
                                                        "Node Type": "Hash Join",
                                                        "Parent Relationship": "Outer",
                                                        "Parallel Aware": true,
                                                        "Join Type": "Inner",
                                                        "Startup Cost": 17938.01,
                                                        "Total Cost": 371635.1,
                                                        "Plan Rows": 353200,
                                                        "Plan Width": 20,
                                                        "Actual Startup Time": 113.391,
                                                        "Actual Total Time": 1585.427,
                                                        "Actual Rows": 361321,
                                                        "Actual Loops": 5,
                                                        "Inner Unique": false,
                                                        "Hash Cond": "(ci.person_id = an.person_id)",
                                                        "Plans": [
                                                          {
                                                            "Node Type": "Seq Scan",
                                                            "Parent Relationship": "Outer",
                                                            "Parallel Aware": true,
                                                            "Relation Name": "cast_info",
                                                            "Alias": "ci",
                                                            "Startup Cost": 0.0,
                                                            "Total Cost": 343341.24,
                                                            "Plan Rows": 147464,
                                                            "Plan Width": 16,
                                                            "Actual Startup Time": 0.048,
                                                            "Actual Total Time": 1396.789,
                                                            "Actual Rows": 173495,
                                                            "Actual Loops": 5,
                                                            "Filter": "(note = ANY ('{(voice),\"(voice: Japanese version)\",\"(voice) (uncredited)\",\"(voice: English version)\"}'::text[]))",
                                                            "Rows Removed by Filter": 7075373
                                                          },
                                                          {
                                                            "Node Type": "Hash",
                                                            "Parent Relationship": "Inner",
                                                            "Parallel Aware": true,
                                                            "Startup Cost": 14303.56,
                                                            "Total Cost": 14303.56,
                                                            "Plan Rows": 290756,
                                                            "Plan Width": 4,
                                                            "Actual Startup Time": 112.141,
                                                            "Actual Total Time": 112.142,
                                                            "Actual Rows": 180269,
                                                            "Actual Loops": 5,
                                                            "Hash Buckets": 1048576,
                                                            "Original Hash Buckets": 1048576,
                                                            "Hash Batches": 1,
                                                            "Original Hash Batches": 1,
                                                            "Peak Memory Usage": 43552,
                                                            "Plans": [
                                                              {
                                                                "Node Type": "Seq Scan",
                                                                "Parent Relationship": "Outer",
                                                                "Parallel Aware": true,
                                                                "Relation Name": "aka_name",
                                                                "Alias": "an",
                                                                "Startup Cost": 0.0,
                                                                "Total Cost": 14303.56,
                                                                "Plan Rows": 290756,
                                                                "Plan Width": 4,
                                                                "Actual Startup Time": 0.027,
                                                                "Actual Total Time": 44.646,
                                                                "Actual Rows": 180269,
                                                                "Actual Loops": 5
                                                              }
                                                            ]
                                                          }
                                                        ]
                                                      },
                                                      {
                                                        "Node Type": "Hash",
                                                        "Parent Relationship": "Inner",
                                                        "Parallel Aware": true,
                                                        "Startup Cost": 44298.85,
                                                        "Total Cost": 44298.85,
                                                        "Plan Rows": 785085,
                                                        "Plan Width": 4,
                                                        "Actual Startup Time": 460.896,
                                                        "Actual Total Time": 460.898,
                                                        "Actual Rows": 628068,
                                                        "Actual Loops": 5,
                                                        "Hash Buckets": 4194304,
                                                        "Original Hash Buckets": 4194304,
                                                        "Hash Batches": 1,
                                                        "Original Hash Batches": 1,
                                                        "Peak Memory Usage": 155680,
                                                        "Plans": [
                                                          {
                                                            "Node Type": "Seq Scan",
                                                            "Parent Relationship": "Outer",
                                                            "Parallel Aware": true,
                                                            "Relation Name": "char_name",
                                                            "Alias": "chn",
                                                            "Startup Cost": 0.0,
                                                            "Total Cost": 44298.85,
                                                            "Plan Rows": 785085,
                                                            "Plan Width": 4,
                                                            "Actual Startup Time": 0.047,
                                                            "Actual Total Time": 144.728,
                                                            "Actual Rows": 628068,
                                                            "Actual Loops": 5
                                                          }
                                                        ]
                                                      }
                                                    ]
                                                  },
                                                  {
                                                    "Node Type": "Hash",
                                                    "Parent Relationship": "Inner",
                                                    "Parallel Aware": true,
                                                    "Startup Cost": 68636.18,
                                                    "Total Cost": 68636.18,
                                                    "Plan Rows": 237612,
                                                    "Plan Width": 19,
                                                    "Actual Startup Time": 335.288,
                                                    "Actual Total Time": 335.289,
                                                    "Actual Rows": 192311,
                                                    "Actual Loops": 5,
                                                    "Hash Buckets": 1048576,
                                                    "Original Hash Buckets": 1048576,
                                                    "Hash Batches": 1,
                                                    "Original Hash Batches": 1,
                                                    "Peak Memory Usage": 60608,
                                                    "Plans": [
                                                      {
                                                        "Node Type": "Seq Scan",
                                                        "Parent Relationship": "Outer",
                                                        "Parallel Aware": true,
                                                        "Relation Name": "name",
                                                        "Alias": "n",
                                                        "Startup Cost": 0.0,
                                                        "Total Cost": 68636.18,
                                                        "Plan Rows": 237612,
                                                        "Plan Width": 19,
                                                        "Actual Startup Time": 104.779,
                                                        "Actual Total Time": 224.577,
                                                        "Actual Rows": 192311,
                                                        "Actual Loops": 5,
                                                        "Filter": "((gender)::text = 'f'::text)",
                                                        "Rows Removed by Filter": 641187
                                                      }
                                                    ]
                                                  }
                                                ]
                                              },
                                              {
                                                "Node Type": "Hash",
                                                "Parent Relationship": "Inner",
                                                "Parallel Aware": false,
                                                "Startup Cost": 1.15,
                                                "Total Cost": 1.15,
                                                "Plan Rows": 1,
                                                "Plan Width": 4,
                                                "Actual Startup Time": 0.113,
                                                "Actual Total Time": 0.114,
                                                "Actual Rows": 1,
                                                "Actual Loops": 5,
                                                "Hash Buckets": 1024,
                                                "Original Hash Buckets": 1024,
                                                "Hash Batches": 1,
                                                "Original Hash Batches": 1,
                                                "Peak Memory Usage": 9,
                                                "Plans": [
                                                  {
                                                    "Node Type": "Seq Scan",
                                                    "Parent Relationship": "Outer",
                                                    "Parallel Aware": false,
                                                    "Relation Name": "role_type",
                                                    "Alias": "rt",
                                                    "Startup Cost": 0.0,
                                                    "Total Cost": 1.15,
                                                    "Plan Rows": 1,
                                                    "Plan Width": 4,
                                                    "Actual Startup Time": 0.086,
                                                    "Actual Total Time": 0.095,
                                                    "Actual Rows": 1,
                                                    "Actual Loops": 5,
                                                    "Filter": "((role)::text = 'actress'::text)",
                                                    "Rows Removed by Filter": 11
                                                  }
                                                ]
                                              }
                                            ]
                                          },
                                          {
                                            "Node Type": "Index Scan",
                                            "Parent Relationship": "Inner",
                                            "Parallel Aware": false,
                                            "Scan Direction": "Forward",
                                            "Index Name": "movie_id_movie_companies",
                                            "Relation Name": "movie_companies",
                                            "Alias": "mc",
                                            "Startup Cost": 0.43,
                                            "Total Cost": 0.65,
                                            "Plan Rows": 5,
                                            "Plan Width": 8,
                                            "Actual Startup Time": 0.002,
                                            "Actual Total Time": 0.003,
                                            "Actual Rows": 2,
                                            "Actual Loops": 482841,
                                            "Index Cond": "(movie_id = ci.movie_id)",
                                            "Rows Removed by Index Recheck": 0
                                          }
                                        ]
                                      }
                                    ]
                                  }
                                ]
                              }
                            ]
                          }
                        ]
                      },
                      {
                        "Node Type": "Hash",
                        "Parent Relationship": "Inner",
                        "Parallel Aware": true,
                        "Startup Cost": 4722.92,
                        "Total Cost": 4722.92,
                        "Plan Rows": 49958,
                        "Plan Width": 4,
                        "Actual Startup Time": 23.843,
                        "Actual Total Time": 23.844,
                        "Actual Rows": 16969,
                        "Actual Loops": 5,
                        "Hash Buckets": 131072,
                        "Original Hash Buckets": 131072,
                        "Hash Batches": 1,
                        "Original Hash Batches": 1,
                        "Peak Memory Usage": 4448,
                        "Plans": [
                          {
                            "Node Type": "Seq Scan",
                            "Parent Relationship": "Outer",
                            "Parallel Aware": true,
                            "Relation Name": "company_name",
                            "Alias": "cn",
                            "Startup Cost": 0.0,
                            "Total Cost": 4722.92,
                            "Plan Rows": 49958,
                            "Plan Width": 4,
                            "Actual Startup Time": 0.065,
                            "Actual Total Time": 16.489,
                            "Actual Rows": 16969,
                            "Actual Loops": 5,
                            "Filter": "((country_code)::text = '[us]'::text)",
                            "Rows Removed by Filter": 30031
                          }
                        ]
                      }
                    ]
                  },
                  {
                    "Node Type": "Hash",
                    "Parent Relationship": "Inner",
                    "Parallel Aware": false,
                    "Startup Cost": 2.41,
                    "Total Cost": 2.41,
                    "Plan Rows": 1,
                    "Plan Width": 4,
                    "Actual Startup Time": 0.136,
                    "Actual Total Time": 0.136,
                    "Actual Rows": 1,
                    "Actual Loops": 5,
                    "Hash Buckets": 1024,
                    "Original Hash Buckets": 1024,
                    "Hash Batches": 1,
                    "Original Hash Batches": 1,
                    "Peak Memory Usage": 9,
                    "Plans": [
                      {
                        "Node Type": "Seq Scan",
                        "Parent Relationship": "Outer",
                        "Parallel Aware": false,
                        "Relation Name": "info_type",
                        "Alias": "it",
                        "Startup Cost": 0.0,
                        "Total Cost": 2.41,
                        "Plan Rows": 1,
                        "Plan Width": 4,
                        "Actual Startup Time": 0.094,
                        "Actual Total Time": 0.112,
                        "Actual Rows": 1,
                        "Actual Loops": 5,
                        "Filter": "((info)::text = 'release dates'::text)",
                        "Rows Removed by Filter": 112
                      }
                    ]
                  }
                ]
              }
            ]
          }
        ]
      }
    ]
  },
  "Planning Time": 8.474,
  "Triggers": [],
  "Execution Time": 21458.716
}