[
  {
    "Plan": {
      "Node Type": "Aggregate",
      "Strategy": "Plain",
      "Partial Mode": "Simple",
      "Parallel Aware": false,
      "Startup Cost": 3135.19,
      "Total Cost": 3135.2,
      "Plan Rows": 1,
      "Plan Width": 8,
      "Actual Startup Time": 3.423,
      "Actual Total Time": 3.428,
      "Actual Rows": 1,
      "Actual Loops": 1,
      "Plans": [
        {
          "Node Type": "Nested Loop",
          "Parent Relationship": "Outer",
          "Parallel Aware": false,
          "Join Type": "Inner",
          "Startup Cost": 7.35,
          "Total Cost": 3135.14,
          "Plan Rows": 22,
          "Plan Width": 0,
          "Actual Startup Time": 0.77,
          "Actual Total Time": 3.393,
          "Actual Rows": 118,
          "Actual Loops": 1,
          "Inner Unique": false,
          "Plans": [
            {
              "Node Type": "Nested Loop",
              "Parent Relationship": "Outer",
              "Parallel Aware": false,
              "Join Type": "Inner",
              "Startup Cost": 6.78,
              "Total Cost": 3007.2,
              "Plan Rows": 4,
              "Plan Width": 8,
              "Actual Startup Time": 0.454,
              "Actual Total Time": 1.455,
              "Actual Rows": 13,
              "Actual Loops": 1,
              "Inner Unique": true,
              "Plans": [
                {
                  "Node Type": "Bitmap Heap Scan",
                  "Parent Relationship": "Outer",
                  "Parallel Aware": false,
                  "Relation Name": "movie_keyword",
                  "Alias": "mk",
                  "Startup Cost": 6.35,
                  "Total Cost": 922.98,
                  "Plan Rows": 248,
                  "Plan Width": 4,
                  "Actual Startup Time": 0.206,
                  "Actual Total Time": 0.47,
                  "Actual Rows": 71,
                  "Actual Loops": 1,
                  "Recheck Cond": "(keyword_id = 8198)",
                  "Rows Removed by Index Recheck": 0,
                  "Exact Heap Blocks": 68,
                  "Lossy Heap Blocks": 0,
                  "Plans": [
                    {
                      "Node Type": "Bitmap Index Scan",
                      "Parent Relationship": "Outer",
                      "Parallel Aware": false,
                      "Index Name": "keyword_id_movie_keyword",
                      "Startup Cost": 0.0,
                      "Total Cost": 6.29,
                      "Plan Rows": 248,
                      "Plan Width": 0,
                      "Actual Startup Time": 0.173,
                      "Actual Total Time": 0.174,
                      "Actual Rows": 71,
                      "Actual Loops": 1,
                      "Index Cond": "(keyword_id = 8198)"
                    }
                  ]
                },
                {
                  "Node Type": "Index Scan",
                  "Parent Relationship": "Inner",
                  "Parallel Aware": false,
                  "Scan Direction": "Forward",
                  "Index Name": "title_pkey",
                  "Relation Name": "title",
                  "Alias": "t",
                  "Startup Cost": 0.43,
                  "Total Cost": 8.4,
                  "Plan Rows": 1,
                  "Plan Width": 4,
                  "Actual Startup Time": 0.013,
                  "Actual Total Time": 0.013,
                  "Actual Rows": 0,
                  "Actual Loops": 71,
                  "Index Cond": "(id = mk.movie_id)",
                  "Rows Removed by Index Recheck": 0,
                  "Filter": "((production_year < 1942) AND (kind_id = 1))",
                  "Rows Removed by Filter": 1
                }
              ]
            },
            {
              "Node Type": "Index Scan",
              "Parent Relationship": "Inner",
              "Parallel Aware": false,
              "Scan Direction": "Forward",
              "Index Name": "movie_id_cast_info",
              "Relation Name": "cast_info",
              "Alias": "ci",
              "Startup Cost": 0.56,
              "Total Cost": 31.83,
              "Plan Rows": 15,
              "Plan Width": 4,
              "Actual Startup Time": 0.109,
              "Actual Total Time": 0.145,
              "Actual Rows": 9,
              "Actual Loops": 13,
              "Index Cond": "(movie_id = t.id)",
              "Rows Removed by Index Recheck": 0,
              "Filter": "((person_id > 298268) AND (role_id > 2))",
              "Rows Removed by Filter": 26
            }
          ]
        }
      ]
    },
    "Planning Time": 1.452,
    "Triggers": [],
    "Execution Time": 3.526
  }
]