{
    "Plan": {
        "Node Type": "Aggregate",
        "Strategy": "Plain",
        "Partial Mode": "Finalize",
        "Parallel Aware": false,
        "Startup Cost": 102151.03,
        "Total Cost": 102151.04,
        "Plan Rows": 1,
        "Plan Width": 8,
        "Actual Startup Time": 961.776,
        "Actual Total Time": 979.654,
        "Actual Rows": 1,
        "Actual Loops": 1,
        "Output": [
            "count(*)"
        ],
        "Plans": [
            {
                "Node Type": "Gather",
                "Parent Relationship": "Outer",
                "Parallel Aware": false,
                "Startup Cost": 102150.81,
                "Total Cost": 102151.02,
                "Plan Rows": 2,
                "Plan Width": 8,
                "Actual Startup Time": 951.397,
                "Actual Total Time": 979.644,
                "Actual Rows": 3,
                "Actual Loops": 1,
                "Output": [
                    "(PARTIAL count(*))"
                ],
                "Workers Planned": 2,
                "Workers Launched": 2,
                "Single Copy": false,
                "Plans": [
                    {
                        "Node Type": "Aggregate",
                        "Strategy": "Plain",
                        "Partial Mode": "Partial",
                        "Parent Relationship": "Outer",
                        "Parallel Aware": false,
                        "Startup Cost": 101150.81,
                        "Total Cost": 101150.82,
                        "Plan Rows": 1,
                        "Plan Width": 8,
                        "Actual Startup Time": 941.426,
                        "Actual Total Time": 942.354,
                        "Actual Rows": 1,
                        "Actual Loops": 3,
                        "Output": [
                            "PARTIAL count(*)"
                        ],
                        "Workers": [
                            {
                                "Worker Number": 0,
                                "Actual Startup Time": 936.04,
                                "Actual Total Time": 936.046,
                                "Actual Rows": 1,
                                "Actual Loops": 1
                            },
                            {
                                "Worker Number": 1,
                                "Actual Startup Time": 937.564,
                                "Actual Total Time": 937.57,
                                "Actual Rows": 1,
                                "Actual Loops": 1
                            }
                        ],
                        "Plans": [
                            {
                                "Node Type": "Hash Join",
                                "Parent Relationship": "Outer",
                                "Parallel Aware": true,
                                "Join Type": "Inner",
                                "Startup Cost": 83994.96,
                                "Total Cost": 100493.61,
                                "Plan Rows": 262880,
                                "Plan Width": 0,
                                "Actual Startup Time": 752.661,
                                "Actual Total Time": 916.193,
                                "Actual Rows": 666290,
                                "Actual Loops": 3,
                                "Inner Unique": false,
                                "Hash Cond": "(mi_idx.movie_id = t.id)",
                                "Workers": [
                                    {
                                        "Worker Number": 0,
                                        "Actual Startup Time": 747.791,
                                        "Actual Total Time": 911.424,
                                        "Actual Rows": 608353,
                                        "Actual Loops": 1
                                    },
                                    {
                                        "Worker Number": 1,
                                        "Actual Startup Time": 747.654,
                                        "Actual Total Time": 911.611,
                                        "Actual Rows": 687099,
                                        "Actual Loops": 1
                                    }
                                ],
                                "Plans": [
                                    {
                                        "Node Type": "Seq Scan",
                                        "Parent Relationship": "Outer",
                                        "Parallel Aware": true,
                                        "Relation Name": "movie_info_idx",
                                        "Schema": "public",
                                        "Alias": "mi_idx",
                                        "Startup Cost": 0.0,
                                        "Total Cost": 13685.15,
                                        "Plan Rows": 575015,
                                        "Plan Width": 4,
                                        "Actual Startup Time": 0.016,
                                        "Actual Total Time": 35.234,
                                        "Actual Rows": 460012,
                                        "Actual Loops": 3,
                                        "Output": [
                                            "mi_idx.id",
                                            "mi_idx.movie_id",
                                            "mi_idx.info_type_id",
                                            "mi_idx.info",
                                            "mi_idx.note"
                                        ],
                                        "Workers": [
                                            {
                                                "Worker Number": 0,
                                                "Actual Startup Time": 0.014,
                                                "Actual Total Time": 37.141,
                                                "Actual Rows": 417539,
                                                "Actual Loops": 1
                                            },
                                            {
                                                "Worker Number": 1,
                                                "Actual Startup Time": 0.022,
                                                "Actual Total Time": 36.375,
                                                "Actual Rows": 475680,
                                                "Actual Loops": 1
                                            }
                                        ]
                                    },
                                    {
                                        "Node Type": "Hash",
                                        "Parent Relationship": "Inner",
                                        "Parallel Aware": true,
                                        "Startup Cost": 80382.85,
                                        "Total Cost": 80382.85,
                                        "Plan Rows": 288969,
                                        "Plan Width": 8,
                                        "Actual Startup Time": 742.764,
                                        "Actual Total Time": 743.691,
                                        "Actual Rows": 384553,
                                        "Actual Loops": 3,
                                        "Output": [
                                            "t.id",
                                            "mc.movie_id"
                                        ],
                                        "Hash Buckets": 2097152,
                                        "Original Hash Buckets": 2097152,
                                        "Hash Batches": 1,
                                        "Original Hash Batches": 1,
                                        "Peak Memory Usage": 61568,
                                        "Workers": [
                                            {
                                                "Worker Number": 0,
                                                "Actual Startup Time": 747.013,
                                                "Actual Total Time": 747.018,
                                                "Actual Rows": 337894,
                                                "Actual Loops": 1
                                            },
                                            {
                                                "Worker Number": 1,
                                                "Actual Startup Time": 747.018,
                                                "Actual Total Time": 747.022,
                                                "Actual Rows": 391744,
                                                "Actual Loops": 1
                                            }
                                        ],
                                        "Plans": [
                                            {
                                                "Node Type": "Hash Join",
                                                "Parent Relationship": "Outer",
                                                "Parallel Aware": true,
                                                "Join Type": "Inner",
                                                "Startup Cost": 33971.48,
                                                "Total Cost": 80382.85,
                                                "Plan Rows": 288969,
                                                "Plan Width": 8,
                                                "Actual Startup Time": 218.548,
                                                "Actual Total Time": 630.548,
                                                "Actual Rows": 384553,
                                                "Actual Loops": 3,
                                                "Output": [
                                                    "t.id",
                                                    "mc.movie_id"
                                                ],
                                                "Inner Unique": false,
                                                "Hash Cond": "(t.id = mc.movie_id)",
                                                "Workers": [
                                                    {
                                                        "Worker Number": 0,
                                                        "Actual Startup Time": 218.49,
                                                        "Actual Total Time": 632.777,
                                                        "Actual Rows": 337894,
                                                        "Actual Loops": 1
                                                    },
                                                    {
                                                        "Worker Number": 1,
                                                        "Actual Startup Time": 218.485,
                                                        "Actual Total Time": 629.238,
                                                        "Actual Rows": 391744,
                                                        "Actual Loops": 1
                                                    }
                                                ],
                                                "Plans": [
                                                    {
                                                        "Node Type": "Seq Scan",
                                                        "Parent Relationship": "Outer",
                                                        "Parallel Aware": true,
                                                        "Relation Name": "title",
                                                        "Schema": "public",
                                                        "Alias": "t",
                                                        "Startup Cost": 0.0,
                                                        "Total Cost": 42318.81,
                                                        "Plan Rows": 632080,
                                                        "Plan Width": 4,
                                                        "Actual Startup Time": 0.017,
                                                        "Actual Total Time": 99.202,
                                                        "Actual Rows": 842771,
                                                        "Actual Loops": 3,
                                                        "Output": [
                                                            "t.id",
                                                            "t.title",
                                                            "t.imdb_index",
                                                            "t.kind_id",
                                                            "t.production_year",
                                                            "t.imdb_id",
                                                            "t.phonetic_code",
                                                            "t.episode_of_id",
                                                            "t.season_nr",
                                                            "t.episode_nr",
                                                            "t.series_years",
                                                            "t.md5sum"
                                                        ],
                                                        "Workers": [
                                                            {
                                                                "Worker Number": 0,
                                                                "Actual Startup Time": 0.026,
                                                                "Actual Total Time": 105.362,
                                                                "Actual Rows": 738817,
                                                                "Actual Loops": 1
                                                            },
                                                            {
                                                                "Worker Number": 1,
                                                                "Actual Startup Time": 0.021,
                                                                "Actual Total Time": 106.416,
                                                                "Actual Rows": 856273,
                                                                "Actual Loops": 1
                                                            }
                                                        ]
                                                    },
                                                    {
                                                        "Node Type": "Hash",
                                                        "Parent Relationship": "Inner",
                                                        "Parallel Aware": true,
                                                        "Startup Cost": 29310.68,
                                                        "Total Cost": 29310.68,
                                                        "Plan Rows": 372864,
                                                        "Plan Width": 4,
                                                        "Actual Startup Time": 213.642,
                                                        "Actual Total Time": 213.643,
                                                        "Actual Rows": 384553,
                                                        "Actual Loops": 3,
                                                        "Output": [
                                                            "mc.movie_id"
                                                        ],
                                                        "Hash Buckets": 2097152,
                                                        "Original Hash Buckets": 2097152,
                                                        "Hash Batches": 1,
                                                        "Original Hash Batches": 1,
                                                        "Peak Memory Usage": 61568,
                                                        "Workers": [
                                                            {
                                                                "Worker Number": 0,
                                                                "Actual Startup Time": 218.387,
                                                                "Actual Total Time": 218.388,
                                                                "Actual Rows": 325027,
                                                                "Actual Loops": 1
                                                            },
                                                            {
                                                                "Worker Number": 1,
                                                                "Actual Startup Time": 218.418,
                                                                "Actual Total Time": 218.419,
                                                                "Actual Rows": 349980,
                                                                "Actual Loops": 1
                                                            }
                                                        ],
                                                        "Plans": [
                                                            {
                                                                "Node Type": "Seq Scan",
                                                                "Parent Relationship": "Outer",
                                                                "Parallel Aware": true,
                                                                "Relation Name": "movie_companies",
                                                                "Schema": "public",
                                                                "Alias": "mc",
                                                                "Startup Cost": 0.0,
                                                                "Total Cost": 29310.68,
                                                                "Plan Rows": 372864,
                                                                "Plan Width": 4,
                                                                "Actual Startup Time": 0.044,
                                                                "Actual Total Time": 93.582,
                                                                "Actual Rows": 384553,
                                                                "Actual Loops": 3,
                                                                "Output": [
                                                                    "mc.movie_id"
                                                                ],
                                                                "Filter": "(mc.company_id < 9152)",
                                                                "Rows Removed by Filter": 485157,
                                                                "Workers": [
                                                                    {
                                                                        "Worker Number": 0,
                                                                        "Actual Startup Time": 0.057,
                                                                        "Actual Total Time": 93.849,
                                                                        "Actual Rows": 325027,
                                                                        "Actual Loops": 1
                                                                    },
                                                                    {
                                                                        "Worker Number": 1,
                                                                        "Actual Startup Time": 0.057,
                                                                        "Actual Total Time": 96.966,
                                                                        "Actual Rows": 349980,
                                                                        "Actual Loops": 1
                                                                    }
                                                                ]
                                                            }
                                                        ]
                                                    }
                                                ]
                                            }
                                        ]
                                    }
                                ]
                            }
                        ]
                    }
                ]
            }
        ]
    },
    "Planning Time": 1.466,
    "Triggers": [],
    "Execution Time": 979.738
}