[
  {
    "Plan": {
      "Node Type": "Aggregate",
      "Strategy": "Plain",
      "Partial Mode": "Finalize",
      "Parallel Aware": false,
      "Startup Cost": 62208.96,
      "Total Cost": 62208.97,
      "Plan Rows": 1,
      "Plan Width": 8,
      "Actual Startup Time": 196.879,
      "Actual Total Time": 210.199,
      "Actual Rows": 1,
      "Actual Loops": 1,
      "Plans": [
        {
          "Node Type": "Gather",
          "Parent Relationship": "Outer",
          "Parallel Aware": false,
          "Startup Cost": 62208.75,
          "Total Cost": 62208.96,
          "Plan Rows": 2,
          "Plan Width": 8,
          "Actual Startup Time": 196.609,
          "Actual Total Time": 210.192,
          "Actual Rows": 3,
          "Actual Loops": 1,
          "Workers Planned": 2,
          "Workers Launched": 2,
          "Single Copy": false,
          "Plans": [
            {
              "Node Type": "Aggregate",
              "Strategy": "Plain",
              "Partial Mode": "Partial",
              "Parent Relationship": "Outer",
              "Parallel Aware": false,
              "Startup Cost": 61208.75,
              "Total Cost": 61208.76,
              "Plan Rows": 1,
              "Plan Width": 8,
              "Actual Startup Time": 189.902,
              "Actual Total Time": 189.906,
              "Actual Rows": 1,
              "Actual Loops": 3,
              "Plans": [
                {
                  "Node Type": "Hash Join",
                  "Parent Relationship": "Outer",
                  "Parallel Aware": true,
                  "Join Type": "Inner",
                  "Startup Cost": 45582.61,
                  "Total Cost": 61202.54,
                  "Plan Rows": 2482,
                  "Plan Width": 0,
                  "Actual Startup Time": 154.016,
                  "Actual Total Time": 189.684,
                  "Actual Rows": 4355,
                  "Actual Loops": 3,
                  "Inner Unique": true,
                  "Hash Cond": "(mi_idx.movie_id = t.id)",
                  "Plans": [
                    {
                      "Node Type": "Seq Scan",
                      "Parent Relationship": "Outer",
                      "Parallel Aware": true,
                      "Relation Name": "movie_info_idx",
                      "Alias": "mi_idx",
                      "Startup Cost": 0.0,
                      "Total Cost": 15122.68,
                      "Plan Rows": 189429,
                      "Plan Width": 4,
                      "Actual Startup Time": 0.024,
                      "Actual Total Time": 36.626,
                      "Actual Rows": 153308,
                      "Actual Loops": 3,
                      "Filter": "(info_type_id = 99)",
                      "Rows Removed by Filter": 306703
                    },
                    {
                      "Node Type": "Hash",
                      "Parent Relationship": "Inner",
                      "Parallel Aware": true,
                      "Startup Cost": 45479.1,
                      "Total Cost": 45479.1,
                      "Plan Rows": 8281,
                      "Plan Width": 4,
                      "Actual Startup Time": 127.353,
                      "Actual Total Time": 127.354,
                      "Actual Rows": 42616,
                      "Actual Loops": 3,
                      "Hash Buckets": 131072,
                      "Original Hash Buckets": 65536,
                      "Hash Batches": 1,
                      "Original Hash Batches": 1,
                      "Peak Memory Usage": 6592,
                      "Plans": [
                        {
                          "Node Type": "Seq Scan",
                          "Parent Relationship": "Outer",
                          "Parallel Aware": true,
                          "Relation Name": "title",
                          "Alias": "t",
                          "Startup Cost": 0.0,
                          "Total Cost": 45479.1,
                          "Plan Rows": 8281,
                          "Plan Width": 4,
                          "Actual Startup Time": 68.101,
                          "Actual Total Time": 113.205,
                          "Actual Rows": 42616,
                          "Actual Loops": 3,
                          "Filter": "((kind_id < 2) AND (production_year < 1935))",
                          "Rows Removed by Filter": 800155
                        }
                      ]
                    }
                  ]
                }
              ]
            }
          ]
        }
      ]
    },
    "Planning Time": 0.681,
    "Triggers": [],
    "Execution Time": 210.268
  }
]