{
    "Plan": {
        "Node Type": "Aggregate",
        "Strategy": "Plain",
        "Partial Mode": "Simple",
        "Parallel Aware": false,
        "Startup Cost": 40000795480.66,
        "Total Cost": 40000795480.67,
        "Plan Rows": 1,
        "Plan Width": 96,
        "Actual Startup Time": 29417.79,
        "Actual Total Time": 29421.094,
        "Actual Rows": 1,
        "Actual Loops": 1,
        "Output": [
            "min(cn.name)",
            "min(mi_idx.info)",
            "min(t.title)"
        ],
        "Plans": [
            {
                "Node Type": "Nested Loop",
                "Parent Relationship": "Outer",
                "Parallel Aware": false,
                "Join Type": "Inner",
                "Startup Cost": 40000795306.82,
                "Total Cost": 40000795480.65,
                "Plan Rows": 1,
                "Plan Width": 41,
                "Actual Startup Time": 13751.343,
                "Actual Total Time": 29406.909,
                "Actual Rows": 25779,
                "Actual Loops": 1,
                "Output": [
                    "cn.name",
                    "mi_idx.info",
                    "t.title"
                ],
                "Inner Unique": true,
                "Plans": [
                    {
                        "Node Type": "Merge Join",
                        "Parent Relationship": "Outer",
                        "Parallel Aware": false,
                        "Join Type": "Inner",
                        "Startup Cost": 30000795306.39,
                        "Total Cost": 30000795319.0,
                        "Plan Rows": 36,
                        "Plan Width": 45,
                        "Actual Startup Time": 13749.38,
                        "Actual Total Time": 14928.288,
                        "Actual Rows": 2948697,
                        "Actual Loops": 1,
                        "Output": [
                            "cn.name",
                            "mi_idx.info",
                            "mk.keyword_id",
                            "t.title"
                        ],
                        "Inner Unique": false,
                        "Merge Cond": "(ct.id = mc.company_type_id)",
                        "Plans": [
                            {
                                "Node Type": "Index Scan",
                                "Parent Relationship": "Outer",
                                "Parallel Aware": false,
                                "Scan Direction": "Forward",
                                "Index Name": "company_type_pkey",
                                "Relation Name": "company_type",
                                "Schema": "public",
                                "Alias": "ct",
                                "Startup Cost": 0.13,
                                "Total Cost": 12.19,
                                "Plan Rows": 4,
                                "Plan Width": 4,
                                "Actual Startup Time": 0.008,
                                "Actual Total Time": 0.022,
                                "Actual Rows": 2,
                                "Actual Loops": 1,
                                "Output": [
                                    "ct.id",
                                    "ct.kind"
                                ]
                            },
                            {
                                "Node Type": "Sort",
                                "Parent Relationship": "Inner",
                                "Parallel Aware": false,
                                "Startup Cost": 30000795306.26,
                                "Total Cost": 30000795306.35,
                                "Plan Rows": 36,
                                "Plan Width": 49,
                                "Actual Startup Time": 13749.365,
                                "Actual Total Time": 14333.176,
                                "Actual Rows": 2948697,
                                "Actual Loops": 1,
                                "Output": [
                                    "cn.name",
                                    "mc.company_type_id",
                                    "mi_idx.info",
                                    "mk.keyword_id",
                                    "t.title"
                                ],
                                "Sort Key": [
                                    "mc.company_type_id"
                                ],
                                "Sort Method": "quicksort",
                                "Sort Space Used": 425570,
                                "Sort Space Type": "Memory",
                                "Plans": [
                                    {
                                        "Node Type": "Hash Join",
                                        "Parent Relationship": "Outer",
                                        "Parallel Aware": false,
                                        "Join Type": "Inner",
                                        "Startup Cost": 30000784170.59,
                                        "Total Cost": 30000795305.33,
                                        "Plan Rows": 36,
                                        "Plan Width": 49,
                                        "Actual Startup Time": 12689.034,
                                        "Actual Total Time": 13076.884,
                                        "Actual Rows": 2948697,
                                        "Actual Loops": 1,
                                        "Output": [
                                            "cn.name",
                                            "mc.company_type_id",
                                            "mi_idx.info",
                                            "mk.keyword_id",
                                            "t.title"
                                        ],
                                        "Inner Unique": false,
                                        "Hash Cond": "(cn.id = mc.company_id)",
                                        "Plans": [
                                            {
                                                "Node Type": "Seq Scan",
                                                "Parent Relationship": "Outer",
                                                "Parallel Aware": false,
                                                "Relation Name": "company_name",
                                                "Schema": "public",
                                                "Alias": "cn",
                                                "Startup Cost": 0.0,
                                                "Total Cost": 5932.46,
                                                "Plan Rows": 126107,
                                                "Plan Width": 23,
                                                "Actual Startup Time": 0.022,
                                                "Actual Total Time": 30.009,
                                                "Actual Rows": 126230,
                                                "Actual Loops": 1,
                                                "Output": [
                                                    "cn.id",
                                                    "cn.name",
                                                    "cn.country_code",
                                                    "cn.imdb_id",
                                                    "cn.name_pcode_nf",
                                                    "cn.name_pcode_sf",
                                                    "cn.md5sum"
                                                ],
                                                "Filter": "((cn.country_code)::text <> '[us]'::text)",
                                                "Rows Removed by Filter": 108767
                                            },
                                            {
                                                "Node Type": "Hash",
                                                "Parent Relationship": "Inner",
                                                "Parallel Aware": false,
                                                "Startup Cost": 30000784169.74,
                                                "Total Cost": 30000784169.74,
                                                "Plan Rows": 68,
                                                "Plan Width": 34,
                                                "Actual Startup Time": 12688.962,
                                                "Actual Total Time": 12692.256,
                                                "Actual Rows": 3124277,
                                                "Actual Loops": 1,
                                                "Output": [
                                                    "mc.company_type_id",
                                                    "mc.company_id",
                                                    "mi_idx.info",
                                                    "mk.keyword_id",
                                                    "t.title"
                                                ],
                                                "Hash Buckets": 4194304,
                                                "Original Hash Buckets": 1024,
                                                "Hash Batches": 1,
                                                "Original Hash Batches": 1,
                                                "Peak Memory Usage": 227897,
                                                "Plans": [
                                                    {
                                                        "Node Type": "Merge Join",
                                                        "Parent Relationship": "Outer",
                                                        "Parallel Aware": false,
                                                        "Join Type": "Inner",
                                                        "Startup Cost": 30000618311.44,
                                                        "Total Cost": 30000784169.74,
                                                        "Plan Rows": 68,
                                                        "Plan Width": 34,
                                                        "Actual Startup Time": 3745.41,
                                                        "Actual Total Time": 12118.69,
                                                        "Actual Rows": 3124277,
                                                        "Actual Loops": 1,
                                                        "Output": [
                                                            "mc.company_type_id",
                                                            "mc.company_id",
                                                            "mi_idx.info",
                                                            "mk.keyword_id",
                                                            "t.title"
                                                        ],
                                                        "Inner Unique": false,
                                                        "Merge Cond": "(mc.movie_id = t.id)",
                                                        "Plans": [
                                                            {
                                                                "Node Type": "Sort",
                                                                "Parent Relationship": "Outer",
                                                                "Parallel Aware": false,
                                                                "Startup Cost": 100039.06,
                                                                "Total Cost": 100411.21,
                                                                "Plan Rows": 148857,
                                                                "Plan Width": 12,
                                                                "Actual Startup Time": 381.322,
                                                                "Actual Total Time": 398.868,
                                                                "Actual Rows": 303270,
                                                                "Actual Loops": 1,
                                                                "Output": [
                                                                    "mc.movie_id",
                                                                    "mc.company_type_id",
                                                                    "mc.company_id"
                                                                ],
                                                                "Sort Key": [
                                                                    "mc.movie_id"
                                                                ],
                                                                "Sort Method": "quicksort",
                                                                "Sort Space Used": 26504,
                                                                "Sort Space Type": "Memory",
                                                                "Plans": [
                                                                    {
                                                                        "Node Type": "Gather",
                                                                        "Parent Relationship": "Outer",
                                                                        "Parallel Aware": false,
                                                                        "Startup Cost": 1000.43,
                                                                        "Total Cost": 87249.59,
                                                                        "Plan Rows": 148857,
                                                                        "Plan Width": 12,
                                                                        "Actual Startup Time": 0.56,
                                                                        "Actual Total Time": 304.184,
                                                                        "Actual Rows": 303271,
                                                                        "Actual Loops": 1,
                                                                        "Output": [
                                                                            "mc.movie_id",
                                                                            "mc.company_type_id",
                                                                            "mc.company_id"
                                                                        ],
                                                                        "Workers Planned": 3,
                                                                        "Workers Launched": 3,
                                                                        "Single Copy": false,
                                                                        "Plans": [
                                                                            {
                                                                                "Node Type": "Index Scan",
                                                                                "Parent Relationship": "Outer",
                                                                                "Parallel Aware": true,
                                                                                "Scan Direction": "Forward",
                                                                                "Index Name": "company_type_id_movie_companies",
                                                                                "Relation Name": "movie_companies",
                                                                                "Schema": "public",
                                                                                "Alias": "mc",
                                                                                "Startup Cost": 0.43,
                                                                                "Total Cost": 71363.89,
                                                                                "Plan Rows": 48018,
                                                                                "Plan Width": 12,
                                                                                "Actual Startup Time": 0.654,
                                                                                "Actual Total Time": 278.593,
                                                                                "Actual Rows": 75818,
                                                                                "Actual Loops": 4,
                                                                                "Output": [
                                                                                    "mc.movie_id",
                                                                                    "mc.company_type_id",
                                                                                    "mc.company_id"
                                                                                ],
                                                                                "Filter": "((mc.note !~~ '%(USA)%'::text) AND (mc.note ~~ '%(200%)%'::text))",
                                                                                "Rows Removed by Filter": 576464,
                                                                                "Workers": [
                                                                                    {
                                                                                        "Worker Number": 0,
                                                                                        "Actual Startup Time": 0.898,
                                                                                        "Actual Total Time": 284.641,
                                                                                        "Actual Rows": 73896,
                                                                                        "Actual Loops": 1
                                                                                    },
                                                                                    {
                                                                                        "Worker Number": 1,
                                                                                        "Actual Startup Time": 0.297,
                                                                                        "Actual Total Time": 298.52,
                                                                                        "Actual Rows": 80274,
                                                                                        "Actual Loops": 1
                                                                                    },
                                                                                    {
                                                                                        "Worker Number": 2,
                                                                                        "Actual Startup Time": 1.348,
                                                                                        "Actual Total Time": 298.609,
                                                                                        "Actual Rows": 79285,
                                                                                        "Actual Loops": 1
                                                                                    }
                                                                                ]
                                                                            }
                                                                        ]
                                                                    }
                                                                ]
                                                            },
                                                            {
                                                                "Node Type": "Materialize",
                                                                "Parent Relationship": "Inner",
                                                                "Parallel Aware": false,
                                                                "Startup Cost": 30000518272.38,
                                                                "Total Cost": 30000683385.71,
                                                                "Plan Rows": 223,
                                                                "Plan Width": 42,
                                                                "Actual Startup Time": 3363.062,
                                                                "Actual Total Time": 11265.205,
                                                                "Actual Rows": 3287241,
                                                                "Actual Loops": 1,
                                                                "Output": [
                                                                    "mi.movie_id",
                                                                    "mi_idx.info",
                                                                    "mi_idx.movie_id",
                                                                    "mk.movie_id",
                                                                    "mk.keyword_id",
                                                                    "t.title",
                                                                    "t.id"
                                                                ],
                                                                "Plans": [
                                                                    {
                                                                        "Node Type": "Nested Loop",
                                                                        "Parent Relationship": "Outer",
                                                                        "Parallel Aware": false,
                                                                        "Join Type": "Inner",
                                                                        "Startup Cost": 30000518272.38,
                                                                        "Total Cost": 30000683385.15,
                                                                        "Plan Rows": 223,
                                                                        "Plan Width": 42,
                                                                        "Actual Startup Time": 3363.049,
                                                                        "Actual Total Time": 10955.067,
                                                                        "Actual Rows": 438148,
                                                                        "Actual Loops": 1,
                                                                        "Output": [
                                                                            "mi.movie_id",
                                                                            "mi_idx.info",
                                                                            "mi_idx.movie_id",
                                                                            "mk.movie_id",
                                                                            "mk.keyword_id",
                                                                            "t.title",
                                                                            "t.id"
                                                                        ],
                                                                        "Inner Unique": true,
                                                                        "Plans": [
                                                                            {
                                                                                "Node Type": "Merge Join",
                                                                                "Parent Relationship": "Outer",
                                                                                "Parallel Aware": false,
                                                                                "Join Type": "Inner",
                                                                                "Startup Cost": 20000518272.23,
                                                                                "Total Cost": 20000578385.12,
                                                                                "Plan Rows": 25208,
                                                                                "Plan Width": 46,
                                                                                "Actual Startup Time": 3362.841,
                                                                                "Actual Total Time": 4362.657,
                                                                                "Actual Rows": 1716617,
                                                                                "Actual Loops": 1,
                                                                                "Output": [
                                                                                    "mi.movie_id",
                                                                                    "mi_idx.info",
                                                                                    "mi_idx.movie_id",
                                                                                    "mi_idx.info_type_id",
                                                                                    "mk.movie_id",
                                                                                    "mk.keyword_id",
                                                                                    "t.title",
                                                                                    "t.id"
                                                                                ],
                                                                                "Inner Unique": false,
                                                                                "Merge Cond": "(mi_idx.movie_id = t.id)",
                                                                                "Plans": [
                                                                                    {
                                                                                        "Node Type": "Index Scan",
                                                                                        "Parent Relationship": "Outer",
                                                                                        "Parallel Aware": false,
                                                                                        "Scan Direction": "Forward",
                                                                                        "Index Name": "movie_id_movie_info_idx",
                                                                                        "Relation Name": "movie_info_idx",
                                                                                        "Schema": "public",
                                                                                        "Alias": "mi_idx",
                                                                                        "Startup Cost": 0.43,
                                                                                        "Total Cost": 57080.9,
                                                                                        "Plan Rows": 1172563,
                                                                                        "Plan Width": 13,
                                                                                        "Actual Startup Time": 0.029,
                                                                                        "Actual Total Time": 319.267,
                                                                                        "Actual Rows": 1172944,
                                                                                        "Actual Loops": 1,
                                                                                        "Output": [
                                                                                            "mi_idx.id",
                                                                                            "mi_idx.movie_id",
                                                                                            "mi_idx.info_type_id",
                                                                                            "mi_idx.info",
                                                                                            "mi_idx.note"
                                                                                        ],
                                                                                        "Filter": "(mi_idx.info < '7.0'::text)",
                                                                                        "Rows Removed by Filter": 207071
                                                                                    },
                                                                                    {
                                                                                        "Node Type": "Sort",
                                                                                        "Parent Relationship": "Inner",
                                                                                        "Parallel Aware": false,
                                                                                        "Startup Cost": 20000518271.79,
                                                                                        "Total Cost": 20000518298.01,
                                                                                        "Plan Rows": 10487,
                                                                                        "Plan Width": 33,
                                                                                        "Actual Startup Time": 3362.793,
                                                                                        "Actual Total Time": 3636.274,
                                                                                        "Actual Rows": 1829595,
                                                                                        "Actual Loops": 1,
                                                                                        "Output": [
                                                                                            "mi.movie_id",
                                                                                            "mk.movie_id",
                                                                                            "mk.keyword_id",
                                                                                            "t.title",
                                                                                            "t.id"
                                                                                        ],
                                                                                        "Sort Key": [
                                                                                            "mi.movie_id"
                                                                                        ],
                                                                                        "Sort Method": "quicksort",
                                                                                        "Sort Space Used": 90394,
                                                                                        "Sort Space Type": "Memory",
                                                                                        "Plans": [
                                                                                            {
                                                                                                "Node Type": "Merge Join",
                                                                                                "Parent Relationship": "Outer",
                                                                                                "Parallel Aware": false,
                                                                                                "Join Type": "Inner",
                                                                                                "Startup Cost": 20000516662.19,
                                                                                                "Total Cost": 20000517571.46,
                                                                                                "Plan Rows": 10487,
                                                                                                "Plan Width": 33,
                                                                                                "Actual Startup Time": 3084.177,
                                                                                                "Actual Total Time": 3208.653,
                                                                                                "Actual Rows": 800012,
                                                                                                "Actual Loops": 1,
                                                                                                "Output": [
                                                                                                    "mi.movie_id",
                                                                                                    "mk.movie_id",
                                                                                                    "mk.keyword_id",
                                                                                                    "t.title",
                                                                                                    "t.id"
                                                                                                ],
                                                                                                "Inner Unique": false,
                                                                                                "Merge Cond": "(it1.id = mi.info_type_id)",
                                                                                                "Plans": [
                                                                                                    {
                                                                                                        "Node Type": "Index Scan",
                                                                                                        "Parent Relationship": "Outer",
                                                                                                        "Parallel Aware": false,
                                                                                                        "Scan Direction": "Forward",
                                                                                                        "Index Name": "info_type_pkey",
                                                                                                        "Relation Name": "info_type",
                                                                                                        "Schema": "public",
                                                                                                        "Alias": "it1",
                                                                                                        "Startup Cost": 10000000000.14,
                                                                                                        "Total Cost": 10000000014.12,
                                                                                                        "Plan Rows": 1,
                                                                                                        "Plan Width": 4,
                                                                                                        "Actual Startup Time": 0.013,
                                                                                                        "Actual Total Time": 0.038,
                                                                                                        "Actual Rows": 1,
                                                                                                        "Actual Loops": 1,
                                                                                                        "Output": [
                                                                                                            "it1.id",
                                                                                                            "it1.info"
                                                                                                        ],
                                                                                                        "Filter": "((it1.info)::text = 'countries'::text)",
                                                                                                        "Rows Removed by Filter": 112
                                                                                                    },
                                                                                                    {
                                                                                                        "Node Type": "Sort",
                                                                                                        "Parent Relationship": "Inner",
                                                                                                        "Parallel Aware": false,
                                                                                                        "Startup Cost": 10000516662.04,
                                                                                                        "Total Cost": 10000517101.9,
                                                                                                        "Plan Rows": 175944,
                                                                                                        "Plan Width": 37,
                                                                                                        "Actual Startup Time": 3074.162,
                                                                                                        "Actual Total Time": 3110.444,
                                                                                                        "Actual Rows": 865737,
                                                                                                        "Actual Loops": 1,
                                                                                                        "Output": [
                                                                                                            "t.title",
                                                                                                            "t.id",
                                                                                                            "mi.movie_id",
                                                                                                            "mi.info_type_id",
                                                                                                            "mk.movie_id",
                                                                                                            "mk.keyword_id"
                                                                                                        ],
                                                                                                        "Sort Key": [
                                                                                                            "mi.info_type_id"
                                                                                                        ],
                                                                                                        "Sort Method": "quicksort",
                                                                                                        "Sort Space Used": 100101,
                                                                                                        "Sort Space Type": "Memory",
                                                                                                        "Plans": [
                                                                                                            {
                                                                                                                "Node Type": "Gather",
                                                                                                                "Parent Relationship": "Outer",
                                                                                                                "Parallel Aware": false,
                                                                                                                "Startup Cost": 10000439105.41,
                                                                                                                "Total Cost": 10000501333.14,
                                                                                                                "Plan Rows": 175944,
                                                                                                                "Plan Width": 37,
                                                                                                                "Actual Startup Time": 2694.953,
                                                                                                                "Actual Total Time": 2975.934,
                                                                                                                "Actual Rows": 895786,
                                                                                                                "Actual Loops": 1,
                                                                                                                "Output": [
                                                                                                                    "t.title",
                                                                                                                    "t.id",
                                                                                                                    "mi.movie_id",
                                                                                                                    "mi.info_type_id",
                                                                                                                    "mk.movie_id",
                                                                                                                    "mk.keyword_id"
                                                                                                                ],
                                                                                                                "Workers Planned": 3,
                                                                                                                "Workers Launched": 3,
                                                                                                                "Single Copy": false,
                                                                                                                "Plans": [
                                                                                                                    {
                                                                                                                        "Node Type": "Hash Join",
                                                                                                                        "Parent Relationship": "Outer",
                                                                                                                        "Parallel Aware": true,
                                                                                                                        "Join Type": "Inner",
                                                                                                                        "Startup Cost": 10000438105.41,
                                                                                                                        "Total Cost": 10000482738.74,
                                                                                                                        "Plan Rows": 56756,
                                                                                                                        "Plan Width": 37,
                                                                                                                        "Actual Startup Time": 2689.378,
                                                                                                                        "Actual Total Time": 2925.106,
                                                                                                                        "Actual Rows": 223946,
                                                                                                                        "Actual Loops": 4,
                                                                                                                        "Output": [
                                                                                                                            "t.title",
                                                                                                                            "t.id",
                                                                                                                            "mi.movie_id",
                                                                                                                            "mi.info_type_id",
                                                                                                                            "mk.movie_id",
                                                                                                                            "mk.keyword_id"
                                                                                                                        ],
                                                                                                                        "Inner Unique": false,
                                                                                                                        "Hash Cond": "(mk.movie_id = t.id)",
                                                                                                                        "Workers": [
                                                                                                                            {
                                                                                                                                "Worker Number": 0,
                                                                                                                                "Actual Startup Time": 2686.709,
                                                                                                                                "Actual Total Time": 2935.359,
                                                                                                                                "Actual Rows": 250825,
                                                                                                                                "Actual Loops": 1
                                                                                                                            },
                                                                                                                            {
                                                                                                                                "Worker Number": 1,
                                                                                                                                "Actual Startup Time": 2688.205,
                                                                                                                                "Actual Total Time": 2972.078,
                                                                                                                                "Actual Rows": 239819,
                                                                                                                                "Actual Loops": 1
                                                                                                                            },
                                                                                                                            {
                                                                                                                                "Worker Number": 2,
                                                                                                                                "Actual Startup Time": 2688.364,
                                                                                                                                "Actual Total Time": 2968.012,
                                                                                                                                "Actual Rows": 289450,
                                                                                                                                "Actual Loops": 1
                                                                                                                            }
                                                                                                                        ],
                                                                                                                        "Plans": [
                                                                                                                            {
                                                                                                                                "Node Type": "Seq Scan",
                                                                                                                                "Parent Relationship": "Outer",
                                                                                                                                "Parallel Aware": true,
                                                                                                                                "Relation Name": "movie_keyword",
                                                                                                                                "Schema": "public",
                                                                                                                                "Alias": "mk",
                                                                                                                                "Startup Cost": 10000000000.0,
                                                                                                                                "Total Cost": 10000039047.32,
                                                                                                                                "Plan Rows": 1459332,
                                                                                                                                "Plan Width": 8,
                                                                                                                                "Actual Startup Time": 0.026,
                                                                                                                                "Actual Total Time": 97.632,
                                                                                                                                "Actual Rows": 1130982,
                                                                                                                                "Actual Loops": 4,
                                                                                                                                "Output": [
                                                                                                                                    "mk.id",
                                                                                                                                    "mk.movie_id",
                                                                                                                                    "mk.keyword_id"
                                                                                                                                ],
                                                                                                                                "Workers": [
                                                                                                                                    {
                                                                                                                                        "Worker Number": 0,
                                                                                                                                        "Actual Startup Time": 0.029,
                                                                                                                                        "Actual Total Time": 105.967,
                                                                                                                                        "Actual Rows": 1231360,
                                                                                                                                        "Actual Loops": 1
                                                                                                                                    },
                                                                                                                                    {
                                                                                                                                        "Worker Number": 1,
                                                                                                                                        "Actual Startup Time": 0.017,
                                                                                                                                        "Actual Total Time": 117.956,
                                                                                                                                        "Actual Rows": 1187270,
                                                                                                                                        "Actual Loops": 1
                                                                                                                                    },
                                                                                                                                    {
                                                                                                                                        "Worker Number": 2,
                                                                                                                                        "Actual Startup Time": 0.031,
                                                                                                                                        "Actual Total Time": 115.636,
                                                                                                                                        "Actual Rows": 1388425,
                                                                                                                                        "Actual Loops": 1
                                                                                                                                    }
                                                                                                                                ]
                                                                                                                            },
                                                                                                                            {
                                                                                                                                "Node Type": "Hash",
                                                                                                                                "Parent Relationship": "Inner",
                                                                                                                                "Parallel Aware": true,
                                                                                                                                "Startup Cost": 437859.58,
                                                                                                                                "Total Cost": 437859.58,
                                                                                                                                "Plan Rows": 19666,
                                                                                                                                "Plan Width": 29,
                                                                                                                                "Actual Startup Time": 2687.929,
                                                                                                                                "Actual Total Time": 2687.936,
                                                                                                                                "Actual Rows": 54626,
                                                                                                                                "Actual Loops": 4,
                                                                                                                                "Output": [
                                                                                                                                    "t.title",
                                                                                                                                    "t.id",
                                                                                                                                    "mi.movie_id",
                                                                                                                                    "mi.info_type_id"
                                                                                                                                ],
                                                                                                                                "Hash Buckets": 262144,
                                                                                                                                "Original Hash Buckets": 131072,
                                                                                                                                "Hash Batches": 1,
                                                                                                                                "Original Hash Batches": 1,
                                                                                                                                "Peak Memory Usage": 16896,
                                                                                                                                "Workers": [
                                                                                                                                    {
                                                                                                                                        "Worker Number": 0,
                                                                                                                                        "Actual Startup Time": 2686.222,
                                                                                                                                        "Actual Total Time": 2686.226,
                                                                                                                                        "Actual Rows": 51665,
                                                                                                                                        "Actual Loops": 1
                                                                                                                                    },
                                                                                                                                    {
                                                                                                                                        "Worker Number": 1,
                                                                                                                                        "Actual Startup Time": 2687.489,
                                                                                                                                        "Actual Total Time": 2687.493,
                                                                                                                                        "Actual Rows": 52202,
                                                                                                                                        "Actual Loops": 1
                                                                                                                                    },
                                                                                                                                    {
                                                                                                                                        "Worker Number": 2,
                                                                                                                                        "Actual Startup Time": 2687.751,
                                                                                                                                        "Actual Total Time": 2687.755,
                                                                                                                                        "Actual Rows": 51105,
                                                                                                                                        "Actual Loops": 1
                                                                                                                                    }
                                                                                                                                ],
                                                                                                                                "Plans": [
                                                                                                                                    {
                                                                                                                                        "Node Type": "Nested Loop",
                                                                                                                                        "Parent Relationship": "Outer",
                                                                                                                                        "Parallel Aware": false,
                                                                                                                                        "Join Type": "Inner",
                                                                                                                                        "Startup Cost": 419413.77,
                                                                                                                                        "Total Cost": 437859.58,
                                                                                                                                        "Plan Rows": 19666,
                                                                                                                                        "Plan Width": 29,
                                                                                                                                        "Actual Startup Time": 1981.197,
                                                                                                                                        "Actual Total Time": 2443.759,
                                                                                                                                        "Actual Rows": 54626,
                                                                                                                                        "Actual Loops": 4,
                                                                                                                                        "Output": [
                                                                                                                                            "t.title",
                                                                                                                                            "t.id",
                                                                                                                                            "mi.movie_id",
                                                                                                                                            "mi.info_type_id"
                                                                                                                                        ],
                                                                                                                                        "Inner Unique": true,
                                                                                                                                        "Workers": [
                                                                                                                                            {
                                                                                                                                                "Worker Number": 0,
                                                                                                                                                "Actual Startup Time": 2120.382,
                                                                                                                                                "Actual Total Time": 2641.498,
                                                                                                                                                "Actual Rows": 51665,
                                                                                                                                                "Actual Loops": 1
                                                                                                                                            },
                                                                                                                                            {
                                                                                                                                                "Worker Number": 1,
                                                                                                                                                "Actual Startup Time": 2117.46,
                                                                                                                                                "Actual Total Time": 2655.512,
                                                                                                                                                "Actual Rows": 52202,
                                                                                                                                                "Actual Loops": 1
                                                                                                                                            },
                                                                                                                                            {
                                                                                                                                                "Worker Number": 2,
                                                                                                                                                "Actual Startup Time": 1913.673,
                                                                                                                                                "Actual Total Time": 2311.518,
                                                                                                                                                "Actual Rows": 51105,
                                                                                                                                                "Actual Loops": 1
                                                                                                                                            }
                                                                                                                                        ],
                                                                                                                                        "Plans": [
                                                                                                                                            {
                                                                                                                                                "Node Type": "Merge Join",
                                                                                                                                                "Parent Relationship": "Outer",
                                                                                                                                                "Parallel Aware": false,
                                                                                                                                                "Join Type": "Inner",
                                                                                                                                                "Startup Cost": 419413.64,
                                                                                                                                                "Total Cost": 427362.11,
                                                                                                                                                "Plan Rows": 68832,
                                                                                                                                                "Plan Width": 33,
                                                                                                                                                "Actual Startup Time": 1981.083,
                                                                                                                                                "Actual Total Time": 2349.149,
                                                                                                                                                "Actual Rows": 83637,
                                                                                                                                                "Actual Loops": 4,
                                                                                                                                                "Output": [
                                                                                                                                                    "mi.movie_id",
                                                                                                                                                    "mi.info_type_id",
                                                                                                                                                    "t.title",
                                                                                                                                                    "t.kind_id",
                                                                                                                                                    "t.id"
                                                                                                                                                ],
                                                                                                                                                "Inner Unique": false,
                                                                                                                                                "Merge Cond": "(mi.movie_id = t.id)",
                                                                                                                                                "Workers": [
                                                                                                                                                    {
                                                                                                                                                        "Worker Number": 0,
                                                                                                                                                        "Actual Startup Time": 2120.241,
                                                                                                                                                        "Actual Total Time": 2537.584,
                                                                                                                                                        "Actual Rows": 79567,
                                                                                                                                                        "Actual Loops": 1
                                                                                                                                                    },
                                                                                                                                                    {
                                                                                                                                                        "Worker Number": 1,
                                                                                                                                                        "Actual Startup Time": 2117.309,
                                                                                                                                                        "Actual Total Time": 2535.125,
                                                                                                                                                        "Actual Rows": 79968,
                                                                                                                                                        "Actual Loops": 1
                                                                                                                                                    },
                                                                                                                                                    {
                                                                                                                                                        "Worker Number": 2,
                                                                                                                                                        "Actual Startup Time": 1913.544,
                                                                                                                                                        "Actual Total Time": 2239.42,
                                                                                                                                                        "Actual Rows": 78695,
                                                                                                                                                        "Actual Loops": 1
                                                                                                                                                    }
                                                                                                                                                ],
                                                                                                                                                "Plans": [
                                                                                                                                                    {
                                                                                                                                                        "Node Type": "Sort",
                                                                                                                                                        "Parent Relationship": "Outer",
                                                                                                                                                        "Parallel Aware": false,
                                                                                                                                                        "Startup Cost": 217456.5,
                                                                                                                                                        "Total Cost": 217785.72,
                                                                                                                                                        "Plan Rows": 131691,
                                                                                                                                                        "Plan Width": 8,
                                                                                                                                                        "Actual Startup Time": 964.693,
                                                                                                                                                        "Actual Total Time": 975.227,
                                                                                                                                                        "Actual Rows": 167334,
                                                                                                                                                        "Actual Loops": 4,
                                                                                                                                                        "Output": [
                                                                                                                                                            "mi.movie_id",
                                                                                                                                                            "mi.info_type_id"
                                                                                                                                                        ],
                                                                                                                                                        "Sort Key": [
                                                                                                                                                            "mi.movie_id"
                                                                                                                                                        ],
                                                                                                                                                        "Sort Method": "quicksort",
                                                                                                                                                        "Sort Space Used": 15248,
                                                                                                                                                        "Sort Space Type": "Memory",
                                                                                                                                                        "Workers": [
                                                                                                                                                            {
                                                                                                                                                                "Worker Number": 0,
                                                                                                                                                                "Actual Startup Time": 961.752,
                                                                                                                                                                "Actual Total Time": 972.659,
                                                                                                                                                                "Actual Rows": 157700,
                                                                                                                                                                "Actual Loops": 1
                                                                                                                                                            },
                                                                                                                                                            {
                                                                                                                                                                "Worker Number": 1,
                                                                                                                                                                "Actual Startup Time": 963.311,
                                                                                                                                                                "Actual Total Time": 975.678,
                                                                                                                                                                "Actual Rows": 159941,
                                                                                                                                                                "Actual Loops": 1
                                                                                                                                                            },
                                                                                                                                                            {
                                                                                                                                                                "Worker Number": 2,
                                                                                                                                                                "Actual Startup Time": 963.098,
                                                                                                                                                                "Actual Total Time": 971.733,
                                                                                                                                                                "Actual Rows": 157492,
                                                                                                                                                                "Actual Loops": 1
                                                                                                                                                            }
                                                                                                                                                        ],
                                                                                                                                                        "Plans": [
                                                                                                                                                            {
                                                                                                                                                                "Node Type": "Seq Scan",
                                                                                                                                                                "Parent Relationship": "Outer",
                                                                                                                                                                "Parallel Aware": true,
                                                                                                                                                                "Relation Name": "movie_info",
                                                                                                                                                                "Schema": "public",
                                                                                                                                                                "Alias": "mi",
                                                                                                                                                                "Startup Cost": 0.0,
                                                                                                                                                                "Total Cost": 206258.29,
                                                                                                                                                                "Plan Rows": 131691,
                                                                                                                                                                "Plan Width": 8,
                                                                                                                                                                "Actual Startup Time": 0.383,
                                                                                                                                                                "Actual Total Time": 912.298,
                                                                                                                                                                "Actual Rows": 167334,
                                                                                                                                                                "Actual Loops": 4,
                                                                                                                                                                "Output": [
                                                                                                                                                                    "mi.movie_id",
                                                                                                                                                                    "mi.info_type_id"
                                                                                                                                                                ],
                                                                                                                                                                "Filter": "(mi.info = ANY ('{Germany,German,USA,American}'::text[]))",
                                                                                                                                                                "Rows Removed by Filter": 3541596,
                                                                                                                                                                "Workers": [
                                                                                                                                                                    {
                                                                                                                                                                        "Worker Number": 0,
                                                                                                                                                                        "Actual Startup Time": 0.143,
                                                                                                                                                                        "Actual Total Time": 909.442,
                                                                                                                                                                        "Actual Rows": 157700,
                                                                                                                                                                        "Actual Loops": 1
                                                                                                                                                                    },
                                                                                                                                                                    {
                                                                                                                                                                        "Worker Number": 1,
                                                                                                                                                                        "Actual Startup Time": 0.046,
                                                                                                                                                                        "Actual Total Time": 910.88,
                                                                                                                                                                        "Actual Rows": 159941,
                                                                                                                                                                        "Actual Loops": 1
                                                                                                                                                                    },
                                                                                                                                                                    {
                                                                                                                                                                        "Worker Number": 2,
                                                                                                                                                                        "Actual Startup Time": 0.174,
                                                                                                                                                                        "Actual Total Time": 910.034,
                                                                                                                                                                        "Actual Rows": 157492,
                                                                                                                                                                        "Actual Loops": 1
                                                                                                                                                                    }
                                                                                                                                                                ]
                                                                                                                                                            }
                                                                                                                                                        ]
                                                                                                                                                    },
                                                                                                                                                    {
                                                                                                                                                        "Node Type": "Sort",
                                                                                                                                                        "Parent Relationship": "Inner",
                                                                                                                                                        "Parallel Aware": false,
                                                                                                                                                        "Startup Cost": 201956.48,
                                                                                                                                                        "Total Cost": 205260.22,
                                                                                                                                                        "Plan Rows": 1321493,
                                                                                                                                                        "Plan Width": 25,
                                                                                                                                                        "Actual Startup Time": 1016.202,
                                                                                                                                                        "Actual Total Time": 1196.134,
                                                                                                                                                        "Actual Rows": 1324765,
                                                                                                                                                        "Actual Loops": 4,
                                                                                                                                                        "Output": [
                                                                                                                                                            "t.title",
                                                                                                                                                            "t.kind_id",
                                                                                                                                                            "t.id"
                                                                                                                                                        ],
                                                                                                                                                        "Sort Key": [
                                                                                                                                                            "t.id"
                                                                                                                                                        ],
                                                                                                                                                        "Sort Method": "quicksort",
                                                                                                                                                        "Sort Space Used": 149276,
                                                                                                                                                        "Sort Space Type": "Memory",
                                                                                                                                                        "Workers": [
                                                                                                                                                            {
                                                                                                                                                                "Worker Number": 0,
                                                                                                                                                                "Actual Startup Time": 1158.15,
                                                                                                                                                                "Actual Total Time": 1362.723,
                                                                                                                                                                "Actual Rows": 1324299,
                                                                                                                                                                "Actual Loops": 1
                                                                                                                                                            },
                                                                                                                                                            {
                                                                                                                                                                "Worker Number": 1,
                                                                                                                                                                "Actual Startup Time": 1153.985,
                                                                                                                                                                "Actual Total Time": 1350.831,
                                                                                                                                                                "Actual Rows": 1324429,
                                                                                                                                                                "Actual Loops": 1
                                                                                                                                                            },
                                                                                                                                                            {
                                                                                                                                                                "Worker Number": 2,
                                                                                                                                                                "Actual Startup Time": 950.202,
                                                                                                                                                                "Actual Total Time": 1114.355,
                                                                                                                                                                "Actual Rows": 1324730,
                                                                                                                                                                "Actual Loops": 1
                                                                                                                                                            }
                                                                                                                                                        ],
                                                                                                                                                        "Plans": [
                                                                                                                                                            {
                                                                                                                                                                "Node Type": "Seq Scan",
                                                                                                                                                                "Parent Relationship": "Outer",
                                                                                                                                                                "Parallel Aware": false,
                                                                                                                                                                "Relation Name": "title",
                                                                                                                                                                "Schema": "public",
                                                                                                                                                                "Alias": "t",
                                                                                                                                                                "Startup Cost": 0.0,
                                                                                                                                                                "Total Cost": 67602.02,
                                                                                                                                                                "Plan Rows": 1321493,
                                                                                                                                                                "Plan Width": 25,
                                                                                                                                                                "Actual Startup Time": 0.058,
                                                                                                                                                                "Actual Total Time": 440.384,
                                                                                                                                                                "Actual Rows": 1322863,
                                                                                                                                                                "Actual Loops": 4,
                                                                                                                                                                "Output": [
                                                                                                                                                                    "t.title",
                                                                                                                                                                    "t.kind_id",
                                                                                                                                                                    "t.id"
                                                                                                                                                                ],
                                                                                                                                                                "Filter": "(t.production_year > 2001)",
                                                                                                                                                                "Rows Removed by Filter": 1205449,
                                                                                                                                                                "Workers": [
                                                                                                                                                                    {
                                                                                                                                                                        "Worker Number": 0,
                                                                                                                                                                        "Actual Startup Time": 0.077,
                                                                                                                                                                        "Actual Total Time": 481.5,
                                                                                                                                                                        "Actual Rows": 1322863,
                                                                                                                                                                        "Actual Loops": 1
                                                                                                                                                                    },
                                                                                                                                                                    {
                                                                                                                                                                        "Worker Number": 1,
                                                                                                                                                                        "Actual Startup Time": 0.064,
                                                                                                                                                                        "Actual Total Time": 475.225,
                                                                                                                                                                        "Actual Rows": 1322863,
                                                                                                                                                                        "Actual Loops": 1
                                                                                                                                                                    },
                                                                                                                                                                    {
                                                                                                                                                                        "Worker Number": 2,
                                                                                                                                                                        "Actual Startup Time": 0.077,
                                                                                                                                                                        "Actual Total Time": 425.891,
                                                                                                                                                                        "Actual Rows": 1322863,
                                                                                                                                                                        "Actual Loops": 1
                                                                                                                                                                    }
                                                                                                                                                                ]
                                                                                                                                                            }
                                                                                                                                                        ]
                                                                                                                                                    }
                                                                                                                                                ]
                                                                                                                                            },
                                                                                                                                            {
                                                                                                                                                "Node Type": "Index Scan",
                                                                                                                                                "Parent Relationship": "Inner",
                                                                                                                                                "Parallel Aware": false,
                                                                                                                                                "Scan Direction": "Forward",
                                                                                                                                                "Index Name": "kind_type_pkey",
                                                                                                                                                "Relation Name": "kind_type",
                                                                                                                                                "Schema": "public",
                                                                                                                                                "Alias": "kt",
                                                                                                                                                "Startup Cost": 0.13,
                                                                                                                                                "Total Cost": 0.15,
                                                                                                                                                "Plan Rows": 1,
                                                                                                                                                "Plan Width": 4,
                                                                                                                                                "Actual Startup Time": 0.001,
                                                                                                                                                "Actual Total Time": 0.001,
                                                                                                                                                "Actual Rows": 1,
                                                                                                                                                "Actual Loops": 334547,
                                                                                                                                                "Output": [
                                                                                                                                                    "kt.id",
                                                                                                                                                    "kt.kind"
                                                                                                                                                ],
                                                                                                                                                "Index Cond": "(kt.id = t.kind_id)",
                                                                                                                                                "Rows Removed by Index Recheck": 0,
                                                                                                                                                "Filter": "((kt.kind)::text = ANY ('{movie,episode}'::text[]))",
                                                                                                                                                "Rows Removed by Filter": 0,
                                                                                                                                                "Workers": [
                                                                                                                                                    {
                                                                                                                                                        "Worker Number": 0,
                                                                                                                                                        "Actual Startup Time": 0.001,
                                                                                                                                                        "Actual Total Time": 0.001,
                                                                                                                                                        "Actual Rows": 1,
                                                                                                                                                        "Actual Loops": 79567
                                                                                                                                                    },
                                                                                                                                                    {
                                                                                                                                                        "Worker Number": 1,
                                                                                                                                                        "Actual Startup Time": 0.001,
                                                                                                                                                        "Actual Total Time": 0.001,
                                                                                                                                                        "Actual Rows": 1,
                                                                                                                                                        "Actual Loops": 79968
                                                                                                                                                    },
                                                                                                                                                    {
                                                                                                                                                        "Worker Number": 2,
                                                                                                                                                        "Actual Startup Time": 0.001,
                                                                                                                                                        "Actual Total Time": 0.001,
                                                                                                                                                        "Actual Rows": 1,
                                                                                                                                                        "Actual Loops": 78695
                                                                                                                                                    }
                                                                                                                                                ]
                                                                                                                                            }
                                                                                                                                        ]
                                                                                                                                    }
                                                                                                                                ]
                                                                                                                            }
                                                                                                                        ]
                                                                                                                    }
                                                                                                                ]
                                                                                                            }
                                                                                                        ]
                                                                                                    }
                                                                                                ]
                                                                                            }
                                                                                        ]
                                                                                    }
                                                                                ]
                                                                            },
                                                                            {
                                                                                "Node Type": "Bitmap Heap Scan",
                                                                                "Parent Relationship": "Inner",
                                                                                "Parallel Aware": false,
                                                                                "Relation Name": "info_type",
                                                                                "Schema": "public",
                                                                                "Alias": "it2",
                                                                                "Startup Cost": 0.15,
                                                                                "Total Cost": 4.17,
                                                                                "Plan Rows": 1,
                                                                                "Plan Width": 4,
                                                                                "Actual Startup Time": 0.002,
                                                                                "Actual Total Time": 0.002,
                                                                                "Actual Rows": 0,
                                                                                "Actual Loops": 1716617,
                                                                                "Output": [
                                                                                    "it2.id",
                                                                                    "it2.info"
                                                                                ],
                                                                                "Recheck Cond": "(it2.id = mi_idx.info_type_id)",
                                                                                "Rows Removed by Index Recheck": 0,
                                                                                "Filter": "((it2.info)::text = 'rating'::text)",
                                                                                "Rows Removed by Filter": 1,
                                                                                "Exact Heap Blocks": 1716617,
                                                                                "Lossy Heap Blocks": 0,
                                                                                "Plans": [
                                                                                    {
                                                                                        "Node Type": "Bitmap Index Scan",
                                                                                        "Parent Relationship": "Outer",
                                                                                        "Parallel Aware": false,
                                                                                        "Index Name": "info_type_pkey",
                                                                                        "Startup Cost": 0.0,
                                                                                        "Total Cost": 0.15,
                                                                                        "Plan Rows": 1,
                                                                                        "Plan Width": 0,
                                                                                        "Actual Startup Time": 0.001,
                                                                                        "Actual Total Time": 0.001,
                                                                                        "Actual Rows": 1,
                                                                                        "Actual Loops": 1716617,
                                                                                        "Index Cond": "(it2.id = mi_idx.info_type_id)"
                                                                                    }
                                                                                ]
                                                                            }
                                                                        ]
                                                                    }
                                                                ]
                                                            }
                                                        ]
                                                    }
                                                ]
                                            }
                                        ]
                                    }
                                ]
                            }
                        ]
                    },
                    {
                        "Node Type": "Bitmap Heap Scan",
                        "Parent Relationship": "Inner",
                        "Parallel Aware": false,
                        "Relation Name": "keyword",
                        "Schema": "public",
                        "Alias": "k",
                        "Startup Cost": 0.43,
                        "Total Cost": 4.45,
                        "Plan Rows": 1,
                        "Plan Width": 4,
                        "Actual Startup Time": 0.003,
                        "Actual Total Time": 0.003,
                        "Actual Rows": 0,
                        "Actual Loops": 2948697,
                        "Output": [
                            "k.id",
                            "k.keyword",
                            "k.phonetic_code"
                        ],
                        "Recheck Cond": "(k.id = mk.keyword_id)",
                        "Rows Removed by Index Recheck": 0,
                        "Filter": "(k.keyword = ANY ('{murder,murder-in-title,blood,violence}'::text[]))",
                        "Rows Removed by Filter": 1,
                        "Exact Heap Blocks": 2948697,
                        "Lossy Heap Blocks": 0,
                        "Plans": [
                            {
                                "Node Type": "Bitmap Index Scan",
                                "Parent Relationship": "Outer",
                                "Parallel Aware": false,
                                "Index Name": "keyword_pkey",
                                "Startup Cost": 0.0,
                                "Total Cost": 0.43,
                                "Plan Rows": 1,
                                "Plan Width": 0,
                                "Actual Startup Time": 0.002,
                                "Actual Total Time": 0.002,
                                "Actual Rows": 1,
                                "Actual Loops": 2948697,
                                "Index Cond": "(k.id = mk.keyword_id)"
                            }
                        ]
                    }
                ]
            }
        ]
    },
    "Planning Time": 28.679,
    "Triggers": [],
    "Execution Time": 29428.241
}