{
  "Plan": {
    "Node Type": "Aggregate",
    "Strategy": "Plain",
    "Partial Mode": "Finalize",
    "Parallel Aware": false,
    "Startup Cost": 602221.67,
    "Total Cost": 602221.68,
    "Plan Rows": 1,
    "Plan Width": 8,
    "Actual Startup Time": 2075.635,
    "Actual Total Time": 2112.127,
    "Actual Rows": 1,
    "Actual Loops": 1,
    "Plans": [
      {
        "Node Type": "Gather",
        "Parent Relationship": "Outer",
        "Parallel Aware": false,
        "Startup Cost": 602221.56,
        "Total Cost": 602221.67,
        "Plan Rows": 1,
        "Plan Width": 8,
        "Actual Startup Time": 2074.334,
        "Actual Total Time": 2112.115,
        "Actual Rows": 2,
        "Actual Loops": 1,
        "Workers Planned": 1,
        "Workers Launched": 1,
        "Single Copy": false,
        "Plans": [
          {
            "Node Type": "Aggregate",
            "Strategy": "Plain",
            "Partial Mode": "Partial",
            "Parent Relationship": "Outer",
            "Parallel Aware": false,
            "Startup Cost": 601221.56,
            "Total Cost": 601221.57,
            "Plan Rows": 1,
            "Plan Width": 8,
            "Actual Startup Time": 2068.006,
            "Actual Total Time": 2068.016,
            "Actual Rows": 1,
            "Actual Loops": 2,
            "Plans": [
              {
                "Node Type": "Hash Join",
                "Parent Relationship": "Outer",
                "Parallel Aware": true,
                "Join Type": "Inner",
                "Startup Cost": 557616.05,
                "Total Cost": 600686.57,
                "Plan Rows": 213995,
                "Plan Width": 0,
                "Actual Startup Time": 1715.202,
                "Actual Total Time": 2046.818,
                "Actual Rows": 525979,
                "Actual Loops": 2,
                "Inner Unique": false,
                "Hash Cond": "(mc.movie_id = t.id)",
                "Plans": [
                  {
                    "Node Type": "Seq Scan",
                    "Parent Relationship": "Outer",
                    "Parallel Aware": true,
                    "Relation Name": "movie_companies",
                    "Alias": "mc",
                    "Startup Cost": 0.0,
                    "Total Cost": 34137.82,
                    "Plan Rows": 1534782,
                    "Plan Width": 4,
                    "Actual Startup Time": 0.016,
                    "Actual Total Time": 102.872,
                    "Actual Rows": 1304564,
                    "Actual Loops": 2
                  },
                  {
                    "Node Type": "Hash",
                    "Parent Relationship": "Inner",
                    "Parallel Aware": true,
                    "Startup Cost": 555023.99,
                    "Total Cost": 555023.99,
                    "Plan Rows": 207365,
                    "Plan Width": 8,
                    "Actual Startup Time": 1709.245,
                    "Actual Total Time": 1709.252,
                    "Actual Rows": 191040,
                    "Actual Loops": 2,
                    "Hash Buckets": 524288,
                    "Original Hash Buckets": 524288,
                    "Hash Batches": 1,
                    "Original Hash Batches": 1,
                    "Peak Memory Usage": 19072,
                    "Plans": [
                      {
                        "Node Type": "Hash Join",
                        "Parent Relationship": "Outer",
                        "Parallel Aware": true,
                        "Join Type": "Inner",
                        "Startup Cost": 231431.34,
                        "Total Cost": 555023.99,
                        "Plan Rows": 207365,
                        "Plan Width": 8,
                        "Actual Startup Time": 637.193,
                        "Actual Total Time": 1648.056,
                        "Actual Rows": 191040,
                        "Actual Loops": 2,
                        "Inner Unique": true,
                        "Hash Cond": "(ci.movie_id = t.id)",
                        "Plans": [
                          {
                            "Node Type": "Bitmap Heap Scan",
                            "Parent Relationship": "Outer",
                            "Parallel Aware": true,
                            "Relation Name": "cast_info",
                            "Alias": "ci",
                            "Startup Cost": 176020.64,
                            "Total Cost": 487307.33,
                            "Plan Rows": 4687975,
                            "Plan Width": 4,
                            "Actual Startup Time": 469.664,
                            "Actual Total Time": 939.99,
                            "Actual Rows": 3946319,
                            "Actual Loops": 2,
                            "Recheck Cond": "(person_id > 2889122)",
                            "Rows Removed by Index Recheck": 0,
                            "Exact Heap Blocks": 51173,
                            "Lossy Heap Blocks": 0,
                            "Plans": [
                              {
                                "Node Type": "Bitmap Index Scan",
                                "Parent Relationship": "Outer",
                                "Parallel Aware": false,
                                "Index Name": "person_id_cast_info",
                                "Startup Cost": 0.0,
                                "Total Cost": 174028.25,
                                "Plan Rows": 7969558,
                                "Plan Width": 0,
                                "Actual Startup Time": 453.115,
                                "Actual Total Time": 453.116,
                                "Actual Rows": 7892638,
                                "Actual Loops": 1,
                                "Index Cond": "(person_id > 2889122)"
                              }
                            ]
                          },
                          {
                            "Node Type": "Hash",
                            "Parent Relationship": "Inner",
                            "Parallel Aware": true,
                            "Startup Cost": 54588.39,
                            "Total Cost": 54588.39,
                            "Plan Rows": 65785,
                            "Plan Width": 4,
                            "Actual Startup Time": 166.349,
                            "Actual Total Time": 166.351,
                            "Actual Rows": 54214,
                            "Actual Loops": 2,
                            "Hash Buckets": 131072,
                            "Original Hash Buckets": 131072,
                            "Hash Batches": 1,
                            "Original Hash Batches": 1,
                            "Peak Memory Usage": 5312,
                            "Plans": [
                              {
                                "Node Type": "Seq Scan",
                                "Parent Relationship": "Outer",
                                "Parallel Aware": true,
                                "Relation Name": "title",
                                "Alias": "t",
                                "Startup Cost": 0.0,
                                "Total Cost": 54588.39,
                                "Plan Rows": 65785,
                                "Plan Width": 4,
                                "Actual Startup Time": 0.042,
                                "Actual Total Time": 146.947,
                                "Actual Rows": 54214,
                                "Actual Loops": 2,
                                "Filter": "(production_year = 2006)",
                                "Rows Removed by Filter": 1209942
                              }
                            ]
                          }
                        ]
                      }
                    ]
                  }
                ]
              }
            ]
          }
        ]
      }
    ]
  },
  "Planning Time": 1.026,
  "Triggers": [],
  "Execution Time": 2112.246
}