[
  {
    "Plan": {
      "Node Type": "Aggregate",
      "Strategy": "Plain",
      "Partial Mode": "Finalize",
      "Parallel Aware": false,
      "Startup Cost": 38858.33,
      "Total Cost": 38858.34,
      "Plan Rows": 1,
      "Plan Width": 8,
      "Actual Startup Time": 34.967,
      "Actual Total Time": 42.38,
      "Actual Rows": 1,
      "Actual Loops": 1,
      "Plans": [
        {
          "Node Type": "Gather",
          "Parent Relationship": "Outer",
          "Parallel Aware": false,
          "Startup Cost": 38858.11,
          "Total Cost": 38858.32,
          "Plan Rows": 2,
          "Plan Width": 8,
          "Actual Startup Time": 34.715,
          "Actual Total Time": 42.374,
          "Actual Rows": 3,
          "Actual Loops": 1,
          "Workers Planned": 2,
          "Workers Launched": 2,
          "Single Copy": false,
          "Plans": [
            {
              "Node Type": "Aggregate",
              "Strategy": "Plain",
              "Partial Mode": "Partial",
              "Parent Relationship": "Outer",
              "Parallel Aware": false,
              "Startup Cost": 37858.11,
              "Total Cost": 37858.12,
              "Plan Rows": 1,
              "Plan Width": 8,
              "Actual Startup Time": 30.141,
              "Actual Total Time": 30.142,
              "Actual Rows": 1,
              "Actual Loops": 3,
              "Plans": [
                {
                  "Node Type": "Nested Loop",
                  "Parent Relationship": "Outer",
                  "Parallel Aware": false,
                  "Join Type": "Inner",
                  "Startup Cost": 163.3,
                  "Total Cost": 37855.05,
                  "Plan Rows": 1226,
                  "Plan Width": 0,
                  "Actual Startup Time": 1.663,
                  "Actual Total Time": 29.877,
                  "Actual Rows": 2156,
                  "Actual Loops": 3,
                  "Inner Unique": true,
                  "Plans": [
                    {
                      "Node Type": "Bitmap Heap Scan",
                      "Parent Relationship": "Outer",
                      "Parallel Aware": true,
                      "Relation Name": "movie_keyword",
                      "Alias": "mk",
                      "Startup Cost": 162.87,
                      "Total Cost": 16204.0,
                      "Plan Rows": 3142,
                      "Plan Width": 4,
                      "Actual Startup Time": 1.28,
                      "Actual Total Time": 10.268,
                      "Actual Rows": 2568,
                      "Actual Loops": 3,
                      "Recheck Cond": "(keyword_id = 797)",
                      "Rows Removed by Index Recheck": 0,
                      "Exact Heap Blocks": 4591,
                      "Lossy Heap Blocks": 0,
                      "Plans": [
                        {
                          "Node Type": "Bitmap Index Scan",
                          "Parent Relationship": "Outer",
                          "Parallel Aware": false,
                          "Index Name": "keyword_id_movie_keyword",
                          "Startup Cost": 0.0,
                          "Total Cost": 160.98,
                          "Plan Rows": 7540,
                          "Plan Width": 0,
                          "Actual Startup Time": 2.352,
                          "Actual Total Time": 2.353,
                          "Actual Rows": 7704,
                          "Actual Loops": 1,
                          "Index Cond": "(keyword_id = 797)"
                        }
                      ]
                    },
                    {
                      "Node Type": "Index Scan",
                      "Parent Relationship": "Inner",
                      "Parallel Aware": false,
                      "Scan Direction": "Forward",
                      "Index Name": "title_pkey",
                      "Relation Name": "title",
                      "Alias": "t",
                      "Startup Cost": 0.43,
                      "Total Cost": 6.89,
                      "Plan Rows": 1,
                      "Plan Width": 4,
                      "Actual Startup Time": 0.007,
                      "Actual Total Time": 0.007,
                      "Actual Rows": 1,
                      "Actual Loops": 7704,
                      "Index Cond": "(id = mk.movie_id)",
                      "Rows Removed by Index Recheck": 0,
                      "Filter": "(kind_id < 7)",
                      "Rows Removed by Filter": 0
                    }
                  ]
                }
              ]
            }
          ]
        }
      ]
    },
    "Planning Time": 0.28,
    "Triggers": [],
    "Execution Time": 42.423
  }
]