[
  {
    "Plan": {
      "Node Type": "Aggregate",
      "Strategy": "Plain",
      "Partial Mode": "Simple",
      "Parallel Aware": false,
      "Startup Cost": 15495.64,
      "Total Cost": 15495.65,
      "Plan Rows": 1,
      "Plan Width": 8,
      "Actual Startup Time": 9.247,
      "Actual Total Time": 9.25,
      "Actual Rows": 1,
      "Actual Loops": 1,
      "Plans": [
        {
          "Node Type": "Bitmap Heap Scan",
          "Parent Relationship": "Outer",
          "Parallel Aware": false,
          "Relation Name": "movie_info",
          "Alias": "mi",
          "Startup Cost": 82.81,
          "Total Cost": 15484.55,
          "Plan Rows": 4435,
          "Plan Width": 0,
          "Actual Startup Time": 1.699,
          "Actual Total Time": 8.131,
          "Actual Rows": 6435,
          "Actual Loops": 1,
          "Recheck Cond": "(info_type_id = 80)",
          "Rows Removed by Index Recheck": 0,
          "Exact Heap Blocks": 1315,
          "Lossy Heap Blocks": 0,
          "Plans": [
            {
              "Node Type": "Bitmap Index Scan",
              "Parent Relationship": "Outer",
              "Parallel Aware": false,
              "Index Name": "info_type_id_movie_info",
              "Startup Cost": 0.0,
              "Total Cost": 81.7,
              "Plan Rows": 4435,
              "Plan Width": 0,
              "Actual Startup Time": 1.142,
              "Actual Total Time": 1.143,
              "Actual Rows": 6435,
              "Actual Loops": 1,
              "Index Cond": "(info_type_id = 80)"
            }
          ]
        }
      ]
    },
    "Planning Time": 0.166,
    "Triggers": [],
    "Execution Time": 9.32
  }
]