[
  {
    "Plan": {
      "Node Type": "Aggregate",
      "Strategy": "Plain",
      "Partial Mode": "Finalize",
      "Parallel Aware": false,
      "Startup Cost": 81946.58,
      "Total Cost": 81946.59,
      "Plan Rows": 1,
      "Plan Width": 8,
      "Actual Startup Time": 317.65,
      "Actual Total Time": 333.034,
      "Actual Rows": 1,
      "Actual Loops": 1,
      "Plans": [
        {
          "Node Type": "Gather",
          "Parent Relationship": "Outer",
          "Parallel Aware": false,
          "Startup Cost": 81946.27,
          "Total Cost": 81946.58,
          "Plan Rows": 3,
          "Plan Width": 8,
          "Actual Startup Time": 313.241,
          "Actual Total Time": 333.025,
          "Actual Rows": 4,
          "Actual Loops": 1,
          "Workers Planned": 3,
          "Workers Launched": 3,
          "Single Copy": false,
          "Plans": [
            {
              "Node Type": "Aggregate",
              "Strategy": "Plain",
              "Partial Mode": "Partial",
              "Parent Relationship": "Outer",
              "Parallel Aware": false,
              "Startup Cost": 80946.27,
              "Total Cost": 80946.28,
              "Plan Rows": 1,
              "Plan Width": 8,
              "Actual Startup Time": 300.44,
              "Actual Total Time": 300.444,
              "Actual Rows": 1,
              "Actual Loops": 4,
              "Plans": [
                {
                  "Node Type": "Hash Join",
                  "Parent Relationship": "Outer",
                  "Parallel Aware": true,
                  "Join Type": "Inner",
                  "Startup Cost": 54981.44,
                  "Total Cost": 80846.94,
                  "Plan Rows": 39732,
                  "Plan Width": 0,
                  "Actual Startup Time": 239.903,
                  "Actual Total Time": 300.133,
                  "Actual Rows": 4450,
                  "Actual Loops": 4,
                  "Inner Unique": true,
                  "Hash Cond": "(mk.movie_id = t.id)",
                  "Plans": [
                    {
                      "Node Type": "Bitmap Heap Scan",
                      "Parent Relationship": "Outer",
                      "Parallel Aware": true,
                      "Relation Name": "movie_keyword",
                      "Alias": "mk",
                      "Startup Cost": 6138.49,
                      "Total Cost": 31759.02,
                      "Plan Rows": 93322,
                      "Plan Width": 4,
                      "Actual Startup Time": 17.998,
                      "Actual Total Time": 59.618,
                      "Actual Rows": 71412,
                      "Actual Loops": 4,
                      "Recheck Cond": "(keyword_id > 55979)",
                      "Rows Removed by Index Recheck": 0,
                      "Exact Heap Blocks": 7767,
                      "Lossy Heap Blocks": 0,
                      "Plans": [
                        {
                          "Node Type": "Bitmap Index Scan",
                          "Parent Relationship": "Outer",
                          "Parallel Aware": false,
                          "Index Name": "keyword_id_movie_keyword",
                          "Startup Cost": 0.0,
                          "Total Cost": 6066.17,
                          "Plan Rows": 289298,
                          "Plan Width": 0,
                          "Actual Startup Time": 14.788,
                          "Actual Total Time": 14.788,
                          "Actual Rows": 285647,
                          "Actual Loops": 1,
                          "Index Cond": "(keyword_id > 55979)"
                        }
                      ]
                    },
                    {
                      "Node Type": "Hash",
                      "Parent Relationship": "Inner",
                      "Parallel Aware": true,
                      "Startup Cost": 45479.1,
                      "Total Cost": 45479.1,
                      "Plan Rows": 269108,
                      "Plan Width": 4,
                      "Actual Startup Time": 214.166,
                      "Actual Total Time": 214.167,
                      "Actual Rows": 292948,
                      "Actual Loops": 4,
                      "Hash Buckets": 2097152,
                      "Original Hash Buckets": 2097152,
                      "Hash Batches": 1,
                      "Original Hash Batches": 1,
                      "Peak Memory Usage": 62304,
                      "Plans": [
                        {
                          "Node Type": "Seq Scan",
                          "Parent Relationship": "Outer",
                          "Parallel Aware": true,
                          "Relation Name": "title",
                          "Alias": "t",
                          "Startup Cost": 0.0,
                          "Total Cost": 45479.1,
                          "Plan Rows": 269108,
                          "Plan Width": 4,
                          "Actual Startup Time": 0.039,
                          "Actual Total Time": 102.834,
                          "Actual Rows": 292948,
                          "Actual Loops": 4,
                          "Filter": "((kind_id > 4) AND (production_year > 1990))",
                          "Rows Removed by Filter": 339130
                        }
                      ]
                    }
                  ]
                }
              ]
            }
          ]
        }
      ]
    },
    "Planning Time": 0.646,
    "Triggers": [],
    "Execution Time": 333.125
  }
]