{
  "Plan": {
    "Node Type": "Aggregate",
    "Strategy": "Plain",
    "Partial Mode": "Finalize",
    "Parallel Aware": false,
    "Startup Cost": 39334.92,
    "Total Cost": 39334.93,
    "Plan Rows": 1,
    "Plan Width": 8,
    "Actual Startup Time": 92.855,
    "Actual Total Time": 106.825,
    "Actual Rows": 1,
    "Actual Loops": 1,
    "Plans": [
      {
        "Node Type": "Gather",
        "Parent Relationship": "Outer",
        "Parallel Aware": false,
        "Startup Cost": 39334.81,
        "Total Cost": 39334.92,
        "Plan Rows": 1,
        "Plan Width": 8,
        "Actual Startup Time": 92.697,
        "Actual Total Time": 106.818,
        "Actual Rows": 2,
        "Actual Loops": 1,
        "Workers Planned": 1,
        "Workers Launched": 1,
        "Single Copy": false,
        "Plans": [
          {
            "Node Type": "Aggregate",
            "Strategy": "Plain",
            "Partial Mode": "Partial",
            "Parent Relationship": "Outer",
            "Parallel Aware": false,
            "Startup Cost": 38334.81,
            "Total Cost": 38334.82,
            "Plan Rows": 1,
            "Plan Width": 8,
            "Actual Startup Time": 86.326,
            "Actual Total Time": 86.328,
            "Actual Rows": 1,
            "Actual Loops": 2,
            "Plans": [
              {
                "Node Type": "Nested Loop",
                "Parent Relationship": "Outer",
                "Parallel Aware": false,
                "Join Type": "Inner",
                "Startup Cost": 185.1,
                "Total Cost": 38268.92,
                "Plan Rows": 26357,
                "Plan Width": 0,
                "Actual Startup Time": 2.358,
                "Actual Total Time": 83.391,
                "Actual Rows": 43644,
                "Actual Loops": 2,
                "Inner Unique": false,
                "Plans": [
                  {
                    "Node Type": "Nested Loop",
                    "Parent Relationship": "Outer",
                    "Parallel Aware": false,
                    "Join Type": "Inner",
                    "Startup Cost": 184.54,
                    "Total Cost": 33848.95,
                    "Plan Rows": 1839,
                    "Plan Width": 8,
                    "Actual Startup Time": 1.977,
                    "Actual Total Time": 20.716,
                    "Actual Rows": 4294,
                    "Actual Loops": 2,
                    "Inner Unique": true,
                    "Plans": [
                      {
                        "Node Type": "Bitmap Heap Scan",
                        "Parent Relationship": "Outer",
                        "Parallel Aware": true,
                        "Relation Name": "movie_companies",
                        "Alias": "mc",
                        "Startup Cost": 184.11,
                        "Total Cost": 15226.88,
                        "Plan Rows": 2494,
                        "Plan Width": 4,
                        "Actual Startup Time": 1.842,
                        "Actual Total Time": 3.8,
                        "Actual Rows": 4303,
                        "Actual Loops": 2,
                        "Recheck Cond": "(company_id = 596)",
                        "Rows Removed by Index Recheck": 0,
                        "Filter": "(company_type_id > 1)",
                        "Rows Removed by Filter": 48,
                        "Exact Heap Blocks": 710,
                        "Lossy Heap Blocks": 0,
                        "Plans": [
                          {
                            "Node Type": "Bitmap Index Scan",
                            "Parent Relationship": "Outer",
                            "Parallel Aware": false,
                            "Index Name": "company_id_movie_companies",
                            "Startup Cost": 0.0,
                            "Total Cost": 183.05,
                            "Plan Rows": 8349,
                            "Plan Width": 0,
                            "Actual Startup Time": 2.744,
                            "Actual Total Time": 2.745,
                            "Actual Rows": 8702,
                            "Actual Loops": 1,
                            "Index Cond": "(company_id = 596)"
                          }
                        ]
                      },
                      {
                        "Node Type": "Index Scan",
                        "Parent Relationship": "Inner",
                        "Parallel Aware": false,
                        "Scan Direction": "Forward",
                        "Index Name": "title_pkey",
                        "Relation Name": "title",
                        "Alias": "t",
                        "Startup Cost": 0.43,
                        "Total Cost": 7.47,
                        "Plan Rows": 1,
                        "Plan Width": 4,
                        "Actual Startup Time": 0.004,
                        "Actual Total Time": 0.004,
                        "Actual Rows": 1,
                        "Actual Loops": 8606,
                        "Index Cond": "(id = mc.movie_id)",
                        "Rows Removed by Index Recheck": 0,
                        "Filter": "(kind_id > 1)",
                        "Rows Removed by Filter": 0
                      }
                    ]
                  },
                  {
                    "Node Type": "Index Only Scan",
                    "Parent Relationship": "Inner",
                    "Parallel Aware": false,
                    "Scan Direction": "Forward",
                    "Index Name": "movie_id_cast_info",
                    "Relation Name": "cast_info",
                    "Alias": "ci",
                    "Startup Cost": 0.56,
                    "Total Cost": 2.03,
                    "Plan Rows": 37,
                    "Plan Width": 4,
                    "Actual Startup Time": 0.004,
                    "Actual Total Time": 0.013,
                    "Actual Rows": 10,
                    "Actual Loops": 8589,
                    "Index Cond": "(movie_id = t.id)",
                    "Rows Removed by Index Recheck": 0,
                    "Heap Fetches": 87289
                  }
                ]
              }
            ]
          }
        ]
      }
    ]
  },
  "Planning Time": 1.089,
  "Triggers": [],
  "Execution Time": 106.93
}