[
    {
        "Bao": {
            "Bao prediction": "NaN",
            "Bao recommended hint": "(no hint)"
        }
    },
    {
        "Plan": {
            "Node Type": "Aggregate",
            "Strategy": "Plain",
            "Partial Mode": "Simple",
            "Parallel Aware": false,
            "Startup Cost": 28465.43,
            "Total Cost": 28465.44,
            "Plan Rows": 1,
            "Plan Width": 8,
            "Actual Startup Time": 47.077,
            "Actual Total Time": 47.078,
            "Actual Rows": 1,
            "Actual Loops": 1,
            "Output": [
                "count(*)"
            ],
            "Plans": [
                {
                    "Node Type": "Bitmap Heap Scan",
                    "Parent Relationship": "Outer",
                    "Parallel Aware": false,
                    "Relation Name": "movie_keyword",
                    "Schema": "public",
                    "Alias": "mk",
                    "Startup Cost": 2350.55,
                    "Total Cost": 28188.61,
                    "Plan Rows": 110725,
                    "Plan Width": 0,
                    "Actual Startup Time": 9.922,
                    "Actual Total Time": 42.725,
                    "Actual Rows": 105528,
                    "Actual Loops": 1,
                    "Recheck Cond": "(mk.keyword_id > 81045)",
                    "Rows Removed by Index Recheck": 0,
                    "Exact Heap Blocks": 17619,
                    "Lossy Heap Blocks": 0,
                    "Plans": [
                        {
                            "Node Type": "Bitmap Index Scan",
                            "Parent Relationship": "Outer",
                            "Parallel Aware": false,
                            "Index Name": "keyword_id_movie_keyword",
                            "Startup Cost": 0.0,
                            "Total Cost": 2322.87,
                            "Plan Rows": 110725,
                            "Plan Width": 0,
                            "Actual Startup Time": 7.039,
                            "Actual Total Time": 7.04,
                            "Actual Rows": 105528,
                            "Actual Loops": 1,
                            "Index Cond": "(mk.keyword_id > 81045)"
                        }
                    ]
                }
            ]
        },
        "Planning Time": 187.745,
        "Triggers": [],
        "Execution Time": 47.123
    }
]