[
  {
    "Plan": {
      "Node Type": "Aggregate",
      "Strategy": "Plain",
      "Partial Mode": "Finalize",
      "Parallel Aware": false,
      "Startup Cost": 61937.95,
      "Total Cost": 61937.96,
      "Plan Rows": 1,
      "Plan Width": 8,
      "Actual Startup Time": 247.655,
      "Actual Total Time": 261.775,
      "Actual Rows": 1,
      "Actual Loops": 1,
      "Plans": [
        {
          "Node Type": "Gather",
          "Parent Relationship": "Outer",
          "Parallel Aware": false,
          "Startup Cost": 61937.74,
          "Total Cost": 61937.95,
          "Plan Rows": 2,
          "Plan Width": 8,
          "Actual Startup Time": 246.357,
          "Actual Total Time": 261.768,
          "Actual Rows": 3,
          "Actual Loops": 1,
          "Workers Planned": 2,
          "Workers Launched": 2,
          "Single Copy": false,
          "Plans": [
            {
              "Node Type": "Aggregate",
              "Strategy": "Plain",
              "Partial Mode": "Partial",
              "Parent Relationship": "Outer",
              "Parallel Aware": false,
              "Startup Cost": 60937.74,
              "Total Cost": 60937.75,
              "Plan Rows": 1,
              "Plan Width": 8,
              "Actual Startup Time": 238.601,
              "Actual Total Time": 238.604,
              "Actual Rows": 1,
              "Actual Loops": 3,
              "Plans": [
                {
                  "Node Type": "Hash Join",
                  "Parent Relationship": "Outer",
                  "Parallel Aware": true,
                  "Join Type": "Inner",
                  "Startup Cost": 45702.52,
                  "Total Cost": 60897.08,
                  "Plan Rows": 16261,
                  "Plan Width": 0,
                  "Actual Startup Time": 179.569,
                  "Actual Total Time": 236.538,
                  "Actual Rows": 43967,
                  "Actual Loops": 3,
                  "Inner Unique": true,
                  "Hash Cond": "(mi_idx.movie_id = t.id)",
                  "Plans": [
                    {
                      "Node Type": "Seq Scan",
                      "Parent Relationship": "Outer",
                      "Parallel Aware": true,
                      "Relation Name": "movie_info_idx",
                      "Alias": "mi_idx",
                      "Startup Cost": 0.0,
                      "Total Cost": 13685.15,
                      "Plan Rows": 575015,
                      "Plan Width": 4,
                      "Actual Startup Time": 0.026,
                      "Actual Total Time": 37.795,
                      "Actual Rows": 460012,
                      "Actual Loops": 3
                    },
                    {
                      "Node Type": "Hash",
                      "Parent Relationship": "Inner",
                      "Parallel Aware": true,
                      "Startup Cost": 45479.1,
                      "Total Cost": 45479.1,
                      "Plan Rows": 17874,
                      "Plan Width": 4,
                      "Actual Startup Time": 141.416,
                      "Actual Total Time": 141.416,
                      "Actual Rows": 67436,
                      "Actual Loops": 3,
                      "Hash Buckets": 262144,
                      "Original Hash Buckets": 131072,
                      "Hash Batches": 1,
                      "Original Hash Batches": 1,
                      "Peak Memory Usage": 11040,
                      "Plans": [
                        {
                          "Node Type": "Seq Scan",
                          "Parent Relationship": "Outer",
                          "Parallel Aware": true,
                          "Relation Name": "title",
                          "Alias": "t",
                          "Startup Cost": 0.0,
                          "Total Cost": 45479.1,
                          "Plan Rows": 17874,
                          "Plan Width": 4,
                          "Actual Startup Time": 69.82,
                          "Actual Total Time": 118.002,
                          "Actual Rows": 67436,
                          "Actual Loops": 3,
                          "Filter": "((production_year < 1964) AND (kind_id = 1))",
                          "Rows Removed by Filter": 775335
                        }
                      ]
                    }
                  ]
                }
              ]
            }
          ]
        }
      ]
    },
    "Planning Time": 0.55,
    "Triggers": [],
    "Execution Time": 261.85
  }
]