[
  {
    "Plan": {
      "Node Type": "Aggregate",
      "Strategy": "Plain",
      "Partial Mode": "Finalize",
      "Parallel Aware": false,
      "Startup Cost": 28788.41,
      "Total Cost": 28788.42,
      "Plan Rows": 1,
      "Plan Width": 8,
      "Actual Startup Time": 79.098,
      "Actual Total Time": 83.054,
      "Actual Rows": 1,
      "Actual Loops": 1,
      "Plans": [
        {
          "Node Type": "Gather",
          "Parent Relationship": "Outer",
          "Parallel Aware": false,
          "Startup Cost": 28788.1,
          "Total Cost": 28788.41,
          "Plan Rows": 3,
          "Plan Width": 8,
          "Actual Startup Time": 78.945,
          "Actual Total Time": 83.046,
          "Actual Rows": 4,
          "Actual Loops": 1,
          "Workers Planned": 3,
          "Workers Launched": 3,
          "Single Copy": false,
          "Plans": [
            {
              "Node Type": "Aggregate",
              "Strategy": "Plain",
              "Partial Mode": "Partial",
              "Parent Relationship": "Outer",
              "Parallel Aware": false,
              "Startup Cost": 27788.1,
              "Total Cost": 27788.11,
              "Plan Rows": 1,
              "Plan Width": 8,
              "Actual Startup Time": 74.253,
              "Actual Total Time": 74.254,
              "Actual Rows": 1,
              "Actual Loops": 4,
              "Plans": [
                {
                  "Node Type": "Bitmap Heap Scan",
                  "Parent Relationship": "Outer",
                  "Parallel Aware": true,
                  "Relation Name": "movie_companies",
                  "Alias": "mc",
                  "Startup Cost": 7355.43,
                  "Total Cost": 27514.32,
                  "Plan Rows": 109511,
                  "Plan Width": 0,
                  "Actual Startup Time": 31.531,
                  "Actual Total Time": 67.203,
                  "Actual Rows": 85260,
                  "Actual Loops": 4,
                  "Recheck Cond": "(company_id > 89211)",
                  "Rows Removed by Index Recheck": 0,
                  "Exact Heap Blocks": 2315,
                  "Lossy Heap Blocks": 0,
                  "Plans": [
                    {
                      "Node Type": "Bitmap Index Scan",
                      "Parent Relationship": "Outer",
                      "Parallel Aware": false,
                      "Index Name": "company_id_movie_companies",
                      "Startup Cost": 0.0,
                      "Total Cost": 7270.56,
                      "Plan Rows": 339484,
                      "Plan Width": 0,
                      "Actual Startup Time": 34.157,
                      "Actual Total Time": 34.157,
                      "Actual Rows": 341042,
                      "Actual Loops": 1,
                      "Index Cond": "(company_id > 89211)"
                    }
                  ]
                }
              ]
            }
          ]
        }
      ]
    },
    "Planning Time": 0.185,
    "Triggers": [],
    "Execution Time": 83.118
  }
]