[
  {
    "Plan": {
      "Node Type": "Aggregate",
      "Strategy": "Plain",
      "Partial Mode": "Finalize",
      "Parallel Aware": false,
      "Startup Cost": 297036.32,
      "Total Cost": 297036.33,
      "Plan Rows": 1,
      "Plan Width": 8,
      "Actual Startup Time": 2669.503,
      "Actual Total Time": 2762.894,
      "Actual Rows": 1,
      "Actual Loops": 1,
      "Plans": [
        {
          "Node Type": "Gather",
          "Parent Relationship": "Outer",
          "Parallel Aware": false,
          "Startup Cost": 297035.9,
          "Total Cost": 297036.31,
          "Plan Rows": 4,
          "Plan Width": 8,
          "Actual Startup Time": 2667.878,
          "Actual Total Time": 2762.885,
          "Actual Rows": 5,
          "Actual Loops": 1,
          "Workers Planned": 4,
          "Workers Launched": 4,
          "Single Copy": false,
          "Plans": [
            {
              "Node Type": "Aggregate",
              "Strategy": "Plain",
              "Partial Mode": "Partial",
              "Parent Relationship": "Outer",
              "Parallel Aware": false,
              "Startup Cost": 296035.9,
              "Total Cost": 296035.91,
              "Plan Rows": 1,
              "Plan Width": 8,
              "Actual Startup Time": 2657.886,
              "Actual Total Time": 2657.889,
              "Actual Rows": 1,
              "Actual Loops": 5,
              "Plans": [
                {
                  "Node Type": "Nested Loop",
                  "Parent Relationship": "Outer",
                  "Parallel Aware": false,
                  "Join Type": "Inner",
                  "Startup Cost": 31229.2,
                  "Total Cost": 292799.62,
                  "Plan Rows": 1294510,
                  "Plan Width": 0,
                  "Actual Startup Time": 105.144,
                  "Actual Total Time": 2575.374,
                  "Actual Rows": 1894539,
                  "Actual Loops": 5,
                  "Inner Unique": false,
                  "Plans": [
                    {
                      "Node Type": "Hash Join",
                      "Parent Relationship": "Outer",
                      "Parallel Aware": true,
                      "Join Type": "Inner",
                      "Startup Cost": 31228.63,
                      "Total Cost": 77819.99,
                      "Plan Rows": 90342,
                      "Plan Width": 8,
                      "Actual Startup Time": 105.035,
                      "Actual Total Time": 339.846,
                      "Actual Rows": 75343,
                      "Actual Loops": 5,
                      "Inner Unique": false,
                      "Hash Cond": "(t.id = mc.movie_id)",
                      "Plans": [
                        {
                          "Node Type": "Seq Scan",
                          "Parent Relationship": "Outer",
                          "Parallel Aware": true,
                          "Relation Name": "title",
                          "Alias": "t",
                          "Startup Cost": 0.0,
                          "Total Cost": 43898.92,
                          "Plan Rows": 480205,
                          "Plan Width": 4,
                          "Actual Startup Time": 0.013,
                          "Actual Total Time": 79.505,
                          "Actual Rows": 384570,
                          "Actual Loops": 5,
                          "Filter": "(production_year < 2010)",
                          "Rows Removed by Filter": 121093
                        },
                        {
                          "Node Type": "Hash",
                          "Parent Relationship": "Inner",
                          "Parallel Aware": true,
                          "Startup Cost": 29310.68,
                          "Total Cost": 29310.68,
                          "Plan Rows": 153436,
                          "Plan Width": 4,
                          "Actual Startup Time": 93.985,
                          "Actual Total Time": 93.986,
                          "Actual Rows": 96406,
                          "Actual Loops": 5,
                          "Hash Buckets": 524288,
                          "Original Hash Buckets": 524288,
                          "Hash Batches": 1,
                          "Original Hash Batches": 1,
                          "Peak Memory Usage": 23072,
                          "Plans": [
                            {
                              "Node Type": "Seq Scan",
                              "Parent Relationship": "Outer",
                              "Parallel Aware": true,
                              "Relation Name": "movie_companies",
                              "Alias": "mc",
                              "Startup Cost": 0.0,
                              "Total Cost": 29310.68,
                              "Plan Rows": 153436,
                              "Plan Width": 4,
                              "Actual Startup Time": 41.805,
                              "Actual Total Time": 67.48,
                              "Actual Rows": 96406,
                              "Actual Loops": 5,
                              "Filter": "(company_id > 75125)",
                              "Rows Removed by Filter": 425420
                            }
                          ]
                        }
                      ]
                    },
                    {
                      "Node Type": "Index Only Scan",
                      "Parent Relationship": "Inner",
                      "Parallel Aware": false,
                      "Scan Direction": "Forward",
                      "Index Name": "movie_id_cast_info",
                      "Relation Name": "cast_info",
                      "Alias": "ci",
                      "Startup Cost": 0.56,
                      "Total Cost": 2.01,
                      "Plan Rows": 37,
                      "Plan Width": 4,
                      "Actual Startup Time": 0.005,
                      "Actual Total Time": 0.028,
                      "Actual Rows": 25,
                      "Actual Loops": 376715,
                      "Index Cond": "(movie_id = t.id)",
                      "Rows Removed by Index Recheck": 0,
                      "Heap Fetches": 9472695
                    }
                  ]
                }
              ]
            }
          ]
        }
      ]
    },
    "Planning Time": 1.368,
    "Triggers": [],
    "Execution Time": 2763.002
  }
]