[
  {
    "Plan": {
      "Node Type": "Aggregate",
      "Strategy": "Plain",
      "Partial Mode": "Finalize",
      "Parallel Aware": false,
      "Startup Cost": 46952.6,
      "Total Cost": 46952.61,
      "Plan Rows": 1,
      "Plan Width": 8,
      "Actual Startup Time": 100.566,
      "Actual Total Time": 112.234,
      "Actual Rows": 1,
      "Actual Loops": 1,
      "Plans": [
        {
          "Node Type": "Gather",
          "Parent Relationship": "Outer",
          "Parallel Aware": false,
          "Startup Cost": 46952.18,
          "Total Cost": 46952.59,
          "Plan Rows": 4,
          "Plan Width": 8,
          "Actual Startup Time": 100.45,
          "Actual Total Time": 112.226,
          "Actual Rows": 5,
          "Actual Loops": 1,
          "Workers Planned": 4,
          "Workers Launched": 4,
          "Single Copy": false,
          "Plans": [
            {
              "Node Type": "Aggregate",
              "Strategy": "Plain",
              "Partial Mode": "Partial",
              "Parent Relationship": "Outer",
              "Parallel Aware": false,
              "Startup Cost": 45952.18,
              "Total Cost": 45952.19,
              "Plan Rows": 1,
              "Plan Width": 8,
              "Actual Startup Time": 92.984,
              "Actual Total Time": 92.985,
              "Actual Rows": 1,
              "Actual Loops": 5,
              "Plans": [
                {
                  "Node Type": "Seq Scan",
                  "Parent Relationship": "Outer",
                  "Parallel Aware": true,
                  "Relation Name": "title",
                  "Alias": "t",
                  "Startup Cost": 0.0,
                  "Total Cost": 45479.1,
                  "Plan Rows": 189231,
                  "Plan Width": 0,
                  "Actual Startup Time": 0.036,
                  "Actual Total Time": 86.615,
                  "Actual Rows": 131440,
                  "Actual Loops": 5,
                  "Filter": "((kind_id < 7) AND (production_year > 1981))",
                  "Rows Removed by Filter": 374223
                }
              ]
            }
          ]
        }
      ]
    },
    "Planning Time": 0.181,
    "Triggers": [],
    "Execution Time": 112.292
  }
]