{
  "Plan": {
    "Node Type": "Aggregate",
    "Strategy": "Plain",
    "Partial Mode": "Finalize",
    "Parallel Aware": false,
    "Startup Cost": 388971.93,
    "Total Cost": 388971.94,
    "Plan Rows": 1,
    "Plan Width": 8,
    "Actual Startup Time": 1312.382,
    "Actual Total Time": 1340.387,
    "Actual Rows": 1,
    "Actual Loops": 1,
    "Plans": [
      {
        "Node Type": "Gather",
        "Parent Relationship": "Outer",
        "Parallel Aware": false,
        "Startup Cost": 388971.82,
        "Total Cost": 388971.93,
        "Plan Rows": 1,
        "Plan Width": 8,
        "Actual Startup Time": 1305.337,
        "Actual Total Time": 1340.378,
        "Actual Rows": 2,
        "Actual Loops": 1,
        "Workers Planned": 1,
        "Workers Launched": 1,
        "Single Copy": false,
        "Plans": [
          {
            "Node Type": "Aggregate",
            "Strategy": "Plain",
            "Partial Mode": "Partial",
            "Parent Relationship": "Outer",
            "Parallel Aware": false,
            "Startup Cost": 387971.82,
            "Total Cost": 387971.83,
            "Plan Rows": 1,
            "Plan Width": 8,
            "Actual Startup Time": 1297.557,
            "Actual Total Time": 1297.843,
            "Actual Rows": 1,
            "Actual Loops": 2,
            "Plans": [
              {
                "Node Type": "Hash Join",
                "Parent Relationship": "Outer",
                "Parallel Aware": true,
                "Join Type": "Inner",
                "Startup Cost": 365809.56,
                "Total Cost": 387057.64,
                "Plan Rows": 365674,
                "Plan Width": 0,
                "Actual Startup Time": 1067.01,
                "Actual Total Time": 1271.369,
                "Actual Rows": 657028,
                "Actual Loops": 2,
                "Inner Unique": false,
                "Hash Cond": "(mi_idx.movie_id = t.id)",
                "Plans": [
                  {
                    "Node Type": "Seq Scan",
                    "Parent Relationship": "Outer",
                    "Parallel Aware": true,
                    "Relation Name": "movie_info_idx",
                    "Alias": "mi_idx",
                    "Startup Cost": 0.0,
                    "Total Cost": 16052.85,
                    "Plan Rows": 811785,
                    "Plan Width": 4,
                    "Actual Startup Time": 0.022,
                    "Actual Total Time": 49.016,
                    "Actual Rows": 690018,
                    "Actual Loops": 2
                  },
                  {
                    "Node Type": "Hash",
                    "Parent Relationship": "Inner",
                    "Parallel Aware": true,
                    "Startup Cost": 357435.38,
                    "Total Cost": 357435.38,
                    "Plan Rows": 669934,
                    "Plan Width": 8,
                    "Actual Startup Time": 1052.588,
                    "Actual Total Time": 1052.872,
                    "Actual Rows": 576872,
                    "Actual Loops": 2,
                    "Hash Buckets": 2097152,
                    "Original Hash Buckets": 2097152,
                    "Hash Batches": 1,
                    "Original Hash Batches": 1,
                    "Peak Memory Usage": 61536,
                    "Plans": [
                      {
                        "Node Type": "Hash Join",
                        "Parent Relationship": "Outer",
                        "Parallel Aware": true,
                        "Join Type": "Inner",
                        "Startup Cost": 94615.64,
                        "Total Cost": 357435.38,
                        "Plan Rows": 669934,
                        "Plan Width": 8,
                        "Actual Startup Time": 555.531,
                        "Actual Total Time": 891.077,
                        "Actual Rows": 576872,
                        "Actual Loops": 2,
                        "Inner Unique": true,
                        "Hash Cond": "(ci.movie_id = t.id)",
                        "Plans": [
                          {
                            "Node Type": "Bitmap Heap Scan",
                            "Parent Relationship": "Outer",
                            "Parallel Aware": true,
                            "Relation Name": "cast_info",
                            "Alias": "ci",
                            "Startup Cost": 25154.94,
                            "Total Cost": 286216.11,
                            "Plan Rows": 669934,
                            "Plan Width": 4,
                            "Actual Startup Time": 37.847,
                            "Actual Total Time": 97.744,
                            "Actual Rows": 576872,
                            "Actual Loops": 2,
                            "Recheck Cond": "(person_id < 117565)",
                            "Rows Removed by Index Recheck": 0,
                            "Exact Heap Blocks": 6183,
                            "Lossy Heap Blocks": 0,
                            "Plans": [
                              {
                                "Node Type": "Bitmap Index Scan",
                                "Parent Relationship": "Outer",
                                "Parallel Aware": false,
                                "Index Name": "person_id_cast_info",
                                "Startup Cost": 0.0,
                                "Total Cost": 24870.22,
                                "Plan Rows": 1138887,
                                "Plan Width": 0,
                                "Actual Startup Time": 36.139,
                                "Actual Total Time": 36.139,
                                "Actual Rows": 1153745,
                                "Actual Loops": 1,
                                "Index Cond": "(person_id < 117565)"
                              }
                            ]
                          },
                          {
                            "Node Type": "Hash",
                            "Parent Relationship": "Inner",
                            "Parallel Aware": true,
                            "Startup Cost": 50870.31,
                            "Total Cost": 50870.31,
                            "Plan Rows": 1487231,
                            "Plan Width": 4,
                            "Actual Startup Time": 504.643,
                            "Actual Total Time": 504.644,
                            "Actual Rows": 1264156,
                            "Actual Loops": 2,
                            "Hash Buckets": 4194304,
                            "Original Hash Buckets": 4194304,
                            "Hash Batches": 1,
                            "Original Hash Batches": 1,
                            "Peak Memory Usage": 131712,
                            "Plans": [
                              {
                                "Node Type": "Seq Scan",
                                "Parent Relationship": "Outer",
                                "Parallel Aware": true,
                                "Relation Name": "title",
                                "Alias": "t",
                                "Startup Cost": 0.0,
                                "Total Cost": 50870.31,
                                "Plan Rows": 1487231,
                                "Plan Width": 4,
                                "Actual Startup Time": 0.028,
                                "Actual Total Time": 150.556,
                                "Actual Rows": 1264156,
                                "Actual Loops": 2
                              }
                            ]
                          }
                        ]
                      }
                    ]
                  }
                ]
              }
            ]
          }
        ]
      }
    ]
  },
  "Planning Time": 0.994,
  "Triggers": [],
  "Execution Time": 1340.489
}