[
  {
    "Plan": {
      "Node Type": "Aggregate",
      "Strategy": "Plain",
      "Partial Mode": "Finalize",
      "Parallel Aware": false,
      "Startup Cost": 31837.98,
      "Total Cost": 31837.99,
      "Plan Rows": 1,
      "Plan Width": 8,
      "Actual Startup Time": 115.3,
      "Actual Total Time": 122.7,
      "Actual Rows": 1,
      "Actual Loops": 1,
      "Plans": [
        {
          "Node Type": "Gather",
          "Parent Relationship": "Outer",
          "Parallel Aware": false,
          "Startup Cost": 31837.66,
          "Total Cost": 31837.97,
          "Plan Rows": 3,
          "Plan Width": 8,
          "Actual Startup Time": 115.095,
          "Actual Total Time": 122.692,
          "Actual Rows": 4,
          "Actual Loops": 1,
          "Workers Planned": 3,
          "Workers Launched": 3,
          "Single Copy": false,
          "Plans": [
            {
              "Node Type": "Aggregate",
              "Strategy": "Plain",
              "Partial Mode": "Partial",
              "Parent Relationship": "Outer",
              "Parallel Aware": false,
              "Startup Cost": 30837.66,
              "Total Cost": 30837.67,
              "Plan Rows": 1,
              "Plan Width": 8,
              "Actual Startup Time": 108.683,
              "Actual Total Time": 108.684,
              "Actual Rows": 1,
              "Actual Loops": 4,
              "Plans": [
                {
                  "Node Type": "Seq Scan",
                  "Parent Relationship": "Outer",
                  "Parallel Aware": true,
                  "Relation Name": "movie_companies",
                  "Alias": "mc",
                  "Startup Cost": 0.0,
                  "Total Cost": 29310.68,
                  "Plan Rows": 610793,
                  "Plan Width": 0,
                  "Actual Startup Time": 0.818,
                  "Actual Total Time": 86.122,
                  "Actual Rows": 474151,
                  "Actual Loops": 4,
                  "Filter": "(company_id > 1371)",
                  "Rows Removed by Filter": 178132
                }
              ]
            }
          ]
        }
      ]
    },
    "Planning Time": 0.188,
    "Triggers": [],
    "Execution Time": 122.756
  }
]