[
    {
        "Bao": {
            "Bao prediction": "NaN",
            "Bao recommended hint": "(no hint)"
        }
    },
    {
        "Plan": {
            "Node Type": "Aggregate",
            "Strategy": "Plain",
            "Partial Mode": "Finalize",
            "Parallel Aware": false,
            "Startup Cost": 36306.22,
            "Total Cost": 36306.23,
            "Plan Rows": 1,
            "Plan Width": 8,
            "Actual Startup Time": 104.373,
            "Actual Total Time": 109.585,
            "Actual Rows": 1,
            "Actual Loops": 1,
            "Output": [
                "count(*)"
            ],
            "Plans": [
                {
                    "Node Type": "Gather",
                    "Parent Relationship": "Outer",
                    "Parallel Aware": false,
                    "Startup Cost": 36305.91,
                    "Total Cost": 36306.22,
                    "Plan Rows": 3,
                    "Plan Width": 8,
                    "Actual Startup Time": 104.013,
                    "Actual Total Time": 109.576,
                    "Actual Rows": 4,
                    "Actual Loops": 1,
                    "Output": [
                        "(PARTIAL count(*))"
                    ],
                    "Workers Planned": 3,
                    "Workers Launched": 3,
                    "Single Copy": false,
                    "Plans": [
                        {
                            "Node Type": "Aggregate",
                            "Strategy": "Plain",
                            "Partial Mode": "Partial",
                            "Parent Relationship": "Outer",
                            "Parallel Aware": false,
                            "Startup Cost": 35305.91,
                            "Total Cost": 35305.92,
                            "Plan Rows": 1,
                            "Plan Width": 8,
                            "Actual Startup Time": 95.688,
                            "Actual Total Time": 95.69,
                            "Actual Rows": 1,
                            "Actual Loops": 4,
                            "Output": [
                                "PARTIAL count(*)"
                            ],
                            "Workers": [
                                {
                                    "Worker Number": 0,
                                    "Actual Startup Time": 92.872,
                                    "Actual Total Time": 92.873,
                                    "Actual Rows": 1,
                                    "Actual Loops": 1
                                },
                                {
                                    "Worker Number": 1,
                                    "Actual Startup Time": 93.079,
                                    "Actual Total Time": 93.081,
                                    "Actual Rows": 1,
                                    "Actual Loops": 1
                                },
                                {
                                    "Worker Number": 2,
                                    "Actual Startup Time": 93.081,
                                    "Actual Total Time": 93.082,
                                    "Actual Rows": 1,
                                    "Actual Loops": 1
                                }
                            ],
                            "Plans": [
                                {
                                    "Node Type": "Bitmap Heap Scan",
                                    "Parent Relationship": "Outer",
                                    "Parallel Aware": true,
                                    "Relation Name": "movie_keyword",
                                    "Schema": "public",
                                    "Alias": "mk",
                                    "Startup Cost": 8836.48,
                                    "Total Cost": 34970.0,
                                    "Plan Rows": 134362,
                                    "Plan Width": 0,
                                    "Actual Startup Time": 22.461,
                                    "Actual Total Time": 89.209,
                                    "Actual Rows": 101748,
                                    "Actual Loops": 4,
                                    "Recheck Cond": "(mk.keyword_id > 42551)",
                                    "Rows Removed by Index Recheck": 0,
                                    "Exact Heap Blocks": 10405,
                                    "Lossy Heap Blocks": 0,
                                    "Workers": [
                                        {
                                            "Worker Number": 0,
                                            "Actual Startup Time": 19.752,
                                            "Actual Total Time": 86.783,
                                            "Actual Rows": 66793,
                                            "Actual Loops": 1
                                        },
                                        {
                                            "Worker Number": 1,
                                            "Actual Startup Time": 20.025,
                                            "Actual Total Time": 87.074,
                                            "Actual Rows": 86603,
                                            "Actual Loops": 1
                                        },
                                        {
                                            "Worker Number": 2,
                                            "Actual Startup Time": 19.858,
                                            "Actual Total Time": 87.002,
                                            "Actual Rows": 65855,
                                            "Actual Loops": 1
                                        }
                                    ],
                                    "Plans": [
                                        {
                                            "Node Type": "Bitmap Index Scan",
                                            "Parent Relationship": "Outer",
                                            "Parallel Aware": false,
                                            "Index Name": "keyword_id_movie_keyword",
                                            "Startup Cost": 0.0,
                                            "Total Cost": 8732.35,
                                            "Plan Rows": 416522,
                                            "Plan Width": 0,
                                            "Actual Startup Time": 26.913,
                                            "Actual Total Time": 26.914,
                                            "Actual Rows": 406991,
                                            "Actual Loops": 1,
                                            "Index Cond": "(mk.keyword_id > 42551)"
                                        }
                                    ]
                                }
                            ]
                        }
                    ]
                }
            ]
        },
        "Planning Time": 223.69,
        "Triggers": [],
        "Execution Time": 109.645
    }
]