[
  {
    "Plan": {
      "Node Type": "Aggregate",
      "Strategy": "Plain",
      "Partial Mode": "Simple",
      "Parallel Aware": false,
      "Startup Cost": 987.1,
      "Total Cost": 987.11,
      "Plan Rows": 1,
      "Plan Width": 8,
      "Actual Startup Time": 6.571,
      "Actual Total Time": 6.572,
      "Actual Rows": 1,
      "Actual Loops": 1,
      "Plans": [
        {
          "Node Type": "Index Scan",
          "Parent Relationship": "Outer",
          "Parallel Aware": false,
          "Scan Direction": "Forward",
          "Index Name": "person_id_cast_info",
          "Relation Name": "cast_info",
          "Alias": "ci",
          "Startup Cost": 0.56,
          "Total Cost": 987.07,
          "Plan Rows": 14,
          "Plan Width": 0,
          "Actual Startup Time": 6.562,
          "Actual Total Time": 6.567,
          "Actual Rows": 8,
          "Actual Loops": 1,
          "Index Cond": "(person_id = 3147582)",
          "Rows Removed by Index Recheck": 0,
          "Filter": "(role_id = 9)",
          "Rows Removed by Filter": 33
        }
      ]
    },
    "Planning Time": 0.208,
    "Triggers": [],
    "Execution Time": 6.612
  }
]