[
  {
    "Plan": {
      "Node Type": "Aggregate",
      "Strategy": "Plain",
      "Partial Mode": "Finalize",
      "Parallel Aware": false,
      "Startup Cost": 120460.16,
      "Total Cost": 120460.17,
      "Plan Rows": 1,
      "Plan Width": 8,
      "Actual Startup Time": 645.423,
      "Actual Total Time": 664.469,
      "Actual Rows": 1,
      "Actual Loops": 1,
      "Plans": [
        {
          "Node Type": "Gather",
          "Parent Relationship": "Outer",
          "Parallel Aware": false,
          "Startup Cost": 120459.84,
          "Total Cost": 120460.15,
          "Plan Rows": 3,
          "Plan Width": 8,
          "Actual Startup Time": 642.241,
          "Actual Total Time": 664.458,
          "Actual Rows": 4,
          "Actual Loops": 1,
          "Workers Planned": 3,
          "Workers Launched": 3,
          "Single Copy": false,
          "Plans": [
            {
              "Node Type": "Aggregate",
              "Strategy": "Plain",
              "Partial Mode": "Partial",
              "Parent Relationship": "Outer",
              "Parallel Aware": false,
              "Startup Cost": 119459.84,
              "Total Cost": 119459.85,
              "Plan Rows": 1,
              "Plan Width": 8,
              "Actual Startup Time": 634.188,
              "Actual Total Time": 634.383,
              "Actual Rows": 1,
              "Actual Loops": 4,
              "Plans": [
                {
                  "Node Type": "Hash Join",
                  "Parent Relationship": "Outer",
                  "Parallel Aware": true,
                  "Join Type": "Inner",
                  "Startup Cost": 88521.63,
                  "Total Cost": 119208.58,
                  "Plan Rows": 100503,
                  "Plan Width": 0,
                  "Actual Startup Time": 379.028,
                  "Actual Total Time": 593.688,
                  "Actual Rows": 905748,
                  "Actual Loops": 4,
                  "Inner Unique": false,
                  "Hash Cond": "(mc.movie_id = t.id)",
                  "Plans": [
                    {
                      "Node Type": "Seq Scan",
                      "Parent Relationship": "Outer",
                      "Parallel Aware": true,
                      "Relation Name": "movie_companies",
                      "Alias": "mc",
                      "Startup Cost": 0.0,
                      "Total Cost": 27206.55,
                      "Plan Rows": 841655,
                      "Plan Width": 4,
                      "Actual Startup Time": 0.021,
                      "Actual Total Time": 61.762,
                      "Actual Rows": 652282,
                      "Actual Loops": 4
                    },
                    {
                      "Node Type": "Hash",
                      "Parent Relationship": "Inner",
                      "Parallel Aware": true,
                      "Startup Cost": 87304.27,
                      "Total Cost": 87304.27,
                      "Plan Rows": 97389,
                      "Plan Width": 8,
                      "Actual Startup Time": 375.102,
                      "Actual Total Time": 375.295,
                      "Actual Rows": 139490,
                      "Actual Loops": 4,
                      "Hash Buckets": 1048576,
                      "Original Hash Buckets": 524288,
                      "Hash Batches": 1,
                      "Original Hash Batches": 1,
                      "Peak Memory Usage": 34176,
                      "Plans": [
                        {
                          "Node Type": "Hash Join",
                          "Parent Relationship": "Outer",
                          "Parallel Aware": true,
                          "Join Type": "Inner",
                          "Startup Cost": 44426.19,
                          "Total Cost": 87304.27,
                          "Plan Rows": 97389,
                          "Plan Width": 8,
                          "Actual Startup Time": 120.556,
                          "Actual Total Time": 329.797,
                          "Actual Rows": 139490,
                          "Actual Loops": 4,
                          "Inner Unique": true,
                          "Hash Cond": "(mk.movie_id = t.id)",
                          "Plans": [
                            {
                              "Node Type": "Seq Scan",
                              "Parent Relationship": "Outer",
                              "Parallel Aware": true,
                              "Relation Name": "movie_keyword",
                              "Alias": "mk",
                              "Startup Cost": 0.0,
                              "Total Cost": 39047.32,
                              "Plan Rows": 1459332,
                              "Plan Width": 4,
                              "Actual Startup Time": 0.028,
                              "Actual Total Time": 96.284,
                              "Actual Rows": 1130982,
                              "Actual Loops": 4
                            },
                            {
                              "Node Type": "Hash",
                              "Parent Relationship": "Inner",
                              "Parallel Aware": true,
                              "Startup Cost": 43898.92,
                              "Total Cost": 43898.92,
                              "Plan Rows": 42182,
                              "Plan Width": 4,
                              "Actual Startup Time": 118.803,
                              "Actual Total Time": 118.804,
                              "Actual Rows": 43652,
                              "Actual Loops": 4,
                              "Hash Buckets": 262144,
                              "Original Hash Buckets": 262144,
                              "Hash Batches": 1,
                              "Original Hash Batches": 1,
                              "Peak Memory Usage": 8960,
                              "Plans": [
                                {
                                  "Node Type": "Seq Scan",
                                  "Parent Relationship": "Outer",
                                  "Parallel Aware": true,
                                  "Relation Name": "title",
                                  "Alias": "t",
                                  "Startup Cost": 0.0,
                                  "Total Cost": 43898.92,
                                  "Plan Rows": 42182,
                                  "Plan Width": 4,
                                  "Actual Startup Time": 0.21,
                                  "Actual Total Time": 100.489,
                                  "Actual Rows": 43652,
                                  "Actual Loops": 4,
                                  "Filter": "(production_year < 1952)",
                                  "Rows Removed by Filter": 588426
                                }
                              ]
                            }
                          ]
                        }
                      ]
                    }
                  ]
                }
              ]
            }
          ]
        }
      ]
    },
    "Planning Time": 1.438,
    "Triggers": [],
    "Execution Time": 664.552
  }
]