[
  {
    "Plan": {
      "Node Type": "Aggregate",
      "Strategy": "Plain",
      "Partial Mode": "Finalize",
      "Parallel Aware": false,
      "Startup Cost": 84948.15,
      "Total Cost": 84948.16,
      "Plan Rows": 1,
      "Plan Width": 8,
      "Actual Startup Time": 240.805,
      "Actual Total Time": 258.694,
      "Actual Rows": 1,
      "Actual Loops": 1,
      "Plans": [
        {
          "Node Type": "Gather",
          "Parent Relationship": "Outer",
          "Parallel Aware": false,
          "Startup Cost": 84947.83,
          "Total Cost": 84948.14,
          "Plan Rows": 3,
          "Plan Width": 8,
          "Actual Startup Time": 240.123,
          "Actual Total Time": 258.685,
          "Actual Rows": 4,
          "Actual Loops": 1,
          "Workers Planned": 3,
          "Workers Launched": 3,
          "Single Copy": false,
          "Plans": [
            {
              "Node Type": "Aggregate",
              "Strategy": "Plain",
              "Partial Mode": "Partial",
              "Parent Relationship": "Outer",
              "Parallel Aware": false,
              "Startup Cost": 83947.83,
              "Total Cost": 83947.84,
              "Plan Rows": 1,
              "Plan Width": 8,
              "Actual Startup Time": 234.195,
              "Actual Total Time": 234.199,
              "Actual Rows": 1,
              "Actual Loops": 4,
              "Plans": [
                {
                  "Node Type": "Hash Join",
                  "Parent Relationship": "Outer",
                  "Parallel Aware": true,
                  "Join Type": "Inner",
                  "Startup Cost": 56607.8,
                  "Total Cost": 83934.82,
                  "Plan Rows": 5204,
                  "Plan Width": 0,
                  "Actual Startup Time": 144.193,
                  "Actual Total Time": 234.011,
                  "Actual Rows": 1427,
                  "Actual Loops": 4,
                  "Inner Unique": true,
                  "Hash Cond": "(mk.movie_id = t.id)",
                  "Plans": [
                    {
                      "Node Type": "Bitmap Heap Scan",
                      "Parent Relationship": "Outer",
                      "Parallel Aware": true,
                      "Relation Name": "movie_keyword",
                      "Alias": "mk",
                      "Startup Cost": 12492.03,
                      "Total Cost": 39320.43,
                      "Plan Rows": 189952,
                      "Plan Width": 4,
                      "Actual Startup Time": 36.452,
                      "Actual Total Time": 103.494,
                      "Actual Rows": 150288,
                      "Actual Loops": 4,
                      "Recheck Cond": "(keyword_id < 445)",
                      "Rows Removed by Index Recheck": 0,
                      "Exact Heap Blocks": 10031,
                      "Lossy Heap Blocks": 0,
                      "Plans": [
                        {
                          "Node Type": "Bitmap Index Scan",
                          "Parent Relationship": "Outer",
                          "Parallel Aware": false,
                          "Index Name": "keyword_id_movie_keyword",
                          "Startup Cost": 0.0,
                          "Total Cost": 12344.82,
                          "Plan Rows": 588851,
                          "Plan Width": 0,
                          "Actual Startup Time": 32.893,
                          "Actual Total Time": 32.893,
                          "Actual Rows": 601152,
                          "Actual Loops": 1,
                          "Index Cond": "(keyword_id < 445)"
                        }
                      ]
                    },
                    {
                      "Node Type": "Hash",
                      "Parent Relationship": "Inner",
                      "Parallel Aware": true,
                      "Startup Cost": 43899.32,
                      "Total Cost": 43899.32,
                      "Plan Rows": 17316,
                      "Plan Width": 4,
                      "Actual Startup Time": 105.938,
                      "Actual Total Time": 105.939,
                      "Actual Rows": 16836,
                      "Actual Loops": 4,
                      "Hash Buckets": 131072,
                      "Original Hash Buckets": 131072,
                      "Hash Batches": 1,
                      "Original Hash Batches": 1,
                      "Peak Memory Usage": 3712,
                      "Plans": [
                        {
                          "Node Type": "Seq Scan",
                          "Parent Relationship": "Outer",
                          "Parallel Aware": true,
                          "Relation Name": "title",
                          "Alias": "t",
                          "Startup Cost": 0.0,
                          "Total Cost": 43899.32,
                          "Plan Rows": 17316,
                          "Plan Width": 4,
                          "Actual Startup Time": 0.048,
                          "Actual Total Time": 98.412,
                          "Actual Rows": 16836,
                          "Actual Loops": 4,
                          "Filter": "(production_year > 2012)",
                          "Rows Removed by Filter": 615242
                        }
                      ]
                    }
                  ]
                }
              ]
            }
          ]
        }
      ]
    },
    "Planning Time": 0.591,
    "Triggers": [],
    "Execution Time": 258.779
  }
]