[
  {
    "Plan": {
      "Node Type": "Aggregate",
      "Strategy": "Plain",
      "Partial Mode": "Finalize",
      "Parallel Aware": false,
      "Startup Cost": 33210.19,
      "Total Cost": 33210.2,
      "Plan Rows": 1,
      "Plan Width": 8,
      "Actual Startup Time": 113.5,
      "Actual Total Time": 122.225,
      "Actual Rows": 1,
      "Actual Loops": 1,
      "Plans": [
        {
          "Node Type": "Gather",
          "Parent Relationship": "Outer",
          "Parallel Aware": false,
          "Startup Cost": 33209.87,
          "Total Cost": 33210.18,
          "Plan Rows": 3,
          "Plan Width": 8,
          "Actual Startup Time": 113.378,
          "Actual Total Time": 122.212,
          "Actual Rows": 4,
          "Actual Loops": 1,
          "Workers Planned": 3,
          "Workers Launched": 3,
          "Single Copy": false,
          "Plans": [
            {
              "Node Type": "Aggregate",
              "Strategy": "Plain",
              "Partial Mode": "Partial",
              "Parent Relationship": "Outer",
              "Parallel Aware": false,
              "Startup Cost": 32209.87,
              "Total Cost": 32209.88,
              "Plan Rows": 1,
              "Plan Width": 8,
              "Actual Startup Time": 105.019,
              "Actual Total Time": 105.02,
              "Actual Rows": 1,
              "Actual Loops": 4,
              "Plans": [
                {
                  "Node Type": "Seq Scan",
                  "Parent Relationship": "Outer",
                  "Parallel Aware": true,
                  "Relation Name": "movie_companies",
                  "Alias": "mc",
                  "Startup Cost": 0.0,
                  "Total Cost": 31414.82,
                  "Plan Rows": 318020,
                  "Plan Width": 0,
                  "Actual Startup Time": 0.405,
                  "Actual Total Time": 92.176,
                  "Actual Rows": 212195,
                  "Actual Loops": 4,
                  "Filter": "((company_id > 669) AND (company_type_id = 1))",
                  "Rows Removed by Filter": 440088
                }
              ]
            }
          ]
        }
      ]
    },
    "Planning Time": 0.237,
    "Triggers": [],
    "Execution Time": 122.285
  }
]