[
  {
    "Plan": {
      "Node Type": "Aggregate",
      "Strategy": "Plain",
      "Partial Mode": "Finalize",
      "Parallel Aware": false,
      "Startup Cost": 33257.95,
      "Total Cost": 33257.96,
      "Plan Rows": 1,
      "Plan Width": 8,
      "Actual Startup Time": 70.138,
      "Actual Total Time": 82.488,
      "Actual Rows": 1,
      "Actual Loops": 1,
      "Plans": [
        {
          "Node Type": "Gather",
          "Parent Relationship": "Outer",
          "Parallel Aware": false,
          "Startup Cost": 33257.74,
          "Total Cost": 33257.95,
          "Plan Rows": 2,
          "Plan Width": 8,
          "Actual Startup Time": 69.858,
          "Actual Total Time": 82.479,
          "Actual Rows": 3,
          "Actual Loops": 1,
          "Workers Planned": 2,
          "Workers Launched": 2,
          "Single Copy": false,
          "Plans": [
            {
              "Node Type": "Aggregate",
              "Strategy": "Plain",
              "Partial Mode": "Partial",
              "Parent Relationship": "Outer",
              "Parallel Aware": false,
              "Startup Cost": 32257.74,
              "Total Cost": 32257.75,
              "Plan Rows": 1,
              "Plan Width": 8,
              "Actual Startup Time": 61.603,
              "Actual Total Time": 61.605,
              "Actual Rows": 1,
              "Actual Loops": 3,
              "Plans": [
                {
                  "Node Type": "Nested Loop",
                  "Parent Relationship": "Outer",
                  "Parallel Aware": false,
                  "Join Type": "Inner",
                  "Startup Cost": 125.7,
                  "Total Cost": 32251.58,
                  "Plan Rows": 2464,
                  "Plan Width": 0,
                  "Actual Startup Time": 2.977,
                  "Actual Total Time": 60.563,
                  "Actual Rows": 12257,
                  "Actual Loops": 3,
                  "Inner Unique": false,
                  "Plans": [
                    {
                      "Node Type": "Nested Loop",
                      "Parent Relationship": "Outer",
                      "Parallel Aware": false,
                      "Join Type": "Inner",
                      "Startup Cost": 125.27,
                      "Total Cost": 30789.43,
                      "Plan Rows": 2388,
                      "Plan Width": 8,
                      "Actual Startup Time": 2.524,
                      "Actual Total Time": 33.037,
                      "Actual Rows": 1957,
                      "Actual Loops": 3,
                      "Inner Unique": true,
                      "Plans": [
                        {
                          "Node Type": "Bitmap Heap Scan",
                          "Parent Relationship": "Outer",
                          "Parallel Aware": true,
                          "Relation Name": "movie_keyword",
                          "Alias": "mk",
                          "Startup Cost": 124.84,
                          "Total Cost": 13625.77,
                          "Plan Rows": 2388,
                          "Plan Width": 4,
                          "Actual Startup Time": 2.309,
                          "Actual Total Time": 10.649,
                          "Actual Rows": 1957,
                          "Actual Loops": 3,
                          "Recheck Cond": "(keyword_id = 2860)",
                          "Rows Removed by Index Recheck": 0,
                          "Exact Heap Blocks": 3006,
                          "Lossy Heap Blocks": 0,
                          "Plans": [
                            {
                              "Node Type": "Bitmap Index Scan",
                              "Parent Relationship": "Outer",
                              "Parallel Aware": false,
                              "Index Name": "keyword_id_movie_keyword",
                              "Startup Cost": 0.0,
                              "Total Cost": 123.41,
                              "Plan Rows": 5730,
                              "Plan Width": 0,
                              "Actual Startup Time": 4.291,
                              "Actual Total Time": 4.292,
                              "Actual Rows": 5871,
                              "Actual Loops": 1,
                              "Index Cond": "(keyword_id = 2860)"
                            }
                          ]
                        },
                        {
                          "Node Type": "Index Only Scan",
                          "Parent Relationship": "Inner",
                          "Parallel Aware": false,
                          "Scan Direction": "Forward",
                          "Index Name": "title_pkey",
                          "Relation Name": "title",
                          "Alias": "t",
                          "Startup Cost": 0.43,
                          "Total Cost": 7.19,
                          "Plan Rows": 1,
                          "Plan Width": 4,
                          "Actual Startup Time": 0.011,
                          "Actual Total Time": 0.011,
                          "Actual Rows": 1,
                          "Actual Loops": 5871,
                          "Index Cond": "(id = mk.movie_id)",
                          "Rows Removed by Index Recheck": 0,
                          "Heap Fetches": 5871
                        }
                      ]
                    },
                    {
                      "Node Type": "Index Only Scan",
                      "Parent Relationship": "Inner",
                      "Parallel Aware": false,
                      "Scan Direction": "Forward",
                      "Index Name": "movie_id_movie_companies",
                      "Relation Name": "movie_companies",
                      "Alias": "mc",
                      "Startup Cost": 0.43,
                      "Total Cost": 0.56,
                      "Plan Rows": 5,
                      "Plan Width": 4,
                      "Actual Startup Time": 0.009,
                      "Actual Total Time": 0.013,
                      "Actual Rows": 6,
                      "Actual Loops": 5871,
                      "Index Cond": "(movie_id = t.id)",
                      "Rows Removed by Index Recheck": 0,
                      "Heap Fetches": 36772
                    }
                  ]
                }
              ]
            }
          ]
        }
      ]
    },
    "Planning Time": 1.306,
    "Triggers": [],
    "Execution Time": 82.584
  }
]