[
  {
    "Plan": {
      "Node Type": "Aggregate",
      "Strategy": "Plain",
      "Partial Mode": "Finalize",
      "Parallel Aware": false,
      "Startup Cost": 338260.04,
      "Total Cost": 338260.05,
      "Plan Rows": 1,
      "Plan Width": 8,
      "Actual Startup Time": 801.437,
      "Actual Total Time": 861.574,
      "Actual Rows": 1,
      "Actual Loops": 1,
      "Plans": [
        {
          "Node Type": "Gather",
          "Parent Relationship": "Outer",
          "Parallel Aware": false,
          "Startup Cost": 338259.42,
          "Total Cost": 338260.03,
          "Plan Rows": 6,
          "Plan Width": 8,
          "Actual Startup Time": 801.341,
          "Actual Total Time": 861.563,
          "Actual Rows": 7,
          "Actual Loops": 1,
          "Workers Planned": 6,
          "Workers Launched": 6,
          "Single Copy": false,
          "Plans": [
            {
              "Node Type": "Aggregate",
              "Strategy": "Plain",
              "Partial Mode": "Partial",
              "Parent Relationship": "Outer",
              "Parallel Aware": false,
              "Startup Cost": 337259.42,
              "Total Cost": 337259.43,
              "Plan Rows": 1,
              "Plan Width": 8,
              "Actual Startup Time": 792.736,
              "Actual Total Time": 792.737,
              "Actual Rows": 1,
              "Actual Loops": 7,
              "Plans": [
                {
                  "Node Type": "Seq Scan",
                  "Parent Relationship": "Outer",
                  "Parallel Aware": true,
                  "Relation Name": "cast_info",
                  "Alias": "ci",
                  "Startup Cost": 0.0,
                  "Total Cost": 328162.03,
                  "Plan Rows": 3638956,
                  "Plan Width": 0,
                  "Actual Startup Time": 167.878,
                  "Actual Total Time": 647.043,
                  "Actual Rows": 3121177,
                  "Actual Loops": 7,
                  "Filter": "(person_id > 1417431)",
                  "Rows Removed by Filter": 2056586
                }
              ]
            }
          ]
        }
      ]
    },
    "Planning Time": 0.201,
    "Triggers": [],
    "Execution Time": 861.645
  }
]