[
  {
    "Plan": {
      "Node Type": "Aggregate",
      "Strategy": "Plain",
      "Partial Mode": "Finalize",
      "Parallel Aware": false,
      "Startup Cost": 32186.79,
      "Total Cost": 32186.8,
      "Plan Rows": 1,
      "Plan Width": 8,
      "Actual Startup Time": 117.653,
      "Actual Total Time": 124.985,
      "Actual Rows": 1,
      "Actual Loops": 1,
      "Plans": [
        {
          "Node Type": "Gather",
          "Parent Relationship": "Outer",
          "Parallel Aware": false,
          "Startup Cost": 32186.47,
          "Total Cost": 32186.78,
          "Plan Rows": 3,
          "Plan Width": 8,
          "Actual Startup Time": 117.571,
          "Actual Total Time": 124.978,
          "Actual Rows": 4,
          "Actual Loops": 1,
          "Workers Planned": 3,
          "Workers Launched": 3,
          "Single Copy": false,
          "Plans": [
            {
              "Node Type": "Aggregate",
              "Strategy": "Plain",
              "Partial Mode": "Partial",
              "Parent Relationship": "Outer",
              "Parallel Aware": false,
              "Startup Cost": 31186.47,
              "Total Cost": 31186.48,
              "Plan Rows": 1,
              "Plan Width": 8,
              "Actual Startup Time": 110.781,
              "Actual Total Time": 110.782,
              "Actual Rows": 1,
              "Actual Loops": 4,
              "Plans": [
                {
                  "Node Type": "Seq Scan",
                  "Parent Relationship": "Outer",
                  "Parallel Aware": true,
                  "Relation Name": "movie_companies",
                  "Alias": "mc",
                  "Startup Cost": 0.0,
                  "Total Cost": 29310.68,
                  "Plan Rows": 750317,
                  "Plan Width": 0,
                  "Actual Startup Time": 0.037,
                  "Actual Total Time": 82.442,
                  "Actual Rows": 582014,
                  "Actual Loops": 4,
                  "Filter": "(company_id < 95839)",
                  "Rows Removed by Filter": 70268
                }
              ]
            }
          ]
        }
      ]
    },
    "Planning Time": 0.186,
    "Triggers": [],
    "Execution Time": 125.038
  }
]