[
  {
    "Plan": {
      "Node Type": "Aggregate",
      "Strategy": "Plain",
      "Partial Mode": "Finalize",
      "Parallel Aware": false,
      "Startup Cost": 124569.16,
      "Total Cost": 124569.17,
      "Plan Rows": 1,
      "Plan Width": 8,
      "Actual Startup Time": 580.202,
      "Actual Total Time": 602.756,
      "Actual Rows": 1,
      "Actual Loops": 1,
      "Plans": [
        {
          "Node Type": "Gather",
          "Parent Relationship": "Outer",
          "Parallel Aware": false,
          "Startup Cost": 124568.84,
          "Total Cost": 124569.15,
          "Plan Rows": 3,
          "Plan Width": 8,
          "Actual Startup Time": 577.425,
          "Actual Total Time": 602.75,
          "Actual Rows": 4,
          "Actual Loops": 1,
          "Workers Planned": 3,
          "Workers Launched": 3,
          "Single Copy": false,
          "Plans": [
            {
              "Node Type": "Aggregate",
              "Strategy": "Plain",
              "Partial Mode": "Partial",
              "Parent Relationship": "Outer",
              "Parallel Aware": false,
              "Startup Cost": 123568.84,
              "Total Cost": 123568.85,
              "Plan Rows": 1,
              "Plan Width": 8,
              "Actual Startup Time": 569.663,
              "Actual Total Time": 569.669,
              "Actual Rows": 1,
              "Actual Loops": 4,
              "Plans": [
                {
                  "Node Type": "Hash Join",
                  "Parent Relationship": "Outer",
                  "Parallel Aware": true,
                  "Join Type": "Inner",
                  "Startup Cost": 78269.18,
                  "Total Cost": 123228.35,
                  "Plan Rows": 136198,
                  "Plan Width": 0,
                  "Actual Startup Time": 311.666,
                  "Actual Total Time": 526.633,
                  "Actual Rows": 1086013,
                  "Actual Loops": 4,
                  "Inner Unique": false,
                  "Hash Cond": "(mk.movie_id = t.id)",
                  "Plans": [
                    {
                      "Node Type": "Seq Scan",
                      "Parent Relationship": "Outer",
                      "Parallel Aware": true,
                      "Relation Name": "movie_keyword",
                      "Alias": "mk",
                      "Startup Cost": 0.0,
                      "Total Cost": 39047.32,
                      "Plan Rows": 1459332,
                      "Plan Width": 4,
                      "Actual Startup Time": 0.053,
                      "Actual Total Time": 82.186,
                      "Actual Rows": 1130982,
                      "Actual Loops": 4
                    },
                    {
                      "Node Type": "Hash",
                      "Parent Relationship": "Inner",
                      "Parallel Aware": true,
                      "Startup Cost": 77317.67,
                      "Total Cost": 77317.67,
                      "Plan Rows": 76121,
                      "Plan Width": 8,
                      "Actual Startup Time": 276.141,
                      "Actual Total Time": 276.145,
                      "Actual Rows": 79916,
                      "Actual Loops": 4,
                      "Hash Buckets": 524288,
                      "Original Hash Buckets": 262144,
                      "Hash Batches": 1,
                      "Original Hash Batches": 1,
                      "Peak Memory Usage": 18688,
                      "Plans": [
                        {
                          "Node Type": "Hash Join",
                          "Parent Relationship": "Outer",
                          "Parallel Aware": true,
                          "Join Type": "Inner",
                          "Startup Cost": 46877.86,
                          "Total Cost": 77317.67,
                          "Plan Rows": 76121,
                          "Plan Width": 8,
                          "Actual Startup Time": 187.875,
                          "Actual Total Time": 247.337,
                          "Actual Rows": 79916,
                          "Actual Loops": 4,
                          "Inner Unique": true,
                          "Hash Cond": "(mc.movie_id = t.id)",
                          "Plans": [
                            {
                              "Node Type": "Seq Scan",
                              "Parent Relationship": "Outer",
                              "Parallel Aware": true,
                              "Relation Name": "movie_companies",
                              "Alias": "mc",
                              "Startup Cost": 0.0,
                              "Total Cost": 29310.68,
                              "Plan Rows": 430142,
                              "Plan Width": 4,
                              "Actual Startup Time": 28.761,
                              "Actual Total Time": 65.34,
                              "Actual Rows": 333721,
                              "Actual Loops": 4,
                              "Filter": "(company_type_id > 1)",
                              "Rows Removed by Filter": 318562
                            },
                            {
                              "Node Type": "Hash",
                              "Parent Relationship": "Inner",
                              "Parallel Aware": true,
                              "Startup Cost": 45479.59,
                              "Total Cost": 45479.59,
                              "Plan Rows": 111862,
                              "Plan Width": 4,
                              "Actual Startup Time": 124.212,
                              "Actual Total Time": 124.213,
                              "Actual Rows": 81272,
                              "Actual Loops": 4,
                              "Hash Buckets": 524288,
                              "Original Hash Buckets": 524288,
                              "Hash Batches": 1,
                              "Original Hash Batches": 1,
                              "Peak Memory Usage": 16864,
                              "Plans": [
                                {
                                  "Node Type": "Seq Scan",
                                  "Parent Relationship": "Outer",
                                  "Parallel Aware": true,
                                  "Relation Name": "title",
                                  "Alias": "t",
                                  "Startup Cost": 0.0,
                                  "Total Cost": 45479.59,
                                  "Plan Rows": 111862,
                                  "Plan Width": 4,
                                  "Actual Startup Time": 44.405,
                                  "Actual Total Time": 97.021,
                                  "Actual Rows": 81272,
                                  "Actual Loops": 4,
                                  "Filter": "((production_year > 1992) AND (kind_id = 1))",
                                  "Rows Removed by Filter": 550806
                                }
                              ]
                            }
                          ]
                        }
                      ]
                    }
                  ]
                }
              ]
            }
          ]
        }
      ]
    },
    "Planning Time": 0.961,
    "Triggers": [],
    "Execution Time": 602.815
  }
]