[
  {
    "Plan": {
      "Node Type": "Aggregate",
      "Strategy": "Plain",
      "Partial Mode": "Finalize",
      "Parallel Aware": false,
      "Startup Cost": 449786.34,
      "Total Cost": 449786.35,
      "Plan Rows": 1,
      "Plan Width": 8,
      "Actual Startup Time": 3895.811,
      "Actual Total Time": 3960.078,
      "Actual Rows": 1,
      "Actual Loops": 1,
      "Plans": [
        {
          "Node Type": "Gather",
          "Parent Relationship": "Outer",
          "Parallel Aware": false,
          "Startup Cost": 449786.02,
          "Total Cost": 449786.33,
          "Plan Rows": 3,
          "Plan Width": 8,
          "Actual Startup Time": 3881.35,
          "Actual Total Time": 3960.065,
          "Actual Rows": 4,
          "Actual Loops": 1,
          "Workers Planned": 3,
          "Workers Launched": 3,
          "Single Copy": false,
          "Plans": [
            {
              "Node Type": "Aggregate",
              "Strategy": "Plain",
              "Partial Mode": "Partial",
              "Parent Relationship": "Outer",
              "Parallel Aware": false,
              "Startup Cost": 448786.02,
              "Total Cost": 448786.03,
              "Plan Rows": 1,
              "Plan Width": 8,
              "Actual Startup Time": 3874.47,
              "Actual Total Time": 3875.795,
              "Actual Rows": 1,
              "Actual Loops": 4,
              "Plans": [
                {
                  "Node Type": "Hash Join",
                  "Parent Relationship": "Outer",
                  "Parallel Aware": true,
                  "Join Type": "Inner",
                  "Startup Cost": 397839.08,
                  "Total Cost": 446547.49,
                  "Plan Rows": 895415,
                  "Plan Width": 0,
                  "Actual Startup Time": 2506.367,
                  "Actual Total Time": 3459.847,
                  "Actual Rows": 10239879,
                  "Actual Loops": 4,
                  "Inner Unique": false,
                  "Hash Cond": "(mk.movie_id = t.id)",
                  "Plans": [
                    {
                      "Node Type": "Seq Scan",
                      "Parent Relationship": "Outer",
                      "Parallel Aware": true,
                      "Relation Name": "movie_keyword",
                      "Alias": "mk",
                      "Startup Cost": 0.0,
                      "Total Cost": 42695.65,
                      "Plan Rows": 1205438,
                      "Plan Width": 4,
                      "Actual Startup Time": 0.107,
                      "Actual Total Time": 117.232,
                      "Actual Rows": 933425,
                      "Actual Loops": 4,
                      "Filter": "(keyword_id > 750)",
                      "Rows Removed by Filter": 197558
                    },
                    {
                      "Node Type": "Hash",
                      "Parent Relationship": "Inner",
                      "Parallel Aware": true,
                      "Startup Cost": 393926.28,
                      "Total Cost": 393926.28,
                      "Plan Rows": 313024,
                      "Plan Width": 8,
                      "Actual Startup Time": 2501.809,
                      "Actual Total Time": 2503.133,
                      "Actual Rows": 787086,
                      "Actual Loops": 4,
                      "Hash Buckets": 4194304,
                      "Original Hash Buckets": 2097152,
                      "Hash Batches": 1,
                      "Original Hash Batches": 1,
                      "Peak Memory Usage": 172352,
                      "Plans": [
                        {
                          "Node Type": "Hash Join",
                          "Parent Relationship": "Outer",
                          "Parallel Aware": true,
                          "Join Type": "Inner",
                          "Startup Cost": 48341.25,
                          "Total Cost": 393926.28,
                          "Plan Rows": 313024,
                          "Plan Width": 8,
                          "Actual Startup Time": 837.298,
                          "Actual Total Time": 2058.097,
                          "Actual Rows": 787086,
                          "Actual Loops": 4,
                          "Inner Unique": true,
                          "Hash Cond": "(ci.movie_id = t.id)",
                          "Plans": [
                            {
                              "Node Type": "Seq Scan",
                              "Parent Relationship": "Outer",
                              "Parallel Aware": true,
                              "Relation Name": "cast_info",
                              "Alias": "ci",
                              "Startup Cost": 0.0,
                              "Total Cost": 343316.27,
                              "Plan Rows": 864290,
                              "Plan Width": 4,
                              "Actual Startup Time": 652.634,
                              "Actual Total Time": 1188.454,
                              "Actual Rows": 1983484,
                              "Actual Loops": 4,
                              "Filter": "((person_id > 2886161) AND (role_id > 1))",
                              "Rows Removed by Filter": 7077602
                            },
                            {
                              "Node Type": "Hash",
                              "Parent Relationship": "Inner",
                              "Parallel Aware": true,
                              "Startup Cost": 45479.59,
                              "Total Cost": 45479.59,
                              "Plan Rows": 228933,
                              "Plan Width": 4,
                              "Actual Startup Time": 182.915,
                              "Actual Total Time": 182.916,
                              "Actual Rows": 215616,
                              "Actual Loops": 4,
                              "Hash Buckets": 1048576,
                              "Original Hash Buckets": 1048576,
                              "Hash Batches": 1,
                              "Original Hash Batches": 1,
                              "Peak Memory Usage": 42016,
                              "Plans": [
                                {
                                  "Node Type": "Seq Scan",
                                  "Parent Relationship": "Outer",
                                  "Parallel Aware": true,
                                  "Relation Name": "title",
                                  "Alias": "t",
                                  "Startup Cost": 0.0,
                                  "Total Cost": 45479.59,
                                  "Plan Rows": 228933,
                                  "Plan Width": 4,
                                  "Actual Startup Time": 0.036,
                                  "Actual Total Time": 104.944,
                                  "Actual Rows": 215616,
                                  "Actual Loops": 4,
                                  "Filter": "((kind_id < 7) AND (production_year > 1929))",
                                  "Rows Removed by Filter": 416462
                                }
                              ]
                            }
                          ]
                        }
                      ]
                    }
                  ]
                }
              ]
            }
          ]
        }
      ]
    },
    "Planning Time": 0.518,
    "Triggers": [],
    "Execution Time": 3960.137
  }
]