[
    {
        "Bao": {
            "Bao prediction": 460.548,
            "Bao recommended hint": "(no hint)"
        }
    },
    {
        "Plan": {
            "Node Type": "Aggregate",
            "Strategy": "Plain",
            "Partial Mode": "Finalize",
            "Parallel Aware": false,
            "Startup Cost": 31114.47,
            "Total Cost": 31114.48,
            "Plan Rows": 1,
            "Plan Width": 8,
            "Actual Startup Time": 135.617,
            "Actual Total Time": 145.598,
            "Actual Rows": 1,
            "Actual Loops": 1,
            "Output": [
                "count(*)"
            ],
            "Plans": [
                {
                    "Node Type": "Gather",
                    "Parent Relationship": "Outer",
                    "Parallel Aware": false,
                    "Startup Cost": 31114.16,
                    "Total Cost": 31114.47,
                    "Plan Rows": 3,
                    "Plan Width": 8,
                    "Actual Startup Time": 135.501,
                    "Actual Total Time": 145.589,
                    "Actual Rows": 4,
                    "Actual Loops": 1,
                    "Output": [
                        "(PARTIAL count(*))"
                    ],
                    "Workers Planned": 3,
                    "Workers Launched": 3,
                    "Single Copy": false,
                    "Plans": [
                        {
                            "Node Type": "Aggregate",
                            "Strategy": "Plain",
                            "Partial Mode": "Partial",
                            "Parent Relationship": "Outer",
                            "Parallel Aware": false,
                            "Startup Cost": 30114.16,
                            "Total Cost": 30114.17,
                            "Plan Rows": 1,
                            "Plan Width": 8,
                            "Actual Startup Time": 126.476,
                            "Actual Total Time": 126.477,
                            "Actual Rows": 1,
                            "Actual Loops": 4,
                            "Output": [
                                "PARTIAL count(*)"
                            ],
                            "Workers": [
                                {
                                    "Worker Number": 0,
                                    "Actual Startup Time": 123.544,
                                    "Actual Total Time": 123.546,
                                    "Actual Rows": 1,
                                    "Actual Loops": 1
                                },
                                {
                                    "Worker Number": 1,
                                    "Actual Startup Time": 123.518,
                                    "Actual Total Time": 123.52,
                                    "Actual Rows": 1,
                                    "Actual Loops": 1
                                },
                                {
                                    "Worker Number": 2,
                                    "Actual Startup Time": 124.0,
                                    "Actual Total Time": 124.002,
                                    "Actual Rows": 1,
                                    "Actual Loops": 1
                                }
                            ],
                            "Plans": [
                                {
                                    "Node Type": "Seq Scan",
                                    "Parent Relationship": "Outer",
                                    "Parallel Aware": true,
                                    "Relation Name": "movie_companies",
                                    "Schema": "public",
                                    "Alias": "mc",
                                    "Startup Cost": 0.0,
                                    "Total Cost": 29310.68,
                                    "Plan Rows": 321390,
                                    "Plan Width": 0,
                                    "Actual Startup Time": 24.404,
                                    "Actual Total Time": 109.001,
                                    "Actual Rows": 249384,
                                    "Actual Loops": 4,
                                    "Output": [
                                        "id",
                                        "movie_id",
                                        "company_id",
                                        "company_type_id",
                                        "note"
                                    ],
                                    "Filter": "(mc.company_id > 16754)",
                                    "Rows Removed by Filter": 402898,
                                    "Workers": [
                                        {
                                            "Worker Number": 0,
                                            "Actual Startup Time": 21.49,
                                            "Actual Total Time": 107.09,
                                            "Actual Rows": 239194,
                                            "Actual Loops": 1
                                        },
                                        {
                                            "Worker Number": 1,
                                            "Actual Startup Time": 21.455,
                                            "Actual Total Time": 107.197,
                                            "Actual Rows": 232468,
                                            "Actual Loops": 1
                                        },
                                        {
                                            "Worker Number": 2,
                                            "Actual Startup Time": 21.921,
                                            "Actual Total Time": 107.679,
                                            "Actual Rows": 235702,
                                            "Actual Loops": 1
                                        }
                                    ]
                                }
                            ]
                        }
                    ]
                }
            ]
        },
        "Planning Time": 1619.699,
        "Triggers": [],
        "Execution Time": 145.723
    }
]