[
  {
    "Plan": {
      "Node Type": "Aggregate",
      "Strategy": "Plain",
      "Partial Mode": "Finalize",
      "Parallel Aware": false,
      "Startup Cost": 50411.12,
      "Total Cost": 50411.13,
      "Plan Rows": 1,
      "Plan Width": 8,
      "Actual Startup Time": 92.274,
      "Actual Total Time": 105.403,
      "Actual Rows": 1,
      "Actual Loops": 1,
      "Plans": [
        {
          "Node Type": "Gather",
          "Parent Relationship": "Outer",
          "Parallel Aware": false,
          "Startup Cost": 50410.7,
          "Total Cost": 50411.11,
          "Plan Rows": 4,
          "Plan Width": 8,
          "Actual Startup Time": 91.923,
          "Actual Total Time": 105.391,
          "Actual Rows": 5,
          "Actual Loops": 1,
          "Workers Planned": 4,
          "Workers Launched": 4,
          "Single Copy": false,
          "Plans": [
            {
              "Node Type": "Aggregate",
              "Strategy": "Plain",
              "Partial Mode": "Partial",
              "Parent Relationship": "Outer",
              "Parallel Aware": false,
              "Startup Cost": 49410.7,
              "Total Cost": 49410.71,
              "Plan Rows": 1,
              "Plan Width": 8,
              "Actual Startup Time": 83.474,
              "Actual Total Time": 83.478,
              "Actual Rows": 1,
              "Actual Loops": 5,
              "Plans": [
                {
                  "Node Type": "Nested Loop",
                  "Parent Relationship": "Outer",
                  "Parallel Aware": false,
                  "Join Type": "Inner",
                  "Startup Cost": 2169.61,
                  "Total Cost": 49399.06,
                  "Plan Rows": 4654,
                  "Plan Width": 0,
                  "Actual Startup Time": 17.773,
                  "Actual Total Time": 82.483,
                  "Actual Rows": 10847,
                  "Actual Loops": 5,
                  "Inner Unique": false,
                  "Join Filter": "(t.id = mi.movie_id)",
                  "Rows Removed by Join Filter": 0,
                  "Plans": [
                    {
                      "Node Type": "Nested Loop",
                      "Parent Relationship": "Outer",
                      "Parallel Aware": false,
                      "Join Type": "Inner",
                      "Startup Cost": 2169.18,
                      "Total Cost": 47581.81,
                      "Plan Rows": 793,
                      "Plan Width": 8,
                      "Actual Startup Time": 17.514,
                      "Actual Total Time": 55.103,
                      "Actual Rows": 965,
                      "Actual Loops": 5,
                      "Inner Unique": false,
                      "Plans": [
                        {
                          "Node Type": "Bitmap Heap Scan",
                          "Parent Relationship": "Outer",
                          "Parallel Aware": true,
                          "Relation Name": "title",
                          "Alias": "t",
                          "Startup Cost": 2168.75,
                          "Total Cost": 38622.18,
                          "Plan Rows": 1452,
                          "Plan Width": 4,
                          "Actual Startup Time": 16.352,
                          "Actual Total Time": 39.236,
                          "Actual Rows": 1818,
                          "Actual Loops": 5,
                          "Recheck Cond": "(kind_id = 4)",
                          "Rows Removed by Index Recheck": 0,
                          "Filter": "(production_year = 2007)",
                          "Rows Removed by Filter": 21829,
                          "Exact Heap Blocks": 6057,
                          "Lossy Heap Blocks": 0,
                          "Plans": [
                            {
                              "Node Type": "Bitmap Index Scan",
                              "Parent Relationship": "Outer",
                              "Parallel Aware": false,
                              "Index Name": "kind_id_title",
                              "Startup Cost": 0.0,
                              "Total Cost": 2167.3,
                              "Plan Rows": 121449,
                              "Plan Width": 0,
                              "Actual Startup Time": 19.075,
                              "Actual Total Time": 19.076,
                              "Actual Rows": 118234,
                              "Actual Loops": 1,
                              "Index Cond": "(kind_id = 4)"
                            }
                          ]
                        },
                        {
                          "Node Type": "Index Only Scan",
                          "Parent Relationship": "Inner",
                          "Parallel Aware": false,
                          "Scan Direction": "Forward",
                          "Index Name": "movie_id_movie_info_idx",
                          "Relation Name": "movie_info_idx",
                          "Alias": "mi_idx",
                          "Startup Cost": 0.43,
                          "Total Cost": 6.14,
                          "Plan Rows": 3,
                          "Plan Width": 4,
                          "Actual Startup Time": 0.008,
                          "Actual Total Time": 0.008,
                          "Actual Rows": 1,
                          "Actual Loops": 9091,
                          "Index Cond": "(movie_id = t.id)",
                          "Rows Removed by Index Recheck": 0,
                          "Heap Fetches": 4824
                        }
                      ]
                    },
                    {
                      "Node Type": "Index Only Scan",
                      "Parent Relationship": "Inner",
                      "Parallel Aware": false,
                      "Scan Direction": "Forward",
                      "Index Name": "movie_id_movie_info",
                      "Relation Name": "movie_info",
                      "Alias": "mi",
                      "Startup Cost": 0.43,
                      "Total Cost": 1.78,
                      "Plan Rows": 41,
                      "Plan Width": 4,
                      "Actual Startup Time": 0.009,
                      "Actual Total Time": 0.026,
                      "Actual Rows": 11,
                      "Actual Loops": 4824,
                      "Index Cond": "(movie_id = mi_idx.movie_id)",
                      "Rows Removed by Index Recheck": 0,
                      "Heap Fetches": 54237
                    }
                  ]
                }
              ]
            }
          ]
        }
      ]
    },
    "Planning Time": 1.361,
    "Triggers": [],
    "Execution Time": 105.515
  }
]