[
  {
    "Plan": {
      "Node Type": "Aggregate",
      "Strategy": "Plain",
      "Partial Mode": "Finalize",
      "Parallel Aware": false,
      "Startup Cost": 44923.57,
      "Total Cost": 44923.58,
      "Plan Rows": 1,
      "Plan Width": 8,
      "Actual Startup Time": 94.812,
      "Actual Total Time": 104.363,
      "Actual Rows": 1,
      "Actual Loops": 1,
      "Plans": [
        {
          "Node Type": "Gather",
          "Parent Relationship": "Outer",
          "Parallel Aware": false,
          "Startup Cost": 44923.15,
          "Total Cost": 44923.56,
          "Plan Rows": 4,
          "Plan Width": 8,
          "Actual Startup Time": 94.688,
          "Actual Total Time": 104.353,
          "Actual Rows": 5,
          "Actual Loops": 1,
          "Workers Planned": 4,
          "Workers Launched": 4,
          "Single Copy": false,
          "Plans": [
            {
              "Node Type": "Aggregate",
              "Strategy": "Plain",
              "Partial Mode": "Partial",
              "Parent Relationship": "Outer",
              "Parallel Aware": false,
              "Startup Cost": 43923.15,
              "Total Cost": 43923.16,
              "Plan Rows": 1,
              "Plan Width": 8,
              "Actual Startup Time": 86.216,
              "Actual Total Time": 86.217,
              "Actual Rows": 1,
              "Actual Loops": 5,
              "Plans": [
                {
                  "Node Type": "Seq Scan",
                  "Parent Relationship": "Outer",
                  "Parallel Aware": true,
                  "Relation Name": "title",
                  "Alias": "t",
                  "Startup Cost": 0.0,
                  "Total Cost": 43898.92,
                  "Plan Rows": 9692,
                  "Plan Width": 0,
                  "Actual Startup Time": 0.085,
                  "Actual Total Time": 85.294,
                  "Actual Rows": 7791,
                  "Actual Loops": 5,
                  "Filter": "(production_year = 1997)",
                  "Rows Removed by Filter": 497871
                }
              ]
            }
          ]
        }
      ]
    },
    "Planning Time": 0.182,
    "Triggers": [],
    "Execution Time": 104.43
  }
]