[
  {
    "Plan": {
      "Node Type": "Aggregate",
      "Strategy": "Plain",
      "Partial Mode": "Finalize",
      "Parallel Aware": false,
      "Startup Cost": 95160.84,
      "Total Cost": 95160.85,
      "Plan Rows": 1,
      "Plan Width": 8,
      "Actual Startup Time": 421.614,
      "Actual Total Time": 438.24,
      "Actual Rows": 1,
      "Actual Loops": 1,
      "Plans": [
        {
          "Node Type": "Gather",
          "Parent Relationship": "Outer",
          "Parallel Aware": false,
          "Startup Cost": 95160.53,
          "Total Cost": 95160.84,
          "Plan Rows": 3,
          "Plan Width": 8,
          "Actual Startup Time": 419.167,
          "Actual Total Time": 438.217,
          "Actual Rows": 4,
          "Actual Loops": 1,
          "Workers Planned": 3,
          "Workers Launched": 3,
          "Single Copy": false,
          "Plans": [
            {
              "Node Type": "Aggregate",
              "Strategy": "Plain",
              "Partial Mode": "Partial",
              "Parent Relationship": "Outer",
              "Parallel Aware": false,
              "Startup Cost": 94160.53,
              "Total Cost": 94160.54,
              "Plan Rows": 1,
              "Plan Width": 8,
              "Actual Startup Time": 410.59,
              "Actual Total Time": 410.594,
              "Actual Rows": 1,
              "Actual Loops": 4,
              "Plans": [
                {
                  "Node Type": "Hash Join",
                  "Parent Relationship": "Outer",
                  "Parallel Aware": true,
                  "Join Type": "Inner",
                  "Startup Cost": 48054.12,
                  "Total Cost": 93352.62,
                  "Plan Rows": 323163,
                  "Plan Width": 0,
                  "Actual Startup Time": 177.06,
                  "Actual Total Time": 389.991,
                  "Actual Rows": 509026,
                  "Actual Loops": 4,
                  "Inner Unique": true,
                  "Hash Cond": "(mk.movie_id = t.id)",
                  "Plans": [
                    {
                      "Node Type": "Seq Scan",
                      "Parent Relationship": "Outer",
                      "Parallel Aware": true,
                      "Relation Name": "movie_keyword",
                      "Alias": "mk",
                      "Startup Cost": 0.0,
                      "Total Cost": 42695.65,
                      "Plan Rows": 991559,
                      "Plan Width": 4,
                      "Actual Startup Time": 0.025,
                      "Actual Total Time": 105.858,
                      "Actual Rows": 766674,
                      "Actual Loops": 4,
                      "Filter": "(keyword_id < 11426)",
                      "Rows Removed by Filter": 364308
                    },
                    {
                      "Node Type": "Hash",
                      "Parent Relationship": "Inner",
                      "Parallel Aware": true,
                      "Startup Cost": 45479.1,
                      "Total Cost": 45479.1,
                      "Plan Rows": 206002,
                      "Plan Width": 4,
                      "Actual Startup Time": 171.916,
                      "Actual Total Time": 171.917,
                      "Actual Rows": 183034,
                      "Actual Loops": 4,
                      "Hash Buckets": 1048576,
                      "Original Hash Buckets": 1048576,
                      "Hash Batches": 1,
                      "Original Hash Batches": 1,
                      "Peak Memory Usage": 36896,
                      "Plans": [
                        {
                          "Node Type": "Seq Scan",
                          "Parent Relationship": "Outer",
                          "Parallel Aware": true,
                          "Relation Name": "title",
                          "Alias": "t",
                          "Startup Cost": 0.0,
                          "Total Cost": 45479.1,
                          "Plan Rows": 206002,
                          "Plan Width": 4,
                          "Actual Startup Time": 0.048,
                          "Actual Total Time": 104.035,
                          "Actual Rows": 183034,
                          "Actual Loops": 4,
                          "Filter": "((kind_id < 7) AND (production_year > 1969))",
                          "Rows Removed by Filter": 449044
                        }
                      ]
                    }
                  ]
                }
              ]
            }
          ]
        }
      ]
    },
    "Planning Time": 0.611,
    "Triggers": [],
    "Execution Time": 438.308
  }
]