[
  {
    "Plan": {
      "Node Type": "Aggregate",
      "Strategy": "Plain",
      "Partial Mode": "Finalize",
      "Parallel Aware": false,
      "Startup Cost": 96497.4,
      "Total Cost": 96497.41,
      "Plan Rows": 1,
      "Plan Width": 8,
      "Actual Startup Time": 455.944,
      "Actual Total Time": 471.104,
      "Actual Rows": 1,
      "Actual Loops": 1,
      "Plans": [
        {
          "Node Type": "Gather",
          "Parent Relationship": "Outer",
          "Parallel Aware": false,
          "Startup Cost": 96497.08,
          "Total Cost": 96497.39,
          "Plan Rows": 3,
          "Plan Width": 8,
          "Actual Startup Time": 451.593,
          "Actual Total Time": 471.094,
          "Actual Rows": 4,
          "Actual Loops": 1,
          "Workers Planned": 3,
          "Workers Launched": 3,
          "Single Copy": false,
          "Plans": [
            {
              "Node Type": "Aggregate",
              "Strategy": "Plain",
              "Partial Mode": "Partial",
              "Parent Relationship": "Outer",
              "Parallel Aware": false,
              "Startup Cost": 95497.08,
              "Total Cost": 95497.09,
              "Plan Rows": 1,
              "Plan Width": 8,
              "Actual Startup Time": 442.992,
              "Actual Total Time": 442.995,
              "Actual Rows": 1,
              "Actual Loops": 4,
              "Plans": [
                {
                  "Node Type": "Hash Join",
                  "Parent Relationship": "Outer",
                  "Parallel Aware": true,
                  "Join Type": "Inner",
                  "Startup Cost": 48124.9,
                  "Total Cost": 94366.27,
                  "Plan Rows": 452326,
                  "Plan Width": 0,
                  "Actual Startup Time": 172.8,
                  "Actual Total Time": 415.114,
                  "Actual Rows": 712207,
                  "Actual Loops": 4,
                  "Inner Unique": true,
                  "Hash Cond": "(mk.movie_id = t.id)",
                  "Plans": [
                    {
                      "Node Type": "Seq Scan",
                      "Parent Relationship": "Outer",
                      "Parallel Aware": true,
                      "Relation Name": "movie_keyword",
                      "Alias": "mk",
                      "Startup Cost": 0.0,
                      "Total Cost": 42695.65,
                      "Plan Rows": 1350745,
                      "Plan Width": 4,
                      "Actual Startup Time": 0.026,
                      "Actual Total Time": 110.331,
                      "Actual Rows": 1048740,
                      "Actual Loops": 4,
                      "Filter": "(keyword_id < 50139)",
                      "Rows Removed by Filter": 82243
                    },
                    {
                      "Node Type": "Hash",
                      "Parent Relationship": "Inner",
                      "Parallel Aware": true,
                      "Startup Cost": 45479.1,
                      "Total Cost": 45479.1,
                      "Plan Rows": 211664,
                      "Plan Width": 4,
                      "Actual Startup Time": 167.613,
                      "Actual Total Time": 167.614,
                      "Actual Rows": 188790,
                      "Actual Loops": 4,
                      "Hash Buckets": 1048576,
                      "Original Hash Buckets": 1048576,
                      "Hash Batches": 1,
                      "Original Hash Batches": 1,
                      "Peak Memory Usage": 37792,
                      "Plans": [
                        {
                          "Node Type": "Seq Scan",
                          "Parent Relationship": "Outer",
                          "Parallel Aware": true,
                          "Relation Name": "title",
                          "Alias": "t",
                          "Startup Cost": 0.0,
                          "Total Cost": 45479.1,
                          "Plan Rows": 211664,
                          "Plan Width": 4,
                          "Actual Startup Time": 0.058,
                          "Actual Total Time": 102.948,
                          "Actual Rows": 188790,
                          "Actual Loops": 4,
                          "Filter": "((kind_id < 7) AND (production_year > 1965))",
                          "Rows Removed by Filter": 443288
                        }
                      ]
                    }
                  ]
                }
              ]
            }
          ]
        }
      ]
    },
    "Planning Time": 0.662,
    "Triggers": [],
    "Execution Time": 471.171
  }
]