{
  "Plan": {
    "Node Type": "Aggregate",
    "Strategy": "Plain",
    "Partial Mode": "Finalize",
    "Parallel Aware": false,
    "Startup Cost": 431959.01,
    "Total Cost": 431959.02,
    "Plan Rows": 1,
    "Plan Width": 8,
    "Actual Startup Time": 731.79,
    "Actual Total Time": 749.123,
    "Actual Rows": 1,
    "Actual Loops": 1,
    "Plans": [
      {
        "Node Type": "Gather",
        "Parent Relationship": "Outer",
        "Parallel Aware": false,
        "Startup Cost": 431958.9,
        "Total Cost": 431959.01,
        "Plan Rows": 1,
        "Plan Width": 8,
        "Actual Startup Time": 731.263,
        "Actual Total Time": 749.113,
        "Actual Rows": 2,
        "Actual Loops": 1,
        "Workers Planned": 1,
        "Workers Launched": 1,
        "Single Copy": false,
        "Plans": [
          {
            "Node Type": "Aggregate",
            "Strategy": "Plain",
            "Partial Mode": "Partial",
            "Parent Relationship": "Outer",
            "Parallel Aware": false,
            "Startup Cost": 430958.9,
            "Total Cost": 430958.91,
            "Plan Rows": 1,
            "Plan Width": 8,
            "Actual Startup Time": 725.205,
            "Actual Total Time": 725.209,
            "Actual Rows": 1,
            "Actual Loops": 2,
            "Plans": [
              {
                "Node Type": "Hash Join",
                "Parent Relationship": "Outer",
                "Parallel Aware": true,
                "Join Type": "Inner",
                "Startup Cost": 138343.8,
                "Total Cost": 430642.44,
                "Plan Rows": 126583,
                "Plan Width": 0,
                "Actual Startup Time": 210.229,
                "Actual Total Time": 721.14,
                "Actual Rows": 88137,
                "Actual Loops": 2,
                "Inner Unique": true,
                "Hash Cond": "(ci.movie_id = t.id)",
                "Plans": [
                  {
                    "Node Type": "Bitmap Heap Scan",
                    "Parent Relationship": "Outer",
                    "Parallel Aware": true,
                    "Relation Name": "cast_info",
                    "Alias": "ci",
                    "Startup Cost": 98337.24,
                    "Total Cost": 383761.12,
                    "Plan Rows": 2618951,
                    "Plan Width": 4,
                    "Actual Startup Time": 147.484,
                    "Actual Total Time": 371.168,
                    "Actual Rows": 2279906,
                    "Actual Loops": 2,
                    "Recheck Cond": "(person_id < 440301)",
                    "Rows Removed by Index Recheck": 0,
                    "Exact Heap Blocks": 26567,
                    "Lossy Heap Blocks": 0,
                    "Plans": [
                      {
                        "Node Type": "Bitmap Index Scan",
                        "Parent Relationship": "Outer",
                        "Parallel Aware": false,
                        "Index Name": "person_id_cast_info",
                        "Startup Cost": 0.0,
                        "Total Cost": 97224.18,
                        "Plan Rows": 4452216,
                        "Plan Width": 0,
                        "Actual Startup Time": 139.815,
                        "Actual Total Time": 139.816,
                        "Actual Rows": 4559812,
                        "Actual Loops": 1,
                        "Index Cond": "(person_id < 440301)"
                      }
                    ]
                  },
                  {
                    "Node Type": "Hash",
                    "Parent Relationship": "Inner",
                    "Parallel Aware": true,
                    "Startup Cost": 39108.02,
                    "Total Cost": 39108.02,
                    "Plan Rows": 71883,
                    "Plan Width": 4,
                    "Actual Startup Time": 61.266,
                    "Actual Total Time": 61.267,
                    "Actual Rows": 59117,
                    "Actual Loops": 2,
                    "Hash Buckets": 131072,
                    "Original Hash Buckets": 131072,
                    "Hash Batches": 1,
                    "Original Hash Batches": 1,
                    "Peak Memory Usage": 5664,
                    "Plans": [
                      {
                        "Node Type": "Bitmap Heap Scan",
                        "Parent Relationship": "Outer",
                        "Parallel Aware": true,
                        "Relation Name": "title",
                        "Alias": "t",
                        "Startup Cost": 2211.49,
                        "Total Cost": 39108.02,
                        "Plan Rows": 71883,
                        "Plan Width": 4,
                        "Actual Startup Time": 11.878,
                        "Actual Total Time": 47.787,
                        "Actual Rows": 59117,
                        "Actual Loops": 2,
                        "Recheck Cond": "(kind_id = 4)",
                        "Rows Removed by Index Recheck": 0,
                        "Exact Heap Blocks": 9999,
                        "Lossy Heap Blocks": 0,
                        "Plans": [
                          {
                            "Node Type": "Bitmap Index Scan",
                            "Parent Relationship": "Outer",
                            "Parallel Aware": false,
                            "Index Name": "kind_id_title",
                            "Startup Cost": 0.0,
                            "Total Cost": 2180.94,
                            "Plan Rows": 122201,
                            "Plan Width": 0,
                            "Actual Startup Time": 12.829,
                            "Actual Total Time": 12.829,
                            "Actual Rows": 118234,
                            "Actual Loops": 1,
                            "Index Cond": "(kind_id = 4)"
                          }
                        ]
                      }
                    ]
                  }
                ]
              }
            ]
          }
        ]
      }
    ]
  },
  "Planning Time": 0.364,
  "Triggers": [],
  "Execution Time": 749.191
}