[
  {
    "Plan": {
      "Node Type": "Aggregate",
      "Strategy": "Plain",
      "Partial Mode": "Finalize",
      "Parallel Aware": false,
      "Startup Cost": 387934.59,
      "Total Cost": 387934.6,
      "Plan Rows": 1,
      "Plan Width": 8,
      "Actual Startup Time": 1411.777,
      "Actual Total Time": 1464.532,
      "Actual Rows": 1,
      "Actual Loops": 1,
      "Plans": [
        {
          "Node Type": "Gather",
          "Parent Relationship": "Outer",
          "Parallel Aware": false,
          "Startup Cost": 387933.97,
          "Total Cost": 387934.58,
          "Plan Rows": 6,
          "Plan Width": 8,
          "Actual Startup Time": 1408.08,
          "Actual Total Time": 1464.521,
          "Actual Rows": 7,
          "Actual Loops": 1,
          "Workers Planned": 6,
          "Workers Launched": 6,
          "Single Copy": false,
          "Plans": [
            {
              "Node Type": "Aggregate",
              "Strategy": "Plain",
              "Partial Mode": "Partial",
              "Parent Relationship": "Outer",
              "Parallel Aware": false,
              "Startup Cost": 386933.97,
              "Total Cost": 386933.98,
              "Plan Rows": 1,
              "Plan Width": 8,
              "Actual Startup Time": 1400.714,
              "Actual Total Time": 1400.717,
              "Actual Rows": 1,
              "Actual Loops": 7,
              "Plans": [
                {
                  "Node Type": "Hash Join",
                  "Parent Relationship": "Outer",
                  "Parallel Aware": true,
                  "Join Type": "Inner",
                  "Startup Cost": 46326.19,
                  "Total Cost": 385786.11,
                  "Plan Rows": 459142,
                  "Plan Width": 0,
                  "Actual Startup Time": 98.951,
                  "Actual Total Time": 1372.633,
                  "Actual Rows": 590097,
                  "Actual Loops": 7,
                  "Inner Unique": true,
                  "Hash Cond": "(ci.movie_id = t.id)",
                  "Plans": [
                    {
                      "Node Type": "Seq Scan",
                      "Parent Relationship": "Outer",
                      "Parallel Aware": true,
                      "Relation Name": "cast_info",
                      "Alias": "ci",
                      "Startup Cost": 0.0,
                      "Total Cost": 328211.39,
                      "Plan Rows": 4285147,
                      "Plan Width": 4,
                      "Actual Startup Time": 0.031,
                      "Actual Total Time": 616.064,
                      "Actual Rows": 3690592,
                      "Actual Loops": 7,
                      "Filter": "(person_id < 2669538)",
                      "Rows Removed by Filter": 1487171
                    },
                    {
                      "Node Type": "Hash",
                      "Parent Relationship": "Inner",
                      "Parallel Aware": true,
                      "Startup Cost": 45479.59,
                      "Total Cost": 45479.59,
                      "Plan Rows": 67728,
                      "Plan Width": 4,
                      "Actual Startup Time": 97.21,
                      "Actual Total Time": 97.212,
                      "Actual Rows": 56340,
                      "Actual Loops": 7,
                      "Hash Buckets": 524288,
                      "Original Hash Buckets": 524288,
                      "Hash Batches": 1,
                      "Original Hash Batches": 1,
                      "Peak Memory Usage": 19616,
                      "Plans": [
                        {
                          "Node Type": "Seq Scan",
                          "Parent Relationship": "Outer",
                          "Parallel Aware": true,
                          "Relation Name": "title",
                          "Alias": "t",
                          "Startup Cost": 0.0,
                          "Total Cost": 45479.59,
                          "Plan Rows": 67728,
                          "Plan Width": 4,
                          "Actual Startup Time": 0.046,
                          "Actual Total Time": 70.246,
                          "Actual Rows": 56340,
                          "Actual Loops": 7,
                          "Filter": "((kind_id < 3) AND (production_year < 1998))",
                          "Rows Removed by Filter": 304847
                        }
                      ]
                    }
                  ]
                }
              ]
            }
          ]
        }
      ]
    },
    "Planning Time": 0.31,
    "Triggers": [],
    "Execution Time": 1464.587
  }
]