[
  {
    "Plan": {
      "Node Type": "Aggregate",
      "Strategy": "Plain",
      "Partial Mode": "Finalize",
      "Parallel Aware": false,
      "Startup Cost": 387902.64,
      "Total Cost": 387902.65,
      "Plan Rows": 1,
      "Plan Width": 8,
      "Actual Startup Time": 1377.983,
      "Actual Total Time": 1440.47,
      "Actual Rows": 1,
      "Actual Loops": 1,
      "Plans": [
        {
          "Node Type": "Gather",
          "Parent Relationship": "Outer",
          "Parallel Aware": false,
          "Startup Cost": 387902.01,
          "Total Cost": 387902.62,
          "Plan Rows": 6,
          "Plan Width": 8,
          "Actual Startup Time": 1375.305,
          "Actual Total Time": 1440.461,
          "Actual Rows": 7,
          "Actual Loops": 1,
          "Workers Planned": 6,
          "Workers Launched": 6,
          "Single Copy": false,
          "Plans": [
            {
              "Node Type": "Aggregate",
              "Strategy": "Plain",
              "Partial Mode": "Partial",
              "Parent Relationship": "Outer",
              "Parallel Aware": false,
              "Startup Cost": 386902.01,
              "Total Cost": 386902.02,
              "Plan Rows": 1,
              "Plan Width": 8,
              "Actual Startup Time": 1364.138,
              "Actual Total Time": 1364.141,
              "Actual Rows": 1,
              "Actual Loops": 7,
              "Plans": [
                {
                  "Node Type": "Hash Join",
                  "Parent Relationship": "Outer",
                  "Parallel Aware": true,
                  "Join Type": "Inner",
                  "Startup Cost": 46335.14,
                  "Total Cost": 385741.72,
                  "Plan Rows": 464116,
                  "Plan Width": 0,
                  "Actual Startup Time": 101.353,
                  "Actual Total Time": 1336.657,
                  "Actual Rows": 590097,
                  "Actual Loops": 7,
                  "Inner Unique": true,
                  "Hash Cond": "(ci.movie_id = t.id)",
                  "Plans": [
                    {
                      "Node Type": "Seq Scan",
                      "Parent Relationship": "Outer",
                      "Parallel Aware": true,
                      "Relation Name": "cast_info",
                      "Alias": "ci",
                      "Startup Cost": 0.0,
                      "Total Cost": 328162.03,
                      "Plan Rows": 4283634,
                      "Plan Width": 4,
                      "Actual Startup Time": 0.023,
                      "Actual Total Time": 586.962,
                      "Actual Rows": 3690592,
                      "Actual Loops": 7,
                      "Filter": "(person_id < 2669538)",
                      "Rows Removed by Filter": 1487171
                    },
                    {
                      "Node Type": "Hash",
                      "Parent Relationship": "Inner",
                      "Parallel Aware": true,
                      "Startup Cost": 45479.1,
                      "Total Cost": 45479.1,
                      "Plan Rows": 68483,
                      "Plan Width": 4,
                      "Actual Startup Time": 98.807,
                      "Actual Total Time": 98.808,
                      "Actual Rows": 56340,
                      "Actual Loops": 7,
                      "Hash Buckets": 524288,
                      "Original Hash Buckets": 524288,
                      "Hash Batches": 1,
                      "Original Hash Batches": 1,
                      "Peak Memory Usage": 19648,
                      "Plans": [
                        {
                          "Node Type": "Seq Scan",
                          "Parent Relationship": "Outer",
                          "Parallel Aware": true,
                          "Relation Name": "title",
                          "Alias": "t",
                          "Startup Cost": 0.0,
                          "Total Cost": 45479.1,
                          "Plan Rows": 68483,
                          "Plan Width": 4,
                          "Actual Startup Time": 0.054,
                          "Actual Total Time": 75.145,
                          "Actual Rows": 56340,
                          "Actual Loops": 7,
                          "Filter": "((kind_id < 3) AND (production_year < 1998))",
                          "Rows Removed by Filter": 304847
                        }
                      ]
                    }
                  ]
                }
              ]
            }
          ]
        }
      ]
    },
    "Planning Time": 0.655,
    "Triggers": [],
    "Execution Time": 1440.559
  }
]