[
  {
    "Plan": {
      "Node Type": "Aggregate",
      "Strategy": "Plain",
      "Partial Mode": "Finalize",
      "Parallel Aware": false,
      "Startup Cost": 44789.87,
      "Total Cost": 44789.88,
      "Plan Rows": 1,
      "Plan Width": 8,
      "Actual Startup Time": 134.69,
      "Actual Total Time": 143.838,
      "Actual Rows": 1,
      "Actual Loops": 1,
      "Plans": [
        {
          "Node Type": "Gather",
          "Parent Relationship": "Outer",
          "Parallel Aware": false,
          "Startup Cost": 44789.55,
          "Total Cost": 44789.86,
          "Plan Rows": 3,
          "Plan Width": 8,
          "Actual Startup Time": 134.59,
          "Actual Total Time": 143.826,
          "Actual Rows": 4,
          "Actual Loops": 1,
          "Workers Planned": 3,
          "Workers Launched": 3,
          "Single Copy": false,
          "Plans": [
            {
              "Node Type": "Aggregate",
              "Strategy": "Plain",
              "Partial Mode": "Partial",
              "Parent Relationship": "Outer",
              "Parallel Aware": false,
              "Startup Cost": 43789.55,
              "Total Cost": 43789.56,
              "Plan Rows": 1,
              "Plan Width": 8,
              "Actual Startup Time": 125.825,
              "Actual Total Time": 125.826,
              "Actual Rows": 1,
              "Actual Loops": 4,
              "Plans": [
                {
                  "Node Type": "Seq Scan",
                  "Parent Relationship": "Outer",
                  "Parallel Aware": true,
                  "Relation Name": "movie_keyword",
                  "Alias": "mk",
                  "Startup Cost": 0.0,
                  "Total Cost": 42695.65,
                  "Plan Rows": 437558,
                  "Plan Width": 0,
                  "Actual Startup Time": 2.102,
                  "Actual Total Time": 108.707,
                  "Actual Rows": 338553,
                  "Actual Loops": 4,
                  "Filter": "(keyword_id > 12449)",
                  "Rows Removed by Filter": 792429
                }
              ]
            }
          ]
        }
      ]
    },
    "Planning Time": 0.16,
    "Triggers": [],
    "Execution Time": 143.891
  }
]