[
  {
    "Plan": {
      "Node Type": "Aggregate",
      "Strategy": "Plain",
      "Partial Mode": "Finalize",
      "Parallel Aware": false,
      "Startup Cost": 31023.34,
      "Total Cost": 31023.35,
      "Plan Rows": 1,
      "Plan Width": 8,
      "Actual Startup Time": 109.963,
      "Actual Total Time": 120.154,
      "Actual Rows": 1,
      "Actual Loops": 1,
      "Plans": [
        {
          "Node Type": "Gather",
          "Parent Relationship": "Outer",
          "Parallel Aware": false,
          "Startup Cost": 31023.02,
          "Total Cost": 31023.33,
          "Plan Rows": 3,
          "Plan Width": 8,
          "Actual Startup Time": 109.818,
          "Actual Total Time": 120.144,
          "Actual Rows": 4,
          "Actual Loops": 1,
          "Workers Planned": 3,
          "Workers Launched": 3,
          "Single Copy": false,
          "Plans": [
            {
              "Node Type": "Aggregate",
              "Strategy": "Plain",
              "Partial Mode": "Partial",
              "Parent Relationship": "Outer",
              "Parallel Aware": false,
              "Startup Cost": 30023.02,
              "Total Cost": 30023.03,
              "Plan Rows": 1,
              "Plan Width": 8,
              "Actual Startup Time": 102.702,
              "Actual Total Time": 102.703,
              "Actual Rows": 1,
              "Actual Loops": 4,
              "Plans": [
                {
                  "Node Type": "Seq Scan",
                  "Parent Relationship": "Outer",
                  "Parallel Aware": true,
                  "Relation Name": "movie_companies",
                  "Alias": "mc",
                  "Startup Cost": 0.0,
                  "Total Cost": 29310.68,
                  "Plan Rows": 284935,
                  "Plan Width": 0,
                  "Actual Startup Time": 0.032,
                  "Actual Total Time": 88.265,
                  "Actual Rows": 221186,
                  "Actual Loops": 4,
                  "Filter": "(company_id < 2675)",
                  "Rows Removed by Filter": 431096
                }
              ]
            }
          ]
        }
      ]
    },
    "Planning Time": 0.115,
    "Triggers": [],
    "Execution Time": 120.191
  }
]