[
  {
    "Plan": {
      "Node Type": "Aggregate",
      "Strategy": "Plain",
      "Partial Mode": "Finalize",
      "Parallel Aware": false,
      "Startup Cost": 177038.39,
      "Total Cost": 177038.4,
      "Plan Rows": 1,
      "Plan Width": 8,
      "Actual Startup Time": 1200.917,
      "Actual Total Time": 1267.822,
      "Actual Rows": 1,
      "Actual Loops": 1,
      "Plans": [
        {
          "Node Type": "Gather",
          "Parent Relationship": "Outer",
          "Parallel Aware": false,
          "Startup Cost": 177037.97,
          "Total Cost": 177038.38,
          "Plan Rows": 4,
          "Plan Width": 8,
          "Actual Startup Time": 1196.421,
          "Actual Total Time": 1267.809,
          "Actual Rows": 5,
          "Actual Loops": 1,
          "Workers Planned": 4,
          "Workers Launched": 4,
          "Single Copy": false,
          "Plans": [
            {
              "Node Type": "Aggregate",
              "Strategy": "Plain",
              "Partial Mode": "Partial",
              "Parent Relationship": "Outer",
              "Parallel Aware": false,
              "Startup Cost": 176037.97,
              "Total Cost": 176037.98,
              "Plan Rows": 1,
              "Plan Width": 8,
              "Actual Startup Time": 1186.385,
              "Actual Total Time": 1186.516,
              "Actual Rows": 1,
              "Actual Loops": 5,
              "Plans": [
                {
                  "Node Type": "Nested Loop",
                  "Parent Relationship": "Outer",
                  "Parallel Aware": false,
                  "Join Type": "Inner",
                  "Startup Cost": 32669.0,
                  "Total Cost": 175917.98,
                  "Plan Rows": 47994,
                  "Plan Width": 0,
                  "Actual Startup Time": 127.843,
                  "Actual Total Time": 1168.933,
                  "Actual Rows": 329404,
                  "Actual Loops": 5,
                  "Inner Unique": false,
                  "Plans": [
                    {
                      "Node Type": "Hash Join",
                      "Parent Relationship": "Outer",
                      "Parallel Aware": true,
                      "Join Type": "Inner",
                      "Startup Cost": 32668.57,
                      "Total Cost": 78866.51,
                      "Plan Rows": 52390,
                      "Plan Width": 8,
                      "Actual Startup Time": 127.657,
                      "Actual Total Time": 345.21,
                      "Actual Rows": 76004,
                      "Actual Loops": 5,
                      "Inner Unique": false,
                      "Hash Cond": "(t.id = mc.movie_id)",
                      "Plans": [
                        {
                          "Node Type": "Seq Scan",
                          "Parent Relationship": "Outer",
                          "Parallel Aware": true,
                          "Relation Name": "title",
                          "Alias": "t",
                          "Startup Cost": 0.0,
                          "Total Cost": 43898.92,
                          "Plan Rows": 426006,
                          "Plan Width": 4,
                          "Actual Startup Time": 0.012,
                          "Actual Total Time": 83.899,
                          "Actual Rows": 340063,
                          "Actual Loops": 5,
                          "Filter": "(production_year > 1992)",
                          "Rows Removed by Filter": 165599
                        },
                        {
                          "Node Type": "Hash",
                          "Parent Relationship": "Inner",
                          "Parallel Aware": true,
                          "Startup Cost": 31414.82,
                          "Total Cost": 31414.82,
                          "Plan Rows": 100300,
                          "Plan Width": 4,
                          "Actual Startup Time": 124.978,
                          "Actual Total Time": 124.979,
                          "Actual Rows": 122889,
                          "Actual Loops": 5,
                          "Hash Buckets": 1048576,
                          "Original Hash Buckets": 524288,
                          "Hash Batches": 1,
                          "Original Hash Batches": 1,
                          "Peak Memory Usage": 36416,
                          "Plans": [
                            {
                              "Node Type": "Seq Scan",
                              "Parent Relationship": "Outer",
                              "Parallel Aware": true,
                              "Relation Name": "movie_companies",
                              "Alias": "mc",
                              "Startup Cost": 0.0,
                              "Total Cost": 31414.82,
                              "Plan Rows": 100300,
                              "Plan Width": 4,
                              "Actual Startup Time": 41.548,
                              "Actual Total Time": 73.665,
                              "Actual Rows": 122889,
                              "Actual Loops": 5,
                              "Filter": "((company_id > 60875) AND (company_type_id > 1))",
                              "Rows Removed by Filter": 398936
                            }
                          ]
                        }
                      ]
                    },
                    {
                      "Node Type": "Index Scan",
                      "Parent Relationship": "Inner",
                      "Parallel Aware": false,
                      "Scan Direction": "Forward",
                      "Index Name": "movie_id_movie_info",
                      "Relation Name": "movie_info",
                      "Alias": "mi",
                      "Startup Cost": 0.43,
                      "Total Cost": 1.78,
                      "Plan Rows": 7,
                      "Plan Width": 4,
                      "Actual Startup Time": 0.006,
                      "Actual Total Time": 0.01,
                      "Actual Rows": 4,
                      "Actual Loops": 380019,
                      "Index Cond": "(movie_id = t.id)",
                      "Rows Removed by Index Recheck": 0,
                      "Filter": "(info_type_id > 16)",
                      "Rows Removed by Filter": 12
                    }
                  ]
                }
              ]
            }
          ]
        }
      ]
    },
    "Planning Time": 1.483,
    "Triggers": [],
    "Execution Time": 1267.934
  }
]