[
  {
    "Plan": {
      "Node Type": "Aggregate",
      "Strategy": "Plain",
      "Partial Mode": "Finalize",
      "Parallel Aware": false,
      "Startup Cost": 32920.82,
      "Total Cost": 32920.83,
      "Plan Rows": 1,
      "Plan Width": 8,
      "Actual Startup Time": 78.011,
      "Actual Total Time": 84.935,
      "Actual Rows": 1,
      "Actual Loops": 1,
      "Plans": [
        {
          "Node Type": "Gather",
          "Parent Relationship": "Outer",
          "Parallel Aware": false,
          "Startup Cost": 32920.5,
          "Total Cost": 32920.81,
          "Plan Rows": 3,
          "Plan Width": 8,
          "Actual Startup Time": 77.832,
          "Actual Total Time": 84.926,
          "Actual Rows": 4,
          "Actual Loops": 1,
          "Workers Planned": 3,
          "Workers Launched": 3,
          "Single Copy": false,
          "Plans": [
            {
              "Node Type": "Aggregate",
              "Strategy": "Plain",
              "Partial Mode": "Partial",
              "Parent Relationship": "Outer",
              "Parallel Aware": false,
              "Startup Cost": 31920.5,
              "Total Cost": 31920.51,
              "Plan Rows": 1,
              "Plan Width": 8,
              "Actual Startup Time": 72.623,
              "Actual Total Time": 72.624,
              "Actual Rows": 1,
              "Actual Loops": 4,
              "Plans": [
                {
                  "Node Type": "Seq Scan",
                  "Parent Relationship": "Outer",
                  "Parallel Aware": true,
                  "Relation Name": "movie_companies",
                  "Alias": "mc",
                  "Startup Cost": 0.0,
                  "Total Cost": 31414.82,
                  "Plan Rows": 202274,
                  "Plan Width": 0,
                  "Actual Startup Time": 12.89,
                  "Actual Total Time": 68.17,
                  "Actual Rows": 93394,
                  "Actual Loops": 4,
                  "Filter": "((company_id > 11428) AND (company_type_id < 2))",
                  "Rows Removed by Filter": 558888
                }
              ]
            }
          ]
        }
      ]
    },
    "Planning Time": 0.108,
    "Triggers": [],
    "Execution Time": 84.965
  }
]