[
  {
    "Plan": {
      "Node Type": "Aggregate",
      "Strategy": "Plain",
      "Partial Mode": "Simple",
      "Parallel Aware": false,
      "Startup Cost": 804.23,
      "Total Cost": 804.24,
      "Plan Rows": 1,
      "Plan Width": 8,
      "Actual Startup Time": 4.078,
      "Actual Total Time": 4.08,
      "Actual Rows": 1,
      "Actual Loops": 1,
      "Plans": [
        {
          "Node Type": "Nested Loop",
          "Parent Relationship": "Outer",
          "Parallel Aware": false,
          "Join Type": "Inner",
          "Startup Cost": 1.42,
          "Total Cost": 802.44,
          "Plan Rows": 717,
          "Plan Width": 0,
          "Actual Startup Time": 0.183,
          "Actual Total Time": 3.938,
          "Actual Rows": 1211,
          "Actual Loops": 1,
          "Inner Unique": false,
          "Plans": [
            {
              "Node Type": "Nested Loop",
              "Parent Relationship": "Outer",
              "Parallel Aware": false,
              "Join Type": "Inner",
              "Startup Cost": 0.86,
              "Total Cost": 695.78,
              "Plan Rows": 50,
              "Plan Width": 8,
              "Actual Startup Time": 0.165,
              "Actual Total Time": 0.802,
              "Actual Rows": 43,
              "Actual Loops": 1,
              "Inner Unique": true,
              "Plans": [
                {
                  "Node Type": "Index Scan",
                  "Parent Relationship": "Outer",
                  "Parallel Aware": false,
                  "Scan Direction": "Forward",
                  "Index Name": "company_id_movie_companies",
                  "Relation Name": "movie_companies",
                  "Alias": "mc",
                  "Startup Cost": 0.43,
                  "Total Cost": 273.41,
                  "Plan Rows": 50,
                  "Plan Width": 4,
                  "Actual Startup Time": 0.148,
                  "Actual Total Time": 0.39,
                  "Actual Rows": 43,
                  "Actual Loops": 1,
                  "Index Cond": "(company_id = 1153)",
                  "Rows Removed by Index Recheck": 0,
                  "Filter": "(company_type_id = 1)",
                  "Rows Removed by Filter": 351
                },
                {
                  "Node Type": "Index Only Scan",
                  "Parent Relationship": "Inner",
                  "Parallel Aware": false,
                  "Scan Direction": "Forward",
                  "Index Name": "title_pkey",
                  "Relation Name": "title",
                  "Alias": "t",
                  "Startup Cost": 0.43,
                  "Total Cost": 8.45,
                  "Plan Rows": 1,
                  "Plan Width": 4,
                  "Actual Startup Time": 0.009,
                  "Actual Total Time": 0.009,
                  "Actual Rows": 1,
                  "Actual Loops": 43,
                  "Index Cond": "(id = mc.movie_id)",
                  "Rows Removed by Index Recheck": 0,
                  "Heap Fetches": 43
                }
              ]
            },
            {
              "Node Type": "Index Only Scan",
              "Parent Relationship": "Inner",
              "Parallel Aware": false,
              "Scan Direction": "Forward",
              "Index Name": "movie_id_cast_info",
              "Relation Name": "cast_info",
              "Alias": "ci",
              "Startup Cost": 0.56,
              "Total Cost": 1.78,
              "Plan Rows": 35,
              "Plan Width": 4,
              "Actual Startup Time": 0.011,
              "Actual Total Time": 0.068,
              "Actual Rows": 28,
              "Actual Loops": 43,
              "Index Cond": "(movie_id = t.id)",
              "Rows Removed by Index Recheck": 0,
              "Heap Fetches": 1211
            }
          ]
        }
      ]
    },
    "Planning Time": 0.904,
    "Triggers": [],
    "Execution Time": 4.127
  }
]