[
  {
    "Plan": {
      "Node Type": "Aggregate",
      "Strategy": "Plain",
      "Partial Mode": "Finalize",
      "Parallel Aware": false,
      "Startup Cost": 46075.78,
      "Total Cost": 46075.79,
      "Plan Rows": 1,
      "Plan Width": 8,
      "Actual Startup Time": 161.565,
      "Actual Total Time": 171.556,
      "Actual Rows": 1,
      "Actual Loops": 1,
      "Plans": [
        {
          "Node Type": "Gather",
          "Parent Relationship": "Outer",
          "Parallel Aware": false,
          "Startup Cost": 46075.46,
          "Total Cost": 46075.77,
          "Plan Rows": 3,
          "Plan Width": 8,
          "Actual Startup Time": 161.42,
          "Actual Total Time": 171.545,
          "Actual Rows": 4,
          "Actual Loops": 1,
          "Workers Planned": 3,
          "Workers Launched": 3,
          "Single Copy": false,
          "Plans": [
            {
              "Node Type": "Aggregate",
              "Strategy": "Plain",
              "Partial Mode": "Partial",
              "Parent Relationship": "Outer",
              "Parallel Aware": false,
              "Startup Cost": 45075.46,
              "Total Cost": 45075.47,
              "Plan Rows": 1,
              "Plan Width": 8,
              "Actual Startup Time": 155.718,
              "Actual Total Time": 155.72,
              "Actual Rows": 1,
              "Actual Loops": 4,
              "Plans": [
                {
                  "Node Type": "Seq Scan",
                  "Parent Relationship": "Outer",
                  "Parallel Aware": true,
                  "Relation Name": "movie_keyword",
                  "Alias": "mk",
                  "Startup Cost": 0.0,
                  "Total Cost": 42695.65,
                  "Plan Rows": 951923,
                  "Plan Width": 0,
                  "Actual Startup Time": 0.044,
                  "Actual Total Time": 120.383,
                  "Actual Rows": 739776,
                  "Actual Loops": 4,
                  "Filter": "(keyword_id < 10020)",
                  "Rows Removed by Filter": 391206
                }
              ]
            }
          ]
        }
      ]
    },
    "Planning Time": 0.097,
    "Triggers": [],
    "Execution Time": 171.586
  }
]