{
  "Plan": {
    "Node Type": "Aggregate",
    "Strategy": "Plain",
    "Partial Mode": "Finalize",
    "Parallel Aware": false,
    "Startup Cost": 991613.95,
    "Total Cost": 991613.96,
    "Plan Rows": 1,
    "Plan Width": 8,
    "Actual Startup Time": 4549.277,
    "Actual Total Time": 4655.908,
    "Actual Rows": 1,
    "Actual Loops": 1,
    "Plans": [
      {
        "Node Type": "Gather",
        "Parent Relationship": "Outer",
        "Parallel Aware": false,
        "Startup Cost": 991613.84,
        "Total Cost": 991613.95,
        "Plan Rows": 1,
        "Plan Width": 8,
        "Actual Startup Time": 4547.574,
        "Actual Total Time": 4655.899,
        "Actual Rows": 2,
        "Actual Loops": 1,
        "Workers Planned": 1,
        "Workers Launched": 1,
        "Single Copy": false,
        "Plans": [
          {
            "Node Type": "Aggregate",
            "Strategy": "Plain",
            "Partial Mode": "Partial",
            "Parent Relationship": "Outer",
            "Parallel Aware": false,
            "Startup Cost": 990613.84,
            "Total Cost": 990613.85,
            "Plan Rows": 1,
            "Plan Width": 8,
            "Actual Startup Time": 4539.248,
            "Actual Total Time": 4539.253,
            "Actual Rows": 1,
            "Actual Loops": 2,
            "Plans": [
              {
                "Node Type": "Hash Join",
                "Parent Relationship": "Outer",
                "Parallel Aware": true,
                "Join Type": "Inner",
                "Startup Cost": 622268.31,
                "Total Cost": 977700.58,
                "Plan Rows": 5165304,
                "Plan Width": 0,
                "Actual Startup Time": 2744.058,
                "Actual Total Time": 4494.14,
                "Actual Rows": 1136431,
                "Actual Loops": 2,
                "Inner Unique": false,
                "Hash Cond": "(mi.movie_id = t.id)",
                "Plans": [
                  {
                    "Node Type": "Seq Scan",
                    "Parent Relationship": "Outer",
                    "Parallel Aware": true,
                    "Relation Name": "movie_info",
                    "Alias": "mi",
                    "Startup Cost": 0.0,
                    "Total Cost": 248955.74,
                    "Plan Rows": 8696274,
                    "Plan Width": 4,
                    "Actual Startup Time": 0.017,
                    "Actual Total Time": 623.123,
                    "Actual Rows": 7417860,
                    "Actual Loops": 2
                  },
                  {
                    "Node Type": "Hash",
                    "Parent Relationship": "Inner",
                    "Parallel Aware": true,
                    "Startup Cost": 611226.22,
                    "Total Cost": 611226.22,
                    "Plan Rows": 883367,
                    "Plan Width": 8,
                    "Actual Startup Time": 2727.386,
                    "Actual Total Time": 2727.389,
                    "Actual Rows": 156858,
                    "Actual Loops": 2,
                    "Hash Buckets": 2097152,
                    "Original Hash Buckets": 2097152,
                    "Hash Batches": 1,
                    "Original Hash Batches": 1,
                    "Peak Memory Usage": 28704,
                    "Plans": [
                      {
                        "Node Type": "Hash Join",
                        "Parent Relationship": "Outer",
                        "Parallel Aware": true,
                        "Join Type": "Inner",
                        "Startup Cost": 59631.86,
                        "Total Cost": 611226.22,
                        "Plan Rows": 883367,
                        "Plan Width": 8,
                        "Actual Startup Time": 498.145,
                        "Actual Total Time": 2659.837,
                        "Actual Rows": 156858,
                        "Actual Loops": 2,
                        "Inner Unique": true,
                        "Hash Cond": "(ci.movie_id = t.id)",
                        "Plans": [
                          {
                            "Node Type": "Seq Scan",
                            "Parent Relationship": "Outer",
                            "Parallel Aware": true,
                            "Relation Name": "cast_info",
                            "Alias": "ci",
                            "Startup Cost": 0.0,
                            "Total Cost": 519069.44,
                            "Plan Rows": 12390425,
                            "Plan Width": 4,
                            "Actual Startup Time": 344.977,
                            "Actual Total Time": 1468.682,
                            "Actual Rows": 10565132,
                            "Actual Loops": 2,
                            "Filter": "(person_id > 1491283)",
                            "Rows Removed by Filter": 7557040
                          },
                          {
                            "Node Type": "Hash",
                            "Parent Relationship": "Inner",
                            "Parallel Aware": true,
                            "Startup Cost": 58306.47,
                            "Total Cost": 58306.47,
                            "Plan Rows": 106031,
                            "Plan Width": 4,
                            "Actual Startup Time": 151.843,
                            "Actual Total Time": 151.843,
                            "Actual Rows": 36322,
                            "Actual Loops": 2,
                            "Hash Buckets": 262144,
                            "Original Hash Buckets": 262144,
                            "Hash Batches": 1,
                            "Original Hash Batches": 1,
                            "Peak Memory Usage": 4928,
                            "Plans": [
                              {
                                "Node Type": "Seq Scan",
                                "Parent Relationship": "Outer",
                                "Parallel Aware": true,
                                "Relation Name": "title",
                                "Alias": "t",
                                "Startup Cost": 0.0,
                                "Total Cost": 58306.47,
                                "Plan Rows": 106031,
                                "Plan Width": 4,
                                "Actual Startup Time": 0.031,
                                "Actual Total Time": 139.483,
                                "Actual Rows": 36322,
                                "Actual Loops": 2,
                                "Filter": "((kind_id > 3) AND (production_year < 1964))",
                                "Rows Removed by Filter": 1227834
                              }
                            ]
                          }
                        ]
                      }
                    ]
                  }
                ]
              }
            ]
          }
        ]
      }
    ]
  },
  "Planning Time": 0.962,
  "Triggers": [],
  "Execution Time": 4656.011
}