[
  {
    "Plan": {
      "Node Type": "Aggregate",
      "Strategy": "Plain",
      "Partial Mode": "Finalize",
      "Parallel Aware": false,
      "Startup Cost": 354281.46,
      "Total Cost": 354281.47,
      "Plan Rows": 1,
      "Plan Width": 8,
      "Actual Startup Time": 998.715,
      "Actual Total Time": 1043.479,
      "Actual Rows": 1,
      "Actual Loops": 1,
      "Plans": [
        {
          "Node Type": "Gather",
          "Parent Relationship": "Outer",
          "Parallel Aware": false,
          "Startup Cost": 354280.84,
          "Total Cost": 354281.45,
          "Plan Rows": 6,
          "Plan Width": 8,
          "Actual Startup Time": 998.519,
          "Actual Total Time": 1043.466,
          "Actual Rows": 7,
          "Actual Loops": 1,
          "Workers Planned": 6,
          "Workers Launched": 6,
          "Single Copy": false,
          "Plans": [
            {
              "Node Type": "Aggregate",
              "Strategy": "Plain",
              "Partial Mode": "Partial",
              "Parent Relationship": "Outer",
              "Parallel Aware": false,
              "Startup Cost": 353280.84,
              "Total Cost": 353280.85,
              "Plan Rows": 1,
              "Plan Width": 8,
              "Actual Startup Time": 990.738,
              "Actual Total Time": 990.739,
              "Actual Rows": 1,
              "Actual Loops": 7,
              "Plans": [
                {
                  "Node Type": "Seq Scan",
                  "Parent Relationship": "Outer",
                  "Parallel Aware": true,
                  "Relation Name": "cast_info",
                  "Alias": "ci",
                  "Startup Cost": 0.0,
                  "Total Cost": 343316.27,
                  "Plan Rows": 3985826,
                  "Plan Width": 0,
                  "Actual Startup Time": 0.048,
                  "Actual Total Time": 786.485,
                  "Actual Rows": 3809984,
                  "Actual Loops": 7,
                  "Filter": "((person_id < 3041335) AND (role_id < 8))",
                  "Rows Removed by Filter": 1367779
                }
              ]
            }
          ]
        }
      ]
    },
    "Planning Time": 0.253,
    "Triggers": [],
    "Execution Time": 1043.526
  }
]