[
  {
    "Plan": {
      "Node Type": "Aggregate",
      "Strategy": "Plain",
      "Partial Mode": "Finalize",
      "Parallel Aware": false,
      "Startup Cost": 46491.25,
      "Total Cost": 46491.26,
      "Plan Rows": 1,
      "Plan Width": 8,
      "Actual Startup Time": 177.846,
      "Actual Total Time": 187.367,
      "Actual Rows": 1,
      "Actual Loops": 1,
      "Plans": [
        {
          "Node Type": "Gather",
          "Parent Relationship": "Outer",
          "Parallel Aware": false,
          "Startup Cost": 46490.93,
          "Total Cost": 46491.24,
          "Plan Rows": 3,
          "Plan Width": 8,
          "Actual Startup Time": 177.706,
          "Actual Total Time": 187.353,
          "Actual Rows": 4,
          "Actual Loops": 1,
          "Workers Planned": 3,
          "Workers Launched": 3,
          "Single Copy": false,
          "Plans": [
            {
              "Node Type": "Aggregate",
              "Strategy": "Plain",
              "Partial Mode": "Partial",
              "Parent Relationship": "Outer",
              "Parallel Aware": false,
              "Startup Cost": 45490.93,
              "Total Cost": 45490.94,
              "Plan Rows": 1,
              "Plan Width": 8,
              "Actual Startup Time": 168.946,
              "Actual Total Time": 168.948,
              "Actual Rows": 1,
              "Actual Loops": 4,
              "Plans": [
                {
                  "Node Type": "Seq Scan",
                  "Parent Relationship": "Outer",
                  "Parallel Aware": true,
                  "Relation Name": "movie_keyword",
                  "Alias": "mk",
                  "Startup Cost": 0.0,
                  "Total Cost": 42695.65,
                  "Plan Rows": 1118110,
                  "Plan Width": 0,
                  "Actual Startup Time": 0.061,
                  "Actual Total Time": 127.701,
                  "Actual Rows": 867145,
                  "Actual Loops": 4,
                  "Filter": "(keyword_id < 16742)",
                  "Rows Removed by Filter": 263838
                }
              ]
            }
          ]
        }
      ]
    },
    "Planning Time": 0.183,
    "Triggers": [],
    "Execution Time": 187.429
  }
]