[
  {
    "Plan": {
      "Node Type": "Aggregate",
      "Strategy": "Plain",
      "Partial Mode": "Finalize",
      "Parallel Aware": false,
      "Startup Cost": 33177.9,
      "Total Cost": 33177.91,
      "Plan Rows": 1,
      "Plan Width": 8,
      "Actual Startup Time": 87.919,
      "Actual Total Time": 95.635,
      "Actual Rows": 1,
      "Actual Loops": 1,
      "Plans": [
        {
          "Node Type": "Gather",
          "Parent Relationship": "Outer",
          "Parallel Aware": false,
          "Startup Cost": 33177.58,
          "Total Cost": 33177.89,
          "Plan Rows": 3,
          "Plan Width": 8,
          "Actual Startup Time": 87.787,
          "Actual Total Time": 95.627,
          "Actual Rows": 4,
          "Actual Loops": 1,
          "Workers Planned": 3,
          "Workers Launched": 3,
          "Single Copy": false,
          "Plans": [
            {
              "Node Type": "Aggregate",
              "Strategy": "Plain",
              "Partial Mode": "Partial",
              "Parent Relationship": "Outer",
              "Parallel Aware": false,
              "Startup Cost": 32177.58,
              "Total Cost": 32177.59,
              "Plan Rows": 1,
              "Plan Width": 8,
              "Actual Startup Time": 82.232,
              "Actual Total Time": 82.233,
              "Actual Rows": 1,
              "Actual Loops": 4,
              "Plans": [
                {
                  "Node Type": "Seq Scan",
                  "Parent Relationship": "Outer",
                  "Parallel Aware": true,
                  "Relation Name": "movie_companies",
                  "Alias": "mc",
                  "Startup Cost": 0.0,
                  "Total Cost": 31414.82,
                  "Plan Rows": 305105,
                  "Plan Width": 0,
                  "Actual Startup Time": 44.608,
                  "Actual Total Time": 76.086,
                  "Actual Rows": 157534,
                  "Actual Loops": 4,
                  "Filter": "((company_id < 35298) AND (company_type_id = 2))",
                  "Rows Removed by Filter": 494748
                }
              ]
            }
          ]
        }
      ]
    },
    "Planning Time": 0.221,
    "Triggers": [],
    "Execution Time": 95.691
  }
]