[
  {
    "Plan": {
      "Node Type": "Aggregate",
      "Strategy": "Plain",
      "Partial Mode": "Finalize",
      "Parallel Aware": false,
      "Startup Cost": 66640.61,
      "Total Cost": 66640.62,
      "Plan Rows": 1,
      "Plan Width": 8,
      "Actual Startup Time": 108.55,
      "Actual Total Time": 123.463,
      "Actual Rows": 1,
      "Actual Loops": 1,
      "Plans": [
        {
          "Node Type": "Gather",
          "Parent Relationship": "Outer",
          "Parallel Aware": false,
          "Startup Cost": 66640.19,
          "Total Cost": 66640.6,
          "Plan Rows": 4,
          "Plan Width": 8,
          "Actual Startup Time": 108.336,
          "Actual Total Time": 123.455,
          "Actual Rows": 5,
          "Actual Loops": 1,
          "Workers Planned": 4,
          "Workers Launched": 4,
          "Single Copy": false,
          "Plans": [
            {
              "Node Type": "Aggregate",
              "Strategy": "Plain",
              "Partial Mode": "Partial",
              "Parent Relationship": "Outer",
              "Parallel Aware": false,
              "Startup Cost": 65640.19,
              "Total Cost": 65640.2,
              "Plan Rows": 1,
              "Plan Width": 8,
              "Actual Startup Time": 98.859,
              "Actual Total Time": 98.861,
              "Actual Rows": 1,
              "Actual Loops": 5,
              "Plans": [
                {
                  "Node Type": "Nested Loop",
                  "Parent Relationship": "Outer",
                  "Parallel Aware": false,
                  "Join Type": "Inner",
                  "Startup Cost": 0.43,
                  "Total Cost": 65635.85,
                  "Plan Rows": 1737,
                  "Plan Width": 0,
                  "Actual Startup Time": 59.376,
                  "Actual Total Time": 98.537,
                  "Actual Rows": 3147,
                  "Actual Loops": 5,
                  "Inner Unique": false,
                  "Plans": [
                    {
                      "Node Type": "Seq Scan",
                      "Parent Relationship": "Outer",
                      "Parallel Aware": true,
                      "Relation Name": "title",
                      "Alias": "t",
                      "Startup Cost": 0.0,
                      "Total Cost": 43898.92,
                      "Plan Rows": 1770,
                      "Plan Width": 4,
                      "Actual Startup Time": 59.292,
                      "Actual Total Time": 82.749,
                      "Actual Rows": 1625,
                      "Actual Loops": 5,
                      "Filter": "(production_year = 1914)",
                      "Rows Removed by Filter": 504037
                    },
                    {
                      "Node Type": "Index Scan",
                      "Parent Relationship": "Inner",
                      "Parallel Aware": false,
                      "Scan Direction": "Forward",
                      "Index Name": "movie_id_movie_companies",
                      "Relation Name": "movie_companies",
                      "Alias": "mc",
                      "Startup Cost": 0.43,
                      "Total Cost": 12.23,
                      "Plan Rows": 5,
                      "Plan Width": 4,
                      "Actual Startup Time": 0.007,
                      "Actual Total Time": 0.009,
                      "Actual Rows": 2,
                      "Actual Loops": 8125,
                      "Index Cond": "(movie_id = t.id)",
                      "Rows Removed by Index Recheck": 0,
                      "Filter": "(company_id > 19)",
                      "Rows Removed by Filter": 0
                    }
                  ]
                }
              ]
            }
          ]
        }
      ]
    },
    "Planning Time": 0.677,
    "Triggers": [],
    "Execution Time": 123.543
  }
]