{
  "Plan": {
    "Node Type": "Aggregate",
    "Strategy": "Plain",
    "Partial Mode": "Finalize",
    "Parallel Aware": false,
    "Startup Cost": 696931.17,
    "Total Cost": 696931.18,
    "Plan Rows": 1,
    "Plan Width": 8,
    "Actual Startup Time": 2372.689,
    "Actual Total Time": 2442.466,
    "Actual Rows": 1,
    "Actual Loops": 1,
    "Plans": [
      {
        "Node Type": "Gather",
        "Parent Relationship": "Outer",
        "Parallel Aware": false,
        "Startup Cost": 696931.06,
        "Total Cost": 696931.17,
        "Plan Rows": 1,
        "Plan Width": 8,
        "Actual Startup Time": 2371.309,
        "Actual Total Time": 2442.455,
        "Actual Rows": 2,
        "Actual Loops": 1,
        "Workers Planned": 1,
        "Workers Launched": 1,
        "Single Copy": false,
        "Plans": [
          {
            "Node Type": "Aggregate",
            "Strategy": "Plain",
            "Partial Mode": "Partial",
            "Parent Relationship": "Outer",
            "Parallel Aware": false,
            "Startup Cost": 695931.06,
            "Total Cost": 695931.07,
            "Plan Rows": 1,
            "Plan Width": 8,
            "Actual Startup Time": 2365.724,
            "Actual Total Time": 2366.062,
            "Actual Rows": 1,
            "Actual Loops": 2,
            "Plans": [
              {
                "Node Type": "Hash Join",
                "Parent Relationship": "Outer",
                "Parallel Aware": true,
                "Join Type": "Inner",
                "Startup Cost": 651955.24,
                "Total Cost": 695303.33,
                "Plan Rows": 251092,
                "Plan Width": 0,
                "Actual Startup Time": 2175.689,
                "Actual Total Time": 2361.221,
                "Actual Rows": 93154,
                "Actual Loops": 2,
                "Inner Unique": false,
                "Hash Cond": "(mc.movie_id = t.id)",
                "Plans": [
                  {
                    "Node Type": "Seq Scan",
                    "Parent Relationship": "Outer",
                    "Parallel Aware": true,
                    "Relation Name": "movie_companies",
                    "Alias": "mc",
                    "Startup Cost": 0.0,
                    "Total Cost": 37974.77,
                    "Plan Rows": 779260,
                    "Plan Width": 4,
                    "Actual Startup Time": 59.865,
                    "Actual Total Time": 137.192,
                    "Actual Rows": 667442,
                    "Actual Loops": 2,
                    "Filter": "(company_type_id > 1)",
                    "Rows Removed by Filter": 637123
                  },
                  {
                    "Node Type": "Hash",
                    "Parent Relationship": "Inner",
                    "Parallel Aware": true,
                    "Startup Cost": 645965.07,
                    "Total Cost": 645965.07,
                    "Plan Rows": 479214,
                    "Plan Width": 8,
                    "Actual Startup Time": 2106.284,
                    "Actual Total Time": 2106.62,
                    "Actual Rows": 93656,
                    "Actual Loops": 2,
                    "Hash Buckets": 1048576,
                    "Original Hash Buckets": 1048576,
                    "Hash Batches": 1,
                    "Original Hash Batches": 1,
                    "Peak Memory Usage": 15552,
                    "Plans": [
                      {
                        "Node Type": "Hash Join",
                        "Parent Relationship": "Outer",
                        "Parallel Aware": true,
                        "Join Type": "Inner",
                        "Startup Cost": 60026.99,
                        "Total Cost": 645965.07,
                        "Plan Rows": 479214,
                        "Plan Width": 8,
                        "Actual Startup Time": 899.864,
                        "Actual Total Time": 2070.934,
                        "Actual Rows": 93656,
                        "Actual Loops": 2,
                        "Inner Unique": true,
                        "Hash Cond": "(ci.movie_id = t.id)",
                        "Plans": [
                          {
                            "Node Type": "Seq Scan",
                            "Parent Relationship": "Outer",
                            "Parallel Aware": true,
                            "Relation Name": "cast_info",
                            "Alias": "ci",
                            "Startup Cost": 0.0,
                            "Total Cost": 572345.93,
                            "Plan Rows": 5177952,
                            "Plan Width": 4,
                            "Actual Startup Time": 740.342,
                            "Actual Total Time": 1515.655,
                            "Actual Rows": 2821213,
                            "Actual Loops": 2,
                            "Filter": "((person_id > 2590694) AND (role_id < 7))",
                            "Rows Removed by Filter": 15300959
                          },
                          {
                            "Node Type": "Hash",
                            "Parent Relationship": "Inner",
                            "Parallel Aware": true,
                            "Startup Cost": 58306.47,
                            "Total Cost": 58306.47,
                            "Plan Rows": 137642,
                            "Plan Width": 4,
                            "Actual Startup Time": 157.947,
                            "Actual Total Time": 157.948,
                            "Actual Rows": 68912,
                            "Actual Loops": 2,
                            "Hash Buckets": 262144,
                            "Original Hash Buckets": 262144,
                            "Hash Batches": 1,
                            "Original Hash Batches": 1,
                            "Peak Memory Usage": 7488,
                            "Plans": [
                              {
                                "Node Type": "Seq Scan",
                                "Parent Relationship": "Outer",
                                "Parallel Aware": true,
                                "Relation Name": "title",
                                "Alias": "t",
                                "Startup Cost": 0.0,
                                "Total Cost": 58306.47,
                                "Plan Rows": 137642,
                                "Plan Width": 4,
                                "Actual Startup Time": 0.045,
                                "Actual Total Time": 135.207,
                                "Actual Rows": 68912,
                                "Actual Loops": 2,
                                "Filter": "((production_year < 1972) AND (kind_id = 7))",
                                "Rows Removed by Filter": 1195244
                              }
                            ]
                          }
                        ]
                      }
                    ]
                  }
                ]
              }
            ]
          }
        ]
      }
    ]
  },
  "Planning Time": 1.071,
  "Triggers": [],
  "Execution Time": 2442.567
}