[
    {
        "Bao": {
            "Bao prediction": "NaN",
            "Bao recommended hint": "(no hint)"
        }
    },
    {
        "Plan": {
            "Node Type": "Aggregate",
            "Strategy": "Plain",
            "Partial Mode": "Finalize",
            "Parallel Aware": false,
            "Startup Cost": 16706.4,
            "Total Cost": 16706.41,
            "Plan Rows": 1,
            "Plan Width": 8,
            "Actual Startup Time": 16.128,
            "Actual Total Time": 18.13,
            "Actual Rows": 1,
            "Actual Loops": 1,
            "Output": [
                "count(*)"
            ],
            "Plans": [
                {
                    "Node Type": "Gather",
                    "Parent Relationship": "Outer",
                    "Parallel Aware": false,
                    "Startup Cost": 16706.18,
                    "Total Cost": 16706.39,
                    "Plan Rows": 2,
                    "Plan Width": 8,
                    "Actual Startup Time": 15.779,
                    "Actual Total Time": 18.124,
                    "Actual Rows": 3,
                    "Actual Loops": 1,
                    "Output": [
                        "(PARTIAL count(*))"
                    ],
                    "Workers Planned": 2,
                    "Workers Launched": 2,
                    "Single Copy": false,
                    "Plans": [
                        {
                            "Node Type": "Aggregate",
                            "Strategy": "Plain",
                            "Partial Mode": "Partial",
                            "Parent Relationship": "Outer",
                            "Parallel Aware": false,
                            "Startup Cost": 15706.18,
                            "Total Cost": 15706.19,
                            "Plan Rows": 1,
                            "Plan Width": 8,
                            "Actual Startup Time": 8.022,
                            "Actual Total Time": 8.024,
                            "Actual Rows": 1,
                            "Actual Loops": 3,
                            "Output": [
                                "PARTIAL count(*)"
                            ],
                            "Workers": [
                                {
                                    "Worker Number": 0,
                                    "Actual Startup Time": 4.216,
                                    "Actual Total Time": 4.218,
                                    "Actual Rows": 1,
                                    "Actual Loops": 1
                                },
                                {
                                    "Worker Number": 1,
                                    "Actual Startup Time": 4.331,
                                    "Actual Total Time": 4.333,
                                    "Actual Rows": 1,
                                    "Actual Loops": 1
                                }
                            ],
                            "Plans": [
                                {
                                    "Node Type": "Nested Loop",
                                    "Parent Relationship": "Outer",
                                    "Parallel Aware": false,
                                    "Join Type": "Inner",
                                    "Startup Cost": 85.39,
                                    "Total Cost": 15704.2,
                                    "Plan Rows": 795,
                                    "Plan Width": 0,
                                    "Actual Startup Time": 2.277,
                                    "Actual Total Time": 7.966,
                                    "Actual Rows": 542,
                                    "Actual Loops": 3,
                                    "Inner Unique": true,
                                    "Workers": [
                                        {
                                            "Worker Number": 0,
                                            "Actual Startup Time": 0.437,
                                            "Actual Total Time": 4.183,
                                            "Actual Rows": 34,
                                            "Actual Loops": 1
                                        },
                                        {
                                            "Worker Number": 1,
                                            "Actual Startup Time": 0.428,
                                            "Actual Total Time": 4.301,
                                            "Actual Rows": 31,
                                            "Actual Loops": 1
                                        }
                                    ],
                                    "Plans": [
                                        {
                                            "Node Type": "Bitmap Heap Scan",
                                            "Parent Relationship": "Outer",
                                            "Parallel Aware": true,
                                            "Relation Name": "movie_companies",
                                            "Schema": "public",
                                            "Alias": "mc",
                                            "Startup Cost": 84.96,
                                            "Total Cost": 9373.64,
                                            "Plan Rows": 795,
                                            "Plan Width": 4,
                                            "Actual Startup Time": 2.091,
                                            "Actual Total Time": 3.868,
                                            "Actual Rows": 542,
                                            "Actual Loops": 3,
                                            "Output": [
                                                "mc.id",
                                                "mc.movie_id",
                                                "mc.company_id",
                                                "mc.company_type_id",
                                                "mc.note"
                                            ],
                                            "Recheck Cond": "(mc.company_id = 475)",
                                            "Rows Removed by Index Recheck": 0,
                                            "Filter": "(mc.company_type_id > 1)",
                                            "Rows Removed by Filter": 1151,
                                            "Exact Heap Blocks": 3616,
                                            "Lossy Heap Blocks": 0,
                                            "Workers": [
                                                {
                                                    "Worker Number": 0,
                                                    "Actual Startup Time": 0.181,
                                                    "Actual Total Time": 1.491,
                                                    "Actual Rows": 34,
                                                    "Actual Loops": 1
                                                },
                                                {
                                                    "Worker Number": 1,
                                                    "Actual Startup Time": 0.155,
                                                    "Actual Total Time": 1.5,
                                                    "Actual Rows": 31,
                                                    "Actual Loops": 1
                                                }
                                            ],
                                            "Plans": [
                                                {
                                                    "Node Type": "Bitmap Index Scan",
                                                    "Parent Relationship": "Outer",
                                                    "Parallel Aware": false,
                                                    "Index Name": "company_id_movie_companies",
                                                    "Startup Cost": 0.0,
                                                    "Total Cost": 84.48,
                                                    "Plan Rows": 3740,
                                                    "Plan Width": 0,
                                                    "Actual Startup Time": 1.574,
                                                    "Actual Total Time": 1.575,
                                                    "Actual Rows": 5080,
                                                    "Actual Loops": 1,
                                                    "Index Cond": "(mc.company_id = 475)"
                                                }
                                            ]
                                        },
                                        {
                                            "Node Type": "Index Only Scan",
                                            "Parent Relationship": "Inner",
                                            "Parallel Aware": false,
                                            "Scan Direction": "Forward",
                                            "Index Name": "title_pkey",
                                            "Relation Name": "title",
                                            "Schema": "public",
                                            "Alias": "t",
                                            "Startup Cost": 0.43,
                                            "Total Cost": 7.96,
                                            "Plan Rows": 1,
                                            "Plan Width": 4,
                                            "Actual Startup Time": 0.007,
                                            "Actual Total Time": 0.007,
                                            "Actual Rows": 1,
                                            "Actual Loops": 1626,
                                            "Output": [
                                                "t.id"
                                            ],
                                            "Index Cond": "(t.id = mc.movie_id)",
                                            "Rows Removed by Index Recheck": 0,
                                            "Heap Fetches": 1626,
                                            "Workers": [
                                                {
                                                    "Worker Number": 0,
                                                    "Actual Startup Time": 0.076,
                                                    "Actual Total Time": 0.076,
                                                    "Actual Rows": 1,
                                                    "Actual Loops": 34
                                                },
                                                {
                                                    "Worker Number": 1,
                                                    "Actual Startup Time": 0.087,
                                                    "Actual Total Time": 0.087,
                                                    "Actual Rows": 1,
                                                    "Actual Loops": 31
                                                }
                                            ]
                                        }
                                    ]
                                }
                            ]
                        }
                    ]
                }
            ]
        },
        "Planning Time": 179.92,
        "Triggers": [],
        "Execution Time": 18.21
    }
]