[
  {
    "Plan": {
      "Node Type": "Aggregate",
      "Strategy": "Plain",
      "Partial Mode": "Finalize",
      "Parallel Aware": false,
      "Startup Cost": 39645.05,
      "Total Cost": 39645.06,
      "Plan Rows": 1,
      "Plan Width": 8,
      "Actual Startup Time": 63.918,
      "Actual Total Time": 73.061,
      "Actual Rows": 1,
      "Actual Loops": 1,
      "Plans": [
        {
          "Node Type": "Gather",
          "Parent Relationship": "Outer",
          "Parallel Aware": false,
          "Startup Cost": 39644.63,
          "Total Cost": 39645.04,
          "Plan Rows": 4,
          "Plan Width": 8,
          "Actual Startup Time": 63.661,
          "Actual Total Time": 73.05,
          "Actual Rows": 5,
          "Actual Loops": 1,
          "Workers Planned": 4,
          "Workers Launched": 4,
          "Single Copy": false,
          "Plans": [
            {
              "Node Type": "Aggregate",
              "Strategy": "Plain",
              "Partial Mode": "Partial",
              "Parent Relationship": "Outer",
              "Parallel Aware": false,
              "Startup Cost": 38644.63,
              "Total Cost": 38644.64,
              "Plan Rows": 1,
              "Plan Width": 8,
              "Actual Startup Time": 55.199,
              "Actual Total Time": 55.201,
              "Actual Rows": 1,
              "Actual Loops": 5,
              "Plans": [
                {
                  "Node Type": "Bitmap Heap Scan",
                  "Parent Relationship": "Outer",
                  "Parallel Aware": true,
                  "Relation Name": "title",
                  "Alias": "t",
                  "Startup Cost": 2174.13,
                  "Total Cost": 38627.56,
                  "Plan Rows": 6829,
                  "Plan Width": 0,
                  "Actual Startup Time": 10.282,
                  "Actual Total Time": 55.152,
                  "Actual Rows": 163,
                  "Actual Loops": 5,
                  "Recheck Cond": "(kind_id = 4)",
                  "Rows Removed by Index Recheck": 0,
                  "Filter": "(production_year < 1985)",
                  "Rows Removed by Filter": 23484,
                  "Exact Heap Blocks": 5000,
                  "Lossy Heap Blocks": 0,
                  "Plans": [
                    {
                      "Node Type": "Bitmap Index Scan",
                      "Parent Relationship": "Outer",
                      "Parallel Aware": false,
                      "Index Name": "kind_id_title",
                      "Startup Cost": 0.0,
                      "Total Cost": 2167.3,
                      "Plan Rows": 121449,
                      "Plan Width": 0,
                      "Actual Startup Time": 12.748,
                      "Actual Total Time": 12.748,
                      "Actual Rows": 118234,
                      "Actual Loops": 1,
                      "Index Cond": "(kind_id = 4)"
                    }
                  ]
                }
              ]
            }
          ]
        }
      ]
    },
    "Planning Time": 0.161,
    "Triggers": [],
    "Execution Time": 73.125
  }
]