[
  {
    "Plan": {
      "Node Type": "Aggregate",
      "Strategy": "Plain",
      "Partial Mode": "Finalize",
      "Parallel Aware": false,
      "Startup Cost": 391420.56,
      "Total Cost": 391420.57,
      "Plan Rows": 1,
      "Plan Width": 8,
      "Actual Startup Time": 1823.443,
      "Actual Total Time": 1880.864,
      "Actual Rows": 1,
      "Actual Loops": 1,
      "Plans": [
        {
          "Node Type": "Gather",
          "Parent Relationship": "Outer",
          "Parallel Aware": false,
          "Startup Cost": 391419.94,
          "Total Cost": 391420.55,
          "Plan Rows": 6,
          "Plan Width": 8,
          "Actual Startup Time": 1811.737,
          "Actual Total Time": 1880.853,
          "Actual Rows": 7,
          "Actual Loops": 1,
          "Workers Planned": 6,
          "Workers Launched": 6,
          "Single Copy": false,
          "Plans": [
            {
              "Node Type": "Aggregate",
              "Strategy": "Plain",
              "Partial Mode": "Partial",
              "Parent Relationship": "Outer",
              "Parallel Aware": false,
              "Startup Cost": 390419.94,
              "Total Cost": 390419.95,
              "Plan Rows": 1,
              "Plan Width": 8,
              "Actual Startup Time": 1794.449,
              "Actual Total Time": 1794.452,
              "Actual Rows": 1,
              "Actual Loops": 7,
              "Plans": [
                {
                  "Node Type": "Hash Join",
                  "Parent Relationship": "Outer",
                  "Parallel Aware": true,
                  "Join Type": "Inner",
                  "Startup Cost": 50821.92,
                  "Total Cost": 385940.03,
                  "Plan Rows": 1791962,
                  "Plan Width": 0,
                  "Actual Startup Time": 434.303,
                  "Actual Total Time": 1718.426,
                  "Actual Rows": 1557453,
                  "Actual Loops": 7,
                  "Inner Unique": true,
                  "Hash Cond": "(ci.movie_id = t.id)",
                  "Plans": [
                    {
                      "Node Type": "Seq Scan",
                      "Parent Relationship": "Outer",
                      "Parallel Aware": true,
                      "Relation Name": "cast_info",
                      "Alias": "ci",
                      "Startup Cost": 0.0,
                      "Total Cost": 328162.03,
                      "Plan Rows": 2649933,
                      "Plan Width": 4,
                      "Actual Startup Time": 221.145,
                      "Actual Total Time": 615.586,
                      "Actual Rows": 2269649,
                      "Actual Loops": 7,
                      "Filter": "(person_id > 2046788)",
                      "Rows Removed by Filter": 2908115
                    },
                    {
                      "Node Type": "Hash",
                      "Parent Relationship": "Inner",
                      "Parallel Aware": true,
                      "Startup Cost": 45479.1,
                      "Total Cost": 45479.1,
                      "Plan Rows": 427426,
                      "Plan Width": 4,
                      "Actual Startup Time": 208.042,
                      "Actual Total Time": 208.043,
                      "Actual Rows": 244179,
                      "Actual Loops": 7,
                      "Hash Buckets": 2097152,
                      "Original Hash Buckets": 2097152,
                      "Hash Batches": 1,
                      "Original Hash Batches": 1,
                      "Peak Memory Usage": 83360,
                      "Plans": [
                        {
                          "Node Type": "Seq Scan",
                          "Parent Relationship": "Outer",
                          "Parallel Aware": true,
                          "Relation Name": "title",
                          "Alias": "t",
                          "Startup Cost": 0.0,
                          "Total Cost": 45479.1,
                          "Plan Rows": 427426,
                          "Plan Width": 4,
                          "Actual Startup Time": 0.045,
                          "Actual Total Time": 87.893,
                          "Actual Rows": 244179,
                          "Actual Loops": 7,
                          "Filter": "((kind_id > 2) AND (production_year > 1909))",
                          "Rows Removed by Filter": 117009
                        }
                      ]
                    }
                  ]
                }
              ]
            }
          ]
        }
      ]
    },
    "Planning Time": 0.65,
    "Triggers": [],
    "Execution Time": 1880.958
  }
]