[
  {
    "Plan": {
      "Node Type": "Aggregate",
      "Strategy": "Plain",
      "Partial Mode": "Finalize",
      "Parallel Aware": false,
      "Startup Cost": 45624.42,
      "Total Cost": 45624.43,
      "Plan Rows": 1,
      "Plan Width": 8,
      "Actual Startup Time": 165.02,
      "Actual Total Time": 175.325,
      "Actual Rows": 1,
      "Actual Loops": 1,
      "Plans": [
        {
          "Node Type": "Gather",
          "Parent Relationship": "Outer",
          "Parallel Aware": false,
          "Startup Cost": 45624.11,
          "Total Cost": 45624.42,
          "Plan Rows": 3,
          "Plan Width": 8,
          "Actual Startup Time": 164.911,
          "Actual Total Time": 175.317,
          "Actual Rows": 4,
          "Actual Loops": 1,
          "Workers Planned": 3,
          "Workers Launched": 3,
          "Single Copy": false,
          "Plans": [
            {
              "Node Type": "Aggregate",
              "Strategy": "Plain",
              "Partial Mode": "Partial",
              "Parent Relationship": "Outer",
              "Parallel Aware": false,
              "Startup Cost": 44624.11,
              "Total Cost": 44624.12,
              "Plan Rows": 1,
              "Plan Width": 8,
              "Actual Startup Time": 156.802,
              "Actual Total Time": 156.804,
              "Actual Rows": 1,
              "Actual Loops": 4,
              "Plans": [
                {
                  "Node Type": "Seq Scan",
                  "Parent Relationship": "Outer",
                  "Parallel Aware": true,
                  "Relation Name": "movie_keyword",
                  "Alias": "mk",
                  "Startup Cost": 0.0,
                  "Total Cost": 42695.65,
                  "Plan Rows": 771381,
                  "Plan Width": 0,
                  "Actual Startup Time": 0.073,
                  "Actual Total Time": 125.352,
                  "Actual Rows": 601552,
                  "Actual Loops": 4,
                  "Filter": "(keyword_id < 5613)",
                  "Rows Removed by Filter": 529430
                }
              ]
            }
          ]
        }
      ]
    },
    "Planning Time": 0.078,
    "Triggers": [],
    "Execution Time": 175.359
  }
]