[
  {
    "Plan": {
      "Node Type": "Aggregate",
      "Strategy": "Plain",
      "Partial Mode": "Finalize",
      "Parallel Aware": false,
      "Startup Cost": 45632.64,
      "Total Cost": 45632.65,
      "Plan Rows": 1,
      "Plan Width": 8,
      "Actual Startup Time": 173.454,
      "Actual Total Time": 184.254,
      "Actual Rows": 1,
      "Actual Loops": 1,
      "Plans": [
        {
          "Node Type": "Gather",
          "Parent Relationship": "Outer",
          "Parallel Aware": false,
          "Startup Cost": 45632.32,
          "Total Cost": 45632.63,
          "Plan Rows": 3,
          "Plan Width": 8,
          "Actual Startup Time": 173.336,
          "Actual Total Time": 184.246,
          "Actual Rows": 4,
          "Actual Loops": 1,
          "Workers Planned": 3,
          "Workers Launched": 3,
          "Single Copy": false,
          "Plans": [
            {
              "Node Type": "Aggregate",
              "Strategy": "Plain",
              "Partial Mode": "Partial",
              "Parent Relationship": "Outer",
              "Parallel Aware": false,
              "Startup Cost": 44632.32,
              "Total Cost": 44632.33,
              "Plan Rows": 1,
              "Plan Width": 8,
              "Actual Startup Time": 164.965,
              "Actual Total Time": 164.966,
              "Actual Rows": 1,
              "Actual Loops": 4,
              "Plans": [
                {
                  "Node Type": "Seq Scan",
                  "Parent Relationship": "Outer",
                  "Parallel Aware": true,
                  "Relation Name": "movie_keyword",
                  "Alias": "mk",
                  "Startup Cost": 0.0,
                  "Total Cost": 42695.65,
                  "Plan Rows": 774666,
                  "Plan Width": 0,
                  "Actual Startup Time": 0.064,
                  "Actual Total Time": 132.723,
                  "Actual Rows": 601552,
                  "Actual Loops": 4,
                  "Filter": "(keyword_id < 5613)",
                  "Rows Removed by Filter": 529430
                }
              ]
            }
          ]
        }
      ]
    },
    "Planning Time": 0.107,
    "Triggers": [],
    "Execution Time": 184.291
  }
]