[
  {
    "Plan": {
      "Node Type": "Aggregate",
      "Strategy": "Plain",
      "Partial Mode": "Finalize",
      "Parallel Aware": false,
      "Startup Cost": 230015.69,
      "Total Cost": 230015.7,
      "Plan Rows": 1,
      "Plan Width": 8,
      "Actual Startup Time": 227.447,
      "Actual Total Time": 259.179,
      "Actual Rows": 1,
      "Actual Loops": 1,
      "Plans": [
        {
          "Node Type": "Gather",
          "Parent Relationship": "Outer",
          "Parallel Aware": false,
          "Startup Cost": 230015.27,
          "Total Cost": 230015.68,
          "Plan Rows": 4,
          "Plan Width": 8,
          "Actual Startup Time": 227.273,
          "Actual Total Time": 259.17,
          "Actual Rows": 5,
          "Actual Loops": 1,
          "Workers Planned": 4,
          "Workers Launched": 4,
          "Single Copy": false,
          "Plans": [
            {
              "Node Type": "Aggregate",
              "Strategy": "Plain",
              "Partial Mode": "Partial",
              "Parent Relationship": "Outer",
              "Parallel Aware": false,
              "Startup Cost": 229015.27,
              "Total Cost": 229015.28,
              "Plan Rows": 1,
              "Plan Width": 8,
              "Actual Startup Time": 221.869,
              "Actual Total Time": 221.87,
              "Actual Rows": 1,
              "Actual Loops": 5,
              "Plans": [
                {
                  "Node Type": "Nested Loop",
                  "Parent Relationship": "Outer",
                  "Parallel Aware": false,
                  "Join Type": "Inner",
                  "Startup Cost": 0.43,
                  "Total Cost": 229008.79,
                  "Plan Rows": 2591,
                  "Plan Width": 0,
                  "Actual Startup Time": 51.409,
                  "Actual Total Time": 220.818,
                  "Actual Rows": 10431,
                  "Actual Loops": 5,
                  "Inner Unique": false,
                  "Plans": [
                    {
                      "Node Type": "Seq Scan",
                      "Parent Relationship": "Outer",
                      "Parallel Aware": true,
                      "Relation Name": "title",
                      "Alias": "t",
                      "Startup Cost": 0.0,
                      "Total Cost": 45479.59,
                      "Plan Rows": 4990,
                      "Plan Width": 4,
                      "Actual Startup Time": 51.193,
                      "Actual Total Time": 77.07,
                      "Actual Rows": 10344,
                      "Actual Loops": 5,
                      "Filter": "((kind_id < 7) AND (production_year < 1914))",
                      "Rows Removed by Filter": 495318
                    },
                    {
                      "Node Type": "Index Scan",
                      "Parent Relationship": "Inner",
                      "Parallel Aware": false,
                      "Scan Direction": "Forward",
                      "Index Name": "movie_id_movie_info",
                      "Relation Name": "movie_info",
                      "Alias": "mi",
                      "Startup Cost": 0.43,
                      "Total Cost": 36.74,
                      "Plan Rows": 4,
                      "Plan Width": 4,
                      "Actual Startup Time": 0.012,
                      "Actual Total Time": 0.013,
                      "Actual Rows": 1,
                      "Actual Loops": 51721,
                      "Index Cond": "(movie_id = t.id)",
                      "Rows Removed by Index Recheck": 0,
                      "Filter": "(info_type_id = 8)",
                      "Rows Removed by Filter": 10
                    }
                  ]
                }
              ]
            }
          ]
        }
      ]
    },
    "Planning Time": 0.233,
    "Triggers": [],
    "Execution Time": 259.219
  }
]