[
    {
        "Bao": {
            "Bao prediction": "NaN",
            "Bao recommended hint": "(no hint)"
        }
    },
    {
        "Plan": {
            "Node Type": "Aggregate",
            "Strategy": "Plain",
            "Partial Mode": "Finalize",
            "Parallel Aware": false,
            "Startup Cost": 34240.13,
            "Total Cost": 34240.14,
            "Plan Rows": 1,
            "Plan Width": 8,
            "Actual Startup Time": 96.078,
            "Actual Total Time": 101.108,
            "Actual Rows": 1,
            "Actual Loops": 1,
            "Output": [
                "count(*)"
            ],
            "Plans": [
                {
                    "Node Type": "Gather",
                    "Parent Relationship": "Outer",
                    "Parallel Aware": false,
                    "Startup Cost": 34239.81,
                    "Total Cost": 34240.12,
                    "Plan Rows": 3,
                    "Plan Width": 8,
                    "Actual Startup Time": 95.77,
                    "Actual Total Time": 101.101,
                    "Actual Rows": 4,
                    "Actual Loops": 1,
                    "Output": [
                        "(PARTIAL count(*))"
                    ],
                    "Workers Planned": 3,
                    "Workers Launched": 3,
                    "Single Copy": false,
                    "Plans": [
                        {
                            "Node Type": "Aggregate",
                            "Strategy": "Plain",
                            "Partial Mode": "Partial",
                            "Parent Relationship": "Outer",
                            "Parallel Aware": false,
                            "Startup Cost": 33239.81,
                            "Total Cost": 33239.82,
                            "Plan Rows": 1,
                            "Plan Width": 8,
                            "Actual Startup Time": 87.109,
                            "Actual Total Time": 87.111,
                            "Actual Rows": 1,
                            "Actual Loops": 4,
                            "Output": [
                                "PARTIAL count(*)"
                            ],
                            "Workers": [
                                {
                                    "Worker Number": 0,
                                    "Actual Startup Time": 83.981,
                                    "Actual Total Time": 83.983,
                                    "Actual Rows": 1,
                                    "Actual Loops": 1
                                },
                                {
                                    "Worker Number": 1,
                                    "Actual Startup Time": 84.345,
                                    "Actual Total Time": 84.346,
                                    "Actual Rows": 1,
                                    "Actual Loops": 1
                                },
                                {
                                    "Worker Number": 2,
                                    "Actual Startup Time": 84.606,
                                    "Actual Total Time": 84.608,
                                    "Actual Rows": 1,
                                    "Actual Loops": 1
                                }
                            ],
                            "Plans": [
                                {
                                    "Node Type": "Bitmap Heap Scan",
                                    "Parent Relationship": "Outer",
                                    "Parallel Aware": true,
                                    "Relation Name": "movie_keyword",
                                    "Schema": "public",
                                    "Alias": "mk",
                                    "Startup Cost": 7154.02,
                                    "Total Cost": 32967.85,
                                    "Plan Rows": 108786,
                                    "Plan Width": 0,
                                    "Actual Startup Time": 17.279,
                                    "Actual Total Time": 81.812,
                                    "Actual Rows": 85144,
                                    "Actual Loops": 4,
                                    "Recheck Cond": "(mk.keyword_id < 283)",
                                    "Rows Removed by Index Recheck": 0,
                                    "Exact Heap Blocks": 11898,
                                    "Lossy Heap Blocks": 0,
                                    "Workers": [
                                        {
                                            "Worker Number": 0,
                                            "Actual Startup Time": 14.228,
                                            "Actual Total Time": 79.16,
                                            "Actual Rows": 61178,
                                            "Actual Loops": 1
                                        },
                                        {
                                            "Worker Number": 1,
                                            "Actual Startup Time": 14.75,
                                            "Actual Total Time": 79.569,
                                            "Actual Rows": 49229,
                                            "Actual Loops": 1
                                        },
                                        {
                                            "Worker Number": 2,
                                            "Actual Startup Time": 14.756,
                                            "Actual Total Time": 79.865,
                                            "Actual Rows": 59007,
                                            "Actual Loops": 1
                                        }
                                    ],
                                    "Plans": [
                                        {
                                            "Node Type": "Bitmap Index Scan",
                                            "Parent Relationship": "Outer",
                                            "Parallel Aware": false,
                                            "Index Name": "keyword_id_movie_keyword",
                                            "Startup Cost": 0.0,
                                            "Total Cost": 7069.71,
                                            "Plan Rows": 337237,
                                            "Plan Width": 0,
                                            "Actual Startup Time": 21.879,
                                            "Actual Total Time": 21.879,
                                            "Actual Rows": 340576,
                                            "Actual Loops": 1,
                                            "Index Cond": "(mk.keyword_id < 283)"
                                        }
                                    ]
                                }
                            ]
                        }
                    ]
                }
            ]
        },
        "Planning Time": 192.755,
        "Triggers": [],
        "Execution Time": 101.165
    }
]