{
  "Plan": {
    "Node Type": "Aggregate",
    "Strategy": "Plain",
    "Partial Mode": "Finalize",
    "Parallel Aware": false,
    "Startup Cost": 138225.68,
    "Total Cost": 138225.69,
    "Plan Rows": 1,
    "Plan Width": 8,
    "Actual Startup Time": 180.965,
    "Actual Total Time": 192.974,
    "Actual Rows": 1,
    "Actual Loops": 1,
    "Plans": [
      {
        "Node Type": "Gather",
        "Parent Relationship": "Outer",
        "Parallel Aware": false,
        "Startup Cost": 138225.56,
        "Total Cost": 138225.67,
        "Plan Rows": 1,
        "Plan Width": 8,
        "Actual Startup Time": 180.805,
        "Actual Total Time": 192.967,
        "Actual Rows": 2,
        "Actual Loops": 1,
        "Workers Planned": 1,
        "Workers Launched": 1,
        "Single Copy": false,
        "Plans": [
          {
            "Node Type": "Aggregate",
            "Strategy": "Plain",
            "Partial Mode": "Partial",
            "Parent Relationship": "Outer",
            "Parallel Aware": false,
            "Startup Cost": 137225.56,
            "Total Cost": 137225.57,
            "Plan Rows": 1,
            "Plan Width": 8,
            "Actual Startup Time": 174.694,
            "Actual Total Time": 174.696,
            "Actual Rows": 1,
            "Actual Loops": 2,
            "Plans": [
              {
                "Node Type": "Nested Loop",
                "Parent Relationship": "Outer",
                "Parallel Aware": false,
                "Join Type": "Inner",
                "Startup Cost": 0.87,
                "Total Cost": 137045.06,
                "Plan Rows": 72200,
                "Plan Width": 0,
                "Actual Startup Time": 1.012,
                "Actual Total Time": 173.399,
                "Actual Rows": 23306,
                "Actual Loops": 2,
                "Inner Unique": false,
                "Join Filter": "(t.id = mi.movie_id)",
                "Rows Removed by Join Filter": 0,
                "Plans": [
                  {
                    "Node Type": "Nested Loop",
                    "Parent Relationship": "Outer",
                    "Parallel Aware": false,
                    "Join Type": "Inner",
                    "Startup Cost": 0.43,
                    "Total Cost": 113754.85,
                    "Plan Rows": 12348,
                    "Plan Width": 8,
                    "Actual Startup Time": 0.874,
                    "Actual Total Time": 154.521,
                    "Actual Rows": 2778,
                    "Actual Loops": 2,
                    "Inner Unique": false,
                    "Plans": [
                      {
                        "Node Type": "Seq Scan",
                        "Parent Relationship": "Outer",
                        "Parallel Aware": true,
                        "Relation Name": "title",
                        "Alias": "t",
                        "Startup Cost": 0.0,
                        "Total Cost": 58306.47,
                        "Plan Rows": 6901,
                        "Plan Width": 4,
                        "Actual Startup Time": 0.095,
                        "Actual Total Time": 137.853,
                        "Actual Rows": 5307,
                        "Actual Loops": 2,
                        "Filter": "((kind_id = 7) AND (production_year = 1985))",
                        "Rows Removed by Filter": 1258849
                      },
                      {
                        "Node Type": "Index Only Scan",
                        "Parent Relationship": "Inner",
                        "Parallel Aware": false,
                        "Scan Direction": "Forward",
                        "Index Name": "movie_id_movie_keyword",
                        "Relation Name": "movie_keyword",
                        "Alias": "mk",
                        "Startup Cost": 0.43,
                        "Total Cost": 7.58,
                        "Plan Rows": 45,
                        "Plan Width": 4,
                        "Actual Startup Time": 0.003,
                        "Actual Total Time": 0.003,
                        "Actual Rows": 1,
                        "Actual Loops": 10614,
                        "Index Cond": "(movie_id = t.id)",
                        "Rows Removed by Index Recheck": 0,
                        "Heap Fetches": 5557
                      }
                    ]
                  },
                  {
                    "Node Type": "Index Only Scan",
                    "Parent Relationship": "Inner",
                    "Parallel Aware": false,
                    "Scan Direction": "Forward",
                    "Index Name": "movie_id_movie_info",
                    "Relation Name": "movie_info",
                    "Alias": "mi",
                    "Startup Cost": 0.43,
                    "Total Cost": 1.36,
                    "Plan Rows": 42,
                    "Plan Width": 4,
                    "Actual Startup Time": 0.002,
                    "Actual Total Time": 0.006,
                    "Actual Rows": 8,
                    "Actual Loops": 5557,
                    "Index Cond": "(movie_id = mk.movie_id)",
                    "Rows Removed by Index Recheck": 0,
                    "Heap Fetches": 46611
                  }
                ]
              }
            ]
          }
        ]
      }
    ]
  },
  "Planning Time": 0.978,
  "Triggers": [],
  "Execution Time": 193.062
}