[
    {
        "Bao": {
            "Bao prediction": "NaN",
            "Bao recommended hint": "(no hint)"
        }
    },
    {
        "Plan": {
            "Node Type": "Aggregate",
            "Strategy": "Plain",
            "Partial Mode": "Finalize",
            "Parallel Aware": false,
            "Startup Cost": 31757.02,
            "Total Cost": 31757.03,
            "Plan Rows": 1,
            "Plan Width": 8,
            "Actual Startup Time": 29.723,
            "Actual Total Time": 33.897,
            "Actual Rows": 1,
            "Actual Loops": 1,
            "Output": [
                "count(*)"
            ],
            "Plans": [
                {
                    "Node Type": "Gather",
                    "Parent Relationship": "Outer",
                    "Parallel Aware": false,
                    "Startup Cost": 31756.81,
                    "Total Cost": 31757.02,
                    "Plan Rows": 2,
                    "Plan Width": 8,
                    "Actual Startup Time": 29.325,
                    "Actual Total Time": 33.89,
                    "Actual Rows": 3,
                    "Actual Loops": 1,
                    "Output": [
                        "(PARTIAL count(*))"
                    ],
                    "Workers Planned": 2,
                    "Workers Launched": 2,
                    "Single Copy": false,
                    "Plans": [
                        {
                            "Node Type": "Aggregate",
                            "Strategy": "Plain",
                            "Partial Mode": "Partial",
                            "Parent Relationship": "Outer",
                            "Parallel Aware": false,
                            "Startup Cost": 30756.81,
                            "Total Cost": 30756.82,
                            "Plan Rows": 1,
                            "Plan Width": 8,
                            "Actual Startup Time": 20.353,
                            "Actual Total Time": 20.355,
                            "Actual Rows": 1,
                            "Actual Loops": 3,
                            "Output": [
                                "PARTIAL count(*)"
                            ],
                            "Workers": [
                                {
                                    "Worker Number": 0,
                                    "Actual Startup Time": 16.013,
                                    "Actual Total Time": 16.014,
                                    "Actual Rows": 1,
                                    "Actual Loops": 1
                                },
                                {
                                    "Worker Number": 1,
                                    "Actual Startup Time": 16.447,
                                    "Actual Total Time": 16.449,
                                    "Actual Rows": 1,
                                    "Actual Loops": 1
                                }
                            ],
                            "Plans": [
                                {
                                    "Node Type": "Nested Loop",
                                    "Parent Relationship": "Outer",
                                    "Parallel Aware": false,
                                    "Join Type": "Inner",
                                    "Startup Cost": 192.29,
                                    "Total Cost": 30751.82,
                                    "Plan Rows": 1993,
                                    "Plan Width": 0,
                                    "Actual Startup Time": 3.646,
                                    "Actual Total Time": 20.213,
                                    "Actual Rows": 1859,
                                    "Actual Loops": 3,
                                    "Inner Unique": false,
                                    "Workers": [
                                        {
                                            "Worker Number": 0,
                                            "Actual Startup Time": 5.177,
                                            "Actual Total Time": 15.928,
                                            "Actual Rows": 280,
                                            "Actual Loops": 1
                                        },
                                        {
                                            "Worker Number": 1,
                                            "Actual Startup Time": 4.553,
                                            "Actual Total Time": 16.374,
                                            "Actual Rows": 210,
                                            "Actual Loops": 1
                                        }
                                    ],
                                    "Plans": [
                                        {
                                            "Node Type": "Nested Loop",
                                            "Parent Relationship": "Outer",
                                            "Parallel Aware": false,
                                            "Join Type": "Inner",
                                            "Startup Cost": 191.86,
                                            "Total Cost": 29428.31,
                                            "Plan Rows": 452,
                                            "Plan Width": 8,
                                            "Actual Startup Time": 3.523,
                                            "Actual Total Time": 12.264,
                                            "Actual Rows": 267,
                                            "Actual Loops": 3,
                                            "Output": [
                                                "t.id",
                                                "mc.movie_id"
                                            ],
                                            "Inner Unique": true,
                                            "Workers": [
                                                {
                                                    "Worker Number": 0,
                                                    "Actual Startup Time": 5.019,
                                                    "Actual Total Time": 8.318,
                                                    "Actual Rows": 39,
                                                    "Actual Loops": 1
                                                },
                                                {
                                                    "Worker Number": 1,
                                                    "Actual Startup Time": 4.353,
                                                    "Actual Total Time": 9.05,
                                                    "Actual Rows": 44,
                                                    "Actual Loops": 1
                                                }
                                            ],
                                            "Plans": [
                                                {
                                                    "Node Type": "Bitmap Heap Scan",
                                                    "Parent Relationship": "Outer",
                                                    "Parallel Aware": true,
                                                    "Relation Name": "movie_companies",
                                                    "Schema": "public",
                                                    "Alias": "mc",
                                                    "Startup Cost": 191.43,
                                                    "Total Cost": 15577.78,
                                                    "Plan Rows": 1866,
                                                    "Plan Width": 4,
                                                    "Actual Startup Time": 0.479,
                                                    "Actual Total Time": 1.792,
                                                    "Actual Rows": 2869,
                                                    "Actual Loops": 3,
                                                    "Output": [
                                                        "mc.id",
                                                        "mc.movie_id",
                                                        "mc.company_id",
                                                        "mc.company_type_id",
                                                        "mc.note"
                                                    ],
                                                    "Recheck Cond": "(mc.company_id = 596)",
                                                    "Rows Removed by Index Recheck": 0,
                                                    "Filter": "(mc.company_type_id = 2)",
                                                    "Rows Removed by Filter": 32,
                                                    "Exact Heap Blocks": 739,
                                                    "Lossy Heap Blocks": 0,
                                                    "Workers": [
                                                        {
                                                            "Worker Number": 0,
                                                            "Actual Startup Time": 0.136,
                                                            "Actual Total Time": 1.132,
                                                            "Actual Rows": 233,
                                                            "Actual Loops": 1
                                                        },
                                                        {
                                                            "Worker Number": 1,
                                                            "Actual Startup Time": 0.12,
                                                            "Actual Total Time": 1.134,
                                                            "Actual Rows": 274,
                                                            "Actual Loops": 1
                                                        }
                                                    ],
                                                    "Plans": [
                                                        {
                                                            "Node Type": "Bitmap Index Scan",
                                                            "Parent Relationship": "Outer",
                                                            "Parallel Aware": false,
                                                            "Index Name": "company_id_movie_companies",
                                                            "Startup Cost": 0.0,
                                                            "Total Cost": 190.31,
                                                            "Plan Rows": 8784,
                                                            "Plan Width": 0,
                                                            "Actual Startup Time": 0.943,
                                                            "Actual Total Time": 0.944,
                                                            "Actual Rows": 8702,
                                                            "Actual Loops": 1,
                                                            "Index Cond": "(mc.company_id = 596)"
                                                        }
                                                    ]
                                                },
                                                {
                                                    "Node Type": "Index Scan",
                                                    "Parent Relationship": "Inner",
                                                    "Parallel Aware": false,
                                                    "Scan Direction": "Forward",
                                                    "Index Name": "title_pkey",
                                                    "Relation Name": "title",
                                                    "Schema": "public",
                                                    "Alias": "t",
                                                    "Startup Cost": 0.43,
                                                    "Total Cost": 7.42,
                                                    "Plan Rows": 1,
                                                    "Plan Width": 4,
                                                    "Actual Startup Time": 0.003,
                                                    "Actual Total Time": 0.003,
                                                    "Actual Rows": 0,
                                                    "Actual Loops": 8606,
                                                    "Output": [
                                                        "t.id",
                                                        "t.title",
                                                        "t.imdb_index",
                                                        "t.kind_id",
                                                        "t.production_year",
                                                        "t.imdb_id",
                                                        "t.phonetic_code",
                                                        "t.episode_of_id",
                                                        "t.season_nr",
                                                        "t.episode_nr",
                                                        "t.series_years",
                                                        "t.md5sum"
                                                    ],
                                                    "Index Cond": "(t.id = mc.movie_id)",
                                                    "Rows Removed by Index Recheck": 0,
                                                    "Filter": "((t.kind_id < 4) AND (t.production_year < 2009))",
                                                    "Rows Removed by Filter": 1,
                                                    "Workers": [
                                                        {
                                                            "Worker Number": 0,
                                                            "Actual Startup Time": 0.029,
                                                            "Actual Total Time": 0.029,
                                                            "Actual Rows": 0,
                                                            "Actual Loops": 233
                                                        },
                                                        {
                                                            "Worker Number": 1,
                                                            "Actual Startup Time": 0.028,
                                                            "Actual Total Time": 0.028,
                                                            "Actual Rows": 0,
                                                            "Actual Loops": 274
                                                        }
                                                    ]
                                                }
                                            ]
                                        },
                                        {
                                            "Node Type": "Index Scan",
                                            "Parent Relationship": "Inner",
                                            "Parallel Aware": false,
                                            "Scan Direction": "Forward",
                                            "Index Name": "movie_id_movie_info",
                                            "Relation Name": "movie_info",
                                            "Schema": "public",
                                            "Alias": "mi",
                                            "Startup Cost": 0.43,
                                            "Total Cost": 2.63,
                                            "Plan Rows": 30,
                                            "Plan Width": 4,
                                            "Actual Startup Time": 0.012,
                                            "Actual Total Time": 0.029,
                                            "Actual Rows": 7,
                                            "Actual Loops": 801,
                                            "Output": [
                                                "mi.id",
                                                "mi.movie_id",
                                                "mi.info_type_id",
                                                "mi.info",
                                                "mi.note"
                                            ],
                                            "Index Cond": "(mi.movie_id = t.id)",
                                            "Rows Removed by Index Recheck": 0,
                                            "Filter": "(mi.info_type_id > 3)",
                                            "Rows Removed by Filter": 3,
                                            "Workers": [
                                                {
                                                    "Worker Number": 0,
                                                    "Actual Startup Time": 0.075,
                                                    "Actual Total Time": 0.192,
                                                    "Actual Rows": 7,
                                                    "Actual Loops": 39
                                                },
                                                {
                                                    "Worker Number": 1,
                                                    "Actual Startup Time": 0.068,
                                                    "Actual Total Time": 0.164,
                                                    "Actual Rows": 5,
                                                    "Actual Loops": 44
                                                }
                                            ]
                                        }
                                    ]
                                }
                            ]
                        }
                    ]
                }
            ]
        },
        "Planning Time": 188.278,
        "Triggers": [],
        "Execution Time": 34.027
    }
]