[
    {
        "Bao": {
            "Bao prediction": "NaN",
            "Bao recommended hint": "(no hint)"
        }
    },
    {
        "Plan": {
            "Node Type": "Aggregate",
            "Strategy": "Plain",
            "Partial Mode": "Finalize",
            "Parallel Aware": false,
            "Startup Cost": 32994.26,
            "Total Cost": 32994.27,
            "Plan Rows": 1,
            "Plan Width": 8,
            "Actual Startup Time": 105.935,
            "Actual Total Time": 112.508,
            "Actual Rows": 1,
            "Actual Loops": 1,
            "Output": [
                "count(*)"
            ],
            "Plans": [
                {
                    "Node Type": "Gather",
                    "Parent Relationship": "Outer",
                    "Parallel Aware": false,
                    "Startup Cost": 32993.95,
                    "Total Cost": 32994.26,
                    "Plan Rows": 3,
                    "Plan Width": 8,
                    "Actual Startup Time": 105.698,
                    "Actual Total Time": 112.497,
                    "Actual Rows": 4,
                    "Actual Loops": 1,
                    "Output": [
                        "(PARTIAL count(*))"
                    ],
                    "Workers Planned": 3,
                    "Workers Launched": 3,
                    "Single Copy": false,
                    "Plans": [
                        {
                            "Node Type": "Aggregate",
                            "Strategy": "Plain",
                            "Partial Mode": "Partial",
                            "Parent Relationship": "Outer",
                            "Parallel Aware": false,
                            "Startup Cost": 31993.95,
                            "Total Cost": 31993.96,
                            "Plan Rows": 1,
                            "Plan Width": 8,
                            "Actual Startup Time": 96.752,
                            "Actual Total Time": 96.753,
                            "Actual Rows": 1,
                            "Actual Loops": 4,
                            "Output": [
                                "PARTIAL count(*)"
                            ],
                            "Workers": [
                                {
                                    "Worker Number": 0,
                                    "Actual Startup Time": 93.685,
                                    "Actual Total Time": 93.687,
                                    "Actual Rows": 1,
                                    "Actual Loops": 1
                                },
                                {
                                    "Worker Number": 1,
                                    "Actual Startup Time": 93.697,
                                    "Actual Total Time": 93.699,
                                    "Actual Rows": 1,
                                    "Actual Loops": 1
                                },
                                {
                                    "Worker Number": 2,
                                    "Actual Startup Time": 94.303,
                                    "Actual Total Time": 94.304,
                                    "Actual Rows": 1,
                                    "Actual Loops": 1
                                }
                            ],
                            "Plans": [
                                {
                                    "Node Type": "Bitmap Heap Scan",
                                    "Parent Relationship": "Outer",
                                    "Parallel Aware": true,
                                    "Relation Name": "movie_keyword",
                                    "Schema": "public",
                                    "Alias": "mk",
                                    "Startup Cost": 6139.49,
                                    "Total Cost": 31760.54,
                                    "Plan Rows": 93364,
                                    "Plan Width": 0,
                                    "Actual Startup Time": 23.428,
                                    "Actual Total Time": 91.636,
                                    "Actual Rows": 71543,
                                    "Actual Loops": 4,
                                    "Recheck Cond": "(mk.keyword_id > 55829)",
                                    "Rows Removed by Index Recheck": 0,
                                    "Exact Heap Blocks": 8522,
                                    "Lossy Heap Blocks": 0,
                                    "Workers": [
                                        {
                                            "Worker Number": 0,
                                            "Actual Startup Time": 20.428,
                                            "Actual Total Time": 89.128,
                                            "Actual Rows": 60522,
                                            "Actual Loops": 1
                                        },
                                        {
                                            "Worker Number": 1,
                                            "Actual Startup Time": 20.574,
                                            "Actual Total Time": 89.799,
                                            "Actual Rows": 55793,
                                            "Actual Loops": 1
                                        },
                                        {
                                            "Worker Number": 2,
                                            "Actual Startup Time": 21.054,
                                            "Actual Total Time": 89.864,
                                            "Actual Rows": 58032,
                                            "Actual Loops": 1
                                        }
                                    ],
                                    "Plans": [
                                        {
                                            "Node Type": "Bitmap Index Scan",
                                            "Parent Relationship": "Outer",
                                            "Parallel Aware": false,
                                            "Index Name": "keyword_id_movie_keyword",
                                            "Startup Cost": 0.0,
                                            "Total Cost": 6067.13,
                                            "Plan Rows": 289427,
                                            "Plan Width": 0,
                                            "Actual Startup Time": 26.56,
                                            "Actual Total Time": 26.561,
                                            "Actual Rows": 286172,
                                            "Actual Loops": 1,
                                            "Index Cond": "(mk.keyword_id > 55829)"
                                        }
                                    ]
                                }
                            ]
                        }
                    ]
                }
            ]
        },
        "Planning Time": 316.414,
        "Triggers": [],
        "Execution Time": 112.628
    }
]