{
  "Plan": {
    "Node Type": "Aggregate",
    "Strategy": "Plain",
    "Partial Mode": "Finalize",
    "Parallel Aware": false,
    "Startup Cost": 343607.46,
    "Total Cost": 343607.47,
    "Plan Rows": 1,
    "Plan Width": 8,
    "Actual Startup Time": 2820.907,
    "Actual Total Time": 2858.292,
    "Actual Rows": 1,
    "Actual Loops": 1,
    "Plans": [
      {
        "Node Type": "Gather",
        "Parent Relationship": "Outer",
        "Parallel Aware": false,
        "Startup Cost": 343607.35,
        "Total Cost": 343607.46,
        "Plan Rows": 1,
        "Plan Width": 8,
        "Actual Startup Time": 2819.401,
        "Actual Total Time": 2858.284,
        "Actual Rows": 2,
        "Actual Loops": 1,
        "Workers Planned": 1,
        "Workers Launched": 1,
        "Single Copy": false,
        "Plans": [
          {
            "Node Type": "Aggregate",
            "Strategy": "Plain",
            "Partial Mode": "Partial",
            "Parent Relationship": "Outer",
            "Parallel Aware": false,
            "Startup Cost": 342607.35,
            "Total Cost": 342607.36,
            "Plan Rows": 1,
            "Plan Width": 8,
            "Actual Startup Time": 2813.518,
            "Actual Total Time": 2813.522,
            "Actual Rows": 1,
            "Actual Loops": 2,
            "Plans": [
              {
                "Node Type": "Hash Join",
                "Parent Relationship": "Outer",
                "Parallel Aware": true,
                "Join Type": "Inner",
                "Startup Cost": 62072.04,
                "Total Cost": 333855.53,
                "Plan Rows": 3500728,
                "Plan Width": 0,
                "Actual Startup Time": 291.805,
                "Actual Total Time": 2662.312,
                "Actual Rows": 3745028,
                "Actual Loops": 2,
                "Inner Unique": true,
                "Hash Cond": "(mi.movie_id = t.id)",
                "Plans": [
                  {
                    "Node Type": "Seq Scan",
                    "Parent Relationship": "Outer",
                    "Parallel Aware": true,
                    "Relation Name": "movie_info",
                    "Alias": "mi",
                    "Startup Cost": 0.0,
                    "Total Cost": 248955.74,
                    "Plan Rows": 8696274,
                    "Plan Width": 4,
                    "Actual Startup Time": 0.014,
                    "Actual Total Time": 612.678,
                    "Actual Rows": 7417860,
                    "Actual Loops": 2
                  },
                  {
                    "Node Type": "Hash",
                    "Parent Relationship": "Inner",
                    "Parallel Aware": true,
                    "Startup Cost": 54588.39,
                    "Total Cost": 54588.39,
                    "Plan Rows": 598692,
                    "Plan Width": 4,
                    "Actual Startup Time": 282.275,
                    "Actual Total Time": 282.276,
                    "Actual Rows": 510876,
                    "Actual Loops": 2,
                    "Hash Buckets": 1048576,
                    "Original Hash Buckets": 1048576,
                    "Hash Batches": 1,
                    "Original Hash Batches": 1,
                    "Peak Memory Usage": 48192,
                    "Plans": [
                      {
                        "Node Type": "Seq Scan",
                        "Parent Relationship": "Outer",
                        "Parallel Aware": true,
                        "Relation Name": "title",
                        "Alias": "t",
                        "Startup Cost": 0.0,
                        "Total Cost": 54588.39,
                        "Plan Rows": 598692,
                        "Plan Width": 4,
                        "Actual Startup Time": 0.026,
                        "Actual Total Time": 157.615,
                        "Actual Rows": 510876,
                        "Actual Loops": 2,
                        "Filter": "(production_year < 2000)",
                        "Rows Removed by Filter": 753280
                      }
                    ]
                  }
                ]
              }
            ]
          }
        ]
      }
    ]
  },
  "Planning Time": 0.644,
  "Triggers": [],
  "Execution Time": 2858.363
}