{
  "Plan": {
    "Node Type": "Aggregate",
    "Strategy": "Plain",
    "Partial Mode": "Finalize",
    "Parallel Aware": false,
    "Startup Cost": 75159.47,
    "Total Cost": 75159.48,
    "Plan Rows": 1,
    "Plan Width": 8,
    "Actual Startup Time": 163.274,
    "Actual Total Time": 173.939,
    "Actual Rows": 1,
    "Actual Loops": 1,
    "Plans": [
      {
        "Node Type": "Gather",
        "Parent Relationship": "Outer",
        "Parallel Aware": false,
        "Startup Cost": 75159.35,
        "Total Cost": 75159.46,
        "Plan Rows": 1,
        "Plan Width": 8,
        "Actual Startup Time": 163.165,
        "Actual Total Time": 173.93,
        "Actual Rows": 2,
        "Actual Loops": 1,
        "Workers Planned": 1,
        "Workers Launched": 1,
        "Single Copy": false,
        "Plans": [
          {
            "Node Type": "Aggregate",
            "Strategy": "Plain",
            "Partial Mode": "Partial",
            "Parent Relationship": "Outer",
            "Parallel Aware": false,
            "Startup Cost": 74159.35,
            "Total Cost": 74159.36,
            "Plan Rows": 1,
            "Plan Width": 8,
            "Actual Startup Time": 157.338,
            "Actual Total Time": 157.34,
            "Actual Rows": 1,
            "Actual Loops": 2,
            "Plans": [
              {
                "Node Type": "Nested Loop",
                "Parent Relationship": "Outer",
                "Parallel Aware": false,
                "Join Type": "Inner",
                "Startup Cost": 0.43,
                "Total Cost": 74156.14,
                "Plan Rows": 1284,
                "Plan Width": 0,
                "Actual Startup Time": 1.897,
                "Actual Total Time": 157.176,
                "Actual Rows": 2100,
                "Actual Loops": 2,
                "Inner Unique": false,
                "Plans": [
                  {
                    "Node Type": "Seq Scan",
                    "Parent Relationship": "Outer",
                    "Parallel Aware": true,
                    "Relation Name": "title",
                    "Alias": "t",
                    "Startup Cost": 0.0,
                    "Total Cost": 58306.47,
                    "Plan Rows": 2352,
                    "Plan Width": 4,
                    "Actual Startup Time": 1.722,
                    "Actual Total Time": 142.066,
                    "Actual Rows": 1838,
                    "Actual Loops": 2,
                    "Filter": "((kind_id < 7) AND (production_year = 1958))",
                    "Rows Removed by Filter": 1262318
                  },
                  {
                    "Node Type": "Index Only Scan",
                    "Parent Relationship": "Inner",
                    "Parallel Aware": false,
                    "Scan Direction": "Forward",
                    "Index Name": "movie_id_movie_info_idx",
                    "Relation Name": "movie_info_idx",
                    "Alias": "mi_idx",
                    "Startup Cost": 0.43,
                    "Total Cost": 6.71,
                    "Plan Rows": 3,
                    "Plan Width": 4,
                    "Actual Startup Time": 0.008,
                    "Actual Total Time": 0.008,
                    "Actual Rows": 1,
                    "Actual Loops": 3676,
                    "Index Cond": "(movie_id = t.id)",
                    "Rows Removed by Index Recheck": 0,
                    "Heap Fetches": 4199
                  }
                ]
              }
            ]
          }
        ]
      }
    ]
  },
  "Planning Time": 0.451,
  "Triggers": [],
  "Execution Time": 174.019
}