{
    "Plan": {
        "Node Type": "Aggregate",
        "Strategy": "Plain",
        "Partial Mode": "Finalize",
        "Parallel Aware": false,
        "Startup Cost": 92012.73,
        "Total Cost": 92012.74,
        "Plan Rows": 1,
        "Plan Width": 8,
        "Actual Startup Time": 373.367,
        "Actual Total Time": 398.307,
        "Actual Rows": 1,
        "Actual Loops": 1,
        "Output": [
            "count(*)"
        ],
        "Plans": [
            {
                "Node Type": "Gather",
                "Parent Relationship": "Outer",
                "Parallel Aware": false,
                "Startup Cost": 92012.41,
                "Total Cost": 92012.72,
                "Plan Rows": 3,
                "Plan Width": 8,
                "Actual Startup Time": 371.472,
                "Actual Total Time": 398.297,
                "Actual Rows": 4,
                "Actual Loops": 1,
                "Output": [
                    "(PARTIAL count(*))"
                ],
                "Workers Planned": 3,
                "Workers Launched": 3,
                "Single Copy": false,
                "Plans": [
                    {
                        "Node Type": "Aggregate",
                        "Strategy": "Plain",
                        "Partial Mode": "Partial",
                        "Parent Relationship": "Outer",
                        "Parallel Aware": false,
                        "Startup Cost": 91012.41,
                        "Total Cost": 91012.42,
                        "Plan Rows": 1,
                        "Plan Width": 8,
                        "Actual Startup Time": 362.761,
                        "Actual Total Time": 362.764,
                        "Actual Rows": 1,
                        "Actual Loops": 4,
                        "Output": [
                            "PARTIAL count(*)"
                        ],
                        "Workers": [
                            {
                                "Worker Number": 0,
                                "Actual Startup Time": 359.807,
                                "Actual Total Time": 359.81,
                                "Actual Rows": 1,
                                "Actual Loops": 1
                            },
                            {
                                "Worker Number": 1,
                                "Actual Startup Time": 360.168,
                                "Actual Total Time": 360.171,
                                "Actual Rows": 1,
                                "Actual Loops": 1
                            },
                            {
                                "Worker Number": 2,
                                "Actual Startup Time": 360.268,
                                "Actual Total Time": 360.271,
                                "Actual Rows": 1,
                                "Actual Loops": 1
                            }
                        ],
                        "Plans": [
                            {
                                "Node Type": "Hash Join",
                                "Parent Relationship": "Outer",
                                "Parallel Aware": true,
                                "Join Type": "Inner",
                                "Startup Cost": 46747.91,
                                "Total Cost": 90804.31,
                                "Plan Rows": 83239,
                                "Plan Width": 0,
                                "Actual Startup Time": 189.076,
                                "Actual Total Time": 356.455,
                                "Actual Rows": 105198,
                                "Actual Loops": 4,
                                "Inner Unique": true,
                                "Hash Cond": "(mk.movie_id = t.id)",
                                "Workers": [
                                    {
                                        "Worker Number": 0,
                                        "Actual Startup Time": 186.217,
                                        "Actual Total Time": 353.688,
                                        "Actual Rows": 88419,
                                        "Actual Loops": 1
                                    },
                                    {
                                        "Worker Number": 1,
                                        "Actual Startup Time": 186.302,
                                        "Actual Total Time": 354.21,
                                        "Actual Rows": 87026,
                                        "Actual Loops": 1
                                    },
                                    {
                                        "Worker Number": 2,
                                        "Actual Startup Time": 186.621,
                                        "Actual Total Time": 354.675,
                                        "Actual Rows": 132297,
                                        "Actual Loops": 1
                                    }
                                ],
                                "Plans": [
                                    {
                                        "Node Type": "Seq Scan",
                                        "Parent Relationship": "Outer",
                                        "Parallel Aware": true,
                                        "Relation Name": "movie_keyword",
                                        "Schema": "public",
                                        "Alias": "mk",
                                        "Startup Cost": 0.0,
                                        "Total Cost": 42695.65,
                                        "Plan Rows": 518382,
                                        "Plan Width": 4,
                                        "Actual Startup Time": 0.622,
                                        "Actual Total Time": 141.038,
                                        "Actual Rows": 396862,
                                        "Actual Loops": 4,
                                        "Output": [
                                            "mk.id",
                                            "mk.movie_id",
                                            "mk.keyword_id"
                                        ],
                                        "Filter": "(mk.keyword_id > 9786)",
                                        "Rows Removed by Filter": 734120,
                                        "Workers": [
                                            {
                                                "Worker Number": 0,
                                                "Actual Startup Time": 0.631,
                                                "Actual Total Time": 144.661,
                                                "Actual Rows": 339504,
                                                "Actual Loops": 1
                                            },
                                            {
                                                "Worker Number": 1,
                                                "Actual Startup Time": 0.603,
                                                "Actual Total Time": 143.505,
                                                "Actual Rows": 324138,
                                                "Actual Loops": 1
                                            },
                                            {
                                                "Worker Number": 2,
                                                "Actual Startup Time": 0.627,
                                                "Actual Total Time": 143.472,
                                                "Actual Rows": 498341,
                                                "Actual Loops": 1
                                            }
                                        ]
                                    },
                                    {
                                        "Node Type": "Hash",
                                        "Parent Relationship": "Inner",
                                        "Parallel Aware": true,
                                        "Startup Cost": 45479.21,
                                        "Total Cost": 45479.21,
                                        "Plan Rows": 101496,
                                        "Plan Width": 4,
                                        "Actual Startup Time": 147.769,
                                        "Actual Total Time": 147.77,
                                        "Actual Rows": 74192,
                                        "Actual Loops": 4,
                                        "Output": [
                                            "t.id"
                                        ],
                                        "Hash Buckets": 524288,
                                        "Original Hash Buckets": 524288,
                                        "Hash Batches": 1,
                                        "Original Hash Batches": 1,
                                        "Peak Memory Usage": 15776,
                                        "Workers": [
                                            {
                                                "Worker Number": 0,
                                                "Actual Startup Time": 147.674,
                                                "Actual Total Time": 147.674,
                                                "Actual Rows": 66593,
                                                "Actual Loops": 1
                                            },
                                            {
                                                "Worker Number": 1,
                                                "Actual Startup Time": 147.771,
                                                "Actual Total Time": 147.772,
                                                "Actual Rows": 60677,
                                                "Actual Loops": 1
                                            },
                                            {
                                                "Worker Number": 2,
                                                "Actual Startup Time": 148.148,
                                                "Actual Total Time": 148.148,
                                                "Actual Rows": 90753,
                                                "Actual Loops": 1
                                            }
                                        ],
                                        "Plans": [
                                            {
                                                "Node Type": "Seq Scan",
                                                "Parent Relationship": "Outer",
                                                "Parallel Aware": true,
                                                "Relation Name": "title",
                                                "Schema": "public",
                                                "Alias": "t",
                                                "Startup Cost": 0.0,
                                                "Total Cost": 45479.21,
                                                "Plan Rows": 101496,
                                                "Plan Width": 4,
                                                "Actual Startup Time": 54.279,
                                                "Actual Total Time": 119.66,
                                                "Actual Rows": 74192,
                                                "Actual Loops": 4,
                                                "Output": [
                                                    "t.id"
                                                ],
                                                "Filter": "((t.production_year > 1997) AND (t.kind_id = 1))",
                                                "Rows Removed by Filter": 557886,
                                                "Workers": [
                                                    {
                                                        "Worker Number": 0,
                                                        "Actual Startup Time": 69.226,
                                                        "Actual Total Time": 120.998,
                                                        "Actual Rows": 66593,
                                                        "Actual Loops": 1
                                                    },
                                                    {
                                                        "Worker Number": 1,
                                                        "Actual Startup Time": 9.06,
                                                        "Actual Total Time": 119.722,
                                                        "Actual Rows": 60677,
                                                        "Actual Loops": 1
                                                    },
                                                    {
                                                        "Worker Number": 2,
                                                        "Actual Startup Time": 69.268,
                                                        "Actual Total Time": 119.841,
                                                        "Actual Rows": 90753,
                                                        "Actual Loops": 1
                                                    }
                                                ]
                                            }
                                        ]
                                    }
                                ]
                            }
                        ]
                    }
                ]
            }
        ]
    },
    "Planning Time": 0.703,
    "Triggers": [],
    "Execution Time": 398.408
}