[
  {
    "Plan": {
      "Node Type": "Aggregate",
      "Strategy": "Plain",
      "Partial Mode": "Finalize",
      "Parallel Aware": false,
      "Startup Cost": 31116.34,
      "Total Cost": 31116.35,
      "Plan Rows": 1,
      "Plan Width": 8,
      "Actual Startup Time": 92.19,
      "Actual Total Time": 100.282,
      "Actual Rows": 1,
      "Actual Loops": 1,
      "Plans": [
        {
          "Node Type": "Gather",
          "Parent Relationship": "Outer",
          "Parallel Aware": false,
          "Startup Cost": 31116.02,
          "Total Cost": 31116.33,
          "Plan Rows": 3,
          "Plan Width": 8,
          "Actual Startup Time": 92.1,
          "Actual Total Time": 100.276,
          "Actual Rows": 4,
          "Actual Loops": 1,
          "Workers Planned": 3,
          "Workers Launched": 3,
          "Single Copy": false,
          "Plans": [
            {
              "Node Type": "Aggregate",
              "Strategy": "Plain",
              "Partial Mode": "Partial",
              "Parent Relationship": "Outer",
              "Parallel Aware": false,
              "Startup Cost": 30116.02,
              "Total Cost": 30116.03,
              "Plan Rows": 1,
              "Plan Width": 8,
              "Actual Startup Time": 86.525,
              "Actual Total Time": 86.526,
              "Actual Rows": 1,
              "Actual Loops": 4,
              "Plans": [
                {
                  "Node Type": "Seq Scan",
                  "Parent Relationship": "Outer",
                  "Parallel Aware": true,
                  "Relation Name": "movie_companies",
                  "Alias": "mc",
                  "Startup Cost": 0.0,
                  "Total Cost": 29310.68,
                  "Plan Rows": 322137,
                  "Plan Width": 0,
                  "Actual Startup Time": 21.441,
                  "Actual Total Time": 76.076,
                  "Actual Rows": 252632,
                  "Actual Loops": 4,
                  "Filter": "(company_id > 16339)",
                  "Rows Removed by Filter": 399650
                }
              ]
            }
          ]
        }
      ]
    },
    "Planning Time": 0.163,
    "Triggers": [],
    "Execution Time": 100.332
  }
]