{
  "Plan": {
    "Node Type": "Aggregate",
    "Strategy": "Plain",
    "Partial Mode": "Finalize",
    "Parallel Aware": false,
    "Startup Cost": 114955.78,
    "Total Cost": 114955.79,
    "Plan Rows": 1,
    "Plan Width": 8,
    "Actual Startup Time": 475.464,
    "Actual Total Time": 492.484,
    "Actual Rows": 1,
    "Actual Loops": 1,
    "Plans": [
      {
        "Node Type": "Gather",
        "Parent Relationship": "Outer",
        "Parallel Aware": false,
        "Startup Cost": 114955.67,
        "Total Cost": 114955.78,
        "Plan Rows": 1,
        "Plan Width": 8,
        "Actual Startup Time": 475.103,
        "Actual Total Time": 492.477,
        "Actual Rows": 2,
        "Actual Loops": 1,
        "Workers Planned": 1,
        "Workers Launched": 1,
        "Single Copy": false,
        "Plans": [
          {
            "Node Type": "Aggregate",
            "Strategy": "Plain",
            "Partial Mode": "Partial",
            "Parent Relationship": "Outer",
            "Parallel Aware": false,
            "Startup Cost": 113955.67,
            "Total Cost": 113955.68,
            "Plan Rows": 1,
            "Plan Width": 8,
            "Actual Startup Time": 469.412,
            "Actual Total Time": 469.415,
            "Actual Rows": 1,
            "Actual Loops": 2,
            "Plans": [
              {
                "Node Type": "Hash Join",
                "Parent Relationship": "Outer",
                "Parallel Aware": true,
                "Join Type": "Inner",
                "Startup Cost": 55557.88,
                "Total Cost": 113608.72,
                "Plan Rows": 138778,
                "Plan Width": 0,
                "Actual Startup Time": 172.725,
                "Actual Total Time": 464.631,
                "Actual Rows": 117706,
                "Actual Loops": 2,
                "Inner Unique": true,
                "Hash Cond": "(mk.movie_id = t.id)",
                "Plans": [
                  {
                    "Node Type": "Seq Scan",
                    "Parent Relationship": "Outer",
                    "Parallel Aware": true,
                    "Relation Name": "movie_keyword",
                    "Alias": "mk",
                    "Startup Cost": 0.0,
                    "Total Cost": 51065.35,
                    "Plan Rows": 2661135,
                    "Plan Width": 4,
                    "Actual Startup Time": 0.01,
                    "Actual Total Time": 148.355,
                    "Actual Rows": 2261965,
                    "Actual Loops": 2
                  },
                  {
                    "Node Type": "Hash",
                    "Parent Relationship": "Inner",
                    "Parallel Aware": true,
                    "Startup Cost": 54588.39,
                    "Total Cost": 54588.39,
                    "Plan Rows": 77559,
                    "Plan Width": 4,
                    "Actual Startup Time": 149.059,
                    "Actual Total Time": 149.06,
                    "Actual Rows": 66562,
                    "Actual Loops": 2,
                    "Hash Buckets": 262144,
                    "Original Hash Buckets": 262144,
                    "Hash Batches": 1,
                    "Original Hash Batches": 1,
                    "Peak Memory Usage": 7296,
                    "Plans": [
                      {
                        "Node Type": "Seq Scan",
                        "Parent Relationship": "Outer",
                        "Parallel Aware": true,
                        "Relation Name": "title",
                        "Alias": "t",
                        "Startup Cost": 0.0,
                        "Total Cost": 54588.39,
                        "Plan Rows": 77559,
                        "Plan Width": 4,
                        "Actual Startup Time": 5.979,
                        "Actual Total Time": 134.653,
                        "Actual Rows": 66562,
                        "Actual Loops": 2,
                        "Filter": "(production_year < 1937)",
                        "Rows Removed by Filter": 1197594
                      }
                    ]
                  }
                ]
              }
            ]
          }
        ]
      }
    ]
  },
  "Planning Time": 0.457,
  "Triggers": [],
  "Execution Time": 492.554
}