[
  {
    "Plan": {
      "Node Type": "Aggregate",
      "Strategy": "Plain",
      "Partial Mode": "Finalize",
      "Parallel Aware": false,
      "Startup Cost": 434141.36,
      "Total Cost": 434141.37,
      "Plan Rows": 1,
      "Plan Width": 8,
      "Actual Startup Time": 1818.358,
      "Actual Total Time": 1842.181,
      "Actual Rows": 1,
      "Actual Loops": 1,
      "Plans": [
        {
          "Node Type": "Gather",
          "Parent Relationship": "Outer",
          "Parallel Aware": false,
          "Startup Cost": 434140.74,
          "Total Cost": 434141.35,
          "Plan Rows": 6,
          "Plan Width": 8,
          "Actual Startup Time": 1806.992,
          "Actual Total Time": 1842.172,
          "Actual Rows": 7,
          "Actual Loops": 1,
          "Workers Planned": 6,
          "Workers Launched": 6,
          "Single Copy": false,
          "Plans": [
            {
              "Node Type": "Aggregate",
              "Strategy": "Plain",
              "Partial Mode": "Partial",
              "Parent Relationship": "Outer",
              "Parallel Aware": false,
              "Startup Cost": 433140.74,
              "Total Cost": 433140.75,
              "Plan Rows": 1,
              "Plan Width": 8,
              "Actual Startup Time": 1799.21,
              "Actual Total Time": 1799.58,
              "Actual Rows": 1,
              "Actual Loops": 7,
              "Plans": [
                {
                  "Node Type": "Hash Join",
                  "Parent Relationship": "Outer",
                  "Parallel Aware": true,
                  "Join Type": "Inner",
                  "Startup Cost": 86030.33,
                  "Total Cost": 429579.16,
                  "Plan Rows": 1424631,
                  "Plan Width": 0,
                  "Actual Startup Time": 362.229,
                  "Actual Total Time": 1699.127,
                  "Actual Rows": 2241766,
                  "Actual Loops": 7,
                  "Inner Unique": false,
                  "Hash Cond": "(ci.movie_id = t.id)",
                  "Plans": [
                    {
                      "Node Type": "Seq Scan",
                      "Parent Relationship": "Outer",
                      "Parallel Aware": true,
                      "Relation Name": "cast_info",
                      "Alias": "ci",
                      "Startup Cost": 0.0,
                      "Total Cost": 328213.62,
                      "Plan Rows": 3139637,
                      "Plan Width": 4,
                      "Actual Startup Time": 0.024,
                      "Actual Total Time": 507.115,
                      "Actual Rows": 2675385,
                      "Actual Loops": 7,
                      "Filter": "(person_id < 1866348)",
                      "Rows Removed by Filter": 2502378
                    },
                    {
                      "Node Type": "Hash",
                      "Parent Relationship": "Inner",
                      "Parallel Aware": true,
                      "Startup Cost": 82445.19,
                      "Total Cost": 82445.19,
                      "Plan Rows": 286811,
                      "Plan Width": 8,
                      "Actual Startup Time": 359.717,
                      "Actual Total Time": 360.086,
                      "Actual Rows": 179627,
                      "Actual Loops": 7,
                      "Hash Buckets": 2097152,
                      "Original Hash Buckets": 2097152,
                      "Hash Batches": 1,
                      "Original Hash Batches": 1,
                      "Peak Memory Usage": 65696,
                      "Plans": [
                        {
                          "Node Type": "Hash Join",
                          "Parent Relationship": "Outer",
                          "Parallel Aware": true,
                          "Join Type": "Inner",
                          "Startup Cost": 36040.79,
                          "Total Cost": 82445.19,
                          "Plan Rows": 286811,
                          "Plan Width": 8,
                          "Actual Startup Time": 128.61,
                          "Actual Total Time": 296.631,
                          "Actual Rows": 179627,
                          "Actual Loops": 7,
                          "Inner Unique": false,
                          "Hash Cond": "(t.id = mc.movie_id)",
                          "Plans": [
                            {
                              "Node Type": "Seq Scan",
                              "Parent Relationship": "Outer",
                              "Parallel Aware": true,
                              "Relation Name": "title",
                              "Alias": "t",
                              "Startup Cost": 0.0,
                              "Total Cost": 42318.81,
                              "Plan Rows": 632080,
                              "Plan Width": 4,
                              "Actual Startup Time": 0.016,
                              "Actual Total Time": 46.04,
                              "Actual Rows": 361187,
                              "Actual Loops": 7
                            },
                            {
                              "Node Type": "Hash",
                              "Parent Relationship": "Inner",
                              "Parallel Aware": true,
                              "Startup Cost": 31414.82,
                              "Total Cost": 31414.82,
                              "Plan Rows": 370078,
                              "Plan Width": 4,
                              "Actual Startup Time": 126.749,
                              "Actual Total Time": 126.751,
                              "Actual Rows": 179627,
                              "Actual Loops": 7,
                              "Hash Buckets": 2097152,
                              "Original Hash Buckets": 2097152,
                              "Hash Batches": 1,
                              "Original Hash Batches": 1,
                              "Peak Memory Usage": 65728,
                              "Plans": [
                                {
                                  "Node Type": "Seq Scan",
                                  "Parent Relationship": "Outer",
                                  "Parallel Aware": true,
                                  "Relation Name": "movie_companies",
                                  "Alias": "mc",
                                  "Startup Cost": 0.0,
                                  "Total Cost": 31414.82,
                                  "Plan Rows": 370078,
                                  "Plan Width": 4,
                                  "Actual Startup Time": 33.698,
                                  "Actual Total Time": 61.588,
                                  "Actual Rows": 179627,
                                  "Actual Loops": 7,
                                  "Filter": "((company_id > 166) AND (company_type_id = 2))",
                                  "Rows Removed by Filter": 193105
                                }
                              ]
                            }
                          ]
                        }
                      ]
                    }
                  ]
                }
              ]
            }
          ]
        }
      ]
    },
    "Planning Time": 0.511,
    "Triggers": [],
    "Execution Time": 1842.225
  }
]