[
  {
    "Plan": {
      "Node Type": "Aggregate",
      "Strategy": "Plain",
      "Partial Mode": "Finalize",
      "Parallel Aware": false,
      "Startup Cost": 348213.43,
      "Total Cost": 348213.44,
      "Plan Rows": 1,
      "Plan Width": 8,
      "Actual Startup Time": 751.297,
      "Actual Total Time": 793.094,
      "Actual Rows": 1,
      "Actual Loops": 1,
      "Plans": [
        {
          "Node Type": "Gather",
          "Parent Relationship": "Outer",
          "Parallel Aware": false,
          "Startup Cost": 348212.8,
          "Total Cost": 348213.41,
          "Plan Rows": 6,
          "Plan Width": 8,
          "Actual Startup Time": 751.11,
          "Actual Total Time": 793.072,
          "Actual Rows": 7,
          "Actual Loops": 1,
          "Workers Planned": 6,
          "Workers Launched": 6,
          "Single Copy": false,
          "Plans": [
            {
              "Node Type": "Aggregate",
              "Strategy": "Plain",
              "Partial Mode": "Partial",
              "Parent Relationship": "Outer",
              "Parallel Aware": false,
              "Startup Cost": 347212.8,
              "Total Cost": 347212.81,
              "Plan Rows": 1,
              "Plan Width": 8,
              "Actual Startup Time": 744.33,
              "Actual Total Time": 744.333,
              "Actual Rows": 1,
              "Actual Loops": 7,
              "Plans": [
                {
                  "Node Type": "Seq Scan",
                  "Parent Relationship": "Outer",
                  "Parallel Aware": true,
                  "Relation Name": "cast_info",
                  "Alias": "ci",
                  "Startup Cost": 0.0,
                  "Total Cost": 343316.27,
                  "Plan Rows": 1558613,
                  "Plan Width": 0,
                  "Actual Startup Time": 0.045,
                  "Actual Total Time": 666.428,
                  "Actual Rows": 1617065,
                  "Actual Loops": 7,
                  "Filter": "((person_id < 1396732) AND (role_id < 4))",
                  "Rows Removed by Filter": 3560698
                }
              ]
            }
          ]
        }
      ]
    },
    "Planning Time": 0.103,
    "Triggers": [],
    "Execution Time": 793.138
  }
]