[
  {
    "Plan": {
      "Node Type": "Aggregate",
      "Strategy": "Plain",
      "Partial Mode": "Simple",
      "Parallel Aware": false,
      "Startup Cost": 22194.34,
      "Total Cost": 22194.35,
      "Plan Rows": 1,
      "Plan Width": 8,
      "Actual Startup Time": 36.543,
      "Actual Total Time": 36.544,
      "Actual Rows": 1,
      "Actual Loops": 1,
      "Plans": [
        {
          "Node Type": "Bitmap Heap Scan",
          "Parent Relationship": "Outer",
          "Parallel Aware": false,
          "Relation Name": "movie_companies",
          "Alias": "mc",
          "Startup Cost": 2011.87,
          "Total Cost": 21962.26,
          "Plan Rows": 92831,
          "Plan Width": 0,
          "Actual Startup Time": 8.125,
          "Actual Total Time": 30.303,
          "Actual Rows": 88197,
          "Actual Loops": 1,
          "Recheck Cond": "(company_id > 164825)",
          "Rows Removed by Index Recheck": 0,
          "Exact Heap Blocks": 2909,
          "Lossy Heap Blocks": 0,
          "Plans": [
            {
              "Node Type": "Bitmap Index Scan",
              "Parent Relationship": "Outer",
              "Parallel Aware": false,
              "Index Name": "company_id_movie_companies",
              "Startup Cost": 0.0,
              "Total Cost": 1988.66,
              "Plan Rows": 92831,
              "Plan Width": 0,
              "Actual Startup Time": 7.319,
              "Actual Total Time": 7.32,
              "Actual Rows": 88197,
              "Actual Loops": 1,
              "Index Cond": "(company_id > 164825)"
            }
          ]
        }
      ]
    },
    "Planning Time": 0.115,
    "Triggers": [],
    "Execution Time": 36.584
  }
]