[
  {
    "Plan": {
      "Node Type": "Aggregate",
      "Strategy": "Plain",
      "Partial Mode": "Finalize",
      "Parallel Aware": false,
      "Startup Cost": 31591.7,
      "Total Cost": 31591.71,
      "Plan Rows": 1,
      "Plan Width": 8,
      "Actual Startup Time": 108.741,
      "Actual Total Time": 116.004,
      "Actual Rows": 1,
      "Actual Loops": 1,
      "Plans": [
        {
          "Node Type": "Gather",
          "Parent Relationship": "Outer",
          "Parallel Aware": false,
          "Startup Cost": 31591.38,
          "Total Cost": 31591.69,
          "Plan Rows": 3,
          "Plan Width": 8,
          "Actual Startup Time": 108.659,
          "Actual Total Time": 115.997,
          "Actual Rows": 4,
          "Actual Loops": 1,
          "Workers Planned": 3,
          "Workers Launched": 3,
          "Single Copy": false,
          "Plans": [
            {
              "Node Type": "Aggregate",
              "Strategy": "Plain",
              "Partial Mode": "Partial",
              "Parent Relationship": "Outer",
              "Parallel Aware": false,
              "Startup Cost": 30591.38,
              "Total Cost": 30591.39,
              "Plan Rows": 1,
              "Plan Width": 8,
              "Actual Startup Time": 102.669,
              "Actual Total Time": 102.67,
              "Actual Rows": 1,
              "Actual Loops": 4,
              "Plans": [
                {
                  "Node Type": "Seq Scan",
                  "Parent Relationship": "Outer",
                  "Parallel Aware": true,
                  "Relation Name": "movie_companies",
                  "Alias": "mc",
                  "Startup Cost": 0.0,
                  "Total Cost": 29310.68,
                  "Plan Rows": 512280,
                  "Plan Width": 0,
                  "Actual Startup Time": 5.354,
                  "Actual Total Time": 83.827,
                  "Actual Rows": 397635,
                  "Actual Loops": 4,
                  "Filter": "(company_id > 5355)",
                  "Rows Removed by Filter": 254648
                }
              ]
            }
          ]
        }
      ]
    },
    "Planning Time": 0.121,
    "Triggers": [],
    "Execution Time": 116.043
  }
]