[
  {
    "Plan": {
      "Node Type": "Aggregate",
      "Strategy": "Plain",
      "Partial Mode": "Finalize",
      "Parallel Aware": false,
      "Startup Cost": 158068.11,
      "Total Cost": 158068.12,
      "Plan Rows": 1,
      "Plan Width": 8,
      "Actual Startup Time": 1604.401,
      "Actual Total Time": 1685.015,
      "Actual Rows": 1,
      "Actual Loops": 1,
      "Plans": [
        {
          "Node Type": "Gather",
          "Parent Relationship": "Outer",
          "Parallel Aware": false,
          "Startup Cost": 158067.79,
          "Total Cost": 158068.1,
          "Plan Rows": 3,
          "Plan Width": 8,
          "Actual Startup Time": 1602.796,
          "Actual Total Time": 1685.006,
          "Actual Rows": 4,
          "Actual Loops": 1,
          "Workers Planned": 3,
          "Workers Launched": 3,
          "Single Copy": false,
          "Plans": [
            {
              "Node Type": "Aggregate",
              "Strategy": "Plain",
              "Partial Mode": "Partial",
              "Parent Relationship": "Outer",
              "Parallel Aware": false,
              "Startup Cost": 157067.79,
              "Total Cost": 157067.8,
              "Plan Rows": 1,
              "Plan Width": 8,
              "Actual Startup Time": 1593.435,
              "Actual Total Time": 1593.439,
              "Actual Rows": 1,
              "Actual Loops": 4,
              "Plans": [
                {
                  "Node Type": "Nested Loop",
                  "Parent Relationship": "Outer",
                  "Parallel Aware": false,
                  "Join Type": "Inner",
                  "Startup Cost": 46377.19,
                  "Total Cost": 157008.51,
                  "Plan Rows": 23714,
                  "Plan Width": 0,
                  "Actual Startup Time": 163.104,
                  "Actual Total Time": 1582.272,
                  "Actual Rows": 215809,
                  "Actual Loops": 4,
                  "Inner Unique": false,
                  "Join Filter": "(t.id = ci.movie_id)",
                  "Rows Removed by Join Filter": 0,
                  "Plans": [
                    {
                      "Node Type": "Hash Join",
                      "Parent Relationship": "Outer",
                      "Parallel Aware": true,
                      "Join Type": "Inner",
                      "Startup Cost": 46376.62,
                      "Total Cost": 78154.55,
                      "Plan Rows": 15714,
                      "Plan Width": 8,
                      "Actual Startup Time": 162.694,
                      "Actual Total Time": 271.719,
                      "Actual Rows": 54020,
                      "Actual Loops": 4,
                      "Inner Unique": true,
                      "Hash Cond": "(mc.movie_id = t.id)",
                      "Plans": [
                        {
                          "Node Type": "Seq Scan",
                          "Parent Relationship": "Outer",
                          "Parallel Aware": true,
                          "Relation Name": "movie_companies",
                          "Alias": "mc",
                          "Startup Cost": 0.0,
                          "Total Cost": 31414.82,
                          "Plan Rows": 138328,
                          "Plan Width": 4,
                          "Actual Startup Time": 28.448,
                          "Actual Total Time": 64.397,
                          "Actual Rows": 189806,
                          "Actual Loops": 4,
                          "Filter": "((company_id > 24487) AND (company_type_id > 1))",
                          "Rows Removed by Filter": 462477
                        },
                        {
                          "Node Type": "Hash",
                          "Parent Relationship": "Inner",
                          "Parallel Aware": true,
                          "Startup Cost": 45479.1,
                          "Total Cost": 45479.1,
                          "Plan Rows": 71802,
                          "Plan Width": 4,
                          "Actual Startup Time": 130.931,
                          "Actual Total Time": 130.931,
                          "Actual Rows": 100869,
                          "Actual Loops": 4,
                          "Hash Buckets": 524288,
                          "Original Hash Buckets": 524288,
                          "Hash Batches": 1,
                          "Original Hash Batches": 1,
                          "Peak Memory Usage": 19968,
                          "Plans": [
                            {
                              "Node Type": "Seq Scan",
                              "Parent Relationship": "Outer",
                              "Parallel Aware": true,
                              "Relation Name": "title",
                              "Alias": "t",
                              "Startup Cost": 0.0,
                              "Total Cost": 45479.1,
                              "Plan Rows": 71802,
                              "Plan Width": 4,
                              "Actual Startup Time": 0.045,
                              "Actual Total Time": 98.626,
                              "Actual Rows": 100869,
                              "Actual Loops": 4,
                              "Filter": "((kind_id < 3) AND (production_year < 1999))",
                              "Rows Removed by Filter": 531209
                            }
                          ]
                        }
                      ]
                    },
                    {
                      "Node Type": "Index Scan",
                      "Parent Relationship": "Inner",
                      "Parallel Aware": false,
                      "Scan Direction": "Forward",
                      "Index Name": "movie_id_cast_info",
                      "Relation Name": "cast_info",
                      "Alias": "ci",
                      "Startup Cost": 0.56,
                      "Total Cost": 4.97,
                      "Plan Rows": 4,
                      "Plan Width": 4,
                      "Actual Startup Time": 0.013,
                      "Actual Total Time": 0.024,
                      "Actual Rows": 4,
                      "Actual Loops": 216082,
                      "Index Cond": "(movie_id = mc.movie_id)",
                      "Rows Removed by Index Recheck": 0,
                      "Filter": "((person_id > 1733190) AND (role_id = 2))",
                      "Rows Removed by Filter": 17
                    }
                  ]
                }
              ]
            }
          ]
        }
      ]
    },
    "Planning Time": 1.536,
    "Triggers": [],
    "Execution Time": 1685.127
  }
]