[
  {
    "Plan": {
      "Node Type": "Aggregate",
      "Strategy": "Plain",
      "Partial Mode": "Finalize",
      "Parallel Aware": false,
      "Startup Cost": 163504.43,
      "Total Cost": 163504.44,
      "Plan Rows": 1,
      "Plan Width": 8,
      "Actual Startup Time": 807.444,
      "Actual Total Time": 848.546,
      "Actual Rows": 1,
      "Actual Loops": 1,
      "Plans": [
        {
          "Node Type": "Gather",
          "Parent Relationship": "Outer",
          "Parallel Aware": false,
          "Startup Cost": 163504.01,
          "Total Cost": 163504.42,
          "Plan Rows": 4,
          "Plan Width": 8,
          "Actual Startup Time": 802.722,
          "Actual Total Time": 848.536,
          "Actual Rows": 5,
          "Actual Loops": 1,
          "Workers Planned": 4,
          "Workers Launched": 4,
          "Single Copy": false,
          "Plans": [
            {
              "Node Type": "Aggregate",
              "Strategy": "Plain",
              "Partial Mode": "Partial",
              "Parent Relationship": "Outer",
              "Parallel Aware": false,
              "Startup Cost": 162504.01,
              "Total Cost": 162504.02,
              "Plan Rows": 1,
              "Plan Width": 8,
              "Actual Startup Time": 793.21,
              "Actual Total Time": 793.214,
              "Actual Rows": 1,
              "Actual Loops": 5,
              "Plans": [
                {
                  "Node Type": "Nested Loop",
                  "Parent Relationship": "Outer",
                  "Parallel Aware": false,
                  "Join Type": "Inner",
                  "Startup Cost": 45972.59,
                  "Total Cost": 162046.95,
                  "Plan Rows": 182824,
                  "Plan Width": 0,
                  "Actual Startup Time": 142.189,
                  "Actual Total Time": 767.15,
                  "Actual Rows": 569807,
                  "Actual Loops": 5,
                  "Inner Unique": false,
                  "Plans": [
                    {
                      "Node Type": "Hash Join",
                      "Parent Relationship": "Outer",
                      "Parallel Aware": true,
                      "Join Type": "Inner",
                      "Startup Cost": 45972.16,
                      "Total Cost": 71569.08,
                      "Plan Rows": 31266,
                      "Plan Width": 8,
                      "Actual Startup Time": 142.101,
                      "Actual Total Time": 202.668,
                      "Actual Rows": 27310,
                      "Actual Loops": 5,
                      "Inner Unique": true,
                      "Hash Cond": "(ci.movie_id = t.id)",
                      "Plans": [
                        {
                          "Node Type": "Index Scan",
                          "Parent Relationship": "Outer",
                          "Parallel Aware": true,
                          "Scan Direction": "Forward",
                          "Index Name": "role_id_cast_info",
                          "Relation Name": "cast_info",
                          "Alias": "ci",
                          "Startup Cost": 0.56,
                          "Total Cost": 25284.63,
                          "Plan Rows": 119186,
                          "Plan Width": 4,
                          "Actual Startup Time": 0.324,
                          "Actual Total Time": 31.498,
                          "Actual Rows": 48567,
                          "Actual Loops": 5,
                          "Index Cond": "(role_id = 5)",
                          "Rows Removed by Index Recheck": 0,
                          "Filter": "(person_id < 1913129)",
                          "Rows Removed by Filter": 131111
                        },
                        {
                          "Node Type": "Hash",
                          "Parent Relationship": "Inner",
                          "Parallel Aware": true,
                          "Startup Cost": 43898.92,
                          "Total Cost": 43898.92,
                          "Plan Rows": 165814,
                          "Plan Width": 4,
                          "Actual Startup Time": 137.946,
                          "Actual Total Time": 137.947,
                          "Actual Rows": 132565,
                          "Actual Loops": 5,
                          "Hash Buckets": 1048576,
                          "Original Hash Buckets": 1048576,
                          "Hash Batches": 1,
                          "Original Hash Batches": 1,
                          "Peak Memory Usage": 34208,
                          "Plans": [
                            {
                              "Node Type": "Seq Scan",
                              "Parent Relationship": "Outer",
                              "Parallel Aware": true,
                              "Relation Name": "title",
                              "Alias": "t",
                              "Startup Cost": 0.0,
                              "Total Cost": 43898.92,
                              "Plan Rows": 165814,
                              "Plan Width": 4,
                              "Actual Startup Time": 44.58,
                              "Actual Total Time": 89.424,
                              "Actual Rows": 132565,
                              "Actual Loops": 5,
                              "Filter": "(kind_id < 2)",
                              "Rows Removed by Filter": 373097
                            }
                          ]
                        }
                      ]
                    },
                    {
                      "Node Type": "Index Only Scan",
                      "Parent Relationship": "Inner",
                      "Parallel Aware": false,
                      "Scan Direction": "Forward",
                      "Index Name": "movie_id_movie_info",
                      "Relation Name": "movie_info",
                      "Alias": "mi",
                      "Startup Cost": 0.43,
                      "Total Cost": 2.47,
                      "Plan Rows": 42,
                      "Plan Width": 4,
                      "Actual Startup Time": 0.006,
                      "Actual Total Time": 0.019,
                      "Actual Rows": 21,
                      "Actual Loops": 136548,
                      "Index Cond": "(movie_id = t.id)",
                      "Rows Removed by Index Recheck": 0,
                      "Heap Fetches": 2849033
                    }
                  ]
                }
              ]
            }
          ]
        }
      ]
    },
    "Planning Time": 1.112,
    "Triggers": [],
    "Execution Time": 848.672
  }
]