[
  {
    "Plan": {
      "Node Type": "Aggregate",
      "Strategy": "Plain",
      "Partial Mode": "Simple",
      "Parallel Aware": false,
      "Startup Cost": 22540.59,
      "Total Cost": 22540.6,
      "Plan Rows": 1,
      "Plan Width": 8,
      "Actual Startup Time": 33.128,
      "Actual Total Time": 33.129,
      "Actual Rows": 1,
      "Actual Loops": 1,
      "Plans": [
        {
          "Node Type": "Bitmap Heap Scan",
          "Parent Relationship": "Outer",
          "Parallel Aware": false,
          "Relation Name": "movie_companies",
          "Alias": "mc",
          "Startup Cost": 2216.86,
          "Total Cost": 22284.97,
          "Plan Rows": 102249,
          "Plan Width": 0,
          "Actual Startup Time": 8.571,
          "Actual Total Time": 27.857,
          "Actual Rows": 101635,
          "Actual Loops": 1,
          "Recheck Cond": "(company_id > 156583)",
          "Rows Removed by Index Recheck": 0,
          "Exact Heap Blocks": 3188,
          "Lossy Heap Blocks": 0,
          "Plans": [
            {
              "Node Type": "Bitmap Index Scan",
              "Parent Relationship": "Outer",
              "Parallel Aware": false,
              "Index Name": "company_id_movie_companies",
              "Startup Cost": 0.0,
              "Total Cost": 2191.3,
              "Plan Rows": 102249,
              "Plan Width": 0,
              "Actual Startup Time": 7.997,
              "Actual Total Time": 7.997,
              "Actual Rows": 101635,
              "Actual Loops": 1,
              "Index Cond": "(company_id > 156583)"
            }
          ]
        }
      ]
    },
    "Planning Time": 0.077,
    "Triggers": [],
    "Execution Time": 33.153
  }
]