[
  {
    "Plan": {
      "Node Type": "Aggregate",
      "Strategy": "Plain",
      "Partial Mode": "Finalize",
      "Parallel Aware": false,
      "Startup Cost": 100868.74,
      "Total Cost": 100868.75,
      "Plan Rows": 1,
      "Plan Width": 8,
      "Actual Startup Time": 643.43,
      "Actual Total Time": 659.121,
      "Actual Rows": 1,
      "Actual Loops": 1,
      "Plans": [
        {
          "Node Type": "Gather",
          "Parent Relationship": "Outer",
          "Parallel Aware": false,
          "Startup Cost": 100868.53,
          "Total Cost": 100868.74,
          "Plan Rows": 2,
          "Plan Width": 8,
          "Actual Startup Time": 638.555,
          "Actual Total Time": 659.113,
          "Actual Rows": 3,
          "Actual Loops": 1,
          "Workers Planned": 2,
          "Workers Launched": 2,
          "Single Copy": false,
          "Plans": [
            {
              "Node Type": "Aggregate",
              "Strategy": "Plain",
              "Partial Mode": "Partial",
              "Parent Relationship": "Outer",
              "Parallel Aware": false,
              "Startup Cost": 99868.53,
              "Total Cost": 99868.54,
              "Plan Rows": 1,
              "Plan Width": 8,
              "Actual Startup Time": 630.946,
              "Actual Total Time": 631.249,
              "Actual Rows": 1,
              "Actual Loops": 3,
              "Plans": [
                {
                  "Node Type": "Hash Join",
                  "Parent Relationship": "Outer",
                  "Parallel Aware": true,
                  "Join Type": "Inner",
                  "Startup Cost": 83135.78,
                  "Total Cost": 99422.88,
                  "Plan Rows": 178258,
                  "Plan Width": 0,
                  "Actual Startup Time": 510.026,
                  "Actual Total Time": 618.17,
                  "Actual Rows": 326523,
                  "Actual Loops": 3,
                  "Inner Unique": false,
                  "Hash Cond": "(mi_idx.movie_id = t.id)",
                  "Plans": [
                    {
                      "Node Type": "Seq Scan",
                      "Parent Relationship": "Outer",
                      "Parallel Aware": true,
                      "Relation Name": "movie_info_idx",
                      "Alias": "mi_idx",
                      "Startup Cost": 0.0,
                      "Total Cost": 13685.15,
                      "Plan Rows": 575015,
                      "Plan Width": 4,
                      "Actual Startup Time": 0.049,
                      "Actual Total Time": 35.754,
                      "Actual Rows": 460012,
                      "Actual Loops": 3
                    },
                    {
                      "Node Type": "Hash",
                      "Parent Relationship": "Inner",
                      "Parallel Aware": true,
                      "Startup Cost": 80686.44,
                      "Total Cost": 80686.44,
                      "Plan Rows": 195947,
                      "Plan Width": 8,
                      "Actual Startup Time": 491.901,
                      "Actual Total Time": 492.202,
                      "Actual Rows": 188959,
                      "Actual Loops": 3,
                      "Hash Buckets": 1048576,
                      "Original Hash Buckets": 1048576,
                      "Hash Batches": 1,
                      "Original Hash Batches": 1,
                      "Peak Memory Usage": 30432,
                      "Plans": [
                        {
                          "Node Type": "Hash Join",
                          "Parent Relationship": "Outer",
                          "Parallel Aware": true,
                          "Join Type": "Inner",
                          "Startup Cost": 34575.26,
                          "Total Cost": 80686.44,
                          "Plan Rows": 195947,
                          "Plan Width": 8,
                          "Actual Startup Time": 172.221,
                          "Actual Total Time": 436.884,
                          "Actual Rows": 188959,
                          "Actual Loops": 3,
                          "Inner Unique": false,
                          "Hash Cond": "(t.id = mc.movie_id)",
                          "Plans": [
                            {
                              "Node Type": "Seq Scan",
                              "Parent Relationship": "Outer",
                              "Parallel Aware": true,
                              "Relation Name": "title",
                              "Alias": "t",
                              "Startup Cost": 0.0,
                              "Total Cost": 42318.73,
                              "Plan Rows": 632073,
                              "Plan Width": 4,
                              "Actual Startup Time": 0.009,
                              "Actual Total Time": 90.905,
                              "Actual Rows": 842771,
                              "Actual Loops": 3
                            },
                            {
                              "Node Type": "Hash",
                              "Parent Relationship": "Inner",
                              "Parallel Aware": true,
                              "Startup Cost": 31414.82,
                              "Total Cost": 31414.82,
                              "Plan Rows": 252835,
                              "Plan Width": 4,
                              "Actual Startup Time": 148.773,
                              "Actual Total Time": 148.774,
                              "Actual Rows": 188959,
                              "Actual Loops": 3,
                              "Hash Buckets": 1048576,
                              "Original Hash Buckets": 1048576,
                              "Hash Batches": 1,
                              "Original Hash Batches": 1,
                              "Peak Memory Usage": 30400,
                              "Plans": [
                                {
                                  "Node Type": "Seq Scan",
                                  "Parent Relationship": "Outer",
                                  "Parallel Aware": true,
                                  "Relation Name": "movie_companies",
                                  "Alias": "mc",
                                  "Startup Cost": 0.0,
                                  "Total Cost": 31414.82,
                                  "Plan Rows": 252835,
                                  "Plan Width": 4,
                                  "Actual Startup Time": 7.476,
                                  "Actual Total Time": 94.262,
                                  "Actual Rows": 188959,
                                  "Actual Loops": 3,
                                  "Filter": "((company_id > 5197) AND (company_type_id = 1))",
                                  "Rows Removed by Filter": 680751
                                }
                              ]
                            }
                          ]
                        }
                      ]
                    }
                  ]
                }
              ]
            }
          ]
        }
      ]
    },
    "Planning Time": 1.336,
    "Triggers": [],
    "Execution Time": 659.199
  }
]