{
  "Plan": {
    "Node Type": "Aggregate",
    "Strategy": "Plain",
    "Partial Mode": "Finalize",
    "Parallel Aware": false,
    "Startup Cost": 661611.39,
    "Total Cost": 661611.4,
    "Plan Rows": 1,
    "Plan Width": 8,
    "Actual Startup Time": 2893.213,
    "Actual Total Time": 2930.919,
    "Actual Rows": 1,
    "Actual Loops": 1,
    "Plans": [
      {
        "Node Type": "Gather",
        "Parent Relationship": "Outer",
        "Parallel Aware": false,
        "Startup Cost": 661611.28,
        "Total Cost": 661611.39,
        "Plan Rows": 1,
        "Plan Width": 8,
        "Actual Startup Time": 2885.537,
        "Actual Total Time": 2930.912,
        "Actual Rows": 2,
        "Actual Loops": 1,
        "Workers Planned": 1,
        "Workers Launched": 1,
        "Single Copy": false,
        "Plans": [
          {
            "Node Type": "Aggregate",
            "Strategy": "Plain",
            "Partial Mode": "Partial",
            "Parent Relationship": "Outer",
            "Parallel Aware": false,
            "Startup Cost": 660611.28,
            "Total Cost": 660611.29,
            "Plan Rows": 1,
            "Plan Width": 8,
            "Actual Startup Time": 2879.104,
            "Actual Total Time": 2879.108,
            "Actual Rows": 1,
            "Actual Loops": 2,
            "Plans": [
              {
                "Node Type": "Merge Join",
                "Parent Relationship": "Outer",
                "Parallel Aware": false,
                "Join Type": "Inner",
                "Startup Cost": 330807.44,
                "Total Cost": 658491.03,
                "Plan Rows": 848101,
                "Plan Width": 0,
                "Actual Startup Time": 454.687,
                "Actual Total Time": 2850.883,
                "Actual Rows": 647736,
                "Actual Loops": 2,
                "Inner Unique": false,
                "Merge Cond": "(t.id = mi.movie_id)",
                "Plans": [
                  {
                    "Node Type": "Merge Join",
                    "Parent Relationship": "Outer",
                    "Parallel Aware": false,
                    "Join Type": "Inner",
                    "Startup Cost": 14.2,
                    "Total Cost": 308873.99,
                    "Plan Rows": 1677428,
                    "Plan Width": 8,
                    "Actual Startup Time": 5.047,
                    "Actual Total Time": 2166.137,
                    "Actual Rows": 713402,
                    "Actual Loops": 2,
                    "Inner Unique": true,
                    "Merge Cond": "(mk.movie_id = t.id)",
                    "Plans": [
                      {
                        "Node Type": "Index Scan",
                        "Parent Relationship": "Outer",
                        "Parallel Aware": true,
                        "Scan Direction": "Forward",
                        "Index Name": "movie_id_movie_keyword",
                        "Relation Name": "movie_keyword",
                        "Alias": "mk",
                        "Startup Cost": 0.43,
                        "Total Cost": 165212.95,
                        "Plan Rows": 2273966,
                        "Plan Width": 4,
                        "Actual Startup Time": 0.066,
                        "Actual Total Time": 430.812,
                        "Actual Rows": 1939610,
                        "Actual Loops": 2,
                        "Filter": "(keyword_id < 29029)",
                        "Rows Removed by Filter": 322356
                      },
                      {
                        "Node Type": "Index Scan",
                        "Parent Relationship": "Inner",
                        "Parallel Aware": false,
                        "Scan Direction": "Forward",
                        "Index Name": "title_pkey",
                        "Relation Name": "title",
                        "Alias": "t",
                        "Startup Cost": 0.43,
                        "Total Cost": 116660.7,
                        "Plan Rows": 1865037,
                        "Plan Width": 4,
                        "Actual Startup Time": 0.099,
                        "Actual Total Time": 1509.474,
                        "Actual Rows": 1864180,
                        "Actual Loops": 2,
                        "Filter": "(kind_id > 1)",
                        "Rows Removed by Filter": 661642
                      }
                    ]
                  },
                  {
                    "Node Type": "Sort",
                    "Parent Relationship": "Inner",
                    "Parallel Aware": false,
                    "Startup Cost": 330786.9,
                    "Total Cost": 333982.63,
                    "Plan Rows": 1278294,
                    "Plan Width": 4,
                    "Actual Startup Time": 449.615,
                    "Actual Total Time": 521.255,
                    "Actual Rows": 1838982,
                    "Actual Loops": 2,
                    "Sort Key": [
                      "mi.movie_id"
                    ],
                    "Sort Method": "quicksort",
                    "Sort Space Used": 110043,
                    "Sort Space Type": "Memory",
                    "Workers": [
                      {
                        "Worker Number": 0,
                        "Sort Method": "quicksort",
                        "Sort Space Used": 110043,
                        "Sort Space Type": "Memory"
                      }
                    ],
                    "Plans": [
                      {
                        "Node Type": "Bitmap Heap Scan",
                        "Parent Relationship": "Outer",
                        "Parallel Aware": false,
                        "Relation Name": "movie_info",
                        "Alias": "mi",
                        "Startup Cost": 23159.21,
                        "Total Cost": 201130.89,
                        "Plan Rows": 1278294,
                        "Plan Width": 4,
                        "Actual Startup Time": 58.403,
                        "Actual Total Time": 186.906,
                        "Actual Rows": 1298989,
                        "Actual Loops": 2,
                        "Recheck Cond": "(info_type_id = 4)",
                        "Rows Removed by Index Recheck": 0,
                        "Exact Heap Blocks": 8382,
                        "Lossy Heap Blocks": 0,
                        "Plans": [
                          {
                            "Node Type": "Bitmap Index Scan",
                            "Parent Relationship": "Outer",
                            "Parallel Aware": false,
                            "Index Name": "info_type_id_movie_info",
                            "Startup Cost": 0.0,
                            "Total Cost": 22839.64,
                            "Plan Rows": 1278294,
                            "Plan Width": 0,
                            "Actual Startup Time": 57.418,
                            "Actual Total Time": 57.419,
                            "Actual Rows": 1298989,
                            "Actual Loops": 2,
                            "Index Cond": "(info_type_id = 4)"
                          }
                        ]
                      }
                    ]
                  }
                ]
              }
            ]
          }
        ]
      }
    ]
  },
  "Planning Time": 1.083,
  "Triggers": [],
  "Execution Time": 2940.162
}