[
  {
    "Plan": {
      "Node Type": "Aggregate",
      "Strategy": "Plain",
      "Partial Mode": "Finalize",
      "Parallel Aware": false,
      "Startup Cost": 148667.98,
      "Total Cost": 148667.99,
      "Plan Rows": 1,
      "Plan Width": 8,
      "Actual Startup Time": 1734.776,
      "Actual Total Time": 1819.392,
      "Actual Rows": 1,
      "Actual Loops": 1,
      "Plans": [
        {
          "Node Type": "Gather",
          "Parent Relationship": "Outer",
          "Parallel Aware": false,
          "Startup Cost": 148667.66,
          "Total Cost": 148667.97,
          "Plan Rows": 3,
          "Plan Width": 8,
          "Actual Startup Time": 1732.37,
          "Actual Total Time": 1819.38,
          "Actual Rows": 4,
          "Actual Loops": 1,
          "Workers Planned": 3,
          "Workers Launched": 3,
          "Single Copy": false,
          "Plans": [
            {
              "Node Type": "Aggregate",
              "Strategy": "Plain",
              "Partial Mode": "Partial",
              "Parent Relationship": "Outer",
              "Parallel Aware": false,
              "Startup Cost": 147667.66,
              "Total Cost": 147667.67,
              "Plan Rows": 1,
              "Plan Width": 8,
              "Actual Startup Time": 1723.047,
              "Actual Total Time": 1723.193,
              "Actual Rows": 1,
              "Actual Loops": 4,
              "Plans": [
                {
                  "Node Type": "Nested Loop",
                  "Parent Relationship": "Outer",
                  "Parallel Aware": false,
                  "Join Type": "Inner",
                  "Startup Cost": 46180.85,
                  "Total Cost": 147295.99,
                  "Plan Rows": 148668,
                  "Plan Width": 0,
                  "Actual Startup Time": 152.51,
                  "Actual Total Time": 1678.293,
                  "Actual Rows": 787263,
                  "Actual Loops": 4,
                  "Inner Unique": false,
                  "Join Filter": "(t.id = ci.movie_id)",
                  "Rows Removed by Join Filter": 0,
                  "Plans": [
                    {
                      "Node Type": "Hash Join",
                      "Parent Relationship": "Outer",
                      "Parallel Aware": true,
                      "Join Type": "Inner",
                      "Startup Cost": 46180.29,
                      "Total Cost": 78063.18,
                      "Plan Rows": 15825,
                      "Plan Width": 8,
                      "Actual Startup Time": 152.392,
                      "Actual Total Time": 290.756,
                      "Actual Rows": 40190,
                      "Actual Loops": 4,
                      "Inner Unique": true,
                      "Hash Cond": "(mc.movie_id = t.id)",
                      "Plans": [
                        {
                          "Node Type": "Seq Scan",
                          "Parent Relationship": "Outer",
                          "Parallel Aware": true,
                          "Relation Name": "movie_companies",
                          "Alias": "mc",
                          "Startup Cost": 0.0,
                          "Total Cost": 31414.82,
                          "Plan Rows": 178314,
                          "Plan Width": 4,
                          "Actual Startup Time": 0.029,
                          "Actual Total Time": 76.283,
                          "Actual Rows": 190301,
                          "Actual Loops": 4,
                          "Filter": "((company_id < 7923) AND (company_type_id = 1))",
                          "Rows Removed by Filter": 461982
                        },
                        {
                          "Node Type": "Hash",
                          "Parent Relationship": "Inner",
                          "Parallel Aware": true,
                          "Startup Cost": 45479.1,
                          "Total Cost": 45479.1,
                          "Plan Rows": 56095,
                          "Plan Width": 4,
                          "Actual Startup Time": 149.98,
                          "Actual Total Time": 149.981,
                          "Actual Rows": 89536,
                          "Actual Loops": 4,
                          "Hash Buckets": 524288,
                          "Original Hash Buckets": 262144,
                          "Hash Batches": 1,
                          "Original Hash Batches": 1,
                          "Peak Memory Usage": 20224,
                          "Plans": [
                            {
                              "Node Type": "Seq Scan",
                              "Parent Relationship": "Outer",
                              "Parallel Aware": true,
                              "Relation Name": "title",
                              "Alias": "t",
                              "Startup Cost": 0.0,
                              "Total Cost": 45479.1,
                              "Plan Rows": 56095,
                              "Plan Width": 4,
                              "Actual Startup Time": 0.066,
                              "Actual Total Time": 109.736,
                              "Actual Rows": 89536,
                              "Actual Loops": 4,
                              "Filter": "((kind_id < 3) AND (production_year < 1993))",
                              "Rows Removed by Filter": 542542
                            }
                          ]
                        }
                      ]
                    },
                    {
                      "Node Type": "Index Scan",
                      "Parent Relationship": "Inner",
                      "Parallel Aware": false,
                      "Scan Direction": "Forward",
                      "Index Name": "movie_id_cast_info",
                      "Relation Name": "cast_info",
                      "Alias": "ci",
                      "Startup Cost": 0.56,
                      "Total Cost": 4.07,
                      "Plan Rows": 24,
                      "Plan Width": 4,
                      "Actual Startup Time": 0.017,
                      "Actual Total Time": 0.032,
                      "Actual Rows": 20,
                      "Actual Loops": 160760,
                      "Index Cond": "(movie_id = mc.movie_id)",
                      "Rows Removed by Index Recheck": 0,
                      "Filter": "(role_id > 1)",
                      "Rows Removed by Filter": 18
                    }
                  ]
                }
              ]
            }
          ]
        }
      ]
    },
    "Planning Time": 1.403,
    "Triggers": [],
    "Execution Time": 1819.495
  }
]