{
  "Plan": {
    "Node Type": "Aggregate",
    "Strategy": "Plain",
    "Partial Mode": "Finalize",
    "Parallel Aware": false,
    "Startup Cost": 648990.61,
    "Total Cost": 648990.62,
    "Plan Rows": 1,
    "Plan Width": 8,
    "Actual Startup Time": 5956.446,
    "Actual Total Time": 6025.197,
    "Actual Rows": 1,
    "Actual Loops": 1,
    "Plans": [
      {
        "Node Type": "Gather",
        "Parent Relationship": "Outer",
        "Parallel Aware": false,
        "Startup Cost": 648990.5,
        "Total Cost": 648990.61,
        "Plan Rows": 1,
        "Plan Width": 8,
        "Actual Startup Time": 5953.737,
        "Actual Total Time": 6025.185,
        "Actual Rows": 2,
        "Actual Loops": 1,
        "Workers Planned": 1,
        "Workers Launched": 1,
        "Single Copy": false,
        "Plans": [
          {
            "Node Type": "Aggregate",
            "Strategy": "Plain",
            "Partial Mode": "Partial",
            "Parent Relationship": "Outer",
            "Parallel Aware": false,
            "Startup Cost": 647990.5,
            "Total Cost": 647990.51,
            "Plan Rows": 1,
            "Plan Width": 8,
            "Actual Startup Time": 5948.023,
            "Actual Total Time": 5948.027,
            "Actual Rows": 1,
            "Actual Loops": 2,
            "Plans": [
              {
                "Node Type": "Hash Join",
                "Parent Relationship": "Outer",
                "Parallel Aware": true,
                "Join Type": "Inner",
                "Startup Cost": 65209.49,
                "Total Cost": 631345.8,
                "Plan Rows": 6657881,
                "Plan Width": 0,
                "Actual Startup Time": 420.206,
                "Actual Total Time": 5691.187,
                "Actual Rows": 6416238,
                "Actual Loops": 2,
                "Inner Unique": true,
                "Hash Cond": "(ci.movie_id = t.id)",
                "Plans": [
                  {
                    "Node Type": "Seq Scan",
                    "Parent Relationship": "Outer",
                    "Parallel Aware": true,
                    "Relation Name": "cast_info",
                    "Alias": "ci",
                    "Startup Cost": 0.0,
                    "Total Cost": 519069.44,
                    "Plan Rows": 17930204,
                    "Plan Width": 4,
                    "Actual Startup Time": 130.848,
                    "Actual Total Time": 1596.308,
                    "Actual Rows": 15177201,
                    "Actual Loops": 2,
                    "Filter": "(person_id > 570321)",
                    "Rows Removed by Filter": 2944971
                  },
                  {
                    "Node Type": "Hash",
                    "Parent Relationship": "Inner",
                    "Parallel Aware": true,
                    "Startup Cost": 58306.47,
                    "Total Cost": 58306.47,
                    "Plan Rows": 552242,
                    "Plan Width": 4,
                    "Actual Startup Time": 280.375,
                    "Actual Total Time": 280.376,
                    "Actual Rows": 502362,
                    "Actual Loops": 2,
                    "Hash Buckets": 1048576,
                    "Original Hash Buckets": 1048576,
                    "Hash Batches": 1,
                    "Original Hash Batches": 1,
                    "Peak Memory Usage": 47520,
                    "Plans": [
                      {
                        "Node Type": "Seq Scan",
                        "Parent Relationship": "Outer",
                        "Parallel Aware": true,
                        "Relation Name": "title",
                        "Alias": "t",
                        "Startup Cost": 0.0,
                        "Total Cost": 58306.47,
                        "Plan Rows": 552242,
                        "Plan Width": 4,
                        "Actual Startup Time": 0.041,
                        "Actual Total Time": 164.296,
                        "Actual Rows": 502362,
                        "Actual Loops": 2,
                        "Filter": "((kind_id > 1) AND (production_year > 2002))",
                        "Rows Removed by Filter": 761794
                      }
                    ]
                  }
                ]
              }
            ]
          }
        ]
      }
    ]
  },
  "Planning Time": 0.61,
  "Triggers": [],
  "Execution Time": 6025.283
}