[
  {
    "Plan": {
      "Node Type": "Aggregate",
      "Strategy": "Plain",
      "Partial Mode": "Finalize",
      "Parallel Aware": false,
      "Startup Cost": 394141.21,
      "Total Cost": 394141.22,
      "Plan Rows": 1,
      "Plan Width": 8,
      "Actual Startup Time": 949.549,
      "Actual Total Time": 1006.334,
      "Actual Rows": 1,
      "Actual Loops": 1,
      "Plans": [
        {
          "Node Type": "Gather",
          "Parent Relationship": "Outer",
          "Parallel Aware": false,
          "Startup Cost": 394140.59,
          "Total Cost": 394141.2,
          "Plan Rows": 6,
          "Plan Width": 8,
          "Actual Startup Time": 942.27,
          "Actual Total Time": 1006.323,
          "Actual Rows": 7,
          "Actual Loops": 1,
          "Workers Planned": 6,
          "Workers Launched": 6,
          "Single Copy": false,
          "Plans": [
            {
              "Node Type": "Aggregate",
              "Strategy": "Plain",
              "Partial Mode": "Partial",
              "Parent Relationship": "Outer",
              "Parallel Aware": false,
              "Startup Cost": 393140.59,
              "Total Cost": 393140.6,
              "Plan Rows": 1,
              "Plan Width": 8,
              "Actual Startup Time": 930.915,
              "Actual Total Time": 930.917,
              "Actual Rows": 1,
              "Actual Loops": 7,
              "Plans": [
                {
                  "Node Type": "Hash Join",
                  "Parent Relationship": "Outer",
                  "Parallel Aware": true,
                  "Join Type": "Inner",
                  "Startup Cost": 48393.57,
                  "Total Cost": 392753.22,
                  "Plan Rows": 154946,
                  "Plan Width": 0,
                  "Actual Startup Time": 517.078,
                  "Actual Total Time": 917.709,
                  "Actual Rows": 318454,
                  "Actual Loops": 7,
                  "Inner Unique": true,
                  "Hash Cond": "(ci.movie_id = t.id)",
                  "Plans": [
                    {
                      "Node Type": "Seq Scan",
                      "Parent Relationship": "Outer",
                      "Parallel Aware": true,
                      "Relation Name": "cast_info",
                      "Alias": "ci",
                      "Startup Cost": 0.0,
                      "Total Cost": 343257.03,
                      "Plan Rows": 420046,
                      "Plan Width": 4,
                      "Actual Startup Time": 378.999,
                      "Actual Total Time": 568.556,
                      "Actual Rows": 772695,
                      "Actual Loops": 7,
                      "Filter": "((person_id > 3116377) AND (role_id > 2))",
                      "Rows Removed by Filter": 4405068
                    },
                    {
                      "Node Type": "Hash",
                      "Parent Relationship": "Inner",
                      "Parallel Aware": true,
                      "Startup Cost": 45479.1,
                      "Total Cost": 45479.1,
                      "Plan Rows": 233158,
                      "Plan Width": 4,
                      "Actual Startup Time": 134.709,
                      "Actual Total Time": 134.71,
                      "Actual Rows": 128019,
                      "Actual Loops": 7,
                      "Hash Buckets": 1048576,
                      "Original Hash Buckets": 1048576,
                      "Hash Batches": 1,
                      "Original Hash Batches": 1,
                      "Peak Memory Usage": 43424,
                      "Plans": [
                        {
                          "Node Type": "Seq Scan",
                          "Parent Relationship": "Outer",
                          "Parallel Aware": true,
                          "Relation Name": "title",
                          "Alias": "t",
                          "Startup Cost": 0.0,
                          "Total Cost": 45479.1,
                          "Plan Rows": 233158,
                          "Plan Width": 4,
                          "Actual Startup Time": 0.039,
                          "Actual Total Time": 79.509,
                          "Actual Rows": 128019,
                          "Actual Loops": 7,
                          "Filter": "((kind_id < 7) AND (production_year > 1918))",
                          "Rows Removed by Filter": 233168
                        }
                      ]
                    }
                  ]
                }
              ]
            }
          ]
        }
      ]
    },
    "Planning Time": 0.64,
    "Triggers": [],
    "Execution Time": 1006.42
  }
]