[
    {
        "Bao": {
            "Bao prediction": "NaN",
            "Bao recommended hint": "(no hint)"
        }
    },
    {
        "Plan": {
            "Node Type": "Aggregate",
            "Strategy": "Plain",
            "Partial Mode": "Finalize",
            "Parallel Aware": false,
            "Startup Cost": 91716.29,
            "Total Cost": 91716.3,
            "Plan Rows": 1,
            "Plan Width": 8,
            "Actual Startup Time": 256.887,
            "Actual Total Time": 271.153,
            "Actual Rows": 1,
            "Actual Loops": 1,
            "Output": [
                "count(*)"
            ],
            "Plans": [
                {
                    "Node Type": "Gather",
                    "Parent Relationship": "Outer",
                    "Parallel Aware": false,
                    "Startup Cost": 91715.97,
                    "Total Cost": 91716.28,
                    "Plan Rows": 3,
                    "Plan Width": 8,
                    "Actual Startup Time": 256.63,
                    "Actual Total Time": 271.143,
                    "Actual Rows": 4,
                    "Actual Loops": 1,
                    "Output": [
                        "(PARTIAL count(*))"
                    ],
                    "Workers Planned": 3,
                    "Workers Launched": 3,
                    "Single Copy": false,
                    "Plans": [
                        {
                            "Node Type": "Aggregate",
                            "Strategy": "Plain",
                            "Partial Mode": "Partial",
                            "Parent Relationship": "Outer",
                            "Parallel Aware": false,
                            "Startup Cost": 90715.97,
                            "Total Cost": 90715.98,
                            "Plan Rows": 1,
                            "Plan Width": 8,
                            "Actual Startup Time": 248.062,
                            "Actual Total Time": 248.065,
                            "Actual Rows": 1,
                            "Actual Loops": 4,
                            "Output": [
                                "PARTIAL count(*)"
                            ],
                            "Workers": [
                                {
                                    "Worker Number": 0,
                                    "Actual Startup Time": 244.933,
                                    "Actual Total Time": 244.936,
                                    "Actual Rows": 1,
                                    "Actual Loops": 1
                                },
                                {
                                    "Worker Number": 1,
                                    "Actual Startup Time": 245.501,
                                    "Actual Total Time": 245.503,
                                    "Actual Rows": 1,
                                    "Actual Loops": 1
                                },
                                {
                                    "Worker Number": 2,
                                    "Actual Startup Time": 245.756,
                                    "Actual Total Time": 245.76,
                                    "Actual Rows": 1,
                                    "Actual Loops": 1
                                }
                            ],
                            "Plans": [
                                {
                                    "Node Type": "Hash Join",
                                    "Parent Relationship": "Outer",
                                    "Parallel Aware": true,
                                    "Join Type": "Inner",
                                    "Startup Cost": 45641.81,
                                    "Total Cost": 90670.25,
                                    "Plan Rows": 18288,
                                    "Plan Width": 0,
                                    "Actual Startup Time": 92.943,
                                    "Actual Total Time": 246.859,
                                    "Actual Rows": 25193,
                                    "Actual Loops": 4,
                                    "Inner Unique": true,
                                    "Hash Cond": "(mk.movie_id = t.id)",
                                    "Workers": [
                                        {
                                            "Worker Number": 0,
                                            "Actual Startup Time": 89.818,
                                            "Actual Total Time": 243.722,
                                            "Actual Rows": 23759,
                                            "Actual Loops": 1
                                        },
                                        {
                                            "Worker Number": 1,
                                            "Actual Startup Time": 90.474,
                                            "Actual Total Time": 244.295,
                                            "Actual Rows": 24296,
                                            "Actual Loops": 1
                                        },
                                        {
                                            "Worker Number": 2,
                                            "Actual Startup Time": 90.513,
                                            "Actual Total Time": 244.51,
                                            "Actual Rows": 25395,
                                            "Actual Loops": 1
                                        }
                                    ],
                                    "Plans": [
                                        {
                                            "Node Type": "Seq Scan",
                                            "Parent Relationship": "Outer",
                                            "Parallel Aware": true,
                                            "Relation Name": "movie_keyword",
                                            "Schema": "public",
                                            "Alias": "mk",
                                            "Startup Cost": 0.0,
                                            "Total Cost": 42695.65,
                                            "Plan Rows": 888681,
                                            "Plan Width": 4,
                                            "Actual Startup Time": 0.376,
                                            "Actual Total Time": 109.098,
                                            "Actual Rows": 688690,
                                            "Actual Loops": 4,
                                            "Output": [
                                                "mk.id",
                                                "mk.movie_id",
                                                "mk.keyword_id"
                                            ],
                                            "Filter": "(mk.keyword_id > 2867)",
                                            "Rows Removed by Filter": 442293,
                                            "Workers": [
                                                {
                                                    "Worker Number": 0,
                                                    "Actual Startup Time": 0.393,
                                                    "Actual Total Time": 110.077,
                                                    "Actual Rows": 652090,
                                                    "Actual Loops": 1
                                                },
                                                {
                                                    "Worker Number": 1,
                                                    "Actual Startup Time": 0.391,
                                                    "Actual Total Time": 109.969,
                                                    "Actual Rows": 680563,
                                                    "Actual Loops": 1
                                                },
                                                {
                                                    "Worker Number": 2,
                                                    "Actual Startup Time": 0.306,
                                                    "Actual Total Time": 109.819,
                                                    "Actual Rows": 678641,
                                                    "Actual Loops": 1
                                                }
                                            ]
                                        },
                                        {
                                            "Node Type": "Hash",
                                            "Parent Relationship": "Inner",
                                            "Parallel Aware": true,
                                            "Startup Cost": 45479.21,
                                            "Total Cost": 45479.21,
                                            "Plan Rows": 13008,
                                            "Plan Width": 4,
                                            "Actual Startup Time": 91.015,
                                            "Actual Total Time": 91.016,
                                            "Actual Rows": 11003,
                                            "Actual Loops": 4,
                                            "Output": [
                                                "t.id"
                                            ],
                                            "Hash Buckets": 65536,
                                            "Original Hash Buckets": 65536,
                                            "Hash Batches": 1,
                                            "Original Hash Batches": 1,
                                            "Peak Memory Usage": 2272,
                                            "Workers": [
                                                {
                                                    "Worker Number": 0,
                                                    "Actual Startup Time": 88.327,
                                                    "Actual Total Time": 88.328,
                                                    "Actual Rows": 9466,
                                                    "Actual Loops": 1
                                                },
                                                {
                                                    "Worker Number": 1,
                                                    "Actual Startup Time": 88.918,
                                                    "Actual Total Time": 88.919,
                                                    "Actual Rows": 10085,
                                                    "Actual Loops": 1
                                                },
                                                {
                                                    "Worker Number": 2,
                                                    "Actual Startup Time": 89.185,
                                                    "Actual Total Time": 89.186,
                                                    "Actual Rows": 9770,
                                                    "Actual Loops": 1
                                                }
                                            ],
                                            "Plans": [
                                                {
                                                    "Node Type": "Seq Scan",
                                                    "Parent Relationship": "Outer",
                                                    "Parallel Aware": true,
                                                    "Relation Name": "title",
                                                    "Schema": "public",
                                                    "Alias": "t",
                                                    "Startup Cost": 0.0,
                                                    "Total Cost": 45479.21,
                                                    "Plan Rows": 13008,
                                                    "Plan Width": 4,
                                                    "Actual Startup Time": 0.266,
                                                    "Actual Total Time": 87.137,
                                                    "Actual Rows": 11003,
                                                    "Actual Loops": 4,
                                                    "Output": [
                                                        "t.id"
                                                    ],
                                                    "Filter": "((t.kind_id < 7) AND (t.production_year = 2009))",
                                                    "Rows Removed by Filter": 621075,
                                                    "Workers": [
                                                        {
                                                            "Worker Number": 0,
                                                            "Actual Startup Time": 0.098,
                                                            "Actual Total Time": 84.344,
                                                            "Actual Rows": 9466,
                                                            "Actual Loops": 1
                                                        },
                                                        {
                                                            "Worker Number": 1,
                                                            "Actual Startup Time": 0.489,
                                                            "Actual Total Time": 85.346,
                                                            "Actual Rows": 10085,
                                                            "Actual Loops": 1
                                                        },
                                                        {
                                                            "Worker Number": 2,
                                                            "Actual Startup Time": 0.334,
                                                            "Actual Total Time": 85.64,
                                                            "Actual Rows": 9770,
                                                            "Actual Loops": 1
                                                        }
                                                    ]
                                                }
                                            ]
                                        }
                                    ]
                                }
                            ]
                        }
                    ]
                }
            ]
        },
        "Planning Time": 190.649,
        "Triggers": [],
        "Execution Time": 271.239
    }
]