[
  {
    "Plan": {
      "Node Type": "Aggregate",
      "Strategy": "Plain",
      "Partial Mode": "Finalize",
      "Parallel Aware": false,
      "Startup Cost": 31461.65,
      "Total Cost": 31461.66,
      "Plan Rows": 1,
      "Plan Width": 8,
      "Actual Startup Time": 112.313,
      "Actual Total Time": 119.04,
      "Actual Rows": 1,
      "Actual Loops": 1,
      "Plans": [
        {
          "Node Type": "Gather",
          "Parent Relationship": "Outer",
          "Parallel Aware": false,
          "Startup Cost": 31461.33,
          "Total Cost": 31461.64,
          "Plan Rows": 3,
          "Plan Width": 8,
          "Actual Startup Time": 112.221,
          "Actual Total Time": 119.033,
          "Actual Rows": 4,
          "Actual Loops": 1,
          "Workers Planned": 3,
          "Workers Launched": 3,
          "Single Copy": false,
          "Plans": [
            {
              "Node Type": "Aggregate",
              "Strategy": "Plain",
              "Partial Mode": "Partial",
              "Parent Relationship": "Outer",
              "Parallel Aware": false,
              "Startup Cost": 30461.33,
              "Total Cost": 30461.34,
              "Plan Rows": 1,
              "Plan Width": 8,
              "Actual Startup Time": 106.133,
              "Actual Total Time": 106.134,
              "Actual Rows": 1,
              "Actual Loops": 4,
              "Plans": [
                {
                  "Node Type": "Seq Scan",
                  "Parent Relationship": "Outer",
                  "Parallel Aware": true,
                  "Relation Name": "movie_companies",
                  "Alias": "mc",
                  "Startup Cost": 0.0,
                  "Total Cost": 29310.68,
                  "Plan Rows": 460260,
                  "Plan Width": 0,
                  "Actual Startup Time": 19.194,
                  "Actual Total Time": 87.85,
                  "Actual Rows": 357068,
                  "Actual Loops": 4,
                  "Filter": "(company_id > 10212)",
                  "Rows Removed by Filter": 295214
                }
              ]
            }
          ]
        }
      ]
    },
    "Planning Time": 0.182,
    "Triggers": [],
    "Execution Time": 119.093
  }
]