[
  {
    "Plan": {
      "Node Type": "Aggregate",
      "Strategy": "Plain",
      "Partial Mode": "Finalize",
      "Parallel Aware": false,
      "Startup Cost": 90458.31,
      "Total Cost": 90458.32,
      "Plan Rows": 1,
      "Plan Width": 8,
      "Actual Startup Time": 403.399,
      "Actual Total Time": 420.841,
      "Actual Rows": 1,
      "Actual Loops": 1,
      "Plans": [
        {
          "Node Type": "Gather",
          "Parent Relationship": "Outer",
          "Parallel Aware": false,
          "Startup Cost": 90457.99,
          "Total Cost": 90458.3,
          "Plan Rows": 3,
          "Plan Width": 8,
          "Actual Startup Time": 401.642,
          "Actual Total Time": 420.831,
          "Actual Rows": 4,
          "Actual Loops": 1,
          "Workers Planned": 3,
          "Workers Launched": 3,
          "Single Copy": false,
          "Plans": [
            {
              "Node Type": "Aggregate",
              "Strategy": "Plain",
              "Partial Mode": "Partial",
              "Parent Relationship": "Outer",
              "Parallel Aware": false,
              "Startup Cost": 89457.99,
              "Total Cost": 89458.0,
              "Plan Rows": 1,
              "Plan Width": 8,
              "Actual Startup Time": 393.225,
              "Actual Total Time": 393.296,
              "Actual Rows": 1,
              "Actual Loops": 4,
              "Plans": [
                {
                  "Node Type": "Hash Join",
                  "Parent Relationship": "Outer",
                  "Parallel Aware": true,
                  "Join Type": "Inner",
                  "Startup Cost": 46232.17,
                  "Total Cost": 89110.25,
                  "Plan Rows": 139095,
                  "Plan Width": 0,
                  "Actual Startup Time": 182.849,
                  "Actual Total Time": 374.694,
                  "Actual Rows": 415944,
                  "Actual Loops": 4,
                  "Inner Unique": true,
                  "Hash Cond": "(mk.movie_id = t.id)",
                  "Plans": [
                    {
                      "Node Type": "Seq Scan",
                      "Parent Relationship": "Outer",
                      "Parallel Aware": true,
                      "Relation Name": "movie_keyword",
                      "Alias": "mk",
                      "Startup Cost": 0.0,
                      "Total Cost": 39047.32,
                      "Plan Rows": 1459332,
                      "Plan Width": 4,
                      "Actual Startup Time": 0.029,
                      "Actual Total Time": 96.394,
                      "Actual Rows": 1130982,
                      "Actual Loops": 4
                    },
                    {
                      "Node Type": "Hash",
                      "Parent Relationship": "Inner",
                      "Parallel Aware": true,
                      "Startup Cost": 45479.1,
                      "Total Cost": 45479.1,
                      "Plan Rows": 60246,
                      "Plan Width": 4,
                      "Actual Startup Time": 139.376,
                      "Actual Total Time": 139.377,
                      "Actual Rows": 89886,
                      "Actual Loops": 4,
                      "Hash Buckets": 524288,
                      "Original Hash Buckets": 262144,
                      "Hash Batches": 1,
                      "Original Hash Batches": 1,
                      "Peak Memory Usage": 20320,
                      "Plans": [
                        {
                          "Node Type": "Seq Scan",
                          "Parent Relationship": "Outer",
                          "Parallel Aware": true,
                          "Relation Name": "title",
                          "Alias": "t",
                          "Startup Cost": 0.0,
                          "Total Cost": 45479.1,
                          "Plan Rows": 60246,
                          "Plan Width": 4,
                          "Actual Startup Time": 61.819,
                          "Actual Total Time": 104.742,
                          "Actual Rows": 89886,
                          "Actual Loops": 4,
                          "Filter": "((production_year < 1998) AND (kind_id = 1))",
                          "Rows Removed by Filter": 542192
                        }
                      ]
                    }
                  ]
                }
              ]
            }
          ]
        }
      ]
    },
    "Planning Time": 0.613,
    "Triggers": [],
    "Execution Time": 420.908
  }
]