[
  {
    "Plan": {
      "Node Type": "Aggregate",
      "Strategy": "Plain",
      "Partial Mode": "Finalize",
      "Parallel Aware": false,
      "Startup Cost": 335221.0,
      "Total Cost": 335221.01,
      "Plan Rows": 1,
      "Plan Width": 8,
      "Actual Startup Time": 726.193,
      "Actual Total Time": 786.402,
      "Actual Rows": 1,
      "Actual Loops": 1,
      "Plans": [
        {
          "Node Type": "Gather",
          "Parent Relationship": "Outer",
          "Parallel Aware": false,
          "Startup Cost": 335220.38,
          "Total Cost": 335220.99,
          "Plan Rows": 6,
          "Plan Width": 8,
          "Actual Startup Time": 726.023,
          "Actual Total Time": 786.391,
          "Actual Rows": 7,
          "Actual Loops": 1,
          "Workers Planned": 6,
          "Workers Launched": 6,
          "Single Copy": false,
          "Plans": [
            {
              "Node Type": "Aggregate",
              "Strategy": "Plain",
              "Partial Mode": "Partial",
              "Parent Relationship": "Outer",
              "Parallel Aware": false,
              "Startup Cost": 334220.38,
              "Total Cost": 334220.39,
              "Plan Rows": 1,
              "Plan Width": 8,
              "Actual Startup Time": 715.476,
              "Actual Total Time": 715.477,
              "Actual Rows": 1,
              "Actual Loops": 7,
              "Plans": [
                {
                  "Node Type": "Seq Scan",
                  "Parent Relationship": "Outer",
                  "Parallel Aware": true,
                  "Relation Name": "cast_info",
                  "Alias": "ci",
                  "Startup Cost": 0.0,
                  "Total Cost": 328162.03,
                  "Plan Rows": 2423341,
                  "Plan Width": 0,
                  "Actual Startup Time": 257.771,
                  "Actual Total Time": 618.029,
                  "Actual Rows": 2071234,
                  "Actual Loops": 7,
                  "Filter": "(person_id > 2210243)",
                  "Rows Removed by Filter": 3106529
                }
              ]
            }
          ]
        }
      ]
    },
    "Planning Time": 0.213,
    "Triggers": [],
    "Execution Time": 786.475
  }
]