[
  {
    "Plan": {
      "Node Type": "Aggregate",
      "Strategy": "Plain",
      "Partial Mode": "Finalize",
      "Parallel Aware": false,
      "Startup Cost": 121243.27,
      "Total Cost": 121243.28,
      "Plan Rows": 1,
      "Plan Width": 8,
      "Actual Startup Time": 783.428,
      "Actual Total Time": 836.416,
      "Actual Rows": 1,
      "Actual Loops": 1,
      "Plans": [
        {
          "Node Type": "Gather",
          "Parent Relationship": "Outer",
          "Parallel Aware": false,
          "Startup Cost": 121242.95,
          "Total Cost": 121243.26,
          "Plan Rows": 3,
          "Plan Width": 8,
          "Actual Startup Time": 775.22,
          "Actual Total Time": 836.405,
          "Actual Rows": 4,
          "Actual Loops": 1,
          "Workers Planned": 3,
          "Workers Launched": 3,
          "Single Copy": false,
          "Plans": [
            {
              "Node Type": "Aggregate",
              "Strategy": "Plain",
              "Partial Mode": "Partial",
              "Parent Relationship": "Outer",
              "Parallel Aware": false,
              "Startup Cost": 120242.95,
              "Total Cost": 120242.96,
              "Plan Rows": 1,
              "Plan Width": 8,
              "Actual Startup Time": 755.666,
              "Actual Total Time": 755.67,
              "Actual Rows": 1,
              "Actual Loops": 4,
              "Plans": [
                {
                  "Node Type": "Nested Loop",
                  "Parent Relationship": "Outer",
                  "Parallel Aware": false,
                  "Join Type": "Inner",
                  "Startup Cost": 51700.44,
                  "Total Cost": 119914.43,
                  "Plan Rows": 131409,
                  "Plan Width": 0,
                  "Actual Startup Time": 341.28,
                  "Actual Total Time": 732.161,
                  "Actual Rows": 517188,
                  "Actual Loops": 4,
                  "Inner Unique": false,
                  "Plans": [
                    {
                      "Node Type": "Hash Join",
                      "Parent Relationship": "Outer",
                      "Parallel Aware": true,
                      "Join Type": "Inner",
                      "Startup Cost": 51700.0,
                      "Total Cost": 76493.92,
                      "Plan Rows": 22474,
                      "Plan Width": 8,
                      "Actual Startup Time": 341.204,
                      "Actual Total Time": 383.882,
                      "Actual Rows": 17287,
                      "Actual Loops": 4,
                      "Inner Unique": true,
                      "Hash Cond": "(mk.movie_id = t.id)",
                      "Plans": [
                        {
                          "Node Type": "Bitmap Heap Scan",
                          "Parent Relationship": "Outer",
                          "Parallel Aware": true,
                          "Relation Name": "movie_keyword",
                          "Alias": "mk",
                          "Startup Cost": 1480.36,
                          "Total Cost": 26215.28,
                          "Plan Rows": 22474,
                          "Plan Width": 4,
                          "Actual Startup Time": 8.184,
                          "Actual Total Time": 32.664,
                          "Actual Rows": 17287,
                          "Actual Loops": 4,
                          "Recheck Cond": "(keyword_id < 62)",
                          "Rows Removed by Index Recheck": 0,
                          "Exact Heap Blocks": 6601,
                          "Lossy Heap Blocks": 0,
                          "Plans": [
                            {
                              "Node Type": "Bitmap Index Scan",
                              "Parent Relationship": "Outer",
                              "Parallel Aware": false,
                              "Index Name": "keyword_id_movie_keyword",
                              "Startup Cost": 0.0,
                              "Total Cost": 1462.94,
                              "Plan Rows": 69668,
                              "Plan Width": 0,
                              "Actual Startup Time": 5.435,
                              "Actual Total Time": 5.435,
                              "Actual Rows": 69147,
                              "Actual Loops": 1,
                              "Index Cond": "(keyword_id < 62)"
                            }
                          ]
                        },
                        {
                          "Node Type": "Hash",
                          "Parent Relationship": "Inner",
                          "Parallel Aware": true,
                          "Startup Cost": 42318.73,
                          "Total Cost": 42318.73,
                          "Plan Rows": 632073,
                          "Plan Width": 4,
                          "Actual Startup Time": 321.462,
                          "Actual Total Time": 321.463,
                          "Actual Rows": 632078,
                          "Actual Loops": 4,
                          "Hash Buckets": 4194304,
                          "Original Hash Buckets": 4194304,
                          "Hash Batches": 1,
                          "Original Hash Batches": 1,
                          "Peak Memory Usage": 131712,
                          "Plans": [
                            {
                              "Node Type": "Seq Scan",
                              "Parent Relationship": "Outer",
                              "Parallel Aware": true,
                              "Relation Name": "title",
                              "Alias": "t",
                              "Startup Cost": 0.0,
                              "Total Cost": 42318.73,
                              "Plan Rows": 632073,
                              "Plan Width": 4,
                              "Actual Startup Time": 0.035,
                              "Actual Total Time": 93.602,
                              "Actual Rows": 632078,
                              "Actual Loops": 4
                            }
                          ]
                        }
                      ]
                    },
                    {
                      "Node Type": "Index Only Scan",
                      "Parent Relationship": "Inner",
                      "Parallel Aware": false,
                      "Scan Direction": "Forward",
                      "Index Name": "movie_id_movie_info",
                      "Relation Name": "movie_info",
                      "Alias": "mi",
                      "Startup Cost": 0.43,
                      "Total Cost": 1.51,
                      "Plan Rows": 42,
                      "Plan Width": 4,
                      "Actual Startup Time": 0.005,
                      "Actual Total Time": 0.018,
                      "Actual Rows": 30,
                      "Actual Loops": 69147,
                      "Index Cond": "(movie_id = t.id)",
                      "Rows Removed by Index Recheck": 0,
                      "Heap Fetches": 2068753
                    }
                  ]
                }
              ]
            }
          ]
        }
      ]
    },
    "Planning Time": 1.53,
    "Triggers": [],
    "Execution Time": 836.538
  }
]