{
  "Plan": {
    "Node Type": "Aggregate",
    "Strategy": "Plain",
    "Partial Mode": "Finalize",
    "Parallel Aware": false,
    "Startup Cost": 97581.22,
    "Total Cost": 97581.23,
    "Plan Rows": 1,
    "Plan Width": 8,
    "Actual Startup Time": 240.298,
    "Actual Total Time": 254.532,
    "Actual Rows": 1,
    "Actual Loops": 1,
    "Plans": [
      {
        "Node Type": "Gather",
        "Parent Relationship": "Outer",
        "Parallel Aware": false,
        "Startup Cost": 97581.11,
        "Total Cost": 97581.22,
        "Plan Rows": 1,
        "Plan Width": 8,
        "Actual Startup Time": 239.88,
        "Actual Total Time": 254.524,
        "Actual Rows": 2,
        "Actual Loops": 1,
        "Workers Planned": 1,
        "Workers Launched": 1,
        "Single Copy": false,
        "Plans": [
          {
            "Node Type": "Aggregate",
            "Strategy": "Plain",
            "Partial Mode": "Partial",
            "Parent Relationship": "Outer",
            "Parallel Aware": false,
            "Startup Cost": 96581.11,
            "Total Cost": 96581.12,
            "Plan Rows": 1,
            "Plan Width": 8,
            "Actual Startup Time": 233.545,
            "Actual Total Time": 233.549,
            "Actual Rows": 1,
            "Actual Loops": 2,
            "Plans": [
              {
                "Node Type": "Nested Loop",
                "Parent Relationship": "Outer",
                "Parallel Aware": false,
                "Join Type": "Inner",
                "Startup Cost": 64930.01,
                "Total Cost": 96564.86,
                "Plan Rows": 6500,
                "Plan Width": 0,
                "Actual Startup Time": 183.679,
                "Actual Total Time": 233.489,
                "Actual Rows": 450,
                "Actual Loops": 2,
                "Inner Unique": false,
                "Join Filter": "(t.id = mi.movie_id)",
                "Rows Removed by Join Filter": 0,
                "Plans": [
                  {
                    "Node Type": "Hash Join",
                    "Parent Relationship": "Outer",
                    "Parallel Aware": true,
                    "Join Type": "Inner",
                    "Startup Cost": 64929.58,
                    "Total Cost": 86337.62,
                    "Plan Rows": 2292,
                    "Plan Width": 8,
                    "Actual Startup Time": 183.607,
                    "Actual Total Time": 228.846,
                    "Actual Rows": 95,
                    "Actual Loops": 2,
                    "Inner Unique": true,
                    "Hash Cond": "(mc.movie_id = t.id)",
                    "Plans": [
                      {
                        "Node Type": "Bitmap Heap Scan",
                        "Parent Relationship": "Outer",
                        "Parallel Aware": true,
                        "Relation Name": "movie_companies",
                        "Alias": "mc",
                        "Startup Cost": 6376.94,
                        "Total Cost": 27330.62,
                        "Plan Rows": 173094,
                        "Plan Width": 4,
                        "Actual Startup Time": 18.075,
                        "Actual Total Time": 44.13,
                        "Actual Rows": 146536,
                        "Actual Loops": 2,
                        "Recheck Cond": "(company_id > 94785)",
                        "Rows Removed by Index Recheck": 0,
                        "Exact Heap Blocks": 2334,
                        "Lossy Heap Blocks": 0,
                        "Plans": [
                          {
                            "Node Type": "Bitmap Index Scan",
                            "Parent Relationship": "Outer",
                            "Parallel Aware": false,
                            "Index Name": "company_id_movie_companies",
                            "Startup Cost": 0.0,
                            "Total Cost": 6303.38,
                            "Plan Rows": 294260,
                            "Plan Width": 0,
                            "Actual Startup Time": 17.058,
                            "Actual Total Time": 17.059,
                            "Actual Rows": 293073,
                            "Actual Loops": 1,
                            "Index Cond": "(company_id > 94785)"
                          }
                        ]
                      },
                      {
                        "Node Type": "Hash",
                        "Parent Relationship": "Inner",
                        "Parallel Aware": true,
                        "Startup Cost": 58306.47,
                        "Total Cost": 58306.47,
                        "Plan Rows": 19693,
                        "Plan Width": 4,
                        "Actual Startup Time": 161.997,
                        "Actual Total Time": 161.998,
                        "Actual Rows": 17584,
                        "Actual Loops": 2,
                        "Hash Buckets": 65536,
                        "Original Hash Buckets": 65536,
                        "Hash Batches": 1,
                        "Original Hash Batches": 1,
                        "Peak Memory Usage": 1920,
                        "Plans": [
                          {
                            "Node Type": "Seq Scan",
                            "Parent Relationship": "Outer",
                            "Parallel Aware": true,
                            "Relation Name": "title",
                            "Alias": "t",
                            "Startup Cost": 0.0,
                            "Total Cost": 58306.47,
                            "Plan Rows": 19693,
                            "Plan Width": 4,
                            "Actual Startup Time": 0.062,
                            "Actual Total Time": 155.633,
                            "Actual Rows": 17584,
                            "Actual Loops": 2,
                            "Filter": "((kind_id > 4) AND (production_year = 1999))",
                            "Rows Removed by Filter": 1246572
                          }
                        ]
                      }
                    ]
                  },
                  {
                    "Node Type": "Index Scan",
                    "Parent Relationship": "Inner",
                    "Parallel Aware": false,
                    "Scan Direction": "Forward",
                    "Index Name": "movie_id_movie_info",
                    "Relation Name": "movie_info",
                    "Alias": "mi",
                    "Startup Cost": 0.43,
                    "Total Cost": 4.21,
                    "Plan Rows": 20,
                    "Plan Width": 4,
                    "Actual Startup Time": 0.021,
                    "Actual Total Time": 0.047,
                    "Actual Rows": 5,
                    "Actual Loops": 190,
                    "Index Cond": "(movie_id = mc.movie_id)",
                    "Rows Removed by Index Recheck": 0,
                    "Filter": "(info_type_id < 8)",
                    "Rows Removed by Filter": 5
                  }
                ]
              }
            ]
          }
        ]
      }
    ]
  },
  "Planning Time": 0.995,
  "Triggers": [],
  "Execution Time": 254.64
}