[
  {
    "Plan": {
      "Node Type": "Aggregate",
      "Strategy": "Plain",
      "Partial Mode": "Finalize",
      "Parallel Aware": false,
      "Startup Cost": 97742.27,
      "Total Cost": 97742.28,
      "Plan Rows": 1,
      "Plan Width": 8,
      "Actual Startup Time": 718.634,
      "Actual Total Time": 735.031,
      "Actual Rows": 1,
      "Actual Loops": 1,
      "Plans": [
        {
          "Node Type": "Gather",
          "Parent Relationship": "Outer",
          "Parallel Aware": false,
          "Startup Cost": 97742.06,
          "Total Cost": 97742.27,
          "Plan Rows": 2,
          "Plan Width": 8,
          "Actual Startup Time": 713.385,
          "Actual Total Time": 735.007,
          "Actual Rows": 3,
          "Actual Loops": 1,
          "Workers Planned": 2,
          "Workers Launched": 2,
          "Single Copy": false,
          "Plans": [
            {
              "Node Type": "Aggregate",
              "Strategy": "Plain",
              "Partial Mode": "Partial",
              "Parent Relationship": "Outer",
              "Parallel Aware": false,
              "Startup Cost": 96742.06,
              "Total Cost": 96742.07,
              "Plan Rows": 1,
              "Plan Width": 8,
              "Actual Startup Time": 705.533,
              "Actual Total Time": 705.818,
              "Actual Rows": 1,
              "Actual Loops": 3,
              "Plans": [
                {
                  "Node Type": "Hash Join",
                  "Parent Relationship": "Outer",
                  "Parallel Aware": true,
                  "Join Type": "Inner",
                  "Startup Cost": 79897.71,
                  "Total Cost": 96599.24,
                  "Plan Rows": 57129,
                  "Plan Width": 0,
                  "Actual Startup Time": 583.99,
                  "Actual Total Time": 697.24,
                  "Actual Rows": 215773,
                  "Actual Loops": 3,
                  "Inner Unique": false,
                  "Hash Cond": "(mi_idx.movie_id = t.id)",
                  "Plans": [
                    {
                      "Node Type": "Seq Scan",
                      "Parent Relationship": "Outer",
                      "Parallel Aware": true,
                      "Relation Name": "movie_info_idx",
                      "Alias": "mi_idx",
                      "Startup Cost": 0.0,
                      "Total Cost": 15122.68,
                      "Plan Rows": 382940,
                      "Plan Width": 4,
                      "Actual Startup Time": 0.028,
                      "Actual Total Time": 42.55,
                      "Actual Rows": 306617,
                      "Actual Loops": 3,
                      "Filter": "(info_type_id < 101)",
                      "Rows Removed by Filter": 153395
                    },
                    {
                      "Node Type": "Hash",
                      "Parent Relationship": "Inner",
                      "Parallel Aware": true,
                      "Startup Cost": 78719.01,
                      "Total Cost": 78719.01,
                      "Plan Rows": 94296,
                      "Plan Width": 8,
                      "Actual Startup Time": 579.357,
                      "Actual Total Time": 579.641,
                      "Actual Rows": 234266,
                      "Actual Loops": 3,
                      "Hash Buckets": 1048576,
                      "Original Hash Buckets": 524288,
                      "Hash Batches": 1,
                      "Original Hash Batches": 1,
                      "Peak Memory Usage": 39808,
                      "Plans": [
                        {
                          "Node Type": "Hash Join",
                          "Parent Relationship": "Outer",
                          "Parallel Aware": true,
                          "Join Type": "Inner",
                          "Startup Cost": 32935.73,
                          "Total Cost": 78719.01,
                          "Plan Rows": 94296,
                          "Plan Width": 8,
                          "Actual Startup Time": 177.288,
                          "Actual Total Time": 499.577,
                          "Actual Rows": 234266,
                          "Actual Loops": 3,
                          "Inner Unique": false,
                          "Hash Cond": "(t.id = mc.movie_id)",
                          "Plans": [
                            {
                              "Node Type": "Seq Scan",
                              "Parent Relationship": "Outer",
                              "Parallel Aware": true,
                              "Relation Name": "title",
                              "Alias": "t",
                              "Startup Cost": 0.0,
                              "Total Cost": 42318.73,
                              "Plan Rows": 632073,
                              "Plan Width": 4,
                              "Actual Startup Time": 0.011,
                              "Actual Total Time": 92.241,
                              "Actual Rows": 842771,
                              "Actual Loops": 3
                            },
                            {
                              "Node Type": "Hash",
                              "Parent Relationship": "Inner",
                              "Parallel Aware": true,
                              "Startup Cost": 31414.82,
                              "Total Cost": 31414.82,
                              "Plan Rows": 121673,
                              "Plan Width": 4,
                              "Actual Startup Time": 174.767,
                              "Actual Total Time": 174.768,
                              "Actual Rows": 234266,
                              "Actual Loops": 3,
                              "Hash Buckets": 1048576,
                              "Original Hash Buckets": 524288,
                              "Hash Batches": 1,
                              "Original Hash Batches": 1,
                              "Peak Memory Usage": 39840,
                              "Plans": [
                                {
                                  "Node Type": "Seq Scan",
                                  "Parent Relationship": "Outer",
                                  "Parallel Aware": true,
                                  "Relation Name": "movie_companies",
                                  "Alias": "mc",
                                  "Startup Cost": 0.0,
                                  "Total Cost": 31414.82,
                                  "Plan Rows": 121673,
                                  "Plan Width": 4,
                                  "Actual Startup Time": 54.315,
                                  "Actual Total Time": 102.017,
                                  "Actual Rows": 234266,
                                  "Actual Loops": 3,
                                  "Filter": "((company_id > 35769) AND (company_type_id = 2))",
                                  "Rows Removed by Filter": 635444
                                }
                              ]
                            }
                          ]
                        }
                      ]
                    }
                  ]
                }
              ]
            }
          ]
        }
      ]
    },
    "Planning Time": 1.444,
    "Triggers": [],
    "Execution Time": 735.125
  }
]