[
    {
        "Bao": {
            "Bao prediction": "NaN",
            "Bao recommended hint": "(no hint)"
        }
    },
    {
        "Plan": {
            "Node Type": "Aggregate",
            "Strategy": "Plain",
            "Partial Mode": "Finalize",
            "Parallel Aware": false,
            "Startup Cost": 72570.08,
            "Total Cost": 72570.09,
            "Plan Rows": 1,
            "Plan Width": 8,
            "Actual Startup Time": 135.688,
            "Actual Total Time": 145.684,
            "Actual Rows": 1,
            "Actual Loops": 1,
            "Output": [
                "count(*)"
            ],
            "Plans": [
                {
                    "Node Type": "Gather",
                    "Parent Relationship": "Outer",
                    "Parallel Aware": false,
                    "Startup Cost": 72569.77,
                    "Total Cost": 72570.08,
                    "Plan Rows": 3,
                    "Plan Width": 8,
                    "Actual Startup Time": 135.313,
                    "Actual Total Time": 145.676,
                    "Actual Rows": 4,
                    "Actual Loops": 1,
                    "Output": [
                        "(PARTIAL count(*))"
                    ],
                    "Workers Planned": 3,
                    "Workers Launched": 3,
                    "Single Copy": false,
                    "Plans": [
                        {
                            "Node Type": "Aggregate",
                            "Strategy": "Plain",
                            "Partial Mode": "Partial",
                            "Parent Relationship": "Outer",
                            "Parallel Aware": false,
                            "Startup Cost": 71569.77,
                            "Total Cost": 71569.78,
                            "Plan Rows": 1,
                            "Plan Width": 8,
                            "Actual Startup Time": 126.36,
                            "Actual Total Time": 126.363,
                            "Actual Rows": 1,
                            "Actual Loops": 4,
                            "Output": [
                                "PARTIAL count(*)"
                            ],
                            "Workers": [
                                {
                                    "Worker Number": 0,
                                    "Actual Startup Time": 123.035,
                                    "Actual Total Time": 123.038,
                                    "Actual Rows": 1,
                                    "Actual Loops": 1
                                },
                                {
                                    "Worker Number": 1,
                                    "Actual Startup Time": 123.624,
                                    "Actual Total Time": 123.627,
                                    "Actual Rows": 1,
                                    "Actual Loops": 1
                                },
                                {
                                    "Worker Number": 2,
                                    "Actual Startup Time": 123.916,
                                    "Actual Total Time": 123.919,
                                    "Actual Rows": 1,
                                    "Actual Loops": 1
                                }
                            ],
                            "Plans": [
                                {
                                    "Node Type": "Hash Join",
                                    "Parent Relationship": "Outer",
                                    "Parallel Aware": true,
                                    "Join Type": "Inner",
                                    "Startup Cost": 46837.47,
                                    "Total Cost": 71568.9,
                                    "Plan Rows": 346,
                                    "Plan Width": 0,
                                    "Actual Startup Time": 103.469,
                                    "Actual Total Time": 126.342,
                                    "Actual Rows": 117,
                                    "Actual Loops": 4,
                                    "Inner Unique": true,
                                    "Hash Cond": "(mk.movie_id = t.id)",
                                    "Workers": [
                                        {
                                            "Worker Number": 0,
                                            "Actual Startup Time": 100.42,
                                            "Actual Total Time": 123.02,
                                            "Actual Rows": 83,
                                            "Actual Loops": 1
                                        },
                                        {
                                            "Worker Number": 1,
                                            "Actual Startup Time": 100.632,
                                            "Actual Total Time": 123.606,
                                            "Actual Rows": 101,
                                            "Actual Loops": 1
                                        },
                                        {
                                            "Worker Number": 2,
                                            "Actual Startup Time": 101.507,
                                            "Actual Total Time": 123.901,
                                            "Actual Rows": 79,
                                            "Actual Loops": 1
                                        }
                                    ],
                                    "Plans": [
                                        {
                                            "Node Type": "Bitmap Heap Scan",
                                            "Parent Relationship": "Outer",
                                            "Parallel Aware": true,
                                            "Relation Name": "movie_keyword",
                                            "Schema": "public",
                                            "Alias": "mk",
                                            "Startup Cost": 1209.12,
                                            "Total Cost": 25892.41,
                                            "Plan Rows": 18343,
                                            "Plan Width": 4,
                                            "Actual Startup Time": 8.844,
                                            "Actual Total Time": 29.03,
                                            "Actual Rows": 12505,
                                            "Actual Loops": 4,
                                            "Output": [
                                                "mk.id",
                                                "mk.movie_id",
                                                "mk.keyword_id"
                                            ],
                                            "Recheck Cond": "(mk.keyword_id < 51)",
                                            "Rows Removed by Index Recheck": 0,
                                            "Exact Heap Blocks": 7600,
                                            "Lossy Heap Blocks": 0,
                                            "Workers": [
                                                {
                                                    "Worker Number": 0,
                                                    "Actual Startup Time": 9.066,
                                                    "Actual Total Time": 29.468,
                                                    "Actual Rows": 7878,
                                                    "Actual Loops": 1
                                                },
                                                {
                                                    "Worker Number": 1,
                                                    "Actual Startup Time": 8.773,
                                                    "Actual Total Time": 29.484,
                                                    "Actual Rows": 9465,
                                                    "Actual Loops": 1
                                                },
                                                {
                                                    "Worker Number": 2,
                                                    "Actual Startup Time": 8.814,
                                                    "Actual Total Time": 29.524,
                                                    "Actual Rows": 9775,
                                                    "Actual Loops": 1
                                                }
                                            ],
                                            "Plans": [
                                                {
                                                    "Node Type": "Bitmap Index Scan",
                                                    "Parent Relationship": "Outer",
                                                    "Parallel Aware": false,
                                                    "Index Name": "keyword_id_movie_keyword",
                                                    "Startup Cost": 0.0,
                                                    "Total Cost": 1194.9,
                                                    "Plan Rows": 56863,
                                                    "Plan Width": 0,
                                                    "Actual Startup Time": 6.507,
                                                    "Actual Total Time": 6.507,
                                                    "Actual Rows": 50021,
                                                    "Actual Loops": 1,
                                                    "Index Cond": "(mk.keyword_id < 51)"
                                                }
                                            ]
                                        },
                                        {
                                            "Node Type": "Hash",
                                            "Parent Relationship": "Inner",
                                            "Parallel Aware": true,
                                            "Startup Cost": 45479.21,
                                            "Total Cost": 45479.21,
                                            "Plan Rows": 11931,
                                            "Plan Width": 4,
                                            "Actual Startup Time": 93.505,
                                            "Actual Total Time": 93.506,
                                            "Actual Rows": 11256,
                                            "Actual Loops": 4,
                                            "Output": [
                                                "t.id"
                                            ],
                                            "Hash Buckets": 65536,
                                            "Original Hash Buckets": 65536,
                                            "Hash Batches": 1,
                                            "Original Hash Batches": 1,
                                            "Peak Memory Usage": 2368,
                                            "Workers": [
                                                {
                                                    "Worker Number": 0,
                                                    "Actual Startup Time": 90.293,
                                                    "Actual Total Time": 90.294,
                                                    "Actual Rows": 9148,
                                                    "Actual Loops": 1
                                                },
                                                {
                                                    "Worker Number": 1,
                                                    "Actual Startup Time": 90.934,
                                                    "Actual Total Time": 90.935,
                                                    "Actual Rows": 9066,
                                                    "Actual Loops": 1
                                                },
                                                {
                                                    "Worker Number": 2,
                                                    "Actual Startup Time": 91.181,
                                                    "Actual Total Time": 91.182,
                                                    "Actual Rows": 9305,
                                                    "Actual Loops": 1
                                                }
                                            ],
                                            "Plans": [
                                                {
                                                    "Node Type": "Seq Scan",
                                                    "Parent Relationship": "Outer",
                                                    "Parallel Aware": true,
                                                    "Relation Name": "title",
                                                    "Schema": "public",
                                                    "Alias": "t",
                                                    "Startup Cost": 0.0,
                                                    "Total Cost": 45479.21,
                                                    "Plan Rows": 11931,
                                                    "Plan Width": 4,
                                                    "Actual Startup Time": 0.054,
                                                    "Actual Total Time": 88.6,
                                                    "Actual Rows": 11256,
                                                    "Actual Loops": 4,
                                                    "Output": [
                                                        "t.id"
                                                    ],
                                                    "Filter": "((t.kind_id > 1) AND (t.production_year = 2013))",
                                                    "Rows Removed by Filter": 620822,
                                                    "Workers": [
                                                        {
                                                            "Worker Number": 0,
                                                            "Actual Startup Time": 0.071,
                                                            "Actual Total Time": 85.137,
                                                            "Actual Rows": 9148,
                                                            "Actual Loops": 1
                                                        },
                                                        {
                                                            "Worker Number": 1,
                                                            "Actual Startup Time": 0.059,
                                                            "Actual Total Time": 86.481,
                                                            "Actual Rows": 9066,
                                                            "Actual Loops": 1
                                                        },
                                                        {
                                                            "Worker Number": 2,
                                                            "Actual Startup Time": 0.039,
                                                            "Actual Total Time": 86.695,
                                                            "Actual Rows": 9305,
                                                            "Actual Loops": 1
                                                        }
                                                    ]
                                                }
                                            ]
                                        }
                                    ]
                                }
                            ]
                        }
                    ]
                }
            ]
        },
        "Planning Time": 213.346,
        "Triggers": [],
        "Execution Time": 145.771
    }
]