[
  {
    "Plan": {
      "Node Type": "Aggregate",
      "Strategy": "Plain",
      "Partial Mode": "Finalize",
      "Parallel Aware": false,
      "Startup Cost": 321668.32,
      "Total Cost": 321668.33,
      "Plan Rows": 1,
      "Plan Width": 8,
      "Actual Startup Time": 283.332,
      "Actual Total Time": 336.856,
      "Actual Rows": 1,
      "Actual Loops": 1,
      "Plans": [
        {
          "Node Type": "Gather",
          "Parent Relationship": "Outer",
          "Parallel Aware": false,
          "Startup Cost": 321667.9,
          "Total Cost": 321668.31,
          "Plan Rows": 4,
          "Plan Width": 8,
          "Actual Startup Time": 282.873,
          "Actual Total Time": 336.84,
          "Actual Rows": 5,
          "Actual Loops": 1,
          "Workers Planned": 4,
          "Workers Launched": 4,
          "Single Copy": false,
          "Plans": [
            {
              "Node Type": "Aggregate",
              "Strategy": "Plain",
              "Partial Mode": "Partial",
              "Parent Relationship": "Outer",
              "Parallel Aware": false,
              "Startup Cost": 320667.9,
              "Total Cost": 320667.91,
              "Plan Rows": 1,
              "Plan Width": 8,
              "Actual Startup Time": 272.417,
              "Actual Total Time": 272.422,
              "Actual Rows": 1,
              "Actual Loops": 5,
              "Plans": [
                {
                  "Node Type": "Nested Loop",
                  "Parent Relationship": "Outer",
                  "Parallel Aware": false,
                  "Join Type": "Inner",
                  "Startup Cost": 1703.72,
                  "Total Cost": 320463.23,
                  "Plan Rows": 81868,
                  "Plan Width": 0,
                  "Actual Startup Time": 21.709,
                  "Actual Total Time": 266.965,
                  "Actual Rows": 37768,
                  "Actual Loops": 5,
                  "Inner Unique": false,
                  "Plans": [
                    {
                      "Node Type": "Bitmap Heap Scan",
                      "Parent Relationship": "Outer",
                      "Parallel Aware": true,
                      "Relation Name": "title",
                      "Alias": "t",
                      "Startup Cost": 1703.16,
                      "Total Cost": 38057.67,
                      "Plan Rows": 5710,
                      "Plan Width": 4,
                      "Actual Startup Time": 21.465,
                      "Actual Total Time": 52.569,
                      "Actual Rows": 4051,
                      "Actual Loops": 5,
                      "Recheck Cond": "(kind_id = 2)",
                      "Rows Removed by Index Recheck": 0,
                      "Filter": "(production_year < 1987)",
                      "Rows Removed by Filter": 14119,
                      "Exact Heap Blocks": 10851,
                      "Lossy Heap Blocks": 0,
                      "Plans": [
                        {
                          "Node Type": "Bitmap Index Scan",
                          "Parent Relationship": "Outer",
                          "Parallel Aware": false,
                          "Index Name": "kind_id_title",
                          "Startup Cost": 0.0,
                          "Total Cost": 1697.45,
                          "Plan Rows": 95069,
                          "Plan Width": 0,
                          "Actual Startup Time": 23.186,
                          "Actual Total Time": 23.189,
                          "Actual Rows": 90852,
                          "Actual Loops": 1,
                          "Index Cond": "(kind_id = 2)"
                        }
                      ]
                    },
                    {
                      "Node Type": "Index Only Scan",
                      "Parent Relationship": "Inner",
                      "Parallel Aware": false,
                      "Scan Direction": "Forward",
                      "Index Name": "movie_id_cast_info",
                      "Relation Name": "cast_info",
                      "Alias": "ci",
                      "Startup Cost": 0.56,
                      "Total Cost": 49.11,
                      "Plan Rows": 35,
                      "Plan Width": 4,
                      "Actual Startup Time": 0.013,
                      "Actual Total Time": 0.051,
                      "Actual Rows": 9,
                      "Actual Loops": 20257,
                      "Index Cond": "(movie_id = t.id)",
                      "Rows Removed by Index Recheck": 0,
                      "Heap Fetches": 188841
                    }
                  ]
                }
              ]
            }
          ]
        }
      ]
    },
    "Planning Time": 0.642,
    "Triggers": [],
    "Execution Time": 336.978
  }
]