[
  {
    "Plan": {
      "Node Type": "Aggregate",
      "Strategy": "Plain",
      "Partial Mode": "Finalize",
      "Parallel Aware": false,
      "Startup Cost": 33074.11,
      "Total Cost": 33074.12,
      "Plan Rows": 1,
      "Plan Width": 8,
      "Actual Startup Time": 99.433,
      "Actual Total Time": 107.052,
      "Actual Rows": 1,
      "Actual Loops": 1,
      "Plans": [
        {
          "Node Type": "Gather",
          "Parent Relationship": "Outer",
          "Parallel Aware": false,
          "Startup Cost": 33073.79,
          "Total Cost": 33074.1,
          "Plan Rows": 3,
          "Plan Width": 8,
          "Actual Startup Time": 99.297,
          "Actual Total Time": 107.045,
          "Actual Rows": 4,
          "Actual Loops": 1,
          "Workers Planned": 3,
          "Workers Launched": 3,
          "Single Copy": false,
          "Plans": [
            {
              "Node Type": "Aggregate",
              "Strategy": "Plain",
              "Partial Mode": "Partial",
              "Parent Relationship": "Outer",
              "Parallel Aware": false,
              "Startup Cost": 32073.79,
              "Total Cost": 32073.8,
              "Plan Rows": 1,
              "Plan Width": 8,
              "Actual Startup Time": 91.206,
              "Actual Total Time": 91.207,
              "Actual Rows": 1,
              "Actual Loops": 4,
              "Plans": [
                {
                  "Node Type": "Seq Scan",
                  "Parent Relationship": "Outer",
                  "Parallel Aware": true,
                  "Relation Name": "movie_companies",
                  "Alias": "mc",
                  "Startup Cost": 0.0,
                  "Total Cost": 31414.82,
                  "Plan Rows": 263589,
                  "Plan Width": 0,
                  "Actual Startup Time": 3.344,
                  "Actual Total Time": 83.147,
                  "Actual Rows": 152800,
                  "Actual Loops": 4,
                  "Filter": "((company_id > 3458) AND (company_type_id = 1))",
                  "Rows Removed by Filter": 499482
                }
              ]
            }
          ]
        }
      ]
    },
    "Planning Time": 0.192,
    "Triggers": [],
    "Execution Time": 107.103
  }
]