{
  "Plan": {
    "Node Type": "Aggregate",
    "Strategy": "Plain",
    "Partial Mode": "Finalize",
    "Parallel Aware": false,
    "Startup Cost": 174962.96,
    "Total Cost": 174962.97,
    "Plan Rows": 1,
    "Plan Width": 8,
    "Actual Startup Time": 1175.304,
    "Actual Total Time": 1200.755,
    "Actual Rows": 1,
    "Actual Loops": 1,
    "Plans": [
      {
        "Node Type": "Gather",
        "Parent Relationship": "Outer",
        "Parallel Aware": false,
        "Startup Cost": 174962.85,
        "Total Cost": 174962.96,
        "Plan Rows": 1,
        "Plan Width": 8,
        "Actual Startup Time": 1172.788,
        "Actual Total Time": 1200.744,
        "Actual Rows": 2,
        "Actual Loops": 1,
        "Workers Planned": 1,
        "Workers Launched": 1,
        "Single Copy": false,
        "Plans": [
          {
            "Node Type": "Aggregate",
            "Strategy": "Plain",
            "Partial Mode": "Partial",
            "Parent Relationship": "Outer",
            "Parallel Aware": false,
            "Startup Cost": 173962.85,
            "Total Cost": 173962.86,
            "Plan Rows": 1,
            "Plan Width": 8,
            "Actual Startup Time": 1166.313,
            "Actual Total Time": 1166.32,
            "Actual Rows": 1,
            "Actual Loops": 2,
            "Plans": [
              {
                "Node Type": "Hash Join",
                "Parent Relationship": "Outer",
                "Parallel Aware": true,
                "Join Type": "Inner",
                "Startup Cost": 105308.84,
                "Total Cost": 173295.98,
                "Plan Rows": 266749,
                "Plan Width": 0,
                "Actual Startup Time": 666.31,
                "Actual Total Time": 1136.498,
                "Actual Rows": 620004,
                "Actual Loops": 2,
                "Inner Unique": false,
                "Hash Cond": "(mk.movie_id = t.id)",
                "Plans": [
                  {
                    "Node Type": "Seq Scan",
                    "Parent Relationship": "Outer",
                    "Parallel Aware": true,
                    "Relation Name": "movie_keyword",
                    "Alias": "mk",
                    "Startup Cost": 0.0,
                    "Total Cost": 57718.19,
                    "Plan Rows": 2319955,
                    "Plan Width": 4,
                    "Actual Startup Time": 0.2,
                    "Actual Total Time": 244.936,
                    "Actual Rows": 1966545,
                    "Actual Loops": 2,
                    "Filter": "(keyword_id > 429)",
                    "Rows Removed by Filter": 295420
                  },
                  {
                    "Node Type": "Hash",
                    "Parent Relationship": "Inner",
                    "Parallel Aware": true,
                    "Startup Cost": 103171.32,
                    "Total Cost": 103171.32,
                    "Plan Rows": 171002,
                    "Plan Width": 8,
                    "Actual Startup Time": 659.74,
                    "Actual Total Time": 659.745,
                    "Actual Rows": 163532,
                    "Actual Loops": 2,
                    "Hash Buckets": 524288,
                    "Original Hash Buckets": 524288,
                    "Hash Batches": 1,
                    "Original Hash Batches": 1,
                    "Peak Memory Usage": 16928,
                    "Plans": [
                      {
                        "Node Type": "Hash Join",
                        "Parent Relationship": "Outer",
                        "Parallel Aware": true,
                        "Join Type": "Inner",
                        "Startup Cost": 59739.61,
                        "Total Cost": 103171.32,
                        "Plan Rows": 171002,
                        "Plan Width": 8,
                        "Actual Startup Time": 400.691,
                        "Actual Total Time": 608.972,
                        "Actual Rows": 163532,
                        "Actual Loops": 2,
                        "Inner Unique": true,
                        "Hash Cond": "(mc.movie_id = t.id)",
                        "Plans": [
                          {
                            "Node Type": "Seq Scan",
                            "Parent Relationship": "Outer",
                            "Parallel Aware": true,
                            "Relation Name": "movie_companies",
                            "Alias": "mc",
                            "Startup Cost": 0.0,
                            "Total Cost": 41811.73,
                            "Plan Rows": 617134,
                            "Plan Width": 4,
                            "Actual Startup Time": 62.827,
                            "Actual Total Time": 144.212,
                            "Actual Rows": 389204,
                            "Actual Loops": 2,
                            "Filter": "((company_id < 71738) AND (company_type_id = 2))",
                            "Rows Removed by Filter": 915360
                          },
                          {
                            "Node Type": "Hash",
                            "Parent Relationship": "Inner",
                            "Parallel Aware": true,
                            "Startup Cost": 54588.39,
                            "Total Cost": 54588.39,
                            "Plan Rows": 412098,
                            "Plan Width": 4,
                            "Actual Startup Time": 330.731,
                            "Actual Total Time": 330.732,
                            "Actual Rows": 353593,
                            "Actual Loops": 2,
                            "Hash Buckets": 1048576,
                            "Original Hash Buckets": 1048576,
                            "Hash Batches": 1,
                            "Original Hash Batches": 1,
                            "Peak Memory Usage": 35904,
                            "Plans": [
                              {
                                "Node Type": "Seq Scan",
                                "Parent Relationship": "Outer",
                                "Parallel Aware": true,
                                "Relation Name": "title",
                                "Alias": "t",
                                "Startup Cost": 0.0,
                                "Total Cost": 54588.39,
                                "Plan Rows": 412098,
                                "Plan Width": 4,
                                "Actual Startup Time": 0.052,
                                "Actual Total Time": 194.61,
                                "Actual Rows": 353593,
                                "Actual Loops": 2,
                                "Filter": "(production_year < 1991)",
                                "Rows Removed by Filter": 910563
                              }
                            ]
                          }
                        ]
                      }
                    ]
                  }
                ]
              }
            ]
          }
        ]
      }
    ]
  },
  "Planning Time": 0.957,
  "Triggers": [],
  "Execution Time": 1200.849
}