{
  "Plan": {
    "Node Type": "Aggregate",
    "Strategy": "Plain",
    "Partial Mode": "Finalize",
    "Parallel Aware": false,
    "Startup Cost": 273380.26,
    "Total Cost": 273380.27,
    "Plan Rows": 1,
    "Plan Width": 8,
    "Actual Startup Time": 1758.28,
    "Actual Total Time": 1778.961,
    "Actual Rows": 1,
    "Actual Loops": 1,
    "Plans": [
      {
        "Node Type": "Gather",
        "Parent Relationship": "Outer",
        "Parallel Aware": false,
        "Startup Cost": 273380.15,
        "Total Cost": 273380.26,
        "Plan Rows": 1,
        "Plan Width": 8,
        "Actual Startup Time": 1756.202,
        "Actual Total Time": 1778.954,
        "Actual Rows": 2,
        "Actual Loops": 1,
        "Workers Planned": 1,
        "Workers Launched": 1,
        "Single Copy": false,
        "Plans": [
          {
            "Node Type": "Aggregate",
            "Strategy": "Plain",
            "Partial Mode": "Partial",
            "Parent Relationship": "Outer",
            "Parallel Aware": false,
            "Startup Cost": 272380.15,
            "Total Cost": 272380.16,
            "Plan Rows": 1,
            "Plan Width": 8,
            "Actual Startup Time": 1747.321,
            "Actual Total Time": 1747.326,
            "Actual Rows": 1,
            "Actual Loops": 2,
            "Plans": [
              {
                "Node Type": "Nested Loop",
                "Parent Relationship": "Outer",
                "Parallel Aware": false,
                "Join Type": "Inner",
                "Startup Cost": 81072.16,
                "Total Cost": 271750.3,
                "Plan Rows": 251941,
                "Plan Width": 0,
                "Actual Startup Time": 435.801,
                "Actual Total Time": 1676.785,
                "Actual Rows": 1708330,
                "Actual Loops": 2,
                "Inner Unique": false,
                "Plans": [
                  {
                    "Node Type": "Hash Join",
                    "Parent Relationship": "Outer",
                    "Parallel Aware": true,
                    "Join Type": "Inner",
                    "Startup Cost": 81071.73,
                    "Total Cost": 112512.88,
                    "Plan Rows": 244135,
                    "Plan Width": 8,
                    "Actual Startup Time": 435.684,
                    "Actual Total Time": 647.341,
                    "Actual Rows": 276674,
                    "Actual Loops": 2,
                    "Inner Unique": true,
                    "Hash Cond": "(mk.movie_id = t.id)",
                    "Plans": [
                      {
                        "Node Type": "Bitmap Heap Scan",
                        "Parent Relationship": "Outer",
                        "Parallel Aware": true,
                        "Relation Name": "movie_keyword",
                        "Alias": "mk",
                        "Startup Cost": 16658.76,
                        "Total Cost": 46887.27,
                        "Plan Rows": 461961,
                        "Plan Width": 4,
                        "Actual Startup Time": 39.632,
                        "Actual Total Time": 131.405,
                        "Actual Rows": 398927,
                        "Actual Loops": 2,
                        "Recheck Cond": "(keyword_id < 769)",
                        "Rows Removed by Index Recheck": 0,
                        "Exact Heap Blocks": 12446,
                        "Lossy Heap Blocks": 0,
                        "Plans": [
                          {
                            "Node Type": "Bitmap Index Scan",
                            "Parent Relationship": "Outer",
                            "Parallel Aware": false,
                            "Index Name": "keyword_id_movie_keyword",
                            "Startup Cost": 0.0,
                            "Total Cost": 16462.43,
                            "Plan Rows": 785333,
                            "Plan Width": 0,
                            "Actual Startup Time": 36.036,
                            "Actual Total Time": 36.037,
                            "Actual Rows": 797854,
                            "Actual Loops": 1,
                            "Index Cond": "(keyword_id < 769)"
                          }
                        ]
                      },
                      {
                        "Node Type": "Hash",
                        "Parent Relationship": "Inner",
                        "Parallel Aware": true,
                        "Startup Cost": 54588.39,
                        "Total Cost": 54588.39,
                        "Plan Rows": 785966,
                        "Plan Width": 4,
                        "Actual Startup Time": 381.252,
                        "Actual Total Time": 381.253,
                        "Actual Rows": 674146,
                        "Actual Loops": 2,
                        "Hash Buckets": 2097152,
                        "Original Hash Buckets": 2097152,
                        "Hash Batches": 1,
                        "Original Hash Batches": 1,
                        "Peak Memory Usage": 69184,
                        "Plans": [
                          {
                            "Node Type": "Seq Scan",
                            "Parent Relationship": "Outer",
                            "Parallel Aware": true,
                            "Relation Name": "title",
                            "Alias": "t",
                            "Startup Cost": 0.0,
                            "Total Cost": 54588.39,
                            "Plan Rows": 785966,
                            "Plan Width": 4,
                            "Actual Startup Time": 0.034,
                            "Actual Total Time": 172.949,
                            "Actual Rows": 674146,
                            "Actual Loops": 2,
                            "Filter": "(production_year < 2005)",
                            "Rows Removed by Filter": 590010
                          }
                        ]
                      }
                    ]
                  },
                  {
                    "Node Type": "Index Only Scan",
                    "Parent Relationship": "Inner",
                    "Parallel Aware": false,
                    "Scan Direction": "Forward",
                    "Index Name": "movie_id_movie_companies",
                    "Relation Name": "movie_companies",
                    "Alias": "mc",
                    "Startup Cost": 0.43,
                    "Total Cost": 0.6,
                    "Plan Rows": 5,
                    "Plan Width": 4,
                    "Actual Startup Time": 0.002,
                    "Actual Total Time": 0.003,
                    "Actual Rows": 6,
                    "Actual Loops": 553348,
                    "Index Cond": "(movie_id = t.id)",
                    "Rows Removed by Index Recheck": 0,
                    "Heap Fetches": 3416659
                  }
                ]
              }
            ]
          }
        ]
      }
    ]
  },
  "Planning Time": 0.937,
  "Triggers": [],
  "Execution Time": 1779.065
}