[
    {
        "Bao": {
            "Bao prediction": "NaN",
            "Bao recommended hint": "(no hint)"
        }
    },
    {
        "Plan": {
            "Node Type": "Aggregate",
            "Strategy": "Plain",
            "Partial Mode": "Finalize",
            "Parallel Aware": false,
            "Startup Cost": 25875.83,
            "Total Cost": 25875.84,
            "Plan Rows": 1,
            "Plan Width": 8,
            "Actual Startup Time": 61.003,
            "Actual Total Time": 65.238,
            "Actual Rows": 1,
            "Actual Loops": 1,
            "Output": [
                "count(*)"
            ],
            "Plans": [
                {
                    "Node Type": "Gather",
                    "Parent Relationship": "Outer",
                    "Parallel Aware": false,
                    "Startup Cost": 25875.51,
                    "Total Cost": 25875.82,
                    "Plan Rows": 3,
                    "Plan Width": 8,
                    "Actual Startup Time": 60.768,
                    "Actual Total Time": 65.231,
                    "Actual Rows": 4,
                    "Actual Loops": 1,
                    "Output": [
                        "(PARTIAL count(*))"
                    ],
                    "Workers Planned": 3,
                    "Workers Launched": 3,
                    "Single Copy": false,
                    "Plans": [
                        {
                            "Node Type": "Aggregate",
                            "Strategy": "Plain",
                            "Partial Mode": "Partial",
                            "Parent Relationship": "Outer",
                            "Parallel Aware": false,
                            "Startup Cost": 24875.51,
                            "Total Cost": 24875.52,
                            "Plan Rows": 1,
                            "Plan Width": 8,
                            "Actual Startup Time": 52.368,
                            "Actual Total Time": 52.369,
                            "Actual Rows": 1,
                            "Actual Loops": 4,
                            "Output": [
                                "PARTIAL count(*)"
                            ],
                            "Workers": [
                                {
                                    "Worker Number": 0,
                                    "Actual Startup Time": 49.4,
                                    "Actual Total Time": 49.401,
                                    "Actual Rows": 1,
                                    "Actual Loops": 1
                                },
                                {
                                    "Worker Number": 1,
                                    "Actual Startup Time": 49.592,
                                    "Actual Total Time": 49.593,
                                    "Actual Rows": 1,
                                    "Actual Loops": 1
                                },
                                {
                                    "Worker Number": 2,
                                    "Actual Startup Time": 49.955,
                                    "Actual Total Time": 49.957,
                                    "Actual Rows": 1,
                                    "Actual Loops": 1
                                }
                            ],
                            "Plans": [
                                {
                                    "Node Type": "Bitmap Heap Scan",
                                    "Parent Relationship": "Outer",
                                    "Parallel Aware": true,
                                    "Relation Name": "movie_companies",
                                    "Schema": "public",
                                    "Alias": "mc",
                                    "Startup Cost": 4896.32,
                                    "Total Cost": 24785.7,
                                    "Plan Rows": 35925,
                                    "Plan Width": 0,
                                    "Actual Startup Time": 7.052,
                                    "Actual Total Time": 49.049,
                                    "Actual Rows": 43875,
                                    "Actual Loops": 4,
                                    "Recheck Cond": "(mc.company_id < 84)",
                                    "Rows Removed by Index Recheck": 0,
                                    "Filter": "(mc.company_type_id < 2)",
                                    "Rows Removed by Filter": 12984,
                                    "Exact Heap Blocks": 10262,
                                    "Lossy Heap Blocks": 0,
                                    "Workers": [
                                        {
                                            "Worker Number": 0,
                                            "Actual Startup Time": 4.204,
                                            "Actual Total Time": 46.474,
                                            "Actual Rows": 19982,
                                            "Actual Loops": 1
                                        },
                                        {
                                            "Worker Number": 1,
                                            "Actual Startup Time": 4.34,
                                            "Actual Total Time": 46.772,
                                            "Actual Rows": 18973,
                                            "Actual Loops": 1
                                        },
                                        {
                                            "Worker Number": 2,
                                            "Actual Startup Time": 4.656,
                                            "Actual Total Time": 47.065,
                                            "Actual Rows": 19552,
                                            "Actual Loops": 1
                                        }
                                    ],
                                    "Plans": [
                                        {
                                            "Node Type": "Bitmap Index Scan",
                                            "Parent Relationship": "Outer",
                                            "Parallel Aware": false,
                                            "Index Name": "company_id_movie_companies",
                                            "Startup Cost": 0.0,
                                            "Total Cost": 4868.48,
                                            "Plan Rows": 227206,
                                            "Plan Width": 0,
                                            "Actual Startup Time": 12.444,
                                            "Actual Total Time": 12.444,
                                            "Actual Rows": 227437,
                                            "Actual Loops": 1,
                                            "Index Cond": "(mc.company_id < 84)"
                                        }
                                    ]
                                }
                            ]
                        }
                    ]
                }
            ]
        },
        "Planning Time": 198.62,
        "Triggers": [],
        "Execution Time": 65.292
    }
]