[
  {
    "Plan": {
      "Node Type": "Aggregate",
      "Strategy": "Plain",
      "Partial Mode": "Finalize",
      "Parallel Aware": false,
      "Startup Cost": 72664.12,
      "Total Cost": 72664.13,
      "Plan Rows": 1,
      "Plan Width": 8,
      "Actual Startup Time": 232.977,
      "Actual Total Time": 251.901,
      "Actual Rows": 1,
      "Actual Loops": 1,
      "Plans": [
        {
          "Node Type": "Gather",
          "Parent Relationship": "Outer",
          "Parallel Aware": false,
          "Startup Cost": 72663.7,
          "Total Cost": 72664.11,
          "Plan Rows": 4,
          "Plan Width": 8,
          "Actual Startup Time": 232.304,
          "Actual Total Time": 251.893,
          "Actual Rows": 5,
          "Actual Loops": 1,
          "Workers Planned": 4,
          "Workers Launched": 4,
          "Single Copy": false,
          "Plans": [
            {
              "Node Type": "Aggregate",
              "Strategy": "Plain",
              "Partial Mode": "Partial",
              "Parent Relationship": "Outer",
              "Parallel Aware": false,
              "Startup Cost": 71663.7,
              "Total Cost": 71663.71,
              "Plan Rows": 1,
              "Plan Width": 8,
              "Actual Startup Time": 226.598,
              "Actual Total Time": 226.599,
              "Actual Rows": 1,
              "Actual Loops": 5,
              "Plans": [
                {
                  "Node Type": "Nested Loop",
                  "Parent Relationship": "Outer",
                  "Parallel Aware": false,
                  "Join Type": "Inner",
                  "Startup Cost": 0.87,
                  "Total Cost": 71661.08,
                  "Plan Rows": 1049,
                  "Plan Width": 0,
                  "Actual Startup Time": 1.847,
                  "Actual Total Time": 225.285,
                  "Actual Rows": 26351,
                  "Actual Loops": 5,
                  "Inner Unique": false,
                  "Join Filter": "(t.id = mi.movie_id)",
                  "Rows Removed by Join Filter": 0,
                  "Plans": [
                    {
                      "Node Type": "Nested Loop",
                      "Parent Relationship": "Outer",
                      "Parallel Aware": false,
                      "Join Type": "Inner",
                      "Startup Cost": 0.43,
                      "Total Cost": 65364.55,
                      "Plan Rows": 4280,
                      "Plan Width": 8,
                      "Actual Startup Time": 0.554,
                      "Actual Total Time": 84.101,
                      "Actual Rows": 10818,
                      "Actual Loops": 5,
                      "Inner Unique": false,
                      "Plans": [
                        {
                          "Node Type": "Seq Scan",
                          "Parent Relationship": "Outer",
                          "Parallel Aware": true,
                          "Relation Name": "title",
                          "Alias": "t",
                          "Startup Cost": 0.0,
                          "Total Cost": 45479.59,
                          "Plan Rows": 2392,
                          "Plan Width": 4,
                          "Actual Startup Time": 0.237,
                          "Actual Total Time": 63.507,
                          "Actual Rows": 2106,
                          "Actual Loops": 5,
                          "Filter": "((kind_id < 7) AND (production_year = 1993))",
                          "Rows Removed by Filter": 503557
                        },
                        {
                          "Node Type": "Index Only Scan",
                          "Parent Relationship": "Inner",
                          "Parallel Aware": false,
                          "Scan Direction": "Forward",
                          "Index Name": "movie_id_movie_keyword",
                          "Relation Name": "movie_keyword",
                          "Alias": "mk",
                          "Startup Cost": 0.43,
                          "Total Cost": 7.85,
                          "Plan Rows": 46,
                          "Plan Width": 4,
                          "Actual Startup Time": 0.008,
                          "Actual Total Time": 0.009,
                          "Actual Rows": 5,
                          "Actual Loops": 10528,
                          "Index Cond": "(movie_id = t.id)",
                          "Rows Removed by Index Recheck": 0,
                          "Heap Fetches": 54088
                        }
                      ]
                    },
                    {
                      "Node Type": "Index Scan",
                      "Parent Relationship": "Inner",
                      "Parallel Aware": false,
                      "Scan Direction": "Forward",
                      "Index Name": "movie_id_movie_info",
                      "Relation Name": "movie_info",
                      "Alias": "mi",
                      "Startup Cost": 0.43,
                      "Total Cost": 1.45,
                      "Plan Rows": 2,
                      "Plan Width": 4,
                      "Actual Startup Time": 0.005,
                      "Actual Total Time": 0.013,
                      "Actual Rows": 2,
                      "Actual Loops": 54088,
                      "Index Cond": "(movie_id = mk.movie_id)",
                      "Rows Removed by Index Recheck": 0,
                      "Filter": "(info_type_id = 18)",
                      "Rows Removed by Filter": 61
                    }
                  ]
                }
              ]
            }
          ]
        }
      ]
    },
    "Planning Time": 0.438,
    "Triggers": [],
    "Execution Time": 251.943
  }
]