[
    {
        "Bao": {
            "Bao prediction": 486.012,
            "Bao recommended hint": "(no hint)"
        }
    },
    {
        "Plan": {
            "Node Type": "Aggregate",
            "Strategy": "Plain",
            "Partial Mode": "Finalize",
            "Parallel Aware": false,
            "Startup Cost": 348946.84,
            "Total Cost": 348946.85,
            "Plan Rows": 1,
            "Plan Width": 8,
            "Actual Startup Time": 626.711,
            "Actual Total Time": 652.334,
            "Actual Rows": 1,
            "Actual Loops": 1,
            "Output": [
                "count(*)"
            ],
            "Plans": [
                {
                    "Node Type": "Gather",
                    "Parent Relationship": "Outer",
                    "Parallel Aware": false,
                    "Startup Cost": 348946.22,
                    "Total Cost": 348946.83,
                    "Plan Rows": 6,
                    "Plan Width": 8,
                    "Actual Startup Time": 626.609,
                    "Actual Total Time": 652.326,
                    "Actual Rows": 7,
                    "Actual Loops": 1,
                    "Output": [
                        "(PARTIAL count(*))"
                    ],
                    "Workers Planned": 6,
                    "Workers Launched": 6,
                    "Single Copy": false,
                    "Plans": [
                        {
                            "Node Type": "Aggregate",
                            "Strategy": "Plain",
                            "Partial Mode": "Partial",
                            "Parent Relationship": "Outer",
                            "Parallel Aware": false,
                            "Startup Cost": 347946.22,
                            "Total Cost": 347946.23,
                            "Plan Rows": 1,
                            "Plan Width": 8,
                            "Actual Startup Time": 617.226,
                            "Actual Total Time": 617.226,
                            "Actual Rows": 1,
                            "Actual Loops": 7,
                            "Output": [
                                "PARTIAL count(*)"
                            ],
                            "Workers": [
                                {
                                    "Worker Number": 0,
                                    "Actual Startup Time": 615.457,
                                    "Actual Total Time": 615.458,
                                    "Actual Rows": 1,
                                    "Actual Loops": 1
                                },
                                {
                                    "Worker Number": 1,
                                    "Actual Startup Time": 615.636,
                                    "Actual Total Time": 615.637,
                                    "Actual Rows": 1,
                                    "Actual Loops": 1
                                },
                                {
                                    "Worker Number": 2,
                                    "Actual Startup Time": 615.652,
                                    "Actual Total Time": 615.653,
                                    "Actual Rows": 1,
                                    "Actual Loops": 1
                                },
                                {
                                    "Worker Number": 3,
                                    "Actual Startup Time": 615.629,
                                    "Actual Total Time": 615.63,
                                    "Actual Rows": 1,
                                    "Actual Loops": 1
                                },
                                {
                                    "Worker Number": 4,
                                    "Actual Startup Time": 615.906,
                                    "Actual Total Time": 615.907,
                                    "Actual Rows": 1,
                                    "Actual Loops": 1
                                },
                                {
                                    "Worker Number": 5,
                                    "Actual Startup Time": 616.541,
                                    "Actual Total Time": 616.542,
                                    "Actual Rows": 1,
                                    "Actual Loops": 1
                                }
                            ],
                            "Plans": [
                                {
                                    "Node Type": "Seq Scan",
                                    "Parent Relationship": "Outer",
                                    "Parallel Aware": true,
                                    "Relation Name": "cast_info",
                                    "Schema": "public",
                                    "Alias": "ci",
                                    "Startup Cost": 0.0,
                                    "Total Cost": 343318.94,
                                    "Plan Rows": 1850911,
                                    "Plan Width": 0,
                                    "Actual Startup Time": 319.202,
                                    "Actual Total Time": 577.835,
                                    "Actual Rows": 835525,
                                    "Actual Loops": 7,
                                    "Output": [
                                        "id",
                                        "person_id",
                                        "movie_id",
                                        "person_role_id",
                                        "note",
                                        "nr_order",
                                        "role_id"
                                    ],
                                    "Filter": "((ci.person_id < 2583702) AND (ci.role_id > 2))",
                                    "Rows Removed by Filter": 4342238,
                                    "Workers": [
                                        {
                                            "Worker Number": 0,
                                            "Actual Startup Time": 317.436,
                                            "Actual Total Time": 576.891,
                                            "Actual Rows": 834389,
                                            "Actual Loops": 1
                                        },
                                        {
                                            "Worker Number": 1,
                                            "Actual Startup Time": 317.633,
                                            "Actual Total Time": 576.719,
                                            "Actual Rows": 841110,
                                            "Actual Loops": 1
                                        },
                                        {
                                            "Worker Number": 2,
                                            "Actual Startup Time": 317.627,
                                            "Actual Total Time": 576.721,
                                            "Actual Rows": 840654,
                                            "Actual Loops": 1
                                        },
                                        {
                                            "Worker Number": 3,
                                            "Actual Startup Time": 317.592,
                                            "Actual Total Time": 575.763,
                                            "Actual Rows": 584596,
                                            "Actual Loops": 1
                                        },
                                        {
                                            "Worker Number": 4,
                                            "Actual Startup Time": 317.878,
                                            "Actual Total Time": 579.97,
                                            "Actual Rows": 857672,
                                            "Actual Loops": 1
                                        },
                                        {
                                            "Worker Number": 5,
                                            "Actual Startup Time": 318.517,
                                            "Actual Total Time": 577.66,
                                            "Actual Rows": 815878,
                                            "Actual Loops": 1
                                        }
                                    ]
                                }
                            ]
                        }
                    ]
                }
            ]
        },
        "Planning Time": 1115.52,
        "Triggers": [],
        "Execution Time": 652.431
    }
]