[
  {
    "Plan": {
      "Node Type": "Aggregate",
      "Strategy": "Plain",
      "Partial Mode": "Finalize",
      "Parallel Aware": false,
      "Startup Cost": 67787.35,
      "Total Cost": 67787.36,
      "Plan Rows": 1,
      "Plan Width": 8,
      "Actual Startup Time": 102.687,
      "Actual Total Time": 115.984,
      "Actual Rows": 1,
      "Actual Loops": 1,
      "Plans": [
        {
          "Node Type": "Gather",
          "Parent Relationship": "Outer",
          "Parallel Aware": false,
          "Startup Cost": 67786.93,
          "Total Cost": 67787.34,
          "Plan Rows": 4,
          "Plan Width": 8,
          "Actual Startup Time": 102.521,
          "Actual Total Time": 115.97,
          "Actual Rows": 5,
          "Actual Loops": 1,
          "Workers Planned": 4,
          "Workers Launched": 4,
          "Single Copy": false,
          "Plans": [
            {
              "Node Type": "Aggregate",
              "Strategy": "Plain",
              "Partial Mode": "Partial",
              "Parent Relationship": "Outer",
              "Parallel Aware": false,
              "Startup Cost": 66786.93,
              "Total Cost": 66786.94,
              "Plan Rows": 1,
              "Plan Width": 8,
              "Actual Startup Time": 94.223,
              "Actual Total Time": 94.225,
              "Actual Rows": 1,
              "Actual Loops": 5,
              "Plans": [
                {
                  "Node Type": "Nested Loop",
                  "Parent Relationship": "Outer",
                  "Parallel Aware": false,
                  "Join Type": "Inner",
                  "Startup Cost": 0.43,
                  "Total Cost": 66786.25,
                  "Plan Rows": 272,
                  "Plan Width": 0,
                  "Actual Startup Time": 52.803,
                  "Actual Total Time": 94.171,
                  "Actual Rows": 330,
                  "Actual Loops": 5,
                  "Inner Unique": false,
                  "Plans": [
                    {
                      "Node Type": "Seq Scan",
                      "Parent Relationship": "Outer",
                      "Parallel Aware": true,
                      "Relation Name": "title",
                      "Alias": "t",
                      "Startup Cost": 0.0,
                      "Total Cost": 43899.32,
                      "Plan Rows": 1980,
                      "Plan Width": 4,
                      "Actual Startup Time": 0.317,
                      "Actual Total Time": 75.504,
                      "Actual Rows": 1898,
                      "Actual Loops": 5,
                      "Filter": "(production_year = 1957)",
                      "Rows Removed by Filter": 503764
                    },
                    {
                      "Node Type": "Index Scan",
                      "Parent Relationship": "Inner",
                      "Parallel Aware": false,
                      "Scan Direction": "Forward",
                      "Index Name": "movie_id_movie_companies",
                      "Relation Name": "movie_companies",
                      "Alias": "mc",
                      "Startup Cost": 0.43,
                      "Total Cost": 11.55,
                      "Plan Rows": 1,
                      "Plan Width": 4,
                      "Actual Startup Time": 0.009,
                      "Actual Total Time": 0.009,
                      "Actual Rows": 0,
                      "Actual Loops": 9491,
                      "Index Cond": "(movie_id = t.id)",
                      "Rows Removed by Index Recheck": 0,
                      "Filter": "(company_id > 88770)",
                      "Rows Removed by Filter": 1
                    }
                  ]
                }
              ]
            }
          ]
        }
      ]
    },
    "Planning Time": 0.64,
    "Triggers": [],
    "Execution Time": 116.064
  }
]