[
    {
        "Bao": {
            "Bao prediction": 580.21,
            "Bao recommended hint": "(no hint)"
        }
    },
    {
        "Plan": {
            "Node Type": "Aggregate",
            "Strategy": "Plain",
            "Partial Mode": "Simple",
            "Parallel Aware": false,
            "Startup Cost": 26418.68,
            "Total Cost": 26418.69,
            "Plan Rows": 1,
            "Plan Width": 8,
            "Actual Startup Time": 45.017,
            "Actual Total Time": 45.019,
            "Actual Rows": 1,
            "Actual Loops": 1,
            "Output": [
                "count(*)"
            ],
            "Plans": [
                {
                    "Node Type": "Bitmap Heap Scan",
                    "Parent Relationship": "Outer",
                    "Parallel Aware": false,
                    "Relation Name": "movie_keyword",
                    "Schema": "public",
                    "Alias": "mk",
                    "Startup Cost": 994.15,
                    "Total Cost": 26302.0,
                    "Plan Rows": 46673,
                    "Plan Width": 0,
                    "Actual Startup Time": 14.165,
                    "Actual Total Time": 41.26,
                    "Actual Rows": 42341,
                    "Actual Loops": 1,
                    "Recheck Cond": "(mk.keyword_id > 103424)",
                    "Rows Removed by Index Recheck": 0,
                    "Exact Heap Blocks": 10967,
                    "Lossy Heap Blocks": 0,
                    "Plans": [
                        {
                            "Node Type": "Bitmap Index Scan",
                            "Parent Relationship": "Outer",
                            "Parallel Aware": false,
                            "Index Name": "keyword_id_movie_keyword",
                            "Startup Cost": 0.0,
                            "Total Cost": 982.48,
                            "Plan Rows": 46673,
                            "Plan Width": 0,
                            "Actual Startup Time": 8.877,
                            "Actual Total Time": 8.878,
                            "Actual Rows": 42341,
                            "Actual Loops": 1,
                            "Index Cond": "(mk.keyword_id > 103424)"
                        }
                    ]
                }
            ]
        },
        "Planning Time": 1123.167,
        "Triggers": [],
        "Execution Time": 45.109
    }
]