[
  {
    "Plan": {
      "Node Type": "Aggregate",
      "Strategy": "Plain",
      "Partial Mode": "Finalize",
      "Parallel Aware": false,
      "Startup Cost": 32101.73,
      "Total Cost": 32101.74,
      "Plan Rows": 1,
      "Plan Width": 8,
      "Actual Startup Time": 111.356,
      "Actual Total Time": 119.072,
      "Actual Rows": 1,
      "Actual Loops": 1,
      "Plans": [
        {
          "Node Type": "Gather",
          "Parent Relationship": "Outer",
          "Parallel Aware": false,
          "Startup Cost": 32101.41,
          "Total Cost": 32101.72,
          "Plan Rows": 3,
          "Plan Width": 8,
          "Actual Startup Time": 111.243,
          "Actual Total Time": 119.065,
          "Actual Rows": 4,
          "Actual Loops": 1,
          "Workers Planned": 3,
          "Workers Launched": 3,
          "Single Copy": false,
          "Plans": [
            {
              "Node Type": "Aggregate",
              "Strategy": "Plain",
              "Partial Mode": "Partial",
              "Parent Relationship": "Outer",
              "Parallel Aware": false,
              "Startup Cost": 31101.41,
              "Total Cost": 31101.42,
              "Plan Rows": 1,
              "Plan Width": 8,
              "Actual Startup Time": 106.595,
              "Actual Total Time": 106.596,
              "Actual Rows": 1,
              "Actual Loops": 4,
              "Plans": [
                {
                  "Node Type": "Seq Scan",
                  "Parent Relationship": "Outer",
                  "Parallel Aware": true,
                  "Relation Name": "movie_companies",
                  "Alias": "mc",
                  "Startup Cost": 0.0,
                  "Total Cost": 29310.68,
                  "Plan Rows": 716293,
                  "Plan Width": 0,
                  "Actual Startup Time": 0.024,
                  "Actual Total Time": 80.132,
                  "Actual Rows": 555406,
                  "Actual Loops": 4,
                  "Filter": "(company_id < 83503)",
                  "Rows Removed by Filter": 96876
                }
              ]
            }
          ]
        }
      ]
    },
    "Planning Time": 0.068,
    "Triggers": [],
    "Execution Time": 119.096
  }
]