[
  {
    "Plan": {
      "Node Type": "Aggregate",
      "Strategy": "Plain",
      "Partial Mode": "Simple",
      "Parallel Aware": false,
      "Startup Cost": 4938.88,
      "Total Cost": 4938.89,
      "Plan Rows": 1,
      "Plan Width": 64,
      "Actual Startup Time": 85.475,
      "Actual Total Time": 85.481,
      "Actual Rows": 1,
      "Actual Loops": 1,
      "Plans": [
        {
          "Node Type": "Nested Loop",
          "Parent Relationship": "Outer",
          "Parallel Aware": false,
          "Join Type": "Inner",
          "Startup Cost": 12.11,
          "Total Cost": 4938.88,
          "Plan Rows": 1,
          "Plan Width": 23,
          "Actual Startup Time": 62.002,
          "Actual Total Time": 85.465,
          "Actual Rows": 6,
          "Actual Loops": 1,
          "Inner Unique": true,
          "Join Filter": "(t.kind_id = kt.id)",
          "Rows Removed by Join Filter": 4,
          "Plans": [
            {
              "Node Type": "Nested Loop",
              "Parent Relationship": "Outer",
              "Parallel Aware": false,
              "Join Type": "Inner",
              "Startup Cost": 12.11,
              "Total Cost": 4937.78,
              "Plan Rows": 1,
              "Plan Width": 27,
              "Actual Startup Time": 61.988,
              "Actual Total Time": 85.422,
              "Actual Rows": 10,
              "Actual Loops": 1,
              "Inner Unique": true,
              "Join Filter": "(mi_idx.info_type_id = it2.id)",
              "Rows Removed by Join Filter": 6,
              "Plans": [
                {
                  "Node Type": "Nested Loop",
                  "Parent Relationship": "Outer",
                  "Parallel Aware": false,
                  "Join Type": "Inner",
                  "Startup Cost": 12.11,
                  "Total Cost": 4935.35,
                  "Plan Rows": 1,
                  "Plan Width": 31,
                  "Actual Startup Time": 61.978,
                  "Actual Total Time": 85.295,
                  "Actual Rows": 16,
                  "Actual Loops": 1,
                  "Inner Unique": false,
                  "Join Filter": "(t.id = mi_idx.movie_id)",
                  "Rows Removed by Join Filter": 0,
                  "Plans": [
                    {
                      "Node Type": "Nested Loop",
                      "Parent Relationship": "Outer",
                      "Parallel Aware": false,
                      "Join Type": "Inner",
                      "Startup Cost": 11.68,
                      "Total Cost": 4934.84,
                      "Plan Rows": 1,
                      "Plan Width": 33,
                      "Actual Startup Time": 61.948,
                      "Actual Total Time": 85.025,
                      "Actual Rows": 16,
                      "Actual Loops": 1,
                      "Inner Unique": true,
                      "Join Filter": "(mi.info_type_id = it1.id)",
                      "Rows Removed by Join Filter": 13,
                      "Plans": [
                        {
                          "Node Type": "Nested Loop",
                          "Parent Relationship": "Outer",
                          "Parallel Aware": false,
                          "Join Type": "Inner",
                          "Startup Cost": 11.68,
                          "Total Cost": 4932.41,
                          "Plan Rows": 1,
                          "Plan Width": 37,
                          "Actual Startup Time": 61.929,
                          "Actual Total Time": 84.834,
                          "Actual Rows": 29,
                          "Actual Loops": 1,
                          "Inner Unique": false,
                          "Join Filter": "(t.id = mi.movie_id)",
                          "Rows Removed by Join Filter": 0,
                          "Plans": [
                            {
                              "Node Type": "Nested Loop",
                              "Parent Relationship": "Outer",
                              "Parallel Aware": false,
                              "Join Type": "Inner",
                              "Startup Cost": 11.25,
                              "Total Cost": 4930.57,
                              "Plan Rows": 1,
                              "Plan Width": 29,
                              "Actual Startup Time": 61.129,
                              "Actual Total Time": 82.969,
                              "Actual Rows": 15,
                              "Actual Loops": 1,
                              "Inner Unique": true,
                              "Plans": [
                                {
                                  "Node Type": "Nested Loop",
                                  "Parent Relationship": "Outer",
                                  "Parallel Aware": false,
                                  "Join Type": "Inner",
                                  "Startup Cost": 10.82,
                                  "Total Cost": 4897.25,
                                  "Plan Rows": 67,
                                  "Plan Width": 4,
                                  "Actual Startup Time": 2.048,
                                  "Actual Total Time": 38.501,
                                  "Actual Rows": 2837,
                                  "Actual Loops": 1,
                                  "Inner Unique": false,
                                  "Plans": [
                                    {
                                      "Node Type": "Seq Scan",
                                      "Parent Relationship": "Outer",
                                      "Parallel Aware": false,
                                      "Relation Name": "keyword",
                                      "Alias": "k",
                                      "Startup Cost": 0.0,
                                      "Total Cost": 2626.12,
                                      "Plan Rows": 2,
                                      "Plan Width": 4,
                                      "Actual Startup Time": 0.401,
                                      "Actual Total Time": 15.143,
                                      "Actual Rows": 2,
                                      "Actual Loops": 1,
                                      "Filter": "(keyword = ANY ('{hand-to-hand-combat,whodunit}'::text[]))",
                                      "Rows Removed by Filter": 134168
                                    },
                                    {
                                      "Node Type": "Bitmap Heap Scan",
                                      "Parent Relationship": "Inner",
                                      "Parallel Aware": false,
                                      "Relation Name": "movie_keyword",
                                      "Alias": "mk",
                                      "Startup Cost": 10.82,
                                      "Total Cost": 1132.48,
                                      "Plan Rows": 308,
                                      "Plan Width": 8,
                                      "Actual Startup Time": 0.885,
                                      "Actual Total Time": 11.346,
                                      "Actual Rows": 1418,
                                      "Actual Loops": 2,
                                      "Recheck Cond": "(keyword_id = k.id)",
                                      "Rows Removed by Index Recheck": 0,
                                      "Exact Heap Blocks": 2249,
                                      "Lossy Heap Blocks": 0,
                                      "Plans": [
                                        {
                                          "Node Type": "Bitmap Index Scan",
                                          "Parent Relationship": "Outer",
                                          "Parallel Aware": false,
                                          "Index Name": "keyword_id_movie_keyword",
                                          "Startup Cost": 0.0,
                                          "Total Cost": 10.74,
                                          "Plan Rows": 308,
                                          "Plan Width": 0,
                                          "Actual Startup Time": 0.62,
                                          "Actual Total Time": 0.621,
                                          "Actual Rows": 1418,
                                          "Actual Loops": 2,
                                          "Index Cond": "(keyword_id = k.id)"
                                        }
                                      ]
                                    }
                                  ]
                                },
                                {
                                  "Node Type": "Index Scan",
                                  "Parent Relationship": "Inner",
                                  "Parallel Aware": false,
                                  "Scan Direction": "Forward",
                                  "Index Name": "title_pkey",
                                  "Relation Name": "title",
                                  "Alias": "t",
                                  "Startup Cost": 0.43,
                                  "Total Cost": 0.5,
                                  "Plan Rows": 1,
                                  "Plan Width": 25,
                                  "Actual Startup Time": 0.015,
                                  "Actual Total Time": 0.015,
                                  "Actual Rows": 0,
                                  "Actual Loops": 2837,
                                  "Index Cond": "(id = mk.movie_id)",
                                  "Rows Removed by Index Recheck": 0,
                                  "Filter": "((production_year > 1999) AND ((title ~~ '%murder%'::text) OR (title ~~ '%Murder%'::text) OR (title ~~ '%Mord%'::text)))",
                                  "Rows Removed by Filter": 1
                                }
                              ]
                            },
                            {
                              "Node Type": "Index Scan",
                              "Parent Relationship": "Inner",
                              "Parallel Aware": false,
                              "Scan Direction": "Forward",
                              "Index Name": "movie_id_movie_info",
                              "Relation Name": "movie_info",
                              "Alias": "mi",
                              "Startup Cost": 0.43,
                              "Total Cost": 1.8,
                              "Plan Rows": 4,
                              "Plan Width": 8,
                              "Actual Startup Time": 0.06,
                              "Actual Total Time": 0.123,
                              "Actual Rows": 2,
                              "Actual Loops": 15,
                              "Index Cond": "(movie_id = mk.movie_id)",
                              "Rows Removed by Index Recheck": 0,
                              "Filter": "(info = ANY ('{USA,America,Bulgaria,Norway,Denish,Germany,English,Denmark,Swedish,UK}'::text[]))",
                              "Rows Removed by Filter": 27
                            }
                          ]
                        },
                        {
                          "Node Type": "Seq Scan",
                          "Parent Relationship": "Inner",
                          "Parallel Aware": false,
                          "Relation Name": "info_type",
                          "Alias": "it1",
                          "Startup Cost": 0.0,
                          "Total Cost": 2.41,
                          "Plan Rows": 1,
                          "Plan Width": 4,
                          "Actual Startup Time": 0.003,
                          "Actual Total Time": 0.005,
                          "Actual Rows": 1,
                          "Actual Loops": 29,
                          "Filter": "((info)::text = 'countries'::text)",
                          "Rows Removed by Filter": 54
                        }
                      ]
                    },
                    {
                      "Node Type": "Index Scan",
                      "Parent Relationship": "Inner",
                      "Parallel Aware": false,
                      "Scan Direction": "Forward",
                      "Index Name": "movie_id_movie_info_idx",
                      "Relation Name": "movie_info_idx",
                      "Alias": "mi_idx",
                      "Startup Cost": 0.43,
                      "Total Cost": 0.5,
                      "Plan Rows": 1,
                      "Plan Width": 14,
                      "Actual Startup Time": 0.015,
                      "Actual Total Time": 0.016,
                      "Actual Rows": 1,
                      "Actual Loops": 16,
                      "Index Cond": "(movie_id = mk.movie_id)",
                      "Rows Removed by Index Recheck": 0,
                      "Filter": "(info > '6.4'::text)",
                      "Rows Removed by Filter": 2
                    }
                  ]
                },
                {
                  "Node Type": "Seq Scan",
                  "Parent Relationship": "Inner",
                  "Parallel Aware": false,
                  "Relation Name": "info_type",
                  "Alias": "it2",
                  "Startup Cost": 0.0,
                  "Total Cost": 2.41,
                  "Plan Rows": 1,
                  "Plan Width": 4,
                  "Actual Startup Time": 0.006,
                  "Actual Total Time": 0.006,
                  "Actual Rows": 1,
                  "Actual Loops": 16,
                  "Filter": "((info)::text = 'rating'::text)",
                  "Rows Removed by Filter": 104
                }
              ]
            },
            {
              "Node Type": "Seq Scan",
              "Parent Relationship": "Inner",
              "Parallel Aware": false,
              "Relation Name": "kind_type",
              "Alias": "kt",
              "Startup Cost": 0.0,
              "Total Cost": 1.09,
              "Plan Rows": 1,
              "Plan Width": 4,
              "Actual Startup Time": 0.002,
              "Actual Total Time": 0.002,
              "Actual Rows": 1,
              "Actual Loops": 10,
              "Filter": "((kind)::text = 'episode'::text)",
              "Rows Removed by Filter": 6
            }
          ]
        }
      ]
    },
    "Planning Time": 11.171,
    "Triggers": [],
    "Execution Time": 85.903
  }
]