[
  {
    "Plan": {
      "Node Type": "Aggregate",
      "Strategy": "Plain",
      "Partial Mode": "Finalize",
      "Parallel Aware": false,
      "Startup Cost": 44846.08,
      "Total Cost": 44846.09,
      "Plan Rows": 1,
      "Plan Width": 8,
      "Actual Startup Time": 35.021,
      "Actual Total Time": 38.328,
      "Actual Rows": 1,
      "Actual Loops": 1,
      "Plans": [
        {
          "Node Type": "Gather",
          "Parent Relationship": "Outer",
          "Parallel Aware": false,
          "Startup Cost": 44845.77,
          "Total Cost": 44846.08,
          "Plan Rows": 3,
          "Plan Width": 8,
          "Actual Startup Time": 34.85,
          "Actual Total Time": 38.321,
          "Actual Rows": 4,
          "Actual Loops": 1,
          "Workers Planned": 3,
          "Workers Launched": 3,
          "Single Copy": false,
          "Plans": [
            {
              "Node Type": "Aggregate",
              "Strategy": "Plain",
              "Partial Mode": "Partial",
              "Parent Relationship": "Outer",
              "Parallel Aware": false,
              "Startup Cost": 43845.77,
              "Total Cost": 43845.78,
              "Plan Rows": 1,
              "Plan Width": 8,
              "Actual Startup Time": 25.927,
              "Actual Total Time": 25.929,
              "Actual Rows": 1,
              "Actual Loops": 4,
              "Plans": [
                {
                  "Node Type": "Nested Loop",
                  "Parent Relationship": "Outer",
                  "Parallel Aware": false,
                  "Join Type": "Inner",
                  "Startup Cost": 245.97,
                  "Total Cost": 43845.55,
                  "Plan Rows": 86,
                  "Plan Width": 0,
                  "Actual Startup Time": 3.31,
                  "Actual Total Time": 25.872,
                  "Actual Rows": 328,
                  "Actual Loops": 4,
                  "Inner Unique": false,
                  "Plans": [
                    {
                      "Node Type": "Nested Loop",
                      "Parent Relationship": "Outer",
                      "Parallel Aware": false,
                      "Join Type": "Inner",
                      "Startup Cost": 245.55,
                      "Total Cost": 43681.99,
                      "Plan Rows": 158,
                      "Plan Width": 8,
                      "Actual Startup Time": 2.393,
                      "Actual Total Time": 24.378,
                      "Actual Rows": 131,
                      "Actual Loops": 4,
                      "Inner Unique": true,
                      "Plans": [
                        {
                          "Node Type": "Bitmap Heap Scan",
                          "Parent Relationship": "Outer",
                          "Parallel Aware": true,
                          "Relation Name": "movie_keyword",
                          "Alias": "mk",
                          "Startup Cost": 245.12,
                          "Total Cost": 20253.72,
                          "Plan Rows": 3691,
                          "Plan Width": 4,
                          "Actual Startup Time": 0.96,
                          "Actual Total Time": 7.79,
                          "Actual Rows": 2507,
                          "Actual Loops": 4,
                          "Recheck Cond": "(keyword_id > 125066)",
                          "Rows Removed by Index Recheck": 0,
                          "Exact Heap Blocks": 2182,
                          "Lossy Heap Blocks": 0,
                          "Plans": [
                            {
                              "Node Type": "Bitmap Index Scan",
                              "Parent Relationship": "Outer",
                              "Parallel Aware": false,
                              "Index Name": "keyword_id_movie_keyword",
                              "Startup Cost": 0.0,
                              "Total Cost": 242.25,
                              "Plan Rows": 11443,
                              "Plan Width": 0,
                              "Actual Startup Time": 2.367,
                              "Actual Total Time": 2.368,
                              "Actual Rows": 10029,
                              "Actual Loops": 1,
                              "Index Cond": "(keyword_id > 125066)"
                            }
                          ]
                        },
                        {
                          "Node Type": "Index Scan",
                          "Parent Relationship": "Inner",
                          "Parallel Aware": false,
                          "Scan Direction": "Forward",
                          "Index Name": "title_pkey",
                          "Relation Name": "title",
                          "Alias": "t",
                          "Startup Cost": 0.43,
                          "Total Cost": 6.35,
                          "Plan Rows": 1,
                          "Plan Width": 4,
                          "Actual Startup Time": 0.006,
                          "Actual Total Time": 0.006,
                          "Actual Rows": 0,
                          "Actual Loops": 10029,
                          "Index Cond": "(id = mk.movie_id)",
                          "Rows Removed by Index Recheck": 0,
                          "Filter": "(production_year = 2006)",
                          "Rows Removed by Filter": 1
                        }
                      ]
                    },
                    {
                      "Node Type": "Index Only Scan",
                      "Parent Relationship": "Inner",
                      "Parallel Aware": false,
                      "Scan Direction": "Forward",
                      "Index Name": "movie_id_movie_info_idx",
                      "Relation Name": "movie_info_idx",
                      "Alias": "mi_idx",
                      "Startup Cost": 0.43,
                      "Total Cost": 1.01,
                      "Plan Rows": 3,
                      "Plan Width": 4,
                      "Actual Startup Time": 0.01,
                      "Actual Total Time": 0.011,
                      "Actual Rows": 3,
                      "Actual Loops": 525,
                      "Index Cond": "(movie_id = t.id)",
                      "Rows Removed by Index Recheck": 0,
                      "Heap Fetches": 1313
                    }
                  ]
                }
              ]
            }
          ]
        }
      ]
    },
    "Planning Time": 0.925,
    "Triggers": [],
    "Execution Time": 38.411
  }
]