[
    {
        "Bao": {
            "Bao prediction": "NaN",
            "Bao recommended hint": "(no hint)"
        }
    },
    {
        "Plan": {
            "Node Type": "Aggregate",
            "Strategy": "Plain",
            "Partial Mode": "Finalize",
            "Parallel Aware": false,
            "Startup Cost": 331852.31,
            "Total Cost": 331852.32,
            "Plan Rows": 1,
            "Plan Width": 8,
            "Actual Startup Time": 539.226,
            "Actual Total Time": 562.011,
            "Actual Rows": 1,
            "Actual Loops": 1,
            "Output": [
                "count(*)"
            ],
            "Plans": [
                {
                    "Node Type": "Gather",
                    "Parent Relationship": "Outer",
                    "Parallel Aware": false,
                    "Startup Cost": 331851.69,
                    "Total Cost": 331852.3,
                    "Plan Rows": 6,
                    "Plan Width": 8,
                    "Actual Startup Time": 539.123,
                    "Actual Total Time": 562.001,
                    "Actual Rows": 7,
                    "Actual Loops": 1,
                    "Output": [
                        "(PARTIAL count(*))"
                    ],
                    "Workers Planned": 6,
                    "Workers Launched": 6,
                    "Single Copy": false,
                    "Plans": [
                        {
                            "Node Type": "Aggregate",
                            "Strategy": "Plain",
                            "Partial Mode": "Partial",
                            "Parent Relationship": "Outer",
                            "Parallel Aware": false,
                            "Startup Cost": 330851.69,
                            "Total Cost": 330851.7,
                            "Plan Rows": 1,
                            "Plan Width": 8,
                            "Actual Startup Time": 529.235,
                            "Actual Total Time": 529.236,
                            "Actual Rows": 1,
                            "Actual Loops": 7,
                            "Output": [
                                "PARTIAL count(*)"
                            ],
                            "Workers": [
                                {
                                    "Worker Number": 0,
                                    "Actual Startup Time": 526.925,
                                    "Actual Total Time": 526.926,
                                    "Actual Rows": 1,
                                    "Actual Loops": 1
                                },
                                {
                                    "Worker Number": 1,
                                    "Actual Startup Time": 527.206,
                                    "Actual Total Time": 527.207,
                                    "Actual Rows": 1,
                                    "Actual Loops": 1
                                },
                                {
                                    "Worker Number": 2,
                                    "Actual Startup Time": 527.528,
                                    "Actual Total Time": 527.529,
                                    "Actual Rows": 1,
                                    "Actual Loops": 1
                                },
                                {
                                    "Worker Number": 3,
                                    "Actual Startup Time": 527.715,
                                    "Actual Total Time": 527.716,
                                    "Actual Rows": 1,
                                    "Actual Loops": 1
                                },
                                {
                                    "Worker Number": 4,
                                    "Actual Startup Time": 528.285,
                                    "Actual Total Time": 528.286,
                                    "Actual Rows": 1,
                                    "Actual Loops": 1
                                },
                                {
                                    "Worker Number": 5,
                                    "Actual Startup Time": 528.521,
                                    "Actual Total Time": 528.522,
                                    "Actual Rows": 1,
                                    "Actual Loops": 1
                                }
                            ],
                            "Plans": [
                                {
                                    "Node Type": "Seq Scan",
                                    "Parent Relationship": "Outer",
                                    "Parallel Aware": true,
                                    "Relation Name": "cast_info",
                                    "Schema": "public",
                                    "Alias": "ci",
                                    "Startup Cost": 0.0,
                                    "Total Cost": 328213.62,
                                    "Plan Rows": 1055228,
                                    "Plan Width": 0,
                                    "Actual Startup Time": 314.674,
                                    "Actual Total Time": 492.626,
                                    "Actual Rows": 899293,
                                    "Actual Loops": 7,
                                    "Output": [
                                        "id",
                                        "person_id",
                                        "movie_id",
                                        "person_role_id",
                                        "note",
                                        "nr_order",
                                        "role_id"
                                    ],
                                    "Filter": "(ci.person_id > 3022910)",
                                    "Rows Removed by Filter": 4278470,
                                    "Workers": [
                                        {
                                            "Worker Number": 0,
                                            "Actual Startup Time": 312.379,
                                            "Actual Total Time": 491.789,
                                            "Actual Rows": 853329,
                                            "Actual Loops": 1
                                        },
                                        {
                                            "Worker Number": 1,
                                            "Actual Startup Time": 312.647,
                                            "Actual Total Time": 491.818,
                                            "Actual Rows": 859363,
                                            "Actual Loops": 1
                                        },
                                        {
                                            "Worker Number": 2,
                                            "Actual Startup Time": 312.977,
                                            "Actual Total Time": 492.029,
                                            "Actual Rows": 838155,
                                            "Actual Loops": 1
                                        },
                                        {
                                            "Worker Number": 3,
                                            "Actual Startup Time": 313.142,
                                            "Actual Total Time": 492.105,
                                            "Actual Rows": 841648,
                                            "Actual Loops": 1
                                        },
                                        {
                                            "Worker Number": 4,
                                            "Actual Startup Time": 313.717,
                                            "Actual Total Time": 492.893,
                                            "Actual Rows": 860486,
                                            "Actual Loops": 1
                                        },
                                        {
                                            "Worker Number": 5,
                                            "Actual Startup Time": 313.973,
                                            "Actual Total Time": 492.995,
                                            "Actual Rows": 864541,
                                            "Actual Loops": 1
                                        }
                                    ]
                                }
                            ]
                        }
                    ]
                }
            ]
        },
        "Planning Time": 178.145,
        "Triggers": [],
        "Execution Time": 562.094
    }
]