{
  "Plan": {
    "Node Type": "Aggregate",
    "Strategy": "Plain",
    "Partial Mode": "Finalize",
    "Parallel Aware": false,
    "Startup Cost": 114827.77,
    "Total Cost": 114827.78,
    "Plan Rows": 1,
    "Plan Width": 8,
    "Actual Startup Time": 639.889,
    "Actual Total Time": 653.315,
    "Actual Rows": 1,
    "Actual Loops": 1,
    "Plans": [
      {
        "Node Type": "Gather",
        "Parent Relationship": "Outer",
        "Parallel Aware": false,
        "Startup Cost": 114827.66,
        "Total Cost": 114827.77,
        "Plan Rows": 1,
        "Plan Width": 8,
        "Actual Startup Time": 638.145,
        "Actual Total Time": 653.306,
        "Actual Rows": 2,
        "Actual Loops": 1,
        "Workers Planned": 1,
        "Workers Launched": 1,
        "Single Copy": false,
        "Plans": [
          {
            "Node Type": "Aggregate",
            "Strategy": "Plain",
            "Partial Mode": "Partial",
            "Parent Relationship": "Outer",
            "Parallel Aware": false,
            "Startup Cost": 113827.66,
            "Total Cost": 113827.67,
            "Plan Rows": 1,
            "Plan Width": 8,
            "Actual Startup Time": 632.631,
            "Actual Total Time": 632.634,
            "Actual Rows": 1,
            "Actual Loops": 2,
            "Plans": [
              {
                "Node Type": "Hash Join",
                "Parent Relationship": "Outer",
                "Parallel Aware": true,
                "Join Type": "Inner",
                "Startup Cost": 48905.29,
                "Total Cost": 112408.94,
                "Plan Rows": 567485,
                "Plan Width": 0,
                "Actual Startup Time": 210.307,
                "Actual Total Time": 619.302,
                "Actual Rows": 326482,
                "Actual Loops": 2,
                "Inner Unique": false,
                "Hash Cond": "(t.id = mc.movie_id)",
                "Plans": [
                  {
                    "Node Type": "Seq Scan",
                    "Parent Relationship": "Outer",
                    "Parallel Aware": true,
                    "Relation Name": "title",
                    "Alias": "t",
                    "Startup Cost": 0.0,
                    "Total Cost": 50870.31,
                    "Plan Rows": 1487231,
                    "Plan Width": 4,
                    "Actual Startup Time": 0.013,
                    "Actual Total Time": 112.199,
                    "Actual Rows": 1264156,
                    "Actual Loops": 2
                  },
                  {
                    "Node Type": "Hash",
                    "Parent Relationship": "Inner",
                    "Parallel Aware": true,
                    "Startup Cost": 41811.73,
                    "Total Cost": 41811.73,
                    "Plan Rows": 567485,
                    "Plan Width": 4,
                    "Actual Startup Time": 200.763,
                    "Actual Total Time": 200.764,
                    "Actual Rows": 326482,
                    "Actual Loops": 2,
                    "Hash Buckets": 1048576,
                    "Original Hash Buckets": 1048576,
                    "Hash Batches": 1,
                    "Original Hash Batches": 1,
                    "Peak Memory Usage": 33792,
                    "Plans": [
                      {
                        "Node Type": "Seq Scan",
                        "Parent Relationship": "Outer",
                        "Parallel Aware": true,
                        "Relation Name": "movie_companies",
                        "Alias": "mc",
                        "Startup Cost": 0.0,
                        "Total Cost": 41811.73,
                        "Plan Rows": 567485,
                        "Plan Width": 4,
                        "Actual Startup Time": 66.215,
                        "Actual Total Time": 130.154,
                        "Actual Rows": 326482,
                        "Actual Loops": 2,
                        "Filter": "((company_id < 41728) AND (company_type_id > 1))",
                        "Rows Removed by Filter": 978082
                      }
                    ]
                  }
                ]
              }
            ]
          }
        ]
      }
    ]
  },
  "Planning Time": 0.662,
  "Triggers": [],
  "Execution Time": 653.385
}