[
  {
    "Plan": {
      "Node Type": "Aggregate",
      "Strategy": "Plain",
      "Partial Mode": "Finalize",
      "Parallel Aware": false,
      "Startup Cost": 96778.52,
      "Total Cost": 96778.53,
      "Plan Rows": 1,
      "Plan Width": 8,
      "Actual Startup Time": 302.0,
      "Actual Total Time": 323.828,
      "Actual Rows": 1,
      "Actual Loops": 1,
      "Plans": [
        {
          "Node Type": "Gather",
          "Parent Relationship": "Outer",
          "Parallel Aware": false,
          "Startup Cost": 96778.2,
          "Total Cost": 96778.51,
          "Plan Rows": 3,
          "Plan Width": 8,
          "Actual Startup Time": 301.605,
          "Actual Total Time": 323.818,
          "Actual Rows": 4,
          "Actual Loops": 1,
          "Workers Planned": 3,
          "Workers Launched": 3,
          "Single Copy": false,
          "Plans": [
            {
              "Node Type": "Aggregate",
              "Strategy": "Plain",
              "Partial Mode": "Partial",
              "Parent Relationship": "Outer",
              "Parallel Aware": false,
              "Startup Cost": 95778.2,
              "Total Cost": 95778.21,
              "Plan Rows": 1,
              "Plan Width": 8,
              "Actual Startup Time": 292.246,
              "Actual Total Time": 292.249,
              "Actual Rows": 1,
              "Actual Loops": 4,
              "Plans": [
                {
                  "Node Type": "Nested Loop",
                  "Parent Relationship": "Outer",
                  "Parallel Aware": false,
                  "Join Type": "Inner",
                  "Startup Cost": 44012.34,
                  "Total Cost": 95724.36,
                  "Plan Rows": 21536,
                  "Plan Width": 0,
                  "Actual Startup Time": 99.455,
                  "Actual Total Time": 286.375,
                  "Actual Rows": 146543,
                  "Actual Loops": 4,
                  "Inner Unique": false,
                  "Join Filter": "(t.id = mk.movie_id)",
                  "Rows Removed by Join Filter": 0,
                  "Plans": [
                    {
                      "Node Type": "Hash Join",
                      "Parent Relationship": "Outer",
                      "Parallel Aware": true,
                      "Join Type": "Inner",
                      "Startup Cost": 44011.9,
                      "Total Cost": 73427.79,
                      "Plan Rows": 12036,
                      "Plan Width": 8,
                      "Actual Startup Time": 99.07,
                      "Actual Total Time": 215.745,
                      "Actual Rows": 8160,
                      "Actual Loops": 4,
                      "Inner Unique": true,
                      "Hash Cond": "(mc.movie_id = t.id)",
                      "Plans": [
                        {
                          "Node Type": "Seq Scan",
                          "Parent Relationship": "Outer",
                          "Parallel Aware": true,
                          "Relation Name": "movie_companies",
                          "Alias": "mc",
                          "Startup Cost": 0.0,
                          "Total Cost": 27206.55,
                          "Plan Rows": 841655,
                          "Plan Width": 4,
                          "Actual Startup Time": 0.017,
                          "Actual Total Time": 54.362,
                          "Actual Rows": 652282,
                          "Actual Loops": 4
                        },
                        {
                          "Node Type": "Hash",
                          "Parent Relationship": "Inner",
                          "Parallel Aware": true,
                          "Startup Cost": 43898.92,
                          "Total Cost": 43898.92,
                          "Plan Rows": 9039,
                          "Plan Width": 4,
                          "Actual Startup Time": 97.487,
                          "Actual Total Time": 97.488,
                          "Actual Rows": 9109,
                          "Actual Loops": 4,
                          "Hash Buckets": 65536,
                          "Original Hash Buckets": 65536,
                          "Hash Batches": 1,
                          "Original Hash Batches": 1,
                          "Peak Memory Usage": 1984,
                          "Plans": [
                            {
                              "Node Type": "Seq Scan",
                              "Parent Relationship": "Outer",
                              "Parallel Aware": true,
                              "Relation Name": "title",
                              "Alias": "t",
                              "Startup Cost": 0.0,
                              "Total Cost": 43898.92,
                              "Plan Rows": 9039,
                              "Plan Width": 4,
                              "Actual Startup Time": 0.062,
                              "Actual Total Time": 92.958,
                              "Actual Rows": 9109,
                              "Actual Loops": 4,
                              "Filter": "(production_year = 1995)",
                              "Rows Removed by Filter": 622969
                            }
                          ]
                        }
                      ]
                    },
                    {
                      "Node Type": "Index Only Scan",
                      "Parent Relationship": "Inner",
                      "Parallel Aware": false,
                      "Scan Direction": "Forward",
                      "Index Name": "movie_id_movie_keyword",
                      "Relation Name": "movie_keyword",
                      "Alias": "mk",
                      "Startup Cost": 0.43,
                      "Total Cost": 1.29,
                      "Plan Rows": 45,
                      "Plan Width": 4,
                      "Actual Startup Time": 0.005,
                      "Actual Total Time": 0.007,
                      "Actual Rows": 18,
                      "Actual Loops": 32641,
                      "Index Cond": "(movie_id = mc.movie_id)",
                      "Rows Removed by Index Recheck": 0,
                      "Heap Fetches": 586171
                    }
                  ]
                }
              ]
            }
          ]
        }
      ]
    },
    "Planning Time": 1.451,
    "Triggers": [],
    "Execution Time": 323.915
  }
]