[
  {
    "Plan": {
      "Node Type": "Aggregate",
      "Strategy": "Plain",
      "Partial Mode": "Finalize",
      "Parallel Aware": false,
      "Startup Cost": 46279.66,
      "Total Cost": 46279.67,
      "Plan Rows": 1,
      "Plan Width": 8,
      "Actual Startup Time": 207.472,
      "Actual Total Time": 220.338,
      "Actual Rows": 1,
      "Actual Loops": 1,
      "Plans": [
        {
          "Node Type": "Gather",
          "Parent Relationship": "Outer",
          "Parallel Aware": false,
          "Startup Cost": 46279.35,
          "Total Cost": 46279.66,
          "Plan Rows": 3,
          "Plan Width": 8,
          "Actual Startup Time": 207.375,
          "Actual Total Time": 220.328,
          "Actual Rows": 4,
          "Actual Loops": 1,
          "Workers Planned": 3,
          "Workers Launched": 3,
          "Single Copy": false,
          "Plans": [
            {
              "Node Type": "Aggregate",
              "Strategy": "Plain",
              "Partial Mode": "Partial",
              "Parent Relationship": "Outer",
              "Parallel Aware": false,
              "Startup Cost": 45279.35,
              "Total Cost": 45279.36,
              "Plan Rows": 1,
              "Plan Width": 8,
              "Actual Startup Time": 198.684,
              "Actual Total Time": 198.685,
              "Actual Rows": 1,
              "Actual Loops": 4,
              "Plans": [
                {
                  "Node Type": "Seq Scan",
                  "Parent Relationship": "Outer",
                  "Parallel Aware": true,
                  "Relation Name": "movie_keyword",
                  "Alias": "mk",
                  "Startup Cost": 0.0,
                  "Total Cost": 42695.65,
                  "Plan Rows": 1033477,
                  "Plan Width": 0,
                  "Actual Startup Time": 0.267,
                  "Actual Total Time": 152.456,
                  "Actual Rows": 796898,
                  "Actual Loops": 4,
                  "Filter": "(keyword_id > 1741)",
                  "Rows Removed by Filter": 334084
                }
              ]
            }
          ]
        }
      ]
    },
    "Planning Time": 0.194,
    "Triggers": [],
    "Execution Time": 220.398
  }
]