[
  {
    "Plan": {
      "Node Type": "Aggregate",
      "Strategy": "Plain",
      "Partial Mode": "Finalize",
      "Parallel Aware": false,
      "Startup Cost": 23864.43,
      "Total Cost": 23864.44,
      "Plan Rows": 1,
      "Plan Width": 8,
      "Actual Startup Time": 60.323,
      "Actual Total Time": 64.349,
      "Actual Rows": 1,
      "Actual Loops": 1,
      "Plans": [
        {
          "Node Type": "Gather",
          "Parent Relationship": "Outer",
          "Parallel Aware": false,
          "Startup Cost": 23864.01,
          "Total Cost": 23864.42,
          "Plan Rows": 4,
          "Plan Width": 8,
          "Actual Startup Time": 60.15,
          "Actual Total Time": 64.341,
          "Actual Rows": 5,
          "Actual Loops": 1,
          "Workers Planned": 4,
          "Workers Launched": 4,
          "Single Copy": false,
          "Plans": [
            {
              "Node Type": "Aggregate",
              "Strategy": "Plain",
              "Partial Mode": "Partial",
              "Parent Relationship": "Outer",
              "Parallel Aware": false,
              "Startup Cost": 22864.01,
              "Total Cost": 22864.02,
              "Plan Rows": 1,
              "Plan Width": 8,
              "Actual Startup Time": 50.766,
              "Actual Total Time": 50.767,
              "Actual Rows": 1,
              "Actual Loops": 5,
              "Plans": [
                {
                  "Node Type": "Index Scan",
                  "Parent Relationship": "Outer",
                  "Parallel Aware": true,
                  "Scan Direction": "Forward",
                  "Index Name": "role_id_cast_info",
                  "Relation Name": "cast_info",
                  "Alias": "ci",
                  "Startup Cost": 0.56,
                  "Total Cost": 22554.34,
                  "Plan Rows": 123868,
                  "Plan Width": 0,
                  "Actual Startup Time": 0.206,
                  "Actual Total Time": 46.167,
                  "Actual Rows": 61069,
                  "Actual Loops": 5,
                  "Index Cond": "(role_id = 6)",
                  "Rows Removed by Index Recheck": 0,
                  "Filter": "(person_id < 2268531)",
                  "Rows Removed by Filter": 93666
                }
              ]
            }
          ]
        }
      ]
    },
    "Planning Time": 0.211,
    "Triggers": [],
    "Execution Time": 64.409
  }
]