[
  {
    "Plan": {
      "Node Type": "Aggregate",
      "Strategy": "Plain",
      "Partial Mode": "Finalize",
      "Parallel Aware": false,
      "Startup Cost": 325780.75,
      "Total Cost": 325780.76,
      "Plan Rows": 1,
      "Plan Width": 8,
      "Actual Startup Time": 233.687,
      "Actual Total Time": 249.994,
      "Actual Rows": 1,
      "Actual Loops": 1,
      "Plans": [
        {
          "Node Type": "Gather",
          "Parent Relationship": "Outer",
          "Parallel Aware": false,
          "Startup Cost": 325780.13,
          "Total Cost": 325780.74,
          "Plan Rows": 6,
          "Plan Width": 8,
          "Actual Startup Time": 231.017,
          "Actual Total Time": 249.982,
          "Actual Rows": 7,
          "Actual Loops": 1,
          "Workers Planned": 6,
          "Workers Launched": 6,
          "Single Copy": false,
          "Plans": [
            {
              "Node Type": "Aggregate",
              "Strategy": "Plain",
              "Partial Mode": "Partial",
              "Parent Relationship": "Outer",
              "Parallel Aware": false,
              "Startup Cost": 324780.13,
              "Total Cost": 324780.14,
              "Plan Rows": 1,
              "Plan Width": 8,
              "Actual Startup Time": 222.67,
              "Actual Total Time": 222.674,
              "Actual Rows": 1,
              "Actual Loops": 7,
              "Plans": [
                {
                  "Node Type": "Hash Join",
                  "Parent Relationship": "Outer",
                  "Parallel Aware": true,
                  "Join Type": "Inner",
                  "Startup Cost": 69416.68,
                  "Total Cost": 324727.82,
                  "Plan Rows": 20924,
                  "Plan Width": 0,
                  "Actual Startup Time": 139.992,
                  "Actual Total Time": 221.145,
                  "Actual Rows": 16279,
                  "Actual Loops": 7,
                  "Inner Unique": true,
                  "Hash Cond": "(ci.movie_id = t.id)",
                  "Plans": [
                    {
                      "Node Type": "Bitmap Heap Scan",
                      "Parent Relationship": "Outer",
                      "Parallel Aware": true,
                      "Relation Name": "cast_info",
                      "Alias": "ci",
                      "Startup Cost": 22984.17,
                      "Total Cost": 277839.88,
                      "Plan Rows": 173497,
                      "Plan Width": 4,
                      "Actual Startup Time": 34.156,
                      "Actual Total Time": 77.397,
                      "Actual Rows": 142111,
                      "Actual Loops": 7,
                      "Recheck Cond": "(person_id > 3870210)",
                      "Rows Removed by Index Recheck": 0,
                      "Exact Heap Blocks": 2175,
                      "Lossy Heap Blocks": 0,
                      "Plans": [
                        {
                          "Node Type": "Bitmap Index Scan",
                          "Parent Relationship": "Outer",
                          "Parallel Aware": false,
                          "Index Name": "person_id_cast_info",
                          "Startup Cost": 0.0,
                          "Total Cost": 22723.92,
                          "Plan Rows": 1040981,
                          "Plan Width": 0,
                          "Actual Startup Time": 31.724,
                          "Actual Total Time": 31.724,
                          "Actual Rows": 994777,
                          "Actual Loops": 1,
                          "Index Cond": "(person_id > 3870210)"
                        }
                      ]
                    },
                    {
                      "Node Type": "Hash",
                      "Parent Relationship": "Inner",
                      "Parallel Aware": true,
                      "Startup Cost": 45479.59,
                      "Total Cost": 45479.59,
                      "Plan Rows": 76234,
                      "Plan Width": 4,
                      "Actual Startup Time": 103.927,
                      "Actual Total Time": 103.928,
                      "Actual Rows": 38086,
                      "Actual Loops": 7,
                      "Hash Buckets": 524288,
                      "Original Hash Buckets": 524288,
                      "Hash Batches": 1,
                      "Original Hash Batches": 1,
                      "Peak Memory Usage": 14656,
                      "Plans": [
                        {
                          "Node Type": "Seq Scan",
                          "Parent Relationship": "Outer",
                          "Parallel Aware": true,
                          "Relation Name": "title",
                          "Alias": "t",
                          "Startup Cost": 0.0,
                          "Total Cost": 45479.59,
                          "Plan Rows": 76234,
                          "Plan Width": 4,
                          "Actual Startup Time": 0.056,
                          "Actual Total Time": 82.016,
                          "Actual Rows": 38086,
                          "Actual Loops": 7,
                          "Filter": "((kind_id < 7) AND (production_year > 2007))",
                          "Rows Removed by Filter": 323102
                        }
                      ]
                    }
                  ]
                }
              ]
            }
          ]
        }
      ]
    },
    "Planning Time": 0.458,
    "Triggers": [],
    "Execution Time": 250.064
  }
]