[
  {
    "Plan": {
      "Node Type": "Aggregate",
      "Strategy": "Plain",
      "Partial Mode": "Finalize",
      "Parallel Aware": false,
      "Startup Cost": 325447.73,
      "Total Cost": 325447.74,
      "Plan Rows": 1,
      "Plan Width": 8,
      "Actual Startup Time": 241.977,
      "Actual Total Time": 253.254,
      "Actual Rows": 1,
      "Actual Loops": 1,
      "Plans": [
        {
          "Node Type": "Gather",
          "Parent Relationship": "Outer",
          "Parallel Aware": false,
          "Startup Cost": 325447.11,
          "Total Cost": 325447.72,
          "Plan Rows": 6,
          "Plan Width": 8,
          "Actual Startup Time": 239.927,
          "Actual Total Time": 253.245,
          "Actual Rows": 7,
          "Actual Loops": 1,
          "Workers Planned": 6,
          "Workers Launched": 6,
          "Single Copy": false,
          "Plans": [
            {
              "Node Type": "Aggregate",
              "Strategy": "Plain",
              "Partial Mode": "Partial",
              "Parent Relationship": "Outer",
              "Parallel Aware": false,
              "Startup Cost": 324447.11,
              "Total Cost": 324447.12,
              "Plan Rows": 1,
              "Plan Width": 8,
              "Actual Startup Time": 229.649,
              "Actual Total Time": 229.653,
              "Actual Rows": 1,
              "Actual Loops": 7,
              "Plans": [
                {
                  "Node Type": "Hash Join",
                  "Parent Relationship": "Outer",
                  "Parallel Aware": true,
                  "Join Type": "Inner",
                  "Startup Cost": 69120.0,
                  "Total Cost": 324394.91,
                  "Plan Rows": 20879,
                  "Plan Width": 0,
                  "Actual Startup Time": 152.428,
                  "Actual Total Time": 228.382,
                  "Actual Rows": 16279,
                  "Actual Loops": 7,
                  "Inner Unique": true,
                  "Hash Cond": "(ci.movie_id = t.id)",
                  "Plans": [
                    {
                      "Node Type": "Bitmap Heap Scan",
                      "Parent Relationship": "Outer",
                      "Parallel Aware": true,
                      "Relation Name": "cast_info",
                      "Alias": "ci",
                      "Startup Cost": 22676.78,
                      "Total Cost": 277502.54,
                      "Plan Rows": 171101,
                      "Plan Width": 4,
                      "Actual Startup Time": 60.966,
                      "Actual Total Time": 99.537,
                      "Actual Rows": 142111,
                      "Actual Loops": 7,
                      "Recheck Cond": "(person_id > 3870210)",
                      "Rows Removed by Index Recheck": 0,
                      "Exact Heap Blocks": 2017,
                      "Lossy Heap Blocks": 0,
                      "Plans": [
                        {
                          "Node Type": "Bitmap Index Scan",
                          "Parent Relationship": "Outer",
                          "Parallel Aware": false,
                          "Index Name": "person_id_cast_info",
                          "Startup Cost": 0.0,
                          "Total Cost": 22420.12,
                          "Plan Rows": 1026608,
                          "Plan Width": 0,
                          "Actual Startup Time": 58.411,
                          "Actual Total Time": 58.412,
                          "Actual Rows": 994777,
                          "Actual Loops": 1,
                          "Index Cond": "(person_id > 3870210)"
                        }
                      ]
                    },
                    {
                      "Node Type": "Hash",
                      "Parent Relationship": "Inner",
                      "Parallel Aware": true,
                      "Startup Cost": 45479.1,
                      "Total Cost": 45479.1,
                      "Plan Rows": 77130,
                      "Plan Width": 4,
                      "Actual Startup Time": 89.266,
                      "Actual Total Time": 89.267,
                      "Actual Rows": 38086,
                      "Actual Loops": 7,
                      "Hash Buckets": 524288,
                      "Original Hash Buckets": 524288,
                      "Hash Batches": 1,
                      "Original Hash Batches": 1,
                      "Peak Memory Usage": 14656,
                      "Plans": [
                        {
                          "Node Type": "Seq Scan",
                          "Parent Relationship": "Outer",
                          "Parallel Aware": true,
                          "Relation Name": "title",
                          "Alias": "t",
                          "Startup Cost": 0.0,
                          "Total Cost": 45479.1,
                          "Plan Rows": 77130,
                          "Plan Width": 4,
                          "Actual Startup Time": 0.077,
                          "Actual Total Time": 71.345,
                          "Actual Rows": 38086,
                          "Actual Loops": 7,
                          "Filter": "((kind_id < 7) AND (production_year > 2007))",
                          "Rows Removed by Filter": 323102
                        }
                      ]
                    }
                  ]
                }
              ]
            }
          ]
        }
      ]
    },
    "Planning Time": 0.631,
    "Triggers": [],
    "Execution Time": 253.348
  }
]