[
  {
    "Plan": {
      "Node Type": "Aggregate",
      "Strategy": "Plain",
      "Partial Mode": "Simple",
      "Parallel Aware": false,
      "Startup Cost": 9752.23,
      "Total Cost": 9752.24,
      "Plan Rows": 1,
      "Plan Width": 8,
      "Actual Startup Time": 5.322,
      "Actual Total Time": 5.323,
      "Actual Rows": 1,
      "Actual Loops": 1,
      "Plans": [
        {
          "Node Type": "Index Only Scan",
          "Parent Relationship": "Outer",
          "Parallel Aware": false,
          "Scan Direction": "Forward",
          "Index Name": "company_id_movie_companies",
          "Relation Name": "movie_companies",
          "Alias": "mc",
          "Startup Cost": 0.43,
          "Total Cost": 9742.01,
          "Plan Rows": 4088,
          "Plan Width": 0,
          "Actual Startup Time": 0.13,
          "Actual Total Time": 4.781,
          "Actual Rows": 4542,
          "Actual Loops": 1,
          "Index Cond": "(company_id = 52)",
          "Rows Removed by Index Recheck": 0,
          "Heap Fetches": 4542
        }
      ]
    },
    "Planning Time": 0.122,
    "Triggers": [],
    "Execution Time": 5.358
  }
]