[
  {
    "Plan": {
      "Node Type": "Aggregate",
      "Strategy": "Plain",
      "Partial Mode": "Finalize",
      "Parallel Aware": false,
      "Startup Cost": 69717.78,
      "Total Cost": 69717.79,
      "Plan Rows": 1,
      "Plan Width": 8,
      "Actual Startup Time": 117.016,
      "Actual Total Time": 133.992,
      "Actual Rows": 1,
      "Actual Loops": 1,
      "Plans": [
        {
          "Node Type": "Gather",
          "Parent Relationship": "Outer",
          "Parallel Aware": false,
          "Startup Cost": 69717.36,
          "Total Cost": 69717.77,
          "Plan Rows": 4,
          "Plan Width": 8,
          "Actual Startup Time": 116.834,
          "Actual Total Time": 133.977,
          "Actual Rows": 5,
          "Actual Loops": 1,
          "Workers Planned": 4,
          "Workers Launched": 4,
          "Single Copy": false,
          "Plans": [
            {
              "Node Type": "Aggregate",
              "Strategy": "Plain",
              "Partial Mode": "Partial",
              "Parent Relationship": "Outer",
              "Parallel Aware": false,
              "Startup Cost": 68717.36,
              "Total Cost": 68717.37,
              "Plan Rows": 1,
              "Plan Width": 8,
              "Actual Startup Time": 107.347,
              "Actual Total Time": 107.349,
              "Actual Rows": 1,
              "Actual Loops": 5,
              "Plans": [
                {
                  "Node Type": "Nested Loop",
                  "Parent Relationship": "Outer",
                  "Parallel Aware": false,
                  "Join Type": "Inner",
                  "Startup Cost": 0.43,
                  "Total Cost": 68712.01,
                  "Plan Rows": 2138,
                  "Plan Width": 0,
                  "Actual Startup Time": 1.014,
                  "Actual Total Time": 107.045,
                  "Actual Rows": 3447,
                  "Actual Loops": 5,
                  "Inner Unique": false,
                  "Plans": [
                    {
                      "Node Type": "Seq Scan",
                      "Parent Relationship": "Outer",
                      "Parallel Aware": true,
                      "Relation Name": "title",
                      "Alias": "t",
                      "Startup Cost": 0.0,
                      "Total Cost": 45479.59,
                      "Plan Rows": 2072,
                      "Plan Width": 4,
                      "Actual Startup Time": 0.83,
                      "Actual Total Time": 87.19,
                      "Actual Rows": 1664,
                      "Actual Loops": 5,
                      "Filter": "((kind_id < 7) AND (production_year = 1988))",
                      "Rows Removed by Filter": 503999
                    },
                    {
                      "Node Type": "Index Only Scan",
                      "Parent Relationship": "Inner",
                      "Parallel Aware": false,
                      "Scan Direction": "Forward",
                      "Index Name": "movie_id_movie_companies",
                      "Relation Name": "movie_companies",
                      "Alias": "mc",
                      "Startup Cost": 0.43,
                      "Total Cost": 11.16,
                      "Plan Rows": 5,
                      "Plan Width": 4,
                      "Actual Startup Time": 0.01,
                      "Actual Total Time": 0.011,
                      "Actual Rows": 2,
                      "Actual Loops": 8319,
                      "Index Cond": "(movie_id = t.id)",
                      "Rows Removed by Index Recheck": 0,
                      "Heap Fetches": 17237
                    }
                  ]
                }
              ]
            }
          ]
        }
      ]
    },
    "Planning Time": 0.231,
    "Triggers": [],
    "Execution Time": 134.032
  }
]