[
  {
    "Plan": {
      "Node Type": "Aggregate",
      "Strategy": "Plain",
      "Partial Mode": "Finalize",
      "Parallel Aware": false,
      "Startup Cost": 360584.16,
      "Total Cost": 360584.17,
      "Plan Rows": 1,
      "Plan Width": 8,
      "Actual Startup Time": 481.114,
      "Actual Total Time": 549.298,
      "Actual Rows": 1,
      "Actual Loops": 1,
      "Plans": [
        {
          "Node Type": "Gather",
          "Parent Relationship": "Outer",
          "Parallel Aware": false,
          "Startup Cost": 360583.74,
          "Total Cost": 360584.15,
          "Plan Rows": 4,
          "Plan Width": 8,
          "Actual Startup Time": 480.998,
          "Actual Total Time": 549.289,
          "Actual Rows": 5,
          "Actual Loops": 1,
          "Workers Planned": 4,
          "Workers Launched": 4,
          "Single Copy": false,
          "Plans": [
            {
              "Node Type": "Aggregate",
              "Strategy": "Plain",
              "Partial Mode": "Partial",
              "Parent Relationship": "Outer",
              "Parallel Aware": false,
              "Startup Cost": 359583.74,
              "Total Cost": 359583.75,
              "Plan Rows": 1,
              "Plan Width": 8,
              "Actual Startup Time": 471.386,
              "Actual Total Time": 471.387,
              "Actual Rows": 1,
              "Actual Loops": 5,
              "Plans": [
                {
                  "Node Type": "Nested Loop",
                  "Parent Relationship": "Outer",
                  "Parallel Aware": false,
                  "Join Type": "Inner",
                  "Startup Cost": 0.56,
                  "Total Cost": 359444.78,
                  "Plan Rows": 55582,
                  "Plan Width": 0,
                  "Actual Startup Time": 1.585,
                  "Actual Total Time": 468.661,
                  "Actual Rows": 35274,
                  "Actual Loops": 5,
                  "Inner Unique": false,
                  "Plans": [
                    {
                      "Node Type": "Seq Scan",
                      "Parent Relationship": "Outer",
                      "Parallel Aware": true,
                      "Relation Name": "title",
                      "Alias": "t",
                      "Startup Cost": 0.0,
                      "Total Cost": 45479.1,
                      "Plan Rows": 12616,
                      "Plan Width": 4,
                      "Actual Startup Time": 0.178,
                      "Actual Total Time": 68.225,
                      "Actual Rows": 8802,
                      "Actual Loops": 5,
                      "Filter": "((kind_id < 7) AND (production_year = 2009))",
                      "Rows Removed by Filter": 496860
                    },
                    {
                      "Node Type": "Index Scan",
                      "Parent Relationship": "Inner",
                      "Parallel Aware": false,
                      "Scan Direction": "Forward",
                      "Index Name": "movie_id_cast_info",
                      "Relation Name": "cast_info",
                      "Alias": "ci",
                      "Startup Cost": 0.56,
                      "Total Cost": 24.78,
                      "Plan Rows": 11,
                      "Plan Width": 4,
                      "Actual Startup Time": 0.016,
                      "Actual Total Time": 0.045,
                      "Actual Rows": 4,
                      "Actual Loops": 44012,
                      "Index Cond": "(movie_id = t.id)",
                      "Rows Removed by Index Recheck": 0,
                      "Filter": "((person_id > 384328) AND (role_id < 2))",
                      "Rows Removed by Filter": 12
                    }
                  ]
                }
              ]
            }
          ]
        }
      ]
    },
    "Planning Time": 0.423,
    "Triggers": [],
    "Execution Time": 549.366
  }
]