[
  {
    "Plan": {
      "Node Type": "Aggregate",
      "Strategy": "Plain",
      "Partial Mode": "Finalize",
      "Parallel Aware": false,
      "Startup Cost": 33069.92,
      "Total Cost": 33069.93,
      "Plan Rows": 1,
      "Plan Width": 8,
      "Actual Startup Time": 96.344,
      "Actual Total Time": 103.676,
      "Actual Rows": 1,
      "Actual Loops": 1,
      "Plans": [
        {
          "Node Type": "Gather",
          "Parent Relationship": "Outer",
          "Parallel Aware": false,
          "Startup Cost": 33069.6,
          "Total Cost": 33069.91,
          "Plan Rows": 3,
          "Plan Width": 8,
          "Actual Startup Time": 96.211,
          "Actual Total Time": 103.668,
          "Actual Rows": 4,
          "Actual Loops": 1,
          "Workers Planned": 3,
          "Workers Launched": 3,
          "Single Copy": false,
          "Plans": [
            {
              "Node Type": "Aggregate",
              "Strategy": "Plain",
              "Partial Mode": "Partial",
              "Parent Relationship": "Outer",
              "Parallel Aware": false,
              "Startup Cost": 32069.6,
              "Total Cost": 32069.61,
              "Plan Rows": 1,
              "Plan Width": 8,
              "Actual Startup Time": 87.665,
              "Actual Total Time": 87.666,
              "Actual Rows": 1,
              "Actual Loops": 4,
              "Plans": [
                {
                  "Node Type": "Seq Scan",
                  "Parent Relationship": "Outer",
                  "Parallel Aware": true,
                  "Relation Name": "movie_companies",
                  "Alias": "mc",
                  "Startup Cost": 0.0,
                  "Total Cost": 31414.82,
                  "Plan Rows": 261912,
                  "Plan Width": 0,
                  "Actual Startup Time": 4.45,
                  "Actual Total Time": 80.37,
                  "Actual Rows": 149444,
                  "Actual Loops": 4,
                  "Filter": "((company_id > 3915) AND (company_type_id = 1))",
                  "Rows Removed by Filter": 502838
                }
              ]
            }
          ]
        }
      ]
    },
    "Planning Time": 0.285,
    "Triggers": [],
    "Execution Time": 103.735
  }
]