[
    {
        "Bao": {
            "Bao prediction": "NaN",
            "Bao recommended hint": "(no hint)"
        }
    },
    {
        "Plan": {
            "Node Type": "Aggregate",
            "Strategy": "Plain",
            "Partial Mode": "Finalize",
            "Parallel Aware": false,
            "Startup Cost": 23834.22,
            "Total Cost": 23834.23,
            "Plan Rows": 1,
            "Plan Width": 8,
            "Actual Startup Time": 35.851,
            "Actual Total Time": 39.316,
            "Actual Rows": 1,
            "Actual Loops": 1,
            "Output": [
                "count(*)"
            ],
            "Plans": [
                {
                    "Node Type": "Gather",
                    "Parent Relationship": "Outer",
                    "Parallel Aware": false,
                    "Startup Cost": 23833.9,
                    "Total Cost": 23834.21,
                    "Plan Rows": 3,
                    "Plan Width": 8,
                    "Actual Startup Time": 35.646,
                    "Actual Total Time": 39.307,
                    "Actual Rows": 4,
                    "Actual Loops": 1,
                    "Output": [
                        "(PARTIAL count(*))"
                    ],
                    "Workers Planned": 3,
                    "Workers Launched": 3,
                    "Single Copy": false,
                    "Plans": [
                        {
                            "Node Type": "Aggregate",
                            "Strategy": "Plain",
                            "Partial Mode": "Partial",
                            "Parent Relationship": "Outer",
                            "Parallel Aware": false,
                            "Startup Cost": 22833.9,
                            "Total Cost": 22833.91,
                            "Plan Rows": 1,
                            "Plan Width": 8,
                            "Actual Startup Time": 27.009,
                            "Actual Total Time": 27.011,
                            "Actual Rows": 1,
                            "Actual Loops": 4,
                            "Output": [
                                "PARTIAL count(*)"
                            ],
                            "Workers": [
                                {
                                    "Worker Number": 0,
                                    "Actual Startup Time": 23.968,
                                    "Actual Total Time": 23.969,
                                    "Actual Rows": 1,
                                    "Actual Loops": 1
                                },
                                {
                                    "Worker Number": 1,
                                    "Actual Startup Time": 24.267,
                                    "Actual Total Time": 24.268,
                                    "Actual Rows": 1,
                                    "Actual Loops": 1
                                },
                                {
                                    "Worker Number": 2,
                                    "Actual Startup Time": 24.63,
                                    "Actual Total Time": 24.631,
                                    "Actual Rows": 1,
                                    "Actual Loops": 1
                                }
                            ],
                            "Plans": [
                                {
                                    "Node Type": "Bitmap Heap Scan",
                                    "Parent Relationship": "Outer",
                                    "Parallel Aware": true,
                                    "Relation Name": "movie_companies",
                                    "Schema": "public",
                                    "Alias": "mc",
                                    "Startup Cost": 3251.58,
                                    "Total Cost": 22771.85,
                                    "Plan Rows": 24821,
                                    "Plan Width": 0,
                                    "Actual Startup Time": 2.295,
                                    "Actual Total Time": 24.22,
                                    "Actual Rows": 38397,
                                    "Actual Loops": 4,
                                    "Recheck Cond": "(mc.company_id > 130562)",
                                    "Rows Removed by Index Recheck": 0,
                                    "Filter": "(mc.company_type_id > 1)",
                                    "Rows Removed by Filter": 0,
                                    "Exact Heap Blocks": 2481,
                                    "Lossy Heap Blocks": 0,
                                    "Workers": [
                                        {
                                            "Worker Number": 0,
                                            "Actual Startup Time": 0.174,
                                            "Actual Total Time": 21.647,
                                            "Actual Rows": 18445,
                                            "Actual Loops": 1
                                        },
                                        {
                                            "Worker Number": 1,
                                            "Actual Startup Time": 0.176,
                                            "Actual Total Time": 21.972,
                                            "Actual Rows": 20241,
                                            "Actual Loops": 1
                                        },
                                        {
                                            "Worker Number": 2,
                                            "Actual Startup Time": 0.149,
                                            "Actual Total Time": 22.271,
                                            "Actual Rows": 19177,
                                            "Actual Loops": 1
                                        }
                                    ],
                                    "Plans": [
                                        {
                                            "Node Type": "Bitmap Index Scan",
                                            "Parent Relationship": "Outer",
                                            "Parallel Aware": false,
                                            "Index Name": "company_id_movie_companies",
                                            "Startup Cost": 0.0,
                                            "Total Cost": 3232.34,
                                            "Plan Rows": 150922,
                                            "Plan Width": 0,
                                            "Actual Startup Time": 7.969,
                                            "Actual Total Time": 7.969,
                                            "Actual Rows": 153589,
                                            "Actual Loops": 1,
                                            "Index Cond": "(mc.company_id > 130562)"
                                        }
                                    ]
                                }
                            ]
                        }
                    ]
                }
            ]
        },
        "Planning Time": 188.234,
        "Triggers": [],
        "Execution Time": 39.416
    }
]