{
  "Plan": {
    "Node Type": "Aggregate",
    "Strategy": "Plain",
    "Partial Mode": "Finalize",
    "Parallel Aware": false,
    "Startup Cost": 398519.76,
    "Total Cost": 398519.77,
    "Plan Rows": 1,
    "Plan Width": 8,
    "Actual Startup Time": 1242.757,
    "Actual Total Time": 1261.563,
    "Actual Rows": 1,
    "Actual Loops": 1,
    "Plans": [
      {
        "Node Type": "Gather",
        "Parent Relationship": "Outer",
        "Parallel Aware": false,
        "Startup Cost": 398519.65,
        "Total Cost": 398519.76,
        "Plan Rows": 1,
        "Plan Width": 8,
        "Actual Startup Time": 1237.527,
        "Actual Total Time": 1261.555,
        "Actual Rows": 2,
        "Actual Loops": 1,
        "Workers Planned": 1,
        "Workers Launched": 1,
        "Single Copy": false,
        "Plans": [
          {
            "Node Type": "Aggregate",
            "Strategy": "Plain",
            "Partial Mode": "Partial",
            "Parent Relationship": "Outer",
            "Parallel Aware": false,
            "Startup Cost": 397519.65,
            "Total Cost": 397519.66,
            "Plan Rows": 1,
            "Plan Width": 8,
            "Actual Startup Time": 1225.547,
            "Actual Total Time": 1225.551,
            "Actual Rows": 1,
            "Actual Loops": 2,
            "Plans": [
              {
                "Node Type": "Hash Join",
                "Parent Relationship": "Outer",
                "Parallel Aware": true,
                "Join Type": "Inner",
                "Startup Cost": 120755.41,
                "Total Cost": 394104.44,
                "Plan Rows": 1366084,
                "Plan Width": 0,
                "Actual Startup Time": 603.263,
                "Actual Total Time": 1177.522,
                "Actual Rows": 1114146,
                "Actual Loops": 2,
                "Inner Unique": true,
                "Hash Cond": "(ci.movie_id = t.id)",
                "Plans": [
                  {
                    "Node Type": "Bitmap Heap Scan",
                    "Parent Relationship": "Outer",
                    "Parallel Aware": true,
                    "Relation Name": "cast_info",
                    "Alias": "ci",
                    "Startup Cost": 51294.72,
                    "Total Cost": 321057.76,
                    "Plan Rows": 1366084,
                    "Plan Width": 4,
                    "Actual Startup Time": 73.851,
                    "Actual Total Time": 197.742,
                    "Actual Rows": 1114146,
                    "Actual Loops": 2,
                    "Recheck Cond": "(person_id > 3626443)",
                    "Rows Removed by Index Recheck": 0,
                    "Exact Heap Blocks": 16890,
                    "Lossy Heap Blocks": 0,
                    "Plans": [
                      {
                        "Node Type": "Bitmap Index Scan",
                        "Parent Relationship": "Outer",
                        "Parallel Aware": false,
                        "Index Name": "person_id_cast_info",
                        "Startup Cost": 0.0,
                        "Total Cost": 50714.13,
                        "Plan Rows": 2322342,
                        "Plan Width": 0,
                        "Actual Startup Time": 68.526,
                        "Actual Total Time": 68.526,
                        "Actual Rows": 2228291,
                        "Actual Loops": 1,
                        "Index Cond": "(person_id > 3626443)"
                      }
                    ]
                  },
                  {
                    "Node Type": "Hash",
                    "Parent Relationship": "Inner",
                    "Parallel Aware": true,
                    "Startup Cost": 50870.31,
                    "Total Cost": 50870.31,
                    "Plan Rows": 1487231,
                    "Plan Width": 4,
                    "Actual Startup Time": 507.394,
                    "Actual Total Time": 507.395,
                    "Actual Rows": 1264156,
                    "Actual Loops": 2,
                    "Hash Buckets": 4194304,
                    "Original Hash Buckets": 4194304,
                    "Hash Batches": 1,
                    "Original Hash Batches": 1,
                    "Peak Memory Usage": 131712,
                    "Plans": [
                      {
                        "Node Type": "Seq Scan",
                        "Parent Relationship": "Outer",
                        "Parallel Aware": true,
                        "Relation Name": "title",
                        "Alias": "t",
                        "Startup Cost": 0.0,
                        "Total Cost": 50870.31,
                        "Plan Rows": 1487231,
                        "Plan Width": 4,
                        "Actual Startup Time": 0.024,
                        "Actual Total Time": 147.652,
                        "Actual Rows": 1264156,
                        "Actual Loops": 2
                      }
                    ]
                  }
                ]
              }
            ]
          }
        ]
      }
    ]
  },
  "Planning Time": 0.673,
  "Triggers": [],
  "Execution Time": 1261.651
}