{
  "Plan": {
    "Node Type": "Aggregate",
    "Strategy": "Plain",
    "Partial Mode": "Finalize",
    "Parallel Aware": false,
    "Startup Cost": 42542.37,
    "Total Cost": 42542.38,
    "Plan Rows": 1,
    "Plan Width": 8,
    "Actual Startup Time": 66.919,
    "Actual Total Time": 75.298,
    "Actual Rows": 1,
    "Actual Loops": 1,
    "Plans": [
      {
        "Node Type": "Gather",
        "Parent Relationship": "Outer",
        "Parallel Aware": false,
        "Startup Cost": 42542.26,
        "Total Cost": 42542.37,
        "Plan Rows": 1,
        "Plan Width": 8,
        "Actual Startup Time": 66.819,
        "Actual Total Time": 75.292,
        "Actual Rows": 2,
        "Actual Loops": 1,
        "Workers Planned": 1,
        "Workers Launched": 1,
        "Single Copy": false,
        "Plans": [
          {
            "Node Type": "Aggregate",
            "Strategy": "Plain",
            "Partial Mode": "Partial",
            "Parent Relationship": "Outer",
            "Parallel Aware": false,
            "Startup Cost": 41542.26,
            "Total Cost": 41542.27,
            "Plan Rows": 1,
            "Plan Width": 8,
            "Actual Startup Time": 60.668,
            "Actual Total Time": 60.67,
            "Actual Rows": 1,
            "Actual Loops": 2,
            "Plans": [
              {
                "Node Type": "Nested Loop",
                "Parent Relationship": "Outer",
                "Parallel Aware": false,
                "Join Type": "Inner",
                "Startup Cost": 132.04,
                "Total Cost": 41540.97,
                "Plan Rows": 518,
                "Plan Width": 0,
                "Actual Startup Time": 4.781,
                "Actual Total Time": 60.546,
                "Actual Rows": 766,
                "Actual Loops": 2,
                "Inner Unique": false,
                "Plans": [
                  {
                    "Node Type": "Nested Loop",
                    "Parent Relationship": "Outer",
                    "Parallel Aware": false,
                    "Join Type": "Inner",
                    "Startup Cost": 131.61,
                    "Total Cost": 39421.78,
                    "Plan Rows": 3548,
                    "Plan Width": 8,
                    "Actual Startup Time": 3.603,
                    "Actual Total Time": 33.056,
                    "Actual Rows": 2696,
                    "Actual Loops": 2,
                    "Inner Unique": true,
                    "Plans": [
                      {
                        "Node Type": "Bitmap Heap Scan",
                        "Parent Relationship": "Outer",
                        "Parallel Aware": true,
                        "Relation Name": "movie_keyword",
                        "Alias": "mk",
                        "Startup Cost": 131.18,
                        "Total Cost": 14106.22,
                        "Plan Rows": 3548,
                        "Plan Width": 4,
                        "Actual Startup Time": 3.456,
                        "Actual Total Time": 12.738,
                        "Actual Rows": 2696,
                        "Actual Loops": 2,
                        "Recheck Cond": "(keyword_id = 460)",
                        "Rows Removed by Index Recheck": 0,
                        "Exact Heap Blocks": 3748,
                        "Lossy Heap Blocks": 0,
                        "Plans": [
                          {
                            "Node Type": "Bitmap Index Scan",
                            "Parent Relationship": "Outer",
                            "Parallel Aware": false,
                            "Index Name": "keyword_id_movie_keyword",
                            "Startup Cost": 0.0,
                            "Total Cost": 129.67,
                            "Plan Rows": 6032,
                            "Plan Width": 0,
                            "Actual Startup Time": 4.232,
                            "Actual Total Time": 4.233,
                            "Actual Rows": 5392,
                            "Actual Loops": 1,
                            "Index Cond": "(keyword_id = 460)"
                          }
                        ]
                      },
                      {
                        "Node Type": "Index Only Scan",
                        "Parent Relationship": "Inner",
                        "Parallel Aware": false,
                        "Scan Direction": "Forward",
                        "Index Name": "title_pkey",
                        "Relation Name": "title",
                        "Alias": "t",
                        "Startup Cost": 0.43,
                        "Total Cost": 7.14,
                        "Plan Rows": 1,
                        "Plan Width": 4,
                        "Actual Startup Time": 0.007,
                        "Actual Total Time": 0.007,
                        "Actual Rows": 1,
                        "Actual Loops": 5392,
                        "Index Cond": "(id = mk.movie_id)",
                        "Rows Removed by Index Recheck": 0,
                        "Heap Fetches": 5392
                      }
                    ]
                  },
                  {
                    "Node Type": "Index Scan",
                    "Parent Relationship": "Inner",
                    "Parallel Aware": false,
                    "Scan Direction": "Forward",
                    "Index Name": "movie_id_movie_companies",
                    "Relation Name": "movie_companies",
                    "Alias": "mc",
                    "Startup Cost": 0.43,
                    "Total Cost": 0.59,
                    "Plan Rows": 1,
                    "Plan Width": 4,
                    "Actual Startup Time": 0.01,
                    "Actual Total Time": 0.01,
                    "Actual Rows": 0,
                    "Actual Loops": 5392,
                    "Index Cond": "(movie_id = t.id)",
                    "Rows Removed by Index Recheck": 0,
                    "Filter": "((company_id < 1404) AND (company_type_id = 2))",
                    "Rows Removed by Filter": 9
                  }
                ]
              }
            ]
          }
        ]
      }
    ]
  },
  "Planning Time": 1.094,
  "Triggers": [],
  "Execution Time": 75.401
}