{
    "Plan": {
        "Node Type": "Aggregate",
        "Strategy": "Plain",
        "Partial Mode": "Finalize",
        "Parallel Aware": false,
        "Startup Cost": 83174.47,
        "Total Cost": 83174.48,
        "Plan Rows": 1,
        "Plan Width": 8,
        "Actual Startup Time": 531.633,
        "Actual Total Time": 548.389,
        "Actual Rows": 1,
        "Actual Loops": 1,
        "Output": [
            "count(*)"
        ],
        "Plans": [
            {
                "Node Type": "Gather",
                "Parent Relationship": "Outer",
                "Parallel Aware": false,
                "Startup Cost": 83174.15,
                "Total Cost": 83174.46,
                "Plan Rows": 3,
                "Plan Width": 8,
                "Actual Startup Time": 524.71,
                "Actual Total Time": 548.378,
                "Actual Rows": 4,
                "Actual Loops": 1,
                "Output": [
                    "(PARTIAL count(*))"
                ],
                "Workers Planned": 3,
                "Workers Launched": 3,
                "Single Copy": false,
                "Plans": [
                    {
                        "Node Type": "Aggregate",
                        "Strategy": "Plain",
                        "Partial Mode": "Partial",
                        "Parent Relationship": "Outer",
                        "Parallel Aware": false,
                        "Startup Cost": 82174.15,
                        "Total Cost": 82174.16,
                        "Plan Rows": 1,
                        "Plan Width": 8,
                        "Actual Startup Time": 505.805,
                        "Actual Total Time": 505.809,
                        "Actual Rows": 1,
                        "Actual Loops": 4,
                        "Output": [
                            "PARTIAL count(*)"
                        ],
                        "Workers": [
                            {
                                "Worker Number": 0,
                                "Actual Startup Time": 499.296,
                                "Actual Total Time": 499.299,
                                "Actual Rows": 1,
                                "Actual Loops": 1
                            },
                            {
                                "Worker Number": 1,
                                "Actual Startup Time": 500.586,
                                "Actual Total Time": 500.589,
                                "Actual Rows": 1,
                                "Actual Loops": 1
                            },
                            {
                                "Worker Number": 2,
                                "Actual Startup Time": 499.367,
                                "Actual Total Time": 499.37,
                                "Actual Rows": 1,
                                "Actual Loops": 1
                            }
                        ],
                        "Plans": [
                            {
                                "Node Type": "Hash Join",
                                "Parent Relationship": "Outer",
                                "Parallel Aware": true,
                                "Join Type": "Inner",
                                "Startup Cost": 50870.48,
                                "Total Cost": 81264.11,
                                "Plan Rows": 364016,
                                "Plan Width": 0,
                                "Actual Startup Time": 339.549,
                                "Actual Total Time": 495.654,
                                "Actual Rows": 256652,
                                "Actual Loops": 4,
                                "Inner Unique": true,
                                "Hash Cond": "(mc.movie_id = t.id)",
                                "Workers": [
                                    {
                                        "Worker Number": 0,
                                        "Actual Startup Time": 333.402,
                                        "Actual Total Time": 489.206,
                                        "Actual Rows": 262782,
                                        "Actual Loops": 1
                                    },
                                    {
                                        "Worker Number": 1,
                                        "Actual Startup Time": 333.421,
                                        "Actual Total Time": 490.613,
                                        "Actual Rows": 259427,
                                        "Actual Loops": 1
                                    },
                                    {
                                        "Worker Number": 2,
                                        "Actual Startup Time": 333.479,
                                        "Actual Total Time": 489.278,
                                        "Actual Rows": 261843,
                                        "Actual Loops": 1
                                    }
                                ],
                                "Plans": [
                                    {
                                        "Node Type": "Seq Scan",
                                        "Parent Relationship": "Outer",
                                        "Parallel Aware": true,
                                        "Relation Name": "movie_companies",
                                        "Schema": "public",
                                        "Alias": "mc",
                                        "Startup Cost": 0.0,
                                        "Total Cost": 29310.68,
                                        "Plan Rows": 412551,
                                        "Plan Width": 4,
                                        "Actual Startup Time": 0.024,
                                        "Actual Total Time": 60.417,
                                        "Actual Rows": 318562,
                                        "Actual Loops": 4,
                                        "Output": [
                                            "mc.id",
                                            "mc.movie_id",
                                            "mc.company_id",
                                            "mc.company_type_id",
                                            "mc.note"
                                        ],
                                        "Filter": "(mc.company_type_id < 2)",
                                        "Rows Removed by Filter": 333721,
                                        "Workers": [
                                            {
                                                "Worker Number": 0,
                                                "Actual Startup Time": 0.027,
                                                "Actual Total Time": 61.997,
                                                "Actual Rows": 327501,
                                                "Actual Loops": 1
                                            },
                                            {
                                                "Worker Number": 1,
                                                "Actual Startup Time": 0.03,
                                                "Actual Total Time": 61.548,
                                                "Actual Rows": 320922,
                                                "Actual Loops": 1
                                            },
                                            {
                                                "Worker Number": 2,
                                                "Actual Startup Time": 0.027,
                                                "Actual Total Time": 61.885,
                                                "Actual Rows": 324375,
                                                "Actual Loops": 1
                                            }
                                        ]
                                    },
                                    {
                                        "Node Type": "Hash",
                                        "Parent Relationship": "Inner",
                                        "Parallel Aware": true,
                                        "Startup Cost": 43899.01,
                                        "Total Cost": 43899.01,
                                        "Plan Rows": 557718,
                                        "Plan Width": 4,
                                        "Actual Startup Time": 327.738,
                                        "Actual Total Time": 327.74,
                                        "Actual Rows": 558776,
                                        "Actual Loops": 4,
                                        "Output": [
                                            "t.id"
                                        ],
                                        "Hash Buckets": 4194304,
                                        "Original Hash Buckets": 4194304,
                                        "Hash Batches": 1,
                                        "Original Hash Batches": 1,
                                        "Peak Memory Usage": 120256,
                                        "Workers": [
                                            {
                                                "Worker Number": 0,
                                                "Actual Startup Time": 332.554,
                                                "Actual Total Time": 332.555,
                                                "Actual Rows": 545699,
                                                "Actual Loops": 1
                                            },
                                            {
                                                "Worker Number": 1,
                                                "Actual Startup Time": 332.555,
                                                "Actual Total Time": 332.557,
                                                "Actual Rows": 541432,
                                                "Actual Loops": 1
                                            },
                                            {
                                                "Worker Number": 2,
                                                "Actual Startup Time": 332.623,
                                                "Actual Total Time": 332.624,
                                                "Actual Rows": 541932,
                                                "Actual Loops": 1
                                            }
                                        ],
                                        "Plans": [
                                            {
                                                "Node Type": "Seq Scan",
                                                "Parent Relationship": "Outer",
                                                "Parallel Aware": true,
                                                "Relation Name": "title",
                                                "Schema": "public",
                                                "Alias": "t",
                                                "Startup Cost": 0.0,
                                                "Total Cost": 43899.01,
                                                "Plan Rows": 557718,
                                                "Plan Width": 4,
                                                "Actual Startup Time": 0.054,
                                                "Actual Total Time": 110.989,
                                                "Actual Rows": 558776,
                                                "Actual Loops": 4,
                                                "Output": [
                                                    "t.id"
                                                ],
                                                "Filter": "(t.production_year > 1957)",
                                                "Rows Removed by Filter": 73302,
                                                "Workers": [
                                                    {
                                                        "Worker Number": 0,
                                                        "Actual Startup Time": 0.063,
                                                        "Actual Total Time": 115.375,
                                                        "Actual Rows": 545699,
                                                        "Actual Loops": 1
                                                    },
                                                    {
                                                        "Worker Number": 1,
                                                        "Actual Startup Time": 0.072,
                                                        "Actual Total Time": 114.742,
                                                        "Actual Rows": 541432,
                                                        "Actual Loops": 1
                                                    },
                                                    {
                                                        "Worker Number": 2,
                                                        "Actual Startup Time": 0.062,
                                                        "Actual Total Time": 115.102,
                                                        "Actual Rows": 541932,
                                                        "Actual Loops": 1
                                                    }
                                                ]
                                            }
                                        ]
                                    }
                                ]
                            }
                        ]
                    }
                ]
            }
        ]
    },
    "Planning Time": 0.746,
    "Triggers": [],
    "Execution Time": 548.467
}