[
  {
    "Plan": {
      "Node Type": "Aggregate",
      "Strategy": "Plain",
      "Partial Mode": "Finalize",
      "Parallel Aware": false,
      "Startup Cost": 93750.04,
      "Total Cost": 93750.05,
      "Plan Rows": 1,
      "Plan Width": 8,
      "Actual Startup Time": 457.957,
      "Actual Total Time": 475.39,
      "Actual Rows": 1,
      "Actual Loops": 1,
      "Plans": [
        {
          "Node Type": "Gather",
          "Parent Relationship": "Outer",
          "Parallel Aware": false,
          "Startup Cost": 93749.72,
          "Total Cost": 93750.03,
          "Plan Rows": 3,
          "Plan Width": 8,
          "Actual Startup Time": 452.786,
          "Actual Total Time": 475.379,
          "Actual Rows": 4,
          "Actual Loops": 1,
          "Workers Planned": 3,
          "Workers Launched": 3,
          "Single Copy": false,
          "Plans": [
            {
              "Node Type": "Aggregate",
              "Strategy": "Plain",
              "Partial Mode": "Partial",
              "Parent Relationship": "Outer",
              "Parallel Aware": false,
              "Startup Cost": 92749.72,
              "Total Cost": 92749.73,
              "Plan Rows": 1,
              "Plan Width": 8,
              "Actual Startup Time": 445.914,
              "Actual Total Time": 445.918,
              "Actual Rows": 1,
              "Actual Loops": 4,
              "Plans": [
                {
                  "Node Type": "Hash Join",
                  "Parent Relationship": "Outer",
                  "Parallel Aware": true,
                  "Join Type": "Inner",
                  "Startup Cost": 48362.21,
                  "Total Cost": 92313.46,
                  "Plan Rows": 174505,
                  "Plan Width": 0,
                  "Actual Startup Time": 212.84,
                  "Actual Total Time": 427.904,
                  "Actual Rows": 316276,
                  "Actual Loops": 4,
                  "Inner Unique": true,
                  "Hash Cond": "(mk.movie_id = t.id)",
                  "Plans": [
                    {
                      "Node Type": "Seq Scan",
                      "Parent Relationship": "Outer",
                      "Parallel Aware": true,
                      "Relation Name": "movie_keyword",
                      "Alias": "mk",
                      "Startup Cost": 0.0,
                      "Total Cost": 42695.65,
                      "Plan Rows": 478321,
                      "Plan Width": 4,
                      "Actual Startup Time": 0.031,
                      "Actual Total Time": 119.87,
                      "Actual Rows": 370394,
                      "Actual Loops": 4,
                      "Filter": "(keyword_id < 2115)",
                      "Rows Removed by Filter": 760588
                    },
                    {
                      "Node Type": "Hash",
                      "Parent Relationship": "Inner",
                      "Parallel Aware": true,
                      "Startup Cost": 45479.59,
                      "Total Cost": 45479.59,
                      "Plan Rows": 230610,
                      "Plan Width": 4,
                      "Actual Startup Time": 209.545,
                      "Actual Total Time": 209.546,
                      "Actual Rows": 221220,
                      "Actual Loops": 4,
                      "Hash Buckets": 1048576,
                      "Original Hash Buckets": 1048576,
                      "Hash Batches": 1,
                      "Original Hash Batches": 1,
                      "Peak Memory Usage": 42880,
                      "Plans": [
                        {
                          "Node Type": "Seq Scan",
                          "Parent Relationship": "Outer",
                          "Parallel Aware": true,
                          "Relation Name": "title",
                          "Alias": "t",
                          "Startup Cost": 0.0,
                          "Total Cost": 45479.59,
                          "Plan Rows": 230610,
                          "Plan Width": 4,
                          "Actual Startup Time": 0.036,
                          "Actual Total Time": 122.304,
                          "Actual Rows": 221220,
                          "Actual Loops": 4,
                          "Filter": "((kind_id < 7) AND (production_year > 1921))",
                          "Rows Removed by Filter": 410858
                        }
                      ]
                    }
                  ]
                }
              ]
            }
          ]
        }
      ]
    },
    "Planning Time": 0.297,
    "Triggers": [],
    "Execution Time": 475.437
  }
]