[
  {
    "Plan": {
      "Node Type": "Aggregate",
      "Strategy": "Plain",
      "Partial Mode": "Finalize",
      "Parallel Aware": false,
      "Startup Cost": 47510.3,
      "Total Cost": 47510.31,
      "Plan Rows": 1,
      "Plan Width": 8,
      "Actual Startup Time": 116.98,
      "Actual Total Time": 128.799,
      "Actual Rows": 1,
      "Actual Loops": 1,
      "Plans": [
        {
          "Node Type": "Gather",
          "Parent Relationship": "Outer",
          "Parallel Aware": false,
          "Startup Cost": 47509.88,
          "Total Cost": 47510.29,
          "Plan Rows": 4,
          "Plan Width": 8,
          "Actual Startup Time": 116.84,
          "Actual Total Time": 128.79,
          "Actual Rows": 5,
          "Actual Loops": 1,
          "Workers Planned": 4,
          "Workers Launched": 4,
          "Single Copy": false,
          "Plans": [
            {
              "Node Type": "Aggregate",
              "Strategy": "Plain",
              "Partial Mode": "Partial",
              "Parent Relationship": "Outer",
              "Parallel Aware": false,
              "Startup Cost": 46509.88,
              "Total Cost": 46509.89,
              "Plan Rows": 1,
              "Plan Width": 8,
              "Actual Startup Time": 108.575,
              "Actual Total Time": 108.576,
              "Actual Rows": 1,
              "Actual Loops": 5,
              "Plans": [
                {
                  "Node Type": "Seq Scan",
                  "Parent Relationship": "Outer",
                  "Parallel Aware": true,
                  "Relation Name": "title",
                  "Alias": "t",
                  "Startup Cost": 0.0,
                  "Total Cost": 45479.1,
                  "Plan Rows": 412314,
                  "Plan Width": 0,
                  "Actual Startup Time": 0.042,
                  "Actual Total Time": 91.179,
                  "Actual Rows": 341850,
                  "Actual Loops": 5,
                  "Filter": "((kind_id > 2) AND (production_year > 1927))",
                  "Rows Removed by Filter": 163813
                }
              ]
            }
          ]
        }
      ]
    },
    "Planning Time": 0.241,
    "Triggers": [],
    "Execution Time": 128.863
  }
]