[
  {
    "Plan": {
      "Node Type": "Aggregate",
      "Strategy": "Plain",
      "Partial Mode": "Finalize",
      "Parallel Aware": false,
      "Startup Cost": 81977.52,
      "Total Cost": 81977.53,
      "Plan Rows": 1,
      "Plan Width": 8,
      "Actual Startup Time": 488.965,
      "Actual Total Time": 509.274,
      "Actual Rows": 1,
      "Actual Loops": 1,
      "Plans": [
        {
          "Node Type": "Gather",
          "Parent Relationship": "Outer",
          "Parallel Aware": false,
          "Startup Cost": 81977.2,
          "Total Cost": 81977.51,
          "Plan Rows": 3,
          "Plan Width": 8,
          "Actual Startup Time": 480.724,
          "Actual Total Time": 509.263,
          "Actual Rows": 4,
          "Actual Loops": 1,
          "Workers Planned": 3,
          "Workers Launched": 3,
          "Single Copy": false,
          "Plans": [
            {
              "Node Type": "Aggregate",
              "Strategy": "Plain",
              "Partial Mode": "Partial",
              "Parent Relationship": "Outer",
              "Parallel Aware": false,
              "Startup Cost": 80977.2,
              "Total Cost": 80977.21,
              "Plan Rows": 1,
              "Plan Width": 8,
              "Actual Startup Time": 462.844,
              "Actual Total Time": 462.848,
              "Actual Rows": 1,
              "Actual Loops": 4,
              "Plans": [
                {
                  "Node Type": "Hash Join",
                  "Parent Relationship": "Outer",
                  "Parallel Aware": true,
                  "Join Type": "Inner",
                  "Startup Cost": 55191.44,
                  "Total Cost": 80788.3,
                  "Plan Rows": 75561,
                  "Plan Width": 0,
                  "Actual Startup Time": 392.528,
                  "Actual Total Time": 459.585,
                  "Actual Rows": 55816,
                  "Actual Loops": 4,
                  "Inner Unique": true,
                  "Hash Cond": "(mk.movie_id = t.id)",
                  "Plans": [
                    {
                      "Node Type": "Bitmap Heap Scan",
                      "Parent Relationship": "Outer",
                      "Parallel Aware": true,
                      "Relation Name": "movie_keyword",
                      "Alias": "mk",
                      "Startup Cost": 4971.79,
                      "Total Cost": 30370.31,
                      "Plan Rows": 75561,
                      "Plan Width": 4,
                      "Actual Startup Time": 23.94,
                      "Actual Total Time": 67.856,
                      "Actual Rows": 55816,
                      "Actual Loops": 4,
                      "Recheck Cond": "(keyword_id > 64187)",
                      "Rows Removed by Index Recheck": 0,
                      "Exact Heap Blocks": 5471,
                      "Lossy Heap Blocks": 0,
                      "Plans": [
                        {
                          "Node Type": "Bitmap Index Scan",
                          "Parent Relationship": "Outer",
                          "Parallel Aware": false,
                          "Index Name": "keyword_id_movie_keyword",
                          "Startup Cost": 0.0,
                          "Total Cost": 4913.23,
                          "Plan Rows": 234240,
                          "Plan Width": 0,
                          "Actual Startup Time": 19.073,
                          "Actual Total Time": 19.073,
                          "Actual Rows": 223264,
                          "Actual Loops": 1,
                          "Index Cond": "(keyword_id > 64187)"
                        }
                      ]
                    },
                    {
                      "Node Type": "Hash",
                      "Parent Relationship": "Inner",
                      "Parallel Aware": true,
                      "Startup Cost": 42318.73,
                      "Total Cost": 42318.73,
                      "Plan Rows": 632073,
                      "Plan Width": 4,
                      "Actual Startup Time": 356.981,
                      "Actual Total Time": 356.982,
                      "Actual Rows": 632078,
                      "Actual Loops": 4,
                      "Hash Buckets": 4194304,
                      "Original Hash Buckets": 4194304,
                      "Hash Batches": 1,
                      "Original Hash Batches": 1,
                      "Peak Memory Usage": 131744,
                      "Plans": [
                        {
                          "Node Type": "Seq Scan",
                          "Parent Relationship": "Outer",
                          "Parallel Aware": true,
                          "Relation Name": "title",
                          "Alias": "t",
                          "Startup Cost": 0.0,
                          "Total Cost": 42318.73,
                          "Plan Rows": 632073,
                          "Plan Width": 4,
                          "Actual Startup Time": 0.036,
                          "Actual Total Time": 104.677,
                          "Actual Rows": 632078,
                          "Actual Loops": 4
                        }
                      ]
                    }
                  ]
                }
              ]
            }
          ]
        }
      ]
    },
    "Planning Time": 0.591,
    "Triggers": [],
    "Execution Time": 509.363
  }
]