[
  {
    "Plan": {
      "Node Type": "Aggregate",
      "Strategy": "Plain",
      "Partial Mode": "Finalize",
      "Parallel Aware": false,
      "Startup Cost": 30841.05,
      "Total Cost": 30841.06,
      "Plan Rows": 1,
      "Plan Width": 8,
      "Actual Startup Time": 94.509,
      "Actual Total Time": 102.186,
      "Actual Rows": 1,
      "Actual Loops": 1,
      "Plans": [
        {
          "Node Type": "Gather",
          "Parent Relationship": "Outer",
          "Parallel Aware": false,
          "Startup Cost": 30840.73,
          "Total Cost": 30841.04,
          "Plan Rows": 3,
          "Plan Width": 8,
          "Actual Startup Time": 94.399,
          "Actual Total Time": 102.178,
          "Actual Rows": 4,
          "Actual Loops": 1,
          "Workers Planned": 3,
          "Workers Launched": 3,
          "Single Copy": false,
          "Plans": [
            {
              "Node Type": "Aggregate",
              "Strategy": "Plain",
              "Partial Mode": "Partial",
              "Parent Relationship": "Outer",
              "Parallel Aware": false,
              "Startup Cost": 29840.73,
              "Total Cost": 29840.74,
              "Plan Rows": 1,
              "Plan Width": 8,
              "Actual Startup Time": 85.849,
              "Actual Total Time": 85.85,
              "Actual Rows": 1,
              "Actual Loops": 4,
              "Plans": [
                {
                  "Node Type": "Seq Scan",
                  "Parent Relationship": "Outer",
                  "Parallel Aware": true,
                  "Relation Name": "movie_companies",
                  "Alias": "mc",
                  "Startup Cost": 0.0,
                  "Total Cost": 29310.68,
                  "Plan Rows": 212020,
                  "Plan Width": 0,
                  "Actual Startup Time": 0.053,
                  "Actual Total Time": 74.416,
                  "Actual Rows": 163732,
                  "Actual Loops": 4,
                  "Filter": "(company_id < 913)",
                  "Rows Removed by Filter": 488550
                }
              ]
            }
          ]
        }
      ]
    },
    "Planning Time": 0.19,
    "Triggers": [],
    "Execution Time": 102.242
  }
]