[
  {
    "Plan": {
      "Node Type": "Aggregate",
      "Strategy": "Plain",
      "Partial Mode": "Finalize",
      "Parallel Aware": false,
      "Startup Cost": 123745.49,
      "Total Cost": 123745.5,
      "Plan Rows": 1,
      "Plan Width": 8,
      "Actual Startup Time": 932.522,
      "Actual Total Time": 963.361,
      "Actual Rows": 1,
      "Actual Loops": 1,
      "Plans": [
        {
          "Node Type": "Gather",
          "Parent Relationship": "Outer",
          "Parallel Aware": false,
          "Startup Cost": 123745.17,
          "Total Cost": 123745.48,
          "Plan Rows": 3,
          "Plan Width": 8,
          "Actual Startup Time": 918.81,
          "Actual Total Time": 963.348,
          "Actual Rows": 4,
          "Actual Loops": 1,
          "Workers Planned": 3,
          "Workers Launched": 3,
          "Single Copy": false,
          "Plans": [
            {
              "Node Type": "Aggregate",
              "Strategy": "Plain",
              "Partial Mode": "Partial",
              "Parent Relationship": "Outer",
              "Parallel Aware": false,
              "Startup Cost": 122745.17,
              "Total Cost": 122745.18,
              "Plan Rows": 1,
              "Plan Width": 8,
              "Actual Startup Time": 909.384,
              "Actual Total Time": 909.514,
              "Actual Rows": 1,
              "Actual Loops": 4,
              "Plans": [
                {
                  "Node Type": "Hash Join",
                  "Parent Relationship": "Outer",
                  "Parallel Aware": true,
                  "Join Type": "Inner",
                  "Startup Cost": 91328.71,
                  "Total Cost": 122285.1,
                  "Plan Rows": 184029,
                  "Plan Width": 0,
                  "Actual Startup Time": 609.059,
                  "Actual Total Time": 867.699,
                  "Actual Rows": 840958,
                  "Actual Loops": 4,
                  "Inner Unique": false,
                  "Hash Cond": "(mc.movie_id = t.id)",
                  "Plans": [
                    {
                      "Node Type": "Seq Scan",
                      "Parent Relationship": "Outer",
                      "Parallel Aware": true,
                      "Relation Name": "movie_companies",
                      "Alias": "mc",
                      "Startup Cost": 0.0,
                      "Total Cost": 27206.55,
                      "Plan Rows": 841655,
                      "Plan Width": 4,
                      "Actual Startup Time": 0.023,
                      "Actual Total Time": 66.824,
                      "Actual Rows": 652282,
                      "Actual Loops": 4
                    },
                    {
                      "Node Type": "Hash",
                      "Parent Relationship": "Inner",
                      "Parallel Aware": true,
                      "Startup Cost": 89099.61,
                      "Total Cost": 89099.61,
                      "Plan Rows": 178328,
                      "Plan Width": 8,
                      "Actual Startup Time": 603.9,
                      "Actual Total Time": 604.027,
                      "Actual Rows": 141630,
                      "Actual Loops": 4,
                      "Hash Buckets": 1048576,
                      "Original Hash Buckets": 1048576,
                      "Hash Batches": 1,
                      "Original Hash Batches": 1,
                      "Peak Memory Usage": 30432,
                      "Plans": [
                        {
                          "Node Type": "Hash Join",
                          "Parent Relationship": "Outer",
                          "Parallel Aware": true,
                          "Join Type": "Inner",
                          "Startup Cost": 61948.4,
                          "Total Cost": 89099.61,
                          "Plan Rows": 178328,
                          "Plan Width": 8,
                          "Actual Startup Time": 424.188,
                          "Actual Total Time": 552.806,
                          "Actual Rows": 141630,
                          "Actual Loops": 4,
                          "Inner Unique": true,
                          "Hash Cond": "(mk.movie_id = t.id)",
                          "Plans": [
                            {
                              "Node Type": "Bitmap Heap Scan",
                              "Parent Relationship": "Outer",
                              "Parallel Aware": true,
                              "Relation Name": "movie_keyword",
                              "Alias": "mk",
                              "Startup Cost": 11728.76,
                              "Total Cost": 38411.85,
                              "Plan Rows": 178328,
                              "Plan Width": 4,
                              "Actual Startup Time": 33.16,
                              "Actual Total Time": 96.746,
                              "Actual Rows": 141630,
                              "Actual Loops": 4,
                              "Recheck Cond": "(keyword_id < 400)",
                              "Rows Removed by Index Recheck": 0,
                              "Exact Heap Blocks": 7670,
                              "Lossy Heap Blocks": 0,
                              "Plans": [
                                {
                                  "Node Type": "Bitmap Index Scan",
                                  "Parent Relationship": "Outer",
                                  "Parallel Aware": false,
                                  "Index Name": "keyword_id_movie_keyword",
                                  "Startup Cost": 0.0,
                                  "Total Cost": 11590.55,
                                  "Plan Rows": 552816,
                                  "Plan Width": 0,
                                  "Actual Startup Time": 29.501,
                                  "Actual Total Time": 29.501,
                                  "Actual Rows": 566520,
                                  "Actual Loops": 1,
                                  "Index Cond": "(keyword_id < 400)"
                                }
                              ]
                            },
                            {
                              "Node Type": "Hash",
                              "Parent Relationship": "Inner",
                              "Parallel Aware": true,
                              "Startup Cost": 42318.73,
                              "Total Cost": 42318.73,
                              "Plan Rows": 632073,
                              "Plan Width": 4,
                              "Actual Startup Time": 382.908,
                              "Actual Total Time": 382.908,
                              "Actual Rows": 632078,
                              "Actual Loops": 4,
                              "Hash Buckets": 4194304,
                              "Original Hash Buckets": 4194304,
                              "Hash Batches": 1,
                              "Original Hash Batches": 1,
                              "Peak Memory Usage": 131744,
                              "Plans": [
                                {
                                  "Node Type": "Seq Scan",
                                  "Parent Relationship": "Outer",
                                  "Parallel Aware": true,
                                  "Relation Name": "title",
                                  "Alias": "t",
                                  "Startup Cost": 0.0,
                                  "Total Cost": 42318.73,
                                  "Plan Rows": 632073,
                                  "Plan Width": 4,
                                  "Actual Startup Time": 0.041,
                                  "Actual Total Time": 110.627,
                                  "Actual Rows": 632078,
                                  "Actual Loops": 4
                                }
                              ]
                            }
                          ]
                        }
                      ]
                    }
                  ]
                }
              ]
            }
          ]
        }
      ]
    },
    "Planning Time": 1.444,
    "Triggers": [],
    "Execution Time": 963.468
  }
]