{
  "Plan": {
    "Node Type": "Aggregate",
    "Strategy": "Plain",
    "Partial Mode": "Finalize",
    "Parallel Aware": false,
    "Startup Cost": 85980.27,
    "Total Cost": 85980.28,
    "Plan Rows": 1,
    "Plan Width": 8,
    "Actual Startup Time": 180.401,
    "Actual Total Time": 195.166,
    "Actual Rows": 1,
    "Actual Loops": 1,
    "Plans": [
      {
        "Node Type": "Gather",
        "Parent Relationship": "Outer",
        "Parallel Aware": false,
        "Startup Cost": 85980.16,
        "Total Cost": 85980.27,
        "Plan Rows": 1,
        "Plan Width": 8,
        "Actual Startup Time": 180.246,
        "Actual Total Time": 195.155,
        "Actual Rows": 2,
        "Actual Loops": 1,
        "Workers Planned": 1,
        "Workers Launched": 1,
        "Single Copy": false,
        "Plans": [
          {
            "Node Type": "Aggregate",
            "Strategy": "Plain",
            "Partial Mode": "Partial",
            "Parent Relationship": "Outer",
            "Parallel Aware": false,
            "Startup Cost": 84980.16,
            "Total Cost": 84980.17,
            "Plan Rows": 1,
            "Plan Width": 8,
            "Actual Startup Time": 173.931,
            "Actual Total Time": 173.934,
            "Actual Rows": 1,
            "Actual Loops": 2,
            "Plans": [
              {
                "Node Type": "Nested Loop",
                "Parent Relationship": "Outer",
                "Parallel Aware": false,
                "Join Type": "Inner",
                "Startup Cost": 59651.76,
                "Total Cost": 84979.83,
                "Plan Rows": 132,
                "Plan Width": 0,
                "Actual Startup Time": 150.751,
                "Actual Total Time": 173.919,
                "Actual Rows": 88,
                "Actual Loops": 2,
                "Inner Unique": false,
                "Join Filter": "(t.id = mi_idx.movie_id)",
                "Rows Removed by Join Filter": 0,
                "Plans": [
                  {
                    "Node Type": "Hash Join",
                    "Parent Relationship": "Outer",
                    "Parallel Aware": true,
                    "Join Type": "Inner",
                    "Startup Cost": 59651.33,
                    "Total Cost": 84612.27,
                    "Plan Rows": 243,
                    "Plan Width": 8,
                    "Actual Startup Time": 150.647,
                    "Actual Total Time": 173.278,
                    "Actual Rows": 59,
                    "Actual Loops": 2,
                    "Inner Unique": true,
                    "Hash Cond": "(mk.movie_id = t.id)",
                    "Plans": [
                      {
                        "Node Type": "Bitmap Heap Scan",
                        "Parent Relationship": "Outer",
                        "Parallel Aware": true,
                        "Relation Name": "movie_keyword",
                        "Alias": "mk",
                        "Startup Cost": 1210.01,
                        "Total Cost": 26082.97,
                        "Plan Rows": 33516,
                        "Plan Width": 4,
                        "Actual Startup Time": 5.619,
                        "Actual Total Time": 25.448,
                        "Actual Rows": 27812,
                        "Actual Loops": 2,
                        "Recheck Cond": "(keyword_id > 97017)",
                        "Rows Removed by Index Recheck": 0,
                        "Exact Heap Blocks": 9378,
                        "Lossy Heap Blocks": 0,
                        "Plans": [
                          {
                            "Node Type": "Bitmap Index Scan",
                            "Parent Relationship": "Outer",
                            "Parallel Aware": false,
                            "Index Name": "keyword_id_movie_keyword",
                            "Startup Cost": 0.0,
                            "Total Cost": 1195.77,
                            "Plan Rows": 56978,
                            "Plan Width": 0,
                            "Actual Startup Time": 3.805,
                            "Actual Total Time": 3.806,
                            "Actual Rows": 55623,
                            "Actual Loops": 1,
                            "Index Cond": "(keyword_id > 97017)"
                          }
                        ]
                      },
                      {
                        "Node Type": "Hash",
                        "Parent Relationship": "Inner",
                        "Parallel Aware": true,
                        "Startup Cost": 58306.47,
                        "Total Cost": 58306.47,
                        "Plan Rows": 10788,
                        "Plan Width": 4,
                        "Actual Startup Time": 143.086,
                        "Actual Total Time": 143.087,
                        "Actual Rows": 9396,
                        "Actual Loops": 2,
                        "Hash Buckets": 32768,
                        "Original Hash Buckets": 32768,
                        "Hash Batches": 1,
                        "Original Hash Batches": 1,
                        "Peak Memory Usage": 1024,
                        "Plans": [
                          {
                            "Node Type": "Seq Scan",
                            "Parent Relationship": "Outer",
                            "Parallel Aware": true,
                            "Relation Name": "title",
                            "Alias": "t",
                            "Startup Cost": 0.0,
                            "Total Cost": 58306.47,
                            "Plan Rows": 10788,
                            "Plan Width": 4,
                            "Actual Startup Time": 0.064,
                            "Actual Total Time": 139.497,
                            "Actual Rows": 9396,
                            "Actual Loops": 2,
                            "Filter": "((kind_id > 1) AND (production_year = 1991))",
                            "Rows Removed by Filter": 1254760
                          }
                        ]
                      }
                    ]
                  },
                  {
                    "Node Type": "Index Only Scan",
                    "Parent Relationship": "Inner",
                    "Parallel Aware": false,
                    "Scan Direction": "Forward",
                    "Index Name": "movie_id_movie_info_idx",
                    "Relation Name": "movie_info_idx",
                    "Alias": "mi_idx",
                    "Startup Cost": 0.43,
                    "Total Cost": 1.48,
                    "Plan Rows": 3,
                    "Plan Width": 4,
                    "Actual Startup Time": 0.01,
                    "Actual Total Time": 0.01,
                    "Actual Rows": 2,
                    "Actual Loops": 118,
                    "Index Cond": "(movie_id = mk.movie_id)",
                    "Rows Removed by Index Recheck": 0,
                    "Heap Fetches": 177
                  }
                ]
              }
            ]
          }
        ]
      }
    ]
  },
  "Planning Time": 1.082,
  "Triggers": [],
  "Execution Time": 195.269
}