{
    "Plan": {
        "Node Type": "Aggregate",
        "Strategy": "Plain",
        "Partial Mode": "Finalize",
        "Parallel Aware": false,
        "Startup Cost": 223588.86,
        "Total Cost": 223588.87,
        "Plan Rows": 1,
        "Plan Width": 8,
        "Actual Startup Time": 153.205,
        "Actual Total Time": 175.637,
        "Actual Rows": 1,
        "Actual Loops": 1,
        "Output": [
            "count(*)"
        ],
        "Plans": [
            {
                "Node Type": "Gather",
                "Parent Relationship": "Outer",
                "Parallel Aware": false,
                "Startup Cost": 223588.44,
                "Total Cost": 223588.85,
                "Plan Rows": 4,
                "Plan Width": 8,
                "Actual Startup Time": 153.065,
                "Actual Total Time": 175.628,
                "Actual Rows": 5,
                "Actual Loops": 1,
                "Output": [
                    "(PARTIAL count(*))"
                ],
                "Workers Planned": 4,
                "Workers Launched": 4,
                "Single Copy": false,
                "Plans": [
                    {
                        "Node Type": "Aggregate",
                        "Strategy": "Plain",
                        "Partial Mode": "Partial",
                        "Parent Relationship": "Outer",
                        "Parallel Aware": false,
                        "Startup Cost": 222588.44,
                        "Total Cost": 222588.45,
                        "Plan Rows": 1,
                        "Plan Width": 8,
                        "Actual Startup Time": 143.289,
                        "Actual Total Time": 143.29,
                        "Actual Rows": 1,
                        "Actual Loops": 5,
                        "Output": [
                            "PARTIAL count(*)"
                        ],
                        "Workers": [
                            {
                                "Worker Number": 0,
                                "Actual Startup Time": 140.026,
                                "Actual Total Time": 140.028,
                                "Actual Rows": 1,
                                "Actual Loops": 1
                            },
                            {
                                "Worker Number": 1,
                                "Actual Startup Time": 141.23,
                                "Actual Total Time": 141.231,
                                "Actual Rows": 1,
                                "Actual Loops": 1
                            },
                            {
                                "Worker Number": 2,
                                "Actual Startup Time": 141.376,
                                "Actual Total Time": 141.377,
                                "Actual Rows": 1,
                                "Actual Loops": 1
                            },
                            {
                                "Worker Number": 3,
                                "Actual Startup Time": 141.488,
                                "Actual Total Time": 141.49,
                                "Actual Rows": 1,
                                "Actual Loops": 1
                            }
                        ],
                        "Plans": [
                            {
                                "Node Type": "Nested Loop",
                                "Parent Relationship": "Outer",
                                "Parallel Aware": false,
                                "Join Type": "Inner",
                                "Startup Cost": 0.43,
                                "Total Cost": 222546.83,
                                "Plan Rows": 16643,
                                "Plan Width": 0,
                                "Actual Startup Time": 0.363,
                                "Actual Total Time": 141.828,
                                "Actual Rows": 15383,
                                "Actual Loops": 5,
                                "Inner Unique": false,
                                "Workers": [
                                    {
                                        "Worker Number": 0,
                                        "Actual Startup Time": 0.419,
                                        "Actual Total Time": 138.785,
                                        "Actual Rows": 12504,
                                        "Actual Loops": 1
                                    },
                                    {
                                        "Worker Number": 1,
                                        "Actual Startup Time": 0.39,
                                        "Actual Total Time": 139.785,
                                        "Actual Rows": 9210,
                                        "Actual Loops": 1
                                    },
                                    {
                                        "Worker Number": 2,
                                        "Actual Startup Time": 0.556,
                                        "Actual Total Time": 139.892,
                                        "Actual Rows": 9612,
                                        "Actual Loops": 1
                                    },
                                    {
                                        "Worker Number": 3,
                                        "Actual Startup Time": 0.364,
                                        "Actual Total Time": 140.066,
                                        "Actual Rows": 15323,
                                        "Actual Loops": 1
                                    }
                                ],
                                "Plans": [
                                    {
                                        "Node Type": "Seq Scan",
                                        "Parent Relationship": "Outer",
                                        "Parallel Aware": true,
                                        "Relation Name": "title",
                                        "Schema": "public",
                                        "Alias": "t",
                                        "Startup Cost": 0.0,
                                        "Total Cost": 43899.01,
                                        "Plan Rows": 3772,
                                        "Plan Width": 4,
                                        "Actual Startup Time": 0.117,
                                        "Actual Total Time": 77.042,
                                        "Actual Rows": 2920,
                                        "Actual Loops": 5,
                                        "Output": [
                                            "t.id",
                                            "t.title",
                                            "t.imdb_index",
                                            "t.kind_id",
                                            "t.production_year",
                                            "t.imdb_id",
                                            "t.phonetic_code",
                                            "t.episode_of_id",
                                            "t.season_nr",
                                            "t.episode_nr",
                                            "t.series_years",
                                            "t.md5sum"
                                        ],
                                        "Filter": "(t.production_year = 1967)",
                                        "Rows Removed by Filter": 502742,
                                        "Workers": [
                                            {
                                                "Worker Number": 0,
                                                "Actual Startup Time": 0.084,
                                                "Actual Total Time": 68.98,
                                                "Actual Rows": 2263,
                                                "Actual Loops": 1
                                            },
                                            {
                                                "Worker Number": 1,
                                                "Actual Startup Time": 0.07,
                                                "Actual Total Time": 70.742,
                                                "Actual Rows": 1924,
                                                "Actual Loops": 1
                                            },
                                            {
                                                "Worker Number": 2,
                                                "Actual Startup Time": 0.261,
                                                "Actual Total Time": 70.529,
                                                "Actual Rows": 1853,
                                                "Actual Loops": 1
                                            },
                                            {
                                                "Worker Number": 3,
                                                "Actual Startup Time": 0.125,
                                                "Actual Total Time": 72.186,
                                                "Actual Rows": 2741,
                                                "Actual Loops": 1
                                            }
                                        ]
                                    },
                                    {
                                        "Node Type": "Index Scan",
                                        "Parent Relationship": "Inner",
                                        "Parallel Aware": false,
                                        "Scan Direction": "Forward",
                                        "Index Name": "movie_id_movie_info",
                                        "Relation Name": "movie_info",
                                        "Schema": "public",
                                        "Alias": "mi",
                                        "Startup Cost": 0.43,
                                        "Total Cost": 47.06,
                                        "Plan Rows": 30,
                                        "Plan Width": 4,
                                        "Actual Startup Time": 0.009,
                                        "Actual Total Time": 0.021,
                                        "Actual Rows": 5,
                                        "Actual Loops": 14601,
                                        "Output": [
                                            "mi.id",
                                            "mi.movie_id",
                                            "mi.info_type_id",
                                            "mi.info",
                                            "mi.note"
                                        ],
                                        "Index Cond": "(mi.movie_id = t.id)",
                                        "Rows Removed by Index Recheck": 0,
                                        "Filter": "(mi.info_type_id > 3)",
                                        "Rows Removed by Filter": 2,
                                        "Workers": [
                                            {
                                                "Worker Number": 0,
                                                "Actual Startup Time": 0.013,
                                                "Actual Total Time": 0.03,
                                                "Actual Rows": 6,
                                                "Actual Loops": 2263
                                            },
                                            {
                                                "Worker Number": 1,
                                                "Actual Startup Time": 0.015,
                                                "Actual Total Time": 0.034,
                                                "Actual Rows": 5,
                                                "Actual Loops": 1924
                                            },
                                            {
                                                "Worker Number": 2,
                                                "Actual Startup Time": 0.015,
                                                "Actual Total Time": 0.036,
                                                "Actual Rows": 5,
                                                "Actual Loops": 1853
                                            },
                                            {
                                                "Worker Number": 3,
                                                "Actual Startup Time": 0.01,
                                                "Actual Total Time": 0.024,
                                                "Actual Rows": 6,
                                                "Actual Loops": 2741
                                            }
                                        ]
                                    }
                                ]
                            }
                        ]
                    }
                ]
            }
        ]
    },
    "Planning Time": 0.793,
    "Triggers": [],
    "Execution Time": 175.709
}