{
  "Plan": {
    "Node Type": "Aggregate",
    "Strategy": "Plain",
    "Partial Mode": "Finalize",
    "Parallel Aware": false,
    "Startup Cost": 259985.69,
    "Total Cost": 259985.7,
    "Plan Rows": 1,
    "Plan Width": 8,
    "Actual Startup Time": 1977.592,
    "Actual Total Time": 2003.703,
    "Actual Rows": 1,
    "Actual Loops": 1,
    "Plans": [
      {
        "Node Type": "Gather",
        "Parent Relationship": "Outer",
        "Parallel Aware": false,
        "Startup Cost": 259985.58,
        "Total Cost": 259985.69,
        "Plan Rows": 1,
        "Plan Width": 8,
        "Actual Startup Time": 1975.782,
        "Actual Total Time": 2003.696,
        "Actual Rows": 2,
        "Actual Loops": 1,
        "Workers Planned": 1,
        "Workers Launched": 1,
        "Single Copy": false,
        "Plans": [
          {
            "Node Type": "Aggregate",
            "Strategy": "Plain",
            "Partial Mode": "Partial",
            "Parent Relationship": "Outer",
            "Parallel Aware": false,
            "Startup Cost": 258985.58,
            "Total Cost": 258985.59,
            "Plan Rows": 1,
            "Plan Width": 8,
            "Actual Startup Time": 1969.55,
            "Actual Total Time": 1969.556,
            "Actual Rows": 1,
            "Actual Loops": 2,
            "Plans": [
              {
                "Node Type": "Hash Join",
                "Parent Relationship": "Outer",
                "Parallel Aware": true,
                "Join Type": "Inner",
                "Startup Cost": 196334.47,
                "Total Cost": 258506.45,
                "Plan Rows": 191652,
                "Plan Width": 0,
                "Actual Startup Time": 1562.462,
                "Actual Total Time": 1960.828,
                "Actual Rows": 160012,
                "Actual Loops": 2,
                "Inner Unique": false,
                "Hash Cond": "(mk.movie_id = t.id)",
                "Plans": [
                  {
                    "Node Type": "Seq Scan",
                    "Parent Relationship": "Outer",
                    "Parallel Aware": true,
                    "Relation Name": "movie_keyword",
                    "Alias": "mk",
                    "Startup Cost": 0.0,
                    "Total Cost": 51065.35,
                    "Plan Rows": 2661135,
                    "Plan Width": 4,
                    "Actual Startup Time": 0.017,
                    "Actual Total Time": 189.913,
                    "Actual Rows": 2261965,
                    "Actual Loops": 2
                  },
                  {
                    "Node Type": "Hash",
                    "Parent Relationship": "Inner",
                    "Parallel Aware": true,
                    "Startup Cost": 194995.61,
                    "Total Cost": 194995.61,
                    "Plan Rows": 107109,
                    "Plan Width": 8,
                    "Actual Startup Time": 1558.962,
                    "Actual Total Time": 1558.966,
                    "Actual Rows": 35208,
                    "Actual Loops": 2,
                    "Hash Buckets": 262144,
                    "Original Hash Buckets": 262144,
                    "Hash Batches": 1,
                    "Original Hash Batches": 1,
                    "Peak Memory Usage": 4832,
                    "Plans": [
                      {
                        "Node Type": "Merge Join",
                        "Parent Relationship": "Outer",
                        "Parallel Aware": false,
                        "Join Type": "Inner",
                        "Startup Cost": 86684.03,
                        "Total Cost": 194995.61,
                        "Plan Rows": 107109,
                        "Plan Width": 8,
                        "Actual Startup Time": 687.122,
                        "Actual Total Time": 1545.228,
                        "Actual Rows": 35208,
                        "Actual Loops": 2,
                        "Inner Unique": false,
                        "Merge Cond": "(t.id = mc.movie_id)",
                        "Plans": [
                          {
                            "Node Type": "Index Scan",
                            "Parent Relationship": "Outer",
                            "Parallel Aware": true,
                            "Scan Direction": "Forward",
                            "Index Name": "title_pkey",
                            "Relation Name": "title",
                            "Alias": "t",
                            "Startup Cost": 0.43,
                            "Total Cost": 103647.43,
                            "Plan Rows": 659021,
                            "Plan Width": 4,
                            "Actual Startup Time": 0.337,
                            "Actual Total Time": 788.959,
                            "Actual Rows": 553798,
                            "Actual Loops": 2,
                            "Filter": "(production_year > 2004)",
                            "Rows Removed by Filter": 709112
                          },
                          {
                            "Node Type": "Sort",
                            "Parent Relationship": "Inner",
                            "Parallel Aware": false,
                            "Startup Cost": 86681.53,
                            "Total Cost": 87708.82,
                            "Plan Rows": 410916,
                            "Plan Width": 4,
                            "Actual Startup Time": 686.624,
                            "Actual Total Time": 700.694,
                            "Actual Rows": 232636,
                            "Actual Loops": 2,
                            "Sort Key": [
                              "mc.movie_id"
                            ],
                            "Sort Method": "quicksort",
                            "Sort Space Used": 17049,
                            "Sort Space Type": "Memory",
                            "Workers": [
                              {
                                "Worker Number": 0,
                                "Sort Method": "quicksort",
                                "Sort Space Used": 17049,
                                "Sort Space Type": "Memory"
                              }
                            ],
                            "Plans": [
                              {
                                "Node Type": "Bitmap Heap Scan",
                                "Parent Relationship": "Outer",
                                "Parallel Aware": false,
                                "Relation Name": "movie_companies",
                                "Alias": "mc",
                                "Startup Cost": 17437.01,
                                "Total Cost": 48366.72,
                                "Plan Rows": 410916,
                                "Plan Width": 4,
                                "Actual Startup Time": 572.414,
                                "Actual Total Time": 627.639,
                                "Actual Rows": 232636,
                                "Actual Loops": 2,
                                "Recheck Cond": "(company_id < 1782)",
                                "Rows Removed by Index Recheck": 0,
                                "Filter": "(company_type_id = 2)",
                                "Rows Removed by Filter": 571049,
                                "Exact Heap Blocks": 18607,
                                "Lossy Heap Blocks": 0,
                                "Plans": [
                                  {
                                    "Node Type": "Bitmap Index Scan",
                                    "Parent Relationship": "Outer",
                                    "Parallel Aware": false,
                                    "Index Name": "company_id_movie_companies",
                                    "Startup Cost": 0.0,
                                    "Total Cost": 17334.28,
                                    "Plan Rows": 809314,
                                    "Plan Width": 0,
                                    "Actual Startup Time": 477.793,
                                    "Actual Total Time": 477.793,
                                    "Actual Rows": 803685,
                                    "Actual Loops": 2,
                                    "Index Cond": "(company_id < 1782)"
                                  }
                                ]
                              }
                            ]
                          }
                        ]
                      }
                    ]
                  }
                ]
              }
            ]
          }
        ]
      }
    ]
  },
  "Planning Time": 1.04,
  "Triggers": [],
  "Execution Time": 2003.819
}