[
  {
    "Plan": {
      "Node Type": "Aggregate",
      "Strategy": "Plain",
      "Partial Mode": "Finalize",
      "Parallel Aware": false,
      "Startup Cost": 44690.5,
      "Total Cost": 44690.51,
      "Plan Rows": 1,
      "Plan Width": 8,
      "Actual Startup Time": 115.9,
      "Actual Total Time": 122.724,
      "Actual Rows": 1,
      "Actual Loops": 1,
      "Plans": [
        {
          "Node Type": "Gather",
          "Parent Relationship": "Outer",
          "Parallel Aware": false,
          "Startup Cost": 44690.19,
          "Total Cost": 44690.5,
          "Plan Rows": 3,
          "Plan Width": 8,
          "Actual Startup Time": 115.792,
          "Actual Total Time": 122.714,
          "Actual Rows": 4,
          "Actual Loops": 1,
          "Workers Planned": 3,
          "Workers Launched": 3,
          "Single Copy": false,
          "Plans": [
            {
              "Node Type": "Aggregate",
              "Strategy": "Plain",
              "Partial Mode": "Partial",
              "Parent Relationship": "Outer",
              "Parallel Aware": false,
              "Startup Cost": 43690.19,
              "Total Cost": 43690.2,
              "Plan Rows": 1,
              "Plan Width": 8,
              "Actual Startup Time": 111.456,
              "Actual Total Time": 111.457,
              "Actual Rows": 1,
              "Actual Loops": 4,
              "Plans": [
                {
                  "Node Type": "Seq Scan",
                  "Parent Relationship": "Outer",
                  "Parallel Aware": true,
                  "Relation Name": "movie_keyword",
                  "Alias": "mk",
                  "Startup Cost": 0.0,
                  "Total Cost": 42695.65,
                  "Plan Rows": 397813,
                  "Plan Width": 0,
                  "Actual Startup Time": 2.437,
                  "Actual Total Time": 96.78,
                  "Actual Rows": 310075,
                  "Actual Loops": 4,
                  "Filter": "(keyword_id > 14585)",
                  "Rows Removed by Filter": 820908
                }
              ]
            }
          ]
        }
      ]
    },
    "Planning Time": 0.18,
    "Triggers": [],
    "Execution Time": 122.78
  }
]