[
  {
    "Plan": {
      "Node Type": "Aggregate",
      "Strategy": "Plain",
      "Partial Mode": "Finalize",
      "Parallel Aware": false,
      "Startup Cost": 30928.88,
      "Total Cost": 30928.89,
      "Plan Rows": 1,
      "Plan Width": 8,
      "Actual Startup Time": 82.371,
      "Actual Total Time": 90.586,
      "Actual Rows": 1,
      "Actual Loops": 1,
      "Plans": [
        {
          "Node Type": "Gather",
          "Parent Relationship": "Outer",
          "Parallel Aware": false,
          "Startup Cost": 30928.56,
          "Total Cost": 30928.87,
          "Plan Rows": 3,
          "Plan Width": 8,
          "Actual Startup Time": 82.209,
          "Actual Total Time": 90.575,
          "Actual Rows": 4,
          "Actual Loops": 1,
          "Workers Planned": 3,
          "Workers Launched": 3,
          "Single Copy": false,
          "Plans": [
            {
              "Node Type": "Aggregate",
              "Strategy": "Plain",
              "Partial Mode": "Partial",
              "Parent Relationship": "Outer",
              "Parallel Aware": false,
              "Startup Cost": 29928.56,
              "Total Cost": 29928.57,
              "Plan Rows": 1,
              "Plan Width": 8,
              "Actual Startup Time": 77.004,
              "Actual Total Time": 77.005,
              "Actual Rows": 1,
              "Actual Loops": 4,
              "Plans": [
                {
                  "Node Type": "Seq Scan",
                  "Parent Relationship": "Outer",
                  "Parallel Aware": true,
                  "Relation Name": "movie_companies",
                  "Alias": "mc",
                  "Startup Cost": 0.0,
                  "Total Cost": 29310.68,
                  "Plan Rows": 247151,
                  "Plan Width": 0,
                  "Actual Startup Time": 0.026,
                  "Actual Total Time": 67.575,
                  "Actual Rows": 191022,
                  "Actual Loops": 4,
                  "Filter": "(company_id < 1583)",
                  "Rows Removed by Filter": 461260
                }
              ]
            }
          ]
        }
      ]
    },
    "Planning Time": 0.107,
    "Triggers": [],
    "Execution Time": 90.621
  }
]