{
    "Plan": {
        "Node Type": "Aggregate",
        "Strategy": "Plain",
        "Partial Mode": "Simple",
        "Parallel Aware": false,
        "Startup Cost": 70000164253.98,
        "Total Cost": 70000164253.99,
        "Plan Rows": 1,
        "Plan Width": 64,
        "Actual Startup Time": 1210.942,
        "Actual Total Time": 1210.951,
        "Actual Rows": 1,
        "Actual Loops": 1,
        "Output": [
            "min(an.name)",
            "min(t.title)"
        ],
        "Plans": [
            {
                "Node Type": "Nested Loop",
                "Parent Relationship": "Outer",
                "Parallel Aware": false,
                "Join Type": "Inner",
                "Startup Cost": 70000000014.21,
                "Total Cost": 70000164253.98,
                "Plan Rows": 1,
                "Plan Width": 33,
                "Actual Startup Time": 112.763,
                "Actual Total Time": 1210.935,
                "Actual Rows": 3,
                "Actual Loops": 1,
                "Output": [
                    "an.name",
                    "t.title"
                ],
                "Inner Unique": true,
                "Plans": [
                    {
                        "Node Type": "Nested Loop",
                        "Parent Relationship": "Outer",
                        "Parallel Aware": false,
                        "Join Type": "Inner",
                        "Startup Cost": 60000000011.07,
                        "Total Cost": 60000164246.82,
                        "Plan Rows": 1,
                        "Plan Width": 37,
                        "Actual Startup Time": 112.722,
                        "Actual Total Time": 1210.846,
                        "Actual Rows": 3,
                        "Actual Loops": 1,
                        "Output": [
                            "an.name",
                            "mc.company_id",
                            "t.title"
                        ],
                        "Inner Unique": true,
                        "Plans": [
                            {
                                "Node Type": "Nested Loop",
                                "Parent Relationship": "Outer",
                                "Parallel Aware": false,
                                "Join Type": "Inner",
                                "Startup Cost": 50000000010.92,
                                "Total Cost": 50000164238.65,
                                "Plan Rows": 1,
                                "Plan Width": 41,
                                "Actual Startup Time": 112.707,
                                "Actual Total Time": 1210.814,
                                "Actual Rows": 3,
                                "Actual Loops": 1,
                                "Output": [
                                    "an.name",
                                    "ci.role_id",
                                    "mc.company_id",
                                    "t.title"
                                ],
                                "Inner Unique": true,
                                "Plans": [
                                    {
                                        "Node Type": "Nested Loop",
                                        "Parent Relationship": "Outer",
                                        "Parallel Aware": false,
                                        "Join Type": "Inner",
                                        "Startup Cost": 40000000010.42,
                                        "Total Cost": 40000164234.11,
                                        "Plan Rows": 1,
                                        "Plan Width": 49,
                                        "Actual Startup Time": 112.667,
                                        "Actual Total Time": 1210.749,
                                        "Actual Rows": 3,
                                        "Actual Loops": 1,
                                        "Output": [
                                            "an.name",
                                            "an.person_id",
                                            "ci.person_id",
                                            "ci.role_id",
                                            "mc.company_id",
                                            "t.title"
                                        ],
                                        "Inner Unique": false,
                                        "Plans": [
                                            {
                                                "Node Type": "Nested Loop",
                                                "Parent Relationship": "Outer",
                                                "Parallel Aware": false,
                                                "Join Type": "Inner",
                                                "Startup Cost": 30000000009.53,
                                                "Total Cost": 30000164229.18,
                                                "Plan Rows": 1,
                                                "Plan Width": 29,
                                                "Actual Startup Time": 112.634,
                                                "Actual Total Time": 1210.671,
                                                "Actual Rows": 3,
                                                "Actual Loops": 1,
                                                "Output": [
                                                    "ci.person_id",
                                                    "ci.role_id",
                                                    "mc.company_id",
                                                    "t.title"
                                                ],
                                                "Inner Unique": false,
                                                "Join Filter": "(t.id = ci.movie_id)",
                                                "Rows Removed by Join Filter": 0,
                                                "Plans": [
                                                    {
                                                        "Node Type": "Nested Loop",
                                                        "Parent Relationship": "Outer",
                                                        "Parallel Aware": false,
                                                        "Join Type": "Inner",
                                                        "Startup Cost": 20000000004.69,
                                                        "Total Cost": 20000164081.04,
                                                        "Plan Rows": 1,
                                                        "Plan Width": 29,
                                                        "Actual Startup Time": 112.224,
                                                        "Actual Total Time": 1210.019,
                                                        "Actual Rows": 3,
                                                        "Actual Loops": 1,
                                                        "Output": [
                                                            "mc.movie_id",
                                                            "mc.company_id",
                                                            "t.title",
                                                            "t.id"
                                                        ],
                                                        "Inner Unique": true,
                                                        "Plans": [
                                                            {
                                                                "Node Type": "Index Scan",
                                                                "Parent Relationship": "Outer",
                                                                "Parallel Aware": false,
                                                                "Scan Direction": "Forward",
                                                                "Index Name": "company_id_movie_companies",
                                                                "Relation Name": "movie_companies",
                                                                "Schema": "public",
                                                                "Alias": "mc",
                                                                "Startup Cost": 10000000000.43,
                                                                "Total Cost": 10000157107.5,
                                                                "Plan Rows": 842,
                                                                "Plan Width": 8,
                                                                "Actual Startup Time": 48.826,
                                                                "Actual Total Time": 1133.863,
                                                                "Actual Rows": 8569,
                                                                "Actual Loops": 1,
                                                                "Output": [
                                                                    "mc.id",
                                                                    "mc.movie_id",
                                                                    "mc.company_id",
                                                                    "mc.company_type_id",
                                                                    "mc.note"
                                                                ],
                                                                "Filter": "((mc.note ~~ '%(Japan)%'::text) AND (mc.note !~~ '%(USA)%'::text) AND ((mc.note ~~ '%(2006)%'::text) OR (mc.note ~~ '%(2007)%'::text)))",
                                                                "Rows Removed by Filter": 2600560
                                                            },
                                                            {
                                                                "Node Type": "Bitmap Heap Scan",
                                                                "Parent Relationship": "Inner",
                                                                "Parallel Aware": false,
                                                                "Relation Name": "title",
                                                                "Schema": "public",
                                                                "Alias": "t",
                                                                "Startup Cost": 4.26,
                                                                "Total Cost": 8.28,
                                                                "Plan Rows": 1,
                                                                "Plan Width": 21,
                                                                "Actual Startup Time": 0.007,
                                                                "Actual Total Time": 0.007,
                                                                "Actual Rows": 0,
                                                                "Actual Loops": 8569,
                                                                "Output": [
                                                                    "t.id",
                                                                    "t.title",
                                                                    "t.imdb_index",
                                                                    "t.kind_id",
                                                                    "t.production_year",
                                                                    "t.imdb_id",
                                                                    "t.phonetic_code",
                                                                    "t.episode_of_id",
                                                                    "t.season_nr",
                                                                    "t.episode_nr",
                                                                    "t.series_years",
                                                                    "t.md5sum"
                                                                ],
                                                                "Recheck Cond": "(t.id = mc.movie_id)",
                                                                "Rows Removed by Index Recheck": 0,
                                                                "Filter": "((t.title ~~ 'Inugami-ke%'::text) AND (t.production_year >= 1996) AND (t.production_year <= 2006))",
                                                                "Rows Removed by Filter": 1,
                                                                "Exact Heap Blocks": 8569,
                                                                "Lossy Heap Blocks": 0,
                                                                "Plans": [
                                                                    {
                                                                        "Node Type": "Bitmap Index Scan",
                                                                        "Parent Relationship": "Outer",
                                                                        "Parallel Aware": false,
                                                                        "Index Name": "title_pkey",
                                                                        "Startup Cost": 0.0,
                                                                        "Total Cost": 4.26,
                                                                        "Plan Rows": 1,
                                                                        "Plan Width": 0,
                                                                        "Actual Startup Time": 0.004,
                                                                        "Actual Total Time": 0.004,
                                                                        "Actual Rows": 1,
                                                                        "Actual Loops": 8569,
                                                                        "Index Cond": "(t.id = mc.movie_id)"
                                                                    }
                                                                ]
                                                            }
                                                        ]
                                                    },
                                                    {
                                                        "Node Type": "Bitmap Heap Scan",
                                                        "Parent Relationship": "Inner",
                                                        "Parallel Aware": false,
                                                        "Relation Name": "cast_info",
                                                        "Schema": "public",
                                                        "Alias": "ci",
                                                        "Startup Cost": 4.84,
                                                        "Total Cost": 148.12,
                                                        "Plan Rows": 1,
                                                        "Plan Width": 12,
                                                        "Actual Startup Time": 0.192,
                                                        "Actual Total Time": 0.211,
                                                        "Actual Rows": 1,
                                                        "Actual Loops": 3,
                                                        "Output": [
                                                            "ci.id",
                                                            "ci.person_id",
                                                            "ci.movie_id",
                                                            "ci.person_role_id",
                                                            "ci.note",
                                                            "ci.nr_order",
                                                            "ci.role_id"
                                                        ],
                                                        "Recheck Cond": "(ci.movie_id = mc.movie_id)",
                                                        "Rows Removed by Index Recheck": 0,
                                                        "Filter": "(ci.note = '(novel)'::text)",
                                                        "Rows Removed by Filter": 49,
                                                        "Exact Heap Blocks": 147,
                                                        "Lossy Heap Blocks": 0,
                                                        "Plans": [
                                                            {
                                                                "Node Type": "Bitmap Index Scan",
                                                                "Parent Relationship": "Outer",
                                                                "Parallel Aware": false,
                                                                "Index Name": "movie_id_cast_info",
                                                                "Startup Cost": 0.0,
                                                                "Total Cost": 4.84,
                                                                "Plan Rows": 38,
                                                                "Plan Width": 0,
                                                                "Actual Startup Time": 0.028,
                                                                "Actual Total Time": 0.028,
                                                                "Actual Rows": 50,
                                                                "Actual Loops": 3,
                                                                "Index Cond": "(ci.movie_id = mc.movie_id)"
                                                            }
                                                        ]
                                                    }
                                                ]
                                            },
                                            {
                                                "Node Type": "Bitmap Heap Scan",
                                                "Parent Relationship": "Inner",
                                                "Parallel Aware": false,
                                                "Relation Name": "aka_name",
                                                "Schema": "public",
                                                "Alias": "an",
                                                "Startup Cost": 0.89,
                                                "Total Cost": 4.91,
                                                "Plan Rows": 2,
                                                "Plan Width": 20,
                                                "Actual Startup Time": 0.021,
                                                "Actual Total Time": 0.022,
                                                "Actual Rows": 1,
                                                "Actual Loops": 3,
                                                "Output": [
                                                    "an.id",
                                                    "an.person_id",
                                                    "an.name",
                                                    "an.imdb_index",
                                                    "an.name_pcode_cf",
                                                    "an.name_pcode_nf",
                                                    "an.surname_pcode",
                                                    "an.md5sum"
                                                ],
                                                "Recheck Cond": "(an.person_id = ci.person_id)",
                                                "Rows Removed by Index Recheck": 0,
                                                "Exact Heap Blocks": 3,
                                                "Lossy Heap Blocks": 0,
                                                "Plans": [
                                                    {
                                                        "Node Type": "Bitmap Index Scan",
                                                        "Parent Relationship": "Outer",
                                                        "Parallel Aware": false,
                                                        "Index Name": "person_id_aka_name",
                                                        "Startup Cost": 0.0,
                                                        "Total Cost": 0.89,
                                                        "Plan Rows": 2,
                                                        "Plan Width": 0,
                                                        "Actual Startup Time": 0.017,
                                                        "Actual Total Time": 0.017,
                                                        "Actual Rows": 1,
                                                        "Actual Loops": 3,
                                                        "Index Cond": "(an.person_id = ci.person_id)"
                                                    }
                                                ]
                                            }
                                        ]
                                    },
                                    {
                                        "Node Type": "Bitmap Heap Scan",
                                        "Parent Relationship": "Inner",
                                        "Parallel Aware": false,
                                        "Relation Name": "name",
                                        "Schema": "public",
                                        "Alias": "n",
                                        "Startup Cost": 0.5,
                                        "Total Cost": 4.52,
                                        "Plan Rows": 1,
                                        "Plan Width": 4,
                                        "Actual Startup Time": 0.018,
                                        "Actual Total Time": 0.018,
                                        "Actual Rows": 1,
                                        "Actual Loops": 3,
                                        "Output": [
                                            "n.id",
                                            "n.name",
                                            "n.imdb_index",
                                            "n.imdb_id",
                                            "n.gender",
                                            "n.name_pcode_cf",
                                            "n.name_pcode_nf",
                                            "n.surname_pcode",
                                            "n.md5sum"
                                        ],
                                        "Recheck Cond": "(n.id = an.person_id)",
                                        "Rows Removed by Index Recheck": 0,
                                        "Filter": "((n.name ~~ '%Yo%'::text) AND (n.name !~~ '%Yu%'::text))",
                                        "Rows Removed by Filter": 0,
                                        "Exact Heap Blocks": 3,
                                        "Lossy Heap Blocks": 0,
                                        "Plans": [
                                            {
                                                "Node Type": "Bitmap Index Scan",
                                                "Parent Relationship": "Outer",
                                                "Parallel Aware": false,
                                                "Index Name": "name_pkey",
                                                "Startup Cost": 0.0,
                                                "Total Cost": 0.5,
                                                "Plan Rows": 1,
                                                "Plan Width": 0,
                                                "Actual Startup Time": 0.01,
                                                "Actual Total Time": 0.01,
                                                "Actual Rows": 1,
                                                "Actual Loops": 3,
                                                "Index Cond": "(n.id = an.person_id)"
                                            }
                                        ]
                                    }
                                ]
                            },
                            {
                                "Node Type": "Bitmap Heap Scan",
                                "Parent Relationship": "Inner",
                                "Parallel Aware": false,
                                "Relation Name": "role_type",
                                "Schema": "public",
                                "Alias": "rt",
                                "Startup Cost": 0.14,
                                "Total Cost": 4.16,
                                "Plan Rows": 1,
                                "Plan Width": 4,
                                "Actual Startup Time": 0.007,
                                "Actual Total Time": 0.007,
                                "Actual Rows": 1,
                                "Actual Loops": 3,
                                "Output": [
                                    "rt.id",
                                    "rt.role"
                                ],
                                "Recheck Cond": "(rt.id = ci.role_id)",
                                "Rows Removed by Index Recheck": 0,
                                "Filter": "((rt.role)::text = 'writer'::text)",
                                "Rows Removed by Filter": 0,
                                "Exact Heap Blocks": 3,
                                "Lossy Heap Blocks": 0,
                                "Plans": [
                                    {
                                        "Node Type": "Bitmap Index Scan",
                                        "Parent Relationship": "Outer",
                                        "Parallel Aware": false,
                                        "Index Name": "role_type_pkey",
                                        "Startup Cost": 0.0,
                                        "Total Cost": 0.14,
                                        "Plan Rows": 1,
                                        "Plan Width": 0,
                                        "Actual Startup Time": 0.003,
                                        "Actual Total Time": 0.003,
                                        "Actual Rows": 1,
                                        "Actual Loops": 3,
                                        "Index Cond": "(rt.id = ci.role_id)"
                                    }
                                ]
                            }
                        ]
                    },
                    {
                        "Node Type": "Bitmap Heap Scan",
                        "Parent Relationship": "Inner",
                        "Parallel Aware": false,
                        "Relation Name": "company_name",
                        "Schema": "public",
                        "Alias": "cn",
                        "Startup Cost": 3.14,
                        "Total Cost": 7.16,
                        "Plan Rows": 1,
                        "Plan Width": 4,
                        "Actual Startup Time": 0.026,
                        "Actual Total Time": 0.026,
                        "Actual Rows": 1,
                        "Actual Loops": 3,
                        "Output": [
                            "cn.id",
                            "cn.name",
                            "cn.country_code",
                            "cn.imdb_id",
                            "cn.name_pcode_nf",
                            "cn.name_pcode_sf",
                            "cn.md5sum"
                        ],
                        "Recheck Cond": "(cn.id = mc.company_id)",
                        "Rows Removed by Index Recheck": 0,
                        "Filter": "((cn.country_code)::text = '[jp]'::text)",
                        "Rows Removed by Filter": 0,
                        "Exact Heap Blocks": 3,
                        "Lossy Heap Blocks": 0,
                        "Plans": [
                            {
                                "Node Type": "Bitmap Index Scan",
                                "Parent Relationship": "Outer",
                                "Parallel Aware": false,
                                "Index Name": "company_name_pkey",
                                "Startup Cost": 0.0,
                                "Total Cost": 3.14,
                                "Plan Rows": 1,
                                "Plan Width": 0,
                                "Actual Startup Time": 0.01,
                                "Actual Total Time": 0.01,
                                "Actual Rows": 1,
                                "Actual Loops": 3,
                                "Index Cond": "(cn.id = mc.company_id)"
                            }
                        ]
                    }
                ]
            }
        ]
    },
    "Planning Time": 9.058,
    "Triggers": [],
    "Execution Time": 1211.592
}