{
    "Plan": {
        "Node Type": "Aggregate",
        "Strategy": "Plain",
        "Partial Mode": "Finalize",
        "Parallel Aware": false,
        "Startup Cost": 79522.89,
        "Total Cost": 79522.9,
        "Plan Rows": 1,
        "Plan Width": 8,
        "Actual Startup Time": 220.249,
        "Actual Total Time": 235.73,
        "Actual Rows": 1,
        "Actual Loops": 1,
        "Output": [
            "count(*)"
        ],
        "Plans": [
            {
                "Node Type": "Gather",
                "Parent Relationship": "Outer",
                "Parallel Aware": false,
                "Startup Cost": 79522.47,
                "Total Cost": 79522.88,
                "Plan Rows": 4,
                "Plan Width": 8,
                "Actual Startup Time": 219.418,
                "Actual Total Time": 235.722,
                "Actual Rows": 5,
                "Actual Loops": 1,
                "Output": [
                    "(PARTIAL count(*))"
                ],
                "Workers Planned": 4,
                "Workers Launched": 4,
                "Single Copy": false,
                "Plans": [
                    {
                        "Node Type": "Aggregate",
                        "Strategy": "Plain",
                        "Partial Mode": "Partial",
                        "Parent Relationship": "Outer",
                        "Parallel Aware": false,
                        "Startup Cost": 78522.47,
                        "Total Cost": 78522.48,
                        "Plan Rows": 1,
                        "Plan Width": 8,
                        "Actual Startup Time": 210.607,
                        "Actual Total Time": 210.611,
                        "Actual Rows": 1,
                        "Actual Loops": 5,
                        "Output": [
                            "PARTIAL count(*)"
                        ],
                        "Workers": [
                            {
                                "Worker Number": 0,
                                "Actual Startup Time": 207.985,
                                "Actual Total Time": 207.988,
                                "Actual Rows": 1,
                                "Actual Loops": 1
                            },
                            {
                                "Worker Number": 1,
                                "Actual Startup Time": 208.68,
                                "Actual Total Time": 208.683,
                                "Actual Rows": 1,
                                "Actual Loops": 1
                            },
                            {
                                "Worker Number": 2,
                                "Actual Startup Time": 208.804,
                                "Actual Total Time": 208.807,
                                "Actual Rows": 1,
                                "Actual Loops": 1
                            },
                            {
                                "Worker Number": 3,
                                "Actual Startup Time": 208.956,
                                "Actual Total Time": 208.96,
                                "Actual Rows": 1,
                                "Actual Loops": 1
                            }
                        ],
                        "Plans": [
                            {
                                "Node Type": "Hash Join",
                                "Parent Relationship": "Outer",
                                "Parallel Aware": true,
                                "Join Type": "Inner",
                                "Startup Cost": 32458.63,
                                "Total Cost": 78423.28,
                                "Plan Rows": 39678,
                                "Plan Width": 0,
                                "Actual Startup Time": 78.543,
                                "Actual Total Time": 209.384,
                                "Actual Rows": 19781,
                                "Actual Loops": 5,
                                "Inner Unique": false,
                                "Hash Cond": "(t.id = mc.movie_id)",
                                "Workers": [
                                    {
                                        "Worker Number": 0,
                                        "Actual Startup Time": 75.808,
                                        "Actual Total Time": 206.618,
                                        "Actual Rows": 13191,
                                        "Actual Loops": 1
                                    },
                                    {
                                        "Worker Number": 1,
                                        "Actual Startup Time": 76.64,
                                        "Actual Total Time": 207.462,
                                        "Actual Rows": 20372,
                                        "Actual Loops": 1
                                    },
                                    {
                                        "Worker Number": 2,
                                        "Actual Startup Time": 76.727,
                                        "Actual Total Time": 207.592,
                                        "Actual Rows": 20394,
                                        "Actual Loops": 1
                                    },
                                    {
                                        "Worker Number": 3,
                                        "Actual Startup Time": 76.88,
                                        "Actual Total Time": 207.812,
                                        "Actual Rows": 18387,
                                        "Actual Loops": 1
                                    }
                                ],
                                "Plans": [
                                    {
                                        "Node Type": "Seq Scan",
                                        "Parent Relationship": "Outer",
                                        "Parallel Aware": true,
                                        "Relation Name": "title",
                                        "Schema": "public",
                                        "Alias": "t",
                                        "Startup Cost": 0.0,
                                        "Total Cost": 43899.01,
                                        "Plan Rows": 387530,
                                        "Plan Width": 4,
                                        "Actual Startup Time": 0.026,
                                        "Actual Total Time": 79.669,
                                        "Actual Rows": 310345,
                                        "Actual Loops": 5,
                                        "Output": [
                                            "t.id",
                                            "t.title",
                                            "t.imdb_index",
                                            "t.kind_id",
                                            "t.production_year",
                                            "t.imdb_id",
                                            "t.phonetic_code",
                                            "t.episode_of_id",
                                            "t.season_nr",
                                            "t.episode_nr",
                                            "t.series_years",
                                            "t.md5sum"
                                        ],
                                        "Filter": "(t.production_year < 2007)",
                                        "Rows Removed by Filter": 195317,
                                        "Workers": [
                                            {
                                                "Worker Number": 0,
                                                "Actual Startup Time": 0.033,
                                                "Actual Total Time": 81.411,
                                                "Actual Rows": 203106,
                                                "Actual Loops": 1
                                            },
                                            {
                                                "Worker Number": 1,
                                                "Actual Startup Time": 0.024,
                                                "Actual Total Time": 81.094,
                                                "Actual Rows": 320391,
                                                "Actual Loops": 1
                                            },
                                            {
                                                "Worker Number": 2,
                                                "Actual Startup Time": 0.029,
                                                "Actual Total Time": 81.075,
                                                "Actual Rows": 319193,
                                                "Actual Loops": 1
                                            },
                                            {
                                                "Worker Number": 3,
                                                "Actual Startup Time": 0.031,
                                                "Actual Total Time": 80.539,
                                                "Actual Rows": 289773,
                                                "Actual Loops": 1
                                            }
                                        ]
                                    },
                                    {
                                        "Node Type": "Hash",
                                        "Parent Relationship": "Inner",
                                        "Parallel Aware": true,
                                        "Startup Cost": 31414.82,
                                        "Total Cost": 31414.82,
                                        "Plan Rows": 83505,
                                        "Plan Width": 4,
                                        "Actual Startup Time": 76.388,
                                        "Actual Total Time": 76.389,
                                        "Actual Rows": 27084,
                                        "Actual Loops": 5,
                                        "Output": [
                                            "mc.movie_id"
                                        ],
                                        "Hash Buckets": 262144,
                                        "Original Hash Buckets": 262144,
                                        "Hash Batches": 1,
                                        "Original Hash Batches": 1,
                                        "Peak Memory Usage": 7392,
                                        "Workers": [
                                            {
                                                "Worker Number": 0,
                                                "Actual Startup Time": 75.059,
                                                "Actual Total Time": 75.061,
                                                "Actual Rows": 17294,
                                                "Actual Loops": 1
                                            },
                                            {
                                                "Worker Number": 1,
                                                "Actual Startup Time": 75.966,
                                                "Actual Total Time": 75.967,
                                                "Actual Rows": 28484,
                                                "Actual Loops": 1
                                            },
                                            {
                                                "Worker Number": 2,
                                                "Actual Startup Time": 76.072,
                                                "Actual Total Time": 76.072,
                                                "Actual Rows": 28520,
                                                "Actual Loops": 1
                                            },
                                            {
                                                "Worker Number": 3,
                                                "Actual Startup Time": 76.206,
                                                "Actual Total Time": 76.207,
                                                "Actual Rows": 26880,
                                                "Actual Loops": 1
                                            }
                                        ],
                                        "Plans": [
                                            {
                                                "Node Type": "Seq Scan",
                                                "Parent Relationship": "Outer",
                                                "Parallel Aware": true,
                                                "Relation Name": "movie_companies",
                                                "Schema": "public",
                                                "Alias": "mc",
                                                "Startup Cost": 0.0,
                                                "Total Cost": 31414.82,
                                                "Plan Rows": 83505,
                                                "Plan Width": 4,
                                                "Actual Startup Time": 43.016,
                                                "Actual Total Time": 67.36,
                                                "Actual Rows": 27084,
                                                "Actual Loops": 5,
                                                "Output": [
                                                    "mc.movie_id"
                                                ],
                                                "Filter": "((mc.company_id < 448) AND (mc.company_type_id = 2))",
                                                "Rows Removed by Filter": 494742,
                                                "Workers": [
                                                    {
                                                        "Worker Number": 0,
                                                        "Actual Startup Time": 41.701,
                                                        "Actual Total Time": 66.512,
                                                        "Actual Rows": 17294,
                                                        "Actual Loops": 1
                                                    },
                                                    {
                                                        "Worker Number": 1,
                                                        "Actual Startup Time": 42.563,
                                                        "Actual Total Time": 67.329,
                                                        "Actual Rows": 28484,
                                                        "Actual Loops": 1
                                                    },
                                                    {
                                                        "Worker Number": 2,
                                                        "Actual Startup Time": 42.671,
                                                        "Actual Total Time": 67.308,
                                                        "Actual Rows": 28520,
                                                        "Actual Loops": 1
                                                    },
                                                    {
                                                        "Worker Number": 3,
                                                        "Actual Startup Time": 42.809,
                                                        "Actual Total Time": 66.407,
                                                        "Actual Rows": 26880,
                                                        "Actual Loops": 1
                                                    }
                                                ]
                                            }
                                        ]
                                    }
                                ]
                            }
                        ]
                    }
                ]
            }
        ]
    },
    "Planning Time": 0.745,
    "Triggers": [],
    "Execution Time": 235.806
}