[
    {
        "Bao": {
            "Bao prediction": "NaN",
            "Bao recommended hint": "(no hint)"
        }
    },
    {
        "Plan": {
            "Node Type": "Aggregate",
            "Strategy": "Plain",
            "Partial Mode": "Finalize",
            "Parallel Aware": false,
            "Startup Cost": 61571.01,
            "Total Cost": 61571.02,
            "Plan Rows": 1,
            "Plan Width": 8,
            "Actual Startup Time": 143.205,
            "Actual Total Time": 158.891,
            "Actual Rows": 1,
            "Actual Loops": 1,
            "Output": [
                "count(*)"
            ],
            "Plans": [
                {
                    "Node Type": "Gather",
                    "Parent Relationship": "Outer",
                    "Parallel Aware": false,
                    "Startup Cost": 61570.59,
                    "Total Cost": 61571.0,
                    "Plan Rows": 4,
                    "Plan Width": 8,
                    "Actual Startup Time": 143.072,
                    "Actual Total Time": 158.883,
                    "Actual Rows": 5,
                    "Actual Loops": 1,
                    "Output": [
                        "(PARTIAL count(*))"
                    ],
                    "Workers Planned": 4,
                    "Workers Launched": 4,
                    "Single Copy": false,
                    "Plans": [
                        {
                            "Node Type": "Aggregate",
                            "Strategy": "Plain",
                            "Partial Mode": "Partial",
                            "Parent Relationship": "Outer",
                            "Parallel Aware": false,
                            "Startup Cost": 60570.59,
                            "Total Cost": 60570.6,
                            "Plan Rows": 1,
                            "Plan Width": 8,
                            "Actual Startup Time": 133.056,
                            "Actual Total Time": 133.058,
                            "Actual Rows": 1,
                            "Actual Loops": 5,
                            "Output": [
                                "PARTIAL count(*)"
                            ],
                            "Workers": [
                                {
                                    "Worker Number": 0,
                                    "Actual Startup Time": 130.201,
                                    "Actual Total Time": 130.203,
                                    "Actual Rows": 1,
                                    "Actual Loops": 1
                                },
                                {
                                    "Worker Number": 1,
                                    "Actual Startup Time": 130.509,
                                    "Actual Total Time": 130.511,
                                    "Actual Rows": 1,
                                    "Actual Loops": 1
                                },
                                {
                                    "Worker Number": 2,
                                    "Actual Startup Time": 130.946,
                                    "Actual Total Time": 130.948,
                                    "Actual Rows": 1,
                                    "Actual Loops": 1
                                },
                                {
                                    "Worker Number": 3,
                                    "Actual Startup Time": 131.357,
                                    "Actual Total Time": 131.359,
                                    "Actual Rows": 1,
                                    "Actual Loops": 1
                                }
                            ],
                            "Plans": [
                                {
                                    "Node Type": "Nested Loop",
                                    "Parent Relationship": "Outer",
                                    "Parallel Aware": false,
                                    "Join Type": "Inner",
                                    "Startup Cost": 0.86,
                                    "Total Cost": 60565.99,
                                    "Plan Rows": 1840,
                                    "Plan Width": 0,
                                    "Actual Startup Time": 1.576,
                                    "Actual Total Time": 132.468,
                                    "Actual Rows": 8076,
                                    "Actual Loops": 5,
                                    "Inner Unique": false,
                                    "Join Filter": "(t.id = mi.movie_id)",
                                    "Rows Removed by Join Filter": 0,
                                    "Workers": [
                                        {
                                            "Worker Number": 0,
                                            "Actual Startup Time": 1.063,
                                            "Actual Total Time": 129.62,
                                            "Actual Rows": 4809,
                                            "Actual Loops": 1
                                        },
                                        {
                                            "Worker Number": 1,
                                            "Actual Startup Time": 2.562,
                                            "Actual Total Time": 129.991,
                                            "Actual Rows": 6774,
                                            "Actual Loops": 1
                                        },
                                        {
                                            "Worker Number": 2,
                                            "Actual Startup Time": 2.688,
                                            "Actual Total Time": 130.399,
                                            "Actual Rows": 6996,
                                            "Actual Loops": 1
                                        },
                                        {
                                            "Worker Number": 3,
                                            "Actual Startup Time": 1.366,
                                            "Actual Total Time": 130.834,
                                            "Actual Rows": 6877,
                                            "Actual Loops": 1
                                        }
                                    ],
                                    "Plans": [
                                        {
                                            "Node Type": "Nested Loop",
                                            "Parent Relationship": "Outer",
                                            "Parallel Aware": false,
                                            "Join Type": "Inner",
                                            "Startup Cost": 0.43,
                                            "Total Cost": 58019.21,
                                            "Plan Rows": 1295,
                                            "Plan Width": 8,
                                            "Actual Startup Time": 1.362,
                                            "Actual Total Time": 90.015,
                                            "Actual Rows": 2505,
                                            "Actual Loops": 5,
                                            "Output": [
                                                "t.id",
                                                "mi_idx.movie_id"
                                            ],
                                            "Inner Unique": false,
                                            "Workers": [
                                                {
                                                    "Worker Number": 0,
                                                    "Actual Startup Time": 0.78,
                                                    "Actual Total Time": 85.197,
                                                    "Actual Rows": 1521,
                                                    "Actual Loops": 1
                                                },
                                                {
                                                    "Worker Number": 1,
                                                    "Actual Startup Time": 2.271,
                                                    "Actual Total Time": 85.442,
                                                    "Actual Rows": 2094,
                                                    "Actual Loops": 1
                                                },
                                                {
                                                    "Worker Number": 2,
                                                    "Actual Startup Time": 2.451,
                                                    "Actual Total Time": 86.078,
                                                    "Actual Rows": 2139,
                                                    "Actual Loops": 1
                                                },
                                                {
                                                    "Worker Number": 3,
                                                    "Actual Startup Time": 1.139,
                                                    "Actual Total Time": 88.526,
                                                    "Actual Rows": 2179,
                                                    "Actual Loops": 1
                                                }
                                            ],
                                            "Plans": [
                                                {
                                                    "Node Type": "Seq Scan",
                                                    "Parent Relationship": "Outer",
                                                    "Parallel Aware": true,
                                                    "Relation Name": "title",
                                                    "Schema": "public",
                                                    "Alias": "t",
                                                    "Startup Cost": 0.0,
                                                    "Total Cost": 45479.21,
                                                    "Plan Rows": 2372,
                                                    "Plan Width": 4,
                                                    "Actual Startup Time": 0.291,
                                                    "Actual Total Time": 71.622,
                                                    "Actual Rows": 2039,
                                                    "Actual Loops": 5,
                                                    "Output": [
                                                        "t.id",
                                                        "t.title",
                                                        "t.imdb_index",
                                                        "t.kind_id",
                                                        "t.production_year",
                                                        "t.imdb_id",
                                                        "t.phonetic_code",
                                                        "t.episode_of_id",
                                                        "t.season_nr",
                                                        "t.episode_nr",
                                                        "t.series_years",
                                                        "t.md5sum"
                                                    ],
                                                    "Filter": "((t.kind_id < 7) AND (t.production_year = 1992))",
                                                    "Rows Removed by Filter": 503623,
                                                    "Workers": [
                                                        {
                                                            "Worker Number": 0,
                                                            "Actual Startup Time": 0.545,
                                                            "Actual Total Time": 65.694,
                                                            "Actual Rows": 1223,
                                                            "Actual Loops": 1
                                                        },
                                                        {
                                                            "Worker Number": 1,
                                                            "Actual Startup Time": 0.494,
                                                            "Actual Total Time": 65.78,
                                                            "Actual Rows": 1729,
                                                            "Actual Loops": 1
                                                        },
                                                        {
                                                            "Worker Number": 2,
                                                            "Actual Startup Time": 0.318,
                                                            "Actual Total Time": 66.338,
                                                            "Actual Rows": 1780,
                                                            "Actual Loops": 1
                                                        },
                                                        {
                                                            "Worker Number": 3,
                                                            "Actual Startup Time": 0.07,
                                                            "Actual Total Time": 69.058,
                                                            "Actual Rows": 1747,
                                                            "Actual Loops": 1
                                                        }
                                                    ]
                                                },
                                                {
                                                    "Node Type": "Index Only Scan",
                                                    "Parent Relationship": "Inner",
                                                    "Parallel Aware": false,
                                                    "Scan Direction": "Forward",
                                                    "Index Name": "movie_id_movie_info_idx",
                                                    "Relation Name": "movie_info_idx",
                                                    "Schema": "public",
                                                    "Alias": "mi_idx",
                                                    "Startup Cost": 0.43,
                                                    "Total Cost": 5.26,
                                                    "Plan Rows": 3,
                                                    "Plan Width": 4,
                                                    "Actual Startup Time": 0.008,
                                                    "Actual Total Time": 0.008,
                                                    "Actual Rows": 1,
                                                    "Actual Loops": 10197,
                                                    "Output": [
                                                        "mi_idx.movie_id"
                                                    ],
                                                    "Index Cond": "(mi_idx.movie_id = t.id)",
                                                    "Rows Removed by Index Recheck": 0,
                                                    "Heap Fetches": 12527,
                                                    "Workers": [
                                                        {
                                                            "Worker Number": 0,
                                                            "Actual Startup Time": 0.015,
                                                            "Actual Total Time": 0.015,
                                                            "Actual Rows": 1,
                                                            "Actual Loops": 1223
                                                        },
                                                        {
                                                            "Worker Number": 1,
                                                            "Actual Startup Time": 0.01,
                                                            "Actual Total Time": 0.011,
                                                            "Actual Rows": 1,
                                                            "Actual Loops": 1729
                                                        },
                                                        {
                                                            "Worker Number": 2,
                                                            "Actual Startup Time": 0.01,
                                                            "Actual Total Time": 0.01,
                                                            "Actual Rows": 1,
                                                            "Actual Loops": 1780
                                                        },
                                                        {
                                                            "Worker Number": 3,
                                                            "Actual Startup Time": 0.01,
                                                            "Actual Total Time": 0.011,
                                                            "Actual Rows": 1,
                                                            "Actual Loops": 1747
                                                        }
                                                    ]
                                                }
                                            ]
                                        },
                                        {
                                            "Node Type": "Index Scan",
                                            "Parent Relationship": "Inner",
                                            "Parallel Aware": false,
                                            "Scan Direction": "Forward",
                                            "Index Name": "movie_id_movie_info",
                                            "Relation Name": "movie_info",
                                            "Schema": "public",
                                            "Alias": "mi",
                                            "Startup Cost": 0.43,
                                            "Total Cost": 1.84,
                                            "Plan Rows": 10,
                                            "Plan Width": 4,
                                            "Actual Startup Time": 0.008,
                                            "Actual Total Time": 0.016,
                                            "Actual Rows": 3,
                                            "Actual Loops": 12527,
                                            "Output": [
                                                "mi.id",
                                                "mi.movie_id",
                                                "mi.info_type_id",
                                                "mi.info",
                                                "mi.note"
                                            ],
                                            "Index Cond": "(mi.movie_id = mi_idx.movie_id)",
                                            "Rows Removed by Index Recheck": 0,
                                            "Filter": "(mi.info_type_id < 4)",
                                            "Rows Removed by Filter": 14,
                                            "Workers": [
                                                {
                                                    "Worker Number": 0,
                                                    "Actual Startup Time": 0.014,
                                                    "Actual Total Time": 0.028,
                                                    "Actual Rows": 3,
                                                    "Actual Loops": 1521
                                                },
                                                {
                                                    "Worker Number": 1,
                                                    "Actual Startup Time": 0.01,
                                                    "Actual Total Time": 0.021,
                                                    "Actual Rows": 3,
                                                    "Actual Loops": 2094
                                                },
                                                {
                                                    "Worker Number": 2,
                                                    "Actual Startup Time": 0.01,
                                                    "Actual Total Time": 0.02,
                                                    "Actual Rows": 3,
                                                    "Actual Loops": 2139
                                                },
                                                {
                                                    "Worker Number": 3,
                                                    "Actual Startup Time": 0.009,
                                                    "Actual Total Time": 0.019,
                                                    "Actual Rows": 3,
                                                    "Actual Loops": 2179
                                                }
                                            ]
                                        }
                                    ]
                                }
                            ]
                        }
                    ]
                }
            ]
        },
        "Planning Time": 218.812,
        "Triggers": [],
        "Execution Time": 159.015
    }
]