[
  {
    "Plan": {
      "Node Type": "Aggregate",
      "Strategy": "Plain",
      "Partial Mode": "Finalize",
      "Parallel Aware": false,
      "Startup Cost": 70803.98,
      "Total Cost": 70803.99,
      "Plan Rows": 1,
      "Plan Width": 8,
      "Actual Startup Time": 134.489,
      "Actual Total Time": 149.946,
      "Actual Rows": 1,
      "Actual Loops": 1,
      "Plans": [
        {
          "Node Type": "Gather",
          "Parent Relationship": "Outer",
          "Parallel Aware": false,
          "Startup Cost": 70803.66,
          "Total Cost": 70803.97,
          "Plan Rows": 3,
          "Plan Width": 8,
          "Actual Startup Time": 133.897,
          "Actual Total Time": 149.937,
          "Actual Rows": 4,
          "Actual Loops": 1,
          "Workers Planned": 3,
          "Workers Launched": 3,
          "Single Copy": false,
          "Plans": [
            {
              "Node Type": "Aggregate",
              "Strategy": "Plain",
              "Partial Mode": "Partial",
              "Parent Relationship": "Outer",
              "Parallel Aware": false,
              "Startup Cost": 69803.66,
              "Total Cost": 69803.67,
              "Plan Rows": 1,
              "Plan Width": 8,
              "Actual Startup Time": 129.683,
              "Actual Total Time": 129.688,
              "Actual Rows": 1,
              "Actual Loops": 4,
              "Plans": [
                {
                  "Node Type": "Nested Loop",
                  "Parent Relationship": "Outer",
                  "Parallel Aware": false,
                  "Join Type": "Inner",
                  "Startup Cost": 45903.92,
                  "Total Cost": 69802.59,
                  "Plan Rows": 429,
                  "Plan Width": 0,
                  "Actual Startup Time": 106.405,
                  "Actual Total Time": 129.649,
                  "Actual Rows": 319,
                  "Actual Loops": 4,
                  "Inner Unique": false,
                  "Plans": [
                    {
                      "Node Type": "Hash Join",
                      "Parent Relationship": "Outer",
                      "Parallel Aware": true,
                      "Join Type": "Inner",
                      "Startup Cost": 45903.48,
                      "Total Cost": 65128.52,
                      "Plan Rows": 358,
                      "Plan Width": 8,
                      "Actual Startup Time": 106.289,
                      "Actual Total Time": 123.695,
                      "Actual Rows": 182,
                      "Actual Loops": 4,
                      "Inner Unique": true,
                      "Hash Cond": "(mc.movie_id = t.id)",
                      "Plans": [
                        {
                          "Node Type": "Bitmap Heap Scan",
                          "Parent Relationship": "Outer",
                          "Parallel Aware": true,
                          "Relation Name": "movie_companies",
                          "Alias": "mc",
                          "Startup Cost": 1787.71,
                          "Total Cost": 20978.46,
                          "Plan Rows": 13063,
                          "Plan Width": 4,
                          "Actual Startup Time": 5.878,
                          "Actual Total Time": 19.371,
                          "Actual Rows": 16630,
                          "Actual Loops": 4,
                          "Recheck Cond": "(company_id < 19)",
                          "Rows Removed by Index Recheck": 0,
                          "Filter": "(company_type_id < 2)",
                          "Rows Removed by Filter": 4388,
                          "Exact Heap Blocks": 4150,
                          "Lossy Heap Blocks": 0,
                          "Plans": [
                            {
                              "Node Type": "Bitmap Index Scan",
                              "Parent Relationship": "Outer",
                              "Parallel Aware": false,
                              "Index Name": "company_id_movie_companies",
                              "Startup Cost": 0.0,
                              "Total Cost": 1777.59,
                              "Plan Rows": 82821,
                              "Plan Width": 0,
                              "Actual Startup Time": 4.764,
                              "Actual Total Time": 4.765,
                              "Actual Rows": 84071,
                              "Actual Loops": 1,
                              "Index Cond": "(company_id < 19)"
                            }
                          ]
                        },
                        {
                          "Node Type": "Hash",
                          "Parent Relationship": "Inner",
                          "Parallel Aware": true,
                          "Startup Cost": 43899.32,
                          "Total Cost": 43899.32,
                          "Plan Rows": 17316,
                          "Plan Width": 4,
                          "Actual Startup Time": 99.541,
                          "Actual Total Time": 99.542,
                          "Actual Rows": 16836,
                          "Actual Loops": 4,
                          "Hash Buckets": 131072,
                          "Original Hash Buckets": 131072,
                          "Hash Batches": 1,
                          "Original Hash Batches": 1,
                          "Peak Memory Usage": 3712,
                          "Plans": [
                            {
                              "Node Type": "Seq Scan",
                              "Parent Relationship": "Outer",
                              "Parallel Aware": true,
                              "Relation Name": "title",
                              "Alias": "t",
                              "Startup Cost": 0.0,
                              "Total Cost": 43899.32,
                              "Plan Rows": 17316,
                              "Plan Width": 4,
                              "Actual Startup Time": 0.039,
                              "Actual Total Time": 92.144,
                              "Actual Rows": 16836,
                              "Actual Loops": 4,
                              "Filter": "(production_year > 2012)",
                              "Rows Removed by Filter": 615242
                            }
                          ]
                        }
                      ]
                    },
                    {
                      "Node Type": "Index Scan",
                      "Parent Relationship": "Inner",
                      "Parallel Aware": false,
                      "Scan Direction": "Forward",
                      "Index Name": "movie_id_movie_info",
                      "Relation Name": "movie_info",
                      "Alias": "mi",
                      "Startup Cost": 0.43,
                      "Total Cost": 12.98,
                      "Plan Rows": 8,
                      "Plan Width": 4,
                      "Actual Startup Time": 0.02,
                      "Actual Total Time": 0.032,
                      "Actual Rows": 2,
                      "Actual Loops": 727,
                      "Index Cond": "(movie_id = t.id)",
                      "Rows Removed by Index Recheck": 0,
                      "Filter": "(info_type_id = 16)",
                      "Rows Removed by Filter": 7
                    }
                  ]
                }
              ]
            }
          ]
        }
      ]
    },
    "Planning Time": 0.648,
    "Triggers": [],
    "Execution Time": 150.01
  }
]