[
  {
    "Plan": {
      "Node Type": "Aggregate",
      "Strategy": "Plain",
      "Partial Mode": "Finalize",
      "Parallel Aware": false,
      "Startup Cost": 33835.46,
      "Total Cost": 33835.47,
      "Plan Rows": 1,
      "Plan Width": 8,
      "Actual Startup Time": 38.756,
      "Actual Total Time": 42.966,
      "Actual Rows": 1,
      "Actual Loops": 1,
      "Plans": [
        {
          "Node Type": "Gather",
          "Parent Relationship": "Outer",
          "Parallel Aware": false,
          "Startup Cost": 33835.24,
          "Total Cost": 33835.45,
          "Plan Rows": 2,
          "Plan Width": 8,
          "Actual Startup Time": 38.527,
          "Actual Total Time": 42.957,
          "Actual Rows": 3,
          "Actual Loops": 1,
          "Workers Planned": 2,
          "Workers Launched": 2,
          "Single Copy": false,
          "Plans": [
            {
              "Node Type": "Aggregate",
              "Strategy": "Plain",
              "Partial Mode": "Partial",
              "Parent Relationship": "Outer",
              "Parallel Aware": false,
              "Startup Cost": 32835.24,
              "Total Cost": 32835.25,
              "Plan Rows": 1,
              "Plan Width": 8,
              "Actual Startup Time": 30.612,
              "Actual Total Time": 30.613,
              "Actual Rows": 1,
              "Actual Loops": 3,
              "Plans": [
                {
                  "Node Type": "Nested Loop",
                  "Parent Relationship": "Outer",
                  "Parallel Aware": false,
                  "Join Type": "Inner",
                  "Startup Cost": 144.09,
                  "Total Cost": 32830.36,
                  "Plan Rows": 1952,
                  "Plan Width": 0,
                  "Actual Startup Time": 1.727,
                  "Actual Total Time": 30.231,
                  "Actual Rows": 1799,
                  "Actual Loops": 3,
                  "Inner Unique": true,
                  "Plans": [
                    {
                      "Node Type": "Bitmap Heap Scan",
                      "Parent Relationship": "Outer",
                      "Parallel Aware": true,
                      "Relation Name": "movie_companies",
                      "Alias": "mc",
                      "Startup Cost": 143.66,
                      "Total Cost": 13440.5,
                      "Plan Rows": 2754,
                      "Plan Width": 4,
                      "Actual Startup Time": 1.584,
                      "Actual Total Time": 6.708,
                      "Actual Rows": 2022,
                      "Actual Loops": 3,
                      "Recheck Cond": "(company_id = 93)",
                      "Rows Removed by Index Recheck": 0,
                      "Exact Heap Blocks": 1628,
                      "Lossy Heap Blocks": 0,
                      "Plans": [
                        {
                          "Node Type": "Bitmap Index Scan",
                          "Parent Relationship": "Outer",
                          "Parallel Aware": false,
                          "Index Name": "company_id_movie_companies",
                          "Startup Cost": 0.0,
                          "Total Cost": 142.0,
                          "Plan Rows": 6610,
                          "Plan Width": 0,
                          "Actual Startup Time": 3.394,
                          "Actual Total Time": 3.394,
                          "Actual Rows": 6067,
                          "Actual Loops": 1,
                          "Index Cond": "(company_id = 93)"
                        }
                      ]
                    },
                    {
                      "Node Type": "Index Scan",
                      "Parent Relationship": "Inner",
                      "Parallel Aware": false,
                      "Scan Direction": "Forward",
                      "Index Name": "title_pkey",
                      "Relation Name": "title",
                      "Alias": "t",
                      "Startup Cost": 0.43,
                      "Total Cost": 7.04,
                      "Plan Rows": 1,
                      "Plan Width": 4,
                      "Actual Startup Time": 0.011,
                      "Actual Total Time": 0.011,
                      "Actual Rows": 1,
                      "Actual Loops": 6067,
                      "Index Cond": "(id = mc.movie_id)",
                      "Rows Removed by Index Recheck": 0,
                      "Filter": "(production_year < 2009)",
                      "Rows Removed by Filter": 0
                    }
                  ]
                }
              ]
            }
          ]
        }
      ]
    },
    "Planning Time": 0.642,
    "Triggers": [],
    "Execution Time": 43.053
  }
]