{
    "Plan": {
        "Node Type": "Aggregate",
        "Strategy": "Plain",
        "Partial Mode": "Finalize",
        "Parallel Aware": false,
        "Startup Cost": 293812.35,
        "Total Cost": 293812.36,
        "Plan Rows": 1,
        "Plan Width": 8,
        "Actual Startup Time": 1029.683,
        "Actual Total Time": 1086.953,
        "Actual Rows": 1,
        "Actual Loops": 1,
        "Output": [
            "count(*)"
        ],
        "Plans": [
            {
                "Node Type": "Gather",
                "Parent Relationship": "Outer",
                "Parallel Aware": false,
                "Startup Cost": 293812.03,
                "Total Cost": 293812.34,
                "Plan Rows": 3,
                "Plan Width": 8,
                "Actual Startup Time": 1027.155,
                "Actual Total Time": 1086.938,
                "Actual Rows": 4,
                "Actual Loops": 1,
                "Output": [
                    "(PARTIAL count(*))"
                ],
                "Workers Planned": 3,
                "Workers Launched": 3,
                "Single Copy": false,
                "Plans": [
                    {
                        "Node Type": "Aggregate",
                        "Strategy": "Plain",
                        "Partial Mode": "Partial",
                        "Parent Relationship": "Outer",
                        "Parallel Aware": false,
                        "Startup Cost": 292812.03,
                        "Total Cost": 292812.04,
                        "Plan Rows": 1,
                        "Plan Width": 8,
                        "Actual Startup Time": 1018.019,
                        "Actual Total Time": 1018.17,
                        "Actual Rows": 1,
                        "Actual Loops": 4,
                        "Output": [
                            "PARTIAL count(*)"
                        ],
                        "Workers": [
                            {
                                "Worker Number": 0,
                                "Actual Startup Time": 1015.132,
                                "Actual Total Time": 1015.139,
                                "Actual Rows": 1,
                                "Actual Loops": 1
                            },
                            {
                                "Worker Number": 1,
                                "Actual Startup Time": 1015.182,
                                "Actual Total Time": 1015.187,
                                "Actual Rows": 1,
                                "Actual Loops": 1
                            },
                            {
                                "Worker Number": 2,
                                "Actual Startup Time": 1015.412,
                                "Actual Total Time": 1015.417,
                                "Actual Rows": 1,
                                "Actual Loops": 1
                            }
                        ],
                        "Plans": [
                            {
                                "Node Type": "Hash Join",
                                "Parent Relationship": "Outer",
                                "Parallel Aware": true,
                                "Join Type": "Inner",
                                "Startup Cost": 245743.18,
                                "Total Cost": 292539.1,
                                "Plan Rows": 109173,
                                "Plan Width": 0,
                                "Actual Startup Time": 749.46,
                                "Actual Total Time": 1006.519,
                                "Actual Rows": 229202,
                                "Actual Loops": 4,
                                "Inner Unique": false,
                                "Hash Cond": "(mk.movie_id = t.id)",
                                "Workers": [
                                    {
                                        "Worker Number": 0,
                                        "Actual Startup Time": 746.06,
                                        "Actual Total Time": 1003.446,
                                        "Actual Rows": 182668,
                                        "Actual Loops": 1
                                    },
                                    {
                                        "Worker Number": 1,
                                        "Actual Startup Time": 746.581,
                                        "Actual Total Time": 1004.439,
                                        "Actual Rows": 260433,
                                        "Actual Loops": 1
                                    },
                                    {
                                        "Worker Number": 2,
                                        "Actual Startup Time": 747.477,
                                        "Actual Total Time": 1004.585,
                                        "Actual Rows": 261842,
                                        "Actual Loops": 1
                                    }
                                ],
                                "Plans": [
                                    {
                                        "Node Type": "Seq Scan",
                                        "Parent Relationship": "Outer",
                                        "Parallel Aware": true,
                                        "Relation Name": "movie_keyword",
                                        "Schema": "public",
                                        "Alias": "mk",
                                        "Startup Cost": 0.0,
                                        "Total Cost": 42695.65,
                                        "Plan Rows": 1035179,
                                        "Plan Width": 4,
                                        "Actual Startup Time": 0.096,
                                        "Actual Total Time": 148.664,
                                        "Actual Rows": 804551,
                                        "Actual Loops": 4,
                                        "Output": [
                                            "mk.id",
                                            "mk.movie_id",
                                            "mk.keyword_id"
                                        ],
                                        "Filter": "(mk.keyword_id > 1711)",
                                        "Rows Removed by Filter": 326432,
                                        "Workers": [
                                            {
                                                "Worker Number": 0,
                                                "Actual Startup Time": 0.059,
                                                "Actual Total Time": 152.089,
                                                "Actual Rows": 636392,
                                                "Actual Loops": 1
                                            },
                                            {
                                                "Worker Number": 1,
                                                "Actual Startup Time": 0.107,
                                                "Actual Total Time": 152.437,
                                                "Actual Rows": 916940,
                                                "Actual Loops": 1
                                            },
                                            {
                                                "Worker Number": 2,
                                                "Actual Startup Time": 0.106,
                                                "Actual Total Time": 151.989,
                                                "Actual Rows": 912756,
                                                "Actual Loops": 1
                                            }
                                        ]
                                    },
                                    {
                                        "Node Type": "Hash",
                                        "Parent Relationship": "Inner",
                                        "Parallel Aware": true,
                                        "Startup Cost": 245076.56,
                                        "Total Cost": 245076.56,
                                        "Plan Rows": 53329,
                                        "Plan Width": 8,
                                        "Actual Startup Time": 745.519,
                                        "Actual Total Time": 745.668,
                                        "Actual Rows": 92833,
                                        "Actual Loops": 4,
                                        "Output": [
                                            "t.id",
                                            "mi.movie_id"
                                        ],
                                        "Hash Buckets": 524288,
                                        "Original Hash Buckets": 524288,
                                        "Hash Batches": 1,
                                        "Original Hash Batches": 1,
                                        "Peak Memory Usage": 18720,
                                        "Workers": [
                                            {
                                                "Worker Number": 0,
                                                "Actual Startup Time": 745.045,
                                                "Actual Total Time": 745.049,
                                                "Actual Rows": 79746,
                                                "Actual Loops": 1
                                            },
                                            {
                                                "Worker Number": 1,
                                                "Actual Startup Time": 745.672,
                                                "Actual Total Time": 745.676,
                                                "Actual Rows": 103360,
                                                "Actual Loops": 1
                                            },
                                            {
                                                "Worker Number": 2,
                                                "Actual Startup Time": 745.865,
                                                "Actual Total Time": 745.868,
                                                "Actual Rows": 102335,
                                                "Actual Loops": 1
                                            }
                                        ],
                                        "Plans": [
                                            {
                                                "Node Type": "Hash Join",
                                                "Parent Relationship": "Outer",
                                                "Parallel Aware": true,
                                                "Join Type": "Inner",
                                                "Startup Cost": 45508.72,
                                                "Total Cost": 245076.56,
                                                "Plan Rows": 53329,
                                                "Plan Width": 8,
                                                "Actual Startup Time": 485.958,
                                                "Actual Total Time": 707.21,
                                                "Actual Rows": 92833,
                                                "Actual Loops": 4,
                                                "Output": [
                                                    "t.id",
                                                    "mi.movie_id"
                                                ],
                                                "Inner Unique": true,
                                                "Hash Cond": "(mi.movie_id = t.id)",
                                                "Workers": [
                                                    {
                                                        "Worker Number": 0,
                                                        "Actual Startup Time": 485.576,
                                                        "Actual Total Time": 707.713,
                                                        "Actual Rows": 79746,
                                                        "Actual Loops": 1
                                                    },
                                                    {
                                                        "Worker Number": 1,
                                                        "Actual Startup Time": 485.993,
                                                        "Actual Total Time": 706.964,
                                                        "Actual Rows": 103360,
                                                        "Actual Loops": 1
                                                    },
                                                    {
                                                        "Worker Number": 2,
                                                        "Actual Startup Time": 485.994,
                                                        "Actual Total Time": 706.745,
                                                        "Actual Rows": 102335,
                                                        "Actual Loops": 1
                                                    }
                                                ],
                                                "Plans": [
                                                    {
                                                        "Node Type": "Seq Scan",
                                                        "Parent Relationship": "Outer",
                                                        "Parallel Aware": true,
                                                        "Relation Name": "movie_info",
                                                        "Schema": "public",
                                                        "Alias": "mi",
                                                        "Startup Cost": 0.0,
                                                        "Total Cost": 198880.74,
                                                        "Plan Rows": 261755,
                                                        "Plan Width": 4,
                                                        "Actual Startup Time": 315.978,
                                                        "Actual Total Time": 431.069,
                                                        "Actual Rows": 322232,
                                                        "Actual Loops": 4,
                                                        "Output": [
                                                            "mi.id",
                                                            "mi.movie_id",
                                                            "mi.info_type_id",
                                                            "mi.info",
                                                            "mi.note"
                                                        ],
                                                        "Filter": "(mi.info_type_id = 2)",
                                                        "Rows Removed by Filter": 3386698,
                                                        "Workers": [
                                                            {
                                                                "Worker Number": 0,
                                                                "Actual Startup Time": 315.98,
                                                                "Actual Total Time": 432.233,
                                                                "Actual Rows": 270570,
                                                                "Actual Loops": 1
                                                            },
                                                            {
                                                                "Worker Number": 1,
                                                                "Actual Startup Time": 315.937,
                                                                "Actual Total Time": 430.861,
                                                                "Actual Rows": 359077,
                                                                "Actual Loops": 1
                                                            },
                                                            {
                                                                "Worker Number": 2,
                                                                "Actual Startup Time": 315.918,
                                                                "Actual Total Time": 430.685,
                                                                "Actual Rows": 358415,
                                                                "Actual Loops": 1
                                                            }
                                                        ]
                                                    },
                                                    {
                                                        "Node Type": "Hash",
                                                        "Parent Relationship": "Inner",
                                                        "Parallel Aware": true,
                                                        "Startup Cost": 43899.01,
                                                        "Total Cost": 43899.01,
                                                        "Plan Rows": 128777,
                                                        "Plan Width": 4,
                                                        "Actual Startup Time": 167.778,
                                                        "Actual Total Time": 167.78,
                                                        "Actual Rows": 127239,
                                                        "Actual Loops": 4,
                                                        "Output": [
                                                            "t.id"
                                                        ],
                                                        "Hash Buckets": 524288,
                                                        "Original Hash Buckets": 524288,
                                                        "Hash Batches": 1,
                                                        "Original Hash Batches": 1,
                                                        "Peak Memory Usage": 24064,
                                                        "Workers": [
                                                            {
                                                                "Worker Number": 0,
                                                                "Actual Startup Time": 169.296,
                                                                "Actual Total Time": 169.297,
                                                                "Actual Rows": 99330,
                                                                "Actual Loops": 1
                                                            },
                                                            {
                                                                "Worker Number": 1,
                                                                "Actual Startup Time": 169.573,
                                                                "Actual Total Time": 169.575,
                                                                "Actual Rows": 137971,
                                                                "Actual Loops": 1
                                                            },
                                                            {
                                                                "Worker Number": 2,
                                                                "Actual Startup Time": 169.458,
                                                                "Actual Total Time": 169.459,
                                                                "Actual Rows": 138095,
                                                                "Actual Loops": 1
                                                            }
                                                        ],
                                                        "Plans": [
                                                            {
                                                                "Node Type": "Seq Scan",
                                                                "Parent Relationship": "Outer",
                                                                "Parallel Aware": true,
                                                                "Relation Name": "title",
                                                                "Schema": "public",
                                                                "Alias": "t",
                                                                "Startup Cost": 0.0,
                                                                "Total Cost": 43899.01,
                                                                "Plan Rows": 128777,
                                                                "Plan Width": 4,
                                                                "Actual Startup Time": 0.065,
                                                                "Actual Total Time": 114.631,
                                                                "Actual Rows": 127239,
                                                                "Actual Loops": 4,
                                                                "Output": [
                                                                    "t.id"
                                                                ],
                                                                "Filter": "(t.production_year < 1980)",
                                                                "Rows Removed by Filter": 504839,
                                                                "Workers": [
                                                                    {
                                                                        "Worker Number": 0,
                                                                        "Actual Startup Time": 0.081,
                                                                        "Actual Total Time": 114.602,
                                                                        "Actual Rows": 99330,
                                                                        "Actual Loops": 1
                                                                    },
                                                                    {
                                                                        "Worker Number": 1,
                                                                        "Actual Startup Time": 0.079,
                                                                        "Actual Total Time": 115.556,
                                                                        "Actual Rows": 137971,
                                                                        "Actual Loops": 1
                                                                    },
                                                                    {
                                                                        "Worker Number": 2,
                                                                        "Actual Startup Time": 0.078,
                                                                        "Actual Total Time": 116.512,
                                                                        "Actual Rows": 138095,
                                                                        "Actual Loops": 1
                                                                    }
                                                                ]
                                                            }
                                                        ]
                                                    }
                                                ]
                                            }
                                        ]
                                    }
                                ]
                            }
                        ]
                    }
                ]
            }
        ]
    },
    "Planning Time": 1.578,
    "Triggers": [],
    "Execution Time": 1087.066
}