[
  {
    "Plan": {
      "Node Type": "Aggregate",
      "Strategy": "Plain",
      "Partial Mode": "Finalize",
      "Parallel Aware": false,
      "Startup Cost": 25156.37,
      "Total Cost": 25156.38,
      "Plan Rows": 1,
      "Plan Width": 8,
      "Actual Startup Time": 31.44,
      "Actual Total Time": 36.204,
      "Actual Rows": 1,
      "Actual Loops": 1,
      "Plans": [
        {
          "Node Type": "Gather",
          "Parent Relationship": "Outer",
          "Parallel Aware": false,
          "Startup Cost": 25156.16,
          "Total Cost": 25156.37,
          "Plan Rows": 2,
          "Plan Width": 8,
          "Actual Startup Time": 31.287,
          "Actual Total Time": 36.196,
          "Actual Rows": 3,
          "Actual Loops": 1,
          "Workers Planned": 2,
          "Workers Launched": 2,
          "Single Copy": false,
          "Plans": [
            {
              "Node Type": "Aggregate",
              "Strategy": "Plain",
              "Partial Mode": "Partial",
              "Parent Relationship": "Outer",
              "Parallel Aware": false,
              "Startup Cost": 24156.16,
              "Total Cost": 24156.17,
              "Plan Rows": 1,
              "Plan Width": 8,
              "Actual Startup Time": 22.99,
              "Actual Total Time": 22.992,
              "Actual Rows": 1,
              "Actual Loops": 3,
              "Plans": [
                {
                  "Node Type": "Nested Loop",
                  "Parent Relationship": "Outer",
                  "Parallel Aware": false,
                  "Join Type": "Inner",
                  "Startup Cost": 93.58,
                  "Total Cost": 24154.43,
                  "Plan Rows": 690,
                  "Plan Width": 0,
                  "Actual Startup Time": 1.909,
                  "Actual Total Time": 22.783,
                  "Actual Rows": 940,
                  "Actual Loops": 3,
                  "Inner Unique": true,
                  "Plans": [
                    {
                      "Node Type": "Bitmap Heap Scan",
                      "Parent Relationship": "Outer",
                      "Parallel Aware": true,
                      "Relation Name": "movie_keyword",
                      "Alias": "mk",
                      "Startup Cost": 93.15,
                      "Total Cost": 11014.05,
                      "Plan Rows": 1759,
                      "Plan Width": 4,
                      "Actual Startup Time": 1.734,
                      "Actual Total Time": 7.866,
                      "Actual Rows": 1005,
                      "Actual Loops": 3,
                      "Recheck Cond": "(keyword_id = 3316)",
                      "Rows Removed by Index Recheck": 0,
                      "Exact Heap Blocks": 2270,
                      "Lossy Heap Blocks": 0,
                      "Plans": [
                        {
                          "Node Type": "Bitmap Index Scan",
                          "Parent Relationship": "Outer",
                          "Parallel Aware": false,
                          "Index Name": "keyword_id_movie_keyword",
                          "Startup Cost": 0.0,
                          "Total Cost": 92.1,
                          "Plan Rows": 4222,
                          "Plan Width": 0,
                          "Actual Startup Time": 3.509,
                          "Actual Total Time": 3.51,
                          "Actual Rows": 3016,
                          "Actual Loops": 1,
                          "Index Cond": "(keyword_id = 3316)"
                        }
                      ]
                    },
                    {
                      "Node Type": "Index Scan",
                      "Parent Relationship": "Inner",
                      "Parallel Aware": false,
                      "Scan Direction": "Forward",
                      "Index Name": "title_pkey",
                      "Relation Name": "title",
                      "Alias": "t",
                      "Startup Cost": 0.43,
                      "Total Cost": 7.47,
                      "Plan Rows": 1,
                      "Plan Width": 4,
                      "Actual Startup Time": 0.014,
                      "Actual Total Time": 0.014,
                      "Actual Rows": 1,
                      "Actual Loops": 3016,
                      "Index Cond": "(id = mk.movie_id)",
                      "Rows Removed by Index Recheck": 0,
                      "Filter": "(kind_id < 7)",
                      "Rows Removed by Filter": 0
                    }
                  ]
                }
              ]
            }
          ]
        }
      ]
    },
    "Planning Time": 0.606,
    "Triggers": [],
    "Execution Time": 36.285
  }
]