{
    "Plan": {
        "Node Type": "Aggregate",
        "Strategy": "Plain",
        "Partial Mode": "Finalize",
        "Parallel Aware": false,
        "Startup Cost": 379382.59,
        "Total Cost": 379382.6,
        "Plan Rows": 1,
        "Plan Width": 8,
        "Actual Startup Time": 1945.794,
        "Actual Total Time": 1995.843,
        "Actual Rows": 1,
        "Actual Loops": 1,
        "Output": [
            "count(*)"
        ],
        "Plans": [
            {
                "Node Type": "Gather",
                "Parent Relationship": "Outer",
                "Parallel Aware": false,
                "Startup Cost": 379381.97,
                "Total Cost": 379382.58,
                "Plan Rows": 6,
                "Plan Width": 8,
                "Actual Startup Time": 1939.691,
                "Actual Total Time": 1995.832,
                "Actual Rows": 7,
                "Actual Loops": 1,
                "Output": [
                    "(PARTIAL count(*))"
                ],
                "Workers Planned": 6,
                "Workers Launched": 6,
                "Single Copy": false,
                "Plans": [
                    {
                        "Node Type": "Aggregate",
                        "Strategy": "Plain",
                        "Partial Mode": "Partial",
                        "Parent Relationship": "Outer",
                        "Parallel Aware": false,
                        "Startup Cost": 378381.97,
                        "Total Cost": 378381.98,
                        "Plan Rows": 1,
                        "Plan Width": 8,
                        "Actual Startup Time": 1928.763,
                        "Actual Total Time": 1928.766,
                        "Actual Rows": 1,
                        "Actual Loops": 7,
                        "Output": [
                            "PARTIAL count(*)"
                        ],
                        "Workers": [
                            {
                                "Worker Number": 0,
                                "Actual Startup Time": 1926.459,
                                "Actual Total Time": 1926.462,
                                "Actual Rows": 1,
                                "Actual Loops": 1
                            },
                            {
                                "Worker Number": 1,
                                "Actual Startup Time": 1926.964,
                                "Actual Total Time": 1926.965,
                                "Actual Rows": 1,
                                "Actual Loops": 1
                            },
                            {
                                "Worker Number": 2,
                                "Actual Startup Time": 1927.553,
                                "Actual Total Time": 1927.555,
                                "Actual Rows": 1,
                                "Actual Loops": 1
                            },
                            {
                                "Worker Number": 3,
                                "Actual Startup Time": 1927.112,
                                "Actual Total Time": 1927.115,
                                "Actual Rows": 1,
                                "Actual Loops": 1
                            },
                            {
                                "Worker Number": 4,
                                "Actual Startup Time": 1927.106,
                                "Actual Total Time": 1927.109,
                                "Actual Rows": 1,
                                "Actual Loops": 1
                            },
                            {
                                "Worker Number": 5,
                                "Actual Startup Time": 1927.333,
                                "Actual Total Time": 1927.336,
                                "Actual Rows": 1,
                                "Actual Loops": 1
                            }
                        ],
                        "Plans": [
                            {
                                "Node Type": "Hash Join",
                                "Parent Relationship": "Outer",
                                "Parallel Aware": true,
                                "Join Type": "Inner",
                                "Startup Cost": 45792.68,
                                "Total Cost": 374761.59,
                                "Plan Rows": 1448153,
                                "Plan Width": 0,
                                "Actual Startup Time": 123.742,
                                "Actual Total Time": 1877.277,
                                "Actual Rows": 1059179,
                                "Actual Loops": 7,
                                "Inner Unique": true,
                                "Hash Cond": "(ci.movie_id = t.id)",
                                "Workers": [
                                    {
                                        "Worker Number": 0,
                                        "Actual Startup Time": 121.489,
                                        "Actual Total Time": 1870.388,
                                        "Actual Rows": 798626,
                                        "Actual Loops": 1
                                    },
                                    {
                                        "Worker Number": 1,
                                        "Actual Startup Time": 122.012,
                                        "Actual Total Time": 1876.592,
                                        "Actual Rows": 1165364,
                                        "Actual Loops": 1
                                    },
                                    {
                                        "Worker Number": 2,
                                        "Actual Startup Time": 122.188,
                                        "Actual Total Time": 1879.964,
                                        "Actual Rows": 1084024,
                                        "Actual Loops": 1
                                    },
                                    {
                                        "Worker Number": 3,
                                        "Actual Startup Time": 122.162,
                                        "Actual Total Time": 1877.966,
                                        "Actual Rows": 1130041,
                                        "Actual Loops": 1
                                    },
                                    {
                                        "Worker Number": 4,
                                        "Actual Startup Time": 122.093,
                                        "Actual Total Time": 1877.401,
                                        "Actual Rows": 1147631,
                                        "Actual Loops": 1
                                    },
                                    {
                                        "Worker Number": 5,
                                        "Actual Startup Time": 122.39,
                                        "Actual Total Time": 1871.676,
                                        "Actual Rows": 793621,
                                        "Actual Loops": 1
                                    }
                                ],
                                "Plans": [
                                    {
                                        "Node Type": "Seq Scan",
                                        "Parent Relationship": "Outer",
                                        "Parallel Aware": true,
                                        "Relation Name": "cast_info",
                                        "Schema": "public",
                                        "Alias": "ci",
                                        "Startup Cost": 0.0,
                                        "Total Cost": 313108.29,
                                        "Plan Rows": 6042129,
                                        "Plan Width": 4,
                                        "Actual Startup Time": 0.027,
                                        "Actual Total Time": 561.771,
                                        "Actual Rows": 5177763,
                                        "Actual Loops": 7,
                                        "Output": [
                                            "ci.id",
                                            "ci.person_id",
                                            "ci.movie_id",
                                            "ci.person_role_id",
                                            "ci.note",
                                            "ci.nr_order",
                                            "ci.role_id"
                                        ],
                                        "Workers": [
                                            {
                                                "Worker Number": 0,
                                                "Actual Startup Time": 0.035,
                                                "Actual Total Time": 587.983,
                                                "Actual Rows": 3894822,
                                                "Actual Loops": 1
                                            },
                                            {
                                                "Worker Number": 1,
                                                "Actual Startup Time": 0.026,
                                                "Actual Total Time": 573.019,
                                                "Actual Rows": 5691423,
                                                "Actual Loops": 1
                                            },
                                            {
                                                "Worker Number": 2,
                                                "Actual Startup Time": 0.028,
                                                "Actual Total Time": 569.019,
                                                "Actual Rows": 5312390,
                                                "Actual Loops": 1
                                            },
                                            {
                                                "Worker Number": 3,
                                                "Actual Startup Time": 0.026,
                                                "Actual Total Time": 565.423,
                                                "Actual Rows": 5518198,
                                                "Actual Loops": 1
                                            },
                                            {
                                                "Worker Number": 4,
                                                "Actual Startup Time": 0.031,
                                                "Actual Total Time": 570.204,
                                                "Actual Rows": 5632094,
                                                "Actual Loops": 1
                                            },
                                            {
                                                "Worker Number": 5,
                                                "Actual Startup Time": 0.034,
                                                "Actual Total Time": 587.582,
                                                "Actual Rows": 3847965,
                                                "Actual Loops": 1
                                            }
                                        ]
                                    },
                                    {
                                        "Node Type": "Hash",
                                        "Parent Relationship": "Inner",
                                        "Parallel Aware": true,
                                        "Startup Cost": 43899.01,
                                        "Total Cost": 43899.01,
                                        "Plan Rows": 151494,
                                        "Plan Width": 4,
                                        "Actual Startup Time": 120.261,
                                        "Actual Total Time": 120.262,
                                        "Actual Rows": 86202,
                                        "Actual Loops": 7,
                                        "Output": [
                                            "t.id"
                                        ],
                                        "Hash Buckets": 1048576,
                                        "Original Hash Buckets": 1048576,
                                        "Hash Batches": 1,
                                        "Original Hash Batches": 1,
                                        "Peak Memory Usage": 31904,
                                        "Workers": [
                                            {
                                                "Worker Number": 0,
                                                "Actual Startup Time": 120.766,
                                                "Actual Total Time": 120.767,
                                                "Actual Rows": 64310,
                                                "Actual Loops": 1
                                            },
                                            {
                                                "Worker Number": 1,
                                                "Actual Startup Time": 121.279,
                                                "Actual Total Time": 121.28,
                                                "Actual Rows": 88647,
                                                "Actual Loops": 1
                                            },
                                            {
                                                "Worker Number": 2,
                                                "Actual Startup Time": 121.446,
                                                "Actual Total Time": 121.447,
                                                "Actual Rows": 84016,
                                                "Actual Loops": 1
                                            },
                                            {
                                                "Worker Number": 3,
                                                "Actual Startup Time": 121.394,
                                                "Actual Total Time": 121.395,
                                                "Actual Rows": 84475,
                                                "Actual Loops": 1
                                            },
                                            {
                                                "Worker Number": 4,
                                                "Actual Startup Time": 121.369,
                                                "Actual Total Time": 121.37,
                                                "Actual Rows": 86010,
                                                "Actual Loops": 1
                                            },
                                            {
                                                "Worker Number": 5,
                                                "Actual Startup Time": 121.657,
                                                "Actual Total Time": 121.658,
                                                "Actual Rows": 63699,
                                                "Actual Loops": 1
                                            }
                                        ],
                                        "Plans": [
                                            {
                                                "Node Type": "Seq Scan",
                                                "Parent Relationship": "Outer",
                                                "Parallel Aware": true,
                                                "Relation Name": "title",
                                                "Schema": "public",
                                                "Alias": "t",
                                                "Startup Cost": 0.0,
                                                "Total Cost": 43899.01,
                                                "Plan Rows": 151494,
                                                "Plan Width": 4,
                                                "Actual Startup Time": 0.065,
                                                "Actual Total Time": 74.445,
                                                "Actual Rows": 86202,
                                                "Actual Loops": 7,
                                                "Output": [
                                                    "t.id"
                                                ],
                                                "Filter": "(t.production_year < 1986)",
                                                "Rows Removed by Filter": 274986,
                                                "Workers": [
                                                    {
                                                        "Worker Number": 0,
                                                        "Actual Startup Time": 0.08,
                                                        "Actual Total Time": 75.816,
                                                        "Actual Rows": 64310,
                                                        "Actual Loops": 1
                                                    },
                                                    {
                                                        "Worker Number": 1,
                                                        "Actual Startup Time": 0.063,
                                                        "Actual Total Time": 76.014,
                                                        "Actual Rows": 88647,
                                                        "Actual Loops": 1
                                                    },
                                                    {
                                                        "Worker Number": 2,
                                                        "Actual Startup Time": 0.075,
                                                        "Actual Total Time": 73.948,
                                                        "Actual Rows": 84016,
                                                        "Actual Loops": 1
                                                    },
                                                    {
                                                        "Worker Number": 3,
                                                        "Actual Startup Time": 0.067,
                                                        "Actual Total Time": 75.025,
                                                        "Actual Rows": 84475,
                                                        "Actual Loops": 1
                                                    },
                                                    {
                                                        "Worker Number": 4,
                                                        "Actual Startup Time": 0.074,
                                                        "Actual Total Time": 75.287,
                                                        "Actual Rows": 86010,
                                                        "Actual Loops": 1
                                                    },
                                                    {
                                                        "Worker Number": 5,
                                                        "Actual Startup Time": 0.079,
                                                        "Actual Total Time": 76.142,
                                                        "Actual Rows": 63699,
                                                        "Actual Loops": 1
                                                    }
                                                ]
                                            }
                                        ]
                                    }
                                ]
                            }
                        ]
                    }
                ]
            }
        ]
    },
    "Planning Time": 0.717,
    "Triggers": [],
    "Execution Time": 1995.927
}