[
  {
    "Plan": {
      "Node Type": "Aggregate",
      "Strategy": "Plain",
      "Partial Mode": "Finalize",
      "Parallel Aware": false,
      "Startup Cost": 93890.28,
      "Total Cost": 93890.29,
      "Plan Rows": 1,
      "Plan Width": 8,
      "Actual Startup Time": 358.225,
      "Actual Total Time": 373.307,
      "Actual Rows": 1,
      "Actual Loops": 1,
      "Plans": [
        {
          "Node Type": "Gather",
          "Parent Relationship": "Outer",
          "Parallel Aware": false,
          "Startup Cost": 93889.97,
          "Total Cost": 93890.28,
          "Plan Rows": 3,
          "Plan Width": 8,
          "Actual Startup Time": 352.417,
          "Actual Total Time": 373.296,
          "Actual Rows": 4,
          "Actual Loops": 1,
          "Workers Planned": 3,
          "Workers Launched": 3,
          "Single Copy": false,
          "Plans": [
            {
              "Node Type": "Aggregate",
              "Strategy": "Plain",
              "Partial Mode": "Partial",
              "Parent Relationship": "Outer",
              "Parallel Aware": false,
              "Startup Cost": 92889.97,
              "Total Cost": 92889.98,
              "Plan Rows": 1,
              "Plan Width": 8,
              "Actual Startup Time": 344.465,
              "Actual Total Time": 344.468,
              "Actual Rows": 1,
              "Actual Loops": 4,
              "Plans": [
                {
                  "Node Type": "Hash Join",
                  "Parent Relationship": "Outer",
                  "Parallel Aware": true,
                  "Join Type": "Inner",
                  "Startup Cost": 48905.11,
                  "Total Cost": 92513.22,
                  "Plan Rows": 150699,
                  "Plan Width": 0,
                  "Actual Startup Time": 211.132,
                  "Actual Total Time": 343.014,
                  "Actual Rows": 31993,
                  "Actual Loops": 4,
                  "Inner Unique": true,
                  "Hash Cond": "(mk.movie_id = t.id)",
                  "Plans": [
                    {
                      "Node Type": "Seq Scan",
                      "Parent Relationship": "Outer",
                      "Parallel Aware": true,
                      "Relation Name": "movie_keyword",
                      "Alias": "mk",
                      "Startup Cost": 0.0,
                      "Total Cost": 42695.65,
                      "Plan Rows": 347602,
                      "Plan Width": 4,
                      "Actual Startup Time": 1.212,
                      "Actual Total Time": 93.736,
                      "Actual Rows": 268434,
                      "Actual Loops": 4,
                      "Filter": "(keyword_id > 16457)",
                      "Rows Removed by Filter": 862548
                    },
                    {
                      "Node Type": "Hash",
                      "Parent Relationship": "Inner",
                      "Parallel Aware": true,
                      "Startup Cost": 45479.59,
                      "Total Cost": 45479.59,
                      "Plan Rows": 274042,
                      "Plan Width": 4,
                      "Actual Startup Time": 204.753,
                      "Actual Total Time": 204.754,
                      "Actual Rows": 261056,
                      "Actual Loops": 4,
                      "Hash Buckets": 2097152,
                      "Original Hash Buckets": 2097152,
                      "Hash Batches": 1,
                      "Original Hash Batches": 1,
                      "Peak Memory Usage": 57280,
                      "Plans": [
                        {
                          "Node Type": "Seq Scan",
                          "Parent Relationship": "Outer",
                          "Parallel Aware": true,
                          "Relation Name": "title",
                          "Alias": "t",
                          "Startup Cost": 0.0,
                          "Total Cost": 45479.59,
                          "Plan Rows": 274042,
                          "Plan Width": 4,
                          "Actual Startup Time": 0.04,
                          "Actual Total Time": 106.744,
                          "Actual Rows": 261056,
                          "Actual Loops": 4,
                          "Filter": "((production_year < 2009) AND (kind_id = 7))",
                          "Rows Removed by Filter": 371022
                        }
                      ]
                    }
                  ]
                }
              ]
            }
          ]
        }
      ]
    },
    "Planning Time": 0.263,
    "Triggers": [],
    "Execution Time": 373.344
  }
]