[
  {
    "Plan": {
      "Node Type": "Aggregate",
      "Strategy": "Plain",
      "Partial Mode": "Finalize",
      "Parallel Aware": false,
      "Startup Cost": 96943.43,
      "Total Cost": 96943.44,
      "Plan Rows": 1,
      "Plan Width": 8,
      "Actual Startup Time": 422.463,
      "Actual Total Time": 446.09,
      "Actual Rows": 1,
      "Actual Loops": 1,
      "Plans": [
        {
          "Node Type": "Gather",
          "Parent Relationship": "Outer",
          "Parallel Aware": false,
          "Startup Cost": 96943.11,
          "Total Cost": 96943.42,
          "Plan Rows": 3,
          "Plan Width": 8,
          "Actual Startup Time": 421.211,
          "Actual Total Time": 446.081,
          "Actual Rows": 4,
          "Actual Loops": 1,
          "Workers Planned": 3,
          "Workers Launched": 3,
          "Single Copy": false,
          "Plans": [
            {
              "Node Type": "Aggregate",
              "Strategy": "Plain",
              "Partial Mode": "Partial",
              "Parent Relationship": "Outer",
              "Parallel Aware": false,
              "Startup Cost": 95943.11,
              "Total Cost": 95943.12,
              "Plan Rows": 1,
              "Plan Width": 8,
              "Actual Startup Time": 415.354,
              "Actual Total Time": 415.433,
              "Actual Rows": 1,
              "Actual Loops": 4,
              "Plans": [
                {
                  "Node Type": "Nested Loop",
                  "Parent Relationship": "Outer",
                  "Parallel Aware": false,
                  "Join Type": "Inner",
                  "Startup Cost": 60217.15,
                  "Total Cost": 95928.83,
                  "Plan Rows": 5711,
                  "Plan Width": 0,
                  "Actual Startup Time": 171.391,
                  "Actual Total Time": 412.297,
                  "Actual Rows": 40636,
                  "Actual Loops": 4,
                  "Inner Unique": false,
                  "Join Filter": "(t.id = mc.movie_id)",
                  "Rows Removed by Join Filter": 0,
                  "Plans": [
                    {
                      "Node Type": "Hash Join",
                      "Parent Relationship": "Outer",
                      "Parallel Aware": true,
                      "Join Type": "Inner",
                      "Startup Cost": 60216.72,
                      "Total Cost": 87969.86,
                      "Plan Rows": 10829,
                      "Plan Width": 8,
                      "Actual Startup Time": 171.291,
                      "Actual Total Time": 268.185,
                      "Actual Rows": 34070,
                      "Actual Loops": 4,
                      "Inner Unique": true,
                      "Hash Cond": "(mk.movie_id = t.id)",
                      "Plans": [
                        {
                          "Node Type": "Bitmap Heap Scan",
                          "Parent Relationship": "Outer",
                          "Parallel Aware": true,
                          "Relation Name": "movie_keyword",
                          "Alias": "mk",
                          "Startup Cost": 14344.88,
                          "Total Cost": 41525.44,
                          "Plan Rows": 218125,
                          "Plan Width": 4,
                          "Actual Startup Time": 48.354,
                          "Actual Total Time": 110.424,
                          "Actual Rows": 168892,
                          "Actual Loops": 4,
                          "Recheck Cond": "(keyword_id > 27740)",
                          "Rows Removed by Index Recheck": 0,
                          "Exact Heap Blocks": 7321,
                          "Lossy Heap Blocks": 0,
                          "Plans": [
                            {
                              "Node Type": "Bitmap Index Scan",
                              "Parent Relationship": "Outer",
                              "Parallel Aware": false,
                              "Index Name": "keyword_id_movie_keyword",
                              "Startup Cost": 0.0,
                              "Total Cost": 14175.84,
                              "Plan Rows": 676187,
                              "Plan Width": 0,
                              "Actual Startup Time": 44.691,
                              "Actual Total Time": 44.691,
                              "Actual Rows": 675568,
                              "Actual Loops": 1,
                              "Index Cond": "(keyword_id > 27740)"
                            }
                          ]
                        },
                        {
                          "Node Type": "Hash",
                          "Parent Relationship": "Inner",
                          "Parallel Aware": true,
                          "Startup Cost": 45479.59,
                          "Total Cost": 45479.59,
                          "Plan Rows": 31380,
                          "Plan Width": 4,
                          "Actual Startup Time": 121.656,
                          "Actual Total Time": 121.657,
                          "Actual Rows": 58423,
                          "Actual Loops": 4,
                          "Hash Buckets": 262144,
                          "Original Hash Buckets": 131072,
                          "Hash Batches": 1,
                          "Original Hash Batches": 1,
                          "Peak Memory Usage": 12320,
                          "Plans": [
                            {
                              "Node Type": "Seq Scan",
                              "Parent Relationship": "Outer",
                              "Parallel Aware": true,
                              "Relation Name": "title",
                              "Alias": "t",
                              "Startup Cost": 0.0,
                              "Total Cost": 45479.59,
                              "Plan Rows": 31380,
                              "Plan Width": 4,
                              "Actual Startup Time": 0.267,
                              "Actual Total Time": 98.557,
                              "Actual Rows": 58423,
                              "Actual Loops": 4,
                              "Filter": "((kind_id < 7) AND (production_year < 1968))",
                              "Rows Removed by Filter": 573655
                            }
                          ]
                        }
                      ]
                    },
                    {
                      "Node Type": "Index Scan",
                      "Parent Relationship": "Inner",
                      "Parallel Aware": false,
                      "Scan Direction": "Forward",
                      "Index Name": "movie_id_movie_companies",
                      "Relation Name": "movie_companies",
                      "Alias": "mc",
                      "Startup Cost": 0.43,
                      "Total Cost": 0.7,
                      "Plan Rows": 3,
                      "Plan Width": 4,
                      "Actual Startup Time": 0.004,
                      "Actual Total Time": 0.004,
                      "Actual Rows": 1,
                      "Actual Loops": 136280,
                      "Index Cond": "(movie_id = mk.movie_id)",
                      "Rows Removed by Index Recheck": 0,
                      "Filter": "(company_type_id = 2)",
                      "Rows Removed by Filter": 6
                    }
                  ]
                }
              ]
            }
          ]
        }
      ]
    },
    "Planning Time": 1.137,
    "Triggers": [],
    "Execution Time": 446.167
  }
]