{
  "Plan": {
    "Node Type": "Aggregate",
    "Strategy": "Plain",
    "Partial Mode": "Finalize",
    "Parallel Aware": false,
    "Startup Cost": 197014.7,
    "Total Cost": 197014.71,
    "Plan Rows": 1,
    "Plan Width": 8,
    "Actual Startup Time": 1468.991,
    "Actual Total Time": 1493.195,
    "Actual Rows": 1,
    "Actual Loops": 1,
    "Plans": [
      {
        "Node Type": "Gather",
        "Parent Relationship": "Outer",
        "Parallel Aware": false,
        "Startup Cost": 197014.59,
        "Total Cost": 197014.7,
        "Plan Rows": 1,
        "Plan Width": 8,
        "Actual Startup Time": 1466.416,
        "Actual Total Time": 1493.187,
        "Actual Rows": 2,
        "Actual Loops": 1,
        "Workers Planned": 1,
        "Workers Launched": 1,
        "Single Copy": false,
        "Plans": [
          {
            "Node Type": "Aggregate",
            "Strategy": "Plain",
            "Partial Mode": "Partial",
            "Parent Relationship": "Outer",
            "Parallel Aware": false,
            "Startup Cost": 196014.59,
            "Total Cost": 196014.6,
            "Plan Rows": 1,
            "Plan Width": 8,
            "Actual Startup Time": 1460.357,
            "Actual Total Time": 1460.361,
            "Actual Rows": 1,
            "Actual Loops": 2,
            "Plans": [
              {
                "Node Type": "Nested Loop",
                "Parent Relationship": "Outer",
                "Parallel Aware": false,
                "Join Type": "Inner",
                "Startup Cost": 78152.73,
                "Total Cost": 195696.29,
                "Plan Rows": 127319,
                "Plan Width": 0,
                "Actual Startup Time": 308.514,
                "Actual Total Time": 1386.266,
                "Actual Rows": 1817789,
                "Actual Loops": 2,
                "Inner Unique": false,
                "Plans": [
                  {
                    "Node Type": "Hash Join",
                    "Parent Relationship": "Outer",
                    "Parallel Aware": true,
                    "Join Type": "Inner",
                    "Startup Cost": 78152.3,
                    "Total Cost": 108431.53,
                    "Plan Rows": 123374,
                    "Plan Width": 8,
                    "Actual Startup Time": 308.431,
                    "Actual Total Time": 488.691,
                    "Actual Rows": 279410,
                    "Actual Loops": 2,
                    "Inner Unique": true,
                    "Hash Cond": "(mk.movie_id = t.id)",
                    "Plans": [
                      {
                        "Node Type": "Bitmap Heap Scan",
                        "Parent Relationship": "Outer",
                        "Parallel Aware": true,
                        "Relation Name": "movie_keyword",
                        "Alias": "mk",
                        "Startup Cost": 13890.64,
                        "Total Cost": 43158.89,
                        "Plan Rows": 385139,
                        "Plan Width": 4,
                        "Actual Startup Time": 36.876,
                        "Actual Total Time": 110.937,
                        "Actual Rows": 333620,
                        "Actual Loops": 2,
                        "Recheck Cond": "(keyword_id < 521)",
                        "Rows Removed by Index Recheck": 0,
                        "Exact Heap Blocks": 12811,
                        "Lossy Heap Blocks": 0,
                        "Plans": [
                          {
                            "Node Type": "Bitmap Index Scan",
                            "Parent Relationship": "Outer",
                            "Parallel Aware": false,
                            "Index Name": "keyword_id_movie_keyword",
                            "Startup Cost": 0.0,
                            "Total Cost": 13726.96,
                            "Plan Rows": 654737,
                            "Plan Width": 0,
                            "Actual Startup Time": 33.216,
                            "Actual Total Time": 33.217,
                            "Actual Rows": 667241,
                            "Actual Loops": 1,
                            "Index Cond": "(keyword_id < 521)"
                          }
                        ]
                      },
                      {
                        "Node Type": "Hash",
                        "Parent Relationship": "Inner",
                        "Parallel Aware": true,
                        "Startup Cost": 58306.47,
                        "Total Cost": 58306.47,
                        "Plan Rows": 476415,
                        "Plan Width": 4,
                        "Actual Startup Time": 262.116,
                        "Actual Total Time": 262.117,
                        "Actual Rows": 421509,
                        "Actual Loops": 2,
                        "Hash Buckets": 1048576,
                        "Original Hash Buckets": 1048576,
                        "Hash Batches": 1,
                        "Original Hash Batches": 1,
                        "Peak Memory Usage": 41216,
                        "Plans": [
                          {
                            "Node Type": "Seq Scan",
                            "Parent Relationship": "Outer",
                            "Parallel Aware": true,
                            "Relation Name": "title",
                            "Alias": "t",
                            "Startup Cost": 0.0,
                            "Total Cost": 58306.47,
                            "Plan Rows": 476415,
                            "Plan Width": 4,
                            "Actual Startup Time": 0.039,
                            "Actual Total Time": 159.869,
                            "Actual Rows": 421509,
                            "Actual Loops": 2,
                            "Filter": "((kind_id < 7) AND (production_year < 2011))",
                            "Rows Removed by Filter": 842647
                          }
                        ]
                      }
                    ]
                  },
                  {
                    "Node Type": "Index Only Scan",
                    "Parent Relationship": "Inner",
                    "Parallel Aware": false,
                    "Scan Direction": "Forward",
                    "Index Name": "movie_id_movie_companies",
                    "Relation Name": "movie_companies",
                    "Alias": "mc",
                    "Startup Cost": 0.43,
                    "Total Cost": 0.66,
                    "Plan Rows": 5,
                    "Plan Width": 4,
                    "Actual Startup Time": 0.001,
                    "Actual Total Time": 0.003,
                    "Actual Rows": 7,
                    "Actual Loops": 558821,
                    "Index Cond": "(movie_id = t.id)",
                    "Rows Removed by Index Recheck": 0,
                    "Heap Fetches": 3635578
                  }
                ]
              }
            ]
          }
        ]
      }
    ]
  },
  "Planning Time": 1.03,
  "Triggers": [],
  "Execution Time": 1493.297
}