{
  "Plan": {
    "Node Type": "Aggregate",
    "Strategy": "Plain",
    "Partial Mode": "Finalize",
    "Parallel Aware": false,
    "Startup Cost": 582438.08,
    "Total Cost": 582438.09,
    "Plan Rows": 1,
    "Plan Width": 8,
    "Actual Startup Time": 3839.019,
    "Actual Total Time": 3906.181,
    "Actual Rows": 1,
    "Actual Loops": 1,
    "Plans": [
      {
        "Node Type": "Gather",
        "Parent Relationship": "Outer",
        "Parallel Aware": false,
        "Startup Cost": 582437.96,
        "Total Cost": 582438.07,
        "Plan Rows": 1,
        "Plan Width": 8,
        "Actual Startup Time": 3838.359,
        "Actual Total Time": 3906.171,
        "Actual Rows": 2,
        "Actual Loops": 1,
        "Workers Planned": 1,
        "Workers Launched": 1,
        "Single Copy": false,
        "Plans": [
          {
            "Node Type": "Aggregate",
            "Strategy": "Plain",
            "Partial Mode": "Partial",
            "Parent Relationship": "Outer",
            "Parallel Aware": false,
            "Startup Cost": 581437.96,
            "Total Cost": 581437.97,
            "Plan Rows": 1,
            "Plan Width": 8,
            "Actual Startup Time": 3832.691,
            "Actual Total Time": 3832.694,
            "Actual Rows": 1,
            "Actual Loops": 2,
            "Plans": [
              {
                "Node Type": "Hash Join",
                "Parent Relationship": "Outer",
                "Parallel Aware": true,
                "Join Type": "Inner",
                "Startup Cost": 55911.84,
                "Total Cost": 577645.19,
                "Plan Rows": 1517108,
                "Plan Width": 0,
                "Actual Startup Time": 164.622,
                "Actual Total Time": 3796.433,
                "Actual Rows": 884820,
                "Actual Loops": 2,
                "Inner Unique": true,
                "Hash Cond": "(ci.movie_id = t.id)",
                "Plans": [
                  {
                    "Node Type": "Seq Scan",
                    "Parent Relationship": "Outer",
                    "Parallel Aware": true,
                    "Relation Name": "cast_info",
                    "Alias": "ci",
                    "Startup Cost": 0.0,
                    "Total Cost": 465792.95,
                    "Plan Rows": 21310595,
                    "Plan Width": 4,
                    "Actual Startup Time": 0.013,
                    "Actual Total Time": 1322.791,
                    "Actual Rows": 18122172,
                    "Actual Loops": 2
                  },
                  {
                    "Node Type": "Hash",
                    "Parent Relationship": "Inner",
                    "Parallel Aware": true,
                    "Startup Cost": 54588.39,
                    "Total Cost": 54588.39,
                    "Plan Rows": 105876,
                    "Plan Width": 4,
                    "Actual Startup Time": 160.788,
                    "Actual Total Time": 160.789,
                    "Actual Rows": 93895,
                    "Actual Loops": 2,
                    "Hash Buckets": 262144,
                    "Original Hash Buckets": 262144,
                    "Hash Batches": 1,
                    "Original Hash Batches": 1,
                    "Peak Memory Usage": 9408,
                    "Plans": [
                      {
                        "Node Type": "Seq Scan",
                        "Parent Relationship": "Outer",
                        "Parallel Aware": true,
                        "Relation Name": "title",
                        "Alias": "t",
                        "Startup Cost": 0.0,
                        "Total Cost": 54588.39,
                        "Plan Rows": 105876,
                        "Plan Width": 4,
                        "Actual Startup Time": 0.046,
                        "Actual Total Time": 138.915,
                        "Actual Rows": 93895,
                        "Actual Loops": 2,
                        "Filter": "(production_year < 1954)",
                        "Rows Removed by Filter": 1170261
                      }
                    ]
                  }
                ]
              }
            ]
          }
        ]
      }
    ]
  },
  "Planning Time": 0.554,
  "Triggers": [],
  "Execution Time": 3906.263
}