[
  {
    "Plan": {
      "Node Type": "Aggregate",
      "Strategy": "Plain",
      "Partial Mode": "Finalize",
      "Parallel Aware": false,
      "Startup Cost": 45361.62,
      "Total Cost": 45361.63,
      "Plan Rows": 1,
      "Plan Width": 8,
      "Actual Startup Time": 148.529,
      "Actual Total Time": 157.561,
      "Actual Rows": 1,
      "Actual Loops": 1,
      "Plans": [
        {
          "Node Type": "Gather",
          "Parent Relationship": "Outer",
          "Parallel Aware": false,
          "Startup Cost": 45361.3,
          "Total Cost": 45361.61,
          "Plan Rows": 3,
          "Plan Width": 8,
          "Actual Startup Time": 148.417,
          "Actual Total Time": 157.55,
          "Actual Rows": 4,
          "Actual Loops": 1,
          "Workers Planned": 3,
          "Workers Launched": 3,
          "Single Copy": false,
          "Plans": [
            {
              "Node Type": "Aggregate",
              "Strategy": "Plain",
              "Partial Mode": "Partial",
              "Parent Relationship": "Outer",
              "Parallel Aware": false,
              "Startup Cost": 44361.3,
              "Total Cost": 44361.31,
              "Plan Rows": 1,
              "Plan Width": 8,
              "Actual Startup Time": 141.792,
              "Actual Total Time": 141.794,
              "Actual Rows": 1,
              "Actual Loops": 4,
              "Plans": [
                {
                  "Node Type": "Seq Scan",
                  "Parent Relationship": "Outer",
                  "Parallel Aware": true,
                  "Relation Name": "movie_keyword",
                  "Alias": "mk",
                  "Startup Cost": 0.0,
                  "Total Cost": 42695.65,
                  "Plan Rows": 666258,
                  "Plan Width": 0,
                  "Actual Startup Time": 0.048,
                  "Actual Total Time": 115.934,
                  "Actual Rows": 519940,
                  "Actual Loops": 4,
                  "Filter": "(keyword_id < 3679)",
                  "Rows Removed by Filter": 611042
                }
              ]
            }
          ]
        }
      ]
    },
    "Planning Time": 0.112,
    "Triggers": [],
    "Execution Time": 157.598
  }
]