[
  {
    "Plan": {
      "Node Type": "Aggregate",
      "Strategy": "Plain",
      "Partial Mode": "Finalize",
      "Parallel Aware": false,
      "Startup Cost": 45368.91,
      "Total Cost": 45368.92,
      "Plan Rows": 1,
      "Plan Width": 8,
      "Actual Startup Time": 162.995,
      "Actual Total Time": 172.745,
      "Actual Rows": 1,
      "Actual Loops": 1,
      "Plans": [
        {
          "Node Type": "Gather",
          "Parent Relationship": "Outer",
          "Parallel Aware": false,
          "Startup Cost": 45368.59,
          "Total Cost": 45368.9,
          "Plan Rows": 3,
          "Plan Width": 8,
          "Actual Startup Time": 162.877,
          "Actual Total Time": 172.736,
          "Actual Rows": 4,
          "Actual Loops": 1,
          "Workers Planned": 3,
          "Workers Launched": 3,
          "Single Copy": false,
          "Plans": [
            {
              "Node Type": "Aggregate",
              "Strategy": "Plain",
              "Partial Mode": "Partial",
              "Parent Relationship": "Outer",
              "Parallel Aware": false,
              "Startup Cost": 44368.59,
              "Total Cost": 44368.6,
              "Plan Rows": 1,
              "Plan Width": 8,
              "Actual Startup Time": 153.975,
              "Actual Total Time": 153.976,
              "Actual Rows": 1,
              "Actual Loops": 4,
              "Plans": [
                {
                  "Node Type": "Seq Scan",
                  "Parent Relationship": "Outer",
                  "Parallel Aware": true,
                  "Relation Name": "movie_keyword",
                  "Alias": "mk",
                  "Startup Cost": 0.0,
                  "Total Cost": 42695.65,
                  "Plan Rows": 669174,
                  "Plan Width": 0,
                  "Actual Startup Time": 0.066,
                  "Actual Total Time": 127.036,
                  "Actual Rows": 519940,
                  "Actual Loops": 4,
                  "Filter": "(keyword_id < 3679)",
                  "Rows Removed by Filter": 611042
                }
              ]
            }
          ]
        }
      ]
    },
    "Planning Time": 0.158,
    "Triggers": [],
    "Execution Time": 172.796
  }
]