[
  {
    "Plan": {
      "Node Type": "Aggregate",
      "Strategy": "Plain",
      "Partial Mode": "Finalize",
      "Parallel Aware": false,
      "Startup Cost": 99513.6,
      "Total Cost": 99513.61,
      "Plan Rows": 1,
      "Plan Width": 8,
      "Actual Startup Time": 602.528,
      "Actual Total Time": 616.88,
      "Actual Rows": 1,
      "Actual Loops": 1,
      "Plans": [
        {
          "Node Type": "Gather",
          "Parent Relationship": "Outer",
          "Parallel Aware": false,
          "Startup Cost": 99513.39,
          "Total Cost": 99513.6,
          "Plan Rows": 2,
          "Plan Width": 8,
          "Actual Startup Time": 597.971,
          "Actual Total Time": 616.869,
          "Actual Rows": 3,
          "Actual Loops": 1,
          "Workers Planned": 2,
          "Workers Launched": 2,
          "Single Copy": false,
          "Plans": [
            {
              "Node Type": "Aggregate",
              "Strategy": "Plain",
              "Partial Mode": "Partial",
              "Parent Relationship": "Outer",
              "Parallel Aware": false,
              "Startup Cost": 98513.39,
              "Total Cost": 98513.4,
              "Plan Rows": 1,
              "Plan Width": 8,
              "Actual Startup Time": 590.417,
              "Actual Total Time": 590.876,
              "Actual Rows": 1,
              "Actual Loops": 3,
              "Plans": [
                {
                  "Node Type": "Hash Join",
                  "Parent Relationship": "Outer",
                  "Parallel Aware": true,
                  "Join Type": "Inner",
                  "Startup Cost": 81638.98,
                  "Total Cost": 98355.54,
                  "Plan Rows": 63140,
                  "Plan Width": 0,
                  "Actual Startup Time": 500.865,
                  "Actual Total Time": 588.59,
                  "Actual Rows": 50263,
                  "Actual Loops": 3,
                  "Inner Unique": false,
                  "Hash Cond": "(mi_idx.movie_id = t.id)",
                  "Plans": [
                    {
                      "Node Type": "Seq Scan",
                      "Parent Relationship": "Outer",
                      "Parallel Aware": true,
                      "Relation Name": "movie_info_idx",
                      "Alias": "mi_idx",
                      "Startup Cost": 0.0,
                      "Total Cost": 15122.68,
                      "Plan Rows": 382940,
                      "Plan Width": 4,
                      "Actual Startup Time": 0.034,
                      "Actual Total Time": 45.856,
                      "Actual Rows": 306617,
                      "Actual Loops": 3,
                      "Filter": "(info_type_id < 101)",
                      "Rows Removed by Filter": 153395
                    },
                    {
                      "Node Type": "Hash",
                      "Parent Relationship": "Inner",
                      "Parallel Aware": true,
                      "Startup Cost": 80336.27,
                      "Total Cost": 80336.27,
                      "Plan Rows": 104217,
                      "Plan Width": 8,
                      "Actual Startup Time": 496.863,
                      "Actual Total Time": 497.32,
                      "Actual Rows": 66344,
                      "Actual Loops": 3,
                      "Hash Buckets": 524288,
                      "Original Hash Buckets": 524288,
                      "Hash Batches": 1,
                      "Original Hash Batches": 1,
                      "Peak Memory Usage": 11936,
                      "Plans": [
                        {
                          "Node Type": "Hash Join",
                          "Parent Relationship": "Outer",
                          "Parallel Aware": true,
                          "Join Type": "Inner",
                          "Startup Cost": 34180.09,
                          "Total Cost": 80336.27,
                          "Plan Rows": 104217,
                          "Plan Width": 8,
                          "Actual Startup Time": 206.237,
                          "Actual Total Time": 474.873,
                          "Actual Rows": 66344,
                          "Actual Loops": 3,
                          "Inner Unique": false,
                          "Hash Cond": "(t.id = mc.movie_id)",
                          "Plans": [
                            {
                              "Node Type": "Seq Scan",
                              "Parent Relationship": "Outer",
                              "Parallel Aware": true,
                              "Relation Name": "title",
                              "Alias": "t",
                              "Startup Cost": 0.0,
                              "Total Cost": 43898.92,
                              "Plan Rows": 384216,
                              "Plan Width": 4,
                              "Actual Startup Time": 0.019,
                              "Actual Total Time": 116.303,
                              "Actual Rows": 514421,
                              "Actual Loops": 3,
                              "Filter": "(kind_id = 7)",
                              "Rows Removed by Filter": 328349
                            },
                            {
                              "Node Type": "Hash",
                              "Parent Relationship": "Inner",
                              "Parallel Aware": true,
                              "Startup Cost": 31414.82,
                              "Total Cost": 31414.82,
                              "Plan Rows": 221222,
                              "Plan Width": 4,
                              "Actual Startup Time": 201.967,
                              "Actual Total Time": 201.969,
                              "Actual Rows": 309258,
                              "Actual Loops": 3,
                              "Hash Buckets": 1048576,
                              "Original Hash Buckets": 1048576,
                              "Hash Batches": 1,
                              "Original Hash Batches": 1,
                              "Peak Memory Usage": 44544,
                              "Plans": [
                                {
                                  "Node Type": "Seq Scan",
                                  "Parent Relationship": "Outer",
                                  "Parallel Aware": true,
                                  "Relation Name": "movie_companies",
                                  "Alias": "mc",
                                  "Startup Cost": 0.0,
                                  "Total Cost": 31414.82,
                                  "Plan Rows": 221222,
                                  "Plan Width": 4,
                                  "Actual Startup Time": 55.353,
                                  "Actual Total Time": 111.566,
                                  "Actual Rows": 309258,
                                  "Actual Loops": 3,
                                  "Filter": "((company_id > 11149) AND (company_type_id = 2))",
                                  "Rows Removed by Filter": 560451
                                }
                              ]
                            }
                          ]
                        }
                      ]
                    }
                  ]
                }
              ]
            }
          ]
        }
      ]
    },
    "Planning Time": 1.449,
    "Triggers": [],
    "Execution Time": 616.965
  }
]