{
    "Plan": {
        "Node Type": "Aggregate",
        "Strategy": "Plain",
        "Partial Mode": "Finalize",
        "Parallel Aware": false,
        "Startup Cost": 247960.12,
        "Total Cost": 247960.13,
        "Plan Rows": 1,
        "Plan Width": 8,
        "Actual Startup Time": 459.091,
        "Actual Total Time": 498.579,
        "Actual Rows": 1,
        "Actual Loops": 1,
        "Output": [
            "count(*)"
        ],
        "Plans": [
            {
                "Node Type": "Gather",
                "Parent Relationship": "Outer",
                "Parallel Aware": false,
                "Startup Cost": 247959.6,
                "Total Cost": 247960.11,
                "Plan Rows": 5,
                "Plan Width": 8,
                "Actual Startup Time": 456.578,
                "Actual Total Time": 498.567,
                "Actual Rows": 6,
                "Actual Loops": 1,
                "Output": [
                    "(PARTIAL count(*))"
                ],
                "Workers Planned": 5,
                "Workers Launched": 5,
                "Single Copy": false,
                "Plans": [
                    {
                        "Node Type": "Aggregate",
                        "Strategy": "Plain",
                        "Partial Mode": "Partial",
                        "Parent Relationship": "Outer",
                        "Parallel Aware": false,
                        "Startup Cost": 246959.6,
                        "Total Cost": 246959.61,
                        "Plan Rows": 1,
                        "Plan Width": 8,
                        "Actual Startup Time": 446.29,
                        "Actual Total Time": 446.293,
                        "Actual Rows": 1,
                        "Actual Loops": 6,
                        "Output": [
                            "PARTIAL count(*)"
                        ],
                        "Workers": [
                            {
                                "Worker Number": 0,
                                "Actual Startup Time": 443.866,
                                "Actual Total Time": 443.869,
                                "Actual Rows": 1,
                                "Actual Loops": 1
                            },
                            {
                                "Worker Number": 1,
                                "Actual Startup Time": 444.055,
                                "Actual Total Time": 444.057,
                                "Actual Rows": 1,
                                "Actual Loops": 1
                            },
                            {
                                "Worker Number": 2,
                                "Actual Startup Time": 444.683,
                                "Actual Total Time": 444.685,
                                "Actual Rows": 1,
                                "Actual Loops": 1
                            },
                            {
                                "Worker Number": 3,
                                "Actual Startup Time": 444.397,
                                "Actual Total Time": 444.4,
                                "Actual Rows": 1,
                                "Actual Loops": 1
                            },
                            {
                                "Worker Number": 4,
                                "Actual Startup Time": 445.044,
                                "Actual Total Time": 445.047,
                                "Actual Rows": 1,
                                "Actual Loops": 1
                            }
                        ],
                        "Plans": [
                            {
                                "Node Type": "Hash Join",
                                "Parent Relationship": "Outer",
                                "Parallel Aware": true,
                                "Join Type": "Inner",
                                "Startup Cost": 46916.22,
                                "Total Cost": 246787.94,
                                "Plan Rows": 68662,
                                "Plan Width": 0,
                                "Actual Startup Time": 116.563,
                                "Actual Total Time": 445.274,
                                "Actual Rows": 21685,
                                "Actual Loops": 6,
                                "Inner Unique": true,
                                "Hash Cond": "(mi.movie_id = t.id)",
                                "Workers": [
                                    {
                                        "Worker Number": 0,
                                        "Actual Startup Time": 114.079,
                                        "Actual Total Time": 442.773,
                                        "Actual Rows": 15148,
                                        "Actual Loops": 1
                                    },
                                    {
                                        "Worker Number": 1,
                                        "Actual Startup Time": 114.34,
                                        "Actual Total Time": 443.078,
                                        "Actual Rows": 22239,
                                        "Actual Loops": 1
                                    },
                                    {
                                        "Worker Number": 2,
                                        "Actual Startup Time": 114.984,
                                        "Actual Total Time": 443.705,
                                        "Actual Rows": 22474,
                                        "Actual Loops": 1
                                    },
                                    {
                                        "Worker Number": 3,
                                        "Actual Startup Time": 114.744,
                                        "Actual Total Time": 443.543,
                                        "Actual Rows": 19083,
                                        "Actual Loops": 1
                                    },
                                    {
                                        "Worker Number": 4,
                                        "Actual Startup Time": 115.298,
                                        "Actual Total Time": 444.083,
                                        "Actual Rows": 22068,
                                        "Actual Loops": 1
                                    }
                                ],
                                "Plans": [
                                    {
                                        "Node Type": "Seq Scan",
                                        "Parent Relationship": "Outer",
                                        "Parallel Aware": true,
                                        "Relation Name": "movie_info",
                                        "Schema": "public",
                                        "Alias": "mi",
                                        "Startup Cost": 0.0,
                                        "Total Cost": 198880.74,
                                        "Plan Rows": 377518,
                                        "Plan Width": 4,
                                        "Actual Startup Time": 15.872,
                                        "Actual Total Time": 295.185,
                                        "Actual Rows": 310939,
                                        "Actual Loops": 6,
                                        "Output": [
                                            "mi.id",
                                            "mi.movie_id",
                                            "mi.info_type_id",
                                            "mi.info",
                                            "mi.note"
                                        ],
                                        "Filter": "(mi.info_type_id > 17)",
                                        "Rows Removed by Filter": 2161681,
                                        "Workers": [
                                            {
                                                "Worker Number": 0,
                                                "Actual Startup Time": 15.944,
                                                "Actual Total Time": 298.73,
                                                "Actual Rows": 215114,
                                                "Actual Loops": 1
                                            },
                                            {
                                                "Worker Number": 1,
                                                "Actual Startup Time": 15.967,
                                                "Actual Total Time": 297.147,
                                                "Actual Rows": 322060,
                                                "Actual Loops": 1
                                            },
                                            {
                                                "Worker Number": 2,
                                                "Actual Startup Time": 15.831,
                                                "Actual Total Time": 296.525,
                                                "Actual Rows": 318732,
                                                "Actual Loops": 1
                                            },
                                            {
                                                "Worker Number": 3,
                                                "Actual Startup Time": 15.864,
                                                "Actual Total Time": 294.947,
                                                "Actual Rows": 272154,
                                                "Actual Loops": 1
                                            },
                                            {
                                                "Worker Number": 4,
                                                "Actual Startup Time": 15.816,
                                                "Actual Total Time": 297.137,
                                                "Actual Rows": 320637,
                                                "Actual Loops": 1
                                            }
                                        ]
                                    },
                                    {
                                        "Node Type": "Hash",
                                        "Parent Relationship": "Inner",
                                        "Parallel Aware": true,
                                        "Startup Cost": 45479.21,
                                        "Total Cost": 45479.21,
                                        "Plan Rows": 114961,
                                        "Plan Width": 4,
                                        "Actual Startup Time": 97.748,
                                        "Actual Total Time": 97.749,
                                        "Actual Rows": 57369,
                                        "Actual Loops": 6,
                                        "Output": [
                                            "t.id"
                                        ],
                                        "Hash Buckets": 524288,
                                        "Original Hash Buckets": 524288,
                                        "Hash Batches": 1,
                                        "Original Hash Batches": 1,
                                        "Peak Memory Usage": 17696,
                                        "Workers": [
                                            {
                                                "Worker Number": 0,
                                                "Actual Startup Time": 97.429,
                                                "Actual Total Time": 97.43,
                                                "Actual Rows": 42003,
                                                "Actual Loops": 1
                                            },
                                            {
                                                "Worker Number": 1,
                                                "Actual Startup Time": 97.521,
                                                "Actual Total Time": 97.522,
                                                "Actual Rows": 58106,
                                                "Actual Loops": 1
                                            },
                                            {
                                                "Worker Number": 2,
                                                "Actual Startup Time": 98.132,
                                                "Actual Total Time": 98.133,
                                                "Actual Rows": 54054,
                                                "Actual Loops": 1
                                            },
                                            {
                                                "Worker Number": 3,
                                                "Actual Startup Time": 97.58,
                                                "Actual Total Time": 97.581,
                                                "Actual Rows": 50319,
                                                "Actual Loops": 1
                                            },
                                            {
                                                "Worker Number": 4,
                                                "Actual Startup Time": 98.563,
                                                "Actual Total Time": 98.564,
                                                "Actual Rows": 55117,
                                                "Actual Loops": 1
                                            }
                                        ],
                                        "Plans": [
                                            {
                                                "Node Type": "Seq Scan",
                                                "Parent Relationship": "Outer",
                                                "Parallel Aware": true,
                                                "Relation Name": "title",
                                                "Schema": "public",
                                                "Alias": "t",
                                                "Startup Cost": 0.0,
                                                "Total Cost": 45479.21,
                                                "Plan Rows": 114961,
                                                "Plan Width": 4,
                                                "Actual Startup Time": 0.067,
                                                "Actual Total Time": 74.722,
                                                "Actual Rows": 57369,
                                                "Actual Loops": 6,
                                                "Output": [
                                                    "t.id"
                                                ],
                                                "Filter": "((t.production_year < 1993) AND (t.kind_id = 7))",
                                                "Rows Removed by Filter": 364017,
                                                "Workers": [
                                                    {
                                                        "Worker Number": 0,
                                                        "Actual Startup Time": 0.062,
                                                        "Actual Total Time": 76.318,
                                                        "Actual Rows": 42003,
                                                        "Actual Loops": 1
                                                    },
                                                    {
                                                        "Worker Number": 1,
                                                        "Actual Startup Time": 0.074,
                                                        "Actual Total Time": 76.714,
                                                        "Actual Rows": 58106,
                                                        "Actual Loops": 1
                                                    },
                                                    {
                                                        "Worker Number": 2,
                                                        "Actual Startup Time": 0.085,
                                                        "Actual Total Time": 74.468,
                                                        "Actual Rows": 54054,
                                                        "Actual Loops": 1
                                                    },
                                                    {
                                                        "Worker Number": 3,
                                                        "Actual Startup Time": 0.094,
                                                        "Actual Total Time": 74.569,
                                                        "Actual Rows": 50319,
                                                        "Actual Loops": 1
                                                    },
                                                    {
                                                        "Worker Number": 4,
                                                        "Actual Startup Time": 0.067,
                                                        "Actual Total Time": 75.118,
                                                        "Actual Rows": 55117,
                                                        "Actual Loops": 1
                                                    }
                                                ]
                                            }
                                        ]
                                    }
                                ]
                            }
                        ]
                    }
                ]
            }
        ]
    },
    "Planning Time": 0.761,
    "Triggers": [],
    "Execution Time": 498.658
}