[
  {
    "Plan": {
      "Node Type": "Aggregate",
      "Strategy": "Plain",
      "Partial Mode": "Finalize",
      "Parallel Aware": false,
      "Startup Cost": 340787.19,
      "Total Cost": 340787.2,
      "Plan Rows": 1,
      "Plan Width": 8,
      "Actual Startup Time": 897.821,
      "Actual Total Time": 957.921,
      "Actual Rows": 1,
      "Actual Loops": 1,
      "Plans": [
        {
          "Node Type": "Gather",
          "Parent Relationship": "Outer",
          "Parallel Aware": false,
          "Startup Cost": 340786.57,
          "Total Cost": 340787.18,
          "Plan Rows": 6,
          "Plan Width": 8,
          "Actual Startup Time": 897.53,
          "Actual Total Time": 957.91,
          "Actual Rows": 7,
          "Actual Loops": 1,
          "Workers Planned": 6,
          "Workers Launched": 6,
          "Single Copy": false,
          "Plans": [
            {
              "Node Type": "Aggregate",
              "Strategy": "Plain",
              "Partial Mode": "Partial",
              "Parent Relationship": "Outer",
              "Parallel Aware": false,
              "Startup Cost": 339786.57,
              "Total Cost": 339786.58,
              "Plan Rows": 1,
              "Plan Width": 8,
              "Actual Startup Time": 889.375,
              "Actual Total Time": 889.377,
              "Actual Rows": 1,
              "Actual Loops": 7,
              "Plans": [
                {
                  "Node Type": "Seq Scan",
                  "Parent Relationship": "Outer",
                  "Parallel Aware": true,
                  "Relation Name": "cast_info",
                  "Alias": "ci",
                  "Startup Cost": 0.0,
                  "Total Cost": 328211.39,
                  "Plan Rows": 4630070,
                  "Plan Width": 0,
                  "Actual Startup Time": 0.031,
                  "Actual Total Time": 680.822,
                  "Actual Rows": 3980021,
                  "Actual Loops": 7,
                  "Filter": "(person_id < 2845509)",
                  "Rows Removed by Filter": 1197743
                }
              ]
            }
          ]
        }
      ]
    },
    "Planning Time": 0.217,
    "Triggers": [],
    "Execution Time": 958.007
  }
]