[
  {
    "Plan": {
      "Node Type": "Aggregate",
      "Strategy": "Plain",
      "Partial Mode": "Finalize",
      "Parallel Aware": false,
      "Startup Cost": 346825.45,
      "Total Cost": 346825.46,
      "Plan Rows": 1,
      "Plan Width": 8,
      "Actual Startup Time": 833.523,
      "Actual Total Time": 911.731,
      "Actual Rows": 1,
      "Actual Loops": 1,
      "Plans": [
        {
          "Node Type": "Gather",
          "Parent Relationship": "Outer",
          "Parallel Aware": false,
          "Startup Cost": 346824.82,
          "Total Cost": 346825.43,
          "Plan Rows": 6,
          "Plan Width": 8,
          "Actual Startup Time": 833.463,
          "Actual Total Time": 911.693,
          "Actual Rows": 7,
          "Actual Loops": 1,
          "Workers Planned": 6,
          "Workers Launched": 6,
          "Single Copy": false,
          "Plans": [
            {
              "Node Type": "Aggregate",
              "Strategy": "Plain",
              "Partial Mode": "Partial",
              "Parent Relationship": "Outer",
              "Parallel Aware": false,
              "Startup Cost": 345824.82,
              "Total Cost": 345824.83,
              "Plan Rows": 1,
              "Plan Width": 8,
              "Actual Startup Time": 823.049,
              "Actual Total Time": 823.051,
              "Actual Rows": 1,
              "Actual Loops": 7,
              "Plans": [
                {
                  "Node Type": "Seq Scan",
                  "Parent Relationship": "Outer",
                  "Parallel Aware": true,
                  "Relation Name": "cast_info",
                  "Alias": "ci",
                  "Startup Cost": 0.0,
                  "Total Cost": 343316.27,
                  "Plan Rows": 1003420,
                  "Plan Width": 0,
                  "Actual Startup Time": 475.587,
                  "Actual Total Time": 818.39,
                  "Actual Rows": 66440,
                  "Actual Loops": 7,
                  "Filter": "((person_id > 2639115) AND (role_id < 3))",
                  "Rows Removed by Filter": 5111323
                }
              ]
            }
          ]
        }
      ]
    },
    "Planning Time": 0.095,
    "Triggers": [],
    "Execution Time": 911.779
  }
]