[
  {
    "Plan": {
      "Node Type": "Aggregate",
      "Strategy": "Plain",
      "Partial Mode": "Finalize",
      "Parallel Aware": false,
      "Startup Cost": 46869.2,
      "Total Cost": 46869.21,
      "Plan Rows": 1,
      "Plan Width": 8,
      "Actual Startup Time": 115.963,
      "Actual Total Time": 132.031,
      "Actual Rows": 1,
      "Actual Loops": 1,
      "Plans": [
        {
          "Node Type": "Gather",
          "Parent Relationship": "Outer",
          "Parallel Aware": false,
          "Startup Cost": 46868.78,
          "Total Cost": 46869.19,
          "Plan Rows": 4,
          "Plan Width": 8,
          "Actual Startup Time": 115.674,
          "Actual Total Time": 132.018,
          "Actual Rows": 5,
          "Actual Loops": 1,
          "Workers Planned": 4,
          "Workers Launched": 4,
          "Single Copy": false,
          "Plans": [
            {
              "Node Type": "Aggregate",
              "Strategy": "Plain",
              "Partial Mode": "Partial",
              "Parent Relationship": "Outer",
              "Parallel Aware": false,
              "Startup Cost": 45868.78,
              "Total Cost": 45868.79,
              "Plan Rows": 1,
              "Plan Width": 8,
              "Actual Startup Time": 105.887,
              "Actual Total Time": 105.889,
              "Actual Rows": 1,
              "Actual Loops": 5,
              "Plans": [
                {
                  "Node Type": "Seq Scan",
                  "Parent Relationship": "Outer",
                  "Parallel Aware": true,
                  "Relation Name": "title",
                  "Alias": "t",
                  "Startup Cost": 0.0,
                  "Total Cost": 45479.59,
                  "Plan Rows": 155676,
                  "Plan Width": 0,
                  "Actual Startup Time": 50.628,
                  "Actual Total Time": 100.41,
                  "Actual Rows": 116592,
                  "Actual Loops": 5,
                  "Filter": "((production_year > 1916) AND (kind_id = 1))",
                  "Rows Removed by Filter": 389070
                }
              ]
            }
          ]
        }
      ]
    },
    "Planning Time": 0.206,
    "Triggers": [],
    "Execution Time": 132.094
  }
]