[
  {
    "Plan": {
      "Node Type": "Aggregate",
      "Strategy": "Plain",
      "Partial Mode": "Finalize",
      "Parallel Aware": false,
      "Startup Cost": 32308.85,
      "Total Cost": 32308.86,
      "Plan Rows": 1,
      "Plan Width": 8,
      "Actual Startup Time": 146.234,
      "Actual Total Time": 156.039,
      "Actual Rows": 1,
      "Actual Loops": 1,
      "Plans": [
        {
          "Node Type": "Gather",
          "Parent Relationship": "Outer",
          "Parallel Aware": false,
          "Startup Cost": 32308.53,
          "Total Cost": 32308.84,
          "Plan Rows": 3,
          "Plan Width": 8,
          "Actual Startup Time": 145.925,
          "Actual Total Time": 156.03,
          "Actual Rows": 4,
          "Actual Loops": 1,
          "Workers Planned": 3,
          "Workers Launched": 3,
          "Single Copy": false,
          "Plans": [
            {
              "Node Type": "Aggregate",
              "Strategy": "Plain",
              "Partial Mode": "Partial",
              "Parent Relationship": "Outer",
              "Parallel Aware": false,
              "Startup Cost": 31308.53,
              "Total Cost": 31308.54,
              "Plan Rows": 1,
              "Plan Width": 8,
              "Actual Startup Time": 139.358,
              "Actual Total Time": 139.36,
              "Actual Rows": 1,
              "Actual Loops": 4,
              "Plans": [
                {
                  "Node Type": "Seq Scan",
                  "Parent Relationship": "Outer",
                  "Parallel Aware": true,
                  "Relation Name": "movie_companies",
                  "Alias": "mc",
                  "Startup Cost": 0.0,
                  "Total Cost": 29310.68,
                  "Plan Rows": 799140,
                  "Plan Width": 0,
                  "Actual Startup Time": 0.039,
                  "Actual Total Time": 102.075,
                  "Actual Rows": 620349,
                  "Actual Loops": 4,
                  "Filter": "(company_id < 142389)",
                  "Rows Removed by Filter": 31934
                }
              ]
            }
          ]
        }
      ]
    },
    "Planning Time": 0.182,
    "Triggers": [],
    "Execution Time": 156.092
  }
]