{
  "Plan": {
    "Node Type": "Aggregate",
    "Strategy": "Plain",
    "Partial Mode": "Finalize",
    "Parallel Aware": false,
    "Startup Cost": 216299.88,
    "Total Cost": 216299.89,
    "Plan Rows": 1,
    "Plan Width": 8,
    "Actual Startup Time": 3463.633,
    "Actual Total Time": 3503.315,
    "Actual Rows": 1,
    "Actual Loops": 1,
    "Plans": [
      {
        "Node Type": "Gather",
        "Parent Relationship": "Outer",
        "Parallel Aware": false,
        "Startup Cost": 216299.77,
        "Total Cost": 216299.88,
        "Plan Rows": 1,
        "Plan Width": 8,
        "Actual Startup Time": 3452.937,
        "Actual Total Time": 3503.306,
        "Actual Rows": 2,
        "Actual Loops": 1,
        "Workers Planned": 1,
        "Workers Launched": 1,
        "Single Copy": false,
        "Plans": [
          {
            "Node Type": "Aggregate",
            "Strategy": "Plain",
            "Partial Mode": "Partial",
            "Parent Relationship": "Outer",
            "Parallel Aware": false,
            "Startup Cost": 215299.77,
            "Total Cost": 215299.78,
            "Plan Rows": 1,
            "Plan Width": 8,
            "Actual Startup Time": 3441.816,
            "Actual Total Time": 3444.659,
            "Actual Rows": 1,
            "Actual Loops": 2,
            "Plans": [
              {
                "Node Type": "Hash Join",
                "Parent Relationship": "Outer",
                "Parallel Aware": true,
                "Join Type": "Inner",
                "Startup Cost": 128992.06,
                "Total Cost": 209427.02,
                "Plan Rows": 2349099,
                "Plan Width": 0,
                "Actual Startup Time": 1424.588,
                "Actual Total Time": 2856.877,
                "Actual Rows": 15451602,
                "Actual Loops": 2,
                "Inner Unique": false,
                "Hash Cond": "(mk.movie_id = t.id)",
                "Plans": [
                  {
                    "Node Type": "Seq Scan",
                    "Parent Relationship": "Outer",
                    "Parallel Aware": true,
                    "Relation Name": "movie_keyword",
                    "Alias": "mk",
                    "Startup Cost": 0.0,
                    "Total Cost": 57718.19,
                    "Plan Rows": 2372941,
                    "Plan Width": 4,
                    "Actual Startup Time": 0.013,
                    "Actual Total Time": 201.779,
                    "Actual Rows": 2023606,
                    "Actual Loops": 2,
                    "Filter": "(keyword_id < 37475)",
                    "Rows Removed by Filter": 238360
                  },
                  {
                    "Node Type": "Hash",
                    "Parent Relationship": "Inner",
                    "Parallel Aware": true,
                    "Startup Cost": 110588.45,
                    "Total Cost": 110588.45,
                    "Plan Rows": 1472289,
                    "Plan Width": 8,
                    "Actual Startup Time": 1402.482,
                    "Actual Total Time": 1405.323,
                    "Actual Rows": 1258354,
                    "Actual Loops": 2,
                    "Hash Buckets": 4194304,
                    "Original Hash Buckets": 4194304,
                    "Hash Batches": 1,
                    "Original Hash Batches": 1,
                    "Peak Memory Usage": 131264,
                    "Plans": [
                      {
                        "Node Type": "Hash Join",
                        "Parent Relationship": "Outer",
                        "Parallel Aware": true,
                        "Join Type": "Inner",
                        "Startup Cost": 72421.81,
                        "Total Cost": 110588.45,
                        "Plan Rows": 1472289,
                        "Plan Width": 8,
                        "Actual Startup Time": 548.298,
                        "Actual Total Time": 1073.797,
                        "Actual Rows": 1258354,
                        "Actual Loops": 2,
                        "Inner Unique": true,
                        "Hash Cond": "(mc.movie_id = t.id)",
                        "Plans": [
                          {
                            "Node Type": "Seq Scan",
                            "Parent Relationship": "Outer",
                            "Parallel Aware": true,
                            "Relation Name": "movie_companies",
                            "Alias": "mc",
                            "Startup Cost": 0.0,
                            "Total Cost": 34137.82,
                            "Plan Rows": 1534782,
                            "Plan Width": 4,
                            "Actual Startup Time": 0.013,
                            "Actual Total Time": 103.685,
                            "Actual Rows": 1304564,
                            "Actual Loops": 2
                          },
                          {
                            "Node Type": "Hash",
                            "Parent Relationship": "Inner",
                            "Parallel Aware": true,
                            "Startup Cost": 54588.39,
                            "Total Cost": 54588.39,
                            "Plan Rows": 1426674,
                            "Plan Width": 4,
                            "Actual Startup Time": 536.075,
                            "Actual Total Time": 536.076,
                            "Actual Rows": 1210584,
                            "Actual Loops": 2,
                            "Hash Buckets": 4194304,
                            "Original Hash Buckets": 4194304,
                            "Hash Batches": 1,
                            "Original Hash Batches": 1,
                            "Peak Memory Usage": 127520,
                            "Plans": [
                              {
                                "Node Type": "Seq Scan",
                                "Parent Relationship": "Outer",
                                "Parallel Aware": true,
                                "Relation Name": "title",
                                "Alias": "t",
                                "Startup Cost": 0.0,
                                "Total Cost": 54588.39,
                                "Plan Rows": 1426674,
                                "Plan Width": 4,
                                "Actual Startup Time": 0.052,
                                "Actual Total Time": 181.517,
                                "Actual Rows": 1210584,
                                "Actual Loops": 2,
                                "Filter": "(production_year > 1911)",
                                "Rows Removed by Filter": 53572
                              }
                            ]
                          }
                        ]
                      }
                    ]
                  }
                ]
              }
            ]
          }
        ]
      }
    ]
  },
  "Planning Time": 0.872,
  "Triggers": [],
  "Execution Time": 3503.398
}