[
    {
        "Bao": {
            "Bao prediction": "NaN",
            "Bao recommended hint": "(no hint)"
        }
    },
    {
        "Plan": {
            "Node Type": "Aggregate",
            "Strategy": "Plain",
            "Partial Mode": "Finalize",
            "Parallel Aware": false,
            "Startup Cost": 349746.54,
            "Total Cost": 349746.55,
            "Plan Rows": 1,
            "Plan Width": 8,
            "Actual Startup Time": 772.692,
            "Actual Total Time": 801.894,
            "Actual Rows": 1,
            "Actual Loops": 1,
            "Output": [
                "count(*)"
            ],
            "Plans": [
                {
                    "Node Type": "Gather",
                    "Parent Relationship": "Outer",
                    "Parallel Aware": false,
                    "Startup Cost": 349745.92,
                    "Total Cost": 349746.53,
                    "Plan Rows": 6,
                    "Plan Width": 8,
                    "Actual Startup Time": 772.526,
                    "Actual Total Time": 801.884,
                    "Actual Rows": 7,
                    "Actual Loops": 1,
                    "Output": [
                        "(PARTIAL count(*))"
                    ],
                    "Workers Planned": 6,
                    "Workers Launched": 6,
                    "Single Copy": false,
                    "Plans": [
                        {
                            "Node Type": "Aggregate",
                            "Strategy": "Plain",
                            "Partial Mode": "Partial",
                            "Parent Relationship": "Outer",
                            "Parallel Aware": false,
                            "Startup Cost": 348745.92,
                            "Total Cost": 348745.93,
                            "Plan Rows": 1,
                            "Plan Width": 8,
                            "Actual Startup Time": 762.714,
                            "Actual Total Time": 762.715,
                            "Actual Rows": 1,
                            "Actual Loops": 7,
                            "Output": [
                                "PARTIAL count(*)"
                            ],
                            "Workers": [
                                {
                                    "Worker Number": 0,
                                    "Actual Startup Time": 760.38,
                                    "Actual Total Time": 760.381,
                                    "Actual Rows": 1,
                                    "Actual Loops": 1
                                },
                                {
                                    "Worker Number": 1,
                                    "Actual Startup Time": 760.56,
                                    "Actual Total Time": 760.56,
                                    "Actual Rows": 1,
                                    "Actual Loops": 1
                                },
                                {
                                    "Worker Number": 2,
                                    "Actual Startup Time": 760.994,
                                    "Actual Total Time": 760.995,
                                    "Actual Rows": 1,
                                    "Actual Loops": 1
                                },
                                {
                                    "Worker Number": 3,
                                    "Actual Startup Time": 761.251,
                                    "Actual Total Time": 761.253,
                                    "Actual Rows": 1,
                                    "Actual Loops": 1
                                },
                                {
                                    "Worker Number": 4,
                                    "Actual Startup Time": 761.708,
                                    "Actual Total Time": 761.709,
                                    "Actual Rows": 1,
                                    "Actual Loops": 1
                                },
                                {
                                    "Worker Number": 5,
                                    "Actual Startup Time": 762.116,
                                    "Actual Total Time": 762.117,
                                    "Actual Rows": 1,
                                    "Actual Loops": 1
                                }
                            ],
                            "Plans": [
                                {
                                    "Node Type": "Seq Scan",
                                    "Parent Relationship": "Outer",
                                    "Parallel Aware": true,
                                    "Relation Name": "cast_info",
                                    "Schema": "public",
                                    "Alias": "ci",
                                    "Startup Cost": 0.0,
                                    "Total Cost": 343318.94,
                                    "Plan Rows": 2170791,
                                    "Plan Width": 0,
                                    "Actual Startup Time": 167.16,
                                    "Actual Total Time": 683.282,
                                    "Actual Rows": 1541071,
                                    "Actual Loops": 7,
                                    "Output": [
                                        "id",
                                        "person_id",
                                        "movie_id",
                                        "person_role_id",
                                        "note",
                                        "nr_order",
                                        "role_id"
                                    ],
                                    "Filter": "((ci.person_id > 1275251) AND (ci.role_id < 3))",
                                    "Rows Removed by Filter": 3636692,
                                    "Workers": [
                                        {
                                            "Worker Number": 0,
                                            "Actual Startup Time": 164.824,
                                            "Actual Total Time": 681.234,
                                            "Actual Rows": 1882450,
                                            "Actual Loops": 1
                                        },
                                        {
                                            "Worker Number": 1,
                                            "Actual Startup Time": 164.996,
                                            "Actual Total Time": 681.34,
                                            "Actual Rows": 1883917,
                                            "Actual Loops": 1
                                        },
                                        {
                                            "Worker Number": 2,
                                            "Actual Startup Time": 165.438,
                                            "Actual Total Time": 682.741,
                                            "Actual Rows": 1187553,
                                            "Actual Loops": 1
                                        },
                                        {
                                            "Worker Number": 3,
                                            "Actual Startup Time": 165.706,
                                            "Actual Total Time": 682.794,
                                            "Actual Rows": 1190532,
                                            "Actual Loops": 1
                                        },
                                        {
                                            "Worker Number": 4,
                                            "Actual Startup Time": 166.158,
                                            "Actual Total Time": 682.615,
                                            "Actual Rows": 1201564,
                                            "Actual Loops": 1
                                        },
                                        {
                                            "Worker Number": 5,
                                            "Actual Startup Time": 166.565,
                                            "Actual Total Time": 683.096,
                                            "Actual Rows": 1199033,
                                            "Actual Loops": 1
                                        }
                                    ]
                                }
                            ]
                        }
                    ]
                }
            ]
        },
        "Planning Time": 184.262,
        "Triggers": [],
        "Execution Time": 801.958
    }
]