{
  "Plan": {
    "Node Type": "Aggregate",
    "Strategy": "Plain",
    "Partial Mode": "Finalize",
    "Parallel Aware": false,
    "Startup Cost": 510653.07,
    "Total Cost": 510653.08,
    "Plan Rows": 1,
    "Plan Width": 8,
    "Actual Startup Time": 1373.942,
    "Actual Total Time": 1394.477,
    "Actual Rows": 1,
    "Actual Loops": 1,
    "Plans": [
      {
        "Node Type": "Gather",
        "Parent Relationship": "Outer",
        "Parallel Aware": false,
        "Startup Cost": 510652.96,
        "Total Cost": 510653.07,
        "Plan Rows": 1,
        "Plan Width": 8,
        "Actual Startup Time": 1371.709,
        "Actual Total Time": 1394.472,
        "Actual Rows": 2,
        "Actual Loops": 1,
        "Workers Planned": 1,
        "Workers Launched": 1,
        "Single Copy": false,
        "Plans": [
          {
            "Node Type": "Aggregate",
            "Strategy": "Plain",
            "Partial Mode": "Partial",
            "Parent Relationship": "Outer",
            "Parallel Aware": false,
            "Startup Cost": 509652.96,
            "Total Cost": 509652.97,
            "Plan Rows": 1,
            "Plan Width": 8,
            "Actual Startup Time": 1367.145,
            "Actual Total Time": 1367.16,
            "Actual Rows": 1,
            "Actual Loops": 2,
            "Plans": [
              {
                "Node Type": "Hash Join",
                "Parent Relationship": "Outer",
                "Parallel Aware": true,
                "Join Type": "Inner",
                "Startup Cost": 193591.72,
                "Total Cost": 505110.9,
                "Plan Rows": 1816821,
                "Plan Width": 0,
                "Actual Startup Time": 549.594,
                "Actual Total Time": 1336.963,
                "Actual Rows": 722840,
                "Actual Loops": 2,
                "Inner Unique": true,
                "Hash Cond": "(ci.movie_id = t.id)",
                "Plans": [
                  {
                    "Node Type": "Bitmap Heap Scan",
                    "Parent Relationship": "Outer",
                    "Parallel Aware": true,
                    "Relation Name": "cast_info",
                    "Alias": "ci",
                    "Startup Cost": 127606.8,
                    "Total Cost": 431346.38,
                    "Plan Rows": 2963658,
                    "Plan Width": 4,
                    "Actual Startup Time": 201.72,
                    "Actual Total Time": 547.969,
                    "Actual Rows": 1404016,
                    "Actual Loops": 2,
                    "Recheck Cond": "(person_id > 3091285)",
                    "Rows Removed by Index Recheck": 0,
                    "Filter": "(role_id < 10)",
                    "Rows Removed by Filter": 1400294,
                    "Exact Heap Blocks": 41196,
                    "Lossy Heap Blocks": 0,
                    "Plans": [
                      {
                        "Node Type": "Bitmap Index Scan",
                        "Parent Relationship": "Outer",
                        "Parallel Aware": false,
                        "Index Name": "person_id_cast_info",
                        "Startup Cost": 0.0,
                        "Total Cost": 126347.25,
                        "Plan Rows": 5785958,
                        "Plan Width": 0,
                        "Actual Startup Time": 188.268,
                        "Actual Total Time": 188.269,
                        "Actual Rows": 5608622,
                        "Actual Loops": 1,
                        "Index Cond": "(person_id > 3091285)"
                      }
                    ]
                  },
                  {
                    "Node Type": "Hash",
                    "Parent Relationship": "Inner",
                    "Parallel Aware": true,
                    "Startup Cost": 54588.39,
                    "Total Cost": 54588.39,
                    "Plan Rows": 911722,
                    "Plan Width": 4,
                    "Actual Startup Time": 338.728,
                    "Actual Total Time": 338.729,
                    "Actual Rows": 777932,
                    "Actual Loops": 2,
                    "Hash Buckets": 2097152,
                    "Original Hash Buckets": 2097152,
                    "Hash Batches": 1,
                    "Original Hash Batches": 1,
                    "Peak Memory Usage": 77280,
                    "Plans": [
                      {
                        "Node Type": "Seq Scan",
                        "Parent Relationship": "Outer",
                        "Parallel Aware": true,
                        "Relation Name": "title",
                        "Alias": "t",
                        "Startup Cost": 0.0,
                        "Total Cost": 54588.39,
                        "Plan Rows": 911722,
                        "Plan Width": 4,
                        "Actual Startup Time": 0.02,
                        "Actual Total Time": 151.304,
                        "Actual Rows": 777932,
                        "Actual Loops": 2,
                        "Filter": "(kind_id > 4)",
                        "Rows Removed by Filter": 486224
                      }
                    ]
                  }
                ]
              }
            ]
          }
        ]
      }
    ]
  },
  "Planning Time": 0.307,
  "Triggers": [],
  "Execution Time": 1394.524
}