[
  {
    "Plan": {
      "Node Type": "Aggregate",
      "Strategy": "Plain",
      "Partial Mode": "Finalize",
      "Parallel Aware": false,
      "Startup Cost": 47030.54,
      "Total Cost": 47030.55,
      "Plan Rows": 1,
      "Plan Width": 8,
      "Actual Startup Time": 189.634,
      "Actual Total Time": 196.893,
      "Actual Rows": 1,
      "Actual Loops": 1,
      "Plans": [
        {
          "Node Type": "Gather",
          "Parent Relationship": "Outer",
          "Parallel Aware": false,
          "Startup Cost": 47030.23,
          "Total Cost": 47030.54,
          "Plan Rows": 3,
          "Plan Width": 8,
          "Actual Startup Time": 189.386,
          "Actual Total Time": 196.884,
          "Actual Rows": 4,
          "Actual Loops": 1,
          "Workers Planned": 3,
          "Workers Launched": 3,
          "Single Copy": false,
          "Plans": [
            {
              "Node Type": "Aggregate",
              "Strategy": "Plain",
              "Partial Mode": "Partial",
              "Parent Relationship": "Outer",
              "Parallel Aware": false,
              "Startup Cost": 46030.23,
              "Total Cost": 46030.24,
              "Plan Rows": 1,
              "Plan Width": 8,
              "Actual Startup Time": 181.007,
              "Actual Total Time": 181.009,
              "Actual Rows": 1,
              "Actual Loops": 4,
              "Plans": [
                {
                  "Node Type": "Seq Scan",
                  "Parent Relationship": "Outer",
                  "Parallel Aware": true,
                  "Relation Name": "movie_keyword",
                  "Alias": "mk",
                  "Startup Cost": 0.0,
                  "Total Cost": 42695.65,
                  "Plan Rows": 1333829,
                  "Plan Width": 0,
                  "Actual Startup Time": 0.061,
                  "Actual Total Time": 131.847,
                  "Actual Rows": 1036809,
                  "Actual Loops": 4,
                  "Filter": "(keyword_id < 45184)",
                  "Rows Removed by Filter": 94174
                }
              ]
            }
          ]
        }
      ]
    },
    "Planning Time": 0.179,
    "Triggers": [],
    "Execution Time": 196.947
  }
]