{
    "Plan": {
        "Node Type": "Aggregate",
        "Strategy": "Plain",
        "Partial Mode": "Finalize",
        "Parallel Aware": false,
        "Startup Cost": 259107.45,
        "Total Cost": 259107.46,
        "Plan Rows": 1,
        "Plan Width": 8,
        "Actual Startup Time": 1660.262,
        "Actual Total Time": 1738.08,
        "Actual Rows": 1,
        "Actual Loops": 1,
        "Output": [
            "count(*)"
        ],
        "Plans": [
            {
                "Node Type": "Gather",
                "Parent Relationship": "Outer",
                "Parallel Aware": false,
                "Startup Cost": 259106.92,
                "Total Cost": 259107.43,
                "Plan Rows": 5,
                "Plan Width": 8,
                "Actual Startup Time": 1658.447,
                "Actual Total Time": 1738.071,
                "Actual Rows": 6,
                "Actual Loops": 1,
                "Output": [
                    "(PARTIAL count(*))"
                ],
                "Workers Planned": 5,
                "Workers Launched": 5,
                "Single Copy": false,
                "Plans": [
                    {
                        "Node Type": "Aggregate",
                        "Strategy": "Plain",
                        "Partial Mode": "Partial",
                        "Parent Relationship": "Outer",
                        "Parallel Aware": false,
                        "Startup Cost": 258106.92,
                        "Total Cost": 258106.93,
                        "Plan Rows": 1,
                        "Plan Width": 8,
                        "Actual Startup Time": 1646.868,
                        "Actual Total Time": 1646.87,
                        "Actual Rows": 1,
                        "Actual Loops": 6,
                        "Output": [
                            "PARTIAL count(*)"
                        ],
                        "Workers": [
                            {
                                "Worker Number": 0,
                                "Actual Startup Time": 1643.31,
                                "Actual Total Time": 1643.312,
                                "Actual Rows": 1,
                                "Actual Loops": 1
                            },
                            {
                                "Worker Number": 1,
                                "Actual Startup Time": 1645.679,
                                "Actual Total Time": 1645.681,
                                "Actual Rows": 1,
                                "Actual Loops": 1
                            },
                            {
                                "Worker Number": 2,
                                "Actual Startup Time": 1644.566,
                                "Actual Total Time": 1644.568,
                                "Actual Rows": 1,
                                "Actual Loops": 1
                            },
                            {
                                "Worker Number": 3,
                                "Actual Startup Time": 1645.267,
                                "Actual Total Time": 1645.269,
                                "Actual Rows": 1,
                                "Actual Loops": 1
                            },
                            {
                                "Worker Number": 4,
                                "Actual Startup Time": 1644.877,
                                "Actual Total Time": 1644.879,
                                "Actual Rows": 1,
                                "Actual Loops": 1
                            }
                        ],
                        "Plans": [
                            {
                                "Node Type": "Nested Loop",
                                "Parent Relationship": "Outer",
                                "Parallel Aware": false,
                                "Join Type": "Inner",
                                "Startup Cost": 106697.56,
                                "Total Cost": 257572.55,
                                "Plan Rows": 213751,
                                "Plan Width": 0,
                                "Actual Startup Time": 399.545,
                                "Actual Total Time": 1616.0,
                                "Actual Rows": 600258,
                                "Actual Loops": 6,
                                "Inner Unique": false,
                                "Join Filter": "(t.id = ci.movie_id)",
                                "Rows Removed by Join Filter": 0,
                                "Workers": [
                                    {
                                        "Worker Number": 0,
                                        "Actual Startup Time": 365.344,
                                        "Actual Total Time": 1613.201,
                                        "Actual Rows": 639202,
                                        "Actual Loops": 1
                                    },
                                    {
                                        "Worker Number": 1,
                                        "Actual Startup Time": 396.027,
                                        "Actual Total Time": 1616.279,
                                        "Actual Rows": 591225,
                                        "Actual Loops": 1
                                    },
                                    {
                                        "Worker Number": 2,
                                        "Actual Startup Time": 396.428,
                                        "Actual Total Time": 1615.687,
                                        "Actual Rows": 577452,
                                        "Actual Loops": 1
                                    },
                                    {
                                        "Worker Number": 3,
                                        "Actual Startup Time": 396.608,
                                        "Actual Total Time": 1615.688,
                                        "Actual Rows": 598991,
                                        "Actual Loops": 1
                                    },
                                    {
                                        "Worker Number": 4,
                                        "Actual Startup Time": 507.699,
                                        "Actual Total Time": 1614.996,
                                        "Actual Rows": 382266,
                                        "Actual Loops": 1
                                    }
                                ],
                                "Plans": [
                                    {
                                        "Node Type": "Merge Join",
                                        "Parent Relationship": "Outer",
                                        "Parallel Aware": false,
                                        "Join Type": "Inner",
                                        "Startup Cost": 106697.0,
                                        "Total Cost": 152140.06,
                                        "Plan Rows": 38805,
                                        "Plan Width": 8,
                                        "Actual Startup Time": 399.45,
                                        "Actual Total Time": 551.604,
                                        "Actual Rows": 38958,
                                        "Actual Loops": 6,
                                        "Output": [
                                            "t.id",
                                            "mi_idx.movie_id"
                                        ],
                                        "Inner Unique": true,
                                        "Merge Cond": "(mi_idx.movie_id = t.id)",
                                        "Workers": [
                                            {
                                                "Worker Number": 0,
                                                "Actual Startup Time": 365.183,
                                                "Actual Total Time": 515.185,
                                                "Actual Rows": 41791,
                                                "Actual Loops": 1
                                            },
                                            {
                                                "Worker Number": 1,
                                                "Actual Startup Time": 395.919,
                                                "Actual Total Time": 544.763,
                                                "Actual Rows": 37514,
                                                "Actual Loops": 1
                                            },
                                            {
                                                "Worker Number": 2,
                                                "Actual Startup Time": 396.348,
                                                "Actual Total Time": 544.185,
                                                "Actual Rows": 36965,
                                                "Actual Loops": 1
                                            },
                                            {
                                                "Worker Number": 3,
                                                "Actual Startup Time": 396.538,
                                                "Actual Total Time": 540.879,
                                                "Actual Rows": 36680,
                                                "Actual Loops": 1
                                            },
                                            {
                                                "Worker Number": 4,
                                                "Actual Startup Time": 507.601,
                                                "Actual Total Time": 647.381,
                                                "Actual Rows": 21593,
                                                "Actual Loops": 1
                                            }
                                        ],
                                        "Plans": [
                                            {
                                                "Node Type": "Index Only Scan",
                                                "Parent Relationship": "Outer",
                                                "Parallel Aware": true,
                                                "Scan Direction": "Forward",
                                                "Index Name": "movie_id_movie_info_idx",
                                                "Relation Name": "movie_info_idx",
                                                "Schema": "public",
                                                "Alias": "mi_idx",
                                                "Startup Cost": 0.43,
                                                "Total Cost": 42590.53,
                                                "Plan Rows": 276007,
                                                "Plan Width": 4,
                                                "Actual Startup Time": 0.206,
                                                "Actual Total Time": 56.125,
                                                "Actual Rows": 230006,
                                                "Actual Loops": 6,
                                                "Output": [
                                                    "mi_idx.movie_id"
                                                ],
                                                "Heap Fetches": 1380035,
                                                "Workers": [
                                                    {
                                                        "Worker Number": 0,
                                                        "Actual Startup Time": 0.142,
                                                        "Actual Total Time": 60.812,
                                                        "Actual Rows": 249594,
                                                        "Actual Loops": 1
                                                    },
                                                    {
                                                        "Worker Number": 1,
                                                        "Actual Startup Time": 0.161,
                                                        "Actual Total Time": 53.204,
                                                        "Actual Rows": 206196,
                                                        "Actual Loops": 1
                                                    },
                                                    {
                                                        "Worker Number": 2,
                                                        "Actual Startup Time": 0.292,
                                                        "Actual Total Time": 52.68,
                                                        "Actual Rows": 202044,
                                                        "Actual Loops": 1
                                                    },
                                                    {
                                                        "Worker Number": 3,
                                                        "Actual Startup Time": 0.391,
                                                        "Actual Total Time": 50.022,
                                                        "Actual Rows": 193427,
                                                        "Actual Loops": 1
                                                    },
                                                    {
                                                        "Worker Number": 4,
                                                        "Actual Startup Time": 0.203,
                                                        "Actual Total Time": 35.292,
                                                        "Actual Rows": 92892,
                                                        "Actual Loops": 1
                                                    }
                                                ]
                                            },
                                            {
                                                "Node Type": "Sort",
                                                "Parent Relationship": "Inner",
                                                "Parallel Aware": false,
                                                "Startup Cost": 106695.94,
                                                "Total Cost": 107584.61,
                                                "Plan Rows": 355469,
                                                "Plan Width": 4,
                                                "Actual Startup Time": 399.188,
                                                "Actual Total Time": 453.441,
                                                "Actual Rows": 301687,
                                                "Actual Loops": 6,
                                                "Output": [
                                                    "t.id"
                                                ],
                                                "Sort Key": [
                                                    "t.id"
                                                ],
                                                "Sort Method": "quicksort",
                                                "Sort Space Used": 26449,
                                                "Sort Space Type": "Memory",
                                                "Workers": [
                                                    {
                                                        "Worker Number": 0,
                                                        "Actual Startup Time": 364.995,
                                                        "Actual Total Time": 414.658,
                                                        "Actual Rows": 301551,
                                                        "Actual Loops": 1
                                                    },
                                                    {
                                                        "Worker Number": 1,
                                                        "Actual Startup Time": 395.707,
                                                        "Actual Total Time": 451.349,
                                                        "Actual Rows": 301771,
                                                        "Actual Loops": 1
                                                    },
                                                    {
                                                        "Worker Number": 2,
                                                        "Actual Startup Time": 396.017,
                                                        "Actual Total Time": 451.823,
                                                        "Actual Rows": 301609,
                                                        "Actual Loops": 1
                                                    },
                                                    {
                                                        "Worker Number": 3,
                                                        "Actual Startup Time": 396.093,
                                                        "Actual Total Time": 451.361,
                                                        "Actual Rows": 301657,
                                                        "Actual Loops": 1
                                                    },
                                                    {
                                                        "Worker Number": 4,
                                                        "Actual Startup Time": 507.27,
                                                        "Actual Total Time": 567.637,
                                                        "Actual Rows": 301680,
                                                        "Actual Loops": 1
                                                    }
                                                ],
                                                "Plans": [
                                                    {
                                                        "Node Type": "Seq Scan",
                                                        "Parent Relationship": "Outer",
                                                        "Parallel Aware": false,
                                                        "Relation Name": "title",
                                                        "Schema": "public",
                                                        "Alias": "t",
                                                        "Startup Cost": 0.0,
                                                        "Total Cost": 73922.83,
                                                        "Plan Rows": 355469,
                                                        "Plan Width": 4,
                                                        "Actual Startup Time": 0.201,
                                                        "Actual Total Time": 315.051,
                                                        "Actual Rows": 302088,
                                                        "Actual Loops": 6,
                                                        "Output": [
                                                            "t.id"
                                                        ],
                                                        "Filter": "((t.kind_id < 7) AND (t.production_year > 2006))",
                                                        "Rows Removed by Filter": 2226224,
                                                        "Workers": [
                                                            {
                                                                "Worker Number": 0,
                                                                "Actual Startup Time": 0.237,
                                                                "Actual Total Time": 289.658,
                                                                "Actual Rows": 302088,
                                                                "Actual Loops": 1
                                                            },
                                                            {
                                                                "Worker Number": 1,
                                                                "Actual Startup Time": 0.216,
                                                                "Actual Total Time": 316.291,
                                                                "Actual Rows": 302088,
                                                                "Actual Loops": 1
                                                            },
                                                            {
                                                                "Worker Number": 2,
                                                                "Actual Startup Time": 0.217,
                                                                "Actual Total Time": 316.607,
                                                                "Actual Rows": 302088,
                                                                "Actual Loops": 1
                                                            },
                                                            {
                                                                "Worker Number": 3,
                                                                "Actual Startup Time": 0.228,
                                                                "Actual Total Time": 317.02,
                                                                "Actual Rows": 302088,
                                                                "Actual Loops": 1
                                                            },
                                                            {
                                                                "Worker Number": 4,
                                                                "Actual Startup Time": 0.232,
                                                                "Actual Total Time": 388.844,
                                                                "Actual Rows": 302088,
                                                                "Actual Loops": 1
                                                            }
                                                        ]
                                                    }
                                                ]
                                            }
                                        ]
                                    },
                                    {
                                        "Node Type": "Index Scan",
                                        "Parent Relationship": "Inner",
                                        "Parallel Aware": false,
                                        "Scan Direction": "Forward",
                                        "Index Name": "movie_id_cast_info",
                                        "Relation Name": "cast_info",
                                        "Schema": "public",
                                        "Alias": "ci",
                                        "Startup Cost": 0.56,
                                        "Total Cost": 2.53,
                                        "Plan Rows": 15,
                                        "Plan Width": 4,
                                        "Actual Startup Time": 0.011,
                                        "Actual Total Time": 0.026,
                                        "Actual Rows": 15,
                                        "Actual Loops": 233750,
                                        "Output": [
                                            "ci.id",
                                            "ci.person_id",
                                            "ci.movie_id",
                                            "ci.person_role_id",
                                            "ci.note",
                                            "ci.nr_order",
                                            "ci.role_id"
                                        ],
                                        "Index Cond": "(ci.movie_id = mi_idx.movie_id)",
                                        "Rows Removed by Index Recheck": 0,
                                        "Filter": "((ci.person_id > 1451848) AND (ci.role_id > 1))",
                                        "Rows Removed by Filter": 13,
                                        "Workers": [
                                            {
                                                "Worker Number": 0,
                                                "Actual Startup Time": 0.011,
                                                "Actual Total Time": 0.025,
                                                "Actual Rows": 15,
                                                "Actual Loops": 41791
                                            },
                                            {
                                                "Worker Number": 1,
                                                "Actual Startup Time": 0.012,
                                                "Actual Total Time": 0.027,
                                                "Actual Rows": 16,
                                                "Actual Loops": 37514
                                            },
                                            {
                                                "Worker Number": 2,
                                                "Actual Startup Time": 0.012,
                                                "Actual Total Time": 0.027,
                                                "Actual Rows": 16,
                                                "Actual Loops": 36965
                                            },
                                            {
                                                "Worker Number": 3,
                                                "Actual Startup Time": 0.012,
                                                "Actual Total Time": 0.028,
                                                "Actual Rows": 16,
                                                "Actual Loops": 36680
                                            },
                                            {
                                                "Worker Number": 4,
                                                "Actual Startup Time": 0.018,
                                                "Actual Total Time": 0.042,
                                                "Actual Rows": 18,
                                                "Actual Loops": 21593
                                            }
                                        ]
                                    }
                                ]
                            }
                        ]
                    }
                ]
            }
        ]
    },
    "Planning Time": 1.567,
    "Triggers": [],
    "Execution Time": 1743.062
}