[
  {
    "Plan": {
      "Node Type": "Aggregate",
      "Strategy": "Plain",
      "Partial Mode": "Finalize",
      "Parallel Aware": false,
      "Startup Cost": 728558.07,
      "Total Cost": 728558.08,
      "Plan Rows": 1,
      "Plan Width": 128,
      "Actual Startup Time": 2605.413,
      "Actual Total Time": 2782.44,
      "Actual Rows": 1,
      "Actual Loops": 1,
      "Plans": [
        {
          "Node Type": "Gather",
          "Parent Relationship": "Outer",
          "Parallel Aware": false,
          "Startup Cost": 728557.62,
          "Total Cost": 728558.03,
          "Plan Rows": 4,
          "Plan Width": 128,
          "Actual Startup Time": 2605.189,
          "Actual Total Time": 2782.385,
          "Actual Rows": 5,
          "Actual Loops": 1,
          "Workers Planned": 4,
          "Workers Launched": 4,
          "Single Copy": false,
          "Plans": [
            {
              "Node Type": "Aggregate",
              "Strategy": "Plain",
              "Partial Mode": "Partial",
              "Parent Relationship": "Outer",
              "Parallel Aware": false,
              "Startup Cost": 727557.62,
              "Total Cost": 727557.63,
              "Plan Rows": 1,
              "Plan Width": 128,
              "Actual Startup Time": 2593.593,
              "Actual Total Time": 2593.618,
              "Actual Rows": 1,
              "Actual Loops": 5,
              "Plans": [
                {
                  "Node Type": "Hash Join",
                  "Parent Relationship": "Outer",
                  "Parallel Aware": true,
                  "Join Type": "Inner",
                  "Startup Cost": 657267.11,
                  "Total Cost": 727557.61,
                  "Plan Rows": 1,
                  "Plan Width": 81,
                  "Actual Startup Time": 2535.997,
                  "Actual Total Time": 2593.601,
                  "Actual Rows": 0,
                  "Actual Loops": 5,
                  "Inner Unique": false,
                  "Hash Cond": "(n.id = ci.person_id)",
                  "Plans": [
                    {
                      "Node Type": "Seq Scan",
                      "Parent Relationship": "Outer",
                      "Parallel Aware": true,
                      "Relation Name": "name",
                      "Alias": "n",
                      "Startup Cost": 0.0,
                      "Total Cost": 68635.58,
                      "Plan Rows": 441309,
                      "Plan Width": 19,
                      "Actual Startup Time": 0.028,
                      "Actual Total Time": 163.736,
                      "Actual Rows": 347916,
                      "Actual Loops": 5,
                      "Filter": "((gender)::text = 'm'::text)",
                      "Rows Removed by Filter": 485582
                    },
                    {
                      "Node Type": "Hash",
                      "Parent Relationship": "Inner",
                      "Parallel Aware": true,
                      "Startup Cost": 657267.1,
                      "Total Cost": 657267.1,
                      "Plan Rows": 1,
                      "Plan Width": 70,
                      "Actual Startup Time": 2402.685,
                      "Actual Total Time": 2402.708,
                      "Actual Rows": 6,
                      "Actual Loops": 5,
                      "Hash Buckets": 1024,
                      "Original Hash Buckets": 1024,
                      "Hash Batches": 1,
                      "Original Hash Batches": 1,
                      "Peak Memory Usage": 40,
                      "Plans": [
                        {
                          "Node Type": "Hash Join",
                          "Parent Relationship": "Outer",
                          "Parallel Aware": true,
                          "Join Type": "Inner",
                          "Startup Cost": 458094.97,
                          "Total Cost": 657267.1,
                          "Plan Rows": 1,
                          "Plan Width": 70,
                          "Actual Startup Time": 2391.774,
                          "Actual Total Time": 2402.599,
                          "Actual Rows": 6,
                          "Actual Loops": 5,
                          "Inner Unique": false,
                          "Hash Cond": "(mi.movie_id = t.id)",
                          "Plans": [
                            {
                              "Node Type": "Hash Join",
                              "Parent Relationship": "Outer",
                              "Parallel Aware": false,
                              "Join Type": "Inner",
                              "Startup Cost": 2.43,
                              "Total Cost": 199173.56,
                              "Plan Rows": 263,
                              "Plan Width": 47,
                              "Actual Startup Time": 472.608,
                              "Actual Total Time": 524.005,
                              "Actual Rows": 32392,
                              "Actual Loops": 5,
                              "Inner Unique": true,
                              "Hash Cond": "(mi.info_type_id = it1.id)",
                              "Plans": [
                                {
                                  "Node Type": "Seq Scan",
                                  "Parent Relationship": "Outer",
                                  "Parallel Aware": true,
                                  "Relation Name": "movie_info",
                                  "Alias": "mi",
                                  "Startup Cost": 0.0,
                                  "Total Cost": 199090.3,
                                  "Plan Rows": 29678,
                                  "Plan Width": 51,
                                  "Actual Startup Time": 347.782,
                                  "Actual Total Time": 517.934,
                                  "Actual Rows": 32404,
                                  "Actual Loops": 5,
                                  "Filter": "(info = 'Documentary'::text)",
                                  "Rows Removed by Filter": 2934740
                                },
                                {
                                  "Node Type": "Hash",
                                  "Parent Relationship": "Inner",
                                  "Parallel Aware": false,
                                  "Startup Cost": 2.41,
                                  "Total Cost": 2.41,
                                  "Plan Rows": 1,
                                  "Plan Width": 4,
                                  "Actual Startup Time": 0.03,
                                  "Actual Total Time": 0.032,
                                  "Actual Rows": 1,
                                  "Actual Loops": 5,
                                  "Hash Buckets": 1024,
                                  "Original Hash Buckets": 1024,
                                  "Hash Batches": 1,
                                  "Original Hash Batches": 1,
                                  "Peak Memory Usage": 9,
                                  "Plans": [
                                    {
                                      "Node Type": "Seq Scan",
                                      "Parent Relationship": "Outer",
                                      "Parallel Aware": false,
                                      "Relation Name": "info_type",
                                      "Alias": "it1",
                                      "Startup Cost": 0.0,
                                      "Total Cost": 2.41,
                                      "Plan Rows": 1,
                                      "Plan Width": 4,
                                      "Actual Startup Time": 0.015,
                                      "Actual Total Time": 0.023,
                                      "Actual Rows": 1,
                                      "Actual Loops": 5,
                                      "Filter": "((info)::text = 'genres'::text)",
                                      "Rows Removed by Filter": 112
                                    }
                                  ]
                                }
                              ]
                            },
                            {
                              "Node Type": "Hash",
                              "Parent Relationship": "Inner",
                              "Parallel Aware": true,
                              "Startup Cost": 458092.53,
                              "Total Cost": 458092.53,
                              "Plan Rows": 1,
                              "Plan Width": 43,
                              "Actual Startup Time": 1875.865,
                              "Actual Total Time": 1875.881,
                              "Actual Rows": 7,
                              "Actual Loops": 5,
                              "Hash Buckets": 1024,
                              "Original Hash Buckets": 1024,
                              "Hash Batches": 1,
                              "Original Hash Batches": 1,
                              "Peak Memory Usage": 72,
                              "Plans": [
                                {
                                  "Node Type": "Hash Join",
                                  "Parent Relationship": "Outer",
                                  "Parallel Aware": true,
                                  "Join Type": "Inner",
                                  "Startup Cost": 442822.26,
                                  "Total Cost": 458092.53,
                                  "Plan Rows": 1,
                                  "Plan Width": 43,
                                  "Actual Startup Time": 1847.055,
                                  "Actual Total Time": 1875.783,
                                  "Actual Rows": 7,
                                  "Actual Loops": 5,
                                  "Inner Unique": false,
                                  "Hash Cond": "(mi_idx.movie_id = t.id)",
                                  "Plans": [
                                    {
                                      "Node Type": "Hash Join",
                                      "Parent Relationship": "Outer",
                                      "Parallel Aware": false,
                                      "Join Type": "Inner",
                                      "Startup Cost": 2.43,
                                      "Total Cost": 15253.6,
                                      "Plan Rows": 5089,
                                      "Plan Width": 10,
                                      "Actual Startup Time": 0.152,
                                      "Actual Total Time": 81.476,
                                      "Actual Rows": 91985,
                                      "Actual Loops": 5,
                                      "Inner Unique": true,
                                      "Hash Cond": "(mi_idx.info_type_id = it2.id)",
                                      "Plans": [
                                        {
                                          "Node Type": "Seq Scan",
                                          "Parent Relationship": "Outer",
                                          "Parallel Aware": true,
                                          "Relation Name": "movie_info_idx",
                                          "Alias": "mi_idx",
                                          "Startup Cost": 0.0,
                                          "Total Cost": 13685.15,
                                          "Plan Rows": 575015,
                                          "Plan Width": 14,
                                          "Actual Startup Time": 0.02,
                                          "Actual Total Time": 38.79,
                                          "Actual Rows": 276007,
                                          "Actual Loops": 5
                                        },
                                        {
                                          "Node Type": "Hash",
                                          "Parent Relationship": "Inner",
                                          "Parallel Aware": false,
                                          "Startup Cost": 2.41,
                                          "Total Cost": 2.41,
                                          "Plan Rows": 1,
                                          "Plan Width": 4,
                                          "Actual Startup Time": 0.081,
                                          "Actual Total Time": 0.082,
                                          "Actual Rows": 1,
                                          "Actual Loops": 5,
                                          "Hash Buckets": 1024,
                                          "Original Hash Buckets": 1024,
                                          "Hash Batches": 1,
                                          "Original Hash Batches": 1,
                                          "Peak Memory Usage": 9,
                                          "Plans": [
                                            {
                                              "Node Type": "Seq Scan",
                                              "Parent Relationship": "Outer",
                                              "Parallel Aware": false,
                                              "Relation Name": "info_type",
                                              "Alias": "it2",
                                              "Startup Cost": 0.0,
                                              "Total Cost": 2.41,
                                              "Plan Rows": 1,
                                              "Plan Width": 4,
                                              "Actual Startup Time": 0.065,
                                              "Actual Total Time": 0.068,
                                              "Actual Rows": 1,
                                              "Actual Loops": 5,
                                              "Filter": "((info)::text = 'votes'::text)",
                                              "Rows Removed by Filter": 112
                                            }
                                          ]
                                        }
                                      ]
                                    },
                                    {
                                      "Node Type": "Hash",
                                      "Parent Relationship": "Inner",
                                      "Parallel Aware": true,
                                      "Startup Cost": 442819.82,
                                      "Total Cost": 442819.82,
                                      "Plan Rows": 1,
                                      "Plan Width": 33,
                                      "Actual Startup Time": 1786.356,
                                      "Actual Total Time": 1786.366,
                                      "Actual Rows": 7,
                                      "Actual Loops": 5,
                                      "Hash Buckets": 1024,
                                      "Original Hash Buckets": 1024,
                                      "Hash Batches": 1,
                                      "Original Hash Batches": 1,
                                      "Peak Memory Usage": 72,
                                      "Plans": [
                                        {
                                          "Node Type": "Hash Join",
                                          "Parent Relationship": "Outer",
                                          "Parallel Aware": true,
                                          "Join Type": "Inner",
                                          "Startup Cost": 399941.42,
                                          "Total Cost": 442819.82,
                                          "Plan Rows": 1,
                                          "Plan Width": 33,
                                          "Actual Startup Time": 1708.133,
                                          "Actual Total Time": 1786.273,
                                          "Actual Rows": 7,
                                          "Actual Loops": 5,
                                          "Inner Unique": false,
                                          "Hash Cond": "(mk.movie_id = t.id)",
                                          "Plans": [
                                            {
                                              "Node Type": "Hash Join",
                                              "Parent Relationship": "Outer",
                                              "Parallel Aware": false,
                                              "Join Type": "Inner",
                                              "Startup Cost": 3129.33,
                                              "Total Cost": 46007.52,
                                              "Plan Rows": 55,
                                              "Plan Width": 4,
                                              "Actual Startup Time": 29.832,
                                              "Actual Total Time": 244.606,
                                              "Actual Rows": 5715,
                                              "Actual Loops": 5,
                                              "Inner Unique": true,
                                              "Hash Cond": "(mk.keyword_id = k.id)",
                                              "Plans": [
                                                {
                                                  "Node Type": "Seq Scan",
                                                  "Parent Relationship": "Outer",
                                                  "Parallel Aware": true,
                                                  "Relation Name": "movie_keyword",
                                                  "Alias": "mk",
                                                  "Startup Cost": 0.0,
                                                  "Total Cost": 39047.32,
                                                  "Plan Rows": 1459332,
                                                  "Plan Width": 8,
                                                  "Actual Startup Time": 0.047,
                                                  "Actual Total Time": 124.235,
                                                  "Actual Rows": 904786,
                                                  "Actual Loops": 5
                                                },
                                                {
                                                  "Node Type": "Hash",
                                                  "Parent Relationship": "Inner",
                                                  "Parallel Aware": false,
                                                  "Startup Cost": 3129.26,
                                                  "Total Cost": 3129.26,
                                                  "Plan Rows": 5,
                                                  "Plan Width": 4,
                                                  "Actual Startup Time": 29.685,
                                                  "Actual Total Time": 29.686,
                                                  "Actual Rows": 5,
                                                  "Actual Loops": 5,
                                                  "Hash Buckets": 1024,
                                                  "Original Hash Buckets": 1024,
                                                  "Hash Batches": 1,
                                                  "Original Hash Batches": 1,
                                                  "Peak Memory Usage": 9,
                                                  "Plans": [
                                                    {
                                                      "Node Type": "Seq Scan",
                                                      "Parent Relationship": "Outer",
                                                      "Parallel Aware": false,
                                                      "Relation Name": "keyword",
                                                      "Alias": "k",
                                                      "Startup Cost": 0.0,
                                                      "Total Cost": 3129.26,
                                                      "Plan Rows": 5,
                                                      "Plan Width": 4,
                                                      "Actual Startup Time": 0.194,
                                                      "Actual Total Time": 29.672,
                                                      "Actual Rows": 5,
                                                      "Actual Loops": 5,
                                                      "Filter": "(keyword = ANY ('{magnet,sequel,violence,based-on-comic,interview}'::text[]))",
                                                      "Rows Removed by Filter": 134165
                                                    }
                                                  ]
                                                }
                                              ]
                                            },
                                            {
                                              "Node Type": "Hash",
                                              "Parent Relationship": "Inner",
                                              "Parallel Aware": true,
                                              "Startup Cost": 396811.95,
                                              "Total Cost": 396811.95,
                                              "Plan Rows": 11,
                                              "Plan Width": 29,
                                              "Actual Startup Time": 1540.387,
                                              "Actual Total Time": 1540.392,
                                              "Actual Rows": 31,
                                              "Actual Loops": 5,
                                              "Hash Buckets": 1024,
                                              "Original Hash Buckets": 1024,
                                              "Hash Batches": 1,
                                              "Original Hash Batches": 1,
                                              "Peak Memory Usage": 168,
                                              "Plans": [
                                                {
                                                  "Node Type": "Hash Join",
                                                  "Parent Relationship": "Outer",
                                                  "Parallel Aware": true,
                                                  "Join Type": "Inner",
                                                  "Startup Cost": 45479.19,
                                                  "Total Cost": 396811.95,
                                                  "Plan Rows": 11,
                                                  "Plan Width": 29,
                                                  "Actual Startup Time": 1010.839,
                                                  "Actual Total Time": 1540.211,
                                                  "Actual Rows": 31,
                                                  "Actual Loops": 5,
                                                  "Inner Unique": true,
                                                  "Hash Cond": "(ci.movie_id = t.id)",
                                                  "Plans": [
                                                    {
                                                      "Node Type": "Seq Scan",
                                                      "Parent Relationship": "Outer",
                                                      "Parallel Aware": true,
                                                      "Relation Name": "cast_info",
                                                      "Alias": "ci",
                                                      "Startup Cost": 0.0,
                                                      "Total Cost": 350807.07,
                                                      "Plan Rows": 200266,
                                                      "Plan Width": 8,
                                                      "Actual Startup Time": 208.197,
                                                      "Actual Total Time": 1374.386,
                                                      "Actual Rows": 248943,
                                                      "Actual Loops": 5,
                                                      "Filter": "(note = ANY ('{(writer),\"(head writer)\",\"(written by)\",(story),\"(story editor)\"}'::text[]))",
                                                      "Rows Removed by Filter": 6999926
                                                    },
                                                    {
                                                      "Node Type": "Hash",
                                                      "Parent Relationship": "Inner",
                                                      "Parallel Aware": true,
                                                      "Startup Cost": 45478.74,
                                                      "Total Cost": 45478.74,
                                                      "Plan Rows": 36,
                                                      "Plan Width": 21,
                                                      "Actual Startup Time": 138.147,
                                                      "Actual Total Time": 138.148,
                                                      "Actual Rows": 93,
                                                      "Actual Loops": 5,
                                                      "Hash Buckets": 1024,
                                                      "Original Hash Buckets": 1024,
                                                      "Hash Batches": 1,
                                                      "Original Hash Batches": 1,
                                                      "Peak Memory Usage": 168,
                                                      "Plans": [
                                                        {
                                                          "Node Type": "Seq Scan",
                                                          "Parent Relationship": "Outer",
                                                          "Parallel Aware": true,
                                                          "Relation Name": "title",
                                                          "Alias": "t",
                                                          "Startup Cost": 0.0,
                                                          "Total Cost": 45478.74,
                                                          "Plan Rows": 36,
                                                          "Plan Width": 21,
                                                          "Actual Startup Time": 1.362,
                                                          "Actual Total Time": 137.916,
                                                          "Actual Rows": 93,
                                                          "Actual Loops": 5,
                                                          "Filter": "((title ~~ '100%'::text) AND (production_year > 1997))",
                                                          "Rows Removed by Filter": 505569
                                                        }
                                                      ]
                                                    }
                                                  ]
                                                }
                                              ]
                                            }
                                          ]
                                        }
                                      ]
                                    }
                                  ]
                                }
                              ]
                            }
                          ]
                        }
                      ]
                    }
                  ]
                }
              ]
            }
          ]
        }
      ]
    },
    "Planning Time": 20.774,
    "Triggers": [],
    "Execution Time": 2782.877
  }
]