{
  "Plan": {
    "Node Type": "Aggregate",
    "Strategy": "Plain",
    "Partial Mode": "Finalize",
    "Parallel Aware": false,
    "Startup Cost": 18918.24,
    "Total Cost": 18918.25,
    "Plan Rows": 1,
    "Plan Width": 8,
    "Actual Startup Time": 21.977,
    "Actual Total Time": 25.643,
    "Actual Rows": 1,
    "Actual Loops": 1,
    "Plans": [
      {
        "Node Type": "Gather",
        "Parent Relationship": "Outer",
        "Parallel Aware": false,
        "Startup Cost": 18918.13,
        "Total Cost": 18918.24,
        "Plan Rows": 1,
        "Plan Width": 8,
        "Actual Startup Time": 21.848,
        "Actual Total Time": 25.637,
        "Actual Rows": 2,
        "Actual Loops": 1,
        "Workers Planned": 1,
        "Workers Launched": 1,
        "Single Copy": false,
        "Plans": [
          {
            "Node Type": "Aggregate",
            "Strategy": "Plain",
            "Partial Mode": "Partial",
            "Parent Relationship": "Outer",
            "Parallel Aware": false,
            "Startup Cost": 17918.13,
            "Total Cost": 17918.14,
            "Plan Rows": 1,
            "Plan Width": 8,
            "Actual Startup Time": 17.835,
            "Actual Total Time": 17.837,
            "Actual Rows": 1,
            "Actual Loops": 2,
            "Plans": [
              {
                "Node Type": "Nested Loop",
                "Parent Relationship": "Outer",
                "Parallel Aware": false,
                "Join Type": "Inner",
                "Startup Cost": 81.13,
                "Total Cost": 17917.56,
                "Plan Rows": 226,
                "Plan Width": 0,
                "Actual Startup Time": 1.632,
                "Actual Total Time": 17.74,
                "Actual Rows": 498,
                "Actual Loops": 2,
                "Inner Unique": false,
                "Plans": [
                  {
                    "Node Type": "Nested Loop",
                    "Parent Relationship": "Outer",
                    "Parallel Aware": false,
                    "Join Type": "Inner",
                    "Startup Cost": 80.71,
                    "Total Cost": 17682.18,
                    "Plan Rows": 415,
                    "Plan Width": 8,
                    "Actual Startup Time": 1.44,
                    "Actual Total Time": 13.876,
                    "Actual Rows": 452,
                    "Actual Loops": 2,
                    "Inner Unique": true,
                    "Plans": [
                      {
                        "Node Type": "Bitmap Heap Scan",
                        "Parent Relationship": "Outer",
                        "Parallel Aware": true,
                        "Relation Name": "movie_companies",
                        "Alias": "mc",
                        "Startup Cost": 80.28,
                        "Total Cost": 9226.95,
                        "Plan Rows": 1058,
                        "Plan Width": 4,
                        "Actual Startup Time": 1.327,
                        "Actual Total Time": 4.338,
                        "Actual Rows": 974,
                        "Actual Loops": 2,
                        "Recheck Cond": "(company_id = 181)",
                        "Rows Removed by Index Recheck": 0,
                        "Filter": "(company_type_id = 1)",
                        "Rows Removed by Filter": 716,
                        "Exact Heap Blocks": 1021,
                        "Lossy Heap Blocks": 0,
                        "Plans": [
                          {
                            "Node Type": "Bitmap Index Scan",
                            "Parent Relationship": "Outer",
                            "Parallel Aware": false,
                            "Index Name": "company_id_movie_companies",
                            "Startup Cost": 0.0,
                            "Total Cost": 79.83,
                            "Plan Rows": 3653,
                            "Plan Width": 0,
                            "Actual Startup Time": 2.032,
                            "Actual Total Time": 2.032,
                            "Actual Rows": 3380,
                            "Actual Loops": 1,
                            "Index Cond": "(company_id = 181)"
                          }
                        ]
                      },
                      {
                        "Node Type": "Index Scan",
                        "Parent Relationship": "Inner",
                        "Parallel Aware": false,
                        "Scan Direction": "Forward",
                        "Index Name": "title_pkey",
                        "Relation Name": "title",
                        "Alias": "t",
                        "Startup Cost": 0.43,
                        "Total Cost": 7.99,
                        "Plan Rows": 1,
                        "Plan Width": 4,
                        "Actual Startup Time": 0.009,
                        "Actual Total Time": 0.009,
                        "Actual Rows": 0,
                        "Actual Loops": 1947,
                        "Index Cond": "(id = mc.movie_id)",
                        "Rows Removed by Index Recheck": 0,
                        "Filter": "(kind_id < 7)",
                        "Rows Removed by Filter": 1
                      }
                    ]
                  },
                  {
                    "Node Type": "Index Only Scan",
                    "Parent Relationship": "Inner",
                    "Parallel Aware": false,
                    "Scan Direction": "Forward",
                    "Index Name": "movie_id_movie_info_idx",
                    "Relation Name": "movie_info_idx",
                    "Alias": "mi_idx",
                    "Startup Cost": 0.43,
                    "Total Cost": 0.54,
                    "Plan Rows": 3,
                    "Plan Width": 4,
                    "Actual Startup Time": 0.007,
                    "Actual Total Time": 0.008,
                    "Actual Rows": 1,
                    "Actual Loops": 904,
                    "Index Cond": "(movie_id = t.id)",
                    "Rows Removed by Index Recheck": 0,
                    "Heap Fetches": 996
                  }
                ]
              }
            ]
          }
        ]
      }
    ]
  },
  "Planning Time": 0.986,
  "Triggers": [],
  "Execution Time": 25.736
}