[
  {
    "Plan": {
      "Node Type": "Aggregate",
      "Strategy": "Plain",
      "Partial Mode": "Finalize",
      "Parallel Aware": false,
      "Startup Cost": 46598.38,
      "Total Cost": 46598.39,
      "Plan Rows": 1,
      "Plan Width": 8,
      "Actual Startup Time": 104.915,
      "Actual Total Time": 117.619,
      "Actual Rows": 1,
      "Actual Loops": 1,
      "Plans": [
        {
          "Node Type": "Gather",
          "Parent Relationship": "Outer",
          "Parallel Aware": false,
          "Startup Cost": 46597.96,
          "Total Cost": 46598.37,
          "Plan Rows": 4,
          "Plan Width": 8,
          "Actual Startup Time": 104.752,
          "Actual Total Time": 117.608,
          "Actual Rows": 5,
          "Actual Loops": 1,
          "Workers Planned": 4,
          "Workers Launched": 4,
          "Single Copy": false,
          "Plans": [
            {
              "Node Type": "Aggregate",
              "Strategy": "Plain",
              "Partial Mode": "Partial",
              "Parent Relationship": "Outer",
              "Parallel Aware": false,
              "Startup Cost": 45597.96,
              "Total Cost": 45597.97,
              "Plan Rows": 1,
              "Plan Width": 8,
              "Actual Startup Time": 98.009,
              "Actual Total Time": 98.01,
              "Actual Rows": 1,
              "Actual Loops": 5,
              "Plans": [
                {
                  "Node Type": "Seq Scan",
                  "Parent Relationship": "Outer",
                  "Parallel Aware": true,
                  "Relation Name": "title",
                  "Alias": "t",
                  "Startup Cost": 0.0,
                  "Total Cost": 45479.1,
                  "Plan Rows": 47546,
                  "Plan Width": 0,
                  "Actual Startup Time": 0.13,
                  "Actual Total Time": 94.26,
                  "Actual Rows": 60129,
                  "Actual Loops": 5,
                  "Filter": "((kind_id < 7) AND (production_year < 1979))",
                  "Rows Removed by Filter": 445533
                }
              ]
            }
          ]
        }
      ]
    },
    "Planning Time": 0.186,
    "Triggers": [],
    "Execution Time": 117.71
  }
]