[
  {
    "Plan": {
      "Node Type": "Aggregate",
      "Strategy": "Plain",
      "Partial Mode": "Finalize",
      "Parallel Aware": false,
      "Startup Cost": 542382.28,
      "Total Cost": 542382.29,
      "Plan Rows": 1,
      "Plan Width": 8,
      "Actual Startup Time": 1071.213,
      "Actual Total Time": 1115.35,
      "Actual Rows": 1,
      "Actual Loops": 1,
      "Plans": [
        {
          "Node Type": "Gather",
          "Parent Relationship": "Outer",
          "Parallel Aware": false,
          "Startup Cost": 542381.76,
          "Total Cost": 542382.27,
          "Plan Rows": 5,
          "Plan Width": 8,
          "Actual Startup Time": 1055.78,
          "Actual Total Time": 1115.337,
          "Actual Rows": 6,
          "Actual Loops": 1,
          "Workers Planned": 5,
          "Workers Launched": 5,
          "Single Copy": false,
          "Plans": [
            {
              "Node Type": "Aggregate",
              "Strategy": "Plain",
              "Partial Mode": "Partial",
              "Parent Relationship": "Outer",
              "Parallel Aware": false,
              "Startup Cost": 541381.76,
              "Total Cost": 541381.77,
              "Plan Rows": 1,
              "Plan Width": 8,
              "Actual Startup Time": 1041.669,
              "Actual Total Time": 1041.759,
              "Actual Rows": 1,
              "Actual Loops": 6,
              "Plans": [
                {
                  "Node Type": "Hash Join",
                  "Parent Relationship": "Outer",
                  "Parallel Aware": true,
                  "Join Type": "Inner",
                  "Startup Cost": 338868.4,
                  "Total Cost": 540587.11,
                  "Plan Rows": 317861,
                  "Plan Width": 0,
                  "Actual Startup Time": 649.665,
                  "Actual Total Time": 1021.414,
                  "Actual Rows": 525920,
                  "Actual Loops": 6,
                  "Inner Unique": false,
                  "Hash Cond": "(mi.movie_id = t.id)",
                  "Plans": [
                    {
                      "Node Type": "Seq Scan",
                      "Parent Relationship": "Outer",
                      "Parallel Aware": true,
                      "Relation Name": "movie_info",
                      "Alias": "mi",
                      "Startup Cost": 0.0,
                      "Total Cost": 198952.16,
                      "Plan Rows": 596472,
                      "Plan Width": 4,
                      "Actual Startup Time": 66.546,
                      "Actual Total Time": 283.478,
                      "Actual Rows": 506120,
                      "Actual Loops": 6,
                      "Filter": "(info_type_id = 16)",
                      "Rows Removed by Filter": 1966500
                    },
                    {
                      "Node Type": "Hash",
                      "Parent Relationship": "Inner",
                      "Parallel Aware": true,
                      "Startup Cost": 336061.45,
                      "Total Cost": 336061.45,
                      "Plan Rows": 224556,
                      "Plan Width": 8,
                      "Actual Startup Time": 577.928,
                      "Actual Total Time": 578.016,
                      "Actual Rows": 230893,
                      "Actual Loops": 6,
                      "Hash Buckets": 2097152,
                      "Original Hash Buckets": 2097152,
                      "Hash Batches": 1,
                      "Original Hash Batches": 1,
                      "Peak Memory Usage": 70656,
                      "Plans": [
                        {
                          "Node Type": "Hash Join",
                          "Parent Relationship": "Outer",
                          "Parallel Aware": true,
                          "Join Type": "Inner",
                          "Startup Cost": 79978.05,
                          "Total Cost": 336061.45,
                          "Plan Rows": 224556,
                          "Plan Width": 8,
                          "Actual Startup Time": 319.951,
                          "Actual Total Time": 485.574,
                          "Actual Rows": 230893,
                          "Actual Loops": 6,
                          "Inner Unique": true,
                          "Hash Cond": "(ci.movie_id = t.id)",
                          "Plans": [
                            {
                              "Node Type": "Bitmap Heap Scan",
                              "Parent Relationship": "Outer",
                              "Parallel Aware": true,
                              "Relation Name": "cast_info",
                              "Alias": "ci",
                              "Startup Cost": 29758.4,
                              "Total Cost": 285252.35,
                              "Plan Rows": 224556,
                              "Plan Width": 4,
                              "Actual Startup Time": 58.879,
                              "Actual Total Time": 97.156,
                              "Actual Rows": 230893,
                              "Actual Loops": 6,
                              "Recheck Cond": "(person_id < 139001)",
                              "Rows Removed by Index Recheck": 0,
                              "Exact Heap Blocks": 2675,
                              "Lossy Heap Blocks": 0,
                              "Plans": [
                                {
                                  "Node Type": "Bitmap Index Scan",
                                  "Parent Relationship": "Outer",
                                  "Parallel Aware": false,
                                  "Index Name": "person_id_cast_info",
                                  "Startup Cost": 0.0,
                                  "Total Cost": 29421.57,
                                  "Plan Rows": 1347334,
                                  "Plan Width": 0,
                                  "Actual Startup Time": 56.4,
                                  "Actual Total Time": 56.4,
                                  "Actual Rows": 1385357,
                                  "Actual Loops": 1,
                                  "Index Cond": "(person_id < 139001)"
                                }
                              ]
                            },
                            {
                              "Node Type": "Hash",
                              "Parent Relationship": "Inner",
                              "Parallel Aware": true,
                              "Startup Cost": 42318.73,
                              "Total Cost": 42318.73,
                              "Plan Rows": 632073,
                              "Plan Width": 4,
                              "Actual Startup Time": 256.774,
                              "Actual Total Time": 256.775,
                              "Actual Rows": 421385,
                              "Actual Loops": 6,
                              "Hash Buckets": 4194304,
                              "Original Hash Buckets": 4194304,
                              "Hash Batches": 1,
                              "Original Hash Batches": 1,
                              "Peak Memory Usage": 131776,
                              "Plans": [
                                {
                                  "Node Type": "Seq Scan",
                                  "Parent Relationship": "Outer",
                                  "Parallel Aware": true,
                                  "Relation Name": "title",
                                  "Alias": "t",
                                  "Startup Cost": 0.0,
                                  "Total Cost": 42318.73,
                                  "Plan Rows": 632073,
                                  "Plan Width": 4,
                                  "Actual Startup Time": 0.047,
                                  "Actual Total Time": 74.516,
                                  "Actual Rows": 421385,
                                  "Actual Loops": 6
                                }
                              ]
                            }
                          ]
                        }
                      ]
                    }
                  ]
                }
              ]
            }
          ]
        }
      ]
    },
    "Planning Time": 1.3,
    "Triggers": [],
    "Execution Time": 1115.462
  }
]