[
  {
    "Plan": {
      "Node Type": "Aggregate",
      "Strategy": "Plain",
      "Partial Mode": "Finalize",
      "Parallel Aware": false,
      "Startup Cost": 86604.23,
      "Total Cost": 86604.24,
      "Plan Rows": 1,
      "Plan Width": 8,
      "Actual Startup Time": 44.726,
      "Actual Total Time": 49.539,
      "Actual Rows": 1,
      "Actual Loops": 1,
      "Plans": [
        {
          "Node Type": "Gather",
          "Parent Relationship": "Outer",
          "Parallel Aware": false,
          "Startup Cost": 86603.91,
          "Total Cost": 86604.22,
          "Plan Rows": 3,
          "Plan Width": 8,
          "Actual Startup Time": 44.515,
          "Actual Total Time": 49.531,
          "Actual Rows": 4,
          "Actual Loops": 1,
          "Workers Planned": 3,
          "Workers Launched": 3,
          "Single Copy": false,
          "Plans": [
            {
              "Node Type": "Aggregate",
              "Strategy": "Plain",
              "Partial Mode": "Partial",
              "Parent Relationship": "Outer",
              "Parallel Aware": false,
              "Startup Cost": 85603.91,
              "Total Cost": 85603.92,
              "Plan Rows": 1,
              "Plan Width": 8,
              "Actual Startup Time": 35.327,
              "Actual Total Time": 35.328,
              "Actual Rows": 1,
              "Actual Loops": 4,
              "Plans": [
                {
                  "Node Type": "Nested Loop",
                  "Parent Relationship": "Outer",
                  "Parallel Aware": false,
                  "Join Type": "Inner",
                  "Startup Cost": 334.17,
                  "Total Cost": 85603.75,
                  "Plan Rows": 63,
                  "Plan Width": 0,
                  "Actual Startup Time": 13.282,
                  "Actual Total Time": 35.32,
                  "Actual Rows": 2,
                  "Actual Loops": 4,
                  "Inner Unique": true,
                  "Plans": [
                    {
                      "Node Type": "Bitmap Heap Scan",
                      "Parent Relationship": "Outer",
                      "Parallel Aware": true,
                      "Relation Name": "movie_info",
                      "Alias": "mi",
                      "Startup Cost": 333.74,
                      "Total Cost": 52550.47,
                      "Plan Rows": 5882,
                      "Plan Width": 4,
                      "Actual Startup Time": 1.315,
                      "Actual Total Time": 2.557,
                      "Actual Rows": 3424,
                      "Actual Loops": 4,
                      "Recheck Cond": "(info_type_id = 97)",
                      "Rows Removed by Index Recheck": 0,
                      "Exact Heap Blocks": 102,
                      "Lossy Heap Blocks": 0,
                      "Plans": [
                        {
                          "Node Type": "Bitmap Index Scan",
                          "Parent Relationship": "Outer",
                          "Parallel Aware": false,
                          "Index Name": "info_type_id_movie_info",
                          "Startup Cost": 0.0,
                          "Total Cost": 329.18,
                          "Plan Rows": 18233,
                          "Plan Width": 0,
                          "Actual Startup Time": 4.731,
                          "Actual Total Time": 4.731,
                          "Actual Rows": 13698,
                          "Actual Loops": 1,
                          "Index Cond": "(info_type_id = 97)"
                        }
                      ]
                    },
                    {
                      "Node Type": "Index Scan",
                      "Parent Relationship": "Inner",
                      "Parallel Aware": false,
                      "Scan Direction": "Forward",
                      "Index Name": "title_pkey",
                      "Relation Name": "title",
                      "Alias": "t",
                      "Startup Cost": 0.43,
                      "Total Cost": 5.62,
                      "Plan Rows": 1,
                      "Plan Width": 4,
                      "Actual Startup Time": 0.009,
                      "Actual Total Time": 0.009,
                      "Actual Rows": 0,
                      "Actual Loops": 13698,
                      "Index Cond": "(id = mi.movie_id)",
                      "Rows Removed by Index Recheck": 0,
                      "Filter": "((kind_id < 7) AND (production_year > 2012))",
                      "Rows Removed by Filter": 1
                    }
                  ]
                }
              ]
            }
          ]
        }
      ]
    },
    "Planning Time": 0.646,
    "Triggers": [],
    "Execution Time": 49.65
  }
]