{
    "Plan": {
        "Node Type": "Aggregate",
        "Strategy": "Plain",
        "Partial Mode": "Finalize",
        "Parallel Aware": false,
        "Startup Cost": 307912.51,
        "Total Cost": 307912.52,
        "Plan Rows": 1,
        "Plan Width": 8,
        "Actual Startup Time": 1481.505,
        "Actual Total Time": 1533.438,
        "Actual Rows": 1,
        "Actual Loops": 1,
        "Output": [
            "count(*)"
        ],
        "Plans": [
            {
                "Node Type": "Gather",
                "Parent Relationship": "Outer",
                "Parallel Aware": false,
                "Startup Cost": 307911.99,
                "Total Cost": 307912.5,
                "Plan Rows": 5,
                "Plan Width": 8,
                "Actual Startup Time": 1456.13,
                "Actual Total Time": 1533.423,
                "Actual Rows": 6,
                "Actual Loops": 1,
                "Output": [
                    "(PARTIAL count(*))"
                ],
                "Workers Planned": 5,
                "Workers Launched": 5,
                "Single Copy": false,
                "Plans": [
                    {
                        "Node Type": "Aggregate",
                        "Strategy": "Plain",
                        "Partial Mode": "Partial",
                        "Parent Relationship": "Outer",
                        "Parallel Aware": false,
                        "Startup Cost": 306911.99,
                        "Total Cost": 306912.0,
                        "Plan Rows": 1,
                        "Plan Width": 8,
                        "Actual Startup Time": 1441.484,
                        "Actual Total Time": 1441.707,
                        "Actual Rows": 1,
                        "Actual Loops": 6,
                        "Output": [
                            "PARTIAL count(*)"
                        ],
                        "Workers": [
                            {
                                "Worker Number": 0,
                                "Actual Startup Time": 1438.491,
                                "Actual Total Time": 1438.495,
                                "Actual Rows": 1,
                                "Actual Loops": 1
                            },
                            {
                                "Worker Number": 1,
                                "Actual Startup Time": 1438.462,
                                "Actual Total Time": 1438.466,
                                "Actual Rows": 1,
                                "Actual Loops": 1
                            },
                            {
                                "Worker Number": 2,
                                "Actual Startup Time": 1438.61,
                                "Actual Total Time": 1438.616,
                                "Actual Rows": 1,
                                "Actual Loops": 1
                            },
                            {
                                "Worker Number": 3,
                                "Actual Startup Time": 1438.573,
                                "Actual Total Time": 1438.578,
                                "Actual Rows": 1,
                                "Actual Loops": 1
                            },
                            {
                                "Worker Number": 4,
                                "Actual Startup Time": 1439.621,
                                "Actual Total Time": 1439.627,
                                "Actual Rows": 1,
                                "Actual Loops": 1
                            }
                        ],
                        "Plans": [
                            {
                                "Node Type": "Hash Join",
                                "Parent Relationship": "Outer",
                                "Parallel Aware": true,
                                "Join Type": "Inner",
                                "Startup Cost": 86167.1,
                                "Total Cost": 301913.05,
                                "Plan Rows": 1999576,
                                "Plan Width": 0,
                                "Actual Startup Time": 468.077,
                                "Actual Total Time": 1377.436,
                                "Actual Rows": 1639284,
                                "Actual Loops": 6,
                                "Inner Unique": false,
                                "Hash Cond": "(mi.movie_id = t.id)",
                                "Workers": [
                                    {
                                        "Worker Number": 0,
                                        "Actual Startup Time": 465.643,
                                        "Actual Total Time": 1374.125,
                                        "Actual Rows": 1636968,
                                        "Actual Loops": 1
                                    },
                                    {
                                        "Worker Number": 1,
                                        "Actual Startup Time": 464.425,
                                        "Actual Total Time": 1374.315,
                                        "Actual Rows": 1630639,
                                        "Actual Loops": 1
                                    },
                                    {
                                        "Worker Number": 2,
                                        "Actual Startup Time": 465.758,
                                        "Actual Total Time": 1375.755,
                                        "Actual Rows": 1589422,
                                        "Actual Loops": 1
                                    },
                                    {
                                        "Worker Number": 3,
                                        "Actual Startup Time": 465.304,
                                        "Actual Total Time": 1373.915,
                                        "Actual Rows": 1644097,
                                        "Actual Loops": 1
                                    },
                                    {
                                        "Worker Number": 4,
                                        "Actual Startup Time": 464.986,
                                        "Actual Total Time": 1378.135,
                                        "Actual Rows": 1554178,
                                        "Actual Loops": 1
                                    }
                                ],
                                "Plans": [
                                    {
                                        "Node Type": "Seq Scan",
                                        "Parent Relationship": "Outer",
                                        "Parallel Aware": true,
                                        "Relation Name": "movie_info",
                                        "Schema": "public",
                                        "Alias": "mi",
                                        "Startup Cost": 0.0,
                                        "Total Cost": 198880.74,
                                        "Plan Rows": 2777326,
                                        "Plan Width": 4,
                                        "Actual Startup Time": 0.033,
                                        "Actual Total Time": 339.535,
                                        "Actual Rows": 2327249,
                                        "Actual Loops": 6,
                                        "Output": [
                                            "mi.id",
                                            "mi.movie_id",
                                            "mi.info_type_id",
                                            "mi.info",
                                            "mi.note"
                                        ],
                                        "Filter": "(mi.info_type_id < 98)",
                                        "Rows Removed by Filter": 145371,
                                        "Workers": [
                                            {
                                                "Worker Number": 0,
                                                "Actual Startup Time": 0.031,
                                                "Actual Total Time": 345.675,
                                                "Actual Rows": 2331564,
                                                "Actual Loops": 1
                                            },
                                            {
                                                "Worker Number": 1,
                                                "Actual Startup Time": 0.034,
                                                "Actual Total Time": 345.506,
                                                "Actual Rows": 2308967,
                                                "Actual Loops": 1
                                            },
                                            {
                                                "Worker Number": 2,
                                                "Actual Startup Time": 0.04,
                                                "Actual Total Time": 348.899,
                                                "Actual Rows": 2227347,
                                                "Actual Loops": 1
                                            },
                                            {
                                                "Worker Number": 3,
                                                "Actual Startup Time": 0.036,
                                                "Actual Total Time": 345.599,
                                                "Actual Rows": 2322191,
                                                "Actual Loops": 1
                                            },
                                            {
                                                "Worker Number": 4,
                                                "Actual Startup Time": 0.04,
                                                "Actual Total Time": 349.881,
                                                "Actual Rows": 2222795,
                                                "Actual Loops": 1
                                            }
                                        ]
                                    },
                                    {
                                        "Node Type": "Hash",
                                        "Parent Relationship": "Inner",
                                        "Parallel Aware": true,
                                        "Startup Cost": 78827.17,
                                        "Total Cost": 78827.17,
                                        "Plan Rows": 587194,
                                        "Plan Width": 8,
                                        "Actual Startup Time": 461.54,
                                        "Actual Total Time": 461.762,
                                        "Actual Rows": 184530,
                                        "Actual Loops": 6,
                                        "Output": [
                                            "t.id",
                                            "mc.movie_id"
                                        ],
                                        "Hash Buckets": 2097152,
                                        "Original Hash Buckets": 2097152,
                                        "Hash Batches": 1,
                                        "Original Hash Batches": 1,
                                        "Peak Memory Usage": 59808,
                                        "Workers": [
                                            {
                                                "Worker Number": 0,
                                                "Actual Startup Time": 463.64,
                                                "Actual Total Time": 463.643,
                                                "Actual Rows": 188145,
                                                "Actual Loops": 1
                                            },
                                            {
                                                "Worker Number": 1,
                                                "Actual Startup Time": 463.678,
                                                "Actual Total Time": 463.681,
                                                "Actual Rows": 187780,
                                                "Actual Loops": 1
                                            },
                                            {
                                                "Worker Number": 2,
                                                "Actual Startup Time": 463.628,
                                                "Actual Total Time": 463.632,
                                                "Actual Rows": 177311,
                                                "Actual Loops": 1
                                            },
                                            {
                                                "Worker Number": 3,
                                                "Actual Startup Time": 463.756,
                                                "Actual Total Time": 463.759,
                                                "Actual Rows": 188602,
                                                "Actual Loops": 1
                                            },
                                            {
                                                "Worker Number": 4,
                                                "Actual Startup Time": 463.647,
                                                "Actual Total Time": 463.65,
                                                "Actual Rows": 176159,
                                                "Actual Loops": 1
                                            }
                                        ],
                                        "Plans": [
                                            {
                                                "Node Type": "Hash Join",
                                                "Parent Relationship": "Outer",
                                                "Parallel Aware": true,
                                                "Join Type": "Inner",
                                                "Startup Cost": 49411.28,
                                                "Total Cost": 78827.17,
                                                "Plan Rows": 587194,
                                                "Plan Width": 8,
                                                "Actual Startup Time": 210.649,
                                                "Actual Total Time": 387.243,
                                                "Actual Rows": 184530,
                                                "Actual Loops": 6,
                                                "Output": [
                                                    "t.id",
                                                    "mc.movie_id"
                                                ],
                                                "Inner Unique": true,
                                                "Hash Cond": "(mc.movie_id = t.id)",
                                                "Workers": [
                                                    {
                                                        "Worker Number": 0,
                                                        "Actual Startup Time": 210.631,
                                                        "Actual Total Time": 386.628,
                                                        "Actual Rows": 188145,
                                                        "Actual Loops": 1
                                                    },
                                                    {
                                                        "Worker Number": 1,
                                                        "Actual Startup Time": 210.714,
                                                        "Actual Total Time": 386.613,
                                                        "Actual Rows": 187780,
                                                        "Actual Loops": 1
                                                    },
                                                    {
                                                        "Worker Number": 2,
                                                        "Actual Startup Time": 210.603,
                                                        "Actual Total Time": 387.046,
                                                        "Actual Rows": 177311,
                                                        "Actual Loops": 1
                                                    },
                                                    {
                                                        "Worker Number": 3,
                                                        "Actual Startup Time": 210.607,
                                                        "Actual Total Time": 386.814,
                                                        "Actual Rows": 188602,
                                                        "Actual Loops": 1
                                                    },
                                                    {
                                                        "Worker Number": 4,
                                                        "Actual Startup Time": 210.598,
                                                        "Actual Total Time": 387.149,
                                                        "Actual Rows": 176159,
                                                        "Actual Loops": 1
                                                    }
                                                ],
                                                "Plans": [
                                                    {
                                                        "Node Type": "Seq Scan",
                                                        "Parent Relationship": "Outer",
                                                        "Parallel Aware": true,
                                                        "Relation Name": "movie_companies",
                                                        "Schema": "public",
                                                        "Alias": "mc",
                                                        "Startup Cost": 0.0,
                                                        "Total Cost": 27206.55,
                                                        "Plan Rows": 841655,
                                                        "Plan Width": 4,
                                                        "Actual Startup Time": 0.021,
                                                        "Actual Total Time": 41.443,
                                                        "Actual Rows": 434855,
                                                        "Actual Loops": 6,
                                                        "Output": [
                                                            "mc.id",
                                                            "mc.movie_id",
                                                            "mc.company_id",
                                                            "mc.company_type_id",
                                                            "mc.note"
                                                        ],
                                                        "Workers": [
                                                            {
                                                                "Worker Number": 0,
                                                                "Actual Startup Time": 0.02,
                                                                "Actual Total Time": 42.991,
                                                                "Actual Rows": 445772,
                                                                "Actual Loops": 1
                                                            },
                                                            {
                                                                "Worker Number": 1,
                                                                "Actual Startup Time": 0.029,
                                                                "Actual Total Time": 42.632,
                                                                "Actual Rows": 441240,
                                                                "Actual Loops": 1
                                                            },
                                                            {
                                                                "Worker Number": 2,
                                                                "Actual Startup Time": 0.023,
                                                                "Actual Total Time": 42.814,
                                                                "Actual Rows": 417075,
                                                                "Actual Loops": 1
                                                            },
                                                            {
                                                                "Worker Number": 3,
                                                                "Actual Startup Time": 0.021,
                                                                "Actual Total Time": 42.624,
                                                                "Actual Rows": 442253,
                                                                "Actual Loops": 1
                                                            },
                                                            {
                                                                "Worker Number": 4,
                                                                "Actual Startup Time": 0.023,
                                                                "Actual Total Time": 42.59,
                                                                "Actual Rows": 414078,
                                                                "Actual Loops": 1
                                                            }
                                                        ]
                                                    },
                                                    {
                                                        "Node Type": "Hash",
                                                        "Parent Relationship": "Inner",
                                                        "Parallel Aware": true,
                                                        "Startup Cost": 43899.01,
                                                        "Total Cost": 43899.01,
                                                        "Plan Rows": 440982,
                                                        "Plan Width": 4,
                                                        "Actual Startup Time": 208.114,
                                                        "Actual Total Time": 208.115,
                                                        "Actual Rows": 295772,
                                                        "Actual Loops": 6,
                                                        "Output": [
                                                            "t.id"
                                                        ],
                                                        "Hash Buckets": 2097152,
                                                        "Original Hash Buckets": 2097152,
                                                        "Hash Batches": 1,
                                                        "Original Hash Batches": 1,
                                                        "Peak Memory Usage": 85888,
                                                        "Workers": [
                                                            {
                                                                "Worker Number": 0,
                                                                "Actual Startup Time": 210.499,
                                                                "Actual Total Time": 210.5,
                                                                "Actual Rows": 282865,
                                                                "Actual Loops": 1
                                                            },
                                                            {
                                                                "Worker Number": 1,
                                                                "Actual Startup Time": 210.471,
                                                                "Actual Total Time": 210.472,
                                                                "Actual Rows": 280928,
                                                                "Actual Loops": 1
                                                            },
                                                            {
                                                                "Worker Number": 2,
                                                                "Actual Startup Time": 210.489,
                                                                "Actual Total Time": 210.49,
                                                                "Actual Rows": 276858,
                                                                "Actual Loops": 1
                                                            },
                                                            {
                                                                "Worker Number": 3,
                                                                "Actual Startup Time": 210.502,
                                                                "Actual Total Time": 210.503,
                                                                "Actual Rows": 283429,
                                                                "Actual Loops": 1
                                                            },
                                                            {
                                                                "Worker Number": 4,
                                                                "Actual Startup Time": 210.484,
                                                                "Actual Total Time": 210.485,
                                                                "Actual Rows": 267087,
                                                                "Actual Loops": 1
                                                            }
                                                        ],
                                                        "Plans": [
                                                            {
                                                                "Node Type": "Seq Scan",
                                                                "Parent Relationship": "Outer",
                                                                "Parallel Aware": true,
                                                                "Relation Name": "title",
                                                                "Schema": "public",
                                                                "Alias": "t",
                                                                "Startup Cost": 0.0,
                                                                "Total Cost": 43899.01,
                                                                "Plan Rows": 440982,
                                                                "Plan Width": 4,
                                                                "Actual Startup Time": 0.063,
                                                                "Actual Total Time": 80.537,
                                                                "Actual Rows": 295772,
                                                                "Actual Loops": 6,
                                                                "Output": [
                                                                    "t.id"
                                                                ],
                                                                "Filter": "(t.kind_id > 2)",
                                                                "Rows Removed by Filter": 125613,
                                                                "Workers": [
                                                                    {
                                                                        "Worker Number": 0,
                                                                        "Actual Startup Time": 0.076,
                                                                        "Actual Total Time": 82.226,
                                                                        "Actual Rows": 282865,
                                                                        "Actual Loops": 1
                                                                    },
                                                                    {
                                                                        "Worker Number": 1,
                                                                        "Actual Startup Time": 0.074,
                                                                        "Actual Total Time": 81.849,
                                                                        "Actual Rows": 280928,
                                                                        "Actual Loops": 1
                                                                    },
                                                                    {
                                                                        "Worker Number": 2,
                                                                        "Actual Startup Time": 0.068,
                                                                        "Actual Total Time": 84.021,
                                                                        "Actual Rows": 276858,
                                                                        "Actual Loops": 1
                                                                    },
                                                                    {
                                                                        "Worker Number": 3,
                                                                        "Actual Startup Time": 0.074,
                                                                        "Actual Total Time": 81.495,
                                                                        "Actual Rows": 283429,
                                                                        "Actual Loops": 1
                                                                    },
                                                                    {
                                                                        "Worker Number": 4,
                                                                        "Actual Startup Time": 0.067,
                                                                        "Actual Total Time": 83.604,
                                                                        "Actual Rows": 267087,
                                                                        "Actual Loops": 1
                                                                    }
                                                                ]
                                                            }
                                                        ]
                                                    }
                                                ]
                                            }
                                        ]
                                    }
                                ]
                            }
                        ]
                    }
                ]
            }
        ]
    },
    "Planning Time": 1.634,
    "Triggers": [],
    "Execution Time": 1533.543
}