[
  {
    "Plan": {
      "Node Type": "Aggregate",
      "Strategy": "Plain",
      "Partial Mode": "Finalize",
      "Parallel Aware": false,
      "Startup Cost": 399132.91,
      "Total Cost": 399132.92,
      "Plan Rows": 1,
      "Plan Width": 8,
      "Actual Startup Time": 1113.633,
      "Actual Total Time": 1167.056,
      "Actual Rows": 1,
      "Actual Loops": 1,
      "Plans": [
        {
          "Node Type": "Gather",
          "Parent Relationship": "Outer",
          "Parallel Aware": false,
          "Startup Cost": 399132.29,
          "Total Cost": 399132.9,
          "Plan Rows": 6,
          "Plan Width": 8,
          "Actual Startup Time": 1112.291,
          "Actual Total Time": 1167.043,
          "Actual Rows": 7,
          "Actual Loops": 1,
          "Workers Planned": 6,
          "Workers Launched": 6,
          "Single Copy": false,
          "Plans": [
            {
              "Node Type": "Aggregate",
              "Strategy": "Plain",
              "Partial Mode": "Partial",
              "Parent Relationship": "Outer",
              "Parallel Aware": false,
              "Startup Cost": 398132.29,
              "Total Cost": 398132.3,
              "Plan Rows": 1,
              "Plan Width": 8,
              "Actual Startup Time": 1103.264,
              "Actual Total Time": 1103.267,
              "Actual Rows": 1,
              "Actual Loops": 7,
              "Plans": [
                {
                  "Node Type": "Hash Join",
                  "Parent Relationship": "Outer",
                  "Parallel Aware": true,
                  "Join Type": "Inner",
                  "Startup Cost": 45916.64,
                  "Total Cost": 397686.93,
                  "Plan Rows": 178143,
                  "Plan Width": 0,
                  "Actual Startup Time": 304.622,
                  "Actual Total Time": 1095.41,
                  "Actual Rows": 149024,
                  "Actual Loops": 7,
                  "Inner Unique": true,
                  "Hash Cond": "(ci.movie_id = t.id)",
                  "Plans": [
                    {
                      "Node Type": "Seq Scan",
                      "Parent Relationship": "Outer",
                      "Parallel Aware": true,
                      "Relation Name": "cast_info",
                      "Alias": "ci",
                      "Startup Cost": 0.0,
                      "Total Cost": 343316.27,
                      "Plan Rows": 3220577,
                      "Plan Width": 4,
                      "Actual Startup Time": 216.685,
                      "Actual Total Time": 683.934,
                      "Actual Rows": 2448942,
                      "Actual Loops": 7,
                      "Filter": "((person_id < 3012235) AND (role_id > 1))",
                      "Rows Removed by Filter": 2728822
                    },
                    {
                      "Node Type": "Hash",
                      "Parent Relationship": "Inner",
                      "Parallel Aware": true,
                      "Startup Cost": 45479.59,
                      "Total Cost": 45479.59,
                      "Plan Rows": 34964,
                      "Plan Width": 4,
                      "Actual Startup Time": 85.927,
                      "Actual Total Time": 85.928,
                      "Actual Rows": 21523,
                      "Actual Loops": 7,
                      "Hash Buckets": 262144,
                      "Original Hash Buckets": 262144,
                      "Hash Batches": 1,
                      "Original Hash Batches": 1,
                      "Peak Memory Usage": 8032,
                      "Plans": [
                        {
                          "Node Type": "Seq Scan",
                          "Parent Relationship": "Outer",
                          "Parallel Aware": true,
                          "Relation Name": "title",
                          "Alias": "t",
                          "Startup Cost": 0.0,
                          "Total Cost": 45479.59,
                          "Plan Rows": 34964,
                          "Plan Width": 4,
                          "Actual Startup Time": 0.046,
                          "Actual Total Time": 75.046,
                          "Actual Rows": 21523,
                          "Actual Loops": 7,
                          "Filter": "((production_year > 2011) AND (kind_id = 7))",
                          "Rows Removed by Filter": 339665
                        }
                      ]
                    }
                  ]
                }
              ]
            }
          ]
        }
      ]
    },
    "Planning Time": 0.597,
    "Triggers": [],
    "Execution Time": 1167.139
  }
]