{
  "Plan": {
    "Node Type": "Aggregate",
    "Strategy": "Plain",
    "Partial Mode": "Finalize",
    "Parallel Aware": false,
    "Startup Cost": 415665.97,
    "Total Cost": 415665.98,
    "Plan Rows": 1,
    "Plan Width": 8,
    "Actual Startup Time": 1973.626,
    "Actual Total Time": 1999.101,
    "Actual Rows": 1,
    "Actual Loops": 1,
    "Plans": [
      {
        "Node Type": "Gather",
        "Parent Relationship": "Outer",
        "Parallel Aware": false,
        "Startup Cost": 415665.86,
        "Total Cost": 415665.97,
        "Plan Rows": 1,
        "Plan Width": 8,
        "Actual Startup Time": 1936.92,
        "Actual Total Time": 1999.089,
        "Actual Rows": 2,
        "Actual Loops": 1,
        "Workers Planned": 1,
        "Workers Launched": 1,
        "Single Copy": false,
        "Plans": [
          {
            "Node Type": "Aggregate",
            "Strategy": "Plain",
            "Partial Mode": "Partial",
            "Parent Relationship": "Outer",
            "Parallel Aware": false,
            "Startup Cost": 414665.86,
            "Total Cost": 414665.87,
            "Plan Rows": 1,
            "Plan Width": 8,
            "Actual Startup Time": 1944.008,
            "Actual Total Time": 1944.011,
            "Actual Rows": 1,
            "Actual Loops": 2,
            "Plans": [
              {
                "Node Type": "Merge Join",
                "Parent Relationship": "Outer",
                "Parallel Aware": false,
                "Join Type": "Inner",
                "Startup Cost": 404069.18,
                "Total Cost": 414107.05,
                "Plan Rows": 223525,
                "Plan Width": 0,
                "Actual Startup Time": 1377.065,
                "Actual Total Time": 1916.691,
                "Actual Rows": 627964,
                "Actual Loops": 2,
                "Inner Unique": true,
                "Merge Cond": "(ci.movie_id = t.id)",
                "Plans": [
                  {
                    "Node Type": "Sort",
                    "Parent Relationship": "Outer",
                    "Parallel Aware": false,
                    "Startup Cost": 239016.27,
                    "Total Cost": 240441.32,
                    "Plan Rows": 570022,
                    "Plan Width": 4,
                    "Actual Startup Time": 927.617,
                    "Actual Total Time": 1109.22,
                    "Actual Rows": 1733802,
                    "Actual Loops": 2,
                    "Sort Key": [
                      "ci.movie_id"
                    ],
                    "Sort Method": "quicksort",
                    "Sort Space Used": 136909,
                    "Sort Space Type": "Memory",
                    "Workers": [
                      {
                        "Worker Number": 0,
                        "Sort Method": "quicksort",
                        "Sort Space Used": 123940,
                        "Sort Space Type": "Memory"
                      }
                    ],
                    "Plans": [
                      {
                        "Node Type": "Index Scan",
                        "Parent Relationship": "Outer",
                        "Parallel Aware": true,
                        "Scan Direction": "Forward",
                        "Index Name": "role_id_cast_info",
                        "Relation Name": "cast_info",
                        "Alias": "ci",
                        "Startup Cost": 0.56,
                        "Total Cost": 184520.29,
                        "Plan Rows": 570022,
                        "Plan Width": 4,
                        "Actual Startup Time": 0.106,
                        "Actual Total Time": 495.666,
                        "Actual Rows": 1733802,
                        "Actual Loops": 2,
                        "Index Cond": "(role_id > 8)",
                        "Rows Removed by Index Recheck": 0,
                        "Filter": "(person_id > 3050840)",
                        "Rows Removed by Filter": 1132546
                      }
                    ]
                  },
                  {
                    "Node Type": "Sort",
                    "Parent Relationship": "Inner",
                    "Parallel Aware": false,
                    "Startup Cost": 165052.85,
                    "Total Cost": 167531.42,
                    "Plan Rows": 991428,
                    "Plan Width": 4,
                    "Actual Startup Time": 449.422,
                    "Actual Total Time": 567.002,
                    "Actual Rows": 983684,
                    "Actual Loops": 2,
                    "Sort Key": [
                      "t.id"
                    ],
                    "Sort Method": "quicksort",
                    "Sort Space Used": 70751,
                    "Sort Space Type": "Memory",
                    "Workers": [
                      {
                        "Worker Number": 0,
                        "Sort Method": "quicksort",
                        "Sort Space Used": 70751,
                        "Sort Space Type": "Memory"
                      }
                    ],
                    "Plans": [
                      {
                        "Node Type": "Bitmap Heap Scan",
                        "Parent Relationship": "Outer",
                        "Parallel Aware": false,
                        "Relation Name": "title",
                        "Alias": "t",
                        "Startup Cost": 17920.0,
                        "Total Cost": 66310.85,
                        "Plan Rows": 991428,
                        "Plan Width": 4,
                        "Actual Startup Time": 41.656,
                        "Actual Total Time": 202.378,
                        "Actual Rows": 985048,
                        "Actual Loops": 2,
                        "Recheck Cond": "(kind_id < 7)",
                        "Rows Removed by Index Recheck": 0,
                        "Exact Heap Blocks": 35472,
                        "Lossy Heap Blocks": 0,
                        "Plans": [
                          {
                            "Node Type": "Bitmap Index Scan",
                            "Parent Relationship": "Outer",
                            "Parallel Aware": false,
                            "Index Name": "kind_id_title",
                            "Startup Cost": 0.0,
                            "Total Cost": 17672.14,
                            "Plan Rows": 991428,
                            "Plan Width": 0,
                            "Actual Startup Time": 36.846,
                            "Actual Total Time": 36.846,
                            "Actual Rows": 985048,
                            "Actual Loops": 2,
                            "Index Cond": "(kind_id < 7)"
                          }
                        ]
                      }
                    ]
                  }
                ]
              }
            ]
          }
        ]
      }
    ]
  },
  "Planning Time": 0.567,
  "Triggers": [],
  "Execution Time": 2024.297
}