[
  {
    "Plan": {
      "Node Type": "Aggregate",
      "Strategy": "Plain",
      "Partial Mode": "Finalize",
      "Parallel Aware": false,
      "Startup Cost": 46570.17,
      "Total Cost": 46570.18,
      "Plan Rows": 1,
      "Plan Width": 8,
      "Actual Startup Time": 167.759,
      "Actual Total Time": 177.0,
      "Actual Rows": 1,
      "Actual Loops": 1,
      "Plans": [
        {
          "Node Type": "Gather",
          "Parent Relationship": "Outer",
          "Parallel Aware": false,
          "Startup Cost": 46569.85,
          "Total Cost": 46570.16,
          "Plan Rows": 3,
          "Plan Width": 8,
          "Actual Startup Time": 167.626,
          "Actual Total Time": 176.99,
          "Actual Rows": 4,
          "Actual Loops": 1,
          "Workers Planned": 3,
          "Workers Launched": 3,
          "Single Copy": false,
          "Plans": [
            {
              "Node Type": "Aggregate",
              "Strategy": "Plain",
              "Partial Mode": "Partial",
              "Parent Relationship": "Outer",
              "Parallel Aware": false,
              "Startup Cost": 45569.85,
              "Total Cost": 45569.86,
              "Plan Rows": 1,
              "Plan Width": 8,
              "Actual Startup Time": 160.753,
              "Actual Total Time": 160.754,
              "Actual Rows": 1,
              "Actual Loops": 4,
              "Plans": [
                {
                  "Node Type": "Seq Scan",
                  "Parent Relationship": "Outer",
                  "Parallel Aware": true,
                  "Relation Name": "movie_keyword",
                  "Alias": "mk",
                  "Startup Cost": 0.0,
                  "Total Cost": 42695.65,
                  "Plan Rows": 1149680,
                  "Plan Width": 0,
                  "Actual Startup Time": 0.146,
                  "Actual Total Time": 121.503,
                  "Actual Rows": 889768,
                  "Actual Loops": 4,
                  "Filter": "(keyword_id > 905)",
                  "Rows Removed by Filter": 241214
                }
              ]
            }
          ]
        }
      ]
    },
    "Planning Time": 0.186,
    "Triggers": [],
    "Execution Time": 177.057
  }
]