[
  {
    "Plan": {
      "Node Type": "Aggregate",
      "Strategy": "Plain",
      "Partial Mode": "Finalize",
      "Parallel Aware": false,
      "Startup Cost": 46574.31,
      "Total Cost": 46574.32,
      "Plan Rows": 1,
      "Plan Width": 8,
      "Actual Startup Time": 167.197,
      "Actual Total Time": 176.776,
      "Actual Rows": 1,
      "Actual Loops": 1,
      "Plans": [
        {
          "Node Type": "Gather",
          "Parent Relationship": "Outer",
          "Parallel Aware": false,
          "Startup Cost": 46573.99,
          "Total Cost": 46574.3,
          "Plan Rows": 3,
          "Plan Width": 8,
          "Actual Startup Time": 167.067,
          "Actual Total Time": 176.767,
          "Actual Rows": 4,
          "Actual Loops": 1,
          "Workers Planned": 3,
          "Workers Launched": 3,
          "Single Copy": false,
          "Plans": [
            {
              "Node Type": "Aggregate",
              "Strategy": "Plain",
              "Partial Mode": "Partial",
              "Parent Relationship": "Outer",
              "Parallel Aware": false,
              "Startup Cost": 45573.99,
              "Total Cost": 45574.0,
              "Plan Rows": 1,
              "Plan Width": 8,
              "Actual Startup Time": 161.275,
              "Actual Total Time": 161.276,
              "Actual Rows": 1,
              "Actual Loops": 4,
              "Plans": [
                {
                  "Node Type": "Seq Scan",
                  "Parent Relationship": "Outer",
                  "Parallel Aware": true,
                  "Relation Name": "movie_keyword",
                  "Alias": "mk",
                  "Startup Cost": 0.0,
                  "Total Cost": 42695.65,
                  "Plan Rows": 1151336,
                  "Plan Width": 0,
                  "Actual Startup Time": 0.131,
                  "Actual Total Time": 121.511,
                  "Actual Rows": 891360,
                  "Actual Loops": 4,
                  "Filter": "(keyword_id > 896)",
                  "Rows Removed by Filter": 239623
                }
              ]
            }
          ]
        }
      ]
    },
    "Planning Time": 0.187,
    "Triggers": [],
    "Execution Time": 176.832
  }
]