[
  {
    "Plan": {
      "Node Type": "Aggregate",
      "Strategy": "Plain",
      "Partial Mode": "Finalize",
      "Parallel Aware": false,
      "Startup Cost": 47179.21,
      "Total Cost": 47179.22,
      "Plan Rows": 1,
      "Plan Width": 8,
      "Actual Startup Time": 199.936,
      "Actual Total Time": 206.913,
      "Actual Rows": 1,
      "Actual Loops": 1,
      "Plans": [
        {
          "Node Type": "Gather",
          "Parent Relationship": "Outer",
          "Parallel Aware": false,
          "Startup Cost": 47178.89,
          "Total Cost": 47179.2,
          "Plan Rows": 3,
          "Plan Width": 8,
          "Actual Startup Time": 199.833,
          "Actual Total Time": 206.904,
          "Actual Rows": 4,
          "Actual Loops": 1,
          "Workers Planned": 3,
          "Workers Launched": 3,
          "Single Copy": false,
          "Plans": [
            {
              "Node Type": "Aggregate",
              "Strategy": "Plain",
              "Partial Mode": "Partial",
              "Parent Relationship": "Outer",
              "Parallel Aware": false,
              "Startup Cost": 46178.89,
              "Total Cost": 46178.9,
              "Plan Rows": 1,
              "Plan Width": 8,
              "Actual Startup Time": 194.286,
              "Actual Total Time": 194.287,
              "Actual Rows": 1,
              "Actual Loops": 4,
              "Plans": [
                {
                  "Node Type": "Seq Scan",
                  "Parent Relationship": "Outer",
                  "Parallel Aware": true,
                  "Relation Name": "movie_keyword",
                  "Alias": "mk",
                  "Startup Cost": 0.0,
                  "Total Cost": 42695.65,
                  "Plan Rows": 1393296,
                  "Plan Width": 0,
                  "Actual Startup Time": 0.038,
                  "Actual Total Time": 137.486,
                  "Actual Rows": 1078915,
                  "Actual Loops": 4,
                  "Filter": "(keyword_id < 67010)",
                  "Rows Removed by Filter": 52068
                }
              ]
            }
          ]
        }
      ]
    },
    "Planning Time": 0.175,
    "Triggers": [],
    "Execution Time": 206.975
  }
]