[
  {
    "Plan": {
      "Node Type": "Aggregate",
      "Strategy": "Plain",
      "Partial Mode": "Finalize",
      "Parallel Aware": false,
      "Startup Cost": 31164.32,
      "Total Cost": 31164.33,
      "Plan Rows": 1,
      "Plan Width": 8,
      "Actual Startup Time": 90.662,
      "Actual Total Time": 98.285,
      "Actual Rows": 1,
      "Actual Loops": 1,
      "Plans": [
        {
          "Node Type": "Gather",
          "Parent Relationship": "Outer",
          "Parallel Aware": false,
          "Startup Cost": 31164.01,
          "Total Cost": 31164.32,
          "Plan Rows": 3,
          "Plan Width": 8,
          "Actual Startup Time": 90.513,
          "Actual Total Time": 98.277,
          "Actual Rows": 4,
          "Actual Loops": 1,
          "Workers Planned": 3,
          "Workers Launched": 3,
          "Single Copy": false,
          "Plans": [
            {
              "Node Type": "Aggregate",
              "Strategy": "Plain",
              "Partial Mode": "Partial",
              "Parent Relationship": "Outer",
              "Parallel Aware": false,
              "Startup Cost": 30164.01,
              "Total Cost": 30164.02,
              "Plan Rows": 1,
              "Plan Width": 8,
              "Actual Startup Time": 85.017,
              "Actual Total Time": 85.018,
              "Actual Rows": 1,
              "Actual Loops": 4,
              "Plans": [
                {
                  "Node Type": "Seq Scan",
                  "Parent Relationship": "Outer",
                  "Parallel Aware": true,
                  "Relation Name": "movie_companies",
                  "Alias": "mc",
                  "Startup Cost": 0.0,
                  "Total Cost": 29310.68,
                  "Plan Rows": 341330,
                  "Plan Width": 0,
                  "Actual Startup Time": 15.853,
                  "Actual Total Time": 73.56,
                  "Actual Rows": 262501,
                  "Actual Loops": 4,
                  "Filter": "(company_id > 14947)",
                  "Rows Removed by Filter": 389781
                }
              ]
            }
          ]
        }
      ]
    },
    "Planning Time": 0.212,
    "Triggers": [],
    "Execution Time": 98.335
  }
]