[
  {
    "Plan": {
      "Node Type": "Aggregate",
      "Strategy": "Plain",
      "Partial Mode": "Finalize",
      "Parallel Aware": false,
      "Startup Cost": 282669.45,
      "Total Cost": 282669.46,
      "Plan Rows": 1,
      "Plan Width": 8,
      "Actual Startup Time": 1282.618,
      "Actual Total Time": 1309.321,
      "Actual Rows": 1,
      "Actual Loops": 1,
      "Plans": [
        {
          "Node Type": "Gather",
          "Parent Relationship": "Outer",
          "Parallel Aware": false,
          "Startup Cost": 282669.13,
          "Total Cost": 282669.44,
          "Plan Rows": 3,
          "Plan Width": 8,
          "Actual Startup Time": 1276.658,
          "Actual Total Time": 1309.294,
          "Actual Rows": 4,
          "Actual Loops": 1,
          "Workers Planned": 3,
          "Workers Launched": 3,
          "Single Copy": false,
          "Plans": [
            {
              "Node Type": "Aggregate",
              "Strategy": "Plain",
              "Partial Mode": "Partial",
              "Parent Relationship": "Outer",
              "Parallel Aware": false,
              "Startup Cost": 281669.13,
              "Total Cost": 281669.14,
              "Plan Rows": 1,
              "Plan Width": 8,
              "Actual Startup Time": 1268.385,
              "Actual Total Time": 1268.652,
              "Actual Rows": 1,
              "Actual Loops": 4,
              "Plans": [
                {
                  "Node Type": "Hash Join",
                  "Parent Relationship": "Outer",
                  "Parallel Aware": true,
                  "Join Type": "Inner",
                  "Startup Cost": 235784.11,
                  "Total Cost": 280910.68,
                  "Plan Rows": 303378,
                  "Plan Width": 0,
                  "Actual Startup Time": 539.427,
                  "Actual Total Time": 1075.143,
                  "Actual Rows": 4061340,
                  "Actual Loops": 4,
                  "Inner Unique": false,
                  "Hash Cond": "(mk.movie_id = t.id)",
                  "Plans": [
                    {
                      "Node Type": "Seq Scan",
                      "Parent Relationship": "Outer",
                      "Parallel Aware": true,
                      "Relation Name": "movie_keyword",
                      "Alias": "mk",
                      "Startup Cost": 0.0,
                      "Total Cost": 39047.32,
                      "Plan Rows": 1459332,
                      "Plan Width": 4,
                      "Actual Startup Time": 0.041,
                      "Actual Total Time": 97.977,
                      "Actual Rows": 1130982,
                      "Actual Loops": 4
                    },
                    {
                      "Node Type": "Hash",
                      "Parent Relationship": "Inner",
                      "Parallel Aware": true,
                      "Startup Cost": 234470.09,
                      "Total Cost": 234470.09,
                      "Plan Rows": 105121,
                      "Plan Width": 8,
                      "Actual Startup Time": 534.586,
                      "Actual Total Time": 534.851,
                      "Actual Rows": 111221,
                      "Actual Loops": 4,
                      "Hash Buckets": 1048576,
                      "Original Hash Buckets": 1048576,
                      "Hash Batches": 1,
                      "Original Hash Batches": 1,
                      "Peak Memory Usage": 25664,
                      "Plans": [
                        {
                          "Node Type": "Hash Join",
                          "Parent Relationship": "Outer",
                          "Parallel Aware": true,
                          "Join Type": "Inner",
                          "Startup Cost": 68889.01,
                          "Total Cost": 234470.09,
                          "Plan Rows": 105121,
                          "Plan Width": 8,
                          "Actual Startup Time": 340.328,
                          "Actual Total Time": 493.234,
                          "Actual Rows": 111221,
                          "Actual Loops": 4,
                          "Inner Unique": true,
                          "Hash Cond": "(mi.movie_id = t.id)",
                          "Plans": [
                            {
                              "Node Type": "Bitmap Heap Scan",
                              "Parent Relationship": "Outer",
                              "Parallel Aware": true,
                              "Relation Name": "movie_info",
                              "Alias": "mi",
                              "Startup Cost": 21489.04,
                              "Total Cost": 186447.4,
                              "Plan Rows": 237229,
                              "Plan Width": 4,
                              "Actual Startup Time": 75.383,
                              "Actual Total Time": 165.19,
                              "Actual Rows": 285309,
                              "Actual Loops": 4,
                              "Recheck Cond": "(info_type_id > 54)",
                              "Rows Removed by Index Recheck": 0,
                              "Exact Heap Blocks": 9423,
                              "Lossy Heap Blocks": 0,
                              "Plans": [
                                {
                                  "Node Type": "Bitmap Index Scan",
                                  "Parent Relationship": "Outer",
                                  "Parallel Aware": false,
                                  "Index Name": "info_type_id_movie_info",
                                  "Startup Cost": 0.0,
                                  "Total Cost": 21192.51,
                                  "Plan Rows": 1186143,
                                  "Plan Width": 0,
                                  "Actual Startup Time": 66.379,
                                  "Actual Total Time": 66.38,
                                  "Actual Rows": 1141235,
                                  "Actual Loops": 1,
                                  "Index Cond": "(info_type_id > 54)"
                                }
                              ]
                            },
                            {
                              "Node Type": "Hash",
                              "Parent Relationship": "Inner",
                              "Parallel Aware": true,
                              "Startup Cost": 43898.92,
                              "Total Cost": 43898.92,
                              "Plan Rows": 280084,
                              "Plan Width": 4,
                              "Actual Startup Time": 238.89,
                              "Actual Total Time": 238.892,
                              "Actual Rows": 276981,
                              "Actual Loops": 4,
                              "Hash Buckets": 2097152,
                              "Original Hash Buckets": 2097152,
                              "Hash Batches": 1,
                              "Original Hash Batches": 1,
                              "Peak Memory Usage": 59808,
                              "Plans": [
                                {
                                  "Node Type": "Seq Scan",
                                  "Parent Relationship": "Outer",
                                  "Parallel Aware": true,
                                  "Relation Name": "title",
                                  "Alias": "t",
                                  "Startup Cost": 0.0,
                                  "Total Cost": 43898.92,
                                  "Plan Rows": 280084,
                                  "Plan Width": 4,
                                  "Actual Startup Time": 0.046,
                                  "Actual Total Time": 121.894,
                                  "Actual Rows": 276981,
                                  "Actual Loops": 4,
                                  "Filter": "(production_year > 2004)",
                                  "Rows Removed by Filter": 355097
                                }
                              ]
                            }
                          ]
                        }
                      ]
                    }
                  ]
                }
              ]
            }
          ]
        }
      ]
    },
    "Planning Time": 1.142,
    "Triggers": [],
    "Execution Time": 1309.427
  }
]