[
  {
    "Plan": {
      "Node Type": "Aggregate",
      "Strategy": "Plain",
      "Partial Mode": "Finalize",
      "Parallel Aware": false,
      "Startup Cost": 78372.1,
      "Total Cost": 78372.11,
      "Plan Rows": 1,
      "Plan Width": 8,
      "Actual Startup Time": 343.582,
      "Actual Total Time": 358.107,
      "Actual Rows": 1,
      "Actual Loops": 1,
      "Plans": [
        {
          "Node Type": "Gather",
          "Parent Relationship": "Outer",
          "Parallel Aware": false,
          "Startup Cost": 78371.79,
          "Total Cost": 78372.1,
          "Plan Rows": 3,
          "Plan Width": 8,
          "Actual Startup Time": 338.897,
          "Actual Total Time": 358.097,
          "Actual Rows": 4,
          "Actual Loops": 1,
          "Workers Planned": 3,
          "Workers Launched": 3,
          "Single Copy": false,
          "Plans": [
            {
              "Node Type": "Aggregate",
              "Strategy": "Plain",
              "Partial Mode": "Partial",
              "Parent Relationship": "Outer",
              "Parallel Aware": false,
              "Startup Cost": 77371.79,
              "Total Cost": 77371.8,
              "Plan Rows": 1,
              "Plan Width": 8,
              "Actual Startup Time": 330.513,
              "Actual Total Time": 330.515,
              "Actual Rows": 1,
              "Actual Loops": 4,
              "Plans": [
                {
                  "Node Type": "Hash Join",
                  "Parent Relationship": "Outer",
                  "Parallel Aware": true,
                  "Join Type": "Inner",
                  "Startup Cost": 46648.35,
                  "Total Cost": 77020.12,
                  "Plan Rows": 140665,
                  "Plan Width": 0,
                  "Actual Startup Time": 192.766,
                  "Actual Total Time": 325.015,
                  "Actual Rows": 140692,
                  "Actual Loops": 4,
                  "Inner Unique": true,
                  "Hash Cond": "(mc.movie_id = t.id)",
                  "Plans": [
                    {
                      "Node Type": "Seq Scan",
                      "Parent Relationship": "Outer",
                      "Parallel Aware": true,
                      "Relation Name": "movie_companies",
                      "Alias": "mc",
                      "Startup Cost": 0.0,
                      "Total Cost": 29310.68,
                      "Plan Rows": 404224,
                      "Plan Width": 4,
                      "Actual Startup Time": 8.657,
                      "Actual Total Time": 62.297,
                      "Actual Rows": 314902,
                      "Actual Loops": 4,
                      "Filter": "(company_id > 11586)",
                      "Rows Removed by Filter": 337381
                    },
                    {
                      "Node Type": "Hash",
                      "Parent Relationship": "Inner",
                      "Parallel Aware": true,
                      "Startup Cost": 43898.92,
                      "Total Cost": 43898.92,
                      "Plan Rows": 219955,
                      "Plan Width": 4,
                      "Actual Startup Time": 178.972,
                      "Actual Total Time": 178.972,
                      "Actual Rows": 221412,
                      "Actual Loops": 4,
                      "Hash Buckets": 1048576,
                      "Original Hash Buckets": 1048576,
                      "Hash Batches": 1,
                      "Original Hash Batches": 1,
                      "Peak Memory Usage": 42912,
                      "Plans": [
                        {
                          "Node Type": "Seq Scan",
                          "Parent Relationship": "Outer",
                          "Parallel Aware": true,
                          "Relation Name": "title",
                          "Alias": "t",
                          "Startup Cost": 0.0,
                          "Total Cost": 43898.92,
                          "Plan Rows": 219955,
                          "Plan Width": 4,
                          "Actual Startup Time": 0.035,
                          "Actual Total Time": 101.47,
                          "Actual Rows": 221412,
                          "Actual Loops": 4,
                          "Filter": "(production_year < 1997)",
                          "Rows Removed by Filter": 410666
                        }
                      ]
                    }
                  ]
                }
              ]
            }
          ]
        }
      ]
    },
    "Planning Time": 0.505,
    "Triggers": [],
    "Execution Time": 358.164
  }
]