{
    "Plan": {
        "Node Type": "Aggregate",
        "Strategy": "Plain",
        "Partial Mode": "Finalize",
        "Parallel Aware": false,
        "Startup Cost": 317187.83,
        "Total Cost": 317187.84,
        "Plan Rows": 1,
        "Plan Width": 8,
        "Actual Startup Time": 255.193,
        "Actual Total Time": 298.502,
        "Actual Rows": 1,
        "Actual Loops": 1,
        "Output": [
            "count(*)"
        ],
        "Plans": [
            {
                "Node Type": "Gather",
                "Parent Relationship": "Outer",
                "Parallel Aware": false,
                "Startup Cost": 317187.41,
                "Total Cost": 317187.82,
                "Plan Rows": 4,
                "Plan Width": 8,
                "Actual Startup Time": 255.015,
                "Actual Total Time": 298.492,
                "Actual Rows": 5,
                "Actual Loops": 1,
                "Output": [
                    "(PARTIAL count(*))"
                ],
                "Workers Planned": 4,
                "Workers Launched": 4,
                "Single Copy": false,
                "Plans": [
                    {
                        "Node Type": "Aggregate",
                        "Strategy": "Plain",
                        "Partial Mode": "Partial",
                        "Parent Relationship": "Outer",
                        "Parallel Aware": false,
                        "Startup Cost": 316187.41,
                        "Total Cost": 316187.42,
                        "Plan Rows": 1,
                        "Plan Width": 8,
                        "Actual Startup Time": 244.918,
                        "Actual Total Time": 244.92,
                        "Actual Rows": 1,
                        "Actual Loops": 5,
                        "Output": [
                            "PARTIAL count(*)"
                        ],
                        "Workers": [
                            {
                                "Worker Number": 0,
                                "Actual Startup Time": 242.251,
                                "Actual Total Time": 242.252,
                                "Actual Rows": 1,
                                "Actual Loops": 1
                            },
                            {
                                "Worker Number": 1,
                                "Actual Startup Time": 242.115,
                                "Actual Total Time": 242.117,
                                "Actual Rows": 1,
                                "Actual Loops": 1
                            },
                            {
                                "Worker Number": 2,
                                "Actual Startup Time": 242.704,
                                "Actual Total Time": 242.705,
                                "Actual Rows": 1,
                                "Actual Loops": 1
                            },
                            {
                                "Worker Number": 3,
                                "Actual Startup Time": 243.24,
                                "Actual Total Time": 243.241,
                                "Actual Rows": 1,
                                "Actual Loops": 1
                            }
                        ],
                        "Plans": [
                            {
                                "Node Type": "Nested Loop",
                                "Parent Relationship": "Outer",
                                "Parallel Aware": false,
                                "Join Type": "Inner",
                                "Startup Cost": 0.56,
                                "Total Cost": 316058.27,
                                "Plan Rows": 51659,
                                "Plan Width": 0,
                                "Actual Startup Time": 0.431,
                                "Actual Total Time": 240.632,
                                "Actual Rows": 42346,
                                "Actual Loops": 5,
                                "Inner Unique": false,
                                "Workers": [
                                    {
                                        "Worker Number": 0,
                                        "Actual Startup Time": 0.536,
                                        "Actual Total Time": 238.263,
                                        "Actual Rows": 35440,
                                        "Actual Loops": 1
                                    },
                                    {
                                        "Worker Number": 1,
                                        "Actual Startup Time": 0.612,
                                        "Actual Total Time": 238.137,
                                        "Actual Rows": 34884,
                                        "Actual Loops": 1
                                    },
                                    {
                                        "Worker Number": 2,
                                        "Actual Startup Time": 0.389,
                                        "Actual Total Time": 238.628,
                                        "Actual Rows": 35240,
                                        "Actual Loops": 1
                                    },
                                    {
                                        "Worker Number": 3,
                                        "Actual Startup Time": 0.426,
                                        "Actual Total Time": 239.23,
                                        "Actual Rows": 35075,
                                        "Actual Loops": 1
                                    }
                                ],
                                "Plans": [
                                    {
                                        "Node Type": "Seq Scan",
                                        "Parent Relationship": "Outer",
                                        "Parallel Aware": true,
                                        "Relation Name": "title",
                                        "Schema": "public",
                                        "Alias": "t",
                                        "Startup Cost": 0.0,
                                        "Total Cost": 43899.01,
                                        "Plan Rows": 3603,
                                        "Plan Width": 4,
                                        "Actual Startup Time": 0.2,
                                        "Actual Total Time": 72.976,
                                        "Actual Rows": 2886,
                                        "Actual Loops": 5,
                                        "Output": [
                                            "t.id",
                                            "t.title",
                                            "t.imdb_index",
                                            "t.kind_id",
                                            "t.production_year",
                                            "t.imdb_id",
                                            "t.phonetic_code",
                                            "t.episode_of_id",
                                            "t.season_nr",
                                            "t.episode_nr",
                                            "t.series_years",
                                            "t.md5sum"
                                        ],
                                        "Filter": "(t.production_year = 1978)",
                                        "Rows Removed by Filter": 502777,
                                        "Workers": [
                                            {
                                                "Worker Number": 0,
                                                "Actual Startup Time": 0.235,
                                                "Actual Total Time": 63.584,
                                                "Actual Rows": 2441,
                                                "Actual Loops": 1
                                            },
                                            {
                                                "Worker Number": 1,
                                                "Actual Startup Time": 0.329,
                                                "Actual Total Time": 63.066,
                                                "Actual Rows": 2371,
                                                "Actual Loops": 1
                                            },
                                            {
                                                "Worker Number": 2,
                                                "Actual Startup Time": 0.093,
                                                "Actual Total Time": 58.929,
                                                "Actual Rows": 2332,
                                                "Actual Loops": 1
                                            },
                                            {
                                                "Worker Number": 3,
                                                "Actual Startup Time": 0.187,
                                                "Actual Total Time": 64.472,
                                                "Actual Rows": 2429,
                                                "Actual Loops": 1
                                            }
                                        ]
                                    },
                                    {
                                        "Node Type": "Index Only Scan",
                                        "Parent Relationship": "Inner",
                                        "Parallel Aware": false,
                                        "Scan Direction": "Forward",
                                        "Index Name": "movie_id_cast_info",
                                        "Relation Name": "cast_info",
                                        "Schema": "public",
                                        "Alias": "ci",
                                        "Startup Cost": 0.56,
                                        "Total Cost": 75.16,
                                        "Plan Rows": 38,
                                        "Plan Width": 4,
                                        "Actual Startup Time": 0.011,
                                        "Actual Total Time": 0.056,
                                        "Actual Rows": 15,
                                        "Actual Loops": 14428,
                                        "Output": [
                                            "ci.movie_id"
                                        ],
                                        "Index Cond": "(ci.movie_id = t.id)",
                                        "Rows Removed by Index Recheck": 0,
                                        "Heap Fetches": 211729,
                                        "Workers": [
                                            {
                                                "Worker Number": 0,
                                                "Actual Startup Time": 0.014,
                                                "Actual Total Time": 0.069,
                                                "Actual Rows": 15,
                                                "Actual Loops": 2441
                                            },
                                            {
                                                "Worker Number": 1,
                                                "Actual Startup Time": 0.014,
                                                "Actual Total Time": 0.072,
                                                "Actual Rows": 15,
                                                "Actual Loops": 2371
                                            },
                                            {
                                                "Worker Number": 2,
                                                "Actual Startup Time": 0.014,
                                                "Actual Total Time": 0.075,
                                                "Actual Rows": 15,
                                                "Actual Loops": 2332
                                            },
                                            {
                                                "Worker Number": 3,
                                                "Actual Startup Time": 0.014,
                                                "Actual Total Time": 0.07,
                                                "Actual Rows": 14,
                                                "Actual Loops": 2429
                                            }
                                        ]
                                    }
                                ]
                            }
                        ]
                    }
                ]
            }
        ]
    },
    "Planning Time": 0.73,
    "Triggers": [],
    "Execution Time": 298.589
}