{
  "Plan": {
    "Node Type": "Aggregate",
    "Strategy": "Plain",
    "Partial Mode": "Finalize",
    "Parallel Aware": false,
    "Startup Cost": 295068.2,
    "Total Cost": 295068.21,
    "Plan Rows": 1,
    "Plan Width": 8,
    "Actual Startup Time": 3613.034,
    "Actual Total Time": 3637.715,
    "Actual Rows": 1,
    "Actual Loops": 1,
    "Plans": [
      {
        "Node Type": "Gather",
        "Parent Relationship": "Outer",
        "Parallel Aware": false,
        "Startup Cost": 295068.08,
        "Total Cost": 295068.19,
        "Plan Rows": 1,
        "Plan Width": 8,
        "Actual Startup Time": 3611.795,
        "Actual Total Time": 3637.707,
        "Actual Rows": 2,
        "Actual Loops": 1,
        "Workers Planned": 1,
        "Workers Launched": 1,
        "Single Copy": false,
        "Plans": [
          {
            "Node Type": "Aggregate",
            "Strategy": "Plain",
            "Partial Mode": "Partial",
            "Parent Relationship": "Outer",
            "Parallel Aware": false,
            "Startup Cost": 294068.08,
            "Total Cost": 294068.09,
            "Plan Rows": 1,
            "Plan Width": 8,
            "Actual Startup Time": 3605.787,
            "Actual Total Time": 3605.791,
            "Actual Rows": 1,
            "Actual Loops": 2,
            "Plans": [
              {
                "Node Type": "Nested Loop",
                "Parent Relationship": "Outer",
                "Parallel Aware": false,
                "Join Type": "Inner",
                "Startup Cost": 60326.87,
                "Total Cost": 293322.1,
                "Plan Rows": 298395,
                "Plan Width": 0,
                "Actual Startup Time": 194.948,
                "Actual Total Time": 3341.851,
                "Actual Rows": 5949975,
                "Actual Loops": 2,
                "Inner Unique": false,
                "Join Filter": "(t.id = mc.movie_id)",
                "Rows Removed by Join Filter": 0,
                "Plans": [
                  {
                    "Node Type": "Hash Join",
                    "Parent Relationship": "Outer",
                    "Parallel Aware": true,
                    "Join Type": "Inner",
                    "Startup Cost": 60326.44,
                    "Total Cost": 118377.29,
                    "Plan Rows": 289150,
                    "Plan Width": 8,
                    "Actual Startup Time": 194.892,
                    "Actual Total Time": 636.141,
                    "Actual Rows": 800328,
                    "Actual Loops": 2,
                    "Inner Unique": true,
                    "Hash Cond": "(mk.movie_id = t.id)",
                    "Plans": [
                      {
                        "Node Type": "Seq Scan",
                        "Parent Relationship": "Outer",
                        "Parallel Aware": true,
                        "Relation Name": "movie_keyword",
                        "Alias": "mk",
                        "Startup Cost": 0.0,
                        "Total Cost": 51065.35,
                        "Plan Rows": 2661135,
                        "Plan Width": 4,
                        "Actual Startup Time": 0.011,
                        "Actual Total Time": 159.25,
                        "Actual Rows": 2261965,
                        "Actual Loops": 2
                      },
                      {
                        "Node Type": "Hash",
                        "Parent Relationship": "Inner",
                        "Parallel Aware": true,
                        "Startup Cost": 58306.47,
                        "Total Cost": 58306.47,
                        "Plan Rows": 161598,
                        "Plan Width": 4,
                        "Actual Startup Time": 189.142,
                        "Actual Total Time": 189.143,
                        "Actual Rows": 196010,
                        "Actual Loops": 2,
                        "Hash Buckets": 524288,
                        "Original Hash Buckets": 524288,
                        "Hash Batches": 1,
                        "Original Hash Batches": 1,
                        "Peak Memory Usage": 19456,
                        "Plans": [
                          {
                            "Node Type": "Seq Scan",
                            "Parent Relationship": "Outer",
                            "Parallel Aware": true,
                            "Relation Name": "title",
                            "Alias": "t",
                            "Startup Cost": 0.0,
                            "Total Cost": 58306.47,
                            "Plan Rows": 161598,
                            "Plan Width": 4,
                            "Actual Startup Time": 0.096,
                            "Actual Total Time": 146.183,
                            "Actual Rows": 196010,
                            "Actual Loops": 2,
                            "Filter": "((kind_id < 7) AND (production_year < 1991))",
                            "Rows Removed by Filter": 1068146
                          }
                        ]
                      }
                    ]
                  },
                  {
                    "Node Type": "Index Only Scan",
                    "Parent Relationship": "Inner",
                    "Parallel Aware": false,
                    "Scan Direction": "Forward",
                    "Index Name": "movie_id_movie_companies",
                    "Relation Name": "movie_companies",
                    "Alias": "mc",
                    "Startup Cost": 0.43,
                    "Total Cost": 0.54,
                    "Plan Rows": 5,
                    "Plan Width": 4,
                    "Actual Startup Time": 0.001,
                    "Actual Total Time": 0.003,
                    "Actual Rows": 7,
                    "Actual Loops": 1600655,
                    "Index Cond": "(movie_id = mk.movie_id)",
                    "Rows Removed by Index Recheck": 0,
                    "Heap Fetches": 11899950
                  }
                ]
              }
            ]
          }
        ]
      }
    ]
  },
  "Planning Time": 1.156,
  "Triggers": [],
  "Execution Time": 3637.799
}