[
  {
    "Plan": {
      "Node Type": "Aggregate",
      "Strategy": "Plain",
      "Partial Mode": "Finalize",
      "Parallel Aware": false,
      "Startup Cost": 326020.87,
      "Total Cost": 326020.88,
      "Plan Rows": 1,
      "Plan Width": 8,
      "Actual Startup Time": 354.915,
      "Actual Total Time": 370.137,
      "Actual Rows": 1,
      "Actual Loops": 1,
      "Plans": [
        {
          "Node Type": "Gather",
          "Parent Relationship": "Outer",
          "Parallel Aware": false,
          "Startup Cost": 326020.25,
          "Total Cost": 326020.86,
          "Plan Rows": 6,
          "Plan Width": 8,
          "Actual Startup Time": 346.124,
          "Actual Total Time": 370.126,
          "Actual Rows": 7,
          "Actual Loops": 1,
          "Workers Planned": 6,
          "Workers Launched": 6,
          "Single Copy": false,
          "Plans": [
            {
              "Node Type": "Aggregate",
              "Strategy": "Plain",
              "Partial Mode": "Partial",
              "Parent Relationship": "Outer",
              "Parallel Aware": false,
              "Startup Cost": 325020.25,
              "Total Cost": 325020.26,
              "Plan Rows": 1,
              "Plan Width": 8,
              "Actual Startup Time": 329.625,
              "Actual Total Time": 329.629,
              "Actual Rows": 1,
              "Actual Loops": 7,
              "Plans": [
                {
                  "Node Type": "Hash Join",
                  "Parent Relationship": "Outer",
                  "Parallel Aware": true,
                  "Join Type": "Inner",
                  "Startup Cost": 69407.47,
                  "Total Cost": 324850.95,
                  "Plan Rows": 67720,
                  "Plan Width": 0,
                  "Actual Startup Time": 229.536,
                  "Actual Total Time": 325.794,
                  "Actual Rows": 68483,
                  "Actual Loops": 7,
                  "Inner Unique": true,
                  "Hash Cond": "(ci.movie_id = t.id)",
                  "Plans": [
                    {
                      "Node Type": "Bitmap Heap Scan",
                      "Parent Relationship": "Outer",
                      "Parallel Aware": true,
                      "Relation Name": "cast_info",
                      "Alias": "ci",
                      "Startup Cost": 21333.1,
                      "Total Cost": 276440.21,
                      "Plan Rows": 128142,
                      "Plan Width": 4,
                      "Actual Startup Time": 43.058,
                      "Actual Total Time": 78.996,
                      "Actual Rows": 124296,
                      "Actual Loops": 7,
                      "Recheck Cond": "(person_id < 99775)",
                      "Rows Removed by Index Recheck": 0,
                      "Filter": "(role_id < 8)",
                      "Rows Removed by Filter": 13647,
                      "Exact Heap Blocks": 2131,
                      "Lossy Heap Blocks": 0,
                      "Plans": [
                        {
                          "Node Type": "Bitmap Index Scan",
                          "Parent Relationship": "Outer",
                          "Parallel Aware": false,
                          "Index Name": "person_id_cast_info",
                          "Startup Cost": 0.0,
                          "Total Cost": 21140.89,
                          "Plan Rows": 968043,
                          "Plan Width": 0,
                          "Actual Startup Time": 41.382,
                          "Actual Total Time": 41.383,
                          "Actual Rows": 965597,
                          "Actual Loops": 1,
                          "Index Cond": "(person_id < 99775)"
                        }
                      ]
                    },
                    {
                      "Node Type": "Hash",
                      "Parent Relationship": "Inner",
                      "Parallel Aware": true,
                      "Startup Cost": 43898.92,
                      "Total Cost": 43898.92,
                      "Plan Rows": 334036,
                      "Plan Width": 4,
                      "Actual Startup Time": 181.661,
                      "Actual Total Time": 181.662,
                      "Actual Rows": 192613,
                      "Actual Loops": 7,
                      "Hash Buckets": 2097152,
                      "Original Hash Buckets": 2097152,
                      "Hash Batches": 1,
                      "Original Hash Batches": 1,
                      "Peak Memory Usage": 69216,
                      "Plans": [
                        {
                          "Node Type": "Seq Scan",
                          "Parent Relationship": "Outer",
                          "Parallel Aware": true,
                          "Relation Name": "title",
                          "Alias": "t",
                          "Startup Cost": 0.0,
                          "Total Cost": 43898.92,
                          "Plan Rows": 334036,
                          "Plan Width": 4,
                          "Actual Startup Time": 0.044,
                          "Actual Total Time": 82.582,
                          "Actual Rows": 192613,
                          "Actual Loops": 7,
                          "Filter": "(production_year < 2005)",
                          "Rows Removed by Filter": 168574
                        }
                      ]
                    }
                  ]
                }
              ]
            }
          ]
        }
      ]
    },
    "Planning Time": 0.613,
    "Triggers": [],
    "Execution Time": 370.227
  }
]