[
  {
    "Plan": {
      "Node Type": "Aggregate",
      "Strategy": "Plain",
      "Partial Mode": "Finalize",
      "Parallel Aware": false,
      "Startup Cost": 93099.73,
      "Total Cost": 93099.74,
      "Plan Rows": 1,
      "Plan Width": 8,
      "Actual Startup Time": 316.773,
      "Actual Total Time": 333.112,
      "Actual Rows": 1,
      "Actual Loops": 1,
      "Plans": [
        {
          "Node Type": "Gather",
          "Parent Relationship": "Outer",
          "Parallel Aware": false,
          "Startup Cost": 93099.41,
          "Total Cost": 93099.72,
          "Plan Rows": 3,
          "Plan Width": 8,
          "Actual Startup Time": 315.694,
          "Actual Total Time": 333.103,
          "Actual Rows": 4,
          "Actual Loops": 1,
          "Workers Planned": 3,
          "Workers Launched": 3,
          "Single Copy": false,
          "Plans": [
            {
              "Node Type": "Aggregate",
              "Strategy": "Plain",
              "Partial Mode": "Partial",
              "Parent Relationship": "Outer",
              "Parallel Aware": false,
              "Startup Cost": 92099.41,
              "Total Cost": 92099.42,
              "Plan Rows": 1,
              "Plan Width": 8,
              "Actual Startup Time": 310.314,
              "Actual Total Time": 310.318,
              "Actual Rows": 1,
              "Actual Loops": 4,
              "Plans": [
                {
                  "Node Type": "Hash Join",
                  "Parent Relationship": "Outer",
                  "Parallel Aware": true,
                  "Join Type": "Inner",
                  "Startup Cost": 46215.99,
                  "Total Cost": 91839.53,
                  "Plan Rows": 103953,
                  "Plan Width": 0,
                  "Actual Startup Time": 151.878,
                  "Actual Total Time": 305.092,
                  "Actual Rows": 115346,
                  "Actual Loops": 4,
                  "Inner Unique": true,
                  "Hash Cond": "(mk.movie_id = t.id)",
                  "Plans": [
                    {
                      "Node Type": "Seq Scan",
                      "Parent Relationship": "Outer",
                      "Parallel Aware": true,
                      "Relation Name": "movie_keyword",
                      "Alias": "mk",
                      "Startup Cost": 0.0,
                      "Total Cost": 42695.65,
                      "Plan Rows": 1115387,
                      "Plan Width": 4,
                      "Actual Startup Time": 0.071,
                      "Actual Total Time": 113.486,
                      "Actual Rows": 862630,
                      "Actual Loops": 4,
                      "Filter": "(keyword_id > 1077)",
                      "Rows Removed by Filter": 268352
                    },
                    {
                      "Node Type": "Hash",
                      "Parent Relationship": "Inner",
                      "Parallel Aware": true,
                      "Startup Cost": 45479.59,
                      "Total Cost": 45479.59,
                      "Plan Rows": 58912,
                      "Plan Width": 4,
                      "Actual Startup Time": 115.387,
                      "Actual Total Time": 115.388,
                      "Actual Rows": 50041,
                      "Actual Loops": 4,
                      "Hash Buckets": 262144,
                      "Original Hash Buckets": 262144,
                      "Hash Batches": 1,
                      "Original Hash Batches": 1,
                      "Peak Memory Usage": 9952,
                      "Plans": [
                        {
                          "Node Type": "Seq Scan",
                          "Parent Relationship": "Outer",
                          "Parallel Aware": true,
                          "Relation Name": "title",
                          "Alias": "t",
                          "Startup Cost": 0.0,
                          "Total Cost": 45479.59,
                          "Plan Rows": 58912,
                          "Plan Width": 4,
                          "Actual Startup Time": 43.876,
                          "Actual Total Time": 98.755,
                          "Actual Rows": 50041,
                          "Actual Loops": 4,
                          "Filter": "((production_year > 2006) AND (kind_id = 1))",
                          "Rows Removed by Filter": 582037
                        }
                      ]
                    }
                  ]
                }
              ]
            }
          ]
        }
      ]
    },
    "Planning Time": 0.27,
    "Triggers": [],
    "Execution Time": 333.145
  }
]