[
  {
    "Plan": {
      "Node Type": "Aggregate",
      "Strategy": "Plain",
      "Partial Mode": "Finalize",
      "Parallel Aware": false,
      "Startup Cost": 25504.7,
      "Total Cost": 25504.71,
      "Plan Rows": 1,
      "Plan Width": 8,
      "Actual Startup Time": 30.002,
      "Actual Total Time": 33.628,
      "Actual Rows": 1,
      "Actual Loops": 1,
      "Plans": [
        {
          "Node Type": "Gather",
          "Parent Relationship": "Outer",
          "Parallel Aware": false,
          "Startup Cost": 25504.49,
          "Total Cost": 25504.7,
          "Plan Rows": 2,
          "Plan Width": 8,
          "Actual Startup Time": 29.817,
          "Actual Total Time": 33.623,
          "Actual Rows": 3,
          "Actual Loops": 1,
          "Workers Planned": 2,
          "Workers Launched": 2,
          "Single Copy": false,
          "Plans": [
            {
              "Node Type": "Aggregate",
              "Strategy": "Plain",
              "Partial Mode": "Partial",
              "Parent Relationship": "Outer",
              "Parallel Aware": false,
              "Startup Cost": 24504.49,
              "Total Cost": 24504.5,
              "Plan Rows": 1,
              "Plan Width": 8,
              "Actual Startup Time": 21.784,
              "Actual Total Time": 21.786,
              "Actual Rows": 1,
              "Actual Loops": 3,
              "Plans": [
                {
                  "Node Type": "Nested Loop",
                  "Parent Relationship": "Outer",
                  "Parallel Aware": false,
                  "Join Type": "Inner",
                  "Startup Cost": 136.39,
                  "Total Cost": 24500.9,
                  "Plan Rows": 1435,
                  "Plan Width": 0,
                  "Actual Startup Time": 1.219,
                  "Actual Total Time": 21.558,
                  "Actual Rows": 2563,
                  "Actual Loops": 3,
                  "Inner Unique": false,
                  "Plans": [
                    {
                      "Node Type": "Nested Loop",
                      "Parent Relationship": "Outer",
                      "Parallel Aware": false,
                      "Join Type": "Inner",
                      "Startup Cost": 135.96,
                      "Total Cost": 23044.52,
                      "Plan Rows": 802,
                      "Plan Width": 8,
                      "Actual Startup Time": 0.682,
                      "Actual Total Time": 15.454,
                      "Actual Rows": 1875,
                      "Actual Loops": 3,
                      "Inner Unique": true,
                      "Plans": [
                        {
                          "Node Type": "Bitmap Heap Scan",
                          "Parent Relationship": "Outer",
                          "Parallel Aware": true,
                          "Relation Name": "movie_companies",
                          "Alias": "mc",
                          "Startup Cost": 135.53,
                          "Total Cost": 12936.11,
                          "Plan Rows": 1315,
                          "Plan Width": 4,
                          "Actual Startup Time": 0.516,
                          "Actual Total Time": 1.97,
                          "Actual Rows": 2094,
                          "Actual Loops": 3,
                          "Recheck Cond": "(company_id = 1284)",
                          "Rows Removed by Index Recheck": 0,
                          "Filter": "(company_type_id > 1)",
                          "Rows Removed by Filter": 24,
                          "Exact Heap Blocks": 631,
                          "Lossy Heap Blocks": 0,
                          "Plans": [
                            {
                              "Node Type": "Bitmap Index Scan",
                              "Parent Relationship": "Outer",
                              "Parallel Aware": false,
                              "Index Name": "company_id_movie_companies",
                              "Startup Cost": 0.0,
                              "Total Cost": 134.74,
                              "Plan Rows": 6175,
                              "Plan Width": 0,
                              "Actual Startup Time": 0.905,
                              "Actual Total Time": 0.905,
                              "Actual Rows": 6354,
                              "Actual Loops": 1,
                              "Index Cond": "(company_id = 1284)"
                            }
                          ]
                        },
                        {
                          "Node Type": "Index Scan",
                          "Parent Relationship": "Inner",
                          "Parallel Aware": false,
                          "Scan Direction": "Forward",
                          "Index Name": "title_pkey",
                          "Relation Name": "title",
                          "Alias": "t",
                          "Startup Cost": 0.43,
                          "Total Cost": 7.69,
                          "Plan Rows": 1,
                          "Plan Width": 4,
                          "Actual Startup Time": 0.006,
                          "Actual Total Time": 0.006,
                          "Actual Rows": 1,
                          "Actual Loops": 6282,
                          "Index Cond": "(id = mc.movie_id)",
                          "Rows Removed by Index Recheck": 0,
                          "Filter": "(kind_id = 7)",
                          "Rows Removed by Filter": 0
                        }
                      ]
                    },
                    {
                      "Node Type": "Index Only Scan",
                      "Parent Relationship": "Inner",
                      "Parallel Aware": false,
                      "Scan Direction": "Forward",
                      "Index Name": "movie_id_movie_keyword",
                      "Relation Name": "movie_keyword",
                      "Alias": "mk",
                      "Startup Cost": 0.43,
                      "Total Cost": 1.36,
                      "Plan Rows": 46,
                      "Plan Width": 4,
                      "Actual Startup Time": 0.002,
                      "Actual Total Time": 0.003,
                      "Actual Rows": 1,
                      "Actual Loops": 5625,
                      "Index Cond": "(movie_id = t.id)",
                      "Rows Removed by Index Recheck": 0,
                      "Heap Fetches": 7688
                    }
                  ]
                }
              ]
            }
          ]
        }
      ]
    },
    "Planning Time": 0.472,
    "Triggers": [],
    "Execution Time": 33.666
  }
]