[
  {
    "Plan": {
      "Node Type": "Aggregate",
      "Strategy": "Plain",
      "Partial Mode": "Finalize",
      "Parallel Aware": false,
      "Startup Cost": 44942.94,
      "Total Cost": 44942.95,
      "Plan Rows": 1,
      "Plan Width": 8,
      "Actual Startup Time": 106.899,
      "Actual Total Time": 119.118,
      "Actual Rows": 1,
      "Actual Loops": 1,
      "Plans": [
        {
          "Node Type": "Gather",
          "Parent Relationship": "Outer",
          "Parallel Aware": false,
          "Startup Cost": 44942.52,
          "Total Cost": 44942.93,
          "Plan Rows": 4,
          "Plan Width": 8,
          "Actual Startup Time": 106.726,
          "Actual Total Time": 119.109,
          "Actual Rows": 5,
          "Actual Loops": 1,
          "Workers Planned": 4,
          "Workers Launched": 4,
          "Single Copy": false,
          "Plans": [
            {
              "Node Type": "Aggregate",
              "Strategy": "Plain",
              "Partial Mode": "Partial",
              "Parent Relationship": "Outer",
              "Parallel Aware": false,
              "Startup Cost": 43942.52,
              "Total Cost": 43942.53,
              "Plan Rows": 1,
              "Plan Width": 8,
              "Actual Startup Time": 96.64,
              "Actual Total Time": 96.641,
              "Actual Rows": 1,
              "Actual Loops": 5,
              "Plans": [
                {
                  "Node Type": "Seq Scan",
                  "Parent Relationship": "Outer",
                  "Parallel Aware": true,
                  "Relation Name": "title",
                  "Alias": "t",
                  "Startup Cost": 0.0,
                  "Total Cost": 43899.32,
                  "Plan Rows": 17278,
                  "Plan Width": 0,
                  "Actual Startup Time": 60.996,
                  "Actual Total Time": 95.667,
                  "Actual Rows": 14670,
                  "Actual Loops": 5,
                  "Filter": "(production_year < 1917)",
                  "Rows Removed by Filter": 490992
                }
              ]
            }
          ]
        }
      ]
    },
    "Planning Time": 0.139,
    "Triggers": [],
    "Execution Time": 119.173
  }
]