[
  {
    "Bao": {
      "Bao prediction": 930.187,
      "Bao recommended hint": "SET enable_hashjoin TO off; SET enable_mergejoin TO off; "
    }
  },
  {
    "Plan": {
      "Node Type": "Aggregate",
      "Strategy": "Plain",
      "Partial Mode": "Simple",
      "Parallel Aware": false,
      "Startup Cost": 242692.17,
      "Total Cost": 242692.18,
      "Plan Rows": 1,
      "Plan Width": 128,
      "Actual Startup Time": 5255.871,
      "Actual Total Time": 5255.875,
      "Actual Rows": 1,
      "Actual Loops": 1,
      "Plans": [
        {
          "Node Type": "Nested Loop",
          "Parent Relationship": "Outer",
          "Parallel Aware": false,
          "Join Type": "Inner",
          "Startup Cost": 3.13,
          "Total Cost": 242346.26,
          "Plan Rows": 34591,
          "Plan Width": 64,
          "Actual Startup Time": 2.908,
          "Actual Total Time": 5176.841,
          "Actual Rows": 483082,
          "Actual Loops": 1,
          "Inner Unique": false,
          "Plans": [
            {
              "Node Type": "Nested Loop",
              "Parent Relationship": "Outer",
              "Parallel Aware": false,
              "Join Type": "Inner",
              "Startup Cost": 2.71,
              "Total Cost": 234365.71,
              "Plan Rows": 14781,
              "Plan Width": 56,
              "Actual Startup Time": 2.791,
              "Actual Total Time": 4788.53,
              "Actual Rows": 173567,
              "Actual Loops": 1,
              "Inner Unique": true,
              "Join Filter": "(ci.movie_id = t.id)",
              "Rows Removed by Join Filter": 0,
              "Plans": [
                {
                  "Node Type": "Nested Loop",
                  "Parent Relationship": "Outer",
                  "Parallel Aware": false,
                  "Join Type": "Inner",
                  "Startup Cost": 2.27,
                  "Total Cost": 226546.71,
                  "Plan Rows": 14781,
                  "Plan Width": 47,
                  "Actual Startup Time": 2.681,
                  "Actual Total Time": 4258.654,
                  "Actual Rows": 173567,
                  "Actual Loops": 1,
                  "Inner Unique": true,
                  "Plans": [
                    {
                      "Node Type": "Nested Loop",
                      "Parent Relationship": "Outer",
                      "Parallel Aware": false,
                      "Join Type": "Inner",
                      "Startup Cost": 1.84,
                      "Total Cost": 216561.55,
                      "Plan Rows": 14781,
                      "Plan Width": 35,
                      "Actual Startup Time": 2.579,
                      "Actual Total Time": 3709.403,
                      "Actual Rows": 189464,
                      "Actual Loops": 1,
                      "Inner Unique": true,
                      "Plans": [
                        {
                          "Node Type": "Nested Loop",
                          "Parent Relationship": "Outer",
                          "Parallel Aware": false,
                          "Join Type": "Inner",
                          "Startup Cost": 1.42,
                          "Total Cost": 198262.63,
                          "Plan Rows": 41034,
                          "Plan Width": 39,
                          "Actual Startup Time": 0.902,
                          "Actual Total Time": 2714.826,
                          "Actual Rows": 473712,
                          "Actual Loops": 1,
                          "Inner Unique": false,
                          "Plans": [
                            {
                              "Node Type": "Nested Loop",
                              "Parent Relationship": "Outer",
                              "Parallel Aware": false,
                              "Join Type": "Inner",
                              "Startup Cost": 0.99,
                              "Total Cost": 186777.45,
                              "Plan Rows": 16340,
                              "Plan Width": 31,
                              "Actual Startup Time": 0.794,
                              "Actual Total Time": 1775.678,
                              "Actual Rows": 276005,
                              "Actual Loops": 1,
                              "Inner Unique": true,
                              "Plans": [
                                {
                                  "Node Type": "Nested Loop",
                                  "Parent Relationship": "Outer",
                                  "Parallel Aware": false,
                                  "Join Type": "Inner",
                                  "Startup Cost": 0.56,
                                  "Total Cost": 131870.73,
                                  "Plan Rows": 69701,
                                  "Plan Width": 12,
                                  "Actual Startup Time": 0.647,
                                  "Actual Total Time": 1296.258,
                                  "Actual Rows": 276166,
                                  "Actual Loops": 1,
                                  "Inner Unique": false,
                                  "Plans": [
                                    {
                                      "Node Type": "Seq Scan",
                                      "Parent Relationship": "Outer",
                                      "Parallel Aware": false,
                                      "Relation Name": "role_type",
                                      "Alias": "rt",
                                      "Startup Cost": 0.0,
                                      "Total Cost": 1.15,
                                      "Plan Rows": 1,
                                      "Plan Width": 4,
                                      "Actual Startup Time": 0.017,
                                      "Actual Total Time": 0.022,
                                      "Actual Rows": 1,
                                      "Actual Loops": 1,
                                      "Filter": "((role)::text = 'actress'::text)",
                                      "Rows Removed by Filter": 11
                                    },
                                    {
                                      "Node Type": "Index Scan",
                                      "Parent Relationship": "Inner",
                                      "Parallel Aware": false,
                                      "Scan Direction": "Forward",
                                      "Index Name": "role_id_cast_info",
                                      "Relation Name": "cast_info",
                                      "Alias": "ci",
                                      "Startup Cost": 0.56,
                                      "Total Cost": 131109.2,
                                      "Plan Rows": 76038,
                                      "Plan Width": 16,
                                      "Actual Startup Time": 0.624,
                                      "Actual Total Time": 1270.537,
                                      "Actual Rows": 276166,
                                      "Actual Loops": 1,
                                      "Index Cond": "(role_id = rt.id)",
                                      "Rows Removed by Index Recheck": 0,
                                      "Filter": "(note = ANY ('{(voice),\"(voice: Japanese version)\",\"(voice) (uncredited)\",\"(voice: English version)\"}'::text[]))",
                                      "Rows Removed by Filter": 7175807
                                    }
                                  ]
                                },
                                {
                                  "Node Type": "Index Scan",
                                  "Parent Relationship": "Inner",
                                  "Parallel Aware": false,
                                  "Scan Direction": "Forward",
                                  "Index Name": "name_pkey",
                                  "Relation Name": "name",
                                  "Alias": "n",
                                  "Startup Cost": 0.43,
                                  "Total Cost": 0.79,
                                  "Plan Rows": 1,
                                  "Plan Width": 19,
                                  "Actual Startup Time": 0.001,
                                  "Actual Total Time": 0.001,
                                  "Actual Rows": 1,
                                  "Actual Loops": 276166,
                                  "Index Cond": "(id = ci.person_id)",
                                  "Rows Removed by Index Recheck": 0,
                                  "Filter": "((gender)::text = 'f'::text)",
                                  "Rows Removed by Filter": 0
                                }
                              ]
                            },
                            {
                              "Node Type": "Index Scan",
                              "Parent Relationship": "Inner",
                              "Parallel Aware": false,
                              "Scan Direction": "Forward",
                              "Index Name": "movie_id_movie_companies",
                              "Relation Name": "movie_companies",
                              "Alias": "mc",
                              "Startup Cost": 0.43,
                              "Total Cost": 0.65,
                              "Plan Rows": 5,
                              "Plan Width": 8,
                              "Actual Startup Time": 0.002,
                              "Actual Total Time": 0.003,
                              "Actual Rows": 2,
                              "Actual Loops": 276005,
                              "Index Cond": "(movie_id = ci.movie_id)",
                              "Rows Removed by Index Recheck": 0
                            }
                          ]
                        },
                        {
                          "Node Type": "Index Scan",
                          "Parent Relationship": "Inner",
                          "Parallel Aware": false,
                          "Scan Direction": "Forward",
                          "Index Name": "company_name_pkey",
                          "Relation Name": "company_name",
                          "Alias": "cn",
                          "Startup Cost": 0.42,
                          "Total Cost": 0.45,
                          "Plan Rows": 1,
                          "Plan Width": 4,
                          "Actual Startup Time": 0.002,
                          "Actual Total Time": 0.002,
                          "Actual Rows": 0,
                          "Actual Loops": 473712,
                          "Index Cond": "(id = mc.company_id)",
                          "Rows Removed by Index Recheck": 0,
                          "Filter": "((country_code)::text = '[us]'::text)",
                          "Rows Removed by Filter": 1
                        }
                      ]
                    },
                    {
                      "Node Type": "Index Scan",
                      "Parent Relationship": "Inner",
                      "Parallel Aware": false,
                      "Scan Direction": "Forward",
                      "Index Name": "char_name_pkey",
                      "Relation Name": "char_name",
                      "Alias": "chn",
                      "Startup Cost": 0.43,
                      "Total Cost": 0.68,
                      "Plan Rows": 1,
                      "Plan Width": 20,
                      "Actual Startup Time": 0.003,
                      "Actual Total Time": 0.003,
                      "Actual Rows": 1,
                      "Actual Loops": 189464,
                      "Index Cond": "(id = ci.person_role_id)",
                      "Rows Removed by Index Recheck": 0
                    }
                  ]
                },
                {
                  "Node Type": "Index Scan",
                  "Parent Relationship": "Inner",
                  "Parallel Aware": false,
                  "Scan Direction": "Forward",
                  "Index Name": "title_pkey",
                  "Relation Name": "title",
                  "Alias": "t",
                  "Startup Cost": 0.43,
                  "Total Cost": 0.52,
                  "Plan Rows": 1,
                  "Plan Width": 21,
                  "Actual Startup Time": 0.003,
                  "Actual Total Time": 0.003,
                  "Actual Rows": 1,
                  "Actual Loops": 173567,
                  "Index Cond": "(id = mc.movie_id)",
                  "Rows Removed by Index Recheck": 0
                }
              ]
            },
            {
              "Node Type": "Index Scan",
              "Parent Relationship": "Inner",
              "Parallel Aware": false,
              "Scan Direction": "Forward",
              "Index Name": "person_id_aka_name",
              "Relation Name": "aka_name",
              "Alias": "an",
              "Startup Cost": 0.42,
              "Total Cost": 0.52,
              "Plan Rows": 2,
              "Plan Width": 20,
              "Actual Startup Time": 0.001,
              "Actual Total Time": 0.002,
              "Actual Rows": 3,
              "Actual Loops": 173567,
              "Index Cond": "(person_id = n.id)",
              "Rows Removed by Index Recheck": 0
            }
          ]
        }
      ]
    },
    "Planning Time": 566.777,
    "Triggers": [],
    "Execution Time": 5256.473
  }
]