[
  {
    "Plan": {
      "Node Type": "Aggregate",
      "Strategy": "Plain",
      "Partial Mode": "Finalize",
      "Parallel Aware": false,
      "Startup Cost": 148071.72,
      "Total Cost": 148071.73,
      "Plan Rows": 1,
      "Plan Width": 8,
      "Actual Startup Time": 718.106,
      "Actual Total Time": 748.801,
      "Actual Rows": 1,
      "Actual Loops": 1,
      "Plans": [
        {
          "Node Type": "Gather",
          "Parent Relationship": "Outer",
          "Parallel Aware": false,
          "Startup Cost": 148071.41,
          "Total Cost": 148071.72,
          "Plan Rows": 3,
          "Plan Width": 8,
          "Actual Startup Time": 710.76,
          "Actual Total Time": 748.788,
          "Actual Rows": 4,
          "Actual Loops": 1,
          "Workers Planned": 3,
          "Workers Launched": 3,
          "Single Copy": false,
          "Plans": [
            {
              "Node Type": "Aggregate",
              "Strategy": "Plain",
              "Partial Mode": "Partial",
              "Parent Relationship": "Outer",
              "Parallel Aware": false,
              "Startup Cost": 147071.41,
              "Total Cost": 147071.42,
              "Plan Rows": 1,
              "Plan Width": 8,
              "Actual Startup Time": 691.922,
              "Actual Total Time": 691.926,
              "Actual Rows": 1,
              "Actual Loops": 4,
              "Plans": [
                {
                  "Node Type": "Nested Loop",
                  "Parent Relationship": "Outer",
                  "Parallel Aware": false,
                  "Join Type": "Inner",
                  "Startup Cost": 53234.11,
                  "Total Cost": 146974.03,
                  "Plan Rows": 38952,
                  "Plan Width": 0,
                  "Actual Startup Time": 344.111,
                  "Actual Total Time": 683.6,
                  "Actual Rows": 148358,
                  "Actual Loops": 4,
                  "Inner Unique": false,
                  "Plans": [
                    {
                      "Node Type": "Hash Join",
                      "Parent Relationship": "Outer",
                      "Parallel Aware": true,
                      "Join Type": "Inner",
                      "Startup Cost": 53233.68,
                      "Total Cost": 72701.62,
                      "Plan Rows": 44823,
                      "Plan Width": 8,
                      "Actual Startup Time": 344.008,
                      "Actual Total Time": 374.698,
                      "Actual Rows": 34016,
                      "Actual Loops": 4,
                      "Inner Unique": true,
                      "Hash Cond": "(mc.movie_id = t.id)",
                      "Plans": [
                        {
                          "Node Type": "Bitmap Heap Scan",
                          "Parent Relationship": "Outer",
                          "Parallel Aware": true,
                          "Relation Name": "movie_companies",
                          "Alias": "mc",
                          "Startup Cost": 3013.29,
                          "Total Cost": 22363.57,
                          "Plan Rows": 44823,
                          "Plan Width": 4,
                          "Actual Startup Time": 6.221,
                          "Actual Total Time": 15.452,
                          "Actual Rows": 34016,
                          "Actual Loops": 4,
                          "Recheck Cond": "(company_id > 138237)",
                          "Rows Removed by Index Recheck": 0,
                          "Exact Heap Blocks": 859,
                          "Lossy Heap Blocks": 0,
                          "Plans": [
                            {
                              "Node Type": "Bitmap Index Scan",
                              "Parent Relationship": "Outer",
                              "Parallel Aware": false,
                              "Index Name": "company_id_movie_companies",
                              "Startup Cost": 0.0,
                              "Total Cost": 2978.55,
                              "Plan Rows": 138950,
                              "Plan Width": 0,
                              "Actual Startup Time": 5.621,
                              "Actual Total Time": 5.622,
                              "Actual Rows": 136062,
                              "Actual Loops": 1,
                              "Index Cond": "(company_id > 138237)"
                            }
                          ]
                        },
                        {
                          "Node Type": "Hash",
                          "Parent Relationship": "Inner",
                          "Parallel Aware": true,
                          "Startup Cost": 42319.06,
                          "Total Cost": 42319.06,
                          "Plan Rows": 632106,
                          "Plan Width": 4,
                          "Actual Startup Time": 325.475,
                          "Actual Total Time": 325.476,
                          "Actual Rows": 632078,
                          "Actual Loops": 4,
                          "Hash Buckets": 4194304,
                          "Original Hash Buckets": 4194304,
                          "Hash Batches": 1,
                          "Original Hash Batches": 1,
                          "Peak Memory Usage": 131744,
                          "Plans": [
                            {
                              "Node Type": "Seq Scan",
                              "Parent Relationship": "Outer",
                              "Parallel Aware": true,
                              "Relation Name": "title",
                              "Alias": "t",
                              "Startup Cost": 0.0,
                              "Total Cost": 42319.06,
                              "Plan Rows": 632106,
                              "Plan Width": 4,
                              "Actual Startup Time": 0.051,
                              "Actual Total Time": 98.227,
                              "Actual Rows": 632078,
                              "Actual Loops": 4
                            }
                          ]
                        }
                      ]
                    },
                    {
                      "Node Type": "Index Scan",
                      "Parent Relationship": "Inner",
                      "Parallel Aware": false,
                      "Scan Direction": "Forward",
                      "Index Name": "movie_id_movie_info",
                      "Relation Name": "movie_info",
                      "Alias": "mi",
                      "Startup Cost": 0.43,
                      "Total Cost": 1.6,
                      "Plan Rows": 6,
                      "Plan Width": 4,
                      "Actual Startup Time": 0.004,
                      "Actual Total Time": 0.009,
                      "Actual Rows": 4,
                      "Actual Loops": 136062,
                      "Index Cond": "(movie_id = t.id)",
                      "Rows Removed by Index Recheck": 0,
                      "Filter": "(info_type_id > 16)",
                      "Rows Removed by Filter": 13
                    }
                  ]
                }
              ]
            }
          ]
        }
      ]
    },
    "Planning Time": 1.527,
    "Triggers": [],
    "Execution Time": 748.918
  }
]