[
  {
    "Plan": {
      "Node Type": "Aggregate",
      "Strategy": "Plain",
      "Partial Mode": "Finalize",
      "Parallel Aware": false,
      "Startup Cost": 45793.58,
      "Total Cost": 45793.59,
      "Plan Rows": 1,
      "Plan Width": 8,
      "Actual Startup Time": 164.324,
      "Actual Total Time": 176.041,
      "Actual Rows": 1,
      "Actual Loops": 1,
      "Plans": [
        {
          "Node Type": "Gather",
          "Parent Relationship": "Outer",
          "Parallel Aware": false,
          "Startup Cost": 45793.26,
          "Total Cost": 45793.57,
          "Plan Rows": 3,
          "Plan Width": 8,
          "Actual Startup Time": 164.178,
          "Actual Total Time": 176.033,
          "Actual Rows": 4,
          "Actual Loops": 1,
          "Workers Planned": 3,
          "Workers Launched": 3,
          "Single Copy": false,
          "Plans": [
            {
              "Node Type": "Aggregate",
              "Strategy": "Plain",
              "Partial Mode": "Partial",
              "Parent Relationship": "Outer",
              "Parallel Aware": false,
              "Startup Cost": 44793.26,
              "Total Cost": 44793.27,
              "Plan Rows": 1,
              "Plan Width": 8,
              "Actual Startup Time": 157.288,
              "Actual Total Time": 157.29,
              "Actual Rows": 1,
              "Actual Loops": 4,
              "Plans": [
                {
                  "Node Type": "Seq Scan",
                  "Parent Relationship": "Outer",
                  "Parallel Aware": true,
                  "Relation Name": "movie_keyword",
                  "Alias": "mk",
                  "Startup Cost": 0.0,
                  "Total Cost": 42695.65,
                  "Plan Rows": 839042,
                  "Plan Width": 0,
                  "Actual Startup Time": 0.172,
                  "Actual Total Time": 125.454,
                  "Actual Rows": 649257,
                  "Actual Loops": 4,
                  "Filter": "(keyword_id > 3311)",
                  "Rows Removed by Filter": 481726
                }
              ]
            }
          ]
        }
      ]
    },
    "Planning Time": 0.078,
    "Triggers": [],
    "Execution Time": 176.069
  }
]