[
  {
    "Plan": {
      "Node Type": "Aggregate",
      "Strategy": "Plain",
      "Partial Mode": "Finalize",
      "Parallel Aware": false,
      "Startup Cost": 44549.7,
      "Total Cost": 44549.71,
      "Plan Rows": 1,
      "Plan Width": 8,
      "Actual Startup Time": 142.87,
      "Actual Total Time": 152.829,
      "Actual Rows": 1,
      "Actual Loops": 1,
      "Plans": [
        {
          "Node Type": "Gather",
          "Parent Relationship": "Outer",
          "Parallel Aware": false,
          "Startup Cost": 44549.38,
          "Total Cost": 44549.69,
          "Plan Rows": 3,
          "Plan Width": 8,
          "Actual Startup Time": 142.597,
          "Actual Total Time": 152.816,
          "Actual Rows": 4,
          "Actual Loops": 1,
          "Workers Planned": 3,
          "Workers Launched": 3,
          "Single Copy": false,
          "Plans": [
            {
              "Node Type": "Aggregate",
              "Strategy": "Plain",
              "Partial Mode": "Partial",
              "Parent Relationship": "Outer",
              "Parallel Aware": false,
              "Startup Cost": 43549.38,
              "Total Cost": 43549.39,
              "Plan Rows": 1,
              "Plan Width": 8,
              "Actual Startup Time": 134.222,
              "Actual Total Time": 134.224,
              "Actual Rows": 1,
              "Actual Loops": 4,
              "Plans": [
                {
                  "Node Type": "Seq Scan",
                  "Parent Relationship": "Outer",
                  "Parallel Aware": true,
                  "Relation Name": "movie_keyword",
                  "Alias": "mk",
                  "Startup Cost": 0.0,
                  "Total Cost": 42695.65,
                  "Plan Rows": 341492,
                  "Plan Width": 0,
                  "Actual Startup Time": 0.065,
                  "Actual Total Time": 118.998,
                  "Actual Rows": 266527,
                  "Actual Loops": 4,
                  "Filter": "(keyword_id < 1065)",
                  "Rows Removed by Filter": 864455
                }
              ]
            }
          ]
        }
      ]
    },
    "Planning Time": 0.195,
    "Triggers": [],
    "Execution Time": 152.894
  }
]