{
  "Plan": {
    "Node Type": "Aggregate",
    "Strategy": "Plain",
    "Partial Mode": "Simple",
    "Parallel Aware": false,
    "Startup Cost": 1264911.94,
    "Total Cost": 1264911.95,
    "Plan Rows": 1,
    "Plan Width": 32,
    "Actual Startup Time": 6513.496,
    "Actual Total Time": 6513.634,
    "Actual Rows": 1,
    "Actual Loops": 1,
    "Plans": [
      {
        "Node Type": "Hash Join",
        "Parent Relationship": "Outer",
        "Parallel Aware": false,
        "Join Type": "Inner",
        "Startup Cost": 1261853.2,
        "Total Cost": 1264911.55,
        "Plan Rows": 156,
        "Plan Width": 17,
        "Actual Startup Time": 6497.806,
        "Actual Total Time": 6513.39,
        "Actual Rows": 2778,
        "Actual Loops": 1,
        "Inner Unique": false,
        "Hash Cond": "(k.id = mk.keyword_id)",
        "Plans": [
          {
            "Node Type": "Seq Scan",
            "Parent Relationship": "Outer",
            "Parallel Aware": false,
            "Relation Name": "keyword",
            "Alias": "k",
            "Startup Cost": 0.0,
            "Total Cost": 2626.12,
            "Plan Rows": 13,
            "Plan Width": 4,
            "Actual Startup Time": 3.649,
            "Actual Total Time": 18.159,
            "Actual Rows": 30,
            "Actual Loops": 1,
            "Filter": "(keyword ~~ '%sequel%'::text)",
            "Rows Removed by Filter": 134140
          },
          {
            "Node Type": "Hash",
            "Parent Relationship": "Inner",
            "Parallel Aware": false,
            "Startup Cost": 1241655.03,
            "Total Cost": 1241655.03,
            "Plan Rows": 1615853,
            "Plan Width": 21,
            "Actual Startup Time": 6475.405,
            "Actual Total Time": 6475.54,
            "Actual Rows": 1183739,
            "Actual Loops": 1,
            "Hash Buckets": 2097152,
            "Original Hash Buckets": 2097152,
            "Hash Batches": 1,
            "Original Hash Batches": 1,
            "Peak Memory Usage": 78884,
            "Plans": [
              {
                "Node Type": "Merge Join",
                "Parent Relationship": "Outer",
                "Parallel Aware": false,
                "Join Type": "Inner",
                "Startup Cost": 933731.05,
                "Total Cost": 1241655.03,
                "Plan Rows": 1615853,
                "Plan Width": 21,
                "Actual Startup Time": 2910.479,
                "Actual Total Time": 6191.162,
                "Actual Rows": 1183739,
                "Actual Loops": 1,
                "Inner Unique": false,
                "Merge Cond": "(t.id = mi.movie_id)",
                "Plans": [
                  {
                    "Node Type": "Index Scan",
                    "Parent Relationship": "Outer",
                    "Parallel Aware": false,
                    "Scan Direction": "Forward",
                    "Index Name": "title_pkey",
                    "Relation Name": "title",
                    "Alias": "t",
                    "Startup Cost": 0.43,
                    "Total Cost": 116680.33,
                    "Plan Rows": 478961,
                    "Plan Width": 21,
                    "Actual Startup Time": 5.154,
                    "Actual Total Time": 1409.716,
                    "Actual Rows": 479219,
                    "Actual Loops": 1,
                    "Filter": "(production_year < 1978)",
                    "Rows Removed by Filter": 2046603
                  },
                  {
                    "Node Type": "Materialize",
                    "Parent Relationship": "Inner",
                    "Parallel Aware": false,
                    "Startup Cost": 933727.42,
                    "Total Cost": 1086410.07,
                    "Plan Rows": 8530338,
                    "Plan Width": 12,
                    "Actual Startup Time": 2903.784,
                    "Actual Total Time": 4424.441,
                    "Actual Rows": 4060930,
                    "Actual Loops": 1,
                    "Plans": [
                      {
                        "Node Type": "Merge Join",
                        "Parent Relationship": "Outer",
                        "Parallel Aware": false,
                        "Join Type": "Inner",
                        "Startup Cost": 933727.42,
                        "Total Cost": 1065084.23,
                        "Plan Rows": 8530338,
                        "Plan Width": 12,
                        "Actual Startup Time": 2903.773,
                        "Actual Total Time": 3798.011,
                        "Actual Rows": 4060930,
                        "Actual Loops": 1,
                        "Inner Unique": false,
                        "Merge Cond": "(mi.movie_id = mk.movie_id)",
                        "Plans": [
                          {
                            "Node Type": "Sort",
                            "Parent Relationship": "Outer",
                            "Parallel Aware": false,
                            "Startup Cost": 363932.8,
                            "Total Cost": 365634.71,
                            "Plan Rows": 680764,
                            "Plan Width": 4,
                            "Actual Startup Time": 1092.741,
                            "Actual Total Time": 1142.373,
                            "Actual Rows": 706674,
                            "Actual Loops": 1,
                            "Sort Key": [
                              "mi.movie_id"
                            ],
                            "Sort Method": "quicksort",
                            "Sort Space Used": 57702,
                            "Sort Space Type": "Memory",
                            "Plans": [
                              {
                                "Node Type": "Gather",
                                "Parent Relationship": "Outer",
                                "Parallel Aware": false,
                                "Startup Cost": 1000.0,
                                "Total Cost": 297977.68,
                                "Plan Rows": 680764,
                                "Plan Width": 4,
                                "Actual Startup Time": 2.885,
                                "Actual Total Time": 889.122,
                                "Actual Rows": 706674,
                                "Actual Loops": 1,
                                "Workers Planned": 5,
                                "Workers Launched": 5,
                                "Single Copy": false,
                                "Plans": [
                                  {
                                    "Node Type": "Seq Scan",
                                    "Parent Relationship": "Outer",
                                    "Parallel Aware": true,
                                    "Relation Name": "movie_info",
                                    "Alias": "mi",
                                    "Startup Cost": 0.0,
                                    "Total Cost": 228901.28,
                                    "Plan Rows": 136153,
                                    "Plan Width": 4,
                                    "Actual Startup Time": 0.528,
                                    "Actual Total Time": 879.636,
                                    "Actual Rows": 117779,
                                    "Actual Loops": 6,
                                    "Filter": "(info = ANY ('{Sweden,Norway,Germany,Denmark,Swedish,Denish,Norwegian,German,USA,American}'::text[]))",
                                    "Rows Removed by Filter": 2354841
                                  }
                                ]
                              }
                            ]
                          },
                          {
                            "Node Type": "Sort",
                            "Parent Relationship": "Inner",
                            "Parallel Aware": false,
                            "Startup Cost": 569794.43,
                            "Total Cost": 581104.25,
                            "Plan Rows": 4523930,
                            "Plan Width": 8,
                            "Actual Startup Time": 1811.017,
                            "Actual Total Time": 2088.319,
                            "Actual Rows": 5699046,
                            "Actual Loops": 1,
                            "Sort Key": [
                              "mk.movie_id"
                            ],
                            "Sort Method": "quicksort",
                            "Sort Space Used": 408668,
                            "Sort Space Type": "Memory",
                            "Plans": [
                              {
                                "Node Type": "Seq Scan",
                                "Parent Relationship": "Outer",
                                "Parallel Aware": false,
                                "Relation Name": "movie_keyword",
                                "Alias": "mk",
                                "Startup Cost": 0.0,
                                "Total Cost": 69693.3,
                                "Plan Rows": 4523930,
                                "Plan Width": 8,
                                "Actual Startup Time": 0.028,
                                "Actual Total Time": 652.945,
                                "Actual Rows": 4523930,
                                "Actual Loops": 1
                              }
                            ]
                          }
                        ]
                      }
                    ]
                  }
                ]
              }
            ]
          }
        ]
      }
    ]
  },
  "Planning Time": 6.713,
  "Triggers": [],
  "Execution Time": 6555.624
}