[
  {
    "Plan": {
      "Node Type": "Aggregate",
      "Strategy": "Plain",
      "Partial Mode": "Finalize",
      "Parallel Aware": false,
      "Startup Cost": 221833.85,
      "Total Cost": 221833.86,
      "Plan Rows": 1,
      "Plan Width": 8,
      "Actual Startup Time": 129.907,
      "Actual Total Time": 151.193,
      "Actual Rows": 1,
      "Actual Loops": 1,
      "Plans": [
        {
          "Node Type": "Gather",
          "Parent Relationship": "Outer",
          "Parallel Aware": false,
          "Startup Cost": 221833.43,
          "Total Cost": 221833.84,
          "Plan Rows": 4,
          "Plan Width": 8,
          "Actual Startup Time": 129.791,
          "Actual Total Time": 151.186,
          "Actual Rows": 5,
          "Actual Loops": 1,
          "Workers Planned": 4,
          "Workers Launched": 4,
          "Single Copy": false,
          "Plans": [
            {
              "Node Type": "Aggregate",
              "Strategy": "Plain",
              "Partial Mode": "Partial",
              "Parent Relationship": "Outer",
              "Parallel Aware": false,
              "Startup Cost": 220833.43,
              "Total Cost": 220833.44,
              "Plan Rows": 1,
              "Plan Width": 8,
              "Actual Startup Time": 123.352,
              "Actual Total Time": 123.354,
              "Actual Rows": 1,
              "Actual Loops": 5,
              "Plans": [
                {
                  "Node Type": "Nested Loop",
                  "Parent Relationship": "Outer",
                  "Parallel Aware": false,
                  "Join Type": "Inner",
                  "Startup Cost": 0.43,
                  "Total Cost": 220828.72,
                  "Plan Rows": 1884,
                  "Plan Width": 0,
                  "Actual Startup Time": 0.958,
                  "Actual Total Time": 123.149,
                  "Actual Rows": 2474,
                  "Actual Loops": 5,
                  "Inner Unique": false,
                  "Plans": [
                    {
                      "Node Type": "Seq Scan",
                      "Parent Relationship": "Outer",
                      "Parallel Aware": true,
                      "Relation Name": "title",
                      "Alias": "t",
                      "Startup Cost": 0.0,
                      "Total Cost": 43898.92,
                      "Plan Rows": 3540,
                      "Plan Width": 4,
                      "Actual Startup Time": 0.13,
                      "Actual Total Time": 66.462,
                      "Actual Rows": 2870,
                      "Actual Loops": 5,
                      "Filter": "(production_year = 1969)",
                      "Rows Removed by Filter": 502793
                    },
                    {
                      "Node Type": "Index Scan",
                      "Parent Relationship": "Inner",
                      "Parallel Aware": false,
                      "Scan Direction": "Forward",
                      "Index Name": "movie_id_movie_info",
                      "Relation Name": "movie_info",
                      "Alias": "mi",
                      "Startup Cost": 0.43,
                      "Total Cost": 49.94,
                      "Plan Rows": 4,
                      "Plan Width": 4,
                      "Actual Startup Time": 0.015,
                      "Actual Total Time": 0.019,
                      "Actual Rows": 1,
                      "Actual Loops": 14349,
                      "Index Cond": "(movie_id = t.id)",
                      "Rows Removed by Index Recheck": 0,
                      "Filter": "(info_type_id = 7)",
                      "Rows Removed by Filter": 6
                    }
                  ]
                }
              ]
            }
          ]
        }
      ]
    },
    "Planning Time": 0.367,
    "Triggers": [],
    "Execution Time": 151.254
  }
]