[
  {
    "Plan": {
      "Node Type": "Aggregate",
      "Strategy": "Plain",
      "Partial Mode": "Finalize",
      "Parallel Aware": false,
      "Startup Cost": 389237.34,
      "Total Cost": 389237.35,
      "Plan Rows": 1,
      "Plan Width": 8,
      "Actual Startup Time": 561.92,
      "Actual Total Time": 582.877,
      "Actual Rows": 1,
      "Actual Loops": 1,
      "Plans": [
        {
          "Node Type": "Gather",
          "Parent Relationship": "Outer",
          "Parallel Aware": false,
          "Startup Cost": 389236.71,
          "Total Cost": 389237.32,
          "Plan Rows": 6,
          "Plan Width": 8,
          "Actual Startup Time": 549.633,
          "Actual Total Time": 582.867,
          "Actual Rows": 7,
          "Actual Loops": 1,
          "Workers Planned": 6,
          "Workers Launched": 6,
          "Single Copy": false,
          "Plans": [
            {
              "Node Type": "Aggregate",
              "Strategy": "Plain",
              "Partial Mode": "Partial",
              "Parent Relationship": "Outer",
              "Parallel Aware": false,
              "Startup Cost": 388236.71,
              "Total Cost": 388236.72,
              "Plan Rows": 1,
              "Plan Width": 8,
              "Actual Startup Time": 538.184,
              "Actual Total Time": 538.345,
              "Actual Rows": 1,
              "Actual Loops": 7,
              "Plans": [
                {
                  "Node Type": "Hash Join",
                  "Parent Relationship": "Outer",
                  "Parallel Aware": true,
                  "Join Type": "Inner",
                  "Startup Cost": 129113.5,
                  "Total Cost": 388054.11,
                  "Plan Rows": 73041,
                  "Plan Width": 0,
                  "Actual Startup Time": 389.383,
                  "Actual Total Time": 531.378,
                  "Actual Rows": 126865,
                  "Actual Loops": 7,
                  "Inner Unique": false,
                  "Hash Cond": "(ci.movie_id = t.id)",
                  "Plans": [
                    {
                      "Node Type": "Bitmap Heap Scan",
                      "Parent Relationship": "Outer",
                      "Parallel Aware": true,
                      "Relation Name": "cast_info",
                      "Alias": "ci",
                      "Startup Cost": 49077.27,
                      "Total Cost": 306393.5,
                      "Plan Rows": 370338,
                      "Plan Width": 4,
                      "Actual Startup Time": 100.633,
                      "Actual Total Time": 166.181,
                      "Actual Rows": 317761,
                      "Actual Loops": 7,
                      "Recheck Cond": "(person_id < 216811)",
                      "Rows Removed by Index Recheck": 0,
                      "Exact Heap Blocks": 4433,
                      "Lossy Heap Blocks": 0,
                      "Plans": [
                        {
                          "Node Type": "Bitmap Index Scan",
                          "Parent Relationship": "Outer",
                          "Parallel Aware": false,
                          "Index Name": "person_id_cast_info",
                          "Startup Cost": 0.0,
                          "Total Cost": 48521.77,
                          "Plan Rows": 2222027,
                          "Plan Width": 0,
                          "Actual Startup Time": 96.857,
                          "Actual Total Time": 96.858,
                          "Actual Rows": 2224329,
                          "Actual Loops": 1,
                          "Index Cond": "(person_id < 216811)"
                        }
                      ]
                    },
                    {
                      "Node Type": "Hash",
                      "Parent Relationship": "Inner",
                      "Parallel Aware": true,
                      "Startup Cost": 78025.54,
                      "Total Cost": 78025.54,
                      "Plan Rows": 160855,
                      "Plan Width": 8,
                      "Actual Startup Time": 286.481,
                      "Actual Total Time": 286.64,
                      "Actual Rows": 56421,
                      "Actual Loops": 7,
                      "Hash Buckets": 524288,
                      "Original Hash Buckets": 524288,
                      "Hash Batches": 1,
                      "Original Hash Batches": 1,
                      "Peak Memory Usage": 19712,
                      "Plans": [
                        {
                          "Node Type": "Hash Join",
                          "Parent Relationship": "Outer",
                          "Parallel Aware": true,
                          "Join Type": "Inner",
                          "Startup Cost": 47876.03,
                          "Total Cost": 78025.54,
                          "Plan Rows": 160855,
                          "Plan Width": 8,
                          "Actual Startup Time": 176.905,
                          "Actual Total Time": 266.611,
                          "Actual Rows": 56421,
                          "Actual Loops": 7,
                          "Inner Unique": true,
                          "Hash Cond": "(mc.movie_id = t.id)",
                          "Plans": [
                            {
                              "Node Type": "Seq Scan",
                              "Parent Relationship": "Outer",
                              "Parallel Aware": true,
                              "Relation Name": "movie_companies",
                              "Alias": "mc",
                              "Startup Cost": 0.0,
                              "Total Cost": 29310.68,
                              "Plan Rows": 319554,
                              "Plan Width": 4,
                              "Actual Startup Time": 0.027,
                              "Actual Total Time": 45.754,
                              "Actual Rows": 141060,
                              "Actual Loops": 7,
                              "Filter": "(company_id < 4548)",
                              "Rows Removed by Filter": 231673
                            },
                            {
                              "Node Type": "Hash",
                              "Parent Relationship": "Inner",
                              "Parallel Aware": true,
                              "Startup Cost": 43898.92,
                              "Total Cost": 43898.92,
                              "Plan Rows": 318169,
                              "Plan Width": 4,
                              "Actual Startup Time": 173.675,
                              "Actual Total Time": 173.676,
                              "Actual Rows": 180042,
                              "Actual Loops": 7,
                              "Hash Buckets": 2097152,
                              "Original Hash Buckets": 2097152,
                              "Hash Batches": 1,
                              "Original Hash Batches": 1,
                              "Peak Memory Usage": 65792,
                              "Plans": [
                                {
                                  "Node Type": "Seq Scan",
                                  "Parent Relationship": "Outer",
                                  "Parallel Aware": true,
                                  "Relation Name": "title",
                                  "Alias": "t",
                                  "Startup Cost": 0.0,
                                  "Total Cost": 43898.92,
                                  "Plan Rows": 318169,
                                  "Plan Width": 4,
                                  "Actual Startup Time": 0.05,
                                  "Actual Total Time": 81.347,
                                  "Actual Rows": 180042,
                                  "Actual Loops": 7,
                                  "Filter": "(production_year > 2002)",
                                  "Rows Removed by Filter": 181145
                                }
                              ]
                            }
                          ]
                        }
                      ]
                    }
                  ]
                }
              ]
            }
          ]
        }
      ]
    },
    "Planning Time": 1.449,
    "Triggers": [],
    "Execution Time": 582.982
  }
]