{
    "Plan": {
        "Node Type": "Aggregate",
        "Strategy": "Plain",
        "Partial Mode": "Simple",
        "Parallel Aware": false,
        "Startup Cost": 140000296966.5,
        "Total Cost": 140000296966.51,
        "Plan Rows": 1,
        "Plan Width": 192,
        "Actual Startup Time": 2780.415,
        "Actual Total Time": 2780.424,
        "Actual Rows": 1,
        "Actual Loops": 1,
        "Output": [
            "min(cn1.name)",
            "min(cn2.name)",
            "min(mi_idx1.info)",
            "min(mi_idx2.info)",
            "min(t1.title)",
            "min(t2.title)"
        ],
        "Plans": [
            {
                "Node Type": "Nested Loop",
                "Parent Relationship": "Outer",
                "Parallel Aware": false,
                "Join Type": "Inner",
                "Startup Cost": 140000000007.05,
                "Total Cost": 140000296966.46,
                "Plan Rows": 3,
                "Plan Width": 82,
                "Actual Startup Time": 641.616,
                "Actual Total Time": 2776.057,
                "Actual Rows": 9157,
                "Actual Loops": 1,
                "Output": [
                    "cn1.name",
                    "cn2.name",
                    "mi_idx1.info",
                    "mi_idx2.info",
                    "t1.title",
                    "t2.title"
                ],
                "Inner Unique": true,
                "Plans": [
                    {
                        "Node Type": "Nested Loop",
                        "Parent Relationship": "Outer",
                        "Parallel Aware": false,
                        "Join Type": "Inner",
                        "Startup Cost": 130000000006.9,
                        "Total Cost": 130000296901.87,
                        "Plan Rows": 16,
                        "Plan Width": 86,
                        "Actual Startup Time": 0.602,
                        "Actual Total Time": 2221.651,
                        "Actual Rows": 117930,
                        "Actual Loops": 1,
                        "Output": [
                            "cn1.name",
                            "mi_idx1.info",
                            "mi_idx2.info",
                            "cn2.name",
                            "ml.link_type_id",
                            "t1.title",
                            "t2.title"
                        ],
                        "Inner Unique": true,
                        "Plans": [
                            {
                                "Node Type": "Nested Loop",
                                "Parent Relationship": "Outer",
                                "Parallel Aware": false,
                                "Join Type": "Inner",
                                "Startup Cost": 120000000006.47,
                                "Total Cost": 120000296830.8,
                                "Plan Rows": 16,
                                "Plan Width": 71,
                                "Actual Startup Time": 0.575,
                                "Actual Total Time": 1548.422,
                                "Actual Rows": 117930,
                                "Actual Loops": 1,
                                "Output": [
                                    "cn1.name",
                                    "mi_idx1.info",
                                    "mi_idx2.info",
                                    "mc2.company_id",
                                    "ml.link_type_id",
                                    "t1.title",
                                    "t2.title"
                                ],
                                "Inner Unique": false,
                                "Plans": [
                                    {
                                        "Node Type": "Nested Loop",
                                        "Parent Relationship": "Outer",
                                        "Parallel Aware": false,
                                        "Join Type": "Inner",
                                        "Startup Cost": 110000000005.98,
                                        "Total Cost": 110000296817.0,
                                        "Plan Rows": 3,
                                        "Plan Width": 79,
                                        "Actual Startup Time": 0.545,
                                        "Actual Total Time": 1281.759,
                                        "Actual Rows": 31870,
                                        "Actual Loops": 1,
                                        "Output": [
                                            "cn1.name",
                                            "mi_idx1.info",
                                            "mi_idx2.info",
                                            "mi_idx2.movie_id",
                                            "ml.link_type_id",
                                            "ml.linked_movie_id",
                                            "t1.title",
                                            "t2.title",
                                            "t2.id"
                                        ],
                                        "Inner Unique": true,
                                        "Plans": [
                                            {
                                                "Node Type": "Nested Loop",
                                                "Parent Relationship": "Outer",
                                                "Parallel Aware": false,
                                                "Join Type": "Inner",
                                                "Startup Cost": 100000000005.55,
                                                "Total Cost": 100000296790.33,
                                                "Plan Rows": 6,
                                                "Plan Width": 64,
                                                "Actual Startup Time": 0.477,
                                                "Actual Total Time": 979.567,
                                                "Actual Rows": 54793,
                                                "Actual Loops": 1,
                                                "Output": [
                                                    "mi_idx1.info",
                                                    "mc1.company_id",
                                                    "mi_idx2.info",
                                                    "mi_idx2.movie_id",
                                                    "ml.link_type_id",
                                                    "ml.linked_movie_id",
                                                    "t1.title",
                                                    "t2.title",
                                                    "t2.id"
                                                ],
                                                "Inner Unique": false,
                                                "Plans": [
                                                    {
                                                        "Node Type": "Nested Loop",
                                                        "Parent Relationship": "Outer",
                                                        "Parallel Aware": false,
                                                        "Join Type": "Inner",
                                                        "Startup Cost": 90000000005.07,
                                                        "Total Cost": 90000296785.74,
                                                        "Plan Rows": 1,
                                                        "Plan Width": 72,
                                                        "Actual Startup Time": 0.406,
                                                        "Actual Total Time": 900.077,
                                                        "Actual Rows": 7447,
                                                        "Actual Loops": 1,
                                                        "Output": [
                                                            "mi_idx1.info",
                                                            "mi_idx1.movie_id",
                                                            "mi_idx2.info",
                                                            "mi_idx2.movie_id",
                                                            "ml.link_type_id",
                                                            "ml.movie_id",
                                                            "ml.linked_movie_id",
                                                            "t1.title",
                                                            "t1.id",
                                                            "t2.title",
                                                            "t2.id"
                                                        ],
                                                        "Inner Unique": true,
                                                        "Plans": [
                                                            {
                                                                "Node Type": "Nested Loop",
                                                                "Parent Relationship": "Outer",
                                                                "Parallel Aware": false,
                                                                "Join Type": "Inner",
                                                                "Startup Cost": 80000000004.92,
                                                                "Total Cost": 80000296290.06,
                                                                "Plan Rows": 119,
                                                                "Plan Width": 76,
                                                                "Actual Startup Time": 0.387,
                                                                "Actual Total Time": 799.708,
                                                                "Actual Rows": 22341,
                                                                "Actual Loops": 1,
                                                                "Output": [
                                                                    "mi_idx2.info",
                                                                    "mi_idx2.movie_id",
                                                                    "ml.link_type_id",
                                                                    "ml.movie_id",
                                                                    "ml.linked_movie_id",
                                                                    "mi_idx1.info",
                                                                    "mi_idx1.info_type_id",
                                                                    "mi_idx1.movie_id",
                                                                    "t1.title",
                                                                    "t1.id",
                                                                    "t2.title",
                                                                    "t2.id"
                                                                ],
                                                                "Inner Unique": false,
                                                                "Plans": [
                                                                    {
                                                                        "Node Type": "Nested Loop",
                                                                        "Parent Relationship": "Outer",
                                                                        "Parallel Aware": false,
                                                                        "Join Type": "Inner",
                                                                        "Startup Cost": 70000000004.46,
                                                                        "Total Cost": 70000296099.88,
                                                                        "Plan Rows": 42,
                                                                        "Plan Width": 63,
                                                                        "Actual Startup Time": 0.374,
                                                                        "Actual Total Time": 737.599,
                                                                        "Actual Rows": 9117,
                                                                        "Actual Loops": 1,
                                                                        "Output": [
                                                                            "mi_idx2.info",
                                                                            "mi_idx2.movie_id",
                                                                            "ml.link_type_id",
                                                                            "ml.movie_id",
                                                                            "ml.linked_movie_id",
                                                                            "t1.title",
                                                                            "t1.id",
                                                                            "t2.title",
                                                                            "t2.id"
                                                                        ],
                                                                        "Inner Unique": true,
                                                                        "Plans": [
                                                                            {
                                                                                "Node Type": "Nested Loop",
                                                                                "Parent Relationship": "Outer",
                                                                                "Parallel Aware": false,
                                                                                "Join Type": "Inner",
                                                                                "Startup Cost": 60000000004.32,
                                                                                "Total Cost": 60000295517.02,
                                                                                "Plan Rows": 147,
                                                                                "Plan Width": 67,
                                                                                "Actual Startup Time": 0.363,
                                                                                "Actual Total Time": 693.239,
                                                                                "Actual Rows": 9117,
                                                                                "Actual Loops": 1,
                                                                                "Output": [
                                                                                    "mi_idx2.info",
                                                                                    "mi_idx2.movie_id",
                                                                                    "ml.link_type_id",
                                                                                    "ml.movie_id",
                                                                                    "ml.linked_movie_id",
                                                                                    "t1.title",
                                                                                    "t1.id",
                                                                                    "t1.kind_id",
                                                                                    "t2.title",
                                                                                    "t2.id"
                                                                                ],
                                                                                "Inner Unique": true,
                                                                                "Plans": [
                                                                                    {
                                                                                        "Node Type": "Nested Loop",
                                                                                        "Parent Relationship": "Outer",
                                                                                        "Parallel Aware": false,
                                                                                        "Join Type": "Inner",
                                                                                        "Startup Cost": 50000000002.68,
                                                                                        "Total Cost": 50000294686.36,
                                                                                        "Plan Rows": 147,
                                                                                        "Plan Width": 42,
                                                                                        "Actual Startup Time": 0.335,
                                                                                        "Actual Total Time": 632.721,
                                                                                        "Actual Rows": 9117,
                                                                                        "Actual Loops": 1,
                                                                                        "Output": [
                                                                                            "mi_idx2.info",
                                                                                            "mi_idx2.movie_id",
                                                                                            "ml.link_type_id",
                                                                                            "ml.movie_id",
                                                                                            "ml.linked_movie_id",
                                                                                            "t2.title",
                                                                                            "t2.id"
                                                                                        ],
                                                                                        "Inner Unique": true,
                                                                                        "Plans": [
                                                                                            {
                                                                                                "Node Type": "Nested Loop",
                                                                                                "Parent Relationship": "Outer",
                                                                                                "Parallel Aware": false,
                                                                                                "Join Type": "Inner",
                                                                                                "Startup Cost": 40000000002.53,
                                                                                                "Total Cost": 40000281328.1,
                                                                                                "Plan Rows": 3207,
                                                                                                "Plan Width": 46,
                                                                                                "Actual Startup Time": 0.307,
                                                                                                "Actual Total Time": 509.908,
                                                                                                "Actual Rows": 26955,
                                                                                                "Actual Loops": 1,
                                                                                                "Output": [
                                                                                                    "t2.title",
                                                                                                    "t2.id",
                                                                                                    "mi_idx2.info",
                                                                                                    "mi_idx2.info_type_id",
                                                                                                    "mi_idx2.movie_id",
                                                                                                    "ml.link_type_id",
                                                                                                    "ml.movie_id",
                                                                                                    "ml.linked_movie_id"
                                                                                                ],
                                                                                                "Inner Unique": false,
                                                                                                "Plans": [
                                                                                                    {
                                                                                                        "Node Type": "Nested Loop",
                                                                                                        "Parent Relationship": "Outer",
                                                                                                        "Parallel Aware": false,
                                                                                                        "Join Type": "Inner",
                                                                                                        "Startup Cost": 30000000002.07,
                                                                                                        "Total Cost": 30000254152.35,
                                                                                                        "Plan Rows": 5986,
                                                                                                        "Plan Width": 33,
                                                                                                        "Actual Startup Time": 0.254,
                                                                                                        "Actual Total Time": 405.321,
                                                                                                        "Actual Rows": 11540,
                                                                                                        "Actual Loops": 1,
                                                                                                        "Output": [
                                                                                                            "t2.title",
                                                                                                            "t2.id",
                                                                                                            "ml.link_type_id",
                                                                                                            "ml.movie_id",
                                                                                                            "ml.linked_movie_id"
                                                                                                        ],
                                                                                                        "Inner Unique": true,
                                                                                                        "Plans": [
                                                                                                            {
                                                                                                                "Node Type": "Nested Loop",
                                                                                                                "Parent Relationship": "Outer",
                                                                                                                "Parallel Aware": false,
                                                                                                                "Join Type": "Inner",
                                                                                                                "Startup Cost": 20000000001.93,
                                                                                                                "Total Cost": 20000171081.29,
                                                                                                                "Plan Rows": 20951,
                                                                                                                "Plan Width": 37,
                                                                                                                "Actual Startup Time": 0.153,
                                                                                                                "Actual Total Time": 300.241,
                                                                                                                "Actual Rows": 22308,
                                                                                                                "Actual Loops": 1,
                                                                                                                "Output": [
                                                                                                                    "ml.link_type_id",
                                                                                                                    "ml.movie_id",
                                                                                                                    "ml.linked_movie_id",
                                                                                                                    "t2.title",
                                                                                                                    "t2.id",
                                                                                                                    "t2.kind_id"
                                                                                                                ],
                                                                                                                "Inner Unique": true,
                                                                                                                "Plans": [
                                                                                                                    {
                                                                                                                        "Node Type": "Index Scan",
                                                                                                                        "Parent Relationship": "Outer",
                                                                                                                        "Parallel Aware": false,
                                                                                                                        "Scan Direction": "Forward",
                                                                                                                        "Index Name": "link_type_id_movie_link",
                                                                                                                        "Relation Name": "movie_link",
                                                                                                                        "Schema": "public",
                                                                                                                        "Alias": "ml",
                                                                                                                        "Startup Cost": 10000000000.29,
                                                                                                                        "Total Cost": 10000001425.16,
                                                                                                                        "Plan Rows": 29997,
                                                                                                                        "Plan Width": 12,
                                                                                                                        "Actual Startup Time": 0.048,
                                                                                                                        "Actual Total Time": 14.267,
                                                                                                                        "Actual Rows": 29997,
                                                                                                                        "Actual Loops": 1,
                                                                                                                        "Output": [
                                                                                                                            "ml.id",
                                                                                                                            "ml.movie_id",
                                                                                                                            "ml.linked_movie_id",
                                                                                                                            "ml.link_type_id"
                                                                                                                        ]
                                                                                                                    },
                                                                                                                    {
                                                                                                                        "Node Type": "Bitmap Heap Scan",
                                                                                                                        "Parent Relationship": "Inner",
                                                                                                                        "Parallel Aware": false,
                                                                                                                        "Relation Name": "title",
                                                                                                                        "Schema": "public",
                                                                                                                        "Alias": "t2",
                                                                                                                        "Startup Cost": 1.64,
                                                                                                                        "Total Cost": 5.66,
                                                                                                                        "Plan Rows": 1,
                                                                                                                        "Plan Width": 25,
                                                                                                                        "Actual Startup Time": 0.007,
                                                                                                                        "Actual Total Time": 0.007,
                                                                                                                        "Actual Rows": 1,
                                                                                                                        "Actual Loops": 29997,
                                                                                                                        "Output": [
                                                                                                                            "t2.id",
                                                                                                                            "t2.title",
                                                                                                                            "t2.imdb_index",
                                                                                                                            "t2.kind_id",
                                                                                                                            "t2.production_year",
                                                                                                                            "t2.imdb_id",
                                                                                                                            "t2.phonetic_code",
                                                                                                                            "t2.episode_of_id",
                                                                                                                            "t2.season_nr",
                                                                                                                            "t2.episode_nr",
                                                                                                                            "t2.series_years",
                                                                                                                            "t2.md5sum"
                                                                                                                        ],
                                                                                                                        "Recheck Cond": "(t2.id = ml.linked_movie_id)",
                                                                                                                        "Rows Removed by Index Recheck": 0,
                                                                                                                        "Filter": "((t2.production_year >= 1976) AND (t2.production_year <= 2011))",
                                                                                                                        "Rows Removed by Filter": 0,
                                                                                                                        "Exact Heap Blocks": 29997,
                                                                                                                        "Lossy Heap Blocks": 0,
                                                                                                                        "Plans": [
                                                                                                                            {
                                                                                                                                "Node Type": "Bitmap Index Scan",
                                                                                                                                "Parent Relationship": "Outer",
                                                                                                                                "Parallel Aware": false,
                                                                                                                                "Index Name": "title_pkey",
                                                                                                                                "Startup Cost": 0.0,
                                                                                                                                "Total Cost": 1.64,
                                                                                                                                "Plan Rows": 1,
                                                                                                                                "Plan Width": 0,
                                                                                                                                "Actual Startup Time": 0.005,
                                                                                                                                "Actual Total Time": 0.005,
                                                                                                                                "Actual Rows": 1,
                                                                                                                                "Actual Loops": 29997,
                                                                                                                                "Index Cond": "(t2.id = ml.linked_movie_id)"
                                                                                                                            }
                                                                                                                        ]
                                                                                                                    }
                                                                                                                ]
                                                                                                            },
                                                                                                            {
                                                                                                                "Node Type": "Bitmap Heap Scan",
                                                                                                                "Parent Relationship": "Inner",
                                                                                                                "Parallel Aware": false,
                                                                                                                "Relation Name": "kind_type",
                                                                                                                "Schema": "public",
                                                                                                                "Alias": "kt2",
                                                                                                                "Startup Cost": 0.14,
                                                                                                                "Total Cost": 4.16,
                                                                                                                "Plan Rows": 1,
                                                                                                                "Plan Width": 4,
                                                                                                                "Actual Startup Time": 0.003,
                                                                                                                "Actual Total Time": 0.003,
                                                                                                                "Actual Rows": 1,
                                                                                                                "Actual Loops": 22308,
                                                                                                                "Output": [
                                                                                                                    "kt2.id",
                                                                                                                    "kt2.kind"
                                                                                                                ],
                                                                                                                "Recheck Cond": "(kt2.id = t2.kind_id)",
                                                                                                                "Rows Removed by Index Recheck": 0,
                                                                                                                "Filter": "((kt2.kind)::text = ANY ('{\"tv series\",episode}'::text[]))",
                                                                                                                "Rows Removed by Filter": 0,
                                                                                                                "Exact Heap Blocks": 22308,
                                                                                                                "Lossy Heap Blocks": 0,
                                                                                                                "Plans": [
                                                                                                                    {
                                                                                                                        "Node Type": "Bitmap Index Scan",
                                                                                                                        "Parent Relationship": "Outer",
                                                                                                                        "Parallel Aware": false,
                                                                                                                        "Index Name": "kind_type_pkey",
                                                                                                                        "Startup Cost": 0.0,
                                                                                                                        "Total Cost": 0.14,
                                                                                                                        "Plan Rows": 1,
                                                                                                                        "Plan Width": 0,
                                                                                                                        "Actual Startup Time": 0.001,
                                                                                                                        "Actual Total Time": 0.001,
                                                                                                                        "Actual Rows": 1,
                                                                                                                        "Actual Loops": 22308,
                                                                                                                        "Index Cond": "(kt2.id = t2.kind_id)"
                                                                                                                    }
                                                                                                                ]
                                                                                                            }
                                                                                                        ]
                                                                                                    },
                                                                                                    {
                                                                                                        "Node Type": "Bitmap Heap Scan",
                                                                                                        "Parent Relationship": "Inner",
                                                                                                        "Parallel Aware": false,
                                                                                                        "Relation Name": "movie_info_idx",
                                                                                                        "Schema": "public",
                                                                                                        "Alias": "mi_idx2",
                                                                                                        "Startup Cost": 0.46,
                                                                                                        "Total Cost": 4.51,
                                                                                                        "Plan Rows": 3,
                                                                                                        "Plan Width": 13,
                                                                                                        "Actual Startup Time": 0.006,
                                                                                                        "Actual Total Time": 0.007,
                                                                                                        "Actual Rows": 2,
                                                                                                        "Actual Loops": 11540,
                                                                                                        "Output": [
                                                                                                            "mi_idx2.id",
                                                                                                            "mi_idx2.movie_id",
                                                                                                            "mi_idx2.info_type_id",
                                                                                                            "mi_idx2.info",
                                                                                                            "mi_idx2.note"
                                                                                                        ],
                                                                                                        "Recheck Cond": "(mi_idx2.movie_id = t2.id)",
                                                                                                        "Rows Removed by Index Recheck": 0,
                                                                                                        "Filter": "(mi_idx2.info < '9'::text)",
                                                                                                        "Rows Removed by Filter": 0,
                                                                                                        "Exact Heap Blocks": 9164,
                                                                                                        "Lossy Heap Blocks": 0,
                                                                                                        "Plans": [
                                                                                                            {
                                                                                                                "Node Type": "Bitmap Index Scan",
                                                                                                                "Parent Relationship": "Outer",
                                                                                                                "Parallel Aware": false,
                                                                                                                "Index Name": "movie_id_movie_info_idx",
                                                                                                                "Startup Cost": 0.0,
                                                                                                                "Total Cost": 0.46,
                                                                                                                "Plan Rows": 3,
                                                                                                                "Plan Width": 0,
                                                                                                                "Actual Startup Time": 0.004,
                                                                                                                "Actual Total Time": 0.004,
                                                                                                                "Actual Rows": 2,
                                                                                                                "Actual Loops": 11540,
                                                                                                                "Index Cond": "(mi_idx2.movie_id = t2.id)"
                                                                                                            }
                                                                                                        ]
                                                                                                    }
                                                                                                ]
                                                                                            },
                                                                                            {
                                                                                                "Node Type": "Bitmap Heap Scan",
                                                                                                "Parent Relationship": "Inner",
                                                                                                "Parallel Aware": false,
                                                                                                "Relation Name": "info_type",
                                                                                                "Schema": "public",
                                                                                                "Alias": "it2",
                                                                                                "Startup Cost": 0.15,
                                                                                                "Total Cost": 4.17,
                                                                                                "Plan Rows": 1,
                                                                                                "Plan Width": 4,
                                                                                                "Actual Startup Time": 0.003,
                                                                                                "Actual Total Time": 0.003,
                                                                                                "Actual Rows": 0,
                                                                                                "Actual Loops": 26955,
                                                                                                "Output": [
                                                                                                    "it2.id",
                                                                                                    "it2.info"
                                                                                                ],
                                                                                                "Recheck Cond": "(it2.id = mi_idx2.info_type_id)",
                                                                                                "Rows Removed by Index Recheck": 0,
                                                                                                "Filter": "((it2.info)::text = 'rating'::text COLLATE \"C\")",
                                                                                                "Rows Removed by Filter": 1,
                                                                                                "Exact Heap Blocks": 26955,
                                                                                                "Lossy Heap Blocks": 0,
                                                                                                "Plans": [
                                                                                                    {
                                                                                                        "Node Type": "Bitmap Index Scan",
                                                                                                        "Parent Relationship": "Outer",
                                                                                                        "Parallel Aware": false,
                                                                                                        "Index Name": "info_type_pkey",
                                                                                                        "Startup Cost": 0.0,
                                                                                                        "Total Cost": 0.15,
                                                                                                        "Plan Rows": 1,
                                                                                                        "Plan Width": 0,
                                                                                                        "Actual Startup Time": 0.001,
                                                                                                        "Actual Total Time": 0.001,
                                                                                                        "Actual Rows": 1,
                                                                                                        "Actual Loops": 26955,
                                                                                                        "Index Cond": "(it2.id = mi_idx2.info_type_id)"
                                                                                                    }
                                                                                                ]
                                                                                            }
                                                                                        ]
                                                                                    },
                                                                                    {
                                                                                        "Node Type": "Bitmap Heap Scan",
                                                                                        "Parent Relationship": "Inner",
                                                                                        "Parallel Aware": false,
                                                                                        "Relation Name": "title",
                                                                                        "Schema": "public",
                                                                                        "Alias": "t1",
                                                                                        "Startup Cost": 1.64,
                                                                                        "Total Cost": 5.65,
                                                                                        "Plan Rows": 1,
                                                                                        "Plan Width": 25,
                                                                                        "Actual Startup Time": 0.004,
                                                                                        "Actual Total Time": 0.004,
                                                                                        "Actual Rows": 1,
                                                                                        "Actual Loops": 9117,
                                                                                        "Output": [
                                                                                            "t1.id",
                                                                                            "t1.title",
                                                                                            "t1.imdb_index",
                                                                                            "t1.kind_id",
                                                                                            "t1.production_year",
                                                                                            "t1.imdb_id",
                                                                                            "t1.phonetic_code",
                                                                                            "t1.episode_of_id",
                                                                                            "t1.season_nr",
                                                                                            "t1.episode_nr",
                                                                                            "t1.series_years",
                                                                                            "t1.md5sum"
                                                                                        ],
                                                                                        "Recheck Cond": "(t1.id = ml.movie_id)",
                                                                                        "Rows Removed by Index Recheck": 0,
                                                                                        "Exact Heap Blocks": 9117,
                                                                                        "Lossy Heap Blocks": 0,
                                                                                        "Plans": [
                                                                                            {
                                                                                                "Node Type": "Bitmap Index Scan",
                                                                                                "Parent Relationship": "Outer",
                                                                                                "Parallel Aware": false,
                                                                                                "Index Name": "title_pkey",
                                                                                                "Startup Cost": 0.0,
                                                                                                "Total Cost": 1.64,
                                                                                                "Plan Rows": 1,
                                                                                                "Plan Width": 0,
                                                                                                "Actual Startup Time": 0.003,
                                                                                                "Actual Total Time": 0.003,
                                                                                                "Actual Rows": 1,
                                                                                                "Actual Loops": 9117,
                                                                                                "Index Cond": "(t1.id = ml.movie_id)"
                                                                                            }
                                                                                        ]
                                                                                    }
                                                                                ]
                                                                            },
                                                                            {
                                                                                "Node Type": "Bitmap Heap Scan",
                                                                                "Parent Relationship": "Inner",
                                                                                "Parallel Aware": false,
                                                                                "Relation Name": "kind_type",
                                                                                "Schema": "public",
                                                                                "Alias": "kt1",
                                                                                "Startup Cost": 0.14,
                                                                                "Total Cost": 4.16,
                                                                                "Plan Rows": 1,
                                                                                "Plan Width": 4,
                                                                                "Actual Startup Time": 0.002,
                                                                                "Actual Total Time": 0.002,
                                                                                "Actual Rows": 1,
                                                                                "Actual Loops": 9117,
                                                                                "Output": [
                                                                                    "kt1.id",
                                                                                    "kt1.kind"
                                                                                ],
                                                                                "Recheck Cond": "(kt1.id = t1.kind_id)",
                                                                                "Rows Removed by Index Recheck": 0,
                                                                                "Filter": "((kt1.kind)::text = ANY ('{\"tv series\",episode}'::text[]))",
                                                                                "Rows Removed by Filter": 0,
                                                                                "Exact Heap Blocks": 9117,
                                                                                "Lossy Heap Blocks": 0,
                                                                                "Plans": [
                                                                                    {
                                                                                        "Node Type": "Bitmap Index Scan",
                                                                                        "Parent Relationship": "Outer",
                                                                                        "Parallel Aware": false,
                                                                                        "Index Name": "kind_type_pkey",
                                                                                        "Startup Cost": 0.0,
                                                                                        "Total Cost": 0.14,
                                                                                        "Plan Rows": 1,
                                                                                        "Plan Width": 0,
                                                                                        "Actual Startup Time": 0.001,
                                                                                        "Actual Total Time": 0.001,
                                                                                        "Actual Rows": 1,
                                                                                        "Actual Loops": 9117,
                                                                                        "Index Cond": "(kt1.id = t1.kind_id)"
                                                                                    }
                                                                                ]
                                                                            }
                                                                        ]
                                                                    },
                                                                    {
                                                                        "Node Type": "Bitmap Heap Scan",
                                                                        "Parent Relationship": "Inner",
                                                                        "Parallel Aware": false,
                                                                        "Relation Name": "movie_info_idx",
                                                                        "Schema": "public",
                                                                        "Alias": "mi_idx1",
                                                                        "Startup Cost": 0.46,
                                                                        "Total Cost": 4.5,
                                                                        "Plan Rows": 3,
                                                                        "Plan Width": 13,
                                                                        "Actual Startup Time": 0.004,
                                                                        "Actual Total Time": 0.004,
                                                                        "Actual Rows": 2,
                                                                        "Actual Loops": 9117,
                                                                        "Output": [
                                                                            "mi_idx1.id",
                                                                            "mi_idx1.movie_id",
                                                                            "mi_idx1.info_type_id",
                                                                            "mi_idx1.info",
                                                                            "mi_idx1.note"
                                                                        ],
                                                                        "Recheck Cond": "(mi_idx1.movie_id = t1.id)",
                                                                        "Rows Removed by Index Recheck": 0,
                                                                        "Exact Heap Blocks": 7447,
                                                                        "Lossy Heap Blocks": 0,
                                                                        "Plans": [
                                                                            {
                                                                                "Node Type": "Bitmap Index Scan",
                                                                                "Parent Relationship": "Outer",
                                                                                "Parallel Aware": false,
                                                                                "Index Name": "movie_id_movie_info_idx",
                                                                                "Startup Cost": 0.0,
                                                                                "Total Cost": 0.46,
                                                                                "Plan Rows": 3,
                                                                                "Plan Width": 0,
                                                                                "Actual Startup Time": 0.003,
                                                                                "Actual Total Time": 0.003,
                                                                                "Actual Rows": 2,
                                                                                "Actual Loops": 9117,
                                                                                "Index Cond": "(mi_idx1.movie_id = t1.id)"
                                                                            }
                                                                        ]
                                                                    }
                                                                ]
                                                            },
                                                            {
                                                                "Node Type": "Bitmap Heap Scan",
                                                                "Parent Relationship": "Inner",
                                                                "Parallel Aware": false,
                                                                "Relation Name": "info_type",
                                                                "Schema": "public",
                                                                "Alias": "it1",
                                                                "Startup Cost": 0.15,
                                                                "Total Cost": 4.17,
                                                                "Plan Rows": 1,
                                                                "Plan Width": 4,
                                                                "Actual Startup Time": 0.003,
                                                                "Actual Total Time": 0.003,
                                                                "Actual Rows": 0,
                                                                "Actual Loops": 22341,
                                                                "Output": [
                                                                    "it1.id",
                                                                    "it1.info"
                                                                ],
                                                                "Recheck Cond": "(it1.id = mi_idx1.info_type_id)",
                                                                "Rows Removed by Index Recheck": 0,
                                                                "Filter": "((it1.info)::text = 'rating'::text COLLATE \"C\")",
                                                                "Rows Removed by Filter": 1,
                                                                "Exact Heap Blocks": 22341,
                                                                "Lossy Heap Blocks": 0,
                                                                "Plans": [
                                                                    {
                                                                        "Node Type": "Bitmap Index Scan",
                                                                        "Parent Relationship": "Outer",
                                                                        "Parallel Aware": false,
                                                                        "Index Name": "info_type_pkey",
                                                                        "Startup Cost": 0.0,
                                                                        "Total Cost": 0.15,
                                                                        "Plan Rows": 1,
                                                                        "Plan Width": 0,
                                                                        "Actual Startup Time": 0.001,
                                                                        "Actual Total Time": 0.001,
                                                                        "Actual Rows": 1,
                                                                        "Actual Loops": 22341,
                                                                        "Index Cond": "(it1.id = mi_idx1.info_type_id)"
                                                                    }
                                                                ]
                                                            }
                                                        ]
                                                    },
                                                    {
                                                        "Node Type": "Bitmap Heap Scan",
                                                        "Parent Relationship": "Inner",
                                                        "Parallel Aware": false,
                                                        "Relation Name": "movie_companies",
                                                        "Schema": "public",
                                                        "Alias": "mc1",
                                                        "Startup Cost": 0.48,
                                                        "Total Cost": 4.55,
                                                        "Plan Rows": 5,
                                                        "Plan Width": 8,
                                                        "Actual Startup Time": 0.005,
                                                        "Actual Total Time": 0.007,
                                                        "Actual Rows": 7,
                                                        "Actual Loops": 7447,
                                                        "Output": [
                                                            "mc1.id",
                                                            "mc1.movie_id",
                                                            "mc1.company_id",
                                                            "mc1.company_type_id",
                                                            "mc1.note"
                                                        ],
                                                        "Recheck Cond": "(mc1.movie_id = t1.id)",
                                                        "Rows Removed by Index Recheck": 0,
                                                        "Exact Heap Blocks": 12566,
                                                        "Lossy Heap Blocks": 0,
                                                        "Plans": [
                                                            {
                                                                "Node Type": "Bitmap Index Scan",
                                                                "Parent Relationship": "Outer",
                                                                "Parallel Aware": false,
                                                                "Index Name": "movie_id_movie_companies",
                                                                "Startup Cost": 0.0,
                                                                "Total Cost": 0.48,
                                                                "Plan Rows": 5,
                                                                "Plan Width": 0,
                                                                "Actual Startup Time": 0.003,
                                                                "Actual Total Time": 0.003,
                                                                "Actual Rows": 7,
                                                                "Actual Loops": 7447,
                                                                "Index Cond": "(mc1.movie_id = t1.id)"
                                                            }
                                                        ]
                                                    }
                                                ]
                                            },
                                            {
                                                "Node Type": "Bitmap Heap Scan",
                                                "Parent Relationship": "Inner",
                                                "Parallel Aware": false,
                                                "Relation Name": "company_name",
                                                "Schema": "public",
                                                "Alias": "cn1",
                                                "Startup Cost": 0.43,
                                                "Total Cost": 4.44,
                                                "Plan Rows": 1,
                                                "Plan Width": 23,
                                                "Actual Startup Time": 0.003,
                                                "Actual Total Time": 0.003,
                                                "Actual Rows": 1,
                                                "Actual Loops": 54793,
                                                "Output": [
                                                    "cn1.id",
                                                    "cn1.name",
                                                    "cn1.country_code",
                                                    "cn1.imdb_id",
                                                    "cn1.name_pcode_nf",
                                                    "cn1.name_pcode_sf",
                                                    "cn1.md5sum"
                                                ],
                                                "Recheck Cond": "(cn1.id = mc1.company_id)",
                                                "Rows Removed by Index Recheck": 0,
                                                "Filter": "((cn1.country_code)::text <> '[us]'::text)",
                                                "Rows Removed by Filter": 0,
                                                "Exact Heap Blocks": 54793,
                                                "Lossy Heap Blocks": 0,
                                                "Plans": [
                                                    {
                                                        "Node Type": "Bitmap Index Scan",
                                                        "Parent Relationship": "Outer",
                                                        "Parallel Aware": false,
                                                        "Index Name": "company_name_pkey",
                                                        "Startup Cost": 0.0,
                                                        "Total Cost": 0.43,
                                                        "Plan Rows": 1,
                                                        "Plan Width": 0,
                                                        "Actual Startup Time": 0.002,
                                                        "Actual Total Time": 0.002,
                                                        "Actual Rows": 1,
                                                        "Actual Loops": 54793,
                                                        "Index Cond": "(cn1.id = mc1.company_id)"
                                                    }
                                                ]
                                            }
                                        ]
                                    },
                                    {
                                        "Node Type": "Bitmap Heap Scan",
                                        "Parent Relationship": "Inner",
                                        "Parallel Aware": false,
                                        "Relation Name": "movie_companies",
                                        "Schema": "public",
                                        "Alias": "mc2",
                                        "Startup Cost": 0.49,
                                        "Total Cost": 4.55,
                                        "Plan Rows": 5,
                                        "Plan Width": 8,
                                        "Actual Startup Time": 0.004,
                                        "Actual Total Time": 0.006,
                                        "Actual Rows": 4,
                                        "Actual Loops": 31870,
                                        "Output": [
                                            "mc2.id",
                                            "mc2.movie_id",
                                            "mc2.company_id",
                                            "mc2.company_type_id",
                                            "mc2.note"
                                        ],
                                        "Recheck Cond": "(mc2.movie_id = t2.id)",
                                        "Rows Removed by Index Recheck": 0,
                                        "Exact Heap Blocks": 42394,
                                        "Lossy Heap Blocks": 0,
                                        "Plans": [
                                            {
                                                "Node Type": "Bitmap Index Scan",
                                                "Parent Relationship": "Outer",
                                                "Parallel Aware": false,
                                                "Index Name": "movie_id_movie_companies",
                                                "Startup Cost": 0.0,
                                                "Total Cost": 0.49,
                                                "Plan Rows": 5,
                                                "Plan Width": 0,
                                                "Actual Startup Time": 0.003,
                                                "Actual Total Time": 0.003,
                                                "Actual Rows": 4,
                                                "Actual Loops": 31870,
                                                "Index Cond": "(mc2.movie_id = t2.id)"
                                            }
                                        ]
                                    }
                                ]
                            },
                            {
                                "Node Type": "Bitmap Heap Scan",
                                "Parent Relationship": "Inner",
                                "Parallel Aware": false,
                                "Relation Name": "company_name",
                                "Schema": "public",
                                "Alias": "cn2",
                                "Startup Cost": 0.43,
                                "Total Cost": 4.44,
                                "Plan Rows": 1,
                                "Plan Width": 23,
                                "Actual Startup Time": 0.003,
                                "Actual Total Time": 0.003,
                                "Actual Rows": 1,
                                "Actual Loops": 117930,
                                "Output": [
                                    "cn2.id",
                                    "cn2.name",
                                    "cn2.country_code",
                                    "cn2.imdb_id",
                                    "cn2.name_pcode_nf",
                                    "cn2.name_pcode_sf",
                                    "cn2.md5sum"
                                ],
                                "Recheck Cond": "(cn2.id = mc2.company_id)",
                                "Rows Removed by Index Recheck": 0,
                                "Exact Heap Blocks": 117930,
                                "Lossy Heap Blocks": 0,
                                "Plans": [
                                    {
                                        "Node Type": "Bitmap Index Scan",
                                        "Parent Relationship": "Outer",
                                        "Parallel Aware": false,
                                        "Index Name": "company_name_pkey",
                                        "Startup Cost": 0.0,
                                        "Total Cost": 0.43,
                                        "Plan Rows": 1,
                                        "Plan Width": 0,
                                        "Actual Startup Time": 0.002,
                                        "Actual Total Time": 0.002,
                                        "Actual Rows": 1,
                                        "Actual Loops": 117930,
                                        "Index Cond": "(cn2.id = mc2.company_id)"
                                    }
                                ]
                            }
                        ]
                    },
                    {
                        "Node Type": "Bitmap Heap Scan",
                        "Parent Relationship": "Inner",
                        "Parallel Aware": false,
                        "Relation Name": "link_type",
                        "Schema": "public",
                        "Alias": "lt",
                        "Startup Cost": 0.15,
                        "Total Cost": 4.16,
                        "Plan Rows": 1,
                        "Plan Width": 4,
                        "Actual Startup Time": 0.003,
                        "Actual Total Time": 0.003,
                        "Actual Rows": 0,
                        "Actual Loops": 117930,
                        "Output": [
                            "lt.id",
                            "lt.link"
                        ],
                        "Recheck Cond": "(lt.id = ml.link_type_id)",
                        "Rows Removed by Index Recheck": 0,
                        "Filter": "((lt.link)::text = ANY ('{\"spoofed in\",\"featured in\",\"remake of\"}'::text[]))",
                        "Rows Removed by Filter": 1,
                        "Exact Heap Blocks": 117930,
                        "Lossy Heap Blocks": 0,
                        "Plans": [
                            {
                                "Node Type": "Bitmap Index Scan",
                                "Parent Relationship": "Outer",
                                "Parallel Aware": false,
                                "Index Name": "link_type_pkey",
                                "Startup Cost": 0.0,
                                "Total Cost": 0.15,
                                "Plan Rows": 1,
                                "Plan Width": 0,
                                "Actual Startup Time": 0.001,
                                "Actual Total Time": 0.001,
                                "Actual Rows": 1,
                                "Actual Loops": 117930,
                                "Index Cond": "(lt.id = ml.link_type_id)"
                            }
                        ]
                    }
                ]
            }
        ]
    },
    "Planning Time": 196.715,
    "Triggers": [],
    "Execution Time": 2781.135
}