{
  "Plan": {
    "Node Type": "Aggregate",
    "Strategy": "Plain",
    "Partial Mode": "Finalize",
    "Parallel Aware": false,
    "Startup Cost": 101190.63,
    "Total Cost": 101190.64,
    "Plan Rows": 1,
    "Plan Width": 8,
    "Actual Startup Time": 287.232,
    "Actual Total Time": 296.327,
    "Actual Rows": 1,
    "Actual Loops": 1,
    "Plans": [
      {
        "Node Type": "Gather",
        "Parent Relationship": "Outer",
        "Parallel Aware": false,
        "Startup Cost": 101190.52,
        "Total Cost": 101190.63,
        "Plan Rows": 1,
        "Plan Width": 8,
        "Actual Startup Time": 286.184,
        "Actual Total Time": 296.318,
        "Actual Rows": 2,
        "Actual Loops": 1,
        "Workers Planned": 1,
        "Workers Launched": 1,
        "Single Copy": false,
        "Plans": [
          {
            "Node Type": "Aggregate",
            "Strategy": "Plain",
            "Partial Mode": "Partial",
            "Parent Relationship": "Outer",
            "Parallel Aware": false,
            "Startup Cost": 100190.52,
            "Total Cost": 100190.53,
            "Plan Rows": 1,
            "Plan Width": 8,
            "Actual Startup Time": 280.022,
            "Actual Total Time": 280.026,
            "Actual Rows": 1,
            "Actual Loops": 2,
            "Plans": [
              {
                "Node Type": "Hash Join",
                "Parent Relationship": "Outer",
                "Parallel Aware": true,
                "Join Type": "Inner",
                "Startup Cost": 57493.83,
                "Total Cost": 100011.83,
                "Plan Rows": 71476,
                "Plan Width": 0,
                "Actual Startup Time": 173.207,
                "Actual Total Time": 276.803,
                "Actual Rows": 76075,
                "Actual Loops": 2,
                "Inner Unique": true,
                "Hash Cond": "(mc.movie_id = t.id)",
                "Plans": [
                  {
                    "Node Type": "Index Scan",
                    "Parent Relationship": "Outer",
                    "Parallel Aware": true,
                    "Scan Direction": "Forward",
                    "Index Name": "company_type_id_movie_companies",
                    "Relation Name": "movie_companies",
                    "Alias": "mc",
                    "Startup Cost": 0.43,
                    "Total Cost": 41574.35,
                    "Plan Rows": 359645,
                    "Plan Width": 4,
                    "Actual Startup Time": 25.944,
                    "Actual Total Time": 92.628,
                    "Actual Rows": 176541,
                    "Actual Loops": 2,
                    "Index Cond": "(company_type_id = 1)",
                    "Rows Removed by Index Recheck": 0,
                    "Filter": "(company_id > 11713)",
                    "Rows Removed by Filter": 460582
                  },
                  {
                    "Node Type": "Hash",
                    "Parent Relationship": "Inner",
                    "Parallel Aware": true,
                    "Startup Cost": 53798.73,
                    "Total Cost": 53798.73,
                    "Plan Rows": 295574,
                    "Plan Width": 4,
                    "Actual Startup Time": 141.843,
                    "Actual Total Time": 141.845,
                    "Actual Rows": 186816,
                    "Actual Loops": 2,
                    "Hash Buckets": 524288,
                    "Original Hash Buckets": 524288,
                    "Hash Batches": 1,
                    "Original Hash Batches": 1,
                    "Peak Memory Usage": 18720,
                    "Plans": [
                      {
                        "Node Type": "Bitmap Heap Scan",
                        "Parent Relationship": "Outer",
                        "Parallel Aware": true,
                        "Relation Name": "title",
                        "Alias": "t",
                        "Startup Cost": 11948.47,
                        "Total Cost": 53798.73,
                        "Plan Rows": 295574,
                        "Plan Width": 4,
                        "Actual Startup Time": 36.718,
                        "Actual Total Time": 102.361,
                        "Actual Rows": 186816,
                        "Actual Loops": 2,
                        "Recheck Cond": "(kind_id < 2)",
                        "Rows Removed by Index Recheck": 0,
                        "Filter": "(production_year > 1982)",
                        "Rows Removed by Filter": 144596,
                        "Exact Heap Blocks": 8158,
                        "Lossy Heap Blocks": 0,
                        "Plans": [
                          {
                            "Node Type": "Bitmap Index Scan",
                            "Parent Relationship": "Outer",
                            "Parallel Aware": false,
                            "Index Name": "kind_id_title",
                            "Startup Cost": 0.0,
                            "Total Cost": 11822.85,
                            "Plan Rows": 663256,
                            "Plan Width": 0,
                            "Actual Startup Time": 35.347,
                            "Actual Total Time": 35.347,
                            "Actual Rows": 662825,
                            "Actual Loops": 1,
                            "Index Cond": "(kind_id < 2)"
                          }
                        ]
                      }
                    ]
                  }
                ]
              }
            ]
          }
        ]
      }
    ]
  },
  "Planning Time": 0.723,
  "Triggers": [],
  "Execution Time": 296.417
}