[
  {
    "Plan": {
      "Node Type": "Aggregate",
      "Strategy": "Plain",
      "Partial Mode": "Finalize",
      "Parallel Aware": false,
      "Startup Cost": 47023.73,
      "Total Cost": 47023.74,
      "Plan Rows": 1,
      "Plan Width": 8,
      "Actual Startup Time": 155.859,
      "Actual Total Time": 162.882,
      "Actual Rows": 1,
      "Actual Loops": 1,
      "Plans": [
        {
          "Node Type": "Gather",
          "Parent Relationship": "Outer",
          "Parallel Aware": false,
          "Startup Cost": 47023.41,
          "Total Cost": 47023.72,
          "Plan Rows": 3,
          "Plan Width": 8,
          "Actual Startup Time": 155.748,
          "Actual Total Time": 162.875,
          "Actual Rows": 4,
          "Actual Loops": 1,
          "Workers Planned": 3,
          "Workers Launched": 3,
          "Single Copy": false,
          "Plans": [
            {
              "Node Type": "Aggregate",
              "Strategy": "Plain",
              "Partial Mode": "Partial",
              "Parent Relationship": "Outer",
              "Parallel Aware": false,
              "Startup Cost": 46023.41,
              "Total Cost": 46023.42,
              "Plan Rows": 1,
              "Plan Width": 8,
              "Actual Startup Time": 151.059,
              "Actual Total Time": 151.06,
              "Actual Rows": 1,
              "Actual Loops": 4,
              "Plans": [
                {
                  "Node Type": "Seq Scan",
                  "Parent Relationship": "Outer",
                  "Parallel Aware": true,
                  "Relation Name": "movie_keyword",
                  "Alias": "mk",
                  "Startup Cost": 0.0,
                  "Total Cost": 42695.65,
                  "Plan Rows": 1331104,
                  "Plan Width": 0,
                  "Actual Startup Time": 0.032,
                  "Actual Total Time": 108.782,
                  "Actual Rows": 1031584,
                  "Actual Loops": 4,
                  "Filter": "(keyword_id < 43544)",
                  "Rows Removed by Filter": 99398
                }
              ]
            }
          ]
        }
      ]
    },
    "Planning Time": 0.093,
    "Triggers": [],
    "Execution Time": 162.919
  }
]