[
  {
    "Plan": {
      "Node Type": "Aggregate",
      "Strategy": "Plain",
      "Partial Mode": "Finalize",
      "Parallel Aware": false,
      "Startup Cost": 17928.14,
      "Total Cost": 17928.15,
      "Plan Rows": 1,
      "Plan Width": 8,
      "Actual Startup Time": 20.919,
      "Actual Total Time": 24.129,
      "Actual Rows": 1,
      "Actual Loops": 1,
      "Plans": [
        {
          "Node Type": "Gather",
          "Parent Relationship": "Outer",
          "Parallel Aware": false,
          "Startup Cost": 17928.03,
          "Total Cost": 17928.14,
          "Plan Rows": 1,
          "Plan Width": 8,
          "Actual Startup Time": 20.59,
          "Actual Total Time": 24.121,
          "Actual Rows": 2,
          "Actual Loops": 1,
          "Workers Planned": 1,
          "Workers Launched": 1,
          "Single Copy": false,
          "Plans": [
            {
              "Node Type": "Aggregate",
              "Strategy": "Plain",
              "Partial Mode": "Partial",
              "Parent Relationship": "Outer",
              "Parallel Aware": false,
              "Startup Cost": 16928.03,
              "Total Cost": 16928.04,
              "Plan Rows": 1,
              "Plan Width": 8,
              "Actual Startup Time": 14.427,
              "Actual Total Time": 14.43,
              "Actual Rows": 1,
              "Actual Loops": 2,
              "Plans": [
                {
                  "Node Type": "Nested Loop",
                  "Parent Relationship": "Outer",
                  "Parallel Aware": false,
                  "Join Type": "Inner",
                  "Startup Cost": 73.84,
                  "Total Cost": 16928.01,
                  "Plan Rows": 8,
                  "Plan Width": 0,
                  "Actual Startup Time": 7.217,
                  "Actual Total Time": 14.423,
                  "Actual Rows": 1,
                  "Actual Loops": 2,
                  "Inner Unique": false,
                  "Plans": [
                    {
                      "Node Type": "Nested Loop",
                      "Parent Relationship": "Outer",
                      "Parallel Aware": false,
                      "Join Type": "Inner",
                      "Startup Cost": 73.41,
                      "Total Cost": 16202.77,
                      "Plan Rows": 481,
                      "Plan Width": 8,
                      "Actual Startup Time": 6.105,
                      "Actual Total Time": 13.408,
                      "Actual Rows": 240,
                      "Actual Loops": 2,
                      "Inner Unique": true,
                      "Plans": [
                        {
                          "Node Type": "Bitmap Heap Scan",
                          "Parent Relationship": "Outer",
                          "Parallel Aware": true,
                          "Relation Name": "movie_companies",
                          "Alias": "mc",
                          "Startup Cost": 72.98,
                          "Total Cost": 8427.95,
                          "Plan Rows": 968,
                          "Plan Width": 4,
                          "Actual Startup Time": 1.774,
                          "Actual Total Time": 4.003,
                          "Actual Rows": 996,
                          "Actual Loops": 2,
                          "Recheck Cond": "(company_id = 401)",
                          "Rows Removed by Index Recheck": 0,
                          "Filter": "(company_type_id = 2)",
                          "Rows Removed by Filter": 684,
                          "Exact Heap Blocks": 1526,
                          "Lossy Heap Blocks": 0,
                          "Plans": [
                            {
                              "Node Type": "Bitmap Index Scan",
                              "Parent Relationship": "Outer",
                              "Parallel Aware": false,
                              "Index Name": "company_id_movie_companies",
                              "Startup Cost": 0.0,
                              "Total Cost": 72.56,
                              "Plan Rows": 3218,
                              "Plan Width": 0,
                              "Actual Startup Time": 1.51,
                              "Actual Total Time": 1.511,
                              "Actual Rows": 3362,
                              "Actual Loops": 1,
                              "Index Cond": "(company_id = 401)"
                            }
                          ]
                        },
                        {
                          "Node Type": "Index Scan",
                          "Parent Relationship": "Inner",
                          "Parallel Aware": false,
                          "Scan Direction": "Forward",
                          "Index Name": "title_pkey",
                          "Relation Name": "title",
                          "Alias": "t",
                          "Startup Cost": 0.43,
                          "Total Cost": 8.03,
                          "Plan Rows": 1,
                          "Plan Width": 4,
                          "Actual Startup Time": 0.009,
                          "Actual Total Time": 0.009,
                          "Actual Rows": 0,
                          "Actual Loops": 1993,
                          "Index Cond": "(id = mc.movie_id)",
                          "Rows Removed by Index Recheck": 0,
                          "Filter": "((production_year > 1972) AND (kind_id = 7))",
                          "Rows Removed by Filter": 1
                        }
                      ]
                    },
                    {
                      "Node Type": "Index Scan",
                      "Parent Relationship": "Inner",
                      "Parallel Aware": false,
                      "Scan Direction": "Forward",
                      "Index Name": "movie_id_movie_keyword",
                      "Relation Name": "movie_keyword",
                      "Alias": "mk",
                      "Startup Cost": 0.43,
                      "Total Cost": 1.5,
                      "Plan Rows": 1,
                      "Plan Width": 4,
                      "Actual Startup Time": 0.004,
                      "Actual Total Time": 0.004,
                      "Actual Rows": 0,
                      "Actual Loops": 481,
                      "Index Cond": "(movie_id = t.id)",
                      "Rows Removed by Index Recheck": 0,
                      "Filter": "(keyword_id = 117)",
                      "Rows Removed by Filter": 1
                    }
                  ]
                }
              ]
            }
          ]
        }
      ]
    },
    "Planning Time": 0.674,
    "Triggers": [],
    "Execution Time": 24.183
  }
]