{
  "Plan": {
    "Node Type": "Aggregate",
    "Strategy": "Plain",
    "Partial Mode": "Finalize",
    "Parallel Aware": false,
    "Startup Cost": 215268.58,
    "Total Cost": 215268.59,
    "Plan Rows": 1,
    "Plan Width": 8,
    "Actual Startup Time": 1896.053,
    "Actual Total Time": 1966.67,
    "Actual Rows": 1,
    "Actual Loops": 1,
    "Plans": [
      {
        "Node Type": "Gather",
        "Parent Relationship": "Outer",
        "Parallel Aware": false,
        "Startup Cost": 215268.47,
        "Total Cost": 215268.58,
        "Plan Rows": 1,
        "Plan Width": 8,
        "Actual Startup Time": 1895.104,
        "Actual Total Time": 1966.66,
        "Actual Rows": 2,
        "Actual Loops": 1,
        "Workers Planned": 1,
        "Workers Launched": 1,
        "Single Copy": false,
        "Plans": [
          {
            "Node Type": "Aggregate",
            "Strategy": "Plain",
            "Partial Mode": "Partial",
            "Parent Relationship": "Outer",
            "Parallel Aware": false,
            "Startup Cost": 214268.47,
            "Total Cost": 214268.48,
            "Plan Rows": 1,
            "Plan Width": 8,
            "Actual Startup Time": 1891.083,
            "Actual Total Time": 1891.089,
            "Actual Rows": 1,
            "Actual Loops": 2,
            "Plans": [
              {
                "Node Type": "Nested Loop",
                "Parent Relationship": "Outer",
                "Parallel Aware": false,
                "Join Type": "Inner",
                "Startup Cost": 79907.34,
                "Total Cost": 213094.33,
                "Plan Rows": 469655,
                "Plan Width": 0,
                "Actual Startup Time": 251.868,
                "Actual Total Time": 1786.29,
                "Actual Rows": 1505986,
                "Actual Loops": 2,
                "Inner Unique": false,
                "Join Filter": "(t.id = ci.movie_id)",
                "Rows Removed by Join Filter": 0,
                "Plans": [
                  {
                    "Node Type": "Hash Join",
                    "Parent Relationship": "Outer",
                    "Parallel Aware": true,
                    "Join Type": "Inner",
                    "Startup Cost": 79906.78,
                    "Total Cost": 114603.51,
                    "Plan Rows": 32776,
                    "Plan Width": 8,
                    "Actual Startup Time": 251.702,
                    "Actual Total Time": 485.504,
                    "Actual Rows": 26347,
                    "Actual Loops": 2,
                    "Inner Unique": true,
                    "Hash Cond": "(mk.movie_id = t.id)",
                    "Plans": [
                      {
                        "Node Type": "Bitmap Heap Scan",
                        "Parent Relationship": "Outer",
                        "Parallel Aware": true,
                        "Relation Name": "movie_keyword",
                        "Alias": "mk",
                        "Startup Cost": 24418.61,
                        "Total Cost": 57337.68,
                        "Plan Rows": 677205,
                        "Plan Width": 4,
                        "Actual Startup Time": 72.127,
                        "Actual Total Time": 202.291,
                        "Actual Rows": 577123,
                        "Actual Loops": 2,
                        "Recheck Cond": "(keyword_id > 16151)",
                        "Rows Removed by Index Recheck": 0,
                        "Exact Heap Blocks": 14520,
                        "Lossy Heap Blocks": 0,
                        "Plans": [
                          {
                            "Node Type": "Bitmap Index Scan",
                            "Parent Relationship": "Outer",
                            "Parallel Aware": false,
                            "Index Name": "keyword_id_movie_keyword",
                            "Startup Cost": 0.0,
                            "Total Cost": 24130.8,
                            "Plan Rows": 1151249,
                            "Plan Width": 0,
                            "Actual Startup Time": 68.463,
                            "Actual Total Time": 68.464,
                            "Actual Rows": 1154246,
                            "Actual Loops": 1,
                            "Index Cond": "(keyword_id > 16151)"
                          }
                        ]
                      },
                      {
                        "Node Type": "Hash",
                        "Parent Relationship": "Inner",
                        "Parallel Aware": true,
                        "Startup Cost": 54588.39,
                        "Total Cost": 54588.39,
                        "Plan Rows": 71982,
                        "Plan Width": 4,
                        "Actual Startup Time": 177.165,
                        "Actual Total Time": 177.165,
                        "Actual Rows": 61430,
                        "Actual Loops": 2,
                        "Hash Buckets": 131072,
                        "Original Hash Buckets": 131072,
                        "Hash Batches": 1,
                        "Original Hash Batches": 1,
                        "Peak Memory Usage": 5888,
                        "Plans": [
                          {
                            "Node Type": "Seq Scan",
                            "Parent Relationship": "Outer",
                            "Parallel Aware": true,
                            "Relation Name": "title",
                            "Alias": "t",
                            "Startup Cost": 0.0,
                            "Total Cost": 54588.39,
                            "Plan Rows": 71982,
                            "Plan Width": 4,
                            "Actual Startup Time": 0.029,
                            "Actual Total Time": 155.489,
                            "Actual Rows": 61430,
                            "Actual Loops": 2,
                            "Filter": "(production_year = 2008)",
                            "Rows Removed by Filter": 1202726
                          }
                        ]
                      }
                    ]
                  },
                  {
                    "Node Type": "Index Only Scan",
                    "Parent Relationship": "Inner",
                    "Parallel Aware": false,
                    "Scan Direction": "Forward",
                    "Index Name": "movie_id_cast_info",
                    "Relation Name": "cast_info",
                    "Alias": "ci",
                    "Startup Cost": 0.56,
                    "Total Cost": 2.54,
                    "Plan Rows": 37,
                    "Plan Width": 4,
                    "Actual Startup Time": 0.006,
                    "Actual Total Time": 0.041,
                    "Actual Rows": 57,
                    "Actual Loops": 52694,
                    "Index Cond": "(movie_id = mk.movie_id)",
                    "Rows Removed by Index Recheck": 0,
                    "Heap Fetches": 3011971
                  }
                ]
              }
            ]
          }
        ]
      }
    ]
  },
  "Planning Time": 0.625,
  "Triggers": [],
  "Execution Time": 1966.761
}