[
  {
    "Plan": {
      "Node Type": "Aggregate",
      "Strategy": "Plain",
      "Partial Mode": "Finalize",
      "Parallel Aware": false,
      "Startup Cost": 397513.56,
      "Total Cost": 397513.57,
      "Plan Rows": 1,
      "Plan Width": 8,
      "Actual Startup Time": 2483.958,
      "Actual Total Time": 2542.483,
      "Actual Rows": 1,
      "Actual Loops": 1,
      "Plans": [
        {
          "Node Type": "Gather",
          "Parent Relationship": "Outer",
          "Parallel Aware": false,
          "Startup Cost": 397512.93,
          "Total Cost": 397513.54,
          "Plan Rows": 6,
          "Plan Width": 8,
          "Actual Startup Time": 2460.207,
          "Actual Total Time": 2542.469,
          "Actual Rows": 7,
          "Actual Loops": 1,
          "Workers Planned": 6,
          "Workers Launched": 6,
          "Single Copy": false,
          "Plans": [
            {
              "Node Type": "Aggregate",
              "Strategy": "Plain",
              "Partial Mode": "Partial",
              "Parent Relationship": "Outer",
              "Parallel Aware": false,
              "Startup Cost": 396512.93,
              "Total Cost": 396512.94,
              "Plan Rows": 1,
              "Plan Width": 8,
              "Actual Startup Time": 2439.137,
              "Actual Total Time": 2439.14,
              "Actual Rows": 1,
              "Actual Loops": 7,
              "Plans": [
                {
                  "Node Type": "Hash Join",
                  "Parent Relationship": "Outer",
                  "Parallel Aware": true,
                  "Join Type": "Inner",
                  "Startup Cost": 51575.17,
                  "Total Cost": 388450.51,
                  "Plan Rows": 3224968,
                  "Plan Width": 0,
                  "Actual Startup Time": 271.045,
                  "Actual Total Time": 2298.526,
                  "Actual Rows": 2822498,
                  "Actual Loops": 7,
                  "Inner Unique": true,
                  "Hash Cond": "(ci.movie_id = t.id)",
                  "Plans": [
                    {
                      "Node Type": "Seq Scan",
                      "Parent Relationship": "Outer",
                      "Parallel Aware": true,
                      "Relation Name": "cast_info",
                      "Alias": "ci",
                      "Startup Cost": 0.0,
                      "Total Cost": 328162.03,
                      "Plan Rows": 3319357,
                      "Plan Width": 4,
                      "Actual Startup Time": 0.021,
                      "Actual Total Time": 648.476,
                      "Actual Rows": 2850321,
                      "Actual Loops": 7,
                      "Filter": "(person_id < 2004143)",
                      "Rows Removed by Filter": 2327443
                    },
                    {
                      "Node Type": "Hash",
                      "Parent Relationship": "Inner",
                      "Parallel Aware": true,
                      "Startup Cost": 43898.92,
                      "Total Cost": 43898.92,
                      "Plan Rows": 614100,
                      "Plan Width": 4,
                      "Actual Startup Time": 264.287,
                      "Actual Total Time": 264.288,
                      "Actual Rows": 350553,
                      "Actual Loops": 7,
                      "Hash Buckets": 4194304,
                      "Original Hash Buckets": 4194304,
                      "Hash Batches": 1,
                      "Original Hash Batches": 1,
                      "Peak Memory Usage": 128896,
                      "Plans": [
                        {
                          "Node Type": "Seq Scan",
                          "Parent Relationship": "Outer",
                          "Parallel Aware": true,
                          "Relation Name": "title",
                          "Alias": "t",
                          "Startup Cost": 0.0,
                          "Total Cost": 43898.92,
                          "Plan Rows": 614100,
                          "Plan Width": 4,
                          "Actual Startup Time": 0.041,
                          "Actual Total Time": 90.054,
                          "Actual Rows": 350553,
                          "Actual Loops": 7,
                          "Filter": "(production_year > 1897)",
                          "Rows Removed by Filter": 10634
                        }
                      ]
                    }
                  ]
                }
              ]
            }
          ]
        }
      ]
    },
    "Planning Time": 0.586,
    "Triggers": [],
    "Execution Time": 2542.568
  }
]