[
  {
    "Plan": {
      "Node Type": "Aggregate",
      "Strategy": "Plain",
      "Partial Mode": "Finalize",
      "Parallel Aware": false,
      "Startup Cost": 32296.34,
      "Total Cost": 32296.35,
      "Plan Rows": 1,
      "Plan Width": 8,
      "Actual Startup Time": 124.024,
      "Actual Total Time": 133.194,
      "Actual Rows": 1,
      "Actual Loops": 1,
      "Plans": [
        {
          "Node Type": "Gather",
          "Parent Relationship": "Outer",
          "Parallel Aware": false,
          "Startup Cost": 32296.03,
          "Total Cost": 32296.34,
          "Plan Rows": 3,
          "Plan Width": 8,
          "Actual Startup Time": 123.83,
          "Actual Total Time": 133.183,
          "Actual Rows": 4,
          "Actual Loops": 1,
          "Workers Planned": 3,
          "Workers Launched": 3,
          "Single Copy": false,
          "Plans": [
            {
              "Node Type": "Aggregate",
              "Strategy": "Plain",
              "Partial Mode": "Partial",
              "Parent Relationship": "Outer",
              "Parallel Aware": false,
              "Startup Cost": 31296.03,
              "Total Cost": 31296.04,
              "Plan Rows": 1,
              "Plan Width": 8,
              "Actual Startup Time": 118.389,
              "Actual Total Time": 118.39,
              "Actual Rows": 1,
              "Actual Loops": 4,
              "Plans": [
                {
                  "Node Type": "Seq Scan",
                  "Parent Relationship": "Outer",
                  "Parallel Aware": true,
                  "Relation Name": "movie_companies",
                  "Alias": "mc",
                  "Startup Cost": 0.0,
                  "Total Cost": 29310.68,
                  "Plan Rows": 794138,
                  "Plan Width": 0,
                  "Actual Startup Time": 0.027,
                  "Actual Total Time": 88.701,
                  "Actual Rows": 616338,
                  "Actual Loops": 4,
                  "Filter": "(company_id < 134770)",
                  "Rows Removed by Filter": 35945
                }
              ]
            }
          ]
        }
      ]
    },
    "Planning Time": 0.179,
    "Triggers": [],
    "Execution Time": 133.247
  }
]