[
  {
    "Plan": {
      "Node Type": "Aggregate",
      "Strategy": "Plain",
      "Partial Mode": "Finalize",
      "Parallel Aware": false,
      "Startup Cost": 32296.46,
      "Total Cost": 32296.47,
      "Plan Rows": 1,
      "Plan Width": 8,
      "Actual Startup Time": 116.151,
      "Actual Total Time": 121.23,
      "Actual Rows": 1,
      "Actual Loops": 1,
      "Plans": [
        {
          "Node Type": "Gather",
          "Parent Relationship": "Outer",
          "Parallel Aware": false,
          "Startup Cost": 32296.15,
          "Total Cost": 32296.46,
          "Plan Rows": 3,
          "Plan Width": 8,
          "Actual Startup Time": 116.032,
          "Actual Total Time": 121.223,
          "Actual Rows": 4,
          "Actual Loops": 1,
          "Workers Planned": 3,
          "Workers Launched": 3,
          "Single Copy": false,
          "Plans": [
            {
              "Node Type": "Aggregate",
              "Strategy": "Plain",
              "Partial Mode": "Partial",
              "Parent Relationship": "Outer",
              "Parallel Aware": false,
              "Startup Cost": 31296.15,
              "Total Cost": 31296.16,
              "Plan Rows": 1,
              "Plan Width": 8,
              "Actual Startup Time": 110.657,
              "Actual Total Time": 110.658,
              "Actual Rows": 1,
              "Actual Loops": 4,
              "Plans": [
                {
                  "Node Type": "Seq Scan",
                  "Parent Relationship": "Outer",
                  "Parallel Aware": true,
                  "Relation Name": "movie_companies",
                  "Alias": "mc",
                  "Startup Cost": 0.0,
                  "Total Cost": 29310.68,
                  "Plan Rows": 794186,
                  "Plan Width": 0,
                  "Actual Startup Time": 0.031,
                  "Actual Total Time": 81.939,
                  "Actual Rows": 616338,
                  "Actual Loops": 4,
                  "Filter": "(company_id < 134770)",
                  "Rows Removed by Filter": 35945
                }
              ]
            }
          ]
        }
      ]
    },
    "Planning Time": 0.257,
    "Triggers": [],
    "Execution Time": 121.286
  }
]