[
  {
    "Plan": {
      "Node Type": "Aggregate",
      "Strategy": "Plain",
      "Partial Mode": "Finalize",
      "Parallel Aware": false,
      "Startup Cost": 412761.51,
      "Total Cost": 412761.52,
      "Plan Rows": 1,
      "Plan Width": 8,
      "Actual Startup Time": 3444.018,
      "Actual Total Time": 3544.491,
      "Actual Rows": 1,
      "Actual Loops": 1,
      "Plans": [
        {
          "Node Type": "Gather",
          "Parent Relationship": "Outer",
          "Parallel Aware": false,
          "Startup Cost": 412760.99,
          "Total Cost": 412761.5,
          "Plan Rows": 5,
          "Plan Width": 8,
          "Actual Startup Time": 3438.528,
          "Actual Total Time": 3544.478,
          "Actual Rows": 6,
          "Actual Loops": 1,
          "Workers Planned": 5,
          "Workers Launched": 5,
          "Single Copy": false,
          "Plans": [
            {
              "Node Type": "Aggregate",
              "Strategy": "Plain",
              "Partial Mode": "Partial",
              "Parent Relationship": "Outer",
              "Parallel Aware": false,
              "Startup Cost": 411760.99,
              "Total Cost": 411761.0,
              "Plan Rows": 1,
              "Plan Width": 8,
              "Actual Startup Time": 3431.287,
              "Actual Total Time": 3431.289,
              "Actual Rows": 1,
              "Actual Loops": 6,
              "Plans": [
                {
                  "Node Type": "Nested Loop",
                  "Parent Relationship": "Outer",
                  "Parallel Aware": false,
                  "Join Type": "Inner",
                  "Startup Cost": 93723.33,
                  "Total Cost": 410201.76,
                  "Plan Rows": 623689,
                  "Plan Width": 0,
                  "Actual Startup Time": 300.824,
                  "Actual Total Time": 3358.335,
                  "Actual Rows": 1483632,
                  "Actual Loops": 6,
                  "Inner Unique": false,
                  "Plans": [
                    {
                      "Node Type": "Merge Join",
                      "Parent Relationship": "Outer",
                      "Parallel Aware": false,
                      "Join Type": "Inner",
                      "Startup Cost": 93722.77,
                      "Total Cost": 188759.82,
                      "Plan Rows": 107465,
                      "Plan Width": 8,
                      "Actual Startup Time": 300.672,
                      "Actual Total Time": 732.689,
                      "Actual Rows": 91954,
                      "Actual Loops": 6,
                      "Inner Unique": false,
                      "Merge Cond": "(t.id = mk.movie_id)",
                      "Plans": [
                        {
                          "Node Type": "Index Only Scan",
                          "Parent Relationship": "Outer",
                          "Parallel Aware": true,
                          "Scan Direction": "Forward",
                          "Index Name": "title_pkey",
                          "Relation Name": "title",
                          "Alias": "t",
                          "Startup Cost": 0.43,
                          "Total Cost": 90113.62,
                          "Plan Rows": 505659,
                          "Plan Width": 4,
                          "Actual Startup Time": 0.131,
                          "Actual Total Time": 336.281,
                          "Actual Rows": 420965,
                          "Actual Loops": 6,
                          "Heap Fetches": 2525791
                        },
                        {
                          "Node Type": "Sort",
                          "Parent Relationship": "Inner",
                          "Parallel Aware": false,
                          "Startup Cost": 93712.22,
                          "Total Cost": 95055.53,
                          "Plan Rows": 537324,
                          "Plan Width": 4,
                          "Actual Startup Time": 300.35,
                          "Actual Total Time": 330.882,
                          "Actual Rows": 551723,
                          "Actual Loops": 6,
                          "Sort Key": [
                            "mk.movie_id"
                          ],
                          "Sort Method": "quicksort",
                          "Sort Space Used": 50439,
                          "Sort Space Type": "Memory",
                          "Workers": [
                            {
                              "Worker Number": 0,
                              "Sort Method": "quicksort",
                              "Sort Space Used": 50439,
                              "Sort Space Type": "Memory"
                            },
                            {
                              "Worker Number": 1,
                              "Sort Method": "quicksort",
                              "Sort Space Used": 50439,
                              "Sort Space Type": "Memory"
                            },
                            {
                              "Worker Number": 2,
                              "Sort Method": "quicksort",
                              "Sort Space Used": 50439,
                              "Sort Space Type": "Memory"
                            },
                            {
                              "Worker Number": 3,
                              "Sort Method": "quicksort",
                              "Sort Space Used": 50439,
                              "Sort Space Type": "Memory"
                            },
                            {
                              "Worker Number": 4,
                              "Sort Method": "quicksort",
                              "Sort Space Used": 50439,
                              "Sort Space Type": "Memory"
                            }
                          ],
                          "Plans": [
                            {
                              "Node Type": "Bitmap Heap Scan",
                              "Parent Relationship": "Outer",
                              "Parallel Aware": false,
                              "Relation Name": "movie_keyword",
                              "Alias": "mk",
                              "Startup Cost": 11400.69,
                              "Total Cost": 42571.24,
                              "Plan Rows": 537324,
                              "Plan Width": 4,
                              "Actual Startup Time": 46.822,
                              "Actual Total Time": 187.315,
                              "Actual Rows": 551723,
                              "Actual Loops": 6,
                              "Recheck Cond": "(keyword_id < 395)",
                              "Rows Removed by Index Recheck": 0,
                              "Exact Heap Blocks": 24274,
                              "Lossy Heap Blocks": 0,
                              "Plans": [
                                {
                                  "Node Type": "Bitmap Index Scan",
                                  "Parent Relationship": "Outer",
                                  "Parallel Aware": false,
                                  "Index Name": "keyword_id_movie_keyword",
                                  "Startup Cost": 0.0,
                                  "Total Cost": 11266.36,
                                  "Plan Rows": 537324,
                                  "Plan Width": 0,
                                  "Actual Startup Time": 43.785,
                                  "Actual Total Time": 43.785,
                                  "Actual Rows": 551723,
                                  "Actual Loops": 6,
                                  "Index Cond": "(keyword_id < 395)"
                                }
                              ]
                            }
                          ]
                        }
                      ]
                    },
                    {
                      "Node Type": "Index Scan",
                      "Parent Relationship": "Inner",
                      "Parallel Aware": false,
                      "Scan Direction": "Forward",
                      "Index Name": "movie_id_cast_info",
                      "Relation Name": "cast_info",
                      "Alias": "ci",
                      "Startup Cost": 0.56,
                      "Total Cost": 1.91,
                      "Plan Rows": 15,
                      "Plan Width": 4,
                      "Actual Startup Time": 0.004,
                      "Actual Total Time": 0.027,
                      "Actual Rows": 16,
                      "Actual Loops": 551723,
                      "Index Cond": "(movie_id = t.id)",
                      "Rows Removed by Index Recheck": 0,
                      "Filter": "(person_id < 1446325)",
                      "Rows Removed by Filter": 23
                    }
                  ]
                }
              ]
            }
          ]
        }
      ]
    },
    "Planning Time": 0.919,
    "Triggers": [],
    "Execution Time": 3553.172
  }
]