[
  {
    "Plan": {
      "Node Type": "Aggregate",
      "Strategy": "Plain",
      "Partial Mode": "Simple",
      "Parallel Aware": false,
      "Startup Cost": 1059.87,
      "Total Cost": 1059.88,
      "Plan Rows": 1,
      "Plan Width": 8,
      "Actual Startup Time": 1.204,
      "Actual Total Time": 1.205,
      "Actual Rows": 1,
      "Actual Loops": 1,
      "Plans": [
        {
          "Node Type": "Index Scan",
          "Parent Relationship": "Outer",
          "Parallel Aware": false,
          "Scan Direction": "Forward",
          "Index Name": "person_id_cast_info",
          "Relation Name": "cast_info",
          "Alias": "ci",
          "Startup Cost": 0.56,
          "Total Cost": 1059.67,
          "Plan Rows": 79,
          "Plan Width": 0,
          "Actual Startup Time": 1.193,
          "Actual Total Time": 1.195,
          "Actual Rows": 1,
          "Actual Loops": 1,
          "Index Cond": "(person_id = 3393702)",
          "Rows Removed by Index Recheck": 0,
          "Filter": "(role_id > 8)",
          "Rows Removed by Filter": 328
        }
      ]
    },
    "Planning Time": 0.223,
    "Triggers": [],
    "Execution Time": 1.26
  }
]