[
    {
        "Bao": {
            "Bao prediction": "NaN",
            "Bao recommended hint": "(no hint)"
        }
    },
    {
        "Plan": {
            "Node Type": "Aggregate",
            "Strategy": "Plain",
            "Partial Mode": "Finalize",
            "Parallel Aware": false,
            "Startup Cost": 380403.67,
            "Total Cost": 380403.68,
            "Plan Rows": 1,
            "Plan Width": 8,
            "Actual Startup Time": 863.099,
            "Actual Total Time": 886.378,
            "Actual Rows": 1,
            "Actual Loops": 1,
            "Output": [
                "count(*)"
            ],
            "Plans": [
                {
                    "Node Type": "Gather",
                    "Parent Relationship": "Outer",
                    "Parallel Aware": false,
                    "Startup Cost": 380403.04,
                    "Total Cost": 380403.65,
                    "Plan Rows": 6,
                    "Plan Width": 8,
                    "Actual Startup Time": 860.735,
                    "Actual Total Time": 886.355,
                    "Actual Rows": 7,
                    "Actual Loops": 1,
                    "Output": [
                        "(PARTIAL count(*))"
                    ],
                    "Workers Planned": 6,
                    "Workers Launched": 6,
                    "Single Copy": false,
                    "Plans": [
                        {
                            "Node Type": "Aggregate",
                            "Strategy": "Plain",
                            "Partial Mode": "Partial",
                            "Parent Relationship": "Outer",
                            "Parallel Aware": false,
                            "Startup Cost": 379403.04,
                            "Total Cost": 379403.05,
                            "Plan Rows": 1,
                            "Plan Width": 8,
                            "Actual Startup Time": 850.792,
                            "Actual Total Time": 850.795,
                            "Actual Rows": 1,
                            "Actual Loops": 7,
                            "Output": [
                                "PARTIAL count(*)"
                            ],
                            "Workers": [
                                {
                                    "Worker Number": 0,
                                    "Actual Startup Time": 848.733,
                                    "Actual Total Time": 848.736,
                                    "Actual Rows": 1,
                                    "Actual Loops": 1
                                },
                                {
                                    "Worker Number": 1,
                                    "Actual Startup Time": 848.877,
                                    "Actual Total Time": 848.879,
                                    "Actual Rows": 1,
                                    "Actual Loops": 1
                                },
                                {
                                    "Worker Number": 2,
                                    "Actual Startup Time": 848.779,
                                    "Actual Total Time": 848.781,
                                    "Actual Rows": 1,
                                    "Actual Loops": 1
                                },
                                {
                                    "Worker Number": 3,
                                    "Actual Startup Time": 849.423,
                                    "Actual Total Time": 849.425,
                                    "Actual Rows": 1,
                                    "Actual Loops": 1
                                },
                                {
                                    "Worker Number": 4,
                                    "Actual Startup Time": 849.7,
                                    "Actual Total Time": 849.702,
                                    "Actual Rows": 1,
                                    "Actual Loops": 1
                                },
                                {
                                    "Worker Number": 5,
                                    "Actual Startup Time": 849.692,
                                    "Actual Total Time": 849.695,
                                    "Actual Rows": 1,
                                    "Actual Loops": 1
                                }
                            ],
                            "Plans": [
                                {
                                    "Node Type": "Hash Join",
                                    "Parent Relationship": "Outer",
                                    "Parallel Aware": true,
                                    "Join Type": "Inner",
                                    "Startup Cost": 46369.86,
                                    "Total Cost": 378935.79,
                                    "Plan Rows": 186902,
                                    "Plan Width": 0,
                                    "Actual Startup Time": 353.466,
                                    "Actual Total Time": 842.184,
                                    "Actual Rows": 175089,
                                    "Actual Loops": 7,
                                    "Inner Unique": true,
                                    "Hash Cond": "(ci.movie_id = t.id)",
                                    "Workers": [
                                        {
                                            "Worker Number": 0,
                                            "Actual Startup Time": 350.968,
                                            "Actual Total Time": 840.126,
                                            "Actual Rows": 166647,
                                            "Actual Loops": 1
                                        },
                                        {
                                            "Worker Number": 1,
                                            "Actual Startup Time": 351.421,
                                            "Actual Total Time": 840.213,
                                            "Actual Rows": 172723,
                                            "Actual Loops": 1
                                        },
                                        {
                                            "Worker Number": 2,
                                            "Actual Startup Time": 351.828,
                                            "Actual Total Time": 840.224,
                                            "Actual Rows": 166026,
                                            "Actual Loops": 1
                                        },
                                        {
                                            "Worker Number": 3,
                                            "Actual Startup Time": 352.251,
                                            "Actual Total Time": 840.689,
                                            "Actual Rows": 173614,
                                            "Actual Loops": 1
                                        },
                                        {
                                            "Worker Number": 4,
                                            "Actual Startup Time": 352.453,
                                            "Actual Total Time": 841.08,
                                            "Actual Rows": 172481,
                                            "Actual Loops": 1
                                        },
                                        {
                                            "Worker Number": 5,
                                            "Actual Startup Time": 352.455,
                                            "Actual Total Time": 841.036,
                                            "Actual Rows": 166915,
                                            "Actual Loops": 1
                                        }
                                    ],
                                    "Plans": [
                                        {
                                            "Node Type": "Seq Scan",
                                            "Parent Relationship": "Outer",
                                            "Parallel Aware": true,
                                            "Relation Name": "cast_info",
                                            "Schema": "public",
                                            "Alias": "ci",
                                            "Startup Cost": 0.0,
                                            "Total Cost": 328213.62,
                                            "Plan Rows": 1658020,
                                            "Plan Width": 4,
                                            "Actual Startup Time": 259.503,
                                            "Actual Total Time": 493.562,
                                            "Actual Rows": 1425634,
                                            "Actual Loops": 7,
                                            "Output": [
                                                "ci.id",
                                                "ci.person_id",
                                                "ci.movie_id",
                                                "ci.person_role_id",
                                                "ci.note",
                                                "ci.nr_order",
                                                "ci.role_id"
                                            ],
                                            "Filter": "(ci.person_id > 2716554)",
                                            "Rows Removed by Filter": 3752129,
                                            "Workers": [
                                                {
                                                    "Worker Number": 0,
                                                    "Actual Startup Time": 259.513,
                                                    "Actual Total Time": 493.484,
                                                    "Actual Rows": 1357004,
                                                    "Actual Loops": 1
                                                },
                                                {
                                                    "Worker Number": 1,
                                                    "Actual Startup Time": 259.516,
                                                    "Actual Total Time": 500.396,
                                                    "Actual Rows": 1404991,
                                                    "Actual Loops": 1
                                                },
                                                {
                                                    "Worker Number": 2,
                                                    "Actual Startup Time": 259.53,
                                                    "Actual Total Time": 492.063,
                                                    "Actual Rows": 1357928,
                                                    "Actual Loops": 1
                                                },
                                                {
                                                    "Worker Number": 3,
                                                    "Actual Startup Time": 259.518,
                                                    "Actual Total Time": 498.653,
                                                    "Actual Rows": 1394235,
                                                    "Actual Loops": 1
                                                },
                                                {
                                                    "Worker Number": 4,
                                                    "Actual Startup Time": 259.387,
                                                    "Actual Total Time": 498.294,
                                                    "Actual Rows": 1400719,
                                                    "Actual Loops": 1
                                                },
                                                {
                                                    "Worker Number": 5,
                                                    "Actual Startup Time": 259.533,
                                                    "Actual Total Time": 494.062,
                                                    "Actual Rows": 1356343,
                                                    "Actual Loops": 1
                                                }
                                            ]
                                        },
                                        {
                                            "Node Type": "Hash",
                                            "Parent Relationship": "Inner",
                                            "Parallel Aware": true,
                                            "Startup Cost": 45479.21,
                                            "Total Cost": 45479.21,
                                            "Plan Rows": 71252,
                                            "Plan Width": 4,
                                            "Actual Startup Time": 92.097,
                                            "Actual Total Time": 92.098,
                                            "Actual Rows": 54614,
                                            "Actual Loops": 7,
                                            "Output": [
                                                "t.id"
                                            ],
                                            "Hash Buckets": 524288,
                                            "Original Hash Buckets": 524288,
                                            "Hash Batches": 1,
                                            "Original Hash Batches": 1,
                                            "Peak Memory Usage": 19136,
                                            "Workers": [
                                                {
                                                    "Worker Number": 0,
                                                    "Actual Startup Time": 90.709,
                                                    "Actual Total Time": 90.71,
                                                    "Actual Rows": 50270,
                                                    "Actual Loops": 1
                                                },
                                                {
                                                    "Worker Number": 1,
                                                    "Actual Startup Time": 91.161,
                                                    "Actual Total Time": 91.162,
                                                    "Actual Rows": 53676,
                                                    "Actual Loops": 1
                                                },
                                                {
                                                    "Worker Number": 2,
                                                    "Actual Startup Time": 91.054,
                                                    "Actual Total Time": 91.055,
                                                    "Actual Rows": 50141,
                                                    "Actual Loops": 1
                                                },
                                                {
                                                    "Worker Number": 3,
                                                    "Actual Startup Time": 91.658,
                                                    "Actual Total Time": 91.658,
                                                    "Actual Rows": 53343,
                                                    "Actual Loops": 1
                                                },
                                                {
                                                    "Worker Number": 4,
                                                    "Actual Startup Time": 91.897,
                                                    "Actual Total Time": 91.898,
                                                    "Actual Rows": 53865,
                                                    "Actual Loops": 1
                                                },
                                                {
                                                    "Worker Number": 5,
                                                    "Actual Startup Time": 91.915,
                                                    "Actual Total Time": 91.916,
                                                    "Actual Rows": 49836,
                                                    "Actual Loops": 1
                                                }
                                            ],
                                            "Plans": [
                                                {
                                                    "Node Type": "Seq Scan",
                                                    "Parent Relationship": "Outer",
                                                    "Parallel Aware": true,
                                                    "Relation Name": "title",
                                                    "Schema": "public",
                                                    "Alias": "t",
                                                    "Startup Cost": 0.0,
                                                    "Total Cost": 45479.21,
                                                    "Plan Rows": 71252,
                                                    "Plan Width": 4,
                                                    "Actual Startup Time": 44.556,
                                                    "Actual Total Time": 71.907,
                                                    "Actual Rows": 54614,
                                                    "Actual Loops": 7,
                                                    "Output": [
                                                        "t.id"
                                                    ],
                                                    "Filter": "((t.production_year < 2001) AND (t.kind_id = 1))",
                                                    "Rows Removed by Filter": 306574,
                                                    "Workers": [
                                                        {
                                                            "Worker Number": 0,
                                                            "Actual Startup Time": 43.277,
                                                            "Actual Total Time": 70.725,
                                                            "Actual Rows": 50270,
                                                            "Actual Loops": 1
                                                        },
                                                        {
                                                            "Worker Number": 1,
                                                            "Actual Startup Time": 43.566,
                                                            "Actual Total Time": 71.663,
                                                            "Actual Rows": 53676,
                                                            "Actual Loops": 1
                                                        },
                                                        {
                                                            "Worker Number": 2,
                                                            "Actual Startup Time": 43.517,
                                                            "Actual Total Time": 71.203,
                                                            "Actual Rows": 50141,
                                                            "Actual Loops": 1
                                                        },
                                                        {
                                                            "Worker Number": 3,
                                                            "Actual Startup Time": 44.03,
                                                            "Actual Total Time": 72.065,
                                                            "Actual Rows": 53343,
                                                            "Actual Loops": 1
                                                        },
                                                        {
                                                            "Worker Number": 4,
                                                            "Actual Startup Time": 44.405,
                                                            "Actual Total Time": 72.577,
                                                            "Actual Rows": 53865,
                                                            "Actual Loops": 1
                                                        },
                                                        {
                                                            "Worker Number": 5,
                                                            "Actual Startup Time": 44.363,
                                                            "Actual Total Time": 71.617,
                                                            "Actual Rows": 49836,
                                                            "Actual Loops": 1
                                                        }
                                                    ]
                                                }
                                            ]
                                        }
                                    ]
                                }
                            ]
                        }
                    ]
                }
            ]
        },
        "Planning Time": 194.161,
        "Triggers": [],
        "Execution Time": 886.436
    }
]