{
  "Plan": {
    "Node Type": "Aggregate",
    "Strategy": "Plain",
    "Partial Mode": "Finalize",
    "Parallel Aware": false,
    "Startup Cost": 158057.17,
    "Total Cost": 158057.18,
    "Plan Rows": 1,
    "Plan Width": 8,
    "Actual Startup Time": 885.121,
    "Actual Total Time": 900.633,
    "Actual Rows": 1,
    "Actual Loops": 1,
    "Plans": [
      {
        "Node Type": "Gather",
        "Parent Relationship": "Outer",
        "Parallel Aware": false,
        "Startup Cost": 158057.06,
        "Total Cost": 158057.17,
        "Plan Rows": 1,
        "Plan Width": 8,
        "Actual Startup Time": 883.032,
        "Actual Total Time": 900.623,
        "Actual Rows": 2,
        "Actual Loops": 1,
        "Workers Planned": 1,
        "Workers Launched": 1,
        "Single Copy": false,
        "Plans": [
          {
            "Node Type": "Aggregate",
            "Strategy": "Plain",
            "Partial Mode": "Partial",
            "Parent Relationship": "Outer",
            "Parallel Aware": false,
            "Startup Cost": 157057.06,
            "Total Cost": 157057.07,
            "Plan Rows": 1,
            "Plan Width": 8,
            "Actual Startup Time": 878.71,
            "Actual Total Time": 878.718,
            "Actual Rows": 1,
            "Actual Loops": 2,
            "Plans": [
              {
                "Node Type": "Hash Join",
                "Parent Relationship": "Outer",
                "Parallel Aware": true,
                "Join Type": "Inner",
                "Startup Cost": 94824.81,
                "Total Cost": 156702.85,
                "Plan Rows": 141684,
                "Plan Width": 0,
                "Actual Startup Time": 446.957,
                "Actual Total Time": 814.07,
                "Actual Rows": 1596260,
                "Actual Loops": 2,
                "Inner Unique": false,
                "Hash Cond": "(mk.movie_id = t.id)",
                "Plans": [
                  {
                    "Node Type": "Seq Scan",
                    "Parent Relationship": "Outer",
                    "Parallel Aware": true,
                    "Relation Name": "movie_keyword",
                    "Alias": "mk",
                    "Startup Cost": 0.0,
                    "Total Cost": 51065.35,
                    "Plan Rows": 2661135,
                    "Plan Width": 4,
                    "Actual Startup Time": 0.023,
                    "Actual Total Time": 157.224,
                    "Actual Rows": 2261965,
                    "Actual Loops": 2
                  },
                  {
                    "Node Type": "Hash",
                    "Parent Relationship": "Inner",
                    "Parallel Aware": true,
                    "Startup Cost": 93835.02,
                    "Total Cost": 93835.02,
                    "Plan Rows": 79183,
                    "Plan Width": 8,
                    "Actual Startup Time": 382.59,
                    "Actual Total Time": 382.596,
                    "Actual Rows": 38166,
                    "Actual Loops": 2,
                    "Hash Buckets": 262144,
                    "Original Hash Buckets": 262144,
                    "Hash Batches": 1,
                    "Original Hash Batches": 1,
                    "Peak Memory Usage": 5056,
                    "Plans": [
                      {
                        "Node Type": "Hash Join",
                        "Parent Relationship": "Outer",
                        "Parallel Aware": true,
                        "Join Type": "Inner",
                        "Startup Cost": 70210.72,
                        "Total Cost": 93835.02,
                        "Plan Rows": 79183,
                        "Plan Width": 8,
                        "Actual Startup Time": 295.873,
                        "Actual Total Time": 372.753,
                        "Actual Rows": 38166,
                        "Actual Loops": 2,
                        "Inner Unique": true,
                        "Hash Cond": "(mc.movie_id = t.id)",
                        "Plans": [
                          {
                            "Node Type": "Bitmap Heap Scan",
                            "Parent Relationship": "Outer",
                            "Parallel Aware": true,
                            "Relation Name": "movie_companies",
                            "Alias": "mc",
                            "Startup Cost": 11775.47,
                            "Total Cost": 34560.76,
                            "Plan Rows": 319624,
                            "Plan Width": 4,
                            "Actual Startup Time": 26.402,
                            "Actual Total Time": 86.472,
                            "Actual Rows": 269356,
                            "Actual Loops": 2,
                            "Recheck Cond": "(company_id < 529)",
                            "Rows Removed by Index Recheck": 0,
                            "Exact Heap Blocks": 9686,
                            "Lossy Heap Blocks": 0,
                            "Plans": [
                              {
                                "Node Type": "Bitmap Index Scan",
                                "Parent Relationship": "Outer",
                                "Parallel Aware": false,
                                "Index Name": "company_id_movie_companies",
                                "Startup Cost": 0.0,
                                "Total Cost": 11639.63,
                                "Plan Rows": 543360,
                                "Plan Width": 0,
                                "Actual Startup Time": 23.716,
                                "Actual Total Time": 23.716,
                                "Actual Rows": 538711,
                                "Actual Loops": 1,
                                "Index Cond": "(company_id < 529)"
                              }
                            ]
                          },
                          {
                            "Node Type": "Hash",
                            "Parent Relationship": "Inner",
                            "Parallel Aware": true,
                            "Startup Cost": 53829.7,
                            "Total Cost": 53829.7,
                            "Plan Rows": 368444,
                            "Plan Width": 4,
                            "Actual Startup Time": 205.043,
                            "Actual Total Time": 205.045,
                            "Actual Rows": 317145,
                            "Actual Loops": 2,
                            "Hash Buckets": 1048576,
                            "Original Hash Buckets": 1048576,
                            "Hash Batches": 1,
                            "Original Hash Batches": 1,
                            "Peak Memory Usage": 33024,
                            "Plans": [
                              {
                                "Node Type": "Bitmap Heap Scan",
                                "Parent Relationship": "Outer",
                                "Parallel Aware": true,
                                "Relation Name": "title",
                                "Alias": "t",
                                "Startup Cost": 11979.44,
                                "Total Cost": 53829.7,
                                "Plan Rows": 368444,
                                "Plan Width": 4,
                                "Actual Startup Time": 29.32,
                                "Actual Total Time": 106.033,
                                "Actual Rows": 317145,
                                "Actual Loops": 2,
                                "Recheck Cond": "(kind_id = 1)",
                                "Rows Removed by Index Recheck": 0,
                                "Filter": "(production_year < 2013)",
                                "Rows Removed by Filter": 14268,
                                "Exact Heap Blocks": 7561,
                                "Lossy Heap Blocks": 0,
                                "Plans": [
                                  {
                                    "Node Type": "Bitmap Index Scan",
                                    "Parent Relationship": "Outer",
                                    "Parallel Aware": false,
                                    "Index Name": "kind_id_title",
                                    "Startup Cost": 0.0,
                                    "Total Cost": 11822.85,
                                    "Plan Rows": 663256,
                                    "Plan Width": 0,
                                    "Actual Startup Time": 27.533,
                                    "Actual Total Time": 27.534,
                                    "Actual Rows": 662825,
                                    "Actual Loops": 1,
                                    "Index Cond": "(kind_id = 1)"
                                  }
                                ]
                              }
                            ]
                          }
                        ]
                      }
                    ]
                  }
                ]
              }
            ]
          }
        ]
      }
    ]
  },
  "Planning Time": 0.845,
  "Triggers": [],
  "Execution Time": 900.742
}