[
    {
        "Bao": {
            "Bao prediction": 458.257,
            "Bao recommended hint": "(no hint)"
        }
    },
    {
        "Plan": {
            "Node Type": "Aggregate",
            "Strategy": "Plain",
            "Partial Mode": "Finalize",
            "Parallel Aware": false,
            "Startup Cost": 31069.59,
            "Total Cost": 31069.6,
            "Plan Rows": 1,
            "Plan Width": 8,
            "Actual Startup Time": 122.072,
            "Actual Total Time": 129.396,
            "Actual Rows": 1,
            "Actual Loops": 1,
            "Output": [
                "count(*)"
            ],
            "Plans": [
                {
                    "Node Type": "Gather",
                    "Parent Relationship": "Outer",
                    "Parallel Aware": false,
                    "Startup Cost": 31069.27,
                    "Total Cost": 31069.58,
                    "Plan Rows": 3,
                    "Plan Width": 8,
                    "Actual Startup Time": 121.998,
                    "Actual Total Time": 129.388,
                    "Actual Rows": 4,
                    "Actual Loops": 1,
                    "Output": [
                        "(PARTIAL count(*))"
                    ],
                    "Workers Planned": 3,
                    "Workers Launched": 3,
                    "Single Copy": false,
                    "Plans": [
                        {
                            "Node Type": "Aggregate",
                            "Strategy": "Plain",
                            "Partial Mode": "Partial",
                            "Parent Relationship": "Outer",
                            "Parallel Aware": false,
                            "Startup Cost": 30069.27,
                            "Total Cost": 30069.28,
                            "Plan Rows": 1,
                            "Plan Width": 8,
                            "Actual Startup Time": 114.339,
                            "Actual Total Time": 114.34,
                            "Actual Rows": 1,
                            "Actual Loops": 4,
                            "Output": [
                                "PARTIAL count(*)"
                            ],
                            "Workers": [
                                {
                                    "Worker Number": 0,
                                    "Actual Startup Time": 111.617,
                                    "Actual Total Time": 111.618,
                                    "Actual Rows": 1,
                                    "Actual Loops": 1
                                },
                                {
                                    "Worker Number": 1,
                                    "Actual Startup Time": 112.103,
                                    "Actual Total Time": 112.104,
                                    "Actual Rows": 1,
                                    "Actual Loops": 1
                                },
                                {
                                    "Worker Number": 2,
                                    "Actual Startup Time": 112.239,
                                    "Actual Total Time": 112.24,
                                    "Actual Rows": 1,
                                    "Actual Loops": 1
                                }
                            ],
                            "Plans": [
                                {
                                    "Node Type": "Seq Scan",
                                    "Parent Relationship": "Outer",
                                    "Parallel Aware": true,
                                    "Relation Name": "movie_companies",
                                    "Schema": "public",
                                    "Alias": "mc",
                                    "Startup Cost": 0.0,
                                    "Total Cost": 29310.68,
                                    "Plan Rows": 303435,
                                    "Plan Width": 0,
                                    "Actual Startup Time": 24.725,
                                    "Actual Total Time": 98.458,
                                    "Actual Rows": 236041,
                                    "Actual Loops": 4,
                                    "Output": [
                                        "id",
                                        "movie_id",
                                        "company_id",
                                        "company_type_id",
                                        "note"
                                    ],
                                    "Filter": "(mc.company_id > 18830)",
                                    "Rows Removed by Filter": 416241,
                                    "Workers": [
                                        {
                                            "Worker Number": 0,
                                            "Actual Startup Time": 22.001,
                                            "Actual Total Time": 96.15,
                                            "Actual Rows": 223867,
                                            "Actual Loops": 1
                                        },
                                        {
                                            "Worker Number": 1,
                                            "Actual Startup Time": 22.497,
                                            "Actual Total Time": 96.642,
                                            "Actual Rows": 223651,
                                            "Actual Loops": 1
                                        },
                                        {
                                            "Worker Number": 2,
                                            "Actual Startup Time": 22.636,
                                            "Actual Total Time": 96.914,
                                            "Actual Rows": 221555,
                                            "Actual Loops": 1
                                        }
                                    ]
                                }
                            ]
                        }
                    ]
                }
            ]
        },
        "Planning Time": 437.966,
        "Triggers": [],
        "Execution Time": 129.475
    }
]