[
    {
        "Bao": {
            "Bao prediction": "NaN",
            "Bao recommended hint": "(no hint)"
        }
    },
    {
        "Plan": {
            "Node Type": "Aggregate",
            "Strategy": "Plain",
            "Partial Mode": "Finalize",
            "Parallel Aware": false,
            "Startup Cost": 400064.24,
            "Total Cost": 400064.25,
            "Plan Rows": 1,
            "Plan Width": 8,
            "Actual Startup Time": 1435.712,
            "Actual Total Time": 1469.088,
            "Actual Rows": 1,
            "Actual Loops": 1,
            "Output": [
                "count(*)"
            ],
            "Plans": [
                {
                    "Node Type": "Gather",
                    "Parent Relationship": "Outer",
                    "Parallel Aware": false,
                    "Startup Cost": 400063.61,
                    "Total Cost": 400064.22,
                    "Plan Rows": 6,
                    "Plan Width": 8,
                    "Actual Startup Time": 1432.517,
                    "Actual Total Time": 1469.076,
                    "Actual Rows": 7,
                    "Actual Loops": 1,
                    "Output": [
                        "(PARTIAL count(*))"
                    ],
                    "Workers Planned": 6,
                    "Workers Launched": 6,
                    "Single Copy": false,
                    "Plans": [
                        {
                            "Node Type": "Aggregate",
                            "Strategy": "Plain",
                            "Partial Mode": "Partial",
                            "Parent Relationship": "Outer",
                            "Parallel Aware": false,
                            "Startup Cost": 399063.61,
                            "Total Cost": 399063.62,
                            "Plan Rows": 1,
                            "Plan Width": 8,
                            "Actual Startup Time": 1422.553,
                            "Actual Total Time": 1422.556,
                            "Actual Rows": 1,
                            "Actual Loops": 7,
                            "Output": [
                                "PARTIAL count(*)"
                            ],
                            "Workers": [
                                {
                                    "Worker Number": 0,
                                    "Actual Startup Time": 1420.198,
                                    "Actual Total Time": 1420.201,
                                    "Actual Rows": 1,
                                    "Actual Loops": 1
                                },
                                {
                                    "Worker Number": 1,
                                    "Actual Startup Time": 1420.94,
                                    "Actual Total Time": 1420.942,
                                    "Actual Rows": 1,
                                    "Actual Loops": 1
                                },
                                {
                                    "Worker Number": 2,
                                    "Actual Startup Time": 1420.816,
                                    "Actual Total Time": 1420.819,
                                    "Actual Rows": 1,
                                    "Actual Loops": 1
                                },
                                {
                                    "Worker Number": 3,
                                    "Actual Startup Time": 1420.947,
                                    "Actual Total Time": 1420.949,
                                    "Actual Rows": 1,
                                    "Actual Loops": 1
                                },
                                {
                                    "Worker Number": 4,
                                    "Actual Startup Time": 1421.459,
                                    "Actual Total Time": 1421.461,
                                    "Actual Rows": 1,
                                    "Actual Loops": 1
                                },
                                {
                                    "Worker Number": 5,
                                    "Actual Startup Time": 1421.581,
                                    "Actual Total Time": 1421.583,
                                    "Actual Rows": 1,
                                    "Actual Loops": 1
                                }
                            ],
                            "Plans": [
                                {
                                    "Node Type": "Hash Join",
                                    "Parent Relationship": "Outer",
                                    "Parallel Aware": true,
                                    "Join Type": "Inner",
                                    "Startup Cost": 45906.63,
                                    "Total Cost": 398581.57,
                                    "Plan Rows": 192816,
                                    "Plan Width": 0,
                                    "Actual Startup Time": 346.865,
                                    "Actual Total Time": 1406.831,
                                    "Actual Rows": 244494,
                                    "Actual Loops": 7,
                                    "Inner Unique": true,
                                    "Hash Cond": "(ci.movie_id = t.id)",
                                    "Workers": [
                                        {
                                            "Worker Number": 0,
                                            "Actual Startup Time": 344.473,
                                            "Actual Total Time": 1403.697,
                                            "Actual Rows": 214580,
                                            "Actual Loops": 1
                                        },
                                        {
                                            "Worker Number": 1,
                                            "Actual Startup Time": 344.921,
                                            "Actual Total Time": 1405.036,
                                            "Actual Rows": 205481,
                                            "Actual Loops": 1
                                        },
                                        {
                                            "Worker Number": 2,
                                            "Actual Startup Time": 345.277,
                                            "Actual Total Time": 1404.974,
                                            "Actual Rows": 205153,
                                            "Actual Loops": 1
                                        },
                                        {
                                            "Worker Number": 3,
                                            "Actual Startup Time": 345.469,
                                            "Actual Total Time": 1404.828,
                                            "Actual Rows": 209975,
                                            "Actual Loops": 1
                                        },
                                        {
                                            "Worker Number": 4,
                                            "Actual Startup Time": 345.673,
                                            "Actual Total Time": 1406.38,
                                            "Actual Rows": 320677,
                                            "Actual Loops": 1
                                        },
                                        {
                                            "Worker Number": 5,
                                            "Actual Startup Time": 345.897,
                                            "Actual Total Time": 1406.604,
                                            "Actual Rows": 318113,
                                            "Actual Loops": 1
                                        }
                                    ],
                                    "Plans": [
                                        {
                                            "Node Type": "Seq Scan",
                                            "Parent Relationship": "Outer",
                                            "Parallel Aware": true,
                                            "Relation Name": "cast_info",
                                            "Schema": "public",
                                            "Alias": "ci",
                                            "Startup Cost": 0.0,
                                            "Total Cost": 343318.94,
                                            "Plan Rows": 3564187,
                                            "Plan Width": 4,
                                            "Actual Startup Time": 236.059,
                                            "Actual Total Time": 799.621,
                                            "Actual Rows": 3236294,
                                            "Actual Loops": 7,
                                            "Output": [
                                                "ci.id",
                                                "ci.person_id",
                                                "ci.movie_id",
                                                "ci.person_role_id",
                                                "ci.note",
                                                "ci.nr_order",
                                                "ci.role_id"
                                            ],
                                            "Filter": "((ci.person_id > 316869) AND (ci.role_id > 1))",
                                            "Rows Removed by Filter": 1941469,
                                            "Workers": [
                                                {
                                                    "Worker Number": 0,
                                                    "Actual Startup Time": 236.007,
                                                    "Actual Total Time": 811.478,
                                                    "Actual Rows": 2748181,
                                                    "Actual Loops": 1
                                                },
                                                {
                                                    "Worker Number": 1,
                                                    "Actual Startup Time": 236.036,
                                                    "Actual Total Time": 808.487,
                                                    "Actual Rows": 2734142,
                                                    "Actual Loops": 1
                                                },
                                                {
                                                    "Worker Number": 2,
                                                    "Actual Startup Time": 236.036,
                                                    "Actual Total Time": 808.44,
                                                    "Actual Rows": 2728750,
                                                    "Actual Loops": 1
                                                },
                                                {
                                                    "Worker Number": 3,
                                                    "Actual Startup Time": 236.132,
                                                    "Actual Total Time": 810.298,
                                                    "Actual Rows": 2747117,
                                                    "Actual Loops": 1
                                                },
                                                {
                                                    "Worker Number": 4,
                                                    "Actual Startup Time": 236.109,
                                                    "Actual Total Time": 785.321,
                                                    "Actual Rows": 4245035,
                                                    "Actual Loops": 1
                                                },
                                                {
                                                    "Worker Number": 5,
                                                    "Actual Startup Time": 236.135,
                                                    "Actual Total Time": 783.469,
                                                    "Actual Rows": 4211618,
                                                    "Actual Loops": 1
                                                }
                                            ]
                                        },
                                        {
                                            "Node Type": "Hash",
                                            "Parent Relationship": "Inner",
                                            "Parallel Aware": true,
                                            "Startup Cost": 45479.21,
                                            "Total Cost": 45479.21,
                                            "Plan Rows": 34194,
                                            "Plan Width": 4,
                                            "Actual Startup Time": 108.936,
                                            "Actual Total Time": 108.937,
                                            "Actual Rows": 38534,
                                            "Actual Loops": 7,
                                            "Output": [
                                                "t.id"
                                            ],
                                            "Hash Buckets": 524288,
                                            "Original Hash Buckets": 262144,
                                            "Hash Batches": 1,
                                            "Original Hash Batches": 1,
                                            "Peak Memory Usage": 16832,
                                            "Workers": [
                                                {
                                                    "Worker Number": 0,
                                                    "Actual Startup Time": 107.453,
                                                    "Actual Total Time": 107.454,
                                                    "Actual Rows": 33892,
                                                    "Actual Loops": 1
                                                },
                                                {
                                                    "Worker Number": 1,
                                                    "Actual Startup Time": 107.898,
                                                    "Actual Total Time": 107.898,
                                                    "Actual Rows": 33640,
                                                    "Actual Loops": 1
                                                },
                                                {
                                                    "Worker Number": 2,
                                                    "Actual Startup Time": 108.049,
                                                    "Actual Total Time": 108.05,
                                                    "Actual Rows": 33824,
                                                    "Actual Loops": 1
                                                },
                                                {
                                                    "Worker Number": 3,
                                                    "Actual Startup Time": 108.303,
                                                    "Actual Total Time": 108.303,
                                                    "Actual Rows": 33066,
                                                    "Actual Loops": 1
                                                },
                                                {
                                                    "Worker Number": 4,
                                                    "Actual Startup Time": 108.631,
                                                    "Actual Total Time": 108.632,
                                                    "Actual Rows": 44529,
                                                    "Actual Loops": 1
                                                },
                                                {
                                                    "Worker Number": 5,
                                                    "Actual Startup Time": 108.753,
                                                    "Actual Total Time": 108.754,
                                                    "Actual Rows": 45435,
                                                    "Actual Loops": 1
                                                }
                                            ],
                                            "Plans": [
                                                {
                                                    "Node Type": "Seq Scan",
                                                    "Parent Relationship": "Outer",
                                                    "Parallel Aware": true,
                                                    "Relation Name": "title",
                                                    "Schema": "public",
                                                    "Alias": "t",
                                                    "Startup Cost": 0.0,
                                                    "Total Cost": 45479.21,
                                                    "Plan Rows": 34194,
                                                    "Plan Width": 4,
                                                    "Actual Startup Time": 49.266,
                                                    "Actual Total Time": 81.047,
                                                    "Actual Rows": 38534,
                                                    "Actual Loops": 7,
                                                    "Output": [
                                                        "t.id"
                                                    ],
                                                    "Filter": "((t.production_year < 1980) AND (t.kind_id = 1))",
                                                    "Rows Removed by Filter": 322654,
                                                    "Workers": [
                                                        {
                                                            "Worker Number": 0,
                                                            "Actual Startup Time": 48.906,
                                                            "Actual Total Time": 80.881,
                                                            "Actual Rows": 33892,
                                                            "Actual Loops": 1
                                                        },
                                                        {
                                                            "Worker Number": 1,
                                                            "Actual Startup Time": 47.931,
                                                            "Actual Total Time": 81.055,
                                                            "Actual Rows": 33640,
                                                            "Actual Loops": 1
                                                        },
                                                        {
                                                            "Worker Number": 2,
                                                            "Actual Startup Time": 48.567,
                                                            "Actual Total Time": 81.322,
                                                            "Actual Rows": 33824,
                                                            "Actual Loops": 1
                                                        },
                                                        {
                                                            "Worker Number": 3,
                                                            "Actual Startup Time": 48.47,
                                                            "Actual Total Time": 80.69,
                                                            "Actual Rows": 33066,
                                                            "Actual Loops": 1
                                                        },
                                                        {
                                                            "Worker Number": 4,
                                                            "Actual Startup Time": 48.726,
                                                            "Actual Total Time": 79.785,
                                                            "Actual Rows": 44529,
                                                            "Actual Loops": 1
                                                        },
                                                        {
                                                            "Worker Number": 5,
                                                            "Actual Startup Time": 48.761,
                                                            "Actual Total Time": 80.513,
                                                            "Actual Rows": 45435,
                                                            "Actual Loops": 1
                                                        }
                                                    ]
                                                }
                                            ]
                                        }
                                    ]
                                }
                            ]
                        }
                    ]
                }
            ]
        },
        "Planning Time": 302.598,
        "Triggers": [],
        "Execution Time": 1469.192
    }
]