[
  {
    "Plan": {
      "Node Type": "Aggregate",
      "Strategy": "Plain",
      "Partial Mode": "Finalize",
      "Parallel Aware": false,
      "Startup Cost": 45514.76,
      "Total Cost": 45514.77,
      "Plan Rows": 1,
      "Plan Width": 8,
      "Actual Startup Time": 133.815,
      "Actual Total Time": 142.77,
      "Actual Rows": 1,
      "Actual Loops": 1,
      "Plans": [
        {
          "Node Type": "Gather",
          "Parent Relationship": "Outer",
          "Parallel Aware": false,
          "Startup Cost": 45514.44,
          "Total Cost": 45514.75,
          "Plan Rows": 3,
          "Plan Width": 8,
          "Actual Startup Time": 133.659,
          "Actual Total Time": 142.764,
          "Actual Rows": 4,
          "Actual Loops": 1,
          "Workers Planned": 3,
          "Workers Launched": 3,
          "Single Copy": false,
          "Plans": [
            {
              "Node Type": "Aggregate",
              "Strategy": "Plain",
              "Partial Mode": "Partial",
              "Parent Relationship": "Outer",
              "Parallel Aware": false,
              "Startup Cost": 44514.44,
              "Total Cost": 44514.45,
              "Plan Rows": 1,
              "Plan Width": 8,
              "Actual Startup Time": 128.223,
              "Actual Total Time": 128.224,
              "Actual Rows": 1,
              "Actual Loops": 4,
              "Plans": [
                {
                  "Node Type": "Seq Scan",
                  "Parent Relationship": "Outer",
                  "Parallel Aware": true,
                  "Relation Name": "movie_keyword",
                  "Alias": "mk",
                  "Startup Cost": 0.0,
                  "Total Cost": 42695.65,
                  "Plan Rows": 727514,
                  "Plan Width": 0,
                  "Actual Startup Time": 0.257,
                  "Actual Total Time": 104.079,
                  "Actual Rows": 561122,
                  "Actual Loops": 4,
                  "Filter": "(keyword_id > 4831)",
                  "Rows Removed by Filter": 569860
                }
              ]
            }
          ]
        }
      ]
    },
    "Planning Time": 0.088,
    "Triggers": [],
    "Execution Time": 142.805
  }
]