[
  {
    "Plan": {
      "Node Type": "Aggregate",
      "Strategy": "Plain",
      "Partial Mode": "Finalize",
      "Parallel Aware": false,
      "Startup Cost": 339156.75,
      "Total Cost": 339156.76,
      "Plan Rows": 1,
      "Plan Width": 8,
      "Actual Startup Time": 921.478,
      "Actual Total Time": 970.871,
      "Actual Rows": 1,
      "Actual Loops": 1,
      "Plans": [
        {
          "Node Type": "Gather",
          "Parent Relationship": "Outer",
          "Parallel Aware": false,
          "Startup Cost": 339156.12,
          "Total Cost": 339156.73,
          "Plan Rows": 6,
          "Plan Width": 8,
          "Actual Startup Time": 921.296,
          "Actual Total Time": 970.858,
          "Actual Rows": 7,
          "Actual Loops": 1,
          "Workers Planned": 6,
          "Workers Launched": 6,
          "Single Copy": false,
          "Plans": [
            {
              "Node Type": "Aggregate",
              "Strategy": "Plain",
              "Partial Mode": "Partial",
              "Parent Relationship": "Outer",
              "Parallel Aware": false,
              "Startup Cost": 338156.12,
              "Total Cost": 338156.13,
              "Plan Rows": 1,
              "Plan Width": 8,
              "Actual Startup Time": 913.127,
              "Actual Total Time": 913.129,
              "Actual Rows": 1,
              "Actual Loops": 7,
              "Plans": [
                {
                  "Node Type": "Seq Scan",
                  "Parent Relationship": "Outer",
                  "Parallel Aware": true,
                  "Relation Name": "cast_info",
                  "Alias": "ci",
                  "Startup Cost": 0.0,
                  "Total Cost": 328211.39,
                  "Plan Rows": 3977892,
                  "Plan Width": 0,
                  "Actual Startup Time": 0.052,
                  "Actual Total Time": 707.288,
                  "Actual Rows": 3431446,
                  "Actual Loops": 7,
                  "Filter": "(person_id < 2463868)",
                  "Rows Removed by Filter": 1746318
                }
              ]
            }
          ]
        }
      ]
    },
    "Planning Time": 0.208,
    "Triggers": [],
    "Execution Time": 970.946
  }
]