[
  {
    "Plan": {
      "Node Type": "Aggregate",
      "Strategy": "Plain",
      "Partial Mode": "Finalize",
      "Parallel Aware": false,
      "Startup Cost": 51149.89,
      "Total Cost": 51149.9,
      "Plan Rows": 1,
      "Plan Width": 8,
      "Actual Startup Time": 106.705,
      "Actual Total Time": 117.639,
      "Actual Rows": 1,
      "Actual Loops": 1,
      "Plans": [
        {
          "Node Type": "Gather",
          "Parent Relationship": "Outer",
          "Parallel Aware": false,
          "Startup Cost": 51149.47,
          "Total Cost": 51149.88,
          "Plan Rows": 4,
          "Plan Width": 8,
          "Actual Startup Time": 101.784,
          "Actual Total Time": 117.62,
          "Actual Rows": 5,
          "Actual Loops": 1,
          "Workers Planned": 4,
          "Workers Launched": 4,
          "Single Copy": false,
          "Plans": [
            {
              "Node Type": "Aggregate",
              "Strategy": "Plain",
              "Partial Mode": "Partial",
              "Parent Relationship": "Outer",
              "Parallel Aware": false,
              "Startup Cost": 50149.47,
              "Total Cost": 50149.48,
              "Plan Rows": 1,
              "Plan Width": 8,
              "Actual Startup Time": 95.957,
              "Actual Total Time": 95.958,
              "Actual Rows": 1,
              "Actual Loops": 5,
              "Plans": [
                {
                  "Node Type": "Index Scan",
                  "Parent Relationship": "Outer",
                  "Parallel Aware": true,
                  "Scan Direction": "Forward",
                  "Index Name": "role_id_cast_info",
                  "Relation Name": "cast_info",
                  "Alias": "ci",
                  "Startup Cost": 0.56,
                  "Total Cost": 49093.36,
                  "Plan Rows": 422443,
                  "Plan Width": 0,
                  "Actual Startup Time": 0.122,
                  "Actual Total Time": 78.356,
                  "Actual Rows": 327448,
                  "Actual Loops": 5,
                  "Index Cond": "(role_id = 8)",
                  "Rows Removed by Index Recheck": 0,
                  "Filter": "(person_id > 147622)",
                  "Rows Removed by Filter": 13260
                }
              ]
            }
          ]
        }
      ]
    },
    "Planning Time": 0.237,
    "Triggers": [],
    "Execution Time": 117.7
  }
]