{
    "Plan": {
        "Node Type": "Aggregate",
        "Strategy": "Plain",
        "Partial Mode": "Finalize",
        "Parallel Aware": false,
        "Startup Cost": 521080.0,
        "Total Cost": 521080.01,
        "Plan Rows": 1,
        "Plan Width": 8,
        "Actual Startup Time": 5704.919,
        "Actual Total Time": 5804.787,
        "Actual Rows": 1,
        "Actual Loops": 1,
        "Output": [
            "count(*)"
        ],
        "Plans": [
            {
                "Node Type": "Gather",
                "Parent Relationship": "Outer",
                "Parallel Aware": false,
                "Startup Cost": 521079.48,
                "Total Cost": 521079.99,
                "Plan Rows": 5,
                "Plan Width": 8,
                "Actual Startup Time": 5700.142,
                "Actual Total Time": 5804.776,
                "Actual Rows": 6,
                "Actual Loops": 1,
                "Output": [
                    "(PARTIAL count(*))"
                ],
                "Workers Planned": 5,
                "Workers Launched": 5,
                "Single Copy": false,
                "Plans": [
                    {
                        "Node Type": "Aggregate",
                        "Strategy": "Plain",
                        "Partial Mode": "Partial",
                        "Parent Relationship": "Outer",
                        "Parallel Aware": false,
                        "Startup Cost": 520079.48,
                        "Total Cost": 520079.49,
                        "Plan Rows": 1,
                        "Plan Width": 8,
                        "Actual Startup Time": 5689.476,
                        "Actual Total Time": 5689.48,
                        "Actual Rows": 1,
                        "Actual Loops": 6,
                        "Output": [
                            "PARTIAL count(*)"
                        ],
                        "Workers": [
                            {
                                "Worker Number": 0,
                                "Actual Startup Time": 5686.842,
                                "Actual Total Time": 5686.846,
                                "Actual Rows": 1,
                                "Actual Loops": 1
                            },
                            {
                                "Worker Number": 1,
                                "Actual Startup Time": 5687.387,
                                "Actual Total Time": 5687.39,
                                "Actual Rows": 1,
                                "Actual Loops": 1
                            },
                            {
                                "Worker Number": 2,
                                "Actual Startup Time": 5687.696,
                                "Actual Total Time": 5687.701,
                                "Actual Rows": 1,
                                "Actual Loops": 1
                            },
                            {
                                "Worker Number": 3,
                                "Actual Startup Time": 5687.708,
                                "Actual Total Time": 5687.712,
                                "Actual Rows": 1,
                                "Actual Loops": 1
                            },
                            {
                                "Worker Number": 4,
                                "Actual Startup Time": 5688.014,
                                "Actual Total Time": 5688.019,
                                "Actual Rows": 1,
                                "Actual Loops": 1
                            }
                        ],
                        "Plans": [
                            {
                                "Node Type": "Nested Loop",
                                "Parent Relationship": "Outer",
                                "Parallel Aware": false,
                                "Join Type": "Inner",
                                "Startup Cost": 47073.35,
                                "Total Cost": 515739.07,
                                "Plan Rows": 1736166,
                                "Plan Width": 0,
                                "Actual Startup Time": 306.374,
                                "Actual Total Time": 5374.052,
                                "Actual Rows": 6804743,
                                "Actual Loops": 6,
                                "Inner Unique": false,
                                "Join Filter": "(t.id = ci.movie_id)",
                                "Rows Removed by Join Filter": 0,
                                "Workers": [
                                    {
                                        "Worker Number": 0,
                                        "Actual Startup Time": 303.84,
                                        "Actual Total Time": 5366.473,
                                        "Actual Rows": 6805698,
                                        "Actual Loops": 1
                                    },
                                    {
                                        "Worker Number": 1,
                                        "Actual Startup Time": 303.941,
                                        "Actual Total Time": 5340.085,
                                        "Actual Rows": 5339920,
                                        "Actual Loops": 1
                                    },
                                    {
                                        "Worker Number": 2,
                                        "Actual Startup Time": 304.664,
                                        "Actual Total Time": 5396.301,
                                        "Actual Rows": 7058821,
                                        "Actual Loops": 1
                                    },
                                    {
                                        "Worker Number": 3,
                                        "Actual Startup Time": 304.719,
                                        "Actual Total Time": 5376.604,
                                        "Actual Rows": 6489770,
                                        "Actual Loops": 1
                                    },
                                    {
                                        "Worker Number": 4,
                                        "Actual Startup Time": 304.984,
                                        "Actual Total Time": 5391.542,
                                        "Actual Rows": 7175026,
                                        "Actual Loops": 1
                                    }
                                ],
                                "Plans": [
                                    {
                                        "Node Type": "Hash Join",
                                        "Parent Relationship": "Outer",
                                        "Parallel Aware": true,
                                        "Join Type": "Inner",
                                        "Startup Cost": 47072.78,
                                        "Total Cost": 247529.4,
                                        "Plan Rows": 121083,
                                        "Plan Width": 8,
                                        "Actual Startup Time": 306.265,
                                        "Actual Total Time": 594.851,
                                        "Actual Rows": 151823,
                                        "Actual Loops": 6,
                                        "Output": [
                                            "t.id",
                                            "mi.movie_id"
                                        ],
                                        "Inner Unique": true,
                                        "Hash Cond": "(mi.movie_id = t.id)",
                                        "Workers": [
                                            {
                                                "Worker Number": 0,
                                                "Actual Startup Time": 303.7,
                                                "Actual Total Time": 591.622,
                                                "Actual Rows": 152290,
                                                "Actual Loops": 1
                                            },
                                            {
                                                "Worker Number": 1,
                                                "Actual Startup Time": 303.821,
                                                "Actual Total Time": 592.716,
                                                "Actual Rows": 120372,
                                                "Actual Loops": 1
                                            },
                                            {
                                                "Worker Number": 2,
                                                "Actual Startup Time": 304.553,
                                                "Actual Total Time": 594.92,
                                                "Actual Rows": 156513,
                                                "Actual Loops": 1
                                            },
                                            {
                                                "Worker Number": 3,
                                                "Actual Startup Time": 304.595,
                                                "Actual Total Time": 592.689,
                                                "Actual Rows": 143155,
                                                "Actual Loops": 1
                                            },
                                            {
                                                "Worker Number": 4,
                                                "Actual Startup Time": 304.86,
                                                "Actual Total Time": 596.457,
                                                "Actual Rows": 161773,
                                                "Actual Loops": 1
                                            }
                                        ],
                                        "Plans": [
                                            {
                                                "Node Type": "Seq Scan",
                                                "Parent Relationship": "Outer",
                                                "Parallel Aware": true,
                                                "Relation Name": "movie_info",
                                                "Schema": "public",
                                                "Alias": "mi",
                                                "Startup Cost": 0.0,
                                                "Total Cost": 198880.74,
                                                "Plan Rows": 600336,
                                                "Plan Width": 4,
                                                "Actual Startup Time": 76.732,
                                                "Actual Total Time": 313.472,
                                                "Actual Rows": 506120,
                                                "Actual Loops": 6,
                                                "Output": [
                                                    "mi.id",
                                                    "mi.movie_id",
                                                    "mi.info_type_id",
                                                    "mi.info",
                                                    "mi.note"
                                                ],
                                                "Filter": "(mi.info_type_id = 16)",
                                                "Rows Removed by Filter": 1966500,
                                                "Workers": [
                                                    {
                                                        "Worker Number": 0,
                                                        "Actual Startup Time": 76.759,
                                                        "Actual Total Time": 318.509,
                                                        "Actual Rows": 454113,
                                                        "Actual Loops": 1
                                                    },
                                                    {
                                                        "Worker Number": 1,
                                                        "Actual Startup Time": 76.736,
                                                        "Actual Total Time": 320.897,
                                                        "Actual Rows": 400556,
                                                        "Actual Loops": 1
                                                    },
                                                    {
                                                        "Worker Number": 2,
                                                        "Actual Startup Time": 76.764,
                                                        "Actual Total Time": 310.311,
                                                        "Actual Rows": 544862,
                                                        "Actual Loops": 1
                                                    },
                                                    {
                                                        "Worker Number": 3,
                                                        "Actual Startup Time": 76.756,
                                                        "Actual Total Time": 316.132,
                                                        "Actual Rows": 432595,
                                                        "Actual Loops": 1
                                                    },
                                                    {
                                                        "Worker Number": 4,
                                                        "Actual Startup Time": 76.762,
                                                        "Actual Total Time": 312.603,
                                                        "Actual Rows": 560549,
                                                        "Actual Loops": 1
                                                    }
                                                ]
                                            },
                                            {
                                                "Node Type": "Hash",
                                                "Parent Relationship": "Inner",
                                                "Parallel Aware": true,
                                                "Startup Cost": 45479.21,
                                                "Total Cost": 45479.21,
                                                "Plan Rows": 127486,
                                                "Plan Width": 4,
                                                "Actual Startup Time": 120.419,
                                                "Actual Total Time": 120.42,
                                                "Actual Rows": 87355,
                                                "Actual Loops": 6,
                                                "Output": [
                                                    "t.id"
                                                ],
                                                "Hash Buckets": 524288,
                                                "Original Hash Buckets": 524288,
                                                "Hash Batches": 1,
                                                "Original Hash Batches": 1,
                                                "Peak Memory Usage": 24704,
                                                "Workers": [
                                                    {
                                                        "Worker Number": 0,
                                                        "Actual Startup Time": 119.753,
                                                        "Actual Total Time": 119.754,
                                                        "Actual Rows": 72330,
                                                        "Actual Loops": 1
                                                    },
                                                    {
                                                        "Worker Number": 1,
                                                        "Actual Startup Time": 119.912,
                                                        "Actual Total Time": 119.913,
                                                        "Actual Rows": 70618,
                                                        "Actual Loops": 1
                                                    },
                                                    {
                                                        "Worker Number": 2,
                                                        "Actual Startup Time": 120.639,
                                                        "Actual Total Time": 120.64,
                                                        "Actual Rows": 95753,
                                                        "Actual Loops": 1
                                                    },
                                                    {
                                                        "Worker Number": 3,
                                                        "Actual Startup Time": 120.673,
                                                        "Actual Total Time": 120.675,
                                                        "Actual Rows": 70299,
                                                        "Actual Loops": 1
                                                    },
                                                    {
                                                        "Worker Number": 4,
                                                        "Actual Startup Time": 120.999,
                                                        "Actual Total Time": 121.001,
                                                        "Actual Rows": 96432,
                                                        "Actual Loops": 1
                                                    }
                                                ],
                                                "Plans": [
                                                    {
                                                        "Node Type": "Seq Scan",
                                                        "Parent Relationship": "Outer",
                                                        "Parallel Aware": true,
                                                        "Relation Name": "title",
                                                        "Schema": "public",
                                                        "Alias": "t",
                                                        "Startup Cost": 0.0,
                                                        "Total Cost": 45479.21,
                                                        "Plan Rows": 127486,
                                                        "Plan Width": 4,
                                                        "Actual Startup Time": 51.113,
                                                        "Actual Total Time": 86.341,
                                                        "Actual Rows": 87355,
                                                        "Actual Loops": 6,
                                                        "Output": [
                                                            "t.id"
                                                        ],
                                                        "Filter": "((t.production_year < 2010) AND (t.kind_id = 1))",
                                                        "Rows Removed by Filter": 334030,
                                                        "Workers": [
                                                            {
                                                                "Worker Number": 0,
                                                                "Actual Startup Time": 50.524,
                                                                "Actual Total Time": 87.154,
                                                                "Actual Rows": 72330,
                                                                "Actual Loops": 1
                                                            },
                                                            {
                                                                "Worker Number": 1,
                                                                "Actual Startup Time": 50.885,
                                                                "Actual Total Time": 87.19,
                                                                "Actual Rows": 70618,
                                                                "Actual Loops": 1
                                                            },
                                                            {
                                                                "Worker Number": 2,
                                                                "Actual Startup Time": 51.519,
                                                                "Actual Total Time": 86.571,
                                                                "Actual Rows": 95753,
                                                                "Actual Loops": 1
                                                            },
                                                            {
                                                                "Worker Number": 3,
                                                                "Actual Startup Time": 51.202,
                                                                "Actual Total Time": 87.503,
                                                                "Actual Rows": 70299,
                                                                "Actual Loops": 1
                                                            },
                                                            {
                                                                "Worker Number": 4,
                                                                "Actual Startup Time": 51.151,
                                                                "Actual Total Time": 86.374,
                                                                "Actual Rows": 96432,
                                                                "Actual Loops": 1
                                                            }
                                                        ]
                                                    }
                                                ]
                                            }
                                        ]
                                    },
                                    {
                                        "Node Type": "Index Only Scan",
                                        "Parent Relationship": "Inner",
                                        "Parallel Aware": false,
                                        "Scan Direction": "Forward",
                                        "Index Name": "movie_id_cast_info",
                                        "Relation Name": "cast_info",
                                        "Schema": "public",
                                        "Alias": "ci",
                                        "Startup Cost": 0.56,
                                        "Total Cost": 1.74,
                                        "Plan Rows": 38,
                                        "Plan Width": 4,
                                        "Actual Startup Time": 0.004,
                                        "Actual Total Time": 0.027,
                                        "Actual Rows": 45,
                                        "Actual Loops": 910939,
                                        "Output": [
                                            "ci.movie_id"
                                        ],
                                        "Index Cond": "(ci.movie_id = mi.movie_id)",
                                        "Rows Removed by Index Recheck": 0,
                                        "Heap Fetches": 40828456,
                                        "Workers": [
                                            {
                                                "Worker Number": 0,
                                                "Actual Startup Time": 0.004,
                                                "Actual Total Time": 0.027,
                                                "Actual Rows": 45,
                                                "Actual Loops": 152290
                                            },
                                            {
                                                "Worker Number": 1,
                                                "Actual Startup Time": 0.005,
                                                "Actual Total Time": 0.033,
                                                "Actual Rows": 44,
                                                "Actual Loops": 120372
                                            },
                                            {
                                                "Worker Number": 2,
                                                "Actual Startup Time": 0.004,
                                                "Actual Total Time": 0.027,
                                                "Actual Rows": 45,
                                                "Actual Loops": 156513
                                            },
                                            {
                                                "Worker Number": 3,
                                                "Actual Startup Time": 0.004,
                                                "Actual Total Time": 0.029,
                                                "Actual Rows": 45,
                                                "Actual Loops": 143155
                                            },
                                            {
                                                "Worker Number": 4,
                                                "Actual Startup Time": 0.004,
                                                "Actual Total Time": 0.026,
                                                "Actual Rows": 44,
                                                "Actual Loops": 161773
                                            }
                                        ]
                                    }
                                ]
                            }
                        ]
                    }
                ]
            }
        ]
    },
    "Planning Time": 1.476,
    "Triggers": [],
    "Execution Time": 5804.896
}