{
  "Plan": {
    "Node Type": "Aggregate",
    "Strategy": "Plain",
    "Partial Mode": "Finalize",
    "Parallel Aware": false,
    "Startup Cost": 133040.6,
    "Total Cost": 133040.61,
    "Plan Rows": 1,
    "Plan Width": 8,
    "Actual Startup Time": 834.078,
    "Actual Total Time": 851.584,
    "Actual Rows": 1,
    "Actual Loops": 1,
    "Plans": [
      {
        "Node Type": "Gather",
        "Parent Relationship": "Outer",
        "Parallel Aware": false,
        "Startup Cost": 133040.49,
        "Total Cost": 133040.6,
        "Plan Rows": 1,
        "Plan Width": 8,
        "Actual Startup Time": 830.5,
        "Actual Total Time": 851.577,
        "Actual Rows": 2,
        "Actual Loops": 1,
        "Workers Planned": 1,
        "Workers Launched": 1,
        "Single Copy": false,
        "Plans": [
          {
            "Node Type": "Aggregate",
            "Strategy": "Plain",
            "Partial Mode": "Partial",
            "Parent Relationship": "Outer",
            "Parallel Aware": false,
            "Startup Cost": 132040.49,
            "Total Cost": 132040.5,
            "Plan Rows": 1,
            "Plan Width": 8,
            "Actual Startup Time": 823.359,
            "Actual Total Time": 823.362,
            "Actual Rows": 1,
            "Actual Loops": 2,
            "Plans": [
              {
                "Node Type": "Hash Join",
                "Parent Relationship": "Outer",
                "Parallel Aware": true,
                "Join Type": "Inner",
                "Startup Cost": 69184.54,
                "Total Cost": 129842.36,
                "Plan Rows": 879252,
                "Plan Width": 0,
                "Actual Startup Time": 455.534,
                "Actual Total Time": 796.522,
                "Actual Rows": 701253,
                "Actual Loops": 2,
                "Inner Unique": true,
                "Hash Cond": "(mk.movie_id = t.id)",
                "Plans": [
                  {
                    "Node Type": "Seq Scan",
                    "Parent Relationship": "Outer",
                    "Parallel Aware": true,
                    "Relation Name": "movie_keyword",
                    "Alias": "mk",
                    "Startup Cost": 0.0,
                    "Total Cost": 57718.19,
                    "Plan Rows": 1119859,
                    "Plan Width": 4,
                    "Actual Startup Time": 0.014,
                    "Actual Total Time": 174.176,
                    "Actual Rows": 954386,
                    "Actual Loops": 2,
                    "Filter": "(keyword_id < 3280)",
                    "Rows Removed by Filter": 1307579
                  },
                  {
                    "Node Type": "Hash",
                    "Parent Relationship": "Inner",
                    "Parallel Aware": true,
                    "Startup Cost": 54588.39,
                    "Total Cost": 54588.39,
                    "Plan Rows": 1167692,
                    "Plan Width": 4,
                    "Actual Startup Time": 441.965,
                    "Actual Total Time": 441.966,
                    "Actual Rows": 988308,
                    "Actual Loops": 2,
                    "Hash Buckets": 2097152,
                    "Original Hash Buckets": 2097152,
                    "Hash Batches": 1,
                    "Original Hash Batches": 1,
                    "Peak Memory Usage": 93760,
                    "Plans": [
                      {
                        "Node Type": "Seq Scan",
                        "Parent Relationship": "Outer",
                        "Parallel Aware": true,
                        "Relation Name": "title",
                        "Alias": "t",
                        "Startup Cost": 0.0,
                        "Total Cost": 54588.39,
                        "Plan Rows": 1167692,
                        "Plan Width": 4,
                        "Actual Startup Time": 0.027,
                        "Actual Total Time": 179.507,
                        "Actual Rows": 988308,
                        "Actual Loops": 2,
                        "Filter": "(production_year > 1977)",
                        "Rows Removed by Filter": 275848
                      }
                    ]
                  }
                ]
              }
            ]
          }
        ]
      }
    ]
  },
  "Planning Time": 0.584,
  "Triggers": [],
  "Execution Time": 851.645
}