{
    "Plan": {
        "Node Type": "Aggregate",
        "Strategy": "Plain",
        "Partial Mode": "Simple",
        "Parallel Aware": false,
        "Startup Cost": 5368.53,
        "Total Cost": 5368.54,
        "Plan Rows": 1,
        "Plan Width": 8,
        "Actual Startup Time": 11.717,
        "Actual Total Time": 11.721,
        "Actual Rows": 1,
        "Actual Loops": 1,
        "Output": [
            "count(*)"
        ],
        "Plans": [
            {
                "Node Type": "Nested Loop",
                "Parent Relationship": "Outer",
                "Parallel Aware": false,
                "Join Type": "Inner",
                "Startup Cost": 1.42,
                "Total Cost": 5368.01,
                "Plan Rows": 205,
                "Plan Width": 0,
                "Actual Startup Time": 9.681,
                "Actual Total Time": 11.663,
                "Actual Rows": 155,
                "Actual Loops": 1,
                "Inner Unique": false,
                "Plans": [
                    {
                        "Node Type": "Nested Loop",
                        "Parent Relationship": "Outer",
                        "Parallel Aware": false,
                        "Join Type": "Inner",
                        "Startup Cost": 0.99,
                        "Total Cost": 5233.13,
                        "Plan Rows": 198,
                        "Plan Width": 8,
                        "Actual Startup Time": 9.656,
                        "Actual Total Time": 10.55,
                        "Actual Rows": 77,
                        "Actual Loops": 1,
                        "Output": [
                            "t.id",
                            "ci.movie_id"
                        ],
                        "Inner Unique": true,
                        "Plans": [
                            {
                                "Node Type": "Index Scan",
                                "Parent Relationship": "Outer",
                                "Parallel Aware": false,
                                "Scan Direction": "Forward",
                                "Index Name": "person_id_cast_info",
                                "Relation Name": "cast_info",
                                "Schema": "public",
                                "Alias": "ci",
                                "Startup Cost": 0.56,
                                "Total Cost": 1038.33,
                                "Plan Rows": 504,
                                "Plan Width": 4,
                                "Actual Startup Time": 9.618,
                                "Actual Total Time": 9.667,
                                "Actual Rows": 77,
                                "Actual Loops": 1,
                                "Output": [
                                    "ci.id",
                                    "ci.person_id",
                                    "ci.movie_id",
                                    "ci.person_role_id",
                                    "ci.note",
                                    "ci.nr_order",
                                    "ci.role_id"
                                ],
                                "Index Cond": "(ci.person_id = 1112162)",
                                "Rows Removed by Index Recheck": 0
                            },
                            {
                                "Node Type": "Index Scan",
                                "Parent Relationship": "Inner",
                                "Parallel Aware": false,
                                "Scan Direction": "Forward",
                                "Index Name": "title_pkey",
                                "Relation Name": "title",
                                "Schema": "public",
                                "Alias": "t",
                                "Startup Cost": 0.43,
                                "Total Cost": 8.32,
                                "Plan Rows": 1,
                                "Plan Width": 4,
                                "Actual Startup Time": 0.01,
                                "Actual Total Time": 0.01,
                                "Actual Rows": 1,
                                "Actual Loops": 77,
                                "Output": [
                                    "t.id",
                                    "t.title",
                                    "t.imdb_index",
                                    "t.kind_id",
                                    "t.production_year",
                                    "t.imdb_id",
                                    "t.phonetic_code",
                                    "t.episode_of_id",
                                    "t.season_nr",
                                    "t.episode_nr",
                                    "t.series_years",
                                    "t.md5sum"
                                ],
                                "Index Cond": "(t.id = ci.movie_id)",
                                "Rows Removed by Index Recheck": 0,
                                "Filter": "(t.kind_id < 7)",
                                "Rows Removed by Filter": 0
                            }
                        ]
                    },
                    {
                        "Node Type": "Index Only Scan",
                        "Parent Relationship": "Inner",
                        "Parallel Aware": false,
                        "Scan Direction": "Forward",
                        "Index Name": "movie_id_movie_companies",
                        "Relation Name": "movie_companies",
                        "Schema": "public",
                        "Alias": "mc",
                        "Startup Cost": 0.43,
                        "Total Cost": 0.63,
                        "Plan Rows": 5,
                        "Plan Width": 4,
                        "Actual Startup Time": 0.01,
                        "Actual Total Time": 0.013,
                        "Actual Rows": 2,
                        "Actual Loops": 77,
                        "Output": [
                            "mc.movie_id"
                        ],
                        "Index Cond": "(mc.movie_id = t.id)",
                        "Rows Removed by Index Recheck": 0,
                        "Heap Fetches": 155
                    }
                ]
            }
        ]
    },
    "Planning Time": 1.621,
    "Triggers": [],
    "Execution Time": 11.807
}