{
  "Plan": {
    "Node Type": "Aggregate",
    "Strategy": "Plain",
    "Partial Mode": "Finalize",
    "Parallel Aware": false,
    "Startup Cost": 316287.96,
    "Total Cost": 316287.97,
    "Plan Rows": 1,
    "Plan Width": 8,
    "Actual Startup Time": 1619.139,
    "Actual Total Time": 1650.368,
    "Actual Rows": 1,
    "Actual Loops": 1,
    "Plans": [
      {
        "Node Type": "Gather",
        "Parent Relationship": "Outer",
        "Parallel Aware": false,
        "Startup Cost": 316287.85,
        "Total Cost": 316287.96,
        "Plan Rows": 1,
        "Plan Width": 8,
        "Actual Startup Time": 1608.589,
        "Actual Total Time": 1650.351,
        "Actual Rows": 2,
        "Actual Loops": 1,
        "Workers Planned": 1,
        "Workers Launched": 1,
        "Single Copy": false,
        "Plans": [
          {
            "Node Type": "Aggregate",
            "Strategy": "Plain",
            "Partial Mode": "Partial",
            "Parent Relationship": "Outer",
            "Parallel Aware": false,
            "Startup Cost": 315287.85,
            "Total Cost": 315287.86,
            "Plan Rows": 1,
            "Plan Width": 8,
            "Actual Startup Time": 1600.266,
            "Actual Total Time": 1600.277,
            "Actual Rows": 1,
            "Actual Loops": 2,
            "Plans": [
              {
                "Node Type": "Hash Join",
                "Parent Relationship": "Outer",
                "Parallel Aware": true,
                "Join Type": "Inner",
                "Startup Cost": 277686.22,
                "Total Cost": 314459.13,
                "Plan Rows": 331489,
                "Plan Width": 0,
                "Actual Startup Time": 1277.915,
                "Actual Total Time": 1580.008,
                "Actual Rows": 388616,
                "Actual Loops": 2,
                "Inner Unique": false,
                "Hash Cond": "(ci.movie_id = t.id)",
                "Plans": [
                  {
                    "Node Type": "Index Scan",
                    "Parent Relationship": "Outer",
                    "Parallel Aware": true,
                    "Scan Direction": "Forward",
                    "Index Name": "role_id_cast_info",
                    "Relation Name": "cast_info",
                    "Alias": "ci",
                    "Startup Cost": 0.56,
                    "Total Cost": 32487.36,
                    "Plan Rows": 622980,
                    "Plan Width": 4,
                    "Actual Startup Time": 0.262,
                    "Actual Total Time": 90.56,
                    "Actual Rows": 546779,
                    "Actual Loops": 2,
                    "Index Cond": "(role_id = 9)",
                    "Rows Removed by Index Recheck": 0
                  },
                  {
                    "Node Type": "Hash",
                    "Parent Relationship": "Inner",
                    "Parallel Aware": true,
                    "Startup Cost": 267793.64,
                    "Total Cost": 267793.64,
                    "Plan Rows": 791361,
                    "Plan Width": 8,
                    "Actual Startup Time": 1262.503,
                    "Actual Total Time": 1262.511,
                    "Actual Rows": 700951,
                    "Actual Loops": 2,
                    "Hash Buckets": 2097152,
                    "Original Hash Buckets": 2097152,
                    "Hash Batches": 1,
                    "Original Hash Batches": 1,
                    "Peak Memory Usage": 71264,
                    "Plans": [
                      {
                        "Node Type": "Hash Join",
                        "Parent Relationship": "Outer",
                        "Parallel Aware": true,
                        "Join Type": "Inner",
                        "Startup Cost": 93831.31,
                        "Total Cost": 267793.64,
                        "Plan Rows": 791361,
                        "Plan Width": 8,
                        "Actual Startup Time": 746.082,
                        "Actual Total Time": 1076.205,
                        "Actual Rows": 700951,
                        "Actual Loops": 2,
                        "Inner Unique": true,
                        "Hash Cond": "(mi.movie_id = t.id)",
                        "Plans": [
                          {
                            "Node Type": "Bitmap Heap Scan",
                            "Parent Relationship": "Outer",
                            "Parallel Aware": true,
                            "Relation Name": "movie_info",
                            "Alias": "mi",
                            "Startup Cost": 24370.61,
                            "Total Cost": 196255.62,
                            "Plan Rows": 791361,
                            "Plan Width": 4,
                            "Actual Startup Time": 77.583,
                            "Actual Total Time": 167.641,
                            "Actual Rows": 700951,
                            "Actual Loops": 2,
                            "Recheck Cond": "(info_type_id = 7)",
                            "Rows Removed by Index Recheck": 0,
                            "Exact Heap Blocks": 5695,
                            "Lossy Heap Blocks": 0,
                            "Plans": [
                              {
                                "Node Type": "Bitmap Index Scan",
                                "Parent Relationship": "Outer",
                                "Parallel Aware": false,
                                "Index Name": "info_type_id_movie_info",
                                "Startup Cost": 0.0,
                                "Total Cost": 24034.28,
                                "Plan Rows": 1345313,
                                "Plan Width": 0,
                                "Actual Startup Time": 75.239,
                                "Actual Total Time": 75.239,
                                "Actual Rows": 1401902,
                                "Actual Loops": 1,
                                "Index Cond": "(info_type_id = 7)"
                              }
                            ]
                          },
                          {
                            "Node Type": "Hash",
                            "Parent Relationship": "Inner",
                            "Parallel Aware": true,
                            "Startup Cost": 50870.31,
                            "Total Cost": 50870.31,
                            "Plan Rows": 1487231,
                            "Plan Width": 4,
                            "Actual Startup Time": 653.42,
                            "Actual Total Time": 653.421,
                            "Actual Rows": 1264156,
                            "Actual Loops": 2,
                            "Hash Buckets": 4194304,
                            "Original Hash Buckets": 4194304,
                            "Hash Batches": 1,
                            "Original Hash Batches": 1,
                            "Peak Memory Usage": 131680,
                            "Plans": [
                              {
                                "Node Type": "Seq Scan",
                                "Parent Relationship": "Outer",
                                "Parallel Aware": true,
                                "Relation Name": "title",
                                "Alias": "t",
                                "Startup Cost": 0.0,
                                "Total Cost": 50870.31,
                                "Plan Rows": 1487231,
                                "Plan Width": 4,
                                "Actual Startup Time": 0.04,
                                "Actual Total Time": 197.394,
                                "Actual Rows": 1264156,
                                "Actual Loops": 2
                              }
                            ]
                          }
                        ]
                      }
                    ]
                  }
                ]
              }
            ]
          }
        ]
      }
    ]
  },
  "Planning Time": 1.249,
  "Triggers": [],
  "Execution Time": 1650.49
}