[
  {
    "Plan": {
      "Node Type": "Aggregate",
      "Strategy": "Plain",
      "Partial Mode": "Finalize",
      "Parallel Aware": false,
      "Startup Cost": 47108.98,
      "Total Cost": 47108.99,
      "Plan Rows": 1,
      "Plan Width": 8,
      "Actual Startup Time": 173.187,
      "Actual Total Time": 182.953,
      "Actual Rows": 1,
      "Actual Loops": 1,
      "Plans": [
        {
          "Node Type": "Gather",
          "Parent Relationship": "Outer",
          "Parallel Aware": false,
          "Startup Cost": 47108.66,
          "Total Cost": 47108.97,
          "Plan Rows": 3,
          "Plan Width": 8,
          "Actual Startup Time": 173.057,
          "Actual Total Time": 182.945,
          "Actual Rows": 4,
          "Actual Loops": 1,
          "Workers Planned": 3,
          "Workers Launched": 3,
          "Single Copy": false,
          "Plans": [
            {
              "Node Type": "Aggregate",
              "Strategy": "Plain",
              "Partial Mode": "Partial",
              "Parent Relationship": "Outer",
              "Parallel Aware": false,
              "Startup Cost": 46108.66,
              "Total Cost": 46108.67,
              "Plan Rows": 1,
              "Plan Width": 8,
              "Actual Startup Time": 166.509,
              "Actual Total Time": 166.51,
              "Actual Rows": 1,
              "Actual Loops": 4,
              "Plans": [
                {
                  "Node Type": "Seq Scan",
                  "Parent Relationship": "Outer",
                  "Parallel Aware": true,
                  "Relation Name": "movie_keyword",
                  "Alias": "mk",
                  "Startup Cost": 0.0,
                  "Total Cost": 42695.65,
                  "Plan Rows": 1365202,
                  "Plan Width": 0,
                  "Actual Startup Time": 0.051,
                  "Actual Total Time": 120.804,
                  "Actual Rows": 1059094,
                  "Actual Loops": 4,
                  "Filter": "(keyword_id < 55633)",
                  "Rows Removed by Filter": 71888
                }
              ]
            }
          ]
        }
      ]
    },
    "Planning Time": 0.177,
    "Triggers": [],
    "Execution Time": 183.015
  }
]