[
  {
    "Plan": {
      "Node Type": "Aggregate",
      "Strategy": "Plain",
      "Partial Mode": "Finalize",
      "Parallel Aware": false,
      "Startup Cost": 46486.58,
      "Total Cost": 46486.59,
      "Plan Rows": 1,
      "Plan Width": 8,
      "Actual Startup Time": 113.308,
      "Actual Total Time": 129.989,
      "Actual Rows": 1,
      "Actual Loops": 1,
      "Plans": [
        {
          "Node Type": "Gather",
          "Parent Relationship": "Outer",
          "Parallel Aware": false,
          "Startup Cost": 46486.16,
          "Total Cost": 46486.57,
          "Plan Rows": 4,
          "Plan Width": 8,
          "Actual Startup Time": 113.073,
          "Actual Total Time": 129.978,
          "Actual Rows": 5,
          "Actual Loops": 1,
          "Workers Planned": 4,
          "Workers Launched": 4,
          "Single Copy": false,
          "Plans": [
            {
              "Node Type": "Aggregate",
              "Strategy": "Plain",
              "Partial Mode": "Partial",
              "Parent Relationship": "Outer",
              "Parallel Aware": false,
              "Startup Cost": 45486.16,
              "Total Cost": 45486.17,
              "Plan Rows": 1,
              "Plan Width": 8,
              "Actual Startup Time": 105.827,
              "Actual Total Time": 105.829,
              "Actual Rows": 1,
              "Actual Loops": 5,
              "Plans": [
                {
                  "Node Type": "Seq Scan",
                  "Parent Relationship": "Outer",
                  "Parallel Aware": true,
                  "Relation Name": "title",
                  "Alias": "t",
                  "Startup Cost": 0.0,
                  "Total Cost": 45479.59,
                  "Plan Rows": 2631,
                  "Plan Width": 0,
                  "Actual Startup Time": 0.077,
                  "Actual Total Time": 105.468,
                  "Actual Rows": 2096,
                  "Actual Loops": 5,
                  "Filter": "((kind_id > 1) AND (production_year = 1982))",
                  "Rows Removed by Filter": 503566
                }
              ]
            }
          ]
        }
      ]
    },
    "Planning Time": 0.1,
    "Triggers": [],
    "Execution Time": 130.027
  }
]