[
  {
    "Plan": {
      "Node Type": "Aggregate",
      "Strategy": "Plain",
      "Partial Mode": "Finalize",
      "Parallel Aware": false,
      "Startup Cost": 145790.25,
      "Total Cost": 145790.26,
      "Plan Rows": 1,
      "Plan Width": 8,
      "Actual Startup Time": 150.279,
      "Actual Total Time": 179.179,
      "Actual Rows": 1,
      "Actual Loops": 1,
      "Plans": [
        {
          "Node Type": "Gather",
          "Parent Relationship": "Outer",
          "Parallel Aware": false,
          "Startup Cost": 145789.83,
          "Total Cost": 145790.24,
          "Plan Rows": 4,
          "Plan Width": 8,
          "Actual Startup Time": 150.096,
          "Actual Total Time": 179.168,
          "Actual Rows": 5,
          "Actual Loops": 1,
          "Workers Planned": 4,
          "Workers Launched": 4,
          "Single Copy": false,
          "Plans": [
            {
              "Node Type": "Aggregate",
              "Strategy": "Plain",
              "Partial Mode": "Partial",
              "Parent Relationship": "Outer",
              "Parallel Aware": false,
              "Startup Cost": 144789.83,
              "Total Cost": 144789.84,
              "Plan Rows": 1,
              "Plan Width": 8,
              "Actual Startup Time": 145.366,
              "Actual Total Time": 145.368,
              "Actual Rows": 1,
              "Actual Loops": 5,
              "Plans": [
                {
                  "Node Type": "Nested Loop",
                  "Parent Relationship": "Outer",
                  "Parallel Aware": false,
                  "Join Type": "Inner",
                  "Startup Cost": 1.0,
                  "Total Cost": 144750.32,
                  "Plan Rows": 15804,
                  "Plan Width": 0,
                  "Actual Startup Time": 51.761,
                  "Actual Total Time": 143.992,
                  "Actual Rows": 25631,
                  "Actual Loops": 5,
                  "Inner Unique": false,
                  "Join Filter": "(t.id = mi.movie_id)",
                  "Rows Removed by Join Filter": 0,
                  "Plans": [
                    {
                      "Node Type": "Nested Loop",
                      "Parent Relationship": "Outer",
                      "Parallel Aware": false,
                      "Join Type": "Inner",
                      "Startup Cost": 0.56,
                      "Total Cost": 139994.21,
                      "Plan Rows": 2692,
                      "Plan Width": 8,
                      "Actual Startup Time": 51.649,
                      "Actual Total Time": 112.643,
                      "Actual Rows": 1494,
                      "Actual Loops": 5,
                      "Inner Unique": false,
                      "Plans": [
                        {
                          "Node Type": "Seq Scan",
                          "Parent Relationship": "Outer",
                          "Parallel Aware": true,
                          "Relation Name": "title",
                          "Alias": "t",
                          "Startup Cost": 0.0,
                          "Total Cost": 43899.32,
                          "Plan Rows": 801,
                          "Plan Width": 4,
                          "Actual Startup Time": 51.222,
                          "Actual Total Time": 71.109,
                          "Actual Rows": 499,
                          "Actual Loops": 5,
                          "Filter": "(production_year = 1934)",
                          "Rows Removed by Filter": 505164
                        },
                        {
                          "Node Type": "Index Scan",
                          "Parent Relationship": "Inner",
                          "Parallel Aware": false,
                          "Scan Direction": "Forward",
                          "Index Name": "movie_id_cast_info",
                          "Relation Name": "cast_info",
                          "Alias": "ci",
                          "Startup Cost": 0.56,
                          "Total Cost": 119.89,
                          "Plan Rows": 8,
                          "Plan Width": 4,
                          "Actual Startup Time": 0.072,
                          "Actual Total Time": 0.082,
                          "Actual Rows": 3,
                          "Actual Loops": 2493,
                          "Index Cond": "(movie_id = t.id)",
                          "Rows Removed by Index Recheck": 0,
                          "Filter": "((person_id > 356575) AND (role_id > 4))",
                          "Rows Removed by Filter": 15
                        }
                      ]
                    },
                    {
                      "Node Type": "Index Only Scan",
                      "Parent Relationship": "Inner",
                      "Parallel Aware": false,
                      "Scan Direction": "Forward",
                      "Index Name": "movie_id_movie_info",
                      "Relation Name": "movie_info",
                      "Alias": "mi",
                      "Startup Cost": 0.43,
                      "Total Cost": 1.25,
                      "Plan Rows": 41,
                      "Plan Width": 4,
                      "Actual Startup Time": 0.006,
                      "Actual Total Time": 0.019,
                      "Actual Rows": 17,
                      "Actual Loops": 7471,
                      "Index Cond": "(movie_id = ci.movie_id)",
                      "Rows Removed by Index Recheck": 0,
                      "Heap Fetches": 128153
                    }
                  ]
                }
              ]
            }
          ]
        }
      ]
    },
    "Planning Time": 0.724,
    "Triggers": [],
    "Execution Time": 179.243
  }
]