[
  {
    "Plan": {
      "Node Type": "Aggregate",
      "Strategy": "Plain",
      "Partial Mode": "Finalize",
      "Parallel Aware": false,
      "Startup Cost": 83778.22,
      "Total Cost": 83778.23,
      "Plan Rows": 1,
      "Plan Width": 8,
      "Actual Startup Time": 443.442,
      "Actual Total Time": 458.548,
      "Actual Rows": 1,
      "Actual Loops": 1,
      "Plans": [
        {
          "Node Type": "Gather",
          "Parent Relationship": "Outer",
          "Parallel Aware": false,
          "Startup Cost": 83777.8,
          "Total Cost": 83778.21,
          "Plan Rows": 4,
          "Plan Width": 8,
          "Actual Startup Time": 437.152,
          "Actual Total Time": 458.539,
          "Actual Rows": 5,
          "Actual Loops": 1,
          "Workers Planned": 4,
          "Workers Launched": 4,
          "Single Copy": false,
          "Plans": [
            {
              "Node Type": "Aggregate",
              "Strategy": "Plain",
              "Partial Mode": "Partial",
              "Parent Relationship": "Outer",
              "Parallel Aware": false,
              "Startup Cost": 82777.8,
              "Total Cost": 82777.81,
              "Plan Rows": 1,
              "Plan Width": 8,
              "Actual Startup Time": 427.881,
              "Actual Total Time": 427.884,
              "Actual Rows": 1,
              "Actual Loops": 5,
              "Plans": [
                {
                  "Node Type": "Hash Join",
                  "Parent Relationship": "Outer",
                  "Parallel Aware": true,
                  "Join Type": "Inner",
                  "Startup Cost": 35757.17,
                  "Total Cost": 82104.74,
                  "Plan Rows": 269226,
                  "Plan Width": 0,
                  "Actual Startup Time": 170.015,
                  "Actual Total Time": 417.614,
                  "Actual Rows": 240640,
                  "Actual Loops": 5,
                  "Inner Unique": false,
                  "Hash Cond": "(t.id = mc.movie_id)",
                  "Plans": [
                    {
                      "Node Type": "Seq Scan",
                      "Parent Relationship": "Outer",
                      "Parallel Aware": true,
                      "Relation Name": "title",
                      "Alias": "t",
                      "Startup Cost": 0.0,
                      "Total Cost": 42318.73,
                      "Plan Rows": 632073,
                      "Plan Width": 4,
                      "Actual Startup Time": 0.013,
                      "Actual Total Time": 65.837,
                      "Actual Rows": 505662,
                      "Actual Loops": 5
                    },
                    {
                      "Node Type": "Hash",
                      "Parent Relationship": "Inner",
                      "Parallel Aware": true,
                      "Startup Cost": 31414.82,
                      "Total Cost": 31414.82,
                      "Plan Rows": 347388,
                      "Plan Width": 4,
                      "Actual Startup Time": 164.909,
                      "Actual Total Time": 164.91,
                      "Actual Rows": 240640,
                      "Actual Loops": 5,
                      "Hash Buckets": 2097152,
                      "Original Hash Buckets": 2097152,
                      "Hash Batches": 1,
                      "Original Hash Batches": 1,
                      "Peak Memory Usage": 63520,
                      "Plans": [
                        {
                          "Node Type": "Seq Scan",
                          "Parent Relationship": "Outer",
                          "Parallel Aware": true,
                          "Relation Name": "movie_companies",
                          "Alias": "mc",
                          "Startup Cost": 0.0,
                          "Total Cost": 31414.82,
                          "Plan Rows": 347388,
                          "Plan Width": 4,
                          "Actual Startup Time": 43.307,
                          "Actual Total Time": 80.905,
                          "Actual Rows": 240640,
                          "Actual Loops": 5,
                          "Filter": "((company_id > 424) AND (company_type_id = 2))",
                          "Rows Removed by Filter": 281186
                        }
                      ]
                    }
                  ]
                }
              ]
            }
          ]
        }
      ]
    },
    "Planning Time": 0.419,
    "Triggers": [],
    "Execution Time": 458.596
  }
]