[
  {
    "Plan": {
      "Node Type": "Aggregate",
      "Strategy": "Plain",
      "Partial Mode": "Finalize",
      "Parallel Aware": false,
      "Startup Cost": 276456.46,
      "Total Cost": 276456.47,
      "Plan Rows": 1,
      "Plan Width": 8,
      "Actual Startup Time": 104.277,
      "Actual Total Time": 108.614,
      "Actual Rows": 1,
      "Actual Loops": 1,
      "Plans": [
        {
          "Node Type": "Gather",
          "Parent Relationship": "Outer",
          "Parallel Aware": false,
          "Startup Cost": 276455.83,
          "Total Cost": 276456.44,
          "Plan Rows": 6,
          "Plan Width": 8,
          "Actual Startup Time": 103.987,
          "Actual Total Time": 108.609,
          "Actual Rows": 7,
          "Actual Loops": 1,
          "Workers Planned": 6,
          "Workers Launched": 6,
          "Single Copy": false,
          "Plans": [
            {
              "Node Type": "Aggregate",
              "Strategy": "Plain",
              "Partial Mode": "Partial",
              "Parent Relationship": "Outer",
              "Parallel Aware": false,
              "Startup Cost": 275455.83,
              "Total Cost": 275455.84,
              "Plan Rows": 1,
              "Plan Width": 8,
              "Actual Startup Time": 94.76,
              "Actual Total Time": 94.761,
              "Actual Rows": 1,
              "Actual Loops": 7,
              "Plans": [
                {
                  "Node Type": "Bitmap Heap Scan",
                  "Parent Relationship": "Outer",
                  "Parallel Aware": true,
                  "Relation Name": "cast_info",
                  "Alias": "ci",
                  "Startup Cost": 20220.13,
                  "Total Cost": 275204.77,
                  "Plan Rows": 100427,
                  "Plan Width": 0,
                  "Actual Startup Time": 78.34,
                  "Actual Total Time": 92.857,
                  "Actual Rows": 34459,
                  "Actual Loops": 7,
                  "Recheck Cond": "(person_id < 95112)",
                  "Rows Removed by Index Recheck": 0,
                  "Filter": "(role_id > 1)",
                  "Rows Removed by Filter": 95850,
                  "Exact Heap Blocks": 3324,
                  "Lossy Heap Blocks": 0,
                  "Plans": [
                    {
                      "Node Type": "Bitmap Index Scan",
                      "Parent Relationship": "Outer",
                      "Parallel Aware": false,
                      "Index Name": "person_id_cast_info",
                      "Startup Cost": 0.0,
                      "Total Cost": 20069.48,
                      "Plan Rows": 919056,
                      "Plan Width": 0,
                      "Actual Startup Time": 54.769,
                      "Actual Total Time": 54.769,
                      "Actual Rows": 912164,
                      "Actual Loops": 1,
                      "Index Cond": "(person_id < 95112)"
                    }
                  ]
                }
              ]
            }
          ]
        }
      ]
    },
    "Planning Time": 0.222,
    "Triggers": [],
    "Execution Time": 108.691
  }
]