[
  {
    "Plan": {
      "Node Type": "Aggregate",
      "Strategy": "Plain",
      "Partial Mode": "Finalize",
      "Parallel Aware": false,
      "Startup Cost": 31011.41,
      "Total Cost": 31011.42,
      "Plan Rows": 1,
      "Plan Width": 8,
      "Actual Startup Time": 86.788,
      "Actual Total Time": 94.238,
      "Actual Rows": 1,
      "Actual Loops": 1,
      "Plans": [
        {
          "Node Type": "Gather",
          "Parent Relationship": "Outer",
          "Parallel Aware": false,
          "Startup Cost": 31011.1,
          "Total Cost": 31011.41,
          "Plan Rows": 3,
          "Plan Width": 8,
          "Actual Startup Time": 86.714,
          "Actual Total Time": 94.231,
          "Actual Rows": 4,
          "Actual Loops": 1,
          "Workers Planned": 3,
          "Workers Launched": 3,
          "Single Copy": false,
          "Plans": [
            {
              "Node Type": "Aggregate",
              "Strategy": "Plain",
              "Partial Mode": "Partial",
              "Parent Relationship": "Outer",
              "Parallel Aware": false,
              "Startup Cost": 30011.1,
              "Total Cost": 30011.11,
              "Plan Rows": 1,
              "Plan Width": 8,
              "Actual Startup Time": 80.613,
              "Actual Total Time": 80.614,
              "Actual Rows": 1,
              "Actual Loops": 4,
              "Plans": [
                {
                  "Node Type": "Seq Scan",
                  "Parent Relationship": "Outer",
                  "Parallel Aware": true,
                  "Relation Name": "movie_companies",
                  "Alias": "mc",
                  "Startup Cost": 0.0,
                  "Total Cost": 29310.68,
                  "Plan Rows": 280166,
                  "Plan Width": 0,
                  "Actual Startup Time": 18.728,
                  "Actual Total Time": 71.448,
                  "Actual Rows": 220564,
                  "Actual Loops": 4,
                  "Filter": "(company_id > 22696)",
                  "Rows Removed by Filter": 431718
                }
              ]
            }
          ]
        }
      ]
    },
    "Planning Time": 0.182,
    "Triggers": [],
    "Execution Time": 94.291
  }
]