[
  {
    "Plan": {
      "Node Type": "Aggregate",
      "Strategy": "Plain",
      "Partial Mode": "Finalize",
      "Parallel Aware": false,
      "Startup Cost": 32959.68,
      "Total Cost": 32959.69,
      "Plan Rows": 1,
      "Plan Width": 8,
      "Actual Startup Time": 88.066,
      "Actual Total Time": 96.245,
      "Actual Rows": 1,
      "Actual Loops": 1,
      "Plans": [
        {
          "Node Type": "Gather",
          "Parent Relationship": "Outer",
          "Parallel Aware": false,
          "Startup Cost": 32959.37,
          "Total Cost": 32959.68,
          "Plan Rows": 3,
          "Plan Width": 8,
          "Actual Startup Time": 87.917,
          "Actual Total Time": 96.233,
          "Actual Rows": 4,
          "Actual Loops": 1,
          "Workers Planned": 3,
          "Workers Launched": 3,
          "Single Copy": false,
          "Plans": [
            {
              "Node Type": "Aggregate",
              "Strategy": "Plain",
              "Partial Mode": "Partial",
              "Parent Relationship": "Outer",
              "Parallel Aware": false,
              "Startup Cost": 31959.37,
              "Total Cost": 31959.38,
              "Plan Rows": 1,
              "Plan Width": 8,
              "Actual Startup Time": 83.075,
              "Actual Total Time": 83.077,
              "Actual Rows": 1,
              "Actual Loops": 4,
              "Plans": [
                {
                  "Node Type": "Seq Scan",
                  "Parent Relationship": "Outer",
                  "Parallel Aware": true,
                  "Relation Name": "movie_companies",
                  "Alias": "mc",
                  "Startup Cost": 0.0,
                  "Total Cost": 31414.82,
                  "Plan Rows": 217819,
                  "Plan Width": 0,
                  "Actual Startup Time": 45.916,
                  "Actual Total Time": 78.035,
                  "Actual Rows": 109103,
                  "Actual Loops": 4,
                  "Filter": "((company_id < 11402) AND (company_type_id = 2))",
                  "Rows Removed by Filter": 543179
                }
              ]
            }
          ]
        }
      ]
    },
    "Planning Time": 0.182,
    "Triggers": [],
    "Execution Time": 96.301
  }
]