[
    {
        "Bao": {
            "Bao prediction": "NaN",
            "Bao recommended hint": "(no hint)"
        }
    },
    {
        "Plan": {
            "Node Type": "Aggregate",
            "Strategy": "Plain",
            "Partial Mode": "Finalize",
            "Parallel Aware": false,
            "Startup Cost": 87247.98,
            "Total Cost": 87247.99,
            "Plan Rows": 1,
            "Plan Width": 8,
            "Actual Startup Time": 266.691,
            "Actual Total Time": 276.64,
            "Actual Rows": 1,
            "Actual Loops": 1,
            "Output": [
                "count(*)"
            ],
            "Plans": [
                {
                    "Node Type": "Gather",
                    "Parent Relationship": "Outer",
                    "Parallel Aware": false,
                    "Startup Cost": 87247.66,
                    "Total Cost": 87247.97,
                    "Plan Rows": 3,
                    "Plan Width": 8,
                    "Actual Startup Time": 264.677,
                    "Actual Total Time": 276.629,
                    "Actual Rows": 4,
                    "Actual Loops": 1,
                    "Output": [
                        "(PARTIAL count(*))"
                    ],
                    "Workers Planned": 3,
                    "Workers Launched": 3,
                    "Single Copy": false,
                    "Plans": [
                        {
                            "Node Type": "Aggregate",
                            "Strategy": "Plain",
                            "Partial Mode": "Partial",
                            "Parent Relationship": "Outer",
                            "Parallel Aware": false,
                            "Startup Cost": 86247.66,
                            "Total Cost": 86247.67,
                            "Plan Rows": 1,
                            "Plan Width": 8,
                            "Actual Startup Time": 256.024,
                            "Actual Total Time": 256.028,
                            "Actual Rows": 1,
                            "Actual Loops": 4,
                            "Output": [
                                "PARTIAL count(*)"
                            ],
                            "Workers": [
                                {
                                    "Worker Number": 0,
                                    "Actual Startup Time": 253.074,
                                    "Actual Total Time": 253.077,
                                    "Actual Rows": 1,
                                    "Actual Loops": 1
                                },
                                {
                                    "Worker Number": 1,
                                    "Actual Startup Time": 253.4,
                                    "Actual Total Time": 253.404,
                                    "Actual Rows": 1,
                                    "Actual Loops": 1
                                },
                                {
                                    "Worker Number": 2,
                                    "Actual Startup Time": 253.331,
                                    "Actual Total Time": 253.334,
                                    "Actual Rows": 1,
                                    "Actual Loops": 1
                                }
                            ],
                            "Plans": [
                                {
                                    "Node Type": "Hash Join",
                                    "Parent Relationship": "Outer",
                                    "Parallel Aware": true,
                                    "Join Type": "Inner",
                                    "Startup Cost": 58601.88,
                                    "Total Cost": 86172.56,
                                    "Plan Rows": 30039,
                                    "Plan Width": 0,
                                    "Actual Startup Time": 156.275,
                                    "Actual Total Time": 254.109,
                                    "Actual Rows": 32343,
                                    "Actual Loops": 4,
                                    "Inner Unique": true,
                                    "Hash Cond": "(mk.movie_id = t.id)",
                                    "Workers": [
                                        {
                                            "Worker Number": 0,
                                            "Actual Startup Time": 153.205,
                                            "Actual Total Time": 251.155,
                                            "Actual Rows": 31705,
                                            "Actual Loops": 1
                                        },
                                        {
                                            "Worker Number": 1,
                                            "Actual Startup Time": 154.577,
                                            "Actual Total Time": 251.359,
                                            "Actual Rows": 22443,
                                            "Actual Loops": 1
                                        },
                                        {
                                            "Worker Number": 2,
                                            "Actual Startup Time": 153.185,
                                            "Actual Total Time": 251.455,
                                            "Actual Rows": 32670,
                                            "Actual Loops": 1
                                        }
                                    ],
                                    "Plans": [
                                        {
                                            "Node Type": "Bitmap Heap Scan",
                                            "Parent Relationship": "Outer",
                                            "Parallel Aware": true,
                                            "Relation Name": "movie_keyword",
                                            "Schema": "public",
                                            "Alias": "mk",
                                            "Startup Cost": 13551.07,
                                            "Total Cost": 40580.84,
                                            "Plan Rows": 206062,
                                            "Plan Width": 4,
                                            "Actual Startup Time": 33.499,
                                            "Actual Total Time": 96.541,
                                            "Actual Rows": 160432,
                                            "Actual Loops": 4,
                                            "Output": [
                                                "mk.id",
                                                "mk.movie_id",
                                                "mk.keyword_id"
                                            ],
                                            "Recheck Cond": "(mk.keyword_id < 498)",
                                            "Rows Removed by Index Recheck": 0,
                                            "Exact Heap Blocks": 8500,
                                            "Lossy Heap Blocks": 0,
                                            "Workers": [
                                                {
                                                    "Worker Number": 0,
                                                    "Actual Startup Time": 33.663,
                                                    "Actual Total Time": 97.463,
                                                    "Actual Rows": 152074,
                                                    "Actual Loops": 1
                                                },
                                                {
                                                    "Worker Number": 1,
                                                    "Actual Startup Time": 33.571,
                                                    "Actual Total Time": 98.635,
                                                    "Actual Rows": 110175,
                                                    "Actual Loops": 1
                                                },
                                                {
                                                    "Worker Number": 2,
                                                    "Actual Startup Time": 33.444,
                                                    "Actual Total Time": 98.204,
                                                    "Actual Rows": 158972,
                                                    "Actual Loops": 1
                                                }
                                            ],
                                            "Plans": [
                                                {
                                                    "Node Type": "Bitmap Index Scan",
                                                    "Parent Relationship": "Outer",
                                                    "Parallel Aware": false,
                                                    "Index Name": "keyword_id_movie_keyword",
                                                    "Startup Cost": 0.0,
                                                    "Total Cost": 13391.37,
                                                    "Plan Rows": 638792,
                                                    "Plan Width": 0,
                                                    "Actual Startup Time": 29.722,
                                                    "Actual Total Time": 29.723,
                                                    "Actual Rows": 641726,
                                                    "Actual Loops": 1,
                                                    "Index Cond": "(mk.keyword_id < 498)"
                                                }
                                            ]
                                        },
                                        {
                                            "Node Type": "Hash",
                                            "Parent Relationship": "Inner",
                                            "Parallel Aware": true,
                                            "Startup Cost": 43899.01,
                                            "Total Cost": 43899.01,
                                            "Plan Rows": 92144,
                                            "Plan Width": 4,
                                            "Actual Startup Time": 120.579,
                                            "Actual Total Time": 120.58,
                                            "Actual Rows": 91608,
                                            "Actual Loops": 4,
                                            "Output": [
                                                "t.id"
                                            ],
                                            "Hash Buckets": 524288,
                                            "Original Hash Buckets": 524288,
                                            "Hash Batches": 1,
                                            "Original Hash Batches": 1,
                                            "Peak Memory Usage": 18496,
                                            "Workers": [
                                                {
                                                    "Worker Number": 0,
                                                    "Actual Startup Time": 119.089,
                                                    "Actual Total Time": 119.089,
                                                    "Actual Rows": 88292,
                                                    "Actual Loops": 1
                                                },
                                                {
                                                    "Worker Number": 1,
                                                    "Actual Startup Time": 119.079,
                                                    "Actual Total Time": 119.08,
                                                    "Actual Rows": 62320,
                                                    "Actual Loops": 1
                                                },
                                                {
                                                    "Worker Number": 2,
                                                    "Actual Startup Time": 119.288,
                                                    "Actual Total Time": 119.29,
                                                    "Actual Rows": 89644,
                                                    "Actual Loops": 1
                                                }
                                            ],
                                            "Plans": [
                                                {
                                                    "Node Type": "Seq Scan",
                                                    "Parent Relationship": "Outer",
                                                    "Parallel Aware": true,
                                                    "Relation Name": "title",
                                                    "Schema": "public",
                                                    "Alias": "t",
                                                    "Startup Cost": 0.0,
                                                    "Total Cost": 43899.01,
                                                    "Plan Rows": 92144,
                                                    "Plan Width": 4,
                                                    "Actual Startup Time": 0.04,
                                                    "Actual Total Time": 88.94,
                                                    "Actual Rows": 91608,
                                                    "Actual Loops": 4,
                                                    "Output": [
                                                        "t.id"
                                                    ],
                                                    "Filter": "(t.production_year < 1970)",
                                                    "Rows Removed by Filter": 540470,
                                                    "Workers": [
                                                        {
                                                            "Worker Number": 0,
                                                            "Actual Startup Time": 0.042,
                                                            "Actual Total Time": 87.537,
                                                            "Actual Rows": 88292,
                                                            "Actual Loops": 1
                                                        },
                                                        {
                                                            "Worker Number": 1,
                                                            "Actual Startup Time": 0.056,
                                                            "Actual Total Time": 89.573,
                                                            "Actual Rows": 62320,
                                                            "Actual Loops": 1
                                                        },
                                                        {
                                                            "Worker Number": 2,
                                                            "Actual Startup Time": 0.051,
                                                            "Actual Total Time": 88.843,
                                                            "Actual Rows": 89644,
                                                            "Actual Loops": 1
                                                        }
                                                    ]
                                                }
                                            ]
                                        }
                                    ]
                                }
                            ]
                        }
                    ]
                }
            ]
        },
        "Planning Time": 200.487,
        "Triggers": [],
        "Execution Time": 276.773
    }
]