[
  {
    "Plan": {
      "Node Type": "Aggregate",
      "Strategy": "Plain",
      "Partial Mode": "Finalize",
      "Parallel Aware": false,
      "Startup Cost": 334784.35,
      "Total Cost": 334784.36,
      "Plan Rows": 1,
      "Plan Width": 8,
      "Actual Startup Time": 675.964,
      "Actual Total Time": 723.93,
      "Actual Rows": 1,
      "Actual Loops": 1,
      "Plans": [
        {
          "Node Type": "Gather",
          "Parent Relationship": "Outer",
          "Parallel Aware": false,
          "Startup Cost": 334783.73,
          "Total Cost": 334784.34,
          "Plan Rows": 6,
          "Plan Width": 8,
          "Actual Startup Time": 675.764,
          "Actual Total Time": 723.918,
          "Actual Rows": 7,
          "Actual Loops": 1,
          "Workers Planned": 6,
          "Workers Launched": 6,
          "Single Copy": false,
          "Plans": [
            {
              "Node Type": "Aggregate",
              "Strategy": "Plain",
              "Partial Mode": "Partial",
              "Parent Relationship": "Outer",
              "Parallel Aware": false,
              "Startup Cost": 333783.73,
              "Total Cost": 333783.74,
              "Plan Rows": 1,
              "Plan Width": 8,
              "Actual Startup Time": 669.558,
              "Actual Total Time": 669.559,
              "Actual Rows": 1,
              "Actual Loops": 7,
              "Plans": [
                {
                  "Node Type": "Seq Scan",
                  "Parent Relationship": "Outer",
                  "Parallel Aware": true,
                  "Relation Name": "cast_info",
                  "Alias": "ci",
                  "Startup Cost": 0.0,
                  "Total Cost": 328211.39,
                  "Plan Rows": 2228934,
                  "Plan Width": 0,
                  "Actual Startup Time": 257.983,
                  "Actual Total Time": 577.225,
                  "Actual Rows": 1882918,
                  "Actual Loops": 7,
                  "Filter": "(person_id > 2357361)",
                  "Rows Removed by Filter": 3294845
                }
              ]
            }
          ]
        }
      ]
    },
    "Planning Time": 0.092,
    "Triggers": [],
    "Execution Time": 723.972
  }
]