[
  {
    "Plan": {
      "Node Type": "Aggregate",
      "Strategy": "Plain",
      "Partial Mode": "Finalize",
      "Parallel Aware": false,
      "Startup Cost": 45437.32,
      "Total Cost": 45437.33,
      "Plan Rows": 1,
      "Plan Width": 8,
      "Actual Startup Time": 139.384,
      "Actual Total Time": 148.58,
      "Actual Rows": 1,
      "Actual Loops": 1,
      "Plans": [
        {
          "Node Type": "Gather",
          "Parent Relationship": "Outer",
          "Parallel Aware": false,
          "Startup Cost": 45437.0,
          "Total Cost": 45437.31,
          "Plan Rows": 3,
          "Plan Width": 8,
          "Actual Startup Time": 139.25,
          "Actual Total Time": 148.572,
          "Actual Rows": 4,
          "Actual Loops": 1,
          "Workers Planned": 3,
          "Workers Launched": 3,
          "Single Copy": false,
          "Plans": [
            {
              "Node Type": "Aggregate",
              "Strategy": "Plain",
              "Partial Mode": "Partial",
              "Parent Relationship": "Outer",
              "Parallel Aware": false,
              "Startup Cost": 44437.0,
              "Total Cost": 44437.01,
              "Plan Rows": 1,
              "Plan Width": 8,
              "Actual Startup Time": 133.816,
              "Actual Total Time": 133.817,
              "Actual Rows": 1,
              "Actual Loops": 4,
              "Plans": [
                {
                  "Node Type": "Seq Scan",
                  "Parent Relationship": "Outer",
                  "Parallel Aware": true,
                  "Relation Name": "movie_keyword",
                  "Alias": "mk",
                  "Startup Cost": 0.0,
                  "Total Cost": 42695.65,
                  "Plan Rows": 696540,
                  "Plan Width": 0,
                  "Actual Startup Time": 0.04,
                  "Actual Total Time": 109.405,
                  "Actual Rows": 540663,
                  "Actual Loops": 4,
                  "Filter": "(keyword_id < 4147)",
                  "Rows Removed by Filter": 590320
                }
              ]
            }
          ]
        }
      ]
    },
    "Planning Time": 0.127,
    "Triggers": [],
    "Execution Time": 148.619
  }
]