[
  {
    "Plan": {
      "Node Type": "Aggregate",
      "Strategy": "Plain",
      "Partial Mode": "Finalize",
      "Parallel Aware": false,
      "Startup Cost": 95828.7,
      "Total Cost": 95828.71,
      "Plan Rows": 1,
      "Plan Width": 8,
      "Actual Startup Time": 567.766,
      "Actual Total Time": 584.248,
      "Actual Rows": 1,
      "Actual Loops": 1,
      "Plans": [
        {
          "Node Type": "Gather",
          "Parent Relationship": "Outer",
          "Parallel Aware": false,
          "Startup Cost": 95828.49,
          "Total Cost": 95828.7,
          "Plan Rows": 2,
          "Plan Width": 8,
          "Actual Startup Time": 565.325,
          "Actual Total Time": 584.237,
          "Actual Rows": 3,
          "Actual Loops": 1,
          "Workers Planned": 2,
          "Workers Launched": 2,
          "Single Copy": false,
          "Plans": [
            {
              "Node Type": "Aggregate",
              "Strategy": "Plain",
              "Partial Mode": "Partial",
              "Parent Relationship": "Outer",
              "Parallel Aware": false,
              "Startup Cost": 94828.49,
              "Total Cost": 94828.5,
              "Plan Rows": 1,
              "Plan Width": 8,
              "Actual Startup Time": 557.183,
              "Actual Total Time": 557.396,
              "Actual Rows": 1,
              "Actual Loops": 3,
              "Plans": [
                {
                  "Node Type": "Hash Join",
                  "Parent Relationship": "Outer",
                  "Parallel Aware": true,
                  "Join Type": "Inner",
                  "Startup Cost": 78819.2,
                  "Total Cost": 94744.57,
                  "Plan Rows": 33568,
                  "Plan Width": 0,
                  "Actual Startup Time": 439.927,
                  "Actual Total Time": 551.866,
                  "Actual Rows": 100571,
                  "Actual Loops": 3,
                  "Inner Unique": false,
                  "Hash Cond": "(mi_idx.movie_id = t.id)",
                  "Plans": [
                    {
                      "Node Type": "Seq Scan",
                      "Parent Relationship": "Outer",
                      "Parallel Aware": true,
                      "Relation Name": "movie_info_idx",
                      "Alias": "mi_idx",
                      "Startup Cost": 0.0,
                      "Total Cost": 13685.15,
                      "Plan Rows": 575015,
                      "Plan Width": 4,
                      "Actual Startup Time": 0.028,
                      "Actual Total Time": 43.041,
                      "Actual Rows": 460012,
                      "Actual Loops": 3
                    },
                    {
                      "Node Type": "Hash",
                      "Parent Relationship": "Inner",
                      "Parallel Aware": true,
                      "Startup Cost": 78357.96,
                      "Total Cost": 78357.96,
                      "Plan Rows": 36899,
                      "Plan Width": 8,
                      "Actual Startup Time": 436.733,
                      "Actual Total Time": 436.943,
                      "Actual Rows": 57278,
                      "Actual Loops": 3,
                      "Hash Buckets": 262144,
                      "Original Hash Buckets": 262144,
                      "Hash Batches": 1,
                      "Original Hash Batches": 1,
                      "Peak Memory Usage": 8800,
                      "Plans": [
                        {
                          "Node Type": "Hash Join",
                          "Parent Relationship": "Outer",
                          "Parallel Aware": true,
                          "Join Type": "Inner",
                          "Startup Cost": 32369.19,
                          "Total Cost": 78357.96,
                          "Plan Rows": 36899,
                          "Plan Width": 8,
                          "Actual Startup Time": 152.444,
                          "Actual Total Time": 416.796,
                          "Actual Rows": 57278,
                          "Actual Loops": 3,
                          "Inner Unique": false,
                          "Hash Cond": "(t.id = mc.movie_id)",
                          "Plans": [
                            {
                              "Node Type": "Seq Scan",
                              "Parent Relationship": "Outer",
                              "Parallel Aware": true,
                              "Relation Name": "title",
                              "Alias": "t",
                              "Startup Cost": 0.0,
                              "Total Cost": 43898.92,
                              "Plan Rows": 394164,
                              "Plan Width": 4,
                              "Actual Startup Time": 0.012,
                              "Actual Total Time": 138.22,
                              "Actual Rows": 523523,
                              "Actual Loops": 3,
                              "Filter": "(production_year > 1996)",
                              "Rows Removed by Filter": 319248
                            },
                            {
                              "Node Type": "Hash",
                              "Parent Relationship": "Inner",
                              "Parallel Aware": true,
                              "Startup Cost": 31414.82,
                              "Total Cost": 31414.82,
                              "Plan Rows": 76350,
                              "Plan Width": 4,
                              "Actual Startup Time": 150.822,
                              "Actual Total Time": 150.824,
                              "Actual Rows": 117764,
                              "Actual Loops": 3,
                              "Hash Buckets": 524288,
                              "Original Hash Buckets": 262144,
                              "Hash Batches": 1,
                              "Original Hash Batches": 1,
                              "Peak Memory Usage": 20032,
                              "Plans": [
                                {
                                  "Node Type": "Seq Scan",
                                  "Parent Relationship": "Outer",
                                  "Parallel Aware": true,
                                  "Relation Name": "movie_companies",
                                  "Alias": "mc",
                                  "Startup Cost": 0.0,
                                  "Total Cost": 31414.82,
                                  "Plan Rows": 76350,
                                  "Plan Width": 4,
                                  "Actual Startup Time": 0.038,
                                  "Actual Total Time": 101.607,
                                  "Actual Rows": 117764,
                                  "Actual Loops": 3,
                                  "Filter": "((company_id < 424) AND (company_type_id = 1))",
                                  "Rows Removed by Filter": 751946
                                }
                              ]
                            }
                          ]
                        }
                      ]
                    }
                  ]
                }
              ]
            }
          ]
        }
      ]
    },
    "Planning Time": 1.587,
    "Triggers": [],
    "Execution Time": 584.344
  }
]