[
  {
    "Plan": {
      "Node Type": "Aggregate",
      "Strategy": "Plain",
      "Partial Mode": "Finalize",
      "Parallel Aware": false,
      "Startup Cost": 74316.3,
      "Total Cost": 74316.31,
      "Plan Rows": 1,
      "Plan Width": 8,
      "Actual Startup Time": 238.89,
      "Actual Total Time": 249.725,
      "Actual Rows": 1,
      "Actual Loops": 1,
      "Plans": [
        {
          "Node Type": "Gather",
          "Parent Relationship": "Outer",
          "Parallel Aware": false,
          "Startup Cost": 74315.98,
          "Total Cost": 74316.29,
          "Plan Rows": 3,
          "Plan Width": 8,
          "Actual Startup Time": 235.619,
          "Actual Total Time": 249.715,
          "Actual Rows": 4,
          "Actual Loops": 1,
          "Workers Planned": 3,
          "Workers Launched": 3,
          "Single Copy": false,
          "Plans": [
            {
              "Node Type": "Aggregate",
              "Strategy": "Plain",
              "Partial Mode": "Partial",
              "Parent Relationship": "Outer",
              "Parallel Aware": false,
              "Startup Cost": 73315.98,
              "Total Cost": 73315.99,
              "Plan Rows": 1,
              "Plan Width": 8,
              "Actual Startup Time": 226.674,
              "Actual Total Time": 226.679,
              "Actual Rows": 1,
              "Actual Loops": 4,
              "Plans": [
                {
                  "Node Type": "Hash Join",
                  "Parent Relationship": "Outer",
                  "Parallel Aware": true,
                  "Join Type": "Inner",
                  "Startup Cost": 48478.24,
                  "Total Cost": 73305.26,
                  "Plan Rows": 4289,
                  "Plan Width": 0,
                  "Actual Startup Time": 189.086,
                  "Actual Total Time": 225.918,
                  "Actual Rows": 8353,
                  "Actual Loops": 4,
                  "Inner Unique": true,
                  "Hash Cond": "(mk.movie_id = t.id)",
                  "Plans": [
                    {
                      "Node Type": "Bitmap Heap Scan",
                      "Parent Relationship": "Outer",
                      "Parallel Aware": true,
                      "Relation Name": "movie_keyword",
                      "Alias": "mk",
                      "Startup Cost": 1624.95,
                      "Total Cost": 26387.23,
                      "Plan Rows": 24663,
                      "Plan Width": 4,
                      "Actual Startup Time": 10.714,
                      "Actual Total Time": 38.36,
                      "Actual Rows": 18124,
                      "Actual Loops": 4,
                      "Recheck Cond": "(keyword_id = 335)",
                      "Rows Removed by Index Recheck": 0,
                      "Exact Heap Blocks": 5649,
                      "Lossy Heap Blocks": 0,
                      "Plans": [
                        {
                          "Node Type": "Bitmap Index Scan",
                          "Parent Relationship": "Outer",
                          "Parallel Aware": false,
                          "Index Name": "keyword_id_movie_keyword",
                          "Startup Cost": 0.0,
                          "Total Cost": 1605.84,
                          "Plan Rows": 76454,
                          "Plan Width": 0,
                          "Actual Startup Time": 8.265,
                          "Actual Total Time": 8.266,
                          "Actual Rows": 72496,
                          "Actual Loops": 1,
                          "Index Cond": "(keyword_id = 335)"
                        }
                      ]
                    },
                    {
                      "Node Type": "Hash",
                      "Parent Relationship": "Inner",
                      "Parallel Aware": true,
                      "Startup Cost": 45479.1,
                      "Total Cost": 45479.1,
                      "Plan Rows": 109935,
                      "Plan Width": 4,
                      "Actual Startup Time": 174.764,
                      "Actual Total Time": 174.767,
                      "Actual Rows": 134215,
                      "Actual Loops": 4,
                      "Hash Buckets": 1048576,
                      "Original Hash Buckets": 524288,
                      "Hash Batches": 1,
                      "Original Hash Batches": 1,
                      "Peak Memory Usage": 33376,
                      "Plans": [
                        {
                          "Node Type": "Seq Scan",
                          "Parent Relationship": "Outer",
                          "Parallel Aware": true,
                          "Relation Name": "title",
                          "Alias": "t",
                          "Startup Cost": 0.0,
                          "Total Cost": 45479.1,
                          "Plan Rows": 109935,
                          "Plan Width": 4,
                          "Actual Startup Time": 0.054,
                          "Actual Total Time": 111.834,
                          "Actual Rows": 134215,
                          "Actual Loops": 4,
                          "Filter": "((kind_id < 7) AND (production_year < 2002))",
                          "Rows Removed by Filter": 497863
                        }
                      ]
                    }
                  ]
                }
              ]
            }
          ]
        }
      ]
    },
    "Planning Time": 0.614,
    "Triggers": [],
    "Execution Time": 249.818
  }
]