[
  {
    "Plan": {
      "Node Type": "Aggregate",
      "Strategy": "Plain",
      "Partial Mode": "Simple",
      "Parallel Aware": false,
      "Startup Cost": 55524.45,
      "Total Cost": 55524.46,
      "Plan Rows": 1,
      "Plan Width": 64,
      "Actual Startup Time": 201.496,
      "Actual Total Time": 201.508,
      "Actual Rows": 1,
      "Actual Loops": 1,
      "Plans": [
        {
          "Node Type": "Nested Loop",
          "Parent Relationship": "Outer",
          "Parallel Aware": false,
          "Join Type": "Inner",
          "Startup Cost": 2414.62,
          "Total Cost": 55524.45,
          "Plan Rows": 1,
          "Plan Width": 32,
          "Actual Startup Time": 72.982,
          "Actual Total Time": 201.488,
          "Actual Rows": 9,
          "Actual Loops": 1,
          "Inner Unique": true,
          "Plans": [
            {
              "Node Type": "Nested Loop",
              "Parent Relationship": "Outer",
              "Parallel Aware": false,
              "Join Type": "Inner",
              "Startup Cost": 2414.18,
              "Total Cost": 55519.99,
              "Plan Rows": 1,
              "Plan Width": 23,
              "Actual Startup Time": 64.319,
              "Actual Total Time": 201.069,
              "Actual Rows": 25,
              "Actual Loops": 1,
              "Inner Unique": true,
              "Join Filter": "(ml.link_type_id = lt.id)",
              "Rows Removed by Join Filter": 78,
              "Plans": [
                {
                  "Node Type": "Nested Loop",
                  "Parent Relationship": "Outer",
                  "Parallel Aware": false,
                  "Join Type": "Inner",
                  "Startup Cost": 2414.18,
                  "Total Cost": 55518.75,
                  "Plan Rows": 1,
                  "Plan Width": 27,
                  "Actual Startup Time": 64.03,
                  "Actual Total Time": 200.514,
                  "Actual Rows": 103,
                  "Actual Loops": 1,
                  "Inner Unique": false,
                  "Plans": [
                    {
                      "Node Type": "Nested Loop",
                      "Parent Relationship": "Outer",
                      "Parallel Aware": false,
                      "Join Type": "Inner",
                      "Startup Cost": 2413.88,
                      "Total Cost": 55514.4,
                      "Plan Rows": 1,
                      "Plan Width": 19,
                      "Actual Startup Time": 60.001,
                      "Actual Total Time": 194.002,
                      "Actual Rows": 1098,
                      "Actual Loops": 1,
                      "Inner Unique": false,
                      "Join Filter": "(n.id = ci.person_id)",
                      "Rows Removed by Join Filter": 0,
                      "Plans": [
                        {
                          "Node Type": "Nested Loop",
                          "Parent Relationship": "Outer",
                          "Parallel Aware": false,
                          "Join Type": "Inner",
                          "Startup Cost": 2408.56,
                          "Total Cost": 55492.33,
                          "Plan Rows": 1,
                          "Plan Width": 27,
                          "Actual Startup Time": 59.906,
                          "Actual Total Time": 192.777,
                          "Actual Rows": 8,
                          "Actual Loops": 1,
                          "Inner Unique": false,
                          "Plans": [
                            {
                              "Node Type": "Nested Loop",
                              "Parent Relationship": "Outer",
                              "Parallel Aware": false,
                              "Join Type": "Inner",
                              "Startup Cost": 2408.01,
                              "Total Cost": 55487.74,
                              "Plan Rows": 1,
                              "Plan Width": 23,
                              "Actual Startup Time": 59.818,
                              "Actual Total Time": 192.459,
                              "Actual Rows": 5,
                              "Actual Loops": 1,
                              "Inner Unique": true,
                              "Plans": [
                                {
                                  "Node Type": "Nested Loop",
                                  "Parent Relationship": "Outer",
                                  "Parallel Aware": false,
                                  "Join Type": "Inner",
                                  "Startup Cost": 2403.57,
                                  "Total Cost": 55479.28,
                                  "Plan Rows": 1,
                                  "Plan Width": 4,
                                  "Actual Startup Time": 28.536,
                                  "Actual Total Time": 189.625,
                                  "Actual Rows": 64,
                                  "Actual Loops": 1,
                                  "Inner Unique": false,
                                  "Plans": [
                                    {
                                      "Node Type": "Seq Scan",
                                      "Parent Relationship": "Outer",
                                      "Parallel Aware": false,
                                      "Relation Name": "info_type",
                                      "Alias": "it",
                                      "Startup Cost": 0.0,
                                      "Total Cost": 2.41,
                                      "Plan Rows": 1,
                                      "Plan Width": 4,
                                      "Actual Startup Time": 0.05,
                                      "Actual Total Time": 0.063,
                                      "Actual Rows": 1,
                                      "Actual Loops": 1,
                                      "Filter": "((info)::text = 'mini biography'::text)",
                                      "Rows Removed by Filter": 112
                                    },
                                    {
                                      "Node Type": "Bitmap Heap Scan",
                                      "Parent Relationship": "Inner",
                                      "Parallel Aware": false,
                                      "Relation Name": "person_info",
                                      "Alias": "pi",
                                      "Startup Cost": 2403.57,
                                      "Total Cost": 55476.86,
                                      "Plan Rows": 1,
                                      "Plan Width": 8,
                                      "Actual Startup Time": 28.479,
                                      "Actual Total Time": 189.525,
                                      "Actual Rows": 64,
                                      "Actual Loops": 1,
                                      "Recheck Cond": "(info_type_id = it.id)",
                                      "Rows Removed by Index Recheck": 0,
                                      "Filter": "(note = 'Volker Boehm'::text)",
                                      "Rows Removed by Filter": 84120,
                                      "Exact Heap Blocks": 40387,
                                      "Lossy Heap Blocks": 0,
                                      "Plans": [
                                        {
                                          "Node Type": "Bitmap Index Scan",
                                          "Parent Relationship": "Outer",
                                          "Parallel Aware": false,
                                          "Index Name": "info_type_id_person_info",
                                          "Startup Cost": 0.0,
                                          "Total Cost": 2403.57,
                                          "Plan Rows": 134819,
                                          "Plan Width": 0,
                                          "Actual Startup Time": 16.034,
                                          "Actual Total Time": 16.034,
                                          "Actual Rows": 84184,
                                          "Actual Loops": 1,
                                          "Index Cond": "(info_type_id = it.id)"
                                        }
                                      ]
                                    }
                                  ]
                                },
                                {
                                  "Node Type": "Bitmap Heap Scan",
                                  "Parent Relationship": "Inner",
                                  "Parallel Aware": false,
                                  "Relation Name": "name",
                                  "Alias": "n",
                                  "Startup Cost": 4.44,
                                  "Total Cost": 8.46,
                                  "Plan Rows": 1,
                                  "Plan Width": 19,
                                  "Actual Startup Time": 0.04,
                                  "Actual Total Time": 0.04,
                                  "Actual Rows": 0,
                                  "Actual Loops": 64,
                                  "Recheck Cond": "(id = pi.person_id)",
                                  "Rows Removed by Index Recheck": 0,
                                  "Filter": "(((name_pcode_cf)::text ~~ 'C%'::text) AND ((gender)::text = 'm'::text))",
                                  "Rows Removed by Filter": 1,
                                  "Exact Heap Blocks": 64,
                                  "Lossy Heap Blocks": 0,
                                  "Plans": [
                                    {
                                      "Node Type": "Bitmap Index Scan",
                                      "Parent Relationship": "Outer",
                                      "Parallel Aware": false,
                                      "Index Name": "name_pkey",
                                      "Startup Cost": 0.0,
                                      "Total Cost": 4.44,
                                      "Plan Rows": 1,
                                      "Plan Width": 0,
                                      "Actual Startup Time": 0.028,
                                      "Actual Total Time": 0.029,
                                      "Actual Rows": 1,
                                      "Actual Loops": 64,
                                      "Index Cond": "(id = pi.person_id)"
                                    }
                                  ]
                                }
                              ]
                            },
                            {
                              "Node Type": "Bitmap Heap Scan",
                              "Parent Relationship": "Inner",
                              "Parallel Aware": false,
                              "Relation Name": "aka_name",
                              "Alias": "an",
                              "Startup Cost": 0.54,
                              "Total Cost": 4.57,
                              "Plan Rows": 2,
                              "Plan Width": 4,
                              "Actual Startup Time": 0.055,
                              "Actual Total Time": 0.059,
                              "Actual Rows": 2,
                              "Actual Loops": 5,
                              "Recheck Cond": "(person_id = n.id)",
                              "Rows Removed by Index Recheck": 0,
                              "Filter": "(name ~~ '%a%'::text)",
                              "Rows Removed by Filter": 0,
                              "Exact Heap Blocks": 7,
                              "Lossy Heap Blocks": 0,
                              "Plans": [
                                {
                                  "Node Type": "Bitmap Index Scan",
                                  "Parent Relationship": "Outer",
                                  "Parallel Aware": false,
                                  "Index Name": "person_id_aka_name",
                                  "Startup Cost": 0.0,
                                  "Total Cost": 0.54,
                                  "Plan Rows": 2,
                                  "Plan Width": 0,
                                  "Actual Startup Time": 0.035,
                                  "Actual Total Time": 0.035,
                                  "Actual Rows": 2,
                                  "Actual Loops": 5,
                                  "Index Cond": "(person_id = n.id)"
                                }
                              ]
                            }
                          ]
                        },
                        {
                          "Node Type": "Bitmap Heap Scan",
                          "Parent Relationship": "Inner",
                          "Parallel Aware": false,
                          "Relation Name": "cast_info",
                          "Alias": "ci",
                          "Startup Cost": 5.32,
                          "Total Cost": 15.7,
                          "Plan Rows": 510,
                          "Plan Width": 8,
                          "Actual Startup Time": 0.042,
                          "Actual Total Time": 0.109,
                          "Actual Rows": 137,
                          "Actual Loops": 8,
                          "Recheck Cond": "(person_id = an.person_id)",
                          "Rows Removed by Index Recheck": 0,
                          "Exact Heap Blocks": 39,
                          "Lossy Heap Blocks": 0,
                          "Plans": [
                            {
                              "Node Type": "Bitmap Index Scan",
                              "Parent Relationship": "Outer",
                              "Parallel Aware": false,
                              "Index Name": "person_id_cast_info",
                              "Startup Cost": 0.0,
                              "Total Cost": 5.2,
                              "Plan Rows": 510,
                              "Plan Width": 0,
                              "Actual Startup Time": 0.026,
                              "Actual Total Time": 0.026,
                              "Actual Rows": 137,
                              "Actual Loops": 8,
                              "Index Cond": "(person_id = an.person_id)"
                            }
                          ]
                        }
                      ]
                    },
                    {
                      "Node Type": "Bitmap Heap Scan",
                      "Parent Relationship": "Inner",
                      "Parallel Aware": false,
                      "Relation Name": "movie_link",
                      "Alias": "ml",
                      "Startup Cost": 0.3,
                      "Total Cost": 4.33,
                      "Plan Rows": 2,
                      "Plan Width": 8,
                      "Actual Startup Time": 0.003,
                      "Actual Total Time": 0.004,
                      "Actual Rows": 0,
                      "Actual Loops": 1098,
                      "Recheck Cond": "(linked_movie_id = ci.movie_id)",
                      "Rows Removed by Index Recheck": 0,
                      "Exact Heap Blocks": 92,
                      "Lossy Heap Blocks": 0,
                      "Plans": [
                        {
                          "Node Type": "Bitmap Index Scan",
                          "Parent Relationship": "Outer",
                          "Parallel Aware": false,
                          "Index Name": "linked_movie_id_movie_link",
                          "Startup Cost": 0.0,
                          "Total Cost": 0.3,
                          "Plan Rows": 2,
                          "Plan Width": 0,
                          "Actual Startup Time": 0.003,
                          "Actual Total Time": 0.003,
                          "Actual Rows": 0,
                          "Actual Loops": 1098,
                          "Index Cond": "(linked_movie_id = ci.movie_id)"
                        }
                      ]
                    }
                  ]
                },
                {
                  "Node Type": "Seq Scan",
                  "Parent Relationship": "Inner",
                  "Parallel Aware": false,
                  "Relation Name": "link_type",
                  "Alias": "lt",
                  "Startup Cost": 0.0,
                  "Total Cost": 1.23,
                  "Plan Rows": 1,
                  "Plan Width": 4,
                  "Actual Startup Time": 0.003,
                  "Actual Total Time": 0.003,
                  "Actual Rows": 1,
                  "Actual Loops": 103,
                  "Filter": "((link)::text = 'features'::text)",
                  "Rows Removed by Filter": 15
                }
              ]
            },
            {
              "Node Type": "Bitmap Heap Scan",
              "Parent Relationship": "Inner",
              "Parallel Aware": false,
              "Relation Name": "title",
              "Alias": "t",
              "Startup Cost": 0.44,
              "Total Cost": 4.46,
              "Plan Rows": 1,
              "Plan Width": 21,
              "Actual Startup Time": 0.014,
              "Actual Total Time": 0.014,
              "Actual Rows": 0,
              "Actual Loops": 25,
              "Recheck Cond": "(id = ci.movie_id)",
              "Rows Removed by Index Recheck": 0,
              "Filter": "((production_year >= 1974) AND (production_year <= 2006))",
              "Rows Removed by Filter": 1,
              "Exact Heap Blocks": 25,
              "Lossy Heap Blocks": 0,
              "Plans": [
                {
                  "Node Type": "Bitmap Index Scan",
                  "Parent Relationship": "Outer",
                  "Parallel Aware": false,
                  "Index Name": "title_pkey",
                  "Startup Cost": 0.0,
                  "Total Cost": 0.44,
                  "Plan Rows": 1,
                  "Plan Width": 0,
                  "Actual Startup Time": 0.008,
                  "Actual Total Time": 0.008,
                  "Actual Rows": 1,
                  "Actual Loops": 25,
                  "Index Cond": "(id = ci.movie_id)"
                }
              ]
            }
          ]
        }
      ]
    },
    "Planning Time": 6.712,
    "Triggers": [],
    "Execution Time": 202.195
  }
]