[
  {
    "Plan": {
      "Node Type": "Aggregate",
      "Strategy": "Plain",
      "Partial Mode": "Finalize",
      "Parallel Aware": false,
      "Startup Cost": 346038.34,
      "Total Cost": 346038.35,
      "Plan Rows": 1,
      "Plan Width": 8,
      "Actual Startup Time": 610.137,
      "Actual Total Time": 666.457,
      "Actual Rows": 1,
      "Actual Loops": 1,
      "Plans": [
        {
          "Node Type": "Gather",
          "Parent Relationship": "Outer",
          "Parallel Aware": false,
          "Startup Cost": 346037.71,
          "Total Cost": 346038.32,
          "Plan Rows": 6,
          "Plan Width": 8,
          "Actual Startup Time": 610.02,
          "Actual Total Time": 666.447,
          "Actual Rows": 7,
          "Actual Loops": 1,
          "Workers Planned": 6,
          "Workers Launched": 6,
          "Single Copy": false,
          "Plans": [
            {
              "Node Type": "Aggregate",
              "Strategy": "Plain",
              "Partial Mode": "Partial",
              "Parent Relationship": "Outer",
              "Parallel Aware": false,
              "Startup Cost": 345037.71,
              "Total Cost": 345037.72,
              "Plan Rows": 1,
              "Plan Width": 8,
              "Actual Startup Time": 599.483,
              "Actual Total Time": 599.484,
              "Actual Rows": 1,
              "Actual Loops": 7,
              "Plans": [
                {
                  "Node Type": "Seq Scan",
                  "Parent Relationship": "Outer",
                  "Parallel Aware": true,
                  "Relation Name": "cast_info",
                  "Alias": "ci",
                  "Startup Cost": 0.0,
                  "Total Cost": 343257.03,
                  "Plan Rows": 712274,
                  "Plan Width": 0,
                  "Actual Startup Time": 221.926,
                  "Actual Total Time": 588.103,
                  "Actual Rows": 268835,
                  "Actual Loops": 7,
                  "Filter": "((person_id < 649229) AND (role_id > 1))",
                  "Rows Removed by Filter": 4908928
                }
              ]
            }
          ]
        }
      ]
    },
    "Planning Time": 0.225,
    "Triggers": [],
    "Execution Time": 666.527
  }
]