[
  {
    "Plan": {
      "Node Type": "Aggregate",
      "Strategy": "Plain",
      "Partial Mode": "Finalize",
      "Parallel Aware": false,
      "Startup Cost": 400129.15,
      "Total Cost": 400129.16,
      "Plan Rows": 1,
      "Plan Width": 8,
      "Actual Startup Time": 3206.73,
      "Actual Total Time": 3295.452,
      "Actual Rows": 1,
      "Actual Loops": 1,
      "Plans": [
        {
          "Node Type": "Gather",
          "Parent Relationship": "Outer",
          "Parallel Aware": false,
          "Startup Cost": 400128.63,
          "Total Cost": 400129.14,
          "Plan Rows": 5,
          "Plan Width": 8,
          "Actual Startup Time": 3202.081,
          "Actual Total Time": 3295.442,
          "Actual Rows": 6,
          "Actual Loops": 1,
          "Workers Planned": 5,
          "Workers Launched": 5,
          "Single Copy": false,
          "Plans": [
            {
              "Node Type": "Aggregate",
              "Strategy": "Plain",
              "Partial Mode": "Partial",
              "Parent Relationship": "Outer",
              "Parallel Aware": false,
              "Startup Cost": 399128.63,
              "Total Cost": 399128.64,
              "Plan Rows": 1,
              "Plan Width": 8,
              "Actual Startup Time": 3192.155,
              "Actual Total Time": 3192.157,
              "Actual Rows": 1,
              "Actual Loops": 6,
              "Plans": [
                {
                  "Node Type": "Nested Loop",
                  "Parent Relationship": "Outer",
                  "Parallel Aware": false,
                  "Join Type": "Inner",
                  "Startup Cost": 87894.01,
                  "Total Cost": 397514.58,
                  "Plan Rows": 645619,
                  "Plan Width": 0,
                  "Actual Startup Time": 343.538,
                  "Actual Total Time": 3126.405,
                  "Actual Rows": 1241218,
                  "Actual Loops": 6,
                  "Inner Unique": false,
                  "Plans": [
                    {
                      "Node Type": "Merge Join",
                      "Parent Relationship": "Outer",
                      "Parallel Aware": false,
                      "Join Type": "Inner",
                      "Startup Cost": 87893.45,
                      "Total Cost": 182630.16,
                      "Plan Rows": 98884,
                      "Plan Width": 8,
                      "Actual Startup Time": 343.403,
                      "Actual Total Time": 690.023,
                      "Actual Rows": 80227,
                      "Actual Loops": 6,
                      "Inner Unique": false,
                      "Merge Cond": "(t.id = mk.movie_id)",
                      "Plans": [
                        {
                          "Node Type": "Index Only Scan",
                          "Parent Relationship": "Outer",
                          "Parallel Aware": true,
                          "Scan Direction": "Forward",
                          "Index Name": "title_pkey",
                          "Relation Name": "title",
                          "Alias": "t",
                          "Startup Cost": 0.43,
                          "Total Cost": 90113.62,
                          "Plan Rows": 505659,
                          "Plan Width": 4,
                          "Actual Startup Time": 0.149,
                          "Actual Total Time": 297.837,
                          "Actual Rows": 420996,
                          "Actual Loops": 6,
                          "Heap Fetches": 2525977
                        },
                        {
                          "Node Type": "Sort",
                          "Parent Relationship": "Inner",
                          "Parallel Aware": false,
                          "Startup Cost": 87882.9,
                          "Total Cost": 89118.94,
                          "Plan Rows": 494418,
                          "Plan Width": 4,
                          "Actual Startup Time": 304.125,
                          "Actual Total Time": 331.488,
                          "Actual Rows": 481361,
                          "Actual Loops": 6,
                          "Sort Key": [
                            "mk.movie_id"
                          ],
                          "Sort Method": "quicksort",
                          "Sort Space Used": 34852,
                          "Sort Space Type": "Memory",
                          "Workers": [
                            {
                              "Worker Number": 0,
                              "Sort Method": "quicksort",
                              "Sort Space Used": 34852,
                              "Sort Space Type": "Memory"
                            },
                            {
                              "Worker Number": 1,
                              "Sort Method": "quicksort",
                              "Sort Space Used": 34852,
                              "Sort Space Type": "Memory"
                            },
                            {
                              "Worker Number": 2,
                              "Sort Method": "quicksort",
                              "Sort Space Used": 34852,
                              "Sort Space Type": "Memory"
                            },
                            {
                              "Worker Number": 3,
                              "Sort Method": "quicksort",
                              "Sort Space Used": 34852,
                              "Sort Space Type": "Memory"
                            },
                            {
                              "Worker Number": 4,
                              "Sort Method": "quicksort",
                              "Sort Space Used": 34852,
                              "Sort Space Type": "Memory"
                            }
                          ],
                          "Plans": [
                            {
                              "Node Type": "Bitmap Heap Scan",
                              "Parent Relationship": "Outer",
                              "Parallel Aware": false,
                              "Relation Name": "movie_keyword",
                              "Alias": "mk",
                              "Startup Cost": 10488.17,
                              "Total Cost": 41122.4,
                              "Plan Rows": 494418,
                              "Plan Width": 4,
                              "Actual Startup Time": 53.444,
                              "Actual Total Time": 193.717,
                              "Actual Rows": 481361,
                              "Actual Loops": 6,
                              "Recheck Cond": "(keyword_id > 37197)",
                              "Rows Removed by Index Recheck": 0,
                              "Exact Heap Blocks": 22917,
                              "Lossy Heap Blocks": 0,
                              "Plans": [
                                {
                                  "Node Type": "Bitmap Index Scan",
                                  "Parent Relationship": "Outer",
                                  "Parallel Aware": false,
                                  "Index Name": "keyword_id_movie_keyword",
                                  "Startup Cost": 0.0,
                                  "Total Cost": 10364.57,
                                  "Plan Rows": 494418,
                                  "Plan Width": 0,
                                  "Actual Startup Time": 50.013,
                                  "Actual Total Time": 50.013,
                                  "Actual Rows": 481361,
                                  "Actual Loops": 6,
                                  "Index Cond": "(keyword_id > 37197)"
                                }
                              ]
                            }
                          ]
                        }
                      ]
                    },
                    {
                      "Node Type": "Index Scan",
                      "Parent Relationship": "Inner",
                      "Parallel Aware": false,
                      "Scan Direction": "Forward",
                      "Index Name": "movie_id_cast_info",
                      "Relation Name": "cast_info",
                      "Alias": "ci",
                      "Startup Cost": 0.56,
                      "Total Cost": 2.0,
                      "Plan Rows": 17,
                      "Plan Width": 4,
                      "Actual Startup Time": 0.013,
                      "Actual Total Time": 0.029,
                      "Actual Rows": 15,
                      "Actual Loops": 481361,
                      "Index Cond": "(movie_id = t.id)",
                      "Rows Removed by Index Recheck": 0,
                      "Filter": "((person_id < 2610022) AND (role_id > 1))",
                      "Rows Removed by Filter": 33
                    }
                  ]
                }
              ]
            }
          ]
        }
      ]
    },
    "Planning Time": 0.801,
    "Triggers": [],
    "Execution Time": 3303.372
  }
]