[
    {
        "Bao": {
            "Bao prediction": "NaN",
            "Bao recommended hint": "(no hint)"
        }
    },
    {
        "Plan": {
            "Node Type": "Aggregate",
            "Strategy": "Plain",
            "Partial Mode": "Finalize",
            "Parallel Aware": false,
            "Startup Cost": 33024.84,
            "Total Cost": 33024.85,
            "Plan Rows": 1,
            "Plan Width": 8,
            "Actual Startup Time": 88.69,
            "Actual Total Time": 93.924,
            "Actual Rows": 1,
            "Actual Loops": 1,
            "Output": [
                "count(*)"
            ],
            "Plans": [
                {
                    "Node Type": "Gather",
                    "Parent Relationship": "Outer",
                    "Parallel Aware": false,
                    "Startup Cost": 33024.52,
                    "Total Cost": 33024.83,
                    "Plan Rows": 3,
                    "Plan Width": 8,
                    "Actual Startup Time": 88.578,
                    "Actual Total Time": 93.916,
                    "Actual Rows": 4,
                    "Actual Loops": 1,
                    "Output": [
                        "(PARTIAL count(*))"
                    ],
                    "Workers Planned": 3,
                    "Workers Launched": 3,
                    "Single Copy": false,
                    "Plans": [
                        {
                            "Node Type": "Aggregate",
                            "Strategy": "Plain",
                            "Partial Mode": "Partial",
                            "Parent Relationship": "Outer",
                            "Parallel Aware": false,
                            "Startup Cost": 32024.52,
                            "Total Cost": 32024.53,
                            "Plan Rows": 1,
                            "Plan Width": 8,
                            "Actual Startup Time": 80.552,
                            "Actual Total Time": 80.553,
                            "Actual Rows": 1,
                            "Actual Loops": 4,
                            "Output": [
                                "PARTIAL count(*)"
                            ],
                            "Workers": [
                                {
                                    "Worker Number": 0,
                                    "Actual Startup Time": 77.744,
                                    "Actual Total Time": 77.745,
                                    "Actual Rows": 1,
                                    "Actual Loops": 1
                                },
                                {
                                    "Worker Number": 1,
                                    "Actual Startup Time": 77.951,
                                    "Actual Total Time": 77.953,
                                    "Actual Rows": 1,
                                    "Actual Loops": 1
                                },
                                {
                                    "Worker Number": 2,
                                    "Actual Startup Time": 78.194,
                                    "Actual Total Time": 78.195,
                                    "Actual Rows": 1,
                                    "Actual Loops": 1
                                }
                            ],
                            "Plans": [
                                {
                                    "Node Type": "Seq Scan",
                                    "Parent Relationship": "Outer",
                                    "Parallel Aware": true,
                                    "Relation Name": "movie_companies",
                                    "Schema": "public",
                                    "Alias": "mc",
                                    "Startup Cost": 0.0,
                                    "Total Cost": 31414.82,
                                    "Plan Rows": 243881,
                                    "Plan Width": 0,
                                    "Actual Startup Time": 42.872,
                                    "Actual Total Time": 75.142,
                                    "Actual Rows": 117692,
                                    "Actual Loops": 4,
                                    "Output": [
                                        "id",
                                        "movie_id",
                                        "company_id",
                                        "company_type_id",
                                        "note"
                                    ],
                                    "Filter": "((mc.company_id < 13513) AND (mc.company_type_id = 2))",
                                    "Rows Removed by Filter": 534590,
                                    "Workers": [
                                        {
                                            "Worker Number": 0,
                                            "Actual Startup Time": 40.057,
                                            "Actual Total Time": 72.558,
                                            "Actual Rows": 124089,
                                            "Actual Loops": 1
                                        },
                                        {
                                            "Worker Number": 1,
                                            "Actual Startup Time": 40.267,
                                            "Actual Total Time": 72.732,
                                            "Actual Rows": 76266,
                                            "Actual Loops": 1
                                        },
                                        {
                                            "Worker Number": 2,
                                            "Actual Startup Time": 40.528,
                                            "Actual Total Time": 73.031,
                                            "Actual Rows": 123242,
                                            "Actual Loops": 1
                                        }
                                    ]
                                }
                            ]
                        }
                    ]
                }
            ]
        },
        "Planning Time": 178.521,
        "Triggers": [],
        "Execution Time": 93.966
    }
]