[
  {
    "Plan": {
      "Node Type": "Aggregate",
      "Strategy": "Plain",
      "Partial Mode": "Finalize",
      "Parallel Aware": false,
      "Startup Cost": 46814.8,
      "Total Cost": 46814.81,
      "Plan Rows": 1,
      "Plan Width": 8,
      "Actual Startup Time": 163.8,
      "Actual Total Time": 173.834,
      "Actual Rows": 1,
      "Actual Loops": 1,
      "Plans": [
        {
          "Node Type": "Gather",
          "Parent Relationship": "Outer",
          "Parallel Aware": false,
          "Startup Cost": 46814.49,
          "Total Cost": 46814.8,
          "Plan Rows": 3,
          "Plan Width": 8,
          "Actual Startup Time": 163.708,
          "Actual Total Time": 173.822,
          "Actual Rows": 4,
          "Actual Loops": 1,
          "Workers Planned": 3,
          "Workers Launched": 3,
          "Single Copy": false,
          "Plans": [
            {
              "Node Type": "Aggregate",
              "Strategy": "Plain",
              "Partial Mode": "Partial",
              "Parent Relationship": "Outer",
              "Parallel Aware": false,
              "Startup Cost": 45814.49,
              "Total Cost": 45814.5,
              "Plan Rows": 1,
              "Plan Width": 8,
              "Actual Startup Time": 158.113,
              "Actual Total Time": 158.114,
              "Actual Rows": 1,
              "Actual Loops": 4,
              "Plans": [
                {
                  "Node Type": "Seq Scan",
                  "Parent Relationship": "Outer",
                  "Parallel Aware": true,
                  "Relation Name": "movie_keyword",
                  "Alias": "mk",
                  "Startup Cost": 0.0,
                  "Total Cost": 42695.65,
                  "Plan Rows": 1247533,
                  "Plan Width": 0,
                  "Actual Startup Time": 0.055,
                  "Actual Total Time": 117.079,
                  "Actual Rows": 965501,
                  "Actual Loops": 4,
                  "Filter": "(keyword_id > 512)",
                  "Rows Removed by Filter": 165482
                }
              ]
            }
          ]
        }
      ]
    },
    "Planning Time": 0.095,
    "Triggers": [],
    "Execution Time": 173.871
  }
]