{
  "Plan": {
    "Node Type": "Aggregate",
    "Strategy": "Plain",
    "Partial Mode": "Finalize",
    "Parallel Aware": false,
    "Startup Cost": 366189.42,
    "Total Cost": 366189.43,
    "Plan Rows": 1,
    "Plan Width": 8,
    "Actual Startup Time": 1217.445,
    "Actual Total Time": 1241.373,
    "Actual Rows": 1,
    "Actual Loops": 1,
    "Plans": [
      {
        "Node Type": "Gather",
        "Parent Relationship": "Outer",
        "Parallel Aware": false,
        "Startup Cost": 366189.31,
        "Total Cost": 366189.42,
        "Plan Rows": 1,
        "Plan Width": 8,
        "Actual Startup Time": 1214.998,
        "Actual Total Time": 1241.364,
        "Actual Rows": 2,
        "Actual Loops": 1,
        "Workers Planned": 1,
        "Workers Launched": 1,
        "Single Copy": false,
        "Plans": [
          {
            "Node Type": "Aggregate",
            "Strategy": "Plain",
            "Partial Mode": "Partial",
            "Parent Relationship": "Outer",
            "Parallel Aware": false,
            "Startup Cost": 365189.31,
            "Total Cost": 365189.32,
            "Plan Rows": 1,
            "Plan Width": 8,
            "Actual Startup Time": 1208.72,
            "Actual Total Time": 1209.046,
            "Actual Rows": 1,
            "Actual Loops": 2,
            "Plans": [
              {
                "Node Type": "Hash Join",
                "Parent Relationship": "Outer",
                "Parallel Aware": true,
                "Join Type": "Inner",
                "Startup Cost": 165650.78,
                "Total Cost": 364231.69,
                "Plan Rows": 383046,
                "Plan Width": 0,
                "Actual Startup Time": 715.843,
                "Actual Total Time": 1187.255,
                "Actual Rows": 497414,
                "Actual Loops": 2,
                "Inner Unique": false,
                "Hash Cond": "(mi.movie_id = t.id)",
                "Plans": [
                  {
                    "Node Type": "Bitmap Heap Scan",
                    "Parent Relationship": "Outer",
                    "Parallel Aware": true,
                    "Relation Name": "movie_info",
                    "Alias": "mi",
                    "Startup Cost": 65065.95,
                    "Total Cost": 253470.26,
                    "Plan Rows": 2112905,
                    "Plan Width": 4,
                    "Actual Startup Time": 125.454,
                    "Actual Total Time": 284.817,
                    "Actual Rows": 1812488,
                    "Actual Loops": 2,
                    "Recheck Cond": "(info_type_id < 4)",
                    "Rows Removed by Index Recheck": 0,
                    "Exact Heap Blocks": 11928,
                    "Lossy Heap Blocks": 0,
                    "Plans": [
                      {
                        "Node Type": "Bitmap Index Scan",
                        "Parent Relationship": "Outer",
                        "Parallel Aware": false,
                        "Index Name": "info_type_id_movie_info",
                        "Startup Cost": 0.0,
                        "Total Cost": 64167.97,
                        "Plan Rows": 3591938,
                        "Plan Width": 0,
                        "Actual Startup Time": 121.967,
                        "Actual Total Time": 121.968,
                        "Actual Rows": 3624977,
                        "Actual Loops": 1,
                        "Index Cond": "(info_type_id < 4)"
                      }
                    ]
                  },
                  {
                    "Node Type": "Hash",
                    "Parent Relationship": "Inner",
                    "Parallel Aware": true,
                    "Startup Cost": 97214.6,
                    "Total Cost": 97214.6,
                    "Plan Rows": 269618,
                    "Plan Width": 8,
                    "Actual Startup Time": 584.785,
                    "Actual Total Time": 585.109,
                    "Actual Rows": 225894,
                    "Actual Loops": 2,
                    "Hash Buckets": 524288,
                    "Original Hash Buckets": 524288,
                    "Hash Batches": 1,
                    "Original Hash Batches": 1,
                    "Peak Memory Usage": 21792,
                    "Plans": [
                      {
                        "Node Type": "Hash Join",
                        "Parent Relationship": "Outer",
                        "Parallel Aware": true,
                        "Join Type": "Inner",
                        "Startup Cost": 35463.1,
                        "Total Cost": 97214.6,
                        "Plan Rows": 269618,
                        "Plan Width": 8,
                        "Actual Startup Time": 143.658,
                        "Actual Total Time": 529.853,
                        "Actual Rows": 225894,
                        "Actual Loops": 2,
                        "Inner Unique": false,
                        "Hash Cond": "(t.id = mc.movie_id)",
                        "Plans": [
                          {
                            "Node Type": "Seq Scan",
                            "Parent Relationship": "Outer",
                            "Parallel Aware": true,
                            "Relation Name": "title",
                            "Alias": "t",
                            "Startup Cost": 0.0,
                            "Total Cost": 50870.31,
                            "Plan Rows": 1487231,
                            "Plan Width": 4,
                            "Actual Startup Time": 0.01,
                            "Actual Total Time": 123.474,
                            "Actual Rows": 1264156,
                            "Actual Loops": 2
                          },
                          {
                            "Node Type": "Hash",
                            "Parent Relationship": "Inner",
                            "Parallel Aware": true,
                            "Startup Cost": 32092.88,
                            "Total Cost": 32092.88,
                            "Plan Rows": 269618,
                            "Plan Width": 4,
                            "Actual Startup Time": 139.951,
                            "Actual Total Time": 139.952,
                            "Actual Rows": 225894,
                            "Actual Loops": 2,
                            "Hash Buckets": 524288,
                            "Original Hash Buckets": 524288,
                            "Hash Batches": 1,
                            "Original Hash Batches": 1,
                            "Peak Memory Usage": 21792,
                            "Plans": [
                              {
                                "Node Type": "Bitmap Heap Scan",
                                "Parent Relationship": "Outer",
                                "Parallel Aware": true,
                                "Relation Name": "movie_companies",
                                "Alias": "mc",
                                "Startup Cost": 9932.65,
                                "Total Cost": 32092.88,
                                "Plan Rows": 269618,
                                "Plan Width": 4,
                                "Actual Startup Time": 31.08,
                                "Actual Total Time": 91.817,
                                "Actual Rows": 225894,
                                "Actual Loops": 2,
                                "Recheck Cond": "(company_id < 376)",
                                "Rows Removed by Index Recheck": 0,
                                "Exact Heap Blocks": 11300,
                                "Lossy Heap Blocks": 0,
                                "Plans": [
                                  {
                                    "Node Type": "Bitmap Index Scan",
                                    "Parent Relationship": "Outer",
                                    "Parallel Aware": false,
                                    "Index Name": "company_id_movie_companies",
                                    "Startup Cost": 0.0,
                                    "Total Cost": 9818.06,
                                    "Plan Rows": 458351,
                                    "Plan Width": 0,
                                    "Actual Startup Time": 28.159,
                                    "Actual Total Time": 28.159,
                                    "Actual Rows": 451787,
                                    "Actual Loops": 1,
                                    "Index Cond": "(company_id < 376)"
                                  }
                                ]
                              }
                            ]
                          }
                        ]
                      }
                    ]
                  }
                ]
              }
            ]
          }
        ]
      }
    ]
  },
  "Planning Time": 0.651,
  "Triggers": [],
  "Execution Time": 1241.493
}