{
  "Plan": {
    "Node Type": "Aggregate",
    "Strategy": "Plain",
    "Partial Mode": "Finalize",
    "Parallel Aware": false,
    "Startup Cost": 105550.37,
    "Total Cost": 105550.38,
    "Plan Rows": 1,
    "Plan Width": 8,
    "Actual Startup Time": 539.946,
    "Actual Total Time": 555.652,
    "Actual Rows": 1,
    "Actual Loops": 1,
    "Plans": [
      {
        "Node Type": "Gather",
        "Parent Relationship": "Outer",
        "Parallel Aware": false,
        "Startup Cost": 105550.26,
        "Total Cost": 105550.37,
        "Plan Rows": 1,
        "Plan Width": 8,
        "Actual Startup Time": 538.964,
        "Actual Total Time": 555.644,
        "Actual Rows": 2,
        "Actual Loops": 1,
        "Workers Planned": 1,
        "Workers Launched": 1,
        "Single Copy": false,
        "Plans": [
          {
            "Node Type": "Aggregate",
            "Strategy": "Plain",
            "Partial Mode": "Partial",
            "Parent Relationship": "Outer",
            "Parallel Aware": false,
            "Startup Cost": 104550.26,
            "Total Cost": 104550.27,
            "Plan Rows": 1,
            "Plan Width": 8,
            "Actual Startup Time": 532.666,
            "Actual Total Time": 532.671,
            "Actual Rows": 1,
            "Actual Loops": 2,
            "Plans": [
              {
                "Node Type": "Hash Join",
                "Parent Relationship": "Outer",
                "Parallel Aware": true,
                "Join Type": "Inner",
                "Startup Cost": 41888.2,
                "Total Cost": 104187.32,
                "Plan Rows": 145175,
                "Plan Width": 0,
                "Actual Startup Time": 175.829,
                "Actual Total Time": 524.424,
                "Actual Rows": 198616,
                "Actual Loops": 2,
                "Inner Unique": false,
                "Hash Cond": "(t.id = mc.movie_id)",
                "Plans": [
                  {
                    "Node Type": "Seq Scan",
                    "Parent Relationship": "Outer",
                    "Parallel Aware": true,
                    "Relation Name": "title",
                    "Alias": "t",
                    "Startup Cost": 0.0,
                    "Total Cost": 54588.39,
                    "Plan Rows": 1097081,
                    "Plan Width": 4,
                    "Actual Startup Time": 0.013,
                    "Actual Total Time": 142.438,
                    "Actual Rows": 932744,
                    "Actual Loops": 2,
                    "Filter": "(kind_id > 1)",
                    "Rows Removed by Filter": 331412
                  },
                  {
                    "Node Type": "Hash",
                    "Parent Relationship": "Inner",
                    "Parallel Aware": true,
                    "Startup Cost": 39428.18,
                    "Total Cost": 39428.18,
                    "Plan Rows": 196802,
                    "Plan Width": 4,
                    "Actual Startup Time": 170.245,
                    "Actual Total Time": 170.247,
                    "Actual Rows": 241153,
                    "Actual Loops": 2,
                    "Hash Buckets": 524288,
                    "Original Hash Buckets": 524288,
                    "Hash Batches": 1,
                    "Original Hash Batches": 1,
                    "Peak Memory Usage": 23008,
                    "Plans": [
                      {
                        "Node Type": "Bitmap Heap Scan",
                        "Parent Relationship": "Outer",
                        "Parallel Aware": true,
                        "Relation Name": "movie_companies",
                        "Alias": "mc",
                        "Startup Cost": 14641.36,
                        "Total Cost": 39428.18,
                        "Plan Rows": 196802,
                        "Plan Width": 4,
                        "Actual Startup Time": 41.841,
                        "Actual Total Time": 119.568,
                        "Actual Rows": 241153,
                        "Actual Loops": 2,
                        "Recheck Cond": "(company_id < 1095)",
                        "Rows Removed by Index Recheck": 0,
                        "Filter": "(company_type_id < 2)",
                        "Rows Removed by Filter": 95606,
                        "Exact Heap Blocks": 11016,
                        "Lossy Heap Blocks": 0,
                        "Plans": [
                          {
                            "Node Type": "Bitmap Index Scan",
                            "Parent Relationship": "Outer",
                            "Parallel Aware": false,
                            "Index Name": "company_id_movie_companies",
                            "Startup Cost": 0.0,
                            "Total Cost": 14557.72,
                            "Plan Rows": 679639,
                            "Plan Width": 0,
                            "Actual Startup Time": 39.617,
                            "Actual Total Time": 39.617,
                            "Actual Rows": 673519,
                            "Actual Loops": 1,
                            "Index Cond": "(company_id < 1095)"
                          }
                        ]
                      }
                    ]
                  }
                ]
              }
            ]
          }
        ]
      }
    ]
  },
  "Planning Time": 0.691,
  "Triggers": [],
  "Execution Time": 555.774
}