[
  {
    "Plan": {
      "Node Type": "Aggregate",
      "Strategy": "Plain",
      "Partial Mode": "Finalize",
      "Parallel Aware": false,
      "Startup Cost": 341667.59,
      "Total Cost": 341667.6,
      "Plan Rows": 1,
      "Plan Width": 8,
      "Actual Startup Time": 739.881,
      "Actual Total Time": 778.643,
      "Actual Rows": 1,
      "Actual Loops": 1,
      "Plans": [
        {
          "Node Type": "Gather",
          "Parent Relationship": "Outer",
          "Parallel Aware": false,
          "Startup Cost": 341666.97,
          "Total Cost": 341667.58,
          "Plan Rows": 6,
          "Plan Width": 8,
          "Actual Startup Time": 739.808,
          "Actual Total Time": 778.636,
          "Actual Rows": 7,
          "Actual Loops": 1,
          "Workers Planned": 6,
          "Workers Launched": 6,
          "Single Copy": false,
          "Plans": [
            {
              "Node Type": "Aggregate",
              "Strategy": "Plain",
              "Partial Mode": "Partial",
              "Parent Relationship": "Outer",
              "Parallel Aware": false,
              "Startup Cost": 340666.97,
              "Total Cost": 340666.98,
              "Plan Rows": 1,
              "Plan Width": 8,
              "Actual Startup Time": 732.978,
              "Actual Total Time": 732.979,
              "Actual Rows": 1,
              "Actual Loops": 7,
              "Plans": [
                {
                  "Node Type": "Seq Scan",
                  "Parent Relationship": "Outer",
                  "Parallel Aware": true,
                  "Relation Name": "cast_info",
                  "Alias": "ci",
                  "Startup Cost": 0.0,
                  "Total Cost": 328213.62,
                  "Plan Rows": 4981341,
                  "Plan Width": 0,
                  "Actual Startup Time": 0.04,
                  "Actual Total Time": 556.083,
                  "Actual Rows": 4273877,
                  "Actual Loops": 7,
                  "Filter": "(person_id < 3020354)",
                  "Rows Removed by Filter": 903886
                }
              ]
            }
          ]
        }
      ]
    },
    "Planning Time": 0.086,
    "Triggers": [],
    "Execution Time": 778.676
  }
]