[
    {
        "Bao": {
            "Bao prediction": "NaN",
            "Bao recommended hint": "(no hint)"
        }
    },
    {
        "Plan": {
            "Node Type": "Aggregate",
            "Strategy": "Plain",
            "Partial Mode": "Finalize",
            "Parallel Aware": false,
            "Startup Cost": 316969.27,
            "Total Cost": 316969.28,
            "Plan Rows": 1,
            "Plan Width": 8,
            "Actual Startup Time": 242.025,
            "Actual Total Time": 246.636,
            "Actual Rows": 1,
            "Actual Loops": 1,
            "Output": [
                "count(*)"
            ],
            "Plans": [
                {
                    "Node Type": "Gather",
                    "Parent Relationship": "Outer",
                    "Parallel Aware": false,
                    "Startup Cost": 316968.64,
                    "Total Cost": 316969.25,
                    "Plan Rows": 6,
                    "Plan Width": 8,
                    "Actual Startup Time": 241.54,
                    "Actual Total Time": 246.627,
                    "Actual Rows": 7,
                    "Actual Loops": 1,
                    "Output": [
                        "(PARTIAL count(*))"
                    ],
                    "Workers Planned": 6,
                    "Workers Launched": 6,
                    "Single Copy": false,
                    "Plans": [
                        {
                            "Node Type": "Aggregate",
                            "Strategy": "Plain",
                            "Partial Mode": "Partial",
                            "Parent Relationship": "Outer",
                            "Parallel Aware": false,
                            "Startup Cost": 315968.64,
                            "Total Cost": 315968.65,
                            "Plan Rows": 1,
                            "Plan Width": 8,
                            "Actual Startup Time": 231.31,
                            "Actual Total Time": 231.311,
                            "Actual Rows": 1,
                            "Actual Loops": 7,
                            "Output": [
                                "PARTIAL count(*)"
                            ],
                            "Workers": [
                                {
                                    "Worker Number": 0,
                                    "Actual Startup Time": 228.648,
                                    "Actual Total Time": 228.65,
                                    "Actual Rows": 1,
                                    "Actual Loops": 1
                                },
                                {
                                    "Worker Number": 1,
                                    "Actual Startup Time": 229.283,
                                    "Actual Total Time": 229.285,
                                    "Actual Rows": 1,
                                    "Actual Loops": 1
                                },
                                {
                                    "Worker Number": 2,
                                    "Actual Startup Time": 229.64,
                                    "Actual Total Time": 229.641,
                                    "Actual Rows": 1,
                                    "Actual Loops": 1
                                },
                                {
                                    "Worker Number": 3,
                                    "Actual Startup Time": 230.051,
                                    "Actual Total Time": 230.053,
                                    "Actual Rows": 1,
                                    "Actual Loops": 1
                                },
                                {
                                    "Worker Number": 4,
                                    "Actual Startup Time": 230.043,
                                    "Actual Total Time": 230.044,
                                    "Actual Rows": 1,
                                    "Actual Loops": 1
                                },
                                {
                                    "Worker Number": 5,
                                    "Actual Startup Time": 230.331,
                                    "Actual Total Time": 230.332,
                                    "Actual Rows": 1,
                                    "Actual Loops": 1
                                }
                            ],
                            "Plans": [
                                {
                                    "Node Type": "Bitmap Heap Scan",
                                    "Parent Relationship": "Outer",
                                    "Parallel Aware": true,
                                    "Relation Name": "cast_info",
                                    "Schema": "public",
                                    "Alias": "ci",
                                    "Startup Cost": 56462.6,
                                    "Total Cost": 315590.69,
                                    "Plan Rows": 151180,
                                    "Plan Width": 0,
                                    "Actual Startup Time": 125.597,
                                    "Actual Total Time": 216.755,
                                    "Actual Rows": 266865,
                                    "Actual Loops": 7,
                                    "Recheck Cond": "(ci.person_id < 250755)",
                                    "Rows Removed by Index Recheck": 0,
                                    "Filter": "(ci.role_id = 1)",
                                    "Rows Removed by Filter": 105226,
                                    "Exact Heap Blocks": 5797,
                                    "Lossy Heap Blocks": 0,
                                    "Workers": [
                                        {
                                            "Worker Number": 0,
                                            "Actual Startup Time": 123.173,
                                            "Actual Total Time": 214.767,
                                            "Actual Rows": 231155,
                                            "Actual Loops": 1
                                        },
                                        {
                                            "Worker Number": 1,
                                            "Actual Startup Time": 123.441,
                                            "Actual Total Time": 214.898,
                                            "Actual Rows": 242556,
                                            "Actual Loops": 1
                                        },
                                        {
                                            "Worker Number": 2,
                                            "Actual Startup Time": 124.332,
                                            "Actual Total Time": 215.183,
                                            "Actual Rows": 241164,
                                            "Actual Loops": 1
                                        },
                                        {
                                            "Worker Number": 3,
                                            "Actual Startup Time": 124.413,
                                            "Actual Total Time": 215.682,
                                            "Actual Rows": 242011,
                                            "Actual Loops": 1
                                        },
                                        {
                                            "Worker Number": 4,
                                            "Actual Startup Time": 124.375,
                                            "Actual Total Time": 215.579,
                                            "Actual Rows": 242806,
                                            "Actual Loops": 1
                                        },
                                        {
                                            "Worker Number": 5,
                                            "Actual Startup Time": 124.518,
                                            "Actual Total Time": 215.985,
                                            "Actual Rows": 242795,
                                            "Actual Loops": 1
                                        }
                                    ],
                                    "Plans": [
                                        {
                                            "Node Type": "Bitmap Index Scan",
                                            "Parent Relationship": "Outer",
                                            "Parallel Aware": false,
                                            "Index Name": "person_id_cast_info",
                                            "Startup Cost": 0.0,
                                            "Total Cost": 56235.84,
                                            "Plan Rows": 2576436,
                                            "Plan Width": 0,
                                            "Actual Startup Time": 130.962,
                                            "Actual Total Time": 130.963,
                                            "Actual Rows": 2604635,
                                            "Actual Loops": 1,
                                            "Index Cond": "(ci.person_id < 250755)"
                                        }
                                    ]
                                }
                            ]
                        }
                    ]
                }
            ]
        },
        "Planning Time": 198.127,
        "Triggers": [],
        "Execution Time": 246.706
    }
]