[
    {
        "Bao": {
            "Bao prediction": "NaN",
            "Bao recommended hint": "(no hint)"
        }
    },
    {
        "Plan": {
            "Node Type": "Aggregate",
            "Strategy": "Plain",
            "Partial Mode": "Finalize",
            "Parallel Aware": false,
            "Startup Cost": 33304.35,
            "Total Cost": 33304.36,
            "Plan Rows": 1,
            "Plan Width": 8,
            "Actual Startup Time": 108.557,
            "Actual Total Time": 116.569,
            "Actual Rows": 1,
            "Actual Loops": 1,
            "Output": [
                "count(*)"
            ],
            "Plans": [
                {
                    "Node Type": "Gather",
                    "Parent Relationship": "Outer",
                    "Parallel Aware": false,
                    "Startup Cost": 33304.03,
                    "Total Cost": 33304.34,
                    "Plan Rows": 3,
                    "Plan Width": 8,
                    "Actual Startup Time": 108.434,
                    "Actual Total Time": 116.562,
                    "Actual Rows": 4,
                    "Actual Loops": 1,
                    "Output": [
                        "(PARTIAL count(*))"
                    ],
                    "Workers Planned": 3,
                    "Workers Launched": 3,
                    "Single Copy": false,
                    "Plans": [
                        {
                            "Node Type": "Aggregate",
                            "Strategy": "Plain",
                            "Partial Mode": "Partial",
                            "Parent Relationship": "Outer",
                            "Parallel Aware": false,
                            "Startup Cost": 32304.03,
                            "Total Cost": 32304.04,
                            "Plan Rows": 1,
                            "Plan Width": 8,
                            "Actual Startup Time": 100.425,
                            "Actual Total Time": 100.425,
                            "Actual Rows": 1,
                            "Actual Loops": 4,
                            "Output": [
                                "PARTIAL count(*)"
                            ],
                            "Workers": [
                                {
                                    "Worker Number": 0,
                                    "Actual Startup Time": 97.481,
                                    "Actual Total Time": 97.482,
                                    "Actual Rows": 1,
                                    "Actual Loops": 1
                                },
                                {
                                    "Worker Number": 1,
                                    "Actual Startup Time": 97.962,
                                    "Actual Total Time": 97.963,
                                    "Actual Rows": 1,
                                    "Actual Loops": 1
                                },
                                {
                                    "Worker Number": 2,
                                    "Actual Startup Time": 98.293,
                                    "Actual Total Time": 98.294,
                                    "Actual Rows": 1,
                                    "Actual Loops": 1
                                }
                            ],
                            "Plans": [
                                {
                                    "Node Type": "Seq Scan",
                                    "Parent Relationship": "Outer",
                                    "Parallel Aware": true,
                                    "Relation Name": "movie_companies",
                                    "Schema": "public",
                                    "Alias": "mc",
                                    "Startup Cost": 0.0,
                                    "Total Cost": 31414.82,
                                    "Plan Rows": 355684,
                                    "Plan Width": 0,
                                    "Actual Startup Time": 49.351,
                                    "Actual Total Time": 89.179,
                                    "Actual Rows": 221348,
                                    "Actual Loops": 4,
                                    "Output": [
                                        "id",
                                        "movie_id",
                                        "company_id",
                                        "company_type_id",
                                        "note"
                                    ],
                                    "Filter": "((mc.company_id < 77353) AND (mc.company_type_id > 1))",
                                    "Rows Removed by Filter": 430934,
                                    "Workers": [
                                        {
                                            "Worker Number": 0,
                                            "Actual Startup Time": 46.403,
                                            "Actual Total Time": 86.844,
                                            "Actual Rows": 260561,
                                            "Actual Loops": 1
                                        },
                                        {
                                            "Worker Number": 1,
                                            "Actual Startup Time": 46.893,
                                            "Actual Total Time": 87.232,
                                            "Actual Rows": 163514,
                                            "Actual Loops": 1
                                        },
                                        {
                                            "Worker Number": 2,
                                            "Actual Startup Time": 47.228,
                                            "Actual Total Time": 86.561,
                                            "Actual Rows": 162452,
                                            "Actual Loops": 1
                                        }
                                    ]
                                }
                            ]
                        }
                    ]
                }
            ]
        },
        "Planning Time": 178.595,
        "Triggers": [],
        "Execution Time": 116.66
    }
]