[
  {
    "Plan": {
      "Node Type": "Aggregate",
      "Strategy": "Plain",
      "Partial Mode": "Finalize",
      "Parallel Aware": false,
      "Startup Cost": 356025.92,
      "Total Cost": 356025.93,
      "Plan Rows": 1,
      "Plan Width": 8,
      "Actual Startup Time": 912.058,
      "Actual Total Time": 970.619,
      "Actual Rows": 1,
      "Actual Loops": 1,
      "Plans": [
        {
          "Node Type": "Gather",
          "Parent Relationship": "Outer",
          "Parallel Aware": false,
          "Startup Cost": 356025.29,
          "Total Cost": 356025.9,
          "Plan Rows": 6,
          "Plan Width": 8,
          "Actual Startup Time": 911.956,
          "Actual Total Time": 970.607,
          "Actual Rows": 7,
          "Actual Loops": 1,
          "Workers Planned": 6,
          "Workers Launched": 6,
          "Single Copy": false,
          "Plans": [
            {
              "Node Type": "Aggregate",
              "Strategy": "Plain",
              "Partial Mode": "Partial",
              "Parent Relationship": "Outer",
              "Parallel Aware": false,
              "Startup Cost": 355025.29,
              "Total Cost": 355025.3,
              "Plan Rows": 1,
              "Plan Width": 8,
              "Actual Startup Time": 902.772,
              "Actual Total Time": 902.773,
              "Actual Rows": 1,
              "Actual Loops": 7,
              "Plans": [
                {
                  "Node Type": "Seq Scan",
                  "Parent Relationship": "Outer",
                  "Parallel Aware": true,
                  "Relation Name": "cast_info",
                  "Alias": "ci",
                  "Startup Cost": 0.0,
                  "Total Cost": 343257.03,
                  "Plan Rows": 4707306,
                  "Plan Width": 0,
                  "Actual Startup Time": 0.049,
                  "Actual Total Time": 726.07,
                  "Actual Rows": 4115444,
                  "Actual Loops": 7,
                  "Filter": "((person_id < 3940157) AND (role_id < 8))",
                  "Rows Removed by Filter": 1062320
                }
              ]
            }
          ]
        }
      ]
    },
    "Planning Time": 0.346,
    "Triggers": [],
    "Execution Time": 970.687
  }
]