{
  "Plan": {
    "Node Type": "Aggregate",
    "Strategy": "Plain",
    "Partial Mode": "Finalize",
    "Parallel Aware": false,
    "Startup Cost": 17995.86,
    "Total Cost": 17995.87,
    "Plan Rows": 1,
    "Plan Width": 8,
    "Actual Startup Time": 25.27,
    "Actual Total Time": 28.48,
    "Actual Rows": 1,
    "Actual Loops": 1,
    "Plans": [
      {
        "Node Type": "Gather",
        "Parent Relationship": "Outer",
        "Parallel Aware": false,
        "Startup Cost": 17995.75,
        "Total Cost": 17995.86,
        "Plan Rows": 1,
        "Plan Width": 8,
        "Actual Startup Time": 25.023,
        "Actual Total Time": 28.471,
        "Actual Rows": 2,
        "Actual Loops": 1,
        "Workers Planned": 1,
        "Workers Launched": 1,
        "Single Copy": false,
        "Plans": [
          {
            "Node Type": "Aggregate",
            "Strategy": "Plain",
            "Partial Mode": "Partial",
            "Parent Relationship": "Outer",
            "Parallel Aware": false,
            "Startup Cost": 16995.75,
            "Total Cost": 16995.76,
            "Plan Rows": 1,
            "Plan Width": 8,
            "Actual Startup Time": 19.774,
            "Actual Total Time": 19.776,
            "Actual Rows": 1,
            "Actual Loops": 2,
            "Plans": [
              {
                "Node Type": "Nested Loop",
                "Parent Relationship": "Outer",
                "Parallel Aware": false,
                "Join Type": "Inner",
                "Startup Cost": 79.38,
                "Total Cost": 16995.73,
                "Plan Rows": 9,
                "Plan Width": 0,
                "Actual Startup Time": 16.981,
                "Actual Total Time": 19.769,
                "Actual Rows": 1,
                "Actual Loops": 2,
                "Inner Unique": true,
                "Plans": [
                  {
                    "Node Type": "Bitmap Heap Scan",
                    "Parent Relationship": "Outer",
                    "Parallel Aware": true,
                    "Relation Name": "movie_companies",
                    "Alias": "mc",
                    "Startup Cost": 78.95,
                    "Total Cost": 8915.76,
                    "Plan Rows": 1008,
                    "Plan Width": 4,
                    "Actual Startup Time": 1.116,
                    "Actual Total Time": 3.018,
                    "Actual Rows": 1998,
                    "Actual Loops": 2,
                    "Recheck Cond": "(company_id = 150)",
                    "Rows Removed by Index Recheck": 0,
                    "Filter": "(company_type_id = 1)",
                    "Rows Removed by Filter": 0,
                    "Exact Heap Blocks": 300,
                    "Lossy Heap Blocks": 0,
                    "Plans": [
                      {
                        "Node Type": "Bitmap Index Scan",
                        "Parent Relationship": "Outer",
                        "Parallel Aware": false,
                        "Index Name": "company_id_movie_companies",
                        "Startup Cost": 0.0,
                        "Total Cost": 78.52,
                        "Plan Rows": 3479,
                        "Plan Width": 0,
                        "Actual Startup Time": 1.932,
                        "Actual Total Time": 1.933,
                        "Actual Rows": 3996,
                        "Actual Loops": 1,
                        "Index Cond": "(company_id = 150)"
                      }
                    ]
                  },
                  {
                    "Node Type": "Index Scan",
                    "Parent Relationship": "Inner",
                    "Parallel Aware": false,
                    "Scan Direction": "Forward",
                    "Index Name": "title_pkey",
                    "Relation Name": "title",
                    "Alias": "t",
                    "Startup Cost": 0.43,
                    "Total Cost": 8.02,
                    "Plan Rows": 1,
                    "Plan Width": 4,
                    "Actual Startup Time": 0.008,
                    "Actual Total Time": 0.008,
                    "Actual Rows": 0,
                    "Actual Loops": 3995,
                    "Index Cond": "(id = mc.movie_id)",
                    "Rows Removed by Index Recheck": 0,
                    "Filter": "((kind_id < 4) AND (production_year = 2013))",
                    "Rows Removed by Filter": 1
                  }
                ]
              }
            ]
          }
        ]
      }
    ]
  },
  "Planning Time": 0.51,
  "Triggers": [],
  "Execution Time": 28.57
}