[
  {
    "Plan": {
      "Node Type": "Aggregate",
      "Strategy": "Plain",
      "Partial Mode": "Finalize",
      "Parallel Aware": false,
      "Startup Cost": 63907.32,
      "Total Cost": 63907.33,
      "Plan Rows": 1,
      "Plan Width": 8,
      "Actual Startup Time": 302.404,
      "Actual Total Time": 315.607,
      "Actual Rows": 1,
      "Actual Loops": 1,
      "Plans": [
        {
          "Node Type": "Gather",
          "Parent Relationship": "Outer",
          "Parallel Aware": false,
          "Startup Cost": 63907.11,
          "Total Cost": 63907.32,
          "Plan Rows": 2,
          "Plan Width": 8,
          "Actual Startup Time": 300.694,
          "Actual Total Time": 315.597,
          "Actual Rows": 3,
          "Actual Loops": 1,
          "Workers Planned": 2,
          "Workers Launched": 2,
          "Single Copy": false,
          "Plans": [
            {
              "Node Type": "Aggregate",
              "Strategy": "Plain",
              "Partial Mode": "Partial",
              "Parent Relationship": "Outer",
              "Parallel Aware": false,
              "Startup Cost": 62907.11,
              "Total Cost": 62907.12,
              "Plan Rows": 1,
              "Plan Width": 8,
              "Actual Startup Time": 293.292,
              "Actual Total Time": 293.3,
              "Actual Rows": 1,
              "Actual Loops": 3,
              "Plans": [
                {
                  "Node Type": "Hash Join",
                  "Parent Relationship": "Outer",
                  "Parallel Aware": true,
                  "Join Type": "Inner",
                  "Startup Cost": 47177.32,
                  "Total Cost": 62803.95,
                  "Plan Rows": 41264,
                  "Plan Width": 0,
                  "Actual Startup Time": 231.818,
                  "Actual Total Time": 290.559,
                  "Actual Rows": 50905,
                  "Actual Loops": 3,
                  "Inner Unique": true,
                  "Hash Cond": "(mi_idx.movie_id = t.id)",
                  "Plans": [
                    {
                      "Node Type": "Seq Scan",
                      "Parent Relationship": "Outer",
                      "Parallel Aware": true,
                      "Relation Name": "movie_info_idx",
                      "Alias": "mi_idx",
                      "Startup Cost": 0.0,
                      "Total Cost": 15122.68,
                      "Plan Rows": 191978,
                      "Plan Width": 4,
                      "Actual Startup Time": 0.026,
                      "Actual Total Time": 46.713,
                      "Actual Rows": 153308,
                      "Actual Loops": 3,
                      "Filter": "(info_type_id = 101)",
                      "Rows Removed by Filter": 306703
                    },
                    {
                      "Node Type": "Hash",
                      "Parent Relationship": "Inner",
                      "Parallel Aware": true,
                      "Startup Cost": 45479.1,
                      "Total Cost": 45479.1,
                      "Plan Rows": 135858,
                      "Plan Width": 4,
                      "Actual Startup Time": 190.888,
                      "Actual Total Time": 190.892,
                      "Actual Rows": 140221,
                      "Actual Loops": 3,
                      "Hash Buckets": 1048576,
                      "Original Hash Buckets": 1048576,
                      "Hash Batches": 1,
                      "Original Hash Batches": 1,
                      "Peak Memory Usage": 24704,
                      "Plans": [
                        {
                          "Node Type": "Seq Scan",
                          "Parent Relationship": "Outer",
                          "Parallel Aware": true,
                          "Relation Name": "title",
                          "Alias": "t",
                          "Startup Cost": 0.0,
                          "Total Cost": 45479.1,
                          "Plan Rows": 135858,
                          "Plan Width": 4,
                          "Actual Startup Time": 51.424,
                          "Actual Total Time": 135.232,
                          "Actual Rows": 140221,
                          "Actual Loops": 3,
                          "Filter": "((production_year > 1971) AND (kind_id = 1))",
                          "Rows Removed by Filter": 702549
                        }
                      ]
                    }
                  ]
                }
              ]
            }
          ]
        }
      ]
    },
    "Planning Time": 0.619,
    "Triggers": [],
    "Execution Time": 315.676
  }
]