[
  {
    "Plan": {
      "Node Type": "Aggregate",
      "Strategy": "Plain",
      "Partial Mode": "Finalize",
      "Parallel Aware": false,
      "Startup Cost": 54492.62,
      "Total Cost": 54492.63,
      "Plan Rows": 1,
      "Plan Width": 8,
      "Actual Startup Time": 147.332,
      "Actual Total Time": 158.847,
      "Actual Rows": 1,
      "Actual Loops": 1,
      "Plans": [
        {
          "Node Type": "Gather",
          "Parent Relationship": "Outer",
          "Parallel Aware": false,
          "Startup Cost": 54492.4,
          "Total Cost": 54492.61,
          "Plan Rows": 2,
          "Plan Width": 8,
          "Actual Startup Time": 146.832,
          "Actual Total Time": 158.838,
          "Actual Rows": 3,
          "Actual Loops": 1,
          "Workers Planned": 2,
          "Workers Launched": 2,
          "Single Copy": false,
          "Plans": [
            {
              "Node Type": "Aggregate",
              "Strategy": "Plain",
              "Partial Mode": "Partial",
              "Parent Relationship": "Outer",
              "Parallel Aware": false,
              "Startup Cost": 53492.4,
              "Total Cost": 53492.41,
              "Plan Rows": 1,
              "Plan Width": 8,
              "Actual Startup Time": 139.018,
              "Actual Total Time": 139.022,
              "Actual Rows": 1,
              "Actual Loops": 3,
              "Plans": [
                {
                  "Node Type": "Hash Join",
                  "Parent Relationship": "Outer",
                  "Parallel Aware": true,
                  "Join Type": "Inner",
                  "Startup Cost": 38262.39,
                  "Total Cost": 53456.95,
                  "Plan Rows": 14180,
                  "Plan Width": 0,
                  "Actual Startup Time": 57.759,
                  "Actual Total Time": 137.943,
                  "Actual Rows": 25966,
                  "Actual Loops": 3,
                  "Inner Unique": true,
                  "Hash Cond": "(mi_idx.movie_id = t.id)",
                  "Plans": [
                    {
                      "Node Type": "Seq Scan",
                      "Parent Relationship": "Outer",
                      "Parallel Aware": true,
                      "Relation Name": "movie_info_idx",
                      "Alias": "mi_idx",
                      "Startup Cost": 0.0,
                      "Total Cost": 13685.15,
                      "Plan Rows": 575015,
                      "Plan Width": 4,
                      "Actual Startup Time": 0.013,
                      "Actual Total Time": 37.947,
                      "Actual Rows": 460012,
                      "Actual Loops": 3
                    },
                    {
                      "Node Type": "Hash",
                      "Parent Relationship": "Inner",
                      "Parallel Aware": true,
                      "Startup Cost": 38067.54,
                      "Total Cost": 38067.54,
                      "Plan Rows": 15588,
                      "Plan Width": 4,
                      "Actual Startup Time": 57.185,
                      "Actual Total Time": 57.186,
                      "Actual Rows": 20315,
                      "Actual Loops": 3,
                      "Hash Buckets": 65536,
                      "Original Hash Buckets": 65536,
                      "Hash Batches": 1,
                      "Original Hash Batches": 1,
                      "Peak Memory Usage": 2944,
                      "Plans": [
                        {
                          "Node Type": "Bitmap Heap Scan",
                          "Parent Relationship": "Outer",
                          "Parallel Aware": true,
                          "Relation Name": "title",
                          "Alias": "t",
                          "Startup Cost": 1713.04,
                          "Total Cost": 38067.54,
                          "Plan Rows": 15588,
                          "Plan Width": 4,
                          "Actual Startup Time": 6.312,
                          "Actual Total Time": 51.407,
                          "Actual Rows": 20315,
                          "Actual Loops": 3,
                          "Recheck Cond": "(kind_id = 2)",
                          "Rows Removed by Index Recheck": 0,
                          "Filter": "(production_year > 1994)",
                          "Rows Removed by Filter": 9969,
                          "Exact Heap Blocks": 15642,
                          "Lossy Heap Blocks": 0,
                          "Plans": [
                            {
                              "Node Type": "Bitmap Index Scan",
                              "Parent Relationship": "Outer",
                              "Parallel Aware": false,
                              "Index Name": "kind_id_title",
                              "Startup Cost": 0.0,
                              "Total Cost": 1697.45,
                              "Plan Rows": 95069,
                              "Plan Width": 0,
                              "Actual Startup Time": 9.903,
                              "Actual Total Time": 9.904,
                              "Actual Rows": 90852,
                              "Actual Loops": 1,
                              "Index Cond": "(kind_id = 2)"
                            }
                          ]
                        }
                      ]
                    }
                  ]
                }
              ]
            }
          ]
        }
      ]
    },
    "Planning Time": 0.232,
    "Triggers": [],
    "Execution Time": 158.891
  }
]