[
  {
    "Plan": {
      "Node Type": "Aggregate",
      "Strategy": "Plain",
      "Partial Mode": "Finalize",
      "Parallel Aware": false,
      "Startup Cost": 54382.67,
      "Total Cost": 54382.68,
      "Plan Rows": 1,
      "Plan Width": 8,
      "Actual Startup Time": 163.798,
      "Actual Total Time": 173.342,
      "Actual Rows": 1,
      "Actual Loops": 1,
      "Plans": [
        {
          "Node Type": "Gather",
          "Parent Relationship": "Outer",
          "Parallel Aware": false,
          "Startup Cost": 54382.45,
          "Total Cost": 54382.66,
          "Plan Rows": 2,
          "Plan Width": 8,
          "Actual Startup Time": 163.327,
          "Actual Total Time": 173.325,
          "Actual Rows": 3,
          "Actual Loops": 1,
          "Workers Planned": 2,
          "Workers Launched": 2,
          "Single Copy": false,
          "Plans": [
            {
              "Node Type": "Aggregate",
              "Strategy": "Plain",
              "Partial Mode": "Partial",
              "Parent Relationship": "Outer",
              "Parallel Aware": false,
              "Startup Cost": 53382.45,
              "Total Cost": 53382.46,
              "Plan Rows": 1,
              "Plan Width": 8,
              "Actual Startup Time": 155.512,
              "Actual Total Time": 155.515,
              "Actual Rows": 1,
              "Actual Loops": 3,
              "Plans": [
                {
                  "Node Type": "Hash Join",
                  "Parent Relationship": "Outer",
                  "Parallel Aware": true,
                  "Join Type": "Inner",
                  "Startup Cost": 38154.26,
                  "Total Cost": 53348.82,
                  "Plan Rows": 13455,
                  "Plan Width": 0,
                  "Actual Startup Time": 77.313,
                  "Actual Total Time": 154.48,
                  "Actual Rows": 25966,
                  "Actual Loops": 3,
                  "Inner Unique": true,
                  "Hash Cond": "(mi_idx.movie_id = t.id)",
                  "Plans": [
                    {
                      "Node Type": "Seq Scan",
                      "Parent Relationship": "Outer",
                      "Parallel Aware": true,
                      "Relation Name": "movie_info_idx",
                      "Alias": "mi_idx",
                      "Startup Cost": 0.0,
                      "Total Cost": 13685.15,
                      "Plan Rows": 575015,
                      "Plan Width": 4,
                      "Actual Startup Time": 0.021,
                      "Actual Total Time": 35.16,
                      "Actual Rows": 460012,
                      "Actual Loops": 3
                    },
                    {
                      "Node Type": "Hash",
                      "Parent Relationship": "Inner",
                      "Parallel Aware": true,
                      "Startup Cost": 37969.38,
                      "Total Cost": 37969.38,
                      "Plan Rows": 14790,
                      "Plan Width": 4,
                      "Actual Startup Time": 76.209,
                      "Actual Total Time": 76.211,
                      "Actual Rows": 20315,
                      "Actual Loops": 3,
                      "Hash Buckets": 65536,
                      "Original Hash Buckets": 65536,
                      "Hash Batches": 1,
                      "Original Hash Batches": 1,
                      "Peak Memory Usage": 2944,
                      "Plans": [
                        {
                          "Node Type": "Bitmap Heap Scan",
                          "Parent Relationship": "Outer",
                          "Parallel Aware": true,
                          "Relation Name": "title",
                          "Alias": "t",
                          "Startup Cost": 1631.33,
                          "Total Cost": 37969.38,
                          "Plan Rows": 14790,
                          "Plan Width": 4,
                          "Actual Startup Time": 21.35,
                          "Actual Total Time": 69.871,
                          "Actual Rows": 20315,
                          "Actual Loops": 3,
                          "Recheck Cond": "(kind_id = 2)",
                          "Rows Removed by Index Recheck": 0,
                          "Filter": "(production_year > 1994)",
                          "Rows Removed by Filter": 9969,
                          "Exact Heap Blocks": 16737,
                          "Lossy Heap Blocks": 0,
                          "Plans": [
                            {
                              "Node Type": "Bitmap Index Scan",
                              "Parent Relationship": "Outer",
                              "Parallel Aware": false,
                              "Index Name": "kind_id_title",
                              "Startup Cost": 0.0,
                              "Total Cost": 1616.54,
                              "Plan Rows": 90681,
                              "Plan Width": 0,
                              "Actual Startup Time": 19.46,
                              "Actual Total Time": 19.461,
                              "Actual Rows": 90852,
                              "Actual Loops": 1,
                              "Index Cond": "(kind_id = 2)"
                            }
                          ]
                        }
                      ]
                    }
                  ]
                }
              ]
            }
          ]
        }
      ]
    },
    "Planning Time": 0.599,
    "Triggers": [],
    "Execution Time": 173.432
  }
]