[
  {
    "Plan": {
      "Node Type": "Aggregate",
      "Strategy": "Plain",
      "Partial Mode": "Finalize",
      "Parallel Aware": false,
      "Startup Cost": 44155.17,
      "Total Cost": 44155.18,
      "Plan Rows": 1,
      "Plan Width": 8,
      "Actual Startup Time": 35.169,
      "Actual Total Time": 38.701,
      "Actual Rows": 1,
      "Actual Loops": 1,
      "Plans": [
        {
          "Node Type": "Gather",
          "Parent Relationship": "Outer",
          "Parallel Aware": false,
          "Startup Cost": 44154.96,
          "Total Cost": 44155.17,
          "Plan Rows": 2,
          "Plan Width": 8,
          "Actual Startup Time": 35.034,
          "Actual Total Time": 38.695,
          "Actual Rows": 3,
          "Actual Loops": 1,
          "Workers Planned": 2,
          "Workers Launched": 2,
          "Single Copy": false,
          "Plans": [
            {
              "Node Type": "Aggregate",
              "Strategy": "Plain",
              "Partial Mode": "Partial",
              "Parent Relationship": "Outer",
              "Parallel Aware": false,
              "Startup Cost": 43154.96,
              "Total Cost": 43154.97,
              "Plan Rows": 1,
              "Plan Width": 8,
              "Actual Startup Time": 27.191,
              "Actual Total Time": 27.193,
              "Actual Rows": 1,
              "Actual Loops": 3,
              "Plans": [
                {
                  "Node Type": "Nested Loop",
                  "Parent Relationship": "Outer",
                  "Parallel Aware": false,
                  "Join Type": "Inner",
                  "Startup Cost": 126.33,
                  "Total Cost": 43149.86,
                  "Plan Rows": 2038,
                  "Plan Width": 0,
                  "Actual Startup Time": 1.426,
                  "Actual Total Time": 26.745,
                  "Actual Rows": 2189,
                  "Actual Loops": 3,
                  "Inner Unique": true,
                  "Plans": [
                    {
                      "Node Type": "Bitmap Heap Scan",
                      "Parent Relationship": "Outer",
                      "Parallel Aware": true,
                      "Relation Name": "movie_info",
                      "Alias": "mi",
                      "Startup Cost": 125.9,
                      "Total Cost": 23046.72,
                      "Plan Rows": 2875,
                      "Plan Width": 4,
                      "Actual Startup Time": 1.238,
                      "Actual Total Time": 5.096,
                      "Actual Rows": 2190,
                      "Actual Loops": 3,
                      "Recheck Cond": "(info_type_id = 78)",
                      "Rows Removed by Index Recheck": 0,
                      "Exact Heap Blocks": 964,
                      "Lossy Heap Blocks": 0,
                      "Plans": [
                        {
                          "Node Type": "Bitmap Index Scan",
                          "Parent Relationship": "Outer",
                          "Parallel Aware": false,
                          "Index Name": "info_type_id_movie_info",
                          "Startup Cost": 0.0,
                          "Total Cost": 124.18,
                          "Plan Rows": 6899,
                          "Plan Width": 0,
                          "Actual Startup Time": 2.805,
                          "Actual Total Time": 2.805,
                          "Actual Rows": 6569,
                          "Actual Loops": 1,
                          "Index Cond": "(info_type_id = 78)"
                        }
                      ]
                    },
                    {
                      "Node Type": "Index Scan",
                      "Parent Relationship": "Inner",
                      "Parallel Aware": false,
                      "Scan Direction": "Forward",
                      "Index Name": "title_pkey",
                      "Relation Name": "title",
                      "Alias": "t",
                      "Startup Cost": 0.43,
                      "Total Cost": 6.99,
                      "Plan Rows": 1,
                      "Plan Width": 4,
                      "Actual Startup Time": 0.009,
                      "Actual Total Time": 0.009,
                      "Actual Rows": 1,
                      "Actual Loops": 6569,
                      "Index Cond": "(id = mi.movie_id)",
                      "Rows Removed by Index Recheck": 0,
                      "Filter": "(production_year < 2009)",
                      "Rows Removed by Filter": 0
                    }
                  ]
                }
              ]
            }
          ]
        }
      ]
    },
    "Planning Time": 0.633,
    "Triggers": [],
    "Execution Time": 38.787
  }
]