[
    {
        "Bao": {
            "Bao prediction": "NaN",
            "Bao recommended hint": "(no hint)"
        }
    },
    {
        "Plan": {
            "Node Type": "Aggregate",
            "Strategy": "Plain",
            "Partial Mode": "Finalize",
            "Parallel Aware": false,
            "Startup Cost": 410603.71,
            "Total Cost": 410603.72,
            "Plan Rows": 1,
            "Plan Width": 8,
            "Actual Startup Time": 2405.448,
            "Actual Total Time": 2440.255,
            "Actual Rows": 1,
            "Actual Loops": 1,
            "Output": [
                "count(*)"
            ],
            "Plans": [
                {
                    "Node Type": "Gather",
                    "Parent Relationship": "Outer",
                    "Parallel Aware": false,
                    "Startup Cost": 410603.09,
                    "Total Cost": 410603.7,
                    "Plan Rows": 6,
                    "Plan Width": 8,
                    "Actual Startup Time": 2384.857,
                    "Actual Total Time": 2440.221,
                    "Actual Rows": 7,
                    "Actual Loops": 1,
                    "Output": [
                        "(PARTIAL count(*))"
                    ],
                    "Workers Planned": 6,
                    "Workers Launched": 6,
                    "Single Copy": false,
                    "Plans": [
                        {
                            "Node Type": "Aggregate",
                            "Strategy": "Plain",
                            "Partial Mode": "Partial",
                            "Parent Relationship": "Outer",
                            "Parallel Aware": false,
                            "Startup Cost": 409603.09,
                            "Total Cost": 409603.1,
                            "Plan Rows": 1,
                            "Plan Width": 8,
                            "Actual Startup Time": 2360.873,
                            "Actual Total Time": 2360.877,
                            "Actual Rows": 1,
                            "Actual Loops": 7,
                            "Output": [
                                "PARTIAL count(*)"
                            ],
                            "Workers": [
                                {
                                    "Worker Number": 0,
                                    "Actual Startup Time": 2356.264,
                                    "Actual Total Time": 2356.266,
                                    "Actual Rows": 1,
                                    "Actual Loops": 1
                                },
                                {
                                    "Worker Number": 1,
                                    "Actual Startup Time": 2356.539,
                                    "Actual Total Time": 2356.542,
                                    "Actual Rows": 1,
                                    "Actual Loops": 1
                                },
                                {
                                    "Worker Number": 2,
                                    "Actual Startup Time": 2356.701,
                                    "Actual Total Time": 2356.704,
                                    "Actual Rows": 1,
                                    "Actual Loops": 1
                                },
                                {
                                    "Worker Number": 3,
                                    "Actual Startup Time": 2356.775,
                                    "Actual Total Time": 2356.777,
                                    "Actual Rows": 1,
                                    "Actual Loops": 1
                                },
                                {
                                    "Worker Number": 4,
                                    "Actual Startup Time": 2357.064,
                                    "Actual Total Time": 2357.067,
                                    "Actual Rows": 1,
                                    "Actual Loops": 1
                                },
                                {
                                    "Worker Number": 5,
                                    "Actual Startup Time": 2358.732,
                                    "Actual Total Time": 2358.735,
                                    "Actual Rows": 1,
                                    "Actual Loops": 1
                                }
                            ],
                            "Plans": [
                                {
                                    "Node Type": "Hash Join",
                                    "Parent Relationship": "Outer",
                                    "Parallel Aware": true,
                                    "Join Type": "Inner",
                                    "Startup Cost": 50587.11,
                                    "Total Cost": 402596.8,
                                    "Plan Rows": 2802516,
                                    "Plan Width": 0,
                                    "Actual Startup Time": 552.207,
                                    "Actual Total Time": 2213.053,
                                    "Actual Rows": 2349321,
                                    "Actual Loops": 7,
                                    "Inner Unique": true,
                                    "Hash Cond": "(ci.movie_id = t.id)",
                                    "Workers": [
                                        {
                                            "Worker Number": 0,
                                            "Actual Startup Time": 547.827,
                                            "Actual Total Time": 2208.885,
                                            "Actual Rows": 2328555,
                                            "Actual Loops": 1
                                        },
                                        {
                                            "Worker Number": 1,
                                            "Actual Startup Time": 548.141,
                                            "Actual Total Time": 2206.013,
                                            "Actual Rows": 2283890,
                                            "Actual Loops": 1
                                        },
                                        {
                                            "Worker Number": 2,
                                            "Actual Startup Time": 548.295,
                                            "Actual Total Time": 2204.973,
                                            "Actual Rows": 2284389,
                                            "Actual Loops": 1
                                        },
                                        {
                                            "Worker Number": 3,
                                            "Actual Startup Time": 548.332,
                                            "Actual Total Time": 2225.308,
                                            "Actual Rows": 2962257,
                                            "Actual Loops": 1
                                        },
                                        {
                                            "Worker Number": 4,
                                            "Actual Startup Time": 548.613,
                                            "Actual Total Time": 2203.96,
                                            "Actual Rows": 2134893,
                                            "Actual Loops": 1
                                        },
                                        {
                                            "Worker Number": 5,
                                            "Actual Startup Time": 548.64,
                                            "Actual Total Time": 2205.645,
                                            "Actual Rows": 2133513,
                                            "Actual Loops": 1
                                        }
                                    ],
                                    "Plans": [
                                        {
                                            "Node Type": "Seq Scan",
                                            "Parent Relationship": "Outer",
                                            "Parallel Aware": true,
                                            "Relation Name": "cast_info",
                                            "Schema": "public",
                                            "Alias": "ci",
                                            "Startup Cost": 0.0,
                                            "Total Cost": 343318.94,
                                            "Plan Rows": 3310759,
                                            "Plan Width": 4,
                                            "Actual Startup Time": 257.269,
                                            "Actual Total Time": 808.244,
                                            "Actual Rows": 2573948,
                                            "Actual Loops": 7,
                                            "Output": [
                                                "ci.id",
                                                "ci.person_id",
                                                "ci.movie_id",
                                                "ci.person_role_id",
                                                "ci.note",
                                                "ci.nr_order",
                                                "ci.role_id"
                                            ],
                                            "Filter": "((ci.person_id < 3097527) AND (ci.role_id > 1))",
                                            "Rows Removed by Filter": 2603815,
                                            "Workers": [
                                                {
                                                    "Worker Number": 0,
                                                    "Actual Startup Time": 257.35,
                                                    "Actual Total Time": 807.014,
                                                    "Actual Rows": 2550491,
                                                    "Actual Loops": 1
                                                },
                                                {
                                                    "Worker Number": 1,
                                                    "Actual Startup Time": 257.188,
                                                    "Actual Total Time": 824.408,
                                                    "Actual Rows": 2500890,
                                                    "Actual Loops": 1
                                                },
                                                {
                                                    "Worker Number": 2,
                                                    "Actual Startup Time": 257.2,
                                                    "Actual Total Time": 826.704,
                                                    "Actual Rows": 2497142,
                                                    "Actual Loops": 1
                                                },
                                                {
                                                    "Worker Number": 3,
                                                    "Actual Startup Time": 257.206,
                                                    "Actual Total Time": 771.309,
                                                    "Actual Rows": 3246116,
                                                    "Actual Loops": 1
                                                },
                                                {
                                                    "Worker Number": 4,
                                                    "Actual Startup Time": 257.257,
                                                    "Actual Total Time": 825.305,
                                                    "Actual Rows": 2341917,
                                                    "Actual Loops": 1
                                                },
                                                {
                                                    "Worker Number": 5,
                                                    "Actual Startup Time": 257.349,
                                                    "Actual Total Time": 828.197,
                                                    "Actual Rows": 2339754,
                                                    "Actual Loops": 1
                                                }
                                            ]
                                        },
                                        {
                                            "Node Type": "Hash",
                                            "Parent Relationship": "Inner",
                                            "Parallel Aware": true,
                                            "Startup Cost": 43899.01,
                                            "Total Cost": 43899.01,
                                            "Plan Rows": 535048,
                                            "Plan Width": 4,
                                            "Actual Startup Time": 287.0,
                                            "Actual Total Time": 287.001,
                                            "Actual Rows": 306669,
                                            "Actual Loops": 7,
                                            "Output": [
                                                "t.id"
                                            ],
                                            "Hash Buckets": 4194304,
                                            "Original Hash Buckets": 4194304,
                                            "Hash Batches": 1,
                                            "Original Hash Batches": 1,
                                            "Peak Memory Usage": 116864,
                                            "Workers": [
                                                {
                                                    "Worker Number": 0,
                                                    "Actual Startup Time": 289.686,
                                                    "Actual Total Time": 289.687,
                                                    "Actual Rows": 274740,
                                                    "Actual Loops": 1
                                                },
                                                {
                                                    "Worker Number": 1,
                                                    "Actual Startup Time": 290.032,
                                                    "Actual Total Time": 290.033,
                                                    "Actual Rows": 287221,
                                                    "Actual Loops": 1
                                                },
                                                {
                                                    "Worker Number": 2,
                                                    "Actual Startup Time": 290.144,
                                                    "Actual Total Time": 290.145,
                                                    "Actual Rows": 288875,
                                                    "Actual Loops": 1
                                                },
                                                {
                                                    "Worker Number": 3,
                                                    "Actual Startup Time": 290.19,
                                                    "Actual Total Time": 290.191,
                                                    "Actual Rows": 382180,
                                                    "Actual Loops": 1
                                                },
                                                {
                                                    "Worker Number": 4,
                                                    "Actual Startup Time": 290.424,
                                                    "Actual Total Time": 290.425,
                                                    "Actual Rows": 271468,
                                                    "Actual Loops": 1
                                                },
                                                {
                                                    "Worker Number": 5,
                                                    "Actual Startup Time": 290.462,
                                                    "Actual Total Time": 290.463,
                                                    "Actual Rows": 271673,
                                                    "Actual Loops": 1
                                                }
                                            ],
                                            "Plans": [
                                                {
                                                    "Node Type": "Seq Scan",
                                                    "Parent Relationship": "Outer",
                                                    "Parallel Aware": true,
                                                    "Relation Name": "title",
                                                    "Schema": "public",
                                                    "Alias": "t",
                                                    "Startup Cost": 0.0,
                                                    "Total Cost": 43899.01,
                                                    "Plan Rows": 535048,
                                                    "Plan Width": 4,
                                                    "Actual Startup Time": 0.059,
                                                    "Actual Total Time": 96.979,
                                                    "Actual Rows": 306669,
                                                    "Actual Loops": 7,
                                                    "Output": [
                                                        "t.id"
                                                    ],
                                                    "Filter": "(t.production_year > 1965)",
                                                    "Rows Removed by Filter": 54518,
                                                    "Workers": [
                                                        {
                                                            "Worker Number": 0,
                                                            "Actual Startup Time": 0.045,
                                                            "Actual Total Time": 99.299,
                                                            "Actual Rows": 274740,
                                                            "Actual Loops": 1
                                                        },
                                                        {
                                                            "Worker Number": 1,
                                                            "Actual Startup Time": 0.071,
                                                            "Actual Total Time": 101.486,
                                                            "Actual Rows": 287221,
                                                            "Actual Loops": 1
                                                        },
                                                        {
                                                            "Worker Number": 2,
                                                            "Actual Startup Time": 0.065,
                                                            "Actual Total Time": 102.636,
                                                            "Actual Rows": 288875,
                                                            "Actual Loops": 1
                                                        },
                                                        {
                                                            "Worker Number": 3,
                                                            "Actual Startup Time": 0.071,
                                                            "Actual Total Time": 93.702,
                                                            "Actual Rows": 382180,
                                                            "Actual Loops": 1
                                                        },
                                                        {
                                                            "Worker Number": 4,
                                                            "Actual Startup Time": 0.069,
                                                            "Actual Total Time": 97.864,
                                                            "Actual Rows": 271468,
                                                            "Actual Loops": 1
                                                        },
                                                        {
                                                            "Worker Number": 5,
                                                            "Actual Startup Time": 0.074,
                                                            "Actual Total Time": 98.281,
                                                            "Actual Rows": 271673,
                                                            "Actual Loops": 1
                                                        }
                                                    ]
                                                }
                                            ]
                                        }
                                    ]
                                }
                            ]
                        }
                    ]
                }
            ]
        },
        "Planning Time": 288.742,
        "Triggers": [],
        "Execution Time": 2440.384
    }
]