[
  {
    "Plan": {
      "Node Type": "Aggregate",
      "Strategy": "Plain",
      "Partial Mode": "Finalize",
      "Parallel Aware": false,
      "Startup Cost": 46646.39,
      "Total Cost": 46646.4,
      "Plan Rows": 1,
      "Plan Width": 8,
      "Actual Startup Time": 91.637,
      "Actual Total Time": 102.608,
      "Actual Rows": 1,
      "Actual Loops": 1,
      "Plans": [
        {
          "Node Type": "Gather",
          "Parent Relationship": "Outer",
          "Parallel Aware": false,
          "Startup Cost": 46645.97,
          "Total Cost": 46646.38,
          "Plan Rows": 4,
          "Plan Width": 8,
          "Actual Startup Time": 91.518,
          "Actual Total Time": 102.599,
          "Actual Rows": 5,
          "Actual Loops": 1,
          "Workers Planned": 4,
          "Workers Launched": 4,
          "Single Copy": false,
          "Plans": [
            {
              "Node Type": "Aggregate",
              "Strategy": "Plain",
              "Partial Mode": "Partial",
              "Parent Relationship": "Outer",
              "Parallel Aware": false,
              "Startup Cost": 45645.97,
              "Total Cost": 45645.98,
              "Plan Rows": 1,
              "Plan Width": 8,
              "Actual Startup Time": 84.94,
              "Actual Total Time": 84.941,
              "Actual Rows": 1,
              "Actual Loops": 5,
              "Plans": [
                {
                  "Node Type": "Seq Scan",
                  "Parent Relationship": "Outer",
                  "Parallel Aware": true,
                  "Relation Name": "title",
                  "Alias": "t",
                  "Startup Cost": 0.0,
                  "Total Cost": 45479.1,
                  "Plan Rows": 66749,
                  "Plan Width": 0,
                  "Actual Startup Time": 50.247,
                  "Actual Total Time": 81.822,
                  "Actual Rows": 74839,
                  "Actual Loops": 5,
                  "Filter": "((kind_id < 2) AND (production_year < 2000))",
                  "Rows Removed by Filter": 430823
                }
              ]
            }
          ]
        }
      ]
    },
    "Planning Time": 0.15,
    "Triggers": [],
    "Execution Time": 102.659
  }
]