[
    {
        "Bao": {
            "Bao prediction": "NaN",
            "Bao recommended hint": "(no hint)"
        }
    },
    {
        "Plan": {
            "Node Type": "Aggregate",
            "Strategy": "Plain",
            "Partial Mode": "Finalize",
            "Parallel Aware": false,
            "Startup Cost": 239414.96,
            "Total Cost": 239414.97,
            "Plan Rows": 1,
            "Plan Width": 8,
            "Actual Startup Time": 1256.965,
            "Actual Total Time": 1304.045,
            "Actual Rows": 1,
            "Actual Loops": 1,
            "Output": [
                "count(*)"
            ],
            "Plans": [
                {
                    "Node Type": "Gather",
                    "Parent Relationship": "Outer",
                    "Parallel Aware": false,
                    "Startup Cost": 239414.44,
                    "Total Cost": 239414.95,
                    "Plan Rows": 5,
                    "Plan Width": 8,
                    "Actual Startup Time": 1254.283,
                    "Actual Total Time": 1304.034,
                    "Actual Rows": 6,
                    "Actual Loops": 1,
                    "Output": [
                        "(PARTIAL count(*))"
                    ],
                    "Workers Planned": 5,
                    "Workers Launched": 5,
                    "Single Copy": false,
                    "Plans": [
                        {
                            "Node Type": "Aggregate",
                            "Strategy": "Plain",
                            "Partial Mode": "Partial",
                            "Parent Relationship": "Outer",
                            "Parallel Aware": false,
                            "Startup Cost": 238414.44,
                            "Total Cost": 238414.45,
                            "Plan Rows": 1,
                            "Plan Width": 8,
                            "Actual Startup Time": 1243.885,
                            "Actual Total Time": 1243.887,
                            "Actual Rows": 1,
                            "Actual Loops": 6,
                            "Output": [
                                "PARTIAL count(*)"
                            ],
                            "Workers": [
                                {
                                    "Worker Number": 0,
                                    "Actual Startup Time": 1241.666,
                                    "Actual Total Time": 1241.67,
                                    "Actual Rows": 1,
                                    "Actual Loops": 1
                                },
                                {
                                    "Worker Number": 1,
                                    "Actual Startup Time": 1241.174,
                                    "Actual Total Time": 1241.177,
                                    "Actual Rows": 1,
                                    "Actual Loops": 1
                                },
                                {
                                    "Worker Number": 2,
                                    "Actual Startup Time": 1241.629,
                                    "Actual Total Time": 1241.632,
                                    "Actual Rows": 1,
                                    "Actual Loops": 1
                                },
                                {
                                    "Worker Number": 3,
                                    "Actual Startup Time": 1241.62,
                                    "Actual Total Time": 1241.623,
                                    "Actual Rows": 1,
                                    "Actual Loops": 1
                                },
                                {
                                    "Worker Number": 4,
                                    "Actual Startup Time": 1243.562,
                                    "Actual Total Time": 1243.565,
                                    "Actual Rows": 1,
                                    "Actual Loops": 1
                                }
                            ],
                            "Plans": [
                                {
                                    "Node Type": "Nested Loop",
                                    "Parent Relationship": "Outer",
                                    "Parallel Aware": false,
                                    "Join Type": "Inner",
                                    "Startup Cost": 96970.88,
                                    "Total Cost": 237203.55,
                                    "Plan Rows": 484353,
                                    "Plan Width": 0,
                                    "Actual Startup Time": 287.571,
                                    "Actual Total Time": 1201.855,
                                    "Actual Rows": 914568,
                                    "Actual Loops": 6,
                                    "Inner Unique": false,
                                    "Join Filter": "(t.id = ci.movie_id)",
                                    "Rows Removed by Join Filter": 0,
                                    "Workers": [
                                        {
                                            "Worker Number": 0,
                                            "Actual Startup Time": 292.611,
                                            "Actual Total Time": 1199.561,
                                            "Actual Rows": 869089,
                                            "Actual Loops": 1
                                        },
                                        {
                                            "Worker Number": 1,
                                            "Actual Startup Time": 292.814,
                                            "Actual Total Time": 1199.901,
                                            "Actual Rows": 876930,
                                            "Actual Loops": 1
                                        },
                                        {
                                            "Worker Number": 2,
                                            "Actual Startup Time": 292.987,
                                            "Actual Total Time": 1200.097,
                                            "Actual Rows": 881291,
                                            "Actual Loops": 1
                                        },
                                        {
                                            "Worker Number": 3,
                                            "Actual Startup Time": 293.815,
                                            "Actual Total Time": 1199.724,
                                            "Actual Rows": 861080,
                                            "Actual Loops": 1
                                        },
                                        {
                                            "Worker Number": 4,
                                            "Actual Startup Time": 294.305,
                                            "Actual Total Time": 1201.605,
                                            "Actual Rows": 868157,
                                            "Actual Loops": 1
                                        }
                                    ],
                                    "Plans": [
                                        {
                                            "Node Type": "Merge Join",
                                            "Parent Relationship": "Outer",
                                            "Parallel Aware": false,
                                            "Join Type": "Inner",
                                            "Startup Cost": 96970.31,
                                            "Total Cost": 142133.17,
                                            "Plan Rows": 33779,
                                            "Plan Width": 8,
                                            "Actual Startup Time": 287.483,
                                            "Actual Total Time": 421.295,
                                            "Actual Rows": 32549,
                                            "Actual Loops": 6,
                                            "Output": [
                                                "t.id",
                                                "mi_idx.movie_id"
                                            ],
                                            "Inner Unique": true,
                                            "Merge Cond": "(mi_idx.movie_id = t.id)",
                                            "Workers": [
                                                {
                                                    "Worker Number": 0,
                                                    "Actual Startup Time": 292.507,
                                                    "Actual Total Time": 423.741,
                                                    "Actual Rows": 30242,
                                                    "Actual Loops": 1
                                                },
                                                {
                                                    "Worker Number": 1,
                                                    "Actual Startup Time": 292.713,
                                                    "Actual Total Time": 420.059,
                                                    "Actual Rows": 30338,
                                                    "Actual Loops": 1
                                                },
                                                {
                                                    "Worker Number": 2,
                                                    "Actual Startup Time": 292.882,
                                                    "Actual Total Time": 420.479,
                                                    "Actual Rows": 30712,
                                                    "Actual Loops": 1
                                                },
                                                {
                                                    "Worker Number": 3,
                                                    "Actual Startup Time": 293.716,
                                                    "Actual Total Time": 424.334,
                                                    "Actual Rows": 29607,
                                                    "Actual Loops": 1
                                                },
                                                {
                                                    "Worker Number": 4,
                                                    "Actual Startup Time": 294.213,
                                                    "Actual Total Time": 423.747,
                                                    "Actual Rows": 29618,
                                                    "Actual Loops": 1
                                                }
                                            ],
                                            "Plans": [
                                                {
                                                    "Node Type": "Index Only Scan",
                                                    "Parent Relationship": "Outer",
                                                    "Parallel Aware": true,
                                                    "Scan Direction": "Forward",
                                                    "Index Name": "movie_id_movie_info_idx",
                                                    "Relation Name": "movie_info_idx",
                                                    "Schema": "public",
                                                    "Alias": "mi_idx",
                                                    "Startup Cost": 0.43,
                                                    "Total Cost": 42590.53,
                                                    "Plan Rows": 276007,
                                                    "Plan Width": 4,
                                                    "Actual Startup Time": 0.122,
                                                    "Actual Total Time": 56.733,
                                                    "Actual Rows": 230006,
                                                    "Actual Loops": 6,
                                                    "Output": [
                                                        "mi_idx.movie_id"
                                                    ],
                                                    "Heap Fetches": 1380035,
                                                    "Workers": [
                                                        {
                                                            "Worker Number": 0,
                                                            "Actual Startup Time": 0.163,
                                                            "Actual Total Time": 54.296,
                                                            "Actual Rows": 202379,
                                                            "Actual Loops": 1
                                                        },
                                                        {
                                                            "Worker Number": 1,
                                                            "Actual Startup Time": 0.135,
                                                            "Actual Total Time": 52.791,
                                                            "Actual Rows": 204508,
                                                            "Actual Loops": 1
                                                        },
                                                        {
                                                            "Worker Number": 2,
                                                            "Actual Startup Time": 0.133,
                                                            "Actual Total Time": 53.446,
                                                            "Actual Rows": 201707,
                                                            "Actual Loops": 1
                                                        },
                                                        {
                                                            "Worker Number": 3,
                                                            "Actual Startup Time": 0.133,
                                                            "Actual Total Time": 53.196,
                                                            "Actual Rows": 199009,
                                                            "Actual Loops": 1
                                                        },
                                                        {
                                                            "Worker Number": 4,
                                                            "Actual Startup Time": 0.141,
                                                            "Actual Total Time": 52.418,
                                                            "Actual Rows": 195056,
                                                            "Actual Loops": 1
                                                        }
                                                    ]
                                                },
                                                {
                                                    "Node Type": "Sort",
                                                    "Parent Relationship": "Inner",
                                                    "Parallel Aware": false,
                                                    "Startup Cost": 96969.26,
                                                    "Total Cost": 97742.84,
                                                    "Plan Rows": 309432,
                                                    "Plan Width": 4,
                                                    "Actual Startup Time": 287.319,
                                                    "Actual Total Time": 329.791,
                                                    "Actual Rows": 266238,
                                                    "Actual Loops": 6,
                                                    "Output": [
                                                        "t.id"
                                                    ],
                                                    "Sort Key": [
                                                        "t.id"
                                                    ],
                                                    "Sort Method": "quicksort",
                                                    "Sort Space Used": 24785,
                                                    "Sort Space Type": "Memory",
                                                    "Workers": [
                                                        {
                                                            "Worker Number": 0,
                                                            "Actual Startup Time": 292.304,
                                                            "Actual Total Time": 335.47,
                                                            "Actual Rows": 266385,
                                                            "Actual Loops": 1
                                                        },
                                                        {
                                                            "Worker Number": 1,
                                                            "Actual Startup Time": 292.539,
                                                            "Actual Total Time": 334.327,
                                                            "Actual Rows": 266230,
                                                            "Actual Loops": 1
                                                        },
                                                        {
                                                            "Worker Number": 2,
                                                            "Actual Startup Time": 292.725,
                                                            "Actual Total Time": 334.313,
                                                            "Actual Rows": 266210,
                                                            "Actual Loops": 1
                                                        },
                                                        {
                                                            "Worker Number": 3,
                                                            "Actual Startup Time": 293.538,
                                                            "Actual Total Time": 337.36,
                                                            "Actual Rows": 266118,
                                                            "Actual Loops": 1
                                                        },
                                                        {
                                                            "Worker Number": 4,
                                                            "Actual Startup Time": 293.979,
                                                            "Actual Total Time": 337.737,
                                                            "Actual Rows": 266311,
                                                            "Actual Loops": 1
                                                        }
                                                    ],
                                                    "Plans": [
                                                        {
                                                            "Node Type": "Bitmap Heap Scan",
                                                            "Parent Relationship": "Outer",
                                                            "Parallel Aware": false,
                                                            "Relation Name": "title",
                                                            "Schema": "public",
                                                            "Alias": "t",
                                                            "Startup Cost": 17819.93,
                                                            "Total Cost": 68750.2,
                                                            "Plan Rows": 309432,
                                                            "Plan Width": 4,
                                                            "Actual Startup Time": 67.638,
                                                            "Actual Total Time": 219.877,
                                                            "Actual Rows": 266599,
                                                            "Actual Loops": 6,
                                                            "Output": [
                                                                "t.id"
                                                            ],
                                                            "Recheck Cond": "(t.kind_id < 7)",
                                                            "Rows Removed by Index Recheck": 0,
                                                            "Filter": "(t.production_year > 2007)",
                                                            "Rows Removed by Filter": 718449,
                                                            "Exact Heap Blocks": 35472,
                                                            "Lossy Heap Blocks": 0,
                                                            "Workers": [
                                                                {
                                                                    "Worker Number": 0,
                                                                    "Actual Startup Time": 69.385,
                                                                    "Actual Total Time": 224.266,
                                                                    "Actual Rows": 266599,
                                                                    "Actual Loops": 1
                                                                },
                                                                {
                                                                    "Worker Number": 1,
                                                                    "Actual Startup Time": 69.812,
                                                                    "Actual Total Time": 225.885,
                                                                    "Actual Rows": 266599,
                                                                    "Actual Loops": 1
                                                                },
                                                                {
                                                                    "Worker Number": 2,
                                                                    "Actual Startup Time": 70.055,
                                                                    "Actual Total Time": 226.477,
                                                                    "Actual Rows": 266599,
                                                                    "Actual Loops": 1
                                                                },
                                                                {
                                                                    "Worker Number": 3,
                                                                    "Actual Startup Time": 70.567,
                                                                    "Actual Total Time": 225.455,
                                                                    "Actual Rows": 266599,
                                                                    "Actual Loops": 1
                                                                },
                                                                {
                                                                    "Worker Number": 4,
                                                                    "Actual Startup Time": 70.941,
                                                                    "Actual Total Time": 226.058,
                                                                    "Actual Rows": 266599,
                                                                    "Actual Loops": 1
                                                                }
                                                            ],
                                                            "Plans": [
                                                                {
                                                                    "Node Type": "Bitmap Index Scan",
                                                                    "Parent Relationship": "Outer",
                                                                    "Parallel Aware": false,
                                                                    "Index Name": "kind_id_title",
                                                                    "Startup Cost": 0.0,
                                                                    "Total Cost": 17742.57,
                                                                    "Plan Rows": 995485,
                                                                    "Plan Width": 0,
                                                                    "Actual Startup Time": 62.737,
                                                                    "Actual Total Time": 62.737,
                                                                    "Actual Rows": 985048,
                                                                    "Actual Loops": 6,
                                                                    "Index Cond": "(t.kind_id < 7)",
                                                                    "Workers": [
                                                                        {
                                                                            "Worker Number": 0,
                                                                            "Actual Startup Time": 64.458,
                                                                            "Actual Total Time": 64.458,
                                                                            "Actual Rows": 985048,
                                                                            "Actual Loops": 1
                                                                        },
                                                                        {
                                                                            "Worker Number": 1,
                                                                            "Actual Startup Time": 64.891,
                                                                            "Actual Total Time": 64.892,
                                                                            "Actual Rows": 985048,
                                                                            "Actual Loops": 1
                                                                        },
                                                                        {
                                                                            "Worker Number": 2,
                                                                            "Actual Startup Time": 65.18,
                                                                            "Actual Total Time": 65.18,
                                                                            "Actual Rows": 985048,
                                                                            "Actual Loops": 1
                                                                        },
                                                                        {
                                                                            "Worker Number": 3,
                                                                            "Actual Startup Time": 65.64,
                                                                            "Actual Total Time": 65.64,
                                                                            "Actual Rows": 985048,
                                                                            "Actual Loops": 1
                                                                        },
                                                                        {
                                                                            "Worker Number": 4,
                                                                            "Actual Startup Time": 66.016,
                                                                            "Actual Total Time": 66.016,
                                                                            "Actual Rows": 985048,
                                                                            "Actual Loops": 1
                                                                        }
                                                                    ]
                                                                }
                                                            ]
                                                        }
                                                    ]
                                                }
                                            ]
                                        },
                                        {
                                            "Node Type": "Index Only Scan",
                                            "Parent Relationship": "Inner",
                                            "Parallel Aware": false,
                                            "Scan Direction": "Forward",
                                            "Index Name": "movie_id_cast_info",
                                            "Relation Name": "cast_info",
                                            "Schema": "public",
                                            "Alias": "ci",
                                            "Startup Cost": 0.56,
                                            "Total Cost": 2.34,
                                            "Plan Rows": 38,
                                            "Plan Width": 4,
                                            "Actual Startup Time": 0.005,
                                            "Actual Total Time": 0.021,
                                            "Actual Rows": 28,
                                            "Actual Loops": 195295,
                                            "Output": [
                                                "ci.movie_id"
                                            ],
                                            "Index Cond": "(ci.movie_id = mi_idx.movie_id)",
                                            "Rows Removed by Index Recheck": 0,
                                            "Heap Fetches": 5487407,
                                            "Workers": [
                                                {
                                                    "Worker Number": 0,
                                                    "Actual Startup Time": 0.005,
                                                    "Actual Total Time": 0.023,
                                                    "Actual Rows": 29,
                                                    "Actual Loops": 30242
                                                },
                                                {
                                                    "Worker Number": 1,
                                                    "Actual Startup Time": 0.005,
                                                    "Actual Total Time": 0.023,
                                                    "Actual Rows": 29,
                                                    "Actual Loops": 30338
                                                },
                                                {
                                                    "Worker Number": 2,
                                                    "Actual Startup Time": 0.005,
                                                    "Actual Total Time": 0.023,
                                                    "Actual Rows": 29,
                                                    "Actual Loops": 30712
                                                },
                                                {
                                                    "Worker Number": 3,
                                                    "Actual Startup Time": 0.005,
                                                    "Actual Total Time": 0.023,
                                                    "Actual Rows": 29,
                                                    "Actual Loops": 29607
                                                },
                                                {
                                                    "Worker Number": 4,
                                                    "Actual Startup Time": 0.005,
                                                    "Actual Total Time": 0.024,
                                                    "Actual Rows": 29,
                                                    "Actual Loops": 29618
                                                }
                                            ]
                                        }
                                    ]
                                }
                            ]
                        }
                    ]
                }
            ]
        },
        "Planning Time": 207.142,
        "Triggers": [],
        "Execution Time": 1307.65
    }
]