[
  {
    "Plan": {
      "Node Type": "Aggregate",
      "Strategy": "Plain",
      "Partial Mode": "Finalize",
      "Parallel Aware": false,
      "Startup Cost": 129822.17,
      "Total Cost": 129822.18,
      "Plan Rows": 1,
      "Plan Width": 8,
      "Actual Startup Time": 542.614,
      "Actual Total Time": 564.904,
      "Actual Rows": 1,
      "Actual Loops": 1,
      "Plans": [
        {
          "Node Type": "Gather",
          "Parent Relationship": "Outer",
          "Parallel Aware": false,
          "Startup Cost": 129821.85,
          "Total Cost": 129822.16,
          "Plan Rows": 3,
          "Plan Width": 8,
          "Actual Startup Time": 539.414,
          "Actual Total Time": 564.893,
          "Actual Rows": 4,
          "Actual Loops": 1,
          "Workers Planned": 3,
          "Workers Launched": 3,
          "Single Copy": false,
          "Plans": [
            {
              "Node Type": "Aggregate",
              "Strategy": "Plain",
              "Partial Mode": "Partial",
              "Parent Relationship": "Outer",
              "Parallel Aware": false,
              "Startup Cost": 128821.85,
              "Total Cost": 128821.86,
              "Plan Rows": 1,
              "Plan Width": 8,
              "Actual Startup Time": 534.764,
              "Actual Total Time": 535.057,
              "Actual Rows": 1,
              "Actual Loops": 4,
              "Plans": [
                {
                  "Node Type": "Hash Join",
                  "Parent Relationship": "Outer",
                  "Parallel Aware": true,
                  "Join Type": "Inner",
                  "Startup Cost": 81880.48,
                  "Total Cost": 128515.01,
                  "Plan Rows": 122738,
                  "Plan Width": 0,
                  "Actual Startup Time": 348.873,
                  "Actual Total Time": 525.253,
                  "Actual Rows": 241050,
                  "Actual Loops": 4,
                  "Inner Unique": false,
                  "Hash Cond": "(mk.movie_id = t.id)",
                  "Plans": [
                    {
                      "Node Type": "Seq Scan",
                      "Parent Relationship": "Outer",
                      "Parallel Aware": true,
                      "Relation Name": "movie_keyword",
                      "Alias": "mk",
                      "Startup Cost": 0.0,
                      "Total Cost": 42695.65,
                      "Plan Rows": 944785,
                      "Plan Width": 4,
                      "Actual Startup Time": 0.167,
                      "Actual Total Time": 102.114,
                      "Actual Rows": 732353,
                      "Actual Loops": 4,
                      "Filter": "(keyword_id > 2440)",
                      "Rows Removed by Filter": 398629
                    },
                    {
                      "Node Type": "Hash",
                      "Parent Relationship": "Inner",
                      "Parallel Aware": true,
                      "Startup Cost": 80556.01,
                      "Total Cost": 80556.01,
                      "Plan Rows": 105958,
                      "Plan Width": 8,
                      "Actual Startup Time": 345.825,
                      "Actual Total Time": 346.118,
                      "Actual Rows": 80159,
                      "Actual Loops": 4,
                      "Hash Buckets": 524288,
                      "Original Hash Buckets": 524288,
                      "Hash Batches": 1,
                      "Original Hash Batches": 1,
                      "Peak Memory Usage": 16704,
                      "Plans": [
                        {
                          "Node Type": "Hash Join",
                          "Parent Relationship": "Outer",
                          "Parallel Aware": true,
                          "Join Type": "Inner",
                          "Startup Cost": 48384.71,
                          "Total Cost": 80556.01,
                          "Plan Rows": 105958,
                          "Plan Width": 8,
                          "Actual Startup Time": 182.135,
                          "Actual Total Time": 318.832,
                          "Actual Rows": 80159,
                          "Actual Loops": 4,
                          "Inner Unique": true,
                          "Hash Cond": "(mc.movie_id = t.id)",
                          "Plans": [
                            {
                              "Node Type": "Seq Scan",
                              "Parent Relationship": "Outer",
                              "Parallel Aware": true,
                              "Relation Name": "movie_companies",
                              "Alias": "mc",
                              "Startup Cost": 0.0,
                              "Total Cost": 31414.82,
                              "Plan Rows": 288182,
                              "Plan Width": 4,
                              "Actual Startup Time": 0.01,
                              "Actual Total Time": 68.936,
                              "Actual Rows": 303226,
                              "Actual Loops": 4,
                              "Filter": "((company_id < 33571) AND (company_type_id < 2))",
                              "Rows Removed by Filter": 349056
                            },
                            {
                              "Node Type": "Hash",
                              "Parent Relationship": "Inner",
                              "Parallel Aware": true,
                              "Startup Cost": 45479.59,
                              "Total Cost": 45479.59,
                              "Plan Rows": 232410,
                              "Plan Width": 4,
                              "Actual Startup Time": 179.102,
                              "Actual Total Time": 179.103,
                              "Actual Rows": 213044,
                              "Actual Loops": 4,
                              "Hash Buckets": 1048576,
                              "Original Hash Buckets": 1048576,
                              "Hash Batches": 1,
                              "Original Hash Batches": 1,
                              "Peak Memory Usage": 41600,
                              "Plans": [
                                {
                                  "Node Type": "Seq Scan",
                                  "Parent Relationship": "Outer",
                                  "Parallel Aware": true,
                                  "Relation Name": "title",
                                  "Alias": "t",
                                  "Startup Cost": 0.0,
                                  "Total Cost": 45479.59,
                                  "Plan Rows": 232410,
                                  "Plan Width": 4,
                                  "Actual Startup Time": 0.04,
                                  "Actual Total Time": 102.48,
                                  "Actual Rows": 213044,
                                  "Actual Loops": 4,
                                  "Filter": "((kind_id > 1) AND (production_year < 2004))",
                                  "Rows Removed by Filter": 419034
                                }
                              ]
                            }
                          ]
                        }
                      ]
                    }
                  ]
                }
              ]
            }
          ]
        }
      ]
    },
    "Planning Time": 0.971,
    "Triggers": [],
    "Execution Time": 564.965
  }
]