[
  {
    "Plan": {
      "Node Type": "Aggregate",
      "Strategy": "Plain",
      "Partial Mode": "Finalize",
      "Parallel Aware": false,
      "Startup Cost": 129866.99,
      "Total Cost": 129867.0,
      "Plan Rows": 1,
      "Plan Width": 8,
      "Actual Startup Time": 521.938,
      "Actual Total Time": 544.879,
      "Actual Rows": 1,
      "Actual Loops": 1,
      "Plans": [
        {
          "Node Type": "Gather",
          "Parent Relationship": "Outer",
          "Parallel Aware": false,
          "Startup Cost": 129866.67,
          "Total Cost": 129866.98,
          "Plan Rows": 3,
          "Plan Width": 8,
          "Actual Startup Time": 518.27,
          "Actual Total Time": 544.871,
          "Actual Rows": 4,
          "Actual Loops": 1,
          "Workers Planned": 3,
          "Workers Launched": 3,
          "Single Copy": false,
          "Plans": [
            {
              "Node Type": "Aggregate",
              "Strategy": "Plain",
              "Partial Mode": "Partial",
              "Parent Relationship": "Outer",
              "Parallel Aware": false,
              "Startup Cost": 128866.67,
              "Total Cost": 128866.68,
              "Plan Rows": 1,
              "Plan Width": 8,
              "Actual Startup Time": 509.786,
              "Actual Total Time": 510.069,
              "Actual Rows": 1,
              "Actual Loops": 4,
              "Plans": [
                {
                  "Node Type": "Hash Join",
                  "Parent Relationship": "Outer",
                  "Parallel Aware": true,
                  "Join Type": "Inner",
                  "Startup Cost": 81889.15,
                  "Total Cost": 128554.07,
                  "Plan Rows": 125040,
                  "Plan Width": 0,
                  "Actual Startup Time": 322.619,
                  "Actual Total Time": 500.604,
                  "Actual Rows": 241050,
                  "Actual Loops": 4,
                  "Inner Unique": false,
                  "Hash Cond": "(mk.movie_id = t.id)",
                  "Plans": [
                    {
                      "Node Type": "Seq Scan",
                      "Parent Relationship": "Outer",
                      "Parallel Aware": true,
                      "Relation Name": "movie_keyword",
                      "Alias": "mk",
                      "Startup Cost": 0.0,
                      "Total Cost": 42695.65,
                      "Plan Rows": 950908,
                      "Plan Width": 4,
                      "Actual Startup Time": 0.16,
                      "Actual Total Time": 103.243,
                      "Actual Rows": 732353,
                      "Actual Loops": 4,
                      "Filter": "(keyword_id > 2440)",
                      "Rows Removed by Filter": 398629
                    },
                    {
                      "Node Type": "Hash",
                      "Parent Relationship": "Inner",
                      "Parallel Aware": true,
                      "Startup Cost": 80548.59,
                      "Total Cost": 80548.59,
                      "Plan Rows": 107245,
                      "Plan Width": 8,
                      "Actual Startup Time": 320.599,
                      "Actual Total Time": 320.88,
                      "Actual Rows": 80159,
                      "Actual Loops": 4,
                      "Hash Buckets": 524288,
                      "Original Hash Buckets": 524288,
                      "Hash Batches": 1,
                      "Original Hash Batches": 1,
                      "Peak Memory Usage": 16704,
                      "Plans": [
                        {
                          "Node Type": "Hash Join",
                          "Parent Relationship": "Outer",
                          "Parallel Aware": true,
                          "Join Type": "Inner",
                          "Startup Cost": 48362.32,
                          "Total Cost": 80548.59,
                          "Plan Rows": 107245,
                          "Plan Width": 8,
                          "Actual Startup Time": 166.281,
                          "Actual Total Time": 297.702,
                          "Actual Rows": 80159,
                          "Actual Loops": 4,
                          "Inner Unique": true,
                          "Hash Cond": "(mc.movie_id = t.id)",
                          "Plans": [
                            {
                              "Node Type": "Seq Scan",
                              "Parent Relationship": "Outer",
                              "Parallel Aware": true,
                              "Relation Name": "movie_companies",
                              "Alias": "mc",
                              "Startup Cost": 0.0,
                              "Total Cost": 31414.82,
                              "Plan Rows": 293884,
                              "Plan Width": 4,
                              "Actual Startup Time": 0.019,
                              "Actual Total Time": 66.737,
                              "Actual Rows": 303226,
                              "Actual Loops": 4,
                              "Filter": "((company_id < 33571) AND (company_type_id < 2))",
                              "Rows Removed by Filter": 349056
                            },
                            {
                              "Node Type": "Hash",
                              "Parent Relationship": "Inner",
                              "Parallel Aware": true,
                              "Startup Cost": 45479.1,
                              "Total Cost": 45479.1,
                              "Plan Rows": 230658,
                              "Plan Width": 4,
                              "Actual Startup Time": 164.741,
                              "Actual Total Time": 164.742,
                              "Actual Rows": 213044,
                              "Actual Loops": 4,
                              "Hash Buckets": 1048576,
                              "Original Hash Buckets": 1048576,
                              "Hash Batches": 1,
                              "Original Hash Batches": 1,
                              "Peak Memory Usage": 41600,
                              "Plans": [
                                {
                                  "Node Type": "Seq Scan",
                                  "Parent Relationship": "Outer",
                                  "Parallel Aware": true,
                                  "Relation Name": "title",
                                  "Alias": "t",
                                  "Startup Cost": 0.0,
                                  "Total Cost": 45479.1,
                                  "Plan Rows": 230658,
                                  "Plan Width": 4,
                                  "Actual Startup Time": 0.037,
                                  "Actual Total Time": 100.635,
                                  "Actual Rows": 213044,
                                  "Actual Loops": 4,
                                  "Filter": "((kind_id > 1) AND (production_year < 2004))",
                                  "Rows Removed by Filter": 419034
                                }
                              ]
                            }
                          ]
                        }
                      ]
                    }
                  ]
                }
              ]
            }
          ]
        }
      ]
    },
    "Planning Time": 0.481,
    "Triggers": [],
    "Execution Time": 544.935
  }
]