[
    {
        "Bao": {
            "Bao prediction": 39.036,
            "Bao recommended hint": "(no hint)"
        }
    },
    {
        "Plan": {
            "Node Type": "Aggregate",
            "Strategy": "Plain",
            "Partial Mode": "Simple",
            "Parallel Aware": false,
            "Startup Cost": 3908.28,
            "Total Cost": 3908.29,
            "Plan Rows": 1,
            "Plan Width": 192,
            "Actual Startup Time": 167.84,
            "Actual Total Time": 167.853,
            "Actual Rows": 1,
            "Actual Loops": 1,
            "Output": [
                "min(cn1.name)",
                "min(cn2.name)",
                "min(mi_idx1.info)",
                "min(mi_idx2.info)",
                "min(t1.title)",
                "min(t2.title)"
            ],
            "Plans": [
                {
                    "Node Type": "Nested Loop",
                    "Parent Relationship": "Outer",
                    "Parallel Aware": false,
                    "Join Type": "Inner",
                    "Startup Cost": 878.31,
                    "Total Cost": 3908.26,
                    "Plan Rows": 1,
                    "Plan Width": 82,
                    "Actual Startup Time": 27.014,
                    "Actual Total Time": 166.485,
                    "Actual Rows": 3663,
                    "Actual Loops": 1,
                    "Output": [
                        "cn1.name",
                        "cn2.name",
                        "mi_idx1.info",
                        "mi_idx2.info",
                        "t1.title",
                        "t2.title"
                    ],
                    "Inner Unique": true,
                    "Plans": [
                        {
                            "Node Type": "Nested Loop",
                            "Parent Relationship": "Outer",
                            "Parallel Aware": false,
                            "Join Type": "Inner",
                            "Startup Cost": 877.89,
                            "Total Cost": 3907.82,
                            "Plan Rows": 1,
                            "Plan Width": 67,
                            "Actual Startup Time": 26.983,
                            "Actual Total Time": 158.461,
                            "Actual Rows": 3663,
                            "Actual Loops": 1,
                            "Output": [
                                "cn1.name",
                                "mi_idx1.info",
                                "mi_idx2.info",
                                "mc2.company_id",
                                "t1.title",
                                "t2.title"
                            ],
                            "Inner Unique": false,
                            "Plans": [
                                {
                                    "Node Type": "Nested Loop",
                                    "Parent Relationship": "Outer",
                                    "Parallel Aware": false,
                                    "Join Type": "Inner",
                                    "Startup Cost": 877.46,
                                    "Total Cost": 3907.13,
                                    "Plan Rows": 1,
                                    "Plan Width": 75,
                                    "Actual Startup Time": 26.973,
                                    "Actual Total Time": 150.916,
                                    "Actual Rows": 2221,
                                    "Actual Loops": 1,
                                    "Output": [
                                        "cn1.name",
                                        "mi_idx1.info",
                                        "mi_idx2.info",
                                        "mi_idx2.movie_id",
                                        "ml.linked_movie_id",
                                        "t1.title",
                                        "t2.title",
                                        "t2.id"
                                    ],
                                    "Inner Unique": true,
                                    "Plans": [
                                        {
                                            "Node Type": "Nested Loop",
                                            "Parent Relationship": "Outer",
                                            "Parallel Aware": false,
                                            "Join Type": "Inner",
                                            "Startup Cost": 877.04,
                                            "Total Cost": 3906.69,
                                            "Plan Rows": 1,
                                            "Plan Width": 60,
                                            "Actual Startup Time": 21.815,
                                            "Actual Total Time": 141.026,
                                            "Actual Rows": 3245,
                                            "Actual Loops": 1,
                                            "Output": [
                                                "mi_idx1.info",
                                                "mc1.company_id",
                                                "mi_idx2.info",
                                                "mi_idx2.movie_id",
                                                "ml.linked_movie_id",
                                                "t1.title",
                                                "t2.title",
                                                "t2.id"
                                            ],
                                            "Inner Unique": false,
                                            "Plans": [
                                                {
                                                    "Node Type": "Nested Loop",
                                                    "Parent Relationship": "Outer",
                                                    "Parallel Aware": false,
                                                    "Join Type": "Inner",
                                                    "Startup Cost": 876.61,
                                                    "Total Cost": 3906.07,
                                                    "Plan Rows": 1,
                                                    "Plan Width": 68,
                                                    "Actual Startup Time": 21.797,
                                                    "Actual Total Time": 137.64,
                                                    "Actual Rows": 192,
                                                    "Actual Loops": 1,
                                                    "Output": [
                                                        "mi_idx1.info",
                                                        "mi_idx1.movie_id",
                                                        "mi_idx2.info",
                                                        "mi_idx2.movie_id",
                                                        "ml.movie_id",
                                                        "ml.linked_movie_id",
                                                        "t1.title",
                                                        "t1.id",
                                                        "t2.title",
                                                        "t2.id"
                                                    ],
                                                    "Inner Unique": true,
                                                    "Plans": [
                                                        {
                                                            "Node Type": "Nested Loop",
                                                            "Parent Relationship": "Outer",
                                                            "Parallel Aware": false,
                                                            "Join Type": "Inner",
                                                            "Startup Cost": 876.47,
                                                            "Total Cost": 3905.91,
                                                            "Plan Rows": 1,
                                                            "Plan Width": 72,
                                                            "Actual Startup Time": 21.781,
                                                            "Actual Total Time": 135.972,
                                                            "Actual Rows": 583,
                                                            "Actual Loops": 1,
                                                            "Output": [
                                                                "mi_idx1.info",
                                                                "mi_idx1.movie_id",
                                                                "mi_idx2.info",
                                                                "mi_idx2.movie_id",
                                                                "ml.movie_id",
                                                                "ml.linked_movie_id",
                                                                "t1.title",
                                                                "t1.id",
                                                                "t2.title",
                                                                "t2.id",
                                                                "t2.kind_id"
                                                            ],
                                                            "Inner Unique": true,
                                                            "Join Filter": "(ml.linked_movie_id = t2.id)",
                                                            "Rows Removed by Join Filter": 0,
                                                            "Plans": [
                                                                {
                                                                    "Node Type": "Hash Join",
                                                                    "Parent Relationship": "Outer",
                                                                    "Parallel Aware": false,
                                                                    "Join Type": "Inner",
                                                                    "Startup Cost": 876.04,
                                                                    "Total Cost": 3905.27,
                                                                    "Plan Rows": 1,
                                                                    "Plan Width": 47,
                                                                    "Actual Startup Time": 21.691,
                                                                    "Actual Total Time": 116.69,
                                                                    "Actual Rows": 1292,
                                                                    "Actual Loops": 1,
                                                                    "Output": [
                                                                        "mi_idx1.info",
                                                                        "mi_idx1.movie_id",
                                                                        "mi_idx2.info",
                                                                        "mi_idx2.movie_id",
                                                                        "ml.movie_id",
                                                                        "ml.linked_movie_id",
                                                                        "t1.title",
                                                                        "t1.id"
                                                                    ],
                                                                    "Inner Unique": true,
                                                                    "Hash Cond": "(mi_idx2.info_type_id = it2.id)",
                                                                    "Plans": [
                                                                        {
                                                                            "Node Type": "Nested Loop",
                                                                            "Parent Relationship": "Outer",
                                                                            "Parallel Aware": false,
                                                                            "Join Type": "Inner",
                                                                            "Startup Cost": 873.62,
                                                                            "Total Cost": 3902.6,
                                                                            "Plan Rows": 92,
                                                                            "Plan Width": 51,
                                                                            "Actual Startup Time": 21.509,
                                                                            "Actual Total Time": 114.692,
                                                                            "Actual Rows": 8665,
                                                                            "Actual Loops": 1,
                                                                            "Output": [
                                                                                "mi_idx1.info",
                                                                                "mi_idx1.movie_id",
                                                                                "ml.movie_id",
                                                                                "ml.linked_movie_id",
                                                                                "mi_idx2.info",
                                                                                "mi_idx2.info_type_id",
                                                                                "mi_idx2.movie_id",
                                                                                "t1.title",
                                                                                "t1.id"
                                                                            ],
                                                                            "Inner Unique": false,
                                                                            "Plans": [
                                                                                {
                                                                                    "Node Type": "Hash Join",
                                                                                    "Parent Relationship": "Outer",
                                                                                    "Parallel Aware": false,
                                                                                    "Join Type": "Inner",
                                                                                    "Startup Cost": 873.19,
                                                                                    "Total Cost": 3809.09,
                                                                                    "Plan Rows": 39,
                                                                                    "Plan Width": 38,
                                                                                    "Actual Startup Time": 21.39,
                                                                                    "Actual Total Time": 66.792,
                                                                                    "Actual Rows": 5674,
                                                                                    "Actual Loops": 1,
                                                                                    "Output": [
                                                                                        "mi_idx1.info",
                                                                                        "mi_idx1.movie_id",
                                                                                        "ml.movie_id",
                                                                                        "ml.linked_movie_id",
                                                                                        "t1.title",
                                                                                        "t1.id"
                                                                                    ],
                                                                                    "Inner Unique": true,
                                                                                    "Hash Cond": "(t1.kind_id = kt1.id)",
                                                                                    "Plans": [
                                                                                        {
                                                                                            "Node Type": "Nested Loop",
                                                                                            "Parent Relationship": "Outer",
                                                                                            "Parallel Aware": false,
                                                                                            "Join Type": "Inner",
                                                                                            "Startup Cost": 872.08,
                                                                                            "Total Cost": 3807.4,
                                                                                            "Plan Rows": 136,
                                                                                            "Plan Width": 42,
                                                                                            "Actual Startup Time": 21.283,
                                                                                            "Actual Total Time": 64.869,
                                                                                            "Actual Rows": 5674,
                                                                                            "Actual Loops": 1,
                                                                                            "Output": [
                                                                                                "mi_idx1.info",
                                                                                                "mi_idx1.movie_id",
                                                                                                "ml.movie_id",
                                                                                                "ml.linked_movie_id",
                                                                                                "t1.title",
                                                                                                "t1.id",
                                                                                                "t1.kind_id"
                                                                                            ],
                                                                                            "Inner Unique": true,
                                                                                            "Join Filter": "(ml.movie_id = t1.id)",
                                                                                            "Rows Removed by Join Filter": 0,
                                                                                            "Plans": [
                                                                                                {
                                                                                                    "Node Type": "Hash Join",
                                                                                                    "Parent Relationship": "Outer",
                                                                                                    "Parallel Aware": false,
                                                                                                    "Join Type": "Inner",
                                                                                                    "Startup Cost": 871.65,
                                                                                                    "Total Cost": 3727.11,
                                                                                                    "Plan Rows": 136,
                                                                                                    "Plan Width": 17,
                                                                                                    "Actual Startup Time": 21.222,
                                                                                                    "Actual Total Time": 44.966,
                                                                                                    "Actual Rows": 5674,
                                                                                                    "Actual Loops": 1,
                                                                                                    "Output": [
                                                                                                        "mi_idx1.info",
                                                                                                        "mi_idx1.movie_id",
                                                                                                        "ml.movie_id",
                                                                                                        "ml.linked_movie_id"
                                                                                                    ],
                                                                                                    "Inner Unique": true,
                                                                                                    "Hash Cond": "(mi_idx1.info_type_id = it1.id)",
                                                                                                    "Plans": [
                                                                                                        {
                                                                                                            "Node Type": "Merge Join",
                                                                                                            "Parent Relationship": "Outer",
                                                                                                            "Parallel Aware": false,
                                                                                                            "Join Type": "Inner",
                                                                                                            "Startup Cost": 869.22,
                                                                                                            "Total Cost": 3682.64,
                                                                                                            "Plan Rows": 15435,
                                                                                                            "Plan Width": 21,
                                                                                                            "Actual Startup Time": 21.109,
                                                                                                            "Actual Total Time": 42.175,
                                                                                                            "Actual Rows": 17022,
                                                                                                            "Actual Loops": 1,
                                                                                                            "Output": [
                                                                                                                "ml.movie_id",
                                                                                                                "ml.linked_movie_id",
                                                                                                                "mi_idx1.info",
                                                                                                                "mi_idx1.info_type_id",
                                                                                                                "mi_idx1.movie_id"
                                                                                                            ],
                                                                                                            "Inner Unique": false,
                                                                                                            "Merge Cond": "(mi_idx1.movie_id = ml.movie_id)",
                                                                                                            "Plans": [
                                                                                                                {
                                                                                                                    "Node Type": "Index Scan",
                                                                                                                    "Parent Relationship": "Outer",
                                                                                                                    "Parallel Aware": false,
                                                                                                                    "Scan Direction": "Forward",
                                                                                                                    "Index Name": "movie_id_movie_info_idx",
                                                                                                                    "Relation Name": "movie_info_idx",
                                                                                                                    "Schema": "public",
                                                                                                                    "Alias": "mi_idx1",
                                                                                                                    "Startup Cost": 0.43,
                                                                                                                    "Total Cost": 53621.69,
                                                                                                                    "Plan Rows": 1380035,
                                                                                                                    "Plan Width": 13,
                                                                                                                    "Actual Startup Time": 0.054,
                                                                                                                    "Actual Total Time": 10.546,
                                                                                                                    "Actual Rows": 55234,
                                                                                                                    "Actual Loops": 1,
                                                                                                                    "Output": [
                                                                                                                        "mi_idx1.id",
                                                                                                                        "mi_idx1.movie_id",
                                                                                                                        "mi_idx1.info_type_id",
                                                                                                                        "mi_idx1.info",
                                                                                                                        "mi_idx1.note"
                                                                                                                    ]
                                                                                                                },
                                                                                                                {
                                                                                                                    "Node Type": "Sort",
                                                                                                                    "Parent Relationship": "Inner",
                                                                                                                    "Parallel Aware": false,
                                                                                                                    "Startup Cost": 868.72,
                                                                                                                    "Total Cost": 881.22,
                                                                                                                    "Plan Rows": 5000,
                                                                                                                    "Plan Width": 8,
                                                                                                                    "Actual Startup Time": 21.044,
                                                                                                                    "Actual Total Time": 22.465,
                                                                                                                    "Actual Rows": 17326,
                                                                                                                    "Actual Loops": 1,
                                                                                                                    "Output": [
                                                                                                                        "ml.movie_id",
                                                                                                                        "ml.linked_movie_id"
                                                                                                                    ],
                                                                                                                    "Sort Key": [
                                                                                                                        "ml.movie_id"
                                                                                                                    ],
                                                                                                                    "Sort Method": "quicksort",
                                                                                                                    "Sort Space Used": 473,
                                                                                                                    "Sort Space Type": "Memory",
                                                                                                                    "Plans": [
                                                                                                                        {
                                                                                                                            "Node Type": "Hash Join",
                                                                                                                            "Parent Relationship": "Outer",
                                                                                                                            "Parallel Aware": false,
                                                                                                                            "Join Type": "Inner",
                                                                                                                            "Startup Cost": 1.29,
                                                                                                                            "Total Cost": 561.53,
                                                                                                                            "Plan Rows": 5000,
                                                                                                                            "Plan Width": 8,
                                                                                                                            "Actual Startup Time": 0.104,
                                                                                                                            "Actual Total Time": 17.601,
                                                                                                                            "Actual Rows": 5980,
                                                                                                                            "Actual Loops": 1,
                                                                                                                            "Output": [
                                                                                                                                "ml.movie_id",
                                                                                                                                "ml.linked_movie_id"
                                                                                                                            ],
                                                                                                                            "Inner Unique": true,
                                                                                                                            "Hash Cond": "(ml.link_type_id = lt.id)",
                                                                                                                            "Plans": [
                                                                                                                                {
                                                                                                                                    "Node Type": "Seq Scan",
                                                                                                                                    "Parent Relationship": "Outer",
                                                                                                                                    "Parallel Aware": false,
                                                                                                                                    "Relation Name": "movie_link",
                                                                                                                                    "Schema": "public",
                                                                                                                                    "Alias": "ml",
                                                                                                                                    "Startup Cost": 0.0,
                                                                                                                                    "Total Cost": 462.97,
                                                                                                                                    "Plan Rows": 29997,
                                                                                                                                    "Plan Width": 12,
                                                                                                                                    "Actual Startup Time": 0.02,
                                                                                                                                    "Actual Total Time": 8.611,
                                                                                                                                    "Actual Rows": 29997,
                                                                                                                                    "Actual Loops": 1,
                                                                                                                                    "Output": [
                                                                                                                                        "ml.id",
                                                                                                                                        "ml.movie_id",
                                                                                                                                        "ml.linked_movie_id",
                                                                                                                                        "ml.link_type_id"
                                                                                                                                    ]
                                                                                                                                },
                                                                                                                                {
                                                                                                                                    "Node Type": "Hash",
                                                                                                                                    "Parent Relationship": "Inner",
                                                                                                                                    "Parallel Aware": false,
                                                                                                                                    "Startup Cost": 1.25,
                                                                                                                                    "Total Cost": 1.25,
                                                                                                                                    "Plan Rows": 3,
                                                                                                                                    "Plan Width": 4,
                                                                                                                                    "Actual Startup Time": 0.038,
                                                                                                                                    "Actual Total Time": 0.039,
                                                                                                                                    "Actual Rows": 3,
                                                                                                                                    "Actual Loops": 1,
                                                                                                                                    "Output": [
                                                                                                                                        "lt.id"
                                                                                                                                    ],
                                                                                                                                    "Hash Buckets": 1024,
                                                                                                                                    "Original Hash Buckets": 1024,
                                                                                                                                    "Hash Batches": 1,
                                                                                                                                    "Original Hash Batches": 1,
                                                                                                                                    "Peak Memory Usage": 9,
                                                                                                                                    "Plans": [
                                                                                                                                        {
                                                                                                                                            "Node Type": "Seq Scan",
                                                                                                                                            "Parent Relationship": "Outer",
                                                                                                                                            "Parallel Aware": false,
                                                                                                                                            "Relation Name": "link_type",
                                                                                                                                            "Schema": "public",
                                                                                                                                            "Alias": "lt",
                                                                                                                                            "Startup Cost": 0.0,
                                                                                                                                            "Total Cost": 1.25,
                                                                                                                                            "Plan Rows": 3,
                                                                                                                                            "Plan Width": 4,
                                                                                                                                            "Actual Startup Time": 0.017,
                                                                                                                                            "Actual Total Time": 0.026,
                                                                                                                                            "Actual Rows": 3,
                                                                                                                                            "Actual Loops": 1,
                                                                                                                                            "Output": [
                                                                                                                                                "lt.id"
                                                                                                                                            ],
                                                                                                                                            "Filter": "((lt.link)::text = ANY ('{\"remade as\",\"edited from\",\"referenced in\"}'::text[]))",
                                                                                                                                            "Rows Removed by Filter": 15
                                                                                                                                        }
                                                                                                                                    ]
                                                                                                                                }
                                                                                                                            ]
                                                                                                                        }
                                                                                                                    ]
                                                                                                                }
                                                                                                            ]
                                                                                                        },
                                                                                                        {
                                                                                                            "Node Type": "Hash",
                                                                                                            "Parent Relationship": "Inner",
                                                                                                            "Parallel Aware": false,
                                                                                                            "Startup Cost": 2.41,
                                                                                                            "Total Cost": 2.41,
                                                                                                            "Plan Rows": 1,
                                                                                                            "Plan Width": 4,
                                                                                                            "Actual Startup Time": 0.053,
                                                                                                            "Actual Total Time": 0.053,
                                                                                                            "Actual Rows": 1,
                                                                                                            "Actual Loops": 1,
                                                                                                            "Output": [
                                                                                                                "it1.id"
                                                                                                            ],
                                                                                                            "Hash Buckets": 1024,
                                                                                                            "Original Hash Buckets": 1024,
                                                                                                            "Hash Batches": 1,
                                                                                                            "Original Hash Batches": 1,
                                                                                                            "Peak Memory Usage": 9,
                                                                                                            "Plans": [
                                                                                                                {
                                                                                                                    "Node Type": "Seq Scan",
                                                                                                                    "Parent Relationship": "Outer",
                                                                                                                    "Parallel Aware": false,
                                                                                                                    "Relation Name": "info_type",
                                                                                                                    "Schema": "public",
                                                                                                                    "Alias": "it1",
                                                                                                                    "Startup Cost": 0.0,
                                                                                                                    "Total Cost": 2.41,
                                                                                                                    "Plan Rows": 1,
                                                                                                                    "Plan Width": 4,
                                                                                                                    "Actual Startup Time": 0.032,
                                                                                                                    "Actual Total Time": 0.037,
                                                                                                                    "Actual Rows": 1,
                                                                                                                    "Actual Loops": 1,
                                                                                                                    "Output": [
                                                                                                                        "it1.id"
                                                                                                                    ],
                                                                                                                    "Filter": "((it1.info)::text = 'rating'::text COLLATE \"C\")",
                                                                                                                    "Rows Removed by Filter": 112
                                                                                                                }
                                                                                                            ]
                                                                                                        }
                                                                                                    ]
                                                                                                },
                                                                                                {
                                                                                                    "Node Type": "Index Scan",
                                                                                                    "Parent Relationship": "Inner",
                                                                                                    "Parallel Aware": false,
                                                                                                    "Scan Direction": "Forward",
                                                                                                    "Index Name": "title_pkey",
                                                                                                    "Relation Name": "title",
                                                                                                    "Schema": "public",
                                                                                                    "Alias": "t1",
                                                                                                    "Startup Cost": 0.43,
                                                                                                    "Total Cost": 0.58,
                                                                                                    "Plan Rows": 1,
                                                                                                    "Plan Width": 25,
                                                                                                    "Actual Startup Time": 0.003,
                                                                                                    "Actual Total Time": 0.003,
                                                                                                    "Actual Rows": 1,
                                                                                                    "Actual Loops": 5674,
                                                                                                    "Output": [
                                                                                                        "t1.id",
                                                                                                        "t1.title",
                                                                                                        "t1.imdb_index",
                                                                                                        "t1.kind_id",
                                                                                                        "t1.production_year",
                                                                                                        "t1.imdb_id",
                                                                                                        "t1.phonetic_code",
                                                                                                        "t1.episode_of_id",
                                                                                                        "t1.season_nr",
                                                                                                        "t1.episode_nr",
                                                                                                        "t1.series_years",
                                                                                                        "t1.md5sum"
                                                                                                    ],
                                                                                                    "Index Cond": "(t1.id = mi_idx1.movie_id)",
                                                                                                    "Rows Removed by Index Recheck": 0
                                                                                                }
                                                                                            ]
                                                                                        },
                                                                                        {
                                                                                            "Node Type": "Hash",
                                                                                            "Parent Relationship": "Inner",
                                                                                            "Parallel Aware": false,
                                                                                            "Startup Cost": 1.09,
                                                                                            "Total Cost": 1.09,
                                                                                            "Plan Rows": 2,
                                                                                            "Plan Width": 4,
                                                                                            "Actual Startup Time": 0.042,
                                                                                            "Actual Total Time": 0.042,
                                                                                            "Actual Rows": 2,
                                                                                            "Actual Loops": 1,
                                                                                            "Output": [
                                                                                                "kt1.id"
                                                                                            ],
                                                                                            "Hash Buckets": 1024,
                                                                                            "Original Hash Buckets": 1024,
                                                                                            "Hash Batches": 1,
                                                                                            "Original Hash Batches": 1,
                                                                                            "Peak Memory Usage": 9,
                                                                                            "Plans": [
                                                                                                {
                                                                                                    "Node Type": "Seq Scan",
                                                                                                    "Parent Relationship": "Outer",
                                                                                                    "Parallel Aware": false,
                                                                                                    "Relation Name": "kind_type",
                                                                                                    "Schema": "public",
                                                                                                    "Alias": "kt1",
                                                                                                    "Startup Cost": 0.0,
                                                                                                    "Total Cost": 1.09,
                                                                                                    "Plan Rows": 2,
                                                                                                    "Plan Width": 4,
                                                                                                    "Actual Startup Time": 0.018,
                                                                                                    "Actual Total Time": 0.023,
                                                                                                    "Actual Rows": 2,
                                                                                                    "Actual Loops": 1,
                                                                                                    "Output": [
                                                                                                        "kt1.id"
                                                                                                    ],
                                                                                                    "Filter": "((kt1.kind)::text = ANY ('{\"tv series\",episode}'::text[]))",
                                                                                                    "Rows Removed by Filter": 5
                                                                                                }
                                                                                            ]
                                                                                        }
                                                                                    ]
                                                                                },
                                                                                {
                                                                                    "Node Type": "Index Scan",
                                                                                    "Parent Relationship": "Inner",
                                                                                    "Parallel Aware": false,
                                                                                    "Scan Direction": "Forward",
                                                                                    "Index Name": "movie_id_movie_info_idx",
                                                                                    "Relation Name": "movie_info_idx",
                                                                                    "Schema": "public",
                                                                                    "Alias": "mi_idx2",
                                                                                    "Startup Cost": 0.43,
                                                                                    "Total Cost": 2.38,
                                                                                    "Plan Rows": 2,
                                                                                    "Plan Width": 13,
                                                                                    "Actual Startup Time": 0.007,
                                                                                    "Actual Total Time": 0.008,
                                                                                    "Actual Rows": 2,
                                                                                    "Actual Loops": 5674,
                                                                                    "Output": [
                                                                                        "mi_idx2.id",
                                                                                        "mi_idx2.movie_id",
                                                                                        "mi_idx2.info_type_id",
                                                                                        "mi_idx2.info",
                                                                                        "mi_idx2.note"
                                                                                    ],
                                                                                    "Index Cond": "(mi_idx2.movie_id = ml.linked_movie_id)",
                                                                                    "Rows Removed by Index Recheck": 0,
                                                                                    "Filter": "(mi_idx2.info < '6.5'::text)",
                                                                                    "Rows Removed by Filter": 1
                                                                                }
                                                                            ]
                                                                        },
                                                                        {
                                                                            "Node Type": "Hash",
                                                                            "Parent Relationship": "Inner",
                                                                            "Parallel Aware": false,
                                                                            "Startup Cost": 2.41,
                                                                            "Total Cost": 2.41,
                                                                            "Plan Rows": 1,
                                                                            "Plan Width": 4,
                                                                            "Actual Startup Time": 0.102,
                                                                            "Actual Total Time": 0.103,
                                                                            "Actual Rows": 1,
                                                                            "Actual Loops": 1,
                                                                            "Output": [
                                                                                "it2.id"
                                                                            ],
                                                                            "Hash Buckets": 1024,
                                                                            "Original Hash Buckets": 1024,
                                                                            "Hash Batches": 1,
                                                                            "Original Hash Batches": 1,
                                                                            "Peak Memory Usage": 9,
                                                                            "Plans": [
                                                                                {
                                                                                    "Node Type": "Seq Scan",
                                                                                    "Parent Relationship": "Outer",
                                                                                    "Parallel Aware": false,
                                                                                    "Relation Name": "info_type",
                                                                                    "Schema": "public",
                                                                                    "Alias": "it2",
                                                                                    "Startup Cost": 0.0,
                                                                                    "Total Cost": 2.41,
                                                                                    "Plan Rows": 1,
                                                                                    "Plan Width": 4,
                                                                                    "Actual Startup Time": 0.076,
                                                                                    "Actual Total Time": 0.082,
                                                                                    "Actual Rows": 1,
                                                                                    "Actual Loops": 1,
                                                                                    "Output": [
                                                                                        "it2.id"
                                                                                    ],
                                                                                    "Filter": "((it2.info)::text = 'rating'::text COLLATE \"C\")",
                                                                                    "Rows Removed by Filter": 112
                                                                                }
                                                                            ]
                                                                        }
                                                                    ]
                                                                },
                                                                {
                                                                    "Node Type": "Index Scan",
                                                                    "Parent Relationship": "Inner",
                                                                    "Parallel Aware": false,
                                                                    "Scan Direction": "Forward",
                                                                    "Index Name": "title_pkey",
                                                                    "Relation Name": "title",
                                                                    "Schema": "public",
                                                                    "Alias": "t2",
                                                                    "Startup Cost": 0.43,
                                                                    "Total Cost": 0.62,
                                                                    "Plan Rows": 1,
                                                                    "Plan Width": 25,
                                                                    "Actual Startup Time": 0.014,
                                                                    "Actual Total Time": 0.014,
                                                                    "Actual Rows": 0,
                                                                    "Actual Loops": 1292,
                                                                    "Output": [
                                                                        "t2.id",
                                                                        "t2.title",
                                                                        "t2.imdb_index",
                                                                        "t2.kind_id",
                                                                        "t2.production_year",
                                                                        "t2.imdb_id",
                                                                        "t2.phonetic_code",
                                                                        "t2.episode_of_id",
                                                                        "t2.season_nr",
                                                                        "t2.episode_nr",
                                                                        "t2.series_years",
                                                                        "t2.md5sum"
                                                                    ],
                                                                    "Index Cond": "(t2.id = mi_idx2.movie_id)",
                                                                    "Rows Removed by Index Recheck": 0,
                                                                    "Filter": "((t2.production_year >= 2004) AND (t2.production_year <= 2011))",
                                                                    "Rows Removed by Filter": 1
                                                                }
                                                            ]
                                                        },
                                                        {
                                                            "Node Type": "Index Scan",
                                                            "Parent Relationship": "Inner",
                                                            "Parallel Aware": false,
                                                            "Scan Direction": "Forward",
                                                            "Index Name": "kind_type_pkey",
                                                            "Relation Name": "kind_type",
                                                            "Schema": "public",
                                                            "Alias": "kt2",
                                                            "Startup Cost": 0.13,
                                                            "Total Cost": 0.15,
                                                            "Plan Rows": 1,
                                                            "Plan Width": 4,
                                                            "Actual Startup Time": 0.002,
                                                            "Actual Total Time": 0.002,
                                                            "Actual Rows": 0,
                                                            "Actual Loops": 583,
                                                            "Output": [
                                                                "kt2.id",
                                                                "kt2.kind"
                                                            ],
                                                            "Index Cond": "(kt2.id = t2.kind_id)",
                                                            "Rows Removed by Index Recheck": 0,
                                                            "Filter": "((kt2.kind)::text = ANY ('{\"tv series\",episode}'::text[]))",
                                                            "Rows Removed by Filter": 1
                                                        }
                                                    ]
                                                },
                                                {
                                                    "Node Type": "Index Scan",
                                                    "Parent Relationship": "Inner",
                                                    "Parallel Aware": false,
                                                    "Scan Direction": "Forward",
                                                    "Index Name": "movie_id_movie_companies",
                                                    "Relation Name": "movie_companies",
                                                    "Schema": "public",
                                                    "Alias": "mc1",
                                                    "Startup Cost": 0.43,
                                                    "Total Cost": 0.56,
                                                    "Plan Rows": 5,
                                                    "Plan Width": 8,
                                                    "Actual Startup Time": 0.009,
                                                    "Actual Total Time": 0.014,
                                                    "Actual Rows": 17,
                                                    "Actual Loops": 192,
                                                    "Output": [
                                                        "mc1.id",
                                                        "mc1.movie_id",
                                                        "mc1.company_id",
                                                        "mc1.company_type_id",
                                                        "mc1.note"
                                                    ],
                                                    "Index Cond": "(mc1.movie_id = t1.id)",
                                                    "Rows Removed by Index Recheck": 0
                                                }
                                            ]
                                        },
                                        {
                                            "Node Type": "Index Scan",
                                            "Parent Relationship": "Inner",
                                            "Parallel Aware": false,
                                            "Scan Direction": "Forward",
                                            "Index Name": "company_name_pkey",
                                            "Relation Name": "company_name",
                                            "Schema": "public",
                                            "Alias": "cn1",
                                            "Startup Cost": 0.42,
                                            "Total Cost": 0.45,
                                            "Plan Rows": 1,
                                            "Plan Width": 23,
                                            "Actual Startup Time": 0.003,
                                            "Actual Total Time": 0.003,
                                            "Actual Rows": 1,
                                            "Actual Loops": 3245,
                                            "Output": [
                                                "cn1.id",
                                                "cn1.name",
                                                "cn1.country_code",
                                                "cn1.imdb_id",
                                                "cn1.name_pcode_nf",
                                                "cn1.name_pcode_sf",
                                                "cn1.md5sum"
                                            ],
                                            "Index Cond": "(cn1.id = mc1.company_id)",
                                            "Rows Removed by Index Recheck": 0,
                                            "Filter": "((cn1.country_code)::text <> '[us]'::text)",
                                            "Rows Removed by Filter": 0
                                        }
                                    ]
                                },
                                {
                                    "Node Type": "Index Scan",
                                    "Parent Relationship": "Inner",
                                    "Parallel Aware": false,
                                    "Scan Direction": "Forward",
                                    "Index Name": "movie_id_movie_companies",
                                    "Relation Name": "movie_companies",
                                    "Schema": "public",
                                    "Alias": "mc2",
                                    "Startup Cost": 0.43,
                                    "Total Cost": 0.63,
                                    "Plan Rows": 5,
                                    "Plan Width": 8,
                                    "Actual Startup Time": 0.002,
                                    "Actual Total Time": 0.003,
                                    "Actual Rows": 2,
                                    "Actual Loops": 2221,
                                    "Output": [
                                        "mc2.id",
                                        "mc2.movie_id",
                                        "mc2.company_id",
                                        "mc2.company_type_id",
                                        "mc2.note"
                                    ],
                                    "Index Cond": "(mc2.movie_id = t2.id)",
                                    "Rows Removed by Index Recheck": 0
                                }
                            ]
                        },
                        {
                            "Node Type": "Index Scan",
                            "Parent Relationship": "Inner",
                            "Parallel Aware": false,
                            "Scan Direction": "Forward",
                            "Index Name": "company_name_pkey",
                            "Relation Name": "company_name",
                            "Schema": "public",
                            "Alias": "cn2",
                            "Startup Cost": 0.42,
                            "Total Cost": 0.44,
                            "Plan Rows": 1,
                            "Plan Width": 23,
                            "Actual Startup Time": 0.002,
                            "Actual Total Time": 0.002,
                            "Actual Rows": 1,
                            "Actual Loops": 3663,
                            "Output": [
                                "cn2.id",
                                "cn2.name",
                                "cn2.country_code",
                                "cn2.imdb_id",
                                "cn2.name_pcode_nf",
                                "cn2.name_pcode_sf",
                                "cn2.md5sum"
                            ],
                            "Index Cond": "(cn2.id = mc2.company_id)",
                            "Rows Removed by Index Recheck": 0
                        }
                    ]
                }
            ]
        },
        "Planning Time": 1869.028,
        "Triggers": [],
        "Execution Time": 169.263
    }
]