[
  {
    "Plan": {
      "Node Type": "Aggregate",
      "Strategy": "Plain",
      "Partial Mode": "Finalize",
      "Parallel Aware": false,
      "Startup Cost": 603139.77,
      "Total Cost": 603139.78,
      "Plan Rows": 1,
      "Plan Width": 8,
      "Actual Startup Time": 1656.855,
      "Actual Total Time": 1751.202,
      "Actual Rows": 1,
      "Actual Loops": 1,
      "Plans": [
        {
          "Node Type": "Gather",
          "Parent Relationship": "Outer",
          "Parallel Aware": false,
          "Startup Cost": 603139.14,
          "Total Cost": 603139.75,
          "Plan Rows": 6,
          "Plan Width": 8,
          "Actual Startup Time": 1650.333,
          "Actual Total Time": 1751.181,
          "Actual Rows": 7,
          "Actual Loops": 1,
          "Workers Planned": 6,
          "Workers Launched": 6,
          "Single Copy": false,
          "Plans": [
            {
              "Node Type": "Aggregate",
              "Strategy": "Plain",
              "Partial Mode": "Partial",
              "Parent Relationship": "Outer",
              "Parallel Aware": false,
              "Startup Cost": 602139.14,
              "Total Cost": 602139.15,
              "Plan Rows": 1,
              "Plan Width": 8,
              "Actual Startup Time": 1636.106,
              "Actual Total Time": 1636.157,
              "Actual Rows": 1,
              "Actual Loops": 7,
              "Plans": [
                {
                  "Node Type": "Hash Join",
                  "Parent Relationship": "Outer",
                  "Parallel Aware": true,
                  "Join Type": "Inner",
                  "Startup Cost": 248452.05,
                  "Total Cost": 600102.56,
                  "Plan Rows": 814632,
                  "Plan Width": 0,
                  "Actual Startup Time": 950.826,
                  "Actual Total Time": 1628.086,
                  "Actual Rows": 170850,
                  "Actual Loops": 7,
                  "Inner Unique": false,
                  "Hash Cond": "(ci.movie_id = t.id)",
                  "Plans": [
                    {
                      "Node Type": "Seq Scan",
                      "Parent Relationship": "Outer",
                      "Parallel Aware": true,
                      "Relation Name": "cast_info",
                      "Alias": "ci",
                      "Startup Cost": 0.0,
                      "Total Cost": 343316.27,
                      "Plan Rows": 1787992,
                      "Plan Width": 4,
                      "Actual Startup Time": 208.392,
                      "Actual Total Time": 681.665,
                      "Actual Rows": 1105326,
                      "Actual Loops": 7,
                      "Filter": "((person_id > 1697339) AND (role_id < 3))",
                      "Rows Removed by Filter": 4072438
                    },
                    {
                      "Node Type": "Hash",
                      "Parent Relationship": "Inner",
                      "Parallel Aware": true,
                      "Startup Cost": 245572.09,
                      "Total Cost": 245572.09,
                      "Plan Rows": 230397,
                      "Plan Width": 8,
                      "Actual Startup Time": 737.013,
                      "Actual Total Time": 737.061,
                      "Actual Rows": 80995,
                      "Actual Loops": 7,
                      "Hash Buckets": 2097152,
                      "Original Hash Buckets": 2097152,
                      "Hash Batches": 1,
                      "Original Hash Batches": 1,
                      "Peak Memory Usage": 38656,
                      "Plans": [
                        {
                          "Node Type": "Hash Join",
                          "Parent Relationship": "Outer",
                          "Parallel Aware": true,
                          "Join Type": "Inner",
                          "Startup Cost": 46092.69,
                          "Total Cost": 245572.09,
                          "Plan Rows": 230397,
                          "Plan Width": 8,
                          "Actual Startup Time": 91.661,
                          "Actual Total Time": 688.573,
                          "Actual Rows": 80995,
                          "Actual Loops": 7,
                          "Inner Unique": true,
                          "Hash Cond": "(mi.movie_id = t.id)",
                          "Plans": [
                            {
                              "Node Type": "Seq Scan",
                              "Parent Relationship": "Outer",
                              "Parallel Aware": true,
                              "Relation Name": "movie_info",
                              "Alias": "mi",
                              "Startup Cost": 0.0,
                              "Total Cost": 191685.19,
                              "Plan Rows": 2969219,
                              "Plan Width": 4,
                              "Actual Startup Time": 0.043,
                              "Actual Total Time": 333.753,
                              "Actual Rows": 2119389,
                              "Actual Loops": 7
                            },
                            {
                              "Node Type": "Hash",
                              "Parent Relationship": "Inner",
                              "Parallel Aware": true,
                              "Startup Cost": 45479.59,
                              "Total Cost": 45479.59,
                              "Plan Rows": 49048,
                              "Plan Width": 4,
                              "Actual Startup Time": 90.278,
                              "Actual Total Time": 90.281,
                              "Actual Rows": 14879,
                              "Actual Loops": 7,
                              "Hash Buckets": 262144,
                              "Original Hash Buckets": 262144,
                              "Hash Batches": 1,
                              "Original Hash Batches": 1,
                              "Peak Memory Usage": 6272,
                              "Plans": [
                                {
                                  "Node Type": "Seq Scan",
                                  "Parent Relationship": "Outer",
                                  "Parallel Aware": true,
                                  "Relation Name": "title",
                                  "Alias": "t",
                                  "Startup Cost": 0.0,
                                  "Total Cost": 45479.59,
                                  "Plan Rows": 49048,
                                  "Plan Width": 4,
                                  "Actual Startup Time": 0.049,
                                  "Actual Total Time": 80.351,
                                  "Actual Rows": 14879,
                                  "Actual Loops": 7,
                                  "Filter": "((production_year < 1968) AND (kind_id = 7))",
                                  "Rows Removed by Filter": 346308
                                }
                              ]
                            }
                          ]
                        }
                      ]
                    }
                  ]
                }
              ]
            }
          ]
        }
      ]
    },
    "Planning Time": 1.367,
    "Triggers": [],
    "Execution Time": 1751.302
  }
]