[
  {
    "Plan": {
      "Node Type": "Aggregate",
      "Strategy": "Plain",
      "Partial Mode": "Simple",
      "Parallel Aware": false,
      "Startup Cost": 920.84,
      "Total Cost": 920.85,
      "Plan Rows": 1,
      "Plan Width": 96,
      "Actual Startup Time": 58.668,
      "Actual Total Time": 58.675,
      "Actual Rows": 1,
      "Actual Loops": 1,
      "Plans": [
        {
          "Node Type": "Nested Loop",
          "Parent Relationship": "Outer",
          "Parallel Aware": false,
          "Join Type": "Inner",
          "Startup Cost": 337.41,
          "Total Cost": 920.83,
          "Plan Rows": 1,
          "Plan Width": 48,
          "Actual Startup Time": 8.278,
          "Actual Total Time": 58.582,
          "Actual Rows": 476,
          "Actual Loops": 1,
          "Inner Unique": true,
          "Join Filter": "(ml.movie_id = t.id)",
          "Rows Removed by Join Filter": 0,
          "Plans": [
            {
              "Node Type": "Nested Loop",
              "Parent Relationship": "Outer",
              "Parallel Aware": false,
              "Join Type": "Inner",
              "Startup Cost": 336.98,
              "Total Cost": 920.32,
              "Plan Rows": 1,
              "Plan Width": 51,
              "Actual Startup Time": 8.238,
              "Actual Total Time": 57.894,
              "Actual Rows": 476,
              "Actual Loops": 1,
              "Inner Unique": true,
              "Plans": [
                {
                  "Node Type": "Merge Join",
                  "Parent Relationship": "Outer",
                  "Parallel Aware": false,
                  "Join Type": "Inner",
                  "Startup Cost": 336.56,
                  "Total Cost": 902.21,
                  "Plan Rows": 41,
                  "Plan Width": 55,
                  "Actual Startup Time": 8.164,
                  "Actual Total Time": 50.163,
                  "Actual Rows": 6481,
                  "Actual Loops": 1,
                  "Inner Unique": false,
                  "Merge Cond": "(mk.movie_id = ml.movie_id)",
                  "Plans": [
                    {
                      "Node Type": "Nested Loop",
                      "Parent Relationship": "Outer",
                      "Parallel Aware": false,
                      "Join Type": "Inner",
                      "Startup Cost": 2.14,
                      "Total Cost": 27063.97,
                      "Plan Rows": 2430,
                      "Plan Width": 39,
                      "Actual Startup Time": 6.447,
                      "Actual Total Time": 47.228,
                      "Actual Rows": 396,
                      "Actual Loops": 1,
                      "Inner Unique": false,
                      "Plans": [
                        {
                          "Node Type": "Nested Loop",
                          "Parent Relationship": "Outer",
                          "Parallel Aware": false,
                          "Join Type": "Inner",
                          "Startup Cost": 1.71,
                          "Total Cost": 26561.38,
                          "Plan Rows": 273,
                          "Plan Width": 31,
                          "Actual Startup Time": 4.176,
                          "Actual Total Time": 46.813,
                          "Actual Rows": 74,
                          "Actual Loops": 1,
                          "Inner Unique": false,
                          "Plans": [
                            {
                              "Node Type": "Nested Loop",
                              "Parent Relationship": "Outer",
                              "Parallel Aware": false,
                              "Join Type": "Inner",
                              "Startup Cost": 1.27,
                              "Total Cost": 23627.16,
                              "Plan Rows": 1274,
                              "Plan Width": 27,
                              "Actual Startup Time": 1.673,
                              "Actual Total Time": 37.519,
                              "Actual Rows": 378,
                              "Actual Loops": 1,
                              "Inner Unique": true,
                              "Plans": [
                                {
                                  "Node Type": "Nested Loop",
                                  "Parent Relationship": "Outer",
                                  "Parallel Aware": false,
                                  "Join Type": "Inner",
                                  "Startup Cost": 0.85,
                                  "Total Cost": 21210.93,
                                  "Plan Rows": 5285,
                                  "Plan Width": 12,
                                  "Actual Startup Time": 0.31,
                                  "Actual Total Time": 25.431,
                                  "Actual Rows": 5791,
                                  "Actual Loops": 1,
                                  "Inner Unique": true,
                                  "Join Filter": "(mc.company_type_id = ct.id)",
                                  "Rows Removed by Join Filter": 189,
                                  "Plans": [
                                    {
                                      "Node Type": "Nested Loop",
                                      "Parent Relationship": "Outer",
                                      "Parallel Aware": false,
                                      "Join Type": "Inner",
                                      "Startup Cost": 0.85,
                                      "Total Cost": 20892.76,
                                      "Plan Rows": 21141,
                                      "Plan Width": 16,
                                      "Actual Startup Time": 0.302,
                                      "Actual Total Time": 24.126,
                                      "Actual Rows": 5980,
                                      "Actual Loops": 1,
                                      "Inner Unique": false,
                                      "Plans": [
                                        {
                                          "Node Type": "Nested Loop",
                                          "Parent Relationship": "Outer",
                                          "Parallel Aware": false,
                                          "Join Type": "Inner",
                                          "Startup Cost": 0.42,
                                          "Total Cost": 9192.61,
                                          "Plan Rows": 8443,
                                          "Plan Width": 4,
                                          "Actual Startup Time": 0.035,
                                          "Actual Total Time": 6.956,
                                          "Actual Rows": 6365,
                                          "Actual Loops": 1,
                                          "Inner Unique": true,
                                          "Join Filter": "(cc.status_id = cct2.id)",
                                          "Rows Removed by Join Filter": 516,
                                          "Plans": [
                                            {
                                              "Node Type": "Nested Loop",
                                              "Parent Relationship": "Outer",
                                              "Parallel Aware": false,
                                              "Join Type": "Inner",
                                              "Startup Cost": 0.42,
                                              "Total Cost": 8684.98,
                                              "Plan Rows": 33772,
                                              "Plan Width": 8,
                                              "Actual Startup Time": 0.022,
                                              "Actual Total Time": 5.702,
                                              "Actual Rows": 6365,
                                              "Actual Loops": 1,
                                              "Inner Unique": true,
                                              "Join Filter": "(cc.subject_id = cct1.id)",
                                              "Rows Removed by Join Filter": 3887,
                                              "Plans": [
                                                {
                                                  "Node Type": "Index Scan",
                                                  "Parent Relationship": "Outer",
                                                  "Parallel Aware": false,
                                                  "Scan Direction": "Forward",
                                                  "Index Name": "movie_id_complete_cast",
                                                  "Relation Name": "complete_cast",
                                                  "Alias": "cc",
                                                  "Startup Cost": 0.42,
                                                  "Total Cost": 6657.64,
                                                  "Plan Rows": 135086,
                                                  "Plan Width": 12,
                                                  "Actual Startup Time": 0.008,
                                                  "Actual Total Time": 3.349,
                                                  "Actual Rows": 10252,
                                                  "Actual Loops": 1
                                                },
                                                {
                                                  "Node Type": "Materialize",
                                                  "Parent Relationship": "Inner",
                                                  "Parallel Aware": false,
                                                  "Startup Cost": 0.0,
                                                  "Total Cost": 1.05,
                                                  "Plan Rows": 1,
                                                  "Plan Width": 4,
                                                  "Actual Startup Time": 0.0,
                                                  "Actual Total Time": 0.0,
                                                  "Actual Rows": 1,
                                                  "Actual Loops": 10252,
                                                  "Plans": [
                                                    {
                                                      "Node Type": "Seq Scan",
                                                      "Parent Relationship": "Outer",
                                                      "Parallel Aware": false,
                                                      "Relation Name": "comp_cast_type",
                                                      "Alias": "cct1",
                                                      "Startup Cost": 0.0,
                                                      "Total Cost": 1.05,
                                                      "Plan Rows": 1,
                                                      "Plan Width": 4,
                                                      "Actual Startup Time": 0.008,
                                                      "Actual Total Time": 0.009,
                                                      "Actual Rows": 1,
                                                      "Actual Loops": 1,
                                                      "Filter": "((kind)::text = 'cast'::text)",
                                                      "Rows Removed by Filter": 3
                                                    }
                                                  ]
                                                }
                                              ]
                                            },
                                            {
                                              "Node Type": "Materialize",
                                              "Parent Relationship": "Inner",
                                              "Parallel Aware": false,
                                              "Startup Cost": 0.0,
                                              "Total Cost": 1.05,
                                              "Plan Rows": 1,
                                              "Plan Width": 4,
                                              "Actual Startup Time": 0.0,
                                              "Actual Total Time": 0.0,
                                              "Actual Rows": 1,
                                              "Actual Loops": 6365,
                                              "Plans": [
                                                {
                                                  "Node Type": "Seq Scan",
                                                  "Parent Relationship": "Outer",
                                                  "Parallel Aware": false,
                                                  "Relation Name": "comp_cast_type",
                                                  "Alias": "cct2",
                                                  "Startup Cost": 0.0,
                                                  "Total Cost": 1.05,
                                                  "Plan Rows": 1,
                                                  "Plan Width": 4,
                                                  "Actual Startup Time": 0.01,
                                                  "Actual Total Time": 0.011,
                                                  "Actual Rows": 2,
                                                  "Actual Loops": 1,
                                                  "Filter": "((kind)::text ~~ 'complete%'::text)",
                                                  "Rows Removed by Filter": 2
                                                }
                                              ]
                                            }
                                          ]
                                        },
                                        {
                                          "Node Type": "Index Scan",
                                          "Parent Relationship": "Inner",
                                          "Parallel Aware": false,
                                          "Scan Direction": "Forward",
                                          "Index Name": "movie_id_movie_companies",
                                          "Relation Name": "movie_companies",
                                          "Alias": "mc",
                                          "Startup Cost": 0.43,
                                          "Total Cost": 1.36,
                                          "Plan Rows": 3,
                                          "Plan Width": 12,
                                          "Actual Startup Time": 0.002,
                                          "Actual Total Time": 0.002,
                                          "Actual Rows": 1,
                                          "Actual Loops": 6365,
                                          "Index Cond": "(movie_id = cc.movie_id)",
                                          "Rows Removed by Index Recheck": 0,
                                          "Filter": "(note IS NULL)",
                                          "Rows Removed by Filter": 1
                                        }
                                      ]
                                    },
                                    {
                                      "Node Type": "Materialize",
                                      "Parent Relationship": "Inner",
                                      "Parallel Aware": false,
                                      "Startup Cost": 0.0,
                                      "Total Cost": 1.05,
                                      "Plan Rows": 1,
                                      "Plan Width": 4,
                                      "Actual Startup Time": 0.0,
                                      "Actual Total Time": 0.0,
                                      "Actual Rows": 1,
                                      "Actual Loops": 5980,
                                      "Plans": [
                                        {
                                          "Node Type": "Seq Scan",
                                          "Parent Relationship": "Outer",
                                          "Parallel Aware": false,
                                          "Relation Name": "company_type",
                                          "Alias": "ct",
                                          "Startup Cost": 0.0,
                                          "Total Cost": 1.05,
                                          "Plan Rows": 1,
                                          "Plan Width": 4,
                                          "Actual Startup Time": 0.003,
                                          "Actual Total Time": 0.004,
                                          "Actual Rows": 1,
                                          "Actual Loops": 1,
                                          "Filter": "((kind)::text = 'production companies'::text)",
                                          "Rows Removed by Filter": 3
                                        }
                                      ]
                                    }
                                  ]
                                },
                                {
                                  "Node Type": "Index Scan",
                                  "Parent Relationship": "Inner",
                                  "Parallel Aware": false,
                                  "Scan Direction": "Forward",
                                  "Index Name": "company_name_pkey",
                                  "Relation Name": "company_name",
                                  "Alias": "cn",
                                  "Startup Cost": 0.42,
                                  "Total Cost": 0.46,
                                  "Plan Rows": 1,
                                  "Plan Width": 23,
                                  "Actual Startup Time": 0.002,
                                  "Actual Total Time": 0.002,
                                  "Actual Rows": 0,
                                  "Actual Loops": 5791,
                                  "Index Cond": "(id = mc.company_id)",
                                  "Rows Removed by Index Recheck": 0,
                                  "Filter": "(((country_code)::text <> '[pl]'::text) AND ((name ~~ '%Film%'::text) OR (name ~~ '%Warner%'::text)))",
                                  "Rows Removed by Filter": 1
                                }
                              ]
                            },
                            {
                              "Node Type": "Index Scan",
                              "Parent Relationship": "Inner",
                              "Parallel Aware": false,
                              "Scan Direction": "Forward",
                              "Index Name": "movie_id_movie_info",
                              "Relation Name": "movie_info",
                              "Alias": "mi",
                              "Startup Cost": 0.43,
                              "Total Cost": 2.29,
                              "Plan Rows": 1,
                              "Plan Width": 4,
                              "Actual Startup Time": 0.024,
                              "Actual Total Time": 0.024,
                              "Actual Rows": 0,
                              "Actual Loops": 378,
                              "Index Cond": "(movie_id = mc.movie_id)",
                              "Rows Removed by Index Recheck": 0,
                              "Filter": "(info = ANY ('{Denmark,Sweden,Norwegian,German,Swedish,America,American,Denish,Denmark}'::text[]))",
                              "Rows Removed by Filter": 15
                            }
                          ]
                        },
                        {
                          "Node Type": "Index Scan",
                          "Parent Relationship": "Inner",
                          "Parallel Aware": false,
                          "Scan Direction": "Forward",
                          "Index Name": "movie_id_movie_keyword",
                          "Relation Name": "movie_keyword",
                          "Alias": "mk",
                          "Startup Cost": 0.43,
                          "Total Cost": 1.38,
                          "Plan Rows": 46,
                          "Plan Width": 8,
                          "Actual Startup Time": 0.004,
                          "Actual Total Time": 0.005,
                          "Actual Rows": 5,
                          "Actual Loops": 74,
                          "Index Cond": "(movie_id = mc.movie_id)",
                          "Rows Removed by Index Recheck": 0
                        }
                      ]
                    },
                    {
                      "Node Type": "Sort",
                      "Parent Relationship": "Inner",
                      "Parallel Aware": false,
                      "Startup Cost": 334.38,
                      "Total Cost": 338.55,
                      "Plan Rows": 1666,
                      "Plan Width": 16,
                      "Actual Startup Time": 1.673,
                      "Actual Total Time": 2.014,
                      "Actual Rows": 8719,
                      "Actual Loops": 1,
                      "Sort Key": [
                        "ml.movie_id"
                      ],
                      "Sort Method": "quicksort",
                      "Sort Space Used": 205,
                      "Sort Space Type": "Memory",
                      "Plans": [
                        {
                          "Node Type": "Nested Loop",
                          "Parent Relationship": "Outer",
                          "Parallel Aware": false,
                          "Join Type": "Inner",
                          "Startup Cost": 38.82,
                          "Total Cost": 245.23,
                          "Plan Rows": 1666,
                          "Plan Width": 16,
                          "Actual Startup Time": 0.105,
                          "Actual Total Time": 1.097,
                          "Actual Rows": 2315,
                          "Actual Loops": 1,
                          "Inner Unique": false,
                          "Plans": [
                            {
                              "Node Type": "Seq Scan",
                              "Parent Relationship": "Outer",
                              "Parallel Aware": false,
                              "Relation Name": "link_type",
                              "Alias": "lt",
                              "Startup Cost": 0.0,
                              "Total Cost": 1.23,
                              "Plan Rows": 1,
                              "Plan Width": 16,
                              "Actual Startup Time": 0.006,
                              "Actual Total Time": 0.009,
                              "Actual Rows": 2,
                              "Actual Loops": 1,
                              "Filter": "((link)::text ~~ '%follow%'::text)",
                              "Rows Removed by Filter": 16
                            },
                            {
                              "Node Type": "Bitmap Heap Scan",
                              "Parent Relationship": "Inner",
                              "Parallel Aware": false,
                              "Relation Name": "movie_link",
                              "Alias": "ml",
                              "Startup Cost": 38.82,
                              "Total Cost": 225.26,
                              "Plan Rows": 1875,
                              "Plan Width": 8,
                              "Actual Startup Time": 0.075,
                              "Actual Total Time": 0.44,
                              "Actual Rows": 1158,
                              "Actual Loops": 2,
                              "Recheck Cond": "(link_type_id = lt.id)",
                              "Rows Removed by Index Recheck": 0,
                              "Exact Heap Blocks": 191,
                              "Lossy Heap Blocks": 0,
                              "Plans": [
                                {
                                  "Node Type": "Bitmap Index Scan",
                                  "Parent Relationship": "Outer",
                                  "Parallel Aware": false,
                                  "Index Name": "link_type_id_movie_link",
                                  "Startup Cost": 0.0,
                                  "Total Cost": 38.35,
                                  "Plan Rows": 1875,
                                  "Plan Width": 0,
                                  "Actual Startup Time": 0.064,
                                  "Actual Total Time": 0.064,
                                  "Actual Rows": 1158,
                                  "Actual Loops": 2,
                                  "Index Cond": "(link_type_id = lt.id)"
                                }
                              ]
                            }
                          ]
                        }
                      ]
                    }
                  ]
                },
                {
                  "Node Type": "Index Scan",
                  "Parent Relationship": "Inner",
                  "Parallel Aware": false,
                  "Scan Direction": "Forward",
                  "Index Name": "keyword_pkey",
                  "Relation Name": "keyword",
                  "Alias": "k",
                  "Startup Cost": 0.42,
                  "Total Cost": 0.44,
                  "Plan Rows": 1,
                  "Plan Width": 4,
                  "Actual Startup Time": 0.001,
                  "Actual Total Time": 0.001,
                  "Actual Rows": 0,
                  "Actual Loops": 6481,
                  "Index Cond": "(id = mk.keyword_id)",
                  "Rows Removed by Index Recheck": 0,
                  "Filter": "(keyword = 'sequel'::text)",
                  "Rows Removed by Filter": 1
                }
              ]
            },
            {
              "Node Type": "Index Scan",
              "Parent Relationship": "Inner",
              "Parallel Aware": false,
              "Scan Direction": "Forward",
              "Index Name": "title_pkey",
              "Relation Name": "title",
              "Alias": "t",
              "Startup Cost": 0.43,
              "Total Cost": 0.49,
              "Plan Rows": 1,
              "Plan Width": 21,
              "Actual Startup Time": 0.001,
              "Actual Total Time": 0.001,
              "Actual Rows": 1,
              "Actual Loops": 476,
              "Index Cond": "(id = mk.movie_id)",
              "Rows Removed by Index Recheck": 0,
              "Filter": "((production_year >= 1994) AND (production_year <= 2006))",
              "Rows Removed by Filter": 0
            }
          ]
        }
      ]
    },
    "Planning Time": 105.441,
    "Triggers": [],
    "Execution Time": 59.002
  }
]