{
  "Plan": {
    "Node Type": "Aggregate",
    "Strategy": "Plain",
    "Partial Mode": "Finalize",
    "Parallel Aware": false,
    "Startup Cost": 320060.88,
    "Total Cost": 320060.89,
    "Plan Rows": 1,
    "Plan Width": 8,
    "Actual Startup Time": 2627.874,
    "Actual Total Time": 2654.452,
    "Actual Rows": 1,
    "Actual Loops": 1,
    "Plans": [
      {
        "Node Type": "Gather",
        "Parent Relationship": "Outer",
        "Parallel Aware": false,
        "Startup Cost": 320060.76,
        "Total Cost": 320060.87,
        "Plan Rows": 1,
        "Plan Width": 8,
        "Actual Startup Time": 2620.859,
        "Actual Total Time": 2654.444,
        "Actual Rows": 2,
        "Actual Loops": 1,
        "Workers Planned": 1,
        "Workers Launched": 1,
        "Single Copy": false,
        "Plans": [
          {
            "Node Type": "Aggregate",
            "Strategy": "Plain",
            "Partial Mode": "Partial",
            "Parent Relationship": "Outer",
            "Parallel Aware": false,
            "Startup Cost": 319060.76,
            "Total Cost": 319060.77,
            "Plan Rows": 1,
            "Plan Width": 8,
            "Actual Startup Time": 2614.479,
            "Actual Total Time": 2614.485,
            "Actual Rows": 1,
            "Actual Loops": 2,
            "Plans": [
              {
                "Node Type": "Hash Join",
                "Parent Relationship": "Outer",
                "Parallel Aware": true,
                "Join Type": "Inner",
                "Startup Cost": 252590.14,
                "Total Cost": 317442.48,
                "Plan Rows": 647314,
                "Plan Width": 0,
                "Actual Startup Time": 754.467,
                "Actual Total Time": 2017.034,
                "Actual Rows": 14288392,
                "Actual Loops": 2,
                "Inner Unique": false,
                "Hash Cond": "(mk.movie_id = t.id)",
                "Plans": [
                  {
                    "Node Type": "Seq Scan",
                    "Parent Relationship": "Outer",
                    "Parallel Aware": true,
                    "Relation Name": "movie_keyword",
                    "Alias": "mk",
                    "Startup Cost": 0.0,
                    "Total Cost": 51065.35,
                    "Plan Rows": 2661135,
                    "Plan Width": 4,
                    "Actual Startup Time": 0.011,
                    "Actual Total Time": 151.252,
                    "Actual Rows": 2261965,
                    "Actual Loops": 2
                  },
                  {
                    "Node Type": "Hash",
                    "Parent Relationship": "Inner",
                    "Parallel Aware": true,
                    "Startup Cost": 248068.08,
                    "Total Cost": 248068.08,
                    "Plan Rows": 361765,
                    "Plan Width": 8,
                    "Actual Startup Time": 745.233,
                    "Actual Total Time": 745.238,
                    "Actual Rows": 299228,
                    "Actual Loops": 2,
                    "Hash Buckets": 1048576,
                    "Original Hash Buckets": 1048576,
                    "Hash Batches": 1,
                    "Original Hash Batches": 1,
                    "Peak Memory Usage": 31616,
                    "Plans": [
                      {
                        "Node Type": "Hash Join",
                        "Parent Relationship": "Outer",
                        "Parallel Aware": true,
                        "Join Type": "Inner",
                        "Startup Cost": 80603.38,
                        "Total Cost": 248068.08,
                        "Plan Rows": 361765,
                        "Plan Width": 8,
                        "Actual Startup Time": 553.266,
                        "Actual Total Time": 680.906,
                        "Actual Rows": 299228,
                        "Actual Loops": 2,
                        "Inner Unique": true,
                        "Hash Cond": "(mi.movie_id = t.id)",
                        "Plans": [
                          {
                            "Node Type": "Bitmap Heap Scan",
                            "Parent Relationship": "Outer",
                            "Parallel Aware": true,
                            "Relation Name": "movie_info",
                            "Alias": "mi",
                            "Startup Cost": 11142.68,
                            "Total Cost": 177657.74,
                            "Plan Rows": 361765,
                            "Plan Width": 4,
                            "Actual Startup Time": 24.167,
                            "Actual Total Time": 80.036,
                            "Actual Rows": 299228,
                            "Actual Loops": 2,
                            "Recheck Cond": "(info_type_id = 15)",
                            "Rows Removed by Index Recheck": 0,
                            "Exact Heap Blocks": 11495,
                            "Lossy Heap Blocks": 0,
                            "Plans": [
                              {
                                "Node Type": "Bitmap Index Scan",
                                "Parent Relationship": "Outer",
                                "Parallel Aware": false,
                                "Index Name": "info_type_id_movie_info",
                                "Startup Cost": 0.0,
                                "Total Cost": 10988.93,
                                "Plan Rows": 615000,
                                "Plan Width": 0,
                                "Actual Startup Time": 21.02,
                                "Actual Total Time": 21.02,
                                "Actual Rows": 598457,
                                "Actual Loops": 1,
                                "Index Cond": "(info_type_id = 15)"
                              }
                            ]
                          },
                          {
                            "Node Type": "Hash",
                            "Parent Relationship": "Inner",
                            "Parallel Aware": true,
                            "Startup Cost": 50870.31,
                            "Total Cost": 50870.31,
                            "Plan Rows": 1487231,
                            "Plan Width": 4,
                            "Actual Startup Time": 513.591,
                            "Actual Total Time": 513.592,
                            "Actual Rows": 1264156,
                            "Actual Loops": 2,
                            "Hash Buckets": 4194304,
                            "Original Hash Buckets": 4194304,
                            "Hash Batches": 1,
                            "Original Hash Batches": 1,
                            "Peak Memory Usage": 131712,
                            "Plans": [
                              {
                                "Node Type": "Seq Scan",
                                "Parent Relationship": "Outer",
                                "Parallel Aware": true,
                                "Relation Name": "title",
                                "Alias": "t",
                                "Startup Cost": 0.0,
                                "Total Cost": 50870.31,
                                "Plan Rows": 1487231,
                                "Plan Width": 4,
                                "Actual Startup Time": 0.032,
                                "Actual Total Time": 151.211,
                                "Actual Rows": 1264156,
                                "Actual Loops": 2
                              }
                            ]
                          }
                        ]
                      }
                    ]
                  }
                ]
              }
            ]
          }
        ]
      }
    ]
  },
  "Planning Time": 0.899,
  "Triggers": [],
  "Execution Time": 2654.556
}