{
  "Plan": {
    "Node Type": "Aggregate",
    "Strategy": "Plain",
    "Partial Mode": "Finalize",
    "Parallel Aware": false,
    "Startup Cost": 116671.25,
    "Total Cost": 116671.26,
    "Plan Rows": 1,
    "Plan Width": 8,
    "Actual Startup Time": 171.106,
    "Actual Total Time": 191.304,
    "Actual Rows": 1,
    "Actual Loops": 1,
    "Plans": [
      {
        "Node Type": "Gather",
        "Parent Relationship": "Outer",
        "Parallel Aware": false,
        "Startup Cost": 116671.14,
        "Total Cost": 116671.25,
        "Plan Rows": 1,
        "Plan Width": 8,
        "Actual Startup Time": 170.97,
        "Actual Total Time": 191.297,
        "Actual Rows": 2,
        "Actual Loops": 1,
        "Workers Planned": 1,
        "Workers Launched": 1,
        "Single Copy": false,
        "Plans": [
          {
            "Node Type": "Aggregate",
            "Strategy": "Plain",
            "Partial Mode": "Partial",
            "Parent Relationship": "Outer",
            "Parallel Aware": false,
            "Startup Cost": 115671.14,
            "Total Cost": 115671.15,
            "Plan Rows": 1,
            "Plan Width": 8,
            "Actual Startup Time": 165.133,
            "Actual Total Time": 165.134,
            "Actual Rows": 1,
            "Actual Loops": 2,
            "Plans": [
              {
                "Node Type": "Nested Loop",
                "Parent Relationship": "Outer",
                "Parallel Aware": false,
                "Join Type": "Inner",
                "Startup Cost": 0.43,
                "Total Cost": 115665.87,
                "Plan Rows": 2108,
                "Plan Width": 0,
                "Actual Startup Time": 42.709,
                "Actual Total Time": 164.324,
                "Actual Rows": 13769,
                "Actual Loops": 2,
                "Inner Unique": false,
                "Plans": [
                  {
                    "Node Type": "Seq Scan",
                    "Parent Relationship": "Outer",
                    "Parallel Aware": true,
                    "Relation Name": "title",
                    "Alias": "t",
                    "Startup Cost": 0.0,
                    "Total Cost": 58306.47,
                    "Plan Rows": 361,
                    "Plan Width": 4,
                    "Actual Startup Time": 42.607,
                    "Actual Total Time": 134.328,
                    "Actual Rows": 913,
                    "Actual Loops": 2,
                    "Filter": "((kind_id < 4) AND (production_year = 1944))",
                    "Rows Removed by Filter": 1263243
                  },
                  {
                    "Node Type": "Index Only Scan",
                    "Parent Relationship": "Inner",
                    "Parallel Aware": false,
                    "Scan Direction": "Forward",
                    "Index Name": "movie_id_movie_info",
                    "Relation Name": "movie_info",
                    "Alias": "mi",
                    "Startup Cost": 0.43,
                    "Total Cost": 158.47,
                    "Plan Rows": 42,
                    "Plan Width": 4,
                    "Actual Startup Time": 0.01,
                    "Actual Total Time": 0.031,
                    "Actual Rows": 15,
                    "Actual Loops": 1826,
                    "Index Cond": "(movie_id = t.id)",
                    "Rows Removed by Index Recheck": 0,
                    "Heap Fetches": 27538
                  }
                ]
              }
            ]
          }
        ]
      }
    ]
  },
  "Planning Time": 0.45,
  "Triggers": [],
  "Execution Time": 191.378
}