[
  {
    "Plan": {
      "Node Type": "Aggregate",
      "Strategy": "Plain",
      "Partial Mode": "Finalize",
      "Parallel Aware": false,
      "Startup Cost": 92492.35,
      "Total Cost": 92492.36,
      "Plan Rows": 1,
      "Plan Width": 8,
      "Actual Startup Time": 381.97,
      "Actual Total Time": 396.657,
      "Actual Rows": 1,
      "Actual Loops": 1,
      "Plans": [
        {
          "Node Type": "Gather",
          "Parent Relationship": "Outer",
          "Parallel Aware": false,
          "Startup Cost": 92492.03,
          "Total Cost": 92492.34,
          "Plan Rows": 3,
          "Plan Width": 8,
          "Actual Startup Time": 375.554,
          "Actual Total Time": 396.647,
          "Actual Rows": 4,
          "Actual Loops": 1,
          "Workers Planned": 3,
          "Workers Launched": 3,
          "Single Copy": false,
          "Plans": [
            {
              "Node Type": "Aggregate",
              "Strategy": "Plain",
              "Partial Mode": "Partial",
              "Parent Relationship": "Outer",
              "Parallel Aware": false,
              "Startup Cost": 91492.03,
              "Total Cost": 91492.04,
              "Plan Rows": 1,
              "Plan Width": 8,
              "Actual Startup Time": 364.294,
              "Actual Total Time": 364.297,
              "Actual Rows": 1,
              "Actual Loops": 4,
              "Plans": [
                {
                  "Node Type": "Hash Join",
                  "Parent Relationship": "Outer",
                  "Parallel Aware": true,
                  "Join Type": "Inner",
                  "Startup Cost": 47831.02,
                  "Total Cost": 91181.64,
                  "Plan Rows": 124157,
                  "Plan Width": 0,
                  "Actual Startup Time": 237.58,
                  "Actual Total Time": 359.269,
                  "Actual Rows": 122603,
                  "Actual Loops": 4,
                  "Inner Unique": true,
                  "Hash Cond": "(mk.movie_id = t.id)",
                  "Plans": [
                    {
                      "Node Type": "Seq Scan",
                      "Parent Relationship": "Outer",
                      "Parallel Aware": true,
                      "Relation Name": "movie_keyword",
                      "Alias": "mk",
                      "Startup Cost": 0.0,
                      "Total Cost": 42695.65,
                      "Plan Rows": 249511,
                      "Plan Width": 4,
                      "Actual Startup Time": 1.866,
                      "Actual Total Time": 85.25,
                      "Actual Rows": 191978,
                      "Actual Loops": 4,
                      "Filter": "(keyword_id > 24382)",
                      "Rows Removed by Filter": 939004
                    },
                    {
                      "Node Type": "Hash",
                      "Parent Relationship": "Inner",
                      "Parallel Aware": true,
                      "Startup Cost": 43899.32,
                      "Total Cost": 43899.32,
                      "Plan Rows": 314536,
                      "Plan Width": 4,
                      "Actual Startup Time": 227.754,
                      "Actual Total Time": 227.755,
                      "Actual Rows": 315925,
                      "Actual Loops": 4,
                      "Hash Buckets": 2097152,
                      "Original Hash Buckets": 2097152,
                      "Hash Batches": 1,
                      "Original Hash Batches": 1,
                      "Peak Memory Usage": 65888,
                      "Plans": [
                        {
                          "Node Type": "Seq Scan",
                          "Parent Relationship": "Outer",
                          "Parallel Aware": true,
                          "Relation Name": "title",
                          "Alias": "t",
                          "Startup Cost": 0.0,
                          "Total Cost": 43899.32,
                          "Plan Rows": 314536,
                          "Plan Width": 4,
                          "Actual Startup Time": 0.036,
                          "Actual Total Time": 107.709,
                          "Actual Rows": 315925,
                          "Actual Loops": 4,
                          "Filter": "(production_year < 2004)",
                          "Rows Removed by Filter": 316153
                        }
                      ]
                    }
                  ]
                }
              ]
            }
          ]
        }
      ]
    },
    "Planning Time": 0.612,
    "Triggers": [],
    "Execution Time": 396.724
  }
]