[
    {
        "Bao": {
            "Bao prediction": "NaN",
            "Bao recommended hint": "(no hint)"
        }
    },
    {
        "Plan": {
            "Node Type": "Aggregate",
            "Strategy": "Plain",
            "Partial Mode": "Finalize",
            "Parallel Aware": false,
            "Startup Cost": 173532.42,
            "Total Cost": 173532.43,
            "Plan Rows": 1,
            "Plan Width": 8,
            "Actual Startup Time": 58.478,
            "Actual Total Time": 61.945,
            "Actual Rows": 1,
            "Actual Loops": 1,
            "Output": [
                "count(*)"
            ],
            "Plans": [
                {
                    "Node Type": "Gather",
                    "Parent Relationship": "Outer",
                    "Parallel Aware": false,
                    "Startup Cost": 173531.9,
                    "Total Cost": 173532.41,
                    "Plan Rows": 5,
                    "Plan Width": 8,
                    "Actual Startup Time": 58.313,
                    "Actual Total Time": 61.939,
                    "Actual Rows": 6,
                    "Actual Loops": 1,
                    "Output": [
                        "(PARTIAL count(*))"
                    ],
                    "Workers Planned": 5,
                    "Workers Launched": 5,
                    "Single Copy": false,
                    "Plans": [
                        {
                            "Node Type": "Aggregate",
                            "Strategy": "Plain",
                            "Partial Mode": "Partial",
                            "Parent Relationship": "Outer",
                            "Parallel Aware": false,
                            "Startup Cost": 172531.9,
                            "Total Cost": 172531.91,
                            "Plan Rows": 1,
                            "Plan Width": 8,
                            "Actual Startup Time": 48.578,
                            "Actual Total Time": 48.579,
                            "Actual Rows": 1,
                            "Actual Loops": 6,
                            "Output": [
                                "PARTIAL count(*)"
                            ],
                            "Workers": [
                                {
                                    "Worker Number": 0,
                                    "Actual Startup Time": 45.85,
                                    "Actual Total Time": 45.852,
                                    "Actual Rows": 1,
                                    "Actual Loops": 1
                                },
                                {
                                    "Worker Number": 1,
                                    "Actual Startup Time": 46.248,
                                    "Actual Total Time": 46.25,
                                    "Actual Rows": 1,
                                    "Actual Loops": 1
                                },
                                {
                                    "Worker Number": 2,
                                    "Actual Startup Time": 47.007,
                                    "Actual Total Time": 47.009,
                                    "Actual Rows": 1,
                                    "Actual Loops": 1
                                },
                                {
                                    "Worker Number": 3,
                                    "Actual Startup Time": 47.171,
                                    "Actual Total Time": 47.173,
                                    "Actual Rows": 1,
                                    "Actual Loops": 1
                                },
                                {
                                    "Worker Number": 4,
                                    "Actual Startup Time": 47.21,
                                    "Actual Total Time": 47.211,
                                    "Actual Rows": 1,
                                    "Actual Loops": 1
                                }
                            ],
                            "Plans": [
                                {
                                    "Node Type": "Bitmap Heap Scan",
                                    "Parent Relationship": "Outer",
                                    "Parallel Aware": true,
                                    "Relation Name": "movie_info",
                                    "Schema": "public",
                                    "Alias": "mi",
                                    "Startup Cost": 9043.52,
                                    "Total Cost": 172282.67,
                                    "Plan Rows": 99692,
                                    "Plan Width": 0,
                                    "Actual Startup Time": 12.149,
                                    "Actual Total Time": 41.346,
                                    "Actual Rows": 87794,
                                    "Actual Loops": 6,
                                    "Recheck Cond": "(mi.info_type_id > 102)",
                                    "Rows Removed by Index Recheck": 0,
                                    "Exact Heap Blocks": 2935,
                                    "Lossy Heap Blocks": 0,
                                    "Workers": [
                                        {
                                            "Worker Number": 0,
                                            "Actual Startup Time": 9.338,
                                            "Actual Total Time": 39.273,
                                            "Actual Rows": 57290,
                                            "Actual Loops": 1
                                        },
                                        {
                                            "Worker Number": 1,
                                            "Actual Startup Time": 9.982,
                                            "Actual Total Time": 39.524,
                                            "Actual Rows": 58321,
                                            "Actual Loops": 1
                                        },
                                        {
                                            "Worker Number": 2,
                                            "Actual Startup Time": 10.852,
                                            "Actual Total Time": 40.042,
                                            "Actual Rows": 57938,
                                            "Actual Loops": 1
                                        },
                                        {
                                            "Worker Number": 3,
                                            "Actual Startup Time": 10.635,
                                            "Actual Total Time": 40.231,
                                            "Actual Rows": 57593,
                                            "Actual Loops": 1
                                        },
                                        {
                                            "Worker Number": 4,
                                            "Actual Startup Time": 10.857,
                                            "Actual Total Time": 40.136,
                                            "Actual Rows": 58418,
                                            "Actual Loops": 1
                                        }
                                    ],
                                    "Plans": [
                                        {
                                            "Node Type": "Bitmap Index Scan",
                                            "Parent Relationship": "Outer",
                                            "Parallel Aware": false,
                                            "Index Name": "info_type_id_movie_info",
                                            "Startup Cost": 0.0,
                                            "Total Cost": 8918.9,
                                            "Plan Rows": 498462,
                                            "Plan Width": 0,
                                            "Actual Startup Time": 20.428,
                                            "Actual Total Time": 20.429,
                                            "Actual Rows": 526764,
                                            "Actual Loops": 1,
                                            "Index Cond": "(mi.info_type_id > 102)"
                                        }
                                    ]
                                }
                            ]
                        }
                    ]
                }
            ]
        },
        "Planning Time": 185.926,
        "Triggers": [],
        "Execution Time": 61.988
    }
]