[
  {
    "Plan": {
      "Node Type": "Aggregate",
      "Strategy": "Plain",
      "Partial Mode": "Finalize",
      "Parallel Aware": false,
      "Startup Cost": 95066.46,
      "Total Cost": 95066.47,
      "Plan Rows": 1,
      "Plan Width": 8,
      "Actual Startup Time": 520.808,
      "Actual Total Time": 538.821,
      "Actual Rows": 1,
      "Actual Loops": 1,
      "Plans": [
        {
          "Node Type": "Gather",
          "Parent Relationship": "Outer",
          "Parallel Aware": false,
          "Startup Cost": 95066.14,
          "Total Cost": 95066.45,
          "Plan Rows": 3,
          "Plan Width": 8,
          "Actual Startup Time": 518.042,
          "Actual Total Time": 538.804,
          "Actual Rows": 4,
          "Actual Loops": 1,
          "Workers Planned": 3,
          "Workers Launched": 3,
          "Single Copy": false,
          "Plans": [
            {
              "Node Type": "Aggregate",
              "Strategy": "Plain",
              "Partial Mode": "Partial",
              "Parent Relationship": "Outer",
              "Parallel Aware": false,
              "Startup Cost": 94066.14,
              "Total Cost": 94066.15,
              "Plan Rows": 1,
              "Plan Width": 8,
              "Actual Startup Time": 507.316,
              "Actual Total Time": 507.321,
              "Actual Rows": 1,
              "Actual Loops": 4,
              "Plans": [
                {
                  "Node Type": "Hash Join",
                  "Parent Relationship": "Outer",
                  "Parallel Aware": true,
                  "Join Type": "Inner",
                  "Startup Cost": 47557.31,
                  "Total Cost": 93302.44,
                  "Plan Rows": 305480,
                  "Plan Width": 0,
                  "Actual Startup Time": 202.073,
                  "Actual Total Time": 481.02,
                  "Actual Rows": 471584,
                  "Actual Loops": 4,
                  "Inner Unique": true,
                  "Hash Cond": "(mk.movie_id = t.id)",
                  "Plans": [
                    {
                      "Node Type": "Seq Scan",
                      "Parent Relationship": "Outer",
                      "Parallel Aware": true,
                      "Relation Name": "movie_keyword",
                      "Alias": "mk",
                      "Startup Cost": 0.0,
                      "Total Cost": 42695.65,
                      "Plan Rows": 1161706,
                      "Plan Width": 4,
                      "Actual Startup Time": 0.067,
                      "Actual Total Time": 140.62,
                      "Actual Rows": 898323,
                      "Actual Loops": 4,
                      "Filter": "(keyword_id > 870)",
                      "Rows Removed by Filter": 232660
                    },
                    {
                      "Node Type": "Hash",
                      "Parent Relationship": "Inner",
                      "Parallel Aware": true,
                      "Startup Cost": 45479.59,
                      "Total Cost": 45479.59,
                      "Plan Rows": 166218,
                      "Plan Width": 4,
                      "Actual Startup Time": 196.994,
                      "Actual Total Time": 196.996,
                      "Actual Rows": 138671,
                      "Actual Loops": 4,
                      "Hash Buckets": 1048576,
                      "Original Hash Buckets": 1048576,
                      "Hash Batches": 1,
                      "Original Hash Batches": 1,
                      "Peak Memory Usage": 29952,
                      "Plans": [
                        {
                          "Node Type": "Seq Scan",
                          "Parent Relationship": "Outer",
                          "Parallel Aware": true,
                          "Relation Name": "title",
                          "Alias": "t",
                          "Startup Cost": 0.0,
                          "Total Cost": 45479.59,
                          "Plan Rows": 166218,
                          "Plan Width": 4,
                          "Actual Startup Time": 0.101,
                          "Actual Total Time": 131.695,
                          "Actual Rows": 138671,
                          "Actual Loops": 4,
                          "Filter": "((kind_id < 3) AND (production_year > 1959))",
                          "Rows Removed by Filter": 493407
                        }
                      ]
                    }
                  ]
                }
              ]
            }
          ]
        }
      ]
    },
    "Planning Time": 0.439,
    "Triggers": [],
    "Execution Time": 538.886
  }
]