{
  "Plan": {
    "Node Type": "Aggregate",
    "Strategy": "Plain",
    "Partial Mode": "Finalize",
    "Parallel Aware": false,
    "Startup Cost": 604656.59,
    "Total Cost": 604656.6,
    "Plan Rows": 1,
    "Plan Width": 8,
    "Actual Startup Time": 10451.19,
    "Actual Total Time": 10519.263,
    "Actual Rows": 1,
    "Actual Loops": 1,
    "Plans": [
      {
        "Node Type": "Gather",
        "Parent Relationship": "Outer",
        "Parallel Aware": false,
        "Startup Cost": 604656.47,
        "Total Cost": 604656.58,
        "Plan Rows": 1,
        "Plan Width": 8,
        "Actual Startup Time": 10436.494,
        "Actual Total Time": 10519.255,
        "Actual Rows": 2,
        "Actual Loops": 1,
        "Workers Planned": 1,
        "Workers Launched": 1,
        "Single Copy": false,
        "Plans": [
          {
            "Node Type": "Aggregate",
            "Strategy": "Plain",
            "Partial Mode": "Partial",
            "Parent Relationship": "Outer",
            "Parallel Aware": false,
            "Startup Cost": 603656.47,
            "Total Cost": 603656.48,
            "Plan Rows": 1,
            "Plan Width": 8,
            "Actual Startup Time": 10415.418,
            "Actual Total Time": 10415.424,
            "Actual Rows": 1,
            "Actual Loops": 2,
            "Plans": [
              {
                "Node Type": "Hash Join",
                "Parent Relationship": "Outer",
                "Parallel Aware": true,
                "Join Type": "Inner",
                "Startup Cost": 396106.66,
                "Total Cost": 587622.58,
                "Plan Rows": 6413558,
                "Plan Width": 0,
                "Actual Startup Time": 3597.11,
                "Actual Total Time": 8545.106,
                "Actual Rows": 40980174,
                "Actual Loops": 2,
                "Inner Unique": false,
                "Hash Cond": "(ci.movie_id = t.id)",
                "Plans": [
                  {
                    "Node Type": "Index Scan",
                    "Parent Relationship": "Outer",
                    "Parallel Aware": true,
                    "Scan Direction": "Forward",
                    "Index Name": "role_id_cast_info",
                    "Relation Name": "cast_info",
                    "Alias": "ci",
                    "Startup Cost": 0.56,
                    "Total Cost": 134450.3,
                    "Plan Rows": 2578582,
                    "Plan Width": 4,
                    "Actual Startup Time": 0.129,
                    "Actual Total Time": 351.128,
                    "Actual Rows": 2161509,
                    "Actual Loops": 2,
                    "Index Cond": "(role_id = 10)",
                    "Rows Removed by Index Recheck": 0
                  },
                  {
                    "Node Type": "Hash",
                    "Parent Relationship": "Inner",
                    "Parallel Aware": true,
                    "Startup Cost": 349867.28,
                    "Total Cost": 349867.28,
                    "Plan Rows": 3699105,
                    "Plan Width": 8,
                    "Actual Startup Time": 3561.414,
                    "Actual Total Time": 3561.418,
                    "Actual Rows": 3111747,
                    "Actual Loops": 2,
                    "Hash Buckets": 8388608,
                    "Original Hash Buckets": 8388608,
                    "Hash Batches": 1,
                    "Original Hash Batches": 1,
                    "Peak Memory Usage": 309024,
                    "Plans": [
                      {
                        "Node Type": "Hash Join",
                        "Parent Relationship": "Outer",
                        "Parallel Aware": true,
                        "Join Type": "Inner",
                        "Startup Cost": 69460.7,
                        "Total Cost": 349867.28,
                        "Plan Rows": 3699105,
                        "Plan Width": 8,
                        "Actual Startup Time": 650.985,
                        "Actual Total Time": 2606.146,
                        "Actual Rows": 3111747,
                        "Actual Loops": 2,
                        "Inner Unique": true,
                        "Hash Cond": "(mi.movie_id = t.id)",
                        "Plans": [
                          {
                            "Node Type": "Seq Scan",
                            "Parent Relationship": "Outer",
                            "Parallel Aware": true,
                            "Relation Name": "movie_info",
                            "Alias": "mi",
                            "Startup Cost": 0.0,
                            "Total Cost": 270696.42,
                            "Plan Rows": 3699105,
                            "Plan Width": 4,
                            "Actual Startup Time": 40.095,
                            "Actual Total Time": 856.151,
                            "Actual Rows": 3111747,
                            "Actual Loops": 2,
                            "Filter": "(info_type_id > 8)",
                            "Rows Removed by Filter": 4306113
                          },
                          {
                            "Node Type": "Hash",
                            "Parent Relationship": "Inner",
                            "Parallel Aware": true,
                            "Startup Cost": 50870.31,
                            "Total Cost": 50870.31,
                            "Plan Rows": 1487231,
                            "Plan Width": 4,
                            "Actual Startup Time": 597.863,
                            "Actual Total Time": 597.864,
                            "Actual Rows": 1264156,
                            "Actual Loops": 2,
                            "Hash Buckets": 4194304,
                            "Original Hash Buckets": 4194304,
                            "Hash Batches": 1,
                            "Original Hash Batches": 1,
                            "Peak Memory Usage": 131712,
                            "Plans": [
                              {
                                "Node Type": "Seq Scan",
                                "Parent Relationship": "Outer",
                                "Parallel Aware": true,
                                "Relation Name": "title",
                                "Alias": "t",
                                "Startup Cost": 0.0,
                                "Total Cost": 50870.31,
                                "Plan Rows": 1487231,
                                "Plan Width": 4,
                                "Actual Startup Time": 0.028,
                                "Actual Total Time": 186.599,
                                "Actual Rows": 1264156,
                                "Actual Loops": 2
                              }
                            ]
                          }
                        ]
                      }
                    ]
                  }
                ]
              }
            ]
          }
        ]
      }
    ]
  },
  "Planning Time": 0.997,
  "Triggers": [],
  "Execution Time": 10519.348
}