{
  "Plan": {
    "Node Type": "Aggregate",
    "Strategy": "Plain",
    "Partial Mode": "Finalize",
    "Parallel Aware": false,
    "Startup Cost": 171881.03,
    "Total Cost": 171881.04,
    "Plan Rows": 1,
    "Plan Width": 8,
    "Actual Startup Time": 750.075,
    "Actual Total Time": 771.824,
    "Actual Rows": 1,
    "Actual Loops": 1,
    "Plans": [
      {
        "Node Type": "Gather",
        "Parent Relationship": "Outer",
        "Parallel Aware": false,
        "Startup Cost": 171880.91,
        "Total Cost": 171881.02,
        "Plan Rows": 1,
        "Plan Width": 8,
        "Actual Startup Time": 748.694,
        "Actual Total Time": 771.814,
        "Actual Rows": 2,
        "Actual Loops": 1,
        "Workers Planned": 1,
        "Workers Launched": 1,
        "Single Copy": false,
        "Plans": [
          {
            "Node Type": "Aggregate",
            "Strategy": "Plain",
            "Partial Mode": "Partial",
            "Parent Relationship": "Outer",
            "Parallel Aware": false,
            "Startup Cost": 170880.91,
            "Total Cost": 170880.92,
            "Plan Rows": 1,
            "Plan Width": 8,
            "Actual Startup Time": 742.927,
            "Actual Total Time": 743.1,
            "Actual Rows": 1,
            "Actual Loops": 2,
            "Plans": [
              {
                "Node Type": "Hash Join",
                "Parent Relationship": "Outer",
                "Parallel Aware": true,
                "Join Type": "Inner",
                "Startup Cost": 127161.36,
                "Total Cost": 170740.72,
                "Plan Rows": 56078,
                "Plan Width": 0,
                "Actual Startup Time": 600.712,
                "Actual Total Time": 729.63,
                "Actual Rows": 342134,
                "Actual Loops": 2,
                "Inner Unique": false,
                "Hash Cond": "(mc.movie_id = t.id)",
                "Plans": [
                  {
                    "Node Type": "Seq Scan",
                    "Parent Relationship": "Outer",
                    "Parallel Aware": true,
                    "Relation Name": "movie_companies",
                    "Alias": "mc",
                    "Startup Cost": 0.0,
                    "Total Cost": 41811.73,
                    "Plan Rows": 383404,
                    "Plan Width": 4,
                    "Actual Startup Time": 47.747,
                    "Actual Total Time": 108.497,
                    "Actual Rows": 451493,
                    "Actual Loops": 2,
                    "Filter": "((company_id > 11373) AND (company_type_id > 1))",
                    "Rows Removed by Filter": 853072
                  },
                  {
                    "Node Type": "Hash",
                    "Parent Relationship": "Inner",
                    "Parallel Aware": true,
                    "Startup Cost": 124442.25,
                    "Total Cost": 124442.25,
                    "Plan Rows": 217529,
                    "Plan Width": 8,
                    "Actual Startup Time": 547.075,
                    "Actual Total Time": 547.246,
                    "Actual Rows": 168800,
                    "Actual Loops": 2,
                    "Hash Buckets": 524288,
                    "Original Hash Buckets": 524288,
                    "Hash Batches": 1,
                    "Original Hash Batches": 1,
                    "Peak Memory Usage": 17344,
                    "Plans": [
                      {
                        "Node Type": "Hash Join",
                        "Parent Relationship": "Outer",
                        "Parallel Aware": true,
                        "Join Type": "Inner",
                        "Startup Cost": 59850.94,
                        "Total Cost": 124442.25,
                        "Plan Rows": 217529,
                        "Plan Width": 8,
                        "Actual Startup Time": 162.558,
                        "Actual Total Time": 518.664,
                        "Actual Rows": 168800,
                        "Actual Loops": 2,
                        "Inner Unique": true,
                        "Hash Cond": "(mk.movie_id = t.id)",
                        "Plans": [
                          {
                            "Node Type": "Seq Scan",
                            "Parent Relationship": "Outer",
                            "Parallel Aware": true,
                            "Relation Name": "movie_keyword",
                            "Alias": "mk",
                            "Startup Cost": 0.0,
                            "Total Cost": 57718.19,
                            "Plan Rows": 2618324,
                            "Plan Width": 4,
                            "Actual Startup Time": 0.016,
                            "Actual Total Time": 199.116,
                            "Actual Rows": 2224466,
                            "Actual Loops": 2,
                            "Filter": "(keyword_id > 68)",
                            "Rows Removed by Filter": 37498
                          },
                          {
                            "Node Type": "Hash",
                            "Parent Relationship": "Inner",
                            "Parallel Aware": true,
                            "Startup Cost": 58306.47,
                            "Total Cost": 58306.47,
                            "Plan Rows": 123558,
                            "Plan Width": 4,
                            "Actual Startup Time": 160.642,
                            "Actual Total Time": 160.643,
                            "Actual Rows": 91918,
                            "Actual Loops": 2,
                            "Hash Buckets": 262144,
                            "Original Hash Buckets": 262144,
                            "Hash Batches": 1,
                            "Original Hash Batches": 1,
                            "Peak Memory Usage": 9248,
                            "Plans": [
                              {
                                "Node Type": "Seq Scan",
                                "Parent Relationship": "Outer",
                                "Parallel Aware": true,
                                "Relation Name": "title",
                                "Alias": "t",
                                "Startup Cost": 0.0,
                                "Total Cost": 58306.47,
                                "Plan Rows": 123558,
                                "Plan Width": 4,
                                "Actual Startup Time": 0.066,
                                "Actual Total Time": 137.601,
                                "Actual Rows": 91918,
                                "Actual Loops": 2,
                                "Filter": "((kind_id < 7) AND (production_year > 2009))",
                                "Rows Removed by Filter": 1172238
                              }
                            ]
                          }
                        ]
                      }
                    ]
                  }
                ]
              }
            ]
          }
        ]
      }
    ]
  },
  "Planning Time": 1.036,
  "Triggers": [],
  "Execution Time": 771.906
}