{
  "Plan": {
    "Node Type": "Aggregate",
    "Strategy": "Plain",
    "Partial Mode": "Finalize",
    "Parallel Aware": false,
    "Startup Cost": 75939.47,
    "Total Cost": 75939.48,
    "Plan Rows": 1,
    "Plan Width": 8,
    "Actual Startup Time": 305.885,
    "Actual Total Time": 318.346,
    "Actual Rows": 1,
    "Actual Loops": 1,
    "Plans": [
      {
        "Node Type": "Gather",
        "Parent Relationship": "Outer",
        "Parallel Aware": false,
        "Startup Cost": 75939.36,
        "Total Cost": 75939.47,
        "Plan Rows": 1,
        "Plan Width": 8,
        "Actual Startup Time": 305.303,
        "Actual Total Time": 318.337,
        "Actual Rows": 2,
        "Actual Loops": 1,
        "Workers Planned": 1,
        "Workers Launched": 1,
        "Single Copy": false,
        "Plans": [
          {
            "Node Type": "Aggregate",
            "Strategy": "Plain",
            "Partial Mode": "Partial",
            "Parent Relationship": "Outer",
            "Parallel Aware": false,
            "Startup Cost": 74939.36,
            "Total Cost": 74939.37,
            "Plan Rows": 1,
            "Plan Width": 8,
            "Actual Startup Time": 299.268,
            "Actual Total Time": 299.272,
            "Actual Rows": 1,
            "Actual Loops": 2,
            "Plans": [
              {
                "Node Type": "Hash Join",
                "Parent Relationship": "Outer",
                "Parallel Aware": true,
                "Join Type": "Inner",
                "Startup Cost": 55370.83,
                "Total Cost": 74882.08,
                "Plan Rows": 22911,
                "Plan Width": 0,
                "Actual Startup Time": 227.121,
                "Actual Total Time": 298.842,
                "Actual Rows": 7426,
                "Actual Loops": 2,
                "Inner Unique": true,
                "Hash Cond": "(mi_idx.movie_id = t.id)",
                "Plans": [
                  {
                    "Node Type": "Seq Scan",
                    "Parent Relationship": "Outer",
                    "Parallel Aware": true,
                    "Relation Name": "movie_info_idx",
                    "Alias": "mi_idx",
                    "Startup Cost": 0.0,
                    "Total Cost": 18082.32,
                    "Plan Rows": 544356,
                    "Plan Width": 4,
                    "Actual Startup Time": 0.023,
                    "Actual Total Time": 69.04,
                    "Actual Rows": 460055,
                    "Actual Loops": 2,
                    "Filter": "(info_type_id > 99)",
                    "Rows Removed by Filter": 229962
                  },
                  {
                    "Node Type": "Hash",
                    "Parent Relationship": "Inner",
                    "Parallel Aware": true,
                    "Startup Cost": 54588.39,
                    "Total Cost": 54588.39,
                    "Plan Rows": 62595,
                    "Plan Width": 4,
                    "Actual Startup Time": 175.539,
                    "Actual Total Time": 175.54,
                    "Actual Rows": 53414,
                    "Actual Loops": 2,
                    "Hash Buckets": 131072,
                    "Original Hash Buckets": 131072,
                    "Hash Batches": 1,
                    "Original Hash Batches": 1,
                    "Peak Memory Usage": 5216,
                    "Plans": [
                      {
                        "Node Type": "Seq Scan",
                        "Parent Relationship": "Outer",
                        "Parallel Aware": true,
                        "Relation Name": "title",
                        "Alias": "t",
                        "Startup Cost": 0.0,
                        "Total Cost": 54588.39,
                        "Plan Rows": 62595,
                        "Plan Width": 4,
                        "Actual Startup Time": 64.373,
                        "Actual Total Time": 159.299,
                        "Actual Rows": 53414,
                        "Actual Loops": 2,
                        "Filter": "(production_year < 1927)",
                        "Rows Removed by Filter": 1210742
                      }
                    ]
                  }
                ]
              }
            ]
          }
        ]
      }
    ]
  },
  "Planning Time": 0.49,
  "Triggers": [],
  "Execution Time": 318.484
}