{
  "Plan": {
    "Node Type": "Aggregate",
    "Strategy": "Plain",
    "Partial Mode": "Finalize",
    "Parallel Aware": false,
    "Startup Cost": 387120.48,
    "Total Cost": 387120.49,
    "Plan Rows": 1,
    "Plan Width": 8,
    "Actual Startup Time": 5880.717,
    "Actual Total Time": 5968.9,
    "Actual Rows": 1,
    "Actual Loops": 1,
    "Plans": [
      {
        "Node Type": "Gather",
        "Parent Relationship": "Outer",
        "Parallel Aware": false,
        "Startup Cost": 387120.37,
        "Total Cost": 387120.48,
        "Plan Rows": 1,
        "Plan Width": 8,
        "Actual Startup Time": 5878.101,
        "Actual Total Time": 5968.891,
        "Actual Rows": 2,
        "Actual Loops": 1,
        "Workers Planned": 1,
        "Workers Launched": 1,
        "Single Copy": false,
        "Plans": [
          {
            "Node Type": "Aggregate",
            "Strategy": "Plain",
            "Partial Mode": "Partial",
            "Parent Relationship": "Outer",
            "Parallel Aware": false,
            "Startup Cost": 386120.37,
            "Total Cost": 386120.38,
            "Plan Rows": 1,
            "Plan Width": 8,
            "Actual Startup Time": 5872.55,
            "Actual Total Time": 5872.554,
            "Actual Rows": 1,
            "Actual Loops": 2,
            "Plans": [
              {
                "Node Type": "Nested Loop",
                "Parent Relationship": "Outer",
                "Parallel Aware": false,
                "Join Type": "Inner",
                "Startup Cost": 70047.69,
                "Total Cost": 382998.82,
                "Plan Rows": 1248618,
                "Plan Width": 0,
                "Actual Startup Time": 343.033,
                "Actual Total Time": 5509.769,
                "Actual Rows": 8239328,
                "Actual Loops": 2,
                "Inner Unique": false,
                "Plans": [
                  {
                    "Node Type": "Hash Join",
                    "Parent Relationship": "Outer",
                    "Parallel Aware": true,
                    "Join Type": "Inner",
                    "Startup Cost": 70047.12,
                    "Total Cost": 97927.22,
                    "Plan Rows": 88825,
                    "Plan Width": 8,
                    "Actual Startup Time": 342.936,
                    "Actual Total Time": 481.914,
                    "Actual Rows": 166878,
                    "Actual Loops": 2,
                    "Inner Unique": true,
                    "Hash Cond": "(mk.movie_id = t.id)",
                    "Plans": [
                      {
                        "Node Type": "Bitmap Heap Scan",
                        "Parent Relationship": "Outer",
                        "Parallel Aware": true,
                        "Relation Name": "movie_keyword",
                        "Alias": "mk",
                        "Startup Cost": 8168.82,
                        "Total Cost": 35454.3,
                        "Plan Rows": 226519,
                        "Plan Width": 4,
                        "Actual Startup Time": 42.343,
                        "Actual Total Time": 108.617,
                        "Actual Rows": 186026,
                        "Actual Loops": 2,
                        "Recheck Cond": "(keyword_id > 45501)",
                        "Rows Removed by Index Recheck": 0,
                        "Exact Heap Blocks": 12531,
                        "Lossy Heap Blocks": 0,
                        "Plans": [
                          {
                            "Node Type": "Bitmap Index Scan",
                            "Parent Relationship": "Outer",
                            "Parallel Aware": false,
                            "Index Name": "keyword_id_movie_keyword",
                            "Startup Cost": 0.0,
                            "Total Cost": 8072.55,
                            "Plan Rows": 385082,
                            "Plan Width": 0,
                            "Actual Startup Time": 36.918,
                            "Actual Total Time": 36.918,
                            "Actual Rows": 372052,
                            "Actual Loops": 1,
                            "Index Cond": "(keyword_id > 45501)"
                          }
                        ]
                      },
                      {
                        "Node Type": "Hash",
                        "Parent Relationship": "Inner",
                        "Parallel Aware": true,
                        "Startup Cost": 54588.39,
                        "Total Cost": 54588.39,
                        "Plan Rows": 583193,
                        "Plan Width": 4,
                        "Actual Startup Time": 294.512,
                        "Actual Total Time": 294.513,
                        "Actual Rows": 492524,
                        "Actual Loops": 2,
                        "Hash Buckets": 1048576,
                        "Original Hash Buckets": 1048576,
                        "Hash Batches": 1,
                        "Original Hash Batches": 1,
                        "Peak Memory Usage": 46752,
                        "Plans": [
                          {
                            "Node Type": "Seq Scan",
                            "Parent Relationship": "Outer",
                            "Parallel Aware": true,
                            "Relation Name": "title",
                            "Alias": "t",
                            "Startup Cost": 0.0,
                            "Total Cost": 54588.39,
                            "Plan Rows": 583193,
                            "Plan Width": 4,
                            "Actual Startup Time": 0.044,
                            "Actual Total Time": 173.518,
                            "Actual Rows": 492524,
                            "Actual Loops": 2,
                            "Filter": "(kind_id < 7)",
                            "Rows Removed by Filter": 771632
                          }
                        ]
                      }
                    ]
                  },
                  {
                    "Node Type": "Index Scan",
                    "Parent Relationship": "Inner",
                    "Parallel Aware": false,
                    "Scan Direction": "Forward",
                    "Index Name": "movie_id_cast_info",
                    "Relation Name": "cast_info",
                    "Alias": "ci",
                    "Startup Cost": 0.56,
                    "Total Cost": 2.85,
                    "Plan Rows": 36,
                    "Plan Width": 4,
                    "Actual Startup Time": 0.003,
                    "Actual Total Time": 0.027,
                    "Actual Rows": 49,
                    "Actual Loops": 333757,
                    "Index Cond": "(movie_id = t.id)",
                    "Rows Removed by Index Recheck": 0,
                    "Filter": "(person_id > 71221)",
                    "Rows Removed by Filter": 1
                  }
                ]
              }
            ]
          }
        ]
      }
    ]
  },
  "Planning Time": 0.502,
  "Triggers": [],
  "Execution Time": 5968.987
}