[
  {
    "Plan": {
      "Node Type": "Aggregate",
      "Strategy": "Plain",
      "Partial Mode": "Finalize",
      "Parallel Aware": false,
      "Startup Cost": 33167.1,
      "Total Cost": 33167.11,
      "Plan Rows": 1,
      "Plan Width": 8,
      "Actual Startup Time": 100.024,
      "Actual Total Time": 107.942,
      "Actual Rows": 1,
      "Actual Loops": 1,
      "Plans": [
        {
          "Node Type": "Gather",
          "Parent Relationship": "Outer",
          "Parallel Aware": false,
          "Startup Cost": 33166.78,
          "Total Cost": 33167.09,
          "Plan Rows": 3,
          "Plan Width": 8,
          "Actual Startup Time": 99.922,
          "Actual Total Time": 107.934,
          "Actual Rows": 4,
          "Actual Loops": 1,
          "Workers Planned": 3,
          "Workers Launched": 3,
          "Single Copy": false,
          "Plans": [
            {
              "Node Type": "Aggregate",
              "Strategy": "Plain",
              "Partial Mode": "Partial",
              "Parent Relationship": "Outer",
              "Parallel Aware": false,
              "Startup Cost": 32166.78,
              "Total Cost": 32166.79,
              "Plan Rows": 1,
              "Plan Width": 8,
              "Actual Startup Time": 92.46,
              "Actual Total Time": 92.461,
              "Actual Rows": 1,
              "Actual Loops": 4,
              "Plans": [
                {
                  "Node Type": "Seq Scan",
                  "Parent Relationship": "Outer",
                  "Parallel Aware": true,
                  "Relation Name": "movie_companies",
                  "Alias": "mc",
                  "Startup Cost": 0.0,
                  "Total Cost": 31414.82,
                  "Plan Rows": 300786,
                  "Plan Width": 0,
                  "Actual Startup Time": 47.317,
                  "Actual Total Time": 81.941,
                  "Actual Rows": 276534,
                  "Actual Loops": 4,
                  "Filter": "((company_id > 1583) AND (company_type_id > 1))",
                  "Rows Removed by Filter": 375748
                }
              ]
            }
          ]
        }
      ]
    },
    "Planning Time": 0.226,
    "Triggers": [],
    "Execution Time": 107.999
  }
]