{
  "Plan": {
    "Node Type": "Aggregate",
    "Strategy": "Plain",
    "Partial Mode": "Finalize",
    "Parallel Aware": false,
    "Startup Cost": 410990.77,
    "Total Cost": 410990.78,
    "Plan Rows": 1,
    "Plan Width": 8,
    "Actual Startup Time": 233.211,
    "Actual Total Time": 268.516,
    "Actual Rows": 1,
    "Actual Loops": 1,
    "Plans": [
      {
        "Node Type": "Gather",
        "Parent Relationship": "Outer",
        "Parallel Aware": false,
        "Startup Cost": 410990.66,
        "Total Cost": 410990.77,
        "Plan Rows": 1,
        "Plan Width": 8,
        "Actual Startup Time": 232.98,
        "Actual Total Time": 268.509,
        "Actual Rows": 2,
        "Actual Loops": 1,
        "Workers Planned": 1,
        "Workers Launched": 1,
        "Single Copy": false,
        "Plans": [
          {
            "Node Type": "Aggregate",
            "Strategy": "Plain",
            "Partial Mode": "Partial",
            "Parent Relationship": "Outer",
            "Parallel Aware": false,
            "Startup Cost": 409990.66,
            "Total Cost": 409990.67,
            "Plan Rows": 1,
            "Plan Width": 8,
            "Actual Startup Time": 227.07,
            "Actual Total Time": 227.072,
            "Actual Rows": 1,
            "Actual Loops": 2,
            "Plans": [
              {
                "Node Type": "Nested Loop",
                "Parent Relationship": "Outer",
                "Parallel Aware": false,
                "Join Type": "Inner",
                "Startup Cost": 11824.77,
                "Total Cost": 409876.05,
                "Plan Rows": 45845,
                "Plan Width": 0,
                "Actual Startup Time": 40.809,
                "Actual Total Time": 223.964,
                "Actual Rows": 47572,
                "Actual Loops": 2,
                "Inner Unique": false,
                "Plans": [
                  {
                    "Node Type": "Bitmap Heap Scan",
                    "Parent Relationship": "Outer",
                    "Parallel Aware": true,
                    "Relation Name": "title",
                    "Alias": "t",
                    "Startup Cost": 11824.21,
                    "Total Cost": 53674.47,
                    "Plan Rows": 3199,
                    "Plan Width": 4,
                    "Actual Startup Time": 40.607,
                    "Actual Total Time": 83.677,
                    "Actual Rows": 2430,
                    "Actual Loops": 2,
                    "Recheck Cond": "(kind_id = 1)",
                    "Rows Removed by Index Recheck": 0,
                    "Filter": "(production_year = 1988)",
                    "Rows Removed by Filter": 328982,
                    "Exact Heap Blocks": 9532,
                    "Lossy Heap Blocks": 0,
                    "Plans": [
                      {
                        "Node Type": "Bitmap Index Scan",
                        "Parent Relationship": "Outer",
                        "Parallel Aware": false,
                        "Index Name": "kind_id_title",
                        "Startup Cost": 0.0,
                        "Total Cost": 11822.85,
                        "Plan Rows": 663256,
                        "Plan Width": 0,
                        "Actual Startup Time": 43.765,
                        "Actual Total Time": 43.766,
                        "Actual Rows": 662825,
                        "Actual Loops": 1,
                        "Index Cond": "(kind_id = 1)"
                      }
                    ]
                  },
                  {
                    "Node Type": "Index Only Scan",
                    "Parent Relationship": "Inner",
                    "Parallel Aware": false,
                    "Scan Direction": "Forward",
                    "Index Name": "movie_id_cast_info",
                    "Relation Name": "cast_info",
                    "Alias": "ci",
                    "Startup Cost": 0.56,
                    "Total Cost": 110.98,
                    "Plan Rows": 37,
                    "Plan Width": 4,
                    "Actual Startup Time": 0.014,
                    "Actual Total Time": 0.056,
                    "Actual Rows": 20,
                    "Actual Loops": 4860,
                    "Index Cond": "(movie_id = t.id)",
                    "Rows Removed by Index Recheck": 0,
                    "Heap Fetches": 95143
                  }
                ]
              }
            ]
          }
        ]
      }
    ]
  },
  "Planning Time": 0.518,
  "Triggers": [],
  "Execution Time": 268.613
}