[
  {
    "Plan": {
      "Node Type": "Aggregate",
      "Strategy": "Plain",
      "Partial Mode": "Finalize",
      "Parallel Aware": false,
      "Startup Cost": 44760.41,
      "Total Cost": 44760.42,
      "Plan Rows": 1,
      "Plan Width": 8,
      "Actual Startup Time": 140.285,
      "Actual Total Time": 149.425,
      "Actual Rows": 1,
      "Actual Loops": 1,
      "Plans": [
        {
          "Node Type": "Gather",
          "Parent Relationship": "Outer",
          "Parallel Aware": false,
          "Startup Cost": 44760.09,
          "Total Cost": 44760.4,
          "Plan Rows": 3,
          "Plan Width": 8,
          "Actual Startup Time": 140.161,
          "Actual Total Time": 149.417,
          "Actual Rows": 4,
          "Actual Loops": 1,
          "Workers Planned": 3,
          "Workers Launched": 3,
          "Single Copy": false,
          "Plans": [
            {
              "Node Type": "Aggregate",
              "Strategy": "Plain",
              "Partial Mode": "Partial",
              "Parent Relationship": "Outer",
              "Parallel Aware": false,
              "Startup Cost": 43760.09,
              "Total Cost": 43760.1,
              "Plan Rows": 1,
              "Plan Width": 8,
              "Actual Startup Time": 132.912,
              "Actual Total Time": 132.913,
              "Actual Rows": 1,
              "Actual Loops": 4,
              "Plans": [
                {
                  "Node Type": "Seq Scan",
                  "Parent Relationship": "Outer",
                  "Parallel Aware": true,
                  "Relation Name": "movie_keyword",
                  "Alias": "mk",
                  "Startup Cost": 0.0,
                  "Total Cost": 42695.65,
                  "Plan Rows": 425775,
                  "Plan Width": 0,
                  "Actual Startup Time": 0.053,
                  "Actual Total Time": 115.289,
                  "Actual Rows": 333103,
                  "Actual Loops": 4,
                  "Filter": "(keyword_id < 1741)",
                  "Rows Removed by Filter": 797880
                }
              ]
            }
          ]
        }
      ]
    },
    "Planning Time": 0.152,
    "Triggers": [],
    "Execution Time": 149.47
  }
]