[
  {
    "Plan": {
      "Node Type": "Aggregate",
      "Strategy": "Plain",
      "Partial Mode": "Finalize",
      "Parallel Aware": false,
      "Startup Cost": 44484.18,
      "Total Cost": 44484.19,
      "Plan Rows": 1,
      "Plan Width": 8,
      "Actual Startup Time": 125.319,
      "Actual Total Time": 134.778,
      "Actual Rows": 1,
      "Actual Loops": 1,
      "Plans": [
        {
          "Node Type": "Gather",
          "Parent Relationship": "Outer",
          "Parallel Aware": false,
          "Startup Cost": 44483.87,
          "Total Cost": 44484.18,
          "Plan Rows": 3,
          "Plan Width": 8,
          "Actual Startup Time": 125.222,
          "Actual Total Time": 134.771,
          "Actual Rows": 4,
          "Actual Loops": 1,
          "Workers Planned": 3,
          "Workers Launched": 3,
          "Single Copy": false,
          "Plans": [
            {
              "Node Type": "Aggregate",
              "Strategy": "Plain",
              "Partial Mode": "Partial",
              "Parent Relationship": "Outer",
              "Parallel Aware": false,
              "Startup Cost": 43483.87,
              "Total Cost": 43483.88,
              "Plan Rows": 1,
              "Plan Width": 8,
              "Actual Startup Time": 117.1,
              "Actual Total Time": 117.102,
              "Actual Rows": 1,
              "Actual Loops": 4,
              "Plans": [
                {
                  "Node Type": "Seq Scan",
                  "Parent Relationship": "Outer",
                  "Parallel Aware": true,
                  "Relation Name": "movie_keyword",
                  "Alias": "mk",
                  "Startup Cost": 0.0,
                  "Total Cost": 42695.65,
                  "Plan Rows": 315285,
                  "Plan Width": 0,
                  "Actual Startup Time": 4.072,
                  "Actual Total Time": 104.773,
                  "Actual Rows": 242841,
                  "Actual Loops": 4,
                  "Filter": "(keyword_id > 19445)",
                  "Rows Removed by Filter": 888142
                }
              ]
            }
          ]
        }
      ]
    },
    "Planning Time": 0.119,
    "Triggers": [],
    "Execution Time": 134.818
  }
]