{
  "Plan": {
    "Node Type": "Aggregate",
    "Strategy": "Plain",
    "Partial Mode": "Finalize",
    "Parallel Aware": false,
    "Startup Cost": 478346.89,
    "Total Cost": 478346.9,
    "Plan Rows": 1,
    "Plan Width": 8,
    "Actual Startup Time": 1522.696,
    "Actual Total Time": 1551.468,
    "Actual Rows": 1,
    "Actual Loops": 1,
    "Plans": [
      {
        "Node Type": "Gather",
        "Parent Relationship": "Outer",
        "Parallel Aware": false,
        "Startup Cost": 478346.77,
        "Total Cost": 478346.88,
        "Plan Rows": 1,
        "Plan Width": 8,
        "Actual Startup Time": 1518.56,
        "Actual Total Time": 1551.46,
        "Actual Rows": 2,
        "Actual Loops": 1,
        "Workers Planned": 1,
        "Workers Launched": 1,
        "Single Copy": false,
        "Plans": [
          {
            "Node Type": "Aggregate",
            "Strategy": "Plain",
            "Partial Mode": "Partial",
            "Parent Relationship": "Outer",
            "Parallel Aware": false,
            "Startup Cost": 477346.77,
            "Total Cost": 477346.78,
            "Plan Rows": 1,
            "Plan Width": 8,
            "Actual Startup Time": 1509.712,
            "Actual Total Time": 1509.717,
            "Actual Rows": 1,
            "Actual Loops": 2,
            "Plans": [
              {
                "Node Type": "Hash Join",
                "Parent Relationship": "Outer",
                "Parallel Aware": true,
                "Join Type": "Inner",
                "Startup Cost": 173559.12,
                "Total Cost": 472784.81,
                "Plan Rows": 1824785,
                "Plan Width": 0,
                "Actual Startup Time": 1009.351,
                "Actual Total Time": 1473.878,
                "Actual Rows": 674176,
                "Actual Loops": 2,
                "Inner Unique": true,
                "Hash Cond": "(ci.movie_id = t.id)",
                "Plans": [
                  {
                    "Node Type": "Bitmap Heap Scan",
                    "Parent Relationship": "Outer",
                    "Parallel Aware": true,
                    "Relation Name": "cast_info",
                    "Alias": "ci",
                    "Startup Cost": 104098.42,
                    "Total Cost": 398534.04,
                    "Plan Rows": 1824785,
                    "Plan Width": 4,
                    "Actual Startup Time": 398.837,
                    "Actual Total Time": 534.047,
                    "Actual Rows": 674176,
                    "Actual Loops": 2,
                    "Recheck Cond": "(person_id < 473144)",
                    "Rows Removed by Index Recheck": 0,
                    "Filter": "(role_id > 1)",
                    "Rows Removed by Filter": 1761836,
                    "Exact Heap Blocks": 21074,
                    "Lossy Heap Blocks": 0,
                    "Plans": [
                      {
                        "Node Type": "Bitmap Index Scan",
                        "Parent Relationship": "Outer",
                        "Parallel Aware": false,
                        "Index Name": "person_id_cast_info",
                        "Startup Cost": 0.0,
                        "Total Cost": 103322.89,
                        "Plan Rows": 4731510,
                        "Plan Width": 0,
                        "Actual Startup Time": 195.671,
                        "Actual Total Time": 195.671,
                        "Actual Rows": 4872025,
                        "Actual Loops": 1,
                        "Index Cond": "(person_id < 473144)"
                      }
                    ]
                  },
                  {
                    "Node Type": "Hash",
                    "Parent Relationship": "Inner",
                    "Parallel Aware": true,
                    "Startup Cost": 50870.31,
                    "Total Cost": 50870.31,
                    "Plan Rows": 1487231,
                    "Plan Width": 4,
                    "Actual Startup Time": 592.303,
                    "Actual Total Time": 592.304,
                    "Actual Rows": 1264156,
                    "Actual Loops": 2,
                    "Hash Buckets": 4194304,
                    "Original Hash Buckets": 4194304,
                    "Hash Batches": 1,
                    "Original Hash Batches": 1,
                    "Peak Memory Usage": 131712,
                    "Plans": [
                      {
                        "Node Type": "Seq Scan",
                        "Parent Relationship": "Outer",
                        "Parallel Aware": true,
                        "Relation Name": "title",
                        "Alias": "t",
                        "Startup Cost": 0.0,
                        "Total Cost": 50870.31,
                        "Plan Rows": 1487231,
                        "Plan Width": 4,
                        "Actual Startup Time": 0.028,
                        "Actual Total Time": 178.212,
                        "Actual Rows": 1264156,
                        "Actual Loops": 2
                      }
                    ]
                  }
                ]
              }
            ]
          }
        ]
      }
    ]
  },
  "Planning Time": 0.308,
  "Triggers": [],
  "Execution Time": 1551.527
}