{
  "Plan": {
    "Node Type": "Aggregate",
    "Strategy": "Plain",
    "Partial Mode": "Finalize",
    "Parallel Aware": false,
    "Startup Cost": 398877.08,
    "Total Cost": 398877.09,
    "Plan Rows": 1,
    "Plan Width": 8,
    "Actual Startup Time": 2252.899,
    "Actual Total Time": 2307.75,
    "Actual Rows": 1,
    "Actual Loops": 1,
    "Plans": [
      {
        "Node Type": "Gather",
        "Parent Relationship": "Outer",
        "Parallel Aware": false,
        "Startup Cost": 398876.97,
        "Total Cost": 398877.08,
        "Plan Rows": 1,
        "Plan Width": 8,
        "Actual Startup Time": 2249.051,
        "Actual Total Time": 2307.739,
        "Actual Rows": 2,
        "Actual Loops": 1,
        "Workers Planned": 1,
        "Workers Launched": 1,
        "Single Copy": false,
        "Plans": [
          {
            "Node Type": "Aggregate",
            "Strategy": "Plain",
            "Partial Mode": "Partial",
            "Parent Relationship": "Outer",
            "Parallel Aware": false,
            "Startup Cost": 397876.97,
            "Total Cost": 397876.98,
            "Plan Rows": 1,
            "Plan Width": 8,
            "Actual Startup Time": 2243.61,
            "Actual Total Time": 2244.481,
            "Actual Rows": 1,
            "Actual Loops": 2,
            "Plans": [
              {
                "Node Type": "Hash Join",
                "Parent Relationship": "Outer",
                "Parallel Aware": true,
                "Join Type": "Inner",
                "Startup Cost": 108992.92,
                "Total Cost": 396589.74,
                "Plan Rows": 514890,
                "Plan Width": 0,
                "Actual Startup Time": 804.41,
                "Actual Total Time": 2161.774,
                "Actual Rows": 1689396,
                "Actual Loops": 2,
                "Inner Unique": false,
                "Hash Cond": "(mi.movie_id = t.id)",
                "Plans": [
                  {
                    "Node Type": "Seq Scan",
                    "Parent Relationship": "Outer",
                    "Parallel Aware": true,
                    "Relation Name": "movie_info",
                    "Alias": "mi",
                    "Startup Cost": 0.0,
                    "Total Cost": 270696.42,
                    "Plan Rows": 3699105,
                    "Plan Width": 4,
                    "Actual Startup Time": 42.47,
                    "Actual Total Time": 784.978,
                    "Actual Rows": 3111747,
                    "Actual Loops": 2,
                    "Filter": "(info_type_id > 8)",
                    "Rows Removed by Filter": 4306113
                  },
                  {
                    "Node Type": "Hash",
                    "Parent Relationship": "Inner",
                    "Parallel Aware": true,
                    "Startup Cost": 106405.27,
                    "Total Cost": 106405.27,
                    "Plan Rows": 207012,
                    "Plan Width": 8,
                    "Actual Startup Time": 757.128,
                    "Actual Total Time": 757.997,
                    "Actual Rows": 196360,
                    "Actual Loops": 2,
                    "Hash Buckets": 524288,
                    "Original Hash Buckets": 524288,
                    "Hash Batches": 1,
                    "Original Hash Batches": 1,
                    "Peak Memory Usage": 19488,
                    "Plans": [
                      {
                        "Node Type": "Hash Join",
                        "Parent Relationship": "Outer",
                        "Parallel Aware": true,
                        "Join Type": "Inner",
                        "Startup Cost": 63454.08,
                        "Total Cost": 106405.27,
                        "Plan Rows": 207012,
                        "Plan Width": 8,
                        "Actual Startup Time": 462.05,
                        "Actual Total Time": 703.3,
                        "Actual Rows": 196360,
                        "Actual Loops": 2,
                        "Inner Unique": true,
                        "Hash Cond": "(mc.movie_id = t.id)",
                        "Plans": [
                          {
                            "Node Type": "Seq Scan",
                            "Parent Relationship": "Outer",
                            "Parallel Aware": true,
                            "Relation Name": "movie_companies",
                            "Alias": "mc",
                            "Startup Cost": 0.0,
                            "Total Cost": 41811.73,
                            "Plan Rows": 434082,
                            "Plan Width": 4,
                            "Actual Startup Time": 59.667,
                            "Actual Total Time": 142.581,
                            "Actual Rows": 479488,
                            "Actual Loops": 2,
                            "Filter": "((company_id > 9136) AND (company_type_id = 2))",
                            "Rows Removed by Filter": 825076
                          },
                          {
                            "Node Type": "Hash",
                            "Parent Relationship": "Inner",
                            "Parallel Aware": true,
                            "Startup Cost": 54588.39,
                            "Total Cost": 54588.39,
                            "Plan Rows": 709255,
                            "Plan Width": 4,
                            "Actual Startup Time": 392.497,
                            "Actual Total Time": 392.498,
                            "Actual Rows": 596259,
                            "Actual Loops": 2,
                            "Hash Buckets": 2097152,
                            "Original Hash Buckets": 2097152,
                            "Hash Batches": 1,
                            "Original Hash Batches": 1,
                            "Peak Memory Usage": 63072,
                            "Plans": [
                              {
                                "Node Type": "Seq Scan",
                                "Parent Relationship": "Outer",
                                "Parallel Aware": true,
                                "Relation Name": "title",
                                "Alias": "t",
                                "Startup Cost": 0.0,
                                "Total Cost": 54588.39,
                                "Plan Rows": 709255,
                                "Plan Width": 4,
                                "Actual Startup Time": 0.054,
                                "Actual Total Time": 196.288,
                                "Actual Rows": 596259,
                                "Actual Loops": 2,
                                "Filter": "(production_year > 2003)",
                                "Rows Removed by Filter": 667897
                              }
                            ]
                          }
                        ]
                      }
                    ]
                  }
                ]
              }
            ]
          }
        ]
      }
    ]
  },
  "Planning Time": 0.881,
  "Triggers": [],
  "Execution Time": 2307.834
}