[
  {
    "Plan": {
      "Node Type": "Aggregate",
      "Strategy": "Plain",
      "Partial Mode": "Finalize",
      "Parallel Aware": false,
      "Startup Cost": 136147.74,
      "Total Cost": 136147.75,
      "Plan Rows": 1,
      "Plan Width": 8,
      "Actual Startup Time": 1325.556,
      "Actual Total Time": 1378.871,
      "Actual Rows": 1,
      "Actual Loops": 1,
      "Plans": [
        {
          "Node Type": "Gather",
          "Parent Relationship": "Outer",
          "Parallel Aware": false,
          "Startup Cost": 136147.42,
          "Total Cost": 136147.73,
          "Plan Rows": 3,
          "Plan Width": 8,
          "Actual Startup Time": 1317.868,
          "Actual Total Time": 1378.86,
          "Actual Rows": 4,
          "Actual Loops": 1,
          "Workers Planned": 3,
          "Workers Launched": 3,
          "Single Copy": false,
          "Plans": [
            {
              "Node Type": "Aggregate",
              "Strategy": "Plain",
              "Partial Mode": "Partial",
              "Parent Relationship": "Outer",
              "Parallel Aware": false,
              "Startup Cost": 135147.42,
              "Total Cost": 135147.43,
              "Plan Rows": 1,
              "Plan Width": 8,
              "Actual Startup Time": 1288.129,
              "Actual Total Time": 1288.134,
              "Actual Rows": 1,
              "Actual Loops": 4,
              "Plans": [
                {
                  "Node Type": "Nested Loop",
                  "Parent Relationship": "Outer",
                  "Parallel Aware": false,
                  "Join Type": "Inner",
                  "Startup Cost": 52211.63,
                  "Total Cost": 134703.61,
                  "Plan Rows": 177525,
                  "Plan Width": 0,
                  "Actual Startup Time": 423.844,
                  "Actual Total Time": 1205.08,
                  "Actual Rows": 1632244,
                  "Actual Loops": 4,
                  "Inner Unique": false,
                  "Plans": [
                    {
                      "Node Type": "Hash Join",
                      "Parent Relationship": "Outer",
                      "Parallel Aware": true,
                      "Join Type": "Inner",
                      "Startup Cost": 52211.19,
                      "Total Cost": 77122.48,
                      "Plan Rows": 30234,
                      "Plan Width": 8,
                      "Actual Startup Time": 423.712,
                      "Actual Total Time": 464.067,
                      "Actual Rows": 23103,
                      "Actual Loops": 4,
                      "Inner Unique": true,
                      "Hash Cond": "(mk.movie_id = t.id)",
                      "Plans": [
                        {
                          "Node Type": "Bitmap Heap Scan",
                          "Parent Relationship": "Outer",
                          "Parallel Aware": true,
                          "Relation Name": "movie_keyword",
                          "Alias": "mk",
                          "Startup Cost": 1990.81,
                          "Total Cost": 26822.74,
                          "Plan Rows": 30234,
                          "Plan Width": 4,
                          "Actual Startup Time": 9.078,
                          "Actual Total Time": 33.798,
                          "Actual Rows": 23103,
                          "Actual Loops": 4,
                          "Recheck Cond": "(keyword_id > 84323)",
                          "Rows Removed by Index Recheck": 0,
                          "Exact Heap Blocks": 5867,
                          "Lossy Heap Blocks": 0,
                          "Plans": [
                            {
                              "Node Type": "Bitmap Index Scan",
                              "Parent Relationship": "Outer",
                              "Parallel Aware": false,
                              "Index Name": "keyword_id_movie_keyword",
                              "Startup Cost": 0.0,
                              "Total Cost": 1967.38,
                              "Plan Rows": 93726,
                              "Plan Width": 0,
                              "Actual Startup Time": 6.664,
                              "Actual Total Time": 6.665,
                              "Actual Rows": 92411,
                              "Actual Loops": 1,
                              "Index Cond": "(keyword_id > 84323)"
                            }
                          ]
                        },
                        {
                          "Node Type": "Hash",
                          "Parent Relationship": "Inner",
                          "Parallel Aware": true,
                          "Startup Cost": 42319.06,
                          "Total Cost": 42319.06,
                          "Plan Rows": 632106,
                          "Plan Width": 4,
                          "Actual Startup Time": 400.797,
                          "Actual Total Time": 400.799,
                          "Actual Rows": 632078,
                          "Actual Loops": 4,
                          "Hash Buckets": 4194304,
                          "Original Hash Buckets": 4194304,
                          "Hash Batches": 1,
                          "Original Hash Batches": 1,
                          "Peak Memory Usage": 131712,
                          "Plans": [
                            {
                              "Node Type": "Seq Scan",
                              "Parent Relationship": "Outer",
                              "Parallel Aware": true,
                              "Relation Name": "title",
                              "Alias": "t",
                              "Startup Cost": 0.0,
                              "Total Cost": 42319.06,
                              "Plan Rows": 632106,
                              "Plan Width": 4,
                              "Actual Startup Time": 0.028,
                              "Actual Total Time": 123.089,
                              "Actual Rows": 632078,
                              "Actual Loops": 4
                            }
                          ]
                        }
                      ]
                    },
                    {
                      "Node Type": "Index Only Scan",
                      "Parent Relationship": "Inner",
                      "Parallel Aware": false,
                      "Scan Direction": "Forward",
                      "Index Name": "movie_id_movie_info",
                      "Relation Name": "movie_info",
                      "Alias": "mi",
                      "Startup Cost": 0.43,
                      "Total Cost": 1.49,
                      "Plan Rows": 41,
                      "Plan Width": 4,
                      "Actual Startup Time": 0.006,
                      "Actual Total Time": 0.026,
                      "Actual Rows": 71,
                      "Actual Loops": 92411,
                      "Index Cond": "(movie_id = t.id)",
                      "Rows Removed by Index Recheck": 0,
                      "Heap Fetches": 6528975
                    }
                  ]
                }
              ]
            }
          ]
        }
      ]
    },
    "Planning Time": 1.304,
    "Triggers": [],
    "Execution Time": 1378.983
  }
]