[
  {
    "Plan": {
      "Node Type": "Aggregate",
      "Strategy": "Plain",
      "Partial Mode": "Finalize",
      "Parallel Aware": false,
      "Startup Cost": 376278.56,
      "Total Cost": 376278.57,
      "Plan Rows": 1,
      "Plan Width": 8,
      "Actual Startup Time": 1686.131,
      "Actual Total Time": 1740.887,
      "Actual Rows": 1,
      "Actual Loops": 1,
      "Plans": [
        {
          "Node Type": "Gather",
          "Parent Relationship": "Outer",
          "Parallel Aware": false,
          "Startup Cost": 376277.94,
          "Total Cost": 376278.55,
          "Plan Rows": 6,
          "Plan Width": 8,
          "Actual Startup Time": 1684.431,
          "Actual Total Time": 1740.878,
          "Actual Rows": 7,
          "Actual Loops": 1,
          "Workers Planned": 6,
          "Workers Launched": 6,
          "Single Copy": false,
          "Plans": [
            {
              "Node Type": "Aggregate",
              "Strategy": "Plain",
              "Partial Mode": "Partial",
              "Parent Relationship": "Outer",
              "Parallel Aware": false,
              "Startup Cost": 375277.94,
              "Total Cost": 375277.95,
              "Plan Rows": 1,
              "Plan Width": 8,
              "Actual Startup Time": 1677.318,
              "Actual Total Time": 1677.321,
              "Actual Rows": 1,
              "Actual Loops": 7,
              "Plans": [
                {
                  "Node Type": "Hash Join",
                  "Parent Relationship": "Outer",
                  "Parallel Aware": true,
                  "Join Type": "Inner",
                  "Startup Cost": 45764.2,
                  "Total Cost": 374733.1,
                  "Plan Rows": 217936,
                  "Plan Width": 0,
                  "Actual Startup Time": 102.017,
                  "Actual Total Time": 1656.747,
                  "Actual Rows": 280036,
                  "Actual Loops": 7,
                  "Inner Unique": true,
                  "Hash Cond": "(ci.movie_id = t.id)",
                  "Plans": [
                    {
                      "Node Type": "Seq Scan",
                      "Parent Relationship": "Outer",
                      "Parallel Aware": true,
                      "Relation Name": "cast_info",
                      "Alias": "ci",
                      "Startup Cost": 0.0,
                      "Total Cost": 313108.29,
                      "Plan Rows": 6042129,
                      "Plan Width": 4,
                      "Actual Startup Time": 0.021,
                      "Actual Total Time": 646.287,
                      "Actual Rows": 5177763,
                      "Actual Loops": 7
                    },
                    {
                      "Node Type": "Hash",
                      "Parent Relationship": "Inner",
                      "Parallel Aware": true,
                      "Startup Cost": 45479.21,
                      "Total Cost": 45479.21,
                      "Plan Rows": 22799,
                      "Plan Width": 4,
                      "Actual Startup Time": 100.647,
                      "Actual Total Time": 100.648,
                      "Actual Rows": 27305,
                      "Actual Loops": 7,
                      "Hash Buckets": 262144,
                      "Original Hash Buckets": 131072,
                      "Hash Batches": 1,
                      "Original Hash Batches": 1,
                      "Peak Memory Usage": 10656,
                      "Plans": [
                        {
                          "Node Type": "Seq Scan",
                          "Parent Relationship": "Outer",
                          "Parallel Aware": true,
                          "Relation Name": "title",
                          "Alias": "t",
                          "Startup Cost": 0.0,
                          "Total Cost": 45479.21,
                          "Plan Rows": 22799,
                          "Plan Width": 4,
                          "Actual Startup Time": 0.307,
                          "Actual Total Time": 84.78,
                          "Actual Rows": 27305,
                          "Actual Loops": 7,
                          "Filter": "((kind_id < 7) AND (production_year < 1959))",
                          "Rows Removed by Filter": 333882
                        }
                      ]
                    }
                  ]
                }
              ]
            }
          ]
        }
      ]
    },
    "Planning Time": 0.91,
    "Triggers": [],
    "Execution Time": 1740.97
  }
]