{
  "Plan": {
    "Node Type": "Aggregate",
    "Strategy": "Plain",
    "Partial Mode": "Finalize",
    "Parallel Aware": false,
    "Startup Cost": 856074.27,
    "Total Cost": 856074.28,
    "Plan Rows": 1,
    "Plan Width": 8,
    "Actual Startup Time": 5691.883,
    "Actual Total Time": 5691.963,
    "Actual Rows": 1,
    "Actual Loops": 1,
    "Plans": [
      {
        "Node Type": "Gather",
        "Parent Relationship": "Outer",
        "Parallel Aware": false,
        "Startup Cost": 856074.16,
        "Total Cost": 856074.27,
        "Plan Rows": 1,
        "Plan Width": 8,
        "Actual Startup Time": 5691.873,
        "Actual Total Time": 5691.957,
        "Actual Rows": 2,
        "Actual Loops": 1,
        "Workers Planned": 1,
        "Workers Launched": 1,
        "Single Copy": false,
        "Plans": [
          {
            "Node Type": "Aggregate",
            "Strategy": "Plain",
            "Partial Mode": "Partial",
            "Parent Relationship": "Outer",
            "Parallel Aware": false,
            "Startup Cost": 855074.16,
            "Total Cost": 855074.17,
            "Plan Rows": 1,
            "Plan Width": 8,
            "Actual Startup Time": 5642.888,
            "Actual Total Time": 5642.893,
            "Actual Rows": 1,
            "Actual Loops": 2,
            "Plans": [
              {
                "Node Type": "Merge Join",
                "Parent Relationship": "Outer",
                "Parallel Aware": false,
                "Join Type": "Inner",
                "Startup Cost": 832602.52,
                "Total Cost": 853387.95,
                "Plan Rows": 674483,
                "Plan Width": 0,
                "Actual Startup Time": 4250.048,
                "Actual Total Time": 5478.636,
                "Actual Rows": 4305724,
                "Actual Loops": 2,
                "Inner Unique": false,
                "Merge Cond": "(ci.movie_id = t.id)",
                "Plans": [
                  {
                    "Node Type": "Sort",
                    "Parent Relationship": "Outer",
                    "Parallel Aware": false,
                    "Startup Cost": 601522.97,
                    "Total Cost": 606326.73,
                    "Plan Rows": 1921502,
                    "Plan Width": 4,
                    "Actual Startup Time": 2257.833,
                    "Actual Total Time": 2659.279,
                    "Actual Rows": 3437146,
                    "Actual Loops": 2,
                    "Sort Key": [
                      "ci.movie_id"
                    ],
                    "Sort Method": "quicksort",
                    "Sort Space Used": 397342,
                    "Sort Space Type": "Memory",
                    "Workers": [
                      {
                        "Worker Number": 0,
                        "Sort Method": "quicksort",
                        "Sort Space Used": 219820,
                        "Sort Space Type": "Memory"
                      }
                    ],
                    "Plans": [
                      {
                        "Node Type": "Index Scan",
                        "Parent Relationship": "Outer",
                        "Parallel Aware": true,
                        "Scan Direction": "Forward",
                        "Index Name": "role_id_cast_info",
                        "Relation Name": "cast_info",
                        "Alias": "ci",
                        "Startup Cost": 0.56,
                        "Total Cost": 400977.7,
                        "Plan Rows": 1921502,
                        "Plan Width": 4,
                        "Actual Startup Time": 0.104,
                        "Actual Total Time": 1195.541,
                        "Actual Rows": 3437321,
                        "Actual Loops": 2,
                        "Index Cond": "(role_id < 2)",
                        "Rows Removed by Index Recheck": 0,
                        "Filter": "(person_id < 940792)",
                        "Rows Removed by Filter": 2898023
                      }
                    ]
                  },
                  {
                    "Node Type": "Sort",
                    "Parent Relationship": "Inner",
                    "Parallel Aware": false,
                    "Startup Cost": 231079.34,
                    "Total Cost": 233298.04,
                    "Plan Rows": 887478,
                    "Plan Width": 8,
                    "Actual Startup Time": 1992.2,
                    "Actual Total Time": 2159.479,
                    "Actual Rows": 4655330,
                    "Actual Loops": 2,
                    "Sort Key": [
                      "mc.movie_id"
                    ],
                    "Sort Method": "quicksort",
                    "Sort Space Used": 105126,
                    "Sort Space Type": "Memory",
                    "Workers": [
                      {
                        "Worker Number": 0,
                        "Sort Method": "quicksort",
                        "Sort Space Used": 105126,
                        "Sort Space Type": "Memory"
                      }
                    ],
                    "Plans": [
                      {
                        "Node Type": "Hash Join",
                        "Parent Relationship": "Outer",
                        "Parallel Aware": false,
                        "Join Type": "Inner",
                        "Startup Cost": 92885.02,
                        "Total Cost": 143399.39,
                        "Plan Rows": 887478,
                        "Plan Width": 8,
                        "Actual Startup Time": 962.329,
                        "Actual Total Time": 1663.963,
                        "Actual Rows": 1194108,
                        "Actual Loops": 2,
                        "Inner Unique": true,
                        "Hash Cond": "(mc.movie_id = t.id)",
                        "Plans": [
                          {
                            "Node Type": "Index Scan",
                            "Parent Relationship": "Outer",
                            "Parallel Aware": false,
                            "Scan Direction": "Forward",
                            "Index Name": "company_type_id_movie_companies",
                            "Relation Name": "movie_companies",
                            "Alias": "mc",
                            "Startup Cost": 0.43,
                            "Total Cost": 48185.17,
                            "Plan Rows": 887478,
                            "Plan Width": 4,
                            "Actual Startup Time": 0.075,
                            "Actual Total Time": 288.007,
                            "Actual Rows": 1194108,
                            "Actual Loops": 2,
                            "Index Cond": "(company_type_id < 2)",
                            "Rows Removed by Index Recheck": 0,
                            "Filter": "(company_id < 28339)",
                            "Rows Removed by Filter": 80138
                          },
                          {
                            "Node Type": "Hash",
                            "Parent Relationship": "Inner",
                            "Parallel Aware": false,
                            "Startup Cost": 61280.93,
                            "Total Cost": 61280.93,
                            "Plan Rows": 2528293,
                            "Plan Width": 4,
                            "Actual Startup Time": 944.344,
                            "Actual Total Time": 944.345,
                            "Actual Rows": 2528312,
                            "Actual Loops": 2,
                            "Hash Buckets": 4194304,
                            "Original Hash Buckets": 4194304,
                            "Hash Batches": 1,
                            "Original Hash Batches": 1,
                            "Peak Memory Usage": 121654,
                            "Plans": [
                              {
                                "Node Type": "Seq Scan",
                                "Parent Relationship": "Outer",
                                "Parallel Aware": false,
                                "Relation Name": "title",
                                "Alias": "t",
                                "Startup Cost": 0.0,
                                "Total Cost": 61280.93,
                                "Plan Rows": 2528293,
                                "Plan Width": 4,
                                "Actual Startup Time": 0.04,
                                "Actual Total Time": 316.71,
                                "Actual Rows": 2528312,
                                "Actual Loops": 2
                              }
                            ]
                          }
                        ]
                      }
                    ]
                  }
                ]
              }
            ]
          }
        ]
      }
    ]
  },
  "Planning Time": 1.088,
  "Triggers": [],
  "Execution Time": 5719.892
}