[
  {
    "Plan": {
      "Node Type": "Aggregate",
      "Strategy": "Plain",
      "Partial Mode": "Finalize",
      "Parallel Aware": false,
      "Startup Cost": 125232.09,
      "Total Cost": 125232.1,
      "Plan Rows": 1,
      "Plan Width": 8,
      "Actual Startup Time": 666.815,
      "Actual Total Time": 688.919,
      "Actual Rows": 1,
      "Actual Loops": 1,
      "Plans": [
        {
          "Node Type": "Gather",
          "Parent Relationship": "Outer",
          "Parallel Aware": false,
          "Startup Cost": 125231.78,
          "Total Cost": 125232.09,
          "Plan Rows": 3,
          "Plan Width": 8,
          "Actual Startup Time": 656.226,
          "Actual Total Time": 688.898,
          "Actual Rows": 4,
          "Actual Loops": 1,
          "Workers Planned": 3,
          "Workers Launched": 3,
          "Single Copy": false,
          "Plans": [
            {
              "Node Type": "Aggregate",
              "Strategy": "Plain",
              "Partial Mode": "Partial",
              "Parent Relationship": "Outer",
              "Parallel Aware": false,
              "Startup Cost": 124231.78,
              "Total Cost": 124231.79,
              "Plan Rows": 1,
              "Plan Width": 8,
              "Actual Startup Time": 649.37,
              "Actual Total Time": 649.665,
              "Actual Rows": 1,
              "Actual Loops": 4,
              "Plans": [
                {
                  "Node Type": "Hash Join",
                  "Parent Relationship": "Outer",
                  "Parallel Aware": true,
                  "Join Type": "Inner",
                  "Startup Cost": 79553.72,
                  "Total Cost": 124144.16,
                  "Plan Rows": 35046,
                  "Plan Width": 0,
                  "Actual Startup Time": 440.825,
                  "Actual Total Time": 630.102,
                  "Actual Rows": 395325,
                  "Actual Loops": 4,
                  "Inner Unique": false,
                  "Hash Cond": "(mk.movie_id = t.id)",
                  "Plans": [
                    {
                      "Node Type": "Seq Scan",
                      "Parent Relationship": "Outer",
                      "Parallel Aware": true,
                      "Relation Name": "movie_keyword",
                      "Alias": "mk",
                      "Startup Cost": 0.0,
                      "Total Cost": 42695.65,
                      "Plan Rows": 475131,
                      "Plan Width": 4,
                      "Actual Startup Time": 0.855,
                      "Actual Total Time": 108.08,
                      "Actual Rows": 366051,
                      "Actual Loops": 4,
                      "Filter": "(keyword_id > 11305)",
                      "Rows Removed by Filter": 764932
                    },
                    {
                      "Node Type": "Hash",
                      "Parent Relationship": "Inner",
                      "Parallel Aware": true,
                      "Startup Cost": 78801.72,
                      "Total Cost": 78801.72,
                      "Plan Rows": 60160,
                      "Plan Width": 8,
                      "Actual Startup Time": 438.549,
                      "Actual Total Time": 438.842,
                      "Actual Rows": 148707,
                      "Actual Loops": 4,
                      "Hash Buckets": 1048576,
                      "Original Hash Buckets": 262144,
                      "Hash Batches": 1,
                      "Original Hash Batches": 1,
                      "Peak Memory Usage": 37696,
                      "Plans": [
                        {
                          "Node Type": "Hash Join",
                          "Parent Relationship": "Outer",
                          "Parallel Aware": true,
                          "Join Type": "Inner",
                          "Startup Cost": 46982.15,
                          "Total Cost": 78801.72,
                          "Plan Rows": 60160,
                          "Plan Width": 8,
                          "Actual Startup Time": 236.67,
                          "Actual Total Time": 363.906,
                          "Actual Rows": 148707,
                          "Actual Loops": 4,
                          "Inner Unique": true,
                          "Hash Cond": "(mc.movie_id = t.id)",
                          "Plans": [
                            {
                              "Node Type": "Seq Scan",
                              "Parent Relationship": "Outer",
                              "Parallel Aware": true,
                              "Relation Name": "movie_companies",
                              "Alias": "mc",
                              "Startup Cost": 0.0,
                              "Total Cost": 31414.82,
                              "Plan Rows": 154191,
                              "Plan Width": 4,
                              "Actual Startup Time": 33.847,
                              "Actual Total Time": 79.494,
                              "Actual Rows": 197516,
                              "Actual Loops": 4,
                              "Filter": "((company_id > 19747) AND (company_type_id = 2))",
                              "Rows Removed by Filter": 454767
                            },
                            {
                              "Node Type": "Hash",
                              "Parent Relationship": "Inner",
                              "Parallel Aware": true,
                              "Startup Cost": 43899.32,
                              "Total Cost": 43899.32,
                              "Plan Rows": 246626,
                              "Plan Width": 4,
                              "Actual Startup Time": 200.315,
                              "Actual Total Time": 200.317,
                              "Actual Rows": 246262,
                              "Actual Loops": 4,
                              "Hash Buckets": 1048576,
                              "Original Hash Buckets": 1048576,
                              "Hash Batches": 1,
                              "Original Hash Batches": 1,
                              "Peak Memory Usage": 46816,
                              "Plans": [
                                {
                                  "Node Type": "Seq Scan",
                                  "Parent Relationship": "Outer",
                                  "Parallel Aware": true,
                                  "Relation Name": "title",
                                  "Alias": "t",
                                  "Startup Cost": 0.0,
                                  "Total Cost": 43899.32,
                                  "Plan Rows": 246626,
                                  "Plan Width": 4,
                                  "Actual Startup Time": 0.038,
                                  "Actual Total Time": 112.626,
                                  "Actual Rows": 246262,
                                  "Actual Loops": 4,
                                  "Filter": "(kind_id < 7)",
                                  "Rows Removed by Filter": 385816
                                }
                              ]
                            }
                          ]
                        }
                      ]
                    }
                  ]
                }
              ]
            }
          ]
        }
      ]
    },
    "Planning Time": 0.553,
    "Triggers": [],
    "Execution Time": 688.973
  }
]