{
  "Plan": {
    "Node Type": "Aggregate",
    "Strategy": "Plain",
    "Partial Mode": "Finalize",
    "Parallel Aware": false,
    "Startup Cost": 401059.93,
    "Total Cost": 401059.94,
    "Plan Rows": 1,
    "Plan Width": 8,
    "Actual Startup Time": 264.992,
    "Actual Total Time": 307.856,
    "Actual Rows": 1,
    "Actual Loops": 1,
    "Plans": [
      {
        "Node Type": "Gather",
        "Parent Relationship": "Outer",
        "Parallel Aware": false,
        "Startup Cost": 401059.82,
        "Total Cost": 401059.93,
        "Plan Rows": 1,
        "Plan Width": 8,
        "Actual Startup Time": 264.879,
        "Actual Total Time": 307.848,
        "Actual Rows": 2,
        "Actual Loops": 1,
        "Workers Planned": 1,
        "Workers Launched": 1,
        "Single Copy": false,
        "Plans": [
          {
            "Node Type": "Aggregate",
            "Strategy": "Plain",
            "Partial Mode": "Partial",
            "Parent Relationship": "Outer",
            "Parallel Aware": false,
            "Startup Cost": 400059.82,
            "Total Cost": 400059.83,
            "Plan Rows": 1,
            "Plan Width": 8,
            "Actual Startup Time": 260.04,
            "Actual Total Time": 260.042,
            "Actual Rows": 1,
            "Actual Loops": 2,
            "Plans": [
              {
                "Node Type": "Nested Loop",
                "Parent Relationship": "Outer",
                "Parallel Aware": false,
                "Join Type": "Inner",
                "Startup Cost": 0.56,
                "Total Cost": 399951.57,
                "Plan Rows": 43299,
                "Plan Width": 0,
                "Actual Startup Time": 2.505,
                "Actual Total Time": 257.108,
                "Actual Rows": 46044,
                "Actual Loops": 2,
                "Inner Unique": false,
                "Plans": [
                  {
                    "Node Type": "Seq Scan",
                    "Parent Relationship": "Outer",
                    "Parallel Aware": true,
                    "Relation Name": "title",
                    "Alias": "t",
                    "Startup Cost": 0.0,
                    "Total Cost": 58306.47,
                    "Plan Rows": 3022,
                    "Plan Width": 4,
                    "Actual Startup Time": 1.446,
                    "Actual Total Time": 131.886,
                    "Actual Rows": 2912,
                    "Actual Loops": 2,
                    "Filter": "((kind_id < 4) AND (production_year = 1973))",
                    "Rows Removed by Filter": 1261244
                  },
                  {
                    "Node Type": "Index Only Scan",
                    "Parent Relationship": "Inner",
                    "Parallel Aware": false,
                    "Scan Direction": "Forward",
                    "Index Name": "movie_id_cast_info",
                    "Relation Name": "cast_info",
                    "Alias": "ci",
                    "Startup Cost": 0.56,
                    "Total Cost": 112.68,
                    "Plan Rows": 37,
                    "Plan Width": 4,
                    "Actual Startup Time": 0.009,
                    "Actual Total Time": 0.041,
                    "Actual Rows": 16,
                    "Actual Loops": 5824,
                    "Index Cond": "(movie_id = t.id)",
                    "Rows Removed by Index Recheck": 0,
                    "Heap Fetches": 92089
                  }
                ]
              }
            ]
          }
        ]
      }
    ]
  },
  "Planning Time": 0.497,
  "Triggers": [],
  "Execution Time": 307.942
}