[
  {
    "Plan": {
      "Node Type": "Aggregate",
      "Strategy": "Plain",
      "Partial Mode": "Finalize",
      "Parallel Aware": false,
      "Startup Cost": 123373.54,
      "Total Cost": 123373.55,
      "Plan Rows": 1,
      "Plan Width": 8,
      "Actual Startup Time": 507.63,
      "Actual Total Time": 530.516,
      "Actual Rows": 1,
      "Actual Loops": 1,
      "Plans": [
        {
          "Node Type": "Gather",
          "Parent Relationship": "Outer",
          "Parallel Aware": false,
          "Startup Cost": 123373.22,
          "Total Cost": 123373.53,
          "Plan Rows": 3,
          "Plan Width": 8,
          "Actual Startup Time": 506.193,
          "Actual Total Time": 530.507,
          "Actual Rows": 4,
          "Actual Loops": 1,
          "Workers Planned": 3,
          "Workers Launched": 3,
          "Single Copy": false,
          "Plans": [
            {
              "Node Type": "Aggregate",
              "Strategy": "Plain",
              "Partial Mode": "Partial",
              "Parent Relationship": "Outer",
              "Parallel Aware": false,
              "Startup Cost": 122373.22,
              "Total Cost": 122373.23,
              "Plan Rows": 1,
              "Plan Width": 8,
              "Actual Startup Time": 497.215,
              "Actual Total Time": 497.299,
              "Actual Rows": 1,
              "Actual Loops": 4,
              "Plans": [
                {
                  "Node Type": "Hash Join",
                  "Parent Relationship": "Outer",
                  "Parallel Aware": true,
                  "Join Type": "Inner",
                  "Startup Cost": 91601.05,
                  "Total Cost": 122194.46,
                  "Plan Rows": 71505,
                  "Plan Width": 0,
                  "Actual Startup Time": 321.833,
                  "Actual Total Time": 479.591,
                  "Actual Rows": 419904,
                  "Actual Loops": 4,
                  "Inner Unique": false,
                  "Hash Cond": "(mc.movie_id = t.id)",
                  "Plans": [
                    {
                      "Node Type": "Seq Scan",
                      "Parent Relationship": "Outer",
                      "Parallel Aware": true,
                      "Relation Name": "movie_companies",
                      "Alias": "mc",
                      "Startup Cost": 0.0,
                      "Total Cost": 27206.55,
                      "Plan Rows": 841655,
                      "Plan Width": 4,
                      "Actual Startup Time": 0.02,
                      "Actual Total Time": 60.869,
                      "Actual Rows": 652282,
                      "Actual Loops": 4
                    },
                    {
                      "Node Type": "Hash",
                      "Parent Relationship": "Inner",
                      "Parallel Aware": true,
                      "Startup Cost": 90734.93,
                      "Total Cost": 90734.93,
                      "Plan Rows": 69289,
                      "Plan Width": 8,
                      "Actual Startup Time": 319.184,
                      "Actual Total Time": 319.267,
                      "Actual Rows": 49528,
                      "Actual Loops": 4,
                      "Hash Buckets": 262144,
                      "Original Hash Buckets": 262144,
                      "Hash Batches": 1,
                      "Original Hash Batches": 1,
                      "Peak Memory Usage": 9856,
                      "Plans": [
                        {
                          "Node Type": "Hash Join",
                          "Parent Relationship": "Outer",
                          "Parallel Aware": true,
                          "Join Type": "Inner",
                          "Startup Cost": 44281.32,
                          "Total Cost": 90734.93,
                          "Plan Rows": 69289,
                          "Plan Width": 8,
                          "Actual Startup Time": 107.931,
                          "Actual Total Time": 309.02,
                          "Actual Rows": 49528,
                          "Actual Loops": 4,
                          "Inner Unique": true,
                          "Hash Cond": "(mk.movie_id = t.id)",
                          "Plans": [
                            {
                              "Node Type": "Seq Scan",
                              "Parent Relationship": "Outer",
                              "Parallel Aware": true,
                              "Relation Name": "movie_keyword",
                              "Alias": "mk",
                              "Startup Cost": 0.0,
                              "Total Cost": 42695.65,
                              "Plan Rows": 1431601,
                              "Plan Width": 4,
                              "Actual Startup Time": 0.031,
                              "Actual Total Time": 118.14,
                              "Actual Rows": 1106420,
                              "Actual Loops": 4,
                              "Filter": "(keyword_id > 85)",
                              "Rows Removed by Filter": 24562
                            },
                            {
                              "Node Type": "Hash",
                              "Parent Relationship": "Inner",
                              "Parallel Aware": true,
                              "Startup Cost": 43898.92,
                              "Total Cost": 43898.92,
                              "Plan Rows": 30592,
                              "Plan Width": 4,
                              "Actual Startup Time": 107.275,
                              "Actual Total Time": 107.276,
                              "Actual Rows": 30715,
                              "Actual Loops": 4,
                              "Hash Buckets": 131072,
                              "Original Hash Buckets": 131072,
                              "Hash Batches": 1,
                              "Original Hash Batches": 1,
                              "Peak Memory Usage": 5888,
                              "Plans": [
                                {
                                  "Node Type": "Seq Scan",
                                  "Parent Relationship": "Outer",
                                  "Parallel Aware": true,
                                  "Relation Name": "title",
                                  "Alias": "t",
                                  "Startup Cost": 0.0,
                                  "Total Cost": 43898.92,
                                  "Plan Rows": 30592,
                                  "Plan Width": 4,
                                  "Actual Startup Time": 0.033,
                                  "Actual Total Time": 95.593,
                                  "Actual Rows": 30715,
                                  "Actual Loops": 4,
                                  "Filter": "(production_year = 2008)",
                                  "Rows Removed by Filter": 601363
                                }
                              ]
                            }
                          ]
                        }
                      ]
                    }
                  ]
                }
              ]
            }
          ]
        }
      ]
    },
    "Planning Time": 1.462,
    "Triggers": [],
    "Execution Time": 530.612
  }
]