[
  {
    "Plan": {
      "Node Type": "Aggregate",
      "Strategy": "Plain",
      "Partial Mode": "Finalize",
      "Parallel Aware": false,
      "Startup Cost": 340262.48,
      "Total Cost": 340262.49,
      "Plan Rows": 1,
      "Plan Width": 8,
      "Actual Startup Time": 897.533,
      "Actual Total Time": 957.286,
      "Actual Rows": 1,
      "Actual Loops": 1,
      "Plans": [
        {
          "Node Type": "Gather",
          "Parent Relationship": "Outer",
          "Parallel Aware": false,
          "Startup Cost": 340261.86,
          "Total Cost": 340262.47,
          "Plan Rows": 6,
          "Plan Width": 8,
          "Actual Startup Time": 897.405,
          "Actual Total Time": 957.273,
          "Actual Rows": 7,
          "Actual Loops": 1,
          "Workers Planned": 6,
          "Workers Launched": 6,
          "Single Copy": false,
          "Plans": [
            {
              "Node Type": "Aggregate",
              "Strategy": "Plain",
              "Partial Mode": "Partial",
              "Parent Relationship": "Outer",
              "Parallel Aware": false,
              "Startup Cost": 339261.86,
              "Total Cost": 339261.87,
              "Plan Rows": 1,
              "Plan Width": 8,
              "Actual Startup Time": 889.122,
              "Actual Total Time": 889.123,
              "Actual Rows": 1,
              "Actual Loops": 7,
              "Plans": [
                {
                  "Node Type": "Seq Scan",
                  "Parent Relationship": "Outer",
                  "Parallel Aware": true,
                  "Relation Name": "cast_info",
                  "Alias": "ci",
                  "Startup Cost": 0.0,
                  "Total Cost": 328162.03,
                  "Plan Rows": 4439932,
                  "Plan Width": 0,
                  "Actual Startup Time": 122.604,
                  "Actual Total Time": 699.443,
                  "Actual Rows": 3796537,
                  "Actual Loops": 7,
                  "Filter": "(person_id > 950467)",
                  "Rows Removed by Filter": 1381227
                }
              ]
            }
          ]
        }
      ]
    },
    "Planning Time": 0.22,
    "Triggers": [],
    "Execution Time": 957.37
  }
]