{
  "Plan": {
    "Node Type": "Aggregate",
    "Strategy": "Plain",
    "Partial Mode": "Finalize",
    "Parallel Aware": false,
    "Startup Cost": 95731.53,
    "Total Cost": 95731.54,
    "Plan Rows": 1,
    "Plan Width": 8,
    "Actual Startup Time": 413.889,
    "Actual Total Time": 424.086,
    "Actual Rows": 1,
    "Actual Loops": 1,
    "Plans": [
      {
        "Node Type": "Gather",
        "Parent Relationship": "Outer",
        "Parallel Aware": false,
        "Startup Cost": 95731.42,
        "Total Cost": 95731.53,
        "Plan Rows": 1,
        "Plan Width": 8,
        "Actual Startup Time": 413.145,
        "Actual Total Time": 424.078,
        "Actual Rows": 2,
        "Actual Loops": 1,
        "Workers Planned": 1,
        "Workers Launched": 1,
        "Single Copy": false,
        "Plans": [
          {
            "Node Type": "Aggregate",
            "Strategy": "Plain",
            "Partial Mode": "Partial",
            "Parent Relationship": "Outer",
            "Parallel Aware": false,
            "Startup Cost": 94731.42,
            "Total Cost": 94731.43,
            "Plan Rows": 1,
            "Plan Width": 8,
            "Actual Startup Time": 407.231,
            "Actual Total Time": 407.236,
            "Actual Rows": 1,
            "Actual Loops": 2,
            "Plans": [
              {
                "Node Type": "Hash Join",
                "Parent Relationship": "Outer",
                "Parallel Aware": true,
                "Join Type": "Inner",
                "Startup Cost": 54092.5,
                "Total Cost": 94677.19,
                "Plan Rows": 21692,
                "Plan Width": 0,
                "Actual Startup Time": 162.959,
                "Actual Total Time": 398.806,
                "Actual Rows": 164734,
                "Actual Loops": 2,
                "Inner Unique": true,
                "Hash Cond": "(mc.movie_id = t.id)",
                "Plans": [
                  {
                    "Node Type": "Seq Scan",
                    "Parent Relationship": "Outer",
                    "Parallel Aware": true,
                    "Relation Name": "movie_companies",
                    "Alias": "mc",
                    "Startup Cost": 0.0,
                    "Total Cost": 37974.77,
                    "Plan Rows": 994253,
                    "Plan Width": 4,
                    "Actual Startup Time": 2.022,
                    "Actual Total Time": 138.818,
                    "Actual Rows": 844051,
                    "Actual Loops": 2,
                    "Filter": "(company_id > 3139)",
                    "Rows Removed by Filter": 460514
                  },
                  {
                    "Node Type": "Hash",
                    "Parent Relationship": "Inner",
                    "Parallel Aware": true,
                    "Startup Cost": 53686.9,
                    "Total Cost": 53686.9,
                    "Plan Rows": 32448,
                    "Plan Width": 4,
                    "Actual Startup Time": 140.577,
                    "Actual Total Time": 140.579,
                    "Actual Rows": 91588,
                    "Actual Loops": 2,
                    "Hash Buckets": 262144,
                    "Original Hash Buckets": 65536,
                    "Hash Batches": 1,
                    "Original Hash Batches": 1,
                    "Peak Memory Usage": 10784,
                    "Plans": [
                      {
                        "Node Type": "Bitmap Heap Scan",
                        "Parent Relationship": "Outer",
                        "Parallel Aware": true,
                        "Relation Name": "title",
                        "Alias": "t",
                        "Startup Cost": 11836.64,
                        "Total Cost": 53686.9,
                        "Plan Rows": 32448,
                        "Plan Width": 4,
                        "Actual Startup Time": 40.68,
                        "Actual Total Time": 111.728,
                        "Actual Rows": 91588,
                        "Actual Loops": 2,
                        "Recheck Cond": "(kind_id = 1)",
                        "Rows Removed by Index Recheck": 0,
                        "Filter": "(production_year < 1958)",
                        "Rows Removed by Filter": 239824,
                        "Exact Heap Blocks": 7063,
                        "Lossy Heap Blocks": 0,
                        "Plans": [
                          {
                            "Node Type": "Bitmap Index Scan",
                            "Parent Relationship": "Outer",
                            "Parallel Aware": false,
                            "Index Name": "kind_id_title",
                            "Startup Cost": 0.0,
                            "Total Cost": 11822.85,
                            "Plan Rows": 663256,
                            "Plan Width": 0,
                            "Actual Startup Time": 42.142,
                            "Actual Total Time": 42.143,
                            "Actual Rows": 662825,
                            "Actual Loops": 1,
                            "Index Cond": "(kind_id = 1)"
                          }
                        ]
                      }
                    ]
                  }
                ]
              }
            ]
          }
        ]
      }
    ]
  },
  "Planning Time": 0.48,
  "Triggers": [],
  "Execution Time": 424.18
}