[
  {
    "Plan": {
      "Node Type": "Aggregate",
      "Strategy": "Plain",
      "Partial Mode": "Finalize",
      "Parallel Aware": false,
      "Startup Cost": 38233.25,
      "Total Cost": 38233.26,
      "Plan Rows": 1,
      "Plan Width": 8,
      "Actual Startup Time": 128.217,
      "Actual Total Time": 133.693,
      "Actual Rows": 1,
      "Actual Loops": 1,
      "Plans": [
        {
          "Node Type": "Gather",
          "Parent Relationship": "Outer",
          "Parallel Aware": false,
          "Startup Cost": 38232.93,
          "Total Cost": 38233.24,
          "Plan Rows": 3,
          "Plan Width": 8,
          "Actual Startup Time": 128.027,
          "Actual Total Time": 133.686,
          "Actual Rows": 4,
          "Actual Loops": 1,
          "Workers Planned": 3,
          "Workers Launched": 3,
          "Single Copy": false,
          "Plans": [
            {
              "Node Type": "Aggregate",
              "Strategy": "Plain",
              "Partial Mode": "Partial",
              "Parent Relationship": "Outer",
              "Parallel Aware": false,
              "Startup Cost": 37232.93,
              "Total Cost": 37232.94,
              "Plan Rows": 1,
              "Plan Width": 8,
              "Actual Startup Time": 122.697,
              "Actual Total Time": 122.699,
              "Actual Rows": 1,
              "Actual Loops": 4,
              "Plans": [
                {
                  "Node Type": "Bitmap Heap Scan",
                  "Parent Relationship": "Outer",
                  "Parallel Aware": true,
                  "Relation Name": "movie_keyword",
                  "Alias": "mk",
                  "Startup Cost": 10405.64,
                  "Total Cost": 36837.38,
                  "Plan Rows": 158219,
                  "Plan Width": 0,
                  "Actual Startup Time": 48.141,
                  "Actual Total Time": 115.745,
                  "Actual Rows": 122238,
                  "Actual Loops": 4,
                  "Recheck Cond": "(keyword_id > 36786)",
                  "Rows Removed by Index Recheck": 0,
                  "Exact Heap Blocks": 9000,
                  "Lossy Heap Blocks": 0,
                  "Plans": [
                    {
                      "Node Type": "Bitmap Index Scan",
                      "Parent Relationship": "Outer",
                      "Parallel Aware": false,
                      "Index Name": "keyword_id_movie_keyword",
                      "Startup Cost": 0.0,
                      "Total Cost": 10283.02,
                      "Plan Rows": 490479,
                      "Plan Width": 0,
                      "Actual Startup Time": 49.112,
                      "Actual Total Time": 49.112,
                      "Actual Rows": 488950,
                      "Actual Loops": 1,
                      "Index Cond": "(keyword_id > 36786)"
                    }
                  ]
                }
              ]
            }
          ]
        }
      ]
    },
    "Planning Time": 0.194,
    "Triggers": [],
    "Execution Time": 133.772
  }
]