[
  {
    "Plan": {
      "Node Type": "Aggregate",
      "Strategy": "Plain",
      "Partial Mode": "Finalize",
      "Parallel Aware": false,
      "Startup Cost": 76947.44,
      "Total Cost": 76947.45,
      "Plan Rows": 1,
      "Plan Width": 8,
      "Actual Startup Time": 164.955,
      "Actual Total Time": 172.731,
      "Actual Rows": 1,
      "Actual Loops": 1,
      "Plans": [
        {
          "Node Type": "Gather",
          "Parent Relationship": "Outer",
          "Parallel Aware": false,
          "Startup Cost": 76947.12,
          "Total Cost": 76947.43,
          "Plan Rows": 3,
          "Plan Width": 8,
          "Actual Startup Time": 164.57,
          "Actual Total Time": 172.723,
          "Actual Rows": 4,
          "Actual Loops": 1,
          "Workers Planned": 3,
          "Workers Launched": 3,
          "Single Copy": false,
          "Plans": [
            {
              "Node Type": "Aggregate",
              "Strategy": "Plain",
              "Partial Mode": "Partial",
              "Parent Relationship": "Outer",
              "Parallel Aware": false,
              "Startup Cost": 75947.12,
              "Total Cost": 75947.13,
              "Plan Rows": 1,
              "Plan Width": 8,
              "Actual Startup Time": 160.815,
              "Actual Total Time": 160.817,
              "Actual Rows": 1,
              "Actual Loops": 4,
              "Plans": [
                {
                  "Node Type": "Hash Join",
                  "Parent Relationship": "Outer",
                  "Parallel Aware": true,
                  "Join Type": "Inner",
                  "Startup Cost": 44053.87,
                  "Total Cost": 75938.35,
                  "Plan Rows": 3507,
                  "Plan Width": 0,
                  "Actual Startup Time": 118.611,
                  "Actual Total Time": 160.698,
                  "Actual Rows": 1512,
                  "Actual Loops": 4,
                  "Inner Unique": true,
                  "Hash Cond": "(mc.movie_id = t.id)",
                  "Plans": [
                    {
                      "Node Type": "Seq Scan",
                      "Parent Relationship": "Outer",
                      "Parallel Aware": true,
                      "Relation Name": "movie_companies",
                      "Alias": "mc",
                      "Startup Cost": 0.0,
                      "Total Cost": 31414.82,
                      "Plan Rows": 178920,
                      "Plan Width": 4,
                      "Actual Startup Time": 29.93,
                      "Actual Total Time": 60.589,
                      "Actual Rows": 85268,
                      "Actual Loops": 4,
                      "Filter": "((company_id < 7093) AND (company_type_id > 1))",
                      "Rows Removed by Filter": 567015
                    },
                    {
                      "Node Type": "Hash",
                      "Parent Relationship": "Inner",
                      "Parallel Aware": true,
                      "Startup Cost": 43899.01,
                      "Total Cost": 43899.01,
                      "Plan Rows": 12389,
                      "Plan Width": 4,
                      "Actual Startup Time": 87.45,
                      "Actual Total Time": 87.451,
                      "Actual Rows": 12641,
                      "Actual Loops": 4,
                      "Hash Buckets": 65536,
                      "Original Hash Buckets": 65536,
                      "Hash Batches": 1,
                      "Original Hash Batches": 1,
                      "Peak Memory Usage": 2560,
                      "Plans": [
                        {
                          "Node Type": "Seq Scan",
                          "Parent Relationship": "Outer",
                          "Parallel Aware": true,
                          "Relation Name": "title",
                          "Alias": "t",
                          "Startup Cost": 0.0,
                          "Total Cost": 43899.01,
                          "Plan Rows": 12389,
                          "Plan Width": 4,
                          "Actual Startup Time": 0.024,
                          "Actual Total Time": 82.169,
                          "Actual Rows": 12641,
                          "Actual Loops": 4,
                          "Filter": "(production_year = 1999)",
                          "Rows Removed by Filter": 619437
                        }
                      ]
                    }
                  ]
                }
              ]
            }
          ]
        }
      ]
    },
    "Planning Time": 0.53,
    "Triggers": [],
    "Execution Time": 172.789
  }
]