[
  {
    "Plan": {
      "Node Type": "Aggregate",
      "Strategy": "Plain",
      "Partial Mode": "Finalize",
      "Parallel Aware": false,
      "Startup Cost": 47287.92,
      "Total Cost": 47287.93,
      "Plan Rows": 1,
      "Plan Width": 8,
      "Actual Startup Time": 180.523,
      "Actual Total Time": 190.369,
      "Actual Rows": 1,
      "Actual Loops": 1,
      "Plans": [
        {
          "Node Type": "Gather",
          "Parent Relationship": "Outer",
          "Parallel Aware": false,
          "Startup Cost": 47287.6,
          "Total Cost": 47287.91,
          "Plan Rows": 3,
          "Plan Width": 8,
          "Actual Startup Time": 180.393,
          "Actual Total Time": 190.36,
          "Actual Rows": 4,
          "Actual Loops": 1,
          "Workers Planned": 3,
          "Workers Launched": 3,
          "Single Copy": false,
          "Plans": [
            {
              "Node Type": "Aggregate",
              "Strategy": "Plain",
              "Partial Mode": "Partial",
              "Parent Relationship": "Outer",
              "Parallel Aware": false,
              "Startup Cost": 46287.6,
              "Total Cost": 46287.61,
              "Plan Rows": 1,
              "Plan Width": 8,
              "Actual Startup Time": 173.134,
              "Actual Total Time": 173.136,
              "Actual Rows": 1,
              "Actual Loops": 4,
              "Plans": [
                {
                  "Node Type": "Seq Scan",
                  "Parent Relationship": "Outer",
                  "Parallel Aware": true,
                  "Relation Name": "movie_keyword",
                  "Alias": "mk",
                  "Startup Cost": 0.0,
                  "Total Cost": 42695.65,
                  "Plan Rows": 1436779,
                  "Plan Width": 0,
                  "Actual Startup Time": 0.057,
                  "Actual Total Time": 125.354,
                  "Actual Rows": 1112990,
                  "Actual Loops": 4,
                  "Filter": "(keyword_id > 62)",
                  "Rows Removed by Filter": 17992
                }
              ]
            }
          ]
        }
      ]
    },
    "Planning Time": 0.302,
    "Triggers": [],
    "Execution Time": 190.426
  }
]