[
  {
    "Plan": {
      "Node Type": "Aggregate",
      "Strategy": "Plain",
      "Partial Mode": "Finalize",
      "Parallel Aware": false,
      "Startup Cost": 94429.72,
      "Total Cost": 94429.73,
      "Plan Rows": 1,
      "Plan Width": 8,
      "Actual Startup Time": 521.373,
      "Actual Total Time": 539.769,
      "Actual Rows": 1,
      "Actual Loops": 1,
      "Plans": [
        {
          "Node Type": "Gather",
          "Parent Relationship": "Outer",
          "Parallel Aware": false,
          "Startup Cost": 94429.4,
          "Total Cost": 94429.71,
          "Plan Rows": 3,
          "Plan Width": 8,
          "Actual Startup Time": 515.631,
          "Actual Total Time": 539.758,
          "Actual Rows": 4,
          "Actual Loops": 1,
          "Workers Planned": 3,
          "Workers Launched": 3,
          "Single Copy": false,
          "Plans": [
            {
              "Node Type": "Aggregate",
              "Strategy": "Plain",
              "Partial Mode": "Partial",
              "Parent Relationship": "Outer",
              "Parallel Aware": false,
              "Startup Cost": 93429.4,
              "Total Cost": 93429.41,
              "Plan Rows": 1,
              "Plan Width": 8,
              "Actual Startup Time": 508.627,
              "Actual Total Time": 508.631,
              "Actual Rows": 1,
              "Actual Loops": 4,
              "Plans": [
                {
                  "Node Type": "Hash Join",
                  "Parent Relationship": "Outer",
                  "Parallel Aware": true,
                  "Join Type": "Inner",
                  "Startup Cost": 45962.36,
                  "Total Cost": 92479.2,
                  "Plan Rows": 380080,
                  "Plan Width": 0,
                  "Actual Startup Time": 219.078,
                  "Actual Total Time": 472.675,
                  "Actual Rows": 719559,
                  "Actual Loops": 4,
                  "Inner Unique": true,
                  "Hash Cond": "(mk.movie_id = t.id)",
                  "Plans": [
                    {
                      "Node Type": "Seq Scan",
                      "Parent Relationship": "Outer",
                      "Parallel Aware": true,
                      "Relation Name": "movie_keyword",
                      "Alias": "mk",
                      "Startup Cost": 0.0,
                      "Total Cost": 42695.65,
                      "Plan Rows": 1455688,
                      "Plan Width": 4,
                      "Actual Startup Time": 0.034,
                      "Actual Total Time": 135.064,
                      "Actual Rows": 1128566,
                      "Actual Loops": 4,
                      "Filter": "(keyword_id < 125379)",
                      "Rows Removed by Filter": 2417
                    },
                    {
                      "Node Type": "Hash",
                      "Parent Relationship": "Inner",
                      "Parallel Aware": true,
                      "Startup Cost": 43899.32,
                      "Total Cost": 43899.32,
                      "Plan Rows": 165043,
                      "Plan Width": 4,
                      "Actual Startup Time": 168.805,
                      "Actual Total Time": 168.806,
                      "Actual Rows": 165706,
                      "Actual Loops": 4,
                      "Hash Buckets": 1048576,
                      "Original Hash Buckets": 1048576,
                      "Hash Batches": 1,
                      "Original Hash Batches": 1,
                      "Peak Memory Usage": 34176,
                      "Plans": [
                        {
                          "Node Type": "Seq Scan",
                          "Parent Relationship": "Outer",
                          "Parallel Aware": true,
                          "Relation Name": "title",
                          "Alias": "t",
                          "Startup Cost": 0.0,
                          "Total Cost": 43899.32,
                          "Plan Rows": 165043,
                          "Plan Width": 4,
                          "Actual Startup Time": 45.505,
                          "Actual Total Time": 108.845,
                          "Actual Rows": 165706,
                          "Actual Loops": 4,
                          "Filter": "(kind_id = 1)",
                          "Rows Removed by Filter": 466372
                        }
                      ]
                    }
                  ]
                }
              ]
            }
          ]
        }
      ]
    },
    "Planning Time": 0.283,
    "Triggers": [],
    "Execution Time": 539.805
  }
]