[
  {
    "Plan": {
      "Node Type": "Aggregate",
      "Strategy": "Plain",
      "Partial Mode": "Finalize",
      "Parallel Aware": false,
      "Startup Cost": 68054.96,
      "Total Cost": 68054.97,
      "Plan Rows": 1,
      "Plan Width": 8,
      "Actual Startup Time": 128.009,
      "Actual Total Time": 141.833,
      "Actual Rows": 1,
      "Actual Loops": 1,
      "Plans": [
        {
          "Node Type": "Gather",
          "Parent Relationship": "Outer",
          "Parallel Aware": false,
          "Startup Cost": 68054.64,
          "Total Cost": 68054.95,
          "Plan Rows": 3,
          "Plan Width": 8,
          "Actual Startup Time": 127.794,
          "Actual Total Time": 141.824,
          "Actual Rows": 4,
          "Actual Loops": 1,
          "Workers Planned": 3,
          "Workers Launched": 3,
          "Single Copy": false,
          "Plans": [
            {
              "Node Type": "Aggregate",
              "Strategy": "Plain",
              "Partial Mode": "Partial",
              "Parent Relationship": "Outer",
              "Parallel Aware": false,
              "Startup Cost": 67054.64,
              "Total Cost": 67054.65,
              "Plan Rows": 1,
              "Plan Width": 8,
              "Actual Startup Time": 118.151,
              "Actual Total Time": 118.154,
              "Actual Rows": 1,
              "Actual Loops": 4,
              "Plans": [
                {
                  "Node Type": "Nested Loop",
                  "Parent Relationship": "Outer",
                  "Parallel Aware": false,
                  "Join Type": "Inner",
                  "Startup Cost": 45490.04,
                  "Total Cost": 67053.32,
                  "Plan Rows": 528,
                  "Plan Width": 0,
                  "Actual Startup Time": 103.358,
                  "Actual Total Time": 118.059,
                  "Actual Rows": 1000,
                  "Actual Loops": 4,
                  "Inner Unique": false,
                  "Join Filter": "(t.id = mi.movie_id)",
                  "Rows Removed by Join Filter": 0,
                  "Plans": [
                    {
                      "Node Type": "Hash Join",
                      "Parent Relationship": "Outer",
                      "Parallel Aware": true,
                      "Join Type": "Inner",
                      "Startup Cost": 45489.61,
                      "Total Cost": 64623.02,
                      "Plan Rows": 186,
                      "Plan Width": 8,
                      "Actual Startup Time": 103.282,
                      "Actual Total Time": 111.261,
                      "Actual Rows": 122,
                      "Actual Loops": 4,
                      "Inner Unique": true,
                      "Hash Cond": "(mc.movie_id = t.id)",
                      "Plans": [
                        {
                          "Node Type": "Bitmap Heap Scan",
                          "Parent Relationship": "Outer",
                          "Parallel Aware": true,
                          "Relation Name": "movie_companies",
                          "Alias": "mc",
                          "Startup Cost": 1525.91,
                          "Total Cost": 20599.71,
                          "Plan Rows": 22705,
                          "Plan Width": 4,
                          "Actual Startup Time": 4.184,
                          "Actual Total Time": 9.448,
                          "Actual Rows": 16812,
                          "Actual Loops": 4,
                          "Recheck Cond": "(company_id > 178517)",
                          "Rows Removed by Index Recheck": 0,
                          "Exact Heap Blocks": 818,
                          "Lossy Heap Blocks": 0,
                          "Plans": [
                            {
                              "Node Type": "Bitmap Index Scan",
                              "Parent Relationship": "Outer",
                              "Parallel Aware": false,
                              "Index Name": "company_id_movie_companies",
                              "Startup Cost": 0.0,
                              "Total Cost": 1508.31,
                              "Plan Rows": 70384,
                              "Plan Width": 0,
                              "Actual Startup Time": 3.608,
                              "Actual Total Time": 3.608,
                              "Actual Rows": 67248,
                              "Actual Loops": 1,
                              "Index Cond": "(company_id > 178517)"
                            }
                          ]
                        },
                        {
                          "Node Type": "Hash",
                          "Parent Relationship": "Inner",
                          "Parallel Aware": true,
                          "Startup Cost": 43898.92,
                          "Total Cost": 43898.92,
                          "Plan Rows": 5183,
                          "Plan Width": 4,
                          "Actual Startup Time": 97.626,
                          "Actual Total Time": 97.627,
                          "Actual Rows": 4965,
                          "Actual Loops": 4,
                          "Hash Buckets": 32768,
                          "Original Hash Buckets": 32768,
                          "Hash Batches": 1,
                          "Original Hash Batches": 1,
                          "Peak Memory Usage": 1088,
                          "Plans": [
                            {
                              "Node Type": "Seq Scan",
                              "Parent Relationship": "Outer",
                              "Parallel Aware": true,
                              "Relation Name": "title",
                              "Alias": "t",
                              "Startup Cost": 0.0,
                              "Total Cost": 43898.92,
                              "Plan Rows": 5183,
                              "Plan Width": 4,
                              "Actual Startup Time": 0.084,
                              "Actual Total Time": 94.668,
                              "Actual Rows": 4965,
                              "Actual Loops": 4,
                              "Filter": "(production_year = 1988)",
                              "Rows Removed by Filter": 627113
                            }
                          ]
                        }
                      ]
                    },
                    {
                      "Node Type": "Index Scan",
                      "Parent Relationship": "Inner",
                      "Parallel Aware": false,
                      "Scan Direction": "Forward",
                      "Index Name": "movie_id_movie_info",
                      "Relation Name": "movie_info",
                      "Alias": "mi",
                      "Startup Cost": 0.43,
                      "Total Cost": 12.82,
                      "Plan Rows": 20,
                      "Plan Width": 4,
                      "Actual Startup Time": 0.018,
                      "Actual Total Time": 0.054,
                      "Actual Rows": 8,
                      "Actual Loops": 486,
                      "Index Cond": "(movie_id = mc.movie_id)",
                      "Rows Removed by Index Recheck": 0,
                      "Filter": "(info_type_id < 8)",
                      "Rows Removed by Filter": 12
                    }
                  ]
                }
              ]
            }
          ]
        }
      ]
    },
    "Planning Time": 1.469,
    "Triggers": [],
    "Execution Time": 141.931
  }
]