[
    {
        "Bao": {
            "Bao prediction": "NaN",
            "Bao recommended hint": "(no hint)"
        }
    },
    {
        "Plan": {
            "Node Type": "Aggregate",
            "Strategy": "Plain",
            "Partial Mode": "Finalize",
            "Parallel Aware": false,
            "Startup Cost": 343412.87,
            "Total Cost": 343412.88,
            "Plan Rows": 1,
            "Plan Width": 8,
            "Actual Startup Time": 840.134,
            "Actual Total Time": 871.453,
            "Actual Rows": 1,
            "Actual Loops": 1,
            "Output": [
                "count(*)"
            ],
            "Plans": [
                {
                    "Node Type": "Gather",
                    "Parent Relationship": "Outer",
                    "Parallel Aware": false,
                    "Startup Cost": 343412.24,
                    "Total Cost": 343412.85,
                    "Plan Rows": 6,
                    "Plan Width": 8,
                    "Actual Startup Time": 840.055,
                    "Actual Total Time": 871.443,
                    "Actual Rows": 7,
                    "Actual Loops": 1,
                    "Output": [
                        "(PARTIAL count(*))"
                    ],
                    "Workers Planned": 6,
                    "Workers Launched": 6,
                    "Single Copy": false,
                    "Plans": [
                        {
                            "Node Type": "Aggregate",
                            "Strategy": "Plain",
                            "Partial Mode": "Partial",
                            "Parent Relationship": "Outer",
                            "Parallel Aware": false,
                            "Startup Cost": 342412.24,
                            "Total Cost": 342412.25,
                            "Plan Rows": 1,
                            "Plan Width": 8,
                            "Actual Startup Time": 830.471,
                            "Actual Total Time": 830.472,
                            "Actual Rows": 1,
                            "Actual Loops": 7,
                            "Output": [
                                "PARTIAL count(*)"
                            ],
                            "Workers": [
                                {
                                    "Worker Number": 0,
                                    "Actual Startup Time": 828.048,
                                    "Actual Total Time": 828.049,
                                    "Actual Rows": 1,
                                    "Actual Loops": 1
                                },
                                {
                                    "Worker Number": 1,
                                    "Actual Startup Time": 828.663,
                                    "Actual Total Time": 828.664,
                                    "Actual Rows": 1,
                                    "Actual Loops": 1
                                },
                                {
                                    "Worker Number": 2,
                                    "Actual Startup Time": 828.978,
                                    "Actual Total Time": 828.979,
                                    "Actual Rows": 1,
                                    "Actual Loops": 1
                                },
                                {
                                    "Worker Number": 3,
                                    "Actual Startup Time": 829.249,
                                    "Actual Total Time": 829.25,
                                    "Actual Rows": 1,
                                    "Actual Loops": 1
                                },
                                {
                                    "Worker Number": 4,
                                    "Actual Startup Time": 829.129,
                                    "Actual Total Time": 829.13,
                                    "Actual Rows": 1,
                                    "Actual Loops": 1
                                },
                                {
                                    "Worker Number": 5,
                                    "Actual Startup Time": 829.54,
                                    "Actual Total Time": 829.541,
                                    "Actual Rows": 1,
                                    "Actual Loops": 1
                                }
                            ],
                            "Plans": [
                                {
                                    "Node Type": "Seq Scan",
                                    "Parent Relationship": "Outer",
                                    "Parallel Aware": true,
                                    "Relation Name": "cast_info",
                                    "Schema": "public",
                                    "Alias": "ci",
                                    "Startup Cost": 0.0,
                                    "Total Cost": 328213.62,
                                    "Plan Rows": 5679450,
                                    "Plan Width": 0,
                                    "Actual Startup Time": 33.181,
                                    "Actual Total Time": 611.221,
                                    "Actual Rows": 4866081,
                                    "Actual Loops": 7,
                                    "Output": [
                                        "id",
                                        "person_id",
                                        "movie_id",
                                        "person_role_id",
                                        "note",
                                        "nr_order",
                                        "role_id"
                                    ],
                                    "Filter": "(ci.person_id > 213449)",
                                    "Rows Removed by Filter": 311682,
                                    "Workers": [
                                        {
                                            "Worker Number": 0,
                                            "Actual Startup Time": 30.746,
                                            "Actual Total Time": 608.473,
                                            "Actual Rows": 3341587,
                                            "Actual Loops": 1
                                        },
                                        {
                                            "Worker Number": 1,
                                            "Actual Startup Time": 31.383,
                                            "Actual Total Time": 608.236,
                                            "Actual Rows": 3354007,
                                            "Actual Loops": 1
                                        },
                                        {
                                            "Worker Number": 2,
                                            "Actual Startup Time": 31.698,
                                            "Actual Total Time": 618.116,
                                            "Actual Rows": 5207801,
                                            "Actual Loops": 1
                                        },
                                        {
                                            "Worker Number": 3,
                                            "Actual Startup Time": 31.959,
                                            "Actual Total Time": 618.538,
                                            "Actual Rows": 5215357,
                                            "Actual Loops": 1
                                        },
                                        {
                                            "Worker Number": 4,
                                            "Actual Startup Time": 31.836,
                                            "Actual Total Time": 615.19,
                                            "Actual Rows": 5166118,
                                            "Actual Loops": 1
                                        },
                                        {
                                            "Worker Number": 5,
                                            "Actual Startup Time": 32.257,
                                            "Actual Total Time": 618.525,
                                            "Actual Rows": 5220947,
                                            "Actual Loops": 1
                                        }
                                    ]
                                }
                            ]
                        }
                    ]
                }
            ]
        },
        "Planning Time": 192.349,
        "Triggers": [],
        "Execution Time": 871.504
    }
]