[
  {
    "Plan": {
      "Node Type": "Aggregate",
      "Strategy": "Plain",
      "Partial Mode": "Finalize",
      "Parallel Aware": false,
      "Startup Cost": 91704.77,
      "Total Cost": 91704.78,
      "Plan Rows": 1,
      "Plan Width": 8,
      "Actual Startup Time": 352.116,
      "Actual Total Time": 367.209,
      "Actual Rows": 1,
      "Actual Loops": 1,
      "Plans": [
        {
          "Node Type": "Gather",
          "Parent Relationship": "Outer",
          "Parallel Aware": false,
          "Startup Cost": 91704.45,
          "Total Cost": 91704.76,
          "Plan Rows": 3,
          "Plan Width": 8,
          "Actual Startup Time": 349.928,
          "Actual Total Time": 367.195,
          "Actual Rows": 4,
          "Actual Loops": 1,
          "Workers Planned": 3,
          "Workers Launched": 3,
          "Single Copy": false,
          "Plans": [
            {
              "Node Type": "Aggregate",
              "Strategy": "Plain",
              "Partial Mode": "Partial",
              "Parent Relationship": "Outer",
              "Parallel Aware": false,
              "Startup Cost": 90704.45,
              "Total Cost": 90704.46,
              "Plan Rows": 1,
              "Plan Width": 8,
              "Actual Startup Time": 341.846,
              "Actual Total Time": 341.85,
              "Actual Rows": 1,
              "Actual Loops": 4,
              "Plans": [
                {
                  "Node Type": "Hash Join",
                  "Parent Relationship": "Outer",
                  "Parallel Aware": true,
                  "Join Type": "Inner",
                  "Startup Cost": 46659.35,
                  "Total Cost": 90536.38,
                  "Plan Rows": 67229,
                  "Plan Width": 0,
                  "Actual Startup Time": 155.635,
                  "Actual Total Time": 333.464,
                  "Actual Rows": 165967,
                  "Actual Loops": 4,
                  "Inner Unique": true,
                  "Hash Cond": "(mk.movie_id = t.id)",
                  "Plans": [
                    {
                      "Node Type": "Seq Scan",
                      "Parent Relationship": "Outer",
                      "Parallel Aware": true,
                      "Relation Name": "movie_keyword",
                      "Alias": "mk",
                      "Startup Cost": 0.0,
                      "Total Cost": 42695.65,
                      "Plan Rows": 450048,
                      "Plan Width": 4,
                      "Actual Startup Time": 0.028,
                      "Actual Total Time": 110.289,
                      "Actual Rows": 351634,
                      "Actual Loops": 4,
                      "Filter": "(keyword_id < 1915)",
                      "Rows Removed by Filter": 779348
                    },
                    {
                      "Node Type": "Hash",
                      "Parent Relationship": "Inner",
                      "Parallel Aware": true,
                      "Startup Cost": 45479.1,
                      "Total Cost": 45479.1,
                      "Plan Rows": 94420,
                      "Plan Width": 4,
                      "Actual Startup Time": 152.076,
                      "Actual Total Time": 152.077,
                      "Actual Rows": 121205,
                      "Actual Loops": 4,
                      "Hash Buckets": 524288,
                      "Original Hash Buckets": 524288,
                      "Hash Batches": 1,
                      "Original Hash Batches": 1,
                      "Peak Memory Usage": 23136,
                      "Plans": [
                        {
                          "Node Type": "Seq Scan",
                          "Parent Relationship": "Outer",
                          "Parallel Aware": true,
                          "Relation Name": "title",
                          "Alias": "t",
                          "Startup Cost": 0.0,
                          "Total Cost": 45479.1,
                          "Plan Rows": 94420,
                          "Plan Width": 4,
                          "Actual Startup Time": 0.056,
                          "Actual Total Time": 108.628,
                          "Actual Rows": 121205,
                          "Actual Loops": 4,
                          "Filter": "((kind_id < 7) AND (production_year < 1999))",
                          "Rows Removed by Filter": 510873
                        }
                      ]
                    }
                  ]
                }
              ]
            }
          ]
        }
      ]
    },
    "Planning Time": 0.605,
    "Triggers": [],
    "Execution Time": 367.29
  }
]