[
  {
    "Plan": {
      "Node Type": "Aggregate",
      "Strategy": "Plain",
      "Partial Mode": "Finalize",
      "Parallel Aware": false,
      "Startup Cost": 32862.47,
      "Total Cost": 32862.48,
      "Plan Rows": 1,
      "Plan Width": 8,
      "Actual Startup Time": 89.332,
      "Actual Total Time": 97.169,
      "Actual Rows": 1,
      "Actual Loops": 1,
      "Plans": [
        {
          "Node Type": "Gather",
          "Parent Relationship": "Outer",
          "Parallel Aware": false,
          "Startup Cost": 32862.15,
          "Total Cost": 32862.46,
          "Plan Rows": 3,
          "Plan Width": 8,
          "Actual Startup Time": 89.207,
          "Actual Total Time": 97.16,
          "Actual Rows": 4,
          "Actual Loops": 1,
          "Workers Planned": 3,
          "Workers Launched": 3,
          "Single Copy": false,
          "Plans": [
            {
              "Node Type": "Aggregate",
              "Strategy": "Plain",
              "Partial Mode": "Partial",
              "Parent Relationship": "Outer",
              "Parallel Aware": false,
              "Startup Cost": 31862.15,
              "Total Cost": 31862.16,
              "Plan Rows": 1,
              "Plan Width": 8,
              "Actual Startup Time": 83.643,
              "Actual Total Time": 83.644,
              "Actual Rows": 1,
              "Actual Loops": 4,
              "Plans": [
                {
                  "Node Type": "Seq Scan",
                  "Parent Relationship": "Outer",
                  "Parallel Aware": true,
                  "Relation Name": "movie_companies",
                  "Alias": "mc",
                  "Startup Cost": 0.0,
                  "Total Cost": 31414.82,
                  "Plan Rows": 178932,
                  "Plan Width": 0,
                  "Actual Startup Time": 44.961,
                  "Actual Total Time": 79.138,
                  "Actual Rows": 85951,
                  "Actual Loops": 4,
                  "Filter": "((company_id < 7288) AND (company_type_id = 2))",
                  "Rows Removed by Filter": 566331
                }
              ]
            }
          ]
        }
      ]
    },
    "Planning Time": 0.126,
    "Triggers": [],
    "Execution Time": 97.206
  }
]