[
  {
    "Plan": {
      "Node Type": "Aggregate",
      "Strategy": "Plain",
      "Partial Mode": "Finalize",
      "Parallel Aware": false,
      "Startup Cost": 95110.34,
      "Total Cost": 95110.35,
      "Plan Rows": 1,
      "Plan Width": 8,
      "Actual Startup Time": 408.192,
      "Actual Total Time": 423.985,
      "Actual Rows": 1,
      "Actual Loops": 1,
      "Plans": [
        {
          "Node Type": "Gather",
          "Parent Relationship": "Outer",
          "Parallel Aware": false,
          "Startup Cost": 95110.03,
          "Total Cost": 95110.34,
          "Plan Rows": 3,
          "Plan Width": 8,
          "Actual Startup Time": 406.065,
          "Actual Total Time": 423.975,
          "Actual Rows": 4,
          "Actual Loops": 1,
          "Workers Planned": 3,
          "Workers Launched": 3,
          "Single Copy": false,
          "Plans": [
            {
              "Node Type": "Aggregate",
              "Strategy": "Plain",
              "Partial Mode": "Partial",
              "Parent Relationship": "Outer",
              "Parallel Aware": false,
              "Startup Cost": 94110.03,
              "Total Cost": 94110.04,
              "Plan Rows": 1,
              "Plan Width": 8,
              "Actual Startup Time": 401.927,
              "Actual Total Time": 401.93,
              "Actual Rows": 1,
              "Actual Loops": 4,
              "Plans": [
                {
                  "Node Type": "Hash Join",
                  "Parent Relationship": "Outer",
                  "Parallel Aware": true,
                  "Join Type": "Inner",
                  "Startup Cost": 47889.04,
                  "Total Cost": 93316.62,
                  "Plan Rows": 317364,
                  "Plan Width": 0,
                  "Actual Startup Time": 152.424,
                  "Actual Total Time": 379.791,
                  "Actual Rows": 488580,
                  "Actual Loops": 4,
                  "Inner Unique": true,
                  "Hash Cond": "(mk.movie_id = t.id)",
                  "Plans": [
                    {
                      "Node Type": "Seq Scan",
                      "Parent Relationship": "Outer",
                      "Parallel Aware": true,
                      "Relation Name": "movie_keyword",
                      "Alias": "mk",
                      "Startup Cost": 0.0,
                      "Total Cost": 42695.65,
                      "Plan Rows": 1040734,
                      "Plan Width": 4,
                      "Actual Startup Time": 0.029,
                      "Actual Total Time": 112.82,
                      "Actual Rows": 806458,
                      "Actual Loops": 4,
                      "Filter": "(keyword_id < 13597)",
                      "Rows Removed by Filter": 324525
                    },
                    {
                      "Node Type": "Hash",
                      "Parent Relationship": "Inner",
                      "Parallel Aware": true,
                      "Startup Cost": 45479.59,
                      "Total Cost": 45479.59,
                      "Plan Rows": 192756,
                      "Plan Width": 4,
                      "Actual Startup Time": 149.59,
                      "Actual Total Time": 149.591,
                      "Actual Rows": 169283,
                      "Actual Loops": 4,
                      "Hash Buckets": 1048576,
                      "Original Hash Buckets": 1048576,
                      "Hash Batches": 1,
                      "Original Hash Batches": 1,
                      "Peak Memory Usage": 34720,
                      "Plans": [
                        {
                          "Node Type": "Seq Scan",
                          "Parent Relationship": "Outer",
                          "Parallel Aware": true,
                          "Relation Name": "title",
                          "Alias": "t",
                          "Startup Cost": 0.0,
                          "Total Cost": 45479.59,
                          "Plan Rows": 192756,
                          "Plan Width": 4,
                          "Actual Startup Time": 0.024,
                          "Actual Total Time": 94.303,
                          "Actual Rows": 169283,
                          "Actual Loops": 4,
                          "Filter": "((kind_id < 7) AND (production_year > 1978))",
                          "Rows Removed by Filter": 462795
                        }
                      ]
                    }
                  ]
                }
              ]
            }
          ]
        }
      ]
    },
    "Planning Time": 0.616,
    "Triggers": [],
    "Execution Time": 424.042
  }
]