[
  {
    "Plan": {
      "Node Type": "Aggregate",
      "Strategy": "Plain",
      "Partial Mode": "Finalize",
      "Parallel Aware": false,
      "Startup Cost": 45227.96,
      "Total Cost": 45227.97,
      "Plan Rows": 1,
      "Plan Width": 8,
      "Actual Startup Time": 141.293,
      "Actual Total Time": 151.808,
      "Actual Rows": 1,
      "Actual Loops": 1,
      "Plans": [
        {
          "Node Type": "Gather",
          "Parent Relationship": "Outer",
          "Parallel Aware": false,
          "Startup Cost": 45227.64,
          "Total Cost": 45227.95,
          "Plan Rows": 3,
          "Plan Width": 8,
          "Actual Startup Time": 141.179,
          "Actual Total Time": 151.799,
          "Actual Rows": 4,
          "Actual Loops": 1,
          "Workers Planned": 3,
          "Workers Launched": 3,
          "Single Copy": false,
          "Plans": [
            {
              "Node Type": "Aggregate",
              "Strategy": "Plain",
              "Partial Mode": "Partial",
              "Parent Relationship": "Outer",
              "Parallel Aware": false,
              "Startup Cost": 44227.64,
              "Total Cost": 44227.65,
              "Plan Rows": 1,
              "Plan Width": 8,
              "Actual Startup Time": 136.167,
              "Actual Total Time": 136.168,
              "Actual Rows": 1,
              "Actual Loops": 4,
              "Plans": [
                {
                  "Node Type": "Seq Scan",
                  "Parent Relationship": "Outer",
                  "Parallel Aware": true,
                  "Relation Name": "movie_keyword",
                  "Alias": "mk",
                  "Startup Cost": 0.0,
                  "Total Cost": 42695.65,
                  "Plan Rows": 612796,
                  "Plan Width": 0,
                  "Actual Startup Time": 0.038,
                  "Actual Total Time": 112.617,
                  "Actual Rows": 476362,
                  "Actual Loops": 4,
                  "Filter": "(keyword_id < 3264)",
                  "Rows Removed by Filter": 654621
                }
              ]
            }
          ]
        }
      ]
    },
    "Planning Time": 0.081,
    "Triggers": [],
    "Execution Time": 151.835
  }
]