[
  {
    "Plan": {
      "Node Type": "Aggregate",
      "Strategy": "Plain",
      "Partial Mode": "Finalize",
      "Parallel Aware": false,
      "Startup Cost": 330557.8,
      "Total Cost": 330557.81,
      "Plan Rows": 1,
      "Plan Width": 8,
      "Actual Startup Time": 659.725,
      "Actual Total Time": 710.086,
      "Actual Rows": 1,
      "Actual Loops": 1,
      "Plans": [
        {
          "Node Type": "Gather",
          "Parent Relationship": "Outer",
          "Parallel Aware": false,
          "Startup Cost": 330557.17,
          "Total Cost": 330557.78,
          "Plan Rows": 6,
          "Plan Width": 8,
          "Actual Startup Time": 659.567,
          "Actual Total Time": 710.072,
          "Actual Rows": 7,
          "Actual Loops": 1,
          "Workers Planned": 6,
          "Workers Launched": 6,
          "Single Copy": false,
          "Plans": [
            {
              "Node Type": "Aggregate",
              "Strategy": "Plain",
              "Partial Mode": "Partial",
              "Parent Relationship": "Outer",
              "Parallel Aware": false,
              "Startup Cost": 329557.17,
              "Total Cost": 329557.18,
              "Plan Rows": 1,
              "Plan Width": 8,
              "Actual Startup Time": 653.006,
              "Actual Total Time": 653.007,
              "Actual Rows": 1,
              "Actual Loops": 7,
              "Plans": [
                {
                  "Node Type": "Seq Scan",
                  "Parent Relationship": "Outer",
                  "Parallel Aware": true,
                  "Relation Name": "cast_info",
                  "Alias": "ci",
                  "Startup Cost": 0.0,
                  "Total Cost": 328211.39,
                  "Plan Rows": 538312,
                  "Plan Width": 0,
                  "Actual Startup Time": 0.041,
                  "Actual Total Time": 622.077,
                  "Actual Rows": 477922,
                  "Actual Loops": 7,
                  "Filter": "(person_id < 321864)",
                  "Rows Removed by Filter": 4699842
                }
              ]
            }
          ]
        }
      ]
    },
    "Planning Time": 0.227,
    "Triggers": [],
    "Execution Time": 710.158
  }
]