[
  {
    "Plan": {
      "Node Type": "Aggregate",
      "Strategy": "Plain",
      "Partial Mode": "Finalize",
      "Parallel Aware": false,
      "Startup Cost": 31849.05,
      "Total Cost": 31849.06,
      "Plan Rows": 1,
      "Plan Width": 8,
      "Actual Startup Time": 105.112,
      "Actual Total Time": 112.406,
      "Actual Rows": 1,
      "Actual Loops": 1,
      "Plans": [
        {
          "Node Type": "Gather",
          "Parent Relationship": "Outer",
          "Parallel Aware": false,
          "Startup Cost": 31848.73,
          "Total Cost": 31849.04,
          "Plan Rows": 3,
          "Plan Width": 8,
          "Actual Startup Time": 104.864,
          "Actual Total Time": 112.397,
          "Actual Rows": 4,
          "Actual Loops": 1,
          "Workers Planned": 3,
          "Workers Launched": 3,
          "Single Copy": false,
          "Plans": [
            {
              "Node Type": "Aggregate",
              "Strategy": "Plain",
              "Partial Mode": "Partial",
              "Parent Relationship": "Outer",
              "Parallel Aware": false,
              "Startup Cost": 30848.73,
              "Total Cost": 30848.74,
              "Plan Rows": 1,
              "Plan Width": 8,
              "Actual Startup Time": 98.838,
              "Actual Total Time": 98.839,
              "Actual Rows": 1,
              "Actual Loops": 4,
              "Plans": [
                {
                  "Node Type": "Bitmap Heap Scan",
                  "Parent Relationship": "Outer",
                  "Parallel Aware": true,
                  "Relation Name": "movie_companies",
                  "Alias": "mc",
                  "Startup Cost": 9701.1,
                  "Total Cost": 30669.97,
                  "Plan Rows": 71505,
                  "Plan Width": 0,
                  "Actual Startup Time": 36.144,
                  "Actual Total Time": 93.056,
                  "Actual Rows": 84528,
                  "Actual Loops": 4,
                  "Recheck Cond": "(company_id < 352)",
                  "Rows Removed by Index Recheck": 0,
                  "Filter": "(company_type_id < 2)",
                  "Rows Removed by Filter": 27122,
                  "Exact Heap Blocks": 8743,
                  "Lossy Heap Blocks": 0,
                  "Plans": [
                    {
                      "Node Type": "Bitmap Index Scan",
                      "Parent Relationship": "Outer",
                      "Parallel Aware": false,
                      "Index Name": "company_id_movie_companies",
                      "Startup Cost": 0.0,
                      "Total Cost": 9645.68,
                      "Plan Rows": 450300,
                      "Plan Width": 0,
                      "Actual Startup Time": 38.484,
                      "Actual Total Time": 38.484,
                      "Actual Rows": 446597,
                      "Actual Loops": 1,
                      "Index Cond": "(company_id < 352)"
                    }
                  ]
                }
              ]
            }
          ]
        }
      ]
    },
    "Planning Time": 0.221,
    "Triggers": [],
    "Execution Time": 112.483
  }
]