[
    {
        "Bao": {
            "Bao prediction": "NaN",
            "Bao recommended hint": "(no hint)"
        }
    },
    {
        "Plan": {
            "Node Type": "Aggregate",
            "Strategy": "Plain",
            "Partial Mode": "Finalize",
            "Parallel Aware": false,
            "Startup Cost": 30652.07,
            "Total Cost": 30652.08,
            "Plan Rows": 1,
            "Plan Width": 8,
            "Actual Startup Time": 86.6,
            "Actual Total Time": 91.815,
            "Actual Rows": 1,
            "Actual Loops": 1,
            "Output": [
                "count(*)"
            ],
            "Plans": [
                {
                    "Node Type": "Gather",
                    "Parent Relationship": "Outer",
                    "Parallel Aware": false,
                    "Startup Cost": 30651.75,
                    "Total Cost": 30652.06,
                    "Plan Rows": 3,
                    "Plan Width": 8,
                    "Actual Startup Time": 86.504,
                    "Actual Total Time": 91.808,
                    "Actual Rows": 4,
                    "Actual Loops": 1,
                    "Output": [
                        "(PARTIAL count(*))"
                    ],
                    "Workers Planned": 3,
                    "Workers Launched": 3,
                    "Single Copy": false,
                    "Plans": [
                        {
                            "Node Type": "Aggregate",
                            "Strategy": "Plain",
                            "Partial Mode": "Partial",
                            "Parent Relationship": "Outer",
                            "Parallel Aware": false,
                            "Startup Cost": 29651.75,
                            "Total Cost": 29651.76,
                            "Plan Rows": 1,
                            "Plan Width": 8,
                            "Actual Startup Time": 78.289,
                            "Actual Total Time": 78.29,
                            "Actual Rows": 1,
                            "Actual Loops": 4,
                            "Output": [
                                "PARTIAL count(*)"
                            ],
                            "Workers": [
                                {
                                    "Worker Number": 0,
                                    "Actual Startup Time": 75.266,
                                    "Actual Total Time": 75.267,
                                    "Actual Rows": 1,
                                    "Actual Loops": 1
                                },
                                {
                                    "Worker Number": 1,
                                    "Actual Startup Time": 75.702,
                                    "Actual Total Time": 75.703,
                                    "Actual Rows": 1,
                                    "Actual Loops": 1
                                },
                                {
                                    "Worker Number": 2,
                                    "Actual Startup Time": 76.007,
                                    "Actual Total Time": 76.008,
                                    "Actual Rows": 1,
                                    "Actual Loops": 1
                                }
                            ],
                            "Plans": [
                                {
                                    "Node Type": "Seq Scan",
                                    "Parent Relationship": "Outer",
                                    "Parallel Aware": true,
                                    "Relation Name": "movie_companies",
                                    "Schema": "public",
                                    "Alias": "mc",
                                    "Startup Cost": 0.0,
                                    "Total Cost": 29310.68,
                                    "Plan Rows": 136427,
                                    "Plan Width": 0,
                                    "Actual Startup Time": 44.942,
                                    "Actual Total Time": 73.102,
                                    "Actual Rows": 107152,
                                    "Actual Loops": 4,
                                    "Output": [
                                        "id",
                                        "movie_id",
                                        "company_id",
                                        "company_type_id",
                                        "note"
                                    ],
                                    "Filter": "(mc.company_id > 79300)",
                                    "Rows Removed by Filter": 545131,
                                    "Workers": [
                                        {
                                            "Worker Number": 0,
                                            "Actual Startup Time": 41.919,
                                            "Actual Total Time": 70.496,
                                            "Actual Rows": 110285,
                                            "Actual Loops": 1
                                        },
                                        {
                                            "Worker Number": 1,
                                            "Actual Startup Time": 42.365,
                                            "Actual Total Time": 70.872,
                                            "Actual Rows": 112604,
                                            "Actual Loops": 1
                                        },
                                        {
                                            "Worker Number": 2,
                                            "Actual Startup Time": 42.653,
                                            "Actual Total Time": 71.11,
                                            "Actual Rows": 69328,
                                            "Actual Loops": 1
                                        }
                                    ]
                                }
                            ]
                        }
                    ]
                }
            ]
        },
        "Planning Time": 180.603,
        "Triggers": [],
        "Execution Time": 91.87
    }
]