[
    {
        "Bao": {
            "Bao prediction": "NaN",
            "Bao recommended hint": "(no hint)"
        }
    },
    {
        "Plan": {
            "Node Type": "Aggregate",
            "Strategy": "Plain",
            "Partial Mode": "Finalize",
            "Parallel Aware": false,
            "Startup Cost": 80822.7,
            "Total Cost": 80822.71,
            "Plan Rows": 1,
            "Plan Width": 8,
            "Actual Startup Time": 342.61,
            "Actual Total Time": 355.189,
            "Actual Rows": 1,
            "Actual Loops": 1,
            "Output": [
                "count(*)"
            ],
            "Plans": [
                {
                    "Node Type": "Gather",
                    "Parent Relationship": "Outer",
                    "Parallel Aware": false,
                    "Startup Cost": 80822.38,
                    "Total Cost": 80822.69,
                    "Plan Rows": 3,
                    "Plan Width": 8,
                    "Actual Startup Time": 339.481,
                    "Actual Total Time": 355.181,
                    "Actual Rows": 4,
                    "Actual Loops": 1,
                    "Output": [
                        "(PARTIAL count(*))"
                    ],
                    "Workers Planned": 3,
                    "Workers Launched": 3,
                    "Single Copy": false,
                    "Plans": [
                        {
                            "Node Type": "Aggregate",
                            "Strategy": "Plain",
                            "Partial Mode": "Partial",
                            "Parent Relationship": "Outer",
                            "Parallel Aware": false,
                            "Startup Cost": 79822.38,
                            "Total Cost": 79822.39,
                            "Plan Rows": 1,
                            "Plan Width": 8,
                            "Actual Startup Time": 330.904,
                            "Actual Total Time": 330.908,
                            "Actual Rows": 1,
                            "Actual Loops": 4,
                            "Output": [
                                "PARTIAL count(*)"
                            ],
                            "Workers": [
                                {
                                    "Worker Number": 0,
                                    "Actual Startup Time": 328.752,
                                    "Actual Total Time": 328.756,
                                    "Actual Rows": 1,
                                    "Actual Loops": 1
                                },
                                {
                                    "Worker Number": 1,
                                    "Actual Startup Time": 327.745,
                                    "Actual Total Time": 327.748,
                                    "Actual Rows": 1,
                                    "Actual Loops": 1
                                },
                                {
                                    "Worker Number": 2,
                                    "Actual Startup Time": 328.08,
                                    "Actual Total Time": 328.083,
                                    "Actual Rows": 1,
                                    "Actual Loops": 1
                                }
                            ],
                            "Plans": [
                                {
                                    "Node Type": "Hash Join",
                                    "Parent Relationship": "Outer",
                                    "Parallel Aware": true,
                                    "Join Type": "Inner",
                                    "Startup Cost": 53554.1,
                                    "Total Cost": 79746.1,
                                    "Plan Rows": 30512,
                                    "Plan Width": 0,
                                    "Actual Startup Time": 259.081,
                                    "Actual Total Time": 327.156,
                                    "Actual Rows": 54781,
                                    "Actual Loops": 4,
                                    "Inner Unique": true,
                                    "Hash Cond": "(mk.movie_id = t.id)",
                                    "Workers": [
                                        {
                                            "Worker Number": 0,
                                            "Actual Startup Time": 257.042,
                                            "Actual Total Time": 324.992,
                                            "Actual Rows": 48039,
                                            "Actual Loops": 1
                                        },
                                        {
                                            "Worker Number": 1,
                                            "Actual Startup Time": 256.036,
                                            "Actual Total Time": 324.318,
                                            "Actual Rows": 65526,
                                            "Actual Loops": 1
                                        },
                                        {
                                            "Worker Number": 2,
                                            "Actual Startup Time": 255.918,
                                            "Actual Total Time": 324.363,
                                            "Actual Rows": 47198,
                                            "Actual Loops": 1
                                        }
                                    ],
                                    "Plans": [
                                        {
                                            "Node Type": "Bitmap Heap Scan",
                                            "Parent Relationship": "Outer",
                                            "Parallel Aware": true,
                                            "Relation Name": "movie_keyword",
                                            "Schema": "public",
                                            "Alias": "mk",
                                            "Startup Cost": 7557.12,
                                            "Total Cost": 33447.48,
                                            "Plan Rows": 114909,
                                            "Plan Width": 4,
                                            "Actual Startup Time": 55.809,
                                            "Actual Total Time": 115.326,
                                            "Actual Rows": 89800,
                                            "Actual Loops": 4,
                                            "Output": [
                                                "mk.id",
                                                "mk.movie_id",
                                                "mk.keyword_id"
                                            ],
                                            "Recheck Cond": "(mk.keyword_id < 323)",
                                            "Rows Removed by Index Recheck": 0,
                                            "Exact Heap Blocks": 6343,
                                            "Lossy Heap Blocks": 0,
                                            "Workers": [
                                                {
                                                    "Worker Number": 0,
                                                    "Actual Startup Time": 55.643,
                                                    "Actual Total Time": 117.002,
                                                    "Actual Rows": 93062,
                                                    "Actual Loops": 1
                                                },
                                                {
                                                    "Worker Number": 1,
                                                    "Actual Startup Time": 55.854,
                                                    "Actual Total Time": 116.18,
                                                    "Actual Rows": 97585,
                                                    "Actual Loops": 1
                                                },
                                                {
                                                    "Worker Number": 2,
                                                    "Actual Startup Time": 55.738,
                                                    "Actual Total Time": 117.316,
                                                    "Actual Rows": 75470,
                                                    "Actual Loops": 1
                                                }
                                            ],
                                            "Plans": [
                                                {
                                                    "Node Type": "Bitmap Index Scan",
                                                    "Parent Relationship": "Outer",
                                                    "Parallel Aware": false,
                                                    "Index Name": "keyword_id_movie_keyword",
                                                    "Startup Cost": 0.0,
                                                    "Total Cost": 7468.07,
                                                    "Plan Rows": 356218,
                                                    "Plan Width": 0,
                                                    "Actual Startup Time": 49.974,
                                                    "Actual Total Time": 49.975,
                                                    "Actual Rows": 359202,
                                                    "Actual Loops": 1,
                                                    "Index Cond": "(mk.keyword_id < 323)",
                                                    "Workers": [
                                                        {
                                                            "Worker Number": 0,
                                                            "Actual Startup Time": 49.974,
                                                            "Actual Total Time": 49.975,
                                                            "Actual Rows": 359202,
                                                            "Actual Loops": 1
                                                        }
                                                    ]
                                                }
                                            ]
                                        },
                                        {
                                            "Node Type": "Hash",
                                            "Parent Relationship": "Inner",
                                            "Parallel Aware": true,
                                            "Startup Cost": 43899.01,
                                            "Total Cost": 43899.01,
                                            "Plan Rows": 167838,
                                            "Plan Width": 4,
                                            "Actual Startup Time": 171.117,
                                            "Actual Total Time": 171.118,
                                            "Actual Rows": 165706,
                                            "Actual Loops": 4,
                                            "Output": [
                                                "t.id"
                                            ],
                                            "Hash Buckets": 1048576,
                                            "Original Hash Buckets": 1048576,
                                            "Hash Batches": 1,
                                            "Original Hash Batches": 1,
                                            "Peak Memory Usage": 34144,
                                            "Workers": [
                                                {
                                                    "Worker Number": 0,
                                                    "Actual Startup Time": 171.917,
                                                    "Actual Total Time": 171.918,
                                                    "Actual Rows": 149503,
                                                    "Actual Loops": 1
                                                },
                                                {
                                                    "Worker Number": 1,
                                                    "Actual Startup Time": 171.004,
                                                    "Actual Total Time": 171.005,
                                                    "Actual Rows": 208549,
                                                    "Actual Loops": 1
                                                },
                                                {
                                                    "Worker Number": 2,
                                                    "Actual Startup Time": 170.755,
                                                    "Actual Total Time": 170.756,
                                                    "Actual Rows": 148749,
                                                    "Actual Loops": 1
                                                }
                                            ],
                                            "Plans": [
                                                {
                                                    "Node Type": "Seq Scan",
                                                    "Parent Relationship": "Outer",
                                                    "Parallel Aware": true,
                                                    "Relation Name": "title",
                                                    "Schema": "public",
                                                    "Alias": "t",
                                                    "Startup Cost": 0.0,
                                                    "Total Cost": 43899.01,
                                                    "Plan Rows": 167838,
                                                    "Plan Width": 4,
                                                    "Actual Startup Time": 46.327,
                                                    "Actual Total Time": 108.86,
                                                    "Actual Rows": 165706,
                                                    "Actual Loops": 4,
                                                    "Output": [
                                                        "t.id"
                                                    ],
                                                    "Filter": "(t.kind_id < 2)",
                                                    "Rows Removed by Filter": 466372,
                                                    "Workers": [
                                                        {
                                                            "Worker Number": 0,
                                                            "Actual Startup Time": 6.318,
                                                            "Actual Total Time": 111.134,
                                                            "Actual Rows": 149503,
                                                            "Actual Loops": 1
                                                        },
                                                        {
                                                            "Worker Number": 1,
                                                            "Actual Startup Time": 59.508,
                                                            "Actual Total Time": 108.15,
                                                            "Actual Rows": 208549,
                                                            "Actual Loops": 1
                                                        },
                                                        {
                                                            "Worker Number": 2,
                                                            "Actual Startup Time": 59.74,
                                                            "Actual Total Time": 111.18,
                                                            "Actual Rows": 148749,
                                                            "Actual Loops": 1
                                                        }
                                                    ]
                                                }
                                            ]
                                        }
                                    ]
                                }
                            ]
                        }
                    ]
                }
            ]
        },
        "Planning Time": 306.95,
        "Triggers": [],
        "Execution Time": 355.285
    }
]