[
  {
    "Plan": {
      "Node Type": "Aggregate",
      "Strategy": "Plain",
      "Partial Mode": "Finalize",
      "Parallel Aware": false,
      "Startup Cost": 56386.74,
      "Total Cost": 56386.75,
      "Plan Rows": 1,
      "Plan Width": 8,
      "Actual Startup Time": 90.441,
      "Actual Total Time": 103.621,
      "Actual Rows": 1,
      "Actual Loops": 1,
      "Plans": [
        {
          "Node Type": "Gather",
          "Parent Relationship": "Outer",
          "Parallel Aware": false,
          "Startup Cost": 56386.32,
          "Total Cost": 56386.73,
          "Plan Rows": 4,
          "Plan Width": 8,
          "Actual Startup Time": 90.308,
          "Actual Total Time": 103.612,
          "Actual Rows": 5,
          "Actual Loops": 1,
          "Workers Planned": 4,
          "Workers Launched": 4,
          "Single Copy": false,
          "Plans": [
            {
              "Node Type": "Aggregate",
              "Strategy": "Plain",
              "Partial Mode": "Partial",
              "Parent Relationship": "Outer",
              "Parallel Aware": false,
              "Startup Cost": 55386.32,
              "Total Cost": 55386.33,
              "Plan Rows": 1,
              "Plan Width": 8,
              "Actual Startup Time": 86.018,
              "Actual Total Time": 86.019,
              "Actual Rows": 1,
              "Actual Loops": 5,
              "Plans": [
                {
                  "Node Type": "Nested Loop",
                  "Parent Relationship": "Outer",
                  "Parallel Aware": false,
                  "Join Type": "Inner",
                  "Startup Cost": 0.43,
                  "Total Cost": 55384.82,
                  "Plan Rows": 602,
                  "Plan Width": 0,
                  "Actual Startup Time": 51.007,
                  "Actual Total Time": 85.876,
                  "Actual Rows": 1472,
                  "Actual Loops": 5,
                  "Inner Unique": false,
                  "Plans": [
                    {
                      "Node Type": "Seq Scan",
                      "Parent Relationship": "Outer",
                      "Parallel Aware": true,
                      "Relation Name": "title",
                      "Alias": "t",
                      "Startup Cost": 0.0,
                      "Total Cost": 45479.59,
                      "Plan Rows": 583,
                      "Plan Width": 4,
                      "Actual Startup Time": 50.919,
                      "Actual Total Time": 76.803,
                      "Actual Rows": 738,
                      "Actual Loops": 5,
                      "Filter": "((kind_id = 1) AND (production_year = 1964))",
                      "Rows Removed by Filter": 504924
                    },
                    {
                      "Node Type": "Index Only Scan",
                      "Parent Relationship": "Inner",
                      "Parallel Aware": false,
                      "Scan Direction": "Forward",
                      "Index Name": "movie_id_movie_companies",
                      "Relation Name": "movie_companies",
                      "Alias": "mc",
                      "Startup Cost": 0.43,
                      "Total Cost": 16.94,
                      "Plan Rows": 5,
                      "Plan Width": 4,
                      "Actual Startup Time": 0.01,
                      "Actual Total Time": 0.012,
                      "Actual Rows": 2,
                      "Actual Loops": 3692,
                      "Index Cond": "(movie_id = t.id)",
                      "Rows Removed by Index Recheck": 0,
                      "Heap Fetches": 7361
                    }
                  ]
                }
              ]
            }
          ]
        }
      ]
    },
    "Planning Time": 0.348,
    "Triggers": [],
    "Execution Time": 103.663
  }
]