[
  {
    "Plan": {
      "Node Type": "Aggregate",
      "Strategy": "Plain",
      "Partial Mode": "Finalize",
      "Parallel Aware": false,
      "Startup Cost": 45637.05,
      "Total Cost": 45637.06,
      "Plan Rows": 1,
      "Plan Width": 8,
      "Actual Startup Time": 195.892,
      "Actual Total Time": 207.195,
      "Actual Rows": 1,
      "Actual Loops": 1,
      "Plans": [
        {
          "Node Type": "Gather",
          "Parent Relationship": "Outer",
          "Parallel Aware": false,
          "Startup Cost": 45636.73,
          "Total Cost": 45637.04,
          "Plan Rows": 3,
          "Plan Width": 8,
          "Actual Startup Time": 195.756,
          "Actual Total Time": 207.183,
          "Actual Rows": 4,
          "Actual Loops": 1,
          "Workers Planned": 3,
          "Workers Launched": 3,
          "Single Copy": false,
          "Plans": [
            {
              "Node Type": "Aggregate",
              "Strategy": "Plain",
              "Partial Mode": "Partial",
              "Parent Relationship": "Outer",
              "Parallel Aware": false,
              "Startup Cost": 44636.73,
              "Total Cost": 44636.74,
              "Plan Rows": 1,
              "Plan Width": 8,
              "Actual Startup Time": 187.023,
              "Actual Total Time": 187.024,
              "Actual Rows": 1,
              "Actual Loops": 4,
              "Plans": [
                {
                  "Node Type": "Seq Scan",
                  "Parent Relationship": "Outer",
                  "Parallel Aware": true,
                  "Relation Name": "movie_keyword",
                  "Alias": "mk",
                  "Startup Cost": 0.0,
                  "Total Cost": 42695.65,
                  "Plan Rows": 776432,
                  "Plan Width": 0,
                  "Actual Startup Time": 0.588,
                  "Actual Total Time": 149.581,
                  "Actual Rows": 599282,
                  "Actual Loops": 4,
                  "Filter": "(keyword_id > 3919)",
                  "Rows Removed by Filter": 531701
                }
              ]
            }
          ]
        }
      ]
    },
    "Planning Time": 0.196,
    "Triggers": [],
    "Execution Time": 207.255
  }
]