[
  {
    "Plan": {
      "Node Type": "Aggregate",
      "Strategy": "Plain",
      "Partial Mode": "Finalize",
      "Parallel Aware": false,
      "Startup Cost": 45631.43,
      "Total Cost": 45631.44,
      "Plan Rows": 1,
      "Plan Width": 8,
      "Actual Startup Time": 164.959,
      "Actual Total Time": 174.533,
      "Actual Rows": 1,
      "Actual Loops": 1,
      "Plans": [
        {
          "Node Type": "Gather",
          "Parent Relationship": "Outer",
          "Parallel Aware": false,
          "Startup Cost": 45631.12,
          "Total Cost": 45631.43,
          "Plan Rows": 3,
          "Plan Width": 8,
          "Actual Startup Time": 164.852,
          "Actual Total Time": 174.525,
          "Actual Rows": 4,
          "Actual Loops": 1,
          "Workers Planned": 3,
          "Workers Launched": 3,
          "Single Copy": false,
          "Plans": [
            {
              "Node Type": "Aggregate",
              "Strategy": "Plain",
              "Partial Mode": "Partial",
              "Parent Relationship": "Outer",
              "Parallel Aware": false,
              "Startup Cost": 44631.12,
              "Total Cost": 44631.13,
              "Plan Rows": 1,
              "Plan Width": 8,
              "Actual Startup Time": 156.271,
              "Actual Total Time": 156.272,
              "Actual Rows": 1,
              "Actual Loops": 4,
              "Plans": [
                {
                  "Node Type": "Seq Scan",
                  "Parent Relationship": "Outer",
                  "Parallel Aware": true,
                  "Relation Name": "movie_keyword",
                  "Alias": "mk",
                  "Startup Cost": 0.0,
                  "Total Cost": 42695.65,
                  "Plan Rows": 774185,
                  "Plan Width": 0,
                  "Actual Startup Time": 0.597,
                  "Actual Total Time": 125.873,
                  "Actual Rows": 599282,
                  "Actual Loops": 4,
                  "Filter": "(keyword_id > 3919)",
                  "Rows Removed by Filter": 531701
                }
              ]
            }
          ]
        }
      ]
    },
    "Planning Time": 0.165,
    "Triggers": [],
    "Execution Time": 174.587
  }
]