[
  {
    "Plan": {
      "Node Type": "Aggregate",
      "Strategy": "Plain",
      "Partial Mode": "Finalize",
      "Parallel Aware": false,
      "Startup Cost": 31454.35,
      "Total Cost": 31454.36,
      "Plan Rows": 1,
      "Plan Width": 8,
      "Actual Startup Time": 110.197,
      "Actual Total Time": 118.82,
      "Actual Rows": 1,
      "Actual Loops": 1,
      "Plans": [
        {
          "Node Type": "Gather",
          "Parent Relationship": "Outer",
          "Parallel Aware": false,
          "Startup Cost": 31454.04,
          "Total Cost": 31454.35,
          "Plan Rows": 3,
          "Plan Width": 8,
          "Actual Startup Time": 110.05,
          "Actual Total Time": 118.81,
          "Actual Rows": 4,
          "Actual Loops": 1,
          "Workers Planned": 3,
          "Workers Launched": 3,
          "Single Copy": false,
          "Plans": [
            {
              "Node Type": "Aggregate",
              "Strategy": "Plain",
              "Partial Mode": "Partial",
              "Parent Relationship": "Outer",
              "Parallel Aware": false,
              "Startup Cost": 30454.04,
              "Total Cost": 30454.05,
              "Plan Rows": 1,
              "Plan Width": 8,
              "Actual Startup Time": 104.376,
              "Actual Total Time": 104.377,
              "Actual Rows": 1,
              "Actual Loops": 4,
              "Plans": [
                {
                  "Node Type": "Seq Scan",
                  "Parent Relationship": "Outer",
                  "Parallel Aware": true,
                  "Relation Name": "movie_companies",
                  "Alias": "mc",
                  "Startup Cost": 0.0,
                  "Total Cost": 29310.68,
                  "Plan Rows": 457342,
                  "Plan Width": 0,
                  "Actual Startup Time": 0.022,
                  "Actual Total Time": 84.077,
                  "Actual Rows": 356952,
                  "Actual Loops": 4,
                  "Filter": "(company_id < 12602)",
                  "Rows Removed by Filter": 295331
                }
              ]
            }
          ]
        }
      ]
    },
    "Planning Time": 0.193,
    "Triggers": [],
    "Execution Time": 118.874
  }
]