{
  "Plan": {
    "Node Type": "Aggregate",
    "Strategy": "Plain",
    "Partial Mode": "Finalize",
    "Parallel Aware": false,
    "Startup Cost": 297671.27,
    "Total Cost": 297671.28,
    "Plan Rows": 1,
    "Plan Width": 8,
    "Actual Startup Time": 1144.364,
    "Actual Total Time": 1171.312,
    "Actual Rows": 1,
    "Actual Loops": 1,
    "Plans": [
      {
        "Node Type": "Gather",
        "Parent Relationship": "Outer",
        "Parallel Aware": false,
        "Startup Cost": 297671.16,
        "Total Cost": 297671.27,
        "Plan Rows": 1,
        "Plan Width": 8,
        "Actual Startup Time": 1144.0,
        "Actual Total Time": 1171.305,
        "Actual Rows": 2,
        "Actual Loops": 1,
        "Workers Planned": 1,
        "Workers Launched": 1,
        "Single Copy": false,
        "Plans": [
          {
            "Node Type": "Aggregate",
            "Strategy": "Plain",
            "Partial Mode": "Partial",
            "Parent Relationship": "Outer",
            "Parallel Aware": false,
            "Startup Cost": 296671.16,
            "Total Cost": 296671.17,
            "Plan Rows": 1,
            "Plan Width": 8,
            "Actual Startup Time": 1138.278,
            "Actual Total Time": 1138.282,
            "Actual Rows": 1,
            "Actual Loops": 2,
            "Plans": [
              {
                "Node Type": "Hash Join",
                "Parent Relationship": "Outer",
                "Parallel Aware": true,
                "Join Type": "Inner",
                "Startup Cost": 59027.63,
                "Total Cost": 296251.39,
                "Plan Rows": 167905,
                "Plan Width": 0,
                "Actual Startup Time": 153.712,
                "Actual Total Time": 1130.576,
                "Actual Rows": 165332,
                "Actual Loops": 2,
                "Inner Unique": true,
                "Hash Cond": "(ci.movie_id = t.id)",
                "Plans": [
                  {
                    "Node Type": "Index Scan",
                    "Parent Relationship": "Outer",
                    "Parallel Aware": true,
                    "Scan Direction": "Forward",
                    "Index Name": "role_id_cast_info",
                    "Relation Name": "cast_info",
                    "Alias": "ci",
                    "Startup Cost": 0.56,
                    "Total Cost": 225853.5,
                    "Plan Rows": 4331734,
                    "Plan Width": 4,
                    "Actual Startup Time": 0.167,
                    "Actual Total Time": 487.023,
                    "Actual Rows": 3725986,
                    "Actual Loops": 2,
                    "Index Cond": "(role_id = 2)",
                    "Rows Removed by Index Recheck": 0
                  },
                  {
                    "Node Type": "Hash",
                    "Parent Relationship": "Inner",
                    "Parallel Aware": true,
                    "Startup Cost": 58306.47,
                    "Total Cost": 58306.47,
                    "Plan Rows": 57648,
                    "Plan Width": 4,
                    "Actual Startup Time": 151.67,
                    "Actual Total Time": 151.671,
                    "Actual Rows": 53124,
                    "Actual Loops": 2,
                    "Hash Buckets": 131072,
                    "Original Hash Buckets": 131072,
                    "Hash Batches": 1,
                    "Original Hash Batches": 1,
                    "Peak Memory Usage": 5216,
                    "Plans": [
                      {
                        "Node Type": "Seq Scan",
                        "Parent Relationship": "Outer",
                        "Parallel Aware": true,
                        "Relation Name": "title",
                        "Alias": "t",
                        "Startup Cost": 0.0,
                        "Total Cost": 58306.47,
                        "Plan Rows": 57648,
                        "Plan Width": 4,
                        "Actual Startup Time": 0.035,
                        "Actual Total Time": 137.939,
                        "Actual Rows": 53124,
                        "Actual Loops": 2,
                        "Filter": "((kind_id = 7) AND (production_year = 2011))",
                        "Rows Removed by Filter": 1211032
                      }
                    ]
                  }
                ]
              }
            ]
          }
        ]
      }
    ]
  },
  "Planning Time": 0.417,
  "Triggers": [],
  "Execution Time": 1171.381
}