[
    {
        "Bao": {
            "Bao prediction": "NaN",
            "Bao recommended hint": "(no hint)"
        }
    },
    {
        "Plan": {
            "Node Type": "Aggregate",
            "Strategy": "Plain",
            "Partial Mode": "Finalize",
            "Parallel Aware": false,
            "Startup Cost": 31135.79,
            "Total Cost": 31135.8,
            "Plan Rows": 1,
            "Plan Width": 8,
            "Actual Startup Time": 89.22,
            "Actual Total Time": 92.706,
            "Actual Rows": 1,
            "Actual Loops": 1,
            "Output": [
                "count(*)"
            ],
            "Plans": [
                {
                    "Node Type": "Gather",
                    "Parent Relationship": "Outer",
                    "Parallel Aware": false,
                    "Startup Cost": 31135.47,
                    "Total Cost": 31135.78,
                    "Plan Rows": 3,
                    "Plan Width": 8,
                    "Actual Startup Time": 89.141,
                    "Actual Total Time": 92.699,
                    "Actual Rows": 4,
                    "Actual Loops": 1,
                    "Output": [
                        "(PARTIAL count(*))"
                    ],
                    "Workers Planned": 3,
                    "Workers Launched": 3,
                    "Single Copy": false,
                    "Plans": [
                        {
                            "Node Type": "Aggregate",
                            "Strategy": "Plain",
                            "Partial Mode": "Partial",
                            "Parent Relationship": "Outer",
                            "Parallel Aware": false,
                            "Startup Cost": 30135.47,
                            "Total Cost": 30135.48,
                            "Plan Rows": 1,
                            "Plan Width": 8,
                            "Actual Startup Time": 81.143,
                            "Actual Total Time": 81.144,
                            "Actual Rows": 1,
                            "Actual Loops": 4,
                            "Output": [
                                "PARTIAL count(*)"
                            ],
                            "Workers": [
                                {
                                    "Worker Number": 0,
                                    "Actual Startup Time": 78.507,
                                    "Actual Total Time": 78.508,
                                    "Actual Rows": 1,
                                    "Actual Loops": 1
                                },
                                {
                                    "Worker Number": 1,
                                    "Actual Startup Time": 78.584,
                                    "Actual Total Time": 78.585,
                                    "Actual Rows": 1,
                                    "Actual Loops": 1
                                },
                                {
                                    "Worker Number": 2,
                                    "Actual Startup Time": 78.587,
                                    "Actual Total Time": 78.588,
                                    "Actual Rows": 1,
                                    "Actual Loops": 1
                                }
                            ],
                            "Plans": [
                                {
                                    "Node Type": "Seq Scan",
                                    "Parent Relationship": "Outer",
                                    "Parallel Aware": true,
                                    "Relation Name": "movie_companies",
                                    "Schema": "public",
                                    "Alias": "mc",
                                    "Startup Cost": 0.0,
                                    "Total Cost": 29310.68,
                                    "Plan Rows": 329915,
                                    "Plan Width": 0,
                                    "Actual Startup Time": 14.018,
                                    "Actual Total Time": 69.372,
                                    "Actual Rows": 256428,
                                    "Actual Loops": 4,
                                    "Output": [
                                        "id",
                                        "movie_id",
                                        "company_id",
                                        "company_type_id",
                                        "note"
                                    ],
                                    "Filter": "(mc.company_id > 15793)",
                                    "Rows Removed by Filter": 395854,
                                    "Workers": [
                                        {
                                            "Worker Number": 0,
                                            "Actual Startup Time": 11.378,
                                            "Actual Total Time": 66.98,
                                            "Actual Rows": 238747,
                                            "Actual Loops": 1
                                        },
                                        {
                                            "Worker Number": 1,
                                            "Actual Startup Time": 11.47,
                                            "Actual Total Time": 66.966,
                                            "Actual Rows": 244246,
                                            "Actual Loops": 1
                                        },
                                        {
                                            "Worker Number": 2,
                                            "Actual Startup Time": 11.47,
                                            "Actual Total Time": 67.86,
                                            "Actual Rows": 218079,
                                            "Actual Loops": 1
                                        }
                                    ]
                                }
                            ]
                        }
                    ]
                }
            ]
        },
        "Planning Time": 192.736,
        "Triggers": [],
        "Execution Time": 92.747
    }
]