[
  {
    "Plan": {
      "Node Type": "Aggregate",
      "Strategy": "Plain",
      "Partial Mode": "Finalize",
      "Parallel Aware": false,
      "Startup Cost": 219383.33,
      "Total Cost": 219383.34,
      "Plan Rows": 1,
      "Plan Width": 8,
      "Actual Startup Time": 200.679,
      "Actual Total Time": 211.445,
      "Actual Rows": 1,
      "Actual Loops": 1,
      "Plans": [
        {
          "Node Type": "Gather",
          "Parent Relationship": "Outer",
          "Parallel Aware": false,
          "Startup Cost": 219382.81,
          "Total Cost": 219383.32,
          "Plan Rows": 5,
          "Plan Width": 8,
          "Actual Startup Time": 196.282,
          "Actual Total Time": 211.436,
          "Actual Rows": 6,
          "Actual Loops": 1,
          "Workers Planned": 5,
          "Workers Launched": 5,
          "Single Copy": false,
          "Plans": [
            {
              "Node Type": "Aggregate",
              "Strategy": "Plain",
              "Partial Mode": "Partial",
              "Parent Relationship": "Outer",
              "Parallel Aware": false,
              "Startup Cost": 218382.81,
              "Total Cost": 218382.82,
              "Plan Rows": 1,
              "Plan Width": 8,
              "Actual Startup Time": 185.602,
              "Actual Total Time": 185.605,
              "Actual Rows": 1,
              "Actual Loops": 6,
              "Plans": [
                {
                  "Node Type": "Hash Join",
                  "Parent Relationship": "Outer",
                  "Parallel Aware": true,
                  "Join Type": "Inner",
                  "Startup Cost": 53699.13,
                  "Total Cost": 218331.78,
                  "Plan Rows": 20411,
                  "Plan Width": 0,
                  "Actual Startup Time": 158.347,
                  "Actual Total Time": 183.048,
                  "Actual Rows": 51006,
                  "Actual Loops": 6,
                  "Inner Unique": true,
                  "Hash Cond": "(mi.movie_id = t.id)",
                  "Plans": [
                    {
                      "Node Type": "Bitmap Heap Scan",
                      "Parent Relationship": "Outer",
                      "Parallel Aware": true,
                      "Relation Name": "movie_info",
                      "Alias": "mi",
                      "Startup Cost": 5618.66,
                      "Total Cost": 170088.58,
                      "Plan Rows": 61993,
                      "Plan Width": 4,
                      "Actual Startup Time": 11.81,
                      "Actual Total Time": 24.423,
                      "Actual Rows": 51131,
                      "Actual Loops": 6,
                      "Recheck Cond": "(info_type_id > 105)",
                      "Rows Removed by Index Recheck": 0,
                      "Exact Heap Blocks": 1155,
                      "Lossy Heap Blocks": 0,
                      "Plans": [
                        {
                          "Node Type": "Bitmap Index Scan",
                          "Parent Relationship": "Outer",
                          "Parallel Aware": false,
                          "Index Name": "info_type_id_movie_info",
                          "Startup Cost": 0.0,
                          "Total Cost": 5541.16,
                          "Plan Rows": 309964,
                          "Plan Width": 0,
                          "Actual Startup Time": 11.009,
                          "Actual Total Time": 11.009,
                          "Actual Rows": 306788,
                          "Actual Loops": 1,
                          "Index Cond": "(info_type_id > 105)"
                        }
                      ]
                    },
                    {
                      "Node Type": "Hash",
                      "Parent Relationship": "Inner",
                      "Parallel Aware": true,
                      "Startup Cost": 45479.1,
                      "Total Cost": 45479.1,
                      "Plan Rows": 208110,
                      "Plan Width": 4,
                      "Actual Startup Time": 142.939,
                      "Actual Total Time": 142.939,
                      "Actual Rows": 141237,
                      "Actual Loops": 6,
                      "Hash Buckets": 1048576,
                      "Original Hash Buckets": 1048576,
                      "Hash Batches": 1,
                      "Original Hash Batches": 1,
                      "Peak Memory Usage": 41440,
                      "Plans": [
                        {
                          "Node Type": "Seq Scan",
                          "Parent Relationship": "Outer",
                          "Parallel Aware": true,
                          "Relation Name": "title",
                          "Alias": "t",
                          "Startup Cost": 0.0,
                          "Total Cost": 45479.1,
                          "Plan Rows": 208110,
                          "Plan Width": 4,
                          "Actual Startup Time": 0.038,
                          "Actual Total Time": 84.905,
                          "Actual Rows": 141237,
                          "Actual Loops": 6,
                          "Filter": "((kind_id < 4) AND (production_year > 0))",
                          "Rows Removed by Filter": 280148
                        }
                      ]
                    }
                  ]
                }
              ]
            }
          ]
        }
      ]
    },
    "Planning Time": 0.65,
    "Triggers": [],
    "Execution Time": 211.535
  }
]