[
  {
    "Plan": {
      "Node Type": "Aggregate",
      "Strategy": "Plain",
      "Partial Mode": "Finalize",
      "Parallel Aware": false,
      "Startup Cost": 347274.7,
      "Total Cost": 347274.71,
      "Plan Rows": 1,
      "Plan Width": 8,
      "Actual Startup Time": 711.348,
      "Actual Total Time": 771.242,
      "Actual Rows": 1,
      "Actual Loops": 1,
      "Plans": [
        {
          "Node Type": "Gather",
          "Parent Relationship": "Outer",
          "Parallel Aware": false,
          "Startup Cost": 347274.08,
          "Total Cost": 347274.69,
          "Plan Rows": 6,
          "Plan Width": 8,
          "Actual Startup Time": 711.232,
          "Actual Total Time": 771.231,
          "Actual Rows": 7,
          "Actual Loops": 1,
          "Workers Planned": 6,
          "Workers Launched": 6,
          "Single Copy": false,
          "Plans": [
            {
              "Node Type": "Aggregate",
              "Strategy": "Plain",
              "Partial Mode": "Partial",
              "Parent Relationship": "Outer",
              "Parallel Aware": false,
              "Startup Cost": 346274.08,
              "Total Cost": 346274.09,
              "Plan Rows": 1,
              "Plan Width": 8,
              "Actual Startup Time": 700.793,
              "Actual Total Time": 700.794,
              "Actual Rows": 1,
              "Actual Loops": 7,
              "Plans": [
                {
                  "Node Type": "Seq Scan",
                  "Parent Relationship": "Outer",
                  "Parallel Aware": true,
                  "Relation Name": "cast_info",
                  "Alias": "ci",
                  "Startup Cost": 0.0,
                  "Total Cost": 343257.03,
                  "Plan Rows": 1206820,
                  "Plan Width": 0,
                  "Actual Startup Time": 0.061,
                  "Actual Total Time": 642.832,
                  "Actual Rows": 1253324,
                  "Actual Loops": 7,
                  "Filter": "((person_id < 1079822) AND (role_id < 4))",
                  "Rows Removed by Filter": 3924440
                }
              ]
            }
          ]
        }
      ]
    },
    "Planning Time": 0.204,
    "Triggers": [],
    "Execution Time": 771.311
  }
]