[
  {
    "Plan": {
      "Node Type": "Aggregate",
      "Strategy": "Plain",
      "Partial Mode": "Finalize",
      "Parallel Aware": false,
      "Startup Cost": 67081.7,
      "Total Cost": 67081.71,
      "Plan Rows": 1,
      "Plan Width": 8,
      "Actual Startup Time": 110.25,
      "Actual Total Time": 124.157,
      "Actual Rows": 1,
      "Actual Loops": 1,
      "Plans": [
        {
          "Node Type": "Gather",
          "Parent Relationship": "Outer",
          "Parallel Aware": false,
          "Startup Cost": 67081.28,
          "Total Cost": 67081.69,
          "Plan Rows": 4,
          "Plan Width": 8,
          "Actual Startup Time": 110.13,
          "Actual Total Time": 124.15,
          "Actual Rows": 5,
          "Actual Loops": 1,
          "Workers Planned": 4,
          "Workers Launched": 4,
          "Single Copy": false,
          "Plans": [
            {
              "Node Type": "Aggregate",
              "Strategy": "Plain",
              "Partial Mode": "Partial",
              "Parent Relationship": "Outer",
              "Parallel Aware": false,
              "Startup Cost": 66081.28,
              "Total Cost": 66081.29,
              "Plan Rows": 1,
              "Plan Width": 8,
              "Actual Startup Time": 99.962,
              "Actual Total Time": 99.963,
              "Actual Rows": 1,
              "Actual Loops": 5,
              "Plans": [
                {
                  "Node Type": "Nested Loop",
                  "Parent Relationship": "Outer",
                  "Parallel Aware": false,
                  "Join Type": "Inner",
                  "Startup Cost": 0.43,
                  "Total Cost": 66076.55,
                  "Plan Rows": 1892,
                  "Plan Width": 0,
                  "Actual Startup Time": 0.581,
                  "Actual Total Time": 99.663,
                  "Actual Rows": 2488,
                  "Actual Loops": 5,
                  "Inner Unique": false,
                  "Plans": [
                    {
                      "Node Type": "Seq Scan",
                      "Parent Relationship": "Outer",
                      "Parallel Aware": true,
                      "Relation Name": "title",
                      "Alias": "t",
                      "Startup Cost": 0.0,
                      "Total Cost": 43898.92,
                      "Plan Rows": 1833,
                      "Plan Width": 4,
                      "Actual Startup Time": 0.397,
                      "Actual Total Time": 83.387,
                      "Actual Rows": 1440,
                      "Actual Loops": 5,
                      "Filter": "(production_year = 1954)",
                      "Rows Removed by Filter": 504223
                    },
                    {
                      "Node Type": "Index Only Scan",
                      "Parent Relationship": "Inner",
                      "Parallel Aware": false,
                      "Scan Direction": "Forward",
                      "Index Name": "movie_id_movie_companies",
                      "Relation Name": "movie_companies",
                      "Alias": "mc",
                      "Startup Cost": 0.43,
                      "Total Cost": 12.05,
                      "Plan Rows": 5,
                      "Plan Width": 4,
                      "Actual Startup Time": 0.009,
                      "Actual Total Time": 0.011,
                      "Actual Rows": 2,
                      "Actual Loops": 7199,
                      "Index Cond": "(movie_id = t.id)",
                      "Rows Removed by Index Recheck": 0,
                      "Heap Fetches": 12442
                    }
                  ]
                }
              ]
            }
          ]
        }
      ]
    },
    "Planning Time": 0.501,
    "Triggers": [],
    "Execution Time": 124.222
  }
]