{
  "Plan": {
    "Node Type": "Merge Join",
    "Parallel Aware": false,
    "Join Type": "Inner",
    "Startup Cost": 3219.73,
    "Total Cost": 133332.23,
    "Plan Rows": 1559696,
    "Plan Width": 4,
    "Actual Startup Time": 0.171,
    "Actual Total Time": 1463.383,
    "Actual Rows": 1565442,
    "Actual Loops": 1,
    "Inner Unique": false,
    "Merge Cond": "(cn.id = mc.company_id)",
    "Plans": [
      {
        "Node Type": "Index Only Scan",
        "Parent Relationship": "Outer",
        "Parallel Aware": false,
        "Scan Direction": "Forward",
        "Index Name": "company_name_pkey",
        "Relation Name": "company_name",
        "Alias": "cn",
        "Startup Cost": 0.42,
        "Total Cost": 11881.93,
        "Plan Rows": 234997,
        "Plan Width": 4,
        "Actual Startup Time": 0.056,
        "Actual Total Time": 23.861,
        "Actual Rows": 15149,
        "Actual Loops": 1,
        "Heap Fetches": 15149
      },
      {
        "Node Type": "Index Only Scan",
        "Parent Relationship": "Inner",
        "Parallel Aware": false,
        "Scan Direction": "Forward",
        "Index Name": "company_id_movie_companies",
        "Relation Name": "movie_companies",
        "Alias": "mc",
        "Startup Cost": 0.43,
        "Total Cost": 101374.46,
        "Plan Rows": 1559696,
        "Plan Width": 4,
        "Actual Startup Time": 0.107,
        "Actual Total Time": 1229.287,
        "Actual Rows": 1565442,
        "Actual Loops": 1,
        "Index Cond": "(company_id < 15149)",
        "Rows Removed by Index Recheck": 0,
        "Heap Fetches": 1565442
      }
    ]
  },
  "Planning Time": 3.166,
  "Triggers": [],
  "Execution Time": 1538.876
}