[
    {
        "Bao": {
            "Bao prediction": "NaN",
            "Bao recommended hint": "(no hint)"
        }
    },
    {
        "Plan": {
            "Node Type": "Aggregate",
            "Strategy": "Plain",
            "Partial Mode": "Finalize",
            "Parallel Aware": false,
            "Startup Cost": 336071.82,
            "Total Cost": 336071.83,
            "Plan Rows": 1,
            "Plan Width": 8,
            "Actual Startup Time": 706.155,
            "Actual Total Time": 741.327,
            "Actual Rows": 1,
            "Actual Loops": 1,
            "Output": [
                "count(*)"
            ],
            "Plans": [
                {
                    "Node Type": "Gather",
                    "Parent Relationship": "Outer",
                    "Parallel Aware": false,
                    "Startup Cost": 336071.19,
                    "Total Cost": 336071.8,
                    "Plan Rows": 6,
                    "Plan Width": 8,
                    "Actual Startup Time": 706.035,
                    "Actual Total Time": 741.318,
                    "Actual Rows": 7,
                    "Actual Loops": 1,
                    "Output": [
                        "(PARTIAL count(*))"
                    ],
                    "Workers Planned": 6,
                    "Workers Launched": 6,
                    "Single Copy": false,
                    "Plans": [
                        {
                            "Node Type": "Aggregate",
                            "Strategy": "Plain",
                            "Partial Mode": "Partial",
                            "Parent Relationship": "Outer",
                            "Parallel Aware": false,
                            "Startup Cost": 335071.19,
                            "Total Cost": 335071.2,
                            "Plan Rows": 1,
                            "Plan Width": 8,
                            "Actual Startup Time": 696.486,
                            "Actual Total Time": 696.487,
                            "Actual Rows": 1,
                            "Actual Loops": 7,
                            "Output": [
                                "PARTIAL count(*)"
                            ],
                            "Workers": [
                                {
                                    "Worker Number": 0,
                                    "Actual Startup Time": 694.271,
                                    "Actual Total Time": 694.273,
                                    "Actual Rows": 1,
                                    "Actual Loops": 1
                                },
                                {
                                    "Worker Number": 1,
                                    "Actual Startup Time": 694.506,
                                    "Actual Total Time": 694.507,
                                    "Actual Rows": 1,
                                    "Actual Loops": 1
                                },
                                {
                                    "Worker Number": 2,
                                    "Actual Startup Time": 694.777,
                                    "Actual Total Time": 694.777,
                                    "Actual Rows": 1,
                                    "Actual Loops": 1
                                },
                                {
                                    "Worker Number": 3,
                                    "Actual Startup Time": 695.001,
                                    "Actual Total Time": 695.002,
                                    "Actual Rows": 1,
                                    "Actual Loops": 1
                                },
                                {
                                    "Worker Number": 4,
                                    "Actual Startup Time": 695.558,
                                    "Actual Total Time": 695.559,
                                    "Actual Rows": 1,
                                    "Actual Loops": 1
                                },
                                {
                                    "Worker Number": 5,
                                    "Actual Startup Time": 695.587,
                                    "Actual Total Time": 695.588,
                                    "Actual Rows": 1,
                                    "Actual Loops": 1
                                }
                            ],
                            "Plans": [
                                {
                                    "Node Type": "Seq Scan",
                                    "Parent Relationship": "Outer",
                                    "Parallel Aware": true,
                                    "Relation Name": "cast_info",
                                    "Schema": "public",
                                    "Alias": "ci",
                                    "Startup Cost": 0.0,
                                    "Total Cost": 328213.62,
                                    "Plan Rows": 2743030,
                                    "Plan Width": 0,
                                    "Actual Startup Time": 209.395,
                                    "Actual Total Time": 580.963,
                                    "Actual Rows": 2360954,
                                    "Actual Loops": 7,
                                    "Output": [
                                        "id",
                                        "person_id",
                                        "movie_id",
                                        "person_role_id",
                                        "note",
                                        "nr_order",
                                        "role_id"
                                    ],
                                    "Filter": "(ci.person_id > 1976720)",
                                    "Rows Removed by Filter": 2816810,
                                    "Workers": [
                                        {
                                            "Worker Number": 0,
                                            "Actual Startup Time": 207.19,
                                            "Actual Total Time": 578.984,
                                            "Actual Rows": 1736172,
                                            "Actual Loops": 1
                                        },
                                        {
                                            "Worker Number": 1,
                                            "Actual Startup Time": 207.423,
                                            "Actual Total Time": 578.822,
                                            "Actual Rows": 1734870,
                                            "Actual Loops": 1
                                        },
                                        {
                                            "Worker Number": 2,
                                            "Actual Startup Time": 207.68,
                                            "Actual Total Time": 581.483,
                                            "Actual Rows": 2628554,
                                            "Actual Loops": 1
                                        },
                                        {
                                            "Worker Number": 3,
                                            "Actual Startup Time": 207.909,
                                            "Actual Total Time": 581.125,
                                            "Actual Rows": 2635471,
                                            "Actual Loops": 1
                                        },
                                        {
                                            "Worker Number": 4,
                                            "Actual Startup Time": 208.467,
                                            "Actual Total Time": 582.016,
                                            "Actual Rows": 1711271,
                                            "Actual Loops": 1
                                        },
                                        {
                                            "Worker Number": 5,
                                            "Actual Startup Time": 208.49,
                                            "Actual Total Time": 586.851,
                                            "Actual Rows": 2657073,
                                            "Actual Loops": 1
                                        }
                                    ]
                                }
                            ]
                        }
                    ]
                }
            ]
        },
        "Planning Time": 182.547,
        "Triggers": [],
        "Execution Time": 741.374
    }
]