[
  {
    "Plan": {
      "Node Type": "Aggregate",
      "Strategy": "Plain",
      "Partial Mode": "Finalize",
      "Parallel Aware": false,
      "Startup Cost": 74524.48,
      "Total Cost": 74524.49,
      "Plan Rows": 1,
      "Plan Width": 8,
      "Actual Startup Time": 137.532,
      "Actual Total Time": 152.245,
      "Actual Rows": 1,
      "Actual Loops": 1,
      "Plans": [
        {
          "Node Type": "Gather",
          "Parent Relationship": "Outer",
          "Parallel Aware": false,
          "Startup Cost": 74523.96,
          "Total Cost": 74524.47,
          "Plan Rows": 5,
          "Plan Width": 8,
          "Actual Startup Time": 137.417,
          "Actual Total Time": 152.237,
          "Actual Rows": 6,
          "Actual Loops": 1,
          "Workers Planned": 5,
          "Workers Launched": 5,
          "Single Copy": false,
          "Plans": [
            {
              "Node Type": "Aggregate",
              "Strategy": "Plain",
              "Partial Mode": "Partial",
              "Parent Relationship": "Outer",
              "Parallel Aware": false,
              "Startup Cost": 73523.96,
              "Total Cost": 73523.97,
              "Plan Rows": 1,
              "Plan Width": 8,
              "Actual Startup Time": 131.642,
              "Actual Total Time": 131.644,
              "Actual Rows": 1,
              "Actual Loops": 6,
              "Plans": [
                {
                  "Node Type": "Index Scan",
                  "Parent Relationship": "Outer",
                  "Parallel Aware": true,
                  "Scan Direction": "Forward",
                  "Index Name": "role_id_cast_info",
                  "Relation Name": "cast_info",
                  "Alias": "ci",
                  "Startup Cost": 0.56,
                  "Total Cost": 72913.16,
                  "Plan Rows": 244321,
                  "Plan Width": 0,
                  "Actual Startup Time": 0.119,
                  "Actual Total Time": 117.829,
                  "Actual Rows": 241398,
                  "Actual Loops": 6,
                  "Index Cond": "(role_id = 4)",
                  "Rows Removed by Index Recheck": 0,
                  "Filter": "(person_id > 2000324)",
                  "Rows Removed by Filter": 213425
                }
              ]
            }
          ]
        }
      ]
    },
    "Planning Time": 0.072,
    "Triggers": [],
    "Execution Time": 152.27
  }
]