[
  {
    "Plan": {
      "Node Type": "Aggregate",
      "Strategy": "Plain",
      "Partial Mode": "Finalize",
      "Parallel Aware": false,
      "Startup Cost": 355174.72,
      "Total Cost": 355174.73,
      "Plan Rows": 1,
      "Plan Width": 8,
      "Actual Startup Time": 973.326,
      "Actual Total Time": 1042.585,
      "Actual Rows": 1,
      "Actual Loops": 1,
      "Plans": [
        {
          "Node Type": "Gather",
          "Parent Relationship": "Outer",
          "Parallel Aware": false,
          "Startup Cost": 355174.1,
          "Total Cost": 355174.71,
          "Plan Rows": 6,
          "Plan Width": 8,
          "Actual Startup Time": 973.015,
          "Actual Total Time": 1042.572,
          "Actual Rows": 7,
          "Actual Loops": 1,
          "Workers Planned": 6,
          "Workers Launched": 6,
          "Single Copy": false,
          "Plans": [
            {
              "Node Type": "Aggregate",
              "Strategy": "Plain",
              "Partial Mode": "Partial",
              "Parent Relationship": "Outer",
              "Parallel Aware": false,
              "Startup Cost": 354174.1,
              "Total Cost": 354174.11,
              "Plan Rows": 1,
              "Plan Width": 8,
              "Actual Startup Time": 964.69,
              "Actual Total Time": 964.692,
              "Actual Rows": 1,
              "Actual Loops": 7,
              "Plans": [
                {
                  "Node Type": "Seq Scan",
                  "Parent Relationship": "Outer",
                  "Parallel Aware": true,
                  "Relation Name": "cast_info",
                  "Alias": "ci",
                  "Startup Cost": 0.0,
                  "Total Cost": 343316.27,
                  "Plan Rows": 4343130,
                  "Plan Width": 0,
                  "Actual Startup Time": 0.04,
                  "Actual Total Time": 767.541,
                  "Actual Rows": 4084638,
                  "Actual Loops": 7,
                  "Filter": "((person_id < 3135105) AND (role_id < 9))",
                  "Rows Removed by Filter": 1093125
                }
              ]
            }
          ]
        }
      ]
    },
    "Planning Time": 0.116,
    "Triggers": [],
    "Execution Time": 1042.632
  }
]