[
  {
    "Plan": {
      "Node Type": "Aggregate",
      "Strategy": "Plain",
      "Partial Mode": "Finalize",
      "Parallel Aware": false,
      "Startup Cost": 46192.94,
      "Total Cost": 46192.95,
      "Plan Rows": 1,
      "Plan Width": 8,
      "Actual Startup Time": 170.275,
      "Actual Total Time": 180.273,
      "Actual Rows": 1,
      "Actual Loops": 1,
      "Plans": [
        {
          "Node Type": "Gather",
          "Parent Relationship": "Outer",
          "Parallel Aware": false,
          "Startup Cost": 46192.62,
          "Total Cost": 46192.93,
          "Plan Rows": 3,
          "Plan Width": 8,
          "Actual Startup Time": 170.186,
          "Actual Total Time": 180.264,
          "Actual Rows": 4,
          "Actual Loops": 1,
          "Workers Planned": 3,
          "Workers Launched": 3,
          "Single Copy": false,
          "Plans": [
            {
              "Node Type": "Aggregate",
              "Strategy": "Plain",
              "Partial Mode": "Partial",
              "Parent Relationship": "Outer",
              "Parallel Aware": false,
              "Startup Cost": 45192.62,
              "Total Cost": 45192.63,
              "Plan Rows": 1,
              "Plan Width": 8,
              "Actual Startup Time": 163.701,
              "Actual Total Time": 163.703,
              "Actual Rows": 1,
              "Actual Loops": 4,
              "Plans": [
                {
                  "Node Type": "Seq Scan",
                  "Parent Relationship": "Outer",
                  "Parallel Aware": true,
                  "Relation Name": "movie_keyword",
                  "Alias": "mk",
                  "Startup Cost": 0.0,
                  "Total Cost": 42695.65,
                  "Plan Rows": 998787,
                  "Plan Width": 0,
                  "Actual Startup Time": 0.266,
                  "Actual Total Time": 126.515,
                  "Actual Rows": 771078,
                  "Actual Loops": 4,
                  "Filter": "(keyword_id > 2006)",
                  "Rows Removed by Filter": 359904
                }
              ]
            }
          ]
        }
      ]
    },
    "Planning Time": 0.153,
    "Triggers": [],
    "Execution Time": 180.322
  }
]