[
  {
    "Plan": {
      "Node Type": "Aggregate",
      "Strategy": "Plain",
      "Partial Mode": "Finalize",
      "Parallel Aware": false,
      "Startup Cost": 33138.76,
      "Total Cost": 33138.77,
      "Plan Rows": 1,
      "Plan Width": 8,
      "Actual Startup Time": 107.604,
      "Actual Total Time": 115.319,
      "Actual Rows": 1,
      "Actual Loops": 1,
      "Plans": [
        {
          "Node Type": "Gather",
          "Parent Relationship": "Outer",
          "Parallel Aware": false,
          "Startup Cost": 33138.44,
          "Total Cost": 33138.75,
          "Plan Rows": 3,
          "Plan Width": 8,
          "Actual Startup Time": 107.514,
          "Actual Total Time": 115.295,
          "Actual Rows": 4,
          "Actual Loops": 1,
          "Workers Planned": 3,
          "Workers Launched": 3,
          "Single Copy": false,
          "Plans": [
            {
              "Node Type": "Aggregate",
              "Strategy": "Plain",
              "Partial Mode": "Partial",
              "Parent Relationship": "Outer",
              "Parallel Aware": false,
              "Startup Cost": 32138.44,
              "Total Cost": 32138.45,
              "Plan Rows": 1,
              "Plan Width": 8,
              "Actual Startup Time": 100.544,
              "Actual Total Time": 100.545,
              "Actual Rows": 1,
              "Actual Loops": 4,
              "Plans": [
                {
                  "Node Type": "Seq Scan",
                  "Parent Relationship": "Outer",
                  "Parallel Aware": true,
                  "Relation Name": "movie_companies",
                  "Alias": "mc",
                  "Startup Cost": 0.0,
                  "Total Cost": 31414.82,
                  "Plan Rows": 289449,
                  "Plan Width": 0,
                  "Actual Startup Time": 0.035,
                  "Actual Total Time": 83.294,
                  "Actual Rows": 304010,
                  "Actual Loops": 4,
                  "Filter": "((company_id < 34589) AND (company_type_id = 1))",
                  "Rows Removed by Filter": 348272
                }
              ]
            }
          ]
        }
      ]
    },
    "Planning Time": 0.232,
    "Triggers": [],
    "Execution Time": 115.376
  }
]