[
  {
    "Plan": {
      "Node Type": "Aggregate",
      "Strategy": "Plain",
      "Partial Mode": "Simple",
      "Parallel Aware": false,
      "Startup Cost": 1040.65,
      "Total Cost": 1040.66,
      "Plan Rows": 1,
      "Plan Width": 8,
      "Actual Startup Time": 0.039,
      "Actual Total Time": 0.039,
      "Actual Rows": 1,
      "Actual Loops": 1,
      "Plans": [
        {
          "Node Type": "Index Scan",
          "Parent Relationship": "Outer",
          "Parallel Aware": false,
          "Scan Direction": "Forward",
          "Index Name": "person_id_cast_info",
          "Relation Name": "cast_info",
          "Alias": "ci",
          "Startup Cost": 0.56,
          "Total Cost": 1039.59,
          "Plan Rows": 425,
          "Plan Width": 0,
          "Actual Startup Time": 0.021,
          "Actual Total Time": 0.036,
          "Actual Rows": 10,
          "Actual Loops": 1,
          "Index Cond": "(person_id = 2996342)",
          "Rows Removed by Index Recheck": 0,
          "Filter": "(role_id < 9)",
          "Rows Removed by Filter": 4
        }
      ]
    },
    "Planning Time": 0.09,
    "Triggers": [],
    "Execution Time": 0.057
  }
]