[
  {
    "Plan": {
      "Node Type": "Aggregate",
      "Strategy": "Plain",
      "Partial Mode": "Finalize",
      "Parallel Aware": false,
      "Startup Cost": 32771.32,
      "Total Cost": 32771.33,
      "Plan Rows": 1,
      "Plan Width": 8,
      "Actual Startup Time": 100.283,
      "Actual Total Time": 108.441,
      "Actual Rows": 1,
      "Actual Loops": 1,
      "Plans": [
        {
          "Node Type": "Gather",
          "Parent Relationship": "Outer",
          "Parallel Aware": false,
          "Startup Cost": 32771.0,
          "Total Cost": 32771.31,
          "Plan Rows": 3,
          "Plan Width": 8,
          "Actual Startup Time": 100.149,
          "Actual Total Time": 108.431,
          "Actual Rows": 4,
          "Actual Loops": 1,
          "Workers Planned": 3,
          "Workers Launched": 3,
          "Single Copy": false,
          "Plans": [
            {
              "Node Type": "Aggregate",
              "Strategy": "Plain",
              "Partial Mode": "Partial",
              "Parent Relationship": "Outer",
              "Parallel Aware": false,
              "Startup Cost": 31771.0,
              "Total Cost": 31771.01,
              "Plan Rows": 1,
              "Plan Width": 8,
              "Actual Startup Time": 92.288,
              "Actual Total Time": 92.289,
              "Actual Rows": 1,
              "Actual Loops": 4,
              "Plans": [
                {
                  "Node Type": "Seq Scan",
                  "Parent Relationship": "Outer",
                  "Parallel Aware": true,
                  "Relation Name": "movie_companies",
                  "Alias": "mc",
                  "Startup Cost": 0.0,
                  "Total Cost": 31414.82,
                  "Plan Rows": 142473,
                  "Plan Width": 0,
                  "Actual Startup Time": 49.826,
                  "Actual Total Time": 88.411,
                  "Actual Rows": 63096,
                  "Actual Loops": 4,
                  "Filter": "((company_id < 2560) AND (company_type_id = 2))",
                  "Rows Removed by Filter": 589186
                }
              ]
            }
          ]
        }
      ]
    },
    "Planning Time": 0.224,
    "Triggers": [],
    "Execution Time": 108.509
  }
]