[
  {
    "Plan": {
      "Node Type": "Aggregate",
      "Strategy": "Plain",
      "Partial Mode": "Finalize",
      "Parallel Aware": false,
      "Startup Cost": 244040.39,
      "Total Cost": 244040.4,
      "Plan Rows": 1,
      "Plan Width": 8,
      "Actual Startup Time": 401.669,
      "Actual Total Time": 416.425,
      "Actual Rows": 1,
      "Actual Loops": 1,
      "Plans": [
        {
          "Node Type": "Gather",
          "Parent Relationship": "Outer",
          "Parallel Aware": false,
          "Startup Cost": 244039.87,
          "Total Cost": 244040.38,
          "Plan Rows": 5,
          "Plan Width": 8,
          "Actual Startup Time": 394.258,
          "Actual Total Time": 416.406,
          "Actual Rows": 6,
          "Actual Loops": 1,
          "Workers Planned": 5,
          "Workers Launched": 5,
          "Single Copy": false,
          "Plans": [
            {
              "Node Type": "Aggregate",
              "Strategy": "Plain",
              "Partial Mode": "Partial",
              "Parent Relationship": "Outer",
              "Parallel Aware": false,
              "Startup Cost": 243039.87,
              "Total Cost": 243039.88,
              "Plan Rows": 1,
              "Plan Width": 8,
              "Actual Startup Time": 382.887,
              "Actual Total Time": 382.891,
              "Actual Rows": 1,
              "Actual Loops": 6,
              "Plans": [
                {
                  "Node Type": "Hash Join",
                  "Parent Relationship": "Outer",
                  "Parallel Aware": true,
                  "Join Type": "Inner",
                  "Startup Cost": 76127.55,
                  "Total Cost": 242764.03,
                  "Plan Rows": 110334,
                  "Plan Width": 0,
                  "Actual Startup Time": 244.862,
                  "Actual Total Time": 370.4,
                  "Actual Rows": 213536,
                  "Actual Loops": 6,
                  "Inner Unique": true,
                  "Hash Cond": "(mi.movie_id = t.id)",
                  "Plans": [
                    {
                      "Node Type": "Bitmap Heap Scan",
                      "Parent Relationship": "Outer",
                      "Parallel Aware": true,
                      "Relation Name": "movie_info",
                      "Alias": "mi",
                      "Startup Cost": 27808.97,
                      "Total Cost": 193639.56,
                      "Plan Rows": 307007,
                      "Plan Width": 4,
                      "Actual Startup Time": 86.838,
                      "Actual Total Time": 126.878,
                      "Actual Rows": 255652,
                      "Actual Loops": 6,
                      "Recheck Cond": "(info_type_id = 3)",
                      "Rows Removed by Index Recheck": 0,
                      "Exact Heap Blocks": 1986,
                      "Lossy Heap Blocks": 0,
                      "Plans": [
                        {
                          "Node Type": "Bitmap Index Scan",
                          "Parent Relationship": "Outer",
                          "Parallel Aware": false,
                          "Index Name": "info_type_id_movie_info",
                          "Startup Cost": 0.0,
                          "Total Cost": 27425.21,
                          "Plan Rows": 1535037,
                          "Plan Width": 0,
                          "Actual Startup Time": 84.365,
                          "Actual Total Time": 84.366,
                          "Actual Rows": 1533909,
                          "Actual Loops": 1,
                          "Index Cond": "(info_type_id = 3)"
                        }
                      ]
                    },
                    {
                      "Node Type": "Hash",
                      "Parent Relationship": "Inner",
                      "Parallel Aware": true,
                      "Startup Cost": 45479.1,
                      "Total Cost": 45479.1,
                      "Plan Rows": 227158,
                      "Plan Width": 4,
                      "Actual Startup Time": 154.092,
                      "Actual Total Time": 154.093,
                      "Actual Rows": 139080,
                      "Actual Loops": 6,
                      "Hash Buckets": 1048576,
                      "Original Hash Buckets": 1048576,
                      "Hash Batches": 1,
                      "Original Hash Batches": 1,
                      "Peak Memory Usage": 40896,
                      "Plans": [
                        {
                          "Node Type": "Seq Scan",
                          "Parent Relationship": "Outer",
                          "Parallel Aware": true,
                          "Relation Name": "title",
                          "Alias": "t",
                          "Startup Cost": 0.0,
                          "Total Cost": 45479.1,
                          "Plan Rows": 227158,
                          "Plan Width": 4,
                          "Actual Startup Time": 0.046,
                          "Actual Total Time": 90.484,
                          "Actual Rows": 139080,
                          "Actual Loops": 6,
                          "Filter": "((kind_id < 7) AND (production_year > 1940))",
                          "Rows Removed by Filter": 282306
                        }
                      ]
                    }
                  ]
                }
              ]
            }
          ]
        }
      ]
    },
    "Planning Time": 0.638,
    "Triggers": [],
    "Execution Time": 416.52
  }
]