[
  {
    "Plan": {
      "Node Type": "Aggregate",
      "Strategy": "Plain",
      "Partial Mode": "Finalize",
      "Parallel Aware": false,
      "Startup Cost": 340863.53,
      "Total Cost": 340863.54,
      "Plan Rows": 1,
      "Plan Width": 8,
      "Actual Startup Time": 858.49,
      "Actual Total Time": 909.439,
      "Actual Rows": 1,
      "Actual Loops": 1,
      "Plans": [
        {
          "Node Type": "Gather",
          "Parent Relationship": "Outer",
          "Parallel Aware": false,
          "Startup Cost": 340862.9,
          "Total Cost": 340863.51,
          "Plan Rows": 6,
          "Plan Width": 8,
          "Actual Startup Time": 858.259,
          "Actual Total Time": 909.421,
          "Actual Rows": 7,
          "Actual Loops": 1,
          "Workers Planned": 6,
          "Workers Launched": 6,
          "Single Copy": false,
          "Plans": [
            {
              "Node Type": "Aggregate",
              "Strategy": "Plain",
              "Partial Mode": "Partial",
              "Parent Relationship": "Outer",
              "Parallel Aware": false,
              "Startup Cost": 339862.9,
              "Total Cost": 339862.91,
              "Plan Rows": 1,
              "Plan Width": 8,
              "Actual Startup Time": 851.096,
              "Actual Total Time": 851.098,
              "Actual Rows": 1,
              "Actual Loops": 7,
              "Plans": [
                {
                  "Node Type": "Seq Scan",
                  "Parent Relationship": "Outer",
                  "Parallel Aware": true,
                  "Relation Name": "cast_info",
                  "Alias": "ci",
                  "Startup Cost": 0.0,
                  "Total Cost": 328211.39,
                  "Plan Rows": 4660604,
                  "Plan Width": 0,
                  "Actual Startup Time": 0.042,
                  "Actual Total Time": 650.087,
                  "Actual Rows": 4000409,
                  "Actual Loops": 7,
                  "Filter": "(person_id < 2858204)",
                  "Rows Removed by Filter": 1177354
                }
              ]
            }
          ]
        }
      ]
    },
    "Planning Time": 0.091,
    "Triggers": [],
    "Execution Time": 909.486
  }
]