{
  "Plan": {
    "Node Type": "Aggregate",
    "Strategy": "Plain",
    "Partial Mode": "Finalize",
    "Parallel Aware": false,
    "Startup Cost": 96099.25,
    "Total Cost": 96099.26,
    "Plan Rows": 1,
    "Plan Width": 8,
    "Actual Startup Time": 496.17,
    "Actual Total Time": 512.983,
    "Actual Rows": 1,
    "Actual Loops": 1,
    "Plans": [
      {
        "Node Type": "Gather",
        "Parent Relationship": "Outer",
        "Parallel Aware": false,
        "Startup Cost": 96099.14,
        "Total Cost": 96099.25,
        "Plan Rows": 1,
        "Plan Width": 8,
        "Actual Startup Time": 492.063,
        "Actual Total Time": 512.974,
        "Actual Rows": 2,
        "Actual Loops": 1,
        "Workers Planned": 1,
        "Workers Launched": 1,
        "Single Copy": false,
        "Plans": [
          {
            "Node Type": "Aggregate",
            "Strategy": "Plain",
            "Partial Mode": "Partial",
            "Parent Relationship": "Outer",
            "Parallel Aware": false,
            "Startup Cost": 95099.14,
            "Total Cost": 95099.15,
            "Plan Rows": 1,
            "Plan Width": 8,
            "Actual Startup Time": 484.039,
            "Actual Total Time": 484.042,
            "Actual Rows": 1,
            "Actual Loops": 2,
            "Plans": [
              {
                "Node Type": "Hash Join",
                "Parent Relationship": "Outer",
                "Parallel Aware": true,
                "Join Type": "Inner",
                "Startup Cost": 69039.13,
                "Total Cost": 95061.52,
                "Plan Rows": 15049,
                "Plan Width": 0,
                "Actual Startup Time": 448.023,
                "Actual Total Time": 483.86,
                "Actual Rows": 2003,
                "Actual Loops": 2,
                "Inner Unique": true,
                "Hash Cond": "(mk.movie_id = t.id)",
                "Plans": [
                  {
                    "Node Type": "Bitmap Heap Scan",
                    "Parent Relationship": "Outer",
                    "Parallel Aware": true,
                    "Relation Name": "movie_keyword",
                    "Alias": "mk",
                    "Startup Cost": 737.23,
                    "Total Cost": 26706.06,
                    "Plan Rows": 20402,
                    "Plan Width": 4,
                    "Actual Startup Time": 11.115,
                    "Actual Total Time": 34.144,
                    "Actual Rows": 17355,
                    "Actual Loops": 2,
                    "Recheck Cond": "(keyword_id = 2488)",
                    "Rows Removed by Index Recheck": 0,
                    "Exact Heap Blocks": 9085,
                    "Lossy Heap Blocks": 0,
                    "Plans": [
                      {
                        "Node Type": "Bitmap Index Scan",
                        "Parent Relationship": "Outer",
                        "Parallel Aware": false,
                        "Index Name": "keyword_id_movie_keyword",
                        "Startup Cost": 0.0,
                        "Total Cost": 728.55,
                        "Plan Rows": 34683,
                        "Plan Width": 0,
                        "Actual Startup Time": 8.985,
                        "Actual Total Time": 8.986,
                        "Actual Rows": 34710,
                        "Actual Loops": 1,
                        "Index Cond": "(keyword_id = 2488)"
                      }
                    ]
                  },
                  {
                    "Node Type": "Hash",
                    "Parent Relationship": "Inner",
                    "Parallel Aware": true,
                    "Startup Cost": 54588.39,
                    "Total Cost": 54588.39,
                    "Plan Rows": 1097081,
                    "Plan Width": 4,
                    "Actual Startup Time": 422.225,
                    "Actual Total Time": 422.226,
                    "Actual Rows": 932744,
                    "Actual Loops": 2,
                    "Hash Buckets": 2097152,
                    "Original Hash Buckets": 2097152,
                    "Hash Batches": 1,
                    "Original Hash Batches": 1,
                    "Peak Memory Usage": 89408,
                    "Plans": [
                      {
                        "Node Type": "Seq Scan",
                        "Parent Relationship": "Outer",
                        "Parallel Aware": true,
                        "Relation Name": "title",
                        "Alias": "t",
                        "Startup Cost": 0.0,
                        "Total Cost": 54588.39,
                        "Plan Rows": 1097081,
                        "Plan Width": 4,
                        "Actual Startup Time": 0.029,
                        "Actual Total Time": 173.295,
                        "Actual Rows": 932744,
                        "Actual Loops": 2,
                        "Filter": "(kind_id > 1)",
                        "Rows Removed by Filter": 331412
                      }
                    ]
                  }
                ]
              }
            ]
          }
        ]
      }
    ]
  },
  "Planning Time": 0.678,
  "Triggers": [],
  "Execution Time": 513.079
}