[
  {
    "Plan": {
      "Node Type": "Aggregate",
      "Strategy": "Plain",
      "Partial Mode": "Finalize",
      "Parallel Aware": false,
      "Startup Cost": 32001.02,
      "Total Cost": 32001.03,
      "Plan Rows": 1,
      "Plan Width": 8,
      "Actual Startup Time": 118.226,
      "Actual Total Time": 123.936,
      "Actual Rows": 1,
      "Actual Loops": 1,
      "Plans": [
        {
          "Node Type": "Gather",
          "Parent Relationship": "Outer",
          "Parallel Aware": false,
          "Startup Cost": 32000.7,
          "Total Cost": 32001.01,
          "Plan Rows": 3,
          "Plan Width": 8,
          "Actual Startup Time": 118.104,
          "Actual Total Time": 123.928,
          "Actual Rows": 4,
          "Actual Loops": 1,
          "Workers Planned": 3,
          "Workers Launched": 3,
          "Single Copy": false,
          "Plans": [
            {
              "Node Type": "Aggregate",
              "Strategy": "Plain",
              "Partial Mode": "Partial",
              "Parent Relationship": "Outer",
              "Parallel Aware": false,
              "Startup Cost": 31000.7,
              "Total Cost": 31000.71,
              "Plan Rows": 1,
              "Plan Width": 8,
              "Actual Startup Time": 113.163,
              "Actual Total Time": 113.164,
              "Actual Rows": 1,
              "Actual Loops": 4,
              "Plans": [
                {
                  "Node Type": "Seq Scan",
                  "Parent Relationship": "Outer",
                  "Parallel Aware": true,
                  "Relation Name": "movie_companies",
                  "Alias": "mc",
                  "Startup Cost": 0.0,
                  "Total Cost": 29310.68,
                  "Plan Rows": 676009,
                  "Plan Width": 0,
                  "Actual Startup Time": 0.11,
                  "Actual Total Time": 85.355,
                  "Actual Rows": 525954,
                  "Actual Loops": 4,
                  "Filter": "(company_id > 455)",
                  "Rows Removed by Filter": 126328
                }
              ]
            }
          ]
        }
      ]
    },
    "Planning Time": 0.158,
    "Triggers": [],
    "Execution Time": 123.969
  }
]