[
  {
    "Plan": {
      "Node Type": "Aggregate",
      "Strategy": "Plain",
      "Partial Mode": "Finalize",
      "Parallel Aware": false,
      "Startup Cost": 273049.01,
      "Total Cost": 273049.02,
      "Plan Rows": 1,
      "Plan Width": 8,
      "Actual Startup Time": 391.79,
      "Actual Total Time": 409.604,
      "Actual Rows": 1,
      "Actual Loops": 1,
      "Plans": [
        {
          "Node Type": "Gather",
          "Parent Relationship": "Outer",
          "Parallel Aware": false,
          "Startup Cost": 273048.49,
          "Total Cost": 273049.0,
          "Plan Rows": 5,
          "Plan Width": 8,
          "Actual Startup Time": 388.248,
          "Actual Total Time": 409.582,
          "Actual Rows": 6,
          "Actual Loops": 1,
          "Workers Planned": 5,
          "Workers Launched": 5,
          "Single Copy": false,
          "Plans": [
            {
              "Node Type": "Aggregate",
              "Strategy": "Plain",
              "Partial Mode": "Partial",
              "Parent Relationship": "Outer",
              "Parallel Aware": false,
              "Startup Cost": 272048.49,
              "Total Cost": 272048.5,
              "Plan Rows": 1,
              "Plan Width": 8,
              "Actual Startup Time": 377.386,
              "Actual Total Time": 377.429,
              "Actual Rows": 1,
              "Actual Loops": 6,
              "Plans": [
                {
                  "Node Type": "Hash Join",
                  "Parent Relationship": "Outer",
                  "Parallel Aware": true,
                  "Join Type": "Inner",
                  "Startup Cost": 105406.48,
                  "Total Cost": 271910.12,
                  "Plan Rows": 55350,
                  "Plan Width": 0,
                  "Actual Startup Time": 292.386,
                  "Actual Total Time": 373.122,
                  "Actual Rows": 64107,
                  "Actual Loops": 6,
                  "Inner Unique": false,
                  "Hash Cond": "(mi.movie_id = t.id)",
                  "Plans": [
                    {
                      "Node Type": "Bitmap Heap Scan",
                      "Parent Relationship": "Outer",
                      "Parallel Aware": true,
                      "Relation Name": "movie_info",
                      "Alias": "mi",
                      "Startup Cost": 24370.61,
                      "Total Cost": 189726.89,
                      "Plan Rows": 269063,
                      "Plan Width": 4,
                      "Actual Startup Time": 47.407,
                      "Actual Total Time": 84.172,
                      "Actual Rows": 233650,
                      "Actual Loops": 6,
                      "Recheck Cond": "(info_type_id = 7)",
                      "Rows Removed by Index Recheck": 0,
                      "Exact Heap Blocks": 1882,
                      "Lossy Heap Blocks": 0,
                      "Plans": [
                        {
                          "Node Type": "Bitmap Index Scan",
                          "Parent Relationship": "Outer",
                          "Parallel Aware": false,
                          "Index Name": "info_type_id_movie_info",
                          "Startup Cost": 0.0,
                          "Total Cost": 24034.28,
                          "Plan Rows": 1345313,
                          "Plan Width": 0,
                          "Actual Startup Time": 45.73,
                          "Actual Total Time": 45.73,
                          "Actual Rows": 1401902,
                          "Actual Loops": 1,
                          "Index Cond": "(info_type_id = 7)"
                        }
                      ]
                    },
                    {
                      "Node Type": "Hash",
                      "Parent Relationship": "Inner",
                      "Parallel Aware": true,
                      "Startup Cost": 79410.54,
                      "Total Cost": 79410.54,
                      "Plan Rows": 130026,
                      "Plan Width": 8,
                      "Actual Startup Time": 242.233,
                      "Actual Total Time": 242.274,
                      "Actual Rows": 51881,
                      "Actual Loops": 6,
                      "Hash Buckets": 524288,
                      "Original Hash Buckets": 524288,
                      "Hash Batches": 1,
                      "Original Hash Batches": 1,
                      "Peak Memory Usage": 16352,
                      "Plans": [
                        {
                          "Node Type": "Hash Join",
                          "Parent Relationship": "Outer",
                          "Parallel Aware": true,
                          "Join Type": "Inner",
                          "Startup Cost": 33512.01,
                          "Total Cost": 79410.54,
                          "Plan Rows": 130026,
                          "Plan Width": 8,
                          "Actual Startup Time": 86.468,
                          "Actual Total Time": 223.133,
                          "Actual Rows": 51881,
                          "Actual Loops": 6,
                          "Inner Unique": false,
                          "Hash Cond": "(t.id = mc.movie_id)",
                          "Plans": [
                            {
                              "Node Type": "Seq Scan",
                              "Parent Relationship": "Outer",
                              "Parallel Aware": true,
                              "Relation Name": "title",
                              "Alias": "t",
                              "Startup Cost": 0.0,
                              "Total Cost": 42318.73,
                              "Plan Rows": 632073,
                              "Plan Width": 4,
                              "Actual Startup Time": 0.014,
                              "Actual Total Time": 55.743,
                              "Actual Rows": 421385,
                              "Actual Loops": 6
                            },
                            {
                              "Node Type": "Hash",
                              "Parent Relationship": "Inner",
                              "Parallel Aware": true,
                              "Startup Cost": 31414.82,
                              "Total Cost": 31414.82,
                              "Plan Rows": 167775,
                              "Plan Width": 4,
                              "Actual Startup Time": 85.125,
                              "Actual Total Time": 85.126,
                              "Actual Rows": 51881,
                              "Actual Loops": 6,
                              "Hash Buckets": 524288,
                              "Original Hash Buckets": 524288,
                              "Hash Batches": 1,
                              "Original Hash Batches": 1,
                              "Peak Memory Usage": 16352,
                              "Plans": [
                                {
                                  "Node Type": "Seq Scan",
                                  "Parent Relationship": "Outer",
                                  "Parallel Aware": true,
                                  "Relation Name": "movie_companies",
                                  "Alias": "mc",
                                  "Startup Cost": 0.0,
                                  "Total Cost": 31414.82,
                                  "Plan Rows": 167775,
                                  "Plan Width": 4,
                                  "Actual Startup Time": 42.194,
                                  "Actual Total Time": 64.122,
                                  "Actual Rows": 51881,
                                  "Actual Loops": 6,
                                  "Filter": "((company_id < 5477) AND (company_type_id = 2))",
                                  "Rows Removed by Filter": 382974
                                }
                              ]
                            }
                          ]
                        }
                      ]
                    }
                  ]
                }
              ]
            }
          ]
        }
      ]
    },
    "Planning Time": 1.514,
    "Triggers": [],
    "Execution Time": 409.712
  }
]