[
  {
    "Plan": {
      "Node Type": "Aggregate",
      "Strategy": "Plain",
      "Partial Mode": "Finalize",
      "Parallel Aware": false,
      "Startup Cost": 25159.08,
      "Total Cost": 25159.09,
      "Plan Rows": 1,
      "Plan Width": 8,
      "Actual Startup Time": 34.515,
      "Actual Total Time": 38.952,
      "Actual Rows": 1,
      "Actual Loops": 1,
      "Plans": [
        {
          "Node Type": "Gather",
          "Parent Relationship": "Outer",
          "Parallel Aware": false,
          "Startup Cost": 25158.87,
          "Total Cost": 25159.08,
          "Plan Rows": 2,
          "Plan Width": 8,
          "Actual Startup Time": 34.334,
          "Actual Total Time": 38.945,
          "Actual Rows": 3,
          "Actual Loops": 1,
          "Workers Planned": 2,
          "Workers Launched": 2,
          "Single Copy": false,
          "Plans": [
            {
              "Node Type": "Aggregate",
              "Strategy": "Plain",
              "Partial Mode": "Partial",
              "Parent Relationship": "Outer",
              "Parallel Aware": false,
              "Startup Cost": 24158.87,
              "Total Cost": 24158.88,
              "Plan Rows": 1,
              "Plan Width": 8,
              "Actual Startup Time": 26.362,
              "Actual Total Time": 26.364,
              "Actual Rows": 1,
              "Actual Loops": 3,
              "Plans": [
                {
                  "Node Type": "Nested Loop",
                  "Parent Relationship": "Outer",
                  "Parallel Aware": false,
                  "Join Type": "Inner",
                  "Startup Cost": 93.58,
                  "Total Cost": 24158.83,
                  "Plan Rows": 15,
                  "Plan Width": 0,
                  "Actual Startup Time": 5.973,
                  "Actual Total Time": 26.351,
                  "Actual Rows": 9,
                  "Actual Loops": 3,
                  "Inner Unique": true,
                  "Plans": [
                    {
                      "Node Type": "Bitmap Heap Scan",
                      "Parent Relationship": "Outer",
                      "Parallel Aware": true,
                      "Relation Name": "movie_keyword",
                      "Alias": "mk",
                      "Startup Cost": 93.15,
                      "Total Cost": 11014.05,
                      "Plan Rows": 1759,
                      "Plan Width": 4,
                      "Actual Startup Time": 1.873,
                      "Actual Total Time": 8.454,
                      "Actual Rows": 1599,
                      "Actual Loops": 3,
                      "Recheck Cond": "(keyword_id = 11662)",
                      "Rows Removed by Index Recheck": 0,
                      "Exact Heap Blocks": 2531,
                      "Lossy Heap Blocks": 0,
                      "Plans": [
                        {
                          "Node Type": "Bitmap Index Scan",
                          "Parent Relationship": "Outer",
                          "Parallel Aware": false,
                          "Index Name": "keyword_id_movie_keyword",
                          "Startup Cost": 0.0,
                          "Total Cost": 92.1,
                          "Plan Rows": 4222,
                          "Plan Width": 0,
                          "Actual Startup Time": 3.808,
                          "Actual Total Time": 3.808,
                          "Actual Rows": 4797,
                          "Actual Loops": 1,
                          "Index Cond": "(keyword_id = 11662)"
                        }
                      ]
                    },
                    {
                      "Node Type": "Index Scan",
                      "Parent Relationship": "Inner",
                      "Parallel Aware": false,
                      "Scan Direction": "Forward",
                      "Index Name": "title_pkey",
                      "Relation Name": "title",
                      "Alias": "t",
                      "Startup Cost": 0.43,
                      "Total Cost": 7.47,
                      "Plan Rows": 1,
                      "Plan Width": 4,
                      "Actual Startup Time": 0.011,
                      "Actual Total Time": 0.011,
                      "Actual Rows": 0,
                      "Actual Loops": 4797,
                      "Index Cond": "(id = mk.movie_id)",
                      "Rows Removed by Index Recheck": 0,
                      "Filter": "((kind_id = 1) AND (production_year = 2004))",
                      "Rows Removed by Filter": 1
                    }
                  ]
                }
              ]
            }
          ]
        }
      ]
    },
    "Planning Time": 0.651,
    "Triggers": [],
    "Execution Time": 39.041
  }
]