{
  "Plan": {
    "Node Type": "Aggregate",
    "Strategy": "Plain",
    "Partial Mode": "Finalize",
    "Parallel Aware": false,
    "Startup Cost": 79628.75,
    "Total Cost": 79628.76,
    "Plan Rows": 1,
    "Plan Width": 8,
    "Actual Startup Time": 240.847,
    "Actual Total Time": 256.398,
    "Actual Rows": 1,
    "Actual Loops": 1,
    "Plans": [
      {
        "Node Type": "Gather",
        "Parent Relationship": "Outer",
        "Parallel Aware": false,
        "Startup Cost": 79628.64,
        "Total Cost": 79628.75,
        "Plan Rows": 1,
        "Plan Width": 8,
        "Actual Startup Time": 240.603,
        "Actual Total Time": 256.39,
        "Actual Rows": 2,
        "Actual Loops": 1,
        "Workers Planned": 1,
        "Workers Launched": 1,
        "Single Copy": false,
        "Plans": [
          {
            "Node Type": "Aggregate",
            "Strategy": "Plain",
            "Partial Mode": "Partial",
            "Parent Relationship": "Outer",
            "Parallel Aware": false,
            "Startup Cost": 78628.64,
            "Total Cost": 78628.65,
            "Plan Rows": 1,
            "Plan Width": 8,
            "Actual Startup Time": 234.608,
            "Actual Total Time": 234.612,
            "Actual Rows": 1,
            "Actual Loops": 2,
            "Plans": [
              {
                "Node Type": "Nested Loop",
                "Parent Relationship": "Outer",
                "Parallel Aware": false,
                "Join Type": "Inner",
                "Startup Cost": 54651.41,
                "Total Cost": 78612.66,
                "Plan Rows": 6392,
                "Plan Width": 0,
                "Actual Startup Time": 170.937,
                "Actual Total Time": 234.535,
                "Actual Rows": 1028,
                "Actual Loops": 2,
                "Inner Unique": false,
                "Join Filter": "(t.id = mi.movie_id)",
                "Rows Removed by Join Filter": 0,
                "Plans": [
                  {
                    "Node Type": "Hash Join",
                    "Parent Relationship": "Outer",
                    "Parallel Aware": true,
                    "Join Type": "Inner",
                    "Startup Cost": 54650.98,
                    "Total Cost": 72834.77,
                    "Plan Rows": 2733,
                    "Plan Width": 8,
                    "Actual Startup Time": 170.849,
                    "Actual Total Time": 227.494,
                    "Actual Rows": 332,
                    "Actual Loops": 2,
                    "Inner Unique": true,
                    "Hash Cond": "(mi_idx.movie_id = t.id)",
                    "Plans": [
                      {
                        "Node Type": "Seq Scan",
                        "Parent Relationship": "Outer",
                        "Parallel Aware": true,
                        "Relation Name": "movie_info_idx",
                        "Alias": "mi_idx",
                        "Startup Cost": 0.0,
                        "Total Cost": 16052.85,
                        "Plan Rows": 811785,
                        "Plan Width": 4,
                        "Actual Startup Time": 0.018,
                        "Actual Total Time": 45.997,
                        "Actual Rows": 690018,
                        "Actual Loops": 2
                      },
                      {
                        "Node Type": "Hash",
                        "Parent Relationship": "Inner",
                        "Parallel Aware": true,
                        "Startup Cost": 54588.39,
                        "Total Cost": 54588.39,
                        "Plan Rows": 5007,
                        "Plan Width": 4,
                        "Actual Startup Time": 133.046,
                        "Actual Total Time": 133.047,
                        "Actual Rows": 4451,
                        "Actual Loops": 2,
                        "Hash Buckets": 16384,
                        "Original Hash Buckets": 16384,
                        "Hash Batches": 1,
                        "Original Hash Batches": 1,
                        "Peak Memory Usage": 512,
                        "Plans": [
                          {
                            "Node Type": "Seq Scan",
                            "Parent Relationship": "Outer",
                            "Parallel Aware": true,
                            "Relation Name": "title",
                            "Alias": "t",
                            "Startup Cost": 0.0,
                            "Total Cost": 54588.39,
                            "Plan Rows": 5007,
                            "Plan Width": 4,
                            "Actual Startup Time": 90.456,
                            "Actual Total Time": 131.716,
                            "Actual Rows": 4451,
                            "Actual Loops": 2,
                            "Filter": "(production_year = 1913)",
                            "Rows Removed by Filter": 1259705
                          }
                        ]
                      }
                    ]
                  },
                  {
                    "Node Type": "Index Scan",
                    "Parent Relationship": "Inner",
                    "Parallel Aware": false,
                    "Scan Direction": "Forward",
                    "Index Name": "movie_id_movie_info",
                    "Relation Name": "movie_info",
                    "Alias": "mi",
                    "Startup Cost": 0.43,
                    "Total Cost": 1.9,
                    "Plan Rows": 17,
                    "Plan Width": 4,
                    "Actual Startup Time": 0.012,
                    "Actual Total Time": 0.021,
                    "Actual Rows": 3,
                    "Actual Loops": 663,
                    "Index Cond": "(movie_id = mi_idx.movie_id)",
                    "Rows Removed by Index Recheck": 0,
                    "Filter": "(info_type_id > 13)",
                    "Rows Removed by Filter": 11
                  }
                ]
              }
            ]
          }
        ]
      }
    ]
  },
  "Planning Time": 0.85,
  "Triggers": [],
  "Execution Time": 256.478
}