[
  {
    "Plan": {
      "Node Type": "Aggregate",
      "Strategy": "Plain",
      "Partial Mode": "Finalize",
      "Parallel Aware": false,
      "Startup Cost": 45622.82,
      "Total Cost": 45622.83,
      "Plan Rows": 1,
      "Plan Width": 8,
      "Actual Startup Time": 147.622,
      "Actual Total Time": 155.541,
      "Actual Rows": 1,
      "Actual Loops": 1,
      "Plans": [
        {
          "Node Type": "Gather",
          "Parent Relationship": "Outer",
          "Parallel Aware": false,
          "Startup Cost": 45622.5,
          "Total Cost": 45622.81,
          "Plan Rows": 3,
          "Plan Width": 8,
          "Actual Startup Time": 147.508,
          "Actual Total Time": 155.532,
          "Actual Rows": 4,
          "Actual Loops": 1,
          "Workers Planned": 3,
          "Workers Launched": 3,
          "Single Copy": false,
          "Plans": [
            {
              "Node Type": "Aggregate",
              "Strategy": "Plain",
              "Partial Mode": "Partial",
              "Parent Relationship": "Outer",
              "Parallel Aware": false,
              "Startup Cost": 44622.5,
              "Total Cost": 44622.51,
              "Plan Rows": 1,
              "Plan Width": 8,
              "Actual Startup Time": 141.134,
              "Actual Total Time": 141.135,
              "Actual Rows": 1,
              "Actual Loops": 4,
              "Plans": [
                {
                  "Node Type": "Seq Scan",
                  "Parent Relationship": "Outer",
                  "Parallel Aware": true,
                  "Relation Name": "movie_keyword",
                  "Alias": "mk",
                  "Startup Cost": 0.0,
                  "Total Cost": 42695.65,
                  "Plan Rows": 770740,
                  "Plan Width": 0,
                  "Actual Startup Time": 0.053,
                  "Actual Total Time": 113.871,
                  "Actual Rows": 596440,
                  "Actual Loops": 4,
                  "Filter": "(keyword_id < 5518)",
                  "Rows Removed by Filter": 534542
                }
              ]
            }
          ]
        }
      ]
    },
    "Planning Time": 0.187,
    "Triggers": [],
    "Execution Time": 155.596
  }
]