[
  {
    "Plan": {
      "Node Type": "Aggregate",
      "Strategy": "Plain",
      "Partial Mode": "Finalize",
      "Parallel Aware": false,
      "Startup Cost": 44380.92,
      "Total Cost": 44380.93,
      "Plan Rows": 1,
      "Plan Width": 8,
      "Actual Startup Time": 127.166,
      "Actual Total Time": 136.952,
      "Actual Rows": 1,
      "Actual Loops": 1,
      "Plans": [
        {
          "Node Type": "Gather",
          "Parent Relationship": "Outer",
          "Parallel Aware": false,
          "Startup Cost": 44380.6,
          "Total Cost": 44380.91,
          "Plan Rows": 3,
          "Plan Width": 8,
          "Actual Startup Time": 126.924,
          "Actual Total Time": 136.943,
          "Actual Rows": 4,
          "Actual Loops": 1,
          "Workers Planned": 3,
          "Workers Launched": 3,
          "Single Copy": false,
          "Plans": [
            {
              "Node Type": "Aggregate",
              "Strategy": "Plain",
              "Partial Mode": "Partial",
              "Parent Relationship": "Outer",
              "Parallel Aware": false,
              "Startup Cost": 43380.6,
              "Total Cost": 43380.61,
              "Plan Rows": 1,
              "Plan Width": 8,
              "Actual Startup Time": 121.727,
              "Actual Total Time": 121.729,
              "Actual Rows": 1,
              "Actual Loops": 4,
              "Plans": [
                {
                  "Node Type": "Seq Scan",
                  "Parent Relationship": "Outer",
                  "Parallel Aware": true,
                  "Relation Name": "movie_keyword",
                  "Alias": "mk",
                  "Startup Cost": 0.0,
                  "Total Cost": 42695.65,
                  "Plan Rows": 273979,
                  "Plan Width": 0,
                  "Actual Startup Time": 1.853,
                  "Actual Total Time": 109.924,
                  "Actual Rows": 210555,
                  "Actual Loops": 4,
                  "Filter": "(keyword_id > 21787)",
                  "Rows Removed by Filter": 920428
                }
              ]
            }
          ]
        }
      ]
    },
    "Planning Time": 0.085,
    "Triggers": [],
    "Execution Time": 136.979
  }
]