[
  {
    "Plan": {
      "Node Type": "Aggregate",
      "Strategy": "Plain",
      "Partial Mode": "Finalize",
      "Parallel Aware": false,
      "Startup Cost": 224742.65,
      "Total Cost": 224742.66,
      "Plan Rows": 1,
      "Plan Width": 8,
      "Actual Startup Time": 177.253,
      "Actual Total Time": 205.755,
      "Actual Rows": 1,
      "Actual Loops": 1,
      "Plans": [
        {
          "Node Type": "Gather",
          "Parent Relationship": "Outer",
          "Parallel Aware": false,
          "Startup Cost": 224742.23,
          "Total Cost": 224742.64,
          "Plan Rows": 4,
          "Plan Width": 8,
          "Actual Startup Time": 176.954,
          "Actual Total Time": 205.742,
          "Actual Rows": 5,
          "Actual Loops": 1,
          "Workers Planned": 4,
          "Workers Launched": 4,
          "Single Copy": false,
          "Plans": [
            {
              "Node Type": "Aggregate",
              "Strategy": "Plain",
              "Partial Mode": "Partial",
              "Parent Relationship": "Outer",
              "Parallel Aware": false,
              "Startup Cost": 223742.23,
              "Total Cost": 223742.24,
              "Plan Rows": 1,
              "Plan Width": 8,
              "Actual Startup Time": 167.927,
              "Actual Total Time": 167.929,
              "Actual Rows": 1,
              "Actual Loops": 5,
              "Plans": [
                {
                  "Node Type": "Nested Loop",
                  "Parent Relationship": "Outer",
                  "Parallel Aware": false,
                  "Join Type": "Inner",
                  "Startup Cost": 0.43,
                  "Total Cost": 223707.45,
                  "Plan Rows": 13910,
                  "Plan Width": 0,
                  "Actual Startup Time": 1.005,
                  "Actual Total Time": 166.381,
                  "Actual Rows": 17655,
                  "Actual Loops": 5,
                  "Inner Unique": false,
                  "Plans": [
                    {
                      "Node Type": "Seq Scan",
                      "Parent Relationship": "Outer",
                      "Parallel Aware": true,
                      "Relation Name": "title",
                      "Alias": "t",
                      "Startup Cost": 0.0,
                      "Total Cost": 45479.59,
                      "Plan Rows": 3568,
                      "Plan Width": 4,
                      "Actual Startup Time": 0.821,
                      "Actual Total Time": 86.227,
                      "Actual Rows": 2367,
                      "Actual Loops": 5,
                      "Filter": "((kind_id < 7) AND (production_year = 1995))",
                      "Rows Removed by Filter": 503295
                    },
                    {
                      "Node Type": "Index Scan",
                      "Parent Relationship": "Inner",
                      "Parallel Aware": false,
                      "Scan Direction": "Forward",
                      "Index Name": "movie_id_movie_info",
                      "Relation Name": "movie_info",
                      "Alias": "mi",
                      "Startup Cost": 0.43,
                      "Total Cost": 49.68,
                      "Plan Rows": 27,
                      "Plan Width": 4,
                      "Actual Startup Time": 0.016,
                      "Actual Total Time": 0.032,
                      "Actual Rows": 7,
                      "Actual Loops": 11835,
                      "Index Cond": "(movie_id = t.id)",
                      "Rows Removed by Index Recheck": 0,
                      "Filter": "(info_type_id > 4)",
                      "Rows Removed by Filter": 4
                    }
                  ]
                }
              ]
            }
          ]
        }
      ]
    },
    "Planning Time": 0.653,
    "Triggers": [],
    "Execution Time": 205.827
  }
]