[
  {
    "Plan": {
      "Node Type": "Aggregate",
      "Strategy": "Plain",
      "Partial Mode": "Finalize",
      "Parallel Aware": false,
      "Startup Cost": 251166.38,
      "Total Cost": 251166.39,
      "Plan Rows": 1,
      "Plan Width": 8,
      "Actual Startup Time": 792.81,
      "Actual Total Time": 837.285,
      "Actual Rows": 1,
      "Actual Loops": 1,
      "Plans": [
        {
          "Node Type": "Gather",
          "Parent Relationship": "Outer",
          "Parallel Aware": false,
          "Startup Cost": 251165.86,
          "Total Cost": 251166.37,
          "Plan Rows": 5,
          "Plan Width": 8,
          "Actual Startup Time": 789.951,
          "Actual Total Time": 837.272,
          "Actual Rows": 6,
          "Actual Loops": 1,
          "Workers Planned": 5,
          "Workers Launched": 5,
          "Single Copy": false,
          "Plans": [
            {
              "Node Type": "Aggregate",
              "Strategy": "Plain",
              "Partial Mode": "Partial",
              "Parent Relationship": "Outer",
              "Parallel Aware": false,
              "Startup Cost": 250165.86,
              "Total Cost": 250165.87,
              "Plan Rows": 1,
              "Plan Width": 8,
              "Actual Startup Time": 779.737,
              "Actual Total Time": 779.74,
              "Actual Rows": 1,
              "Actual Loops": 6,
              "Plans": [
                {
                  "Node Type": "Hash Join",
                  "Parent Relationship": "Outer",
                  "Parallel Aware": true,
                  "Join Type": "Inner",
                  "Startup Cost": 45950.81,
                  "Total Cost": 249882.71,
                  "Plan Rows": 113259,
                  "Plan Width": 0,
                  "Actual Startup Time": 106.435,
                  "Actual Total Time": 759.726,
                  "Actual Rows": 382459,
                  "Actual Loops": 6,
                  "Inner Unique": true,
                  "Hash Cond": "(mi.movie_id = t.id)",
                  "Plans": [
                    {
                      "Node Type": "Seq Scan",
                      "Parent Relationship": "Outer",
                      "Parallel Aware": true,
                      "Relation Name": "movie_info",
                      "Alias": "mi",
                      "Startup Cost": 0.0,
                      "Total Cost": 198952.16,
                      "Plan Rows": 1897040,
                      "Plan Width": 4,
                      "Actual Startup Time": 0.032,
                      "Actual Total Time": 373.864,
                      "Actual Rows": 1594192,
                      "Actual Loops": 6,
                      "Filter": "(info_type_id < 16)",
                      "Rows Removed by Filter": 878428
                    },
                    {
                      "Node Type": "Hash",
                      "Parent Relationship": "Inner",
                      "Parallel Aware": true,
                      "Startup Cost": 45479.1,
                      "Total Cost": 45479.1,
                      "Plan Rows": 37737,
                      "Plan Width": 4,
                      "Actual Startup Time": 103.245,
                      "Actual Total Time": 103.246,
                      "Actual Rows": 43008,
                      "Actual Loops": 6,
                      "Hash Buckets": 262144,
                      "Original Hash Buckets": 262144,
                      "Hash Batches": 1,
                      "Original Hash Batches": 1,
                      "Peak Memory Usage": 12256,
                      "Plans": [
                        {
                          "Node Type": "Seq Scan",
                          "Parent Relationship": "Outer",
                          "Parallel Aware": true,
                          "Relation Name": "title",
                          "Alias": "t",
                          "Startup Cost": 0.0,
                          "Total Cost": 45479.1,
                          "Plan Rows": 37737,
                          "Plan Width": 4,
                          "Actual Startup Time": 0.237,
                          "Actual Total Time": 85.692,
                          "Actual Rows": 43008,
                          "Actual Loops": 6,
                          "Filter": "((kind_id < 7) AND (production_year < 1972))",
                          "Rows Removed by Filter": 378377
                        }
                      ]
                    }
                  ]
                }
              ]
            }
          ]
        }
      ]
    },
    "Planning Time": 0.616,
    "Triggers": [],
    "Execution Time": 837.364
  }
]