[
  {
    "Plan": {
      "Node Type": "Aggregate",
      "Strategy": "Plain",
      "Partial Mode": "Finalize",
      "Parallel Aware": false,
      "Startup Cost": 41241.2,
      "Total Cost": 41241.21,
      "Plan Rows": 1,
      "Plan Width": 8,
      "Actual Startup Time": 44.028,
      "Actual Total Time": 49.162,
      "Actual Rows": 1,
      "Actual Loops": 1,
      "Plans": [
        {
          "Node Type": "Gather",
          "Parent Relationship": "Outer",
          "Parallel Aware": false,
          "Startup Cost": 41240.78,
          "Total Cost": 41241.19,
          "Plan Rows": 4,
          "Plan Width": 8,
          "Actual Startup Time": 43.736,
          "Actual Total Time": 49.156,
          "Actual Rows": 5,
          "Actual Loops": 1,
          "Workers Planned": 4,
          "Workers Launched": 4,
          "Single Copy": false,
          "Plans": [
            {
              "Node Type": "Aggregate",
              "Strategy": "Plain",
              "Partial Mode": "Partial",
              "Parent Relationship": "Outer",
              "Parallel Aware": false,
              "Startup Cost": 40240.78,
              "Total Cost": 40240.79,
              "Plan Rows": 1,
              "Plan Width": 8,
              "Actual Startup Time": 36.824,
              "Actual Total Time": 36.827,
              "Actual Rows": 1,
              "Actual Loops": 5,
              "Plans": [
                {
                  "Node Type": "Nested Loop",
                  "Parent Relationship": "Outer",
                  "Parallel Aware": false,
                  "Join Type": "Inner",
                  "Startup Cost": 2168.29,
                  "Total Cost": 40237.54,
                  "Plan Rows": 1298,
                  "Plan Width": 0,
                  "Actual Startup Time": 36.04,
                  "Actual Total Time": 36.822,
                  "Actual Rows": 2,
                  "Actual Loops": 5,
                  "Inner Unique": false,
                  "Join Filter": "(t.id = mi.movie_id)",
                  "Rows Removed by Join Filter": 0,
                  "Plans": [
                    {
                      "Node Type": "Nested Loop",
                      "Parent Relationship": "Outer",
                      "Parallel Aware": false,
                      "Join Type": "Inner",
                      "Startup Cost": 2167.85,
                      "Total Cost": 39827.33,
                      "Plan Rows": 221,
                      "Plan Width": 8,
                      "Actual Startup Time": 36.009,
                      "Actual Total Time": 36.768,
                      "Actual Rows": 0,
                      "Actual Loops": 5,
                      "Inner Unique": false,
                      "Plans": [
                        {
                          "Node Type": "Bitmap Heap Scan",
                          "Parent Relationship": "Outer",
                          "Parallel Aware": true,
                          "Relation Name": "title",
                          "Alias": "t",
                          "Startup Cost": 2167.42,
                          "Total Cost": 38620.85,
                          "Plan Rows": 124,
                          "Plan Width": 4,
                          "Actual Startup Time": 35.976,
                          "Actual Total Time": 36.734,
                          "Actual Rows": 0,
                          "Actual Loops": 5,
                          "Recheck Cond": "(kind_id = 4)",
                          "Rows Removed by Index Recheck": 0,
                          "Filter": "(production_year = 1961)",
                          "Rows Removed by Filter": 23647,
                          "Exact Heap Blocks": 5859,
                          "Lossy Heap Blocks": 0,
                          "Plans": [
                            {
                              "Node Type": "Bitmap Index Scan",
                              "Parent Relationship": "Outer",
                              "Parallel Aware": false,
                              "Index Name": "kind_id_title",
                              "Startup Cost": 0.0,
                              "Total Cost": 2167.3,
                              "Plan Rows": 121449,
                              "Plan Width": 0,
                              "Actual Startup Time": 10.249,
                              "Actual Total Time": 10.249,
                              "Actual Rows": 118234,
                              "Actual Loops": 1,
                              "Index Cond": "(kind_id = 4)"
                            }
                          ]
                        },
                        {
                          "Node Type": "Index Only Scan",
                          "Parent Relationship": "Inner",
                          "Parallel Aware": false,
                          "Scan Direction": "Forward",
                          "Index Name": "movie_id_movie_keyword",
                          "Relation Name": "movie_keyword",
                          "Alias": "mk",
                          "Startup Cost": 0.43,
                          "Total Cost": 9.27,
                          "Plan Rows": 46,
                          "Plan Width": 4,
                          "Actual Startup Time": 0.155,
                          "Actual Total Time": 0.155,
                          "Actual Rows": 1,
                          "Actual Loops": 1,
                          "Index Cond": "(movie_id = t.id)",
                          "Rows Removed by Index Recheck": 0,
                          "Heap Fetches": 1
                        }
                      ]
                    },
                    {
                      "Node Type": "Index Only Scan",
                      "Parent Relationship": "Inner",
                      "Parallel Aware": false,
                      "Scan Direction": "Forward",
                      "Index Name": "movie_id_movie_info",
                      "Relation Name": "movie_info",
                      "Alias": "mi",
                      "Startup Cost": 0.43,
                      "Total Cost": 1.34,
                      "Plan Rows": 41,
                      "Plan Width": 4,
                      "Actual Startup Time": 0.146,
                      "Actual Total Time": 0.258,
                      "Actual Rows": 10,
                      "Actual Loops": 1,
                      "Index Cond": "(movie_id = mk.movie_id)",
                      "Rows Removed by Index Recheck": 0,
                      "Heap Fetches": 10
                    }
                  ]
                }
              ]
            }
          ]
        }
      ]
    },
    "Planning Time": 0.629,
    "Triggers": [],
    "Execution Time": 49.215
  }
]