[
  {
    "Plan": {
      "Node Type": "Aggregate",
      "Strategy": "Plain",
      "Partial Mode": "Finalize",
      "Parallel Aware": false,
      "Startup Cost": 93702.09,
      "Total Cost": 93702.1,
      "Plan Rows": 1,
      "Plan Width": 8,
      "Actual Startup Time": 443.96,
      "Actual Total Time": 461.623,
      "Actual Rows": 1,
      "Actual Loops": 1,
      "Plans": [
        {
          "Node Type": "Gather",
          "Parent Relationship": "Outer",
          "Parallel Aware": false,
          "Startup Cost": 93701.77,
          "Total Cost": 93702.08,
          "Plan Rows": 3,
          "Plan Width": 8,
          "Actual Startup Time": 438.57,
          "Actual Total Time": 461.614,
          "Actual Rows": 4,
          "Actual Loops": 1,
          "Workers Planned": 3,
          "Workers Launched": 3,
          "Single Copy": false,
          "Plans": [
            {
              "Node Type": "Aggregate",
              "Strategy": "Plain",
              "Partial Mode": "Partial",
              "Parent Relationship": "Outer",
              "Parallel Aware": false,
              "Startup Cost": 92701.77,
              "Total Cost": 92701.78,
              "Plan Rows": 1,
              "Plan Width": 8,
              "Actual Startup Time": 429.698,
              "Actual Total Time": 429.701,
              "Actual Rows": 1,
              "Actual Loops": 4,
              "Plans": [
                {
                  "Node Type": "Hash Join",
                  "Parent Relationship": "Outer",
                  "Parallel Aware": true,
                  "Join Type": "Inner",
                  "Startup Cost": 46769.59,
                  "Total Cost": 91869.74,
                  "Plan Rows": 332813,
                  "Plan Width": 0,
                  "Actual Startup Time": 199.938,
                  "Actual Total Time": 414.174,
                  "Actual Rows": 345796,
                  "Actual Loops": 4,
                  "Inner Unique": true,
                  "Hash Cond": "(mk.movie_id = t.id)",
                  "Plans": [
                    {
                      "Node Type": "Seq Scan",
                      "Parent Relationship": "Outer",
                      "Parallel Aware": true,
                      "Relation Name": "movie_keyword",
                      "Alias": "mk",
                      "Startup Cost": 0.0,
                      "Total Cost": 42695.65,
                      "Plan Rows": 915997,
                      "Plan Width": 4,
                      "Actual Startup Time": 0.193,
                      "Actual Total Time": 115.648,
                      "Actual Rows": 704346,
                      "Actual Loops": 4,
                      "Filter": "(keyword_id > 2682)",
                      "Rows Removed by Filter": 426637
                    },
                    {
                      "Node Type": "Hash",
                      "Parent Relationship": "Inner",
                      "Parallel Aware": true,
                      "Startup Cost": 43898.92,
                      "Total Cost": 43898.92,
                      "Plan Rows": 229654,
                      "Plan Width": 4,
                      "Actual Startup Time": 194.446,
                      "Actual Total Time": 194.447,
                      "Actual Rows": 231151,
                      "Actual Loops": 4,
                      "Hash Buckets": 1048576,
                      "Original Hash Buckets": 1048576,
                      "Hash Batches": 1,
                      "Original Hash Batches": 1,
                      "Peak Memory Usage": 44416,
                      "Plans": [
                        {
                          "Node Type": "Seq Scan",
                          "Parent Relationship": "Outer",
                          "Parallel Aware": true,
                          "Relation Name": "title",
                          "Alias": "t",
                          "Startup Cost": 0.0,
                          "Total Cost": 43898.92,
                          "Plan Rows": 229654,
                          "Plan Width": 4,
                          "Actual Startup Time": 0.037,
                          "Actual Total Time": 109.701,
                          "Actual Rows": 231151,
                          "Actual Loops": 4,
                          "Filter": "(production_year < 1998)",
                          "Rows Removed by Filter": 400927
                        }
                      ]
                    }
                  ]
                }
              ]
            }
          ]
        }
      ]
    },
    "Planning Time": 0.701,
    "Triggers": [],
    "Execution Time": 461.697
  }
]