[
  {
    "Plan": {
      "Node Type": "Aggregate",
      "Strategy": "Plain",
      "Partial Mode": "Finalize",
      "Parallel Aware": false,
      "Startup Cost": 586103.58,
      "Total Cost": 586103.59,
      "Plan Rows": 1,
      "Plan Width": 8,
      "Actual Startup Time": 3013.755,
      "Actual Total Time": 3074.718,
      "Actual Rows": 1,
      "Actual Loops": 1,
      "Plans": [
        {
          "Node Type": "Gather",
          "Parent Relationship": "Outer",
          "Parallel Aware": false,
          "Startup Cost": 586103.06,
          "Total Cost": 586103.57,
          "Plan Rows": 5,
          "Plan Width": 8,
          "Actual Startup Time": 2982.608,
          "Actual Total Time": 3074.679,
          "Actual Rows": 6,
          "Actual Loops": 1,
          "Workers Planned": 5,
          "Workers Launched": 5,
          "Single Copy": false,
          "Plans": [
            {
              "Node Type": "Aggregate",
              "Strategy": "Plain",
              "Partial Mode": "Partial",
              "Parent Relationship": "Outer",
              "Parallel Aware": false,
              "Startup Cost": 585103.06,
              "Total Cost": 585103.07,
              "Plan Rows": 1,
              "Plan Width": 8,
              "Actual Startup Time": 2972.586,
              "Actual Total Time": 2972.746,
              "Actual Rows": 1,
              "Actual Loops": 6,
              "Plans": [
                {
                  "Node Type": "Hash Join",
                  "Parent Relationship": "Outer",
                  "Parallel Aware": true,
                  "Join Type": "Inner",
                  "Startup Cost": 377245.62,
                  "Total Cost": 582080.46,
                  "Plan Rows": 1209039,
                  "Plan Width": 0,
                  "Actual Startup Time": 1054.577,
                  "Actual Total Time": 2719.777,
                  "Actual Rows": 4622430,
                  "Actual Loops": 6,
                  "Inner Unique": false,
                  "Hash Cond": "(mi.movie_id = t.id)",
                  "Plans": [
                    {
                      "Node Type": "Seq Scan",
                      "Parent Relationship": "Outer",
                      "Parallel Aware": true,
                      "Relation Name": "movie_info",
                      "Alias": "mi",
                      "Startup Cost": 0.0,
                      "Total Cost": 191685.19,
                      "Plan Rows": 2969219,
                      "Plan Width": 4,
                      "Actual Startup Time": 0.027,
                      "Actual Total Time": 345.475,
                      "Actual Rows": 2472620,
                      "Actual Loops": 6
                    },
                    {
                      "Node Type": "Hash",
                      "Parent Relationship": "Inner",
                      "Parallel Aware": true,
                      "Startup Cost": 375100.72,
                      "Total Cost": 375100.72,
                      "Plan Rows": 171592,
                      "Plan Width": 8,
                      "Actual Startup Time": 1050.87,
                      "Actual Total Time": 1051.029,
                      "Actual Rows": 364648,
                      "Actual Loops": 6,
                      "Hash Buckets": 4194304,
                      "Original Hash Buckets": 1048576,
                      "Hash Batches": 1,
                      "Original Hash Batches": 1,
                      "Peak Memory Usage": 143008,
                      "Plans": [
                        {
                          "Node Type": "Hash Join",
                          "Parent Relationship": "Outer",
                          "Parallel Aware": true,
                          "Join Type": "Inner",
                          "Startup Cost": 114617.06,
                          "Total Cost": 375100.72,
                          "Plan Rows": 171592,
                          "Plan Width": 8,
                          "Actual Startup Time": 447.691,
                          "Actual Total Time": 797.721,
                          "Actual Rows": 364648,
                          "Actual Loops": 6,
                          "Inner Unique": true,
                          "Hash Cond": "(ci.movie_id = t.id)",
                          "Plans": [
                            {
                              "Node Type": "Bitmap Heap Scan",
                              "Parent Relationship": "Outer",
                              "Parallel Aware": true,
                              "Relation Name": "cast_info",
                              "Alias": "ci",
                              "Startup Cost": 64396.67,
                              "Total Cost": 324429.91,
                              "Plan Rows": 171592,
                              "Plan Width": 4,
                              "Actual Startup Time": 132.977,
                              "Actual Total Time": 264.509,
                              "Actual Rows": 364648,
                              "Actual Loops": 6,
                              "Recheck Cond": "(person_id < 294751)",
                              "Rows Removed by Index Recheck": 0,
                              "Filter": "(role_id < 2)",
                              "Rows Removed by Filter": 141558,
                              "Exact Heap Blocks": 8545,
                              "Lossy Heap Blocks": 0,
                              "Plans": [
                                {
                                  "Node Type": "Bitmap Index Scan",
                                  "Parent Relationship": "Outer",
                                  "Parallel Aware": false,
                                  "Index Name": "person_id_cast_info",
                                  "Startup Cost": 0.0,
                                  "Total Cost": 64139.29,
                                  "Plan Rows": 2938496,
                                  "Plan Width": 0,
                                  "Actual Startup Time": 127.711,
                                  "Actual Total Time": 127.712,
                                  "Actual Rows": 3037238,
                                  "Actual Loops": 1,
                                  "Index Cond": "(person_id < 294751)"
                                }
                              ]
                            },
                            {
                              "Node Type": "Hash",
                              "Parent Relationship": "Inner",
                              "Parallel Aware": true,
                              "Startup Cost": 42319.06,
                              "Total Cost": 42319.06,
                              "Plan Rows": 632106,
                              "Plan Width": 4,
                              "Actual Startup Time": 309.055,
                              "Actual Total Time": 309.056,
                              "Actual Rows": 421385,
                              "Actual Loops": 6,
                              "Hash Buckets": 4194304,
                              "Original Hash Buckets": 4194304,
                              "Hash Batches": 1,
                              "Original Hash Batches": 1,
                              "Peak Memory Usage": 131808,
                              "Plans": [
                                {
                                  "Node Type": "Seq Scan",
                                  "Parent Relationship": "Outer",
                                  "Parallel Aware": true,
                                  "Relation Name": "title",
                                  "Alias": "t",
                                  "Startup Cost": 0.0,
                                  "Total Cost": 42319.06,
                                  "Plan Rows": 632106,
                                  "Plan Width": 4,
                                  "Actual Startup Time": 0.055,
                                  "Actual Total Time": 90.495,
                                  "Actual Rows": 421385,
                                  "Actual Loops": 6
                                }
                              ]
                            }
                          ]
                        }
                      ]
                    }
                  ]
                }
              ]
            }
          ]
        }
      ]
    },
    "Planning Time": 1.355,
    "Triggers": [],
    "Execution Time": 3074.831
  }
]