[
  {
    "Plan": {
      "Node Type": "Aggregate",
      "Strategy": "Plain",
      "Partial Mode": "Finalize",
      "Parallel Aware": false,
      "Startup Cost": 338196.76,
      "Total Cost": 338196.77,
      "Plan Rows": 1,
      "Plan Width": 8,
      "Actual Startup Time": 788.601,
      "Actual Total Time": 845.194,
      "Actual Rows": 1,
      "Actual Loops": 1,
      "Plans": [
        {
          "Node Type": "Gather",
          "Parent Relationship": "Outer",
          "Parallel Aware": false,
          "Startup Cost": 338196.14,
          "Total Cost": 338196.75,
          "Plan Rows": 6,
          "Plan Width": 8,
          "Actual Startup Time": 788.397,
          "Actual Total Time": 845.181,
          "Actual Rows": 7,
          "Actual Loops": 1,
          "Workers Planned": 6,
          "Workers Launched": 6,
          "Single Copy": false,
          "Plans": [
            {
              "Node Type": "Aggregate",
              "Strategy": "Plain",
              "Partial Mode": "Partial",
              "Parent Relationship": "Outer",
              "Parallel Aware": false,
              "Startup Cost": 337196.14,
              "Total Cost": 337196.15,
              "Plan Rows": 1,
              "Plan Width": 8,
              "Actual Startup Time": 781.238,
              "Actual Total Time": 781.239,
              "Actual Rows": 1,
              "Actual Loops": 7,
              "Plans": [
                {
                  "Node Type": "Seq Scan",
                  "Parent Relationship": "Outer",
                  "Parallel Aware": true,
                  "Relation Name": "cast_info",
                  "Alias": "ci",
                  "Startup Cost": 0.0,
                  "Total Cost": 328211.39,
                  "Plan Rows": 3593898,
                  "Plan Width": 0,
                  "Actual Startup Time": 166.721,
                  "Actual Total Time": 626.714,
                  "Actual Rows": 3061006,
                  "Actual Loops": 7,
                  "Filter": "(person_id > 1461678)",
                  "Rows Removed by Filter": 2116757
                }
              ]
            }
          ]
        }
      ]
    },
    "Planning Time": 0.055,
    "Triggers": [],
    "Execution Time": 845.23
  }
]