[
  {
    "Plan": {
      "Node Type": "Aggregate",
      "Strategy": "Plain",
      "Partial Mode": "Finalize",
      "Parallel Aware": false,
      "Startup Cost": 338078.79,
      "Total Cost": 338078.8,
      "Plan Rows": 1,
      "Plan Width": 8,
      "Actual Startup Time": 733.555,
      "Actual Total Time": 789.884,
      "Actual Rows": 1,
      "Actual Loops": 1,
      "Plans": [
        {
          "Node Type": "Gather",
          "Parent Relationship": "Outer",
          "Parallel Aware": false,
          "Startup Cost": 338078.17,
          "Total Cost": 338078.78,
          "Plan Rows": 6,
          "Plan Width": 8,
          "Actual Startup Time": 733.439,
          "Actual Total Time": 789.874,
          "Actual Rows": 7,
          "Actual Loops": 1,
          "Workers Planned": 6,
          "Workers Launched": 6,
          "Single Copy": false,
          "Plans": [
            {
              "Node Type": "Aggregate",
              "Strategy": "Plain",
              "Partial Mode": "Partial",
              "Parent Relationship": "Outer",
              "Parallel Aware": false,
              "Startup Cost": 337078.17,
              "Total Cost": 337078.18,
              "Plan Rows": 1,
              "Plan Width": 8,
              "Actual Startup Time": 725.27,
              "Actual Total Time": 725.271,
              "Actual Rows": 1,
              "Actual Loops": 7,
              "Plans": [
                {
                  "Node Type": "Seq Scan",
                  "Parent Relationship": "Outer",
                  "Parallel Aware": true,
                  "Relation Name": "cast_info",
                  "Alias": "ci",
                  "Startup Cost": 0.0,
                  "Total Cost": 328162.03,
                  "Plan Rows": 3566456,
                  "Plan Width": 0,
                  "Actual Startup Time": 161.57,
                  "Actual Total Time": 596.827,
                  "Actual Rows": 3061006,
                  "Actual Loops": 7,
                  "Filter": "(person_id > 1461678)",
                  "Rows Removed by Filter": 2116757
                }
              ]
            }
          ]
        }
      ]
    },
    "Planning Time": 0.194,
    "Triggers": [],
    "Execution Time": 789.955
  }
]