{
  "Plan": {
    "Node Type": "Aggregate",
    "Strategy": "Plain",
    "Partial Mode": "Finalize",
    "Parallel Aware": false,
    "Startup Cost": 233130.49,
    "Total Cost": 233130.5,
    "Plan Rows": 1,
    "Plan Width": 8,
    "Actual Startup Time": 285.599,
    "Actual Total Time": 300.793,
    "Actual Rows": 1,
    "Actual Loops": 1,
    "Plans": [
      {
        "Node Type": "Gather",
        "Parent Relationship": "Outer",
        "Parallel Aware": false,
        "Startup Cost": 233130.38,
        "Total Cost": 233130.49,
        "Plan Rows": 1,
        "Plan Width": 8,
        "Actual Startup Time": 284.141,
        "Actual Total Time": 300.783,
        "Actual Rows": 2,
        "Actual Loops": 1,
        "Workers Planned": 1,
        "Workers Launched": 1,
        "Single Copy": false,
        "Plans": [
          {
            "Node Type": "Aggregate",
            "Strategy": "Plain",
            "Partial Mode": "Partial",
            "Parent Relationship": "Outer",
            "Parallel Aware": false,
            "Startup Cost": 232130.38,
            "Total Cost": 232130.39,
            "Plan Rows": 1,
            "Plan Width": 8,
            "Actual Startup Time": 278.187,
            "Actual Total Time": 278.388,
            "Actual Rows": 1,
            "Actual Loops": 2,
            "Plans": [
              {
                "Node Type": "Hash Join",
                "Parent Relationship": "Outer",
                "Parallel Aware": true,
                "Join Type": "Inner",
                "Startup Cost": 66792.57,
                "Total Cost": 232078.22,
                "Plan Rows": 20862,
                "Plan Width": 0,
                "Actual Startup Time": 211.487,
                "Actual Total Time": 275.444,
                "Actual Rows": 66519,
                "Actual Loops": 2,
                "Inner Unique": true,
                "Hash Cond": "(mi.movie_id = t.id)",
                "Plans": [
                  {
                    "Node Type": "Bitmap Heap Scan",
                    "Parent Relationship": "Outer",
                    "Parallel Aware": true,
                    "Relation Name": "movie_info",
                    "Alias": "mi",
                    "Startup Cost": 6704.59,
                    "Total Cost": 171418.79,
                    "Plan Rows": 217696,
                    "Plan Width": 4,
                    "Actual Startup Time": 17.549,
                    "Actual Total Time": 49.028,
                    "Actual Rows": 184109,
                    "Actual Loops": 2,
                    "Recheck Cond": "(info_type_id = 17)",
                    "Rows Removed by Index Recheck": 0,
                    "Exact Heap Blocks": 5645,
                    "Lossy Heap Blocks": 0,
                    "Plans": [
                      {
                        "Node Type": "Bitmap Index Scan",
                        "Parent Relationship": "Outer",
                        "Parallel Aware": false,
                        "Index Name": "info_type_id_movie_info",
                        "Startup Cost": 0.0,
                        "Total Cost": 6612.07,
                        "Plan Rows": 370084,
                        "Plan Width": 0,
                        "Actual Startup Time": 15.989,
                        "Actual Total Time": 15.989,
                        "Actual Rows": 368218,
                        "Actual Loops": 1,
                        "Index Cond": "(info_type_id = 17)"
                      }
                    ]
                  },
                  {
                    "Node Type": "Hash",
                    "Parent Relationship": "Inner",
                    "Parallel Aware": true,
                    "Startup Cost": 58306.47,
                    "Total Cost": 58306.47,
                    "Plan Rows": 142521,
                    "Plan Width": 4,
                    "Actual Startup Time": 190.314,
                    "Actual Total Time": 190.315,
                    "Actual Rows": 178748,
                    "Actual Loops": 2,
                    "Hash Buckets": 524288,
                    "Original Hash Buckets": 262144,
                    "Hash Batches": 1,
                    "Original Hash Batches": 1,
                    "Peak Memory Usage": 20160,
                    "Plans": [
                      {
                        "Node Type": "Seq Scan",
                        "Parent Relationship": "Outer",
                        "Parallel Aware": true,
                        "Relation Name": "title",
                        "Alias": "t",
                        "Startup Cost": 0.0,
                        "Total Cost": 58306.47,
                        "Plan Rows": 142521,
                        "Plan Width": 4,
                        "Actual Startup Time": 0.121,
                        "Actual Total Time": 147.705,
                        "Actual Rows": 178748,
                        "Actual Loops": 2,
                        "Filter": "((kind_id < 7) AND (production_year < 1987))",
                        "Rows Removed by Filter": 1085408
                      }
                    ]
                  }
                ]
              }
            ]
          }
        ]
      }
    ]
  },
  "Planning Time": 0.625,
  "Triggers": [],
  "Execution Time": 300.884
}