[
  {
    "Plan": {
      "Node Type": "Aggregate",
      "Strategy": "Plain",
      "Partial Mode": "Finalize",
      "Parallel Aware": false,
      "Startup Cost": 206955.44,
      "Total Cost": 206955.45,
      "Plan Rows": 1,
      "Plan Width": 8,
      "Actual Startup Time": 490.194,
      "Actual Total Time": 532.076,
      "Actual Rows": 1,
      "Actual Loops": 1,
      "Plans": [
        {
          "Node Type": "Gather",
          "Parent Relationship": "Outer",
          "Parallel Aware": false,
          "Startup Cost": 206954.91,
          "Total Cost": 206955.42,
          "Plan Rows": 5,
          "Plan Width": 8,
          "Actual Startup Time": 490.048,
          "Actual Total Time": 532.066,
          "Actual Rows": 6,
          "Actual Loops": 1,
          "Workers Planned": 5,
          "Workers Launched": 5,
          "Single Copy": false,
          "Plans": [
            {
              "Node Type": "Aggregate",
              "Strategy": "Plain",
              "Partial Mode": "Partial",
              "Parent Relationship": "Outer",
              "Parallel Aware": false,
              "Startup Cost": 205954.91,
              "Total Cost": 205954.92,
              "Plan Rows": 1,
              "Plan Width": 8,
              "Actual Startup Time": 480.139,
              "Actual Total Time": 480.141,
              "Actual Rows": 1,
              "Actual Loops": 6,
              "Plans": [
                {
                  "Node Type": "Seq Scan",
                  "Parent Relationship": "Outer",
                  "Parallel Aware": true,
                  "Relation Name": "movie_info",
                  "Alias": "mi",
                  "Startup Cost": 0.0,
                  "Total Cost": 199108.24,
                  "Plan Rows": 2738668,
                  "Plan Width": 0,
                  "Actual Startup Time": 0.061,
                  "Actual Total Time": 378.086,
                  "Actual Rows": 2282414,
                  "Actual Loops": 6,
                  "Filter": "(info_type_id < 57)",
                  "Rows Removed by Filter": 190206
                }
              ]
            }
          ]
        }
      ]
    },
    "Planning Time": 0.191,
    "Triggers": [],
    "Execution Time": 532.146
  }
]