{
  "Plan": {
    "Node Type": "Aggregate",
    "Strategy": "Plain",
    "Partial Mode": "Simple",
    "Parallel Aware": false,
    "Startup Cost": 36450.25,
    "Total Cost": 36450.26,
    "Plan Rows": 1,
    "Plan Width": 68,
    "Actual Startup Time": 16.934,
    "Actual Total Time": 16.939,
    "Actual Rows": 1,
    "Actual Loops": 1,
    "Plans": [
      {
        "Node Type": "Nested Loop",
        "Parent Relationship": "Outer",
        "Parallel Aware": false,
        "Join Type": "Inner",
        "Startup Cost": 6243.11,
        "Total Cost": 36450.09,
        "Plan Rows": 21,
        "Plan Width": 45,
        "Actual Startup Time": 0.285,
        "Actual Total Time": 16.837,
        "Actual Rows": 142,
        "Actual Loops": 1,
        "Inner Unique": false,
        "Join Filter": "(mc.company_type_id = ct.id)",
        "Rows Removed by Join Filter": 5,
        "Plans": [
          {
            "Node Type": "Seq Scan",
            "Parent Relationship": "Outer",
            "Parallel Aware": false,
            "Relation Name": "company_type",
            "Alias": "ct",
            "Startup Cost": 0.0,
            "Total Cost": 1.05,
            "Plan Rows": 1,
            "Plan Width": 4,
            "Actual Startup Time": 0.024,
            "Actual Total Time": 0.027,
            "Actual Rows": 1,
            "Actual Loops": 1,
            "Filter": "((kind)::text = 'production companies'::text)",
            "Rows Removed by Filter": 3
          },
          {
            "Node Type": "Nested Loop",
            "Parent Relationship": "Inner",
            "Parallel Aware": false,
            "Join Type": "Inner",
            "Startup Cost": 6243.11,
            "Total Cost": 36447.98,
            "Plan Rows": 85,
            "Plan Width": 49,
            "Actual Startup Time": 0.256,
            "Actual Total Time": 16.742,
            "Actual Rows": 147,
            "Actual Loops": 1,
            "Inner Unique": false,
            "Plans": [
              {
                "Node Type": "Nested Loop",
                "Parent Relationship": "Outer",
                "Parallel Aware": false,
                "Join Type": "Inner",
                "Startup Cost": 6242.68,
                "Total Cost": 29000.67,
                "Plan Rows": 12213,
                "Plan Width": 29,
                "Actual Startup Time": 0.136,
                "Actual Total Time": 2.624,
                "Actual Rows": 250,
                "Actual Loops": 1,
                "Inner Unique": true,
                "Plans": [
                  {
                    "Node Type": "Nested Loop",
                    "Parent Relationship": "Outer",
                    "Parallel Aware": false,
                    "Join Type": "Inner",
                    "Startup Cost": 6242.25,
                    "Total Cost": 21942.36,
                    "Plan Rows": 12213,
                    "Plan Width": 4,
                    "Actual Startup Time": 0.115,
                    "Actual Total Time": 0.259,
                    "Actual Rows": 250,
                    "Actual Loops": 1,
                    "Inner Unique": false,
                    "Plans": [
                      {
                        "Node Type": "Seq Scan",
                        "Parent Relationship": "Outer",
                        "Parallel Aware": false,
                        "Relation Name": "info_type",
                        "Alias": "it",
                        "Startup Cost": 0.0,
                        "Total Cost": 2.41,
                        "Plan Rows": 1,
                        "Plan Width": 4,
                        "Actual Startup Time": 0.036,
                        "Actual Total Time": 0.04,
                        "Actual Rows": 1,
                        "Actual Loops": 1,
                        "Filter": "((info)::text = 'top 250 rank'::text)",
                        "Rows Removed by Filter": 112
                      },
                      {
                        "Node Type": "Bitmap Heap Scan",
                        "Parent Relationship": "Inner",
                        "Parallel Aware": false,
                        "Relation Name": "movie_info_idx",
                        "Alias": "mi_idx",
                        "Startup Cost": 6242.25,
                        "Total Cost": 18489.86,
                        "Plan Rows": 345009,
                        "Plan Width": 8,
                        "Actual Startup Time": 0.07,
                        "Actual Total Time": 0.133,
                        "Actual Rows": 250,
                        "Actual Loops": 1,
                        "Recheck Cond": "(info_type_id = it.id)",
                        "Rows Removed by Index Recheck": 0,
                        "Exact Heap Blocks": 2,
                        "Lossy Heap Blocks": 0,
                        "Plans": [
                          {
                            "Node Type": "Bitmap Index Scan",
                            "Parent Relationship": "Outer",
                            "Parallel Aware": false,
                            "Index Name": "info_type_id_movie_info_idx",
                            "Startup Cost": 0.0,
                            "Total Cost": 6155.99,
                            "Plan Rows": 345009,
                            "Plan Width": 0,
                            "Actual Startup Time": 0.045,
                            "Actual Total Time": 0.045,
                            "Actual Rows": 250,
                            "Actual Loops": 1,
                            "Index Cond": "(info_type_id = it.id)"
                          }
                        ]
                      }
                    ]
                  },
                  {
                    "Node Type": "Index Scan",
                    "Parent Relationship": "Inner",
                    "Parallel Aware": false,
                    "Scan Direction": "Forward",
                    "Index Name": "title_pkey",
                    "Relation Name": "title",
                    "Alias": "t",
                    "Startup Cost": 0.43,
                    "Total Cost": 0.58,
                    "Plan Rows": 1,
                    "Plan Width": 25,
                    "Actual Startup Time": 0.009,
                    "Actual Total Time": 0.009,
                    "Actual Rows": 1,
                    "Actual Loops": 250,
                    "Index Cond": "(id = mi_idx.movie_id)",
                    "Rows Removed by Index Recheck": 0
                  }
                ]
              },
              {
                "Node Type": "Index Scan",
                "Parent Relationship": "Inner",
                "Parallel Aware": false,
                "Scan Direction": "Forward",
                "Index Name": "movie_id_movie_companies",
                "Relation Name": "movie_companies",
                "Alias": "mc",
                "Startup Cost": 0.43,
                "Total Cost": 0.6,
                "Plan Rows": 1,
                "Plan Width": 32,
                "Actual Startup Time": 0.055,
                "Actual Total Time": 0.056,
                "Actual Rows": 1,
                "Actual Loops": 250,
                "Index Cond": "(movie_id = t.id)",
                "Rows Removed by Index Recheck": 0,
                "Filter": "((note !~~ '%(as Metro-Goldwyn-Mayer Pictures)%'::text) AND ((note ~~ '%(co-production)%'::text) OR (note ~~ '%(presents)%'::text)))",
                "Rows Removed by Filter": 33
              }
            ]
          }
        ]
      }
    ]
  },
  "Planning Time": 1.271,
  "Triggers": [],
  "Execution Time": 17.06
}