[
  {
    "Plan": {
      "Node Type": "Aggregate",
      "Strategy": "Plain",
      "Partial Mode": "Finalize",
      "Parallel Aware": false,
      "Startup Cost": 31593.32,
      "Total Cost": 31593.33,
      "Plan Rows": 1,
      "Plan Width": 8,
      "Actual Startup Time": 103.139,
      "Actual Total Time": 110.388,
      "Actual Rows": 1,
      "Actual Loops": 1,
      "Plans": [
        {
          "Node Type": "Gather",
          "Parent Relationship": "Outer",
          "Parallel Aware": false,
          "Startup Cost": 31593.01,
          "Total Cost": 31593.32,
          "Plan Rows": 3,
          "Plan Width": 8,
          "Actual Startup Time": 103.054,
          "Actual Total Time": 110.381,
          "Actual Rows": 4,
          "Actual Loops": 1,
          "Workers Planned": 3,
          "Workers Launched": 3,
          "Single Copy": false,
          "Plans": [
            {
              "Node Type": "Aggregate",
              "Strategy": "Plain",
              "Partial Mode": "Partial",
              "Parent Relationship": "Outer",
              "Parallel Aware": false,
              "Startup Cost": 30593.01,
              "Total Cost": 30593.02,
              "Plan Rows": 1,
              "Plan Width": 8,
              "Actual Startup Time": 96.029,
              "Actual Total Time": 96.03,
              "Actual Rows": 1,
              "Actual Loops": 4,
              "Plans": [
                {
                  "Node Type": "Seq Scan",
                  "Parent Relationship": "Outer",
                  "Parallel Aware": true,
                  "Relation Name": "movie_companies",
                  "Alias": "mc",
                  "Startup Cost": 0.0,
                  "Total Cost": 29310.68,
                  "Plan Rows": 512930,
                  "Plan Width": 0,
                  "Actual Startup Time": 7.175,
                  "Actual Total Time": 79.32,
                  "Actual Rows": 398081,
                  "Actual Loops": 4,
                  "Filter": "(company_id > 5278)",
                  "Rows Removed by Filter": 254202
                }
              ]
            }
          ]
        }
      ]
    },
    "Planning Time": 0.156,
    "Triggers": [],
    "Execution Time": 110.435
  }
]