[
  {
    "Plan": {
      "Node Type": "Aggregate",
      "Strategy": "Plain",
      "Partial Mode": "Finalize",
      "Parallel Aware": false,
      "Startup Cost": 389026.59,
      "Total Cost": 389026.6,
      "Plan Rows": 1,
      "Plan Width": 8,
      "Actual Startup Time": 1781.502,
      "Actual Total Time": 1836.414,
      "Actual Rows": 1,
      "Actual Loops": 1,
      "Plans": [
        {
          "Node Type": "Gather",
          "Parent Relationship": "Outer",
          "Parallel Aware": false,
          "Startup Cost": 389025.96,
          "Total Cost": 389026.57,
          "Plan Rows": 6,
          "Plan Width": 8,
          "Actual Startup Time": 1775.471,
          "Actual Total Time": 1836.373,
          "Actual Rows": 7,
          "Actual Loops": 1,
          "Workers Planned": 6,
          "Workers Launched": 6,
          "Single Copy": false,
          "Plans": [
            {
              "Node Type": "Aggregate",
              "Strategy": "Plain",
              "Partial Mode": "Partial",
              "Parent Relationship": "Outer",
              "Parallel Aware": false,
              "Startup Cost": 388025.96,
              "Total Cost": 388025.97,
              "Plan Rows": 1,
              "Plan Width": 8,
              "Actual Startup Time": 1760.98,
              "Actual Total Time": 1760.984,
              "Actual Rows": 1,
              "Actual Loops": 7,
              "Plans": [
                {
                  "Node Type": "Hash Join",
                  "Parent Relationship": "Outer",
                  "Parallel Aware": true,
                  "Join Type": "Inner",
                  "Startup Cost": 49143.54,
                  "Total Cost": 384756.98,
                  "Plan Rows": 1307592,
                  "Plan Width": 0,
                  "Actual Startup Time": 414.939,
                  "Actual Total Time": 1690.712,
                  "Actual Rows": 1314874,
                  "Actual Loops": 7,
                  "Inner Unique": true,
                  "Hash Cond": "(ci.movie_id = t.id)",
                  "Plans": [
                    {
                      "Node Type": "Seq Scan",
                      "Parent Relationship": "Outer",
                      "Parallel Aware": true,
                      "Relation Name": "cast_info",
                      "Alias": "ci",
                      "Startup Cost": 0.0,
                      "Total Cost": 328211.39,
                      "Plan Rows": 2819827,
                      "Plan Width": 4,
                      "Actual Startup Time": 218.6,
                      "Actual Total Time": 648.378,
                      "Actual Rows": 2387558,
                      "Actual Loops": 7,
                      "Filter": "(person_id > 1956327)",
                      "Rows Removed by Filter": 2790205
                    },
                    {
                      "Node Type": "Hash",
                      "Parent Relationship": "Inner",
                      "Parallel Aware": true,
                      "Startup Cost": 45479.59,
                      "Total Cost": 45479.59,
                      "Plan Rows": 293116,
                      "Plan Width": 4,
                      "Actual Startup Time": 191.383,
                      "Actual Total Time": 191.384,
                      "Actual Rows": 181047,
                      "Actual Loops": 7,
                      "Hash Buckets": 2097152,
                      "Original Hash Buckets": 2097152,
                      "Hash Batches": 1,
                      "Original Hash Batches": 1,
                      "Peak Memory Usage": 66080,
                      "Plans": [
                        {
                          "Node Type": "Seq Scan",
                          "Parent Relationship": "Outer",
                          "Parallel Aware": true,
                          "Relation Name": "title",
                          "Alias": "t",
                          "Startup Cost": 0.0,
                          "Total Cost": 45479.59,
                          "Plan Rows": 293116,
                          "Plan Width": 4,
                          "Actual Startup Time": 0.052,
                          "Actual Total Time": 90.361,
                          "Actual Rows": 181047,
                          "Actual Loops": 7,
                          "Filter": "((kind_id > 1) AND (production_year > 1996))",
                          "Rows Removed by Filter": 180140
                        }
                      ]
                    }
                  ]
                }
              ]
            }
          ]
        }
      ]
    },
    "Planning Time": 0.516,
    "Triggers": [],
    "Execution Time": 1836.486
  }
]