[
  {
    "Plan": {
      "Node Type": "Aggregate",
      "Strategy": "Plain",
      "Partial Mode": "Finalize",
      "Parallel Aware": false,
      "Startup Cost": 442600.39,
      "Total Cost": 442600.4,
      "Plan Rows": 1,
      "Plan Width": 8,
      "Actual Startup Time": 2232.729,
      "Actual Total Time": 2309.503,
      "Actual Rows": 1,
      "Actual Loops": 1,
      "Plans": [
        {
          "Node Type": "Gather",
          "Parent Relationship": "Outer",
          "Parallel Aware": false,
          "Startup Cost": 442600.07,
          "Total Cost": 442600.38,
          "Plan Rows": 3,
          "Plan Width": 8,
          "Actual Startup Time": 2225.718,
          "Actual Total Time": 2309.492,
          "Actual Rows": 4,
          "Actual Loops": 1,
          "Workers Planned": 3,
          "Workers Launched": 3,
          "Single Copy": false,
          "Plans": [
            {
              "Node Type": "Aggregate",
              "Strategy": "Plain",
              "Partial Mode": "Partial",
              "Parent Relationship": "Outer",
              "Parallel Aware": false,
              "Startup Cost": 441600.07,
              "Total Cost": 441600.08,
              "Plan Rows": 1,
              "Plan Width": 8,
              "Actual Startup Time": 2216.969,
              "Actual Total Time": 2217.078,
              "Actual Rows": 1,
              "Actual Loops": 4,
              "Plans": [
                {
                  "Node Type": "Hash Join",
                  "Parent Relationship": "Outer",
                  "Parallel Aware": true,
                  "Join Type": "Inner",
                  "Startup Cost": 394658.6,
                  "Total Cost": 440147.08,
                  "Plan Rows": 581196,
                  "Plan Width": 0,
                  "Actual Startup Time": 1498.414,
                  "Actual Total Time": 2017.093,
                  "Actual Rows": 4467630,
                  "Actual Loops": 4,
                  "Inner Unique": false,
                  "Hash Cond": "(mk.movie_id = t.id)",
                  "Plans": [
                    {
                      "Node Type": "Seq Scan",
                      "Parent Relationship": "Outer",
                      "Parallel Aware": true,
                      "Relation Name": "movie_keyword",
                      "Alias": "mk",
                      "Startup Cost": 0.0,
                      "Total Cost": 39047.32,
                      "Plan Rows": 1459332,
                      "Plan Width": 4,
                      "Actual Startup Time": 0.03,
                      "Actual Total Time": 97.4,
                      "Actual Rows": 1130982,
                      "Actual Loops": 4
                    },
                    {
                      "Node Type": "Hash",
                      "Parent Relationship": "Inner",
                      "Parallel Aware": true,
                      "Startup Cost": 392560.85,
                      "Total Cost": 392560.85,
                      "Plan Rows": 167820,
                      "Plan Width": 8,
                      "Actual Startup Time": 1446.677,
                      "Actual Total Time": 1446.784,
                      "Actual Rows": 254309,
                      "Actual Loops": 4,
                      "Hash Buckets": 1048576,
                      "Original Hash Buckets": 1048576,
                      "Hash Batches": 1,
                      "Original Hash Batches": 1,
                      "Peak Memory Usage": 48096,
                      "Plans": [
                        {
                          "Node Type": "Hash Join",
                          "Parent Relationship": "Outer",
                          "Parallel Aware": true,
                          "Join Type": "Inner",
                          "Startup Cost": 46971.3,
                          "Total Cost": 392560.85,
                          "Plan Rows": 167820,
                          "Plan Width": 8,
                          "Actual Startup Time": 134.629,
                          "Actual Total Time": 1355.48,
                          "Actual Rows": 254309,
                          "Actual Loops": 4,
                          "Inner Unique": true,
                          "Hash Cond": "(ci.movie_id = t.id)",
                          "Plans": [
                            {
                              "Node Type": "Seq Scan",
                              "Parent Relationship": "Outer",
                              "Parallel Aware": true,
                              "Relation Name": "cast_info",
                              "Alias": "ci",
                              "Startup Cost": 0.0,
                              "Total Cost": 343257.03,
                              "Plan Rows": 888581,
                              "Plan Width": 4,
                              "Actual Startup Time": 0.019,
                              "Actual Total Time": 933.449,
                              "Actual Rows": 1575686,
                              "Actual Loops": 4,
                              "Filter": "((person_id < 691859) AND (role_id < 6))",
                              "Rows Removed by Filter": 7485400
                            },
                            {
                              "Node Type": "Hash",
                              "Parent Relationship": "Inner",
                              "Parallel Aware": true,
                              "Startup Cost": 45479.1,
                              "Total Cost": 45479.1,
                              "Plan Rows": 119376,
                              "Plan Width": 4,
                              "Actual Startup Time": 133.164,
                              "Actual Total Time": 133.165,
                              "Actual Rows": 87636,
                              "Actual Loops": 4,
                              "Hash Buckets": 524288,
                              "Original Hash Buckets": 524288,
                              "Hash Batches": 1,
                              "Original Hash Batches": 1,
                              "Peak Memory Usage": 17888,
                              "Plans": [
                                {
                                  "Node Type": "Seq Scan",
                                  "Parent Relationship": "Outer",
                                  "Parallel Aware": true,
                                  "Relation Name": "title",
                                  "Alias": "t",
                                  "Startup Cost": 0.0,
                                  "Total Cost": 45479.1,
                                  "Plan Rows": 119376,
                                  "Plan Width": 4,
                                  "Actual Startup Time": 48.939,
                                  "Actual Total Time": 102.766,
                                  "Actual Rows": 87636,
                                  "Actual Loops": 4,
                                  "Filter": "((production_year > 1987) AND (kind_id = 1))",
                                  "Rows Removed by Filter": 544442
                                }
                              ]
                            }
                          ]
                        }
                      ]
                    }
                  ]
                }
              ]
            }
          ]
        }
      ]
    },
    "Planning Time": 1.355,
    "Triggers": [],
    "Execution Time": 2309.607
  }
]