[
  {
    "Plan": {
      "Node Type": "Aggregate",
      "Strategy": "Plain",
      "Partial Mode": "Finalize",
      "Parallel Aware": false,
      "Startup Cost": 46998.8,
      "Total Cost": 46998.81,
      "Plan Rows": 1,
      "Plan Width": 8,
      "Actual Startup Time": 175.183,
      "Actual Total Time": 184.129,
      "Actual Rows": 1,
      "Actual Loops": 1,
      "Plans": [
        {
          "Node Type": "Gather",
          "Parent Relationship": "Outer",
          "Parallel Aware": false,
          "Startup Cost": 46998.48,
          "Total Cost": 46998.79,
          "Plan Rows": 3,
          "Plan Width": 8,
          "Actual Startup Time": 175.084,
          "Actual Total Time": 184.12,
          "Actual Rows": 4,
          "Actual Loops": 1,
          "Workers Planned": 3,
          "Workers Launched": 3,
          "Single Copy": false,
          "Plans": [
            {
              "Node Type": "Aggregate",
              "Strategy": "Plain",
              "Partial Mode": "Partial",
              "Parent Relationship": "Outer",
              "Parallel Aware": false,
              "Startup Cost": 45998.48,
              "Total Cost": 45998.49,
              "Plan Rows": 1,
              "Plan Width": 8,
              "Actual Startup Time": 168.79,
              "Actual Total Time": 168.791,
              "Actual Rows": 1,
              "Actual Loops": 4,
              "Plans": [
                {
                  "Node Type": "Seq Scan",
                  "Parent Relationship": "Outer",
                  "Parallel Aware": true,
                  "Relation Name": "movie_keyword",
                  "Alias": "mk",
                  "Startup Cost": 0.0,
                  "Total Cost": 42695.65,
                  "Plan Rows": 1321132,
                  "Plan Width": 0,
                  "Actual Startup Time": 0.04,
                  "Actual Total Time": 123.293,
                  "Actual Rows": 1026790,
                  "Actual Loops": 4,
                  "Filter": "(keyword_id < 41765)",
                  "Rows Removed by Filter": 104193
                }
              ]
            }
          ]
        }
      ]
    },
    "Planning Time": 0.193,
    "Triggers": [],
    "Execution Time": 184.187
  }
]