{
  "Plan": {
    "Node Type": "Aggregate",
    "Strategy": "Plain",
    "Partial Mode": "Finalize",
    "Parallel Aware": false,
    "Startup Cost": 58654.31,
    "Total Cost": 58654.32,
    "Plan Rows": 1,
    "Plan Width": 8,
    "Actual Startup Time": 162.72,
    "Actual Total Time": 171.97,
    "Actual Rows": 1,
    "Actual Loops": 1,
    "Plans": [
      {
        "Node Type": "Gather",
        "Parent Relationship": "Outer",
        "Parallel Aware": false,
        "Startup Cost": 58654.2,
        "Total Cost": 58654.31,
        "Plan Rows": 1,
        "Plan Width": 8,
        "Actual Startup Time": 162.334,
        "Actual Total Time": 171.962,
        "Actual Rows": 2,
        "Actual Loops": 1,
        "Workers Planned": 1,
        "Workers Launched": 1,
        "Single Copy": false,
        "Plans": [
          {
            "Node Type": "Aggregate",
            "Strategy": "Plain",
            "Partial Mode": "Partial",
            "Parent Relationship": "Outer",
            "Parallel Aware": false,
            "Startup Cost": 57654.2,
            "Total Cost": 57654.21,
            "Plan Rows": 1,
            "Plan Width": 8,
            "Actual Startup Time": 156.364,
            "Actual Total Time": 156.368,
            "Actual Rows": 1,
            "Actual Loops": 2,
            "Plans": [
              {
                "Node Type": "Hash Join",
                "Parent Relationship": "Outer",
                "Parallel Aware": true,
                "Join Type": "Inner",
                "Startup Cost": 38854.58,
                "Total Cost": 57638.9,
                "Plan Rows": 6121,
                "Plan Width": 0,
                "Actual Startup Time": 76.864,
                "Actual Total Time": 155.821,
                "Actual Rows": 12630,
                "Actual Loops": 2,
                "Inner Unique": true,
                "Hash Cond": "(mi_idx.movie_id = t.id)",
                "Plans": [
                  {
                    "Node Type": "Seq Scan",
                    "Parent Relationship": "Outer",
                    "Parallel Aware": true,
                    "Relation Name": "movie_info_idx",
                    "Alias": "mi_idx",
                    "Startup Cost": 0.0,
                    "Total Cost": 18082.32,
                    "Plan Rows": 267429,
                    "Plan Width": 4,
                    "Actual Startup Time": 0.018,
                    "Actual Total Time": 51.312,
                    "Actual Rows": 229962,
                    "Actual Loops": 2,
                    "Filter": "(info_type_id = 99)",
                    "Rows Removed by Filter": 460055
                  },
                  {
                    "Node Type": "Hash",
                    "Parent Relationship": "Inner",
                    "Parallel Aware": true,
                    "Startup Cost": 38429.13,
                    "Total Cost": 38429.13,
                    "Plan Rows": 34036,
                    "Plan Width": 4,
                    "Actual Startup Time": 75.494,
                    "Actual Total Time": 75.495,
                    "Actual Rows": 29670,
                    "Actual Loops": 2,
                    "Hash Buckets": 65536,
                    "Original Hash Buckets": 65536,
                    "Hash Batches": 1,
                    "Original Hash Batches": 1,
                    "Peak Memory Usage": 2880,
                    "Plans": [
                      {
                        "Node Type": "Bitmap Heap Scan",
                        "Parent Relationship": "Outer",
                        "Parallel Aware": true,
                        "Relation Name": "title",
                        "Alias": "t",
                        "Startup Cost": 1631.0,
                        "Total Cost": 38429.13,
                        "Plan Rows": 34036,
                        "Plan Width": 4,
                        "Actual Startup Time": 22.259,
                        "Actual Total Time": 68.858,
                        "Actual Rows": 29670,
                        "Actual Loops": 2,
                        "Recheck Cond": "(kind_id = 2)",
                        "Rows Removed by Index Recheck": 0,
                        "Filter": "(production_year > 1995)",
                        "Rows Removed by Filter": 15756,
                        "Exact Heap Blocks": 20063,
                        "Lossy Heap Blocks": 0,
                        "Plans": [
                          {
                            "Node Type": "Bitmap Index Scan",
                            "Parent Relationship": "Outer",
                            "Parallel Aware": false,
                            "Index Name": "kind_id_title",
                            "Startup Cost": 0.0,
                            "Total Cost": 1616.54,
                            "Plan Rows": 90681,
                            "Plan Width": 0,
                            "Actual Startup Time": 19.017,
                            "Actual Total Time": 19.018,
                            "Actual Rows": 90852,
                            "Actual Loops": 1,
                            "Index Cond": "(kind_id = 2)"
                          }
                        ]
                      }
                    ]
                  }
                ]
              }
            ]
          }
        ]
      }
    ]
  },
  "Planning Time": 0.435,
  "Triggers": [],
  "Execution Time": 172.057
}