{
    "Plan": {
        "Node Type": "Aggregate",
        "Strategy": "Plain",
        "Partial Mode": "Finalize",
        "Parallel Aware": false,
        "Startup Cost": 433962.06,
        "Total Cost": 433962.07,
        "Plan Rows": 1,
        "Plan Width": 8,
        "Actual Startup Time": 888.531,
        "Actual Total Time": 913.953,
        "Actual Rows": 1,
        "Actual Loops": 1,
        "Output": [
            "count(*)"
        ],
        "Plans": [
            {
                "Node Type": "Gather",
                "Parent Relationship": "Outer",
                "Parallel Aware": false,
                "Startup Cost": 433961.44,
                "Total Cost": 433962.05,
                "Plan Rows": 6,
                "Plan Width": 8,
                "Actual Startup Time": 878.975,
                "Actual Total Time": 913.943,
                "Actual Rows": 7,
                "Actual Loops": 1,
                "Output": [
                    "(PARTIAL count(*))"
                ],
                "Workers Planned": 6,
                "Workers Launched": 6,
                "Single Copy": false,
                "Plans": [
                    {
                        "Node Type": "Aggregate",
                        "Strategy": "Plain",
                        "Partial Mode": "Partial",
                        "Parent Relationship": "Outer",
                        "Parallel Aware": false,
                        "Startup Cost": 432961.44,
                        "Total Cost": 432961.45,
                        "Plan Rows": 1,
                        "Plan Width": 8,
                        "Actual Startup Time": 866.832,
                        "Actual Total Time": 866.837,
                        "Actual Rows": 1,
                        "Actual Loops": 7,
                        "Output": [
                            "PARTIAL count(*)"
                        ],
                        "Workers": [
                            {
                                "Worker Number": 0,
                                "Actual Startup Time": 864.376,
                                "Actual Total Time": 864.381,
                                "Actual Rows": 1,
                                "Actual Loops": 1
                            },
                            {
                                "Worker Number": 1,
                                "Actual Startup Time": 865.426,
                                "Actual Total Time": 865.431,
                                "Actual Rows": 1,
                                "Actual Loops": 1
                            },
                            {
                                "Worker Number": 2,
                                "Actual Startup Time": 864.202,
                                "Actual Total Time": 864.209,
                                "Actual Rows": 1,
                                "Actual Loops": 1
                            },
                            {
                                "Worker Number": 3,
                                "Actual Startup Time": 864.905,
                                "Actual Total Time": 864.91,
                                "Actual Rows": 1,
                                "Actual Loops": 1
                            },
                            {
                                "Worker Number": 4,
                                "Actual Startup Time": 865.347,
                                "Actual Total Time": 865.354,
                                "Actual Rows": 1,
                                "Actual Loops": 1
                            },
                            {
                                "Worker Number": 5,
                                "Actual Startup Time": 866.165,
                                "Actual Total Time": 866.171,
                                "Actual Rows": 1,
                                "Actual Loops": 1
                            }
                        ],
                        "Plans": [
                            {
                                "Node Type": "Hash Join",
                                "Parent Relationship": "Outer",
                                "Parallel Aware": true,
                                "Join Type": "Inner",
                                "Startup Cost": 168731.52,
                                "Total Cost": 432883.64,
                                "Plan Rows": 31120,
                                "Plan Width": 0,
                                "Actual Startup Time": 444.17,
                                "Actual Total Time": 861.688,
                                "Actual Rows": 81859,
                                "Actual Loops": 7,
                                "Inner Unique": false,
                                "Hash Cond": "(t.id = mi_idx.movie_id)",
                                "Workers": [
                                    {
                                        "Worker Number": 0,
                                        "Actual Startup Time": 443.075,
                                        "Actual Total Time": 859.657,
                                        "Actual Rows": 108036,
                                        "Actual Loops": 1
                                    },
                                    {
                                        "Worker Number": 1,
                                        "Actual Startup Time": 441.493,
                                        "Actual Total Time": 859.96,
                                        "Actual Rows": 74699,
                                        "Actual Loops": 1
                                    },
                                    {
                                        "Worker Number": 2,
                                        "Actual Startup Time": 441.618,
                                        "Actual Total Time": 859.26,
                                        "Actual Rows": 67777,
                                        "Actual Loops": 1
                                    },
                                    {
                                        "Worker Number": 3,
                                        "Actual Startup Time": 442.839,
                                        "Actual Total Time": 859.334,
                                        "Actual Rows": 76272,
                                        "Actual Loops": 1
                                    },
                                    {
                                        "Worker Number": 4,
                                        "Actual Startup Time": 442.37,
                                        "Actual Total Time": 860.367,
                                        "Actual Rows": 68544,
                                        "Actual Loops": 1
                                    },
                                    {
                                        "Worker Number": 5,
                                        "Actual Startup Time": 443.364,
                                        "Actual Total Time": 860.594,
                                        "Actual Rows": 75666,
                                        "Actual Loops": 1
                                    }
                                ],
                                "Plans": [
                                    {
                                        "Node Type": "Hash Join",
                                        "Parent Relationship": "Outer",
                                        "Parallel Aware": true,
                                        "Join Type": "Inner",
                                        "Startup Cost": 147721.78,
                                        "Total Cost": 411101.08,
                                        "Plan Rows": 171504,
                                        "Plan Width": 8,
                                        "Actual Startup Time": 347.549,
                                        "Actual Total Time": 681.111,
                                        "Actual Rows": 248629,
                                        "Actual Loops": 7,
                                        "Output": [
                                            "t.id",
                                            "ci.movie_id"
                                        ],
                                        "Inner Unique": true,
                                        "Hash Cond": "(ci.movie_id = t.id)",
                                        "Workers": [
                                            {
                                                "Worker Number": 0,
                                                "Actual Startup Time": 347.077,
                                                "Actual Total Time": 680.394,
                                                "Actual Rows": 328264,
                                                "Actual Loops": 1
                                            },
                                            {
                                                "Worker Number": 1,
                                                "Actual Startup Time": 347.675,
                                                "Actual Total Time": 682.732,
                                                "Actual Rows": 231039,
                                                "Actual Loops": 1
                                            },
                                            {
                                                "Worker Number": 2,
                                                "Actual Startup Time": 347.353,
                                                "Actual Total Time": 680.191,
                                                "Actual Rows": 206660,
                                                "Actual Loops": 1
                                            },
                                            {
                                                "Worker Number": 3,
                                                "Actual Startup Time": 347.339,
                                                "Actual Total Time": 681.647,
                                                "Actual Rows": 230414,
                                                "Actual Loops": 1
                                            },
                                            {
                                                "Worker Number": 4,
                                                "Actual Startup Time": 347.794,
                                                "Actual Total Time": 679.693,
                                                "Actual Rows": 205737,
                                                "Actual Loops": 1
                                            },
                                            {
                                                "Worker Number": 5,
                                                "Actual Startup Time": 347.813,
                                                "Actual Total Time": 681.816,
                                                "Actual Rows": 226527,
                                                "Actual Loops": 1
                                            }
                                        ],
                                        "Plans": [
                                            {
                                                "Node Type": "Bitmap Heap Scan",
                                                "Parent Relationship": "Outer",
                                                "Parallel Aware": true,
                                                "Relation Name": "cast_info",
                                                "Schema": "public",
                                                "Alias": "ci",
                                                "Startup Cost": 76584.77,
                                                "Total Cost": 338108.39,
                                                "Plan Rows": 706929,
                                                "Plan Width": 4,
                                                "Actual Startup Time": 157.29,
                                                "Actual Total Time": 289.603,
                                                "Actual Rows": 617574,
                                                "Actual Loops": 7,
                                                "Output": [
                                                    "ci.id",
                                                    "ci.person_id",
                                                    "ci.movie_id",
                                                    "ci.person_role_id",
                                                    "ci.note",
                                                    "ci.nr_order",
                                                    "ci.role_id"
                                                ],
                                                "Recheck Cond": "(ci.role_id = 10)",
                                                "Rows Removed by Index Recheck": 0,
                                                "Exact Heap Blocks": 6813,
                                                "Lossy Heap Blocks": 0,
                                                "Workers": [
                                                    {
                                                        "Worker Number": 0,
                                                        "Actual Startup Time": 156.961,
                                                        "Actual Total Time": 287.702,
                                                        "Actual Rows": 819790,
                                                        "Actual Loops": 1
                                                    },
                                                    {
                                                        "Worker Number": 1,
                                                        "Actual Startup Time": 157.268,
                                                        "Actual Total Time": 292.251,
                                                        "Actual Rows": 576481,
                                                        "Actual Loops": 1
                                                    },
                                                    {
                                                        "Worker Number": 2,
                                                        "Actual Startup Time": 157.208,
                                                        "Actual Total Time": 288.055,
                                                        "Actual Rows": 510114,
                                                        "Actual Loops": 1
                                                    },
                                                    {
                                                        "Worker Number": 3,
                                                        "Actual Startup Time": 157.219,
                                                        "Actual Total Time": 291.376,
                                                        "Actual Rows": 571147,
                                                        "Actual Loops": 1
                                                    },
                                                    {
                                                        "Worker Number": 4,
                                                        "Actual Startup Time": 157.362,
                                                        "Actual Total Time": 287.44,
                                                        "Actual Rows": 502521,
                                                        "Actual Loops": 1
                                                    },
                                                    {
                                                        "Worker Number": 5,
                                                        "Actual Startup Time": 157.473,
                                                        "Actual Total Time": 291.597,
                                                        "Actual Rows": 566082,
                                                        "Actual Loops": 1
                                                    }
                                                ],
                                                "Plans": [
                                                    {
                                                        "Node Type": "Bitmap Index Scan",
                                                        "Parent Relationship": "Outer",
                                                        "Parallel Aware": false,
                                                        "Index Name": "role_id_cast_info",
                                                        "Startup Cost": 0.0,
                                                        "Total Cost": 75524.38,
                                                        "Plan Rows": 4241575,
                                                        "Plan Width": 0,
                                                        "Actual Startup Time": 150.811,
                                                        "Actual Total Time": 150.812,
                                                        "Actual Rows": 4323018,
                                                        "Actual Loops": 1,
                                                        "Index Cond": "(ci.role_id = 10)",
                                                        "Workers": [
                                                            {
                                                                "Worker Number": 0,
                                                                "Actual Startup Time": 150.811,
                                                                "Actual Total Time": 150.812,
                                                                "Actual Rows": 4323018,
                                                                "Actual Loops": 1
                                                            }
                                                        ]
                                                    }
                                                ]
                                            },
                                            {
                                                "Node Type": "Hash",
                                                "Parent Relationship": "Inner",
                                                "Parallel Aware": true,
                                                "Startup Cost": 69220.19,
                                                "Total Cost": 69220.19,
                                                "Plan Rows": 153345,
                                                "Plan Width": 4,
                                                "Actual Startup Time": 189.229,
                                                "Actual Total Time": 189.23,
                                                "Actual Rows": 96704,
                                                "Actual Loops": 7,
                                                "Output": [
                                                    "t.id"
                                                ],
                                                "Hash Buckets": 1048576,
                                                "Original Hash Buckets": 1048576,
                                                "Hash Batches": 1,
                                                "Original Hash Batches": 1,
                                                "Peak Memory Usage": 34752,
                                                "Workers": [
                                                    {
                                                        "Worker Number": 0,
                                                        "Actual Startup Time": 189.952,
                                                        "Actual Total Time": 189.953,
                                                        "Actual Rows": 116804,
                                                        "Actual Loops": 1
                                                    },
                                                    {
                                                        "Worker Number": 1,
                                                        "Actual Startup Time": 190.012,
                                                        "Actual Total Time": 190.013,
                                                        "Actual Rows": 85829,
                                                        "Actual Loops": 1
                                                    },
                                                    {
                                                        "Worker Number": 2,
                                                        "Actual Startup Time": 189.96,
                                                        "Actual Total Time": 189.962,
                                                        "Actual Rows": 79140,
                                                        "Actual Loops": 1
                                                    },
                                                    {
                                                        "Worker Number": 3,
                                                        "Actual Startup Time": 189.996,
                                                        "Actual Total Time": 189.998,
                                                        "Actual Rows": 84588,
                                                        "Actual Loops": 1
                                                    },
                                                    {
                                                        "Worker Number": 4,
                                                        "Actual Startup Time": 189.981,
                                                        "Actual Total Time": 189.983,
                                                        "Actual Rows": 76554,
                                                        "Actual Loops": 1
                                                    },
                                                    {
                                                        "Worker Number": 5,
                                                        "Actual Startup Time": 189.846,
                                                        "Actual Total Time": 189.848,
                                                        "Actual Rows": 84371,
                                                        "Actual Loops": 1
                                                    }
                                                ],
                                                "Plans": [
                                                    {
                                                        "Node Type": "Bitmap Heap Scan",
                                                        "Parent Relationship": "Outer",
                                                        "Parallel Aware": true,
                                                        "Relation Name": "title",
                                                        "Schema": "public",
                                                        "Alias": "t",
                                                        "Startup Cost": 27474.05,
                                                        "Total Cost": 69220.19,
                                                        "Plan Rows": 153345,
                                                        "Plan Width": 4,
                                                        "Actual Startup Time": 52.521,
                                                        "Actual Total Time": 137.377,
                                                        "Actual Rows": 96704,
                                                        "Actual Loops": 7,
                                                        "Output": [
                                                            "t.id"
                                                        ],
                                                        "Recheck Cond": "(t.kind_id = 7)",
                                                        "Rows Removed by Index Recheck": 0,
                                                        "Filter": "(t.production_year > 2005)",
                                                        "Rows Removed by Filter": 123762,
                                                        "Exact Heap Blocks": 5406,
                                                        "Lossy Heap Blocks": 0,
                                                        "Workers": [
                                                            {
                                                                "Worker Number": 0,
                                                                "Actual Startup Time": 52.472,
                                                                "Actual Total Time": 137.122,
                                                                "Actual Rows": 116804,
                                                                "Actual Loops": 1
                                                            },
                                                            {
                                                                "Worker Number": 1,
                                                                "Actual Startup Time": 52.656,
                                                                "Actual Total Time": 137.991,
                                                                "Actual Rows": 85829,
                                                                "Actual Loops": 1
                                                            },
                                                            {
                                                                "Worker Number": 2,
                                                                "Actual Startup Time": 52.569,
                                                                "Actual Total Time": 137.684,
                                                                "Actual Rows": 79140,
                                                                "Actual Loops": 1
                                                            },
                                                            {
                                                                "Worker Number": 3,
                                                                "Actual Startup Time": 52.469,
                                                                "Actual Total Time": 136.949,
                                                                "Actual Rows": 84588,
                                                                "Actual Loops": 1
                                                            },
                                                            {
                                                                "Worker Number": 4,
                                                                "Actual Startup Time": 52.479,
                                                                "Actual Total Time": 136.885,
                                                                "Actual Rows": 76554,
                                                                "Actual Loops": 1
                                                            },
                                                            {
                                                                "Worker Number": 5,
                                                                "Actual Startup Time": 52.805,
                                                                "Actual Total Time": 138.082,
                                                                "Actual Rows": 84371,
                                                                "Actual Loops": 1
                                                            }
                                                        ],
                                                        "Plans": [
                                                            {
                                                                "Node Type": "Bitmap Index Scan",
                                                                "Parent Relationship": "Outer",
                                                                "Parallel Aware": false,
                                                                "Index Name": "kind_id_title",
                                                                "Startup Cost": 0.0,
                                                                "Total Cost": 27320.71,
                                                                "Plan Rows": 1532837,
                                                                "Plan Width": 0,
                                                                "Actual Startup Time": 48.463,
                                                                "Actual Total Time": 48.463,
                                                                "Actual Rows": 1543264,
                                                                "Actual Loops": 1,
                                                                "Index Cond": "(t.kind_id = 7)"
                                                            }
                                                        ]
                                                    }
                                                ]
                                            }
                                        ]
                                    },
                                    {
                                        "Node Type": "Hash",
                                        "Parent Relationship": "Inner",
                                        "Parallel Aware": true,
                                        "Startup Cost": 18620.32,
                                        "Total Cost": 18620.32,
                                        "Plan Rows": 191154,
                                        "Plan Width": 4,
                                        "Actual Startup Time": 94.181,
                                        "Actual Total Time": 94.182,
                                        "Actual Rows": 65704,
                                        "Actual Loops": 7,
                                        "Output": [
                                            "mi_idx.movie_id"
                                        ],
                                        "Hash Buckets": 524288,
                                        "Original Hash Buckets": 524288,
                                        "Hash Batches": 1,
                                        "Original Hash Batches": 1,
                                        "Peak Memory Usage": 22240,
                                        "Workers": [
                                            {
                                                "Worker Number": 0,
                                                "Actual Startup Time": 93.249,
                                                "Actual Total Time": 93.25,
                                                "Actual Rows": 65573,
                                                "Actual Loops": 1
                                            },
                                            {
                                                "Worker Number": 1,
                                                "Actual Startup Time": 93.467,
                                                "Actual Total Time": 93.468,
                                                "Actual Rows": 57511,
                                                "Actual Loops": 1
                                            },
                                            {
                                                "Worker Number": 2,
                                                "Actual Startup Time": 93.083,
                                                "Actual Total Time": 93.083,
                                                "Actual Rows": 53456,
                                                "Actual Loops": 1
                                            },
                                            {
                                                "Worker Number": 3,
                                                "Actual Startup Time": 93.806,
                                                "Actual Total Time": 93.807,
                                                "Actual Rows": 56635,
                                                "Actual Loops": 1
                                            },
                                            {
                                                "Worker Number": 4,
                                                "Actual Startup Time": 94.191,
                                                "Actual Total Time": 94.192,
                                                "Actual Rows": 52470,
                                                "Actual Loops": 1
                                            },
                                            {
                                                "Worker Number": 5,
                                                "Actual Startup Time": 95.011,
                                                "Actual Total Time": 95.012,
                                                "Actual Rows": 57967,
                                                "Actual Loops": 1
                                            }
                                        ],
                                        "Plans": [
                                            {
                                                "Node Type": "Bitmap Heap Scan",
                                                "Parent Relationship": "Outer",
                                                "Parallel Aware": true,
                                                "Relation Name": "movie_info_idx",
                                                "Schema": "public",
                                                "Alias": "mi_idx",
                                                "Startup Cost": 8295.89,
                                                "Total Cost": 18620.32,
                                                "Plan Rows": 191154,
                                                "Plan Width": 4,
                                                "Actual Startup Time": 27.502,
                                                "Actual Total Time": 63.074,
                                                "Actual Rows": 65704,
                                                "Actual Loops": 7,
                                                "Output": [
                                                    "mi_idx.movie_id"
                                                ],
                                                "Recheck Cond": "(mi_idx.info_type_id = 99)",
                                                "Rows Removed by Index Recheck": 0,
                                                "Exact Heap Blocks": 2007,
                                                "Lossy Heap Blocks": 0,
                                                "Workers": [
                                                    {
                                                        "Worker Number": 0,
                                                        "Actual Startup Time": 26.736,
                                                        "Actual Total Time": 62.622,
                                                        "Actual Rows": 65573,
                                                        "Actual Loops": 1
                                                    },
                                                    {
                                                        "Worker Number": 1,
                                                        "Actual Startup Time": 26.87,
                                                        "Actual Total Time": 62.484,
                                                        "Actual Rows": 57511,
                                                        "Actual Loops": 1
                                                    },
                                                    {
                                                        "Worker Number": 2,
                                                        "Actual Startup Time": 26.596,
                                                        "Actual Total Time": 62.049,
                                                        "Actual Rows": 53456,
                                                        "Actual Loops": 1
                                                    },
                                                    {
                                                        "Worker Number": 3,
                                                        "Actual Startup Time": 27.156,
                                                        "Actual Total Time": 62.825,
                                                        "Actual Rows": 56635,
                                                        "Actual Loops": 1
                                                    },
                                                    {
                                                        "Worker Number": 4,
                                                        "Actual Startup Time": 27.432,
                                                        "Actual Total Time": 63.106,
                                                        "Actual Rows": 52470,
                                                        "Actual Loops": 1
                                                    },
                                                    {
                                                        "Worker Number": 5,
                                                        "Actual Startup Time": 28.157,
                                                        "Actual Total Time": 64.228,
                                                        "Actual Rows": 57967,
                                                        "Actual Loops": 1
                                                    }
                                                ],
                                                "Plans": [
                                                    {
                                                        "Node Type": "Bitmap Index Scan",
                                                        "Parent Relationship": "Outer",
                                                        "Parallel Aware": false,
                                                        "Index Name": "info_type_id_movie_info_idx",
                                                        "Startup Cost": 0.0,
                                                        "Total Cost": 8181.2,
                                                        "Plan Rows": 458770,
                                                        "Plan Width": 0,
                                                        "Actual Startup Time": 28.435,
                                                        "Actual Total Time": 28.435,
                                                        "Actual Rows": 459925,
                                                        "Actual Loops": 1,
                                                        "Index Cond": "(mi_idx.info_type_id = 99)"
                                                    }
                                                ]
                                            }
                                        ]
                                    }
                                ]
                            }
                        ]
                    }
                ]
            }
        ]
    },
    "Planning Time": 3.974,
    "Triggers": [],
    "Execution Time": 914.521
}