[
  {
    "Plan": {
      "Node Type": "Aggregate",
      "Strategy": "Plain",
      "Partial Mode": "Finalize",
      "Parallel Aware": false,
      "Startup Cost": 33742.32,
      "Total Cost": 33742.33,
      "Plan Rows": 1,
      "Plan Width": 8,
      "Actual Startup Time": 18.637,
      "Actual Total Time": 21.959,
      "Actual Rows": 1,
      "Actual Loops": 1,
      "Plans": [
        {
          "Node Type": "Gather",
          "Parent Relationship": "Outer",
          "Parallel Aware": false,
          "Startup Cost": 33742.11,
          "Total Cost": 33742.32,
          "Plan Rows": 2,
          "Plan Width": 8,
          "Actual Startup Time": 18.519,
          "Actual Total Time": 21.954,
          "Actual Rows": 3,
          "Actual Loops": 1,
          "Workers Planned": 2,
          "Workers Launched": 2,
          "Single Copy": false,
          "Plans": [
            {
              "Node Type": "Aggregate",
              "Strategy": "Plain",
              "Partial Mode": "Partial",
              "Parent Relationship": "Outer",
              "Parallel Aware": false,
              "Startup Cost": 32742.11,
              "Total Cost": 32742.12,
              "Plan Rows": 1,
              "Plan Width": 8,
              "Actual Startup Time": 16.097,
              "Actual Total Time": 16.098,
              "Actual Rows": 1,
              "Actual Loops": 3,
              "Plans": [
                {
                  "Node Type": "Nested Loop",
                  "Parent Relationship": "Outer",
                  "Parallel Aware": false,
                  "Join Type": "Inner",
                  "Startup Cost": 227.8,
                  "Total Cost": 32736.61,
                  "Plan Rows": 2199,
                  "Plan Width": 0,
                  "Actual Startup Time": 0.727,
                  "Actual Total Time": 15.852,
                  "Actual Rows": 2752,
                  "Actual Loops": 3,
                  "Inner Unique": true,
                  "Plans": [
                    {
                      "Node Type": "Bitmap Heap Scan",
                      "Parent Relationship": "Outer",
                      "Parallel Aware": true,
                      "Relation Name": "movie_companies",
                      "Alias": "mc",
                      "Startup Cost": 227.37,
                      "Total Cost": 16754.18,
                      "Plan Rows": 2199,
                      "Plan Width": 4,
                      "Actual Startup Time": 0.676,
                      "Actual Total Time": 2.253,
                      "Actual Rows": 2752,
                      "Actual Loops": 3,
                      "Recheck Cond": "(company_id = 11)",
                      "Rows Removed by Index Recheck": 0,
                      "Filter": "(company_type_id > 1)",
                      "Rows Removed by Filter": 804,
                      "Exact Heap Blocks": 956,
                      "Lossy Heap Blocks": 0,
                      "Plans": [
                        {
                          "Node Type": "Bitmap Index Scan",
                          "Parent Relationship": "Outer",
                          "Parallel Aware": false,
                          "Index Name": "company_id_movie_companies",
                          "Startup Cost": 0.0,
                          "Total Cost": 226.06,
                          "Plan Rows": 10350,
                          "Plan Width": 0,
                          "Actual Startup Time": 0.876,
                          "Actual Total Time": 0.876,
                          "Actual Rows": 10667,
                          "Actual Loops": 1,
                          "Index Cond": "(company_id = 11)"
                        }
                      ]
                    },
                    {
                      "Node Type": "Index Only Scan",
                      "Parent Relationship": "Inner",
                      "Parallel Aware": false,
                      "Scan Direction": "Forward",
                      "Index Name": "title_pkey",
                      "Relation Name": "title",
                      "Alias": "t",
                      "Startup Cost": 0.43,
                      "Total Cost": 7.27,
                      "Plan Rows": 1,
                      "Plan Width": 4,
                      "Actual Startup Time": 0.005,
                      "Actual Total Time": 0.005,
                      "Actual Rows": 1,
                      "Actual Loops": 8256,
                      "Index Cond": "(id = mc.movie_id)",
                      "Rows Removed by Index Recheck": 0,
                      "Heap Fetches": 8256
                    }
                  ]
                }
              ]
            }
          ]
        }
      ]
    },
    "Planning Time": 0.249,
    "Triggers": [],
    "Execution Time": 21.994
  }
]