[
  {
    "Plan": {
      "Node Type": "Aggregate",
      "Strategy": "Plain",
      "Partial Mode": "Finalize",
      "Parallel Aware": false,
      "Startup Cost": 59417.55,
      "Total Cost": 59417.56,
      "Plan Rows": 1,
      "Plan Width": 8,
      "Actual Startup Time": 96.376,
      "Actual Total Time": 108.567,
      "Actual Rows": 1,
      "Actual Loops": 1,
      "Plans": [
        {
          "Node Type": "Gather",
          "Parent Relationship": "Outer",
          "Parallel Aware": false,
          "Startup Cost": 59417.13,
          "Total Cost": 59417.54,
          "Plan Rows": 4,
          "Plan Width": 8,
          "Actual Startup Time": 96.208,
          "Actual Total Time": 108.555,
          "Actual Rows": 5,
          "Actual Loops": 1,
          "Workers Planned": 4,
          "Workers Launched": 4,
          "Single Copy": false,
          "Plans": [
            {
              "Node Type": "Aggregate",
              "Strategy": "Plain",
              "Partial Mode": "Partial",
              "Parent Relationship": "Outer",
              "Parallel Aware": false,
              "Startup Cost": 58417.13,
              "Total Cost": 58417.14,
              "Plan Rows": 1,
              "Plan Width": 8,
              "Actual Startup Time": 89.018,
              "Actual Total Time": 89.02,
              "Actual Rows": 1,
              "Actual Loops": 5,
              "Plans": [
                {
                  "Node Type": "Nested Loop",
                  "Parent Relationship": "Outer",
                  "Parallel Aware": false,
                  "Join Type": "Inner",
                  "Startup Cost": 0.43,
                  "Total Cost": 58413.73,
                  "Plan Rows": 1360,
                  "Plan Width": 0,
                  "Actual Startup Time": 0.747,
                  "Actual Total Time": 88.931,
                  "Actual Rows": 863,
                  "Actual Loops": 5,
                  "Inner Unique": false,
                  "Plans": [
                    {
                      "Node Type": "Seq Scan",
                      "Parent Relationship": "Outer",
                      "Parallel Aware": true,
                      "Relation Name": "title",
                      "Alias": "t",
                      "Startup Cost": 0.0,
                      "Total Cost": 45479.59,
                      "Plan Rows": 2491,
                      "Plan Width": 4,
                      "Actual Startup Time": 0.111,
                      "Actual Total Time": 77.515,
                      "Actual Rows": 2028,
                      "Actual Loops": 5,
                      "Filter": "((kind_id > 1) AND (production_year = 1973))",
                      "Rows Removed by Filter": 503634
                    },
                    {
                      "Node Type": "Index Only Scan",
                      "Parent Relationship": "Inner",
                      "Parallel Aware": false,
                      "Scan Direction": "Forward",
                      "Index Name": "movie_id_movie_info_idx",
                      "Relation Name": "movie_info_idx",
                      "Alias": "mi_idx",
                      "Startup Cost": 0.43,
                      "Total Cost": 5.16,
                      "Plan Rows": 3,
                      "Plan Width": 4,
                      "Actual Startup Time": 0.005,
                      "Actual Total Time": 0.005,
                      "Actual Rows": 0,
                      "Actual Loops": 10142,
                      "Index Cond": "(movie_id = t.id)",
                      "Rows Removed by Index Recheck": 0,
                      "Heap Fetches": 4317
                    }
                  ]
                }
              ]
            }
          ]
        }
      ]
    },
    "Planning Time": 0.186,
    "Triggers": [],
    "Execution Time": 108.601
  }
]