{
  "Plan": {
    "Node Type": "Aggregate",
    "Strategy": "Plain",
    "Partial Mode": "Finalize",
    "Parallel Aware": false,
    "Startup Cost": 104380.71,
    "Total Cost": 104380.72,
    "Plan Rows": 1,
    "Plan Width": 8,
    "Actual Startup Time": 554.049,
    "Actual Total Time": 569.683,
    "Actual Rows": 1,
    "Actual Loops": 1,
    "Plans": [
      {
        "Node Type": "Gather",
        "Parent Relationship": "Outer",
        "Parallel Aware": false,
        "Startup Cost": 104380.6,
        "Total Cost": 104380.71,
        "Plan Rows": 1,
        "Plan Width": 8,
        "Actual Startup Time": 552.929,
        "Actual Total Time": 569.676,
        "Actual Rows": 2,
        "Actual Loops": 1,
        "Workers Planned": 1,
        "Workers Launched": 1,
        "Single Copy": false,
        "Plans": [
          {
            "Node Type": "Aggregate",
            "Strategy": "Plain",
            "Partial Mode": "Partial",
            "Parent Relationship": "Outer",
            "Parallel Aware": false,
            "Startup Cost": 103380.6,
            "Total Cost": 103380.61,
            "Plan Rows": 1,
            "Plan Width": 8,
            "Actual Startup Time": 546.671,
            "Actual Total Time": 546.675,
            "Actual Rows": 1,
            "Actual Loops": 2,
            "Plans": [
              {
                "Node Type": "Hash Join",
                "Parent Relationship": "Outer",
                "Parallel Aware": true,
                "Join Type": "Inner",
                "Startup Cost": 41586.88,
                "Total Cost": 102894.99,
                "Plan Rows": 194243,
                "Plan Width": 0,
                "Actual Startup Time": 167.618,
                "Actual Total Time": 536.748,
                "Actual Rows": 238390,
                "Actual Loops": 2,
                "Inner Unique": false,
                "Hash Cond": "(t.id = mc.movie_id)",
                "Plans": [
                  {
                    "Node Type": "Seq Scan",
                    "Parent Relationship": "Outer",
                    "Parallel Aware": true,
                    "Relation Name": "title",
                    "Alias": "t",
                    "Startup Cost": 0.0,
                    "Total Cost": 50870.31,
                    "Plan Rows": 1487231,
                    "Plan Width": 4,
                    "Actual Startup Time": 0.009,
                    "Actual Total Time": 114.611,
                    "Actual Rows": 1264156,
                    "Actual Loops": 2
                  },
                  {
                    "Node Type": "Hash",
                    "Parent Relationship": "Inner",
                    "Parallel Aware": true,
                    "Startup Cost": 39158.84,
                    "Total Cost": 39158.84,
                    "Plan Rows": 194243,
                    "Plan Width": 4,
                    "Actual Startup Time": 162.13,
                    "Actual Total Time": 162.131,
                    "Actual Rows": 238390,
                    "Actual Loops": 2,
                    "Hash Buckets": 524288,
                    "Original Hash Buckets": 524288,
                    "Hash Batches": 1,
                    "Original Hash Batches": 1,
                    "Peak Memory Usage": 22784,
                    "Plans": [
                      {
                        "Node Type": "Bitmap Heap Scan",
                        "Parent Relationship": "Outer",
                        "Parallel Aware": true,
                        "Relation Name": "movie_companies",
                        "Alias": "mc",
                        "Startup Cost": 14450.0,
                        "Total Cost": 39158.84,
                        "Plan Rows": 194243,
                        "Plan Width": 4,
                        "Actual Startup Time": 40.661,
                        "Actual Total Time": 114.833,
                        "Actual Rows": 238390,
                        "Actual Loops": 2,
                        "Recheck Cond": "(company_id < 1015)",
                        "Rows Removed by Index Recheck": 0,
                        "Filter": "(company_type_id < 2)",
                        "Rows Removed by Filter": 94426,
                        "Exact Heap Blocks": 11071,
                        "Lossy Heap Blocks": 0,
                        "Plans": [
                          {
                            "Node Type": "Bitmap Index Scan",
                            "Parent Relationship": "Outer",
                            "Parallel Aware": false,
                            "Index Name": "company_id_movie_companies",
                            "Startup Cost": 0.0,
                            "Total Cost": 14367.44,
                            "Plan Rows": 670802,
                            "Plan Width": 0,
                            "Actual Startup Time": 38.36,
                            "Actual Total Time": 38.36,
                            "Actual Rows": 665632,
                            "Actual Loops": 1,
                            "Index Cond": "(company_id < 1015)"
                          }
                        ]
                      }
                    ]
                  }
                ]
              }
            ]
          }
        ]
      }
    ]
  },
  "Planning Time": 0.699,
  "Triggers": [],
  "Execution Time": 569.776
}