{
  "Plan": {
    "Node Type": "Aggregate",
    "Strategy": "Plain",
    "Partial Mode": "Simple",
    "Parallel Aware": false,
    "Startup Cost": 91820.84,
    "Total Cost": 91820.85,
    "Plan Rows": 1,
    "Plan Width": 64,
    "Actual Startup Time": 894.397,
    "Actual Total Time": 930.935,
    "Actual Rows": 1,
    "Actual Loops": 1,
    "Plans": [
      {
        "Node Type": "Gather",
        "Parent Relationship": "Outer",
        "Parallel Aware": false,
        "Startup Cost": 4823.53,
        "Total Cost": 91820.84,
        "Plan Rows": 1,
        "Plan Width": 15,
        "Actual Startup Time": 894.388,
        "Actual Total Time": 930.922,
        "Actual Rows": 0,
        "Actual Loops": 1,
        "Workers Planned": 1,
        "Workers Launched": 1,
        "Single Copy": false,
        "Plans": [
          {
            "Node Type": "Hash Join",
            "Parent Relationship": "Outer",
            "Parallel Aware": false,
            "Join Type": "Inner",
            "Startup Cost": 3823.53,
            "Total Cost": 90820.74,
            "Plan Rows": 1,
            "Plan Width": 15,
            "Actual Startup Time": 692.36,
            "Actual Total Time": 692.375,
            "Actual Rows": 0,
            "Actual Loops": 2,
            "Inner Unique": false,
            "Hash Cond": "(n.id = ci.person_id)",
            "Plans": [
              {
                "Node Type": "Seq Scan",
                "Parent Relationship": "Outer",
                "Parallel Aware": true,
                "Relation Name": "name",
                "Alias": "n",
                "Startup Cost": 0.0,
                "Total Cost": 86254.38,
                "Plan Rows": 198086,
                "Plan Width": 19,
                "Actual Startup Time": 9.578,
                "Actual Total Time": 9.58,
                "Actual Rows": 1,
                "Actual Loops": 2,
                "Filter": "(name ~~ 'B%'::text)",
                "Rows Removed by Filter": 36310
              },
              {
                "Node Type": "Hash",
                "Parent Relationship": "Inner",
                "Parallel Aware": false,
                "Startup Cost": 3823.35,
                "Total Cost": 3823.35,
                "Plan Rows": 14,
                "Plan Width": 4,
                "Actual Startup Time": 682.568,
                "Actual Total Time": 682.579,
                "Actual Rows": 0,
                "Actual Loops": 2,
                "Hash Buckets": 1024,
                "Original Hash Buckets": 1024,
                "Hash Batches": 1,
                "Original Hash Batches": 1,
                "Peak Memory Usage": 8,
                "Plans": [
                  {
                    "Node Type": "Nested Loop",
                    "Parent Relationship": "Outer",
                    "Parallel Aware": false,
                    "Join Type": "Inner",
                    "Startup Cost": 12.66,
                    "Total Cost": 3823.35,
                    "Plan Rows": 14,
                    "Plan Width": 4,
                    "Actual Startup Time": 682.566,
                    "Actual Total Time": 682.576,
                    "Actual Rows": 0,
                    "Actual Loops": 2,
                    "Inner Unique": false,
                    "Join Filter": "(t.id = ci.movie_id)",
                    "Rows Removed by Join Filter": 0,
                    "Plans": [
                      {
                        "Node Type": "Nested Loop",
                        "Parent Relationship": "Outer",
                        "Parallel Aware": false,
                        "Join Type": "Inner",
                        "Startup Cost": 12.1,
                        "Total Cost": 3821.43,
                        "Plan Rows": 1,
                        "Plan Width": 12,
                        "Actual Startup Time": 682.565,
                        "Actual Total Time": 682.573,
                        "Actual Rows": 0,
                        "Actual Loops": 2,
                        "Inner Unique": true,
                        "Plans": [
                          {
                            "Node Type": "Nested Loop",
                            "Parent Relationship": "Outer",
                            "Parallel Aware": false,
                            "Join Type": "Inner",
                            "Startup Cost": 11.68,
                            "Total Cost": 3805.82,
                            "Plan Rows": 35,
                            "Plan Width": 16,
                            "Actual Startup Time": 10.855,
                            "Actual Total Time": 364.289,
                            "Actual Rows": 148552,
                            "Actual Loops": 2,
                            "Inner Unique": false,
                            "Join Filter": "(t.id = mc.movie_id)",
                            "Rows Removed by Join Filter": 0,
                            "Plans": [
                              {
                                "Node Type": "Nested Loop",
                                "Parent Relationship": "Outer",
                                "Parallel Aware": false,
                                "Join Type": "Inner",
                                "Startup Cost": 11.25,
                                "Total Cost": 3785.25,
                                "Plan Rows": 34,
                                "Plan Width": 8,
                                "Actual Startup Time": 10.752,
                                "Actual Total Time": 192.158,
                                "Actual Rows": 41840,
                                "Actual Loops": 2,
                                "Inner Unique": true,
                                "Plans": [
                                  {
                                    "Node Type": "Nested Loop",
                                    "Parent Relationship": "Outer",
                                    "Parallel Aware": false,
                                    "Join Type": "Inner",
                                    "Startup Cost": 10.82,
                                    "Total Cost": 3768.68,
                                    "Plan Rows": 34,
                                    "Plan Width": 4,
                                    "Actual Startup Time": 10.685,
                                    "Actual Total Time": 54.649,
                                    "Actual Rows": 41840,
                                    "Actual Loops": 2,
                                    "Inner Unique": false,
                                    "Plans": [
                                      {
                                        "Node Type": "Seq Scan",
                                        "Parent Relationship": "Outer",
                                        "Parallel Aware": false,
                                        "Relation Name": "keyword",
                                        "Alias": "k",
                                        "Startup Cost": 0.0,
                                        "Total Cost": 2626.12,
                                        "Plan Rows": 1,
                                        "Plan Width": 4,
                                        "Actual Startup Time": 1.211,
                                        "Actual Total Time": 11.338,
                                        "Actual Rows": 1,
                                        "Actual Loops": 2,
                                        "Filter": "(keyword = 'character-name-in-title'::text)",
                                        "Rows Removed by Filter": 134169
                                      },
                                      {
                                        "Node Type": "Bitmap Heap Scan",
                                        "Parent Relationship": "Inner",
                                        "Parallel Aware": false,
                                        "Relation Name": "movie_keyword",
                                        "Alias": "mk",
                                        "Startup Cost": 10.82,
                                        "Total Cost": 1139.48,
                                        "Plan Rows": 308,
                                        "Plan Width": 8,
                                        "Actual Startup Time": 9.463,
                                        "Actual Total Time": 38.037,
                                        "Actual Rows": 41840,
                                        "Actual Loops": 2,
                                        "Recheck Cond": "(keyword_id = k.id)",
                                        "Rows Removed by Index Recheck": 0,
                                        "Exact Heap Blocks": 11541,
                                        "Lossy Heap Blocks": 0,
                                        "Plans": [
                                          {
                                            "Node Type": "Bitmap Index Scan",
                                            "Parent Relationship": "Outer",
                                            "Parallel Aware": false,
                                            "Index Name": "keyword_id_movie_keyword",
                                            "Startup Cost": 0.0,
                                            "Total Cost": 10.74,
                                            "Plan Rows": 308,
                                            "Plan Width": 0,
                                            "Actual Startup Time": 6.476,
                                            "Actual Total Time": 6.476,
                                            "Actual Rows": 41840,
                                            "Actual Loops": 2,
                                            "Index Cond": "(keyword_id = k.id)"
                                          }
                                        ]
                                      }
                                    ]
                                  },
                                  {
                                    "Node Type": "Index Only Scan",
                                    "Parent Relationship": "Inner",
                                    "Parallel Aware": false,
                                    "Scan Direction": "Forward",
                                    "Index Name": "title_pkey",
                                    "Relation Name": "title",
                                    "Alias": "t",
                                    "Startup Cost": 0.43,
                                    "Total Cost": 0.49,
                                    "Plan Rows": 1,
                                    "Plan Width": 4,
                                    "Actual Startup Time": 0.003,
                                    "Actual Total Time": 0.003,
                                    "Actual Rows": 1,
                                    "Actual Loops": 83680,
                                    "Index Cond": "(id = mk.movie_id)",
                                    "Rows Removed by Index Recheck": 0,
                                    "Heap Fetches": 83680
                                  }
                                ]
                              },
                              {
                                "Node Type": "Index Scan",
                                "Parent Relationship": "Inner",
                                "Parallel Aware": false,
                                "Scan Direction": "Forward",
                                "Index Name": "movie_id_movie_companies",
                                "Relation Name": "movie_companies",
                                "Alias": "mc",
                                "Startup Cost": 0.43,
                                "Total Cost": 0.54,
                                "Plan Rows": 5,
                                "Plan Width": 8,
                                "Actual Startup Time": 0.002,
                                "Actual Total Time": 0.003,
                                "Actual Rows": 4,
                                "Actual Loops": 83680,
                                "Index Cond": "(movie_id = mk.movie_id)",
                                "Rows Removed by Index Recheck": 0
                              }
                            ]
                          },
                          {
                            "Node Type": "Index Scan",
                            "Parent Relationship": "Inner",
                            "Parallel Aware": false,
                            "Scan Direction": "Forward",
                            "Index Name": "company_name_pkey",
                            "Relation Name": "company_name",
                            "Alias": "cn",
                            "Startup Cost": 0.42,
                            "Total Cost": 0.45,
                            "Plan Rows": 1,
                            "Plan Width": 4,
                            "Actual Startup Time": 0.002,
                            "Actual Total Time": 0.002,
                            "Actual Rows": 0,
                            "Actual Loops": 297104,
                            "Index Cond": "(id = mc.company_id)",
                            "Rows Removed by Index Recheck": 0,
                            "Filter": "((country_code)::text = '[sm]'::text)",
                            "Rows Removed by Filter": 1
                          }
                        ]
                      },
                      {
                        "Node Type": "Index Scan",
                        "Parent Relationship": "Inner",
                        "Parallel Aware": false,
                        "Scan Direction": "Forward",
                        "Index Name": "movie_id_cast_info",
                        "Relation Name": "cast_info",
                        "Alias": "ci",
                        "Startup Cost": 0.56,
                        "Total Cost": 1.5,
                        "Plan Rows": 34,
                        "Plan Width": 8,
                        "Actual Startup Time": 0.0,
                        "Actual Total Time": 0.0,
                        "Actual Rows": 0,
                        "Actual Loops": 0,
                        "Index Cond": "(movie_id = mk.movie_id)",
                        "Rows Removed by Index Recheck": 0
                      }
                    ]
                  }
                ]
              }
            ]
          }
        ]
      }
    ]
  },
  "Planning Time": 1.903,
  "Triggers": [],
  "Execution Time": 931.119
}