[
  {
    "Plan": {
      "Node Type": "Aggregate",
      "Strategy": "Plain",
      "Partial Mode": "Finalize",
      "Parallel Aware": false,
      "Startup Cost": 330709.92,
      "Total Cost": 330709.93,
      "Plan Rows": 1,
      "Plan Width": 8,
      "Actual Startup Time": 564.406,
      "Actual Total Time": 609.496,
      "Actual Rows": 1,
      "Actual Loops": 1,
      "Plans": [
        {
          "Node Type": "Gather",
          "Parent Relationship": "Outer",
          "Parallel Aware": false,
          "Startup Cost": 330709.29,
          "Total Cost": 330709.9,
          "Plan Rows": 6,
          "Plan Width": 8,
          "Actual Startup Time": 564.225,
          "Actual Total Time": 609.482,
          "Actual Rows": 7,
          "Actual Loops": 1,
          "Workers Planned": 6,
          "Workers Launched": 6,
          "Single Copy": false,
          "Plans": [
            {
              "Node Type": "Aggregate",
              "Strategy": "Plain",
              "Partial Mode": "Partial",
              "Parent Relationship": "Outer",
              "Parallel Aware": false,
              "Startup Cost": 329709.29,
              "Total Cost": 329709.3,
              "Plan Rows": 1,
              "Plan Width": 8,
              "Actual Startup Time": 556.359,
              "Actual Total Time": 556.361,
              "Actual Rows": 1,
              "Actual Loops": 7,
              "Plans": [
                {
                  "Node Type": "Seq Scan",
                  "Parent Relationship": "Outer",
                  "Parallel Aware": true,
                  "Relation Name": "cast_info",
                  "Alias": "ci",
                  "Startup Cost": 0.0,
                  "Total Cost": 328211.39,
                  "Plan Rows": 599160,
                  "Plan Width": 0,
                  "Actual Startup Time": 0.049,
                  "Actual Total Time": 528.981,
                  "Actual Rows": 532092,
                  "Actual Loops": 7,
                  "Filter": "(person_id < 356980)",
                  "Rows Removed by Filter": 4645671
                }
              ]
            }
          ]
        }
      ]
    },
    "Planning Time": 0.08,
    "Triggers": [],
    "Execution Time": 609.539
  }
]