[
  {
    "Plan": {
      "Node Type": "Aggregate",
      "Strategy": "Plain",
      "Partial Mode": "Finalize",
      "Parallel Aware": false,
      "Startup Cost": 345153.53,
      "Total Cost": 345153.54,
      "Plan Rows": 1,
      "Plan Width": 8,
      "Actual Startup Time": 605.706,
      "Actual Total Time": 665.278,
      "Actual Rows": 1,
      "Actual Loops": 1,
      "Plans": [
        {
          "Node Type": "Gather",
          "Parent Relationship": "Outer",
          "Parallel Aware": false,
          "Startup Cost": 345152.9,
          "Total Cost": 345153.51,
          "Plan Rows": 6,
          "Plan Width": 8,
          "Actual Startup Time": 605.567,
          "Actual Total Time": 665.269,
          "Actual Rows": 7,
          "Actual Loops": 1,
          "Workers Planned": 6,
          "Workers Launched": 6,
          "Single Copy": false,
          "Plans": [
            {
              "Node Type": "Aggregate",
              "Strategy": "Plain",
              "Partial Mode": "Partial",
              "Parent Relationship": "Outer",
              "Parallel Aware": false,
              "Startup Cost": 344152.9,
              "Total Cost": 344152.91,
              "Plan Rows": 1,
              "Plan Width": 8,
              "Actual Startup Time": 595.973,
              "Actual Total Time": 595.974,
              "Actual Rows": 1,
              "Actual Loops": 7,
              "Plans": [
                {
                  "Node Type": "Seq Scan",
                  "Parent Relationship": "Outer",
                  "Parallel Aware": true,
                  "Relation Name": "cast_info",
                  "Alias": "ci",
                  "Startup Cost": 0.0,
                  "Total Cost": 343257.03,
                  "Plan Rows": 358350,
                  "Plan Width": 0,
                  "Actual Startup Time": 333.084,
                  "Actual Total Time": 587.744,
                  "Actual Rows": 193415,
                  "Actual Loops": 7,
                  "Filter": "((person_id < 475738) AND (role_id > 2))",
                  "Rows Removed by Filter": 4984349
                }
              ]
            }
          ]
        }
      ]
    },
    "Planning Time": 0.183,
    "Triggers": [],
    "Execution Time": 665.341
  }
]