{
  "Plan": {
    "Node Type": "Aggregate",
    "Strategy": "Plain",
    "Partial Mode": "Finalize",
    "Parallel Aware": false,
    "Startup Cost": 428554.54,
    "Total Cost": 428554.55,
    "Plan Rows": 1,
    "Plan Width": 8,
    "Actual Startup Time": 2063.935,
    "Actual Total Time": 2119.613,
    "Actual Rows": 1,
    "Actual Loops": 1,
    "Plans": [
      {
        "Node Type": "Gather",
        "Parent Relationship": "Outer",
        "Parallel Aware": false,
        "Startup Cost": 428554.43,
        "Total Cost": 428554.54,
        "Plan Rows": 1,
        "Plan Width": 8,
        "Actual Startup Time": 2060.128,
        "Actual Total Time": 2119.605,
        "Actual Rows": 2,
        "Actual Loops": 1,
        "Workers Planned": 1,
        "Workers Launched": 1,
        "Single Copy": false,
        "Plans": [
          {
            "Node Type": "Aggregate",
            "Strategy": "Plain",
            "Partial Mode": "Partial",
            "Parent Relationship": "Outer",
            "Parallel Aware": false,
            "Startup Cost": 427554.43,
            "Total Cost": 427554.44,
            "Plan Rows": 1,
            "Plan Width": 8,
            "Actual Startup Time": 2053.578,
            "Actual Total Time": 2053.584,
            "Actual Rows": 1,
            "Actual Loops": 2,
            "Plans": [
              {
                "Node Type": "Hash Join",
                "Parent Relationship": "Outer",
                "Parallel Aware": true,
                "Join Type": "Inner",
                "Startup Cost": 127270.86,
                "Total Cost": 421972.23,
                "Plan Rows": 2232881,
                "Plan Width": 0,
                "Actual Startup Time": 639.717,
                "Actual Total Time": 2018.372,
                "Actual Rows": 878881,
                "Actual Loops": 2,
                "Inner Unique": false,
                "Hash Cond": "(mi.movie_id = t.id)",
                "Plans": [
                  {
                    "Node Type": "Seq Scan",
                    "Parent Relationship": "Outer",
                    "Parallel Aware": true,
                    "Relation Name": "movie_info",
                    "Alias": "mi",
                    "Startup Cost": 0.0,
                    "Total Cost": 248955.74,
                    "Plan Rows": 8696274,
                    "Plan Width": 4,
                    "Actual Startup Time": 0.017,
                    "Actual Total Time": 608.99,
                    "Actual Rows": 7417860,
                    "Actual Loops": 2
                  },
                  {
                    "Node Type": "Hash",
                    "Parent Relationship": "Inner",
                    "Parallel Aware": true,
                    "Startup Cost": 122497.54,
                    "Total Cost": 122497.54,
                    "Plan Rows": 381866,
                    "Plan Width": 8,
                    "Actual Startup Time": 630.362,
                    "Actual Total Time": 630.367,
                    "Actual Rows": 88374,
                    "Actual Loops": 2,
                    "Hash Buckets": 1048576,
                    "Original Hash Buckets": 1048576,
                    "Hash Batches": 1,
                    "Original Hash Batches": 1,
                    "Peak Memory Usage": 15168,
                    "Plans": [
                      {
                        "Node Type": "Hash Join",
                        "Parent Relationship": "Outer",
                        "Parallel Aware": true,
                        "Join Type": "Inner",
                        "Startup Cost": 88541.92,
                        "Total Cost": 122497.54,
                        "Plan Rows": 381866,
                        "Plan Width": 8,
                        "Actual Startup Time": 431.573,
                        "Actual Total Time": 609.079,
                        "Actual Rows": 88374,
                        "Actual Loops": 2,
                        "Inner Unique": true,
                        "Hash Cond": "(mk.movie_id = t.id)",
                        "Plans": [
                          {
                            "Node Type": "Bitmap Heap Scan",
                            "Parent Relationship": "Outer",
                            "Parallel Aware": true,
                            "Relation Name": "movie_keyword",
                            "Alias": "mk",
                            "Startup Cost": 22653.05,
                            "Total Cost": 54959.63,
                            "Plan Rows": 628206,
                            "Plan Width": 4,
                            "Actual Startup Time": 68.006,
                            "Actual Total Time": 161.723,
                            "Actual Rows": 532098,
                            "Actual Loops": 2,
                            "Recheck Cond": "(keyword_id > 16501)",
                            "Rows Removed by Index Recheck": 0,
                            "Exact Heap Blocks": 13276,
                            "Lossy Heap Blocks": 0,
                            "Plans": [
                              {
                                "Node Type": "Bitmap Index Scan",
                                "Parent Relationship": "Outer",
                                "Parallel Aware": false,
                                "Index Name": "keyword_id_movie_keyword",
                                "Startup Cost": 0.0,
                                "Total Cost": 22386.06,
                                "Plan Rows": 1067951,
                                "Plan Width": 0,
                                "Actual Startup Time": 64.34,
                                "Actual Total Time": 64.341,
                                "Actual Rows": 1064196,
                                "Actual Loops": 1,
                                "Index Cond": "(keyword_id > 16501)"
                              }
                            ]
                          },
                          {
                            "Node Type": "Hash",
                            "Parent Relationship": "Inner",
                            "Parallel Aware": true,
                            "Startup Cost": 54588.39,
                            "Total Cost": 54588.39,
                            "Plan Rows": 904038,
                            "Plan Width": 4,
                            "Actual Startup Time": 354.369,
                            "Actual Total Time": 354.37,
                            "Actual Rows": 771632,
                            "Actual Loops": 2,
                            "Hash Buckets": 2097152,
                            "Original Hash Buckets": 2097152,
                            "Hash Batches": 1,
                            "Original Hash Batches": 1,
                            "Peak Memory Usage": 76800,
                            "Plans": [
                              {
                                "Node Type": "Seq Scan",
                                "Parent Relationship": "Outer",
                                "Parallel Aware": true,
                                "Relation Name": "title",
                                "Alias": "t",
                                "Startup Cost": 0.0,
                                "Total Cost": 54588.39,
                                "Plan Rows": 904038,
                                "Plan Width": 4,
                                "Actual Startup Time": 0.034,
                                "Actual Total Time": 159.203,
                                "Actual Rows": 771632,
                                "Actual Loops": 2,
                                "Filter": "(kind_id = 7)",
                                "Rows Removed by Filter": 492524
                              }
                            ]
                          }
                        ]
                      }
                    ]
                  }
                ]
              }
            ]
          }
        ]
      }
    ]
  },
  "Planning Time": 0.997,
  "Triggers": [],
  "Execution Time": 2119.727
}