{
    "Plan": {
        "Node Type": "Aggregate",
        "Strategy": "Plain",
        "Partial Mode": "Finalize",
        "Parallel Aware": false,
        "Startup Cost": 247009.52,
        "Total Cost": 247009.53,
        "Plan Rows": 1,
        "Plan Width": 8,
        "Actual Startup Time": 428.35,
        "Actual Total Time": 470.672,
        "Actual Rows": 1,
        "Actual Loops": 1,
        "Output": [
            "count(*)"
        ],
        "Plans": [
            {
                "Node Type": "Gather",
                "Parent Relationship": "Outer",
                "Parallel Aware": false,
                "Startup Cost": 247009.0,
                "Total Cost": 247009.51,
                "Plan Rows": 5,
                "Plan Width": 8,
                "Actual Startup Time": 427.279,
                "Actual Total Time": 470.661,
                "Actual Rows": 6,
                "Actual Loops": 1,
                "Output": [
                    "(PARTIAL count(*))"
                ],
                "Workers Planned": 5,
                "Workers Launched": 5,
                "Single Copy": false,
                "Plans": [
                    {
                        "Node Type": "Aggregate",
                        "Strategy": "Plain",
                        "Partial Mode": "Partial",
                        "Parent Relationship": "Outer",
                        "Parallel Aware": false,
                        "Startup Cost": 246009.0,
                        "Total Cost": 246009.01,
                        "Plan Rows": 1,
                        "Plan Width": 8,
                        "Actual Startup Time": 416.374,
                        "Actual Total Time": 416.377,
                        "Actual Rows": 1,
                        "Actual Loops": 6,
                        "Output": [
                            "PARTIAL count(*)"
                        ],
                        "Workers": [
                            {
                                "Worker Number": 0,
                                "Actual Startup Time": 415.682,
                                "Actual Total Time": 415.686,
                                "Actual Rows": 1,
                                "Actual Loops": 1
                            },
                            {
                                "Worker Number": 1,
                                "Actual Startup Time": 415.161,
                                "Actual Total Time": 415.164,
                                "Actual Rows": 1,
                                "Actual Loops": 1
                            },
                            {
                                "Worker Number": 2,
                                "Actual Startup Time": 414.696,
                                "Actual Total Time": 414.699,
                                "Actual Rows": 1,
                                "Actual Loops": 1
                            },
                            {
                                "Worker Number": 3,
                                "Actual Startup Time": 414.426,
                                "Actual Total Time": 414.429,
                                "Actual Rows": 1,
                                "Actual Loops": 1
                            },
                            {
                                "Worker Number": 4,
                                "Actual Startup Time": 414.281,
                                "Actual Total Time": 414.284,
                                "Actual Rows": 1,
                                "Actual Loops": 1
                            }
                        ],
                        "Plans": [
                            {
                                "Node Type": "Hash Join",
                                "Parent Relationship": "Outer",
                                "Parallel Aware": true,
                                "Join Type": "Inner",
                                "Startup Cost": 46291.91,
                                "Total Cost": 245934.38,
                                "Plan Rows": 29848,
                                "Plan Width": 0,
                                "Actual Startup Time": 136.254,
                                "Actual Total Time": 415.095,
                                "Actual Rows": 30073,
                                "Actual Loops": 6,
                                "Inner Unique": true,
                                "Hash Cond": "(mi.movie_id = t.id)",
                                "Workers": [
                                    {
                                        "Worker Number": 0,
                                        "Actual Startup Time": 135.745,
                                        "Actual Total Time": 414.548,
                                        "Actual Rows": 29398,
                                        "Actual Loops": 1
                                    },
                                    {
                                        "Worker Number": 1,
                                        "Actual Startup Time": 135.077,
                                        "Actual Total Time": 413.936,
                                        "Actual Rows": 31907,
                                        "Actual Loops": 1
                                    },
                                    {
                                        "Worker Number": 2,
                                        "Actual Startup Time": 134.5,
                                        "Actual Total Time": 413.583,
                                        "Actual Rows": 28856,
                                        "Actual Loops": 1
                                    },
                                    {
                                        "Worker Number": 3,
                                        "Actual Startup Time": 134.444,
                                        "Actual Total Time": 413.198,
                                        "Actual Rows": 31895,
                                        "Actual Loops": 1
                                    },
                                    {
                                        "Worker Number": 4,
                                        "Actual Startup Time": 134.147,
                                        "Actual Total Time": 412.998,
                                        "Actual Rows": 33157,
                                        "Actual Loops": 1
                                    }
                                ],
                                "Plans": [
                                    {
                                        "Node Type": "Seq Scan",
                                        "Parent Relationship": "Outer",
                                        "Parallel Aware": true,
                                        "Relation Name": "movie_info",
                                        "Schema": "public",
                                        "Alias": "mi",
                                        "Startup Cost": 0.0,
                                        "Total Cost": 198880.74,
                                        "Plan Rows": 290184,
                                        "Plan Width": 4,
                                        "Actual Startup Time": 48.216,
                                        "Actual Total Time": 301.812,
                                        "Actual Rows": 233650,
                                        "Actual Loops": 6,
                                        "Output": [
                                            "mi.id",
                                            "mi.movie_id",
                                            "mi.info_type_id",
                                            "mi.info",
                                            "mi.note"
                                        ],
                                        "Filter": "(mi.info_type_id = 7)",
                                        "Rows Removed by Filter": 2238970,
                                        "Workers": [
                                            {
                                                "Worker Number": 0,
                                                "Actual Startup Time": 48.18,
                                                "Actual Total Time": 301.922,
                                                "Actual Rows": 231370,
                                                "Actual Loops": 1
                                            },
                                            {
                                                "Worker Number": 1,
                                                "Actual Startup Time": 48.204,
                                                "Actual Total Time": 302.23,
                                                "Actual Rows": 247273,
                                                "Actual Loops": 1
                                            },
                                            {
                                                "Worker Number": 2,
                                                "Actual Startup Time": 48.206,
                                                "Actual Total Time": 301.96,
                                                "Actual Rows": 232921,
                                                "Actual Loops": 1
                                            },
                                            {
                                                "Worker Number": 3,
                                                "Actual Startup Time": 48.193,
                                                "Actual Total Time": 302.147,
                                                "Actual Rows": 247482,
                                                "Actual Loops": 1
                                            },
                                            {
                                                "Worker Number": 4,
                                                "Actual Startup Time": 48.172,
                                                "Actual Total Time": 302.22,
                                                "Actual Rows": 247519,
                                                "Actual Loops": 1
                                            }
                                        ]
                                    },
                                    {
                                        "Node Type": "Hash",
                                        "Parent Relationship": "Inner",
                                        "Parallel Aware": true,
                                        "Startup Cost": 45479.21,
                                        "Total Cost": 45479.21,
                                        "Plan Rows": 65016,
                                        "Plan Width": 4,
                                        "Actual Startup Time": 86.152,
                                        "Actual Total Time": 86.153,
                                        "Actual Rows": 25644,
                                        "Actual Loops": 6,
                                        "Output": [
                                            "t.id"
                                        ],
                                        "Hash Buckets": 262144,
                                        "Original Hash Buckets": 262144,
                                        "Hash Batches": 1,
                                        "Original Hash Batches": 1,
                                        "Peak Memory Usage": 8192,
                                        "Workers": [
                                            {
                                                "Worker Number": 0,
                                                "Actual Startup Time": 86.47,
                                                "Actual Total Time": 86.471,
                                                "Actual Rows": 24039,
                                                "Actual Loops": 1
                                            },
                                            {
                                                "Worker Number": 1,
                                                "Actual Startup Time": 85.949,
                                                "Actual Total Time": 85.949,
                                                "Actual Rows": 25439,
                                                "Actual Loops": 1
                                            },
                                            {
                                                "Worker Number": 2,
                                                "Actual Startup Time": 85.553,
                                                "Actual Total Time": 85.555,
                                                "Actual Rows": 23894,
                                                "Actual Loops": 1
                                            },
                                            {
                                                "Worker Number": 3,
                                                "Actual Startup Time": 85.224,
                                                "Actual Total Time": 85.225,
                                                "Actual Rows": 24784,
                                                "Actual Loops": 1
                                            },
                                            {
                                                "Worker Number": 4,
                                                "Actual Startup Time": 85.096,
                                                "Actual Total Time": 85.097,
                                                "Actual Rows": 23334,
                                                "Actual Loops": 1
                                            }
                                        ],
                                        "Plans": [
                                            {
                                                "Node Type": "Seq Scan",
                                                "Parent Relationship": "Outer",
                                                "Parallel Aware": true,
                                                "Relation Name": "title",
                                                "Schema": "public",
                                                "Alias": "t",
                                                "Startup Cost": 0.0,
                                                "Total Cost": 45479.21,
                                                "Plan Rows": 65016,
                                                "Plan Width": 4,
                                                "Actual Startup Time": 0.064,
                                                "Actual Total Time": 75.257,
                                                "Actual Rows": 25644,
                                                "Actual Loops": 6,
                                                "Output": [
                                                    "t.id"
                                                ],
                                                "Filter": "((t.production_year < 1974) AND (t.kind_id = 7))",
                                                "Rows Removed by Filter": 395741,
                                                "Workers": [
                                                    {
                                                        "Worker Number": 0,
                                                        "Actual Startup Time": 0.064,
                                                        "Actual Total Time": 75.629,
                                                        "Actual Rows": 24039,
                                                        "Actual Loops": 1
                                                    },
                                                    {
                                                        "Worker Number": 1,
                                                        "Actual Startup Time": 0.076,
                                                        "Actual Total Time": 75.346,
                                                        "Actual Rows": 25439,
                                                        "Actual Loops": 1
                                                    },
                                                    {
                                                        "Worker Number": 2,
                                                        "Actual Startup Time": 0.049,
                                                        "Actual Total Time": 74.986,
                                                        "Actual Rows": 23894,
                                                        "Actual Loops": 1
                                                    },
                                                    {
                                                        "Worker Number": 3,
                                                        "Actual Startup Time": 0.109,
                                                        "Actual Total Time": 75.137,
                                                        "Actual Rows": 24784,
                                                        "Actual Loops": 1
                                                    },
                                                    {
                                                        "Worker Number": 4,
                                                        "Actual Startup Time": 0.063,
                                                        "Actual Total Time": 74.382,
                                                        "Actual Rows": 23334,
                                                        "Actual Loops": 1
                                                    }
                                                ]
                                            }
                                        ]
                                    }
                                ]
                            }
                        ]
                    }
                ]
            }
        ]
    },
    "Planning Time": 0.724,
    "Triggers": [],
    "Execution Time": 470.755
}