[
  {
    "Plan": {
      "Node Type": "Aggregate",
      "Strategy": "Plain",
      "Partial Mode": "Finalize",
      "Parallel Aware": false,
      "Startup Cost": 159224.68,
      "Total Cost": 159224.69,
      "Plan Rows": 1,
      "Plan Width": 8,
      "Actual Startup Time": 206.838,
      "Actual Total Time": 219.4,
      "Actual Rows": 1,
      "Actual Loops": 1,
      "Plans": [
        {
          "Node Type": "Gather",
          "Parent Relationship": "Outer",
          "Parallel Aware": false,
          "Startup Cost": 159224.16,
          "Total Cost": 159224.67,
          "Plan Rows": 5,
          "Plan Width": 8,
          "Actual Startup Time": 206.704,
          "Actual Total Time": 219.39,
          "Actual Rows": 6,
          "Actual Loops": 1,
          "Workers Planned": 5,
          "Workers Launched": 5,
          "Single Copy": false,
          "Plans": [
            {
              "Node Type": "Aggregate",
              "Strategy": "Plain",
              "Partial Mode": "Partial",
              "Parent Relationship": "Outer",
              "Parallel Aware": false,
              "Startup Cost": 158224.16,
              "Total Cost": 158224.17,
              "Plan Rows": 1,
              "Plan Width": 8,
              "Actual Startup Time": 196.624,
              "Actual Total Time": 196.625,
              "Actual Rows": 1,
              "Actual Loops": 6,
              "Plans": [
                {
                  "Node Type": "Index Scan",
                  "Parent Relationship": "Outer",
                  "Parallel Aware": true,
                  "Scan Direction": "Forward",
                  "Index Name": "role_id_cast_info",
                  "Relation Name": "cast_info",
                  "Alias": "ci",
                  "Startup Cost": 0.56,
                  "Total Cost": 156659.89,
                  "Plan Rows": 625709,
                  "Plan Width": 0,
                  "Actual Startup Time": 0.228,
                  "Actual Total Time": 187.461,
                  "Actual Rows": 178844,
                  "Actual Loops": 6,
                  "Index Cond": "(role_id > 8)",
                  "Rows Removed by Index Recheck": 0,
                  "Filter": "(person_id < 1986326)",
                  "Rows Removed by Filter": 776606
                }
              ]
            }
          ]
        }
      ]
    },
    "Planning Time": 0.21,
    "Triggers": [],
    "Execution Time": 219.468
  }
]