{
  "Plan": {
    "Node Type": "Aggregate",
    "Strategy": "Plain",
    "Partial Mode": "Finalize",
    "Parallel Aware": false,
    "Startup Cost": 85759.74,
    "Total Cost": 85759.75,
    "Plan Rows": 1,
    "Plan Width": 8,
    "Actual Startup Time": 172.215,
    "Actual Total Time": 185.766,
    "Actual Rows": 1,
    "Actual Loops": 1,
    "Plans": [
      {
        "Node Type": "Gather",
        "Parent Relationship": "Outer",
        "Parallel Aware": false,
        "Startup Cost": 85759.63,
        "Total Cost": 85759.74,
        "Plan Rows": 1,
        "Plan Width": 8,
        "Actual Startup Time": 172.092,
        "Actual Total Time": 185.758,
        "Actual Rows": 2,
        "Actual Loops": 1,
        "Workers Planned": 1,
        "Workers Launched": 1,
        "Single Copy": false,
        "Plans": [
          {
            "Node Type": "Aggregate",
            "Strategy": "Plain",
            "Partial Mode": "Partial",
            "Parent Relationship": "Outer",
            "Parallel Aware": false,
            "Startup Cost": 84759.63,
            "Total Cost": 84759.64,
            "Plan Rows": 1,
            "Plan Width": 8,
            "Actual Startup Time": 166.341,
            "Actual Total Time": 166.343,
            "Actual Rows": 1,
            "Actual Loops": 2,
            "Plans": [
              {
                "Node Type": "Nested Loop",
                "Parent Relationship": "Outer",
                "Parallel Aware": false,
                "Join Type": "Inner",
                "Startup Cost": 0.43,
                "Total Cost": 84746.7,
                "Plan Rows": 5174,
                "Plan Width": 0,
                "Actual Startup Time": 1.73,
                "Actual Total Time": 165.617,
                "Actual Rows": 15312,
                "Actual Loops": 2,
                "Inner Unique": false,
                "Plans": [
                  {
                    "Node Type": "Seq Scan",
                    "Parent Relationship": "Outer",
                    "Parallel Aware": true,
                    "Relation Name": "title",
                    "Alias": "t",
                    "Startup Cost": 0.0,
                    "Total Cost": 58306.47,
                    "Plan Rows": 2935,
                    "Plan Width": 4,
                    "Actual Startup Time": 1.344,
                    "Actual Total Time": 139.945,
                    "Actual Rows": 3368,
                    "Actual Loops": 2,
                    "Filter": "((kind_id < 7) AND (production_year = 1980))",
                    "Rows Removed by Filter": 1260788
                  },
                  {
                    "Node Type": "Index Scan",
                    "Parent Relationship": "Inner",
                    "Parallel Aware": false,
                    "Scan Direction": "Forward",
                    "Index Name": "movie_id_movie_keyword",
                    "Relation Name": "movie_keyword",
                    "Alias": "mk",
                    "Startup Cost": 0.43,
                    "Total Cost": 8.56,
                    "Plan Rows": 45,
                    "Plan Width": 4,
                    "Actual Startup Time": 0.006,
                    "Actual Total Time": 0.007,
                    "Actual Rows": 5,
                    "Actual Loops": 6735,
                    "Index Cond": "(movie_id = t.id)",
                    "Rows Removed by Index Recheck": 0,
                    "Filter": "(keyword_id > 56)",
                    "Rows Removed by Filter": 0
                  }
                ]
              }
            ]
          }
        ]
      }
    ]
  },
  "Planning Time": 0.577,
  "Triggers": [],
  "Execution Time": 185.839
}