[
  {
    "Plan": {
      "Node Type": "Aggregate",
      "Strategy": "Plain",
      "Partial Mode": "Finalize",
      "Parallel Aware": false,
      "Startup Cost": 39339.4,
      "Total Cost": 39339.41,
      "Plan Rows": 1,
      "Plan Width": 8,
      "Actual Startup Time": 133.792,
      "Actual Total Time": 142.585,
      "Actual Rows": 1,
      "Actual Loops": 1,
      "Plans": [
        {
          "Node Type": "Gather",
          "Parent Relationship": "Outer",
          "Parallel Aware": false,
          "Startup Cost": 39339.08,
          "Total Cost": 39339.39,
          "Plan Rows": 3,
          "Plan Width": 8,
          "Actual Startup Time": 133.473,
          "Actual Total Time": 142.575,
          "Actual Rows": 4,
          "Actual Loops": 1,
          "Workers Planned": 3,
          "Workers Launched": 3,
          "Single Copy": false,
          "Plans": [
            {
              "Node Type": "Aggregate",
              "Strategy": "Plain",
              "Partial Mode": "Partial",
              "Parent Relationship": "Outer",
              "Parallel Aware": false,
              "Startup Cost": 38339.08,
              "Total Cost": 38339.09,
              "Plan Rows": 1,
              "Plan Width": 8,
              "Actual Startup Time": 124.395,
              "Actual Total Time": 124.397,
              "Actual Rows": 1,
              "Actual Loops": 4,
              "Plans": [
                {
                  "Node Type": "Bitmap Heap Scan",
                  "Parent Relationship": "Outer",
                  "Parallel Aware": true,
                  "Relation Name": "movie_keyword",
                  "Alias": "mk",
                  "Startup Cost": 11306.49,
                  "Total Cost": 37909.32,
                  "Plan Rows": 171906,
                  "Plan Width": 0,
                  "Actual Startup Time": 46.849,
                  "Actual Total Time": 117.123,
                  "Actual Rows": 133514,
                  "Actual Loops": 4,
                  "Recheck Cond": "(keyword_id > 34315)",
                  "Rows Removed by Index Recheck": 0,
                  "Exact Heap Blocks": 10426,
                  "Lossy Heap Blocks": 0,
                  "Plans": [
                    {
                      "Node Type": "Bitmap Index Scan",
                      "Parent Relationship": "Outer",
                      "Parallel Aware": false,
                      "Index Name": "keyword_id_movie_keyword",
                      "Startup Cost": 0.0,
                      "Total Cost": 11173.26,
                      "Plan Rows": 532910,
                      "Plan Width": 0,
                      "Actual Startup Time": 51.662,
                      "Actual Total Time": 51.662,
                      "Actual Rows": 534054,
                      "Actual Loops": 1,
                      "Index Cond": "(keyword_id > 34315)"
                    }
                  ]
                }
              ]
            }
          ]
        }
      ]
    },
    "Planning Time": 0.16,
    "Triggers": [],
    "Execution Time": 142.657
  }
]