[
  {
    "Plan": {
      "Node Type": "Aggregate",
      "Strategy": "Plain",
      "Partial Mode": "Finalize",
      "Parallel Aware": false,
      "Startup Cost": 93091.48,
      "Total Cost": 93091.49,
      "Plan Rows": 1,
      "Plan Width": 8,
      "Actual Startup Time": 404.313,
      "Actual Total Time": 425.796,
      "Actual Rows": 1,
      "Actual Loops": 1,
      "Plans": [
        {
          "Node Type": "Gather",
          "Parent Relationship": "Outer",
          "Parallel Aware": false,
          "Startup Cost": 93091.17,
          "Total Cost": 93091.48,
          "Plan Rows": 3,
          "Plan Width": 8,
          "Actual Startup Time": 399.795,
          "Actual Total Time": 425.786,
          "Actual Rows": 4,
          "Actual Loops": 1,
          "Workers Planned": 3,
          "Workers Launched": 3,
          "Single Copy": false,
          "Plans": [
            {
              "Node Type": "Aggregate",
              "Strategy": "Plain",
              "Partial Mode": "Partial",
              "Parent Relationship": "Outer",
              "Parallel Aware": false,
              "Startup Cost": 92091.17,
              "Total Cost": 92091.18,
              "Plan Rows": 1,
              "Plan Width": 8,
              "Actual Startup Time": 391.181,
              "Actual Total Time": 391.184,
              "Actual Rows": 1,
              "Actual Loops": 4,
              "Plans": [
                {
                  "Node Type": "Hash Join",
                  "Parent Relationship": "Outer",
                  "Parallel Aware": true,
                  "Join Type": "Inner",
                  "Startup Cost": 48179.66,
                  "Total Cost": 91792.57,
                  "Plan Rows": 119437,
                  "Plan Width": 0,
                  "Actual Startup Time": 202.914,
                  "Actual Total Time": 380.903,
                  "Actual Rows": 181592,
                  "Actual Loops": 4,
                  "Inner Unique": true,
                  "Hash Cond": "(mk.movie_id = t.id)",
                  "Plans": [
                    {
                      "Node Type": "Seq Scan",
                      "Parent Relationship": "Outer",
                      "Parallel Aware": true,
                      "Relation Name": "movie_keyword",
                      "Alias": "mk",
                      "Startup Cost": 0.0,
                      "Total Cost": 42695.65,
                      "Plan Rows": 349432,
                      "Plan Width": 4,
                      "Actual Startup Time": 1.506,
                      "Actual Total Time": 119.177,
                      "Actual Rows": 271128,
                      "Actual Loops": 4,
                      "Filter": "(keyword_id > 16302)",
                      "Rows Removed by Filter": 859854
                    },
                    {
                      "Node Type": "Hash",
                      "Parent Relationship": "Inner",
                      "Parallel Aware": true,
                      "Startup Cost": 45479.1,
                      "Total Cost": 45479.1,
                      "Plan Rows": 216045,
                      "Plan Width": 4,
                      "Actual Startup Time": 196.234,
                      "Actual Total Time": 196.234,
                      "Actual Rows": 193586,
                      "Actual Loops": 4,
                      "Hash Buckets": 1048576,
                      "Original Hash Buckets": 1048576,
                      "Hash Batches": 1,
                      "Original Hash Batches": 1,
                      "Peak Memory Usage": 38560,
                      "Plans": [
                        {
                          "Node Type": "Seq Scan",
                          "Parent Relationship": "Outer",
                          "Parallel Aware": true,
                          "Relation Name": "title",
                          "Alias": "t",
                          "Startup Cost": 0.0,
                          "Total Cost": 45479.1,
                          "Plan Rows": 216045,
                          "Plan Width": 4,
                          "Actual Startup Time": 0.05,
                          "Actual Total Time": 121.044,
                          "Actual Rows": 193586,
                          "Actual Loops": 4,
                          "Filter": "((kind_id < 7) AND (production_year > 1961))",
                          "Rows Removed by Filter": 438492
                        }
                      ]
                    }
                  ]
                }
              ]
            }
          ]
        }
      ]
    },
    "Planning Time": 0.608,
    "Triggers": [],
    "Execution Time": 425.861
  }
]