[
    {
        "Bao": {
            "Bao prediction": "NaN",
            "Bao recommended hint": "(no hint)"
        }
    },
    {
        "Plan": {
            "Node Type": "Aggregate",
            "Strategy": "Plain",
            "Partial Mode": "Finalize",
            "Parallel Aware": false,
            "Startup Cost": 26785.36,
            "Total Cost": 26785.37,
            "Plan Rows": 1,
            "Plan Width": 8,
            "Actual Startup Time": 64.375,
            "Actual Total Time": 69.227,
            "Actual Rows": 1,
            "Actual Loops": 1,
            "Output": [
                "count(*)"
            ],
            "Plans": [
                {
                    "Node Type": "Gather",
                    "Parent Relationship": "Outer",
                    "Parallel Aware": false,
                    "Startup Cost": 26785.05,
                    "Total Cost": 26785.36,
                    "Plan Rows": 3,
                    "Plan Width": 8,
                    "Actual Startup Time": 64.152,
                    "Actual Total Time": 69.22,
                    "Actual Rows": 4,
                    "Actual Loops": 1,
                    "Output": [
                        "(PARTIAL count(*))"
                    ],
                    "Workers Planned": 3,
                    "Workers Launched": 3,
                    "Single Copy": false,
                    "Plans": [
                        {
                            "Node Type": "Aggregate",
                            "Strategy": "Plain",
                            "Partial Mode": "Partial",
                            "Parent Relationship": "Outer",
                            "Parallel Aware": false,
                            "Startup Cost": 25785.05,
                            "Total Cost": 25785.06,
                            "Plan Rows": 1,
                            "Plan Width": 8,
                            "Actual Startup Time": 55.555,
                            "Actual Total Time": 55.557,
                            "Actual Rows": 1,
                            "Actual Loops": 4,
                            "Output": [
                                "PARTIAL count(*)"
                            ],
                            "Workers": [
                                {
                                    "Worker Number": 0,
                                    "Actual Startup Time": 52.259,
                                    "Actual Total Time": 52.261,
                                    "Actual Rows": 1,
                                    "Actual Loops": 1
                                },
                                {
                                    "Worker Number": 1,
                                    "Actual Startup Time": 52.868,
                                    "Actual Total Time": 52.869,
                                    "Actual Rows": 1,
                                    "Actual Loops": 1
                                },
                                {
                                    "Worker Number": 2,
                                    "Actual Startup Time": 53.198,
                                    "Actual Total Time": 53.199,
                                    "Actual Rows": 1,
                                    "Actual Loops": 1
                                }
                            ],
                            "Plans": [
                                {
                                    "Node Type": "Bitmap Heap Scan",
                                    "Parent Relationship": "Outer",
                                    "Parallel Aware": true,
                                    "Relation Name": "movie_companies",
                                    "Schema": "public",
                                    "Alias": "mc",
                                    "Startup Cost": 5627.73,
                                    "Total Cost": 25681.78,
                                    "Plan Rows": 41306,
                                    "Plan Width": 0,
                                    "Actual Startup Time": 8.661,
                                    "Actual Total Time": 51.864,
                                    "Actual Rows": 49776,
                                    "Actual Loops": 4,
                                    "Recheck Cond": "(mc.company_id < 133)",
                                    "Rows Removed by Index Recheck": 0,
                                    "Filter": "(mc.company_type_id < 2)",
                                    "Rows Removed by Filter": 15075,
                                    "Exact Heap Blocks": 10239,
                                    "Lossy Heap Blocks": 0,
                                    "Workers": [
                                        {
                                            "Worker Number": 0,
                                            "Actual Startup Time": 5.388,
                                            "Actual Total Time": 49.039,
                                            "Actual Rows": 21605,
                                            "Actual Loops": 1
                                        },
                                        {
                                            "Worker Number": 1,
                                            "Actual Startup Time": 6.114,
                                            "Actual Total Time": 49.789,
                                            "Actual Rows": 23115,
                                            "Actual Loops": 1
                                        },
                                        {
                                            "Worker Number": 2,
                                            "Actual Startup Time": 6.348,
                                            "Actual Total Time": 49.899,
                                            "Actual Rows": 22043,
                                            "Actual Loops": 1
                                        }
                                    ],
                                    "Plans": [
                                        {
                                            "Node Type": "Bitmap Index Scan",
                                            "Parent Relationship": "Outer",
                                            "Parallel Aware": false,
                                            "Index Name": "company_id_movie_companies",
                                            "Startup Cost": 0.0,
                                            "Total Cost": 5595.72,
                                            "Plan Rows": 261238,
                                            "Plan Width": 0,
                                            "Actual Startup Time": 14.159,
                                            "Actual Total Time": 14.159,
                                            "Actual Rows": 259406,
                                            "Actual Loops": 1,
                                            "Index Cond": "(mc.company_id < 133)"
                                        }
                                    ]
                                }
                            ]
                        }
                    ]
                }
            ]
        },
        "Planning Time": 185.549,
        "Triggers": [],
        "Execution Time": 69.281
    }
]