[
  {
    "Plan": {
      "Node Type": "Aggregate",
      "Strategy": "Plain",
      "Partial Mode": "Finalize",
      "Parallel Aware": false,
      "Startup Cost": 44882.13,
      "Total Cost": 44882.14,
      "Plan Rows": 1,
      "Plan Width": 8,
      "Actual Startup Time": 153.807,
      "Actual Total Time": 166.327,
      "Actual Rows": 1,
      "Actual Loops": 1,
      "Plans": [
        {
          "Node Type": "Gather",
          "Parent Relationship": "Outer",
          "Parallel Aware": false,
          "Startup Cost": 44881.81,
          "Total Cost": 44882.12,
          "Plan Rows": 3,
          "Plan Width": 8,
          "Actual Startup Time": 153.663,
          "Actual Total Time": 166.318,
          "Actual Rows": 4,
          "Actual Loops": 1,
          "Workers Planned": 3,
          "Workers Launched": 3,
          "Single Copy": false,
          "Plans": [
            {
              "Node Type": "Aggregate",
              "Strategy": "Plain",
              "Partial Mode": "Partial",
              "Parent Relationship": "Outer",
              "Parallel Aware": false,
              "Startup Cost": 43881.81,
              "Total Cost": 43881.82,
              "Plan Rows": 1,
              "Plan Width": 8,
              "Actual Startup Time": 148.169,
              "Actual Total Time": 148.171,
              "Actual Rows": 1,
              "Actual Loops": 4,
              "Plans": [
                {
                  "Node Type": "Seq Scan",
                  "Parent Relationship": "Outer",
                  "Parallel Aware": true,
                  "Relation Name": "movie_keyword",
                  "Alias": "mk",
                  "Startup Cost": 0.0,
                  "Total Cost": 42695.65,
                  "Plan Rows": 474464,
                  "Plan Width": 0,
                  "Actual Startup Time": 0.038,
                  "Actual Total Time": 127.048,
                  "Actual Rows": 366804,
                  "Actual Loops": 4,
                  "Filter": "(keyword_id < 2086)",
                  "Rows Removed by Filter": 764179
                }
              ]
            }
          ]
        }
      ]
    },
    "Planning Time": 0.189,
    "Triggers": [],
    "Execution Time": 166.382
  }
]