{
    "Plan": {
        "Node Type": "Aggregate",
        "Strategy": "Plain",
        "Partial Mode": "Simple",
        "Parallel Aware": false,
        "Startup Cost": 50002017195.43,
        "Total Cost": 50002017195.44,
        "Plan Rows": 1,
        "Plan Width": 96,
        "Actual Startup Time": 4045.478,
        "Actual Total Time": 4045.492,
        "Actual Rows": 1,
        "Actual Loops": 1,
        "Output": [
            "min(cn.name)",
            "min((lt.link)::text)",
            "min(t.title)"
        ],
        "Plans": [
            {
                "Node Type": "Hash Join",
                "Parent Relationship": "Outer",
                "Parallel Aware": false,
                "Join Type": "Inner",
                "Startup Cost": 50002016543.11,
                "Total Cost": 50002017195.43,
                "Plan Rows": 1,
                "Plan Width": 48,
                "Actual Startup Time": 4006.441,
                "Actual Total Time": 4044.972,
                "Actual Rows": 1420,
                "Actual Loops": 1,
                "Output": [
                    "cn.name",
                    "lt.link",
                    "t.title"
                ],
                "Inner Unique": true,
                "Hash Cond": "(mk.keyword_id = k.id)",
                "Plans": [
                    {
                        "Node Type": "Nested Loop",
                        "Parent Relationship": "Outer",
                        "Parallel Aware": false,
                        "Join Type": "Inner",
                        "Startup Cost": 40002011200.17,
                        "Total Cost": 40002011848.89,
                        "Plan Rows": 1372,
                        "Plan Width": 52,
                        "Actual Startup Time": 3959.3,
                        "Actual Total Time": 4000.671,
                        "Actual Rows": 23258,
                        "Actual Loops": 1,
                        "Output": [
                            "cn.name",
                            "mk.keyword_id",
                            "lt.link",
                            "t.title"
                        ],
                        "Inner Unique": false,
                        "Join Filter": "(ml.movie_id = mk.movie_id)",
                        "Rows Removed by Join Filter": 0,
                        "Plans": [
                            {
                                "Node Type": "Merge Join",
                                "Parent Relationship": "Outer",
                                "Parallel Aware": false,
                                "Join Type": "Inner",
                                "Startup Cost": 30002011199.32,
                                "Total Cost": 30002011668.71,
                                "Plan Rows": 30,
                                "Plan Width": 64,
                                "Actual Startup Time": 3959.25,
                                "Actual Total Time": 3982.755,
                                "Actual Rows": 2851,
                                "Actual Loops": 1,
                                "Output": [
                                    "cn.name",
                                    "mc.movie_id",
                                    "mi.movie_id",
                                    "ml.movie_id",
                                    "lt.link",
                                    "t.title",
                                    "t.id"
                                ],
                                "Inner Unique": false,
                                "Merge Cond": "(mi.movie_id = ml.movie_id)",
                                "Plans": [
                                    {
                                        "Node Type": "Sort",
                                        "Parent Relationship": "Outer",
                                        "Parallel Aware": false,
                                        "Startup Cost": 10000486549.09,
                                        "Total Cost": 10000486873.23,
                                        "Plan Rows": 129653,
                                        "Plan Width": 4,
                                        "Actual Startup Time": 2677.394,
                                        "Actual Total Time": 2677.555,
                                        "Actual Rows": 3595,
                                        "Actual Loops": 1,
                                        "Output": [
                                            "mi.movie_id"
                                        ],
                                        "Sort Key": [
                                            "mi.movie_id"
                                        ],
                                        "Sort Method": "quicksort",
                                        "Sort Space Used": 12855,
                                        "Sort Space Type": "Memory",
                                        "Plans": [
                                            {
                                                "Node Type": "Seq Scan",
                                                "Parent Relationship": "Outer",
                                                "Parallel Aware": false,
                                                "Relation Name": "movie_info",
                                                "Schema": "public",
                                                "Alias": "mi",
                                                "Startup Cost": 10000000000.0,
                                                "Total Cost": 10000475538.77,
                                                "Plan Rows": 129653,
                                                "Plan Width": 4,
                                                "Actual Startup Time": 1.143,
                                                "Actual Total Time": 2654.261,
                                                "Actual Rows": 143157,
                                                "Actual Loops": 1,
                                                "Output": [
                                                    "mi.movie_id"
                                                ],
                                                "Filter": "(mi.info = ANY ('{Germany,Swedish,German,American,Denish,Denmark,America,Bulgaria,Norway}'::text[]))",
                                                "Rows Removed by Filter": 14692563
                                            }
                                        ]
                                    },
                                    {
                                        "Node Type": "Materialize",
                                        "Parent Relationship": "Inner",
                                        "Parallel Aware": false,
                                        "Startup Cost": 20001524650.22,
                                        "Total Cost": 20001525097.03,
                                        "Plan Rows": 113,
                                        "Plan Width": 60,
                                        "Actual Startup Time": 1281.83,
                                        "Actual Total Time": 1304.402,
                                        "Actual Rows": 2872,
                                        "Actual Loops": 1,
                                        "Output": [
                                            "cn.name",
                                            "mc.movie_id",
                                            "ml.movie_id",
                                            "lt.link",
                                            "t.title",
                                            "t.id"
                                        ],
                                        "Plans": [
                                            {
                                                "Node Type": "Merge Join",
                                                "Parent Relationship": "Outer",
                                                "Parallel Aware": false,
                                                "Join Type": "Inner",
                                                "Startup Cost": 20001524650.22,
                                                "Total Cost": 20001525096.75,
                                                "Plan Rows": 113,
                                                "Plan Width": 60,
                                                "Actual Startup Time": 1281.818,
                                                "Actual Total Time": 1303.746,
                                                "Actual Rows": 1005,
                                                "Actual Loops": 1,
                                                "Output": [
                                                    "cn.name",
                                                    "mc.movie_id",
                                                    "ml.movie_id",
                                                    "lt.link",
                                                    "t.title",
                                                    "t.id"
                                                ],
                                                "Inner Unique": false,
                                                "Merge Cond": "(ml.movie_id = t.id)",
                                                "Plans": [
                                                    {
                                                        "Node Type": "Sort",
                                                        "Parent Relationship": "Outer",
                                                        "Parallel Aware": false,
                                                        "Startup Cost": 20001328315.89,
                                                        "Total Cost": 20001328316.47,
                                                        "Plan Rows": 235,
                                                        "Plan Width": 39,
                                                        "Actual Startup Time": 665.291,
                                                        "Actual Total Time": 665.476,
                                                        "Actual Rows": 1152,
                                                        "Actual Loops": 1,
                                                        "Output": [
                                                            "cn.name",
                                                            "mc.movie_id",
                                                            "ml.movie_id",
                                                            "lt.link"
                                                        ],
                                                        "Sort Key": [
                                                            "mc.movie_id"
                                                        ],
                                                        "Sort Method": "quicksort",
                                                        "Sort Space Used": 148,
                                                        "Sort Space Type": "Memory",
                                                        "Plans": [
                                                            {
                                                                "Node Type": "Merge Join",
                                                                "Parent Relationship": "Outer",
                                                                "Parallel Aware": false,
                                                                "Join Type": "Inner",
                                                                "Startup Cost": 20001328045.51,
                                                                "Total Cost": 20001328306.63,
                                                                "Plan Rows": 235,
                                                                "Plan Width": 39,
                                                                "Actual Startup Time": 661.926,
                                                                "Actual Total Time": 665.078,
                                                                "Actual Rows": 1152,
                                                                "Actual Loops": 1,
                                                                "Output": [
                                                                    "cn.name",
                                                                    "mc.movie_id",
                                                                    "ml.movie_id",
                                                                    "lt.link"
                                                                ],
                                                                "Inner Unique": false,
                                                                "Merge Cond": "(mc.company_id = cn.id)",
                                                                "Plans": [
                                                                    {
                                                                        "Node Type": "Sort",
                                                                        "Parent Relationship": "Outer",
                                                                        "Parallel Aware": false,
                                                                        "Startup Cost": 20001316973.07,
                                                                        "Total Cost": 20001316975.79,
                                                                        "Plan Rows": 1089,
                                                                        "Plan Width": 24,
                                                                        "Actual Startup Time": 608.746,
                                                                        "Actual Total Time": 609.048,
                                                                        "Actual Rows": 4393,
                                                                        "Actual Loops": 1,
                                                                        "Output": [
                                                                            "mc.movie_id",
                                                                            "mc.company_id",
                                                                            "ml.movie_id",
                                                                            "lt.link"
                                                                        ],
                                                                        "Sort Key": [
                                                                            "mc.company_id"
                                                                        ],
                                                                        "Sort Method": "quicksort",
                                                                        "Sort Space Used": 536,
                                                                        "Sort Space Type": "Memory",
                                                                        "Plans": [
                                                                            {
                                                                                "Node Type": "Merge Join",
                                                                                "Parent Relationship": "Outer",
                                                                                "Parallel Aware": false,
                                                                                "Join Type": "Inner",
                                                                                "Startup Cost": 20001316880.02,
                                                                                "Total Cost": 20001316918.13,
                                                                                "Plan Rows": 1089,
                                                                                "Plan Width": 24,
                                                                                "Actual Startup Time": 607.064,
                                                                                "Actual Total Time": 608.029,
                                                                                "Actual Rows": 4393,
                                                                                "Actual Loops": 1,
                                                                                "Output": [
                                                                                    "mc.movie_id",
                                                                                    "mc.company_id",
                                                                                    "ml.movie_id",
                                                                                    "lt.link"
                                                                                ],
                                                                                "Inner Unique": false,
                                                                                "Merge Cond": "(mc.company_type_id = ct.id)",
                                                                                "Plans": [
                                                                                    {
                                                                                        "Node Type": "Sort",
                                                                                        "Parent Relationship": "Outer",
                                                                                        "Parallel Aware": false,
                                                                                        "Startup Cost": 10001316878.96,
                                                                                        "Total Cost": 10001316889.85,
                                                                                        "Plan Rows": 4355,
                                                                                        "Plan Width": 28,
                                                                                        "Actual Startup Time": 606.961,
                                                                                        "Actual Total Time": 607.134,
                                                                                        "Actual Rows": 5069,
                                                                                        "Actual Loops": 1,
                                                                                        "Output": [
                                                                                            "lt.link",
                                                                                            "ml.movie_id",
                                                                                            "mc.movie_id",
                                                                                            "mc.company_type_id",
                                                                                            "mc.company_id"
                                                                                        ],
                                                                                        "Sort Key": [
                                                                                            "mc.company_type_id"
                                                                                        ],
                                                                                        "Sort Method": "quicksort",
                                                                                        "Sort Space Used": 589,
                                                                                        "Sort Space Type": "Memory",
                                                                                        "Plans": [
                                                                                            {
                                                                                                "Node Type": "Nested Loop",
                                                                                                "Parent Relationship": "Outer",
                                                                                                "Parallel Aware": false,
                                                                                                "Join Type": "Inner",
                                                                                                "Startup Cost": 10000001487.05,
                                                                                                "Total Cost": 10001316615.73,
                                                                                                "Plan Rows": 4355,
                                                                                                "Plan Width": 28,
                                                                                                "Actual Startup Time": 8.117,
                                                                                                "Actual Total Time": 604.84,
                                                                                                "Actual Rows": 5069,
                                                                                                "Actual Loops": 1,
                                                                                                "Output": [
                                                                                                    "lt.link",
                                                                                                    "ml.movie_id",
                                                                                                    "mc.movie_id",
                                                                                                    "mc.company_type_id",
                                                                                                    "mc.company_id"
                                                                                                ],
                                                                                                "Inner Unique": true,
                                                                                                "Plans": [
                                                                                                    {
                                                                                                        "Node Type": "Hash Join",
                                                                                                        "Parent Relationship": "Outer",
                                                                                                        "Parallel Aware": false,
                                                                                                        "Join Type": "Inner",
                                                                                                        "Startup Cost": 1486.9,
                                                                                                        "Total Cost": 990300.28,
                                                                                                        "Plan Rows": 78421,
                                                                                                        "Plan Width": 20,
                                                                                                        "Actual Startup Time": 7.78,
                                                                                                        "Actual Total Time": 447.124,
                                                                                                        "Actual Rows": 43026,
                                                                                                        "Actual Loops": 1,
                                                                                                        "Output": [
                                                                                                            "mc.movie_id",
                                                                                                            "mc.company_type_id",
                                                                                                            "mc.company_id",
                                                                                                            "ml.link_type_id",
                                                                                                            "ml.movie_id"
                                                                                                        ],
                                                                                                        "Inner Unique": false,
                                                                                                        "Hash Cond": "(mc.movie_id = ml.movie_id)",
                                                                                                        "Plans": [
                                                                                                            {
                                                                                                                "Node Type": "Index Scan",
                                                                                                                "Parent Relationship": "Outer",
                                                                                                                "Parallel Aware": false,
                                                                                                                "Scan Direction": "Forward",
                                                                                                                "Index Name": "company_type_id_movie_companies",
                                                                                                                "Relation Name": "movie_companies",
                                                                                                                "Schema": "public",
                                                                                                                "Alias": "mc",
                                                                                                                "Startup Cost": 0.43,
                                                                                                                "Total Cost": 84830.36,
                                                                                                                "Plan Rows": 1265428,
                                                                                                                "Plan Width": 12,
                                                                                                                "Actual Startup Time": 0.033,
                                                                                                                "Actual Total Time": 343.969,
                                                                                                                "Actual Rows": 1271989,
                                                                                                                "Actual Loops": 1,
                                                                                                                "Output": [
                                                                                                                    "mc.id",
                                                                                                                    "mc.movie_id",
                                                                                                                    "mc.company_id",
                                                                                                                    "mc.company_type_id",
                                                                                                                    "mc.note"
                                                                                                                ],
                                                                                                                "Filter": "(mc.note IS NULL)",
                                                                                                                "Rows Removed by Filter": 1337140
                                                                                                            },
                                                                                                            {
                                                                                                                "Node Type": "Hash",
                                                                                                                "Parent Relationship": "Inner",
                                                                                                                "Parallel Aware": false,
                                                                                                                "Startup Cost": 1111.51,
                                                                                                                "Total Cost": 1111.51,
                                                                                                                "Plan Rows": 29997,
                                                                                                                "Plan Width": 8,
                                                                                                                "Actual Startup Time": 7.7,
                                                                                                                "Actual Total Time": 7.701,
                                                                                                                "Actual Rows": 29997,
                                                                                                                "Actual Loops": 1,
                                                                                                                "Output": [
                                                                                                                    "ml.link_type_id",
                                                                                                                    "ml.movie_id"
                                                                                                                ],
                                                                                                                "Hash Buckets": 32768,
                                                                                                                "Original Hash Buckets": 32768,
                                                                                                                "Hash Batches": 1,
                                                                                                                "Original Hash Batches": 1,
                                                                                                                "Peak Memory Usage": 1428,
                                                                                                                "Plans": [
                                                                                                                    {
                                                                                                                        "Node Type": "Index Scan",
                                                                                                                        "Parent Relationship": "Outer",
                                                                                                                        "Parallel Aware": false,
                                                                                                                        "Scan Direction": "Forward",
                                                                                                                        "Index Name": "movie_id_movie_link",
                                                                                                                        "Relation Name": "movie_link",
                                                                                                                        "Schema": "public",
                                                                                                                        "Alias": "ml",
                                                                                                                        "Startup Cost": 0.29,
                                                                                                                        "Total Cost": 1111.51,
                                                                                                                        "Plan Rows": 29997,
                                                                                                                        "Plan Width": 8,
                                                                                                                        "Actual Startup Time": 0.013,
                                                                                                                        "Actual Total Time": 4.682,
                                                                                                                        "Actual Rows": 29997,
                                                                                                                        "Actual Loops": 1,
                                                                                                                        "Output": [
                                                                                                                            "ml.link_type_id",
                                                                                                                            "ml.movie_id"
                                                                                                                        ]
                                                                                                                    }
                                                                                                                ]
                                                                                                            }
                                                                                                        ]
                                                                                                    },
                                                                                                    {
                                                                                                        "Node Type": "Bitmap Heap Scan",
                                                                                                        "Parent Relationship": "Inner",
                                                                                                        "Parallel Aware": false,
                                                                                                        "Relation Name": "link_type",
                                                                                                        "Schema": "public",
                                                                                                        "Alias": "lt",
                                                                                                        "Startup Cost": 0.15,
                                                                                                        "Total Cost": 4.16,
                                                                                                        "Plan Rows": 1,
                                                                                                        "Plan Width": 16,
                                                                                                        "Actual Startup Time": 0.002,
                                                                                                        "Actual Total Time": 0.002,
                                                                                                        "Actual Rows": 0,
                                                                                                        "Actual Loops": 43026,
                                                                                                        "Output": [
                                                                                                            "lt.id",
                                                                                                            "lt.link"
                                                                                                        ],
                                                                                                        "Recheck Cond": "(lt.id = ml.link_type_id)",
                                                                                                        "Rows Removed by Index Recheck": 0,
                                                                                                        "Filter": "((lt.link)::text ~~ '%follow%'::text)",
                                                                                                        "Rows Removed by Filter": 1,
                                                                                                        "Exact Heap Blocks": 43026,
                                                                                                        "Lossy Heap Blocks": 0,
                                                                                                        "Plans": [
                                                                                                            {
                                                                                                                "Node Type": "Bitmap Index Scan",
                                                                                                                "Parent Relationship": "Outer",
                                                                                                                "Parallel Aware": false,
                                                                                                                "Index Name": "link_type_pkey",
                                                                                                                "Startup Cost": 0.0,
                                                                                                                "Total Cost": 0.15,
                                                                                                                "Plan Rows": 1,
                                                                                                                "Plan Width": 0,
                                                                                                                "Actual Startup Time": 0.001,
                                                                                                                "Actual Total Time": 0.001,
                                                                                                                "Actual Rows": 1,
                                                                                                                "Actual Loops": 43026,
                                                                                                                "Index Cond": "(lt.id = ml.link_type_id)"
                                                                                                            }
                                                                                                        ]
                                                                                                    }
                                                                                                ]
                                                                                            }
                                                                                        ]
                                                                                    },
                                                                                    {
                                                                                        "Node Type": "Materialize",
                                                                                        "Parent Relationship": "Inner",
                                                                                        "Parallel Aware": false,
                                                                                        "Startup Cost": 10000000001.06,
                                                                                        "Total Cost": 10000000001.07,
                                                                                        "Plan Rows": 1,
                                                                                        "Plan Width": 4,
                                                                                        "Actual Startup Time": 0.035,
                                                                                        "Actual Total Time": 0.163,
                                                                                        "Actual Rows": 1,
                                                                                        "Actual Loops": 1,
                                                                                        "Output": [
                                                                                            "ct.id"
                                                                                        ],
                                                                                        "Plans": [
                                                                                            {
                                                                                                "Node Type": "Sort",
                                                                                                "Parent Relationship": "Outer",
                                                                                                "Parallel Aware": false,
                                                                                                "Startup Cost": 10000000001.06,
                                                                                                "Total Cost": 10000000001.06,
                                                                                                "Plan Rows": 1,
                                                                                                "Plan Width": 4,
                                                                                                "Actual Startup Time": 0.028,
                                                                                                "Actual Total Time": 0.029,
                                                                                                "Actual Rows": 1,
                                                                                                "Actual Loops": 1,
                                                                                                "Output": [
                                                                                                    "ct.id"
                                                                                                ],
                                                                                                "Sort Key": [
                                                                                                    "ct.id"
                                                                                                ],
                                                                                                "Sort Method": "quicksort",
                                                                                                "Sort Space Used": 25,
                                                                                                "Sort Space Type": "Memory",
                                                                                                "Plans": [
                                                                                                    {
                                                                                                        "Node Type": "Seq Scan",
                                                                                                        "Parent Relationship": "Outer",
                                                                                                        "Parallel Aware": false,
                                                                                                        "Relation Name": "company_type",
                                                                                                        "Schema": "public",
                                                                                                        "Alias": "ct",
                                                                                                        "Startup Cost": 10000000000.0,
                                                                                                        "Total Cost": 10000000001.05,
                                                                                                        "Plan Rows": 1,
                                                                                                        "Plan Width": 4,
                                                                                                        "Actual Startup Time": 0.017,
                                                                                                        "Actual Total Time": 0.018,
                                                                                                        "Actual Rows": 1,
                                                                                                        "Actual Loops": 1,
                                                                                                        "Output": [
                                                                                                            "ct.id"
                                                                                                        ],
                                                                                                        "Filter": "((ct.kind)::text = 'production companies'::text)",
                                                                                                        "Rows Removed by Filter": 3
                                                                                                    }
                                                                                                ]
                                                                                            }
                                                                                        ]
                                                                                    }
                                                                                ]
                                                                            }
                                                                        ]
                                                                    },
                                                                    {
                                                                        "Node Type": "Sort",
                                                                        "Parent Relationship": "Inner",
                                                                        "Parallel Aware": false,
                                                                        "Startup Cost": 11072.31,
                                                                        "Total Cost": 11199.14,
                                                                        "Plan Rows": 50732,
                                                                        "Plan Width": 23,
                                                                        "Actual Startup Time": 53.171,
                                                                        "Actual Total Time": 54.467,
                                                                        "Actual Rows": 15292,
                                                                        "Actual Loops": 1,
                                                                        "Output": [
                                                                            "cn.name",
                                                                            "cn.id"
                                                                        ],
                                                                        "Sort Key": [
                                                                            "cn.id"
                                                                        ],
                                                                        "Sort Method": "quicksort",
                                                                        "Sort Space Used": 5023,
                                                                        "Sort Space Type": "Memory",
                                                                        "Plans": [
                                                                            {
                                                                                "Node Type": "Seq Scan",
                                                                                "Parent Relationship": "Outer",
                                                                                "Parallel Aware": false,
                                                                                "Relation Name": "company_name",
                                                                                "Schema": "public",
                                                                                "Alias": "cn",
                                                                                "Startup Cost": 0.0,
                                                                                "Total Cost": 7107.45,
                                                                                "Plan Rows": 50732,
                                                                                "Plan Width": 23,
                                                                                "Actual Startup Time": 0.015,
                                                                                "Actual Total Time": 41.836,
                                                                                "Actual Rows": 48302,
                                                                                "Actual Loops": 1,
                                                                                "Output": [
                                                                                    "cn.name",
                                                                                    "cn.id"
                                                                                ],
                                                                                "Filter": "(((cn.country_code)::text <> '[pl]'::text) AND ((cn.name ~~ '%Film%'::text) OR (cn.name ~~ '%Warner%'::text)))",
                                                                                "Rows Removed by Filter": 186695
                                                                            }
                                                                        ]
                                                                    }
                                                                ]
                                                            }
                                                        ]
                                                    },
                                                    {
                                                        "Node Type": "Sort",
                                                        "Parent Relationship": "Inner",
                                                        "Parallel Aware": false,
                                                        "Startup Cost": 196334.34,
                                                        "Total Cost": 199363.07,
                                                        "Plan Rows": 1211494,
                                                        "Plan Width": 21,
                                                        "Actual Startup Time": 616.099,
                                                        "Actual Total Time": 628.717,
                                                        "Actual Rows": 94501,
                                                        "Actual Loops": 1,
                                                        "Output": [
                                                            "t.title",
                                                            "t.id"
                                                        ],
                                                        "Sort Key": [
                                                            "t.id"
                                                        ],
                                                        "Sort Method": "quicksort",
                                                        "Sort Space Used": 133564,
                                                        "Sort Space Type": "Memory",
                                                        "Plans": [
                                                            {
                                                                "Node Type": "Seq Scan",
                                                                "Parent Relationship": "Outer",
                                                                "Parallel Aware": false,
                                                                "Relation Name": "title",
                                                                "Schema": "public",
                                                                "Alias": "t",
                                                                "Startup Cost": 0.0,
                                                                "Total Cost": 73922.83,
                                                                "Plan Rows": 1211494,
                                                                "Plan Width": 21,
                                                                "Actual Startup Time": 0.013,
                                                                "Actual Total Time": 295.919,
                                                                "Actual Rows": 1215411,
                                                                "Actual Loops": 1,
                                                                "Output": [
                                                                    "t.title",
                                                                    "t.id"
                                                                ],
                                                                "Filter": "((t.production_year >= 1996) AND (t.production_year <= 2010))",
                                                                "Rows Removed by Filter": 1312901
                                                            }
                                                        ]
                                                    }
                                                ]
                                            }
                                        ]
                                    }
                                ]
                            },
                            {
                                "Node Type": "Bitmap Heap Scan",
                                "Parent Relationship": "Inner",
                                "Parallel Aware": false,
                                "Relation Name": "movie_keyword",
                                "Schema": "public",
                                "Alias": "mk",
                                "Startup Cost": 0.86,
                                "Total Cost": 5.43,
                                "Plan Rows": 46,
                                "Plan Width": 8,
                                "Actual Startup Time": 0.003,
                                "Actual Total Time": 0.004,
                                "Actual Rows": 8,
                                "Actual Loops": 2851,
                                "Output": [
                                    "mk.id",
                                    "mk.movie_id",
                                    "mk.keyword_id"
                                ],
                                "Recheck Cond": "(mk.movie_id = mc.movie_id)",
                                "Rows Removed by Index Recheck": 0,
                                "Exact Heap Blocks": 2857,
                                "Lossy Heap Blocks": 0,
                                "Plans": [
                                    {
                                        "Node Type": "Bitmap Index Scan",
                                        "Parent Relationship": "Outer",
                                        "Parallel Aware": false,
                                        "Index Name": "movie_id_movie_keyword",
                                        "Startup Cost": 0.0,
                                        "Total Cost": 0.84,
                                        "Plan Rows": 46,
                                        "Plan Width": 0,
                                        "Actual Startup Time": 0.002,
                                        "Actual Total Time": 0.002,
                                        "Actual Rows": 8,
                                        "Actual Loops": 2851,
                                        "Index Cond": "(mk.movie_id = mc.movie_id)"
                                    }
                                ]
                            }
                        ]
                    },
                    {
                        "Node Type": "Hash",
                        "Parent Relationship": "Inner",
                        "Parallel Aware": false,
                        "Startup Cost": 10000005342.92,
                        "Total Cost": 10000005342.92,
                        "Plan Rows": 1,
                        "Plan Width": 4,
                        "Actual Startup Time": 42.422,
                        "Actual Total Time": 42.422,
                        "Actual Rows": 1,
                        "Actual Loops": 1,
                        "Output": [
                            "k.id"
                        ],
                        "Hash Buckets": 1024,
                        "Original Hash Buckets": 1024,
                        "Hash Batches": 1,
                        "Original Hash Batches": 1,
                        "Peak Memory Usage": 9,
                        "Plans": [
                            {
                                "Node Type": "Index Scan",
                                "Parent Relationship": "Outer",
                                "Parallel Aware": false,
                                "Scan Direction": "Forward",
                                "Index Name": "keyword_pkey",
                                "Relation Name": "keyword",
                                "Schema": "public",
                                "Alias": "k",
                                "Startup Cost": 10000000000.42,
                                "Total Cost": 10000005342.92,
                                "Plan Rows": 1,
                                "Plan Width": 4,
                                "Actual Startup Time": 0.372,
                                "Actual Total Time": 42.418,
                                "Actual Rows": 1,
                                "Actual Loops": 1,
                                "Output": [
                                    "k.id"
                                ],
                                "Filter": "(k.keyword = 'sequel'::text)",
                                "Rows Removed by Filter": 134169
                            }
                        ]
                    }
                ]
            }
        ]
    },
    "Planning Time": 7.81,
    "Triggers": [],
    "Execution Time": 4045.686
}