{
  "Plan": {
    "Node Type": "Aggregate",
    "Strategy": "Plain",
    "Partial Mode": "Finalize",
    "Parallel Aware": false,
    "Startup Cost": 101273.09,
    "Total Cost": 101273.1,
    "Plan Rows": 1,
    "Plan Width": 8,
    "Actual Startup Time": 325.698,
    "Actual Total Time": 338.786,
    "Actual Rows": 1,
    "Actual Loops": 1,
    "Plans": [
      {
        "Node Type": "Gather",
        "Parent Relationship": "Outer",
        "Parallel Aware": false,
        "Startup Cost": 101272.98,
        "Total Cost": 101273.09,
        "Plan Rows": 1,
        "Plan Width": 8,
        "Actual Startup Time": 325.406,
        "Actual Total Time": 338.777,
        "Actual Rows": 2,
        "Actual Loops": 1,
        "Workers Planned": 1,
        "Workers Launched": 1,
        "Single Copy": false,
        "Plans": [
          {
            "Node Type": "Aggregate",
            "Strategy": "Plain",
            "Partial Mode": "Partial",
            "Parent Relationship": "Outer",
            "Parallel Aware": false,
            "Startup Cost": 100272.98,
            "Total Cost": 100272.99,
            "Plan Rows": 1,
            "Plan Width": 8,
            "Actual Startup Time": 319.407,
            "Actual Total Time": 319.411,
            "Actual Rows": 1,
            "Actual Loops": 2,
            "Plans": [
              {
                "Node Type": "Hash Join",
                "Parent Relationship": "Outer",
                "Parallel Aware": true,
                "Join Type": "Inner",
                "Startup Cost": 38686.41,
                "Total Cost": 99849.15,
                "Plan Rows": 169531,
                "Plan Width": 0,
                "Actual Startup Time": 241.879,
                "Actual Total Time": 319.319,
                "Actual Rows": 1568,
                "Actual Loops": 2,
                "Inner Unique": false,
                "Hash Cond": "(t.id = mc.movie_id)",
                "Plans": [
                  {
                    "Node Type": "Seq Scan",
                    "Parent Relationship": "Outer",
                    "Parallel Aware": true,
                    "Relation Name": "title",
                    "Alias": "t",
                    "Startup Cost": 0.0,
                    "Total Cost": 50870.31,
                    "Plan Rows": 1487231,
                    "Plan Width": 4,
                    "Actual Startup Time": 0.009,
                    "Actual Total Time": 117.169,
                    "Actual Rows": 1264156,
                    "Actual Loops": 2
                  },
                  {
                    "Node Type": "Hash",
                    "Parent Relationship": "Inner",
                    "Parallel Aware": true,
                    "Startup Cost": 36567.27,
                    "Total Cost": 36567.27,
                    "Plan Rows": 169531,
                    "Plan Width": 4,
                    "Actual Startup Time": 86.007,
                    "Actual Total Time": 86.009,
                    "Actual Rows": 1568,
                    "Actual Loops": 2,
                    "Hash Buckets": 524288,
                    "Original Hash Buckets": 524288,
                    "Hash Batches": 1,
                    "Original Hash Batches": 1,
                    "Peak Memory Usage": 4256,
                    "Plans": [
                      {
                        "Node Type": "Bitmap Heap Scan",
                        "Parent Relationship": "Outer",
                        "Parallel Aware": true,
                        "Relation Name": "movie_companies",
                        "Alias": "mc",
                        "Startup Cost": 12611.44,
                        "Total Cost": 36567.27,
                        "Plan Rows": 169531,
                        "Plan Width": 4,
                        "Actual Startup Time": 37.072,
                        "Actual Total Time": 85.414,
                        "Actual Rows": 1568,
                        "Actual Loops": 2,
                        "Recheck Cond": "(company_id > 68007)",
                        "Rows Removed by Index Recheck": 0,
                        "Filter": "(company_type_id < 2)",
                        "Rows Removed by Filter": 298082,
                        "Exact Heap Blocks": 6343,
                        "Lossy Heap Blocks": 0,
                        "Plans": [
                          {
                            "Node Type": "Bitmap Index Scan",
                            "Parent Relationship": "Outer",
                            "Parallel Aware": false,
                            "Index Name": "company_id_movie_companies",
                            "Startup Cost": 0.0,
                            "Total Cost": 12539.39,
                            "Plan Rows": 585461,
                            "Plan Width": 0,
                            "Actual Startup Time": 36.083,
                            "Actual Total Time": 36.083,
                            "Actual Rows": 599299,
                            "Actual Loops": 1,
                            "Index Cond": "(company_id > 68007)"
                          }
                        ]
                      }
                    ]
                  }
                ]
              }
            ]
          }
        ]
      }
    ]
  },
  "Planning Time": 0.736,
  "Triggers": [],
  "Execution Time": 338.881
}