[
  {
    "Plan": {
      "Node Type": "Aggregate",
      "Strategy": "Plain",
      "Partial Mode": "Finalize",
      "Parallel Aware": false,
      "Startup Cost": 89013.75,
      "Total Cost": 89013.76,
      "Plan Rows": 1,
      "Plan Width": 8,
      "Actual Startup Time": 499.225,
      "Actual Total Time": 516.688,
      "Actual Rows": 1,
      "Actual Loops": 1,
      "Plans": [
        {
          "Node Type": "Gather",
          "Parent Relationship": "Outer",
          "Parallel Aware": false,
          "Startup Cost": 89013.44,
          "Total Cost": 89013.75,
          "Plan Rows": 3,
          "Plan Width": 8,
          "Actual Startup Time": 493.751,
          "Actual Total Time": 516.679,
          "Actual Rows": 4,
          "Actual Loops": 1,
          "Workers Planned": 3,
          "Workers Launched": 3,
          "Single Copy": false,
          "Plans": [
            {
              "Node Type": "Aggregate",
              "Strategy": "Plain",
              "Partial Mode": "Partial",
              "Parent Relationship": "Outer",
              "Parallel Aware": false,
              "Startup Cost": 88013.44,
              "Total Cost": 88013.45,
              "Plan Rows": 1,
              "Plan Width": 8,
              "Actual Startup Time": 481.358,
              "Actual Total Time": 481.362,
              "Actual Rows": 1,
              "Actual Loops": 4,
              "Plans": [
                {
                  "Node Type": "Hash Join",
                  "Parent Relationship": "Outer",
                  "Parallel Aware": true,
                  "Join Type": "Inner",
                  "Startup Cost": 60739.71,
                  "Total Cost": 87613.47,
                  "Plan Rows": 159985,
                  "Plan Width": 0,
                  "Actual Startup Time": 380.732,
                  "Actual Total Time": 475.495,
                  "Actual Rows": 120706,
                  "Actual Loops": 4,
                  "Inner Unique": true,
                  "Hash Cond": "(mk.movie_id = t.id)",
                  "Plans": [
                    {
                      "Node Type": "Bitmap Heap Scan",
                      "Parent Relationship": "Outer",
                      "Parallel Aware": true,
                      "Relation Name": "movie_keyword",
                      "Alias": "mk",
                      "Startup Cost": 10520.06,
                      "Total Cost": 36973.87,
                      "Plan Rows": 159985,
                      "Plan Width": 4,
                      "Actual Startup Time": 29.325,
                      "Actual Total Time": 82.903,
                      "Actual Rows": 120706,
                      "Actual Loops": 4,
                      "Recheck Cond": "(keyword_id > 37107)",
                      "Rows Removed by Index Recheck": 0,
                      "Exact Heap Blocks": 7165,
                      "Lossy Heap Blocks": 0,
                      "Plans": [
                        {
                          "Node Type": "Bitmap Index Scan",
                          "Parent Relationship": "Outer",
                          "Parallel Aware": false,
                          "Index Name": "keyword_id_movie_keyword",
                          "Startup Cost": 0.0,
                          "Total Cost": 10396.07,
                          "Plan Rows": 495952,
                          "Plan Width": 0,
                          "Actual Startup Time": 25.904,
                          "Actual Total Time": 25.905,
                          "Actual Rows": 482826,
                          "Actual Loops": 1,
                          "Index Cond": "(keyword_id > 37107)"
                        }
                      ]
                    },
                    {
                      "Node Type": "Hash",
                      "Parent Relationship": "Inner",
                      "Parallel Aware": true,
                      "Startup Cost": 42318.73,
                      "Total Cost": 42318.73,
                      "Plan Rows": 632073,
                      "Plan Width": 4,
                      "Actual Startup Time": 344.063,
                      "Actual Total Time": 344.064,
                      "Actual Rows": 632078,
                      "Actual Loops": 4,
                      "Hash Buckets": 4194304,
                      "Original Hash Buckets": 4194304,
                      "Hash Batches": 1,
                      "Original Hash Batches": 1,
                      "Peak Memory Usage": 131744,
                      "Plans": [
                        {
                          "Node Type": "Seq Scan",
                          "Parent Relationship": "Outer",
                          "Parallel Aware": true,
                          "Relation Name": "title",
                          "Alias": "t",
                          "Startup Cost": 0.0,
                          "Total Cost": 42318.73,
                          "Plan Rows": 632073,
                          "Plan Width": 4,
                          "Actual Startup Time": 0.028,
                          "Actual Total Time": 100.809,
                          "Actual Rows": 632078,
                          "Actual Loops": 4
                        }
                      ]
                    }
                  ]
                }
              ]
            }
          ]
        }
      ]
    },
    "Planning Time": 0.225,
    "Triggers": [],
    "Execution Time": 516.736
  }
]