[
  {
    "Plan": {
      "Node Type": "Aggregate",
      "Strategy": "Plain",
      "Partial Mode": "Finalize",
      "Parallel Aware": false,
      "Startup Cost": 41293.33,
      "Total Cost": 41293.34,
      "Plan Rows": 1,
      "Plan Width": 8,
      "Actual Startup Time": 59.976,
      "Actual Total Time": 66.249,
      "Actual Rows": 1,
      "Actual Loops": 1,
      "Plans": [
        {
          "Node Type": "Gather",
          "Parent Relationship": "Outer",
          "Parallel Aware": false,
          "Startup Cost": 41292.91,
          "Total Cost": 41293.32,
          "Plan Rows": 4,
          "Plan Width": 8,
          "Actual Startup Time": 59.71,
          "Actual Total Time": 66.242,
          "Actual Rows": 5,
          "Actual Loops": 1,
          "Workers Planned": 4,
          "Workers Launched": 4,
          "Single Copy": false,
          "Plans": [
            {
              "Node Type": "Aggregate",
              "Strategy": "Plain",
              "Partial Mode": "Partial",
              "Parent Relationship": "Outer",
              "Parallel Aware": false,
              "Startup Cost": 40292.91,
              "Total Cost": 40292.92,
              "Plan Rows": 1,
              "Plan Width": 8,
              "Actual Startup Time": 49.593,
              "Actual Total Time": 49.596,
              "Actual Rows": 1,
              "Actual Loops": 5,
              "Plans": [
                {
                  "Node Type": "Nested Loop",
                  "Parent Relationship": "Outer",
                  "Parallel Aware": false,
                  "Join Type": "Inner",
                  "Startup Cost": 2182.1,
                  "Total Cost": 40289.57,
                  "Plan Rows": 1338,
                  "Plan Width": 0,
                  "Actual Startup Time": 36.259,
                  "Actual Total Time": 49.574,
                  "Actual Rows": 174,
                  "Actual Loops": 5,
                  "Inner Unique": false,
                  "Join Filter": "(t.id = ci.movie_id)",
                  "Rows Removed by Join Filter": 0,
                  "Plans": [
                    {
                      "Node Type": "Nested Loop",
                      "Parent Relationship": "Outer",
                      "Parallel Aware": false,
                      "Join Type": "Inner",
                      "Startup Cost": 2181.54,
                      "Total Cost": 40030.61,
                      "Plan Rows": 93,
                      "Plan Width": 8,
                      "Actual Startup Time": 36.152,
                      "Actual Total Time": 49.186,
                      "Actual Rows": 8,
                      "Actual Loops": 5,
                      "Inner Unique": false,
                      "Plans": [
                        {
                          "Node Type": "Bitmap Heap Scan",
                          "Parent Relationship": "Outer",
                          "Parallel Aware": true,
                          "Relation Name": "title",
                          "Alias": "t",
                          "Startup Cost": 2181.11,
                          "Total Cost": 38637.36,
                          "Plan Rows": 171,
                          "Plan Width": 4,
                          "Actual Startup Time": 28.247,
                          "Actual Total Time": 48.91,
                          "Actual Rows": 5,
                          "Actual Loops": 5,
                          "Recheck Cond": "(kind_id = 4)",
                          "Rows Removed by Index Recheck": 0,
                          "Filter": "(production_year = 1979)",
                          "Rows Removed by Filter": 23642,
                          "Exact Heap Blocks": 7661,
                          "Lossy Heap Blocks": 0,
                          "Plans": [
                            {
                              "Node Type": "Bitmap Index Scan",
                              "Parent Relationship": "Outer",
                              "Parallel Aware": false,
                              "Index Name": "kind_id_title",
                              "Startup Cost": 0.0,
                              "Total Cost": 2180.94,
                              "Plan Rows": 122201,
                              "Plan Width": 0,
                              "Actual Startup Time": 18.532,
                              "Actual Total Time": 18.532,
                              "Actual Rows": 118234,
                              "Actual Loops": 1,
                              "Index Cond": "(kind_id = 4)"
                            }
                          ]
                        },
                        {
                          "Node Type": "Index Only Scan",
                          "Parent Relationship": "Inner",
                          "Parallel Aware": false,
                          "Scan Direction": "Forward",
                          "Index Name": "movie_id_movie_info_idx",
                          "Relation Name": "movie_info_idx",
                          "Alias": "mi_idx",
                          "Startup Cost": 0.43,
                          "Total Cost": 8.12,
                          "Plan Rows": 3,
                          "Plan Width": 4,
                          "Actual Startup Time": 0.049,
                          "Actual Total Time": 0.049,
                          "Actual Rows": 2,
                          "Actual Loops": 26,
                          "Index Cond": "(movie_id = t.id)",
                          "Rows Removed by Index Recheck": 0,
                          "Heap Fetches": 39
                        }
                      ]
                    },
                    {
                      "Node Type": "Index Only Scan",
                      "Parent Relationship": "Inner",
                      "Parallel Aware": false,
                      "Scan Direction": "Forward",
                      "Index Name": "movie_id_cast_info",
                      "Relation Name": "cast_info",
                      "Alias": "ci",
                      "Startup Cost": 0.56,
                      "Total Cost": 2.32,
                      "Plan Rows": 37,
                      "Plan Width": 4,
                      "Actual Startup Time": 0.019,
                      "Actual Total Time": 0.045,
                      "Actual Rows": 22,
                      "Actual Loops": 39,
                      "Index Cond": "(movie_id = mi_idx.movie_id)",
                      "Rows Removed by Index Recheck": 0,
                      "Heap Fetches": 870
                    }
                  ]
                }
              ]
            }
          ]
        }
      ]
    },
    "Planning Time": 1.333,
    "Triggers": [],
    "Execution Time": 66.348
  }
]