[
  {
    "Plan": {
      "Node Type": "Aggregate",
      "Strategy": "Plain",
      "Partial Mode": "Finalize",
      "Parallel Aware": false,
      "Startup Cost": 32753.54,
      "Total Cost": 32753.55,
      "Plan Rows": 1,
      "Plan Width": 8,
      "Actual Startup Time": 87.632,
      "Actual Total Time": 95.697,
      "Actual Rows": 1,
      "Actual Loops": 1,
      "Plans": [
        {
          "Node Type": "Gather",
          "Parent Relationship": "Outer",
          "Parallel Aware": false,
          "Startup Cost": 32753.22,
          "Total Cost": 32753.53,
          "Plan Rows": 3,
          "Plan Width": 8,
          "Actual Startup Time": 87.516,
          "Actual Total Time": 95.688,
          "Actual Rows": 4,
          "Actual Loops": 1,
          "Workers Planned": 3,
          "Workers Launched": 3,
          "Single Copy": false,
          "Plans": [
            {
              "Node Type": "Aggregate",
              "Strategy": "Plain",
              "Partial Mode": "Partial",
              "Parent Relationship": "Outer",
              "Parallel Aware": false,
              "Startup Cost": 31753.22,
              "Total Cost": 31753.23,
              "Plan Rows": 1,
              "Plan Width": 8,
              "Actual Startup Time": 78.773,
              "Actual Total Time": 78.774,
              "Actual Rows": 1,
              "Actual Loops": 4,
              "Plans": [
                {
                  "Node Type": "Seq Scan",
                  "Parent Relationship": "Outer",
                  "Parallel Aware": true,
                  "Relation Name": "movie_companies",
                  "Alias": "mc",
                  "Startup Cost": 0.0,
                  "Total Cost": 31414.82,
                  "Plan Rows": 135362,
                  "Plan Width": 0,
                  "Actual Startup Time": 26.265,
                  "Actual Total Time": 77.409,
                  "Actual Rows": 25547,
                  "Actual Loops": 4,
                  "Filter": "((company_id > 23893) AND (company_type_id = 1))",
                  "Rows Removed by Filter": 626735
                }
              ]
            }
          ]
        }
      ]
    },
    "Planning Time": 0.23,
    "Triggers": [],
    "Execution Time": 95.761
  }
]