[
  {
    "Plan": {
      "Node Type": "Aggregate",
      "Strategy": "Plain",
      "Partial Mode": "Finalize",
      "Parallel Aware": false,
      "Startup Cost": 47040.13,
      "Total Cost": 47040.14,
      "Plan Rows": 1,
      "Plan Width": 8,
      "Actual Startup Time": 193.471,
      "Actual Total Time": 202.422,
      "Actual Rows": 1,
      "Actual Loops": 1,
      "Plans": [
        {
          "Node Type": "Gather",
          "Parent Relationship": "Outer",
          "Parallel Aware": false,
          "Startup Cost": 47039.81,
          "Total Cost": 47040.12,
          "Plan Rows": 3,
          "Plan Width": 8,
          "Actual Startup Time": 193.29,
          "Actual Total Time": 202.412,
          "Actual Rows": 4,
          "Actual Loops": 1,
          "Workers Planned": 3,
          "Workers Launched": 3,
          "Single Copy": false,
          "Plans": [
            {
              "Node Type": "Aggregate",
              "Strategy": "Plain",
              "Partial Mode": "Partial",
              "Parent Relationship": "Outer",
              "Parallel Aware": false,
              "Startup Cost": 46039.81,
              "Total Cost": 46039.82,
              "Plan Rows": 1,
              "Plan Width": 8,
              "Actual Startup Time": 188.469,
              "Actual Total Time": 188.471,
              "Actual Rows": 1,
              "Actual Loops": 4,
              "Plans": [
                {
                  "Node Type": "Seq Scan",
                  "Parent Relationship": "Outer",
                  "Parallel Aware": true,
                  "Relation Name": "movie_keyword",
                  "Alias": "mk",
                  "Startup Cost": 0.0,
                  "Total Cost": 42695.65,
                  "Plan Rows": 1337664,
                  "Plan Width": 0,
                  "Actual Startup Time": 0.036,
                  "Actual Total Time": 134.977,
                  "Actual Rows": 1036478,
                  "Actual Loops": 4,
                  "Filter": "(keyword_id < 45105)",
                  "Rows Removed by Filter": 94504
                }
              ]
            }
          ]
        }
      ]
    },
    "Planning Time": 0.188,
    "Triggers": [],
    "Execution Time": 202.476
  }
]