[
  {
    "Plan": {
      "Node Type": "Aggregate",
      "Strategy": "Plain",
      "Partial Mode": "Finalize",
      "Parallel Aware": false,
      "Startup Cost": 436289.42,
      "Total Cost": 436289.43,
      "Plan Rows": 1,
      "Plan Width": 8,
      "Actual Startup Time": 2557.251,
      "Actual Total Time": 2623.609,
      "Actual Rows": 1,
      "Actual Loops": 1,
      "Plans": [
        {
          "Node Type": "Gather",
          "Parent Relationship": "Outer",
          "Parallel Aware": false,
          "Startup Cost": 436288.8,
          "Total Cost": 436289.41,
          "Plan Rows": 6,
          "Plan Width": 8,
          "Actual Startup Time": 2547.128,
          "Actual Total Time": 2623.599,
          "Actual Rows": 7,
          "Actual Loops": 1,
          "Workers Planned": 6,
          "Workers Launched": 6,
          "Single Copy": false,
          "Plans": [
            {
              "Node Type": "Aggregate",
              "Strategy": "Plain",
              "Partial Mode": "Partial",
              "Parent Relationship": "Outer",
              "Parallel Aware": false,
              "Startup Cost": 435288.8,
              "Total Cost": 435288.81,
              "Plan Rows": 1,
              "Plan Width": 8,
              "Actual Startup Time": 2530.472,
              "Actual Total Time": 2530.476,
              "Actual Rows": 1,
              "Actual Loops": 7,
              "Plans": [
                {
                  "Node Type": "Hash Join",
                  "Parent Relationship": "Outer",
                  "Parallel Aware": true,
                  "Join Type": "Inner",
                  "Startup Cost": 85970.2,
                  "Total Cost": 428484.26,
                  "Plan Rows": 2721816,
                  "Plan Width": 0,
                  "Actual Startup Time": 370.723,
                  "Actual Total Time": 2390.959,
                  "Actual Rows": 3375816,
                  "Actual Loops": 7,
                  "Inner Unique": false,
                  "Hash Cond": "(ci.movie_id = t.id)",
                  "Plans": [
                    {
                      "Node Type": "Seq Scan",
                      "Parent Relationship": "Outer",
                      "Parallel Aware": true,
                      "Relation Name": "cast_info",
                      "Alias": "ci",
                      "Startup Cost": 0.0,
                      "Total Cost": 313067.02,
                      "Plan Rows": 6038002,
                      "Plan Width": 4,
                      "Actual Startup Time": 0.019,
                      "Actual Total Time": 520.304,
                      "Actual Rows": 5177763,
                      "Actual Loops": 7
                    },
                    {
                      "Node Type": "Hash",
                      "Parent Relationship": "Inner",
                      "Parallel Aware": true,
                      "Startup Cost": 82408.62,
                      "Total Cost": 82408.62,
                      "Plan Rows": 284926,
                      "Plan Width": 8,
                      "Actual Startup Time": 365.79,
                      "Actual Total Time": 365.794,
                      "Actual Rows": 138476,
                      "Actual Loops": 7,
                      "Hash Buckets": 2097152,
                      "Original Hash Buckets": 2097152,
                      "Hash Batches": 1,
                      "Original Hash Batches": 1,
                      "Peak Memory Usage": 54464,
                      "Plans": [
                        {
                          "Node Type": "Hash Join",
                          "Parent Relationship": "Outer",
                          "Parallel Aware": true,
                          "Join Type": "Inner",
                          "Startup Cost": 36010.41,
                          "Total Cost": 82408.62,
                          "Plan Rows": 284926,
                          "Plan Width": 8,
                          "Actual Startup Time": 127.344,
                          "Actual Total Time": 302.644,
                          "Actual Rows": 138476,
                          "Actual Loops": 7,
                          "Inner Unique": false,
                          "Hash Cond": "(t.id = mc.movie_id)",
                          "Plans": [
                            {
                              "Node Type": "Seq Scan",
                              "Parent Relationship": "Outer",
                              "Parallel Aware": true,
                              "Relation Name": "title",
                              "Alias": "t",
                              "Startup Cost": 0.0,
                              "Total Cost": 42318.73,
                              "Plan Rows": 632073,
                              "Plan Width": 4,
                              "Actual Startup Time": 0.012,
                              "Actual Total Time": 53.643,
                              "Actual Rows": 361187,
                              "Actual Loops": 7
                            },
                            {
                              "Node Type": "Hash",
                              "Parent Relationship": "Inner",
                              "Parallel Aware": true,
                              "Startup Cost": 31414.82,
                              "Total Cost": 31414.82,
                              "Plan Rows": 367647,
                              "Plan Width": 4,
                              "Actual Startup Time": 125.196,
                              "Actual Total Time": 125.197,
                              "Actual Rows": 138476,
                              "Actual Loops": 7,
                              "Hash Buckets": 2097152,
                              "Original Hash Buckets": 2097152,
                              "Hash Batches": 1,
                              "Original Hash Batches": 1,
                              "Peak Memory Usage": 54464,
                              "Plans": [
                                {
                                  "Node Type": "Seq Scan",
                                  "Parent Relationship": "Outer",
                                  "Parallel Aware": true,
                                  "Relation Name": "movie_companies",
                                  "Alias": "mc",
                                  "Startup Cost": 0.0,
                                  "Total Cost": 31414.82,
                                  "Plan Rows": 367647,
                                  "Plan Width": 4,
                                  "Actual Startup Time": 40.43,
                                  "Actual Total Time": 66.244,
                                  "Actual Rows": 138476,
                                  "Actual Loops": 7,
                                  "Filter": "((company_id < 86104) AND (company_type_id > 1))",
                                  "Rows Removed by Filter": 234256
                                }
                              ]
                            }
                          ]
                        }
                      ]
                    }
                  ]
                }
              ]
            }
          ]
        }
      ]
    },
    "Planning Time": 1.42,
    "Triggers": [],
    "Execution Time": 2623.717
  }
]