[
  {
    "Plan": {
      "Node Type": "Aggregate",
      "Strategy": "Plain",
      "Partial Mode": "Finalize",
      "Parallel Aware": false,
      "Startup Cost": 391906.85,
      "Total Cost": 391906.86,
      "Plan Rows": 1,
      "Plan Width": 8,
      "Actual Startup Time": 805.671,
      "Actual Total Time": 872.054,
      "Actual Rows": 1,
      "Actual Loops": 1,
      "Plans": [
        {
          "Node Type": "Gather",
          "Parent Relationship": "Outer",
          "Parallel Aware": false,
          "Startup Cost": 391906.23,
          "Total Cost": 391906.84,
          "Plan Rows": 6,
          "Plan Width": 8,
          "Actual Startup Time": 802.954,
          "Actual Total Time": 872.031,
          "Actual Rows": 7,
          "Actual Loops": 1,
          "Workers Planned": 6,
          "Workers Launched": 6,
          "Single Copy": false,
          "Plans": [
            {
              "Node Type": "Aggregate",
              "Strategy": "Plain",
              "Partial Mode": "Partial",
              "Parent Relationship": "Outer",
              "Parallel Aware": false,
              "Startup Cost": 390906.23,
              "Total Cost": 390906.24,
              "Plan Rows": 1,
              "Plan Width": 8,
              "Actual Startup Time": 792.335,
              "Actual Total Time": 792.368,
              "Actual Rows": 1,
              "Actual Loops": 7,
              "Plans": [
                {
                  "Node Type": "Hash Join",
                  "Parent Relationship": "Outer",
                  "Parallel Aware": true,
                  "Join Type": "Inner",
                  "Startup Cost": 46073.42,
                  "Total Cost": 390800.88,
                  "Plan Rows": 42137,
                  "Plan Width": 0,
                  "Actual Startup Time": 503.96,
                  "Actual Total Time": 789.521,
                  "Actual Rows": 52875,
                  "Actual Loops": 7,
                  "Inner Unique": true,
                  "Hash Cond": "(ci.movie_id = t.id)",
                  "Plans": [
                    {
                      "Node Type": "Seq Scan",
                      "Parent Relationship": "Outer",
                      "Parallel Aware": true,
                      "Relation Name": "cast_info",
                      "Alias": "ci",
                      "Startup Cost": 0.0,
                      "Total Cost": 343257.03,
                      "Plan Rows": 560164,
                      "Plan Width": 4,
                      "Actual Startup Time": 404.695,
                      "Actual Total Time": 583.802,
                      "Actual Rows": 709002,
                      "Actual Loops": 7,
                      "Filter": "((person_id > 3174940) AND (role_id > 1))",
                      "Rows Removed by Filter": 4468761
                    },
                    {
                      "Node Type": "Hash",
                      "Parent Relationship": "Inner",
                      "Parallel Aware": true,
                      "Startup Cost": 45479.1,
                      "Total Cost": 45479.1,
                      "Plan Rows": 47546,
                      "Plan Width": 4,
                      "Actual Startup Time": 97.461,
                      "Actual Total Time": 97.462,
                      "Actual Rows": 42949,
                      "Actual Loops": 7,
                      "Hash Buckets": 524288,
                      "Original Hash Buckets": 262144,
                      "Hash Batches": 1,
                      "Original Hash Batches": 1,
                      "Peak Memory Usage": 18016,
                      "Plans": [
                        {
                          "Node Type": "Seq Scan",
                          "Parent Relationship": "Outer",
                          "Parallel Aware": true,
                          "Relation Name": "title",
                          "Alias": "t",
                          "Startup Cost": 0.0,
                          "Total Cost": 45479.1,
                          "Plan Rows": 47546,
                          "Plan Width": 4,
                          "Actual Startup Time": 0.159,
                          "Actual Total Time": 75.576,
                          "Actual Rows": 42949,
                          "Actual Loops": 7,
                          "Filter": "((kind_id < 7) AND (production_year < 1979))",
                          "Rows Removed by Filter": 318238
                        }
                      ]
                    }
                  ]
                }
              ]
            }
          ]
        }
      ]
    },
    "Planning Time": 0.588,
    "Triggers": [],
    "Execution Time": 872.141
  }
]