[
  {
    "Plan": {
      "Node Type": "Aggregate",
      "Strategy": "Plain",
      "Partial Mode": "Finalize",
      "Parallel Aware": false,
      "Startup Cost": 32931.42,
      "Total Cost": 32931.43,
      "Plan Rows": 1,
      "Plan Width": 8,
      "Actual Startup Time": 85.497,
      "Actual Total Time": 93.595,
      "Actual Rows": 1,
      "Actual Loops": 1,
      "Plans": [
        {
          "Node Type": "Gather",
          "Parent Relationship": "Outer",
          "Parallel Aware": false,
          "Startup Cost": 32931.1,
          "Total Cost": 32931.41,
          "Plan Rows": 3,
          "Plan Width": 8,
          "Actual Startup Time": 85.324,
          "Actual Total Time": 93.584,
          "Actual Rows": 4,
          "Actual Loops": 1,
          "Workers Planned": 3,
          "Workers Launched": 3,
          "Single Copy": false,
          "Plans": [
            {
              "Node Type": "Aggregate",
              "Strategy": "Plain",
              "Partial Mode": "Partial",
              "Parent Relationship": "Outer",
              "Parallel Aware": false,
              "Startup Cost": 31931.1,
              "Total Cost": 31931.11,
              "Plan Rows": 1,
              "Plan Width": 8,
              "Actual Startup Time": 81.521,
              "Actual Total Time": 81.523,
              "Actual Rows": 1,
              "Actual Loops": 4,
              "Plans": [
                {
                  "Node Type": "Seq Scan",
                  "Parent Relationship": "Outer",
                  "Parallel Aware": true,
                  "Relation Name": "movie_companies",
                  "Alias": "mc",
                  "Startup Cost": 0.0,
                  "Total Cost": 31414.82,
                  "Plan Rows": 206514,
                  "Plan Width": 0,
                  "Actual Startup Time": 40.389,
                  "Actual Total Time": 76.078,
                  "Actual Rows": 102543,
                  "Actual Loops": 4,
                  "Filter": "((company_id < 11203) AND (company_type_id > 1))",
                  "Rows Removed by Filter": 549740
                }
              ]
            }
          ]
        }
      ]
    },
    "Planning Time": 0.108,
    "Triggers": [],
    "Execution Time": 93.624
  }
]