[
  {
    "Plan": {
      "Node Type": "Aggregate",
      "Strategy": "Plain",
      "Partial Mode": "Finalize",
      "Parallel Aware": false,
      "Startup Cost": 78719.8,
      "Total Cost": 78719.81,
      "Plan Rows": 1,
      "Plan Width": 8,
      "Actual Startup Time": 206.736,
      "Actual Total Time": 222.934,
      "Actual Rows": 1,
      "Actual Loops": 1,
      "Plans": [
        {
          "Node Type": "Gather",
          "Parent Relationship": "Outer",
          "Parallel Aware": false,
          "Startup Cost": 78719.48,
          "Total Cost": 78719.79,
          "Plan Rows": 3,
          "Plan Width": 8,
          "Actual Startup Time": 206.124,
          "Actual Total Time": 222.926,
          "Actual Rows": 4,
          "Actual Loops": 1,
          "Workers Planned": 3,
          "Workers Launched": 3,
          "Single Copy": false,
          "Plans": [
            {
              "Node Type": "Aggregate",
              "Strategy": "Plain",
              "Partial Mode": "Partial",
              "Parent Relationship": "Outer",
              "Parallel Aware": false,
              "Startup Cost": 77719.48,
              "Total Cost": 77719.49,
              "Plan Rows": 1,
              "Plan Width": 8,
              "Actual Startup Time": 201.109,
              "Actual Total Time": 201.113,
              "Actual Rows": 1,
              "Actual Loops": 4,
              "Plans": [
                {
                  "Node Type": "Hash Join",
                  "Parent Relationship": "Outer",
                  "Parallel Aware": true,
                  "Join Type": "Inner",
                  "Startup Cost": 45710.07,
                  "Total Cost": 77703.41,
                  "Plan Rows": 6429,
                  "Plan Width": 0,
                  "Actual Startup Time": 136.207,
                  "Actual Total Time": 200.997,
                  "Actual Rows": 1898,
                  "Actual Loops": 4,
                  "Inner Unique": true,
                  "Hash Cond": "(mc.movie_id = t.id)",
                  "Plans": [
                    {
                      "Node Type": "Seq Scan",
                      "Parent Relationship": "Outer",
                      "Parallel Aware": true,
                      "Relation Name": "movie_companies",
                      "Alias": "mc",
                      "Startup Cost": 0.0,
                      "Total Cost": 31414.82,
                      "Plan Rows": 220387,
                      "Plan Width": 4,
                      "Actual Startup Time": 33.564,
                      "Actual Total Time": 71.768,
                      "Actual Rows": 229014,
                      "Actual Loops": 4,
                      "Filter": "((company_id > 11238) AND (company_type_id = 2))",
                      "Rows Removed by Filter": 423268
                    },
                    {
                      "Node Type": "Hash",
                      "Parent Relationship": "Inner",
                      "Parallel Aware": true,
                      "Startup Cost": 45479.59,
                      "Total Cost": 45479.59,
                      "Plan Rows": 18439,
                      "Plan Width": 4,
                      "Actual Startup Time": 101.542,
                      "Actual Total Time": 101.543,
                      "Actual Rows": 21019,
                      "Actual Loops": 4,
                      "Hash Buckets": 131072,
                      "Original Hash Buckets": 131072,
                      "Hash Batches": 1,
                      "Original Hash Batches": 1,
                      "Peak Memory Usage": 4352,
                      "Plans": [
                        {
                          "Node Type": "Seq Scan",
                          "Parent Relationship": "Outer",
                          "Parallel Aware": true,
                          "Relation Name": "title",
                          "Alias": "t",
                          "Startup Cost": 0.0,
                          "Total Cost": 45479.59,
                          "Plan Rows": 18439,
                          "Plan Width": 4,
                          "Actual Startup Time": 0.032,
                          "Actual Total Time": 93.851,
                          "Actual Rows": 21019,
                          "Actual Loops": 4,
                          "Filter": "((kind_id = 7) AND (production_year = 2007))",
                          "Rows Removed by Filter": 611059
                        }
                      ]
                    }
                  ]
                }
              ]
            }
          ]
        }
      ]
    },
    "Planning Time": 0.298,
    "Triggers": [],
    "Execution Time": 222.973
  }
]