[
  {
    "Plan": {
      "Node Type": "Aggregate",
      "Strategy": "Plain",
      "Partial Mode": "Finalize",
      "Parallel Aware": false,
      "Startup Cost": 31586.95,
      "Total Cost": 31586.96,
      "Plan Rows": 1,
      "Plan Width": 8,
      "Actual Startup Time": 98.93,
      "Actual Total Time": 106.683,
      "Actual Rows": 1,
      "Actual Loops": 1,
      "Plans": [
        {
          "Node Type": "Gather",
          "Parent Relationship": "Outer",
          "Parallel Aware": false,
          "Startup Cost": 31586.63,
          "Total Cost": 31586.94,
          "Plan Rows": 3,
          "Plan Width": 8,
          "Actual Startup Time": 98.812,
          "Actual Total Time": 106.669,
          "Actual Rows": 4,
          "Actual Loops": 1,
          "Workers Planned": 3,
          "Workers Launched": 3,
          "Single Copy": false,
          "Plans": [
            {
              "Node Type": "Aggregate",
              "Strategy": "Plain",
              "Partial Mode": "Partial",
              "Parent Relationship": "Outer",
              "Parallel Aware": false,
              "Startup Cost": 30586.63,
              "Total Cost": 30586.64,
              "Plan Rows": 1,
              "Plan Width": 8,
              "Actual Startup Time": 94.239,
              "Actual Total Time": 94.241,
              "Actual Rows": 1,
              "Actual Loops": 4,
              "Plans": [
                {
                  "Node Type": "Seq Scan",
                  "Parent Relationship": "Outer",
                  "Parallel Aware": true,
                  "Relation Name": "movie_companies",
                  "Alias": "mc",
                  "Startup Cost": 0.0,
                  "Total Cost": 29310.68,
                  "Plan Rows": 510381,
                  "Plan Width": 0,
                  "Actual Startup Time": 0.027,
                  "Actual Total Time": 74.782,
                  "Actual Rows": 392804,
                  "Actual Loops": 4,
                  "Filter": "(company_id < 15296)",
                  "Rows Removed by Filter": 259478
                }
              ]
            }
          ]
        }
      ]
    },
    "Planning Time": 0.191,
    "Triggers": [],
    "Execution Time": 106.736
  }
]