{
    "Plan": {
        "Node Type": "Aggregate",
        "Strategy": "Plain",
        "Partial Mode": "Simple",
        "Parallel Aware": false,
        "Startup Cost": 301722.98,
        "Total Cost": 301722.99,
        "Plan Rows": 1,
        "Plan Width": 8,
        "Actual Startup Time": 2782.143,
        "Actual Total Time": 2782.149,
        "Actual Rows": 1,
        "Actual Loops": 1,
        "Output": [
            "count(*)"
        ],
        "Plans": [
            {
                "Node Type": "Hash Join",
                "Parent Relationship": "Outer",
                "Parallel Aware": false,
                "Join Type": "Inner",
                "Startup Cost": 299635.32,
                "Total Cost": 301722.69,
                "Plan Rows": 117,
                "Plan Width": 0,
                "Actual Startup Time": 2782.082,
                "Actual Total Time": 2782.141,
                "Actual Rows": 9,
                "Actual Loops": 1,
                "Inner Unique": false,
                "Hash Cond": "(t.id = mk.movie_id)",
                "Plans": [
                    {
                        "Node Type": "Hash Join",
                        "Parent Relationship": "Outer",
                        "Parallel Aware": false,
                        "Join Type": "Inner",
                        "Startup Cost": 115994.51,
                        "Total Cost": 117950.85,
                        "Plan Rows": 86,
                        "Plan Width": 8,
                        "Actual Startup Time": 1257.265,
                        "Actual Total Time": 1257.311,
                        "Actual Rows": 27,
                        "Actual Loops": 1,
                        "Output": [
                            "t.id",
                            "ci.movie_id"
                        ],
                        "Inner Unique": true,
                        "Hash Cond": "(ci.movie_id = t.id)",
                        "Plans": [
                            {
                                "Node Type": "Bitmap Heap Scan",
                                "Parent Relationship": "Outer",
                                "Parallel Aware": false,
                                "Relation Name": "cast_info",
                                "Schema": "public",
                                "Alias": "ci",
                                "Startup Cost": 12.37,
                                "Total Cost": 1968.41,
                                "Plan Rows": 117,
                                "Plan Width": 4,
                                "Actual Startup Time": 0.599,
                                "Actual Total Time": 0.606,
                                "Actual Rows": 27,
                                "Actual Loops": 1,
                                "Output": [
                                    "ci.id",
                                    "ci.person_id",
                                    "ci.movie_id",
                                    "ci.person_role_id",
                                    "ci.note",
                                    "ci.nr_order",
                                    "ci.role_id"
                                ],
                                "Recheck Cond": "(ci.person_id = 3006302)",
                                "Rows Removed by Index Recheck": 0,
                                "Filter": "(ci.role_id > 5)",
                                "Rows Removed by Filter": 143,
                                "Exact Heap Blocks": 5,
                                "Lossy Heap Blocks": 0,
                                "Plans": [
                                    {
                                        "Node Type": "Bitmap Index Scan",
                                        "Parent Relationship": "Outer",
                                        "Parallel Aware": false,
                                        "Index Name": "person_id_cast_info",
                                        "Startup Cost": 0.0,
                                        "Total Cost": 12.34,
                                        "Plan Rows": 504,
                                        "Plan Width": 0,
                                        "Actual Startup Time": 0.284,
                                        "Actual Total Time": 0.284,
                                        "Actual Rows": 170,
                                        "Actual Loops": 1,
                                        "Index Cond": "(ci.person_id = 3006302)"
                                    }
                                ]
                            },
                            {
                                "Node Type": "Hash",
                                "Parent Relationship": "Inner",
                                "Parallel Aware": false,
                                "Startup Cost": 92770.03,
                                "Total Cost": 92770.03,
                                "Plan Rows": 1856968,
                                "Plan Width": 4,
                                "Actual Startup Time": 1238.395,
                                "Actual Total Time": 1238.397,
                                "Actual Rows": 1865487,
                                "Actual Loops": 1,
                                "Output": [
                                    "t.id"
                                ],
                                "Hash Buckets": 2097152,
                                "Original Hash Buckets": 2097152,
                                "Hash Batches": 1,
                                "Original Hash Batches": 1,
                                "Peak Memory Usage": 81968,
                                "Plans": [
                                    {
                                        "Node Type": "Bitmap Heap Scan",
                                        "Parent Relationship": "Outer",
                                        "Parallel Aware": false,
                                        "Relation Name": "title",
                                        "Schema": "public",
                                        "Alias": "t",
                                        "Startup Cost": 33559.93,
                                        "Total Cost": 92770.03,
                                        "Plan Rows": 1856968,
                                        "Plan Width": 4,
                                        "Actual Startup Time": 111.386,
                                        "Actual Total Time": 614.879,
                                        "Actual Rows": 1865487,
                                        "Actual Loops": 1,
                                        "Output": [
                                            "t.id"
                                        ],
                                        "Recheck Cond": "(t.kind_id > 1)",
                                        "Rows Removed by Index Recheck": 0,
                                        "Exact Heap Blocks": 35995,
                                        "Lossy Heap Blocks": 0,
                                        "Plans": [
                                            {
                                                "Node Type": "Bitmap Index Scan",
                                                "Parent Relationship": "Outer",
                                                "Parallel Aware": false,
                                                "Index Name": "kind_id_title",
                                                "Startup Cost": 0.0,
                                                "Total Cost": 33095.69,
                                                "Plan Rows": 1856968,
                                                "Plan Width": 0,
                                                "Actual Startup Time": 103.509,
                                                "Actual Total Time": 103.509,
                                                "Actual Rows": 1865487,
                                                "Actual Loops": 1,
                                                "Index Cond": "(t.kind_id > 1)"
                                            }
                                        ]
                                    }
                                ]
                            }
                        ]
                    },
                    {
                        "Node Type": "Hash",
                        "Parent Relationship": "Inner",
                        "Parallel Aware": false,
                        "Startup Cost": 140580.36,
                        "Total Cost": 140580.36,
                        "Plan Rows": 3444836,
                        "Plan Width": 4,
                        "Actual Startup Time": 1502.398,
                        "Actual Total Time": 1502.399,
                        "Actual Rows": 3468579,
                        "Actual Loops": 1,
                        "Output": [
                            "mk.movie_id"
                        ],
                        "Hash Buckets": 4194304,
                        "Original Hash Buckets": 4194304,
                        "Hash Batches": 1,
                        "Original Hash Batches": 1,
                        "Peak Memory Usage": 154711,
                        "Plans": [
                            {
                                "Node Type": "Bitmap Heap Scan",
                                "Parent Relationship": "Outer",
                                "Parallel Aware": false,
                                "Relation Name": "movie_keyword",
                                "Schema": "public",
                                "Alias": "mk",
                                "Startup Cost": 73065.91,
                                "Total Cost": 140580.36,
                                "Plan Rows": 3444836,
                                "Plan Width": 4,
                                "Actual Startup Time": 281.694,
                                "Actual Total Time": 853.759,
                                "Actual Rows": 3468579,
                                "Actual Loops": 1,
                                "Output": [
                                    "mk.movie_id"
                                ],
                                "Recheck Cond": "(mk.keyword_id < 16742)",
                                "Rows Removed by Index Recheck": 0,
                                "Exact Heap Blocks": 24453,
                                "Lossy Heap Blocks": 0,
                                "Plans": [
                                    {
                                        "Node Type": "Bitmap Index Scan",
                                        "Parent Relationship": "Outer",
                                        "Parallel Aware": false,
                                        "Index Name": "keyword_id_movie_keyword",
                                        "Startup Cost": 0.0,
                                        "Total Cost": 72204.7,
                                        "Plan Rows": 3444836,
                                        "Plan Width": 0,
                                        "Actual Startup Time": 276.907,
                                        "Actual Total Time": 276.908,
                                        "Actual Rows": 3468579,
                                        "Actual Loops": 1,
                                        "Index Cond": "(mk.keyword_id < 16742)"
                                    }
                                ]
                            }
                        ]
                    }
                ]
            }
        ]
    },
    "Planning Time": 3.732,
    "Triggers": [],
    "Execution Time": 2787.986
}