[
  {
    "Plan": {
      "Node Type": "Aggregate",
      "Strategy": "Plain",
      "Partial Mode": "Finalize",
      "Parallel Aware": false,
      "Startup Cost": 123812.53,
      "Total Cost": 123812.54,
      "Plan Rows": 1,
      "Plan Width": 8,
      "Actual Startup Time": 470.506,
      "Actual Total Time": 493.069,
      "Actual Rows": 1,
      "Actual Loops": 1,
      "Plans": [
        {
          "Node Type": "Gather",
          "Parent Relationship": "Outer",
          "Parallel Aware": false,
          "Startup Cost": 123812.21,
          "Total Cost": 123812.52,
          "Plan Rows": 3,
          "Plan Width": 8,
          "Actual Startup Time": 467.475,
          "Actual Total Time": 493.044,
          "Actual Rows": 4,
          "Actual Loops": 1,
          "Workers Planned": 3,
          "Workers Launched": 3,
          "Single Copy": false,
          "Plans": [
            {
              "Node Type": "Aggregate",
              "Strategy": "Plain",
              "Partial Mode": "Partial",
              "Parent Relationship": "Outer",
              "Parallel Aware": false,
              "Startup Cost": 122812.21,
              "Total Cost": 122812.22,
              "Plan Rows": 1,
              "Plan Width": 8,
              "Actual Startup Time": 455.415,
              "Actual Total Time": 455.581,
              "Actual Rows": 1,
              "Actual Loops": 4,
              "Plans": [
                {
                  "Node Type": "Hash Join",
                  "Parent Relationship": "Outer",
                  "Parallel Aware": true,
                  "Join Type": "Inner",
                  "Startup Cost": 91975.75,
                  "Total Cost": 122605.38,
                  "Plan Rows": 82734,
                  "Plan Width": 0,
                  "Actual Startup Time": 326.895,
                  "Actual Total Time": 453.976,
                  "Actual Rows": 35430,
                  "Actual Loops": 4,
                  "Inner Unique": false,
                  "Hash Cond": "(mc.movie_id = t.id)",
                  "Plans": [
                    {
                      "Node Type": "Seq Scan",
                      "Parent Relationship": "Outer",
                      "Parallel Aware": true,
                      "Relation Name": "movie_companies",
                      "Alias": "mc",
                      "Startup Cost": 0.0,
                      "Total Cost": 27206.55,
                      "Plan Rows": 841655,
                      "Plan Width": 4,
                      "Actual Startup Time": 0.021,
                      "Actual Total Time": 60.481,
                      "Actual Rows": 652282,
                      "Actual Loops": 4
                    },
                    {
                      "Node Type": "Hash",
                      "Parent Relationship": "Inner",
                      "Parallel Aware": true,
                      "Startup Cost": 90973.62,
                      "Total Cost": 90973.62,
                      "Plan Rows": 80170,
                      "Plan Width": 8,
                      "Actual Startup Time": 324.319,
                      "Actual Total Time": 324.483,
                      "Actual Rows": 13759,
                      "Actual Loops": 4,
                      "Hash Buckets": 262144,
                      "Original Hash Buckets": 262144,
                      "Hash Batches": 1,
                      "Original Hash Batches": 1,
                      "Peak Memory Usage": 4288,
                      "Plans": [
                        {
                          "Node Type": "Hash Join",
                          "Parent Relationship": "Outer",
                          "Parallel Aware": true,
                          "Join Type": "Inner",
                          "Startup Cost": 47422.31,
                          "Total Cost": 90973.62,
                          "Plan Rows": 80170,
                          "Plan Width": 8,
                          "Actual Startup Time": 177.831,
                          "Actual Total Time": 320.624,
                          "Actual Rows": 13759,
                          "Actual Loops": 4,
                          "Inner Unique": true,
                          "Hash Cond": "(mk.movie_id = t.id)",
                          "Plans": [
                            {
                              "Node Type": "Seq Scan",
                              "Parent Relationship": "Outer",
                              "Parallel Aware": true,
                              "Relation Name": "movie_keyword",
                              "Alias": "mk",
                              "Startup Cost": 0.0,
                              "Total Cost": 42695.65,
                              "Plan Rows": 325965,
                              "Plan Width": 4,
                              "Actual Startup Time": 0.028,
                              "Actual Total Time": 98.767,
                              "Actual Rows": 253302,
                              "Actual Loops": 4,
                              "Filter": "(keyword_id < 983)",
                              "Rows Removed by Filter": 877680
                            },
                            {
                              "Node Type": "Hash",
                              "Parent Relationship": "Inner",
                              "Parallel Aware": true,
                              "Startup Cost": 45479.1,
                              "Total Cost": 45479.1,
                              "Plan Rows": 155457,
                              "Plan Width": 4,
                              "Actual Startup Time": 174.105,
                              "Actual Total Time": 174.106,
                              "Actual Rows": 169232,
                              "Actual Loops": 4,
                              "Hash Buckets": 1048576,
                              "Original Hash Buckets": 1048576,
                              "Hash Batches": 1,
                              "Original Hash Batches": 1,
                              "Peak Memory Usage": 34752,
                              "Plans": [
                                {
                                  "Node Type": "Seq Scan",
                                  "Parent Relationship": "Outer",
                                  "Parallel Aware": true,
                                  "Relation Name": "title",
                                  "Alias": "t",
                                  "Startup Cost": 0.0,
                                  "Total Cost": 45479.1,
                                  "Plan Rows": 155457,
                                  "Plan Width": 4,
                                  "Actual Startup Time": 0.051,
                                  "Actual Total Time": 107.799,
                                  "Actual Rows": 169232,
                                  "Actual Loops": 4,
                                  "Filter": "((production_year > 2005) AND (kind_id = 7))",
                                  "Rows Removed by Filter": 462846
                                }
                              ]
                            }
                          ]
                        }
                      ]
                    }
                  ]
                }
              ]
            }
          ]
        }
      ]
    },
    "Planning Time": 1.368,
    "Triggers": [],
    "Execution Time": 493.153
  }
]