[
  {
    "Plan": {
      "Node Type": "Aggregate",
      "Strategy": "Plain",
      "Partial Mode": "Finalize",
      "Parallel Aware": false,
      "Startup Cost": 75979.71,
      "Total Cost": 75979.72,
      "Plan Rows": 1,
      "Plan Width": 8,
      "Actual Startup Time": 283.547,
      "Actual Total Time": 304.032,
      "Actual Rows": 1,
      "Actual Loops": 1,
      "Plans": [
        {
          "Node Type": "Gather",
          "Parent Relationship": "Outer",
          "Parallel Aware": false,
          "Startup Cost": 75979.39,
          "Total Cost": 75979.7,
          "Plan Rows": 3,
          "Plan Width": 8,
          "Actual Startup Time": 282.783,
          "Actual Total Time": 304.022,
          "Actual Rows": 4,
          "Actual Loops": 1,
          "Workers Planned": 3,
          "Workers Launched": 3,
          "Single Copy": false,
          "Plans": [
            {
              "Node Type": "Aggregate",
              "Strategy": "Plain",
              "Partial Mode": "Partial",
              "Parent Relationship": "Outer",
              "Parallel Aware": false,
              "Startup Cost": 74979.39,
              "Total Cost": 74979.4,
              "Plan Rows": 1,
              "Plan Width": 8,
              "Actual Startup Time": 277.439,
              "Actual Total Time": 277.443,
              "Actual Rows": 1,
              "Actual Loops": 4,
              "Plans": [
                {
                  "Node Type": "Hash Join",
                  "Parent Relationship": "Outer",
                  "Parallel Aware": true,
                  "Join Type": "Inner",
                  "Startup Cost": 44145.75,
                  "Total Cost": 74935.46,
                  "Plan Rows": 17573,
                  "Plan Width": 0,
                  "Actual Startup Time": 156.175,
                  "Actual Total Time": 275.432,
                  "Actual Rows": 32500,
                  "Actual Loops": 4,
                  "Inner Unique": true,
                  "Hash Cond": "(mc.movie_id = t.id)",
                  "Plans": [
                    {
                      "Node Type": "Seq Scan",
                      "Parent Relationship": "Outer",
                      "Parallel Aware": true,
                      "Relation Name": "movie_companies",
                      "Alias": "mc",
                      "Startup Cost": 0.0,
                      "Total Cost": 29310.68,
                      "Plan Rows": 563439,
                      "Plan Width": 4,
                      "Actual Startup Time": 0.015,
                      "Actual Total Time": 89.843,
                      "Actual Rows": 439325,
                      "Actual Loops": 4,
                      "Filter": "(company_id < 25005)",
                      "Rows Removed by Filter": 212957
                    },
                    {
                      "Node Type": "Hash",
                      "Parent Relationship": "Inner",
                      "Parallel Aware": true,
                      "Startup Cost": 43899.32,
                      "Total Cost": 43899.32,
                      "Plan Rows": 19714,
                      "Plan Width": 4,
                      "Actual Startup Time": 122.873,
                      "Actual Total Time": 122.874,
                      "Actual Rows": 20412,
                      "Actual Loops": 4,
                      "Hash Buckets": 131072,
                      "Original Hash Buckets": 131072,
                      "Hash Batches": 1,
                      "Original Hash Batches": 1,
                      "Peak Memory Usage": 4288,
                      "Plans": [
                        {
                          "Node Type": "Seq Scan",
                          "Parent Relationship": "Outer",
                          "Parallel Aware": true,
                          "Relation Name": "title",
                          "Alias": "t",
                          "Startup Cost": 0.0,
                          "Total Cost": 43899.32,
                          "Plan Rows": 19714,
                          "Plan Width": 4,
                          "Actual Startup Time": 62.69,
                          "Actual Total Time": 114.528,
                          "Actual Rows": 20412,
                          "Actual Loops": 4,
                          "Filter": "(production_year < 1919)",
                          "Rows Removed by Filter": 611666
                        }
                      ]
                    }
                  ]
                }
              ]
            }
          ]
        }
      ]
    },
    "Planning Time": 0.276,
    "Triggers": [],
    "Execution Time": 304.074
  }
]