[
  {
    "Plan": {
      "Node Type": "Aggregate",
      "Strategy": "Plain",
      "Partial Mode": "Finalize",
      "Parallel Aware": false,
      "Startup Cost": 46366.63,
      "Total Cost": 46366.64,
      "Plan Rows": 1,
      "Plan Width": 8,
      "Actual Startup Time": 123.574,
      "Actual Total Time": 135.529,
      "Actual Rows": 1,
      "Actual Loops": 1,
      "Plans": [
        {
          "Node Type": "Gather",
          "Parent Relationship": "Outer",
          "Parallel Aware": false,
          "Startup Cost": 46366.21,
          "Total Cost": 46366.62,
          "Plan Rows": 4,
          "Plan Width": 8,
          "Actual Startup Time": 123.425,
          "Actual Total Time": 135.52,
          "Actual Rows": 5,
          "Actual Loops": 1,
          "Workers Planned": 4,
          "Workers Launched": 4,
          "Single Copy": false,
          "Plans": [
            {
              "Node Type": "Aggregate",
              "Strategy": "Plain",
              "Partial Mode": "Partial",
              "Parent Relationship": "Outer",
              "Parallel Aware": false,
              "Startup Cost": 45366.21,
              "Total Cost": 45366.22,
              "Plan Rows": 1,
              "Plan Width": 8,
              "Actual Startup Time": 115.309,
              "Actual Total Time": 115.31,
              "Actual Rows": 1,
              "Actual Loops": 5,
              "Plans": [
                {
                  "Node Type": "Seq Scan",
                  "Parent Relationship": "Outer",
                  "Parallel Aware": true,
                  "Relation Name": "title",
                  "Alias": "t",
                  "Startup Cost": 0.0,
                  "Total Cost": 43899.32,
                  "Plan Rows": 586757,
                  "Plan Width": 0,
                  "Actual Startup Time": 0.039,
                  "Actual Total Time": 93.28,
                  "Actual Rows": 468181,
                  "Actual Loops": 5,
                  "Filter": "(production_year > 1929)",
                  "Rows Removed by Filter": 37482
                }
              ]
            }
          ]
        }
      ]
    },
    "Planning Time": 0.104,
    "Triggers": [],
    "Execution Time": 135.57
  }
]