[
  {
    "Plan": {
      "Node Type": "Aggregate",
      "Strategy": "Plain",
      "Partial Mode": "Simple",
      "Parallel Aware": false,
      "Startup Cost": 7489.38,
      "Total Cost": 7489.39,
      "Plan Rows": 1,
      "Plan Width": 64,
      "Actual Startup Time": 103.219,
      "Actual Total Time": 103.226,
      "Actual Rows": 1,
      "Actual Loops": 1,
      "Plans": [
        {
          "Node Type": "Nested Loop",
          "Parent Relationship": "Outer",
          "Parallel Aware": false,
          "Join Type": "Inner",
          "Startup Cost": 12.93,
          "Total Cost": 7489.38,
          "Plan Rows": 1,
          "Plan Width": 27,
          "Actual Startup Time": 34.41,
          "Actual Total Time": 103.204,
          "Actual Rows": 16,
          "Actual Loops": 1,
          "Inner Unique": true,
          "Join Filter": "(mi.info_type_id = it1.id)",
          "Rows Removed by Join Filter": 0,
          "Plans": [
            {
              "Node Type": "Nested Loop",
              "Parent Relationship": "Outer",
              "Parallel Aware": false,
              "Join Type": "Inner",
              "Startup Cost": 12.93,
              "Total Cost": 7486.95,
              "Plan Rows": 1,
              "Plan Width": 31,
              "Actual Startup Time": 34.399,
              "Actual Total Time": 103.086,
              "Actual Rows": 16,
              "Actual Loops": 1,
              "Inner Unique": false,
              "Join Filter": "(t.id = mi.movie_id)",
              "Rows Removed by Join Filter": 0,
              "Plans": [
                {
                  "Node Type": "Nested Loop",
                  "Parent Relationship": "Outer",
                  "Parallel Aware": false,
                  "Join Type": "Inner",
                  "Startup Cost": 12.5,
                  "Total Cost": 7485.39,
                  "Plan Rows": 1,
                  "Plan Width": 43,
                  "Actual Startup Time": 6.857,
                  "Actual Total Time": 69.92,
                  "Actual Rows": 355,
                  "Actual Loops": 1,
                  "Inner Unique": true,
                  "Join Filter": "(mc.company_type_id = ct.id)",
                  "Rows Removed by Join Filter": 161,
                  "Plans": [
                    {
                      "Node Type": "Nested Loop",
                      "Parent Relationship": "Outer",
                      "Parallel Aware": false,
                      "Join Type": "Inner",
                      "Startup Cost": 12.5,
                      "Total Cost": 7484.3,
                      "Plan Rows": 1,
                      "Plan Width": 47,
                      "Actual Startup Time": 6.848,
                      "Actual Total Time": 68.4,
                      "Actual Rows": 355,
                      "Actual Loops": 1,
                      "Inner Unique": true,
                      "Plans": [
                        {
                          "Node Type": "Nested Loop",
                          "Parent Relationship": "Outer",
                          "Parallel Aware": false,
                          "Join Type": "Inner",
                          "Startup Cost": 12.08,
                          "Total Cost": 7482.52,
                          "Plan Rows": 4,
                          "Plan Width": 51,
                          "Actual Startup Time": 6.712,
                          "Actual Total Time": 59.219,
                          "Actual Rows": 1372,
                          "Actual Loops": 1,
                          "Inner Unique": false,
                          "Join Filter": "(t.id = mc.movie_id)",
                          "Rows Removed by Join Filter": 0,
                          "Plans": [
                            {
                              "Node Type": "Nested Loop",
                              "Parent Relationship": "Outer",
                              "Parallel Aware": false,
                              "Join Type": "Inner",
                              "Startup Cost": 11.65,
                              "Total Cost": 7480.1,
                              "Plan Rows": 4,
                              "Plan Width": 39,
                              "Actual Startup Time": 6.642,
                              "Actual Total Time": 56.179,
                              "Actual Rows": 68,
                              "Actual Loops": 1,
                              "Inner Unique": false,
                              "Join Filter": "(cc.status_id = cct1.id)",
                              "Rows Removed by Join Filter": 87,
                              "Plans": [
                                {
                                  "Node Type": "Seq Scan",
                                  "Parent Relationship": "Outer",
                                  "Parallel Aware": false,
                                  "Relation Name": "comp_cast_type",
                                  "Alias": "cct1",
                                  "Startup Cost": 0.0,
                                  "Total Cost": 1.05,
                                  "Plan Rows": 1,
                                  "Plan Width": 4,
                                  "Actual Startup Time": 0.009,
                                  "Actual Total Time": 0.01,
                                  "Actual Rows": 1,
                                  "Actual Loops": 1,
                                  "Filter": "((kind)::text = 'complete+verified'::text)",
                                  "Rows Removed by Filter": 3
                                },
                                {
                                  "Node Type": "Nested Loop",
                                  "Parent Relationship": "Inner",
                                  "Parallel Aware": false,
                                  "Join Type": "Inner",
                                  "Startup Cost": 11.65,
                                  "Total Cost": 7478.86,
                                  "Plan Rows": 15,
                                  "Plan Width": 43,
                                  "Actual Startup Time": 6.608,
                                  "Actual Total Time": 56.124,
                                  "Actual Rows": 155,
                                  "Actual Loops": 1,
                                  "Inner Unique": false,
                                  "Plans": [
                                    {
                                      "Node Type": "Nested Loop",
                                      "Parent Relationship": "Outer",
                                      "Parallel Aware": false,
                                      "Join Type": "Inner",
                                      "Startup Cost": 11.23,
                                      "Total Cost": 7473.6,
                                      "Plan Rows": 11,
                                      "Plan Width": 35,
                                      "Actual Startup Time": 6.207,
                                      "Actual Total Time": 51.433,
                                      "Actual Rows": 424,
                                      "Actual Loops": 1,
                                      "Inner Unique": false,
                                      "Join Filter": "(t.kind_id = kt.id)",
                                      "Rows Removed by Join Filter": 159,
                                      "Plans": [
                                        {
                                          "Node Type": "Seq Scan",
                                          "Parent Relationship": "Outer",
                                          "Parallel Aware": false,
                                          "Relation Name": "kind_type",
                                          "Alias": "kt",
                                          "Startup Cost": 0.0,
                                          "Total Cost": 1.09,
                                          "Plan Rows": 1,
                                          "Plan Width": 14,
                                          "Actual Startup Time": 0.005,
                                          "Actual Total Time": 0.008,
                                          "Actual Rows": 1,
                                          "Actual Loops": 1,
                                          "Filter": "((kind)::text = 'movie'::text)",
                                          "Rows Removed by Filter": 6
                                        },
                                        {
                                          "Node Type": "Nested Loop",
                                          "Parent Relationship": "Inner",
                                          "Parallel Aware": false,
                                          "Join Type": "Inner",
                                          "Startup Cost": 11.23,
                                          "Total Cost": 7471.55,
                                          "Plan Rows": 77,
                                          "Plan Width": 29,
                                          "Actual Startup Time": 1.151,
                                          "Actual Total Time": 51.268,
                                          "Actual Rows": 583,
                                          "Actual Loops": 1,
                                          "Inner Unique": true,
                                          "Plans": [
                                            {
                                              "Node Type": "Nested Loop",
                                              "Parent Relationship": "Outer",
                                              "Parallel Aware": false,
                                              "Join Type": "Inner",
                                              "Startup Cost": 10.8,
                                              "Total Cost": 7405.43,
                                              "Plan Rows": 135,
                                              "Plan Width": 4,
                                              "Actual Startup Time": 1.107,
                                              "Actual Total Time": 31.797,
                                              "Actual Rows": 1133,
                                              "Actual Loops": 1,
                                              "Inner Unique": false,
                                              "Plans": [
                                                {
                                                  "Node Type": "Seq Scan",
                                                  "Parent Relationship": "Outer",
                                                  "Parallel Aware": false,
                                                  "Relation Name": "keyword",
                                                  "Alias": "k",
                                                  "Startup Cost": 0.0,
                                                  "Total Cost": 2961.55,
                                                  "Plan Rows": 4,
                                                  "Plan Width": 4,
                                                  "Actual Startup Time": 0.82,
                                                  "Actual Total Time": 21.73,
                                                  "Actual Rows": 4,
                                                  "Actual Loops": 1,
                                                  "Filter": "(keyword = ANY ('{nerd,loner,alienation,dignity}'::text[]))",
                                                  "Rows Removed by Filter": 134166
                                                },
                                                {
                                                  "Node Type": "Bitmap Heap Scan",
                                                  "Parent Relationship": "Inner",
                                                  "Parallel Aware": false,
                                                  "Relation Name": "movie_keyword",
                                                  "Alias": "mk",
                                                  "Startup Cost": 10.8,
                                                  "Total Cost": 1107.92,
                                                  "Plan Rows": 305,
                                                  "Plan Width": 8,
                                                  "Actual Startup Time": 0.116,
                                                  "Actual Total Time": 2.411,
                                                  "Actual Rows": 283,
                                                  "Actual Loops": 4,
                                                  "Recheck Cond": "(keyword_id = k.id)",
                                                  "Rows Removed by Index Recheck": 0,
                                                  "Exact Heap Blocks": 1083,
                                                  "Lossy Heap Blocks": 0,
                                                  "Plans": [
                                                    {
                                                      "Node Type": "Bitmap Index Scan",
                                                      "Parent Relationship": "Outer",
                                                      "Parallel Aware": false,
                                                      "Index Name": "keyword_id_movie_keyword",
                                                      "Startup Cost": 0.0,
                                                      "Total Cost": 10.72,
                                                      "Plan Rows": 305,
                                                      "Plan Width": 0,
                                                      "Actual Startup Time": 0.072,
                                                      "Actual Total Time": 0.072,
                                                      "Actual Rows": 283,
                                                      "Actual Loops": 4,
                                                      "Index Cond": "(keyword_id = k.id)"
                                                    }
                                                  ]
                                                }
                                              ]
                                            },
                                            {
                                              "Node Type": "Index Scan",
                                              "Parent Relationship": "Inner",
                                              "Parallel Aware": false,
                                              "Scan Direction": "Forward",
                                              "Index Name": "title_pkey",
                                              "Relation Name": "title",
                                              "Alias": "t",
                                              "Startup Cost": 0.43,
                                              "Total Cost": 0.49,
                                              "Plan Rows": 1,
                                              "Plan Width": 25,
                                              "Actual Startup Time": 0.016,
                                              "Actual Total Time": 0.016,
                                              "Actual Rows": 1,
                                              "Actual Loops": 1133,
                                              "Index Cond": "(id = mk.movie_id)",
                                              "Rows Removed by Index Recheck": 0,
                                              "Filter": "(production_year > 1999)",
                                              "Rows Removed by Filter": 0
                                            }
                                          ]
                                        }
                                      ]
                                    },
                                    {
                                      "Node Type": "Index Scan",
                                      "Parent Relationship": "Inner",
                                      "Parallel Aware": false,
                                      "Scan Direction": "Forward",
                                      "Index Name": "movie_id_complete_cast",
                                      "Relation Name": "complete_cast",
                                      "Alias": "cc",
                                      "Startup Cost": 0.42,
                                      "Total Cost": 0.46,
                                      "Plan Rows": 2,
                                      "Plan Width": 8,
                                      "Actual Startup Time": 0.01,
                                      "Actual Total Time": 0.01,
                                      "Actual Rows": 0,
                                      "Actual Loops": 424,
                                      "Index Cond": "(movie_id = t.id)",
                                      "Rows Removed by Index Recheck": 0
                                    }
                                  ]
                                }
                              ]
                            },
                            {
                              "Node Type": "Index Scan",
                              "Parent Relationship": "Inner",
                              "Parallel Aware": false,
                              "Scan Direction": "Forward",
                              "Index Name": "movie_id_movie_companies",
                              "Relation Name": "movie_companies",
                              "Alias": "mc",
                              "Startup Cost": 0.43,
                              "Total Cost": 0.54,
                              "Plan Rows": 5,
                              "Plan Width": 12,
                              "Actual Startup Time": 0.024,
                              "Actual Total Time": 0.038,
                              "Actual Rows": 20,
                              "Actual Loops": 68,
                              "Index Cond": "(movie_id = mk.movie_id)",
                              "Rows Removed by Index Recheck": 0
                            }
                          ]
                        },
                        {
                          "Node Type": "Index Scan",
                          "Parent Relationship": "Inner",
                          "Parallel Aware": false,
                          "Scan Direction": "Forward",
                          "Index Name": "company_name_pkey",
                          "Relation Name": "company_name",
                          "Alias": "cn",
                          "Startup Cost": 0.42,
                          "Total Cost": 0.45,
                          "Plan Rows": 1,
                          "Plan Width": 4,
                          "Actual Startup Time": 0.006,
                          "Actual Total Time": 0.006,
                          "Actual Rows": 0,
                          "Actual Loops": 1372,
                          "Index Cond": "(id = mc.company_id)",
                          "Rows Removed by Index Recheck": 0,
                          "Filter": "((country_code)::text = '[us]'::text)",
                          "Rows Removed by Filter": 1
                        }
                      ]
                    },
                    {
                      "Node Type": "Seq Scan",
                      "Parent Relationship": "Inner",
                      "Parallel Aware": false,
                      "Relation Name": "company_type",
                      "Alias": "ct",
                      "Startup Cost": 0.0,
                      "Total Cost": 1.04,
                      "Plan Rows": 4,
                      "Plan Width": 4,
                      "Actual Startup Time": 0.001,
                      "Actual Total Time": 0.001,
                      "Actual Rows": 1,
                      "Actual Loops": 355
                    }
                  ]
                },
                {
                  "Node Type": "Index Scan",
                  "Parent Relationship": "Inner",
                  "Parallel Aware": false,
                  "Scan Direction": "Forward",
                  "Index Name": "movie_id_movie_info",
                  "Relation Name": "movie_info",
                  "Alias": "mi",
                  "Startup Cost": 0.43,
                  "Total Cost": 1.55,
                  "Plan Rows": 1,
                  "Plan Width": 8,
                  "Actual Startup Time": 0.092,
                  "Actual Total Time": 0.093,
                  "Actual Rows": 0,
                  "Actual Loops": 355,
                  "Index Cond": "(movie_id = mk.movie_id)",
                  "Rows Removed by Index Recheck": 0,
                  "Filter": "((note ~~ '%internet%'::text) AND (info ~~ 'USA:% 200%'::text))",
                  "Rows Removed by Filter": 270
                }
              ]
            },
            {
              "Node Type": "Seq Scan",
              "Parent Relationship": "Inner",
              "Parallel Aware": false,
              "Relation Name": "info_type",
              "Alias": "it1",
              "Startup Cost": 0.0,
              "Total Cost": 2.41,
              "Plan Rows": 1,
              "Plan Width": 4,
              "Actual Startup Time": 0.005,
              "Actual Total Time": 0.005,
              "Actual Rows": 1,
              "Actual Loops": 16,
              "Filter": "((info)::text = 'release dates'::text)",
              "Rows Removed by Filter": 15
            }
          ]
        }
      ]
    },
    "Planning Time": 60.527,
    "Triggers": [],
    "Execution Time": 103.574
  }
]