[
  {
    "Plan": {
      "Node Type": "Aggregate",
      "Strategy": "Plain",
      "Partial Mode": "Finalize",
      "Parallel Aware": false,
      "Startup Cost": 84779.22,
      "Total Cost": 84779.23,
      "Plan Rows": 1,
      "Plan Width": 8,
      "Actual Startup Time": 237.585,
      "Actual Total Time": 251.827,
      "Actual Rows": 1,
      "Actual Loops": 1,
      "Plans": [
        {
          "Node Type": "Gather",
          "Parent Relationship": "Outer",
          "Parallel Aware": false,
          "Startup Cost": 84778.9,
          "Total Cost": 84779.21,
          "Plan Rows": 3,
          "Plan Width": 8,
          "Actual Startup Time": 237.104,
          "Actual Total Time": 251.818,
          "Actual Rows": 4,
          "Actual Loops": 1,
          "Workers Planned": 3,
          "Workers Launched": 3,
          "Single Copy": false,
          "Plans": [
            {
              "Node Type": "Aggregate",
              "Strategy": "Plain",
              "Partial Mode": "Partial",
              "Parent Relationship": "Outer",
              "Parallel Aware": false,
              "Startup Cost": 83778.9,
              "Total Cost": 83778.91,
              "Plan Rows": 1,
              "Plan Width": 8,
              "Actual Startup Time": 227.854,
              "Actual Total Time": 227.857,
              "Actual Rows": 1,
              "Actual Loops": 4,
              "Plans": [
                {
                  "Node Type": "Hash Join",
                  "Parent Relationship": "Outer",
                  "Parallel Aware": true,
                  "Join Type": "Inner",
                  "Startup Cost": 38064.89,
                  "Total Cost": 83742.2,
                  "Plan Rows": 14681,
                  "Plan Width": 0,
                  "Actual Startup Time": 67.819,
                  "Actual Total Time": 227.481,
                  "Actual Rows": 8696,
                  "Actual Loops": 4,
                  "Inner Unique": true,
                  "Hash Cond": "(mk.movie_id = t.id)",
                  "Plans": [
                    {
                      "Node Type": "Seq Scan",
                      "Parent Relationship": "Outer",
                      "Parallel Aware": true,
                      "Relation Name": "movie_keyword",
                      "Alias": "mk",
                      "Startup Cost": 0.0,
                      "Total Cost": 42695.65,
                      "Plan Rows": 1135869,
                      "Plan Width": 4,
                      "Actual Startup Time": 0.023,
                      "Actual Total Time": 104.719,
                      "Actual Rows": 880465,
                      "Actual Loops": 4,
                      "Filter": "(keyword_id < 18494)",
                      "Rows Removed by Filter": 250518
                    },
                    {
                      "Node Type": "Hash",
                      "Parent Relationship": "Inner",
                      "Parallel Aware": true,
                      "Startup Cost": 37962.76,
                      "Total Cost": 37962.76,
                      "Plan Rows": 8170,
                      "Plan Width": 4,
                      "Actual Startup Time": 66.886,
                      "Actual Total Time": 66.887,
                      "Actual Rows": 7457,
                      "Actual Loops": 4,
                      "Hash Buckets": 32768,
                      "Original Hash Buckets": 32768,
                      "Hash Batches": 1,
                      "Original Hash Batches": 1,
                      "Peak Memory Usage": 1504,
                      "Plans": [
                        {
                          "Node Type": "Bitmap Heap Scan",
                          "Parent Relationship": "Outer",
                          "Parallel Aware": true,
                          "Relation Name": "title",
                          "Alias": "t",
                          "Startup Cost": 1624.71,
                          "Total Cost": 37962.76,
                          "Plan Rows": 8170,
                          "Plan Width": 4,
                          "Actual Startup Time": 19.176,
                          "Actual Total Time": 63.768,
                          "Actual Rows": 7457,
                          "Actual Loops": 4,
                          "Recheck Cond": "(kind_id = 2)",
                          "Rows Removed by Index Recheck": 0,
                          "Filter": "(production_year > 2006)",
                          "Rows Removed by Filter": 15256,
                          "Exact Heap Blocks": 15860,
                          "Lossy Heap Blocks": 0,
                          "Plans": [
                            {
                              "Node Type": "Bitmap Index Scan",
                              "Parent Relationship": "Outer",
                              "Parallel Aware": false,
                              "Index Name": "kind_id_title",
                              "Startup Cost": 0.0,
                              "Total Cost": 1616.54,
                              "Plan Rows": 90681,
                              "Plan Width": 0,
                              "Actual Startup Time": 18.854,
                              "Actual Total Time": 18.854,
                              "Actual Rows": 90852,
                              "Actual Loops": 1,
                              "Index Cond": "(kind_id = 2)"
                            }
                          ]
                        }
                      ]
                    }
                  ]
                }
              ]
            }
          ]
        }
      ]
    },
    "Planning Time": 0.577,
    "Triggers": [],
    "Execution Time": 251.913
  }
]