{
  "Plan": {
    "Node Type": "Aggregate",
    "Strategy": "Plain",
    "Partial Mode": "Finalize",
    "Parallel Aware": false,
    "Startup Cost": 825082.46,
    "Total Cost": 825082.47,
    "Plan Rows": 1,
    "Plan Width": 8,
    "Actual Startup Time": 7411.633,
    "Actual Total Time": 7456.77,
    "Actual Rows": 1,
    "Actual Loops": 1,
    "Plans": [
      {
        "Node Type": "Gather",
        "Parent Relationship": "Outer",
        "Parallel Aware": false,
        "Startup Cost": 825082.34,
        "Total Cost": 825082.45,
        "Plan Rows": 1,
        "Plan Width": 8,
        "Actual Startup Time": 7395.011,
        "Actual Total Time": 7456.759,
        "Actual Rows": 2,
        "Actual Loops": 1,
        "Workers Planned": 1,
        "Workers Launched": 1,
        "Single Copy": false,
        "Plans": [
          {
            "Node Type": "Aggregate",
            "Strategy": "Plain",
            "Partial Mode": "Partial",
            "Parent Relationship": "Outer",
            "Parallel Aware": false,
            "Startup Cost": 824082.34,
            "Total Cost": 824082.35,
            "Plan Rows": 1,
            "Plan Width": 8,
            "Actual Startup Time": 7389.005,
            "Actual Total Time": 7389.01,
            "Actual Rows": 1,
            "Actual Loops": 2,
            "Plans": [
              {
                "Node Type": "Merge Join",
                "Parent Relationship": "Outer",
                "Parallel Aware": false,
                "Join Type": "Inner",
                "Startup Cost": 661246.97,
                "Total Cost": 820502.32,
                "Plan Rows": 1432008,
                "Plan Width": 0,
                "Actual Startup Time": 4660.809,
                "Actual Total Time": 6837.418,
                "Actual Rows": 14109357,
                "Actual Loops": 2,
                "Inner Unique": false,
                "Merge Cond": "(mc.movie_id = t.id)",
                "Plans": [
                  {
                    "Node Type": "Index Only Scan",
                    "Parent Relationship": "Outer",
                    "Parallel Aware": true,
                    "Scan Direction": "Forward",
                    "Index Name": "movie_id_movie_companies",
                    "Relation Name": "movie_companies",
                    "Alias": "mc",
                    "Startup Cost": 0.43,
                    "Total Cost": 129315.97,
                    "Plan Rows": 1534782,
                    "Plan Width": 4,
                    "Actual Startup Time": 0.104,
                    "Actual Total Time": 372.674,
                    "Actual Rows": 1304564,
                    "Actual Loops": 2,
                    "Heap Fetches": 2609129
                  },
                  {
                    "Node Type": "Sort",
                    "Parent Relationship": "Inner",
                    "Parallel Aware": false,
                    "Startup Cost": 661246.3,
                    "Total Cost": 667143.77,
                    "Plan Rows": 2358990,
                    "Plan Width": 8,
                    "Actual Startup Time": 4498.552,
                    "Actual Total Time": 5109.458,
                    "Actual Rows": 16484243,
                    "Actual Loops": 2,
                    "Sort Key": [
                      "t.id"
                    ],
                    "Sort Method": "quicksort",
                    "Sort Space Used": 280087,
                    "Sort Space Type": "Memory",
                    "Workers": [
                      {
                        "Worker Number": 0,
                        "Sort Method": "quicksort",
                        "Sort Space Used": 280087,
                        "Sort Space Type": "Memory"
                      }
                    ],
                    "Plans": [
                      {
                        "Node Type": "Hash Join",
                        "Parent Relationship": "Outer",
                        "Parallel Aware": false,
                        "Join Type": "Inner",
                        "Startup Cost": 62913.46,
                        "Total Cost": 411550.3,
                        "Plan Rows": 2358990,
                        "Plan Width": 8,
                        "Actual Startup Time": 243.349,
                        "Actual Total Time": 3685.199,
                        "Actual Rows": 3878034,
                        "Actual Loops": 2,
                        "Inner Unique": true,
                        "Hash Cond": "(mi.movie_id = t.id)",
                        "Plans": [
                          {
                            "Node Type": "Seq Scan",
                            "Parent Relationship": "Outer",
                            "Parallel Aware": false,
                            "Relation Name": "movie_info",
                            "Alias": "mi",
                            "Startup Cost": 0.0,
                            "Total Cost": 309829.65,
                            "Plan Rows": 14783665,
                            "Plan Width": 4,
                            "Actual Startup Time": 0.045,
                            "Actual Total Time": 1249.118,
                            "Actual Rows": 14835720,
                            "Actual Loops": 2
                          },
                          {
                            "Node Type": "Hash",
                            "Parent Relationship": "Inner",
                            "Parallel Aware": false,
                            "Startup Cost": 57870.55,
                            "Total Cost": 57870.55,
                            "Plan Rows": 403433,
                            "Plan Width": 4,
                            "Actual Startup Time": 190.713,
                            "Actual Total Time": 190.715,
                            "Actual Rows": 296768,
                            "Actual Loops": 2,
                            "Hash Buckets": 524288,
                            "Original Hash Buckets": 524288,
                            "Hash Batches": 1,
                            "Original Hash Batches": 1,
                            "Peak Memory Usage": 14530,
                            "Plans": [
                              {
                                "Node Type": "Bitmap Heap Scan",
                                "Parent Relationship": "Outer",
                                "Parallel Aware": false,
                                "Relation Name": "title",
                                "Alias": "t",
                                "Startup Cost": 11923.71,
                                "Total Cost": 57870.55,
                                "Plan Rows": 403433,
                                "Plan Width": 4,
                                "Actual Startup Time": 39.255,
                                "Actual Total Time": 138.361,
                                "Actual Rows": 296768,
                                "Actual Loops": 2,
                                "Recheck Cond": "(kind_id = 1)",
                                "Rows Removed by Index Recheck": 0,
                                "Filter": "(production_year > 1997)",
                                "Rows Removed by Filter": 366057,
                                "Exact Heap Blocks": 12863,
                                "Lossy Heap Blocks": 0,
                                "Plans": [
                                  {
                                    "Node Type": "Bitmap Index Scan",
                                    "Parent Relationship": "Outer",
                                    "Parallel Aware": false,
                                    "Index Name": "kind_id_title",
                                    "Startup Cost": 0.0,
                                    "Total Cost": 11822.85,
                                    "Plan Rows": 663256,
                                    "Plan Width": 0,
                                    "Actual Startup Time": 37.802,
                                    "Actual Total Time": 37.802,
                                    "Actual Rows": 662825,
                                    "Actual Loops": 2,
                                    "Index Cond": "(kind_id = 1)"
                                  }
                                ]
                              }
                            ]
                          }
                        ]
                      }
                    ]
                  }
                ]
              }
            ]
          }
        ]
      }
    ]
  },
  "Planning Time": 1.158,
  "Triggers": [],
  "Execution Time": 7483.817
}