[
    {
        "Bao": {
            "Bao prediction": "NaN",
            "Bao recommended hint": "(no hint)"
        }
    },
    {
        "Plan": {
            "Node Type": "Aggregate",
            "Strategy": "Plain",
            "Partial Mode": "Finalize",
            "Parallel Aware": false,
            "Startup Cost": 30113.02,
            "Total Cost": 30113.03,
            "Plan Rows": 1,
            "Plan Width": 8,
            "Actual Startup Time": 76.325,
            "Actual Total Time": 79.991,
            "Actual Rows": 1,
            "Actual Loops": 1,
            "Output": [
                "count(*)"
            ],
            "Plans": [
                {
                    "Node Type": "Gather",
                    "Parent Relationship": "Outer",
                    "Parallel Aware": false,
                    "Startup Cost": 30112.7,
                    "Total Cost": 30113.01,
                    "Plan Rows": 3,
                    "Plan Width": 8,
                    "Actual Startup Time": 76.138,
                    "Actual Total Time": 79.983,
                    "Actual Rows": 4,
                    "Actual Loops": 1,
                    "Output": [
                        "(PARTIAL count(*))"
                    ],
                    "Workers Planned": 3,
                    "Workers Launched": 3,
                    "Single Copy": false,
                    "Plans": [
                        {
                            "Node Type": "Aggregate",
                            "Strategy": "Plain",
                            "Partial Mode": "Partial",
                            "Parent Relationship": "Outer",
                            "Parallel Aware": false,
                            "Startup Cost": 29112.7,
                            "Total Cost": 29112.71,
                            "Plan Rows": 1,
                            "Plan Width": 8,
                            "Actual Startup Time": 67.702,
                            "Actual Total Time": 67.703,
                            "Actual Rows": 1,
                            "Actual Loops": 4,
                            "Output": [
                                "PARTIAL count(*)"
                            ],
                            "Workers": [
                                {
                                    "Worker Number": 0,
                                    "Actual Startup Time": 64.884,
                                    "Actual Total Time": 64.886,
                                    "Actual Rows": 1,
                                    "Actual Loops": 1
                                },
                                {
                                    "Worker Number": 1,
                                    "Actual Startup Time": 64.901,
                                    "Actual Total Time": 64.903,
                                    "Actual Rows": 1,
                                    "Actual Loops": 1
                                },
                                {
                                    "Worker Number": 2,
                                    "Actual Startup Time": 65.222,
                                    "Actual Total Time": 65.223,
                                    "Actual Rows": 1,
                                    "Actual Loops": 1
                                }
                            ],
                            "Plans": [
                                {
                                    "Node Type": "Bitmap Heap Scan",
                                    "Parent Relationship": "Outer",
                                    "Parallel Aware": true,
                                    "Relation Name": "movie_companies",
                                    "Schema": "public",
                                    "Alias": "mc",
                                    "Startup Cost": 8438.42,
                                    "Total Cost": 28798.65,
                                    "Plan Rows": 125619,
                                    "Plan Width": 0,
                                    "Actual Startup Time": 13.888,
                                    "Actual Total Time": 61.194,
                                    "Actual Rows": 96906,
                                    "Actual Loops": 4,
                                    "Recheck Cond": "(mc.company_id < 228)",
                                    "Rows Removed by Index Recheck": 0,
                                    "Exact Heap Blocks": 8579,
                                    "Lossy Heap Blocks": 0,
                                    "Workers": [
                                        {
                                            "Worker Number": 0,
                                            "Actual Startup Time": 11.271,
                                            "Actual Total Time": 59.036,
                                            "Actual Rows": 58486,
                                            "Actual Loops": 1
                                        },
                                        {
                                            "Worker Number": 1,
                                            "Actual Startup Time": 11.202,
                                            "Actual Total Time": 58.883,
                                            "Actual Rows": 59618,
                                            "Actual Loops": 1
                                        },
                                        {
                                            "Worker Number": 2,
                                            "Actual Startup Time": 11.392,
                                            "Actual Total Time": 59.246,
                                            "Actual Rows": 58904,
                                            "Actual Loops": 1
                                        }
                                    ],
                                    "Plans": [
                                        {
                                            "Node Type": "Bitmap Index Scan",
                                            "Parent Relationship": "Outer",
                                            "Parallel Aware": false,
                                            "Index Name": "company_id_movie_companies",
                                            "Startup Cost": 0.0,
                                            "Total Cost": 8341.07,
                                            "Plan Rows": 389418,
                                            "Plan Width": 0,
                                            "Actual Startup Time": 19.011,
                                            "Actual Total Time": 19.011,
                                            "Actual Rows": 387626,
                                            "Actual Loops": 1,
                                            "Index Cond": "(mc.company_id < 228)"
                                        }
                                    ]
                                }
                            ]
                        }
                    ]
                }
            ]
        },
        "Planning Time": 192.708,
        "Triggers": [],
        "Execution Time": 80.094
    }
]