[
  {
    "Plan": {
      "Node Type": "Aggregate",
      "Strategy": "Plain",
      "Partial Mode": "Finalize",
      "Parallel Aware": false,
      "Startup Cost": 101135.69,
      "Total Cost": 101135.7,
      "Plan Rows": 1,
      "Plan Width": 8,
      "Actual Startup Time": 409.023,
      "Actual Total Time": 424.924,
      "Actual Rows": 1,
      "Actual Loops": 1,
      "Plans": [
        {
          "Node Type": "Gather",
          "Parent Relationship": "Outer",
          "Parallel Aware": false,
          "Startup Cost": 101135.47,
          "Total Cost": 101135.68,
          "Plan Rows": 2,
          "Plan Width": 8,
          "Actual Startup Time": 406.948,
          "Actual Total Time": 424.914,
          "Actual Rows": 3,
          "Actual Loops": 1,
          "Workers Planned": 2,
          "Workers Launched": 2,
          "Single Copy": false,
          "Plans": [
            {
              "Node Type": "Aggregate",
              "Strategy": "Plain",
              "Partial Mode": "Partial",
              "Parent Relationship": "Outer",
              "Parallel Aware": false,
              "Startup Cost": 100135.47,
              "Total Cost": 100135.48,
              "Plan Rows": 1,
              "Plan Width": 8,
              "Actual Startup Time": 398.73,
              "Actual Total Time": 398.918,
              "Actual Rows": 1,
              "Actual Loops": 3,
              "Plans": [
                {
                  "Node Type": "Hash Join",
                  "Parent Relationship": "Outer",
                  "Parallel Aware": true,
                  "Join Type": "Inner",
                  "Startup Cost": 84144.11,
                  "Total Cost": 100070.02,
                  "Plan Rows": 26182,
                  "Plan Width": 0,
                  "Actual Startup Time": 333.095,
                  "Actual Total Time": 394.529,
                  "Actual Rows": 100458,
                  "Actual Loops": 3,
                  "Inner Unique": false,
                  "Hash Cond": "(mi_idx.movie_id = t.id)",
                  "Plans": [
                    {
                      "Node Type": "Seq Scan",
                      "Parent Relationship": "Outer",
                      "Parallel Aware": true,
                      "Relation Name": "movie_info_idx",
                      "Alias": "mi_idx",
                      "Startup Cost": 0.0,
                      "Total Cost": 13685.15,
                      "Plan Rows": 575015,
                      "Plan Width": 4,
                      "Actual Startup Time": 0.017,
                      "Actual Total Time": 39.949,
                      "Actual Rows": 460012,
                      "Actual Loops": 3
                    },
                    {
                      "Node Type": "Hash",
                      "Parent Relationship": "Inner",
                      "Parallel Aware": true,
                      "Startup Cost": 83679.9,
                      "Total Cost": 83679.9,
                      "Plan Rows": 37137,
                      "Plan Width": 8,
                      "Actual Startup Time": 295.257,
                      "Actual Total Time": 295.442,
                      "Actual Rows": 82055,
                      "Actual Loops": 3,
                      "Hash Buckets": 262144,
                      "Original Hash Buckets": 131072,
                      "Hash Batches": 1,
                      "Original Hash Batches": 1,
                      "Peak Memory Usage": 12736,
                      "Plans": [
                        {
                          "Node Type": "Hash Join",
                          "Parent Relationship": "Outer",
                          "Parallel Aware": true,
                          "Join Type": "Inner",
                          "Startup Cost": 38954.71,
                          "Total Cost": 83679.9,
                          "Plan Rows": 37137,
                          "Plan Width": 8,
                          "Actual Startup Time": 103.976,
                          "Actual Total Time": 272.422,
                          "Actual Rows": 82055,
                          "Actual Loops": 3,
                          "Inner Unique": true,
                          "Hash Cond": "(mk.movie_id = t.id)",
                          "Plans": [
                            {
                              "Node Type": "Seq Scan",
                              "Parent Relationship": "Outer",
                              "Parallel Aware": true,
                              "Relation Name": "movie_keyword",
                              "Alias": "mk",
                              "Startup Cost": 0.0,
                              "Total Cost": 42695.65,
                              "Plan Rows": 773154,
                              "Plan Width": 4,
                              "Actual Startup Time": 0.022,
                              "Actual Total Time": 132.804,
                              "Actual Rows": 803537,
                              "Actual Loops": 3,
                              "Filter": "(keyword_id < 5647)",
                              "Rows Removed by Filter": 704440
                            },
                            {
                              "Node Type": "Hash",
                              "Parent Relationship": "Inner",
                              "Parallel Aware": true,
                              "Startup Cost": 38575.19,
                              "Total Cost": 38575.19,
                              "Plan Rows": 30362,
                              "Plan Width": 4,
                              "Actual Startup Time": 64.815,
                              "Actual Total Time": 64.817,
                              "Actual Rows": 39411,
                              "Actual Loops": 3,
                              "Hash Buckets": 131072,
                              "Original Hash Buckets": 131072,
                              "Hash Batches": 1,
                              "Original Hash Batches": 1,
                              "Peak Memory Usage": 5696,
                              "Plans": [
                                {
                                  "Node Type": "Bitmap Heap Scan",
                                  "Parent Relationship": "Outer",
                                  "Parallel Aware": true,
                                  "Relation Name": "title",
                                  "Alias": "t",
                                  "Startup Cost": 2197.66,
                                  "Total Cost": 38575.19,
                                  "Plan Rows": 30362,
                                  "Plan Width": 4,
                                  "Actual Startup Time": 14.387,
                                  "Actual Total Time": 51.088,
                                  "Actual Rows": 39411,
                                  "Actual Loops": 3,
                                  "Recheck Cond": "(kind_id = 4)",
                                  "Rows Removed by Index Recheck": 0,
                                  "Exact Heap Blocks": 8040,
                                  "Lossy Heap Blocks": 0,
                                  "Plans": [
                                    {
                                      "Node Type": "Bitmap Index Scan",
                                      "Parent Relationship": "Outer",
                                      "Parallel Aware": false,
                                      "Index Name": "kind_id_title",
                                      "Startup Cost": 0.0,
                                      "Total Cost": 2167.3,
                                      "Plan Rows": 121449,
                                      "Plan Width": 0,
                                      "Actual Startup Time": 13.921,
                                      "Actual Total Time": 13.921,
                                      "Actual Rows": 118234,
                                      "Actual Loops": 1,
                                      "Index Cond": "(kind_id = 4)"
                                    }
                                  ]
                                }
                              ]
                            }
                          ]
                        }
                      ]
                    }
                  ]
                }
              ]
            }
          ]
        }
      ]
    },
    "Planning Time": 1.374,
    "Triggers": [],
    "Execution Time": 425.029
  }
]