[
  {
    "Plan": {
      "Node Type": "Aggregate",
      "Strategy": "Plain",
      "Partial Mode": "Finalize",
      "Parallel Aware": false,
      "Startup Cost": 328630.85,
      "Total Cost": 328630.86,
      "Plan Rows": 1,
      "Plan Width": 8,
      "Actual Startup Time": 302.472,
      "Actual Total Time": 360.088,
      "Actual Rows": 1,
      "Actual Loops": 1,
      "Plans": [
        {
          "Node Type": "Gather",
          "Parent Relationship": "Outer",
          "Parallel Aware": false,
          "Startup Cost": 328630.43,
          "Total Cost": 328630.84,
          "Plan Rows": 4,
          "Plan Width": 8,
          "Actual Startup Time": 302.249,
          "Actual Total Time": 360.069,
          "Actual Rows": 5,
          "Actual Loops": 1,
          "Workers Planned": 4,
          "Workers Launched": 4,
          "Single Copy": false,
          "Plans": [
            {
              "Node Type": "Aggregate",
              "Strategy": "Plain",
              "Partial Mode": "Partial",
              "Parent Relationship": "Outer",
              "Parallel Aware": false,
              "Startup Cost": 327630.43,
              "Total Cost": 327630.44,
              "Plan Rows": 1,
              "Plan Width": 8,
              "Actual Startup Time": 296.222,
              "Actual Total Time": 296.225,
              "Actual Rows": 1,
              "Actual Loops": 5,
              "Plans": [
                {
                  "Node Type": "Nested Loop",
                  "Parent Relationship": "Outer",
                  "Parallel Aware": false,
                  "Join Type": "Inner",
                  "Startup Cost": 0.56,
                  "Total Cost": 327429.1,
                  "Plan Rows": 80535,
                  "Plan Width": 0,
                  "Actual Startup Time": 58.363,
                  "Actual Total Time": 291.007,
                  "Actual Rows": 49900,
                  "Actual Loops": 5,
                  "Inner Unique": false,
                  "Plans": [
                    {
                      "Node Type": "Seq Scan",
                      "Parent Relationship": "Outer",
                      "Parallel Aware": true,
                      "Relation Name": "title",
                      "Alias": "t",
                      "Startup Cost": 0.0,
                      "Total Cost": 45479.59,
                      "Plan Rows": 5617,
                      "Plan Width": 4,
                      "Actual Startup Time": 58.221,
                      "Actual Total Time": 87.212,
                      "Actual Rows": 2610,
                      "Actual Loops": 5,
                      "Filter": "((kind_id = 1) AND (production_year = 2004))",
                      "Rows Removed by Filter": 503052
                    },
                    {
                      "Node Type": "Index Only Scan",
                      "Parent Relationship": "Inner",
                      "Parallel Aware": false,
                      "Scan Direction": "Forward",
                      "Index Name": "movie_id_cast_info",
                      "Relation Name": "cast_info",
                      "Alias": "ci",
                      "Startup Cost": 0.56,
                      "Total Cost": 49.85,
                      "Plan Rows": 35,
                      "Plan Width": 4,
                      "Actual Startup Time": 0.013,
                      "Actual Total Time": 0.075,
                      "Actual Rows": 19,
                      "Actual Loops": 13050,
                      "Index Cond": "(movie_id = t.id)",
                      "Rows Removed by Index Recheck": 0,
                      "Heap Fetches": 249501
                    }
                  ]
                }
              ]
            }
          ]
        }
      ]
    },
    "Planning Time": 0.281,
    "Triggers": [],
    "Execution Time": 360.151
  }
]