[
  {
    "Plan": {
      "Node Type": "Aggregate",
      "Strategy": "Plain",
      "Partial Mode": "Finalize",
      "Parallel Aware": false,
      "Startup Cost": 45908.08,
      "Total Cost": 45908.09,
      "Plan Rows": 1,
      "Plan Width": 8,
      "Actual Startup Time": 141.044,
      "Actual Total Time": 148.059,
      "Actual Rows": 1,
      "Actual Loops": 1,
      "Plans": [
        {
          "Node Type": "Gather",
          "Parent Relationship": "Outer",
          "Parallel Aware": false,
          "Startup Cost": 45907.76,
          "Total Cost": 45908.07,
          "Plan Rows": 3,
          "Plan Width": 8,
          "Actual Startup Time": 140.933,
          "Actual Total Time": 148.049,
          "Actual Rows": 4,
          "Actual Loops": 1,
          "Workers Planned": 3,
          "Workers Launched": 3,
          "Single Copy": false,
          "Plans": [
            {
              "Node Type": "Aggregate",
              "Strategy": "Plain",
              "Partial Mode": "Partial",
              "Parent Relationship": "Outer",
              "Parallel Aware": false,
              "Startup Cost": 44907.76,
              "Total Cost": 44907.77,
              "Plan Rows": 1,
              "Plan Width": 8,
              "Actual Startup Time": 136.195,
              "Actual Total Time": 136.196,
              "Actual Rows": 1,
              "Actual Loops": 4,
              "Plans": [
                {
                  "Node Type": "Seq Scan",
                  "Parent Relationship": "Outer",
                  "Parallel Aware": true,
                  "Relation Name": "movie_keyword",
                  "Alias": "mk",
                  "Startup Cost": 0.0,
                  "Total Cost": 42695.65,
                  "Plan Rows": 884843,
                  "Plan Width": 0,
                  "Actual Startup Time": 0.205,
                  "Actual Total Time": 106.892,
                  "Actual Rows": 684703,
                  "Actual Loops": 4,
                  "Filter": "(keyword_id > 2888)",
                  "Rows Removed by Filter": 446280
                }
              ]
            }
          ]
        }
      ]
    },
    "Planning Time": 0.105,
    "Triggers": [],
    "Execution Time": 148.094
  }
]