[
  {
    "Plan": {
      "Node Type": "Aggregate",
      "Strategy": "Plain",
      "Partial Mode": "Finalize",
      "Parallel Aware": false,
      "Startup Cost": 91257.45,
      "Total Cost": 91257.46,
      "Plan Rows": 1,
      "Plan Width": 8,
      "Actual Startup Time": 353.337,
      "Actual Total Time": 372.224,
      "Actual Rows": 1,
      "Actual Loops": 1,
      "Plans": [
        {
          "Node Type": "Gather",
          "Parent Relationship": "Outer",
          "Parallel Aware": false,
          "Startup Cost": 91257.13,
          "Total Cost": 91257.44,
          "Plan Rows": 3,
          "Plan Width": 8,
          "Actual Startup Time": 349.706,
          "Actual Total Time": 372.214,
          "Actual Rows": 4,
          "Actual Loops": 1,
          "Workers Planned": 3,
          "Workers Launched": 3,
          "Single Copy": false,
          "Plans": [
            {
              "Node Type": "Aggregate",
              "Strategy": "Plain",
              "Partial Mode": "Partial",
              "Parent Relationship": "Outer",
              "Parallel Aware": false,
              "Startup Cost": 90257.13,
              "Total Cost": 90257.14,
              "Plan Rows": 1,
              "Plan Width": 8,
              "Actual Startup Time": 341.498,
              "Actual Total Time": 341.501,
              "Actual Rows": 1,
              "Actual Loops": 4,
              "Plans": [
                {
                  "Node Type": "Hash Join",
                  "Parent Relationship": "Outer",
                  "Parallel Aware": true,
                  "Join Type": "Inner",
                  "Startup Cost": 46574.43,
                  "Total Cost": 90016.43,
                  "Plan Rows": 96281,
                  "Plan Width": 0,
                  "Actual Startup Time": 184.448,
                  "Actual Total Time": 333.271,
                  "Actual Rows": 163085,
                  "Actual Loops": 4,
                  "Inner Unique": true,
                  "Hash Cond": "(mk.movie_id = t.id)",
                  "Plans": [
                    {
                      "Node Type": "Seq Scan",
                      "Parent Relationship": "Outer",
                      "Parallel Aware": true,
                      "Relation Name": "movie_keyword",
                      "Alias": "mk",
                      "Startup Cost": 0.0,
                      "Total Cost": 42695.65,
                      "Plan Rows": 284323,
                      "Plan Width": 4,
                      "Actual Startup Time": 1.75,
                      "Actual Total Time": 101.878,
                      "Actual Rows": 219667,
                      "Actual Loops": 4,
                      "Filter": "(keyword_id > 20989)",
                      "Rows Removed by Filter": 911316
                    },
                    {
                      "Node Type": "Hash",
                      "Parent Relationship": "Inner",
                      "Parallel Aware": true,
                      "Startup Cost": 43898.92,
                      "Total Cost": 43898.92,
                      "Plan Rows": 214041,
                      "Plan Width": 4,
                      "Actual Startup Time": 177.468,
                      "Actual Total Time": 177.469,
                      "Actual Rows": 213554,
                      "Actual Loops": 4,
                      "Hash Buckets": 1048576,
                      "Original Hash Buckets": 1048576,
                      "Hash Batches": 1,
                      "Original Hash Batches": 1,
                      "Peak Memory Usage": 41664,
                      "Plans": [
                        {
                          "Node Type": "Seq Scan",
                          "Parent Relationship": "Outer",
                          "Parallel Aware": true,
                          "Relation Name": "title",
                          "Alias": "t",
                          "Startup Cost": 0.0,
                          "Total Cost": 43898.92,
                          "Plan Rows": 214041,
                          "Plan Width": 4,
                          "Actual Startup Time": 0.039,
                          "Actual Total Time": 106.702,
                          "Actual Rows": 213554,
                          "Actual Loops": 4,
                          "Filter": "(kind_id < 4)",
                          "Rows Removed by Filter": 418524
                        }
                      ]
                    }
                  ]
                }
              ]
            }
          ]
        }
      ]
    },
    "Planning Time": 0.594,
    "Triggers": [],
    "Execution Time": 372.291
  }
]