[
  {
    "Plan": {
      "Node Type": "Aggregate",
      "Strategy": "Plain",
      "Partial Mode": "Finalize",
      "Parallel Aware": false,
      "Startup Cost": 33392.5,
      "Total Cost": 33392.51,
      "Plan Rows": 1,
      "Plan Width": 8,
      "Actual Startup Time": 90.249,
      "Actual Total Time": 97.499,
      "Actual Rows": 1,
      "Actual Loops": 1,
      "Plans": [
        {
          "Node Type": "Gather",
          "Parent Relationship": "Outer",
          "Parallel Aware": false,
          "Startup Cost": 33392.18,
          "Total Cost": 33392.49,
          "Plan Rows": 3,
          "Plan Width": 8,
          "Actual Startup Time": 90.121,
          "Actual Total Time": 97.488,
          "Actual Rows": 4,
          "Actual Loops": 1,
          "Workers Planned": 3,
          "Workers Launched": 3,
          "Single Copy": false,
          "Plans": [
            {
              "Node Type": "Aggregate",
              "Strategy": "Plain",
              "Partial Mode": "Partial",
              "Parent Relationship": "Outer",
              "Parallel Aware": false,
              "Startup Cost": 32392.18,
              "Total Cost": 32392.19,
              "Plan Rows": 1,
              "Plan Width": 8,
              "Actual Startup Time": 86.511,
              "Actual Total Time": 86.513,
              "Actual Rows": 1,
              "Actual Loops": 4,
              "Plans": [
                {
                  "Node Type": "Seq Scan",
                  "Parent Relationship": "Outer",
                  "Parallel Aware": true,
                  "Relation Name": "movie_companies",
                  "Alias": "mc",
                  "Startup Cost": 0.0,
                  "Total Cost": 31414.82,
                  "Plan Rows": 390945,
                  "Plan Width": 0,
                  "Actual Startup Time": 0.02,
                  "Actual Total Time": 72.789,
                  "Actual Rows": 291416,
                  "Actual Loops": 4,
                  "Filter": "((company_id > 19) AND (company_type_id < 2))",
                  "Rows Removed by Filter": 360867
                }
              ]
            }
          ]
        }
      ]
    },
    "Planning Time": 0.228,
    "Triggers": [],
    "Execution Time": 97.542
  }
]