{
  "Plan": {
    "Node Type": "Aggregate",
    "Strategy": "Plain",
    "Partial Mode": "Finalize",
    "Parallel Aware": false,
    "Startup Cost": 373016.37,
    "Total Cost": 373016.38,
    "Plan Rows": 1,
    "Plan Width": 8,
    "Actual Startup Time": 4049.834,
    "Actual Total Time": 4081.878,
    "Actual Rows": 1,
    "Actual Loops": 1,
    "Plans": [
      {
        "Node Type": "Gather",
        "Parent Relationship": "Outer",
        "Parallel Aware": false,
        "Startup Cost": 373016.26,
        "Total Cost": 373016.37,
        "Plan Rows": 1,
        "Plan Width": 8,
        "Actual Startup Time": 4049.524,
        "Actual Total Time": 4081.869,
        "Actual Rows": 2,
        "Actual Loops": 1,
        "Workers Planned": 1,
        "Workers Launched": 1,
        "Single Copy": false,
        "Plans": [
          {
            "Node Type": "Aggregate",
            "Strategy": "Plain",
            "Partial Mode": "Partial",
            "Parent Relationship": "Outer",
            "Parallel Aware": false,
            "Startup Cost": 372016.26,
            "Total Cost": 372016.27,
            "Plan Rows": 1,
            "Plan Width": 8,
            "Actual Startup Time": 4043.421,
            "Actual Total Time": 4043.423,
            "Actual Rows": 1,
            "Actual Loops": 2,
            "Plans": [
              {
                "Node Type": "Merge Join",
                "Parent Relationship": "Outer",
                "Parallel Aware": false,
                "Join Type": "Inner",
                "Startup Cost": 20.85,
                "Total Cost": 371156.89,
                "Plan Rows": 343746,
                "Plan Width": 0,
                "Actual Startup Time": 10.007,
                "Actual Total Time": 3976.143,
                "Actual Rows": 1507012,
                "Actual Loops": 2,
                "Inner Unique": false,
                "Merge Cond": "(t.id = mi_idx.movie_id)",
                "Plans": [
                  {
                    "Node Type": "Merge Join",
                    "Parent Relationship": "Outer",
                    "Parallel Aware": false,
                    "Join Type": "Inner",
                    "Startup Cost": 14.18,
                    "Total Cost": 305095.28,
                    "Plan Rows": 1886264,
                    "Plan Width": 8,
                    "Actual Startup Time": 9.542,
                    "Actual Total Time": 2371.299,
                    "Actual Rows": 1907962,
                    "Actual Loops": 2,
                    "Inner Unique": true,
                    "Merge Cond": "(mk.movie_id = t.id)",
                    "Plans": [
                      {
                        "Node Type": "Index Only Scan",
                        "Parent Relationship": "Outer",
                        "Parallel Aware": true,
                        "Scan Direction": "Forward",
                        "Index Name": "movie_id_movie_keyword",
                        "Relation Name": "movie_keyword",
                        "Alias": "mk",
                        "Startup Cost": 0.43,
                        "Total Cost": 158560.11,
                        "Plan Rows": 2661135,
                        "Plan Width": 4,
                        "Actual Startup Time": 0.116,
                        "Actual Total Time": 493.044,
                        "Actual Rows": 2261962,
                        "Actual Loops": 2,
                        "Heap Fetches": 4523925
                      },
                      {
                        "Node Type": "Index Scan",
                        "Parent Relationship": "Inner",
                        "Parallel Aware": false,
                        "Scan Direction": "Forward",
                        "Index Name": "title_pkey",
                        "Relation Name": "title",
                        "Alias": "t",
                        "Startup Cost": 0.43,
                        "Total Cost": 116660.7,
                        "Plan Rows": 1792103,
                        "Plan Width": 4,
                        "Actual Startup Time": 0.103,
                        "Actual Total Time": 1564.667,
                        "Actual Rows": 1793187,
                        "Actual Loops": 2,
                        "Filter": "(production_year < 2009)",
                        "Rows Removed by Filter": 732564
                      }
                    ]
                  },
                  {
                    "Node Type": "Index Scan",
                    "Parent Relationship": "Inner",
                    "Parallel Aware": false,
                    "Scan Direction": "Forward",
                    "Index Name": "movie_id_movie_info_idx",
                    "Relation Name": "movie_info_idx",
                    "Alias": "mi_idx",
                    "Startup Cost": 0.43,
                    "Total Cost": 57070.31,
                    "Plan Rows": 460748,
                    "Plan Width": 4,
                    "Actual Startup Time": 0.062,
                    "Actual Total Time": 1262.808,
                    "Actual Rows": 1863723,
                    "Actual Loops": 2,
                    "Filter": "(info_type_id = 101)",
                    "Rows Removed by Filter": 3745188
                  }
                ]
              }
            ]
          }
        ]
      }
    ]
  },
  "Planning Time": 0.997,
  "Triggers": [],
  "Execution Time": 4081.968
}