[
  {
    "Plan": {
      "Node Type": "Aggregate",
      "Strategy": "Plain",
      "Partial Mode": "Finalize",
      "Parallel Aware": false,
      "Startup Cost": 320849.84,
      "Total Cost": 320849.85,
      "Plan Rows": 1,
      "Plan Width": 8,
      "Actual Startup Time": 1830.513,
      "Actual Total Time": 1948.964,
      "Actual Rows": 1,
      "Actual Loops": 1,
      "Plans": [
        {
          "Node Type": "Gather",
          "Parent Relationship": "Outer",
          "Parallel Aware": false,
          "Startup Cost": 320849.32,
          "Total Cost": 320849.83,
          "Plan Rows": 5,
          "Plan Width": 8,
          "Actual Startup Time": 1826.06,
          "Actual Total Time": 1948.94,
          "Actual Rows": 6,
          "Actual Loops": 1,
          "Workers Planned": 5,
          "Workers Launched": 5,
          "Single Copy": false,
          "Plans": [
            {
              "Node Type": "Aggregate",
              "Strategy": "Plain",
              "Partial Mode": "Partial",
              "Parent Relationship": "Outer",
              "Parallel Aware": false,
              "Startup Cost": 319849.32,
              "Total Cost": 319849.33,
              "Plan Rows": 1,
              "Plan Width": 8,
              "Actual Startup Time": 1816.288,
              "Actual Total Time": 1816.294,
              "Actual Rows": 1,
              "Actual Loops": 6,
              "Plans": [
                {
                  "Node Type": "Nested Loop",
                  "Parent Relationship": "Outer",
                  "Parallel Aware": false,
                  "Join Type": "Inner",
                  "Startup Cost": 45991.3,
                  "Total Cost": 319557.77,
                  "Plan Rows": 116617,
                  "Plan Width": 0,
                  "Actual Startup Time": 195.742,
                  "Actual Total Time": 1800.051,
                  "Actual Rows": 270183,
                  "Actual Loops": 6,
                  "Inner Unique": false,
                  "Join Filter": "(t.id = ci.movie_id)",
                  "Rows Removed by Join Filter": 0,
                  "Plans": [
                    {
                      "Node Type": "Hash Join",
                      "Parent Relationship": "Outer",
                      "Parallel Aware": true,
                      "Join Type": "Inner",
                      "Startup Cost": 45990.74,
                      "Total Cost": 246690.82,
                      "Plan Rows": 39229,
                      "Plan Width": 8,
                      "Actual Startup Time": 195.343,
                      "Actual Total Time": 576.225,
                      "Actual Rows": 58633,
                      "Actual Loops": 6,
                      "Inner Unique": true,
                      "Hash Cond": "(mi.movie_id = t.id)",
                      "Plans": [
                        {
                          "Node Type": "Seq Scan",
                          "Parent Relationship": "Outer",
                          "Parallel Aware": true,
                          "Relation Name": "movie_info",
                          "Alias": "mi",
                          "Startup Cost": 0.0,
                          "Total Cost": 199108.24,
                          "Plan Rows": 606414,
                          "Plan Width": 4,
                          "Actual Startup Time": 79.279,
                          "Actual Total Time": 351.647,
                          "Actual Rows": 506120,
                          "Actual Loops": 6,
                          "Filter": "(info_type_id = 16)",
                          "Rows Removed by Filter": 1966500
                        },
                        {
                          "Node Type": "Hash",
                          "Parent Relationship": "Inner",
                          "Parallel Aware": true,
                          "Startup Cost": 45479.59,
                          "Total Cost": 45479.59,
                          "Plan Rows": 40892,
                          "Plan Width": 4,
                          "Actual Startup Time": 113.703,
                          "Actual Total Time": 113.705,
                          "Actual Rows": 45972,
                          "Actual Loops": 6,
                          "Hash Buckets": 524288,
                          "Original Hash Buckets": 262144,
                          "Hash Batches": 1,
                          "Original Hash Batches": 1,
                          "Peak Memory Usage": 17024,
                          "Plans": [
                            {
                              "Node Type": "Seq Scan",
                              "Parent Relationship": "Outer",
                              "Parallel Aware": true,
                              "Relation Name": "title",
                              "Alias": "t",
                              "Startup Cost": 0.0,
                              "Total Cost": 45479.59,
                              "Plan Rows": 40892,
                              "Plan Width": 4,
                              "Actual Startup Time": 0.229,
                              "Actual Total Time": 84.651,
                              "Actual Rows": 45972,
                              "Actual Loops": 6,
                              "Filter": "((kind_id < 7) AND (production_year < 1975))",
                              "Rows Removed by Filter": 375414
                            }
                          ]
                        }
                      ]
                    },
                    {
                      "Node Type": "Index Scan",
                      "Parent Relationship": "Inner",
                      "Parallel Aware": false,
                      "Scan Direction": "Forward",
                      "Index Name": "movie_id_cast_info",
                      "Relation Name": "cast_info",
                      "Alias": "ci",
                      "Startup Cost": 0.56,
                      "Total Cost": 1.77,
                      "Plan Rows": 7,
                      "Plan Width": 4,
                      "Actual Startup Time": 0.012,
                      "Actual Total Time": 0.02,
                      "Actual Rows": 5,
                      "Actual Loops": 351800,
                      "Index Cond": "(movie_id = mi.movie_id)",
                      "Rows Removed by Index Recheck": 0,
                      "Filter": "(role_id = 2)",
                      "Rows Removed by Filter": 19
                    }
                  ]
                }
              ]
            }
          ]
        }
      ]
    },
    "Planning Time": 1.096,
    "Triggers": [],
    "Execution Time": 1949.061
  }
]