{
  "Plan": {
    "Node Type": "Aggregate",
    "Strategy": "Plain",
    "Partial Mode": "Finalize",
    "Parallel Aware": false,
    "Startup Cost": 754013.49,
    "Total Cost": 754013.5,
    "Plan Rows": 1,
    "Plan Width": 8,
    "Actual Startup Time": 8465.021,
    "Actual Total Time": 8529.493,
    "Actual Rows": 1,
    "Actual Loops": 1,
    "Plans": [
      {
        "Node Type": "Gather",
        "Parent Relationship": "Outer",
        "Parallel Aware": false,
        "Startup Cost": 754013.37,
        "Total Cost": 754013.48,
        "Plan Rows": 1,
        "Plan Width": 8,
        "Actual Startup Time": 8451.076,
        "Actual Total Time": 8529.483,
        "Actual Rows": 2,
        "Actual Loops": 1,
        "Workers Planned": 1,
        "Workers Launched": 1,
        "Single Copy": false,
        "Plans": [
          {
            "Node Type": "Aggregate",
            "Strategy": "Plain",
            "Partial Mode": "Partial",
            "Parent Relationship": "Outer",
            "Parallel Aware": false,
            "Startup Cost": 753013.37,
            "Total Cost": 753013.38,
            "Plan Rows": 1,
            "Plan Width": 8,
            "Actual Startup Time": 8434.148,
            "Actual Total Time": 8436.979,
            "Actual Rows": 1,
            "Actual Loops": 2,
            "Plans": [
              {
                "Node Type": "Hash Join",
                "Parent Relationship": "Outer",
                "Parallel Aware": true,
                "Join Type": "Inner",
                "Startup Cost": 411116.8,
                "Total Cost": 729027.31,
                "Plan Rows": 9594424,
                "Plan Width": 0,
                "Actual Startup Time": 3791.227,
                "Actual Total Time": 7777.263,
                "Actual Rows": 16037860,
                "Actual Loops": 2,
                "Inner Unique": false,
                "Hash Cond": "(ci.movie_id = t.id)",
                "Plans": [
                  {
                    "Node Type": "Index Scan",
                    "Parent Relationship": "Outer",
                    "Parallel Aware": true,
                    "Scan Direction": "Forward",
                    "Index Name": "role_id_cast_info",
                    "Relation Name": "cast_info",
                    "Alias": "ci",
                    "Startup Cost": 0.56,
                    "Total Cost": 236682.84,
                    "Plan Rows": 3305393,
                    "Plan Width": 4,
                    "Actual Startup Time": 0.072,
                    "Actual Total Time": 643.901,
                    "Actual Rows": 3725986,
                    "Actual Loops": 2,
                    "Index Cond": "(role_id = 2)",
                    "Rows Removed by Index Recheck": 0,
                    "Filter": "(person_id < 2836105)",
                    "Rows Removed by Filter": 0
                  },
                  {
                    "Node Type": "Hash",
                    "Parent Relationship": "Inner",
                    "Parallel Aware": true,
                    "Startup Cost": 357154.7,
                    "Total Cost": 357154.7,
                    "Plan Rows": 4316923,
                    "Plan Width": 8,
                    "Actual Startup Time": 3758.147,
                    "Actual Total Time": 3760.976,
                    "Actual Rows": 3104869,
                    "Actual Loops": 2,
                    "Hash Buckets": 8388608,
                    "Original Hash Buckets": 8388608,
                    "Hash Batches": 1,
                    "Original Hash Batches": 1,
                    "Peak Memory Usage": 308480,
                    "Plans": [
                      {
                        "Node Type": "Hash Join",
                        "Parent Relationship": "Outer",
                        "Parallel Aware": true,
                        "Join Type": "Inner",
                        "Startup Cost": 63946.31,
                        "Total Cost": 357154.7,
                        "Plan Rows": 4316923,
                        "Plan Width": 8,
                        "Actual Startup Time": 328.186,
                        "Actual Total Time": 2858.057,
                        "Actual Rows": 3104869,
                        "Actual Loops": 2,
                        "Inner Unique": true,
                        "Hash Cond": "(mi.movie_id = t.id)",
                        "Plans": [
                          {
                            "Node Type": "Seq Scan",
                            "Parent Relationship": "Outer",
                            "Parallel Aware": true,
                            "Relation Name": "movie_info",
                            "Alias": "mi",
                            "Startup Cost": 0.0,
                            "Total Cost": 270696.42,
                            "Plan Rows": 8575975,
                            "Plan Width": 4,
                            "Actual Startup Time": 0.012,
                            "Actual Total Time": 872.703,
                            "Actual Rows": 7318983,
                            "Actual Loops": 2,
                            "Filter": "(info_type_id < 107)",
                            "Rows Removed by Filter": 98877
                          },
                          {
                            "Node Type": "Hash",
                            "Parent Relationship": "Inner",
                            "Parallel Aware": true,
                            "Startup Cost": 54588.39,
                            "Total Cost": 54588.39,
                            "Plan Rows": 748634,
                            "Plan Width": 4,
                            "Actual Startup Time": 321.267,
                            "Actual Total Time": 321.268,
                            "Actual Rows": 630148,
                            "Actual Loops": 2,
                            "Hash Buckets": 2097152,
                            "Original Hash Buckets": 2097152,
                            "Hash Batches": 1,
                            "Original Hash Batches": 1,
                            "Peak Memory Usage": 65728,
                            "Plans": [
                              {
                                "Node Type": "Seq Scan",
                                "Parent Relationship": "Outer",
                                "Parallel Aware": true,
                                "Relation Name": "title",
                                "Alias": "t",
                                "Startup Cost": 0.0,
                                "Total Cost": 54588.39,
                                "Plan Rows": 748634,
                                "Plan Width": 4,
                                "Actual Startup Time": 0.032,
                                "Actual Total Time": 164.938,
                                "Actual Rows": 630148,
                                "Actual Loops": 2,
                                "Filter": "(production_year > 2002)",
                                "Rows Removed by Filter": 634008
                              }
                            ]
                          }
                        ]
                      }
                    ]
                  }
                ]
              }
            ]
          }
        ]
      }
    ]
  },
  "Planning Time": 0.92,
  "Triggers": [],
  "Execution Time": 8529.586
}