{
  "Plan": {
    "Node Type": "Aggregate",
    "Strategy": "Plain",
    "Partial Mode": "Finalize",
    "Parallel Aware": false,
    "Startup Cost": 108640.38,
    "Total Cost": 108640.39,
    "Plan Rows": 1,
    "Plan Width": 8,
    "Actual Startup Time": 466.848,
    "Actual Total Time": 482.73,
    "Actual Rows": 1,
    "Actual Loops": 1,
    "Plans": [
      {
        "Node Type": "Gather",
        "Parent Relationship": "Outer",
        "Parallel Aware": false,
        "Startup Cost": 108640.27,
        "Total Cost": 108640.38,
        "Plan Rows": 1,
        "Plan Width": 8,
        "Actual Startup Time": 465.941,
        "Actual Total Time": 482.721,
        "Actual Rows": 2,
        "Actual Loops": 1,
        "Workers Planned": 1,
        "Workers Launched": 1,
        "Single Copy": false,
        "Plans": [
          {
            "Node Type": "Aggregate",
            "Strategy": "Plain",
            "Partial Mode": "Partial",
            "Parent Relationship": "Outer",
            "Parallel Aware": false,
            "Startup Cost": 107640.27,
            "Total Cost": 107640.28,
            "Plan Rows": 1,
            "Plan Width": 8,
            "Actual Startup Time": 461.018,
            "Actual Total Time": 461.022,
            "Actual Rows": 1,
            "Actual Loops": 2,
            "Plans": [
              {
                "Node Type": "Hash Join",
                "Parent Relationship": "Outer",
                "Parallel Aware": true,
                "Join Type": "Inner",
                "Startup Cost": 45201.58,
                "Total Cost": 106962.3,
                "Plan Rows": 271188,
                "Plan Width": 0,
                "Actual Startup Time": 150.054,
                "Actual Total Time": 455.402,
                "Actual Rows": 131964,
                "Actual Loops": 2,
                "Inner Unique": false,
                "Hash Cond": "(t.id = mc.movie_id)",
                "Plans": [
                  {
                    "Node Type": "Seq Scan",
                    "Parent Relationship": "Outer",
                    "Parallel Aware": true,
                    "Relation Name": "title",
                    "Alias": "t",
                    "Startup Cost": 0.0,
                    "Total Cost": 50870.31,
                    "Plan Rows": 1487231,
                    "Plan Width": 4,
                    "Actual Startup Time": 0.009,
                    "Actual Total Time": 117.556,
                    "Actual Rows": 1264156,
                    "Actual Loops": 2
                  },
                  {
                    "Node Type": "Hash",
                    "Parent Relationship": "Inner",
                    "Parallel Aware": true,
                    "Startup Cost": 41811.73,
                    "Total Cost": 41811.73,
                    "Plan Rows": 271188,
                    "Plan Width": 4,
                    "Actual Startup Time": 144.574,
                    "Actual Total Time": 144.575,
                    "Actual Rows": 131964,
                    "Actual Loops": 2,
                    "Hash Buckets": 524288,
                    "Original Hash Buckets": 524288,
                    "Hash Batches": 1,
                    "Original Hash Batches": 1,
                    "Peak Memory Usage": 14432,
                    "Plans": [
                      {
                        "Node Type": "Seq Scan",
                        "Parent Relationship": "Outer",
                        "Parallel Aware": true,
                        "Relation Name": "movie_companies",
                        "Alias": "mc",
                        "Startup Cost": 0.0,
                        "Total Cost": 41811.73,
                        "Plan Rows": 271188,
                        "Plan Width": 4,
                        "Actual Startup Time": 64.436,
                        "Actual Total Time": 116.122,
                        "Actual Rows": 131964,
                        "Actual Loops": 2,
                        "Filter": "((company_id < 2962) AND (company_type_id > 1))",
                        "Rows Removed by Filter": 1172600
                      }
                    ]
                  }
                ]
              }
            ]
          }
        ]
      }
    ]
  },
  "Planning Time": 0.744,
  "Triggers": [],
  "Execution Time": 482.799
}