[
  {
    "Plan": {
      "Node Type": "Aggregate",
      "Strategy": "Plain",
      "Partial Mode": "Finalize",
      "Parallel Aware": false,
      "Startup Cost": 249568.07,
      "Total Cost": 249568.08,
      "Plan Rows": 1,
      "Plan Width": 8,
      "Actual Startup Time": 568.104,
      "Actual Total Time": 611.475,
      "Actual Rows": 1,
      "Actual Loops": 1,
      "Plans": [
        {
          "Node Type": "Gather",
          "Parent Relationship": "Outer",
          "Parallel Aware": false,
          "Startup Cost": 249567.55,
          "Total Cost": 249568.06,
          "Plan Rows": 5,
          "Plan Width": 8,
          "Actual Startup Time": 564.361,
          "Actual Total Time": 611.458,
          "Actual Rows": 6,
          "Actual Loops": 1,
          "Workers Planned": 5,
          "Workers Launched": 5,
          "Single Copy": false,
          "Plans": [
            {
              "Node Type": "Aggregate",
              "Strategy": "Plain",
              "Partial Mode": "Partial",
              "Parent Relationship": "Outer",
              "Parallel Aware": false,
              "Startup Cost": 248567.55,
              "Total Cost": 248567.56,
              "Plan Rows": 1,
              "Plan Width": 8,
              "Actual Startup Time": 555.286,
              "Actual Total Time": 555.29,
              "Actual Rows": 1,
              "Actual Loops": 6,
              "Plans": [
                {
                  "Node Type": "Hash Join",
                  "Parent Relationship": "Outer",
                  "Parallel Aware": true,
                  "Join Type": "Inner",
                  "Startup Cost": 47483.06,
                  "Total Cost": 248183.14,
                  "Plan Rows": 153763,
                  "Plan Width": 0,
                  "Actual Startup Time": 294.167,
                  "Actual Total Time": 548.053,
                  "Actual Rows": 180590,
                  "Actual Loops": 6,
                  "Inner Unique": true,
                  "Hash Cond": "(mi.movie_id = t.id)",
                  "Plans": [
                    {
                      "Node Type": "Seq Scan",
                      "Parent Relationship": "Outer",
                      "Parallel Aware": true,
                      "Relation Name": "movie_info",
                      "Alias": "mi",
                      "Startup Cost": 0.0,
                      "Total Cost": 199108.24,
                      "Plan Rows": 606414,
                      "Plan Width": 4,
                      "Actual Startup Time": 72.346,
                      "Actual Total Time": 318.331,
                      "Actual Rows": 506120,
                      "Actual Loops": 6,
                      "Filter": "(info_type_id = 16)",
                      "Rows Removed by Filter": 1966500
                    },
                    {
                      "Node Type": "Hash",
                      "Parent Relationship": "Inner",
                      "Parallel Aware": true,
                      "Startup Cost": 45479.59,
                      "Total Cost": 45479.59,
                      "Plan Rows": 160278,
                      "Plan Width": 4,
                      "Actual Startup Time": 128.197,
                      "Actual Total Time": 128.198,
                      "Actual Rows": 109385,
                      "Actual Loops": 6,
                      "Hash Buckets": 1048576,
                      "Original Hash Buckets": 1048576,
                      "Hash Batches": 1,
                      "Original Hash Batches": 1,
                      "Peak Memory Usage": 34016,
                      "Plans": [
                        {
                          "Node Type": "Seq Scan",
                          "Parent Relationship": "Outer",
                          "Parallel Aware": true,
                          "Relation Name": "title",
                          "Alias": "t",
                          "Startup Cost": 0.0,
                          "Total Cost": 45479.59,
                          "Plan Rows": 160278,
                          "Plan Width": 4,
                          "Actual Startup Time": 40.781,
                          "Actual Total Time": 81.939,
                          "Actual Rows": 109385,
                          "Actual Loops": 6,
                          "Filter": "((production_year > 0) AND (kind_id = 1))",
                          "Rows Removed by Filter": 312000
                        }
                      ]
                    }
                  ]
                }
              ]
            }
          ]
        }
      ]
    },
    "Planning Time": 0.532,
    "Triggers": [],
    "Execution Time": 611.551
  }
]