{
  "Plan": {
    "Node Type": "Aggregate",
    "Strategy": "Plain",
    "Partial Mode": "Finalize",
    "Parallel Aware": false,
    "Startup Cost": 405542.03,
    "Total Cost": 405542.04,
    "Plan Rows": 1,
    "Plan Width": 8,
    "Actual Startup Time": 1286.682,
    "Actual Total Time": 1306.523,
    "Actual Rows": 1,
    "Actual Loops": 1,
    "Plans": [
      {
        "Node Type": "Gather",
        "Parent Relationship": "Outer",
        "Parallel Aware": false,
        "Startup Cost": 405541.92,
        "Total Cost": 405542.03,
        "Plan Rows": 1,
        "Plan Width": 8,
        "Actual Startup Time": 1283.449,
        "Actual Total Time": 1306.516,
        "Actual Rows": 2,
        "Actual Loops": 1,
        "Workers Planned": 1,
        "Workers Launched": 1,
        "Single Copy": false,
        "Plans": [
          {
            "Node Type": "Aggregate",
            "Strategy": "Plain",
            "Partial Mode": "Partial",
            "Parent Relationship": "Outer",
            "Parallel Aware": false,
            "Startup Cost": 404541.92,
            "Total Cost": 404541.93,
            "Plan Rows": 1,
            "Plan Width": 8,
            "Actual Startup Time": 1275.459,
            "Actual Total Time": 1275.463,
            "Actual Rows": 1,
            "Actual Loops": 2,
            "Plans": [
              {
                "Node Type": "Hash Join",
                "Parent Relationship": "Outer",
                "Parallel Aware": true,
                "Join Type": "Inner",
                "Startup Cost": 123672.24,
                "Total Cost": 402433.72,
                "Plan Rows": 843282,
                "Plan Width": 0,
                "Actual Startup Time": 578.15,
                "Actual Total Time": 1242.061,
                "Actual Rows": 779200,
                "Actual Loops": 2,
                "Inner Unique": true,
                "Hash Cond": "(ci.movie_id = t.id)",
                "Plans": [
                  {
                    "Node Type": "Bitmap Heap Scan",
                    "Parent Relationship": "Outer",
                    "Parallel Aware": true,
                    "Relation Name": "cast_info",
                    "Alias": "ci",
                    "Startup Cost": 56788.79,
                    "Total Cost": 332203.22,
                    "Plan Rows": 1275060,
                    "Plan Width": 4,
                    "Actual Startup Time": 138.693,
                    "Actual Total Time": 330.264,
                    "Actual Rows": 1238374,
                    "Actual Loops": 2,
                    "Recheck Cond": "(person_id < 251980)",
                    "Rows Removed by Index Recheck": 0,
                    "Filter": "(role_id < 9)",
                    "Rows Removed by Filter": 72665,
                    "Exact Heap Blocks": 15075,
                    "Lossy Heap Blocks": 0,
                    "Plans": [
                      {
                        "Node Type": "Bitmap Index Scan",
                        "Parent Relationship": "Outer",
                        "Parallel Aware": false,
                        "Index Name": "person_id_cast_info",
                        "Startup Cost": 0.0,
                        "Total Cost": 56246.89,
                        "Plan Rows": 2575776,
                        "Plan Width": 0,
                        "Actual Startup Time": 134.626,
                        "Actual Total Time": 134.627,
                        "Actual Rows": 2622078,
                        "Actual Loops": 1,
                        "Index Cond": "(person_id < 251980)"
                      }
                    ]
                  },
                  {
                    "Node Type": "Hash",
                    "Parent Relationship": "Inner",
                    "Parallel Aware": true,
                    "Startup Cost": 54588.39,
                    "Total Cost": 54588.39,
                    "Plan Rows": 983605,
                    "Plan Width": 4,
                    "Actual Startup Time": 424.965,
                    "Actual Total Time": 424.966,
                    "Actual Rows": 837049,
                    "Actual Loops": 2,
                    "Hash Buckets": 2097152,
                    "Original Hash Buckets": 2097152,
                    "Hash Batches": 1,
                    "Original Hash Batches": 1,
                    "Peak Memory Usage": 81920,
                    "Plans": [
                      {
                        "Node Type": "Seq Scan",
                        "Parent Relationship": "Outer",
                        "Parallel Aware": true,
                        "Relation Name": "title",
                        "Alias": "t",
                        "Startup Cost": 0.0,
                        "Total Cost": 54588.39,
                        "Plan Rows": 983605,
                        "Plan Width": 4,
                        "Actual Startup Time": 0.033,
                        "Actual Total Time": 167.713,
                        "Actual Rows": 837049,
                        "Actual Loops": 2,
                        "Filter": "(kind_id > 3)",
                        "Rows Removed by Filter": 427107
                      }
                    ]
                  }
                ]
              }
            ]
          }
        ]
      }
    ]
  },
  "Planning Time": 0.492,
  "Triggers": [],
  "Execution Time": 1306.618
}