{
  "Plan": {
    "Node Type": "Aggregate",
    "Strategy": "Plain",
    "Partial Mode": "Finalize",
    "Parallel Aware": false,
    "Startup Cost": 117449.63,
    "Total Cost": 117449.64,
    "Plan Rows": 1,
    "Plan Width": 8,
    "Actual Startup Time": 547.691,
    "Actual Total Time": 566.589,
    "Actual Rows": 1,
    "Actual Loops": 1,
    "Plans": [
      {
        "Node Type": "Gather",
        "Parent Relationship": "Outer",
        "Parallel Aware": false,
        "Startup Cost": 117449.51,
        "Total Cost": 117449.62,
        "Plan Rows": 1,
        "Plan Width": 8,
        "Actual Startup Time": 545.944,
        "Actual Total Time": 566.582,
        "Actual Rows": 2,
        "Actual Loops": 1,
        "Workers Planned": 1,
        "Workers Launched": 1,
        "Single Copy": false,
        "Plans": [
          {
            "Node Type": "Aggregate",
            "Strategy": "Plain",
            "Partial Mode": "Partial",
            "Parent Relationship": "Outer",
            "Parallel Aware": false,
            "Startup Cost": 116449.51,
            "Total Cost": 116449.52,
            "Plan Rows": 1,
            "Plan Width": 8,
            "Actual Startup Time": 537.757,
            "Actual Total Time": 537.761,
            "Actual Rows": 1,
            "Actual Loops": 2,
            "Plans": [
              {
                "Node Type": "Hash Join",
                "Parent Relationship": "Outer",
                "Parallel Aware": true,
                "Join Type": "Inner",
                "Startup Cost": 84360.53,
                "Total Cost": 115870.38,
                "Plan Rows": 231652,
                "Plan Width": 0,
                "Actual Startup Time": 374.457,
                "Actual Total Time": 535.475,
                "Actual Rows": 43086,
                "Actual Loops": 2,
                "Inner Unique": true,
                "Hash Cond": "(mk.movie_id = t.id)",
                "Plans": [
                  {
                    "Node Type": "Bitmap Heap Scan",
                    "Parent Relationship": "Outer",
                    "Parallel Aware": true,
                    "Relation Name": "movie_keyword",
                    "Alias": "mk",
                    "Startup Cost": 16822.61,
                    "Total Cost": 47107.9,
                    "Plan Rows": 466503,
                    "Plan Width": 4,
                    "Actual Startup Time": 50.284,
                    "Actual Total Time": 135.17,
                    "Actual Rows": 401802,
                    "Actual Loops": 2,
                    "Recheck Cond": "(keyword_id < 777)",
                    "Rows Removed by Index Recheck": 0,
                    "Exact Heap Blocks": 14165,
                    "Lossy Heap Blocks": 0,
                    "Plans": [
                      {
                        "Node Type": "Bitmap Index Scan",
                        "Parent Relationship": "Outer",
                        "Parallel Aware": false,
                        "Index Name": "keyword_id_movie_keyword",
                        "Startup Cost": 0.0,
                        "Total Cost": 16624.34,
                        "Plan Rows": 793055,
                        "Plan Width": 0,
                        "Actual Startup Time": 46.63,
                        "Actual Total Time": 46.631,
                        "Actual Rows": 803603,
                        "Actual Loops": 1,
                        "Index Cond": "(keyword_id < 777)"
                      }
                    ]
                  },
                  {
                    "Node Type": "Hash",
                    "Parent Relationship": "Inner",
                    "Parallel Aware": true,
                    "Startup Cost": 58306.47,
                    "Total Cost": 58306.47,
                    "Plan Rows": 738516,
                    "Plan Width": 4,
                    "Actual Startup Time": 309.896,
                    "Actual Total Time": 309.897,
                    "Actual Rows": 610767,
                    "Actual Loops": 2,
                    "Hash Buckets": 2097152,
                    "Original Hash Buckets": 2097152,
                    "Hash Batches": 1,
                    "Original Hash Batches": 1,
                    "Peak Memory Usage": 64192,
                    "Plans": [
                      {
                        "Node Type": "Seq Scan",
                        "Parent Relationship": "Outer",
                        "Parallel Aware": true,
                        "Relation Name": "title",
                        "Alias": "t",
                        "Startup Cost": 0.0,
                        "Total Cost": 58306.47,
                        "Plan Rows": 738516,
                        "Plan Width": 4,
                        "Actual Startup Time": 0.049,
                        "Actual Total Time": 163.054,
                        "Actual Rows": 610767,
                        "Actual Loops": 2,
                        "Filter": "((production_year < 2011) AND (kind_id = 7))",
                        "Rows Removed by Filter": 653389
                      }
                    ]
                  }
                ]
              }
            ]
          }
        ]
      }
    ]
  },
  "Planning Time": 0.696,
  "Triggers": [],
  "Execution Time": 566.729
}