{
  "Plan": {
    "Node Type": "Aggregate",
    "Strategy": "Plain",
    "Partial Mode": "Finalize",
    "Parallel Aware": false,
    "Startup Cost": 604002.09,
    "Total Cost": 604002.1,
    "Plan Rows": 1,
    "Plan Width": 8,
    "Actual Startup Time": 2758.594,
    "Actual Total Time": 2827.51,
    "Actual Rows": 1,
    "Actual Loops": 1,
    "Plans": [
      {
        "Node Type": "Gather",
        "Parent Relationship": "Outer",
        "Parallel Aware": false,
        "Startup Cost": 604001.98,
        "Total Cost": 604002.09,
        "Plan Rows": 1,
        "Plan Width": 8,
        "Actual Startup Time": 2757.561,
        "Actual Total Time": 2827.498,
        "Actual Rows": 2,
        "Actual Loops": 1,
        "Workers Planned": 1,
        "Workers Launched": 1,
        "Single Copy": false,
        "Plans": [
          {
            "Node Type": "Aggregate",
            "Strategy": "Plain",
            "Partial Mode": "Partial",
            "Parent Relationship": "Outer",
            "Parallel Aware": false,
            "Startup Cost": 603001.98,
            "Total Cost": 603001.99,
            "Plan Rows": 1,
            "Plan Width": 8,
            "Actual Startup Time": 2751.721,
            "Actual Total Time": 2751.725,
            "Actual Rows": 1,
            "Actual Loops": 2,
            "Plans": [
              {
                "Node Type": "Hash Join",
                "Parent Relationship": "Outer",
                "Parallel Aware": true,
                "Join Type": "Inner",
                "Startup Cost": 61657.79,
                "Total Cost": 599738.07,
                "Plan Rows": 1305566,
                "Plan Width": 0,
                "Actual Startup Time": 868.444,
                "Actual Total Time": 2725.762,
                "Actual Rows": 499562,
                "Actual Loops": 2,
                "Inner Unique": true,
                "Hash Cond": "(ci.movie_id = t.id)",
                "Plans": [
                  {
                    "Node Type": "Seq Scan",
                    "Parent Relationship": "Outer",
                    "Parallel Aware": true,
                    "Relation Name": "cast_info",
                    "Alias": "ci",
                    "Startup Cost": 0.0,
                    "Total Cost": 519069.44,
                    "Plan Rows": 7242209,
                    "Plan Width": 4,
                    "Actual Startup Time": 662.747,
                    "Actual Total Time": 1528.597,
                    "Actual Rows": 6146758,
                    "Actual Loops": 2,
                    "Filter": "(person_id > 2457230)",
                    "Rows Removed by Filter": 11975414
                  },
                  {
                    "Node Type": "Hash",
                    "Parent Relationship": "Inner",
                    "Parallel Aware": true,
                    "Startup Cost": 58306.47,
                    "Total Cost": 58306.47,
                    "Plan Rows": 268106,
                    "Plan Width": 4,
                    "Actual Startup Time": 199.603,
                    "Actual Total Time": 199.604,
                    "Actual Rows": 160884,
                    "Actual Loops": 2,
                    "Hash Buckets": 524288,
                    "Original Hash Buckets": 524288,
                    "Hash Batches": 1,
                    "Original Hash Batches": 1,
                    "Peak Memory Usage": 16704,
                    "Plans": [
                      {
                        "Node Type": "Seq Scan",
                        "Parent Relationship": "Outer",
                        "Parallel Aware": true,
                        "Relation Name": "title",
                        "Alias": "t",
                        "Startup Cost": 0.0,
                        "Total Cost": 58306.47,
                        "Plan Rows": 268106,
                        "Plan Width": 4,
                        "Actual Startup Time": 0.034,
                        "Actual Total Time": 158.149,
                        "Actual Rows": 160884,
                        "Actual Loops": 2,
                        "Filter": "((kind_id > 1) AND (production_year < 1987))",
                        "Rows Removed by Filter": 1103272
                      }
                    ]
                  }
                ]
              }
            ]
          }
        ]
      }
    ]
  },
  "Planning Time": 0.558,
  "Triggers": [],
  "Execution Time": 2827.598
}