[
  {
    "Plan": {
      "Node Type": "Aggregate",
      "Strategy": "Plain",
      "Partial Mode": "Finalize",
      "Parallel Aware": false,
      "Startup Cost": 271612.99,
      "Total Cost": 271613.0,
      "Plan Rows": 1,
      "Plan Width": 8,
      "Actual Startup Time": 2126.769,
      "Actual Total Time": 2224.511,
      "Actual Rows": 1,
      "Actual Loops": 1,
      "Plans": [
        {
          "Node Type": "Gather",
          "Parent Relationship": "Outer",
          "Parallel Aware": false,
          "Startup Cost": 271612.46,
          "Total Cost": 271612.97,
          "Plan Rows": 5,
          "Plan Width": 8,
          "Actual Startup Time": 2121.544,
          "Actual Total Time": 2224.497,
          "Actual Rows": 6,
          "Actual Loops": 1,
          "Workers Planned": 5,
          "Workers Launched": 5,
          "Single Copy": false,
          "Plans": [
            {
              "Node Type": "Aggregate",
              "Strategy": "Plain",
              "Partial Mode": "Partial",
              "Parent Relationship": "Outer",
              "Parallel Aware": false,
              "Startup Cost": 270612.46,
              "Total Cost": 270612.47,
              "Plan Rows": 1,
              "Plan Width": 8,
              "Actual Startup Time": 2114.454,
              "Actual Total Time": 2114.457,
              "Actual Rows": 1,
              "Actual Loops": 6,
              "Plans": [
                {
                  "Node Type": "Nested Loop",
                  "Parent Relationship": "Outer",
                  "Parallel Aware": false,
                  "Join Type": "Inner",
                  "Startup Cost": 54799.31,
                  "Total Cost": 269269.46,
                  "Plan Rows": 537200,
                  "Plan Width": 0,
                  "Actual Startup Time": 351.486,
                  "Actual Total Time": 2073.703,
                  "Actual Rows": 782564,
                  "Actual Loops": 6,
                  "Inner Unique": false,
                  "Plans": [
                    {
                      "Node Type": "Merge Join",
                      "Parent Relationship": "Outer",
                      "Parallel Aware": false,
                      "Join Type": "Inner",
                      "Startup Cost": 54798.75,
                      "Total Cost": 148119.39,
                      "Plan Rows": 57675,
                      "Plan Width": 8,
                      "Actual Startup Time": 351.332,
                      "Actual Total Time": 521.181,
                      "Actual Rows": 47051,
                      "Actual Loops": 6,
                      "Inner Unique": false,
                      "Merge Cond": "(t.id = mc.movie_id)",
                      "Plans": [
                        {
                          "Node Type": "Index Only Scan",
                          "Parent Relationship": "Outer",
                          "Parallel Aware": true,
                          "Scan Direction": "Forward",
                          "Index Name": "title_pkey",
                          "Relation Name": "title",
                          "Alias": "t",
                          "Startup Cost": 0.43,
                          "Total Cost": 90125.02,
                          "Plan Rows": 505685,
                          "Plan Width": 4,
                          "Actual Startup Time": 0.113,
                          "Actual Total Time": 316.467,
                          "Actual Rows": 420958,
                          "Actual Loops": 6,
                          "Heap Fetches": 2525750
                        },
                        {
                          "Node Type": "Sort",
                          "Parent Relationship": "Inner",
                          "Parallel Aware": false,
                          "Startup Cost": 54798.27,
                          "Total Cost": 55519.21,
                          "Plan Rows": 288376,
                          "Plan Width": 4,
                          "Actual Startup Time": 141.392,
                          "Actual Total Time": 157.395,
                          "Actual Rows": 282307,
                          "Actual Loops": 6,
                          "Sort Key": [
                            "mc.movie_id"
                          ],
                          "Sort Method": "quicksort",
                          "Sort Space Used": 25522,
                          "Sort Space Type": "Memory",
                          "Workers": [
                            {
                              "Worker Number": 0,
                              "Sort Method": "quicksort",
                              "Sort Space Used": 25522,
                              "Sort Space Type": "Memory"
                            },
                            {
                              "Worker Number": 1,
                              "Sort Method": "quicksort",
                              "Sort Space Used": 25522,
                              "Sort Space Type": "Memory"
                            },
                            {
                              "Worker Number": 2,
                              "Sort Method": "quicksort",
                              "Sort Space Used": 25522,
                              "Sort Space Type": "Memory"
                            },
                            {
                              "Worker Number": 3,
                              "Sort Method": "quicksort",
                              "Sort Space Used": 25522,
                              "Sort Space Type": "Memory"
                            },
                            {
                              "Worker Number": 4,
                              "Sort Method": "quicksort",
                              "Sort Space Used": 25522,
                              "Sort Space Type": "Memory"
                            }
                          ],
                          "Plans": [
                            {
                              "Node Type": "Bitmap Heap Scan",
                              "Parent Relationship": "Outer",
                              "Parallel Aware": false,
                              "Relation Name": "movie_companies",
                              "Alias": "mc",
                              "Startup Cost": 6251.34,
                              "Total Cost": 28646.04,
                              "Plan Rows": 288376,
                              "Plan Width": 4,
                              "Actual Startup Time": 23.978,
                              "Actual Total Time": 74.177,
                              "Actual Rows": 282307,
                              "Actual Loops": 6,
                              "Recheck Cond": "(company_id > 95666)",
                              "Rows Removed by Index Recheck": 0,
                              "Exact Heap Blocks": 4708,
                              "Lossy Heap Blocks": 0,
                              "Plans": [
                                {
                                  "Node Type": "Bitmap Index Scan",
                                  "Parent Relationship": "Outer",
                                  "Parallel Aware": false,
                                  "Index Name": "company_id_movie_companies",
                                  "Startup Cost": 0.0,
                                  "Total Cost": 6179.25,
                                  "Plan Rows": 288376,
                                  "Plan Width": 0,
                                  "Actual Startup Time": 23.309,
                                  "Actual Total Time": 23.309,
                                  "Actual Rows": 282307,
                                  "Actual Loops": 6,
                                  "Index Cond": "(company_id > 95666)"
                                }
                              ]
                            }
                          ]
                        }
                      ]
                    },
                    {
                      "Node Type": "Index Scan",
                      "Parent Relationship": "Inner",
                      "Parallel Aware": false,
                      "Scan Direction": "Forward",
                      "Index Name": "movie_id_cast_info",
                      "Relation Name": "cast_info",
                      "Alias": "ci",
                      "Startup Cost": 0.56,
                      "Total Cost": 1.87,
                      "Plan Rows": 23,
                      "Plan Width": 4,
                      "Actual Startup Time": 0.014,
                      "Actual Total Time": 0.032,
                      "Actual Rows": 17,
                      "Actual Loops": 282307,
                      "Index Cond": "(movie_id = t.id)",
                      "Rows Removed by Index Recheck": 0,
                      "Filter": "(role_id > 1)",
                      "Rows Removed by Filter": 9
                    }
                  ]
                }
              ]
            }
          ]
        }
      ]
    },
    "Planning Time": 0.555,
    "Triggers": [],
    "Execution Time": 2229.865
  }
]