{
  "Plan": {
    "Node Type": "Aggregate",
    "Strategy": "Plain",
    "Partial Mode": "Finalize",
    "Parallel Aware": false,
    "Startup Cost": 118608.26,
    "Total Cost": 118608.27,
    "Plan Rows": 1,
    "Plan Width": 8,
    "Actual Startup Time": 388.675,
    "Actual Total Time": 403.973,
    "Actual Rows": 1,
    "Actual Loops": 1,
    "Plans": [
      {
        "Node Type": "Gather",
        "Parent Relationship": "Outer",
        "Parallel Aware": false,
        "Startup Cost": 118608.15,
        "Total Cost": 118608.26,
        "Plan Rows": 1,
        "Plan Width": 8,
        "Actual Startup Time": 388.391,
        "Actual Total Time": 403.966,
        "Actual Rows": 2,
        "Actual Loops": 1,
        "Workers Planned": 1,
        "Workers Launched": 1,
        "Single Copy": false,
        "Plans": [
          {
            "Node Type": "Aggregate",
            "Strategy": "Plain",
            "Partial Mode": "Partial",
            "Parent Relationship": "Outer",
            "Parallel Aware": false,
            "Startup Cost": 117608.15,
            "Total Cost": 117608.16,
            "Plan Rows": 1,
            "Plan Width": 8,
            "Actual Startup Time": 382.884,
            "Actual Total Time": 382.888,
            "Actual Rows": 1,
            "Actual Loops": 2,
            "Plans": [
              {
                "Node Type": "Hash Join",
                "Parent Relationship": "Outer",
                "Parallel Aware": true,
                "Join Type": "Inner",
                "Startup Cost": 56207.8,
                "Total Cost": 117586.67,
                "Plan Rows": 8594,
                "Plan Width": 0,
                "Actual Startup Time": 131.296,
                "Actual Total Time": 382.108,
                "Actual Rows": 17038,
                "Actual Loops": 2,
                "Inner Unique": true,
                "Hash Cond": "(mk.movie_id = t.id)",
                "Plans": [
                  {
                    "Node Type": "Seq Scan",
                    "Parent Relationship": "Outer",
                    "Parallel Aware": true,
                    "Relation Name": "movie_keyword",
                    "Alias": "mk",
                    "Startup Cost": 0.0,
                    "Total Cost": 57718.19,
                    "Plan Rows": 1394538,
                    "Plan Width": 4,
                    "Actual Startup Time": 0.367,
                    "Actual Total Time": 179.127,
                    "Actual Rows": 1183366,
                    "Actual Loops": 2,
                    "Filter": "(keyword_id > 4095)",
                    "Rows Removed by Filter": 1078599
                  },
                  {
                    "Node Type": "Hash",
                    "Parent Relationship": "Inner",
                    "Parallel Aware": true,
                    "Startup Cost": 56093.24,
                    "Total Cost": 56093.24,
                    "Plan Rows": 9165,
                    "Plan Width": 4,
                    "Actual Startup Time": 129.767,
                    "Actual Total Time": 129.768,
                    "Actual Rows": 5681,
                    "Actual Loops": 2,
                    "Hash Buckets": 16384,
                    "Original Hash Buckets": 16384,
                    "Hash Batches": 1,
                    "Original Hash Batches": 1,
                    "Peak Memory Usage": 576,
                    "Plans": [
                      {
                        "Node Type": "Bitmap Heap Scan",
                        "Parent Relationship": "Outer",
                        "Parallel Aware": true,
                        "Relation Name": "title",
                        "Alias": "t",
                        "Startup Cost": 13442.85,
                        "Total Cost": 56093.24,
                        "Plan Rows": 9165,
                        "Plan Width": 4,
                        "Actual Startup Time": 42.16,
                        "Actual Total Time": 127.965,
                        "Actual Rows": 5681,
                        "Actual Loops": 2,
                        "Recheck Cond": "(kind_id < 3)",
                        "Rows Removed by Index Recheck": 0,
                        "Filter": "(production_year = 2001)",
                        "Rows Removed by Filter": 371158,
                        "Exact Heap Blocks": 27889,
                        "Lossy Heap Blocks": 0,
                        "Plans": [
                          {
                            "Node Type": "Bitmap Index Scan",
                            "Parent Relationship": "Outer",
                            "Parallel Aware": false,
                            "Index Name": "kind_id_title",
                            "Startup Cost": 0.0,
                            "Total Cost": 13438.96,
                            "Plan Rows": 753937,
                            "Plan Width": 0,
                            "Actual Startup Time": 40.409,
                            "Actual Total Time": 40.41,
                            "Actual Rows": 753677,
                            "Actual Loops": 1,
                            "Index Cond": "(kind_id < 3)"
                          }
                        ]
                      }
                    ]
                  }
                ]
              }
            ]
          }
        ]
      }
    ]
  },
  "Planning Time": 0.4,
  "Triggers": [],
  "Execution Time": 404.059
}