{
  "Plan": {
    "Node Type": "Aggregate",
    "Strategy": "Plain",
    "Partial Mode": "Finalize",
    "Parallel Aware": false,
    "Startup Cost": 132167.0,
    "Total Cost": 132167.01,
    "Plan Rows": 1,
    "Plan Width": 8,
    "Actual Startup Time": 743.802,
    "Actual Total Time": 761.216,
    "Actual Rows": 1,
    "Actual Loops": 1,
    "Plans": [
      {
        "Node Type": "Gather",
        "Parent Relationship": "Outer",
        "Parallel Aware": false,
        "Startup Cost": 132166.89,
        "Total Cost": 132167.0,
        "Plan Rows": 1,
        "Plan Width": 8,
        "Actual Startup Time": 741.161,
        "Actual Total Time": 761.21,
        "Actual Rows": 2,
        "Actual Loops": 1,
        "Workers Planned": 1,
        "Workers Launched": 1,
        "Single Copy": false,
        "Plans": [
          {
            "Node Type": "Aggregate",
            "Strategy": "Plain",
            "Partial Mode": "Partial",
            "Parent Relationship": "Outer",
            "Parallel Aware": false,
            "Startup Cost": 131166.89,
            "Total Cost": 131166.9,
            "Plan Rows": 1,
            "Plan Width": 8,
            "Actual Startup Time": 733.4,
            "Actual Total Time": 733.403,
            "Actual Rows": 1,
            "Actual Loops": 2,
            "Plans": [
              {
                "Node Type": "Hash Join",
                "Parent Relationship": "Outer",
                "Parallel Aware": true,
                "Join Type": "Inner",
                "Startup Cost": 66110.01,
                "Total Cost": 129070.97,
                "Plan Rows": 838366,
                "Plan Width": 0,
                "Actual Startup Time": 358.817,
                "Actual Total Time": 719.644,
                "Actual Rows": 357813,
                "Actual Loops": 2,
                "Inner Unique": true,
                "Hash Cond": "(mk.movie_id = t.id)",
                "Plans": [
                  {
                    "Node Type": "Seq Scan",
                    "Parent Relationship": "Outer",
                    "Parallel Aware": true,
                    "Relation Name": "movie_keyword",
                    "Alias": "mk",
                    "Startup Cost": 0.0,
                    "Total Cost": 57718.19,
                    "Plan Rows": 1997244,
                    "Plan Width": 4,
                    "Actual Startup Time": 0.092,
                    "Actual Total Time": 191.702,
                    "Actual Rows": 1693070,
                    "Actual Loops": 2,
                    "Filter": "(keyword_id > 1272)",
                    "Rows Removed by Filter": 568895
                  },
                  {
                    "Node Type": "Hash",
                    "Parent Relationship": "Inner",
                    "Parallel Aware": true,
                    "Startup Cost": 58306.47,
                    "Total Cost": 58306.47,
                    "Plan Rows": 624283,
                    "Plan Width": 4,
                    "Actual Startup Time": 343.769,
                    "Actual Total Time": 343.77,
                    "Actual Rows": 576176,
                    "Actual Loops": 2,
                    "Hash Buckets": 2097152,
                    "Original Hash Buckets": 2097152,
                    "Hash Batches": 1,
                    "Original Hash Batches": 1,
                    "Peak Memory Usage": 61504,
                    "Plans": [
                      {
                        "Node Type": "Seq Scan",
                        "Parent Relationship": "Outer",
                        "Parallel Aware": true,
                        "Relation Name": "title",
                        "Alias": "t",
                        "Startup Cost": 0.0,
                        "Total Cost": 58306.47,
                        "Plan Rows": 624283,
                        "Plan Width": 4,
                        "Actual Startup Time": 0.031,
                        "Actual Total Time": 167.401,
                        "Actual Rows": 576176,
                        "Actual Loops": 2,
                        "Filter": "((kind_id > 1) AND (production_year > 1999))",
                        "Rows Removed by Filter": 687980
                      }
                    ]
                  }
                ]
              }
            ]
          }
        ]
      }
    ]
  },
  "Planning Time": 0.599,
  "Triggers": [],
  "Execution Time": 761.285
}