[
  {
    "Plan": {
      "Node Type": "Aggregate",
      "Strategy": "Plain",
      "Partial Mode": "Finalize",
      "Parallel Aware": false,
      "Startup Cost": 33076.18,
      "Total Cost": 33076.19,
      "Plan Rows": 1,
      "Plan Width": 8,
      "Actual Startup Time": 107.715,
      "Actual Total Time": 115.72,
      "Actual Rows": 1,
      "Actual Loops": 1,
      "Plans": [
        {
          "Node Type": "Gather",
          "Parent Relationship": "Outer",
          "Parallel Aware": false,
          "Startup Cost": 33075.86,
          "Total Cost": 33076.17,
          "Plan Rows": 3,
          "Plan Width": 8,
          "Actual Startup Time": 107.599,
          "Actual Total Time": 115.711,
          "Actual Rows": 4,
          "Actual Loops": 1,
          "Workers Planned": 3,
          "Workers Launched": 3,
          "Single Copy": false,
          "Plans": [
            {
              "Node Type": "Aggregate",
              "Strategy": "Plain",
              "Partial Mode": "Partial",
              "Parent Relationship": "Outer",
              "Parallel Aware": false,
              "Startup Cost": 32075.86,
              "Total Cost": 32075.87,
              "Plan Rows": 1,
              "Plan Width": 8,
              "Actual Startup Time": 99.261,
              "Actual Total Time": 99.262,
              "Actual Rows": 1,
              "Actual Loops": 4,
              "Plans": [
                {
                  "Node Type": "Seq Scan",
                  "Parent Relationship": "Outer",
                  "Parallel Aware": true,
                  "Relation Name": "movie_companies",
                  "Alias": "mc",
                  "Startup Cost": 0.0,
                  "Total Cost": 31414.82,
                  "Plan Rows": 264416,
                  "Plan Width": 0,
                  "Actual Startup Time": 50.225,
                  "Actual Total Time": 87.908,
                  "Actual Rows": 258917,
                  "Actual Loops": 4,
                  "Filter": "((company_id > 4616) AND (company_type_id > 1))",
                  "Rows Removed by Filter": 393365
                }
              ]
            }
          ]
        }
      ]
    },
    "Planning Time": 0.226,
    "Triggers": [],
    "Execution Time": 115.775
  }
]