{
  "Plan": {
    "Node Type": "Aggregate",
    "Strategy": "Plain",
    "Partial Mode": "Simple",
    "Parallel Aware": false,
    "Startup Cost": 12004.08,
    "Total Cost": 12004.09,
    "Plan Rows": 1,
    "Plan Width": 128,
    "Actual Startup Time": 4187.932,
    "Actual Total Time": 4187.94,
    "Actual Rows": 1,
    "Actual Loops": 1,
    "Plans": [
      {
        "Node Type": "Nested Loop",
        "Parent Relationship": "Outer",
        "Parallel Aware": false,
        "Join Type": "Inner",
        "Startup Cost": 13.11,
        "Total Cost": 12004.07,
        "Plan Rows": 1,
        "Plan Width": 81,
        "Actual Startup Time": 3.011,
        "Actual Total Time": 4183.312,
        "Actual Rows": 12006,
        "Actual Loops": 1,
        "Inner Unique": true,
        "Join Filter": "(mi_idx.info_type_id = it2.id)",
        "Rows Removed by Join Filter": 24226,
        "Plans": [
          {
            "Node Type": "Nested Loop",
            "Parent Relationship": "Outer",
            "Parallel Aware": false,
            "Join Type": "Inner",
            "Startup Cost": 13.11,
            "Total Cost": 12001.65,
            "Plan Rows": 1,
            "Plan Width": 85,
            "Actual Startup Time": 2.935,
            "Actual Total Time": 3890.288,
            "Actual Rows": 36232,
            "Actual Loops": 1,
            "Inner Unique": false,
            "Join Filter": "(mi.info_type_id = it1.id)",
            "Rows Removed by Join Filter": 3274,
            "Plans": [
              {
                "Node Type": "Seq Scan",
                "Parent Relationship": "Outer",
                "Parallel Aware": false,
                "Relation Name": "info_type",
                "Alias": "it1",
                "Startup Cost": 0.0,
                "Total Cost": 2.41,
                "Plan Rows": 1,
                "Plan Width": 4,
                "Actual Startup Time": 0.026,
                "Actual Total Time": 0.032,
                "Actual Rows": 1,
                "Actual Loops": 1,
                "Filter": "((info)::text = 'genres'::text)",
                "Rows Removed by Filter": 112
              },
              {
                "Node Type": "Nested Loop",
                "Parent Relationship": "Inner",
                "Parallel Aware": false,
                "Join Type": "Inner",
                "Startup Cost": 13.11,
                "Total Cost": 11998.86,
                "Plan Rows": 30,
                "Plan Width": 89,
                "Actual Startup Time": 2.903,
                "Actual Total Time": 3885.265,
                "Actual Rows": 39506,
                "Actual Loops": 1,
                "Inner Unique": false,
                "Join Filter": "(ci.movie_id = mi_idx.movie_id)",
                "Rows Removed by Join Filter": 0,
                "Plans": [
                  {
                    "Node Type": "Nested Loop",
                    "Parent Relationship": "Outer",
                    "Parallel Aware": false,
                    "Join Type": "Inner",
                    "Startup Cost": 12.68,
                    "Total Cost": 11969.71,
                    "Plan Rows": 55,
                    "Plan Width": 95,
                    "Actual Startup Time": 2.872,
                    "Actual Total Time": 3821.063,
                    "Actual Rows": 13821,
                    "Actual Loops": 1,
                    "Inner Unique": true,
                    "Join Filter": "(ci.movie_id = t.id)",
                    "Rows Removed by Join Filter": 0,
                    "Plans": [
                      {
                        "Node Type": "Nested Loop",
                        "Parent Relationship": "Outer",
                        "Parallel Aware": false,
                        "Join Type": "Inner",
                        "Startup Cost": 12.25,
                        "Total Cost": 11942.22,
                        "Plan Rows": 55,
                        "Plan Width": 74,
                        "Actual Startup Time": 2.841,
                        "Actual Total Time": 3768.938,
                        "Actual Rows": 13821,
                        "Actual Loops": 1,
                        "Inner Unique": false,
                        "Join Filter": "(ci.movie_id = mi.movie_id)",
                        "Rows Removed by Join Filter": 0,
                        "Plans": [
                          {
                            "Node Type": "Nested Loop",
                            "Parent Relationship": "Outer",
                            "Parallel Aware": false,
                            "Join Type": "Inner",
                            "Startup Cost": 11.81,
                            "Total Cost": 11758.26,
                            "Plan Rows": 114,
                            "Plan Width": 23,
                            "Actual Startup Time": 2.744,
                            "Actual Total Time": 3250.05,
                            "Actual Rows": 13177,
                            "Actual Loops": 1,
                            "Inner Unique": true,
                            "Plans": [
                              {
                                "Node Type": "Nested Loop",
                                "Parent Relationship": "Outer",
                                "Parallel Aware": false,
                                "Join Type": "Inner",
                                "Startup Cost": 11.38,
                                "Total Cost": 11574.66,
                                "Plan Rows": 268,
                                "Plan Width": 12,
                                "Actual Startup Time": 2.71,
                                "Actual Total Time": 3102.927,
                                "Actual Rows": 24689,
                                "Actual Loops": 1,
                                "Inner Unique": false,
                                "Plans": [
                                  {
                                    "Node Type": "Nested Loop",
                                    "Parent Relationship": "Outer",
                                    "Parallel Aware": false,
                                    "Join Type": "Inner",
                                    "Startup Cost": 10.82,
                                    "Total Cost": 11168.51,
                                    "Plan Rows": 236,
                                    "Plan Width": 4,
                                    "Actual Startup Time": 1.484,
                                    "Actual Total Time": 89.178,
                                    "Actual Rows": 40317,
                                    "Actual Loops": 1,
                                    "Inner Unique": false,
                                    "Plans": [
                                      {
                                        "Node Type": "Seq Scan",
                                        "Parent Relationship": "Outer",
                                        "Parallel Aware": false,
                                        "Relation Name": "keyword",
                                        "Alias": "k",
                                        "Startup Cost": 0.0,
                                        "Total Cost": 3464.69,
                                        "Plan Rows": 7,
                                        "Plan Width": 4,
                                        "Actual Startup Time": 0.264,
                                        "Actual Total Time": 18.59,
                                        "Actual Rows": 7,
                                        "Actual Loops": 1,
                                        "Filter": "(keyword = ANY ('{fight,based-on-comic,laser,marvel-comics,murder,death,1980s}'::text[]))",
                                        "Rows Removed by Filter": 134163
                                      },
                                      {
                                        "Node Type": "Bitmap Heap Scan",
                                        "Parent Relationship": "Inner",
                                        "Parallel Aware": false,
                                        "Relation Name": "movie_keyword",
                                        "Alias": "mk",
                                        "Startup Cost": 10.82,
                                        "Total Cost": 1097.47,
                                        "Plan Rows": 308,
                                        "Plan Width": 8,
                                        "Actual Startup Time": 1.121,
                                        "Actual Total Time": 9.485,
                                        "Actual Rows": 5760,
                                        "Actual Loops": 7,
                                        "Recheck Cond": "(keyword_id = k.id)",
                                        "Rows Removed by Index Recheck": 0,
                                        "Exact Heap Blocks": 29351,
                                        "Lossy Heap Blocks": 0,
                                        "Plans": [
                                          {
                                            "Node Type": "Bitmap Index Scan",
                                            "Parent Relationship": "Outer",
                                            "Parallel Aware": false,
                                            "Index Name": "keyword_id_movie_keyword",
                                            "Startup Cost": 0.0,
                                            "Total Cost": 10.74,
                                            "Plan Rows": 308,
                                            "Plan Width": 0,
                                            "Actual Startup Time": 0.604,
                                            "Actual Total Time": 0.604,
                                            "Actual Rows": 5760,
                                            "Actual Loops": 7,
                                            "Index Cond": "(keyword_id = k.id)"
                                          }
                                        ]
                                      }
                                    ]
                                  },
                                  {
                                    "Node Type": "Index Scan",
                                    "Parent Relationship": "Inner",
                                    "Parallel Aware": false,
                                    "Scan Direction": "Forward",
                                    "Index Name": "movie_id_cast_info",
                                    "Relation Name": "cast_info",
                                    "Alias": "ci",
                                    "Startup Cost": 0.56,
                                    "Total Cost": 1.71,
                                    "Plan Rows": 1,
                                    "Plan Width": 8,
                                    "Actual Startup Time": 0.061,
                                    "Actual Total Time": 0.074,
                                    "Actual Rows": 1,
                                    "Actual Loops": 40317,
                                    "Index Cond": "(movie_id = mk.movie_id)",
                                    "Rows Removed by Index Recheck": 0,
                                    "Filter": "(note = ANY ('{(writer),\"(head writer)\",\"(written by)\",(story),\"(story editor)\"}'::text[]))",
                                    "Rows Removed by Filter": 49
                                  }
                                ]
                              },
                              {
                                "Node Type": "Index Scan",
                                "Parent Relationship": "Inner",
                                "Parallel Aware": false,
                                "Scan Direction": "Forward",
                                "Index Name": "name_pkey",
                                "Relation Name": "name",
                                "Alias": "n",
                                "Startup Cost": 0.43,
                                "Total Cost": 0.69,
                                "Plan Rows": 1,
                                "Plan Width": 19,
                                "Actual Startup Time": 0.006,
                                "Actual Total Time": 0.006,
                                "Actual Rows": 1,
                                "Actual Loops": 24689,
                                "Index Cond": "(id = ci.person_id)",
                                "Rows Removed by Index Recheck": 0,
                                "Filter": "((gender)::text = 'm'::text)",
                                "Rows Removed by Filter": 0
                              }
                            ]
                          },
                          {
                            "Node Type": "Index Scan",
                            "Parent Relationship": "Inner",
                            "Parallel Aware": false,
                            "Scan Direction": "Forward",
                            "Index Name": "movie_id_movie_info",
                            "Relation Name": "movie_info",
                            "Alias": "mi",
                            "Startup Cost": 0.43,
                            "Total Cost": 1.6,
                            "Plan Rows": 1,
                            "Plan Width": 51,
                            "Actual Startup Time": 0.038,
                            "Actual Total Time": 0.039,
                            "Actual Rows": 1,
                            "Actual Loops": 13177,
                            "Index Cond": "(movie_id = mk.movie_id)",
                            "Rows Removed by Index Recheck": 0,
                            "Filter": "(info = ANY ('{Drama,War,Horror,Western,Thriller,Documentary}'::text[]))",
                            "Rows Removed by Filter": 86
                          }
                        ]
                      },
                      {
                        "Node Type": "Index Scan",
                        "Parent Relationship": "Inner",
                        "Parallel Aware": false,
                        "Scan Direction": "Forward",
                        "Index Name": "title_pkey",
                        "Relation Name": "title",
                        "Alias": "t",
                        "Startup Cost": 0.43,
                        "Total Cost": 0.49,
                        "Plan Rows": 1,
                        "Plan Width": 21,
                        "Actual Startup Time": 0.003,
                        "Actual Total Time": 0.003,
                        "Actual Rows": 1,
                        "Actual Loops": 13821,
                        "Index Cond": "(id = mk.movie_id)",
                        "Rows Removed by Index Recheck": 0
                      }
                    ]
                  },
                  {
                    "Node Type": "Index Scan",
                    "Parent Relationship": "Inner",
                    "Parallel Aware": false,
                    "Scan Direction": "Forward",
                    "Index Name": "movie_id_movie_info_idx",
                    "Relation Name": "movie_info_idx",
                    "Alias": "mi_idx",
                    "Startup Cost": 0.43,
                    "Total Cost": 0.49,
                    "Plan Rows": 3,
                    "Plan Width": 14,
                    "Actual Startup Time": 0.003,
                    "Actual Total Time": 0.004,
                    "Actual Rows": 3,
                    "Actual Loops": 13821,
                    "Index Cond": "(movie_id = mk.movie_id)",
                    "Rows Removed by Index Recheck": 0
                  }
                ]
              }
            ]
          },
          {
            "Node Type": "Seq Scan",
            "Parent Relationship": "Inner",
            "Parallel Aware": false,
            "Relation Name": "info_type",
            "Alias": "it2",
            "Startup Cost": 0.0,
            "Total Cost": 2.41,
            "Plan Rows": 1,
            "Plan Width": 4,
            "Actual Startup Time": 0.006,
            "Actual Total Time": 0.006,
            "Actual Rows": 1,
            "Actual Loops": 36232,
            "Filter": "((info)::text = 'votes'::text)",
            "Rows Removed by Filter": 108
          }
        ]
      }
    ]
  },
  "Planning Time": 3.112,
  "Triggers": [],
  "Execution Time": 4188.157
}