[
    {
        "Bao": {
            "Bao prediction": 456.352,
            "Bao recommended hint": "(no hint)"
        }
    },
    {
        "Plan": {
            "Node Type": "Aggregate",
            "Strategy": "Plain",
            "Partial Mode": "Finalize",
            "Parallel Aware": false,
            "Startup Cost": 330874.12,
            "Total Cost": 330874.13,
            "Plan Rows": 1,
            "Plan Width": 8,
            "Actual Startup Time": 753.082,
            "Actual Total Time": 786.655,
            "Actual Rows": 1,
            "Actual Loops": 1,
            "Output": [
                "count(*)"
            ],
            "Plans": [
                {
                    "Node Type": "Gather",
                    "Parent Relationship": "Outer",
                    "Parallel Aware": false,
                    "Startup Cost": 330873.5,
                    "Total Cost": 330874.11,
                    "Plan Rows": 6,
                    "Plan Width": 8,
                    "Actual Startup Time": 752.97,
                    "Actual Total Time": 786.645,
                    "Actual Rows": 7,
                    "Actual Loops": 1,
                    "Output": [
                        "(PARTIAL count(*))"
                    ],
                    "Workers Planned": 6,
                    "Workers Launched": 6,
                    "Single Copy": false,
                    "Plans": [
                        {
                            "Node Type": "Aggregate",
                            "Strategy": "Plain",
                            "Partial Mode": "Partial",
                            "Parent Relationship": "Outer",
                            "Parallel Aware": false,
                            "Startup Cost": 329873.5,
                            "Total Cost": 329873.51,
                            "Plan Rows": 1,
                            "Plan Width": 8,
                            "Actual Startup Time": 743.488,
                            "Actual Total Time": 743.49,
                            "Actual Rows": 1,
                            "Actual Loops": 7,
                            "Output": [
                                "PARTIAL count(*)"
                            ],
                            "Workers": [
                                {
                                    "Worker Number": 0,
                                    "Actual Startup Time": 740.541,
                                    "Actual Total Time": 740.542,
                                    "Actual Rows": 1,
                                    "Actual Loops": 1
                                },
                                {
                                    "Worker Number": 1,
                                    "Actual Startup Time": 741.92,
                                    "Actual Total Time": 741.921,
                                    "Actual Rows": 1,
                                    "Actual Loops": 1
                                },
                                {
                                    "Worker Number": 2,
                                    "Actual Startup Time": 742.44,
                                    "Actual Total Time": 742.441,
                                    "Actual Rows": 1,
                                    "Actual Loops": 1
                                },
                                {
                                    "Worker Number": 3,
                                    "Actual Startup Time": 742.011,
                                    "Actual Total Time": 742.012,
                                    "Actual Rows": 1,
                                    "Actual Loops": 1
                                },
                                {
                                    "Worker Number": 4,
                                    "Actual Startup Time": 742.584,
                                    "Actual Total Time": 742.585,
                                    "Actual Rows": 1,
                                    "Actual Loops": 1
                                },
                                {
                                    "Worker Number": 5,
                                    "Actual Startup Time": 742.755,
                                    "Actual Total Time": 742.756,
                                    "Actual Rows": 1,
                                    "Actual Loops": 1
                                }
                            ],
                            "Plans": [
                                {
                                    "Node Type": "Seq Scan",
                                    "Parent Relationship": "Outer",
                                    "Parallel Aware": true,
                                    "Relation Name": "cast_info",
                                    "Schema": "public",
                                    "Alias": "ci",
                                    "Startup Cost": 0.0,
                                    "Total Cost": 328213.62,
                                    "Plan Rows": 663953,
                                    "Plan Width": 0,
                                    "Actual Startup Time": 531.338,
                                    "Actual Total Time": 705.543,
                                    "Actual Rows": 568481,
                                    "Actual Loops": 7,
                                    "Output": [
                                        "id",
                                        "person_id",
                                        "movie_id",
                                        "person_role_id",
                                        "note",
                                        "nr_order",
                                        "role_id"
                                    ],
                                    "Filter": "(ci.person_id > 3329368)",
                                    "Rows Removed by Filter": 4609282,
                                    "Workers": [
                                        {
                                            "Worker Number": 0,
                                            "Actual Startup Time": 528.381,
                                            "Actual Total Time": 704.172,
                                            "Actual Rows": 543899,
                                            "Actual Loops": 1
                                        },
                                        {
                                            "Worker Number": 1,
                                            "Actual Startup Time": 529.79,
                                            "Actual Total Time": 705.894,
                                            "Actual Rows": 540473,
                                            "Actual Loops": 1
                                        },
                                        {
                                            "Worker Number": 2,
                                            "Actual Startup Time": 530.275,
                                            "Actual Total Time": 706.551,
                                            "Actual Rows": 537682,
                                            "Actual Loops": 1
                                        },
                                        {
                                            "Worker Number": 3,
                                            "Actual Startup Time": 529.862,
                                            "Actual Total Time": 705.714,
                                            "Actual Rows": 543003,
                                            "Actual Loops": 1
                                        },
                                        {
                                            "Worker Number": 4,
                                            "Actual Startup Time": 530.442,
                                            "Actual Total Time": 706.348,
                                            "Actual Rows": 541332,
                                            "Actual Loops": 1
                                        },
                                        {
                                            "Worker Number": 5,
                                            "Actual Startup Time": 530.606,
                                            "Actual Total Time": 706.653,
                                            "Actual Rows": 533916,
                                            "Actual Loops": 1
                                        }
                                    ]
                                }
                            ]
                        }
                    ]
                }
            ]
        },
        "Planning Time": 3884.717,
        "Triggers": [],
        "Execution Time": 786.751
    }
]