[
  {
    "Plan": {
      "Node Type": "Aggregate",
      "Strategy": "Plain",
      "Partial Mode": "Finalize",
      "Parallel Aware": false,
      "Startup Cost": 363108.02,
      "Total Cost": 363108.03,
      "Plan Rows": 1,
      "Plan Width": 8,
      "Actual Startup Time": 664.049,
      "Actual Total Time": 686.615,
      "Actual Rows": 1,
      "Actual Loops": 1,
      "Plans": [
        {
          "Node Type": "Gather",
          "Parent Relationship": "Outer",
          "Parallel Aware": false,
          "Startup Cost": 363107.7,
          "Total Cost": 363108.01,
          "Plan Rows": 3,
          "Plan Width": 8,
          "Actual Startup Time": 659.057,
          "Actual Total Time": 686.606,
          "Actual Rows": 4,
          "Actual Loops": 1,
          "Workers Planned": 3,
          "Workers Launched": 3,
          "Single Copy": false,
          "Plans": [
            {
              "Node Type": "Aggregate",
              "Strategy": "Plain",
              "Partial Mode": "Partial",
              "Parent Relationship": "Outer",
              "Parallel Aware": false,
              "Startup Cost": 362107.7,
              "Total Cost": 362107.71,
              "Plan Rows": 1,
              "Plan Width": 8,
              "Actual Startup Time": 650.146,
              "Actual Total Time": 650.154,
              "Actual Rows": 1,
              "Actual Loops": 4,
              "Plans": [
                {
                  "Node Type": "Hash Join",
                  "Parent Relationship": "Outer",
                  "Parallel Aware": true,
                  "Join Type": "Inner",
                  "Startup Cost": 316486.49,
                  "Total Cost": 361557.01,
                  "Plan Rows": 220278,
                  "Plan Width": 0,
                  "Actual Startup Time": 382.396,
                  "Actual Total Time": 624.98,
                  "Actual Rows": 561539,
                  "Actual Loops": 4,
                  "Inner Unique": false,
                  "Hash Cond": "(mk.movie_id = t.id)",
                  "Plans": [
                    {
                      "Node Type": "Seq Scan",
                      "Parent Relationship": "Outer",
                      "Parallel Aware": true,
                      "Relation Name": "movie_keyword",
                      "Alias": "mk",
                      "Startup Cost": 0.0,
                      "Total Cost": 39047.32,
                      "Plan Rows": 1459332,
                      "Plan Width": 4,
                      "Actual Startup Time": 0.029,
                      "Actual Total Time": 90.944,
                      "Actual Rows": 1130982,
                      "Actual Loops": 4
                    },
                    {
                      "Node Type": "Hash",
                      "Parent Relationship": "Inner",
                      "Parallel Aware": true,
                      "Startup Cost": 315293.83,
                      "Total Cost": 315293.83,
                      "Plan Rows": 95413,
                      "Plan Width": 8,
                      "Actual Startup Time": 378.991,
                      "Actual Total Time": 378.996,
                      "Actual Rows": 103623,
                      "Actual Loops": 4,
                      "Hash Buckets": 524288,
                      "Original Hash Buckets": 524288,
                      "Hash Batches": 1,
                      "Original Hash Batches": 1,
                      "Peak Memory Usage": 20352,
                      "Plans": [
                        {
                          "Node Type": "Hash Join",
                          "Parent Relationship": "Outer",
                          "Parallel Aware": true,
                          "Join Type": "Inner",
                          "Startup Cost": 266724.48,
                          "Total Cost": 315293.83,
                          "Plan Rows": 95413,
                          "Plan Width": 8,
                          "Actual Startup Time": 125.529,
                          "Actual Total Time": 345.838,
                          "Actual Rows": 103623,
                          "Actual Loops": 4,
                          "Inner Unique": false,
                          "Hash Cond": "(t.id = ci.movie_id)",
                          "Plans": [
                            {
                              "Node Type": "Seq Scan",
                              "Parent Relationship": "Outer",
                              "Parallel Aware": true,
                              "Relation Name": "title",
                              "Alias": "t",
                              "Startup Cost": 0.0,
                              "Total Cost": 43899.32,
                              "Plan Rows": 451100,
                              "Plan Width": 4,
                              "Actual Startup Time": 0.019,
                              "Actual Total Time": 97.031,
                              "Actual Rows": 448346,
                              "Actual Loops": 4,
                              "Filter": "(production_year > 1988)",
                              "Rows Removed by Filter": 183732
                            },
                            {
                              "Node Type": "Hash",
                              "Parent Relationship": "Inner",
                              "Parallel Aware": true,
                              "Startup Cost": 265610.33,
                              "Total Cost": 265610.33,
                              "Plan Rows": 89132,
                              "Plan Width": 4,
                              "Actual Startup Time": 122.244,
                              "Actual Total Time": 122.246,
                              "Actual Rows": 141322,
                              "Actual Loops": 4,
                              "Hash Buckets": 1048576,
                              "Original Hash Buckets": 1048576,
                              "Hash Batches": 1,
                              "Original Hash Batches": 1,
                              "Peak Memory Usage": 30368,
                              "Plans": [
                                {
                                  "Node Type": "Bitmap Heap Scan",
                                  "Parent Relationship": "Outer",
                                  "Parallel Aware": true,
                                  "Relation Name": "cast_info",
                                  "Alias": "ci",
                                  "Startup Cost": 11809.19,
                                  "Total Cost": 265610.33,
                                  "Plan Rows": 89132,
                                  "Plan Width": 4,
                                  "Actual Startup Time": 26.233,
                                  "Actual Total Time": 63.595,
                                  "Actual Rows": 141322,
                                  "Actual Loops": 4,
                                  "Recheck Cond": "(person_id < 61103)",
                                  "Rows Removed by Index Recheck": 0,
                                  "Exact Heap Blocks": 2311,
                                  "Lossy Heap Blocks": 0,
                                  "Plans": [
                                    {
                                      "Node Type": "Bitmap Index Scan",
                                      "Parent Relationship": "Outer",
                                      "Parallel Aware": false,
                                      "Index Name": "person_id_cast_info",
                                      "Startup Cost": 0.0,
                                      "Total Cost": 11675.49,
                                      "Plan Rows": 534790,
                                      "Plan Width": 0,
                                      "Actual Startup Time": 25.229,
                                      "Actual Total Time": 25.229,
                                      "Actual Rows": 565289,
                                      "Actual Loops": 1,
                                      "Index Cond": "(person_id < 61103)"
                                    }
                                  ]
                                }
                              ]
                            }
                          ]
                        }
                      ]
                    }
                  ]
                }
              ]
            }
          ]
        }
      ]
    },
    "Planning Time": 1.368,
    "Triggers": [],
    "Execution Time": 686.726
  }
]