[
  {
    "Plan": {
      "Node Type": "Aggregate",
      "Strategy": "Plain",
      "Partial Mode": "Finalize",
      "Parallel Aware": false,
      "Startup Cost": 13677.09,
      "Total Cost": 13677.1,
      "Plan Rows": 1,
      "Plan Width": 8,
      "Actual Startup Time": 72.601,
      "Actual Total Time": 82.34,
      "Actual Rows": 1,
      "Actual Loops": 1,
      "Plans": [
        {
          "Node Type": "Gather",
          "Parent Relationship": "Outer",
          "Parallel Aware": false,
          "Startup Cost": 13676.98,
          "Total Cost": 13677.09,
          "Plan Rows": 1,
          "Plan Width": 8,
          "Actual Startup Time": 72.438,
          "Actual Total Time": 82.332,
          "Actual Rows": 2,
          "Actual Loops": 1,
          "Workers Planned": 1,
          "Workers Launched": 1,
          "Single Copy": false,
          "Plans": [
            {
              "Node Type": "Aggregate",
              "Strategy": "Plain",
              "Partial Mode": "Partial",
              "Parent Relationship": "Outer",
              "Parallel Aware": false,
              "Startup Cost": 12676.98,
              "Total Cost": 12676.99,
              "Plan Rows": 1,
              "Plan Width": 8,
              "Actual Startup Time": 65.425,
              "Actual Total Time": 65.428,
              "Actual Rows": 1,
              "Actual Loops": 2,
              "Plans": [
                {
                  "Node Type": "Nested Loop",
                  "Parent Relationship": "Outer",
                  "Parallel Aware": false,
                  "Join Type": "Inner",
                  "Startup Cost": 55.19,
                  "Total Cost": 12675.79,
                  "Plan Rows": 477,
                  "Plan Width": 0,
                  "Actual Startup Time": 2.926,
                  "Actual Total Time": 62.311,
                  "Actual Rows": 53358,
                  "Actual Loops": 2,
                  "Inner Unique": false,
                  "Plans": [
                    {
                      "Node Type": "Nested Loop",
                      "Parent Relationship": "Outer",
                      "Parallel Aware": false,
                      "Join Type": "Inner",
                      "Startup Cost": 54.76,
                      "Total Cost": 12182.57,
                      "Plan Rows": 266,
                      "Plan Width": 8,
                      "Actual Startup Time": 2.709,
                      "Actual Total Time": 28.056,
                      "Actual Rows": 1668,
                      "Actual Loops": 2,
                      "Inner Unique": true,
                      "Plans": [
                        {
                          "Node Type": "Bitmap Heap Scan",
                          "Parent Relationship": "Outer",
                          "Parallel Aware": true,
                          "Relation Name": "movie_companies",
                          "Alias": "mc",
                          "Startup Cost": 54.33,
                          "Total Cost": 6641.28,
                          "Plan Rows": 680,
                          "Plan Width": 4,
                          "Actual Startup Time": 2.478,
                          "Actual Total Time": 9.326,
                          "Actual Rows": 1964,
                          "Actual Loops": 2,
                          "Recheck Cond": "(company_id = 1684)",
                          "Rows Removed by Index Recheck": 0,
                          "Filter": "(company_type_id = 1)",
                          "Rows Removed by Filter": 29,
                          "Exact Heap Blocks": 1818,
                          "Lossy Heap Blocks": 0,
                          "Plans": [
                            {
                              "Node Type": "Bitmap Index Scan",
                              "Parent Relationship": "Outer",
                              "Parallel Aware": false,
                              "Index Name": "company_id_movie_companies",
                              "Startup Cost": 0.0,
                              "Total Cost": 54.04,
                              "Plan Rows": 2348,
                              "Plan Width": 0,
                              "Actual Startup Time": 3.585,
                              "Actual Total Time": 3.585,
                              "Actual Rows": 3986,
                              "Actual Loops": 1,
                              "Index Cond": "(company_id = 1684)"
                            }
                          ]
                        },
                        {
                          "Node Type": "Index Scan",
                          "Parent Relationship": "Inner",
                          "Parallel Aware": false,
                          "Scan Direction": "Forward",
                          "Index Name": "title_pkey",
                          "Relation Name": "title",
                          "Alias": "t",
                          "Startup Cost": 0.43,
                          "Total Cost": 8.15,
                          "Plan Rows": 1,
                          "Plan Width": 4,
                          "Actual Startup Time": 0.009,
                          "Actual Total Time": 0.009,
                          "Actual Rows": 1,
                          "Actual Loops": 3928,
                          "Index Cond": "(id = mc.movie_id)",
                          "Rows Removed by Index Recheck": 0,
                          "Filter": "(kind_id < 7)",
                          "Rows Removed by Filter": 0
                        }
                      ]
                    },
                    {
                      "Node Type": "Index Only Scan",
                      "Parent Relationship": "Inner",
                      "Parallel Aware": false,
                      "Scan Direction": "Forward",
                      "Index Name": "movie_id_movie_keyword",
                      "Relation Name": "movie_keyword",
                      "Alias": "mk",
                      "Startup Cost": 0.43,
                      "Total Cost": 1.4,
                      "Plan Rows": 45,
                      "Plan Width": 4,
                      "Actual Startup Time": 0.011,
                      "Actual Total Time": 0.017,
                      "Actual Rows": 32,
                      "Actual Loops": 3336,
                      "Index Cond": "(movie_id = t.id)",
                      "Rows Removed by Index Recheck": 0,
                      "Heap Fetches": 106717
                    }
                  ]
                }
              ]
            }
          ]
        }
      ]
    },
    "Planning Time": 1.639,
    "Triggers": [],
    "Execution Time": 82.462
  }
]