{
  "Plan": {
    "Node Type": "Aggregate",
    "Strategy": "Plain",
    "Partial Mode": "Finalize",
    "Parallel Aware": false,
    "Startup Cost": 105441.01,
    "Total Cost": 105441.02,
    "Plan Rows": 1,
    "Plan Width": 8,
    "Actual Startup Time": 501.656,
    "Actual Total Time": 517.48,
    "Actual Rows": 1,
    "Actual Loops": 1,
    "Plans": [
      {
        "Node Type": "Gather",
        "Parent Relationship": "Outer",
        "Parallel Aware": false,
        "Startup Cost": 105440.9,
        "Total Cost": 105441.01,
        "Plan Rows": 1,
        "Plan Width": 8,
        "Actual Startup Time": 500.208,
        "Actual Total Time": 517.474,
        "Actual Rows": 2,
        "Actual Loops": 1,
        "Workers Planned": 1,
        "Workers Launched": 1,
        "Single Copy": false,
        "Plans": [
          {
            "Node Type": "Aggregate",
            "Strategy": "Plain",
            "Partial Mode": "Partial",
            "Parent Relationship": "Outer",
            "Parallel Aware": false,
            "Startup Cost": 104440.9,
            "Total Cost": 104440.91,
            "Plan Rows": 1,
            "Plan Width": 8,
            "Actual Startup Time": 494.329,
            "Actual Total Time": 494.333,
            "Actual Rows": 1,
            "Actual Loops": 2,
            "Plans": [
              {
                "Node Type": "Hash Join",
                "Parent Relationship": "Outer",
                "Parallel Aware": true,
                "Join Type": "Inner",
                "Startup Cost": 63913.23,
                "Total Cost": 103871.25,
                "Plan Rows": 227861,
                "Plan Width": 0,
                "Actual Startup Time": 255.208,
                "Actual Total Time": 482.148,
                "Actual Rows": 303197,
                "Actual Loops": 2,
                "Inner Unique": true,
                "Hash Cond": "(mc.movie_id = t.id)",
                "Plans": [
                  {
                    "Node Type": "Seq Scan",
                    "Parent Relationship": "Outer",
                    "Parallel Aware": true,
                    "Relation Name": "movie_companies",
                    "Alias": "mc",
                    "Startup Cost": 0.0,
                    "Total Cost": 37974.77,
                    "Plan Rows": 755522,
                    "Plan Width": 4,
                    "Actual Startup Time": 0.015,
                    "Actual Total Time": 109.382,
                    "Actual Rows": 637123,
                    "Actual Loops": 2,
                    "Filter": "(company_type_id < 2)",
                    "Rows Removed by Filter": 667442
                  },
                  {
                    "Node Type": "Hash",
                    "Parent Relationship": "Inner",
                    "Parallel Aware": true,
                    "Startup Cost": 58306.47,
                    "Total Cost": 58306.47,
                    "Plan Rows": 448541,
                    "Plan Width": 4,
                    "Actual Startup Time": 245.882,
                    "Actual Total Time": 245.883,
                    "Actual Rows": 331924,
                    "Actual Loops": 2,
                    "Hash Buckets": 1048576,
                    "Original Hash Buckets": 1048576,
                    "Hash Batches": 1,
                    "Original Hash Batches": 1,
                    "Peak Memory Usage": 34208,
                    "Plans": [
                      {
                        "Node Type": "Seq Scan",
                        "Parent Relationship": "Outer",
                        "Parallel Aware": true,
                        "Relation Name": "title",
                        "Alias": "t",
                        "Startup Cost": 0.0,
                        "Total Cost": 58306.47,
                        "Plan Rows": 448541,
                        "Plan Width": 4,
                        "Actual Startup Time": 0.041,
                        "Actual Total Time": 161.963,
                        "Actual Rows": 331924,
                        "Actual Loops": 2,
                        "Filter": "((kind_id < 7) AND (production_year > 1980))",
                        "Rows Removed by Filter": 932232
                      }
                    ]
                  }
                ]
              }
            ]
          }
        ]
      }
    ]
  },
  "Planning Time": 0.752,
  "Triggers": [],
  "Execution Time": 517.553
}