[
  {
    "Plan": {
      "Node Type": "Aggregate",
      "Strategy": "Plain",
      "Partial Mode": "Finalize",
      "Parallel Aware": false,
      "Startup Cost": 45432.29,
      "Total Cost": 45432.3,
      "Plan Rows": 1,
      "Plan Width": 8,
      "Actual Startup Time": 102.679,
      "Actual Total Time": 116.153,
      "Actual Rows": 1,
      "Actual Loops": 1,
      "Plans": [
        {
          "Node Type": "Gather",
          "Parent Relationship": "Outer",
          "Parallel Aware": false,
          "Startup Cost": 45431.87,
          "Total Cost": 45432.28,
          "Plan Rows": 4,
          "Plan Width": 8,
          "Actual Startup Time": 102.469,
          "Actual Total Time": 116.138,
          "Actual Rows": 5,
          "Actual Loops": 1,
          "Workers Planned": 4,
          "Workers Launched": 4,
          "Single Copy": false,
          "Plans": [
            {
              "Node Type": "Aggregate",
              "Strategy": "Plain",
              "Partial Mode": "Partial",
              "Parent Relationship": "Outer",
              "Parallel Aware": false,
              "Startup Cost": 44431.87,
              "Total Cost": 44431.88,
              "Plan Rows": 1,
              "Plan Width": 8,
              "Actual Startup Time": 96.447,
              "Actual Total Time": 96.448,
              "Actual Rows": 1,
              "Actual Loops": 5,
              "Plans": [
                {
                  "Node Type": "Seq Scan",
                  "Parent Relationship": "Outer",
                  "Parallel Aware": true,
                  "Relation Name": "title",
                  "Alias": "t",
                  "Startup Cost": 0.0,
                  "Total Cost": 43899.32,
                  "Plan Rows": 213020,
                  "Plan Width": 0,
                  "Actual Startup Time": 0.03,
                  "Actual Total Time": 88.245,
                  "Actual Rows": 170843,
                  "Actual Loops": 5,
                  "Filter": "(kind_id < 4)",
                  "Rows Removed by Filter": 334820
                }
              ]
            }
          ]
        }
      ]
    },
    "Planning Time": 0.176,
    "Triggers": [],
    "Execution Time": 116.213
  }
]