[
    {
        "Bao": {
            "Bao prediction": "NaN",
            "Bao recommended hint": "(no hint)"
        }
    },
    {
        "Plan": {
            "Node Type": "Aggregate",
            "Strategy": "Plain",
            "Partial Mode": "Finalize",
            "Parallel Aware": false,
            "Startup Cost": 25100.23,
            "Total Cost": 25100.24,
            "Plan Rows": 1,
            "Plan Width": 8,
            "Actual Startup Time": 50.757,
            "Actual Total Time": 54.443,
            "Actual Rows": 1,
            "Actual Loops": 1,
            "Output": [
                "count(*)"
            ],
            "Plans": [
                {
                    "Node Type": "Gather",
                    "Parent Relationship": "Outer",
                    "Parallel Aware": false,
                    "Startup Cost": 25099.91,
                    "Total Cost": 25100.22,
                    "Plan Rows": 3,
                    "Plan Width": 8,
                    "Actual Startup Time": 50.48,
                    "Actual Total Time": 54.436,
                    "Actual Rows": 4,
                    "Actual Loops": 1,
                    "Output": [
                        "(PARTIAL count(*))"
                    ],
                    "Workers Planned": 3,
                    "Workers Launched": 3,
                    "Single Copy": false,
                    "Plans": [
                        {
                            "Node Type": "Aggregate",
                            "Strategy": "Plain",
                            "Partial Mode": "Partial",
                            "Parent Relationship": "Outer",
                            "Parallel Aware": false,
                            "Startup Cost": 24099.91,
                            "Total Cost": 24099.92,
                            "Plan Rows": 1,
                            "Plan Width": 8,
                            "Actual Startup Time": 41.616,
                            "Actual Total Time": 41.617,
                            "Actual Rows": 1,
                            "Actual Loops": 4,
                            "Output": [
                                "PARTIAL count(*)"
                            ],
                            "Workers": [
                                {
                                    "Worker Number": 0,
                                    "Actual Startup Time": 38.778,
                                    "Actual Total Time": 38.779,
                                    "Actual Rows": 1,
                                    "Actual Loops": 1
                                },
                                {
                                    "Worker Number": 1,
                                    "Actual Startup Time": 38.848,
                                    "Actual Total Time": 38.849,
                                    "Actual Rows": 1,
                                    "Actual Loops": 1
                                },
                                {
                                    "Worker Number": 2,
                                    "Actual Startup Time": 39.048,
                                    "Actual Total Time": 39.049,
                                    "Actual Rows": 1,
                                    "Actual Loops": 1
                                }
                            ],
                            "Plans": [
                                {
                                    "Node Type": "Bitmap Heap Scan",
                                    "Parent Relationship": "Outer",
                                    "Parallel Aware": true,
                                    "Relation Name": "movie_companies",
                                    "Schema": "public",
                                    "Alias": "mc",
                                    "Startup Cost": 4272.0,
                                    "Total Cost": 24021.52,
                                    "Plan Rows": 31355,
                                    "Plan Width": 0,
                                    "Actual Startup Time": 3.822,
                                    "Actual Total Time": 38.745,
                                    "Actual Rows": 39414,
                                    "Actual Loops": 4,
                                    "Recheck Cond": "(mc.company_id < 55)",
                                    "Rows Removed by Index Recheck": 0,
                                    "Filter": "(mc.company_type_id = 1)",
                                    "Rows Removed by Filter": 9792,
                                    "Exact Heap Blocks": 8529,
                                    "Lossy Heap Blocks": 0,
                                    "Workers": [
                                        {
                                            "Worker Number": 0,
                                            "Actual Startup Time": 1.035,
                                            "Actual Total Time": 36.256,
                                            "Actual Rows": 18371,
                                            "Actual Loops": 1
                                        },
                                        {
                                            "Worker Number": 1,
                                            "Actual Startup Time": 1.216,
                                            "Actual Total Time": 36.337,
                                            "Actual Rows": 19273,
                                            "Actual Loops": 1
                                        },
                                        {
                                            "Worker Number": 2,
                                            "Actual Startup Time": 1.341,
                                            "Actual Total Time": 36.45,
                                            "Actual Rows": 20440,
                                            "Actual Loops": 1
                                        }
                                    ],
                                    "Plans": [
                                        {
                                            "Node Type": "Bitmap Index Scan",
                                            "Parent Relationship": "Outer",
                                            "Parallel Aware": false,
                                            "Index Name": "company_id_movie_companies",
                                            "Startup Cost": 0.0,
                                            "Total Cost": 4247.69,
                                            "Plan Rows": 198302,
                                            "Plan Width": 0,
                                            "Actual Startup Time": 9.622,
                                            "Actual Total Time": 9.622,
                                            "Actual Rows": 196826,
                                            "Actual Loops": 1,
                                            "Index Cond": "(mc.company_id < 55)"
                                        }
                                    ]
                                }
                            ]
                        }
                    ]
                }
            ]
        },
        "Planning Time": 197.914,
        "Triggers": [],
        "Execution Time": 54.541
    }
]