[
  {
    "Plan": {
      "Node Type": "Aggregate",
      "Strategy": "Plain",
      "Partial Mode": "Finalize",
      "Parallel Aware": false,
      "Startup Cost": 84258.46,
      "Total Cost": 84258.47,
      "Plan Rows": 1,
      "Plan Width": 8,
      "Actual Startup Time": 478.986,
      "Actual Total Time": 497.353,
      "Actual Rows": 1,
      "Actual Loops": 1,
      "Plans": [
        {
          "Node Type": "Gather",
          "Parent Relationship": "Outer",
          "Parallel Aware": false,
          "Startup Cost": 84258.14,
          "Total Cost": 84258.45,
          "Plan Rows": 3,
          "Plan Width": 8,
          "Actual Startup Time": 469.59,
          "Actual Total Time": 497.34,
          "Actual Rows": 4,
          "Actual Loops": 1,
          "Workers Planned": 3,
          "Workers Launched": 3,
          "Single Copy": false,
          "Plans": [
            {
              "Node Type": "Aggregate",
              "Strategy": "Plain",
              "Partial Mode": "Partial",
              "Parent Relationship": "Outer",
              "Parallel Aware": false,
              "Startup Cost": 83258.14,
              "Total Cost": 83258.15,
              "Plan Rows": 1,
              "Plan Width": 8,
              "Actual Startup Time": 459.121,
              "Actual Total Time": 459.125,
              "Actual Rows": 1,
              "Actual Loops": 4,
              "Plans": [
                {
                  "Node Type": "Hash Join",
                  "Parent Relationship": "Outer",
                  "Parallel Aware": true,
                  "Join Type": "Inner",
                  "Startup Cost": 51352.2,
                  "Total Cost": 83025.73,
                  "Plan Rows": 92965,
                  "Plan Width": 0,
                  "Actual Startup Time": 342.604,
                  "Actual Total Time": 454.455,
                  "Actual Rows": 111305,
                  "Actual Loops": 4,
                  "Inner Unique": true,
                  "Hash Cond": "(mc.movie_id = t.id)",
                  "Plans": [
                    {
                      "Node Type": "Seq Scan",
                      "Parent Relationship": "Outer",
                      "Parallel Aware": true,
                      "Relation Name": "movie_companies",
                      "Alias": "mc",
                      "Startup Cost": 0.0,
                      "Total Cost": 31414.82,
                      "Plan Rows": 98559,
                      "Plan Width": 4,
                      "Actual Startup Time": 0.012,
                      "Actual Total Time": 60.383,
                      "Actual Rows": 111609,
                      "Actual Loops": 4,
                      "Filter": "((company_id < 774) AND (company_type_id = 1))",
                      "Rows Removed by Filter": 540674
                    },
                    {
                      "Node Type": "Hash",
                      "Parent Relationship": "Inner",
                      "Parallel Aware": true,
                      "Startup Cost": 43899.32,
                      "Total Cost": 43899.32,
                      "Plan Rows": 596230,
                      "Plan Width": 4,
                      "Actual Startup Time": 334.933,
                      "Actual Total Time": 334.934,
                      "Actual Rows": 595716,
                      "Actual Loops": 4,
                      "Hash Buckets": 4194304,
                      "Original Hash Buckets": 4194304,
                      "Hash Batches": 1,
                      "Original Hash Batches": 1,
                      "Peak Memory Usage": 126048,
                      "Plans": [
                        {
                          "Node Type": "Seq Scan",
                          "Parent Relationship": "Outer",
                          "Parallel Aware": true,
                          "Relation Name": "title",
                          "Alias": "t",
                          "Startup Cost": 0.0,
                          "Total Cost": 43899.32,
                          "Plan Rows": 596230,
                          "Plan Width": 4,
                          "Actual Startup Time": 0.03,
                          "Actual Total Time": 111.322,
                          "Actual Rows": 595716,
                          "Actual Loops": 4,
                          "Filter": "(production_year > 1916)",
                          "Rows Removed by Filter": 36362
                        }
                      ]
                    }
                  ]
                }
              ]
            }
          ]
        }
      ]
    },
    "Planning Time": 0.305,
    "Triggers": [],
    "Execution Time": 497.388
  }
]