[
    {
        "Bao": {
            "Bao prediction": "NaN",
            "Bao recommended hint": "(no hint)"
        }
    },
    {
        "Plan": {
            "Node Type": "Aggregate",
            "Strategy": "Plain",
            "Partial Mode": "Finalize",
            "Parallel Aware": false,
            "Startup Cost": 28966.34,
            "Total Cost": 28966.35,
            "Plan Rows": 1,
            "Plan Width": 8,
            "Actual Startup Time": 65.245,
            "Actual Total Time": 72.474,
            "Actual Rows": 1,
            "Actual Loops": 1,
            "Output": [
                "count(*)"
            ],
            "Plans": [
                {
                    "Node Type": "Gather",
                    "Parent Relationship": "Outer",
                    "Parallel Aware": false,
                    "Startup Cost": 28966.02,
                    "Total Cost": 28966.33,
                    "Plan Rows": 3,
                    "Plan Width": 8,
                    "Actual Startup Time": 65.001,
                    "Actual Total Time": 72.467,
                    "Actual Rows": 4,
                    "Actual Loops": 1,
                    "Output": [
                        "(PARTIAL count(*))"
                    ],
                    "Workers Planned": 3,
                    "Workers Launched": 3,
                    "Single Copy": false,
                    "Plans": [
                        {
                            "Node Type": "Aggregate",
                            "Strategy": "Plain",
                            "Partial Mode": "Partial",
                            "Parent Relationship": "Outer",
                            "Parallel Aware": false,
                            "Startup Cost": 27966.02,
                            "Total Cost": 27966.03,
                            "Plan Rows": 1,
                            "Plan Width": 8,
                            "Actual Startup Time": 56.312,
                            "Actual Total Time": 56.315,
                            "Actual Rows": 1,
                            "Actual Loops": 4,
                            "Output": [
                                "PARTIAL count(*)"
                            ],
                            "Workers": [
                                {
                                    "Worker Number": 0,
                                    "Actual Startup Time": 53.342,
                                    "Actual Total Time": 53.352,
                                    "Actual Rows": 1,
                                    "Actual Loops": 1
                                },
                                {
                                    "Worker Number": 1,
                                    "Actual Startup Time": 53.473,
                                    "Actual Total Time": 53.475,
                                    "Actual Rows": 1,
                                    "Actual Loops": 1
                                },
                                {
                                    "Worker Number": 2,
                                    "Actual Startup Time": 53.708,
                                    "Actual Total Time": 53.709,
                                    "Actual Rows": 1,
                                    "Actual Loops": 1
                                }
                            ],
                            "Plans": [
                                {
                                    "Node Type": "Bitmap Heap Scan",
                                    "Parent Relationship": "Outer",
                                    "Parallel Aware": true,
                                    "Relation Name": "movie_keyword",
                                    "Schema": "public",
                                    "Alias": "mk",
                                    "Startup Cost": 2860.29,
                                    "Total Cost": 27857.4,
                                    "Plan Rows": 43449,
                                    "Plan Width": 0,
                                    "Actual Startup Time": 9.203,
                                    "Actual Total Time": 53.973,
                                    "Actual Rows": 31656,
                                    "Actual Loops": 4,
                                    "Recheck Cond": "(mk.keyword_id > 76946)",
                                    "Rows Removed by Index Recheck": 0,
                                    "Exact Heap Blocks": 11980,
                                    "Lossy Heap Blocks": 0,
                                    "Workers": [
                                        {
                                            "Worker Number": 0,
                                            "Actual Startup Time": 6.441,
                                            "Actual Total Time": 51.454,
                                            "Actual Rows": 14934,
                                            "Actual Loops": 1
                                        },
                                        {
                                            "Worker Number": 1,
                                            "Actual Startup Time": 6.51,
                                            "Actual Total Time": 51.563,
                                            "Actual Rows": 14631,
                                            "Actual Loops": 1
                                        },
                                        {
                                            "Worker Number": 2,
                                            "Actual Startup Time": 6.522,
                                            "Actual Total Time": 51.749,
                                            "Actual Rows": 15862,
                                            "Actual Loops": 1
                                        }
                                    ],
                                    "Plans": [
                                        {
                                            "Node Type": "Bitmap Index Scan",
                                            "Parent Relationship": "Outer",
                                            "Parallel Aware": false,
                                            "Index Name": "keyword_id_movie_keyword",
                                            "Startup Cost": 0.0,
                                            "Total Cost": 2826.61,
                                            "Plan Rows": 134691,
                                            "Plan Width": 0,
                                            "Actual Startup Time": 13.811,
                                            "Actual Total Time": 13.812,
                                            "Actual Rows": 126626,
                                            "Actual Loops": 1,
                                            "Index Cond": "(mk.keyword_id > 76946)"
                                        }
                                    ]
                                }
                            ]
                        }
                    ]
                }
            ]
        },
        "Planning Time": 227.485,
        "Triggers": [],
        "Execution Time": 72.527
    }
]