[
    {
        "Bao": {
            "Bao prediction": "NaN",
            "Bao recommended hint": "(no hint)"
        }
    },
    {
        "Plan": {
            "Node Type": "Aggregate",
            "Strategy": "Plain",
            "Partial Mode": "Finalize",
            "Parallel Aware": false,
            "Startup Cost": 93945.1,
            "Total Cost": 93945.11,
            "Plan Rows": 1,
            "Plan Width": 8,
            "Actual Startup Time": 229.221,
            "Actual Total Time": 236.464,
            "Actual Rows": 1,
            "Actual Loops": 1,
            "Output": [
                "count(*)"
            ],
            "Plans": [
                {
                    "Node Type": "Gather",
                    "Parent Relationship": "Outer",
                    "Parallel Aware": false,
                    "Startup Cost": 93944.68,
                    "Total Cost": 93945.09,
                    "Plan Rows": 4,
                    "Plan Width": 8,
                    "Actual Startup Time": 226.588,
                    "Actual Total Time": 236.453,
                    "Actual Rows": 5,
                    "Actual Loops": 1,
                    "Output": [
                        "(PARTIAL count(*))"
                    ],
                    "Workers Planned": 4,
                    "Workers Launched": 4,
                    "Single Copy": false,
                    "Plans": [
                        {
                            "Node Type": "Aggregate",
                            "Strategy": "Plain",
                            "Partial Mode": "Partial",
                            "Parent Relationship": "Outer",
                            "Parallel Aware": false,
                            "Startup Cost": 92944.68,
                            "Total Cost": 92944.69,
                            "Plan Rows": 1,
                            "Plan Width": 8,
                            "Actual Startup Time": 216.824,
                            "Actual Total Time": 216.828,
                            "Actual Rows": 1,
                            "Actual Loops": 5,
                            "Output": [
                                "PARTIAL count(*)"
                            ],
                            "Workers": [
                                {
                                    "Worker Number": 0,
                                    "Actual Startup Time": 214.03,
                                    "Actual Total Time": 214.033,
                                    "Actual Rows": 1,
                                    "Actual Loops": 1
                                },
                                {
                                    "Worker Number": 1,
                                    "Actual Startup Time": 214.19,
                                    "Actual Total Time": 214.193,
                                    "Actual Rows": 1,
                                    "Actual Loops": 1
                                },
                                {
                                    "Worker Number": 2,
                                    "Actual Startup Time": 214.99,
                                    "Actual Total Time": 214.992,
                                    "Actual Rows": 1,
                                    "Actual Loops": 1
                                },
                                {
                                    "Worker Number": 3,
                                    "Actual Startup Time": 215.047,
                                    "Actual Total Time": 215.05,
                                    "Actual Rows": 1,
                                    "Actual Loops": 1
                                }
                            ],
                            "Plans": [
                                {
                                    "Node Type": "Hash Join",
                                    "Parent Relationship": "Outer",
                                    "Parallel Aware": true,
                                    "Join Type": "Inner",
                                    "Startup Cost": 46916.79,
                                    "Total Cost": 92758.14,
                                    "Plan Rows": 74617,
                                    "Plan Width": 0,
                                    "Actual Startup Time": 101.759,
                                    "Actual Total Time": 214.948,
                                    "Actual Rows": 40856,
                                    "Actual Loops": 5,
                                    "Inner Unique": true,
                                    "Hash Cond": "(ci.movie_id = t.id)",
                                    "Workers": [
                                        {
                                            "Worker Number": 0,
                                            "Actual Startup Time": 98.926,
                                            "Actual Total Time": 212.146,
                                            "Actual Rows": 40103,
                                            "Actual Loops": 1
                                        },
                                        {
                                            "Worker Number": 1,
                                            "Actual Startup Time": 99.595,
                                            "Actual Total Time": 212.381,
                                            "Actual Rows": 39008,
                                            "Actual Loops": 1
                                        },
                                        {
                                            "Worker Number": 2,
                                            "Actual Startup Time": 99.489,
                                            "Actual Total Time": 213.075,
                                            "Actual Rows": 40139,
                                            "Actual Loops": 1
                                        },
                                        {
                                            "Worker Number": 3,
                                            "Actual Startup Time": 100.121,
                                            "Actual Total Time": 213.152,
                                            "Actual Rows": 40238,
                                            "Actual Loops": 1
                                        }
                                    ],
                                    "Plans": [
                                        {
                                            "Node Type": "Index Scan",
                                            "Parent Relationship": "Outer",
                                            "Parallel Aware": true,
                                            "Scan Direction": "Forward",
                                            "Index Name": "role_id_cast_info",
                                            "Relation Name": "cast_info",
                                            "Schema": "public",
                                            "Alias": "ci",
                                            "Startup Cost": 0.56,
                                            "Total Cost": 44764.99,
                                            "Plan Rows": 410260,
                                            "Plan Width": 4,
                                            "Actual Startup Time": 0.089,
                                            "Actual Total Time": 49.841,
                                            "Actual Rows": 340709,
                                            "Actual Loops": 5,
                                            "Output": [
                                                "ci.id",
                                                "ci.person_id",
                                                "ci.movie_id",
                                                "ci.person_role_id",
                                                "ci.note",
                                                "ci.nr_order",
                                                "ci.role_id"
                                            ],
                                            "Index Cond": "(ci.role_id = 8)",
                                            "Rows Removed by Index Recheck": 0,
                                            "Workers": [
                                                {
                                                    "Worker Number": 0,
                                                    "Actual Startup Time": 0.224,
                                                    "Actual Total Time": 50.097,
                                                    "Actual Rows": 331500,
                                                    "Actual Loops": 1
                                                },
                                                {
                                                    "Worker Number": 1,
                                                    "Actual Startup Time": 0.049,
                                                    "Actual Total Time": 50.895,
                                                    "Actual Rows": 335010,
                                                    "Actual Loops": 1
                                                },
                                                {
                                                    "Worker Number": 2,
                                                    "Actual Startup Time": 0.073,
                                                    "Actual Total Time": 50.419,
                                                    "Actual Rows": 335010,
                                                    "Actual Loops": 1
                                                },
                                                {
                                                    "Worker Number": 3,
                                                    "Actual Startup Time": 0.046,
                                                    "Actual Total Time": 50.32,
                                                    "Actual Rows": 335400,
                                                    "Actual Loops": 1
                                                }
                                            ]
                                        },
                                        {
                                            "Node Type": "Hash",
                                            "Parent Relationship": "Inner",
                                            "Parallel Aware": true,
                                            "Startup Cost": 45479.21,
                                            "Total Cost": 45479.21,
                                            "Plan Rows": 114961,
                                            "Plan Width": 4,
                                            "Actual Startup Time": 99.743,
                                            "Actual Total Time": 99.744,
                                            "Actual Rows": 68842,
                                            "Actual Loops": 5,
                                            "Output": [
                                                "t.id"
                                            ],
                                            "Hash Buckets": 524288,
                                            "Original Hash Buckets": 524288,
                                            "Hash Batches": 1,
                                            "Original Hash Batches": 1,
                                            "Peak Memory Usage": 17600,
                                            "Workers": [
                                                {
                                                    "Worker Number": 0,
                                                    "Actual Startup Time": 98.22,
                                                    "Actual Total Time": 98.221,
                                                    "Actual Rows": 58787,
                                                    "Actual Loops": 1
                                                },
                                                {
                                                    "Worker Number": 1,
                                                    "Actual Startup Time": 98.358,
                                                    "Actual Total Time": 98.359,
                                                    "Actual Rows": 57740,
                                                    "Actual Loops": 1
                                                },
                                                {
                                                    "Worker Number": 2,
                                                    "Actual Startup Time": 98.927,
                                                    "Actual Total Time": 98.928,
                                                    "Actual Rows": 60115,
                                                    "Actual Loops": 1
                                                },
                                                {
                                                    "Worker Number": 3,
                                                    "Actual Startup Time": 99.178,
                                                    "Actual Total Time": 99.179,
                                                    "Actual Rows": 61350,
                                                    "Actual Loops": 1
                                                }
                                            ],
                                            "Plans": [
                                                {
                                                    "Node Type": "Seq Scan",
                                                    "Parent Relationship": "Outer",
                                                    "Parallel Aware": true,
                                                    "Relation Name": "title",
                                                    "Schema": "public",
                                                    "Alias": "t",
                                                    "Startup Cost": 0.0,
                                                    "Total Cost": 45479.21,
                                                    "Plan Rows": 114961,
                                                    "Plan Width": 4,
                                                    "Actual Startup Time": 0.04,
                                                    "Actual Total Time": 76.261,
                                                    "Actual Rows": 68842,
                                                    "Actual Loops": 5,
                                                    "Output": [
                                                        "t.id"
                                                    ],
                                                    "Filter": "((t.production_year < 1993) AND (t.kind_id = 7))",
                                                    "Rows Removed by Filter": 436820,
                                                    "Workers": [
                                                        {
                                                            "Worker Number": 0,
                                                            "Actual Startup Time": 0.038,
                                                            "Actual Total Time": 75.775,
                                                            "Actual Rows": 58787,
                                                            "Actual Loops": 1
                                                        },
                                                        {
                                                            "Worker Number": 1,
                                                            "Actual Startup Time": 0.048,
                                                            "Actual Total Time": 76.097,
                                                            "Actual Rows": 57740,
                                                            "Actual Loops": 1
                                                        },
                                                        {
                                                            "Worker Number": 2,
                                                            "Actual Startup Time": 0.051,
                                                            "Actual Total Time": 76.35,
                                                            "Actual Rows": 60115,
                                                            "Actual Loops": 1
                                                        },
                                                        {
                                                            "Worker Number": 3,
                                                            "Actual Startup Time": 0.047,
                                                            "Actual Total Time": 77.258,
                                                            "Actual Rows": 61350,
                                                            "Actual Loops": 1
                                                        }
                                                    ]
                                                }
                                            ]
                                        }
                                    ]
                                }
                            ]
                        }
                    ]
                }
            ]
        },
        "Planning Time": 185.163,
        "Triggers": [],
        "Execution Time": 236.569
    }
]