{
  "Plan": {
    "Node Type": "Aggregate",
    "Strategy": "Plain",
    "Partial Mode": "Finalize",
    "Parallel Aware": false,
    "Startup Cost": 118702.65,
    "Total Cost": 118702.66,
    "Plan Rows": 1,
    "Plan Width": 8,
    "Actual Startup Time": 309.548,
    "Actual Total Time": 322.995,
    "Actual Rows": 1,
    "Actual Loops": 1,
    "Plans": [
      {
        "Node Type": "Gather",
        "Parent Relationship": "Outer",
        "Parallel Aware": false,
        "Startup Cost": 118702.53,
        "Total Cost": 118702.64,
        "Plan Rows": 1,
        "Plan Width": 8,
        "Actual Startup Time": 308.943,
        "Actual Total Time": 322.988,
        "Actual Rows": 2,
        "Actual Loops": 1,
        "Workers Planned": 1,
        "Workers Launched": 1,
        "Single Copy": false,
        "Plans": [
          {
            "Node Type": "Aggregate",
            "Strategy": "Plain",
            "Partial Mode": "Partial",
            "Parent Relationship": "Outer",
            "Parallel Aware": false,
            "Startup Cost": 117702.53,
            "Total Cost": 117702.54,
            "Plan Rows": 1,
            "Plan Width": 8,
            "Actual Startup Time": 305.133,
            "Actual Total Time": 305.138,
            "Actual Rows": 1,
            "Actual Loops": 2,
            "Plans": [
              {
                "Node Type": "Nested Loop",
                "Parent Relationship": "Outer",
                "Parallel Aware": false,
                "Join Type": "Inner",
                "Startup Cost": 70896.51,
                "Total Cost": 117663.96,
                "Plan Rows": 15431,
                "Plan Width": 0,
                "Actual Startup Time": 194.601,
                "Actual Total Time": 304.624,
                "Actual Rows": 8466,
                "Actual Loops": 2,
                "Inner Unique": false,
                "Join Filter": "(t.id = mi_idx.movie_id)",
                "Rows Removed by Join Filter": 0,
                "Plans": [
                  {
                    "Node Type": "Hash Join",
                    "Parent Relationship": "Outer",
                    "Parallel Aware": true,
                    "Join Type": "Inner",
                    "Startup Cost": 70896.08,
                    "Total Cost": 99897.49,
                    "Plan Rows": 28271,
                    "Plan Width": 8,
                    "Actual Startup Time": 194.374,
                    "Actual Total Time": 292.616,
                    "Actual Rows": 4534,
                    "Actual Loops": 2,
                    "Inner Unique": true,
                    "Hash Cond": "(mk.movie_id = t.id)",
                    "Plans": [
                      {
                        "Node Type": "Bitmap Heap Scan",
                        "Parent Relationship": "Outer",
                        "Parallel Aware": true,
                        "Relation Name": "movie_keyword",
                        "Alias": "mk",
                        "Startup Cost": 10841.57,
                        "Total Cost": 39053.76,
                        "Plan Rows": 300655,
                        "Plan Width": 4,
                        "Actual Startup Time": 29.366,
                        "Actual Total Time": 90.741,
                        "Actual Rows": 249066,
                        "Actual Loops": 2,
                        "Recheck Cond": "(keyword_id > 36217)",
                        "Rows Removed by Index Recheck": 0,
                        "Exact Heap Blocks": 13241,
                        "Lossy Heap Blocks": 0,
                        "Plans": [
                          {
                            "Node Type": "Bitmap Index Scan",
                            "Parent Relationship": "Outer",
                            "Parallel Aware": false,
                            "Index Name": "keyword_id_movie_keyword",
                            "Startup Cost": 0.0,
                            "Total Cost": 10713.79,
                            "Plan Rows": 511114,
                            "Plan Width": 0,
                            "Actual Startup Time": 25.875,
                            "Actual Total Time": 25.876,
                            "Actual Rows": 498131,
                            "Actual Loops": 1,
                            "Index Cond": "(keyword_id > 36217)"
                          }
                        ]
                      },
                      {
                        "Node Type": "Hash",
                        "Parent Relationship": "Inner",
                        "Parallel Aware": true,
                        "Startup Cost": 58306.47,
                        "Total Cost": 58306.47,
                        "Plan Rows": 139844,
                        "Plan Width": 4,
                        "Actual Startup Time": 161.549,
                        "Actual Total Time": 161.55,
                        "Actual Rows": 128453,
                        "Actual Loops": 2,
                        "Hash Buckets": 262144,
                        "Original Hash Buckets": 262144,
                        "Hash Batches": 1,
                        "Original Hash Batches": 1,
                        "Peak Memory Usage": 12128,
                        "Plans": [
                          {
                            "Node Type": "Seq Scan",
                            "Parent Relationship": "Outer",
                            "Parallel Aware": true,
                            "Relation Name": "title",
                            "Alias": "t",
                            "Startup Cost": 0.0,
                            "Total Cost": 58306.47,
                            "Plan Rows": 139844,
                            "Plan Width": 4,
                            "Actual Startup Time": 0.024,
                            "Actual Total Time": 131.36,
                            "Actual Rows": 128453,
                            "Actual Loops": 2,
                            "Filter": "((production_year > 2010) AND (kind_id = 7))",
                            "Rows Removed by Filter": 1135703
                          }
                        ]
                      }
                    ]
                  },
                  {
                    "Node Type": "Index Only Scan",
                    "Parent Relationship": "Inner",
                    "Parallel Aware": false,
                    "Scan Direction": "Forward",
                    "Index Name": "movie_id_movie_info_idx",
                    "Relation Name": "movie_info_idx",
                    "Alias": "mi_idx",
                    "Startup Cost": 0.43,
                    "Total Cost": 0.59,
                    "Plan Rows": 3,
                    "Plan Width": 4,
                    "Actual Startup Time": 0.002,
                    "Actual Total Time": 0.002,
                    "Actual Rows": 2,
                    "Actual Loops": 9069,
                    "Index Cond": "(movie_id = mk.movie_id)",
                    "Rows Removed by Index Recheck": 0,
                    "Heap Fetches": 16932
                  }
                ]
              }
            ]
          }
        ]
      }
    ]
  },
  "Planning Time": 1.088,
  "Triggers": [],
  "Execution Time": 323.099
}