{
  "Plan": {
    "Node Type": "Aggregate",
    "Strategy": "Plain",
    "Partial Mode": "Finalize",
    "Parallel Aware": false,
    "Startup Cost": 257343.14,
    "Total Cost": 257343.15,
    "Plan Rows": 1,
    "Plan Width": 8,
    "Actual Startup Time": 781.983,
    "Actual Total Time": 800.594,
    "Actual Rows": 1,
    "Actual Loops": 1,
    "Plans": [
      {
        "Node Type": "Gather",
        "Parent Relationship": "Outer",
        "Parallel Aware": false,
        "Startup Cost": 257343.03,
        "Total Cost": 257343.14,
        "Plan Rows": 1,
        "Plan Width": 8,
        "Actual Startup Time": 778.042,
        "Actual Total Time": 800.586,
        "Actual Rows": 2,
        "Actual Loops": 1,
        "Workers Planned": 1,
        "Workers Launched": 1,
        "Single Copy": false,
        "Plans": [
          {
            "Node Type": "Aggregate",
            "Strategy": "Plain",
            "Partial Mode": "Partial",
            "Parent Relationship": "Outer",
            "Parallel Aware": false,
            "Startup Cost": 256343.03,
            "Total Cost": 256343.04,
            "Plan Rows": 1,
            "Plan Width": 8,
            "Actual Startup Time": 770.166,
            "Actual Total Time": 770.171,
            "Actual Rows": 1,
            "Actual Loops": 2,
            "Plans": [
              {
                "Node Type": "Hash Join",
                "Parent Relationship": "Outer",
                "Parallel Aware": true,
                "Join Type": "Inner",
                "Startup Cost": 83792.64,
                "Total Cost": 255532.1,
                "Plan Rows": 324371,
                "Plan Width": 0,
                "Actual Startup Time": 499.46,
                "Actual Total Time": 756.865,
                "Actual Rows": 262308,
                "Actual Loops": 2,
                "Inner Unique": true,
                "Hash Cond": "(mi.movie_id = t.id)",
                "Plans": [
                  {
                    "Node Type": "Bitmap Heap Scan",
                    "Parent Relationship": "Outer",
                    "Parallel Aware": true,
                    "Relation Name": "movie_info",
                    "Alias": "mi",
                    "Startup Cost": 19846.33,
                    "Total Cost": 189894.25,
                    "Plan Rows": 644394,
                    "Plan Width": 4,
                    "Actual Startup Time": 43.271,
                    "Actual Total Time": 158.584,
                    "Actual Rows": 519940,
                    "Actual Loops": 2,
                    "Recheck Cond": "(info_type_id > 80)",
                    "Rows Removed by Index Recheck": 0,
                    "Exact Heap Blocks": 21501,
                    "Lossy Heap Blocks": 0,
                    "Plans": [
                      {
                        "Node Type": "Bitmap Index Scan",
                        "Parent Relationship": "Outer",
                        "Parallel Aware": false,
                        "Index Name": "info_type_id_movie_info",
                        "Startup Cost": 0.0,
                        "Total Cost": 19572.46,
                        "Plan Rows": 1095470,
                        "Plan Width": 0,
                        "Actual Startup Time": 37.725,
                        "Actual Total Time": 37.726,
                        "Actual Rows": 1039881,
                        "Actual Loops": 1,
                        "Index Cond": "(info_type_id > 80)"
                      }
                    ]
                  },
                  {
                    "Node Type": "Hash",
                    "Parent Relationship": "Inner",
                    "Parallel Aware": true,
                    "Startup Cost": 54588.39,
                    "Total Cost": 54588.39,
                    "Plan Rows": 748634,
                    "Plan Width": 4,
                    "Actual Startup Time": 423.919,
                    "Actual Total Time": 423.919,
                    "Actual Rows": 630148,
                    "Actual Loops": 2,
                    "Hash Buckets": 2097152,
                    "Original Hash Buckets": 2097152,
                    "Hash Batches": 1,
                    "Original Hash Batches": 1,
                    "Peak Memory Usage": 65728,
                    "Plans": [
                      {
                        "Node Type": "Seq Scan",
                        "Parent Relationship": "Outer",
                        "Parallel Aware": true,
                        "Relation Name": "title",
                        "Alias": "t",
                        "Startup Cost": 0.0,
                        "Total Cost": 54588.39,
                        "Plan Rows": 748634,
                        "Plan Width": 4,
                        "Actual Startup Time": 0.033,
                        "Actual Total Time": 199.042,
                        "Actual Rows": 630148,
                        "Actual Loops": 2,
                        "Filter": "(production_year > 2002)",
                        "Rows Removed by Filter": 634008
                      }
                    ]
                  }
                ]
              }
            ]
          }
        ]
      }
    ]
  },
  "Planning Time": 0.605,
  "Triggers": [],
  "Execution Time": 800.687
}