[
  {
    "Plan": {
      "Node Type": "Aggregate",
      "Strategy": "Plain",
      "Partial Mode": "Finalize",
      "Parallel Aware": false,
      "Startup Cost": 32975.54,
      "Total Cost": 32975.55,
      "Plan Rows": 1,
      "Plan Width": 8,
      "Actual Startup Time": 104.645,
      "Actual Total Time": 113.298,
      "Actual Rows": 1,
      "Actual Loops": 1,
      "Plans": [
        {
          "Node Type": "Gather",
          "Parent Relationship": "Outer",
          "Parallel Aware": false,
          "Startup Cost": 32975.23,
          "Total Cost": 32975.54,
          "Plan Rows": 3,
          "Plan Width": 8,
          "Actual Startup Time": 104.488,
          "Actual Total Time": 113.288,
          "Actual Rows": 4,
          "Actual Loops": 1,
          "Workers Planned": 3,
          "Workers Launched": 3,
          "Single Copy": false,
          "Plans": [
            {
              "Node Type": "Aggregate",
              "Strategy": "Plain",
              "Partial Mode": "Partial",
              "Parent Relationship": "Outer",
              "Parallel Aware": false,
              "Startup Cost": 31975.23,
              "Total Cost": 31975.24,
              "Plan Rows": 1,
              "Plan Width": 8,
              "Actual Startup Time": 96.505,
              "Actual Total Time": 96.506,
              "Actual Rows": 1,
              "Actual Loops": 4,
              "Plans": [
                {
                  "Node Type": "Seq Scan",
                  "Parent Relationship": "Outer",
                  "Parallel Aware": true,
                  "Relation Name": "movie_companies",
                  "Alias": "mc",
                  "Startup Cost": 0.0,
                  "Total Cost": 31414.82,
                  "Plan Rows": 224163,
                  "Plan Width": 0,
                  "Actual Startup Time": 54.981,
                  "Actual Total Time": 90.891,
                  "Actual Rows": 110996,
                  "Actual Loops": 4,
                  "Filter": "((company_id < 11780) AND (company_type_id > 1))",
                  "Rows Removed by Filter": 541287
                }
              ]
            }
          ]
        }
      ]
    },
    "Planning Time": 0.228,
    "Triggers": [],
    "Execution Time": 113.357
  }
]