[
  {
    "Plan": {
      "Node Type": "Aggregate",
      "Strategy": "Plain",
      "Partial Mode": "Finalize",
      "Parallel Aware": false,
      "Startup Cost": 32977.09,
      "Total Cost": 32977.1,
      "Plan Rows": 1,
      "Plan Width": 8,
      "Actual Startup Time": 99.521,
      "Actual Total Time": 107.785,
      "Actual Rows": 1,
      "Actual Loops": 1,
      "Plans": [
        {
          "Node Type": "Gather",
          "Parent Relationship": "Outer",
          "Parallel Aware": false,
          "Startup Cost": 32976.77,
          "Total Cost": 32977.08,
          "Plan Rows": 3,
          "Plan Width": 8,
          "Actual Startup Time": 99.403,
          "Actual Total Time": 107.776,
          "Actual Rows": 4,
          "Actual Loops": 1,
          "Workers Planned": 3,
          "Workers Launched": 3,
          "Single Copy": false,
          "Plans": [
            {
              "Node Type": "Aggregate",
              "Strategy": "Plain",
              "Partial Mode": "Partial",
              "Parent Relationship": "Outer",
              "Parallel Aware": false,
              "Startup Cost": 31976.77,
              "Total Cost": 31976.78,
              "Plan Rows": 1,
              "Plan Width": 8,
              "Actual Startup Time": 91.184,
              "Actual Total Time": 91.185,
              "Actual Rows": 1,
              "Actual Loops": 4,
              "Plans": [
                {
                  "Node Type": "Seq Scan",
                  "Parent Relationship": "Outer",
                  "Parallel Aware": true,
                  "Relation Name": "movie_companies",
                  "Alias": "mc",
                  "Startup Cost": 0.0,
                  "Total Cost": 31414.82,
                  "Plan Rows": 224782,
                  "Plan Width": 0,
                  "Actual Startup Time": 52.53,
                  "Actual Total Time": 85.994,
                  "Actual Rows": 110996,
                  "Actual Loops": 4,
                  "Filter": "((company_id < 11780) AND (company_type_id > 1))",
                  "Rows Removed by Filter": 541287
                }
              ]
            }
          ]
        }
      ]
    },
    "Planning Time": 0.22,
    "Triggers": [],
    "Execution Time": 107.852
  }
]