[
  {
    "Plan": {
      "Node Type": "Aggregate",
      "Strategy": "Plain",
      "Partial Mode": "Finalize",
      "Parallel Aware": false,
      "Startup Cost": 91426.18,
      "Total Cost": 91426.19,
      "Plan Rows": 1,
      "Plan Width": 8,
      "Actual Startup Time": 242.93,
      "Actual Total Time": 259.229,
      "Actual Rows": 1,
      "Actual Loops": 1,
      "Plans": [
        {
          "Node Type": "Gather",
          "Parent Relationship": "Outer",
          "Parallel Aware": false,
          "Startup Cost": 91425.87,
          "Total Cost": 91426.18,
          "Plan Rows": 3,
          "Plan Width": 8,
          "Actual Startup Time": 242.621,
          "Actual Total Time": 259.218,
          "Actual Rows": 4,
          "Actual Loops": 1,
          "Workers Planned": 3,
          "Workers Launched": 3,
          "Single Copy": false,
          "Plans": [
            {
              "Node Type": "Aggregate",
              "Strategy": "Plain",
              "Partial Mode": "Partial",
              "Parent Relationship": "Outer",
              "Parallel Aware": false,
              "Startup Cost": 90425.87,
              "Total Cost": 90425.88,
              "Plan Rows": 1,
              "Plan Width": 8,
              "Actual Startup Time": 234.368,
              "Actual Total Time": 234.372,
              "Actual Rows": 1,
              "Actual Loops": 4,
              "Plans": [
                {
                  "Node Type": "Hash Join",
                  "Parent Relationship": "Outer",
                  "Parallel Aware": true,
                  "Join Type": "Inner",
                  "Startup Cost": 45811.0,
                  "Total Cost": 90352.15,
                  "Plan Rows": 29488,
                  "Plan Width": 0,
                  "Actual Startup Time": 96.222,
                  "Actual Total Time": 234.324,
                  "Actual Rows": 763,
                  "Actual Loops": 4,
                  "Inner Unique": true,
                  "Hash Cond": "(mk.movie_id = t.id)",
                  "Plans": [
                    {
                      "Node Type": "Seq Scan",
                      "Parent Relationship": "Outer",
                      "Parallel Aware": true,
                      "Relation Name": "movie_keyword",
                      "Alias": "mk",
                      "Startup Cost": 0.0,
                      "Total Cost": 42695.65,
                      "Plan Rows": 703045,
                      "Plan Width": 4,
                      "Actual Startup Time": 0.03,
                      "Actual Total Time": 102.943,
                      "Actual Rows": 548378,
                      "Actual Loops": 4,
                      "Filter": "(keyword_id < 4350)",
                      "Rows Removed by Filter": 582604
                    },
                    {
                      "Node Type": "Hash",
                      "Parent Relationship": "Inner",
                      "Parallel Aware": true,
                      "Startup Cost": 45479.59,
                      "Total Cost": 45479.59,
                      "Plan Rows": 26513,
                      "Plan Width": 4,
                      "Actual Startup Time": 94.096,
                      "Actual Total Time": 94.097,
                      "Actual Rows": 3474,
                      "Actual Loops": 4,
                      "Hash Buckets": 131072,
                      "Original Hash Buckets": 131072,
                      "Hash Batches": 1,
                      "Original Hash Batches": 1,
                      "Peak Memory Usage": 1600,
                      "Plans": [
                        {
                          "Node Type": "Seq Scan",
                          "Parent Relationship": "Outer",
                          "Parallel Aware": true,
                          "Relation Name": "title",
                          "Alias": "t",
                          "Startup Cost": 0.0,
                          "Total Cost": 45479.59,
                          "Plan Rows": 26513,
                          "Plan Width": 4,
                          "Actual Startup Time": 0.118,
                          "Actual Total Time": 91.963,
                          "Actual Rows": 3474,
                          "Actual Loops": 4,
                          "Filter": "((production_year < 1954) AND (kind_id = 7))",
                          "Rows Removed by Filter": 628604
                        }
                      ]
                    }
                  ]
                }
              ]
            }
          ]
        }
      ]
    },
    "Planning Time": 0.28,
    "Triggers": [],
    "Execution Time": 259.274
  }
]