[
  {
    "Plan": {
      "Node Type": "Aggregate",
      "Strategy": "Plain",
      "Partial Mode": "Finalize",
      "Parallel Aware": false,
      "Startup Cost": 386665.97,
      "Total Cost": 386665.98,
      "Plan Rows": 1,
      "Plan Width": 8,
      "Actual Startup Time": 1487.715,
      "Actual Total Time": 1555.723,
      "Actual Rows": 1,
      "Actual Loops": 1,
      "Plans": [
        {
          "Node Type": "Gather",
          "Parent Relationship": "Outer",
          "Parallel Aware": false,
          "Startup Cost": 386665.34,
          "Total Cost": 386665.95,
          "Plan Rows": 6,
          "Plan Width": 8,
          "Actual Startup Time": 1484.79,
          "Actual Total Time": 1555.698,
          "Actual Rows": 7,
          "Actual Loops": 1,
          "Workers Planned": 6,
          "Workers Launched": 6,
          "Single Copy": false,
          "Plans": [
            {
              "Node Type": "Aggregate",
              "Strategy": "Plain",
              "Partial Mode": "Partial",
              "Parent Relationship": "Outer",
              "Parallel Aware": false,
              "Startup Cost": 385665.34,
              "Total Cost": 385665.35,
              "Plan Rows": 1,
              "Plan Width": 8,
              "Actual Startup Time": 1473.548,
              "Actual Total Time": 1473.551,
              "Actual Rows": 1,
              "Actual Loops": 7,
              "Plans": [
                {
                  "Node Type": "Hash Join",
                  "Parent Relationship": "Outer",
                  "Parallel Aware": true,
                  "Join Type": "Inner",
                  "Startup Cost": 45572.84,
                  "Total Cost": 383662.24,
                  "Plan Rows": 801242,
                  "Plan Width": 0,
                  "Actual Startup Time": 122.198,
                  "Actual Total Time": 1441.149,
                  "Actual Rows": 668186,
                  "Actual Loops": 7,
                  "Inner Unique": true,
                  "Hash Cond": "(ci.movie_id = t.id)",
                  "Plans": [
                    {
                      "Node Type": "Seq Scan",
                      "Parent Relationship": "Outer",
                      "Parallel Aware": true,
                      "Relation Name": "cast_info",
                      "Alias": "ci",
                      "Startup Cost": 0.0,
                      "Total Cost": 328162.03,
                      "Plan Rows": 3781851,
                      "Plan Width": 4,
                      "Actual Startup Time": 0.028,
                      "Actual Total Time": 620.409,
                      "Actual Rows": 3247441,
                      "Actual Loops": 7,
                      "Filter": "(person_id < 2320861)",
                      "Rows Removed by Filter": 1930323
                    },
                    {
                      "Node Type": "Hash",
                      "Parent Relationship": "Inner",
                      "Parallel Aware": true,
                      "Startup Cost": 43898.92,
                      "Total Cost": 43898.92,
                      "Plan Rows": 133914,
                      "Plan Width": 4,
                      "Actual Startup Time": 118.491,
                      "Actual Total Time": 118.492,
                      "Actual Rows": 76196,
                      "Actual Loops": 7,
                      "Hash Buckets": 1048576,
                      "Original Hash Buckets": 1048576,
                      "Hash Batches": 1,
                      "Original Hash Batches": 1,
                      "Peak Memory Usage": 29152,
                      "Plans": [
                        {
                          "Node Type": "Seq Scan",
                          "Parent Relationship": "Outer",
                          "Parallel Aware": true,
                          "Relation Name": "title",
                          "Alias": "t",
                          "Startup Cost": 0.0,
                          "Total Cost": 43898.92,
                          "Plan Rows": 133914,
                          "Plan Width": 4,
                          "Actual Startup Time": 0.038,
                          "Actual Total Time": 76.428,
                          "Actual Rows": 76196,
                          "Actual Loops": 7,
                          "Filter": "(production_year > 2009)",
                          "Rows Removed by Filter": 284992
                        }
                      ]
                    }
                  ]
                }
              ]
            }
          ]
        }
      ]
    },
    "Planning Time": 0.592,
    "Triggers": [],
    "Execution Time": 1555.81
  }
]