[
  {
    "Plan": {
      "Node Type": "Aggregate",
      "Strategy": "Plain",
      "Partial Mode": "Simple",
      "Parallel Aware": false,
      "Startup Cost": 23044.66,
      "Total Cost": 23044.67,
      "Plan Rows": 1,
      "Plan Width": 96,
      "Actual Startup Time": 2924.204,
      "Actual Total Time": 2924.211,
      "Actual Rows": 1,
      "Actual Loops": 1,
      "Plans": [
        {
          "Node Type": "Nested Loop",
          "Parent Relationship": "Outer",
          "Parallel Aware": false,
          "Join Type": "Inner",
          "Startup Cost": 4954.49,
          "Total Cost": 23044.63,
          "Plan Rows": 4,
          "Plan Width": 42,
          "Actual Startup Time": 38.775,
          "Actual Total Time": 2920.801,
          "Actual Rows": 9234,
          "Actual Loops": 1,
          "Inner Unique": true,
          "Plans": [
            {
              "Node Type": "Nested Loop",
              "Parent Relationship": "Outer",
              "Parallel Aware": false,
              "Join Type": "Inner",
              "Startup Cost": 4954.07,
              "Total Cost": 23040.17,
              "Plan Rows": 10,
              "Plan Width": 27,
              "Actual Startup Time": 35.814,
              "Actual Total Time": 2751.246,
              "Actual Rows": 39065,
              "Actual Loops": 1,
              "Inner Unique": true,
              "Plans": [
                {
                  "Node Type": "Nested Loop",
                  "Parent Relationship": "Outer",
                  "Parallel Aware": false,
                  "Join Type": "Inner",
                  "Startup Cost": 4953.94,
                  "Total Cost": 23034.07,
                  "Plan Rows": 40,
                  "Plan Width": 31,
                  "Actual Startup Time": 35.794,
                  "Actual Total Time": 2614.256,
                  "Actual Rows": 102957,
                  "Actual Loops": 1,
                  "Inner Unique": false,
                  "Plans": [
                    {
                      "Node Type": "Hash Join",
                      "Parent Relationship": "Outer",
                      "Parallel Aware": false,
                      "Join Type": "Inner",
                      "Startup Cost": 4953.51,
                      "Total Cost": 23029.39,
                      "Plan Rows": 7,
                      "Plan Width": 35,
                      "Actual Startup Time": 35.777,
                      "Actual Total Time": 2462.459,
                      "Actual Rows": 17247,
                      "Actual Loops": 1,
                      "Inner Unique": true,
                      "Hash Cond": "(mi.info_type_id = it1.id)",
                      "Plans": [
                        {
                          "Node Type": "Nested Loop",
                          "Parent Relationship": "Outer",
                          "Parallel Aware": false,
                          "Join Type": "Inner",
                          "Startup Cost": 4939.38,
                          "Total Cost": 23013.02,
                          "Plan Rows": 822,
                          "Plan Width": 39,
                          "Actual Startup Time": 35.656,
                          "Actual Total Time": 2451.607,
                          "Actual Rows": 17366,
                          "Actual Loops": 1,
                          "Inner Unique": false,
                          "Plans": [
                            {
                              "Node Type": "Nested Loop",
                              "Parent Relationship": "Outer",
                              "Parallel Aware": false,
                              "Join Type": "Inner",
                              "Startup Cost": 4938.95,
                              "Total Cost": 20529.11,
                              "Plan Rows": 1242,
                              "Plan Width": 31,
                              "Actual Startup Time": 33.66,
                              "Actual Total Time": 969.551,
                              "Actual Rows": 96223,
                              "Actual Loops": 1,
                              "Inner Unique": true,
                              "Plans": [
                                {
                                  "Node Type": "Nested Loop",
                                  "Parent Relationship": "Outer",
                                  "Parallel Aware": false,
                                  "Join Type": "Inner",
                                  "Startup Cost": 4938.52,
                                  "Total Cost": 17663.38,
                                  "Plan Rows": 2813,
                                  "Plan Width": 10,
                                  "Actual Startup Time": 33.262,
                                  "Actual Total Time": 189.801,
                                  "Actual Rows": 208701,
                                  "Actual Loops": 1,
                                  "Inner Unique": false,
                                  "Plans": [
                                    {
                                      "Node Type": "Index Scan",
                                      "Parent Relationship": "Outer",
                                      "Parallel Aware": false,
                                      "Scan Direction": "Forward",
                                      "Index Name": "info_type_pkey",
                                      "Relation Name": "info_type",
                                      "Alias": "it2",
                                      "Startup Cost": 0.14,
                                      "Total Cost": 14.12,
                                      "Plan Rows": 1,
                                      "Plan Width": 4,
                                      "Actual Startup Time": 0.034,
                                      "Actual Total Time": 0.039,
                                      "Actual Rows": 1,
                                      "Actual Loops": 1,
                                      "Filter": "((info)::text = 'rating'::text)",
                                      "Rows Removed by Filter": 112
                                    },
                                    {
                                      "Node Type": "Bitmap Heap Scan",
                                      "Parent Relationship": "Inner",
                                      "Parallel Aware": false,
                                      "Relation Name": "movie_info_idx",
                                      "Alias": "mi_idx",
                                      "Startup Cost": 4938.37,
                                      "Total Cost": 17013.48,
                                      "Plan Rows": 63578,
                                      "Plan Width": 14,
                                      "Actual Startup Time": 33.221,
                                      "Actual Total Time": 162.316,
                                      "Actual Rows": 208701,
                                      "Actual Loops": 1,
                                      "Recheck Cond": "(info_type_id = it2.id)",
                                      "Rows Removed by Index Recheck": 0,
                                      "Filter": "(info > '6.4'::text)",
                                      "Rows Removed by Filter": 251224,
                                      "Exact Heap Blocks": 7934,
                                      "Lossy Heap Blocks": 0,
                                      "Plans": [
                                        {
                                          "Node Type": "Bitmap Index Scan",
                                          "Parent Relationship": "Outer",
                                          "Parallel Aware": false,
                                          "Index Name": "info_type_id_movie_info_idx",
                                          "Startup Cost": 0.0,
                                          "Total Cost": 4922.48,
                                          "Plan Rows": 276007,
                                          "Plan Width": 0,
                                          "Actual Startup Time": 31.769,
                                          "Actual Total Time": 31.77,
                                          "Actual Rows": 459925,
                                          "Actual Loops": 1,
                                          "Index Cond": "(info_type_id = it2.id)"
                                        }
                                      ]
                                    }
                                  ]
                                },
                                {
                                  "Node Type": "Index Scan",
                                  "Parent Relationship": "Inner",
                                  "Parallel Aware": false,
                                  "Scan Direction": "Forward",
                                  "Index Name": "title_pkey",
                                  "Relation Name": "title",
                                  "Alias": "t",
                                  "Startup Cost": 0.43,
                                  "Total Cost": 1.02,
                                  "Plan Rows": 1,
                                  "Plan Width": 21,
                                  "Actual Startup Time": 0.003,
                                  "Actual Total Time": 0.003,
                                  "Actual Rows": 0,
                                  "Actual Loops": 208701,
                                  "Index Cond": "(id = mi_idx.movie_id)",
                                  "Rows Removed by Index Recheck": 0,
                                  "Filter": "((production_year >= 1995) AND (production_year <= 2009))",
                                  "Rows Removed by Filter": 1
                                }
                              ]
                            },
                            {
                              "Node Type": "Index Scan",
                              "Parent Relationship": "Inner",
                              "Parallel Aware": false,
                              "Scan Direction": "Forward",
                              "Index Name": "movie_id_movie_info",
                              "Relation Name": "movie_info",
                              "Alias": "mi",
                              "Startup Cost": 0.43,
                              "Total Cost": 1.99,
                              "Plan Rows": 1,
                              "Plan Width": 8,
                              "Actual Startup Time": 0.015,
                              "Actual Total Time": 0.015,
                              "Actual Rows": 0,
                              "Actual Loops": 96223,
                              "Index Cond": "(movie_id = t.id)",
                              "Rows Removed by Index Recheck": 0,
                              "Filter": "(info = ANY ('{Family,Drama}'::text[]))",
                              "Rows Removed by Filter": 16
                            }
                          ]
                        },
                        {
                          "Node Type": "Hash",
                          "Parent Relationship": "Inner",
                          "Parallel Aware": false,
                          "Startup Cost": 14.12,
                          "Total Cost": 14.12,
                          "Plan Rows": 1,
                          "Plan Width": 4,
                          "Actual Startup Time": 0.058,
                          "Actual Total Time": 0.059,
                          "Actual Rows": 1,
                          "Actual Loops": 1,
                          "Hash Buckets": 1024,
                          "Original Hash Buckets": 1024,
                          "Hash Batches": 1,
                          "Original Hash Batches": 1,
                          "Peak Memory Usage": 9,
                          "Plans": [
                            {
                              "Node Type": "Index Scan",
                              "Parent Relationship": "Outer",
                              "Parallel Aware": false,
                              "Scan Direction": "Forward",
                              "Index Name": "info_type_pkey",
                              "Relation Name": "info_type",
                              "Alias": "it1",
                              "Startup Cost": 0.14,
                              "Total Cost": 14.12,
                              "Plan Rows": 1,
                              "Plan Width": 4,
                              "Actual Startup Time": 0.024,
                              "Actual Total Time": 0.05,
                              "Actual Rows": 1,
                              "Actual Loops": 1,
                              "Filter": "((info)::text = 'genres'::text)",
                              "Rows Removed by Filter": 112
                            }
                          ]
                        }
                      ]
                    },
                    {
                      "Node Type": "Index Scan",
                      "Parent Relationship": "Inner",
                      "Parallel Aware": false,
                      "Scan Direction": "Forward",
                      "Index Name": "movie_id_movie_companies",
                      "Relation Name": "movie_companies",
                      "Alias": "mc",
                      "Startup Cost": 0.43,
                      "Total Cost": 0.62,
                      "Plan Rows": 5,
                      "Plan Width": 12,
                      "Actual Startup Time": 0.005,
                      "Actual Total Time": 0.007,
                      "Actual Rows": 6,
                      "Actual Loops": 17247,
                      "Index Cond": "(movie_id = t.id)",
                      "Rows Removed by Index Recheck": 0
                    }
                  ]
                },
                {
                  "Node Type": "Index Scan",
                  "Parent Relationship": "Inner",
                  "Parallel Aware": false,
                  "Scan Direction": "Forward",
                  "Index Name": "company_type_pkey",
                  "Relation Name": "company_type",
                  "Alias": "ct",
                  "Startup Cost": 0.13,
                  "Total Cost": 0.15,
                  "Plan Rows": 1,
                  "Plan Width": 4,
                  "Actual Startup Time": 0.001,
                  "Actual Total Time": 0.001,
                  "Actual Rows": 0,
                  "Actual Loops": 102957,
                  "Index Cond": "(id = mc.company_type_id)",
                  "Rows Removed by Index Recheck": 0,
                  "Filter": "((kind)::text = 'production companies'::text)",
                  "Rows Removed by Filter": 1
                }
              ]
            },
            {
              "Node Type": "Index Scan",
              "Parent Relationship": "Inner",
              "Parallel Aware": false,
              "Scan Direction": "Forward",
              "Index Name": "company_name_pkey",
              "Relation Name": "company_name",
              "Alias": "cn",
              "Startup Cost": 0.42,
              "Total Cost": 0.45,
              "Plan Rows": 1,
              "Plan Width": 23,
              "Actual Startup Time": 0.004,
              "Actual Total Time": 0.004,
              "Actual Rows": 0,
              "Actual Loops": 39065,
              "Index Cond": "(id = mc.company_id)",
              "Rows Removed by Index Recheck": 0,
              "Filter": "((country_code)::text = '[us]'::text)",
              "Rows Removed by Filter": 1
            }
          ]
        }
      ]
    },
    "Planning Time": 17.15,
    "Triggers": [],
    "Execution Time": 2924.73
  }
]