[
  {
    "Plan": {
      "Node Type": "Aggregate",
      "Strategy": "Plain",
      "Partial Mode": "Finalize",
      "Parallel Aware": false,
      "Startup Cost": 158579.67,
      "Total Cost": 158579.68,
      "Plan Rows": 1,
      "Plan Width": 8,
      "Actual Startup Time": 235.683,
      "Actual Total Time": 249.515,
      "Actual Rows": 1,
      "Actual Loops": 1,
      "Plans": [
        {
          "Node Type": "Gather",
          "Parent Relationship": "Outer",
          "Parallel Aware": false,
          "Startup Cost": 158579.15,
          "Total Cost": 158579.66,
          "Plan Rows": 5,
          "Plan Width": 8,
          "Actual Startup Time": 235.577,
          "Actual Total Time": 249.506,
          "Actual Rows": 6,
          "Actual Loops": 1,
          "Workers Planned": 5,
          "Workers Launched": 5,
          "Single Copy": false,
          "Plans": [
            {
              "Node Type": "Aggregate",
              "Strategy": "Plain",
              "Partial Mode": "Partial",
              "Parent Relationship": "Outer",
              "Parallel Aware": false,
              "Startup Cost": 157579.15,
              "Total Cost": 157579.16,
              "Plan Rows": 1,
              "Plan Width": 8,
              "Actual Startup Time": 226.637,
              "Actual Total Time": 226.638,
              "Actual Rows": 1,
              "Actual Loops": 6,
              "Plans": [
                {
                  "Node Type": "Index Scan",
                  "Parent Relationship": "Outer",
                  "Parallel Aware": true,
                  "Scan Direction": "Forward",
                  "Index Name": "role_id_cast_info",
                  "Relation Name": "cast_info",
                  "Alias": "ci",
                  "Startup Cost": 0.56,
                  "Total Cost": 156659.89,
                  "Plan Rows": 367704,
                  "Plan Width": 0,
                  "Actual Startup Time": 0.195,
                  "Actual Total Time": 193.131,
                  "Actual Rows": 741425,
                  "Actual Loops": 6,
                  "Index Cond": "(role_id > 8)",
                  "Rows Removed by Index Recheck": 0,
                  "Filter": "(person_id > 2542616)",
                  "Rows Removed by Filter": 214024
                }
              ]
            }
          ]
        }
      ]
    },
    "Planning Time": 0.228,
    "Triggers": [],
    "Execution Time": 249.577
  }
]