[
  {
    "Plan": {
      "Node Type": "Aggregate",
      "Strategy": "Plain",
      "Partial Mode": "Finalize",
      "Parallel Aware": false,
      "Startup Cost": 274032.13,
      "Total Cost": 274032.14,
      "Plan Rows": 1,
      "Plan Width": 8,
      "Actual Startup Time": 1066.641,
      "Actual Total Time": 1099.55,
      "Actual Rows": 1,
      "Actual Loops": 1,
      "Plans": [
        {
          "Node Type": "Gather",
          "Parent Relationship": "Outer",
          "Parallel Aware": false,
          "Startup Cost": 274031.81,
          "Total Cost": 274032.12,
          "Plan Rows": 3,
          "Plan Width": 8,
          "Actual Startup Time": 1043.811,
          "Actual Total Time": 1099.537,
          "Actual Rows": 4,
          "Actual Loops": 1,
          "Workers Planned": 3,
          "Workers Launched": 3,
          "Single Copy": false,
          "Plans": [
            {
              "Node Type": "Aggregate",
              "Strategy": "Plain",
              "Partial Mode": "Partial",
              "Parent Relationship": "Outer",
              "Parallel Aware": false,
              "Startup Cost": 273031.81,
              "Total Cost": 273031.82,
              "Plan Rows": 1,
              "Plan Width": 8,
              "Actual Startup Time": 1030.825,
              "Actual Total Time": 1031.008,
              "Actual Rows": 1,
              "Actual Loops": 4,
              "Plans": [
                {
                  "Node Type": "Hash Join",
                  "Parent Relationship": "Outer",
                  "Parallel Aware": true,
                  "Join Type": "Inner",
                  "Startup Cost": 241186.47,
                  "Total Cost": 272513.95,
                  "Plan Rows": 207147,
                  "Plan Width": 0,
                  "Actual Startup Time": 816.029,
                  "Actual Total Time": 998.868,
                  "Actual Rows": 658489,
                  "Actual Loops": 4,
                  "Inner Unique": false,
                  "Hash Cond": "(mc.movie_id = t.id)",
                  "Plans": [
                    {
                      "Node Type": "Seq Scan",
                      "Parent Relationship": "Outer",
                      "Parallel Aware": true,
                      "Relation Name": "movie_companies",
                      "Alias": "mc",
                      "Startup Cost": 0.0,
                      "Total Cost": 29310.68,
                      "Plan Rows": 427336,
                      "Plan Width": 4,
                      "Actual Startup Time": 33.305,
                      "Actual Total Time": 77.102,
                      "Actual Rows": 333721,
                      "Actual Loops": 4,
                      "Filter": "(company_type_id = 2)",
                      "Rows Removed by Filter": 318562
                    },
                    {
                      "Node Type": "Hash",
                      "Parent Relationship": "Inner",
                      "Parallel Aware": true,
                      "Startup Cost": 238122.55,
                      "Total Cost": 238122.55,
                      "Plan Rows": 245113,
                      "Plan Width": 8,
                      "Actual Startup Time": 775.074,
                      "Actual Total Time": 775.255,
                      "Actual Rows": 295162,
                      "Actual Loops": 4,
                      "Hash Buckets": 2097152,
                      "Original Hash Buckets": 2097152,
                      "Hash Batches": 1,
                      "Original Hash Batches": 1,
                      "Peak Memory Usage": 62624,
                      "Plans": [
                        {
                          "Node Type": "Hash Join",
                          "Parent Relationship": "Outer",
                          "Parallel Aware": true,
                          "Join Type": "Inner",
                          "Startup Cost": 72422.22,
                          "Total Cost": 238122.55,
                          "Plan Rows": 245113,
                          "Plan Width": 8,
                          "Actual Startup Time": 452.686,
                          "Actual Total Time": 666.82,
                          "Actual Rows": 295162,
                          "Actual Loops": 4,
                          "Inner Unique": true,
                          "Hash Cond": "(mi.movie_id = t.id)",
                          "Plans": [
                            {
                              "Node Type": "Bitmap Heap Scan",
                              "Parent Relationship": "Outer",
                              "Parallel Aware": true,
                              "Relation Name": "movie_info",
                              "Alias": "mi",
                              "Startup Cost": 22202.57,
                              "Total Cost": 187259.49,
                              "Plan Rows": 245113,
                              "Plan Width": 4,
                              "Actual Startup Time": 58.181,
                              "Actual Total Time": 148.251,
                              "Actual Rows": 295162,
                              "Actual Loops": 4,
                              "Recheck Cond": "(info_type_id > 42)",
                              "Rows Removed by Index Recheck": 0,
                              "Exact Heap Blocks": 8236,
                              "Lossy Heap Blocks": 0,
                              "Plans": [
                                {
                                  "Node Type": "Bitmap Index Scan",
                                  "Parent Relationship": "Outer",
                                  "Parallel Aware": false,
                                  "Index Name": "info_type_id_movie_info",
                                  "Startup Cost": 0.0,
                                  "Total Cost": 21896.18,
                                  "Plan Rows": 1225566,
                                  "Plan Width": 0,
                                  "Actual Startup Time": 52.329,
                                  "Actual Total Time": 52.33,
                                  "Actual Rows": 1180649,
                                  "Actual Loops": 1,
                                  "Index Cond": "(info_type_id > 42)"
                                }
                              ]
                            },
                            {
                              "Node Type": "Hash",
                              "Parent Relationship": "Inner",
                              "Parallel Aware": true,
                              "Startup Cost": 42318.73,
                              "Total Cost": 42318.73,
                              "Plan Rows": 632073,
                              "Plan Width": 4,
                              "Actual Startup Time": 385.747,
                              "Actual Total Time": 385.748,
                              "Actual Rows": 632078,
                              "Actual Loops": 4,
                              "Hash Buckets": 4194304,
                              "Original Hash Buckets": 4194304,
                              "Hash Batches": 1,
                              "Original Hash Batches": 1,
                              "Peak Memory Usage": 131712,
                              "Plans": [
                                {
                                  "Node Type": "Seq Scan",
                                  "Parent Relationship": "Outer",
                                  "Parallel Aware": true,
                                  "Relation Name": "title",
                                  "Alias": "t",
                                  "Startup Cost": 0.0,
                                  "Total Cost": 42318.73,
                                  "Plan Rows": 632073,
                                  "Plan Width": 4,
                                  "Actual Startup Time": 0.05,
                                  "Actual Total Time": 112.891,
                                  "Actual Rows": 632078,
                                  "Actual Loops": 4
                                }
                              ]
                            }
                          ]
                        }
                      ]
                    }
                  ]
                }
              ]
            }
          ]
        }
      ]
    },
    "Planning Time": 1.51,
    "Triggers": [],
    "Execution Time": 1099.695
  }
]