[
  {
    "Plan": {
      "Node Type": "Aggregate",
      "Strategy": "Plain",
      "Partial Mode": "Finalize",
      "Parallel Aware": false,
      "Startup Cost": 442690.42,
      "Total Cost": 442690.43,
      "Plan Rows": 1,
      "Plan Width": 8,
      "Actual Startup Time": 2453.532,
      "Actual Total Time": 2511.19,
      "Actual Rows": 1,
      "Actual Loops": 1,
      "Plans": [
        {
          "Node Type": "Gather",
          "Parent Relationship": "Outer",
          "Parallel Aware": false,
          "Startup Cost": 442689.8,
          "Total Cost": 442690.41,
          "Plan Rows": 6,
          "Plan Width": 8,
          "Actual Startup Time": 2434.882,
          "Actual Total Time": 2511.167,
          "Actual Rows": 7,
          "Actual Loops": 1,
          "Workers Planned": 6,
          "Workers Launched": 6,
          "Single Copy": false,
          "Plans": [
            {
              "Node Type": "Aggregate",
              "Strategy": "Plain",
              "Partial Mode": "Partial",
              "Parent Relationship": "Outer",
              "Parallel Aware": false,
              "Startup Cost": 441689.8,
              "Total Cost": 441689.81,
              "Plan Rows": 1,
              "Plan Width": 8,
              "Actual Startup Time": 2426.37,
              "Actual Total Time": 2426.544,
              "Actual Rows": 1,
              "Actual Loops": 7,
              "Plans": [
                {
                  "Node Type": "Hash Join",
                  "Parent Relationship": "Outer",
                  "Parallel Aware": true,
                  "Join Type": "Inner",
                  "Startup Cost": 95885.76,
                  "Total Cost": 437306.04,
                  "Plan Rows": 1753502,
                  "Plan Width": 0,
                  "Actual Startup Time": 356.32,
                  "Actual Total Time": 2213.771,
                  "Actual Rows": 4496218,
                  "Actual Loops": 7,
                  "Inner Unique": false,
                  "Hash Cond": "(ci.movie_id = t.id)",
                  "Plans": [
                    {
                      "Node Type": "Seq Scan",
                      "Parent Relationship": "Outer",
                      "Parallel Aware": true,
                      "Relation Name": "cast_info",
                      "Alias": "ci",
                      "Startup Cost": 0.0,
                      "Total Cost": 313106.51,
                      "Plan Rows": 6041951,
                      "Plan Width": 4,
                      "Actual Startup Time": 0.041,
                      "Actual Total Time": 553.13,
                      "Actual Rows": 5177763,
                      "Actual Loops": 7
                    },
                    {
                      "Node Type": "Hash",
                      "Parent Relationship": "Inner",
                      "Parallel Aware": true,
                      "Startup Cost": 92926.89,
                      "Total Cost": 92926.89,
                      "Plan Rows": 236710,
                      "Plan Width": 8,
                      "Actual Startup Time": 353.824,
                      "Actual Total Time": 353.997,
                      "Actual Rows": 91442,
                      "Actual Loops": 7,
                      "Hash Buckets": 1048576,
                      "Original Hash Buckets": 1048576,
                      "Hash Batches": 1,
                      "Original Hash Batches": 1,
                      "Peak Memory Usage": 33344,
                      "Plans": [
                        {
                          "Node Type": "Hash Join",
                          "Parent Relationship": "Outer",
                          "Parallel Aware": true,
                          "Join Type": "Inner",
                          "Startup Cost": 49326.62,
                          "Total Cost": 92926.89,
                          "Plan Rows": 236710,
                          "Plan Width": 8,
                          "Actual Startup Time": 209.958,
                          "Actual Total Time": 316.754,
                          "Actual Rows": 91442,
                          "Actual Loops": 7,
                          "Inner Unique": true,
                          "Hash Cond": "(mk.movie_id = t.id)",
                          "Plans": [
                            {
                              "Node Type": "Seq Scan",
                              "Parent Relationship": "Outer",
                              "Parallel Aware": true,
                              "Relation Name": "movie_keyword",
                              "Alias": "mk",
                              "Startup Cost": 0.0,
                              "Total Cost": 42695.65,
                              "Plan Rows": 344614,
                              "Plan Width": 4,
                              "Actual Startup Time": 0.037,
                              "Actual Total Time": 63.589,
                              "Actual Rows": 153760,
                              "Actual Loops": 7,
                              "Filter": "(keyword_id < 1082)",
                              "Rows Removed by Filter": 492516
                            },
                            {
                              "Node Type": "Hash",
                              "Parent Relationship": "Inner",
                              "Parallel Aware": true,
                              "Startup Cost": 43899.32,
                              "Total Cost": 43899.32,
                              "Plan Rows": 434184,
                              "Plan Width": 4,
                              "Actual Startup Time": 207.785,
                              "Actual Total Time": 207.787,
                              "Actual Rows": 246462,
                              "Actual Loops": 7,
                              "Hash Buckets": 2097152,
                              "Original Hash Buckets": 2097152,
                              "Hash Batches": 1,
                              "Original Hash Batches": 1,
                              "Peak Memory Usage": 84000,
                              "Plans": [
                                {
                                  "Node Type": "Seq Scan",
                                  "Parent Relationship": "Outer",
                                  "Parallel Aware": true,
                                  "Relation Name": "title",
                                  "Alias": "t",
                                  "Startup Cost": 0.0,
                                  "Total Cost": 43899.32,
                                  "Plan Rows": 434184,
                                  "Plan Width": 4,
                                  "Actual Startup Time": 0.047,
                                  "Actual Total Time": 82.977,
                                  "Actual Rows": 246462,
                                  "Actual Loops": 7,
                                  "Filter": "(production_year > 1991)",
                                  "Rows Removed by Filter": 114726
                                }
                              ]
                            }
                          ]
                        }
                      ]
                    }
                  ]
                }
              ]
            }
          ]
        }
      ]
    },
    "Planning Time": 0.823,
    "Triggers": [],
    "Execution Time": 2511.253
  }
]