[
  {
    "Plan": {
      "Node Type": "Aggregate",
      "Strategy": "Plain",
      "Partial Mode": "Finalize",
      "Parallel Aware": false,
      "Startup Cost": 28160.68,
      "Total Cost": 28160.69,
      "Plan Rows": 1,
      "Plan Width": 8,
      "Actual Startup Time": 25.067,
      "Actual Total Time": 28.804,
      "Actual Rows": 1,
      "Actual Loops": 1,
      "Plans": [
        {
          "Node Type": "Gather",
          "Parent Relationship": "Outer",
          "Parallel Aware": false,
          "Startup Cost": 28160.47,
          "Total Cost": 28160.68,
          "Plan Rows": 2,
          "Plan Width": 8,
          "Actual Startup Time": 24.919,
          "Actual Total Time": 28.798,
          "Actual Rows": 3,
          "Actual Loops": 1,
          "Workers Planned": 2,
          "Workers Launched": 2,
          "Single Copy": false,
          "Plans": [
            {
              "Node Type": "Aggregate",
              "Strategy": "Plain",
              "Partial Mode": "Partial",
              "Parent Relationship": "Outer",
              "Parallel Aware": false,
              "Startup Cost": 27160.47,
              "Total Cost": 27160.48,
              "Plan Rows": 1,
              "Plan Width": 8,
              "Actual Startup Time": 19.042,
              "Actual Total Time": 19.043,
              "Actual Rows": 1,
              "Actual Loops": 3,
              "Plans": [
                {
                  "Node Type": "Nested Loop",
                  "Parent Relationship": "Outer",
                  "Parallel Aware": false,
                  "Join Type": "Inner",
                  "Startup Cost": 173.85,
                  "Total Cost": 27159.84,
                  "Plan Rows": 250,
                  "Plan Width": 0,
                  "Actual Startup Time": 11.602,
                  "Actual Total Time": 19.038,
                  "Actual Rows": 5,
                  "Actual Loops": 3,
                  "Inner Unique": true,
                  "Plans": [
                    {
                      "Node Type": "Bitmap Heap Scan",
                      "Parent Relationship": "Outer",
                      "Parallel Aware": true,
                      "Relation Name": "movie_companies",
                      "Alias": "mc",
                      "Startup Cost": 173.42,
                      "Total Cost": 14884.67,
                      "Plan Rows": 1630,
                      "Plan Width": 4,
                      "Actual Startup Time": 0.741,
                      "Actual Total Time": 8.232,
                      "Actual Rows": 1458,
                      "Actual Loops": 3,
                      "Recheck Cond": "(company_id = 159)",
                      "Rows Removed by Index Recheck": 0,
                      "Filter": "(company_type_id < 2)",
                      "Rows Removed by Filter": 1062,
                      "Exact Heap Blocks": 3805,
                      "Lossy Heap Blocks": 0,
                      "Plans": [
                        {
                          "Node Type": "Bitmap Index Scan",
                          "Parent Relationship": "Outer",
                          "Parallel Aware": false,
                          "Index Name": "company_id_movie_companies",
                          "Startup Cost": 0.0,
                          "Total Cost": 172.44,
                          "Plan Rows": 8001,
                          "Plan Width": 0,
                          "Actual Startup Time": 1.321,
                          "Actual Total Time": 1.321,
                          "Actual Rows": 7560,
                          "Actual Loops": 1,
                          "Index Cond": "(company_id = 159)"
                        }
                      ]
                    },
                    {
                      "Node Type": "Index Scan",
                      "Parent Relationship": "Inner",
                      "Parallel Aware": false,
                      "Scan Direction": "Forward",
                      "Index Name": "title_pkey",
                      "Relation Name": "title",
                      "Alias": "t",
                      "Startup Cost": 0.43,
                      "Total Cost": 7.53,
                      "Plan Rows": 1,
                      "Plan Width": 4,
                      "Actual Startup Time": 0.007,
                      "Actual Total Time": 0.007,
                      "Actual Rows": 0,
                      "Actual Loops": 4375,
                      "Index Cond": "(id = mc.movie_id)",
                      "Rows Removed by Index Recheck": 0,
                      "Filter": "(production_year > 2010)",
                      "Rows Removed by Filter": 1
                    }
                  ]
                }
              ]
            }
          ]
        }
      ]
    },
    "Planning Time": 0.281,
    "Triggers": [],
    "Execution Time": 28.857
  }
]