{
  "Plan": {
    "Node Type": "Aggregate",
    "Strategy": "Plain",
    "Partial Mode": "Finalize",
    "Parallel Aware": false,
    "Startup Cost": 171446.68,
    "Total Cost": 171446.69,
    "Plan Rows": 1,
    "Plan Width": 8,
    "Actual Startup Time": 1397.427,
    "Actual Total Time": 1419.025,
    "Actual Rows": 1,
    "Actual Loops": 1,
    "Plans": [
      {
        "Node Type": "Gather",
        "Parent Relationship": "Outer",
        "Parallel Aware": false,
        "Startup Cost": 171446.57,
        "Total Cost": 171446.68,
        "Plan Rows": 1,
        "Plan Width": 8,
        "Actual Startup Time": 1391.987,
        "Actual Total Time": 1419.015,
        "Actual Rows": 2,
        "Actual Loops": 1,
        "Workers Planned": 1,
        "Workers Launched": 1,
        "Single Copy": false,
        "Plans": [
          {
            "Node Type": "Aggregate",
            "Strategy": "Plain",
            "Partial Mode": "Partial",
            "Parent Relationship": "Outer",
            "Parallel Aware": false,
            "Startup Cost": 170446.57,
            "Total Cost": 170446.58,
            "Plan Rows": 1,
            "Plan Width": 8,
            "Actual Startup Time": 1384.657,
            "Actual Total Time": 1385.259,
            "Actual Rows": 1,
            "Actual Loops": 2,
            "Plans": [
              {
                "Node Type": "Hash Join",
                "Parent Relationship": "Outer",
                "Parallel Aware": true,
                "Join Type": "Inner",
                "Startup Cost": 125311.51,
                "Total Cost": 169390.99,
                "Plan Rows": 422233,
                "Plan Width": 0,
                "Actual Startup Time": 804.13,
                "Actual Total Time": 1262.709,
                "Actual Rows": 3121903,
                "Actual Loops": 2,
                "Inner Unique": false,
                "Hash Cond": "(mc.movie_id = t.id)",
                "Plans": [
                  {
                    "Node Type": "Seq Scan",
                    "Parent Relationship": "Outer",
                    "Parallel Aware": true,
                    "Relation Name": "movie_companies",
                    "Alias": "mc",
                    "Startup Cost": 0.0,
                    "Total Cost": 37974.77,
                    "Plan Rows": 965597,
                    "Plan Width": 4,
                    "Actual Startup Time": 2.428,
                    "Actual Total Time": 120.287,
                    "Actual Rows": 821262,
                    "Actual Loops": 2,
                    "Filter": "(company_id > 4048)",
                    "Rows Removed by Filter": 483302
                  },
                  {
                    "Node Type": "Hash",
                    "Parent Relationship": "Inner",
                    "Parallel Aware": true,
                    "Startup Cost": 117182.37,
                    "Total Cost": 117182.37,
                    "Plan Rows": 650331,
                    "Plan Width": 8,
                    "Actual Startup Time": 786.725,
                    "Actual Total Time": 787.325,
                    "Actual Rows": 776496,
                    "Actual Loops": 2,
                    "Hash Buckets": 2097152,
                    "Original Hash Buckets": 2097152,
                    "Hash Batches": 1,
                    "Original Hash Batches": 1,
                    "Peak Memory Usage": 77184,
                    "Plans": [
                      {
                        "Node Type": "Hash Join",
                        "Parent Relationship": "Outer",
                        "Parallel Aware": true,
                        "Join Type": "Inner",
                        "Startup Cost": 59131.53,
                        "Total Cost": 117182.37,
                        "Plan Rows": 650331,
                        "Plan Width": 8,
                        "Actual Startup Time": 234.408,
                        "Actual Total Time": 648.743,
                        "Actual Rows": 776496,
                        "Actual Loops": 2,
                        "Inner Unique": true,
                        "Hash Cond": "(mk.movie_id = t.id)",
                        "Plans": [
                          {
                            "Node Type": "Seq Scan",
                            "Parent Relationship": "Outer",
                            "Parallel Aware": true,
                            "Relation Name": "movie_keyword",
                            "Alias": "mk",
                            "Startup Cost": 0.0,
                            "Total Cost": 51065.35,
                            "Plan Rows": 2661135,
                            "Plan Width": 4,
                            "Actual Startup Time": 0.014,
                            "Actual Total Time": 154.98,
                            "Actual Rows": 2261965,
                            "Actual Loops": 2
                          },
                          {
                            "Node Type": "Hash",
                            "Parent Relationship": "Inner",
                            "Parallel Aware": true,
                            "Startup Cost": 54588.39,
                            "Total Cost": 54588.39,
                            "Plan Rows": 363451,
                            "Plan Width": 4,
                            "Actual Startup Time": 229.868,
                            "Actual Total Time": 229.869,
                            "Actual Rows": 311426,
                            "Actual Loops": 2,
                            "Hash Buckets": 1048576,
                            "Original Hash Buckets": 1048576,
                            "Hash Batches": 1,
                            "Original Hash Batches": 1,
                            "Peak Memory Usage": 32576,
                            "Plans": [
                              {
                                "Node Type": "Seq Scan",
                                "Parent Relationship": "Outer",
                                "Parallel Aware": true,
                                "Relation Name": "title",
                                "Alias": "t",
                                "Startup Cost": 0.0,
                                "Total Cost": 54588.39,
                                "Plan Rows": 363451,
                                "Plan Width": 4,
                                "Actual Startup Time": 0.024,
                                "Actual Total Time": 146.945,
                                "Actual Rows": 311426,
                                "Actual Loops": 2,
                                "Filter": "(production_year < 1987)",
                                "Rows Removed by Filter": 952730
                              }
                            ]
                          }
                        ]
                      }
                    ]
                  }
                ]
              }
            ]
          }
        ]
      }
    ]
  },
  "Planning Time": 0.991,
  "Triggers": [],
  "Execution Time": 1419.102
}