[
  {
    "Plan": {
      "Node Type": "Aggregate",
      "Strategy": "Plain",
      "Partial Mode": "Finalize",
      "Parallel Aware": false,
      "Startup Cost": 32988.38,
      "Total Cost": 32988.39,
      "Plan Rows": 1,
      "Plan Width": 8,
      "Actual Startup Time": 81.023,
      "Actual Total Time": 86.723,
      "Actual Rows": 1,
      "Actual Loops": 1,
      "Plans": [
        {
          "Node Type": "Gather",
          "Parent Relationship": "Outer",
          "Parallel Aware": false,
          "Startup Cost": 32988.06,
          "Total Cost": 32988.37,
          "Plan Rows": 3,
          "Plan Width": 8,
          "Actual Startup Time": 80.885,
          "Actual Total Time": 86.715,
          "Actual Rows": 4,
          "Actual Loops": 1,
          "Workers Planned": 3,
          "Workers Launched": 3,
          "Single Copy": false,
          "Plans": [
            {
              "Node Type": "Aggregate",
              "Strategy": "Plain",
              "Partial Mode": "Partial",
              "Parent Relationship": "Outer",
              "Parallel Aware": false,
              "Startup Cost": 31988.06,
              "Total Cost": 31988.07,
              "Plan Rows": 1,
              "Plan Width": 8,
              "Actual Startup Time": 76.09,
              "Actual Total Time": 76.091,
              "Actual Rows": 1,
              "Actual Loops": 4,
              "Plans": [
                {
                  "Node Type": "Seq Scan",
                  "Parent Relationship": "Outer",
                  "Parallel Aware": true,
                  "Relation Name": "movie_companies",
                  "Alias": "mc",
                  "Startup Cost": 0.0,
                  "Total Cost": 31414.82,
                  "Plan Rows": 229297,
                  "Plan Width": 0,
                  "Actual Startup Time": 10.27,
                  "Actual Total Time": 70.003,
                  "Actual Rows": 122520,
                  "Actual Loops": 4,
                  "Filter": "((company_id > 9674) AND (company_type_id = 1))",
                  "Rows Removed by Filter": 529762
                }
              ]
            }
          ]
        }
      ]
    },
    "Planning Time": 0.142,
    "Triggers": [],
    "Execution Time": 86.761
  }
]