[
  {
    "Plan": {
      "Node Type": "Aggregate",
      "Strategy": "Plain",
      "Partial Mode": "Finalize",
      "Parallel Aware": false,
      "Startup Cost": 32986.82,
      "Total Cost": 32986.83,
      "Plan Rows": 1,
      "Plan Width": 8,
      "Actual Startup Time": 92.498,
      "Actual Total Time": 99.903,
      "Actual Rows": 1,
      "Actual Loops": 1,
      "Plans": [
        {
          "Node Type": "Gather",
          "Parent Relationship": "Outer",
          "Parallel Aware": false,
          "Startup Cost": 32986.51,
          "Total Cost": 32986.82,
          "Plan Rows": 3,
          "Plan Width": 8,
          "Actual Startup Time": 92.395,
          "Actual Total Time": 99.896,
          "Actual Rows": 4,
          "Actual Loops": 1,
          "Workers Planned": 3,
          "Workers Launched": 3,
          "Single Copy": false,
          "Plans": [
            {
              "Node Type": "Aggregate",
              "Strategy": "Plain",
              "Partial Mode": "Partial",
              "Parent Relationship": "Outer",
              "Parallel Aware": false,
              "Startup Cost": 31986.51,
              "Total Cost": 31986.52,
              "Plan Rows": 1,
              "Plan Width": 8,
              "Actual Startup Time": 84.661,
              "Actual Total Time": 84.662,
              "Actual Rows": 1,
              "Actual Loops": 4,
              "Plans": [
                {
                  "Node Type": "Seq Scan",
                  "Parent Relationship": "Outer",
                  "Parallel Aware": true,
                  "Relation Name": "movie_companies",
                  "Alias": "mc",
                  "Startup Cost": 0.0,
                  "Total Cost": 31414.82,
                  "Plan Rows": 228675,
                  "Plan Width": 0,
                  "Actual Startup Time": 18.764,
                  "Actual Total Time": 78.945,
                  "Actual Rows": 122520,
                  "Actual Loops": 4,
                  "Filter": "((company_id > 9674) AND (company_type_id = 1))",
                  "Rows Removed by Filter": 529762
                }
              ]
            }
          ]
        }
      ]
    },
    "Planning Time": 0.222,
    "Triggers": [],
    "Execution Time": 99.963
  }
]