{
  "Plan": {
    "Node Type": "Aggregate",
    "Strategy": "Plain",
    "Partial Mode": "Finalize",
    "Parallel Aware": false,
    "Startup Cost": 609753.58,
    "Total Cost": 609753.59,
    "Plan Rows": 1,
    "Plan Width": 8,
    "Actual Startup Time": 3582.884,
    "Actual Total Time": 3609.285,
    "Actual Rows": 1,
    "Actual Loops": 1,
    "Plans": [
      {
        "Node Type": "Gather",
        "Parent Relationship": "Outer",
        "Parallel Aware": false,
        "Startup Cost": 609753.47,
        "Total Cost": 609753.58,
        "Plan Rows": 1,
        "Plan Width": 8,
        "Actual Startup Time": 3578.04,
        "Actual Total Time": 3609.275,
        "Actual Rows": 2,
        "Actual Loops": 1,
        "Workers Planned": 1,
        "Workers Launched": 1,
        "Single Copy": false,
        "Plans": [
          {
            "Node Type": "Aggregate",
            "Strategy": "Plain",
            "Partial Mode": "Partial",
            "Parent Relationship": "Outer",
            "Parallel Aware": false,
            "Startup Cost": 608753.47,
            "Total Cost": 608753.48,
            "Plan Rows": 1,
            "Plan Width": 8,
            "Actual Startup Time": 3567.126,
            "Actual Total Time": 3567.129,
            "Actual Rows": 1,
            "Actual Loops": 2,
            "Plans": [
              {
                "Node Type": "Hash Join",
                "Parent Relationship": "Outer",
                "Parallel Aware": true,
                "Join Type": "Inner",
                "Startup Cost": 264509.62,
                "Total Cost": 595766.68,
                "Plan Rows": 5194714,
                "Plan Width": 0,
                "Actual Startup Time": 1023.401,
                "Actual Total Time": 3383.526,
                "Actual Rows": 4486776,
                "Actual Loops": 2,
                "Inner Unique": true,
                "Hash Cond": "(ci.movie_id = t.id)",
                "Plans": [
                  {
                    "Node Type": "Bitmap Heap Scan",
                    "Parent Relationship": "Outer",
                    "Parallel Aware": true,
                    "Relation Name": "cast_info",
                    "Alias": "ci",
                    "Startup Cost": 195048.92,
                    "Total Cost": 512669.83,
                    "Plan Rows": 5194714,
                    "Plan Width": 4,
                    "Actual Startup Time": 499.581,
                    "Actual Total Time": 927.426,
                    "Actual Rows": 4486776,
                    "Actual Loops": 2,
                    "Recheck Cond": "(person_id < 882799)",
                    "Rows Removed by Index Recheck": 0,
                    "Exact Heap Blocks": 49151,
                    "Lossy Heap Blocks": 0,
                    "Plans": [
                      {
                        "Node Type": "Bitmap Index Scan",
                        "Parent Relationship": "Outer",
                        "Parallel Aware": false,
                        "Index Name": "person_id_cast_info",
                        "Startup Cost": 0.0,
                        "Total Cost": 192841.16,
                        "Plan Rows": 8831013,
                        "Plan Width": 0,
                        "Actual Startup Time": 483.335,
                        "Actual Total Time": 483.336,
                        "Actual Rows": 8973553,
                        "Actual Loops": 1,
                        "Index Cond": "(person_id < 882799)"
                      }
                    ]
                  },
                  {
                    "Node Type": "Hash",
                    "Parent Relationship": "Inner",
                    "Parallel Aware": true,
                    "Startup Cost": 50870.31,
                    "Total Cost": 50870.31,
                    "Plan Rows": 1487231,
                    "Plan Width": 4,
                    "Actual Startup Time": 503.326,
                    "Actual Total Time": 503.327,
                    "Actual Rows": 1264156,
                    "Actual Loops": 2,
                    "Hash Buckets": 4194304,
                    "Original Hash Buckets": 4194304,
                    "Hash Batches": 1,
                    "Original Hash Batches": 1,
                    "Peak Memory Usage": 131712,
                    "Plans": [
                      {
                        "Node Type": "Seq Scan",
                        "Parent Relationship": "Outer",
                        "Parallel Aware": true,
                        "Relation Name": "title",
                        "Alias": "t",
                        "Startup Cost": 0.0,
                        "Total Cost": 50870.31,
                        "Plan Rows": 1487231,
                        "Plan Width": 4,
                        "Actual Startup Time": 0.018,
                        "Actual Total Time": 146.118,
                        "Actual Rows": 1264156,
                        "Actual Loops": 2
                      }
                    ]
                  }
                ]
              }
            ]
          }
        ]
      }
    ]
  },
  "Planning Time": 0.796,
  "Triggers": [],
  "Execution Time": 3609.378
}