[
  {
    "Plan": {
      "Node Type": "Aggregate",
      "Strategy": "Plain",
      "Partial Mode": "Finalize",
      "Parallel Aware": false,
      "Startup Cost": 75116.79,
      "Total Cost": 75116.8,
      "Plan Rows": 1,
      "Plan Width": 8,
      "Actual Startup Time": 207.451,
      "Actual Total Time": 224.887,
      "Actual Rows": 1,
      "Actual Loops": 1,
      "Plans": [
        {
          "Node Type": "Gather",
          "Parent Relationship": "Outer",
          "Parallel Aware": false,
          "Startup Cost": 75116.48,
          "Total Cost": 75116.79,
          "Plan Rows": 3,
          "Plan Width": 8,
          "Actual Startup Time": 206.74,
          "Actual Total Time": 224.877,
          "Actual Rows": 4,
          "Actual Loops": 1,
          "Workers Planned": 3,
          "Workers Launched": 3,
          "Single Copy": false,
          "Plans": [
            {
              "Node Type": "Aggregate",
              "Strategy": "Plain",
              "Partial Mode": "Partial",
              "Parent Relationship": "Outer",
              "Parallel Aware": false,
              "Startup Cost": 74116.48,
              "Total Cost": 74116.49,
              "Plan Rows": 1,
              "Plan Width": 8,
              "Actual Startup Time": 198.613,
              "Actual Total Time": 198.618,
              "Actual Rows": 1,
              "Actual Loops": 4,
              "Plans": [
                {
                  "Node Type": "Nested Loop",
                  "Parent Relationship": "Outer",
                  "Parallel Aware": false,
                  "Join Type": "Inner",
                  "Startup Cost": 46932.81,
                  "Total Cost": 74108.77,
                  "Plan Rows": 3081,
                  "Plan Width": 0,
                  "Actual Startup Time": 116.433,
                  "Actual Total Time": 197.455,
                  "Actual Rows": 15822,
                  "Actual Loops": 4,
                  "Inner Unique": false,
                  "Join Filter": "(t.id = mk.movie_id)",
                  "Rows Removed by Join Filter": 0,
                  "Plans": [
                    {
                      "Node Type": "Hash Join",
                      "Parent Relationship": "Outer",
                      "Parallel Aware": true,
                      "Join Type": "Inner",
                      "Startup Cost": 46932.38,
                      "Total Cost": 67669.03,
                      "Plan Rows": 3016,
                      "Plan Width": 8,
                      "Actual Startup Time": 116.271,
                      "Actual Total Time": 153.7,
                      "Actual Rows": 6254,
                      "Actual Loops": 4,
                      "Inner Unique": true,
                      "Hash Cond": "(mc.movie_id = t.id)",
                      "Plans": [
                        {
                          "Node Type": "Bitmap Heap Scan",
                          "Parent Relationship": "Outer",
                          "Parallel Aware": true,
                          "Relation Name": "movie_companies",
                          "Alias": "mc",
                          "Startup Cost": 8644.55,
                          "Total Cost": 29043.35,
                          "Plan Rows": 128704,
                          "Plan Width": 4,
                          "Actual Startup Time": 30.282,
                          "Actual Total Time": 75.652,
                          "Actual Rows": 98260,
                          "Actual Loops": 4,
                          "Recheck Cond": "(company_id < 240)",
                          "Rows Removed by Index Recheck": 0,
                          "Exact Heap Blocks": 6324,
                          "Lossy Heap Blocks": 0,
                          "Plans": [
                            {
                              "Node Type": "Bitmap Index Scan",
                              "Parent Relationship": "Outer",
                              "Parallel Aware": false,
                              "Index Name": "company_id_movie_companies",
                              "Startup Cost": 0.0,
                              "Total Cost": 8544.8,
                              "Plan Rows": 398983,
                              "Plan Width": 0,
                              "Actual Startup Time": 25.857,
                              "Actual Total Time": 25.858,
                              "Actual Rows": 393040,
                              "Actual Loops": 1,
                              "Index Cond": "(company_id < 240)"
                            }
                          ]
                        },
                        {
                          "Node Type": "Hash",
                          "Parent Relationship": "Inner",
                          "Parallel Aware": true,
                          "Startup Cost": 38102.68,
                          "Total Cost": 38102.68,
                          "Plan Rows": 14812,
                          "Plan Width": 4,
                          "Actual Startup Time": 52.884,
                          "Actual Total Time": 52.886,
                          "Actual Rows": 12822,
                          "Actual Loops": 4,
                          "Hash Buckets": 65536,
                          "Original Hash Buckets": 65536,
                          "Hash Batches": 1,
                          "Original Hash Batches": 1,
                          "Peak Memory Usage": 2560,
                          "Plans": [
                            {
                              "Node Type": "Bitmap Heap Scan",
                              "Parent Relationship": "Outer",
                              "Parallel Aware": true,
                              "Relation Name": "title",
                              "Alias": "t",
                              "Startup Cost": 1741.53,
                              "Total Cost": 38102.68,
                              "Plan Rows": 14812,
                              "Plan Width": 4,
                              "Actual Startup Time": 10.86,
                              "Actual Total Time": 46.581,
                              "Actual Rows": 12822,
                              "Actual Loops": 4,
                              "Recheck Cond": "(kind_id = 3)",
                              "Rows Removed by Index Recheck": 0,
                              "Filter": "(production_year > 1997)",
                              "Rows Removed by Filter": 12312,
                              "Exact Heap Blocks": 6271,
                              "Lossy Heap Blocks": 0,
                              "Plans": [
                                {
                                  "Node Type": "Bitmap Index Scan",
                                  "Parent Relationship": "Outer",
                                  "Parallel Aware": false,
                                  "Index Name": "kind_id_title",
                                  "Startup Cost": 0.0,
                                  "Total Cost": 1726.72,
                                  "Plan Rows": 96839,
                                  "Plan Width": 0,
                                  "Actual Startup Time": 12.106,
                                  "Actual Total Time": 12.106,
                                  "Actual Rows": 100537,
                                  "Actual Loops": 1,
                                  "Index Cond": "(kind_id = 3)"
                                }
                              ]
                            }
                          ]
                        }
                      ]
                    },
                    {
                      "Node Type": "Index Scan",
                      "Parent Relationship": "Inner",
                      "Parallel Aware": false,
                      "Scan Direction": "Forward",
                      "Index Name": "movie_id_movie_keyword",
                      "Relation Name": "movie_keyword",
                      "Alias": "mk",
                      "Startup Cost": 0.43,
                      "Total Cost": 1.81,
                      "Plan Rows": 26,
                      "Plan Width": 4,
                      "Actual Startup Time": 0.006,
                      "Actual Total Time": 0.006,
                      "Actual Rows": 3,
                      "Actual Loops": 25018,
                      "Index Cond": "(movie_id = mc.movie_id)",
                      "Rows Removed by Index Recheck": 0,
                      "Filter": "(keyword_id < 6924)",
                      "Rows Removed by Filter": 2
                    }
                  ]
                }
              ]
            }
          ]
        }
      ]
    },
    "Planning Time": 1.213,
    "Triggers": [],
    "Execution Time": 224.991
  }
]