[
  {
    "Plan": {
      "Node Type": "Aggregate",
      "Strategy": "Plain",
      "Partial Mode": "Finalize",
      "Parallel Aware": false,
      "Startup Cost": 347105.24,
      "Total Cost": 347105.25,
      "Plan Rows": 1,
      "Plan Width": 8,
      "Actual Startup Time": 353.76,
      "Actual Total Time": 406.98,
      "Actual Rows": 1,
      "Actual Loops": 1,
      "Plans": [
        {
          "Node Type": "Gather",
          "Parent Relationship": "Outer",
          "Parallel Aware": false,
          "Startup Cost": 347104.82,
          "Total Cost": 347105.23,
          "Plan Rows": 4,
          "Plan Width": 8,
          "Actual Startup Time": 353.637,
          "Actual Total Time": 406.97,
          "Actual Rows": 5,
          "Actual Loops": 1,
          "Workers Planned": 4,
          "Workers Launched": 4,
          "Single Copy": false,
          "Plans": [
            {
              "Node Type": "Aggregate",
              "Strategy": "Plain",
              "Partial Mode": "Partial",
              "Parent Relationship": "Outer",
              "Parallel Aware": false,
              "Startup Cost": 346104.82,
              "Total Cost": 346104.83,
              "Plan Rows": 1,
              "Plan Width": 8,
              "Actual Startup Time": 344.216,
              "Actual Total Time": 344.218,
              "Actual Rows": 1,
              "Actual Loops": 5,
              "Plans": [
                {
                  "Node Type": "Nested Loop",
                  "Parent Relationship": "Outer",
                  "Parallel Aware": false,
                  "Join Type": "Inner",
                  "Startup Cost": 0.56,
                  "Total Cost": 345882.23,
                  "Plan Rows": 89035,
                  "Plan Width": 0,
                  "Actual Startup Time": 0.505,
                  "Actual Total Time": 339.125,
                  "Actual Rows": 73667,
                  "Actual Loops": 5,
                  "Inner Unique": false,
                  "Plans": [
                    {
                      "Node Type": "Seq Scan",
                      "Parent Relationship": "Outer",
                      "Parallel Aware": true,
                      "Relation Name": "title",
                      "Alias": "t",
                      "Startup Cost": 0.0,
                      "Total Cost": 45479.1,
                      "Plan Rows": 9477,
                      "Plan Width": 4,
                      "Actual Startup Time": 0.05,
                      "Actual Total Time": 66.724,
                      "Actual Rows": 8387,
                      "Actual Loops": 5,
                      "Filter": "((kind_id = 7) AND (production_year = 2002))",
                      "Rows Removed by Filter": 497275
                    },
                    {
                      "Node Type": "Index Scan",
                      "Parent Relationship": "Inner",
                      "Parallel Aware": false,
                      "Scan Direction": "Forward",
                      "Index Name": "movie_id_cast_info",
                      "Relation Name": "cast_info",
                      "Alias": "ci",
                      "Startup Cost": 0.56,
                      "Total Cost": 31.46,
                      "Plan Rows": 24,
                      "Plan Width": 4,
                      "Actual Startup Time": 0.016,
                      "Actual Total Time": 0.031,
                      "Actual Rows": 9,
                      "Actual Loops": 41935,
                      "Index Cond": "(movie_id = t.id)",
                      "Rows Removed by Index Recheck": 0,
                      "Filter": "(role_id > 1)",
                      "Rows Removed by Filter": 5
                    }
                  ]
                }
              ]
            }
          ]
        }
      ]
    },
    "Planning Time": 0.645,
    "Triggers": [],
    "Execution Time": 407.068
  }
]