[
    {
        "Bao": {
            "Bao prediction": 1186.164,
            "Bao recommended hint": "(no hint)"
        }
    },
    {
        "Plan": {
            "Node Type": "Aggregate",
            "Strategy": "Plain",
            "Partial Mode": "Finalize",
            "Parallel Aware": false,
            "Startup Cost": 436373.49,
            "Total Cost": 436373.5,
            "Plan Rows": 1,
            "Plan Width": 8,
            "Actual Startup Time": 3264.203,
            "Actual Total Time": 3299.367,
            "Actual Rows": 1,
            "Actual Loops": 1,
            "Output": [
                "count(*)"
            ],
            "Plans": [
                {
                    "Node Type": "Gather",
                    "Parent Relationship": "Outer",
                    "Parallel Aware": false,
                    "Startup Cost": 436372.86,
                    "Total Cost": 436373.47,
                    "Plan Rows": 6,
                    "Plan Width": 8,
                    "Actual Startup Time": 3252.109,
                    "Actual Total Time": 3299.353,
                    "Actual Rows": 7,
                    "Actual Loops": 1,
                    "Output": [
                        "(PARTIAL count(*))"
                    ],
                    "Workers Planned": 6,
                    "Workers Launched": 6,
                    "Single Copy": false,
                    "Plans": [
                        {
                            "Node Type": "Aggregate",
                            "Strategy": "Plain",
                            "Partial Mode": "Partial",
                            "Parent Relationship": "Outer",
                            "Parallel Aware": false,
                            "Startup Cost": 435372.86,
                            "Total Cost": 435372.87,
                            "Plan Rows": 1,
                            "Plan Width": 8,
                            "Actual Startup Time": 3176.411,
                            "Actual Total Time": 3176.788,
                            "Actual Rows": 1,
                            "Actual Loops": 7,
                            "Output": [
                                "PARTIAL count(*)"
                            ],
                            "Workers": [
                                {
                                    "Worker Number": 0,
                                    "Actual Startup Time": 3163.844,
                                    "Actual Total Time": 3163.848,
                                    "Actual Rows": 1,
                                    "Actual Loops": 1
                                },
                                {
                                    "Worker Number": 1,
                                    "Actual Startup Time": 3163.837,
                                    "Actual Total Time": 3163.842,
                                    "Actual Rows": 1,
                                    "Actual Loops": 1
                                },
                                {
                                    "Worker Number": 2,
                                    "Actual Startup Time": 3163.774,
                                    "Actual Total Time": 3163.778,
                                    "Actual Rows": 1,
                                    "Actual Loops": 1
                                },
                                {
                                    "Worker Number": 3,
                                    "Actual Startup Time": 3164.779,
                                    "Actual Total Time": 3164.783,
                                    "Actual Rows": 1,
                                    "Actual Loops": 1
                                },
                                {
                                    "Worker Number": 4,
                                    "Actual Startup Time": 3163.892,
                                    "Actual Total Time": 3163.897,
                                    "Actual Rows": 1,
                                    "Actual Loops": 1
                                },
                                {
                                    "Worker Number": 5,
                                    "Actual Startup Time": 3163.777,
                                    "Actual Total Time": 3163.781,
                                    "Actual Rows": 1,
                                    "Actual Loops": 1
                                }
                            ],
                            "Plans": [
                                {
                                    "Node Type": "Hash Join",
                                    "Parent Relationship": "Outer",
                                    "Parallel Aware": true,
                                    "Join Type": "Inner",
                                    "Startup Cost": 85977.54,
                                    "Total Cost": 428558.33,
                                    "Plan Rows": 2725812,
                                    "Plan Width": 0,
                                    "Actual Startup Time": 522.88,
                                    "Actual Total Time": 2983.719,
                                    "Actual Rows": 3328795,
                                    "Actual Loops": 7,
                                    "Inner Unique": false,
                                    "Hash Cond": "(ci.movie_id = t.id)",
                                    "Workers": [
                                        {
                                            "Worker Number": 0,
                                            "Actual Startup Time": 510.38,
                                            "Actual Total Time": 2970.285,
                                            "Actual Rows": 3570371,
                                            "Actual Loops": 1
                                        },
                                        {
                                            "Worker Number": 1,
                                            "Actual Startup Time": 510.497,
                                            "Actual Total Time": 2967.856,
                                            "Actual Rows": 2989962,
                                            "Actual Loops": 1
                                        },
                                        {
                                            "Worker Number": 2,
                                            "Actual Startup Time": 510.251,
                                            "Actual Total Time": 2972.708,
                                            "Actual Rows": 3577394,
                                            "Actual Loops": 1
                                        },
                                        {
                                            "Worker Number": 3,
                                            "Actual Startup Time": 510.451,
                                            "Actual Total Time": 2967.235,
                                            "Actual Rows": 2888393,
                                            "Actual Loops": 1
                                        },
                                        {
                                            "Worker Number": 4,
                                            "Actual Startup Time": 510.549,
                                            "Actual Total Time": 2965.417,
                                            "Actual Rows": 3287818,
                                            "Actual Loops": 1
                                        },
                                        {
                                            "Worker Number": 5,
                                            "Actual Startup Time": 510.338,
                                            "Actual Total Time": 2973.512,
                                            "Actual Rows": 3451521,
                                            "Actual Loops": 1
                                        }
                                    ],
                                    "Plans": [
                                        {
                                            "Node Type": "Seq Scan",
                                            "Parent Relationship": "Outer",
                                            "Parallel Aware": true,
                                            "Relation Name": "cast_info",
                                            "Schema": "public",
                                            "Alias": "ci",
                                            "Startup Cost": 0.0,
                                            "Total Cost": 313108.29,
                                            "Plan Rows": 6042129,
                                            "Plan Width": 4,
                                            "Actual Startup Time": 0.045,
                                            "Actual Total Time": 609.786,
                                            "Actual Rows": 5177763,
                                            "Actual Loops": 7,
                                            "Output": [
                                                "ci.id",
                                                "ci.person_id",
                                                "ci.movie_id",
                                                "ci.person_role_id",
                                                "ci.note",
                                                "ci.nr_order",
                                                "ci.role_id"
                                            ],
                                            "Workers": [
                                                {
                                                    "Worker Number": 0,
                                                    "Actual Startup Time": 0.038,
                                                    "Actual Total Time": 614.291,
                                                    "Actual Rows": 5481485,
                                                    "Actual Loops": 1
                                                },
                                                {
                                                    "Worker Number": 1,
                                                    "Actual Startup Time": 0.042,
                                                    "Actual Total Time": 632.811,
                                                    "Actual Rows": 4747028,
                                                    "Actual Loops": 1
                                                },
                                                {
                                                    "Worker Number": 2,
                                                    "Actual Startup Time": 0.045,
                                                    "Actual Total Time": 608.832,
                                                    "Actual Rows": 5535848,
                                                    "Actual Loops": 1
                                                },
                                                {
                                                    "Worker Number": 3,
                                                    "Actual Startup Time": 0.069,
                                                    "Actual Total Time": 642.984,
                                                    "Actual Rows": 4518520,
                                                    "Actual Loops": 1
                                                },
                                                {
                                                    "Worker Number": 4,
                                                    "Actual Startup Time": 0.043,
                                                    "Actual Total Time": 628.023,
                                                    "Actual Rows": 5043924,
                                                    "Actual Loops": 1
                                                },
                                                {
                                                    "Worker Number": 5,
                                                    "Actual Startup Time": 0.045,
                                                    "Actual Total Time": 612.703,
                                                    "Actual Rows": 5324248,
                                                    "Actual Loops": 1
                                                }
                                            ]
                                        },
                                        {
                                            "Node Type": "Hash",
                                            "Parent Relationship": "Inner",
                                            "Parallel Aware": true,
                                            "Startup Cost": 82413.12,
                                            "Total Cost": 82413.12,
                                            "Plan Rows": 285153,
                                            "Plan Width": 8,
                                            "Actual Startup Time": 516.942,
                                            "Actual Total Time": 517.317,
                                            "Actual Rows": 136811,
                                            "Actual Loops": 7,
                                            "Output": [
                                                "t.id",
                                                "mc.movie_id"
                                            ],
                                            "Hash Buckets": 2097152,
                                            "Original Hash Buckets": 2097152,
                                            "Hash Batches": 1,
                                            "Original Hash Batches": 1,
                                            "Peak Memory Usage": 53952,
                                            "Workers": [
                                                {
                                                    "Worker Number": 0,
                                                    "Actual Startup Time": 509.316,
                                                    "Actual Total Time": 509.319,
                                                    "Actual Rows": 141079,
                                                    "Actual Loops": 1
                                                },
                                                {
                                                    "Worker Number": 1,
                                                    "Actual Startup Time": 509.47,
                                                    "Actual Total Time": 509.473,
                                                    "Actual Rows": 138887,
                                                    "Actual Loops": 1
                                                },
                                                {
                                                    "Worker Number": 2,
                                                    "Actual Startup Time": 509.324,
                                                    "Actual Total Time": 509.327,
                                                    "Actual Rows": 138581,
                                                    "Actual Loops": 1
                                                },
                                                {
                                                    "Worker Number": 3,
                                                    "Actual Startup Time": 509.208,
                                                    "Actual Total Time": 509.21,
                                                    "Actual Rows": 122089,
                                                    "Actual Loops": 1
                                                },
                                                {
                                                    "Worker Number": 4,
                                                    "Actual Startup Time": 509.491,
                                                    "Actual Total Time": 509.495,
                                                    "Actual Rows": 140479,
                                                    "Actual Loops": 1
                                                },
                                                {
                                                    "Worker Number": 5,
                                                    "Actual Startup Time": 509.404,
                                                    "Actual Total Time": 509.406,
                                                    "Actual Rows": 137267,
                                                    "Actual Loops": 1
                                                }
                                            ],
                                            "Plans": [
                                                {
                                                    "Node Type": "Hash Join",
                                                    "Parent Relationship": "Outer",
                                                    "Parallel Aware": true,
                                                    "Join Type": "Inner",
                                                    "Startup Cost": 36014.07,
                                                    "Total Cost": 82413.12,
                                                    "Plan Rows": 285153,
                                                    "Plan Width": 8,
                                                    "Actual Startup Time": 165.31,
                                                    "Actual Total Time": 429.898,
                                                    "Actual Rows": 136811,
                                                    "Actual Loops": 7,
                                                    "Output": [
                                                        "t.id",
                                                        "mc.movie_id"
                                                    ],
                                                    "Inner Unique": false,
                                                    "Hash Cond": "(t.id = mc.movie_id)",
                                                    "Workers": [
                                                        {
                                                            "Worker Number": 0,
                                                            "Actual Startup Time": 157.917,
                                                            "Actual Total Time": 423.824,
                                                            "Actual Rows": 141079,
                                                            "Actual Loops": 1
                                                        },
                                                        {
                                                            "Worker Number": 1,
                                                            "Actual Startup Time": 157.704,
                                                            "Actual Total Time": 422.086,
                                                            "Actual Rows": 138887,
                                                            "Actual Loops": 1
                                                        },
                                                        {
                                                            "Worker Number": 2,
                                                            "Actual Startup Time": 157.621,
                                                            "Actual Total Time": 421.407,
                                                            "Actual Rows": 138581,
                                                            "Actual Loops": 1
                                                        },
                                                        {
                                                            "Worker Number": 3,
                                                            "Actual Startup Time": 157.427,
                                                            "Actual Total Time": 421.828,
                                                            "Actual Rows": 122089,
                                                            "Actual Loops": 1
                                                        },
                                                        {
                                                            "Worker Number": 4,
                                                            "Actual Startup Time": 157.979,
                                                            "Actual Total Time": 421.895,
                                                            "Actual Rows": 140479,
                                                            "Actual Loops": 1
                                                        },
                                                        {
                                                            "Worker Number": 5,
                                                            "Actual Startup Time": 157.684,
                                                            "Actual Total Time": 422.151,
                                                            "Actual Rows": 137267,
                                                            "Actual Loops": 1
                                                        }
                                                    ],
                                                    "Plans": [
                                                        {
                                                            "Node Type": "Seq Scan",
                                                            "Parent Relationship": "Outer",
                                                            "Parallel Aware": true,
                                                            "Relation Name": "title",
                                                            "Schema": "public",
                                                            "Alias": "t",
                                                            "Startup Cost": 0.0,
                                                            "Total Cost": 42318.81,
                                                            "Plan Rows": 632080,
                                                            "Plan Width": 4,
                                                            "Actual Startup Time": 0.025,
                                                            "Actual Total Time": 77.027,
                                                            "Actual Rows": 361187,
                                                            "Actual Loops": 7,
                                                            "Output": [
                                                                "t.id",
                                                                "t.title",
                                                                "t.imdb_index",
                                                                "t.kind_id",
                                                                "t.production_year",
                                                                "t.imdb_id",
                                                                "t.phonetic_code",
                                                                "t.episode_of_id",
                                                                "t.season_nr",
                                                                "t.episode_nr",
                                                                "t.series_years",
                                                                "t.md5sum"
                                                            ],
                                                            "Workers": [
                                                                {
                                                                    "Worker Number": 0,
                                                                    "Actual Startup Time": 0.025,
                                                                    "Actual Total Time": 80.522,
                                                                    "Actual Rows": 371315,
                                                                    "Actual Loops": 1
                                                                },
                                                                {
                                                                    "Worker Number": 1,
                                                                    "Actual Startup Time": 0.022,
                                                                    "Actual Total Time": 79.687,
                                                                    "Actual Rows": 367251,
                                                                    "Actual Loops": 1
                                                                },
                                                                {
                                                                    "Worker Number": 2,
                                                                    "Actual Startup Time": 0.019,
                                                                    "Actual Total Time": 79.343,
                                                                    "Actual Rows": 366573,
                                                                    "Actual Loops": 1
                                                                },
                                                                {
                                                                    "Worker Number": 3,
                                                                    "Actual Startup Time": 0.021,
                                                                    "Actual Total Time": 81.095,
                                                                    "Actual Rows": 318710,
                                                                    "Actual Loops": 1
                                                                },
                                                                {
                                                                    "Worker Number": 4,
                                                                    "Actual Startup Time": 0.053,
                                                                    "Actual Total Time": 79.966,
                                                                    "Actual Rows": 370386,
                                                                    "Actual Loops": 1
                                                                },
                                                                {
                                                                    "Worker Number": 5,
                                                                    "Actual Startup Time": 0.021,
                                                                    "Actual Total Time": 79.644,
                                                                    "Actual Rows": 361769,
                                                                    "Actual Loops": 1
                                                                }
                                                            ]
                                                        },
                                                        {
                                                            "Node Type": "Hash",
                                                            "Parent Relationship": "Inner",
                                                            "Parallel Aware": true,
                                                            "Startup Cost": 31414.82,
                                                            "Total Cost": 31414.82,
                                                            "Plan Rows": 367940,
                                                            "Plan Width": 4,
                                                            "Actual Startup Time": 162.189,
                                                            "Actual Total Time": 162.19,
                                                            "Actual Rows": 136811,
                                                            "Actual Loops": 7,
                                                            "Output": [
                                                                "mc.movie_id"
                                                            ],
                                                            "Hash Buckets": 2097152,
                                                            "Original Hash Buckets": 2097152,
                                                            "Hash Batches": 1,
                                                            "Original Hash Batches": 1,
                                                            "Peak Memory Usage": 53952,
                                                            "Workers": [
                                                                {
                                                                    "Worker Number": 0,
                                                                    "Actual Startup Time": 157.585,
                                                                    "Actual Total Time": 157.586,
                                                                    "Actual Rows": 141194,
                                                                    "Actual Loops": 1
                                                                },
                                                                {
                                                                    "Worker Number": 1,
                                                                    "Actual Startup Time": 157.543,
                                                                    "Actual Total Time": 157.544,
                                                                    "Actual Rows": 139814,
                                                                    "Actual Loops": 1
                                                                },
                                                                {
                                                                    "Worker Number": 2,
                                                                    "Actual Startup Time": 157.51,
                                                                    "Actual Total Time": 157.511,
                                                                    "Actual Rows": 135304,
                                                                    "Actual Loops": 1
                                                                },
                                                                {
                                                                    "Worker Number": 3,
                                                                    "Actual Startup Time": 157.163,
                                                                    "Actual Total Time": 157.164,
                                                                    "Actual Rows": 121704,
                                                                    "Actual Loops": 1
                                                                },
                                                                {
                                                                    "Worker Number": 4,
                                                                    "Actual Startup Time": 157.552,
                                                                    "Actual Total Time": 157.553,
                                                                    "Actual Rows": 142000,
                                                                    "Actual Loops": 1
                                                                },
                                                                {
                                                                    "Worker Number": 5,
                                                                    "Actual Startup Time": 157.549,
                                                                    "Actual Total Time": 157.55,
                                                                    "Actual Rows": 135078,
                                                                    "Actual Loops": 1
                                                                }
                                                            ],
                                                            "Plans": [
                                                                {
                                                                    "Node Type": "Seq Scan",
                                                                    "Parent Relationship": "Outer",
                                                                    "Parallel Aware": true,
                                                                    "Relation Name": "movie_companies",
                                                                    "Schema": "public",
                                                                    "Alias": "mc",
                                                                    "Startup Cost": 0.0,
                                                                    "Total Cost": 31414.82,
                                                                    "Plan Rows": 367940,
                                                                    "Plan Width": 4,
                                                                    "Actual Startup Time": 41.668,
                                                                    "Actual Total Time": 81.405,
                                                                    "Actual Rows": 136811,
                                                                    "Actual Loops": 7,
                                                                    "Output": [
                                                                        "mc.movie_id"
                                                                    ],
                                                                    "Filter": "((mc.company_id < 84725) AND (mc.company_type_id = 2))",
                                                                    "Rows Removed by Filter": 235922,
                                                                    "Workers": [
                                                                        {
                                                                            "Worker Number": 0,
                                                                            "Actual Startup Time": 37.031,
                                                                            "Actual Total Time": 78.246,
                                                                            "Actual Rows": 141194,
                                                                            "Actual Loops": 1
                                                                        },
                                                                        {
                                                                            "Worker Number": 1,
                                                                            "Actual Startup Time": 37.039,
                                                                            "Actual Total Time": 77.653,
                                                                            "Actual Rows": 139814,
                                                                            "Actual Loops": 1
                                                                        },
                                                                        {
                                                                            "Worker Number": 2,
                                                                            "Actual Startup Time": 36.91,
                                                                            "Actual Total Time": 76.814,
                                                                            "Actual Rows": 135304,
                                                                            "Actual Loops": 1
                                                                        },
                                                                        {
                                                                            "Worker Number": 3,
                                                                            "Actual Startup Time": 36.734,
                                                                            "Actual Total Time": 76.657,
                                                                            "Actual Rows": 121704,
                                                                            "Actual Loops": 1
                                                                        },
                                                                        {
                                                                            "Worker Number": 4,
                                                                            "Actual Startup Time": 37.087,
                                                                            "Actual Total Time": 78.343,
                                                                            "Actual Rows": 142000,
                                                                            "Actual Loops": 1
                                                                        },
                                                                        {
                                                                            "Worker Number": 5,
                                                                            "Actual Startup Time": 36.986,
                                                                            "Actual Total Time": 77.133,
                                                                            "Actual Rows": 135078,
                                                                            "Actual Loops": 1
                                                                        }
                                                                    ]
                                                                }
                                                            ]
                                                        }
                                                    ]
                                                }
                                            ]
                                        }
                                    ]
                                }
                            ]
                        }
                    ]
                }
            ]
        },
        "Planning Time": 4723.625,
        "Triggers": [],
        "Execution Time": 3299.543
    }
]