{
  "Plan": {
    "Node Type": "Aggregate",
    "Strategy": "Plain",
    "Partial Mode": "Finalize",
    "Parallel Aware": false,
    "Startup Cost": 104362.2,
    "Total Cost": 104362.21,
    "Plan Rows": 1,
    "Plan Width": 8,
    "Actual Startup Time": 57.993,
    "Actual Total Time": 63.619,
    "Actual Rows": 1,
    "Actual Loops": 1,
    "Plans": [
      {
        "Node Type": "Gather",
        "Parent Relationship": "Outer",
        "Parallel Aware": false,
        "Startup Cost": 104362.09,
        "Total Cost": 104362.2,
        "Plan Rows": 1,
        "Plan Width": 8,
        "Actual Startup Time": 57.826,
        "Actual Total Time": 63.613,
        "Actual Rows": 2,
        "Actual Loops": 1,
        "Workers Planned": 1,
        "Workers Launched": 1,
        "Single Copy": false,
        "Plans": [
          {
            "Node Type": "Aggregate",
            "Strategy": "Plain",
            "Partial Mode": "Partial",
            "Parent Relationship": "Outer",
            "Parallel Aware": false,
            "Startup Cost": 103362.09,
            "Total Cost": 103362.1,
            "Plan Rows": 1,
            "Plan Width": 8,
            "Actual Startup Time": 51.917,
            "Actual Total Time": 51.919,
            "Actual Rows": 1,
            "Actual Loops": 2,
            "Plans": [
              {
                "Node Type": "Nested Loop",
                "Parent Relationship": "Outer",
                "Parallel Aware": false,
                "Join Type": "Inner",
                "Startup Cost": 2181.55,
                "Total Cost": 103356.97,
                "Plan Rows": 2049,
                "Plan Width": 0,
                "Actual Startup Time": 37.5,
                "Actual Total Time": 51.912,
                "Actual Rows": 8,
                "Actual Loops": 2,
                "Inner Unique": false,
                "Plans": [
                  {
                    "Node Type": "Bitmap Heap Scan",
                    "Parent Relationship": "Outer",
                    "Parallel Aware": true,
                    "Relation Name": "title",
                    "Alias": "t",
                    "Startup Cost": 2181.11,
                    "Total Cost": 39257.35,
                    "Plan Rows": 407,
                    "Plan Width": 4,
                    "Actual Startup Time": 37.484,
                    "Actual Total Time": 51.851,
                    "Actual Rows": 2,
                    "Actual Loops": 2,
                    "Recheck Cond": "(kind_id = 4)",
                    "Rows Removed by Index Recheck": 0,
                    "Filter": "(production_year = 1970)",
                    "Rows Removed by Filter": 59116,
                    "Exact Heap Blocks": 11302,
                    "Lossy Heap Blocks": 0,
                    "Plans": [
                      {
                        "Node Type": "Bitmap Index Scan",
                        "Parent Relationship": "Outer",
                        "Parallel Aware": false,
                        "Index Name": "kind_id_title",
                        "Startup Cost": 0.0,
                        "Total Cost": 2180.94,
                        "Plan Rows": 122201,
                        "Plan Width": 0,
                        "Actual Startup Time": 16.976,
                        "Actual Total Time": 16.976,
                        "Actual Rows": 118234,
                        "Actual Loops": 1,
                        "Index Cond": "(kind_id = 4)"
                      }
                    ]
                  },
                  {
                    "Node Type": "Index Scan",
                    "Parent Relationship": "Inner",
                    "Parallel Aware": false,
                    "Scan Direction": "Forward",
                    "Index Name": "movie_id_movie_info",
                    "Relation Name": "movie_info",
                    "Alias": "mi",
                    "Startup Cost": 0.43,
                    "Total Cost": 157.13,
                    "Plan Rows": 36,
                    "Plan Width": 4,
                    "Actual Startup Time": 0.02,
                    "Actual Total Time": 0.036,
                    "Actual Rows": 5,
                    "Actual Loops": 3,
                    "Index Cond": "(movie_id = t.id)",
                    "Rows Removed by Index Recheck": 0,
                    "Filter": "(info_type_id > 2)",
                    "Rows Removed by Filter": 2
                  }
                ]
              }
            ]
          }
        ]
      }
    ]
  },
  "Planning Time": 0.503,
  "Triggers": [],
  "Execution Time": 63.716
}