[
    {
        "Bao": {
            "Bao prediction": "NaN",
            "Bao recommended hint": "(no hint)"
        }
    },
    {
        "Plan": {
            "Node Type": "Aggregate",
            "Strategy": "Plain",
            "Partial Mode": "Finalize",
            "Parallel Aware": false,
            "Startup Cost": 398685.12,
            "Total Cost": 398685.13,
            "Plan Rows": 1,
            "Plan Width": 8,
            "Actual Startup Time": 1121.876,
            "Actual Total Time": 1155.65,
            "Actual Rows": 1,
            "Actual Loops": 1,
            "Output": [
                "count(*)"
            ],
            "Plans": [
                {
                    "Node Type": "Gather",
                    "Parent Relationship": "Outer",
                    "Parallel Aware": false,
                    "Startup Cost": 398684.49,
                    "Total Cost": 398685.1,
                    "Plan Rows": 6,
                    "Plan Width": 8,
                    "Actual Startup Time": 1093.954,
                    "Actual Total Time": 1155.637,
                    "Actual Rows": 7,
                    "Actual Loops": 1,
                    "Output": [
                        "(PARTIAL count(*))"
                    ],
                    "Workers Planned": 6,
                    "Workers Launched": 6,
                    "Single Copy": false,
                    "Plans": [
                        {
                            "Node Type": "Aggregate",
                            "Strategy": "Plain",
                            "Partial Mode": "Partial",
                            "Parent Relationship": "Outer",
                            "Parallel Aware": false,
                            "Startup Cost": 397684.49,
                            "Total Cost": 397684.5,
                            "Plan Rows": 1,
                            "Plan Width": 8,
                            "Actual Startup Time": 1078.455,
                            "Actual Total Time": 1078.458,
                            "Actual Rows": 1,
                            "Actual Loops": 7,
                            "Output": [
                                "PARTIAL count(*)"
                            ],
                            "Workers": [
                                {
                                    "Worker Number": 0,
                                    "Actual Startup Time": 1075.595,
                                    "Actual Total Time": 1075.599,
                                    "Actual Rows": 1,
                                    "Actual Loops": 1
                                },
                                {
                                    "Worker Number": 1,
                                    "Actual Startup Time": 1075.596,
                                    "Actual Total Time": 1075.598,
                                    "Actual Rows": 1,
                                    "Actual Loops": 1
                                },
                                {
                                    "Worker Number": 2,
                                    "Actual Startup Time": 1075.691,
                                    "Actual Total Time": 1075.693,
                                    "Actual Rows": 1,
                                    "Actual Loops": 1
                                },
                                {
                                    "Worker Number": 3,
                                    "Actual Startup Time": 1077.132,
                                    "Actual Total Time": 1077.134,
                                    "Actual Rows": 1,
                                    "Actual Loops": 1
                                },
                                {
                                    "Worker Number": 4,
                                    "Actual Startup Time": 1075.911,
                                    "Actual Total Time": 1075.914,
                                    "Actual Rows": 1,
                                    "Actual Loops": 1
                                },
                                {
                                    "Worker Number": 5,
                                    "Actual Startup Time": 1075.886,
                                    "Actual Total Time": 1075.888,
                                    "Actual Rows": 1,
                                    "Actual Loops": 1
                                }
                            ],
                            "Plans": [
                                {
                                    "Node Type": "Hash Join",
                                    "Parent Relationship": "Outer",
                                    "Parallel Aware": true,
                                    "Join Type": "Inner",
                                    "Startup Cost": 50219.81,
                                    "Total Cost": 395662.18,
                                    "Plan Rows": 808926,
                                    "Plan Width": 0,
                                    "Actual Startup Time": 569.708,
                                    "Actual Total Time": 1054.582,
                                    "Actual Rows": 439950,
                                    "Actual Loops": 7,
                                    "Inner Unique": true,
                                    "Hash Cond": "(ci.movie_id = t.id)",
                                    "Workers": [
                                        {
                                            "Worker Number": 0,
                                            "Actual Startup Time": 567.063,
                                            "Actual Total Time": 1049.477,
                                            "Actual Rows": 354541,
                                            "Actual Loops": 1
                                        },
                                        {
                                            "Worker Number": 1,
                                            "Actual Startup Time": 567.04,
                                            "Actual Total Time": 1049.19,
                                            "Actual Rows": 359214,
                                            "Actual Loops": 1
                                        },
                                        {
                                            "Worker Number": 2,
                                            "Actual Startup Time": 567.141,
                                            "Actual Total Time": 1049.263,
                                            "Actual Rows": 359461,
                                            "Actual Loops": 1
                                        },
                                        {
                                            "Worker Number": 3,
                                            "Actual Startup Time": 567.222,
                                            "Actual Total Time": 1054.719,
                                            "Actual Rows": 483653,
                                            "Actual Loops": 1
                                        },
                                        {
                                            "Worker Number": 4,
                                            "Actual Startup Time": 567.351,
                                            "Actual Total Time": 1053.832,
                                            "Actual Rows": 486509,
                                            "Actual Loops": 1
                                        },
                                        {
                                            "Worker Number": 5,
                                            "Actual Startup Time": 567.323,
                                            "Actual Total Time": 1053.132,
                                            "Actual Rows": 491533,
                                            "Actual Loops": 1
                                        }
                                    ],
                                    "Plans": [
                                        {
                                            "Node Type": "Seq Scan",
                                            "Parent Relationship": "Outer",
                                            "Parallel Aware": true,
                                            "Relation Name": "cast_info",
                                            "Schema": "public",
                                            "Alias": "ci",
                                            "Startup Cost": 0.0,
                                            "Total Cost": 343318.94,
                                            "Plan Rows": 808926,
                                            "Plan Width": 4,
                                            "Actual Startup Time": 324.718,
                                            "Actual Total Time": 594.017,
                                            "Actual Rows": 439950,
                                            "Actual Loops": 7,
                                            "Output": [
                                                "ci.id",
                                                "ci.person_id",
                                                "ci.movie_id",
                                                "ci.person_role_id",
                                                "ci.note",
                                                "ci.nr_order",
                                                "ci.role_id"
                                            ],
                                            "Filter": "((ci.person_id < 1082060) AND (ci.role_id > 2))",
                                            "Rows Removed by Filter": 4737813,
                                            "Workers": [
                                                {
                                                    "Worker Number": 0,
                                                    "Actual Startup Time": 324.683,
                                                    "Actual Total Time": 605.681,
                                                    "Actual Rows": 354541,
                                                    "Actual Loops": 1
                                                },
                                                {
                                                    "Worker Number": 1,
                                                    "Actual Startup Time": 324.733,
                                                    "Actual Total Time": 606.288,
                                                    "Actual Rows": 359214,
                                                    "Actual Loops": 1
                                                },
                                                {
                                                    "Worker Number": 2,
                                                    "Actual Startup Time": 324.73,
                                                    "Actual Total Time": 602.622,
                                                    "Actual Rows": 359461,
                                                    "Actual Loops": 1
                                                },
                                                {
                                                    "Worker Number": 3,
                                                    "Actual Startup Time": 324.655,
                                                    "Actual Total Time": 587.018,
                                                    "Actual Rows": 483653,
                                                    "Actual Loops": 1
                                                },
                                                {
                                                    "Worker Number": 4,
                                                    "Actual Startup Time": 324.723,
                                                    "Actual Total Time": 591.202,
                                                    "Actual Rows": 486509,
                                                    "Actual Loops": 1
                                                },
                                                {
                                                    "Worker Number": 5,
                                                    "Actual Startup Time": 324.754,
                                                    "Actual Total Time": 587.637,
                                                    "Actual Rows": 491533,
                                                    "Actual Loops": 1
                                                }
                                            ]
                                        },
                                        {
                                            "Node Type": "Hash",
                                            "Parent Relationship": "Inner",
                                            "Parallel Aware": true,
                                            "Startup Cost": 42318.81,
                                            "Total Cost": 42318.81,
                                            "Plan Rows": 632080,
                                            "Plan Width": 4,
                                            "Actual Startup Time": 239.807,
                                            "Actual Total Time": 239.808,
                                            "Actual Rows": 361187,
                                            "Actual Loops": 7,
                                            "Output": [
                                                "t.id"
                                            ],
                                            "Hash Buckets": 4194304,
                                            "Original Hash Buckets": 4194304,
                                            "Hash Batches": 1,
                                            "Original Hash Batches": 1,
                                            "Peak Memory Usage": 131840,
                                            "Workers": [
                                                {
                                                    "Worker Number": 0,
                                                    "Actual Startup Time": 241.38,
                                                    "Actual Total Time": 241.382,
                                                    "Actual Rows": 293010,
                                                    "Actual Loops": 1
                                                },
                                                {
                                                    "Worker Number": 1,
                                                    "Actual Startup Time": 241.449,
                                                    "Actual Total Time": 241.45,
                                                    "Actual Rows": 295324,
                                                    "Actual Loops": 1
                                                },
                                                {
                                                    "Worker Number": 2,
                                                    "Actual Startup Time": 241.677,
                                                    "Actual Total Time": 241.678,
                                                    "Actual Rows": 285665,
                                                    "Actual Loops": 1
                                                },
                                                {
                                                    "Worker Number": 3,
                                                    "Actual Startup Time": 241.697,
                                                    "Actual Total Time": 241.697,
                                                    "Actual Rows": 368950,
                                                    "Actual Loops": 1
                                                },
                                                {
                                                    "Worker Number": 4,
                                                    "Actual Startup Time": 241.859,
                                                    "Actual Total Time": 241.86,
                                                    "Actual Rows": 382021,
                                                    "Actual Loops": 1
                                                },
                                                {
                                                    "Worker Number": 5,
                                                    "Actual Startup Time": 241.823,
                                                    "Actual Total Time": 241.824,
                                                    "Actual Rows": 369573,
                                                    "Actual Loops": 1
                                                }
                                            ],
                                            "Plans": [
                                                {
                                                    "Node Type": "Seq Scan",
                                                    "Parent Relationship": "Outer",
                                                    "Parallel Aware": true,
                                                    "Relation Name": "title",
                                                    "Schema": "public",
                                                    "Alias": "t",
                                                    "Startup Cost": 0.0,
                                                    "Total Cost": 42318.81,
                                                    "Plan Rows": 632080,
                                                    "Plan Width": 4,
                                                    "Actual Startup Time": 0.039,
                                                    "Actual Total Time": 69.876,
                                                    "Actual Rows": 361187,
                                                    "Actual Loops": 7,
                                                    "Output": [
                                                        "t.id"
                                                    ],
                                                    "Workers": [
                                                        {
                                                            "Worker Number": 0,
                                                            "Actual Startup Time": 0.059,
                                                            "Actual Total Time": 75.849,
                                                            "Actual Rows": 293010,
                                                            "Actual Loops": 1
                                                        },
                                                        {
                                                            "Worker Number": 1,
                                                            "Actual Startup Time": 0.023,
                                                            "Actual Total Time": 76.458,
                                                            "Actual Rows": 295324,
                                                            "Actual Loops": 1
                                                        },
                                                        {
                                                            "Worker Number": 2,
                                                            "Actual Startup Time": 0.049,
                                                            "Actual Total Time": 73.483,
                                                            "Actual Rows": 285665,
                                                            "Actual Loops": 1
                                                        },
                                                        {
                                                            "Worker Number": 3,
                                                            "Actual Startup Time": 0.049,
                                                            "Actual Total Time": 67.968,
                                                            "Actual Rows": 368950,
                                                            "Actual Loops": 1
                                                        },
                                                        {
                                                            "Worker Number": 4,
                                                            "Actual Startup Time": 0.04,
                                                            "Actual Total Time": 70.815,
                                                            "Actual Rows": 382021,
                                                            "Actual Loops": 1
                                                        },
                                                        {
                                                            "Worker Number": 5,
                                                            "Actual Startup Time": 0.041,
                                                            "Actual Total Time": 67.957,
                                                            "Actual Rows": 369573,
                                                            "Actual Loops": 1
                                                        }
                                                    ]
                                                }
                                            ]
                                        }
                                    ]
                                }
                            ]
                        }
                    ]
                }
            ]
        },
        "Planning Time": 215.056,
        "Triggers": [],
        "Execution Time": 1155.759
    }
]