[
  {
    "Plan": {
      "Node Type": "Aggregate",
      "Strategy": "Plain",
      "Partial Mode": "Finalize",
      "Parallel Aware": false,
      "Startup Cost": 32976.34,
      "Total Cost": 32976.35,
      "Plan Rows": 1,
      "Plan Width": 8,
      "Actual Startup Time": 101.669,
      "Actual Total Time": 109.419,
      "Actual Rows": 1,
      "Actual Loops": 1,
      "Plans": [
        {
          "Node Type": "Gather",
          "Parent Relationship": "Outer",
          "Parallel Aware": false,
          "Startup Cost": 32976.02,
          "Total Cost": 32976.33,
          "Plan Rows": 3,
          "Plan Width": 8,
          "Actual Startup Time": 101.575,
          "Actual Total Time": 109.41,
          "Actual Rows": 4,
          "Actual Loops": 1,
          "Workers Planned": 3,
          "Workers Launched": 3,
          "Single Copy": false,
          "Plans": [
            {
              "Node Type": "Aggregate",
              "Strategy": "Plain",
              "Partial Mode": "Partial",
              "Parent Relationship": "Outer",
              "Parallel Aware": false,
              "Startup Cost": 31976.02,
              "Total Cost": 31976.03,
              "Plan Rows": 1,
              "Plan Width": 8,
              "Actual Startup Time": 93.399,
              "Actual Total Time": 93.4,
              "Actual Rows": 1,
              "Actual Loops": 4,
              "Plans": [
                {
                  "Node Type": "Seq Scan",
                  "Parent Relationship": "Outer",
                  "Parallel Aware": true,
                  "Relation Name": "movie_companies",
                  "Alias": "mc",
                  "Startup Cost": 0.0,
                  "Total Cost": 31414.82,
                  "Plan Rows": 224482,
                  "Plan Width": 0,
                  "Actual Startup Time": 0.045,
                  "Actual Total Time": 78.936,
                  "Actual Rows": 239587,
                  "Actual Loops": 4,
                  "Filter": "((company_id < 12363) AND (company_type_id < 2))",
                  "Rows Removed by Filter": 412695
                }
              ]
            }
          ]
        }
      ]
    },
    "Planning Time": 0.195,
    "Triggers": [],
    "Execution Time": 109.471
  }
]