[
  {
    "Plan": {
      "Node Type": "Aggregate",
      "Strategy": "Plain",
      "Partial Mode": "Finalize",
      "Parallel Aware": false,
      "Startup Cost": 69913.7,
      "Total Cost": 69913.71,
      "Plan Rows": 1,
      "Plan Width": 8,
      "Actual Startup Time": 161.987,
      "Actual Total Time": 172.666,
      "Actual Rows": 1,
      "Actual Loops": 1,
      "Plans": [
        {
          "Node Type": "Gather",
          "Parent Relationship": "Outer",
          "Parallel Aware": false,
          "Startup Cost": 69913.38,
          "Total Cost": 69913.69,
          "Plan Rows": 3,
          "Plan Width": 8,
          "Actual Startup Time": 161.201,
          "Actual Total Time": 172.656,
          "Actual Rows": 4,
          "Actual Loops": 1,
          "Workers Planned": 3,
          "Workers Launched": 3,
          "Single Copy": false,
          "Plans": [
            {
              "Node Type": "Aggregate",
              "Strategy": "Plain",
              "Partial Mode": "Partial",
              "Parent Relationship": "Outer",
              "Parallel Aware": false,
              "Startup Cost": 68913.38,
              "Total Cost": 68913.39,
              "Plan Rows": 1,
              "Plan Width": 8,
              "Actual Startup Time": 152.027,
              "Actual Total Time": 152.031,
              "Actual Rows": 1,
              "Actual Loops": 4,
              "Plans": [
                {
                  "Node Type": "Hash Join",
                  "Parent Relationship": "Outer",
                  "Parallel Aware": true,
                  "Join Type": "Inner",
                  "Startup Cost": 38927.33,
                  "Total Cost": 68892.2,
                  "Plan Rows": 8474,
                  "Plan Width": 0,
                  "Actual Startup Time": 89.664,
                  "Actual Total Time": 151.839,
                  "Actual Rows": 3098,
                  "Actual Loops": 4,
                  "Inner Unique": true,
                  "Hash Cond": "(mc.movie_id = t.id)",
                  "Plans": [
                    {
                      "Node Type": "Seq Scan",
                      "Parent Relationship": "Outer",
                      "Parallel Aware": true,
                      "Relation Name": "movie_companies",
                      "Alias": "mc",
                      "Startup Cost": 0.0,
                      "Total Cost": 29310.68,
                      "Plan Rows": 249212,
                      "Plan Width": 4,
                      "Actual Startup Time": 0.016,
                      "Actual Total Time": 60.468,
                      "Actual Rows": 191022,
                      "Actual Loops": 4,
                      "Filter": "(company_id < 1583)",
                      "Rows Removed by Filter": 461260
                    },
                    {
                      "Node Type": "Hash",
                      "Parent Relationship": "Inner",
                      "Parallel Aware": true,
                      "Startup Cost": 38658.68,
                      "Total Cost": 38658.68,
                      "Plan Rows": 21492,
                      "Plan Width": 4,
                      "Actual Startup Time": 63.918,
                      "Actual Total Time": 63.919,
                      "Actual Rows": 28238,
                      "Actual Loops": 4,
                      "Hash Buckets": 131072,
                      "Original Hash Buckets": 131072,
                      "Hash Batches": 1,
                      "Original Hash Batches": 1,
                      "Peak Memory Usage": 5472,
                      "Plans": [
                        {
                          "Node Type": "Bitmap Heap Scan",
                          "Parent Relationship": "Outer",
                          "Parallel Aware": true,
                          "Relation Name": "title",
                          "Alias": "t",
                          "Startup Cost": 2202.43,
                          "Total Cost": 38658.68,
                          "Plan Rows": 21492,
                          "Plan Width": 4,
                          "Actual Startup Time": 15.889,
                          "Actual Total Time": 53.045,
                          "Actual Rows": 28238,
                          "Actual Loops": 4,
                          "Recheck Cond": "(kind_id = 4)",
                          "Rows Removed by Index Recheck": 0,
                          "Filter": "(production_year > 1989)",
                          "Rows Removed by Filter": 1320,
                          "Exact Heap Blocks": 6770,
                          "Lossy Heap Blocks": 0,
                          "Plans": [
                            {
                              "Node Type": "Bitmap Index Scan",
                              "Parent Relationship": "Outer",
                              "Parallel Aware": false,
                              "Index Name": "kind_id_title",
                              "Startup Cost": 0.0,
                              "Total Cost": 2180.94,
                              "Plan Rows": 122201,
                              "Plan Width": 0,
                              "Actual Startup Time": 15.684,
                              "Actual Total Time": 15.684,
                              "Actual Rows": 118234,
                              "Actual Loops": 1,
                              "Index Cond": "(kind_id = 4)"
                            }
                          ]
                        }
                      ]
                    }
                  ]
                }
              ]
            }
          ]
        }
      ]
    },
    "Planning Time": 0.667,
    "Triggers": [],
    "Execution Time": 172.758
  }
]