[
  {
    "Plan": {
      "Node Type": "Aggregate",
      "Strategy": "Plain",
      "Partial Mode": "Finalize",
      "Parallel Aware": false,
      "Startup Cost": 46080.65,
      "Total Cost": 46080.66,
      "Plan Rows": 1,
      "Plan Width": 8,
      "Actual Startup Time": 157.76,
      "Actual Total Time": 167.752,
      "Actual Rows": 1,
      "Actual Loops": 1,
      "Plans": [
        {
          "Node Type": "Gather",
          "Parent Relationship": "Outer",
          "Parallel Aware": false,
          "Startup Cost": 46080.33,
          "Total Cost": 46080.64,
          "Plan Rows": 3,
          "Plan Width": 8,
          "Actual Startup Time": 157.641,
          "Actual Total Time": 167.742,
          "Actual Rows": 4,
          "Actual Loops": 1,
          "Workers Planned": 3,
          "Workers Launched": 3,
          "Single Copy": false,
          "Plans": [
            {
              "Node Type": "Aggregate",
              "Strategy": "Plain",
              "Partial Mode": "Partial",
              "Parent Relationship": "Outer",
              "Parallel Aware": false,
              "Startup Cost": 45080.33,
              "Total Cost": 45080.34,
              "Plan Rows": 1,
              "Plan Width": 8,
              "Actual Startup Time": 153.25,
              "Actual Total Time": 153.251,
              "Actual Rows": 1,
              "Actual Loops": 4,
              "Plans": [
                {
                  "Node Type": "Seq Scan",
                  "Parent Relationship": "Outer",
                  "Parallel Aware": true,
                  "Relation Name": "movie_keyword",
                  "Alias": "mk",
                  "Startup Cost": 0.0,
                  "Total Cost": 42695.65,
                  "Plan Rows": 953872,
                  "Plan Width": 0,
                  "Actual Startup Time": 0.037,
                  "Actual Total Time": 119.62,
                  "Actual Rows": 737246,
                  "Actual Loops": 4,
                  "Filter": "(keyword_id < 9923)",
                  "Rows Removed by Filter": 393736
                }
              ]
            }
          ]
        }
      ]
    },
    "Planning Time": 0.096,
    "Triggers": [],
    "Execution Time": 167.787
  }
]