{
  "Plan": {
    "Node Type": "Aggregate",
    "Strategy": "Plain",
    "Partial Mode": "Finalize",
    "Parallel Aware": false,
    "Startup Cost": 77538.83,
    "Total Cost": 77538.84,
    "Plan Rows": 1,
    "Plan Width": 8,
    "Actual Startup Time": 279.128,
    "Actual Total Time": 294.387,
    "Actual Rows": 1,
    "Actual Loops": 1,
    "Plans": [
      {
        "Node Type": "Gather",
        "Parent Relationship": "Outer",
        "Parallel Aware": false,
        "Startup Cost": 77538.71,
        "Total Cost": 77538.82,
        "Plan Rows": 1,
        "Plan Width": 8,
        "Actual Startup Time": 278.886,
        "Actual Total Time": 294.377,
        "Actual Rows": 2,
        "Actual Loops": 1,
        "Workers Planned": 1,
        "Workers Launched": 1,
        "Single Copy": false,
        "Plans": [
          {
            "Node Type": "Aggregate",
            "Strategy": "Plain",
            "Partial Mode": "Partial",
            "Parent Relationship": "Outer",
            "Parallel Aware": false,
            "Startup Cost": 76538.71,
            "Total Cost": 76538.72,
            "Plan Rows": 1,
            "Plan Width": 8,
            "Actual Startup Time": 273.073,
            "Actual Total Time": 273.076,
            "Actual Rows": 1,
            "Actual Loops": 2,
            "Plans": [
              {
                "Node Type": "Hash Join",
                "Parent Relationship": "Outer",
                "Parallel Aware": true,
                "Join Type": "Inner",
                "Startup Cost": 58350.16,
                "Total Cost": 76533.94,
                "Plan Rows": 1908,
                "Plan Width": 0,
                "Actual Startup Time": 159.09,
                "Actual Total Time": 273.003,
                "Actual Rows": 1208,
                "Actual Loops": 2,
                "Inner Unique": true,
                "Hash Cond": "(mi_idx.movie_id = t.id)",
                "Plans": [
                  {
                    "Node Type": "Seq Scan",
                    "Parent Relationship": "Outer",
                    "Parallel Aware": true,
                    "Relation Name": "movie_info_idx",
                    "Alias": "mi_idx",
                    "Startup Cost": 0.0,
                    "Total Cost": 16052.85,
                    "Plan Rows": 811785,
                    "Plan Width": 4,
                    "Actual Startup Time": 0.029,
                    "Actual Total Time": 56.84,
                    "Actual Rows": 690018,
                    "Actual Loops": 2
                  },
                  {
                    "Node Type": "Hash",
                    "Parent Relationship": "Inner",
                    "Parallel Aware": true,
                    "Startup Cost": 58306.47,
                    "Total Cost": 58306.47,
                    "Plan Rows": 3495,
                    "Plan Width": 4,
                    "Actual Startup Time": 156.642,
                    "Actual Total Time": 156.643,
                    "Actual Rows": 3341,
                    "Actual Loops": 2,
                    "Hash Buckets": 8192,
                    "Original Hash Buckets": 8192,
                    "Hash Batches": 1,
                    "Original Hash Batches": 1,
                    "Peak Memory Usage": 352,
                    "Plans": [
                      {
                        "Node Type": "Seq Scan",
                        "Parent Relationship": "Outer",
                        "Parallel Aware": true,
                        "Relation Name": "title",
                        "Alias": "t",
                        "Startup Cost": 0.0,
                        "Total Cost": 58306.47,
                        "Plan Rows": 3495,
                        "Plan Width": 4,
                        "Actual Startup Time": 0.122,
                        "Actual Total Time": 155.087,
                        "Actual Rows": 3341,
                        "Actual Loops": 2,
                        "Filter": "((kind_id > 4) AND (production_year = 1959))",
                        "Rows Removed by Filter": 1260815
                      }
                    ]
                  }
                ]
              }
            ]
          }
        ]
      }
    ]
  },
  "Planning Time": 0.434,
  "Triggers": [],
  "Execution Time": 294.459
}