[
  {
    "Plan": {
      "Node Type": "Aggregate",
      "Strategy": "Plain",
      "Partial Mode": "Finalize",
      "Parallel Aware": false,
      "Startup Cost": 30311.14,
      "Total Cost": 30311.15,
      "Plan Rows": 1,
      "Plan Width": 8,
      "Actual Startup Time": 89.878,
      "Actual Total Time": 94.129,
      "Actual Rows": 1,
      "Actual Loops": 1,
      "Plans": [
        {
          "Node Type": "Gather",
          "Parent Relationship": "Outer",
          "Parallel Aware": false,
          "Startup Cost": 30310.82,
          "Total Cost": 30311.13,
          "Plan Rows": 3,
          "Plan Width": 8,
          "Actual Startup Time": 89.697,
          "Actual Total Time": 94.12,
          "Actual Rows": 4,
          "Actual Loops": 1,
          "Workers Planned": 3,
          "Workers Launched": 3,
          "Single Copy": false,
          "Plans": [
            {
              "Node Type": "Aggregate",
              "Strategy": "Plain",
              "Partial Mode": "Partial",
              "Parent Relationship": "Outer",
              "Parallel Aware": false,
              "Startup Cost": 29310.82,
              "Total Cost": 29310.83,
              "Plan Rows": 1,
              "Plan Width": 8,
              "Actual Startup Time": 81.912,
              "Actual Total Time": 81.914,
              "Actual Rows": 1,
              "Actual Loops": 4,
              "Plans": [
                {
                  "Node Type": "Bitmap Heap Scan",
                  "Parent Relationship": "Outer",
                  "Parallel Aware": true,
                  "Relation Name": "movie_companies",
                  "Alias": "mc",
                  "Startup Cost": 8459.24,
                  "Total Cost": 29149.01,
                  "Plan Rows": 64727,
                  "Plan Width": 0,
                  "Actual Startup Time": 35.427,
                  "Actual Total Time": 75.289,
                  "Actual Rows": 97993,
                  "Actual Loops": 4,
                  "Recheck Cond": "(company_id > 83089)",
                  "Rows Removed by Index Recheck": 0,
                  "Filter": "(company_type_id > 1)",
                  "Rows Removed by Filter": 0,
                  "Exact Heap Blocks": 3300,
                  "Lossy Heap Blocks": 0,
                  "Plans": [
                    {
                      "Node Type": "Bitmap Index Scan",
                      "Parent Relationship": "Outer",
                      "Parallel Aware": false,
                      "Index Name": "company_id_movie_companies",
                      "Startup Cost": 0.0,
                      "Total Cost": 8409.07,
                      "Plan Rows": 392619,
                      "Plan Width": 0,
                      "Actual Startup Time": 41.262,
                      "Actual Total Time": 41.262,
                      "Actual Rows": 391972,
                      "Actual Loops": 1,
                      "Index Cond": "(company_id > 83089)"
                    }
                  ]
                }
              ]
            }
          ]
        }
      ]
    },
    "Planning Time": 0.231,
    "Triggers": [],
    "Execution Time": 94.209
  }
]