{
  "Plan": {
    "Node Type": "Aggregate",
    "Strategy": "Plain",
    "Partial Mode": "Finalize",
    "Parallel Aware": false,
    "Startup Cost": 137574.35,
    "Total Cost": 137574.36,
    "Plan Rows": 1,
    "Plan Width": 8,
    "Actual Startup Time": 1005.148,
    "Actual Total Time": 1021.185,
    "Actual Rows": 1,
    "Actual Loops": 1,
    "Plans": [
      {
        "Node Type": "Gather",
        "Parent Relationship": "Outer",
        "Parallel Aware": false,
        "Startup Cost": 137574.24,
        "Total Cost": 137574.35,
        "Plan Rows": 1,
        "Plan Width": 8,
        "Actual Startup Time": 1000.07,
        "Actual Total Time": 1021.175,
        "Actual Rows": 2,
        "Actual Loops": 1,
        "Workers Planned": 1,
        "Workers Launched": 1,
        "Single Copy": false,
        "Plans": [
          {
            "Node Type": "Aggregate",
            "Strategy": "Plain",
            "Partial Mode": "Partial",
            "Parent Relationship": "Outer",
            "Parallel Aware": false,
            "Startup Cost": 136574.24,
            "Total Cost": 136574.25,
            "Plan Rows": 1,
            "Plan Width": 8,
            "Actual Startup Time": 993.055,
            "Actual Total Time": 993.059,
            "Actual Rows": 1,
            "Actual Loops": 2,
            "Plans": [
              {
                "Node Type": "Hash Join",
                "Parent Relationship": "Outer",
                "Parallel Aware": true,
                "Join Type": "Inner",
                "Startup Cost": 68301.9,
                "Total Cost": 132219.16,
                "Plan Rows": 1742032,
                "Plan Width": 0,
                "Actual Startup Time": 464.565,
                "Actual Total Time": 958.831,
                "Actual Rows": 704633,
                "Actual Loops": 2,
                "Inner Unique": true,
                "Hash Cond": "(mk.movie_id = t.id)",
                "Plans": [
                  {
                    "Node Type": "Seq Scan",
                    "Parent Relationship": "Outer",
                    "Parallel Aware": true,
                    "Relation Name": "movie_keyword",
                    "Alias": "mk",
                    "Startup Cost": 0.0,
                    "Total Cost": 57718.19,
                    "Plan Rows": 2361545,
                    "Plan Width": 4,
                    "Actual Startup Time": 0.03,
                    "Actual Total Time": 231.804,
                    "Actual Rows": 2001526,
                    "Actual Loops": 2,
                    "Filter": "(keyword_id > 381)",
                    "Rows Removed by Filter": 260439
                  },
                  {
                    "Node Type": "Hash",
                    "Parent Relationship": "Inner",
                    "Parallel Aware": true,
                    "Startup Cost": 54588.39,
                    "Total Cost": 54588.39,
                    "Plan Rows": 1097081,
                    "Plan Width": 4,
                    "Actual Startup Time": 449.851,
                    "Actual Total Time": 449.852,
                    "Actual Rows": 932744,
                    "Actual Loops": 2,
                    "Hash Buckets": 2097152,
                    "Original Hash Buckets": 2097152,
                    "Hash Batches": 1,
                    "Original Hash Batches": 1,
                    "Peak Memory Usage": 89408,
                    "Plans": [
                      {
                        "Node Type": "Seq Scan",
                        "Parent Relationship": "Outer",
                        "Parallel Aware": true,
                        "Relation Name": "title",
                        "Alias": "t",
                        "Startup Cost": 0.0,
                        "Total Cost": 54588.39,
                        "Plan Rows": 1097081,
                        "Plan Width": 4,
                        "Actual Startup Time": 0.028,
                        "Actual Total Time": 189.268,
                        "Actual Rows": 932744,
                        "Actual Loops": 2,
                        "Filter": "(kind_id > 1)",
                        "Rows Removed by Filter": 331412
                      }
                    ]
                  }
                ]
              }
            ]
          }
        ]
      }
    ]
  },
  "Planning Time": 0.59,
  "Triggers": [],
  "Execution Time": 1021.25
}