{
  "Plan": {
    "Node Type": "Aggregate",
    "Strategy": "Plain",
    "Partial Mode": "Finalize",
    "Parallel Aware": false,
    "Startup Cost": 165170.05,
    "Total Cost": 165170.06,
    "Plan Rows": 1,
    "Plan Width": 8,
    "Actual Startup Time": 616.266,
    "Actual Total Time": 635.683,
    "Actual Rows": 1,
    "Actual Loops": 1,
    "Plans": [
      {
        "Node Type": "Gather",
        "Parent Relationship": "Outer",
        "Parallel Aware": false,
        "Startup Cost": 165169.94,
        "Total Cost": 165170.05,
        "Plan Rows": 1,
        "Plan Width": 8,
        "Actual Startup Time": 615.572,
        "Actual Total Time": 635.675,
        "Actual Rows": 2,
        "Actual Loops": 1,
        "Workers Planned": 1,
        "Workers Launched": 1,
        "Single Copy": false,
        "Plans": [
          {
            "Node Type": "Aggregate",
            "Strategy": "Plain",
            "Partial Mode": "Partial",
            "Parent Relationship": "Outer",
            "Parallel Aware": false,
            "Startup Cost": 164169.94,
            "Total Cost": 164169.95,
            "Plan Rows": 1,
            "Plan Width": 8,
            "Actual Startup Time": 608.981,
            "Actual Total Time": 608.987,
            "Actual Rows": 1,
            "Actual Loops": 2,
            "Plans": [
              {
                "Node Type": "Hash Join",
                "Parent Relationship": "Outer",
                "Parallel Aware": true,
                "Join Type": "Inner",
                "Startup Cost": 101948.44,
                "Total Cost": 163818.94,
                "Plan Rows": 140401,
                "Plan Width": 0,
                "Actual Startup Time": 438.838,
                "Actual Total Time": 601.525,
                "Actual Rows": 180394,
                "Actual Loops": 2,
                "Inner Unique": false,
                "Hash Cond": "(mk.movie_id = t.id)",
                "Plans": [
                  {
                    "Node Type": "Seq Scan",
                    "Parent Relationship": "Outer",
                    "Parallel Aware": true,
                    "Relation Name": "movie_keyword",
                    "Alias": "mk",
                    "Startup Cost": 0.0,
                    "Total Cost": 51065.35,
                    "Plan Rows": 2661135,
                    "Plan Width": 4,
                    "Actual Startup Time": 0.007,
                    "Actual Total Time": 147.18,
                    "Actual Rows": 2261965,
                    "Actual Loops": 2
                  },
                  {
                    "Node Type": "Hash",
                    "Parent Relationship": "Inner",
                    "Parallel Aware": true,
                    "Startup Cost": 100967.62,
                    "Total Cost": 100967.62,
                    "Plan Rows": 78466,
                    "Plan Width": 8,
                    "Actual Startup Time": 291.622,
                    "Actual Total Time": 291.626,
                    "Actual Rows": 17917,
                    "Actual Loops": 2,
                    "Hash Buckets": 262144,
                    "Original Hash Buckets": 262144,
                    "Hash Batches": 1,
                    "Original Hash Batches": 1,
                    "Peak Memory Usage": 3488,
                    "Plans": [
                      {
                        "Node Type": "Hash Join",
                        "Parent Relationship": "Outer",
                        "Parallel Aware": true,
                        "Join Type": "Inner",
                        "Startup Cost": 42272.71,
                        "Total Cost": 100967.62,
                        "Plan Rows": 78466,
                        "Plan Width": 8,
                        "Actual Startup Time": 193.221,
                        "Actual Total Time": 286.329,
                        "Actual Rows": 17917,
                        "Actual Loops": 2,
                        "Inner Unique": false,
                        "Hash Cond": "(t.id = mc.movie_id)",
                        "Plans": [
                          {
                            "Node Type": "Seq Scan",
                            "Parent Relationship": "Outer",
                            "Parallel Aware": true,
                            "Relation Name": "title",
                            "Alias": "t",
                            "Startup Cost": 0.0,
                            "Total Cost": 54588.39,
                            "Plan Rows": 583193,
                            "Plan Width": 4,
                            "Actual Startup Time": 0.011,
                            "Actual Total Time": 122.702,
                            "Actual Rows": 492524,
                            "Actual Loops": 2,
                            "Filter": "(kind_id < 7)",
                            "Rows Removed by Filter": 771632
                          },
                          {
                            "Node Type": "Hash",
                            "Parent Relationship": "Inner",
                            "Parallel Aware": true,
                            "Startup Cost": 39771.47,
                            "Total Cost": 39771.47,
                            "Plan Rows": 200099,
                            "Plan Width": 4,
                            "Actual Startup Time": 105.355,
                            "Actual Total Time": 105.357,
                            "Actual Rows": 17917,
                            "Actual Loops": 2,
                            "Hash Buckets": 524288,
                            "Original Hash Buckets": 524288,
                            "Hash Batches": 1,
                            "Original Hash Batches": 1,
                            "Peak Memory Usage": 5536,
                            "Plans": [
                              {
                                "Node Type": "Bitmap Heap Scan",
                                "Parent Relationship": "Outer",
                                "Parallel Aware": true,
                                "Relation Name": "movie_companies",
                                "Alias": "mc",
                                "Startup Cost": 14884.17,
                                "Total Cost": 39771.47,
                                "Plan Rows": 200099,
                                "Plan Width": 4,
                                "Actual Startup Time": 43.657,
                                "Actual Total Time": 99.566,
                                "Actual Rows": 17917,
                                "Actual Loops": 2,
                                "Recheck Cond": "(company_id > 44480)",
                                "Rows Removed by Index Recheck": 0,
                                "Filter": "(company_type_id < 2)",
                                "Rows Removed by Filter": 334832,
                                "Exact Heap Blocks": 9469,
                                "Lossy Heap Blocks": 0,
                                "Plans": [
                                  {
                                    "Node Type": "Bitmap Index Scan",
                                    "Parent Relationship": "Outer",
                                    "Parallel Aware": false,
                                    "Index Name": "company_id_movie_companies",
                                    "Startup Cost": 0.0,
                                    "Total Cost": 14799.13,
                                    "Plan Rows": 691027,
                                    "Plan Width": 0,
                                    "Actual Startup Time": 41.834,
                                    "Actual Total Time": 41.834,
                                    "Actual Rows": 705499,
                                    "Actual Loops": 1,
                                    "Index Cond": "(company_id > 44480)"
                                  }
                                ]
                              }
                            ]
                          }
                        ]
                      }
                    ]
                  }
                ]
              }
            ]
          }
        ]
      }
    ]
  },
  "Planning Time": 1.076,
  "Triggers": [],
  "Execution Time": 635.785
}