[
  {
    "Plan": {
      "Node Type": "Aggregate",
      "Strategy": "Plain",
      "Partial Mode": "Finalize",
      "Parallel Aware": false,
      "Startup Cost": 346094.75,
      "Total Cost": 346094.76,
      "Plan Rows": 1,
      "Plan Width": 8,
      "Actual Startup Time": 687.622,
      "Actual Total Time": 733.035,
      "Actual Rows": 1,
      "Actual Loops": 1,
      "Plans": [
        {
          "Node Type": "Gather",
          "Parent Relationship": "Outer",
          "Parallel Aware": false,
          "Startup Cost": 346094.12,
          "Total Cost": 346094.73,
          "Plan Rows": 6,
          "Plan Width": 8,
          "Actual Startup Time": 687.386,
          "Actual Total Time": 733.024,
          "Actual Rows": 7,
          "Actual Loops": 1,
          "Workers Planned": 6,
          "Workers Launched": 6,
          "Single Copy": false,
          "Plans": [
            {
              "Node Type": "Aggregate",
              "Strategy": "Plain",
              "Partial Mode": "Partial",
              "Parent Relationship": "Outer",
              "Parallel Aware": false,
              "Startup Cost": 345094.12,
              "Total Cost": 345094.14,
              "Plan Rows": 1,
              "Plan Width": 8,
              "Actual Startup Time": 680.181,
              "Actual Total Time": 680.183,
              "Actual Rows": 1,
              "Actual Loops": 7,
              "Plans": [
                {
                  "Node Type": "Seq Scan",
                  "Parent Relationship": "Outer",
                  "Parallel Aware": true,
                  "Relation Name": "cast_info",
                  "Alias": "ci",
                  "Startup Cost": 0.0,
                  "Total Cost": 343316.27,
                  "Plan Rows": 711142,
                  "Plan Width": 0,
                  "Actual Startup Time": 0.045,
                  "Actual Total Time": 638.723,
                  "Actual Rows": 802655,
                  "Actual Loops": 7,
                  "Filter": "((person_id < 757322) AND (role_id < 3))",
                  "Rows Removed by Filter": 4375109
                }
              ]
            }
          ]
        }
      ]
    },
    "Planning Time": 0.075,
    "Triggers": [],
    "Execution Time": 733.077
  }
]