[
  {
    "Plan": {
      "Node Type": "Aggregate",
      "Strategy": "Plain",
      "Partial Mode": "Finalize",
      "Parallel Aware": false,
      "Startup Cost": 343067.15,
      "Total Cost": 343067.16,
      "Plan Rows": 1,
      "Plan Width": 8,
      "Actual Startup Time": 820.118,
      "Actual Total Time": 877.59,
      "Actual Rows": 1,
      "Actual Loops": 1,
      "Plans": [
        {
          "Node Type": "Gather",
          "Parent Relationship": "Outer",
          "Parallel Aware": false,
          "Startup Cost": 343066.53,
          "Total Cost": 343067.14,
          "Plan Rows": 6,
          "Plan Width": 8,
          "Actual Startup Time": 820.003,
          "Actual Total Time": 877.58,
          "Actual Rows": 7,
          "Actual Loops": 1,
          "Workers Planned": 6,
          "Workers Launched": 6,
          "Single Copy": false,
          "Plans": [
            {
              "Node Type": "Aggregate",
              "Strategy": "Plain",
              "Partial Mode": "Partial",
              "Parent Relationship": "Outer",
              "Parallel Aware": false,
              "Startup Cost": 342066.53,
              "Total Cost": 342066.54,
              "Plan Rows": 1,
              "Plan Width": 8,
              "Actual Startup Time": 811.131,
              "Actual Total Time": 811.133,
              "Actual Rows": 1,
              "Actual Loops": 7,
              "Plans": [
                {
                  "Node Type": "Seq Scan",
                  "Parent Relationship": "Outer",
                  "Parallel Aware": true,
                  "Relation Name": "cast_info",
                  "Alias": "ci",
                  "Startup Cost": 0.0,
                  "Total Cost": 328162.03,
                  "Plan Rows": 5561800,
                  "Plan Width": 0,
                  "Actual Startup Time": 0.045,
                  "Actual Total Time": 612.501,
                  "Actual Rows": 4785825,
                  "Actual Loops": 7,
                  "Filter": "(person_id < 3538235)",
                  "Rows Removed by Filter": 391938
                }
              ]
            }
          ]
        }
      ]
    },
    "Planning Time": 0.193,
    "Triggers": [],
    "Execution Time": 877.662
  }
]