{
  "Plan": {
    "Node Type": "Aggregate",
    "Strategy": "Plain",
    "Partial Mode": "Finalize",
    "Parallel Aware": false,
    "Startup Cost": 731623.16,
    "Total Cost": 731623.17,
    "Plan Rows": 1,
    "Plan Width": 8,
    "Actual Startup Time": 4261.796,
    "Actual Total Time": 4327.23,
    "Actual Rows": 1,
    "Actual Loops": 1,
    "Plans": [
      {
        "Node Type": "Gather",
        "Parent Relationship": "Outer",
        "Parallel Aware": false,
        "Startup Cost": 731623.05,
        "Total Cost": 731623.16,
        "Plan Rows": 1,
        "Plan Width": 8,
        "Actual Startup Time": 4258.736,
        "Actual Total Time": 4327.219,
        "Actual Rows": 2,
        "Actual Loops": 1,
        "Workers Planned": 1,
        "Workers Launched": 1,
        "Single Copy": false,
        "Plans": [
          {
            "Node Type": "Aggregate",
            "Strategy": "Plain",
            "Partial Mode": "Partial",
            "Parent Relationship": "Outer",
            "Parallel Aware": false,
            "Startup Cost": 730623.05,
            "Total Cost": 730623.06,
            "Plan Rows": 1,
            "Plan Width": 8,
            "Actual Startup Time": 4255.028,
            "Actual Total Time": 4255.59,
            "Actual Rows": 1,
            "Actual Loops": 2,
            "Plans": [
              {
                "Node Type": "Hash Join",
                "Parent Relationship": "Outer",
                "Parallel Aware": true,
                "Join Type": "Inner",
                "Startup Cost": 175128.28,
                "Total Cost": 725775.46,
                "Plan Rows": 1939035,
                "Plan Width": 0,
                "Actual Startup Time": 2143.276,
                "Actual Total Time": 4104.845,
                "Actual Rows": 3682654,
                "Actual Loops": 2,
                "Inner Unique": false,
                "Hash Cond": "(ci.movie_id = t.id)",
                "Plans": [
                  {
                    "Node Type": "Seq Scan",
                    "Parent Relationship": "Outer",
                    "Parallel Aware": true,
                    "Relation Name": "cast_info",
                    "Alias": "ci",
                    "Startup Cost": 0.0,
                    "Total Cost": 519069.44,
                    "Plan Rows": 5379106,
                    "Plan Width": 4,
                    "Actual Startup Time": 717.86,
                    "Actual Total Time": 1376.006,
                    "Actual Rows": 4534667,
                    "Actual Loops": 2,
                    "Filter": "(person_id > 2790512)",
                    "Rows Removed by Filter": 13587505
                  },
                  {
                    "Node Type": "Hash",
                    "Parent Relationship": "Inner",
                    "Parallel Aware": true,
                    "Startup Cost": 168426.91,
                    "Total Cost": 168426.91,
                    "Plan Rows": 536110,
                    "Plan Width": 8,
                    "Actual Startup Time": 1417.485,
                    "Actual Total Time": 1417.488,
                    "Actual Rows": 534353,
                    "Actual Loops": 2,
                    "Hash Buckets": 2097152,
                    "Original Hash Buckets": 1048576,
                    "Hash Batches": 1,
                    "Original Hash Batches": 1,
                    "Peak Memory Usage": 66432,
                    "Plans": [
                      {
                        "Node Type": "Merge Join",
                        "Parent Relationship": "Outer",
                        "Parallel Aware": false,
                        "Join Type": "Inner",
                        "Startup Cost": 3.02,
                        "Total Cost": 168426.91,
                        "Plan Rows": 536110,
                        "Plan Width": 8,
                        "Actual Startup Time": 0.268,
                        "Actual Total Time": 1258.839,
                        "Actual Rows": 534353,
                        "Actual Loops": 2,
                        "Inner Unique": false,
                        "Merge Cond": "(t.id = mi_idx.movie_id)",
                        "Plans": [
                          {
                            "Node Type": "Index Scan",
                            "Parent Relationship": "Outer",
                            "Parallel Aware": true,
                            "Scan Direction": "Forward",
                            "Index Name": "title_pkey",
                            "Relation Name": "title",
                            "Alias": "t",
                            "Startup Cost": 0.43,
                            "Total Cost": 103647.43,
                            "Plan Rows": 982180,
                            "Plan Width": 4,
                            "Actual Startup Time": 0.059,
                            "Actual Total Time": 809.491,
                            "Actual Rows": 835172,
                            "Actual Loops": 2,
                            "Filter": "(production_year < 2008)",
                            "Rows Removed by Filter": 427794
                          },
                          {
                            "Node Type": "Index Only Scan",
                            "Parent Relationship": "Inner",
                            "Parallel Aware": false,
                            "Scan Direction": "Forward",
                            "Index Name": "movie_id_movie_info_idx",
                            "Relation Name": "movie_info_idx",
                            "Alias": "mi_idx",
                            "Startup Cost": 0.43,
                            "Total Cost": 53620.22,
                            "Plan Rows": 1380035,
                            "Plan Width": 4,
                            "Actual Startup Time": 0.103,
                            "Actual Total Time": 306.554,
                            "Actual Rows": 1380035,
                            "Actual Loops": 2,
                            "Heap Fetches": 2760070
                          }
                        ]
                      }
                    ]
                  }
                ]
              }
            ]
          }
        ]
      }
    ]
  },
  "Planning Time": 0.663,
  "Triggers": [],
  "Execution Time": 4327.315
}