[
  {
    "Plan": {
      "Node Type": "Aggregate",
      "Strategy": "Plain",
      "Partial Mode": "Finalize",
      "Parallel Aware": false,
      "Startup Cost": 131506.29,
      "Total Cost": 131506.3,
      "Plan Rows": 1,
      "Plan Width": 8,
      "Actual Startup Time": 1086.972,
      "Actual Total Time": 1106.64,
      "Actual Rows": 1,
      "Actual Loops": 1,
      "Plans": [
        {
          "Node Type": "Gather",
          "Parent Relationship": "Outer",
          "Parallel Aware": false,
          "Startup Cost": 131505.97,
          "Total Cost": 131506.28,
          "Plan Rows": 3,
          "Plan Width": 8,
          "Actual Startup Time": 1077.534,
          "Actual Total Time": 1106.628,
          "Actual Rows": 4,
          "Actual Loops": 1,
          "Workers Planned": 3,
          "Workers Launched": 3,
          "Single Copy": false,
          "Plans": [
            {
              "Node Type": "Aggregate",
              "Strategy": "Plain",
              "Partial Mode": "Partial",
              "Parent Relationship": "Outer",
              "Parallel Aware": false,
              "Startup Cost": 130505.97,
              "Total Cost": 130505.98,
              "Plan Rows": 1,
              "Plan Width": 8,
              "Actual Startup Time": 1068.863,
              "Actual Total Time": 1069.426,
              "Actual Rows": 1,
              "Actual Loops": 4,
              "Plans": [
                {
                  "Node Type": "Hash Join",
                  "Parent Relationship": "Outer",
                  "Parallel Aware": true,
                  "Join Type": "Inner",
                  "Startup Cost": 83567.64,
                  "Total Cost": 129296.71,
                  "Plan Rows": 483704,
                  "Plan Width": 0,
                  "Actual Startup Time": 614.215,
                  "Actual Total Time": 987.327,
                  "Actual Rows": 1744652,
                  "Actual Loops": 4,
                  "Inner Unique": false,
                  "Hash Cond": "(mk.movie_id = t.id)",
                  "Plans": [
                    {
                      "Node Type": "Seq Scan",
                      "Parent Relationship": "Outer",
                      "Parallel Aware": true,
                      "Relation Name": "movie_keyword",
                      "Alias": "mk",
                      "Startup Cost": 0.0,
                      "Total Cost": 39047.32,
                      "Plan Rows": 1459332,
                      "Plan Width": 4,
                      "Actual Startup Time": 0.036,
                      "Actual Total Time": 98.737,
                      "Actual Rows": 1130982,
                      "Actual Loops": 4
                    },
                    {
                      "Node Type": "Hash",
                      "Parent Relationship": "Inner",
                      "Parallel Aware": true,
                      "Startup Cost": 80948.84,
                      "Total Cost": 80948.84,
                      "Plan Rows": 209504,
                      "Plan Width": 8,
                      "Actual Startup Time": 609.359,
                      "Actual Total Time": 609.92,
                      "Actual Rows": 262850,
                      "Actual Loops": 4,
                      "Hash Buckets": 2097152,
                      "Original Hash Buckets": 1048576,
                      "Hash Batches": 1,
                      "Original Hash Batches": 1,
                      "Peak Memory Usage": 65824,
                      "Plans": [
                        {
                          "Node Type": "Hash Join",
                          "Parent Relationship": "Outer",
                          "Parallel Aware": true,
                          "Join Type": "Inner",
                          "Startup Cost": 34793.92,
                          "Total Cost": 80948.84,
                          "Plan Rows": 209504,
                          "Plan Width": 8,
                          "Actual Startup Time": 196.117,
                          "Actual Total Time": 491.313,
                          "Actual Rows": 262850,
                          "Actual Loops": 4,
                          "Inner Unique": false,
                          "Hash Cond": "(t.id = mc.movie_id)",
                          "Plans": [
                            {
                              "Node Type": "Seq Scan",
                              "Parent Relationship": "Outer",
                              "Parallel Aware": true,
                              "Relation Name": "title",
                              "Alias": "t",
                              "Startup Cost": 0.0,
                              "Total Cost": 42318.73,
                              "Plan Rows": 632073,
                              "Plan Width": 4,
                              "Actual Startup Time": 0.015,
                              "Actual Total Time": 81.087,
                              "Actual Rows": 632078,
                              "Actual Loops": 4
                            },
                            {
                              "Node Type": "Hash",
                              "Parent Relationship": "Inner",
                              "Parallel Aware": true,
                              "Startup Cost": 31414.82,
                              "Total Cost": 31414.82,
                              "Plan Rows": 270328,
                              "Plan Width": 4,
                              "Actual Startup Time": 193.412,
                              "Actual Total Time": 193.413,
                              "Actual Rows": 262850,
                              "Actual Loops": 4,
                              "Hash Buckets": 2097152,
                              "Original Hash Buckets": 1048576,
                              "Hash Batches": 1,
                              "Original Hash Batches": 1,
                              "Peak Memory Usage": 65824,
                              "Plans": [
                                {
                                  "Node Type": "Seq Scan",
                                  "Parent Relationship": "Outer",
                                  "Parallel Aware": true,
                                  "Relation Name": "movie_companies",
                                  "Alias": "mc",
                                  "Startup Cost": 0.0,
                                  "Total Cost": 31414.82,
                                  "Plan Rows": 270328,
                                  "Plan Width": 4,
                                  "Actual Startup Time": 52.013,
                                  "Actual Total Time": 98.772,
                                  "Actual Rows": 262850,
                                  "Actual Loops": 4,
                                  "Filter": "((company_id > 3885) AND (company_type_id > 1))",
                                  "Rows Removed by Filter": 389432
                                }
                              ]
                            }
                          ]
                        }
                      ]
                    }
                  ]
                }
              ]
            }
          ]
        }
      ]
    },
    "Planning Time": 1.451,
    "Triggers": [],
    "Execution Time": 1106.725
  }
]