[
  {
    "Plan": {
      "Node Type": "Aggregate",
      "Strategy": "Plain",
      "Partial Mode": "Finalize",
      "Parallel Aware": false,
      "Startup Cost": 354037.24,
      "Total Cost": 354037.25,
      "Plan Rows": 1,
      "Plan Width": 8,
      "Actual Startup Time": 1131.481,
      "Actual Total Time": 1186.364,
      "Actual Rows": 1,
      "Actual Loops": 1,
      "Plans": [
        {
          "Node Type": "Gather",
          "Parent Relationship": "Outer",
          "Parallel Aware": false,
          "Startup Cost": 354036.62,
          "Total Cost": 354037.23,
          "Plan Rows": 6,
          "Plan Width": 8,
          "Actual Startup Time": 1131.263,
          "Actual Total Time": 1186.352,
          "Actual Rows": 7,
          "Actual Loops": 1,
          "Workers Planned": 6,
          "Workers Launched": 6,
          "Single Copy": false,
          "Plans": [
            {
              "Node Type": "Aggregate",
              "Strategy": "Plain",
              "Partial Mode": "Partial",
              "Parent Relationship": "Outer",
              "Parallel Aware": false,
              "Startup Cost": 353036.62,
              "Total Cost": 353036.63,
              "Plan Rows": 1,
              "Plan Width": 8,
              "Actual Startup Time": 1120.135,
              "Actual Total Time": 1120.137,
              "Actual Rows": 1,
              "Actual Loops": 7,
              "Plans": [
                {
                  "Node Type": "Seq Scan",
                  "Parent Relationship": "Outer",
                  "Parallel Aware": true,
                  "Relation Name": "cast_info",
                  "Alias": "ci",
                  "Startup Cost": 0.0,
                  "Total Cost": 343316.27,
                  "Plan Rows": 3888139,
                  "Plan Width": 0,
                  "Actual Startup Time": 290.557,
                  "Actual Total Time": 906.973,
                  "Actual Rows": 3323832,
                  "Actual Loops": 7,
                  "Filter": "((person_id < 4005964) AND (role_id > 1))",
                  "Rows Removed by Filter": 1853931
                }
              ]
            }
          ]
        }
      ]
    },
    "Planning Time": 0.309,
    "Triggers": [],
    "Execution Time": 1186.439
  }
]