{
  "Plan": {
    "Node Type": "Aggregate",
    "Strategy": "Plain",
    "Partial Mode": "Finalize",
    "Parallel Aware": false,
    "Startup Cost": 147113.57,
    "Total Cost": 147113.58,
    "Plan Rows": 1,
    "Plan Width": 8,
    "Actual Startup Time": 752.063,
    "Actual Total Time": 767.713,
    "Actual Rows": 1,
    "Actual Loops": 1,
    "Plans": [
      {
        "Node Type": "Gather",
        "Parent Relationship": "Outer",
        "Parallel Aware": false,
        "Startup Cost": 147113.46,
        "Total Cost": 147113.57,
        "Plan Rows": 1,
        "Plan Width": 8,
        "Actual Startup Time": 750.3,
        "Actual Total Time": 767.705,
        "Actual Rows": 2,
        "Actual Loops": 1,
        "Workers Planned": 1,
        "Workers Launched": 1,
        "Single Copy": false,
        "Plans": [
          {
            "Node Type": "Aggregate",
            "Strategy": "Plain",
            "Partial Mode": "Partial",
            "Parent Relationship": "Outer",
            "Parallel Aware": false,
            "Startup Cost": 146113.46,
            "Total Cost": 146113.47,
            "Plan Rows": 1,
            "Plan Width": 8,
            "Actual Startup Time": 743.977,
            "Actual Total Time": 743.983,
            "Actual Rows": 1,
            "Actual Loops": 2,
            "Plans": [
              {
                "Node Type": "Hash Join",
                "Parent Relationship": "Outer",
                "Parallel Aware": true,
                "Join Type": "Inner",
                "Startup Cost": 83605.8,
                "Total Cost": 146084.52,
                "Plan Rows": 11576,
                "Plan Width": 0,
                "Actual Startup Time": 341.037,
                "Actual Total Time": 742.528,
                "Actual Rows": 32324,
                "Actual Loops": 2,
                "Inner Unique": false,
                "Hash Cond": "(t.id = mc.movie_id)",
                "Plans": [
                  {
                    "Node Type": "Hash Join",
                    "Parent Relationship": "Outer",
                    "Parallel Aware": true,
                    "Join Type": "Inner",
                    "Startup Cost": 61878.3,
                    "Total Cost": 122023.21,
                    "Plan Rows": 362513,
                    "Plan Width": 8,
                    "Actual Startup Time": 286.892,
                    "Actual Total Time": 627.38,
                    "Actual Rows": 691639,
                    "Actual Loops": 2,
                    "Inner Unique": true,
                    "Hash Cond": "(mk.movie_id = t.id)",
                    "Plans": [
                      {
                        "Node Type": "Seq Scan",
                        "Parent Relationship": "Outer",
                        "Parallel Aware": true,
                        "Relation Name": "movie_keyword",
                        "Alias": "mk",
                        "Startup Cost": 0.0,
                        "Total Cost": 57718.19,
                        "Plan Rows": 924464,
                        "Plan Width": 4,
                        "Actual Startup Time": 0.012,
                        "Actual Total Time": 174.505,
                        "Actual Rows": 793278,
                        "Actual Loops": 2,
                        "Filter": "(keyword_id < 2425)",
                        "Rows Removed by Filter": 1468687
                      },
                      {
                        "Node Type": "Hash",
                        "Parent Relationship": "Inner",
                        "Parallel Aware": true,
                        "Startup Cost": 54588.39,
                        "Total Cost": 54588.39,
                        "Plan Rows": 583193,
                        "Plan Width": 4,
                        "Actual Startup Time": 283.972,
                        "Actual Total Time": 283.973,
                        "Actual Rows": 492524,
                        "Actual Loops": 2,
                        "Hash Buckets": 1048576,
                        "Original Hash Buckets": 1048576,
                        "Hash Batches": 1,
                        "Original Hash Batches": 1,
                        "Peak Memory Usage": 46784,
                        "Plans": [
                          {
                            "Node Type": "Seq Scan",
                            "Parent Relationship": "Outer",
                            "Parallel Aware": true,
                            "Relation Name": "title",
                            "Alias": "t",
                            "Startup Cost": 0.0,
                            "Total Cost": 54588.39,
                            "Plan Rows": 583193,
                            "Plan Width": 4,
                            "Actual Startup Time": 0.028,
                            "Actual Total Time": 143.56,
                            "Actual Rows": 492524,
                            "Actual Loops": 2,
                            "Filter": "(kind_id < 7)",
                            "Rows Removed by Filter": 771632
                          }
                        ]
                      }
                    ]
                  },
                  {
                    "Node Type": "Hash",
                    "Parent Relationship": "Inner",
                    "Parallel Aware": true,
                    "Startup Cost": 21133.83,
                    "Total Cost": 21133.83,
                    "Plan Rows": 47494,
                    "Plan Width": 4,
                    "Actual Startup Time": 51.794,
                    "Actual Total Time": 51.795,
                    "Actual Rows": 42036,
                    "Actual Loops": 2,
                    "Hash Buckets": 131072,
                    "Original Hash Buckets": 131072,
                    "Hash Batches": 1,
                    "Original Hash Batches": 1,
                    "Peak Memory Usage": 4352,
                    "Plans": [
                      {
                        "Node Type": "Bitmap Heap Scan",
                        "Parent Relationship": "Outer",
                        "Parallel Aware": true,
                        "Relation Name": "movie_companies",
                        "Alias": "mc",
                        "Startup Cost": 1750.16,
                        "Total Cost": 21133.83,
                        "Plan Rows": 47494,
                        "Plan Width": 4,
                        "Actual Startup Time": 13.127,
                        "Actual Total Time": 37.484,
                        "Actual Rows": 42036,
                        "Actual Loops": 2,
                        "Recheck Cond": "(company_id < 19)",
                        "Rows Removed by Index Recheck": 0,
                        "Exact Heap Blocks": 7013,
                        "Lossy Heap Blocks": 0,
                        "Plans": [
                          {
                            "Node Type": "Bitmap Index Scan",
                            "Parent Relationship": "Outer",
                            "Parallel Aware": false,
                            "Index Name": "company_id_movie_companies",
                            "Startup Cost": 0.0,
                            "Total Cost": 1729.97,
                            "Plan Rows": 80739,
                            "Plan Width": 0,
                            "Actual Startup Time": 13.429,
                            "Actual Total Time": 13.429,
                            "Actual Rows": 84071,
                            "Actual Loops": 1,
                            "Index Cond": "(company_id < 19)"
                          }
                        ]
                      }
                    ]
                  }
                ]
              }
            ]
          }
        ]
      }
    ]
  },
  "Planning Time": 1.043,
  "Triggers": [],
  "Execution Time": 767.81
}