{
  "Plan": {
    "Node Type": "Aggregate",
    "Strategy": "Plain",
    "Partial Mode": "Finalize",
    "Parallel Aware": false,
    "Startup Cost": 424463.84,
    "Total Cost": 424463.85,
    "Plan Rows": 1,
    "Plan Width": 8,
    "Actual Startup Time": 3477.934,
    "Actual Total Time": 3521.454,
    "Actual Rows": 1,
    "Actual Loops": 1,
    "Plans": [
      {
        "Node Type": "Gather",
        "Parent Relationship": "Outer",
        "Parallel Aware": false,
        "Startup Cost": 424463.73,
        "Total Cost": 424463.84,
        "Plan Rows": 1,
        "Plan Width": 8,
        "Actual Startup Time": 3474.268,
        "Actual Total Time": 3521.445,
        "Actual Rows": 2,
        "Actual Loops": 1,
        "Workers Planned": 1,
        "Workers Launched": 1,
        "Single Copy": false,
        "Plans": [
          {
            "Node Type": "Aggregate",
            "Strategy": "Plain",
            "Partial Mode": "Partial",
            "Parent Relationship": "Outer",
            "Parallel Aware": false,
            "Startup Cost": 423463.73,
            "Total Cost": 423463.74,
            "Plan Rows": 1,
            "Plan Width": 8,
            "Actual Startup Time": 3468.556,
            "Actual Total Time": 3468.563,
            "Actual Rows": 1,
            "Actual Loops": 2,
            "Plans": [
              {
                "Node Type": "Hash Join",
                "Parent Relationship": "Outer",
                "Parallel Aware": true,
                "Join Type": "Inner",
                "Startup Cost": 114009.88,
                "Total Cost": 418426.49,
                "Plan Rows": 2014895,
                "Plan Width": 0,
                "Actual Startup Time": 992.841,
                "Actual Total Time": 3238.044,
                "Actual Rows": 5603716,
                "Actual Loops": 2,
                "Inner Unique": false,
                "Hash Cond": "(mi.movie_id = t.id)",
                "Plans": [
                  {
                    "Node Type": "Seq Scan",
                    "Parent Relationship": "Outer",
                    "Parallel Aware": true,
                    "Relation Name": "movie_info",
                    "Alias": "mi",
                    "Startup Cost": 0.0,
                    "Total Cost": 270696.42,
                    "Plan Rows": 5831431,
                    "Plan Width": 4,
                    "Actual Startup Time": 33.372,
                    "Actual Total Time": 726.993,
                    "Actual Rows": 4955877,
                    "Actual Loops": 2,
                    "Filter": "(info_type_id > 4)",
                    "Rows Removed by Filter": 2461983
                  },
                  {
                    "Node Type": "Hash",
                    "Parent Relationship": "Inner",
                    "Parallel Aware": true,
                    "Startup Cost": 107586.47,
                    "Total Cost": 107586.47,
                    "Plan Rows": 513873,
                    "Plan Width": 8,
                    "Actual Startup Time": 950.551,
                    "Actual Total Time": 950.556,
                    "Actual Rows": 443967,
                    "Actual Loops": 2,
                    "Hash Buckets": 1048576,
                    "Original Hash Buckets": 1048576,
                    "Hash Batches": 1,
                    "Original Hash Batches": 1,
                    "Peak Memory Usage": 42944,
                    "Plans": [
                      {
                        "Node Type": "Hash Join",
                        "Parent Relationship": "Outer",
                        "Parallel Aware": true,
                        "Join Type": "Inner",
                        "Startup Cost": 44398.18,
                        "Total Cost": 107586.47,
                        "Plan Rows": 513873,
                        "Plan Width": 8,
                        "Actual Startup Time": 254.67,
                        "Actual Total Time": 827.887,
                        "Actual Rows": 443967,
                        "Actual Loops": 2,
                        "Inner Unique": false,
                        "Hash Cond": "(t.id = mc.movie_id)",
                        "Plans": [
                          {
                            "Node Type": "Seq Scan",
                            "Parent Relationship": "Outer",
                            "Parallel Aware": true,
                            "Relation Name": "title",
                            "Alias": "t",
                            "Startup Cost": 0.0,
                            "Total Cost": 50870.31,
                            "Plan Rows": 1487231,
                            "Plan Width": 4,
                            "Actual Startup Time": 0.009,
                            "Actual Total Time": 122.994,
                            "Actual Rows": 1264156,
                            "Actual Loops": 2
                          },
                          {
                            "Node Type": "Hash",
                            "Parent Relationship": "Inner",
                            "Parallel Aware": true,
                            "Startup Cost": 37974.77,
                            "Total Cost": 37974.77,
                            "Plan Rows": 513873,
                            "Plan Width": 4,
                            "Actual Startup Time": 249.195,
                            "Actual Total Time": 249.197,
                            "Actual Rows": 443967,
                            "Actual Loops": 2,
                            "Hash Buckets": 1048576,
                            "Original Hash Buckets": 1048576,
                            "Hash Batches": 1,
                            "Original Hash Batches": 1,
                            "Peak Memory Usage": 42976,
                            "Plans": [
                              {
                                "Node Type": "Seq Scan",
                                "Parent Relationship": "Outer",
                                "Parallel Aware": true,
                                "Relation Name": "movie_companies",
                                "Alias": "mc",
                                "Startup Cost": 0.0,
                                "Total Cost": 37974.77,
                                "Plan Rows": 513873,
                                "Plan Width": 4,
                                "Actual Startup Time": 27.111,
                                "Actual Total Time": 127.202,
                                "Actual Rows": 443967,
                                "Actual Loops": 2,
                                "Filter": "(company_id > 22309)",
                                "Rows Removed by Filter": 860598
                              }
                            ]
                          }
                        ]
                      }
                    ]
                  }
                ]
              }
            ]
          }
        ]
      }
    ]
  },
  "Planning Time": 0.998,
  "Triggers": [],
  "Execution Time": 3521.545
}