[
  {
    "Plan": {
      "Node Type": "Aggregate",
      "Strategy": "Plain",
      "Partial Mode": "Finalize",
      "Parallel Aware": false,
      "Startup Cost": 382126.95,
      "Total Cost": 382126.96,
      "Plan Rows": 1,
      "Plan Width": 8,
      "Actual Startup Time": 1113.403,
      "Actual Total Time": 1173.056,
      "Actual Rows": 1,
      "Actual Loops": 1,
      "Plans": [
        {
          "Node Type": "Gather",
          "Parent Relationship": "Outer",
          "Parallel Aware": false,
          "Startup Cost": 382126.32,
          "Total Cost": 382126.93,
          "Plan Rows": 6,
          "Plan Width": 8,
          "Actual Startup Time": 1103.551,
          "Actual Total Time": 1173.041,
          "Actual Rows": 7,
          "Actual Loops": 1,
          "Workers Planned": 6,
          "Workers Launched": 6,
          "Single Copy": false,
          "Plans": [
            {
              "Node Type": "Aggregate",
              "Strategy": "Plain",
              "Partial Mode": "Partial",
              "Parent Relationship": "Outer",
              "Parallel Aware": false,
              "Startup Cost": 381126.32,
              "Total Cost": 381126.33,
              "Plan Rows": 1,
              "Plan Width": 8,
              "Actual Startup Time": 1087.654,
              "Actual Total Time": 1087.657,
              "Actual Rows": 1,
              "Actual Loops": 7,
              "Plans": [
                {
                  "Node Type": "Hash Join",
                  "Parent Relationship": "Outer",
                  "Parallel Aware": true,
                  "Join Type": "Inner",
                  "Startup Cost": 48701.62,
                  "Total Cost": 379563.38,
                  "Plan Rows": 625175,
                  "Plan Width": 0,
                  "Actual Startup Time": 189.683,
                  "Actual Total Time": 1063.351,
                  "Actual Rows": 526733,
                  "Actual Loops": 7,
                  "Inner Unique": true,
                  "Hash Cond": "(ci.movie_id = t.id)",
                  "Plans": [
                    {
                      "Node Type": "Seq Scan",
                      "Parent Relationship": "Outer",
                      "Parallel Aware": true,
                      "Relation Name": "cast_info",
                      "Alias": "ci",
                      "Startup Cost": 0.0,
                      "Total Cost": 328162.03,
                      "Plan Rows": 1028474,
                      "Plan Width": 4,
                      "Actual Startup Time": 0.027,
                      "Actual Total Time": 533.927,
                      "Actual Rows": 908366,
                      "Actual Loops": 7,
                      "Filter": "(person_id < 613943)",
                      "Rows Removed by Filter": 4269397
                    },
                    {
                      "Node Type": "Hash",
                      "Parent Relationship": "Inner",
                      "Parallel Aware": true,
                      "Startup Cost": 43898.92,
                      "Total Cost": 43898.92,
                      "Plan Rows": 384216,
                      "Plan Width": 4,
                      "Actual Startup Time": 184.566,
                      "Actual Total Time": 184.567,
                      "Actual Rows": 220466,
                      "Actual Loops": 7,
                      "Hash Buckets": 2097152,
                      "Original Hash Buckets": 2097152,
                      "Hash Batches": 1,
                      "Original Hash Batches": 1,
                      "Peak Memory Usage": 76864,
                      "Plans": [
                        {
                          "Node Type": "Seq Scan",
                          "Parent Relationship": "Outer",
                          "Parallel Aware": true,
                          "Relation Name": "title",
                          "Alias": "t",
                          "Startup Cost": 0.0,
                          "Total Cost": 43898.92,
                          "Plan Rows": 384216,
                          "Plan Width": 4,
                          "Actual Startup Time": 0.05,
                          "Actual Total Time": 76.457,
                          "Actual Rows": 220466,
                          "Actual Loops": 7,
                          "Filter": "(kind_id = 7)",
                          "Rows Removed by Filter": 140721
                        }
                      ]
                    }
                  ]
                }
              ]
            }
          ]
        }
      ]
    },
    "Planning Time": 0.614,
    "Triggers": [],
    "Execution Time": 1173.145
  }
]