[
  {
    "Plan": {
      "Node Type": "Aggregate",
      "Strategy": "Plain",
      "Partial Mode": "Finalize",
      "Parallel Aware": false,
      "Startup Cost": 238900.03,
      "Total Cost": 238900.04,
      "Plan Rows": 1,
      "Plan Width": 8,
      "Actual Startup Time": 751.37,
      "Actual Total Time": 804.55,
      "Actual Rows": 1,
      "Actual Loops": 1,
      "Plans": [
        {
          "Node Type": "Gather",
          "Parent Relationship": "Outer",
          "Parallel Aware": false,
          "Startup Cost": 238899.5,
          "Total Cost": 238900.01,
          "Plan Rows": 5,
          "Plan Width": 8,
          "Actual Startup Time": 750.839,
          "Actual Total Time": 804.538,
          "Actual Rows": 6,
          "Actual Loops": 1,
          "Workers Planned": 5,
          "Workers Launched": 5,
          "Single Copy": false,
          "Plans": [
            {
              "Node Type": "Aggregate",
              "Strategy": "Plain",
              "Partial Mode": "Partial",
              "Parent Relationship": "Outer",
              "Parallel Aware": false,
              "Startup Cost": 237899.5,
              "Total Cost": 237899.51,
              "Plan Rows": 1,
              "Plan Width": 8,
              "Actual Startup Time": 742.45,
              "Actual Total Time": 742.455,
              "Actual Rows": 1,
              "Actual Loops": 6,
              "Plans": [
                {
                  "Node Type": "Hash Join",
                  "Parent Relationship": "Outer",
                  "Parallel Aware": true,
                  "Join Type": "Inner",
                  "Startup Cost": 38248.84,
                  "Total Cost": 237728.24,
                  "Plan Rows": 68504,
                  "Plan Width": 0,
                  "Actual Startup Time": 54.773,
                  "Actual Total Time": 737.451,
                  "Actual Rows": 91151,
                  "Actual Loops": 6,
                  "Inner Unique": true,
                  "Hash Cond": "(mi.movie_id = t.id)",
                  "Plans": [
                    {
                      "Node Type": "Seq Scan",
                      "Parent Relationship": "Outer",
                      "Parallel Aware": true,
                      "Relation Name": "movie_info",
                      "Alias": "mi",
                      "Startup Cost": 0.0,
                      "Total Cost": 191685.19,
                      "Plan Rows": 2969219,
                      "Plan Width": 4,
                      "Actual Startup Time": 0.026,
                      "Actual Total Time": 349.746,
                      "Actual Rows": 2472620,
                      "Actual Loops": 6
                    },
                    {
                      "Node Type": "Hash",
                      "Parent Relationship": "Inner",
                      "Parallel Aware": true,
                      "Startup Cost": 38066.54,
                      "Total Cost": 38066.54,
                      "Plan Rows": 14584,
                      "Plan Width": 4,
                      "Actual Startup Time": 53.755,
                      "Actual Total Time": 53.758,
                      "Actual Rows": 10138,
                      "Actual Loops": 6,
                      "Hash Buckets": 65536,
                      "Original Hash Buckets": 65536,
                      "Hash Batches": 1,
                      "Original Hash Batches": 1,
                      "Peak Memory Usage": 3008,
                      "Plans": [
                        {
                          "Node Type": "Bitmap Heap Scan",
                          "Parent Relationship": "Outer",
                          "Parallel Aware": true,
                          "Relation Name": "title",
                          "Alias": "t",
                          "Startup Cost": 1712.03,
                          "Total Cost": 38066.54,
                          "Plan Rows": 14584,
                          "Plan Width": 4,
                          "Actual Startup Time": 6.22,
                          "Actual Total Time": 49.383,
                          "Actual Rows": 10138,
                          "Actual Loops": 6,
                          "Recheck Cond": "(kind_id = 2)",
                          "Rows Removed by Index Recheck": 0,
                          "Filter": "(production_year < 2007)",
                          "Rows Removed by Filter": 5004,
                          "Exact Heap Blocks": 10623,
                          "Lossy Heap Blocks": 0,
                          "Plans": [
                            {
                              "Node Type": "Bitmap Index Scan",
                              "Parent Relationship": "Outer",
                              "Parallel Aware": false,
                              "Index Name": "kind_id_title",
                              "Startup Cost": 0.0,
                              "Total Cost": 1697.45,
                              "Plan Rows": 95069,
                              "Plan Width": 0,
                              "Actual Startup Time": 9.411,
                              "Actual Total Time": 9.414,
                              "Actual Rows": 90852,
                              "Actual Loops": 1,
                              "Index Cond": "(kind_id = 2)"
                            }
                          ]
                        }
                      ]
                    }
                  ]
                }
              ]
            }
          ]
        }
      ]
    },
    "Planning Time": 0.447,
    "Triggers": [],
    "Execution Time": 804.652
  }
]