[
  {
    "Plan": {
      "Node Type": "Aggregate",
      "Strategy": "Plain",
      "Partial Mode": "Finalize",
      "Parallel Aware": false,
      "Startup Cost": 91136.1,
      "Total Cost": 91136.11,
      "Plan Rows": 1,
      "Plan Width": 8,
      "Actual Startup Time": 262.324,
      "Actual Total Time": 281.278,
      "Actual Rows": 1,
      "Actual Loops": 1,
      "Plans": [
        {
          "Node Type": "Gather",
          "Parent Relationship": "Outer",
          "Parallel Aware": false,
          "Startup Cost": 91135.78,
          "Total Cost": 91136.09,
          "Plan Rows": 3,
          "Plan Width": 8,
          "Actual Startup Time": 261.062,
          "Actual Total Time": 281.26,
          "Actual Rows": 4,
          "Actual Loops": 1,
          "Workers Planned": 3,
          "Workers Launched": 3,
          "Single Copy": false,
          "Plans": [
            {
              "Node Type": "Aggregate",
              "Strategy": "Plain",
              "Partial Mode": "Partial",
              "Parent Relationship": "Outer",
              "Parallel Aware": false,
              "Startup Cost": 90135.78,
              "Total Cost": 90135.79,
              "Plan Rows": 1,
              "Plan Width": 8,
              "Actual Startup Time": 257.362,
              "Actual Total Time": 257.365,
              "Actual Rows": 1,
              "Actual Loops": 4,
              "Plans": [
                {
                  "Node Type": "Hash Join",
                  "Parent Relationship": "Outer",
                  "Parallel Aware": true,
                  "Join Type": "Inner",
                  "Startup Cost": 46215.99,
                  "Total Cost": 90035.99,
                  "Plan Rows": 39919,
                  "Plan Width": 0,
                  "Actual Startup Time": 138.511,
                  "Actual Total Time": 255.304,
                  "Actual Rows": 41166,
                  "Actual Loops": 4,
                  "Inner Unique": true,
                  "Hash Cond": "(mk.movie_id = t.id)",
                  "Plans": [
                    {
                      "Node Type": "Seq Scan",
                      "Parent Relationship": "Outer",
                      "Parallel Aware": true,
                      "Relation Name": "movie_keyword",
                      "Alias": "mk",
                      "Startup Cost": 0.0,
                      "Total Cost": 42695.65,
                      "Plan Rows": 428323,
                      "Plan Width": 4,
                      "Actual Startup Time": 0.036,
                      "Actual Total Time": 101.39,
                      "Actual Rows": 332618,
                      "Actual Loops": 4,
                      "Filter": "(keyword_id < 1739)",
                      "Rows Removed by Filter": 798365
                    },
                    {
                      "Node Type": "Hash",
                      "Parent Relationship": "Inner",
                      "Parallel Aware": true,
                      "Startup Cost": 45479.59,
                      "Total Cost": 45479.59,
                      "Plan Rows": 58912,
                      "Plan Width": 4,
                      "Actual Startup Time": 109.298,
                      "Actual Total Time": 109.299,
                      "Actual Rows": 50041,
                      "Actual Loops": 4,
                      "Hash Buckets": 262144,
                      "Original Hash Buckets": 262144,
                      "Hash Batches": 1,
                      "Original Hash Batches": 1,
                      "Peak Memory Usage": 9920,
                      "Plans": [
                        {
                          "Node Type": "Seq Scan",
                          "Parent Relationship": "Outer",
                          "Parallel Aware": true,
                          "Relation Name": "title",
                          "Alias": "t",
                          "Startup Cost": 0.0,
                          "Total Cost": 45479.59,
                          "Plan Rows": 58912,
                          "Plan Width": 4,
                          "Actual Startup Time": 40.531,
                          "Actual Total Time": 93.716,
                          "Actual Rows": 50041,
                          "Actual Loops": 4,
                          "Filter": "((production_year > 2006) AND (kind_id = 1))",
                          "Rows Removed by Filter": 582037
                        }
                      ]
                    }
                  ]
                }
              ]
            }
          ]
        }
      ]
    },
    "Planning Time": 0.284,
    "Triggers": [],
    "Execution Time": 281.32
  }
]