[
  {
    "Plan": {
      "Node Type": "Aggregate",
      "Strategy": "Plain",
      "Partial Mode": "Finalize",
      "Parallel Aware": false,
      "Startup Cost": 32823.0,
      "Total Cost": 32823.01,
      "Plan Rows": 1,
      "Plan Width": 8,
      "Actual Startup Time": 82.42,
      "Actual Total Time": 89.621,
      "Actual Rows": 1,
      "Actual Loops": 1,
      "Plans": [
        {
          "Node Type": "Gather",
          "Parent Relationship": "Outer",
          "Parallel Aware": false,
          "Startup Cost": 32822.69,
          "Total Cost": 32823.0,
          "Plan Rows": 3,
          "Plan Width": 8,
          "Actual Startup Time": 82.303,
          "Actual Total Time": 89.614,
          "Actual Rows": 4,
          "Actual Loops": 1,
          "Workers Planned": 3,
          "Workers Launched": 3,
          "Single Copy": false,
          "Plans": [
            {
              "Node Type": "Aggregate",
              "Strategy": "Plain",
              "Partial Mode": "Partial",
              "Parent Relationship": "Outer",
              "Parallel Aware": false,
              "Startup Cost": 31822.69,
              "Total Cost": 31822.7,
              "Plan Rows": 1,
              "Plan Width": 8,
              "Actual Startup Time": 77.55,
              "Actual Total Time": 77.551,
              "Actual Rows": 1,
              "Actual Loops": 4,
              "Plans": [
                {
                  "Node Type": "Seq Scan",
                  "Parent Relationship": "Outer",
                  "Parallel Aware": true,
                  "Relation Name": "movie_companies",
                  "Alias": "mc",
                  "Startup Cost": 0.0,
                  "Total Cost": 31414.82,
                  "Plan Rows": 163147,
                  "Plan Width": 0,
                  "Actual Startup Time": 34.638,
                  "Actual Total Time": 69.029,
                  "Actual Rows": 202960,
                  "Actual Loops": 4,
                  "Filter": "((company_id > 17317) AND (company_type_id = 2))",
                  "Rows Removed by Filter": 449322
                }
              ]
            }
          ]
        }
      ]
    },
    "Planning Time": 0.087,
    "Triggers": [],
    "Execution Time": 89.645
  }
]