[
  {
    "Plan": {
      "Node Type": "Aggregate",
      "Strategy": "Plain",
      "Partial Mode": "Finalize",
      "Parallel Aware": false,
      "Startup Cost": 308028.62,
      "Total Cost": 308028.63,
      "Plan Rows": 1,
      "Plan Width": 8,
      "Actual Startup Time": 185.405,
      "Actual Total Time": 219.213,
      "Actual Rows": 1,
      "Actual Loops": 1,
      "Plans": [
        {
          "Node Type": "Gather",
          "Parent Relationship": "Outer",
          "Parallel Aware": false,
          "Startup Cost": 308028.2,
          "Total Cost": 308028.61,
          "Plan Rows": 4,
          "Plan Width": 8,
          "Actual Startup Time": 185.291,
          "Actual Total Time": 219.203,
          "Actual Rows": 5,
          "Actual Loops": 1,
          "Workers Planned": 4,
          "Workers Launched": 4,
          "Single Copy": false,
          "Plans": [
            {
              "Node Type": "Aggregate",
              "Strategy": "Plain",
              "Partial Mode": "Partial",
              "Parent Relationship": "Outer",
              "Parallel Aware": false,
              "Startup Cost": 307028.2,
              "Total Cost": 307028.21,
              "Plan Rows": 1,
              "Plan Width": 8,
              "Actual Startup Time": 175.582,
              "Actual Total Time": 175.583,
              "Actual Rows": 1,
              "Actual Loops": 5,
              "Plans": [
                {
                  "Node Type": "Nested Loop",
                  "Parent Relationship": "Outer",
                  "Parallel Aware": false,
                  "Join Type": "Inner",
                  "Startup Cost": 0.56,
                  "Total Cost": 306976.31,
                  "Plan Rows": 20754,
                  "Plan Width": 0,
                  "Actual Startup Time": 0.962,
                  "Actual Total Time": 174.298,
                  "Actual Rows": 16326,
                  "Actual Loops": 5,
                  "Inner Unique": false,
                  "Plans": [
                    {
                      "Node Type": "Seq Scan",
                      "Parent Relationship": "Outer",
                      "Parallel Aware": true,
                      "Relation Name": "title",
                      "Alias": "t",
                      "Startup Cost": 0.0,
                      "Total Cost": 45479.1,
                      "Plan Rows": 3202,
                      "Plan Width": 4,
                      "Actual Startup Time": 0.116,
                      "Actual Total Time": 64.87,
                      "Actual Rows": 2318,
                      "Actual Loops": 5,
                      "Filter": "((kind_id = 7) AND (production_year = 1986))",
                      "Rows Removed by Filter": 503345
                    },
                    {
                      "Node Type": "Index Scan",
                      "Parent Relationship": "Inner",
                      "Parallel Aware": false,
                      "Scan Direction": "Forward",
                      "Index Name": "movie_id_cast_info",
                      "Relation Name": "cast_info",
                      "Alias": "ci",
                      "Startup Cost": 0.56,
                      "Total Cost": 81.5,
                      "Plan Rows": 17,
                      "Plan Width": 4,
                      "Actual Startup Time": 0.032,
                      "Actual Total Time": 0.046,
                      "Actual Rows": 7,
                      "Actual Loops": 11588,
                      "Index Cond": "(movie_id = t.id)",
                      "Rows Removed by Index Recheck": 0,
                      "Filter": "(role_id > 2)",
                      "Rows Removed by Filter": 9
                    }
                  ]
                }
              ]
            }
          ]
        }
      ]
    },
    "Planning Time": 0.576,
    "Triggers": [],
    "Execution Time": 219.291
  }
]