[
  {
    "Plan": {
      "Node Type": "Aggregate",
      "Strategy": "Plain",
      "Partial Mode": "Finalize",
      "Parallel Aware": false,
      "Startup Cost": 32240.18,
      "Total Cost": 32240.19,
      "Plan Rows": 1,
      "Plan Width": 8,
      "Actual Startup Time": 99.515,
      "Actual Total Time": 107.384,
      "Actual Rows": 1,
      "Actual Loops": 1,
      "Plans": [
        {
          "Node Type": "Gather",
          "Parent Relationship": "Outer",
          "Parallel Aware": false,
          "Startup Cost": 32239.87,
          "Total Cost": 32240.18,
          "Plan Rows": 3,
          "Plan Width": 8,
          "Actual Startup Time": 99.28,
          "Actual Total Time": 107.375,
          "Actual Rows": 4,
          "Actual Loops": 1,
          "Workers Planned": 3,
          "Workers Launched": 3,
          "Single Copy": false,
          "Plans": [
            {
              "Node Type": "Aggregate",
              "Strategy": "Plain",
              "Partial Mode": "Partial",
              "Parent Relationship": "Outer",
              "Parallel Aware": false,
              "Startup Cost": 31239.87,
              "Total Cost": 31239.88,
              "Plan Rows": 1,
              "Plan Width": 8,
              "Actual Startup Time": 92.865,
              "Actual Total Time": 92.866,
              "Actual Rows": 1,
              "Actual Loops": 4,
              "Plans": [
                {
                  "Node Type": "Bitmap Heap Scan",
                  "Parent Relationship": "Outer",
                  "Parallel Aware": true,
                  "Relation Name": "movie_keyword",
                  "Alias": "mk",
                  "Startup Cost": 5526.12,
                  "Total Cost": 31029.91,
                  "Plan Rows": 83983,
                  "Plan Width": 0,
                  "Actual Startup Time": 33.263,
                  "Actual Total Time": 88.794,
                  "Actual Rows": 62552,
                  "Actual Loops": 4,
                  "Recheck Cond": "(keyword_id > 60415)",
                  "Rows Removed by Index Recheck": 0,
                  "Exact Heap Blocks": 11325,
                  "Lossy Heap Blocks": 0,
                  "Plans": [
                    {
                      "Node Type": "Bitmap Index Scan",
                      "Parent Relationship": "Outer",
                      "Parallel Aware": false,
                      "Index Name": "keyword_id_movie_keyword",
                      "Startup Cost": 0.0,
                      "Total Cost": 5461.03,
                      "Plan Rows": 260347,
                      "Plan Width": 0,
                      "Actual Startup Time": 34.887,
                      "Actual Total Time": 34.887,
                      "Actual Rows": 250210,
                      "Actual Loops": 1,
                      "Index Cond": "(keyword_id > 60415)"
                    }
                  ]
                }
              ]
            }
          ]
        }
      ]
    },
    "Planning Time": 0.155,
    "Triggers": [],
    "Execution Time": 107.459
  }
]