[
  {
    "Plan": {
      "Node Type": "Aggregate",
      "Strategy": "Plain",
      "Partial Mode": "Finalize",
      "Parallel Aware": false,
      "Startup Cost": 31836.11,
      "Total Cost": 31836.12,
      "Plan Rows": 1,
      "Plan Width": 8,
      "Actual Startup Time": 111.812,
      "Actual Total Time": 120.671,
      "Actual Rows": 1,
      "Actual Loops": 1,
      "Plans": [
        {
          "Node Type": "Gather",
          "Parent Relationship": "Outer",
          "Parallel Aware": false,
          "Startup Cost": 31835.79,
          "Total Cost": 31836.1,
          "Plan Rows": 3,
          "Plan Width": 8,
          "Actual Startup Time": 111.672,
          "Actual Total Time": 120.662,
          "Actual Rows": 4,
          "Actual Loops": 1,
          "Workers Planned": 3,
          "Workers Launched": 3,
          "Single Copy": false,
          "Plans": [
            {
              "Node Type": "Aggregate",
              "Strategy": "Plain",
              "Partial Mode": "Partial",
              "Parent Relationship": "Outer",
              "Parallel Aware": false,
              "Startup Cost": 30835.79,
              "Total Cost": 30835.8,
              "Plan Rows": 1,
              "Plan Width": 8,
              "Actual Startup Time": 106.169,
              "Actual Total Time": 106.17,
              "Actual Rows": 1,
              "Actual Loops": 4,
              "Plans": [
                {
                  "Node Type": "Seq Scan",
                  "Parent Relationship": "Outer",
                  "Parallel Aware": true,
                  "Relation Name": "movie_companies",
                  "Alias": "mc",
                  "Startup Cost": 0.0,
                  "Total Cost": 29310.68,
                  "Plan Rows": 610043,
                  "Plan Width": 0,
                  "Actual Startup Time": 0.896,
                  "Actual Total Time": 84.057,
                  "Actual Rows": 472882,
                  "Actual Loops": 4,
                  "Filter": "(company_id > 1381)",
                  "Rows Removed by Filter": 179401
                }
              ]
            }
          ]
        }
      ]
    },
    "Planning Time": 0.2,
    "Triggers": [],
    "Execution Time": 120.73
  }
]