[
  {
    "Plan": {
      "Node Type": "Aggregate",
      "Strategy": "Plain",
      "Partial Mode": "Finalize",
      "Parallel Aware": false,
      "Startup Cost": 46435.74,
      "Total Cost": 46435.75,
      "Plan Rows": 1,
      "Plan Width": 8,
      "Actual Startup Time": 112.319,
      "Actual Total Time": 124.533,
      "Actual Rows": 1,
      "Actual Loops": 1,
      "Plans": [
        {
          "Node Type": "Gather",
          "Parent Relationship": "Outer",
          "Parallel Aware": false,
          "Startup Cost": 46435.32,
          "Total Cost": 46435.73,
          "Plan Rows": 4,
          "Plan Width": 8,
          "Actual Startup Time": 112.064,
          "Actual Total Time": 124.524,
          "Actual Rows": 5,
          "Actual Loops": 1,
          "Workers Planned": 4,
          "Workers Launched": 4,
          "Single Copy": false,
          "Plans": [
            {
              "Node Type": "Aggregate",
              "Strategy": "Plain",
              "Partial Mode": "Partial",
              "Parent Relationship": "Outer",
              "Parallel Aware": false,
              "Startup Cost": 45435.32,
              "Total Cost": 45435.33,
              "Plan Rows": 1,
              "Plan Width": 8,
              "Actual Startup Time": 107.384,
              "Actual Total Time": 107.385,
              "Actual Rows": 1,
              "Actual Loops": 5,
              "Plans": [
                {
                  "Node Type": "Seq Scan",
                  "Parent Relationship": "Outer",
                  "Parallel Aware": true,
                  "Relation Name": "title",
                  "Alias": "t",
                  "Startup Cost": 0.0,
                  "Total Cost": 43898.92,
                  "Plan Rows": 614560,
                  "Plan Width": 0,
                  "Actual Startup Time": 0.022,
                  "Actual Total Time": 85.508,
                  "Actual Rows": 491244,
                  "Actual Loops": 5,
                  "Filter": "(production_year > 0)",
                  "Rows Removed by Filter": 14419
                }
              ]
            }
          ]
        }
      ]
    },
    "Planning Time": 0.097,
    "Triggers": [],
    "Execution Time": 124.571
  }
]