[
    {
        "Bao": {
            "Bao prediction": "NaN",
            "Bao recommended hint": "(no hint)"
        }
    },
    {
        "Plan": {
            "Node Type": "Aggregate",
            "Strategy": "Plain",
            "Partial Mode": "Finalize",
            "Parallel Aware": false,
            "Startup Cost": 32682.01,
            "Total Cost": 32682.02,
            "Plan Rows": 1,
            "Plan Width": 8,
            "Actual Startup Time": 85.631,
            "Actual Total Time": 91.033,
            "Actual Rows": 1,
            "Actual Loops": 1,
            "Output": [
                "count(*)"
            ],
            "Plans": [
                {
                    "Node Type": "Gather",
                    "Parent Relationship": "Outer",
                    "Parallel Aware": false,
                    "Startup Cost": 32681.69,
                    "Total Cost": 32682.0,
                    "Plan Rows": 3,
                    "Plan Width": 8,
                    "Actual Startup Time": 85.536,
                    "Actual Total Time": 91.026,
                    "Actual Rows": 4,
                    "Actual Loops": 1,
                    "Output": [
                        "(PARTIAL count(*))"
                    ],
                    "Workers Planned": 3,
                    "Workers Launched": 3,
                    "Single Copy": false,
                    "Plans": [
                        {
                            "Node Type": "Aggregate",
                            "Strategy": "Plain",
                            "Partial Mode": "Partial",
                            "Parent Relationship": "Outer",
                            "Parallel Aware": false,
                            "Startup Cost": 31681.69,
                            "Total Cost": 31681.7,
                            "Plan Rows": 1,
                            "Plan Width": 8,
                            "Actual Startup Time": 77.653,
                            "Actual Total Time": 77.654,
                            "Actual Rows": 1,
                            "Actual Loops": 4,
                            "Output": [
                                "PARTIAL count(*)"
                            ],
                            "Workers": [
                                {
                                    "Worker Number": 0,
                                    "Actual Startup Time": 74.628,
                                    "Actual Total Time": 74.63,
                                    "Actual Rows": 1,
                                    "Actual Loops": 1
                                },
                                {
                                    "Worker Number": 1,
                                    "Actual Startup Time": 75.34,
                                    "Actual Total Time": 75.341,
                                    "Actual Rows": 1,
                                    "Actual Loops": 1
                                },
                                {
                                    "Worker Number": 2,
                                    "Actual Startup Time": 75.391,
                                    "Actual Total Time": 75.392,
                                    "Actual Rows": 1,
                                    "Actual Loops": 1
                                }
                            ],
                            "Plans": [
                                {
                                    "Node Type": "Seq Scan",
                                    "Parent Relationship": "Outer",
                                    "Parallel Aware": true,
                                    "Relation Name": "movie_companies",
                                    "Schema": "public",
                                    "Alias": "mc",
                                    "Startup Cost": 0.0,
                                    "Total Cost": 31414.82,
                                    "Plan Rows": 106749,
                                    "Plan Width": 0,
                                    "Actual Startup Time": 44.037,
                                    "Actual Total Time": 75.293,
                                    "Actual Rows": 45564,
                                    "Actual Loops": 4,
                                    "Output": [
                                        "id",
                                        "movie_id",
                                        "company_id",
                                        "company_type_id",
                                        "note"
                                    ],
                                    "Filter": "((mc.company_id < 868) AND (mc.company_type_id = 2))",
                                    "Rows Removed by Filter": 606718,
                                    "Workers": [
                                        {
                                            "Worker Number": 0,
                                            "Actual Startup Time": 41.009,
                                            "Actual Total Time": 72.326,
                                            "Actual Rows": 32682,
                                            "Actual Loops": 1
                                        },
                                        {
                                            "Worker Number": 1,
                                            "Actual Startup Time": 41.726,
                                            "Actual Total Time": 73.049,
                                            "Actual Rows": 32056,
                                            "Actual Loops": 1
                                        },
                                        {
                                            "Worker Number": 2,
                                            "Actual Startup Time": 41.779,
                                            "Actual Total Time": 73.121,
                                            "Actual Rows": 52457,
                                            "Actual Loops": 1
                                        }
                                    ]
                                }
                            ]
                        }
                    ]
                }
            ]
        },
        "Planning Time": 197.651,
        "Triggers": [],
        "Execution Time": 91.074
    }
]