[
  {
    "Plan": {
      "Node Type": "Aggregate",
      "Strategy": "Plain",
      "Partial Mode": "Finalize",
      "Parallel Aware": false,
      "Startup Cost": 298532.75,
      "Total Cost": 298532.76,
      "Plan Rows": 1,
      "Plan Width": 8,
      "Actual Startup Time": 1012.083,
      "Actual Total Time": 1067.43,
      "Actual Rows": 1,
      "Actual Loops": 1,
      "Plans": [
        {
          "Node Type": "Gather",
          "Parent Relationship": "Outer",
          "Parallel Aware": false,
          "Startup Cost": 298532.43,
          "Total Cost": 298532.74,
          "Plan Rows": 3,
          "Plan Width": 8,
          "Actual Startup Time": 1008.523,
          "Actual Total Time": 1067.404,
          "Actual Rows": 4,
          "Actual Loops": 1,
          "Workers Planned": 3,
          "Workers Launched": 3,
          "Single Copy": false,
          "Plans": [
            {
              "Node Type": "Aggregate",
              "Strategy": "Plain",
              "Partial Mode": "Partial",
              "Parent Relationship": "Outer",
              "Parallel Aware": false,
              "Startup Cost": 297532.43,
              "Total Cost": 297532.44,
              "Plan Rows": 1,
              "Plan Width": 8,
              "Actual Startup Time": 999.501,
              "Actual Total Time": 999.678,
              "Actual Rows": 1,
              "Actual Loops": 4,
              "Plans": [
                {
                  "Node Type": "Hash Join",
                  "Parent Relationship": "Outer",
                  "Parallel Aware": true,
                  "Join Type": "Inner",
                  "Startup Cost": 249592.43,
                  "Total Cost": 296808.22,
                  "Plan Rows": 289684,
                  "Plan Width": 0,
                  "Actual Startup Time": 795.143,
                  "Actual Total Time": 997.131,
                  "Actual Rows": 51526,
                  "Actual Loops": 4,
                  "Inner Unique": false,
                  "Hash Cond": "(mk.movie_id = t.id)",
                  "Plans": [
                    {
                      "Node Type": "Seq Scan",
                      "Parent Relationship": "Outer",
                      "Parallel Aware": true,
                      "Relation Name": "movie_keyword",
                      "Alias": "mk",
                      "Startup Cost": 0.0,
                      "Total Cost": 42695.65,
                      "Plan Rows": 1050872,
                      "Plan Width": 4,
                      "Actual Startup Time": 0.03,
                      "Actual Total Time": 126.027,
                      "Actual Rows": 813082,
                      "Actual Loops": 4,
                      "Filter": "(keyword_id < 13993)",
                      "Rows Removed by Filter": 317901
                    },
                    {
                      "Node Type": "Hash",
                      "Parent Relationship": "Inner",
                      "Parallel Aware": true,
                      "Startup Cost": 247850.05,
                      "Total Cost": 247850.05,
                      "Plan Rows": 139390,
                      "Plan Width": 8,
                      "Actual Startup Time": 789.707,
                      "Actual Total Time": 789.882,
                      "Actual Rows": 58200,
                      "Actual Loops": 4,
                      "Hash Buckets": 1048576,
                      "Original Hash Buckets": 1048576,
                      "Hash Batches": 1,
                      "Original Hash Batches": 1,
                      "Peak Memory Usage": 17312,
                      "Plans": [
                        {
                          "Node Type": "Hash Join",
                          "Parent Relationship": "Outer",
                          "Parallel Aware": true,
                          "Join Type": "Inner",
                          "Startup Cost": 47012.12,
                          "Total Cost": 247850.05,
                          "Plan Rows": 139390,
                          "Plan Width": 8,
                          "Actual Startup Time": 199.363,
                          "Actual Total Time": 762.005,
                          "Actual Rows": 58200,
                          "Actual Loops": 4,
                          "Inner Unique": true,
                          "Hash Cond": "(mi.movie_id = t.id)",
                          "Plans": [
                            {
                              "Node Type": "Seq Scan",
                              "Parent Relationship": "Outer",
                              "Parallel Aware": true,
                              "Relation Name": "movie_info",
                              "Alias": "mi",
                              "Startup Cost": 0.0,
                              "Total Cost": 198952.16,
                              "Plan Rows": 718388,
                              "Plan Width": 4,
                              "Actual Startup Time": 44.488,
                              "Actual Total Time": 445.235,
                              "Actual Rows": 906244,
                              "Actual Loops": 4,
                              "Filter": "(info_type_id < 4)",
                              "Rows Removed by Filter": 2802686
                            },
                            {
                              "Node Type": "Hash",
                              "Parent Relationship": "Inner",
                              "Parallel Aware": true,
                              "Startup Cost": 45479.1,
                              "Total Cost": 45479.1,
                              "Plan Rows": 122642,
                              "Plan Width": 4,
                              "Actual Startup Time": 153.241,
                              "Actual Total Time": 153.242,
                              "Actual Rows": 94836,
                              "Actual Loops": 4,
                              "Hash Buckets": 524288,
                              "Original Hash Buckets": 524288,
                              "Hash Batches": 1,
                              "Original Hash Batches": 1,
                              "Peak Memory Usage": 18976,
                              "Plans": [
                                {
                                  "Node Type": "Seq Scan",
                                  "Parent Relationship": "Outer",
                                  "Parallel Aware": true,
                                  "Relation Name": "title",
                                  "Alias": "t",
                                  "Startup Cost": 0.0,
                                  "Total Cost": 45479.1,
                                  "Plan Rows": 122642,
                                  "Plan Width": 4,
                                  "Actual Startup Time": 0.053,
                                  "Actual Total Time": 110.567,
                                  "Actual Rows": 94836,
                                  "Actual Loops": 4,
                                  "Filter": "((production_year < 1995) AND (kind_id = 7))",
                                  "Rows Removed by Filter": 537242
                                }
                              ]
                            }
                          ]
                        }
                      ]
                    }
                  ]
                }
              ]
            }
          ]
        }
      ]
    },
    "Planning Time": 1.342,
    "Triggers": [],
    "Execution Time": 1067.519
  }
]