[
  {
    "Plan": {
      "Node Type": "Aggregate",
      "Strategy": "Plain",
      "Partial Mode": "Simple",
      "Parallel Aware": false,
      "Startup Cost": 7533.18,
      "Total Cost": 7533.19,
      "Plan Rows": 1,
      "Plan Width": 64,
      "Actual Startup Time": 252.641,
      "Actual Total Time": 252.65,
      "Actual Rows": 1,
      "Actual Loops": 1,
      "Plans": [
        {
          "Node Type": "Nested Loop",
          "Parent Relationship": "Outer",
          "Parallel Aware": false,
          "Join Type": "Inner",
          "Startup Cost": 12.11,
          "Total Cost": 7533.18,
          "Plan Rows": 1,
          "Plan Width": 23,
          "Actual Startup Time": 7.375,
          "Actual Total Time": 252.546,
          "Actual Rows": 193,
          "Actual Loops": 1,
          "Inner Unique": false,
          "Join Filter": "(mi.info_type_id = it1.id)",
          "Rows Removed by Join Filter": 228,
          "Plans": [
            {
              "Node Type": "Seq Scan",
              "Parent Relationship": "Outer",
              "Parallel Aware": false,
              "Relation Name": "info_type",
              "Alias": "it1",
              "Startup Cost": 0.0,
              "Total Cost": 2.41,
              "Plan Rows": 1,
              "Plan Width": 4,
              "Actual Startup Time": 0.056,
              "Actual Total Time": 0.065,
              "Actual Rows": 1,
              "Actual Loops": 1,
              "Filter": "((info)::text = 'countries'::text)",
              "Rows Removed by Filter": 112
            },
            {
              "Node Type": "Nested Loop",
              "Parent Relationship": "Inner",
              "Parallel Aware": false,
              "Join Type": "Inner",
              "Startup Cost": 12.11,
              "Total Cost": 7530.74,
              "Plan Rows": 2,
              "Plan Width": 27,
              "Actual Startup Time": 7.316,
              "Actual Total Time": 252.402,
              "Actual Rows": 421,
              "Actual Loops": 1,
              "Inner Unique": false,
              "Join Filter": "(t.id = mi.movie_id)",
              "Rows Removed by Join Filter": 0,
              "Plans": [
                {
                  "Node Type": "Nested Loop",
                  "Parent Relationship": "Outer",
                  "Parallel Aware": false,
                  "Join Type": "Inner",
                  "Startup Cost": 11.68,
                  "Total Cost": 7528.89,
                  "Plan Rows": 1,
                  "Plan Width": 35,
                  "Actual Startup Time": 7.03,
                  "Actual Total Time": 234.772,
                  "Actual Rows": 299,
                  "Actual Loops": 1,
                  "Inner Unique": false,
                  "Join Filter": "(mi_idx.info_type_id = it2.id)",
                  "Rows Removed by Join Filter": 592,
                  "Plans": [
                    {
                      "Node Type": "Seq Scan",
                      "Parent Relationship": "Outer",
                      "Parallel Aware": false,
                      "Relation Name": "info_type",
                      "Alias": "it2",
                      "Startup Cost": 0.0,
                      "Total Cost": 2.41,
                      "Plan Rows": 1,
                      "Plan Width": 4,
                      "Actual Startup Time": 0.023,
                      "Actual Total Time": 0.026,
                      "Actual Rows": 1,
                      "Actual Loops": 1,
                      "Filter": "((info)::text = 'rating'::text)",
                      "Rows Removed by Filter": 112
                    },
                    {
                      "Node Type": "Nested Loop",
                      "Parent Relationship": "Inner",
                      "Parallel Aware": false,
                      "Join Type": "Inner",
                      "Startup Cost": 11.68,
                      "Total Cost": 7525.86,
                      "Plan Rows": 50,
                      "Plan Width": 39,
                      "Actual Startup Time": 7.002,
                      "Actual Total Time": 234.597,
                      "Actual Rows": 891,
                      "Actual Loops": 1,
                      "Inner Unique": false,
                      "Join Filter": "(t.id = mi_idx.movie_id)",
                      "Rows Removed by Join Filter": 0,
                      "Plans": [
                        {
                          "Node Type": "Nested Loop",
                          "Parent Relationship": "Outer",
                          "Parallel Aware": false,
                          "Join Type": "Inner",
                          "Startup Cost": 11.25,
                          "Total Cost": 7516.72,
                          "Plan Rows": 17,
                          "Plan Width": 25,
                          "Actual Startup Time": 6.917,
                          "Actual Total Time": 229.759,
                          "Actual Rows": 379,
                          "Actual Loops": 1,
                          "Inner Unique": true,
                          "Join Filter": "(t.kind_id = kt.id)",
                          "Rows Removed by Join Filter": 8813,
                          "Plans": [
                            {
                              "Node Type": "Nested Loop",
                              "Parent Relationship": "Outer",
                              "Parallel Aware": false,
                              "Join Type": "Inner",
                              "Startup Cost": 11.25,
                              "Total Cost": 7513.94,
                              "Plan Rows": 59,
                              "Plan Width": 29,
                              "Actual Startup Time": 6.527,
                              "Actual Total Time": 226.538,
                              "Actual Rows": 4596,
                              "Actual Loops": 1,
                              "Inner Unique": true,
                              "Plans": [
                                {
                                  "Node Type": "Nested Loop",
                                  "Parent Relationship": "Outer",
                                  "Parallel Aware": false,
                                  "Join Type": "Inner",
                                  "Startup Cost": 10.82,
                                  "Total Cost": 7447.81,
                                  "Plan Rows": 135,
                                  "Plan Width": 4,
                                  "Actual Startup Time": 6.389,
                                  "Actual Total Time": 97.875,
                                  "Actual Rows": 12705,
                                  "Actual Loops": 1,
                                  "Inner Unique": false,
                                  "Plans": [
                                    {
                                      "Node Type": "Seq Scan",
                                      "Parent Relationship": "Outer",
                                      "Parallel Aware": false,
                                      "Relation Name": "keyword",
                                      "Alias": "k",
                                      "Startup Cost": 0.0,
                                      "Total Cost": 2961.55,
                                      "Plan Rows": 4,
                                      "Plan Width": 4,
                                      "Actual Startup Time": 2.309,
                                      "Actual Total Time": 26.173,
                                      "Actual Rows": 3,
                                      "Actual Loops": 1,
                                      "Filter": "((keyword IS NOT NULL) AND (keyword = ANY ('{blood,tv-special,murder-in-title,bubble-bath}'::text[])))",
                                      "Rows Removed by Filter": 134167
                                    },
                                    {
                                      "Node Type": "Bitmap Heap Scan",
                                      "Parent Relationship": "Inner",
                                      "Parallel Aware": false,
                                      "Relation Name": "movie_keyword",
                                      "Alias": "mk",
                                      "Startup Cost": 10.82,
                                      "Total Cost": 1118.49,
                                      "Plan Rows": 308,
                                      "Plan Width": 8,
                                      "Actual Startup Time": 1.63,
                                      "Actual Total Time": 22.878,
                                      "Actual Rows": 4235,
                                      "Actual Loops": 3,
                                      "Recheck Cond": "(keyword_id = k.id)",
                                      "Rows Removed by Index Recheck": 0,
                                      "Exact Heap Blocks": 8551,
                                      "Lossy Heap Blocks": 0,
                                      "Plans": [
                                        {
                                          "Node Type": "Bitmap Index Scan",
                                          "Parent Relationship": "Outer",
                                          "Parallel Aware": false,
                                          "Index Name": "keyword_id_movie_keyword",
                                          "Startup Cost": 0.0,
                                          "Total Cost": 10.74,
                                          "Plan Rows": 308,
                                          "Plan Width": 0,
                                          "Actual Startup Time": 1.004,
                                          "Actual Total Time": 1.004,
                                          "Actual Rows": 4235,
                                          "Actual Loops": 3,
                                          "Index Cond": "(keyword_id = k.id)"
                                        }
                                      ]
                                    }
                                  ]
                                },
                                {
                                  "Node Type": "Index Scan",
                                  "Parent Relationship": "Inner",
                                  "Parallel Aware": false,
                                  "Scan Direction": "Forward",
                                  "Index Name": "title_pkey",
                                  "Relation Name": "title",
                                  "Alias": "t",
                                  "Startup Cost": 0.43,
                                  "Total Cost": 0.49,
                                  "Plan Rows": 1,
                                  "Plan Width": 25,
                                  "Actual Startup Time": 0.009,
                                  "Actual Total Time": 0.009,
                                  "Actual Rows": 0,
                                  "Actual Loops": 12705,
                                  "Index Cond": "(id = mk.movie_id)",
                                  "Rows Removed by Index Recheck": 0,
                                  "Filter": "(production_year > 2004)",
                                  "Rows Removed by Filter": 1
                                }
                              ]
                            },
                            {
                              "Node Type": "Materialize",
                              "Parent Relationship": "Inner",
                              "Parallel Aware": false,
                              "Startup Cost": 0.0,
                              "Total Cost": 1.1,
                              "Plan Rows": 2,
                              "Plan Width": 4,
                              "Actual Startup Time": 0.0,
                              "Actual Total Time": 0.0,
                              "Actual Rows": 2,
                              "Actual Loops": 4596,
                              "Plans": [
                                {
                                  "Node Type": "Seq Scan",
                                  "Parent Relationship": "Outer",
                                  "Parallel Aware": false,
                                  "Relation Name": "kind_type",
                                  "Alias": "kt",
                                  "Startup Cost": 0.0,
                                  "Total Cost": 1.09,
                                  "Plan Rows": 2,
                                  "Plan Width": 4,
                                  "Actual Startup Time": 0.036,
                                  "Actual Total Time": 0.037,
                                  "Actual Rows": 2,
                                  "Actual Loops": 1,
                                  "Filter": "((kind)::text = ANY ('{\"tv mini series\",episode}'::text[]))",
                                  "Rows Removed by Filter": 5
                                }
                              ]
                            }
                          ]
                        },
                        {
                          "Node Type": "Index Scan",
                          "Parent Relationship": "Inner",
                          "Parallel Aware": false,
                          "Scan Direction": "Forward",
                          "Index Name": "movie_id_movie_info_idx",
                          "Relation Name": "movie_info_idx",
                          "Alias": "mi_idx",
                          "Startup Cost": 0.43,
                          "Total Cost": 0.5,
                          "Plan Rows": 3,
                          "Plan Width": 14,
                          "Actual Startup Time": 0.011,
                          "Actual Total Time": 0.012,
                          "Actual Rows": 2,
                          "Actual Loops": 379,
                          "Index Cond": "(movie_id = mk.movie_id)",
                          "Rows Removed by Index Recheck": 0,
                          "Filter": "(info < '9'::text)",
                          "Rows Removed by Filter": 0
                        }
                      ]
                    }
                  ]
                },
                {
                  "Node Type": "Index Scan",
                  "Parent Relationship": "Inner",
                  "Parallel Aware": false,
                  "Scan Direction": "Forward",
                  "Index Name": "movie_id_movie_info",
                  "Relation Name": "movie_info",
                  "Alias": "mi",
                  "Startup Cost": 0.43,
                  "Total Cost": 1.8,
                  "Plan Rows": 4,
                  "Plan Width": 8,
                  "Actual Startup Time": 0.043,
                  "Actual Total Time": 0.058,
                  "Actual Rows": 1,
                  "Actual Loops": 299,
                  "Index Cond": "(movie_id = mk.movie_id)",
                  "Rows Removed by Index Recheck": 0,
                  "Filter": "(info = ANY ('{Sweden,Germany,English,Bulgaria,America,American,USA,Denish,German,Japan}'::text[]))",
                  "Rows Removed by Filter": 14
                }
              ]
            }
          ]
        }
      ]
    },
    "Planning Time": 10.856,
    "Triggers": [],
    "Execution Time": 253.042
  }
]