[
  {
    "Plan": {
      "Node Type": "Aggregate",
      "Strategy": "Plain",
      "Partial Mode": "Finalize",
      "Parallel Aware": false,
      "Startup Cost": 45615.8,
      "Total Cost": 45615.81,
      "Plan Rows": 1,
      "Plan Width": 8,
      "Actual Startup Time": 141.086,
      "Actual Total Time": 151.05,
      "Actual Rows": 1,
      "Actual Loops": 1,
      "Plans": [
        {
          "Node Type": "Gather",
          "Parent Relationship": "Outer",
          "Parallel Aware": false,
          "Startup Cost": 45615.48,
          "Total Cost": 45615.79,
          "Plan Rows": 3,
          "Plan Width": 8,
          "Actual Startup Time": 140.955,
          "Actual Total Time": 151.042,
          "Actual Rows": 4,
          "Actual Loops": 1,
          "Workers Planned": 3,
          "Workers Launched": 3,
          "Single Copy": false,
          "Plans": [
            {
              "Node Type": "Aggregate",
              "Strategy": "Plain",
              "Partial Mode": "Partial",
              "Parent Relationship": "Outer",
              "Parallel Aware": false,
              "Startup Cost": 44615.48,
              "Total Cost": 44615.49,
              "Plan Rows": 1,
              "Plan Width": 8,
              "Actual Startup Time": 135.738,
              "Actual Total Time": 135.739,
              "Actual Rows": 1,
              "Actual Loops": 4,
              "Plans": [
                {
                  "Node Type": "Seq Scan",
                  "Parent Relationship": "Outer",
                  "Parallel Aware": true,
                  "Relation Name": "movie_keyword",
                  "Alias": "mk",
                  "Startup Cost": 0.0,
                  "Total Cost": 42695.65,
                  "Plan Rows": 767931,
                  "Plan Width": 0,
                  "Actual Startup Time": 0.043,
                  "Actual Total Time": 110.33,
                  "Actual Rows": 594816,
                  "Actual Loops": 4,
                  "Filter": "(keyword_id < 5450)",
                  "Rows Removed by Filter": 536167
                }
              ]
            }
          ]
        }
      ]
    },
    "Planning Time": 0.184,
    "Triggers": [],
    "Execution Time": 151.106
  }
]