[
  {
    "Plan": {
      "Node Type": "Aggregate",
      "Strategy": "Plain",
      "Partial Mode": "Finalize",
      "Parallel Aware": false,
      "Startup Cost": 31124.92,
      "Total Cost": 31124.93,
      "Plan Rows": 1,
      "Plan Width": 8,
      "Actual Startup Time": 119.521,
      "Actual Total Time": 130.362,
      "Actual Rows": 1,
      "Actual Loops": 1,
      "Plans": [
        {
          "Node Type": "Gather",
          "Parent Relationship": "Outer",
          "Parallel Aware": false,
          "Startup Cost": 31124.61,
          "Total Cost": 31124.92,
          "Plan Rows": 3,
          "Plan Width": 8,
          "Actual Startup Time": 119.362,
          "Actual Total Time": 130.354,
          "Actual Rows": 4,
          "Actual Loops": 1,
          "Workers Planned": 3,
          "Workers Launched": 3,
          "Single Copy": false,
          "Plans": [
            {
              "Node Type": "Aggregate",
              "Strategy": "Plain",
              "Partial Mode": "Partial",
              "Parent Relationship": "Outer",
              "Parallel Aware": false,
              "Startup Cost": 30124.61,
              "Total Cost": 30124.62,
              "Plan Rows": 1,
              "Plan Width": 8,
              "Actual Startup Time": 110.704,
              "Actual Total Time": 110.705,
              "Actual Rows": 1,
              "Actual Loops": 4,
              "Plans": [
                {
                  "Node Type": "Seq Scan",
                  "Parent Relationship": "Outer",
                  "Parallel Aware": true,
                  "Relation Name": "movie_companies",
                  "Alias": "mc",
                  "Startup Cost": 0.0,
                  "Total Cost": 29310.68,
                  "Plan Rows": 325570,
                  "Plan Width": 0,
                  "Actual Startup Time": 24.962,
                  "Actual Total Time": 96.116,
                  "Actual Rows": 250796,
                  "Actual Loops": 4,
                  "Filter": "(company_id > 16587)",
                  "Rows Removed by Filter": 401486
                }
              ]
            }
          ]
        }
      ]
    },
    "Planning Time": 0.196,
    "Triggers": [],
    "Execution Time": 130.42
  }
]