{
  "Plan": {
    "Node Type": "Aggregate",
    "Strategy": "Plain",
    "Partial Mode": "Finalize",
    "Parallel Aware": false,
    "Startup Cost": 27685.56,
    "Total Cost": 27685.57,
    "Plan Rows": 1,
    "Plan Width": 8,
    "Actual Startup Time": 69.361,
    "Actual Total Time": 81.745,
    "Actual Rows": 1,
    "Actual Loops": 1,
    "Plans": [
      {
        "Node Type": "Gather",
        "Parent Relationship": "Outer",
        "Parallel Aware": false,
        "Startup Cost": 27685.45,
        "Total Cost": 27685.56,
        "Plan Rows": 1,
        "Plan Width": 8,
        "Actual Startup Time": 69.262,
        "Actual Total Time": 81.739,
        "Actual Rows": 2,
        "Actual Loops": 1,
        "Workers Planned": 1,
        "Workers Launched": 1,
        "Single Copy": false,
        "Plans": [
          {
            "Node Type": "Aggregate",
            "Strategy": "Plain",
            "Partial Mode": "Partial",
            "Parent Relationship": "Outer",
            "Parallel Aware": false,
            "Startup Cost": 26685.45,
            "Total Cost": 26685.46,
            "Plan Rows": 1,
            "Plan Width": 8,
            "Actual Startup Time": 62.989,
            "Actual Total Time": 62.991,
            "Actual Rows": 1,
            "Actual Loops": 2,
            "Plans": [
              {
                "Node Type": "Nested Loop",
                "Parent Relationship": "Outer",
                "Parallel Aware": false,
                "Join Type": "Inner",
                "Startup Cost": 74.91,
                "Total Cost": 26683.06,
                "Plan Rows": 956,
                "Plan Width": 0,
                "Actual Startup Time": 2.664,
                "Actual Total Time": 62.825,
                "Actual Rows": 1946,
                "Actual Loops": 2,
                "Inner Unique": false,
                "Plans": [
                  {
                    "Node Type": "Nested Loop",
                    "Parent Relationship": "Outer",
                    "Parallel Aware": false,
                    "Join Type": "Inner",
                    "Startup Cost": 74.47,
                    "Total Cost": 23461.79,
                    "Plan Rows": 1944,
                    "Plan Width": 8,
                    "Actual Startup Time": 2.372,
                    "Actual Total Time": 21.413,
                    "Actual Rows": 1764,
                    "Actual Loops": 2,
                    "Inner Unique": true,
                    "Plans": [
                      {
                        "Node Type": "Bitmap Heap Scan",
                        "Parent Relationship": "Outer",
                        "Parallel Aware": true,
                        "Relation Name": "movie_companies",
                        "Alias": "mc",
                        "Startup Cost": 74.04,
                        "Total Cost": 8585.64,
                        "Plan Rows": 1944,
                        "Plan Width": 4,
                        "Actual Startup Time": 2.223,
                        "Actual Total Time": 7.369,
                        "Actual Rows": 1764,
                        "Actual Loops": 2,
                        "Recheck Cond": "(company_id = 419)",
                        "Rows Removed by Index Recheck": 0,
                        "Exact Heap Blocks": 1927,
                        "Lossy Heap Blocks": 0,
                        "Plans": [
                          {
                            "Node Type": "Bitmap Index Scan",
                            "Parent Relationship": "Outer",
                            "Parallel Aware": false,
                            "Index Name": "company_id_movie_companies",
                            "Startup Cost": 0.0,
                            "Total Cost": 73.22,
                            "Plan Rows": 3305,
                            "Plan Width": 0,
                            "Actual Startup Time": 3.169,
                            "Actual Total Time": 3.169,
                            "Actual Rows": 3529,
                            "Actual Loops": 1,
                            "Index Cond": "(company_id = 419)"
                          }
                        ]
                      },
                      {
                        "Node Type": "Index Only Scan",
                        "Parent Relationship": "Inner",
                        "Parallel Aware": false,
                        "Scan Direction": "Forward",
                        "Index Name": "title_pkey",
                        "Relation Name": "title",
                        "Alias": "t",
                        "Startup Cost": 0.43,
                        "Total Cost": 7.65,
                        "Plan Rows": 1,
                        "Plan Width": 4,
                        "Actual Startup Time": 0.007,
                        "Actual Total Time": 0.007,
                        "Actual Rows": 1,
                        "Actual Loops": 3529,
                        "Index Cond": "(id = mc.movie_id)",
                        "Rows Removed by Index Recheck": 0,
                        "Heap Fetches": 3529
                      }
                    ]
                  },
                  {
                    "Node Type": "Index Scan",
                    "Parent Relationship": "Inner",
                    "Parallel Aware": false,
                    "Scan Direction": "Forward",
                    "Index Name": "movie_id_movie_info",
                    "Relation Name": "movie_info",
                    "Alias": "mi",
                    "Startup Cost": 0.43,
                    "Total Cost": 1.62,
                    "Plan Rows": 4,
                    "Plan Width": 4,
                    "Actual Startup Time": 0.021,
                    "Actual Total Time": 0.023,
                    "Actual Rows": 1,
                    "Actual Loops": 3529,
                    "Index Cond": "(movie_id = t.id)",
                    "Rows Removed by Index Recheck": 0,
                    "Filter": "(info_type_id > 18)",
                    "Rows Removed by Filter": 10
                  }
                ]
              }
            ]
          }
        ]
      }
    ]
  },
  "Planning Time": 0.871,
  "Triggers": [],
  "Execution Time": 81.841
}