{
    "Plan": {
        "Node Type": "Aggregate",
        "Strategy": "Plain",
        "Partial Mode": "Finalize",
        "Parallel Aware": false,
        "Startup Cost": 250856.35,
        "Total Cost": 250856.36,
        "Plan Rows": 1,
        "Plan Width": 8,
        "Actual Startup Time": 593.246,
        "Actual Total Time": 628.721,
        "Actual Rows": 1,
        "Actual Loops": 1,
        "Output": [
            "count(*)"
        ],
        "Plans": [
            {
                "Node Type": "Gather",
                "Parent Relationship": "Outer",
                "Parallel Aware": false,
                "Startup Cost": 250855.83,
                "Total Cost": 250856.34,
                "Plan Rows": 5,
                "Plan Width": 8,
                "Actual Startup Time": 585.795,
                "Actual Total Time": 628.708,
                "Actual Rows": 6,
                "Actual Loops": 1,
                "Output": [
                    "(PARTIAL count(*))"
                ],
                "Workers Planned": 5,
                "Workers Launched": 5,
                "Single Copy": false,
                "Plans": [
                    {
                        "Node Type": "Aggregate",
                        "Strategy": "Plain",
                        "Partial Mode": "Partial",
                        "Parent Relationship": "Outer",
                        "Parallel Aware": false,
                        "Startup Cost": 249855.83,
                        "Total Cost": 249855.84,
                        "Plan Rows": 1,
                        "Plan Width": 8,
                        "Actual Startup Time": 572.246,
                        "Actual Total Time": 572.258,
                        "Actual Rows": 1,
                        "Actual Loops": 6,
                        "Output": [
                            "PARTIAL count(*)"
                        ],
                        "Workers": [
                            {
                                "Worker Number": 0,
                                "Actual Startup Time": 569.261,
                                "Actual Total Time": 569.264,
                                "Actual Rows": 1,
                                "Actual Loops": 1
                            },
                            {
                                "Worker Number": 1,
                                "Actual Startup Time": 569.518,
                                "Actual Total Time": 569.521,
                                "Actual Rows": 1,
                                "Actual Loops": 1
                            },
                            {
                                "Worker Number": 2,
                                "Actual Startup Time": 569.551,
                                "Actual Total Time": 569.554,
                                "Actual Rows": 1,
                                "Actual Loops": 1
                            },
                            {
                                "Worker Number": 3,
                                "Actual Startup Time": 570.57,
                                "Actual Total Time": 570.573,
                                "Actual Rows": 1,
                                "Actual Loops": 1
                            },
                            {
                                "Worker Number": 4,
                                "Actual Startup Time": 569.649,
                                "Actual Total Time": 569.652,
                                "Actual Rows": 1,
                                "Actual Loops": 1
                            }
                        ],
                        "Plans": [
                            {
                                "Node Type": "Hash Join",
                                "Parent Relationship": "Outer",
                                "Parallel Aware": true,
                                "Join Type": "Inner",
                                "Startup Cost": 49385.96,
                                "Total Cost": 249347.07,
                                "Plan Rows": 203506,
                                "Plan Width": 0,
                                "Actual Startup Time": 206.882,
                                "Actual Total Time": 568.258,
                                "Actual Rows": 79387,
                                "Actual Loops": 6,
                                "Inner Unique": true,
                                "Hash Cond": "(mi.movie_id = t.id)",
                                "Workers": [
                                    {
                                        "Worker Number": 0,
                                        "Actual Startup Time": 204.058,
                                        "Actual Total Time": 565.078,
                                        "Actual Rows": 64698,
                                        "Actual Loops": 1
                                    },
                                    {
                                        "Worker Number": 1,
                                        "Actual Startup Time": 204.339,
                                        "Actual Total Time": 565.866,
                                        "Actual Rows": 91250,
                                        "Actual Loops": 1
                                    },
                                    {
                                        "Worker Number": 2,
                                        "Actual Startup Time": 204.345,
                                        "Actual Total Time": 565.948,
                                        "Actual Rows": 90410,
                                        "Actual Loops": 1
                                    },
                                    {
                                        "Worker Number": 3,
                                        "Actual Startup Time": 204.368,
                                        "Actual Total Time": 566.354,
                                        "Actual Rows": 66445,
                                        "Actual Loops": 1
                                    },
                                    {
                                        "Worker Number": 4,
                                        "Actual Startup Time": 204.453,
                                        "Actual Total Time": 565.472,
                                        "Actual Rows": 66070,
                                        "Actual Loops": 1
                                    }
                                ],
                                "Plans": [
                                    {
                                        "Node Type": "Seq Scan",
                                        "Parent Relationship": "Outer",
                                        "Parallel Aware": true,
                                        "Relation Name": "movie_info",
                                        "Schema": "public",
                                        "Alias": "mi",
                                        "Startup Cost": 0.0,
                                        "Total Cost": 198880.74,
                                        "Plan Rows": 411570,
                                        "Plan Width": 4,
                                        "Actual Startup Time": 28.425,
                                        "Actual Total Time": 291.25,
                                        "Actual Rows": 348511,
                                        "Actual Loops": 6,
                                        "Output": [
                                            "mi.id",
                                            "mi.movie_id",
                                            "mi.info_type_id",
                                            "mi.info",
                                            "mi.note"
                                        ],
                                        "Filter": "(mi.info_type_id < 3)",
                                        "Rows Removed by Filter": 2124109,
                                        "Workers": [
                                            {
                                                "Worker Number": 0,
                                                "Actual Startup Time": 28.33,
                                                "Actual Total Time": 294.617,
                                                "Actual Rows": 281911,
                                                "Actual Loops": 1
                                            },
                                            {
                                                "Worker Number": 1,
                                                "Actual Startup Time": 28.374,
                                                "Actual Total Time": 288.952,
                                                "Actual Rows": 403454,
                                                "Actual Loops": 1
                                            },
                                            {
                                                "Worker Number": 2,
                                                "Actual Startup Time": 28.355,
                                                "Actual Total Time": 288.74,
                                                "Actual Rows": 398445,
                                                "Actual Loops": 1
                                            },
                                            {
                                                "Worker Number": 3,
                                                "Actual Startup Time": 28.474,
                                                "Actual Total Time": 294.995,
                                                "Actual Rows": 286767,
                                                "Actual Loops": 1
                                            },
                                            {
                                                "Worker Number": 4,
                                                "Actual Startup Time": 28.51,
                                                "Actual Total Time": 294.9,
                                                "Actual Rows": 285128,
                                                "Actual Loops": 1
                                            }
                                        ]
                                    },
                                    {
                                        "Node Type": "Hash",
                                        "Parent Relationship": "Inner",
                                        "Parallel Aware": true,
                                        "Startup Cost": 45479.21,
                                        "Total Cost": 45479.21,
                                        "Plan Rows": 312540,
                                        "Plan Width": 4,
                                        "Actual Startup Time": 172.92,
                                        "Actual Total Time": 172.921,
                                        "Actual Rows": 203589,
                                        "Actual Loops": 6,
                                        "Output": [
                                            "t.id"
                                        ],
                                        "Hash Buckets": 2097152,
                                        "Original Hash Buckets": 2097152,
                                        "Hash Batches": 1,
                                        "Original Hash Batches": 1,
                                        "Peak Memory Usage": 64224,
                                        "Workers": [
                                            {
                                                "Worker Number": 0,
                                                "Actual Startup Time": 174.852,
                                                "Actual Total Time": 174.853,
                                                "Actual Rows": 155401,
                                                "Actual Loops": 1
                                            },
                                            {
                                                "Worker Number": 1,
                                                "Actual Startup Time": 175.114,
                                                "Actual Total Time": 175.115,
                                                "Actual Rows": 217137,
                                                "Actual Loops": 1
                                            },
                                            {
                                                "Worker Number": 2,
                                                "Actual Startup Time": 175.221,
                                                "Actual Total Time": 175.222,
                                                "Actual Rows": 212614,
                                                "Actual Loops": 1
                                            },
                                            {
                                                "Worker Number": 3,
                                                "Actual Startup Time": 175.248,
                                                "Actual Total Time": 175.249,
                                                "Actual Rows": 160110,
                                                "Actual Loops": 1
                                            },
                                            {
                                                "Worker Number": 4,
                                                "Actual Startup Time": 175.317,
                                                "Actual Total Time": 175.318,
                                                "Actual Rows": 156458,
                                                "Actual Loops": 1
                                            }
                                        ],
                                        "Plans": [
                                            {
                                                "Node Type": "Seq Scan",
                                                "Parent Relationship": "Outer",
                                                "Parallel Aware": true,
                                                "Relation Name": "title",
                                                "Schema": "public",
                                                "Alias": "t",
                                                "Startup Cost": 0.0,
                                                "Total Cost": 45479.21,
                                                "Plan Rows": 312540,
                                                "Plan Width": 4,
                                                "Actual Startup Time": 0.056,
                                                "Actual Total Time": 86.824,
                                                "Actual Rows": 203589,
                                                "Actual Loops": 6,
                                                "Output": [
                                                    "t.id"
                                                ],
                                                "Filter": "((t.production_year < 2011) AND (t.kind_id = 7))",
                                                "Rows Removed by Filter": 217796,
                                                "Workers": [
                                                    {
                                                        "Worker Number": 0,
                                                        "Actual Startup Time": 0.07,
                                                        "Actual Total Time": 88.7,
                                                        "Actual Rows": 155401,
                                                        "Actual Loops": 1
                                                    },
                                                    {
                                                        "Worker Number": 1,
                                                        "Actual Startup Time": 0.063,
                                                        "Actual Total Time": 87.807,
                                                        "Actual Rows": 217137,
                                                        "Actual Loops": 1
                                                    },
                                                    {
                                                        "Worker Number": 2,
                                                        "Actual Startup Time": 0.064,
                                                        "Actual Total Time": 87.421,
                                                        "Actual Rows": 212614,
                                                        "Actual Loops": 1
                                                    },
                                                    {
                                                        "Worker Number": 3,
                                                        "Actual Startup Time": 0.067,
                                                        "Actual Total Time": 89.167,
                                                        "Actual Rows": 160110,
                                                        "Actual Loops": 1
                                                    },
                                                    {
                                                        "Worker Number": 4,
                                                        "Actual Startup Time": 0.06,
                                                        "Actual Total Time": 88.719,
                                                        "Actual Rows": 156458,
                                                        "Actual Loops": 1
                                                    }
                                                ]
                                            }
                                        ]
                                    }
                                ]
                            }
                        ]
                    }
                ]
            }
        ]
    },
    "Planning Time": 0.76,
    "Triggers": [],
    "Execution Time": 628.799
}