[
  {
    "Plan": {
      "Node Type": "Aggregate",
      "Strategy": "Plain",
      "Partial Mode": "Finalize",
      "Parallel Aware": false,
      "Startup Cost": 331079.86,
      "Total Cost": 331079.87,
      "Plan Rows": 1,
      "Plan Width": 8,
      "Actual Startup Time": 632.627,
      "Actual Total Time": 690.936,
      "Actual Rows": 1,
      "Actual Loops": 1,
      "Plans": [
        {
          "Node Type": "Gather",
          "Parent Relationship": "Outer",
          "Parallel Aware": false,
          "Startup Cost": 331079.24,
          "Total Cost": 331079.85,
          "Plan Rows": 6,
          "Plan Width": 8,
          "Actual Startup Time": 632.522,
          "Actual Total Time": 690.925,
          "Actual Rows": 7,
          "Actual Loops": 1,
          "Workers Planned": 6,
          "Workers Launched": 6,
          "Single Copy": false,
          "Plans": [
            {
              "Node Type": "Aggregate",
              "Strategy": "Plain",
              "Partial Mode": "Partial",
              "Parent Relationship": "Outer",
              "Parallel Aware": false,
              "Startup Cost": 330079.24,
              "Total Cost": 330079.25,
              "Plan Rows": 1,
              "Plan Width": 8,
              "Actual Startup Time": 622.277,
              "Actual Total Time": 622.278,
              "Actual Rows": 1,
              "Actual Loops": 7,
              "Plans": [
                {
                  "Node Type": "Seq Scan",
                  "Parent Relationship": "Outer",
                  "Parallel Aware": true,
                  "Relation Name": "cast_info",
                  "Alias": "ci",
                  "Startup Cost": 0.0,
                  "Total Cost": 328162.03,
                  "Plan Rows": 766884,
                  "Plan Width": 0,
                  "Actual Startup Time": 0.062,
                  "Actual Total Time": 585.428,
                  "Actual Rows": 675287,
                  "Actual Loops": 7,
                  "Filter": "(person_id < 458300)",
                  "Rows Removed by Filter": 4502476
                }
              ]
            }
          ]
        }
      ]
    },
    "Planning Time": 0.206,
    "Triggers": [],
    "Execution Time": 691.01
  }
]