[
  {
    "Plan": {
      "Node Type": "Aggregate",
      "Strategy": "Plain",
      "Partial Mode": "Finalize",
      "Parallel Aware": false,
      "Startup Cost": 354252.38,
      "Total Cost": 354252.39,
      "Plan Rows": 1,
      "Plan Width": 8,
      "Actual Startup Time": 552.746,
      "Actual Total Time": 573.417,
      "Actual Rows": 1,
      "Actual Loops": 1,
      "Plans": [
        {
          "Node Type": "Gather",
          "Parent Relationship": "Outer",
          "Parallel Aware": false,
          "Startup Cost": 354251.76,
          "Total Cost": 354252.36,
          "Plan Rows": 6,
          "Plan Width": 8,
          "Actual Startup Time": 534.123,
          "Actual Total Time": 573.407,
          "Actual Rows": 7,
          "Actual Loops": 1,
          "Workers Planned": 6,
          "Workers Launched": 6,
          "Single Copy": false,
          "Plans": [
            {
              "Node Type": "Aggregate",
              "Strategy": "Plain",
              "Partial Mode": "Partial",
              "Parent Relationship": "Outer",
              "Parallel Aware": false,
              "Startup Cost": 353251.76,
              "Total Cost": 353251.77,
              "Plan Rows": 1,
              "Plan Width": 8,
              "Actual Startup Time": 520.981,
              "Actual Total Time": 520.985,
              "Actual Rows": 1,
              "Actual Loops": 7,
              "Plans": [
                {
                  "Node Type": "Hash Join",
                  "Parent Relationship": "Outer",
                  "Parallel Aware": true,
                  "Join Type": "Inner",
                  "Startup Cost": 94423.84,
                  "Total Cost": 352707.64,
                  "Plan Rows": 217648,
                  "Plan Width": 0,
                  "Actual Startup Time": 433.783,
                  "Actual Total Time": 515.823,
                  "Actual Rows": 83878,
                  "Actual Loops": 7,
                  "Inner Unique": true,
                  "Hash Cond": "(ci.movie_id = t.id)",
                  "Plans": [
                    {
                      "Node Type": "Bitmap Heap Scan",
                      "Parent Relationship": "Outer",
                      "Parallel Aware": true,
                      "Relation Name": "cast_info",
                      "Alias": "ci",
                      "Startup Cost": 44203.45,
                      "Total Cost": 301915.93,
                      "Plan Rows": 217648,
                      "Plan Width": 4,
                      "Actual Startup Time": 170.649,
                      "Actual Total Time": 201.732,
                      "Actual Rows": 83878,
                      "Actual Loops": 7,
                      "Recheck Cond": "(person_id < 202521)",
                      "Rows Removed by Index Recheck": 0,
                      "Filter": "(role_id > 1)",
                      "Rows Removed by Filter": 210656,
                      "Exact Heap Blocks": 4201,
                      "Lossy Heap Blocks": 0,
                      "Plans": [
                        {
                          "Node Type": "Bitmap Index Scan",
                          "Parent Relationship": "Outer",
                          "Parallel Aware": false,
                          "Index Name": "person_id_cast_info",
                          "Startup Cost": 0.0,
                          "Total Cost": 43876.98,
                          "Plan Rows": 2010189,
                          "Plan Width": 0,
                          "Actual Startup Time": 110.382,
                          "Actual Total Time": 110.382,
                          "Actual Rows": 2061741,
                          "Actual Loops": 1,
                          "Index Cond": "(person_id < 202521)"
                        }
                      ]
                    },
                    {
                      "Node Type": "Hash",
                      "Parent Relationship": "Inner",
                      "Parallel Aware": true,
                      "Startup Cost": 42319.06,
                      "Total Cost": 42319.06,
                      "Plan Rows": 632106,
                      "Plan Width": 4,
                      "Actual Startup Time": 258.609,
                      "Actual Total Time": 258.611,
                      "Actual Rows": 361187,
                      "Actual Loops": 7,
                      "Hash Buckets": 4194304,
                      "Original Hash Buckets": 4194304,
                      "Hash Batches": 1,
                      "Original Hash Batches": 1,
                      "Peak Memory Usage": 131776,
                      "Plans": [
                        {
                          "Node Type": "Seq Scan",
                          "Parent Relationship": "Outer",
                          "Parallel Aware": true,
                          "Relation Name": "title",
                          "Alias": "t",
                          "Startup Cost": 0.0,
                          "Total Cost": 42319.06,
                          "Plan Rows": 632106,
                          "Plan Width": 4,
                          "Actual Startup Time": 0.037,
                          "Actual Total Time": 82.171,
                          "Actual Rows": 361187,
                          "Actual Loops": 7
                        }
                      ]
                    }
                  ]
                }
              ]
            }
          ]
        }
      ]
    },
    "Planning Time": 0.374,
    "Triggers": [],
    "Execution Time": 573.463
  }
]