[
  {
    "Plan": {
      "Node Type": "Aggregate",
      "Strategy": "Plain",
      "Partial Mode": "Finalize",
      "Parallel Aware": false,
      "Startup Cost": 44671.04,
      "Total Cost": 44671.05,
      "Plan Rows": 1,
      "Plan Width": 8,
      "Actual Startup Time": 142.065,
      "Actual Total Time": 152.303,
      "Actual Rows": 1,
      "Actual Loops": 1,
      "Plans": [
        {
          "Node Type": "Gather",
          "Parent Relationship": "Outer",
          "Parallel Aware": false,
          "Startup Cost": 44670.72,
          "Total Cost": 44671.03,
          "Plan Rows": 3,
          "Plan Width": 8,
          "Actual Startup Time": 141.943,
          "Actual Total Time": 152.294,
          "Actual Rows": 4,
          "Actual Loops": 1,
          "Workers Planned": 3,
          "Workers Launched": 3,
          "Single Copy": false,
          "Plans": [
            {
              "Node Type": "Aggregate",
              "Strategy": "Plain",
              "Partial Mode": "Partial",
              "Parent Relationship": "Outer",
              "Parallel Aware": false,
              "Startup Cost": 43670.72,
              "Total Cost": 43670.73,
              "Plan Rows": 1,
              "Plan Width": 8,
              "Actual Startup Time": 134.922,
              "Actual Total Time": 134.923,
              "Actual Rows": 1,
              "Actual Loops": 4,
              "Plans": [
                {
                  "Node Type": "Seq Scan",
                  "Parent Relationship": "Outer",
                  "Parallel Aware": true,
                  "Relation Name": "movie_keyword",
                  "Alias": "mk",
                  "Startup Cost": 0.0,
                  "Total Cost": 42695.65,
                  "Plan Rows": 390028,
                  "Plan Width": 0,
                  "Actual Startup Time": 0.057,
                  "Actual Total Time": 117.63,
                  "Actual Rows": 304589,
                  "Actual Loops": 4,
                  "Filter": "(keyword_id < 1535)",
                  "Rows Removed by Filter": 826393
                }
              ]
            }
          ]
        }
      ]
    },
    "Planning Time": 0.179,
    "Triggers": [],
    "Execution Time": 152.405
  }
]