[
  {
    "Plan": {
      "Node Type": "Aggregate",
      "Strategy": "Plain",
      "Partial Mode": "Finalize",
      "Parallel Aware": false,
      "Startup Cost": 113060.26,
      "Total Cost": 113060.27,
      "Plan Rows": 1,
      "Plan Width": 8,
      "Actual Startup Time": 564.527,
      "Actual Total Time": 580.804,
      "Actual Rows": 1,
      "Actual Loops": 1,
      "Plans": [
        {
          "Node Type": "Gather",
          "Parent Relationship": "Outer",
          "Parallel Aware": false,
          "Startup Cost": 113059.94,
          "Total Cost": 113060.25,
          "Plan Rows": 3,
          "Plan Width": 8,
          "Actual Startup Time": 562.28,
          "Actual Total Time": 580.794,
          "Actual Rows": 4,
          "Actual Loops": 1,
          "Workers Planned": 3,
          "Workers Launched": 3,
          "Single Copy": false,
          "Plans": [
            {
              "Node Type": "Aggregate",
              "Strategy": "Plain",
              "Partial Mode": "Partial",
              "Parent Relationship": "Outer",
              "Parallel Aware": false,
              "Startup Cost": 112059.94,
              "Total Cost": 112059.95,
              "Plan Rows": 1,
              "Plan Width": 8,
              "Actual Startup Time": 552.187,
              "Actual Total Time": 552.35,
              "Actual Rows": 1,
              "Actual Loops": 4,
              "Plans": [
                {
                  "Node Type": "Hash Join",
                  "Parent Relationship": "Outer",
                  "Parallel Aware": true,
                  "Join Type": "Inner",
                  "Startup Cost": 63422.67,
                  "Total Cost": 111725.21,
                  "Plan Rows": 133895,
                  "Plan Width": 0,
                  "Actual Startup Time": 283.654,
                  "Actual Total Time": 511.828,
                  "Actual Rows": 893212,
                  "Actual Loops": 4,
                  "Inner Unique": false,
                  "Hash Cond": "(mk.movie_id = t.id)",
                  "Plans": [
                    {
                      "Node Type": "Seq Scan",
                      "Parent Relationship": "Outer",
                      "Parallel Aware": true,
                      "Relation Name": "movie_keyword",
                      "Alias": "mk",
                      "Startup Cost": 0.0,
                      "Total Cost": 42695.65,
                      "Plan Rows": 1346395,
                      "Plan Width": 4,
                      "Actual Startup Time": 0.029,
                      "Actual Total Time": 117.171,
                      "Actual Rows": 1046042,
                      "Actual Loops": 4,
                      "Filter": "(keyword_id < 48759)",
                      "Rows Removed by Filter": 84941
                    },
                    {
                      "Node Type": "Hash",
                      "Parent Relationship": "Inner",
                      "Parallel Aware": true,
                      "Startup Cost": 62113.13,
                      "Total Cost": 62113.13,
                      "Plan Rows": 104763,
                      "Plan Width": 8,
                      "Actual Startup Time": 243.311,
                      "Actual Total Time": 243.472,
                      "Actual Rows": 86517,
                      "Actual Loops": 4,
                      "Hash Buckets": 524288,
                      "Original Hash Buckets": 262144,
                      "Hash Batches": 1,
                      "Original Hash Batches": 1,
                      "Peak Memory Usage": 19744,
                      "Plans": [
                        {
                          "Node Type": "Hash Join",
                          "Parent Relationship": "Outer",
                          "Parallel Aware": true,
                          "Join Type": "Inner",
                          "Startup Cost": 46918.57,
                          "Total Cost": 62113.13,
                          "Plan Rows": 104763,
                          "Plan Width": 8,
                          "Actual Startup Time": 164.034,
                          "Actual Total Time": 218.049,
                          "Actual Rows": 86517,
                          "Actual Loops": 4,
                          "Inner Unique": true,
                          "Hash Cond": "(mi_idx.movie_id = t.id)",
                          "Plans": [
                            {
                              "Node Type": "Seq Scan",
                              "Parent Relationship": "Outer",
                              "Parallel Aware": true,
                              "Relation Name": "movie_info_idx",
                              "Alias": "mi_idx",
                              "Startup Cost": 0.0,
                              "Total Cost": 13685.15,
                              "Plan Rows": 575015,
                              "Plan Width": 4,
                              "Actual Startup Time": 0.029,
                              "Actual Total Time": 29.693,
                              "Actual Rows": 345009,
                              "Actual Loops": 4
                            },
                            {
                              "Node Type": "Hash",
                              "Parent Relationship": "Inner",
                              "Parallel Aware": true,
                              "Startup Cost": 45479.1,
                              "Total Cost": 45479.1,
                              "Plan Rows": 115158,
                              "Plan Width": 4,
                              "Actual Startup Time": 133.48,
                              "Actual Total Time": 133.481,
                              "Actual Rows": 83821,
                              "Actual Loops": 4,
                              "Hash Buckets": 524288,
                              "Original Hash Buckets": 524288,
                              "Hash Batches": 1,
                              "Original Hash Batches": 1,
                              "Peak Memory Usage": 17280,
                              "Plans": [
                                {
                                  "Node Type": "Seq Scan",
                                  "Parent Relationship": "Outer",
                                  "Parallel Aware": true,
                                  "Relation Name": "title",
                                  "Alias": "t",
                                  "Startup Cost": 0.0,
                                  "Total Cost": 45479.1,
                                  "Plan Rows": 115158,
                                  "Plan Width": 4,
                                  "Actual Startup Time": 49.43,
                                  "Actual Total Time": 105.19,
                                  "Actual Rows": 83821,
                                  "Actual Loops": 4,
                                  "Filter": "((production_year > 1990) AND (kind_id = 1))",
                                  "Rows Removed by Filter": 548257
                                }
                              ]
                            }
                          ]
                        }
                      ]
                    }
                  ]
                }
              ]
            }
          ]
        }
      ]
    },
    "Planning Time": 1.492,
    "Triggers": [],
    "Execution Time": 580.896
  }
]