[
  {
    "Plan": {
      "Node Type": "Aggregate",
      "Strategy": "Plain",
      "Partial Mode": "Finalize",
      "Parallel Aware": false,
      "Startup Cost": 321942.14,
      "Total Cost": 321942.15,
      "Plan Rows": 1,
      "Plan Width": 8,
      "Actual Startup Time": 687.294,
      "Actual Total Time": 756.554,
      "Actual Rows": 1,
      "Actual Loops": 1,
      "Plans": [
        {
          "Node Type": "Gather",
          "Parent Relationship": "Outer",
          "Parallel Aware": false,
          "Startup Cost": 321941.51,
          "Total Cost": 321942.12,
          "Plan Rows": 6,
          "Plan Width": 8,
          "Actual Startup Time": 687.155,
          "Actual Total Time": 756.543,
          "Actual Rows": 7,
          "Actual Loops": 1,
          "Workers Planned": 6,
          "Workers Launched": 6,
          "Single Copy": false,
          "Plans": [
            {
              "Node Type": "Aggregate",
              "Strategy": "Plain",
              "Partial Mode": "Partial",
              "Parent Relationship": "Outer",
              "Parallel Aware": false,
              "Startup Cost": 320941.51,
              "Total Cost": 320941.52,
              "Plan Rows": 1,
              "Plan Width": 8,
              "Actual Startup Time": 680.254,
              "Actual Total Time": 680.258,
              "Actual Rows": 1,
              "Actual Loops": 7,
              "Plans": [
                {
                  "Node Type": "Nested Loop",
                  "Parent Relationship": "Outer",
                  "Parallel Aware": false,
                  "Join Type": "Inner",
                  "Startup Cost": 1.43,
                  "Total Cost": 320417.54,
                  "Plan Rows": 209589,
                  "Plan Width": 0,
                  "Actual Startup Time": 0.407,
                  "Actual Total Time": 665.017,
                  "Actual Rows": 263575,
                  "Actual Loops": 7,
                  "Inner Unique": false,
                  "Plans": [
                    {
                      "Node Type": "Nested Loop",
                      "Parent Relationship": "Outer",
                      "Parallel Aware": false,
                      "Join Type": "Inner",
                      "Startup Cost": 0.99,
                      "Total Cost": 252435.86,
                      "Plan Rows": 35695,
                      "Plan Width": 8,
                      "Actual Startup Time": 0.253,
                      "Actual Total Time": 327.322,
                      "Actual Rows": 14911,
                      "Actual Loops": 7,
                      "Inner Unique": true,
                      "Plans": [
                        {
                          "Node Type": "Index Scan",
                          "Parent Relationship": "Outer",
                          "Parallel Aware": true,
                          "Scan Direction": "Forward",
                          "Index Name": "role_id_cast_info",
                          "Relation Name": "cast_info",
                          "Alias": "ci",
                          "Startup Cost": 0.56,
                          "Total Cost": 206461.54,
                          "Plan Rows": 35695,
                          "Plan Width": 4,
                          "Actual Startup Time": 0.106,
                          "Actual Total Time": 229.703,
                          "Actual Rows": 14911,
                          "Actual Loops": 7,
                          "Index Cond": "(role_id > 6)",
                          "Rows Removed by Index Recheck": 0,
                          "Filter": "(person_id < 107357)",
                          "Rows Removed by Filter": 1086894
                        },
                        {
                          "Node Type": "Index Only Scan",
                          "Parent Relationship": "Inner",
                          "Parallel Aware": false,
                          "Scan Direction": "Forward",
                          "Index Name": "title_pkey",
                          "Relation Name": "title",
                          "Alias": "t",
                          "Startup Cost": 0.43,
                          "Total Cost": 1.29,
                          "Plan Rows": 1,
                          "Plan Width": 4,
                          "Actual Startup Time": 0.006,
                          "Actual Total Time": 0.006,
                          "Actual Rows": 1,
                          "Actual Loops": 104379,
                          "Index Cond": "(id = ci.movie_id)",
                          "Rows Removed by Index Recheck": 0,
                          "Heap Fetches": 104379
                        }
                      ]
                    },
                    {
                      "Node Type": "Index Only Scan",
                      "Parent Relationship": "Inner",
                      "Parallel Aware": false,
                      "Scan Direction": "Forward",
                      "Index Name": "movie_id_movie_info",
                      "Relation Name": "movie_info",
                      "Alias": "mi",
                      "Startup Cost": 0.43,
                      "Total Cost": 1.49,
                      "Plan Rows": 41,
                      "Plan Width": 4,
                      "Actual Startup Time": 0.007,
                      "Actual Total Time": 0.021,
                      "Actual Rows": 18,
                      "Actual Loops": 104379,
                      "Index Cond": "(movie_id = t.id)",
                      "Rows Removed by Index Recheck": 0,
                      "Heap Fetches": 1845028
                    }
                  ]
                }
              ]
            }
          ]
        }
      ]
    },
    "Planning Time": 1.219,
    "Triggers": [],
    "Execution Time": 756.657
  }
]