[
  {
    "Plan": {
      "Node Type": "Aggregate",
      "Strategy": "Plain",
      "Partial Mode": "Finalize",
      "Parallel Aware": false,
      "Startup Cost": 164289.89,
      "Total Cost": 164289.9,
      "Plan Rows": 1,
      "Plan Width": 8,
      "Actual Startup Time": 332.369,
      "Actual Total Time": 358.987,
      "Actual Rows": 1,
      "Actual Loops": 1,
      "Plans": [
        {
          "Node Type": "Gather",
          "Parent Relationship": "Outer",
          "Parallel Aware": false,
          "Startup Cost": 164289.37,
          "Total Cost": 164289.88,
          "Plan Rows": 5,
          "Plan Width": 8,
          "Actual Startup Time": 332.125,
          "Actual Total Time": 358.972,
          "Actual Rows": 6,
          "Actual Loops": 1,
          "Workers Planned": 5,
          "Workers Launched": 5,
          "Single Copy": false,
          "Plans": [
            {
              "Node Type": "Aggregate",
              "Strategy": "Plain",
              "Partial Mode": "Partial",
              "Parent Relationship": "Outer",
              "Parallel Aware": false,
              "Startup Cost": 163289.37,
              "Total Cost": 163289.38,
              "Plan Rows": 1,
              "Plan Width": 8,
              "Actual Startup Time": 325.222,
              "Actual Total Time": 325.226,
              "Actual Rows": 1,
              "Actual Loops": 6,
              "Plans": [
                {
                  "Node Type": "Hash Join",
                  "Parent Relationship": "Outer",
                  "Parallel Aware": true,
                  "Join Type": "Inner",
                  "Startup Cost": 43940.97,
                  "Total Cost": 163283.05,
                  "Plan Rows": 2527,
                  "Plan Width": 0,
                  "Actual Startup Time": 79.839,
                  "Actual Total Time": 325.123,
                  "Actual Rows": 972,
                  "Actual Loops": 6,
                  "Inner Unique": true,
                  "Hash Cond": "(ci.movie_id = t.id)",
                  "Plans": [
                    {
                      "Node Type": "Index Scan",
                      "Parent Relationship": "Outer",
                      "Parallel Aware": true,
                      "Scan Direction": "Forward",
                      "Index Name": "role_id_cast_info",
                      "Relation Name": "cast_info",
                      "Alias": "ci",
                      "Startup Cost": 0.56,
                      "Total Cost": 118067.1,
                      "Plan Rows": 485918,
                      "Plan Width": 4,
                      "Actual Startup Time": 0.211,
                      "Actual Total Time": 172.955,
                      "Actual Rows": 616042,
                      "Actual Loops": 6,
                      "Index Cond": "(role_id = 10)",
                      "Rows Removed by Index Recheck": 0,
                      "Filter": "(person_id > 1591843)",
                      "Rows Removed by Filter": 104461
                    },
                    {
                      "Node Type": "Hash",
                      "Parent Relationship": "Inner",
                      "Parallel Aware": true,
                      "Startup Cost": 43899.32,
                      "Total Cost": 43899.32,
                      "Plan Rows": 3287,
                      "Plan Width": 4,
                      "Actual Startup Time": 77.33,
                      "Actual Total Time": 77.331,
                      "Actual Rows": 2392,
                      "Actual Loops": 6,
                      "Hash Buckets": 16384,
                      "Original Hash Buckets": 16384,
                      "Hash Batches": 1,
                      "Original Hash Batches": 1,
                      "Peak Memory Usage": 800,
                      "Plans": [
                        {
                          "Node Type": "Seq Scan",
                          "Parent Relationship": "Outer",
                          "Parallel Aware": true,
                          "Relation Name": "title",
                          "Alias": "t",
                          "Startup Cost": 0.0,
                          "Total Cost": 43899.32,
                          "Plan Rows": 3287,
                          "Plan Width": 4,
                          "Actual Startup Time": 0.164,
                          "Actual Total Time": 75.837,
                          "Actual Rows": 2392,
                          "Actual Loops": 6,
                          "Filter": "(production_year = 1969)",
                          "Rows Removed by Filter": 418994
                        }
                      ]
                    }
                  ]
                }
              ]
            }
          ]
        }
      ]
    },
    "Planning Time": 0.599,
    "Triggers": [],
    "Execution Time": 359.045
  }
]