[
  {
    "Plan": {
      "Node Type": "Aggregate",
      "Strategy": "Plain",
      "Partial Mode": "Finalize",
      "Parallel Aware": false,
      "Startup Cost": 33037.78,
      "Total Cost": 33037.79,
      "Plan Rows": 1,
      "Plan Width": 8,
      "Actual Startup Time": 91.786,
      "Actual Total Time": 99.378,
      "Actual Rows": 1,
      "Actual Loops": 1,
      "Plans": [
        {
          "Node Type": "Gather",
          "Parent Relationship": "Outer",
          "Parallel Aware": false,
          "Startup Cost": 33037.46,
          "Total Cost": 33037.77,
          "Plan Rows": 3,
          "Plan Width": 8,
          "Actual Startup Time": 91.698,
          "Actual Total Time": 99.369,
          "Actual Rows": 4,
          "Actual Loops": 1,
          "Workers Planned": 3,
          "Workers Launched": 3,
          "Single Copy": false,
          "Plans": [
            {
              "Node Type": "Aggregate",
              "Strategy": "Plain",
              "Partial Mode": "Partial",
              "Parent Relationship": "Outer",
              "Parallel Aware": false,
              "Startup Cost": 32037.46,
              "Total Cost": 32037.47,
              "Plan Rows": 1,
              "Plan Width": 8,
              "Actual Startup Time": 87.019,
              "Actual Total Time": 87.02,
              "Actual Rows": 1,
              "Actual Loops": 4,
              "Plans": [
                {
                  "Node Type": "Seq Scan",
                  "Parent Relationship": "Outer",
                  "Parallel Aware": true,
                  "Relation Name": "movie_companies",
                  "Alias": "mc",
                  "Startup Cost": 0.0,
                  "Total Cost": 31414.82,
                  "Plan Rows": 249056,
                  "Plan Width": 0,
                  "Actual Startup Time": 41.101,
                  "Actual Total Time": 76.667,
                  "Actual Rows": 245767,
                  "Actual Loops": 4,
                  "Filter": "((company_id > 7642) AND (company_type_id > 1))",
                  "Rows Removed by Filter": 406515
                }
              ]
            }
          ]
        }
      ]
    },
    "Planning Time": 0.199,
    "Triggers": [],
    "Execution Time": 99.43
  }
]