{
  "Plan": {
    "Node Type": "Aggregate",
    "Strategy": "Plain",
    "Partial Mode": "Finalize",
    "Parallel Aware": false,
    "Startup Cost": 79138.14,
    "Total Cost": 79138.15,
    "Plan Rows": 1,
    "Plan Width": 8,
    "Actual Startup Time": 262.266,
    "Actual Total Time": 272.801,
    "Actual Rows": 1,
    "Actual Loops": 1,
    "Plans": [
      {
        "Node Type": "Gather",
        "Parent Relationship": "Outer",
        "Parallel Aware": false,
        "Startup Cost": 79138.03,
        "Total Cost": 79138.14,
        "Plan Rows": 1,
        "Plan Width": 8,
        "Actual Startup Time": 261.991,
        "Actual Total Time": 272.794,
        "Actual Rows": 2,
        "Actual Loops": 1,
        "Workers Planned": 1,
        "Workers Launched": 1,
        "Single Copy": false,
        "Plans": [
          {
            "Node Type": "Aggregate",
            "Strategy": "Plain",
            "Partial Mode": "Partial",
            "Parent Relationship": "Outer",
            "Parallel Aware": false,
            "Startup Cost": 78138.03,
            "Total Cost": 78138.04,
            "Plan Rows": 1,
            "Plan Width": 8,
            "Actual Startup Time": 256.191,
            "Actual Total Time": 256.195,
            "Actual Rows": 1,
            "Actual Loops": 2,
            "Plans": [
              {
                "Node Type": "Hash Join",
                "Parent Relationship": "Outer",
                "Parallel Aware": true,
                "Join Type": "Inner",
                "Startup Cost": 58614.21,
                "Total Cost": 78115.65,
                "Plan Rows": 8949,
                "Plan Width": 0,
                "Actual Startup Time": 154.814,
                "Actual Total Time": 256.042,
                "Actual Rows": 2756,
                "Actual Loops": 2,
                "Inner Unique": true,
                "Hash Cond": "(mi_idx.movie_id = t.id)",
                "Plans": [
                  {
                    "Node Type": "Seq Scan",
                    "Parent Relationship": "Outer",
                    "Parallel Aware": true,
                    "Relation Name": "movie_info_idx",
                    "Alias": "mi_idx",
                    "Startup Cost": 0.0,
                    "Total Cost": 18082.32,
                    "Plan Rows": 540622,
                    "Plan Width": 4,
                    "Actual Startup Time": 0.024,
                    "Actual Total Time": 63.919,
                    "Actual Rows": 459925,
                    "Actual Loops": 2,
                    "Filter": "(info_type_id < 101)",
                    "Rows Removed by Filter": 230092
                  },
                  {
                    "Node Type": "Hash",
                    "Parent Relationship": "Inner",
                    "Parallel Aware": true,
                    "Startup Cost": 58306.47,
                    "Total Cost": 58306.47,
                    "Plan Rows": 24619,
                    "Plan Width": 4,
                    "Actual Startup Time": 152.831,
                    "Actual Total Time": 152.832,
                    "Actual Rows": 20128,
                    "Actual Loops": 2,
                    "Hash Buckets": 65536,
                    "Original Hash Buckets": 65536,
                    "Hash Batches": 1,
                    "Original Hash Batches": 1,
                    "Peak Memory Usage": 2144,
                    "Plans": [
                      {
                        "Node Type": "Seq Scan",
                        "Parent Relationship": "Outer",
                        "Parallel Aware": true,
                        "Relation Name": "title",
                        "Alias": "t",
                        "Startup Cost": 0.0,
                        "Total Cost": 58306.47,
                        "Plan Rows": 24619,
                        "Plan Width": 4,
                        "Actual Startup Time": 0.099,
                        "Actual Total Time": 145.259,
                        "Actual Rows": 20128,
                        "Actual Loops": 2,
                        "Filter": "((production_year > 2012) AND (kind_id = 7))",
                        "Rows Removed by Filter": 1244028
                      }
                    ]
                  }
                ]
              }
            ]
          }
        ]
      }
    ]
  },
  "Planning Time": 0.459,
  "Triggers": [],
  "Execution Time": 272.876
}