[
  {
    "Plan": {
      "Node Type": "Aggregate",
      "Strategy": "Plain",
      "Partial Mode": "Finalize",
      "Parallel Aware": false,
      "Startup Cost": 405838.58,
      "Total Cost": 405838.59,
      "Plan Rows": 1,
      "Plan Width": 8,
      "Actual Startup Time": 1759.768,
      "Actual Total Time": 1815.706,
      "Actual Rows": 1,
      "Actual Loops": 1,
      "Plans": [
        {
          "Node Type": "Gather",
          "Parent Relationship": "Outer",
          "Parallel Aware": false,
          "Startup Cost": 405837.96,
          "Total Cost": 405838.57,
          "Plan Rows": 6,
          "Plan Width": 8,
          "Actual Startup Time": 1746.99,
          "Actual Total Time": 1815.694,
          "Actual Rows": 7,
          "Actual Loops": 1,
          "Workers Planned": 6,
          "Workers Launched": 6,
          "Single Copy": false,
          "Plans": [
            {
              "Node Type": "Aggregate",
              "Strategy": "Plain",
              "Partial Mode": "Partial",
              "Parent Relationship": "Outer",
              "Parallel Aware": false,
              "Startup Cost": 404837.96,
              "Total Cost": 404837.97,
              "Plan Rows": 1,
              "Plan Width": 8,
              "Actual Startup Time": 1735.698,
              "Actual Total Time": 1735.702,
              "Actual Rows": 1,
              "Actual Loops": 7,
              "Plans": [
                {
                  "Node Type": "Hash Join",
                  "Parent Relationship": "Outer",
                  "Parallel Aware": true,
                  "Join Type": "Inner",
                  "Startup Cost": 49695.15,
                  "Total Cost": 400853.33,
                  "Plan Rows": 1593851,
                  "Plan Width": 0,
                  "Actual Startup Time": 446.686,
                  "Actual Total Time": 1674.264,
                  "Actual Rows": 1314965,
                  "Actual Loops": 7,
                  "Inner Unique": true,
                  "Hash Cond": "(ci.movie_id = t.id)",
                  "Plans": [
                    {
                      "Node Type": "Seq Scan",
                      "Parent Relationship": "Outer",
                      "Parallel Aware": true,
                      "Relation Name": "cast_info",
                      "Alias": "ci",
                      "Startup Cost": 0.0,
                      "Total Cost": 343316.27,
                      "Plan Rows": 2987390,
                      "Plan Width": 4,
                      "Actual Startup Time": 240.172,
                      "Actual Total Time": 707.019,
                      "Actual Rows": 2144628,
                      "Actual Loops": 7,
                      "Filter": "((person_id < 2831299) AND (role_id > 1))",
                      "Rows Removed by Filter": 3033136
                    },
                    {
                      "Node Type": "Hash",
                      "Parent Relationship": "Inner",
                      "Parallel Aware": true,
                      "Startup Cost": 45479.59,
                      "Total Cost": 45479.59,
                      "Plan Rows": 337245,
                      "Plan Width": 4,
                      "Actual Startup Time": 202.876,
                      "Actual Total Time": 202.877,
                      "Actual Rows": 208957,
                      "Actual Loops": 7,
                      "Hash Buckets": 2097152,
                      "Original Hash Buckets": 2097152,
                      "Hash Batches": 1,
                      "Original Hash Batches": 1,
                      "Peak Memory Usage": 73696,
                      "Plans": [
                        {
                          "Node Type": "Seq Scan",
                          "Parent Relationship": "Outer",
                          "Parallel Aware": true,
                          "Relation Name": "title",
                          "Alias": "t",
                          "Startup Cost": 0.0,
                          "Total Cost": 45479.59,
                          "Plan Rows": 337245,
                          "Plan Width": 4,
                          "Actual Startup Time": 0.043,
                          "Actual Total Time": 90.336,
                          "Actual Rows": 208957,
                          "Actual Loops": 7,
                          "Filter": "((kind_id > 1) AND (production_year > 1987))",
                          "Rows Removed by Filter": 152230
                        }
                      ]
                    }
                  ]
                }
              ]
            }
          ]
        }
      ]
    },
    "Planning Time": 0.402,
    "Triggers": [],
    "Execution Time": 1815.774
  }
]