[
  {
    "Plan": {
      "Node Type": "Aggregate",
      "Strategy": "Plain",
      "Partial Mode": "Finalize",
      "Parallel Aware": false,
      "Startup Cost": 90263.49,
      "Total Cost": 90263.5,
      "Plan Rows": 1,
      "Plan Width": 8,
      "Actual Startup Time": 216.537,
      "Actual Total Time": 234.896,
      "Actual Rows": 1,
      "Actual Loops": 1,
      "Plans": [
        {
          "Node Type": "Gather",
          "Parent Relationship": "Outer",
          "Parallel Aware": false,
          "Startup Cost": 90263.17,
          "Total Cost": 90263.48,
          "Plan Rows": 3,
          "Plan Width": 8,
          "Actual Startup Time": 216.305,
          "Actual Total Time": 234.875,
          "Actual Rows": 4,
          "Actual Loops": 1,
          "Workers Planned": 3,
          "Workers Launched": 3,
          "Single Copy": false,
          "Plans": [
            {
              "Node Type": "Aggregate",
              "Strategy": "Plain",
              "Partial Mode": "Partial",
              "Parent Relationship": "Outer",
              "Parallel Aware": false,
              "Startup Cost": 89263.17,
              "Total Cost": 89263.18,
              "Plan Rows": 1,
              "Plan Width": 8,
              "Actual Startup Time": 207.723,
              "Actual Total Time": 207.726,
              "Actual Rows": 1,
              "Actual Loops": 4,
              "Plans": [
                {
                  "Node Type": "Hash Join",
                  "Parent Relationship": "Outer",
                  "Parallel Aware": true,
                  "Join Type": "Inner",
                  "Startup Cost": 45631.42,
                  "Total Cost": 89246.29,
                  "Plan Rows": 6751,
                  "Plan Width": 0,
                  "Actual Startup Time": 98.668,
                  "Actual Total Time": 207.254,
                  "Actual Rows": 8934,
                  "Actual Loops": 4,
                  "Inner Unique": true,
                  "Hash Cond": "(mk.movie_id = t.id)",
                  "Plans": [
                    {
                      "Node Type": "Seq Scan",
                      "Parent Relationship": "Outer",
                      "Parallel Aware": true,
                      "Relation Name": "movie_keyword",
                      "Alias": "mk",
                      "Startup Cost": 0.0,
                      "Total Cost": 42695.65,
                      "Plan Rows": 350177,
                      "Plan Width": 4,
                      "Actual Startup Time": 1.161,
                      "Actual Total Time": 88.786,
                      "Actual Rows": 272059,
                      "Actual Loops": 4,
                      "Filter": "(keyword_id > 16264)",
                      "Rows Removed by Filter": 858923
                    },
                    {
                      "Node Type": "Hash",
                      "Parent Relationship": "Inner",
                      "Parallel Aware": true,
                      "Startup Cost": 45479.1,
                      "Total Cost": 45479.1,
                      "Plan Rows": 12186,
                      "Plan Width": 4,
                      "Actual Startup Time": 95.815,
                      "Actual Total Time": 95.816,
                      "Actual Rows": 8872,
                      "Actual Loops": 4,
                      "Hash Buckets": 65536,
                      "Original Hash Buckets": 65536,
                      "Hash Batches": 1,
                      "Original Hash Batches": 1,
                      "Peak Memory Usage": 1920,
                      "Plans": [
                        {
                          "Node Type": "Seq Scan",
                          "Parent Relationship": "Outer",
                          "Parallel Aware": true,
                          "Relation Name": "title",
                          "Alias": "t",
                          "Startup Cost": 0.0,
                          "Total Cost": 45479.1,
                          "Plan Rows": 12186,
                          "Plan Width": 4,
                          "Actual Startup Time": 0.202,
                          "Actual Total Time": 92.505,
                          "Actual Rows": 8872,
                          "Actual Loops": 4,
                          "Filter": "((kind_id < 7) AND (production_year = 2007))",
                          "Rows Removed by Filter": 623206
                        }
                      ]
                    }
                  ]
                }
              ]
            }
          ]
        }
      ]
    },
    "Planning Time": 0.609,
    "Triggers": [],
    "Execution Time": 234.964
  }
]