{
  "Plan": {
    "Node Type": "Aggregate",
    "Strategy": "Plain",
    "Partial Mode": "Finalize",
    "Parallel Aware": false,
    "Startup Cost": 115605.63,
    "Total Cost": 115605.64,
    "Plan Rows": 1,
    "Plan Width": 8,
    "Actual Startup Time": 595.645,
    "Actual Total Time": 610.023,
    "Actual Rows": 1,
    "Actual Loops": 1,
    "Plans": [
      {
        "Node Type": "Gather",
        "Parent Relationship": "Outer",
        "Parallel Aware": false,
        "Startup Cost": 115605.52,
        "Total Cost": 115605.63,
        "Plan Rows": 1,
        "Plan Width": 8,
        "Actual Startup Time": 593.769,
        "Actual Total Time": 610.014,
        "Actual Rows": 2,
        "Actual Loops": 1,
        "Workers Planned": 1,
        "Workers Launched": 1,
        "Single Copy": false,
        "Plans": [
          {
            "Node Type": "Aggregate",
            "Strategy": "Plain",
            "Partial Mode": "Partial",
            "Parent Relationship": "Outer",
            "Parallel Aware": false,
            "Startup Cost": 114605.52,
            "Total Cost": 114605.53,
            "Plan Rows": 1,
            "Plan Width": 8,
            "Actual Startup Time": 587.94,
            "Actual Total Time": 588.382,
            "Actual Rows": 1,
            "Actual Loops": 2,
            "Plans": [
              {
                "Node Type": "Hash Join",
                "Parent Relationship": "Outer",
                "Parallel Aware": true,
                "Join Type": "Inner",
                "Startup Cost": 95214.85,
                "Total Cost": 114514.41,
                "Plan Rows": 36445,
                "Plan Width": 0,
                "Actual Startup Time": 517.688,
                "Actual Total Time": 585.205,
                "Actual Rows": 79256,
                "Actual Loops": 2,
                "Inner Unique": false,
                "Hash Cond": "(mi_idx.movie_id = t.id)",
                "Plans": [
                  {
                    "Node Type": "Seq Scan",
                    "Parent Relationship": "Outer",
                    "Parallel Aware": true,
                    "Relation Name": "movie_info_idx",
                    "Alias": "mi_idx",
                    "Startup Cost": 0.0,
                    "Total Cost": 18082.32,
                    "Plan Rows": 267429,
                    "Plan Width": 4,
                    "Actual Startup Time": 0.028,
                    "Actual Total Time": 49.298,
                    "Actual Rows": 229962,
                    "Actual Loops": 2,
                    "Filter": "(info_type_id = 99)",
                    "Rows Removed by Filter": 460055
                  },
                  {
                    "Node Type": "Hash",
                    "Parent Relationship": "Inner",
                    "Parallel Aware": true,
                    "Startup Cost": 92681.38,
                    "Total Cost": 92681.38,
                    "Plan Rows": 202678,
                    "Plan Width": 8,
                    "Actual Startup Time": 482.664,
                    "Actual Total Time": 483.104,
                    "Actual Rows": 173326,
                    "Actual Loops": 2,
                    "Hash Buckets": 524288,
                    "Original Hash Buckets": 524288,
                    "Hash Batches": 1,
                    "Original Hash Batches": 1,
                    "Peak Memory Usage": 17664,
                    "Plans": [
                      {
                        "Node Type": "Hash Join",
                        "Parent Relationship": "Outer",
                        "Parallel Aware": true,
                        "Join Type": "Inner",
                        "Startup Cost": 31323.65,
                        "Total Cost": 92681.38,
                        "Plan Rows": 202678,
                        "Plan Width": 8,
                        "Actual Startup Time": 117.824,
                        "Actual Total Time": 442.816,
                        "Actual Rows": 173326,
                        "Actual Loops": 2,
                        "Inner Unique": false,
                        "Hash Cond": "(t.id = mc.movie_id)",
                        "Plans": [
                          {
                            "Node Type": "Seq Scan",
                            "Parent Relationship": "Outer",
                            "Parallel Aware": true,
                            "Relation Name": "title",
                            "Alias": "t",
                            "Startup Cost": 0.0,
                            "Total Cost": 50870.31,
                            "Plan Rows": 1487231,
                            "Plan Width": 4,
                            "Actual Startup Time": 0.01,
                            "Actual Total Time": 116.496,
                            "Actual Rows": 1264156,
                            "Actual Loops": 2
                          },
                          {
                            "Node Type": "Hash",
                            "Parent Relationship": "Inner",
                            "Parallel Aware": true,
                            "Startup Cost": 28790.18,
                            "Total Cost": 28790.18,
                            "Plan Rows": 202678,
                            "Plan Width": 4,
                            "Actual Startup Time": 106.641,
                            "Actual Total Time": 106.642,
                            "Actual Rows": 173326,
                            "Actual Loops": 2,
                            "Hash Buckets": 524288,
                            "Original Hash Buckets": 524288,
                            "Hash Batches": 1,
                            "Original Hash Batches": 1,
                            "Peak Memory Usage": 17696,
                            "Plans": [
                              {
                                "Node Type": "Bitmap Heap Scan",
                                "Parent Relationship": "Outer",
                                "Parallel Aware": true,
                                "Relation Name": "movie_companies",
                                "Alias": "mc",
                                "Startup Cost": 7466.71,
                                "Total Cost": 28790.18,
                                "Plan Rows": 202678,
                                "Plan Width": 4,
                                "Actual Startup Time": 24.273,
                                "Actual Total Time": 62.896,
                                "Actual Rows": 173326,
                                "Actual Loops": 2,
                                "Recheck Cond": "(company_id > 88616)",
                                "Rows Removed by Index Recheck": 0,
                                "Exact Heap Blocks": 3133,
                                "Lossy Heap Blocks": 0,
                                "Plans": [
                                  {
                                    "Node Type": "Bitmap Index Scan",
                                    "Parent Relationship": "Outer",
                                    "Parallel Aware": false,
                                    "Index Name": "company_id_movie_companies",
                                    "Startup Cost": 0.0,
                                    "Total Cost": 7380.57,
                                    "Plan Rows": 344552,
                                    "Plan Width": 0,
                                    "Actual Startup Time": 23.352,
                                    "Actual Total Time": 23.352,
                                    "Actual Rows": 346653,
                                    "Actual Loops": 1,
                                    "Index Cond": "(company_id > 88616)"
                                  }
                                ]
                              }
                            ]
                          }
                        ]
                      }
                    ]
                  }
                ]
              }
            ]
          }
        ]
      }
    ]
  },
  "Planning Time": 0.88,
  "Triggers": [],
  "Execution Time": 610.122
}