[
  {
    "Plan": {
      "Node Type": "Aggregate",
      "Strategy": "Plain",
      "Partial Mode": "Finalize",
      "Parallel Aware": false,
      "Startup Cost": 31669.32,
      "Total Cost": 31669.33,
      "Plan Rows": 1,
      "Plan Width": 8,
      "Actual Startup Time": 104.974,
      "Actual Total Time": 112.537,
      "Actual Rows": 1,
      "Actual Loops": 1,
      "Plans": [
        {
          "Node Type": "Gather",
          "Parent Relationship": "Outer",
          "Parallel Aware": false,
          "Startup Cost": 31669.0,
          "Total Cost": 31669.31,
          "Plan Rows": 3,
          "Plan Width": 8,
          "Actual Startup Time": 104.846,
          "Actual Total Time": 112.529,
          "Actual Rows": 4,
          "Actual Loops": 1,
          "Workers Planned": 3,
          "Workers Launched": 3,
          "Single Copy": false,
          "Plans": [
            {
              "Node Type": "Aggregate",
              "Strategy": "Plain",
              "Partial Mode": "Partial",
              "Parent Relationship": "Outer",
              "Parallel Aware": false,
              "Startup Cost": 30669.0,
              "Total Cost": 30669.01,
              "Plan Rows": 1,
              "Plan Width": 8,
              "Actual Startup Time": 98.689,
              "Actual Total Time": 98.69,
              "Actual Rows": 1,
              "Actual Loops": 4,
              "Plans": [
                {
                  "Node Type": "Seq Scan",
                  "Parent Relationship": "Outer",
                  "Parallel Aware": true,
                  "Relation Name": "movie_companies",
                  "Alias": "mc",
                  "Startup Cost": 0.0,
                  "Total Cost": 29310.68,
                  "Plan Rows": 543328,
                  "Plan Width": 0,
                  "Actual Startup Time": 0.036,
                  "Actual Total Time": 77.603,
                  "Actual Rows": 418072,
                  "Actual Loops": 4,
                  "Filter": "(company_id < 19199)",
                  "Rows Removed by Filter": 234210
                }
              ]
            }
          ]
        }
      ]
    },
    "Planning Time": 0.126,
    "Triggers": [],
    "Execution Time": 112.578
  }
]