[
  {
    "Plan": {
      "Node Type": "Aggregate",
      "Strategy": "Plain",
      "Partial Mode": "Finalize",
      "Parallel Aware": false,
      "Startup Cost": 33186.79,
      "Total Cost": 33186.8,
      "Plan Rows": 1,
      "Plan Width": 8,
      "Actual Startup Time": 88.997,
      "Actual Total Time": 94.593,
      "Actual Rows": 1,
      "Actual Loops": 1,
      "Plans": [
        {
          "Node Type": "Gather",
          "Parent Relationship": "Outer",
          "Parallel Aware": false,
          "Startup Cost": 33186.47,
          "Total Cost": 33186.78,
          "Plan Rows": 3,
          "Plan Width": 8,
          "Actual Startup Time": 88.855,
          "Actual Total Time": 94.585,
          "Actual Rows": 4,
          "Actual Loops": 1,
          "Workers Planned": 3,
          "Workers Launched": 3,
          "Single Copy": false,
          "Plans": [
            {
              "Node Type": "Aggregate",
              "Strategy": "Plain",
              "Partial Mode": "Partial",
              "Parent Relationship": "Outer",
              "Parallel Aware": false,
              "Startup Cost": 32186.47,
              "Total Cost": 32186.48,
              "Plan Rows": 1,
              "Plan Width": 8,
              "Actual Startup Time": 83.913,
              "Actual Total Time": 83.914,
              "Actual Rows": 1,
              "Actual Loops": 4,
              "Plans": [
                {
                  "Node Type": "Seq Scan",
                  "Parent Relationship": "Outer",
                  "Parallel Aware": true,
                  "Relation Name": "movie_companies",
                  "Alias": "mc",
                  "Startup Cost": 0.0,
                  "Total Cost": 31414.82,
                  "Plan Rows": 308662,
                  "Plan Width": 0,
                  "Actual Startup Time": 39.677,
                  "Actual Total Time": 75.983,
                  "Actual Rows": 161913,
                  "Actual Loops": 4,
                  "Filter": "((company_id < 40406) AND (company_type_id = 2))",
                  "Rows Removed by Filter": 490370
                }
              ]
            }
          ]
        }
      ]
    },
    "Planning Time": 0.225,
    "Triggers": [],
    "Execution Time": 94.648
  }
]