{
  "Plan": {
    "Node Type": "Aggregate",
    "Strategy": "Plain",
    "Partial Mode": "Simple",
    "Parallel Aware": false,
    "Startup Cost": 103791.91,
    "Total Cost": 103791.92,
    "Plan Rows": 1,
    "Plan Width": 64,
    "Actual Startup Time": 8395.387,
    "Actual Total Time": 8500.298,
    "Actual Rows": 1,
    "Actual Loops": 1,
    "Plans": [
      {
        "Node Type": "Gather",
        "Parent Relationship": "Outer",
        "Parallel Aware": false,
        "Startup Cost": 1004.28,
        "Total Cost": 103791.91,
        "Plan Rows": 1,
        "Plan Width": 114,
        "Actual Startup Time": 5.488,
        "Actual Total Time": 8496.758,
        "Actual Rows": 14554,
        "Actual Loops": 1,
        "Workers Planned": 1,
        "Workers Launched": 1,
        "Single Copy": false,
        "Plans": [
          {
            "Node Type": "Nested Loop",
            "Parent Relationship": "Outer",
            "Parallel Aware": false,
            "Join Type": "Inner",
            "Startup Cost": 4.29,
            "Total Cost": 102791.81,
            "Plan Rows": 1,
            "Plan Width": 114,
            "Actual Startup Time": 3.346,
            "Actual Total Time": 8382.628,
            "Actual Rows": 7277,
            "Actual Loops": 2,
            "Inner Unique": false,
            "Plans": [
              {
                "Node Type": "Nested Loop",
                "Parent Relationship": "Outer",
                "Parallel Aware": false,
                "Join Type": "Inner",
                "Startup Cost": 4.29,
                "Total Cost": 102789.39,
                "Plan Rows": 1,
                "Plan Width": 118,
                "Actual Startup Time": 3.327,
                "Actual Total Time": 8327.569,
                "Actual Rows": 7277,
                "Actual Loops": 2,
                "Inner Unique": false,
                "Join Filter": "(t.id = mi.movie_id)",
                "Rows Removed by Join Filter": 0,
                "Plans": [
                  {
                    "Node Type": "Nested Loop",
                    "Parent Relationship": "Outer",
                    "Parallel Aware": false,
                    "Join Type": "Inner",
                    "Startup Cost": 3.85,
                    "Total Cost": 102687.41,
                    "Plan Rows": 72,
                    "Plan Width": 122,
                    "Actual Startup Time": 1.373,
                    "Actual Total Time": 3730.763,
                    "Actual Rows": 233038,
                    "Actual Loops": 2,
                    "Inner Unique": true,
                    "Plans": [
                      {
                        "Node Type": "Nested Loop",
                        "Parent Relationship": "Outer",
                        "Parallel Aware": false,
                        "Join Type": "Inner",
                        "Startup Cost": 3.42,
                        "Total Cost": 102654.83,
                        "Plan Rows": 72,
                        "Plan Width": 101,
                        "Actual Startup Time": 1.254,
                        "Actual Total Time": 2901.501,
                        "Actual Rows": 233038,
                        "Actual Loops": 2,
                        "Inner Unique": false,
                        "Plans": [
                          {
                            "Node Type": "Hash Join",
                            "Parent Relationship": "Outer",
                            "Parallel Aware": false,
                            "Join Type": "Inner",
                            "Startup Cost": 2.86,
                            "Total Cost": 102536.71,
                            "Plan Rows": 8,
                            "Plan Width": 105,
                            "Actual Startup Time": 1.12,
                            "Actual Total Time": 2745.675,
                            "Actual Rows": 6954,
                            "Actual Loops": 2,
                            "Inner Unique": true,
                            "Hash Cond": "(pi.info_type_id = it1.id)",
                            "Plans": [
                              {
                                "Node Type": "Nested Loop",
                                "Parent Relationship": "Outer",
                                "Parallel Aware": false,
                                "Join Type": "Inner",
                                "Startup Cost": 0.43,
                                "Total Cost": 102531.68,
                                "Plan Rows": 959,
                                "Plan Width": 109,
                                "Actual Startup Time": 0.715,
                                "Actual Total Time": 2740.72,
                                "Actual Rows": 11030,
                                "Actual Loops": 2,
                                "Inner Unique": true,
                                "Plans": [
                                  {
                                    "Node Type": "Seq Scan",
                                    "Parent Relationship": "Outer",
                                    "Parallel Aware": true,
                                    "Relation Name": "person_info",
                                    "Alias": "pi",
                                    "Startup Cost": 0.0,
                                    "Total Cost": 94679.99,
                                    "Plan Rows": 959,
                                    "Plan Width": 105,
                                    "Actual Startup Time": 0.55,
                                    "Actual Total Time": 2659.693,
                                    "Actual Rows": 11030,
                                    "Actual Loops": 2,
                                    "Filter": "((info ~~* '%189%'::text) OR (info ~~* '188%'::text) OR (info ~~* '187%'::text) OR (info ~~* '186%'::text) OR (info ~~* '185%'::text) OR (info ~~* '184%'::text))",
                                    "Rows Removed by Filter": 1470802
                                  },
                                  {
                                    "Node Type": "Index Only Scan",
                                    "Parent Relationship": "Inner",
                                    "Parallel Aware": false,
                                    "Scan Direction": "Forward",
                                    "Index Name": "name_pkey",
                                    "Relation Name": "name",
                                    "Alias": "n",
                                    "Startup Cost": 0.43,
                                    "Total Cost": 8.19,
                                    "Plan Rows": 1,
                                    "Plan Width": 4,
                                    "Actual Startup Time": 0.007,
                                    "Actual Total Time": 0.007,
                                    "Actual Rows": 1,
                                    "Actual Loops": 22059,
                                    "Index Cond": "(id = pi.person_id)",
                                    "Rows Removed by Index Recheck": 0,
                                    "Heap Fetches": 22059
                                  }
                                ]
                              },
                              {
                                "Node Type": "Hash",
                                "Parent Relationship": "Inner",
                                "Parallel Aware": false,
                                "Startup Cost": 2.41,
                                "Total Cost": 2.41,
                                "Plan Rows": 1,
                                "Plan Width": 4,
                                "Actual Startup Time": 0.155,
                                "Actual Total Time": 0.155,
                                "Actual Rows": 1,
                                "Actual Loops": 2,
                                "Hash Buckets": 1024,
                                "Original Hash Buckets": 1024,
                                "Hash Batches": 1,
                                "Original Hash Batches": 1,
                                "Peak Memory Usage": 9,
                                "Plans": [
                                  {
                                    "Node Type": "Seq Scan",
                                    "Parent Relationship": "Outer",
                                    "Parallel Aware": false,
                                    "Relation Name": "info_type",
                                    "Alias": "it1",
                                    "Startup Cost": 0.0,
                                    "Total Cost": 2.41,
                                    "Plan Rows": 1,
                                    "Plan Width": 4,
                                    "Actual Startup Time": 0.065,
                                    "Actual Total Time": 0.141,
                                    "Actual Rows": 1,
                                    "Actual Loops": 2,
                                    "Filter": "((info)::text ~~* 'birth date'::text)",
                                    "Rows Removed by Filter": 112
                                  }
                                ]
                              }
                            ]
                          },
                          {
                            "Node Type": "Index Scan",
                            "Parent Relationship": "Inner",
                            "Parallel Aware": false,
                            "Scan Direction": "Forward",
                            "Index Name": "person_id_cast_info",
                            "Relation Name": "cast_info",
                            "Alias": "ci",
                            "Startup Cost": 0.56,
                            "Total Cost": 9.73,
                            "Plan Rows": 503,
                            "Plan Width": 8,
                            "Actual Startup Time": 0.011,
                            "Actual Total Time": 0.019,
                            "Actual Rows": 34,
                            "Actual Loops": 13909,
                            "Index Cond": "(person_id = n.id)",
                            "Rows Removed by Index Recheck": 0
                          }
                        ]
                      },
                      {
                        "Node Type": "Index Scan",
                        "Parent Relationship": "Inner",
                        "Parallel Aware": false,
                        "Scan Direction": "Forward",
                        "Index Name": "title_pkey",
                        "Relation Name": "title",
                        "Alias": "t",
                        "Startup Cost": 0.43,
                        "Total Cost": 0.45,
                        "Plan Rows": 1,
                        "Plan Width": 21,
                        "Actual Startup Time": 0.003,
                        "Actual Total Time": 0.003,
                        "Actual Rows": 1,
                        "Actual Loops": 466077,
                        "Index Cond": "(id = ci.movie_id)",
                        "Rows Removed by Index Recheck": 0
                      }
                    ]
                  },
                  {
                    "Node Type": "Index Scan",
                    "Parent Relationship": "Inner",
                    "Parallel Aware": false,
                    "Scan Direction": "Forward",
                    "Index Name": "movie_id_movie_info",
                    "Relation Name": "movie_info",
                    "Alias": "mi",
                    "Startup Cost": 0.43,
                    "Total Cost": 1.4,
                    "Plan Rows": 1,
                    "Plan Width": 8,
                    "Actual Startup Time": 0.02,
                    "Actual Total Time": 0.02,
                    "Actual Rows": 0,
                    "Actual Loops": 466077,
                    "Index Cond": "(movie_id = ci.movie_id)",
                    "Rows Removed by Index Recheck": 0,
                    "Filter": "((info ~~* '%documentary%'::text) AND (info_type_id = 3))",
                    "Rows Removed by Filter": 19
                  }
                ]
              },
              {
                "Node Type": "Seq Scan",
                "Parent Relationship": "Inner",
                "Parallel Aware": false,
                "Relation Name": "info_type",
                "Alias": "it2",
                "Startup Cost": 0.0,
                "Total Cost": 2.41,
                "Plan Rows": 1,
                "Plan Width": 4,
                "Actual Startup Time": 0.002,
                "Actual Total Time": 0.006,
                "Actual Rows": 1,
                "Actual Loops": 14554,
                "Filter": "(id = 3)",
                "Rows Removed by Filter": 112
              }
            ]
          }
        ]
      }
    ]
  },
  "Planning Time": 3.701,
  "Triggers": [],
  "Execution Time": 8500.461
}