[
  {
    "Plan": {
      "Node Type": "Aggregate",
      "Strategy": "Plain",
      "Partial Mode": "Finalize",
      "Parallel Aware": false,
      "Startup Cost": 310404.47,
      "Total Cost": 310404.48,
      "Plan Rows": 1,
      "Plan Width": 8,
      "Actual Startup Time": 4710.652,
      "Actual Total Time": 4751.019,
      "Actual Rows": 1,
      "Actual Loops": 1,
      "Plans": [
        {
          "Node Type": "Gather",
          "Parent Relationship": "Outer",
          "Parallel Aware": false,
          "Startup Cost": 310403.95,
          "Total Cost": 310404.46,
          "Plan Rows": 5,
          "Plan Width": 8,
          "Actual Startup Time": 4695.412,
          "Actual Total Time": 4750.99,
          "Actual Rows": 6,
          "Actual Loops": 1,
          "Workers Planned": 5,
          "Workers Launched": 5,
          "Single Copy": false,
          "Plans": [
            {
              "Node Type": "Aggregate",
              "Strategy": "Plain",
              "Partial Mode": "Partial",
              "Parent Relationship": "Outer",
              "Parallel Aware": false,
              "Startup Cost": 309403.95,
              "Total Cost": 309403.96,
              "Plan Rows": 1,
              "Plan Width": 8,
              "Actual Startup Time": 4684.065,
              "Actual Total Time": 4684.83,
              "Actual Rows": 1,
              "Actual Loops": 6,
              "Plans": [
                {
                  "Node Type": "Hash Join",
                  "Parent Relationship": "Outer",
                  "Parallel Aware": true,
                  "Join Type": "Inner",
                  "Startup Cost": 98634.72,
                  "Total Cost": 305933.06,
                  "Plan Rows": 1388356,
                  "Plan Width": 0,
                  "Actual Startup Time": 567.974,
                  "Actual Total Time": 3454.207,
                  "Actual Rows": 26839439,
                  "Actual Loops": 6,
                  "Inner Unique": false,
                  "Hash Cond": "(mi.movie_id = t.id)",
                  "Plans": [
                    {
                      "Node Type": "Seq Scan",
                      "Parent Relationship": "Outer",
                      "Parallel Aware": true,
                      "Relation Name": "movie_info",
                      "Alias": "mi",
                      "Startup Cost": 0.0,
                      "Total Cost": 191685.19,
                      "Plan Rows": 2969219,
                      "Plan Width": 4,
                      "Actual Startup Time": 0.087,
                      "Actual Total Time": 320.684,
                      "Actual Rows": 2472620,
                      "Actual Loops": 6
                    },
                    {
                      "Node Type": "Hash",
                      "Parent Relationship": "Inner",
                      "Parallel Aware": true,
                      "Startup Cost": 93867.6,
                      "Total Cost": 93867.6,
                      "Plan Rows": 381370,
                      "Plan Width": 8,
                      "Actual Startup Time": 562.432,
                      "Actual Total Time": 563.195,
                      "Actual Rows": 384832,
                      "Actual Loops": 6,
                      "Hash Buckets": 4194304,
                      "Original Hash Buckets": 2097152,
                      "Hash Batches": 1,
                      "Original Hash Batches": 1,
                      "Peak Memory Usage": 139584,
                      "Plans": [
                        {
                          "Node Type": "Hash Join",
                          "Parent Relationship": "Outer",
                          "Parallel Aware": true,
                          "Join Type": "Inner",
                          "Startup Cost": 47889.04,
                          "Total Cost": 93867.6,
                          "Plan Rows": 381370,
                          "Plan Width": 8,
                          "Actual Startup Time": 156.313,
                          "Actual Total Time": 376.622,
                          "Actual Rows": 384832,
                          "Actual Loops": 6,
                          "Inner Unique": true,
                          "Hash Cond": "(mk.movie_id = t.id)",
                          "Plans": [
                            {
                              "Node Type": "Seq Scan",
                              "Parent Relationship": "Outer",
                              "Parallel Aware": true,
                              "Relation Name": "movie_keyword",
                              "Alias": "mk",
                              "Startup Cost": 0.0,
                              "Total Cost": 42695.65,
                              "Plan Rows": 1250631,
                              "Plan Width": 4,
                              "Actual Startup Time": 0.054,
                              "Actual Total Time": 105.673,
                              "Actual Rows": 644776,
                              "Actual Loops": 6,
                              "Filter": "(keyword_id > 502)",
                              "Rows Removed by Filter": 109212
                            },
                            {
                              "Node Type": "Hash",
                              "Parent Relationship": "Inner",
                              "Parallel Aware": true,
                              "Startup Cost": 45479.59,
                              "Total Cost": 45479.59,
                              "Plan Rows": 192756,
                              "Plan Width": 4,
                              "Actual Startup Time": 154.962,
                              "Actual Total Time": 154.963,
                              "Actual Rows": 112855,
                              "Actual Loops": 6,
                              "Hash Buckets": 1048576,
                              "Original Hash Buckets": 1048576,
                              "Hash Batches": 1,
                              "Original Hash Batches": 1,
                              "Peak Memory Usage": 34784,
                              "Plans": [
                                {
                                  "Node Type": "Seq Scan",
                                  "Parent Relationship": "Outer",
                                  "Parallel Aware": true,
                                  "Relation Name": "title",
                                  "Alias": "t",
                                  "Startup Cost": 0.0,
                                  "Total Cost": 45479.59,
                                  "Plan Rows": 192756,
                                  "Plan Width": 4,
                                  "Actual Startup Time": 0.059,
                                  "Actual Total Time": 95.697,
                                  "Actual Rows": 112855,
                                  "Actual Loops": 6,
                                  "Filter": "((kind_id < 7) AND (production_year > 1978))",
                                  "Rows Removed by Filter": 308530
                                }
                              ]
                            }
                          ]
                        }
                      ]
                    }
                  ]
                }
              ]
            }
          ]
        }
      ]
    },
    "Planning Time": 0.645,
    "Triggers": [],
    "Execution Time": 4751.076
  }
]