[
  {
    "Plan": {
      "Node Type": "Aggregate",
      "Strategy": "Plain",
      "Partial Mode": "Finalize",
      "Parallel Aware": false,
      "Startup Cost": 118715.08,
      "Total Cost": 118715.09,
      "Plan Rows": 1,
      "Plan Width": 8,
      "Actual Startup Time": 592.25,
      "Actual Total Time": 613.365,
      "Actual Rows": 1,
      "Actual Loops": 1,
      "Plans": [
        {
          "Node Type": "Gather",
          "Parent Relationship": "Outer",
          "Parallel Aware": false,
          "Startup Cost": 118714.76,
          "Total Cost": 118715.07,
          "Plan Rows": 3,
          "Plan Width": 8,
          "Actual Startup Time": 579.315,
          "Actual Total Time": 613.353,
          "Actual Rows": 4,
          "Actual Loops": 1,
          "Workers Planned": 3,
          "Workers Launched": 3,
          "Single Copy": false,
          "Plans": [
            {
              "Node Type": "Aggregate",
              "Strategy": "Plain",
              "Partial Mode": "Partial",
              "Parent Relationship": "Outer",
              "Parallel Aware": false,
              "Startup Cost": 117714.76,
              "Total Cost": 117714.77,
              "Plan Rows": 1,
              "Plan Width": 8,
              "Actual Startup Time": 571.44,
              "Actual Total Time": 571.448,
              "Actual Rows": 1,
              "Actual Loops": 4,
              "Plans": [
                {
                  "Node Type": "Hash Join",
                  "Parent Relationship": "Outer",
                  "Parallel Aware": true,
                  "Join Type": "Inner",
                  "Startup Cost": 91194.27,
                  "Total Cost": 117676.54,
                  "Plan Rows": 15290,
                  "Plan Width": 0,
                  "Actual Startup Time": 498.685,
                  "Actual Total Time": 570.454,
                  "Actual Rows": 14877,
                  "Actual Loops": 4,
                  "Inner Unique": false,
                  "Hash Cond": "(mk.movie_id = t.id)",
                  "Plans": [
                    {
                      "Node Type": "Bitmap Heap Scan",
                      "Parent Relationship": "Outer",
                      "Parallel Aware": true,
                      "Relation Name": "movie_keyword",
                      "Alias": "mk",
                      "Startup Cost": 8010.24,
                      "Total Cost": 33986.51,
                      "Plan Rows": 121782,
                      "Plan Width": 4,
                      "Actual Startup Time": 22.268,
                      "Actual Total Time": 75.877,
                      "Actual Rows": 94643,
                      "Actual Loops": 4,
                      "Recheck Cond": "(keyword_id > 45059)",
                      "Rows Removed by Index Recheck": 0,
                      "Exact Heap Blocks": 8299,
                      "Lossy Heap Blocks": 0,
                      "Plans": [
                        {
                          "Node Type": "Bitmap Index Scan",
                          "Parent Relationship": "Outer",
                          "Parallel Aware": false,
                          "Index Name": "keyword_id_movie_keyword",
                          "Startup Cost": 0.0,
                          "Total Cost": 7915.85,
                          "Plan Rows": 377523,
                          "Plan Width": 0,
                          "Actual Startup Time": 18.872,
                          "Actual Total Time": 18.873,
                          "Actual Rows": 378572,
                          "Actual Loops": 1,
                          "Index Cond": "(keyword_id > 45059)"
                        }
                      ]
                    },
                    {
                      "Node Type": "Hash",
                      "Parent Relationship": "Inner",
                      "Parallel Aware": true,
                      "Startup Cost": 81904.01,
                      "Total Cost": 81904.01,
                      "Plan Rows": 102402,
                      "Plan Width": 8,
                      "Actual Startup Time": 474.549,
                      "Actual Total Time": 474.554,
                      "Actual Rows": 43173,
                      "Actual Loops": 4,
                      "Hash Buckets": 524288,
                      "Original Hash Buckets": 524288,
                      "Hash Batches": 1,
                      "Original Hash Batches": 1,
                      "Peak Memory Usage": 10912,
                      "Plans": [
                        {
                          "Node Type": "Hash Join",
                          "Parent Relationship": "Outer",
                          "Parallel Aware": true,
                          "Join Type": "Inner",
                          "Startup Cost": 50220.38,
                          "Total Cost": 81904.01,
                          "Plan Rows": 102402,
                          "Plan Width": 8,
                          "Actual Startup Time": 397.569,
                          "Actual Total Time": 459.647,
                          "Actual Rows": 43173,
                          "Actual Loops": 4,
                          "Inner Unique": true,
                          "Hash Cond": "(mc.movie_id = t.id)",
                          "Plans": [
                            {
                              "Node Type": "Seq Scan",
                              "Parent Relationship": "Outer",
                              "Parallel Aware": true,
                              "Relation Name": "movie_companies",
                              "Alias": "mc",
                              "Startup Cost": 0.0,
                              "Total Cost": 31414.82,
                              "Plan Rows": 102402,
                              "Plan Width": 4,
                              "Actual Startup Time": 31.708,
                              "Actual Total Time": 62.149,
                              "Actual Rows": 43173,
                              "Actual Loops": 4,
                              "Filter": "((company_id < 753) AND (company_type_id > 1))",
                              "Rows Removed by Filter": 609109
                            },
                            {
                              "Node Type": "Hash",
                              "Parent Relationship": "Inner",
                              "Parallel Aware": true,
                              "Startup Cost": 42319.06,
                              "Total Cost": 42319.06,
                              "Plan Rows": 632106,
                              "Plan Width": 4,
                              "Actual Startup Time": 358.939,
                              "Actual Total Time": 358.941,
                              "Actual Rows": 632078,
                              "Actual Loops": 4,
                              "Hash Buckets": 4194304,
                              "Original Hash Buckets": 4194304,
                              "Hash Batches": 1,
                              "Original Hash Batches": 1,
                              "Peak Memory Usage": 131744,
                              "Plans": [
                                {
                                  "Node Type": "Seq Scan",
                                  "Parent Relationship": "Outer",
                                  "Parallel Aware": true,
                                  "Relation Name": "title",
                                  "Alias": "t",
                                  "Startup Cost": 0.0,
                                  "Total Cost": 42319.06,
                                  "Plan Rows": 632106,
                                  "Plan Width": 4,
                                  "Actual Startup Time": 0.052,
                                  "Actual Total Time": 102.041,
                                  "Actual Rows": 632078,
                                  "Actual Loops": 4
                                }
                              ]
                            }
                          ]
                        }
                      ]
                    }
                  ]
                }
              ]
            }
          ]
        }
      ]
    },
    "Planning Time": 0.46,
    "Triggers": [],
    "Execution Time": 613.419
  }
]