[
  {
    "Plan": {
      "Node Type": "Aggregate",
      "Strategy": "Plain",
      "Partial Mode": "Finalize",
      "Parallel Aware": false,
      "Startup Cost": 114826.66,
      "Total Cost": 114826.67,
      "Plan Rows": 1,
      "Plan Width": 8,
      "Actual Startup Time": 303.536,
      "Actual Total Time": 323.052,
      "Actual Rows": 1,
      "Actual Loops": 1,
      "Plans": [
        {
          "Node Type": "Gather",
          "Parent Relationship": "Outer",
          "Parallel Aware": false,
          "Startup Cost": 114826.24,
          "Total Cost": 114826.65,
          "Plan Rows": 4,
          "Plan Width": 8,
          "Actual Startup Time": 300.084,
          "Actual Total Time": 323.041,
          "Actual Rows": 5,
          "Actual Loops": 1,
          "Workers Planned": 4,
          "Workers Launched": 4,
          "Single Copy": false,
          "Plans": [
            {
              "Node Type": "Aggregate",
              "Strategy": "Plain",
              "Partial Mode": "Partial",
              "Parent Relationship": "Outer",
              "Parallel Aware": false,
              "Startup Cost": 113826.24,
              "Total Cost": 113826.25,
              "Plan Rows": 1,
              "Plan Width": 8,
              "Actual Startup Time": 287.654,
              "Actual Total Time": 287.661,
              "Actual Rows": 1,
              "Actual Loops": 5,
              "Plans": [
                {
                  "Node Type": "Hash Join",
                  "Parent Relationship": "Outer",
                  "Parallel Aware": true,
                  "Join Type": "Inner",
                  "Startup Cost": 68903.1,
                  "Total Cost": 113795.9,
                  "Plan Rows": 12136,
                  "Plan Width": 0,
                  "Actual Startup Time": 202.354,
                  "Actual Total Time": 287.061,
                  "Actual Rows": 11901,
                  "Actual Loops": 5,
                  "Inner Unique": false,
                  "Hash Cond": "(t.id = mc.movie_id)",
                  "Plans": [
                    {
                      "Node Type": "Seq Scan",
                      "Parent Relationship": "Outer",
                      "Parallel Aware": true,
                      "Relation Name": "title",
                      "Alias": "t",
                      "Startup Cost": 0.0,
                      "Total Cost": 42318.73,
                      "Plan Rows": 632073,
                      "Plan Width": 4,
                      "Actual Startup Time": 0.016,
                      "Actual Total Time": 64.145,
                      "Actual Rows": 505662,
                      "Actual Loops": 5
                    },
                    {
                      "Node Type": "Hash",
                      "Parent Relationship": "Inner",
                      "Parallel Aware": true,
                      "Startup Cost": 67884.14,
                      "Total Cost": 67884.14,
                      "Plan Rows": 81517,
                      "Plan Width": 8,
                      "Actual Startup Time": 171.07,
                      "Actual Total Time": 171.074,
                      "Actual Rows": 11901,
                      "Actual Loops": 5,
                      "Hash Buckets": 262144,
                      "Original Hash Buckets": 262144,
                      "Hash Batches": 1,
                      "Original Hash Batches": 1,
                      "Peak Memory Usage": 4448,
                      "Plans": [
                        {
                          "Node Type": "Hash Join",
                          "Parent Relationship": "Outer",
                          "Parallel Aware": true,
                          "Join Type": "Inner",
                          "Startup Cost": 40963.97,
                          "Total Cost": 67884.14,
                          "Plan Rows": 81517,
                          "Plan Width": 8,
                          "Actual Startup Time": 105.857,
                          "Actual Total Time": 167.442,
                          "Actual Rows": 11901,
                          "Actual Loops": 5,
                          "Inner Unique": false,
                          "Hash Cond": "(mk.movie_id = mc.movie_id)",
                          "Plans": [
                            {
                              "Node Type": "Bitmap Heap Scan",
                              "Parent Relationship": "Outer",
                              "Parallel Aware": true,
                              "Relation Name": "movie_keyword",
                              "Alias": "mk",
                              "Startup Cost": 8281.13,
                              "Total Cost": 34308.85,
                              "Plan Rows": 125898,
                              "Plan Width": 4,
                              "Actual Startup Time": 24.661,
                              "Actual Total Time": 72.381,
                              "Actual Rows": 75714,
                              "Actual Loops": 5,
                              "Recheck Cond": "(keyword_id > 45059)",
                              "Rows Removed by Index Recheck": 0,
                              "Exact Heap Blocks": 6471,
                              "Lossy Heap Blocks": 0,
                              "Plans": [
                                {
                                  "Node Type": "Bitmap Index Scan",
                                  "Parent Relationship": "Outer",
                                  "Parallel Aware": false,
                                  "Index Name": "keyword_id_movie_keyword",
                                  "Startup Cost": 0.0,
                                  "Total Cost": 8183.55,
                                  "Plan Rows": 390283,
                                  "Plan Width": 0,
                                  "Actual Startup Time": 21.303,
                                  "Actual Total Time": 21.304,
                                  "Actual Rows": 378572,
                                  "Actual Loops": 1,
                                  "Index Cond": "(keyword_id > 45059)"
                                }
                              ]
                            },
                            {
                              "Node Type": "Hash",
                              "Parent Relationship": "Inner",
                              "Parallel Aware": true,
                              "Startup Cost": 31414.82,
                              "Total Cost": 31414.82,
                              "Plan Rows": 101442,
                              "Plan Width": 4,
                              "Actual Startup Time": 79.512,
                              "Actual Total Time": 79.513,
                              "Actual Rows": 34538,
                              "Actual Loops": 5,
                              "Hash Buckets": 524288,
                              "Original Hash Buckets": 524288,
                              "Hash Batches": 1,
                              "Original Hash Batches": 1,
                              "Peak Memory Usage": 10944,
                              "Plans": [
                                {
                                  "Node Type": "Seq Scan",
                                  "Parent Relationship": "Outer",
                                  "Parallel Aware": true,
                                  "Relation Name": "movie_companies",
                                  "Alias": "mc",
                                  "Startup Cost": 0.0,
                                  "Total Cost": 31414.82,
                                  "Plan Rows": 101442,
                                  "Plan Width": 4,
                                  "Actual Startup Time": 43.103,
                                  "Actual Total Time": 66.928,
                                  "Actual Rows": 34538,
                                  "Actual Loops": 5,
                                  "Filter": "((company_id < 753) AND (company_type_id > 1))",
                                  "Rows Removed by Filter": 487287
                                }
                              ]
                            }
                          ]
                        }
                      ]
                    }
                  ]
                }
              ]
            }
          ]
        }
      ]
    },
    "Planning Time": 1.417,
    "Triggers": [],
    "Execution Time": 323.155
  }
]