[
    {
        "Bao": {
            "Bao prediction": "NaN",
            "Bao recommended hint": "(no hint)"
        }
    },
    {
        "Plan": {
            "Node Type": "Aggregate",
            "Strategy": "Plain",
            "Partial Mode": "Finalize",
            "Parallel Aware": false,
            "Startup Cost": 29678.56,
            "Total Cost": 29678.57,
            "Plan Rows": 1,
            "Plan Width": 8,
            "Actual Startup Time": 72.566,
            "Actual Total Time": 76.072,
            "Actual Rows": 1,
            "Actual Loops": 1,
            "Output": [
                "count(*)"
            ],
            "Plans": [
                {
                    "Node Type": "Gather",
                    "Parent Relationship": "Outer",
                    "Parallel Aware": false,
                    "Startup Cost": 29678.24,
                    "Total Cost": 29678.55,
                    "Plan Rows": 3,
                    "Plan Width": 8,
                    "Actual Startup Time": 72.401,
                    "Actual Total Time": 76.062,
                    "Actual Rows": 4,
                    "Actual Loops": 1,
                    "Output": [
                        "(PARTIAL count(*))"
                    ],
                    "Workers Planned": 3,
                    "Workers Launched": 3,
                    "Single Copy": false,
                    "Plans": [
                        {
                            "Node Type": "Aggregate",
                            "Strategy": "Plain",
                            "Partial Mode": "Partial",
                            "Parent Relationship": "Outer",
                            "Parallel Aware": false,
                            "Startup Cost": 28678.24,
                            "Total Cost": 28678.25,
                            "Plan Rows": 1,
                            "Plan Width": 8,
                            "Actual Startup Time": 63.61,
                            "Actual Total Time": 63.611,
                            "Actual Rows": 1,
                            "Actual Loops": 4,
                            "Output": [
                                "PARTIAL count(*)"
                            ],
                            "Workers": [
                                {
                                    "Worker Number": 0,
                                    "Actual Startup Time": 60.614,
                                    "Actual Total Time": 60.615,
                                    "Actual Rows": 1,
                                    "Actual Loops": 1
                                },
                                {
                                    "Worker Number": 1,
                                    "Actual Startup Time": 60.728,
                                    "Actual Total Time": 60.729,
                                    "Actual Rows": 1,
                                    "Actual Loops": 1
                                },
                                {
                                    "Worker Number": 2,
                                    "Actual Startup Time": 61.234,
                                    "Actual Total Time": 61.236,
                                    "Actual Rows": 1,
                                    "Actual Loops": 1
                                }
                            ],
                            "Plans": [
                                {
                                    "Node Type": "Bitmap Heap Scan",
                                    "Parent Relationship": "Outer",
                                    "Parallel Aware": true,
                                    "Relation Name": "movie_companies",
                                    "Schema": "public",
                                    "Alias": "mc",
                                    "Startup Cost": 8083.32,
                                    "Total Cost": 28377.42,
                                    "Plan Rows": 120328,
                                    "Plan Width": 0,
                                    "Actual Startup Time": 18.913,
                                    "Actual Total Time": 55.871,
                                    "Actual Rows": 94552,
                                    "Actual Loops": 4,
                                    "Recheck Cond": "(mc.company_id > 84582)",
                                    "Rows Removed by Index Recheck": 0,
                                    "Exact Heap Blocks": 2753,
                                    "Lossy Heap Blocks": 0,
                                    "Workers": [
                                        {
                                            "Worker Number": 0,
                                            "Actual Startup Time": 16.177,
                                            "Actual Total Time": 53.786,
                                            "Actual Rows": 73922,
                                            "Actual Loops": 1
                                        },
                                        {
                                            "Worker Number": 1,
                                            "Actual Startup Time": 16.026,
                                            "Actual Total Time": 53.798,
                                            "Actual Rows": 68860,
                                            "Actual Loops": 1
                                        },
                                        {
                                            "Worker Number": 2,
                                            "Actual Startup Time": 16.586,
                                            "Actual Total Time": 54.339,
                                            "Actual Rows": 69397,
                                            "Actual Loops": 1
                                        }
                                    ],
                                    "Plans": [
                                        {
                                            "Node Type": "Bitmap Index Scan",
                                            "Parent Relationship": "Outer",
                                            "Parallel Aware": false,
                                            "Index Name": "company_id_movie_companies",
                                            "Startup Cost": 0.0,
                                            "Total Cost": 7990.07,
                                            "Plan Rows": 373018,
                                            "Plan Width": 0,
                                            "Actual Startup Time": 25.638,
                                            "Actual Total Time": 25.638,
                                            "Actual Rows": 378210,
                                            "Actual Loops": 1,
                                            "Index Cond": "(mc.company_id > 84582)"
                                        }
                                    ]
                                }
                            ]
                        }
                    ]
                }
            ]
        },
        "Planning Time": 321.479,
        "Triggers": [],
        "Execution Time": 76.173
    }
]