[
  {
    "Plan": {
      "Node Type": "Aggregate",
      "Strategy": "Plain",
      "Partial Mode": "Finalize",
      "Parallel Aware": false,
      "Startup Cost": 401889.47,
      "Total Cost": 401889.48,
      "Plan Rows": 1,
      "Plan Width": 8,
      "Actual Startup Time": 1301.242,
      "Actual Total Time": 1358.826,
      "Actual Rows": 1,
      "Actual Loops": 1,
      "Plans": [
        {
          "Node Type": "Gather",
          "Parent Relationship": "Outer",
          "Parallel Aware": false,
          "Startup Cost": 401888.85,
          "Total Cost": 401889.46,
          "Plan Rows": 6,
          "Plan Width": 8,
          "Actual Startup Time": 1277.147,
          "Actual Total Time": 1358.808,
          "Actual Rows": 7,
          "Actual Loops": 1,
          "Workers Planned": 6,
          "Workers Launched": 6,
          "Single Copy": false,
          "Plans": [
            {
              "Node Type": "Aggregate",
              "Strategy": "Plain",
              "Partial Mode": "Partial",
              "Parent Relationship": "Outer",
              "Parallel Aware": false,
              "Startup Cost": 400888.85,
              "Total Cost": 400888.86,
              "Plan Rows": 1,
              "Plan Width": 8,
              "Actual Startup Time": 1257.698,
              "Actual Total Time": 1257.705,
              "Actual Rows": 1,
              "Actual Loops": 7,
              "Plans": [
                {
                  "Node Type": "Hash Join",
                  "Parent Relationship": "Outer",
                  "Parallel Aware": true,
                  "Join Type": "Inner",
                  "Startup Cost": 50220.38,
                  "Total Cost": 397302.42,
                  "Plan Rows": 1434572,
                  "Plan Width": 0,
                  "Actual Startup Time": 547.645,
                  "Actual Total Time": 1228.016,
                  "Actual Rows": 624831,
                  "Actual Loops": 7,
                  "Inner Unique": true,
                  "Hash Cond": "(ci.movie_id = t.id)",
                  "Plans": [
                    {
                      "Node Type": "Seq Scan",
                      "Parent Relationship": "Outer",
                      "Parallel Aware": true,
                      "Relation Name": "cast_info",
                      "Alias": "ci",
                      "Startup Cost": 0.0,
                      "Total Cost": 343316.27,
                      "Plan Rows": 1434572,
                      "Plan Width": 4,
                      "Actual Startup Time": 266.517,
                      "Actual Total Time": 640.75,
                      "Actual Rows": 624831,
                      "Actual Loops": 7,
                      "Filter": "((person_id > 2130890) AND (role_id < 3))",
                      "Rows Removed by Filter": 4552932
                    },
                    {
                      "Node Type": "Hash",
                      "Parent Relationship": "Inner",
                      "Parallel Aware": true,
                      "Startup Cost": 42319.06,
                      "Total Cost": 42319.06,
                      "Plan Rows": 632106,
                      "Plan Width": 4,
                      "Actual Startup Time": 274.586,
                      "Actual Total Time": 274.589,
                      "Actual Rows": 361187,
                      "Actual Loops": 7,
                      "Hash Buckets": 4194304,
                      "Original Hash Buckets": 4194304,
                      "Hash Batches": 1,
                      "Original Hash Batches": 1,
                      "Peak Memory Usage": 131776,
                      "Plans": [
                        {
                          "Node Type": "Seq Scan",
                          "Parent Relationship": "Outer",
                          "Parallel Aware": true,
                          "Relation Name": "title",
                          "Alias": "t",
                          "Startup Cost": 0.0,
                          "Total Cost": 42319.06,
                          "Plan Rows": 632106,
                          "Plan Width": 4,
                          "Actual Startup Time": 0.049,
                          "Actual Total Time": 80.96,
                          "Actual Rows": 361187,
                          "Actual Loops": 7
                        }
                      ]
                    }
                  ]
                }
              ]
            }
          ]
        }
      ]
    },
    "Planning Time": 0.305,
    "Triggers": [],
    "Execution Time": 1358.889
  }
]