{
  "Plan": {
    "Node Type": "Aggregate",
    "Strategy": "Plain",
    "Partial Mode": "Finalize",
    "Parallel Aware": false,
    "Startup Cost": 392009.78,
    "Total Cost": 392009.79,
    "Plan Rows": 1,
    "Plan Width": 8,
    "Actual Startup Time": 7396.516,
    "Actual Total Time": 7444.576,
    "Actual Rows": 1,
    "Actual Loops": 1,
    "Plans": [
      {
        "Node Type": "Gather",
        "Parent Relationship": "Outer",
        "Parallel Aware": false,
        "Startup Cost": 392009.67,
        "Total Cost": 392009.78,
        "Plan Rows": 1,
        "Plan Width": 8,
        "Actual Startup Time": 7394.117,
        "Actual Total Time": 7444.568,
        "Actual Rows": 2,
        "Actual Loops": 1,
        "Workers Planned": 1,
        "Workers Launched": 1,
        "Single Copy": false,
        "Plans": [
          {
            "Node Type": "Aggregate",
            "Strategy": "Plain",
            "Partial Mode": "Partial",
            "Parent Relationship": "Outer",
            "Parallel Aware": false,
            "Startup Cost": 391009.67,
            "Total Cost": 391009.68,
            "Plan Rows": 1,
            "Plan Width": 8,
            "Actual Startup Time": 7388.211,
            "Actual Total Time": 7388.215,
            "Actual Rows": 1,
            "Actual Loops": 2,
            "Plans": [
              {
                "Node Type": "Nested Loop",
                "Parent Relationship": "Outer",
                "Parallel Aware": false,
                "Join Type": "Inner",
                "Startup Cost": 75044.0,
                "Total Cost": 389511.05,
                "Plan Rows": 599447,
                "Plan Width": 0,
                "Actual Startup Time": 270.191,
                "Actual Total Time": 6550.923,
                "Actual Rows": 19087117,
                "Actual Loops": 2,
                "Inner Unique": false,
                "Join Filter": "(t.id = mi.movie_id)",
                "Rows Removed by Join Filter": 0,
                "Plans": [
                  {
                    "Node Type": "Hash Join",
                    "Parent Relationship": "Outer",
                    "Parallel Aware": true,
                    "Join Type": "Inner",
                    "Startup Cost": 75043.56,
                    "Total Cost": 106733.0,
                    "Plan Rows": 102517,
                    "Plan Width": 8,
                    "Actual Startup Time": 270.099,
                    "Actual Total Time": 432.011,
                    "Actual Rows": 248128,
                    "Actual Loops": 2,
                    "Inner Unique": true,
                    "Hash Cond": "(mk.movie_id = t.id)",
                    "Plans": [
                      {
                        "Node Type": "Bitmap Heap Scan",
                        "Parent Relationship": "Outer",
                        "Parallel Aware": true,
                        "Relation Name": "movie_keyword",
                        "Alias": "mk",
                        "Startup Cost": 17251.03,
                        "Total Cost": 47684.73,
                        "Plan Rows": 478376,
                        "Plan Width": 4,
                        "Actual Startup Time": 47.322,
                        "Actual Total Time": 139.747,
                        "Actual Rows": 399760,
                        "Actual Loops": 2,
                        "Recheck Cond": "(keyword_id > 23118)",
                        "Rows Removed by Index Recheck": 0,
                        "Exact Heap Blocks": 14424,
                        "Lossy Heap Blocks": 0,
                        "Plans": [
                          {
                            "Node Type": "Bitmap Index Scan",
                            "Parent Relationship": "Outer",
                            "Parallel Aware": false,
                            "Index Name": "keyword_id_movie_keyword",
                            "Startup Cost": 0.0,
                            "Total Cost": 17047.72,
                            "Plan Rows": 813239,
                            "Plan Width": 0,
                            "Actual Startup Time": 43.679,
                            "Actual Total Time": 43.679,
                            "Actual Rows": 799521,
                            "Actual Loops": 1,
                            "Index Cond": "(keyword_id > 23118)"
                          }
                        ]
                      },
                      {
                        "Node Type": "Hash",
                        "Parent Relationship": "Inner",
                        "Parallel Aware": true,
                        "Startup Cost": 53808.56,
                        "Total Cost": 53808.56,
                        "Plan Rows": 318717,
                        "Plan Width": 4,
                        "Actual Startup Time": 179.884,
                        "Actual Total Time": 179.885,
                        "Actual Rows": 278660,
                        "Actual Loops": 2,
                        "Hash Buckets": 1048576,
                        "Original Hash Buckets": 1048576,
                        "Hash Batches": 1,
                        "Original Hash Batches": 1,
                        "Peak Memory Usage": 30016,
                        "Plans": [
                          {
                            "Node Type": "Bitmap Heap Scan",
                            "Parent Relationship": "Outer",
                            "Parallel Aware": true,
                            "Relation Name": "title",
                            "Alias": "t",
                            "Startup Cost": 11958.3,
                            "Total Cost": 53808.56,
                            "Plan Rows": 318717,
                            "Plan Width": 4,
                            "Actual Startup Time": 31.707,
                            "Actual Total Time": 108.023,
                            "Actual Rows": 278660,
                            "Actual Loops": 2,
                            "Recheck Cond": "(kind_id = 1)",
                            "Rows Removed by Index Recheck": 0,
                            "Filter": "(production_year < 2011)",
                            "Rows Removed by Filter": 52753,
                            "Exact Heap Blocks": 8717,
                            "Lossy Heap Blocks": 0,
                            "Plans": [
                              {
                                "Node Type": "Bitmap Index Scan",
                                "Parent Relationship": "Outer",
                                "Parallel Aware": false,
                                "Index Name": "kind_id_title",
                                "Startup Cost": 0.0,
                                "Total Cost": 11822.85,
                                "Plan Rows": 663256,
                                "Plan Width": 0,
                                "Actual Startup Time": 29.839,
                                "Actual Total Time": 29.84,
                                "Actual Rows": 662825,
                                "Actual Loops": 1,
                                "Index Cond": "(kind_id = 1)"
                              }
                            ]
                          }
                        ]
                      }
                    ]
                  },
                  {
                    "Node Type": "Index Only Scan",
                    "Parent Relationship": "Inner",
                    "Parallel Aware": false,
                    "Scan Direction": "Forward",
                    "Index Name": "movie_id_movie_info",
                    "Relation Name": "movie_info",
                    "Alias": "mi",
                    "Startup Cost": 0.43,
                    "Total Cost": 2.23,
                    "Plan Rows": 42,
                    "Plan Width": 4,
                    "Actual Startup Time": 0.004,
                    "Actual Total Time": 0.018,
                    "Actual Rows": 77,
                    "Actual Loops": 496255,
                    "Index Cond": "(movie_id = mk.movie_id)",
                    "Rows Removed by Index Recheck": 0,
                    "Heap Fetches": 38174234
                  }
                ]
              }
            ]
          }
        ]
      }
    ]
  },
  "Planning Time": 1.035,
  "Triggers": [],
  "Execution Time": 7444.702
}