[
  {
    "Plan": {
      "Node Type": "Aggregate",
      "Strategy": "Plain",
      "Partial Mode": "Finalize",
      "Parallel Aware": false,
      "Startup Cost": 340441.23,
      "Total Cost": 340441.24,
      "Plan Rows": 1,
      "Plan Width": 8,
      "Actual Startup Time": 788.506,
      "Actual Total Time": 853.293,
      "Actual Rows": 1,
      "Actual Loops": 1,
      "Plans": [
        {
          "Node Type": "Gather",
          "Parent Relationship": "Outer",
          "Parallel Aware": false,
          "Startup Cost": 340440.61,
          "Total Cost": 340441.22,
          "Plan Rows": 6,
          "Plan Width": 8,
          "Actual Startup Time": 788.365,
          "Actual Total Time": 853.281,
          "Actual Rows": 7,
          "Actual Loops": 1,
          "Workers Planned": 6,
          "Workers Launched": 6,
          "Single Copy": false,
          "Plans": [
            {
              "Node Type": "Aggregate",
              "Strategy": "Plain",
              "Partial Mode": "Partial",
              "Parent Relationship": "Outer",
              "Parallel Aware": false,
              "Startup Cost": 339440.61,
              "Total Cost": 339440.62,
              "Plan Rows": 1,
              "Plan Width": 8,
              "Actual Startup Time": 778.928,
              "Actual Total Time": 778.929,
              "Actual Rows": 1,
              "Actual Loops": 7,
              "Plans": [
                {
                  "Node Type": "Seq Scan",
                  "Parent Relationship": "Outer",
                  "Parallel Aware": true,
                  "Relation Name": "cast_info",
                  "Alias": "ci",
                  "Startup Cost": 0.0,
                  "Total Cost": 328162.03,
                  "Plan Rows": 4511432,
                  "Plan Width": 0,
                  "Actual Startup Time": 0.054,
                  "Actual Total Time": 617.043,
                  "Actual Rows": 3880115,
                  "Actual Loops": 7,
                  "Filter": "(person_id < 2789435)",
                  "Rows Removed by Filter": 1297648
                }
              ]
            }
          ]
        }
      ]
    },
    "Planning Time": 0.198,
    "Triggers": [],
    "Execution Time": 853.35
  }
]