[
  {
    "Plan": {
      "Node Type": "Aggregate",
      "Strategy": "Plain",
      "Partial Mode": "Finalize",
      "Parallel Aware": false,
      "Startup Cost": 234074.62,
      "Total Cost": 234074.63,
      "Plan Rows": 1,
      "Plan Width": 8,
      "Actual Startup Time": 386.652,
      "Actual Total Time": 406.011,
      "Actual Rows": 1,
      "Actual Loops": 1,
      "Plans": [
        {
          "Node Type": "Gather",
          "Parent Relationship": "Outer",
          "Parallel Aware": false,
          "Startup Cost": 234074.1,
          "Total Cost": 234074.61,
          "Plan Rows": 5,
          "Plan Width": 8,
          "Actual Startup Time": 375.88,
          "Actual Total Time": 406.0,
          "Actual Rows": 6,
          "Actual Loops": 1,
          "Workers Planned": 5,
          "Workers Launched": 5,
          "Single Copy": false,
          "Plans": [
            {
              "Node Type": "Aggregate",
              "Strategy": "Plain",
              "Partial Mode": "Partial",
              "Parent Relationship": "Outer",
              "Parallel Aware": false,
              "Startup Cost": 233074.1,
              "Total Cost": 233074.11,
              "Plan Rows": 1,
              "Plan Width": 8,
              "Actual Startup Time": 361.919,
              "Actual Total Time": 361.922,
              "Actual Rows": 1,
              "Actual Loops": 6,
              "Plans": [
                {
                  "Node Type": "Hash Join",
                  "Parent Relationship": "Outer",
                  "Parallel Aware": true,
                  "Join Type": "Inner",
                  "Startup Cost": 67520.53,
                  "Total Cost": 232804.97,
                  "Plan Rows": 107654,
                  "Plan Width": 0,
                  "Actual Startup Time": 233.383,
                  "Actual Total Time": 356.368,
                  "Actual Rows": 90315,
                  "Actual Loops": 6,
                  "Inner Unique": true,
                  "Hash Cond": "(mi.movie_id = t.id)",
                  "Plans": [
                    {
                      "Node Type": "Bitmap Heap Scan",
                      "Parent Relationship": "Outer",
                      "Parallel Aware": true,
                      "Relation Name": "movie_info",
                      "Alias": "mi",
                      "Startup Cost": 19713.04,
                      "Total Cost": 184426.23,
                      "Plan Rows": 217616,
                      "Plan Width": 4,
                      "Actual Startup Time": 43.338,
                      "Actual Total Time": 108.886,
                      "Actual Rows": 172132,
                      "Actual Loops": 6,
                      "Recheck Cond": "(info_type_id > 82)",
                      "Rows Removed by Index Recheck": 0,
                      "Exact Heap Blocks": 8904,
                      "Lossy Heap Blocks": 0,
                      "Plans": [
                        {
                          "Node Type": "Bitmap Index Scan",
                          "Parent Relationship": "Outer",
                          "Parallel Aware": false,
                          "Index Name": "info_type_id_movie_info",
                          "Startup Cost": 0.0,
                          "Total Cost": 19441.02,
                          "Plan Rows": 1088078,
                          "Plan Width": 0,
                          "Actual Startup Time": 37.689,
                          "Actual Total Time": 37.69,
                          "Actual Rows": 1032791,
                          "Actual Loops": 1,
                          "Index Cond": "(info_type_id > 82)"
                        }
                      ]
                    },
                    {
                      "Node Type": "Hash",
                      "Parent Relationship": "Inner",
                      "Parallel Aware": true,
                      "Startup Cost": 43898.92,
                      "Total Cost": 43898.92,
                      "Plan Rows": 312686,
                      "Plan Width": 4,
                      "Actual Startup Time": 184.724,
                      "Actual Total Time": 184.724,
                      "Actual Rows": 210617,
                      "Actual Loops": 6,
                      "Hash Buckets": 2097152,
                      "Original Hash Buckets": 2097152,
                      "Hash Batches": 1,
                      "Original Hash Batches": 1,
                      "Peak Memory Usage": 65920,
                      "Plans": [
                        {
                          "Node Type": "Seq Scan",
                          "Parent Relationship": "Outer",
                          "Parallel Aware": true,
                          "Relation Name": "title",
                          "Alias": "t",
                          "Startup Cost": 0.0,
                          "Total Cost": 43898.92,
                          "Plan Rows": 312686,
                          "Plan Width": 4,
                          "Actual Startup Time": 0.045,
                          "Actual Total Time": 90.512,
                          "Actual Rows": 210617,
                          "Actual Loops": 6,
                          "Filter": "(production_year < 2004)",
                          "Rows Removed by Filter": 210769
                        }
                      ]
                    }
                  ]
                }
              ]
            }
          ]
        }
      ]
    },
    "Planning Time": 0.612,
    "Triggers": [],
    "Execution Time": 406.105
  }
]