[
  {
    "Plan": {
      "Node Type": "Aggregate",
      "Strategy": "Plain",
      "Partial Mode": "Finalize",
      "Parallel Aware": false,
      "Startup Cost": 31595.81,
      "Total Cost": 31595.82,
      "Plan Rows": 1,
      "Plan Width": 8,
      "Actual Startup Time": 111.312,
      "Actual Total Time": 119.815,
      "Actual Rows": 1,
      "Actual Loops": 1,
      "Plans": [
        {
          "Node Type": "Gather",
          "Parent Relationship": "Outer",
          "Parallel Aware": false,
          "Startup Cost": 31595.49,
          "Total Cost": 31595.8,
          "Plan Rows": 3,
          "Plan Width": 8,
          "Actual Startup Time": 111.041,
          "Actual Total Time": 119.806,
          "Actual Rows": 4,
          "Actual Loops": 1,
          "Workers Planned": 3,
          "Workers Launched": 3,
          "Single Copy": false,
          "Plans": [
            {
              "Node Type": "Aggregate",
              "Strategy": "Plain",
              "Partial Mode": "Partial",
              "Parent Relationship": "Outer",
              "Parallel Aware": false,
              "Startup Cost": 30595.49,
              "Total Cost": 30595.5,
              "Plan Rows": 1,
              "Plan Width": 8,
              "Actual Startup Time": 105.634,
              "Actual Total Time": 105.635,
              "Actual Rows": 1,
              "Actual Loops": 4,
              "Plans": [
                {
                  "Node Type": "Seq Scan",
                  "Parent Relationship": "Outer",
                  "Parallel Aware": true,
                  "Relation Name": "movie_companies",
                  "Alias": "mc",
                  "Startup Cost": 0.0,
                  "Total Cost": 29310.68,
                  "Plan Rows": 513923,
                  "Plan Width": 0,
                  "Actual Startup Time": 0.025,
                  "Actual Total Time": 84.004,
                  "Actual Rows": 399350,
                  "Actual Loops": 4,
                  "Filter": "(company_id < 16333)",
                  "Rows Removed by Filter": 252932
                }
              ]
            }
          ]
        }
      ]
    },
    "Planning Time": 0.095,
    "Triggers": [],
    "Execution Time": 119.842
  }
]