[
  {
    "Plan": {
      "Node Type": "Aggregate",
      "Strategy": "Plain",
      "Partial Mode": "Finalize",
      "Parallel Aware": false,
      "Startup Cost": 33416.35,
      "Total Cost": 33416.36,
      "Plan Rows": 1,
      "Plan Width": 8,
      "Actual Startup Time": 100.375,
      "Actual Total Time": 108.097,
      "Actual Rows": 1,
      "Actual Loops": 1,
      "Plans": [
        {
          "Node Type": "Gather",
          "Parent Relationship": "Outer",
          "Parallel Aware": false,
          "Startup Cost": 33416.03,
          "Total Cost": 33416.34,
          "Plan Rows": 3,
          "Plan Width": 8,
          "Actual Startup Time": 100.227,
          "Actual Total Time": 108.088,
          "Actual Rows": 4,
          "Actual Loops": 1,
          "Workers Planned": 3,
          "Workers Launched": 3,
          "Single Copy": false,
          "Plans": [
            {
              "Node Type": "Aggregate",
              "Strategy": "Plain",
              "Partial Mode": "Partial",
              "Parent Relationship": "Outer",
              "Parallel Aware": false,
              "Startup Cost": 32416.03,
              "Total Cost": 32416.04,
              "Plan Rows": 1,
              "Plan Width": 8,
              "Actual Startup Time": 95.161,
              "Actual Total Time": 95.162,
              "Actual Rows": 1,
              "Actual Loops": 4,
              "Plans": [
                {
                  "Node Type": "Seq Scan",
                  "Parent Relationship": "Outer",
                  "Parallel Aware": true,
                  "Relation Name": "movie_companies",
                  "Alias": "mc",
                  "Startup Cost": 0.0,
                  "Total Cost": 31414.82,
                  "Plan Rows": 400484,
                  "Plan Width": 0,
                  "Actual Startup Time": 0.02,
                  "Actual Total Time": 79.37,
                  "Actual Rows": 318562,
                  "Actual Loops": 4,
                  "Filter": "((company_id < 177368) AND (company_type_id = 1))",
                  "Rows Removed by Filter": 333721
                }
              ]
            }
          ]
        }
      ]
    },
    "Planning Time": 0.114,
    "Triggers": [],
    "Execution Time": 108.127
  }
]