[
  {
    "Plan": {
      "Node Type": "Aggregate",
      "Strategy": "Plain",
      "Partial Mode": "Finalize",
      "Parallel Aware": false,
      "Startup Cost": 33010.07,
      "Total Cost": 33010.08,
      "Plan Rows": 1,
      "Plan Width": 8,
      "Actual Startup Time": 96.166,
      "Actual Total Time": 104.177,
      "Actual Rows": 1,
      "Actual Loops": 1,
      "Plans": [
        {
          "Node Type": "Gather",
          "Parent Relationship": "Outer",
          "Parallel Aware": false,
          "Startup Cost": 33009.75,
          "Total Cost": 33010.06,
          "Plan Rows": 3,
          "Plan Width": 8,
          "Actual Startup Time": 96.077,
          "Actual Total Time": 104.17,
          "Actual Rows": 4,
          "Actual Loops": 1,
          "Workers Planned": 3,
          "Workers Launched": 3,
          "Single Copy": false,
          "Plans": [
            {
              "Node Type": "Aggregate",
              "Strategy": "Plain",
              "Partial Mode": "Partial",
              "Parent Relationship": "Outer",
              "Parallel Aware": false,
              "Startup Cost": 32009.75,
              "Total Cost": 32009.76,
              "Plan Rows": 1,
              "Plan Width": 8,
              "Actual Startup Time": 88.585,
              "Actual Total Time": 88.586,
              "Actual Rows": 1,
              "Actual Loops": 4,
              "Plans": [
                {
                  "Node Type": "Seq Scan",
                  "Parent Relationship": "Outer",
                  "Parallel Aware": true,
                  "Relation Name": "movie_companies",
                  "Alias": "mc",
                  "Startup Cost": 0.0,
                  "Total Cost": 31414.82,
                  "Plan Rows": 237972,
                  "Plan Width": 0,
                  "Actual Startup Time": 46.405,
                  "Actual Total Time": 79.522,
                  "Actual Rows": 239659,
                  "Actual Loops": 4,
                  "Filter": "((company_id > 9154) AND (company_type_id > 1))",
                  "Rows Removed by Filter": 412623
                }
              ]
            }
          ]
        }
      ]
    },
    "Planning Time": 0.239,
    "Triggers": [],
    "Execution Time": 104.233
  }
]