[
  {
    "Plan": {
      "Node Type": "Aggregate",
      "Strategy": "Plain",
      "Partial Mode": "Finalize",
      "Parallel Aware": false,
      "Startup Cost": 110430.18,
      "Total Cost": 110430.19,
      "Plan Rows": 1,
      "Plan Width": 8,
      "Actual Startup Time": 453.607,
      "Actual Total Time": 472.628,
      "Actual Rows": 1,
      "Actual Loops": 1,
      "Plans": [
        {
          "Node Type": "Gather",
          "Parent Relationship": "Outer",
          "Parallel Aware": false,
          "Startup Cost": 110429.97,
          "Total Cost": 110430.18,
          "Plan Rows": 2,
          "Plan Width": 8,
          "Actual Startup Time": 452.601,
          "Actual Total Time": 472.618,
          "Actual Rows": 3,
          "Actual Loops": 1,
          "Workers Planned": 2,
          "Workers Launched": 2,
          "Single Copy": false,
          "Plans": [
            {
              "Node Type": "Aggregate",
              "Strategy": "Plain",
              "Partial Mode": "Partial",
              "Parent Relationship": "Outer",
              "Parallel Aware": false,
              "Startup Cost": 109429.97,
              "Total Cost": 109429.98,
              "Plan Rows": 1,
              "Plan Width": 8,
              "Actual Startup Time": 444.696,
              "Actual Total Time": 444.808,
              "Actual Rows": 1,
              "Actual Loops": 3,
              "Plans": [
                {
                  "Node Type": "Hash Join",
                  "Parent Relationship": "Outer",
                  "Parallel Aware": true,
                  "Join Type": "Inner",
                  "Startup Cost": 93274.76,
                  "Total Cost": 109292.98,
                  "Plan Rows": 54796,
                  "Plan Width": 0,
                  "Actual Startup Time": 372.228,
                  "Actual Total Time": 443.987,
                  "Actual Rows": 20484,
                  "Actual Loops": 3,
                  "Inner Unique": false,
                  "Hash Cond": "(mi_idx.movie_id = t.id)",
                  "Plans": [
                    {
                      "Node Type": "Seq Scan",
                      "Parent Relationship": "Outer",
                      "Parallel Aware": true,
                      "Relation Name": "movie_info_idx",
                      "Alias": "mi_idx",
                      "Startup Cost": 0.0,
                      "Total Cost": 13685.15,
                      "Plan Rows": 575015,
                      "Plan Width": 4,
                      "Actual Startup Time": 0.031,
                      "Actual Total Time": 35.902,
                      "Actual Rows": 460012,
                      "Actual Loops": 3
                    },
                    {
                      "Node Type": "Hash",
                      "Parent Relationship": "Inner",
                      "Parallel Aware": true,
                      "Startup Cost": 92303.25,
                      "Total Cost": 92303.25,
                      "Plan Rows": 77721,
                      "Plan Width": 8,
                      "Actual Startup Time": 369.079,
                      "Actual Total Time": 369.189,
                      "Actual Rows": 12926,
                      "Actual Loops": 3,
                      "Hash Buckets": 262144,
                      "Original Hash Buckets": 262144,
                      "Hash Batches": 1,
                      "Original Hash Batches": 1,
                      "Peak Memory Usage": 3616,
                      "Plans": [
                        {
                          "Node Type": "Hash Join",
                          "Parent Relationship": "Outer",
                          "Parallel Aware": true,
                          "Join Type": "Inner",
                          "Startup Cost": 45915.71,
                          "Total Cost": 92303.25,
                          "Plan Rows": 77721,
                          "Plan Width": 8,
                          "Actual Startup Time": 129.873,
                          "Actual Total Time": 366.447,
                          "Actual Rows": 12926,
                          "Actual Loops": 3,
                          "Inner Unique": true,
                          "Hash Cond": "(mk.movie_id = t.id)",
                          "Plans": [
                            {
                              "Node Type": "Seq Scan",
                              "Parent Relationship": "Outer",
                              "Parallel Aware": true,
                              "Relation Name": "movie_keyword",
                              "Alias": "mk",
                              "Startup Cost": 0.0,
                              "Total Cost": 42695.65,
                              "Plan Rows": 1406429,
                              "Plan Width": 4,
                              "Actual Startup Time": 0.023,
                              "Actual Total Time": 140.729,
                              "Actual Rows": 1448789,
                              "Actual Loops": 3,
                              "Filter": "(keyword_id > 121)",
                              "Rows Removed by Filter": 59187
                            },
                            {
                              "Node Type": "Hash",
                              "Parent Relationship": "Inner",
                              "Parallel Aware": true,
                              "Startup Cost": 45479.1,
                              "Total Cost": 45479.1,
                              "Plan Rows": 34929,
                              "Plan Width": 4,
                              "Actual Startup Time": 128.097,
                              "Actual Total Time": 128.098,
                              "Actual Rows": 50220,
                              "Actual Loops": 3,
                              "Hash Buckets": 262144,
                              "Original Hash Buckets": 262144,
                              "Hash Batches": 1,
                              "Original Hash Batches": 1,
                              "Peak Memory Usage": 7968,
                              "Plans": [
                                {
                                  "Node Type": "Seq Scan",
                                  "Parent Relationship": "Outer",
                                  "Parallel Aware": true,
                                  "Relation Name": "title",
                                  "Alias": "t",
                                  "Startup Cost": 0.0,
                                  "Total Cost": 45479.1,
                                  "Plan Rows": 34929,
                                  "Plan Width": 4,
                                  "Actual Startup Time": 0.035,
                                  "Actual Total Time": 111.057,
                                  "Actual Rows": 50220,
                                  "Actual Loops": 3,
                                  "Filter": "((production_year > 2011) AND (kind_id = 7))",
                                  "Rows Removed by Filter": 792551
                                }
                              ]
                            }
                          ]
                        }
                      ]
                    }
                  ]
                }
              ]
            }
          ]
        }
      ]
    },
    "Planning Time": 1.39,
    "Triggers": [],
    "Execution Time": 472.765
  }
]