[
  {
    "Plan": {
      "Node Type": "Aggregate",
      "Strategy": "Plain",
      "Partial Mode": "Simple",
      "Parallel Aware": false,
      "Startup Cost": 2737.99,
      "Total Cost": 2738.0,
      "Plan Rows": 1,
      "Plan Width": 8,
      "Actual Startup Time": 3.201,
      "Actual Total Time": 3.203,
      "Actual Rows": 1,
      "Actual Loops": 1,
      "Plans": [
        {
          "Node Type": "Nested Loop",
          "Parent Relationship": "Outer",
          "Parallel Aware": false,
          "Join Type": "Inner",
          "Startup Cost": 6.64,
          "Total Cost": 2737.98,
          "Plan Rows": 5,
          "Plan Width": 0,
          "Actual Startup Time": 0.712,
          "Actual Total Time": 3.193,
          "Actual Rows": 6,
          "Actual Loops": 1,
          "Inner Unique": true,
          "Plans": [
            {
              "Node Type": "Bitmap Heap Scan",
              "Parent Relationship": "Outer",
              "Parallel Aware": false,
              "Relation Name": "movie_info_idx",
              "Alias": "mi_idx",
              "Startup Cost": 6.21,
              "Total Cost": 801.9,
              "Plan Rows": 230,
              "Plan Width": 4,
              "Actual Startup Time": 0.072,
              "Actual Total Time": 0.143,
              "Actual Rows": 260,
              "Actual Loops": 1,
              "Recheck Cond": "(info_type_id > 101)",
              "Rows Removed by Index Recheck": 0,
              "Exact Heap Blocks": 2,
              "Lossy Heap Blocks": 0,
              "Plans": [
                {
                  "Node Type": "Bitmap Index Scan",
                  "Parent Relationship": "Outer",
                  "Parallel Aware": false,
                  "Index Name": "info_type_id_movie_info_idx",
                  "Startup Cost": 0.0,
                  "Total Cost": 6.15,
                  "Plan Rows": 230,
                  "Plan Width": 0,
                  "Actual Startup Time": 0.047,
                  "Actual Total Time": 0.048,
                  "Actual Rows": 260,
                  "Actual Loops": 1,
                  "Index Cond": "(info_type_id > 101)"
                }
              ]
            },
            {
              "Node Type": "Index Scan",
              "Parent Relationship": "Inner",
              "Parallel Aware": false,
              "Scan Direction": "Forward",
              "Index Name": "title_pkey",
              "Relation Name": "title",
              "Alias": "t",
              "Startup Cost": 0.43,
              "Total Cost": 8.42,
              "Plan Rows": 1,
              "Plan Width": 4,
              "Actual Startup Time": 0.011,
              "Actual Total Time": 0.011,
              "Actual Rows": 0,
              "Actual Loops": 260,
              "Index Cond": "(id = mi_idx.movie_id)",
              "Rows Removed by Index Recheck": 0,
              "Filter": "((production_year > 2011) AND (kind_id = 1))",
              "Rows Removed by Filter": 1
            }
          ]
        }
      ]
    },
    "Planning Time": 0.651,
    "Triggers": [],
    "Execution Time": 3.29
  }
]