[
    {
        "Bao": {
            "Bao prediction": 479.31,
            "Bao recommended hint": "(no hint)"
        }
    },
    {
        "Plan": {
            "Node Type": "Aggregate",
            "Strategy": "Plain",
            "Partial Mode": "Finalize",
            "Parallel Aware": false,
            "Startup Cost": 31605.37,
            "Total Cost": 31605.38,
            "Plan Rows": 1,
            "Plan Width": 8,
            "Actual Startup Time": 127.281,
            "Actual Total Time": 133.418,
            "Actual Rows": 1,
            "Actual Loops": 1,
            "Output": [
                "count(*)"
            ],
            "Plans": [
                {
                    "Node Type": "Gather",
                    "Parent Relationship": "Outer",
                    "Parallel Aware": false,
                    "Startup Cost": 31605.06,
                    "Total Cost": 31605.37,
                    "Plan Rows": 3,
                    "Plan Width": 8,
                    "Actual Startup Time": 127.181,
                    "Actual Total Time": 133.411,
                    "Actual Rows": 4,
                    "Actual Loops": 1,
                    "Output": [
                        "(PARTIAL count(*))"
                    ],
                    "Workers Planned": 3,
                    "Workers Launched": 3,
                    "Single Copy": false,
                    "Plans": [
                        {
                            "Node Type": "Aggregate",
                            "Strategy": "Plain",
                            "Partial Mode": "Partial",
                            "Parent Relationship": "Outer",
                            "Parallel Aware": false,
                            "Startup Cost": 30605.06,
                            "Total Cost": 30605.07,
                            "Plan Rows": 1,
                            "Plan Width": 8,
                            "Actual Startup Time": 119.291,
                            "Actual Total Time": 119.292,
                            "Actual Rows": 1,
                            "Actual Loops": 4,
                            "Output": [
                                "PARTIAL count(*)"
                            ],
                            "Workers": [
                                {
                                    "Worker Number": 0,
                                    "Actual Startup Time": 116.762,
                                    "Actual Total Time": 116.763,
                                    "Actual Rows": 1,
                                    "Actual Loops": 1
                                },
                                {
                                    "Worker Number": 1,
                                    "Actual Startup Time": 116.782,
                                    "Actual Total Time": 116.783,
                                    "Actual Rows": 1,
                                    "Actual Loops": 1
                                },
                                {
                                    "Worker Number": 2,
                                    "Actual Startup Time": 117.064,
                                    "Actual Total Time": 117.065,
                                    "Actual Rows": 1,
                                    "Actual Loops": 1
                                }
                            ],
                            "Plans": [
                                {
                                    "Node Type": "Seq Scan",
                                    "Parent Relationship": "Outer",
                                    "Parallel Aware": true,
                                    "Relation Name": "movie_companies",
                                    "Schema": "public",
                                    "Alias": "mc",
                                    "Startup Cost": 0.0,
                                    "Total Cost": 29310.68,
                                    "Plan Rows": 517750,
                                    "Plan Width": 0,
                                    "Actual Startup Time": 6.613,
                                    "Actual Total Time": 96.012,
                                    "Actual Rows": 400322,
                                    "Actual Loops": 4,
                                    "Output": [
                                        "id",
                                        "movie_id",
                                        "company_id",
                                        "company_type_id",
                                        "note"
                                    ],
                                    "Filter": "(mc.company_id > 4883)",
                                    "Rows Removed by Filter": 251960,
                                    "Workers": [
                                        {
                                            "Worker Number": 0,
                                            "Actual Startup Time": 4.105,
                                            "Actual Total Time": 93.7,
                                            "Actual Rows": 332095,
                                            "Actual Loops": 1
                                        },
                                        {
                                            "Worker Number": 1,
                                            "Actual Startup Time": 4.104,
                                            "Actual Total Time": 94.131,
                                            "Actual Rows": 327372,
                                            "Actual Loops": 1
                                        },
                                        {
                                            "Worker Number": 2,
                                            "Actual Startup Time": 4.391,
                                            "Actual Total Time": 94.022,
                                            "Actual Rows": 332735,
                                            "Actual Loops": 1
                                        }
                                    ]
                                }
                            ]
                        }
                    ]
                }
            ]
        },
        "Planning Time": 1738.998,
        "Triggers": [],
        "Execution Time": 133.537
    }
]