[
  {
    "Plan": {
      "Node Type": "Aggregate",
      "Strategy": "Plain",
      "Partial Mode": "Finalize",
      "Parallel Aware": false,
      "Startup Cost": 97222.31,
      "Total Cost": 97222.32,
      "Plan Rows": 1,
      "Plan Width": 8,
      "Actual Startup Time": 577.49,
      "Actual Total Time": 594.307,
      "Actual Rows": 1,
      "Actual Loops": 1,
      "Plans": [
        {
          "Node Type": "Gather",
          "Parent Relationship": "Outer",
          "Parallel Aware": false,
          "Startup Cost": 97222.09,
          "Total Cost": 97222.3,
          "Plan Rows": 2,
          "Plan Width": 8,
          "Actual Startup Time": 572.058,
          "Actual Total Time": 594.297,
          "Actual Rows": 3,
          "Actual Loops": 1,
          "Workers Planned": 2,
          "Workers Launched": 2,
          "Single Copy": false,
          "Plans": [
            {
              "Node Type": "Aggregate",
              "Strategy": "Plain",
              "Partial Mode": "Partial",
              "Parent Relationship": "Outer",
              "Parallel Aware": false,
              "Startup Cost": 96222.09,
              "Total Cost": 96222.1,
              "Plan Rows": 1,
              "Plan Width": 8,
              "Actual Startup Time": 564.653,
              "Actual Total Time": 564.661,
              "Actual Rows": 1,
              "Actual Loops": 3,
              "Plans": [
                {
                  "Node Type": "Hash Join",
                  "Parent Relationship": "Outer",
                  "Parallel Aware": true,
                  "Join Type": "Inner",
                  "Startup Cost": 80170.62,
                  "Total Cost": 96130.39,
                  "Plan Rows": 36679,
                  "Plan Width": 0,
                  "Actual Startup Time": 458.571,
                  "Actual Total Time": 558.143,
                  "Actual Rows": 155777,
                  "Actual Loops": 3,
                  "Inner Unique": false,
                  "Hash Cond": "(mi_idx.movie_id = t.id)",
                  "Plans": [
                    {
                      "Node Type": "Seq Scan",
                      "Parent Relationship": "Outer",
                      "Parallel Aware": true,
                      "Relation Name": "movie_info_idx",
                      "Alias": "mi_idx",
                      "Startup Cost": 0.0,
                      "Total Cost": 13685.15,
                      "Plan Rows": 575015,
                      "Plan Width": 4,
                      "Actual Startup Time": 0.032,
                      "Actual Total Time": 36.452,
                      "Actual Rows": 460012,
                      "Actual Loops": 3
                    },
                    {
                      "Node Type": "Hash",
                      "Parent Relationship": "Inner",
                      "Parallel Aware": true,
                      "Startup Cost": 79520.3,
                      "Total Cost": 79520.3,
                      "Plan Rows": 52026,
                      "Plan Width": 8,
                      "Actual Startup Time": 456.952,
                      "Actual Total Time": 456.957,
                      "Actual Rows": 109889,
                      "Actual Loops": 3,
                      "Hash Buckets": 524288,
                      "Original Hash Buckets": 262144,
                      "Hash Batches": 1,
                      "Original Hash Batches": 1,
                      "Peak Memory Usage": 19104,
                      "Plans": [
                        {
                          "Node Type": "Hash Join",
                          "Parent Relationship": "Outer",
                          "Parallel Aware": true,
                          "Join Type": "Inner",
                          "Startup Cost": 47831.02,
                          "Total Cost": 79520.3,
                          "Plan Rows": 52026,
                          "Plan Width": 8,
                          "Actual Startup Time": 302.811,
                          "Actual Total Time": 416.239,
                          "Actual Rows": 109889,
                          "Actual Loops": 3,
                          "Inner Unique": true,
                          "Hash Cond": "(mc.movie_id = t.id)",
                          "Plans": [
                            {
                              "Node Type": "Seq Scan",
                              "Parent Relationship": "Outer",
                              "Parallel Aware": true,
                              "Relation Name": "movie_companies",
                              "Alias": "mc",
                              "Startup Cost": 0.0,
                              "Total Cost": 31414.82,
                              "Plan Rows": 104555,
                              "Plan Width": 4,
                              "Actual Startup Time": 34.593,
                              "Actual Total Time": 77.551,
                              "Actual Rows": 205588,
                              "Actual Loops": 3,
                              "Filter": "((company_id > 59883) AND (company_type_id = 2))",
                              "Rows Removed by Filter": 664121
                            },
                            {
                              "Node Type": "Hash",
                              "Parent Relationship": "Inner",
                              "Parallel Aware": true,
                              "Startup Cost": 43899.32,
                              "Total Cost": 43899.32,
                              "Plan Rows": 314536,
                              "Plan Width": 4,
                              "Actual Startup Time": 263.57,
                              "Actual Total Time": 263.571,
                              "Actual Rows": 421233,
                              "Actual Loops": 3,
                              "Hash Buckets": 2097152,
                              "Original Hash Buckets": 2097152,
                              "Hash Batches": 1,
                              "Original Hash Batches": 1,
                              "Peak Memory Usage": 65888,
                              "Plans": [
                                {
                                  "Node Type": "Seq Scan",
                                  "Parent Relationship": "Outer",
                                  "Parallel Aware": true,
                                  "Relation Name": "title",
                                  "Alias": "t",
                                  "Startup Cost": 0.0,
                                  "Total Cost": 43899.32,
                                  "Plan Rows": 314536,
                                  "Plan Width": 4,
                                  "Actual Startup Time": 0.036,
                                  "Actual Total Time": 123.902,
                                  "Actual Rows": 421233,
                                  "Actual Loops": 3,
                                  "Filter": "(production_year < 2004)",
                                  "Rows Removed by Filter": 421537
                                }
                              ]
                            }
                          ]
                        }
                      ]
                    }
                  ]
                }
              ]
            }
          ]
        }
      ]
    },
    "Planning Time": 0.438,
    "Triggers": [],
    "Execution Time": 594.35
  }
]