[
  {
    "Plan": {
      "Node Type": "Aggregate",
      "Strategy": "Plain",
      "Partial Mode": "Finalize",
      "Parallel Aware": false,
      "Startup Cost": 95766.24,
      "Total Cost": 95766.25,
      "Plan Rows": 1,
      "Plan Width": 8,
      "Actual Startup Time": 557.831,
      "Actual Total Time": 574.172,
      "Actual Rows": 1,
      "Actual Loops": 1,
      "Plans": [
        {
          "Node Type": "Gather",
          "Parent Relationship": "Outer",
          "Parallel Aware": false,
          "Startup Cost": 95766.02,
          "Total Cost": 95766.23,
          "Plan Rows": 2,
          "Plan Width": 8,
          "Actual Startup Time": 553.485,
          "Actual Total Time": 574.152,
          "Actual Rows": 3,
          "Actual Loops": 1,
          "Workers Planned": 2,
          "Workers Launched": 2,
          "Single Copy": false,
          "Plans": [
            {
              "Node Type": "Aggregate",
              "Strategy": "Plain",
              "Partial Mode": "Partial",
              "Parent Relationship": "Outer",
              "Parallel Aware": false,
              "Startup Cost": 94766.02,
              "Total Cost": 94766.03,
              "Plan Rows": 1,
              "Plan Width": 8,
              "Actual Startup Time": 544.97,
              "Actual Total Time": 545.381,
              "Actual Rows": 1,
              "Actual Loops": 3,
              "Plans": [
                {
                  "Node Type": "Hash Join",
                  "Parent Relationship": "Outer",
                  "Parallel Aware": true,
                  "Join Type": "Inner",
                  "Startup Cost": 78748.45,
                  "Total Cost": 94677.96,
                  "Plan Rows": 35224,
                  "Plan Width": 0,
                  "Actual Startup Time": 438.04,
                  "Actual Total Time": 539.096,
                  "Actual Rows": 155777,
                  "Actual Loops": 3,
                  "Inner Unique": false,
                  "Hash Cond": "(mi_idx.movie_id = t.id)",
                  "Plans": [
                    {
                      "Node Type": "Seq Scan",
                      "Parent Relationship": "Outer",
                      "Parallel Aware": true,
                      "Relation Name": "movie_info_idx",
                      "Alias": "mi_idx",
                      "Startup Cost": 0.0,
                      "Total Cost": 13685.15,
                      "Plan Rows": 575015,
                      "Plan Width": 4,
                      "Actual Startup Time": 0.024,
                      "Actual Total Time": 34.34,
                      "Actual Rows": 460012,
                      "Actual Loops": 3
                    },
                    {
                      "Node Type": "Hash",
                      "Parent Relationship": "Inner",
                      "Parallel Aware": true,
                      "Startup Cost": 78264.46,
                      "Total Cost": 78264.46,
                      "Plan Rows": 38719,
                      "Plan Width": 8,
                      "Actual Startup Time": 434.554,
                      "Actual Total Time": 434.964,
                      "Actual Rows": 109889,
                      "Actual Loops": 3,
                      "Hash Buckets": 524288,
                      "Original Hash Buckets": 262144,
                      "Hash Batches": 1,
                      "Original Hash Batches": 1,
                      "Peak Memory Usage": 19104,
                      "Plans": [
                        {
                          "Node Type": "Hash Join",
                          "Parent Relationship": "Outer",
                          "Parallel Aware": true,
                          "Join Type": "Inner",
                          "Startup Cost": 32677.22,
                          "Total Cost": 78264.46,
                          "Plan Rows": 38719,
                          "Plan Width": 8,
                          "Actual Startup Time": 165.36,
                          "Actual Total Time": 396.751,
                          "Actual Rows": 109889,
                          "Actual Loops": 3,
                          "Inner Unique": false,
                          "Hash Cond": "(t.id = mc.movie_id)",
                          "Plans": [
                            {
                              "Node Type": "Seq Scan",
                              "Parent Relationship": "Outer",
                              "Parallel Aware": true,
                              "Relation Name": "title",
                              "Alias": "t",
                              "Startup Cost": 0.0,
                              "Total Cost": 43898.92,
                              "Plan Rows": 312686,
                              "Plan Width": 4,
                              "Actual Startup Time": 0.011,
                              "Actual Total Time": 110.956,
                              "Actual Rows": 421233,
                              "Actual Loops": 3,
                              "Filter": "(production_year < 2004)",
                              "Rows Removed by Filter": 421537
                            },
                            {
                              "Node Type": "Hash",
                              "Parent Relationship": "Inner",
                              "Parallel Aware": true,
                              "Startup Cost": 31414.82,
                              "Total Cost": 31414.82,
                              "Plan Rows": 100992,
                              "Plan Width": 4,
                              "Actual Startup Time": 162.652,
                              "Actual Total Time": 162.653,
                              "Actual Rows": 205588,
                              "Actual Loops": 3,
                              "Hash Buckets": 1048576,
                              "Original Hash Buckets": 524288,
                              "Hash Batches": 1,
                              "Original Hash Batches": 1,
                              "Peak Memory Usage": 36480,
                              "Plans": [
                                {
                                  "Node Type": "Seq Scan",
                                  "Parent Relationship": "Outer",
                                  "Parallel Aware": true,
                                  "Relation Name": "movie_companies",
                                  "Alias": "mc",
                                  "Startup Cost": 0.0,
                                  "Total Cost": 31414.82,
                                  "Plan Rows": 100992,
                                  "Plan Width": 4,
                                  "Actual Startup Time": 50.865,
                                  "Actual Total Time": 96.336,
                                  "Actual Rows": 205588,
                                  "Actual Loops": 3,
                                  "Filter": "((company_id > 59883) AND (company_type_id = 2))",
                                  "Rows Removed by Filter": 664121
                                }
                              ]
                            }
                          ]
                        }
                      ]
                    }
                  ]
                }
              ]
            }
          ]
        }
      ]
    },
    "Planning Time": 1.417,
    "Triggers": [],
    "Execution Time": 574.255
  }
]