{
  "Plan": {
    "Node Type": "Aggregate",
    "Strategy": "Plain",
    "Partial Mode": "Finalize",
    "Parallel Aware": false,
    "Startup Cost": 114909.73,
    "Total Cost": 114909.74,
    "Plan Rows": 1,
    "Plan Width": 8,
    "Actual Startup Time": 315.742,
    "Actual Total Time": 316.06,
    "Actual Rows": 1,
    "Actual Loops": 1,
    "Plans": [
      {
        "Node Type": "Gather",
        "Parent Relationship": "Outer",
        "Parallel Aware": false,
        "Startup Cost": 114909.62,
        "Total Cost": 114909.73,
        "Plan Rows": 1,
        "Plan Width": 8,
        "Actual Startup Time": 315.733,
        "Actual Total Time": 316.054,
        "Actual Rows": 2,
        "Actual Loops": 1,
        "Workers Planned": 1,
        "Workers Launched": 1,
        "Single Copy": false,
        "Plans": [
          {
            "Node Type": "Aggregate",
            "Strategy": "Plain",
            "Partial Mode": "Partial",
            "Parent Relationship": "Outer",
            "Parallel Aware": false,
            "Startup Cost": 113909.62,
            "Total Cost": 113909.63,
            "Plan Rows": 1,
            "Plan Width": 8,
            "Actual Startup Time": 295.027,
            "Actual Total Time": 295.03,
            "Actual Rows": 1,
            "Actual Loops": 2,
            "Plans": [
              {
                "Node Type": "Nested Loop",
                "Parent Relationship": "Outer",
                "Parallel Aware": false,
                "Join Type": "Inner",
                "Startup Cost": 108371.86,
                "Total Cost": 113901.51,
                "Plan Rows": 3246,
                "Plan Width": 0,
                "Actual Startup Time": 190.002,
                "Actual Total Time": 292.815,
                "Actual Rows": 47792,
                "Actual Loops": 2,
                "Inner Unique": false,
                "Plans": [
                  {
                    "Node Type": "Merge Join",
                    "Parent Relationship": "Outer",
                    "Parallel Aware": false,
                    "Join Type": "Inner",
                    "Startup Cost": 108371.44,
                    "Total Cost": 110235.14,
                    "Plan Rows": 5947,
                    "Plan Width": 8,
                    "Actual Startup Time": 189.933,
                    "Actual Total Time": 236.128,
                    "Actual Rows": 30866,
                    "Actual Loops": 2,
                    "Inner Unique": false,
                    "Merge Cond": "(t.id = mc.movie_id)",
                    "Plans": [
                      {
                        "Node Type": "Sort",
                        "Parent Relationship": "Outer",
                        "Parallel Aware": false,
                        "Startup Cost": 82391.5,
                        "Total Cost": 83174.38,
                        "Plan Rows": 313152,
                        "Plan Width": 4,
                        "Actual Startup Time": 150.155,
                        "Actual Total Time": 171.8,
                        "Actual Rows": 203730,
                        "Actual Loops": 2,
                        "Sort Key": [
                          "t.id"
                        ],
                        "Sort Method": "quicksort",
                        "Sort Space Used": 24865,
                        "Sort Space Type": "Memory",
                        "Workers": [
                          {
                            "Worker Number": 0,
                            "Sort Method": "quicksort",
                            "Sort Space Used": 12697,
                            "Sort Space Type": "Memory"
                          }
                        ],
                        "Plans": [
                          {
                            "Node Type": "Bitmap Heap Scan",
                            "Parent Relationship": "Outer",
                            "Parallel Aware": true,
                            "Relation Name": "title",
                            "Alias": "t",
                            "Startup Cost": 11955.94,
                            "Total Cost": 53806.2,
                            "Plan Rows": 313152,
                            "Plan Width": 4,
                            "Actual Startup Time": 38.007,
                            "Actual Total Time": 102.877,
                            "Actual Rows": 204050,
                            "Actual Loops": 2,
                            "Recheck Cond": "(kind_id = 1)",
                            "Rows Removed by Index Recheck": 0,
                            "Filter": "(production_year > 1974)",
                            "Rows Removed by Filter": 127362,
                            "Exact Heap Blocks": 8634,
                            "Lossy Heap Blocks": 0,
                            "Plans": [
                              {
                                "Node Type": "Bitmap Index Scan",
                                "Parent Relationship": "Outer",
                                "Parallel Aware": false,
                                "Index Name": "kind_id_title",
                                "Startup Cost": 0.0,
                                "Total Cost": 11822.85,
                                "Plan Rows": 663256,
                                "Plan Width": 0,
                                "Actual Startup Time": 41.656,
                                "Actual Total Time": 41.657,
                                "Actual Rows": 662825,
                                "Actual Loops": 1,
                                "Index Cond": "(kind_id = 1)"
                              }
                            ]
                          }
                        ]
                      },
                      {
                        "Node Type": "Sort",
                        "Parent Relationship": "Inner",
                        "Parallel Aware": false,
                        "Startup Cost": 25979.91,
                        "Total Cost": 26099.95,
                        "Plan Rows": 48017,
                        "Plan Width": 4,
                        "Actual Startup Time": 37.205,
                        "Actual Total Time": 41.818,
                        "Actual Rows": 89741,
                        "Actual Loops": 2,
                        "Sort Key": [
                          "mc.movie_id"
                        ],
                        "Sort Method": "quicksort",
                        "Sort Space Used": 7279,
                        "Sort Space Type": "Memory",
                        "Workers": [
                          {
                            "Worker Number": 0,
                            "Sort Method": "quicksort",
                            "Sort Space Used": 7279,
                            "Sort Space Type": "Memory"
                          }
                        ],
                        "Plans": [
                          {
                            "Node Type": "Bitmap Heap Scan",
                            "Parent Relationship": "Outer",
                            "Parallel Aware": false,
                            "Relation Name": "movie_companies",
                            "Alias": "mc",
                            "Startup Cost": 2037.72,
                            "Total Cost": 22246.28,
                            "Plan Rows": 48017,
                            "Plan Width": 4,
                            "Actual Startup Time": 3.719,
                            "Actual Total Time": 21.562,
                            "Actual Rows": 89741,
                            "Actual Loops": 2,
                            "Recheck Cond": "(company_id > 163856)",
                            "Rows Removed by Index Recheck": 0,
                            "Filter": "(company_type_id = 2)",
                            "Rows Removed by Filter": 0,
                            "Exact Heap Blocks": 2939,
                            "Lossy Heap Blocks": 0,
                            "Plans": [
                              {
                                "Node Type": "Bitmap Index Scan",
                                "Parent Relationship": "Outer",
                                "Parallel Aware": false,
                                "Index Name": "company_id_movie_companies",
                                "Startup Cost": 0.0,
                                "Total Cost": 2025.71,
                                "Plan Rows": 94571,
                                "Plan Width": 0,
                                "Actual Startup Time": 3.421,
                                "Actual Total Time": 3.421,
                                "Actual Rows": 89741,
                                "Actual Loops": 2,
                                "Index Cond": "(company_id > 163856)"
                              }
                            ]
                          }
                        ]
                      }
                    ]
                  },
                  {
                    "Node Type": "Index Only Scan",
                    "Parent Relationship": "Inner",
                    "Parallel Aware": false,
                    "Scan Direction": "Forward",
                    "Index Name": "movie_id_movie_info_idx",
                    "Relation Name": "movie_info_idx",
                    "Alias": "mi_idx",
                    "Startup Cost": 0.43,
                    "Total Cost": 0.59,
                    "Plan Rows": 3,
                    "Plan Width": 4,
                    "Actual Startup Time": 0.001,
                    "Actual Total Time": 0.002,
                    "Actual Rows": 2,
                    "Actual Loops": 61731,
                    "Index Cond": "(movie_id = t.id)",
                    "Rows Removed by Index Recheck": 0,
                    "Heap Fetches": 95584
                  }
                ]
              }
            ]
          }
        ]
      }
    ]
  },
  "Planning Time": 1.123,
  "Triggers": [],
  "Execution Time": 316.187
}