[
  {
    "Plan": {
      "Node Type": "Aggregate",
      "Strategy": "Plain",
      "Partial Mode": "Finalize",
      "Parallel Aware": false,
      "Startup Cost": 524010.01,
      "Total Cost": 524010.02,
      "Plan Rows": 1,
      "Plan Width": 32,
      "Actual Startup Time": 2759.994,
      "Actual Total Time": 2878.823,
      "Actual Rows": 1,
      "Actual Loops": 1,
      "Plans": [
        {
          "Node Type": "Gather",
          "Parent Relationship": "Outer",
          "Parallel Aware": false,
          "Startup Cost": 524009.59,
          "Total Cost": 524010.0,
          "Plan Rows": 4,
          "Plan Width": 32,
          "Actual Startup Time": 2758.99,
          "Actual Total Time": 2878.81,
          "Actual Rows": 5,
          "Actual Loops": 1,
          "Workers Planned": 4,
          "Workers Launched": 4,
          "Single Copy": false,
          "Plans": [
            {
              "Node Type": "Aggregate",
              "Strategy": "Plain",
              "Partial Mode": "Partial",
              "Parent Relationship": "Outer",
              "Parallel Aware": false,
              "Startup Cost": 523009.59,
              "Total Cost": 523009.6,
              "Plan Rows": 1,
              "Plan Width": 32,
              "Actual Startup Time": 2748.482,
              "Actual Total Time": 2748.531,
              "Actual Rows": 1,
              "Actual Loops": 5,
              "Plans": [
                {
                  "Node Type": "Hash Join",
                  "Parent Relationship": "Outer",
                  "Parallel Aware": true,
                  "Join Type": "Inner",
                  "Startup Cost": 478320.9,
                  "Total Cost": 523009.59,
                  "Plan Rows": 1,
                  "Plan Width": 15,
                  "Actual Startup Time": 2598.431,
                  "Actual Total Time": 2747.998,
                  "Actual Rows": 5415,
                  "Actual Loops": 5,
                  "Inner Unique": false,
                  "Hash Cond": "(t.id = ci.movie_id)",
                  "Plans": [
                    {
                      "Node Type": "Seq Scan",
                      "Parent Relationship": "Outer",
                      "Parallel Aware": true,
                      "Relation Name": "title",
                      "Alias": "t",
                      "Startup Cost": 0.0,
                      "Total Cost": 42318.49,
                      "Plan Rows": 632049,
                      "Plan Width": 4,
                      "Actual Startup Time": 0.02,
                      "Actual Total Time": 82.52,
                      "Actual Rows": 505662,
                      "Actual Loops": 5
                    },
                    {
                      "Node Type": "Hash",
                      "Parent Relationship": "Inner",
                      "Parallel Aware": true,
                      "Startup Cost": 478320.89,
                      "Total Cost": 478320.89,
                      "Plan Rows": 1,
                      "Plan Width": 27,
                      "Actual Startup Time": 2596.722,
                      "Actual Total Time": 2596.769,
                      "Actual Rows": 5415,
                      "Actual Loops": 5,
                      "Hash Buckets": 32768,
                      "Original Hash Buckets": 1024,
                      "Hash Batches": 1,
                      "Original Hash Batches": 1,
                      "Peak Memory Usage": 2232,
                      "Plans": [
                        {
                          "Node Type": "Hash Join",
                          "Parent Relationship": "Outer",
                          "Parallel Aware": true,
                          "Join Type": "Inner",
                          "Startup Cost": 473425.17,
                          "Total Cost": 478320.89,
                          "Plan Rows": 1,
                          "Plan Width": 27,
                          "Actual Startup Time": 2576.447,
                          "Actual Total Time": 2591.552,
                          "Actual Rows": 5415,
                          "Actual Loops": 5,
                          "Inner Unique": false,
                          "Hash Cond": "(cn.id = mc.company_id)",
                          "Plans": [
                            {
                              "Node Type": "Seq Scan",
                              "Parent Relationship": "Outer",
                              "Parallel Aware": true,
                              "Relation Name": "company_name",
                              "Alias": "cn",
                              "Startup Cost": 0.0,
                              "Total Cost": 4377.34,
                              "Plan Rows": 138234,
                              "Plan Width": 4,
                              "Actual Startup Time": 0.017,
                              "Actual Total Time": 7.333,
                              "Actual Rows": 46999,
                              "Actual Loops": 5
                            },
                            {
                              "Node Type": "Hash",
                              "Parent Relationship": "Inner",
                              "Parallel Aware": true,
                              "Startup Cost": 473425.16,
                              "Total Cost": 473425.16,
                              "Plan Rows": 1,
                              "Plan Width": 31,
                              "Actual Startup Time": 2576.296,
                              "Actual Total Time": 2576.341,
                              "Actual Rows": 5415,
                              "Actual Loops": 5,
                              "Hash Buckets": 32768,
                              "Original Hash Buckets": 1024,
                              "Hash Batches": 1,
                              "Original Hash Batches": 1,
                              "Peak Memory Usage": 2360,
                              "Plans": [
                                {
                                  "Node Type": "Hash Join",
                                  "Parent Relationship": "Outer",
                                  "Parallel Aware": true,
                                  "Join Type": "Inner",
                                  "Startup Cost": 443062.39,
                                  "Total Cost": 473425.16,
                                  "Plan Rows": 1,
                                  "Plan Width": 31,
                                  "Actual Startup Time": 2419.783,
                                  "Actual Total Time": 2557.927,
                                  "Actual Rows": 5415,
                                  "Actual Loops": 5,
                                  "Inner Unique": false,
                                  "Hash Cond": "(mc.movie_id = ci.movie_id)",
                                  "Plans": [
                                    {
                                      "Node Type": "Seq Scan",
                                      "Parent Relationship": "Outer",
                                      "Parallel Aware": true,
                                      "Relation Name": "movie_companies",
                                      "Alias": "mc",
                                      "Startup Cost": 0.0,
                                      "Total Cost": 27206.55,
                                      "Plan Rows": 841655,
                                      "Plan Width": 8,
                                      "Actual Startup Time": 0.038,
                                      "Actual Total Time": 76.024,
                                      "Actual Rows": 521826,
                                      "Actual Loops": 5
                                    },
                                    {
                                      "Node Type": "Hash",
                                      "Parent Relationship": "Inner",
                                      "Parallel Aware": true,
                                      "Startup Cost": 443062.38,
                                      "Total Cost": 443062.38,
                                      "Plan Rows": 1,
                                      "Plan Width": 23,
                                      "Actual Startup Time": 2418.611,
                                      "Actual Total Time": 2418.652,
                                      "Actual Rows": 628,
                                      "Actual Loops": 5,
                                      "Hash Buckets": 4096,
                                      "Original Hash Buckets": 1024,
                                      "Hash Batches": 1,
                                      "Original Hash Batches": 1,
                                      "Peak Memory Usage": 344,
                                      "Plans": [
                                        {
                                          "Node Type": "Hash Join",
                                          "Parent Relationship": "Outer",
                                          "Parallel Aware": true,
                                          "Join Type": "Inner",
                                          "Startup Cost": 114141.35,
                                          "Total Cost": 443062.38,
                                          "Plan Rows": 1,
                                          "Plan Width": 23,
                                          "Actual Startup Time": 706.058,
                                          "Actual Total Time": 2213.142,
                                          "Actual Rows": 628,
                                          "Actual Loops": 5,
                                          "Inner Unique": false,
                                          "Hash Cond": "(ci.movie_id = mk.movie_id)",
                                          "Plans": [
                                            {
                                              "Node Type": "Hash Join",
                                              "Parent Relationship": "Outer",
                                              "Parallel Aware": true,
                                              "Join Type": "Inner",
                                              "Startup Cost": 68636.88,
                                              "Total Cost": 397555.64,
                                              "Plan Rows": 604,
                                              "Plan Width": 19,
                                              "Actual Startup Time": 311.923,
                                              "Actual Total Time": 1899.603,
                                              "Actual Rows": 19281,
                                              "Actual Loops": 5,
                                              "Inner Unique": true,
                                              "Hash Cond": "(ci.person_id = n.id)",
                                              "Plans": [
                                                {
                                                  "Node Type": "Seq Scan",
                                                  "Parent Relationship": "Outer",
                                                  "Parallel Aware": true,
                                                  "Relation Name": "cast_info",
                                                  "Alias": "ci",
                                                  "Startup Cost": 0.0,
                                                  "Total Cost": 313068.58,
                                                  "Plan Rows": 6038158,
                                                  "Plan Width": 8,
                                                  "Actual Startup Time": 0.018,
                                                  "Actual Total Time": 913.368,
                                                  "Actual Rows": 7248869,
                                                  "Actual Loops": 5
                                                },
                                                {
                                                  "Node Type": "Hash",
                                                  "Parent Relationship": "Inner",
                                                  "Parallel Aware": true,
                                                  "Startup Cost": 68635.58,
                                                  "Total Cost": 68635.58,
                                                  "Plan Rows": 104,
                                                  "Plan Width": 19,
                                                  "Actual Startup Time": 296.839,
                                                  "Actual Total Time": 296.84,
                                                  "Actual Rows": 2193,
                                                  "Actual Loops": 5,
                                                  "Hash Buckets": 16384,
                                                  "Original Hash Buckets": 1024,
                                                  "Hash Batches": 1,
                                                  "Original Hash Batches": 1,
                                                  "Peak Memory Usage": 984,
                                                  "Plans": [
                                                    {
                                                      "Node Type": "Seq Scan",
                                                      "Parent Relationship": "Outer",
                                                      "Parallel Aware": true,
                                                      "Relation Name": "name",
                                                      "Alias": "n",
                                                      "Startup Cost": 0.0,
                                                      "Total Cost": 68635.58,
                                                      "Plan Rows": 104,
                                                      "Plan Width": 19,
                                                      "Actual Startup Time": 0.529,
                                                      "Actual Total Time": 178.513,
                                                      "Actual Rows": 2193,
                                                      "Actual Loops": 5,
                                                      "Filter": "(name ~~ '%Jones,%'::text)",
                                                      "Rows Removed by Filter": 831305
                                                    }
                                                  ]
                                                }
                                              ]
                                            },
                                            {
                                              "Node Type": "Hash",
                                              "Parent Relationship": "Inner",
                                              "Parallel Aware": true,
                                              "Startup Cost": 45504.33,
                                              "Total Cost": 45504.33,
                                              "Plan Rows": 11,
                                              "Plan Width": 4,
                                              "Actual Startup Time": 307.345,
                                              "Actual Total Time": 307.349,
                                              "Actual Rows": 8368,
                                              "Actual Loops": 5,
                                              "Hash Buckets": 65536,
                                              "Original Hash Buckets": 1024,
                                              "Hash Batches": 1,
                                              "Original Hash Batches": 1,
                                              "Peak Memory Usage": 2776,
                                              "Plans": [
                                                {
                                                  "Node Type": "Hash Join",
                                                  "Parent Relationship": "Outer",
                                                  "Parallel Aware": false,
                                                  "Join Type": "Inner",
                                                  "Startup Cost": 2626.14,
                                                  "Total Cost": 45504.33,
                                                  "Plan Rows": 11,
                                                  "Plan Width": 4,
                                                  "Actual Startup Time": 26.313,
                                                  "Actual Total Time": 245.945,
                                                  "Actual Rows": 8368,
                                                  "Actual Loops": 5,
                                                  "Inner Unique": true,
                                                  "Hash Cond": "(mk.keyword_id = k.id)",
                                                  "Plans": [
                                                    {
                                                      "Node Type": "Seq Scan",
                                                      "Parent Relationship": "Outer",
                                                      "Parallel Aware": true,
                                                      "Relation Name": "movie_keyword",
                                                      "Alias": "mk",
                                                      "Startup Cost": 0.0,
                                                      "Total Cost": 39047.32,
                                                      "Plan Rows": 1459332,
                                                      "Plan Width": 8,
                                                      "Actual Startup Time": 0.061,
                                                      "Actual Total Time": 129.443,
                                                      "Actual Rows": 904786,
                                                      "Actual Loops": 5
                                                    },
                                                    {
                                                      "Node Type": "Hash",
                                                      "Parent Relationship": "Inner",
                                                      "Parallel Aware": false,
                                                      "Startup Cost": 2626.12,
                                                      "Total Cost": 2626.12,
                                                      "Plan Rows": 1,
                                                      "Plan Width": 4,
                                                      "Actual Startup Time": 26.132,
                                                      "Actual Total Time": 26.133,
                                                      "Actual Rows": 1,
                                                      "Actual Loops": 5,
                                                      "Hash Buckets": 1024,
                                                      "Original Hash Buckets": 1024,
                                                      "Hash Batches": 1,
                                                      "Original Hash Batches": 1,
                                                      "Peak Memory Usage": 9,
                                                      "Plans": [
                                                        {
                                                          "Node Type": "Seq Scan",
                                                          "Parent Relationship": "Outer",
                                                          "Parallel Aware": false,
                                                          "Relation Name": "keyword",
                                                          "Alias": "k",
                                                          "Startup Cost": 0.0,
                                                          "Total Cost": 2626.12,
                                                          "Plan Rows": 1,
                                                          "Plan Width": 4,
                                                          "Actual Startup Time": 2.119,
                                                          "Actual Total Time": 26.106,
                                                          "Actual Rows": 1,
                                                          "Actual Loops": 5,
                                                          "Filter": "(keyword = 'character-name-in-title'::text)",
                                                          "Rows Removed by Filter": 134169
                                                        }
                                                      ]
                                                    }
                                                  ]
                                                }
                                              ]
                                            }
                                          ]
                                        }
                                      ]
                                    }
                                  ]
                                }
                              ]
                            }
                          ]
                        }
                      ]
                    }
                  ]
                }
              ]
            }
          ]
        }
      ]
    },
    "Planning Time": 15.636,
    "Triggers": [],
    "Execution Time": 2879.353
  }
]