[
  {
    "Plan": {
      "Node Type": "Aggregate",
      "Strategy": "Plain",
      "Partial Mode": "Finalize",
      "Parallel Aware": false,
      "Startup Cost": 46655.91,
      "Total Cost": 46655.92,
      "Plan Rows": 1,
      "Plan Width": 8,
      "Actual Startup Time": 100.288,
      "Actual Total Time": 114.027,
      "Actual Rows": 1,
      "Actual Loops": 1,
      "Plans": [
        {
          "Node Type": "Gather",
          "Parent Relationship": "Outer",
          "Parallel Aware": false,
          "Startup Cost": 46655.49,
          "Total Cost": 46655.9,
          "Plan Rows": 4,
          "Plan Width": 8,
          "Actual Startup Time": 99.984,
          "Actual Total Time": 114.018,
          "Actual Rows": 5,
          "Actual Loops": 1,
          "Workers Planned": 4,
          "Workers Launched": 4,
          "Single Copy": false,
          "Plans": [
            {
              "Node Type": "Aggregate",
              "Strategy": "Plain",
              "Partial Mode": "Partial",
              "Parent Relationship": "Outer",
              "Parallel Aware": false,
              "Startup Cost": 45655.49,
              "Total Cost": 45655.5,
              "Plan Rows": 1,
              "Plan Width": 8,
              "Actual Startup Time": 94.377,
              "Actual Total Time": 94.379,
              "Actual Rows": 1,
              "Actual Loops": 5,
              "Plans": [
                {
                  "Node Type": "Seq Scan",
                  "Parent Relationship": "Outer",
                  "Parallel Aware": true,
                  "Relation Name": "title",
                  "Alias": "t",
                  "Startup Cost": 0.0,
                  "Total Cost": 45479.59,
                  "Plan Rows": 70362,
                  "Plan Width": 0,
                  "Actual Startup Time": 0.033,
                  "Actual Total Time": 91.75,
                  "Actual Rows": 37057,
                  "Actual Loops": 5,
                  "Filter": "((production_year < 1978) AND (kind_id = 7))",
                  "Rows Removed by Filter": 468605
                }
              ]
            }
          ]
        }
      ]
    },
    "Planning Time": 0.099,
    "Triggers": [],
    "Execution Time": 114.061
  }
]