{
    "Plan": {
        "Node Type": "Aggregate",
        "Strategy": "Plain",
        "Partial Mode": "Finalize",
        "Parallel Aware": false,
        "Startup Cost": 291788.2,
        "Total Cost": 291788.21,
        "Plan Rows": 1,
        "Plan Width": 8,
        "Actual Startup Time": 2716.677,
        "Actual Total Time": 2758.867,
        "Actual Rows": 1,
        "Actual Loops": 1,
        "Output": [
            "count(*)"
        ],
        "Plans": [
            {
                "Node Type": "Gather",
                "Parent Relationship": "Outer",
                "Parallel Aware": false,
                "Startup Cost": 291787.68,
                "Total Cost": 291788.19,
                "Plan Rows": 5,
                "Plan Width": 8,
                "Actual Startup Time": 2706.101,
                "Actual Total Time": 2758.859,
                "Actual Rows": 6,
                "Actual Loops": 1,
                "Output": [
                    "(PARTIAL count(*))"
                ],
                "Workers Planned": 5,
                "Workers Launched": 5,
                "Single Copy": false,
                "Plans": [
                    {
                        "Node Type": "Aggregate",
                        "Strategy": "Plain",
                        "Partial Mode": "Partial",
                        "Parent Relationship": "Outer",
                        "Parallel Aware": false,
                        "Startup Cost": 290787.68,
                        "Total Cost": 290787.69,
                        "Plan Rows": 1,
                        "Plan Width": 8,
                        "Actual Startup Time": 2693.512,
                        "Actual Total Time": 2693.518,
                        "Actual Rows": 1,
                        "Actual Loops": 6,
                        "Output": [
                            "PARTIAL count(*)"
                        ],
                        "Workers": [
                            {
                                "Worker Number": 0,
                                "Actual Startup Time": 2691.039,
                                "Actual Total Time": 2691.043,
                                "Actual Rows": 1,
                                "Actual Loops": 1
                            },
                            {
                                "Worker Number": 1,
                                "Actual Startup Time": 2691.244,
                                "Actual Total Time": 2691.249,
                                "Actual Rows": 1,
                                "Actual Loops": 1
                            },
                            {
                                "Worker Number": 2,
                                "Actual Startup Time": 2691.166,
                                "Actual Total Time": 2691.171,
                                "Actual Rows": 1,
                                "Actual Loops": 1
                            },
                            {
                                "Worker Number": 3,
                                "Actual Startup Time": 2691.231,
                                "Actual Total Time": 2691.236,
                                "Actual Rows": 1,
                                "Actual Loops": 1
                            },
                            {
                                "Worker Number": 4,
                                "Actual Startup Time": 2691.196,
                                "Actual Total Time": 2691.201,
                                "Actual Rows": 1,
                                "Actual Loops": 1
                            }
                        ],
                        "Plans": [
                            {
                                "Node Type": "Hash Join",
                                "Parent Relationship": "Outer",
                                "Parallel Aware": true,
                                "Join Type": "Inner",
                                "Startup Cost": 81739.56,
                                "Total Cost": 287958.99,
                                "Plan Rows": 1131475,
                                "Plan Width": 0,
                                "Actual Startup Time": 500.687,
                                "Actual Total Time": 2243.804,
                                "Actual Rows": 10097071,
                                "Actual Loops": 6,
                                "Inner Unique": false,
                                "Hash Cond": "(mi.movie_id = t.id)",
                                "Workers": [
                                    {
                                        "Worker Number": 0,
                                        "Actual Startup Time": 498.664,
                                        "Actual Total Time": 2240.173,
                                        "Actual Rows": 9023874,
                                        "Actual Loops": 1
                                    },
                                    {
                                        "Worker Number": 1,
                                        "Actual Startup Time": 498.897,
                                        "Actual Total Time": 2238.815,
                                        "Actual Rows": 8928864,
                                        "Actual Loops": 1
                                    },
                                    {
                                        "Worker Number": 2,
                                        "Actual Startup Time": 498.749,
                                        "Actual Total Time": 2236.536,
                                        "Actual Rows": 8945370,
                                        "Actual Loops": 1
                                    },
                                    {
                                        "Worker Number": 3,
                                        "Actual Startup Time": 498.698,
                                        "Actual Total Time": 2273.019,
                                        "Actual Rows": 10686771,
                                        "Actual Loops": 1
                                    },
                                    {
                                        "Worker Number": 4,
                                        "Actual Startup Time": 498.838,
                                        "Actual Total Time": 2252.785,
                                        "Actual Rows": 11579252,
                                        "Actual Loops": 1
                                    }
                                ],
                                "Plans": [
                                    {
                                        "Node Type": "Seq Scan",
                                        "Parent Relationship": "Outer",
                                        "Parallel Aware": true,
                                        "Relation Name": "movie_info",
                                        "Schema": "public",
                                        "Alias": "mi",
                                        "Startup Cost": 0.0,
                                        "Total Cost": 191503.19,
                                        "Plan Rows": 2951019,
                                        "Plan Width": 4,
                                        "Actual Startup Time": 0.031,
                                        "Actual Total Time": 301.328,
                                        "Actual Rows": 2472620,
                                        "Actual Loops": 6,
                                        "Output": [
                                            "mi.id",
                                            "mi.movie_id",
                                            "mi.info_type_id",
                                            "mi.info",
                                            "mi.note"
                                        ],
                                        "Workers": [
                                            {
                                                "Worker Number": 0,
                                                "Actual Startup Time": 0.043,
                                                "Actual Total Time": 317.294,
                                                "Actual Rows": 2214498,
                                                "Actual Loops": 1
                                            },
                                            {
                                                "Worker Number": 1,
                                                "Actual Startup Time": 0.026,
                                                "Actual Total Time": 317.3,
                                                "Actual Rows": 2213129,
                                                "Actual Loops": 1
                                            },
                                            {
                                                "Worker Number": 2,
                                                "Actual Startup Time": 0.04,
                                                "Actual Total Time": 316.634,
                                                "Actual Rows": 2222594,
                                                "Actual Loops": 1
                                            },
                                            {
                                                "Worker Number": 3,
                                                "Actual Startup Time": 0.028,
                                                "Actual Total Time": 319.746,
                                                "Actual Rows": 2497663,
                                                "Actual Loops": 1
                                            },
                                            {
                                                "Worker Number": 4,
                                                "Actual Startup Time": 0.039,
                                                "Actual Total Time": 308.466,
                                                "Actual Rows": 2798758,
                                                "Actual Loops": 1
                                            }
                                        ]
                                    },
                                    {
                                        "Node Type": "Hash",
                                        "Parent Relationship": "Inner",
                                        "Parallel Aware": true,
                                        "Startup Cost": 77830.67,
                                        "Total Cost": 77830.67,
                                        "Plan Rows": 312711,
                                        "Plan Width": 8,
                                        "Actual Startup Time": 495.25,
                                        "Actual Total Time": 495.254,
                                        "Actual Rows": 306647,
                                        "Actual Loops": 6,
                                        "Output": [
                                            "t.id",
                                            "mc.movie_id"
                                        ],
                                        "Hash Buckets": 2097152,
                                        "Original Hash Buckets": 1048576,
                                        "Hash Batches": 1,
                                        "Original Hash Batches": 1,
                                        "Peak Memory Usage": 96672,
                                        "Workers": [
                                            {
                                                "Worker Number": 0,
                                                "Actual Startup Time": 496.259,
                                                "Actual Total Time": 496.262,
                                                "Actual Rows": 259665,
                                                "Actual Loops": 1
                                            },
                                            {
                                                "Worker Number": 1,
                                                "Actual Startup Time": 496.4,
                                                "Actual Total Time": 496.404,
                                                "Actual Rows": 261196,
                                                "Actual Loops": 1
                                            },
                                            {
                                                "Worker Number": 2,
                                                "Actual Startup Time": 496.353,
                                                "Actual Total Time": 496.358,
                                                "Actual Rows": 262639,
                                                "Actual Loops": 1
                                            },
                                            {
                                                "Worker Number": 3,
                                                "Actual Startup Time": 496.239,
                                                "Actual Total Time": 496.243,
                                                "Actual Rows": 310886,
                                                "Actual Loops": 1
                                            },
                                            {
                                                "Worker Number": 4,
                                                "Actual Startup Time": 496.452,
                                                "Actual Total Time": 496.455,
                                                "Actual Rows": 361416,
                                                "Actual Loops": 1
                                            }
                                        ],
                                        "Plans": [
                                            {
                                                "Node Type": "Hash Join",
                                                "Parent Relationship": "Outer",
                                                "Parallel Aware": true,
                                                "Join Type": "Inner",
                                                "Startup Cost": 48414.78,
                                                "Total Cost": 77830.67,
                                                "Plan Rows": 312711,
                                                "Plan Width": 8,
                                                "Actual Startup Time": 160.166,
                                                "Actual Total Time": 359.652,
                                                "Actual Rows": 306647,
                                                "Actual Loops": 6,
                                                "Output": [
                                                    "t.id",
                                                    "mc.movie_id"
                                                ],
                                                "Inner Unique": true,
                                                "Hash Cond": "(mc.movie_id = t.id)",
                                                "Workers": [
                                                    {
                                                        "Worker Number": 0,
                                                        "Actual Startup Time": 160.153,
                                                        "Actual Total Time": 360.757,
                                                        "Actual Rows": 259665,
                                                        "Actual Loops": 1
                                                    },
                                                    {
                                                        "Worker Number": 1,
                                                        "Actual Startup Time": 160.033,
                                                        "Actual Total Time": 360.464,
                                                        "Actual Rows": 261196,
                                                        "Actual Loops": 1
                                                    },
                                                    {
                                                        "Worker Number": 2,
                                                        "Actual Startup Time": 160.333,
                                                        "Actual Total Time": 360.039,
                                                        "Actual Rows": 262639,
                                                        "Actual Loops": 1
                                                    },
                                                    {
                                                        "Worker Number": 3,
                                                        "Actual Startup Time": 160.129,
                                                        "Actual Total Time": 359.789,
                                                        "Actual Rows": 310886,
                                                        "Actual Loops": 1
                                                    },
                                                    {
                                                        "Worker Number": 4,
                                                        "Actual Startup Time": 160.038,
                                                        "Actual Total Time": 359.375,
                                                        "Actual Rows": 361416,
                                                        "Actual Loops": 1
                                                    }
                                                ],
                                                "Plans": [
                                                    {
                                                        "Node Type": "Seq Scan",
                                                        "Parent Relationship": "Outer",
                                                        "Parallel Aware": true,
                                                        "Relation Name": "movie_companies",
                                                        "Schema": "public",
                                                        "Alias": "mc",
                                                        "Startup Cost": 0.0,
                                                        "Total Cost": 27206.55,
                                                        "Plan Rows": 841655,
                                                        "Plan Width": 4,
                                                        "Actual Startup Time": 0.018,
                                                        "Actual Total Time": 50.017,
                                                        "Actual Rows": 434855,
                                                        "Actual Loops": 6,
                                                        "Output": [
                                                            "mc.id",
                                                            "mc.movie_id",
                                                            "mc.company_id",
                                                            "mc.company_type_id",
                                                            "mc.note"
                                                        ],
                                                        "Workers": [
                                                            {
                                                                "Worker Number": 0,
                                                                "Actual Startup Time": 0.018,
                                                                "Actual Total Time": 54.13,
                                                                "Actual Rows": 366385,
                                                                "Actual Loops": 1
                                                            },
                                                            {
                                                                "Worker Number": 1,
                                                                "Actual Startup Time": 0.021,
                                                                "Actual Total Time": 53.972,
                                                                "Actual Rows": 369379,
                                                                "Actual Loops": 1
                                                            },
                                                            {
                                                                "Worker Number": 2,
                                                                "Actual Startup Time": 0.021,
                                                                "Actual Total Time": 54.133,
                                                                "Actual Rows": 370392,
                                                                "Actual Loops": 1
                                                            },
                                                            {
                                                                "Worker Number": 3,
                                                                "Actual Startup Time": 0.021,
                                                                "Actual Total Time": 47.121,
                                                                "Actual Rows": 440489,
                                                                "Actual Loops": 1
                                                            },
                                                            {
                                                                "Worker Number": 4,
                                                                "Actual Startup Time": 0.017,
                                                                "Actual Total Time": 49.166,
                                                                "Actual Rows": 514734,
                                                                "Actual Loops": 1
                                                            }
                                                        ]
                                                    },
                                                    {
                                                        "Node Type": "Hash",
                                                        "Parent Relationship": "Inner",
                                                        "Parallel Aware": true,
                                                        "Startup Cost": 45479.21,
                                                        "Total Cost": 45479.21,
                                                        "Plan Rows": 234846,
                                                        "Plan Width": 4,
                                                        "Actual Startup Time": 158.32,
                                                        "Actual Total Time": 158.321,
                                                        "Actual Rows": 158449,
                                                        "Actual Loops": 6,
                                                        "Output": [
                                                            "t.id"
                                                        ],
                                                        "Hash Buckets": 1048576,
                                                        "Original Hash Buckets": 1048576,
                                                        "Hash Batches": 1,
                                                        "Original Hash Batches": 1,
                                                        "Peak Memory Usage": 45504,
                                                        "Workers": [
                                                            {
                                                                "Worker Number": 0,
                                                                "Actual Startup Time": 159.944,
                                                                "Actual Total Time": 159.945,
                                                                "Actual Rows": 131281,
                                                                "Actual Loops": 1
                                                            },
                                                            {
                                                                "Worker Number": 1,
                                                                "Actual Startup Time": 159.944,
                                                                "Actual Total Time": 159.945,
                                                                "Actual Rows": 133504,
                                                                "Actual Loops": 1
                                                            },
                                                            {
                                                                "Worker Number": 2,
                                                                "Actual Startup Time": 159.954,
                                                                "Actual Total Time": 159.955,
                                                                "Actual Rows": 133953,
                                                                "Actual Loops": 1
                                                            },
                                                            {
                                                                "Worker Number": 3,
                                                                "Actual Startup Time": 159.967,
                                                                "Actual Total Time": 159.968,
                                                                "Actual Rows": 149244,
                                                                "Actual Loops": 1
                                                            },
                                                            {
                                                                "Worker Number": 4,
                                                                "Actual Startup Time": 159.932,
                                                                "Actual Total Time": 159.933,
                                                                "Actual Rows": 181669,
                                                                "Actual Loops": 1
                                                            }
                                                        ],
                                                        "Plans": [
                                                            {
                                                                "Node Type": "Seq Scan",
                                                                "Parent Relationship": "Outer",
                                                                "Parallel Aware": true,
                                                                "Relation Name": "title",
                                                                "Schema": "public",
                                                                "Alias": "t",
                                                                "Startup Cost": 0.0,
                                                                "Total Cost": 45479.21,
                                                                "Plan Rows": 234846,
                                                                "Plan Width": 4,
                                                                "Actual Startup Time": 0.072,
                                                                "Actual Total Time": 89.942,
                                                                "Actual Rows": 158449,
                                                                "Actual Loops": 6,
                                                                "Output": [
                                                                    "t.id"
                                                                ],
                                                                "Filter": "((t.kind_id < 7) AND (t.production_year < 2013))",
                                                                "Rows Removed by Filter": 262936,
                                                                "Workers": [
                                                                    {
                                                                        "Worker Number": 0,
                                                                        "Actual Startup Time": 0.083,
                                                                        "Actual Total Time": 91.322,
                                                                        "Actual Rows": 131281,
                                                                        "Actual Loops": 1
                                                                    },
                                                                    {
                                                                        "Worker Number": 1,
                                                                        "Actual Startup Time": 0.091,
                                                                        "Actual Total Time": 91.723,
                                                                        "Actual Rows": 133504,
                                                                        "Actual Loops": 1
                                                                    },
                                                                    {
                                                                        "Worker Number": 2,
                                                                        "Actual Startup Time": 0.08,
                                                                        "Actual Total Time": 92.028,
                                                                        "Actual Rows": 133953,
                                                                        "Actual Loops": 1
                                                                    },
                                                                    {
                                                                        "Worker Number": 3,
                                                                        "Actual Startup Time": 0.079,
                                                                        "Actual Total Time": 88.145,
                                                                        "Actual Rows": 149244,
                                                                        "Actual Loops": 1
                                                                    },
                                                                    {
                                                                        "Worker Number": 4,
                                                                        "Actual Startup Time": 0.078,
                                                                        "Actual Total Time": 89.728,
                                                                        "Actual Rows": 181669,
                                                                        "Actual Loops": 1
                                                                    }
                                                                ]
                                                            }
                                                        ]
                                                    }
                                                ]
                                            }
                                        ]
                                    }
                                ]
                            }
                        ]
                    }
                ]
            }
        ]
    },
    "Planning Time": 1.529,
    "Triggers": [],
    "Execution Time": 2758.958
}