[
    {
        "Bao": {
            "Bao prediction": 443.178,
            "Bao recommended hint": "(no hint)"
        }
    },
    {
        "Plan": {
            "Node Type": "Aggregate",
            "Strategy": "Plain",
            "Partial Mode": "Finalize",
            "Parallel Aware": false,
            "Startup Cost": 32934.91,
            "Total Cost": 32934.92,
            "Plan Rows": 1,
            "Plan Width": 8,
            "Actual Startup Time": 111.079,
            "Actual Total Time": 117.672,
            "Actual Rows": 1,
            "Actual Loops": 1,
            "Output": [
                "count(*)"
            ],
            "Plans": [
                {
                    "Node Type": "Gather",
                    "Parent Relationship": "Outer",
                    "Parallel Aware": false,
                    "Startup Cost": 32934.59,
                    "Total Cost": 32934.9,
                    "Plan Rows": 3,
                    "Plan Width": 8,
                    "Actual Startup Time": 110.987,
                    "Actual Total Time": 117.664,
                    "Actual Rows": 4,
                    "Actual Loops": 1,
                    "Output": [
                        "(PARTIAL count(*))"
                    ],
                    "Workers Planned": 3,
                    "Workers Launched": 3,
                    "Single Copy": false,
                    "Plans": [
                        {
                            "Node Type": "Aggregate",
                            "Strategy": "Plain",
                            "Partial Mode": "Partial",
                            "Parent Relationship": "Outer",
                            "Parallel Aware": false,
                            "Startup Cost": 31934.59,
                            "Total Cost": 31934.6,
                            "Plan Rows": 1,
                            "Plan Width": 8,
                            "Actual Startup Time": 102.903,
                            "Actual Total Time": 102.904,
                            "Actual Rows": 1,
                            "Actual Loops": 4,
                            "Output": [
                                "PARTIAL count(*)"
                            ],
                            "Workers": [
                                {
                                    "Worker Number": 0,
                                    "Actual Startup Time": 100.215,
                                    "Actual Total Time": 100.216,
                                    "Actual Rows": 1,
                                    "Actual Loops": 1
                                },
                                {
                                    "Worker Number": 1,
                                    "Actual Startup Time": 100.224,
                                    "Actual Total Time": 100.225,
                                    "Actual Rows": 1,
                                    "Actual Loops": 1
                                },
                                {
                                    "Worker Number": 2,
                                    "Actual Startup Time": 100.783,
                                    "Actual Total Time": 100.785,
                                    "Actual Rows": 1,
                                    "Actual Loops": 1
                                }
                            ],
                            "Plans": [
                                {
                                    "Node Type": "Seq Scan",
                                    "Parent Relationship": "Outer",
                                    "Parallel Aware": true,
                                    "Relation Name": "movie_companies",
                                    "Schema": "public",
                                    "Alias": "mc",
                                    "Startup Cost": 0.0,
                                    "Total Cost": 31414.82,
                                    "Plan Rows": 207910,
                                    "Plan Width": 0,
                                    "Actual Startup Time": 22.849,
                                    "Actual Total Time": 95.942,
                                    "Actual Rows": 101660,
                                    "Actual Loops": 4,
                                    "Output": [
                                        "id",
                                        "movie_id",
                                        "company_id",
                                        "company_type_id",
                                        "note"
                                    ],
                                    "Filter": "((mc.company_id > 11244) AND (mc.company_type_id = 1))",
                                    "Rows Removed by Filter": 550622,
                                    "Workers": [
                                        {
                                            "Worker Number": 0,
                                            "Actual Startup Time": 20.181,
                                            "Actual Total Time": 93.464,
                                            "Actual Rows": 95820,
                                            "Actual Loops": 1
                                        },
                                        {
                                            "Worker Number": 1,
                                            "Actual Startup Time": 20.163,
                                            "Actual Total Time": 93.475,
                                            "Actual Rows": 95611,
                                            "Actual Loops": 1
                                        },
                                        {
                                            "Worker Number": 2,
                                            "Actual Startup Time": 20.721,
                                            "Actual Total Time": 94.181,
                                            "Actual Rows": 94422,
                                            "Actual Loops": 1
                                        }
                                    ]
                                }
                            ]
                        }
                    ]
                }
            ]
        },
        "Planning Time": 2246.615,
        "Triggers": [],
        "Execution Time": 117.793
    }
]