{
  "Plan": {
    "Node Type": "Aggregate",
    "Strategy": "Plain",
    "Partial Mode": "Finalize",
    "Parallel Aware": false,
    "Startup Cost": 114419.77,
    "Total Cost": 114419.78,
    "Plan Rows": 1,
    "Plan Width": 8,
    "Actual Startup Time": 617.501,
    "Actual Total Time": 633.239,
    "Actual Rows": 1,
    "Actual Loops": 1,
    "Plans": [
      {
        "Node Type": "Gather",
        "Parent Relationship": "Outer",
        "Parallel Aware": false,
        "Startup Cost": 114419.66,
        "Total Cost": 114419.77,
        "Plan Rows": 1,
        "Plan Width": 8,
        "Actual Startup Time": 616.048,
        "Actual Total Time": 633.232,
        "Actual Rows": 2,
        "Actual Loops": 1,
        "Workers Planned": 1,
        "Workers Launched": 1,
        "Single Copy": false,
        "Plans": [
          {
            "Node Type": "Aggregate",
            "Strategy": "Plain",
            "Partial Mode": "Partial",
            "Parent Relationship": "Outer",
            "Parallel Aware": false,
            "Startup Cost": 113419.66,
            "Total Cost": 113419.67,
            "Plan Rows": 1,
            "Plan Width": 8,
            "Actual Startup Time": 610.117,
            "Actual Total Time": 610.121,
            "Actual Rows": 1,
            "Actual Loops": 2,
            "Plans": [
              {
                "Node Type": "Hash Join",
                "Parent Relationship": "Outer",
                "Parallel Aware": true,
                "Join Type": "Inner",
                "Startup Cost": 48661.06,
                "Total Cost": 112049.79,
                "Plan Rows": 547947,
                "Plan Width": 0,
                "Actual Startup Time": 212.941,
                "Actual Total Time": 597.738,
                "Actual Rows": 306196,
                "Actual Loops": 2,
                "Inner Unique": false,
                "Hash Cond": "(t.id = mc.movie_id)",
                "Plans": [
                  {
                    "Node Type": "Seq Scan",
                    "Parent Relationship": "Outer",
                    "Parallel Aware": true,
                    "Relation Name": "title",
                    "Alias": "t",
                    "Startup Cost": 0.0,
                    "Total Cost": 50870.31,
                    "Plan Rows": 1487231,
                    "Plan Width": 4,
                    "Actual Startup Time": 0.009,
                    "Actual Total Time": 115.621,
                    "Actual Rows": 1264156,
                    "Actual Loops": 2
                  },
                  {
                    "Node Type": "Hash",
                    "Parent Relationship": "Inner",
                    "Parallel Aware": true,
                    "Startup Cost": 41811.73,
                    "Total Cost": 41811.73,
                    "Plan Rows": 547947,
                    "Plan Width": 4,
                    "Actual Startup Time": 203.35,
                    "Actual Total Time": 203.351,
                    "Actual Rows": 306196,
                    "Actual Loops": 2,
                    "Hash Buckets": 1048576,
                    "Original Hash Buckets": 1048576,
                    "Hash Batches": 1,
                    "Original Hash Batches": 1,
                    "Peak Memory Usage": 32192,
                    "Plans": [
                      {
                        "Node Type": "Seq Scan",
                        "Parent Relationship": "Outer",
                        "Parallel Aware": true,
                        "Relation Name": "movie_companies",
                        "Alias": "mc",
                        "Startup Cost": 0.0,
                        "Total Cost": 41811.73,
                        "Plan Rows": 547947,
                        "Plan Width": 4,
                        "Actual Startup Time": 70.151,
                        "Actual Total Time": 135.551,
                        "Actual Rows": 306196,
                        "Actual Loops": 2,
                        "Filter": "((company_id < 31716) AND (company_type_id > 1))",
                        "Rows Removed by Filter": 998368
                      }
                    ]
                  }
                ]
              }
            ]
          }
        ]
      }
    ]
  },
  "Planning Time": 0.689,
  "Triggers": [],
  "Execution Time": 633.308
}