{
  "Plan": {
    "Node Type": "Aggregate",
    "Strategy": "Plain",
    "Partial Mode": "Finalize",
    "Parallel Aware": false,
    "Startup Cost": 723863.59,
    "Total Cost": 723863.6,
    "Plan Rows": 1,
    "Plan Width": 8,
    "Actual Startup Time": 4180.996,
    "Actual Total Time": 4225.92,
    "Actual Rows": 1,
    "Actual Loops": 1,
    "Plans": [
      {
        "Node Type": "Gather",
        "Parent Relationship": "Outer",
        "Parallel Aware": false,
        "Startup Cost": 723863.48,
        "Total Cost": 723863.59,
        "Plan Rows": 1,
        "Plan Width": 8,
        "Actual Startup Time": 4169.141,
        "Actual Total Time": 4225.909,
        "Actual Rows": 2,
        "Actual Loops": 1,
        "Workers Planned": 1,
        "Workers Launched": 1,
        "Single Copy": false,
        "Plans": [
          {
            "Node Type": "Aggregate",
            "Strategy": "Plain",
            "Partial Mode": "Partial",
            "Parent Relationship": "Outer",
            "Parallel Aware": false,
            "Startup Cost": 722863.48,
            "Total Cost": 722863.49,
            "Plan Rows": 1,
            "Plan Width": 8,
            "Actual Startup Time": 4157.845,
            "Actual Total Time": 4157.85,
            "Actual Rows": 1,
            "Actual Loops": 2,
            "Plans": [
              {
                "Node Type": "Hash Join",
                "Parent Relationship": "Outer",
                "Parallel Aware": true,
                "Join Type": "Inner",
                "Startup Cost": 319284.1,
                "Total Cost": 712234.97,
                "Plan Rows": 4251403,
                "Plan Width": 0,
                "Actual Startup Time": 1469.413,
                "Actual Total Time": 4002.946,
                "Actual Rows": 3344678,
                "Actual Loops": 2,
                "Inner Unique": false,
                "Hash Cond": "(t.id = mc.movie_id)",
                "Plans": [
                  {
                    "Node Type": "Hash Join",
                    "Parent Relationship": "Outer",
                    "Parallel Aware": true,
                    "Join Type": "Inner",
                    "Startup Cost": 265961.5,
                    "Total Cost": 608156.08,
                    "Plan Rows": 4119686,
                    "Plan Width": 8,
                    "Actual Startup Time": 944.446,
                    "Actual Total Time": 2423.032,
                    "Actual Rows": 1922088,
                    "Actual Loops": 2,
                    "Inner Unique": true,
                    "Hash Cond": "(ci.movie_id = t.id)",
                    "Plans": [
                      {
                        "Node Type": "Bitmap Heap Scan",
                        "Parent Relationship": "Outer",
                        "Parallel Aware": true,
                        "Relation Name": "cast_info",
                        "Alias": "ci",
                        "Startup Cost": 196500.8,
                        "Total Cost": 527881.18,
                        "Plan Rows": 4119686,
                        "Plan Width": 4,
                        "Actual Startup Time": 400.607,
                        "Actual Total Time": 961.42,
                        "Actual Rows": 1922088,
                        "Actual Loops": 2,
                        "Recheck Cond": "(person_id > 2808003)",
                        "Rows Removed by Index Recheck": 0,
                        "Filter": "(role_id < 7)",
                        "Rows Removed by Filter": 2499216,
                        "Exact Heap Blocks": 49914,
                        "Lossy Heap Blocks": 0,
                        "Plans": [
                          {
                            "Node Type": "Bitmap Index Scan",
                            "Parent Relationship": "Outer",
                            "Parallel Aware": false,
                            "Index Name": "person_id_cast_info",
                            "Startup Cost": 0.0,
                            "Total Cost": 194749.94,
                            "Plan Rows": 8918583,
                            "Plan Width": 0,
                            "Actual Startup Time": 383.523,
                            "Actual Total Time": 383.524,
                            "Actual Rows": 8842607,
                            "Actual Loops": 1,
                            "Index Cond": "(person_id > 2808003)"
                          }
                        ]
                      },
                      {
                        "Node Type": "Hash",
                        "Parent Relationship": "Inner",
                        "Parallel Aware": true,
                        "Startup Cost": 50870.31,
                        "Total Cost": 50870.31,
                        "Plan Rows": 1487231,
                        "Plan Width": 4,
                        "Actual Startup Time": 533.254,
                        "Actual Total Time": 533.255,
                        "Actual Rows": 1264156,
                        "Actual Loops": 2,
                        "Hash Buckets": 4194304,
                        "Original Hash Buckets": 4194304,
                        "Hash Batches": 1,
                        "Original Hash Batches": 1,
                        "Peak Memory Usage": 131680,
                        "Plans": [
                          {
                            "Node Type": "Seq Scan",
                            "Parent Relationship": "Outer",
                            "Parallel Aware": true,
                            "Relation Name": "title",
                            "Alias": "t",
                            "Startup Cost": 0.0,
                            "Total Cost": 50870.31,
                            "Plan Rows": 1487231,
                            "Plan Width": 4,
                            "Actual Startup Time": 0.019,
                            "Actual Total Time": 171.578,
                            "Actual Rows": 1264156,
                            "Actual Loops": 2
                          }
                        ]
                      }
                    ]
                  },
                  {
                    "Node Type": "Hash",
                    "Parent Relationship": "Inner",
                    "Parallel Aware": true,
                    "Startup Cost": 34137.82,
                    "Total Cost": 34137.82,
                    "Plan Rows": 1534782,
                    "Plan Width": 4,
                    "Actual Startup Time": 502.496,
                    "Actual Total Time": 502.497,
                    "Actual Rows": 1304564,
                    "Actual Loops": 2,
                    "Hash Buckets": 4194304,
                    "Original Hash Buckets": 4194304,
                    "Hash Batches": 1,
                    "Original Hash Batches": 1,
                    "Peak Memory Usage": 134848,
                    "Plans": [
                      {
                        "Node Type": "Seq Scan",
                        "Parent Relationship": "Outer",
                        "Parallel Aware": true,
                        "Relation Name": "movie_companies",
                        "Alias": "mc",
                        "Startup Cost": 0.0,
                        "Total Cost": 34137.82,
                        "Plan Rows": 1534782,
                        "Plan Width": 4,
                        "Actual Startup Time": 0.044,
                        "Actual Total Time": 160.333,
                        "Actual Rows": 1304564,
                        "Actual Loops": 2
                      }
                    ]
                  }
                ]
              }
            ]
          }
        ]
      }
    ]
  },
  "Planning Time": 1.055,
  "Triggers": [],
  "Execution Time": 4226.048
}