{
  "Plan": {
    "Node Type": "Aggregate",
    "Strategy": "Plain",
    "Partial Mode": "Finalize",
    "Parallel Aware": false,
    "Startup Cost": 116427.47,
    "Total Cost": 116427.48,
    "Plan Rows": 1,
    "Plan Width": 8,
    "Actual Startup Time": 426.594,
    "Actual Total Time": 436.064,
    "Actual Rows": 1,
    "Actual Loops": 1,
    "Plans": [
      {
        "Node Type": "Gather",
        "Parent Relationship": "Outer",
        "Parallel Aware": false,
        "Startup Cost": 116427.35,
        "Total Cost": 116427.46,
        "Plan Rows": 1,
        "Plan Width": 8,
        "Actual Startup Time": 425.936,
        "Actual Total Time": 436.054,
        "Actual Rows": 2,
        "Actual Loops": 1,
        "Workers Planned": 1,
        "Workers Launched": 1,
        "Single Copy": false,
        "Plans": [
          {
            "Node Type": "Aggregate",
            "Strategy": "Plain",
            "Partial Mode": "Partial",
            "Parent Relationship": "Outer",
            "Parallel Aware": false,
            "Startup Cost": 115427.35,
            "Total Cost": 115427.36,
            "Plan Rows": 1,
            "Plan Width": 8,
            "Actual Startup Time": 419.769,
            "Actual Total Time": 419.773,
            "Actual Rows": 1,
            "Actual Loops": 2,
            "Plans": [
              {
                "Node Type": "Hash Join",
                "Parent Relationship": "Outer",
                "Parallel Aware": true,
                "Join Type": "Inner",
                "Startup Cost": 55490.31,
                "Total Cost": 115244.08,
                "Plan Rows": 73308,
                "Plan Width": 0,
                "Actual Startup Time": 191.636,
                "Actual Total Time": 415.455,
                "Actual Rows": 82332,
                "Actual Loops": 2,
                "Inner Unique": true,
                "Hash Cond": "(mk.movie_id = t.id)",
                "Plans": [
                  {
                    "Node Type": "Seq Scan",
                    "Parent Relationship": "Outer",
                    "Parallel Aware": true,
                    "Relation Name": "movie_keyword",
                    "Alias": "mk",
                    "Startup Cost": 0.0,
                    "Total Cost": 57718.19,
                    "Plan Rows": 775459,
                    "Plan Width": 4,
                    "Actual Startup Time": 0.016,
                    "Actual Total Time": 190.503,
                    "Actual Rows": 665236,
                    "Actual Loops": 2,
                    "Filter": "(keyword_id < 1739)",
                    "Rows Removed by Filter": 1596730
                  },
                  {
                    "Node Type": "Hash",
                    "Parent Relationship": "Inner",
                    "Parallel Aware": true,
                    "Startup Cost": 53732.86,
                    "Total Cost": 53732.86,
                    "Plan Rows": 140596,
                    "Plan Width": 4,
                    "Actual Startup Time": 137.313,
                    "Actual Total Time": 137.314,
                    "Actual Rows": 100082,
                    "Actual Loops": 2,
                    "Hash Buckets": 262144,
                    "Original Hash Buckets": 262144,
                    "Hash Batches": 1,
                    "Original Hash Batches": 1,
                    "Peak Memory Usage": 9920,
                    "Plans": [
                      {
                        "Node Type": "Bitmap Heap Scan",
                        "Parent Relationship": "Outer",
                        "Parallel Aware": true,
                        "Relation Name": "title",
                        "Alias": "t",
                        "Startup Cost": 11882.6,
                        "Total Cost": 53732.86,
                        "Plan Rows": 140596,
                        "Plan Width": 4,
                        "Actual Startup Time": 41.208,
                        "Actual Total Time": 111.016,
                        "Actual Rows": 100082,
                        "Actual Loops": 2,
                        "Recheck Cond": "(kind_id = 1)",
                        "Rows Removed by Index Recheck": 0,
                        "Filter": "(production_year > 2006)",
                        "Rows Removed by Filter": 231330,
                        "Exact Heap Blocks": 6997,
                        "Lossy Heap Blocks": 0,
                        "Plans": [
                          {
                            "Node Type": "Bitmap Index Scan",
                            "Parent Relationship": "Outer",
                            "Parallel Aware": false,
                            "Index Name": "kind_id_title",
                            "Startup Cost": 0.0,
                            "Total Cost": 11822.85,
                            "Plan Rows": 663256,
                            "Plan Width": 0,
                            "Actual Startup Time": 40.669,
                            "Actual Total Time": 40.669,
                            "Actual Rows": 662825,
                            "Actual Loops": 1,
                            "Index Cond": "(kind_id = 1)"
                          }
                        ]
                      }
                    ]
                  }
                ]
              }
            ]
          }
        ]
      }
    ]
  },
  "Planning Time": 0.477,
  "Triggers": [],
  "Execution Time": 436.159
}