{
    "Plan": {
        "Node Type": "Aggregate",
        "Strategy": "Plain",
        "Partial Mode": "Finalize",
        "Parallel Aware": false,
        "Startup Cost": 394517.72,
        "Total Cost": 394517.73,
        "Plan Rows": 1,
        "Plan Width": 8,
        "Actual Startup Time": 5335.591,
        "Actual Total Time": 5409.899,
        "Actual Rows": 1,
        "Actual Loops": 1,
        "Output": [
            "count(*)"
        ],
        "Plans": [
            {
                "Node Type": "Gather",
                "Parent Relationship": "Outer",
                "Parallel Aware": false,
                "Startup Cost": 394517.4,
                "Total Cost": 394517.71,
                "Plan Rows": 3,
                "Plan Width": 8,
                "Actual Startup Time": 5332.795,
                "Actual Total Time": 5409.888,
                "Actual Rows": 4,
                "Actual Loops": 1,
                "Output": [
                    "(PARTIAL count(*))"
                ],
                "Workers Planned": 3,
                "Workers Launched": 3,
                "Single Copy": false,
                "Plans": [
                    {
                        "Node Type": "Aggregate",
                        "Strategy": "Plain",
                        "Partial Mode": "Partial",
                        "Parent Relationship": "Outer",
                        "Parallel Aware": false,
                        "Startup Cost": 393517.4,
                        "Total Cost": 393517.41,
                        "Plan Rows": 1,
                        "Plan Width": 8,
                        "Actual Startup Time": 5323.825,
                        "Actual Total Time": 5323.83,
                        "Actual Rows": 1,
                        "Actual Loops": 4,
                        "Output": [
                            "PARTIAL count(*)"
                        ],
                        "Workers": [
                            {
                                "Worker Number": 0,
                                "Actual Startup Time": 5320.64,
                                "Actual Total Time": 5320.644,
                                "Actual Rows": 1,
                                "Actual Loops": 1
                            },
                            {
                                "Worker Number": 1,
                                "Actual Startup Time": 5320.869,
                                "Actual Total Time": 5320.872,
                                "Actual Rows": 1,
                                "Actual Loops": 1
                            },
                            {
                                "Worker Number": 2,
                                "Actual Startup Time": 5321.768,
                                "Actual Total Time": 5321.771,
                                "Actual Rows": 1,
                                "Actual Loops": 1
                            }
                        ],
                        "Plans": [
                            {
                                "Node Type": "Nested Loop",
                                "Parent Relationship": "Outer",
                                "Parallel Aware": false,
                                "Join Type": "Inner",
                                "Startup Cost": 47396.01,
                                "Total Cost": 389485.47,
                                "Plan Rows": 1612772,
                                "Plan Width": 0,
                                "Actual Startup Time": 220.042,
                                "Actual Total Time": 5040.833,
                                "Actual Rows": 5979069,
                                "Actual Loops": 4,
                                "Inner Unique": false,
                                "Join Filter": "(t.id = ci.movie_id)",
                                "Rows Removed by Join Filter": 0,
                                "Workers": [
                                    {
                                        "Worker Number": 0,
                                        "Actual Startup Time": 216.988,
                                        "Actual Total Time": 5052.57,
                                        "Actual Rows": 6496645,
                                        "Actual Loops": 1
                                    },
                                    {
                                        "Worker Number": 1,
                                        "Actual Startup Time": 217.155,
                                        "Actual Total Time": 5041.876,
                                        "Actual Rows": 5721562,
                                        "Actual Loops": 1
                                    },
                                    {
                                        "Worker Number": 2,
                                        "Actual Startup Time": 217.438,
                                        "Actual Total Time": 5037.98,
                                        "Actual Rows": 5643169,
                                        "Actual Loops": 1
                                    }
                                ],
                                "Plans": [
                                    {
                                        "Node Type": "Hash Join",
                                        "Parent Relationship": "Outer",
                                        "Parallel Aware": true,
                                        "Join Type": "Inner",
                                        "Startup Cost": 47395.45,
                                        "Total Cost": 77923.51,
                                        "Plan Rows": 112477,
                                        "Plan Width": 8,
                                        "Actual Startup Time": 219.94,
                                        "Actual Total Time": 373.358,
                                        "Actual Rows": 99953,
                                        "Actual Loops": 4,
                                        "Output": [
                                            "t.id",
                                            "mc.movie_id"
                                        ],
                                        "Inner Unique": true,
                                        "Hash Cond": "(mc.movie_id = t.id)",
                                        "Workers": [
                                            {
                                                "Worker Number": 0,
                                                "Actual Startup Time": 216.864,
                                                "Actual Total Time": 370.825,
                                                "Actual Rows": 107748,
                                                "Actual Loops": 1
                                            },
                                            {
                                                "Worker Number": 1,
                                                "Actual Startup Time": 217.024,
                                                "Actual Total Time": 370.518,
                                                "Actual Rows": 97427,
                                                "Actual Loops": 1
                                            },
                                            {
                                                "Worker Number": 2,
                                                "Actual Startup Time": 217.331,
                                                "Actual Total Time": 374.058,
                                                "Actual Rows": 94405,
                                                "Actual Loops": 1
                                            }
                                        ],
                                        "Plans": [
                                            {
                                                "Node Type": "Seq Scan",
                                                "Parent Relationship": "Outer",
                                                "Parallel Aware": true,
                                                "Relation Name": "movie_companies",
                                                "Schema": "public",
                                                "Alias": "mc",
                                                "Startup Cost": 0.0,
                                                "Total Cost": 29310.68,
                                                "Plan Rows": 463764,
                                                "Plan Width": 4,
                                                "Actual Startup Time": 0.021,
                                                "Actual Total Time": 78.269,
                                                "Actual Rows": 357570,
                                                "Actual Loops": 4,
                                                "Output": [
                                                    "mc.id",
                                                    "mc.movie_id",
                                                    "mc.company_id",
                                                    "mc.company_type_id",
                                                    "mc.note"
                                                ],
                                                "Filter": "(mc.company_id < 12651)",
                                                "Rows Removed by Filter": 294712,
                                                "Workers": [
                                                    {
                                                        "Worker Number": 0,
                                                        "Actual Startup Time": 0.023,
                                                        "Actual Total Time": 78.395,
                                                        "Actual Rows": 396065,
                                                        "Actual Loops": 1
                                                    },
                                                    {
                                                        "Worker Number": 1,
                                                        "Actual Startup Time": 0.026,
                                                        "Actual Total Time": 80.839,
                                                        "Actual Rows": 336612,
                                                        "Actual Loops": 1
                                                    },
                                                    {
                                                        "Worker Number": 2,
                                                        "Actual Startup Time": 0.023,
                                                        "Actual Total Time": 81.754,
                                                        "Actual Rows": 335230,
                                                        "Actual Loops": 1
                                                    }
                                                ]
                                            },
                                            {
                                                "Node Type": "Hash",
                                                "Parent Relationship": "Inner",
                                                "Parallel Aware": true,
                                                "Startup Cost": 45479.21,
                                                "Total Cost": 45479.21,
                                                "Plan Rows": 153299,
                                                "Plan Width": 4,
                                                "Actual Startup Time": 178.208,
                                                "Actual Total Time": 178.21,
                                                "Actual Rows": 127782,
                                                "Actual Loops": 4,
                                                "Output": [
                                                    "t.id"
                                                ],
                                                "Hash Buckets": 1048576,
                                                "Original Hash Buckets": 1048576,
                                                "Hash Batches": 1,
                                                "Original Hash Batches": 1,
                                                "Peak Memory Usage": 28256,
                                                "Workers": [
                                                    {
                                                        "Worker Number": 0,
                                                        "Actual Startup Time": 179.404,
                                                        "Actual Total Time": 179.405,
                                                        "Actual Rows": 159329,
                                                        "Actual Loops": 1
                                                    },
                                                    {
                                                        "Worker Number": 1,
                                                        "Actual Startup Time": 179.588,
                                                        "Actual Total Time": 179.59,
                                                        "Actual Rows": 108939,
                                                        "Actual Loops": 1
                                                    },
                                                    {
                                                        "Worker Number": 2,
                                                        "Actual Startup Time": 179.844,
                                                        "Actual Total Time": 179.845,
                                                        "Actual Rows": 113857,
                                                        "Actual Loops": 1
                                                    }
                                                ],
                                                "Plans": [
                                                    {
                                                        "Node Type": "Seq Scan",
                                                        "Parent Relationship": "Outer",
                                                        "Parallel Aware": true,
                                                        "Relation Name": "title",
                                                        "Schema": "public",
                                                        "Alias": "t",
                                                        "Startup Cost": 0.0,
                                                        "Total Cost": 45479.21,
                                                        "Plan Rows": 153299,
                                                        "Plan Width": 4,
                                                        "Actual Startup Time": 56.408,
                                                        "Actual Total Time": 127.204,
                                                        "Actual Rows": 127782,
                                                        "Actual Loops": 4,
                                                        "Output": [
                                                            "t.id"
                                                        ],
                                                        "Filter": "((t.production_year > 1941) AND (t.kind_id = 1))",
                                                        "Rows Removed by Filter": 504296,
                                                        "Workers": [
                                                            {
                                                                "Worker Number": 0,
                                                                "Actual Startup Time": 72.301,
                                                                "Actual Total Time": 127.171,
                                                                "Actual Rows": 159329,
                                                                "Actual Loops": 1
                                                            },
                                                            {
                                                                "Worker Number": 1,
                                                                "Actual Startup Time": 72.351,
                                                                "Actual Total Time": 126.186,
                                                                "Actual Rows": 108939,
                                                                "Actual Loops": 1
                                                            },
                                                            {
                                                                "Worker Number": 2,
                                                                "Actual Startup Time": 72.353,
                                                                "Actual Total Time": 129.356,
                                                                "Actual Rows": 113857,
                                                                "Actual Loops": 1
                                                            }
                                                        ]
                                                    }
                                                ]
                                            }
                                        ]
                                    },
                                    {
                                        "Node Type": "Index Only Scan",
                                        "Parent Relationship": "Inner",
                                        "Parallel Aware": false,
                                        "Scan Direction": "Forward",
                                        "Index Name": "movie_id_cast_info",
                                        "Relation Name": "cast_info",
                                        "Schema": "public",
                                        "Alias": "ci",
                                        "Startup Cost": 0.56,
                                        "Total Cost": 2.3,
                                        "Plan Rows": 38,
                                        "Plan Width": 4,
                                        "Actual Startup Time": 0.005,
                                        "Actual Total Time": 0.041,
                                        "Actual Rows": 60,
                                        "Actual Loops": 399813,
                                        "Output": [
                                            "ci.movie_id"
                                        ],
                                        "Index Cond": "(ci.movie_id = mc.movie_id)",
                                        "Rows Removed by Index Recheck": 0,
                                        "Heap Fetches": 23916276,
                                        "Workers": [
                                            {
                                                "Worker Number": 0,
                                                "Actual Startup Time": 0.005,
                                                "Actual Total Time": 0.038,
                                                "Actual Rows": 60,
                                                "Actual Loops": 107748
                                            },
                                            {
                                                "Worker Number": 1,
                                                "Actual Startup Time": 0.005,
                                                "Actual Total Time": 0.042,
                                                "Actual Rows": 59,
                                                "Actual Loops": 97427
                                            },
                                            {
                                                "Worker Number": 2,
                                                "Actual Startup Time": 0.005,
                                                "Actual Total Time": 0.043,
                                                "Actual Rows": 60,
                                                "Actual Loops": 94405
                                            }
                                        ]
                                    }
                                ]
                            }
                        ]
                    }
                ]
            }
        ]
    },
    "Planning Time": 1.672,
    "Triggers": [],
    "Execution Time": 5410.022
}