[
  {
    "Plan": {
      "Node Type": "Aggregate",
      "Strategy": "Plain",
      "Partial Mode": "Finalize",
      "Parallel Aware": false,
      "Startup Cost": 31642.99,
      "Total Cost": 31643.0,
      "Plan Rows": 1,
      "Plan Width": 8,
      "Actual Startup Time": 100.598,
      "Actual Total Time": 109.038,
      "Actual Rows": 1,
      "Actual Loops": 1,
      "Plans": [
        {
          "Node Type": "Gather",
          "Parent Relationship": "Outer",
          "Parallel Aware": false,
          "Startup Cost": 31642.67,
          "Total Cost": 31642.98,
          "Plan Rows": 3,
          "Plan Width": 8,
          "Actual Startup Time": 100.522,
          "Actual Total Time": 109.03,
          "Actual Rows": 4,
          "Actual Loops": 1,
          "Workers Planned": 3,
          "Workers Launched": 3,
          "Single Copy": false,
          "Plans": [
            {
              "Node Type": "Aggregate",
              "Strategy": "Plain",
              "Partial Mode": "Partial",
              "Parent Relationship": "Outer",
              "Parallel Aware": false,
              "Startup Cost": 30642.67,
              "Total Cost": 30642.68,
              "Plan Rows": 1,
              "Plan Width": 8,
              "Actual Startup Time": 95.406,
              "Actual Total Time": 95.407,
              "Actual Rows": 1,
              "Actual Loops": 4,
              "Plans": [
                {
                  "Node Type": "Seq Scan",
                  "Parent Relationship": "Outer",
                  "Parallel Aware": true,
                  "Relation Name": "movie_companies",
                  "Alias": "mc",
                  "Startup Cost": 0.0,
                  "Total Cost": 29310.68,
                  "Plan Rows": 532797,
                  "Plan Width": 0,
                  "Actual Startup Time": 0.025,
                  "Actual Total Time": 75.583,
                  "Actual Rows": 414939,
                  "Actual Loops": 4,
                  "Filter": "(company_id < 18631)",
                  "Rows Removed by Filter": 237343
                }
              ]
            }
          ]
        }
      ]
    },
    "Planning Time": 0.184,
    "Triggers": [],
    "Execution Time": 109.089
  }
]