[
  {
    "Plan": {
      "Node Type": "Aggregate",
      "Strategy": "Plain",
      "Partial Mode": "Finalize",
      "Parallel Aware": false,
      "Startup Cost": 330818.9,
      "Total Cost": 330818.91,
      "Plan Rows": 1,
      "Plan Width": 8,
      "Actual Startup Time": 584.267,
      "Actual Total Time": 641.659,
      "Actual Rows": 1,
      "Actual Loops": 1,
      "Plans": [
        {
          "Node Type": "Gather",
          "Parent Relationship": "Outer",
          "Parallel Aware": false,
          "Startup Cost": 330818.28,
          "Total Cost": 330818.89,
          "Plan Rows": 6,
          "Plan Width": 8,
          "Actual Startup Time": 584.139,
          "Actual Total Time": 641.648,
          "Actual Rows": 7,
          "Actual Loops": 1,
          "Workers Planned": 6,
          "Workers Launched": 6,
          "Single Copy": false,
          "Plans": [
            {
              "Node Type": "Aggregate",
              "Strategy": "Plain",
              "Partial Mode": "Partial",
              "Parent Relationship": "Outer",
              "Parallel Aware": false,
              "Startup Cost": 329818.28,
              "Total Cost": 329818.29,
              "Plan Rows": 1,
              "Plan Width": 8,
              "Actual Startup Time": 574.619,
              "Actual Total Time": 574.62,
              "Actual Rows": 1,
              "Actual Loops": 7,
              "Plans": [
                {
                  "Node Type": "Seq Scan",
                  "Parent Relationship": "Outer",
                  "Parallel Aware": true,
                  "Relation Name": "cast_info",
                  "Alias": "ci",
                  "Startup Cost": 0.0,
                  "Total Cost": 328162.03,
                  "Plan Rows": 662501,
                  "Plan Width": 0,
                  "Actual Startup Time": 0.05,
                  "Actual Total Time": 544.77,
                  "Actual Rows": 585935,
                  "Actual Loops": 7,
                  "Filter": "(person_id < 394356)",
                  "Rows Removed by Filter": 4591829
                }
              ]
            }
          ]
        }
      ]
    },
    "Planning Time": 0.107,
    "Triggers": [],
    "Execution Time": 641.71
  }
]