[
  {
    "Plan": {
      "Node Type": "Aggregate",
      "Strategy": "Plain",
      "Partial Mode": "Finalize",
      "Parallel Aware": false,
      "Startup Cost": 47058.99,
      "Total Cost": 47059.0,
      "Plan Rows": 1,
      "Plan Width": 8,
      "Actual Startup Time": 174.38,
      "Actual Total Time": 184.094,
      "Actual Rows": 1,
      "Actual Loops": 1,
      "Plans": [
        {
          "Node Type": "Gather",
          "Parent Relationship": "Outer",
          "Parallel Aware": false,
          "Startup Cost": 47058.67,
          "Total Cost": 47058.98,
          "Plan Rows": 3,
          "Plan Width": 8,
          "Actual Startup Time": 174.245,
          "Actual Total Time": 184.087,
          "Actual Rows": 4,
          "Actual Loops": 1,
          "Workers Planned": 3,
          "Workers Launched": 3,
          "Single Copy": false,
          "Plans": [
            {
              "Node Type": "Aggregate",
              "Strategy": "Plain",
              "Partial Mode": "Partial",
              "Parent Relationship": "Outer",
              "Parallel Aware": false,
              "Startup Cost": 46058.67,
              "Total Cost": 46058.68,
              "Plan Rows": 1,
              "Plan Width": 8,
              "Actual Startup Time": 167.578,
              "Actual Total Time": 167.579,
              "Actual Rows": 1,
              "Actual Loops": 4,
              "Plans": [
                {
                  "Node Type": "Seq Scan",
                  "Parent Relationship": "Outer",
                  "Parallel Aware": true,
                  "Relation Name": "movie_keyword",
                  "Alias": "mk",
                  "Startup Cost": 0.0,
                  "Total Cost": 42695.65,
                  "Plan Rows": 1345207,
                  "Plan Width": 0,
                  "Actual Startup Time": 0.054,
                  "Actual Total Time": 122.522,
                  "Actual Rows": 1045053,
                  "Actual Loops": 4,
                  "Filter": "(keyword_id < 48382)",
                  "Rows Removed by Filter": 85930
                }
              ]
            }
          ]
        }
      ]
    },
    "Planning Time": 0.213,
    "Triggers": [],
    "Execution Time": 184.152
  }
]