[
  {
    "Plan": {
      "Node Type": "Aggregate",
      "Strategy": "Plain",
      "Partial Mode": "Finalize",
      "Parallel Aware": false,
      "Startup Cost": 98349.97,
      "Total Cost": 98349.98,
      "Plan Rows": 1,
      "Plan Width": 8,
      "Actual Startup Time": 499.448,
      "Actual Total Time": 516.186,
      "Actual Rows": 1,
      "Actual Loops": 1,
      "Plans": [
        {
          "Node Type": "Gather",
          "Parent Relationship": "Outer",
          "Parallel Aware": false,
          "Startup Cost": 98349.65,
          "Total Cost": 98349.96,
          "Plan Rows": 3,
          "Plan Width": 8,
          "Actual Startup Time": 495.143,
          "Actual Total Time": 516.177,
          "Actual Rows": 4,
          "Actual Loops": 1,
          "Workers Planned": 3,
          "Workers Launched": 3,
          "Single Copy": false,
          "Plans": [
            {
              "Node Type": "Aggregate",
              "Strategy": "Plain",
              "Partial Mode": "Partial",
              "Parent Relationship": "Outer",
              "Parallel Aware": false,
              "Startup Cost": 97349.65,
              "Total Cost": 97349.66,
              "Plan Rows": 1,
              "Plan Width": 8,
              "Actual Startup Time": 483.594,
              "Actual Total Time": 483.597,
              "Actual Rows": 1,
              "Actual Loops": 4,
              "Plans": [
                {
                  "Node Type": "Hash Join",
                  "Parent Relationship": "Outer",
                  "Parallel Aware": true,
                  "Join Type": "Inner",
                  "Startup Cost": 49759.31,
                  "Total Cost": 95683.96,
                  "Plan Rows": 666276,
                  "Plan Width": 0,
                  "Actual Startup Time": 252.807,
                  "Actual Total Time": 473.622,
                  "Actual Rows": 224244,
                  "Actual Loops": 4,
                  "Inner Unique": true,
                  "Hash Cond": "(mk.movie_id = t.id)",
                  "Plans": [
                    {
                      "Node Type": "Seq Scan",
                      "Parent Relationship": "Outer",
                      "Parallel Aware": true,
                      "Relation Name": "movie_keyword",
                      "Alias": "mk",
                      "Startup Cost": 0.0,
                      "Total Cost": 42695.65,
                      "Plan Rows": 1230094,
                      "Plan Width": 4,
                      "Actual Startup Time": 0.055,
                      "Actual Total Time": 115.131,
                      "Actual Rows": 952021,
                      "Actual Loops": 4,
                      "Filter": "(keyword_id > 613)",
                      "Rows Removed by Filter": 178962
                    },
                    {
                      "Node Type": "Hash",
                      "Parent Relationship": "Inner",
                      "Parallel Aware": true,
                      "Startup Cost": 45479.59,
                      "Total Cost": 45479.59,
                      "Plan Rows": 342378,
                      "Plan Width": 4,
                      "Actual Startup Time": 245.305,
                      "Actual Total Time": 245.306,
                      "Actual Rows": 334400,
                      "Actual Loops": 4,
                      "Hash Buckets": 2097152,
                      "Original Hash Buckets": 2097152,
                      "Hash Batches": 1,
                      "Original Hash Batches": 1,
                      "Peak Memory Usage": 68768,
                      "Plans": [
                        {
                          "Node Type": "Seq Scan",
                          "Parent Relationship": "Outer",
                          "Parallel Aware": true,
                          "Relation Name": "title",
                          "Alias": "t",
                          "Startup Cost": 0.0,
                          "Total Cost": 45479.59,
                          "Plan Rows": 342378,
                          "Plan Width": 4,
                          "Actual Startup Time": 0.042,
                          "Actual Total Time": 113.742,
                          "Actual Rows": 334400,
                          "Actual Loops": 4,
                          "Filter": "((kind_id > 3) AND (production_year < 2011))",
                          "Rows Removed by Filter": 297678
                        }
                      ]
                    }
                  ]
                }
              ]
            }
          ]
        }
      ]
    },
    "Planning Time": 0.63,
    "Triggers": [],
    "Execution Time": 516.248
  }
]