{
    "Plan": {
        "Node Type": "Aggregate",
        "Strategy": "Plain",
        "Partial Mode": "Simple",
        "Parallel Aware": false,
        "Startup Cost": 70002457165.51,
        "Total Cost": 70002457165.52,
        "Plan Rows": 1,
        "Plan Width": 96,
        "Actual Startup Time": 11493.733,
        "Actual Total Time": 11493.932,
        "Actual Rows": 1,
        "Actual Loops": 1,
        "Output": [
            "min(chn.name)",
            "min(n.name)",
            "min(t.title)"
        ],
        "Plans": [
            {
                "Node Type": "Nested Loop",
                "Parent Relationship": "Outer",
                "Parallel Aware": false,
                "Join Type": "Inner",
                "Startup Cost": 70002444106.18,
                "Total Cost": 70002457165.5,
                "Plan Rows": 1,
                "Plan Width": 48,
                "Actual Startup Time": 11393.194,
                "Actual Total Time": 11493.906,
                "Actual Rows": 30,
                "Actual Loops": 1,
                "Output": [
                    "chn.name",
                    "n.name",
                    "t.title"
                ],
                "Inner Unique": true,
                "Plans": [
                    {
                        "Node Type": "Nested Loop",
                        "Parent Relationship": "Outer",
                        "Parallel Aware": false,
                        "Join Type": "Inner",
                        "Startup Cost": 60002444106.03,
                        "Total Cost": 60002457157.32,
                        "Plan Rows": 1,
                        "Plan Width": 52,
                        "Actual Startup Time": 11393.177,
                        "Actual Total Time": 11493.776,
                        "Actual Rows": 30,
                        "Actual Loops": 1,
                        "Output": [
                            "chn.name",
                            "mi.info_type_id",
                            "n.name",
                            "t.title"
                        ],
                        "Inner Unique": true,
                        "Plans": [
                            {
                                "Node Type": "Hash Join",
                                "Parent Relationship": "Outer",
                                "Parallel Aware": false,
                                "Join Type": "Inner",
                                "Startup Cost": 50002444105.53,
                                "Total Cost": 50002457152.81,
                                "Plan Rows": 1,
                                "Plan Width": 40,
                                "Actual Startup Time": 11393.13,
                                "Actual Total Time": 11493.592,
                                "Actual Rows": 30,
                                "Actual Loops": 1,
                                "Output": [
                                    "ci.person_role_id",
                                    "mi.info_type_id",
                                    "n.name",
                                    "t.title"
                                ],
                                "Inner Unique": false,
                                "Hash Cond": "(ci.person_id = n.id)",
                                "Plans": [
                                    {
                                        "Node Type": "Hash Join",
                                        "Parent Relationship": "Outer",
                                        "Parallel Aware": false,
                                        "Join Type": "Inner",
                                        "Startup Cost": 40002062447.99,
                                        "Total Cost": 40002075495.25,
                                        "Plan Rows": 1,
                                        "Plan Width": 29,
                                        "Actual Startup Time": 9152.341,
                                        "Actual Total Time": 9252.794,
                                        "Actual Rows": 48,
                                        "Actual Loops": 1,
                                        "Output": [
                                            "ci.person_id",
                                            "ci.person_role_id",
                                            "mi.info_type_id",
                                            "t.title"
                                        ],
                                        "Inner Unique": false,
                                        "Hash Cond": "(mc.movie_id = t.id)",
                                        "Plans": [
                                            {
                                                "Node Type": "Hash Join",
                                                "Parent Relationship": "Outer",
                                                "Parallel Aware": false,
                                                "Join Type": "Inner",
                                                "Startup Cost": 20000668672.4,
                                                "Total Cost": 20000681719.65,
                                                "Plan Rows": 1,
                                                "Plan Width": 16,
                                                "Actual Startup Time": 3239.954,
                                                "Actual Total Time": 3340.384,
                                                "Actual Rows": 163,
                                                "Actual Loops": 1,
                                                "Output": [
                                                    "ci.movie_id",
                                                    "ci.person_id",
                                                    "ci.person_role_id",
                                                    "mc.movie_id"
                                                ],
                                                "Inner Unique": false,
                                                "Hash Cond": "(cn.id = mc.company_id)",
                                                "Plans": [
                                                    {
                                                        "Node Type": "Index Scan",
                                                        "Parent Relationship": "Outer",
                                                        "Parallel Aware": false,
                                                        "Scan Direction": "Forward",
                                                        "Index Name": "company_name_pkey",
                                                        "Relation Name": "company_name",
                                                        "Schema": "public",
                                                        "Alias": "cn",
                                                        "Startup Cost": 10000000000.42,
                                                        "Total Cost": 10000013041.93,
                                                        "Plan Rows": 1,
                                                        "Plan Width": 4,
                                                        "Actual Startup Time": 3.804,
                                                        "Actual Total Time": 104.032,
                                                        "Actual Rows": 1,
                                                        "Actual Loops": 1,
                                                        "Output": [
                                                            "cn.id",
                                                            "cn.name",
                                                            "cn.country_code",
                                                            "cn.imdb_id",
                                                            "cn.name_pcode_nf",
                                                            "cn.name_pcode_sf",
                                                            "cn.md5sum"
                                                        ],
                                                        "Filter": "(((cn.country_code)::text = '[us]'::text) AND (cn.name = 'DreamWorks Home Entertainment'::text))",
                                                        "Rows Removed by Filter": 234996
                                                    },
                                                    {
                                                        "Node Type": "Hash",
                                                        "Parent Relationship": "Inner",
                                                        "Parallel Aware": false,
                                                        "Startup Cost": 10000666249.64,
                                                        "Total Cost": 10000666249.64,
                                                        "Plan Rows": 193787,
                                                        "Plan Width": 20,
                                                        "Actual Startup Time": 3235.769,
                                                        "Actual Total Time": 3235.952,
                                                        "Actual Rows": 474025,
                                                        "Actual Loops": 1,
                                                        "Output": [
                                                            "ci.movie_id",
                                                            "ci.person_id",
                                                            "ci.person_role_id",
                                                            "mc.movie_id",
                                                            "mc.company_id"
                                                        ],
                                                        "Hash Buckets": 524288,
                                                        "Original Hash Buckets": 262144,
                                                        "Hash Batches": 1,
                                                        "Original Hash Batches": 1,
                                                        "Peak Memory Usage": 27983,
                                                        "Plans": [
                                                            {
                                                                "Node Type": "Hash Join",
                                                                "Parent Relationship": "Outer",
                                                                "Parallel Aware": false,
                                                                "Join Type": "Inner",
                                                                "Startup Cost": 10000516988.94,
                                                                "Total Cost": 10000666249.64,
                                                                "Plan Rows": 193787,
                                                                "Plan Width": 20,
                                                                "Actual Startup Time": 1104.909,
                                                                "Actual Total Time": 3164.957,
                                                                "Actual Rows": 474025,
                                                                "Actual Loops": 1,
                                                                "Output": [
                                                                    "ci.movie_id",
                                                                    "ci.person_id",
                                                                    "ci.person_role_id",
                                                                    "mc.movie_id",
                                                                    "mc.company_id"
                                                                ],
                                                                "Inner Unique": false,
                                                                "Hash Cond": "(mc.movie_id = ci.movie_id)",
                                                                "Plans": [
                                                                    {
                                                                        "Node Type": "Index Scan",
                                                                        "Parent Relationship": "Outer",
                                                                        "Parallel Aware": false,
                                                                        "Scan Direction": "Forward",
                                                                        "Index Name": "company_id_movie_companies",
                                                                        "Relation Name": "movie_companies",
                                                                        "Schema": "public",
                                                                        "Alias": "mc",
                                                                        "Startup Cost": 10000000000.43,
                                                                        "Total Cost": 10000131016.21,
                                                                        "Plan Rows": 2609129,
                                                                        "Plan Width": 8,
                                                                        "Actual Startup Time": 0.07,
                                                                        "Actual Total Time": 1422.053,
                                                                        "Actual Rows": 2609129,
                                                                        "Actual Loops": 1,
                                                                        "Output": [
                                                                            "mc.id",
                                                                            "mc.movie_id",
                                                                            "mc.company_id",
                                                                            "mc.company_type_id",
                                                                            "mc.note"
                                                                        ]
                                                                    },
                                                                    {
                                                                        "Node Type": "Hash",
                                                                        "Parent Relationship": "Inner",
                                                                        "Parallel Aware": false,
                                                                        "Startup Cost": 516112.4,
                                                                        "Total Cost": 516112.4,
                                                                        "Plan Rows": 70089,
                                                                        "Plan Width": 12,
                                                                        "Actual Startup Time": 1104.528,
                                                                        "Actual Total Time": 1104.708,
                                                                        "Actual Rows": 276166,
                                                                        "Actual Loops": 1,
                                                                        "Output": [
                                                                            "ci.movie_id",
                                                                            "ci.person_id",
                                                                            "ci.person_role_id"
                                                                        ],
                                                                        "Hash Buckets": 524288,
                                                                        "Original Hash Buckets": 131072,
                                                                        "Hash Batches": 1,
                                                                        "Original Hash Batches": 1,
                                                                        "Peak Memory Usage": 15883,
                                                                        "Plans": [
                                                                            {
                                                                                "Node Type": "Merge Join",
                                                                                "Parent Relationship": "Outer",
                                                                                "Parallel Aware": false,
                                                                                "Join Type": "Inner",
                                                                                "Startup Cost": 511193.98,
                                                                                "Total Cost": 516112.4,
                                                                                "Plan Rows": 70089,
                                                                                "Plan Width": 12,
                                                                                "Actual Startup Time": 1024.634,
                                                                                "Actual Total Time": 1065.627,
                                                                                "Actual Rows": 276166,
                                                                                "Actual Loops": 1,
                                                                                "Output": [
                                                                                    "ci.movie_id",
                                                                                    "ci.person_id",
                                                                                    "ci.person_role_id"
                                                                                ],
                                                                                "Inner Unique": false,
                                                                                "Merge Cond": "(rt.id = ci.role_id)",
                                                                                "Plans": [
                                                                                    {
                                                                                        "Node Type": "Index Scan",
                                                                                        "Parent Relationship": "Outer",
                                                                                        "Parallel Aware": false,
                                                                                        "Scan Direction": "Forward",
                                                                                        "Index Name": "role_type_pkey",
                                                                                        "Relation Name": "role_type",
                                                                                        "Schema": "public",
                                                                                        "Alias": "rt",
                                                                                        "Startup Cost": 0.14,
                                                                                        "Total Cost": 12.35,
                                                                                        "Plan Rows": 1,
                                                                                        "Plan Width": 4,
                                                                                        "Actual Startup Time": 0.01,
                                                                                        "Actual Total Time": 0.029,
                                                                                        "Actual Rows": 1,
                                                                                        "Actual Loops": 1,
                                                                                        "Output": [
                                                                                            "rt.id",
                                                                                            "rt.role"
                                                                                        ],
                                                                                        "Filter": "((rt.role)::text = 'actress'::text)",
                                                                                        "Rows Removed by Filter": 11
                                                                                    },
                                                                                    {
                                                                                        "Node Type": "Sort",
                                                                                        "Parent Relationship": "Inner",
                                                                                        "Parallel Aware": false,
                                                                                        "Startup Cost": 511193.84,
                                                                                        "Total Cost": 513296.5,
                                                                                        "Plan Rows": 841064,
                                                                                        "Plan Width": 16,
                                                                                        "Actual Startup Time": 975.554,
                                                                                        "Actual Total Time": 1006.935,
                                                                                        "Actual Rows": 867127,
                                                                                        "Actual Loops": 1,
                                                                                        "Output": [
                                                                                            "ci.movie_id",
                                                                                            "ci.person_id",
                                                                                            "ci.role_id",
                                                                                            "ci.person_role_id"
                                                                                        ],
                                                                                        "Sort Key": [
                                                                                            "ci.role_id"
                                                                                        ],
                                                                                        "Sort Method": "quicksort",
                                                                                        "Sort Space Used": 65239,
                                                                                        "Sort Space Type": "Memory",
                                                                                        "Plans": [
                                                                                            {
                                                                                                "Node Type": "Gather",
                                                                                                "Parent Relationship": "Outer",
                                                                                                "Parallel Aware": false,
                                                                                                "Startup Cost": 1000.0,
                                                                                                "Total Cost": 428425.34,
                                                                                                "Plan Rows": 841064,
                                                                                                "Plan Width": 16,
                                                                                                "Actual Startup Time": 0.482,
                                                                                                "Actual Total Time": 909.432,
                                                                                                "Actual Rows": 867477,
                                                                                                "Actual Loops": 1,
                                                                                                "Output": [
                                                                                                    "ci.movie_id",
                                                                                                    "ci.person_id",
                                                                                                    "ci.role_id",
                                                                                                    "ci.person_role_id"
                                                                                                ],
                                                                                                "Workers Planned": 6,
                                                                                                "Workers Launched": 6,
                                                                                                "Single Copy": false,
                                                                                                "Plans": [
                                                                                                    {
                                                                                                        "Node Type": "Seq Scan",
                                                                                                        "Parent Relationship": "Outer",
                                                                                                        "Parallel Aware": true,
                                                                                                        "Relation Name": "cast_info",
                                                                                                        "Schema": "public",
                                                                                                        "Alias": "ci",
                                                                                                        "Startup Cost": 0.0,
                                                                                                        "Total Cost": 343318.94,
                                                                                                        "Plan Rows": 140177,
                                                                                                        "Plan Width": 16,
                                                                                                        "Actual Startup Time": 0.147,
                                                                                                        "Actual Total Time": 887.978,
                                                                                                        "Actual Rows": 123925,
                                                                                                        "Actual Loops": 7,
                                                                                                        "Output": [
                                                                                                            "ci.movie_id",
                                                                                                            "ci.person_id",
                                                                                                            "ci.role_id",
                                                                                                            "ci.person_role_id"
                                                                                                        ],
                                                                                                        "Filter": "(ci.note = ANY ('{(voice),\"(voice: Japanese version)\",\"(voice) (uncredited)\",\"(voice: English version)\"}'::text[]))",
                                                                                                        "Rows Removed by Filter": 5053838,
                                                                                                        "Workers": [
                                                                                                            {
                                                                                                                "Worker Number": 0,
                                                                                                                "Actual Startup Time": 0.164,
                                                                                                                "Actual Total Time": 913.823,
                                                                                                                "Actual Rows": 125745,
                                                                                                                "Actual Loops": 1
                                                                                                            },
                                                                                                            {
                                                                                                                "Worker Number": 1,
                                                                                                                "Actual Startup Time": 0.096,
                                                                                                                "Actual Total Time": 914.329,
                                                                                                                "Actual Rows": 126527,
                                                                                                                "Actual Loops": 1
                                                                                                            },
                                                                                                            {
                                                                                                                "Worker Number": 2,
                                                                                                                "Actual Startup Time": 0.223,
                                                                                                                "Actual Total Time": 900.984,
                                                                                                                "Actual Rows": 120259,
                                                                                                                "Actual Loops": 1
                                                                                                            },
                                                                                                            {
                                                                                                                "Worker Number": 3,
                                                                                                                "Actual Startup Time": 0.207,
                                                                                                                "Actual Total Time": 898.637,
                                                                                                                "Actual Rows": 119348,
                                                                                                                "Actual Loops": 1
                                                                                                            },
                                                                                                            {
                                                                                                                "Worker Number": 4,
                                                                                                                "Actual Startup Time": 0.19,
                                                                                                                "Actual Total Time": 897.175,
                                                                                                                "Actual Rows": 123091,
                                                                                                                "Actual Loops": 1
                                                                                                            },
                                                                                                            {
                                                                                                                "Worker Number": 5,
                                                                                                                "Actual Startup Time": 0.134,
                                                                                                                "Actual Total Time": 915.737,
                                                                                                                "Actual Rows": 126128,
                                                                                                                "Actual Loops": 1
                                                                                                            }
                                                                                                        ]
                                                                                                    }
                                                                                                ]
                                                                                            }
                                                                                        ]
                                                                                    }
                                                                                ]
                                                                            }
                                                                        ]
                                                                    }
                                                                ]
                                                            }
                                                        ]
                                                    }
                                                ]
                                            },
                                            {
                                                "Node Type": "Hash",
                                                "Parent Relationship": "Inner",
                                                "Parallel Aware": false,
                                                "Startup Cost": 20001393775.57,
                                                "Total Cost": 20001393775.57,
                                                "Plan Rows": 1,
                                                "Plan Width": 33,
                                                "Actual Startup Time": 5912.365,
                                                "Actual Total Time": 5912.371,
                                                "Actual Rows": 3,
                                                "Actual Loops": 1,
                                                "Output": [
                                                    "mk.movie_id",
                                                    "mi.movie_id",
                                                    "mi.info_type_id",
                                                    "t.title",
                                                    "t.id"
                                                ],
                                                "Hash Buckets": 1024,
                                                "Original Hash Buckets": 1024,
                                                "Hash Batches": 1,
                                                "Original Hash Batches": 1,
                                                "Peak Memory Usage": 9,
                                                "Plans": [
                                                    {
                                                        "Node Type": "Nested Loop",
                                                        "Parent Relationship": "Outer",
                                                        "Parallel Aware": false,
                                                        "Join Type": "Inner",
                                                        "Startup Cost": 20000005796.31,
                                                        "Total Cost": 20001393775.57,
                                                        "Plan Rows": 1,
                                                        "Plan Width": 33,
                                                        "Actual Startup Time": 3546.497,
                                                        "Actual Total Time": 5912.362,
                                                        "Actual Rows": 3,
                                                        "Actual Loops": 1,
                                                        "Output": [
                                                            "mk.movie_id",
                                                            "mi.movie_id",
                                                            "mi.info_type_id",
                                                            "t.title",
                                                            "t.id"
                                                        ],
                                                        "Inner Unique": true,
                                                        "Join Filter": "(mi.movie_id = t.id)",
                                                        "Rows Removed by Join Filter": 0,
                                                        "Plans": [
                                                            {
                                                                "Node Type": "Hash Join",
                                                                "Parent Relationship": "Outer",
                                                                "Parallel Aware": false,
                                                                "Join Type": "Inner",
                                                                "Startup Cost": 10000005795.86,
                                                                "Total Cost": 10001393283.25,
                                                                "Plan Rows": 110,
                                                                "Plan Width": 12,
                                                                "Actual Startup Time": 63.147,
                                                                "Actual Total Time": 5897.016,
                                                                "Actual Rows": 1793,
                                                                "Actual Loops": 1,
                                                                "Output": [
                                                                    "mk.movie_id",
                                                                    "mi.movie_id",
                                                                    "mi.info_type_id"
                                                                ],
                                                                "Inner Unique": true,
                                                                "Hash Cond": "(mk.keyword_id = k.id)",
                                                                "Plans": [
                                                                    {
                                                                        "Node Type": "Merge Join",
                                                                        "Parent Relationship": "Outer",
                                                                        "Parallel Aware": false,
                                                                        "Join Type": "Inner",
                                                                        "Startup Cost": 10000000117.46,
                                                                        "Total Cost": 10001377906.39,
                                                                        "Plan Rows": 3694533,
                                                                        "Plan Width": 16,
                                                                        "Actual Startup Time": 0.066,
                                                                        "Actual Total Time": 5798.16,
                                                                        "Actual Rows": 954852,
                                                                        "Actual Loops": 1,
                                                                        "Output": [
                                                                            "mi.movie_id",
                                                                            "mi.info_type_id",
                                                                            "mk.movie_id",
                                                                            "mk.keyword_id"
                                                                        ],
                                                                        "Inner Unique": false,
                                                                        "Merge Cond": "(mi.movie_id = mk.movie_id)",
                                                                        "Plans": [
                                                                            {
                                                                                "Node Type": "Index Scan",
                                                                                "Parent Relationship": "Outer",
                                                                                "Parallel Aware": false,
                                                                                "Scan Direction": "Forward",
                                                                                "Index Name": "movie_id_movie_info",
                                                                                "Relation Name": "movie_info",
                                                                                "Schema": "public",
                                                                                "Alias": "mi",
                                                                                "Startup Cost": 0.43,
                                                                                "Total Cost": 1152203.85,
                                                                                "Plan Rows": 306554,
                                                                                "Plan Width": 8,
                                                                                "Actual Startup Time": 0.045,
                                                                                "Actual Total Time": 4813.297,
                                                                                "Actual Rows": 301246,
                                                                                "Actual Loops": 1,
                                                                                "Output": [
                                                                                    "mi.id",
                                                                                    "mi.movie_id",
                                                                                    "mi.info_type_id",
                                                                                    "mi.info",
                                                                                    "mi.note"
                                                                                ],
                                                                                "Filter": "((mi.info IS NOT NULL) AND ((mi.info ~~ 'Japan:%201%'::text) OR (mi.info ~~ 'USA:%201%'::text)))",
                                                                                "Rows Removed by Filter": 14533772
                                                                            },
                                                                            {
                                                                                "Node Type": "Index Scan",
                                                                                "Parent Relationship": "Inner",
                                                                                "Parallel Aware": false,
                                                                                "Scan Direction": "Forward",
                                                                                "Index Name": "movie_id_movie_keyword",
                                                                                "Relation Name": "movie_keyword",
                                                                                "Schema": "public",
                                                                                "Alias": "mk",
                                                                                "Startup Cost": 10000000000.43,
                                                                                "Total Cost": 10000177177.46,
                                                                                "Plan Rows": 4523930,
                                                                                "Plan Width": 8,
                                                                                "Actual Startup Time": 0.016,
                                                                                "Actual Total Time": 617.261,
                                                                                "Actual Rows": 4991137,
                                                                                "Actual Loops": 1,
                                                                                "Output": [
                                                                                    "mk.id",
                                                                                    "mk.movie_id",
                                                                                    "mk.keyword_id"
                                                                                ]
                                                                            }
                                                                        ]
                                                                    },
                                                                    {
                                                                        "Node Type": "Hash",
                                                                        "Parent Relationship": "Inner",
                                                                        "Parallel Aware": false,
                                                                        "Startup Cost": 5678.35,
                                                                        "Total Cost": 5678.35,
                                                                        "Plan Rows": 4,
                                                                        "Plan Width": 4,
                                                                        "Actual Startup Time": 44.951,
                                                                        "Actual Total Time": 44.953,
                                                                        "Actual Rows": 4,
                                                                        "Actual Loops": 1,
                                                                        "Output": [
                                                                            "k.id"
                                                                        ],
                                                                        "Hash Buckets": 1024,
                                                                        "Original Hash Buckets": 1024,
                                                                        "Hash Batches": 1,
                                                                        "Original Hash Batches": 1,
                                                                        "Peak Memory Usage": 9,
                                                                        "Plans": [
                                                                            {
                                                                                "Node Type": "Index Scan",
                                                                                "Parent Relationship": "Outer",
                                                                                "Parallel Aware": false,
                                                                                "Scan Direction": "Forward",
                                                                                "Index Name": "keyword_pkey",
                                                                                "Relation Name": "keyword",
                                                                                "Schema": "public",
                                                                                "Alias": "k",
                                                                                "Startup Cost": 0.42,
                                                                                "Total Cost": 5678.35,
                                                                                "Plan Rows": 4,
                                                                                "Plan Width": 4,
                                                                                "Actual Startup Time": 0.285,
                                                                                "Actual Total Time": 44.943,
                                                                                "Actual Rows": 4,
                                                                                "Actual Loops": 1,
                                                                                "Output": [
                                                                                    "k.id"
                                                                                ],
                                                                                "Filter": "(k.keyword = ANY ('{based-on-comic,marvel-comics,fight,pursued-by-wolves}'::text[]))",
                                                                                "Rows Removed by Filter": 134166
                                                                            }
                                                                        ]
                                                                    }
                                                                ]
                                                            },
                                                            {
                                                                "Node Type": "Bitmap Heap Scan",
                                                                "Parent Relationship": "Inner",
                                                                "Parallel Aware": false,
                                                                "Relation Name": "title",
                                                                "Schema": "public",
                                                                "Alias": "t",
                                                                "Startup Cost": 0.45,
                                                                "Total Cost": 4.46,
                                                                "Plan Rows": 1,
                                                                "Plan Width": 21,
                                                                "Actual Startup Time": 0.006,
                                                                "Actual Total Time": 0.006,
                                                                "Actual Rows": 0,
                                                                "Actual Loops": 1793,
                                                                "Output": [
                                                                    "t.id",
                                                                    "t.title",
                                                                    "t.imdb_index",
                                                                    "t.kind_id",
                                                                    "t.production_year",
                                                                    "t.imdb_id",
                                                                    "t.phonetic_code",
                                                                    "t.episode_of_id",
                                                                    "t.season_nr",
                                                                    "t.episode_nr",
                                                                    "t.series_years",
                                                                    "t.md5sum"
                                                                ],
                                                                "Recheck Cond": "(t.id = mk.movie_id)",
                                                                "Rows Removed by Index Recheck": 0,
                                                                "Filter": "((t.title ~~ 'Kung Fu Panda%'::text) AND (t.production_year > 2009))",
                                                                "Rows Removed by Filter": 1,
                                                                "Exact Heap Blocks": 1793,
                                                                "Lossy Heap Blocks": 0,
                                                                "Plans": [
                                                                    {
                                                                        "Node Type": "Bitmap Index Scan",
                                                                        "Parent Relationship": "Outer",
                                                                        "Parallel Aware": false,
                                                                        "Index Name": "title_pkey",
                                                                        "Startup Cost": 0.0,
                                                                        "Total Cost": 0.45,
                                                                        "Plan Rows": 1,
                                                                        "Plan Width": 0,
                                                                        "Actual Startup Time": 0.004,
                                                                        "Actual Total Time": 0.004,
                                                                        "Actual Rows": 1,
                                                                        "Actual Loops": 1793,
                                                                        "Index Cond": "(t.id = mk.movie_id)"
                                                                    }
                                                                ]
                                                            }
                                                        ]
                                                    }
                                                ]
                                            }
                                        ]
                                    },
                                    {
                                        "Node Type": "Hash",
                                        "Parent Relationship": "Inner",
                                        "Parallel Aware": false,
                                        "Startup Cost": 10000381555.33,
                                        "Total Cost": 10000381555.33,
                                        "Plan Rows": 8177,
                                        "Plan Width": 23,
                                        "Actual Startup Time": 2240.76,
                                        "Actual Total Time": 2240.763,
                                        "Actual Rows": 10525,
                                        "Actual Loops": 1,
                                        "Output": [
                                            "an.person_id",
                                            "n.name",
                                            "n.id"
                                        ],
                                        "Hash Buckets": 16384,
                                        "Original Hash Buckets": 8192,
                                        "Hash Batches": 1,
                                        "Original Hash Batches": 1,
                                        "Peak Memory Usage": 724,
                                        "Plans": [
                                            {
                                                "Node Type": "Nested Loop",
                                                "Parent Relationship": "Outer",
                                                "Parallel Aware": false,
                                                "Join Type": "Inner",
                                                "Startup Cost": 10000000001.21,
                                                "Total Cost": 10000381555.33,
                                                "Plan Rows": 8177,
                                                "Plan Width": 23,
                                                "Actual Startup Time": 617.735,
                                                "Actual Total Time": 2234.846,
                                                "Actual Rows": 10525,
                                                "Actual Loops": 1,
                                                "Output": [
                                                    "an.person_id",
                                                    "n.name",
                                                    "n.id"
                                                ],
                                                "Inner Unique": false,
                                                "Plans": [
                                                    {
                                                        "Node Type": "Index Scan",
                                                        "Parent Relationship": "Outer",
                                                        "Parallel Aware": false,
                                                        "Scan Direction": "Forward",
                                                        "Index Name": "name_pkey",
                                                        "Relation Name": "name",
                                                        "Schema": "public",
                                                        "Alias": "n",
                                                        "Startup Cost": 0.43,
                                                        "Total Cost": 199011.55,
                                                        "Plan Rows": 37808,
                                                        "Plan Width": 19,
                                                        "Actual Startup Time": 617.344,
                                                        "Actual Total Time": 1870.189,
                                                        "Actual Rows": 50011,
                                                        "Actual Loops": 1,
                                                        "Output": [
                                                            "n.id",
                                                            "n.name",
                                                            "n.imdb_index",
                                                            "n.imdb_id",
                                                            "n.gender",
                                                            "n.name_pcode_cf",
                                                            "n.name_pcode_nf",
                                                            "n.surname_pcode",
                                                            "n.md5sum"
                                                        ],
                                                        "Filter": "((n.name ~~ '%An%'::text) AND ((n.gender)::text = 'f'::text))",
                                                        "Rows Removed by Filter": 4117480
                                                    },
                                                    {
                                                        "Node Type": "Bitmap Heap Scan",
                                                        "Parent Relationship": "Inner",
                                                        "Parallel Aware": false,
                                                        "Relation Name": "aka_name",
                                                        "Schema": "public",
                                                        "Alias": "an",
                                                        "Startup Cost": 0.78,
                                                        "Total Cost": 4.81,
                                                        "Plan Rows": 2,
                                                        "Plan Width": 4,
                                                        "Actual Startup Time": 0.004,
                                                        "Actual Total Time": 0.004,
                                                        "Actual Rows": 0,
                                                        "Actual Loops": 50011,
                                                        "Output": [
                                                            "an.id",
                                                            "an.person_id",
                                                            "an.name",
                                                            "an.imdb_index",
                                                            "an.name_pcode_cf",
                                                            "an.name_pcode_nf",
                                                            "an.surname_pcode",
                                                            "an.md5sum"
                                                        ],
                                                        "Recheck Cond": "(an.person_id = n.id)",
                                                        "Rows Removed by Index Recheck": 0,
                                                        "Exact Heap Blocks": 7568,
                                                        "Lossy Heap Blocks": 0,
                                                        "Plans": [
                                                            {
                                                                "Node Type": "Bitmap Index Scan",
                                                                "Parent Relationship": "Outer",
                                                                "Parallel Aware": false,
                                                                "Index Name": "person_id_aka_name",
                                                                "Startup Cost": 0.0,
                                                                "Total Cost": 0.78,
                                                                "Plan Rows": 2,
                                                                "Plan Width": 0,
                                                                "Actual Startup Time": 0.003,
                                                                "Actual Total Time": 0.003,
                                                                "Actual Rows": 0,
                                                                "Actual Loops": 50011,
                                                                "Index Cond": "(an.person_id = n.id)"
                                                            }
                                                        ]
                                                    }
                                                ]
                                            }
                                        ]
                                    }
                                ]
                            },
                            {
                                "Node Type": "Bitmap Heap Scan",
                                "Parent Relationship": "Inner",
                                "Parallel Aware": false,
                                "Relation Name": "char_name",
                                "Schema": "public",
                                "Alias": "chn",
                                "Startup Cost": 0.49,
                                "Total Cost": 4.5,
                                "Plan Rows": 1,
                                "Plan Width": 20,
                                "Actual Startup Time": 0.004,
                                "Actual Total Time": 0.004,
                                "Actual Rows": 1,
                                "Actual Loops": 30,
                                "Output": [
                                    "chn.id",
                                    "chn.name",
                                    "chn.imdb_index",
                                    "chn.imdb_id",
                                    "chn.name_pcode_nf",
                                    "chn.surname_pcode",
                                    "chn.md5sum"
                                ],
                                "Recheck Cond": "(chn.id = ci.person_role_id)",
                                "Rows Removed by Index Recheck": 0,
                                "Exact Heap Blocks": 30,
                                "Lossy Heap Blocks": 0,
                                "Plans": [
                                    {
                                        "Node Type": "Bitmap Index Scan",
                                        "Parent Relationship": "Outer",
                                        "Parallel Aware": false,
                                        "Index Name": "char_name_pkey",
                                        "Startup Cost": 0.0,
                                        "Total Cost": 0.49,
                                        "Plan Rows": 1,
                                        "Plan Width": 0,
                                        "Actual Startup Time": 0.003,
                                        "Actual Total Time": 0.003,
                                        "Actual Rows": 1,
                                        "Actual Loops": 30,
                                        "Index Cond": "(chn.id = ci.person_role_id)"
                                    }
                                ]
                            }
                        ]
                    },
                    {
                        "Node Type": "Bitmap Heap Scan",
                        "Parent Relationship": "Inner",
                        "Parallel Aware": false,
                        "Relation Name": "info_type",
                        "Schema": "public",
                        "Alias": "it",
                        "Startup Cost": 0.15,
                        "Total Cost": 4.17,
                        "Plan Rows": 1,
                        "Plan Width": 4,
                        "Actual Startup Time": 0.002,
                        "Actual Total Time": 0.002,
                        "Actual Rows": 1,
                        "Actual Loops": 30,
                        "Output": [
                            "it.id",
                            "it.info"
                        ],
                        "Recheck Cond": "(it.id = mi.info_type_id)",
                        "Rows Removed by Index Recheck": 0,
                        "Filter": "((it.info)::text = 'release dates'::text)",
                        "Rows Removed by Filter": 0,
                        "Exact Heap Blocks": 30,
                        "Lossy Heap Blocks": 0,
                        "Plans": [
                            {
                                "Node Type": "Bitmap Index Scan",
                                "Parent Relationship": "Outer",
                                "Parallel Aware": false,
                                "Index Name": "info_type_pkey",
                                "Startup Cost": 0.0,
                                "Total Cost": 0.15,
                                "Plan Rows": 1,
                                "Plan Width": 0,
                                "Actual Startup Time": 0.001,
                                "Actual Total Time": 0.001,
                                "Actual Rows": 1,
                                "Actual Loops": 30,
                                "Index Cond": "(it.id = mi.info_type_id)"
                            }
                        ]
                    }
                ]
            }
        ]
    },
    "Planning Time": 56.029,
    "Triggers": [],
    "Execution Time": 11494.553
}