{
  "Plan": {
    "Node Type": "Aggregate",
    "Strategy": "Plain",
    "Partial Mode": "Finalize",
    "Parallel Aware": false,
    "Startup Cost": 97926.21,
    "Total Cost": 97926.22,
    "Plan Rows": 1,
    "Plan Width": 8,
    "Actual Startup Time": 242.883,
    "Actual Total Time": 259.092,
    "Actual Rows": 1,
    "Actual Loops": 1,
    "Plans": [
      {
        "Node Type": "Gather",
        "Parent Relationship": "Outer",
        "Parallel Aware": false,
        "Startup Cost": 97926.1,
        "Total Cost": 97926.21,
        "Plan Rows": 1,
        "Plan Width": 8,
        "Actual Startup Time": 242.673,
        "Actual Total Time": 259.085,
        "Actual Rows": 2,
        "Actual Loops": 1,
        "Workers Planned": 1,
        "Workers Launched": 1,
        "Single Copy": false,
        "Plans": [
          {
            "Node Type": "Aggregate",
            "Strategy": "Plain",
            "Partial Mode": "Partial",
            "Parent Relationship": "Outer",
            "Parallel Aware": false,
            "Startup Cost": 96926.1,
            "Total Cost": 96926.11,
            "Plan Rows": 1,
            "Plan Width": 8,
            "Actual Startup Time": 239.655,
            "Actual Total Time": 239.659,
            "Actual Rows": 1,
            "Actual Loops": 2,
            "Plans": [
              {
                "Node Type": "Hash Join",
                "Parent Relationship": "Outer",
                "Parallel Aware": true,
                "Join Type": "Inner",
                "Startup Cost": 72042.11,
                "Total Cost": 96925.09,
                "Plan Rows": 403,
                "Plan Width": 0,
                "Actual Startup Time": 159.802,
                "Actual Total Time": 239.578,
                "Actual Rows": 780,
                "Actual Loops": 2,
                "Inner Unique": true,
                "Hash Cond": "(mc.movie_id = t.id)",
                "Plans": [
                  {
                    "Node Type": "Bitmap Heap Scan",
                    "Parent Relationship": "Outer",
                    "Parallel Aware": true,
                    "Relation Name": "movie_companies",
                    "Alias": "mc",
                    "Startup Cost": 13694.93,
                    "Total Cost": 38094.65,
                    "Plan Rows": 184099,
                    "Plan Width": 4,
                    "Actual Startup Time": 28.282,
                    "Actual Total Time": 90.172,
                    "Actual Rows": 227181,
                    "Actual Loops": 2,
                    "Recheck Cond": "(company_id < 846)",
                    "Rows Removed by Index Recheck": 0,
                    "Filter": "(company_type_id = 1)",
                    "Rows Removed by Filter": 88852,
                    "Exact Heap Blocks": 11281,
                    "Lossy Heap Blocks": 0,
                    "Plans": [
                      {
                        "Node Type": "Bitmap Index Scan",
                        "Parent Relationship": "Outer",
                        "Parallel Aware": false,
                        "Index Name": "company_id_movie_companies",
                        "Startup Cost": 0.0,
                        "Total Cost": 13616.69,
                        "Plan Rows": 635768,
                        "Plan Width": 0,
                        "Actual Startup Time": 25.47,
                        "Actual Total Time": 25.471,
                        "Actual Rows": 632067,
                        "Actual Loops": 1,
                        "Index Cond": "(company_id < 846)"
                      }
                    ]
                  },
                  {
                    "Node Type": "Hash",
                    "Parent Relationship": "Inner",
                    "Parallel Aware": true,
                    "Startup Cost": 58306.47,
                    "Total Cost": 58306.47,
                    "Plan Rows": 3257,
                    "Plan Width": 4,
                    "Actual Startup Time": 130.176,
                    "Actual Total Time": 130.177,
                    "Actual Rows": 3044,
                    "Actual Loops": 2,
                    "Hash Buckets": 8192,
                    "Original Hash Buckets": 8192,
                    "Hash Batches": 1,
                    "Original Hash Batches": 1,
                    "Peak Memory Usage": 352,
                    "Plans": [
                      {
                        "Node Type": "Seq Scan",
                        "Parent Relationship": "Outer",
                        "Parallel Aware": true,
                        "Relation Name": "title",
                        "Alias": "t",
                        "Startup Cost": 0.0,
                        "Total Cost": 58306.47,
                        "Plan Rows": 3257,
                        "Plan Width": 4,
                        "Actual Startup Time": 0.155,
                        "Actual Total Time": 129.108,
                        "Actual Rows": 3044,
                        "Actual Loops": 2,
                        "Filter": "((kind_id < 4) AND (production_year = 1968))",
                        "Rows Removed by Filter": 1261112
                      }
                    ]
                  }
                ]
              }
            ]
          }
        ]
      }
    ]
  },
  "Planning Time": 0.317,
  "Triggers": [],
  "Execution Time": 259.159
}