[
  {
    "Plan": {
      "Node Type": "Aggregate",
      "Strategy": "Plain",
      "Partial Mode": "Finalize",
      "Parallel Aware": false,
      "Startup Cost": 47262.13,
      "Total Cost": 47262.14,
      "Plan Rows": 1,
      "Plan Width": 8,
      "Actual Startup Time": 195.438,
      "Actual Total Time": 207.385,
      "Actual Rows": 1,
      "Actual Loops": 1,
      "Plans": [
        {
          "Node Type": "Gather",
          "Parent Relationship": "Outer",
          "Parallel Aware": false,
          "Startup Cost": 47261.82,
          "Total Cost": 47262.13,
          "Plan Rows": 3,
          "Plan Width": 8,
          "Actual Startup Time": 195.259,
          "Actual Total Time": 207.37,
          "Actual Rows": 4,
          "Actual Loops": 1,
          "Workers Planned": 3,
          "Workers Launched": 3,
          "Single Copy": false,
          "Plans": [
            {
              "Node Type": "Aggregate",
              "Strategy": "Plain",
              "Partial Mode": "Partial",
              "Parent Relationship": "Outer",
              "Parallel Aware": false,
              "Startup Cost": 46261.82,
              "Total Cost": 46261.83,
              "Plan Rows": 1,
              "Plan Width": 8,
              "Actual Startup Time": 191.083,
              "Actual Total Time": 191.085,
              "Actual Rows": 1,
              "Actual Loops": 4,
              "Plans": [
                {
                  "Node Type": "Seq Scan",
                  "Parent Relationship": "Outer",
                  "Parallel Aware": true,
                  "Relation Name": "movie_keyword",
                  "Alias": "mk",
                  "Startup Cost": 0.0,
                  "Total Cost": 42695.65,
                  "Plan Rows": 1426465,
                  "Plan Width": 0,
                  "Actual Startup Time": 0.032,
                  "Actual Total Time": 136.084,
                  "Actual Rows": 1105904,
                  "Actual Loops": 4,
                  "Filter": "(keyword_id < 82214)",
                  "Rows Removed by Filter": 25078
                }
              ]
            }
          ]
        }
      ]
    },
    "Planning Time": 0.19,
    "Triggers": [],
    "Execution Time": 207.45
  }
]