[
  {
    "Plan": {
      "Node Type": "Aggregate",
      "Strategy": "Plain",
      "Partial Mode": "Finalize",
      "Parallel Aware": false,
      "Startup Cost": 88814.22,
      "Total Cost": 88814.23,
      "Plan Rows": 1,
      "Plan Width": 8,
      "Actual Startup Time": 514.994,
      "Actual Total Time": 534.803,
      "Actual Rows": 1,
      "Actual Loops": 1,
      "Plans": [
        {
          "Node Type": "Gather",
          "Parent Relationship": "Outer",
          "Parallel Aware": false,
          "Startup Cost": 88813.9,
          "Total Cost": 88814.21,
          "Plan Rows": 3,
          "Plan Width": 8,
          "Actual Startup Time": 507.954,
          "Actual Total Time": 534.795,
          "Actual Rows": 4,
          "Actual Loops": 1,
          "Workers Planned": 3,
          "Workers Launched": 3,
          "Single Copy": false,
          "Plans": [
            {
              "Node Type": "Aggregate",
              "Strategy": "Plain",
              "Partial Mode": "Partial",
              "Parent Relationship": "Outer",
              "Parallel Aware": false,
              "Startup Cost": 87813.9,
              "Total Cost": 87813.91,
              "Plan Rows": 1,
              "Plan Width": 8,
              "Actual Startup Time": 487.229,
              "Actual Total Time": 487.234,
              "Actual Rows": 1,
              "Actual Loops": 4,
              "Plans": [
                {
                  "Node Type": "Hash Join",
                  "Parent Relationship": "Outer",
                  "Parallel Aware": true,
                  "Join Type": "Inner",
                  "Startup Cost": 60582.6,
                  "Total Cost": 87419.96,
                  "Plan Rows": 157577,
                  "Plan Width": 0,
                  "Actual Startup Time": 387.734,
                  "Actual Total Time": 481.56,
                  "Actual Rows": 121560,
                  "Actual Loops": 4,
                  "Inner Unique": true,
                  "Hash Cond": "(mk.movie_id = t.id)",
                  "Plans": [
                    {
                      "Node Type": "Bitmap Heap Scan",
                      "Parent Relationship": "Outer",
                      "Parallel Aware": true,
                      "Relation Name": "movie_keyword",
                      "Alias": "mk",
                      "Startup Cost": 10362.22,
                      "Total Cost": 36785.94,
                      "Plan Rows": 157577,
                      "Plan Width": 4,
                      "Actual Startup Time": 29.823,
                      "Actual Total Time": 82.424,
                      "Actual Rows": 121560,
                      "Actual Loops": 4,
                      "Recheck Cond": "(keyword_id > 36918)",
                      "Rows Removed by Index Recheck": 0,
                      "Exact Heap Blocks": 6926,
                      "Lossy Heap Blocks": 0,
                      "Plans": [
                        {
                          "Node Type": "Bitmap Index Scan",
                          "Parent Relationship": "Outer",
                          "Parallel Aware": false,
                          "Index Name": "keyword_id_movie_keyword",
                          "Startup Cost": 0.0,
                          "Total Cost": 10240.1,
                          "Plan Rows": 488489,
                          "Plan Width": 0,
                          "Actual Startup Time": 26.353,
                          "Actual Total Time": 26.354,
                          "Actual Rows": 486238,
                          "Actual Loops": 1,
                          "Index Cond": "(keyword_id > 36918)"
                        }
                      ]
                    },
                    {
                      "Node Type": "Hash",
                      "Parent Relationship": "Inner",
                      "Parallel Aware": true,
                      "Startup Cost": 42319.06,
                      "Total Cost": 42319.06,
                      "Plan Rows": 632106,
                      "Plan Width": 4,
                      "Actual Startup Time": 346.021,
                      "Actual Total Time": 346.022,
                      "Actual Rows": 632078,
                      "Actual Loops": 4,
                      "Hash Buckets": 4194304,
                      "Original Hash Buckets": 4194304,
                      "Hash Batches": 1,
                      "Original Hash Batches": 1,
                      "Peak Memory Usage": 131744,
                      "Plans": [
                        {
                          "Node Type": "Seq Scan",
                          "Parent Relationship": "Outer",
                          "Parallel Aware": true,
                          "Relation Name": "title",
                          "Alias": "t",
                          "Startup Cost": 0.0,
                          "Total Cost": 42319.06,
                          "Plan Rows": 632106,
                          "Plan Width": 4,
                          "Actual Startup Time": 0.051,
                          "Actual Total Time": 97.375,
                          "Actual Rows": 632078,
                          "Actual Loops": 4
                        }
                      ]
                    }
                  ]
                }
              ]
            }
          ]
        }
      ]
    },
    "Planning Time": 0.612,
    "Triggers": [],
    "Execution Time": 534.891
  }
]