[
  {
    "Plan": {
      "Node Type": "Aggregate",
      "Strategy": "Plain",
      "Partial Mode": "Finalize",
      "Parallel Aware": false,
      "Startup Cost": 30952.83,
      "Total Cost": 30952.84,
      "Plan Rows": 1,
      "Plan Width": 8,
      "Actual Startup Time": 99.972,
      "Actual Total Time": 110.361,
      "Actual Rows": 1,
      "Actual Loops": 1,
      "Plans": [
        {
          "Node Type": "Gather",
          "Parent Relationship": "Outer",
          "Parallel Aware": false,
          "Startup Cost": 30952.51,
          "Total Cost": 30952.82,
          "Plan Rows": 3,
          "Plan Width": 8,
          "Actual Startup Time": 99.841,
          "Actual Total Time": 110.354,
          "Actual Rows": 4,
          "Actual Loops": 1,
          "Workers Planned": 3,
          "Workers Launched": 3,
          "Single Copy": false,
          "Plans": [
            {
              "Node Type": "Aggregate",
              "Strategy": "Plain",
              "Partial Mode": "Partial",
              "Parent Relationship": "Outer",
              "Parallel Aware": false,
              "Startup Cost": 29952.51,
              "Total Cost": 29952.52,
              "Plan Rows": 1,
              "Plan Width": 8,
              "Actual Startup Time": 92.582,
              "Actual Total Time": 92.583,
              "Actual Rows": 1,
              "Actual Loops": 4,
              "Plans": [
                {
                  "Node Type": "Seq Scan",
                  "Parent Relationship": "Outer",
                  "Parallel Aware": true,
                  "Relation Name": "movie_companies",
                  "Alias": "mc",
                  "Startup Cost": 0.0,
                  "Total Cost": 29310.68,
                  "Plan Rows": 256731,
                  "Plan Width": 0,
                  "Actual Startup Time": 0.037,
                  "Actual Total Time": 79.893,
                  "Actual Rows": 198552,
                  "Actual Loops": 4,
                  "Filter": "(company_id < 1716)",
                  "Rows Removed by Filter": 453730
                }
              ]
            }
          ]
        }
      ]
    },
    "Planning Time": 0.135,
    "Triggers": [],
    "Execution Time": 110.399
  }
]