[
    {
        "Bao": {
            "Bao prediction": 460.757,
            "Bao recommended hint": "(no hint)"
        }
    },
    {
        "Plan": {
            "Node Type": "Aggregate",
            "Strategy": "Plain",
            "Partial Mode": "Finalize",
            "Parallel Aware": false,
            "Startup Cost": 33243.02,
            "Total Cost": 33243.03,
            "Plan Rows": 1,
            "Plan Width": 8,
            "Actual Startup Time": 145.818,
            "Actual Total Time": 154.729,
            "Actual Rows": 1,
            "Actual Loops": 1,
            "Output": [
                "count(*)"
            ],
            "Plans": [
                {
                    "Node Type": "Gather",
                    "Parent Relationship": "Outer",
                    "Parallel Aware": false,
                    "Startup Cost": 33242.71,
                    "Total Cost": 33243.02,
                    "Plan Rows": 3,
                    "Plan Width": 8,
                    "Actual Startup Time": 145.662,
                    "Actual Total Time": 154.718,
                    "Actual Rows": 4,
                    "Actual Loops": 1,
                    "Output": [
                        "(PARTIAL count(*))"
                    ],
                    "Workers Planned": 3,
                    "Workers Launched": 3,
                    "Single Copy": false,
                    "Plans": [
                        {
                            "Node Type": "Aggregate",
                            "Strategy": "Plain",
                            "Partial Mode": "Partial",
                            "Parent Relationship": "Outer",
                            "Parallel Aware": false,
                            "Startup Cost": 32242.71,
                            "Total Cost": 32242.72,
                            "Plan Rows": 1,
                            "Plan Width": 8,
                            "Actual Startup Time": 136.867,
                            "Actual Total Time": 136.869,
                            "Actual Rows": 1,
                            "Actual Loops": 4,
                            "Output": [
                                "PARTIAL count(*)"
                            ],
                            "Workers": [
                                {
                                    "Worker Number": 0,
                                    "Actual Startup Time": 133.79,
                                    "Actual Total Time": 133.792,
                                    "Actual Rows": 1,
                                    "Actual Loops": 1
                                },
                                {
                                    "Worker Number": 1,
                                    "Actual Startup Time": 134.38,
                                    "Actual Total Time": 134.382,
                                    "Actual Rows": 1,
                                    "Actual Loops": 1
                                },
                                {
                                    "Worker Number": 2,
                                    "Actual Startup Time": 134.366,
                                    "Actual Total Time": 134.368,
                                    "Actual Rows": 1,
                                    "Actual Loops": 1
                                }
                            ],
                            "Plans": [
                                {
                                    "Node Type": "Seq Scan",
                                    "Parent Relationship": "Outer",
                                    "Parallel Aware": true,
                                    "Relation Name": "movie_companies",
                                    "Schema": "public",
                                    "Alias": "mc",
                                    "Startup Cost": 0.0,
                                    "Total Cost": 31414.82,
                                    "Plan Rows": 331155,
                                    "Plan Width": 0,
                                    "Actual Startup Time": 59.981,
                                    "Actual Total Time": 117.852,
                                    "Actual Rows": 292442,
                                    "Actual Loops": 4,
                                    "Output": [
                                        "id",
                                        "movie_id",
                                        "company_id",
                                        "company_type_id",
                                        "note"
                                    ],
                                    "Filter": "((mc.company_id > 677) AND (mc.company_type_id = 2))",
                                    "Rows Removed by Filter": 359841,
                                    "Workers": [
                                        {
                                            "Worker Number": 0,
                                            "Actual Startup Time": 56.92,
                                            "Actual Total Time": 115.336,
                                            "Actual Rows": 279744,
                                            "Actual Loops": 1
                                        },
                                        {
                                            "Worker Number": 1,
                                            "Actual Startup Time": 57.483,
                                            "Actual Total Time": 115.595,
                                            "Actual Rows": 284034,
                                            "Actual Loops": 1
                                        },
                                        {
                                            "Worker Number": 2,
                                            "Actual Startup Time": 57.488,
                                            "Actual Total Time": 115.541,
                                            "Actual Rows": 284542,
                                            "Actual Loops": 1
                                        }
                                    ]
                                }
                            ]
                        }
                    ]
                }
            ]
        },
        "Planning Time": 1591.451,
        "Triggers": [],
        "Execution Time": 154.848
    }
]