{
  "Plan": {
    "Node Type": "Aggregate",
    "Strategy": "Plain",
    "Partial Mode": "Simple",
    "Parallel Aware": false,
    "Startup Cost": 60182.34,
    "Total Cost": 60182.35,
    "Plan Rows": 1,
    "Plan Width": 8,
    "Actual Startup Time": 95.297,
    "Actual Total Time": 95.3,
    "Actual Rows": 1,
    "Actual Loops": 1,
    "Plans": [
      {
        "Node Type": "Hash Join",
        "Parent Relationship": "Outer",
        "Parallel Aware": false,
        "Join Type": "Inner",
        "Startup Cost": 22239.98,
        "Total Cost": 60178.86,
        "Plan Rows": 1391,
        "Plan Width": 0,
        "Actual Startup Time": 46.888,
        "Actual Total Time": 95.2,
        "Actual Rows": 1835,
        "Actual Loops": 1,
        "Inner Unique": false,
        "Hash Cond": "(t.id = mc.movie_id)",
        "Plans": [
          {
            "Node Type": "Bitmap Heap Scan",
            "Parent Relationship": "Outer",
            "Parallel Aware": false,
            "Relation Name": "title",
            "Alias": "t",
            "Startup Cost": 1639.21,
            "Total Cost": 38770.72,
            "Plan Rows": 90681,
            "Plan Width": 4,
            "Actual Startup Time": 24.244,
            "Actual Total Time": 61.598,
            "Actual Rows": 90852,
            "Actual Loops": 1,
            "Recheck Cond": "(kind_id = 2)",
            "Rows Removed by Index Recheck": 0,
            "Exact Heap Blocks": 23872,
            "Lossy Heap Blocks": 0,
            "Plans": [
              {
                "Node Type": "Bitmap Index Scan",
                "Parent Relationship": "Outer",
                "Parallel Aware": false,
                "Index Name": "kind_id_title",
                "Startup Cost": 0.0,
                "Total Cost": 1616.54,
                "Plan Rows": 90681,
                "Plan Width": 0,
                "Actual Startup Time": 15.991,
                "Actual Total Time": 15.991,
                "Actual Rows": 90852,
                "Actual Loops": 1,
                "Index Cond": "(kind_id = 2)"
              }
            ]
          },
          {
            "Node Type": "Hash",
            "Parent Relationship": "Inner",
            "Parallel Aware": false,
            "Startup Cost": 20115.91,
            "Total Cost": 20115.91,
            "Plan Rows": 38789,
            "Plan Width": 4,
            "Actual Startup Time": 22.508,
            "Actual Total Time": 22.509,
            "Actual Rows": 36136,
            "Actual Loops": 1,
            "Hash Buckets": 65536,
            "Original Hash Buckets": 65536,
            "Hash Batches": 1,
            "Original Hash Batches": 1,
            "Peak Memory Usage": 1783,
            "Plans": [
              {
                "Node Type": "Bitmap Heap Scan",
                "Parent Relationship": "Outer",
                "Parallel Aware": false,
                "Relation Name": "movie_companies",
                "Alias": "mc",
                "Startup Cost": 841.04,
                "Total Cost": 20115.91,
                "Plan Rows": 38789,
                "Plan Width": 4,
                "Actual Startup Time": 4.172,
                "Actual Total Time": 16.932,
                "Actual Rows": 36136,
                "Actual Loops": 1,
                "Recheck Cond": "(company_id = 160)",
                "Rows Removed by Index Recheck": 0,
                "Exact Heap Blocks": 4319,
                "Lossy Heap Blocks": 0,
                "Plans": [
                  {
                    "Node Type": "Bitmap Index Scan",
                    "Parent Relationship": "Outer",
                    "Parallel Aware": false,
                    "Index Name": "company_id_movie_companies",
                    "Startup Cost": 0.0,
                    "Total Cost": 831.35,
                    "Plan Rows": 38789,
                    "Plan Width": 0,
                    "Actual Startup Time": 3.299,
                    "Actual Total Time": 3.299,
                    "Actual Rows": 36136,
                    "Actual Loops": 1,
                    "Index Cond": "(company_id = 160)"
                  }
                ]
              }
            ]
          }
        ]
      }
    ]
  },
  "Planning Time": 0.41,
  "Triggers": [],
  "Execution Time": 95.386
}