[
  {
    "Plan": {
      "Node Type": "Aggregate",
      "Strategy": "Plain",
      "Partial Mode": "Simple",
      "Parallel Aware": false,
      "Startup Cost": 39149.38,
      "Total Cost": 39149.39,
      "Plan Rows": 1,
      "Plan Width": 8,
      "Actual Startup Time": 50.864,
      "Actual Total Time": 50.865,
      "Actual Rows": 1,
      "Actual Loops": 1,
      "Plans": [
        {
          "Node Type": "Bitmap Heap Scan",
          "Parent Relationship": "Outer",
          "Parallel Aware": false,
          "Relation Name": "title",
          "Alias": "t",
          "Startup Cost": 1670.75,
          "Total Cost": 39064.38,
          "Plan Rows": 34003,
          "Plan Width": 0,
          "Actual Startup Time": 15.367,
          "Actual Total Time": 49.146,
          "Actual Rows": 34840,
          "Actual Loops": 1,
          "Recheck Cond": "(kind_id = 2)",
          "Rows Removed by Index Recheck": 0,
          "Filter": "(production_year < 1998)",
          "Rows Removed by Filter": 56012,
          "Exact Heap Blocks": 23872,
          "Lossy Heap Blocks": 0,
          "Plans": [
            {
              "Node Type": "Bitmap Index Scan",
              "Parent Relationship": "Outer",
              "Parallel Aware": false,
              "Index Name": "kind_id_title",
              "Startup Cost": 0.0,
              "Total Cost": 1662.25,
              "Plan Rows": 93042,
              "Plan Width": 0,
              "Actual Startup Time": 9.15,
              "Actual Total Time": 9.15,
              "Actual Rows": 90852,
              "Actual Loops": 1,
              "Index Cond": "(kind_id = 2)"
            }
          ]
        }
      ]
    },
    "Planning Time": 0.083,
    "Triggers": [],
    "Execution Time": 50.894
  }
]