[
  {
    "Plan": {
      "Node Type": "Aggregate",
      "Strategy": "Plain",
      "Partial Mode": "Finalize",
      "Parallel Aware": false,
      "Startup Cost": 127639.82,
      "Total Cost": 127639.83,
      "Plan Rows": 1,
      "Plan Width": 8,
      "Actual Startup Time": 413.276,
      "Actual Total Time": 429.981,
      "Actual Rows": 1,
      "Actual Loops": 1,
      "Plans": [
        {
          "Node Type": "Gather",
          "Parent Relationship": "Outer",
          "Parallel Aware": false,
          "Startup Cost": 127639.3,
          "Total Cost": 127639.81,
          "Plan Rows": 5,
          "Plan Width": 8,
          "Actual Startup Time": 407.163,
          "Actual Total Time": 429.971,
          "Actual Rows": 6,
          "Actual Loops": 1,
          "Workers Planned": 5,
          "Workers Launched": 5,
          "Single Copy": false,
          "Plans": [
            {
              "Node Type": "Aggregate",
              "Strategy": "Plain",
              "Partial Mode": "Partial",
              "Parent Relationship": "Outer",
              "Parallel Aware": false,
              "Startup Cost": 126639.3,
              "Total Cost": 126639.31,
              "Plan Rows": 1,
              "Plan Width": 8,
              "Actual Startup Time": 396.497,
              "Actual Total Time": 396.501,
              "Actual Rows": 1,
              "Actual Loops": 6,
              "Plans": [
                {
                  "Node Type": "Hash Join",
                  "Parent Relationship": "Outer",
                  "Parallel Aware": true,
                  "Join Type": "Inner",
                  "Startup Cost": 48316.39,
                  "Total Cost": 126127.9,
                  "Plan Rows": 204560,
                  "Plan Width": 0,
                  "Actual Startup Time": 165.944,
                  "Actual Total Time": 388.624,
                  "Actual Rows": 182680,
                  "Actual Loops": 6,
                  "Inner Unique": true,
                  "Hash Cond": "(ci.movie_id = t.id)",
                  "Plans": [
                    {
                      "Node Type": "Index Scan",
                      "Parent Relationship": "Outer",
                      "Parallel Aware": true,
                      "Scan Direction": "Forward",
                      "Index Name": "role_id_cast_info",
                      "Relation Name": "cast_info",
                      "Alias": "ci",
                      "Startup Cost": 0.56,
                      "Total Cost": 76316.49,
                      "Plan Rows": 569746,
                      "Plan Width": 4,
                      "Actual Startup Time": 0.123,
                      "Actual Total Time": 79.305,
                      "Actual Rows": 454824,
                      "Actual Loops": 6,
                      "Index Cond": "(role_id = 4)",
                      "Rows Removed by Index Recheck": 0
                    },
                    {
                      "Node Type": "Hash",
                      "Parent Relationship": "Inner",
                      "Parallel Aware": true,
                      "Startup Cost": 45479.1,
                      "Total Cost": 45479.1,
                      "Plan Rows": 226938,
                      "Plan Width": 4,
                      "Actual Startup Time": 162.013,
                      "Actual Total Time": 162.014,
                      "Actual Rows": 165345,
                      "Actual Loops": 6,
                      "Hash Buckets": 1048576,
                      "Original Hash Buckets": 1048576,
                      "Hash Batches": 1,
                      "Original Hash Batches": 1,
                      "Peak Memory Usage": 47072,
                      "Plans": [
                        {
                          "Node Type": "Seq Scan",
                          "Parent Relationship": "Outer",
                          "Parallel Aware": true,
                          "Relation Name": "title",
                          "Alias": "t",
                          "Startup Cost": 0.0,
                          "Total Cost": 45479.1,
                          "Plan Rows": 226938,
                          "Plan Width": 4,
                          "Actual Startup Time": 0.049,
                          "Actual Total Time": 86.609,
                          "Actual Rows": 165345,
                          "Actual Loops": 6,
                          "Filter": "((production_year > 1998) AND (kind_id = 7))",
                          "Rows Removed by Filter": 256040
                        }
                      ]
                    }
                  ]
                }
              ]
            }
          ]
        }
      ]
    },
    "Planning Time": 0.685,
    "Triggers": [],
    "Execution Time": 430.068
  }
]