[
  {
    "Plan": {
      "Node Type": "Aggregate",
      "Strategy": "Plain",
      "Partial Mode": "Finalize",
      "Parallel Aware": false,
      "Startup Cost": 44946.24,
      "Total Cost": 44946.25,
      "Plan Rows": 1,
      "Plan Width": 8,
      "Actual Startup Time": 129.069,
      "Actual Total Time": 136.703,
      "Actual Rows": 1,
      "Actual Loops": 1,
      "Plans": [
        {
          "Node Type": "Gather",
          "Parent Relationship": "Outer",
          "Parallel Aware": false,
          "Startup Cost": 44945.92,
          "Total Cost": 44946.23,
          "Plan Rows": 3,
          "Plan Width": 8,
          "Actual Startup Time": 128.967,
          "Actual Total Time": 136.696,
          "Actual Rows": 4,
          "Actual Loops": 1,
          "Workers Planned": 3,
          "Workers Launched": 3,
          "Single Copy": false,
          "Plans": [
            {
              "Node Type": "Aggregate",
              "Strategy": "Plain",
              "Partial Mode": "Partial",
              "Parent Relationship": "Outer",
              "Parallel Aware": false,
              "Startup Cost": 43945.92,
              "Total Cost": 43945.93,
              "Plan Rows": 1,
              "Plan Width": 8,
              "Actual Startup Time": 123.626,
              "Actual Total Time": 123.627,
              "Actual Rows": 1,
              "Actual Loops": 4,
              "Plans": [
                {
                  "Node Type": "Seq Scan",
                  "Parent Relationship": "Outer",
                  "Parallel Aware": true,
                  "Relation Name": "movie_keyword",
                  "Alias": "mk",
                  "Startup Cost": 0.0,
                  "Total Cost": 42695.65,
                  "Plan Rows": 500108,
                  "Plan Width": 0,
                  "Actual Startup Time": 0.033,
                  "Actual Total Time": 103.875,
                  "Actual Rows": 388248,
                  "Actual Loops": 4,
                  "Filter": "(keyword_id < 2297)",
                  "Rows Removed by Filter": 742734
                }
              ]
            }
          ]
        }
      ]
    },
    "Planning Time": 0.077,
    "Triggers": [],
    "Execution Time": 136.728
  }
]