[
  {
    "Plan": {
      "Node Type": "Aggregate",
      "Strategy": "Plain",
      "Partial Mode": "Finalize",
      "Parallel Aware": false,
      "Startup Cost": 45827.25,
      "Total Cost": 45827.26,
      "Plan Rows": 1,
      "Plan Width": 8,
      "Actual Startup Time": 164.279,
      "Actual Total Time": 174.285,
      "Actual Rows": 1,
      "Actual Loops": 1,
      "Plans": [
        {
          "Node Type": "Gather",
          "Parent Relationship": "Outer",
          "Parallel Aware": false,
          "Startup Cost": 45826.93,
          "Total Cost": 45827.24,
          "Plan Rows": 3,
          "Plan Width": 8,
          "Actual Startup Time": 164.113,
          "Actual Total Time": 174.275,
          "Actual Rows": 4,
          "Actual Loops": 1,
          "Workers Planned": 3,
          "Workers Launched": 3,
          "Single Copy": false,
          "Plans": [
            {
              "Node Type": "Aggregate",
              "Strategy": "Plain",
              "Partial Mode": "Partial",
              "Parent Relationship": "Outer",
              "Parallel Aware": false,
              "Startup Cost": 44826.93,
              "Total Cost": 44826.94,
              "Plan Rows": 1,
              "Plan Width": 8,
              "Actual Startup Time": 159.56,
              "Actual Total Time": 159.562,
              "Actual Rows": 1,
              "Actual Loops": 4,
              "Plans": [
                {
                  "Node Type": "Seq Scan",
                  "Parent Relationship": "Outer",
                  "Parallel Aware": true,
                  "Relation Name": "movie_keyword",
                  "Alias": "mk",
                  "Startup Cost": 0.0,
                  "Total Cost": 42695.65,
                  "Plan Rows": 852510,
                  "Plan Width": 0,
                  "Actual Startup Time": 0.035,
                  "Actual Total Time": 125.434,
                  "Actual Rows": 664045,
                  "Actual Loops": 4,
                  "Filter": "(keyword_id < 7373)",
                  "Rows Removed by Filter": 466938
                }
              ]
            }
          ]
        }
      ]
    },
    "Planning Time": 0.096,
    "Triggers": [],
    "Execution Time": 174.318
  }
]