[
  {
    "Plan": {
      "Node Type": "Aggregate",
      "Strategy": "Plain",
      "Partial Mode": "Finalize",
      "Parallel Aware": false,
      "Startup Cost": 45839.77,
      "Total Cost": 45839.78,
      "Plan Rows": 1,
      "Plan Width": 8,
      "Actual Startup Time": 158.11,
      "Actual Total Time": 167.842,
      "Actual Rows": 1,
      "Actual Loops": 1,
      "Plans": [
        {
          "Node Type": "Gather",
          "Parent Relationship": "Outer",
          "Parallel Aware": false,
          "Startup Cost": 45839.46,
          "Total Cost": 45839.77,
          "Plan Rows": 3,
          "Plan Width": 8,
          "Actual Startup Time": 158.018,
          "Actual Total Time": 167.835,
          "Actual Rows": 4,
          "Actual Loops": 1,
          "Workers Planned": 3,
          "Workers Launched": 3,
          "Single Copy": false,
          "Plans": [
            {
              "Node Type": "Aggregate",
              "Strategy": "Plain",
              "Partial Mode": "Partial",
              "Parent Relationship": "Outer",
              "Parallel Aware": false,
              "Startup Cost": 44839.46,
              "Total Cost": 44839.47,
              "Plan Rows": 1,
              "Plan Width": 8,
              "Actual Startup Time": 149.488,
              "Actual Total Time": 149.489,
              "Actual Rows": 1,
              "Actual Loops": 4,
              "Plans": [
                {
                  "Node Type": "Seq Scan",
                  "Parent Relationship": "Outer",
                  "Parallel Aware": true,
                  "Relation Name": "movie_keyword",
                  "Alias": "mk",
                  "Startup Cost": 0.0,
                  "Total Cost": 42695.65,
                  "Plan Rows": 857521,
                  "Plan Width": 0,
                  "Actual Startup Time": 0.081,
                  "Actual Total Time": 118.662,
                  "Actual Rows": 664045,
                  "Actual Loops": 4,
                  "Filter": "(keyword_id < 7373)",
                  "Rows Removed by Filter": 466938
                }
              ]
            }
          ]
        }
      ]
    },
    "Planning Time": 0.15,
    "Triggers": [],
    "Execution Time": 167.891
  }
]