[
  {
    "Plan": {
      "Node Type": "Aggregate",
      "Strategy": "Plain",
      "Partial Mode": "Simple",
      "Parallel Aware": false,
      "Startup Cost": 3425.94,
      "Total Cost": 3425.95,
      "Plan Rows": 1,
      "Plan Width": 8,
      "Actual Startup Time": 26.369,
      "Actual Total Time": 26.371,
      "Actual Rows": 1,
      "Actual Loops": 1,
      "Plans": [
        {
          "Node Type": "Nested Loop",
          "Parent Relationship": "Outer",
          "Parallel Aware": false,
          "Join Type": "Inner",
          "Startup Cost": 7.23,
          "Total Cost": 3425.59,
          "Plan Rows": 137,
          "Plan Width": 0,
          "Actual Startup Time": 0.941,
          "Actual Total Time": 26.027,
          "Actual Rows": 1917,
          "Actual Loops": 1,
          "Inner Unique": false,
          "Plans": [
            {
              "Node Type": "Nested Loop",
              "Parent Relationship": "Outer",
              "Parallel Aware": false,
              "Join Type": "Inner",
              "Startup Cost": 6.79,
              "Total Cost": 3017.98,
              "Plan Rows": 249,
              "Plan Width": 8,
              "Actual Startup Time": 0.45,
              "Actual Total Time": 7.191,
              "Actual Rows": 553,
              "Actual Loops": 1,
              "Inner Unique": true,
              "Plans": [
                {
                  "Node Type": "Bitmap Heap Scan",
                  "Parent Relationship": "Outer",
                  "Parallel Aware": false,
                  "Relation Name": "movie_keyword",
                  "Alias": "mk",
                  "Startup Cost": 6.36,
                  "Total Cost": 926.55,
                  "Plan Rows": 249,
                  "Plan Width": 4,
                  "Actual Startup Time": 0.42,
                  "Actual Total Time": 1.935,
                  "Actual Rows": 553,
                  "Actual Loops": 1,
                  "Recheck Cond": "(keyword_id = 40156)",
                  "Rows Removed by Index Recheck": 0,
                  "Exact Heap Blocks": 482,
                  "Lossy Heap Blocks": 0,
                  "Plans": [
                    {
                      "Node Type": "Bitmap Index Scan",
                      "Parent Relationship": "Outer",
                      "Parallel Aware": false,
                      "Index Name": "keyword_id_movie_keyword",
                      "Startup Cost": 0.0,
                      "Total Cost": 6.3,
                      "Plan Rows": 249,
                      "Plan Width": 0,
                      "Actual Startup Time": 0.239,
                      "Actual Total Time": 0.24,
                      "Actual Rows": 553,
                      "Actual Loops": 1,
                      "Index Cond": "(keyword_id = 40156)"
                    }
                  ]
                },
                {
                  "Node Type": "Index Only Scan",
                  "Parent Relationship": "Inner",
                  "Parallel Aware": false,
                  "Scan Direction": "Forward",
                  "Index Name": "title_pkey",
                  "Relation Name": "title",
                  "Alias": "t",
                  "Startup Cost": 0.43,
                  "Total Cost": 8.4,
                  "Plan Rows": 1,
                  "Plan Width": 4,
                  "Actual Startup Time": 0.009,
                  "Actual Total Time": 0.009,
                  "Actual Rows": 1,
                  "Actual Loops": 553,
                  "Index Cond": "(id = mk.movie_id)",
                  "Rows Removed by Index Recheck": 0,
                  "Heap Fetches": 553
                }
              ]
            },
            {
              "Node Type": "Index Scan",
              "Parent Relationship": "Inner",
              "Parallel Aware": false,
              "Scan Direction": "Forward",
              "Index Name": "movie_id_movie_info",
              "Relation Name": "movie_info",
              "Alias": "mi",
              "Startup Cost": 0.43,
              "Total Cost": 1.6,
              "Plan Rows": 4,
              "Plan Width": 4,
              "Actual Startup Time": 0.017,
              "Actual Total Time": 0.033,
              "Actual Rows": 3,
              "Actual Loops": 553,
              "Index Cond": "(movie_id = t.id)",
              "Rows Removed by Index Recheck": 0,
              "Filter": "(info_type_id = 7)",
              "Rows Removed by Filter": 22
            }
          ]
        }
      ]
    },
    "Planning Time": 1.358,
    "Triggers": [],
    "Execution Time": 26.455
  }
]