{
    "Plan": {
        "Node Type": "Aggregate",
        "Strategy": "Plain",
        "Partial Mode": "Finalize",
        "Parallel Aware": false,
        "Startup Cost": 231472.98,
        "Total Cost": 231472.99,
        "Plan Rows": 1,
        "Plan Width": 128,
        "Actual Startup Time": 2333.877,
        "Actual Total Time": 2397.157,
        "Actual Rows": 1,
        "Actual Loops": 1,
        "Plans": [
            {
                "Node Type": "Gather",
                "Parent Relationship": "Outer",
                "Parallel Aware": false,
                "Startup Cost": 231472.86,
                "Total Cost": 231472.97,
                "Plan Rows": 1,
                "Plan Width": 128,
                "Actual Startup Time": 2333.2,
                "Actual Total Time": 2397.144,
                "Actual Rows": 2,
                "Actual Loops": 1,
                "Workers Planned": 1,
                "Workers Launched": 1,
                "Single Copy": false,
                "Plans": [
                    {
                        "Node Type": "Aggregate",
                        "Strategy": "Plain",
                        "Partial Mode": "Partial",
                        "Parent Relationship": "Outer",
                        "Parallel Aware": false,
                        "Startup Cost": 230472.86,
                        "Total Cost": 230472.87,
                        "Plan Rows": 1,
                        "Plan Width": 128,
                        "Actual Startup Time": 2325.982,
                        "Actual Total Time": 2325.989,
                        "Actual Rows": 1,
                        "Actual Loops": 2,
                        "Plans": [
                            {
                                "Node Type": "Nested Loop",
                                "Parent Relationship": "Outer",
                                "Parallel Aware": false,
                                "Join Type": "Inner",
                                "Startup Cost": 140436.91,
                                "Total Cost": 230249.66,
                                "Plan Rows": 22320,
                                "Plan Width": 64,
                                "Actual Startup Time": 1058.691,
                                "Actual Total Time": 2290.581,
                                "Actual Rows": 241541,
                                "Actual Loops": 2,
                                "Inner Unique": false,
                                "Plans": [
                                    {
                                        "Node Type": "Nested Loop",
                                        "Parent Relationship": "Outer",
                                        "Parallel Aware": false,
                                        "Join Type": "Inner",
                                        "Startup Cost": 140436.48,
                                        "Total Cost": 225100.37,
                                        "Plan Rows": 9551,
                                        "Plan Width": 56,
                                        "Actual Startup Time": 1058.517,
                                        "Actual Total Time": 2093.484,
                                        "Actual Rows": 86784,
                                        "Actual Loops": 2,
                                        "Inner Unique": true,
                                        "Join Filter": "(ci.movie_id = t.id)",
                                        "Rows Removed by Join Filter": 0,
                                        "Plans": [
                                            {
                                                "Node Type": "Nested Loop",
                                                "Parent Relationship": "Outer",
                                                "Parallel Aware": false,
                                                "Join Type": "Inner",
                                                "Startup Cost": 140436.05,
                                                "Total Cost": 220078.27,
                                                "Plan Rows": 9551,
                                                "Plan Width": 47,
                                                "Actual Startup Time": 1058.489,
                                                "Actual Total Time": 1928.721,
                                                "Actual Rows": 86784,
                                                "Actual Loops": 2,
                                                "Inner Unique": true,
                                                "Plans": [
                                                    {
                                                        "Node Type": "Nested Loop",
                                                        "Parent Relationship": "Outer",
                                                        "Parallel Aware": false,
                                                        "Join Type": "Inner",
                                                        "Startup Cost": 140435.62,
                                                        "Total Cost": 213929.26,
                                                        "Plan Rows": 9551,
                                                        "Plan Width": 35,
                                                        "Actual Startup Time": 1058.46,
                                                        "Actual Total Time": 1719.058,
                                                        "Actual Rows": 94732,
                                                        "Actual Loops": 2,
                                                        "Inner Unique": true,
                                                        "Plans": [
                                                            {
                                                                "Node Type": "Hash Join",
                                                                "Parent Relationship": "Outer",
                                                                "Parallel Aware": false,
                                                                "Join Type": "Inner",
                                                                "Startup Cost": 140435.19,
                                                                "Total Cost": 182447.11,
                                                                "Plan Rows": 42425,
                                                                "Plan Width": 16,
                                                                "Actual Startup Time": 1058.402,
                                                                "Actual Total Time": 1500.51,
                                                                "Actual Rows": 94777,
                                                                "Actual Loops": 2,
                                                                "Inner Unique": false,
                                                                "Hash Cond": "(mc.movie_id = ci.movie_id)",
                                                                "Plans": [
                                                                    {
                                                                        "Node Type": "Hash Join",
                                                                        "Parent Relationship": "Outer",
                                                                        "Parallel Aware": true,
                                                                        "Join Type": "Inner",
                                                                        "Startup Cost": 5339.16,
                                                                        "Total Cost": 43505.85,
                                                                        "Plan Rows": 547356,
                                                                        "Plan Width": 4,
                                                                        "Actual Startup Time": 37.681,
                                                                        "Actual Total Time": 336.666,
                                                                        "Actual Rows": 576899,
                                                                        "Actual Loops": 2,
                                                                        "Inner Unique": true,
                                                                        "Hash Cond": "(mc.company_id = cn.id)",
                                                                        "Plans": [
                                                                            {
                                                                                "Node Type": "Seq Scan",
                                                                                "Parent Relationship": "Outer",
                                                                                "Parallel Aware": true,
                                                                                "Relation Name": "movie_companies",
                                                                                "Alias": "mc",
                                                                                "Startup Cost": 0.0,
                                                                                "Total Cost": 34137.82,
                                                                                "Plan Rows": 1534782,
                                                                                "Plan Width": 8,
                                                                                "Actual Startup Time": 0.008,
                                                                                "Actual Total Time": 99.378,
                                                                                "Actual Rows": 1304564,
                                                                                "Actual Loops": 2
                                                                            },
                                                                            {
                                                                                "Node Type": "Hash",
                                                                                "Parent Relationship": "Inner",
                                                                                "Parallel Aware": true,
                                                                                "Startup Cost": 4722.92,
                                                                                "Total Cost": 4722.92,
                                                                                "Plan Rows": 49299,
                                                                                "Plan Width": 4,
                                                                                "Actual Startup Time": 35.872,
                                                                                "Actual Total Time": 35.873,
                                                                                "Actual Rows": 42422,
                                                                                "Actual Loops": 2,
                                                                                "Hash Buckets": 131072,
                                                                                "Original Hash Buckets": 131072,
                                                                                "Hash Batches": 1,
                                                                                "Original Hash Batches": 1,
                                                                                "Peak Memory Usage": 4352,
                                                                                "Plans": [
                                                                                    {
                                                                                        "Node Type": "Seq Scan",
                                                                                        "Parent Relationship": "Outer",
                                                                                        "Parallel Aware": true,
                                                                                        "Relation Name": "company_name",
                                                                                        "Alias": "cn",
                                                                                        "Startup Cost": 0.0,
                                                                                        "Total Cost": 4722.92,
                                                                                        "Plan Rows": 49299,
                                                                                        "Plan Width": 4,
                                                                                        "Actual Startup Time": 0.041,
                                                                                        "Actual Total Time": 23.924,
                                                                                        "Actual Rows": 42422,
                                                                                        "Actual Loops": 2,
                                                                                        "Filter": "((country_code)::text = '[us]'::text)",
                                                                                        "Rows Removed by Filter": 75077
                                                                                    }
                                                                                ]
                                                                            }
                                                                        ]
                                                                    },
                                                                    {
                                                                        "Node Type": "Hash",
                                                                        "Parent Relationship": "Inner",
                                                                        "Parallel Aware": false,
                                                                        "Startup Cost": 134139.58,
                                                                        "Total Cost": 134139.58,
                                                                        "Plan Rows": 76516,
                                                                        "Plan Width": 12,
                                                                        "Actual Startup Time": 1020.249,
                                                                        "Actual Total Time": 1020.251,
                                                                        "Actual Rows": 276166,
                                                                        "Actual Loops": 2,
                                                                        "Hash Buckets": 524288,
                                                                        "Original Hash Buckets": 131072,
                                                                        "Hash Batches": 1,
                                                                        "Original Hash Batches": 1,
                                                                        "Peak Memory Usage": 15883,
                                                                        "Plans": [
                                                                            {
                                                                                "Node Type": "Nested Loop",
                                                                                "Parent Relationship": "Outer",
                                                                                "Parallel Aware": false,
                                                                                "Join Type": "Inner",
                                                                                "Startup Cost": 0.56,
                                                                                "Total Cost": 134139.58,
                                                                                "Plan Rows": 76516,
                                                                                "Plan Width": 12,
                                                                                "Actual Startup Time": 0.177,
                                                                                "Actual Total Time": 956.842,
                                                                                "Actual Rows": 276166,
                                                                                "Actual Loops": 2,
                                                                                "Inner Unique": false,
                                                                                "Plans": [
                                                                                    {
                                                                                        "Node Type": "Seq Scan",
                                                                                        "Parent Relationship": "Outer",
                                                                                        "Parallel Aware": false,
                                                                                        "Relation Name": "role_type",
                                                                                        "Alias": "rt",
                                                                                        "Startup Cost": 0.0,
                                                                                        "Total Cost": 1.15,
                                                                                        "Plan Rows": 1,
                                                                                        "Plan Width": 4,
                                                                                        "Actual Startup Time": 0.026,
                                                                                        "Actual Total Time": 0.029,
                                                                                        "Actual Rows": 1,
                                                                                        "Actual Loops": 2,
                                                                                        "Filter": "((role)::text = 'actress'::text)",
                                                                                        "Rows Removed by Filter": 11
                                                                                    },
                                                                                    {
                                                                                        "Node Type": "Index Scan",
                                                                                        "Parent Relationship": "Inner",
                                                                                        "Parallel Aware": false,
                                                                                        "Scan Direction": "Forward",
                                                                                        "Index Name": "role_id_cast_info",
                                                                                        "Relation Name": "cast_info",
                                                                                        "Alias": "ci",
                                                                                        "Startup Cost": 0.56,
                                                                                        "Total Cost": 133303.71,
                                                                                        "Plan Rows": 83472,
                                                                                        "Plan Width": 16,
                                                                                        "Actual Startup Time": 0.147,
                                                                                        "Actual Total Time": 935.923,
                                                                                        "Actual Rows": 276166,
                                                                                        "Actual Loops": 2,
                                                                                        "Index Cond": "(role_id = rt.id)",
                                                                                        "Rows Removed by Index Recheck": 0,
                                                                                        "Filter": "(note = ANY ('{(voice),\"(voice: Japanese version)\",\"(voice) (uncredited)\",\"(voice: English version)\"}'::text[]))",
                                                                                        "Rows Removed by Filter": 7175807
                                                                                    }
                                                                                ]
                                                                            }
                                                                        ]
                                                                    }
                                                                ]
                                                            },
                                                            {
                                                                "Node Type": "Index Scan",
                                                                "Parent Relationship": "Inner",
                                                                "Parallel Aware": false,
                                                                "Scan Direction": "Forward",
                                                                "Index Name": "name_pkey",
                                                                "Relation Name": "name",
                                                                "Alias": "n",
                                                                "Startup Cost": 0.43,
                                                                "Total Cost": 0.74,
                                                                "Plan Rows": 1,
                                                                "Plan Width": 19,
                                                                "Actual Startup Time": 0.002,
                                                                "Actual Total Time": 0.002,
                                                                "Actual Rows": 1,
                                                                "Actual Loops": 189554,
                                                                "Index Cond": "(id = ci.person_id)",
                                                                "Rows Removed by Index Recheck": 0,
                                                                "Filter": "((gender)::text = 'f'::text)",
                                                                "Rows Removed by Filter": 0
                                                            }
                                                        ]
                                                    },
                                                    {
                                                        "Node Type": "Index Scan",
                                                        "Parent Relationship": "Inner",
                                                        "Parallel Aware": false,
                                                        "Scan Direction": "Forward",
                                                        "Index Name": "char_name_pkey",
                                                        "Relation Name": "char_name",
                                                        "Alias": "chn",
                                                        "Startup Cost": 0.43,
                                                        "Total Cost": 0.64,
                                                        "Plan Rows": 1,
                                                        "Plan Width": 20,
                                                        "Actual Startup Time": 0.002,
                                                        "Actual Total Time": 0.002,
                                                        "Actual Rows": 1,
                                                        "Actual Loops": 189464,
                                                        "Index Cond": "(id = ci.person_role_id)",
                                                        "Rows Removed by Index Recheck": 0
                                                    }
                                                ]
                                            },
                                            {
                                                "Node Type": "Index Scan",
                                                "Parent Relationship": "Inner",
                                                "Parallel Aware": false,
                                                "Scan Direction": "Forward",
                                                "Index Name": "title_pkey",
                                                "Relation Name": "title",
                                                "Alias": "t",
                                                "Startup Cost": 0.43,
                                                "Total Cost": 0.51,
                                                "Plan Rows": 1,
                                                "Plan Width": 21,
                                                "Actual Startup Time": 0.002,
                                                "Actual Total Time": 0.002,
                                                "Actual Rows": 1,
                                                "Actual Loops": 173567,
                                                "Index Cond": "(id = mc.movie_id)",
                                                "Rows Removed by Index Recheck": 0
                                            }
                                        ]
                                    },
                                    {
                                        "Node Type": "Index Scan",
                                        "Parent Relationship": "Inner",
                                        "Parallel Aware": false,
                                        "Scan Direction": "Forward",
                                        "Index Name": "person_id_aka_name",
                                        "Relation Name": "aka_name",
                                        "Alias": "an",
                                        "Startup Cost": 0.42,
                                        "Total Cost": 0.52,
                                        "Plan Rows": 2,
                                        "Plan Width": 20,
                                        "Actual Startup Time": 0.001,
                                        "Actual Total Time": 0.002,
                                        "Actual Rows": 3,
                                        "Actual Loops": 173567,
                                        "Index Cond": "(person_id = n.id)",
                                        "Rows Removed by Index Recheck": 0
                                    }
                                ]
                            }
                        ]
                    }
                ]
            }
        ]
    },
    "Planning Time": 13.825,
    "Triggers": [],
    "Execution Time": 2397.552
}