{
    "Plan": {
        "Node Type": "Aggregate",
        "Strategy": "Plain",
        "Partial Mode": "Finalize",
        "Parallel Aware": false,
        "Startup Cost": 136652.03,
        "Total Cost": 136652.04,
        "Plan Rows": 1,
        "Plan Width": 8,
        "Actual Startup Time": 1395.28,
        "Actual Total Time": 1421.768,
        "Actual Rows": 1,
        "Actual Loops": 1,
        "Output": [
            "count(*)"
        ],
        "Plans": [
            {
                "Node Type": "Gather",
                "Parent Relationship": "Outer",
                "Parallel Aware": false,
                "Startup Cost": 136651.71,
                "Total Cost": 136652.02,
                "Plan Rows": 3,
                "Plan Width": 8,
                "Actual Startup Time": 1377.969,
                "Actual Total Time": 1421.758,
                "Actual Rows": 4,
                "Actual Loops": 1,
                "Output": [
                    "(PARTIAL count(*))"
                ],
                "Workers Planned": 3,
                "Workers Launched": 3,
                "Single Copy": false,
                "Plans": [
                    {
                        "Node Type": "Aggregate",
                        "Strategy": "Plain",
                        "Partial Mode": "Partial",
                        "Parent Relationship": "Outer",
                        "Parallel Aware": false,
                        "Startup Cost": 135651.71,
                        "Total Cost": 135651.72,
                        "Plan Rows": 1,
                        "Plan Width": 8,
                        "Actual Startup Time": 1364.922,
                        "Actual Total Time": 1364.928,
                        "Actual Rows": 1,
                        "Actual Loops": 4,
                        "Output": [
                            "PARTIAL count(*)"
                        ],
                        "Workers": [
                            {
                                "Worker Number": 0,
                                "Actual Startup Time": 1360.704,
                                "Actual Total Time": 1360.709,
                                "Actual Rows": 1,
                                "Actual Loops": 1
                            },
                            {
                                "Worker Number": 1,
                                "Actual Startup Time": 1360.796,
                                "Actual Total Time": 1360.8,
                                "Actual Rows": 1,
                                "Actual Loops": 1
                            },
                            {
                                "Worker Number": 2,
                                "Actual Startup Time": 1361.051,
                                "Actual Total Time": 1361.057,
                                "Actual Rows": 1,
                                "Actual Loops": 1
                            }
                        ],
                        "Plans": [
                            {
                                "Node Type": "Hash Join",
                                "Parent Relationship": "Outer",
                                "Parallel Aware": true,
                                "Join Type": "Inner",
                                "Startup Cost": 86446.92,
                                "Total Cost": 133606.16,
                                "Plan Rows": 818221,
                                "Plan Width": 0,
                                "Actual Startup Time": 671.377,
                                "Actual Total Time": 1193.508,
                                "Actual Rows": 4265975,
                                "Actual Loops": 4,
                                "Inner Unique": false,
                                "Hash Cond": "(mk.movie_id = t.id)",
                                "Workers": [
                                    {
                                        "Worker Number": 0,
                                        "Actual Startup Time": 667.629,
                                        "Actual Total Time": 1189.176,
                                        "Actual Rows": 4346125,
                                        "Actual Loops": 1
                                    },
                                    {
                                        "Worker Number": 1,
                                        "Actual Startup Time": 667.566,
                                        "Actual Total Time": 1190.846,
                                        "Actual Rows": 4306911,
                                        "Actual Loops": 1
                                    },
                                    {
                                        "Worker Number": 2,
                                        "Actual Startup Time": 667.837,
                                        "Actual Total Time": 1192.914,
                                        "Actual Rows": 4100181,
                                        "Actual Loops": 1
                                    }
                                ],
                                "Plans": [
                                    {
                                        "Node Type": "Seq Scan",
                                        "Parent Relationship": "Outer",
                                        "Parallel Aware": true,
                                        "Relation Name": "movie_keyword",
                                        "Schema": "public",
                                        "Alias": "mk",
                                        "Startup Cost": 0.0,
                                        "Total Cost": 39047.32,
                                        "Plan Rows": 1459332,
                                        "Plan Width": 4,
                                        "Actual Startup Time": 0.029,
                                        "Actual Total Time": 101.643,
                                        "Actual Rows": 1130982,
                                        "Actual Loops": 4,
                                        "Output": [
                                            "mk.id",
                                            "mk.movie_id",
                                            "mk.keyword_id"
                                        ],
                                        "Workers": [
                                            {
                                                "Worker Number": 0,
                                                "Actual Startup Time": 0.026,
                                                "Actual Total Time": 105.925,
                                                "Actual Rows": 1131460,
                                                "Actual Loops": 1
                                            },
                                            {
                                                "Worker Number": 1,
                                                "Actual Startup Time": 0.05,
                                                "Actual Total Time": 107.932,
                                                "Actual Rows": 1157360,
                                                "Actual Loops": 1
                                            },
                                            {
                                                "Worker Number": 2,
                                                "Actual Startup Time": 0.024,
                                                "Actual Total Time": 109.407,
                                                "Actual Rows": 1085580,
                                                "Actual Loops": 1
                                            }
                                        ]
                                    },
                                    {
                                        "Node Type": "Hash",
                                        "Parent Relationship": "Inner",
                                        "Parallel Aware": true,
                                        "Startup Cost": 80730.86,
                                        "Total Cost": 80730.86,
                                        "Plan Rows": 457285,
                                        "Plan Width": 8,
                                        "Actual Startup Time": 663.669,
                                        "Actual Total Time": 663.673,
                                        "Actual Rows": 355209,
                                        "Actual Loops": 4,
                                        "Output": [
                                            "t.id",
                                            "mc.movie_id"
                                        ],
                                        "Hash Buckets": 2097152,
                                        "Original Hash Buckets": 2097152,
                                        "Hash Batches": 1,
                                        "Original Hash Batches": 1,
                                        "Peak Memory Usage": 72032,
                                        "Workers": [
                                            {
                                                "Worker Number": 0,
                                                "Actual Startup Time": 666.69,
                                                "Actual Total Time": 666.693,
                                                "Actual Rows": 368520,
                                                "Actual Loops": 1
                                            },
                                            {
                                                "Worker Number": 1,
                                                "Actual Startup Time": 666.729,
                                                "Actual Total Time": 666.732,
                                                "Actual Rows": 370275,
                                                "Actual Loops": 1
                                            },
                                            {
                                                "Worker Number": 2,
                                                "Actual Startup Time": 667.065,
                                                "Actual Total Time": 667.069,
                                                "Actual Rows": 335117,
                                                "Actual Loops": 1
                                            }
                                        ],
                                        "Plans": [
                                            {
                                                "Node Type": "Hash Join",
                                                "Parent Relationship": "Outer",
                                                "Parallel Aware": true,
                                                "Join Type": "Inner",
                                                "Startup Cost": 50219.81,
                                                "Total Cost": 80730.86,
                                                "Plan Rows": 457285,
                                                "Plan Width": 8,
                                                "Actual Startup Time": 352.19,
                                                "Actual Total Time": 548.714,
                                                "Actual Rows": 355209,
                                                "Actual Loops": 4,
                                                "Output": [
                                                    "t.id",
                                                    "mc.movie_id"
                                                ],
                                                "Inner Unique": true,
                                                "Hash Cond": "(mc.movie_id = t.id)",
                                                "Workers": [
                                                    {
                                                        "Worker Number": 0,
                                                        "Actual Startup Time": 352.162,
                                                        "Actual Total Time": 548.794,
                                                        "Actual Rows": 368520,
                                                        "Actual Loops": 1
                                                    },
                                                    {
                                                        "Worker Number": 1,
                                                        "Actual Startup Time": 352.154,
                                                        "Actual Total Time": 548.912,
                                                        "Actual Rows": 370275,
                                                        "Actual Loops": 1
                                                    },
                                                    {
                                                        "Worker Number": 2,
                                                        "Actual Startup Time": 352.151,
                                                        "Actual Total Time": 548.421,
                                                        "Actual Rows": 335117,
                                                        "Actual Loops": 1
                                                    }
                                                ],
                                                "Plans": [
                                                    {
                                                        "Node Type": "Seq Scan",
                                                        "Parent Relationship": "Outer",
                                                        "Parallel Aware": true,
                                                        "Relation Name": "movie_companies",
                                                        "Schema": "public",
                                                        "Alias": "mc",
                                                        "Startup Cost": 0.0,
                                                        "Total Cost": 29310.68,
                                                        "Plan Rows": 457285,
                                                        "Plan Width": 4,
                                                        "Actual Startup Time": 8.225,
                                                        "Actual Total Time": 70.779,
                                                        "Actual Rows": 355209,
                                                        "Actual Loops": 4,
                                                        "Output": [
                                                            "mc.id",
                                                            "mc.movie_id",
                                                            "mc.company_id",
                                                            "mc.company_type_id",
                                                            "mc.note"
                                                        ],
                                                        "Filter": "(mc.company_id > 10539)",
                                                        "Rows Removed by Filter": 297074,
                                                        "Workers": [
                                                            {
                                                                "Worker Number": 0,
                                                                "Actual Startup Time": 8.173,
                                                                "Actual Total Time": 73.287,
                                                                "Actual Rows": 368520,
                                                                "Actual Loops": 1
                                                            },
                                                            {
                                                                "Worker Number": 1,
                                                                "Actual Startup Time": 8.281,
                                                                "Actual Total Time": 73.42,
                                                                "Actual Rows": 370275,
                                                                "Actual Loops": 1
                                                            },
                                                            {
                                                                "Worker Number": 2,
                                                                "Actual Startup Time": 8.159,
                                                                "Actual Total Time": 71.536,
                                                                "Actual Rows": 335117,
                                                                "Actual Loops": 1
                                                            }
                                                        ]
                                                    },
                                                    {
                                                        "Node Type": "Hash",
                                                        "Parent Relationship": "Inner",
                                                        "Parallel Aware": true,
                                                        "Startup Cost": 42318.81,
                                                        "Total Cost": 42318.81,
                                                        "Plan Rows": 632080,
                                                        "Plan Width": 4,
                                                        "Actual Startup Time": 337.563,
                                                        "Actual Total Time": 337.564,
                                                        "Actual Rows": 632078,
                                                        "Actual Loops": 4,
                                                        "Output": [
                                                            "t.id"
                                                        ],
                                                        "Hash Buckets": 4194304,
                                                        "Original Hash Buckets": 4194304,
                                                        "Hash Batches": 1,
                                                        "Original Hash Batches": 1,
                                                        "Peak Memory Usage": 131744,
                                                        "Workers": [
                                                            {
                                                                "Worker Number": 0,
                                                                "Actual Startup Time": 343.788,
                                                                "Actual Total Time": 343.789,
                                                                "Actual Rows": 626410,
                                                                "Actual Loops": 1
                                                            },
                                                            {
                                                                "Worker Number": 1,
                                                                "Actual Startup Time": 343.757,
                                                                "Actual Total Time": 343.758,
                                                                "Actual Rows": 627771,
                                                                "Actual Loops": 1
                                                            },
                                                            {
                                                                "Worker Number": 2,
                                                                "Actual Startup Time": 343.793,
                                                                "Actual Total Time": 343.794,
                                                                "Actual Rows": 573646,
                                                                "Actual Loops": 1
                                                            }
                                                        ],
                                                        "Plans": [
                                                            {
                                                                "Node Type": "Seq Scan",
                                                                "Parent Relationship": "Outer",
                                                                "Parallel Aware": true,
                                                                "Relation Name": "title",
                                                                "Schema": "public",
                                                                "Alias": "t",
                                                                "Startup Cost": 0.0,
                                                                "Total Cost": 42318.81,
                                                                "Plan Rows": 632080,
                                                                "Plan Width": 4,
                                                                "Actual Startup Time": 0.066,
                                                                "Actual Total Time": 101.218,
                                                                "Actual Rows": 632078,
                                                                "Actual Loops": 4,
                                                                "Output": [
                                                                    "t.id"
                                                                ],
                                                                "Workers": [
                                                                    {
                                                                        "Worker Number": 0,
                                                                        "Actual Startup Time": 0.089,
                                                                        "Actual Total Time": 105.791,
                                                                        "Actual Rows": 626410,
                                                                        "Actual Loops": 1
                                                                    },
                                                                    {
                                                                        "Worker Number": 1,
                                                                        "Actual Startup Time": 0.086,
                                                                        "Actual Total Time": 105.491,
                                                                        "Actual Rows": 627771,
                                                                        "Actual Loops": 1
                                                                    },
                                                                    {
                                                                        "Worker Number": 2,
                                                                        "Actual Startup Time": 0.072,
                                                                        "Actual Total Time": 105.367,
                                                                        "Actual Rows": 573646,
                                                                        "Actual Loops": 1
                                                                    }
                                                                ]
                                                            }
                                                        ]
                                                    }
                                                ]
                                            }
                                        ]
                                    }
                                ]
                            }
                        ]
                    }
                ]
            }
        ]
    },
    "Planning Time": 1.541,
    "Triggers": [],
    "Execution Time": 1421.865
}