[
  {
    "Plan": {
      "Node Type": "Aggregate",
      "Strategy": "Plain",
      "Partial Mode": "Finalize",
      "Parallel Aware": false,
      "Startup Cost": 46940.35,
      "Total Cost": 46940.36,
      "Plan Rows": 1,
      "Plan Width": 8,
      "Actual Startup Time": 108.045,
      "Actual Total Time": 121.701,
      "Actual Rows": 1,
      "Actual Loops": 1,
      "Plans": [
        {
          "Node Type": "Gather",
          "Parent Relationship": "Outer",
          "Parallel Aware": false,
          "Startup Cost": 46939.93,
          "Total Cost": 46940.34,
          "Plan Rows": 4,
          "Plan Width": 8,
          "Actual Startup Time": 107.917,
          "Actual Total Time": 121.692,
          "Actual Rows": 5,
          "Actual Loops": 1,
          "Workers Planned": 4,
          "Workers Launched": 4,
          "Single Copy": false,
          "Plans": [
            {
              "Node Type": "Aggregate",
              "Strategy": "Plain",
              "Partial Mode": "Partial",
              "Parent Relationship": "Outer",
              "Parallel Aware": false,
              "Startup Cost": 45939.93,
              "Total Cost": 45939.94,
              "Plan Rows": 1,
              "Plan Width": 8,
              "Actual Startup Time": 97.707,
              "Actual Total Time": 97.709,
              "Actual Rows": 1,
              "Actual Loops": 5,
              "Plans": [
                {
                  "Node Type": "Nested Loop",
                  "Parent Relationship": "Outer",
                  "Parallel Aware": false,
                  "Join Type": "Inner",
                  "Startup Cost": 0.56,
                  "Total Cost": 45939.83,
                  "Plan Rows": 40,
                  "Plan Width": 0,
                  "Actual Startup Time": 48.915,
                  "Actual Total Time": 97.605,
                  "Actual Rows": 620,
                  "Actual Loops": 5,
                  "Inner Unique": false,
                  "Plans": [
                    {
                      "Node Type": "Seq Scan",
                      "Parent Relationship": "Outer",
                      "Parallel Aware": true,
                      "Relation Name": "title",
                      "Alias": "t",
                      "Startup Cost": 0.0,
                      "Total Cost": 45479.1,
                      "Plan Rows": 3,
                      "Plan Width": 4,
                      "Actual Startup Time": 48.776,
                      "Actual Total Time": 90.687,
                      "Actual Rows": 88,
                      "Actual Loops": 5,
                      "Filter": "((kind_id < 7) AND (production_year > 2014))",
                      "Rows Removed by Filter": 505575
                    },
                    {
                      "Node Type": "Index Only Scan",
                      "Parent Relationship": "Inner",
                      "Parallel Aware": false,
                      "Scan Direction": "Forward",
                      "Index Name": "movie_id_cast_info",
                      "Relation Name": "cast_info",
                      "Alias": "ci",
                      "Startup Cost": 0.56,
                      "Total Cost": 153.21,
                      "Plan Rows": 37,
                      "Plan Width": 4,
                      "Actual Startup Time": 0.028,
                      "Actual Total Time": 0.077,
                      "Actual Rows": 7,
                      "Actual Loops": 438,
                      "Index Cond": "(movie_id = t.id)",
                      "Rows Removed by Index Recheck": 0,
                      "Heap Fetches": 3099
                    }
                  ]
                }
              ]
            }
          ]
        }
      ]
    },
    "Planning Time": 0.608,
    "Triggers": [],
    "Execution Time": 121.774
  }
]