{
  "Plan": {
    "Node Type": "Aggregate",
    "Strategy": "Plain",
    "Partial Mode": "Finalize",
    "Parallel Aware": false,
    "Startup Cost": 33872.7,
    "Total Cost": 33872.71,
    "Plan Rows": 1,
    "Plan Width": 8,
    "Actual Startup Time": 38.523,
    "Actual Total Time": 43.92,
    "Actual Rows": 1,
    "Actual Loops": 1,
    "Plans": [
      {
        "Node Type": "Gather",
        "Parent Relationship": "Outer",
        "Parallel Aware": false,
        "Startup Cost": 33872.58,
        "Total Cost": 33872.69,
        "Plan Rows": 1,
        "Plan Width": 8,
        "Actual Startup Time": 38.374,
        "Actual Total Time": 43.914,
        "Actual Rows": 2,
        "Actual Loops": 1,
        "Workers Planned": 1,
        "Workers Launched": 1,
        "Single Copy": false,
        "Plans": [
          {
            "Node Type": "Aggregate",
            "Strategy": "Plain",
            "Partial Mode": "Partial",
            "Parent Relationship": "Outer",
            "Parallel Aware": false,
            "Startup Cost": 32872.58,
            "Total Cost": 32872.59,
            "Plan Rows": 1,
            "Plan Width": 8,
            "Actual Startup Time": 31.966,
            "Actual Total Time": 31.969,
            "Actual Rows": 1,
            "Actual Loops": 2,
            "Plans": [
              {
                "Node Type": "Nested Loop",
                "Parent Relationship": "Outer",
                "Parallel Aware": false,
                "Join Type": "Inner",
                "Startup Cost": 172.99,
                "Total Cost": 32872.01,
                "Plan Rows": 229,
                "Plan Width": 0,
                "Actual Startup Time": 21.563,
                "Actual Total Time": 31.963,
                "Actual Rows": 0,
                "Actual Loops": 2,
                "Inner Unique": false,
                "Plans": [
                  {
                    "Node Type": "Nested Loop",
                    "Parent Relationship": "Outer",
                    "Parallel Aware": false,
                    "Join Type": "Inner",
                    "Startup Cost": 172.56,
                    "Total Cost": 32327.45,
                    "Plan Rows": 239,
                    "Plan Width": 8,
                    "Actual Startup Time": 21.526,
                    "Actual Total Time": 31.94,
                    "Actual Rows": 2,
                    "Actual Loops": 2,
                    "Inner Unique": true,
                    "Plans": [
                      {
                        "Node Type": "Bitmap Heap Scan",
                        "Parent Relationship": "Outer",
                        "Parallel Aware": true,
                        "Relation Name": "movie_companies",
                        "Alias": "mc",
                        "Startup Cost": 172.13,
                        "Total Cost": 14742.3,
                        "Plan Rows": 2338,
                        "Plan Width": 4,
                        "Actual Startup Time": 10.763,
                        "Actual Total Time": 15.309,
                        "Actual Rows": 1592,
                        "Actual Loops": 2,
                        "Recheck Cond": "(company_id = 159)",
                        "Rows Removed by Index Recheck": 0,
                        "Filter": "(company_type_id = 2)",
                        "Rows Removed by Filter": 2188,
                        "Exact Heap Blocks": 4275,
                        "Lossy Heap Blocks": 0,
                        "Plans": [
                          {
                            "Node Type": "Bitmap Index Scan",
                            "Parent Relationship": "Outer",
                            "Parallel Aware": false,
                            "Index Name": "company_id_movie_companies",
                            "Startup Cost": 0.0,
                            "Total Cost": 171.13,
                            "Plan Rows": 7827,
                            "Plan Width": 0,
                            "Actual Startup Time": 4.412,
                            "Actual Total Time": 4.413,
                            "Actual Rows": 7560,
                            "Actual Loops": 1,
                            "Index Cond": "(company_id = 159)"
                          }
                        ]
                      },
                      {
                        "Node Type": "Index Scan",
                        "Parent Relationship": "Inner",
                        "Parallel Aware": false,
                        "Scan Direction": "Forward",
                        "Index Name": "title_pkey",
                        "Relation Name": "title",
                        "Alias": "t",
                        "Startup Cost": 0.43,
                        "Total Cost": 7.52,
                        "Plan Rows": 1,
                        "Plan Width": 4,
                        "Actual Startup Time": 0.01,
                        "Actual Total Time": 0.01,
                        "Actual Rows": 0,
                        "Actual Loops": 3185,
                        "Index Cond": "(id = mc.movie_id)",
                        "Rows Removed by Index Recheck": 0,
                        "Filter": "((kind_id > 3) AND (production_year > 2010))",
                        "Rows Removed by Filter": 1
                      }
                    ]
                  },
                  {
                    "Node Type": "Index Scan",
                    "Parent Relationship": "Inner",
                    "Parallel Aware": false,
                    "Scan Direction": "Forward",
                    "Index Name": "movie_id_movie_keyword",
                    "Relation Name": "movie_keyword",
                    "Alias": "mk",
                    "Startup Cost": 0.43,
                    "Total Cost": 2.04,
                    "Plan Rows": 24,
                    "Plan Width": 4,
                    "Actual Startup Time": 0.008,
                    "Actual Total Time": 0.008,
                    "Actual Rows": 0,
                    "Actual Loops": 5,
                    "Index Cond": "(movie_id = t.id)",
                    "Rows Removed by Index Recheck": 0,
                    "Filter": "(keyword_id < 5718)",
                    "Rows Removed by Filter": 1
                  }
                ]
              }
            ]
          }
        ]
      }
    ]
  },
  "Planning Time": 1.063,
  "Triggers": [],
  "Execution Time": 44.021
}