[
  {
    "Plan": {
      "Node Type": "Aggregate",
      "Strategy": "Plain",
      "Partial Mode": "Finalize",
      "Parallel Aware": false,
      "Startup Cost": 81860.19,
      "Total Cost": 81860.2,
      "Plan Rows": 1,
      "Plan Width": 8,
      "Actual Startup Time": 463.207,
      "Actual Total Time": 478.867,
      "Actual Rows": 1,
      "Actual Loops": 1,
      "Plans": [
        {
          "Node Type": "Gather",
          "Parent Relationship": "Outer",
          "Parallel Aware": false,
          "Startup Cost": 81859.87,
          "Total Cost": 81860.18,
          "Plan Rows": 3,
          "Plan Width": 8,
          "Actual Startup Time": 454.468,
          "Actual Total Time": 478.858,
          "Actual Rows": 4,
          "Actual Loops": 1,
          "Workers Planned": 3,
          "Workers Launched": 3,
          "Single Copy": false,
          "Plans": [
            {
              "Node Type": "Aggregate",
              "Strategy": "Plain",
              "Partial Mode": "Partial",
              "Parent Relationship": "Outer",
              "Parallel Aware": false,
              "Startup Cost": 80859.87,
              "Total Cost": 80859.88,
              "Plan Rows": 1,
              "Plan Width": 8,
              "Actual Startup Time": 442.768,
              "Actual Total Time": 442.772,
              "Actual Rows": 1,
              "Actual Loops": 4,
              "Plans": [
                {
                  "Node Type": "Hash Join",
                  "Parent Relationship": "Outer",
                  "Parallel Aware": true,
                  "Join Type": "Inner",
                  "Startup Cost": 48074.37,
                  "Total Cost": 80400.96,
                  "Plan Rows": 183563,
                  "Plan Width": 0,
                  "Actual Startup Time": 294.375,
                  "Actual Total Time": 433.74,
                  "Actual Rows": 183176,
                  "Actual Loops": 4,
                  "Inner Unique": true,
                  "Hash Cond": "(mc.movie_id = t.id)",
                  "Plans": [
                    {
                      "Node Type": "Seq Scan",
                      "Parent Relationship": "Outer",
                      "Parallel Aware": true,
                      "Relation Name": "movie_companies",
                      "Alias": "mc",
                      "Startup Cost": 0.0,
                      "Total Cost": 31414.82,
                      "Plan Rows": 347344,
                      "Plan Width": 4,
                      "Actual Startup Time": 34.658,
                      "Actual Total Time": 79.561,
                      "Actual Rows": 300788,
                      "Actual Loops": 4,
                      "Filter": "((company_id > 425) AND (company_type_id > 1))",
                      "Rows Removed by Filter": 351494
                    },
                    {
                      "Node Type": "Hash",
                      "Parent Relationship": "Inner",
                      "Parallel Aware": true,
                      "Startup Cost": 43898.92,
                      "Total Cost": 43898.92,
                      "Plan Rows": 334036,
                      "Plan Width": 4,
                      "Actual Startup Time": 251.985,
                      "Actual Total Time": 251.986,
                      "Actual Rows": 337073,
                      "Actual Loops": 4,
                      "Hash Buckets": 2097152,
                      "Original Hash Buckets": 2097152,
                      "Hash Batches": 1,
                      "Original Hash Batches": 1,
                      "Peak Memory Usage": 69216,
                      "Plans": [
                        {
                          "Node Type": "Seq Scan",
                          "Parent Relationship": "Outer",
                          "Parallel Aware": true,
                          "Relation Name": "title",
                          "Alias": "t",
                          "Startup Cost": 0.0,
                          "Total Cost": 43898.92,
                          "Plan Rows": 334036,
                          "Plan Width": 4,
                          "Actual Startup Time": 0.037,
                          "Actual Total Time": 121.162,
                          "Actual Rows": 337073,
                          "Actual Loops": 4,
                          "Filter": "(production_year < 2005)",
                          "Rows Removed by Filter": 295005
                        }
                      ]
                    }
                  ]
                }
              ]
            }
          ]
        }
      ]
    },
    "Planning Time": 0.709,
    "Triggers": [],
    "Execution Time": 478.938
  }
]