[
  {
    "Plan": {
      "Node Type": "Aggregate",
      "Strategy": "Plain",
      "Partial Mode": "Finalize",
      "Parallel Aware": false,
      "Startup Cost": 95064.3,
      "Total Cost": 95064.31,
      "Plan Rows": 1,
      "Plan Width": 8,
      "Actual Startup Time": 188.116,
      "Actual Total Time": 208.28,
      "Actual Rows": 1,
      "Actual Loops": 1,
      "Plans": [
        {
          "Node Type": "Gather",
          "Parent Relationship": "Outer",
          "Parallel Aware": false,
          "Startup Cost": 95063.88,
          "Total Cost": 95064.29,
          "Plan Rows": 4,
          "Plan Width": 8,
          "Actual Startup Time": 187.921,
          "Actual Total Time": 208.271,
          "Actual Rows": 5,
          "Actual Loops": 1,
          "Workers Planned": 4,
          "Workers Launched": 4,
          "Single Copy": false,
          "Plans": [
            {
              "Node Type": "Aggregate",
              "Strategy": "Plain",
              "Partial Mode": "Partial",
              "Parent Relationship": "Outer",
              "Parallel Aware": false,
              "Startup Cost": 94063.88,
              "Total Cost": 94063.89,
              "Plan Rows": 1,
              "Plan Width": 8,
              "Actual Startup Time": 183.426,
              "Actual Total Time": 183.429,
              "Actual Rows": 1,
              "Actual Loops": 5,
              "Plans": [
                {
                  "Node Type": "Hash Join",
                  "Parent Relationship": "Outer",
                  "Parallel Aware": true,
                  "Join Type": "Inner",
                  "Startup Cost": 43944.4,
                  "Total Cost": 94058.4,
                  "Plan Rows": 2192,
                  "Plan Width": 0,
                  "Actual Startup Time": 80.111,
                  "Actual Total Time": 183.285,
                  "Actual Rows": 1768,
                  "Actual Loops": 5,
                  "Inner Unique": true,
                  "Hash Cond": "(ci.movie_id = t.id)",
                  "Plans": [
                    {
                      "Node Type": "Index Scan",
                      "Parent Relationship": "Outer",
                      "Parallel Aware": true,
                      "Scan Direction": "Forward",
                      "Index Name": "role_id_cast_info",
                      "Relation Name": "cast_info",
                      "Alias": "ci",
                      "Startup Cost": 0.56,
                      "Total Cost": 49093.36,
                      "Plan Rows": 389032,
                      "Plan Width": 4,
                      "Actual Startup Time": 0.074,
                      "Actual Total Time": 71.147,
                      "Actual Rows": 294566,
                      "Actual Loops": 5,
                      "Index Cond": "(role_id = 8)",
                      "Rows Removed by Index Recheck": 0,
                      "Filter": "(person_id < 3299932)",
                      "Rows Removed by Filter": 46142
                    },
                    {
                      "Node Type": "Hash",
                      "Parent Relationship": "Inner",
                      "Parallel Aware": true,
                      "Startup Cost": 43899.32,
                      "Total Cost": 43899.32,
                      "Plan Rows": 3561,
                      "Plan Width": 4,
                      "Actual Startup Time": 79.487,
                      "Actual Total Time": 79.489,
                      "Actual Rows": 2888,
                      "Actual Loops": 5,
                      "Hash Buckets": 16384,
                      "Original Hash Buckets": 16384,
                      "Hash Batches": 1,
                      "Original Hash Batches": 1,
                      "Peak Memory Usage": 800,
                      "Plans": [
                        {
                          "Node Type": "Seq Scan",
                          "Parent Relationship": "Outer",
                          "Parallel Aware": true,
                          "Relation Name": "title",
                          "Alias": "t",
                          "Startup Cost": 0.0,
                          "Total Cost": 43899.32,
                          "Plan Rows": 3561,
                          "Plan Width": 4,
                          "Actual Startup Time": 0.028,
                          "Actual Total Time": 77.985,
                          "Actual Rows": 2888,
                          "Actual Loops": 5,
                          "Filter": "(production_year = 1971)",
                          "Rows Removed by Filter": 502774
                        }
                      ]
                    }
                  ]
                }
              ]
            }
          ]
        }
      ]
    },
    "Planning Time": 0.27,
    "Triggers": [],
    "Execution Time": 208.325
  }
]