[
  {
    "Plan": {
      "Node Type": "Aggregate",
      "Strategy": "Plain",
      "Partial Mode": "Finalize",
      "Parallel Aware": false,
      "Startup Cost": 30805.87,
      "Total Cost": 30805.88,
      "Plan Rows": 1,
      "Plan Width": 8,
      "Actual Startup Time": 86.93,
      "Actual Total Time": 92.546,
      "Actual Rows": 1,
      "Actual Loops": 1,
      "Plans": [
        {
          "Node Type": "Gather",
          "Parent Relationship": "Outer",
          "Parallel Aware": false,
          "Startup Cost": 30805.55,
          "Total Cost": 30805.86,
          "Plan Rows": 3,
          "Plan Width": 8,
          "Actual Startup Time": 86.803,
          "Actual Total Time": 92.535,
          "Actual Rows": 4,
          "Actual Loops": 1,
          "Workers Planned": 3,
          "Workers Launched": 3,
          "Single Copy": false,
          "Plans": [
            {
              "Node Type": "Aggregate",
              "Strategy": "Plain",
              "Partial Mode": "Partial",
              "Parent Relationship": "Outer",
              "Parallel Aware": false,
              "Startup Cost": 29805.55,
              "Total Cost": 29805.56,
              "Plan Rows": 1,
              "Plan Width": 8,
              "Actual Startup Time": 80.301,
              "Actual Total Time": 80.302,
              "Actual Rows": 1,
              "Actual Loops": 4,
              "Plans": [
                {
                  "Node Type": "Seq Scan",
                  "Parent Relationship": "Outer",
                  "Parallel Aware": true,
                  "Relation Name": "movie_companies",
                  "Alias": "mc",
                  "Startup Cost": 0.0,
                  "Total Cost": 29310.68,
                  "Plan Rows": 197949,
                  "Plan Width": 0,
                  "Actual Startup Time": 0.044,
                  "Actual Total Time": 70.979,
                  "Actual Rows": 152470,
                  "Actual Loops": 4,
                  "Filter": "(company_id < 711)",
                  "Rows Removed by Filter": 499812
                }
              ]
            }
          ]
        }
      ]
    },
    "Planning Time": 0.107,
    "Triggers": [],
    "Execution Time": 92.589
  }
]