[
  {
    "Plan": {
      "Node Type": "Aggregate",
      "Strategy": "Plain",
      "Partial Mode": "Finalize",
      "Parallel Aware": false,
      "Startup Cost": 330508.1,
      "Total Cost": 330508.11,
      "Plan Rows": 1,
      "Plan Width": 8,
      "Actual Startup Time": 357.077,
      "Actual Total Time": 373.785,
      "Actual Rows": 1,
      "Actual Loops": 1,
      "Plans": [
        {
          "Node Type": "Gather",
          "Parent Relationship": "Outer",
          "Parallel Aware": false,
          "Startup Cost": 330507.47,
          "Total Cost": 330508.08,
          "Plan Rows": 6,
          "Plan Width": 8,
          "Actual Startup Time": 356.251,
          "Actual Total Time": 373.766,
          "Actual Rows": 7,
          "Actual Loops": 1,
          "Workers Planned": 6,
          "Workers Launched": 6,
          "Single Copy": false,
          "Plans": [
            {
              "Node Type": "Aggregate",
              "Strategy": "Plain",
              "Partial Mode": "Partial",
              "Parent Relationship": "Outer",
              "Parallel Aware": false,
              "Startup Cost": 329507.47,
              "Total Cost": 329507.48,
              "Plan Rows": 1,
              "Plan Width": 8,
              "Actual Startup Time": 346.75,
              "Actual Total Time": 346.754,
              "Actual Rows": 1,
              "Actual Loops": 7,
              "Plans": [
                {
                  "Node Type": "Bitmap Heap Scan",
                  "Parent Relationship": "Outer",
                  "Parallel Aware": true,
                  "Relation Name": "cast_info",
                  "Alias": "ci",
                  "Startup Cost": 68544.53,
                  "Total Cost": 329050.87,
                  "Plan Rows": 182642,
                  "Plan Width": 0,
                  "Actual Startup Time": 184.308,
                  "Actual Total Time": 327.273,
                  "Actual Rows": 332204,
                  "Actual Loops": 7,
                  "Recheck Cond": "(person_id < 312360)",
                  "Rows Removed by Index Recheck": 0,
                  "Filter": "(role_id < 2)",
                  "Rows Removed by Filter": 129296,
                  "Exact Heap Blocks": 7446,
                  "Lossy Heap Blocks": 0,
                  "Plans": [
                    {
                      "Node Type": "Bitmap Index Scan",
                      "Parent Relationship": "Outer",
                      "Parallel Aware": false,
                      "Index Name": "person_id_cast_info",
                      "Startup Cost": 0.0,
                      "Total Cost": 68270.57,
                      "Plan Rows": 3127734,
                      "Plan Width": 0,
                      "Actual Startup Time": 186.66,
                      "Actual Total Time": 186.66,
                      "Actual Rows": 3230503,
                      "Actual Loops": 1,
                      "Index Cond": "(person_id < 312360)"
                    }
                  ]
                }
              ]
            }
          ]
        }
      ]
    },
    "Planning Time": 0.227,
    "Triggers": [],
    "Execution Time": 373.867
  }
]