[
  {
    "Plan": {
      "Node Type": "Aggregate",
      "Strategy": "Plain",
      "Partial Mode": "Finalize",
      "Parallel Aware": false,
      "Startup Cost": 330782.14,
      "Total Cost": 330782.15,
      "Plan Rows": 1,
      "Plan Width": 8,
      "Actual Startup Time": 274.43,
      "Actual Total Time": 287.926,
      "Actual Rows": 1,
      "Actual Loops": 1,
      "Plans": [
        {
          "Node Type": "Gather",
          "Parent Relationship": "Outer",
          "Parallel Aware": false,
          "Startup Cost": 330781.52,
          "Total Cost": 330782.13,
          "Plan Rows": 6,
          "Plan Width": 8,
          "Actual Startup Time": 273.533,
          "Actual Total Time": 287.914,
          "Actual Rows": 7,
          "Actual Loops": 1,
          "Workers Planned": 6,
          "Workers Launched": 6,
          "Single Copy": false,
          "Plans": [
            {
              "Node Type": "Aggregate",
              "Strategy": "Plain",
              "Partial Mode": "Partial",
              "Parent Relationship": "Outer",
              "Parallel Aware": false,
              "Startup Cost": 329781.52,
              "Total Cost": 329781.53,
              "Plan Rows": 1,
              "Plan Width": 8,
              "Actual Startup Time": 266.03,
              "Actual Total Time": 266.032,
              "Actual Rows": 1,
              "Actual Loops": 7,
              "Plans": [
                {
                  "Node Type": "Bitmap Heap Scan",
                  "Parent Relationship": "Outer",
                  "Parallel Aware": true,
                  "Relation Name": "cast_info",
                  "Alias": "ci",
                  "Startup Cost": 68789.09,
                  "Total Cost": 329323.28,
                  "Plan Rows": 183293,
                  "Plan Width": 0,
                  "Actual Startup Time": 122.819,
                  "Actual Total Time": 247.987,
                  "Actual Rows": 333257,
                  "Actual Loops": 7,
                  "Recheck Cond": "(person_id < 313397)",
                  "Rows Removed by Index Recheck": 0,
                  "Filter": "(role_id = 1)",
                  "Rows Removed by Filter": 129769,
                  "Exact Heap Blocks": 7998,
                  "Lossy Heap Blocks": 0,
                  "Plans": [
                    {
                      "Node Type": "Bitmap Index Scan",
                      "Parent Relationship": "Outer",
                      "Parallel Aware": false,
                      "Index Name": "person_id_cast_info",
                      "Startup Cost": 0.0,
                      "Total Cost": 68514.15,
                      "Plan Rows": 3138878,
                      "Plan Width": 0,
                      "Actual Startup Time": 124.277,
                      "Actual Total Time": 124.278,
                      "Actual Rows": 3241185,
                      "Actual Loops": 1,
                      "Index Cond": "(person_id < 313397)"
                    }
                  ]
                }
              ]
            }
          ]
        }
      ]
    },
    "Planning Time": 0.07,
    "Triggers": [],
    "Execution Time": 287.963
  }
]