{
  "Plan": {
    "Node Type": "Aggregate",
    "Strategy": "Plain",
    "Partial Mode": "Finalize",
    "Parallel Aware": false,
    "Startup Cost": 477194.92,
    "Total Cost": 477194.93,
    "Plan Rows": 1,
    "Plan Width": 8,
    "Actual Startup Time": 2275.957,
    "Actual Total Time": 2314.481,
    "Actual Rows": 1,
    "Actual Loops": 1,
    "Plans": [
      {
        "Node Type": "Gather",
        "Parent Relationship": "Outer",
        "Parallel Aware": false,
        "Startup Cost": 477194.81,
        "Total Cost": 477194.92,
        "Plan Rows": 1,
        "Plan Width": 8,
        "Actual Startup Time": 2274.783,
        "Actual Total Time": 2314.471,
        "Actual Rows": 2,
        "Actual Loops": 1,
        "Workers Planned": 1,
        "Workers Launched": 1,
        "Single Copy": false,
        "Plans": [
          {
            "Node Type": "Aggregate",
            "Strategy": "Plain",
            "Partial Mode": "Partial",
            "Parent Relationship": "Outer",
            "Parallel Aware": false,
            "Startup Cost": 476194.81,
            "Total Cost": 476194.82,
            "Plan Rows": 1,
            "Plan Width": 8,
            "Actual Startup Time": 2270.133,
            "Actual Total Time": 2270.297,
            "Actual Rows": 1,
            "Actual Loops": 2,
            "Plans": [
              {
                "Node Type": "Hash Join",
                "Parent Relationship": "Outer",
                "Parallel Aware": true,
                "Join Type": "Inner",
                "Startup Cost": 59705.43,
                "Total Cost": 475157.81,
                "Plan Rows": 414801,
                "Plan Width": 0,
                "Actual Startup Time": 186.04,
                "Actual Total Time": 2234.793,
                "Actual Rows": 820532,
                "Actual Loops": 2,
                "Inner Unique": true,
                "Hash Cond": "(ci.movie_id = t.id)",
                "Plans": [
                  {
                    "Node Type": "Index Scan",
                    "Parent Relationship": "Outer",
                    "Parallel Aware": true,
                    "Scan Direction": "Forward",
                    "Index Name": "role_id_cast_info",
                    "Relation Name": "cast_info",
                    "Alias": "ci",
                    "Startup Cost": 0.56,
                    "Total Cost": 400977.7,
                    "Plan Rows": 5514369,
                    "Plan Width": 4,
                    "Actual Startup Time": 0.165,
                    "Actual Total Time": 1032.59,
                    "Actual Rows": 6335344,
                    "Actual Loops": 2,
                    "Index Cond": "(role_id < 2)",
                    "Rows Removed by Index Recheck": 0,
                    "Filter": "(person_id < 2800890)",
                    "Rows Removed by Filter": 0
                  },
                  {
                    "Node Type": "Hash",
                    "Parent Relationship": "Inner",
                    "Parallel Aware": true,
                    "Startup Cost": 58306.47,
                    "Total Cost": 58306.47,
                    "Plan Rows": 111872,
                    "Plan Width": 4,
                    "Actual Startup Time": 183.024,
                    "Actual Total Time": 183.025,
                    "Actual Rows": 150323,
                    "Actual Loops": 2,
                    "Hash Buckets": 524288,
                    "Original Hash Buckets": 262144,
                    "Hash Batches": 1,
                    "Original Hash Batches": 1,
                    "Peak Memory Usage": 17952,
                    "Plans": [
                      {
                        "Node Type": "Seq Scan",
                        "Parent Relationship": "Outer",
                        "Parallel Aware": true,
                        "Relation Name": "title",
                        "Alias": "t",
                        "Startup Cost": 0.0,
                        "Total Cost": 58306.47,
                        "Plan Rows": 111872,
                        "Plan Width": 4,
                        "Actual Startup Time": 0.113,
                        "Actual Total Time": 145.505,
                        "Actual Rows": 150323,
                        "Actual Loops": 2,
                        "Filter": "((kind_id < 7) AND (production_year < 1979))",
                        "Rows Removed by Filter": 1113833
                      }
                    ]
                  }
                ]
              }
            ]
          }
        ]
      }
    ]
  },
  "Planning Time": 0.537,
  "Triggers": [],
  "Execution Time": 2314.553
}