{
  "Plan": {
    "Node Type": "Aggregate",
    "Strategy": "Plain",
    "Partial Mode": "Finalize",
    "Parallel Aware": false,
    "Startup Cost": 113561.43,
    "Total Cost": 113561.44,
    "Plan Rows": 1,
    "Plan Width": 8,
    "Actual Startup Time": 881.22,
    "Actual Total Time": 899.686,
    "Actual Rows": 1,
    "Actual Loops": 1,
    "Plans": [
      {
        "Node Type": "Gather",
        "Parent Relationship": "Outer",
        "Parallel Aware": false,
        "Startup Cost": 113561.32,
        "Total Cost": 113561.43,
        "Plan Rows": 1,
        "Plan Width": 8,
        "Actual Startup Time": 876.625,
        "Actual Total Time": 899.675,
        "Actual Rows": 2,
        "Actual Loops": 1,
        "Workers Planned": 1,
        "Workers Launched": 1,
        "Single Copy": false,
        "Plans": [
          {
            "Node Type": "Aggregate",
            "Strategy": "Plain",
            "Partial Mode": "Partial",
            "Parent Relationship": "Outer",
            "Parallel Aware": false,
            "Startup Cost": 112561.32,
            "Total Cost": 112561.33,
            "Plan Rows": 1,
            "Plan Width": 8,
            "Actual Startup Time": 871.484,
            "Actual Total Time": 872.158,
            "Actual Rows": 1,
            "Actual Loops": 2,
            "Plans": [
              {
                "Node Type": "Hash Join",
                "Parent Relationship": "Outer",
                "Parallel Aware": true,
                "Join Type": "Inner",
                "Startup Cost": 48147.28,
                "Total Cost": 111294.21,
                "Plan Rows": 506844,
                "Plan Width": 0,
                "Actual Startup Time": 324.21,
                "Actual Total Time": 845.709,
                "Actual Rows": 535152,
                "Actual Loops": 2,
                "Inner Unique": false,
                "Hash Cond": "(t.id = mc.movie_id)",
                "Plans": [
                  {
                    "Node Type": "Seq Scan",
                    "Parent Relationship": "Outer",
                    "Parallel Aware": true,
                    "Relation Name": "title",
                    "Alias": "t",
                    "Startup Cost": 0.0,
                    "Total Cost": 50870.31,
                    "Plan Rows": 1487231,
                    "Plan Width": 4,
                    "Actual Startup Time": 0.013,
                    "Actual Total Time": 137.099,
                    "Actual Rows": 1264156,
                    "Actual Loops": 2
                  },
                  {
                    "Node Type": "Hash",
                    "Parent Relationship": "Inner",
                    "Parallel Aware": true,
                    "Startup Cost": 41811.73,
                    "Total Cost": 41811.73,
                    "Plan Rows": 506844,
                    "Plan Width": 4,
                    "Actual Startup Time": 315.236,
                    "Actual Total Time": 315.237,
                    "Actual Rows": 535152,
                    "Actual Loops": 2,
                    "Hash Buckets": 2097152,
                    "Original Hash Buckets": 1048576,
                    "Hash Batches": 1,
                    "Original Hash Batches": 1,
                    "Peak Memory Usage": 66496,
                    "Plans": [
                      {
                        "Node Type": "Seq Scan",
                        "Parent Relationship": "Outer",
                        "Parallel Aware": true,
                        "Relation Name": "movie_companies",
                        "Alias": "mc",
                        "Startup Cost": 0.0,
                        "Total Cost": 41811.73,
                        "Plan Rows": 506844,
                        "Plan Width": 4,
                        "Actual Startup Time": 71.079,
                        "Actual Total Time": 161.984,
                        "Actual Rows": 535152,
                        "Actual Loops": 2,
                        "Filter": "((company_id > 3028) AND (company_type_id > 1))",
                        "Rows Removed by Filter": 769413
                      }
                    ]
                  }
                ]
              }
            ]
          }
        ]
      }
    ]
  },
  "Planning Time": 0.702,
  "Triggers": [],
  "Execution Time": 899.806
}