[
  {
    "Plan": {
      "Node Type": "Aggregate",
      "Strategy": "Plain",
      "Partial Mode": "Finalize",
      "Parallel Aware": false,
      "Startup Cost": 46000.28,
      "Total Cost": 46000.29,
      "Plan Rows": 1,
      "Plan Width": 8,
      "Actual Startup Time": 141.298,
      "Actual Total Time": 150.641,
      "Actual Rows": 1,
      "Actual Loops": 1,
      "Plans": [
        {
          "Node Type": "Gather",
          "Parent Relationship": "Outer",
          "Parallel Aware": false,
          "Startup Cost": 45999.96,
          "Total Cost": 46000.27,
          "Plan Rows": 3,
          "Plan Width": 8,
          "Actual Startup Time": 141.132,
          "Actual Total Time": 150.629,
          "Actual Rows": 4,
          "Actual Loops": 1,
          "Workers Planned": 3,
          "Workers Launched": 3,
          "Single Copy": false,
          "Plans": [
            {
              "Node Type": "Aggregate",
              "Strategy": "Plain",
              "Partial Mode": "Partial",
              "Parent Relationship": "Outer",
              "Parallel Aware": false,
              "Startup Cost": 44999.96,
              "Total Cost": 44999.97,
              "Plan Rows": 1,
              "Plan Width": 8,
              "Actual Startup Time": 137.199,
              "Actual Total Time": 137.2,
              "Actual Rows": 1,
              "Actual Loops": 4,
              "Plans": [
                {
                  "Node Type": "Seq Scan",
                  "Parent Relationship": "Outer",
                  "Parallel Aware": true,
                  "Relation Name": "movie_keyword",
                  "Alias": "mk",
                  "Startup Cost": 0.0,
                  "Total Cost": 42695.65,
                  "Plan Rows": 921722,
                  "Plan Width": 0,
                  "Actual Startup Time": 0.198,
                  "Actual Total Time": 108.072,
                  "Actual Rows": 712221,
                  "Actual Loops": 4,
                  "Filter": "(keyword_id > 2565)",
                  "Rows Removed by Filter": 418762
                }
              ]
            }
          ]
        }
      ]
    },
    "Planning Time": 0.194,
    "Triggers": [],
    "Execution Time": 150.698
  }
]