[
  {
    "Plan": {
      "Node Type": "Aggregate",
      "Strategy": "Plain",
      "Partial Mode": "Finalize",
      "Parallel Aware": false,
      "Startup Cost": 94122.55,
      "Total Cost": 94122.56,
      "Plan Rows": 1,
      "Plan Width": 8,
      "Actual Startup Time": 311.237,
      "Actual Total Time": 344.042,
      "Actual Rows": 1,
      "Actual Loops": 1,
      "Plans": [
        {
          "Node Type": "Gather",
          "Parent Relationship": "Outer",
          "Parallel Aware": false,
          "Startup Cost": 94122.24,
          "Total Cost": 94122.55,
          "Plan Rows": 3,
          "Plan Width": 8,
          "Actual Startup Time": 310.656,
          "Actual Total Time": 344.029,
          "Actual Rows": 4,
          "Actual Loops": 1,
          "Workers Planned": 3,
          "Workers Launched": 3,
          "Single Copy": false,
          "Plans": [
            {
              "Node Type": "Aggregate",
              "Strategy": "Plain",
              "Partial Mode": "Partial",
              "Parent Relationship": "Outer",
              "Parallel Aware": false,
              "Startup Cost": 93122.24,
              "Total Cost": 93122.25,
              "Plan Rows": 1,
              "Plan Width": 8,
              "Actual Startup Time": 304.221,
              "Actual Total Time": 304.227,
              "Actual Rows": 1,
              "Actual Loops": 4,
              "Plans": [
                {
                  "Node Type": "Nested Loop",
                  "Parent Relationship": "Outer",
                  "Parallel Aware": false,
                  "Join Type": "Inner",
                  "Startup Cost": 45621.7,
                  "Total Cost": 93047.05,
                  "Plan Rows": 30074,
                  "Plan Width": 0,
                  "Actual Startup Time": 123.806,
                  "Actual Total Time": 301.418,
                  "Actual Rows": 39149,
                  "Actual Loops": 4,
                  "Inner Unique": false,
                  "Join Filter": "(t.id = mi.movie_id)",
                  "Rows Removed by Join Filter": 0,
                  "Plans": [
                    {
                      "Node Type": "Hash Join",
                      "Parent Relationship": "Outer",
                      "Parallel Aware": true,
                      "Join Type": "Inner",
                      "Startup Cost": 45621.26,
                      "Total Cost": 77912.63,
                      "Plan Rows": 5987,
                      "Plan Width": 8,
                      "Actual Startup Time": 123.69,
                      "Actual Total Time": 234.677,
                      "Actual Rows": 2139,
                      "Actual Loops": 4,
                      "Inner Unique": true,
                      "Hash Cond": "(mc.movie_id = t.id)",
                      "Plans": [
                        {
                          "Node Type": "Seq Scan",
                          "Parent Relationship": "Outer",
                          "Parallel Aware": true,
                          "Relation Name": "movie_companies",
                          "Alias": "mc",
                          "Startup Cost": 0.0,
                          "Total Cost": 31414.82,
                          "Plan Rows": 333926,
                          "Plan Width": 4,
                          "Actual Startup Time": 0.107,
                          "Actual Total Time": 82.735,
                          "Actual Rows": 230135,
                          "Actual Loops": 4,
                          "Filter": "((company_id > 424) AND (company_type_id < 2))",
                          "Rows Removed by Filter": 422147
                        },
                        {
                          "Node Type": "Hash",
                          "Parent Relationship": "Inner",
                          "Parallel Aware": true,
                          "Startup Cost": 45479.59,
                          "Total Cost": 45479.59,
                          "Plan Rows": 11334,
                          "Plan Width": 4,
                          "Actual Startup Time": 122.224,
                          "Actual Total Time": 122.226,
                          "Actual Rows": 12462,
                          "Actual Loops": 4,
                          "Hash Buckets": 65536,
                          "Original Hash Buckets": 65536,
                          "Hash Batches": 1,
                          "Original Hash Batches": 1,
                          "Peak Memory Usage": 2528,
                          "Plans": [
                            {
                              "Node Type": "Seq Scan",
                              "Parent Relationship": "Outer",
                              "Parallel Aware": true,
                              "Relation Name": "title",
                              "Alias": "t",
                              "Startup Cost": 0.0,
                              "Total Cost": 45479.59,
                              "Plan Rows": 11334,
                              "Plan Width": 4,
                              "Actual Startup Time": 0.037,
                              "Actual Total Time": 115.253,
                              "Actual Rows": 12462,
                              "Actual Loops": 4,
                              "Filter": "((kind_id > 1) AND (production_year = 2001))",
                              "Rows Removed by Filter": 619616
                            }
                          ]
                        }
                      ]
                    },
                    {
                      "Node Type": "Index Scan",
                      "Parent Relationship": "Inner",
                      "Parallel Aware": false,
                      "Scan Direction": "Forward",
                      "Index Name": "movie_id_movie_info",
                      "Relation Name": "movie_info",
                      "Alias": "mi",
                      "Startup Cost": 0.43,
                      "Total Cost": 2.09,
                      "Plan Rows": 35,
                      "Plan Width": 4,
                      "Actual Startup Time": 0.009,
                      "Actual Total Time": 0.028,
                      "Actual Rows": 18,
                      "Actual Loops": 8555,
                      "Index Cond": "(movie_id = mc.movie_id)",
                      "Rows Removed by Index Recheck": 0,
                      "Filter": "(info_type_id > 2)",
                      "Rows Removed by Filter": 2
                    }
                  ]
                }
              ]
            }
          ]
        }
      ]
    },
    "Planning Time": 1.644,
    "Triggers": [],
    "Execution Time": 344.14
  }
]