[
  {
    "Plan": {
      "Node Type": "Aggregate",
      "Strategy": "Plain",
      "Partial Mode": "Finalize",
      "Parallel Aware": false,
      "Startup Cost": 154193.55,
      "Total Cost": 154193.56,
      "Plan Rows": 1,
      "Plan Width": 8,
      "Actual Startup Time": 960.171,
      "Actual Total Time": 1019.932,
      "Actual Rows": 1,
      "Actual Loops": 1,
      "Plans": [
        {
          "Node Type": "Gather",
          "Parent Relationship": "Outer",
          "Parallel Aware": false,
          "Startup Cost": 154193.13,
          "Total Cost": 154193.54,
          "Plan Rows": 4,
          "Plan Width": 8,
          "Actual Startup Time": 957.817,
          "Actual Total Time": 1019.922,
          "Actual Rows": 5,
          "Actual Loops": 1,
          "Workers Planned": 4,
          "Workers Launched": 4,
          "Single Copy": false,
          "Plans": [
            {
              "Node Type": "Aggregate",
              "Strategy": "Plain",
              "Partial Mode": "Partial",
              "Parent Relationship": "Outer",
              "Parallel Aware": false,
              "Startup Cost": 153193.13,
              "Total Cost": 153193.14,
              "Plan Rows": 1,
              "Plan Width": 8,
              "Actual Startup Time": 947.336,
              "Actual Total Time": 947.387,
              "Actual Rows": 1,
              "Actual Loops": 5,
              "Plans": [
                {
                  "Node Type": "Nested Loop",
                  "Parent Relationship": "Outer",
                  "Parallel Aware": false,
                  "Join Type": "Inner",
                  "Startup Cost": 29450.99,
                  "Total Cost": 153087.23,
                  "Plan Rows": 42360,
                  "Plan Width": 0,
                  "Actual Startup Time": 104.106,
                  "Actual Total Time": 931.888,
                  "Actual Rows": 301023,
                  "Actual Loops": 5,
                  "Inner Unique": false,
                  "Plans": [
                    {
                      "Node Type": "Hash Join",
                      "Parent Relationship": "Outer",
                      "Parallel Aware": true,
                      "Join Type": "Inner",
                      "Startup Cost": 29450.56,
                      "Total Cost": 75078.81,
                      "Plan Rows": 46240,
                      "Plan Width": 8,
                      "Actual Startup Time": 103.918,
                      "Actual Total Time": 306.241,
                      "Actual Rows": 57410,
                      "Actual Loops": 5,
                      "Inner Unique": false,
                      "Hash Cond": "(t.id = mc.movie_id)",
                      "Plans": [
                        {
                          "Node Type": "Seq Scan",
                          "Parent Relationship": "Outer",
                          "Parallel Aware": true,
                          "Relation Name": "title",
                          "Alias": "t",
                          "Startup Cost": 0.0,
                          "Total Cost": 42318.73,
                          "Plan Rows": 632073,
                          "Plan Width": 4,
                          "Actual Startup Time": 0.013,
                          "Actual Total Time": 62.612,
                          "Actual Rows": 505662,
                          "Actual Loops": 5
                        },
                        {
                          "Node Type": "Hash",
                          "Parent Relationship": "Inner",
                          "Parallel Aware": true,
                          "Startup Cost": 28704.74,
                          "Total Cost": 28704.74,
                          "Plan Rows": 59665,
                          "Plan Width": 4,
                          "Actual Startup Time": 101.967,
                          "Actual Total Time": 101.969,
                          "Actual Rows": 57410,
                          "Actual Loops": 5,
                          "Hash Buckets": 524288,
                          "Original Hash Buckets": 262144,
                          "Hash Batches": 1,
                          "Original Hash Batches": 1,
                          "Peak Memory Usage": 17472,
                          "Plans": [
                            {
                              "Node Type": "Bitmap Heap Scan",
                              "Parent Relationship": "Outer",
                              "Parallel Aware": true,
                              "Relation Name": "movie_companies",
                              "Alias": "mc",
                              "Startup Cost": 8096.68,
                              "Total Cost": 28704.74,
                              "Plan Rows": 59665,
                              "Plan Width": 4,
                              "Actual Startup Time": 28.994,
                              "Actual Total Time": 74.124,
                              "Actual Rows": 57410,
                              "Actual Loops": 5,
                              "Recheck Cond": "(company_id < 212)",
                              "Rows Removed by Index Recheck": 0,
                              "Filter": "(company_type_id < 2)",
                              "Rows Removed by Filter": 17238,
                              "Exact Heap Blocks": 7133,
                              "Lossy Heap Blocks": 0,
                              "Plans": [
                                {
                                  "Node Type": "Bitmap Index Scan",
                                  "Parent Relationship": "Outer",
                                  "Parallel Aware": false,
                                  "Index Name": "company_id_movie_companies",
                                  "Startup Cost": 0.0,
                                  "Total Cost": 8050.44,
                                  "Plan Rows": 375734,
                                  "Plan Width": 0,
                                  "Actual Startup Time": 28.628,
                                  "Actual Total Time": 28.628,
                                  "Actual Rows": 373239,
                                  "Actual Loops": 1,
                                  "Index Cond": "(company_id < 212)"
                                }
                              ]
                            }
                          ]
                        }
                      ]
                    },
                    {
                      "Node Type": "Index Scan",
                      "Parent Relationship": "Inner",
                      "Parallel Aware": false,
                      "Scan Direction": "Forward",
                      "Index Name": "movie_id_movie_info",
                      "Relation Name": "movie_info",
                      "Alias": "mi",
                      "Startup Cost": 0.43,
                      "Total Cost": 1.62,
                      "Plan Rows": 7,
                      "Plan Width": 4,
                      "Actual Startup Time": 0.006,
                      "Actual Total Time": 0.01,
                      "Actual Rows": 5,
                      "Actual Loops": 287050,
                      "Index Cond": "(movie_id = t.id)",
                      "Rows Removed by Index Recheck": 0,
                      "Filter": "(info_type_id > 16)",
                      "Rows Removed by Filter": 13
                    }
                  ]
                }
              ]
            }
          ]
        }
      ]
    },
    "Planning Time": 1.392,
    "Triggers": [],
    "Execution Time": 1020.059
  }
]