[
  {
    "Plan": {
      "Node Type": "Aggregate",
      "Strategy": "Plain",
      "Partial Mode": "Finalize",
      "Parallel Aware": false,
      "Startup Cost": 30662.81,
      "Total Cost": 30662.82,
      "Plan Rows": 1,
      "Plan Width": 8,
      "Actual Startup Time": 97.223,
      "Actual Total Time": 104.189,
      "Actual Rows": 1,
      "Actual Loops": 1,
      "Plans": [
        {
          "Node Type": "Gather",
          "Parent Relationship": "Outer",
          "Parallel Aware": false,
          "Startup Cost": 30662.49,
          "Total Cost": 30662.8,
          "Plan Rows": 3,
          "Plan Width": 8,
          "Actual Startup Time": 96.994,
          "Actual Total Time": 104.182,
          "Actual Rows": 4,
          "Actual Loops": 1,
          "Workers Planned": 3,
          "Workers Launched": 3,
          "Single Copy": false,
          "Plans": [
            {
              "Node Type": "Aggregate",
              "Strategy": "Plain",
              "Partial Mode": "Partial",
              "Parent Relationship": "Outer",
              "Parallel Aware": false,
              "Startup Cost": 29662.49,
              "Total Cost": 29662.5,
              "Plan Rows": 1,
              "Plan Width": 8,
              "Actual Startup Time": 87.863,
              "Actual Total Time": 87.865,
              "Actual Rows": 1,
              "Actual Loops": 4,
              "Plans": [
                {
                  "Node Type": "Bitmap Heap Scan",
                  "Parent Relationship": "Outer",
                  "Parallel Aware": true,
                  "Relation Name": "movie_companies",
                  "Alias": "mc",
                  "Startup Cost": 8742.54,
                  "Total Cost": 29495.31,
                  "Plan Rows": 66874,
                  "Plan Width": 0,
                  "Actual Startup Time": 72.965,
                  "Actual Total Time": 86.703,
                  "Actual Rows": 23549,
                  "Actual Loops": 4,
                  "Recheck Cond": "(company_id < 252)",
                  "Rows Removed by Index Recheck": 0,
                  "Filter": "(company_type_id > 1)",
                  "Rows Removed by Filter": 76195,
                  "Exact Heap Blocks": 9948,
                  "Lossy Heap Blocks": 0,
                  "Plans": [
                    {
                      "Node Type": "Bitmap Index Scan",
                      "Parent Relationship": "Outer",
                      "Parallel Aware": false,
                      "Index Name": "company_id_movie_companies",
                      "Startup Cost": 0.0,
                      "Total Cost": 8690.72,
                      "Plan Rows": 405638,
                      "Plan Width": 0,
                      "Actual Startup Time": 39.6,
                      "Actual Total Time": 39.601,
                      "Actual Rows": 398976,
                      "Actual Loops": 1,
                      "Index Cond": "(company_id < 252)"
                    }
                  ]
                }
              ]
            }
          ]
        }
      ]
    },
    "Planning Time": 0.222,
    "Triggers": [],
    "Execution Time": 104.267
  }
]