[
  {
    "Plan": {
      "Node Type": "Aggregate",
      "Strategy": "Plain",
      "Partial Mode": "Finalize",
      "Parallel Aware": false,
      "Startup Cost": 51938.04,
      "Total Cost": 51938.05,
      "Plan Rows": 1,
      "Plan Width": 8,
      "Actual Startup Time": 104.423,
      "Actual Total Time": 117.623,
      "Actual Rows": 1,
      "Actual Loops": 1,
      "Plans": [
        {
          "Node Type": "Gather",
          "Parent Relationship": "Outer",
          "Parallel Aware": false,
          "Startup Cost": 51937.62,
          "Total Cost": 51938.03,
          "Plan Rows": 4,
          "Plan Width": 8,
          "Actual Startup Time": 104.275,
          "Actual Total Time": 117.615,
          "Actual Rows": 5,
          "Actual Loops": 1,
          "Workers Planned": 4,
          "Workers Launched": 4,
          "Single Copy": false,
          "Plans": [
            {
              "Node Type": "Aggregate",
              "Strategy": "Plain",
              "Partial Mode": "Partial",
              "Parent Relationship": "Outer",
              "Parallel Aware": false,
              "Startup Cost": 50937.62,
              "Total Cost": 50937.63,
              "Plan Rows": 1,
              "Plan Width": 8,
              "Actual Startup Time": 95.566,
              "Actual Total Time": 95.568,
              "Actual Rows": 1,
              "Actual Loops": 5,
              "Plans": [
                {
                  "Node Type": "Nested Loop",
                  "Parent Relationship": "Outer",
                  "Parallel Aware": false,
                  "Join Type": "Inner",
                  "Startup Cost": 0.43,
                  "Total Cost": 50935.01,
                  "Plan Rows": 1044,
                  "Plan Width": 0,
                  "Actual Startup Time": 60.978,
                  "Actual Total Time": 95.488,
                  "Actual Rows": 1047,
                  "Actual Loops": 5,
                  "Inner Unique": false,
                  "Plans": [
                    {
                      "Node Type": "Seq Scan",
                      "Parent Relationship": "Outer",
                      "Parallel Aware": true,
                      "Relation Name": "title",
                      "Alias": "t",
                      "Startup Cost": 0.0,
                      "Total Cost": 45479.59,
                      "Plan Rows": 584,
                      "Plan Width": 4,
                      "Actual Startup Time": 59.565,
                      "Actual Total Time": 85.222,
                      "Actual Rows": 1534,
                      "Actual Loops": 5,
                      "Filter": "((kind_id < 7) AND (production_year = 1915))",
                      "Rows Removed by Filter": 504128
                    },
                    {
                      "Node Type": "Index Only Scan",
                      "Parent Relationship": "Inner",
                      "Parallel Aware": false,
                      "Scan Direction": "Forward",
                      "Index Name": "movie_id_movie_keyword",
                      "Relation Name": "movie_keyword",
                      "Alias": "mk",
                      "Startup Cost": 0.43,
                      "Total Cost": 8.88,
                      "Plan Rows": 46,
                      "Plan Width": 4,
                      "Actual Startup Time": 0.006,
                      "Actual Total Time": 0.006,
                      "Actual Rows": 1,
                      "Actual Loops": 7670,
                      "Index Cond": "(movie_id = t.id)",
                      "Rows Removed by Index Recheck": 0,
                      "Heap Fetches": 5236
                    }
                  ]
                }
              ]
            }
          ]
        }
      ]
    },
    "Planning Time": 0.501,
    "Triggers": [],
    "Execution Time": 117.684
  }
]