[
  {
    "Plan": {
      "Node Type": "Aggregate",
      "Strategy": "Plain",
      "Partial Mode": "Finalize",
      "Parallel Aware": false,
      "Startup Cost": 327376.3,
      "Total Cost": 327376.31,
      "Plan Rows": 1,
      "Plan Width": 8,
      "Actual Startup Time": 348.652,
      "Actual Total Time": 360.309,
      "Actual Rows": 1,
      "Actual Loops": 1,
      "Plans": [
        {
          "Node Type": "Gather",
          "Parent Relationship": "Outer",
          "Parallel Aware": false,
          "Startup Cost": 327375.67,
          "Total Cost": 327376.28,
          "Plan Rows": 6,
          "Plan Width": 8,
          "Actual Startup Time": 347.708,
          "Actual Total Time": 360.297,
          "Actual Rows": 7,
          "Actual Loops": 1,
          "Workers Planned": 6,
          "Workers Launched": 6,
          "Single Copy": false,
          "Plans": [
            {
              "Node Type": "Aggregate",
              "Strategy": "Plain",
              "Partial Mode": "Partial",
              "Parent Relationship": "Outer",
              "Parallel Aware": false,
              "Startup Cost": 326375.67,
              "Total Cost": 326375.68,
              "Plan Rows": 1,
              "Plan Width": 8,
              "Actual Startup Time": 337.15,
              "Actual Total Time": 337.151,
              "Actual Rows": 1,
              "Actual Loops": 7,
              "Plans": [
                {
                  "Node Type": "Bitmap Heap Scan",
                  "Parent Relationship": "Outer",
                  "Parallel Aware": true,
                  "Relation Name": "cast_info",
                  "Alias": "ci",
                  "Startup Cost": 65440.12,
                  "Total Cost": 325563.12,
                  "Plan Rows": 325020,
                  "Plan Width": 0,
                  "Actual Startup Time": 168.621,
                  "Actual Total Time": 314.979,
                  "Actual Rows": 408612,
                  "Actual Loops": 7,
                  "Recheck Cond": "(person_id > 3522686)",
                  "Rows Removed by Index Recheck": 0,
                  "Filter": "(role_id > 1)",
                  "Rows Removed by Filter": 0,
                  "Exact Heap Blocks": 6287,
                  "Lossy Heap Blocks": 0,
                  "Plans": [
                    {
                      "Node Type": "Bitmap Index Scan",
                      "Parent Relationship": "Outer",
                      "Parallel Aware": false,
                      "Index Name": "person_id_cast_info",
                      "Startup Cost": 0.0,
                      "Total Cost": 64952.59,
                      "Plan Rows": 2974403,
                      "Plan Width": 0,
                      "Actual Startup Time": 166.847,
                      "Actual Total Time": 166.847,
                      "Actual Rows": 2860283,
                      "Actual Loops": 1,
                      "Index Cond": "(person_id > 3522686)"
                    }
                  ]
                }
              ]
            }
          ]
        }
      ]
    },
    "Planning Time": 0.215,
    "Triggers": [],
    "Execution Time": 360.384
  }
]