{
  "Plan": {
    "Node Type": "Aggregate",
    "Strategy": "Plain",
    "Partial Mode": "Finalize",
    "Parallel Aware": false,
    "Startup Cost": 87136.93,
    "Total Cost": 87136.94,
    "Plan Rows": 1,
    "Plan Width": 8,
    "Actual Startup Time": 83.859,
    "Actual Total Time": 94.848,
    "Actual Rows": 1,
    "Actual Loops": 1,
    "Plans": [
      {
        "Node Type": "Gather",
        "Parent Relationship": "Outer",
        "Parallel Aware": false,
        "Startup Cost": 87136.82,
        "Total Cost": 87136.93,
        "Plan Rows": 1,
        "Plan Width": 8,
        "Actual Startup Time": 83.581,
        "Actual Total Time": 94.842,
        "Actual Rows": 2,
        "Actual Loops": 1,
        "Workers Planned": 1,
        "Workers Launched": 1,
        "Single Copy": false,
        "Plans": [
          {
            "Node Type": "Aggregate",
            "Strategy": "Plain",
            "Partial Mode": "Partial",
            "Parent Relationship": "Outer",
            "Parallel Aware": false,
            "Startup Cost": 86136.82,
            "Total Cost": 86136.83,
            "Plan Rows": 1,
            "Plan Width": 8,
            "Actual Startup Time": 77.39,
            "Actual Total Time": 77.392,
            "Actual Rows": 1,
            "Actual Loops": 2,
            "Plans": [
              {
                "Node Type": "Nested Loop",
                "Parent Relationship": "Outer",
                "Parallel Aware": false,
                "Join Type": "Inner",
                "Startup Cost": 390.71,
                "Total Cost": 86131.99,
                "Plan Rows": 1932,
                "Plan Width": 0,
                "Actual Startup Time": 10.629,
                "Actual Total Time": 77.377,
                "Actual Rows": 34,
                "Actual Loops": 2,
                "Inner Unique": false,
                "Plans": [
                  {
                    "Node Type": "Nested Loop",
                    "Parent Relationship": "Outer",
                    "Parallel Aware": false,
                    "Join Type": "Inner",
                    "Startup Cost": 390.28,
                    "Total Cost": 84588.91,
                    "Plan Rows": 1872,
                    "Plan Width": 8,
                    "Actual Startup Time": 10.499,
                    "Actual Total Time": 76.913,
                    "Actual Rows": 14,
                    "Actual Loops": 2,
                    "Inner Unique": true,
                    "Plans": [
                      {
                        "Node Type": "Bitmap Heap Scan",
                        "Parent Relationship": "Outer",
                        "Parallel Aware": true,
                        "Relation Name": "movie_keyword",
                        "Alias": "mk",
                        "Startup Cost": 389.85,
                        "Total Cost": 24291.7,
                        "Plan Rows": 10734,
                        "Plan Width": 4,
                        "Actual Startup Time": 9.64,
                        "Actual Total Time": 29.242,
                        "Actual Rows": 10261,
                        "Actual Loops": 2,
                        "Recheck Cond": "(keyword_id = 382)",
                        "Rows Removed by Index Recheck": 0,
                        "Exact Heap Blocks": 8584,
                        "Lossy Heap Blocks": 0,
                        "Plans": [
                          {
                            "Node Type": "Bitmap Index Scan",
                            "Parent Relationship": "Outer",
                            "Parallel Aware": false,
                            "Index Name": "keyword_id_movie_keyword",
                            "Startup Cost": 0.0,
                            "Total Cost": 385.28,
                            "Plan Rows": 18247,
                            "Plan Width": 0,
                            "Actual Startup Time": 9.311,
                            "Actual Total Time": 9.311,
                            "Actual Rows": 20522,
                            "Actual Loops": 1,
                            "Index Cond": "(keyword_id = 382)"
                          }
                        ]
                      },
                      {
                        "Node Type": "Index Scan",
                        "Parent Relationship": "Inner",
                        "Parallel Aware": false,
                        "Scan Direction": "Forward",
                        "Index Name": "title_pkey",
                        "Relation Name": "title",
                        "Alias": "t",
                        "Startup Cost": 0.43,
                        "Total Cost": 5.62,
                        "Plan Rows": 1,
                        "Plan Width": 4,
                        "Actual Startup Time": 0.004,
                        "Actual Total Time": 0.004,
                        "Actual Rows": 0,
                        "Actual Loops": 20522,
                        "Index Cond": "(id = mk.movie_id)",
                        "Rows Removed by Index Recheck": 0,
                        "Filter": "((production_year < 1992) AND (kind_id = 7))",
                        "Rows Removed by Filter": 1
                      }
                    ]
                  },
                  {
                    "Node Type": "Index Only Scan",
                    "Parent Relationship": "Inner",
                    "Parallel Aware": false,
                    "Scan Direction": "Forward",
                    "Index Name": "movie_id_movie_companies",
                    "Relation Name": "movie_companies",
                    "Alias": "mc",
                    "Startup Cost": 0.43,
                    "Total Cost": 0.77,
                    "Plan Rows": 5,
                    "Plan Width": 4,
                    "Actual Startup Time": 0.026,
                    "Actual Total Time": 0.03,
                    "Actual Rows": 2,
                    "Actual Loops": 29,
                    "Index Cond": "(movie_id = t.id)",
                    "Rows Removed by Index Recheck": 0,
                    "Heap Fetches": 69
                  }
                ]
              }
            ]
          }
        ]
      }
    ]
  },
  "Planning Time": 1.161,
  "Triggers": [],
  "Execution Time": 94.948
}