{
  "Plan": {
    "Node Type": "Aggregate",
    "Strategy": "Plain",
    "Partial Mode": "Simple",
    "Parallel Aware": false,
    "Startup Cost": 809116.7,
    "Total Cost": 809116.71,
    "Plan Rows": 1,
    "Plan Width": 32,
    "Actual Startup Time": 3740.833,
    "Actual Total Time": 3771.276,
    "Actual Rows": 1,
    "Actual Loops": 1,
    "Plans": [
      {
        "Node Type": "Hash Join",
        "Parent Relationship": "Outer",
        "Parallel Aware": false,
        "Join Type": "Inner",
        "Startup Cost": 806219.66,
        "Total Cost": 809116.45,
        "Plan Rows": 98,
        "Plan Width": 17,
        "Actual Startup Time": 3724.603,
        "Actual Total Time": 3771.134,
        "Actual Rows": 1557,
        "Actual Loops": 1,
        "Inner Unique": false,
        "Hash Cond": "(k.id = mk.keyword_id)",
        "Plans": [
          {
            "Node Type": "Seq Scan",
            "Parent Relationship": "Outer",
            "Parallel Aware": false,
            "Relation Name": "keyword",
            "Alias": "k",
            "Startup Cost": 0.0,
            "Total Cost": 2626.12,
            "Plan Rows": 13,
            "Plan Width": 4,
            "Actual Startup Time": 3.483,
            "Actual Total Time": 19.098,
            "Actual Rows": 30,
            "Actual Loops": 1,
            "Filter": "(keyword ~~ '%sequel%'::text)",
            "Rows Removed by Filter": 134140
          },
          {
            "Node Type": "Hash",
            "Parent Relationship": "Inner",
            "Parallel Aware": false,
            "Startup Cost": 793571.85,
            "Total Cost": 793571.85,
            "Plan Rows": 1011825,
            "Plan Width": 21,
            "Actual Startup Time": 3709.789,
            "Actual Total Time": 3740.229,
            "Actual Rows": 442128,
            "Actual Loops": 1,
            "Hash Buckets": 1048576,
            "Original Hash Buckets": 1048576,
            "Hash Batches": 1,
            "Original Hash Batches": 1,
            "Peak Memory Usage": 31945,
            "Plans": [
              {
                "Node Type": "Merge Join",
                "Parent Relationship": "Outer",
                "Parallel Aware": false,
                "Join Type": "Inner",
                "Startup Cost": 654399.66,
                "Total Cost": 793571.85,
                "Plan Rows": 1011825,
                "Plan Width": 21,
                "Actual Startup Time": 1532.063,
                "Actual Total Time": 3617.87,
                "Actual Rows": 442128,
                "Actual Loops": 1,
                "Inner Unique": false,
                "Merge Cond": "(t.id = mi.movie_id)",
                "Plans": [
                  {
                    "Node Type": "Index Scan",
                    "Parent Relationship": "Outer",
                    "Parallel Aware": false,
                    "Scan Direction": "Forward",
                    "Index Name": "title_pkey",
                    "Relation Name": "title",
                    "Alias": "t",
                    "Startup Cost": 0.43,
                    "Total Cost": 116680.33,
                    "Plan Rows": 1436358,
                    "Plan Width": 21,
                    "Actual Startup Time": 0.025,
                    "Actual Total Time": 1844.351,
                    "Actual Rows": 1442285,
                    "Actual Loops": 1,
                    "Filter": "(production_year < 2006)",
                    "Rows Removed by Filter": 1083218
                  },
                  {
                    "Node Type": "Sort",
                    "Parent Relationship": "Inner",
                    "Parallel Aware": false,
                    "Startup Cost": 654396.05,
                    "Total Cost": 658848.99,
                    "Plan Rows": 1781178,
                    "Plan Width": 12,
                    "Actual Startup Time": 1523.612,
                    "Actual Total Time": 1594.141,
                    "Actual Rows": 612026,
                    "Actual Loops": 1,
                    "Sort Key": [
                      "mi.movie_id"
                    ],
                    "Sort Method": "quicksort",
                    "Sort Space Used": 53265,
                    "Sort Space Type": "Memory",
                    "Plans": [
                      {
                        "Node Type": "Gather",
                        "Parent Relationship": "Outer",
                        "Parallel Aware": false,
                        "Startup Cost": 58288.97,
                        "Total Cost": 469470.58,
                        "Plan Rows": 1781178,
                        "Plan Width": 12,
                        "Actual Startup Time": 537.654,
                        "Actual Total Time": 1401.297,
                        "Actual Rows": 612026,
                        "Actual Loops": 1,
                        "Workers Planned": 5,
                        "Workers Launched": 5,
                        "Single Copy": false,
                        "Plans": [
                          {
                            "Node Type": "Hash Join",
                            "Parent Relationship": "Outer",
                            "Parallel Aware": true,
                            "Join Type": "Inner",
                            "Startup Cost": 57288.97,
                            "Total Cost": 290352.78,
                            "Plan Rows": 356236,
                            "Plan Width": 12,
                            "Actual Startup Time": 489.552,
                            "Actual Total Time": 1335.987,
                            "Actual Rows": 102004,
                            "Actual Loops": 6,
                            "Inner Unique": false,
                            "Hash Cond": "(mi.movie_id = mk.movie_id)",
                            "Plans": [
                              {
                                "Node Type": "Seq Scan",
                                "Parent Relationship": "Outer",
                                "Parallel Aware": true,
                                "Relation Name": "movie_info",
                                "Alias": "mi",
                                "Startup Cost": 0.0,
                                "Total Cost": 221467.02,
                                "Plan Rows": 28429,
                                "Plan Width": 4,
                                "Actual Startup Time": 0.432,
                                "Actual Total Time": 809.562,
                                "Actual Rows": 25650,
                                "Actual Loops": 6,
                                "Filter": "(info = ANY ('{Sweden,Norway,Germany,Denmark,Swedish,Denish,Norwegian,German}'::text[]))",
                                "Rows Removed by Filter": 2446970
                              },
                              {
                                "Node Type": "Hash",
                                "Parent Relationship": "Inner",
                                "Parallel Aware": true,
                                "Startup Cost": 39047.32,
                                "Total Cost": 39047.32,
                                "Plan Rows": 1459332,
                                "Plan Width": 8,
                                "Actual Startup Time": 471.242,
                                "Actual Total Time": 471.243,
                                "Actual Rows": 753988,
                                "Actual Loops": 6,
                                "Hash Buckets": 8388608,
                                "Original Hash Buckets": 8388608,
                                "Hash Batches": 1,
                                "Original Hash Batches": 1,
                                "Peak Memory Usage": 242592,
                                "Plans": [
                                  {
                                    "Node Type": "Seq Scan",
                                    "Parent Relationship": "Outer",
                                    "Parallel Aware": true,
                                    "Relation Name": "movie_keyword",
                                    "Alias": "mk",
                                    "Startup Cost": 0.0,
                                    "Total Cost": 39047.32,
                                    "Plan Rows": 1459332,
                                    "Plan Width": 8,
                                    "Actual Startup Time": 0.141,
                                    "Actual Total Time": 142.769,
                                    "Actual Rows": 753988,
                                    "Actual Loops": 6
                                  }
                                ]
                              }
                            ]
                          }
                        ]
                      }
                    ]
                  }
                ]
              }
            ]
          }
        ]
      }
    ]
  },
  "Planning Time": 7.161,
  "Triggers": [],
  "Execution Time": 3781.499
}