{
  "Plan": {
    "Node Type": "Aggregate",
    "Strategy": "Plain",
    "Partial Mode": "Finalize",
    "Parallel Aware": false,
    "Startup Cost": 100274.69,
    "Total Cost": 100274.7,
    "Plan Rows": 1,
    "Plan Width": 8,
    "Actual Startup Time": 383.961,
    "Actual Total Time": 404.808,
    "Actual Rows": 1,
    "Actual Loops": 1,
    "Plans": [
      {
        "Node Type": "Gather",
        "Parent Relationship": "Outer",
        "Parallel Aware": false,
        "Startup Cost": 100274.58,
        "Total Cost": 100274.69,
        "Plan Rows": 1,
        "Plan Width": 8,
        "Actual Startup Time": 383.409,
        "Actual Total Time": 404.8,
        "Actual Rows": 2,
        "Actual Loops": 1,
        "Workers Planned": 1,
        "Workers Launched": 1,
        "Single Copy": false,
        "Plans": [
          {
            "Node Type": "Aggregate",
            "Strategy": "Plain",
            "Partial Mode": "Partial",
            "Parent Relationship": "Outer",
            "Parallel Aware": false,
            "Startup Cost": 99274.58,
            "Total Cost": 99274.59,
            "Plan Rows": 1,
            "Plan Width": 8,
            "Actual Startup Time": 377.582,
            "Actual Total Time": 377.587,
            "Actual Rows": 1,
            "Actual Loops": 2,
            "Plans": [
              {
                "Node Type": "Nested Loop",
                "Parent Relationship": "Outer",
                "Parallel Aware": false,
                "Join Type": "Inner",
                "Startup Cost": 62806.42,
                "Total Cost": 99249.24,
                "Plan Rows": 10135,
                "Plan Width": 0,
                "Actual Startup Time": 206.457,
                "Actual Total Time": 374.636,
                "Actual Rows": 54604,
                "Actual Loops": 2,
                "Inner Unique": false,
                "Join Filter": "(t.id = mc.movie_id)",
                "Rows Removed by Join Filter": 0,
                "Plans": [
                  {
                    "Node Type": "Hash Join",
                    "Parent Relationship": "Outer",
                    "Parallel Aware": true,
                    "Join Type": "Inner",
                    "Startup Cost": 62805.99,
                    "Total Cost": 90329.07,
                    "Plan Rows": 9821,
                    "Plan Width": 8,
                    "Actual Startup Time": 206.346,
                    "Actual Total Time": 314.411,
                    "Actual Rows": 7346,
                    "Actual Loops": 2,
                    "Inner Unique": true,
                    "Hash Cond": "(mk.movie_id = t.id)",
                    "Plans": [
                      {
                        "Node Type": "Bitmap Heap Scan",
                        "Parent Relationship": "Outer",
                        "Parallel Aware": true,
                        "Relation Name": "movie_keyword",
                        "Alias": "mk",
                        "Startup Cost": 7317.83,
                        "Total Cost": 34308.25,
                        "Plan Rows": 202914,
                        "Plan Width": 4,
                        "Actual Startup Time": 22.76,
                        "Actual Total Time": 94.608,
                        "Actual Rows": 181846,
                        "Actual Loops": 2,
                        "Recheck Cond": "(keyword_id < 335)",
                        "Rows Removed by Index Recheck": 0,
                        "Exact Heap Blocks": 16576,
                        "Lossy Heap Blocks": 0,
                        "Plans": [
                          {
                            "Node Type": "Bitmap Index Scan",
                            "Parent Relationship": "Outer",
                            "Parallel Aware": false,
                            "Index Name": "keyword_id_movie_keyword",
                            "Startup Cost": 0.0,
                            "Total Cost": 7231.59,
                            "Plan Rows": 344954,
                            "Plan Width": 0,
                            "Actual Startup Time": 19.192,
                            "Actual Total Time": 19.192,
                            "Actual Rows": 363692,
                            "Actual Loops": 1,
                            "Index Cond": "(keyword_id < 335)"
                          }
                        ]
                      },
                      {
                        "Node Type": "Hash",
                        "Parent Relationship": "Inner",
                        "Parallel Aware": true,
                        "Startup Cost": 54588.39,
                        "Total Cost": 54588.39,
                        "Plan Rows": 71982,
                        "Plan Width": 4,
                        "Actual Startup Time": 181.247,
                        "Actual Total Time": 181.248,
                        "Actual Rows": 61430,
                        "Actual Loops": 2,
                        "Hash Buckets": 131072,
                        "Original Hash Buckets": 131072,
                        "Hash Batches": 1,
                        "Original Hash Batches": 1,
                        "Peak Memory Usage": 5856,
                        "Plans": [
                          {
                            "Node Type": "Seq Scan",
                            "Parent Relationship": "Outer",
                            "Parallel Aware": true,
                            "Relation Name": "title",
                            "Alias": "t",
                            "Startup Cost": 0.0,
                            "Total Cost": 54588.39,
                            "Plan Rows": 71982,
                            "Plan Width": 4,
                            "Actual Startup Time": 0.034,
                            "Actual Total Time": 159.172,
                            "Actual Rows": 61430,
                            "Actual Loops": 2,
                            "Filter": "(production_year = 2008)",
                            "Rows Removed by Filter": 1202726
                          }
                        ]
                      }
                    ]
                  },
                  {
                    "Node Type": "Index Only Scan",
                    "Parent Relationship": "Inner",
                    "Parallel Aware": false,
                    "Scan Direction": "Forward",
                    "Index Name": "movie_id_movie_companies",
                    "Relation Name": "movie_companies",
                    "Alias": "mc",
                    "Startup Cost": 0.43,
                    "Total Cost": 0.85,
                    "Plan Rows": 5,
                    "Plan Width": 4,
                    "Actual Startup Time": 0.005,
                    "Actual Total Time": 0.007,
                    "Actual Rows": 7,
                    "Actual Loops": 14692,
                    "Index Cond": "(movie_id = mk.movie_id)",
                    "Rows Removed by Index Recheck": 0,
                    "Heap Fetches": 109208
                  }
                ]
              }
            ]
          }
        ]
      }
    ]
  },
  "Planning Time": 0.947,
  "Triggers": [],
  "Execution Time": 404.908
}