[
  {
    "Plan": {
      "Node Type": "Aggregate",
      "Strategy": "Plain",
      "Partial Mode": "Finalize",
      "Parallel Aware": false,
      "Startup Cost": 347424.43,
      "Total Cost": 347424.44,
      "Plan Rows": 1,
      "Plan Width": 8,
      "Actual Startup Time": 721.389,
      "Actual Total Time": 765.473,
      "Actual Rows": 1,
      "Actual Loops": 1,
      "Plans": [
        {
          "Node Type": "Gather",
          "Parent Relationship": "Outer",
          "Parallel Aware": false,
          "Startup Cost": 347423.8,
          "Total Cost": 347424.41,
          "Plan Rows": 6,
          "Plan Width": 8,
          "Actual Startup Time": 721.194,
          "Actual Total Time": 765.458,
          "Actual Rows": 7,
          "Actual Loops": 1,
          "Workers Planned": 6,
          "Workers Launched": 6,
          "Single Copy": false,
          "Plans": [
            {
              "Node Type": "Aggregate",
              "Strategy": "Plain",
              "Partial Mode": "Partial",
              "Parent Relationship": "Outer",
              "Parallel Aware": false,
              "Startup Cost": 346423.8,
              "Total Cost": 346423.81,
              "Plan Rows": 1,
              "Plan Width": 8,
              "Actual Startup Time": 712.944,
              "Actual Total Time": 712.945,
              "Actual Rows": 1,
              "Actual Loops": 7,
              "Plans": [
                {
                  "Node Type": "Seq Scan",
                  "Parent Relationship": "Outer",
                  "Parallel Aware": true,
                  "Relation Name": "cast_info",
                  "Alias": "ci",
                  "Startup Cost": 0.0,
                  "Total Cost": 343316.27,
                  "Plan Rows": 1243013,
                  "Plan Width": 0,
                  "Actual Startup Time": 0.051,
                  "Actual Total Time": 650.127,
                  "Actual Rows": 1178534,
                  "Actual Loops": 7,
                  "Filter": "((person_id < 847455) AND (role_id < 10))",
                  "Rows Removed by Filter": 3999230
                }
              ]
            }
          ]
        }
      ]
    },
    "Planning Time": 0.156,
    "Triggers": [],
    "Execution Time": 765.526
  }
]