[
  {
    "Plan": {
      "Node Type": "Aggregate",
      "Strategy": "Plain",
      "Partial Mode": "Finalize",
      "Parallel Aware": false,
      "Startup Cost": 39659.27,
      "Total Cost": 39659.28,
      "Plan Rows": 1,
      "Plan Width": 8,
      "Actual Startup Time": 59.013,
      "Actual Total Time": 64.69,
      "Actual Rows": 1,
      "Actual Loops": 1,
      "Plans": [
        {
          "Node Type": "Gather",
          "Parent Relationship": "Outer",
          "Parallel Aware": false,
          "Startup Cost": 39658.85,
          "Total Cost": 39659.26,
          "Plan Rows": 4,
          "Plan Width": 8,
          "Actual Startup Time": 58.656,
          "Actual Total Time": 64.683,
          "Actual Rows": 5,
          "Actual Loops": 1,
          "Workers Planned": 4,
          "Workers Launched": 4,
          "Single Copy": false,
          "Plans": [
            {
              "Node Type": "Aggregate",
              "Strategy": "Plain",
              "Partial Mode": "Partial",
              "Parent Relationship": "Outer",
              "Parallel Aware": false,
              "Startup Cost": 38658.85,
              "Total Cost": 38658.86,
              "Plan Rows": 1,
              "Plan Width": 8,
              "Actual Startup Time": 48.878,
              "Actual Total Time": 48.879,
              "Actual Rows": 1,
              "Actual Loops": 5,
              "Plans": [
                {
                  "Node Type": "Bitmap Heap Scan",
                  "Parent Relationship": "Outer",
                  "Parallel Aware": true,
                  "Relation Name": "title",
                  "Alias": "t",
                  "Startup Cost": 2178.19,
                  "Total Cost": 38631.62,
                  "Plan Rows": 10891,
                  "Plan Width": 0,
                  "Actual Startup Time": 10.932,
                  "Actual Total Time": 48.289,
                  "Actual Rows": 4171,
                  "Actual Loops": 5,
                  "Recheck Cond": "(kind_id = 4)",
                  "Rows Removed by Index Recheck": 0,
                  "Filter": "(production_year < 1998)",
                  "Rows Removed by Filter": 19476,
                  "Exact Heap Blocks": 7243,
                  "Lossy Heap Blocks": 0,
                  "Plans": [
                    {
                      "Node Type": "Bitmap Index Scan",
                      "Parent Relationship": "Outer",
                      "Parallel Aware": false,
                      "Index Name": "kind_id_title",
                      "Startup Cost": 0.0,
                      "Total Cost": 2167.3,
                      "Plan Rows": 121449,
                      "Plan Width": 0,
                      "Actual Startup Time": 15.416,
                      "Actual Total Time": 15.416,
                      "Actual Rows": 118234,
                      "Actual Loops": 1,
                      "Index Cond": "(kind_id = 4)"
                    }
                  ]
                }
              ]
            }
          ]
        }
      ]
    },
    "Planning Time": 0.196,
    "Triggers": [],
    "Execution Time": 64.741
  }
]