[
  {
    "Plan": {
      "Node Type": "Aggregate",
      "Strategy": "Plain",
      "Partial Mode": "Finalize",
      "Parallel Aware": false,
      "Startup Cost": 103574.8,
      "Total Cost": 103574.81,
      "Plan Rows": 1,
      "Plan Width": 8,
      "Actual Startup Time": 881.456,
      "Actual Total Time": 897.292,
      "Actual Rows": 1,
      "Actual Loops": 1,
      "Plans": [
        {
          "Node Type": "Gather",
          "Parent Relationship": "Outer",
          "Parallel Aware": false,
          "Startup Cost": 103574.59,
          "Total Cost": 103574.8,
          "Plan Rows": 2,
          "Plan Width": 8,
          "Actual Startup Time": 875.121,
          "Actual Total Time": 897.279,
          "Actual Rows": 3,
          "Actual Loops": 1,
          "Workers Planned": 2,
          "Workers Launched": 2,
          "Single Copy": false,
          "Plans": [
            {
              "Node Type": "Aggregate",
              "Strategy": "Plain",
              "Partial Mode": "Partial",
              "Parent Relationship": "Outer",
              "Parallel Aware": false,
              "Startup Cost": 102574.59,
              "Total Cost": 102574.6,
              "Plan Rows": 1,
              "Plan Width": 8,
              "Actual Startup Time": 865.354,
              "Actual Total Time": 866.077,
              "Actual Rows": 1,
              "Actual Loops": 3,
              "Plans": [
                {
                  "Node Type": "Hash Join",
                  "Parent Relationship": "Outer",
                  "Parallel Aware": true,
                  "Join Type": "Inner",
                  "Startup Cost": 85503.72,
                  "Total Cost": 101959.88,
                  "Plan Rows": 245883,
                  "Plan Width": 0,
                  "Actual Startup Time": 676.677,
                  "Actual Total Time": 838.512,
                  "Actual Rows": 613078,
                  "Actual Loops": 3,
                  "Inner Unique": false,
                  "Hash Cond": "(mi_idx.movie_id = t.id)",
                  "Plans": [
                    {
                      "Node Type": "Seq Scan",
                      "Parent Relationship": "Outer",
                      "Parallel Aware": true,
                      "Relation Name": "movie_info_idx",
                      "Alias": "mi_idx",
                      "Startup Cost": 0.0,
                      "Total Cost": 13685.15,
                      "Plan Rows": 575015,
                      "Plan Width": 4,
                      "Actual Startup Time": 0.026,
                      "Actual Total Time": 39.007,
                      "Actual Rows": 460012,
                      "Actual Loops": 3
                    },
                    {
                      "Node Type": "Hash",
                      "Parent Relationship": "Inner",
                      "Parallel Aware": true,
                      "Startup Cost": 82125.2,
                      "Total Cost": 82125.2,
                      "Plan Rows": 270282,
                      "Plan Width": 8,
                      "Actual Startup Time": 666.678,
                      "Actual Total Time": 667.399,
                      "Actual Rows": 319559,
                      "Actual Loops": 3,
                      "Hash Buckets": 2097152,
                      "Original Hash Buckets": 2097152,
                      "Hash Batches": 1,
                      "Original Hash Batches": 1,
                      "Peak Memory Usage": 53920,
                      "Plans": [
                        {
                          "Node Type": "Hash Join",
                          "Parent Relationship": "Outer",
                          "Parallel Aware": true,
                          "Join Type": "Inner",
                          "Startup Cost": 35774.22,
                          "Total Cost": 82125.2,
                          "Plan Rows": 270282,
                          "Plan Width": 8,
                          "Actual Startup Time": 210.918,
                          "Actual Total Time": 567.859,
                          "Actual Rows": 319559,
                          "Actual Loops": 3,
                          "Inner Unique": false,
                          "Hash Cond": "(t.id = mc.movie_id)",
                          "Plans": [
                            {
                              "Node Type": "Seq Scan",
                              "Parent Relationship": "Outer",
                              "Parallel Aware": true,
                              "Relation Name": "title",
                              "Alias": "t",
                              "Startup Cost": 0.0,
                              "Total Cost": 42318.73,
                              "Plan Rows": 632073,
                              "Plan Width": 4,
                              "Actual Startup Time": 0.013,
                              "Actual Total Time": 103.012,
                              "Actual Rows": 842771,
                              "Actual Loops": 3
                            },
                            {
                              "Node Type": "Hash",
                              "Parent Relationship": "Inner",
                              "Parallel Aware": true,
                              "Startup Cost": 31414.82,
                              "Total Cost": 31414.82,
                              "Plan Rows": 348752,
                              "Plan Width": 4,
                              "Actual Startup Time": 205.536,
                              "Actual Total Time": 205.538,
                              "Actual Rows": 319559,
                              "Actual Loops": 3,
                              "Hash Buckets": 2097152,
                              "Original Hash Buckets": 2097152,
                              "Hash Batches": 1,
                              "Original Hash Batches": 1,
                              "Peak Memory Usage": 53920,
                              "Plans": [
                                {
                                  "Node Type": "Seq Scan",
                                  "Parent Relationship": "Outer",
                                  "Parallel Aware": true,
                                  "Relation Name": "movie_companies",
                                  "Alias": "mc",
                                  "Startup Cost": 0.0,
                                  "Total Cost": 31414.82,
                                  "Plan Rows": 348752,
                                  "Plan Width": 4,
                                  "Actual Startup Time": 0.155,
                                  "Actual Total Time": 110.01,
                                  "Actual Rows": 319559,
                                  "Actual Loops": 3,
                                  "Filter": "((company_id > 265) AND (company_type_id = 1))",
                                  "Rows Removed by Filter": 550151
                                }
                              ]
                            }
                          ]
                        }
                      ]
                    }
                  ]
                }
              ]
            }
          ]
        }
      ]
    },
    "Planning Time": 1.468,
    "Triggers": [],
    "Execution Time": 897.381
  }
]