[
  {
    "Plan": {
      "Node Type": "Aggregate",
      "Strategy": "Plain",
      "Partial Mode": "Finalize",
      "Parallel Aware": false,
      "Startup Cost": 47198.68,
      "Total Cost": 47198.69,
      "Plan Rows": 1,
      "Plan Width": 8,
      "Actual Startup Time": 201.729,
      "Actual Total Time": 212.7,
      "Actual Rows": 1,
      "Actual Loops": 1,
      "Plans": [
        {
          "Node Type": "Gather",
          "Parent Relationship": "Outer",
          "Parallel Aware": false,
          "Startup Cost": 47198.37,
          "Total Cost": 47198.68,
          "Plan Rows": 3,
          "Plan Width": 8,
          "Actual Startup Time": 201.584,
          "Actual Total Time": 212.69,
          "Actual Rows": 4,
          "Actual Loops": 1,
          "Workers Planned": 3,
          "Workers Launched": 3,
          "Single Copy": false,
          "Plans": [
            {
              "Node Type": "Aggregate",
              "Strategy": "Plain",
              "Partial Mode": "Partial",
              "Parent Relationship": "Outer",
              "Parallel Aware": false,
              "Startup Cost": 46198.37,
              "Total Cost": 46198.38,
              "Plan Rows": 1,
              "Plan Width": 8,
              "Actual Startup Time": 194.501,
              "Actual Total Time": 194.503,
              "Actual Rows": 1,
              "Actual Loops": 4,
              "Plans": [
                {
                  "Node Type": "Seq Scan",
                  "Parent Relationship": "Outer",
                  "Parallel Aware": true,
                  "Relation Name": "movie_keyword",
                  "Alias": "mk",
                  "Startup Cost": 0.0,
                  "Total Cost": 42695.65,
                  "Plan Rows": 1401085,
                  "Plan Width": 0,
                  "Actual Startup Time": 0.051,
                  "Actual Total Time": 139.112,
                  "Actual Rows": 1084328,
                  "Actual Loops": 4,
                  "Filter": "(keyword_id < 71457)",
                  "Rows Removed by Filter": 46655
                }
              ]
            }
          ]
        }
      ]
    },
    "Planning Time": 0.119,
    "Triggers": [],
    "Execution Time": 212.761
  }
]