[
  {
    "Plan": {
      "Node Type": "Aggregate",
      "Strategy": "Plain",
      "Partial Mode": "Finalize",
      "Parallel Aware": false,
      "Startup Cost": 77836.6,
      "Total Cost": 77836.61,
      "Plan Rows": 1,
      "Plan Width": 8,
      "Actual Startup Time": 300.852,
      "Actual Total Time": 317.114,
      "Actual Rows": 1,
      "Actual Loops": 1,
      "Plans": [
        {
          "Node Type": "Gather",
          "Parent Relationship": "Outer",
          "Parallel Aware": false,
          "Startup Cost": 77836.28,
          "Total Cost": 77836.59,
          "Plan Rows": 3,
          "Plan Width": 8,
          "Actual Startup Time": 299.561,
          "Actual Total Time": 317.104,
          "Actual Rows": 4,
          "Actual Loops": 1,
          "Workers Planned": 3,
          "Workers Launched": 3,
          "Single Copy": false,
          "Plans": [
            {
              "Node Type": "Aggregate",
              "Strategy": "Plain",
              "Partial Mode": "Partial",
              "Parent Relationship": "Outer",
              "Parallel Aware": false,
              "Startup Cost": 76836.28,
              "Total Cost": 76836.29,
              "Plan Rows": 1,
              "Plan Width": 8,
              "Actual Startup Time": 291.218,
              "Actual Total Time": 291.221,
              "Actual Rows": 1,
              "Actual Loops": 4,
              "Plans": [
                {
                  "Node Type": "Hash Join",
                  "Parent Relationship": "Outer",
                  "Parallel Aware": true,
                  "Join Type": "Inner",
                  "Startup Cost": 47012.12,
                  "Total Cost": 76428.01,
                  "Plan Rows": 163308,
                  "Plan Width": 0,
                  "Actual Startup Time": 131.586,
                  "Actual Total Time": 287.746,
                  "Actual Rows": 75697,
                  "Actual Loops": 4,
                  "Inner Unique": true,
                  "Hash Cond": "(mc.movie_id = t.id)",
                  "Plans": [
                    {
                      "Node Type": "Seq Scan",
                      "Parent Relationship": "Outer",
                      "Parallel Aware": true,
                      "Relation Name": "movie_companies",
                      "Alias": "mc",
                      "Startup Cost": 0.0,
                      "Total Cost": 27206.55,
                      "Plan Rows": 841655,
                      "Plan Width": 4,
                      "Actual Startup Time": 0.021,
                      "Actual Total Time": 56.622,
                      "Actual Rows": 652282,
                      "Actual Loops": 4
                    },
                    {
                      "Node Type": "Hash",
                      "Parent Relationship": "Inner",
                      "Parallel Aware": true,
                      "Startup Cost": 45479.1,
                      "Total Cost": 45479.1,
                      "Plan Rows": 122642,
                      "Plan Width": 4,
                      "Actual Startup Time": 127.802,
                      "Actual Total Time": 127.803,
                      "Actual Rows": 94836,
                      "Actual Loops": 4,
                      "Hash Buckets": 524288,
                      "Original Hash Buckets": 524288,
                      "Hash Batches": 1,
                      "Original Hash Batches": 1,
                      "Peak Memory Usage": 18976,
                      "Plans": [
                        {
                          "Node Type": "Seq Scan",
                          "Parent Relationship": "Outer",
                          "Parallel Aware": true,
                          "Relation Name": "title",
                          "Alias": "t",
                          "Startup Cost": 0.0,
                          "Total Cost": 45479.1,
                          "Plan Rows": 122642,
                          "Plan Width": 4,
                          "Actual Startup Time": 0.049,
                          "Actual Total Time": 96.687,
                          "Actual Rows": 94836,
                          "Actual Loops": 4,
                          "Filter": "((production_year < 1995) AND (kind_id = 7))",
                          "Rows Removed by Filter": 537242
                        }
                      ]
                    }
                  ]
                }
              ]
            }
          ]
        }
      ]
    },
    "Planning Time": 0.622,
    "Triggers": [],
    "Execution Time": 317.184
  }
]