[
  {
    "Plan": {
      "Node Type": "Aggregate",
      "Strategy": "Plain",
      "Partial Mode": "Finalize",
      "Parallel Aware": false,
      "Startup Cost": 82618.07,
      "Total Cost": 82618.08,
      "Plan Rows": 1,
      "Plan Width": 8,
      "Actual Startup Time": 345.138,
      "Actual Total Time": 359.267,
      "Actual Rows": 1,
      "Actual Loops": 1,
      "Plans": [
        {
          "Node Type": "Gather",
          "Parent Relationship": "Outer",
          "Parallel Aware": false,
          "Startup Cost": 82617.65,
          "Total Cost": 82618.06,
          "Plan Rows": 4,
          "Plan Width": 8,
          "Actual Startup Time": 340.621,
          "Actual Total Time": 359.254,
          "Actual Rows": 5,
          "Actual Loops": 1,
          "Workers Planned": 4,
          "Workers Launched": 4,
          "Single Copy": false,
          "Plans": [
            {
              "Node Type": "Aggregate",
              "Strategy": "Plain",
              "Partial Mode": "Partial",
              "Parent Relationship": "Outer",
              "Parallel Aware": false,
              "Startup Cost": 81617.65,
              "Total Cost": 81617.66,
              "Plan Rows": 1,
              "Plan Width": 8,
              "Actual Startup Time": 330.734,
              "Actual Total Time": 330.738,
              "Actual Rows": 1,
              "Actual Loops": 5,
              "Plans": [
                {
                  "Node Type": "Hash Join",
                  "Parent Relationship": "Outer",
                  "Parallel Aware": true,
                  "Join Type": "Inner",
                  "Startup Cost": 34900.97,
                  "Total Cost": 81077.3,
                  "Plan Rows": 216141,
                  "Plan Width": 0,
                  "Actual Startup Time": 125.447,
                  "Actual Total Time": 324.723,
                  "Actual Rows": 109430,
                  "Actual Loops": 5,
                  "Inner Unique": false,
                  "Hash Cond": "(t.id = mc.movie_id)",
                  "Plans": [
                    {
                      "Node Type": "Seq Scan",
                      "Parent Relationship": "Outer",
                      "Parallel Aware": true,
                      "Relation Name": "title",
                      "Alias": "t",
                      "Startup Cost": 0.0,
                      "Total Cost": 42318.73,
                      "Plan Rows": 632073,
                      "Plan Width": 4,
                      "Actual Startup Time": 0.012,
                      "Actual Total Time": 70.266,
                      "Actual Rows": 505662,
                      "Actual Loops": 5
                    },
                    {
                      "Node Type": "Hash",
                      "Parent Relationship": "Inner",
                      "Parallel Aware": true,
                      "Startup Cost": 31414.82,
                      "Total Cost": 31414.82,
                      "Plan Rows": 278892,
                      "Plan Width": 4,
                      "Actual Startup Time": 121.178,
                      "Actual Total Time": 121.179,
                      "Actual Rows": 109430,
                      "Actual Loops": 5,
                      "Hash Buckets": 1048576,
                      "Original Hash Buckets": 1048576,
                      "Hash Batches": 1,
                      "Original Hash Batches": 1,
                      "Peak Memory Usage": 29696,
                      "Plans": [
                        {
                          "Node Type": "Seq Scan",
                          "Parent Relationship": "Outer",
                          "Parallel Aware": true,
                          "Relation Name": "movie_companies",
                          "Alias": "mc",
                          "Startup Cost": 0.0,
                          "Total Cost": 31414.82,
                          "Plan Rows": 278892,
                          "Plan Width": 4,
                          "Actual Startup Time": 48.739,
                          "Actual Total Time": 81.392,
                          "Actual Rows": 109430,
                          "Actual Loops": 5,
                          "Filter": "((company_id < 20291) AND (company_type_id = 2))",
                          "Rows Removed by Filter": 412396
                        }
                      ]
                    }
                  ]
                }
              ]
            }
          ]
        }
      ]
    },
    "Planning Time": 0.652,
    "Triggers": [],
    "Execution Time": 359.338
  }
]