{
  "Plan": {
    "Node Type": "Aggregate",
    "Strategy": "Plain",
    "Partial Mode": "Finalize",
    "Parallel Aware": false,
    "Startup Cost": 668972.36,
    "Total Cost": 668972.37,
    "Plan Rows": 1,
    "Plan Width": 8,
    "Actual Startup Time": 2923.179,
    "Actual Total Time": 2960.801,
    "Actual Rows": 1,
    "Actual Loops": 1,
    "Plans": [
      {
        "Node Type": "Gather",
        "Parent Relationship": "Outer",
        "Parallel Aware": false,
        "Startup Cost": 668972.25,
        "Total Cost": 668972.36,
        "Plan Rows": 1,
        "Plan Width": 8,
        "Actual Startup Time": 2918.367,
        "Actual Total Time": 2960.793,
        "Actual Rows": 2,
        "Actual Loops": 1,
        "Workers Planned": 1,
        "Workers Launched": 1,
        "Single Copy": false,
        "Plans": [
          {
            "Node Type": "Aggregate",
            "Strategy": "Plain",
            "Partial Mode": "Partial",
            "Parent Relationship": "Outer",
            "Parallel Aware": false,
            "Startup Cost": 667972.25,
            "Total Cost": 667972.26,
            "Plan Rows": 1,
            "Plan Width": 8,
            "Actual Startup Time": 2911.547,
            "Actual Total Time": 2912.435,
            "Actual Rows": 1,
            "Actual Loops": 2,
            "Plans": [
              {
                "Node Type": "Hash Join",
                "Parent Relationship": "Outer",
                "Parallel Aware": true,
                "Join Type": "Inner",
                "Startup Cost": 304495.37,
                "Total Cost": 666283.89,
                "Plan Rows": 675344,
                "Plan Width": 0,
                "Actual Startup Time": 1026.899,
                "Actual Total Time": 2813.274,
                "Actual Rows": 2387167,
                "Actual Loops": 2,
                "Inner Unique": false,
                "Hash Cond": "(ci.movie_id = t.id)",
                "Plans": [
                  {
                    "Node Type": "Bitmap Heap Scan",
                    "Parent Relationship": "Outer",
                    "Parallel Aware": true,
                    "Relation Name": "cast_info",
                    "Alias": "ci",
                    "Startup Cost": 217023.0,
                    "Total Cost": 556565.88,
                    "Plan Rows": 4872808,
                    "Plan Width": 4,
                    "Actual Startup Time": 440.227,
                    "Actual Total Time": 1167.355,
                    "Actual Rows": 4678000,
                    "Actual Loops": 2,
                    "Recheck Cond": "(person_id < 975699)",
                    "Rows Removed by Index Recheck": 0,
                    "Filter": "(role_id < 9)",
                    "Rows Removed by Filter": 277107,
                    "Exact Heap Blocks": 59702,
                    "Lossy Heap Blocks": 0,
                    "Plans": [
                      {
                        "Node Type": "Bitmap Index Scan",
                        "Parent Relationship": "Outer",
                        "Parallel Aware": false,
                        "Index Name": "person_id_cast_info",
                        "Startup Cost": 0.0,
                        "Total Cost": 214952.06,
                        "Plan Rows": 9843666,
                        "Plan Width": 0,
                        "Actual Startup Time": 419.992,
                        "Actual Total Time": 419.993,
                        "Actual Rows": 9910215,
                        "Actual Loops": 1,
                        "Index Cond": "(person_id < 975699)"
                      }
                    ]
                  },
                  {
                    "Node Type": "Hash",
                    "Parent Relationship": "Inner",
                    "Parallel Aware": true,
                    "Startup Cost": 84895.84,
                    "Total Cost": 84895.84,
                    "Plan Rows": 206122,
                    "Plan Width": 8,
                    "Actual Startup Time": 582.635,
                    "Actual Total Time": 583.52,
                    "Actual Rows": 318009,
                    "Actual Loops": 2,
                    "Hash Buckets": 1048576,
                    "Original Hash Buckets": 524288,
                    "Hash Batches": 1,
                    "Original Hash Batches": 1,
                    "Peak Memory Usage": 37216,
                    "Plans": [
                      {
                        "Node Type": "Hash Join",
                        "Parent Relationship": "Outer",
                        "Parallel Aware": true,
                        "Join Type": "Inner",
                        "Startup Cost": 65394.39,
                        "Total Cost": 84895.84,
                        "Plan Rows": 206122,
                        "Plan Width": 8,
                        "Actual Startup Time": 304.439,
                        "Actual Total Time": 497.293,
                        "Actual Rows": 318009,
                        "Actual Loops": 2,
                        "Inner Unique": true,
                        "Hash Cond": "(mi_idx.movie_id = t.id)",
                        "Plans": [
                          {
                            "Node Type": "Seq Scan",
                            "Parent Relationship": "Outer",
                            "Parallel Aware": true,
                            "Relation Name": "movie_info_idx",
                            "Alias": "mi_idx",
                            "Startup Cost": 0.0,
                            "Total Cost": 18082.32,
                            "Plan Rows": 540622,
                            "Plan Width": 4,
                            "Actual Startup Time": 0.02,
                            "Actual Total Time": 66.83,
                            "Actual Rows": 459925,
                            "Actual Loops": 2,
                            "Filter": "(info_type_id < 101)",
                            "Rows Removed by Filter": 230092
                          },
                          {
                            "Node Type": "Hash",
                            "Parent Relationship": "Inner",
                            "Parallel Aware": true,
                            "Startup Cost": 58306.47,
                            "Total Cost": 58306.47,
                            "Plan Rows": 567034,
                            "Plan Width": 4,
                            "Actual Startup Time": 299.713,
                            "Actual Total Time": 299.714,
                            "Actual Rows": 488889,
                            "Actual Loops": 2,
                            "Hash Buckets": 1048576,
                            "Original Hash Buckets": 1048576,
                            "Hash Batches": 1,
                            "Original Hash Batches": 1,
                            "Peak Memory Usage": 46464,
                            "Plans": [
                              {
                                "Node Type": "Seq Scan",
                                "Parent Relationship": "Outer",
                                "Parallel Aware": true,
                                "Relation Name": "title",
                                "Alias": "t",
                                "Startup Cost": 0.0,
                                "Total Cost": 58306.47,
                                "Plan Rows": 567034,
                                "Plan Width": 4,
                                "Actual Startup Time": 0.036,
                                "Actual Total Time": 161.803,
                                "Actual Rows": 488889,
                                "Actual Loops": 2,
                                "Filter": "((kind_id < 7) AND (production_year > 0))",
                                "Rows Removed by Filter": 775267
                              }
                            ]
                          }
                        ]
                      }
                    ]
                  }
                ]
              }
            ]
          }
        ]
      }
    ]
  },
  "Planning Time": 0.475,
  "Triggers": [],
  "Execution Time": 2960.863
}