{
  "Plan": {
    "Node Type": "Aggregate",
    "Strategy": "Plain",
    "Partial Mode": "Finalize",
    "Parallel Aware": false,
    "Startup Cost": 148691.01,
    "Total Cost": 148691.02,
    "Plan Rows": 1,
    "Plan Width": 8,
    "Actual Startup Time": 822.471,
    "Actual Total Time": 837.929,
    "Actual Rows": 1,
    "Actual Loops": 1,
    "Plans": [
      {
        "Node Type": "Gather",
        "Parent Relationship": "Outer",
        "Parallel Aware": false,
        "Startup Cost": 148690.9,
        "Total Cost": 148691.01,
        "Plan Rows": 1,
        "Plan Width": 8,
        "Actual Startup Time": 819.502,
        "Actual Total Time": 837.914,
        "Actual Rows": 2,
        "Actual Loops": 1,
        "Workers Planned": 1,
        "Workers Launched": 1,
        "Single Copy": false,
        "Plans": [
          {
            "Node Type": "Aggregate",
            "Strategy": "Plain",
            "Partial Mode": "Partial",
            "Parent Relationship": "Outer",
            "Parallel Aware": false,
            "Startup Cost": 147690.9,
            "Total Cost": 147690.91,
            "Plan Rows": 1,
            "Plan Width": 8,
            "Actual Startup Time": 814.364,
            "Actual Total Time": 815.328,
            "Actual Rows": 1,
            "Actual Loops": 2,
            "Plans": [
              {
                "Node Type": "Hash Join",
                "Parent Relationship": "Outer",
                "Parallel Aware": true,
                "Join Type": "Inner",
                "Startup Cost": 111701.51,
                "Total Cost": 147318.68,
                "Plan Rows": 148887,
                "Plan Width": 0,
                "Actual Startup Time": 628.418,
                "Actual Total Time": 811.022,
                "Actual Rows": 73336,
                "Actual Loops": 2,
                "Inner Unique": false,
                "Hash Cond": "(mk.movie_id = t.id)",
                "Plans": [
                  {
                    "Node Type": "Bitmap Heap Scan",
                    "Parent Relationship": "Outer",
                    "Parallel Aware": true,
                    "Relation Name": "movie_keyword",
                    "Alias": "mk",
                    "Startup Cost": 22829.11,
                    "Total Cost": 55196.46,
                    "Plan Rows": 633068,
                    "Plan Width": 4,
                    "Actual Startup Time": 67.013,
                    "Actual Total Time": 174.322,
                    "Actual Rows": 544098,
                    "Actual Loops": 2,
                    "Recheck Cond": "(keyword_id < 1114)",
                    "Rows Removed by Index Recheck": 0,
                    "Exact Heap Blocks": 11523,
                    "Lossy Heap Blocks": 0,
                    "Plans": [
                      {
                        "Node Type": "Bitmap Index Scan",
                        "Parent Relationship": "Outer",
                        "Parallel Aware": false,
                        "Index Name": "keyword_id_movie_keyword",
                        "Startup Cost": 0.0,
                        "Total Cost": 22560.05,
                        "Plan Rows": 1076216,
                        "Plan Width": 0,
                        "Actual Startup Time": 63.335,
                        "Actual Total Time": 63.335,
                        "Actual Rows": 1088196,
                        "Actual Loops": 1,
                        "Index Cond": "(keyword_id < 1114)"
                      }
                    ]
                  },
                  {
                    "Node Type": "Hash",
                    "Parent Relationship": "Inner",
                    "Parallel Aware": true,
                    "Startup Cost": 84500.26,
                    "Total Cost": 84500.26,
                    "Plan Rows": 349772,
                    "Plan Width": 8,
                    "Actual Startup Time": 555.778,
                    "Actual Total Time": 556.739,
                    "Actual Rows": 164350,
                    "Actual Loops": 2,
                    "Hash Buckets": 1048576,
                    "Original Hash Buckets": 1048576,
                    "Hash Batches": 1,
                    "Original Hash Batches": 1,
                    "Peak Memory Usage": 21088,
                    "Plans": [
                      {
                        "Node Type": "Hash Join",
                        "Parent Relationship": "Outer",
                        "Parallel Aware": true,
                        "Join Type": "Inner",
                        "Startup Cost": 66316.47,
                        "Total Cost": 84500.26,
                        "Plan Rows": 349772,
                        "Plan Width": 8,
                        "Actual Startup Time": 349.058,
                        "Actual Total Time": 522.282,
                        "Actual Rows": 164350,
                        "Actual Loops": 2,
                        "Inner Unique": true,
                        "Hash Cond": "(mi_idx.movie_id = t.id)",
                        "Plans": [
                          {
                            "Node Type": "Seq Scan",
                            "Parent Relationship": "Outer",
                            "Parallel Aware": true,
                            "Relation Name": "movie_info_idx",
                            "Alias": "mi_idx",
                            "Startup Cost": 0.0,
                            "Total Cost": 16052.85,
                            "Plan Rows": 811785,
                            "Plan Width": 4,
                            "Actual Startup Time": 0.02,
                            "Actual Total Time": 53.139,
                            "Actual Rows": 690018,
                            "Actual Loops": 2
                          },
                          {
                            "Node Type": "Hash",
                            "Parent Relationship": "Inner",
                            "Parallel Aware": true,
                            "Startup Cost": 58306.47,
                            "Total Cost": 58306.47,
                            "Plan Rows": 640800,
                            "Plan Width": 4,
                            "Actual Startup Time": 341.465,
                            "Actual Total Time": 341.466,
                            "Actual Rows": 522111,
                            "Actual Loops": 2,
                            "Hash Buckets": 2097152,
                            "Original Hash Buckets": 2097152,
                            "Hash Batches": 1,
                            "Original Hash Batches": 1,
                            "Peak Memory Usage": 57248,
                            "Plans": [
                              {
                                "Node Type": "Seq Scan",
                                "Parent Relationship": "Outer",
                                "Parallel Aware": true,
                                "Relation Name": "title",
                                "Alias": "t",
                                "Startup Cost": 0.0,
                                "Total Cost": 58306.47,
                                "Plan Rows": 640800,
                                "Plan Width": 4,
                                "Actual Startup Time": 0.034,
                                "Actual Total Time": 176.074,
                                "Actual Rows": 522111,
                                "Actual Loops": 2,
                                "Filter": "((production_year < 2009) AND (kind_id = 7))",
                                "Rows Removed by Filter": 742045
                              }
                            ]
                          }
                        ]
                      }
                    ]
                  }
                ]
              }
            ]
          }
        ]
      }
    ]
  },
  "Planning Time": 0.384,
  "Triggers": [],
  "Execution Time": 837.998
}