[
  {
    "Plan": {
      "Node Type": "Aggregate",
      "Strategy": "Plain",
      "Partial Mode": "Finalize",
      "Parallel Aware": false,
      "Startup Cost": 72643.42,
      "Total Cost": 72643.43,
      "Plan Rows": 1,
      "Plan Width": 8,
      "Actual Startup Time": 107.657,
      "Actual Total Time": 121.763,
      "Actual Rows": 1,
      "Actual Loops": 1,
      "Plans": [
        {
          "Node Type": "Gather",
          "Parent Relationship": "Outer",
          "Parallel Aware": false,
          "Startup Cost": 72643.0,
          "Total Cost": 72643.41,
          "Plan Rows": 4,
          "Plan Width": 8,
          "Actual Startup Time": 107.54,
          "Actual Total Time": 121.754,
          "Actual Rows": 5,
          "Actual Loops": 1,
          "Workers Planned": 4,
          "Workers Launched": 4,
          "Single Copy": false,
          "Plans": [
            {
              "Node Type": "Aggregate",
              "Strategy": "Plain",
              "Partial Mode": "Partial",
              "Parent Relationship": "Outer",
              "Parallel Aware": false,
              "Startup Cost": 71643.0,
              "Total Cost": 71643.01,
              "Plan Rows": 1,
              "Plan Width": 8,
              "Actual Startup Time": 98.439,
              "Actual Total Time": 98.441,
              "Actual Rows": 1,
              "Actual Loops": 5,
              "Plans": [
                {
                  "Node Type": "Nested Loop",
                  "Parent Relationship": "Outer",
                  "Parallel Aware": false,
                  "Join Type": "Inner",
                  "Startup Cost": 0.43,
                  "Total Cost": 71635.71,
                  "Plan Rows": 2918,
                  "Plan Width": 0,
                  "Actual Startup Time": 0.879,
                  "Actual Total Time": 98.329,
                  "Actual Rows": 1186,
                  "Actual Loops": 5,
                  "Inner Unique": false,
                  "Plans": [
                    {
                      "Node Type": "Seq Scan",
                      "Parent Relationship": "Outer",
                      "Parallel Aware": true,
                      "Relation Name": "title",
                      "Alias": "t",
                      "Startup Cost": 0.0,
                      "Total Cost": 45479.1,
                      "Plan Rows": 3388,
                      "Plan Width": 4,
                      "Actual Startup Time": 0.097,
                      "Actual Total Time": 82.746,
                      "Actual Rows": 2207,
                      "Actual Loops": 5,
                      "Filter": "((kind_id > 1) AND (production_year = 1983))",
                      "Rows Removed by Filter": 503456
                    },
                    {
                      "Node Type": "Index Scan",
                      "Parent Relationship": "Inner",
                      "Parallel Aware": false,
                      "Scan Direction": "Forward",
                      "Index Name": "movie_id_movie_keyword",
                      "Relation Name": "movie_keyword",
                      "Alias": "mk",
                      "Startup Cost": 0.43,
                      "Total Cost": 7.5,
                      "Plan Rows": 22,
                      "Plan Width": 4,
                      "Actual Startup Time": 0.006,
                      "Actual Total Time": 0.006,
                      "Actual Rows": 1,
                      "Actual Loops": 11034,
                      "Index Cond": "(movie_id = t.id)",
                      "Rows Removed by Index Recheck": 0,
                      "Filter": "(keyword_id < 4297)",
                      "Rows Removed by Filter": 1
                    }
                  ]
                }
              ]
            }
          ]
        }
      ]
    },
    "Planning Time": 0.648,
    "Triggers": [],
    "Execution Time": 121.835
  }
]