[
  {
    "Plan": {
      "Node Type": "Aggregate",
      "Strategy": "Plain",
      "Partial Mode": "Finalize",
      "Parallel Aware": false,
      "Startup Cost": 97313.43,
      "Total Cost": 97313.44,
      "Plan Rows": 1,
      "Plan Width": 8,
      "Actual Startup Time": 565.293,
      "Actual Total Time": 582.632,
      "Actual Rows": 1,
      "Actual Loops": 1,
      "Plans": [
        {
          "Node Type": "Gather",
          "Parent Relationship": "Outer",
          "Parallel Aware": false,
          "Startup Cost": 97313.12,
          "Total Cost": 97313.43,
          "Plan Rows": 3,
          "Plan Width": 8,
          "Actual Startup Time": 561.241,
          "Actual Total Time": 582.62,
          "Actual Rows": 4,
          "Actual Loops": 1,
          "Workers Planned": 3,
          "Workers Launched": 3,
          "Single Copy": false,
          "Plans": [
            {
              "Node Type": "Aggregate",
              "Strategy": "Plain",
              "Partial Mode": "Partial",
              "Parent Relationship": "Outer",
              "Parallel Aware": false,
              "Startup Cost": 96313.12,
              "Total Cost": 96313.13,
              "Plan Rows": 1,
              "Plan Width": 8,
              "Actual Startup Time": 552.234,
              "Actual Total Time": 552.807,
              "Actual Rows": 1,
              "Actual Loops": 4,
              "Plans": [
                {
                  "Node Type": "Hash Join",
                  "Parent Relationship": "Outer",
                  "Parallel Aware": true,
                  "Join Type": "Inner",
                  "Startup Cost": 64242.51,
                  "Total Cost": 96119.91,
                  "Plan Rows": 77281,
                  "Plan Width": 0,
                  "Actual Startup Time": 345.582,
                  "Actual Total Time": 532.365,
                  "Actual Rows": 454616,
                  "Actual Loops": 4,
                  "Inner Unique": false,
                  "Hash Cond": "(mc.movie_id = t.id)",
                  "Plans": [
                    {
                      "Node Type": "Seq Scan",
                      "Parent Relationship": "Outer",
                      "Parallel Aware": true,
                      "Relation Name": "movie_companies",
                      "Alias": "mc",
                      "Startup Cost": 0.0,
                      "Total Cost": 29310.68,
                      "Plan Rows": 598593,
                      "Plan Width": 4,
                      "Actual Startup Time": 0.458,
                      "Actual Total Time": 75.749,
                      "Actual Rows": 465353,
                      "Actual Loops": 4,
                      "Filter": "(company_id > 1451)",
                      "Rows Removed by Filter": 186929
                    },
                    {
                      "Node Type": "Hash",
                      "Parent Relationship": "Inner",
                      "Parallel Aware": true,
                      "Startup Cost": 62542.43,
                      "Total Cost": 62542.43,
                      "Plan Rows": 136006,
                      "Plan Width": 8,
                      "Actual Startup Time": 341.604,
                      "Actual Total Time": 342.176,
                      "Actual Rows": 176928,
                      "Actual Loops": 4,
                      "Hash Buckets": 1048576,
                      "Original Hash Buckets": 524288,
                      "Hash Batches": 1,
                      "Original Hash Batches": 1,
                      "Peak Memory Usage": 40032,
                      "Plans": [
                        {
                          "Node Type": "Hash Join",
                          "Parent Relationship": "Outer",
                          "Parallel Aware": true,
                          "Join Type": "Inner",
                          "Startup Cost": 47347.87,
                          "Total Cost": 62542.43,
                          "Plan Rows": 136006,
                          "Plan Width": 8,
                          "Actual Startup Time": 182.485,
                          "Actual Total Time": 285.598,
                          "Actual Rows": 176928,
                          "Actual Loops": 4,
                          "Inner Unique": true,
                          "Hash Cond": "(mi_idx.movie_id = t.id)",
                          "Plans": [
                            {
                              "Node Type": "Seq Scan",
                              "Parent Relationship": "Outer",
                              "Parallel Aware": true,
                              "Relation Name": "movie_info_idx",
                              "Alias": "mi_idx",
                              "Startup Cost": 0.0,
                              "Total Cost": 13685.15,
                              "Plan Rows": 575015,
                              "Plan Width": 4,
                              "Actual Startup Time": 0.024,
                              "Actual Total Time": 30.882,
                              "Actual Rows": 345009,
                              "Actual Loops": 4
                            },
                            {
                              "Node Type": "Hash",
                              "Parent Relationship": "Inner",
                              "Parallel Aware": true,
                              "Startup Cost": 45479.1,
                              "Total Cost": 45479.1,
                              "Plan Rows": 149502,
                              "Plan Width": 4,
                              "Actual Startup Time": 179.184,
                              "Actual Total Time": 179.185,
                              "Actual Rows": 166486,
                              "Actual Loops": 4,
                              "Hash Buckets": 1048576,
                              "Original Hash Buckets": 1048576,
                              "Hash Batches": 1,
                              "Original Hash Batches": 1,
                              "Peak Memory Usage": 34336,
                              "Plans": [
                                {
                                  "Node Type": "Seq Scan",
                                  "Parent Relationship": "Outer",
                                  "Parallel Aware": true,
                                  "Relation Name": "title",
                                  "Alias": "t",
                                  "Startup Cost": 0.0,
                                  "Total Cost": 45479.1,
                                  "Plan Rows": 149502,
                                  "Plan Width": 4,
                                  "Actual Startup Time": 0.055,
                                  "Actual Total Time": 111.317,
                                  "Actual Rows": 166486,
                                  "Actual Loops": 4,
                                  "Filter": "((kind_id < 6) AND (production_year < 2007))",
                                  "Rows Removed by Filter": 465592
                                }
                              ]
                            }
                          ]
                        }
                      ]
                    }
                  ]
                }
              ]
            }
          ]
        }
      ]
    },
    "Planning Time": 1.463,
    "Triggers": [],
    "Execution Time": 582.72
  }
]