{
  "Plan": {
    "Node Type": "Aggregate",
    "Strategy": "Plain",
    "Partial Mode": "Finalize",
    "Parallel Aware": false,
    "Startup Cost": 421940.34,
    "Total Cost": 421940.35,
    "Plan Rows": 1,
    "Plan Width": 8,
    "Actual Startup Time": 5217.799,
    "Actual Total Time": 5281.21,
    "Actual Rows": 1,
    "Actual Loops": 1,
    "Plans": [
      {
        "Node Type": "Gather",
        "Parent Relationship": "Outer",
        "Parallel Aware": false,
        "Startup Cost": 421940.23,
        "Total Cost": 421940.34,
        "Plan Rows": 1,
        "Plan Width": 8,
        "Actual Startup Time": 5209.165,
        "Actual Total Time": 5281.198,
        "Actual Rows": 2,
        "Actual Loops": 1,
        "Workers Planned": 1,
        "Workers Launched": 1,
        "Single Copy": false,
        "Plans": [
          {
            "Node Type": "Aggregate",
            "Strategy": "Plain",
            "Partial Mode": "Partial",
            "Parent Relationship": "Outer",
            "Parallel Aware": false,
            "Startup Cost": 420940.23,
            "Total Cost": 420940.24,
            "Plan Rows": 1,
            "Plan Width": 8,
            "Actual Startup Time": 5203.09,
            "Actual Total Time": 5203.415,
            "Actual Rows": 1,
            "Actual Loops": 2,
            "Plans": [
              {
                "Node Type": "Hash Join",
                "Parent Relationship": "Outer",
                "Parallel Aware": true,
                "Join Type": "Inner",
                "Startup Cost": 119603.74,
                "Total Cost": 415043.99,
                "Plan Rows": 2358495,
                "Plan Width": 0,
                "Actual Startup Time": 915.045,
                "Actual Total Time": 4312.23,
                "Actual Rows": 18339257,
                "Actual Loops": 2,
                "Inner Unique": false,
                "Hash Cond": "(mi.movie_id = t.id)",
                "Plans": [
                  {
                    "Node Type": "Seq Scan",
                    "Parent Relationship": "Outer",
                    "Parallel Aware": true,
                    "Relation Name": "movie_info",
                    "Alias": "mi",
                    "Startup Cost": 0.0,
                    "Total Cost": 248955.74,
                    "Plan Rows": 8696274,
                    "Plan Width": 4,
                    "Actual Startup Time": 0.02,
                    "Actual Total Time": 727.994,
                    "Actual Rows": 7417860,
                    "Actual Loops": 2
                  },
                  {
                    "Node Type": "Hash",
                    "Parent Relationship": "Inner",
                    "Parallel Aware": true,
                    "Startup Cost": 114561.89,
                    "Total Cost": 114561.89,
                    "Plan Rows": 403348,
                    "Plan Width": 8,
                    "Actual Startup Time": 904.944,
                    "Actual Total Time": 905.267,
                    "Actual Rows": 336334,
                    "Actual Loops": 2,
                    "Hash Buckets": 1048576,
                    "Original Hash Buckets": 1048576,
                    "Hash Batches": 1,
                    "Original Hash Batches": 1,
                    "Peak Memory Usage": 34528,
                    "Plans": [
                      {
                        "Node Type": "Hash Join",
                        "Parent Relationship": "Outer",
                        "Parallel Aware": true,
                        "Join Type": "Inner",
                        "Startup Cost": 84007.24,
                        "Total Cost": 114561.89,
                        "Plan Rows": 403348,
                        "Plan Width": 8,
                        "Actual Startup Time": 631.148,
                        "Actual Total Time": 820.149,
                        "Actual Rows": 336334,
                        "Actual Loops": 2,
                        "Inner Unique": true,
                        "Hash Cond": "(mk.movie_id = t.id)",
                        "Plans": [
                          {
                            "Node Type": "Bitmap Heap Scan",
                            "Parent Relationship": "Outer",
                            "Parallel Aware": true,
                            "Relation Name": "movie_keyword",
                            "Alias": "mk",
                            "Startup Cost": 14546.55,
                            "Total Cost": 44042.4,
                            "Plan Rows": 403348,
                            "Plan Width": 4,
                            "Actual Startup Time": 41.07,
                            "Actual Total Time": 131.332,
                            "Actual Rows": 336334,
                            "Actual Loops": 2,
                            "Recheck Cond": "(keyword_id > 27886)",
                            "Rows Removed by Index Recheck": 0,
                            "Exact Heap Blocks": 15173,
                            "Lossy Heap Blocks": 0,
                            "Plans": [
                              {
                                "Node Type": "Bitmap Index Scan",
                                "Parent Relationship": "Outer",
                                "Parallel Aware": false,
                                "Index Name": "keyword_id_movie_keyword",
                                "Startup Cost": 0.0,
                                "Total Cost": 14375.12,
                                "Plan Rows": 685692,
                                "Plan Width": 0,
                                "Actual Startup Time": 37.557,
                                "Actual Total Time": 37.558,
                                "Actual Rows": 672667,
                                "Actual Loops": 1,
                                "Index Cond": "(keyword_id > 27886)"
                              }
                            ]
                          },
                          {
                            "Node Type": "Hash",
                            "Parent Relationship": "Inner",
                            "Parallel Aware": true,
                            "Startup Cost": 50870.31,
                            "Total Cost": 50870.31,
                            "Plan Rows": 1487231,
                            "Plan Width": 4,
                            "Actual Startup Time": 574.192,
                            "Actual Total Time": 574.192,
                            "Actual Rows": 1264156,
                            "Actual Loops": 2,
                            "Hash Buckets": 4194304,
                            "Original Hash Buckets": 4194304,
                            "Hash Batches": 1,
                            "Original Hash Batches": 1,
                            "Peak Memory Usage": 131712,
                            "Plans": [
                              {
                                "Node Type": "Seq Scan",
                                "Parent Relationship": "Outer",
                                "Parallel Aware": true,
                                "Relation Name": "title",
                                "Alias": "t",
                                "Startup Cost": 0.0,
                                "Total Cost": 50870.31,
                                "Plan Rows": 1487231,
                                "Plan Width": 4,
                                "Actual Startup Time": 0.034,
                                "Actual Total Time": 178.75,
                                "Actual Rows": 1264156,
                                "Actual Loops": 2
                              }
                            ]
                          }
                        ]
                      }
                    ]
                  }
                ]
              }
            ]
          }
        ]
      }
    ]
  },
  "Planning Time": 0.899,
  "Triggers": [],
  "Execution Time": 5281.321
}