{
  "Plan": {
    "Node Type": "Aggregate",
    "Strategy": "Plain",
    "Partial Mode": "Finalize",
    "Parallel Aware": false,
    "Startup Cost": 157423.01,
    "Total Cost": 157423.02,
    "Plan Rows": 1,
    "Plan Width": 8,
    "Actual Startup Time": 525.489,
    "Actual Total Time": 537.581,
    "Actual Rows": 1,
    "Actual Loops": 1,
    "Plans": [
      {
        "Node Type": "Gather",
        "Parent Relationship": "Outer",
        "Parallel Aware": false,
        "Startup Cost": 157422.9,
        "Total Cost": 157423.01,
        "Plan Rows": 1,
        "Plan Width": 8,
        "Actual Startup Time": 506.399,
        "Actual Total Time": 537.572,
        "Actual Rows": 2,
        "Actual Loops": 1,
        "Workers Planned": 1,
        "Workers Launched": 1,
        "Single Copy": false,
        "Plans": [
          {
            "Node Type": "Aggregate",
            "Strategy": "Plain",
            "Partial Mode": "Partial",
            "Parent Relationship": "Outer",
            "Parallel Aware": false,
            "Startup Cost": 156422.9,
            "Total Cost": 156422.91,
            "Plan Rows": 1,
            "Plan Width": 8,
            "Actual Startup Time": 510.8,
            "Actual Total Time": 510.808,
            "Actual Rows": 1,
            "Actual Loops": 2,
            "Plans": [
              {
                "Node Type": "Merge Join",
                "Parent Relationship": "Outer",
                "Parallel Aware": false,
                "Join Type": "Inner",
                "Startup Cost": 153766.38,
                "Total Cost": 156375.06,
                "Plan Rows": 19135,
                "Plan Width": 0,
                "Actual Startup Time": 478.931,
                "Actual Total Time": 510.581,
                "Actual Rows": 5151,
                "Actual Loops": 2,
                "Inner Unique": false,
                "Merge Cond": "(t.id = mc.movie_id)",
                "Plans": [
                  {
                    "Node Type": "Sort",
                    "Parent Relationship": "Outer",
                    "Parallel Aware": false,
                    "Startup Cost": 91818.42,
                    "Total Cost": 92171.78,
                    "Plan Rows": 141345,
                    "Plan Width": 8,
                    "Actual Startup Time": 349.425,
                    "Actual Total Time": 351.833,
                    "Actual Rows": 70180,
                    "Actual Loops": 2,
                    "Sort Key": [
                      "mi_idx.movie_id"
                    ],
                    "Sort Method": "quicksort",
                    "Sort Space Used": 6578,
                    "Sort Space Type": "Memory",
                    "Workers": [
                      {
                        "Worker Number": 0,
                        "Sort Method": "quicksort",
                        "Sort Space Used": 6146,
                        "Sort Space Type": "Memory"
                      }
                    ],
                    "Plans": [
                      {
                        "Node Type": "Hash Join",
                        "Parent Relationship": "Outer",
                        "Parallel Aware": true,
                        "Join Type": "Inner",
                        "Startup Cost": 61543.37,
                        "Total Cost": 79727.16,
                        "Plan Rows": 141345,
                        "Plan Width": 8,
                        "Actual Startup Time": 203.587,
                        "Actual Total Time": 337.465,
                        "Actual Rows": 70180,
                        "Actual Loops": 2,
                        "Inner Unique": true,
                        "Hash Cond": "(mi_idx.movie_id = t.id)",
                        "Plans": [
                          {
                            "Node Type": "Seq Scan",
                            "Parent Relationship": "Outer",
                            "Parallel Aware": true,
                            "Relation Name": "movie_info_idx",
                            "Alias": "mi_idx",
                            "Startup Cost": 0.0,
                            "Total Cost": 16052.85,
                            "Plan Rows": 811785,
                            "Plan Width": 4,
                            "Actual Startup Time": 0.019,
                            "Actual Total Time": 49.164,
                            "Actual Rows": 690018,
                            "Actual Loops": 2
                          },
                          {
                            "Node Type": "Hash",
                            "Parent Relationship": "Inner",
                            "Parallel Aware": true,
                            "Startup Cost": 58306.47,
                            "Total Cost": 58306.47,
                            "Plan Rows": 258952,
                            "Plan Width": 4,
                            "Actual Startup Time": 199.083,
                            "Actual Total Time": 199.084,
                            "Actual Rows": 153485,
                            "Actual Loops": 2,
                            "Hash Buckets": 524288,
                            "Original Hash Buckets": 524288,
                            "Hash Batches": 1,
                            "Original Hash Batches": 1,
                            "Peak Memory Usage": 16160,
                            "Plans": [
                              {
                                "Node Type": "Seq Scan",
                                "Parent Relationship": "Outer",
                                "Parallel Aware": true,
                                "Relation Name": "title",
                                "Alias": "t",
                                "Startup Cost": 0.0,
                                "Total Cost": 58306.47,
                                "Plan Rows": 258952,
                                "Plan Width": 4,
                                "Actual Startup Time": 0.03,
                                "Actual Total Time": 148.124,
                                "Actual Rows": 153485,
                                "Actual Loops": 2,
                                "Filter": "((kind_id > 1) AND (production_year < 1986))",
                                "Rows Removed by Filter": 1110671
                              }
                            ]
                          }
                        ]
                      }
                    ]
                  },
                  {
                    "Node Type": "Sort",
                    "Parent Relationship": "Inner",
                    "Parallel Aware": false,
                    "Startup Cost": 61947.94,
                    "Total Cost": 62803.61,
                    "Plan Rows": 342268,
                    "Plan Width": 4,
                    "Actual Startup Time": 125.69,
                    "Actual Total Time": 137.615,
                    "Actual Rows": 347190,
                    "Actual Loops": 2,
                    "Sort Key": [
                      "mc.movie_id"
                    ],
                    "Sort Method": "quicksort",
                    "Sort Space Used": 28411,
                    "Sort Space Type": "Memory",
                    "Workers": [
                      {
                        "Worker Number": 0,
                        "Sort Method": "quicksort",
                        "Sort Space Used": 28411,
                        "Sort Space Type": "Memory"
                      }
                    ],
                    "Plans": [
                      {
                        "Node Type": "Bitmap Heap Scan",
                        "Parent Relationship": "Outer",
                        "Parallel Aware": false,
                        "Relation Name": "movie_companies",
                        "Alias": "mc",
                        "Startup Cost": 7417.01,
                        "Total Cost": 30485.36,
                        "Plan Rows": 342268,
                        "Plan Width": 4,
                        "Actual Startup Time": 14.723,
                        "Actual Total Time": 61.248,
                        "Actual Rows": 343942,
                        "Actual Loops": 2,
                        "Recheck Cond": "(company_id > 88883)",
                        "Rows Removed by Index Recheck": 0,
                        "Exact Heap Blocks": 5178,
                        "Lossy Heap Blocks": 0,
                        "Plans": [
                          {
                            "Node Type": "Bitmap Index Scan",
                            "Parent Relationship": "Outer",
                            "Parallel Aware": false,
                            "Index Name": "company_id_movie_companies",
                            "Startup Cost": 0.0,
                            "Total Cost": 7331.44,
                            "Plan Rows": 342268,
                            "Plan Width": 0,
                            "Actual Startup Time": 14.163,
                            "Actual Total Time": 14.163,
                            "Actual Rows": 343942,
                            "Actual Loops": 2,
                            "Index Cond": "(company_id > 88883)"
                          }
                        ]
                      }
                    ]
                  }
                ]
              }
            ]
          }
        ]
      }
    ]
  },
  "Planning Time": 0.667,
  "Triggers": [],
  "Execution Time": 537.679
}