[
  {
    "Plan": {
      "Node Type": "Aggregate",
      "Strategy": "Plain",
      "Partial Mode": "Finalize",
      "Parallel Aware": false,
      "Startup Cost": 102244.72,
      "Total Cost": 102244.73,
      "Plan Rows": 1,
      "Plan Width": 8,
      "Actual Startup Time": 695.175,
      "Actual Total Time": 711.407,
      "Actual Rows": 1,
      "Actual Loops": 1,
      "Plans": [
        {
          "Node Type": "Gather",
          "Parent Relationship": "Outer",
          "Parallel Aware": false,
          "Startup Cost": 102244.51,
          "Total Cost": 102244.72,
          "Plan Rows": 2,
          "Plan Width": 8,
          "Actual Startup Time": 690.169,
          "Actual Total Time": 711.396,
          "Actual Rows": 3,
          "Actual Loops": 1,
          "Workers Planned": 2,
          "Workers Launched": 2,
          "Single Copy": false,
          "Plans": [
            {
              "Node Type": "Aggregate",
              "Strategy": "Plain",
              "Partial Mode": "Partial",
              "Parent Relationship": "Outer",
              "Parallel Aware": false,
              "Startup Cost": 101244.51,
              "Total Cost": 101244.52,
              "Plan Rows": 1,
              "Plan Width": 8,
              "Actual Startup Time": 682.117,
              "Actual Total Time": 682.284,
              "Actual Rows": 1,
              "Actual Loops": 3,
              "Plans": [
                {
                  "Node Type": "Hash Join",
                  "Parent Relationship": "Outer",
                  "Parallel Aware": true,
                  "Join Type": "Inner",
                  "Startup Cost": 84339.84,
                  "Total Cost": 100712.9,
                  "Plan Rows": 212645,
                  "Plan Width": 0,
                  "Actual Startup Time": 553.677,
                  "Actual Total Time": 672.398,
                  "Actual Rows": 254528,
                  "Actual Loops": 3,
                  "Inner Unique": false,
                  "Hash Cond": "(mi_idx.movie_id = t.id)",
                  "Plans": [
                    {
                      "Node Type": "Seq Scan",
                      "Parent Relationship": "Outer",
                      "Parallel Aware": true,
                      "Relation Name": "movie_info_idx",
                      "Alias": "mi_idx",
                      "Startup Cost": 0.0,
                      "Total Cost": 13685.15,
                      "Plan Rows": 575015,
                      "Plan Width": 4,
                      "Actual Startup Time": 0.032,
                      "Actual Total Time": 34.891,
                      "Actual Rows": 460012,
                      "Actual Loops": 3
                    },
                    {
                      "Node Type": "Hash",
                      "Parent Relationship": "Inner",
                      "Parallel Aware": true,
                      "Startup Cost": 81418.02,
                      "Total Cost": 81418.02,
                      "Plan Rows": 233745,
                      "Plan Width": 8,
                      "Actual Startup Time": 547.42,
                      "Actual Total Time": 547.585,
                      "Actual Rows": 206028,
                      "Actual Loops": 3,
                      "Hash Buckets": 1048576,
                      "Original Hash Buckets": 1048576,
                      "Hash Batches": 1,
                      "Original Hash Batches": 1,
                      "Peak Memory Usage": 32448,
                      "Plans": [
                        {
                          "Node Type": "Hash Join",
                          "Parent Relationship": "Outer",
                          "Parallel Aware": true,
                          "Join Type": "Inner",
                          "Startup Cost": 35184.91,
                          "Total Cost": 81418.02,
                          "Plan Rows": 233745,
                          "Plan Width": 8,
                          "Actual Startup Time": 168.03,
                          "Actual Total Time": 481.301,
                          "Actual Rows": 206028,
                          "Actual Loops": 3,
                          "Inner Unique": false,
                          "Hash Cond": "(t.id = mc.movie_id)",
                          "Plans": [
                            {
                              "Node Type": "Seq Scan",
                              "Parent Relationship": "Outer",
                              "Parallel Aware": true,
                              "Relation Name": "title",
                              "Alias": "t",
                              "Startup Cost": 0.0,
                              "Total Cost": 42318.73,
                              "Plan Rows": 632073,
                              "Plan Width": 4,
                              "Actual Startup Time": 0.009,
                              "Actual Total Time": 93.323,
                              "Actual Rows": 842771,
                              "Actual Loops": 3
                            },
                            {
                              "Node Type": "Hash",
                              "Parent Relationship": "Inner",
                              "Parallel Aware": true,
                              "Startup Cost": 31414.82,
                              "Total Cost": 31414.82,
                              "Plan Rows": 301607,
                              "Plan Width": 4,
                              "Actual Startup Time": 164.434,
                              "Actual Total Time": 164.435,
                              "Actual Rows": 206028,
                              "Actual Loops": 3,
                              "Hash Buckets": 1048576,
                              "Original Hash Buckets": 1048576,
                              "Hash Batches": 1,
                              "Original Hash Batches": 1,
                              "Peak Memory Usage": 32416,
                              "Plans": [
                                {
                                  "Node Type": "Seq Scan",
                                  "Parent Relationship": "Outer",
                                  "Parallel Aware": true,
                                  "Relation Name": "movie_companies",
                                  "Alias": "mc",
                                  "Startup Cost": 0.0,
                                  "Total Cost": 31414.82,
                                  "Plan Rows": 301607,
                                  "Plan Width": 4,
                                  "Actual Startup Time": 55.028,
                                  "Actual Total Time": 101.626,
                                  "Actual Rows": 206028,
                                  "Actual Loops": 3,
                                  "Filter": "((company_id < 32446) AND (company_type_id = 2))",
                                  "Rows Removed by Filter": 663682
                                }
                              ]
                            }
                          ]
                        }
                      ]
                    }
                  ]
                }
              ]
            }
          ]
        }
      ]
    },
    "Planning Time": 1.458,
    "Triggers": [],
    "Execution Time": 711.494
  }
]