{
    "Plan": {
        "Node Type": "Aggregate",
        "Strategy": "Plain",
        "Partial Mode": "Simple",
        "Parallel Aware": false,
        "Startup Cost": 30001058147.69,
        "Total Cost": 30001058147.7,
        "Plan Rows": 1,
        "Plan Width": 64,
        "Actual Startup Time": 5509.009,
        "Actual Total Time": 5576.307,
        "Actual Rows": 1,
        "Actual Loops": 1,
        "Output": [
            "min(mi_idx.info)",
            "min(t.title)"
        ],
        "Plans": [
            {
                "Node Type": "Nested Loop",
                "Parent Relationship": "Outer",
                "Parallel Aware": false,
                "Join Type": "Inner",
                "Startup Cost": 30001058139.6,
                "Total Cost": 30001058147.68,
                "Plan Rows": 1,
                "Plan Width": 22,
                "Actual Startup Time": 5508.798,
                "Actual Total Time": 5576.291,
                "Actual Rows": 1,
                "Actual Loops": 1,
                "Output": [
                    "mi_idx.info",
                    "t.title"
                ],
                "Inner Unique": true,
                "Plans": [
                    {
                        "Node Type": "Hash Join",
                        "Parent Relationship": "Outer",
                        "Parallel Aware": false,
                        "Join Type": "Inner",
                        "Startup Cost": 20001058139.45,
                        "Total Cost": 20001058139.5,
                        "Plan Rows": 1,
                        "Plan Width": 26,
                        "Actual Startup Time": 5508.758,
                        "Actual Total Time": 5576.227,
                        "Actual Rows": 2,
                        "Actual Loops": 1,
                        "Output": [
                            "mi_idx.info",
                            "mi.info_type_id",
                            "t.title"
                        ],
                        "Inner Unique": false,
                        "Hash Cond": "(mk.keyword_id = k.id)",
                        "Plans": [
                            {
                                "Node Type": "Merge Join",
                                "Parent Relationship": "Outer",
                                "Parallel Aware": false,
                                "Join Type": "Inner",
                                "Startup Cost": 10001055513.3,
                                "Total Cost": 10001055513.33,
                                "Plan Rows": 2,
                                "Plan Width": 30,
                                "Actual Startup Time": 5480.14,
                                "Actual Total Time": 5547.814,
                                "Actual Rows": 599,
                                "Actual Loops": 1,
                                "Output": [
                                    "mi_idx.info",
                                    "mi.info_type_id",
                                    "mk.keyword_id",
                                    "t.title"
                                ],
                                "Inner Unique": true,
                                "Merge Cond": "(mi_idx.info_type_id = it2.id)",
                                "Plans": [
                                    {
                                        "Node Type": "Sort",
                                        "Parent Relationship": "Outer",
                                        "Parallel Aware": false,
                                        "Startup Cost": 10001055499.18,
                                        "Total Cost": 10001055499.19,
                                        "Plan Rows": 5,
                                        "Plan Width": 34,
                                        "Actual Startup Time": 5479.991,
                                        "Actual Total Time": 5547.393,
                                        "Actual Rows": 757,
                                        "Actual Loops": 1,
                                        "Output": [
                                            "t.title",
                                            "mi.info_type_id",
                                            "mi_idx.info",
                                            "mi_idx.info_type_id",
                                            "mk.keyword_id"
                                        ],
                                        "Sort Key": [
                                            "mi_idx.info_type_id"
                                        ],
                                        "Sort Method": "quicksort",
                                        "Sort Space Used": 84,
                                        "Sort Space Type": "Memory",
                                        "Plans": [
                                            {
                                                "Node Type": "Hash Join",
                                                "Parent Relationship": "Outer",
                                                "Parallel Aware": false,
                                                "Join Type": "Inner",
                                                "Startup Cost": 10001055494.54,
                                                "Total Cost": 10001055499.12,
                                                "Plan Rows": 5,
                                                "Plan Width": 34,
                                                "Actual Startup Time": 5479.217,
                                                "Actual Total Time": 5546.81,
                                                "Actual Rows": 757,
                                                "Actual Loops": 1,
                                                "Output": [
                                                    "t.title",
                                                    "mi.info_type_id",
                                                    "mi_idx.info",
                                                    "mi_idx.info_type_id",
                                                    "mk.keyword_id"
                                                ],
                                                "Inner Unique": false,
                                                "Hash Cond": "(kt.id = t.kind_id)",
                                                "Plans": [
                                                    {
                                                        "Node Type": "Seq Scan",
                                                        "Parent Relationship": "Outer",
                                                        "Parallel Aware": false,
                                                        "Relation Name": "kind_type",
                                                        "Schema": "public",
                                                        "Alias": "kt",
                                                        "Startup Cost": 0.0,
                                                        "Total Cost": 1.09,
                                                        "Plan Rows": 1,
                                                        "Plan Width": 4,
                                                        "Actual Startup Time": 0.014,
                                                        "Actual Total Time": 0.022,
                                                        "Actual Rows": 1,
                                                        "Actual Loops": 1,
                                                        "Output": [
                                                            "kt.id",
                                                            "kt.kind"
                                                        ],
                                                        "Filter": "((kt.kind)::text = 'episode'::text)",
                                                        "Rows Removed by Filter": 6
                                                    },
                                                    {
                                                        "Node Type": "Hash",
                                                        "Parent Relationship": "Inner",
                                                        "Parallel Aware": false,
                                                        "Startup Cost": 10001055478.28,
                                                        "Total Cost": 10001055478.28,
                                                        "Plan Rows": 1301,
                                                        "Plan Width": 38,
                                                        "Actual Startup Time": 5479.181,
                                                        "Actual Total Time": 5546.464,
                                                        "Actual Rows": 2036,
                                                        "Actual Loops": 1,
                                                        "Output": [
                                                            "mi.info_type_id",
                                                            "mi_idx.info",
                                                            "mi_idx.info_type_id",
                                                            "mk.keyword_id",
                                                            "t.title",
                                                            "t.kind_id"
                                                        ],
                                                        "Hash Buckets": 2048,
                                                        "Original Hash Buckets": 2048,
                                                        "Hash Batches": 1,
                                                        "Original Hash Batches": 1,
                                                        "Peak Memory Usage": 176,
                                                        "Plans": [
                                                            {
                                                                "Node Type": "Gather",
                                                                "Parent Relationship": "Outer",
                                                                "Parallel Aware": false,
                                                                "Startup Cost": 10000864370.64,
                                                                "Total Cost": 10001055478.28,
                                                                "Plan Rows": 1301,
                                                                "Plan Width": 38,
                                                                "Actual Startup Time": 2883.88,
                                                                "Actual Total Time": 5546.068,
                                                                "Actual Rows": 2036,
                                                                "Actual Loops": 1,
                                                                "Output": [
                                                                    "mi.info_type_id",
                                                                    "mi_idx.info",
                                                                    "mi_idx.info_type_id",
                                                                    "mk.keyword_id",
                                                                    "t.title",
                                                                    "t.kind_id"
                                                                ],
                                                                "Workers Planned": 4,
                                                                "Workers Launched": 4,
                                                                "Single Copy": false,
                                                                "Plans": [
                                                                    {
                                                                        "Node Type": "Hash Join",
                                                                        "Parent Relationship": "Outer",
                                                                        "Parallel Aware": true,
                                                                        "Join Type": "Inner",
                                                                        "Startup Cost": 10000863370.64,
                                                                        "Total Cost": 10001054348.18,
                                                                        "Plan Rows": 325,
                                                                        "Plan Width": 38,
                                                                        "Actual Startup Time": 3786.693,
                                                                        "Actual Total Time": 5274.497,
                                                                        "Actual Rows": 407,
                                                                        "Actual Loops": 5,
                                                                        "Output": [
                                                                            "mi.info_type_id",
                                                                            "mi_idx.info",
                                                                            "mi_idx.info_type_id",
                                                                            "mk.keyword_id",
                                                                            "t.title",
                                                                            "t.kind_id"
                                                                        ],
                                                                        "Inner Unique": false,
                                                                        "Hash Cond": "(t.id = mi.movie_id)",
                                                                        "Workers": [
                                                                            {
                                                                                "Worker Number": 0,
                                                                                "Actual Startup Time": 3480.591,
                                                                                "Actual Total Time": 5146.129,
                                                                                "Actual Rows": 83,
                                                                                "Actual Loops": 1
                                                                            },
                                                                            {
                                                                                "Worker Number": 1,
                                                                                "Actual Startup Time": 3365.378,
                                                                                "Actual Total Time": 5176.091,
                                                                                "Actual Rows": 76,
                                                                                "Actual Loops": 1
                                                                            },
                                                                            {
                                                                                "Worker Number": 2,
                                                                                "Actual Startup Time": 3769.139,
                                                                                "Actual Total Time": 5346.782,
                                                                                "Actual Rows": 19,
                                                                                "Actual Loops": 1
                                                                            },
                                                                            {
                                                                                "Worker Number": 3,
                                                                                "Actual Startup Time": 5435.142,
                                                                                "Actual Total Time": 5435.149,
                                                                                "Actual Rows": 0,
                                                                                "Actual Loops": 1
                                                                            }
                                                                        ],
                                                                        "Plans": [
                                                                            {
                                                                                "Node Type": "Merge Join",
                                                                                "Parent Relationship": "Outer",
                                                                                "Parallel Aware": false,
                                                                                "Join Type": "Inner",
                                                                                "Startup Cost": 10000630250.62,
                                                                                "Total Cost": 10000821141.33,
                                                                                "Plan Rows": 64,
                                                                                "Plan Width": 46,
                                                                                "Actual Startup Time": 2534.216,
                                                                                "Actual Total Time": 4021.846,
                                                                                "Actual Rows": 198,
                                                                                "Actual Loops": 5,
                                                                                "Output": [
                                                                                    "mi_idx.info",
                                                                                    "mi_idx.movie_id",
                                                                                    "mi_idx.info_type_id",
                                                                                    "mk.movie_id",
                                                                                    "mk.keyword_id",
                                                                                    "t.title",
                                                                                    "t.kind_id",
                                                                                    "t.id"
                                                                                ],
                                                                                "Inner Unique": false,
                                                                                "Merge Cond": "(t.id = mk.movie_id)",
                                                                                "Workers": [
                                                                                    {
                                                                                        "Worker Number": 0,
                                                                                        "Actual Startup Time": 2231.574,
                                                                                        "Actual Total Time": 3896.979,
                                                                                        "Actual Rows": 48,
                                                                                        "Actual Loops": 1
                                                                                    },
                                                                                    {
                                                                                        "Worker Number": 1,
                                                                                        "Actual Startup Time": 2116.367,
                                                                                        "Actual Total Time": 3926.958,
                                                                                        "Actual Rows": 50,
                                                                                        "Actual Loops": 1
                                                                                    },
                                                                                    {
                                                                                        "Worker Number": 2,
                                                                                        "Actual Startup Time": 2519.87,
                                                                                        "Actual Total Time": 4097.476,
                                                                                        "Actual Rows": 12,
                                                                                        "Actual Loops": 1
                                                                                    },
                                                                                    {
                                                                                        "Worker Number": 3,
                                                                                        "Actual Startup Time": 4182.163,
                                                                                        "Actual Total Time": 4182.167,
                                                                                        "Actual Rows": 0,
                                                                                        "Actual Loops": 1
                                                                                    }
                                                                                ],
                                                                                "Plans": [
                                                                                    {
                                                                                        "Node Type": "Index Scan",
                                                                                        "Parent Relationship": "Outer",
                                                                                        "Parallel Aware": true,
                                                                                        "Scan Direction": "Forward",
                                                                                        "Index Name": "title_pkey",
                                                                                        "Relation Name": "title",
                                                                                        "Schema": "public",
                                                                                        "Alias": "t",
                                                                                        "Startup Cost": 10000000000.43,
                                                                                        "Total Cost": 10000097700.49,
                                                                                        "Plan Rows": 46,
                                                                                        "Plan Width": 25,
                                                                                        "Actual Startup Time": 4.899,
                                                                                        "Actual Total Time": 297.237,
                                                                                        "Actual Rows": 157,
                                                                                        "Actual Loops": 5,
                                                                                        "Output": [
                                                                                            "t.id",
                                                                                            "t.title",
                                                                                            "t.imdb_index",
                                                                                            "t.kind_id",
                                                                                            "t.production_year",
                                                                                            "t.imdb_id",
                                                                                            "t.phonetic_code",
                                                                                            "t.episode_of_id",
                                                                                            "t.season_nr",
                                                                                            "t.episode_nr",
                                                                                            "t.series_years",
                                                                                            "t.md5sum"
                                                                                        ],
                                                                                        "Filter": "((t.production_year > 2008) AND ((t.title ~~ '%murder%'::text) OR (t.title ~~ '%Murder%'::text) OR (t.title ~~ '%Mord%'::text)))",
                                                                                        "Rows Removed by Filter": 505435,
                                                                                        "Workers": [
                                                                                            {
                                                                                                "Worker Number": 0,
                                                                                                "Actual Startup Time": 10.628,
                                                                                                "Actual Total Time": 380.862,
                                                                                                "Actual Rows": 137,
                                                                                                "Actual Loops": 1
                                                                                            },
                                                                                            {
                                                                                                "Worker Number": 1,
                                                                                                "Actual Startup Time": 2.196,
                                                                                                "Actual Total Time": 335.543,
                                                                                                "Actual Rows": 164,
                                                                                                "Actual Loops": 1
                                                                                            },
                                                                                            {
                                                                                                "Worker Number": 2,
                                                                                                "Actual Startup Time": 6.161,
                                                                                                "Actual Total Time": 91.837,
                                                                                                "Actual Rows": 39,
                                                                                                "Actual Loops": 1
                                                                                            },
                                                                                            {
                                                                                                "Worker Number": 3,
                                                                                                "Actual Startup Time": 5.406,
                                                                                                "Actual Total Time": 70.159,
                                                                                                "Actual Rows": 26,
                                                                                                "Actual Loops": 1
                                                                                            }
                                                                                        ]
                                                                                    },
                                                                                    {
                                                                                        "Node Type": "Materialize",
                                                                                        "Parent Relationship": "Inner",
                                                                                        "Parallel Aware": false,
                                                                                        "Startup Cost": 630250.19,
                                                                                        "Total Cost": 714618.48,
                                                                                        "Plan Rows": 3528645,
                                                                                        "Plan Width": 21,
                                                                                        "Actual Startup Time": 1887.125,
                                                                                        "Actual Total Time": 3473.275,
                                                                                        "Actual Rows": 2926328,
                                                                                        "Actual Loops": 5,
                                                                                        "Output": [
                                                                                            "mi_idx.info",
                                                                                            "mi_idx.movie_id",
                                                                                            "mi_idx.info_type_id",
                                                                                            "mk.movie_id",
                                                                                            "mk.keyword_id"
                                                                                        ],
                                                                                        "Workers": [
                                                                                            {
                                                                                                "Worker Number": 0,
                                                                                                "Actual Startup Time": 1822.754,
                                                                                                "Actual Total Time": 3284.776,
                                                                                                "Actual Rows": 2845915,
                                                                                                "Actual Loops": 1
                                                                                            },
                                                                                            {
                                                                                                "Worker Number": 1,
                                                                                                "Actual Startup Time": 1863.352,
                                                                                                "Actual Total Time": 3355.24,
                                                                                                "Actual Rows": 2909972,
                                                                                                "Actual Loops": 1
                                                                                            },
                                                                                            {
                                                                                                "Worker Number": 2,
                                                                                                "Actual Startup Time": 2044.988,
                                                                                                "Actual Total Time": 3735.559,
                                                                                                "Actual Rows": 2925174,
                                                                                                "Actual Loops": 1
                                                                                            },
                                                                                            {
                                                                                                "Worker Number": 3,
                                                                                                "Actual Startup Time": 2114.795,
                                                                                                "Actual Total Time": 3837.466,
                                                                                                "Actual Rows": 2928794,
                                                                                                "Actual Loops": 1
                                                                                            }
                                                                                        ],
                                                                                        "Plans": [
                                                                                            {
                                                                                                "Node Type": "Merge Join",
                                                                                                "Parent Relationship": "Outer",
                                                                                                "Parallel Aware": false,
                                                                                                "Join Type": "Inner",
                                                                                                "Startup Cost": 630250.19,
                                                                                                "Total Cost": 705796.86,
                                                                                                "Plan Rows": 3528645,
                                                                                                "Plan Width": 21,
                                                                                                "Actual Startup Time": 1887.108,
                                                                                                "Actual Total Time": 2864.964,
                                                                                                "Actual Rows": 2926328,
                                                                                                "Actual Loops": 5,
                                                                                                "Output": [
                                                                                                    "mi_idx.info",
                                                                                                    "mi_idx.movie_id",
                                                                                                    "mi_idx.info_type_id",
                                                                                                    "mk.movie_id",
                                                                                                    "mk.keyword_id"
                                                                                                ],
                                                                                                "Inner Unique": false,
                                                                                                "Merge Cond": "(mk.movie_id = mi_idx.movie_id)",
                                                                                                "Workers": [
                                                                                                    {
                                                                                                        "Worker Number": 0,
                                                                                                        "Actual Startup Time": 1822.724,
                                                                                                        "Actual Total Time": 2723.968,
                                                                                                        "Actual Rows": 2845915,
                                                                                                        "Actual Loops": 1
                                                                                                    },
                                                                                                    {
                                                                                                        "Worker Number": 1,
                                                                                                        "Actual Startup Time": 1863.339,
                                                                                                        "Actual Total Time": 2782.337,
                                                                                                        "Actual Rows": 2909972,
                                                                                                        "Actual Loops": 1
                                                                                                    },
                                                                                                    {
                                                                                                        "Worker Number": 2,
                                                                                                        "Actual Startup Time": 2044.974,
                                                                                                        "Actual Total Time": 3083.017,
                                                                                                        "Actual Rows": 2925174,
                                                                                                        "Actual Loops": 1
                                                                                                    },
                                                                                                    {
                                                                                                        "Worker Number": 3,
                                                                                                        "Actual Startup Time": 2114.782,
                                                                                                        "Actual Total Time": 3171.348,
                                                                                                        "Actual Rows": 2928794,
                                                                                                        "Actual Loops": 1
                                                                                                    }
                                                                                                ],
                                                                                                "Plans": [
                                                                                                    {
                                                                                                        "Node Type": "Sort",
                                                                                                        "Parent Relationship": "Outer",
                                                                                                        "Parallel Aware": false,
                                                                                                        "Startup Cost": 569794.43,
                                                                                                        "Total Cost": 581104.25,
                                                                                                        "Plan Rows": 4523930,
                                                                                                        "Plan Width": 8,
                                                                                                        "Actual Startup Time": 1636.33,
                                                                                                        "Actual Total Time": 1842.47,
                                                                                                        "Actual Rows": 4385670,
                                                                                                        "Actual Loops": 5,
                                                                                                        "Output": [
                                                                                                            "mk.movie_id",
                                                                                                            "mk.keyword_id"
                                                                                                        ],
                                                                                                        "Sort Key": [
                                                                                                            "mk.movie_id"
                                                                                                        ],
                                                                                                        "Sort Method": "quicksort",
                                                                                                        "Sort Space Used": 408668,
                                                                                                        "Sort Space Type": "Memory",
                                                                                                        "Workers": [
                                                                                                            {
                                                                                                                "Worker Number": 0,
                                                                                                                "Actual Startup Time": 1580.07,
                                                                                                                "Actual Total Time": 1769.343,
                                                                                                                "Actual Rows": 4264662,
                                                                                                                "Actual Loops": 1
                                                                                                            },
                                                                                                            {
                                                                                                                "Worker Number": 1,
                                                                                                                "Actual Startup Time": 1623.693,
                                                                                                                "Actual Total Time": 1815.823,
                                                                                                                "Actual Rows": 4363409,
                                                                                                                "Actual Loops": 1
                                                                                                            },
                                                                                                            {
                                                                                                                "Worker Number": 2,
                                                                                                                "Actual Startup Time": 1775.605,
                                                                                                                "Actual Total Time": 1987.59,
                                                                                                                "Actual Rows": 4385163,
                                                                                                                "Actual Loops": 1
                                                                                                            },
                                                                                                            {
                                                                                                                "Worker Number": 3,
                                                                                                                "Actual Startup Time": 1842.739,
                                                                                                                "Actual Total Time": 2058.151,
                                                                                                                "Actual Rows": 4391189,
                                                                                                                "Actual Loops": 1
                                                                                                            }
                                                                                                        ],
                                                                                                        "Plans": [
                                                                                                            {
                                                                                                                "Node Type": "Seq Scan",
                                                                                                                "Parent Relationship": "Outer",
                                                                                                                "Parallel Aware": false,
                                                                                                                "Relation Name": "movie_keyword",
                                                                                                                "Schema": "public",
                                                                                                                "Alias": "mk",
                                                                                                                "Startup Cost": 0.0,
                                                                                                                "Total Cost": 69693.3,
                                                                                                                "Plan Rows": 4523930,
                                                                                                                "Plan Width": 8,
                                                                                                                "Actual Startup Time": 0.035,
                                                                                                                "Actual Total Time": 571.33,
                                                                                                                "Actual Rows": 4523930,
                                                                                                                "Actual Loops": 5,
                                                                                                                "Output": [
                                                                                                                    "mk.movie_id",
                                                                                                                    "mk.keyword_id"
                                                                                                                ],
                                                                                                                "Workers": [
                                                                                                                    {
                                                                                                                        "Worker Number": 0,
                                                                                                                        "Actual Startup Time": 0.036,
                                                                                                                        "Actual Total Time": 545.489,
                                                                                                                        "Actual Rows": 4523930,
                                                                                                                        "Actual Loops": 1
                                                                                                                    },
                                                                                                                    {
                                                                                                                        "Worker Number": 1,
                                                                                                                        "Actual Startup Time": 0.038,
                                                                                                                        "Actual Total Time": 565.641,
                                                                                                                        "Actual Rows": 4523930,
                                                                                                                        "Actual Loops": 1
                                                                                                                    },
                                                                                                                    {
                                                                                                                        "Worker Number": 2,
                                                                                                                        "Actual Startup Time": 0.044,
                                                                                                                        "Actual Total Time": 609.996,
                                                                                                                        "Actual Rows": 4523930,
                                                                                                                        "Actual Loops": 1
                                                                                                                    },
                                                                                                                    {
                                                                                                                        "Worker Number": 3,
                                                                                                                        "Actual Startup Time": 0.039,
                                                                                                                        "Actual Total Time": 630.805,
                                                                                                                        "Actual Rows": 4523930,
                                                                                                                        "Actual Loops": 1
                                                                                                                    }
                                                                                                                ]
                                                                                                            }
                                                                                                        ]
                                                                                                    },
                                                                                                    {
                                                                                                        "Node Type": "Sort",
                                                                                                        "Parent Relationship": "Inner",
                                                                                                        "Parallel Aware": false,
                                                                                                        "Startup Cost": 60454.4,
                                                                                                        "Total Cost": 61405.68,
                                                                                                        "Plan Rows": 380513,
                                                                                                        "Plan Width": 13,
                                                                                                        "Actual Startup Time": 250.764,
                                                                                                        "Actual Total Time": 368.159,
                                                                                                        "Actual Rows": 3116594,
                                                                                                        "Actual Loops": 5,
                                                                                                        "Output": [
                                                                                                            "mi_idx.info",
                                                                                                            "mi_idx.movie_id",
                                                                                                            "mi_idx.info_type_id"
                                                                                                        ],
                                                                                                        "Sort Key": [
                                                                                                            "mi_idx.movie_id"
                                                                                                        ],
                                                                                                        "Sort Method": "quicksort",
                                                                                                        "Sort Space Used": 30558,
                                                                                                        "Sort Space Type": "Memory",
                                                                                                        "Workers": [
                                                                                                            {
                                                                                                                "Worker Number": 0,
                                                                                                                "Actual Startup Time": 242.639,
                                                                                                                "Actual Total Time": 350.914,
                                                                                                                "Actual Rows": 3033089,
                                                                                                                "Actual Loops": 1
                                                                                                            },
                                                                                                            {
                                                                                                                "Worker Number": 1,
                                                                                                                "Actual Startup Time": 239.634,
                                                                                                                "Actual Total Time": 350.318,
                                                                                                                "Actual Rows": 3099883,
                                                                                                                "Actual Loops": 1
                                                                                                            },
                                                                                                            {
                                                                                                                "Worker Number": 2,
                                                                                                                "Actual Startup Time": 269.351,
                                                                                                                "Actual Total Time": 394.942,
                                                                                                                "Actual Rows": 3115466,
                                                                                                                "Actual Loops": 1
                                                                                                            },
                                                                                                            {
                                                                                                                "Worker Number": 3,
                                                                                                                "Actual Startup Time": 272.028,
                                                                                                                "Actual Total Time": 400.018,
                                                                                                                "Actual Rows": 3119219,
                                                                                                                "Actual Loops": 1
                                                                                                            }
                                                                                                        ],
                                                                                                        "Plans": [
                                                                                                            {
                                                                                                                "Node Type": "Seq Scan",
                                                                                                                "Parent Relationship": "Outer",
                                                                                                                "Parallel Aware": false,
                                                                                                                "Relation Name": "movie_info_idx",
                                                                                                                "Schema": "public",
                                                                                                                "Alias": "mi_idx",
                                                                                                                "Startup Cost": 0.0,
                                                                                                                "Total Cost": 25185.44,
                                                                                                                "Plan Rows": 380513,
                                                                                                                "Plan Width": 13,
                                                                                                                "Actual Startup Time": 0.076,
                                                                                                                "Actual Total Time": 154.183,
                                                                                                                "Actual Rows": 386662,
                                                                                                                "Actual Loops": 5,
                                                                                                                "Output": [
                                                                                                                    "mi_idx.info",
                                                                                                                    "mi_idx.movie_id",
                                                                                                                    "mi_idx.info_type_id"
                                                                                                                ],
                                                                                                                "Filter": "(mi_idx.info > '6'::text)",
                                                                                                                "Rows Removed by Filter": 993373,
                                                                                                                "Workers": [
                                                                                                                    {
                                                                                                                        "Worker Number": 0,
                                                                                                                        "Actual Startup Time": 0.1,
                                                                                                                        "Actual Total Time": 148.439,
                                                                                                                        "Actual Rows": 386662,
                                                                                                                        "Actual Loops": 1
                                                                                                                    },
                                                                                                                    {
                                                                                                                        "Worker Number": 1,
                                                                                                                        "Actual Startup Time": 0.071,
                                                                                                                        "Actual Total Time": 146.999,
                                                                                                                        "Actual Rows": 386662,
                                                                                                                        "Actual Loops": 1
                                                                                                                    },
                                                                                                                    {
                                                                                                                        "Worker Number": 2,
                                                                                                                        "Actual Startup Time": 0.104,
                                                                                                                        "Actual Total Time": 164.695,
                                                                                                                        "Actual Rows": 386662,
                                                                                                                        "Actual Loops": 1
                                                                                                                    },
                                                                                                                    {
                                                                                                                        "Worker Number": 3,
                                                                                                                        "Actual Startup Time": 0.078,
                                                                                                                        "Actual Total Time": 166.937,
                                                                                                                        "Actual Rows": 386662,
                                                                                                                        "Actual Loops": 1
                                                                                                                    }
                                                                                                                ]
                                                                                                            }
                                                                                                        ]
                                                                                                    }
                                                                                                ]
                                                                                            }
                                                                                        ]
                                                                                    }
                                                                                ]
                                                                            },
                                                                            {
                                                                                "Node Type": "Hash",
                                                                                "Parent Relationship": "Inner",
                                                                                "Parallel Aware": true,
                                                                                "Startup Cost": 228390.93,
                                                                                "Total Cost": 228390.93,
                                                                                "Plan Rows": 378328,
                                                                                "Plan Width": 8,
                                                                                "Actual Startup Time": 1246.808,
                                                                                "Actual Total Time": 1246.809,
                                                                                "Actual Rows": 284647,
                                                                                "Actual Loops": 5,
                                                                                "Output": [
                                                                                    "mi.movie_id",
                                                                                    "mi.info_type_id"
                                                                                ],
                                                                                "Hash Buckets": 2097152,
                                                                                "Original Hash Buckets": 2097152,
                                                                                "Hash Batches": 1,
                                                                                "Original Hash Batches": 1,
                                                                                "Peak Memory Usage": 72160,
                                                                                "Workers": [
                                                                                    {
                                                                                        "Worker Number": 0,
                                                                                        "Actual Startup Time": 1248.381,
                                                                                        "Actual Total Time": 1248.382,
                                                                                        "Actual Rows": 273507,
                                                                                        "Actual Loops": 1
                                                                                    },
                                                                                    {
                                                                                        "Worker Number": 1,
                                                                                        "Actual Startup Time": 1248.38,
                                                                                        "Actual Total Time": 1248.382,
                                                                                        "Actual Rows": 279414,
                                                                                        "Actual Loops": 1
                                                                                    },
                                                                                    {
                                                                                        "Worker Number": 2,
                                                                                        "Actual Startup Time": 1248.445,
                                                                                        "Actual Total Time": 1248.446,
                                                                                        "Actual Rows": 274035,
                                                                                        "Actual Loops": 1
                                                                                    },
                                                                                    {
                                                                                        "Worker Number": 3,
                                                                                        "Actual Startup Time": 1248.558,
                                                                                        "Actual Total Time": 1248.56,
                                                                                        "Actual Rows": 272044,
                                                                                        "Actual Loops": 1
                                                                                    }
                                                                                ],
                                                                                "Plans": [
                                                                                    {
                                                                                        "Node Type": "Seq Scan",
                                                                                        "Parent Relationship": "Outer",
                                                                                        "Parallel Aware": true,
                                                                                        "Relation Name": "movie_info",
                                                                                        "Schema": "public",
                                                                                        "Alias": "mi",
                                                                                        "Startup Cost": 0.0,
                                                                                        "Total Cost": 228390.93,
                                                                                        "Plan Rows": 378328,
                                                                                        "Plan Width": 8,
                                                                                        "Actual Startup Time": 0.09,
                                                                                        "Actual Total Time": 1095.29,
                                                                                        "Actual Rows": 284647,
                                                                                        "Actual Loops": 5,
                                                                                        "Output": [
                                                                                            "mi.movie_id",
                                                                                            "mi.info_type_id"
                                                                                        ],
                                                                                        "Filter": "(mi.info = ANY ('{Swedish,Denmark,Germany,Norwegian,Norway,English,Sweden,USA,America,USA}'::text[]))",
                                                                                        "Rows Removed by Filter": 2682497,
                                                                                        "Workers": [
                                                                                            {
                                                                                                "Worker Number": 0,
                                                                                                "Actual Startup Time": 0.112,
                                                                                                "Actual Total Time": 1095.673,
                                                                                                "Actual Rows": 273507,
                                                                                                "Actual Loops": 1
                                                                                            },
                                                                                            {
                                                                                                "Worker Number": 1,
                                                                                                "Actual Startup Time": 0.099,
                                                                                                "Actual Total Time": 1097.244,
                                                                                                "Actual Rows": 279414,
                                                                                                "Actual Loops": 1
                                                                                            },
                                                                                            {
                                                                                                "Worker Number": 2,
                                                                                                "Actual Startup Time": 0.123,
                                                                                                "Actual Total Time": 1094.404,
                                                                                                "Actual Rows": 274035,
                                                                                                "Actual Loops": 1
                                                                                            },
                                                                                            {
                                                                                                "Worker Number": 3,
                                                                                                "Actual Startup Time": 0.097,
                                                                                                "Actual Total Time": 1094.569,
                                                                                                "Actual Rows": 272044,
                                                                                                "Actual Loops": 1
                                                                                            }
                                                                                        ]
                                                                                    }
                                                                                ]
                                                                            }
                                                                        ]
                                                                    }
                                                                ]
                                                            }
                                                        ]
                                                    }
                                                ]
                                            }
                                        ]
                                    },
                                    {
                                        "Node Type": "Index Scan",
                                        "Parent Relationship": "Inner",
                                        "Parallel Aware": false,
                                        "Scan Direction": "Forward",
                                        "Index Name": "info_type_pkey",
                                        "Relation Name": "info_type",
                                        "Schema": "public",
                                        "Alias": "it2",
                                        "Startup Cost": 0.14,
                                        "Total Cost": 14.12,
                                        "Plan Rows": 1,
                                        "Plan Width": 4,
                                        "Actual Startup Time": 0.077,
                                        "Actual Total Time": 0.078,
                                        "Actual Rows": 1,
                                        "Actual Loops": 1,
                                        "Output": [
                                            "it2.id",
                                            "it2.info"
                                        ],
                                        "Filter": "((it2.info)::text = 'rating'::text)",
                                        "Rows Removed by Filter": 100
                                    }
                                ]
                            },
                            {
                                "Node Type": "Hash",
                                "Parent Relationship": "Inner",
                                "Parallel Aware": false,
                                "Startup Cost": 10000002626.12,
                                "Total Cost": 10000002626.12,
                                "Plan Rows": 2,
                                "Plan Width": 4,
                                "Actual Startup Time": 28.256,
                                "Actual Total Time": 28.257,
                                "Actual Rows": 2,
                                "Actual Loops": 1,
                                "Output": [
                                    "k.id"
                                ],
                                "Hash Buckets": 1024,
                                "Original Hash Buckets": 1024,
                                "Hash Batches": 1,
                                "Original Hash Batches": 1,
                                "Peak Memory Usage": 9,
                                "Plans": [
                                    {
                                        "Node Type": "Seq Scan",
                                        "Parent Relationship": "Outer",
                                        "Parallel Aware": false,
                                        "Relation Name": "keyword",
                                        "Schema": "public",
                                        "Alias": "k",
                                        "Startup Cost": 10000000000.0,
                                        "Total Cost": 10000002626.12,
                                        "Plan Rows": 2,
                                        "Plan Width": 4,
                                        "Actual Startup Time": 0.785,
                                        "Actual Total Time": 28.245,
                                        "Actual Rows": 2,
                                        "Actual Loops": 1,
                                        "Output": [
                                            "k.id"
                                        ],
                                        "Filter": "(k.keyword = ANY ('{web,valet}'::text[]))",
                                        "Rows Removed by Filter": 134168
                                    }
                                ]
                            }
                        ]
                    },
                    {
                        "Node Type": "Bitmap Heap Scan",
                        "Parent Relationship": "Inner",
                        "Parallel Aware": false,
                        "Relation Name": "info_type",
                        "Schema": "public",
                        "Alias": "it1",
                        "Startup Cost": 0.15,
                        "Total Cost": 4.17,
                        "Plan Rows": 1,
                        "Plan Width": 4,
                        "Actual Startup Time": 0.016,
                        "Actual Total Time": 0.017,
                        "Actual Rows": 0,
                        "Actual Loops": 2,
                        "Output": [
                            "it1.id",
                            "it1.info"
                        ],
                        "Recheck Cond": "(it1.id = mi.info_type_id)",
                        "Rows Removed by Index Recheck": 0,
                        "Filter": "((it1.info)::text = 'countries'::text)",
                        "Rows Removed by Filter": 0,
                        "Exact Heap Blocks": 2,
                        "Lossy Heap Blocks": 0,
                        "Plans": [
                            {
                                "Node Type": "Bitmap Index Scan",
                                "Parent Relationship": "Outer",
                                "Parallel Aware": false,
                                "Index Name": "info_type_pkey",
                                "Startup Cost": 0.0,
                                "Total Cost": 0.15,
                                "Plan Rows": 1,
                                "Plan Width": 0,
                                "Actual Startup Time": 0.008,
                                "Actual Total Time": 0.008,
                                "Actual Rows": 1,
                                "Actual Loops": 2,
                                "Index Cond": "(it1.id = mi.info_type_id)"
                            }
                        ]
                    }
                ]
            }
        ]
    },
    "Planning Time": 5.92,
    "Triggers": [],
    "Execution Time": 5590.804
}