[
  {
    "Plan": {
      "Node Type": "Aggregate",
      "Strategy": "Plain",
      "Partial Mode": "Finalize",
      "Parallel Aware": false,
      "Startup Cost": 336284.94,
      "Total Cost": 336284.95,
      "Plan Rows": 1,
      "Plan Width": 8,
      "Actual Startup Time": 721.544,
      "Actual Total Time": 779.62,
      "Actual Rows": 1,
      "Actual Loops": 1,
      "Plans": [
        {
          "Node Type": "Gather",
          "Parent Relationship": "Outer",
          "Parallel Aware": false,
          "Startup Cost": 336284.32,
          "Total Cost": 336284.93,
          "Plan Rows": 6,
          "Plan Width": 8,
          "Actual Startup Time": 721.316,
          "Actual Total Time": 779.601,
          "Actual Rows": 7,
          "Actual Loops": 1,
          "Workers Planned": 6,
          "Workers Launched": 6,
          "Single Copy": false,
          "Plans": [
            {
              "Node Type": "Aggregate",
              "Strategy": "Plain",
              "Partial Mode": "Partial",
              "Parent Relationship": "Outer",
              "Parallel Aware": false,
              "Startup Cost": 335284.32,
              "Total Cost": 335284.33,
              "Plan Rows": 1,
              "Plan Width": 8,
              "Actual Startup Time": 710.948,
              "Actual Total Time": 710.949,
              "Actual Rows": 1,
              "Actual Loops": 7,
              "Plans": [
                {
                  "Node Type": "Seq Scan",
                  "Parent Relationship": "Outer",
                  "Parallel Aware": true,
                  "Relation Name": "cast_info",
                  "Alias": "ci",
                  "Startup Cost": 0.0,
                  "Total Cost": 328162.03,
                  "Plan Rows": 2848917,
                  "Plan Width": 0,
                  "Actual Startup Time": 0.052,
                  "Actual Total Time": 597.347,
                  "Actual Rows": 2452123,
                  "Actual Loops": 7,
                  "Filter": "(person_id < 1695610)",
                  "Rows Removed by Filter": 2725641
                }
              ]
            }
          ]
        }
      ]
    },
    "Planning Time": 0.172,
    "Triggers": [],
    "Execution Time": 779.692
  }
]