[
    {
        "Bao": {
            "Bao prediction": "NaN",
            "Bao recommended hint": "(no hint)"
        }
    },
    {
        "Plan": {
            "Node Type": "Aggregate",
            "Strategy": "Plain",
            "Partial Mode": "Finalize",
            "Parallel Aware": false,
            "Startup Cost": 337298.23,
            "Total Cost": 337298.24,
            "Plan Rows": 1,
            "Plan Width": 8,
            "Actual Startup Time": 705.747,
            "Actual Total Time": 732.149,
            "Actual Rows": 1,
            "Actual Loops": 1,
            "Output": [
                "count(*)"
            ],
            "Plans": [
                {
                    "Node Type": "Gather",
                    "Parent Relationship": "Outer",
                    "Parallel Aware": false,
                    "Startup Cost": 337297.6,
                    "Total Cost": 337298.21,
                    "Plan Rows": 6,
                    "Plan Width": 8,
                    "Actual Startup Time": 705.632,
                    "Actual Total Time": 732.141,
                    "Actual Rows": 7,
                    "Actual Loops": 1,
                    "Output": [
                        "(PARTIAL count(*))"
                    ],
                    "Workers Planned": 6,
                    "Workers Launched": 6,
                    "Single Copy": false,
                    "Plans": [
                        {
                            "Node Type": "Aggregate",
                            "Strategy": "Plain",
                            "Partial Mode": "Partial",
                            "Parent Relationship": "Outer",
                            "Parallel Aware": false,
                            "Startup Cost": 336297.6,
                            "Total Cost": 336297.61,
                            "Plan Rows": 1,
                            "Plan Width": 8,
                            "Actual Startup Time": 695.927,
                            "Actual Total Time": 695.928,
                            "Actual Rows": 1,
                            "Actual Loops": 7,
                            "Output": [
                                "PARTIAL count(*)"
                            ],
                            "Workers": [
                                {
                                    "Worker Number": 0,
                                    "Actual Startup Time": 693.556,
                                    "Actual Total Time": 693.558,
                                    "Actual Rows": 1,
                                    "Actual Loops": 1
                                },
                                {
                                    "Worker Number": 1,
                                    "Actual Startup Time": 694.104,
                                    "Actual Total Time": 694.105,
                                    "Actual Rows": 1,
                                    "Actual Loops": 1
                                },
                                {
                                    "Worker Number": 2,
                                    "Actual Startup Time": 694.216,
                                    "Actual Total Time": 694.217,
                                    "Actual Rows": 1,
                                    "Actual Loops": 1
                                },
                                {
                                    "Worker Number": 3,
                                    "Actual Startup Time": 694.609,
                                    "Actual Total Time": 694.611,
                                    "Actual Rows": 1,
                                    "Actual Loops": 1
                                },
                                {
                                    "Worker Number": 4,
                                    "Actual Startup Time": 694.622,
                                    "Actual Total Time": 694.623,
                                    "Actual Rows": 1,
                                    "Actual Loops": 1
                                },
                                {
                                    "Worker Number": 5,
                                    "Actual Startup Time": 695.069,
                                    "Actual Total Time": 695.07,
                                    "Actual Rows": 1,
                                    "Actual Loops": 1
                                }
                            ],
                            "Plans": [
                                {
                                    "Node Type": "Seq Scan",
                                    "Parent Relationship": "Outer",
                                    "Parallel Aware": true,
                                    "Relation Name": "cast_info",
                                    "Schema": "public",
                                    "Alias": "ci",
                                    "Startup Cost": 0.0,
                                    "Total Cost": 328213.62,
                                    "Plan Rows": 3233594,
                                    "Plan Width": 0,
                                    "Actual Startup Time": 172.86,
                                    "Actual Total Time": 568.181,
                                    "Actual Rows": 2778570,
                                    "Actual Loops": 7,
                                    "Output": [
                                        "id",
                                        "person_id",
                                        "movie_id",
                                        "person_role_id",
                                        "note",
                                        "nr_order",
                                        "role_id"
                                    ],
                                    "Filter": "(ci.person_id > 1661332)",
                                    "Rows Removed by Filter": 2399193,
                                    "Workers": [
                                        {
                                            "Worker Number": 0,
                                            "Actual Startup Time": 170.483,
                                            "Actual Total Time": 567.688,
                                            "Actual Rows": 1905949,
                                            "Actual Loops": 1
                                        },
                                        {
                                            "Worker Number": 1,
                                            "Actual Startup Time": 171.044,
                                            "Actual Total Time": 571.94,
                                            "Actual Rows": 2988402,
                                            "Actual Loops": 1
                                        },
                                        {
                                            "Worker Number": 2,
                                            "Actual Startup Time": 171.152,
                                            "Actual Total Time": 572.769,
                                            "Actual Rows": 2969397,
                                            "Actual Loops": 1
                                        },
                                        {
                                            "Worker Number": 3,
                                            "Actual Startup Time": 171.526,
                                            "Actual Total Time": 568.381,
                                            "Actual Rows": 1895397,
                                            "Actual Loops": 1
                                        },
                                        {
                                            "Worker Number": 4,
                                            "Actual Startup Time": 171.56,
                                            "Actual Total Time": 572.746,
                                            "Actual Rows": 2958389,
                                            "Actual Loops": 1
                                        },
                                        {
                                            "Worker Number": 5,
                                            "Actual Startup Time": 172.011,
                                            "Actual Total Time": 573.215,
                                            "Actual Rows": 2987746,
                                            "Actual Loops": 1
                                        }
                                    ]
                                }
                            ]
                        }
                    ]
                }
            ]
        },
        "Planning Time": 173.859,
        "Triggers": [],
        "Execution Time": 732.196
    }
]