[
  {
    "Plan": {
      "Node Type": "Aggregate",
      "Strategy": "Plain",
      "Partial Mode": "Finalize",
      "Parallel Aware": false,
      "Startup Cost": 33390.67,
      "Total Cost": 33390.68,
      "Plan Rows": 1,
      "Plan Width": 8,
      "Actual Startup Time": 98.246,
      "Actual Total Time": 106.542,
      "Actual Rows": 1,
      "Actual Loops": 1,
      "Plans": [
        {
          "Node Type": "Gather",
          "Parent Relationship": "Outer",
          "Parallel Aware": false,
          "Startup Cost": 33390.35,
          "Total Cost": 33390.66,
          "Plan Rows": 3,
          "Plan Width": 8,
          "Actual Startup Time": 98.14,
          "Actual Total Time": 106.535,
          "Actual Rows": 4,
          "Actual Loops": 1,
          "Workers Planned": 3,
          "Workers Launched": 3,
          "Single Copy": false,
          "Plans": [
            {
              "Node Type": "Aggregate",
              "Strategy": "Plain",
              "Partial Mode": "Partial",
              "Parent Relationship": "Outer",
              "Parallel Aware": false,
              "Startup Cost": 32390.35,
              "Total Cost": 32390.36,
              "Plan Rows": 1,
              "Plan Width": 8,
              "Actual Startup Time": 92.753,
              "Actual Total Time": 92.754,
              "Actual Rows": 1,
              "Actual Loops": 4,
              "Plans": [
                {
                  "Node Type": "Seq Scan",
                  "Parent Relationship": "Outer",
                  "Parallel Aware": true,
                  "Relation Name": "movie_companies",
                  "Alias": "mc",
                  "Startup Cost": 0.0,
                  "Total Cost": 31414.82,
                  "Plan Rows": 390214,
                  "Plan Width": 0,
                  "Actual Startup Time": 44.82,
                  "Actual Total Time": 80.696,
                  "Actual Rows": 320737,
                  "Actual Loops": 4,
                  "Filter": "((company_id > 82) AND (company_type_id = 2))",
                  "Rows Removed by Filter": 331546
                }
              ]
            }
          ]
        }
      ]
    },
    "Planning Time": 0.211,
    "Triggers": [],
    "Execution Time": 106.598
  }
]