[
    {
        "Bao": {
            "Bao prediction": 515.865,
            "Bao recommended hint": "(no hint)"
        }
    },
    {
        "Plan": {
            "Node Type": "Aggregate",
            "Strategy": "Plain",
            "Partial Mode": "Finalize",
            "Parallel Aware": false,
            "Startup Cost": 341019.98,
            "Total Cost": 341019.99,
            "Plan Rows": 1,
            "Plan Width": 8,
            "Actual Startup Time": 874.296,
            "Actual Total Time": 903.831,
            "Actual Rows": 1,
            "Actual Loops": 1,
            "Output": [
                "count(*)"
            ],
            "Plans": [
                {
                    "Node Type": "Gather",
                    "Parent Relationship": "Outer",
                    "Parallel Aware": false,
                    "Startup Cost": 341019.36,
                    "Total Cost": 341019.97,
                    "Plan Rows": 6,
                    "Plan Width": 8,
                    "Actual Startup Time": 874.193,
                    "Actual Total Time": 903.821,
                    "Actual Rows": 7,
                    "Actual Loops": 1,
                    "Output": [
                        "(PARTIAL count(*))"
                    ],
                    "Workers Planned": 6,
                    "Workers Launched": 6,
                    "Single Copy": false,
                    "Plans": [
                        {
                            "Node Type": "Aggregate",
                            "Strategy": "Plain",
                            "Partial Mode": "Partial",
                            "Parent Relationship": "Outer",
                            "Parallel Aware": false,
                            "Startup Cost": 340019.36,
                            "Total Cost": 340019.37,
                            "Plan Rows": 1,
                            "Plan Width": 8,
                            "Actual Startup Time": 864.906,
                            "Actual Total Time": 864.907,
                            "Actual Rows": 1,
                            "Actual Loops": 7,
                            "Output": [
                                "PARTIAL count(*)"
                            ],
                            "Workers": [
                                {
                                    "Worker Number": 0,
                                    "Actual Startup Time": 862.798,
                                    "Actual Total Time": 862.799,
                                    "Actual Rows": 1,
                                    "Actual Loops": 1
                                },
                                {
                                    "Worker Number": 1,
                                    "Actual Startup Time": 862.798,
                                    "Actual Total Time": 862.799,
                                    "Actual Rows": 1,
                                    "Actual Loops": 1
                                },
                                {
                                    "Worker Number": 2,
                                    "Actual Startup Time": 863.335,
                                    "Actual Total Time": 863.336,
                                    "Actual Rows": 1,
                                    "Actual Loops": 1
                                },
                                {
                                    "Worker Number": 3,
                                    "Actual Startup Time": 863.412,
                                    "Actual Total Time": 863.413,
                                    "Actual Rows": 1,
                                    "Actual Loops": 1
                                },
                                {
                                    "Worker Number": 4,
                                    "Actual Startup Time": 864.122,
                                    "Actual Total Time": 864.122,
                                    "Actual Rows": 1,
                                    "Actual Loops": 1
                                },
                                {
                                    "Worker Number": 5,
                                    "Actual Startup Time": 864.344,
                                    "Actual Total Time": 864.345,
                                    "Actual Rows": 1,
                                    "Actual Loops": 1
                                }
                            ],
                            "Plans": [
                                {
                                    "Node Type": "Seq Scan",
                                    "Parent Relationship": "Outer",
                                    "Parallel Aware": true,
                                    "Relation Name": "cast_info",
                                    "Schema": "public",
                                    "Alias": "ci",
                                    "Startup Cost": 0.0,
                                    "Total Cost": 328213.62,
                                    "Plan Rows": 4722297,
                                    "Plan Width": 0,
                                    "Actual Startup Time": 100.331,
                                    "Actual Total Time": 656.012,
                                    "Actual Rows": 4019087,
                                    "Actual Loops": 7,
                                    "Output": [
                                        "id",
                                        "person_id",
                                        "movie_id",
                                        "person_role_id",
                                        "note",
                                        "nr_order",
                                        "role_id"
                                    ],
                                    "Filter": "(ci.person_id > 793089)",
                                    "Rows Removed by Filter": 1158677,
                                    "Workers": [
                                        {
                                            "Worker Number": 0,
                                            "Actual Startup Time": 98.21,
                                            "Actual Total Time": 656.258,
                                            "Actual Rows": 3141685,
                                            "Actual Loops": 1
                                        },
                                        {
                                            "Worker Number": 1,
                                            "Actual Startup Time": 98.209,
                                            "Actual Total Time": 656.469,
                                            "Actual Rows": 3135073,
                                            "Actual Loops": 1
                                        },
                                        {
                                            "Worker Number": 2,
                                            "Actual Startup Time": 98.764,
                                            "Actual Total Time": 662.724,
                                            "Actual Rows": 4956601,
                                            "Actual Loops": 1
                                        },
                                        {
                                            "Worker Number": 3,
                                            "Actual Startup Time": 98.84,
                                            "Actual Total Time": 657.488,
                                            "Actual Rows": 4890990,
                                            "Actual Loops": 1
                                        },
                                        {
                                            "Worker Number": 4,
                                            "Actual Startup Time": 99.539,
                                            "Actual Total Time": 663.388,
                                            "Actual Rows": 4954422,
                                            "Actual Loops": 1
                                        },
                                        {
                                            "Worker Number": 5,
                                            "Actual Startup Time": 99.787,
                                            "Actual Total Time": 657.981,
                                            "Actual Rows": 3132480,
                                            "Actual Loops": 1
                                        }
                                    ]
                                }
                            ]
                        }
                    ]
                }
            ]
        },
        "Planning Time": 299.433,
        "Triggers": [],
        "Execution Time": 903.907
    }
]