[
  {
    "Plan": {
      "Node Type": "Aggregate",
      "Strategy": "Plain",
      "Partial Mode": "Finalize",
      "Parallel Aware": false,
      "Startup Cost": 344006.88,
      "Total Cost": 344006.89,
      "Plan Rows": 1,
      "Plan Width": 8,
      "Actual Startup Time": 928.297,
      "Actual Total Time": 972.49,
      "Actual Rows": 1,
      "Actual Loops": 1,
      "Plans": [
        {
          "Node Type": "Gather",
          "Parent Relationship": "Outer",
          "Parallel Aware": false,
          "Startup Cost": 344006.25,
          "Total Cost": 344006.86,
          "Plan Rows": 6,
          "Plan Width": 8,
          "Actual Startup Time": 928.098,
          "Actual Total Time": 972.461,
          "Actual Rows": 7,
          "Actual Loops": 1,
          "Workers Planned": 6,
          "Workers Launched": 6,
          "Single Copy": false,
          "Plans": [
            {
              "Node Type": "Aggregate",
              "Strategy": "Plain",
              "Partial Mode": "Partial",
              "Parent Relationship": "Outer",
              "Parallel Aware": false,
              "Startup Cost": 343006.25,
              "Total Cost": 343006.26,
              "Plan Rows": 1,
              "Plan Width": 8,
              "Actual Startup Time": 917.726,
              "Actual Total Time": 917.727,
              "Actual Rows": 1,
              "Actual Loops": 7,
              "Plans": [
                {
                  "Node Type": "Seq Scan",
                  "Parent Relationship": "Outer",
                  "Parallel Aware": true,
                  "Relation Name": "cast_info",
                  "Alias": "ci",
                  "Startup Cost": 0.0,
                  "Total Cost": 328211.39,
                  "Plan Rows": 5917944,
                  "Plan Width": 0,
                  "Actual Startup Time": 0.068,
                  "Actual Total Time": 670.251,
                  "Actual Rows": 5079402,
                  "Actual Loops": 7,
                  "Filter": "(person_id < 3928852)",
                  "Rows Removed by Filter": 98362
                }
              ]
            }
          ]
        }
      ]
    },
    "Planning Time": 0.213,
    "Triggers": [],
    "Execution Time": 972.574
  }
]