[
  {
    "Plan": {
      "Node Type": "Aggregate",
      "Strategy": "Plain",
      "Partial Mode": "Finalize",
      "Parallel Aware": false,
      "Startup Cost": 343954.65,
      "Total Cost": 343954.66,
      "Plan Rows": 1,
      "Plan Width": 8,
      "Actual Startup Time": 904.659,
      "Actual Total Time": 960.39,
      "Actual Rows": 1,
      "Actual Loops": 1,
      "Plans": [
        {
          "Node Type": "Gather",
          "Parent Relationship": "Outer",
          "Parallel Aware": false,
          "Startup Cost": 343954.02,
          "Total Cost": 343954.63,
          "Plan Rows": 6,
          "Plan Width": 8,
          "Actual Startup Time": 904.516,
          "Actual Total Time": 960.38,
          "Actual Rows": 7,
          "Actual Loops": 1,
          "Workers Planned": 6,
          "Workers Launched": 6,
          "Single Copy": false,
          "Plans": [
            {
              "Node Type": "Aggregate",
              "Strategy": "Plain",
              "Partial Mode": "Partial",
              "Parent Relationship": "Outer",
              "Parallel Aware": false,
              "Startup Cost": 342954.02,
              "Total Cost": 342954.03,
              "Plan Rows": 1,
              "Plan Width": 8,
              "Actual Startup Time": 895.271,
              "Actual Total Time": 895.272,
              "Actual Rows": 1,
              "Actual Loops": 7,
              "Plans": [
                {
                  "Node Type": "Seq Scan",
                  "Parent Relationship": "Outer",
                  "Parallel Aware": true,
                  "Relation Name": "cast_info",
                  "Alias": "ci",
                  "Startup Cost": 0.0,
                  "Total Cost": 328162.03,
                  "Plan Rows": 5916798,
                  "Plan Width": 0,
                  "Actual Startup Time": 0.048,
                  "Actual Total Time": 672.455,
                  "Actual Rows": 5079402,
                  "Actual Loops": 7,
                  "Filter": "(person_id < 3928852)",
                  "Rows Removed by Filter": 98362
                }
              ]
            }
          ]
        }
      ]
    },
    "Planning Time": 0.201,
    "Triggers": [],
    "Execution Time": 960.464
  }
]