{
  "Plan": {
    "Node Type": "Aggregate",
    "Strategy": "Plain",
    "Partial Mode": "Finalize",
    "Parallel Aware": false,
    "Startup Cost": 346713.3,
    "Total Cost": 346713.31,
    "Plan Rows": 1,
    "Plan Width": 8,
    "Actual Startup Time": 1116.19,
    "Actual Total Time": 1144.606,
    "Actual Rows": 1,
    "Actual Loops": 1,
    "Plans": [
      {
        "Node Type": "Gather",
        "Parent Relationship": "Outer",
        "Parallel Aware": false,
        "Startup Cost": 346713.19,
        "Total Cost": 346713.3,
        "Plan Rows": 1,
        "Plan Width": 8,
        "Actual Startup Time": 1116.034,
        "Actual Total Time": 1144.597,
        "Actual Rows": 2,
        "Actual Loops": 1,
        "Workers Planned": 1,
        "Workers Launched": 1,
        "Single Copy": false,
        "Plans": [
          {
            "Node Type": "Aggregate",
            "Strategy": "Plain",
            "Partial Mode": "Partial",
            "Parent Relationship": "Outer",
            "Parallel Aware": false,
            "Startup Cost": 345713.19,
            "Total Cost": 345713.2,
            "Plan Rows": 1,
            "Plan Width": 8,
            "Actual Startup Time": 1110.109,
            "Actual Total Time": 1110.112,
            "Actual Rows": 1,
            "Actual Loops": 2,
            "Plans": [
              {
                "Node Type": "Hash Join",
                "Parent Relationship": "Outer",
                "Parallel Aware": true,
                "Join Type": "Inner",
                "Startup Cost": 58370.31,
                "Total Cost": 345676.54,
                "Plan Rows": 14660,
                "Plan Width": 0,
                "Actual Startup Time": 139.199,
                "Actual Total Time": 1109.474,
                "Actual Rows": 10512,
                "Actual Loops": 2,
                "Inner Unique": true,
                "Hash Cond": "(ci.movie_id = t.id)",
                "Plans": [
                  {
                    "Node Type": "Index Scan",
                    "Parent Relationship": "Outer",
                    "Parallel Aware": true,
                    "Scan Direction": "Forward",
                    "Index Name": "role_id_cast_info",
                    "Relation Name": "cast_info",
                    "Alias": "ci",
                    "Startup Cost": 0.56,
                    "Total Cost": 276001.42,
                    "Plan Rows": 4306800,
                    "Plan Width": 4,
                    "Actual Startup Time": 0.061,
                    "Actual Total Time": 659.262,
                    "Actual Rows": 3912820,
                    "Actual Loops": 2,
                    "Index Cond": "(role_id > 5)",
                    "Rows Removed by Index Recheck": 0,
                    "Filter": "(person_id > 531244)",
                    "Rows Removed by Filter": 330336
                  },
                  {
                    "Node Type": "Hash",
                    "Parent Relationship": "Inner",
                    "Parallel Aware": true,
                    "Startup Cost": 58306.47,
                    "Total Cost": 58306.47,
                    "Plan Rows": 5062,
                    "Plan Width": 4,
                    "Actual Startup Time": 137.849,
                    "Actual Total Time": 137.85,
                    "Actual Rows": 4189,
                    "Actual Loops": 2,
                    "Hash Buckets": 16384,
                    "Original Hash Buckets": 16384,
                    "Hash Batches": 1,
                    "Original Hash Batches": 1,
                    "Peak Memory Usage": 512,
                    "Plans": [
                      {
                        "Node Type": "Seq Scan",
                        "Parent Relationship": "Outer",
                        "Parallel Aware": true,
                        "Relation Name": "title",
                        "Alias": "t",
                        "Startup Cost": 0.0,
                        "Total Cost": 58306.47,
                        "Plan Rows": 5062,
                        "Plan Width": 4,
                        "Actual Startup Time": 0.196,
                        "Actual Total Time": 136.16,
                        "Actual Rows": 4189,
                        "Actual Loops": 2,
                        "Filter": "((kind_id = 7) AND (production_year = 1979))",
                        "Rows Removed by Filter": 1259967
                      }
                    ]
                  }
                ]
              }
            ]
          }
        ]
      }
    ]
  },
  "Planning Time": 0.511,
  "Triggers": [],
  "Execution Time": 1144.69
}