[
    {
        "Bao": {
            "Bao prediction": "NaN",
            "Bao recommended hint": "(no hint)"
        }
    },
    {
        "Plan": {
            "Node Type": "Aggregate",
            "Strategy": "Plain",
            "Partial Mode": "Finalize",
            "Parallel Aware": false,
            "Startup Cost": 335670.04,
            "Total Cost": 335670.05,
            "Plan Rows": 1,
            "Plan Width": 8,
            "Actual Startup Time": 5078.394,
            "Actual Total Time": 5124.974,
            "Actual Rows": 1,
            "Actual Loops": 1,
            "Output": [
                "count(*)"
            ],
            "Plans": [
                {
                    "Node Type": "Gather",
                    "Parent Relationship": "Outer",
                    "Parallel Aware": false,
                    "Startup Cost": 335669.52,
                    "Total Cost": 335670.03,
                    "Plan Rows": 5,
                    "Plan Width": 8,
                    "Actual Startup Time": 5043.278,
                    "Actual Total Time": 5124.963,
                    "Actual Rows": 6,
                    "Actual Loops": 1,
                    "Output": [
                        "(PARTIAL count(*))"
                    ],
                    "Workers Planned": 5,
                    "Workers Launched": 5,
                    "Single Copy": false,
                    "Plans": [
                        {
                            "Node Type": "Aggregate",
                            "Strategy": "Plain",
                            "Partial Mode": "Partial",
                            "Parent Relationship": "Outer",
                            "Parallel Aware": false,
                            "Startup Cost": 334669.52,
                            "Total Cost": 334669.53,
                            "Plan Rows": 1,
                            "Plan Width": 8,
                            "Actual Startup Time": 5030.067,
                            "Actual Total Time": 5031.002,
                            "Actual Rows": 1,
                            "Actual Loops": 6,
                            "Output": [
                                "PARTIAL count(*)"
                            ],
                            "Workers": [
                                {
                                    "Worker Number": 0,
                                    "Actual Startup Time": 5030.093,
                                    "Actual Total Time": 5030.098,
                                    "Actual Rows": 1,
                                    "Actual Loops": 1
                                },
                                {
                                    "Worker Number": 1,
                                    "Actual Startup Time": 5026.794,
                                    "Actual Total Time": 5026.8,
                                    "Actual Rows": 1,
                                    "Actual Loops": 1
                                },
                                {
                                    "Worker Number": 2,
                                    "Actual Startup Time": 5026.872,
                                    "Actual Total Time": 5026.876,
                                    "Actual Rows": 1,
                                    "Actual Loops": 1
                                },
                                {
                                    "Worker Number": 3,
                                    "Actual Startup Time": 5026.851,
                                    "Actual Total Time": 5026.856,
                                    "Actual Rows": 1,
                                    "Actual Loops": 1
                                },
                                {
                                    "Worker Number": 4,
                                    "Actual Startup Time": 5026.916,
                                    "Actual Total Time": 5026.921,
                                    "Actual Rows": 1,
                                    "Actual Loops": 1
                                }
                            ],
                            "Plans": [
                                {
                                    "Node Type": "Hash Join",
                                    "Parent Relationship": "Outer",
                                    "Parallel Aware": true,
                                    "Join Type": "Inner",
                                    "Startup Cost": 109450.74,
                                    "Total Cost": 324780.4,
                                    "Plan Rows": 3955646,
                                    "Plan Width": 0,
                                    "Actual Startup Time": 626.173,
                                    "Actual Total Time": 3667.586,
                                    "Actual Rows": 30816018,
                                    "Actual Loops": 6,
                                    "Inner Unique": false,
                                    "Hash Cond": "(mi.movie_id = t.id)",
                                    "Workers": [
                                        {
                                            "Worker Number": 0,
                                            "Actual Startup Time": 623.617,
                                            "Actual Total Time": 3661.453,
                                            "Actual Rows": 29769996,
                                            "Actual Loops": 1
                                        },
                                        {
                                            "Worker Number": 1,
                                            "Actual Startup Time": 623.518,
                                            "Actual Total Time": 3670.169,
                                            "Actual Rows": 31010028,
                                            "Actual Loops": 1
                                        },
                                        {
                                            "Worker Number": 2,
                                            "Actual Startup Time": 623.212,
                                            "Actual Total Time": 3673.562,
                                            "Actual Rows": 33489649,
                                            "Actual Loops": 1
                                        },
                                        {
                                            "Worker Number": 3,
                                            "Actual Startup Time": 623.502,
                                            "Actual Total Time": 3664.263,
                                            "Actual Rows": 31100948,
                                            "Actual Loops": 1
                                        },
                                        {
                                            "Worker Number": 4,
                                            "Actual Startup Time": 623.598,
                                            "Actual Total Time": 3662.263,
                                            "Actual Rows": 27805914,
                                            "Actual Loops": 1
                                        }
                                    ],
                                    "Plans": [
                                        {
                                            "Node Type": "Seq Scan",
                                            "Parent Relationship": "Outer",
                                            "Parallel Aware": true,
                                            "Relation Name": "movie_info",
                                            "Schema": "public",
                                            "Alias": "mi",
                                            "Startup Cost": 0.0,
                                            "Total Cost": 191503.19,
                                            "Plan Rows": 2951019,
                                            "Plan Width": 4,
                                            "Actual Startup Time": 0.025,
                                            "Actual Total Time": 269.987,
                                            "Actual Rows": 2472620,
                                            "Actual Loops": 6,
                                            "Output": [
                                                "mi.id",
                                                "mi.movie_id",
                                                "mi.info_type_id",
                                                "mi.info",
                                                "mi.note"
                                            ],
                                            "Workers": [
                                                {
                                                    "Worker Number": 0,
                                                    "Actual Startup Time": 0.033,
                                                    "Actual Total Time": 289.129,
                                                    "Actual Rows": 2236193,
                                                    "Actual Loops": 1
                                                },
                                                {
                                                    "Worker Number": 1,
                                                    "Actual Startup Time": 0.025,
                                                    "Actual Total Time": 276.857,
                                                    "Actual Rows": 2541679,
                                                    "Actual Loops": 1
                                                },
                                                {
                                                    "Worker Number": 2,
                                                    "Actual Startup Time": 0.024,
                                                    "Actual Total Time": 286.648,
                                                    "Actual Rows": 2723853,
                                                    "Actual Loops": 1
                                                },
                                                {
                                                    "Worker Number": 3,
                                                    "Actual Startup Time": 0.023,
                                                    "Actual Total Time": 273.784,
                                                    "Actual Rows": 2535099,
                                                    "Actual Loops": 1
                                                },
                                                {
                                                    "Worker Number": 4,
                                                    "Actual Startup Time": 0.038,
                                                    "Actual Total Time": 285.66,
                                                    "Actual Rows": 2133826,
                                                    "Actual Loops": 1
                                                }
                                            ]
                                        },
                                        {
                                            "Node Type": "Hash",
                                            "Parent Relationship": "Inner",
                                            "Parallel Aware": true,
                                            "Startup Cost": 95785.22,
                                            "Total Cost": 95785.22,
                                            "Plan Rows": 1093242,
                                            "Plan Width": 8,
                                            "Actual Startup Time": 620.172,
                                            "Actual Total Time": 621.104,
                                            "Actual Rows": 564524,
                                            "Actual Loops": 6,
                                            "Output": [
                                                "t.id",
                                                "mk.movie_id"
                                            ],
                                            "Hash Buckets": 4194304,
                                            "Original Hash Buckets": 4194304,
                                            "Hash Batches": 1,
                                            "Original Hash Batches": 1,
                                            "Peak Memory Usage": 165344,
                                            "Workers": [
                                                {
                                                    "Worker Number": 0,
                                                    "Actual Startup Time": 622.23,
                                                    "Actual Total Time": 622.233,
                                                    "Actual Rows": 423602,
                                                    "Actual Loops": 1
                                                },
                                                {
                                                    "Worker Number": 1,
                                                    "Actual Startup Time": 622.291,
                                                    "Actual Total Time": 622.295,
                                                    "Actual Rows": 621013,
                                                    "Actual Loops": 1
                                                },
                                                {
                                                    "Worker Number": 2,
                                                    "Actual Startup Time": 622.365,
                                                    "Actual Total Time": 622.368,
                                                    "Actual Rows": 644166,
                                                    "Actual Loops": 1
                                                },
                                                {
                                                    "Worker Number": 3,
                                                    "Actual Startup Time": 622.341,
                                                    "Actual Total Time": 622.344,
                                                    "Actual Rows": 625745,
                                                    "Actual Loops": 1
                                                },
                                                {
                                                    "Worker Number": 4,
                                                    "Actual Startup Time": 622.436,
                                                    "Actual Total Time": 622.44,
                                                    "Actual Rows": 416884,
                                                    "Actual Loops": 1
                                                }
                                            ],
                                            "Plans": [
                                                {
                                                    "Node Type": "Hash Join",
                                                    "Parent Relationship": "Outer",
                                                    "Parallel Aware": true,
                                                    "Join Type": "Inner",
                                                    "Startup Cost": 50219.81,
                                                    "Total Cost": 95785.22,
                                                    "Plan Rows": 1093242,
                                                    "Plan Width": 8,
                                                    "Actual Startup Time": 262.173,
                                                    "Actual Total Time": 469.059,
                                                    "Actual Rows": 564524,
                                                    "Actual Loops": 6,
                                                    "Output": [
                                                        "t.id",
                                                        "mk.movie_id"
                                                    ],
                                                    "Inner Unique": true,
                                                    "Hash Cond": "(mk.movie_id = t.id)",
                                                    "Workers": [
                                                        {
                                                            "Worker Number": 0,
                                                            "Actual Startup Time": 262.169,
                                                            "Actual Total Time": 471.046,
                                                            "Actual Rows": 423602,
                                                            "Actual Loops": 1
                                                        },
                                                        {
                                                            "Worker Number": 1,
                                                            "Actual Startup Time": 262.151,
                                                            "Actual Total Time": 467.782,
                                                            "Actual Rows": 621013,
                                                            "Actual Loops": 1
                                                        },
                                                        {
                                                            "Worker Number": 2,
                                                            "Actual Startup Time": 262.143,
                                                            "Actual Total Time": 467.426,
                                                            "Actual Rows": 644166,
                                                            "Actual Loops": 1
                                                        },
                                                        {
                                                            "Worker Number": 3,
                                                            "Actual Startup Time": 262.148,
                                                            "Actual Total Time": 467.754,
                                                            "Actual Rows": 625745,
                                                            "Actual Loops": 1
                                                        },
                                                        {
                                                            "Worker Number": 4,
                                                            "Actual Startup Time": 262.177,
                                                            "Actual Total Time": 469.348,
                                                            "Actual Rows": 416884,
                                                            "Actual Loops": 1
                                                        }
                                                    ],
                                                    "Plans": [
                                                        {
                                                            "Node Type": "Seq Scan",
                                                            "Parent Relationship": "Outer",
                                                            "Parallel Aware": true,
                                                            "Relation Name": "movie_keyword",
                                                            "Schema": "public",
                                                            "Alias": "mk",
                                                            "Startup Cost": 0.0,
                                                            "Total Cost": 42695.65,
                                                            "Plan Rows": 1093242,
                                                            "Plan Width": 4,
                                                            "Actual Startup Time": 0.048,
                                                            "Actual Total Time": 91.792,
                                                            "Actual Rows": 564524,
                                                            "Actual Loops": 6,
                                                            "Output": [
                                                                "mk.id",
                                                                "mk.movie_id",
                                                                "mk.keyword_id"
                                                            ],
                                                            "Filter": "(mk.keyword_id > 1265)",
                                                            "Rows Removed by Filter": 189464,
                                                            "Workers": [
                                                                {
                                                                    "Worker Number": 0,
                                                                    "Actual Startup Time": 0.033,
                                                                    "Actual Total Time": 95.145,
                                                                    "Actual Rows": 423602,
                                                                    "Actual Loops": 1
                                                                },
                                                                {
                                                                    "Worker Number": 1,
                                                                    "Actual Startup Time": 0.024,
                                                                    "Actual Total Time": 92.295,
                                                                    "Actual Rows": 621013,
                                                                    "Actual Loops": 1
                                                                },
                                                                {
                                                                    "Worker Number": 2,
                                                                    "Actual Startup Time": 0.043,
                                                                    "Actual Total Time": 92.159,
                                                                    "Actual Rows": 644166,
                                                                    "Actual Loops": 1
                                                                },
                                                                {
                                                                    "Worker Number": 3,
                                                                    "Actual Startup Time": 0.042,
                                                                    "Actual Total Time": 92.453,
                                                                    "Actual Rows": 625745,
                                                                    "Actual Loops": 1
                                                                },
                                                                {
                                                                    "Worker Number": 4,
                                                                    "Actual Startup Time": 0.034,
                                                                    "Actual Total Time": 95.103,
                                                                    "Actual Rows": 416884,
                                                                    "Actual Loops": 1
                                                                }
                                                            ]
                                                        },
                                                        {
                                                            "Node Type": "Hash",
                                                            "Parent Relationship": "Inner",
                                                            "Parallel Aware": true,
                                                            "Startup Cost": 42318.81,
                                                            "Total Cost": 42318.81,
                                                            "Plan Rows": 632080,
                                                            "Plan Width": 4,
                                                            "Actual Startup Time": 258.117,
                                                            "Actual Total Time": 258.118,
                                                            "Actual Rows": 421385,
                                                            "Actual Loops": 6,
                                                            "Output": [
                                                                "t.id"
                                                            ],
                                                            "Hash Buckets": 4194304,
                                                            "Original Hash Buckets": 4194304,
                                                            "Hash Batches": 1,
                                                            "Original Hash Batches": 1,
                                                            "Peak Memory Usage": 131776,
                                                            "Workers": [
                                                                {
                                                                    "Worker Number": 0,
                                                                    "Actual Startup Time": 261.8,
                                                                    "Actual Total Time": 261.801,
                                                                    "Actual Rows": 324677,
                                                                    "Actual Loops": 1
                                                                },
                                                                {
                                                                    "Worker Number": 1,
                                                                    "Actual Startup Time": 261.837,
                                                                    "Actual Total Time": 261.838,
                                                                    "Actual Rows": 432008,
                                                                    "Actual Loops": 1
                                                                },
                                                                {
                                                                    "Worker Number": 2,
                                                                    "Actual Startup Time": 261.783,
                                                                    "Actual Total Time": 261.785,
                                                                    "Actual Rows": 440652,
                                                                    "Actual Loops": 1
                                                                },
                                                                {
                                                                    "Worker Number": 3,
                                                                    "Actual Startup Time": 261.788,
                                                                    "Actual Total Time": 261.789,
                                                                    "Actual Rows": 438687,
                                                                    "Actual Loops": 1
                                                                },
                                                                {
                                                                    "Worker Number": 4,
                                                                    "Actual Startup Time": 261.793,
                                                                    "Actual Total Time": 261.794,
                                                                    "Actual Rows": 318529,
                                                                    "Actual Loops": 1
                                                                }
                                                            ],
                                                            "Plans": [
                                                                {
                                                                    "Node Type": "Seq Scan",
                                                                    "Parent Relationship": "Outer",
                                                                    "Parallel Aware": true,
                                                                    "Relation Name": "title",
                                                                    "Schema": "public",
                                                                    "Alias": "t",
                                                                    "Startup Cost": 0.0,
                                                                    "Total Cost": 42318.81,
                                                                    "Plan Rows": 632080,
                                                                    "Plan Width": 4,
                                                                    "Actual Startup Time": 0.037,
                                                                    "Actual Total Time": 75.697,
                                                                    "Actual Rows": 421385,
                                                                    "Actual Loops": 6,
                                                                    "Output": [
                                                                        "t.id"
                                                                    ],
                                                                    "Workers": [
                                                                        {
                                                                            "Worker Number": 0,
                                                                            "Actual Startup Time": 0.045,
                                                                            "Actual Total Time": 82.01,
                                                                            "Actual Rows": 324677,
                                                                            "Actual Loops": 1
                                                                        },
                                                                        {
                                                                            "Worker Number": 1,
                                                                            "Actual Startup Time": 0.03,
                                                                            "Actual Total Time": 77.213,
                                                                            "Actual Rows": 432008,
                                                                            "Actual Loops": 1
                                                                        },
                                                                        {
                                                                            "Worker Number": 2,
                                                                            "Actual Startup Time": 0.043,
                                                                            "Actual Total Time": 74.83,
                                                                            "Actual Rows": 440652,
                                                                            "Actual Loops": 1
                                                                        },
                                                                        {
                                                                            "Worker Number": 3,
                                                                            "Actual Startup Time": 0.049,
                                                                            "Actual Total Time": 76.982,
                                                                            "Actual Rows": 438687,
                                                                            "Actual Loops": 1
                                                                        },
                                                                        {
                                                                            "Worker Number": 4,
                                                                            "Actual Startup Time": 0.045,
                                                                            "Actual Total Time": 81.477,
                                                                            "Actual Rows": 318529,
                                                                            "Actual Loops": 1
                                                                        }
                                                                    ]
                                                                }
                                                            ]
                                                        }
                                                    ]
                                                }
                                            ]
                                        }
                                    ]
                                }
                            ]
                        }
                    ]
                }
            ]
        },
        "Planning Time": 210.787,
        "Triggers": [],
        "Execution Time": 5125.043
    }
]