[
  {
    "Plan": {
      "Node Type": "Aggregate",
      "Strategy": "Plain",
      "Partial Mode": "Finalize",
      "Parallel Aware": false,
      "Startup Cost": 291674.11,
      "Total Cost": 291674.12,
      "Plan Rows": 1,
      "Plan Width": 8,
      "Actual Startup Time": 1634.998,
      "Actual Total Time": 1680.964,
      "Actual Rows": 1,
      "Actual Loops": 1,
      "Plans": [
        {
          "Node Type": "Gather",
          "Parent Relationship": "Outer",
          "Parallel Aware": false,
          "Startup Cost": 291673.59,
          "Total Cost": 291674.1,
          "Plan Rows": 5,
          "Plan Width": 8,
          "Actual Startup Time": 1624.447,
          "Actual Total Time": 1680.955,
          "Actual Rows": 6,
          "Actual Loops": 1,
          "Workers Planned": 5,
          "Workers Launched": 5,
          "Single Copy": false,
          "Plans": [
            {
              "Node Type": "Aggregate",
              "Strategy": "Plain",
              "Partial Mode": "Partial",
              "Parent Relationship": "Outer",
              "Parallel Aware": false,
              "Startup Cost": 290673.59,
              "Total Cost": 290673.6,
              "Plan Rows": 1,
              "Plan Width": 8,
              "Actual Startup Time": 1612.29,
              "Actual Total Time": 1612.297,
              "Actual Rows": 1,
              "Actual Loops": 6,
              "Plans": [
                {
                  "Node Type": "Hash Join",
                  "Parent Relationship": "Outer",
                  "Parallel Aware": true,
                  "Join Type": "Inner",
                  "Startup Cost": 83312.62,
                  "Total Cost": 288317.15,
                  "Plan Rows": 942577,
                  "Plan Width": 0,
                  "Actual Startup Time": 419.507,
                  "Actual Total Time": 1505.201,
                  "Actual Rows": 2578437,
                  "Actual Loops": 6,
                  "Inner Unique": false,
                  "Hash Cond": "(mi.movie_id = t.id)",
                  "Plans": [
                    {
                      "Node Type": "Seq Scan",
                      "Parent Relationship": "Outer",
                      "Parallel Aware": true,
                      "Relation Name": "movie_info",
                      "Alias": "mi",
                      "Startup Cost": 0.0,
                      "Total Cost": 191560.33,
                      "Plan Rows": 2956733,
                      "Plan Width": 4,
                      "Actual Startup Time": 0.015,
                      "Actual Total Time": 296.14,
                      "Actual Rows": 2472620,
                      "Actual Loops": 6
                    },
                    {
                      "Node Type": "Hash",
                      "Parent Relationship": "Inner",
                      "Parallel Aware": true,
                      "Startup Cost": 80793.88,
                      "Total Cost": 80793.88,
                      "Plan Rows": 201499,
                      "Plan Width": 8,
                      "Actual Startup Time": 414.028,
                      "Actual Total Time": 414.034,
                      "Actual Rows": 170755,
                      "Actual Loops": 6,
                      "Hash Buckets": 1048576,
                      "Original Hash Buckets": 1048576,
                      "Hash Batches": 1,
                      "Original Hash Batches": 1,
                      "Peak Memory Usage": 48352,
                      "Plans": [
                        {
                          "Node Type": "Hash Join",
                          "Parent Relationship": "Outer",
                          "Parallel Aware": true,
                          "Join Type": "Inner",
                          "Startup Cost": 34664.79,
                          "Total Cost": 80793.88,
                          "Plan Rows": 201499,
                          "Plan Width": 8,
                          "Actual Startup Time": 133.712,
                          "Actual Total Time": 348.426,
                          "Actual Rows": 170755,
                          "Actual Loops": 6,
                          "Inner Unique": false,
                          "Hash Cond": "(t.id = mc.movie_id)",
                          "Plans": [
                            {
                              "Node Type": "Seq Scan",
                              "Parent Relationship": "Outer",
                              "Parallel Aware": true,
                              "Relation Name": "title",
                              "Alias": "t",
                              "Startup Cost": 0.0,
                              "Total Cost": 42318.73,
                              "Plan Rows": 632073,
                              "Plan Width": 4,
                              "Actual Startup Time": 0.015,
                              "Actual Total Time": 58.413,
                              "Actual Rows": 421385,
                              "Actual Loops": 6
                            },
                            {
                              "Node Type": "Hash",
                              "Parent Relationship": "Inner",
                              "Parallel Aware": true,
                              "Startup Cost": 31414.82,
                              "Total Cost": 31414.82,
                              "Plan Rows": 259998,
                              "Plan Width": 4,
                              "Actual Startup Time": 131.815,
                              "Actual Total Time": 131.816,
                              "Actual Rows": 170755,
                              "Actual Loops": 6,
                              "Hash Buckets": 1048576,
                              "Original Hash Buckets": 1048576,
                              "Hash Batches": 1,
                              "Original Hash Batches": 1,
                              "Peak Memory Usage": 48384,
                              "Plans": [
                                {
                                  "Node Type": "Seq Scan",
                                  "Parent Relationship": "Outer",
                                  "Parallel Aware": true,
                                  "Relation Name": "movie_companies",
                                  "Alias": "mc",
                                  "Startup Cost": 0.0,
                                  "Total Cost": 31414.82,
                                  "Plan Rows": 259998,
                                  "Plan Width": 4,
                                  "Actual Startup Time": 41.571,
                                  "Actual Total Time": 70.176,
                                  "Actual Rows": 170755,
                                  "Actual Loops": 6,
                                  "Filter": "((company_id > 5379) AND (company_type_id > 1))",
                                  "Rows Removed by Filter": 264100
                                }
                              ]
                            }
                          ]
                        }
                      ]
                    }
                  ]
                }
              ]
            }
          ]
        }
      ]
    },
    "Planning Time": 1.496,
    "Triggers": [],
    "Execution Time": 1681.061
  }
]