[
  {
    "Plan": {
      "Node Type": "Aggregate",
      "Strategy": "Plain",
      "Partial Mode": "Finalize",
      "Parallel Aware": false,
      "Startup Cost": 281018.77,
      "Total Cost": 281018.78,
      "Plan Rows": 1,
      "Plan Width": 8,
      "Actual Startup Time": 1034.044,
      "Actual Total Time": 1084.957,
      "Actual Rows": 1,
      "Actual Loops": 1,
      "Plans": [
        {
          "Node Type": "Gather",
          "Parent Relationship": "Outer",
          "Parallel Aware": false,
          "Startup Cost": 281018.46,
          "Total Cost": 281018.77,
          "Plan Rows": 3,
          "Plan Width": 8,
          "Actual Startup Time": 1029.534,
          "Actual Total Time": 1084.947,
          "Actual Rows": 4,
          "Actual Loops": 1,
          "Workers Planned": 3,
          "Workers Launched": 3,
          "Single Copy": false,
          "Plans": [
            {
              "Node Type": "Aggregate",
              "Strategy": "Plain",
              "Partial Mode": "Partial",
              "Parent Relationship": "Outer",
              "Parallel Aware": false,
              "Startup Cost": 280018.46,
              "Total Cost": 280018.47,
              "Plan Rows": 1,
              "Plan Width": 8,
              "Actual Startup Time": 1019.721,
              "Actual Total Time": 1019.726,
              "Actual Rows": 1,
              "Actual Loops": 4,
              "Plans": [
                {
                  "Node Type": "Hash Join",
                  "Parent Relationship": "Outer",
                  "Parallel Aware": true,
                  "Join Type": "Inner",
                  "Startup Cost": 248831.18,
                  "Total Cost": 279560.39,
                  "Plan Rows": 183228,
                  "Plan Width": 0,
                  "Actual Startup Time": 721.798,
                  "Actual Total Time": 956.886,
                  "Actual Rows": 1628707,
                  "Actual Loops": 4,
                  "Inner Unique": false,
                  "Hash Cond": "(mc.movie_id = t.id)",
                  "Plans": [
                    {
                      "Node Type": "Seq Scan",
                      "Parent Relationship": "Outer",
                      "Parallel Aware": true,
                      "Relation Name": "movie_companies",
                      "Alias": "mc",
                      "Startup Cost": 0.0,
                      "Total Cost": 27206.55,
                      "Plan Rows": 841655,
                      "Plan Width": 4,
                      "Actual Startup Time": 0.017,
                      "Actual Total Time": 55.757,
                      "Actual Rows": 652282,
                      "Actual Loops": 4
                    },
                    {
                      "Node Type": "Hash",
                      "Parent Relationship": "Inner",
                      "Parallel Aware": true,
                      "Startup Cost": 247455.15,
                      "Total Cost": 247455.15,
                      "Plan Rows": 110082,
                      "Plan Width": 8,
                      "Actual Startup Time": 686.404,
                      "Actual Total Time": 686.407,
                      "Actual Rows": 166890,
                      "Actual Loops": 4,
                      "Hash Buckets": 1048576,
                      "Original Hash Buckets": 1048576,
                      "Hash Batches": 1,
                      "Original Hash Batches": 1,
                      "Peak Memory Usage": 34368,
                      "Plans": [
                        {
                          "Node Type": "Hash Join",
                          "Parent Relationship": "Outer",
                          "Parallel Aware": true,
                          "Join Type": "Inner",
                          "Startup Cost": 46937.25,
                          "Total Cost": 247455.15,
                          "Plan Rows": 110082,
                          "Plan Width": 8,
                          "Actual Startup Time": 344.204,
                          "Actual Total Time": 639.92,
                          "Actual Rows": 166890,
                          "Actual Loops": 4,
                          "Inner Unique": true,
                          "Hash Cond": "(mi.movie_id = t.id)",
                          "Plans": [
                            {
                              "Node Type": "Seq Scan",
                              "Parent Relationship": "Outer",
                              "Parallel Aware": true,
                              "Relation Name": "movie_info",
                              "Alias": "mi",
                              "Startup Cost": 0.0,
                              "Total Cost": 198952.16,
                              "Plan Rows": 596472,
                              "Plan Width": 4,
                              "Actual Startup Time": 93.08,
                              "Actual Total Time": 383.788,
                              "Actual Rows": 759180,
                              "Actual Loops": 4,
                              "Filter": "(info_type_id = 16)",
                              "Rows Removed by Filter": 2949750
                            },
                            {
                              "Node Type": "Hash",
                              "Parent Relationship": "Inner",
                              "Parallel Aware": true,
                              "Startup Cost": 45479.1,
                              "Total Cost": 45479.1,
                              "Plan Rows": 116652,
                              "Plan Width": 4,
                              "Actual Startup Time": 135.563,
                              "Actual Total Time": 135.564,
                              "Actual Rows": 85186,
                              "Actual Loops": 4,
                              "Hash Buckets": 524288,
                              "Original Hash Buckets": 524288,
                              "Hash Batches": 1,
                              "Original Hash Batches": 1,
                              "Peak Memory Usage": 17504,
                              "Plans": [
                                {
                                  "Node Type": "Seq Scan",
                                  "Parent Relationship": "Outer",
                                  "Parallel Aware": true,
                                  "Relation Name": "title",
                                  "Alias": "t",
                                  "Startup Cost": 0.0,
                                  "Total Cost": 45479.1,
                                  "Plan Rows": 116652,
                                  "Plan Width": 4,
                                  "Actual Startup Time": 49.897,
                                  "Actual Total Time": 104.448,
                                  "Actual Rows": 85186,
                                  "Actual Loops": 4,
                                  "Filter": "((production_year > 1989) AND (kind_id = 1))",
                                  "Rows Removed by Filter": 546892
                                }
                              ]
                            }
                          ]
                        }
                      ]
                    }
                  ]
                }
              ]
            }
          ]
        }
      ]
    },
    "Planning Time": 1.496,
    "Triggers": [],
    "Execution Time": 1085.051
  }
]