[
  {
    "Plan": {
      "Node Type": "Aggregate",
      "Strategy": "Plain",
      "Partial Mode": "Finalize",
      "Parallel Aware": false,
      "Startup Cost": 410561.52,
      "Total Cost": 410561.53,
      "Plan Rows": 1,
      "Plan Width": 8,
      "Actual Startup Time": 1831.097,
      "Actual Total Time": 1856.098,
      "Actual Rows": 1,
      "Actual Loops": 1,
      "Plans": [
        {
          "Node Type": "Gather",
          "Parent Relationship": "Outer",
          "Parallel Aware": false,
          "Startup Cost": 410561.2,
          "Total Cost": 410561.51,
          "Plan Rows": 3,
          "Plan Width": 8,
          "Actual Startup Time": 1815.509,
          "Actual Total Time": 1856.086,
          "Actual Rows": 4,
          "Actual Loops": 1,
          "Workers Planned": 3,
          "Workers Launched": 3,
          "Single Copy": false,
          "Plans": [
            {
              "Node Type": "Aggregate",
              "Strategy": "Plain",
              "Partial Mode": "Partial",
              "Parent Relationship": "Outer",
              "Parallel Aware": false,
              "Startup Cost": 409561.2,
              "Total Cost": 409561.21,
              "Plan Rows": 1,
              "Plan Width": 8,
              "Actual Startup Time": 1801.888,
              "Actual Total Time": 1802.099,
              "Actual Rows": 1,
              "Actual Loops": 4,
              "Plans": [
                {
                  "Node Type": "Hash Join",
                  "Parent Relationship": "Outer",
                  "Parallel Aware": true,
                  "Join Type": "Inner",
                  "Startup Cost": 357723.39,
                  "Total Cost": 406959.02,
                  "Plan Rows": 1040871,
                  "Plan Width": 0,
                  "Actual Startup Time": 947.034,
                  "Actual Total Time": 1573.077,
                  "Actual Rows": 5850951,
                  "Actual Loops": 4,
                  "Inner Unique": false,
                  "Hash Cond": "(mk.movie_id = t.id)",
                  "Plans": [
                    {
                      "Node Type": "Seq Scan",
                      "Parent Relationship": "Outer",
                      "Parallel Aware": true,
                      "Relation Name": "movie_keyword",
                      "Alias": "mk",
                      "Startup Cost": 0.0,
                      "Total Cost": 42695.65,
                      "Plan Rows": 1281386,
                      "Plan Width": 4,
                      "Actual Startup Time": 0.043,
                      "Actual Total Time": 111.059,
                      "Actual Rows": 989415,
                      "Actual Loops": 4,
                      "Filter": "(keyword_id > 398)",
                      "Rows Removed by Filter": 141568
                    },
                    {
                      "Node Type": "Hash",
                      "Parent Relationship": "Inner",
                      "Parallel Aware": true,
                      "Startup Cost": 353444.78,
                      "Total Cost": 353444.78,
                      "Plan Rows": 342289,
                      "Plan Width": 8,
                      "Actual Startup Time": 939.009,
                      "Actual Total Time": 939.219,
                      "Actual Rows": 493599,
                      "Actual Loops": 4,
                      "Hash Buckets": 2097152,
                      "Original Hash Buckets": 2097152,
                      "Hash Batches": 1,
                      "Original Hash Batches": 1,
                      "Peak Memory Usage": 93696,
                      "Plans": [
                        {
                          "Node Type": "Hash Join",
                          "Parent Relationship": "Outer",
                          "Parallel Aware": true,
                          "Join Type": "Inner",
                          "Startup Cost": 95580.66,
                          "Total Cost": 353444.78,
                          "Plan Rows": 342289,
                          "Plan Width": 8,
                          "Actual Startup Time": 427.858,
                          "Actual Total Time": 763.108,
                          "Actual Rows": 493599,
                          "Actual Loops": 4,
                          "Inner Unique": true,
                          "Hash Cond": "(ci.movie_id = t.id)",
                          "Plans": [
                            {
                              "Node Type": "Bitmap Heap Scan",
                              "Parent Relationship": "Outer",
                              "Parallel Aware": true,
                              "Relation Name": "cast_info",
                              "Alias": "ci",
                              "Startup Cost": 45361.01,
                              "Total Cost": 302326.63,
                              "Plan Rows": 342289,
                              "Plan Width": 4,
                              "Actual Startup Time": 77.485,
                              "Actual Total Time": 160.737,
                              "Actual Rows": 493599,
                              "Actual Loops": 4,
                              "Recheck Cond": "(person_id > 3673818)",
                              "Rows Removed by Index Recheck": 0,
                              "Exact Heap Blocks": 7359,
                              "Lossy Heap Blocks": 0,
                              "Plans": [
                                {
                                  "Node Type": "Bitmap Index Scan",
                                  "Parent Relationship": "Outer",
                                  "Parallel Aware": false,
                                  "Index Name": "person_id_cast_info",
                                  "Startup Cost": 0.0,
                                  "Total Cost": 44847.58,
                                  "Plan Rows": 2053735,
                                  "Plan Width": 0,
                                  "Actual Startup Time": 72.59,
                                  "Actual Total Time": 72.59,
                                  "Actual Rows": 1974396,
                                  "Actual Loops": 1,
                                  "Index Cond": "(person_id > 3673818)"
                                }
                              ]
                            },
                            {
                              "Node Type": "Hash",
                              "Parent Relationship": "Inner",
                              "Parallel Aware": true,
                              "Startup Cost": 42318.73,
                              "Total Cost": 42318.73,
                              "Plan Rows": 632073,
                              "Plan Width": 4,
                              "Actual Startup Time": 343.242,
                              "Actual Total Time": 343.243,
                              "Actual Rows": 632078,
                              "Actual Loops": 4,
                              "Hash Buckets": 4194304,
                              "Original Hash Buckets": 4194304,
                              "Hash Batches": 1,
                              "Original Hash Batches": 1,
                              "Peak Memory Usage": 131744,
                              "Plans": [
                                {
                                  "Node Type": "Seq Scan",
                                  "Parent Relationship": "Outer",
                                  "Parallel Aware": true,
                                  "Relation Name": "title",
                                  "Alias": "t",
                                  "Startup Cost": 0.0,
                                  "Total Cost": 42318.73,
                                  "Plan Rows": 632073,
                                  "Plan Width": 4,
                                  "Actual Startup Time": 0.044,
                                  "Actual Total Time": 97.208,
                                  "Actual Rows": 632078,
                                  "Actual Loops": 4
                                }
                              ]
                            }
                          ]
                        }
                      ]
                    }
                  ]
                }
              ]
            }
          ]
        }
      ]
    },
    "Planning Time": 1.372,
    "Triggers": [],
    "Execution Time": 1856.213
  }
]