[
  {
    "Plan": {
      "Node Type": "Aggregate",
      "Strategy": "Plain",
      "Partial Mode": "Finalize",
      "Parallel Aware": false,
      "Startup Cost": 201067.36,
      "Total Cost": 201067.37,
      "Plan Rows": 1,
      "Plan Width": 8,
      "Actual Startup Time": 1000.116,
      "Actual Total Time": 1033.927,
      "Actual Rows": 1,
      "Actual Loops": 1,
      "Plans": [
        {
          "Node Type": "Gather",
          "Parent Relationship": "Outer",
          "Parallel Aware": false,
          "Startup Cost": 201066.84,
          "Total Cost": 201067.35,
          "Plan Rows": 5,
          "Plan Width": 8,
          "Actual Startup Time": 980.062,
          "Actual Total Time": 1033.916,
          "Actual Rows": 6,
          "Actual Loops": 1,
          "Workers Planned": 5,
          "Workers Launched": 5,
          "Single Copy": false,
          "Plans": [
            {
              "Node Type": "Aggregate",
              "Strategy": "Plain",
              "Partial Mode": "Partial",
              "Parent Relationship": "Outer",
              "Parallel Aware": false,
              "Startup Cost": 200066.84,
              "Total Cost": 200066.85,
              "Plan Rows": 1,
              "Plan Width": 8,
              "Actual Startup Time": 965.555,
              "Actual Total Time": 966.151,
              "Actual Rows": 1,
              "Actual Loops": 6,
              "Plans": [
                {
                  "Node Type": "Hash Join",
                  "Parent Relationship": "Outer",
                  "Parallel Aware": true,
                  "Join Type": "Inner",
                  "Startup Cost": 86104.92,
                  "Total Cost": 199397.36,
                  "Plan Rows": 267791,
                  "Plan Width": 0,
                  "Actual Startup Time": 513.553,
                  "Actual Total Time": 935.536,
                  "Actual Rows": 542036,
                  "Actual Loops": 6,
                  "Inner Unique": false,
                  "Hash Cond": "(ci.movie_id = t.id)",
                  "Plans": [
                    {
                      "Node Type": "Index Scan",
                      "Parent Relationship": "Outer",
                      "Parallel Aware": true,
                      "Scan Direction": "Forward",
                      "Index Name": "role_id_cast_info",
                      "Relation Name": "cast_info",
                      "Alias": "ci",
                      "Startup Cost": 0.56,
                      "Total Cost": 110428.26,
                      "Plan Rows": 585406,
                      "Plan Width": 4,
                      "Actual Startup Time": 0.297,
                      "Actual Total Time": 170.018,
                      "Actual Rows": 537478,
                      "Actual Loops": 6,
                      "Index Cond": "(role_id = 3)",
                      "Rows Removed by Index Recheck": 0,
                      "Filter": "(person_id > 991790)",
                      "Rows Removed by Filter": 130528
                    },
                    {
                      "Node Type": "Hash",
                      "Parent Relationship": "Inner",
                      "Parallel Aware": true,
                      "Startup Cost": 82490.13,
                      "Total Cost": 82490.13,
                      "Plan Rows": 289138,
                      "Plan Width": 8,
                      "Actual Startup Time": 507.934,
                      "Actual Total Time": 508.528,
                      "Actual Rows": 212374,
                      "Actual Loops": 6,
                      "Hash Buckets": 2097152,
                      "Original Hash Buckets": 2097152,
                      "Hash Batches": 1,
                      "Original Hash Batches": 1,
                      "Peak Memory Usage": 66336,
                      "Plans": [
                        {
                          "Node Type": "Hash Join",
                          "Parent Relationship": "Outer",
                          "Parallel Aware": true,
                          "Join Type": "Inner",
                          "Startup Cost": 36078.33,
                          "Total Cost": 82490.13,
                          "Plan Rows": 289138,
                          "Plan Width": 8,
                          "Actual Startup Time": 171.14,
                          "Actual Total Time": 418.689,
                          "Actual Rows": 212374,
                          "Actual Loops": 6,
                          "Inner Unique": false,
                          "Hash Cond": "(t.id = mc.movie_id)",
                          "Plans": [
                            {
                              "Node Type": "Seq Scan",
                              "Parent Relationship": "Outer",
                              "Parallel Aware": true,
                              "Relation Name": "title",
                              "Alias": "t",
                              "Startup Cost": 0.0,
                              "Total Cost": 42318.73,
                              "Plan Rows": 632073,
                              "Plan Width": 4,
                              "Actual Startup Time": 0.018,
                              "Actual Total Time": 72.544,
                              "Actual Rows": 421385,
                              "Actual Loops": 6
                            },
                            {
                              "Node Type": "Hash",
                              "Parent Relationship": "Inner",
                              "Parallel Aware": true,
                              "Startup Cost": 31414.82,
                              "Total Cost": 31414.82,
                              "Plan Rows": 373081,
                              "Plan Width": 4,
                              "Actual Startup Time": 168.545,
                              "Actual Total Time": 168.546,
                              "Actual Rows": 212374,
                              "Actual Loops": 6,
                              "Hash Buckets": 2097152,
                              "Original Hash Buckets": 2097152,
                              "Hash Batches": 1,
                              "Original Hash Batches": 1,
                              "Peak Memory Usage": 66368,
                              "Plans": [
                                {
                                  "Node Type": "Seq Scan",
                                  "Parent Relationship": "Outer",
                                  "Parallel Aware": true,
                                  "Relation Name": "movie_companies",
                                  "Alias": "mc",
                                  "Startup Cost": 0.0,
                                  "Total Cost": 31414.82,
                                  "Plan Rows": 373081,
                                  "Plan Width": 4,
                                  "Actual Startup Time": 0.058,
                                  "Actual Total Time": 76.105,
                                  "Actual Rows": 212374,
                                  "Actual Loops": 6,
                                  "Filter": "((company_id < 99816) AND (company_type_id = 1))",
                                  "Rows Removed by Filter": 222480
                                }
                              ]
                            }
                          ]
                        }
                      ]
                    }
                  ]
                }
              ]
            }
          ]
        }
      ]
    },
    "Planning Time": 1.367,
    "Triggers": [],
    "Execution Time": 1034.017
  }
]