[
    {
        "Bao": {
            "Bao prediction": "NaN",
            "Bao recommended hint": "(no hint)"
        }
    },
    {
        "Plan": {
            "Node Type": "Aggregate",
            "Strategy": "Plain",
            "Partial Mode": "Finalize",
            "Parallel Aware": false,
            "Startup Cost": 157666.31,
            "Total Cost": 157666.32,
            "Plan Rows": 1,
            "Plan Width": 8,
            "Actual Startup Time": 296.494,
            "Actual Total Time": 307.695,
            "Actual Rows": 1,
            "Actual Loops": 1,
            "Output": [
                "count(*)"
            ],
            "Plans": [
                {
                    "Node Type": "Gather",
                    "Parent Relationship": "Outer",
                    "Parallel Aware": false,
                    "Startup Cost": 157665.79,
                    "Total Cost": 157666.3,
                    "Plan Rows": 5,
                    "Plan Width": 8,
                    "Actual Startup Time": 296.413,
                    "Actual Total Time": 307.688,
                    "Actual Rows": 6,
                    "Actual Loops": 1,
                    "Output": [
                        "(PARTIAL count(*))"
                    ],
                    "Workers Planned": 5,
                    "Workers Launched": 5,
                    "Single Copy": false,
                    "Plans": [
                        {
                            "Node Type": "Aggregate",
                            "Strategy": "Plain",
                            "Partial Mode": "Partial",
                            "Parent Relationship": "Outer",
                            "Parallel Aware": false,
                            "Startup Cost": 156665.79,
                            "Total Cost": 156665.8,
                            "Plan Rows": 1,
                            "Plan Width": 8,
                            "Actual Startup Time": 287.737,
                            "Actual Total Time": 287.738,
                            "Actual Rows": 1,
                            "Actual Loops": 6,
                            "Output": [
                                "PARTIAL count(*)"
                            ],
                            "Workers": [
                                {
                                    "Worker Number": 0,
                                    "Actual Startup Time": 284.308,
                                    "Actual Total Time": 284.309,
                                    "Actual Rows": 1,
                                    "Actual Loops": 1
                                },
                                {
                                    "Worker Number": 1,
                                    "Actual Startup Time": 289.74,
                                    "Actual Total Time": 289.742,
                                    "Actual Rows": 1,
                                    "Actual Loops": 1
                                },
                                {
                                    "Worker Number": 2,
                                    "Actual Startup Time": 285.189,
                                    "Actual Total Time": 285.19,
                                    "Actual Rows": 1,
                                    "Actual Loops": 1
                                },
                                {
                                    "Worker Number": 3,
                                    "Actual Startup Time": 285.471,
                                    "Actual Total Time": 285.472,
                                    "Actual Rows": 1,
                                    "Actual Loops": 1
                                },
                                {
                                    "Worker Number": 4,
                                    "Actual Startup Time": 285.681,
                                    "Actual Total Time": 285.682,
                                    "Actual Rows": 1,
                                    "Actual Loops": 1
                                }
                            ],
                            "Plans": [
                                {
                                    "Node Type": "Index Scan",
                                    "Parent Relationship": "Outer",
                                    "Parallel Aware": true,
                                    "Scan Direction": "Forward",
                                    "Index Name": "role_id_cast_info",
                                    "Relation Name": "cast_info",
                                    "Schema": "public",
                                    "Alias": "ci",
                                    "Startup Cost": 0.56,
                                    "Total Cost": 154655.9,
                                    "Plan Rows": 803953,
                                    "Plan Width": 0,
                                    "Actual Startup Time": 0.114,
                                    "Actual Total Time": 237.082,
                                    "Actual Rows": 857225,
                                    "Actual Loops": 6,
                                    "Output": [
                                        "id",
                                        "person_id",
                                        "movie_id",
                                        "person_role_id",
                                        "note",
                                        "nr_order",
                                        "role_id"
                                    ],
                                    "Index Cond": "(ci.role_id > 8)",
                                    "Rows Removed by Index Recheck": 0,
                                    "Filter": "(ci.person_id > 1035965)",
                                    "Rows Removed by Filter": 98224,
                                    "Workers": [
                                        {
                                            "Worker Number": 0,
                                            "Actual Startup Time": 0.155,
                                            "Actual Total Time": 233.386,
                                            "Actual Rows": 715432,
                                            "Actual Loops": 1
                                        },
                                        {
                                            "Worker Number": 1,
                                            "Actual Startup Time": 0.083,
                                            "Actual Total Time": 238.241,
                                            "Actual Rows": 745564,
                                            "Actual Loops": 1
                                        },
                                        {
                                            "Worker Number": 2,
                                            "Actual Startup Time": 0.151,
                                            "Actual Total Time": 237.424,
                                            "Actual Rows": 1047551,
                                            "Actual Loops": 1
                                        },
                                        {
                                            "Worker Number": 3,
                                            "Actual Startup Time": 0.142,
                                            "Actual Total Time": 236.734,
                                            "Actual Rows": 1061742,
                                            "Actual Loops": 1
                                        },
                                        {
                                            "Worker Number": 4,
                                            "Actual Startup Time": 0.119,
                                            "Actual Total Time": 234.591,
                                            "Actual Rows": 718634,
                                            "Actual Loops": 1
                                        }
                                    ]
                                }
                            ]
                        }
                    ]
                }
            ]
        },
        "Planning Time": 276.875,
        "Triggers": [],
        "Execution Time": 307.765
    }
]