{
    "Plan": {
        "Node Type": "Aggregate",
        "Strategy": "Plain",
        "Partial Mode": "Finalize",
        "Parallel Aware": false,
        "Startup Cost": 80212.15,
        "Total Cost": 80212.16,
        "Plan Rows": 1,
        "Plan Width": 8,
        "Actual Startup Time": 396.528,
        "Actual Total Time": 416.15,
        "Actual Rows": 1,
        "Actual Loops": 1,
        "Output": [
            "count(*)"
        ],
        "Plans": [
            {
                "Node Type": "Gather",
                "Parent Relationship": "Outer",
                "Parallel Aware": false,
                "Startup Cost": 80211.84,
                "Total Cost": 80212.15,
                "Plan Rows": 3,
                "Plan Width": 8,
                "Actual Startup Time": 394.006,
                "Actual Total Time": 416.123,
                "Actual Rows": 4,
                "Actual Loops": 1,
                "Output": [
                    "(PARTIAL count(*))"
                ],
                "Workers Planned": 3,
                "Workers Launched": 3,
                "Single Copy": false,
                "Plans": [
                    {
                        "Node Type": "Aggregate",
                        "Strategy": "Plain",
                        "Partial Mode": "Partial",
                        "Parent Relationship": "Outer",
                        "Parallel Aware": false,
                        "Startup Cost": 79211.84,
                        "Total Cost": 79211.85,
                        "Plan Rows": 1,
                        "Plan Width": 8,
                        "Actual Startup Time": 386.723,
                        "Actual Total Time": 386.727,
                        "Actual Rows": 1,
                        "Actual Loops": 4,
                        "Output": [
                            "PARTIAL count(*)"
                        ],
                        "Workers": [
                            {
                                "Worker Number": 0,
                                "Actual Startup Time": 385.628,
                                "Actual Total Time": 385.631,
                                "Actual Rows": 1,
                                "Actual Loops": 1
                            },
                            {
                                "Worker Number": 1,
                                "Actual Startup Time": 382.005,
                                "Actual Total Time": 382.01,
                                "Actual Rows": 1,
                                "Actual Loops": 1
                            },
                            {
                                "Worker Number": 2,
                                "Actual Startup Time": 386.029,
                                "Actual Total Time": 386.032,
                                "Actual Rows": 1,
                                "Actual Loops": 1
                            }
                        ],
                        "Plans": [
                            {
                                "Node Type": "Hash Join",
                                "Parent Relationship": "Outer",
                                "Parallel Aware": true,
                                "Join Type": "Inner",
                                "Startup Cost": 46862.51,
                                "Total Cost": 79078.28,
                                "Plan Rows": 53421,
                                "Plan Width": 0,
                                "Actual Startup Time": 275.924,
                                "Actual Total Time": 380.453,
                                "Actual Rows": 111698,
                                "Actual Loops": 4,
                                "Inner Unique": true,
                                "Hash Cond": "(mc.movie_id = t.id)",
                                "Workers": [
                                    {
                                        "Worker Number": 0,
                                        "Actual Startup Time": 274.934,
                                        "Actual Total Time": 379.562,
                                        "Actual Rows": 95566,
                                        "Actual Loops": 1
                                    },
                                    {
                                        "Worker Number": 1,
                                        "Actual Startup Time": 271.326,
                                        "Actual Total Time": 375.288,
                                        "Actual Rows": 106929,
                                        "Actual Loops": 1
                                    },
                                    {
                                        "Worker Number": 2,
                                        "Actual Startup Time": 274.94,
                                        "Actual Total Time": 379.971,
                                        "Actual Rows": 95442,
                                        "Actual Loops": 1
                                    }
                                ],
                                "Plans": [
                                    {
                                        "Node Type": "Seq Scan",
                                        "Parent Relationship": "Outer",
                                        "Parallel Aware": true,
                                        "Relation Name": "movie_companies",
                                        "Schema": "public",
                                        "Alias": "mc",
                                        "Startup Cost": 0.0,
                                        "Total Cost": 31414.82,
                                        "Plan Rows": 305127,
                                        "Plan Width": 4,
                                        "Actual Startup Time": 40.111,
                                        "Actual Total Time": 90.507,
                                        "Actual Rows": 277792,
                                        "Actual Loops": 4,
                                        "Output": [
                                            "mc.id",
                                            "mc.movie_id",
                                            "mc.company_id",
                                            "mc.company_type_id",
                                            "mc.note"
                                        ],
                                        "Filter": "((mc.company_id > 1475) AND (mc.company_type_id > 1))",
                                        "Rows Removed by Filter": 374490,
                                        "Workers": [
                                            {
                                                "Worker Number": 0,
                                                "Actual Startup Time": 40.124,
                                                "Actual Total Time": 90.655,
                                                "Actual Rows": 238935,
                                                "Actual Loops": 1
                                            },
                                            {
                                                "Worker Number": 1,
                                                "Actual Startup Time": 40.075,
                                                "Actual Total Time": 93.739,
                                                "Actual Rows": 263020,
                                                "Actual Loops": 1
                                            },
                                            {
                                                "Worker Number": 2,
                                                "Actual Startup Time": 40.15,
                                                "Actual Total Time": 91.127,
                                                "Actual Rows": 240845,
                                                "Actual Loops": 1
                                            }
                                        ]
                                    },
                                    {
                                        "Node Type": "Hash",
                                        "Parent Relationship": "Inner",
                                        "Parallel Aware": true,
                                        "Startup Cost": 45479.21,
                                        "Total Cost": 45479.21,
                                        "Plan Rows": 110664,
                                        "Plan Width": 4,
                                        "Actual Startup Time": 185.515,
                                        "Actual Total Time": 185.516,
                                        "Actual Rows": 118480,
                                        "Actual Loops": 4,
                                        "Output": [
                                            "t.id"
                                        ],
                                        "Hash Buckets": 524288,
                                        "Original Hash Buckets": 524288,
                                        "Hash Batches": 1,
                                        "Original Hash Batches": 1,
                                        "Peak Memory Usage": 22688,
                                        "Workers": [
                                            {
                                                "Worker Number": 0,
                                                "Actual Startup Time": 187.486,
                                                "Actual Total Time": 187.487,
                                                "Actual Rows": 102963,
                                                "Actual Loops": 1
                                            },
                                            {
                                                "Worker Number": 1,
                                                "Actual Startup Time": 183.647,
                                                "Actual Total Time": 183.649,
                                                "Actual Rows": 108443,
                                                "Actual Loops": 1
                                            },
                                            {
                                                "Worker Number": 2,
                                                "Actual Startup Time": 187.503,
                                                "Actual Total Time": 187.505,
                                                "Actual Rows": 102855,
                                                "Actual Loops": 1
                                            }
                                        ],
                                        "Plans": [
                                            {
                                                "Node Type": "Seq Scan",
                                                "Parent Relationship": "Outer",
                                                "Parallel Aware": true,
                                                "Relation Name": "title",
                                                "Schema": "public",
                                                "Alias": "t",
                                                "Startup Cost": 0.0,
                                                "Total Cost": 45479.21,
                                                "Plan Rows": 110664,
                                                "Plan Width": 4,
                                                "Actual Startup Time": 73.22,
                                                "Actual Total Time": 131.224,
                                                "Actual Rows": 118480,
                                                "Actual Loops": 4,
                                                "Output": [
                                                    "t.id"
                                                ],
                                                "Filter": "((t.production_year < 2008) AND (t.kind_id = 1))",
                                                "Rows Removed by Filter": 513598,
                                                "Workers": [
                                                    {
                                                        "Worker Number": 0,
                                                        "Actual Startup Time": 73.323,
                                                        "Actual Total Time": 131.808,
                                                        "Actual Rows": 102963,
                                                        "Actual Loops": 1
                                                    },
                                                    {
                                                        "Worker Number": 1,
                                                        "Actual Startup Time": 72.968,
                                                        "Actual Total Time": 133.134,
                                                        "Actual Rows": 108443,
                                                        "Actual Loops": 1
                                                    },
                                                    {
                                                        "Worker Number": 2,
                                                        "Actual Startup Time": 73.328,
                                                        "Actual Total Time": 131.581,
                                                        "Actual Rows": 102855,
                                                        "Actual Loops": 1
                                                    }
                                                ]
                                            }
                                        ]
                                    }
                                ]
                            }
                        ]
                    }
                ]
            }
        ]
    },
    "Planning Time": 0.805,
    "Triggers": [],
    "Execution Time": 416.233
}