[
  {
    "Plan": {
      "Node Type": "Aggregate",
      "Strategy": "Plain",
      "Partial Mode": "Finalize",
      "Parallel Aware": false,
      "Startup Cost": 32133.33,
      "Total Cost": 32133.34,
      "Plan Rows": 1,
      "Plan Width": 8,
      "Actual Startup Time": 103.138,
      "Actual Total Time": 108.017,
      "Actual Rows": 1,
      "Actual Loops": 1,
      "Plans": [
        {
          "Node Type": "Gather",
          "Parent Relationship": "Outer",
          "Parallel Aware": false,
          "Startup Cost": 32133.01,
          "Total Cost": 32133.32,
          "Plan Rows": 3,
          "Plan Width": 8,
          "Actual Startup Time": 102.892,
          "Actual Total Time": 108.009,
          "Actual Rows": 4,
          "Actual Loops": 1,
          "Workers Planned": 3,
          "Workers Launched": 3,
          "Single Copy": false,
          "Plans": [
            {
              "Node Type": "Aggregate",
              "Strategy": "Plain",
              "Partial Mode": "Partial",
              "Parent Relationship": "Outer",
              "Parallel Aware": false,
              "Startup Cost": 31133.01,
              "Total Cost": 31133.02,
              "Plan Rows": 1,
              "Plan Width": 8,
              "Actual Startup Time": 94.208,
              "Actual Total Time": 94.21,
              "Actual Rows": 1,
              "Actual Loops": 4,
              "Plans": [
                {
                  "Node Type": "Bitmap Heap Scan",
                  "Parent Relationship": "Outer",
                  "Parallel Aware": true,
                  "Relation Name": "movie_keyword",
                  "Alias": "mk",
                  "Startup Cost": 5438.81,
                  "Total Cost": 30926.31,
                  "Plan Rows": 82680,
                  "Plan Width": 0,
                  "Actual Startup Time": 30.747,
                  "Actual Total Time": 89.965,
                  "Actual Rows": 61545,
                  "Actual Loops": 4,
                  "Recheck Cond": "(keyword_id > 61034)",
                  "Rows Removed by Index Recheck": 0,
                  "Exact Heap Blocks": 9972,
                  "Lossy Heap Blocks": 0,
                  "Plans": [
                    {
                      "Node Type": "Bitmap Index Scan",
                      "Parent Relationship": "Outer",
                      "Parallel Aware": false,
                      "Index Name": "keyword_id_movie_keyword",
                      "Startup Cost": 0.0,
                      "Total Cost": 5374.73,
                      "Plan Rows": 256307,
                      "Plan Width": 0,
                      "Actual Startup Time": 34.443,
                      "Actual Total Time": 34.443,
                      "Actual Rows": 246181,
                      "Actual Loops": 1,
                      "Index Cond": "(keyword_id > 61034)"
                    }
                  ]
                }
              ]
            }
          ]
        }
      ]
    },
    "Planning Time": 0.17,
    "Triggers": [],
    "Execution Time": 108.088
  }
]