{
  "Plan": {
    "Node Type": "Aggregate",
    "Strategy": "Plain",
    "Partial Mode": "Finalize",
    "Parallel Aware": false,
    "Startup Cost": 940472.98,
    "Total Cost": 940472.99,
    "Plan Rows": 1,
    "Plan Width": 8,
    "Actual Startup Time": 2486.239,
    "Actual Total Time": 2487.939,
    "Actual Rows": 1,
    "Actual Loops": 1,
    "Plans": [
      {
        "Node Type": "Gather",
        "Parent Relationship": "Outer",
        "Parallel Aware": false,
        "Startup Cost": 940472.86,
        "Total Cost": 940472.97,
        "Plan Rows": 1,
        "Plan Width": 8,
        "Actual Startup Time": 2486.229,
        "Actual Total Time": 2487.933,
        "Actual Rows": 2,
        "Actual Loops": 1,
        "Workers Planned": 1,
        "Workers Launched": 1,
        "Single Copy": false,
        "Plans": [
          {
            "Node Type": "Aggregate",
            "Strategy": "Plain",
            "Partial Mode": "Partial",
            "Parent Relationship": "Outer",
            "Parallel Aware": false,
            "Startup Cost": 939472.86,
            "Total Cost": 939472.87,
            "Plan Rows": 1,
            "Plan Width": 8,
            "Actual Startup Time": 2453.235,
            "Actual Total Time": 2453.237,
            "Actual Rows": 1,
            "Actual Loops": 2,
            "Plans": [
              {
                "Node Type": "Merge Join",
                "Parent Relationship": "Outer",
                "Parallel Aware": false,
                "Join Type": "Inner",
                "Startup Cost": 898064.48,
                "Total Cost": 935404.03,
                "Plan Rows": 1627534,
                "Plan Width": 0,
                "Actual Startup Time": 1654.485,
                "Actual Total Time": 2402.414,
                "Actual Rows": 1306770,
                "Actual Loops": 2,
                "Inner Unique": true,
                "Merge Cond": "(ci.movie_id = t.id)",
                "Plans": [
                  {
                    "Node Type": "Sort",
                    "Parent Relationship": "Outer",
                    "Parallel Aware": false,
                    "Startup Cost": 672537.68,
                    "Total Cost": 679231.31,
                    "Plan Rows": 2677452,
                    "Plan Width": 4,
                    "Actual Startup Time": 1002.448,
                    "Actual Total Time": 1231.414,
                    "Actual Rows": 2178358,
                    "Actual Loops": 2,
                    "Sort Key": [
                      "ci.movie_id"
                    ],
                    "Sort Method": "quicksort",
                    "Sort Space Used": 206549,
                    "Sort Space Type": "Memory",
                    "Workers": [
                      {
                        "Worker Number": 0,
                        "Sort Method": "quicksort",
                        "Sort Space Used": 145129,
                        "Sort Space Type": "Memory"
                      }
                    ],
                    "Plans": [
                      {
                        "Node Type": "Bitmap Heap Scan",
                        "Parent Relationship": "Outer",
                        "Parallel Aware": true,
                        "Relation Name": "cast_info",
                        "Alias": "ci",
                        "Startup Cost": 100532.0,
                        "Total Cost": 386687.15,
                        "Plan Rows": 2677452,
                        "Plan Width": 4,
                        "Actual Startup Time": 170.514,
                        "Actual Total Time": 476.494,
                        "Actual Rows": 2178358,
                        "Actual Loops": 2,
                        "Recheck Cond": "(person_id > 3264402)",
                        "Rows Removed by Index Recheck": 0,
                        "Exact Heap Blocks": 31964,
                        "Lossy Heap Blocks": 0,
                        "Plans": [
                          {
                            "Node Type": "Bitmap Index Scan",
                            "Parent Relationship": "Outer",
                            "Parallel Aware": false,
                            "Index Name": "person_id_cast_info",
                            "Startup Cost": 0.0,
                            "Total Cost": 99394.08,
                            "Plan Rows": 4551669,
                            "Plan Width": 0,
                            "Actual Startup Time": 165.598,
                            "Actual Total Time": 165.598,
                            "Actual Rows": 4356716,
                            "Actual Loops": 1,
                            "Index Cond": "(person_id > 3264402)"
                          }
                        ]
                      }
                    ]
                  },
                  {
                    "Node Type": "Sort",
                    "Parent Relationship": "Inner",
                    "Parallel Aware": false,
                    "Startup Cost": 225526.52,
                    "Total Cost": 229368.68,
                    "Plan Rows": 1536865,
                    "Plan Width": 4,
                    "Actual Startup Time": 652.012,
                    "Actual Total Time": 842.946,
                    "Actual Rows": 1542290,
                    "Actual Loops": 2,
                    "Sort Key": [
                      "t.id"
                    ],
                    "Sort Method": "quicksort",
                    "Sort Space Used": 121493,
                    "Sort Space Type": "Memory",
                    "Workers": [
                      {
                        "Worker Number": 0,
                        "Sort Method": "quicksort",
                        "Sort Space Used": 121493,
                        "Sort Space Type": "Memory"
                      }
                    ],
                    "Plans": [
                      {
                        "Node Type": "Seq Scan",
                        "Parent Relationship": "Outer",
                        "Parallel Aware": false,
                        "Relation Name": "title",
                        "Alias": "t",
                        "Startup Cost": 0.0,
                        "Total Cost": 67601.66,
                        "Plan Rows": 1536865,
                        "Plan Width": 4,
                        "Actual Startup Time": 0.036,
                        "Actual Total Time": 267.143,
                        "Actual Rows": 1543264,
                        "Actual Loops": 2,
                        "Filter": "(kind_id = 7)",
                        "Rows Removed by Filter": 985048
                      }
                    ]
                  }
                ]
              }
            ]
          }
        ]
      }
    ]
  },
  "Planning Time": 0.711,
  "Triggers": [],
  "Execution Time": 2503.547
}