{
  "Plan": {
    "Node Type": "Aggregate",
    "Strategy": "Plain",
    "Partial Mode": "Finalize",
    "Parallel Aware": false,
    "Startup Cost": 466256.57,
    "Total Cost": 466256.58,
    "Plan Rows": 1,
    "Plan Width": 8,
    "Actual Startup Time": 4148.311,
    "Actual Total Time": 4187.053,
    "Actual Rows": 1,
    "Actual Loops": 1,
    "Plans": [
      {
        "Node Type": "Gather",
        "Parent Relationship": "Outer",
        "Parallel Aware": false,
        "Startup Cost": 466256.46,
        "Total Cost": 466256.57,
        "Plan Rows": 1,
        "Plan Width": 8,
        "Actual Startup Time": 4147.759,
        "Actual Total Time": 4187.041,
        "Actual Rows": 2,
        "Actual Loops": 1,
        "Workers Planned": 1,
        "Workers Launched": 1,
        "Single Copy": false,
        "Plans": [
          {
            "Node Type": "Aggregate",
            "Strategy": "Plain",
            "Partial Mode": "Partial",
            "Parent Relationship": "Outer",
            "Parallel Aware": false,
            "Startup Cost": 465256.46,
            "Total Cost": 465256.47,
            "Plan Rows": 1,
            "Plan Width": 8,
            "Actual Startup Time": 4141.792,
            "Actual Total Time": 4141.794,
            "Actual Rows": 1,
            "Actual Loops": 2,
            "Plans": [
              {
                "Node Type": "Merge Join",
                "Parent Relationship": "Outer",
                "Parallel Aware": false,
                "Join Type": "Inner",
                "Startup Cost": 21.09,
                "Total Cost": 462384.96,
                "Plan Rows": 1148599,
                "Plan Width": 0,
                "Actual Startup Time": 10.18,
                "Actual Total Time": 4063.241,
                "Actual Rows": 1572488,
                "Actual Loops": 2,
                "Inner Unique": false,
                "Merge Cond": "(t.id = mc.movie_id)",
                "Plans": [
                  {
                    "Node Type": "Merge Join",
                    "Parent Relationship": "Outer",
                    "Parallel Aware": false,
                    "Join Type": "Inner",
                    "Startup Cost": 14.64,
                    "Total Cost": 301842.33,
                    "Plan Rows": 1113013,
                    "Plan Width": 8,
                    "Actual Startup Time": 9.241,
                    "Actual Total Time": 2507.539,
                    "Actual Rows": 525480,
                    "Actual Loops": 2,
                    "Inner Unique": true,
                    "Merge Cond": "(mk.movie_id = t.id)",
                    "Plans": [
                      {
                        "Node Type": "Index Only Scan",
                        "Parent Relationship": "Outer",
                        "Parallel Aware": true,
                        "Scan Direction": "Forward",
                        "Index Name": "movie_id_movie_keyword",
                        "Relation Name": "movie_keyword",
                        "Alias": "mk",
                        "Startup Cost": 0.43,
                        "Total Cost": 158560.11,
                        "Plan Rows": 2661135,
                        "Plan Width": 4,
                        "Actual Startup Time": 0.133,
                        "Actual Total Time": 487.336,
                        "Actual Rows": 2261961,
                        "Actual Loops": 2,
                        "Heap Fetches": 4523922
                      },
                      {
                        "Node Type": "Index Scan",
                        "Parent Relationship": "Inner",
                        "Parallel Aware": false,
                        "Scan Direction": "Forward",
                        "Index Name": "title_pkey",
                        "Relation Name": "title",
                        "Alias": "t",
                        "Startup Cost": 0.43,
                        "Total Cost": 122981.43,
                        "Plan Rows": 1057452,
                        "Plan Width": 4,
                        "Actual Startup Time": 0.107,
                        "Actual Total Time": 1794.381,
                        "Actual Rows": 1003094,
                        "Actual Loops": 2,
                        "Filter": "((kind_id > 1) AND (production_year < 2006))",
                        "Rows Removed by Filter": 1522594
                      }
                    ]
                  },
                  {
                    "Node Type": "Index Only Scan",
                    "Parent Relationship": "Inner",
                    "Parallel Aware": false,
                    "Scan Direction": "Forward",
                    "Index Name": "movie_id_movie_companies",
                    "Relation Name": "movie_companies",
                    "Alias": "mc",
                    "Startup Cost": 0.43,
                    "Total Cost": 140059.44,
                    "Plan Rows": 2609129,
                    "Plan Width": 4,
                    "Actual Startup Time": 0.076,
                    "Actual Total Time": 1199.933,
                    "Actual Rows": 4019372,
                    "Actual Loops": 2,
                    "Heap Fetches": 8038745
                  }
                ]
              }
            ]
          }
        ]
      }
    ]
  },
  "Planning Time": 0.989,
  "Triggers": [],
  "Execution Time": 4187.206
}