[
  {
    "Plan": {
      "Node Type": "Aggregate",
      "Strategy": "Plain",
      "Partial Mode": "Finalize",
      "Parallel Aware": false,
      "Startup Cost": 112584.46,
      "Total Cost": 112584.47,
      "Plan Rows": 1,
      "Plan Width": 8,
      "Actual Startup Time": 950.377,
      "Actual Total Time": 982.379,
      "Actual Rows": 1,
      "Actual Loops": 1,
      "Plans": [
        {
          "Node Type": "Gather",
          "Parent Relationship": "Outer",
          "Parallel Aware": false,
          "Startup Cost": 112584.15,
          "Total Cost": 112584.46,
          "Plan Rows": 3,
          "Plan Width": 8,
          "Actual Startup Time": 939.82,
          "Actual Total Time": 982.367,
          "Actual Rows": 4,
          "Actual Loops": 1,
          "Workers Planned": 3,
          "Workers Launched": 3,
          "Single Copy": false,
          "Plans": [
            {
              "Node Type": "Aggregate",
              "Strategy": "Plain",
              "Partial Mode": "Partial",
              "Parent Relationship": "Outer",
              "Parallel Aware": false,
              "Startup Cost": 111584.15,
              "Total Cost": 111584.16,
              "Plan Rows": 1,
              "Plan Width": 8,
              "Actual Startup Time": 920.628,
              "Actual Total Time": 920.633,
              "Actual Rows": 1,
              "Actual Loops": 4,
              "Plans": [
                {
                  "Node Type": "Nested Loop",
                  "Parent Relationship": "Outer",
                  "Parallel Aware": false,
                  "Join Type": "Inner",
                  "Startup Cost": 51436.58,
                  "Total Cost": 111313.27,
                  "Plan Rows": 108350,
                  "Plan Width": 0,
                  "Actual Startup Time": 389.35,
                  "Actual Total Time": 869.992,
                  "Actual Rows": 1052598,
                  "Actual Loops": 4,
                  "Inner Unique": false,
                  "Plans": [
                    {
                      "Node Type": "Hash Join",
                      "Parent Relationship": "Outer",
                      "Parallel Aware": true,
                      "Join Type": "Inner",
                      "Startup Cost": 51436.15,
                      "Total Cost": 76169.25,
                      "Plan Rows": 18453,
                      "Plan Width": 8,
                      "Actual Startup Time": 389.242,
                      "Actual Total Time": 416.422,
                      "Actual Rows": 14216,
                      "Actual Loops": 4,
                      "Inner Unique": true,
                      "Hash Cond": "(mk.movie_id = t.id)",
                      "Plans": [
                        {
                          "Node Type": "Bitmap Heap Scan",
                          "Parent Relationship": "Outer",
                          "Parallel Aware": true,
                          "Relation Name": "movie_keyword",
                          "Alias": "mk",
                          "Startup Cost": 1215.76,
                          "Total Cost": 25900.42,
                          "Plan Rows": 18453,
                          "Plan Width": 4,
                          "Actual Startup Time": 6.027,
                          "Actual Total Time": 22.69,
                          "Actual Rows": 14216,
                          "Actual Loops": 4,
                          "Recheck Cond": "(keyword_id > 96462)",
                          "Rows Removed by Index Recheck": 0,
                          "Exact Heap Blocks": 2741,
                          "Lossy Heap Blocks": 0,
                          "Plans": [
                            {
                              "Node Type": "Bitmap Index Scan",
                              "Parent Relationship": "Outer",
                              "Parallel Aware": false,
                              "Index Name": "keyword_id_movie_keyword",
                              "Startup Cost": 0.0,
                              "Total Cost": 1201.46,
                              "Plan Rows": 57204,
                              "Plan Width": 0,
                              "Actual Startup Time": 4.159,
                              "Actual Total Time": 4.16,
                              "Actual Rows": 56864,
                              "Actual Loops": 1,
                              "Index Cond": "(keyword_id > 96462)"
                            }
                          ]
                        },
                        {
                          "Node Type": "Hash",
                          "Parent Relationship": "Inner",
                          "Parallel Aware": true,
                          "Startup Cost": 42319.06,
                          "Total Cost": 42319.06,
                          "Plan Rows": 632106,
                          "Plan Width": 4,
                          "Actual Startup Time": 370.927,
                          "Actual Total Time": 370.928,
                          "Actual Rows": 632078,
                          "Actual Loops": 4,
                          "Hash Buckets": 4194304,
                          "Original Hash Buckets": 4194304,
                          "Hash Batches": 1,
                          "Original Hash Batches": 1,
                          "Peak Memory Usage": 131776,
                          "Plans": [
                            {
                              "Node Type": "Seq Scan",
                              "Parent Relationship": "Outer",
                              "Parallel Aware": true,
                              "Relation Name": "title",
                              "Alias": "t",
                              "Startup Cost": 0.0,
                              "Total Cost": 42319.06,
                              "Plan Rows": 632106,
                              "Plan Width": 4,
                              "Actual Startup Time": 0.049,
                              "Actual Total Time": 105.87,
                              "Actual Rows": 632078,
                              "Actual Loops": 4
                            }
                          ]
                        }
                      ]
                    },
                    {
                      "Node Type": "Index Only Scan",
                      "Parent Relationship": "Inner",
                      "Parallel Aware": false,
                      "Scan Direction": "Forward",
                      "Index Name": "movie_id_movie_info",
                      "Relation Name": "movie_info",
                      "Alias": "mi",
                      "Startup Cost": 0.43,
                      "Total Cost": 1.49,
                      "Plan Rows": 41,
                      "Plan Width": 4,
                      "Actual Startup Time": 0.006,
                      "Actual Total Time": 0.026,
                      "Actual Rows": 74,
                      "Actual Loops": 56864,
                      "Index Cond": "(movie_id = t.id)",
                      "Rows Removed by Index Recheck": 0,
                      "Heap Fetches": 4210392
                    }
                  ]
                }
              ]
            }
          ]
        }
      ]
    },
    "Planning Time": 1.435,
    "Triggers": [],
    "Execution Time": 982.502
  }
]