[
  {
    "Plan": {
      "Node Type": "Aggregate",
      "Strategy": "Plain",
      "Partial Mode": "Finalize",
      "Parallel Aware": false,
      "Startup Cost": 30275.55,
      "Total Cost": 30275.56,
      "Plan Rows": 1,
      "Plan Width": 8,
      "Actual Startup Time": 78.294,
      "Actual Total Time": 81.967,
      "Actual Rows": 1,
      "Actual Loops": 1,
      "Plans": [
        {
          "Node Type": "Gather",
          "Parent Relationship": "Outer",
          "Parallel Aware": false,
          "Startup Cost": 30275.23,
          "Total Cost": 30275.54,
          "Plan Rows": 3,
          "Plan Width": 8,
          "Actual Startup Time": 78.041,
          "Actual Total Time": 81.959,
          "Actual Rows": 4,
          "Actual Loops": 1,
          "Workers Planned": 3,
          "Workers Launched": 3,
          "Single Copy": false,
          "Plans": [
            {
              "Node Type": "Aggregate",
              "Strategy": "Plain",
              "Partial Mode": "Partial",
              "Parent Relationship": "Outer",
              "Parallel Aware": false,
              "Startup Cost": 29275.23,
              "Total Cost": 29275.24,
              "Plan Rows": 1,
              "Plan Width": 8,
              "Actual Startup Time": 71.548,
              "Actual Total Time": 71.551,
              "Actual Rows": 1,
              "Actual Loops": 4,
              "Plans": [
                {
                  "Node Type": "Bitmap Heap Scan",
                  "Parent Relationship": "Outer",
                  "Parallel Aware": true,
                  "Relation Name": "movie_keyword",
                  "Alias": "mk",
                  "Startup Cost": 3926.11,
                  "Total Cost": 29126.04,
                  "Plan Rows": 59675,
                  "Plan Width": 0,
                  "Actual Startup Time": 19.077,
                  "Actual Total Time": 68.27,
                  "Actual Rows": 46751,
                  "Actual Loops": 4,
                  "Recheck Cond": "(keyword_id > 71440)",
                  "Rows Removed by Index Recheck": 0,
                  "Exact Heap Blocks": 10367,
                  "Lossy Heap Blocks": 0,
                  "Plans": [
                    {
                      "Node Type": "Bitmap Index Scan",
                      "Parent Relationship": "Outer",
                      "Parallel Aware": false,
                      "Index Name": "keyword_id_movie_keyword",
                      "Startup Cost": 0.0,
                      "Total Cost": 3879.86,
                      "Plan Rows": 184991,
                      "Plan Width": 0,
                      "Actual Startup Time": 21.057,
                      "Actual Total Time": 21.057,
                      "Actual Rows": 187003,
                      "Actual Loops": 1,
                      "Index Cond": "(keyword_id > 71440)"
                    }
                  ]
                }
              ]
            }
          ]
        }
      ]
    },
    "Planning Time": 0.101,
    "Triggers": [],
    "Execution Time": 82.009
  }
]