[
  {
    "Plan": {
      "Node Type": "Aggregate",
      "Strategy": "Plain",
      "Partial Mode": "Finalize",
      "Parallel Aware": false,
      "Startup Cost": 79969.33,
      "Total Cost": 79969.34,
      "Plan Rows": 1,
      "Plan Width": 8,
      "Actual Startup Time": 274.856,
      "Actual Total Time": 287.944,
      "Actual Rows": 1,
      "Actual Loops": 1,
      "Plans": [
        {
          "Node Type": "Gather",
          "Parent Relationship": "Outer",
          "Parallel Aware": false,
          "Startup Cost": 79969.01,
          "Total Cost": 79969.32,
          "Plan Rows": 3,
          "Plan Width": 8,
          "Actual Startup Time": 271.906,
          "Actual Total Time": 287.928,
          "Actual Rows": 4,
          "Actual Loops": 1,
          "Workers Planned": 3,
          "Workers Launched": 3,
          "Single Copy": false,
          "Plans": [
            {
              "Node Type": "Aggregate",
              "Strategy": "Plain",
              "Partial Mode": "Partial",
              "Parent Relationship": "Outer",
              "Parallel Aware": false,
              "Startup Cost": 78969.01,
              "Total Cost": 78969.02,
              "Plan Rows": 1,
              "Plan Width": 8,
              "Actual Startup Time": 265.79,
              "Actual Total Time": 265.794,
              "Actual Rows": 1,
              "Actual Loops": 4,
              "Plans": [
                {
                  "Node Type": "Hash Join",
                  "Parent Relationship": "Outer",
                  "Parallel Aware": true,
                  "Join Type": "Inner",
                  "Startup Cost": 53033.41,
                  "Total Cost": 78879.25,
                  "Plan Rows": 35904,
                  "Plan Width": 0,
                  "Actual Startup Time": 195.516,
                  "Actual Total Time": 262.62,
                  "Actual Rows": 67555,
                  "Actual Loops": 4,
                  "Inner Unique": true,
                  "Hash Cond": "(mk.movie_id = t.id)",
                  "Plans": [
                    {
                      "Node Type": "Bitmap Heap Scan",
                      "Parent Relationship": "Outer",
                      "Parallel Aware": true,
                      "Relation Name": "movie_keyword",
                      "Alias": "mk",
                      "Startup Cost": 6051.27,
                      "Total Cost": 31655.55,
                      "Plan Rows": 92022,
                      "Plan Width": 4,
                      "Actual Startup Time": 18.466,
                      "Actual Total Time": 60.96,
                      "Actual Rows": 72707,
                      "Actual Loops": 4,
                      "Recheck Cond": "(keyword_id > 55337)",
                      "Rows Removed by Index Recheck": 0,
                      "Exact Heap Blocks": 7189,
                      "Lossy Heap Blocks": 0,
                      "Plans": [
                        {
                          "Node Type": "Bitmap Index Scan",
                          "Parent Relationship": "Outer",
                          "Parallel Aware": false,
                          "Index Name": "keyword_id_movie_keyword",
                          "Startup Cost": 0.0,
                          "Total Cost": 5979.95,
                          "Plan Rows": 285269,
                          "Plan Width": 0,
                          "Actual Startup Time": 15.005,
                          "Actual Total Time": 15.006,
                          "Actual Rows": 290828,
                          "Actual Loops": 1,
                          "Index Cond": "(keyword_id > 55337)"
                        }
                      ]
                    },
                    {
                      "Node Type": "Hash",
                      "Parent Relationship": "Inner",
                      "Parallel Aware": true,
                      "Startup Cost": 43899.32,
                      "Total Cost": 43899.32,
                      "Plan Rows": 246626,
                      "Plan Width": 4,
                      "Actual Startup Time": 174.026,
                      "Actual Total Time": 174.028,
                      "Actual Rows": 246262,
                      "Actual Loops": 4,
                      "Hash Buckets": 1048576,
                      "Original Hash Buckets": 1048576,
                      "Hash Batches": 1,
                      "Original Hash Batches": 1,
                      "Peak Memory Usage": 46816,
                      "Plans": [
                        {
                          "Node Type": "Seq Scan",
                          "Parent Relationship": "Outer",
                          "Parallel Aware": true,
                          "Relation Name": "title",
                          "Alias": "t",
                          "Startup Cost": 0.0,
                          "Total Cost": 43899.32,
                          "Plan Rows": 246626,
                          "Plan Width": 4,
                          "Actual Startup Time": 0.027,
                          "Actual Total Time": 94.497,
                          "Actual Rows": 246262,
                          "Actual Loops": 4,
                          "Filter": "(kind_id < 7)",
                          "Rows Removed by Filter": 385816
                        }
                      ]
                    }
                  ]
                }
              ]
            }
          ]
        }
      ]
    },
    "Planning Time": 0.252,
    "Triggers": [],
    "Execution Time": 288.003
  }
]