[
  {
    "Plan": {
      "Node Type": "Aggregate",
      "Strategy": "Plain",
      "Partial Mode": "Finalize",
      "Parallel Aware": false,
      "Startup Cost": 80211.04,
      "Total Cost": 80211.05,
      "Plan Rows": 1,
      "Plan Width": 8,
      "Actual Startup Time": 325.658,
      "Actual Total Time": 344.186,
      "Actual Rows": 1,
      "Actual Loops": 1,
      "Plans": [
        {
          "Node Type": "Gather",
          "Parent Relationship": "Outer",
          "Parallel Aware": false,
          "Startup Cost": 80210.73,
          "Total Cost": 80211.04,
          "Plan Rows": 3,
          "Plan Width": 8,
          "Actual Startup Time": 320.127,
          "Actual Total Time": 344.176,
          "Actual Rows": 4,
          "Actual Loops": 1,
          "Workers Planned": 3,
          "Workers Launched": 3,
          "Single Copy": false,
          "Plans": [
            {
              "Node Type": "Aggregate",
              "Strategy": "Plain",
              "Partial Mode": "Partial",
              "Parent Relationship": "Outer",
              "Parallel Aware": false,
              "Startup Cost": 79210.73,
              "Total Cost": 79210.74,
              "Plan Rows": 1,
              "Plan Width": 8,
              "Actual Startup Time": 311.195,
              "Actual Total Time": 311.199,
              "Actual Rows": 1,
              "Actual Loops": 4,
              "Plans": [
                {
                  "Node Type": "Hash Join",
                  "Parent Relationship": "Outer",
                  "Parallel Aware": true,
                  "Join Type": "Inner",
                  "Startup Cost": 53230.42,
                  "Total Cost": 79117.82,
                  "Plan Rows": 37163,
                  "Plan Width": 0,
                  "Actual Startup Time": 232.436,
                  "Actual Total Time": 307.132,
                  "Actual Rows": 67555,
                  "Actual Loops": 4,
                  "Inner Unique": true,
                  "Hash Cond": "(mk.movie_id = t.id)",
                  "Plans": [
                    {
                      "Node Type": "Bitmap Heap Scan",
                      "Parent Relationship": "Outer",
                      "Parallel Aware": true,
                      "Relation Name": "movie_keyword",
                      "Alias": "mk",
                      "Startup Cost": 6233.29,
                      "Total Cost": 31871.92,
                      "Plan Rows": 94770,
                      "Plan Width": 4,
                      "Actual Startup Time": 29.699,
                      "Actual Total Time": 76.774,
                      "Actual Rows": 72707,
                      "Actual Loops": 4,
                      "Recheck Cond": "(keyword_id > 55337)",
                      "Rows Removed by Index Recheck": 0,
                      "Exact Heap Blocks": 7811,
                      "Lossy Heap Blocks": 0,
                      "Plans": [
                        {
                          "Node Type": "Bitmap Index Scan",
                          "Parent Relationship": "Outer",
                          "Parallel Aware": false,
                          "Index Name": "keyword_id_movie_keyword",
                          "Startup Cost": 0.0,
                          "Total Cost": 6159.84,
                          "Plan Rows": 293788,
                          "Plan Width": 0,
                          "Actual Startup Time": 24.392,
                          "Actual Total Time": 24.393,
                          "Actual Rows": 290828,
                          "Actual Loops": 1,
                          "Index Cond": "(keyword_id > 55337)"
                        }
                      ]
                    },
                    {
                      "Node Type": "Hash",
                      "Parent Relationship": "Inner",
                      "Parallel Aware": true,
                      "Startup Cost": 43898.92,
                      "Total Cost": 43898.92,
                      "Plan Rows": 247857,
                      "Plan Width": 4,
                      "Actual Startup Time": 197.618,
                      "Actual Total Time": 197.619,
                      "Actual Rows": 246262,
                      "Actual Loops": 4,
                      "Hash Buckets": 1048576,
                      "Original Hash Buckets": 1048576,
                      "Hash Batches": 1,
                      "Original Hash Batches": 1,
                      "Peak Memory Usage": 46752,
                      "Plans": [
                        {
                          "Node Type": "Seq Scan",
                          "Parent Relationship": "Outer",
                          "Parallel Aware": true,
                          "Relation Name": "title",
                          "Alias": "t",
                          "Startup Cost": 0.0,
                          "Total Cost": 43898.92,
                          "Plan Rows": 247857,
                          "Plan Width": 4,
                          "Actual Startup Time": 0.041,
                          "Actual Total Time": 109.948,
                          "Actual Rows": 246262,
                          "Actual Loops": 4,
                          "Filter": "(kind_id < 7)",
                          "Rows Removed by Filter": 385816
                        }
                      ]
                    }
                  ]
                }
              ]
            }
          ]
        }
      ]
    },
    "Planning Time": 0.578,
    "Triggers": [],
    "Execution Time": 344.274
  }
]