[
  {
    "Plan": {
      "Node Type": "Aggregate",
      "Strategy": "Plain",
      "Partial Mode": "Finalize",
      "Parallel Aware": false,
      "Startup Cost": 440539.43,
      "Total Cost": 440539.44,
      "Plan Rows": 1,
      "Plan Width": 8,
      "Actual Startup Time": 1977.397,
      "Actual Total Time": 2043.145,
      "Actual Rows": 1,
      "Actual Loops": 1,
      "Plans": [
        {
          "Node Type": "Gather",
          "Parent Relationship": "Outer",
          "Parallel Aware": false,
          "Startup Cost": 440538.81,
          "Total Cost": 440539.42,
          "Plan Rows": 6,
          "Plan Width": 8,
          "Actual Startup Time": 1964.711,
          "Actual Total Time": 2043.132,
          "Actual Rows": 7,
          "Actual Loops": 1,
          "Workers Planned": 6,
          "Workers Launched": 6,
          "Single Copy": false,
          "Plans": [
            {
              "Node Type": "Aggregate",
              "Strategy": "Plain",
              "Partial Mode": "Partial",
              "Parent Relationship": "Outer",
              "Parallel Aware": false,
              "Startup Cost": 439538.81,
              "Total Cost": 439538.82,
              "Plan Rows": 1,
              "Plan Width": 8,
              "Actual Startup Time": 1953.254,
              "Actual Total Time": 1953.45,
              "Actual Rows": 1,
              "Actual Loops": 7,
              "Plans": [
                {
                  "Node Type": "Hash Join",
                  "Parent Relationship": "Outer",
                  "Parallel Aware": true,
                  "Join Type": "Inner",
                  "Startup Cost": 83374.46,
                  "Total Cost": 435920.99,
                  "Plan Rows": 1447128,
                  "Plan Width": 0,
                  "Actual Startup Time": 346.656,
                  "Actual Total Time": 1905.495,
                  "Actual Rows": 992828,
                  "Actual Loops": 7,
                  "Inner Unique": false,
                  "Hash Cond": "(ci.movie_id = t.id)",
                  "Plans": [
                    {
                      "Node Type": "Seq Scan",
                      "Parent Relationship": "Outer",
                      "Parallel Aware": true,
                      "Relation Name": "cast_info",
                      "Alias": "ci",
                      "Startup Cost": 0.0,
                      "Total Cost": 328162.03,
                      "Plan Rows": 5257691,
                      "Plan Width": 4,
                      "Actual Startup Time": 0.064,
                      "Actual Total Time": 766.308,
                      "Actual Rows": 4515030,
                      "Actual Loops": 7,
                      "Filter": "(role_id < 10)",
                      "Rows Removed by Filter": 662734
                    },
                    {
                      "Node Type": "Hash",
                      "Parent Relationship": "Inner",
                      "Parallel Aware": true,
                      "Startup Cost": 80568.46,
                      "Total Cost": 80568.46,
                      "Plan Rows": 224480,
                      "Plan Width": 8,
                      "Actual Startup Time": 343.018,
                      "Actual Total Time": 343.213,
                      "Actual Rows": 51204,
                      "Actual Loops": 7,
                      "Hash Buckets": 1048576,
                      "Original Hash Buckets": 1048576,
                      "Hash Batches": 1,
                      "Original Hash Batches": 1,
                      "Peak Memory Usage": 22304,
                      "Plans": [
                        {
                          "Node Type": "Hash Join",
                          "Parent Relationship": "Outer",
                          "Parallel Aware": true,
                          "Join Type": "Inner",
                          "Startup Cost": 50290.05,
                          "Total Cost": 80568.46,
                          "Plan Rows": 224480,
                          "Plan Width": 8,
                          "Actual Startup Time": 212.959,
                          "Actual Total Time": 315.186,
                          "Actual Rows": 51204,
                          "Actual Loops": 7,
                          "Inner Unique": true,
                          "Hash Cond": "(mc.movie_id = t.id)",
                          "Plans": [
                            {
                              "Node Type": "Seq Scan",
                              "Parent Relationship": "Outer",
                              "Parallel Aware": true,
                              "Relation Name": "movie_companies",
                              "Alias": "mc",
                              "Startup Cost": 0.0,
                              "Total Cost": 29310.68,
                              "Plan Rows": 368659,
                              "Plan Width": 4,
                              "Actual Startup Time": 7.233,
                              "Actual Total Time": 49.451,
                              "Actual Rows": 163438,
                              "Actual Loops": 7,
                              "Filter": "(company_id > 13214)",
                              "Rows Removed by Filter": 209294
                            },
                            {
                              "Node Type": "Hash",
                              "Parent Relationship": "Inner",
                              "Parallel Aware": true,
                              "Startup Cost": 45479.1,
                              "Total Cost": 45479.1,
                              "Plan Rows": 384876,
                              "Plan Width": 4,
                              "Actual Startup Time": 202.925,
                              "Actual Total Time": 202.926,
                              "Actual Rows": 235648,
                              "Actual Loops": 7,
                              "Hash Buckets": 2097152,
                              "Original Hash Buckets": 2097152,
                              "Hash Batches": 1,
                              "Original Hash Batches": 1,
                              "Peak Memory Usage": 81056,
                              "Plans": [
                                {
                                  "Node Type": "Seq Scan",
                                  "Parent Relationship": "Outer",
                                  "Parallel Aware": true,
                                  "Relation Name": "title",
                                  "Alias": "t",
                                  "Startup Cost": 0.0,
                                  "Total Cost": 45479.1,
                                  "Plan Rows": 384876,
                                  "Plan Width": 4,
                                  "Actual Startup Time": 0.043,
                                  "Actual Total Time": 85.758,
                                  "Actual Rows": 235648,
                                  "Actual Loops": 7,
                                  "Filter": "((kind_id > 1) AND (production_year > 1970))",
                                  "Rows Removed by Filter": 125539
                                }
                              ]
                            }
                          ]
                        }
                      ]
                    }
                  ]
                }
              ]
            }
          ]
        }
      ]
    },
    "Planning Time": 1.372,
    "Triggers": [],
    "Execution Time": 2043.246
  }
]