[
  {
    "Plan": {
      "Node Type": "Aggregate",
      "Strategy": "Plain",
      "Partial Mode": "Finalize",
      "Parallel Aware": false,
      "Startup Cost": 45268.06,
      "Total Cost": 45268.07,
      "Plan Rows": 1,
      "Plan Width": 8,
      "Actual Startup Time": 153.106,
      "Actual Total Time": 160.532,
      "Actual Rows": 1,
      "Actual Loops": 1,
      "Plans": [
        {
          "Node Type": "Gather",
          "Parent Relationship": "Outer",
          "Parallel Aware": false,
          "Startup Cost": 45267.75,
          "Total Cost": 45268.06,
          "Plan Rows": 3,
          "Plan Width": 8,
          "Actual Startup Time": 153.005,
          "Actual Total Time": 160.522,
          "Actual Rows": 4,
          "Actual Loops": 1,
          "Workers Planned": 3,
          "Workers Launched": 3,
          "Single Copy": false,
          "Plans": [
            {
              "Node Type": "Aggregate",
              "Strategy": "Plain",
              "Partial Mode": "Partial",
              "Parent Relationship": "Outer",
              "Parallel Aware": false,
              "Startup Cost": 44267.75,
              "Total Cost": 44267.76,
              "Plan Rows": 1,
              "Plan Width": 8,
              "Actual Startup Time": 146.342,
              "Actual Total Time": 146.344,
              "Actual Rows": 1,
              "Actual Loops": 4,
              "Plans": [
                {
                  "Node Type": "Seq Scan",
                  "Parent Relationship": "Outer",
                  "Parallel Aware": true,
                  "Relation Name": "movie_keyword",
                  "Alias": "mk",
                  "Startup Cost": 0.0,
                  "Total Cost": 42695.65,
                  "Plan Rows": 628837,
                  "Plan Width": 0,
                  "Actual Startup Time": 0.554,
                  "Actual Total Time": 120.485,
                  "Actual Rows": 484982,
                  "Actual Loops": 4,
                  "Filter": "(keyword_id > 6797)",
                  "Rows Removed by Filter": 646000
                }
              ]
            }
          ]
        }
      ]
    },
    "Planning Time": 0.189,
    "Triggers": [],
    "Execution Time": 160.603
  }
]