[
  {
    "Plan": {
      "Node Type": "Aggregate",
      "Strategy": "Plain",
      "Partial Mode": "Finalize",
      "Parallel Aware": false,
      "Startup Cost": 31239.69,
      "Total Cost": 31239.7,
      "Plan Rows": 1,
      "Plan Width": 8,
      "Actual Startup Time": 65.052,
      "Actual Total Time": 69.134,
      "Actual Rows": 1,
      "Actual Loops": 1,
      "Plans": [
        {
          "Node Type": "Gather",
          "Parent Relationship": "Outer",
          "Parallel Aware": false,
          "Startup Cost": 31239.27,
          "Total Cost": 31239.68,
          "Plan Rows": 4,
          "Plan Width": 8,
          "Actual Startup Time": 64.957,
          "Actual Total Time": 69.129,
          "Actual Rows": 5,
          "Actual Loops": 1,
          "Workers Planned": 4,
          "Workers Launched": 4,
          "Single Copy": false,
          "Plans": [
            {
              "Node Type": "Aggregate",
              "Strategy": "Plain",
              "Partial Mode": "Partial",
              "Parent Relationship": "Outer",
              "Parallel Aware": false,
              "Startup Cost": 30239.27,
              "Total Cost": 30239.28,
              "Plan Rows": 1,
              "Plan Width": 8,
              "Actual Startup Time": 58.544,
              "Actual Total Time": 58.545,
              "Actual Rows": 1,
              "Actual Loops": 5,
              "Plans": [
                {
                  "Node Type": "Index Scan",
                  "Parent Relationship": "Outer",
                  "Parallel Aware": true,
                  "Scan Direction": "Forward",
                  "Index Name": "role_id_cast_info",
                  "Relation Name": "cast_info",
                  "Alias": "ci",
                  "Startup Cost": 0.56,
                  "Total Cost": 29878.05,
                  "Plan Rows": 144489,
                  "Plan Width": 0,
                  "Actual Startup Time": 0.097,
                  "Actual Total Time": 49.094,
                  "Actual Rows": 175658,
                  "Actual Loops": 5,
                  "Index Cond": "(role_id = 9)",
                  "Rows Removed by Index Recheck": 0,
                  "Filter": "(person_id > 1668333)",
                  "Rows Removed by Filter": 43054
                }
              ]
            }
          ]
        }
      ]
    },
    "Planning Time": 0.085,
    "Triggers": [],
    "Execution Time": 69.159
  }
]