[
  {
    "Plan": {
      "Node Type": "Aggregate",
      "Strategy": "Plain",
      "Partial Mode": "Finalize",
      "Parallel Aware": false,
      "Startup Cost": 91799.92,
      "Total Cost": 91799.93,
      "Plan Rows": 1,
      "Plan Width": 8,
      "Actual Startup Time": 310.133,
      "Actual Total Time": 329.469,
      "Actual Rows": 1,
      "Actual Loops": 1,
      "Plans": [
        {
          "Node Type": "Gather",
          "Parent Relationship": "Outer",
          "Parallel Aware": false,
          "Startup Cost": 91799.6,
          "Total Cost": 91799.91,
          "Plan Rows": 3,
          "Plan Width": 8,
          "Actual Startup Time": 309.447,
          "Actual Total Time": 329.457,
          "Actual Rows": 4,
          "Actual Loops": 1,
          "Workers Planned": 3,
          "Workers Launched": 3,
          "Single Copy": false,
          "Plans": [
            {
              "Node Type": "Aggregate",
              "Strategy": "Plain",
              "Partial Mode": "Partial",
              "Parent Relationship": "Outer",
              "Parallel Aware": false,
              "Startup Cost": 90799.6,
              "Total Cost": 90799.61,
              "Plan Rows": 1,
              "Plan Width": 8,
              "Actual Startup Time": 300.359,
              "Actual Total Time": 300.362,
              "Actual Rows": 1,
              "Actual Loops": 4,
              "Plans": [
                {
                  "Node Type": "Hash Join",
                  "Parent Relationship": "Outer",
                  "Parallel Aware": true,
                  "Join Type": "Inner",
                  "Startup Cost": 45811.79,
                  "Total Cost": 90711.23,
                  "Plan Rows": 35350,
                  "Plan Width": 0,
                  "Actual Startup Time": 120.32,
                  "Actual Total Time": 299.983,
                  "Actual Rows": 6264,
                  "Actual Loops": 4,
                  "Inner Unique": true,
                  "Hash Cond": "(mk.movie_id = t.id)",
                  "Plans": [
                    {
                      "Node Type": "Seq Scan",
                      "Parent Relationship": "Outer",
                      "Parallel Aware": true,
                      "Relation Name": "movie_keyword",
                      "Alias": "mk",
                      "Startup Cost": 0.0,
                      "Total Cost": 42695.65,
                      "Plan Rows": 839538,
                      "Plan Width": 4,
                      "Actual Startup Time": 0.251,
                      "Actual Total Time": 121.569,
                      "Actual Rows": 649087,
                      "Actual Loops": 4,
                      "Filter": "(keyword_id > 3312)",
                      "Rows Removed by Filter": 481896
                    },
                    {
                      "Node Type": "Hash",
                      "Parent Relationship": "Inner",
                      "Parallel Aware": true,
                      "Startup Cost": 45479.1,
                      "Total Cost": 45479.1,
                      "Plan Rows": 26615,
                      "Plan Width": 4,
                      "Actual Startup Time": 117.592,
                      "Actual Total Time": 117.593,
                      "Actual Rows": 28991,
                      "Actual Loops": 4,
                      "Hash Buckets": 131072,
                      "Original Hash Buckets": 131072,
                      "Hash Batches": 1,
                      "Original Hash Batches": 1,
                      "Peak Memory Usage": 5664,
                      "Plans": [
                        {
                          "Node Type": "Seq Scan",
                          "Parent Relationship": "Outer",
                          "Parallel Aware": true,
                          "Relation Name": "title",
                          "Alias": "t",
                          "Startup Cost": 0.0,
                          "Total Cost": 45479.1,
                          "Plan Rows": 26615,
                          "Plan Width": 4,
                          "Actual Startup Time": 0.043,
                          "Actual Total Time": 105.3,
                          "Actual Rows": 28991,
                          "Actual Loops": 4,
                          "Filter": "((kind_id > 3) AND (production_year = 2012))",
                          "Rows Removed by Filter": 603087
                        }
                      ]
                    }
                  ]
                }
              ]
            }
          ]
        }
      ]
    },
    "Planning Time": 0.648,
    "Triggers": [],
    "Execution Time": 329.551
  }
]