[
  {
    "Plan": {
      "Node Type": "Aggregate",
      "Strategy": "Plain",
      "Partial Mode": "Simple",
      "Parallel Aware": false,
      "Startup Cost": 29310.07,
      "Total Cost": 29310.08,
      "Plan Rows": 1,
      "Plan Width": 64,
      "Actual Startup Time": 27.883,
      "Actual Total Time": 27.899,
      "Actual Rows": 1,
      "Actual Loops": 1,
      "Output": [
        "min(mi.info)",
        "min(t.title)"
      ],
      "Plans": [
        {
          "Node Type": "Hash Join",
          "Parent Relationship": "Outer",
          "Parallel Aware": false,
          "Join Type": "Inner",
          "Startup Cost": 6247.47,
          "Total Cost": 29309.99,
          "Plan Rows": 16,
          "Plan Width": 60,
          "Actual Startup Time": 14.011,
          "Actual Total Time": 27.434,
          "Actual Rows": 10,
          "Actual Loops": 1,
          "Output": [
            "mi.info",
            "t.title"
          ],
          "Inner Unique": true,
          "Hash Cond": "(mc.company_type_id = ct.id)",
          "Plans": [
            {
              "Node Type": "Nested Loop",
              "Parent Relationship": "Outer",
              "Parallel Aware": false,
              "Join Type": "Inner",
              "Startup Cost": 6246.39,
              "Total Cost": 29291.07,
              "Plan Rows": 3300,
              "Plan Width": 64,
              "Actual Startup Time": 12.562,
              "Actual Total Time": 25.978,
              "Actual Rows": 10,
              "Actual Loops": 1,
              "Output": [
                "mc.company_type_id",
                "mi.info",
                "t.title"
              ],
              "Inner Unique": true,
              "Plans": [
                {
                  "Node Type": "Nested Loop",
                  "Parent Relationship": "Outer",
                  "Parallel Aware": false,
                  "Join Type": "Inner",
                  "Startup Cost": 6245.97,
                  "Total Cost": 29250.49,
                  "Plan Rows": 91,
                  "Plan Width": 68,
                  "Actual Startup Time": 11.702,
                  "Actual Total Time": 18.303,
                  "Actual Rows": 33,
                  "Actual Loops": 1,
                  "Output": [
                    "mi.info",
                    "mc.company_type_id",
                    "mc.company_id",
                    "t.title"
                  ],
                  "Inner Unique": false,
                  "Join Filter": "(t.id = mc.movie_id)",
                  "Rows Removed by Join Filter": 0,
                  "Plans": [
                    {
                      "Node Type": "Hash Join",
                      "Parent Relationship": "Outer",
                      "Parallel Aware": false,
                      "Join Type": "Inner",
                      "Startup Cost": 6245.54,
                      "Total Cost": 29240.49,
                      "Plan Rows": 17,
                      "Plan Width": 72,
                      "Actual Startup Time": 11.258,
                      "Actual Total Time": 17.125,
                      "Actual Rows": 2,
                      "Actual Loops": 1,
                      "Output": [
                        "mi.info",
                        "mi.movie_id",
                        "mi_idx.movie_id",
                        "t.title",
                        "t.id"
                      ],
                      "Inner Unique": true,
                      "Hash Cond": "(mi.info_type_id = it1.id)",
                      "Plans": [
                        {
                          "Node Type": "Nested Loop",
                          "Parent Relationship": "Outer",
                          "Parallel Aware": false,
                          "Join Type": "Inner",
                          "Startup Cost": 6243.11,
                          "Total Cost": 29232.86,
                          "Plan Rows": 1911,
                          "Plan Width": 76,
                          "Actual Startup Time": 8.578,
                          "Actual Total Time": 16.975,
                          "Actual Rows": 221,
                          "Actual Loops": 1,
                          "Output": [
                            "mi_idx.movie_id",
                            "mi.info",
                            "mi.movie_id",
                            "mi.info_type_id",
                            "t.title",
                            "t.id"
                          ],
                          "Inner Unique": false,
                          "Join Filter": "(t.id = mi.movie_id)",
                          "Rows Removed by Join Filter": 0,
                          "Plans": [
                            {
                              "Node Type": "Nested Loop",
                              "Parent Relationship": "Outer",
                              "Parallel Aware": false,
                              "Join Type": "Inner",
                              "Startup Cost": 6242.68,
                              "Total Cost": 29092.27,
                              "Plan Rows": 63,
                              "Plan Width": 25,
                              "Actual Startup Time": 7.121,
                              "Actual Total Time": 8.849,
                              "Actual Rows": 2,
                              "Actual Loops": 1,
                              "Output": [
                                "mi_idx.movie_id",
                                "t.title",
                                "t.id"
                              ],
                              "Inner Unique": true,
                              "Plans": [
                                {
                                  "Node Type": "Nested Loop",
                                  "Parent Relationship": "Outer",
                                  "Parallel Aware": false,
                                  "Join Type": "Inner",
                                  "Startup Cost": 6242.25,
                                  "Total Cost": 21942.36,
                                  "Plan Rows": 12213,
                                  "Plan Width": 4,
                                  "Actual Startup Time": 0.708,
                                  "Actual Total Time": 0.747,
                                  "Actual Rows": 10,
                                  "Actual Loops": 1,
                                  "Output": [
                                    "mi_idx.movie_id"
                                  ],
                                  "Inner Unique": false,
                                  "Plans": [
                                    {
                                      "Node Type": "Seq Scan",
                                      "Parent Relationship": "Outer",
                                      "Parallel Aware": false,
                                      "Relation Name": "info_type",
                                      "Schema": "public",
                                      "Alias": "it2",
                                      "Startup Cost": 0.0,
                                      "Total Cost": 2.41,
                                      "Plan Rows": 1,
                                      "Plan Width": 4,
                                      "Actual Startup Time": 0.017,
                                      "Actual Total Time": 0.019,
                                      "Actual Rows": 1,
                                      "Actual Loops": 1,
                                      "Output": [
                                        "it2.id",
                                        "it2.info"
                                      ],
                                      "Filter": "((it2.info)::text = 'bottom 10 rank'::text)",
                                      "Rows Removed by Filter": 112
                                    },
                                    {
                                      "Node Type": "Bitmap Heap Scan",
                                      "Parent Relationship": "Inner",
                                      "Parallel Aware": false,
                                      "Relation Name": "movie_info_idx",
                                      "Schema": "public",
                                      "Alias": "mi_idx",
                                      "Startup Cost": 6242.25,
                                      "Total Cost": 18489.86,
                                      "Plan Rows": 345009,
                                      "Plan Width": 8,
                                      "Actual Startup Time": 0.647,
                                      "Actual Total Time": 0.671,
                                      "Actual Rows": 10,
                                      "Actual Loops": 1,
                                      "Output": [
                                        "mi_idx.id",
                                        "mi_idx.movie_id",
                                        "mi_idx.info_type_id",
                                        "mi_idx.info",
                                        "mi_idx.note"
                                      ],
                                      "Recheck Cond": "(mi_idx.info_type_id = it2.id)",
                                      "Rows Removed by Index Recheck": 0,
                                      "Exact Heap Blocks": 1,
                                      "Lossy Heap Blocks": 0,
                                      "Plans": [
                                        {
                                          "Node Type": "Bitmap Index Scan",
                                          "Parent Relationship": "Outer",
                                          "Parallel Aware": false,
                                          "Index Name": "info_type_id_movie_info_idx",
                                          "Startup Cost": 0.0,
                                          "Total Cost": 6155.99,
                                          "Plan Rows": 345009,
                                          "Plan Width": 0,
                                          "Actual Startup Time": 0.446,
                                          "Actual Total Time": 0.447,
                                          "Actual Rows": 10,
                                          "Actual Loops": 1,
                                          "Index Cond": "(mi_idx.info_type_id = it2.id)"
                                        }
                                      ]
                                    }
                                  ]
                                },
                                {
                                  "Node Type": "Index Scan",
                                  "Parent Relationship": "Inner",
                                  "Parallel Aware": false,
                                  "Scan Direction": "Forward",
                                  "Index Name": "title_pkey",
                                  "Relation Name": "title",
                                  "Schema": "public",
                                  "Alias": "t",
                                  "Startup Cost": 0.43,
                                  "Total Cost": 0.59,
                                  "Plan Rows": 1,
                                  "Plan Width": 21,
                                  "Actual Startup Time": 0.809,
                                  "Actual Total Time": 0.809,
                                  "Actual Rows": 0,
                                  "Actual Loops": 10,
                                  "Output": [
                                    "t.id",
                                    "t.title",
                                    "t.imdb_index",
                                    "t.kind_id",
                                    "t.production_year",
                                    "t.imdb_id",
                                    "t.phonetic_code",
                                    "t.episode_of_id",
                                    "t.season_nr",
                                    "t.episode_nr",
                                    "t.series_years",
                                    "t.md5sum"
                                  ],
                                  "Index Cond": "(t.id = mi_idx.movie_id)",
                                  "Rows Removed by Index Recheck": 0,
                                  "Filter": "((t.production_year > 2000) AND ((t.title ~~ 'Birdemic%'::text) OR (t.title ~~ '%Movie%'::text)))",
                                  "Rows Removed by Filter": 1
                                }
                              ]
                            },
                            {
                              "Node Type": "Index Scan",
                              "Parent Relationship": "Inner",
                              "Parallel Aware": false,
                              "Scan Direction": "Forward",
                              "Index Name": "movie_id_movie_info",
                              "Relation Name": "movie_info",
                              "Schema": "public",
                              "Alias": "mi",
                              "Startup Cost": 0.43,
                              "Total Cost": 1.74,
                              "Plan Rows": 39,
                              "Plan Width": 51,
                              "Actual Startup Time": 0.945,
                              "Actual Total Time": 4.031,
                              "Actual Rows": 110,
                              "Actual Loops": 2,
                              "Output": [
                                "mi.id",
                                "mi.movie_id",
                                "mi.info_type_id",
                                "mi.info",
                                "mi.note"
                              ],
                              "Index Cond": "(mi.movie_id = mi_idx.movie_id)",
                              "Rows Removed by Index Recheck": 0
                            }
                          ]
                        },
                        {
                          "Node Type": "Hash",
                          "Parent Relationship": "Inner",
                          "Parallel Aware": false,
                          "Startup Cost": 2.41,
                          "Total Cost": 2.41,
                          "Plan Rows": 1,
                          "Plan Width": 4,
                          "Actual Startup Time": 0.081,
                          "Actual Total Time": 0.082,
                          "Actual Rows": 1,
                          "Actual Loops": 1,
                          "Output": [
                            "it1.id"
                          ],
                          "Hash Buckets": 1024,
                          "Original Hash Buckets": 1024,
                          "Hash Batches": 1,
                          "Original Hash Batches": 1,
                          "Peak Memory Usage": 9,
                          "Plans": [
                            {
                              "Node Type": "Seq Scan",
                              "Parent Relationship": "Outer",
                              "Parallel Aware": false,
                              "Relation Name": "info_type",
                              "Schema": "public",
                              "Alias": "it1",
                              "Startup Cost": 0.0,
                              "Total Cost": 2.41,
                              "Plan Rows": 1,
                              "Plan Width": 4,
                              "Actual Startup Time": 0.078,
                              "Actual Total Time": 0.079,
                              "Actual Rows": 1,
                              "Actual Loops": 1,
                              "Output": [
                                "it1.id"
                              ],
                              "Filter": "((it1.info)::text = 'budget'::text)",
                              "Rows Removed by Filter": 112
                            }
                          ]
                        }
                      ]
                    },
                    {
                      "Node Type": "Index Scan",
                      "Parent Relationship": "Inner",
                      "Parallel Aware": false,
                      "Scan Direction": "Forward",
                      "Index Name": "movie_id_movie_companies",
                      "Relation Name": "movie_companies",
                      "Schema": "public",
                      "Alias": "mc",
                      "Startup Cost": 0.43,
                      "Total Cost": 0.53,
                      "Plan Rows": 5,
                      "Plan Width": 12,
                      "Actual Startup Time": 0.514,
                      "Actual Total Time": 0.581,
                      "Actual Rows": 16,
                      "Actual Loops": 2,
                      "Output": [
                        "mc.id",
                        "mc.movie_id",
                        "mc.company_id",
                        "mc.company_type_id",
                        "mc.note"
                      ],
                      "Index Cond": "(mc.movie_id = mi.movie_id)",
                      "Rows Removed by Index Recheck": 0
                    }
                  ]
                },
                {
                  "Node Type": "Index Scan",
                  "Parent Relationship": "Inner",
                  "Parallel Aware": false,
                  "Scan Direction": "Forward",
                  "Index Name": "company_name_pkey",
                  "Relation Name": "company_name",
                  "Schema": "public",
                  "Alias": "cn",
                  "Startup Cost": 0.42,
                  "Total Cost": 0.45,
                  "Plan Rows": 1,
                  "Plan Width": 4,
                  "Actual Startup Time": 0.231,
                  "Actual Total Time": 0.231,
                  "Actual Rows": 0,
                  "Actual Loops": 33,
                  "Output": [
                    "cn.id",
                    "cn.name",
                    "cn.country_code",
                    "cn.imdb_id",
                    "cn.name_pcode_nf",
                    "cn.name_pcode_sf",
                    "cn.md5sum"
                  ],
                  "Index Cond": "(cn.id = mc.company_id)",
                  "Rows Removed by Index Recheck": 0,
                  "Filter": "((cn.country_code)::text = '[us]'::text)",
                  "Rows Removed by Filter": 1
                }
              ]
            },
            {
              "Node Type": "Hash",
              "Parent Relationship": "Inner",
              "Parallel Aware": false,
              "Startup Cost": 1.06,
              "Total Cost": 1.06,
              "Plan Rows": 2,
              "Plan Width": 4,
              "Actual Startup Time": 0.324,
              "Actual Total Time": 0.325,
              "Actual Rows": 2,
              "Actual Loops": 1,
              "Output": [
                "ct.id"
              ],
              "Hash Buckets": 1024,
              "Original Hash Buckets": 1024,
              "Hash Batches": 1,
              "Original Hash Batches": 1,
              "Peak Memory Usage": 9,
              "Plans": [
                {
                  "Node Type": "Seq Scan",
                  "Parent Relationship": "Outer",
                  "Parallel Aware": false,
                  "Relation Name": "company_type",
                  "Schema": "public",
                  "Alias": "ct",
                  "Startup Cost": 0.0,
                  "Total Cost": 1.06,
                  "Plan Rows": 2,
                  "Plan Width": 4,
                  "Actual Startup Time": 0.279,
                  "Actual Total Time": 0.282,
                  "Actual Rows": 2,
                  "Actual Loops": 1,
                  "Output": [
                    "ct.id"
                  ],
                  "Filter": "((ct.kind IS NOT NULL) AND (((ct.kind)::text = 'production companies'::text) OR ((ct.kind)::text = 'distributors'::text)))",
                  "Rows Removed by Filter": 2
                }
              ]
            }
          ]
        }
      ]
    },
    "Planning Time": 13334.538,
    "Triggers": [],
    "Execution Time": 34.99
  }
]