{
  "Plan": {
    "Node Type": "Aggregate",
    "Strategy": "Plain",
    "Partial Mode": "Finalize",
    "Parallel Aware": false,
    "Startup Cost": 420965.01,
    "Total Cost": 420965.02,
    "Plan Rows": 1,
    "Plan Width": 8,
    "Actual Startup Time": 1788.222,
    "Actual Total Time": 1833.45,
    "Actual Rows": 1,
    "Actual Loops": 1,
    "Plans": [
      {
        "Node Type": "Gather",
        "Parent Relationship": "Outer",
        "Parallel Aware": false,
        "Startup Cost": 420964.9,
        "Total Cost": 420965.01,
        "Plan Rows": 1,
        "Plan Width": 8,
        "Actual Startup Time": 1787.387,
        "Actual Total Time": 1833.441,
        "Actual Rows": 2,
        "Actual Loops": 1,
        "Workers Planned": 1,
        "Workers Launched": 1,
        "Single Copy": false,
        "Plans": [
          {
            "Node Type": "Aggregate",
            "Strategy": "Plain",
            "Partial Mode": "Partial",
            "Parent Relationship": "Outer",
            "Parallel Aware": false,
            "Startup Cost": 419964.9,
            "Total Cost": 419964.91,
            "Plan Rows": 1,
            "Plan Width": 8,
            "Actual Startup Time": 1783.377,
            "Actual Total Time": 1783.557,
            "Actual Rows": 1,
            "Actual Loops": 2,
            "Plans": [
              {
                "Node Type": "Hash Join",
                "Parent Relationship": "Outer",
                "Parallel Aware": true,
                "Join Type": "Inner",
                "Startup Cost": 347295.48,
                "Total Cost": 419177.38,
                "Plan Rows": 315008,
                "Plan Width": 0,
                "Actual Startup Time": 1394.882,
                "Actual Total Time": 1765.899,
                "Actual Rows": 425146,
                "Actual Loops": 2,
                "Inner Unique": false,
                "Hash Cond": "(mk.movie_id = t.id)",
                "Plans": [
                  {
                    "Node Type": "Seq Scan",
                    "Parent Relationship": "Outer",
                    "Parallel Aware": true,
                    "Relation Name": "movie_keyword",
                    "Alias": "mk",
                    "Startup Cost": 0.0,
                    "Total Cost": 57718.19,
                    "Plan Rows": 2462144,
                    "Plan Width": 4,
                    "Actual Startup Time": 0.023,
                    "Actual Total Time": 199.671,
                    "Actual Rows": 2083104,
                    "Actual Loops": 2,
                    "Filter": "(keyword_id > 317)",
                    "Rows Removed by Filter": 178862
                  },
                  {
                    "Node Type": "Hash",
                    "Parent Relationship": "Inner",
                    "Parallel Aware": true,
                    "Startup Cost": 344917.02,
                    "Total Cost": 344917.02,
                    "Plan Rows": 190277,
                    "Plan Width": 8,
                    "Actual Startup Time": 1390.095,
                    "Actual Total Time": 1390.273,
                    "Actual Rows": 106776,
                    "Actual Loops": 2,
                    "Hash Buckets": 524288,
                    "Original Hash Buckets": 524288,
                    "Hash Batches": 1,
                    "Original Hash Batches": 1,
                    "Peak Memory Usage": 12480,
                    "Plans": [
                      {
                        "Node Type": "Hash Join",
                        "Parent Relationship": "Outer",
                        "Parallel Aware": true,
                        "Join Type": "Inner",
                        "Startup Cost": 58913.07,
                        "Total Cost": 344917.02,
                        "Plan Rows": 190277,
                        "Plan Width": 8,
                        "Actual Startup Time": 196.203,
                        "Actual Total Time": 1356.976,
                        "Actual Rows": 106776,
                        "Actual Loops": 2,
                        "Inner Unique": true,
                        "Hash Cond": "(mi.movie_id = t.id)",
                        "Plans": [
                          {
                            "Node Type": "Seq Scan",
                            "Parent Relationship": "Outer",
                            "Parallel Aware": true,
                            "Relation Name": "movie_info",
                            "Alias": "mi",
                            "Startup Cost": 0.0,
                            "Total Cost": 270696.42,
                            "Plan Rows": 5831431,
                            "Plan Width": 4,
                            "Actual Startup Time": 34.529,
                            "Actual Total Time": 741.369,
                            "Actual Rows": 4955877,
                            "Actual Loops": 2,
                            "Filter": "(info_type_id > 4)",
                            "Rows Removed by Filter": 2461983
                          },
                          {
                            "Node Type": "Hash",
                            "Parent Relationship": "Inner",
                            "Parallel Aware": true,
                            "Startup Cost": 58306.47,
                            "Total Cost": 58306.47,
                            "Plan Rows": 48528,
                            "Plan Width": 4,
                            "Actual Startup Time": 160.665,
                            "Actual Total Time": 160.666,
                            "Actual Rows": 46156,
                            "Actual Loops": 2,
                            "Hash Buckets": 131072,
                            "Original Hash Buckets": 131072,
                            "Hash Batches": 1,
                            "Original Hash Batches": 1,
                            "Peak Memory Usage": 4672,
                            "Plans": [
                              {
                                "Node Type": "Seq Scan",
                                "Parent Relationship": "Outer",
                                "Parallel Aware": true,
                                "Relation Name": "title",
                                "Alias": "t",
                                "Startup Cost": 0.0,
                                "Total Cost": 58306.47,
                                "Plan Rows": 48528,
                                "Plan Width": 4,
                                "Actual Startup Time": 0.042,
                                "Actual Total Time": 144.163,
                                "Actual Rows": 46156,
                                "Actual Loops": 2,
                                "Filter": "((kind_id > 1) AND (production_year = 2006))",
                                "Rows Removed by Filter": 1218000
                              }
                            ]
                          }
                        ]
                      }
                    ]
                  }
                ]
              }
            ]
          }
        ]
      }
    ]
  },
  "Planning Time": 0.809,
  "Triggers": [],
  "Execution Time": 1833.53
}