{
  "Plan": {
    "Node Type": "Aggregate",
    "Strategy": "Plain",
    "Partial Mode": "Finalize",
    "Parallel Aware": false,
    "Startup Cost": 386962.93,
    "Total Cost": 386962.94,
    "Plan Rows": 1,
    "Plan Width": 8,
    "Actual Startup Time": 1249.822,
    "Actual Total Time": 1270.185,
    "Actual Rows": 1,
    "Actual Loops": 1,
    "Plans": [
      {
        "Node Type": "Gather",
        "Parent Relationship": "Outer",
        "Parallel Aware": false,
        "Startup Cost": 386962.82,
        "Total Cost": 386962.93,
        "Plan Rows": 1,
        "Plan Width": 8,
        "Actual Startup Time": 1247.406,
        "Actual Total Time": 1270.177,
        "Actual Rows": 2,
        "Actual Loops": 1,
        "Workers Planned": 1,
        "Workers Launched": 1,
        "Single Copy": false,
        "Plans": [
          {
            "Node Type": "Aggregate",
            "Strategy": "Plain",
            "Partial Mode": "Partial",
            "Parent Relationship": "Outer",
            "Parallel Aware": false,
            "Startup Cost": 385962.82,
            "Total Cost": 385962.83,
            "Plan Rows": 1,
            "Plan Width": 8,
            "Actual Startup Time": 1239.003,
            "Actual Total Time": 1239.007,
            "Actual Rows": 1,
            "Actual Loops": 2,
            "Plans": [
              {
                "Node Type": "Nested Loop",
                "Parent Relationship": "Outer",
                "Parallel Aware": false,
                "Join Type": "Inner",
                "Startup Cost": 78310.96,
                "Total Cost": 385378.76,
                "Plan Rows": 233621,
                "Plan Width": 0,
                "Actual Startup Time": 465.254,
                "Actual Total Time": 1204.73,
                "Actual Rows": 713661,
                "Actual Loops": 2,
                "Inner Unique": false,
                "Plans": [
                  {
                    "Node Type": "Hash Join",
                    "Parent Relationship": "Outer",
                    "Parallel Aware": true,
                    "Join Type": "Inner",
                    "Startup Cost": 78310.53,
                    "Total Cost": 244494.99,
                    "Plan Rows": 226382,
                    "Plan Width": 8,
                    "Actual Startup Time": 465.188,
                    "Actual Total Time": 618.723,
                    "Actual Rows": 225618,
                    "Actual Loops": 2,
                    "Inner Unique": true,
                    "Hash Cond": "(mi.movie_id = t.id)",
                    "Plans": [
                      {
                        "Node Type": "Bitmap Heap Scan",
                        "Parent Relationship": "Outer",
                        "Parallel Aware": true,
                        "Relation Name": "movie_info",
                        "Alias": "mi",
                        "Startup Cost": 8535.51,
                        "Total Cost": 173992.52,
                        "Plan Rows": 277121,
                        "Plan Width": 4,
                        "Actual Startup Time": 18.5,
                        "Actual Total Time": 42.661,
                        "Actual Rows": 237222,
                        "Actual Loops": 2,
                        "Recheck Cond": "(info_type_id = 6)",
                        "Rows Removed by Index Recheck": 0,
                        "Exact Heap Blocks": 1476,
                        "Lossy Heap Blocks": 0,
                        "Plans": [
                          {
                            "Node Type": "Bitmap Index Scan",
                            "Parent Relationship": "Outer",
                            "Parallel Aware": false,
                            "Index Name": "info_type_id_movie_info",
                            "Startup Cost": 0.0,
                            "Total Cost": 8417.73,
                            "Plan Rows": 471106,
                            "Plan Width": 0,
                            "Actual Startup Time": 18.04,
                            "Actual Total Time": 18.041,
                            "Actual Rows": 474443,
                            "Actual Loops": 1,
                            "Index Cond": "(info_type_id = 6)"
                          }
                        ]
                      },
                      {
                        "Node Type": "Hash",
                        "Parent Relationship": "Inner",
                        "Parallel Aware": true,
                        "Startup Cost": 54588.39,
                        "Total Cost": 54588.39,
                        "Plan Rows": 1214931,
                        "Plan Width": 4,
                        "Actual Startup Time": 432.702,
                        "Actual Total Time": 432.703,
                        "Actual Rows": 1032276,
                        "Actual Loops": 2,
                        "Hash Buckets": 2097152,
                        "Original Hash Buckets": 2097152,
                        "Hash Batches": 1,
                        "Original Hash Batches": 1,
                        "Peak Memory Usage": 97184,
                        "Plans": [
                          {
                            "Node Type": "Seq Scan",
                            "Parent Relationship": "Outer",
                            "Parallel Aware": true,
                            "Relation Name": "title",
                            "Alias": "t",
                            "Startup Cost": 0.0,
                            "Total Cost": 54588.39,
                            "Plan Rows": 1214931,
                            "Plan Width": 4,
                            "Actual Startup Time": 0.028,
                            "Actual Total Time": 171.513,
                            "Actual Rows": 1032276,
                            "Actual Loops": 2,
                            "Filter": "(production_year < 2011)",
                            "Rows Removed by Filter": 231880
                          }
                        ]
                      }
                    ]
                  },
                  {
                    "Node Type": "Index Only Scan",
                    "Parent Relationship": "Inner",
                    "Parallel Aware": false,
                    "Scan Direction": "Forward",
                    "Index Name": "movie_id_movie_companies",
                    "Relation Name": "movie_companies",
                    "Alias": "mc",
                    "Startup Cost": 0.43,
                    "Total Cost": 0.57,
                    "Plan Rows": 5,
                    "Plan Width": 4,
                    "Actual Startup Time": 0.002,
                    "Actual Total Time": 0.002,
                    "Actual Rows": 3,
                    "Actual Loops": 451237,
                    "Index Cond": "(movie_id = t.id)",
                    "Rows Removed by Index Recheck": 0,
                    "Heap Fetches": 1427322
                  }
                ]
              }
            ]
          }
        ]
      }
    ]
  },
  "Planning Time": 0.874,
  "Triggers": [],
  "Execution Time": 1270.293
}