[
  {
    "Plan": {
      "Node Type": "Aggregate",
      "Strategy": "Plain",
      "Partial Mode": "Finalize",
      "Parallel Aware": false,
      "Startup Cost": 125265.94,
      "Total Cost": 125265.95,
      "Plan Rows": 1,
      "Plan Width": 8,
      "Actual Startup Time": 1239.958,
      "Actual Total Time": 1258.763,
      "Actual Rows": 1,
      "Actual Loops": 1,
      "Plans": [
        {
          "Node Type": "Gather",
          "Parent Relationship": "Outer",
          "Parallel Aware": false,
          "Startup Cost": 125265.62,
          "Total Cost": 125265.93,
          "Plan Rows": 3,
          "Plan Width": 8,
          "Actual Startup Time": 1236.715,
          "Actual Total Time": 1258.754,
          "Actual Rows": 4,
          "Actual Loops": 1,
          "Workers Planned": 3,
          "Workers Launched": 3,
          "Single Copy": false,
          "Plans": [
            {
              "Node Type": "Aggregate",
              "Strategy": "Plain",
              "Partial Mode": "Partial",
              "Parent Relationship": "Outer",
              "Parallel Aware": false,
              "Startup Cost": 124265.62,
              "Total Cost": 124265.63,
              "Plan Rows": 1,
              "Plan Width": 8,
              "Actual Startup Time": 1227.086,
              "Actual Total Time": 1227.093,
              "Actual Rows": 1,
              "Actual Loops": 4,
              "Plans": [
                {
                  "Node Type": "Hash Join",
                  "Parent Relationship": "Outer",
                  "Parallel Aware": true,
                  "Join Type": "Inner",
                  "Startup Cost": 78199.39,
                  "Total Cost": 123590.43,
                  "Plan Rows": 270079,
                  "Plan Width": 0,
                  "Actual Startup Time": 448.766,
                  "Actual Total Time": 1000.104,
                  "Actual Rows": 4608376,
                  "Actual Loops": 4,
                  "Inner Unique": false,
                  "Hash Cond": "(mk.movie_id = t.id)",
                  "Plans": [
                    {
                      "Node Type": "Seq Scan",
                      "Parent Relationship": "Outer",
                      "Parallel Aware": true,
                      "Relation Name": "movie_keyword",
                      "Alias": "mk",
                      "Startup Cost": 0.0,
                      "Total Cost": 39047.32,
                      "Plan Rows": 1459332,
                      "Plan Width": 4,
                      "Actual Startup Time": 0.035,
                      "Actual Total Time": 98.045,
                      "Actual Rows": 1130982,
                      "Actual Loops": 4
                    },
                    {
                      "Node Type": "Hash",
                      "Parent Relationship": "Inner",
                      "Parallel Aware": true,
                      "Startup Cost": 76312.55,
                      "Total Cost": 76312.55,
                      "Plan Rows": 150947,
                      "Plan Width": 8,
                      "Actual Startup Time": 404.043,
                      "Actual Total Time": 404.047,
                      "Actual Rows": 153626,
                      "Actual Loops": 4,
                      "Hash Buckets": 1048576,
                      "Original Hash Buckets": 524288,
                      "Hash Batches": 1,
                      "Original Hash Batches": 1,
                      "Peak Memory Usage": 36416,
                      "Plans": [
                        {
                          "Node Type": "Hash Join",
                          "Parent Relationship": "Outer",
                          "Parallel Aware": true,
                          "Join Type": "Inner",
                          "Startup Cost": 46896.66,
                          "Total Cost": 76312.55,
                          "Plan Rows": 150947,
                          "Plan Width": 8,
                          "Actual Startup Time": 177.811,
                          "Actual Total Time": 341.479,
                          "Actual Rows": 153626,
                          "Actual Loops": 4,
                          "Inner Unique": true,
                          "Hash Cond": "(mc.movie_id = t.id)",
                          "Plans": [
                            {
                              "Node Type": "Seq Scan",
                              "Parent Relationship": "Outer",
                              "Parallel Aware": true,
                              "Relation Name": "movie_companies",
                              "Alias": "mc",
                              "Startup Cost": 0.0,
                              "Total Cost": 27206.55,
                              "Plan Rows": 841655,
                              "Plan Width": 4,
                              "Actual Startup Time": 0.011,
                              "Actual Total Time": 68.036,
                              "Actual Rows": 652282,
                              "Actual Loops": 4
                            },
                            {
                              "Node Type": "Hash",
                              "Parent Relationship": "Inner",
                              "Parallel Aware": true,
                              "Startup Cost": 45479.59,
                              "Total Cost": 45479.59,
                              "Plan Rows": 113366,
                              "Plan Width": 4,
                              "Actual Startup Time": 144.26,
                              "Actual Total Time": 144.261,
                              "Actual Rows": 82570,
                              "Actual Loops": 4,
                              "Hash Buckets": 524288,
                              "Original Hash Buckets": 524288,
                              "Hash Batches": 1,
                              "Original Hash Batches": 1,
                              "Peak Memory Usage": 17056,
                              "Plans": [
                                {
                                  "Node Type": "Seq Scan",
                                  "Parent Relationship": "Outer",
                                  "Parallel Aware": true,
                                  "Relation Name": "title",
                                  "Alias": "t",
                                  "Startup Cost": 0.0,
                                  "Total Cost": 45479.59,
                                  "Plan Rows": 113366,
                                  "Plan Width": 4,
                                  "Actual Startup Time": 50.589,
                                  "Actual Total Time": 111.211,
                                  "Actual Rows": 82570,
                                  "Actual Loops": 4,
                                  "Filter": "((kind_id < 2) AND (production_year > 1991))",
                                  "Rows Removed by Filter": 549508
                                }
                              ]
                            }
                          ]
                        }
                      ]
                    }
                  ]
                }
              ]
            }
          ]
        }
      ]
    },
    "Planning Time": 0.923,
    "Triggers": [],
    "Execution Time": 1258.837
  }
]