[
  {
    "Plan": {
      "Node Type": "Aggregate",
      "Strategy": "Plain",
      "Partial Mode": "Simple",
      "Parallel Aware": false,
      "Startup Cost": 273.41,
      "Total Cost": 273.42,
      "Plan Rows": 1,
      "Plan Width": 8,
      "Actual Startup Time": 0.652,
      "Actual Total Time": 0.652,
      "Actual Rows": 1,
      "Actual Loops": 1,
      "Plans": [
        {
          "Node Type": "Index Only Scan",
          "Parent Relationship": "Outer",
          "Parallel Aware": false,
          "Scan Direction": "Forward",
          "Index Name": "company_id_movie_companies",
          "Relation Name": "movie_companies",
          "Alias": "mc",
          "Startup Cost": 0.43,
          "Total Cost": 273.15,
          "Plan Rows": 102,
          "Plan Width": 0,
          "Actual Startup Time": 0.125,
          "Actual Total Time": 0.624,
          "Actual Rows": 332,
          "Actual Loops": 1,
          "Index Cond": "(company_id = 3127)",
          "Rows Removed by Index Recheck": 0,
          "Heap Fetches": 332
        }
      ]
    },
    "Planning Time": 0.082,
    "Triggers": [],
    "Execution Time": 0.671
  }
]