{
  "Plan": {
    "Node Type": "Aggregate",
    "Strategy": "Plain",
    "Partial Mode": "Finalize",
    "Parallel Aware": false,
    "Startup Cost": 357997.0,
    "Total Cost": 357997.01,
    "Plan Rows": 1,
    "Plan Width": 8,
    "Actual Startup Time": 2417.127,
    "Actual Total Time": 2457.527,
    "Actual Rows": 1,
    "Actual Loops": 1,
    "Plans": [
      {
        "Node Type": "Gather",
        "Parent Relationship": "Outer",
        "Parallel Aware": false,
        "Startup Cost": 357996.88,
        "Total Cost": 357996.99,
        "Plan Rows": 1,
        "Plan Width": 8,
        "Actual Startup Time": 2413.732,
        "Actual Total Time": 2457.515,
        "Actual Rows": 2,
        "Actual Loops": 1,
        "Workers Planned": 1,
        "Workers Launched": 1,
        "Single Copy": false,
        "Plans": [
          {
            "Node Type": "Aggregate",
            "Strategy": "Plain",
            "Partial Mode": "Partial",
            "Parent Relationship": "Outer",
            "Parallel Aware": false,
            "Startup Cost": 356996.88,
            "Total Cost": 356996.89,
            "Plan Rows": 1,
            "Plan Width": 8,
            "Actual Startup Time": 2406.14,
            "Actual Total Time": 2406.144,
            "Actual Rows": 1,
            "Actual Loops": 2,
            "Plans": [
              {
                "Node Type": "Hash Join",
                "Parent Relationship": "Outer",
                "Parallel Aware": true,
                "Join Type": "Inner",
                "Startup Cost": 64412.96,
                "Total Cost": 349668.93,
                "Plan Rows": 2931183,
                "Plan Width": 0,
                "Actual Startup Time": 410.967,
                "Actual Total Time": 2287.401,
                "Actual Rows": 3031584,
                "Actual Loops": 2,
                "Inner Unique": true,
                "Hash Cond": "(mi.movie_id = t.id)",
                "Plans": [
                  {
                    "Node Type": "Seq Scan",
                    "Parent Relationship": "Outer",
                    "Parallel Aware": true,
                    "Relation Name": "movie_info",
                    "Alias": "mi",
                    "Startup Cost": 0.0,
                    "Total Cost": 270696.42,
                    "Plan Rows": 5546484,
                    "Plan Width": 4,
                    "Actual Startup Time": 35.396,
                    "Actual Total Time": 749.998,
                    "Actual Rows": 4712600,
                    "Actual Loops": 2,
                    "Filter": "(info_type_id > 5)",
                    "Rows Removed by Filter": 2705260
                  },
                  {
                    "Node Type": "Hash",
                    "Parent Relationship": "Inner",
                    "Parallel Aware": true,
                    "Startup Cost": 54588.39,
                    "Total Cost": 54588.39,
                    "Plan Rows": 785966,
                    "Plan Width": 4,
                    "Actual Startup Time": 360.448,
                    "Actual Total Time": 360.449,
                    "Actual Rows": 674146,
                    "Actual Loops": 2,
                    "Hash Buckets": 2097152,
                    "Original Hash Buckets": 2097152,
                    "Hash Batches": 1,
                    "Original Hash Batches": 1,
                    "Peak Memory Usage": 69152,
                    "Plans": [
                      {
                        "Node Type": "Seq Scan",
                        "Parent Relationship": "Outer",
                        "Parallel Aware": true,
                        "Relation Name": "title",
                        "Alias": "t",
                        "Startup Cost": 0.0,
                        "Total Cost": 54588.39,
                        "Plan Rows": 785966,
                        "Plan Width": 4,
                        "Actual Startup Time": 0.038,
                        "Actual Total Time": 170.888,
                        "Actual Rows": 674146,
                        "Actual Loops": 2,
                        "Filter": "(production_year < 2005)",
                        "Rows Removed by Filter": 590010
                      }
                    ]
                  }
                ]
              }
            ]
          }
        ]
      }
    ]
  },
  "Planning Time": 0.598,
  "Triggers": [],
  "Execution Time": 2457.607
}