{
  "Plan": {
    "Node Type": "Aggregate",
    "Strategy": "Plain",
    "Partial Mode": "Finalize",
    "Parallel Aware": false,
    "Startup Cost": 97817.73,
    "Total Cost": 97817.74,
    "Plan Rows": 1,
    "Plan Width": 8,
    "Actual Startup Time": 478.36,
    "Actual Total Time": 496.252,
    "Actual Rows": 1,
    "Actual Loops": 1,
    "Plans": [
      {
        "Node Type": "Gather",
        "Parent Relationship": "Outer",
        "Parallel Aware": false,
        "Startup Cost": 97817.62,
        "Total Cost": 97817.73,
        "Plan Rows": 1,
        "Plan Width": 8,
        "Actual Startup Time": 477.777,
        "Actual Total Time": 496.24,
        "Actual Rows": 2,
        "Actual Loops": 1,
        "Workers Planned": 1,
        "Workers Launched": 1,
        "Single Copy": false,
        "Plans": [
          {
            "Node Type": "Aggregate",
            "Strategy": "Plain",
            "Partial Mode": "Partial",
            "Parent Relationship": "Outer",
            "Parallel Aware": false,
            "Startup Cost": 96817.62,
            "Total Cost": 96817.63,
            "Plan Rows": 1,
            "Plan Width": 8,
            "Actual Startup Time": 472.512,
            "Actual Total Time": 472.516,
            "Actual Rows": 1,
            "Actual Loops": 2,
            "Plans": [
              {
                "Node Type": "Hash Join",
                "Parent Relationship": "Outer",
                "Parallel Aware": true,
                "Join Type": "Inner",
                "Startup Cost": 58592.04,
                "Total Cost": 96758.67,
                "Plan Rows": 23577,
                "Plan Width": 0,
                "Actual Startup Time": 220.543,
                "Actual Total Time": 467.025,
                "Actual Rows": 95760,
                "Actual Loops": 2,
                "Inner Unique": true,
                "Hash Cond": "(mc.movie_id = t.id)",
                "Plans": [
                  {
                    "Node Type": "Seq Scan",
                    "Parent Relationship": "Outer",
                    "Parallel Aware": true,
                    "Relation Name": "movie_companies",
                    "Alias": "mc",
                    "Startup Cost": 0.0,
                    "Total Cost": 34137.82,
                    "Plan Rows": 1534782,
                    "Plan Width": 4,
                    "Actual Startup Time": 0.014,
                    "Actual Total Time": 124.345,
                    "Actual Rows": 1304564,
                    "Actual Loops": 2
                  },
                  {
                    "Node Type": "Hash",
                    "Parent Relationship": "Inner",
                    "Parallel Aware": true,
                    "Startup Cost": 58306.47,
                    "Total Cost": 58306.47,
                    "Plan Rows": 22846,
                    "Plan Width": 4,
                    "Actual Startup Time": 170.102,
                    "Actual Total Time": 170.103,
                    "Actual Rows": 50596,
                    "Actual Loops": 2,
                    "Hash Buckets": 131072,
                    "Original Hash Buckets": 65536,
                    "Hash Batches": 1,
                    "Original Hash Batches": 1,
                    "Peak Memory Usage": 5504,
                    "Plans": [
                      {
                        "Node Type": "Seq Scan",
                        "Parent Relationship": "Outer",
                        "Parallel Aware": true,
                        "Relation Name": "title",
                        "Alias": "t",
                        "Startup Cost": 0.0,
                        "Total Cost": 58306.47,
                        "Plan Rows": 22846,
                        "Plan Width": 4,
                        "Actual Startup Time": 93.068,
                        "Actual Total Time": 155.706,
                        "Actual Rows": 50596,
                        "Actual Loops": 2,
                        "Filter": "((kind_id < 7) AND (production_year < 1925))",
                        "Rows Removed by Filter": 1213560
                      }
                    ]
                  }
                ]
              }
            ]
          }
        ]
      }
    ]
  },
  "Planning Time": 0.233,
  "Triggers": [],
  "Execution Time": 496.295
}