{
  "Plan": {
    "Node Type": "Aggregate",
    "Strategy": "Plain",
    "Partial Mode": "Finalize",
    "Parallel Aware": false,
    "Startup Cost": 817913.32,
    "Total Cost": 817913.33,
    "Plan Rows": 1,
    "Plan Width": 8,
    "Actual Startup Time": 10189.799,
    "Actual Total Time": 10264.039,
    "Actual Rows": 1,
    "Actual Loops": 1,
    "Plans": [
      {
        "Node Type": "Gather",
        "Parent Relationship": "Outer",
        "Parallel Aware": false,
        "Startup Cost": 817913.21,
        "Total Cost": 817913.32,
        "Plan Rows": 1,
        "Plan Width": 8,
        "Actual Startup Time": 10175.849,
        "Actual Total Time": 10264.029,
        "Actual Rows": 2,
        "Actual Loops": 1,
        "Workers Planned": 1,
        "Workers Launched": 1,
        "Single Copy": false,
        "Plans": [
          {
            "Node Type": "Aggregate",
            "Strategy": "Plain",
            "Partial Mode": "Partial",
            "Parent Relationship": "Outer",
            "Parallel Aware": false,
            "Startup Cost": 816913.21,
            "Total Cost": 816913.22,
            "Plan Rows": 1,
            "Plan Width": 8,
            "Actual Startup Time": 10158.458,
            "Actual Total Time": 10159.878,
            "Actual Rows": 1,
            "Actual Loops": 2,
            "Plans": [
              {
                "Node Type": "Hash Join",
                "Parent Relationship": "Outer",
                "Parallel Aware": true,
                "Join Type": "Inner",
                "Startup Cost": 685738.01,
                "Total Cost": 802546.1,
                "Plan Rows": 5746841,
                "Plan Width": 0,
                "Actual Startup Time": 6347.075,
                "Actual Total Time": 9010.412,
                "Actual Rows": 30417976,
                "Actual Loops": 2,
                "Inner Unique": false,
                "Hash Cond": "(mk.movie_id = t.id)",
                "Plans": [
                  {
                    "Node Type": "Seq Scan",
                    "Parent Relationship": "Outer",
                    "Parallel Aware": true,
                    "Relation Name": "movie_keyword",
                    "Alias": "mk",
                    "Startup Cost": 0.0,
                    "Total Cost": 57718.19,
                    "Plan Rows": 2022796,
                    "Plan Width": 4,
                    "Actual Startup Time": 0.073,
                    "Actual Total Time": 202.834,
                    "Actual Rows": 1711677,
                    "Actual Loops": 2,
                    "Filter": "(keyword_id > 1129)",
                    "Rows Removed by Filter": 550288
                  },
                  {
                    "Node Type": "Hash",
                    "Parent Relationship": "Inner",
                    "Parallel Aware": true,
                    "Startup Cost": 632922.0,
                    "Total Cost": 632922.0,
                    "Plan Rows": 4225281,
                    "Plan Width": 8,
                    "Actual Startup Time": 6312.79,
                    "Actual Total Time": 6314.208,
                    "Actual Rows": 3448666,
                    "Actual Loops": 2,
                    "Hash Buckets": 8388608,
                    "Original Hash Buckets": 8388608,
                    "Hash Batches": 1,
                    "Original Hash Batches": 1,
                    "Peak Memory Usage": 335392,
                    "Plans": [
                      {
                        "Node Type": "Hash Join",
                        "Parent Relationship": "Outer",
                        "Parallel Aware": true,
                        "Join Type": "Inner",
                        "Startup Cost": 62306.66,
                        "Total Cost": 632922.0,
                        "Plan Rows": 4225281,
                        "Plan Width": 8,
                        "Actual Startup Time": 212.704,
                        "Actual Total Time": 5181.985,
                        "Actual Rows": 3448666,
                        "Actual Loops": 2,
                        "Inner Unique": true,
                        "Hash Cond": "(ci.movie_id = t.id)",
                        "Plans": [
                          {
                            "Node Type": "Seq Scan",
                            "Parent Relationship": "Outer",
                            "Parallel Aware": true,
                            "Relation Name": "cast_info",
                            "Alias": "ci",
                            "Startup Cost": 0.0,
                            "Total Cost": 519069.44,
                            "Plan Rows": 19636501,
                            "Plan Width": 4,
                            "Actual Startup Time": 0.018,
                            "Actual Total Time": 1755.082,
                            "Actual Rows": 16757078,
                            "Actual Loops": 2,
                            "Filter": "(person_id < 3539933)",
                            "Rows Removed by Filter": 1365094
                          },
                          {
                            "Node Type": "Hash",
                            "Parent Relationship": "Inner",
                            "Parallel Aware": true,
                            "Startup Cost": 58306.47,
                            "Total Cost": 58306.47,
                            "Plan Rows": 320015,
                            "Plan Width": 4,
                            "Actual Startup Time": 209.939,
                            "Actual Total Time": 209.94,
                            "Actual Rows": 229905,
                            "Actual Loops": 2,
                            "Hash Buckets": 1048576,
                            "Original Hash Buckets": 1048576,
                            "Hash Batches": 1,
                            "Original Hash Batches": 1,
                            "Peak Memory Usage": 26208,
                            "Plans": [
                              {
                                "Node Type": "Seq Scan",
                                "Parent Relationship": "Outer",
                                "Parallel Aware": true,
                                "Relation Name": "title",
                                "Alias": "t",
                                "Startup Cost": 0.0,
                                "Total Cost": 58306.47,
                                "Plan Rows": 320015,
                                "Plan Width": 4,
                                "Actual Startup Time": 0.045,
                                "Actual Total Time": 147.793,
                                "Actual Rows": 229905,
                                "Actual Loops": 2,
                                "Filter": "((kind_id < 7) AND (production_year > 2000))",
                                "Rows Removed by Filter": 1034251
                              }
                            ]
                          }
                        ]
                      }
                    ]
                  }
                ]
              }
            ]
          }
        ]
      }
    ]
  },
  "Planning Time": 0.892,
  "Triggers": [],
  "Execution Time": 10264.131
}