[
  {
    "Plan": {
      "Node Type": "Aggregate",
      "Strategy": "Plain",
      "Partial Mode": "Finalize",
      "Parallel Aware": false,
      "Startup Cost": 208646.78,
      "Total Cost": 208646.79,
      "Plan Rows": 1,
      "Plan Width": 64,
      "Actual Startup Time": 3052.353,
      "Actual Total Time": 3079.914,
      "Actual Rows": 1,
      "Actual Loops": 1,
      "Plans": [
        {
          "Node Type": "Gather",
          "Parent Relationship": "Outer",
          "Parallel Aware": false,
          "Startup Cost": 208646.35,
          "Total Cost": 208646.76,
          "Plan Rows": 4,
          "Plan Width": 64,
          "Actual Startup Time": 3052.341,
          "Actual Total Time": 3079.907,
          "Actual Rows": 5,
          "Actual Loops": 1,
          "Workers Planned": 4,
          "Workers Launched": 4,
          "Single Copy": false,
          "Plans": [
            {
              "Node Type": "Aggregate",
              "Strategy": "Plain",
              "Partial Mode": "Partial",
              "Parent Relationship": "Outer",
              "Parallel Aware": false,
              "Startup Cost": 207646.35,
              "Total Cost": 207646.36,
              "Plan Rows": 1,
              "Plan Width": 64,
              "Actual Startup Time": 3004.628,
              "Actual Total Time": 3004.635,
              "Actual Rows": 1,
              "Actual Loops": 5,
              "Plans": [
                {
                  "Node Type": "Nested Loop",
                  "Parent Relationship": "Outer",
                  "Parallel Aware": false,
                  "Join Type": "Inner",
                  "Startup Cost": 136914.74,
                  "Total Cost": 207631.73,
                  "Plan Rows": 2923,
                  "Plan Width": 32,
                  "Actual Startup Time": 1519.003,
                  "Actual Total Time": 2985.261,
                  "Actual Rows": 197681,
                  "Actual Loops": 5,
                  "Inner Unique": false,
                  "Join Filter": "(n.id = an.person_id)",
                  "Rows Removed by Join Filter": 0,
                  "Plans": [
                    {
                      "Node Type": "Nested Loop",
                      "Parent Relationship": "Outer",
                      "Parallel Aware": false,
                      "Join Type": "Inner",
                      "Startup Cost": 136914.32,
                      "Total Cost": 207017.09,
                      "Plan Rows": 1218,
                      "Plan Width": 40,
                      "Actual Startup Time": 1518.613,
                      "Actual Total Time": 2803.497,
                      "Actual Rows": 87710,
                      "Actual Loops": 5,
                      "Inner Unique": true,
                      "Plans": [
                        {
                          "Node Type": "Nested Loop",
                          "Parent Relationship": "Outer",
                          "Parallel Aware": false,
                          "Join Type": "Inner",
                          "Startup Cost": 136913.9,
                          "Total Cost": 205522.73,
                          "Plan Rows": 3351,
                          "Plan Width": 44,
                          "Actual Startup Time": 1517.954,
                          "Actual Total Time": 2159.196,
                          "Actual Rows": 348511,
                          "Actual Loops": 5,
                          "Inner Unique": false,
                          "Join Filter": "(t.id = mc.movie_id)",
                          "Rows Removed by Join Filter": 0,
                          "Plans": [
                            {
                              "Node Type": "Nested Loop",
                              "Parent Relationship": "Outer",
                              "Parallel Aware": false,
                              "Join Type": "Inner",
                              "Startup Cost": 136913.47,
                              "Total Cost": 205139.01,
                              "Plan Rows": 653,
                              "Plan Width": 52,
                              "Actual Startup Time": 1517.052,
                              "Actual Total Time": 1998.443,
                              "Actual Rows": 31906,
                              "Actual Loops": 5,
                              "Inner Unique": true,
                              "Plans": [
                                {
                                  "Node Type": "Hash Join",
                                  "Parent Relationship": "Outer",
                                  "Parallel Aware": false,
                                  "Join Type": "Inner",
                                  "Startup Cost": 136913.04,
                                  "Total Cost": 204805.03,
                                  "Plan Rows": 653,
                                  "Plan Width": 56,
                                  "Actual Startup Time": 1516.94,
                                  "Actual Total Time": 1893.712,
                                  "Actual Rows": 34837,
                                  "Actual Loops": 5,
                                  "Inner Unique": true,
                                  "Hash Cond": "(mi.info_type_id = it.id)",
                                  "Plans": [
                                    {
                                      "Node Type": "Nested Loop",
                                      "Parent Relationship": "Outer",
                                      "Parallel Aware": false,
                                      "Join Type": "Inner",
                                      "Startup Cost": 136910.61,
                                      "Total Cost": 204601.68,
                                      "Plan Rows": 73774,
                                      "Plan Width": 60,
                                      "Actual Startup Time": 1516.604,
                                      "Actual Total Time": 1875.276,
                                      "Actual Rows": 154027,
                                      "Actual Loops": 5,
                                      "Inner Unique": false,
                                      "Join Filter": "(t.id = mi.movie_id)",
                                      "Rows Removed by Join Filter": 0,
                                      "Plans": [
                                        {
                                          "Node Type": "Nested Loop",
                                          "Parent Relationship": "Outer",
                                          "Parallel Aware": false,
                                          "Join Type": "Inner",
                                          "Startup Cost": 136910.18,
                                          "Total Cost": 194521.9,
                                          "Plan Rows": 5156,
                                          "Plan Width": 52,
                                          "Actual Startup Time": 1516.524,
                                          "Actual Total Time": 1721.588,
                                          "Actual Rows": 14935,
                                          "Actual Loops": 5,
                                          "Inner Unique": true,
                                          "Plans": [
                                            {
                                              "Node Type": "Hash Join",
                                              "Parent Relationship": "Outer",
                                              "Parallel Aware": false,
                                              "Join Type": "Inner",
                                              "Startup Cost": 136909.75,
                                              "Total Cost": 182441.03,
                                              "Plan Rows": 22178,
                                              "Plan Width": 33,
                                              "Actual Startup Time": 1516.428,
                                              "Actual Total Time": 1651.587,
                                              "Actual Rows": 14951,
                                              "Actual Loops": 5,
                                              "Inner Unique": false,
                                              "Hash Cond": "(t.id = ci.movie_id)",
                                              "Plans": [
                                                {
                                                  "Node Type": "Seq Scan",
                                                  "Parent Relationship": "Outer",
                                                  "Parallel Aware": true,
                                                  "Relation Name": "title",
                                                  "Alias": "t",
                                                  "Startup Cost": 0.0,
                                                  "Total Cost": 43899.32,
                                                  "Plan Rows": 225629,
                                                  "Plan Width": 21,
                                                  "Actual Startup Time": 0.048,
                                                  "Actual Total Time": 64.88,
                                                  "Actual Rows": 180898,
                                                  "Actual Loops": 5,
                                                  "Filter": "(production_year > 2006)",
                                                  "Rows Removed by Filter": 324764
                                                },
                                                {
                                                  "Node Type": "Hash",
                                                  "Parent Relationship": "Inner",
                                                  "Parallel Aware": false,
                                                  "Startup Cost": 133803.15,
                                                  "Total Cost": 133803.15,
                                                  "Plan Rows": 248528,
                                                  "Plan Width": 12,
                                                  "Actual Startup Time": 1513.781,
                                                  "Actual Total Time": 1513.783,
                                                  "Actual Rows": 223102,
                                                  "Actual Loops": 5,
                                                  "Hash Buckets": 262144,
                                                  "Original Hash Buckets": 262144,
                                                  "Hash Batches": 1,
                                                  "Original Hash Batches": 1,
                                                  "Peak Memory Usage": 11559,
                                                  "Plans": [
                                                    {
                                                      "Node Type": "Nested Loop",
                                                      "Parent Relationship": "Outer",
                                                      "Parallel Aware": false,
                                                      "Join Type": "Inner",
                                                      "Startup Cost": 0.56,
                                                      "Total Cost": 133803.15,
                                                      "Plan Rows": 248528,
                                                      "Plan Width": 12,
                                                      "Actual Startup Time": 0.577,
                                                      "Actual Total Time": 1438.96,
                                                      "Actual Rows": 223102,
                                                      "Actual Loops": 5,
                                                      "Inner Unique": false,
                                                      "Plans": [
                                                        {
                                                          "Node Type": "Seq Scan",
                                                          "Parent Relationship": "Outer",
                                                          "Parallel Aware": false,
                                                          "Relation Name": "role_type",
                                                          "Alias": "rt",
                                                          "Startup Cost": 0.0,
                                                          "Total Cost": 1.15,
                                                          "Plan Rows": 1,
                                                          "Plan Width": 4,
                                                          "Actual Startup Time": 0.055,
                                                          "Actual Total Time": 0.059,
                                                          "Actual Rows": 1,
                                                          "Actual Loops": 5,
                                                          "Filter": "((role)::text = 'actress'::text)",
                                                          "Rows Removed by Filter": 11
                                                        },
                                                        {
                                                          "Node Type": "Index Scan",
                                                          "Parent Relationship": "Inner",
                                                          "Parallel Aware": false,
                                                          "Scan Direction": "Forward",
                                                          "Index Name": "role_id_cast_info",
                                                          "Relation Name": "cast_info",
                                                          "Alias": "ci",
                                                          "Startup Cost": 0.56,
                                                          "Total Cost": 131090.79,
                                                          "Plan Rows": 271121,
                                                          "Plan Width": 16,
                                                          "Actual Startup Time": 0.516,
                                                          "Actual Total Time": 1414.931,
                                                          "Actual Rows": 223102,
                                                          "Actual Loops": 5,
                                                          "Index Cond": "(role_id = rt.id)",
                                                          "Rows Removed by Index Recheck": 0,
                                                          "Filter": "(note = ANY ('{(producer),\"(executive producer)\",(voice),\"(as Colleen Zenk Pinter)\"}'::text[]))",
                                                          "Rows Removed by Filter": 7228871
                                                        }
                                                      ]
                                                    }
                                                  ]
                                                }
                                              ]
                                            },
                                            {
                                              "Node Type": "Index Scan",
                                              "Parent Relationship": "Inner",
                                              "Parallel Aware": false,
                                              "Scan Direction": "Forward",
                                              "Index Name": "name_pkey",
                                              "Relation Name": "name",
                                              "Alias": "n",
                                              "Startup Cost": 0.43,
                                              "Total Cost": 0.54,
                                              "Plan Rows": 1,
                                              "Plan Width": 19,
                                              "Actual Startup Time": 0.004,
                                              "Actual Total Time": 0.004,
                                              "Actual Rows": 1,
                                              "Actual Loops": 74755,
                                              "Index Cond": "(id = ci.person_id)",
                                              "Rows Removed by Index Recheck": 0,
                                              "Filter": "((gender)::text = 'f'::text)",
                                              "Rows Removed by Filter": 0
                                            }
                                          ]
                                        },
                                        {
                                          "Node Type": "Index Scan",
                                          "Parent Relationship": "Inner",
                                          "Parallel Aware": false,
                                          "Scan Direction": "Forward",
                                          "Index Name": "movie_id_movie_info",
                                          "Relation Name": "movie_info",
                                          "Alias": "mi",
                                          "Startup Cost": 0.43,
                                          "Total Cost": 1.44,
                                          "Plan Rows": 41,
                                          "Plan Width": 8,
                                          "Actual Startup Time": 0.004,
                                          "Actual Total Time": 0.009,
                                          "Actual Rows": 10,
                                          "Actual Loops": 74673,
                                          "Index Cond": "(movie_id = ci.movie_id)",
                                          "Rows Removed by Index Recheck": 0
                                        }
                                      ]
                                    },
                                    {
                                      "Node Type": "Hash",
                                      "Parent Relationship": "Inner",
                                      "Parallel Aware": false,
                                      "Startup Cost": 2.41,
                                      "Total Cost": 2.41,
                                      "Plan Rows": 1,
                                      "Plan Width": 4,
                                      "Actual Startup Time": 0.085,
                                      "Actual Total Time": 0.085,
                                      "Actual Rows": 1,
                                      "Actual Loops": 5,
                                      "Hash Buckets": 1024,
                                      "Original Hash Buckets": 1024,
                                      "Hash Batches": 1,
                                      "Original Hash Batches": 1,
                                      "Peak Memory Usage": 9,
                                      "Plans": [
                                        {
                                          "Node Type": "Seq Scan",
                                          "Parent Relationship": "Outer",
                                          "Parallel Aware": false,
                                          "Relation Name": "info_type",
                                          "Alias": "it",
                                          "Startup Cost": 0.0,
                                          "Total Cost": 2.41,
                                          "Plan Rows": 1,
                                          "Plan Width": 4,
                                          "Actual Startup Time": 0.047,
                                          "Actual Total Time": 0.06,
                                          "Actual Rows": 1,
                                          "Actual Loops": 5,
                                          "Filter": "((info)::text = 'release dates'::text)",
                                          "Rows Removed by Filter": 112
                                        }
                                      ]
                                    }
                                  ]
                                },
                                {
                                  "Node Type": "Index Only Scan",
                                  "Parent Relationship": "Inner",
                                  "Parallel Aware": false,
                                  "Scan Direction": "Forward",
                                  "Index Name": "char_name_pkey",
                                  "Relation Name": "char_name",
                                  "Alias": "chn",
                                  "Startup Cost": 0.43,
                                  "Total Cost": 0.51,
                                  "Plan Rows": 1,
                                  "Plan Width": 4,
                                  "Actual Startup Time": 0.003,
                                  "Actual Total Time": 0.003,
                                  "Actual Rows": 1,
                                  "Actual Loops": 174186,
                                  "Index Cond": "(id = ci.person_role_id)",
                                  "Rows Removed by Index Recheck": 0,
                                  "Heap Fetches": 159528
                                }
                              ]
                            },
                            {
                              "Node Type": "Index Scan",
                              "Parent Relationship": "Inner",
                              "Parallel Aware": false,
                              "Scan Direction": "Forward",
                              "Index Name": "movie_id_movie_companies",
                              "Relation Name": "movie_companies",
                              "Alias": "mc",
                              "Startup Cost": 0.43,
                              "Total Cost": 0.53,
                              "Plan Rows": 5,
                              "Plan Width": 8,
                              "Actual Startup Time": 0.002,
                              "Actual Total Time": 0.003,
                              "Actual Rows": 11,
                              "Actual Loops": 159528,
                              "Index Cond": "(movie_id = mi.movie_id)",
                              "Rows Removed by Index Recheck": 0
                            }
                          ]
                        },
                        {
                          "Node Type": "Index Scan",
                          "Parent Relationship": "Inner",
                          "Parallel Aware": false,
                          "Scan Direction": "Forward",
                          "Index Name": "company_name_pkey",
                          "Relation Name": "company_name",
                          "Alias": "cn",
                          "Startup Cost": 0.42,
                          "Total Cost": 0.45,
                          "Plan Rows": 1,
                          "Plan Width": 4,
                          "Actual Startup Time": 0.002,
                          "Actual Total Time": 0.002,
                          "Actual Rows": 0,
                          "Actual Loops": 1742553,
                          "Index Cond": "(id = mc.company_id)",
                          "Rows Removed by Index Recheck": 0,
                          "Filter": "((country_code)::text = '[us]'::text)",
                          "Rows Removed by Filter": 1
                        }
                      ]
                    },
                    {
                      "Node Type": "Index Only Scan",
                      "Parent Relationship": "Inner",
                      "Parallel Aware": false,
                      "Scan Direction": "Forward",
                      "Index Name": "person_id_aka_name",
                      "Relation Name": "aka_name",
                      "Alias": "an",
                      "Startup Cost": 0.42,
                      "Total Cost": 0.48,
                      "Plan Rows": 2,
                      "Plan Width": 4,
                      "Actual Startup Time": 0.001,
                      "Actual Total Time": 0.002,
                      "Actual Rows": 2,
                      "Actual Loops": 438549,
                      "Index Cond": "(person_id = ci.person_id)",
                      "Rows Removed by Index Recheck": 0,
                      "Heap Fetches": 988404
                    }
                  ]
                }
              ]
            }
          ]
        }
      ]
    },
    "Planning Time": 38.506,
    "Triggers": [],
    "Execution Time": 3080.506
  }
]