[
  {
    "Plan": {
      "Node Type": "Aggregate",
      "Strategy": "Plain",
      "Partial Mode": "Finalize",
      "Parallel Aware": false,
      "Startup Cost": 106698.5,
      "Total Cost": 106698.51,
      "Plan Rows": 1,
      "Plan Width": 8,
      "Actual Startup Time": 851.323,
      "Actual Total Time": 874.76,
      "Actual Rows": 1,
      "Actual Loops": 1,
      "Plans": [
        {
          "Node Type": "Gather",
          "Parent Relationship": "Outer",
          "Parallel Aware": false,
          "Startup Cost": 106698.18,
          "Total Cost": 106698.49,
          "Plan Rows": 3,
          "Plan Width": 8,
          "Actual Startup Time": 834.205,
          "Actual Total Time": 874.748,
          "Actual Rows": 4,
          "Actual Loops": 1,
          "Workers Planned": 3,
          "Workers Launched": 3,
          "Single Copy": false,
          "Plans": [
            {
              "Node Type": "Aggregate",
              "Strategy": "Plain",
              "Partial Mode": "Partial",
              "Parent Relationship": "Outer",
              "Parallel Aware": false,
              "Startup Cost": 105698.18,
              "Total Cost": 105698.19,
              "Plan Rows": 1,
              "Plan Width": 8,
              "Actual Startup Time": 821.734,
              "Actual Total Time": 822.286,
              "Actual Rows": 1,
              "Actual Loops": 4,
              "Plans": [
                {
                  "Node Type": "Hash Join",
                  "Parent Relationship": "Outer",
                  "Parallel Aware": true,
                  "Join Type": "Inner",
                  "Startup Cost": 71419.48,
                  "Total Cost": 104874.39,
                  "Plan Rows": 329518,
                  "Plan Width": 0,
                  "Actual Startup Time": 534.701,
                  "Actual Total Time": 786.418,
                  "Actual Rows": 827040,
                  "Actual Loops": 4,
                  "Inner Unique": false,
                  "Hash Cond": "(mc.movie_id = t.id)",
                  "Plans": [
                    {
                      "Node Type": "Seq Scan",
                      "Parent Relationship": "Outer",
                      "Parallel Aware": true,
                      "Relation Name": "movie_companies",
                      "Alias": "mc",
                      "Startup Cost": 0.0,
                      "Total Cost": 29310.68,
                      "Plan Rows": 738998,
                      "Plan Width": 4,
                      "Actual Startup Time": 0.024,
                      "Actual Total Time": 78.088,
                      "Actual Rows": 573134,
                      "Actual Loops": 4,
                      "Filter": "(company_id < 91850)",
                      "Rows Removed by Filter": 79148
                    },
                    {
                      "Node Type": "Hash",
                      "Parent Relationship": "Inner",
                      "Parallel Aware": true,
                      "Startup Cost": 65547.8,
                      "Total Cost": 65547.8,
                      "Plan Rows": 469734,
                      "Plan Width": 8,
                      "Actual Startup Time": 526.683,
                      "Actual Total Time": 527.233,
                      "Actual Rows": 312082,
                      "Actual Loops": 4,
                      "Hash Buckets": 2097152,
                      "Original Hash Buckets": 2097152,
                      "Hash Batches": 1,
                      "Original Hash Batches": 1,
                      "Peak Memory Usage": 65312,
                      "Plans": [
                        {
                          "Node Type": "Hash Join",
                          "Parent Relationship": "Outer",
                          "Parallel Aware": true,
                          "Join Type": "Inner",
                          "Startup Cost": 50353.24,
                          "Total Cost": 65547.8,
                          "Plan Rows": 469734,
                          "Plan Width": 8,
                          "Actual Startup Time": 307.092,
                          "Actual Total Time": 438.167,
                          "Actual Rows": 312082,
                          "Actual Loops": 4,
                          "Inner Unique": true,
                          "Hash Cond": "(mi_idx.movie_id = t.id)",
                          "Plans": [
                            {
                              "Node Type": "Seq Scan",
                              "Parent Relationship": "Outer",
                              "Parallel Aware": true,
                              "Relation Name": "movie_info_idx",
                              "Alias": "mi_idx",
                              "Startup Cost": 0.0,
                              "Total Cost": 13685.15,
                              "Plan Rows": 575015,
                              "Plan Width": 4,
                              "Actual Startup Time": 0.029,
                              "Actual Total Time": 31.526,
                              "Actual Rows": 345009,
                              "Actual Loops": 4
                            },
                            {
                              "Node Type": "Hash",
                              "Parent Relationship": "Inner",
                              "Parallel Aware": true,
                              "Startup Cost": 43898.92,
                              "Total Cost": 43898.92,
                              "Plan Rows": 516346,
                              "Plan Width": 4,
                              "Actual Startup Time": 303.188,
                              "Actual Total Time": 303.189,
                              "Actual Rows": 516138,
                              "Actual Loops": 4,
                              "Hash Buckets": 2097152,
                              "Original Hash Buckets": 2097152,
                              "Hash Batches": 1,
                              "Original Hash Batches": 1,
                              "Peak Memory Usage": 97248,
                              "Plans": [
                                {
                                  "Node Type": "Seq Scan",
                                  "Parent Relationship": "Outer",
                                  "Parallel Aware": true,
                                  "Relation Name": "title",
                                  "Alias": "t",
                                  "Startup Cost": 0.0,
                                  "Total Cost": 43898.92,
                                  "Plan Rows": 516346,
                                  "Plan Width": 4,
                                  "Actual Startup Time": 0.044,
                                  "Actual Total Time": 118.473,
                                  "Actual Rows": 516138,
                                  "Actual Loops": 4,
                                  "Filter": "(production_year < 2011)",
                                  "Rows Removed by Filter": 115940
                                }
                              ]
                            }
                          ]
                        }
                      ]
                    }
                  ]
                }
              ]
            }
          ]
        }
      ]
    },
    "Planning Time": 1.409,
    "Triggers": [],
    "Execution Time": 874.843
  }
]