{
    "Plan": {
        "Node Type": "Aggregate",
        "Strategy": "Plain",
        "Partial Mode": "Finalize",
        "Parallel Aware": false,
        "Startup Cost": 282779.81,
        "Total Cost": 282779.82,
        "Plan Rows": 1,
        "Plan Width": 8,
        "Actual Startup Time": 994.271,
        "Actual Total Time": 1068.379,
        "Actual Rows": 1,
        "Actual Loops": 1,
        "Output": [
            "count(*)"
        ],
        "Plans": [
            {
                "Node Type": "Gather",
                "Parent Relationship": "Outer",
                "Parallel Aware": false,
                "Startup Cost": 282779.18,
                "Total Cost": 282779.79,
                "Plan Rows": 6,
                "Plan Width": 8,
                "Actual Startup Time": 993.448,
                "Actual Total Time": 1068.369,
                "Actual Rows": 7,
                "Actual Loops": 1,
                "Output": [
                    "(PARTIAL count(*))"
                ],
                "Workers Planned": 6,
                "Workers Launched": 6,
                "Single Copy": false,
                "Plans": [
                    {
                        "Node Type": "Aggregate",
                        "Strategy": "Plain",
                        "Partial Mode": "Partial",
                        "Parent Relationship": "Outer",
                        "Parallel Aware": false,
                        "Startup Cost": 281779.18,
                        "Total Cost": 281779.19,
                        "Plan Rows": 1,
                        "Plan Width": 8,
                        "Actual Startup Time": 982.341,
                        "Actual Total Time": 982.345,
                        "Actual Rows": 1,
                        "Actual Loops": 7,
                        "Output": [
                            "PARTIAL count(*)"
                        ],
                        "Workers": [
                            {
                                "Worker Number": 0,
                                "Actual Startup Time": 979.699,
                                "Actual Total Time": 979.703,
                                "Actual Rows": 1,
                                "Actual Loops": 1
                            },
                            {
                                "Worker Number": 1,
                                "Actual Startup Time": 980.266,
                                "Actual Total Time": 980.27,
                                "Actual Rows": 1,
                                "Actual Loops": 1
                            },
                            {
                                "Worker Number": 2,
                                "Actual Startup Time": 979.931,
                                "Actual Total Time": 979.935,
                                "Actual Rows": 1,
                                "Actual Loops": 1
                            },
                            {
                                "Worker Number": 3,
                                "Actual Startup Time": 981.09,
                                "Actual Total Time": 981.094,
                                "Actual Rows": 1,
                                "Actual Loops": 1
                            },
                            {
                                "Worker Number": 4,
                                "Actual Startup Time": 981.341,
                                "Actual Total Time": 981.344,
                                "Actual Rows": 1,
                                "Actual Loops": 1
                            },
                            {
                                "Worker Number": 5,
                                "Actual Startup Time": 981.554,
                                "Actual Total Time": 981.559,
                                "Actual Rows": 1,
                                "Actual Loops": 1
                            }
                        ],
                        "Plans": [
                            {
                                "Node Type": "Nested Loop",
                                "Parent Relationship": "Outer",
                                "Parallel Aware": false,
                                "Join Type": "Inner",
                                "Startup Cost": 45597.7,
                                "Total Cost": 281509.29,
                                "Plan Rows": 107956,
                                "Plan Width": 0,
                                "Actual Startup Time": 81.084,
                                "Actual Total Time": 961.664,
                                "Actual Rows": 290174,
                                "Actual Loops": 7,
                                "Inner Unique": false,
                                "Join Filter": "(t.id = mi.movie_id)",
                                "Rows Removed by Join Filter": 0,
                                "Workers": [
                                    {
                                        "Worker Number": 0,
                                        "Actual Startup Time": 78.625,
                                        "Actual Total Time": 958.963,
                                        "Actual Rows": 265912,
                                        "Actual Loops": 1
                                    },
                                    {
                                        "Worker Number": 1,
                                        "Actual Startup Time": 79.054,
                                        "Actual Total Time": 959.278,
                                        "Actual Rows": 263158,
                                        "Actual Loops": 1
                                    },
                                    {
                                        "Worker Number": 2,
                                        "Actual Startup Time": 78.755,
                                        "Actual Total Time": 960.168,
                                        "Actual Rows": 241389,
                                        "Actual Loops": 1
                                    },
                                    {
                                        "Worker Number": 3,
                                        "Actual Startup Time": 79.793,
                                        "Actual Total Time": 960.717,
                                        "Actual Rows": 254421,
                                        "Actual Loops": 1
                                    },
                                    {
                                        "Worker Number": 4,
                                        "Actual Startup Time": 80.362,
                                        "Actual Total Time": 960.004,
                                        "Actual Rows": 276802,
                                        "Actual Loops": 1
                                    },
                                    {
                                        "Worker Number": 5,
                                        "Actual Startup Time": 79.943,
                                        "Actual Total Time": 961.777,
                                        "Actual Rows": 235832,
                                        "Actual Loops": 1
                                    }
                                ],
                                "Plans": [
                                    {
                                        "Node Type": "Hash Join",
                                        "Parent Relationship": "Outer",
                                        "Parallel Aware": true,
                                        "Join Type": "Inner",
                                        "Startup Cost": 45597.26,
                                        "Total Cost": 249676.91,
                                        "Plan Rows": 18498,
                                        "Plan Width": 8,
                                        "Actual Startup Time": 80.947,
                                        "Actual Total Time": 562.685,
                                        "Actual Rows": 11918,
                                        "Actual Loops": 7,
                                        "Output": [
                                            "t.id",
                                            "ci.movie_id"
                                        ],
                                        "Inner Unique": true,
                                        "Hash Cond": "(ci.movie_id = t.id)",
                                        "Workers": [
                                            {
                                                "Worker Number": 0,
                                                "Actual Startup Time": 78.488,
                                                "Actual Total Time": 561.305,
                                                "Actual Rows": 11047,
                                                "Actual Loops": 1
                                            },
                                            {
                                                "Worker Number": 1,
                                                "Actual Startup Time": 78.912,
                                                "Actual Total Time": 562.947,
                                                "Actual Rows": 11159,
                                                "Actual Loops": 1
                                            },
                                            {
                                                "Worker Number": 2,
                                                "Actual Startup Time": 78.551,
                                                "Actual Total Time": 545.938,
                                                "Actual Rows": 9736,
                                                "Actual Loops": 1
                                            },
                                            {
                                                "Worker Number": 3,
                                                "Actual Startup Time": 79.627,
                                                "Actual Total Time": 568.386,
                                                "Actual Rows": 10640,
                                                "Actual Loops": 1
                                            },
                                            {
                                                "Worker Number": 4,
                                                "Actual Startup Time": 80.235,
                                                "Actual Total Time": 571.728,
                                                "Actual Rows": 10834,
                                                "Actual Loops": 1
                                            },
                                            {
                                                "Worker Number": 5,
                                                "Actual Startup Time": 79.785,
                                                "Actual Total Time": 553.269,
                                                "Actual Rows": 9583,
                                                "Actual Loops": 1
                                            }
                                        ],
                                        "Plans": [
                                            {
                                                "Node Type": "Index Scan",
                                                "Parent Relationship": "Outer",
                                                "Parallel Aware": true,
                                                "Scan Direction": "Forward",
                                                "Index Name": "role_id_cast_info",
                                                "Relation Name": "cast_info",
                                                "Schema": "public",
                                                "Alias": "ci",
                                                "Startup Cost": 0.56,
                                                "Total Cost": 200814.65,
                                                "Plan Rows": 1244022,
                                                "Plan Width": 4,
                                                "Actual Startup Time": 0.231,
                                                "Actual Total Time": 314.939,
                                                "Actual Rows": 1064568,
                                                "Actual Loops": 7,
                                                "Output": [
                                                    "ci.id",
                                                    "ci.person_id",
                                                    "ci.movie_id",
                                                    "ci.person_role_id",
                                                    "ci.note",
                                                    "ci.nr_order",
                                                    "ci.role_id"
                                                ],
                                                "Index Cond": "(ci.role_id = 2)",
                                                "Rows Removed by Index Recheck": 0,
                                                "Filter": "(ci.person_id < 4050174)",
                                                "Rows Removed by Filter": 0,
                                                "Workers": [
                                                    {
                                                        "Worker Number": 0,
                                                        "Actual Startup Time": 0.377,
                                                        "Actual Total Time": 318.202,
                                                        "Actual Rows": 973830,
                                                        "Actual Loops": 1
                                                    },
                                                    {
                                                        "Worker Number": 1,
                                                        "Actual Startup Time": 0.168,
                                                        "Actual Total Time": 316.62,
                                                        "Actual Rows": 971100,
                                                        "Actual Loops": 1
                                                    },
                                                    {
                                                        "Worker Number": 2,
                                                        "Actual Startup Time": 0.372,
                                                        "Actual Total Time": 307.377,
                                                        "Actual Rows": 884912,
                                                        "Actual Loops": 1
                                                    },
                                                    {
                                                        "Worker Number": 3,
                                                        "Actual Startup Time": 0.092,
                                                        "Actual Total Time": 319.293,
                                                        "Actual Rows": 975241,
                                                        "Actual Loops": 1
                                                    },
                                                    {
                                                        "Worker Number": 4,
                                                        "Actual Startup Time": 0.355,
                                                        "Actual Total Time": 325.426,
                                                        "Actual Rows": 971100,
                                                        "Actual Loops": 1
                                                    },
                                                    {
                                                        "Worker Number": 5,
                                                        "Actual Startup Time": 0.217,
                                                        "Actual Total Time": 314.122,
                                                        "Actual Rows": 842400,
                                                        "Actual Loops": 1
                                                    }
                                                ]
                                            },
                                            {
                                                "Node Type": "Hash",
                                                "Parent Relationship": "Inner",
                                                "Parallel Aware": true,
                                                "Startup Cost": 45479.21,
                                                "Total Cost": 45479.21,
                                                "Plan Rows": 9399,
                                                "Plan Width": 4,
                                                "Actual Startup Time": 79.353,
                                                "Actual Total Time": 79.354,
                                                "Actual Rows": 4741,
                                                "Actual Loops": 7,
                                                "Output": [
                                                    "t.id"
                                                ],
                                                "Hash Buckets": 65536,
                                                "Original Hash Buckets": 65536,
                                                "Hash Batches": 1,
                                                "Original Hash Batches": 1,
                                                "Peak Memory Usage": 1952,
                                                "Workers": [
                                                    {
                                                        "Worker Number": 0,
                                                        "Actual Startup Time": 77.487,
                                                        "Actual Total Time": 77.488,
                                                        "Actual Rows": 4368,
                                                        "Actual Loops": 1
                                                    },
                                                    {
                                                        "Worker Number": 1,
                                                        "Actual Startup Time": 78.188,
                                                        "Actual Total Time": 78.189,
                                                        "Actual Rows": 4172,
                                                        "Actual Loops": 1
                                                    },
                                                    {
                                                        "Worker Number": 2,
                                                        "Actual Startup Time": 77.65,
                                                        "Actual Total Time": 77.651,
                                                        "Actual Rows": 3884,
                                                        "Actual Loops": 1
                                                    },
                                                    {
                                                        "Worker Number": 3,
                                                        "Actual Startup Time": 78.664,
                                                        "Actual Total Time": 78.665,
                                                        "Actual Rows": 4261,
                                                        "Actual Loops": 1
                                                    },
                                                    {
                                                        "Worker Number": 4,
                                                        "Actual Startup Time": 79.042,
                                                        "Actual Total Time": 79.043,
                                                        "Actual Rows": 4252,
                                                        "Actual Loops": 1
                                                    },
                                                    {
                                                        "Worker Number": 5,
                                                        "Actual Startup Time": 78.874,
                                                        "Actual Total Time": 78.876,
                                                        "Actual Rows": 3637,
                                                        "Actual Loops": 1
                                                    }
                                                ],
                                                "Plans": [
                                                    {
                                                        "Node Type": "Seq Scan",
                                                        "Parent Relationship": "Outer",
                                                        "Parallel Aware": true,
                                                        "Relation Name": "title",
                                                        "Schema": "public",
                                                        "Alias": "t",
                                                        "Startup Cost": 0.0,
                                                        "Total Cost": 45479.21,
                                                        "Plan Rows": 9399,
                                                        "Plan Width": 4,
                                                        "Actual Startup Time": 51.662,
                                                        "Actual Total Time": 76.927,
                                                        "Actual Rows": 4741,
                                                        "Actual Loops": 7,
                                                        "Output": [
                                                            "t.id"
                                                        ],
                                                        "Filter": "((t.kind_id = 1) AND (t.production_year = 2010))",
                                                        "Rows Removed by Filter": 356446,
                                                        "Workers": [
                                                            {
                                                                "Worker Number": 0,
                                                                "Actual Startup Time": 50.912,
                                                                "Actual Total Time": 75.256,
                                                                "Actual Rows": 4368,
                                                                "Actual Loops": 1
                                                            },
                                                            {
                                                                "Worker Number": 1,
                                                                "Actual Startup Time": 51.495,
                                                                "Actual Total Time": 75.449,
                                                                "Actual Rows": 4172,
                                                                "Actual Loops": 1
                                                            },
                                                            {
                                                                "Worker Number": 2,
                                                                "Actual Startup Time": 51.027,
                                                                "Actual Total Time": 75.218,
                                                                "Actual Rows": 3884,
                                                                "Actual Loops": 1
                                                            },
                                                            {
                                                                "Worker Number": 3,
                                                                "Actual Startup Time": 52.098,
                                                                "Actual Total Time": 76.334,
                                                                "Actual Rows": 4261,
                                                                "Actual Loops": 1
                                                            },
                                                            {
                                                                "Worker Number": 4,
                                                                "Actual Startup Time": 48.957,
                                                                "Actual Total Time": 76.731,
                                                                "Actual Rows": 4252,
                                                                "Actual Loops": 1
                                                            },
                                                            {
                                                                "Worker Number": 5,
                                                                "Actual Startup Time": 52.308,
                                                                "Actual Total Time": 76.278,
                                                                "Actual Rows": 3637,
                                                                "Actual Loops": 1
                                                            }
                                                        ]
                                                    }
                                                ]
                                            }
                                        ]
                                    },
                                    {
                                        "Node Type": "Index Only Scan",
                                        "Parent Relationship": "Inner",
                                        "Parallel Aware": false,
                                        "Scan Direction": "Forward",
                                        "Index Name": "movie_id_movie_info",
                                        "Relation Name": "movie_info",
                                        "Schema": "public",
                                        "Alias": "mi",
                                        "Startup Cost": 0.43,
                                        "Total Cost": 1.23,
                                        "Plan Rows": 39,
                                        "Plan Width": 4,
                                        "Actual Startup Time": 0.009,
                                        "Actual Total Time": 0.03,
                                        "Actual Rows": 24,
                                        "Actual Loops": 83427,
                                        "Output": [
                                            "mi.movie_id"
                                        ],
                                        "Index Cond": "(mi.movie_id = ci.movie_id)",
                                        "Rows Removed by Index Recheck": 0,
                                        "Heap Fetches": 2031215,
                                        "Workers": [
                                            {
                                                "Worker Number": 0,
                                                "Actual Startup Time": 0.01,
                                                "Actual Total Time": 0.032,
                                                "Actual Rows": 24,
                                                "Actual Loops": 11047
                                            },
                                            {
                                                "Worker Number": 1,
                                                "Actual Startup Time": 0.01,
                                                "Actual Total Time": 0.032,
                                                "Actual Rows": 24,
                                                "Actual Loops": 11159
                                            },
                                            {
                                                "Worker Number": 2,
                                                "Actual Startup Time": 0.012,
                                                "Actual Total Time": 0.038,
                                                "Actual Rows": 25,
                                                "Actual Loops": 9736
                                            },
                                            {
                                                "Worker Number": 3,
                                                "Actual Startup Time": 0.011,
                                                "Actual Total Time": 0.033,
                                                "Actual Rows": 24,
                                                "Actual Loops": 10640
                                            },
                                            {
                                                "Worker Number": 4,
                                                "Actual Startup Time": 0.01,
                                                "Actual Total Time": 0.032,
                                                "Actual Rows": 26,
                                                "Actual Loops": 10834
                                            },
                                            {
                                                "Worker Number": 5,
                                                "Actual Startup Time": 0.012,
                                                "Actual Total Time": 0.038,
                                                "Actual Rows": 25,
                                                "Actual Loops": 9583
                                            }
                                        ]
                                    }
                                ]
                            }
                        ]
                    }
                ]
            }
        ]
    },
    "Planning Time": 1.589,
    "Triggers": [],
    "Execution Time": 1068.494
}