[
    {
        "Bao": {
            "Bao prediction": 486.104,
            "Bao recommended hint": "(no hint)"
        }
    },
    {
        "Plan": {
            "Node Type": "Aggregate",
            "Strategy": "Plain",
            "Partial Mode": "Finalize",
            "Parallel Aware": false,
            "Startup Cost": 348960.07,
            "Total Cost": 348960.08,
            "Plan Rows": 1,
            "Plan Width": 8,
            "Actual Startup Time": 797.975,
            "Actual Total Time": 828.782,
            "Actual Rows": 1,
            "Actual Loops": 1,
            "Output": [
                "count(*)"
            ],
            "Plans": [
                {
                    "Node Type": "Gather",
                    "Parent Relationship": "Outer",
                    "Parallel Aware": false,
                    "Startup Cost": 348959.44,
                    "Total Cost": 348960.05,
                    "Plan Rows": 6,
                    "Plan Width": 8,
                    "Actual Startup Time": 797.874,
                    "Actual Total Time": 828.773,
                    "Actual Rows": 7,
                    "Actual Loops": 1,
                    "Output": [
                        "(PARTIAL count(*))"
                    ],
                    "Workers Planned": 6,
                    "Workers Launched": 6,
                    "Single Copy": false,
                    "Plans": [
                        {
                            "Node Type": "Aggregate",
                            "Strategy": "Plain",
                            "Partial Mode": "Partial",
                            "Parent Relationship": "Outer",
                            "Parallel Aware": false,
                            "Startup Cost": 347959.44,
                            "Total Cost": 347959.45,
                            "Plan Rows": 1,
                            "Plan Width": 8,
                            "Actual Startup Time": 788.711,
                            "Actual Total Time": 788.712,
                            "Actual Rows": 1,
                            "Actual Loops": 7,
                            "Output": [
                                "PARTIAL count(*)"
                            ],
                            "Workers": [
                                {
                                    "Worker Number": 0,
                                    "Actual Startup Time": 786.548,
                                    "Actual Total Time": 786.549,
                                    "Actual Rows": 1,
                                    "Actual Loops": 1
                                },
                                {
                                    "Worker Number": 1,
                                    "Actual Startup Time": 786.677,
                                    "Actual Total Time": 786.678,
                                    "Actual Rows": 1,
                                    "Actual Loops": 1
                                },
                                {
                                    "Worker Number": 2,
                                    "Actual Startup Time": 787.186,
                                    "Actual Total Time": 787.187,
                                    "Actual Rows": 1,
                                    "Actual Loops": 1
                                },
                                {
                                    "Worker Number": 3,
                                    "Actual Startup Time": 787.734,
                                    "Actual Total Time": 787.736,
                                    "Actual Rows": 1,
                                    "Actual Loops": 1
                                },
                                {
                                    "Worker Number": 4,
                                    "Actual Startup Time": 787.781,
                                    "Actual Total Time": 787.782,
                                    "Actual Rows": 1,
                                    "Actual Loops": 1
                                },
                                {
                                    "Worker Number": 5,
                                    "Actual Startup Time": 787.985,
                                    "Actual Total Time": 787.986,
                                    "Actual Rows": 1,
                                    "Actual Loops": 1
                                }
                            ],
                            "Plans": [
                                {
                                    "Node Type": "Seq Scan",
                                    "Parent Relationship": "Outer",
                                    "Parallel Aware": true,
                                    "Relation Name": "cast_info",
                                    "Schema": "public",
                                    "Alias": "ci",
                                    "Startup Cost": 0.0,
                                    "Total Cost": 343318.94,
                                    "Plan Rows": 1856201,
                                    "Plan Width": 0,
                                    "Actual Startup Time": 407.098,
                                    "Actual Total Time": 737.68,
                                    "Actual Rows": 836764,
                                    "Actual Loops": 7,
                                    "Output": [
                                        "id",
                                        "person_id",
                                        "movie_id",
                                        "person_role_id",
                                        "note",
                                        "nr_order",
                                        "role_id"
                                    ],
                                    "Filter": "((ci.person_id < 2592478) AND (ci.role_id > 2))",
                                    "Rows Removed by Filter": 4341000,
                                    "Workers": [
                                        {
                                            "Worker Number": 0,
                                            "Actual Startup Time": 404.934,
                                            "Actual Total Time": 736.091,
                                            "Actual Rows": 740916,
                                            "Actual Loops": 1
                                        },
                                        {
                                            "Worker Number": 1,
                                            "Actual Startup Time": 405.081,
                                            "Actual Total Time": 737.105,
                                            "Actual Rows": 729466,
                                            "Actual Loops": 1
                                        },
                                        {
                                            "Worker Number": 2,
                                            "Actual Startup Time": 405.582,
                                            "Actual Total Time": 736.353,
                                            "Actual Rows": 747374,
                                            "Actual Loops": 1
                                        },
                                        {
                                            "Worker Number": 3,
                                            "Actual Startup Time": 406.11,
                                            "Actual Total Time": 737.114,
                                            "Actual Rows": 745013,
                                            "Actual Loops": 1
                                        },
                                        {
                                            "Worker Number": 4,
                                            "Actual Startup Time": 406.166,
                                            "Actual Total Time": 737.555,
                                            "Actual Rows": 738566,
                                            "Actual Loops": 1
                                        },
                                        {
                                            "Worker Number": 5,
                                            "Actual Startup Time": 406.37,
                                            "Actual Total Time": 737.354,
                                            "Actual Rows": 741452,
                                            "Actual Loops": 1
                                        }
                                    ]
                                }
                            ]
                        }
                    ]
                }
            ]
        },
        "Planning Time": 857.752,
        "Triggers": [],
        "Execution Time": 828.882
    }
]