[
  {
    "Plan": {
      "Node Type": "Aggregate",
      "Strategy": "Plain",
      "Partial Mode": "Finalize",
      "Parallel Aware": false,
      "Startup Cost": 352069.56,
      "Total Cost": 352069.57,
      "Plan Rows": 1,
      "Plan Width": 8,
      "Actual Startup Time": 836.607,
      "Actual Total Time": 894.49,
      "Actual Rows": 1,
      "Actual Loops": 1,
      "Plans": [
        {
          "Node Type": "Gather",
          "Parent Relationship": "Outer",
          "Parallel Aware": false,
          "Startup Cost": 352068.94,
          "Total Cost": 352069.55,
          "Plan Rows": 6,
          "Plan Width": 8,
          "Actual Startup Time": 836.501,
          "Actual Total Time": 894.482,
          "Actual Rows": 7,
          "Actual Loops": 1,
          "Workers Planned": 6,
          "Workers Launched": 6,
          "Single Copy": false,
          "Plans": [
            {
              "Node Type": "Aggregate",
              "Strategy": "Plain",
              "Partial Mode": "Partial",
              "Parent Relationship": "Outer",
              "Parallel Aware": false,
              "Startup Cost": 351068.94,
              "Total Cost": 351068.95,
              "Plan Rows": 1,
              "Plan Width": 8,
              "Actual Startup Time": 827.294,
              "Actual Total Time": 827.295,
              "Actual Rows": 1,
              "Actual Loops": 7,
              "Plans": [
                {
                  "Node Type": "Seq Scan",
                  "Parent Relationship": "Outer",
                  "Parallel Aware": true,
                  "Relation Name": "cast_info",
                  "Alias": "ci",
                  "Startup Cost": 0.0,
                  "Total Cost": 343257.03,
                  "Plan Rows": 3124763,
                  "Plan Width": 0,
                  "Actual Startup Time": 239.457,
                  "Actual Total Time": 720.445,
                  "Actual Rows": 2288779,
                  "Actual Loops": 7,
                  "Filter": "((person_id < 2918235) AND (role_id > 1))",
                  "Rows Removed by Filter": 2888985
                }
              ]
            }
          ]
        }
      ]
    },
    "Planning Time": 0.179,
    "Triggers": [],
    "Execution Time": 894.551
  }
]