[
  {
    "Plan": {
      "Node Type": "Aggregate",
      "Strategy": "Plain",
      "Partial Mode": "Finalize",
      "Parallel Aware": false,
      "Startup Cost": 31163.61,
      "Total Cost": 31163.62,
      "Plan Rows": 1,
      "Plan Width": 8,
      "Actual Startup Time": 86.674,
      "Actual Total Time": 94.753,
      "Actual Rows": 1,
      "Actual Loops": 1,
      "Plans": [
        {
          "Node Type": "Gather",
          "Parent Relationship": "Outer",
          "Parallel Aware": false,
          "Startup Cost": 31163.29,
          "Total Cost": 31163.6,
          "Plan Rows": 3,
          "Plan Width": 8,
          "Actual Startup Time": 86.542,
          "Actual Total Time": 94.743,
          "Actual Rows": 4,
          "Actual Loops": 1,
          "Workers Planned": 3,
          "Workers Launched": 3,
          "Single Copy": false,
          "Plans": [
            {
              "Node Type": "Aggregate",
              "Strategy": "Plain",
              "Partial Mode": "Partial",
              "Parent Relationship": "Outer",
              "Parallel Aware": false,
              "Startup Cost": 30163.29,
              "Total Cost": 30163.3,
              "Plan Rows": 1,
              "Plan Width": 8,
              "Actual Startup Time": 82.992,
              "Actual Total Time": 82.993,
              "Actual Rows": 1,
              "Actual Loops": 4,
              "Plans": [
                {
                  "Node Type": "Seq Scan",
                  "Parent Relationship": "Outer",
                  "Parallel Aware": true,
                  "Relation Name": "movie_companies",
                  "Alias": "mc",
                  "Startup Cost": 0.0,
                  "Total Cost": 29310.68,
                  "Plan Rows": 341043,
                  "Plan Width": 0,
                  "Actual Startup Time": 12.823,
                  "Actual Total Time": 70.963,
                  "Actual Rows": 262414,
                  "Actual Loops": 4,
                  "Filter": "(company_id > 14968)",
                  "Rows Removed by Filter": 389868
                }
              ]
            }
          ]
        }
      ]
    },
    "Planning Time": 0.087,
    "Triggers": [],
    "Execution Time": 94.781
  }
]