{
  "Plan": {
    "Node Type": "Aggregate",
    "Strategy": "Plain",
    "Partial Mode": "Finalize",
    "Parallel Aware": false,
    "Startup Cost": 804304.52,
    "Total Cost": 804304.53,
    "Plan Rows": 1,
    "Plan Width": 8,
    "Actual Startup Time": 6380.862,
    "Actual Total Time": 6439.352,
    "Actual Rows": 1,
    "Actual Loops": 1,
    "Plans": [
      {
        "Node Type": "Gather",
        "Parent Relationship": "Outer",
        "Parallel Aware": false,
        "Startup Cost": 804304.41,
        "Total Cost": 804304.52,
        "Plan Rows": 1,
        "Plan Width": 8,
        "Actual Startup Time": 6377.515,
        "Actual Total Time": 6439.345,
        "Actual Rows": 2,
        "Actual Loops": 1,
        "Workers Planned": 1,
        "Workers Launched": 1,
        "Single Copy": false,
        "Plans": [
          {
            "Node Type": "Aggregate",
            "Strategy": "Plain",
            "Partial Mode": "Partial",
            "Parent Relationship": "Outer",
            "Parallel Aware": false,
            "Startup Cost": 803304.41,
            "Total Cost": 803304.42,
            "Plan Rows": 1,
            "Plan Width": 8,
            "Actual Startup Time": 6371.688,
            "Actual Total Time": 6371.694,
            "Actual Rows": 1,
            "Actual Loops": 2,
            "Plans": [
              {
                "Node Type": "Hash Join",
                "Parent Relationship": "Outer",
                "Parallel Aware": true,
                "Join Type": "Inner",
                "Startup Cost": 481025.63,
                "Total Cost": 794404.25,
                "Plan Rows": 3560061,
                "Plan Width": 0,
                "Actual Startup Time": 2653.632,
                "Actual Total Time": 5885.42,
                "Actual Rows": 11799716,
                "Actual Loops": 2,
                "Inner Unique": false,
                "Hash Cond": "(mi.movie_id = t.id)",
                "Plans": [
                  {
                    "Node Type": "Seq Scan",
                    "Parent Relationship": "Outer",
                    "Parallel Aware": true,
                    "Relation Name": "movie_info",
                    "Alias": "mi",
                    "Startup Cost": 0.0,
                    "Total Cost": 248955.74,
                    "Plan Rows": 8696274,
                    "Plan Width": 4,
                    "Actual Startup Time": 0.016,
                    "Actual Total Time": 607.649,
                    "Actual Rows": 7417860,
                    "Actual Loops": 2
                  },
                  {
                    "Node Type": "Hash",
                    "Parent Relationship": "Inner",
                    "Parallel Aware": true,
                    "Startup Cost": 473415.14,
                    "Total Cost": 473415.14,
                    "Plan Rows": 608839,
                    "Plan Width": 8,
                    "Actual Startup Time": 2643.758,
                    "Actual Total Time": 2643.763,
                    "Actual Rows": 639420,
                    "Actual Loops": 2,
                    "Hash Buckets": 2097152,
                    "Original Hash Buckets": 1048576,
                    "Hash Batches": 1,
                    "Original Hash Batches": 1,
                    "Peak Memory Usage": 74624,
                    "Plans": [
                      {
                        "Node Type": "Hash Join",
                        "Parent Relationship": "Outer",
                        "Parallel Aware": true,
                        "Join Type": "Inner",
                        "Startup Cost": 56446.94,
                        "Total Cost": 473415.14,
                        "Plan Rows": 608839,
                        "Plan Width": 8,
                        "Actual Startup Time": 199.871,
                        "Actual Total Time": 2417.792,
                        "Actual Rows": 639420,
                        "Actual Loops": 2,
                        "Inner Unique": true,
                        "Hash Cond": "(ci.movie_id = t.id)",
                        "Plans": [
                          {
                            "Node Type": "Index Scan",
                            "Parent Relationship": "Outer",
                            "Parallel Aware": true,
                            "Scan Direction": "Forward",
                            "Index Name": "role_id_cast_info",
                            "Relation Name": "cast_info",
                            "Alias": "ci",
                            "Startup Cost": 0.56,
                            "Total Cost": 400977.7,
                            "Plan Rows": 6091825,
                            "Plan Width": 4,
                            "Actual Startup Time": 0.071,
                            "Actual Total Time": 1153.106,
                            "Actual Rows": 6335344,
                            "Actual Loops": 2,
                            "Index Cond": "(role_id < 2)",
                            "Rows Removed by Index Recheck": 0,
                            "Filter": "(person_id < 3047668)",
                            "Rows Removed by Filter": 0
                          },
                          {
                            "Node Type": "Hash",
                            "Parent Relationship": "Inner",
                            "Parallel Aware": true,
                            "Startup Cost": 54588.39,
                            "Total Cost": 54588.39,
                            "Plan Rows": 148639,
                            "Plan Width": 4,
                            "Actual Startup Time": 198.427,
                            "Actual Total Time": 198.428,
                            "Actual Rows": 131797,
                            "Actual Loops": 2,
                            "Hash Buckets": 524288,
                            "Original Hash Buckets": 262144,
                            "Hash Batches": 1,
                            "Original Hash Batches": 1,
                            "Peak Memory Usage": 16512,
                            "Plans": [
                              {
                                "Node Type": "Seq Scan",
                                "Parent Relationship": "Outer",
                                "Parallel Aware": true,
                                "Relation Name": "title",
                                "Alias": "t",
                                "Startup Cost": 0.0,
                                "Total Cost": 54588.39,
                                "Plan Rows": 148639,
                                "Plan Width": 4,
                                "Actual Startup Time": 0.047,
                                "Actual Total Time": 154.505,
                                "Actual Rows": 131797,
                                "Actual Loops": 2,
                                "Filter": "(production_year < 1962)",
                                "Rows Removed by Filter": 1132359
                              }
                            ]
                          }
                        ]
                      }
                    ]
                  }
                ]
              }
            ]
          }
        ]
      }
    ]
  },
  "Planning Time": 0.763,
  "Triggers": [],
  "Execution Time": 6439.438
}