[
  {
    "Plan": {
      "Node Type": "Aggregate",
      "Strategy": "Plain",
      "Partial Mode": "Finalize",
      "Parallel Aware": false,
      "Startup Cost": 46082.46,
      "Total Cost": 46082.47,
      "Plan Rows": 1,
      "Plan Width": 8,
      "Actual Startup Time": 170.652,
      "Actual Total Time": 181.52,
      "Actual Rows": 1,
      "Actual Loops": 1,
      "Plans": [
        {
          "Node Type": "Gather",
          "Parent Relationship": "Outer",
          "Parallel Aware": false,
          "Startup Cost": 46082.15,
          "Total Cost": 46082.46,
          "Plan Rows": 3,
          "Plan Width": 8,
          "Actual Startup Time": 170.536,
          "Actual Total Time": 181.512,
          "Actual Rows": 4,
          "Actual Loops": 1,
          "Workers Planned": 3,
          "Workers Launched": 3,
          "Single Copy": false,
          "Plans": [
            {
              "Node Type": "Aggregate",
              "Strategy": "Plain",
              "Partial Mode": "Partial",
              "Parent Relationship": "Outer",
              "Parallel Aware": false,
              "Startup Cost": 45082.15,
              "Total Cost": 45082.16,
              "Plan Rows": 1,
              "Plan Width": 8,
              "Actual Startup Time": 163.856,
              "Actual Total Time": 163.857,
              "Actual Rows": 1,
              "Actual Loops": 4,
              "Plans": [
                {
                  "Node Type": "Seq Scan",
                  "Parent Relationship": "Outer",
                  "Parallel Aware": true,
                  "Relation Name": "movie_keyword",
                  "Alias": "mk",
                  "Startup Cost": 0.0,
                  "Total Cost": 42695.65,
                  "Plan Rows": 954597,
                  "Plan Width": 0,
                  "Actual Startup Time": 0.056,
                  "Actual Total Time": 128.398,
                  "Actual Rows": 737496,
                  "Actual Loops": 4,
                  "Filter": "(keyword_id < 9949)",
                  "Rows Removed by Filter": 393486
                }
              ]
            }
          ]
        }
      ]
    },
    "Planning Time": 0.167,
    "Triggers": [],
    "Execution Time": 181.568
  }
]