[
    {
        "Bao": {
            "Bao prediction": "NaN",
            "Bao recommended hint": "(no hint)"
        }
    },
    {
        "Plan": {
            "Node Type": "Aggregate",
            "Strategy": "Plain",
            "Partial Mode": "Finalize",
            "Parallel Aware": false,
            "Startup Cost": 334086.62,
            "Total Cost": 334086.63,
            "Plan Rows": 1,
            "Plan Width": 8,
            "Actual Startup Time": 614.495,
            "Actual Total Time": 646.846,
            "Actual Rows": 1,
            "Actual Loops": 1,
            "Output": [
                "count(*)"
            ],
            "Plans": [
                {
                    "Node Type": "Gather",
                    "Parent Relationship": "Outer",
                    "Parallel Aware": false,
                    "Startup Cost": 334086.0,
                    "Total Cost": 334086.61,
                    "Plan Rows": 6,
                    "Plan Width": 8,
                    "Actual Startup Time": 614.241,
                    "Actual Total Time": 646.836,
                    "Actual Rows": 7,
                    "Actual Loops": 1,
                    "Output": [
                        "(PARTIAL count(*))"
                    ],
                    "Workers Planned": 6,
                    "Workers Launched": 6,
                    "Single Copy": false,
                    "Plans": [
                        {
                            "Node Type": "Aggregate",
                            "Strategy": "Plain",
                            "Partial Mode": "Partial",
                            "Parent Relationship": "Outer",
                            "Parallel Aware": false,
                            "Startup Cost": 333086.0,
                            "Total Cost": 333086.01,
                            "Plan Rows": 1,
                            "Plan Width": 8,
                            "Actual Startup Time": 604.402,
                            "Actual Total Time": 604.403,
                            "Actual Rows": 1,
                            "Actual Loops": 7,
                            "Output": [
                                "PARTIAL count(*)"
                            ],
                            "Workers": [
                                {
                                    "Worker Number": 0,
                                    "Actual Startup Time": 601.992,
                                    "Actual Total Time": 601.993,
                                    "Actual Rows": 1,
                                    "Actual Loops": 1
                                },
                                {
                                    "Worker Number": 1,
                                    "Actual Startup Time": 602.453,
                                    "Actual Total Time": 602.455,
                                    "Actual Rows": 1,
                                    "Actual Loops": 1
                                },
                                {
                                    "Worker Number": 2,
                                    "Actual Startup Time": 602.626,
                                    "Actual Total Time": 602.627,
                                    "Actual Rows": 1,
                                    "Actual Loops": 1
                                },
                                {
                                    "Worker Number": 3,
                                    "Actual Startup Time": 603.129,
                                    "Actual Total Time": 603.129,
                                    "Actual Rows": 1,
                                    "Actual Loops": 1
                                },
                                {
                                    "Worker Number": 4,
                                    "Actual Startup Time": 603.257,
                                    "Actual Total Time": 603.258,
                                    "Actual Rows": 1,
                                    "Actual Loops": 1
                                },
                                {
                                    "Worker Number": 5,
                                    "Actual Startup Time": 603.672,
                                    "Actual Total Time": 603.673,
                                    "Actual Rows": 1,
                                    "Actual Loops": 1
                                }
                            ],
                            "Plans": [
                                {
                                    "Node Type": "Seq Scan",
                                    "Parent Relationship": "Outer",
                                    "Parallel Aware": true,
                                    "Relation Name": "cast_info",
                                    "Schema": "public",
                                    "Alias": "ci",
                                    "Startup Cost": 0.0,
                                    "Total Cost": 328213.62,
                                    "Plan Rows": 1948952,
                                    "Plan Width": 0,
                                    "Actual Startup Time": 259.905,
                                    "Actual Total Time": 532.206,
                                    "Actual Rows": 1685224,
                                    "Actual Loops": 7,
                                    "Output": [
                                        "id",
                                        "person_id",
                                        "movie_id",
                                        "person_role_id",
                                        "note",
                                        "nr_order",
                                        "role_id"
                                    ],
                                    "Filter": "(ci.person_id > 2511686)",
                                    "Rows Removed by Filter": 3492539,
                                    "Workers": [
                                        {
                                            "Worker Number": 0,
                                            "Actual Startup Time": 257.484,
                                            "Actual Total Time": 533.107,
                                            "Actual Rows": 1690128,
                                            "Actual Loops": 1
                                        },
                                        {
                                            "Worker Number": 1,
                                            "Actual Startup Time": 257.975,
                                            "Actual Total Time": 532.344,
                                            "Actual Rows": 1681899,
                                            "Actual Loops": 1
                                        },
                                        {
                                            "Worker Number": 2,
                                            "Actual Startup Time": 258.143,
                                            "Actual Total Time": 532.251,
                                            "Actual Rows": 1688847,
                                            "Actual Loops": 1
                                        },
                                        {
                                            "Worker Number": 3,
                                            "Actual Startup Time": 258.616,
                                            "Actual Total Time": 529.661,
                                            "Actual Rows": 1106393,
                                            "Actual Loops": 1
                                        },
                                        {
                                            "Worker Number": 4,
                                            "Actual Startup Time": 258.761,
                                            "Actual Total Time": 534.529,
                                            "Actual Rows": 1685388,
                                            "Actual Loops": 1
                                        },
                                        {
                                            "Worker Number": 5,
                                            "Actual Startup Time": 259.178,
                                            "Actual Total Time": 533.709,
                                            "Actual Rows": 1682881,
                                            "Actual Loops": 1
                                        }
                                    ]
                                }
                            ]
                        }
                    ]
                }
            ]
        },
        "Planning Time": 184.207,
        "Triggers": [],
        "Execution Time": 646.909
    }
]