[
    {
        "Bao": {
            "Bao prediction": 640.865,
            "Bao recommended hint": "(no hint)"
        }
    },
    {
        "Plan": {
            "Node Type": "Aggregate",
            "Strategy": "Plain",
            "Partial Mode": "Finalize",
            "Parallel Aware": false,
            "Startup Cost": 76057.25,
            "Total Cost": 76057.26,
            "Plan Rows": 1,
            "Plan Width": 8,
            "Actual Startup Time": 306.504,
            "Actual Total Time": 317.82,
            "Actual Rows": 1,
            "Actual Loops": 1,
            "Output": [
                "count(*)"
            ],
            "Plans": [
                {
                    "Node Type": "Gather",
                    "Parent Relationship": "Outer",
                    "Parallel Aware": false,
                    "Startup Cost": 76056.93,
                    "Total Cost": 76057.24,
                    "Plan Rows": 3,
                    "Plan Width": 8,
                    "Actual Startup Time": 300.955,
                    "Actual Total Time": 317.813,
                    "Actual Rows": 4,
                    "Actual Loops": 1,
                    "Output": [
                        "(PARTIAL count(*))"
                    ],
                    "Workers Planned": 3,
                    "Workers Launched": 3,
                    "Single Copy": false,
                    "Plans": [
                        {
                            "Node Type": "Aggregate",
                            "Strategy": "Plain",
                            "Partial Mode": "Partial",
                            "Parent Relationship": "Outer",
                            "Parallel Aware": false,
                            "Startup Cost": 75056.93,
                            "Total Cost": 75056.94,
                            "Plan Rows": 1,
                            "Plan Width": 8,
                            "Actual Startup Time": 292.354,
                            "Actual Total Time": 292.357,
                            "Actual Rows": 1,
                            "Actual Loops": 4,
                            "Output": [
                                "PARTIAL count(*)"
                            ],
                            "Workers": [
                                {
                                    "Worker Number": 0,
                                    "Actual Startup Time": 289.51,
                                    "Actual Total Time": 289.513,
                                    "Actual Rows": 1,
                                    "Actual Loops": 1
                                },
                                {
                                    "Worker Number": 1,
                                    "Actual Startup Time": 289.505,
                                    "Actual Total Time": 289.509,
                                    "Actual Rows": 1,
                                    "Actual Loops": 1
                                },
                                {
                                    "Worker Number": 2,
                                    "Actual Startup Time": 290.146,
                                    "Actual Total Time": 290.15,
                                    "Actual Rows": 1,
                                    "Actual Loops": 1
                                }
                            ],
                            "Plans": [
                                {
                                    "Node Type": "Hash Join",
                                    "Parent Relationship": "Outer",
                                    "Parallel Aware": true,
                                    "Join Type": "Inner",
                                    "Startup Cost": 50163.34,
                                    "Total Cost": 75031.94,
                                    "Plan Rows": 9996,
                                    "Plan Width": 0,
                                    "Actual Startup Time": 245.381,
                                    "Actual Total Time": 291.974,
                                    "Actual Rows": 3815,
                                    "Actual Loops": 4,
                                    "Inner Unique": true,
                                    "Hash Cond": "(mk.movie_id = t.id)",
                                    "Workers": [
                                        {
                                            "Worker Number": 0,
                                            "Actual Startup Time": 242.51,
                                            "Actual Total Time": 289.145,
                                            "Actual Rows": 3363,
                                            "Actual Loops": 1
                                        },
                                        {
                                            "Worker Number": 1,
                                            "Actual Startup Time": 242.878,
                                            "Actual Total Time": 289.134,
                                            "Actual Rows": 3407,
                                            "Actual Loops": 1
                                        },
                                        {
                                            "Worker Number": 2,
                                            "Actual Startup Time": 242.699,
                                            "Actual Total Time": 289.81,
                                            "Actual Rows": 2892,
                                            "Actual Loops": 1
                                        }
                                    ],
                                    "Plans": [
                                        {
                                            "Node Type": "Bitmap Heap Scan",
                                            "Parent Relationship": "Outer",
                                            "Parallel Aware": true,
                                            "Relation Name": "movie_keyword",
                                            "Schema": "public",
                                            "Alias": "mk",
                                            "Startup Cost": 1803.0,
                                            "Total Cost": 26599.65,
                                            "Plan Rows": 27412,
                                            "Plan Width": 4,
                                            "Actual Startup Time": 18.299,
                                            "Actual Total Time": 52.842,
                                            "Actual Rows": 21240,
                                            "Actual Loops": 4,
                                            "Output": [
                                                "mk.id",
                                                "mk.movie_id",
                                                "mk.keyword_id"
                                            ],
                                            "Recheck Cond": "(mk.keyword_id < 73)",
                                            "Rows Removed by Index Recheck": 0,
                                            "Exact Heap Blocks": 8857,
                                            "Lossy Heap Blocks": 0,
                                            "Workers": [
                                                {
                                                    "Worker Number": 0,
                                                    "Actual Startup Time": 18.213,
                                                    "Actual Total Time": 54.05,
                                                    "Actual Rows": 17527,
                                                    "Actual Loops": 1
                                                },
                                                {
                                                    "Worker Number": 1,
                                                    "Actual Startup Time": 18.393,
                                                    "Actual Total Time": 53.88,
                                                    "Actual Rows": 18026,
                                                    "Actual Loops": 1
                                                },
                                                {
                                                    "Worker Number": 2,
                                                    "Actual Startup Time": 18.286,
                                                    "Actual Total Time": 54.08,
                                                    "Actual Rows": 16107,
                                                    "Actual Loops": 1
                                                }
                                            ],
                                            "Plans": [
                                                {
                                                    "Node Type": "Bitmap Index Scan",
                                                    "Parent Relationship": "Outer",
                                                    "Parallel Aware": false,
                                                    "Index Name": "keyword_id_movie_keyword",
                                                    "Startup Cost": 0.0,
                                                    "Total Cost": 1781.76,
                                                    "Plan Rows": 84977,
                                                    "Plan Width": 0,
                                                    "Actual Startup Time": 13.352,
                                                    "Actual Total Time": 13.353,
                                                    "Actual Rows": 84961,
                                                    "Actual Loops": 1,
                                                    "Index Cond": "(mk.keyword_id < 73)",
                                                    "Workers": [
                                                        {
                                                            "Worker Number": 0,
                                                            "Actual Startup Time": 13.352,
                                                            "Actual Total Time": 13.353,
                                                            "Actual Rows": 84961,
                                                            "Actual Loops": 1
                                                        }
                                                    ]
                                                }
                                            ]
                                        },
                                        {
                                            "Node Type": "Hash",
                                            "Parent Relationship": "Inner",
                                            "Parallel Aware": true,
                                            "Startup Cost": 45479.21,
                                            "Total Cost": 45479.21,
                                            "Plan Rows": 230490,
                                            "Plan Width": 4,
                                            "Actual Startup Time": 221.888,
                                            "Actual Total Time": 221.888,
                                            "Actual Rows": 252754,
                                            "Actual Loops": 4,
                                            "Output": [
                                                "t.id"
                                            ],
                                            "Hash Buckets": 1048576,
                                            "Original Hash Buckets": 1048576,
                                            "Hash Batches": 1,
                                            "Original Hash Batches": 1,
                                            "Peak Memory Usage": 47776,
                                            "Workers": [
                                                {
                                                    "Worker Number": 0,
                                                    "Actual Startup Time": 223.883,
                                                    "Actual Total Time": 223.884,
                                                    "Actual Rows": 214248,
                                                    "Actual Loops": 1
                                                },
                                                {
                                                    "Worker Number": 1,
                                                    "Actual Startup Time": 223.861,
                                                    "Actual Total Time": 223.862,
                                                    "Actual Rows": 216756,
                                                    "Actual Loops": 1
                                                },
                                                {
                                                    "Worker Number": 2,
                                                    "Actual Startup Time": 223.855,
                                                    "Actual Total Time": 223.856,
                                                    "Actual Rows": 214050,
                                                    "Actual Loops": 1
                                                }
                                            ],
                                            "Plans": [
                                                {
                                                    "Node Type": "Seq Scan",
                                                    "Parent Relationship": "Outer",
                                                    "Parallel Aware": true,
                                                    "Relation Name": "title",
                                                    "Schema": "public",
                                                    "Alias": "t",
                                                    "Startup Cost": 0.0,
                                                    "Total Cost": 45479.21,
                                                    "Plan Rows": 230490,
                                                    "Plan Width": 4,
                                                    "Actual Startup Time": 0.04,
                                                    "Actual Total Time": 122.404,
                                                    "Actual Rows": 252754,
                                                    "Actual Loops": 4,
                                                    "Output": [
                                                        "t.id"
                                                    ],
                                                    "Filter": "((t.kind_id > 2) AND (t.production_year > 2001))",
                                                    "Rows Removed by Filter": 379324,
                                                    "Workers": [
                                                        {
                                                            "Worker Number": 0,
                                                            "Actual Startup Time": 0.041,
                                                            "Actual Total Time": 125.123,
                                                            "Actual Rows": 214248,
                                                            "Actual Loops": 1
                                                        },
                                                        {
                                                            "Worker Number": 1,
                                                            "Actual Startup Time": 0.057,
                                                            "Actual Total Time": 124.985,
                                                            "Actual Rows": 216756,
                                                            "Actual Loops": 1
                                                        },
                                                        {
                                                            "Worker Number": 2,
                                                            "Actual Startup Time": 0.041,
                                                            "Actual Total Time": 127.321,
                                                            "Actual Rows": 214050,
                                                            "Actual Loops": 1
                                                        }
                                                    ]
                                                }
                                            ]
                                        }
                                    ]
                                }
                            ]
                        }
                    ]
                }
            ]
        },
        "Planning Time": 882.91,
        "Triggers": [],
        "Execution Time": 317.962
    }
]