[
  {
    "Plan": {
      "Node Type": "Aggregate",
      "Strategy": "Plain",
      "Partial Mode": "Finalize",
      "Parallel Aware": false,
      "Startup Cost": 37692.08,
      "Total Cost": 37692.09,
      "Plan Rows": 1,
      "Plan Width": 8,
      "Actual Startup Time": 110.55,
      "Actual Total Time": 118.369,
      "Actual Rows": 1,
      "Actual Loops": 1,
      "Plans": [
        {
          "Node Type": "Gather",
          "Parent Relationship": "Outer",
          "Parallel Aware": false,
          "Startup Cost": 37691.77,
          "Total Cost": 37692.08,
          "Plan Rows": 3,
          "Plan Width": 8,
          "Actual Startup Time": 110.259,
          "Actual Total Time": 118.36,
          "Actual Rows": 4,
          "Actual Loops": 1,
          "Workers Planned": 3,
          "Workers Launched": 3,
          "Single Copy": false,
          "Plans": [
            {
              "Node Type": "Aggregate",
              "Strategy": "Plain",
              "Partial Mode": "Partial",
              "Parent Relationship": "Outer",
              "Parallel Aware": false,
              "Startup Cost": 36691.77,
              "Total Cost": 36691.78,
              "Plan Rows": 1,
              "Plan Width": 8,
              "Actual Startup Time": 106.759,
              "Actual Total Time": 106.76,
              "Actual Rows": 1,
              "Actual Loops": 4,
              "Plans": [
                {
                  "Node Type": "Bitmap Heap Scan",
                  "Parent Relationship": "Outer",
                  "Parallel Aware": true,
                  "Relation Name": "movie_keyword",
                  "Alias": "mk",
                  "Startup Cost": 9964.86,
                  "Total Cost": 36312.95,
                  "Plan Rows": 151527,
                  "Plan Width": 0,
                  "Actual Startup Time": 34.127,
                  "Actual Total Time": 100.113,
                  "Actual Rows": 116576,
                  "Actual Loops": 4,
                  "Recheck Cond": "(keyword_id > 38202)",
                  "Rows Removed by Index Recheck": 0,
                  "Exact Heap Blocks": 10472,
                  "Lossy Heap Blocks": 0,
                  "Plans": [
                    {
                      "Node Type": "Bitmap Index Scan",
                      "Parent Relationship": "Outer",
                      "Parallel Aware": false,
                      "Index Name": "keyword_id_movie_keyword",
                      "Startup Cost": 0.0,
                      "Total Cost": 9847.43,
                      "Plan Rows": 469733,
                      "Plan Width": 0,
                      "Actual Startup Time": 33.779,
                      "Actual Total Time": 33.78,
                      "Actual Rows": 466306,
                      "Actual Loops": 1,
                      "Index Cond": "(keyword_id > 38202)"
                    }
                  ]
                }
              ]
            }
          ]
        }
      ]
    },
    "Planning Time": 0.099,
    "Triggers": [],
    "Execution Time": 118.409
  }
]