{
  "Plan": {
    "Node Type": "Aggregate",
    "Strategy": "Plain",
    "Partial Mode": "Finalize",
    "Parallel Aware": false,
    "Startup Cost": 347195.6,
    "Total Cost": 347195.61,
    "Plan Rows": 1,
    "Plan Width": 8,
    "Actual Startup Time": 5001.214,
    "Actual Total Time": 5031.506,
    "Actual Rows": 1,
    "Actual Loops": 1,
    "Plans": [
      {
        "Node Type": "Gather",
        "Parent Relationship": "Outer",
        "Parallel Aware": false,
        "Startup Cost": 347195.49,
        "Total Cost": 347195.6,
        "Plan Rows": 1,
        "Plan Width": 8,
        "Actual Startup Time": 4994.494,
        "Actual Total Time": 5031.491,
        "Actual Rows": 2,
        "Actual Loops": 1,
        "Workers Planned": 1,
        "Workers Launched": 1,
        "Single Copy": false,
        "Plans": [
          {
            "Node Type": "Aggregate",
            "Strategy": "Plain",
            "Partial Mode": "Partial",
            "Parent Relationship": "Outer",
            "Parallel Aware": false,
            "Startup Cost": 346195.49,
            "Total Cost": 346195.5,
            "Plan Rows": 1,
            "Plan Width": 8,
            "Actual Startup Time": 4986.227,
            "Actual Total Time": 4986.734,
            "Actual Rows": 1,
            "Actual Loops": 2,
            "Plans": [
              {
                "Node Type": "Hash Join",
                "Parent Relationship": "Outer",
                "Parallel Aware": true,
                "Join Type": "Inner",
                "Startup Cost": 274181.47,
                "Total Cost": 342923.91,
                "Plan Rows": 1308632,
                "Plan Width": 0,
                "Actual Startup Time": 1257.037,
                "Actual Total Time": 3725.958,
                "Actual Rows": 28814406,
                "Actual Loops": 2,
                "Inner Unique": false,
                "Hash Cond": "(mk.movie_id = t.id)",
                "Plans": [
                  {
                    "Node Type": "Seq Scan",
                    "Parent Relationship": "Outer",
                    "Parallel Aware": true,
                    "Relation Name": "movie_keyword",
                    "Alias": "mk",
                    "Startup Cost": 0.0,
                    "Total Cost": 51065.35,
                    "Plan Rows": 2661135,
                    "Plan Width": 4,
                    "Actual Startup Time": 0.019,
                    "Actual Total Time": 170.367,
                    "Actual Rows": 2261965,
                    "Actual Loops": 2
                  },
                  {
                    "Node Type": "Hash",
                    "Parent Relationship": "Inner",
                    "Parallel Aware": true,
                    "Startup Cost": 265039.52,
                    "Total Cost": 265039.52,
                    "Plan Rows": 731356,
                    "Plan Width": 8,
                    "Actual Startup Time": 1242.627,
                    "Actual Total Time": 1243.132,
                    "Actual Rows": 602354,
                    "Actual Loops": 2,
                    "Hash Buckets": 2097152,
                    "Original Hash Buckets": 2097152,
                    "Hash Batches": 1,
                    "Original Hash Batches": 1,
                    "Peak Memory Usage": 63520,
                    "Plans": [
                      {
                        "Node Type": "Hash Join",
                        "Parent Relationship": "Outer",
                        "Parallel Aware": true,
                        "Join Type": "Inner",
                        "Startup Cost": 91984.76,
                        "Total Cost": 265039.52,
                        "Plan Rows": 731356,
                        "Plan Width": 8,
                        "Actual Startup Time": 712.744,
                        "Actual Total Time": 1070.449,
                        "Actual Rows": 602354,
                        "Actual Loops": 2,
                        "Inner Unique": true,
                        "Hash Cond": "(mi.movie_id = t.id)",
                        "Plans": [
                          {
                            "Node Type": "Bitmap Heap Scan",
                            "Parent Relationship": "Outer",
                            "Parallel Aware": true,
                            "Relation Name": "movie_info",
                            "Alias": "mi",
                            "Startup Cost": 22524.06,
                            "Total Cost": 193659.01,
                            "Plan Rows": 731356,
                            "Plan Width": 4,
                            "Actual Startup Time": 49.325,
                            "Actual Total Time": 172.799,
                            "Actual Rows": 602354,
                            "Actual Loops": 2,
                            "Recheck Cond": "(info_type_id > 18)",
                            "Rows Removed by Index Recheck": 0,
                            "Exact Heap Blocks": 14320,
                            "Lossy Heap Blocks": 0,
                            "Plans": [
                              {
                                "Node Type": "Bitmap Index Scan",
                                "Parent Relationship": "Outer",
                                "Parallel Aware": false,
                                "Index Name": "info_type_id_movie_info",
                                "Startup Cost": 0.0,
                                "Total Cost": 22213.23,
                                "Plan Rows": 1243306,
                                "Plan Width": 0,
                                "Actual Startup Time": 43.685,
                                "Actual Total Time": 43.685,
                                "Actual Rows": 1204709,
                                "Actual Loops": 1,
                                "Index Cond": "(info_type_id > 18)"
                              }
                            ]
                          },
                          {
                            "Node Type": "Hash",
                            "Parent Relationship": "Inner",
                            "Parallel Aware": true,
                            "Startup Cost": 50870.31,
                            "Total Cost": 50870.31,
                            "Plan Rows": 1487231,
                            "Plan Width": 4,
                            "Actual Startup Time": 645.433,
                            "Actual Total Time": 645.435,
                            "Actual Rows": 1264156,
                            "Actual Loops": 2,
                            "Hash Buckets": 4194304,
                            "Original Hash Buckets": 4194304,
                            "Hash Batches": 1,
                            "Original Hash Batches": 1,
                            "Peak Memory Usage": 131712,
                            "Plans": [
                              {
                                "Node Type": "Seq Scan",
                                "Parent Relationship": "Outer",
                                "Parallel Aware": true,
                                "Relation Name": "title",
                                "Alias": "t",
                                "Startup Cost": 0.0,
                                "Total Cost": 50870.31,
                                "Plan Rows": 1487231,
                                "Plan Width": 4,
                                "Actual Startup Time": 0.029,
                                "Actual Total Time": 185.712,
                                "Actual Rows": 1264156,
                                "Actual Loops": 2
                              }
                            ]
                          }
                        ]
                      }
                    ]
                  }
                ]
              }
            ]
          }
        ]
      }
    ]
  },
  "Planning Time": 0.854,
  "Triggers": [],
  "Execution Time": 5031.604
}