[
    {
        "Bao": {
            "Bao prediction": "NaN",
            "Bao recommended hint": "(no hint)"
        }
    },
    {
        "Plan": {
            "Node Type": "Aggregate",
            "Strategy": "Plain",
            "Partial Mode": "Finalize",
            "Parallel Aware": false,
            "Startup Cost": 184588.88,
            "Total Cost": 184588.89,
            "Plan Rows": 1,
            "Plan Width": 8,
            "Actual Startup Time": 134.837,
            "Actual Total Time": 141.25,
            "Actual Rows": 1,
            "Actual Loops": 1,
            "Output": [
                "count(*)"
            ],
            "Plans": [
                {
                    "Node Type": "Gather",
                    "Parent Relationship": "Outer",
                    "Parallel Aware": false,
                    "Startup Cost": 184588.35,
                    "Total Cost": 184588.86,
                    "Plan Rows": 5,
                    "Plan Width": 8,
                    "Actual Startup Time": 133.912,
                    "Actual Total Time": 141.24,
                    "Actual Rows": 6,
                    "Actual Loops": 1,
                    "Output": [
                        "(PARTIAL count(*))"
                    ],
                    "Workers Planned": 5,
                    "Workers Launched": 5,
                    "Single Copy": false,
                    "Plans": [
                        {
                            "Node Type": "Aggregate",
                            "Strategy": "Plain",
                            "Partial Mode": "Partial",
                            "Parent Relationship": "Outer",
                            "Parallel Aware": false,
                            "Startup Cost": 183588.35,
                            "Total Cost": 183588.36,
                            "Plan Rows": 1,
                            "Plan Width": 8,
                            "Actual Startup Time": 123.926,
                            "Actual Total Time": 123.928,
                            "Actual Rows": 1,
                            "Actual Loops": 6,
                            "Output": [
                                "PARTIAL count(*)"
                            ],
                            "Workers": [
                                {
                                    "Worker Number": 0,
                                    "Actual Startup Time": 121.652,
                                    "Actual Total Time": 121.654,
                                    "Actual Rows": 1,
                                    "Actual Loops": 1
                                },
                                {
                                    "Worker Number": 1,
                                    "Actual Startup Time": 121.788,
                                    "Actual Total Time": 121.789,
                                    "Actual Rows": 1,
                                    "Actual Loops": 1
                                },
                                {
                                    "Worker Number": 2,
                                    "Actual Startup Time": 121.855,
                                    "Actual Total Time": 121.856,
                                    "Actual Rows": 1,
                                    "Actual Loops": 1
                                },
                                {
                                    "Worker Number": 3,
                                    "Actual Startup Time": 122.325,
                                    "Actual Total Time": 122.326,
                                    "Actual Rows": 1,
                                    "Actual Loops": 1
                                },
                                {
                                    "Worker Number": 4,
                                    "Actual Startup Time": 122.781,
                                    "Actual Total Time": 122.782,
                                    "Actual Rows": 1,
                                    "Actual Loops": 1
                                }
                            ],
                            "Plans": [
                                {
                                    "Node Type": "Bitmap Heap Scan",
                                    "Parent Relationship": "Outer",
                                    "Parallel Aware": true,
                                    "Relation Name": "movie_info",
                                    "Schema": "public",
                                    "Alias": "mi",
                                    "Startup Cost": 18530.35,
                                    "Total Cost": 183077.52,
                                    "Plan Rows": 204333,
                                    "Plan Width": 0,
                                    "Actual Startup Time": 34.625,
                                    "Actual Total Time": 112.214,
                                    "Actual Rows": 171036,
                                    "Actual Loops": 6,
                                    "Recheck Cond": "(mi.info_type_id > 84)",
                                    "Rows Removed by Index Recheck": 0,
                                    "Exact Heap Blocks": 11625,
                                    "Lossy Heap Blocks": 0,
                                    "Workers": [
                                        {
                                            "Worker Number": 0,
                                            "Actual Startup Time": 32.781,
                                            "Actual Total Time": 110.996,
                                            "Actual Rows": 139504,
                                            "Actual Loops": 1
                                        },
                                        {
                                            "Worker Number": 1,
                                            "Actual Startup Time": 32.551,
                                            "Actual Total Time": 110.771,
                                            "Actual Rows": 115136,
                                            "Actual Loops": 1
                                        },
                                        {
                                            "Worker Number": 2,
                                            "Actual Startup Time": 32.651,
                                            "Actual Total Time": 110.862,
                                            "Actual Rows": 113933,
                                            "Actual Loops": 1
                                        },
                                        {
                                            "Worker Number": 3,
                                            "Actual Startup Time": 32.949,
                                            "Actual Total Time": 111.541,
                                            "Actual Rows": 138335,
                                            "Actual Loops": 1
                                        },
                                        {
                                            "Worker Number": 4,
                                            "Actual Startup Time": 33.341,
                                            "Actual Total Time": 112.062,
                                            "Actual Rows": 137670,
                                            "Actual Loops": 1
                                        }
                                    ],
                                    "Plans": [
                                        {
                                            "Node Type": "Bitmap Index Scan",
                                            "Parent Relationship": "Outer",
                                            "Parallel Aware": false,
                                            "Index Name": "info_type_id_movie_info",
                                            "Startup Cost": 0.0,
                                            "Total Cost": 18274.94,
                                            "Plan Rows": 1021667,
                                            "Plan Width": 0,
                                            "Actual Startup Time": 37.47,
                                            "Actual Total Time": 37.471,
                                            "Actual Rows": 1026216,
                                            "Actual Loops": 1,
                                            "Index Cond": "(mi.info_type_id > 84)"
                                        }
                                    ]
                                }
                            ]
                        }
                    ]
                }
            ]
        },
        "Planning Time": 182.694,
        "Triggers": [],
        "Execution Time": 141.351
    }
]