{
  "Plan": {
    "Node Type": "Aggregate",
    "Strategy": "Plain",
    "Partial Mode": "Finalize",
    "Parallel Aware": false,
    "Startup Cost": 627150.58,
    "Total Cost": 627150.59,
    "Plan Rows": 1,
    "Plan Width": 8,
    "Actual Startup Time": 4739.802,
    "Actual Total Time": 4797.344,
    "Actual Rows": 1,
    "Actual Loops": 1,
    "Plans": [
      {
        "Node Type": "Gather",
        "Parent Relationship": "Outer",
        "Parallel Aware": false,
        "Startup Cost": 627150.47,
        "Total Cost": 627150.58,
        "Plan Rows": 1,
        "Plan Width": 8,
        "Actual Startup Time": 4735.866,
        "Actual Total Time": 4797.337,
        "Actual Rows": 2,
        "Actual Loops": 1,
        "Workers Planned": 1,
        "Workers Launched": 1,
        "Single Copy": false,
        "Plans": [
          {
            "Node Type": "Aggregate",
            "Strategy": "Plain",
            "Partial Mode": "Partial",
            "Parent Relationship": "Outer",
            "Parallel Aware": false,
            "Startup Cost": 626150.47,
            "Total Cost": 626150.48,
            "Plan Rows": 1,
            "Plan Width": 8,
            "Actual Startup Time": 4725.013,
            "Actual Total Time": 4725.016,
            "Actual Rows": 1,
            "Actual Loops": 2,
            "Plans": [
              {
                "Node Type": "Hash Join",
                "Parent Relationship": "Outer",
                "Parallel Aware": true,
                "Join Type": "Inner",
                "Startup Cost": 72663.69,
                "Total Cost": 609603.06,
                "Plan Rows": 6618961,
                "Plan Width": 0,
                "Actual Startup Time": 1302.744,
                "Actual Total Time": 4478.616,
                "Actual Rows": 5672458,
                "Actual Loops": 2,
                "Inner Unique": true,
                "Hash Cond": "(ci.movie_id = t.id)",
                "Plans": [
                  {
                    "Node Type": "Seq Scan",
                    "Parent Relationship": "Outer",
                    "Parallel Aware": true,
                    "Relation Name": "cast_info",
                    "Alias": "ci",
                    "Startup Cost": 0.0,
                    "Total Cost": 519069.44,
                    "Plan Rows": 6807581,
                    "Plan Width": 4,
                    "Actual Startup Time": 677.074,
                    "Actual Total Time": 1422.584,
                    "Actual Rows": 5757746,
                    "Actual Loops": 2,
                    "Filter": "(person_id > 2546260)",
                    "Rows Removed by Filter": 12364426
                  },
                  {
                    "Node Type": "Hash",
                    "Parent Relationship": "Inner",
                    "Parallel Aware": true,
                    "Startup Cost": 54588.39,
                    "Total Cost": 54588.39,
                    "Plan Rows": 1446024,
                    "Plan Width": 4,
                    "Actual Startup Time": 606.425,
                    "Actual Total Time": 606.426,
                    "Actual Rows": 1228109,
                    "Actual Loops": 2,
                    "Hash Buckets": 4194304,
                    "Original Hash Buckets": 4194304,
                    "Hash Batches": 1,
                    "Original Hash Batches": 1,
                    "Peak Memory Usage": 128896,
                    "Plans": [
                      {
                        "Node Type": "Seq Scan",
                        "Parent Relationship": "Outer",
                        "Parallel Aware": true,
                        "Relation Name": "title",
                        "Alias": "t",
                        "Startup Cost": 0.0,
                        "Total Cost": 54588.39,
                        "Plan Rows": 1446024,
                        "Plan Width": 4,
                        "Actual Startup Time": 0.026,
                        "Actual Total Time": 211.199,
                        "Actual Rows": 1228109,
                        "Actual Loops": 2,
                        "Filter": "(production_year > 0)",
                        "Rows Removed by Filter": 36047
                      }
                    ]
                  }
                ]
              }
            ]
          }
        ]
      }
    ]
  },
  "Planning Time": 0.535,
  "Triggers": [],
  "Execution Time": 4797.41
}