[
  {
    "Plan": {
      "Node Type": "Aggregate",
      "Strategy": "Plain",
      "Partial Mode": "Simple",
      "Parallel Aware": false,
      "Startup Cost": 38246.55,
      "Total Cost": 38246.56,
      "Plan Rows": 1,
      "Plan Width": 8,
      "Actual Startup Time": 7.315,
      "Actual Total Time": 7.317,
      "Actual Rows": 1,
      "Actual Loops": 1,
      "Plans": [
        {
          "Node Type": "Bitmap Heap Scan",
          "Parent Relationship": "Outer",
          "Parallel Aware": false,
          "Relation Name": "movie_info",
          "Alias": "mi",
          "Startup Cost": 223.91,
          "Total Cost": 38215.75,
          "Plan Rows": 12320,
          "Plan Width": 0,
          "Actual Startup Time": 1.223,
          "Actual Total Time": 6.624,
          "Actual Rows": 9621,
          "Actual Loops": 1,
          "Recheck Cond": "(info_type_id = 96)",
          "Rows Removed by Index Recheck": 0,
          "Exact Heap Blocks": 2071,
          "Lossy Heap Blocks": 0,
          "Plans": [
            {
              "Node Type": "Bitmap Index Scan",
              "Parent Relationship": "Outer",
              "Parallel Aware": false,
              "Index Name": "info_type_id_movie_info",
              "Startup Cost": 0.0,
              "Total Cost": 220.83,
              "Plan Rows": 12320,
              "Plan Width": 0,
              "Actual Startup Time": 0.851,
              "Actual Total Time": 0.851,
              "Actual Rows": 9621,
              "Actual Loops": 1,
              "Index Cond": "(info_type_id = 96)"
            }
          ]
        }
      ]
    },
    "Planning Time": 0.162,
    "Triggers": [],
    "Execution Time": 7.376
  }
]