[
  {
    "Plan": {
      "Node Type": "Aggregate",
      "Strategy": "Plain",
      "Partial Mode": "Finalize",
      "Parallel Aware": false,
      "Startup Cost": 405520.73,
      "Total Cost": 405520.74,
      "Plan Rows": 1,
      "Plan Width": 8,
      "Actual Startup Time": 1736.871,
      "Actual Total Time": 1796.723,
      "Actual Rows": 1,
      "Actual Loops": 1,
      "Plans": [
        {
          "Node Type": "Gather",
          "Parent Relationship": "Outer",
          "Parallel Aware": false,
          "Startup Cost": 405520.11,
          "Total Cost": 405520.72,
          "Plan Rows": 6,
          "Plan Width": 8,
          "Actual Startup Time": 1718.981,
          "Actual Total Time": 1796.701,
          "Actual Rows": 7,
          "Actual Loops": 1,
          "Workers Planned": 6,
          "Workers Launched": 6,
          "Single Copy": false,
          "Plans": [
            {
              "Node Type": "Aggregate",
              "Strategy": "Plain",
              "Partial Mode": "Partial",
              "Parent Relationship": "Outer",
              "Parallel Aware": false,
              "Startup Cost": 404520.11,
              "Total Cost": 404520.12,
              "Plan Rows": 1,
              "Plan Width": 8,
              "Actual Startup Time": 1704.968,
              "Actual Total Time": 1704.973,
              "Actual Rows": 1,
              "Actual Loops": 7,
              "Plans": [
                {
                  "Node Type": "Hash Join",
                  "Parent Relationship": "Outer",
                  "Parallel Aware": true,
                  "Join Type": "Inner",
                  "Startup Cost": 51137.12,
                  "Total Cost": 399829.75,
                  "Plan Rows": 1876141,
                  "Plan Width": 0,
                  "Actual Startup Time": 546.265,
                  "Actual Total Time": 1636.51,
                  "Actual Rows": 1378114,
                  "Actual Loops": 7,
                  "Inner Unique": true,
                  "Hash Cond": "(ci.movie_id = t.id)",
                  "Plans": [
                    {
                      "Node Type": "Seq Scan",
                      "Parent Relationship": "Outer",
                      "Parallel Aware": true,
                      "Relation Name": "cast_info",
                      "Alias": "ci",
                      "Startup Cost": 0.0,
                      "Total Cost": 343316.27,
                      "Plan Rows": 2048134,
                      "Plan Width": 4,
                      "Actual Startup Time": 283.373,
                      "Actual Total Time": 698.714,
                      "Actual Rows": 1442691,
                      "Actual Loops": 7,
                      "Filter": "((person_id > 2289679) AND (role_id < 10))",
                      "Rows Removed by Filter": 3735072
                    },
                    {
                      "Node Type": "Hash",
                      "Parent Relationship": "Inner",
                      "Parallel Aware": true,
                      "Startup Cost": 43899.32,
                      "Total Cost": 43899.32,
                      "Plan Rows": 579024,
                      "Plan Width": 4,
                      "Actual Startup Time": 257.892,
                      "Actual Total Time": 257.893,
                      "Actual Rows": 329505,
                      "Actual Loops": 7,
                      "Hash Buckets": 4194304,
                      "Original Hash Buckets": 4194304,
                      "Hash Batches": 1,
                      "Original Hash Batches": 1,
                      "Peak Memory Usage": 123104,
                      "Plans": [
                        {
                          "Node Type": "Seq Scan",
                          "Parent Relationship": "Outer",
                          "Parallel Aware": true,
                          "Relation Name": "title",
                          "Alias": "t",
                          "Startup Cost": 0.0,
                          "Total Cost": 43899.32,
                          "Plan Rows": 579024,
                          "Plan Width": 4,
                          "Actual Startup Time": 0.047,
                          "Actual Total Time": 89.607,
                          "Actual Rows": 329505,
                          "Actual Loops": 7,
                          "Filter": "(production_year > 1943)",
                          "Rows Removed by Filter": 31682
                        }
                      ]
                    }
                  ]
                }
              ]
            }
          ]
        }
      ]
    },
    "Planning Time": 0.196,
    "Triggers": [],
    "Execution Time": 1796.767
  }
]