[
  {
    "Plan": {
      "Node Type": "Aggregate",
      "Strategy": "Plain",
      "Partial Mode": "Finalize",
      "Parallel Aware": false,
      "Startup Cost": 315689.95,
      "Total Cost": 315689.96,
      "Plan Rows": 1,
      "Plan Width": 8,
      "Actual Startup Time": 45.723,
      "Actual Total Time": 50.103,
      "Actual Rows": 1,
      "Actual Loops": 1,
      "Plans": [
        {
          "Node Type": "Gather",
          "Parent Relationship": "Outer",
          "Parallel Aware": false,
          "Startup Cost": 315689.53,
          "Total Cost": 315689.94,
          "Plan Rows": 4,
          "Plan Width": 8,
          "Actual Startup Time": 45.469,
          "Actual Total Time": 50.095,
          "Actual Rows": 5,
          "Actual Loops": 1,
          "Workers Planned": 4,
          "Workers Launched": 4,
          "Single Copy": false,
          "Plans": [
            {
              "Node Type": "Aggregate",
              "Strategy": "Plain",
              "Partial Mode": "Partial",
              "Parent Relationship": "Outer",
              "Parallel Aware": false,
              "Startup Cost": 314689.53,
              "Total Cost": 314689.54,
              "Plan Rows": 1,
              "Plan Width": 8,
              "Actual Startup Time": 35.693,
              "Actual Total Time": 35.695,
              "Actual Rows": 1,
              "Actual Loops": 5,
              "Plans": [
                {
                  "Node Type": "Nested Loop",
                  "Parent Relationship": "Outer",
                  "Parallel Aware": false,
                  "Join Type": "Inner",
                  "Startup Cost": 2172.25,
                  "Total Cost": 314559.1,
                  "Plan Rows": 52172,
                  "Plan Width": 0,
                  "Actual Startup Time": 25.157,
                  "Actual Total Time": 35.684,
                  "Actual Rows": 15,
                  "Actual Loops": 5,
                  "Inner Unique": false,
                  "Plans": [
                    {
                      "Node Type": "Bitmap Heap Scan",
                      "Parent Relationship": "Outer",
                      "Parallel Aware": true,
                      "Relation Name": "title",
                      "Alias": "t",
                      "Startup Cost": 2171.68,
                      "Total Cost": 38625.12,
                      "Plan Rows": 4387,
                      "Plan Width": 4,
                      "Actual Startup Time": 24.837,
                      "Actual Total Time": 35.261,
                      "Actual Rows": 2,
                      "Actual Loops": 5,
                      "Recheck Cond": "(kind_id = 4)",
                      "Rows Removed by Index Recheck": 0,
                      "Filter": "(production_year < 1971)",
                      "Rows Removed by Filter": 23644,
                      "Exact Heap Blocks": 7372,
                      "Lossy Heap Blocks": 0,
                      "Plans": [
                        {
                          "Node Type": "Bitmap Index Scan",
                          "Parent Relationship": "Outer",
                          "Parallel Aware": false,
                          "Index Name": "kind_id_title",
                          "Startup Cost": 0.0,
                          "Total Cost": 2167.3,
                          "Plan Rows": 121449,
                          "Plan Width": 0,
                          "Actual Startup Time": 9.893,
                          "Actual Total Time": 9.894,
                          "Actual Rows": 118234,
                          "Actual Loops": 1,
                          "Index Cond": "(kind_id = 4)"
                        }
                      ]
                    },
                    {
                      "Node Type": "Index Scan",
                      "Parent Relationship": "Inner",
                      "Parallel Aware": false,
                      "Scan Direction": "Forward",
                      "Index Name": "movie_id_cast_info",
                      "Relation Name": "cast_info",
                      "Alias": "ci",
                      "Startup Cost": 0.56,
                      "Total Cost": 62.61,
                      "Plan Rows": 29,
                      "Plan Width": 4,
                      "Actual Startup Time": 0.073,
                      "Actual Total Time": 0.171,
                      "Actual Rows": 6,
                      "Actual Loops": 12,
                      "Index Cond": "(movie_id = t.id)",
                      "Rows Removed by Index Recheck": 0,
                      "Filter": "(person_id > 612081)",
                      "Rows Removed by Filter": 2
                    }
                  ]
                }
              ]
            }
          ]
        }
      ]
    },
    "Planning Time": 0.271,
    "Triggers": [],
    "Execution Time": 50.149
  }
]