[
  {
    "Plan": {
      "Node Type": "Aggregate",
      "Strategy": "Plain",
      "Partial Mode": "Finalize",
      "Parallel Aware": false,
      "Startup Cost": 46827.46,
      "Total Cost": 46827.47,
      "Plan Rows": 1,
      "Plan Width": 8,
      "Actual Startup Time": 181.347,
      "Actual Total Time": 190.969,
      "Actual Rows": 1,
      "Actual Loops": 1,
      "Plans": [
        {
          "Node Type": "Gather",
          "Parent Relationship": "Outer",
          "Parallel Aware": false,
          "Startup Cost": 46827.14,
          "Total Cost": 46827.45,
          "Plan Rows": 3,
          "Plan Width": 8,
          "Actual Startup Time": 181.233,
          "Actual Total Time": 190.96,
          "Actual Rows": 4,
          "Actual Loops": 1,
          "Workers Planned": 3,
          "Workers Launched": 3,
          "Single Copy": false,
          "Plans": [
            {
              "Node Type": "Aggregate",
              "Strategy": "Plain",
              "Partial Mode": "Partial",
              "Parent Relationship": "Outer",
              "Parallel Aware": false,
              "Startup Cost": 45827.14,
              "Total Cost": 45827.15,
              "Plan Rows": 1,
              "Plan Width": 8,
              "Actual Startup Time": 175.277,
              "Actual Total Time": 175.278,
              "Actual Rows": 1,
              "Actual Loops": 4,
              "Plans": [
                {
                  "Node Type": "Seq Scan",
                  "Parent Relationship": "Outer",
                  "Parallel Aware": true,
                  "Relation Name": "movie_keyword",
                  "Alias": "mk",
                  "Startup Cost": 0.0,
                  "Total Cost": 42695.65,
                  "Plan Rows": 1252594,
                  "Plan Width": 0,
                  "Actual Startup Time": 0.053,
                  "Actual Total Time": 130.242,
                  "Actual Rows": 975301,
                  "Actual Loops": 4,
                  "Filter": "(keyword_id < 29335)",
                  "Rows Removed by Filter": 155681
                }
              ]
            }
          ]
        }
      ]
    },
    "Planning Time": 0.115,
    "Triggers": [],
    "Execution Time": 191.011
  }
]