{
  "Plan": {
    "Node Type": "Aggregate",
    "Strategy": "Plain",
    "Partial Mode": "Finalize",
    "Parallel Aware": false,
    "Startup Cost": 145519.77,
    "Total Cost": 145519.78,
    "Plan Rows": 1,
    "Plan Width": 8,
    "Actual Startup Time": 352.96,
    "Actual Total Time": 374.685,
    "Actual Rows": 1,
    "Actual Loops": 1,
    "Plans": [
      {
        "Node Type": "Gather",
        "Parent Relationship": "Outer",
        "Parallel Aware": false,
        "Startup Cost": 145519.66,
        "Total Cost": 145519.77,
        "Plan Rows": 1,
        "Plan Width": 8,
        "Actual Startup Time": 352.43,
        "Actual Total Time": 374.677,
        "Actual Rows": 2,
        "Actual Loops": 1,
        "Workers Planned": 1,
        "Workers Launched": 1,
        "Single Copy": false,
        "Plans": [
          {
            "Node Type": "Aggregate",
            "Strategy": "Plain",
            "Partial Mode": "Partial",
            "Parent Relationship": "Outer",
            "Parallel Aware": false,
            "Startup Cost": 144519.66,
            "Total Cost": 144519.67,
            "Plan Rows": 1,
            "Plan Width": 8,
            "Actual Startup Time": 346.508,
            "Actual Total Time": 346.512,
            "Actual Rows": 1,
            "Actual Loops": 2,
            "Plans": [
              {
                "Node Type": "Nested Loop",
                "Parent Relationship": "Outer",
                "Parallel Aware": false,
                "Join Type": "Inner",
                "Startup Cost": 59026.37,
                "Total Cost": 144322.31,
                "Plan Rows": 78938,
                "Plan Width": 0,
                "Actual Startup Time": 199.008,
                "Actual Total Time": 344.805,
                "Actual Rows": 35216,
                "Actual Loops": 2,
                "Inner Unique": false,
                "Join Filter": "(t.id = mi.movie_id)",
                "Rows Removed by Join Filter": 0,
                "Plans": [
                  {
                    "Node Type": "Hash Join",
                    "Parent Relationship": "Outer",
                    "Parallel Aware": true,
                    "Join Type": "Inner",
                    "Startup Cost": 59025.93,
                    "Total Cost": 101753.33,
                    "Plan Rows": 13500,
                    "Plan Width": 8,
                    "Actual Startup Time": 198.943,
                    "Actual Total Time": 308.635,
                    "Actual Rows": 7157,
                    "Actual Loops": 2,
                    "Inner Unique": true,
                    "Hash Cond": "(mc.movie_id = t.id)",
                    "Plans": [
                      {
                        "Node Type": "Seq Scan",
                        "Parent Relationship": "Outer",
                        "Parallel Aware": true,
                        "Relation Name": "movie_companies",
                        "Alias": "mc",
                        "Startup Cost": 0.0,
                        "Total Cost": 41811.73,
                        "Plan Rows": 348829,
                        "Plan Width": 4,
                        "Actual Startup Time": 46.937,
                        "Actual Total Time": 106.949,
                        "Actual Rows": 437660,
                        "Actual Loops": 2,
                        "Filter": "((company_id > 12801) AND (company_type_id > 1))",
                        "Rows Removed by Filter": 866904
                      },
                      {
                        "Node Type": "Hash",
                        "Parent Relationship": "Inner",
                        "Parallel Aware": true,
                        "Startup Cost": 58306.47,
                        "Total Cost": 58306.47,
                        "Plan Rows": 57557,
                        "Plan Width": 4,
                        "Actual Startup Time": 150.058,
                        "Actual Total Time": 150.059,
                        "Actual Rows": 55201,
                        "Actual Loops": 2,
                        "Hash Buckets": 131072,
                        "Original Hash Buckets": 131072,
                        "Hash Batches": 1,
                        "Original Hash Batches": 1,
                        "Peak Memory Usage": 5376,
                        "Plans": [
                          {
                            "Node Type": "Seq Scan",
                            "Parent Relationship": "Outer",
                            "Parallel Aware": true,
                            "Relation Name": "title",
                            "Alias": "t",
                            "Startup Cost": 0.0,
                            "Total Cost": 58306.47,
                            "Plan Rows": 57557,
                            "Plan Width": 4,
                            "Actual Startup Time": 0.032,
                            "Actual Total Time": 135.214,
                            "Actual Rows": 55201,
                            "Actual Loops": 2,
                            "Filter": "((kind_id = 7) AND (production_year = 2012))",
                            "Rows Removed by Filter": 1208955
                          }
                        ]
                      }
                    ]
                  },
                  {
                    "Node Type": "Index Only Scan",
                    "Parent Relationship": "Inner",
                    "Parallel Aware": false,
                    "Scan Direction": "Forward",
                    "Index Name": "movie_id_movie_info",
                    "Relation Name": "movie_info",
                    "Alias": "mi",
                    "Startup Cost": 0.43,
                    "Total Cost": 2.63,
                    "Plan Rows": 42,
                    "Plan Width": 4,
                    "Actual Startup Time": 0.002,
                    "Actual Total Time": 0.004,
                    "Actual Rows": 5,
                    "Actual Loops": 14314,
                    "Index Cond": "(movie_id = mc.movie_id)",
                    "Rows Removed by Index Recheck": 0,
                    "Heap Fetches": 70432
                  }
                ]
              }
            ]
          }
        ]
      }
    ]
  },
  "Planning Time": 0.807,
  "Triggers": [],
  "Execution Time": 374.761
}