[
  {
    "Plan": {
      "Node Type": "Aggregate",
      "Strategy": "Plain",
      "Partial Mode": "Finalize",
      "Parallel Aware": false,
      "Startup Cost": 83857.18,
      "Total Cost": 83857.19,
      "Plan Rows": 1,
      "Plan Width": 8,
      "Actual Startup Time": 203.217,
      "Actual Total Time": 215.488,
      "Actual Rows": 1,
      "Actual Loops": 1,
      "Plans": [
        {
          "Node Type": "Gather",
          "Parent Relationship": "Outer",
          "Parallel Aware": false,
          "Startup Cost": 83856.86,
          "Total Cost": 83857.17,
          "Plan Rows": 3,
          "Plan Width": 8,
          "Actual Startup Time": 202.699,
          "Actual Total Time": 215.475,
          "Actual Rows": 4,
          "Actual Loops": 1,
          "Workers Planned": 3,
          "Workers Launched": 3,
          "Single Copy": false,
          "Plans": [
            {
              "Node Type": "Aggregate",
              "Strategy": "Plain",
              "Partial Mode": "Partial",
              "Parent Relationship": "Outer",
              "Parallel Aware": false,
              "Startup Cost": 82856.86,
              "Total Cost": 82856.87,
              "Plan Rows": 1,
              "Plan Width": 8,
              "Actual Startup Time": 193.285,
              "Actual Total Time": 193.288,
              "Actual Rows": 1,
              "Actual Loops": 4,
              "Plans": [
                {
                  "Node Type": "Hash Join",
                  "Parent Relationship": "Outer",
                  "Parallel Aware": true,
                  "Join Type": "Inner",
                  "Startup Cost": 38251.48,
                  "Total Cost": 82822.61,
                  "Plan Rows": 13698,
                  "Plan Width": 0,
                  "Actual Startup Time": 83.832,
                  "Actual Total Time": 192.803,
                  "Actual Rows": 9997,
                  "Actual Loops": 4,
                  "Inner Unique": true,
                  "Hash Cond": "(mk.movie_id = t.id)",
                  "Plans": [
                    {
                      "Node Type": "Seq Scan",
                      "Parent Relationship": "Outer",
                      "Parallel Aware": true,
                      "Relation Name": "movie_keyword",
                      "Alias": "mk",
                      "Startup Cost": 0.0,
                      "Total Cost": 42695.65,
                      "Plan Rows": 714471,
                      "Plan Width": 4,
                      "Actual Startup Time": 0.331,
                      "Actual Total Time": 98.659,
                      "Actual Rows": 550876,
                      "Actual Loops": 4,
                      "Filter": "(keyword_id > 5059)",
                      "Rows Removed by Filter": 580107
                    },
                    {
                      "Node Type": "Hash",
                      "Parent Relationship": "Inner",
                      "Parallel Aware": true,
                      "Startup Cost": 38099.99,
                      "Total Cost": 38099.99,
                      "Plan Rows": 12119,
                      "Plan Width": 4,
                      "Actual Startup Time": 55.971,
                      "Actual Total Time": 55.972,
                      "Actual Rows": 9461,
                      "Actual Loops": 4,
                      "Hash Buckets": 65536,
                      "Original Hash Buckets": 65536,
                      "Hash Batches": 1,
                      "Original Hash Batches": 1,
                      "Peak Memory Usage": 2048,
                      "Plans": [
                        {
                          "Node Type": "Bitmap Heap Scan",
                          "Parent Relationship": "Outer",
                          "Parallel Aware": true,
                          "Relation Name": "title",
                          "Alias": "t",
                          "Startup Cost": 1738.84,
                          "Total Cost": 38099.99,
                          "Plan Rows": 12119,
                          "Plan Width": 4,
                          "Actual Startup Time": 14.973,
                          "Actual Total Time": 51.776,
                          "Actual Rows": 9461,
                          "Actual Loops": 4,
                          "Recheck Cond": "(kind_id = 3)",
                          "Rows Removed by Index Recheck": 0,
                          "Filter": "(production_year > 2002)",
                          "Rows Removed by Filter": 15673,
                          "Exact Heap Blocks": 7937,
                          "Lossy Heap Blocks": 0,
                          "Plans": [
                            {
                              "Node Type": "Bitmap Index Scan",
                              "Parent Relationship": "Outer",
                              "Parallel Aware": false,
                              "Index Name": "kind_id_title",
                              "Startup Cost": 0.0,
                              "Total Cost": 1726.72,
                              "Plan Rows": 96839,
                              "Plan Width": 0,
                              "Actual Startup Time": 16.752,
                              "Actual Total Time": 16.752,
                              "Actual Rows": 100537,
                              "Actual Loops": 1,
                              "Index Cond": "(kind_id = 3)"
                            }
                          ]
                        }
                      ]
                    }
                  ]
                }
              ]
            }
          ]
        }
      ]
    },
    "Planning Time": 0.655,
    "Triggers": [],
    "Execution Time": 215.581
  }
]