[
  {
    "Plan": {
      "Node Type": "Aggregate",
      "Strategy": "Plain",
      "Partial Mode": "Finalize",
      "Parallel Aware": false,
      "Startup Cost": 768080.59,
      "Total Cost": 768080.6,
      "Plan Rows": 1,
      "Plan Width": 64,
      "Actual Startup Time": 5608.495,
      "Actual Total Time": 5795.025,
      "Actual Rows": 1,
      "Actual Loops": 1,
      "Plans": [
        {
          "Node Type": "Gather",
          "Parent Relationship": "Outer",
          "Parallel Aware": false,
          "Startup Cost": 768080.27,
          "Total Cost": 768080.58,
          "Plan Rows": 3,
          "Plan Width": 64,
          "Actual Startup Time": 5511.29,
          "Actual Total Time": 5794.999,
          "Actual Rows": 4,
          "Actual Loops": 1,
          "Workers Planned": 3,
          "Workers Launched": 3,
          "Single Copy": false,
          "Plans": [
            {
              "Node Type": "Aggregate",
              "Strategy": "Plain",
              "Partial Mode": "Partial",
              "Parent Relationship": "Outer",
              "Parallel Aware": false,
              "Startup Cost": 767080.27,
              "Total Cost": 767080.28,
              "Plan Rows": 1,
              "Plan Width": 64,
              "Actual Startup Time": 5501.616,
              "Actual Total Time": 5505.196,
              "Actual Rows": 1,
              "Actual Loops": 4,
              "Plans": [
                {
                  "Node Type": "Hash Join",
                  "Parent Relationship": "Outer",
                  "Parallel Aware": true,
                  "Join Type": "Inner",
                  "Startup Cost": 751660.01,
                  "Total Cost": 767055.38,
                  "Plan Rows": 4977,
                  "Plan Width": 32,
                  "Actual Startup Time": 5237.469,
                  "Actual Total Time": 5443.694,
                  "Actual Rows": 761759,
                  "Actual Loops": 4,
                  "Inner Unique": false,
                  "Hash Cond": "(an.person_id = n.id)",
                  "Plans": [
                    {
                      "Node Type": "Seq Scan",
                      "Parent Relationship": "Outer",
                      "Parallel Aware": true,
                      "Relation Name": "aka_name",
                      "Alias": "an",
                      "Startup Cost": 0.0,
                      "Total Cost": 14303.56,
                      "Plan Rows": 290756,
                      "Plan Width": 4,
                      "Actual Startup Time": 0.049,
                      "Actual Total Time": 35.179,
                      "Actual Rows": 225336,
                      "Actual Loops": 4
                    },
                    {
                      "Node Type": "Hash",
                      "Parent Relationship": "Inner",
                      "Parallel Aware": true,
                      "Startup Cost": 751633.47,
                      "Total Cost": 751633.47,
                      "Plan Rows": 2123,
                      "Plan Width": 40,
                      "Actual Startup Time": 5236.448,
                      "Actual Total Time": 5240.026,
                      "Actual Rows": 850128,
                      "Actual Loops": 4,
                      "Hash Buckets": 4194304,
                      "Original Hash Buckets": 8192,
                      "Hash Batches": 1,
                      "Original Hash Batches": 1,
                      "Peak Memory Usage": 322816,
                      "Plans": [
                        {
                          "Node Type": "Hash Join",
                          "Parent Relationship": "Outer",
                          "Parallel Aware": true,
                          "Join Type": "Inner",
                          "Startup Cost": 721252.59,
                          "Total Cost": 751633.47,
                          "Plan Rows": 2123,
                          "Plan Width": 40,
                          "Actual Startup Time": 3898.123,
                          "Actual Total Time": 4748.599,
                          "Actual Rows": 850128,
                          "Actual Loops": 4,
                          "Inner Unique": true,
                          "Hash Cond": "(mc.company_id = cn.id)",
                          "Plans": [
                            {
                              "Node Type": "Hash Join",
                              "Parent Relationship": "Outer",
                              "Parallel Aware": true,
                              "Join Type": "Inner",
                              "Startup Cost": 715902.96,
                              "Total Cost": 746268.48,
                              "Plan Rows": 5852,
                              "Plan Width": 44,
                              "Actual Startup Time": 3865.073,
                              "Actual Total Time": 4432.168,
                              "Actual Rows": 3312060,
                              "Actual Loops": 4,
                              "Inner Unique": false,
                              "Hash Cond": "(mc.movie_id = t.id)",
                              "Plans": [
                                {
                                  "Node Type": "Seq Scan",
                                  "Parent Relationship": "Outer",
                                  "Parallel Aware": true,
                                  "Relation Name": "movie_companies",
                                  "Alias": "mc",
                                  "Startup Cost": 0.0,
                                  "Total Cost": 27206.55,
                                  "Plan Rows": 841655,
                                  "Plan Width": 8,
                                  "Actual Startup Time": 0.019,
                                  "Actual Total Time": 71.797,
                                  "Actual Rows": 652282,
                                  "Actual Loops": 4
                                },
                                {
                                  "Node Type": "Hash",
                                  "Parent Relationship": "Inner",
                                  "Parallel Aware": true,
                                  "Startup Cost": 715892.57,
                                  "Total Cost": 715892.57,
                                  "Plan Rows": 831,
                                  "Plan Width": 52,
                                  "Actual Startup Time": 3864.928,
                                  "Actual Total Time": 3868.5,
                                  "Actual Rows": 170782,
                                  "Actual Loops": 4,
                                  "Hash Buckets": 1048576,
                                  "Original Hash Buckets": 4096,
                                  "Hash Batches": 1,
                                  "Original Hash Batches": 1,
                                  "Peak Memory Usage": 76864,
                                  "Plans": [
                                    {
                                      "Node Type": "Hash Join",
                                      "Parent Relationship": "Outer",
                                      "Parallel Aware": true,
                                      "Join Type": "Inner",
                                      "Startup Cost": 671039.46,
                                      "Total Cost": 715892.57,
                                      "Plan Rows": 831,
                                      "Plan Width": 52,
                                      "Actual Startup Time": 3425.491,
                                      "Actual Total Time": 3708.453,
                                      "Actual Rows": 170782,
                                      "Actual Loops": 4,
                                      "Inner Unique": true,
                                      "Hash Cond": "(ci.person_role_id = chn.id)",
                                      "Plans": [
                                        {
                                          "Node Type": "Hash Join",
                                          "Parent Relationship": "Outer",
                                          "Parallel Aware": true,
                                          "Join Type": "Inner",
                                          "Startup Cost": 616894.68,
                                          "Total Cost": 661745.61,
                                          "Plan Rows": 831,
                                          "Plan Width": 56,
                                          "Actual Startup Time": 2947.583,
                                          "Actual Total Time": 3175.458,
                                          "Actual Rows": 177184,
                                          "Actual Loops": 4,
                                          "Inner Unique": false,
                                          "Hash Cond": "(t.id = mi.movie_id)",
                                          "Plans": [
                                            {
                                              "Node Type": "Seq Scan",
                                              "Parent Relationship": "Outer",
                                              "Parallel Aware": true,
                                              "Relation Name": "title",
                                              "Alias": "t",
                                              "Startup Cost": 0.0,
                                              "Total Cost": 43898.62,
                                              "Plan Rows": 253508,
                                              "Plan Width": 21,
                                              "Actual Startup Time": 0.026,
                                              "Actual Total Time": 115.807,
                                              "Actual Rows": 253230,
                                              "Actual Loops": 4,
                                              "Filter": "(production_year > 2005)",
                                              "Rows Removed by Filter": 378848
                                            },
                                            {
                                              "Node Type": "Hash",
                                              "Parent Relationship": "Inner",
                                              "Parallel Aware": true,
                                              "Startup Cost": 616873.97,
                                              "Total Cost": 616873.97,
                                              "Plan Rows": 1657,
                                              "Plan Width": 35,
                                              "Actual Startup Time": 2944.318,
                                              "Actual Total Time": 2947.884,
                                              "Actual Rows": 428588,
                                              "Actual Loops": 4,
                                              "Hash Buckets": 2097152,
                                              "Original Hash Buckets": 16384,
                                              "Hash Batches": 1,
                                              "Original Hash Batches": 1,
                                              "Peak Memory Usage": 152288,
                                              "Plans": [
                                                {
                                                  "Node Type": "Hash Join",
                                                  "Parent Relationship": "Outer",
                                                  "Parallel Aware": true,
                                                  "Join Type": "Inner",
                                                  "Startup Cost": 417019.25,
                                                  "Total Cost": 616873.97,
                                                  "Plan Rows": 1657,
                                                  "Plan Width": 35,
                                                  "Actual Startup Time": 1892.743,
                                                  "Actual Total Time": 2704.126,
                                                  "Actual Rows": 428588,
                                                  "Actual Loops": 4,
                                                  "Inner Unique": false,
                                                  "Hash Cond": "(mi.movie_id = ci.movie_id)",
                                                  "Plans": [
                                                    {
                                                      "Node Type": "Hash Join",
                                                      "Parent Relationship": "Outer",
                                                      "Parallel Aware": false,
                                                      "Join Type": "Inner",
                                                      "Startup Cost": 2.43,
                                                      "Total Cost": 199755.89,
                                                      "Plan Rows": 26264,
                                                      "Plan Width": 4,
                                                      "Actual Startup Time": 208.77,
                                                      "Actual Total Time": 815.405,
                                                      "Actual Rows": 759180,
                                                      "Actual Loops": 4,
                                                      "Inner Unique": true,
                                                      "Hash Cond": "(mi.info_type_id = it.id)",
                                                      "Plans": [
                                                        {
                                                          "Node Type": "Seq Scan",
                                                          "Parent Relationship": "Outer",
                                                          "Parallel Aware": true,
                                                          "Relation Name": "movie_info",
                                                          "Alias": "mi",
                                                          "Startup Cost": 0.0,
                                                          "Total Cost": 191670.84,
                                                          "Plan Rows": 2967784,
                                                          "Plan Width": 8,
                                                          "Actual Startup Time": 0.051,
                                                          "Actual Total Time": 487.636,
                                                          "Actual Rows": 3708930,
                                                          "Actual Loops": 4
                                                        },
                                                        {
                                                          "Node Type": "Hash",
                                                          "Parent Relationship": "Inner",
                                                          "Parallel Aware": false,
                                                          "Startup Cost": 2.41,
                                                          "Total Cost": 2.41,
                                                          "Plan Rows": 1,
                                                          "Plan Width": 4,
                                                          "Actual Startup Time": 0.071,
                                                          "Actual Total Time": 0.072,
                                                          "Actual Rows": 1,
                                                          "Actual Loops": 4,
                                                          "Hash Buckets": 1024,
                                                          "Original Hash Buckets": 1024,
                                                          "Hash Batches": 1,
                                                          "Original Hash Batches": 1,
                                                          "Peak Memory Usage": 9,
                                                          "Plans": [
                                                            {
                                                              "Node Type": "Seq Scan",
                                                              "Parent Relationship": "Outer",
                                                              "Parallel Aware": false,
                                                              "Relation Name": "info_type",
                                                              "Alias": "it",
                                                              "Startup Cost": 0.0,
                                                              "Total Cost": 2.41,
                                                              "Plan Rows": 1,
                                                              "Plan Width": 4,
                                                              "Actual Startup Time": 0.052,
                                                              "Actual Total Time": 0.062,
                                                              "Actual Rows": 1,
                                                              "Actual Loops": 4,
                                                              "Filter": "((info)::text = 'release dates'::text)",
                                                              "Rows Removed by Filter": 112
                                                            }
                                                          ]
                                                        }
                                                      ]
                                                    },
                                                    {
                                                      "Node Type": "Hash",
                                                      "Parent Relationship": "Inner",
                                                      "Parallel Aware": true,
                                                      "Startup Cost": 416877.97,
                                                      "Total Cost": 416877.97,
                                                      "Plan Rows": 11109,
                                                      "Plan Width": 31,
                                                      "Actual Startup Time": 1683.529,
                                                      "Actual Total Time": 1687.088,
                                                      "Actual Rows": 97579,
                                                      "Actual Loops": 4,
                                                      "Hash Buckets": 524288,
                                                      "Original Hash Buckets": 131072,
                                                      "Hash Batches": 1,
                                                      "Original Hash Batches": 1,
                                                      "Peak Memory Usage": 32480,
                                                      "Plans": [
                                                        {
                                                          "Node Type": "Hash Join",
                                                          "Parent Relationship": "Outer",
                                                          "Parallel Aware": false,
                                                          "Join Type": "Inner",
                                                          "Startup Cost": 71615.01,
                                                          "Total Cost": 416877.97,
                                                          "Plan Rows": 11109,
                                                          "Plan Width": 31,
                                                          "Actual Startup Time": 692.193,
                                                          "Actual Total Time": 1635.348,
                                                          "Actual Rows": 97579,
                                                          "Actual Loops": 4,
                                                          "Inner Unique": true,
                                                          "Hash Cond": "(ci.role_id = rt.id)",
                                                          "Plans": [
                                                            {
                                                              "Node Type": "Hash Join",
                                                              "Parent Relationship": "Outer",
                                                              "Parallel Aware": true,
                                                              "Join Type": "Inner",
                                                              "Startup Cost": 71613.85,
                                                              "Total Cost": 416403.29,
                                                              "Plan Rows": 133306,
                                                              "Plan Width": 35,
                                                              "Actual Startup Time": 692.122,
                                                              "Actual Total Time": 1616.596,
                                                              "Actual Rows": 138448,
                                                              "Actual Loops": 4,
                                                              "Inner Unique": true,
                                                              "Hash Cond": "(ci.person_id = n.id)",
                                                              "Plans": [
                                                                {
                                                                  "Node Type": "Seq Scan",
                                                                  "Parent Relationship": "Outer",
                                                                  "Parallel Aware": true,
                                                                  "Relation Name": "cast_info",
                                                                  "Alias": "ci",
                                                                  "Startup Cost": 0.0,
                                                                  "Total Cost": 343259.37,
                                                                  "Plan Rows": 582884,
                                                                  "Plan Width": 16,
                                                                  "Actual Startup Time": 0.025,
                                                                  "Actual Total Time": 1183.434,
                                                                  "Actual Rows": 868615,
                                                                  "Actual Loops": 4,
                                                                  "Filter": "(note = ANY ('{(uncredited),(writer),(producer),(voice)}'::text[]))",
                                                                  "Rows Removed by Filter": 8192471
                                                                },
                                                                {
                                                                  "Node Type": "Hash",
                                                                  "Parent Relationship": "Inner",
                                                                  "Parallel Aware": true,
                                                                  "Startup Cost": 68635.58,
                                                                  "Total Cost": 68635.58,
                                                                  "Plan Rows": 238261,
                                                                  "Plan Width": 19,
                                                                  "Actual Startup Time": 273.601,
                                                                  "Actual Total Time": 273.602,
                                                                  "Actual Rows": 240389,
                                                                  "Actual Loops": 4,
                                                                  "Hash Buckets": 1048576,
                                                                  "Original Hash Buckets": 1048576,
                                                                  "Hash Batches": 1,
                                                                  "Original Hash Batches": 1,
                                                                  "Peak Memory Usage": 60544,
                                                                  "Plans": [
                                                                    {
                                                                      "Node Type": "Seq Scan",
                                                                      "Parent Relationship": "Outer",
                                                                      "Parallel Aware": true,
                                                                      "Relation Name": "name",
                                                                      "Alias": "n",
                                                                      "Startup Cost": 0.0,
                                                                      "Total Cost": 68635.58,
                                                                      "Plan Rows": 238261,
                                                                      "Plan Width": 19,
                                                                      "Actual Startup Time": 65.664,
                                                                      "Actual Total Time": 168.431,
                                                                      "Actual Rows": 240389,
                                                                      "Actual Loops": 4,
                                                                      "Filter": "((gender)::text = 'f'::text)",
                                                                      "Rows Removed by Filter": 801484
                                                                    }
                                                                  ]
                                                                }
                                                              ]
                                                            },
                                                            {
                                                              "Node Type": "Hash",
                                                              "Parent Relationship": "Inner",
                                                              "Parallel Aware": false,
                                                              "Startup Cost": 1.15,
                                                              "Total Cost": 1.15,
                                                              "Plan Rows": 1,
                                                              "Plan Width": 4,
                                                              "Actual Startup Time": 0.044,
                                                              "Actual Total Time": 0.045,
                                                              "Actual Rows": 1,
                                                              "Actual Loops": 4,
                                                              "Hash Buckets": 1024,
                                                              "Original Hash Buckets": 1024,
                                                              "Hash Batches": 1,
                                                              "Original Hash Batches": 1,
                                                              "Peak Memory Usage": 9,
                                                              "Plans": [
                                                                {
                                                                  "Node Type": "Seq Scan",
                                                                  "Parent Relationship": "Outer",
                                                                  "Parallel Aware": false,
                                                                  "Relation Name": "role_type",
                                                                  "Alias": "rt",
                                                                  "Startup Cost": 0.0,
                                                                  "Total Cost": 1.15,
                                                                  "Plan Rows": 1,
                                                                  "Plan Width": 4,
                                                                  "Actual Startup Time": 0.037,
                                                                  "Actual Total Time": 0.039,
                                                                  "Actual Rows": 1,
                                                                  "Actual Loops": 4,
                                                                  "Filter": "((role)::text = 'actress'::text)",
                                                                  "Rows Removed by Filter": 11
                                                                }
                                                              ]
                                                            }
                                                          ]
                                                        }
                                                      ]
                                                    }
                                                  ]
                                                }
                                              ]
                                            }
                                          ]
                                        },
                                        {
                                          "Node Type": "Hash",
                                          "Parent Relationship": "Inner",
                                          "Parallel Aware": true,
                                          "Startup Cost": 44325.46,
                                          "Total Cost": 44325.46,
                                          "Plan Rows": 785546,
                                          "Plan Width": 4,
                                          "Actual Startup Time": 470.668,
                                          "Actual Total Time": 470.669,
                                          "Actual Rows": 785085,
                                          "Actual Loops": 4,
                                          "Hash Buckets": 4194304,
                                          "Original Hash Buckets": 4194304,
                                          "Hash Batches": 1,
                                          "Original Hash Batches": 1,
                                          "Peak Memory Usage": 155680,
                                          "Plans": [
                                            {
                                              "Node Type": "Seq Scan",
                                              "Parent Relationship": "Outer",
                                              "Parallel Aware": true,
                                              "Relation Name": "char_name",
                                              "Alias": "chn",
                                              "Startup Cost": 0.0,
                                              "Total Cost": 44325.46,
                                              "Plan Rows": 785546,
                                              "Plan Width": 4,
                                              "Actual Startup Time": 0.043,
                                              "Actual Total Time": 149.713,
                                              "Actual Rows": 785085,
                                              "Actual Loops": 4
                                            }
                                          ]
                                        }
                                      ]
                                    }
                                  ]
                                }
                              ]
                            },
                            {
                              "Node Type": "Hash",
                              "Parent Relationship": "Inner",
                              "Parallel Aware": true,
                              "Startup Cost": 4722.92,
                              "Total Cost": 4722.92,
                              "Plan Rows": 50137,
                              "Plan Width": 4,
                              "Actual Startup Time": 32.652,
                              "Actual Total Time": 32.653,
                              "Actual Rows": 21211,
                              "Actual Loops": 4,
                              "Hash Buckets": 131072,
                              "Original Hash Buckets": 131072,
                              "Hash Batches": 1,
                              "Original Hash Batches": 1,
                              "Peak Memory Usage": 4416,
                              "Plans": [
                                {
                                  "Node Type": "Seq Scan",
                                  "Parent Relationship": "Outer",
                                  "Parallel Aware": true,
                                  "Relation Name": "company_name",
                                  "Alias": "cn",
                                  "Startup Cost": 0.0,
                                  "Total Cost": 4722.92,
                                  "Plan Rows": 50137,
                                  "Plan Width": 4,
                                  "Actual Startup Time": 0.052,
                                  "Actual Total Time": 23.359,
                                  "Actual Rows": 21211,
                                  "Actual Loops": 4,
                                  "Filter": "((country_code)::text = '[us]'::text)",
                                  "Rows Removed by Filter": 37538
                                }
                              ]
                            }
                          ]
                        }
                      ]
                    }
                  ]
                }
              ]
            }
          ]
        }
      ]
    },
    "Planning Time": 36.22,
    "Triggers": [],
    "Execution Time": 5795.483
  }
]