{
    "Plan": {
        "Node Type": "Aggregate",
        "Strategy": "Plain",
        "Partial Mode": "Finalize",
        "Parallel Aware": false,
        "Startup Cost": 120283.61,
        "Total Cost": 120283.62,
        "Plan Rows": 1,
        "Plan Width": 8,
        "Actual Startup Time": 769.191,
        "Actual Total Time": 795.857,
        "Actual Rows": 1,
        "Actual Loops": 1,
        "Output": [
            "count(*)"
        ],
        "Plans": [
            {
                "Node Type": "Gather",
                "Parent Relationship": "Outer",
                "Parallel Aware": false,
                "Startup Cost": 120283.29,
                "Total Cost": 120283.6,
                "Plan Rows": 3,
                "Plan Width": 8,
                "Actual Startup Time": 758.266,
                "Actual Total Time": 795.847,
                "Actual Rows": 4,
                "Actual Loops": 1,
                "Output": [
                    "(PARTIAL count(*))"
                ],
                "Workers Planned": 3,
                "Workers Launched": 3,
                "Single Copy": false,
                "Plans": [
                    {
                        "Node Type": "Aggregate",
                        "Strategy": "Plain",
                        "Partial Mode": "Partial",
                        "Parent Relationship": "Outer",
                        "Parallel Aware": false,
                        "Startup Cost": 119283.29,
                        "Total Cost": 119283.3,
                        "Plan Rows": 1,
                        "Plan Width": 8,
                        "Actual Startup Time": 749.255,
                        "Actual Total Time": 749.763,
                        "Actual Rows": 1,
                        "Actual Loops": 4,
                        "Output": [
                            "PARTIAL count(*)"
                        ],
                        "Workers": [
                            {
                                "Worker Number": 0,
                                "Actual Startup Time": 746.075,
                                "Actual Total Time": 746.081,
                                "Actual Rows": 1,
                                "Actual Loops": 1
                            },
                            {
                                "Worker Number": 1,
                                "Actual Startup Time": 747.128,
                                "Actual Total Time": 747.134,
                                "Actual Rows": 1,
                                "Actual Loops": 1
                            },
                            {
                                "Worker Number": 2,
                                "Actual Startup Time": 746.329,
                                "Actual Total Time": 746.335,
                                "Actual Rows": 1,
                                "Actual Loops": 1
                            }
                        ],
                        "Plans": [
                            {
                                "Node Type": "Hash Join",
                                "Parent Relationship": "Outer",
                                "Parallel Aware": true,
                                "Join Type": "Inner",
                                "Startup Cost": 69018.9,
                                "Total Cost": 118177.46,
                                "Plan Rows": 442332,
                                "Plan Width": 0,
                                "Actual Startup Time": 464.209,
                                "Actual Total Time": 730.374,
                                "Actual Rows": 402410,
                                "Actual Loops": 4,
                                "Inner Unique": false,
                                "Hash Cond": "(mk.movie_id = t.id)",
                                "Workers": [
                                    {
                                        "Worker Number": 0,
                                        "Actual Startup Time": 461.296,
                                        "Actual Total Time": 726.317,
                                        "Actual Rows": 314940,
                                        "Actual Loops": 1
                                    },
                                    {
                                        "Worker Number": 1,
                                        "Actual Startup Time": 461.286,
                                        "Actual Total Time": 727.847,
                                        "Actual Rows": 308523,
                                        "Actual Loops": 1
                                    },
                                    {
                                        "Worker Number": 2,
                                        "Actual Startup Time": 461.552,
                                        "Actual Total Time": 728.384,
                                        "Actual Rows": 458745,
                                        "Actual Loops": 1
                                    }
                                ],
                                "Plans": [
                                    {
                                        "Node Type": "Seq Scan",
                                        "Parent Relationship": "Outer",
                                        "Parallel Aware": true,
                                        "Relation Name": "movie_keyword",
                                        "Schema": "public",
                                        "Alias": "mk",
                                        "Startup Cost": 0.0,
                                        "Total Cost": 42695.65,
                                        "Plan Rows": 1231961,
                                        "Plan Width": 4,
                                        "Actual Startup Time": 0.051,
                                        "Actual Total Time": 144.138,
                                        "Actual Rows": 954187,
                                        "Actual Loops": 4,
                                        "Output": [
                                            "mk.id",
                                            "mk.movie_id",
                                            "mk.keyword_id"
                                        ],
                                        "Filter": "(mk.keyword_id > 591)",
                                        "Rows Removed by Filter": 176795,
                                        "Workers": [
                                            {
                                                "Worker Number": 0,
                                                "Actual Startup Time": 0.074,
                                                "Actual Total Time": 147.776,
                                                "Actual Rows": 725684,
                                                "Actual Loops": 1
                                            },
                                            {
                                                "Worker Number": 1,
                                                "Actual Startup Time": 0.054,
                                                "Actual Total Time": 148.64,
                                                "Actual Rows": 727522,
                                                "Actual Loops": 1
                                            },
                                            {
                                                "Worker Number": 2,
                                                "Actual Startup Time": 0.063,
                                                "Actual Total Time": 148.27,
                                                "Actual Rows": 1056779,
                                                "Actual Loops": 1
                                            }
                                        ]
                                    },
                                    {
                                        "Node Type": "Hash",
                                        "Parent Relationship": "Inner",
                                        "Parallel Aware": true,
                                        "Startup Cost": 64290.84,
                                        "Total Cost": 64290.84,
                                        "Plan Rows": 378245,
                                        "Plan Width": 8,
                                        "Actual Startup Time": 459.196,
                                        "Actual Total Time": 459.703,
                                        "Actual Rows": 131482,
                                        "Actual Loops": 4,
                                        "Output": [
                                            "t.id",
                                            "mi_idx.movie_id"
                                        ],
                                        "Hash Buckets": 1048576,
                                        "Original Hash Buckets": 1048576,
                                        "Hash Batches": 1,
                                        "Original Hash Batches": 1,
                                        "Peak Memory Usage": 28832,
                                        "Workers": [
                                            {
                                                "Worker Number": 0,
                                                "Actual Startup Time": 460.479,
                                                "Actual Total Time": 460.484,
                                                "Actual Rows": 109634,
                                                "Actual Loops": 1
                                            },
                                            {
                                                "Worker Number": 1,
                                                "Actual Startup Time": 460.477,
                                                "Actual Total Time": 460.482,
                                                "Actual Rows": 109363,
                                                "Actual Loops": 1
                                            },
                                            {
                                                "Worker Number": 2,
                                                "Actual Startup Time": 460.814,
                                                "Actual Total Time": 460.818,
                                                "Actual Rows": 144430,
                                                "Actual Loops": 1
                                            }
                                        ],
                                        "Plans": [
                                            {
                                                "Node Type": "Hash Join",
                                                "Parent Relationship": "Outer",
                                                "Parallel Aware": true,
                                                "Join Type": "Inner",
                                                "Startup Cost": 49096.28,
                                                "Total Cost": 64290.84,
                                                "Plan Rows": 378245,
                                                "Plan Width": 8,
                                                "Actual Startup Time": 297.787,
                                                "Actual Total Time": 418.213,
                                                "Actual Rows": 131482,
                                                "Actual Loops": 4,
                                                "Output": [
                                                    "t.id",
                                                    "mi_idx.movie_id"
                                                ],
                                                "Inner Unique": true,
                                                "Hash Cond": "(mi_idx.movie_id = t.id)",
                                                "Workers": [
                                                    {
                                                        "Worker Number": 0,
                                                        "Actual Startup Time": 297.855,
                                                        "Actual Total Time": 417.278,
                                                        "Actual Rows": 109634,
                                                        "Actual Loops": 1
                                                    },
                                                    {
                                                        "Worker Number": 1,
                                                        "Actual Startup Time": 297.81,
                                                        "Actual Total Time": 417.094,
                                                        "Actual Rows": 109363,
                                                        "Actual Loops": 1
                                                    },
                                                    {
                                                        "Worker Number": 2,
                                                        "Actual Startup Time": 297.655,
                                                        "Actual Total Time": 417.947,
                                                        "Actual Rows": 144430,
                                                        "Actual Loops": 1
                                                    }
                                                ],
                                                "Plans": [
                                                    {
                                                        "Node Type": "Seq Scan",
                                                        "Parent Relationship": "Outer",
                                                        "Parallel Aware": true,
                                                        "Relation Name": "movie_info_idx",
                                                        "Schema": "public",
                                                        "Alias": "mi_idx",
                                                        "Startup Cost": 0.0,
                                                        "Total Cost": 13685.15,
                                                        "Plan Rows": 575015,
                                                        "Plan Width": 4,
                                                        "Actual Startup Time": 0.012,
                                                        "Actual Total Time": 34.058,
                                                        "Actual Rows": 345009,
                                                        "Actual Loops": 4,
                                                        "Output": [
                                                            "mi_idx.id",
                                                            "mi_idx.movie_id",
                                                            "mi_idx.info_type_id",
                                                            "mi_idx.info",
                                                            "mi_idx.note"
                                                        ],
                                                        "Workers": [
                                                            {
                                                                "Worker Number": 0,
                                                                "Actual Startup Time": 0.015,
                                                                "Actual Total Time": 36.158,
                                                                "Actual Rows": 288470,
                                                                "Actual Loops": 1
                                                            },
                                                            {
                                                                "Worker Number": 1,
                                                                "Actual Startup Time": 0.015,
                                                                "Actual Total Time": 35.986,
                                                                "Actual Rows": 287860,
                                                                "Actual Loops": 1
                                                            },
                                                            {
                                                                "Worker Number": 2,
                                                                "Actual Startup Time": 0.011,
                                                                "Actual Total Time": 33.163,
                                                                "Actual Rows": 377926,
                                                                "Actual Loops": 1
                                                            }
                                                        ]
                                                    },
                                                    {
                                                        "Node Type": "Hash",
                                                        "Parent Relationship": "Inner",
                                                        "Parallel Aware": true,
                                                        "Startup Cost": 43899.01,
                                                        "Total Cost": 43899.01,
                                                        "Plan Rows": 415782,
                                                        "Plan Width": 4,
                                                        "Actual Startup Time": 292.872,
                                                        "Actual Total Time": 292.873,
                                                        "Actual Rows": 418524,
                                                        "Actual Loops": 4,
                                                        "Output": [
                                                            "t.id"
                                                        ],
                                                        "Hash Buckets": 2097152,
                                                        "Original Hash Buckets": 2097152,
                                                        "Hash Batches": 1,
                                                        "Original Hash Batches": 1,
                                                        "Peak Memory Usage": 81920,
                                                        "Workers": [
                                                            {
                                                                "Worker Number": 0,
                                                                "Actual Startup Time": 297.522,
                                                                "Actual Total Time": 297.523,
                                                                "Actual Rows": 337699,
                                                                "Actual Loops": 1
                                                            },
                                                            {
                                                                "Worker Number": 1,
                                                                "Actual Startup Time": 297.52,
                                                                "Actual Total Time": 297.521,
                                                                "Actual Rows": 338535,
                                                                "Actual Loops": 1
                                                            },
                                                            {
                                                                "Worker Number": 2,
                                                                "Actual Startup Time": 297.559,
                                                                "Actual Total Time": 297.561,
                                                                "Actual Rows": 397260,
                                                                "Actual Loops": 1
                                                            }
                                                        ],
                                                        "Plans": [
                                                            {
                                                                "Node Type": "Seq Scan",
                                                                "Parent Relationship": "Outer",
                                                                "Parallel Aware": true,
                                                                "Relation Name": "title",
                                                                "Schema": "public",
                                                                "Alias": "t",
                                                                "Startup Cost": 0.0,
                                                                "Total Cost": 43899.01,
                                                                "Plan Rows": 415782,
                                                                "Plan Width": 4,
                                                                "Actual Startup Time": 0.069,
                                                                "Actual Total Time": 119.561,
                                                                "Actual Rows": 418524,
                                                                "Actual Loops": 4,
                                                                "Output": [
                                                                    "t.id"
                                                                ],
                                                                "Filter": "(t.kind_id > 3)",
                                                                "Rows Removed by Filter": 213554,
                                                                "Workers": [
                                                                    {
                                                                        "Worker Number": 0,
                                                                        "Actual Startup Time": 0.088,
                                                                        "Actual Total Time": 126.97,
                                                                        "Actual Rows": 337699,
                                                                        "Actual Loops": 1
                                                                    },
                                                                    {
                                                                        "Worker Number": 1,
                                                                        "Actual Startup Time": 0.08,
                                                                        "Actual Total Time": 126.47,
                                                                        "Actual Rows": 338535,
                                                                        "Actual Loops": 1
                                                                    },
                                                                    {
                                                                        "Worker Number": 2,
                                                                        "Actual Startup Time": 0.095,
                                                                        "Actual Total Time": 116.751,
                                                                        "Actual Rows": 397260,
                                                                        "Actual Loops": 1
                                                                    }
                                                                ]
                                                            }
                                                        ]
                                                    }
                                                ]
                                            }
                                        ]
                                    }
                                ]
                            }
                        ]
                    }
                ]
            }
        ]
    },
    "Planning Time": 1.447,
    "Triggers": [],
    "Execution Time": 795.942
}