{
  "Plan": {
    "Node Type": "Aggregate",
    "Strategy": "Plain",
    "Partial Mode": "Simple",
    "Parallel Aware": false,
    "Startup Cost": 356499.78,
    "Total Cost": 356499.79,
    "Plan Rows": 1,
    "Plan Width": 96,
    "Actual Startup Time": 1034.013,
    "Actual Total Time": 1065.046,
    "Actual Rows": 1,
    "Actual Loops": 1,
    "Plans": [
      {
        "Node Type": "Gather",
        "Parent Relationship": "Outer",
        "Parallel Aware": false,
        "Startup Cost": 356499.57,
        "Total Cost": 356499.77,
        "Plan Rows": 1,
        "Plan Width": 46,
        "Actual Startup Time": 1031.838,
        "Actual Total Time": 1064.534,
        "Actual Rows": 4388,
        "Actual Loops": 1,
        "Workers Planned": 1,
        "Workers Launched": 1,
        "Single Copy": false,
        "Plans": [
          {
            "Node Type": "Merge Join",
            "Parent Relationship": "Outer",
            "Parallel Aware": false,
            "Join Type": "Inner",
            "Startup Cost": 355499.57,
            "Total Cost": 355499.67,
            "Plan Rows": 1,
            "Plan Width": 46,
            "Actual Startup Time": 1024.991,
            "Actual Total Time": 1025.522,
            "Actual Rows": 2194,
            "Actual Loops": 2,
            "Inner Unique": true,
            "Merge Cond": "(ml.link_type_id = lt.id)",
            "Plans": [
              {
                "Node Type": "Sort",
                "Parent Relationship": "Outer",
                "Parallel Aware": false,
                "Startup Cost": 355498.01,
                "Total Cost": 355498.02,
                "Plan Rows": 1,
                "Plan Width": 38,
                "Actual Startup Time": 1024.94,
                "Actual Total Time": 1025.123,
                "Actual Rows": 2194,
                "Actual Loops": 2,
                "Sort Key": [
                  "ml.link_type_id"
                ],
                "Sort Method": "quicksort",
                "Sort Space Used": 378,
                "Sort Space Type": "Memory",
                "Workers": [
                  {
                    "Worker Number": 0,
                    "Sort Method": "quicksort",
                    "Sort Space Used": 207,
                    "Sort Space Type": "Memory"
                  }
                ],
                "Plans": [
                  {
                    "Node Type": "Merge Join",
                    "Parent Relationship": "Outer",
                    "Parallel Aware": false,
                    "Join Type": "Inner",
                    "Startup Cost": 251983.22,
                    "Total Cost": 355498.0,
                    "Plan Rows": 1,
                    "Plan Width": 38,
                    "Actual Startup Time": 304.78,
                    "Actual Total Time": 1023.843,
                    "Actual Rows": 2194,
                    "Actual Loops": 2,
                    "Inner Unique": false,
                    "Merge Cond": "(t2.id = ml.linked_movie_id)",
                    "Plans": [
                      {
                        "Node Type": "Index Scan",
                        "Parent Relationship": "Outer",
                        "Parallel Aware": true,
                        "Scan Direction": "Forward",
                        "Index Name": "title_pkey",
                        "Relation Name": "title",
                        "Alias": "t2",
                        "Startup Cost": 0.43,
                        "Total Cost": 99947.55,
                        "Plan Rows": 1487358,
                        "Plan Width": 21,
                        "Actual Startup Time": 0.074,
                        "Actual Total Time": 626.915,
                        "Actual Rows": 1261608,
                        "Actual Loops": 2
                      },
                      {
                        "Node Type": "Sort",
                        "Parent Relationship": "Inner",
                        "Parallel Aware": false,
                        "Startup Cost": 251971.08,
                        "Total Cost": 251971.09,
                        "Plan Rows": 1,
                        "Plan Width": 25,
                        "Actual Startup Time": 301.935,
                        "Actual Total Time": 302.882,
                        "Actual Rows": 4388,
                        "Actual Loops": 2,
                        "Sort Key": [
                          "ml.linked_movie_id"
                        ],
                        "Sort Method": "quicksort",
                        "Sort Space Used": 506,
                        "Sort Space Type": "Memory",
                        "Workers": [
                          {
                            "Worker Number": 0,
                            "Sort Method": "quicksort",
                            "Sort Space Used": 506,
                            "Sort Space Type": "Memory"
                          }
                        ],
                        "Plans": [
                          {
                            "Node Type": "Merge Join",
                            "Parent Relationship": "Outer",
                            "Parallel Aware": false,
                            "Join Type": "Inner",
                            "Startup Cost": 240501.78,
                            "Total Cost": 251971.07,
                            "Plan Rows": 1,
                            "Plan Width": 25,
                            "Actual Startup Time": 176.899,
                            "Actual Total Time": 300.358,
                            "Actual Rows": 4388,
                            "Actual Loops": 2,
                            "Inner Unique": false,
                            "Merge Cond": "(t1.id = ml.movie_id)",
                            "Plans": [
                              {
                                "Node Type": "Merge Join",
                                "Parent Relationship": "Outer",
                                "Parallel Aware": false,
                                "Join Type": "Inner",
                                "Startup Cost": 240501.5,
                                "Total Cost": 357042.78,
                                "Plan Rows": 34,
                                "Plan Width": 25,
                                "Actual Startup Time": 173.082,
                                "Actual Total Time": 291.07,
                                "Actual Rows": 2234,
                                "Actual Loops": 2,
                                "Inner Unique": false,
                                "Merge Cond": "(t1.id = mk.movie_id)",
                                "Plans": [
                                  {
                                    "Node Type": "Index Scan",
                                    "Parent Relationship": "Outer",
                                    "Parallel Aware": false,
                                    "Scan Direction": "Forward",
                                    "Index Name": "title_pkey",
                                    "Relation Name": "title",
                                    "Alias": "t1",
                                    "Startup Cost": 0.43,
                                    "Total Cost": 110359.06,
                                    "Plan Rows": 2528509,
                                    "Plan Width": 21,
                                    "Actual Startup Time": 0.098,
                                    "Actual Total Time": 102.781,
                                    "Actual Rows": 186342,
                                    "Actual Loops": 2
                                  },
                                  {
                                    "Node Type": "Sort",
                                    "Parent Relationship": "Inner",
                                    "Parallel Aware": false,
                                    "Startup Cost": 240487.87,
                                    "Total Cost": 240487.95,
                                    "Plan Rows": 34,
                                    "Plan Width": 4,
                                    "Actual Startup Time": 172.006,
                                    "Actual Total Time": 172.265,
                                    "Actual Rows": 2234,
                                    "Actual Loops": 2,
                                    "Sort Key": [
                                      "mk.movie_id"
                                    ],
                                    "Sort Method": "quicksort",
                                    "Sort Space Used": 3498,
                                    "Sort Space Type": "Memory",
                                    "Workers": [
                                      {
                                        "Worker Number": 0,
                                        "Sort Method": "quicksort",
                                        "Sort Space Used": 3498,
                                        "Sort Space Type": "Memory"
                                      }
                                    ],
                                    "Plans": [
                                      {
                                        "Node Type": "Merge Join",
                                        "Parent Relationship": "Outer",
                                        "Parallel Aware": false,
                                        "Join Type": "Inner",
                                        "Startup Cost": 3468.34,
                                        "Total Cost": 240487.0,
                                        "Plan Rows": 34,
                                        "Plan Width": 4,
                                        "Actual Startup Time": 130.107,
                                        "Actual Total Time": 160.308,
                                        "Actual Rows": 41840,
                                        "Actual Loops": 2,
                                        "Inner Unique": true,
                                        "Merge Cond": "(mk.keyword_id = k.id)",
                                        "Plans": [
                                          {
                                            "Node Type": "Index Scan",
                                            "Parent Relationship": "Outer",
                                            "Parallel Aware": false,
                                            "Scan Direction": "Forward",
                                            "Index Name": "keyword_id_movie_keyword",
                                            "Relation Name": "movie_keyword",
                                            "Alias": "mk",
                                            "Startup Cost": 0.43,
                                            "Total Cost": 226550.7,
                                            "Plan Rows": 4523930,
                                            "Plan Width": 8,
                                            "Actual Startup Time": 0.095,
                                            "Actual Total Time": 115.636,
                                            "Actual Rows": 163762,
                                            "Actual Loops": 2
                                          },
                                          {
                                            "Node Type": "Sort",
                                            "Parent Relationship": "Inner",
                                            "Parallel Aware": false,
                                            "Startup Cost": 2626.14,
                                            "Total Cost": 2626.14,
                                            "Plan Rows": 1,
                                            "Plan Width": 4,
                                            "Actual Startup Time": 25.175,
                                            "Actual Total Time": 25.176,
                                            "Actual Rows": 1,
                                            "Actual Loops": 2,
                                            "Sort Key": [
                                              "k.id"
                                            ],
                                            "Sort Method": "quicksort",
                                            "Sort Space Used": 25,
                                            "Sort Space Type": "Memory",
                                            "Workers": [
                                              {
                                                "Worker Number": 0,
                                                "Sort Method": "quicksort",
                                                "Sort Space Used": 25,
                                                "Sort Space Type": "Memory"
                                              }
                                            ],
                                            "Plans": [
                                              {
                                                "Node Type": "Seq Scan",
                                                "Parent Relationship": "Outer",
                                                "Parallel Aware": false,
                                                "Relation Name": "keyword",
                                                "Alias": "k",
                                                "Startup Cost": 0.0,
                                                "Total Cost": 2626.12,
                                                "Plan Rows": 1,
                                                "Plan Width": 4,
                                                "Actual Startup Time": 1.698,
                                                "Actual Total Time": 25.149,
                                                "Actual Rows": 1,
                                                "Actual Loops": 2,
                                                "Filter": "(keyword = 'character-name-in-title'::text)",
                                                "Rows Removed by Filter": 134169
                                              }
                                            ]
                                          }
                                        ]
                                      }
                                    ]
                                  }
                                ]
                              },
                              {
                                "Node Type": "Index Scan",
                                "Parent Relationship": "Inner",
                                "Parallel Aware": false,
                                "Scan Direction": "Forward",
                                "Index Name": "movie_id_movie_link",
                                "Relation Name": "movie_link",
                                "Alias": "ml",
                                "Startup Cost": 0.29,
                                "Total Cost": 1111.51,
                                "Plan Rows": 29997,
                                "Plan Width": 12,
                                "Actual Startup Time": 0.035,
                                "Actual Total Time": 6.187,
                                "Actual Rows": 29997,
                                "Actual Loops": 2
                              }
                            ]
                          }
                        ]
                      }
                    ]
                  }
                ]
              },
              {
                "Node Type": "Sort",
                "Parent Relationship": "Inner",
                "Parallel Aware": false,
                "Startup Cost": 1.56,
                "Total Cost": 1.6,
                "Plan Rows": 18,
                "Plan Width": 16,
                "Actual Startup Time": 0.047,
                "Actual Total Time": 0.049,
                "Actual Rows": 16,
                "Actual Loops": 2,
                "Sort Key": [
                  "lt.id"
                ],
                "Sort Method": "quicksort",
                "Sort Space Used": 25,
                "Sort Space Type": "Memory",
                "Workers": [
                  {
                    "Worker Number": 0,
                    "Sort Method": "quicksort",
                    "Sort Space Used": 25,
                    "Sort Space Type": "Memory"
                  }
                ],
                "Plans": [
                  {
                    "Node Type": "Seq Scan",
                    "Parent Relationship": "Outer",
                    "Parallel Aware": false,
                    "Relation Name": "link_type",
                    "Alias": "lt",
                    "Startup Cost": 0.0,
                    "Total Cost": 1.18,
                    "Plan Rows": 18,
                    "Plan Width": 16,
                    "Actual Startup Time": 0.027,
                    "Actual Total Time": 0.03,
                    "Actual Rows": 18,
                    "Actual Loops": 2
                  }
                ]
              }
            ]
          }
        ]
      }
    ]
  },
  "Planning Time": 2.076,
  "Triggers": [],
  "Execution Time": 1065.203
}