{
  "Plan": {
    "Node Type": "Aggregate",
    "Strategy": "Plain",
    "Partial Mode": "Finalize",
    "Parallel Aware": false,
    "Startup Cost": 1005188.23,
    "Total Cost": 1005188.24,
    "Plan Rows": 1,
    "Plan Width": 8,
    "Actual Startup Time": 9374.567,
    "Actual Total Time": 9454.574,
    "Actual Rows": 1,
    "Actual Loops": 1,
    "Plans": [
      {
        "Node Type": "Gather",
        "Parent Relationship": "Outer",
        "Parallel Aware": false,
        "Startup Cost": 1005188.11,
        "Total Cost": 1005188.22,
        "Plan Rows": 1,
        "Plan Width": 8,
        "Actual Startup Time": 9370.603,
        "Actual Total Time": 9454.563,
        "Actual Rows": 2,
        "Actual Loops": 1,
        "Workers Planned": 1,
        "Workers Launched": 1,
        "Single Copy": false,
        "Plans": [
          {
            "Node Type": "Aggregate",
            "Strategy": "Plain",
            "Partial Mode": "Partial",
            "Parent Relationship": "Outer",
            "Parallel Aware": false,
            "Startup Cost": 1004188.11,
            "Total Cost": 1004188.12,
            "Plan Rows": 1,
            "Plan Width": 8,
            "Actual Startup Time": 9362.955,
            "Actual Total Time": 9363.14,
            "Actual Rows": 1,
            "Actual Loops": 2,
            "Plans": [
              {
                "Node Type": "Hash Join",
                "Parent Relationship": "Outer",
                "Parallel Aware": true,
                "Join Type": "Inner",
                "Startup Cost": 656901.09,
                "Total Cost": 991071.4,
                "Plan Rows": 5246685,
                "Plan Width": 0,
                "Actual Startup Time": 3427.266,
                "Actual Total Time": 8289.316,
                "Actual Rows": 23887040,
                "Actual Loops": 2,
                "Inner Unique": false,
                "Hash Cond": "(mi.movie_id = t.id)",
                "Plans": [
                  {
                    "Node Type": "Seq Scan",
                    "Parent Relationship": "Outer",
                    "Parallel Aware": true,
                    "Relation Name": "movie_info",
                    "Alias": "mi",
                    "Startup Cost": 0.0,
                    "Total Cost": 248955.74,
                    "Plan Rows": 8696274,
                    "Plan Width": 4,
                    "Actual Startup Time": 0.02,
                    "Actual Total Time": 664.527,
                    "Actual Rows": 7417860,
                    "Actual Loops": 2
                  },
                  {
                    "Node Type": "Hash",
                    "Parent Relationship": "Inner",
                    "Parallel Aware": true,
                    "Startup Cost": 645685.03,
                    "Total Cost": 645685.03,
                    "Plan Rows": 897285,
                    "Plan Width": 8,
                    "Actual Startup Time": 3369.574,
                    "Actual Total Time": 3369.757,
                    "Actual Rows": 780202,
                    "Actual Loops": 2,
                    "Hash Buckets": 2097152,
                    "Original Hash Buckets": 2097152,
                    "Hash Batches": 1,
                    "Original Hash Batches": 1,
                    "Peak Memory Usage": 77472,
                    "Plans": [
                      {
                        "Node Type": "Hash Join",
                        "Parent Relationship": "Outer",
                        "Parallel Aware": true,
                        "Join Type": "Inner",
                        "Startup Cost": 56335.9,
                        "Total Cost": 645685.03,
                        "Plan Rows": 897285,
                        "Plan Width": 8,
                        "Actual Startup Time": 141.347,
                        "Actual Total Time": 3092.023,
                        "Actual Rows": 780202,
                        "Actual Loops": 2,
                        "Inner Unique": true,
                        "Hash Cond": "(ci.movie_id = t.id)",
                        "Plans": [
                          {
                            "Node Type": "Seq Scan",
                            "Parent Relationship": "Outer",
                            "Parallel Aware": true,
                            "Relation Name": "cast_info",
                            "Alias": "ci",
                            "Startup Cost": 0.0,
                            "Total Cost": 572345.93,
                            "Plan Rows": 6477396,
                            "Plan Width": 4,
                            "Actual Startup Time": 0.019,
                            "Actual Total Time": 1763.742,
                            "Actual Rows": 6668271,
                            "Actual Loops": 2,
                            "Filter": "((person_id < 1653523) AND (role_id < 4))",
                            "Rows Removed by Filter": 11453901
                          },
                          {
                            "Node Type": "Hash",
                            "Parent Relationship": "Inner",
                            "Parallel Aware": true,
                            "Startup Cost": 53760.67,
                            "Total Cost": 53760.67,
                            "Plan Rows": 206019,
                            "Plan Width": 4,
                            "Actual Startup Time": 139.244,
                            "Actual Total Time": 139.245,
                            "Actual Rows": 132638,
                            "Actual Loops": 2,
                            "Hash Buckets": 524288,
                            "Original Hash Buckets": 524288,
                            "Hash Batches": 1,
                            "Original Hash Batches": 1,
                            "Peak Memory Usage": 14528,
                            "Plans": [
                              {
                                "Node Type": "Bitmap Heap Scan",
                                "Parent Relationship": "Outer",
                                "Parallel Aware": true,
                                "Relation Name": "title",
                                "Alias": "t",
                                "Startup Cost": 11910.41,
                                "Total Cost": 53760.67,
                                "Plan Rows": 206019,
                                "Plan Width": 4,
                                "Actual Startup Time": 23.382,
                                "Actual Total Time": 95.677,
                                "Actual Rows": 132638,
                                "Actual Loops": 2,
                                "Recheck Cond": "(kind_id = 1)",
                                "Rows Removed by Index Recheck": 0,
                                "Filter": "(production_year > 2001)",
                                "Rows Removed by Filter": 198775,
                                "Exact Heap Blocks": 8955,
                                "Lossy Heap Blocks": 0,
                                "Plans": [
                                  {
                                    "Node Type": "Bitmap Index Scan",
                                    "Parent Relationship": "Outer",
                                    "Parallel Aware": false,
                                    "Index Name": "kind_id_title",
                                    "Startup Cost": 0.0,
                                    "Total Cost": 11822.85,
                                    "Plan Rows": 663256,
                                    "Plan Width": 0,
                                    "Actual Startup Time": 21.496,
                                    "Actual Total Time": 21.496,
                                    "Actual Rows": 662825,
                                    "Actual Loops": 1,
                                    "Index Cond": "(kind_id = 1)"
                                  }
                                ]
                              }
                            ]
                          }
                        ]
                      }
                    ]
                  }
                ]
              }
            ]
          }
        ]
      }
    ]
  },
  "Planning Time": 0.997,
  "Triggers": [],
  "Execution Time": 9454.695
}