[
  {
    "Plan": {
      "Node Type": "Aggregate",
      "Strategy": "Plain",
      "Partial Mode": "Finalize",
      "Parallel Aware": false,
      "Startup Cost": 21271.4,
      "Total Cost": 21271.41,
      "Plan Rows": 1,
      "Plan Width": 8,
      "Actual Startup Time": 37.506,
      "Actual Total Time": 42.013,
      "Actual Rows": 1,
      "Actual Loops": 1,
      "Plans": [
        {
          "Node Type": "Gather",
          "Parent Relationship": "Outer",
          "Parallel Aware": false,
          "Startup Cost": 21271.29,
          "Total Cost": 21271.4,
          "Plan Rows": 1,
          "Plan Width": 8,
          "Actual Startup Time": 37.291,
          "Actual Total Time": 42.005,
          "Actual Rows": 2,
          "Actual Loops": 1,
          "Workers Planned": 1,
          "Workers Launched": 1,
          "Single Copy": false,
          "Plans": [
            {
              "Node Type": "Aggregate",
              "Strategy": "Plain",
              "Partial Mode": "Partial",
              "Parent Relationship": "Outer",
              "Parallel Aware": false,
              "Startup Cost": 20271.29,
              "Total Cost": 20271.3,
              "Plan Rows": 1,
              "Plan Width": 8,
              "Actual Startup Time": 31.444,
              "Actual Total Time": 31.445,
              "Actual Rows": 1,
              "Actual Loops": 2,
              "Plans": [
                {
                  "Node Type": "Nested Loop",
                  "Parent Relationship": "Outer",
                  "Parallel Aware": false,
                  "Join Type": "Inner",
                  "Startup Cost": 56.84,
                  "Total Cost": 20260.94,
                  "Plan Rows": 4138,
                  "Plan Width": 0,
                  "Actual Startup Time": 1.619,
                  "Actual Total Time": 30.569,
                  "Actual Rows": 6060,
                  "Actual Loops": 2,
                  "Inner Unique": false,
                  "Plans": [
                    {
                      "Node Type": "Nested Loop",
                      "Parent Relationship": "Outer",
                      "Parallel Aware": false,
                      "Join Type": "Inner",
                      "Startup Cost": 56.41,
                      "Total Cost": 18627.44,
                      "Plan Rows": 708,
                      "Plan Width": 8,
                      "Actual Startup Time": 1.486,
                      "Actual Total Time": 13.103,
                      "Actual Rows": 926,
                      "Actual Loops": 2,
                      "Inner Unique": true,
                      "Plans": [
                        {
                          "Node Type": "Bitmap Heap Scan",
                          "Parent Relationship": "Outer",
                          "Parallel Aware": true,
                          "Relation Name": "movie_companies",
                          "Alias": "mc",
                          "Startup Cost": 55.98,
                          "Total Cost": 7014.99,
                          "Plan Rows": 1484,
                          "Plan Width": 4,
                          "Actual Startup Time": 1.361,
                          "Actual Total Time": 3.786,
                          "Actual Rows": 1217,
                          "Actual Loops": 2,
                          "Recheck Cond": "(company_id = 13114)",
                          "Rows Removed by Index Recheck": 0,
                          "Exact Heap Blocks": 815,
                          "Lossy Heap Blocks": 0,
                          "Plans": [
                            {
                              "Node Type": "Bitmap Index Scan",
                              "Parent Relationship": "Outer",
                              "Parallel Aware": false,
                              "Index Name": "company_id_movie_companies",
                              "Startup Cost": 0.0,
                              "Total Cost": 55.34,
                              "Plan Rows": 2522,
                              "Plan Width": 0,
                              "Actual Startup Time": 2.102,
                              "Actual Total Time": 2.102,
                              "Actual Rows": 2434,
                              "Actual Loops": 1,
                              "Index Cond": "(company_id = 13114)"
                            }
                          ]
                        },
                        {
                          "Node Type": "Index Scan",
                          "Parent Relationship": "Inner",
                          "Parallel Aware": false,
                          "Scan Direction": "Forward",
                          "Index Name": "title_pkey",
                          "Relation Name": "title",
                          "Alias": "t",
                          "Startup Cost": 0.43,
                          "Total Cost": 7.83,
                          "Plan Rows": 1,
                          "Plan Width": 4,
                          "Actual Startup Time": 0.007,
                          "Actual Total Time": 0.007,
                          "Actual Rows": 1,
                          "Actual Loops": 2434,
                          "Index Cond": "(id = mc.movie_id)",
                          "Rows Removed by Index Recheck": 0,
                          "Filter": "(production_year > 2003)",
                          "Rows Removed by Filter": 0
                        }
                      ]
                    },
                    {
                      "Node Type": "Index Only Scan",
                      "Parent Relationship": "Inner",
                      "Parallel Aware": false,
                      "Scan Direction": "Forward",
                      "Index Name": "movie_id_movie_info",
                      "Relation Name": "movie_info",
                      "Alias": "mi",
                      "Startup Cost": 0.43,
                      "Total Cost": 1.89,
                      "Plan Rows": 42,
                      "Plan Width": 4,
                      "Actual Startup Time": 0.008,
                      "Actual Total Time": 0.017,
                      "Actual Rows": 7,
                      "Actual Loops": 1852,
                      "Index Cond": "(movie_id = t.id)",
                      "Rows Removed by Index Recheck": 0,
                      "Heap Fetches": 12120
                    }
                  ]
                }
              ]
            }
          ]
        }
      ]
    },
    "Planning Time": 1.517,
    "Triggers": [],
    "Execution Time": 42.113
  }
]