[
  {
    "Plan": {
      "Node Type": "Aggregate",
      "Strategy": "Plain",
      "Partial Mode": "Finalize",
      "Parallel Aware": false,
      "Startup Cost": 265942.58,
      "Total Cost": 265942.59,
      "Plan Rows": 1,
      "Plan Width": 8,
      "Actual Startup Time": 868.422,
      "Actual Total Time": 890.559,
      "Actual Rows": 1,
      "Actual Loops": 1,
      "Plans": [
        {
          "Node Type": "Gather",
          "Parent Relationship": "Outer",
          "Parallel Aware": false,
          "Startup Cost": 265942.26,
          "Total Cost": 265942.57,
          "Plan Rows": 3,
          "Plan Width": 8,
          "Actual Startup Time": 855.434,
          "Actual Total Time": 890.537,
          "Actual Rows": 4,
          "Actual Loops": 1,
          "Workers Planned": 3,
          "Workers Launched": 3,
          "Single Copy": false,
          "Plans": [
            {
              "Node Type": "Aggregate",
              "Strategy": "Plain",
              "Partial Mode": "Partial",
              "Parent Relationship": "Outer",
              "Parallel Aware": false,
              "Startup Cost": 264942.26,
              "Total Cost": 264942.27,
              "Plan Rows": 1,
              "Plan Width": 8,
              "Actual Startup Time": 845.782,
              "Actual Total Time": 845.789,
              "Actual Rows": 1,
              "Actual Loops": 4,
              "Plans": [
                {
                  "Node Type": "Hash Join",
                  "Parent Relationship": "Outer",
                  "Parallel Aware": true,
                  "Join Type": "Inner",
                  "Startup Cost": 220962.31,
                  "Total Cost": 264835.52,
                  "Plan Rows": 42696,
                  "Plan Width": 0,
                  "Actual Startup Time": 556.655,
                  "Actual Total Time": 790.188,
                  "Actual Rows": 969879,
                  "Actual Loops": 4,
                  "Inner Unique": false,
                  "Hash Cond": "(mk.movie_id = t.id)",
                  "Plans": [
                    {
                      "Node Type": "Seq Scan",
                      "Parent Relationship": "Outer",
                      "Parallel Aware": true,
                      "Relation Name": "movie_keyword",
                      "Alias": "mk",
                      "Startup Cost": 0.0,
                      "Total Cost": 42695.65,
                      "Plan Rows": 291246,
                      "Plan Width": 4,
                      "Actual Startup Time": 1.763,
                      "Actual Total Time": 108.881,
                      "Actual Rows": 223524,
                      "Actual Loops": 4,
                      "Filter": "(keyword_id > 20621)",
                      "Rows Removed by Filter": 907458
                    },
                    {
                      "Node Type": "Hash",
                      "Parent Relationship": "Inner",
                      "Parallel Aware": true,
                      "Startup Cost": 220035.66,
                      "Total Cost": 220035.66,
                      "Plan Rows": 74132,
                      "Plan Width": 8,
                      "Actual Startup Time": 551.551,
                      "Actual Total Time": 551.556,
                      "Actual Rows": 92054,
                      "Actual Loops": 4,
                      "Hash Buckets": 524288,
                      "Original Hash Buckets": 524288,
                      "Hash Batches": 1,
                      "Original Hash Batches": 1,
                      "Peak Memory Usage": 18592,
                      "Plans": [
                        {
                          "Node Type": "Hash Join",
                          "Parent Relationship": "Outer",
                          "Parallel Aware": true,
                          "Join Type": "Inner",
                          "Startup Cost": 56921.42,
                          "Total Cost": 220035.66,
                          "Plan Rows": 74132,
                          "Plan Width": 8,
                          "Actual Startup Time": 453.499,
                          "Actual Total Time": 519.511,
                          "Actual Rows": 92054,
                          "Actual Loops": 4,
                          "Inner Unique": true,
                          "Hash Cond": "(mi.movie_id = t.id)",
                          "Plans": [
                            {
                              "Node Type": "Bitmap Heap Scan",
                              "Parent Relationship": "Outer",
                              "Parallel Aware": true,
                              "Relation Name": "movie_info",
                              "Alias": "mi",
                              "Startup Cost": 6701.03,
                              "Total Cost": 169620.68,
                              "Plan Rows": 74132,
                              "Plan Width": 4,
                              "Actual Startup Time": 21.761,
                              "Actual Total Time": 46.114,
                              "Actual Rows": 92054,
                              "Actual Loops": 4,
                              "Recheck Cond": "(info_type_id = 17)",
                              "Rows Removed by Index Recheck": 0,
                              "Exact Heap Blocks": 2631,
                              "Lossy Heap Blocks": 0,
                              "Plans": [
                                {
                                  "Node Type": "Bitmap Index Scan",
                                  "Parent Relationship": "Outer",
                                  "Parallel Aware": false,
                                  "Index Name": "info_type_id_movie_info",
                                  "Startup Cost": 0.0,
                                  "Total Cost": 6608.37,
                                  "Plan Rows": 370658,
                                  "Plan Width": 0,
                                  "Actual Startup Time": 20.196,
                                  "Actual Total Time": 20.197,
                                  "Actual Rows": 368218,
                                  "Actual Loops": 1,
                                  "Index Cond": "(info_type_id = 17)"
                                }
                              ]
                            },
                            {
                              "Node Type": "Hash",
                              "Parent Relationship": "Inner",
                              "Parallel Aware": true,
                              "Startup Cost": 42319.06,
                              "Total Cost": 42319.06,
                              "Plan Rows": 632106,
                              "Plan Width": 4,
                              "Actual Startup Time": 421.572,
                              "Actual Total Time": 421.573,
                              "Actual Rows": 632078,
                              "Actual Loops": 4,
                              "Hash Buckets": 4194304,
                              "Original Hash Buckets": 4194304,
                              "Hash Batches": 1,
                              "Original Hash Batches": 1,
                              "Peak Memory Usage": 131744,
                              "Plans": [
                                {
                                  "Node Type": "Seq Scan",
                                  "Parent Relationship": "Outer",
                                  "Parallel Aware": true,
                                  "Relation Name": "title",
                                  "Alias": "t",
                                  "Startup Cost": 0.0,
                                  "Total Cost": 42319.06,
                                  "Plan Rows": 632106,
                                  "Plan Width": 4,
                                  "Actual Startup Time": 0.063,
                                  "Actual Total Time": 120.872,
                                  "Actual Rows": 632078,
                                  "Actual Loops": 4
                                }
                              ]
                            }
                          ]
                        }
                      ]
                    }
                  ]
                }
              ]
            }
          ]
        }
      ]
    },
    "Planning Time": 1.561,
    "Triggers": [],
    "Execution Time": 890.778
  }
]