[
  {
    "Plan": {
      "Node Type": "Aggregate",
      "Strategy": "Plain",
      "Partial Mode": "Finalize",
      "Parallel Aware": false,
      "Startup Cost": 339379.82,
      "Total Cost": 339379.83,
      "Plan Rows": 1,
      "Plan Width": 8,
      "Actual Startup Time": 797.866,
      "Actual Total Time": 844.29,
      "Actual Rows": 1,
      "Actual Loops": 1,
      "Plans": [
        {
          "Node Type": "Gather",
          "Parent Relationship": "Outer",
          "Parallel Aware": false,
          "Startup Cost": 339379.2,
          "Total Cost": 339379.81,
          "Plan Rows": 6,
          "Plan Width": 8,
          "Actual Startup Time": 797.671,
          "Actual Total Time": 844.278,
          "Actual Rows": 7,
          "Actual Loops": 1,
          "Workers Planned": 6,
          "Workers Launched": 6,
          "Single Copy": false,
          "Plans": [
            {
              "Node Type": "Aggregate",
              "Strategy": "Plain",
              "Partial Mode": "Partial",
              "Parent Relationship": "Outer",
              "Parallel Aware": false,
              "Startup Cost": 338379.2,
              "Total Cost": 338379.21,
              "Plan Rows": 1,
              "Plan Width": 8,
              "Actual Startup Time": 790.503,
              "Actual Total Time": 790.505,
              "Actual Rows": 1,
              "Actual Loops": 7,
              "Plans": [
                {
                  "Node Type": "Seq Scan",
                  "Parent Relationship": "Outer",
                  "Parallel Aware": true,
                  "Relation Name": "cast_info",
                  "Alias": "ci",
                  "Startup Cost": 0.0,
                  "Total Cost": 328211.39,
                  "Plan Rows": 4067123,
                  "Plan Width": 0,
                  "Actual Startup Time": 139.671,
                  "Actual Total Time": 623.714,
                  "Actual Rows": 3468667,
                  "Actual Loops": 7,
                  "Filter": "(person_id > 1177123)",
                  "Rows Removed by Filter": 1709096
                }
              ]
            }
          ]
        }
      ]
    },
    "Planning Time": 0.202,
    "Triggers": [],
    "Execution Time": 844.359
  }
]