[
  {
    "Plan": {
      "Node Type": "Aggregate",
      "Strategy": "Plain",
      "Partial Mode": "Finalize",
      "Parallel Aware": false,
      "Startup Cost": 341032.45,
      "Total Cost": 341032.46,
      "Plan Rows": 1,
      "Plan Width": 8,
      "Actual Startup Time": 464.997,
      "Actual Total Time": 485.348,
      "Actual Rows": 1,
      "Actual Loops": 1,
      "Plans": [
        {
          "Node Type": "Gather",
          "Parent Relationship": "Outer",
          "Parallel Aware": false,
          "Startup Cost": 341031.83,
          "Total Cost": 341032.44,
          "Plan Rows": 6,
          "Plan Width": 8,
          "Actual Startup Time": 464.912,
          "Actual Total Time": 485.341,
          "Actual Rows": 7,
          "Actual Loops": 1,
          "Workers Planned": 6,
          "Workers Launched": 6,
          "Single Copy": false,
          "Plans": [
            {
              "Node Type": "Aggregate",
              "Strategy": "Plain",
              "Partial Mode": "Partial",
              "Parent Relationship": "Outer",
              "Parallel Aware": false,
              "Startup Cost": 340031.83,
              "Total Cost": 340031.84,
              "Plan Rows": 1,
              "Plan Width": 8,
              "Actual Startup Time": 455.44,
              "Actual Total Time": 455.442,
              "Actual Rows": 1,
              "Actual Loops": 7,
              "Plans": [
                {
                  "Node Type": "Index Scan",
                  "Parent Relationship": "Outer",
                  "Parallel Aware": true,
                  "Scan Direction": "Forward",
                  "Index Name": "role_id_cast_info",
                  "Relation Name": "cast_info",
                  "Alias": "ci",
                  "Startup Cost": 0.56,
                  "Total Cost": 335235.55,
                  "Plan Rows": 1918511,
                  "Plan Width": 0,
                  "Actual Startup Time": 77.598,
                  "Actual Total Time": 390.383,
                  "Actual Rows": 1517034,
                  "Actual Loops": 7,
                  "Index Cond": "(role_id < 2)",
                  "Rows Removed by Index Recheck": 0,
                  "Filter": "(person_id > 275982)",
                  "Rows Removed by Filter": 293064
                }
              ]
            }
          ]
        }
      ]
    },
    "Planning Time": 0.222,
    "Triggers": [],
    "Execution Time": 485.414
  }
]