{
  "Plan": {
    "Node Type": "Aggregate",
    "Strategy": "Plain",
    "Partial Mode": "Finalize",
    "Parallel Aware": false,
    "Startup Cost": 158253.94,
    "Total Cost": 158253.95,
    "Plan Rows": 1,
    "Plan Width": 8,
    "Actual Startup Time": 757.384,
    "Actual Total Time": 775.745,
    "Actual Rows": 1,
    "Actual Loops": 1,
    "Plans": [
      {
        "Node Type": "Gather",
        "Parent Relationship": "Outer",
        "Parallel Aware": false,
        "Startup Cost": 158253.83,
        "Total Cost": 158253.94,
        "Plan Rows": 1,
        "Plan Width": 8,
        "Actual Startup Time": 757.097,
        "Actual Total Time": 775.738,
        "Actual Rows": 2,
        "Actual Loops": 1,
        "Workers Planned": 1,
        "Workers Launched": 1,
        "Single Copy": false,
        "Plans": [
          {
            "Node Type": "Aggregate",
            "Strategy": "Plain",
            "Partial Mode": "Partial",
            "Parent Relationship": "Outer",
            "Parallel Aware": false,
            "Startup Cost": 157253.83,
            "Total Cost": 157253.84,
            "Plan Rows": 1,
            "Plan Width": 8,
            "Actual Startup Time": 751.127,
            "Actual Total Time": 751.131,
            "Actual Rows": 1,
            "Actual Loops": 2,
            "Plans": [
              {
                "Node Type": "Nested Loop",
                "Parent Relationship": "Outer",
                "Parallel Aware": false,
                "Join Type": "Inner",
                "Startup Cost": 58771.75,
                "Total Cost": 157082.16,
                "Plan Rows": 68669,
                "Plan Width": 0,
                "Actual Startup Time": 153.023,
                "Actual Total Time": 727.455,
                "Actual Rows": 539050,
                "Actual Loops": 2,
                "Inner Unique": false,
                "Join Filter": "(t.id = mc.movie_id)",
                "Rows Removed by Join Filter": 0,
                "Plans": [
                  {
                    "Node Type": "Hash Join",
                    "Parent Relationship": "Outer",
                    "Parallel Aware": true,
                    "Join Type": "Inner",
                    "Startup Cost": 58771.32,
                    "Total Cost": 116822.16,
                    "Plan Rows": 66542,
                    "Plan Width": 8,
                    "Actual Startup Time": 152.949,
                    "Actual Total Time": 481.833,
                    "Actual Rows": 51514,
                    "Actual Loops": 2,
                    "Inner Unique": true,
                    "Hash Cond": "(mk.movie_id = t.id)",
                    "Plans": [
                      {
                        "Node Type": "Seq Scan",
                        "Parent Relationship": "Outer",
                        "Parallel Aware": true,
                        "Relation Name": "movie_keyword",
                        "Alias": "mk",
                        "Startup Cost": 0.0,
                        "Total Cost": 51065.35,
                        "Plan Rows": 2661135,
                        "Plan Width": 4,
                        "Actual Startup Time": 0.014,
                        "Actual Total Time": 160.994,
                        "Actual Rows": 2261965,
                        "Actual Loops": 2
                      },
                      {
                        "Node Type": "Hash",
                        "Parent Relationship": "Inner",
                        "Parallel Aware": true,
                        "Startup Cost": 58306.47,
                        "Total Cost": 58306.47,
                        "Plan Rows": 37188,
                        "Plan Width": 4,
                        "Actual Startup Time": 151.52,
                        "Actual Total Time": 151.522,
                        "Actual Rows": 26885,
                        "Actual Loops": 2,
                        "Hash Buckets": 65536,
                        "Original Hash Buckets": 65536,
                        "Hash Batches": 1,
                        "Original Hash Batches": 1,
                        "Peak Memory Usage": 2656,
                        "Plans": [
                          {
                            "Node Type": "Seq Scan",
                            "Parent Relationship": "Outer",
                            "Parallel Aware": true,
                            "Relation Name": "title",
                            "Alias": "t",
                            "Startup Cost": 0.0,
                            "Total Cost": 58306.47,
                            "Plan Rows": 37188,
                            "Plan Width": 4,
                            "Actual Startup Time": 0.211,
                            "Actual Total Time": 142.819,
                            "Actual Rows": 26885,
                            "Actual Loops": 2,
                            "Filter": "((kind_id < 7) AND (production_year = 2011))",
                            "Rows Removed by Filter": 1237271
                          }
                        ]
                      }
                    ]
                  },
                  {
                    "Node Type": "Index Only Scan",
                    "Parent Relationship": "Inner",
                    "Parallel Aware": false,
                    "Scan Direction": "Forward",
                    "Index Name": "movie_id_movie_companies",
                    "Relation Name": "movie_companies",
                    "Alias": "mc",
                    "Startup Cost": 0.43,
                    "Total Cost": 0.54,
                    "Plan Rows": 5,
                    "Plan Width": 4,
                    "Actual Startup Time": 0.002,
                    "Actual Total Time": 0.004,
                    "Actual Rows": 10,
                    "Actual Loops": 103028,
                    "Index Cond": "(movie_id = mk.movie_id)",
                    "Rows Removed by Index Recheck": 0,
                    "Heap Fetches": 1078100
                  }
                ]
              }
            ]
          }
        ]
      }
    ]
  },
  "Planning Time": 0.996,
  "Triggers": [],
  "Execution Time": 775.83
}