[
  {
    "Plan": {
      "Node Type": "Aggregate",
      "Strategy": "Plain",
      "Partial Mode": "Finalize",
      "Parallel Aware": false,
      "Startup Cost": 109742.74,
      "Total Cost": 109742.75,
      "Plan Rows": 1,
      "Plan Width": 8,
      "Actual Startup Time": 428.465,
      "Actual Total Time": 445.918,
      "Actual Rows": 1,
      "Actual Loops": 1,
      "Plans": [
        {
          "Node Type": "Gather",
          "Parent Relationship": "Outer",
          "Parallel Aware": false,
          "Startup Cost": 109742.42,
          "Total Cost": 109742.73,
          "Plan Rows": 3,
          "Plan Width": 8,
          "Actual Startup Time": 423.459,
          "Actual Total Time": 445.912,
          "Actual Rows": 4,
          "Actual Loops": 1,
          "Workers Planned": 3,
          "Workers Launched": 3,
          "Single Copy": false,
          "Plans": [
            {
              "Node Type": "Aggregate",
              "Strategy": "Plain",
              "Partial Mode": "Partial",
              "Parent Relationship": "Outer",
              "Parallel Aware": false,
              "Startup Cost": 108742.42,
              "Total Cost": 108742.43,
              "Plan Rows": 1,
              "Plan Width": 8,
              "Actual Startup Time": 416.562,
              "Actual Total Time": 416.57,
              "Actual Rows": 1,
              "Actual Loops": 4,
              "Plans": [
                {
                  "Node Type": "Hash Join",
                  "Parent Relationship": "Outer",
                  "Parallel Aware": true,
                  "Join Type": "Inner",
                  "Startup Cost": 63571.67,
                  "Total Cost": 108675.66,
                  "Plan Rows": 26707,
                  "Plan Width": 0,
                  "Actual Startup Time": 245.57,
                  "Actual Total Time": 405.632,
                  "Actual Rows": 266434,
                  "Actual Loops": 4,
                  "Inner Unique": false,
                  "Hash Cond": "(mk.movie_id = t.id)",
                  "Plans": [
                    {
                      "Node Type": "Seq Scan",
                      "Parent Relationship": "Outer",
                      "Parallel Aware": true,
                      "Relation Name": "movie_keyword",
                      "Alias": "mk",
                      "Startup Cost": 0.0,
                      "Total Cost": 42695.65,
                      "Plan Rows": 612547,
                      "Plan Width": 4,
                      "Actual Startup Time": 0.046,
                      "Actual Total Time": 94.283,
                      "Actual Rows": 475492,
                      "Actual Loops": 4,
                      "Filter": "(keyword_id < 3262)",
                      "Rows Removed by Filter": 655490
                    },
                    {
                      "Node Type": "Hash",
                      "Parent Relationship": "Inner",
                      "Parallel Aware": true,
                      "Startup Cost": 62997.51,
                      "Total Cost": 62997.51,
                      "Plan Rows": 45933,
                      "Plan Width": 8,
                      "Actual Startup Time": 244.648,
                      "Actual Total Time": 244.654,
                      "Actual Rows": 60026,
                      "Actual Loops": 4,
                      "Hash Buckets": 262144,
                      "Original Hash Buckets": 131072,
                      "Hash Batches": 1,
                      "Original Hash Batches": 1,
                      "Peak Memory Usage": 12512,
                      "Plans": [
                        {
                          "Node Type": "Hash Join",
                          "Parent Relationship": "Outer",
                          "Parallel Aware": true,
                          "Join Type": "Inner",
                          "Startup Cost": 47371.19,
                          "Total Cost": 62997.51,
                          "Plan Rows": 45933,
                          "Plan Width": 8,
                          "Actual Startup Time": 152.103,
                          "Actual Total Time": 224.422,
                          "Actual Rows": 60026,
                          "Actual Loops": 4,
                          "Inner Unique": true,
                          "Hash Cond": "(mi_idx.movie_id = t.id)",
                          "Plans": [
                            {
                              "Node Type": "Seq Scan",
                              "Parent Relationship": "Outer",
                              "Parallel Aware": true,
                              "Relation Name": "movie_info_idx",
                              "Alias": "mi_idx",
                              "Startup Cost": 0.0,
                              "Total Cost": 15122.68,
                              "Plan Rows": 191863,
                              "Plan Width": 4,
                              "Actual Startup Time": 0.012,
                              "Actual Total Time": 32.335,
                              "Actual Rows": 114981,
                              "Actual Loops": 4,
                              "Filter": "(info_type_id = 100)",
                              "Rows Removed by Filter": 230028
                            },
                            {
                              "Node Type": "Hash",
                              "Parent Relationship": "Inner",
                              "Parallel Aware": true,
                              "Startup Cost": 45479.59,
                              "Total Cost": 45479.59,
                              "Plan Rows": 151328,
                              "Plan Width": 4,
                              "Actual Startup Time": 149.859,
                              "Actual Total Time": 149.86,
                              "Actual Rows": 168922,
                              "Actual Loops": 4,
                              "Hash Buckets": 1048576,
                              "Original Hash Buckets": 1048576,
                              "Hash Batches": 1,
                              "Original Hash Batches": 1,
                              "Peak Memory Usage": 34720,
                              "Plans": [
                                {
                                  "Node Type": "Seq Scan",
                                  "Parent Relationship": "Outer",
                                  "Parallel Aware": true,
                                  "Relation Name": "title",
                                  "Alias": "t",
                                  "Startup Cost": 0.0,
                                  "Total Cost": 45479.59,
                                  "Plan Rows": 151328,
                                  "Plan Width": 4,
                                  "Actual Startup Time": 0.035,
                                  "Actual Total Time": 93.309,
                                  "Actual Rows": 168922,
                                  "Actual Loops": 4,
                                  "Filter": "((kind_id < 7) AND (production_year < 2007))",
                                  "Rows Removed by Filter": 463156
                                }
                              ]
                            }
                          ]
                        }
                      ]
                    }
                  ]
                }
              ]
            }
          ]
        }
      ]
    },
    "Planning Time": 0.735,
    "Triggers": [],
    "Execution Time": 445.967
  }
]