[
  {
    "Plan": {
      "Node Type": "Aggregate",
      "Strategy": "Plain",
      "Partial Mode": "Finalize",
      "Parallel Aware": false,
      "Startup Cost": 47202.07,
      "Total Cost": 47202.08,
      "Plan Rows": 1,
      "Plan Width": 8,
      "Actual Startup Time": 208.637,
      "Actual Total Time": 221.853,
      "Actual Rows": 1,
      "Actual Loops": 1,
      "Plans": [
        {
          "Node Type": "Gather",
          "Parent Relationship": "Outer",
          "Parallel Aware": false,
          "Startup Cost": 47201.75,
          "Total Cost": 47202.06,
          "Plan Rows": 3,
          "Plan Width": 8,
          "Actual Startup Time": 208.514,
          "Actual Total Time": 221.842,
          "Actual Rows": 4,
          "Actual Loops": 1,
          "Workers Planned": 3,
          "Workers Launched": 3,
          "Single Copy": false,
          "Plans": [
            {
              "Node Type": "Aggregate",
              "Strategy": "Plain",
              "Partial Mode": "Partial",
              "Parent Relationship": "Outer",
              "Parallel Aware": false,
              "Startup Cost": 46201.75,
              "Total Cost": 46201.76,
              "Plan Rows": 1,
              "Plan Width": 8,
              "Actual Startup Time": 199.923,
              "Actual Total Time": 199.925,
              "Actual Rows": 1,
              "Actual Loops": 4,
              "Plans": [
                {
                  "Node Type": "Seq Scan",
                  "Parent Relationship": "Outer",
                  "Parallel Aware": true,
                  "Relation Name": "movie_keyword",
                  "Alias": "mk",
                  "Startup Cost": 0.0,
                  "Total Cost": 42695.65,
                  "Plan Rows": 1402438,
                  "Plan Width": 0,
                  "Actual Startup Time": 0.061,
                  "Actual Total Time": 142.584,
                  "Actual Rows": 1086915,
                  "Actual Loops": 4,
                  "Filter": "(keyword_id < 71787)",
                  "Rows Removed by Filter": 44068
                }
              ]
            }
          ]
        }
      ]
    },
    "Planning Time": 0.198,
    "Triggers": [],
    "Execution Time": 221.91
  }
]