[
  {
    "Plan": {
      "Node Type": "Aggregate",
      "Strategy": "Plain",
      "Partial Mode": "Finalize",
      "Parallel Aware": false,
      "Startup Cost": 47196.79,
      "Total Cost": 47196.8,
      "Plan Rows": 1,
      "Plan Width": 8,
      "Actual Startup Time": 255.864,
      "Actual Total Time": 269.296,
      "Actual Rows": 1,
      "Actual Loops": 1,
      "Plans": [
        {
          "Node Type": "Gather",
          "Parent Relationship": "Outer",
          "Parallel Aware": false,
          "Startup Cost": 47196.47,
          "Total Cost": 47196.78,
          "Plan Rows": 3,
          "Plan Width": 8,
          "Actual Startup Time": 255.707,
          "Actual Total Time": 269.286,
          "Actual Rows": 4,
          "Actual Loops": 1,
          "Workers Planned": 3,
          "Workers Launched": 3,
          "Single Copy": false,
          "Plans": [
            {
              "Node Type": "Aggregate",
              "Strategy": "Plain",
              "Partial Mode": "Partial",
              "Parent Relationship": "Outer",
              "Parallel Aware": false,
              "Startup Cost": 46196.47,
              "Total Cost": 46196.48,
              "Plan Rows": 1,
              "Plan Width": 8,
              "Actual Startup Time": 247.1,
              "Actual Total Time": 247.102,
              "Actual Rows": 1,
              "Actual Loops": 4,
              "Plans": [
                {
                  "Node Type": "Seq Scan",
                  "Parent Relationship": "Outer",
                  "Parallel Aware": true,
                  "Relation Name": "movie_keyword",
                  "Alias": "mk",
                  "Startup Cost": 0.0,
                  "Total Cost": 42695.65,
                  "Plan Rows": 1400327,
                  "Plan Width": 0,
                  "Actual Startup Time": 0.057,
                  "Actual Total Time": 174.506,
                  "Actual Rows": 1086915,
                  "Actual Loops": 4,
                  "Filter": "(keyword_id < 71787)",
                  "Rows Removed by Filter": 44068
                }
              ]
            }
          ]
        }
      ]
    },
    "Planning Time": 0.154,
    "Triggers": [],
    "Execution Time": 269.347
  }
]