[
  {
    "Plan": {
      "Node Type": "Aggregate",
      "Strategy": "Plain",
      "Partial Mode": "Finalize",
      "Parallel Aware": false,
      "Startup Cost": 435835.29,
      "Total Cost": 435835.3,
      "Plan Rows": 1,
      "Plan Width": 8,
      "Actual Startup Time": 1023.535,
      "Actual Total Time": 1091.521,
      "Actual Rows": 1,
      "Actual Loops": 1,
      "Plans": [
        {
          "Node Type": "Gather",
          "Parent Relationship": "Outer",
          "Parallel Aware": false,
          "Startup Cost": 435834.67,
          "Total Cost": 435835.28,
          "Plan Rows": 6,
          "Plan Width": 8,
          "Actual Startup Time": 1017.874,
          "Actual Total Time": 1091.508,
          "Actual Rows": 7,
          "Actual Loops": 1,
          "Workers Planned": 6,
          "Workers Launched": 6,
          "Single Copy": false,
          "Plans": [
            {
              "Node Type": "Aggregate",
              "Strategy": "Plain",
              "Partial Mode": "Partial",
              "Parent Relationship": "Outer",
              "Parallel Aware": false,
              "Startup Cost": 434834.67,
              "Total Cost": 434834.68,
              "Plan Rows": 1,
              "Plan Width": 8,
              "Actual Startup Time": 1005.082,
              "Actual Total Time": 1005.207,
              "Actual Rows": 1,
              "Actual Loops": 7,
              "Plans": [
                {
                  "Node Type": "Hash Join",
                  "Parent Relationship": "Outer",
                  "Parallel Aware": true,
                  "Join Type": "Inner",
                  "Startup Cost": 83986.1,
                  "Total Cost": 434033.18,
                  "Plan Rows": 320594,
                  "Plan Width": 0,
                  "Actual Startup Time": 590.247,
                  "Actual Total Time": 1001.857,
                  "Actual Rows": 71974,
                  "Actual Loops": 7,
                  "Inner Unique": false,
                  "Hash Cond": "(ci.movie_id = t.id)",
                  "Plans": [
                    {
                      "Node Type": "Seq Scan",
                      "Parent Relationship": "Outer",
                      "Parallel Aware": true,
                      "Relation Name": "cast_info",
                      "Alias": "ci",
                      "Startup Cost": 0.0,
                      "Total Cost": 343257.03,
                      "Plan Rows": 1534898,
                      "Plan Width": 4,
                      "Actual Startup Time": 313.295,
                      "Actual Total Time": 607.044,
                      "Actual Rows": 984776,
                      "Actual Loops": 7,
                      "Filter": "((person_id > 2663761) AND (role_id < 10))",
                      "Rows Removed by Filter": 4192988
                    },
                    {
                      "Node Type": "Hash",
                      "Parent Relationship": "Inner",
                      "Parallel Aware": true,
                      "Startup Cost": 81856.73,
                      "Total Cost": 81856.73,
                      "Plan Rows": 170350,
                      "Plan Width": 8,
                      "Actual Startup Time": 273.3,
                      "Actual Total Time": 273.423,
                      "Actual Rows": 10869,
                      "Actual Loops": 7,
                      "Hash Buckets": 1048576,
                      "Original Hash Buckets": 1048576,
                      "Hash Batches": 1,
                      "Original Hash Batches": 1,
                      "Peak Memory Usage": 11328,
                      "Plans": [
                        {
                          "Node Type": "Hash Join",
                          "Parent Relationship": "Outer",
                          "Parallel Aware": true,
                          "Join Type": "Inner",
                          "Startup Cost": 49580.49,
                          "Total Cost": 81856.73,
                          "Plan Rows": 170350,
                          "Plan Width": 8,
                          "Actual Startup Time": 185.678,
                          "Actual Total Time": 262.834,
                          "Actual Rows": 10869,
                          "Actual Loops": 7,
                          "Inner Unique": true,
                          "Hash Cond": "(mc.movie_id = t.id)",
                          "Plans": [
                            {
                              "Node Type": "Seq Scan",
                              "Parent Relationship": "Outer",
                              "Parallel Aware": true,
                              "Relation Name": "movie_companies",
                              "Alias": "mc",
                              "Startup Cost": 0.0,
                              "Total Cost": 31414.82,
                              "Plan Rows": 328162,
                              "Plan Width": 4,
                              "Actual Startup Time": 0.158,
                              "Actual Total Time": 44.953,
                              "Actual Rows": 125239,
                              "Actual Loops": 7,
                              "Filter": "((company_id > 525) AND (company_type_id < 2))",
                              "Rows Removed by Filter": 247494
                            },
                            {
                              "Node Type": "Hash",
                              "Parent Relationship": "Inner",
                              "Parallel Aware": true,
                              "Startup Cost": 45479.1,
                              "Total Cost": 45479.1,
                              "Plan Rows": 328111,
                              "Plan Width": 4,
                              "Actual Startup Time": 182.6,
                              "Actual Total Time": 182.602,
                              "Actual Rows": 198789,
                              "Actual Loops": 7,
                              "Hash Buckets": 2097152,
                              "Original Hash Buckets": 2097152,
                              "Hash Batches": 1,
                              "Original Hash Batches": 1,
                              "Peak Memory Usage": 70944,
                              "Plans": [
                                {
                                  "Node Type": "Seq Scan",
                                  "Parent Relationship": "Outer",
                                  "Parallel Aware": true,
                                  "Relation Name": "title",
                                  "Alias": "t",
                                  "Startup Cost": 0.0,
                                  "Total Cost": 45479.1,
                                  "Plan Rows": 328111,
                                  "Plan Width": 4,
                                  "Actual Startup Time": 0.051,
                                  "Actual Total Time": 79.095,
                                  "Actual Rows": 198789,
                                  "Actual Loops": 7,
                                  "Filter": "((production_year > 1965) AND (kind_id = 7))",
                                  "Rows Removed by Filter": 162398
                                }
                              ]
                            }
                          ]
                        }
                      ]
                    }
                  ]
                }
              ]
            }
          ]
        }
      ]
    },
    "Planning Time": 1.535,
    "Triggers": [],
    "Execution Time": 1091.69
  }
]