[
    {
        "Bao": {
            "Bao prediction": "NaN",
            "Bao recommended hint": "(no hint)"
        }
    },
    {
        "Plan": {
            "Node Type": "Aggregate",
            "Strategy": "Plain",
            "Partial Mode": "Finalize",
            "Parallel Aware": false,
            "Startup Cost": 33022.89,
            "Total Cost": 33022.9,
            "Plan Rows": 1,
            "Plan Width": 8,
            "Actual Startup Time": 102.512,
            "Actual Total Time": 107.449,
            "Actual Rows": 1,
            "Actual Loops": 1,
            "Output": [
                "count(*)"
            ],
            "Plans": [
                {
                    "Node Type": "Gather",
                    "Parent Relationship": "Outer",
                    "Parallel Aware": false,
                    "Startup Cost": 33022.57,
                    "Total Cost": 33022.88,
                    "Plan Rows": 3,
                    "Plan Width": 8,
                    "Actual Startup Time": 102.412,
                    "Actual Total Time": 107.443,
                    "Actual Rows": 4,
                    "Actual Loops": 1,
                    "Output": [
                        "(PARTIAL count(*))"
                    ],
                    "Workers Planned": 3,
                    "Workers Launched": 3,
                    "Single Copy": false,
                    "Plans": [
                        {
                            "Node Type": "Aggregate",
                            "Strategy": "Plain",
                            "Partial Mode": "Partial",
                            "Parent Relationship": "Outer",
                            "Parallel Aware": false,
                            "Startup Cost": 32022.57,
                            "Total Cost": 32022.58,
                            "Plan Rows": 1,
                            "Plan Width": 8,
                            "Actual Startup Time": 94.334,
                            "Actual Total Time": 94.335,
                            "Actual Rows": 1,
                            "Actual Loops": 4,
                            "Output": [
                                "PARTIAL count(*)"
                            ],
                            "Workers": [
                                {
                                    "Worker Number": 0,
                                    "Actual Startup Time": 91.618,
                                    "Actual Total Time": 91.619,
                                    "Actual Rows": 1,
                                    "Actual Loops": 1
                                },
                                {
                                    "Worker Number": 1,
                                    "Actual Startup Time": 91.777,
                                    "Actual Total Time": 91.778,
                                    "Actual Rows": 1,
                                    "Actual Loops": 1
                                },
                                {
                                    "Worker Number": 2,
                                    "Actual Startup Time": 92.071,
                                    "Actual Total Time": 92.072,
                                    "Actual Rows": 1,
                                    "Actual Loops": 1
                                }
                            ],
                            "Plans": [
                                {
                                    "Node Type": "Seq Scan",
                                    "Parent Relationship": "Outer",
                                    "Parallel Aware": true,
                                    "Relation Name": "movie_companies",
                                    "Schema": "public",
                                    "Alias": "mc",
                                    "Startup Cost": 0.0,
                                    "Total Cost": 31414.82,
                                    "Plan Rows": 243100,
                                    "Plan Width": 0,
                                    "Actual Startup Time": 47.743,
                                    "Actual Total Time": 83.642,
                                    "Actual Rows": 242458,
                                    "Actual Loops": 4,
                                    "Output": [
                                        "id",
                                        "movie_id",
                                        "company_id",
                                        "company_type_id",
                                        "note"
                                    ],
                                    "Filter": "((mc.company_id > 8216) AND (mc.company_type_id = 2))",
                                    "Rows Removed by Filter": 409825,
                                    "Workers": [
                                        {
                                            "Worker Number": 0,
                                            "Actual Startup Time": 45.018,
                                            "Actual Total Time": 80.925,
                                            "Actual Rows": 162312,
                                            "Actual Loops": 1
                                        },
                                        {
                                            "Worker Number": 1,
                                            "Actual Startup Time": 45.194,
                                            "Actual Total Time": 81.442,
                                            "Actual Rows": 251803,
                                            "Actual Loops": 1
                                        },
                                        {
                                            "Worker Number": 2,
                                            "Actual Startup Time": 45.477,
                                            "Actual Total Time": 81.535,
                                            "Actual Rows": 259623,
                                            "Actual Loops": 1
                                        }
                                    ]
                                }
                            ]
                        }
                    ]
                }
            ]
        },
        "Planning Time": 280.652,
        "Triggers": [],
        "Execution Time": 107.52
    }
]