[
  {
    "Plan": {
      "Node Type": "Aggregate",
      "Strategy": "Plain",
      "Partial Mode": "Finalize",
      "Parallel Aware": false,
      "Startup Cost": 94164.64,
      "Total Cost": 94164.65,
      "Plan Rows": 1,
      "Plan Width": 8,
      "Actual Startup Time": 349.624,
      "Actual Total Time": 366.321,
      "Actual Rows": 1,
      "Actual Loops": 1,
      "Plans": [
        {
          "Node Type": "Gather",
          "Parent Relationship": "Outer",
          "Parallel Aware": false,
          "Startup Cost": 94164.32,
          "Total Cost": 94164.63,
          "Plan Rows": 3,
          "Plan Width": 8,
          "Actual Startup Time": 347.005,
          "Actual Total Time": 366.31,
          "Actual Rows": 4,
          "Actual Loops": 1,
          "Workers Planned": 3,
          "Workers Launched": 3,
          "Single Copy": false,
          "Plans": [
            {
              "Node Type": "Aggregate",
              "Strategy": "Plain",
              "Partial Mode": "Partial",
              "Parent Relationship": "Outer",
              "Parallel Aware": false,
              "Startup Cost": 93164.32,
              "Total Cost": 93164.33,
              "Plan Rows": 1,
              "Plan Width": 8,
              "Actual Startup Time": 338.11,
              "Actual Total Time": 338.113,
              "Actual Rows": 1,
              "Actual Loops": 4,
              "Plans": [
                {
                  "Node Type": "Hash Join",
                  "Parent Relationship": "Outer",
                  "Parallel Aware": true,
                  "Join Type": "Inner",
                  "Startup Cost": 47010.62,
                  "Total Cost": 92625.42,
                  "Plan Rows": 215562,
                  "Plan Width": 0,
                  "Actual Startup Time": 145.195,
                  "Actual Total Time": 335.696,
                  "Actual Rows": 56881,
                  "Actual Loops": 4,
                  "Inner Unique": true,
                  "Hash Cond": "(mk.movie_id = t.id)",
                  "Plans": [
                    {
                      "Node Type": "Seq Scan",
                      "Parent Relationship": "Outer",
                      "Parallel Aware": true,
                      "Relation Name": "movie_keyword",
                      "Alias": "mk",
                      "Startup Cost": 0.0,
                      "Total Cost": 42695.65,
                      "Plan Rows": 1112054,
                      "Plan Width": 4,
                      "Actual Startup Time": 0.031,
                      "Actual Total Time": 108.585,
                      "Actual Rows": 862110,
                      "Actual Loops": 4,
                      "Filter": "(keyword_id < 16430)",
                      "Rows Removed by Filter": 268873
                    },
                    {
                      "Node Type": "Hash",
                      "Parent Relationship": "Inner",
                      "Parallel Aware": true,
                      "Startup Cost": 45479.1,
                      "Total Cost": 45479.1,
                      "Plan Rows": 122522,
                      "Plan Width": 4,
                      "Actual Startup Time": 141.537,
                      "Actual Total Time": 141.538,
                      "Actual Rows": 125445,
                      "Actual Loops": 4,
                      "Hash Buckets": 524288,
                      "Original Hash Buckets": 524288,
                      "Hash Batches": 1,
                      "Original Hash Batches": 1,
                      "Peak Memory Usage": 23808,
                      "Plans": [
                        {
                          "Node Type": "Seq Scan",
                          "Parent Relationship": "Outer",
                          "Parallel Aware": true,
                          "Relation Name": "title",
                          "Alias": "t",
                          "Startup Cost": 0.0,
                          "Total Cost": 45479.1,
                          "Plan Rows": 122522,
                          "Plan Width": 4,
                          "Actual Startup Time": 0.035,
                          "Actual Total Time": 98.867,
                          "Actual Rows": 125445,
                          "Actual Loops": 4,
                          "Filter": "((kind_id > 1) AND (production_year > 2008))",
                          "Rows Removed by Filter": 506633
                        }
                      ]
                    }
                  ]
                }
              ]
            }
          ]
        }
      ]
    },
    "Planning Time": 0.601,
    "Triggers": [],
    "Execution Time": 366.389
  }
]