[
    {
        "Bao": {
            "Bao prediction": "NaN",
            "Bao recommended hint": "(no hint)"
        }
    },
    {
        "Plan": {
            "Node Type": "Aggregate",
            "Strategy": "Plain",
            "Partial Mode": "Finalize",
            "Parallel Aware": false,
            "Startup Cost": 328334.96,
            "Total Cost": 328334.97,
            "Plan Rows": 1,
            "Plan Width": 8,
            "Actual Startup Time": 430.616,
            "Actual Total Time": 448.206,
            "Actual Rows": 1,
            "Actual Loops": 1,
            "Output": [
                "count(*)"
            ],
            "Plans": [
                {
                    "Node Type": "Gather",
                    "Parent Relationship": "Outer",
                    "Parallel Aware": false,
                    "Startup Cost": 328334.34,
                    "Total Cost": 328334.95,
                    "Plan Rows": 6,
                    "Plan Width": 8,
                    "Actual Startup Time": 430.516,
                    "Actual Total Time": 448.196,
                    "Actual Rows": 7,
                    "Actual Loops": 1,
                    "Output": [
                        "(PARTIAL count(*))"
                    ],
                    "Workers Planned": 6,
                    "Workers Launched": 6,
                    "Single Copy": false,
                    "Plans": [
                        {
                            "Node Type": "Aggregate",
                            "Strategy": "Plain",
                            "Partial Mode": "Partial",
                            "Parent Relationship": "Outer",
                            "Parallel Aware": false,
                            "Startup Cost": 327334.34,
                            "Total Cost": 327334.35,
                            "Plan Rows": 1,
                            "Plan Width": 8,
                            "Actual Startup Time": 420.046,
                            "Actual Total Time": 420.047,
                            "Actual Rows": 1,
                            "Actual Loops": 7,
                            "Output": [
                                "PARTIAL count(*)"
                            ],
                            "Workers": [
                                {
                                    "Worker Number": 0,
                                    "Actual Startup Time": 417.196,
                                    "Actual Total Time": 417.197,
                                    "Actual Rows": 1,
                                    "Actual Loops": 1
                                },
                                {
                                    "Worker Number": 1,
                                    "Actual Startup Time": 417.844,
                                    "Actual Total Time": 417.845,
                                    "Actual Rows": 1,
                                    "Actual Loops": 1
                                },
                                {
                                    "Worker Number": 2,
                                    "Actual Startup Time": 418.265,
                                    "Actual Total Time": 418.266,
                                    "Actual Rows": 1,
                                    "Actual Loops": 1
                                },
                                {
                                    "Worker Number": 3,
                                    "Actual Startup Time": 418.185,
                                    "Actual Total Time": 418.186,
                                    "Actual Rows": 1,
                                    "Actual Loops": 1
                                },
                                {
                                    "Worker Number": 4,
                                    "Actual Startup Time": 419.153,
                                    "Actual Total Time": 419.155,
                                    "Actual Rows": 1,
                                    "Actual Loops": 1
                                },
                                {
                                    "Worker Number": 5,
                                    "Actual Startup Time": 419.533,
                                    "Actual Total Time": 419.534,
                                    "Actual Rows": 1,
                                    "Actual Loops": 1
                                }
                            ],
                            "Plans": [
                                {
                                    "Node Type": "Index Scan",
                                    "Parent Relationship": "Outer",
                                    "Parallel Aware": true,
                                    "Scan Direction": "Forward",
                                    "Index Name": "role_id_cast_info",
                                    "Relation Name": "cast_info",
                                    "Schema": "public",
                                    "Alias": "ci",
                                    "Startup Cost": 0.56,
                                    "Total Cost": 322560.04,
                                    "Plan Rows": 1909720,
                                    "Plan Width": 0,
                                    "Actual Startup Time": 0.158,
                                    "Actual Total Time": 344.641,
                                    "Actual Rows": 1681626,
                                    "Actual Loops": 7,
                                    "Output": [
                                        "id",
                                        "person_id",
                                        "movie_id",
                                        "person_role_id",
                                        "note",
                                        "nr_order",
                                        "role_id"
                                    ],
                                    "Index Cond": "(ci.role_id > 3)",
                                    "Rows Removed by Index Recheck": 0,
                                    "Filter": "(ci.person_id > 166968)",
                                    "Rows Removed by Filter": 48895,
                                    "Workers": [
                                        {
                                            "Worker Number": 0,
                                            "Actual Startup Time": 0.308,
                                            "Actual Total Time": 344.039,
                                            "Actual Rows": 1645221,
                                            "Actual Loops": 1
                                        },
                                        {
                                            "Worker Number": 1,
                                            "Actual Startup Time": 0.158,
                                            "Actual Total Time": 342.701,
                                            "Actual Rows": 1641242,
                                            "Actual Loops": 1
                                        },
                                        {
                                            "Worker Number": 2,
                                            "Actual Startup Time": 0.124,
                                            "Actual Total Time": 343.347,
                                            "Actual Rows": 1643678,
                                            "Actual Loops": 1
                                        },
                                        {
                                            "Worker Number": 3,
                                            "Actual Startup Time": 0.207,
                                            "Actual Total Time": 343.043,
                                            "Actual Rows": 1644658,
                                            "Actual Loops": 1
                                        },
                                        {
                                            "Worker Number": 4,
                                            "Actual Startup Time": 0.126,
                                            "Actual Total Time": 345.434,
                                            "Actual Rows": 1681403,
                                            "Actual Loops": 1
                                        },
                                        {
                                            "Worker Number": 5,
                                            "Actual Startup Time": 0.145,
                                            "Actual Total Time": 346.119,
                                            "Actual Rows": 1675802,
                                            "Actual Loops": 1
                                        }
                                    ]
                                }
                            ]
                        }
                    ]
                }
            ]
        },
        "Planning Time": 181.069,
        "Triggers": [],
        "Execution Time": 448.259
    }
]