[
  {
    "Plan": {
      "Node Type": "Aggregate",
      "Strategy": "Plain",
      "Partial Mode": "Finalize",
      "Parallel Aware": false,
      "Startup Cost": 37700.7,
      "Total Cost": 37700.71,
      "Plan Rows": 1,
      "Plan Width": 8,
      "Actual Startup Time": 85.641,
      "Actual Total Time": 96.245,
      "Actual Rows": 1,
      "Actual Loops": 1,
      "Plans": [
        {
          "Node Type": "Gather",
          "Parent Relationship": "Outer",
          "Parallel Aware": false,
          "Startup Cost": 37700.49,
          "Total Cost": 37700.7,
          "Plan Rows": 2,
          "Plan Width": 8,
          "Actual Startup Time": 85.402,
          "Actual Total Time": 96.237,
          "Actual Rows": 3,
          "Actual Loops": 1,
          "Workers Planned": 2,
          "Workers Launched": 2,
          "Single Copy": false,
          "Plans": [
            {
              "Node Type": "Aggregate",
              "Strategy": "Plain",
              "Partial Mode": "Partial",
              "Parent Relationship": "Outer",
              "Parallel Aware": false,
              "Startup Cost": 36700.49,
              "Total Cost": 36700.5,
              "Plan Rows": 1,
              "Plan Width": 8,
              "Actual Startup Time": 78.208,
              "Actual Total Time": 78.211,
              "Actual Rows": 1,
              "Actual Loops": 3,
              "Plans": [
                {
                  "Node Type": "Nested Loop",
                  "Parent Relationship": "Outer",
                  "Parallel Aware": false,
                  "Join Type": "Inner",
                  "Startup Cost": 234.83,
                  "Total Cost": 36690.74,
                  "Plan Rows": 3899,
                  "Plan Width": 0,
                  "Actual Startup Time": 3.663,
                  "Actual Total Time": 74.289,
                  "Actual Rows": 55739,
                  "Actual Loops": 3,
                  "Inner Unique": false,
                  "Plans": [
                    {
                      "Node Type": "Nested Loop",
                      "Parent Relationship": "Outer",
                      "Parallel Aware": false,
                      "Join Type": "Inner",
                      "Startup Cost": 234.4,
                      "Total Cost": 32834.51,
                      "Plan Rows": 2179,
                      "Plan Width": 8,
                      "Actual Startup Time": 3.492,
                      "Actual Total Time": 32.822,
                      "Actual Rows": 2003,
                      "Actual Loops": 3,
                      "Inner Unique": true,
                      "Plans": [
                        {
                          "Node Type": "Bitmap Heap Scan",
                          "Parent Relationship": "Outer",
                          "Parallel Aware": true,
                          "Relation Name": "movie_companies",
                          "Alias": "mc",
                          "Startup Cost": 233.97,
                          "Total Cost": 16978.88,
                          "Plan Rows": 2179,
                          "Plan Width": 4,
                          "Actual Startup Time": 3.336,
                          "Actual Total Time": 14.089,
                          "Actual Rows": 2003,
                          "Actual Loops": 3,
                          "Recheck Cond": "(company_id = 846)",
                          "Rows Removed by Index Recheck": 0,
                          "Filter": "(company_type_id < 2)",
                          "Rows Removed by Filter": 1385,
                          "Exact Heap Blocks": 3701,
                          "Lossy Heap Blocks": 0,
                          "Plans": [
                            {
                              "Node Type": "Bitmap Index Scan",
                              "Parent Relationship": "Outer",
                              "Parallel Aware": false,
                              "Index Name": "company_id_movie_companies",
                              "Startup Cost": 0.0,
                              "Total Cost": 232.66,
                              "Plan Rows": 10697,
                              "Plan Width": 0,
                              "Actual Startup Time": 6.173,
                              "Actual Total Time": 6.174,
                              "Actual Rows": 10163,
                              "Actual Loops": 1,
                              "Index Cond": "(company_id = 846)"
                            }
                          ]
                        },
                        {
                          "Node Type": "Index Only Scan",
                          "Parent Relationship": "Inner",
                          "Parallel Aware": false,
                          "Scan Direction": "Forward",
                          "Index Name": "title_pkey",
                          "Relation Name": "title",
                          "Alias": "t",
                          "Startup Cost": 0.43,
                          "Total Cost": 7.28,
                          "Plan Rows": 1,
                          "Plan Width": 4,
                          "Actual Startup Time": 0.009,
                          "Actual Total Time": 0.009,
                          "Actual Rows": 1,
                          "Actual Loops": 6008,
                          "Index Cond": "(id = mc.movie_id)",
                          "Rows Removed by Index Recheck": 0,
                          "Heap Fetches": 6008
                        }
                      ]
                    },
                    {
                      "Node Type": "Index Only Scan",
                      "Parent Relationship": "Inner",
                      "Parallel Aware": false,
                      "Scan Direction": "Forward",
                      "Index Name": "movie_id_movie_keyword",
                      "Relation Name": "movie_keyword",
                      "Alias": "mk",
                      "Startup Cost": 0.43,
                      "Total Cost": 1.31,
                      "Plan Rows": 46,
                      "Plan Width": 4,
                      "Actual Startup Time": 0.011,
                      "Actual Total Time": 0.017,
                      "Actual Rows": 28,
                      "Actual Loops": 6008,
                      "Index Cond": "(movie_id = t.id)",
                      "Rows Removed by Index Recheck": 0,
                      "Heap Fetches": 167216
                    }
                  ]
                }
              ]
            }
          ]
        }
      ]
    },
    "Planning Time": 1.496,
    "Triggers": [],
    "Execution Time": 96.339
  }
]