[
    {
        "Bao": {
            "Bao prediction": "NaN",
            "Bao recommended hint": "(no hint)"
        }
    },
    {
        "Plan": {
            "Node Type": "Aggregate",
            "Strategy": "Plain",
            "Partial Mode": "Finalize",
            "Parallel Aware": false,
            "Startup Cost": 234825.59,
            "Total Cost": 234825.6,
            "Plan Rows": 1,
            "Plan Width": 8,
            "Actual Startup Time": 293.62,
            "Actual Total Time": 304.303,
            "Actual Rows": 1,
            "Actual Loops": 1,
            "Output": [
                "count(*)"
            ],
            "Plans": [
                {
                    "Node Type": "Gather",
                    "Parent Relationship": "Outer",
                    "Parallel Aware": false,
                    "Startup Cost": 234825.07,
                    "Total Cost": 234825.58,
                    "Plan Rows": 5,
                    "Plan Width": 8,
                    "Actual Startup Time": 288.119,
                    "Actual Total Time": 304.292,
                    "Actual Rows": 6,
                    "Actual Loops": 1,
                    "Output": [
                        "(PARTIAL count(*))"
                    ],
                    "Workers Planned": 5,
                    "Workers Launched": 5,
                    "Single Copy": false,
                    "Plans": [
                        {
                            "Node Type": "Aggregate",
                            "Strategy": "Plain",
                            "Partial Mode": "Partial",
                            "Parent Relationship": "Outer",
                            "Parallel Aware": false,
                            "Startup Cost": 233825.07,
                            "Total Cost": 233825.08,
                            "Plan Rows": 1,
                            "Plan Width": 8,
                            "Actual Startup Time": 278.258,
                            "Actual Total Time": 278.263,
                            "Actual Rows": 1,
                            "Actual Loops": 6,
                            "Output": [
                                "PARTIAL count(*)"
                            ],
                            "Workers": [
                                {
                                    "Worker Number": 0,
                                    "Actual Startup Time": 276.132,
                                    "Actual Total Time": 276.136,
                                    "Actual Rows": 1,
                                    "Actual Loops": 1
                                },
                                {
                                    "Worker Number": 1,
                                    "Actual Startup Time": 275.655,
                                    "Actual Total Time": 275.659,
                                    "Actual Rows": 1,
                                    "Actual Loops": 1
                                },
                                {
                                    "Worker Number": 2,
                                    "Actual Startup Time": 276.395,
                                    "Actual Total Time": 276.406,
                                    "Actual Rows": 1,
                                    "Actual Loops": 1
                                },
                                {
                                    "Worker Number": 3,
                                    "Actual Startup Time": 276.852,
                                    "Actual Total Time": 276.854,
                                    "Actual Rows": 1,
                                    "Actual Loops": 1
                                },
                                {
                                    "Worker Number": 4,
                                    "Actual Startup Time": 276.865,
                                    "Actual Total Time": 276.868,
                                    "Actual Rows": 1,
                                    "Actual Loops": 1
                                }
                            ],
                            "Plans": [
                                {
                                    "Node Type": "Hash Join",
                                    "Parent Relationship": "Outer",
                                    "Parallel Aware": true,
                                    "Join Type": "Inner",
                                    "Startup Cost": 67979.18,
                                    "Total Cost": 233682.76,
                                    "Plan Rows": 56923,
                                    "Plan Width": 0,
                                    "Actual Startup Time": 179.132,
                                    "Actual Total Time": 273.968,
                                    "Actual Rows": 65454,
                                    "Actual Loops": 6,
                                    "Inner Unique": true,
                                    "Hash Cond": "(mi.movie_id = t.id)",
                                    "Workers": [
                                        {
                                            "Worker Number": 0,
                                            "Actual Startup Time": 176.576,
                                            "Actual Total Time": 271.771,
                                            "Actual Rows": 50003,
                                            "Actual Loops": 1
                                        },
                                        {
                                            "Worker Number": 1,
                                            "Actual Startup Time": 176.611,
                                            "Actual Total Time": 271.342,
                                            "Actual Rows": 49576,
                                            "Actual Loops": 1
                                        },
                                        {
                                            "Worker Number": 2,
                                            "Actual Startup Time": 177.731,
                                            "Actual Total Time": 271.631,
                                            "Actual Rows": 54927,
                                            "Actual Loops": 1
                                        },
                                        {
                                            "Worker Number": 3,
                                            "Actual Startup Time": 177.908,
                                            "Actual Total Time": 272.417,
                                            "Actual Rows": 74165,
                                            "Actual Loops": 1
                                        },
                                        {
                                            "Worker Number": 4,
                                            "Actual Startup Time": 177.527,
                                            "Actual Total Time": 272.978,
                                            "Actual Rows": 86277,
                                            "Actual Loops": 1
                                        }
                                    ],
                                    "Plans": [
                                        {
                                            "Node Type": "Bitmap Heap Scan",
                                            "Parent Relationship": "Outer",
                                            "Parallel Aware": true,
                                            "Relation Name": "movie_info",
                                            "Schema": "public",
                                            "Alias": "mi",
                                            "Startup Cost": 22246.9,
                                            "Total Cost": 187306.49,
                                            "Plan Rows": 245328,
                                            "Plan Width": 4,
                                            "Actual Startup Time": 55.637,
                                            "Actual Total Time": 89.128,
                                            "Actual Rows": 216498,
                                            "Actual Loops": 6,
                                            "Output": [
                                                "mi.id",
                                                "mi.movie_id",
                                                "mi.info_type_id",
                                                "mi.info",
                                                "mi.note"
                                            ],
                                            "Recheck Cond": "(mi.info_type_id = 4)",
                                            "Rows Removed by Index Recheck": 0,
                                            "Exact Heap Blocks": 1707,
                                            "Lossy Heap Blocks": 0,
                                            "Workers": [
                                                {
                                                    "Worker Number": 0,
                                                    "Actual Startup Time": 55.575,
                                                    "Actual Total Time": 89.343,
                                                    "Actual Rows": 164257,
                                                    "Actual Loops": 1
                                                },
                                                {
                                                    "Worker Number": 1,
                                                    "Actual Startup Time": 55.67,
                                                    "Actual Total Time": 89.484,
                                                    "Actual Rows": 165824,
                                                    "Actual Loops": 1
                                                },
                                                {
                                                    "Worker Number": 2,
                                                    "Actual Startup Time": 55.632,
                                                    "Actual Total Time": 90.791,
                                                    "Actual Rows": 176669,
                                                    "Actual Loops": 1
                                                },
                                                {
                                                    "Worker Number": 3,
                                                    "Actual Startup Time": 55.72,
                                                    "Actual Total Time": 90.106,
                                                    "Actual Rows": 239256,
                                                    "Actual Loops": 1
                                                },
                                                {
                                                    "Worker Number": 4,
                                                    "Actual Startup Time": 55.471,
                                                    "Actual Total Time": 88.133,
                                                    "Actual Rows": 288465,
                                                    "Actual Loops": 1
                                                }
                                            ],
                                            "Plans": [
                                                {
                                                    "Node Type": "Bitmap Index Scan",
                                                    "Parent Relationship": "Outer",
                                                    "Parallel Aware": false,
                                                    "Index Name": "info_type_id_movie_info",
                                                    "Startup Cost": 0.0,
                                                    "Total Cost": 21940.24,
                                                    "Plan Rows": 1226640,
                                                    "Plan Width": 0,
                                                    "Actual Startup Time": 54.257,
                                                    "Actual Total Time": 54.258,
                                                    "Actual Rows": 1298989,
                                                    "Actual Loops": 1,
                                                    "Index Cond": "(mi.info_type_id = 4)",
                                                    "Workers": [
                                                        {
                                                            "Worker Number": 4,
                                                            "Actual Startup Time": 54.257,
                                                            "Actual Total Time": 54.258,
                                                            "Actual Rows": 1298989,
                                                            "Actual Loops": 1
                                                        }
                                                    ]
                                                }
                                            ]
                                        },
                                        {
                                            "Node Type": "Hash",
                                            "Parent Relationship": "Inner",
                                            "Parallel Aware": true,
                                            "Startup Cost": 43899.01,
                                            "Total Cost": 43899.01,
                                            "Plan Rows": 146662,
                                            "Plan Width": 4,
                                            "Actual Startup Time": 118.589,
                                            "Actual Total Time": 118.591,
                                            "Actual Rows": 97503,
                                            "Actual Loops": 6,
                                            "Output": [
                                                "t.id"
                                            ],
                                            "Hash Buckets": 1048576,
                                            "Original Hash Buckets": 1048576,
                                            "Hash Batches": 1,
                                            "Original Hash Batches": 1,
                                            "Peak Memory Usage": 31200,
                                            "Workers": [
                                                {
                                                    "Worker Number": 0,
                                                    "Actual Startup Time": 117.962,
                                                    "Actual Total Time": 117.963,
                                                    "Actual Rows": 71250,
                                                    "Actual Loops": 1
                                                },
                                                {
                                                    "Worker Number": 1,
                                                    "Actual Startup Time": 117.989,
                                                    "Actual Total Time": 117.99,
                                                    "Actual Rows": 72346,
                                                    "Actual Loops": 1
                                                },
                                                {
                                                    "Worker Number": 2,
                                                    "Actual Startup Time": 118.665,
                                                    "Actual Total Time": 118.675,
                                                    "Actual Rows": 74636,
                                                    "Actual Loops": 1
                                                },
                                                {
                                                    "Worker Number": 3,
                                                    "Actual Startup Time": 119.159,
                                                    "Actual Total Time": 119.16,
                                                    "Actual Rows": 106976,
                                                    "Actual Loops": 1
                                                },
                                                {
                                                    "Worker Number": 4,
                                                    "Actual Startup Time": 119.162,
                                                    "Actual Total Time": 119.162,
                                                    "Actual Rows": 104718,
                                                    "Actual Loops": 1
                                                }
                                            ],
                                            "Plans": [
                                                {
                                                    "Node Type": "Seq Scan",
                                                    "Parent Relationship": "Outer",
                                                    "Parallel Aware": true,
                                                    "Relation Name": "title",
                                                    "Schema": "public",
                                                    "Alias": "t",
                                                    "Startup Cost": 0.0,
                                                    "Total Cost": 43899.01,
                                                    "Plan Rows": 146662,
                                                    "Plan Width": 4,
                                                    "Actual Startup Time": 0.048,
                                                    "Actual Total Time": 79.395,
                                                    "Actual Rows": 97503,
                                                    "Actual Loops": 6,
                                                    "Output": [
                                                        "t.id"
                                                    ],
                                                    "Filter": "(t.production_year < 1985)",
                                                    "Rows Removed by Filter": 323882,
                                                    "Workers": [
                                                        {
                                                            "Worker Number": 0,
                                                            "Actual Startup Time": 0.079,
                                                            "Actual Total Time": 79.877,
                                                            "Actual Rows": 71250,
                                                            "Actual Loops": 1
                                                        },
                                                        {
                                                            "Worker Number": 1,
                                                            "Actual Startup Time": 0.049,
                                                            "Actual Total Time": 80.918,
                                                            "Actual Rows": 72346,
                                                            "Actual Loops": 1
                                                        },
                                                        {
                                                            "Worker Number": 2,
                                                            "Actual Startup Time": 0.041,
                                                            "Actual Total Time": 82.319,
                                                            "Actual Rows": 74636,
                                                            "Actual Loops": 1
                                                        },
                                                        {
                                                            "Worker Number": 3,
                                                            "Actual Startup Time": 0.059,
                                                            "Actual Total Time": 80.187,
                                                            "Actual Rows": 106976,
                                                            "Actual Loops": 1
                                                        },
                                                        {
                                                            "Worker Number": 4,
                                                            "Actual Startup Time": 0.045,
                                                            "Actual Total Time": 79.712,
                                                            "Actual Rows": 104718,
                                                            "Actual Loops": 1
                                                        }
                                                    ]
                                                }
                                            ]
                                        }
                                    ]
                                }
                            ]
                        }
                    ]
                }
            ]
        },
        "Planning Time": 189.031,
        "Triggers": [],
        "Execution Time": 304.424
    }
]