[
  {
    "Plan": {
      "Node Type": "Aggregate",
      "Strategy": "Plain",
      "Partial Mode": "Finalize",
      "Parallel Aware": false,
      "Startup Cost": 343123.89,
      "Total Cost": 343123.9,
      "Plan Rows": 1,
      "Plan Width": 8,
      "Actual Startup Time": 1414.98,
      "Actual Total Time": 1526.711,
      "Actual Rows": 1,
      "Actual Loops": 1,
      "Plans": [
        {
          "Node Type": "Gather",
          "Parent Relationship": "Outer",
          "Parallel Aware": false,
          "Startup Cost": 343123.27,
          "Total Cost": 343123.88,
          "Plan Rows": 6,
          "Plan Width": 8,
          "Actual Startup Time": 1414.726,
          "Actual Total Time": 1526.662,
          "Actual Rows": 7,
          "Actual Loops": 1,
          "Workers Planned": 6,
          "Workers Launched": 6,
          "Single Copy": false,
          "Plans": [
            {
              "Node Type": "Aggregate",
              "Strategy": "Plain",
              "Partial Mode": "Partial",
              "Parent Relationship": "Outer",
              "Parallel Aware": false,
              "Startup Cost": 342123.27,
              "Total Cost": 342123.28,
              "Plan Rows": 1,
              "Plan Width": 8,
              "Actual Startup Time": 1402.719,
              "Actual Total Time": 1402.721,
              "Actual Rows": 1,
              "Actual Loops": 7,
              "Plans": [
                {
                  "Node Type": "Seq Scan",
                  "Parent Relationship": "Outer",
                  "Parallel Aware": true,
                  "Relation Name": "cast_info",
                  "Alias": "ci",
                  "Startup Cost": 0.0,
                  "Total Cost": 328211.39,
                  "Plan Rows": 5564751,
                  "Plan Width": 0,
                  "Actual Startup Time": 60.821,
                  "Actual Total Time": 1089.233,
                  "Actual Rows": 4755575,
                  "Actual Loops": 7,
                  "Filter": "(person_id > 287527)",
                  "Rows Removed by Filter": 422188
                }
              ]
            }
          ]
        }
      ]
    },
    "Planning Time": 0.24,
    "Triggers": [],
    "Execution Time": 1526.806
  }
]