{
    "Plan": {
        "Node Type": "Aggregate",
        "Strategy": "Plain",
        "Partial Mode": "Finalize",
        "Parallel Aware": false,
        "Startup Cost": 90753.55,
        "Total Cost": 90753.56,
        "Plan Rows": 1,
        "Plan Width": 8,
        "Actual Startup Time": 255.893,
        "Actual Total Time": 279.032,
        "Actual Rows": 1,
        "Actual Loops": 1,
        "Output": [
            "count(*)"
        ],
        "Plans": [
            {
                "Node Type": "Gather",
                "Parent Relationship": "Outer",
                "Parallel Aware": false,
                "Startup Cost": 90753.23,
                "Total Cost": 90753.54,
                "Plan Rows": 3,
                "Plan Width": 8,
                "Actual Startup Time": 255.524,
                "Actual Total Time": 279.024,
                "Actual Rows": 4,
                "Actual Loops": 1,
                "Output": [
                    "(PARTIAL count(*))"
                ],
                "Workers Planned": 3,
                "Workers Launched": 3,
                "Single Copy": false,
                "Plans": [
                    {
                        "Node Type": "Aggregate",
                        "Strategy": "Plain",
                        "Partial Mode": "Partial",
                        "Parent Relationship": "Outer",
                        "Parallel Aware": false,
                        "Startup Cost": 89753.23,
                        "Total Cost": 89753.24,
                        "Plan Rows": 1,
                        "Plan Width": 8,
                        "Actual Startup Time": 246.679,
                        "Actual Total Time": 246.682,
                        "Actual Rows": 1,
                        "Actual Loops": 4,
                        "Output": [
                            "PARTIAL count(*)"
                        ],
                        "Workers": [
                            {
                                "Worker Number": 0,
                                "Actual Startup Time": 243.609,
                                "Actual Total Time": 243.612,
                                "Actual Rows": 1,
                                "Actual Loops": 1
                            },
                            {
                                "Worker Number": 1,
                                "Actual Startup Time": 244.12,
                                "Actual Total Time": 244.124,
                                "Actual Rows": 1,
                                "Actual Loops": 1
                            },
                            {
                                "Worker Number": 2,
                                "Actual Startup Time": 244.215,
                                "Actual Total Time": 244.218,
                                "Actual Rows": 1,
                                "Actual Loops": 1
                            }
                        ],
                        "Plans": [
                            {
                                "Node Type": "Hash Join",
                                "Parent Relationship": "Outer",
                                "Parallel Aware": true,
                                "Join Type": "Inner",
                                "Startup Cost": 45682.56,
                                "Total Cost": 89720.33,
                                "Plan Rows": 13159,
                                "Plan Width": 0,
                                "Actual Startup Time": 103.916,
                                "Actual Total Time": 246.258,
                                "Actual Rows": 7454,
                                "Actual Loops": 4,
                                "Inner Unique": true,
                                "Hash Cond": "(mk.movie_id = t.id)",
                                "Workers": [
                                    {
                                        "Worker Number": 0,
                                        "Actual Startup Time": 100.644,
                                        "Actual Total Time": 243.165,
                                        "Actual Rows": 7457,
                                        "Actual Loops": 1
                                    },
                                    {
                                        "Worker Number": 1,
                                        "Actual Startup Time": 101.353,
                                        "Actual Total Time": 243.73,
                                        "Actual Rows": 6081,
                                        "Actual Loops": 1
                                    },
                                    {
                                        "Worker Number": 2,
                                        "Actual Startup Time": 101.815,
                                        "Actual Total Time": 243.802,
                                        "Actual Rows": 6627,
                                        "Actual Loops": 1
                                    }
                                ],
                                "Plans": [
                                    {
                                        "Node Type": "Seq Scan",
                                        "Parent Relationship": "Outer",
                                        "Parallel Aware": true,
                                        "Relation Name": "movie_keyword",
                                        "Schema": "public",
                                        "Alias": "mk",
                                        "Startup Cost": 0.0,
                                        "Total Cost": 42695.65,
                                        "Plan Rows": 511284,
                                        "Plan Width": 4,
                                        "Actual Startup Time": 0.544,
                                        "Actual Total Time": 110.317,
                                        "Actual Rows": 390520,
                                        "Actual Loops": 4,
                                        "Output": [
                                            "mk.id",
                                            "mk.movie_id",
                                            "mk.keyword_id"
                                        ],
                                        "Filter": "(mk.keyword_id > 10049)",
                                        "Rows Removed by Filter": 740463,
                                        "Workers": [
                                            {
                                                "Worker Number": 0,
                                                "Actual Startup Time": 0.503,
                                                "Actual Total Time": 111.833,
                                                "Actual Rows": 368999,
                                                "Actual Loops": 1
                                            },
                                            {
                                                "Worker Number": 1,
                                                "Actual Startup Time": 0.456,
                                                "Actual Total Time": 111.684,
                                                "Actual Rows": 349939,
                                                "Actual Loops": 1
                                            },
                                            {
                                                "Worker Number": 2,
                                                "Actual Startup Time": 0.592,
                                                "Actual Total Time": 111.616,
                                                "Actual Rows": 350649,
                                                "Actual Loops": 1
                                            }
                                        ]
                                    },
                                    {
                                        "Node Type": "Hash",
                                        "Parent Relationship": "Inner",
                                        "Parallel Aware": true,
                                        "Startup Cost": 45479.21,
                                        "Total Cost": 45479.21,
                                        "Plan Rows": 16268,
                                        "Plan Width": 4,
                                        "Actual Startup Time": 101.504,
                                        "Actual Total Time": 101.505,
                                        "Actual Rows": 13476,
                                        "Actual Loops": 4,
                                        "Output": [
                                            "t.id"
                                        ],
                                        "Hash Buckets": 65536,
                                        "Original Hash Buckets": 65536,
                                        "Hash Batches": 1,
                                        "Original Hash Batches": 1,
                                        "Peak Memory Usage": 2688,
                                        "Workers": [
                                            {
                                                "Worker Number": 0,
                                                "Actual Startup Time": 99.289,
                                                "Actual Total Time": 99.29,
                                                "Actual Rows": 12194,
                                                "Actual Loops": 1
                                            },
                                            {
                                                "Worker Number": 1,
                                                "Actual Startup Time": 99.877,
                                                "Actual Total Time": 99.879,
                                                "Actual Rows": 12507,
                                                "Actual Loops": 1
                                            },
                                            {
                                                "Worker Number": 2,
                                                "Actual Startup Time": 99.905,
                                                "Actual Total Time": 99.906,
                                                "Actual Rows": 12404,
                                                "Actual Loops": 1
                                            }
                                        ],
                                        "Plans": [
                                            {
                                                "Node Type": "Seq Scan",
                                                "Parent Relationship": "Outer",
                                                "Parallel Aware": true,
                                                "Relation Name": "title",
                                                "Schema": "public",
                                                "Alias": "t",
                                                "Startup Cost": 0.0,
                                                "Total Cost": 45479.21,
                                                "Plan Rows": 16268,
                                                "Plan Width": 4,
                                                "Actual Startup Time": 0.232,
                                                "Actual Total Time": 96.213,
                                                "Actual Rows": 13476,
                                                "Actual Loops": 4,
                                                "Output": [
                                                    "t.id"
                                                ],
                                                "Filter": "((t.kind_id < 7) AND (t.production_year = 2012))",
                                                "Rows Removed by Filter": 618602,
                                                "Workers": [
                                                    {
                                                        "Worker Number": 0,
                                                        "Actual Startup Time": 0.074,
                                                        "Actual Total Time": 94.209,
                                                        "Actual Rows": 12194,
                                                        "Actual Loops": 1
                                                    },
                                                    {
                                                        "Worker Number": 1,
                                                        "Actual Startup Time": 0.301,
                                                        "Actual Total Time": 94.699,
                                                        "Actual Rows": 12507,
                                                        "Actual Loops": 1
                                                    },
                                                    {
                                                        "Worker Number": 2,
                                                        "Actual Startup Time": 0.483,
                                                        "Actual Total Time": 94.775,
                                                        "Actual Rows": 12404,
                                                        "Actual Loops": 1
                                                    }
                                                ]
                                            }
                                        ]
                                    }
                                ]
                            }
                        ]
                    }
                ]
            }
        ]
    },
    "Planning Time": 0.638,
    "Triggers": [],
    "Execution Time": 279.102
}