[
    {
        "Bao": {
            "Bao prediction": "NaN",
            "Bao recommended hint": "(no hint)"
        }
    },
    {
        "Plan": {
            "Node Type": "Aggregate",
            "Strategy": "Plain",
            "Partial Mode": "Finalize",
            "Parallel Aware": false,
            "Startup Cost": 33300.1,
            "Total Cost": 33300.11,
            "Plan Rows": 1,
            "Plan Width": 8,
            "Actual Startup Time": 100.977,
            "Actual Total Time": 106.679,
            "Actual Rows": 1,
            "Actual Loops": 1,
            "Output": [
                "count(*)"
            ],
            "Plans": [
                {
                    "Node Type": "Gather",
                    "Parent Relationship": "Outer",
                    "Parallel Aware": false,
                    "Startup Cost": 33299.78,
                    "Total Cost": 33300.09,
                    "Plan Rows": 3,
                    "Plan Width": 8,
                    "Actual Startup Time": 100.895,
                    "Actual Total Time": 106.671,
                    "Actual Rows": 4,
                    "Actual Loops": 1,
                    "Output": [
                        "(PARTIAL count(*))"
                    ],
                    "Workers Planned": 3,
                    "Workers Launched": 3,
                    "Single Copy": false,
                    "Plans": [
                        {
                            "Node Type": "Aggregate",
                            "Strategy": "Plain",
                            "Partial Mode": "Partial",
                            "Parent Relationship": "Outer",
                            "Parallel Aware": false,
                            "Startup Cost": 32299.78,
                            "Total Cost": 32299.79,
                            "Plan Rows": 1,
                            "Plan Width": 8,
                            "Actual Startup Time": 92.548,
                            "Actual Total Time": 92.549,
                            "Actual Rows": 1,
                            "Actual Loops": 4,
                            "Output": [
                                "PARTIAL count(*)"
                            ],
                            "Workers": [
                                {
                                    "Worker Number": 0,
                                    "Actual Startup Time": 89.839,
                                    "Actual Total Time": 89.84,
                                    "Actual Rows": 1,
                                    "Actual Loops": 1
                                },
                                {
                                    "Worker Number": 1,
                                    "Actual Startup Time": 90.011,
                                    "Actual Total Time": 90.012,
                                    "Actual Rows": 1,
                                    "Actual Loops": 1
                                },
                                {
                                    "Worker Number": 2,
                                    "Actual Startup Time": 90.074,
                                    "Actual Total Time": 90.075,
                                    "Actual Rows": 1,
                                    "Actual Loops": 1
                                }
                            ],
                            "Plans": [
                                {
                                    "Node Type": "Seq Scan",
                                    "Parent Relationship": "Outer",
                                    "Parallel Aware": true,
                                    "Relation Name": "movie_companies",
                                    "Schema": "public",
                                    "Alias": "mc",
                                    "Startup Cost": 0.0,
                                    "Total Cost": 31414.82,
                                    "Plan Rows": 353986,
                                    "Plan Width": 0,
                                    "Actual Startup Time": 45.632,
                                    "Actual Total Time": 80.155,
                                    "Actual Rows": 306453,
                                    "Actual Loops": 4,
                                    "Output": [
                                        "id",
                                        "movie_id",
                                        "company_id",
                                        "company_type_id",
                                        "note"
                                    ],
                                    "Filter": "((mc.company_id > 364) AND (mc.company_type_id > 1))",
                                    "Rows Removed by Filter": 345829,
                                    "Workers": [
                                        {
                                            "Worker Number": 0,
                                            "Actual Startup Time": 42.915,
                                            "Actual Total Time": 77.895,
                                            "Actual Rows": 296937,
                                            "Actual Loops": 1
                                        },
                                        {
                                            "Worker Number": 1,
                                            "Actual Startup Time": 43.094,
                                            "Actual Total Time": 77.986,
                                            "Actual Rows": 297426,
                                            "Actual Loops": 1
                                        },
                                        {
                                            "Worker Number": 2,
                                            "Actual Startup Time": 43.168,
                                            "Actual Total Time": 78.087,
                                            "Actual Rows": 296599,
                                            "Actual Loops": 1
                                        }
                                    ]
                                }
                            ]
                        }
                    ]
                }
            ]
        },
        "Planning Time": 224.886,
        "Triggers": [],
        "Execution Time": 106.766
    }
]