{
  "Plan": {
    "Node Type": "Aggregate",
    "Strategy": "Plain",
    "Partial Mode": "Finalize",
    "Parallel Aware": false,
    "Startup Cost": 127559.34,
    "Total Cost": 127559.35,
    "Plan Rows": 1,
    "Plan Width": 8,
    "Actual Startup Time": 952.676,
    "Actual Total Time": 976.651,
    "Actual Rows": 1,
    "Actual Loops": 1,
    "Plans": [
      {
        "Node Type": "Gather",
        "Parent Relationship": "Outer",
        "Parallel Aware": false,
        "Startup Cost": 127559.23,
        "Total Cost": 127559.34,
        "Plan Rows": 1,
        "Plan Width": 8,
        "Actual Startup Time": 952.262,
        "Actual Total Time": 976.643,
        "Actual Rows": 2,
        "Actual Loops": 1,
        "Workers Planned": 1,
        "Workers Launched": 1,
        "Single Copy": false,
        "Plans": [
          {
            "Node Type": "Aggregate",
            "Strategy": "Plain",
            "Partial Mode": "Partial",
            "Parent Relationship": "Outer",
            "Parallel Aware": false,
            "Startup Cost": 126559.23,
            "Total Cost": 126559.24,
            "Plan Rows": 1,
            "Plan Width": 8,
            "Actual Startup Time": 945.907,
            "Actual Total Time": 945.912,
            "Actual Rows": 1,
            "Actual Loops": 2,
            "Plans": [
              {
                "Node Type": "Nested Loop",
                "Parent Relationship": "Outer",
                "Parallel Aware": false,
                "Join Type": "Inner",
                "Startup Cost": 76889.82,
                "Total Cost": 126545.83,
                "Plan Rows": 5361,
                "Plan Width": 0,
                "Actual Startup Time": 736.906,
                "Actual Total Time": 944.895,
                "Actual Rows": 9834,
                "Actual Loops": 2,
                "Inner Unique": false,
                "Join Filter": "(t.id = mi_idx.movie_id)",
                "Rows Removed by Join Filter": 0,
                "Plans": [
                  {
                    "Node Type": "Hash Join",
                    "Parent Relationship": "Outer",
                    "Parallel Aware": true,
                    "Join Type": "Inner",
                    "Startup Cost": 76889.39,
                    "Total Cost": 110313.72,
                    "Plan Rows": 29182,
                    "Plan Width": 8,
                    "Actual Startup Time": 736.819,
                    "Actual Total Time": 887.968,
                    "Actual Rows": 21942,
                    "Actual Loops": 2,
                    "Inner Unique": true,
                    "Hash Cond": "(mk.movie_id = t.id)",
                    "Plans": [
                      {
                        "Node Type": "Bitmap Heap Scan",
                        "Parent Relationship": "Outer",
                        "Parallel Aware": true,
                        "Relation Name": "movie_keyword",
                        "Alias": "mk",
                        "Startup Cost": 21386.26,
                        "Total Cost": 53253.76,
                        "Plan Rows": 593080,
                        "Plan Width": 4,
                        "Actual Startup Time": 521.307,
                        "Actual Total Time": 644.14,
                        "Actual Rows": 504705,
                        "Actual Loops": 2,
                        "Recheck Cond": "(keyword_id < 978)",
                        "Rows Removed by Index Recheck": 0,
                        "Exact Heap Blocks": 11858,
                        "Lossy Heap Blocks": 0,
                        "Plans": [
                          {
                            "Node Type": "Bitmap Index Scan",
                            "Parent Relationship": "Outer",
                            "Parallel Aware": false,
                            "Index Name": "keyword_id_movie_keyword",
                            "Startup Cost": 0.0,
                            "Total Cost": 21134.2,
                            "Plan Rows": 1008236,
                            "Plan Width": 0,
                            "Actual Startup Time": 507.363,
                            "Actual Total Time": 507.364,
                            "Actual Rows": 1009410,
                            "Actual Loops": 1,
                            "Index Cond": "(keyword_id < 978)"
                          }
                        ]
                      },
                      {
                        "Node Type": "Hash",
                        "Parent Relationship": "Inner",
                        "Parallel Aware": true,
                        "Startup Cost": 54588.39,
                        "Total Cost": 54588.39,
                        "Plan Rows": 73179,
                        "Plan Width": 4,
                        "Actual Startup Time": 158.78,
                        "Actual Total Time": 158.781,
                        "Actual Rows": 62682,
                        "Actual Loops": 2,
                        "Hash Buckets": 131072,
                        "Original Hash Buckets": 131072,
                        "Hash Batches": 1,
                        "Original Hash Batches": 1,
                        "Peak Memory Usage": 5952,
                        "Plans": [
                          {
                            "Node Type": "Seq Scan",
                            "Parent Relationship": "Outer",
                            "Parallel Aware": true,
                            "Relation Name": "title",
                            "Alias": "t",
                            "Startup Cost": 0.0,
                            "Total Cost": 54588.39,
                            "Plan Rows": 73179,
                            "Plan Width": 4,
                            "Actual Startup Time": 72.67,
                            "Actual Total Time": 145.552,
                            "Actual Rows": 62682,
                            "Actual Loops": 2,
                            "Filter": "(production_year < 1934)",
                            "Rows Removed by Filter": 1201474
                          }
                        ]
                      }
                    ]
                  },
                  {
                    "Node Type": "Index Scan",
                    "Parent Relationship": "Inner",
                    "Parallel Aware": false,
                    "Scan Direction": "Forward",
                    "Index Name": "movie_id_movie_info_idx",
                    "Relation Name": "movie_info_idx",
                    "Alias": "mi_idx",
                    "Startup Cost": 0.43,
                    "Total Cost": 0.54,
                    "Plan Rows": 1,
                    "Plan Width": 4,
                    "Actual Startup Time": 0.002,
                    "Actual Total Time": 0.002,
                    "Actual Rows": 0,
                    "Actual Loops": 43885,
                    "Index Cond": "(movie_id = mk.movie_id)",
                    "Rows Removed by Index Recheck": 0,
                    "Filter": "(info_type_id = 100)",
                    "Rows Removed by Filter": 1
                  }
                ]
              }
            ]
          }
        ]
      }
    ]
  },
  "Planning Time": 0.946,
  "Triggers": [],
  "Execution Time": 976.763
}