[
  {
    "Plan": {
      "Node Type": "Aggregate",
      "Strategy": "Plain",
      "Partial Mode": "Finalize",
      "Parallel Aware": false,
      "Startup Cost": 46269.24,
      "Total Cost": 46269.25,
      "Plan Rows": 1,
      "Plan Width": 8,
      "Actual Startup Time": 183.932,
      "Actual Total Time": 195.846,
      "Actual Rows": 1,
      "Actual Loops": 1,
      "Plans": [
        {
          "Node Type": "Gather",
          "Parent Relationship": "Outer",
          "Parallel Aware": false,
          "Startup Cost": 46268.93,
          "Total Cost": 46269.24,
          "Plan Rows": 3,
          "Plan Width": 8,
          "Actual Startup Time": 183.801,
          "Actual Total Time": 195.838,
          "Actual Rows": 4,
          "Actual Loops": 1,
          "Workers Planned": 3,
          "Workers Launched": 3,
          "Single Copy": false,
          "Plans": [
            {
              "Node Type": "Aggregate",
              "Strategy": "Plain",
              "Partial Mode": "Partial",
              "Parent Relationship": "Outer",
              "Parallel Aware": false,
              "Startup Cost": 45268.93,
              "Total Cost": 45268.94,
              "Plan Rows": 1,
              "Plan Width": 8,
              "Actual Startup Time": 175.37,
              "Actual Total Time": 175.371,
              "Actual Rows": 1,
              "Actual Loops": 4,
              "Plans": [
                {
                  "Node Type": "Seq Scan",
                  "Parent Relationship": "Outer",
                  "Parallel Aware": true,
                  "Relation Name": "movie_keyword",
                  "Alias": "mk",
                  "Startup Cost": 0.0,
                  "Total Cost": 42695.65,
                  "Plan Rows": 1029309,
                  "Plan Width": 0,
                  "Actual Startup Time": 0.064,
                  "Actual Total Time": 133.548,
                  "Actual Rows": 797710,
                  "Actual Loops": 4,
                  "Filter": "(keyword_id < 12925)",
                  "Rows Removed by Filter": 333273
                }
              ]
            }
          ]
        }
      ]
    },
    "Planning Time": 0.09,
    "Triggers": [],
    "Execution Time": 195.876
  }
]