[
  {
    "Plan": {
      "Node Type": "Aggregate",
      "Strategy": "Plain",
      "Partial Mode": "Finalize",
      "Parallel Aware": false,
      "Startup Cost": 81885.11,
      "Total Cost": 81885.12,
      "Plan Rows": 1,
      "Plan Width": 8,
      "Actual Startup Time": 144.962,
      "Actual Total Time": 169.737,
      "Actual Rows": 1,
      "Actual Loops": 1,
      "Plans": [
        {
          "Node Type": "Gather",
          "Parent Relationship": "Outer",
          "Parallel Aware": false,
          "Startup Cost": 81884.69,
          "Total Cost": 81885.1,
          "Plan Rows": 4,
          "Plan Width": 8,
          "Actual Startup Time": 144.829,
          "Actual Total Time": 169.729,
          "Actual Rows": 5,
          "Actual Loops": 1,
          "Workers Planned": 4,
          "Workers Launched": 4,
          "Single Copy": false,
          "Plans": [
            {
              "Node Type": "Aggregate",
              "Strategy": "Plain",
              "Partial Mode": "Partial",
              "Parent Relationship": "Outer",
              "Parallel Aware": false,
              "Startup Cost": 80884.69,
              "Total Cost": 80884.7,
              "Plan Rows": 1,
              "Plan Width": 8,
              "Actual Startup Time": 134.972,
              "Actual Total Time": 134.974,
              "Actual Rows": 1,
              "Actual Loops": 5,
              "Plans": [
                {
                  "Node Type": "Nested Loop",
                  "Parent Relationship": "Outer",
                  "Parallel Aware": false,
                  "Join Type": "Inner",
                  "Startup Cost": 0.56,
                  "Total Cost": 80883.7,
                  "Plan Rows": 396,
                  "Plan Width": 0,
                  "Actual Startup Time": 9.741,
                  "Actual Total Time": 134.7,
                  "Actual Rows": 2097,
                  "Actual Loops": 5,
                  "Inner Unique": false,
                  "Plans": [
                    {
                      "Node Type": "Seq Scan",
                      "Parent Relationship": "Outer",
                      "Parallel Aware": true,
                      "Relation Name": "title",
                      "Alias": "t",
                      "Startup Cost": 0.0,
                      "Total Cost": 45479.1,
                      "Plan Rows": 247,
                      "Plan Width": 4,
                      "Actual Startup Time": 4.061,
                      "Actual Total Time": 86.454,
                      "Actual Rows": 672,
                      "Actual Loops": 5,
                      "Filter": "((kind_id < 4) AND (production_year > 2013))",
                      "Rows Removed by Filter": 504991
                    },
                    {
                      "Node Type": "Index Scan",
                      "Parent Relationship": "Inner",
                      "Parallel Aware": false,
                      "Scan Direction": "Forward",
                      "Index Name": "movie_id_cast_info",
                      "Relation Name": "cast_info",
                      "Alias": "ci",
                      "Startup Cost": 0.56,
                      "Total Cost": 143.3,
                      "Plan Rows": 4,
                      "Plan Width": 4,
                      "Actual Startup Time": 0.041,
                      "Actual Total Time": 0.071,
                      "Actual Rows": 3,
                      "Actual Loops": 3358,
                      "Index Cond": "(movie_id = t.id)",
                      "Rows Removed by Index Recheck": 0,
                      "Filter": "(role_id = 3)",
                      "Rows Removed by Filter": 9
                    }
                  ]
                }
              ]
            }
          ]
        }
      ]
    },
    "Planning Time": 0.561,
    "Triggers": [],
    "Execution Time": 169.81
  }
]