[
    {
        "Bao": {
            "Bao prediction": "NaN",
            "Bao recommended hint": "(no hint)"
        }
    },
    {
        "Plan": {
            "Node Type": "Aggregate",
            "Strategy": "Plain",
            "Partial Mode": "Simple",
            "Parallel Aware": false,
            "Startup Cost": 11861.82,
            "Total Cost": 11861.83,
            "Plan Rows": 1,
            "Plan Width": 8,
            "Actual Startup Time": 5.005,
            "Actual Total Time": 5.008,
            "Actual Rows": 1,
            "Actual Loops": 1,
            "Output": [
                "count(*)"
            ],
            "Plans": [
                {
                    "Node Type": "Bitmap Heap Scan",
                    "Parent Relationship": "Outer",
                    "Parallel Aware": false,
                    "Relation Name": "movie_companies",
                    "Schema": "public",
                    "Alias": "mc",
                    "Startup Cost": 116.89,
                    "Total Cost": 11855.06,
                    "Plan Rows": 2705,
                    "Plan Width": 0,
                    "Actual Startup Time": 4.961,
                    "Actual Total Time": 4.994,
                    "Actual Rows": 10,
                    "Actual Loops": 1,
                    "Recheck Cond": "(mc.company_id = 49)",
                    "Rows Removed by Index Recheck": 0,
                    "Filter": "(mc.company_type_id > 1)",
                    "Rows Removed by Filter": 5156,
                    "Exact Heap Blocks": 934,
                    "Lossy Heap Blocks": 0,
                    "Plans": [
                        {
                            "Node Type": "Bitmap Index Scan",
                            "Parent Relationship": "Outer",
                            "Parallel Aware": false,
                            "Index Name": "company_id_movie_companies",
                            "Startup Cost": 0.0,
                            "Total Cost": 116.22,
                            "Plan Rows": 5305,
                            "Plan Width": 0,
                            "Actual Startup Time": 0.886,
                            "Actual Total Time": 0.887,
                            "Actual Rows": 5166,
                            "Actual Loops": 1,
                            "Index Cond": "(mc.company_id = 49)"
                        }
                    ]
                }
            ]
        },
        "Planning Time": 191.666,
        "Triggers": [],
        "Execution Time": 5.104
    }
]