[
  {
    "Plan": {
      "Node Type": "Aggregate",
      "Strategy": "Plain",
      "Partial Mode": "Finalize",
      "Parallel Aware": false,
      "Startup Cost": 84758.18,
      "Total Cost": 84758.19,
      "Plan Rows": 1,
      "Plan Width": 8,
      "Actual Startup Time": 465.043,
      "Actual Total Time": 481.812,
      "Actual Rows": 1,
      "Actual Loops": 1,
      "Plans": [
        {
          "Node Type": "Gather",
          "Parent Relationship": "Outer",
          "Parallel Aware": false,
          "Startup Cost": 84757.86,
          "Total Cost": 84758.17,
          "Plan Rows": 3,
          "Plan Width": 8,
          "Actual Startup Time": 460.22,
          "Actual Total Time": 481.803,
          "Actual Rows": 4,
          "Actual Loops": 1,
          "Workers Planned": 3,
          "Workers Launched": 3,
          "Single Copy": false,
          "Plans": [
            {
              "Node Type": "Aggregate",
              "Strategy": "Plain",
              "Partial Mode": "Partial",
              "Parent Relationship": "Outer",
              "Parallel Aware": false,
              "Startup Cost": 83757.86,
              "Total Cost": 83757.87,
              "Plan Rows": 1,
              "Plan Width": 8,
              "Actual Startup Time": 448.724,
              "Actual Total Time": 448.727,
              "Actual Rows": 1,
              "Actual Loops": 4,
              "Plans": [
                {
                  "Node Type": "Hash Join",
                  "Parent Relationship": "Outer",
                  "Parallel Aware": true,
                  "Join Type": "Inner",
                  "Startup Cost": 50709.91,
                  "Total Cost": 83126.33,
                  "Plan Rows": 252614,
                  "Plan Width": 0,
                  "Actual Startup Time": 306.481,
                  "Actual Total Time": 442.091,
                  "Actual Rows": 153436,
                  "Actual Loops": 4,
                  "Inner Unique": true,
                  "Hash Cond": "(mc.movie_id = t.id)",
                  "Plans": [
                    {
                      "Node Type": "Seq Scan",
                      "Parent Relationship": "Outer",
                      "Parallel Aware": true,
                      "Relation Name": "movie_companies",
                      "Alias": "mc",
                      "Startup Cost": 0.0,
                      "Total Cost": 31414.82,
                      "Plan Rows": 381562,
                      "Plan Width": 4,
                      "Actual Startup Time": 31.204,
                      "Actual Total Time": 70.937,
                      "Actual Rows": 317704,
                      "Actual Loops": 4,
                      "Filter": "((company_id > 145) AND (company_type_id = 2))",
                      "Rows Removed by Filter": 334578
                    },
                    {
                      "Node Type": "Hash",
                      "Parent Relationship": "Inner",
                      "Parallel Aware": true,
                      "Startup Cost": 45479.1,
                      "Total Cost": 45479.1,
                      "Plan Rows": 418465,
                      "Plan Width": 4,
                      "Actual Startup Time": 267.709,
                      "Actual Total Time": 267.71,
                      "Actual Rows": 444829,
                      "Actual Loops": 4,
                      "Hash Buckets": 2097152,
                      "Original Hash Buckets": 2097152,
                      "Hash Batches": 1,
                      "Original Hash Batches": 1,
                      "Peak Memory Usage": 86048,
                      "Plans": [
                        {
                          "Node Type": "Seq Scan",
                          "Parent Relationship": "Outer",
                          "Parallel Aware": true,
                          "Relation Name": "title",
                          "Alias": "t",
                          "Startup Cost": 0.0,
                          "Total Cost": 45479.1,
                          "Plan Rows": 418465,
                          "Plan Width": 4,
                          "Actual Startup Time": 0.04,
                          "Actual Total Time": 115.057,
                          "Actual Rows": 444829,
                          "Actual Loops": 4,
                          "Filter": "((kind_id > 1) AND (production_year > 1954))",
                          "Rows Removed by Filter": 187249
                        }
                      ]
                    }
                  ]
                }
              ]
            }
          ]
        }
      ]
    },
    "Planning Time": 0.621,
    "Triggers": [],
    "Execution Time": 481.89
  }
]