[
  {
    "Plan": {
      "Node Type": "Aggregate",
      "Strategy": "Plain",
      "Partial Mode": "Finalize",
      "Parallel Aware": false,
      "Startup Cost": 95788.57,
      "Total Cost": 95788.58,
      "Plan Rows": 1,
      "Plan Width": 8,
      "Actual Startup Time": 403.746,
      "Actual Total Time": 422.006,
      "Actual Rows": 1,
      "Actual Loops": 1,
      "Plans": [
        {
          "Node Type": "Gather",
          "Parent Relationship": "Outer",
          "Parallel Aware": false,
          "Startup Cost": 95788.25,
          "Total Cost": 95788.56,
          "Plan Rows": 3,
          "Plan Width": 8,
          "Actual Startup Time": 397.587,
          "Actual Total Time": 421.996,
          "Actual Rows": 4,
          "Actual Loops": 1,
          "Workers Planned": 3,
          "Workers Launched": 3,
          "Single Copy": false,
          "Plans": [
            {
              "Node Type": "Aggregate",
              "Strategy": "Plain",
              "Partial Mode": "Partial",
              "Parent Relationship": "Outer",
              "Parallel Aware": false,
              "Startup Cost": 94788.25,
              "Total Cost": 94788.26,
              "Plan Rows": 1,
              "Plan Width": 8,
              "Actual Startup Time": 385.459,
              "Actual Total Time": 385.581,
              "Actual Rows": 1,
              "Actual Loops": 4,
              "Plans": [
                {
                  "Node Type": "Hash Join",
                  "Parent Relationship": "Outer",
                  "Parallel Aware": true,
                  "Join Type": "Inner",
                  "Startup Cost": 64621.68,
                  "Total Cost": 94756.15,
                  "Plan Rows": 12841,
                  "Plan Width": 0,
                  "Actual Startup Time": 307.723,
                  "Actual Total Time": 383.099,
                  "Actual Rows": 52776,
                  "Actual Loops": 4,
                  "Inner Unique": false,
                  "Hash Cond": "(mc.movie_id = t.id)",
                  "Plans": [
                    {
                      "Node Type": "Seq Scan",
                      "Parent Relationship": "Outer",
                      "Parallel Aware": true,
                      "Relation Name": "movie_companies",
                      "Alias": "mc",
                      "Startup Cost": 0.0,
                      "Total Cost": 29310.68,
                      "Plan Rows": 205411,
                      "Plan Width": 4,
                      "Actual Startup Time": 21.315,
                      "Actual Total Time": 64.427,
                      "Actual Rows": 162364,
                      "Actual Loops": 4,
                      "Filter": "(company_id > 54895)",
                      "Rows Removed by Filter": 489918
                    },
                    {
                      "Node Type": "Hash",
                      "Parent Relationship": "Inner",
                      "Parallel Aware": true,
                      "Startup Cost": 63798.5,
                      "Total Cost": 63798.5,
                      "Plan Rows": 65854,
                      "Plan Width": 8,
                      "Actual Startup Time": 283.9,
                      "Actual Total Time": 284.019,
                      "Actual Rows": 68310,
                      "Actual Loops": 4,
                      "Hash Buckets": 524288,
                      "Original Hash Buckets": 262144,
                      "Hash Batches": 1,
                      "Original Hash Batches": 1,
                      "Peak Memory Usage": 16896,
                      "Plans": [
                        {
                          "Node Type": "Hash Join",
                          "Parent Relationship": "Outer",
                          "Parallel Aware": true,
                          "Join Type": "Inner",
                          "Startup Cost": 48167.85,
                          "Total Cost": 63798.5,
                          "Plan Rows": 65854,
                          "Plan Width": 8,
                          "Actual Startup Time": 179.351,
                          "Actual Total Time": 257.024,
                          "Actual Rows": 68310,
                          "Actual Loops": 4,
                          "Inner Unique": true,
                          "Hash Cond": "(mi_idx.movie_id = t.id)",
                          "Plans": [
                            {
                              "Node Type": "Seq Scan",
                              "Parent Relationship": "Outer",
                              "Parallel Aware": true,
                              "Relation Name": "movie_info_idx",
                              "Alias": "mi_idx",
                              "Startup Cost": 0.0,
                              "Total Cost": 15122.68,
                              "Plan Rows": 193512,
                              "Plan Width": 4,
                              "Actual Startup Time": 0.026,
                              "Actual Total Time": 33.518,
                              "Actual Rows": 114981,
                              "Actual Loops": 4,
                              "Filter": "(info_type_id = 100)",
                              "Rows Removed by Filter": 230028
                            },
                            {
                              "Node Type": "Hash",
                              "Parent Relationship": "Inner",
                              "Parallel Aware": true,
                              "Startup Cost": 45479.1,
                              "Total Cost": 45479.1,
                              "Plan Rows": 215100,
                              "Plan Width": 4,
                              "Actual Startup Time": 175.784,
                              "Actual Total Time": 175.785,
                              "Actual Rows": 192488,
                              "Actual Loops": 4,
                              "Hash Buckets": 1048576,
                              "Original Hash Buckets": 1048576,
                              "Hash Batches": 1,
                              "Original Hash Batches": 1,
                              "Peak Memory Usage": 38368,
                              "Plans": [
                                {
                                  "Node Type": "Seq Scan",
                                  "Parent Relationship": "Outer",
                                  "Parallel Aware": true,
                                  "Relation Name": "title",
                                  "Alias": "t",
                                  "Startup Cost": 0.0,
                                  "Total Cost": 45479.1,
                                  "Plan Rows": 215100,
                                  "Plan Width": 4,
                                  "Actual Startup Time": 0.042,
                                  "Actual Total Time": 108.136,
                                  "Actual Rows": 192488,
                                  "Actual Loops": 4,
                                  "Filter": "((kind_id < 7) AND (production_year > 1962))",
                                  "Rows Removed by Filter": 439590
                                }
                              ]
                            }
                          ]
                        }
                      ]
                    }
                  ]
                }
              ]
            }
          ]
        }
      ]
    },
    "Planning Time": 1.398,
    "Triggers": [],
    "Execution Time": 422.092
  }
]