[
  {
    "Plan": {
      "Node Type": "Aggregate",
      "Strategy": "Plain",
      "Partial Mode": "Simple",
      "Parallel Aware": false,
      "Startup Cost": 6852.33,
      "Total Cost": 6852.34,
      "Plan Rows": 1,
      "Plan Width": 8,
      "Actual Startup Time": 2.778,
      "Actual Total Time": 2.778,
      "Actual Rows": 1,
      "Actual Loops": 1,
      "Plans": [
        {
          "Node Type": "Index Only Scan",
          "Parent Relationship": "Outer",
          "Parallel Aware": false,
          "Scan Direction": "Forward",
          "Index Name": "company_id_movie_companies",
          "Relation Name": "movie_companies",
          "Alias": "mc",
          "Startup Cost": 0.43,
          "Total Cost": 6845.37,
          "Plan Rows": 2783,
          "Plan Width": 0,
          "Actual Startup Time": 0.121,
          "Actual Total Time": 2.523,
          "Actual Rows": 3430,
          "Actual Loops": 1,
          "Index Cond": "(company_id = 428)",
          "Rows Removed by Index Recheck": 0,
          "Heap Fetches": 3430
        }
      ]
    },
    "Planning Time": 0.081,
    "Triggers": [],
    "Execution Time": 2.801
  }
]