{
  "Plan": {
    "Node Type": "Aggregate",
    "Strategy": "Plain",
    "Partial Mode": "Finalize",
    "Parallel Aware": false,
    "Startup Cost": 396351.74,
    "Total Cost": 396351.75,
    "Plan Rows": 1,
    "Plan Width": 8,
    "Actual Startup Time": 2074.731,
    "Actual Total Time": 2122.305,
    "Actual Rows": 1,
    "Actual Loops": 1,
    "Plans": [
      {
        "Node Type": "Gather",
        "Parent Relationship": "Outer",
        "Parallel Aware": false,
        "Startup Cost": 396351.63,
        "Total Cost": 396351.74,
        "Plan Rows": 1,
        "Plan Width": 8,
        "Actual Startup Time": 2073.677,
        "Actual Total Time": 2122.297,
        "Actual Rows": 2,
        "Actual Loops": 1,
        "Workers Planned": 1,
        "Workers Launched": 1,
        "Single Copy": false,
        "Plans": [
          {
            "Node Type": "Aggregate",
            "Strategy": "Plain",
            "Partial Mode": "Partial",
            "Parent Relationship": "Outer",
            "Parallel Aware": false,
            "Startup Cost": 395351.63,
            "Total Cost": 395351.64,
            "Plan Rows": 1,
            "Plan Width": 8,
            "Actual Startup Time": 2067.413,
            "Actual Total Time": 2067.417,
            "Actual Rows": 1,
            "Actual Loops": 2,
            "Plans": [
              {
                "Node Type": "Nested Loop",
                "Parent Relationship": "Outer",
                "Parallel Aware": false,
                "Join Type": "Inner",
                "Startup Cost": 29440.57,
                "Total Cost": 393134.72,
                "Plan Rows": 886762,
                "Plan Width": 0,
                "Actual Startup Time": 288.089,
                "Actual Total Time": 1971.208,
                "Actual Rows": 2410234,
                "Actual Loops": 2,
                "Inner Unique": false,
                "Plans": [
                  {
                    "Node Type": "Hash Join",
                    "Parent Relationship": "Outer",
                    "Parallel Aware": true,
                    "Join Type": "Inner",
                    "Startup Cost": 29440.14,
                    "Total Cost": 93106.74,
                    "Plan Rows": 151654,
                    "Plan Width": 8,
                    "Actual Startup Time": 288.011,
                    "Actual Total Time": 526.859,
                    "Actual Rows": 129332,
                    "Actual Loops": 2,
                    "Inner Unique": false,
                    "Hash Cond": "(t.id = mc.movie_id)",
                    "Plans": [
                      {
                        "Node Type": "Seq Scan",
                        "Parent Relationship": "Outer",
                        "Parallel Aware": true,
                        "Relation Name": "title",
                        "Alias": "t",
                        "Startup Cost": 0.0,
                        "Total Cost": 54588.39,
                        "Plan Rows": 1309782,
                        "Plan Width": 4,
                        "Actual Startup Time": 0.019,
                        "Actual Total Time": 159.684,
                        "Actual Rows": 1112284,
                        "Actual Loops": 2,
                        "Filter": "(production_year < 2012)",
                        "Rows Removed by Filter": 151872
                      },
                      {
                        "Node Type": "Hash",
                        "Parent Relationship": "Inner",
                        "Parallel Aware": true,
                        "Startup Cost": 27287.65,
                        "Total Cost": 27287.65,
                        "Plan Rows": 172199,
                        "Plan Width": 4,
                        "Actual Startup Time": 100.01,
                        "Actual Total Time": 100.012,
                        "Actual Rows": 145060,
                        "Actual Loops": 2,
                        "Hash Buckets": 524288,
                        "Original Hash Buckets": 524288,
                        "Hash Batches": 1,
                        "Original Hash Batches": 1,
                        "Peak Memory Usage": 15488,
                        "Plans": [
                          {
                            "Node Type": "Bitmap Heap Scan",
                            "Parent Relationship": "Outer",
                            "Parallel Aware": true,
                            "Relation Name": "movie_companies",
                            "Alias": "mc",
                            "Startup Cost": 6345.16,
                            "Total Cost": 27287.65,
                            "Plan Rows": 172199,
                            "Plan Width": 4,
                            "Actual Startup Time": 29.033,
                            "Actual Total Time": 62.995,
                            "Actual Rows": 145060,
                            "Actual Loops": 2,
                            "Recheck Cond": "(company_id > 94928)",
                            "Rows Removed by Index Recheck": 0,
                            "Exact Heap Blocks": 3097,
                            "Lossy Heap Blocks": 0,
                            "Plans": [
                              {
                                "Node Type": "Bitmap Index Scan",
                                "Parent Relationship": "Outer",
                                "Parallel Aware": false,
                                "Index Name": "company_id_movie_companies",
                                "Startup Cost": 0.0,
                                "Total Cost": 6271.97,
                                "Plan Rows": 292739,
                                "Plan Width": 0,
                                "Actual Startup Time": 28.713,
                                "Actual Total Time": 28.713,
                                "Actual Rows": 290121,
                                "Actual Loops": 1,
                                "Index Cond": "(company_id > 94928)"
                              }
                            ]
                          }
                        ]
                      }
                    ]
                  },
                  {
                    "Node Type": "Index Only Scan",
                    "Parent Relationship": "Inner",
                    "Parallel Aware": false,
                    "Scan Direction": "Forward",
                    "Index Name": "movie_id_movie_info",
                    "Relation Name": "movie_info",
                    "Alias": "mi",
                    "Startup Cost": 0.43,
                    "Total Cost": 1.56,
                    "Plan Rows": 42,
                    "Plan Width": 4,
                    "Actual Startup Time": 0.003,
                    "Actual Total Time": 0.01,
                    "Actual Rows": 19,
                    "Actual Loops": 258665,
                    "Index Cond": "(movie_id = t.id)",
                    "Rows Removed by Index Recheck": 0,
                    "Heap Fetches": 4820467
                  }
                ]
              }
            ]
          }
        ]
      }
    ]
  },
  "Planning Time": 1.072,
  "Triggers": [],
  "Execution Time": 2122.43
}