[
  {
    "Plan": {
      "Node Type": "Aggregate",
      "Strategy": "Plain",
      "Partial Mode": "Finalize",
      "Parallel Aware": false,
      "Startup Cost": 306017.59,
      "Total Cost": 306017.6,
      "Plan Rows": 1,
      "Plan Width": 8,
      "Actual Startup Time": 178.431,
      "Actual Total Time": 186.344,
      "Actual Rows": 1,
      "Actual Loops": 1,
      "Plans": [
        {
          "Node Type": "Gather",
          "Parent Relationship": "Outer",
          "Parallel Aware": false,
          "Startup Cost": 306016.96,
          "Total Cost": 306017.57,
          "Plan Rows": 6,
          "Plan Width": 8,
          "Actual Startup Time": 177.958,
          "Actual Total Time": 186.337,
          "Actual Rows": 7,
          "Actual Loops": 1,
          "Workers Planned": 6,
          "Workers Launched": 6,
          "Single Copy": false,
          "Plans": [
            {
              "Node Type": "Aggregate",
              "Strategy": "Plain",
              "Partial Mode": "Partial",
              "Parent Relationship": "Outer",
              "Parallel Aware": false,
              "Startup Cost": 305016.96,
              "Total Cost": 305016.97,
              "Plan Rows": 1,
              "Plan Width": 8,
              "Actual Startup Time": 167.366,
              "Actual Total Time": 167.368,
              "Actual Rows": 1,
              "Actual Loops": 7,
              "Plans": [
                {
                  "Node Type": "Bitmap Heap Scan",
                  "Parent Relationship": "Outer",
                  "Parallel Aware": true,
                  "Relation Name": "cast_info",
                  "Alias": "ci",
                  "Startup Cost": 46472.4,
                  "Total Cost": 304439.95,
                  "Plan Rows": 230807,
                  "Plan Width": 0,
                  "Actual Startup Time": 135.832,
                  "Actual Total Time": 163.49,
                  "Actual Rows": 85863,
                  "Actual Loops": 7,
                  "Recheck Cond": "(person_id < 207025)",
                  "Rows Removed by Index Recheck": 0,
                  "Filter": "(role_id > 1)",
                  "Rows Removed by Filter": 215690,
                  "Exact Heap Blocks": 6104,
                  "Lossy Heap Blocks": 0,
                  "Plans": [
                    {
                      "Node Type": "Bitmap Index Scan",
                      "Parent Relationship": "Outer",
                      "Parallel Aware": false,
                      "Index Name": "person_id_cast_info",
                      "Startup Cost": 0.0,
                      "Total Cost": 46126.19,
                      "Plan Rows": 2112217,
                      "Plan Width": 0,
                      "Actual Startup Time": 90.117,
                      "Actual Total Time": 90.117,
                      "Actual Rows": 2110873,
                      "Actual Loops": 1,
                      "Index Cond": "(person_id < 207025)"
                    }
                  ]
                }
              ]
            }
          ]
        }
      ]
    },
    "Planning Time": 0.229,
    "Triggers": [],
    "Execution Time": 186.419
  }
]