[
  {
    "Plan": {
      "Node Type": "Aggregate",
      "Strategy": "Plain",
      "Partial Mode": "Finalize",
      "Parallel Aware": false,
      "Startup Cost": 33417.42,
      "Total Cost": 33417.43,
      "Plan Rows": 1,
      "Plan Width": 8,
      "Actual Startup Time": 108.127,
      "Actual Total Time": 113.889,
      "Actual Rows": 1,
      "Actual Loops": 1,
      "Plans": [
        {
          "Node Type": "Gather",
          "Parent Relationship": "Outer",
          "Parallel Aware": false,
          "Startup Cost": 33417.11,
          "Total Cost": 33417.42,
          "Plan Rows": 3,
          "Plan Width": 8,
          "Actual Startup Time": 107.995,
          "Actual Total Time": 113.881,
          "Actual Rows": 4,
          "Actual Loops": 1,
          "Workers Planned": 3,
          "Workers Launched": 3,
          "Single Copy": false,
          "Plans": [
            {
              "Node Type": "Aggregate",
              "Strategy": "Plain",
              "Partial Mode": "Partial",
              "Parent Relationship": "Outer",
              "Parallel Aware": false,
              "Startup Cost": 32417.11,
              "Total Cost": 32417.12,
              "Plan Rows": 1,
              "Plan Width": 8,
              "Actual Startup Time": 102.682,
              "Actual Total Time": 102.683,
              "Actual Rows": 1,
              "Actual Loops": 4,
              "Plans": [
                {
                  "Node Type": "Seq Scan",
                  "Parent Relationship": "Outer",
                  "Parallel Aware": true,
                  "Relation Name": "movie_companies",
                  "Alias": "mc",
                  "Startup Cost": 0.0,
                  "Total Cost": 31414.82,
                  "Plan Rows": 400915,
                  "Plan Width": 0,
                  "Actual Startup Time": 0.028,
                  "Actual Total Time": 85.756,
                  "Actual Rows": 303526,
                  "Actual Loops": 4,
                  "Filter": "((company_id > 7) AND (company_type_id < 2))",
                  "Rows Removed by Filter": 348756
                }
              ]
            }
          ]
        }
      ]
    },
    "Planning Time": 0.137,
    "Triggers": [],
    "Execution Time": 113.926
  }
]