[
  {
    "Plan": {
      "Node Type": "Aggregate",
      "Strategy": "Plain",
      "Partial Mode": "Finalize",
      "Parallel Aware": false,
      "Startup Cost": 33425.19,
      "Total Cost": 33425.2,
      "Plan Rows": 1,
      "Plan Width": 8,
      "Actual Startup Time": 113.731,
      "Actual Total Time": 119.6,
      "Actual Rows": 1,
      "Actual Loops": 1,
      "Plans": [
        {
          "Node Type": "Gather",
          "Parent Relationship": "Outer",
          "Parallel Aware": false,
          "Startup Cost": 33424.87,
          "Total Cost": 33425.18,
          "Plan Rows": 3,
          "Plan Width": 8,
          "Actual Startup Time": 113.636,
          "Actual Total Time": 119.591,
          "Actual Rows": 4,
          "Actual Loops": 1,
          "Workers Planned": 3,
          "Workers Launched": 3,
          "Single Copy": false,
          "Plans": [
            {
              "Node Type": "Aggregate",
              "Strategy": "Plain",
              "Partial Mode": "Partial",
              "Parent Relationship": "Outer",
              "Parallel Aware": false,
              "Startup Cost": 32424.87,
              "Total Cost": 32424.88,
              "Plan Rows": 1,
              "Plan Width": 8,
              "Actual Startup Time": 105.33,
              "Actual Total Time": 105.331,
              "Actual Rows": 1,
              "Actual Loops": 4,
              "Plans": [
                {
                  "Node Type": "Seq Scan",
                  "Parent Relationship": "Outer",
                  "Parallel Aware": true,
                  "Relation Name": "movie_companies",
                  "Alias": "mc",
                  "Startup Cost": 0.0,
                  "Total Cost": 31414.82,
                  "Plan Rows": 404021,
                  "Plan Width": 0,
                  "Actual Startup Time": 0.046,
                  "Actual Total Time": 87.188,
                  "Actual Rows": 303526,
                  "Actual Loops": 4,
                  "Filter": "((company_id > 7) AND (company_type_id < 2))",
                  "Rows Removed by Filter": 348756
                }
              ]
            }
          ]
        }
      ]
    },
    "Planning Time": 0.259,
    "Triggers": [],
    "Execution Time": 119.654
  }
]