[
    {
        "Bao": {
            "Bao prediction": "NaN",
            "Bao recommended hint": "(no hint)"
        }
    },
    {
        "Plan": {
            "Node Type": "Aggregate",
            "Strategy": "Plain",
            "Partial Mode": "Finalize",
            "Parallel Aware": false,
            "Startup Cost": 32312.84,
            "Total Cost": 32312.85,
            "Plan Rows": 1,
            "Plan Width": 8,
            "Actual Startup Time": 86.916,
            "Actual Total Time": 92.529,
            "Actual Rows": 1,
            "Actual Loops": 1,
            "Output": [
                "count(*)"
            ],
            "Plans": [
                {
                    "Node Type": "Gather",
                    "Parent Relationship": "Outer",
                    "Parallel Aware": false,
                    "Startup Cost": 32312.52,
                    "Total Cost": 32312.83,
                    "Plan Rows": 3,
                    "Plan Width": 8,
                    "Actual Startup Time": 86.651,
                    "Actual Total Time": 92.523,
                    "Actual Rows": 4,
                    "Actual Loops": 1,
                    "Output": [
                        "(PARTIAL count(*))"
                    ],
                    "Workers Planned": 3,
                    "Workers Launched": 3,
                    "Single Copy": false,
                    "Plans": [
                        {
                            "Node Type": "Aggregate",
                            "Strategy": "Plain",
                            "Partial Mode": "Partial",
                            "Parent Relationship": "Outer",
                            "Parallel Aware": false,
                            "Startup Cost": 31312.52,
                            "Total Cost": 31312.53,
                            "Plan Rows": 1,
                            "Plan Width": 8,
                            "Actual Startup Time": 78.583,
                            "Actual Total Time": 78.585,
                            "Actual Rows": 1,
                            "Actual Loops": 4,
                            "Output": [
                                "PARTIAL count(*)"
                            ],
                            "Workers": [
                                {
                                    "Worker Number": 0,
                                    "Actual Startup Time": 76.95,
                                    "Actual Total Time": 76.952,
                                    "Actual Rows": 1,
                                    "Actual Loops": 1
                                },
                                {
                                    "Worker Number": 1,
                                    "Actual Startup Time": 75.383,
                                    "Actual Total Time": 75.385,
                                    "Actual Rows": 1,
                                    "Actual Loops": 1
                                },
                                {
                                    "Worker Number": 2,
                                    "Actual Startup Time": 75.6,
                                    "Actual Total Time": 75.601,
                                    "Actual Rows": 1,
                                    "Actual Loops": 1
                                }
                            ],
                            "Plans": [
                                {
                                    "Node Type": "Bitmap Heap Scan",
                                    "Parent Relationship": "Outer",
                                    "Parallel Aware": true,
                                    "Relation Name": "movie_keyword",
                                    "Schema": "public",
                                    "Alias": "mk",
                                    "Startup Cost": 5584.69,
                                    "Total Cost": 31100.22,
                                    "Plan Rows": 84922,
                                    "Plan Width": 0,
                                    "Actual Startup Time": 15.799,
                                    "Actual Total Time": 74.4,
                                    "Actual Rows": 65067,
                                    "Actual Loops": 4,
                                    "Recheck Cond": "(mk.keyword_id > 59318)",
                                    "Rows Removed by Index Recheck": 0,
                                    "Exact Heap Blocks": 11248,
                                    "Lossy Heap Blocks": 0,
                                    "Workers": [
                                        {
                                            "Worker Number": 0,
                                            "Actual Startup Time": 14.08,
                                            "Actual Total Time": 73.131,
                                            "Actual Rows": 45455,
                                            "Actual Loops": 1
                                        },
                                        {
                                            "Worker Number": 1,
                                            "Actual Startup Time": 12.707,
                                            "Actual Total Time": 71.736,
                                            "Actual Rows": 35343,
                                            "Actual Loops": 1
                                        },
                                        {
                                            "Worker Number": 2,
                                            "Actual Startup Time": 13.005,
                                            "Actual Total Time": 71.96,
                                            "Actual Rows": 43893,
                                            "Actual Loops": 1
                                        }
                                    ],
                                    "Plans": [
                                        {
                                            "Node Type": "Bitmap Index Scan",
                                            "Parent Relationship": "Outer",
                                            "Parallel Aware": false,
                                            "Index Name": "keyword_id_movie_keyword",
                                            "Startup Cost": 0.0,
                                            "Total Cost": 5518.88,
                                            "Plan Rows": 263259,
                                            "Plan Width": 0,
                                            "Actual Startup Time": 19.945,
                                            "Actual Total Time": 19.946,
                                            "Actual Rows": 260267,
                                            "Actual Loops": 1,
                                            "Index Cond": "(mk.keyword_id > 59318)"
                                        }
                                    ]
                                }
                            ]
                        }
                    ]
                }
            ]
        },
        "Planning Time": 196.419,
        "Triggers": [],
        "Execution Time": 92.585
    }
]