{
  "Plan": {
    "Node Type": "Aggregate",
    "Strategy": "Plain",
    "Partial Mode": "Finalize",
    "Parallel Aware": false,
    "Startup Cost": 206201.14,
    "Total Cost": 206201.15,
    "Plan Rows": 1,
    "Plan Width": 8,
    "Actual Startup Time": 748.025,
    "Actual Total Time": 760.634,
    "Actual Rows": 1,
    "Actual Loops": 1,
    "Plans": [
      {
        "Node Type": "Gather",
        "Parent Relationship": "Outer",
        "Parallel Aware": false,
        "Startup Cost": 206201.02,
        "Total Cost": 206201.13,
        "Plan Rows": 1,
        "Plan Width": 8,
        "Actual Startup Time": 747.322,
        "Actual Total Time": 760.624,
        "Actual Rows": 2,
        "Actual Loops": 1,
        "Workers Planned": 1,
        "Workers Launched": 1,
        "Single Copy": false,
        "Plans": [
          {
            "Node Type": "Aggregate",
            "Strategy": "Plain",
            "Partial Mode": "Partial",
            "Parent Relationship": "Outer",
            "Parallel Aware": false,
            "Startup Cost": 205201.02,
            "Total Cost": 205201.03,
            "Plan Rows": 1,
            "Plan Width": 8,
            "Actual Startup Time": 740.386,
            "Actual Total Time": 740.39,
            "Actual Rows": 1,
            "Actual Loops": 2,
            "Plans": [
              {
                "Node Type": "Hash Join",
                "Parent Relationship": "Outer",
                "Parallel Aware": true,
                "Join Type": "Inner",
                "Startup Cost": 56963.5,
                "Total Cost": 204172.13,
                "Plan Rows": 411558,
                "Plan Width": 0,
                "Actual Startup Time": 180.013,
                "Actual Total Time": 732.271,
                "Actual Rows": 176348,
                "Actual Loops": 2,
                "Inner Unique": true,
                "Hash Cond": "(ci.movie_id = t.id)",
                "Plans": [
                  {
                    "Node Type": "Index Scan",
                    "Parent Relationship": "Outer",
                    "Parallel Aware": true,
                    "Scan Direction": "Forward",
                    "Index Name": "role_id_cast_info",
                    "Relation Name": "cast_info",
                    "Alias": "ci",
                    "Startup Cost": 0.56,
                    "Total Cost": 140896.75,
                    "Plan Rows": 2404735,
                    "Plan Width": 4,
                    "Actual Startup Time": 0.194,
                    "Actual Total Time": 337.102,
                    "Actual Rows": 1076962,
                    "Actual Loops": 2,
                    "Index Cond": "(role_id = 10)",
                    "Rows Removed by Index Recheck": 0,
                    "Filter": "(person_id < 3603696)",
                    "Rows Removed by Filter": 1084546
                  },
                  {
                    "Node Type": "Hash",
                    "Parent Relationship": "Inner",
                    "Parallel Aware": true,
                    "Startup Cost": 53781.28,
                    "Total Cost": 53781.28,
                    "Plan Rows": 254532,
                    "Plan Width": 4,
                    "Actual Startup Time": 173.199,
                    "Actual Total Time": 173.2,
                    "Actual Rows": 157342,
                    "Actual Loops": 2,
                    "Hash Buckets": 524288,
                    "Original Hash Buckets": 524288,
                    "Hash Batches": 1,
                    "Original Hash Batches": 1,
                    "Peak Memory Usage": 16448,
                    "Plans": [
                      {
                        "Node Type": "Bitmap Heap Scan",
                        "Parent Relationship": "Outer",
                        "Parallel Aware": true,
                        "Relation Name": "title",
                        "Alias": "t",
                        "Startup Cost": 11931.03,
                        "Total Cost": 53781.28,
                        "Plan Rows": 254532,
                        "Plan Width": 4,
                        "Actual Startup Time": 39.45,
                        "Actual Total Time": 120.79,
                        "Actual Rows": 157342,
                        "Actual Loops": 2,
                        "Recheck Cond": "(kind_id = 1)",
                        "Rows Removed by Index Recheck": 0,
                        "Filter": "(production_year > 1994)",
                        "Rows Removed by Filter": 174070,
                        "Exact Heap Blocks": 7631,
                        "Lossy Heap Blocks": 0,
                        "Plans": [
                          {
                            "Node Type": "Bitmap Index Scan",
                            "Parent Relationship": "Outer",
                            "Parallel Aware": false,
                            "Index Name": "kind_id_title",
                            "Startup Cost": 0.0,
                            "Total Cost": 11822.85,
                            "Plan Rows": 663256,
                            "Plan Width": 0,
                            "Actual Startup Time": 37.458,
                            "Actual Total Time": 37.459,
                            "Actual Rows": 662825,
                            "Actual Loops": 1,
                            "Index Cond": "(kind_id = 1)"
                          }
                        ]
                      }
                    ]
                  }
                ]
              }
            ]
          }
        ]
      }
    ]
  },
  "Planning Time": 0.976,
  "Triggers": [],
  "Execution Time": 760.755
}