[
  {
    "Plan": {
      "Node Type": "Aggregate",
      "Strategy": "Plain",
      "Partial Mode": "Finalize",
      "Parallel Aware": false,
      "Startup Cost": 106448.03,
      "Total Cost": 106448.04,
      "Plan Rows": 1,
      "Plan Width": 8,
      "Actual Startup Time": 423.024,
      "Actual Total Time": 446.748,
      "Actual Rows": 1,
      "Actual Loops": 1,
      "Plans": [
        {
          "Node Type": "Gather",
          "Parent Relationship": "Outer",
          "Parallel Aware": false,
          "Startup Cost": 106447.71,
          "Total Cost": 106448.02,
          "Plan Rows": 3,
          "Plan Width": 8,
          "Actual Startup Time": 420.768,
          "Actual Total Time": 446.737,
          "Actual Rows": 4,
          "Actual Loops": 1,
          "Workers Planned": 3,
          "Workers Launched": 3,
          "Single Copy": false,
          "Plans": [
            {
              "Node Type": "Aggregate",
              "Strategy": "Plain",
              "Partial Mode": "Partial",
              "Parent Relationship": "Outer",
              "Parallel Aware": false,
              "Startup Cost": 105447.71,
              "Total Cost": 105447.72,
              "Plan Rows": 1,
              "Plan Width": 8,
              "Actual Startup Time": 412.186,
              "Actual Total Time": 412.19,
              "Actual Rows": 1,
              "Actual Loops": 4,
              "Plans": [
                {
                  "Node Type": "Nested Loop",
                  "Parent Relationship": "Outer",
                  "Parallel Aware": false,
                  "Join Type": "Inner",
                  "Startup Cost": 59774.45,
                  "Total Cost": 105418.54,
                  "Plan Rows": 11666,
                  "Plan Width": 0,
                  "Actual Startup Time": 169.533,
                  "Actual Total Time": 405.496,
                  "Actual Rows": 124228,
                  "Actual Loops": 4,
                  "Inner Unique": false,
                  "Join Filter": "(t.id = mc.movie_id)",
                  "Rows Removed by Join Filter": 0,
                  "Plans": [
                    {
                      "Node Type": "Hash Join",
                      "Parent Relationship": "Outer",
                      "Parallel Aware": true,
                      "Join Type": "Inner",
                      "Startup Cost": 59774.02,
                      "Total Cost": 87685.17,
                      "Plan Rows": 24382,
                      "Plan Width": 8,
                      "Actual Startup Time": 169.19,
                      "Actual Total Time": 265.849,
                      "Actual Rows": 30088,
                      "Actual Loops": 4,
                      "Inner Unique": true,
                      "Hash Cond": "(mk.movie_id = t.id)",
                      "Plans": [
                        {
                          "Node Type": "Bitmap Heap Scan",
                          "Parent Relationship": "Outer",
                          "Parallel Aware": true,
                          "Relation Name": "movie_keyword",
                          "Alias": "mk",
                          "Startup Cost": 15031.87,
                          "Total Cost": 42343.02,
                          "Plan Rows": 228572,
                          "Plan Width": 4,
                          "Actual Startup Time": 39.619,
                          "Actual Total Time": 97.287,
                          "Actual Rows": 177665,
                          "Actual Loops": 4,
                          "Recheck Cond": "(keyword_id < 608)",
                          "Rows Removed by Index Recheck": 0,
                          "Exact Heap Blocks": 8892,
                          "Lossy Heap Blocks": 0,
                          "Plans": [
                            {
                              "Node Type": "Bitmap Index Scan",
                              "Parent Relationship": "Outer",
                              "Parallel Aware": false,
                              "Index Name": "keyword_id_movie_keyword",
                              "Startup Cost": 0.0,
                              "Total Cost": 14854.73,
                              "Plan Rows": 708573,
                              "Plan Width": 0,
                              "Actual Startup Time": 35.886,
                              "Actual Total Time": 35.887,
                              "Actual Rows": 710660,
                              "Actual Loops": 1,
                              "Index Cond": "(keyword_id < 608)"
                            }
                          ]
                        },
                        {
                          "Node Type": "Hash",
                          "Parent Relationship": "Inner",
                          "Parallel Aware": true,
                          "Startup Cost": 43899.32,
                          "Total Cost": 43899.32,
                          "Plan Rows": 67426,
                          "Plan Width": 4,
                          "Actual Startup Time": 125.984,
                          "Actual Total Time": 125.985,
                          "Actual Rows": 71264,
                          "Actual Loops": 4,
                          "Hash Buckets": 524288,
                          "Original Hash Buckets": 524288,
                          "Hash Batches": 1,
                          "Original Hash Batches": 1,
                          "Peak Memory Usage": 15296,
                          "Plans": [
                            {
                              "Node Type": "Seq Scan",
                              "Parent Relationship": "Outer",
                              "Parallel Aware": true,
                              "Relation Name": "title",
                              "Alias": "t",
                              "Startup Cost": 0.0,
                              "Total Cost": 43899.32,
                              "Plan Rows": 67426,
                              "Plan Width": 4,
                              "Actual Startup Time": 0.03,
                              "Actual Total Time": 97.726,
                              "Actual Rows": 71264,
                              "Actual Loops": 4,
                              "Filter": "(production_year < 1964)",
                              "Rows Removed by Filter": 560814
                            }
                          ]
                        }
                      ]
                    },
                    {
                      "Node Type": "Index Scan",
                      "Parent Relationship": "Inner",
                      "Parallel Aware": false,
                      "Scan Direction": "Forward",
                      "Index Name": "movie_id_movie_companies",
                      "Relation Name": "movie_companies",
                      "Alias": "mc",
                      "Startup Cost": 0.43,
                      "Total Cost": 0.7,
                      "Plan Rows": 2,
                      "Plan Width": 4,
                      "Actual Startup Time": 0.003,
                      "Actual Total Time": 0.004,
                      "Actual Rows": 4,
                      "Actual Loops": 120354,
                      "Index Cond": "(movie_id = mk.movie_id)",
                      "Rows Removed by Index Recheck": 0,
                      "Filter": "((company_id > 22) AND (company_type_id < 2))",
                      "Rows Removed by Filter": 1
                    }
                  ]
                }
              ]
            }
          ]
        }
      ]
    },
    "Planning Time": 1.516,
    "Triggers": [],
    "Execution Time": 446.861
  }
]