[
  {
    "Plan": {
      "Node Type": "Aggregate",
      "Strategy": "Plain",
      "Partial Mode": "Finalize",
      "Parallel Aware": false,
      "Startup Cost": 46363.23,
      "Total Cost": 46363.24,
      "Plan Rows": 1,
      "Plan Width": 8,
      "Actual Startup Time": 179.428,
      "Actual Total Time": 188.541,
      "Actual Rows": 1,
      "Actual Loops": 1,
      "Plans": [
        {
          "Node Type": "Gather",
          "Parent Relationship": "Outer",
          "Parallel Aware": false,
          "Startup Cost": 46362.92,
          "Total Cost": 46363.23,
          "Plan Rows": 3,
          "Plan Width": 8,
          "Actual Startup Time": 179.289,
          "Actual Total Time": 188.532,
          "Actual Rows": 4,
          "Actual Loops": 1,
          "Workers Planned": 3,
          "Workers Launched": 3,
          "Single Copy": false,
          "Plans": [
            {
              "Node Type": "Aggregate",
              "Strategy": "Plain",
              "Partial Mode": "Partial",
              "Parent Relationship": "Outer",
              "Parallel Aware": false,
              "Startup Cost": 45362.92,
              "Total Cost": 45362.93,
              "Plan Rows": 1,
              "Plan Width": 8,
              "Actual Startup Time": 170.785,
              "Actual Total Time": 170.787,
              "Actual Rows": 1,
              "Actual Loops": 4,
              "Plans": [
                {
                  "Node Type": "Seq Scan",
                  "Parent Relationship": "Outer",
                  "Parallel Aware": true,
                  "Relation Name": "movie_keyword",
                  "Alias": "mk",
                  "Startup Cost": 0.0,
                  "Total Cost": 42695.65,
                  "Plan Rows": 1066905,
                  "Plan Width": 0,
                  "Actual Startup Time": 0.057,
                  "Actual Total Time": 129.943,
                  "Actual Rows": 825482,
                  "Actual Loops": 4,
                  "Filter": "(keyword_id < 14895)",
                  "Rows Removed by Filter": 305500
                }
              ]
            }
          ]
        }
      ]
    },
    "Planning Time": 0.155,
    "Triggers": [],
    "Execution Time": 188.591
  }
]