[
    {
        "Bao": {
            "Bao prediction": "NaN",
            "Bao recommended hint": "(no hint)"
        }
    },
    {
        "Plan": {
            "Node Type": "Aggregate",
            "Strategy": "Plain",
            "Partial Mode": "Finalize",
            "Parallel Aware": false,
            "Startup Cost": 74249.2,
            "Total Cost": 74249.21,
            "Plan Rows": 1,
            "Plan Width": 8,
            "Actual Startup Time": 208.694,
            "Actual Total Time": 216.718,
            "Actual Rows": 1,
            "Actual Loops": 1,
            "Output": [
                "count(*)"
            ],
            "Plans": [
                {
                    "Node Type": "Gather",
                    "Parent Relationship": "Outer",
                    "Parallel Aware": false,
                    "Startup Cost": 74248.78,
                    "Total Cost": 74249.19,
                    "Plan Rows": 4,
                    "Plan Width": 8,
                    "Actual Startup Time": 207.727,
                    "Actual Total Time": 216.708,
                    "Actual Rows": 5,
                    "Actual Loops": 1,
                    "Output": [
                        "(PARTIAL count(*))"
                    ],
                    "Workers Planned": 4,
                    "Workers Launched": 4,
                    "Single Copy": false,
                    "Plans": [
                        {
                            "Node Type": "Aggregate",
                            "Strategy": "Plain",
                            "Partial Mode": "Partial",
                            "Parent Relationship": "Outer",
                            "Parallel Aware": false,
                            "Startup Cost": 73248.78,
                            "Total Cost": 73248.79,
                            "Plan Rows": 1,
                            "Plan Width": 8,
                            "Actual Startup Time": 198.11,
                            "Actual Total Time": 198.173,
                            "Actual Rows": 1,
                            "Actual Loops": 5,
                            "Output": [
                                "PARTIAL count(*)"
                            ],
                            "Workers": [
                                {
                                    "Worker Number": 0,
                                    "Actual Startup Time": 195.45,
                                    "Actual Total Time": 195.454,
                                    "Actual Rows": 1,
                                    "Actual Loops": 1
                                },
                                {
                                    "Worker Number": 1,
                                    "Actual Startup Time": 196.026,
                                    "Actual Total Time": 196.029,
                                    "Actual Rows": 1,
                                    "Actual Loops": 1
                                },
                                {
                                    "Worker Number": 2,
                                    "Actual Startup Time": 195.76,
                                    "Actual Total Time": 195.764,
                                    "Actual Rows": 1,
                                    "Actual Loops": 1
                                },
                                {
                                    "Worker Number": 3,
                                    "Actual Startup Time": 196.135,
                                    "Actual Total Time": 196.14,
                                    "Actual Rows": 1,
                                    "Actual Loops": 1
                                }
                            ],
                            "Plans": [
                                {
                                    "Node Type": "Hash Join",
                                    "Parent Relationship": "Outer",
                                    "Parallel Aware": true,
                                    "Join Type": "Inner",
                                    "Startup Cost": 26351.21,
                                    "Total Cost": 73214.18,
                                    "Plan Rows": 13841,
                                    "Plan Width": 0,
                                    "Actual Startup Time": 85.412,
                                    "Actual Total Time": 197.322,
                                    "Actual Rows": 12487,
                                    "Actual Loops": 5,
                                    "Inner Unique": false,
                                    "Hash Cond": "(t.id = mc.movie_id)",
                                    "Workers": [
                                        {
                                            "Worker Number": 0,
                                            "Actual Startup Time": 82.757,
                                            "Actual Total Time": 194.452,
                                            "Actual Rows": 8516,
                                            "Actual Loops": 1
                                        },
                                        {
                                            "Worker Number": 1,
                                            "Actual Startup Time": 83.214,
                                            "Actual Total Time": 195.152,
                                            "Actual Rows": 13376,
                                            "Actual Loops": 1
                                        },
                                        {
                                            "Worker Number": 2,
                                            "Actual Startup Time": 83.083,
                                            "Actual Total Time": 194.889,
                                            "Actual Rows": 13392,
                                            "Actual Loops": 1
                                        },
                                        {
                                            "Worker Number": 3,
                                            "Actual Startup Time": 83.476,
                                            "Actual Total Time": 195.275,
                                            "Actual Rows": 13035,
                                            "Actual Loops": 1
                                        }
                                    ],
                                    "Plans": [
                                        {
                                            "Node Type": "Seq Scan",
                                            "Parent Relationship": "Outer",
                                            "Parallel Aware": true,
                                            "Relation Name": "title",
                                            "Schema": "public",
                                            "Alias": "t",
                                            "Startup Cost": 0.0,
                                            "Total Cost": 45479.21,
                                            "Plan Rows": 267822,
                                            "Plan Width": 4,
                                            "Actual Startup Time": 0.009,
                                            "Actual Total Time": 69.921,
                                            "Actual Rows": 235381,
                                            "Actual Loops": 5,
                                            "Output": [
                                                "t.id",
                                                "t.title",
                                                "t.imdb_index",
                                                "t.kind_id",
                                                "t.production_year",
                                                "t.imdb_id",
                                                "t.phonetic_code",
                                                "t.episode_of_id",
                                                "t.season_nr",
                                                "t.episode_nr",
                                                "t.series_years",
                                                "t.md5sum"
                                            ],
                                            "Filter": "((t.production_year > 1989) AND (t.kind_id = 7))",
                                            "Rows Removed by Filter": 270281,
                                            "Workers": [
                                                {
                                                    "Worker Number": 0,
                                                    "Actual Startup Time": 0.011,
                                                    "Actual Total Time": 73.034,
                                                    "Actual Rows": 162684,
                                                    "Actual Loops": 1
                                                },
                                                {
                                                    "Worker Number": 1,
                                                    "Actual Startup Time": 0.008,
                                                    "Actual Total Time": 70.835,
                                                    "Actual Rows": 250488,
                                                    "Actual Loops": 1
                                                },
                                                {
                                                    "Worker Number": 2,
                                                    "Actual Startup Time": 0.009,
                                                    "Actual Total Time": 70.908,
                                                    "Actual Rows": 251091,
                                                    "Actual Loops": 1
                                                },
                                                {
                                                    "Worker Number": 3,
                                                    "Actual Startup Time": 0.008,
                                                    "Actual Total Time": 70.392,
                                                    "Actual Rows": 245764,
                                                    "Actual Loops": 1
                                                }
                                            ]
                                        },
                                        {
                                            "Node Type": "Hash",
                                            "Parent Relationship": "Inner",
                                            "Parallel Aware": true,
                                            "Startup Cost": 25824.33,
                                            "Total Cost": 25824.33,
                                            "Plan Rows": 42151,
                                            "Plan Width": 4,
                                            "Actual Startup Time": 84.11,
                                            "Actual Total Time": 84.112,
                                            "Actual Rows": 40234,
                                            "Actual Loops": 5,
                                            "Output": [
                                                "mc.movie_id"
                                            ],
                                            "Hash Buckets": 262144,
                                            "Original Hash Buckets": 131072,
                                            "Hash Batches": 1,
                                            "Original Hash Batches": 1,
                                            "Peak Memory Usage": 11008,
                                            "Workers": [
                                                {
                                                    "Worker Number": 0,
                                                    "Actual Startup Time": 82.315,
                                                    "Actual Total Time": 82.317,
                                                    "Actual Rows": 28936,
                                                    "Actual Loops": 1
                                                },
                                                {
                                                    "Worker Number": 1,
                                                    "Actual Startup Time": 82.622,
                                                    "Actual Total Time": 82.623,
                                                    "Actual Rows": 29928,
                                                    "Actual Loops": 1
                                                },
                                                {
                                                    "Worker Number": 2,
                                                    "Actual Startup Time": 82.574,
                                                    "Actual Total Time": 82.576,
                                                    "Actual Rows": 29446,
                                                    "Actual Loops": 1
                                                },
                                                {
                                                    "Worker Number": 3,
                                                    "Actual Startup Time": 82.977,
                                                    "Actual Total Time": 82.978,
                                                    "Actual Rows": 29568,
                                                    "Actual Loops": 1
                                                }
                                            ],
                                            "Plans": [
                                                {
                                                    "Node Type": "Bitmap Heap Scan",
                                                    "Parent Relationship": "Outer",
                                                    "Parallel Aware": true,
                                                    "Relation Name": "movie_companies",
                                                    "Schema": "public",
                                                    "Alias": "mc",
                                                    "Startup Cost": 5744.43,
                                                    "Total Cost": 25824.33,
                                                    "Plan Rows": 42151,
                                                    "Plan Width": 4,
                                                    "Actual Startup Time": 18.373,
                                                    "Actual Total Time": 60.88,
                                                    "Actual Rows": 40234,
                                                    "Actual Loops": 5,
                                                    "Output": [
                                                        "mc.movie_id"
                                                    ],
                                                    "Recheck Cond": "(mc.company_id < 137)",
                                                    "Rows Removed by Index Recheck": 0,
                                                    "Filter": "(mc.company_type_id = 1)",
                                                    "Rows Removed by Filter": 12333,
                                                    "Exact Heap Blocks": 6524,
                                                    "Lossy Heap Blocks": 0,
                                                    "Workers": [
                                                        {
                                                            "Worker Number": 0,
                                                            "Actual Startup Time": 16.738,
                                                            "Actual Total Time": 60.378,
                                                            "Actual Rows": 28936,
                                                            "Actual Loops": 1
                                                        },
                                                        {
                                                            "Worker Number": 1,
                                                            "Actual Startup Time": 16.914,
                                                            "Actual Total Time": 60.585,
                                                            "Actual Rows": 29928,
                                                            "Actual Loops": 1
                                                        },
                                                        {
                                                            "Worker Number": 2,
                                                            "Actual Startup Time": 16.945,
                                                            "Actual Total Time": 60.294,
                                                            "Actual Rows": 29446,
                                                            "Actual Loops": 1
                                                        },
                                                        {
                                                            "Worker Number": 3,
                                                            "Actual Startup Time": 17.17,
                                                            "Actual Total Time": 61.302,
                                                            "Actual Rows": 29568,
                                                            "Actual Loops": 1
                                                        }
                                                    ],
                                                    "Plans": [
                                                        {
                                                            "Node Type": "Bitmap Index Scan",
                                                            "Parent Relationship": "Outer",
                                                            "Parallel Aware": false,
                                                            "Index Name": "company_id_movie_companies",
                                                            "Startup Cost": 0.0,
                                                            "Total Cost": 5711.77,
                                                            "Plan Rows": 266578,
                                                            "Plan Width": 0,
                                                            "Actual Startup Time": 20.795,
                                                            "Actual Total Time": 20.795,
                                                            "Actual Rows": 262833,
                                                            "Actual Loops": 1,
                                                            "Index Cond": "(mc.company_id < 137)"
                                                        }
                                                    ]
                                                }
                                            ]
                                        }
                                    ]
                                }
                            ]
                        }
                    ]
                }
            ]
        },
        "Planning Time": 259.099,
        "Triggers": [],
        "Execution Time": 216.845
    }
]