[
  {
    "Plan": {
      "Node Type": "Aggregate",
      "Strategy": "Plain",
      "Partial Mode": "Simple",
      "Parallel Aware": false,
      "Startup Cost": 1641.39,
      "Total Cost": 1641.4,
      "Plan Rows": 1,
      "Plan Width": 96,
      "Actual Startup Time": 433.192,
      "Actual Total Time": 433.243,
      "Actual Rows": 1,
      "Actual Loops": 1,
      "Output": [
        "min(cn.name)",
        "min((lt.link)::text)",
        "min(t.title)"
      ],
      "Plans": [
        {
          "Node Type": "Nested Loop",
          "Parent Relationship": "Outer",
          "Parallel Aware": false,
          "Join Type": "Inner",
          "Startup Cost": 42.45,
          "Total Cost": 1641.38,
          "Plan Rows": 1,
          "Plan Width": 48,
          "Actual Startup Time": 46.525,
          "Actual Total Time": 432.531,
          "Actual Rows": 1410,
          "Actual Loops": 1,
          "Output": [
            "cn.name",
            "lt.link",
            "t.title"
          ],
          "Inner Unique": true,
          "Plans": [
            {
              "Node Type": "Nested Loop",
              "Parent Relationship": "Outer",
              "Parallel Aware": false,
              "Join Type": "Inner",
              "Startup Cost": 42.03,
              "Total Cost": 1151.09,
              "Plan Rows": 1111,
              "Plan Width": 52,
              "Actual Startup Time": 45.606,
              "Actual Total Time": 358.747,
              "Actual Rows": 23862,
              "Actual Loops": 1,
              "Output": [
                "cn.name",
                "mk.keyword_id",
                "lt.link",
                "t.title"
              ],
              "Inner Unique": false,
              "Join Filter": "(ml.movie_id = mk.movie_id)",
              "Rows Removed by Join Filter": 0,
              "Plans": [
                {
                  "Node Type": "Nested Loop",
                  "Parent Relationship": "Outer",
                  "Parallel Aware": false,
                  "Join Type": "Inner",
                  "Startup Cost": 41.6,
                  "Total Cost": 1102.17,
                  "Plan Rows": 25,
                  "Plan Width": 64,
                  "Actual Startup Time": 45.437,
                  "Actual Total Time": 339.48,
                  "Actual Rows": 2462,
                  "Actual Loops": 1,
                  "Output": [
                    "cn.name",
                    "mc.movie_id",
                    "mi.movie_id",
                    "ml.movie_id",
                    "lt.link",
                    "t.title",
                    "t.id"
                  ],
                  "Inner Unique": false,
                  "Join Filter": "(ml.movie_id = mi.movie_id)",
                  "Rows Removed by Join Filter": 0,
                  "Plans": [
                    {
                      "Node Type": "Nested Loop",
                      "Parent Relationship": "Outer",
                      "Parallel Aware": false,
                      "Join Type": "Inner",
                      "Startup Cost": 41.16,
                      "Total Cost": 914.89,
                      "Plan Rows": 85,
                      "Plan Width": 60,
                      "Actual Startup Time": 31.272,
                      "Actual Total Time": 287.627,
                      "Actual Rows": 698,
                      "Actual Loops": 1,
                      "Output": [
                        "cn.name",
                        "mc.movie_id",
                        "ml.movie_id",
                        "lt.link",
                        "t.title",
                        "t.id"
                      ],
                      "Inner Unique": true,
                      "Plans": [
                        {
                          "Node Type": "Hash Join",
                          "Parent Relationship": "Outer",
                          "Parallel Aware": false,
                          "Join Type": "Inner",
                          "Startup Cost": 40.74,
                          "Total Cost": 735.18,
                          "Plan Rows": 393,
                          "Plan Width": 45,
                          "Actual Startup Time": 15.221,
                          "Actual Total Time": 226.333,
                          "Actual Rows": 2794,
                          "Actual Loops": 1,
                          "Output": [
                            "mc.movie_id",
                            "mc.company_id",
                            "ml.movie_id",
                            "lt.link",
                            "t.title",
                            "t.id"
                          ],
                          "Inner Unique": true,
                          "Hash Cond": "(mc.company_type_id = ct.id)",
                          "Plans": [
                            {
                              "Node Type": "Nested Loop",
                              "Parent Relationship": "Outer",
                              "Parallel Aware": false,
                              "Join Type": "Inner",
                              "Startup Cost": 39.68,
                              "Total Cost": 725.62,
                              "Plan Rows": 1573,
                              "Plan Width": 49,
                              "Actual Startup Time": 14.011,
                              "Actual Total Time": 222.651,
                              "Actual Rows": 3313,
                              "Actual Loops": 1,
                              "Output": [
                                "lt.link",
                                "ml.movie_id",
                                "mc.movie_id",
                                "mc.company_type_id",
                                "mc.company_id",
                                "t.title",
                                "t.id"
                              ],
                              "Inner Unique": false,
                              "Join Filter": "(ml.movie_id = mc.movie_id)",
                              "Rows Removed by Join Filter": 0,
                              "Plans": [
                                {
                                  "Node Type": "Nested Loop",
                                  "Parent Relationship": "Outer",
                                  "Parallel Aware": false,
                                  "Join Type": "Inner",
                                  "Startup Cost": 39.25,
                                  "Total Cost": 316.86,
                                  "Plan Rows": 602,
                                  "Plan Width": 37,
                                  "Actual Startup Time": 9.91,
                                  "Actual Total Time": 157.983,
                                  "Actual Rows": 1332,
                                  "Actual Loops": 1,
                                  "Output": [
                                    "lt.link",
                                    "ml.movie_id",
                                    "t.title",
                                    "t.id"
                                  ],
                                  "Inner Unique": true,
                                  "Plans": [
                                    {
                                      "Node Type": "Nested Loop",
                                      "Parent Relationship": "Outer",
                                      "Parallel Aware": false,
                                      "Join Type": "Inner",
                                      "Startup Cost": 38.82,
                                      "Total Cost": 245.23,
                                      "Plan Rows": 16,
                                      "Plan Width": 16,
                                      "Actual Startup Time": 3.465,
                                      "Actual Total Time": 27.757,
                                      "Actual Rows": 2315,
                                      "Actual Loops": 1,
                                      "Output": [
                                        "lt.link",
                                        "ml.movie_id"
                                      ],
                                      "Inner Unique": false,
                                      "Plans": [
                                        {
                                          "Node Type": "Seq Scan",
                                          "Parent Relationship": "Outer",
                                          "Parallel Aware": false,
                                          "Relation Name": "link_type",
                                          "Schema": "public",
                                          "Alias": "lt",
                                          "Startup Cost": 0.0,
                                          "Total Cost": 1.23,
                                          "Plan Rows": 1,
                                          "Plan Width": 16,
                                          "Actual Startup Time": 0.678,
                                          "Actual Total Time": 0.785,
                                          "Actual Rows": 2,
                                          "Actual Loops": 1,
                                          "Output": [
                                            "lt.id",
                                            "lt.link"
                                          ],
                                          "Filter": "((lt.link)::text ~~ '%follow%'::text)",
                                          "Rows Removed by Filter": 16
                                        },
                                        {
                                          "Node Type": "Bitmap Heap Scan",
                                          "Parent Relationship": "Inner",
                                          "Parallel Aware": false,
                                          "Relation Name": "movie_link",
                                          "Schema": "public",
                                          "Alias": "ml",
                                          "Startup Cost": 38.82,
                                          "Total Cost": 225.26,
                                          "Plan Rows": 1875,
                                          "Plan Width": 8,
                                          "Actual Startup Time": 1.55,
                                          "Actual Total Time": 12.726,
                                          "Actual Rows": 1158,
                                          "Actual Loops": 2,
                                          "Output": [
                                            "ml.id",
                                            "ml.movie_id",
                                            "ml.linked_movie_id",
                                            "ml.link_type_id"
                                          ],
                                          "Recheck Cond": "(ml.link_type_id = lt.id)",
                                          "Rows Removed by Index Recheck": 0,
                                          "Exact Heap Blocks": 191,
                                          "Lossy Heap Blocks": 0,
                                          "Plans": [
                                            {
                                              "Node Type": "Bitmap Index Scan",
                                              "Parent Relationship": "Outer",
                                              "Parallel Aware": false,
                                              "Index Name": "link_type_id_movie_link",
                                              "Startup Cost": 0.0,
                                              "Total Cost": 38.35,
                                              "Plan Rows": 1875,
                                              "Plan Width": 0,
                                              "Actual Startup Time": 1.467,
                                              "Actual Total Time": 1.47,
                                              "Actual Rows": 1158,
                                              "Actual Loops": 2,
                                              "Index Cond": "(ml.link_type_id = lt.id)"
                                            }
                                          ]
                                        }
                                      ]
                                    },
                                    {
                                      "Node Type": "Index Scan",
                                      "Parent Relationship": "Inner",
                                      "Parallel Aware": false,
                                      "Scan Direction": "Forward",
                                      "Index Name": "title_pkey",
                                      "Relation Name": "title",
                                      "Schema": "public",
                                      "Alias": "t",
                                      "Startup Cost": 0.43,
                                      "Total Cost": 4.48,
                                      "Plan Rows": 1,
                                      "Plan Width": 21,
                                      "Actual Startup Time": 0.055,
                                      "Actual Total Time": 0.055,
                                      "Actual Rows": 1,
                                      "Actual Loops": 2315,
                                      "Output": [
                                        "t.id",
                                        "t.title",
                                        "t.imdb_index",
                                        "t.kind_id",
                                        "t.production_year",
                                        "t.imdb_id",
                                        "t.phonetic_code",
                                        "t.episode_of_id",
                                        "t.season_nr",
                                        "t.episode_nr",
                                        "t.series_years",
                                        "t.md5sum"
                                      ],
                                      "Index Cond": "(t.id = ml.movie_id)",
                                      "Rows Removed by Index Recheck": 0,
                                      "Filter": "((t.production_year >= 1950) AND (t.production_year <= 2000))",
                                      "Rows Removed by Filter": 0
                                    }
                                  ]
                                },
                                {
                                  "Node Type": "Index Scan",
                                  "Parent Relationship": "Inner",
                                  "Parallel Aware": false,
                                  "Scan Direction": "Forward",
                                  "Index Name": "movie_id_movie_companies",
                                  "Relation Name": "movie_companies",
                                  "Schema": "public",
                                  "Alias": "mc",
                                  "Startup Cost": 0.43,
                                  "Total Cost": 0.64,
                                  "Plan Rows": 3,
                                  "Plan Width": 12,
                                  "Actual Startup Time": 0.041,
                                  "Actual Total Time": 0.047,
                                  "Actual Rows": 2,
                                  "Actual Loops": 1332,
                                  "Output": [
                                    "mc.id",
                                    "mc.movie_id",
                                    "mc.company_id",
                                    "mc.company_type_id",
                                    "mc.note"
                                  ],
                                  "Index Cond": "(mc.movie_id = t.id)",
                                  "Rows Removed by Index Recheck": 0,
                                  "Filter": "(mc.note IS NULL)",
                                  "Rows Removed by Filter": 2
                                }
                              ]
                            },
                            {
                              "Node Type": "Hash",
                              "Parent Relationship": "Inner",
                              "Parallel Aware": false,
                              "Startup Cost": 1.05,
                              "Total Cost": 1.05,
                              "Plan Rows": 1,
                              "Plan Width": 4,
                              "Actual Startup Time": 0.259,
                              "Actual Total Time": 0.26,
                              "Actual Rows": 1,
                              "Actual Loops": 1,
                              "Output": [
                                "ct.id"
                              ],
                              "Hash Buckets": 1024,
                              "Original Hash Buckets": 1024,
                              "Hash Batches": 1,
                              "Original Hash Batches": 1,
                              "Peak Memory Usage": 9,
                              "Plans": [
                                {
                                  "Node Type": "Seq Scan",
                                  "Parent Relationship": "Outer",
                                  "Parallel Aware": false,
                                  "Relation Name": "company_type",
                                  "Schema": "public",
                                  "Alias": "ct",
                                  "Startup Cost": 0.0,
                                  "Total Cost": 1.05,
                                  "Plan Rows": 1,
                                  "Plan Width": 4,
                                  "Actual Startup Time": 0.221,
                                  "Actual Total Time": 0.222,
                                  "Actual Rows": 1,
                                  "Actual Loops": 1,
                                  "Output": [
                                    "ct.id"
                                  ],
                                  "Filter": "((ct.kind)::text = 'production companies'::text)",
                                  "Rows Removed by Filter": 3
                                }
                              ]
                            }
                          ]
                        },
                        {
                          "Node Type": "Index Scan",
                          "Parent Relationship": "Inner",
                          "Parallel Aware": false,
                          "Scan Direction": "Forward",
                          "Index Name": "company_name_pkey",
                          "Relation Name": "company_name",
                          "Schema": "public",
                          "Alias": "cn",
                          "Startup Cost": 0.42,
                          "Total Cost": 0.46,
                          "Plan Rows": 1,
                          "Plan Width": 23,
                          "Actual Startup Time": 0.021,
                          "Actual Total Time": 0.021,
                          "Actual Rows": 0,
                          "Actual Loops": 2794,
                          "Output": [
                            "cn.id",
                            "cn.name",
                            "cn.country_code",
                            "cn.imdb_id",
                            "cn.name_pcode_nf",
                            "cn.name_pcode_sf",
                            "cn.md5sum"
                          ],
                          "Index Cond": "(cn.id = mc.company_id)",
                          "Rows Removed by Index Recheck": 0,
                          "Filter": "(((cn.country_code)::text <> '[pl]'::text) AND ((cn.name ~~ '%Film%'::text) OR (cn.name ~~ '%Warner%'::text)))",
                          "Rows Removed by Filter": 1
                        }
                      ]
                    },
                    {
                      "Node Type": "Index Scan",
                      "Parent Relationship": "Inner",
                      "Parallel Aware": false,
                      "Scan Direction": "Forward",
                      "Index Name": "movie_id_movie_info",
                      "Relation Name": "movie_info",
                      "Schema": "public",
                      "Alias": "mi",
                      "Startup Cost": 0.43,
                      "Total Cost": 2.19,
                      "Plan Rows": 1,
                      "Plan Width": 4,
                      "Actual Startup Time": 0.068,
                      "Actual Total Time": 0.073,
                      "Actual Rows": 4,
                      "Actual Loops": 698,
                      "Output": [
                        "mi.id",
                        "mi.movie_id",
                        "mi.info_type_id",
                        "mi.info",
                        "mi.note"
                      ],
                      "Index Cond": "(mi.movie_id = mc.movie_id)",
                      "Rows Removed by Index Recheck": 0,
                      "Filter": "(mi.info = ANY ('{Sweden,Norway,Germany,Denmark,Swedish,Denish,Norwegian,German}'::text[]))",
                      "Rows Removed by Filter": 15
                    }
                  ]
                },
                {
                  "Node Type": "Index Scan",
                  "Parent Relationship": "Inner",
                  "Parallel Aware": false,
                  "Scan Direction": "Forward",
                  "Index Name": "movie_id_movie_keyword",
                  "Relation Name": "movie_keyword",
                  "Schema": "public",
                  "Alias": "mk",
                  "Startup Cost": 0.43,
                  "Total Cost": 1.38,
                  "Plan Rows": 46,
                  "Plan Width": 8,
                  "Actual Startup Time": 0.004,
                  "Actual Total Time": 0.005,
                  "Actual Rows": 10,
                  "Actual Loops": 2462,
                  "Output": [
                    "mk.id",
                    "mk.movie_id",
                    "mk.keyword_id"
                  ],
                  "Index Cond": "(mk.movie_id = mc.movie_id)",
                  "Rows Removed by Index Recheck": 0
                }
              ]
            },
            {
              "Node Type": "Index Scan",
              "Parent Relationship": "Inner",
              "Parallel Aware": false,
              "Scan Direction": "Forward",
              "Index Name": "keyword_pkey",
              "Relation Name": "keyword",
              "Schema": "public",
              "Alias": "k",
              "Startup Cost": 0.42,
              "Total Cost": 0.44,
              "Plan Rows": 1,
              "Plan Width": 4,
              "Actual Startup Time": 0.003,
              "Actual Total Time": 0.003,
              "Actual Rows": 0,
              "Actual Loops": 23862,
              "Output": [
                "k.id",
                "k.keyword",
                "k.phonetic_code"
              ],
              "Index Cond": "(k.id = mk.keyword_id)",
              "Rows Removed by Index Recheck": 0,
              "Filter": "(k.keyword = 'sequel'::text)",
              "Rows Removed by Filter": 1
            }
          ]
        }
      ]
    },
    "Planning Time": 17494.351,
    "Triggers": [],
    "Execution Time": 439.725
  }
]