[
  {
    "Plan": {
      "Node Type": "Aggregate",
      "Strategy": "Plain",
      "Partial Mode": "Finalize",
      "Parallel Aware": false,
      "Startup Cost": 336266.98,
      "Total Cost": 336266.99,
      "Plan Rows": 1,
      "Plan Width": 8,
      "Actual Startup Time": 797.873,
      "Actual Total Time": 844.512,
      "Actual Rows": 1,
      "Actual Loops": 1,
      "Plans": [
        {
          "Node Type": "Gather",
          "Parent Relationship": "Outer",
          "Parallel Aware": false,
          "Startup Cost": 336266.35,
          "Total Cost": 336266.96,
          "Plan Rows": 6,
          "Plan Width": 8,
          "Actual Startup Time": 797.556,
          "Actual Total Time": 844.497,
          "Actual Rows": 7,
          "Actual Loops": 1,
          "Workers Planned": 6,
          "Workers Launched": 6,
          "Single Copy": false,
          "Plans": [
            {
              "Node Type": "Aggregate",
              "Strategy": "Plain",
              "Partial Mode": "Partial",
              "Parent Relationship": "Outer",
              "Parallel Aware": false,
              "Startup Cost": 335266.35,
              "Total Cost": 335266.36,
              "Plan Rows": 1,
              "Plan Width": 8,
              "Actual Startup Time": 790.192,
              "Actual Total Time": 790.193,
              "Actual Rows": 1,
              "Actual Loops": 7,
              "Plans": [
                {
                  "Node Type": "Seq Scan",
                  "Parent Relationship": "Outer",
                  "Parallel Aware": true,
                  "Relation Name": "cast_info",
                  "Alias": "ci",
                  "Startup Cost": 0.0,
                  "Total Cost": 328211.39,
                  "Plan Rows": 2821985,
                  "Plan Width": 0,
                  "Actual Startup Time": 253.281,
                  "Actual Total Time": 661.579,
                  "Actual Rows": 2389386,
                  "Actual Loops": 7,
                  "Filter": "(person_id > 1954670)",
                  "Rows Removed by Filter": 2788377
                }
              ]
            }
          ]
        }
      ]
    },
    "Planning Time": 0.101,
    "Triggers": [],
    "Execution Time": 844.564
  }
]