[
    {
        "Bao": {
            "Bao prediction": 1663.195,
            "Bao recommended hint": "SET enable_nestloop TO off; "
        }
    },
    {
        "Plan": {
            "Node Type": "Aggregate",
            "Strategy": "Plain",
            "Partial Mode": "Finalize",
            "Parallel Aware": false,
            "Startup Cost": 524059.77,
            "Total Cost": 524059.78,
            "Plan Rows": 1,
            "Plan Width": 32,
            "Actual Startup Time": 3616.783,
            "Actual Total Time": 3742.787,
            "Actual Rows": 1,
            "Actual Loops": 1,
            "Output": [
                "min(n.name)"
            ],
            "Plans": [
                {
                    "Node Type": "Gather",
                    "Parent Relationship": "Outer",
                    "Parallel Aware": false,
                    "Startup Cost": 524059.35,
                    "Total Cost": 524059.76,
                    "Plan Rows": 4,
                    "Plan Width": 32,
                    "Actual Startup Time": 3615.507,
                    "Actual Total Time": 3742.769,
                    "Actual Rows": 5,
                    "Actual Loops": 1,
                    "Output": [
                        "(PARTIAL min(n.name))"
                    ],
                    "Workers Planned": 4,
                    "Workers Launched": 4,
                    "Single Copy": false,
                    "Plans": [
                        {
                            "Node Type": "Aggregate",
                            "Strategy": "Plain",
                            "Partial Mode": "Partial",
                            "Parent Relationship": "Outer",
                            "Parallel Aware": false,
                            "Startup Cost": 523059.35,
                            "Total Cost": 523059.36,
                            "Plan Rows": 1,
                            "Plan Width": 32,
                            "Actual Startup Time": 3603.336,
                            "Actual Total Time": 3603.396,
                            "Actual Rows": 1,
                            "Actual Loops": 5,
                            "Output": [
                                "PARTIAL min(n.name)"
                            ],
                            "Workers": [
                                {
                                    "Worker Number": 0,
                                    "Actual Startup Time": 3600.586,
                                    "Actual Total Time": 3600.606,
                                    "Actual Rows": 1,
                                    "Actual Loops": 1
                                },
                                {
                                    "Worker Number": 1,
                                    "Actual Startup Time": 3600.613,
                                    "Actual Total Time": 3600.632,
                                    "Actual Rows": 1,
                                    "Actual Loops": 1
                                },
                                {
                                    "Worker Number": 2,
                                    "Actual Startup Time": 3600.52,
                                    "Actual Total Time": 3600.536,
                                    "Actual Rows": 1,
                                    "Actual Loops": 1
                                },
                                {
                                    "Worker Number": 3,
                                    "Actual Startup Time": 3601.38,
                                    "Actual Total Time": 3601.396,
                                    "Actual Rows": 1,
                                    "Actual Loops": 1
                                }
                            ],
                            "Plans": [
                                {
                                    "Node Type": "Hash Join",
                                    "Parent Relationship": "Outer",
                                    "Parallel Aware": true,
                                    "Join Type": "Inner",
                                    "Startup Cost": 478369.89,
                                    "Total Cost": 523059.35,
                                    "Plan Rows": 1,
                                    "Plan Width": 15,
                                    "Actual Startup Time": 3453.032,
                                    "Actual Total Time": 3602.701,
                                    "Actual Rows": 7295,
                                    "Actual Loops": 5,
                                    "Output": [
                                        "n.name"
                                    ],
                                    "Inner Unique": false,
                                    "Hash Cond": "(t.id = ci.movie_id)",
                                    "Workers": [
                                        {
                                            "Worker Number": 0,
                                            "Actual Startup Time": 3450.563,
                                            "Actual Total Time": 3599.942,
                                            "Actual Rows": 9174,
                                            "Actual Loops": 1
                                        },
                                        {
                                            "Worker Number": 1,
                                            "Actual Startup Time": 3449.81,
                                            "Actual Total Time": 3599.962,
                                            "Actual Rows": 9365,
                                            "Actual Loops": 1
                                        },
                                        {
                                            "Worker Number": 2,
                                            "Actual Startup Time": 3450.064,
                                            "Actual Total Time": 3599.757,
                                            "Actual Rows": 6586,
                                            "Actual Loops": 1
                                        },
                                        {
                                            "Worker Number": 3,
                                            "Actual Startup Time": 3451.288,
                                            "Actual Total Time": 3600.699,
                                            "Actual Rows": 6046,
                                            "Actual Loops": 1
                                        }
                                    ],
                                    "Plans": [
                                        {
                                            "Node Type": "Seq Scan",
                                            "Parent Relationship": "Outer",
                                            "Parallel Aware": true,
                                            "Relation Name": "title",
                                            "Schema": "public",
                                            "Alias": "t",
                                            "Startup Cost": 0.0,
                                            "Total Cost": 42319.06,
                                            "Plan Rows": 632106,
                                            "Plan Width": 4,
                                            "Actual Startup Time": 0.026,
                                            "Actual Total Time": 81.49,
                                            "Actual Rows": 505662,
                                            "Actual Loops": 5,
                                            "Output": [
                                                "t.id",
                                                "t.title",
                                                "t.imdb_index",
                                                "t.kind_id",
                                                "t.production_year",
                                                "t.imdb_id",
                                                "t.phonetic_code",
                                                "t.episode_of_id",
                                                "t.season_nr",
                                                "t.episode_nr",
                                                "t.series_years",
                                                "t.md5sum"
                                            ],
                                            "Workers": [
                                                {
                                                    "Worker Number": 0,
                                                    "Actual Startup Time": 0.025,
                                                    "Actual Total Time": 81.057,
                                                    "Actual Rows": 654538,
                                                    "Actual Loops": 1
                                                },
                                                {
                                                    "Worker Number": 1,
                                                    "Actual Startup Time": 0.027,
                                                    "Actual Total Time": 81.318,
                                                    "Actual Rows": 649442,
                                                    "Actual Loops": 1
                                                },
                                                {
                                                    "Worker Number": 2,
                                                    "Actual Startup Time": 0.032,
                                                    "Actual Total Time": 82.523,
                                                    "Actual Rows": 383215,
                                                    "Actual Loops": 1
                                                },
                                                {
                                                    "Worker Number": 3,
                                                    "Actual Startup Time": 0.025,
                                                    "Actual Total Time": 81.273,
                                                    "Actual Rows": 417370,
                                                    "Actual Loops": 1
                                                }
                                            ]
                                        },
                                        {
                                            "Node Type": "Hash",
                                            "Parent Relationship": "Inner",
                                            "Parallel Aware": true,
                                            "Startup Cost": 478369.87,
                                            "Total Cost": 478369.87,
                                            "Plan Rows": 1,
                                            "Plan Width": 27,
                                            "Actual Startup Time": 3451.023,
                                            "Actual Total Time": 3451.081,
                                            "Actual Rows": 7295,
                                            "Actual Loops": 5,
                                            "Output": [
                                                "ci.movie_id",
                                                "mc.movie_id",
                                                "mk.movie_id",
                                                "n.name"
                                            ],
                                            "Hash Buckets": 65536,
                                            "Original Hash Buckets": 1024,
                                            "Hash Batches": 1,
                                            "Original Hash Batches": 1,
                                            "Peak Memory Usage": 3352,
                                            "Workers": [
                                                {
                                                    "Worker Number": 0,
                                                    "Actual Startup Time": 3449.003,
                                                    "Actual Total Time": 3449.023,
                                                    "Actual Rows": 9116,
                                                    "Actual Loops": 1
                                                },
                                                {
                                                    "Worker Number": 1,
                                                    "Actual Startup Time": 3448.993,
                                                    "Actual Total Time": 3449.011,
                                                    "Actual Rows": 8608,
                                                    "Actual Loops": 1
                                                },
                                                {
                                                    "Worker Number": 2,
                                                    "Actual Startup Time": 3448.621,
                                                    "Actual Total Time": 3448.635,
                                                    "Actual Rows": 6380,
                                                    "Actual Loops": 1
                                                },
                                                {
                                                    "Worker Number": 3,
                                                    "Actual Startup Time": 3449.801,
                                                    "Actual Total Time": 3449.816,
                                                    "Actual Rows": 5958,
                                                    "Actual Loops": 1
                                                }
                                            ],
                                            "Plans": [
                                                {
                                                    "Node Type": "Hash Join",
                                                    "Parent Relationship": "Outer",
                                                    "Parallel Aware": true,
                                                    "Join Type": "Inner",
                                                    "Startup Cost": 473474.15,
                                                    "Total Cost": 478369.87,
                                                    "Plan Rows": 1,
                                                    "Plan Width": 27,
                                                    "Actual Startup Time": 3422.091,
                                                    "Actual Total Time": 3438.565,
                                                    "Actual Rows": 7295,
                                                    "Actual Loops": 5,
                                                    "Output": [
                                                        "ci.movie_id",
                                                        "mc.movie_id",
                                                        "mk.movie_id",
                                                        "n.name"
                                                    ],
                                                    "Inner Unique": false,
                                                    "Hash Cond": "(cn.id = mc.company_id)",
                                                    "Workers": [
                                                        {
                                                            "Worker Number": 0,
                                                            "Actual Startup Time": 3420.075,
                                                            "Actual Total Time": 3435.248,
                                                            "Actual Rows": 9116,
                                                            "Actual Loops": 1
                                                        },
                                                        {
                                                            "Worker Number": 1,
                                                            "Actual Startup Time": 3420.071,
                                                            "Actual Total Time": 3432.288,
                                                            "Actual Rows": 8608,
                                                            "Actual Loops": 1
                                                        },
                                                        {
                                                            "Worker Number": 2,
                                                            "Actual Startup Time": 3419.667,
                                                            "Actual Total Time": 3438.284,
                                                            "Actual Rows": 6380,
                                                            "Actual Loops": 1
                                                        },
                                                        {
                                                            "Worker Number": 3,
                                                            "Actual Startup Time": 3420.869,
                                                            "Actual Total Time": 3437.636,
                                                            "Actual Rows": 5958,
                                                            "Actual Loops": 1
                                                        }
                                                    ],
                                                    "Plans": [
                                                        {
                                                            "Node Type": "Seq Scan",
                                                            "Parent Relationship": "Outer",
                                                            "Parallel Aware": true,
                                                            "Relation Name": "company_name",
                                                            "Schema": "public",
                                                            "Alias": "cn",
                                                            "Startup Cost": 0.0,
                                                            "Total Cost": 4377.34,
                                                            "Plan Rows": 138234,
                                                            "Plan Width": 4,
                                                            "Actual Startup Time": 0.02,
                                                            "Actual Total Time": 7.313,
                                                            "Actual Rows": 46999,
                                                            "Actual Loops": 5,
                                                            "Output": [
                                                                "cn.id",
                                                                "cn.name",
                                                                "cn.country_code",
                                                                "cn.imdb_id",
                                                                "cn.name_pcode_nf",
                                                                "cn.name_pcode_sf",
                                                                "cn.md5sum"
                                                            ],
                                                            "Workers": [
                                                                {
                                                                    "Worker Number": 0,
                                                                    "Actual Startup Time": 0.024,
                                                                    "Actual Total Time": 6.814,
                                                                    "Actual Rows": 53431,
                                                                    "Actual Loops": 1
                                                                },
                                                                {
                                                                    "Worker Number": 1,
                                                                    "Actual Startup Time": 0.018,
                                                                    "Actual Total Time": 5.313,
                                                                    "Actual Rows": 42516,
                                                                    "Actual Loops": 1
                                                                },
                                                                {
                                                                    "Worker Number": 2,
                                                                    "Actual Startup Time": 0.027,
                                                                    "Actual Total Time": 7.835,
                                                                    "Actual Rows": 41427,
                                                                    "Actual Loops": 1
                                                                },
                                                                {
                                                                    "Worker Number": 3,
                                                                    "Actual Startup Time": 0.023,
                                                                    "Actual Total Time": 7.718,
                                                                    "Actual Rows": 44432,
                                                                    "Actual Loops": 1
                                                                }
                                                            ]
                                                        },
                                                        {
                                                            "Node Type": "Hash",
                                                            "Parent Relationship": "Inner",
                                                            "Parallel Aware": true,
                                                            "Startup Cost": 473474.14,
                                                            "Total Cost": 473474.14,
                                                            "Plan Rows": 1,
                                                            "Plan Width": 31,
                                                            "Actual Startup Time": 3421.998,
                                                            "Actual Total Time": 3422.054,
                                                            "Actual Rows": 7295,
                                                            "Actual Loops": 5,
                                                            "Output": [
                                                                "ci.movie_id",
                                                                "mc.movie_id",
                                                                "mc.company_id",
                                                                "mk.movie_id",
                                                                "n.name"
                                                            ],
                                                            "Hash Buckets": 65536,
                                                            "Original Hash Buckets": 1024,
                                                            "Hash Batches": 1,
                                                            "Original Hash Batches": 1,
                                                            "Peak Memory Usage": 3448,
                                                            "Workers": [
                                                                {
                                                                    "Worker Number": 0,
                                                                    "Actual Startup Time": 3419.984,
                                                                    "Actual Total Time": 3420.001,
                                                                    "Actual Rows": 7218,
                                                                    "Actual Loops": 1
                                                                },
                                                                {
                                                                    "Worker Number": 1,
                                                                    "Actual Startup Time": 3419.992,
                                                                    "Actual Total Time": 3420.007,
                                                                    "Actual Rows": 9200,
                                                                    "Actual Loops": 1
                                                                },
                                                                {
                                                                    "Worker Number": 2,
                                                                    "Actual Startup Time": 3419.561,
                                                                    "Actual Total Time": 3419.573,
                                                                    "Actual Rows": 6189,
                                                                    "Actual Loops": 1
                                                                },
                                                                {
                                                                    "Worker Number": 3,
                                                                    "Actual Startup Time": 3420.769,
                                                                    "Actual Total Time": 3420.782,
                                                                    "Actual Rows": 6714,
                                                                    "Actual Loops": 1
                                                                }
                                                            ],
                                                            "Plans": [
                                                                {
                                                                    "Node Type": "Hash Join",
                                                                    "Parent Relationship": "Outer",
                                                                    "Parallel Aware": true,
                                                                    "Join Type": "Inner",
                                                                    "Startup Cost": 443111.38,
                                                                    "Total Cost": 473474.14,
                                                                    "Plan Rows": 1,
                                                                    "Plan Width": 31,
                                                                    "Actual Startup Time": 3273.733,
                                                                    "Actual Total Time": 3402.07,
                                                                    "Actual Rows": 7295,
                                                                    "Actual Loops": 5,
                                                                    "Output": [
                                                                        "ci.movie_id",
                                                                        "mc.movie_id",
                                                                        "mc.company_id",
                                                                        "mk.movie_id",
                                                                        "n.name"
                                                                    ],
                                                                    "Inner Unique": false,
                                                                    "Hash Cond": "(mc.movie_id = ci.movie_id)",
                                                                    "Workers": [
                                                                        {
                                                                            "Worker Number": 0,
                                                                            "Actual Startup Time": 3271.54,
                                                                            "Actual Total Time": 3391.932,
                                                                            "Actual Rows": 7218,
                                                                            "Actual Loops": 1
                                                                        },
                                                                        {
                                                                            "Worker Number": 1,
                                                                            "Actual Startup Time": 3272.051,
                                                                            "Actual Total Time": 3395.978,
                                                                            "Actual Rows": 9200,
                                                                            "Actual Loops": 1
                                                                        },
                                                                        {
                                                                            "Worker Number": 2,
                                                                            "Actual Startup Time": 3271.392,
                                                                            "Actual Total Time": 3406.678,
                                                                            "Actual Rows": 6189,
                                                                            "Actual Loops": 1
                                                                        },
                                                                        {
                                                                            "Worker Number": 3,
                                                                            "Actual Startup Time": 3272.322,
                                                                            "Actual Total Time": 3399.308,
                                                                            "Actual Rows": 6714,
                                                                            "Actual Loops": 1
                                                                        }
                                                                    ],
                                                                    "Plans": [
                                                                        {
                                                                            "Node Type": "Seq Scan",
                                                                            "Parent Relationship": "Outer",
                                                                            "Parallel Aware": true,
                                                                            "Relation Name": "movie_companies",
                                                                            "Schema": "public",
                                                                            "Alias": "mc",
                                                                            "Startup Cost": 0.0,
                                                                            "Total Cost": 27206.55,
                                                                            "Plan Rows": 841655,
                                                                            "Plan Width": 8,
                                                                            "Actual Startup Time": 0.047,
                                                                            "Actual Total Time": 66.552,
                                                                            "Actual Rows": 521826,
                                                                            "Actual Loops": 5,
                                                                            "Output": [
                                                                                "mc.id",
                                                                                "mc.movie_id",
                                                                                "mc.company_id",
                                                                                "mc.company_type_id",
                                                                                "mc.note"
                                                                            ],
                                                                            "Workers": [
                                                                                {
                                                                                    "Worker Number": 0,
                                                                                    "Actual Startup Time": 0.064,
                                                                                    "Actual Total Time": 61.833,
                                                                                    "Actual Rows": 541566,
                                                                                    "Actual Loops": 1
                                                                                },
                                                                                {
                                                                                    "Worker Number": 1,
                                                                                    "Actual Startup Time": 0.054,
                                                                                    "Actual Total Time": 63.774,
                                                                                    "Actual Rows": 609880,
                                                                                    "Actual Loops": 1
                                                                                },
                                                                                {
                                                                                    "Worker Number": 2,
                                                                                    "Actual Startup Time": 0.043,
                                                                                    "Actual Total Time": 70.746,
                                                                                    "Actual Rows": 488861,
                                                                                    "Actual Loops": 1
                                                                                },
                                                                                {
                                                                                    "Worker Number": 3,
                                                                                    "Actual Startup Time": 0.036,
                                                                                    "Actual Total Time": 64.643,
                                                                                    "Actual Rows": 508322,
                                                                                    "Actual Loops": 1
                                                                                }
                                                                            ]
                                                                        },
                                                                        {
                                                                            "Node Type": "Hash",
                                                                            "Parent Relationship": "Inner",
                                                                            "Parallel Aware": true,
                                                                            "Startup Cost": 443111.37,
                                                                            "Total Cost": 443111.37,
                                                                            "Plan Rows": 1,
                                                                            "Plan Width": 23,
                                                                            "Actual Startup Time": 3272.828,
                                                                            "Actual Total Time": 3272.881,
                                                                            "Actual Rows": 849,
                                                                            "Actual Loops": 5,
                                                                            "Output": [
                                                                                "ci.movie_id",
                                                                                "mk.movie_id",
                                                                                "n.name"
                                                                            ],
                                                                            "Hash Buckets": 8192,
                                                                            "Original Hash Buckets": 1024,
                                                                            "Hash Batches": 1,
                                                                            "Original Hash Batches": 1,
                                                                            "Peak Memory Usage": 472,
                                                                            "Workers": [
                                                                                {
                                                                                    "Worker Number": 0,
                                                                                    "Actual Startup Time": 3270.793,
                                                                                    "Actual Total Time": 3270.807,
                                                                                    "Actual Rows": 1124,
                                                                                    "Actual Loops": 1
                                                                                },
                                                                                {
                                                                                    "Worker Number": 1,
                                                                                    "Actual Startup Time": 3270.828,
                                                                                    "Actual Total Time": 3270.838,
                                                                                    "Actual Rows": 570,
                                                                                    "Actual Loops": 1
                                                                                },
                                                                                {
                                                                                    "Worker Number": 2,
                                                                                    "Actual Startup Time": 3270.379,
                                                                                    "Actual Total Time": 3270.389,
                                                                                    "Actual Rows": 1001,
                                                                                    "Actual Loops": 1
                                                                                },
                                                                                {
                                                                                    "Worker Number": 3,
                                                                                    "Actual Startup Time": 3271.644,
                                                                                    "Actual Total Time": 3271.654,
                                                                                    "Actual Rows": 978,
                                                                                    "Actual Loops": 1
                                                                                }
                                                                            ],
                                                                            "Plans": [
                                                                                {
                                                                                    "Node Type": "Hash Join",
                                                                                    "Parent Relationship": "Outer",
                                                                                    "Parallel Aware": true,
                                                                                    "Join Type": "Inner",
                                                                                    "Startup Cost": 114142.44,
                                                                                    "Total Cost": 443111.37,
                                                                                    "Plan Rows": 1,
                                                                                    "Plan Width": 23,
                                                                                    "Actual Startup Time": 564.249,
                                                                                    "Actual Total Time": 2183.506,
                                                                                    "Actual Rows": 849,
                                                                                    "Actual Loops": 5,
                                                                                    "Output": [
                                                                                        "ci.movie_id",
                                                                                        "mk.movie_id",
                                                                                        "n.name"
                                                                                    ],
                                                                                    "Inner Unique": false,
                                                                                    "Hash Cond": "(ci.movie_id = mk.movie_id)",
                                                                                    "Workers": [
                                                                                        {
                                                                                            "Worker Number": 0,
                                                                                            "Actual Startup Time": 520.035,
                                                                                            "Actual Total Time": 3132.47,
                                                                                            "Actual Rows": 1124,
                                                                                            "Actual Loops": 1
                                                                                        },
                                                                                        {
                                                                                            "Worker Number": 1,
                                                                                            "Actual Startup Time": 506.465,
                                                                                            "Actual Total Time": 1993.171,
                                                                                            "Actual Rows": 570,
                                                                                            "Actual Loops": 1
                                                                                        },
                                                                                        {
                                                                                            "Worker Number": 2,
                                                                                            "Actual Startup Time": 591.239,
                                                                                            "Actual Total Time": 2028.076,
                                                                                            "Actual Rows": 1001,
                                                                                            "Actual Loops": 1
                                                                                        },
                                                                                        {
                                                                                            "Worker Number": 3,
                                                                                            "Actual Startup Time": 644.125,
                                                                                            "Actual Total Time": 1944.976,
                                                                                            "Actual Rows": 978,
                                                                                            "Actual Loops": 1
                                                                                        }
                                                                                    ],
                                                                                    "Plans": [
                                                                                        {
                                                                                            "Node Type": "Hash Join",
                                                                                            "Parent Relationship": "Outer",
                                                                                            "Parallel Aware": true,
                                                                                            "Join Type": "Inner",
                                                                                            "Startup Cost": 68637.98,
                                                                                            "Total Cost": 397604.62,
                                                                                            "Plan Rows": 604,
                                                                                            "Plan Width": 19,
                                                                                            "Actual Startup Time": 238.648,
                                                                                            "Actual Total Time": 1911.465,
                                                                                            "Actual Rows": 27110,
                                                                                            "Actual Loops": 5,
                                                                                            "Output": [
                                                                                                "ci.movie_id",
                                                                                                "n.name"
                                                                                            ],
                                                                                            "Inner Unique": true,
                                                                                            "Hash Cond": "(ci.person_id = n.id)",
                                                                                            "Workers": [
                                                                                                {
                                                                                                    "Worker Number": 0,
                                                                                                    "Actual Startup Time": 238.519,
                                                                                                    "Actual Total Time": 2860.004,
                                                                                                    "Actual Rows": 35877,
                                                                                                    "Actual Loops": 1
                                                                                                },
                                                                                                {
                                                                                                    "Worker Number": 1,
                                                                                                    "Actual Startup Time": 245.769,
                                                                                                    "Actual Total Time": 1725.493,
                                                                                                    "Actual Rows": 23232,
                                                                                                    "Actual Loops": 1
                                                                                                },
                                                                                                {
                                                                                                    "Worker Number": 2,
                                                                                                    "Actual Startup Time": 229.826,
                                                                                                    "Actual Total Time": 1756.59,
                                                                                                    "Actual Rows": 28159,
                                                                                                    "Actual Loops": 1
                                                                                                },
                                                                                                {
                                                                                                    "Worker Number": 3,
                                                                                                    "Actual Startup Time": 224.328,
                                                                                                    "Actual Total Time": 1672.821,
                                                                                                    "Actual Rows": 28991,
                                                                                                    "Actual Loops": 1
                                                                                                }
                                                                                            ],
                                                                                            "Plans": [
                                                                                                {
                                                                                                    "Node Type": "Seq Scan",
                                                                                                    "Parent Relationship": "Outer",
                                                                                                    "Parallel Aware": true,
                                                                                                    "Relation Name": "cast_info",
                                                                                                    "Schema": "public",
                                                                                                    "Alias": "ci",
                                                                                                    "Startup Cost": 0.0,
                                                                                                    "Total Cost": 313106.51,
                                                                                                    "Plan Rows": 6041951,
                                                                                                    "Plan Width": 8,
                                                                                                    "Actual Startup Time": 0.011,
                                                                                                    "Actual Total Time": 874.784,
                                                                                                    "Actual Rows": 7248869,
                                                                                                    "Actual Loops": 5,
                                                                                                    "Output": [
                                                                                                        "ci.id",
                                                                                                        "ci.person_id",
                                                                                                        "ci.movie_id",
                                                                                                        "ci.person_role_id",
                                                                                                        "ci.note",
                                                                                                        "ci.nr_order",
                                                                                                        "ci.role_id"
                                                                                                    ],
                                                                                                    "Workers": [
                                                                                                        {
                                                                                                            "Worker Number": 0,
                                                                                                            "Actual Startup Time": 0.01,
                                                                                                            "Actual Total Time": 1330.832,
                                                                                                            "Actual Rows": 12757235,
                                                                                                            "Actual Loops": 1
                                                                                                        },
                                                                                                        {
                                                                                                            "Worker Number": 1,
                                                                                                            "Actual Startup Time": 0.009,
                                                                                                            "Actual Total Time": 780.838,
                                                                                                            "Actual Rows": 6623371,
                                                                                                            "Actual Loops": 1
                                                                                                        },
                                                                                                        {
                                                                                                            "Worker Number": 2,
                                                                                                            "Actual Startup Time": 0.009,
                                                                                                            "Actual Total Time": 810.743,
                                                                                                            "Actual Rows": 5571616,
                                                                                                            "Actual Loops": 1
                                                                                                        },
                                                                                                        {
                                                                                                            "Worker Number": 3,
                                                                                                            "Actual Startup Time": 0.01,
                                                                                                            "Actual Total Time": 753.236,
                                                                                                            "Actual Rows": 5947401,
                                                                                                            "Actual Loops": 1
                                                                                                        }
                                                                                                    ]
                                                                                                },
                                                                                                {
                                                                                                    "Node Type": "Hash",
                                                                                                    "Parent Relationship": "Inner",
                                                                                                    "Parallel Aware": true,
                                                                                                    "Startup Cost": 68636.68,
                                                                                                    "Total Cost": 68636.68,
                                                                                                    "Plan Rows": 104,
                                                                                                    "Plan Width": 19,
                                                                                                    "Actual Startup Time": 224.059,
                                                                                                    "Actual Total Time": 224.06,
                                                                                                    "Actual Rows": 3391,
                                                                                                    "Actual Loops": 5,
                                                                                                    "Output": [
                                                                                                        "n.name",
                                                                                                        "n.id"
                                                                                                    ],
                                                                                                    "Hash Buckets": 16384,
                                                                                                    "Original Hash Buckets": 1024,
                                                                                                    "Hash Batches": 1,
                                                                                                    "Original Hash Batches": 1,
                                                                                                    "Peak Memory Usage": 1208,
                                                                                                    "Workers": [
                                                                                                        {
                                                                                                            "Worker Number": 0,
                                                                                                            "Actual Startup Time": 223.988,
                                                                                                            "Actual Total Time": 223.99,
                                                                                                            "Actual Rows": 3470,
                                                                                                            "Actual Loops": 1
                                                                                                        },
                                                                                                        {
                                                                                                            "Worker Number": 1,
                                                                                                            "Actual Startup Time": 224.096,
                                                                                                            "Actual Total Time": 224.097,
                                                                                                            "Actual Rows": 3913,
                                                                                                            "Actual Loops": 1
                                                                                                        },
                                                                                                        {
                                                                                                            "Worker Number": 2,
                                                                                                            "Actual Startup Time": 224.052,
                                                                                                            "Actual Total Time": 224.053,
                                                                                                            "Actual Rows": 2217,
                                                                                                            "Actual Loops": 1
                                                                                                        },
                                                                                                        {
                                                                                                            "Worker Number": 3,
                                                                                                            "Actual Startup Time": 224.144,
                                                                                                            "Actual Total Time": 224.145,
                                                                                                            "Actual Rows": 2859,
                                                                                                            "Actual Loops": 1
                                                                                                        }
                                                                                                    ],
                                                                                                    "Plans": [
                                                                                                        {
                                                                                                            "Node Type": "Seq Scan",
                                                                                                            "Parent Relationship": "Outer",
                                                                                                            "Parallel Aware": true,
                                                                                                            "Relation Name": "name",
                                                                                                            "Schema": "public",
                                                                                                            "Alias": "n",
                                                                                                            "Startup Cost": 0.0,
                                                                                                            "Total Cost": 68636.68,
                                                                                                            "Plan Rows": 104,
                                                                                                            "Plan Width": 19,
                                                                                                            "Actual Startup Time": 1.65,
                                                                                                            "Actual Total Time": 195.586,
                                                                                                            "Actual Rows": 3391,
                                                                                                            "Actual Loops": 5,
                                                                                                            "Output": [
                                                                                                                "n.name",
                                                                                                                "n.id"
                                                                                                            ],
                                                                                                            "Filter": "(n.name ~~ '%Smith,%'::text)",
                                                                                                            "Rows Removed by Filter": 830107,
                                                                                                            "Workers": [
                                                                                                                {
                                                                                                                    "Worker Number": 0,
                                                                                                                    "Actual Startup Time": 1.105,
                                                                                                                    "Actual Total Time": 179.419,
                                                                                                                    "Actual Rows": 3470,
                                                                                                                    "Actual Loops": 1
                                                                                                                },
                                                                                                                {
                                                                                                                    "Worker Number": 1,
                                                                                                                    "Actual Startup Time": 3.269,
                                                                                                                    "Actual Total Time": 220.041,
                                                                                                                    "Actual Rows": 3913,
                                                                                                                    "Actual Loops": 1
                                                                                                                },
                                                                                                                {
                                                                                                                    "Worker Number": 2,
                                                                                                                    "Actual Startup Time": 3.473,
                                                                                                                    "Actual Total Time": 180.354,
                                                                                                                    "Actual Rows": 2217,
                                                                                                                    "Actual Loops": 1
                                                                                                                },
                                                                                                                {
                                                                                                                    "Worker Number": 3,
                                                                                                                    "Actual Startup Time": 0.165,
                                                                                                                    "Actual Total Time": 179.263,
                                                                                                                    "Actual Rows": 2859,
                                                                                                                    "Actual Loops": 1
                                                                                                                }
                                                                                                            ]
                                                                                                        }
                                                                                                    ]
                                                                                                }
                                                                                            ]
                                                                                        },
                                                                                        {
                                                                                            "Node Type": "Hash",
                                                                                            "Parent Relationship": "Inner",
                                                                                            "Parallel Aware": true,
                                                                                            "Startup Cost": 45504.33,
                                                                                            "Total Cost": 45504.33,
                                                                                            "Plan Rows": 11,
                                                                                            "Plan Width": 4,
                                                                                            "Actual Startup Time": 262.558,
                                                                                            "Actual Total Time": 262.561,
                                                                                            "Actual Rows": 8368,
                                                                                            "Actual Loops": 5,
                                                                                            "Output": [
                                                                                                "mk.movie_id"
                                                                                            ],
                                                                                            "Hash Buckets": 65536,
                                                                                            "Original Hash Buckets": 1024,
                                                                                            "Hash Batches": 1,
                                                                                            "Original Hash Batches": 1,
                                                                                            "Peak Memory Usage": 2744,
                                                                                            "Workers": [
                                                                                                {
                                                                                                    "Worker Number": 0,
                                                                                                    "Actual Startup Time": 260.545,
                                                                                                    "Actual Total Time": 260.55,
                                                                                                    "Actual Rows": 8452,
                                                                                                    "Actual Loops": 1
                                                                                                },
                                                                                                {
                                                                                                    "Worker Number": 1,
                                                                                                    "Actual Startup Time": 260.543,
                                                                                                    "Actual Total Time": 260.547,
                                                                                                    "Actual Rows": 7555,
                                                                                                    "Actual Loops": 1
                                                                                                },
                                                                                                {
                                                                                                    "Worker Number": 2,
                                                                                                    "Actual Startup Time": 260.143,
                                                                                                    "Actual Total Time": 260.147,
                                                                                                    "Actual Rows": 7260,
                                                                                                    "Actual Loops": 1
                                                                                                },
                                                                                                {
                                                                                                    "Worker Number": 3,
                                                                                                    "Actual Startup Time": 261.38,
                                                                                                    "Actual Total Time": 261.383,
                                                                                                    "Actual Rows": 8499,
                                                                                                    "Actual Loops": 1
                                                                                                }
                                                                                            ],
                                                                                            "Plans": [
                                                                                                {
                                                                                                    "Node Type": "Hash Join",
                                                                                                    "Parent Relationship": "Outer",
                                                                                                    "Parallel Aware": false,
                                                                                                    "Join Type": "Inner",
                                                                                                    "Startup Cost": 2626.14,
                                                                                                    "Total Cost": 45504.33,
                                                                                                    "Plan Rows": 11,
                                                                                                    "Plan Width": 4,
                                                                                                    "Actual Startup Time": 23.9,
                                                                                                    "Actual Total Time": 226.909,
                                                                                                    "Actual Rows": 8368,
                                                                                                    "Actual Loops": 5,
                                                                                                    "Output": [
                                                                                                        "mk.movie_id"
                                                                                                    ],
                                                                                                    "Inner Unique": true,
                                                                                                    "Hash Cond": "(mk.keyword_id = k.id)",
                                                                                                    "Workers": [
                                                                                                        {
                                                                                                            "Worker Number": 0,
                                                                                                            "Actual Startup Time": 22.858,
                                                                                                            "Actual Total Time": 232.74,
                                                                                                            "Actual Rows": 8452,
                                                                                                            "Actual Loops": 1
                                                                                                        },
                                                                                                        {
                                                                                                            "Worker Number": 1,
                                                                                                            "Actual Startup Time": 22.503,
                                                                                                            "Actual Total Time": 212.047,
                                                                                                            "Actual Rows": 7555,
                                                                                                            "Actual Loops": 1
                                                                                                        },
                                                                                                        {
                                                                                                            "Worker Number": 2,
                                                                                                            "Actual Startup Time": 24.258,
                                                                                                            "Actual Total Time": 221.338,
                                                                                                            "Actual Rows": 7260,
                                                                                                            "Actual Loops": 1
                                                                                                        },
                                                                                                        {
                                                                                                            "Worker Number": 3,
                                                                                                            "Actual Startup Time": 22.424,
                                                                                                            "Actual Total Time": 218.441,
                                                                                                            "Actual Rows": 8499,
                                                                                                            "Actual Loops": 1
                                                                                                        }
                                                                                                    ],
                                                                                                    "Plans": [
                                                                                                        {
                                                                                                            "Node Type": "Seq Scan",
                                                                                                            "Parent Relationship": "Outer",
                                                                                                            "Parallel Aware": true,
                                                                                                            "Relation Name": "movie_keyword",
                                                                                                            "Schema": "public",
                                                                                                            "Alias": "mk",
                                                                                                            "Startup Cost": 0.0,
                                                                                                            "Total Cost": 39047.32,
                                                                                                            "Plan Rows": 1459332,
                                                                                                            "Plan Width": 8,
                                                                                                            "Actual Startup Time": 0.048,
                                                                                                            "Actual Total Time": 110.838,
                                                                                                            "Actual Rows": 904786,
                                                                                                            "Actual Loops": 5,
                                                                                                            "Output": [
                                                                                                                "mk.id",
                                                                                                                "mk.movie_id",
                                                                                                                "mk.keyword_id"
                                                                                                            ],
                                                                                                            "Workers": [
                                                                                                                {
                                                                                                                    "Worker Number": 0,
                                                                                                                    "Actual Startup Time": 0.052,
                                                                                                                    "Actual Total Time": 113.821,
                                                                                                                    "Actual Rows": 956265,
                                                                                                                    "Actual Loops": 1
                                                                                                                },
                                                                                                                {
                                                                                                                    "Worker Number": 1,
                                                                                                                    "Actual Startup Time": 0.051,
                                                                                                                    "Actual Total Time": 103.456,
                                                                                                                    "Actual Rows": 861175,
                                                                                                                    "Actual Loops": 1
                                                                                                                },
                                                                                                                {
                                                                                                                    "Worker Number": 2,
                                                                                                                    "Actual Startup Time": 0.065,
                                                                                                                    "Actual Total Time": 109.219,
                                                                                                                    "Actual Rows": 804750,
                                                                                                                    "Actual Loops": 1
                                                                                                                },
                                                                                                                {
                                                                                                                    "Worker Number": 3,
                                                                                                                    "Actual Startup Time": 0.051,
                                                                                                                    "Actual Total Time": 106.706,
                                                                                                                    "Actual Rows": 886275,
                                                                                                                    "Actual Loops": 1
                                                                                                                }
                                                                                                            ]
                                                                                                        },
                                                                                                        {
                                                                                                            "Node Type": "Hash",
                                                                                                            "Parent Relationship": "Inner",
                                                                                                            "Parallel Aware": false,
                                                                                                            "Startup Cost": 2626.12,
                                                                                                            "Total Cost": 2626.12,
                                                                                                            "Plan Rows": 1,
                                                                                                            "Plan Width": 4,
                                                                                                            "Actual Startup Time": 23.753,
                                                                                                            "Actual Total Time": 23.754,
                                                                                                            "Actual Rows": 1,
                                                                                                            "Actual Loops": 5,
                                                                                                            "Output": [
                                                                                                                "k.id"
                                                                                                            ],
                                                                                                            "Hash Buckets": 1024,
                                                                                                            "Original Hash Buckets": 1024,
                                                                                                            "Hash Batches": 1,
                                                                                                            "Original Hash Batches": 1,
                                                                                                            "Peak Memory Usage": 9,
                                                                                                            "Workers": [
                                                                                                                {
                                                                                                                    "Worker Number": 0,
                                                                                                                    "Actual Startup Time": 22.752,
                                                                                                                    "Actual Total Time": 22.753,
                                                                                                                    "Actual Rows": 1,
                                                                                                                    "Actual Loops": 1
                                                                                                                },
                                                                                                                {
                                                                                                                    "Worker Number": 1,
                                                                                                                    "Actual Startup Time": 22.397,
                                                                                                                    "Actual Total Time": 22.398,
                                                                                                                    "Actual Rows": 1,
                                                                                                                    "Actual Loops": 1
                                                                                                                },
                                                                                                                {
                                                                                                                    "Worker Number": 2,
                                                                                                                    "Actual Startup Time": 24.033,
                                                                                                                    "Actual Total Time": 24.034,
                                                                                                                    "Actual Rows": 1,
                                                                                                                    "Actual Loops": 1
                                                                                                                },
                                                                                                                {
                                                                                                                    "Worker Number": 3,
                                                                                                                    "Actual Startup Time": 22.259,
                                                                                                                    "Actual Total Time": 22.26,
                                                                                                                    "Actual Rows": 1,
                                                                                                                    "Actual Loops": 1
                                                                                                                }
                                                                                                            ],
                                                                                                            "Plans": [
                                                                                                                {
                                                                                                                    "Node Type": "Seq Scan",
                                                                                                                    "Parent Relationship": "Outer",
                                                                                                                    "Parallel Aware": false,
                                                                                                                    "Relation Name": "keyword",
                                                                                                                    "Schema": "public",
                                                                                                                    "Alias": "k",
                                                                                                                    "Startup Cost": 0.0,
                                                                                                                    "Total Cost": 2626.12,
                                                                                                                    "Plan Rows": 1,
                                                                                                                    "Plan Width": 4,
                                                                                                                    "Actual Startup Time": 1.748,
                                                                                                                    "Actual Total Time": 23.733,
                                                                                                                    "Actual Rows": 1,
                                                                                                                    "Actual Loops": 5,
                                                                                                                    "Output": [
                                                                                                                        "k.id"
                                                                                                                    ],
                                                                                                                    "Filter": "(k.keyword = 'character-name-in-title'::text)",
                                                                                                                    "Rows Removed by Filter": 134169,
                                                                                                                    "Workers": [
                                                                                                                        {
                                                                                                                            "Worker Number": 0,
                                                                                                                            "Actual Startup Time": 1.613,
                                                                                                                            "Actual Total Time": 22.732,
                                                                                                                            "Actual Rows": 1,
                                                                                                                            "Actual Loops": 1
                                                                                                                        },
                                                                                                                        {
                                                                                                                            "Worker Number": 1,
                                                                                                                            "Actual Startup Time": 1.62,
                                                                                                                            "Actual Total Time": 22.379,
                                                                                                                            "Actual Rows": 1,
                                                                                                                            "Actual Loops": 1
                                                                                                                        },
                                                                                                                        {
                                                                                                                            "Worker Number": 2,
                                                                                                                            "Actual Startup Time": 1.982,
                                                                                                                            "Actual Total Time": 24.013,
                                                                                                                            "Actual Rows": 1,
                                                                                                                            "Actual Loops": 1
                                                                                                                        },
                                                                                                                        {
                                                                                                                            "Worker Number": 3,
                                                                                                                            "Actual Startup Time": 1.538,
                                                                                                                            "Actual Total Time": 22.241,
                                                                                                                            "Actual Rows": 1,
                                                                                                                            "Actual Loops": 1
                                                                                                                        }
                                                                                                                    ]
                                                                                                                }
                                                                                                            ]
                                                                                                        }
                                                                                                    ]
                                                                                                }
                                                                                            ]
                                                                                        }
                                                                                    ]
                                                                                }
                                                                            ]
                                                                        }
                                                                    ]
                                                                }
                                                            ]
                                                        }
                                                    ]
                                                }
                                            ]
                                        }
                                    ]
                                }
                            ]
                        }
                    ]
                }
            ]
        },
        "Planning Time": 1720.653,
        "Triggers": [],
        "Execution Time": 3743.835
    }
]