[
  {
    "Plan": {
      "Node Type": "Aggregate",
      "Strategy": "Plain",
      "Partial Mode": "Finalize",
      "Parallel Aware": false,
      "Startup Cost": 320388.33,
      "Total Cost": 320388.34,
      "Plan Rows": 1,
      "Plan Width": 8,
      "Actual Startup Time": 237.921,
      "Actual Total Time": 276.794,
      "Actual Rows": 1,
      "Actual Loops": 1,
      "Plans": [
        {
          "Node Type": "Gather",
          "Parent Relationship": "Outer",
          "Parallel Aware": false,
          "Startup Cost": 320387.91,
          "Total Cost": 320388.32,
          "Plan Rows": 4,
          "Plan Width": 8,
          "Actual Startup Time": 237.783,
          "Actual Total Time": 276.783,
          "Actual Rows": 5,
          "Actual Loops": 1,
          "Workers Planned": 4,
          "Workers Launched": 4,
          "Single Copy": false,
          "Plans": [
            {
              "Node Type": "Aggregate",
              "Strategy": "Plain",
              "Partial Mode": "Partial",
              "Parent Relationship": "Outer",
              "Parallel Aware": false,
              "Startup Cost": 319387.91,
              "Total Cost": 319387.92,
              "Plan Rows": 1,
              "Plan Width": 8,
              "Actual Startup Time": 227.673,
              "Actual Total Time": 227.674,
              "Actual Rows": 1,
              "Actual Loops": 5,
              "Plans": [
                {
                  "Node Type": "Nested Loop",
                  "Parent Relationship": "Outer",
                  "Parallel Aware": false,
                  "Join Type": "Inner",
                  "Startup Cost": 0.56,
                  "Total Cost": 319277.68,
                  "Plan Rows": 44090,
                  "Plan Width": 0,
                  "Actual Startup Time": 0.439,
                  "Actual Total Time": 224.479,
                  "Actual Rows": 39092,
                  "Actual Loops": 5,
                  "Inner Unique": false,
                  "Plans": [
                    {
                      "Node Type": "Seq Scan",
                      "Parent Relationship": "Outer",
                      "Parallel Aware": true,
                      "Relation Name": "title",
                      "Alias": "t",
                      "Startup Cost": 0.0,
                      "Total Cost": 45479.1,
                      "Plan Rows": 3932,
                      "Plan Width": 4,
                      "Actual Startup Time": 0.061,
                      "Actual Total Time": 69.116,
                      "Actual Rows": 3249,
                      "Actual Loops": 5,
                      "Filter": "((kind_id = 7) AND (production_year = 1993))",
                      "Rows Removed by Filter": 502413
                    },
                    {
                      "Node Type": "Index Scan",
                      "Parent Relationship": "Inner",
                      "Parallel Aware": false,
                      "Scan Direction": "Forward",
                      "Index Name": "movie_id_cast_info",
                      "Relation Name": "cast_info",
                      "Alias": "ci",
                      "Startup Cost": 0.56,
                      "Total Cost": 69.34,
                      "Plan Rows": 29,
                      "Plan Width": 4,
                      "Actual Startup Time": 0.017,
                      "Actual Total Time": 0.046,
                      "Actual Rows": 12,
                      "Actual Loops": 16247,
                      "Index Cond": "(movie_id = t.id)",
                      "Rows Removed by Index Recheck": 0,
                      "Filter": "(person_id > 785522)",
                      "Rows Removed by Filter": 4
                    }
                  ]
                }
              ]
            }
          ]
        }
      ]
    },
    "Planning Time": 0.636,
    "Triggers": [],
    "Execution Time": 276.876
  }
]