[
  {
    "Plan": {
      "Node Type": "Aggregate",
      "Strategy": "Plain",
      "Partial Mode": "Finalize",
      "Parallel Aware": false,
      "Startup Cost": 74657.56,
      "Total Cost": 74657.57,
      "Plan Rows": 1,
      "Plan Width": 8,
      "Actual Startup Time": 225.763,
      "Actual Total Time": 238.964,
      "Actual Rows": 1,
      "Actual Loops": 1,
      "Plans": [
        {
          "Node Type": "Gather",
          "Parent Relationship": "Outer",
          "Parallel Aware": false,
          "Startup Cost": 74657.14,
          "Total Cost": 74657.55,
          "Plan Rows": 4,
          "Plan Width": 8,
          "Actual Startup Time": 222.732,
          "Actual Total Time": 238.954,
          "Actual Rows": 5,
          "Actual Loops": 1,
          "Workers Planned": 4,
          "Workers Launched": 4,
          "Single Copy": false,
          "Plans": [
            {
              "Node Type": "Aggregate",
              "Strategy": "Plain",
              "Partial Mode": "Partial",
              "Parent Relationship": "Outer",
              "Parallel Aware": false,
              "Startup Cost": 73657.14,
              "Total Cost": 73657.15,
              "Plan Rows": 1,
              "Plan Width": 8,
              "Actual Startup Time": 212.91,
              "Actual Total Time": 212.969,
              "Actual Rows": 1,
              "Actual Loops": 5,
              "Plans": [
                {
                  "Node Type": "Hash Join",
                  "Parent Relationship": "Outer",
                  "Parallel Aware": true,
                  "Join Type": "Inner",
                  "Startup Cost": 29199.46,
                  "Total Cost": 73638.19,
                  "Plan Rows": 7578,
                  "Plan Width": 0,
                  "Actual Startup Time": 141.143,
                  "Actual Total Time": 211.743,
                  "Actual Rows": 19950,
                  "Actual Loops": 5,
                  "Inner Unique": false,
                  "Hash Cond": "(t.id = mc.movie_id)",
                  "Plans": [
                    {
                      "Node Type": "Seq Scan",
                      "Parent Relationship": "Outer",
                      "Parallel Aware": true,
                      "Relation Name": "title",
                      "Alias": "t",
                      "Startup Cost": 0.0,
                      "Total Cost": 43898.92,
                      "Plan Rows": 103074,
                      "Plan Width": 4,
                      "Actual Startup Time": 0.017,
                      "Actual Total Time": 76.883,
                      "Actual Rows": 84756,
                      "Actual Loops": 5,
                      "Filter": "(production_year < 1974)",
                      "Rows Removed by Filter": 420907
                    },
                    {
                      "Node Type": "Hash",
                      "Parent Relationship": "Inner",
                      "Parallel Aware": true,
                      "Startup Cost": 28449.96,
                      "Total Cost": 28449.96,
                      "Plan Rows": 59960,
                      "Plan Width": 4,
                      "Actual Startup Time": 102.903,
                      "Actual Total Time": 102.904,
                      "Actual Rows": 73627,
                      "Actual Loops": 5,
                      "Hash Buckets": 524288,
                      "Original Hash Buckets": 262144,
                      "Hash Batches": 1,
                      "Original Hash Batches": 1,
                      "Peak Memory Usage": 20608,
                      "Plans": [
                        {
                          "Node Type": "Bitmap Heap Scan",
                          "Parent Relationship": "Outer",
                          "Parallel Aware": true,
                          "Relation Name": "movie_companies",
                          "Alias": "mc",
                          "Startup Cost": 7888.57,
                          "Total Cost": 28449.96,
                          "Plan Rows": 59960,
                          "Plan Width": 4,
                          "Actual Startup Time": 35.506,
                          "Actual Total Time": 67.938,
                          "Actual Rows": 73627,
                          "Actual Loops": 5,
                          "Recheck Cond": "(company_id > 85819)",
                          "Rows Removed by Index Recheck": 0,
                          "Filter": "(company_type_id > 1)",
                          "Rows Removed by Filter": 0,
                          "Exact Heap Blocks": 2362,
                          "Lossy Heap Blocks": 0,
                          "Plans": [
                            {
                              "Node Type": "Bitmap Index Scan",
                              "Parent Relationship": "Outer",
                              "Parallel Aware": false,
                              "Index Name": "company_id_movie_companies",
                              "Startup Cost": 0.0,
                              "Total Cost": 7842.1,
                              "Plan Rows": 366089,
                              "Plan Width": 0,
                              "Actual Startup Time": 37.156,
                              "Actual Total Time": 37.157,
                              "Actual Rows": 368137,
                              "Actual Loops": 1,
                              "Index Cond": "(company_id > 85819)"
                            }
                          ]
                        }
                      ]
                    }
                  ]
                }
              ]
            }
          ]
        }
      ]
    },
    "Planning Time": 0.688,
    "Triggers": [],
    "Execution Time": 239.057
  }
]