[
    {
        "Bao": {
            "Bao prediction": "NaN",
            "Bao recommended hint": "(no hint)"
        }
    },
    {
        "Plan": {
            "Node Type": "Aggregate",
            "Strategy": "Plain",
            "Partial Mode": "Finalize",
            "Parallel Aware": false,
            "Startup Cost": 338943.0,
            "Total Cost": 338943.01,
            "Plan Rows": 1,
            "Plan Width": 8,
            "Actual Startup Time": 874.483,
            "Actual Total Time": 905.29,
            "Actual Rows": 1,
            "Actual Loops": 1,
            "Output": [
                "count(*)"
            ],
            "Plans": [
                {
                    "Node Type": "Gather",
                    "Parent Relationship": "Outer",
                    "Parallel Aware": false,
                    "Startup Cost": 338942.38,
                    "Total Cost": 338942.99,
                    "Plan Rows": 6,
                    "Plan Width": 8,
                    "Actual Startup Time": 874.402,
                    "Actual Total Time": 905.28,
                    "Actual Rows": 7,
                    "Actual Loops": 1,
                    "Output": [
                        "(PARTIAL count(*))"
                    ],
                    "Workers Planned": 6,
                    "Workers Launched": 6,
                    "Single Copy": false,
                    "Plans": [
                        {
                            "Node Type": "Aggregate",
                            "Strategy": "Plain",
                            "Partial Mode": "Partial",
                            "Parent Relationship": "Outer",
                            "Parallel Aware": false,
                            "Startup Cost": 337942.38,
                            "Total Cost": 337942.39,
                            "Plan Rows": 1,
                            "Plan Width": 8,
                            "Actual Startup Time": 863.794,
                            "Actual Total Time": 863.795,
                            "Actual Rows": 1,
                            "Actual Loops": 7,
                            "Output": [
                                "PARTIAL count(*)"
                            ],
                            "Workers": [
                                {
                                    "Worker Number": 0,
                                    "Actual Startup Time": 861.239,
                                    "Actual Total Time": 861.24,
                                    "Actual Rows": 1,
                                    "Actual Loops": 1
                                },
                                {
                                    "Worker Number": 1,
                                    "Actual Startup Time": 862.007,
                                    "Actual Total Time": 862.008,
                                    "Actual Rows": 1,
                                    "Actual Loops": 1
                                },
                                {
                                    "Worker Number": 2,
                                    "Actual Startup Time": 862.028,
                                    "Actual Total Time": 862.029,
                                    "Actual Rows": 1,
                                    "Actual Loops": 1
                                },
                                {
                                    "Worker Number": 3,
                                    "Actual Startup Time": 862.029,
                                    "Actual Total Time": 862.03,
                                    "Actual Rows": 1,
                                    "Actual Loops": 1
                                },
                                {
                                    "Worker Number": 4,
                                    "Actual Startup Time": 862.034,
                                    "Actual Total Time": 862.035,
                                    "Actual Rows": 1,
                                    "Actual Loops": 1
                                },
                                {
                                    "Worker Number": 5,
                                    "Actual Startup Time": 863.371,
                                    "Actual Total Time": 863.372,
                                    "Actual Rows": 1,
                                    "Actual Loops": 1
                                }
                            ],
                            "Plans": [
                                {
                                    "Node Type": "Seq Scan",
                                    "Parent Relationship": "Outer",
                                    "Parallel Aware": true,
                                    "Relation Name": "cast_info",
                                    "Schema": "public",
                                    "Alias": "ci",
                                    "Startup Cost": 0.0,
                                    "Total Cost": 328213.62,
                                    "Plan Rows": 3891504,
                                    "Plan Width": 0,
                                    "Actual Startup Time": 163.437,
                                    "Actual Total Time": 677.444,
                                    "Actual Rows": 3335744,
                                    "Actual Loops": 7,
                                    "Output": [
                                        "id",
                                        "person_id",
                                        "movie_id",
                                        "person_role_id",
                                        "note",
                                        "nr_order",
                                        "role_id"
                                    ],
                                    "Filter": "(ci.person_id > 1273245)",
                                    "Rows Removed by Filter": 1842020,
                                    "Workers": [
                                        {
                                            "Worker Number": 0,
                                            "Actual Startup Time": 160.865,
                                            "Actual Total Time": 682.437,
                                            "Actual Rows": 2714625,
                                            "Actual Loops": 1
                                        },
                                        {
                                            "Worker Number": 1,
                                            "Actual Startup Time": 161.645,
                                            "Actual Total Time": 679.248,
                                            "Actual Rows": 2779013,
                                            "Actual Loops": 1
                                        },
                                        {
                                            "Worker Number": 2,
                                            "Actual Startup Time": 161.675,
                                            "Actual Total Time": 679.001,
                                            "Actual Rows": 2778644,
                                            "Actual Loops": 1
                                        },
                                        {
                                            "Worker Number": 3,
                                            "Actual Startup Time": 161.672,
                                            "Actual Total Time": 678.22,
                                            "Actual Rows": 4390495,
                                            "Actual Loops": 1
                                        },
                                        {
                                            "Worker Number": 4,
                                            "Actual Startup Time": 161.686,
                                            "Actual Total Time": 677.584,
                                            "Actual Rows": 4405230,
                                            "Actual Loops": 1
                                        },
                                        {
                                            "Worker Number": 5,
                                            "Actual Startup Time": 163.035,
                                            "Actual Total Time": 684.317,
                                            "Actual Rows": 2719563,
                                            "Actual Loops": 1
                                        }
                                    ]
                                }
                            ]
                        }
                    ]
                }
            ]
        },
        "Planning Time": 281.202,
        "Triggers": [],
        "Execution Time": 905.371
    }
]