[
  {
    "Plan": {
      "Node Type": "Aggregate",
      "Strategy": "Plain",
      "Partial Mode": "Finalize",
      "Parallel Aware": false,
      "Startup Cost": 59945.01,
      "Total Cost": 59945.02,
      "Plan Rows": 1,
      "Plan Width": 8,
      "Actual Startup Time": 125.081,
      "Actual Total Time": 140.222,
      "Actual Rows": 1,
      "Actual Loops": 1,
      "Plans": [
        {
          "Node Type": "Gather",
          "Parent Relationship": "Outer",
          "Parallel Aware": false,
          "Startup Cost": 59944.59,
          "Total Cost": 59945.0,
          "Plan Rows": 4,
          "Plan Width": 8,
          "Actual Startup Time": 124.962,
          "Actual Total Time": 140.205,
          "Actual Rows": 5,
          "Actual Loops": 1,
          "Workers Planned": 4,
          "Workers Launched": 4,
          "Single Copy": false,
          "Plans": [
            {
              "Node Type": "Aggregate",
              "Strategy": "Plain",
              "Partial Mode": "Partial",
              "Parent Relationship": "Outer",
              "Parallel Aware": false,
              "Startup Cost": 58944.59,
              "Total Cost": 58944.6,
              "Plan Rows": 1,
              "Plan Width": 8,
              "Actual Startup Time": 115.703,
              "Actual Total Time": 115.705,
              "Actual Rows": 1,
              "Actual Loops": 5,
              "Plans": [
                {
                  "Node Type": "Nested Loop",
                  "Parent Relationship": "Outer",
                  "Parallel Aware": false,
                  "Join Type": "Inner",
                  "Startup Cost": 0.86,
                  "Total Cost": 58939.63,
                  "Plan Rows": 1985,
                  "Plan Width": 0,
                  "Actual Startup Time": 3.399,
                  "Actual Total Time": 114.548,
                  "Actual Rows": 23107,
                  "Actual Loops": 5,
                  "Inner Unique": false,
                  "Join Filter": "(t.id = mk.movie_id)",
                  "Rows Removed by Join Filter": 0,
                  "Plans": [
                    {
                      "Node Type": "Nested Loop",
                      "Parent Relationship": "Outer",
                      "Parallel Aware": false,
                      "Join Type": "Inner",
                      "Startup Cost": 0.43,
                      "Total Cost": 56814.17,
                      "Plan Rows": 1110,
                      "Plan Width": 8,
                      "Actual Startup Time": 2.755,
                      "Actual Total Time": 95.528,
                      "Actual Rows": 2224,
                      "Actual Loops": 5,
                      "Inner Unique": false,
                      "Plans": [
                        {
                          "Node Type": "Seq Scan",
                          "Parent Relationship": "Outer",
                          "Parallel Aware": true,
                          "Relation Name": "title",
                          "Alias": "t",
                          "Startup Cost": 0.0,
                          "Total Cost": 45479.1,
                          "Plan Rows": 2032,
                          "Plan Width": 4,
                          "Actual Startup Time": 1.237,
                          "Actual Total Time": 81.855,
                          "Actual Rows": 1664,
                          "Actual Loops": 5,
                          "Filter": "((kind_id < 7) AND (production_year = 1988))",
                          "Rows Removed by Filter": 503999
                        },
                        {
                          "Node Type": "Index Only Scan",
                          "Parent Relationship": "Inner",
                          "Parallel Aware": false,
                          "Scan Direction": "Forward",
                          "Index Name": "movie_id_movie_info_idx",
                          "Relation Name": "movie_info_idx",
                          "Alias": "mi_idx",
                          "Startup Cost": 0.43,
                          "Total Cost": 5.55,
                          "Plan Rows": 3,
                          "Plan Width": 4,
                          "Actual Startup Time": 0.007,
                          "Actual Total Time": 0.008,
                          "Actual Rows": 1,
                          "Actual Loops": 8319,
                          "Index Cond": "(movie_id = t.id)",
                          "Rows Removed by Index Recheck": 0,
                          "Heap Fetches": 11120
                        }
                      ]
                    },
                    {
                      "Node Type": "Index Only Scan",
                      "Parent Relationship": "Inner",
                      "Parallel Aware": false,
                      "Scan Direction": "Forward",
                      "Index Name": "movie_id_movie_keyword",
                      "Relation Name": "movie_keyword",
                      "Alias": "mk",
                      "Startup Cost": 0.43,
                      "Total Cost": 1.35,
                      "Plan Rows": 45,
                      "Plan Width": 4,
                      "Actual Startup Time": 0.006,
                      "Actual Total Time": 0.007,
                      "Actual Rows": 10,
                      "Actual Loops": 11120,
                      "Index Cond": "(movie_id = mi_idx.movie_id)",
                      "Rows Removed by Index Recheck": 0,
                      "Heap Fetches": 115534
                    }
                  ]
                }
              ]
            }
          ]
        }
      ]
    },
    "Planning Time": 1.302,
    "Triggers": [],
    "Execution Time": 140.306
  }
]