{
  "Plan": {
    "Node Type": "Aggregate",
    "Strategy": "Plain",
    "Partial Mode": "Finalize",
    "Parallel Aware": false,
    "Startup Cost": 120125.94,
    "Total Cost": 120125.95,
    "Plan Rows": 1,
    "Plan Width": 8,
    "Actual Startup Time": 528.366,
    "Actual Total Time": 546.198,
    "Actual Rows": 1,
    "Actual Loops": 1,
    "Plans": [
      {
        "Node Type": "Gather",
        "Parent Relationship": "Outer",
        "Parallel Aware": false,
        "Startup Cost": 120125.82,
        "Total Cost": 120125.93,
        "Plan Rows": 1,
        "Plan Width": 8,
        "Actual Startup Time": 526.873,
        "Actual Total Time": 546.181,
        "Actual Rows": 2,
        "Actual Loops": 1,
        "Workers Planned": 1,
        "Workers Launched": 1,
        "Single Copy": false,
        "Plans": [
          {
            "Node Type": "Aggregate",
            "Strategy": "Plain",
            "Partial Mode": "Partial",
            "Parent Relationship": "Outer",
            "Parallel Aware": false,
            "Startup Cost": 119125.82,
            "Total Cost": 119125.83,
            "Plan Rows": 1,
            "Plan Width": 8,
            "Actual Startup Time": 520.767,
            "Actual Total Time": 521.251,
            "Actual Rows": 1,
            "Actual Loops": 2,
            "Plans": [
              {
                "Node Type": "Hash Join",
                "Parent Relationship": "Outer",
                "Parallel Aware": true,
                "Join Type": "Inner",
                "Startup Cost": 98872.35,
                "Total Cost": 119082.93,
                "Plan Rows": 17158,
                "Plan Width": 0,
                "Actual Startup Time": 406.893,
                "Actual Total Time": 518.231,
                "Actual Rows": 75195,
                "Actual Loops": 2,
                "Inner Unique": false,
                "Hash Cond": "(mi_idx.movie_id = t.id)",
                "Plans": [
                  {
                    "Node Type": "Seq Scan",
                    "Parent Relationship": "Outer",
                    "Parallel Aware": true,
                    "Relation Name": "movie_info_idx",
                    "Alias": "mi_idx",
                    "Startup Cost": 0.0,
                    "Total Cost": 18082.32,
                    "Plan Rows": 540622,
                    "Plan Width": 4,
                    "Actual Startup Time": 0.028,
                    "Actual Total Time": 58.787,
                    "Actual Rows": 459925,
                    "Actual Loops": 2,
                    "Filter": "(info_type_id < 101)",
                    "Rows Removed by Filter": 230092
                  },
                  {
                    "Node Type": "Hash",
                    "Parent Relationship": "Inner",
                    "Parallel Aware": true,
                    "Startup Cost": 98282.32,
                    "Total Cost": 98282.32,
                    "Plan Rows": 47202,
                    "Plan Width": 8,
                    "Actual Startup Time": 404.373,
                    "Actual Total Time": 404.854,
                    "Actual Rows": 60710,
                    "Actual Loops": 2,
                    "Hash Buckets": 131072,
                    "Original Hash Buckets": 131072,
                    "Hash Batches": 1,
                    "Original Hash Batches": 1,
                    "Peak Memory Usage": 5792,
                    "Plans": [
                      {
                        "Node Type": "Hash Join",
                        "Parent Relationship": "Outer",
                        "Parallel Aware": true,
                        "Join Type": "Inner",
                        "Startup Cost": 74033.35,
                        "Total Cost": 98282.32,
                        "Plan Rows": 47202,
                        "Plan Width": 8,
                        "Actual Startup Time": 248.795,
                        "Actual Total Time": 388.519,
                        "Actual Rows": 60710,
                        "Actual Loops": 2,
                        "Inner Unique": true,
                        "Hash Cond": "(mc.movie_id = t.id)",
                        "Plans": [
                          {
                            "Node Type": "Bitmap Heap Scan",
                            "Parent Relationship": "Outer",
                            "Parallel Aware": true,
                            "Relation Name": "movie_companies",
                            "Alias": "mc",
                            "Startup Cost": 13295.61,
                            "Total Cost": 36597.16,
                            "Plan Rows": 360924,
                            "Plan Width": 4,
                            "Actual Startup Time": 27.355,
                            "Actual Total Time": 90.397,
                            "Actual Rows": 304940,
                            "Actual Loops": 2,
                            "Recheck Cond": "(company_id < 711)",
                            "Rows Removed by Index Recheck": 0,
                            "Exact Heap Blocks": 10103,
                            "Lossy Heap Blocks": 0,
                            "Plans": [
                              {
                                "Node Type": "Bitmap Index Scan",
                                "Parent Relationship": "Outer",
                                "Parallel Aware": false,
                                "Index Name": "company_id_movie_companies",
                                "Startup Cost": 0.0,
                                "Total Cost": 13142.21,
                                "Plan Rows": 613571,
                                "Plan Width": 0,
                                "Actual Startup Time": 24.466,
                                "Actual Total Time": 24.466,
                                "Actual Rows": 609879,
                                "Actual Loops": 1,
                                "Index Cond": "(company_id < 711)"
                              }
                            ]
                          },
                          {
                            "Node Type": "Hash",
                            "Parent Relationship": "Inner",
                            "Parallel Aware": true,
                            "Startup Cost": 58306.47,
                            "Total Cost": 58306.47,
                            "Plan Rows": 194502,
                            "Plan Width": 4,
                            "Actual Startup Time": 217.238,
                            "Actual Total Time": 217.24,
                            "Actual Rows": 222597,
                            "Actual Loops": 2,
                            "Hash Buckets": 524288,
                            "Original Hash Buckets": 524288,
                            "Hash Batches": 1,
                            "Original Hash Batches": 1,
                            "Peak Memory Usage": 21568,
                            "Plans": [
                              {
                                "Node Type": "Seq Scan",
                                "Parent Relationship": "Outer",
                                "Parallel Aware": true,
                                "Relation Name": "title",
                                "Alias": "t",
                                "Startup Cost": 0.0,
                                "Total Cost": 58306.47,
                                "Plan Rows": 194502,
                                "Plan Width": 4,
                                "Actual Startup Time": 0.078,
                                "Actual Total Time": 153.914,
                                "Actual Rows": 222597,
                                "Actual Loops": 2,
                                "Filter": "((kind_id < 7) AND (production_year < 1996))",
                                "Rows Removed by Filter": 1041559
                              }
                            ]
                          }
                        ]
                      }
                    ]
                  }
                ]
              }
            ]
          }
        ]
      }
    ]
  },
  "Planning Time": 0.978,
  "Triggers": [],
  "Execution Time": 546.301
}