{
  "Plan": {
    "Node Type": "Aggregate",
    "Strategy": "Plain",
    "Partial Mode": "Finalize",
    "Parallel Aware": false,
    "Startup Cost": 1449603.23,
    "Total Cost": 1449603.24,
    "Plan Rows": 1,
    "Plan Width": 8,
    "Actual Startup Time": 5063.381,
    "Actual Total Time": 5063.469,
    "Actual Rows": 1,
    "Actual Loops": 1,
    "Plans": [
      {
        "Node Type": "Gather",
        "Parent Relationship": "Outer",
        "Parallel Aware": false,
        "Startup Cost": 1449603.12,
        "Total Cost": 1449603.23,
        "Plan Rows": 1,
        "Plan Width": 8,
        "Actual Startup Time": 5063.37,
        "Actual Total Time": 5063.462,
        "Actual Rows": 2,
        "Actual Loops": 1,
        "Workers Planned": 1,
        "Workers Launched": 1,
        "Single Copy": false,
        "Plans": [
          {
            "Node Type": "Aggregate",
            "Strategy": "Plain",
            "Partial Mode": "Partial",
            "Parent Relationship": "Outer",
            "Parallel Aware": false,
            "Startup Cost": 1448603.12,
            "Total Cost": 1448603.13,
            "Plan Rows": 1,
            "Plan Width": 8,
            "Actual Startup Time": 4908.897,
            "Actual Total Time": 4908.902,
            "Actual Rows": 1,
            "Actual Loops": 2,
            "Plans": [
              {
                "Node Type": "Merge Join",
                "Parent Relationship": "Outer",
                "Parallel Aware": false,
                "Join Type": "Inner",
                "Startup Cost": 1372067.76,
                "Total Cost": 1441122.69,
                "Plan Rows": 2992171,
                "Plan Width": 0,
                "Actual Startup Time": 3734.757,
                "Actual Total Time": 4750.546,
                "Actual Rows": 3864266,
                "Actual Loops": 2,
                "Inner Unique": false,
                "Merge Cond": "(ci.movie_id = t.id)",
                "Plans": [
                  {
                    "Node Type": "Sort",
                    "Parent Relationship": "Outer",
                    "Parallel Aware": false,
                    "Startup Cost": 1063659.09,
                    "Total Cost": 1075749.14,
                    "Plan Rows": 4836019,
                    "Plan Width": 4,
                    "Actual Startup Time": 1810.788,
                    "Actual Total Time": 2088.929,
                    "Actual Rows": 2490638,
                    "Actual Loops": 2,
                    "Sort Key": [
                      "ci.movie_id"
                    ],
                    "Sort Method": "quicksort",
                    "Sort Space Used": 217710,
                    "Sort Space Type": "Memory",
                    "Workers": [
                      {
                        "Worker Number": 0,
                        "Sort Method": "quicksort",
                        "Sort Space Used": 212406,
                        "Sort Space Type": "Memory"
                      }
                    ],
                    "Plans": [
                      {
                        "Node Type": "Index Scan",
                        "Parent Relationship": "Outer",
                        "Parallel Aware": true,
                        "Scan Direction": "Forward",
                        "Index Name": "role_id_cast_info",
                        "Relation Name": "cast_info",
                        "Alias": "ci",
                        "Startup Cost": 0.56,
                        "Total Cost": 526730.69,
                        "Plan Rows": 4836019,
                        "Plan Width": 4,
                        "Actual Startup Time": 0.118,
                        "Actual Total Time": 1192.481,
                        "Actual Rows": 2490748,
                        "Actual Loops": 2,
                        "Index Cond": "(role_id > 2)",
                        "Rows Removed by Index Recheck": 0,
                        "Filter": "(person_id < 1805089)",
                        "Rows Removed by Filter": 5570093
                      }
                    ]
                  },
                  {
                    "Node Type": "Sort",
                    "Parent Relationship": "Inner",
                    "Parallel Aware": false,
                    "Startup Cost": 308408.16,
                    "Total Cost": 312318.96,
                    "Plan Rows": 1564321,
                    "Plan Width": 8,
                    "Actual Startup Time": 1923.946,
                    "Actual Total Time": 2089.239,
                    "Actual Rows": 4272576,
                    "Actual Loops": 2,
                    "Sort Key": [
                      "t.id"
                    ],
                    "Sort Method": "quicksort",
                    "Sort Space Used": 109832,
                    "Sort Space Type": "Memory",
                    "Workers": [
                      {
                        "Worker Number": 0,
                        "Sort Method": "quicksort",
                        "Sort Space Used": 109832,
                        "Sort Space Type": "Memory"
                      }
                    ],
                    "Plans": [
                      {
                        "Node Type": "Hash Join",
                        "Parent Relationship": "Outer",
                        "Parallel Aware": false,
                        "Join Type": "Inner",
                        "Startup Cost": 90354.29,
                        "Total Cost": 147462.17,
                        "Plan Rows": 1564321,
                        "Plan Width": 8,
                        "Actual Startup Time": 720.02,
                        "Actual Total Time": 1633.628,
                        "Actual Rows": 1294496,
                        "Actual Loops": 2,
                        "Inner Unique": true,
                        "Hash Cond": "(mc.movie_id = t.id)",
                        "Plans": [
                          {
                            "Node Type": "Seq Scan",
                            "Parent Relationship": "Outer",
                            "Parallel Aware": false,
                            "Relation Name": "movie_companies",
                            "Alias": "mc",
                            "Startup Cost": 0.0,
                            "Total Cost": 51404.11,
                            "Plan Rows": 2172860,
                            "Plan Width": 4,
                            "Actual Startup Time": 0.038,
                            "Actual Total Time": 258.701,
                            "Actual Rows": 2164817,
                            "Actual Loops": 2,
                            "Filter": "(company_id < 77797)",
                            "Rows Removed by Filter": 444312
                          },
                          {
                            "Node Type": "Hash",
                            "Parent Relationship": "Inner",
                            "Parallel Aware": false,
                            "Startup Cost": 67601.66,
                            "Total Cost": 67601.66,
                            "Plan Rows": 1820210,
                            "Plan Width": 4,
                            "Actual Startup Time": 712.479,
                            "Actual Total Time": 712.48,
                            "Actual Rows": 1813245,
                            "Actual Loops": 2,
                            "Hash Buckets": 2097152,
                            "Original Hash Buckets": 2097152,
                            "Hash Batches": 1,
                            "Original Hash Batches": 1,
                            "Peak Memory Usage": 80131,
                            "Plans": [
                              {
                                "Node Type": "Seq Scan",
                                "Parent Relationship": "Outer",
                                "Parallel Aware": false,
                                "Relation Name": "title",
                                "Alias": "t",
                                "Startup Cost": 0.0,
                                "Total Cost": 67601.66,
                                "Plan Rows": 1820210,
                                "Plan Width": 4,
                                "Actual Startup Time": 0.024,
                                "Actual Total Time": 308.128,
                                "Actual Rows": 1813245,
                                "Actual Loops": 2,
                                "Filter": "(production_year > 1987)",
                                "Rows Removed by Filter": 715067
                              }
                            ]
                          }
                        ]
                      }
                    ]
                  }
                ]
              }
            ]
          }
        ]
      }
    ]
  },
  "Planning Time": 1.142,
  "Triggers": [],
  "Execution Time": 5081.527
}