{
  "Plan": {
    "Node Type": "Aggregate",
    "Strategy": "Plain",
    "Partial Mode": "Finalize",
    "Parallel Aware": false,
    "Startup Cost": 101486.38,
    "Total Cost": 101486.39,
    "Plan Rows": 1,
    "Plan Width": 8,
    "Actual Startup Time": 377.183,
    "Actual Total Time": 389.16,
    "Actual Rows": 1,
    "Actual Loops": 1,
    "Plans": [
      {
        "Node Type": "Gather",
        "Parent Relationship": "Outer",
        "Parallel Aware": false,
        "Startup Cost": 101486.27,
        "Total Cost": 101486.38,
        "Plan Rows": 1,
        "Plan Width": 8,
        "Actual Startup Time": 376.937,
        "Actual Total Time": 389.154,
        "Actual Rows": 2,
        "Actual Loops": 1,
        "Workers Planned": 1,
        "Workers Launched": 1,
        "Single Copy": false,
        "Plans": [
          {
            "Node Type": "Aggregate",
            "Strategy": "Plain",
            "Partial Mode": "Partial",
            "Parent Relationship": "Outer",
            "Parallel Aware": false,
            "Startup Cost": 100486.27,
            "Total Cost": 100486.28,
            "Plan Rows": 1,
            "Plan Width": 8,
            "Actual Startup Time": 371.245,
            "Actual Total Time": 371.248,
            "Actual Rows": 1,
            "Actual Loops": 2,
            "Plans": [
              {
                "Node Type": "Hash Join",
                "Parent Relationship": "Outer",
                "Parallel Aware": true,
                "Join Type": "Inner",
                "Startup Cost": 58769.53,
                "Total Cost": 100399.56,
                "Plan Rows": 34685,
                "Plan Width": 0,
                "Actual Startup Time": 151.03,
                "Actual Total Time": 370.163,
                "Actual Rows": 21516,
                "Actual Loops": 2,
                "Inner Unique": true,
                "Hash Cond": "(mc.movie_id = t.id)",
                "Plans": [
                  {
                    "Node Type": "Seq Scan",
                    "Parent Relationship": "Outer",
                    "Parallel Aware": true,
                    "Relation Name": "movie_companies",
                    "Alias": "mc",
                    "Startup Cost": 0.0,
                    "Total Cost": 37974.77,
                    "Plan Rows": 1392474,
                    "Plan Width": 4,
                    "Actual Startup Time": 0.013,
                    "Actual Total Time": 118.966,
                    "Actual Rows": 1184454,
                    "Actual Loops": 2,
                    "Filter": "(company_id < 103045)",
                    "Rows Removed by Filter": 120110
                  },
                  {
                    "Node Type": "Hash",
                    "Parent Relationship": "Inner",
                    "Parallel Aware": true,
                    "Startup Cost": 58306.47,
                    "Total Cost": 58306.47,
                    "Plan Rows": 37045,
                    "Plan Width": 4,
                    "Actual Startup Time": 149.475,
                    "Actual Total Time": 149.476,
                    "Actual Rows": 35772,
                    "Actual Loops": 2,
                    "Hash Buckets": 131072,
                    "Original Hash Buckets": 65536,
                    "Hash Batches": 1,
                    "Original Hash Batches": 1,
                    "Peak Memory Usage": 4352,
                    "Plans": [
                      {
                        "Node Type": "Seq Scan",
                        "Parent Relationship": "Outer",
                        "Parallel Aware": true,
                        "Relation Name": "title",
                        "Alias": "t",
                        "Startup Cost": 0.0,
                        "Total Cost": 58306.47,
                        "Plan Rows": 37045,
                        "Plan Width": 4,
                        "Actual Startup Time": 0.037,
                        "Actual Total Time": 137.371,
                        "Actual Rows": 35772,
                        "Actual Loops": 2,
                        "Filter": "((kind_id > 1) AND (production_year = 2004))",
                        "Rows Removed by Filter": 1228384
                      }
                    ]
                  }
                ]
              }
            ]
          }
        ]
      }
    ]
  },
  "Planning Time": 0.398,
  "Triggers": [],
  "Execution Time": 389.225
}