[
    {
        "Bao": {
            "Bao prediction": "NaN",
            "Bao recommended hint": "(no hint)"
        }
    },
    {
        "Plan": {
            "Node Type": "Aggregate",
            "Strategy": "Plain",
            "Partial Mode": "Finalize",
            "Parallel Aware": false,
            "Startup Cost": 374144.04,
            "Total Cost": 374144.05,
            "Plan Rows": 1,
            "Plan Width": 8,
            "Actual Startup Time": 5144.039,
            "Actual Total Time": 5239.769,
            "Actual Rows": 1,
            "Actual Loops": 1,
            "Output": [
                "count(*)"
            ],
            "Plans": [
                {
                    "Node Type": "Gather",
                    "Parent Relationship": "Outer",
                    "Parallel Aware": false,
                    "Startup Cost": 374143.62,
                    "Total Cost": 374144.03,
                    "Plan Rows": 4,
                    "Plan Width": 8,
                    "Actual Startup Time": 5139.584,
                    "Actual Total Time": 5239.757,
                    "Actual Rows": 5,
                    "Actual Loops": 1,
                    "Output": [
                        "(PARTIAL count(*))"
                    ],
                    "Workers Planned": 4,
                    "Workers Launched": 4,
                    "Single Copy": false,
                    "Plans": [
                        {
                            "Node Type": "Aggregate",
                            "Strategy": "Plain",
                            "Partial Mode": "Partial",
                            "Parent Relationship": "Outer",
                            "Parallel Aware": false,
                            "Startup Cost": 373143.62,
                            "Total Cost": 373143.63,
                            "Plan Rows": 1,
                            "Plan Width": 8,
                            "Actual Startup Time": 5131.212,
                            "Actual Total Time": 5131.306,
                            "Actual Rows": 1,
                            "Actual Loops": 5,
                            "Output": [
                                "PARTIAL count(*)"
                            ],
                            "Workers": [
                                {
                                    "Worker Number": 0,
                                    "Actual Startup Time": 5127.425,
                                    "Actual Total Time": 5127.429,
                                    "Actual Rows": 1,
                                    "Actual Loops": 1
                                },
                                {
                                    "Worker Number": 1,
                                    "Actual Startup Time": 5132.793,
                                    "Actual Total Time": 5132.796,
                                    "Actual Rows": 1,
                                    "Actual Loops": 1
                                },
                                {
                                    "Worker Number": 2,
                                    "Actual Startup Time": 5128.784,
                                    "Actual Total Time": 5128.787,
                                    "Actual Rows": 1,
                                    "Actual Loops": 1
                                },
                                {
                                    "Worker Number": 3,
                                    "Actual Startup Time": 5128.046,
                                    "Actual Total Time": 5128.049,
                                    "Actual Rows": 1,
                                    "Actual Loops": 1
                                }
                            ],
                            "Plans": [
                                {
                                    "Node Type": "Nested Loop",
                                    "Parent Relationship": "Outer",
                                    "Parallel Aware": false,
                                    "Join Type": "Inner",
                                    "Startup Cost": 33519.6,
                                    "Total Cost": 368467.03,
                                    "Plan Rows": 1870637,
                                    "Plan Width": 0,
                                    "Actual Startup Time": 158.542,
                                    "Actual Total Time": 4914.418,
                                    "Actual Rows": 4173828,
                                    "Actual Loops": 5,
                                    "Inner Unique": false,
                                    "Workers": [
                                        {
                                            "Worker Number": 0,
                                            "Actual Startup Time": 155.429,
                                            "Actual Total Time": 4919.637,
                                            "Actual Rows": 4701550,
                                            "Actual Loops": 1
                                        },
                                        {
                                            "Worker Number": 1,
                                            "Actual Startup Time": 158.575,
                                            "Actual Total Time": 4920.952,
                                            "Actual Rows": 3165648,
                                            "Actual Loops": 1
                                        },
                                        {
                                            "Worker Number": 2,
                                            "Actual Startup Time": 155.938,
                                            "Actual Total Time": 4909.689,
                                            "Actual Rows": 4024909,
                                            "Actual Loops": 1
                                        },
                                        {
                                            "Worker Number": 3,
                                            "Actual Startup Time": 155.94,
                                            "Actual Total Time": 4905.751,
                                            "Actual Rows": 3763378,
                                            "Actual Loops": 1
                                        }
                                    ],
                                    "Plans": [
                                        {
                                            "Node Type": "Hash Join",
                                            "Parent Relationship": "Outer",
                                            "Parallel Aware": true,
                                            "Join Type": "Inner",
                                            "Startup Cost": 33519.03,
                                            "Total Cost": 79419.08,
                                            "Plan Rows": 130461,
                                            "Plan Width": 8,
                                            "Actual Startup Time": 158.428,
                                            "Actual Total Time": 490.047,
                                            "Actual Rows": 165782,
                                            "Actual Loops": 5,
                                            "Output": [
                                                "t.id",
                                                "mc.movie_id"
                                            ],
                                            "Inner Unique": false,
                                            "Hash Cond": "(t.id = mc.movie_id)",
                                            "Workers": [
                                                {
                                                    "Worker Number": 0,
                                                    "Actual Startup Time": 155.319,
                                                    "Actual Total Time": 483.923,
                                                    "Actual Rows": 185035,
                                                    "Actual Loops": 1
                                                },
                                                {
                                                    "Worker Number": 1,
                                                    "Actual Startup Time": 158.444,
                                                    "Actual Total Time": 499.731,
                                                    "Actual Rows": 126170,
                                                    "Actual Loops": 1
                                                },
                                                {
                                                    "Worker Number": 2,
                                                    "Actual Startup Time": 155.812,
                                                    "Actual Total Time": 480.176,
                                                    "Actual Rows": 161356,
                                                    "Actual Loops": 1
                                                },
                                                {
                                                    "Worker Number": 3,
                                                    "Actual Startup Time": 155.783,
                                                    "Actual Total Time": 477.993,
                                                    "Actual Rows": 149195,
                                                    "Actual Loops": 1
                                                }
                                            ],
                                            "Plans": [
                                                {
                                                    "Node Type": "Seq Scan",
                                                    "Parent Relationship": "Outer",
                                                    "Parallel Aware": true,
                                                    "Relation Name": "title",
                                                    "Schema": "public",
                                                    "Alias": "t",
                                                    "Startup Cost": 0.0,
                                                    "Total Cost": 42318.81,
                                                    "Plan Rows": 632080,
                                                    "Plan Width": 4,
                                                    "Actual Startup Time": 0.016,
                                                    "Actual Total Time": 69.55,
                                                    "Actual Rows": 505662,
                                                    "Actual Loops": 5,
                                                    "Output": [
                                                        "t.id",
                                                        "t.title",
                                                        "t.imdb_index",
                                                        "t.kind_id",
                                                        "t.production_year",
                                                        "t.imdb_id",
                                                        "t.phonetic_code",
                                                        "t.episode_of_id",
                                                        "t.season_nr",
                                                        "t.episode_nr",
                                                        "t.series_years",
                                                        "t.md5sum"
                                                    ],
                                                    "Workers": [
                                                        {
                                                            "Worker Number": 0,
                                                            "Actual Startup Time": 0.015,
                                                            "Actual Total Time": 68.775,
                                                            "Actual Rows": 585433,
                                                            "Actual Loops": 1
                                                        },
                                                        {
                                                            "Worker Number": 1,
                                                            "Actual Startup Time": 0.019,
                                                            "Actual Total Time": 75.688,
                                                            "Actual Rows": 375105,
                                                            "Actual Loops": 1
                                                        },
                                                        {
                                                            "Worker Number": 2,
                                                            "Actual Startup Time": 0.025,
                                                            "Actual Total Time": 74.497,
                                                            "Actual Rows": 453034,
                                                            "Actual Loops": 1
                                                        },
                                                        {
                                                            "Worker Number": 3,
                                                            "Actual Startup Time": 0.016,
                                                            "Actual Total Time": 73.832,
                                                            "Actual Rows": 431736,
                                                            "Actual Loops": 1
                                                        }
                                                    ]
                                                },
                                                {
                                                    "Node Type": "Hash",
                                                    "Parent Relationship": "Inner",
                                                    "Parallel Aware": true,
                                                    "Startup Cost": 31414.82,
                                                    "Total Cost": 31414.82,
                                                    "Plan Rows": 168337,
                                                    "Plan Width": 4,
                                                    "Actual Startup Time": 156.356,
                                                    "Actual Total Time": 156.357,
                                                    "Actual Rows": 165782,
                                                    "Actual Loops": 5,
                                                    "Output": [
                                                        "mc.movie_id"
                                                    ],
                                                    "Hash Buckets": 1048576,
                                                    "Original Hash Buckets": 524288,
                                                    "Hash Batches": 1,
                                                    "Original Hash Batches": 1,
                                                    "Peak Memory Usage": 44768,
                                                    "Workers": [
                                                        {
                                                            "Worker Number": 0,
                                                            "Actual Startup Time": 154.74,
                                                            "Actual Total Time": 154.741,
                                                            "Actual Rows": 212536,
                                                            "Actual Loops": 1
                                                        },
                                                        {
                                                            "Worker Number": 1,
                                                            "Actual Startup Time": 158.027,
                                                            "Actual Total Time": 158.028,
                                                            "Actual Rows": 91939,
                                                            "Actual Loops": 1
                                                        },
                                                        {
                                                            "Worker Number": 2,
                                                            "Actual Startup Time": 155.135,
                                                            "Actual Total Time": 155.135,
                                                            "Actual Rows": 146358,
                                                            "Actual Loops": 1
                                                        },
                                                        {
                                                            "Worker Number": 3,
                                                            "Actual Startup Time": 155.349,
                                                            "Actual Total Time": 155.35,
                                                            "Actual Rows": 145309,
                                                            "Actual Loops": 1
                                                        }
                                                    ],
                                                    "Plans": [
                                                        {
                                                            "Node Type": "Seq Scan",
                                                            "Parent Relationship": "Outer",
                                                            "Parallel Aware": true,
                                                            "Relation Name": "movie_companies",
                                                            "Schema": "public",
                                                            "Alias": "mc",
                                                            "Startup Cost": 0.0,
                                                            "Total Cost": 31414.82,
                                                            "Plan Rows": 168337,
                                                            "Plan Width": 4,
                                                            "Actual Startup Time": 42.308,
                                                            "Actual Total Time": 83.688,
                                                            "Actual Rows": 165782,
                                                            "Actual Loops": 5,
                                                            "Output": [
                                                                "mc.movie_id"
                                                            ],
                                                            "Filter": "((mc.company_id > 15761) AND (mc.company_type_id = 2))",
                                                            "Rows Removed by Filter": 356043,
                                                            "Workers": [
                                                                {
                                                                    "Worker Number": 0,
                                                                    "Actual Startup Time": 40.666,
                                                                    "Actual Total Time": 81.869,
                                                                    "Actual Rows": 212536,
                                                                    "Actual Loops": 1
                                                                },
                                                                {
                                                                    "Worker Number": 1,
                                                                    "Actual Startup Time": 44.013,
                                                                    "Actual Total Time": 86.577,
                                                                    "Actual Rows": 91939,
                                                                    "Actual Loops": 1
                                                                },
                                                                {
                                                                    "Worker Number": 2,
                                                                    "Actual Startup Time": 41.081,
                                                                    "Actual Total Time": 83.495,
                                                                    "Actual Rows": 146358,
                                                                    "Actual Loops": 1
                                                                },
                                                                {
                                                                    "Worker Number": 3,
                                                                    "Actual Startup Time": 41.25,
                                                                    "Actual Total Time": 83.553,
                                                                    "Actual Rows": 145309,
                                                                    "Actual Loops": 1
                                                                }
                                                            ]
                                                        }
                                                    ]
                                                }
                                            ]
                                        },
                                        {
                                            "Node Type": "Index Only Scan",
                                            "Parent Relationship": "Inner",
                                            "Parallel Aware": false,
                                            "Scan Direction": "Forward",
                                            "Index Name": "movie_id_cast_info",
                                            "Relation Name": "cast_info",
                                            "Schema": "public",
                                            "Alias": "ci",
                                            "Startup Cost": 0.56,
                                            "Total Cost": 1.84,
                                            "Plan Rows": 38,
                                            "Plan Width": 4,
                                            "Actual Startup Time": 0.006,
                                            "Actual Total Time": 0.025,
                                            "Actual Rows": 25,
                                            "Actual Loops": 828912,
                                            "Output": [
                                                "ci.movie_id"
                                            ],
                                            "Index Cond": "(ci.movie_id = t.id)",
                                            "Rows Removed by Index Recheck": 0,
                                            "Heap Fetches": 20869138,
                                            "Workers": [
                                                {
                                                    "Worker Number": 0,
                                                    "Actual Startup Time": 0.006,
                                                    "Actual Total Time": 0.022,
                                                    "Actual Rows": 25,
                                                    "Actual Loops": 185035
                                                },
                                                {
                                                    "Worker Number": 1,
                                                    "Actual Startup Time": 0.009,
                                                    "Actual Total Time": 0.032,
                                                    "Actual Rows": 25,
                                                    "Actual Loops": 126170
                                                },
                                                {
                                                    "Worker Number": 2,
                                                    "Actual Startup Time": 0.007,
                                                    "Actual Total Time": 0.025,
                                                    "Actual Rows": 25,
                                                    "Actual Loops": 161356
                                                },
                                                {
                                                    "Worker Number": 3,
                                                    "Actual Startup Time": 0.007,
                                                    "Actual Total Time": 0.027,
                                                    "Actual Rows": 25,
                                                    "Actual Loops": 149195
                                                }
                                            ]
                                        }
                                    ]
                                }
                            ]
                        }
                    ]
                }
            ]
        },
        "Planning Time": 191.103,
        "Triggers": [],
        "Execution Time": 5239.933
    }
]