[
  {
    "Plan": {
      "Node Type": "Aggregate",
      "Strategy": "Plain",
      "Partial Mode": "Finalize",
      "Parallel Aware": false,
      "Startup Cost": 195514.71,
      "Total Cost": 195514.72,
      "Plan Rows": 1,
      "Plan Width": 8,
      "Actual Startup Time": 1904.911,
      "Actual Total Time": 1940.154,
      "Actual Rows": 1,
      "Actual Loops": 1,
      "Plans": [
        {
          "Node Type": "Gather",
          "Parent Relationship": "Outer",
          "Parallel Aware": false,
          "Startup Cost": 195514.39,
          "Total Cost": 195514.7,
          "Plan Rows": 3,
          "Plan Width": 8,
          "Actual Startup Time": 1903.113,
          "Actual Total Time": 1940.145,
          "Actual Rows": 4,
          "Actual Loops": 1,
          "Workers Planned": 3,
          "Workers Launched": 3,
          "Single Copy": false,
          "Plans": [
            {
              "Node Type": "Aggregate",
              "Strategy": "Plain",
              "Partial Mode": "Partial",
              "Parent Relationship": "Outer",
              "Parallel Aware": false,
              "Startup Cost": 194514.39,
              "Total Cost": 194514.4,
              "Plan Rows": 1,
              "Plan Width": 8,
              "Actual Startup Time": 1894.275,
              "Actual Total Time": 1894.279,
              "Actual Rows": 1,
              "Actual Loops": 4,
              "Plans": [
                {
                  "Node Type": "Nested Loop",
                  "Parent Relationship": "Outer",
                  "Parallel Aware": false,
                  "Join Type": "Inner",
                  "Startup Cost": 46024.18,
                  "Total Cost": 193790.34,
                  "Plan Rows": 289620,
                  "Plan Width": 0,
                  "Actual Startup Time": 150.618,
                  "Actual Total Time": 1711.018,
                  "Actual Rows": 3843333,
                  "Actual Loops": 4,
                  "Inner Unique": false,
                  "Join Filter": "(t.id = mi.movie_id)",
                  "Rows Removed by Join Filter": 0,
                  "Plans": [
                    {
                      "Node Type": "Hash Join",
                      "Parent Relationship": "Outer",
                      "Parallel Aware": true,
                      "Join Type": "Inner",
                      "Startup Cost": 46023.75,
                      "Total Cost": 90605.51,
                      "Plan Rows": 49531,
                      "Plan Width": 8,
                      "Actual Startup Time": 150.526,
                      "Actual Total Time": 290.968,
                      "Actual Rows": 48833,
                      "Actual Loops": 4,
                      "Inner Unique": true,
                      "Hash Cond": "(mk.movie_id = t.id)",
                      "Plans": [
                        {
                          "Node Type": "Seq Scan",
                          "Parent Relationship": "Outer",
                          "Parallel Aware": true,
                          "Relation Name": "movie_keyword",
                          "Alias": "mk",
                          "Startup Cost": 0.0,
                          "Total Cost": 42695.65,
                          "Plan Rows": 718516,
                          "Plan Width": 4,
                          "Actual Startup Time": 0.329,
                          "Actual Total Time": 111.227,
                          "Actual Rows": 556782,
                          "Actual Loops": 4,
                          "Filter": "(keyword_id > 4918)",
                          "Rows Removed by Filter": 574200
                        },
                        {
                          "Node Type": "Hash",
                          "Parent Relationship": "Inner",
                          "Parallel Aware": true,
                          "Startup Cost": 45479.1,
                          "Total Cost": 45479.1,
                          "Plan Rows": 43572,
                          "Plan Width": 4,
                          "Actual Startup Time": 113.928,
                          "Actual Total Time": 113.929,
                          "Actual Rows": 40072,
                          "Actual Loops": 4,
                          "Hash Buckets": 262144,
                          "Original Hash Buckets": 262144,
                          "Hash Batches": 1,
                          "Original Hash Batches": 1,
                          "Peak Memory Usage": 8384,
                          "Plans": [
                            {
                              "Node Type": "Seq Scan",
                              "Parent Relationship": "Outer",
                              "Parallel Aware": true,
                              "Relation Name": "title",
                              "Alias": "t",
                              "Startup Cost": 0.0,
                              "Total Cost": 45479.1,
                              "Plan Rows": 43572,
                              "Plan Width": 4,
                              "Actual Startup Time": 45.739,
                              "Actual Total Time": 100.384,
                              "Actual Rows": 40072,
                              "Actual Loops": 4,
                              "Filter": "((production_year > 2008) AND (kind_id = 1))",
                              "Rows Removed by Filter": 592006
                            }
                          ]
                        }
                      ]
                    },
                    {
                      "Node Type": "Index Only Scan",
                      "Parent Relationship": "Inner",
                      "Parallel Aware": false,
                      "Scan Direction": "Forward",
                      "Index Name": "movie_id_movie_info",
                      "Relation Name": "movie_info",
                      "Alias": "mi",
                      "Startup Cost": 0.43,
                      "Total Cost": 1.56,
                      "Plan Rows": 42,
                      "Plan Width": 4,
                      "Actual Startup Time": 0.005,
                      "Actual Total Time": 0.021,
                      "Actual Rows": 79,
                      "Actual Loops": 195333,
                      "Index Cond": "(movie_id = mk.movie_id)",
                      "Rows Removed by Index Recheck": 0,
                      "Heap Fetches": 15373332
                    }
                  ]
                }
              ]
            }
          ]
        }
      ]
    },
    "Planning Time": 0.72,
    "Triggers": [],
    "Execution Time": 1940.221
  }
]