[
    {
        "Bao": {
            "Bao prediction": "NaN",
            "Bao recommended hint": "(no hint)"
        }
    },
    {
        "Plan": {
            "Node Type": "Aggregate",
            "Strategy": "Plain",
            "Partial Mode": "Finalize",
            "Parallel Aware": false,
            "Startup Cost": 594020.73,
            "Total Cost": 594020.74,
            "Plan Rows": 1,
            "Plan Width": 8,
            "Actual Startup Time": 2729.383,
            "Actual Total Time": 2768.372,
            "Actual Rows": 1,
            "Actual Loops": 1,
            "Output": [
                "count(*)"
            ],
            "Plans": [
                {
                    "Node Type": "Gather",
                    "Parent Relationship": "Outer",
                    "Parallel Aware": false,
                    "Startup Cost": 594020.1,
                    "Total Cost": 594020.71,
                    "Plan Rows": 6,
                    "Plan Width": 8,
                    "Actual Startup Time": 2694.968,
                    "Actual Total Time": 2768.363,
                    "Actual Rows": 7,
                    "Actual Loops": 1,
                    "Output": [
                        "(PARTIAL count(*))"
                    ],
                    "Workers Planned": 6,
                    "Workers Launched": 6,
                    "Single Copy": false,
                    "Plans": [
                        {
                            "Node Type": "Aggregate",
                            "Strategy": "Plain",
                            "Partial Mode": "Partial",
                            "Parent Relationship": "Outer",
                            "Parallel Aware": false,
                            "Startup Cost": 593020.1,
                            "Total Cost": 593020.11,
                            "Plan Rows": 1,
                            "Plan Width": 8,
                            "Actual Startup Time": 2682.327,
                            "Actual Total Time": 2682.333,
                            "Actual Rows": 1,
                            "Actual Loops": 7,
                            "Output": [
                                "PARTIAL count(*)"
                            ],
                            "Workers": [
                                {
                                    "Worker Number": 0,
                                    "Actual Startup Time": 2680.205,
                                    "Actual Total Time": 2680.21,
                                    "Actual Rows": 1,
                                    "Actual Loops": 1
                                },
                                {
                                    "Worker Number": 1,
                                    "Actual Startup Time": 2680.273,
                                    "Actual Total Time": 2680.278,
                                    "Actual Rows": 1,
                                    "Actual Loops": 1
                                },
                                {
                                    "Worker Number": 2,
                                    "Actual Startup Time": 2680.346,
                                    "Actual Total Time": 2680.351,
                                    "Actual Rows": 1,
                                    "Actual Loops": 1
                                },
                                {
                                    "Worker Number": 3,
                                    "Actual Startup Time": 2680.506,
                                    "Actual Total Time": 2680.511,
                                    "Actual Rows": 1,
                                    "Actual Loops": 1
                                },
                                {
                                    "Worker Number": 4,
                                    "Actual Startup Time": 2680.402,
                                    "Actual Total Time": 2680.406,
                                    "Actual Rows": 1,
                                    "Actual Loops": 1
                                },
                                {
                                    "Worker Number": 5,
                                    "Actual Startup Time": 2680.281,
                                    "Actual Total Time": 2680.285,
                                    "Actual Rows": 1,
                                    "Actual Loops": 1
                                }
                            ],
                            "Plans": [
                                {
                                    "Node Type": "Hash Join",
                                    "Parent Relationship": "Outer",
                                    "Parallel Aware": true,
                                    "Join Type": "Inner",
                                    "Startup Cost": 243179.25,
                                    "Total Cost": 585200.89,
                                    "Plan Rows": 3127687,
                                    "Plan Width": 0,
                                    "Actual Startup Time": 489.358,
                                    "Actual Total Time": 2541.839,
                                    "Actual Rows": 3188685,
                                    "Actual Loops": 7,
                                    "Inner Unique": false,
                                    "Hash Cond": "(ci.movie_id = t.id)",
                                    "Workers": [
                                        {
                                            "Worker Number": 0,
                                            "Actual Startup Time": 487.495,
                                            "Actual Total Time": 2521.594,
                                            "Actual Rows": 2401099,
                                            "Actual Loops": 1
                                        },
                                        {
                                            "Worker Number": 1,
                                            "Actual Startup Time": 487.423,
                                            "Actual Total Time": 2542.706,
                                            "Actual Rows": 3202107,
                                            "Actual Loops": 1
                                        },
                                        {
                                            "Worker Number": 2,
                                            "Actual Startup Time": 487.601,
                                            "Actual Total Time": 2541.429,
                                            "Actual Rows": 3248780,
                                            "Actual Loops": 1
                                        },
                                        {
                                            "Worker Number": 3,
                                            "Actual Startup Time": 487.478,
                                            "Actual Total Time": 2546.191,
                                            "Actual Rows": 3301602,
                                            "Actual Loops": 1
                                        },
                                        {
                                            "Worker Number": 4,
                                            "Actual Startup Time": 487.545,
                                            "Actual Total Time": 2544.148,
                                            "Actual Rows": 3344932,
                                            "Actual Loops": 1
                                        },
                                        {
                                            "Worker Number": 5,
                                            "Actual Startup Time": 487.604,
                                            "Actual Total Time": 2541.916,
                                            "Actual Rows": 3232317,
                                            "Actual Loops": 1
                                        }
                                    ],
                                    "Plans": [
                                        {
                                            "Node Type": "Seq Scan",
                                            "Parent Relationship": "Outer",
                                            "Parallel Aware": true,
                                            "Relation Name": "cast_info",
                                            "Schema": "public",
                                            "Alias": "ci",
                                            "Startup Cost": 0.0,
                                            "Total Cost": 313108.29,
                                            "Plan Rows": 6042129,
                                            "Plan Width": 4,
                                            "Actual Startup Time": 0.046,
                                            "Actual Total Time": 483.746,
                                            "Actual Rows": 5177763,
                                            "Actual Loops": 7,
                                            "Output": [
                                                "ci.id",
                                                "ci.person_id",
                                                "ci.movie_id",
                                                "ci.person_role_id",
                                                "ci.note",
                                                "ci.nr_order",
                                                "ci.role_id"
                                            ],
                                            "Workers": [
                                                {
                                                    "Worker Number": 0,
                                                    "Actual Startup Time": 0.068,
                                                    "Actual Total Time": 528.338,
                                                    "Actual Rows": 3883405,
                                                    "Actual Loops": 1
                                                },
                                                {
                                                    "Worker Number": 1,
                                                    "Actual Startup Time": 0.064,
                                                    "Actual Total Time": 480.792,
                                                    "Actual Rows": 5207745,
                                                    "Actual Loops": 1
                                                },
                                                {
                                                    "Worker Number": 2,
                                                    "Actual Startup Time": 0.062,
                                                    "Actual Total Time": 482.8,
                                                    "Actual Rows": 5267356,
                                                    "Actual Loops": 1
                                                },
                                                {
                                                    "Worker Number": 3,
                                                    "Actual Startup Time": 0.033,
                                                    "Actual Total Time": 499.099,
                                                    "Actual Rows": 5352663,
                                                    "Actual Loops": 1
                                                },
                                                {
                                                    "Worker Number": 4,
                                                    "Actual Startup Time": 0.022,
                                                    "Actual Total Time": 502.496,
                                                    "Actual Rows": 5448986,
                                                    "Actual Loops": 1
                                                },
                                                {
                                                    "Worker Number": 5,
                                                    "Actual Startup Time": 0.059,
                                                    "Actual Total Time": 481.331,
                                                    "Actual Rows": 5244219,
                                                    "Actual Loops": 1
                                                }
                                            ]
                                        },
                                        {
                                            "Node Type": "Hash",
                                            "Parent Relationship": "Inner",
                                            "Parallel Aware": true,
                                            "Startup Cost": 239907.31,
                                            "Total Cost": 239907.31,
                                            "Plan Rows": 261755,
                                            "Plan Width": 8,
                                            "Actual Startup Time": 485.892,
                                            "Actual Total Time": 485.896,
                                            "Actual Rows": 184133,
                                            "Actual Loops": 7,
                                            "Output": [
                                                "t.id",
                                                "mi.movie_id"
                                            ],
                                            "Hash Buckets": 2097152,
                                            "Original Hash Buckets": 2097152,
                                            "Hash Batches": 1,
                                            "Original Hash Batches": 1,
                                            "Peak Memory Usage": 66912,
                                            "Workers": [
                                                {
                                                    "Worker Number": 0,
                                                    "Actual Startup Time": 486.765,
                                                    "Actual Total Time": 486.77,
                                                    "Actual Rows": 149065,
                                                    "Actual Loops": 1
                                                },
                                                {
                                                    "Worker Number": 1,
                                                    "Actual Startup Time": 486.83,
                                                    "Actual Total Time": 486.833,
                                                    "Actual Rows": 207031,
                                                    "Actual Loops": 1
                                                },
                                                {
                                                    "Worker Number": 2,
                                                    "Actual Startup Time": 486.856,
                                                    "Actual Total Time": 486.859,
                                                    "Actual Rows": 191705,
                                                    "Actual Loops": 1
                                                },
                                                {
                                                    "Worker Number": 3,
                                                    "Actual Startup Time": 486.963,
                                                    "Actual Total Time": 486.967,
                                                    "Actual Rows": 182195,
                                                    "Actual Loops": 1
                                                },
                                                {
                                                    "Worker Number": 4,
                                                    "Actual Startup Time": 486.764,
                                                    "Actual Total Time": 486.768,
                                                    "Actual Rows": 186352,
                                                    "Actual Loops": 1
                                                },
                                                {
                                                    "Worker Number": 5,
                                                    "Actual Startup Time": 486.795,
                                                    "Actual Total Time": 486.799,
                                                    "Actual Rows": 192181,
                                                    "Actual Loops": 1
                                                }
                                            ],
                                            "Plans": [
                                                {
                                                    "Node Type": "Hash Join",
                                                    "Parent Relationship": "Outer",
                                                    "Parallel Aware": true,
                                                    "Join Type": "Inner",
                                                    "Startup Cost": 73955.26,
                                                    "Total Cost": 239907.31,
                                                    "Plan Rows": 261755,
                                                    "Plan Width": 8,
                                                    "Actual Startup Time": 287.046,
                                                    "Actual Total Time": 406.93,
                                                    "Actual Rows": 184133,
                                                    "Actual Loops": 7,
                                                    "Output": [
                                                        "t.id",
                                                        "mi.movie_id"
                                                    ],
                                                    "Inner Unique": true,
                                                    "Hash Cond": "(mi.movie_id = t.id)",
                                                    "Workers": [
                                                        {
                                                            "Worker Number": 0,
                                                            "Actual Startup Time": 286.958,
                                                            "Actual Total Time": 406.716,
                                                            "Actual Rows": 149065,
                                                            "Actual Loops": 1
                                                        },
                                                        {
                                                            "Worker Number": 1,
                                                            "Actual Startup Time": 286.81,
                                                            "Actual Total Time": 407.008,
                                                            "Actual Rows": 207031,
                                                            "Actual Loops": 1
                                                        },
                                                        {
                                                            "Worker Number": 2,
                                                            "Actual Startup Time": 287.184,
                                                            "Actual Total Time": 406.29,
                                                            "Actual Rows": 191705,
                                                            "Actual Loops": 1
                                                        },
                                                        {
                                                            "Worker Number": 3,
                                                            "Actual Startup Time": 287.142,
                                                            "Actual Total Time": 406.746,
                                                            "Actual Rows": 182195,
                                                            "Actual Loops": 1
                                                        },
                                                        {
                                                            "Worker Number": 4,
                                                            "Actual Startup Time": 287.092,
                                                            "Actual Total Time": 407.741,
                                                            "Actual Rows": 186352,
                                                            "Actual Loops": 1
                                                        },
                                                        {
                                                            "Worker Number": 5,
                                                            "Actual Startup Time": 286.964,
                                                            "Actual Total Time": 406.238,
                                                            "Actual Rows": 192181,
                                                            "Actual Loops": 1
                                                        }
                                                    ],
                                                    "Plans": [
                                                        {
                                                            "Node Type": "Bitmap Heap Scan",
                                                            "Parent Relationship": "Outer",
                                                            "Parallel Aware": true,
                                                            "Relation Name": "movie_info",
                                                            "Schema": "public",
                                                            "Alias": "mi",
                                                            "Startup Cost": 23735.46,
                                                            "Total Cost": 189000.4,
                                                            "Plan Rows": 261755,
                                                            "Plan Width": 4,
                                                            "Actual Startup Time": 46.226,
                                                            "Actual Total Time": 71.866,
                                                            "Actual Rows": 184133,
                                                            "Actual Loops": 7,
                                                            "Output": [
                                                                "mi.id",
                                                                "mi.movie_id",
                                                                "mi.info_type_id",
                                                                "mi.info",
                                                                "mi.note"
                                                            ],
                                                            "Recheck Cond": "(mi.info_type_id = 2)",
                                                            "Rows Removed by Index Recheck": 0,
                                                            "Exact Heap Blocks": 1203,
                                                            "Lossy Heap Blocks": 0,
                                                            "Workers": [
                                                                {
                                                                    "Worker Number": 0,
                                                                    "Actual Startup Time": 46.194,
                                                                    "Actual Total Time": 74.292,
                                                                    "Actual Rows": 149065,
                                                                    "Actual Loops": 1
                                                                },
                                                                {
                                                                    "Worker Number": 1,
                                                                    "Actual Startup Time": 46.13,
                                                                    "Actual Total Time": 71.429,
                                                                    "Actual Rows": 207031,
                                                                    "Actual Loops": 1
                                                                },
                                                                {
                                                                    "Worker Number": 2,
                                                                    "Actual Startup Time": 46.338,
                                                                    "Actual Total Time": 71.868,
                                                                    "Actual Rows": 191705,
                                                                    "Actual Loops": 1
                                                                },
                                                                {
                                                                    "Worker Number": 3,
                                                                    "Actual Startup Time": 46.335,
                                                                    "Actual Total Time": 72.483,
                                                                    "Actual Rows": 182195,
                                                                    "Actual Loops": 1
                                                                },
                                                                {
                                                                    "Worker Number": 4,
                                                                    "Actual Startup Time": 46.233,
                                                                    "Actual Total Time": 72.403,
                                                                    "Actual Rows": 186352,
                                                                    "Actual Loops": 1
                                                                },
                                                                {
                                                                    "Worker Number": 5,
                                                                    "Actual Startup Time": 46.147,
                                                                    "Actual Total Time": 71.626,
                                                                    "Actual Rows": 192181,
                                                                    "Actual Loops": 1
                                                                }
                                                            ],
                                                            "Plans": [
                                                                {
                                                                    "Node Type": "Bitmap Index Scan",
                                                                    "Parent Relationship": "Outer",
                                                                    "Parallel Aware": false,
                                                                    "Index Name": "info_type_id_movie_info",
                                                                    "Startup Cost": 0.0,
                                                                    "Total Cost": 23408.26,
                                                                    "Plan Rows": 1308777,
                                                                    "Plan Width": 0,
                                                                    "Actual Startup Time": 44.885,
                                                                    "Actual Total Time": 44.885,
                                                                    "Actual Rows": 1288928,
                                                                    "Actual Loops": 1,
                                                                    "Index Cond": "(mi.info_type_id = 2)",
                                                                    "Workers": [
                                                                        {
                                                                            "Worker Number": 1,
                                                                            "Actual Startup Time": 44.885,
                                                                            "Actual Total Time": 44.885,
                                                                            "Actual Rows": 1288928,
                                                                            "Actual Loops": 1
                                                                        }
                                                                    ]
                                                                }
                                                            ]
                                                        },
                                                        {
                                                            "Node Type": "Hash",
                                                            "Parent Relationship": "Inner",
                                                            "Parallel Aware": true,
                                                            "Startup Cost": 42318.81,
                                                            "Total Cost": 42318.81,
                                                            "Plan Rows": 632080,
                                                            "Plan Width": 4,
                                                            "Actual Startup Time": 237.069,
                                                            "Actual Total Time": 237.07,
                                                            "Actual Rows": 361187,
                                                            "Actual Loops": 7,
                                                            "Output": [
                                                                "t.id"
                                                            ],
                                                            "Hash Buckets": 4194304,
                                                            "Original Hash Buckets": 4194304,
                                                            "Hash Batches": 1,
                                                            "Original Hash Batches": 1,
                                                            "Peak Memory Usage": 131776,
                                                            "Workers": [
                                                                {
                                                                    "Worker Number": 0,
                                                                    "Actual Startup Time": 240.489,
                                                                    "Actual Total Time": 240.49,
                                                                    "Actual Rows": 276359,
                                                                    "Actual Loops": 1
                                                                },
                                                                {
                                                                    "Worker Number": 1,
                                                                    "Actual Startup Time": 240.603,
                                                                    "Actual Total Time": 240.604,
                                                                    "Actual Rows": 343201,
                                                                    "Actual Loops": 1
                                                                },
                                                                {
                                                                    "Worker Number": 2,
                                                                    "Actual Startup Time": 240.586,
                                                                    "Actual Total Time": 240.587,
                                                                    "Actual Rows": 354080,
                                                                    "Actual Loops": 1
                                                                },
                                                                {
                                                                    "Worker Number": 3,
                                                                    "Actual Startup Time": 240.553,
                                                                    "Actual Total Time": 240.554,
                                                                    "Actual Rows": 353329,
                                                                    "Actual Loops": 1
                                                                },
                                                                {
                                                                    "Worker Number": 4,
                                                                    "Actual Startup Time": 240.578,
                                                                    "Actual Total Time": 240.58,
                                                                    "Actual Rows": 358443,
                                                                    "Actual Loops": 1
                                                                },
                                                                {
                                                                    "Worker Number": 5,
                                                                    "Actual Startup Time": 240.565,
                                                                    "Actual Total Time": 240.566,
                                                                    "Actual Rows": 353388,
                                                                    "Actual Loops": 1
                                                                }
                                                            ],
                                                            "Plans": [
                                                                {
                                                                    "Node Type": "Seq Scan",
                                                                    "Parent Relationship": "Outer",
                                                                    "Parallel Aware": true,
                                                                    "Relation Name": "title",
                                                                    "Schema": "public",
                                                                    "Alias": "t",
                                                                    "Startup Cost": 0.0,
                                                                    "Total Cost": 42318.81,
                                                                    "Plan Rows": 632080,
                                                                    "Plan Width": 4,
                                                                    "Actual Startup Time": 0.045,
                                                                    "Actual Total Time": 64.666,
                                                                    "Actual Rows": 361187,
                                                                    "Actual Loops": 7,
                                                                    "Output": [
                                                                        "t.id"
                                                                    ],
                                                                    "Workers": [
                                                                        {
                                                                            "Worker Number": 0,
                                                                            "Actual Startup Time": 0.052,
                                                                            "Actual Total Time": 70.507,
                                                                            "Actual Rows": 276359,
                                                                            "Actual Loops": 1
                                                                        },
                                                                        {
                                                                            "Worker Number": 1,
                                                                            "Actual Startup Time": 0.066,
                                                                            "Actual Total Time": 65.645,
                                                                            "Actual Rows": 343201,
                                                                            "Actual Loops": 1
                                                                        },
                                                                        {
                                                                            "Worker Number": 2,
                                                                            "Actual Startup Time": 0.052,
                                                                            "Actual Total Time": 64.798,
                                                                            "Actual Rows": 354080,
                                                                            "Actual Loops": 1
                                                                        },
                                                                        {
                                                                            "Worker Number": 3,
                                                                            "Actual Startup Time": 0.039,
                                                                            "Actual Total Time": 67.04,
                                                                            "Actual Rows": 353329,
                                                                            "Actual Loops": 1
                                                                        },
                                                                        {
                                                                            "Worker Number": 4,
                                                                            "Actual Startup Time": 0.039,
                                                                            "Actual Total Time": 67.234,
                                                                            "Actual Rows": 358443,
                                                                            "Actual Loops": 1
                                                                        },
                                                                        {
                                                                            "Worker Number": 5,
                                                                            "Actual Startup Time": 0.054,
                                                                            "Actual Total Time": 64.713,
                                                                            "Actual Rows": 353388,
                                                                            "Actual Loops": 1
                                                                        }
                                                                    ]
                                                                }
                                                            ]
                                                        }
                                                    ]
                                                }
                                            ]
                                        }
                                    ]
                                }
                            ]
                        }
                    ]
                }
            ]
        },
        "Planning Time": 187.248,
        "Triggers": [],
        "Execution Time": 2768.507
    }
]