[
  {
    "Plan": {
      "Node Type": "Aggregate",
      "Strategy": "Plain",
      "Partial Mode": "Finalize",
      "Parallel Aware": false,
      "Startup Cost": 450981.41,
      "Total Cost": 450981.42,
      "Plan Rows": 1,
      "Plan Width": 8,
      "Actual Startup Time": 4468.101,
      "Actual Total Time": 4523.894,
      "Actual Rows": 1,
      "Actual Loops": 1,
      "Plans": [
        {
          "Node Type": "Gather",
          "Parent Relationship": "Outer",
          "Parallel Aware": false,
          "Startup Cost": 450980.78,
          "Total Cost": 450981.39,
          "Plan Rows": 6,
          "Plan Width": 8,
          "Actual Startup Time": 4445.494,
          "Actual Total Time": 4523.883,
          "Actual Rows": 7,
          "Actual Loops": 1,
          "Workers Planned": 6,
          "Workers Launched": 6,
          "Single Copy": false,
          "Plans": [
            {
              "Node Type": "Aggregate",
              "Strategy": "Plain",
              "Partial Mode": "Partial",
              "Parent Relationship": "Outer",
              "Parallel Aware": false,
              "Startup Cost": 449980.78,
              "Total Cost": 449980.79,
              "Plan Rows": 1,
              "Plan Width": 8,
              "Actual Startup Time": 4435.701,
              "Actual Total Time": 4436.275,
              "Actual Rows": 1,
              "Actual Loops": 7,
              "Plans": [
                {
                  "Node Type": "Hash Join",
                  "Parent Relationship": "Outer",
                  "Parallel Aware": true,
                  "Join Type": "Inner",
                  "Startup Cost": 98429.98,
                  "Total Cost": 443087.88,
                  "Plan Rows": 2757162,
                  "Plan Width": 0,
                  "Actual Startup Time": 430.017,
                  "Actual Total Time": 3631.259,
                  "Actual Rows": 19016282,
                  "Actual Loops": 7,
                  "Inner Unique": false,
                  "Hash Cond": "(ci.movie_id = t.id)",
                  "Plans": [
                    {
                      "Node Type": "Seq Scan",
                      "Parent Relationship": "Outer",
                      "Parallel Aware": true,
                      "Relation Name": "cast_info",
                      "Alias": "ci",
                      "Startup Cost": 0.0,
                      "Total Cost": 313106.51,
                      "Plan Rows": 6041951,
                      "Plan Width": 4,
                      "Actual Startup Time": 0.032,
                      "Actual Total Time": 534.966,
                      "Actual Rows": 5177763,
                      "Actual Loops": 7
                    },
                    {
                      "Node Type": "Hash",
                      "Parent Relationship": "Inner",
                      "Parallel Aware": true,
                      "Startup Cost": 93777.51,
                      "Total Cost": 93777.51,
                      "Plan Rows": 372197,
                      "Plan Width": 8,
                      "Actual Startup Time": 426.646,
                      "Actual Total Time": 427.218,
                      "Actual Rows": 324683,
                      "Actual Loops": 7,
                      "Hash Buckets": 4194304,
                      "Original Hash Buckets": 2097152,
                      "Hash Batches": 1,
                      "Original Hash Batches": 1,
                      "Peak Memory Usage": 138112,
                      "Plans": [
                        {
                          "Node Type": "Hash Join",
                          "Parent Relationship": "Outer",
                          "Parallel Aware": true,
                          "Join Type": "Inner",
                          "Startup Cost": 47924.85,
                          "Total Cost": 93777.51,
                          "Plan Rows": 372197,
                          "Plan Width": 8,
                          "Actual Startup Time": 128.967,
                          "Actual Total Time": 278.859,
                          "Actual Rows": 324683,
                          "Actual Loops": 7,
                          "Inner Unique": true,
                          "Hash Cond": "(mk.movie_id = t.id)",
                          "Plans": [
                            {
                              "Node Type": "Seq Scan",
                              "Parent Relationship": "Outer",
                              "Parallel Aware": true,
                              "Relation Name": "movie_keyword",
                              "Alias": "mk",
                              "Startup Cost": 0.0,
                              "Total Cost": 42695.65,
                              "Plan Rows": 1202671,
                              "Plan Width": 4,
                              "Actual Startup Time": 0.051,
                              "Actual Total Time": 72.888,
                              "Actual Rows": 532297,
                              "Actual Loops": 7,
                              "Filter": "(keyword_id > 768)",
                              "Rows Removed by Filter": 113979
                            },
                            {
                              "Node Type": "Hash",
                              "Parent Relationship": "Inner",
                              "Parallel Aware": true,
                              "Startup Cost": 45479.59,
                              "Total Cost": 45479.59,
                              "Plan Rows": 195621,
                              "Plan Width": 4,
                              "Actual Startup Time": 127.914,
                              "Actual Total Time": 127.916,
                              "Actual Rows": 98508,
                              "Actual Loops": 7,
                              "Hash Buckets": 1048576,
                              "Original Hash Buckets": 1048576,
                              "Hash Batches": 1,
                              "Original Hash Batches": 1,
                              "Peak Memory Usage": 35328,
                              "Plans": [
                                {
                                  "Node Type": "Seq Scan",
                                  "Parent Relationship": "Outer",
                                  "Parallel Aware": true,
                                  "Relation Name": "title",
                                  "Alias": "t",
                                  "Startup Cost": 0.0,
                                  "Total Cost": 45479.59,
                                  "Plan Rows": 195621,
                                  "Plan Width": 4,
                                  "Actual Startup Time": 0.045,
                                  "Actual Total Time": 79.294,
                                  "Actual Rows": 98508,
                                  "Actual Loops": 7,
                                  "Filter": "((kind_id < 7) AND (production_year > 1976))",
                                  "Rows Removed by Filter": 262680
                                }
                              ]
                            }
                          ]
                        }
                      ]
                    }
                  ]
                }
              ]
            }
          ]
        }
      ]
    },
    "Planning Time": 0.496,
    "Triggers": [],
    "Execution Time": 4523.95
  }
]