[
  {
    "Plan": {
      "Node Type": "Aggregate",
      "Strategy": "Plain",
      "Partial Mode": "Finalize",
      "Parallel Aware": false,
      "Startup Cost": 451048.83,
      "Total Cost": 451048.84,
      "Plan Rows": 1,
      "Plan Width": 8,
      "Actual Startup Time": 4462.997,
      "Actual Total Time": 4520.49,
      "Actual Rows": 1,
      "Actual Loops": 1,
      "Plans": [
        {
          "Node Type": "Gather",
          "Parent Relationship": "Outer",
          "Parallel Aware": false,
          "Startup Cost": 451048.2,
          "Total Cost": 451048.81,
          "Plan Rows": 6,
          "Plan Width": 8,
          "Actual Startup Time": 4443.359,
          "Actual Total Time": 4520.478,
          "Actual Rows": 7,
          "Actual Loops": 1,
          "Workers Planned": 6,
          "Workers Launched": 6,
          "Single Copy": false,
          "Plans": [
            {
              "Node Type": "Aggregate",
              "Strategy": "Plain",
              "Partial Mode": "Partial",
              "Parent Relationship": "Outer",
              "Parallel Aware": false,
              "Startup Cost": 450048.2,
              "Total Cost": 450048.21,
              "Plan Rows": 1,
              "Plan Width": 8,
              "Actual Startup Time": 4428.164,
              "Actual Total Time": 4428.757,
              "Actual Rows": 1,
              "Actual Loops": 7,
              "Plans": [
                {
                  "Node Type": "Hash Join",
                  "Parent Relationship": "Outer",
                  "Parallel Aware": true,
                  "Join Type": "Inner",
                  "Startup Cost": 98471.65,
                  "Total Cost": 443120.35,
                  "Plan Rows": 2771142,
                  "Plan Width": 0,
                  "Actual Startup Time": 437.462,
                  "Actual Total Time": 3642.062,
                  "Actual Rows": 19016282,
                  "Actual Loops": 7,
                  "Inner Unique": false,
                  "Hash Cond": "(ci.movie_id = t.id)",
                  "Plans": [
                    {
                      "Node Type": "Seq Scan",
                      "Parent Relationship": "Outer",
                      "Parallel Aware": true,
                      "Relation Name": "cast_info",
                      "Alias": "ci",
                      "Startup Cost": 0.0,
                      "Total Cost": 313067.02,
                      "Plan Rows": 6038002,
                      "Plan Width": 4,
                      "Actual Startup Time": 0.029,
                      "Actual Total Time": 530.87,
                      "Actual Rows": 5177763,
                      "Actual Loops": 7
                    },
                    {
                      "Node Type": "Hash",
                      "Parent Relationship": "Inner",
                      "Parallel Aware": true,
                      "Startup Cost": 93792.78,
                      "Total Cost": 93792.78,
                      "Plan Rows": 374310,
                      "Plan Width": 8,
                      "Actual Startup Time": 432.451,
                      "Actual Total Time": 433.041,
                      "Actual Rows": 324683,
                      "Actual Loops": 7,
                      "Hash Buckets": 4194304,
                      "Original Hash Buckets": 2097152,
                      "Hash Batches": 1,
                      "Original Hash Batches": 1,
                      "Peak Memory Usage": 138208,
                      "Plans": [
                        {
                          "Node Type": "Hash Join",
                          "Parent Relationship": "Outer",
                          "Parallel Aware": true,
                          "Join Type": "Inner",
                          "Startup Cost": 47931.2,
                          "Total Cost": 93792.78,
                          "Plan Rows": 374310,
                          "Plan Width": 8,
                          "Actual Startup Time": 127.541,
                          "Actual Total Time": 288.977,
                          "Actual Rows": 324683,
                          "Actual Loops": 7,
                          "Inner Unique": true,
                          "Hash Cond": "(mk.movie_id = t.id)",
                          "Plans": [
                            {
                              "Node Type": "Seq Scan",
                              "Parent Relationship": "Outer",
                              "Parallel Aware": true,
                              "Relation Name": "movie_keyword",
                              "Alias": "mk",
                              "Startup Cost": 0.0,
                              "Total Cost": 42695.65,
                              "Plan Rows": 1206066,
                              "Plan Width": 4,
                              "Actual Startup Time": 0.048,
                              "Actual Total Time": 79.558,
                              "Actual Rows": 532297,
                              "Actual Loops": 7,
                              "Filter": "(keyword_id > 768)",
                              "Rows Removed by Filter": 113979
                            },
                            {
                              "Node Type": "Hash",
                              "Parent Relationship": "Inner",
                              "Parallel Aware": true,
                              "Startup Cost": 45479.1,
                              "Total Cost": 45479.1,
                              "Plan Rows": 196168,
                              "Plan Width": 4,
                              "Actual Startup Time": 126.284,
                              "Actual Total Time": 126.285,
                              "Actual Rows": 98508,
                              "Actual Loops": 7,
                              "Hash Buckets": 1048576,
                              "Original Hash Buckets": 1048576,
                              "Hash Batches": 1,
                              "Original Hash Batches": 1,
                              "Peak Memory Usage": 35328,
                              "Plans": [
                                {
                                  "Node Type": "Seq Scan",
                                  "Parent Relationship": "Outer",
                                  "Parallel Aware": true,
                                  "Relation Name": "title",
                                  "Alias": "t",
                                  "Startup Cost": 0.0,
                                  "Total Cost": 45479.1,
                                  "Plan Rows": 196168,
                                  "Plan Width": 4,
                                  "Actual Startup Time": 0.047,
                                  "Actual Total Time": 79.205,
                                  "Actual Rows": 98508,
                                  "Actual Loops": 7,
                                  "Filter": "((kind_id < 7) AND (production_year > 1976))",
                                  "Rows Removed by Filter": 262680
                                }
                              ]
                            }
                          ]
                        }
                      ]
                    }
                  ]
                }
              ]
            }
          ]
        }
      ]
    },
    "Planning Time": 1.28,
    "Triggers": [],
    "Execution Time": 4520.582
  }
]