{
  "Plan": {
    "Node Type": "Aggregate",
    "Strategy": "Plain",
    "Partial Mode": "Finalize",
    "Parallel Aware": false,
    "Startup Cost": 53452.25,
    "Total Cost": 53452.26,
    "Plan Rows": 1,
    "Plan Width": 96,
    "Actual Startup Time": 400.108,
    "Actual Total Time": 432.983,
    "Actual Rows": 1,
    "Actual Loops": 1,
    "Plans": [
      {
        "Node Type": "Gather",
        "Parent Relationship": "Outer",
        "Parallel Aware": false,
        "Startup Cost": 53452.14,
        "Total Cost": 53452.25,
        "Plan Rows": 1,
        "Plan Width": 96,
        "Actual Startup Time": 399.925,
        "Actual Total Time": 432.973,
        "Actual Rows": 2,
        "Actual Loops": 1,
        "Workers Planned": 1,
        "Workers Launched": 1,
        "Single Copy": false,
        "Plans": [
          {
            "Node Type": "Aggregate",
            "Strategy": "Plain",
            "Partial Mode": "Partial",
            "Parent Relationship": "Outer",
            "Parallel Aware": false,
            "Startup Cost": 52452.14,
            "Total Cost": 52452.15,
            "Plan Rows": 1,
            "Plan Width": 96,
            "Actual Startup Time": 392.367,
            "Actual Total Time": 392.379,
            "Actual Rows": 1,
            "Actual Loops": 2,
            "Plans": [
              {
                "Node Type": "Hash Join",
                "Parent Relationship": "Outer",
                "Parallel Aware": false,
                "Join Type": "Inner",
                "Startup Cost": 4804.61,
                "Total Cost": 52452.11,
                "Plan Rows": 3,
                "Plan Width": 42,
                "Actual Startup Time": 104.283,
                "Actual Total Time": 392.063,
                "Actual Rows": 1698,
                "Actual Loops": 2,
                "Inner Unique": true,
                "Hash Cond": "(mi.info_type_id = it2.id)",
                "Plans": [
                  {
                    "Node Type": "Nested Loop",
                    "Parent Relationship": "Outer",
                    "Parallel Aware": false,
                    "Join Type": "Inner",
                    "Startup Cost": 4802.19,
                    "Total Cost": 52448.74,
                    "Plan Rows": 349,
                    "Plan Width": 46,
                    "Actual Startup Time": 103.962,
                    "Actual Total Time": 390.552,
                    "Actual Rows": 10982,
                    "Actual Loops": 2,
                    "Inner Unique": false,
                    "Join Filter": "(miidx.movie_id = mi.movie_id)",
                    "Rows Removed by Join Filter": 0,
                    "Plans": [
                      {
                        "Node Type": "Hash Join",
                        "Parent Relationship": "Outer",
                        "Parallel Aware": false,
                        "Join Type": "Inner",
                        "Startup Cost": 4801.75,
                        "Total Cost": 52334.49,
                        "Plan Rows": 59,
                        "Plan Width": 54,
                        "Actual Startup Time": 103.883,
                        "Actual Total Time": 366.451,
                        "Actual Rows": 638,
                        "Actual Loops": 2,
                        "Inner Unique": true,
                        "Hash Cond": "(t.kind_id = kt.id)",
                        "Plans": [
                          {
                            "Node Type": "Nested Loop",
                            "Parent Relationship": "Outer",
                            "Parallel Aware": false,
                            "Join Type": "Inner",
                            "Startup Cost": 4800.65,
                            "Total Cost": 52331.64,
                            "Plan Rows": 416,
                            "Plan Width": 58,
                            "Actual Startup Time": 30.026,
                            "Actual Total Time": 364.852,
                            "Actual Rows": 11490,
                            "Actual Loops": 2,
                            "Inner Unique": true,
                            "Join Filter": "(miidx.movie_id = t.id)",
                            "Rows Removed by Join Filter": 0,
                            "Plans": [
                              {
                                "Node Type": "Hash Join",
                                "Parent Relationship": "Outer",
                                "Parallel Aware": false,
                                "Join Type": "Inner",
                                "Startup Cost": 4800.22,
                                "Total Cost": 52111.58,
                                "Plan Rows": 416,
                                "Plan Width": 33,
                                "Actual Startup Time": 29.975,
                                "Actual Total Time": 311.965,
                                "Actual Rows": 11490,
                                "Actual Loops": 2,
                                "Inner Unique": true,
                                "Hash Cond": "(miidx.info_type_id = it.id)",
                                "Plans": [
                                  {
                                    "Node Type": "Nested Loop",
                                    "Parent Relationship": "Outer",
                                    "Parallel Aware": false,
                                    "Join Type": "Inner",
                                    "Startup Cost": 4797.8,
                                    "Total Cost": 51981.01,
                                    "Plan Rows": 47055,
                                    "Plan Width": 37,
                                    "Actual Startup Time": 29.889,
                                    "Actual Total Time": 308.077,
                                    "Actual Rows": 34556,
                                    "Actual Loops": 2,
                                    "Inner Unique": false,
                                    "Plans": [
                                      {
                                        "Node Type": "Hash Join",
                                        "Parent Relationship": "Outer",
                                        "Parallel Aware": false,
                                        "Join Type": "Inner",
                                        "Startup Cost": 4797.37,
                                        "Total Cost": 43316.45,
                                        "Plan Rows": 16295,
                                        "Plan Width": 23,
                                        "Actual Startup Time": 29.833,
                                        "Actual Total Time": 249.207,
                                        "Actual Rows": 17335,
                                        "Actual Loops": 2,
                                        "Inner Unique": true,
                                        "Hash Cond": "(mc.company_type_id = ct.id)",
                                        "Plans": [
                                          {
                                            "Node Type": "Hash Join",
                                            "Parent Relationship": "Outer",
                                            "Parallel Aware": true,
                                            "Join Type": "Inner",
                                            "Startup Cost": 4796.31,
                                            "Total Cost": 42963.0,
                                            "Plan Rows": 65180,
                                            "Plan Width": 27,
                                            "Actual Startup Time": 29.74,
                                            "Actual Total Time": 244.958,
                                            "Actual Rows": 42096,
                                            "Actual Loops": 2,
                                            "Inner Unique": true,
                                            "Hash Cond": "(mc.company_id = cn.id)",
                                            "Plans": [
                                              {
                                                "Node Type": "Seq Scan",
                                                "Parent Relationship": "Outer",
                                                "Parallel Aware": true,
                                                "Relation Name": "movie_companies",
                                                "Alias": "mc",
                                                "Startup Cost": 0.0,
                                                "Total Cost": 34137.82,
                                                "Plan Rows": 1534782,
                                                "Plan Width": 12,
                                                "Actual Startup Time": 0.017,
                                                "Actual Total Time": 101.178,
                                                "Actual Rows": 1304564,
                                                "Actual Loops": 2
                                              },
                                              {
                                                "Node Type": "Hash",
                                                "Parent Relationship": "Inner",
                                                "Parallel Aware": true,
                                                "Startup Cost": 4722.92,
                                                "Total Cost": 4722.92,
                                                "Plan Rows": 5871,
                                                "Plan Width": 23,
                                                "Actual Startup Time": 29.055,
                                                "Actual Total Time": 29.056,
                                                "Actual Rows": 4906,
                                                "Actual Loops": 2,
                                                "Hash Buckets": 16384,
                                                "Original Hash Buckets": 16384,
                                                "Hash Batches": 1,
                                                "Original Hash Batches": 1,
                                                "Peak Memory Usage": 736,
                                                "Plans": [
                                                  {
                                                    "Node Type": "Seq Scan",
                                                    "Parent Relationship": "Outer",
                                                    "Parallel Aware": true,
                                                    "Relation Name": "company_name",
                                                    "Alias": "cn",
                                                    "Startup Cost": 0.0,
                                                    "Total Cost": 4722.92,
                                                    "Plan Rows": 5871,
                                                    "Plan Width": 23,
                                                    "Actual Startup Time": 0.036,
                                                    "Actual Total Time": 25.919,
                                                    "Actual Rows": 4906,
                                                    "Actual Loops": 2,
                                                    "Filter": "((country_code)::text = '[ca]'::text)",
                                                    "Rows Removed by Filter": 112593
                                                  }
                                                ]
                                              }
                                            ]
                                          },
                                          {
                                            "Node Type": "Hash",
                                            "Parent Relationship": "Inner",
                                            "Parallel Aware": false,
                                            "Startup Cost": 1.05,
                                            "Total Cost": 1.05,
                                            "Plan Rows": 1,
                                            "Plan Width": 4,
                                            "Actual Startup Time": 0.057,
                                            "Actual Total Time": 0.058,
                                            "Actual Rows": 1,
                                            "Actual Loops": 2,
                                            "Hash Buckets": 1024,
                                            "Original Hash Buckets": 1024,
                                            "Hash Batches": 1,
                                            "Original Hash Batches": 1,
                                            "Peak Memory Usage": 9,
                                            "Plans": [
                                              {
                                                "Node Type": "Seq Scan",
                                                "Parent Relationship": "Outer",
                                                "Parallel Aware": false,
                                                "Relation Name": "company_type",
                                                "Alias": "ct",
                                                "Startup Cost": 0.0,
                                                "Total Cost": 1.05,
                                                "Plan Rows": 1,
                                                "Plan Width": 4,
                                                "Actual Startup Time": 0.047,
                                                "Actual Total Time": 0.05,
                                                "Actual Rows": 1,
                                                "Actual Loops": 2,
                                                "Filter": "((kind)::text = 'distributors'::text)",
                                                "Rows Removed by Filter": 3
                                              }
                                            ]
                                          }
                                        ]
                                      },
                                      {
                                        "Node Type": "Index Scan",
                                        "Parent Relationship": "Inner",
                                        "Parallel Aware": false,
                                        "Scan Direction": "Forward",
                                        "Index Name": "movie_id_movie_info_idx",
                                        "Relation Name": "movie_info_idx",
                                        "Alias": "miidx",
                                        "Startup Cost": 0.43,
                                        "Total Cost": 0.5,
                                        "Plan Rows": 3,
                                        "Plan Width": 14,
                                        "Actual Startup Time": 0.003,
                                        "Actual Total Time": 0.003,
                                        "Actual Rows": 2,
                                        "Actual Loops": 34670,
                                        "Index Cond": "(movie_id = mc.movie_id)",
                                        "Rows Removed by Index Recheck": 0
                                      }
                                    ]
                                  },
                                  {
                                    "Node Type": "Hash",
                                    "Parent Relationship": "Inner",
                                    "Parallel Aware": false,
                                    "Startup Cost": 2.41,
                                    "Total Cost": 2.41,
                                    "Plan Rows": 1,
                                    "Plan Width": 4,
                                    "Actual Startup Time": 0.045,
                                    "Actual Total Time": 0.046,
                                    "Actual Rows": 1,
                                    "Actual Loops": 2,
                                    "Hash Buckets": 1024,
                                    "Original Hash Buckets": 1024,
                                    "Hash Batches": 1,
                                    "Original Hash Batches": 1,
                                    "Peak Memory Usage": 9,
                                    "Plans": [
                                      {
                                        "Node Type": "Seq Scan",
                                        "Parent Relationship": "Outer",
                                        "Parallel Aware": false,
                                        "Relation Name": "info_type",
                                        "Alias": "it",
                                        "Startup Cost": 0.0,
                                        "Total Cost": 2.41,
                                        "Plan Rows": 1,
                                        "Plan Width": 4,
                                        "Actual Startup Time": 0.033,
                                        "Actual Total Time": 0.037,
                                        "Actual Rows": 1,
                                        "Actual Loops": 2,
                                        "Filter": "((info)::text = 'rating'::text)",
                                        "Rows Removed by Filter": 112
                                      }
                                    ]
                                  }
                                ]
                              },
                              {
                                "Node Type": "Index Scan",
                                "Parent Relationship": "Inner",
                                "Parallel Aware": false,
                                "Scan Direction": "Forward",
                                "Index Name": "title_pkey",
                                "Relation Name": "title",
                                "Alias": "t",
                                "Startup Cost": 0.43,
                                "Total Cost": 0.52,
                                "Plan Rows": 1,
                                "Plan Width": 25,
                                "Actual Startup Time": 0.004,
                                "Actual Total Time": 0.004,
                                "Actual Rows": 1,
                                "Actual Loops": 22981,
                                "Index Cond": "(id = mc.movie_id)",
                                "Rows Removed by Index Recheck": 0
                              }
                            ]
                          },
                          {
                            "Node Type": "Hash",
                            "Parent Relationship": "Inner",
                            "Parallel Aware": false,
                            "Startup Cost": 1.09,
                            "Total Cost": 1.09,
                            "Plan Rows": 1,
                            "Plan Width": 4,
                            "Actual Startup Time": 0.043,
                            "Actual Total Time": 0.044,
                            "Actual Rows": 1,
                            "Actual Loops": 2,
                            "Hash Buckets": 1024,
                            "Original Hash Buckets": 1024,
                            "Hash Batches": 1,
                            "Original Hash Batches": 1,
                            "Peak Memory Usage": 9,
                            "Plans": [
                              {
                                "Node Type": "Seq Scan",
                                "Parent Relationship": "Outer",
                                "Parallel Aware": false,
                                "Relation Name": "kind_type",
                                "Alias": "kt",
                                "Startup Cost": 0.0,
                                "Total Cost": 1.09,
                                "Plan Rows": 1,
                                "Plan Width": 4,
                                "Actual Startup Time": 0.032,
                                "Actual Total Time": 0.035,
                                "Actual Rows": 1,
                                "Actual Loops": 2,
                                "Filter": "((kind)::text = 'tv movie'::text)",
                                "Rows Removed by Filter": 6
                              }
                            ]
                          }
                        ]
                      },
                      {
                        "Node Type": "Index Scan",
                        "Parent Relationship": "Inner",
                        "Parallel Aware": false,
                        "Scan Direction": "Forward",
                        "Index Name": "movie_id_movie_info",
                        "Relation Name": "movie_info",
                        "Alias": "mi",
                        "Startup Cost": 0.43,
                        "Total Cost": 1.45,
                        "Plan Rows": 39,
                        "Plan Width": 8,
                        "Actual Startup Time": 0.009,
                        "Actual Total Time": 0.035,
                        "Actual Rows": 17,
                        "Actual Loops": 1275,
                        "Index Cond": "(movie_id = mc.movie_id)",
                        "Rows Removed by Index Recheck": 0
                      }
                    ]
                  },
                  {
                    "Node Type": "Hash",
                    "Parent Relationship": "Inner",
                    "Parallel Aware": false,
                    "Startup Cost": 2.41,
                    "Total Cost": 2.41,
                    "Plan Rows": 1,
                    "Plan Width": 4,
                    "Actual Startup Time": 0.085,
                    "Actual Total Time": 0.086,
                    "Actual Rows": 1,
                    "Actual Loops": 2,
                    "Hash Buckets": 1024,
                    "Original Hash Buckets": 1024,
                    "Hash Batches": 1,
                    "Original Hash Batches": 1,
                    "Peak Memory Usage": 9,
                    "Plans": [
                      {
                        "Node Type": "Seq Scan",
                        "Parent Relationship": "Outer",
                        "Parallel Aware": false,
                        "Relation Name": "info_type",
                        "Alias": "it2",
                        "Startup Cost": 0.0,
                        "Total Cost": 2.41,
                        "Plan Rows": 1,
                        "Plan Width": 4,
                        "Actual Startup Time": 0.048,
                        "Actual Total Time": 0.068,
                        "Actual Rows": 1,
                        "Actual Loops": 2,
                        "Filter": "((info)::text = 'release dates'::text)",
                        "Rows Removed by Filter": 112
                      }
                    ]
                  }
                ]
              }
            ]
          }
        ]
      }
    ]
  },
  "Planning Time": 2.488,
  "Triggers": [],
  "Execution Time": 433.18
}