{
  "Plan": {
    "Node Type": "Aggregate",
    "Strategy": "Plain",
    "Partial Mode": "Finalize",
    "Parallel Aware": false,
    "Startup Cost": 634354.08,
    "Total Cost": 634354.09,
    "Plan Rows": 1,
    "Plan Width": 8,
    "Actual Startup Time": 2843.879,
    "Actual Total Time": 2911.109,
    "Actual Rows": 1,
    "Actual Loops": 1,
    "Plans": [
      {
        "Node Type": "Gather",
        "Parent Relationship": "Outer",
        "Parallel Aware": false,
        "Startup Cost": 634353.97,
        "Total Cost": 634354.08,
        "Plan Rows": 1,
        "Plan Width": 8,
        "Actual Startup Time": 2843.407,
        "Actual Total Time": 2911.099,
        "Actual Rows": 2,
        "Actual Loops": 1,
        "Workers Planned": 1,
        "Workers Launched": 1,
        "Single Copy": false,
        "Plans": [
          {
            "Node Type": "Aggregate",
            "Strategy": "Plain",
            "Partial Mode": "Partial",
            "Parent Relationship": "Outer",
            "Parallel Aware": false,
            "Startup Cost": 633353.97,
            "Total Cost": 633353.98,
            "Plan Rows": 1,
            "Plan Width": 8,
            "Actual Startup Time": 2838.863,
            "Actual Total Time": 2838.869,
            "Actual Rows": 1,
            "Actual Loops": 2,
            "Plans": [
              {
                "Node Type": "Hash Join",
                "Parent Relationship": "Outer",
                "Parallel Aware": true,
                "Join Type": "Inner",
                "Startup Cost": 39668.88,
                "Total Cost": 632927.4,
                "Plan Rows": 170628,
                "Plan Width": 0,
                "Actual Startup Time": 558.815,
                "Actual Total Time": 2828.956,
                "Actual Rows": 198234,
                "Actual Loops": 2,
                "Inner Unique": true,
                "Hash Cond": "(ci.movie_id = t.id)",
                "Plans": [
                  {
                    "Node Type": "Seq Scan",
                    "Parent Relationship": "Outer",
                    "Parallel Aware": true,
                    "Relation Name": "cast_info",
                    "Alias": "ci",
                    "Startup Cost": 0.0,
                    "Total Cost": 572345.93,
                    "Plan Rows": 7966686,
                    "Plan Width": 4,
                    "Actual Startup Time": 493.576,
                    "Actual Total Time": 1744.544,
                    "Actual Rows": 9614833,
                    "Actual Loops": 2,
                    "Filter": "((person_id > 1531608) AND (role_id > 1))",
                    "Rows Removed by Filter": 8507339
                  },
                  {
                    "Node Type": "Hash",
                    "Parent Relationship": "Inner",
                    "Parallel Aware": true,
                    "Startup Cost": 39270.72,
                    "Total Cost": 39270.72,
                    "Plan Rows": 31853,
                    "Plan Width": 4,
                    "Actual Startup Time": 63.872,
                    "Actual Total Time": 63.875,
                    "Actual Rows": 32271,
                    "Actual Loops": 2,
                    "Hash Buckets": 65536,
                    "Original Hash Buckets": 65536,
                    "Hash Batches": 1,
                    "Original Hash Batches": 1,
                    "Peak Memory Usage": 3072,
                    "Plans": [
                      {
                        "Node Type": "Bitmap Heap Scan",
                        "Parent Relationship": "Outer",
                        "Parallel Aware": true,
                        "Relation Name": "title",
                        "Alias": "t",
                        "Startup Cost": 2194.47,
                        "Total Cost": 39270.72,
                        "Plan Rows": 31853,
                        "Plan Width": 4,
                        "Actual Startup Time": 18.197,
                        "Actual Total Time": 56.057,
                        "Actual Rows": 32271,
                        "Actual Loops": 2,
                        "Recheck Cond": "(kind_id = 4)",
                        "Rows Removed by Index Recheck": 0,
                        "Filter": "(production_year > 2004)",
                        "Rows Removed by Filter": 26846,
                        "Exact Heap Blocks": 10054,
                        "Lossy Heap Blocks": 0,
                        "Plans": [
                          {
                            "Node Type": "Bitmap Index Scan",
                            "Parent Relationship": "Outer",
                            "Parallel Aware": false,
                            "Index Name": "kind_id_title",
                            "Startup Cost": 0.0,
                            "Total Cost": 2180.94,
                            "Plan Rows": 122201,
                            "Plan Width": 0,
                            "Actual Startup Time": 16.421,
                            "Actual Total Time": 16.421,
                            "Actual Rows": 118234,
                            "Actual Loops": 1,
                            "Index Cond": "(kind_id = 4)"
                          }
                        ]
                      }
                    ]
                  }
                ]
              }
            ]
          }
        ]
      }
    ]
  },
  "Planning Time": 0.536,
  "Triggers": [],
  "Execution Time": 2911.22
}