{
  "Plan": {
    "Node Type": "Aggregate",
    "Strategy": "Plain",
    "Partial Mode": "Finalize",
    "Parallel Aware": false,
    "Startup Cost": 451712.07,
    "Total Cost": 451712.08,
    "Plan Rows": 1,
    "Plan Width": 8,
    "Actual Startup Time": 896.415,
    "Actual Total Time": 918.552,
    "Actual Rows": 1,
    "Actual Loops": 1,
    "Plans": [
      {
        "Node Type": "Gather",
        "Parent Relationship": "Outer",
        "Parallel Aware": false,
        "Startup Cost": 451711.96,
        "Total Cost": 451712.07,
        "Plan Rows": 1,
        "Plan Width": 8,
        "Actual Startup Time": 895.576,
        "Actual Total Time": 918.546,
        "Actual Rows": 2,
        "Actual Loops": 1,
        "Workers Planned": 1,
        "Workers Launched": 1,
        "Single Copy": false,
        "Plans": [
          {
            "Node Type": "Aggregate",
            "Strategy": "Plain",
            "Partial Mode": "Partial",
            "Parent Relationship": "Outer",
            "Parallel Aware": false,
            "Startup Cost": 450711.96,
            "Total Cost": 450711.97,
            "Plan Rows": 1,
            "Plan Width": 8,
            "Actual Startup Time": 889.558,
            "Actual Total Time": 889.562,
            "Actual Rows": 1,
            "Actual Loops": 2,
            "Plans": [
              {
                "Node Type": "Hash Join",
                "Parent Relationship": "Outer",
                "Parallel Aware": true,
                "Join Type": "Inner",
                "Startup Cost": 157928.56,
                "Total Cost": 450464.65,
                "Plan Rows": 98924,
                "Plan Width": 0,
                "Actual Startup Time": 320.152,
                "Actual Total Time": 883.855,
                "Actual Rows": 117262,
                "Actual Loops": 2,
                "Inner Unique": true,
                "Hash Cond": "(ci.movie_id = t.id)",
                "Plans": [
                  {
                    "Node Type": "Bitmap Heap Scan",
                    "Parent Relationship": "Outer",
                    "Parallel Aware": true,
                    "Relation Name": "cast_info",
                    "Alias": "ci",
                    "Startup Cost": 98924.08,
                    "Total Cost": 384544.2,
                    "Plan Rows": 2634650,
                    "Plan Width": 4,
                    "Actual Startup Time": 152.659,
                    "Actual Total Time": 429.365,
                    "Actual Rows": 2142615,
                    "Actual Loops": 2,
                    "Recheck Cond": "(person_id > 3276163)",
                    "Rows Removed by Index Recheck": 0,
                    "Exact Heap Blocks": 31476,
                    "Lossy Heap Blocks": 0,
                    "Plans": [
                      {
                        "Node Type": "Bitmap Index Scan",
                        "Parent Relationship": "Outer",
                        "Parallel Aware": false,
                        "Index Name": "person_id_cast_info",
                        "Startup Cost": 0.0,
                        "Total Cost": 97804.35,
                        "Plan Rows": 4478905,
                        "Plan Width": 0,
                        "Actual Startup Time": 141.914,
                        "Actual Total Time": 141.915,
                        "Actual Rows": 4285230,
                        "Actual Loops": 1,
                        "Index Cond": "(person_id > 3276163)"
                      }
                    ]
                  },
                  {
                    "Node Type": "Hash",
                    "Parent Relationship": "Inner",
                    "Parallel Aware": true,
                    "Startup Cost": 58306.47,
                    "Total Cost": 58306.47,
                    "Plan Rows": 55841,
                    "Plan Width": 4,
                    "Actual Startup Time": 165.188,
                    "Actual Total Time": 165.19,
                    "Actual Rows": 50296,
                    "Actual Loops": 2,
                    "Hash Buckets": 131072,
                    "Original Hash Buckets": 131072,
                    "Hash Batches": 1,
                    "Original Hash Batches": 1,
                    "Peak Memory Usage": 4992,
                    "Plans": [
                      {
                        "Node Type": "Seq Scan",
                        "Parent Relationship": "Outer",
                        "Parallel Aware": true,
                        "Relation Name": "title",
                        "Alias": "t",
                        "Startup Cost": 0.0,
                        "Total Cost": 58306.47,
                        "Plan Rows": 55841,
                        "Plan Width": 4,
                        "Actual Startup Time": 0.037,
                        "Actual Total Time": 147.992,
                        "Actual Rows": 50296,
                        "Actual Loops": 2,
                        "Filter": "((kind_id > 1) AND (production_year = 2009))",
                        "Rows Removed by Filter": 1213860
                      }
                    ]
                  }
                ]
              }
            ]
          }
        ]
      }
    ]
  },
  "Planning Time": 0.496,
  "Triggers": [],
  "Execution Time": 918.65
}