[
  {
    "Plan": {
      "Node Type": "Aggregate",
      "Strategy": "Plain",
      "Partial Mode": "Finalize",
      "Parallel Aware": false,
      "Startup Cost": 46995.18,
      "Total Cost": 46995.19,
      "Plan Rows": 1,
      "Plan Width": 8,
      "Actual Startup Time": 181.722,
      "Actual Total Time": 195.91,
      "Actual Rows": 1,
      "Actual Loops": 1,
      "Plans": [
        {
          "Node Type": "Gather",
          "Parent Relationship": "Outer",
          "Parallel Aware": false,
          "Startup Cost": 46994.86,
          "Total Cost": 46995.17,
          "Plan Rows": 3,
          "Plan Width": 8,
          "Actual Startup Time": 181.611,
          "Actual Total Time": 195.902,
          "Actual Rows": 4,
          "Actual Loops": 1,
          "Workers Planned": 3,
          "Workers Launched": 3,
          "Single Copy": false,
          "Plans": [
            {
              "Node Type": "Aggregate",
              "Strategy": "Plain",
              "Partial Mode": "Partial",
              "Parent Relationship": "Outer",
              "Parallel Aware": false,
              "Startup Cost": 45994.86,
              "Total Cost": 45994.87,
              "Plan Rows": 1,
              "Plan Width": 8,
              "Actual Startup Time": 173.133,
              "Actual Total Time": 173.134,
              "Actual Rows": 1,
              "Actual Loops": 4,
              "Plans": [
                {
                  "Node Type": "Seq Scan",
                  "Parent Relationship": "Outer",
                  "Parallel Aware": true,
                  "Relation Name": "movie_keyword",
                  "Alias": "mk",
                  "Startup Cost": 0.0,
                  "Total Cost": 42695.65,
                  "Plan Rows": 1319683,
                  "Plan Width": 0,
                  "Actual Startup Time": 0.058,
                  "Actual Total Time": 124.756,
                  "Actual Rows": 1023912,
                  "Actual Loops": 4,
                  "Filter": "(keyword_id < 40884)",
                  "Rows Removed by Filter": 107070
                }
              ]
            }
          ]
        }
      ]
    },
    "Planning Time": 0.095,
    "Triggers": [],
    "Execution Time": 195.938
  }
]