{
  "Plan": {
    "Node Type": "Aggregate",
    "Strategy": "Plain",
    "Partial Mode": "Finalize",
    "Parallel Aware": false,
    "Startup Cost": 110987.91,
    "Total Cost": 110987.92,
    "Plan Rows": 1,
    "Plan Width": 8,
    "Actual Startup Time": 798.787,
    "Actual Total Time": 820.98,
    "Actual Rows": 1,
    "Actual Loops": 1,
    "Plans": [
      {
        "Node Type": "Gather",
        "Parent Relationship": "Outer",
        "Parallel Aware": false,
        "Startup Cost": 110987.8,
        "Total Cost": 110987.91,
        "Plan Rows": 1,
        "Plan Width": 8,
        "Actual Startup Time": 790.085,
        "Actual Total Time": 820.968,
        "Actual Rows": 2,
        "Actual Loops": 1,
        "Workers Planned": 1,
        "Workers Launched": 1,
        "Single Copy": false,
        "Plans": [
          {
            "Node Type": "Aggregate",
            "Strategy": "Plain",
            "Partial Mode": "Partial",
            "Parent Relationship": "Outer",
            "Parallel Aware": false,
            "Startup Cost": 109987.8,
            "Total Cost": 109987.81,
            "Plan Rows": 1,
            "Plan Width": 8,
            "Actual Startup Time": 778.716,
            "Actual Total Time": 778.72,
            "Actual Rows": 1,
            "Actual Loops": 2,
            "Plans": [
              {
                "Node Type": "Hash Join",
                "Parent Relationship": "Outer",
                "Parallel Aware": true,
                "Join Type": "Inner",
                "Startup Cost": 80257.36,
                "Total Cost": 109239.37,
                "Plan Rows": 299372,
                "Plan Width": 0,
                "Actual Startup Time": 622.356,
                "Actual Total Time": 765.672,
                "Actual Rows": 248090,
                "Actual Loops": 2,
                "Inner Unique": true,
                "Hash Cond": "(mk.movie_id = t.id)",
                "Plans": [
                  {
                    "Node Type": "Bitmap Heap Scan",
                    "Parent Relationship": "Outer",
                    "Parallel Aware": true,
                    "Relation Name": "movie_keyword",
                    "Alias": "mk",
                    "Startup Cost": 10796.66,
                    "Total Cost": 38992.82,
                    "Plan Rows": 299372,
                    "Plan Width": 4,
                    "Actual Startup Time": 33.972,
                    "Actual Total Time": 106.096,
                    "Actual Rows": 248090,
                    "Actual Loops": 2,
                    "Recheck Cond": "(keyword_id > 36345)",
                    "Rows Removed by Index Recheck": 0,
                    "Exact Heap Blocks": 15294,
                    "Lossy Heap Blocks": 0,
                    "Plans": [
                      {
                        "Node Type": "Bitmap Index Scan",
                        "Parent Relationship": "Outer",
                        "Parallel Aware": false,
                        "Index Name": "keyword_id_movie_keyword",
                        "Startup Cost": 0.0,
                        "Total Cost": 10669.43,
                        "Plan Rows": 508933,
                        "Plan Width": 0,
                        "Actual Startup Time": 30.547,
                        "Actual Total Time": 30.548,
                        "Actual Rows": 496181,
                        "Actual Loops": 1,
                        "Index Cond": "(keyword_id > 36345)"
                      }
                    ]
                  },
                  {
                    "Node Type": "Hash",
                    "Parent Relationship": "Inner",
                    "Parallel Aware": true,
                    "Startup Cost": 50870.31,
                    "Total Cost": 50870.31,
                    "Plan Rows": 1487231,
                    "Plan Width": 4,
                    "Actual Startup Time": 566.622,
                    "Actual Total Time": 566.623,
                    "Actual Rows": 1264156,
                    "Actual Loops": 2,
                    "Hash Buckets": 4194304,
                    "Original Hash Buckets": 4194304,
                    "Hash Batches": 1,
                    "Original Hash Batches": 1,
                    "Peak Memory Usage": 131712,
                    "Plans": [
                      {
                        "Node Type": "Seq Scan",
                        "Parent Relationship": "Outer",
                        "Parallel Aware": true,
                        "Relation Name": "title",
                        "Alias": "t",
                        "Startup Cost": 0.0,
                        "Total Cost": 50870.31,
                        "Plan Rows": 1487231,
                        "Plan Width": 4,
                        "Actual Startup Time": 0.02,
                        "Actual Total Time": 180.175,
                        "Actual Rows": 1264156,
                        "Actual Loops": 2
                      }
                    ]
                  }
                ]
              }
            ]
          }
        ]
      }
    ]
  },
  "Planning Time": 0.654,
  "Triggers": [],
  "Execution Time": 821.066
}