[
  {
    "Plan": {
      "Node Type": "Aggregate",
      "Strategy": "Plain",
      "Partial Mode": "Finalize",
      "Parallel Aware": false,
      "Startup Cost": 190427.36,
      "Total Cost": 190427.37,
      "Plan Rows": 1,
      "Plan Width": 8,
      "Actual Startup Time": 2949.319,
      "Actual Total Time": 3041.452,
      "Actual Rows": 1,
      "Actual Loops": 1,
      "Plans": [
        {
          "Node Type": "Gather",
          "Parent Relationship": "Outer",
          "Parallel Aware": false,
          "Startup Cost": 190426.94,
          "Total Cost": 190427.35,
          "Plan Rows": 4,
          "Plan Width": 8,
          "Actual Startup Time": 2946.113,
          "Actual Total Time": 3041.442,
          "Actual Rows": 5,
          "Actual Loops": 1,
          "Workers Planned": 4,
          "Workers Launched": 4,
          "Single Copy": false,
          "Plans": [
            {
              "Node Type": "Aggregate",
              "Strategy": "Plain",
              "Partial Mode": "Partial",
              "Parent Relationship": "Outer",
              "Parallel Aware": false,
              "Startup Cost": 189426.94,
              "Total Cost": 189426.95,
              "Plan Rows": 1,
              "Plan Width": 8,
              "Actual Startup Time": 2935.713,
              "Actual Total Time": 2935.757,
              "Actual Rows": 1,
              "Actual Loops": 5,
              "Plans": [
                {
                  "Node Type": "Nested Loop",
                  "Parent Relationship": "Outer",
                  "Parallel Aware": false,
                  "Join Type": "Inner",
                  "Startup Cost": 31447.1,
                  "Total Cost": 189015.53,
                  "Plan Rows": 164567,
                  "Plan Width": 0,
                  "Actual Startup Time": 125.472,
                  "Actual Total Time": 2915.275,
                  "Actual Rows": 395080,
                  "Actual Loops": 5,
                  "Inner Unique": false,
                  "Plans": [
                    {
                      "Node Type": "Hash Join",
                      "Parent Relationship": "Outer",
                      "Parallel Aware": true,
                      "Join Type": "Inner",
                      "Startup Cost": 31446.54,
                      "Total Cost": 77107.89,
                      "Plan Rows": 56502,
                      "Plan Width": 8,
                      "Actual Startup Time": 124.103,
                      "Actual Total Time": 379.371,
                      "Actual Rows": 90513,
                      "Actual Loops": 5,
                      "Inner Unique": false,
                      "Hash Cond": "(t.id = mc.movie_id)",
                      "Plans": [
                        {
                          "Node Type": "Seq Scan",
                          "Parent Relationship": "Outer",
                          "Parallel Aware": true,
                          "Relation Name": "title",
                          "Alias": "t",
                          "Startup Cost": 0.0,
                          "Total Cost": 42318.73,
                          "Plan Rows": 632073,
                          "Plan Width": 4,
                          "Actual Startup Time": 0.012,
                          "Actual Total Time": 63.41,
                          "Actual Rows": 505662,
                          "Actual Loops": 5
                        },
                        {
                          "Node Type": "Hash",
                          "Parent Relationship": "Inner",
                          "Parallel Aware": true,
                          "Startup Cost": 30535.22,
                          "Total Cost": 30535.22,
                          "Plan Rows": 72905,
                          "Plan Width": 4,
                          "Actual Startup Time": 109.439,
                          "Actual Total Time": 109.441,
                          "Actual Rows": 90513,
                          "Actual Loops": 5,
                          "Hash Buckets": 524288,
                          "Original Hash Buckets": 262144,
                          "Hash Batches": 1,
                          "Original Hash Batches": 1,
                          "Peak Memory Usage": 23936,
                          "Plans": [
                            {
                              "Node Type": "Bitmap Heap Scan",
                              "Parent Relationship": "Outer",
                              "Parallel Aware": true,
                              "Relation Name": "movie_companies",
                              "Alias": "mc",
                              "Startup Cost": 9591.38,
                              "Total Cost": 30535.22,
                              "Plan Rows": 72905,
                              "Plan Width": 4,
                              "Actual Startup Time": 37.157,
                              "Actual Total Time": 72.87,
                              "Actual Rows": 90513,
                              "Actual Loops": 5,
                              "Recheck Cond": "(company_id > 77085)",
                              "Rows Removed by Index Recheck": 0,
                              "Filter": "(company_type_id = 2)",
                              "Rows Removed by Filter": 0,
                              "Exact Heap Blocks": 2607,
                              "Lossy Heap Blocks": 0,
                              "Plans": [
                                {
                                  "Node Type": "Bitmap Index Scan",
                                  "Parent Relationship": "Outer",
                                  "Parallel Aware": false,
                                  "Index Name": "company_id_movie_companies",
                                  "Startup Cost": 0.0,
                                  "Total Cost": 9534.88,
                                  "Plan Rows": 445127,
                                  "Plan Width": 0,
                                  "Actual Startup Time": 39.311,
                                  "Actual Total Time": 39.312,
                                  "Actual Rows": 452567,
                                  "Actual Loops": 1,
                                  "Index Cond": "(company_id > 77085)"
                                }
                              ]
                            }
                          ]
                        }
                      ]
                    },
                    {
                      "Node Type": "Index Scan",
                      "Parent Relationship": "Inner",
                      "Parallel Aware": false,
                      "Scan Direction": "Forward",
                      "Index Name": "movie_id_cast_info",
                      "Relation Name": "cast_info",
                      "Alias": "ci",
                      "Startup Cost": 0.56,
                      "Total Cost": 1.91,
                      "Plan Rows": 7,
                      "Plan Width": 4,
                      "Actual Startup Time": 0.014,
                      "Actual Total Time": 0.027,
                      "Actual Rows": 4,
                      "Actual Loops": 452567,
                      "Index Cond": "(movie_id = t.id)",
                      "Rows Removed by Index Recheck": 0,
                      "Filter": "(role_id = 2)",
                      "Rows Removed by Filter": 21
                    }
                  ]
                }
              ]
            }
          ]
        }
      ]
    },
    "Planning Time": 1.549,
    "Triggers": [],
    "Execution Time": 3041.594
  }
]