[
  {
    "Plan": {
      "Node Type": "Aggregate",
      "Strategy": "Plain",
      "Partial Mode": "Finalize",
      "Parallel Aware": false,
      "Startup Cost": 24457.63,
      "Total Cost": 24457.64,
      "Plan Rows": 1,
      "Plan Width": 8,
      "Actual Startup Time": 12.481,
      "Actual Total Time": 14.27,
      "Actual Rows": 1,
      "Actual Loops": 1,
      "Plans": [
        {
          "Node Type": "Gather",
          "Parent Relationship": "Outer",
          "Parallel Aware": false,
          "Startup Cost": 24457.42,
          "Total Cost": 24457.63,
          "Plan Rows": 2,
          "Plan Width": 8,
          "Actual Startup Time": 10.86,
          "Actual Total Time": 14.265,
          "Actual Rows": 3,
          "Actual Loops": 1,
          "Workers Planned": 2,
          "Workers Launched": 2,
          "Single Copy": false,
          "Plans": [
            {
              "Node Type": "Aggregate",
              "Strategy": "Plain",
              "Partial Mode": "Partial",
              "Parent Relationship": "Outer",
              "Parallel Aware": false,
              "Startup Cost": 23457.42,
              "Total Cost": 23457.43,
              "Plan Rows": 1,
              "Plan Width": 8,
              "Actual Startup Time": 4.841,
              "Actual Total Time": 4.843,
              "Actual Rows": 1,
              "Actual Loops": 3,
              "Plans": [
                {
                  "Node Type": "Nested Loop",
                  "Parent Relationship": "Outer",
                  "Parallel Aware": false,
                  "Join Type": "Inner",
                  "Startup Cost": 88.42,
                  "Total Cost": 23456.33,
                  "Plan Rows": 436,
                  "Plan Width": 0,
                  "Actual Startup Time": 1.7,
                  "Actual Total Time": 4.837,
                  "Actual Rows": 3,
                  "Actual Loops": 3,
                  "Inner Unique": true,
                  "Plans": [
                    {
                      "Node Type": "Bitmap Heap Scan",
                      "Parent Relationship": "Outer",
                      "Parallel Aware": true,
                      "Relation Name": "movie_keyword",
                      "Alias": "mk",
                      "Startup Cost": 87.99,
                      "Total Cost": 10726.09,
                      "Plan Rows": 1697,
                      "Plan Width": 4,
                      "Actual Startup Time": 0.436,
                      "Actual Total Time": 0.793,
                      "Actual Rows": 1449,
                      "Actual Loops": 3,
                      "Recheck Cond": "(keyword_id = 18607)",
                      "Rows Removed by Index Recheck": 0,
                      "Exact Heap Blocks": 153,
                      "Lossy Heap Blocks": 0,
                      "Plans": [
                        {
                          "Node Type": "Bitmap Index Scan",
                          "Parent Relationship": "Outer",
                          "Parallel Aware": false,
                          "Index Name": "keyword_id_movie_keyword",
                          "Startup Cost": 0.0,
                          "Total Cost": 86.97,
                          "Plan Rows": 4072,
                          "Plan Width": 0,
                          "Actual Startup Time": 1.119,
                          "Actual Total Time": 1.12,
                          "Actual Rows": 4347,
                          "Actual Loops": 1,
                          "Index Cond": "(keyword_id = 18607)"
                        }
                      ]
                    },
                    {
                      "Node Type": "Index Scan",
                      "Parent Relationship": "Inner",
                      "Parallel Aware": false,
                      "Scan Direction": "Forward",
                      "Index Name": "title_pkey",
                      "Relation Name": "title",
                      "Alias": "t",
                      "Startup Cost": 0.43,
                      "Total Cost": 7.5,
                      "Plan Rows": 1,
                      "Plan Width": 4,
                      "Actual Startup Time": 0.003,
                      "Actual Total Time": 0.003,
                      "Actual Rows": 0,
                      "Actual Loops": 4347,
                      "Index Cond": "(id = mk.movie_id)",
                      "Rows Removed by Index Recheck": 0,
                      "Filter": "((kind_id < 3) AND (production_year > 1964))",
                      "Rows Removed by Filter": 1
                    }
                  ]
                }
              ]
            }
          ]
        }
      ]
    },
    "Planning Time": 0.279,
    "Triggers": [],
    "Execution Time": 14.31
  }
]