{
  "Plan": {
    "Node Type": "Aggregate",
    "Strategy": "Plain",
    "Partial Mode": "Simple",
    "Parallel Aware": false,
    "Startup Cost": 404944.21,
    "Total Cost": 404944.22,
    "Plan Rows": 1,
    "Plan Width": 64,
    "Actual Startup Time": 4050.775,
    "Actual Total Time": 4109.771,
    "Actual Rows": 1,
    "Actual Loops": 1,
    "Plans": [
      {
        "Node Type": "Gather",
        "Parent Relationship": "Outer",
        "Parallel Aware": false,
        "Startup Cost": 404943.99,
        "Total Cost": 404944.2,
        "Plan Rows": 1,
        "Plan Width": 23,
        "Actual Startup Time": 4050.127,
        "Actual Total Time": 4109.673,
        "Actual Rows": 740,
        "Actual Loops": 1,
        "Workers Planned": 1,
        "Workers Launched": 1,
        "Single Copy": false,
        "Plans": [
          {
            "Node Type": "Merge Join",
            "Parent Relationship": "Outer",
            "Parallel Aware": false,
            "Join Type": "Inner",
            "Startup Cost": 403943.99,
            "Total Cost": 403944.1,
            "Plan Rows": 1,
            "Plan Width": 23,
            "Actual Startup Time": 4043.687,
            "Actual Total Time": 4043.765,
            "Actual Rows": 370,
            "Actual Loops": 2,
            "Inner Unique": true,
            "Merge Cond": "(mi_idx.info_type_id = it.id)",
            "Plans": [
              {
                "Node Type": "Sort",
                "Parent Relationship": "Outer",
                "Parallel Aware": false,
                "Startup Cost": 403941.56,
                "Total Cost": 403941.61,
                "Plan Rows": 21,
                "Plan Width": 27,
                "Actual Startup Time": 4043.605,
                "Actual Total Time": 4043.645,
                "Actual Rows": 570,
                "Actual Loops": 2,
                "Sort Key": [
                  "mi_idx.info_type_id"
                ],
                "Sort Method": "quicksort",
                "Sort Space Used": 77,
                "Sort Space Type": "Memory",
                "Workers": [
                  {
                    "Worker Number": 0,
                    "Sort Method": "quicksort",
                    "Sort Space Used": 68,
                    "Sort Space Type": "Memory"
                  }
                ],
                "Plans": [
                  {
                    "Node Type": "Merge Join",
                    "Parent Relationship": "Outer",
                    "Parallel Aware": false,
                    "Join Type": "Inner",
                    "Startup Cost": 240523.3,
                    "Total Cost": 403941.1,
                    "Plan Rows": 21,
                    "Plan Width": 27,
                    "Actual Startup Time": 3308.725,
                    "Actual Total Time": 4043.268,
                    "Actual Rows": 572,
                    "Actual Loops": 2,
                    "Inner Unique": false,
                    "Merge Cond": "(t.id = mi_idx.movie_id)",
                    "Plans": [
                      {
                        "Node Type": "Merge Join",
                        "Parent Relationship": "Outer",
                        "Parallel Aware": false,
                        "Join Type": "Inner",
                        "Startup Cost": 240522.87,
                        "Total Cost": 345569.48,
                        "Plan Rows": 104,
                        "Plan Width": 25,
                        "Actual Startup Time": 3285.596,
                        "Actual Total Time": 3799.319,
                        "Actual Rows": 1118,
                        "Actual Loops": 2,
                        "Inner Unique": false,
                        "Merge Cond": "(t.id = mk.movie_id)",
                        "Plans": [
                          {
                            "Node Type": "Index Scan",
                            "Parent Relationship": "Outer",
                            "Parallel Aware": true,
                            "Scan Direction": "Forward",
                            "Index Name": "title_pkey",
                            "Relation Name": "title",
                            "Alias": "t",
                            "Startup Cost": 0.43,
                            "Total Cost": 103665.95,
                            "Plan Rows": 601305,
                            "Plan Width": 21,
                            "Actual Startup Time": 0.459,
                            "Actual Total Time": 595.39,
                            "Actual Rows": 506316,
                            "Actual Loops": 2,
                            "Filter": "(production_year > 2005)",
                            "Rows Removed by Filter": 756606
                          },
                          {
                            "Node Type": "Sort",
                            "Parent Relationship": "Inner",
                            "Parallel Aware": false,
                            "Startup Cost": 240510.55,
                            "Total Cost": 240511.64,
                            "Plan Rows": 438,
                            "Plan Width": 4,
                            "Actual Startup Time": 3177.342,
                            "Actual Total Time": 3178.438,
                            "Actual Rows": 12951,
                            "Actual Loops": 2,
                            "Sort Key": [
                              "mk.movie_id"
                            ],
                            "Sort Method": "quicksort",
                            "Sort Space Used": 992,
                            "Sort Space Type": "Memory",
                            "Workers": [
                              {
                                "Worker Number": 0,
                                "Sort Method": "quicksort",
                                "Sort Space Used": 992,
                                "Sort Space Type": "Memory"
                              }
                            ],
                            "Plans": [
                              {
                                "Node Type": "Merge Join",
                                "Parent Relationship": "Outer",
                                "Parallel Aware": false,
                                "Join Type": "Inner",
                                "Startup Cost": 3468.57,
                                "Total Cost": 240491.33,
                                "Plan Rows": 438,
                                "Plan Width": 4,
                                "Actual Startup Time": 339.555,
                                "Actual Total Time": 3174.999,
                                "Actual Rows": 12951,
                                "Actual Loops": 2,
                                "Inner Unique": true,
                                "Merge Cond": "(mk.keyword_id = k.id)",
                                "Plans": [
                                  {
                                    "Node Type": "Index Scan",
                                    "Parent Relationship": "Outer",
                                    "Parallel Aware": false,
                                    "Scan Direction": "Forward",
                                    "Index Name": "keyword_id_movie_keyword",
                                    "Relation Name": "movie_keyword",
                                    "Alias": "mk",
                                    "Startup Cost": 0.43,
                                    "Total Cost": 226550.7,
                                    "Plan Rows": 4523930,
                                    "Plan Width": 8,
                                    "Actual Startup Time": 0.095,
                                    "Actual Total Time": 2859.489,
                                    "Actual Rows": 4518173,
                                    "Actual Loops": 2
                                  },
                                  {
                                    "Node Type": "Sort",
                                    "Parent Relationship": "Inner",
                                    "Parallel Aware": false,
                                    "Startup Cost": 2626.37,
                                    "Total Cost": 2626.4,
                                    "Plan Rows": 13,
                                    "Plan Width": 4,
                                    "Actual Startup Time": 33.936,
                                    "Actual Total Time": 33.948,
                                    "Actual Rows": 30,
                                    "Actual Loops": 2,
                                    "Sort Key": [
                                      "k.id"
                                    ],
                                    "Sort Method": "quicksort",
                                    "Sort Space Used": 26,
                                    "Sort Space Type": "Memory",
                                    "Workers": [
                                      {
                                        "Worker Number": 0,
                                        "Sort Method": "quicksort",
                                        "Sort Space Used": 26,
                                        "Sort Space Type": "Memory"
                                      }
                                    ],
                                    "Plans": [
                                      {
                                        "Node Type": "Seq Scan",
                                        "Parent Relationship": "Outer",
                                        "Parallel Aware": false,
                                        "Relation Name": "keyword",
                                        "Alias": "k",
                                        "Startup Cost": 0.0,
                                        "Total Cost": 2626.12,
                                        "Plan Rows": 13,
                                        "Plan Width": 4,
                                        "Actual Startup Time": 3.36,
                                        "Actual Total Time": 33.894,
                                        "Actual Rows": 30,
                                        "Actual Loops": 2,
                                        "Filter": "(keyword ~~ '%sequel%'::text)",
                                        "Rows Removed by Filter": 134140
                                      }
                                    ]
                                  }
                                ]
                              }
                            ]
                          }
                        ]
                      },
                      {
                        "Node Type": "Index Scan",
                        "Parent Relationship": "Inner",
                        "Parallel Aware": false,
                        "Scan Direction": "Forward",
                        "Index Name": "movie_id_movie_info_idx",
                        "Relation Name": "movie_info_idx",
                        "Alias": "mi_idx",
                        "Startup Cost": 0.43,
                        "Total Cost": 57072.82,
                        "Plan Rows": 519329,
                        "Plan Width": 14,
                        "Actual Startup Time": 0.03,
                        "Actual Total Time": 218.859,
                        "Actual Rows": 517788,
                        "Actual Loops": 2,
                        "Filter": "(info > '5.0'::text)",
                        "Rows Removed by Filter": 862569
                      }
                    ]
                  }
                ]
              },
              {
                "Node Type": "Sort",
                "Parent Relationship": "Inner",
                "Parallel Aware": false,
                "Startup Cost": 2.42,
                "Total Cost": 2.43,
                "Plan Rows": 1,
                "Plan Width": 4,
                "Actual Startup Time": 0.043,
                "Actual Total Time": 0.043,
                "Actual Rows": 1,
                "Actual Loops": 2,
                "Sort Key": [
                  "it.id"
                ],
                "Sort Method": "quicksort",
                "Sort Space Used": 25,
                "Sort Space Type": "Memory",
                "Workers": [
                  {
                    "Worker Number": 0,
                    "Sort Method": "quicksort",
                    "Sort Space Used": 25,
                    "Sort Space Type": "Memory"
                  }
                ],
                "Plans": [
                  {
                    "Node Type": "Seq Scan",
                    "Parent Relationship": "Outer",
                    "Parallel Aware": false,
                    "Relation Name": "info_type",
                    "Alias": "it",
                    "Startup Cost": 0.0,
                    "Total Cost": 2.41,
                    "Plan Rows": 1,
                    "Plan Width": 4,
                    "Actual Startup Time": 0.032,
                    "Actual Total Time": 0.034,
                    "Actual Rows": 1,
                    "Actual Loops": 2,
                    "Filter": "((info)::text = 'rating'::text)",
                    "Rows Removed by Filter": 112
                  }
                ]
              }
            ]
          }
        ]
      }
    ]
  },
  "Planning Time": 1.648,
  "Triggers": [],
  "Execution Time": 4109.921
}