[
  {
    "Plan": {
      "Node Type": "Aggregate",
      "Strategy": "Plain",
      "Partial Mode": "Finalize",
      "Parallel Aware": false,
      "Startup Cost": 131617.77,
      "Total Cost": 131617.78,
      "Plan Rows": 1,
      "Plan Width": 8,
      "Actual Startup Time": 405.788,
      "Actual Total Time": 446.08,
      "Actual Rows": 1,
      "Actual Loops": 1,
      "Plans": [
        {
          "Node Type": "Gather",
          "Parent Relationship": "Outer",
          "Parallel Aware": false,
          "Startup Cost": 131617.35,
          "Total Cost": 131617.76,
          "Plan Rows": 4,
          "Plan Width": 8,
          "Actual Startup Time": 404.822,
          "Actual Total Time": 446.072,
          "Actual Rows": 5,
          "Actual Loops": 1,
          "Workers Planned": 4,
          "Workers Launched": 4,
          "Single Copy": false,
          "Plans": [
            {
              "Node Type": "Aggregate",
              "Strategy": "Plain",
              "Partial Mode": "Partial",
              "Parent Relationship": "Outer",
              "Parallel Aware": false,
              "Startup Cost": 130617.35,
              "Total Cost": 130617.36,
              "Plan Rows": 1,
              "Plan Width": 8,
              "Actual Startup Time": 394.286,
              "Actual Total Time": 394.29,
              "Actual Rows": 1,
              "Actual Loops": 5,
              "Plans": [
                {
                  "Node Type": "Nested Loop",
                  "Parent Relationship": "Outer",
                  "Parallel Aware": false,
                  "Join Type": "Inner",
                  "Startup Cost": 25628.43,
                  "Total Cost": 130171.19,
                  "Plan Rows": 178462,
                  "Plan Width": 0,
                  "Actual Startup Time": 73.388,
                  "Actual Total Time": 387.125,
                  "Actual Rows": 117440,
                  "Actual Loops": 5,
                  "Inner Unique": false,
                  "Plans": [
                    {
                      "Node Type": "Hash Join",
                      "Parent Relationship": "Outer",
                      "Parallel Aware": true,
                      "Join Type": "Inner",
                      "Startup Cost": 25627.99,
                      "Total Cost": 71205.54,
                      "Plan Rows": 30520,
                      "Plan Width": 8,
                      "Actual Startup Time": 73.313,
                      "Actual Total Time": 201.758,
                      "Actual Rows": 10974,
                      "Actual Loops": 5,
                      "Inner Unique": false,
                      "Hash Cond": "(t.id = mc.movie_id)",
                      "Plans": [
                        {
                          "Node Type": "Seq Scan",
                          "Parent Relationship": "Outer",
                          "Parallel Aware": true,
                          "Relation Name": "title",
                          "Alias": "t",
                          "Startup Cost": 0.0,
                          "Total Cost": 42318.73,
                          "Plan Rows": 632073,
                          "Plan Width": 4,
                          "Actual Startup Time": 0.01,
                          "Actual Total Time": 63.075,
                          "Actual Rows": 505662,
                          "Actual Loops": 5
                        },
                        {
                          "Node Type": "Hash",
                          "Parent Relationship": "Inner",
                          "Parallel Aware": true,
                          "Startup Cost": 25135.73,
                          "Total Cost": 25135.73,
                          "Plan Rows": 39381,
                          "Plan Width": 4,
                          "Actual Startup Time": 71.772,
                          "Actual Total Time": 71.774,
                          "Actual Rows": 10974,
                          "Actual Loops": 5,
                          "Hash Buckets": 131072,
                          "Original Hash Buckets": 131072,
                          "Hash Batches": 1,
                          "Original Hash Batches": 1,
                          "Peak Memory Usage": 3264,
                          "Plans": [
                            {
                              "Node Type": "Bitmap Heap Scan",
                              "Parent Relationship": "Outer",
                              "Parallel Aware": true,
                              "Relation Name": "movie_companies",
                              "Alias": "mc",
                              "Startup Cost": 5182.29,
                              "Total Cost": 25135.73,
                              "Plan Rows": 39381,
                              "Plan Width": 4,
                              "Actual Startup Time": 57.237,
                              "Actual Total Time": 68.201,
                              "Actual Rows": 10974,
                              "Actual Loops": 5,
                              "Recheck Cond": "(company_id < 94)",
                              "Rows Removed by Index Recheck": 0,
                              "Filter": "(company_type_id > 1)",
                              "Rows Removed by Filter": 36773,
                              "Exact Heap Blocks": 9155,
                              "Lossy Heap Blocks": 0,
                              "Plans": [
                                {
                                  "Node Type": "Bitmap Index Scan",
                                  "Parent Relationship": "Outer",
                                  "Parallel Aware": false,
                                  "Index Name": "company_id_movie_companies",
                                  "Startup Cost": 0.0,
                                  "Total Cost": 5151.77,
                                  "Plan Rows": 240445,
                                  "Plan Width": 0,
                                  "Actual Startup Time": 25.175,
                                  "Actual Total Time": 25.176,
                                  "Actual Rows": 238732,
                                  "Actual Loops": 1,
                                  "Index Cond": "(company_id < 94)"
                                }
                              ]
                            }
                          ]
                        }
                      ]
                    },
                    {
                      "Node Type": "Index Only Scan",
                      "Parent Relationship": "Inner",
                      "Parallel Aware": false,
                      "Scan Direction": "Forward",
                      "Index Name": "movie_id_movie_info",
                      "Relation Name": "movie_info",
                      "Alias": "mi",
                      "Startup Cost": 0.43,
                      "Total Cost": 1.51,
                      "Plan Rows": 42,
                      "Plan Width": 4,
                      "Actual Startup Time": 0.006,
                      "Actual Total Time": 0.016,
                      "Actual Rows": 11,
                      "Actual Loops": 54868,
                      "Index Cond": "(movie_id = t.id)",
                      "Rows Removed by Index Recheck": 0,
                      "Heap Fetches": 587199
                    }
                  ]
                }
              ]
            }
          ]
        }
      ]
    },
    "Planning Time": 1.482,
    "Triggers": [],
    "Execution Time": 446.197
  }
]