{
  "Plan": {
    "Node Type": "Aggregate",
    "Strategy": "Plain",
    "Partial Mode": "Finalize",
    "Parallel Aware": false,
    "Startup Cost": 87533.58,
    "Total Cost": 87533.59,
    "Plan Rows": 1,
    "Plan Width": 8,
    "Actual Startup Time": 618.039,
    "Actual Total Time": 637.305,
    "Actual Rows": 1,
    "Actual Loops": 1,
    "Plans": [
      {
        "Node Type": "Gather",
        "Parent Relationship": "Outer",
        "Parallel Aware": false,
        "Startup Cost": 87533.47,
        "Total Cost": 87533.58,
        "Plan Rows": 1,
        "Plan Width": 8,
        "Actual Startup Time": 614.954,
        "Actual Total Time": 637.299,
        "Actual Rows": 2,
        "Actual Loops": 1,
        "Workers Planned": 1,
        "Workers Launched": 1,
        "Single Copy": false,
        "Plans": [
          {
            "Node Type": "Aggregate",
            "Strategy": "Plain",
            "Partial Mode": "Partial",
            "Parent Relationship": "Outer",
            "Parallel Aware": false,
            "Startup Cost": 86533.47,
            "Total Cost": 86533.48,
            "Plan Rows": 1,
            "Plan Width": 8,
            "Actual Startup Time": 601.61,
            "Actual Total Time": 601.614,
            "Actual Rows": 1,
            "Actual Loops": 2,
            "Plans": [
              {
                "Node Type": "Nested Loop",
                "Parent Relationship": "Outer",
                "Parallel Aware": false,
                "Join Type": "Inner",
                "Startup Cost": 69543.94,
                "Total Cost": 86526.74,
                "Plan Rows": 2692,
                "Plan Width": 0,
                "Actual Startup Time": 577.806,
                "Actual Total Time": 600.779,
                "Actual Rows": 17738,
                "Actual Loops": 2,
                "Inner Unique": false,
                "Plans": [
                  {
                    "Node Type": "Hash Join",
                    "Parent Relationship": "Outer",
                    "Parallel Aware": true,
                    "Join Type": "Inner",
                    "Startup Cost": 69543.51,
                    "Total Cost": 84929.27,
                    "Plan Rows": 2609,
                    "Plan Width": 8,
                    "Actual Startup Time": 577.735,
                    "Actual Total Time": 583.16,
                    "Actual Rows": 2170,
                    "Actual Loops": 2,
                    "Inner Unique": true,
                    "Hash Cond": "(mi.movie_id = t.id)",
                    "Plans": [
                      {
                        "Node Type": "Bitmap Heap Scan",
                        "Parent Relationship": "Outer",
                        "Parallel Aware": true,
                        "Relation Name": "movie_info",
                        "Alias": "mi",
                        "Startup Cost": 82.81,
                        "Total Cost": 15461.73,
                        "Plan Rows": 2609,
                        "Plan Width": 4,
                        "Actual Startup Time": 0.656,
                        "Actual Total Time": 3.368,
                        "Actual Rows": 2170,
                        "Actual Loops": 2,
                        "Recheck Cond": "(info_type_id = 35)",
                        "Rows Removed by Index Recheck": 0,
                        "Exact Heap Blocks": 1035,
                        "Lossy Heap Blocks": 0,
                        "Plans": [
                          {
                            "Node Type": "Bitmap Index Scan",
                            "Parent Relationship": "Outer",
                            "Parallel Aware": false,
                            "Index Name": "info_type_id_movie_info",
                            "Startup Cost": 0.0,
                            "Total Cost": 81.7,
                            "Plan Rows": 4435,
                            "Plan Width": 0,
                            "Actual Startup Time": 0.394,
                            "Actual Total Time": 0.395,
                            "Actual Rows": 4339,
                            "Actual Loops": 1,
                            "Index Cond": "(info_type_id = 35)"
                          }
                        ]
                      },
                      {
                        "Node Type": "Hash",
                        "Parent Relationship": "Inner",
                        "Parallel Aware": true,
                        "Startup Cost": 50870.31,
                        "Total Cost": 50870.31,
                        "Plan Rows": 1487231,
                        "Plan Width": 4,
                        "Actual Startup Time": 555.067,
                        "Actual Total Time": 555.068,
                        "Actual Rows": 1264156,
                        "Actual Loops": 2,
                        "Hash Buckets": 4194304,
                        "Original Hash Buckets": 4194304,
                        "Hash Batches": 1,
                        "Original Hash Batches": 1,
                        "Peak Memory Usage": 131712,
                        "Plans": [
                          {
                            "Node Type": "Seq Scan",
                            "Parent Relationship": "Outer",
                            "Parallel Aware": true,
                            "Relation Name": "title",
                            "Alias": "t",
                            "Startup Cost": 0.0,
                            "Total Cost": 50870.31,
                            "Plan Rows": 1487231,
                            "Plan Width": 4,
                            "Actual Startup Time": 0.03,
                            "Actual Total Time": 156.684,
                            "Actual Rows": 1264156,
                            "Actual Loops": 2
                          }
                        ]
                      }
                    ]
                  },
                  {
                    "Node Type": "Index Only Scan",
                    "Parent Relationship": "Inner",
                    "Parallel Aware": false,
                    "Scan Direction": "Forward",
                    "Index Name": "movie_id_movie_companies",
                    "Relation Name": "movie_companies",
                    "Alias": "mc",
                    "Startup Cost": 0.43,
                    "Total Cost": 0.56,
                    "Plan Rows": 5,
                    "Plan Width": 4,
                    "Actual Startup Time": 0.005,
                    "Actual Total Time": 0.007,
                    "Actual Rows": 8,
                    "Actual Loops": 4339,
                    "Index Cond": "(movie_id = t.id)",
                    "Rows Removed by Index Recheck": 0,
                    "Heap Fetches": 35477
                  }
                ]
              }
            ]
          }
        ]
      }
    ]
  },
  "Planning Time": 1.018,
  "Triggers": [],
  "Execution Time": 637.431
}