{
  "Plan": {
    "Node Type": "Aggregate",
    "Strategy": "Plain",
    "Partial Mode": "Finalize",
    "Parallel Aware": false,
    "Startup Cost": 127322.05,
    "Total Cost": 127322.06,
    "Plan Rows": 1,
    "Plan Width": 96,
    "Actual Startup Time": 1210.119,
    "Actual Total Time": 1210.235,
    "Actual Rows": 1,
    "Actual Loops": 1,
    "Plans": [
      {
        "Node Type": "Gather",
        "Parent Relationship": "Outer",
        "Parallel Aware": false,
        "Startup Cost": 127321.94,
        "Total Cost": 127322.05,
        "Plan Rows": 1,
        "Plan Width": 96,
        "Actual Startup Time": 1210.11,
        "Actual Total Time": 1210.226,
        "Actual Rows": 1,
        "Actual Loops": 1,
        "Workers Planned": 1,
        "Workers Launched": 0,
        "Single Copy": false,
        "Plans": [
          {
            "Node Type": "Aggregate",
            "Strategy": "Plain",
            "Partial Mode": "Partial",
            "Parent Relationship": "Outer",
            "Parallel Aware": false,
            "Startup Cost": 126321.94,
            "Total Cost": 126321.95,
            "Plan Rows": 1,
            "Plan Width": 96,
            "Actual Startup Time": 1209.28,
            "Actual Total Time": 1209.288,
            "Actual Rows": 1,
            "Actual Loops": 1,
            "Plans": [
              {
                "Node Type": "Hash Join",
                "Parent Relationship": "Outer",
                "Parallel Aware": false,
                "Join Type": "Inner",
                "Startup Cost": 12483.19,
                "Total Cost": 126320.29,
                "Plan Rows": 219,
                "Plan Width": 48,
                "Actual Startup Time": 359.38,
                "Actual Total Time": 1195.617,
                "Actual Rows": 115316,
                "Actual Loops": 1,
                "Inner Unique": false,
                "Hash Cond": "(n.id = ci.person_id)",
                "Plans": [
                  {
                    "Node Type": "Seq Scan",
                    "Parent Relationship": "Outer",
                    "Parallel Aware": true,
                    "Relation Name": "name",
                    "Alias": "n",
                    "Startup Cost": 0.0,
                    "Total Cost": 80127.49,
                    "Plan Rows": 2451449,
                    "Plan Width": 19,
                    "Actual Startup Time": 0.014,
                    "Actual Total Time": 359.411,
                    "Actual Rows": 4167491,
                    "Actual Loops": 1
                  },
                  {
                    "Node Type": "Hash",
                    "Parent Relationship": "Inner",
                    "Parallel Aware": false,
                    "Startup Cost": 12478.52,
                    "Total Cost": 12478.52,
                    "Plan Rows": 373,
                    "Plan Width": 37,
                    "Actual Startup Time": 359.316,
                    "Actual Total Time": 359.321,
                    "Actual Rows": 115316,
                    "Actual Loops": 1,
                    "Hash Buckets": 131072,
                    "Original Hash Buckets": 1024,
                    "Hash Batches": 1,
                    "Original Hash Batches": 1,
                    "Peak Memory Usage": 8348,
                    "Plans": [
                      {
                        "Node Type": "Nested Loop",
                        "Parent Relationship": "Outer",
                        "Parallel Aware": false,
                        "Join Type": "Inner",
                        "Startup Cost": 11.78,
                        "Total Cost": 12478.52,
                        "Plan Rows": 373,
                        "Plan Width": 37,
                        "Actual Startup Time": 2.174,
                        "Actual Total Time": 336.791,
                        "Actual Rows": 115316,
                        "Actual Loops": 1,
                        "Inner Unique": false,
                        "Join Filter": "(t.id = ci.movie_id)",
                        "Rows Removed by Join Filter": 0,
                        "Plans": [
                          {
                            "Node Type": "Nested Loop",
                            "Parent Relationship": "Outer",
                            "Parallel Aware": false,
                            "Join Type": "Inner",
                            "Startup Cost": 11.22,
                            "Total Cost": 12427.73,
                            "Plan Rows": 26,
                            "Plan Width": 41,
                            "Actual Startup Time": 2.146,
                            "Actual Total Time": 176.075,
                            "Actual Rows": 4461,
                            "Actual Loops": 1,
                            "Inner Unique": true,
                            "Plans": [
                              {
                                "Node Type": "Nested Loop",
                                "Parent Relationship": "Outer",
                                "Parallel Aware": false,
                                "Join Type": "Inner",
                                "Startup Cost": 10.79,
                                "Total Cost": 12295.49,
                                "Plan Rows": 270,
                                "Plan Width": 20,
                                "Actual Startup Time": 1.518,
                                "Actual Total Time": 67.661,
                                "Actual Rows": 35548,
                                "Actual Loops": 1,
                                "Inner Unique": false,
                                "Plans": [
                                  {
                                    "Node Type": "Seq Scan",
                                    "Parent Relationship": "Outer",
                                    "Parallel Aware": false,
                                    "Relation Name": "keyword",
                                    "Alias": "k",
                                    "Startup Cost": 0.0,
                                    "Total Cost": 3632.4,
                                    "Plan Rows": 8,
                                    "Plan Width": 20,
                                    "Actual Startup Time": 0.285,
                                    "Actual Total Time": 22.126,
                                    "Actual Rows": 8,
                                    "Actual Loops": 1,
                                    "Filter": "(keyword = ANY ('{superhero,sequel,second-part,marvel-comics,based-on-comic,tv-special,fight,violence}'::text[]))",
                                    "Rows Removed by Filter": 134162
                                  },
                                  {
                                    "Node Type": "Bitmap Heap Scan",
                                    "Parent Relationship": "Inner",
                                    "Parallel Aware": false,
                                    "Relation Name": "movie_keyword",
                                    "Alias": "mk",
                                    "Startup Cost": 10.79,
                                    "Total Cost": 1079.85,
                                    "Plan Rows": 304,
                                    "Plan Width": 8,
                                    "Actual Startup Time": 0.793,
                                    "Actual Total Time": 5.266,
                                    "Actual Rows": 4444,
                                    "Actual Loops": 8,
                                    "Recheck Cond": "(keyword_id = k.id)",
                                    "Rows Removed by Index Recheck": 0,
                                    "Exact Heap Blocks": 23488,
                                    "Lossy Heap Blocks": 0,
                                    "Plans": [
                                      {
                                        "Node Type": "Bitmap Index Scan",
                                        "Parent Relationship": "Outer",
                                        "Parallel Aware": false,
                                        "Index Name": "keyword_id_movie_keyword",
                                        "Startup Cost": 0.0,
                                        "Total Cost": 10.71,
                                        "Plan Rows": 304,
                                        "Plan Width": 0,
                                        "Actual Startup Time": 0.43,
                                        "Actual Total Time": 0.43,
                                        "Actual Rows": 4444,
                                        "Actual Loops": 8,
                                        "Index Cond": "(keyword_id = k.id)"
                                      }
                                    ]
                                  }
                                ]
                              },
                              {
                                "Node Type": "Index Scan",
                                "Parent Relationship": "Inner",
                                "Parallel Aware": false,
                                "Scan Direction": "Forward",
                                "Index Name": "title_pkey",
                                "Relation Name": "title",
                                "Alias": "t",
                                "Startup Cost": 0.43,
                                "Total Cost": 0.49,
                                "Plan Rows": 1,
                                "Plan Width": 21,
                                "Actual Startup Time": 0.003,
                                "Actual Total Time": 0.003,
                                "Actual Rows": 0,
                                "Actual Loops": 35548,
                                "Index Cond": "(id = mk.movie_id)",
                                "Rows Removed by Index Recheck": 0,
                                "Filter": "(production_year < 1960)",
                                "Rows Removed by Filter": 1
                              }
                            ]
                          },
                          {
                            "Node Type": "Index Scan",
                            "Parent Relationship": "Inner",
                            "Parallel Aware": false,
                            "Scan Direction": "Forward",
                            "Index Name": "movie_id_cast_info",
                            "Relation Name": "cast_info",
                            "Alias": "ci",
                            "Startup Cost": 0.56,
                            "Total Cost": 1.52,
                            "Plan Rows": 35,
                            "Plan Width": 8,
                            "Actual Startup Time": 0.005,
                            "Actual Total Time": 0.03,
                            "Actual Rows": 26,
                            "Actual Loops": 4461,
                            "Index Cond": "(movie_id = mk.movie_id)",
                            "Rows Removed by Index Recheck": 0
                          }
                        ]
                      }
                    ]
                  }
                ]
              }
            ]
          }
        ]
      }
    ]
  },
  "Planning Time": 1.831,
  "Triggers": [],
  "Execution Time": 1210.427
}