[
  {
    "Plan": {
      "Node Type": "Aggregate",
      "Strategy": "Plain",
      "Partial Mode": "Finalize",
      "Parallel Aware": false,
      "Startup Cost": 92039.59,
      "Total Cost": 92039.6,
      "Plan Rows": 1,
      "Plan Width": 8,
      "Actual Startup Time": 287.359,
      "Actual Total Time": 305.971,
      "Actual Rows": 1,
      "Actual Loops": 1,
      "Plans": [
        {
          "Node Type": "Gather",
          "Parent Relationship": "Outer",
          "Parallel Aware": false,
          "Startup Cost": 92039.28,
          "Total Cost": 92039.59,
          "Plan Rows": 3,
          "Plan Width": 8,
          "Actual Startup Time": 286.208,
          "Actual Total Time": 305.964,
          "Actual Rows": 4,
          "Actual Loops": 1,
          "Workers Planned": 3,
          "Workers Launched": 3,
          "Single Copy": false,
          "Plans": [
            {
              "Node Type": "Aggregate",
              "Strategy": "Plain",
              "Partial Mode": "Partial",
              "Parent Relationship": "Outer",
              "Parallel Aware": false,
              "Startup Cost": 91039.28,
              "Total Cost": 91039.29,
              "Plan Rows": 1,
              "Plan Width": 8,
              "Actual Startup Time": 277.537,
              "Actual Total Time": 277.54,
              "Actual Rows": 1,
              "Actual Loops": 4,
              "Plans": [
                {
                  "Node Type": "Hash Join",
                  "Parent Relationship": "Outer",
                  "Parallel Aware": true,
                  "Join Type": "Inner",
                  "Startup Cost": 46766.61,
                  "Total Cost": 90827.41,
                  "Plan Rows": 84747,
                  "Plan Width": 0,
                  "Actual Startup Time": 130.084,
                  "Actual Total Time": 276.841,
                  "Actual Rows": 14782,
                  "Actual Loops": 4,
                  "Inner Unique": true,
                  "Hash Cond": "(mk.movie_id = t.id)",
                  "Plans": [
                    {
                      "Node Type": "Seq Scan",
                      "Parent Relationship": "Outer",
                      "Parallel Aware": true,
                      "Relation Name": "movie_keyword",
                      "Alias": "mk",
                      "Startup Cost": 0.0,
                      "Total Cost": 42695.65,
                      "Plan Rows": 520055,
                      "Plan Width": 4,
                      "Actual Startup Time": 0.611,
                      "Actual Total Time": 104.624,
                      "Actual Rows": 404297,
                      "Actual Loops": 4,
                      "Filter": "(keyword_id > 9328)",
                      "Rows Removed by Filter": 726686
                    },
                    {
                      "Node Type": "Hash",
                      "Parent Relationship": "Inner",
                      "Parallel Aware": true,
                      "Startup Cost": 45479.1,
                      "Total Cost": 45479.1,
                      "Plan Rows": 103001,
                      "Plan Width": 4,
                      "Actual Startup Time": 125.998,
                      "Actual Total Time": 125.999,
                      "Actual Rows": 75384,
                      "Actual Loops": 4,
                      "Hash Buckets": 524288,
                      "Original Hash Buckets": 524288,
                      "Hash Batches": 1,
                      "Original Hash Batches": 1,
                      "Peak Memory Usage": 15968,
                      "Plans": [
                        {
                          "Node Type": "Seq Scan",
                          "Parent Relationship": "Outer",
                          "Parallel Aware": true,
                          "Relation Name": "title",
                          "Alias": "t",
                          "Startup Cost": 0.0,
                          "Total Cost": 45479.1,
                          "Plan Rows": 103001,
                          "Plan Width": 4,
                          "Actual Startup Time": 0.041,
                          "Actual Total Time": 98.721,
                          "Actual Rows": 75384,
                          "Actual Loops": 4,
                          "Filter": "((production_year < 1990) AND (kind_id = 7))",
                          "Rows Removed by Filter": 556694
                        }
                      ]
                    }
                  ]
                }
              ]
            }
          ]
        }
      ]
    },
    "Planning Time": 0.637,
    "Triggers": [],
    "Execution Time": 306.041
  }
]