[
  {
    "Plan": {
      "Node Type": "Aggregate",
      "Strategy": "Plain",
      "Partial Mode": "Finalize",
      "Parallel Aware": false,
      "Startup Cost": 351668.3,
      "Total Cost": 351668.31,
      "Plan Rows": 1,
      "Plan Width": 8,
      "Actual Startup Time": 819.38,
      "Actual Total Time": 866.71,
      "Actual Rows": 1,
      "Actual Loops": 1,
      "Plans": [
        {
          "Node Type": "Gather",
          "Parent Relationship": "Outer",
          "Parallel Aware": false,
          "Startup Cost": 351667.68,
          "Total Cost": 351668.29,
          "Plan Rows": 6,
          "Plan Width": 8,
          "Actual Startup Time": 819.155,
          "Actual Total Time": 866.699,
          "Actual Rows": 7,
          "Actual Loops": 1,
          "Workers Planned": 6,
          "Workers Launched": 6,
          "Single Copy": false,
          "Plans": [
            {
              "Node Type": "Aggregate",
              "Strategy": "Plain",
              "Partial Mode": "Partial",
              "Parent Relationship": "Outer",
              "Parallel Aware": false,
              "Startup Cost": 350667.68,
              "Total Cost": 350667.69,
              "Plan Rows": 1,
              "Plan Width": 8,
              "Actual Startup Time": 810.844,
              "Actual Total Time": 810.847,
              "Actual Rows": 1,
              "Actual Loops": 7,
              "Plans": [
                {
                  "Node Type": "Seq Scan",
                  "Parent Relationship": "Outer",
                  "Parallel Aware": true,
                  "Relation Name": "cast_info",
                  "Alias": "ci",
                  "Startup Cost": 0.0,
                  "Total Cost": 343316.27,
                  "Plan Rows": 2940563,
                  "Plan Width": 0,
                  "Actual Startup Time": 196.379,
                  "Actual Total Time": 694.587,
                  "Actual Rows": 2277030,
                  "Actual Loops": 7,
                  "Filter": "((person_id > 1521944) AND (role_id < 9))",
                  "Rows Removed by Filter": 2900734
                }
              ]
            }
          ]
        }
      ]
    },
    "Planning Time": 0.081,
    "Triggers": [],
    "Execution Time": 866.746
  }
]