[
  {
    "Plan": {
      "Node Type": "Aggregate",
      "Strategy": "Plain",
      "Partial Mode": "Finalize",
      "Parallel Aware": false,
      "Startup Cost": 382381.7,
      "Total Cost": 382381.71,
      "Plan Rows": 1,
      "Plan Width": 8,
      "Actual Startup Time": 1043.549,
      "Actual Total Time": 1113.691,
      "Actual Rows": 1,
      "Actual Loops": 1,
      "Plans": [
        {
          "Node Type": "Gather",
          "Parent Relationship": "Outer",
          "Parallel Aware": false,
          "Startup Cost": 382381.08,
          "Total Cost": 382381.69,
          "Plan Rows": 6,
          "Plan Width": 8,
          "Actual Startup Time": 1042.527,
          "Actual Total Time": 1113.678,
          "Actual Rows": 7,
          "Actual Loops": 1,
          "Workers Planned": 6,
          "Workers Launched": 6,
          "Single Copy": false,
          "Plans": [
            {
              "Node Type": "Aggregate",
              "Strategy": "Plain",
              "Partial Mode": "Partial",
              "Parent Relationship": "Outer",
              "Parallel Aware": false,
              "Startup Cost": 381381.08,
              "Total Cost": 381381.09,
              "Plan Rows": 1,
              "Plan Width": 8,
              "Actual Startup Time": 1032.593,
              "Actual Total Time": 1032.596,
              "Actual Rows": 1,
              "Actual Loops": 7,
              "Plans": [
                {
                  "Node Type": "Hash Join",
                  "Parent Relationship": "Outer",
                  "Parallel Aware": true,
                  "Join Type": "Inner",
                  "Startup Cost": 45784.87,
                  "Total Cost": 381116.81,
                  "Plan Rows": 105707,
                  "Plan Width": 0,
                  "Actual Startup Time": 398.433,
                  "Actual Total Time": 1026.858,
                  "Actual Rows": 120176,
                  "Actual Loops": 7,
                  "Inner Unique": true,
                  "Hash Cond": "(ci.movie_id = t.id)",
                  "Plans": [
                    {
                      "Node Type": "Seq Scan",
                      "Parent Relationship": "Outer",
                      "Parallel Aware": true,
                      "Relation Name": "cast_info",
                      "Alias": "ci",
                      "Startup Cost": 0.0,
                      "Total Cost": 328162.03,
                      "Plan Rows": 2731391,
                      "Plan Width": 4,
                      "Actual Startup Time": 312.719,
                      "Actual Total Time": 633.125,
                      "Actual Rows": 2303098,
                      "Actual Loops": 7,
                      "Filter": "(role_id > 2)",
                      "Rows Removed by Filter": 2874666
                    },
                    {
                      "Node Type": "Hash",
                      "Parent Relationship": "Inner",
                      "Parallel Aware": true,
                      "Startup Cost": 45479.1,
                      "Total Cost": 45479.1,
                      "Plan Rows": 24462,
                      "Plan Width": 4,
                      "Actual Startup Time": 83.946,
                      "Actual Total Time": 83.947,
                      "Actual Rows": 15772,
                      "Actual Loops": 7,
                      "Hash Buckets": 131072,
                      "Original Hash Buckets": 131072,
                      "Hash Batches": 1,
                      "Original Hash Batches": 1,
                      "Peak Memory Usage": 5440,
                      "Plans": [
                        {
                          "Node Type": "Seq Scan",
                          "Parent Relationship": "Outer",
                          "Parallel Aware": true,
                          "Relation Name": "title",
                          "Alias": "t",
                          "Startup Cost": 0.0,
                          "Total Cost": 45479.1,
                          "Plan Rows": 24462,
                          "Plan Width": 4,
                          "Actual Startup Time": 0.039,
                          "Actual Total Time": 73.822,
                          "Actual Rows": 15772,
                          "Actual Loops": 7,
                          "Filter": "((kind_id = 7) AND (production_year = 2012))",
                          "Rows Removed by Filter": 345416
                        }
                      ]
                    }
                  ]
                }
              ]
            }
          ]
        }
      ]
    },
    "Planning Time": 0.662,
    "Triggers": [],
    "Execution Time": 1113.797
  }
]