[
  {
    "Plan": {
      "Node Type": "Aggregate",
      "Strategy": "Plain",
      "Partial Mode": "Finalize",
      "Parallel Aware": false,
      "Startup Cost": 47021.27,
      "Total Cost": 47021.28,
      "Plan Rows": 1,
      "Plan Width": 8,
      "Actual Startup Time": 174.932,
      "Actual Total Time": 186.439,
      "Actual Rows": 1,
      "Actual Loops": 1,
      "Plans": [
        {
          "Node Type": "Gather",
          "Parent Relationship": "Outer",
          "Parallel Aware": false,
          "Startup Cost": 47020.95,
          "Total Cost": 47021.26,
          "Plan Rows": 3,
          "Plan Width": 8,
          "Actual Startup Time": 174.78,
          "Actual Total Time": 186.429,
          "Actual Rows": 4,
          "Actual Loops": 1,
          "Workers Planned": 3,
          "Workers Launched": 3,
          "Single Copy": false,
          "Plans": [
            {
              "Node Type": "Aggregate",
              "Strategy": "Plain",
              "Partial Mode": "Partial",
              "Parent Relationship": "Outer",
              "Parallel Aware": false,
              "Startup Cost": 46020.95,
              "Total Cost": 46020.96,
              "Plan Rows": 1,
              "Plan Width": 8,
              "Actual Startup Time": 170.45,
              "Actual Total Time": 170.452,
              "Actual Rows": 1,
              "Actual Loops": 4,
              "Plans": [
                {
                  "Node Type": "Seq Scan",
                  "Parent Relationship": "Outer",
                  "Parallel Aware": true,
                  "Relation Name": "movie_keyword",
                  "Alias": "mk",
                  "Startup Cost": 0.0,
                  "Total Cost": 42695.65,
                  "Plan Rows": 1330120,
                  "Plan Width": 0,
                  "Actual Startup Time": 0.033,
                  "Actual Total Time": 123.871,
                  "Actual Rows": 1030865,
                  "Actual Loops": 4,
                  "Filter": "(keyword_id < 43310)",
                  "Rows Removed by Filter": 100118
                }
              ]
            }
          ]
        }
      ]
    },
    "Planning Time": 0.194,
    "Triggers": [],
    "Execution Time": 186.496
  }
]