[
    {
        "Bao": {
            "Bao prediction": "NaN",
            "Bao recommended hint": "(no hint)"
        }
    },
    {
        "Plan": {
            "Node Type": "Aggregate",
            "Strategy": "Plain",
            "Partial Mode": "Finalize",
            "Parallel Aware": false,
            "Startup Cost": 252544.98,
            "Total Cost": 252544.99,
            "Plan Rows": 1,
            "Plan Width": 8,
            "Actual Startup Time": 390.237,
            "Actual Total Time": 405.372,
            "Actual Rows": 1,
            "Actual Loops": 1,
            "Output": [
                "count(*)"
            ],
            "Plans": [
                {
                    "Node Type": "Gather",
                    "Parent Relationship": "Outer",
                    "Parallel Aware": false,
                    "Startup Cost": 252544.36,
                    "Total Cost": 252544.97,
                    "Plan Rows": 6,
                    "Plan Width": 8,
                    "Actual Startup Time": 390.106,
                    "Actual Total Time": 405.359,
                    "Actual Rows": 7,
                    "Actual Loops": 1,
                    "Output": [
                        "(PARTIAL count(*))"
                    ],
                    "Workers Planned": 6,
                    "Workers Launched": 6,
                    "Single Copy": false,
                    "Plans": [
                        {
                            "Node Type": "Aggregate",
                            "Strategy": "Plain",
                            "Partial Mode": "Partial",
                            "Parent Relationship": "Outer",
                            "Parallel Aware": false,
                            "Startup Cost": 251544.36,
                            "Total Cost": 251544.37,
                            "Plan Rows": 1,
                            "Plan Width": 8,
                            "Actual Startup Time": 380.248,
                            "Actual Total Time": 380.249,
                            "Actual Rows": 1,
                            "Actual Loops": 7,
                            "Output": [
                                "PARTIAL count(*)"
                            ],
                            "Workers": [
                                {
                                    "Worker Number": 0,
                                    "Actual Startup Time": 377.93,
                                    "Actual Total Time": 377.931,
                                    "Actual Rows": 1,
                                    "Actual Loops": 1
                                },
                                {
                                    "Worker Number": 1,
                                    "Actual Startup Time": 378.364,
                                    "Actual Total Time": 378.365,
                                    "Actual Rows": 1,
                                    "Actual Loops": 1
                                },
                                {
                                    "Worker Number": 2,
                                    "Actual Startup Time": 378.444,
                                    "Actual Total Time": 378.445,
                                    "Actual Rows": 1,
                                    "Actual Loops": 1
                                },
                                {
                                    "Worker Number": 3,
                                    "Actual Startup Time": 378.803,
                                    "Actual Total Time": 378.804,
                                    "Actual Rows": 1,
                                    "Actual Loops": 1
                                },
                                {
                                    "Worker Number": 4,
                                    "Actual Startup Time": 379.009,
                                    "Actual Total Time": 379.01,
                                    "Actual Rows": 1,
                                    "Actual Loops": 1
                                },
                                {
                                    "Worker Number": 5,
                                    "Actual Startup Time": 379.418,
                                    "Actual Total Time": 379.419,
                                    "Actual Rows": 1,
                                    "Actual Loops": 1
                                }
                            ],
                            "Plans": [
                                {
                                    "Node Type": "Index Only Scan",
                                    "Parent Relationship": "Outer",
                                    "Parallel Aware": true,
                                    "Scan Direction": "Forward",
                                    "Index Name": "role_id_cast_info",
                                    "Relation Name": "cast_info",
                                    "Schema": "public",
                                    "Alias": "ci",
                                    "Startup Cost": 0.56,
                                    "Total Cost": 247642.15,
                                    "Plan Rows": 1560883,
                                    "Plan Width": 0,
                                    "Actual Startup Time": 0.317,
                                    "Actual Total Time": 316.148,
                                    "Actual Rows": 1340672,
                                    "Actual Loops": 7,
                                    "Output": [
                                        "role_id"
                                    ],
                                    "Index Cond": "(ci.role_id > 4)",
                                    "Rows Removed by Index Recheck": 0,
                                    "Heap Fetches": 9384703,
                                    "Workers": [
                                        {
                                            "Worker Number": 0,
                                            "Actual Startup Time": 0.293,
                                            "Actual Total Time": 314.489,
                                            "Actual Rows": 1387373,
                                            "Actual Loops": 1
                                        },
                                        {
                                            "Worker Number": 1,
                                            "Actual Startup Time": 0.295,
                                            "Actual Total Time": 314.127,
                                            "Actual Rows": 888155,
                                            "Actual Loops": 1
                                        },
                                        {
                                            "Worker Number": 2,
                                            "Actual Startup Time": 0.769,
                                            "Actual Total Time": 314.713,
                                            "Actual Rows": 1374120,
                                            "Actual Loops": 1
                                        },
                                        {
                                            "Worker Number": 3,
                                            "Actual Startup Time": 0.267,
                                            "Actual Total Time": 315.263,
                                            "Actual Rows": 1394272,
                                            "Actual Loops": 1
                                        },
                                        {
                                            "Worker Number": 4,
                                            "Actual Startup Time": 0.26,
                                            "Actual Total Time": 315.784,
                                            "Actual Rows": 1381402,
                                            "Actual Loops": 1
                                        },
                                        {
                                            "Worker Number": 5,
                                            "Actual Startup Time": 0.294,
                                            "Actual Total Time": 315.592,
                                            "Actual Rows": 1378691,
                                            "Actual Loops": 1
                                        }
                                    ]
                                }
                            ]
                        }
                    ]
                }
            ]
        },
        "Planning Time": 204.103,
        "Triggers": [],
        "Execution Time": 405.426
    }
]