[
  {
    "Plan": {
      "Node Type": "Aggregate",
      "Strategy": "Plain",
      "Partial Mode": "Simple",
      "Parallel Aware": false,
      "Startup Cost": 20521.31,
      "Total Cost": 20521.32,
      "Plan Rows": 1,
      "Plan Width": 8,
      "Actual Startup Time": 33.064,
      "Actual Total Time": 33.065,
      "Actual Rows": 1,
      "Actual Loops": 1,
      "Plans": [
        {
          "Node Type": "Bitmap Heap Scan",
          "Parent Relationship": "Outer",
          "Parallel Aware": false,
          "Relation Name": "movie_keyword",
          "Alias": "mk",
          "Startup Cost": 250.42,
          "Total Cost": 20492.29,
          "Plan Rows": 11611,
          "Plan Width": 0,
          "Actual Startup Time": 13.797,
          "Actual Total Time": 31.962,
          "Actual Rows": 10307,
          "Actual Loops": 1,
          "Recheck Cond": "(keyword_id = 870)",
          "Rows Removed by Index Recheck": 0,
          "Exact Heap Blocks": 8485,
          "Lossy Heap Blocks": 0,
          "Plans": [
            {
              "Node Type": "Bitmap Index Scan",
              "Parent Relationship": "Outer",
              "Parallel Aware": false,
              "Index Name": "keyword_id_movie_keyword",
              "Startup Cost": 0.0,
              "Total Cost": 247.51,
              "Plan Rows": 11611,
              "Plan Width": 0,
              "Actual Startup Time": 9.621,
              "Actual Total Time": 9.622,
              "Actual Rows": 10307,
              "Actual Loops": 1,
              "Index Cond": "(keyword_id = 870)"
            }
          ]
        }
      ]
    },
    "Planning Time": 0.168,
    "Triggers": [],
    "Execution Time": 33.127
  }
]