[
  {
    "Plan": {
      "Node Type": "Aggregate",
      "Strategy": "Plain",
      "Partial Mode": "Finalize",
      "Parallel Aware": false,
      "Startup Cost": 382305.18,
      "Total Cost": 382305.2,
      "Plan Rows": 1,
      "Plan Width": 8,
      "Actual Startup Time": 1046.672,
      "Actual Total Time": 1075.055,
      "Actual Rows": 1,
      "Actual Loops": 1,
      "Plans": [
        {
          "Node Type": "Gather",
          "Parent Relationship": "Outer",
          "Parallel Aware": false,
          "Startup Cost": 382304.56,
          "Total Cost": 382305.17,
          "Plan Rows": 6,
          "Plan Width": 8,
          "Actual Startup Time": 1043.381,
          "Actual Total Time": 1075.046,
          "Actual Rows": 7,
          "Actual Loops": 1,
          "Workers Planned": 6,
          "Workers Launched": 6,
          "Single Copy": false,
          "Plans": [
            {
              "Node Type": "Aggregate",
              "Strategy": "Plain",
              "Partial Mode": "Partial",
              "Parent Relationship": "Outer",
              "Parallel Aware": false,
              "Startup Cost": 381304.56,
              "Total Cost": 381304.57,
              "Plan Rows": 1,
              "Plan Width": 8,
              "Actual Startup Time": 1028.53,
              "Actual Total Time": 1028.535,
              "Actual Rows": 1,
              "Actual Loops": 7,
              "Plans": [
                {
                  "Node Type": "Hash Join",
                  "Parent Relationship": "Outer",
                  "Parallel Aware": true,
                  "Join Type": "Inner",
                  "Startup Cost": 47240.51,
                  "Total Cost": 379130.03,
                  "Plan Rows": 869812,
                  "Plan Width": 0,
                  "Actual Startup Time": 163.118,
                  "Actual Total Time": 999.854,
                  "Actual Rows": 638315,
                  "Actual Loops": 7,
                  "Inner Unique": true,
                  "Hash Cond": "(ci.movie_id = t.id)",
                  "Plans": [
                    {
                      "Node Type": "Index Scan",
                      "Parent Relationship": "Outer",
                      "Parallel Aware": true,
                      "Scan Direction": "Forward",
                      "Index Name": "role_id_cast_info",
                      "Relation Name": "cast_info",
                      "Alias": "ci",
                      "Startup Cost": 0.56,
                      "Total Cost": 326490.6,
                      "Plan Rows": 2056946,
                      "Plan Width": 4,
                      "Actual Startup Time": 0.158,
                      "Actual Total Time": 313.837,
                      "Actual Rows": 1730521,
                      "Actual Loops": 7,
                      "Index Cond": "(role_id > 3)",
                      "Rows Removed by Index Recheck": 0
                    },
                    {
                      "Node Type": "Hash",
                      "Parent Relationship": "Inner",
                      "Parallel Aware": true,
                      "Startup Cost": 43898.92,
                      "Total Cost": 43898.92,
                      "Plan Rows": 267282,
                      "Plan Width": 4,
                      "Actual Startup Time": 158.163,
                      "Actual Total Time": 158.166,
                      "Actual Rows": 153538,
                      "Actual Loops": 7,
                      "Hash Buckets": 2097152,
                      "Original Hash Buckets": 2097152,
                      "Hash Batches": 1,
                      "Original Hash Batches": 1,
                      "Peak Memory Usage": 58560,
                      "Plans": [
                        {
                          "Node Type": "Seq Scan",
                          "Parent Relationship": "Outer",
                          "Parallel Aware": true,
                          "Relation Name": "title",
                          "Alias": "t",
                          "Startup Cost": 0.0,
                          "Total Cost": 43898.92,
                          "Plan Rows": 267282,
                          "Plan Width": 4,
                          "Actual Startup Time": 0.05,
                          "Actual Total Time": 79.212,
                          "Actual Rows": 153538,
                          "Actual Loops": 7,
                          "Filter": "(production_year < 2001)",
                          "Rows Removed by Filter": 207650
                        }
                      ]
                    }
                  ]
                }
              ]
            }
          ]
        }
      ]
    },
    "Planning Time": 0.527,
    "Triggers": [],
    "Execution Time": 1075.124
  }
]