{
  "Plan": {
    "Node Type": "Aggregate",
    "Strategy": "Plain",
    "Partial Mode": "Finalize",
    "Parallel Aware": false,
    "Startup Cost": 617581.6,
    "Total Cost": 617581.61,
    "Plan Rows": 1,
    "Plan Width": 8,
    "Actual Startup Time": 3167.337,
    "Actual Total Time": 3218.637,
    "Actual Rows": 1,
    "Actual Loops": 1,
    "Plans": [
      {
        "Node Type": "Gather",
        "Parent Relationship": "Outer",
        "Parallel Aware": false,
        "Startup Cost": 617581.48,
        "Total Cost": 617581.59,
        "Plan Rows": 1,
        "Plan Width": 8,
        "Actual Startup Time": 3166.735,
        "Actual Total Time": 3218.627,
        "Actual Rows": 2,
        "Actual Loops": 1,
        "Workers Planned": 1,
        "Workers Launched": 1,
        "Single Copy": false,
        "Plans": [
          {
            "Node Type": "Aggregate",
            "Strategy": "Plain",
            "Partial Mode": "Partial",
            "Parent Relationship": "Outer",
            "Parallel Aware": false,
            "Startup Cost": 616581.48,
            "Total Cost": 616581.49,
            "Plan Rows": 1,
            "Plan Width": 8,
            "Actual Startup Time": 3161.115,
            "Actual Total Time": 3161.118,
            "Actual Rows": 1,
            "Actual Loops": 2,
            "Plans": [
              {
                "Node Type": "Hash Join",
                "Parent Relationship": "Outer",
                "Parallel Aware": true,
                "Join Type": "Inner",
                "Startup Cost": 55773.84,
                "Total Cost": 614191.84,
                "Plan Rows": 955857,
                "Plan Width": 0,
                "Actual Startup Time": 387.764,
                "Actual Total Time": 3121.515,
                "Actual Rows": 917345,
                "Actual Loops": 2,
                "Inner Unique": true,
                "Hash Cond": "(ci.movie_id = t.id)",
                "Plans": [
                  {
                    "Node Type": "Seq Scan",
                    "Parent Relationship": "Outer",
                    "Parallel Aware": true,
                    "Relation Name": "cast_info",
                    "Alias": "ci",
                    "Startup Cost": 0.0,
                    "Total Cost": 519069.44,
                    "Plan Rows": 14989902,
                    "Plan Width": 4,
                    "Actual Startup Time": 230.885,
                    "Actual Total Time": 1474.808,
                    "Actual Rows": 12735830,
                    "Actual Loops": 2,
                    "Filter": "(person_id > 1057432)",
                    "Rows Removed by Filter": 5386342
                  },
                  {
                    "Node Type": "Hash",
                    "Parent Relationship": "Inner",
                    "Parallel Aware": true,
                    "Startup Cost": 54588.39,
                    "Total Cost": 54588.39,
                    "Plan Rows": 94836,
                    "Plan Width": 4,
                    "Actual Startup Time": 153.161,
                    "Actual Total Time": 153.162,
                    "Actual Rows": 80008,
                    "Actual Loops": 2,
                    "Hash Buckets": 262144,
                    "Original Hash Buckets": 262144,
                    "Hash Batches": 1,
                    "Original Hash Batches": 1,
                    "Peak Memory Usage": 8352,
                    "Plans": [
                      {
                        "Node Type": "Seq Scan",
                        "Parent Relationship": "Outer",
                        "Parallel Aware": true,
                        "Relation Name": "title",
                        "Alias": "t",
                        "Startup Cost": 0.0,
                        "Total Cost": 54588.39,
                        "Plan Rows": 94836,
                        "Plan Width": 4,
                        "Actual Startup Time": 0.037,
                        "Actual Total Time": 131.834,
                        "Actual Rows": 80008,
                        "Actual Loops": 2,
                        "Filter": "(production_year = 2011)",
                        "Rows Removed by Filter": 1184148
                      }
                    ]
                  }
                ]
              }
            ]
          }
        ]
      }
    ]
  },
  "Planning Time": 0.418,
  "Triggers": [],
  "Execution Time": 3218.716
}