[
  {
    "Plan": {
      "Node Type": "Aggregate",
      "Strategy": "Plain",
      "Partial Mode": "Finalize",
      "Parallel Aware": false,
      "Startup Cost": 223801.61,
      "Total Cost": 223801.62,
      "Plan Rows": 1,
      "Plan Width": 8,
      "Actual Startup Time": 2265.839,
      "Actual Total Time": 2373.522,
      "Actual Rows": 1,
      "Actual Loops": 1,
      "Plans": [
        {
          "Node Type": "Gather",
          "Parent Relationship": "Outer",
          "Parallel Aware": false,
          "Startup Cost": 223801.29,
          "Total Cost": 223801.6,
          "Plan Rows": 3,
          "Plan Width": 8,
          "Actual Startup Time": 2264.066,
          "Actual Total Time": 2373.513,
          "Actual Rows": 4,
          "Actual Loops": 1,
          "Workers Planned": 3,
          "Workers Launched": 3,
          "Single Copy": false,
          "Plans": [
            {
              "Node Type": "Aggregate",
              "Strategy": "Plain",
              "Partial Mode": "Partial",
              "Parent Relationship": "Outer",
              "Parallel Aware": false,
              "Startup Cost": 222801.29,
              "Total Cost": 222801.3,
              "Plan Rows": 1,
              "Plan Width": 8,
              "Actual Startup Time": 2255.939,
              "Actual Total Time": 2256.003,
              "Actual Rows": 1,
              "Actual Loops": 4,
              "Plans": [
                {
                  "Node Type": "Nested Loop",
                  "Parent Relationship": "Outer",
                  "Parallel Aware": false,
                  "Join Type": "Inner",
                  "Startup Cost": 46261.96,
                  "Total Cost": 222390.96,
                  "Plan Rows": 164131,
                  "Plan Width": 0,
                  "Actual Startup Time": 167.248,
                  "Actual Total Time": 2212.026,
                  "Actual Rows": 907922,
                  "Actual Loops": 4,
                  "Inner Unique": false,
                  "Join Filter": "(t.id = mi.movie_id)",
                  "Rows Removed by Join Filter": 0,
                  "Plans": [
                    {
                      "Node Type": "Hash Join",
                      "Parent Relationship": "Outer",
                      "Parallel Aware": true,
                      "Join Type": "Inner",
                      "Startup Cost": 46261.52,
                      "Total Cost": 75677.41,
                      "Plan Rows": 83292,
                      "Plan Width": 8,
                      "Actual Startup Time": 167.144,
                      "Actual Total Time": 359.32,
                      "Actual Rows": 193575,
                      "Actual Loops": 4,
                      "Inner Unique": true,
                      "Hash Cond": "(mc.movie_id = t.id)",
                      "Plans": [
                        {
                          "Node Type": "Seq Scan",
                          "Parent Relationship": "Outer",
                          "Parallel Aware": true,
                          "Relation Name": "movie_companies",
                          "Alias": "mc",
                          "Startup Cost": 0.0,
                          "Total Cost": 27206.55,
                          "Plan Rows": 841655,
                          "Plan Width": 4,
                          "Actual Startup Time": 0.023,
                          "Actual Total Time": 58.798,
                          "Actual Rows": 652282,
                          "Actual Loops": 4
                        },
                        {
                          "Node Type": "Hash",
                          "Parent Relationship": "Inner",
                          "Parallel Aware": true,
                          "Startup Cost": 45479.59,
                          "Total Cost": 45479.59,
                          "Plan Rows": 62555,
                          "Plan Width": 4,
                          "Actual Startup Time": 138.303,
                          "Actual Total Time": 138.304,
                          "Actual Rows": 91654,
                          "Actual Loops": 4,
                          "Hash Buckets": 524288,
                          "Original Hash Buckets": 262144,
                          "Hash Batches": 1,
                          "Original Hash Batches": 1,
                          "Peak Memory Usage": 20544,
                          "Plans": [
                            {
                              "Node Type": "Seq Scan",
                              "Parent Relationship": "Outer",
                              "Parallel Aware": true,
                              "Relation Name": "title",
                              "Alias": "t",
                              "Startup Cost": 0.0,
                              "Total Cost": 45479.59,
                              "Plan Rows": 62555,
                              "Plan Width": 4,
                              "Actual Startup Time": 61.647,
                              "Actual Total Time": 102.73,
                              "Actual Rows": 91654,
                              "Actual Loops": 4,
                              "Filter": "((production_year < 1999) AND (kind_id = 1))",
                              "Rows Removed by Filter": 540424
                            }
                          ]
                        }
                      ]
                    },
                    {
                      "Node Type": "Index Scan",
                      "Parent Relationship": "Inner",
                      "Parallel Aware": false,
                      "Scan Direction": "Forward",
                      "Index Name": "movie_id_movie_info",
                      "Relation Name": "movie_info",
                      "Alias": "mi",
                      "Startup Cost": 0.43,
                      "Total Cost": 1.59,
                      "Plan Rows": 14,
                      "Plan Width": 4,
                      "Actual Startup Time": 0.003,
                      "Actual Total Time": 0.009,
                      "Actual Rows": 5,
                      "Actual Loops": 774301,
                      "Index Cond": "(movie_id = mc.movie_id)",
                      "Rows Removed by Index Recheck": 0,
                      "Filter": "(info_type_id < 5)",
                      "Rows Removed by Filter": 30
                    }
                  ]
                }
              ]
            }
          ]
        }
      ]
    },
    "Planning Time": 1.461,
    "Triggers": [],
    "Execution Time": 2373.62
  }
]