[
  {
    "Plan": {
      "Node Type": "Aggregate",
      "Strategy": "Plain",
      "Partial Mode": "Finalize",
      "Parallel Aware": false,
      "Startup Cost": 397251.88,
      "Total Cost": 397251.89,
      "Plan Rows": 1,
      "Plan Width": 8,
      "Actual Startup Time": 1052.553,
      "Actual Total Time": 1087.87,
      "Actual Rows": 1,
      "Actual Loops": 1,
      "Plans": [
        {
          "Node Type": "Gather",
          "Parent Relationship": "Outer",
          "Parallel Aware": false,
          "Startup Cost": 397251.26,
          "Total Cost": 397251.87,
          "Plan Rows": 6,
          "Plan Width": 8,
          "Actual Startup Time": 1040.671,
          "Actual Total Time": 1087.86,
          "Actual Rows": 7,
          "Actual Loops": 1,
          "Workers Planned": 6,
          "Workers Launched": 6,
          "Single Copy": false,
          "Plans": [
            {
              "Node Type": "Aggregate",
              "Strategy": "Plain",
              "Partial Mode": "Partial",
              "Parent Relationship": "Outer",
              "Parallel Aware": false,
              "Startup Cost": 396251.26,
              "Total Cost": 396251.27,
              "Plan Rows": 1,
              "Plan Width": 8,
              "Actual Startup Time": 1032.096,
              "Actual Total Time": 1032.099,
              "Actual Rows": 1,
              "Actual Loops": 7,
              "Plans": [
                {
                  "Node Type": "Hash Join",
                  "Parent Relationship": "Outer",
                  "Parallel Aware": true,
                  "Join Type": "Inner",
                  "Startup Cost": 50130.21,
                  "Total Cost": 395244.65,
                  "Plan Rows": 402644,
                  "Plan Width": 0,
                  "Actual Startup Time": 515.366,
                  "Actual Total Time": 1006.418,
                  "Actual Rows": 513837,
                  "Actual Loops": 7,
                  "Inner Unique": true,
                  "Hash Cond": "(ci.movie_id = t.id)",
                  "Plans": [
                    {
                      "Node Type": "Seq Scan",
                      "Parent Relationship": "Outer",
                      "Parallel Aware": true,
                      "Relation Name": "cast_info",
                      "Alias": "ci",
                      "Startup Cost": 0.0,
                      "Total Cost": 343318.94,
                      "Plan Rows": 684000,
                      "Plan Width": 4,
                      "Actual Startup Time": 353.565,
                      "Actual Total Time": 572.926,
                      "Actual Rows": 899539,
                      "Actual Loops": 7,
                      "Filter": "((person_id > 3022706) AND (role_id > 1))",
                      "Rows Removed by Filter": 4278225
                    },
                    {
                      "Node Type": "Hash",
                      "Parent Relationship": "Inner",
                      "Parallel Aware": true,
                      "Startup Cost": 45479.21,
                      "Total Cost": 45479.21,
                      "Plan Rows": 372080,
                      "Plan Width": 4,
                      "Actual Startup Time": 158.611,
                      "Actual Total Time": 158.612,
                      "Actual Rows": 211206,
                      "Actual Loops": 7,
                      "Hash Buckets": 2097152,
                      "Original Hash Buckets": 2097152,
                      "Hash Batches": 1,
                      "Original Hash Batches": 1,
                      "Peak Memory Usage": 74336,
                      "Plans": [
                        {
                          "Node Type": "Seq Scan",
                          "Parent Relationship": "Outer",
                          "Parallel Aware": true,
                          "Relation Name": "title",
                          "Alias": "t",
                          "Startup Cost": 0.0,
                          "Total Cost": 45479.21,
                          "Plan Rows": 372080,
                          "Plan Width": 4,
                          "Actual Startup Time": 0.031,
                          "Actual Total Time": 72.936,
                          "Actual Rows": 211206,
                          "Actual Loops": 7,
                          "Filter": "((production_year > 0) AND (kind_id = 7))",
                          "Rows Removed by Filter": 149982
                        }
                      ]
                    }
                  ]
                }
              ]
            }
          ]
        }
      ]
    },
    "Planning Time": 0.255,
    "Triggers": [],
    "Execution Time": 1087.915
  }
]