[
  {
    "Plan": {
      "Node Type": "Aggregate",
      "Strategy": "Plain",
      "Partial Mode": "Finalize",
      "Parallel Aware": false,
      "Startup Cost": 31551.75,
      "Total Cost": 31551.76,
      "Plan Rows": 1,
      "Plan Width": 8,
      "Actual Startup Time": 109.282,
      "Actual Total Time": 116.33,
      "Actual Rows": 1,
      "Actual Loops": 1,
      "Plans": [
        {
          "Node Type": "Gather",
          "Parent Relationship": "Outer",
          "Parallel Aware": false,
          "Startup Cost": 31551.43,
          "Total Cost": 31551.74,
          "Plan Rows": 3,
          "Plan Width": 8,
          "Actual Startup Time": 109.14,
          "Actual Total Time": 116.317,
          "Actual Rows": 4,
          "Actual Loops": 1,
          "Workers Planned": 3,
          "Workers Launched": 3,
          "Single Copy": false,
          "Plans": [
            {
              "Node Type": "Aggregate",
              "Strategy": "Plain",
              "Partial Mode": "Partial",
              "Parent Relationship": "Outer",
              "Parallel Aware": false,
              "Startup Cost": 30551.43,
              "Total Cost": 30551.44,
              "Plan Rows": 1,
              "Plan Width": 8,
              "Actual Startup Time": 105.04,
              "Actual Total Time": 105.041,
              "Actual Rows": 1,
              "Actual Loops": 4,
              "Plans": [
                {
                  "Node Type": "Seq Scan",
                  "Parent Relationship": "Outer",
                  "Parallel Aware": true,
                  "Relation Name": "movie_companies",
                  "Alias": "mc",
                  "Startup Cost": 0.0,
                  "Total Cost": 29310.68,
                  "Plan Rows": 496301,
                  "Plan Width": 0,
                  "Actual Startup Time": 6.169,
                  "Actual Total Time": 84.815,
                  "Actual Rows": 383327,
                  "Actual Loops": 4,
                  "Filter": "(company_id > 6800)",
                  "Rows Removed by Filter": 268955
                }
              ]
            }
          ]
        }
      ]
    },
    "Planning Time": 0.07,
    "Triggers": [],
    "Execution Time": 116.36
  }
]