[
  {
    "Plan": {
      "Node Type": "Aggregate",
      "Strategy": "Plain",
      "Partial Mode": "Finalize",
      "Parallel Aware": false,
      "Startup Cost": 273553.71,
      "Total Cost": 273553.72,
      "Plan Rows": 1,
      "Plan Width": 8,
      "Actual Startup Time": 1231.084,
      "Actual Total Time": 1257.847,
      "Actual Rows": 1,
      "Actual Loops": 1,
      "Plans": [
        {
          "Node Type": "Gather",
          "Parent Relationship": "Outer",
          "Parallel Aware": false,
          "Startup Cost": 273553.39,
          "Total Cost": 273553.7,
          "Plan Rows": 3,
          "Plan Width": 8,
          "Actual Startup Time": 1205.501,
          "Actual Total Time": 1257.836,
          "Actual Rows": 4,
          "Actual Loops": 1,
          "Workers Planned": 3,
          "Workers Launched": 3,
          "Single Copy": false,
          "Plans": [
            {
              "Node Type": "Aggregate",
              "Strategy": "Plain",
              "Partial Mode": "Partial",
              "Parent Relationship": "Outer",
              "Parallel Aware": false,
              "Startup Cost": 272553.39,
              "Total Cost": 272553.4,
              "Plan Rows": 1,
              "Plan Width": 8,
              "Actual Startup Time": 1193.173,
              "Actual Total Time": 1193.347,
              "Actual Rows": 1,
              "Actual Loops": 4,
              "Plans": [
                {
                  "Node Type": "Hash Join",
                  "Parent Relationship": "Outer",
                  "Parallel Aware": true,
                  "Join Type": "Inner",
                  "Startup Cost": 240404.17,
                  "Total Cost": 271560.91,
                  "Plan Rows": 396993,
                  "Plan Width": 0,
                  "Actual Startup Time": 667.593,
                  "Actual Total Time": 1067.977,
                  "Actual Rows": 3209593,
                  "Actual Loops": 4,
                  "Inner Unique": false,
                  "Hash Cond": "(mc.movie_id = t.id)",
                  "Plans": [
                    {
                      "Node Type": "Seq Scan",
                      "Parent Relationship": "Outer",
                      "Parallel Aware": true,
                      "Relation Name": "movie_companies",
                      "Alias": "mc",
                      "Startup Cost": 0.0,
                      "Total Cost": 27206.55,
                      "Plan Rows": 841655,
                      "Plan Width": 4,
                      "Actual Startup Time": 0.028,
                      "Actual Total Time": 56.054,
                      "Actual Rows": 652282,
                      "Actual Loops": 4
                    },
                    {
                      "Node Type": "Hash",
                      "Parent Relationship": "Inner",
                      "Parallel Aware": true,
                      "Startup Cost": 237422.8,
                      "Total Cost": 237422.8,
                      "Plan Rows": 238510,
                      "Plan Width": 8,
                      "Actual Startup Time": 660.078,
                      "Actual Total Time": 660.25,
                      "Actual Rows": 286929,
                      "Actual Loops": 4,
                      "Hash Buckets": 2097152,
                      "Original Hash Buckets": 2097152,
                      "Hash Batches": 1,
                      "Original Hash Batches": 1,
                      "Peak Memory Usage": 61344,
                      "Plans": [
                        {
                          "Node Type": "Hash Join",
                          "Parent Relationship": "Outer",
                          "Parallel Aware": true,
                          "Join Type": "Inner",
                          "Startup Cost": 71822.33,
                          "Total Cost": 237422.8,
                          "Plan Rows": 238510,
                          "Plan Width": 8,
                          "Actual Startup Time": 385.443,
                          "Actual Total Time": 568.676,
                          "Actual Rows": 286929,
                          "Actual Loops": 4,
                          "Inner Unique": true,
                          "Hash Cond": "(mi.movie_id = t.id)",
                          "Plans": [
                            {
                              "Node Type": "Bitmap Heap Scan",
                              "Parent Relationship": "Outer",
                              "Parallel Aware": true,
                              "Relation Name": "movie_info",
                              "Alias": "mi",
                              "Startup Cost": 21602.69,
                              "Total Cost": 186577.06,
                              "Plan Rows": 238510,
                              "Plan Width": 4,
                              "Actual Startup Time": 52.482,
                              "Actual Total Time": 130.649,
                              "Actual Rows": 286929,
                              "Actual Loops": 4,
                              "Recheck Cond": "(info_type_id > 51)",
                              "Rows Removed by Index Recheck": 0,
                              "Exact Heap Blocks": 10350,
                              "Lossy Heap Blocks": 0,
                              "Plans": [
                                {
                                  "Node Type": "Bitmap Index Scan",
                                  "Parent Relationship": "Outer",
                                  "Parallel Aware": false,
                                  "Index Name": "info_type_id_movie_info",
                                  "Startup Cost": 0.0,
                                  "Total Cost": 21304.55,
                                  "Plan Rows": 1192549,
                                  "Plan Width": 0,
                                  "Actual Startup Time": 46.82,
                                  "Actual Total Time": 46.821,
                                  "Actual Rows": 1147717,
                                  "Actual Loops": 1,
                                  "Index Cond": "(info_type_id > 51)"
                                }
                              ]
                            },
                            {
                              "Node Type": "Hash",
                              "Parent Relationship": "Inner",
                              "Parallel Aware": true,
                              "Startup Cost": 42318.73,
                              "Total Cost": 42318.73,
                              "Plan Rows": 632073,
                              "Plan Width": 4,
                              "Actual Startup Time": 326.629,
                              "Actual Total Time": 326.63,
                              "Actual Rows": 632078,
                              "Actual Loops": 4,
                              "Hash Buckets": 4194304,
                              "Original Hash Buckets": 4194304,
                              "Hash Batches": 1,
                              "Original Hash Batches": 1,
                              "Peak Memory Usage": 131744,
                              "Plans": [
                                {
                                  "Node Type": "Seq Scan",
                                  "Parent Relationship": "Outer",
                                  "Parallel Aware": true,
                                  "Relation Name": "title",
                                  "Alias": "t",
                                  "Startup Cost": 0.0,
                                  "Total Cost": 42318.73,
                                  "Plan Rows": 632073,
                                  "Plan Width": 4,
                                  "Actual Startup Time": 0.038,
                                  "Actual Total Time": 97.738,
                                  "Actual Rows": 632078,
                                  "Actual Loops": 4
                                }
                              ]
                            }
                          ]
                        }
                      ]
                    }
                  ]
                }
              ]
            }
          ]
        }
      ]
    },
    "Planning Time": 1.427,
    "Triggers": [],
    "Execution Time": 1257.956
  }
]