{
  "Plan": {
    "Node Type": "Aggregate",
    "Strategy": "Plain",
    "Partial Mode": "Finalize",
    "Parallel Aware": false,
    "Startup Cost": 42228.43,
    "Total Cost": 42228.44,
    "Plan Rows": 1,
    "Plan Width": 8,
    "Actual Startup Time": 82.836,
    "Actual Total Time": 98.505,
    "Actual Rows": 1,
    "Actual Loops": 1,
    "Plans": [
      {
        "Node Type": "Gather",
        "Parent Relationship": "Outer",
        "Parallel Aware": false,
        "Startup Cost": 42228.32,
        "Total Cost": 42228.43,
        "Plan Rows": 1,
        "Plan Width": 8,
        "Actual Startup Time": 82.327,
        "Actual Total Time": 98.498,
        "Actual Rows": 2,
        "Actual Loops": 1,
        "Workers Planned": 1,
        "Workers Launched": 1,
        "Single Copy": false,
        "Plans": [
          {
            "Node Type": "Aggregate",
            "Strategy": "Plain",
            "Partial Mode": "Partial",
            "Parent Relationship": "Outer",
            "Parallel Aware": false,
            "Startup Cost": 41228.32,
            "Total Cost": 41228.33,
            "Plan Rows": 1,
            "Plan Width": 8,
            "Actual Startup Time": 76.146,
            "Actual Total Time": 76.148,
            "Actual Rows": 1,
            "Actual Loops": 2,
            "Plans": [
              {
                "Node Type": "Nested Loop",
                "Parent Relationship": "Outer",
                "Parallel Aware": false,
                "Join Type": "Inner",
                "Startup Cost": 132.18,
                "Total Cost": 41225.68,
                "Plan Rows": 1054,
                "Plan Width": 0,
                "Actual Startup Time": 8.127,
                "Actual Total Time": 75.325,
                "Actual Rows": 9110,
                "Actual Loops": 2,
                "Inner Unique": false,
                "Plans": [
                  {
                    "Node Type": "Nested Loop",
                    "Parent Relationship": "Outer",
                    "Parallel Aware": false,
                    "Join Type": "Inner",
                    "Startup Cost": 131.61,
                    "Total Cost": 39430.65,
                    "Plan Rows": 74,
                    "Plan Width": 8,
                    "Actual Startup Time": 7.984,
                    "Actual Total Time": 42.441,
                    "Actual Rows": 130,
                    "Actual Loops": 2,
                    "Inner Unique": true,
                    "Plans": [
                      {
                        "Node Type": "Bitmap Heap Scan",
                        "Parent Relationship": "Outer",
                        "Parallel Aware": true,
                        "Relation Name": "movie_keyword",
                        "Alias": "mk",
                        "Startup Cost": 131.18,
                        "Total Cost": 14106.22,
                        "Plan Rows": 3548,
                        "Plan Width": 4,
                        "Actual Startup Time": 4.067,
                        "Actual Total Time": 14.287,
                        "Actual Rows": 3834,
                        "Actual Loops": 2,
                        "Recheck Cond": "(keyword_id = 231)",
                        "Rows Removed by Index Recheck": 0,
                        "Exact Heap Blocks": 5422,
                        "Lossy Heap Blocks": 0,
                        "Plans": [
                          {
                            "Node Type": "Bitmap Index Scan",
                            "Parent Relationship": "Outer",
                            "Parallel Aware": false,
                            "Index Name": "keyword_id_movie_keyword",
                            "Startup Cost": 0.0,
                            "Total Cost": 129.67,
                            "Plan Rows": 6032,
                            "Plan Width": 0,
                            "Actual Startup Time": 4.645,
                            "Actual Total Time": 4.646,
                            "Actual Rows": 7668,
                            "Actual Loops": 1,
                            "Index Cond": "(keyword_id = 231)"
                          }
                        ]
                      },
                      {
                        "Node Type": "Index Scan",
                        "Parent Relationship": "Inner",
                        "Parallel Aware": false,
                        "Scan Direction": "Forward",
                        "Index Name": "title_pkey",
                        "Relation Name": "title",
                        "Alias": "t",
                        "Startup Cost": 0.43,
                        "Total Cost": 7.14,
                        "Plan Rows": 1,
                        "Plan Width": 4,
                        "Actual Startup Time": 0.007,
                        "Actual Total Time": 0.007,
                        "Actual Rows": 0,
                        "Actual Loops": 7668,
                        "Index Cond": "(id = mk.movie_id)",
                        "Rows Removed by Index Recheck": 0,
                        "Filter": "(production_year = 2001)",
                        "Rows Removed by Filter": 1
                      }
                    ]
                  },
                  {
                    "Node Type": "Index Only Scan",
                    "Parent Relationship": "Inner",
                    "Parallel Aware": false,
                    "Scan Direction": "Forward",
                    "Index Name": "movie_id_cast_info",
                    "Relation Name": "cast_info",
                    "Alias": "ci",
                    "Startup Cost": 0.56,
                    "Total Cost": 23.89,
                    "Plan Rows": 37,
                    "Plan Width": 4,
                    "Actual Startup Time": 0.022,
                    "Actual Total Time": 0.243,
                    "Actual Rows": 70,
                    "Actual Loops": 261,
                    "Index Cond": "(movie_id = t.id)",
                    "Rows Removed by Index Recheck": 0,
                    "Heap Fetches": 18220
                  }
                ]
              }
            ]
          }
        ]
      }
    ]
  },
  "Planning Time": 0.922,
  "Triggers": [],
  "Execution Time": 98.605
}