[
  {
    "Plan": {
      "Node Type": "Aggregate",
      "Strategy": "Plain",
      "Partial Mode": "Finalize",
      "Parallel Aware": false,
      "Startup Cost": 125840.06,
      "Total Cost": 125840.07,
      "Plan Rows": 1,
      "Plan Width": 8,
      "Actual Startup Time": 637.018,
      "Actual Total Time": 653.467,
      "Actual Rows": 1,
      "Actual Loops": 1,
      "Plans": [
        {
          "Node Type": "Gather",
          "Parent Relationship": "Outer",
          "Parallel Aware": false,
          "Startup Cost": 125839.74,
          "Total Cost": 125840.05,
          "Plan Rows": 3,
          "Plan Width": 8,
          "Actual Startup Time": 631.634,
          "Actual Total Time": 653.457,
          "Actual Rows": 4,
          "Actual Loops": 1,
          "Workers Planned": 3,
          "Workers Launched": 3,
          "Single Copy": false,
          "Plans": [
            {
              "Node Type": "Aggregate",
              "Strategy": "Plain",
              "Partial Mode": "Partial",
              "Parent Relationship": "Outer",
              "Parallel Aware": false,
              "Startup Cost": 124839.74,
              "Total Cost": 124839.75,
              "Plan Rows": 1,
              "Plan Width": 8,
              "Actual Startup Time": 622.999,
              "Actual Total Time": 623.097,
              "Actual Rows": 1,
              "Actual Loops": 4,
              "Plans": [
                {
                  "Node Type": "Hash Join",
                  "Parent Relationship": "Outer",
                  "Parallel Aware": true,
                  "Join Type": "Inner",
                  "Startup Cost": 78911.67,
                  "Total Cost": 124623.19,
                  "Plan Rows": 86622,
                  "Plan Width": 0,
                  "Actual Startup Time": 365.029,
                  "Actual Total Time": 589.802,
                  "Actual Rows": 759779,
                  "Actual Loops": 4,
                  "Inner Unique": false,
                  "Hash Cond": "(mk.movie_id = t.id)",
                  "Plans": [
                    {
                      "Node Type": "Seq Scan",
                      "Parent Relationship": "Outer",
                      "Parallel Aware": true,
                      "Relation Name": "movie_keyword",
                      "Alias": "mk",
                      "Startup Cost": 0.0,
                      "Total Cost": 42695.65,
                      "Plan Rows": 729717,
                      "Plan Width": 4,
                      "Actual Startup Time": 0.035,
                      "Actual Total Time": 106.496,
                      "Actual Rows": 566583,
                      "Actual Loops": 4,
                      "Filter": "(keyword_id < 4729)",
                      "Rows Removed by Filter": 564400
                    },
                    {
                      "Node Type": "Hash",
                      "Parent Relationship": "Inner",
                      "Parallel Aware": true,
                      "Startup Cost": 77701.5,
                      "Total Cost": 77701.5,
                      "Plan Rows": 96814,
                      "Plan Width": 8,
                      "Actual Startup Time": 361.703,
                      "Actual Total Time": 361.8,
                      "Actual Rows": 151581,
                      "Actual Loops": 4,
                      "Hash Buckets": 1048576,
                      "Original Hash Buckets": 524288,
                      "Hash Batches": 1,
                      "Original Hash Batches": 1,
                      "Peak Memory Usage": 36064,
                      "Plans": [
                        {
                          "Node Type": "Hash Join",
                          "Parent Relationship": "Outer",
                          "Parallel Aware": true,
                          "Join Type": "Inner",
                          "Startup Cost": 47269.06,
                          "Total Cost": 77701.5,
                          "Plan Rows": 96814,
                          "Plan Width": 8,
                          "Actual Startup Time": 187.859,
                          "Actual Total Time": 308.675,
                          "Actual Rows": 151581,
                          "Actual Loops": 4,
                          "Inner Unique": true,
                          "Hash Cond": "(mc.movie_id = t.id)",
                          "Plans": [
                            {
                              "Node Type": "Seq Scan",
                              "Parent Relationship": "Outer",
                              "Parallel Aware": true,
                              "Relation Name": "movie_companies",
                              "Alias": "mc",
                              "Startup Cost": 0.0,
                              "Total Cost": 29310.68,
                              "Plan Rows": 427336,
                              "Plan Width": 4,
                              "Actual Startup Time": 28.471,
                              "Actual Total Time": 68.339,
                              "Actual Rows": 333721,
                              "Actual Loops": 4,
                              "Filter": "(company_type_id > 1)",
                              "Rows Removed by Filter": 318562
                            },
                            {
                              "Node Type": "Hash",
                              "Parent Relationship": "Inner",
                              "Parallel Aware": true,
                              "Startup Cost": 45479.1,
                              "Total Cost": 45479.1,
                              "Plan Rows": 143197,
                              "Plan Width": 4,
                              "Actual Startup Time": 156.382,
                              "Actual Total Time": 156.383,
                              "Actual Rows": 149290,
                              "Actual Loops": 4,
                              "Hash Buckets": 1048576,
                              "Original Hash Buckets": 1048576,
                              "Hash Batches": 1,
                              "Original Hash Batches": 1,
                              "Peak Memory Usage": 31616,
                              "Plans": [
                                {
                                  "Node Type": "Seq Scan",
                                  "Parent Relationship": "Outer",
                                  "Parallel Aware": true,
                                  "Relation Name": "title",
                                  "Alias": "t",
                                  "Startup Cost": 0.0,
                                  "Total Cost": 45479.1,
                                  "Plan Rows": 143197,
                                  "Plan Width": 4,
                                  "Actual Startup Time": 0.051,
                                  "Actual Total Time": 101.366,
                                  "Actual Rows": 149290,
                                  "Actual Loops": 4,
                                  "Filter": "((kind_id < 3) AND (production_year < 2010))",
                                  "Rows Removed by Filter": 482788
                                }
                              ]
                            }
                          ]
                        }
                      ]
                    }
                  ]
                }
              ]
            }
          ]
        }
      ]
    },
    "Planning Time": 1.504,
    "Triggers": [],
    "Execution Time": 653.552
  }
]