[
  {
    "Plan": {
      "Node Type": "Aggregate",
      "Strategy": "Plain",
      "Partial Mode": "Finalize",
      "Parallel Aware": false,
      "Startup Cost": 44877.11,
      "Total Cost": 44877.12,
      "Plan Rows": 1,
      "Plan Width": 8,
      "Actual Startup Time": 125.835,
      "Actual Total Time": 132.891,
      "Actual Rows": 1,
      "Actual Loops": 1,
      "Plans": [
        {
          "Node Type": "Gather",
          "Parent Relationship": "Outer",
          "Parallel Aware": false,
          "Startup Cost": 44876.79,
          "Total Cost": 44877.1,
          "Plan Rows": 3,
          "Plan Width": 8,
          "Actual Startup Time": 125.702,
          "Actual Total Time": 132.884,
          "Actual Rows": 4,
          "Actual Loops": 1,
          "Workers Planned": 3,
          "Workers Launched": 3,
          "Single Copy": false,
          "Plans": [
            {
              "Node Type": "Aggregate",
              "Strategy": "Plain",
              "Partial Mode": "Partial",
              "Parent Relationship": "Outer",
              "Parallel Aware": false,
              "Startup Cost": 43876.79,
              "Total Cost": 43876.8,
              "Plan Rows": 1,
              "Plan Width": 8,
              "Actual Startup Time": 118.758,
              "Actual Total Time": 118.759,
              "Actual Rows": 1,
              "Actual Loops": 4,
              "Plans": [
                {
                  "Node Type": "Seq Scan",
                  "Parent Relationship": "Outer",
                  "Parallel Aware": true,
                  "Relation Name": "movie_keyword",
                  "Alias": "mk",
                  "Startup Cost": 0.0,
                  "Total Cost": 42695.65,
                  "Plan Rows": 472455,
                  "Plan Width": 0,
                  "Actual Startup Time": 1.478,
                  "Actual Total Time": 101.472,
                  "Actual Rows": 364566,
                  "Actual Loops": 4,
                  "Filter": "(keyword_id > 11409)",
                  "Rows Removed by Filter": 766416
                }
              ]
            }
          ]
        }
      ]
    },
    "Planning Time": 0.129,
    "Triggers": [],
    "Execution Time": 132.941
  }
]