[
  {
    "Plan": {
      "Node Type": "Aggregate",
      "Strategy": "Plain",
      "Partial Mode": "Finalize",
      "Parallel Aware": false,
      "Startup Cost": 60373.47,
      "Total Cost": 60373.48,
      "Plan Rows": 1,
      "Plan Width": 8,
      "Actual Startup Time": 98.79,
      "Actual Total Time": 113.07,
      "Actual Rows": 1,
      "Actual Loops": 1,
      "Plans": [
        {
          "Node Type": "Gather",
          "Parent Relationship": "Outer",
          "Parallel Aware": false,
          "Startup Cost": 60373.05,
          "Total Cost": 60373.46,
          "Plan Rows": 4,
          "Plan Width": 8,
          "Actual Startup Time": 98.623,
          "Actual Total Time": 113.062,
          "Actual Rows": 5,
          "Actual Loops": 1,
          "Workers Planned": 4,
          "Workers Launched": 4,
          "Single Copy": false,
          "Plans": [
            {
              "Node Type": "Aggregate",
              "Strategy": "Plain",
              "Partial Mode": "Partial",
              "Parent Relationship": "Outer",
              "Parallel Aware": false,
              "Startup Cost": 59373.05,
              "Total Cost": 59373.06,
              "Plan Rows": 1,
              "Plan Width": 8,
              "Actual Startup Time": 90.435,
              "Actual Total Time": 90.436,
              "Actual Rows": 1,
              "Actual Loops": 5,
              "Plans": [
                {
                  "Node Type": "Nested Loop",
                  "Parent Relationship": "Outer",
                  "Parallel Aware": false,
                  "Join Type": "Inner",
                  "Startup Cost": 0.43,
                  "Total Cost": 59368.45,
                  "Plan Rows": 1837,
                  "Plan Width": 0,
                  "Actual Startup Time": 52.011,
                  "Actual Total Time": 90.206,
                  "Actual Rows": 4526,
                  "Actual Loops": 5,
                  "Inner Unique": false,
                  "Plans": [
                    {
                      "Node Type": "Seq Scan",
                      "Parent Relationship": "Outer",
                      "Parallel Aware": true,
                      "Relation Name": "title",
                      "Alias": "t",
                      "Startup Cost": 0.0,
                      "Total Cost": 45479.59,
                      "Plan Rows": 1601,
                      "Plan Width": 4,
                      "Actual Startup Time": 50.931,
                      "Actual Total Time": 78.073,
                      "Actual Rows": 1014,
                      "Actual Loops": 5,
                      "Filter": "((kind_id = 1) AND (production_year = 1993))",
                      "Rows Removed by Filter": 504649
                    },
                    {
                      "Node Type": "Index Scan",
                      "Parent Relationship": "Inner",
                      "Parallel Aware": false,
                      "Scan Direction": "Forward",
                      "Index Name": "movie_id_movie_keyword",
                      "Relation Name": "movie_keyword",
                      "Alias": "mk",
                      "Startup Cost": 0.43,
                      "Total Cost": 8.38,
                      "Plan Rows": 30,
                      "Plan Width": 4,
                      "Actual Startup Time": 0.01,
                      "Actual Total Time": 0.011,
                      "Actual Rows": 4,
                      "Actual Loops": 5068,
                      "Index Cond": "(movie_id = t.id)",
                      "Rows Removed by Index Recheck": 0,
                      "Filter": "(keyword_id < 9414)",
                      "Rows Removed by Filter": 2
                    }
                  ]
                }
              ]
            }
          ]
        }
      ]
    },
    "Planning Time": 0.32,
    "Triggers": [],
    "Execution Time": 113.112
  }
]