[
  {
    "Plan": {
      "Node Type": "Aggregate",
      "Strategy": "Plain",
      "Partial Mode": "Finalize",
      "Parallel Aware": false,
      "Startup Cost": 46575.37,
      "Total Cost": 46575.38,
      "Plan Rows": 1,
      "Plan Width": 8,
      "Actual Startup Time": 47.344,
      "Actual Total Time": 56.567,
      "Actual Rows": 1,
      "Actual Loops": 1,
      "Plans": [
        {
          "Node Type": "Gather",
          "Parent Relationship": "Outer",
          "Parallel Aware": false,
          "Startup Cost": 46575.16,
          "Total Cost": 46575.37,
          "Plan Rows": 2,
          "Plan Width": 8,
          "Actual Startup Time": 47.127,
          "Actual Total Time": 56.561,
          "Actual Rows": 3,
          "Actual Loops": 1,
          "Workers Planned": 2,
          "Workers Launched": 2,
          "Single Copy": false,
          "Plans": [
            {
              "Node Type": "Aggregate",
              "Strategy": "Plain",
              "Partial Mode": "Partial",
              "Parent Relationship": "Outer",
              "Parallel Aware": false,
              "Startup Cost": 45575.16,
              "Total Cost": 45575.17,
              "Plan Rows": 1,
              "Plan Width": 8,
              "Actual Startup Time": 43.208,
              "Actual Total Time": 43.209,
              "Actual Rows": 1,
              "Actual Loops": 3,
              "Plans": [
                {
                  "Node Type": "Nested Loop",
                  "Parent Relationship": "Outer",
                  "Parallel Aware": false,
                  "Join Type": "Inner",
                  "Startup Cost": 208.83,
                  "Total Cost": 45572.13,
                  "Plan Rows": 1211,
                  "Plan Width": 0,
                  "Actual Startup Time": 1.818,
                  "Actual Total Time": 42.948,
                  "Actual Rows": 2430,
                  "Actual Loops": 3,
                  "Inner Unique": true,
                  "Plans": [
                    {
                      "Node Type": "Bitmap Heap Scan",
                      "Parent Relationship": "Outer",
                      "Parallel Aware": true,
                      "Relation Name": "movie_keyword",
                      "Alias": "mk",
                      "Startup Cost": 208.4,
                      "Total Cost": 18766.8,
                      "Plan Rows": 4084,
                      "Plan Width": 4,
                      "Actual Startup Time": 1.522,
                      "Actual Total Time": 14.013,
                      "Actual Rows": 3600,
                      "Actual Loops": 3,
                      "Recheck Cond": "(keyword_id = 347)",
                      "Rows Removed by Index Recheck": 0,
                      "Exact Heap Blocks": 4742,
                      "Lossy Heap Blocks": 0,
                      "Plans": [
                        {
                          "Node Type": "Bitmap Index Scan",
                          "Parent Relationship": "Outer",
                          "Parallel Aware": false,
                          "Index Name": "keyword_id_movie_keyword",
                          "Startup Cost": 0.0,
                          "Total Cost": 205.95,
                          "Plan Rows": 9802,
                          "Plan Width": 0,
                          "Actual Startup Time": 2.998,
                          "Actual Total Time": 2.998,
                          "Actual Rows": 10799,
                          "Actual Loops": 1,
                          "Index Cond": "(keyword_id = 347)"
                        }
                      ]
                    },
                    {
                      "Node Type": "Index Scan",
                      "Parent Relationship": "Inner",
                      "Parallel Aware": false,
                      "Scan Direction": "Forward",
                      "Index Name": "title_pkey",
                      "Relation Name": "title",
                      "Alias": "t",
                      "Startup Cost": 0.43,
                      "Total Cost": 6.56,
                      "Plan Rows": 1,
                      "Plan Width": 4,
                      "Actual Startup Time": 0.008,
                      "Actual Total Time": 0.008,
                      "Actual Rows": 1,
                      "Actual Loops": 10799,
                      "Index Cond": "(id = mk.movie_id)",
                      "Rows Removed by Index Recheck": 0,
                      "Filter": "((kind_id < 4) AND (production_year < 2012))",
                      "Rows Removed by Filter": 0
                    }
                  ]
                }
              ]
            }
          ]
        }
      ]
    },
    "Planning Time": 0.267,
    "Triggers": [],
    "Execution Time": 56.607
  }
]