[
  {
    "Plan": {
      "Node Type": "Aggregate",
      "Strategy": "Plain",
      "Partial Mode": "Finalize",
      "Parallel Aware": false,
      "Startup Cost": 49829.4,
      "Total Cost": 49829.41,
      "Plan Rows": 1,
      "Plan Width": 8,
      "Actual Startup Time": 56.611,
      "Actual Total Time": 64.996,
      "Actual Rows": 1,
      "Actual Loops": 1,
      "Plans": [
        {
          "Node Type": "Gather",
          "Parent Relationship": "Outer",
          "Parallel Aware": false,
          "Startup Cost": 49829.18,
          "Total Cost": 49829.39,
          "Plan Rows": 2,
          "Plan Width": 8,
          "Actual Startup Time": 56.339,
          "Actual Total Time": 64.99,
          "Actual Rows": 3,
          "Actual Loops": 1,
          "Workers Planned": 2,
          "Workers Launched": 2,
          "Single Copy": false,
          "Plans": [
            {
              "Node Type": "Aggregate",
              "Strategy": "Plain",
              "Partial Mode": "Partial",
              "Parent Relationship": "Outer",
              "Parallel Aware": false,
              "Startup Cost": 48829.18,
              "Total Cost": 48829.19,
              "Plan Rows": 1,
              "Plan Width": 8,
              "Actual Startup Time": 48.441,
              "Actual Total Time": 48.442,
              "Actual Rows": 1,
              "Actual Loops": 3,
              "Plans": [
                {
                  "Node Type": "Nested Loop",
                  "Parent Relationship": "Outer",
                  "Parallel Aware": false,
                  "Join Type": "Inner",
                  "Startup Cost": 233.0,
                  "Total Cost": 48825.81,
                  "Plan Rows": 1349,
                  "Plan Width": 0,
                  "Actual Startup Time": 5.007,
                  "Actual Total Time": 48.161,
                  "Actual Rows": 2430,
                  "Actual Loops": 3,
                  "Inner Unique": true,
                  "Plans": [
                    {
                      "Node Type": "Bitmap Heap Scan",
                      "Parent Relationship": "Outer",
                      "Parallel Aware": true,
                      "Relation Name": "movie_keyword",
                      "Alias": "mk",
                      "Startup Cost": 232.57,
                      "Total Cost": 19762.21,
                      "Plan Rows": 4524,
                      "Plan Width": 4,
                      "Actual Startup Time": 4.499,
                      "Actual Total Time": 16.817,
                      "Actual Rows": 3600,
                      "Actual Loops": 3,
                      "Recheck Cond": "(keyword_id = 347)",
                      "Rows Removed by Index Recheck": 0,
                      "Exact Heap Blocks": 5828,
                      "Lossy Heap Blocks": 0,
                      "Plans": [
                        {
                          "Node Type": "Bitmap Index Scan",
                          "Parent Relationship": "Outer",
                          "Parallel Aware": false,
                          "Index Name": "keyword_id_movie_keyword",
                          "Startup Cost": 0.0,
                          "Total Cost": 229.86,
                          "Plan Rows": 10857,
                          "Plan Width": 0,
                          "Actual Startup Time": 7.616,
                          "Actual Total Time": 7.616,
                          "Actual Rows": 10799,
                          "Actual Loops": 1,
                          "Index Cond": "(keyword_id = 347)"
                        }
                      ]
                    },
                    {
                      "Node Type": "Index Scan",
                      "Parent Relationship": "Inner",
                      "Parallel Aware": false,
                      "Scan Direction": "Forward",
                      "Index Name": "title_pkey",
                      "Relation Name": "title",
                      "Alias": "t",
                      "Startup Cost": 0.43,
                      "Total Cost": 6.42,
                      "Plan Rows": 1,
                      "Plan Width": 4,
                      "Actual Startup Time": 0.008,
                      "Actual Total Time": 0.008,
                      "Actual Rows": 1,
                      "Actual Loops": 10799,
                      "Index Cond": "(id = mk.movie_id)",
                      "Rows Removed by Index Recheck": 0,
                      "Filter": "((kind_id < 4) AND (production_year < 2012))",
                      "Rows Removed by Filter": 0
                    }
                  ]
                }
              ]
            }
          ]
        }
      ]
    },
    "Planning Time": 0.604,
    "Triggers": [],
    "Execution Time": 65.092
  }
]