[
  {
    "Plan": {
      "Node Type": "Aggregate",
      "Strategy": "Plain",
      "Partial Mode": "Finalize",
      "Parallel Aware": false,
      "Startup Cost": 41377.95,
      "Total Cost": 41377.96,
      "Plan Rows": 1,
      "Plan Width": 8,
      "Actual Startup Time": 161.263,
      "Actual Total Time": 167.485,
      "Actual Rows": 1,
      "Actual Loops": 1,
      "Plans": [
        {
          "Node Type": "Gather",
          "Parent Relationship": "Outer",
          "Parallel Aware": false,
          "Startup Cost": 41377.63,
          "Total Cost": 41377.94,
          "Plan Rows": 3,
          "Plan Width": 8,
          "Actual Startup Time": 160.893,
          "Actual Total Time": 167.474,
          "Actual Rows": 4,
          "Actual Loops": 1,
          "Workers Planned": 3,
          "Workers Launched": 3,
          "Single Copy": false,
          "Plans": [
            {
              "Node Type": "Aggregate",
              "Strategy": "Plain",
              "Partial Mode": "Partial",
              "Parent Relationship": "Outer",
              "Parallel Aware": false,
              "Startup Cost": 40377.63,
              "Total Cost": 40377.64,
              "Plan Rows": 1,
              "Plan Width": 8,
              "Actual Startup Time": 152.997,
              "Actual Total Time": 152.999,
              "Actual Rows": 1,
              "Actual Loops": 4,
              "Plans": [
                {
                  "Node Type": "Bitmap Heap Scan",
                  "Parent Relationship": "Outer",
                  "Parallel Aware": true,
                  "Relation Name": "movie_keyword",
                  "Alias": "mk",
                  "Startup Cost": 12965.84,
                  "Total Cost": 39884.67,
                  "Plan Rows": 197186,
                  "Plan Width": 0,
                  "Actual Startup Time": 61.278,
                  "Actual Total Time": 142.738,
                  "Actual Rows": 149681,
                  "Actual Loops": 4,
                  "Recheck Cond": "(keyword_id > 30667)",
                  "Rows Removed by Index Recheck": 0,
                  "Exact Heap Blocks": 7591,
                  "Lossy Heap Blocks": 0,
                  "Plans": [
                    {
                      "Node Type": "Bitmap Index Scan",
                      "Parent Relationship": "Outer",
                      "Parallel Aware": false,
                      "Index Name": "keyword_id_movie_keyword",
                      "Startup Cost": 0.0,
                      "Total Cost": 12813.02,
                      "Plan Rows": 611278,
                      "Plan Width": 0,
                      "Actual Startup Time": 62.712,
                      "Actual Total Time": 62.713,
                      "Actual Rows": 598725,
                      "Actual Loops": 1,
                      "Index Cond": "(keyword_id > 30667)"
                    }
                  ]
                }
              ]
            }
          ]
        }
      ]
    },
    "Planning Time": 0.194,
    "Triggers": [],
    "Execution Time": 167.566
  }
]