[
  {
    "Plan": {
      "Node Type": "Aggregate",
      "Strategy": "Plain",
      "Partial Mode": "Finalize",
      "Parallel Aware": false,
      "Startup Cost": 110862.49,
      "Total Cost": 110862.5,
      "Plan Rows": 1,
      "Plan Width": 8,
      "Actual Startup Time": 396.391,
      "Actual Total Time": 441.033,
      "Actual Rows": 1,
      "Actual Loops": 1,
      "Plans": [
        {
          "Node Type": "Gather",
          "Parent Relationship": "Outer",
          "Parallel Aware": false,
          "Startup Cost": 110862.17,
          "Total Cost": 110862.48,
          "Plan Rows": 3,
          "Plan Width": 8,
          "Actual Startup Time": 395.323,
          "Actual Total Time": 441.019,
          "Actual Rows": 4,
          "Actual Loops": 1,
          "Workers Planned": 3,
          "Workers Launched": 3,
          "Single Copy": false,
          "Plans": [
            {
              "Node Type": "Aggregate",
              "Strategy": "Plain",
              "Partial Mode": "Partial",
              "Parent Relationship": "Outer",
              "Parallel Aware": false,
              "Startup Cost": 109862.17,
              "Total Cost": 109862.18,
              "Plan Rows": 1,
              "Plan Width": 8,
              "Actual Startup Time": 386.464,
              "Actual Total Time": 386.468,
              "Actual Rows": 1,
              "Actual Loops": 4,
              "Plans": [
                {
                  "Node Type": "Nested Loop",
                  "Parent Relationship": "Outer",
                  "Parallel Aware": false,
                  "Join Type": "Inner",
                  "Startup Cost": 44396.48,
                  "Total Cost": 109703.4,
                  "Plan Rows": 63511,
                  "Plan Width": 0,
                  "Actual Startup Time": 156.26,
                  "Actual Total Time": 379.204,
                  "Actual Rows": 109782,
                  "Actual Loops": 4,
                  "Inner Unique": false,
                  "Join Filter": "(t.id = mi.movie_id)",
                  "Rows Removed by Join Filter": 0,
                  "Plans": [
                    {
                      "Node Type": "Hash Join",
                      "Parent Relationship": "Outer",
                      "Parallel Aware": true,
                      "Join Type": "Inner",
                      "Startup Cost": 44396.05,
                      "Total Cost": 74158.36,
                      "Plan Rows": 10816,
                      "Plan Width": 8,
                      "Actual Startup Time": 156.125,
                      "Actual Total Time": 224.464,
                      "Actual Rows": 7960,
                      "Actual Loops": 4,
                      "Inner Unique": true,
                      "Hash Cond": "(mc.movie_id = t.id)",
                      "Plans": [
                        {
                          "Node Type": "Seq Scan",
                          "Parent Relationship": "Outer",
                          "Parallel Aware": true,
                          "Relation Name": "movie_companies",
                          "Alias": "mc",
                          "Startup Cost": 0.0,
                          "Total Cost": 29310.68,
                          "Plan Rows": 172052,
                          "Plan Width": 4,
                          "Actual Startup Time": 35.376,
                          "Actual Total Time": 73.224,
                          "Actual Rows": 132860,
                          "Actual Loops": 4,
                          "Filter": "(company_id > 72650)",
                          "Rows Removed by Filter": 519422
                        },
                        {
                          "Node Type": "Hash",
                          "Parent Relationship": "Inner",
                          "Parallel Aware": true,
                          "Startup Cost": 43899.32,
                          "Total Cost": 43899.32,
                          "Plan Rows": 39738,
                          "Plan Width": 4,
                          "Actual Startup Time": 119.576,
                          "Actual Total Time": 119.577,
                          "Actual Rows": 40004,
                          "Actual Loops": 4,
                          "Hash Buckets": 262144,
                          "Original Hash Buckets": 262144,
                          "Hash Batches": 1,
                          "Original Hash Batches": 1,
                          "Peak Memory Usage": 8352,
                          "Plans": [
                            {
                              "Node Type": "Seq Scan",
                              "Parent Relationship": "Outer",
                              "Parallel Aware": true,
                              "Relation Name": "title",
                              "Alias": "t",
                              "Startup Cost": 0.0,
                              "Total Cost": 43899.32,
                              "Plan Rows": 39738,
                              "Plan Width": 4,
                              "Actual Startup Time": 0.046,
                              "Actual Total Time": 103.168,
                              "Actual Rows": 40004,
                              "Actual Loops": 4,
                              "Filter": "(production_year = 2011)",
                              "Rows Removed by Filter": 592074
                            }
                          ]
                        }
                      ]
                    },
                    {
                      "Node Type": "Index Only Scan",
                      "Parent Relationship": "Inner",
                      "Parallel Aware": false,
                      "Scan Direction": "Forward",
                      "Index Name": "movie_id_movie_info",
                      "Relation Name": "movie_info",
                      "Alias": "mi",
                      "Startup Cost": 0.43,
                      "Total Cost": 2.77,
                      "Plan Rows": 41,
                      "Plan Width": 4,
                      "Actual Startup Time": 0.006,
                      "Actual Total Time": 0.017,
                      "Actual Rows": 14,
                      "Actual Loops": 31842,
                      "Index Cond": "(movie_id = mc.movie_id)",
                      "Rows Removed by Index Recheck": 0,
                      "Heap Fetches": 439130
                    }
                  ]
                }
              ]
            }
          ]
        }
      ]
    },
    "Planning Time": 0.369,
    "Triggers": [],
    "Execution Time": 441.084
  }
]