[
  {
    "Plan": {
      "Node Type": "Aggregate",
      "Strategy": "Plain",
      "Partial Mode": "Finalize",
      "Parallel Aware": false,
      "Startup Cost": 101430.75,
      "Total Cost": 101430.76,
      "Plan Rows": 1,
      "Plan Width": 8,
      "Actual Startup Time": 634.594,
      "Actual Total Time": 651.331,
      "Actual Rows": 1,
      "Actual Loops": 1,
      "Plans": [
        {
          "Node Type": "Gather",
          "Parent Relationship": "Outer",
          "Parallel Aware": false,
          "Startup Cost": 101430.53,
          "Total Cost": 101430.74,
          "Plan Rows": 2,
          "Plan Width": 8,
          "Actual Startup Time": 627.35,
          "Actual Total Time": 651.323,
          "Actual Rows": 3,
          "Actual Loops": 1,
          "Workers Planned": 2,
          "Workers Launched": 2,
          "Single Copy": false,
          "Plans": [
            {
              "Node Type": "Aggregate",
              "Strategy": "Plain",
              "Partial Mode": "Partial",
              "Parent Relationship": "Outer",
              "Parallel Aware": false,
              "Startup Cost": 100430.53,
              "Total Cost": 100430.54,
              "Plan Rows": 1,
              "Plan Width": 8,
              "Actual Startup Time": 619.092,
              "Actual Total Time": 619.098,
              "Actual Rows": 1,
              "Actual Loops": 3,
              "Plans": [
                {
                  "Node Type": "Hash Join",
                  "Parent Relationship": "Outer",
                  "Parallel Aware": true,
                  "Join Type": "Inner",
                  "Startup Cost": 84178.26,
                  "Total Cost": 100251.16,
                  "Plan Rows": 71749,
                  "Plan Width": 0,
                  "Actual Startup Time": 533.433,
                  "Actual Total Time": 609.613,
                  "Actual Rows": 240027,
                  "Actual Loops": 3,
                  "Inner Unique": false,
                  "Hash Cond": "(mi_idx.movie_id = t.id)",
                  "Plans": [
                    {
                      "Node Type": "Seq Scan",
                      "Parent Relationship": "Outer",
                      "Parallel Aware": true,
                      "Relation Name": "movie_info_idx",
                      "Alias": "mi_idx",
                      "Startup Cost": 0.0,
                      "Total Cost": 13685.15,
                      "Plan Rows": 575015,
                      "Plan Width": 4,
                      "Actual Startup Time": 0.028,
                      "Actual Total Time": 32.486,
                      "Actual Rows": 460012,
                      "Actual Loops": 3
                    },
                    {
                      "Node Type": "Hash",
                      "Parent Relationship": "Inner",
                      "Parallel Aware": true,
                      "Startup Cost": 82906.19,
                      "Total Cost": 82906.19,
                      "Plan Rows": 101765,
                      "Plan Width": 8,
                      "Actual Startup Time": 512.891,
                      "Actual Total Time": 512.895,
                      "Actual Rows": 103485,
                      "Actual Loops": 3,
                      "Hash Buckets": 524288,
                      "Original Hash Buckets": 524288,
                      "Hash Batches": 1,
                      "Original Hash Batches": 1,
                      "Peak Memory Usage": 16288,
                      "Plans": [
                        {
                          "Node Type": "Hash Join",
                          "Parent Relationship": "Outer",
                          "Parallel Aware": true,
                          "Join Type": "Inner",
                          "Startup Cost": 56912.99,
                          "Total Cost": 82906.19,
                          "Plan Rows": 101765,
                          "Plan Width": 8,
                          "Actual Startup Time": 411.997,
                          "Actual Total Time": 487.701,
                          "Actual Rows": 103485,
                          "Actual Loops": 3,
                          "Inner Unique": true,
                          "Hash Cond": "(mk.movie_id = t.id)",
                          "Plans": [
                            {
                              "Node Type": "Bitmap Heap Scan",
                              "Parent Relationship": "Outer",
                              "Parallel Aware": true,
                              "Relation Name": "movie_keyword",
                              "Alias": "mk",
                              "Startup Cost": 6693.35,
                              "Total Cost": 32419.42,
                              "Plan Rows": 101765,
                              "Plan Width": 4,
                              "Actual Startup Time": 20.415,
                              "Actual Total Time": 62.368,
                              "Actual Rows": 103485,
                              "Actual Loops": 3,
                              "Recheck Cond": "(keyword_id > 52594)",
                              "Rows Removed by Index Recheck": 0,
                              "Exact Heap Blocks": 8165,
                              "Lossy Heap Blocks": 0,
                              "Plans": [
                                {
                                  "Node Type": "Bitmap Index Scan",
                                  "Parent Relationship": "Outer",
                                  "Parallel Aware": false,
                                  "Index Name": "keyword_id_movie_keyword",
                                  "Startup Cost": 0.0,
                                  "Total Cost": 6614.48,
                                  "Plan Rows": 315473,
                                  "Plan Width": 0,
                                  "Actual Startup Time": 17.141,
                                  "Actual Total Time": 17.142,
                                  "Actual Rows": 310455,
                                  "Actual Loops": 1,
                                  "Index Cond": "(keyword_id > 52594)"
                                }
                              ]
                            },
                            {
                              "Node Type": "Hash",
                              "Parent Relationship": "Inner",
                              "Parallel Aware": true,
                              "Startup Cost": 42318.73,
                              "Total Cost": 42318.73,
                              "Plan Rows": 632073,
                              "Plan Width": 4,
                              "Actual Startup Time": 379.805,
                              "Actual Total Time": 379.806,
                              "Actual Rows": 842771,
                              "Actual Loops": 3,
                              "Hash Buckets": 4194304,
                              "Original Hash Buckets": 4194304,
                              "Hash Batches": 1,
                              "Original Hash Batches": 1,
                              "Peak Memory Usage": 131712,
                              "Plans": [
                                {
                                  "Node Type": "Seq Scan",
                                  "Parent Relationship": "Outer",
                                  "Parallel Aware": true,
                                  "Relation Name": "title",
                                  "Alias": "t",
                                  "Startup Cost": 0.0,
                                  "Total Cost": 42318.73,
                                  "Plan Rows": 632073,
                                  "Plan Width": 4,
                                  "Actual Startup Time": 0.044,
                                  "Actual Total Time": 108.638,
                                  "Actual Rows": 842771,
                                  "Actual Loops": 3
                                }
                              ]
                            }
                          ]
                        }
                      ]
                    }
                  ]
                }
              ]
            }
          ]
        }
      ]
    },
    "Planning Time": 1.112,
    "Triggers": [],
    "Execution Time": 651.424
  }
]