[
  {
    "Plan": {
      "Node Type": "Aggregate",
      "Strategy": "Plain",
      "Partial Mode": "Finalize",
      "Parallel Aware": false,
      "Startup Cost": 32705.98,
      "Total Cost": 32705.99,
      "Plan Rows": 1,
      "Plan Width": 8,
      "Actual Startup Time": 72.829,
      "Actual Total Time": 80.262,
      "Actual Rows": 1,
      "Actual Loops": 1,
      "Plans": [
        {
          "Node Type": "Gather",
          "Parent Relationship": "Outer",
          "Parallel Aware": false,
          "Startup Cost": 32705.67,
          "Total Cost": 32705.98,
          "Plan Rows": 3,
          "Plan Width": 8,
          "Actual Startup Time": 72.717,
          "Actual Total Time": 80.254,
          "Actual Rows": 4,
          "Actual Loops": 1,
          "Workers Planned": 3,
          "Workers Launched": 3,
          "Single Copy": false,
          "Plans": [
            {
              "Node Type": "Aggregate",
              "Strategy": "Plain",
              "Partial Mode": "Partial",
              "Parent Relationship": "Outer",
              "Parallel Aware": false,
              "Startup Cost": 31705.67,
              "Total Cost": 31705.68,
              "Plan Rows": 1,
              "Plan Width": 8,
              "Actual Startup Time": 68.903,
              "Actual Total Time": 68.904,
              "Actual Rows": 1,
              "Actual Loops": 4,
              "Plans": [
                {
                  "Node Type": "Seq Scan",
                  "Parent Relationship": "Outer",
                  "Parallel Aware": true,
                  "Relation Name": "movie_companies",
                  "Alias": "mc",
                  "Startup Cost": 0.0,
                  "Total Cost": 31414.82,
                  "Plan Rows": 116339,
                  "Plan Width": 0,
                  "Actual Startup Time": 22.456,
                  "Actual Total Time": 68.266,
                  "Actual Rows": 11132,
                  "Actual Loops": 4,
                  "Filter": "((company_id > 40238) AND (company_type_id < 2))",
                  "Rows Removed by Filter": 641150
                }
              ]
            }
          ]
        }
      ]
    },
    "Planning Time": 0.228,
    "Triggers": [],
    "Execution Time": 80.319
  }
]