[
  {
    "Plan": {
      "Node Type": "Aggregate",
      "Strategy": "Plain",
      "Partial Mode": "Finalize",
      "Parallel Aware": false,
      "Startup Cost": 32699.89,
      "Total Cost": 32699.9,
      "Plan Rows": 1,
      "Plan Width": 8,
      "Actual Startup Time": 84.406,
      "Actual Total Time": 92.235,
      "Actual Rows": 1,
      "Actual Loops": 1,
      "Plans": [
        {
          "Node Type": "Gather",
          "Parent Relationship": "Outer",
          "Parallel Aware": false,
          "Startup Cost": 32699.58,
          "Total Cost": 32699.89,
          "Plan Rows": 3,
          "Plan Width": 8,
          "Actual Startup Time": 84.296,
          "Actual Total Time": 92.227,
          "Actual Rows": 4,
          "Actual Loops": 1,
          "Workers Planned": 3,
          "Workers Launched": 3,
          "Single Copy": false,
          "Plans": [
            {
              "Node Type": "Aggregate",
              "Strategy": "Plain",
              "Partial Mode": "Partial",
              "Parent Relationship": "Outer",
              "Parallel Aware": false,
              "Startup Cost": 31699.58,
              "Total Cost": 31699.59,
              "Plan Rows": 1,
              "Plan Width": 8,
              "Actual Startup Time": 75.516,
              "Actual Total Time": 75.517,
              "Actual Rows": 1,
              "Actual Loops": 4,
              "Plans": [
                {
                  "Node Type": "Seq Scan",
                  "Parent Relationship": "Outer",
                  "Parallel Aware": true,
                  "Relation Name": "movie_companies",
                  "Alias": "mc",
                  "Startup Cost": 0.0,
                  "Total Cost": 31414.82,
                  "Plan Rows": 113903,
                  "Plan Width": 0,
                  "Actual Startup Time": 31.453,
                  "Actual Total Time": 74.963,
                  "Actual Rows": 11132,
                  "Actual Loops": 4,
                  "Filter": "((company_id > 40238) AND (company_type_id < 2))",
                  "Rows Removed by Filter": 641150
                }
              ]
            }
          ]
        }
      ]
    },
    "Planning Time": 0.194,
    "Triggers": [],
    "Execution Time": 92.286
  }
]