{
  "Plan": {
    "Node Type": "Aggregate",
    "Strategy": "Plain",
    "Partial Mode": "Finalize",
    "Parallel Aware": false,
    "Startup Cost": 562541.01,
    "Total Cost": 562541.02,
    "Plan Rows": 1,
    "Plan Width": 8,
    "Actual Startup Time": 1836.593,
    "Actual Total Time": 1866.627,
    "Actual Rows": 1,
    "Actual Loops": 1,
    "Plans": [
      {
        "Node Type": "Gather",
        "Parent Relationship": "Outer",
        "Parallel Aware": false,
        "Startup Cost": 562540.9,
        "Total Cost": 562541.01,
        "Plan Rows": 1,
        "Plan Width": 8,
        "Actual Startup Time": 1835.334,
        "Actual Total Time": 1866.619,
        "Actual Rows": 2,
        "Actual Loops": 1,
        "Workers Planned": 1,
        "Workers Launched": 1,
        "Single Copy": false,
        "Plans": [
          {
            "Node Type": "Aggregate",
            "Strategy": "Plain",
            "Partial Mode": "Partial",
            "Parent Relationship": "Outer",
            "Parallel Aware": false,
            "Startup Cost": 561540.9,
            "Total Cost": 561540.91,
            "Plan Rows": 1,
            "Plan Width": 8,
            "Actual Startup Time": 1828.987,
            "Actual Total Time": 1828.994,
            "Actual Rows": 1,
            "Actual Loops": 2,
            "Plans": [
              {
                "Node Type": "Hash Join",
                "Parent Relationship": "Outer",
                "Parallel Aware": true,
                "Join Type": "Inner",
                "Startup Cost": 497240.45,
                "Total Cost": 560569.86,
                "Plan Rows": 388415,
                "Plan Width": 0,
                "Actual Startup Time": 1264.171,
                "Actual Total Time": 1749.987,
                "Actual Rows": 1987490,
                "Actual Loops": 2,
                "Inner Unique": false,
                "Hash Cond": "(mk.movie_id = t.id)",
                "Plans": [
                  {
                    "Node Type": "Seq Scan",
                    "Parent Relationship": "Outer",
                    "Parallel Aware": true,
                    "Relation Name": "movie_keyword",
                    "Alias": "mk",
                    "Startup Cost": 0.0,
                    "Total Cost": 51065.35,
                    "Plan Rows": 2661135,
                    "Plan Width": 4,
                    "Actual Startup Time": 0.011,
                    "Actual Total Time": 156.184,
                    "Actual Rows": 2261965,
                    "Actual Loops": 2
                  },
                  {
                    "Node Type": "Hash",
                    "Parent Relationship": "Inner",
                    "Parallel Aware": true,
                    "Startup Cost": 494527.03,
                    "Total Cost": 494527.03,
                    "Plan Rows": 217074,
                    "Plan Width": 8,
                    "Actual Startup Time": 1255.426,
                    "Actual Total Time": 1255.431,
                    "Actual Rows": 155211,
                    "Actual Loops": 2,
                    "Hash Buckets": 524288,
                    "Original Hash Buckets": 524288,
                    "Hash Batches": 1,
                    "Original Hash Batches": 1,
                    "Peak Memory Usage": 16288,
                    "Plans": [
                      {
                        "Node Type": "Hash Join",
                        "Parent Relationship": "Outer",
                        "Parallel Aware": true,
                        "Join Type": "Inner",
                        "Startup Cost": 188398.56,
                        "Total Cost": 494527.03,
                        "Plan Rows": 217074,
                        "Plan Width": 8,
                        "Actual Startup Time": 489.89,
                        "Actual Total Time": 1211.051,
                        "Actual Rows": 155211,
                        "Actual Loops": 2,
                        "Inner Unique": true,
                        "Hash Cond": "(ci.movie_id = t.id)",
                        "Plans": [
                          {
                            "Node Type": "Bitmap Heap Scan",
                            "Parent Relationship": "Outer",
                            "Parallel Aware": true,
                            "Relation Name": "cast_info",
                            "Alias": "ci",
                            "Startup Cost": 132668.05,
                            "Total Cost": 429521.54,
                            "Plan Rows": 3533319,
                            "Plan Width": 4,
                            "Actual Startup Time": 332.788,
                            "Actual Total Time": 651.545,
                            "Actual Rows": 3097495,
                            "Actual Loops": 2,
                            "Recheck Cond": "(person_id < 597397)",
                            "Rows Removed by Index Recheck": 0,
                            "Exact Heap Blocks": 36270,
                            "Lossy Heap Blocks": 0,
                            "Plans": [
                              {
                                "Node Type": "Bitmap Index Scan",
                                "Parent Relationship": "Outer",
                                "Parallel Aware": false,
                                "Index Name": "person_id_cast_info",
                                "Startup Cost": 0.0,
                                "Total Cost": 131166.39,
                                "Plan Rows": 6006643,
                                "Plan Width": 0,
                                "Actual Startup Time": 321.441,
                                "Actual Total Time": 321.442,
                                "Actual Rows": 6194990,
                                "Actual Loops": 1,
                                "Index Cond": "(person_id < 597397)"
                              }
                            ]
                          },
                          {
                            "Node Type": "Hash",
                            "Parent Relationship": "Inner",
                            "Parallel Aware": true,
                            "Startup Cost": 54588.39,
                            "Total Cost": 54588.39,
                            "Plan Rows": 91370,
                            "Plan Width": 4,
                            "Actual Startup Time": 154.625,
                            "Actual Total Time": 154.626,
                            "Actual Rows": 80168,
                            "Actual Loops": 2,
                            "Hash Buckets": 262144,
                            "Original Hash Buckets": 262144,
                            "Hash Batches": 1,
                            "Original Hash Batches": 1,
                            "Peak Memory Usage": 8352,
                            "Plans": [
                              {
                                "Node Type": "Seq Scan",
                                "Parent Relationship": "Outer",
                                "Parallel Aware": true,
                                "Relation Name": "title",
                                "Alias": "t",
                                "Startup Cost": 0.0,
                                "Total Cost": 54588.39,
                                "Plan Rows": 91370,
                                "Plan Width": 4,
                                "Actual Startup Time": 0.584,
                                "Actual Total Time": 135.372,
                                "Actual Rows": 80168,
                                "Actual Loops": 2,
                                "Filter": "(production_year < 1949)",
                                "Rows Removed by Filter": 1183988
                              }
                            ]
                          }
                        ]
                      }
                    ]
                  }
                ]
              }
            ]
          }
        ]
      }
    ]
  },
  "Planning Time": 0.884,
  "Triggers": [],
  "Execution Time": 1866.731
}