[
  {
    "Plan": {
      "Node Type": "Aggregate",
      "Strategy": "Plain",
      "Partial Mode": "Finalize",
      "Parallel Aware": false,
      "Startup Cost": 31241.08,
      "Total Cost": 31241.09,
      "Plan Rows": 1,
      "Plan Width": 8,
      "Actual Startup Time": 89.596,
      "Actual Total Time": 94.86,
      "Actual Rows": 1,
      "Actual Loops": 1,
      "Plans": [
        {
          "Node Type": "Gather",
          "Parent Relationship": "Outer",
          "Parallel Aware": false,
          "Startup Cost": 31240.76,
          "Total Cost": 31241.07,
          "Plan Rows": 3,
          "Plan Width": 8,
          "Actual Startup Time": 89.466,
          "Actual Total Time": 94.852,
          "Actual Rows": 4,
          "Actual Loops": 1,
          "Workers Planned": 3,
          "Workers Launched": 3,
          "Single Copy": false,
          "Plans": [
            {
              "Node Type": "Aggregate",
              "Strategy": "Plain",
              "Partial Mode": "Partial",
              "Parent Relationship": "Outer",
              "Parallel Aware": false,
              "Startup Cost": 30240.76,
              "Total Cost": 30240.77,
              "Plan Rows": 1,
              "Plan Width": 8,
              "Actual Startup Time": 84.809,
              "Actual Total Time": 84.81,
              "Actual Rows": 1,
              "Actual Loops": 4,
              "Plans": [
                {
                  "Node Type": "Seq Scan",
                  "Parent Relationship": "Outer",
                  "Parallel Aware": true,
                  "Relation Name": "movie_companies",
                  "Alias": "mc",
                  "Startup Cost": 0.0,
                  "Total Cost": 29310.68,
                  "Plan Rows": 372032,
                  "Plan Width": 0,
                  "Actual Startup Time": 12.444,
                  "Actual Total Time": 71.556,
                  "Actual Rows": 285911,
                  "Actual Loops": 4,
                  "Filter": "(company_id > 13224)",
                  "Rows Removed by Filter": 366371
                }
              ]
            }
          ]
        }
      ]
    },
    "Planning Time": 0.114,
    "Triggers": [],
    "Execution Time": 94.893
  }
]