[
  {
    "Plan": {
      "Node Type": "Aggregate",
      "Strategy": "Plain",
      "Partial Mode": "Simple",
      "Parallel Aware": false,
      "Startup Cost": 1337090.2,
      "Total Cost": 1337090.21,
      "Plan Rows": 1,
      "Plan Width": 32,
      "Actual Startup Time": 8915.455,
      "Actual Total Time": 8915.714,
      "Actual Rows": 1,
      "Actual Loops": 1,
      "Plans": [
        {
          "Node Type": "Merge Join",
          "Parent Relationship": "Outer",
          "Parallel Aware": false,
          "Join Type": "Inner",
          "Startup Cost": 1153196.65,
          "Total Cost": 1337090.2,
          "Plan Rows": 1,
          "Plan Width": 17,
          "Actual Startup Time": 8179.143,
          "Actual Total Time": 8915.673,
          "Actual Rows": 33,
          "Actual Loops": 1,
          "Inner Unique": false,
          "Merge Cond": "(n.id = ci.person_id)",
          "Plans": [
            {
              "Node Type": "Index Only Scan",
              "Parent Relationship": "Outer",
              "Parallel Aware": false,
              "Scan Direction": "Forward",
              "Index Name": "name_pkey",
              "Relation Name": "name",
              "Alias": "n",
              "Startup Cost": 0.43,
              "Total Cost": 178171.85,
              "Plan Rows": 4167419,
              "Plan Width": 4,
              "Actual Startup Time": 0.033,
              "Actual Total Time": 860.498,
              "Actual Rows": 1857975,
              "Actual Loops": 1,
              "Heap Fetches": 1857975
            },
            {
              "Node Type": "Sort",
              "Parent Relationship": "Inner",
              "Parallel Aware": false,
              "Startup Cost": 1153173.37,
              "Total Cost": 1153173.38,
              "Plan Rows": 1,
              "Plan Width": 21,
              "Actual Startup Time": 7963.245,
              "Actual Total Time": 7963.515,
              "Actual Rows": 33,
              "Actual Loops": 1,
              "Sort Key": [
                "ci.person_id"
              ],
              "Sort Method": "quicksort",
              "Sort Space Used": 26,
              "Sort Space Type": "Memory",
              "Plans": [
                {
                  "Node Type": "Merge Join",
                  "Parent Relationship": "Outer",
                  "Parallel Aware": false,
                  "Join Type": "Inner",
                  "Startup Cost": 1153137.08,
                  "Total Cost": 1153173.36,
                  "Plan Rows": 1,
                  "Plan Width": 21,
                  "Actual Startup Time": 7962.551,
                  "Actual Total Time": 7963.463,
                  "Actual Rows": 33,
                  "Actual Loops": 1,
                  "Inner Unique": false,
                  "Merge Cond": "(ci.movie_id = t.id)",
                  "Plans": [
                    {
                      "Node Type": "Sort",
                      "Parent Relationship": "Outer",
                      "Parallel Aware": false,
                      "Startup Cost": 857704.32,
                      "Total Cost": 857722.45,
                      "Plan Rows": 7252,
                      "Plan Width": 8,
                      "Actual Startup Time": 4398.143,
                      "Actual Total Time": 4398.342,
                      "Actual Rows": 556,
                      "Actual Loops": 1,
                      "Sort Key": [
                        "ci.movie_id"
                      ],
                      "Sort Method": "quicksort",
                      "Sort Space Used": 51,
                      "Sort Space Type": "Memory",
                      "Plans": [
                        {
                          "Node Type": "Gather",
                          "Parent Relationship": "Outer",
                          "Parallel Aware": false,
                          "Startup Cost": 166232.78,
                          "Total Cost": 857239.31,
                          "Plan Rows": 7252,
                          "Plan Width": 8,
                          "Actual Startup Time": 3507.588,
                          "Actual Total Time": 4398.06,
                          "Actual Rows": 556,
                          "Actual Loops": 1,
                          "Workers Planned": 6,
                          "Workers Launched": 6,
                          "Single Copy": false,
                          "Plans": [
                            {
                              "Node Type": "Merge Join",
                              "Parent Relationship": "Outer",
                              "Parallel Aware": false,
                              "Join Type": "Inner",
                              "Startup Cost": 165232.78,
                              "Total Cost": 855514.11,
                              "Plan Rows": 1209,
                              "Plan Width": 8,
                              "Actual Startup Time": 3554.111,
                              "Actual Total Time": 4386.111,
                              "Actual Rows": 79,
                              "Actual Loops": 7,
                              "Inner Unique": true,
                              "Merge Cond": "(ci.person_role_id = chn.id)",
                              "Plans": [
                                {
                                  "Node Type": "Index Scan",
                                  "Parent Relationship": "Outer",
                                  "Parallel Aware": true,
                                  "Scan Direction": "Forward",
                                  "Index Name": "person_role_id_cast_info",
                                  "Relation Name": "cast_info",
                                  "Alias": "ci",
                                  "Startup Cost": 0.56,
                                  "Total Cost": 1568043.3,
                                  "Plan Rows": 6043616,
                                  "Plan Width": 12,
                                  "Actual Startup Time": 0.149,
                                  "Actual Total Time": 2924.367,
                                  "Actual Rows": 2398342,
                                  "Actual Loops": 7
                                },
                                {
                                  "Node Type": "Sort",
                                  "Parent Relationship": "Inner",
                                  "Parallel Aware": false,
                                  "Startup Cost": 91433.12,
                                  "Total Cost": 91434.69,
                                  "Plan Rows": 628,
                                  "Plan Width": 4,
                                  "Actual Startup Time": 1225.459,
                                  "Actual Total Time": 1225.518,
                                  "Actual Rows": 30,
                                  "Actual Loops": 7,
                                  "Sort Key": [
                                    "chn.id"
                                  ],
                                  "Sort Method": "quicksort",
                                  "Sort Space Used": 26,
                                  "Sort Space Type": "Memory",
                                  "Workers": [
                                    {
                                      "Worker Number": 0,
                                      "Sort Method": "quicksort",
                                      "Sort Space Used": 26,
                                      "Sort Space Type": "Memory"
                                    },
                                    {
                                      "Worker Number": 1,
                                      "Sort Method": "quicksort",
                                      "Sort Space Used": 26,
                                      "Sort Space Type": "Memory"
                                    },
                                    {
                                      "Worker Number": 2,
                                      "Sort Method": "quicksort",
                                      "Sort Space Used": 26,
                                      "Sort Space Type": "Memory"
                                    },
                                    {
                                      "Worker Number": 3,
                                      "Sort Method": "quicksort",
                                      "Sort Space Used": 26,
                                      "Sort Space Type": "Memory"
                                    },
                                    {
                                      "Worker Number": 4,
                                      "Sort Method": "quicksort",
                                      "Sort Space Used": 26,
                                      "Sort Space Type": "Memory"
                                    },
                                    {
                                      "Worker Number": 5,
                                      "Sort Method": "quicksort",
                                      "Sort Space Used": 26,
                                      "Sort Space Type": "Memory"
                                    }
                                  ],
                                  "Plans": [
                                    {
                                      "Node Type": "Seq Scan",
                                      "Parent Relationship": "Outer",
                                      "Parallel Aware": false,
                                      "Relation Name": "char_name",
                                      "Alias": "chn",
                                      "Startup Cost": 0.0,
                                      "Total Cost": 91403.93,
                                      "Plan Rows": 628,
                                      "Plan Width": 4,
                                      "Actual Startup Time": 50.766,
                                      "Actual Total Time": 1225.284,
                                      "Actual Rows": 30,
                                      "Actual Loops": 7,
                                      "Filter": "((name !~~ '%Sherlock%'::text) AND ((name ~~ '%Tony%Stark%'::text) OR (name ~~ '%Iron%Man%'::text)))",
                                      "Rows Removed by Filter": 3140309
                                    }
                                  ]
                                }
                              ]
                            }
                          ]
                        }
                      ]
                    },
                    {
                      "Node Type": "Sort",
                      "Parent Relationship": "Inner",
                      "Parallel Aware": false,
                      "Startup Cost": 295432.76,
                      "Total Cost": 295432.77,
                      "Plan Rows": 3,
                      "Plan Width": 29,
                      "Actual Startup Time": 3564.086,
                      "Actual Total Time": 3564.581,
                      "Actual Rows": 5929,
                      "Actual Loops": 1,
                      "Sort Key": [
                        "cc.movie_id"
                      ],
                      "Sort Method": "quicksort",
                      "Sort Space Used": 680,
                      "Sort Space Type": "Memory",
                      "Plans": [
                        {
                          "Node Type": "Gather",
                          "Parent Relationship": "Outer",
                          "Parallel Aware": false,
                          "Startup Cost": 295432.38,
                          "Total Cost": 295432.73,
                          "Plan Rows": 3,
                          "Plan Width": 29,
                          "Actual Startup Time": 3554.871,
                          "Actual Total Time": 3562.456,
                          "Actual Rows": 6016,
                          "Actual Loops": 1,
                          "Workers Planned": 3,
                          "Workers Launched": 1,
                          "Single Copy": false,
                          "Plans": [
                            {
                              "Node Type": "Merge Join",
                              "Parent Relationship": "Outer",
                              "Parallel Aware": false,
                              "Join Type": "Inner",
                              "Startup Cost": 294432.38,
                              "Total Cost": 294432.43,
                              "Plan Rows": 1,
                              "Plan Width": 29,
                              "Actual Startup Time": 3546.076,
                              "Actual Total Time": 3546.609,
                              "Actual Rows": 3008,
                              "Actual Loops": 2,
                              "Inner Unique": true,
                              "Merge Cond": "(t.kind_id = kt.id)",
                              "Plans": [
                                {
                                  "Node Type": "Sort",
                                  "Parent Relationship": "Outer",
                                  "Parallel Aware": false,
                                  "Startup Cost": 294431.28,
                                  "Total Cost": 294431.3,
                                  "Plan Rows": 7,
                                  "Plan Width": 33,
                                  "Actual Startup Time": 3545.996,
                                  "Actual Total Time": 3546.122,
                                  "Actual Rows": 3009,
                                  "Actual Loops": 2,
                                  "Sort Key": [
                                    "t.kind_id"
                                  ],
                                  "Sort Method": "quicksort",
                                  "Sort Space Used": 400,
                                  "Sort Space Type": "Memory",
                                  "Workers": [
                                    {
                                      "Worker Number": 0,
                                      "Sort Method": "quicksort",
                                      "Sort Space Used": 416,
                                      "Sort Space Type": "Memory"
                                    }
                                  ],
                                  "Plans": [
                                    {
                                      "Node Type": "Merge Join",
                                      "Parent Relationship": "Outer",
                                      "Parallel Aware": false,
                                      "Join Type": "Inner",
                                      "Startup Cost": 293869.33,
                                      "Total Cost": 294431.19,
                                      "Plan Rows": 7,
                                      "Plan Width": 33,
                                      "Actual Startup Time": 3453.985,
                                      "Actual Total Time": 3544.896,
                                      "Actual Rows": 3682,
                                      "Actual Loops": 2,
                                      "Inner Unique": true,
                                      "Merge Cond": "(mk.keyword_id = k.id)",
                                      "Plans": [
                                        {
                                          "Node Type": "Sort",
                                          "Parent Relationship": "Outer",
                                          "Parallel Aware": false,
                                          "Startup Cost": 290235.28,
                                          "Total Cost": 290516.92,
                                          "Plan Rows": 112655,
                                          "Plan Width": 37,
                                          "Actual Startup Time": 3408.807,
                                          "Actual Total Time": 3476.44,
                                          "Actual Rows": 361511,
                                          "Actual Loops": 2,
                                          "Sort Key": [
                                            "mk.keyword_id"
                                          ],
                                          "Sort Method": "quicksort",
                                          "Sort Space Used": 72307,
                                          "Sort Space Type": "Memory",
                                          "Workers": [
                                            {
                                              "Worker Number": 0,
                                              "Sort Method": "quicksort",
                                              "Sort Space Used": 74759,
                                              "Sort Space Type": "Memory"
                                            }
                                          ],
                                          "Plans": [
                                            {
                                              "Node Type": "Merge Join",
                                              "Parent Relationship": "Outer",
                                              "Parallel Aware": false,
                                              "Join Type": "Inner",
                                              "Startup Cost": 8244.21,
                                              "Total Cost": 280782.65,
                                              "Plan Rows": 112655,
                                              "Plan Width": 37,
                                              "Actual Startup Time": 110.356,
                                              "Actual Total Time": 3205.626,
                                              "Actual Rows": 584231,
                                              "Actual Loops": 2,
                                              "Inner Unique": false,
                                              "Merge Cond": "(mk.movie_id = t.id)",
                                              "Plans": [
                                                {
                                                  "Node Type": "Index Scan",
                                                  "Parent Relationship": "Outer",
                                                  "Parallel Aware": true,
                                                  "Scan Direction": "Forward",
                                                  "Index Name": "movie_id_movie_keyword",
                                                  "Relation Name": "movie_keyword",
                                                  "Alias": "mk",
                                                  "Startup Cost": 0.43,
                                                  "Total Cost": 146510.84,
                                                  "Plan Rows": 1459332,
                                                  "Plan Width": 8,
                                                  "Actual Startup Time": 0.098,
                                                  "Actual Total Time": 531.047,
                                                  "Actual Rows": 2261965,
                                                  "Actual Loops": 2
                                                },
                                                {
                                                  "Node Type": "Materialize",
                                                  "Parent Relationship": "Inner",
                                                  "Parallel Aware": false,
                                                  "Startup Cost": 8211.52,
                                                  "Total Cost": 130689.68,
                                                  "Plan Rows": 7595,
                                                  "Plan Width": 29,
                                                  "Actual Startup Time": 108.363,
                                                  "Actual Total Time": 2438.165,
                                                  "Actual Rows": 636340,
                                                  "Actual Loops": 2,
                                                  "Plans": [
                                                    {
                                                      "Node Type": "Merge Join",
                                                      "Parent Relationship": "Outer",
                                                      "Parallel Aware": false,
                                                      "Join Type": "Inner",
                                                      "Startup Cost": 8211.52,
                                                      "Total Cost": 130670.7,
                                                      "Plan Rows": 7595,
                                                      "Plan Width": 29,
                                                      "Actual Startup Time": 108.348,
                                                      "Actual Total Time": 2389.706,
                                                      "Actual Rows": 72756,
                                                      "Actual Loops": 2,
                                                      "Inner Unique": false,
                                                      "Merge Cond": "(t.id = cc.movie_id)",
                                                      "Plans": [
                                                        {
                                                          "Node Type": "Index Scan",
                                                          "Parent Relationship": "Outer",
                                                          "Parallel Aware": false,
                                                          "Scan Direction": "Forward",
                                                          "Index Name": "title_pkey",
                                                          "Relation Name": "title",
                                                          "Alias": "t",
                                                          "Startup Cost": 0.43,
                                                          "Total Cost": 116669.5,
                                                          "Plan Rows": 2274179,
                                                          "Plan Width": 25,
                                                          "Actual Startup Time": 0.104,
                                                          "Actual Total Time": 2131.777,
                                                          "Actual Rows": 2286244,
                                                          "Actual Loops": 2,
                                                          "Filter": "(production_year > 1950)",
                                                          "Rows Removed by Filter": 239959
                                                        },
                                                        {
                                                          "Node Type": "Sort",
                                                          "Parent Relationship": "Inner",
                                                          "Parallel Aware": false,
                                                          "Startup Cost": 8197.59,
                                                          "Total Cost": 8218.7,
                                                          "Plan Rows": 8443,
                                                          "Plan Width": 4,
                                                          "Actual Startup Time": 104.967,
                                                          "Actual Total Time": 120.163,
                                                          "Actual Rows": 84166,
                                                          "Actual Loops": 2,
                                                          "Sort Key": [
                                                            "cc.movie_id"
                                                          ],
                                                          "Sort Method": "quicksort",
                                                          "Sort Space Used": 7101,
                                                          "Sort Space Type": "Memory",
                                                          "Workers": [
                                                            {
                                                              "Worker Number": 0,
                                                              "Sort Method": "quicksort",
                                                              "Sort Space Used": 7101,
                                                              "Sort Space Type": "Memory"
                                                            }
                                                          ],
                                                          "Plans": [
                                                            {
                                                              "Node Type": "Merge Join",
                                                              "Parent Relationship": "Outer",
                                                              "Parallel Aware": false,
                                                              "Join Type": "Inner",
                                                              "Startup Cost": 7393.66,
                                                              "Total Cost": 7646.96,
                                                              "Plan Rows": 8443,
                                                              "Plan Width": 4,
                                                              "Actual Startup Time": 61.7,
                                                              "Actual Total Time": 77.488,
                                                              "Actual Rows": 85941,
                                                              "Actual Loops": 2,
                                                              "Inner Unique": true,
                                                              "Merge Cond": "(cc.status_id = cct2.id)",
                                                              "Plans": [
                                                                {
                                                                  "Node Type": "Sort",
                                                                  "Parent Relationship": "Outer",
                                                                  "Parallel Aware": false,
                                                                  "Startup Cost": 7392.6,
                                                                  "Total Cost": 7477.03,
                                                                  "Plan Rows": 33772,
                                                                  "Plan Width": 8,
                                                                  "Actual Startup Time": 61.558,
                                                                  "Actual Total Time": 67.368,
                                                                  "Actual Rows": 85941,
                                                                  "Actual Loops": 2,
                                                                  "Sort Key": [
                                                                    "cc.status_id"
                                                                  ],
                                                                  "Sort Method": "quicksort",
                                                                  "Sort Space Used": 7101,
                                                                  "Sort Space Type": "Memory",
                                                                  "Workers": [
                                                                    {
                                                                      "Worker Number": 0,
                                                                      "Sort Method": "quicksort",
                                                                      "Sort Space Used": 7101,
                                                                      "Sort Space Type": "Memory"
                                                                    }
                                                                  ],
                                                                  "Plans": [
                                                                    {
                                                                      "Node Type": "Merge Join",
                                                                      "Parent Relationship": "Outer",
                                                                      "Parallel Aware": false,
                                                                      "Join Type": "Inner",
                                                                      "Startup Cost": 0.55,
                                                                      "Total Cost": 4852.35,
                                                                      "Plan Rows": 33772,
                                                                      "Plan Width": 8,
                                                                      "Actual Startup Time": 0.2,
                                                                      "Actual Total Time": 38.596,
                                                                      "Actual Rows": 85941,
                                                                      "Actual Loops": 2,
                                                                      "Inner Unique": true,
                                                                      "Merge Cond": "(cc.subject_id = cct1.id)",
                                                                      "Plans": [
                                                                        {
                                                                          "Node Type": "Index Scan",
                                                                          "Parent Relationship": "Outer",
                                                                          "Parallel Aware": false,
                                                                          "Scan Direction": "Forward",
                                                                          "Index Name": "subject_id_complete_cast",
                                                                          "Relation Name": "complete_cast",
                                                                          "Alias": "cc",
                                                                          "Startup Cost": 0.42,
                                                                          "Total Cost": 4164.71,
                                                                          "Plan Rows": 135086,
                                                                          "Plan Width": 12,
                                                                          "Actual Startup Time": 0.139,
                                                                          "Actual Total Time": 25.345,
                                                                          "Actual Rows": 85942,
                                                                          "Actual Loops": 2
                                                                        },
                                                                        {
                                                                          "Node Type": "Index Scan",
                                                                          "Parent Relationship": "Inner",
                                                                          "Parallel Aware": false,
                                                                          "Scan Direction": "Forward",
                                                                          "Index Name": "comp_cast_type_pkey",
                                                                          "Relation Name": "comp_cast_type",
                                                                          "Alias": "cct1",
                                                                          "Startup Cost": 0.13,
                                                                          "Total Cost": 12.2,
                                                                          "Plan Rows": 1,
                                                                          "Plan Width": 4,
                                                                          "Actual Startup Time": 0.057,
                                                                          "Actual Total Time": 0.071,
                                                                          "Actual Rows": 1,
                                                                          "Actual Loops": 2,
                                                                          "Filter": "((kind)::text = 'cast'::text)",
                                                                          "Rows Removed by Filter": 3
                                                                        }
                                                                      ]
                                                                    }
                                                                  ]
                                                                },
                                                                {
                                                                  "Node Type": "Sort",
                                                                  "Parent Relationship": "Inner",
                                                                  "Parallel Aware": false,
                                                                  "Startup Cost": 1.06,
                                                                  "Total Cost": 1.06,
                                                                  "Plan Rows": 1,
                                                                  "Plan Width": 4,
                                                                  "Actual Startup Time": 0.129,
                                                                  "Actual Total Time": 0.131,
                                                                  "Actual Rows": 2,
                                                                  "Actual Loops": 2,
                                                                  "Sort Key": [
                                                                    "cct2.id"
                                                                  ],
                                                                  "Sort Method": "quicksort",
                                                                  "Sort Space Used": 25,
                                                                  "Sort Space Type": "Memory",
                                                                  "Workers": [
                                                                    {
                                                                      "Worker Number": 0,
                                                                      "Sort Method": "quicksort",
                                                                      "Sort Space Used": 25,
                                                                      "Sort Space Type": "Memory"
                                                                    }
                                                                  ],
                                                                  "Plans": [
                                                                    {
                                                                      "Node Type": "Seq Scan",
                                                                      "Parent Relationship": "Outer",
                                                                      "Parallel Aware": false,
                                                                      "Relation Name": "comp_cast_type",
                                                                      "Alias": "cct2",
                                                                      "Startup Cost": 0.0,
                                                                      "Total Cost": 1.05,
                                                                      "Plan Rows": 1,
                                                                      "Plan Width": 4,
                                                                      "Actual Startup Time": 0.097,
                                                                      "Actual Total Time": 0.098,
                                                                      "Actual Rows": 2,
                                                                      "Actual Loops": 2,
                                                                      "Filter": "((kind)::text ~~ '%complete%'::text)",
                                                                      "Rows Removed by Filter": 2
                                                                    }
                                                                  ]
                                                                }
                                                              ]
                                                            }
                                                          ]
                                                        }
                                                      ]
                                                    }
                                                  ]
                                                }
                                              ]
                                            }
                                          ]
                                        },
                                        {
                                          "Node Type": "Sort",
                                          "Parent Relationship": "Inner",
                                          "Parallel Aware": false,
                                          "Startup Cost": 3632.52,
                                          "Total Cost": 3632.54,
                                          "Plan Rows": 8,
                                          "Plan Width": 4,
                                          "Actual Startup Time": 27.919,
                                          "Actual Total Time": 27.923,
                                          "Actual Rows": 8,
                                          "Actual Loops": 2,
                                          "Sort Key": [
                                            "k.id"
                                          ],
                                          "Sort Method": "quicksort",
                                          "Sort Space Used": 25,
                                          "Sort Space Type": "Memory",
                                          "Workers": [
                                            {
                                              "Worker Number": 0,
                                              "Sort Method": "quicksort",
                                              "Sort Space Used": 25,
                                              "Sort Space Type": "Memory"
                                            }
                                          ],
                                          "Plans": [
                                            {
                                              "Node Type": "Seq Scan",
                                              "Parent Relationship": "Outer",
                                              "Parallel Aware": false,
                                              "Relation Name": "keyword",
                                              "Alias": "k",
                                              "Startup Cost": 0.0,
                                              "Total Cost": 3632.4,
                                              "Plan Rows": 8,
                                              "Plan Width": 4,
                                              "Actual Startup Time": 0.158,
                                              "Actual Total Time": 27.893,
                                              "Actual Rows": 8,
                                              "Actual Loops": 2,
                                              "Filter": "(keyword = ANY ('{superhero,sequel,second-part,marvel-comics,based-on-comic,tv-special,fight,violence}'::text[]))",
                                              "Rows Removed by Filter": 134162
                                            }
                                          ]
                                        }
                                      ]
                                    }
                                  ]
                                },
                                {
                                  "Node Type": "Sort",
                                  "Parent Relationship": "Inner",
                                  "Parallel Aware": false,
                                  "Startup Cost": 1.1,
                                  "Total Cost": 1.1,
                                  "Plan Rows": 1,
                                  "Plan Width": 4,
                                  "Actual Startup Time": 0.076,
                                  "Actual Total Time": 0.076,
                                  "Actual Rows": 1,
                                  "Actual Loops": 2,
                                  "Sort Key": [
                                    "kt.id"
                                  ],
                                  "Sort Method": "quicksort",
                                  "Sort Space Used": 25,
                                  "Sort Space Type": "Memory",
                                  "Workers": [
                                    {
                                      "Worker Number": 0,
                                      "Sort Method": "quicksort",
                                      "Sort Space Used": 25,
                                      "Sort Space Type": "Memory"
                                    }
                                  ],
                                  "Plans": [
                                    {
                                      "Node Type": "Seq Scan",
                                      "Parent Relationship": "Outer",
                                      "Parallel Aware": false,
                                      "Relation Name": "kind_type",
                                      "Alias": "kt",
                                      "Startup Cost": 0.0,
                                      "Total Cost": 1.09,
                                      "Plan Rows": 1,
                                      "Plan Width": 4,
                                      "Actual Startup Time": 0.059,
                                      "Actual Total Time": 0.061,
                                      "Actual Rows": 1,
                                      "Actual Loops": 2,
                                      "Filter": "((kind)::text = 'movie'::text)",
                                      "Rows Removed by Filter": 6
                                    }
                                  ]
                                }
                              ]
                            }
                          ]
                        }
                      ]
                    }
                  ]
                }
              ]
            }
          ]
        }
      ]
    },
    "Planning Time": 32.042,
    "Triggers": [],
    "Execution Time": 8921.048
  }
]