[
    {
        "Bao": {
            "Bao prediction": 598.214,
            "Bao recommended hint": "(no hint)"
        }
    },
    {
        "Plan": {
            "Node Type": "Aggregate",
            "Strategy": "Plain",
            "Partial Mode": "Finalize",
            "Parallel Aware": false,
            "Startup Cost": 77451.72,
            "Total Cost": 77451.73,
            "Plan Rows": 1,
            "Plan Width": 8,
            "Actual Startup Time": 251.958,
            "Actual Total Time": 264.329,
            "Actual Rows": 1,
            "Actual Loops": 1,
            "Output": [
                "count(*)"
            ],
            "Plans": [
                {
                    "Node Type": "Gather",
                    "Parent Relationship": "Outer",
                    "Parallel Aware": false,
                    "Startup Cost": 77451.4,
                    "Total Cost": 77451.71,
                    "Plan Rows": 3,
                    "Plan Width": 8,
                    "Actual Startup Time": 249.4,
                    "Actual Total Time": 264.32,
                    "Actual Rows": 4,
                    "Actual Loops": 1,
                    "Output": [
                        "(PARTIAL count(*))"
                    ],
                    "Workers Planned": 3,
                    "Workers Launched": 3,
                    "Single Copy": false,
                    "Plans": [
                        {
                            "Node Type": "Aggregate",
                            "Strategy": "Plain",
                            "Partial Mode": "Partial",
                            "Parent Relationship": "Outer",
                            "Parallel Aware": false,
                            "Startup Cost": 76451.4,
                            "Total Cost": 76451.41,
                            "Plan Rows": 1,
                            "Plan Width": 8,
                            "Actual Startup Time": 240.992,
                            "Actual Total Time": 241.001,
                            "Actual Rows": 1,
                            "Actual Loops": 4,
                            "Output": [
                                "PARTIAL count(*)"
                            ],
                            "Workers": [
                                {
                                    "Worker Number": 0,
                                    "Actual Startup Time": 238.186,
                                    "Actual Total Time": 238.19,
                                    "Actual Rows": 1,
                                    "Actual Loops": 1
                                },
                                {
                                    "Worker Number": 1,
                                    "Actual Startup Time": 238.321,
                                    "Actual Total Time": 238.324,
                                    "Actual Rows": 1,
                                    "Actual Loops": 1
                                },
                                {
                                    "Worker Number": 2,
                                    "Actual Startup Time": 238.732,
                                    "Actual Total Time": 238.756,
                                    "Actual Rows": 1,
                                    "Actual Loops": 1
                                }
                            ],
                            "Plans": [
                                {
                                    "Node Type": "Hash Join",
                                    "Parent Relationship": "Outer",
                                    "Parallel Aware": true,
                                    "Join Type": "Inner",
                                    "Startup Cost": 50957.08,
                                    "Total Cost": 76429.07,
                                    "Plan Rows": 8931,
                                    "Plan Width": 0,
                                    "Actual Startup Time": 182.165,
                                    "Actual Total Time": 238.772,
                                    "Actual Rows": 27860,
                                    "Actual Loops": 4,
                                    "Inner Unique": true,
                                    "Hash Cond": "(mk.movie_id = t.id)",
                                    "Workers": [
                                        {
                                            "Worker Number": 0,
                                            "Actual Startup Time": 179.126,
                                            "Actual Total Time": 236.237,
                                            "Actual Rows": 23026,
                                            "Actual Loops": 1
                                        },
                                        {
                                            "Worker Number": 1,
                                            "Actual Startup Time": 179.572,
                                            "Actual Total Time": 236.149,
                                            "Actual Rows": 23331,
                                            "Actual Loops": 1
                                        },
                                        {
                                            "Worker Number": 2,
                                            "Actual Startup Time": 179.983,
                                            "Actual Total Time": 236.588,
                                            "Actual Rows": 23056,
                                            "Actual Loops": 1
                                        }
                                    ],
                                    "Plans": [
                                        {
                                            "Node Type": "Bitmap Heap Scan",
                                            "Parent Relationship": "Outer",
                                            "Parallel Aware": true,
                                            "Relation Name": "movie_keyword",
                                            "Schema": "public",
                                            "Alias": "mk",
                                            "Startup Cost": 4429.45,
                                            "Total Cost": 29724.77,
                                            "Plan Rows": 67305,
                                            "Plan Width": 4,
                                            "Actual Startup Time": 31.472,
                                            "Actual Total Time": 73.889,
                                            "Actual Rows": 51587,
                                            "Actual Loops": 4,
                                            "Output": [
                                                "mk.id",
                                                "mk.movie_id",
                                                "mk.keyword_id"
                                            ],
                                            "Recheck Cond": "(mk.keyword_id > 67291)",
                                            "Rows Removed by Index Recheck": 0,
                                            "Exact Heap Blocks": 7768,
                                            "Lossy Heap Blocks": 0,
                                            "Workers": [
                                                {
                                                    "Worker Number": 0,
                                                    "Actual Startup Time": 31.291,
                                                    "Actual Total Time": 75.527,
                                                    "Actual Rows": 43347,
                                                    "Actual Loops": 1
                                                },
                                                {
                                                    "Worker Number": 1,
                                                    "Actual Startup Time": 31.496,
                                                    "Actual Total Time": 75.168,
                                                    "Actual Rows": 42526,
                                                    "Actual Loops": 1
                                                },
                                                {
                                                    "Worker Number": 2,
                                                    "Actual Startup Time": 31.618,
                                                    "Actual Total Time": 75.264,
                                                    "Actual Rows": 42772,
                                                    "Actual Loops": 1
                                                }
                                            ],
                                            "Plans": [
                                                {
                                                    "Node Type": "Bitmap Index Scan",
                                                    "Parent Relationship": "Outer",
                                                    "Parallel Aware": false,
                                                    "Index Name": "keyword_id_movie_keyword",
                                                    "Startup Cost": 0.0,
                                                    "Total Cost": 4377.28,
                                                    "Plan Rows": 208647,
                                                    "Plan Width": 0,
                                                    "Actual Startup Time": 26.518,
                                                    "Actual Total Time": 26.519,
                                                    "Actual Rows": 206349,
                                                    "Actual Loops": 1,
                                                    "Index Cond": "(mk.keyword_id > 67291)",
                                                    "Workers": [
                                                        {
                                                            "Worker Number": 0,
                                                            "Actual Startup Time": 26.518,
                                                            "Actual Total Time": 26.519,
                                                            "Actual Rows": 206349,
                                                            "Actual Loops": 1
                                                        }
                                                    ]
                                                }
                                            ]
                                        },
                                        {
                                            "Node Type": "Hash",
                                            "Parent Relationship": "Inner",
                                            "Parallel Aware": true,
                                            "Startup Cost": 45479.21,
                                            "Total Cost": 45479.21,
                                            "Plan Rows": 83874,
                                            "Plan Width": 4,
                                            "Actual Startup Time": 144.612,
                                            "Actual Total Time": 144.613,
                                            "Actual Rows": 102880,
                                            "Actual Loops": 4,
                                            "Output": [
                                                "t.id"
                                            ],
                                            "Hash Buckets": 524288,
                                            "Original Hash Buckets": 524288,
                                            "Hash Batches": 1,
                                            "Original Hash Batches": 1,
                                            "Peak Memory Usage": 20288,
                                            "Workers": [
                                                {
                                                    "Worker Number": 0,
                                                    "Actual Startup Time": 144.312,
                                                    "Actual Total Time": 144.313,
                                                    "Actual Rows": 81869,
                                                    "Actual Loops": 1
                                                },
                                                {
                                                    "Worker Number": 1,
                                                    "Actual Startup Time": 144.735,
                                                    "Actual Total Time": 144.736,
                                                    "Actual Rows": 90031,
                                                    "Actual Loops": 1
                                                },
                                                {
                                                    "Worker Number": 2,
                                                    "Actual Startup Time": 145.158,
                                                    "Actual Total Time": 145.159,
                                                    "Actual Rows": 90499,
                                                    "Actual Loops": 1
                                                }
                                            ],
                                            "Plans": [
                                                {
                                                    "Node Type": "Seq Scan",
                                                    "Parent Relationship": "Outer",
                                                    "Parallel Aware": true,
                                                    "Relation Name": "title",
                                                    "Schema": "public",
                                                    "Alias": "t",
                                                    "Startup Cost": 0.0,
                                                    "Total Cost": 45479.21,
                                                    "Plan Rows": 83874,
                                                    "Plan Width": 4,
                                                    "Actual Startup Time": 63.239,
                                                    "Actual Total Time": 111.201,
                                                    "Actual Rows": 102880,
                                                    "Actual Loops": 4,
                                                    "Output": [
                                                        "t.id"
                                                    ],
                                                    "Filter": "((t.production_year < 2004) AND (t.kind_id = 1))",
                                                    "Rows Removed by Filter": 529198,
                                                    "Workers": [
                                                        {
                                                            "Worker Number": 0,
                                                            "Actual Startup Time": 63.11,
                                                            "Actual Total Time": 111.409,
                                                            "Actual Rows": 81869,
                                                            "Actual Loops": 1
                                                        },
                                                        {
                                                            "Worker Number": 1,
                                                            "Actual Startup Time": 63.082,
                                                            "Actual Total Time": 112.864,
                                                            "Actual Rows": 90031,
                                                            "Actual Loops": 1
                                                        },
                                                        {
                                                            "Worker Number": 2,
                                                            "Actual Startup Time": 63.504,
                                                            "Actual Total Time": 112.819,
                                                            "Actual Rows": 90499,
                                                            "Actual Loops": 1
                                                        }
                                                    ]
                                                }
                                            ]
                                        }
                                    ]
                                }
                            ]
                        }
                    ]
                }
            ]
        },
        "Planning Time": 554.237,
        "Triggers": [],
        "Execution Time": 264.458
    }
]