[
  {
    "Plan": {
      "Node Type": "Aggregate",
      "Strategy": "Plain",
      "Partial Mode": "Finalize",
      "Parallel Aware": false,
      "Startup Cost": 46267.76,
      "Total Cost": 46267.77,
      "Plan Rows": 1,
      "Plan Width": 8,
      "Actual Startup Time": 148.131,
      "Actual Total Time": 157.509,
      "Actual Rows": 1,
      "Actual Loops": 1,
      "Plans": [
        {
          "Node Type": "Gather",
          "Parent Relationship": "Outer",
          "Parallel Aware": false,
          "Startup Cost": 46267.45,
          "Total Cost": 46267.76,
          "Plan Rows": 3,
          "Plan Width": 8,
          "Actual Startup Time": 148.011,
          "Actual Total Time": 157.502,
          "Actual Rows": 4,
          "Actual Loops": 1,
          "Workers Planned": 3,
          "Workers Launched": 3,
          "Single Copy": false,
          "Plans": [
            {
              "Node Type": "Aggregate",
              "Strategy": "Plain",
              "Partial Mode": "Partial",
              "Parent Relationship": "Outer",
              "Parallel Aware": false,
              "Startup Cost": 45267.45,
              "Total Cost": 45267.46,
              "Plan Rows": 1,
              "Plan Width": 8,
              "Actual Startup Time": 142.71,
              "Actual Total Time": 142.711,
              "Actual Rows": 1,
              "Actual Loops": 4,
              "Plans": [
                {
                  "Node Type": "Seq Scan",
                  "Parent Relationship": "Outer",
                  "Parallel Aware": true,
                  "Relation Name": "movie_keyword",
                  "Alias": "mk",
                  "Startup Cost": 0.0,
                  "Total Cost": 42695.65,
                  "Plan Rows": 1028717,
                  "Plan Width": 0,
                  "Actual Startup Time": 0.041,
                  "Actual Total Time": 109.453,
                  "Actual Rows": 797235,
                  "Actual Loops": 4,
                  "Filter": "(keyword_id < 12888)",
                  "Rows Removed by Filter": 333748
                }
              ]
            }
          ]
        }
      ]
    },
    "Planning Time": 0.12,
    "Triggers": [],
    "Execution Time": 157.545
  }
]