[
  {
    "Plan": {
      "Node Type": "Aggregate",
      "Strategy": "Plain",
      "Partial Mode": "Finalize",
      "Parallel Aware": false,
      "Startup Cost": 32750.51,
      "Total Cost": 32750.52,
      "Plan Rows": 1,
      "Plan Width": 8,
      "Actual Startup Time": 93.613,
      "Actual Total Time": 102.281,
      "Actual Rows": 1,
      "Actual Loops": 1,
      "Plans": [
        {
          "Node Type": "Gather",
          "Parent Relationship": "Outer",
          "Parallel Aware": false,
          "Startup Cost": 32750.19,
          "Total Cost": 32750.5,
          "Plan Rows": 3,
          "Plan Width": 8,
          "Actual Startup Time": 93.539,
          "Actual Total Time": 102.272,
          "Actual Rows": 4,
          "Actual Loops": 1,
          "Workers Planned": 3,
          "Workers Launched": 3,
          "Single Copy": false,
          "Plans": [
            {
              "Node Type": "Aggregate",
              "Strategy": "Plain",
              "Partial Mode": "Partial",
              "Parent Relationship": "Outer",
              "Parallel Aware": false,
              "Startup Cost": 31750.19,
              "Total Cost": 31750.2,
              "Plan Rows": 1,
              "Plan Width": 8,
              "Actual Startup Time": 84.655,
              "Actual Total Time": 84.656,
              "Actual Rows": 1,
              "Actual Loops": 4,
              "Plans": [
                {
                  "Node Type": "Seq Scan",
                  "Parent Relationship": "Outer",
                  "Parallel Aware": true,
                  "Relation Name": "movie_companies",
                  "Alias": "mc",
                  "Startup Cost": 0.0,
                  "Total Cost": 31414.82,
                  "Plan Rows": 134149,
                  "Plan Width": 0,
                  "Actual Startup Time": 50.763,
                  "Actual Total Time": 81.897,
                  "Actual Rows": 58576,
                  "Actual Loops": 4,
                  "Filter": "((company_id < 1878) AND (company_type_id > 1))",
                  "Rows Removed by Filter": 593706
                }
              ]
            }
          ]
        }
      ]
    },
    "Planning Time": 0.198,
    "Triggers": [],
    "Execution Time": 102.339
  }
]