{
    "Plan": {
        "Node Type": "Aggregate",
        "Strategy": "Plain",
        "Partial Mode": "Finalize",
        "Parallel Aware": false,
        "Startup Cost": 95770.88,
        "Total Cost": 95770.89,
        "Plan Rows": 1,
        "Plan Width": 8,
        "Actual Startup Time": 539.135,
        "Actual Total Time": 566.254,
        "Actual Rows": 1,
        "Actual Loops": 1,
        "Output": [
            "count(*)"
        ],
        "Plans": [
            {
                "Node Type": "Gather",
                "Parent Relationship": "Outer",
                "Parallel Aware": false,
                "Startup Cost": 95770.46,
                "Total Cost": 95770.87,
                "Plan Rows": 4,
                "Plan Width": 8,
                "Actual Startup Time": 539.085,
                "Actual Total Time": 566.246,
                "Actual Rows": 5,
                "Actual Loops": 1,
                "Output": [
                    "(PARTIAL count(*))"
                ],
                "Workers Planned": 4,
                "Workers Launched": 4,
                "Single Copy": false,
                "Plans": [
                    {
                        "Node Type": "Aggregate",
                        "Strategy": "Plain",
                        "Partial Mode": "Partial",
                        "Parent Relationship": "Outer",
                        "Parallel Aware": false,
                        "Startup Cost": 94770.46,
                        "Total Cost": 94770.47,
                        "Plan Rows": 1,
                        "Plan Width": 8,
                        "Actual Startup Time": 526.877,
                        "Actual Total Time": 526.88,
                        "Actual Rows": 1,
                        "Actual Loops": 5,
                        "Output": [
                            "PARTIAL count(*)"
                        ],
                        "Workers": [
                            {
                                "Worker Number": 0,
                                "Actual Startup Time": 521.351,
                                "Actual Total Time": 521.355,
                                "Actual Rows": 1,
                                "Actual Loops": 1
                            },
                            {
                                "Worker Number": 1,
                                "Actual Startup Time": 526.413,
                                "Actual Total Time": 526.415,
                                "Actual Rows": 1,
                                "Actual Loops": 1
                            },
                            {
                                "Worker Number": 2,
                                "Actual Startup Time": 525.868,
                                "Actual Total Time": 525.87,
                                "Actual Rows": 1,
                                "Actual Loops": 1
                            },
                            {
                                "Worker Number": 3,
                                "Actual Startup Time": 522.53,
                                "Actual Total Time": 522.532,
                                "Actual Rows": 1,
                                "Actual Loops": 1
                            }
                        ],
                        "Plans": [
                            {
                                "Node Type": "Nested Loop",
                                "Parent Relationship": "Outer",
                                "Parallel Aware": false,
                                "Join Type": "Inner",
                                "Startup Cost": 0.87,
                                "Total Cost": 94768.9,
                                "Plan Rows": 627,
                                "Plan Width": 0,
                                "Actual Startup Time": 79.164,
                                "Actual Total Time": 512.125,
                                "Actual Rows": 291753,
                                "Actual Loops": 5,
                                "Inner Unique": false,
                                "Join Filter": "(t.id = mi.movie_id)",
                                "Rows Removed by Join Filter": 0,
                                "Workers": [
                                    {
                                        "Worker Number": 0,
                                        "Actual Startup Time": 84.924,
                                        "Actual Total Time": 508.884,
                                        "Actual Rows": 197409,
                                        "Actual Loops": 1
                                    },
                                    {
                                        "Worker Number": 1,
                                        "Actual Startup Time": 85.773,
                                        "Actual Total Time": 512.813,
                                        "Actual Rows": 234888,
                                        "Actual Loops": 1
                                    },
                                    {
                                        "Worker Number": 2,
                                        "Actual Startup Time": 40.665,
                                        "Actual Total Time": 511.633,
                                        "Actual Rows": 355756,
                                        "Actual Loops": 1
                                    },
                                    {
                                        "Worker Number": 3,
                                        "Actual Startup Time": 86.105,
                                        "Actual Total Time": 508.381,
                                        "Actual Rows": 363915,
                                        "Actual Loops": 1
                                    }
                                ],
                                "Plans": [
                                    {
                                        "Node Type": "Nested Loop",
                                        "Parent Relationship": "Outer",
                                        "Parallel Aware": false,
                                        "Join Type": "Inner",
                                        "Startup Cost": 0.43,
                                        "Total Cost": 81978.33,
                                        "Plan Rows": 9016,
                                        "Plan Width": 8,
                                        "Actual Startup Time": 1.278,
                                        "Actual Total Time": 119.509,
                                        "Actual Rows": 15045,
                                        "Actual Loops": 5,
                                        "Output": [
                                            "t.id",
                                            "mk.movie_id"
                                        ],
                                        "Inner Unique": false,
                                        "Workers": [
                                            {
                                                "Worker Number": 0,
                                                "Actual Startup Time": 2.121,
                                                "Actual Total Time": 132.539,
                                                "Actual Rows": 13002,
                                                "Actual Loops": 1
                                            },
                                            {
                                                "Worker Number": 1,
                                                "Actual Startup Time": 2.254,
                                                "Actual Total Time": 120.371,
                                                "Actual Rows": 13732,
                                                "Actual Loops": 1
                                            },
                                            {
                                                "Worker Number": 2,
                                                "Actual Startup Time": 0.711,
                                                "Actual Total Time": 124.612,
                                                "Actual Rows": 18371,
                                                "Actual Loops": 1
                                            },
                                            {
                                                "Worker Number": 3,
                                                "Actual Startup Time": 0.441,
                                                "Actual Total Time": 129.256,
                                                "Actual Rows": 17126,
                                                "Actual Loops": 1
                                            }
                                        ],
                                        "Plans": [
                                            {
                                                "Node Type": "Seq Scan",
                                                "Parent Relationship": "Outer",
                                                "Parallel Aware": true,
                                                "Relation Name": "title",
                                                "Schema": "public",
                                                "Alias": "t",
                                                "Startup Cost": 0.0,
                                                "Total Cost": 45479.21,
                                                "Plan Rows": 5039,
                                                "Plan Width": 4,
                                                "Actual Startup Time": 0.503,
                                                "Actual Total Time": 84.908,
                                                "Actual Rows": 2481,
                                                "Actual Loops": 5,
                                                "Output": [
                                                    "t.id",
                                                    "t.title",
                                                    "t.imdb_index",
                                                    "t.kind_id",
                                                    "t.production_year",
                                                    "t.imdb_id",
                                                    "t.phonetic_code",
                                                    "t.episode_of_id",
                                                    "t.season_nr",
                                                    "t.episode_nr",
                                                    "t.series_years",
                                                    "t.md5sum"
                                                ],
                                                "Filter": "((t.kind_id < 3) AND (t.production_year = 2002))",
                                                "Rows Removed by Filter": 503182,
                                                "Workers": [
                                                    {
                                                        "Worker Number": 0,
                                                        "Actual Startup Time": 1.515,
                                                        "Actual Total Time": 88.93,
                                                        "Actual Rows": 2047,
                                                        "Actual Loops": 1
                                                    },
                                                    {
                                                        "Worker Number": 1,
                                                        "Actual Startup Time": 0.122,
                                                        "Actual Total Time": 83.124,
                                                        "Actual Rows": 2308,
                                                        "Actual Loops": 1
                                                    },
                                                    {
                                                        "Worker Number": 2,
                                                        "Actual Startup Time": 0.485,
                                                        "Actual Total Time": 86.733,
                                                        "Actual Rows": 2941,
                                                        "Actual Loops": 1
                                                    },
                                                    {
                                                        "Worker Number": 3,
                                                        "Actual Startup Time": 0.231,
                                                        "Actual Total Time": 90.496,
                                                        "Actual Rows": 3053,
                                                        "Actual Loops": 1
                                                    }
                                                ]
                                            },
                                            {
                                                "Node Type": "Index Only Scan",
                                                "Parent Relationship": "Inner",
                                                "Parallel Aware": false,
                                                "Scan Direction": "Forward",
                                                "Index Name": "movie_id_movie_keyword",
                                                "Relation Name": "movie_keyword",
                                                "Schema": "public",
                                                "Alias": "mk",
                                                "Startup Cost": 0.43,
                                                "Total Cost": 6.78,
                                                "Plan Rows": 46,
                                                "Plan Width": 4,
                                                "Actual Startup Time": 0.011,
                                                "Actual Total Time": 0.013,
                                                "Actual Rows": 6,
                                                "Actual Loops": 12404,
                                                "Output": [
                                                    "mk.movie_id"
                                                ],
                                                "Index Cond": "(mk.movie_id = t.id)",
                                                "Rows Removed by Index Recheck": 0,
                                                "Heap Fetches": 75223,
                                                "Workers": [
                                                    {
                                                        "Worker Number": 0,
                                                        "Actual Startup Time": 0.018,
                                                        "Actual Total Time": 0.02,
                                                        "Actual Rows": 6,
                                                        "Actual Loops": 2047
                                                    },
                                                    {
                                                        "Worker Number": 1,
                                                        "Actual Startup Time": 0.013,
                                                        "Actual Total Time": 0.015,
                                                        "Actual Rows": 6,
                                                        "Actual Loops": 2308
                                                    },
                                                    {
                                                        "Worker Number": 2,
                                                        "Actual Startup Time": 0.011,
                                                        "Actual Total Time": 0.012,
                                                        "Actual Rows": 6,
                                                        "Actual Loops": 2941
                                                    },
                                                    {
                                                        "Worker Number": 3,
                                                        "Actual Startup Time": 0.011,
                                                        "Actual Total Time": 0.012,
                                                        "Actual Rows": 6,
                                                        "Actual Loops": 3053
                                                    }
                                                ]
                                            }
                                        ]
                                    },
                                    {
                                        "Node Type": "Index Scan",
                                        "Parent Relationship": "Inner",
                                        "Parallel Aware": false,
                                        "Scan Direction": "Forward",
                                        "Index Name": "movie_id_movie_info",
                                        "Relation Name": "movie_info",
                                        "Schema": "public",
                                        "Alias": "mi",
                                        "Startup Cost": 0.43,
                                        "Total Cost": 1.41,
                                        "Plan Rows": 1,
                                        "Plan Width": 4,
                                        "Actual Startup Time": 0.016,
                                        "Actual Total Time": 0.024,
                                        "Actual Rows": 19,
                                        "Actual Loops": 75223,
                                        "Output": [
                                            "mi.id",
                                            "mi.movie_id",
                                            "mi.info_type_id",
                                            "mi.info",
                                            "mi.note"
                                        ],
                                        "Index Cond": "(mi.movie_id = mk.movie_id)",
                                        "Rows Removed by Index Recheck": 0,
                                        "Filter": "(mi.info_type_id > 106)",
                                        "Rows Removed by Filter": 93,
                                        "Workers": [
                                            {
                                                "Worker Number": 0,
                                                "Actual Startup Time": 0.018,
                                                "Actual Total Time": 0.027,
                                                "Actual Rows": 15,
                                                "Actual Loops": 13002
                                            },
                                            {
                                                "Worker Number": 1,
                                                "Actual Startup Time": 0.018,
                                                "Actual Total Time": 0.026,
                                                "Actual Rows": 17,
                                                "Actual Loops": 13732
                                            },
                                            {
                                                "Worker Number": 2,
                                                "Actual Startup Time": 0.013,
                                                "Actual Total Time": 0.019,
                                                "Actual Rows": 19,
                                                "Actual Loops": 18371
                                            },
                                            {
                                                "Worker Number": 3,
                                                "Actual Startup Time": 0.014,
                                                "Actual Total Time": 0.02,
                                                "Actual Rows": 21,
                                                "Actual Loops": 17126
                                            }
                                        ]
                                    }
                                ]
                            }
                        ]
                    }
                ]
            }
        ]
    },
    "Planning Time": 1.559,
    "Triggers": [],
    "Execution Time": 566.35
}