[
    {
        "Bao": {
            "Bao prediction": "NaN",
            "Bao recommended hint": "(no hint)"
        }
    },
    {
        "Plan": {
            "Node Type": "Aggregate",
            "Strategy": "Plain",
            "Partial Mode": "Finalize",
            "Parallel Aware": false,
            "Startup Cost": 72016.69,
            "Total Cost": 72016.7,
            "Plan Rows": 1,
            "Plan Width": 8,
            "Actual Startup Time": 139.271,
            "Actual Total Time": 147.047,
            "Actual Rows": 1,
            "Actual Loops": 1,
            "Output": [
                "count(*)"
            ],
            "Plans": [
                {
                    "Node Type": "Gather",
                    "Parent Relationship": "Outer",
                    "Parallel Aware": false,
                    "Startup Cost": 72016.37,
                    "Total Cost": 72016.68,
                    "Plan Rows": 3,
                    "Plan Width": 8,
                    "Actual Startup Time": 138.974,
                    "Actual Total Time": 147.041,
                    "Actual Rows": 4,
                    "Actual Loops": 1,
                    "Output": [
                        "(PARTIAL count(*))"
                    ],
                    "Workers Planned": 3,
                    "Workers Launched": 3,
                    "Single Copy": false,
                    "Plans": [
                        {
                            "Node Type": "Aggregate",
                            "Strategy": "Plain",
                            "Partial Mode": "Partial",
                            "Parent Relationship": "Outer",
                            "Parallel Aware": false,
                            "Startup Cost": 71016.37,
                            "Total Cost": 71016.38,
                            "Plan Rows": 1,
                            "Plan Width": 8,
                            "Actual Startup Time": 130.059,
                            "Actual Total Time": 130.062,
                            "Actual Rows": 1,
                            "Actual Loops": 4,
                            "Output": [
                                "PARTIAL count(*)"
                            ],
                            "Workers": [
                                {
                                    "Worker Number": 0,
                                    "Actual Startup Time": 127.057,
                                    "Actual Total Time": 127.061,
                                    "Actual Rows": 1,
                                    "Actual Loops": 1
                                },
                                {
                                    "Worker Number": 1,
                                    "Actual Startup Time": 127.247,
                                    "Actual Total Time": 127.25,
                                    "Actual Rows": 1,
                                    "Actual Loops": 1
                                },
                                {
                                    "Worker Number": 2,
                                    "Actual Startup Time": 127.664,
                                    "Actual Total Time": 127.666,
                                    "Actual Rows": 1,
                                    "Actual Loops": 1
                                }
                            ],
                            "Plans": [
                                {
                                    "Node Type": "Hash Join",
                                    "Parent Relationship": "Outer",
                                    "Parallel Aware": true,
                                    "Join Type": "Inner",
                                    "Startup Cost": 50936.16,
                                    "Total Cost": 71013.92,
                                    "Plan Rows": 981,
                                    "Plan Width": 0,
                                    "Actual Startup Time": 102.905,
                                    "Actual Total Time": 129.666,
                                    "Actual Rows": 5760,
                                    "Actual Loops": 4,
                                    "Inner Unique": true,
                                    "Hash Cond": "(mc.movie_id = t.id)",
                                    "Workers": [
                                        {
                                            "Worker Number": 0,
                                            "Actual Startup Time": 99.972,
                                            "Actual Total Time": 126.657,
                                            "Actual Rows": 5003,
                                            "Actual Loops": 1
                                        },
                                        {
                                            "Worker Number": 1,
                                            "Actual Startup Time": 100.103,
                                            "Actual Total Time": 126.84,
                                            "Actual Rows": 4965,
                                            "Actual Loops": 1
                                        },
                                        {
                                            "Worker Number": 2,
                                            "Actual Startup Time": 100.4,
                                            "Actual Total Time": 127.29,
                                            "Actual Rows": 6774,
                                            "Actual Loops": 1
                                        }
                                    ],
                                    "Plans": [
                                        {
                                            "Node Type": "Bitmap Heap Scan",
                                            "Parent Relationship": "Outer",
                                            "Parallel Aware": true,
                                            "Relation Name": "movie_companies",
                                            "Schema": "public",
                                            "Alias": "mc",
                                            "Startup Cost": 5264.1,
                                            "Total Cost": 25236.38,
                                            "Plan Rows": 40184,
                                            "Plan Width": 4,
                                            "Actual Startup Time": 15.773,
                                            "Actual Total Time": 32.588,
                                            "Actual Rows": 61771,
                                            "Actual Loops": 4,
                                            "Output": [
                                                "mc.id",
                                                "mc.movie_id",
                                                "mc.company_id",
                                                "mc.company_type_id",
                                                "mc.note"
                                            ],
                                            "Recheck Cond": "(mc.company_id > 101647)",
                                            "Rows Removed by Index Recheck": 0,
                                            "Filter": "(mc.company_type_id > 1)",
                                            "Rows Removed by Filter": 0,
                                            "Exact Heap Blocks": 1263,
                                            "Lossy Heap Blocks": 0,
                                            "Workers": [
                                                {
                                                    "Worker Number": 0,
                                                    "Actual Startup Time": 15.814,
                                                    "Actual Total Time": 33.022,
                                                    "Actual Rows": 53950,
                                                    "Actual Loops": 1
                                                },
                                                {
                                                    "Worker Number": 1,
                                                    "Actual Startup Time": 15.817,
                                                    "Actual Total Time": 32.98,
                                                    "Actual Rows": 53636,
                                                    "Actual Loops": 1
                                                },
                                                {
                                                    "Worker Number": 2,
                                                    "Actual Startup Time": 15.688,
                                                    "Actual Total Time": 32.724,
                                                    "Actual Rows": 72063,
                                                    "Actual Loops": 1
                                                }
                                            ],
                                            "Plans": [
                                                {
                                                    "Node Type": "Bitmap Index Scan",
                                                    "Parent Relationship": "Outer",
                                                    "Parallel Aware": false,
                                                    "Index Name": "company_id_movie_companies",
                                                    "Startup Cost": 0.0,
                                                    "Total Cost": 5232.96,
                                                    "Plan Rows": 244337,
                                                    "Plan Width": 0,
                                                    "Actual Startup Time": 15.052,
                                                    "Actual Total Time": 15.052,
                                                    "Actual Rows": 247083,
                                                    "Actual Loops": 1,
                                                    "Index Cond": "(mc.company_id > 101647)",
                                                    "Workers": [
                                                        {
                                                            "Worker Number": 2,
                                                            "Actual Startup Time": 15.052,
                                                            "Actual Total Time": 15.052,
                                                            "Actual Rows": 247083,
                                                            "Actual Loops": 1
                                                        }
                                                    ]
                                                }
                                            ]
                                        },
                                        {
                                            "Node Type": "Hash",
                                            "Parent Relationship": "Inner",
                                            "Parallel Aware": true,
                                            "Startup Cost": 45479.21,
                                            "Total Cost": 45479.21,
                                            "Plan Rows": 15428,
                                            "Plan Width": 4,
                                            "Actual Startup Time": 85.784,
                                            "Actual Total Time": 85.785,
                                            "Actual Rows": 15395,
                                            "Actual Loops": 4,
                                            "Output": [
                                                "t.id"
                                            ],
                                            "Hash Buckets": 65536,
                                            "Original Hash Buckets": 65536,
                                            "Hash Batches": 1,
                                            "Original Hash Batches": 1,
                                            "Peak Memory Usage": 3008,
                                            "Workers": [
                                                {
                                                    "Worker Number": 0,
                                                    "Actual Startup Time": 83.713,
                                                    "Actual Total Time": 83.714,
                                                    "Actual Rows": 14041,
                                                    "Actual Loops": 1
                                                },
                                                {
                                                    "Worker Number": 1,
                                                    "Actual Startup Time": 83.896,
                                                    "Actual Total Time": 83.897,
                                                    "Actual Rows": 13992,
                                                    "Actual Loops": 1
                                                },
                                                {
                                                    "Worker Number": 2,
                                                    "Actual Startup Time": 84.308,
                                                    "Actual Total Time": 84.309,
                                                    "Actual Rows": 14460,
                                                    "Actual Loops": 1
                                                }
                                            ],
                                            "Plans": [
                                                {
                                                    "Node Type": "Seq Scan",
                                                    "Parent Relationship": "Outer",
                                                    "Parallel Aware": true,
                                                    "Relation Name": "title",
                                                    "Schema": "public",
                                                    "Alias": "t",
                                                    "Startup Cost": 0.0,
                                                    "Total Cost": 45479.21,
                                                    "Plan Rows": 15428,
                                                    "Plan Width": 4,
                                                    "Actual Startup Time": 41.273,
                                                    "Actual Total Time": 81.465,
                                                    "Actual Rows": 15395,
                                                    "Actual Loops": 4,
                                                    "Output": [
                                                        "t.id"
                                                    ],
                                                    "Filter": "((t.production_year > 2011) AND (t.kind_id = 1))",
                                                    "Rows Removed by Filter": 616683,
                                                    "Workers": [
                                                        {
                                                            "Worker Number": 0,
                                                            "Actual Startup Time": 5.29,
                                                            "Actual Total Time": 79.305,
                                                            "Actual Rows": 14041,
                                                            "Actual Loops": 1
                                                        },
                                                        {
                                                            "Worker Number": 1,
                                                            "Actual Startup Time": 50.48,
                                                            "Actual Total Time": 79.44,
                                                            "Actual Rows": 13992,
                                                            "Actual Loops": 1
                                                        },
                                                        {
                                                            "Worker Number": 2,
                                                            "Actual Startup Time": 51.031,
                                                            "Actual Total Time": 80.645,
                                                            "Actual Rows": 14460,
                                                            "Actual Loops": 1
                                                        }
                                                    ]
                                                }
                                            ]
                                        }
                                    ]
                                }
                            ]
                        }
                    ]
                }
            ]
        },
        "Planning Time": 199.518,
        "Triggers": [],
        "Execution Time": 147.15
    }
]