{
  "Plan": {
    "Node Type": "Aggregate",
    "Strategy": "Plain",
    "Partial Mode": "Finalize",
    "Parallel Aware": false,
    "Startup Cost": 898424.49,
    "Total Cost": 898424.5,
    "Plan Rows": 1,
    "Plan Width": 8,
    "Actual Startup Time": 11353.683,
    "Actual Total Time": 11427.525,
    "Actual Rows": 1,
    "Actual Loops": 1,
    "Plans": [
      {
        "Node Type": "Gather",
        "Parent Relationship": "Outer",
        "Parallel Aware": false,
        "Startup Cost": 898424.38,
        "Total Cost": 898424.49,
        "Plan Rows": 1,
        "Plan Width": 8,
        "Actual Startup Time": 11340.816,
        "Actual Total Time": 11427.516,
        "Actual Rows": 2,
        "Actual Loops": 1,
        "Workers Planned": 1,
        "Workers Launched": 1,
        "Single Copy": false,
        "Plans": [
          {
            "Node Type": "Aggregate",
            "Strategy": "Plain",
            "Partial Mode": "Partial",
            "Parent Relationship": "Outer",
            "Parallel Aware": false,
            "Startup Cost": 897424.38,
            "Total Cost": 897424.39,
            "Plan Rows": 1,
            "Plan Width": 8,
            "Actual Startup Time": 11327.479,
            "Actual Total Time": 11327.485,
            "Actual Rows": 1,
            "Actual Loops": 2,
            "Plans": [
              {
                "Node Type": "Hash Join",
                "Parent Relationship": "Outer",
                "Parallel Aware": true,
                "Join Type": "Inner",
                "Startup Cost": 159640.62,
                "Total Cost": 862513.35,
                "Plan Rows": 13964411,
                "Plan Width": 0,
                "Actual Startup Time": 1943.752,
                "Actual Total Time": 9402.848,
                "Actual Rows": 48802642,
                "Actual Loops": 2,
                "Inner Unique": false,
                "Hash Cond": "(ci.movie_id = t.id)",
                "Plans": [
                  {
                    "Node Type": "Seq Scan",
                    "Parent Relationship": "Outer",
                    "Parallel Aware": true,
                    "Relation Name": "cast_info",
                    "Alias": "ci",
                    "Startup Cost": 0.0,
                    "Total Cost": 572345.93,
                    "Plan Rows": 9676648,
                    "Plan Width": 4,
                    "Actual Startup Time": 501.298,
                    "Actual Total Time": 1813.466,
                    "Actual Rows": 10227056,
                    "Actual Loops": 2,
                    "Filter": "((person_id > 1094132) AND (role_id > 1))",
                    "Rows Removed by Filter": 7895116
                  },
                  {
                    "Node Type": "Hash",
                    "Parent Relationship": "Inner",
                    "Parallel Aware": true,
                    "Startup Cost": 132812.75,
                    "Total Cost": 132812.75,
                    "Plan Rows": 2146229,
                    "Plan Width": 8,
                    "Actual Startup Time": 1420.838,
                    "Actual Total Time": 1420.842,
                    "Actual Rows": 1817759,
                    "Actual Loops": 2,
                    "Hash Buckets": 4194304,
                    "Original Hash Buckets": 4194304,
                    "Hash Batches": 1,
                    "Original Hash Batches": 1,
                    "Peak Memory Usage": 175040,
                    "Plans": [
                      {
                        "Node Type": "Hash Join",
                        "Parent Relationship": "Outer",
                        "Parallel Aware": true,
                        "Join Type": "Inner",
                        "Startup Cost": 69460.7,
                        "Total Cost": 132812.75,
                        "Plan Rows": 2146229,
                        "Plan Width": 8,
                        "Actual Startup Time": 554.477,
                        "Actual Total Time": 1086.774,
                        "Actual Rows": 1817759,
                        "Actual Loops": 2,
                        "Inner Unique": true,
                        "Hash Cond": "(mk.movie_id = t.id)",
                        "Plans": [
                          {
                            "Node Type": "Seq Scan",
                            "Parent Relationship": "Outer",
                            "Parallel Aware": true,
                            "Relation Name": "movie_keyword",
                            "Alias": "mk",
                            "Startup Cost": 0.0,
                            "Total Cost": 57718.19,
                            "Plan Rows": 2146229,
                            "Plan Width": 4,
                            "Actual Startup Time": 0.06,
                            "Actual Total Time": 217.977,
                            "Actual Rows": 1817759,
                            "Actual Loops": 2,
                            "Filter": "(keyword_id > 840)",
                            "Rows Removed by Filter": 444206
                          },
                          {
                            "Node Type": "Hash",
                            "Parent Relationship": "Inner",
                            "Parallel Aware": true,
                            "Startup Cost": 50870.31,
                            "Total Cost": 50870.31,
                            "Plan Rows": 1487231,
                            "Plan Width": 4,
                            "Actual Startup Time": 542.497,
                            "Actual Total Time": 542.498,
                            "Actual Rows": 1264156,
                            "Actual Loops": 2,
                            "Hash Buckets": 4194304,
                            "Original Hash Buckets": 4194304,
                            "Hash Batches": 1,
                            "Original Hash Batches": 1,
                            "Peak Memory Usage": 131680,
                            "Plans": [
                              {
                                "Node Type": "Seq Scan",
                                "Parent Relationship": "Outer",
                                "Parallel Aware": true,
                                "Relation Name": "title",
                                "Alias": "t",
                                "Startup Cost": 0.0,
                                "Total Cost": 50870.31,
                                "Plan Rows": 1487231,
                                "Plan Width": 4,
                                "Actual Startup Time": 0.024,
                                "Actual Total Time": 152.337,
                                "Actual Rows": 1264156,
                                "Actual Loops": 2
                              }
                            ]
                          }
                        ]
                      }
                    ]
                  }
                ]
              }
            ]
          }
        ]
      }
    ]
  },
  "Planning Time": 0.983,
  "Triggers": [],
  "Execution Time": 11427.618
}