{
  "Plan": {
    "Node Type": "Aggregate",
    "Strategy": "Plain",
    "Partial Mode": "Finalize",
    "Parallel Aware": false,
    "Startup Cost": 160066.36,
    "Total Cost": 160066.37,
    "Plan Rows": 1,
    "Plan Width": 8,
    "Actual Startup Time": 741.989,
    "Actual Total Time": 763.844,
    "Actual Rows": 1,
    "Actual Loops": 1,
    "Plans": [
      {
        "Node Type": "Gather",
        "Parent Relationship": "Outer",
        "Parallel Aware": false,
        "Startup Cost": 160066.24,
        "Total Cost": 160066.35,
        "Plan Rows": 1,
        "Plan Width": 8,
        "Actual Startup Time": 740.79,
        "Actual Total Time": 763.838,
        "Actual Rows": 2,
        "Actual Loops": 1,
        "Workers Planned": 1,
        "Workers Launched": 1,
        "Single Copy": false,
        "Plans": [
          {
            "Node Type": "Aggregate",
            "Strategy": "Plain",
            "Partial Mode": "Partial",
            "Parent Relationship": "Outer",
            "Parallel Aware": false,
            "Startup Cost": 159066.24,
            "Total Cost": 159066.25,
            "Plan Rows": 1,
            "Plan Width": 8,
            "Actual Startup Time": 734.249,
            "Actual Total Time": 734.255,
            "Actual Rows": 1,
            "Actual Loops": 2,
            "Plans": [
              {
                "Node Type": "Hash Join",
                "Parent Relationship": "Outer",
                "Parallel Aware": true,
                "Join Type": "Inner",
                "Startup Cost": 92218.25,
                "Total Cost": 158897.73,
                "Plan Rows": 67407,
                "Plan Width": 0,
                "Actual Startup Time": 395.368,
                "Actual Total Time": 727.841,
                "Actual Rows": 164143,
                "Actual Loops": 2,
                "Inner Unique": false,
                "Hash Cond": "(mk.movie_id = t.id)",
                "Plans": [
                  {
                    "Node Type": "Seq Scan",
                    "Parent Relationship": "Outer",
                    "Parallel Aware": true,
                    "Relation Name": "movie_keyword",
                    "Alias": "mk",
                    "Startup Cost": 0.0,
                    "Total Cost": 57718.19,
                    "Plan Rows": 2283938,
                    "Plan Width": 4,
                    "Actual Startup Time": 0.017,
                    "Actual Total Time": 193.609,
                    "Actual Rows": 1949567,
                    "Actual Loops": 2,
                    "Filter": "(keyword_id < 29320)",
                    "Rows Removed by Filter": 312398
                  },
                  {
                    "Node Type": "Hash",
                    "Parent Relationship": "Inner",
                    "Parallel Aware": true,
                    "Startup Cost": 91669.57,
                    "Total Cost": 91669.57,
                    "Plan Rows": 43894,
                    "Plan Width": 8,
                    "Actual Startup Time": 392.617,
                    "Actual Total Time": 392.621,
                    "Actual Rows": 73742,
                    "Actual Loops": 2,
                    "Hash Buckets": 262144,
                    "Original Hash Buckets": 131072,
                    "Hash Batches": 1,
                    "Original Hash Batches": 1,
                    "Peak Memory Usage": 8864,
                    "Plans": [
                      {
                        "Node Type": "Hash Join",
                        "Parent Relationship": "Outer",
                        "Parallel Aware": true,
                        "Join Type": "Inner",
                        "Startup Cost": 27775.92,
                        "Total Cost": 91669.57,
                        "Plan Rows": 43894,
                        "Plan Width": 8,
                        "Actual Startup Time": 100.297,
                        "Actual Total Time": 369.333,
                        "Actual Rows": 73742,
                        "Actual Loops": 2,
                        "Inner Unique": false,
                        "Hash Cond": "(t.id = mc.movie_id)",
                        "Plans": [
                          {
                            "Node Type": "Seq Scan",
                            "Parent Relationship": "Outer",
                            "Parallel Aware": true,
                            "Relation Name": "title",
                            "Alias": "t",
                            "Startup Cost": 0.0,
                            "Total Cost": 58306.47,
                            "Plan Rows": 852638,
                            "Plan Width": 4,
                            "Actual Startup Time": 0.012,
                            "Actual Total Time": 150.712,
                            "Actual Rows": 714890,
                            "Actual Loops": 2,
                            "Filter": "((kind_id > 2) AND (production_year < 2011))",
                            "Rows Removed by Filter": 549266
                          },
                          {
                            "Node Type": "Hash",
                            "Parent Relationship": "Inner",
                            "Parallel Aware": true,
                            "Startup Cost": 26818.89,
                            "Total Cost": 26818.89,
                            "Plan Rows": 76562,
                            "Plan Width": 4,
                            "Actual Startup Time": 99.069,
                            "Actual Total Time": 99.071,
                            "Actual Rows": 100584,
                            "Actual Loops": 2,
                            "Hash Buckets": 262144,
                            "Original Hash Buckets": 131072,
                            "Hash Batches": 1,
                            "Original Hash Batches": 1,
                            "Peak Memory Usage": 10976,
                            "Plans": [
                              {
                                "Node Type": "Bitmap Heap Scan",
                                "Parent Relationship": "Outer",
                                "Parallel Aware": true,
                                "Relation Name": "movie_companies",
                                "Alias": "mc",
                                "Startup Cost": 5695.96,
                                "Total Cost": 26818.89,
                                "Plan Rows": 76562,
                                "Plan Width": 4,
                                "Actual Startup Time": 26.833,
                                "Actual Total Time": 75.536,
                                "Actual Rows": 100584,
                                "Actual Loops": 2,
                                "Recheck Cond": "(company_id < 137)",
                                "Rows Removed by Index Recheck": 0,
                                "Filter": "(company_type_id < 2)",
                                "Rows Removed by Filter": 30832,
                                "Exact Heap Blocks": 12314,
                                "Lossy Heap Blocks": 0,
                                "Plans": [
                                  {
                                    "Node Type": "Bitmap Index Scan",
                                    "Parent Relationship": "Outer",
                                    "Parallel Aware": false,
                                    "Index Name": "company_id_movie_companies",
                                    "Startup Cost": 0.0,
                                    "Total Cost": 5663.42,
                                    "Plan Rows": 264399,
                                    "Plan Width": 0,
                                    "Actual Startup Time": 25.765,
                                    "Actual Total Time": 25.765,
                                    "Actual Rows": 262833,
                                    "Actual Loops": 1,
                                    "Index Cond": "(company_id < 137)"
                                  }
                                ]
                              }
                            ]
                          }
                        ]
                      }
                    ]
                  }
                ]
              }
            ]
          }
        ]
      }
    ]
  },
  "Planning Time": 0.994,
  "Triggers": [],
  "Execution Time": 763.952
}