[
  {
    "Plan": {
      "Node Type": "Aggregate",
      "Strategy": "Plain",
      "Partial Mode": "Finalize",
      "Parallel Aware": false,
      "Startup Cost": 46499.9,
      "Total Cost": 46499.91,
      "Plan Rows": 1,
      "Plan Width": 8,
      "Actual Startup Time": 94.022,
      "Actual Total Time": 105.96,
      "Actual Rows": 1,
      "Actual Loops": 1,
      "Plans": [
        {
          "Node Type": "Gather",
          "Parent Relationship": "Outer",
          "Parallel Aware": false,
          "Startup Cost": 46499.48,
          "Total Cost": 46499.89,
          "Plan Rows": 4,
          "Plan Width": 8,
          "Actual Startup Time": 93.893,
          "Actual Total Time": 105.952,
          "Actual Rows": 5,
          "Actual Loops": 1,
          "Workers Planned": 4,
          "Workers Launched": 4,
          "Single Copy": false,
          "Plans": [
            {
              "Node Type": "Aggregate",
              "Strategy": "Plain",
              "Partial Mode": "Partial",
              "Parent Relationship": "Outer",
              "Parallel Aware": false,
              "Startup Cost": 45499.48,
              "Total Cost": 45499.49,
              "Plan Rows": 1,
              "Plan Width": 8,
              "Actual Startup Time": 84.893,
              "Actual Total Time": 84.894,
              "Actual Rows": 1,
              "Actual Loops": 5,
              "Plans": [
                {
                  "Node Type": "Seq Scan",
                  "Parent Relationship": "Outer",
                  "Parallel Aware": true,
                  "Relation Name": "title",
                  "Alias": "t",
                  "Startup Cost": 0.0,
                  "Total Cost": 45479.1,
                  "Plan Rows": 8152,
                  "Plan Width": 0,
                  "Actual Startup Time": 56.458,
                  "Actual Total Time": 84.632,
                  "Actual Rows": 3554,
                  "Actual Loops": 5,
                  "Filter": "((kind_id < 2) AND (production_year = 2007))",
                  "Rows Removed by Filter": 502108
                }
              ]
            }
          ]
        }
      ]
    },
    "Planning Time": 0.181,
    "Triggers": [],
    "Execution Time": 106.019
  }
]