{
  "Plan": {
    "Node Type": "Aggregate",
    "Strategy": "Plain",
    "Partial Mode": "Finalize",
    "Parallel Aware": false,
    "Startup Cost": 97541.84,
    "Total Cost": 97541.85,
    "Plan Rows": 1,
    "Plan Width": 8,
    "Actual Startup Time": 397.811,
    "Actual Total Time": 416.179,
    "Actual Rows": 1,
    "Actual Loops": 1,
    "Plans": [
      {
        "Node Type": "Gather",
        "Parent Relationship": "Outer",
        "Parallel Aware": false,
        "Startup Cost": 97541.73,
        "Total Cost": 97541.84,
        "Plan Rows": 1,
        "Plan Width": 8,
        "Actual Startup Time": 397.561,
        "Actual Total Time": 416.17,
        "Actual Rows": 2,
        "Actual Loops": 1,
        "Workers Planned": 1,
        "Workers Launched": 1,
        "Single Copy": false,
        "Plans": [
          {
            "Node Type": "Aggregate",
            "Strategy": "Plain",
            "Partial Mode": "Partial",
            "Parent Relationship": "Outer",
            "Parallel Aware": false,
            "Startup Cost": 96541.73,
            "Total Cost": 96541.74,
            "Plan Rows": 1,
            "Plan Width": 8,
            "Actual Startup Time": 391.695,
            "Actual Total Time": 391.698,
            "Actual Rows": 1,
            "Actual Loops": 2,
            "Plans": [
              {
                "Node Type": "Hash Join",
                "Parent Relationship": "Outer",
                "Parallel Aware": true,
                "Join Type": "Inner",
                "Startup Cost": 58363.36,
                "Total Cost": 96529.99,
                "Plan Rows": 4696,
                "Plan Width": 0,
                "Actual Startup Time": 156.433,
                "Actual Total Time": 391.539,
                "Actual Rows": 2570,
                "Actual Loops": 2,
                "Inner Unique": true,
                "Hash Cond": "(mc.movie_id = t.id)",
                "Plans": [
                  {
                    "Node Type": "Seq Scan",
                    "Parent Relationship": "Outer",
                    "Parallel Aware": true,
                    "Relation Name": "movie_companies",
                    "Alias": "mc",
                    "Startup Cost": 0.0,
                    "Total Cost": 34137.82,
                    "Plan Rows": 1534782,
                    "Plan Width": 4,
                    "Actual Startup Time": 0.014,
                    "Actual Total Time": 112.161,
                    "Actual Rows": 1304564,
                    "Actual Loops": 2
                  },
                  {
                    "Node Type": "Hash",
                    "Parent Relationship": "Inner",
                    "Parallel Aware": true,
                    "Startup Cost": 58306.47,
                    "Total Cost": 58306.47,
                    "Plan Rows": 4551,
                    "Plan Width": 4,
                    "Actual Startup Time": 155.01,
                    "Actual Total Time": 155.011,
                    "Actual Rows": 4022,
                    "Actual Loops": 2,
                    "Hash Buckets": 8192,
                    "Original Hash Buckets": 8192,
                    "Hash Batches": 1,
                    "Original Hash Batches": 1,
                    "Peak Memory Usage": 416,
                    "Plans": [
                      {
                        "Node Type": "Seq Scan",
                        "Parent Relationship": "Outer",
                        "Parallel Aware": true,
                        "Relation Name": "title",
                        "Alias": "t",
                        "Startup Cost": 0.0,
                        "Total Cost": 58306.47,
                        "Plan Rows": 4551,
                        "Plan Width": 4,
                        "Actual Startup Time": 0.069,
                        "Actual Total Time": 153.293,
                        "Actual Rows": 4022,
                        "Actual Loops": 2,
                        "Filter": "((kind_id = 7) AND (production_year = 1980))",
                        "Rows Removed by Filter": 1260134
                      }
                    ]
                  }
                ]
              }
            ]
          }
        ]
      }
    ]
  },
  "Planning Time": 1.453,
  "Triggers": [],
  "Execution Time": 416.409
}