[
  {
    "Plan": {
      "Node Type": "Aggregate",
      "Strategy": "Plain",
      "Partial Mode": "Finalize",
      "Parallel Aware": false,
      "Startup Cost": 305335.0,
      "Total Cost": 305335.01,
      "Plan Rows": 1,
      "Plan Width": 8,
      "Actual Startup Time": 1978.411,
      "Actual Total Time": 2088.408,
      "Actual Rows": 1,
      "Actual Loops": 1,
      "Plans": [
        {
          "Node Type": "Gather",
          "Parent Relationship": "Outer",
          "Parallel Aware": false,
          "Startup Cost": 305334.48,
          "Total Cost": 305334.99,
          "Plan Rows": 5,
          "Plan Width": 8,
          "Actual Startup Time": 1977.708,
          "Actual Total Time": 2088.392,
          "Actual Rows": 6,
          "Actual Loops": 1,
          "Workers Planned": 5,
          "Workers Launched": 5,
          "Single Copy": false,
          "Plans": [
            {
              "Node Type": "Aggregate",
              "Strategy": "Plain",
              "Partial Mode": "Partial",
              "Parent Relationship": "Outer",
              "Parallel Aware": false,
              "Startup Cost": 304334.48,
              "Total Cost": 304334.49,
              "Plan Rows": 1,
              "Plan Width": 8,
              "Actual Startup Time": 1967.842,
              "Actual Total Time": 1967.848,
              "Actual Rows": 1,
              "Actual Loops": 6,
              "Plans": [
                {
                  "Node Type": "Nested Loop",
                  "Parent Relationship": "Outer",
                  "Parallel Aware": false,
                  "Join Type": "Inner",
                  "Startup Cost": 44024.2,
                  "Total Cost": 303222.6,
                  "Plan Rows": 444752,
                  "Plan Width": 0,
                  "Actual Startup Time": 109.238,
                  "Actual Total Time": 1890.945,
                  "Actual Rows": 1439706,
                  "Actual Loops": 6,
                  "Inner Unique": false,
                  "Join Filter": "(t.id = ci.movie_id)",
                  "Rows Removed by Join Filter": 0,
                  "Plans": [
                    {
                      "Node Type": "Hash Join",
                      "Parent Relationship": "Outer",
                      "Parallel Aware": true,
                      "Join Type": "Inner",
                      "Startup Cost": 44023.63,
                      "Total Cost": 248307.28,
                      "Plan Rows": 31020,
                      "Plan Width": 8,
                      "Actual Startup Time": 109.101,
                      "Actual Total Time": 590.779,
                      "Actual Rows": 26160,
                      "Actual Loops": 6,
                      "Inner Unique": true,
                      "Hash Cond": "(mi.movie_id = t.id)",
                      "Plans": [
                        {
                          "Node Type": "Seq Scan",
                          "Parent Relationship": "Outer",
                          "Parallel Aware": true,
                          "Relation Name": "movie_info",
                          "Alias": "mi",
                          "Startup Cost": 0.0,
                          "Total Cost": 199108.24,
                          "Plan Rows": 1971577,
                          "Plan Width": 4,
                          "Actual Startup Time": 17.631,
                          "Actual Total Time": 327.971,
                          "Actual Rows": 1651959,
                          "Actual Loops": 6,
                          "Filter": "(info_type_id > 4)",
                          "Rows Removed by Filter": 820661
                        },
                        {
                          "Node Type": "Hash",
                          "Parent Relationship": "Inner",
                          "Parallel Aware": true,
                          "Startup Cost": 43899.32,
                          "Total Cost": 43899.32,
                          "Plan Rows": 9945,
                          "Plan Width": 4,
                          "Actual Startup Time": 90.018,
                          "Actual Total Time": 90.019,
                          "Actual Rows": 6492,
                          "Actual Loops": 6,
                          "Hash Buckets": 65536,
                          "Original Hash Buckets": 65536,
                          "Hash Batches": 1,
                          "Original Hash Batches": 1,
                          "Peak Memory Usage": 2144,
                          "Plans": [
                            {
                              "Node Type": "Seq Scan",
                              "Parent Relationship": "Outer",
                              "Parallel Aware": true,
                              "Relation Name": "title",
                              "Alias": "t",
                              "Startup Cost": 0.0,
                              "Total Cost": 43899.32,
                              "Plan Rows": 9945,
                              "Plan Width": 4,
                              "Actual Startup Time": 0.096,
                              "Actual Total Time": 85.821,
                              "Actual Rows": 6492,
                              "Actual Loops": 6,
                              "Filter": "(production_year = 1997)",
                              "Rows Removed by Filter": 414893
                            }
                          ]
                        }
                      ]
                    },
                    {
                      "Node Type": "Index Only Scan",
                      "Parent Relationship": "Inner",
                      "Parallel Aware": false,
                      "Scan Direction": "Forward",
                      "Index Name": "movie_id_cast_info",
                      "Relation Name": "cast_info",
                      "Alias": "ci",
                      "Startup Cost": 0.56,
                      "Total Cost": 1.33,
                      "Plan Rows": 35,
                      "Plan Width": 4,
                      "Actual Startup Time": 0.007,
                      "Actual Total Time": 0.044,
                      "Actual Rows": 55,
                      "Actual Loops": 156963,
                      "Index Cond": "(movie_id = mi.movie_id)",
                      "Rows Removed by Index Recheck": 0,
                      "Heap Fetches": 8638238
                    }
                  ]
                }
              ]
            }
          ]
        }
      ]
    },
    "Planning Time": 1.388,
    "Triggers": [],
    "Execution Time": 2088.535
  }
]