[
  {
    "Plan": {
      "Node Type": "Aggregate",
      "Strategy": "Plain",
      "Partial Mode": "Finalize",
      "Parallel Aware": false,
      "Startup Cost": 32350.9,
      "Total Cost": 32350.91,
      "Plan Rows": 1,
      "Plan Width": 8,
      "Actual Startup Time": 129.336,
      "Actual Total Time": 137.328,
      "Actual Rows": 1,
      "Actual Loops": 1,
      "Plans": [
        {
          "Node Type": "Gather",
          "Parent Relationship": "Outer",
          "Parallel Aware": false,
          "Startup Cost": 32350.59,
          "Total Cost": 32350.9,
          "Plan Rows": 3,
          "Plan Width": 8,
          "Actual Startup Time": 129.222,
          "Actual Total Time": 137.32,
          "Actual Rows": 4,
          "Actual Loops": 1,
          "Workers Planned": 3,
          "Workers Launched": 3,
          "Single Copy": false,
          "Plans": [
            {
              "Node Type": "Aggregate",
              "Strategy": "Plain",
              "Partial Mode": "Partial",
              "Parent Relationship": "Outer",
              "Parallel Aware": false,
              "Startup Cost": 31350.59,
              "Total Cost": 31350.6,
              "Plan Rows": 1,
              "Plan Width": 8,
              "Actual Startup Time": 120.494,
              "Actual Total Time": 120.495,
              "Actual Rows": 1,
              "Actual Loops": 4,
              "Plans": [
                {
                  "Node Type": "Seq Scan",
                  "Parent Relationship": "Outer",
                  "Parallel Aware": true,
                  "Relation Name": "movie_companies",
                  "Alias": "mc",
                  "Startup Cost": 0.0,
                  "Total Cost": 29310.68,
                  "Plan Rows": 815962,
                  "Plan Width": 0,
                  "Actual Startup Time": 0.049,
                  "Actual Total Time": 89.462,
                  "Actual Rows": 631376,
                  "Actual Loops": 4,
                  "Filter": "(company_id > 16)",
                  "Rows Removed by Filter": 20906
                }
              ]
            }
          ]
        }
      ]
    },
    "Planning Time": 0.239,
    "Triggers": [],
    "Execution Time": 137.403
  }
]