[
  {
    "Plan": {
      "Node Type": "Aggregate",
      "Strategy": "Plain",
      "Partial Mode": "Simple",
      "Parallel Aware": false,
      "Startup Cost": 155099.85,
      "Total Cost": 155099.86,
      "Plan Rows": 1,
      "Plan Width": 8,
      "Actual Startup Time": 45.777,
      "Actual Total Time": 45.778,
      "Actual Rows": 1,
      "Actual Loops": 1,
      "Plans": [
        {
          "Node Type": "Index Only Scan",
          "Parent Relationship": "Outer",
          "Parallel Aware": false,
          "Scan Direction": "Forward",
          "Index Name": "person_id_cast_info",
          "Relation Name": "cast_info",
          "Alias": "ci",
          "Startup Cost": 0.56,
          "Total Cost": 154875.99,
          "Plan Rows": 89543,
          "Plan Width": 0,
          "Actual Startup Time": 0.017,
          "Actual Total Time": 35.452,
          "Actual Rows": 95775,
          "Actual Loops": 1,
          "Index Cond": "(person_id < 10931)",
          "Rows Removed by Index Recheck": 0,
          "Heap Fetches": 95775
        }
      ]
    },
    "Planning Time": 0.153,
    "Triggers": [],
    "Execution Time": 45.806
  }
]