{
  "Plan": {
    "Node Type": "Aggregate",
    "Strategy": "Plain",
    "Partial Mode": "Finalize",
    "Parallel Aware": false,
    "Startup Cost": 779112.24,
    "Total Cost": 779112.25,
    "Plan Rows": 1,
    "Plan Width": 8,
    "Actual Startup Time": 5770.261,
    "Actual Total Time": 5819.498,
    "Actual Rows": 1,
    "Actual Loops": 1,
    "Plans": [
      {
        "Node Type": "Gather",
        "Parent Relationship": "Outer",
        "Parallel Aware": false,
        "Startup Cost": 779112.12,
        "Total Cost": 779112.23,
        "Plan Rows": 1,
        "Plan Width": 8,
        "Actual Startup Time": 5761.809,
        "Actual Total Time": 5819.489,
        "Actual Rows": 2,
        "Actual Loops": 1,
        "Workers Planned": 1,
        "Workers Launched": 1,
        "Single Copy": false,
        "Plans": [
          {
            "Node Type": "Aggregate",
            "Strategy": "Plain",
            "Partial Mode": "Partial",
            "Parent Relationship": "Outer",
            "Parallel Aware": false,
            "Startup Cost": 778112.12,
            "Total Cost": 778112.13,
            "Plan Rows": 1,
            "Plan Width": 8,
            "Actual Startup Time": 5750.15,
            "Actual Total Time": 5750.422,
            "Actual Rows": 1,
            "Actual Loops": 2,
            "Plans": [
              {
                "Node Type": "Hash Join",
                "Parent Relationship": "Outer",
                "Parallel Aware": true,
                "Join Type": "Inner",
                "Startup Cost": 428297.73,
                "Total Cost": 762835.88,
                "Plan Rows": 6110496,
                "Plan Width": 0,
                "Actual Startup Time": 1829.785,
                "Actual Total Time": 5135.204,
                "Actual Rows": 15593024,
                "Actual Loops": 2,
                "Inner Unique": false,
                "Hash Cond": "(mi.movie_id = t.id)",
                "Plans": [
                  {
                    "Node Type": "Seq Scan",
                    "Parent Relationship": "Outer",
                    "Parallel Aware": true,
                    "Relation Name": "movie_info",
                    "Alias": "mi",
                    "Startup Cost": 0.0,
                    "Total Cost": 270696.42,
                    "Plan Rows": 5579529,
                    "Plan Width": 4,
                    "Actual Startup Time": 0.018,
                    "Actual Total Time": 724.885,
                    "Actual Rows": 4782576,
                    "Actual Loops": 2,
                    "Filter": "(info_type_id < 16)",
                    "Rows Removed by Filter": 2635284
                  },
                  {
                    "Node Type": "Hash",
                    "Parent Relationship": "Inner",
                    "Parallel Aware": true,
                    "Startup Cost": 407938.22,
                    "Total Cost": 407938.22,
                    "Plan Rows": 1628761,
                    "Plan Width": 8,
                    "Actual Startup Time": 1807.821,
                    "Actual Total Time": 1808.091,
                    "Actual Rows": 1322393,
                    "Actual Loops": 2,
                    "Hash Buckets": 4194304,
                    "Original Hash Buckets": 4194304,
                    "Hash Batches": 1,
                    "Original Hash Batches": 1,
                    "Peak Memory Usage": 136256,
                    "Plans": [
                      {
                        "Node Type": "Hash Join",
                        "Parent Relationship": "Outer",
                        "Parallel Aware": true,
                        "Join Type": "Inner",
                        "Startup Cost": 130616.19,
                        "Total Cost": 407938.22,
                        "Plan Rows": 1628761,
                        "Plan Width": 8,
                        "Actual Startup Time": 654.062,
                        "Actual Total Time": 1418.314,
                        "Actual Rows": 1322393,
                        "Actual Loops": 2,
                        "Inner Unique": true,
                        "Hash Cond": "(ci.movie_id = t.id)",
                        "Plans": [
                          {
                            "Node Type": "Bitmap Heap Scan",
                            "Parent Relationship": "Outer",
                            "Parallel Aware": true,
                            "Relation Name": "cast_info",
                            "Alias": "ci",
                            "Startup Cost": 61155.49,
                            "Total Cost": 334202.01,
                            "Plan Rows": 1628761,
                            "Plan Width": 4,
                            "Actual Startup Time": 120.573,
                            "Actual Total Time": 277.586,
                            "Actual Rows": 1322393,
                            "Actual Loops": 2,
                            "Recheck Cond": "(person_id > 3551492)",
                            "Rows Removed by Index Recheck": 0,
                            "Exact Heap Blocks": 19408,
                            "Lossy Heap Blocks": 0,
                            "Plans": [
                              {
                                "Node Type": "Bitmap Index Scan",
                                "Parent Relationship": "Outer",
                                "Parallel Aware": false,
                                "Index Name": "person_id_cast_info",
                                "Startup Cost": 0.0,
                                "Total Cost": 60463.27,
                                "Plan Rows": 2768894,
                                "Plan Width": 0,
                                "Actual Startup Time": 112.533,
                                "Actual Total Time": 112.534,
                                "Actual Rows": 2644786,
                                "Actual Loops": 1,
                                "Index Cond": "(person_id > 3551492)"
                              }
                            ]
                          },
                          {
                            "Node Type": "Hash",
                            "Parent Relationship": "Inner",
                            "Parallel Aware": true,
                            "Startup Cost": 50870.31,
                            "Total Cost": 50870.31,
                            "Plan Rows": 1487231,
                            "Plan Width": 4,
                            "Actual Startup Time": 520.807,
                            "Actual Total Time": 520.808,
                            "Actual Rows": 1264156,
                            "Actual Loops": 2,
                            "Hash Buckets": 4194304,
                            "Original Hash Buckets": 4194304,
                            "Hash Batches": 1,
                            "Original Hash Batches": 1,
                            "Peak Memory Usage": 131712,
                            "Plans": [
                              {
                                "Node Type": "Seq Scan",
                                "Parent Relationship": "Outer",
                                "Parallel Aware": true,
                                "Relation Name": "title",
                                "Alias": "t",
                                "Startup Cost": 0.0,
                                "Total Cost": 50870.31,
                                "Plan Rows": 1487231,
                                "Plan Width": 4,
                                "Actual Startup Time": 0.035,
                                "Actual Total Time": 152.664,
                                "Actual Rows": 1264156,
                                "Actual Loops": 2
                              }
                            ]
                          }
                        ]
                      }
                    ]
                  }
                ]
              }
            ]
          }
        ]
      }
    ]
  },
  "Planning Time": 0.94,
  "Triggers": [],
  "Execution Time": 5819.607
}