[
  {
    "Plan": {
      "Node Type": "Aggregate",
      "Strategy": "Plain",
      "Partial Mode": "Finalize",
      "Parallel Aware": false,
      "Startup Cost": 338363.35,
      "Total Cost": 338363.36,
      "Plan Rows": 1,
      "Plan Width": 8,
      "Actual Startup Time": 767.32,
      "Actual Total Time": 825.54,
      "Actual Rows": 1,
      "Actual Loops": 1,
      "Plans": [
        {
          "Node Type": "Gather",
          "Parent Relationship": "Outer",
          "Parallel Aware": false,
          "Startup Cost": 338362.73,
          "Total Cost": 338363.34,
          "Plan Rows": 6,
          "Plan Width": 8,
          "Actual Startup Time": 767.193,
          "Actual Total Time": 825.528,
          "Actual Rows": 7,
          "Actual Loops": 1,
          "Workers Planned": 6,
          "Workers Launched": 6,
          "Single Copy": false,
          "Plans": [
            {
              "Node Type": "Aggregate",
              "Strategy": "Plain",
              "Partial Mode": "Partial",
              "Parent Relationship": "Outer",
              "Parallel Aware": false,
              "Startup Cost": 337362.73,
              "Total Cost": 337362.74,
              "Plan Rows": 1,
              "Plan Width": 8,
              "Actual Startup Time": 758.535,
              "Actual Total Time": 758.536,
              "Actual Rows": 1,
              "Actual Loops": 7,
              "Plans": [
                {
                  "Node Type": "Seq Scan",
                  "Parent Relationship": "Outer",
                  "Parallel Aware": true,
                  "Relation Name": "cast_info",
                  "Alias": "ci",
                  "Startup Cost": 0.0,
                  "Total Cost": 328162.03,
                  "Plan Rows": 3680281,
                  "Plan Width": 0,
                  "Actual Startup Time": 0.049,
                  "Actual Total Time": 616.536,
                  "Actual Rows": 3162005,
                  "Actual Loops": 7,
                  "Filter": "(person_id < 2254421)",
                  "Rows Removed by Filter": 2015758
                }
              ]
            }
          ]
        }
      ]
    },
    "Planning Time": 0.206,
    "Triggers": [],
    "Execution Time": 825.617
  }
]