[
  {
    "Plan": {
      "Node Type": "Aggregate",
      "Strategy": "Plain",
      "Partial Mode": "Finalize",
      "Parallel Aware": false,
      "Startup Cost": 62034.87,
      "Total Cost": 62034.88,
      "Plan Rows": 1,
      "Plan Width": 8,
      "Actual Startup Time": 218.072,
      "Actual Total Time": 232.167,
      "Actual Rows": 1,
      "Actual Loops": 1,
      "Plans": [
        {
          "Node Type": "Gather",
          "Parent Relationship": "Outer",
          "Parallel Aware": false,
          "Startup Cost": 62034.65,
          "Total Cost": 62034.86,
          "Plan Rows": 2,
          "Plan Width": 8,
          "Actual Startup Time": 217.189,
          "Actual Total Time": 232.156,
          "Actual Rows": 3,
          "Actual Loops": 1,
          "Workers Planned": 2,
          "Workers Launched": 2,
          "Single Copy": false,
          "Plans": [
            {
              "Node Type": "Aggregate",
              "Strategy": "Plain",
              "Partial Mode": "Partial",
              "Parent Relationship": "Outer",
              "Parallel Aware": false,
              "Startup Cost": 61034.65,
              "Total Cost": 61034.66,
              "Plan Rows": 1,
              "Plan Width": 8,
              "Actual Startup Time": 214.134,
              "Actual Total Time": 214.138,
              "Actual Rows": 1,
              "Actual Loops": 3,
              "Plans": [
                {
                  "Node Type": "Hash Join",
                  "Parent Relationship": "Outer",
                  "Parallel Aware": true,
                  "Join Type": "Inner",
                  "Startup Cost": 45784.6,
                  "Total Cost": 60979.16,
                  "Plan Rows": 22197,
                  "Plan Width": 0,
                  "Actual Startup Time": 124.046,
                  "Actual Total Time": 213.759,
                  "Actual Rows": 7531,
                  "Actual Loops": 3,
                  "Inner Unique": true,
                  "Hash Cond": "(mi_idx.movie_id = t.id)",
                  "Plans": [
                    {
                      "Node Type": "Seq Scan",
                      "Parent Relationship": "Outer",
                      "Parallel Aware": true,
                      "Relation Name": "movie_info_idx",
                      "Alias": "mi_idx",
                      "Startup Cost": 0.0,
                      "Total Cost": 13685.15,
                      "Plan Rows": 575015,
                      "Plan Width": 4,
                      "Actual Startup Time": 0.015,
                      "Actual Total Time": 40.69,
                      "Actual Rows": 460012,
                      "Actual Loops": 3
                    },
                    {
                      "Node Type": "Hash",
                      "Parent Relationship": "Inner",
                      "Parallel Aware": true,
                      "Startup Cost": 45479.59,
                      "Total Cost": 45479.59,
                      "Plan Rows": 24401,
                      "Plan Width": 4,
                      "Actual Startup Time": 122.911,
                      "Actual Total Time": 122.913,
                      "Actual Rows": 36801,
                      "Actual Loops": 3,
                      "Hash Buckets": 131072,
                      "Original Hash Buckets": 131072,
                      "Hash Batches": 1,
                      "Original Hash Batches": 1,
                      "Peak Memory Usage": 5376,
                      "Plans": [
                        {
                          "Node Type": "Seq Scan",
                          "Parent Relationship": "Outer",
                          "Parallel Aware": true,
                          "Relation Name": "title",
                          "Alias": "t",
                          "Startup Cost": 0.0,
                          "Total Cost": 45479.59,
                          "Plan Rows": 24401,
                          "Plan Width": 4,
                          "Actual Startup Time": 0.022,
                          "Actual Total Time": 110.522,
                          "Actual Rows": 36801,
                          "Actual Loops": 3,
                          "Filter": "((kind_id = 7) AND (production_year = 2012))",
                          "Rows Removed by Filter": 805970
                        }
                      ]
                    }
                  ]
                }
              ]
            }
          ]
        }
      ]
    },
    "Planning Time": 0.267,
    "Triggers": [],
    "Execution Time": 232.21
  }
]