{
  "Plan": {
    "Node Type": "Aggregate",
    "Strategy": "Plain",
    "Partial Mode": "Finalize",
    "Parallel Aware": false,
    "Startup Cost": 98515.56,
    "Total Cost": 98515.57,
    "Plan Rows": 1,
    "Plan Width": 8,
    "Actual Startup Time": 414.44,
    "Actual Total Time": 430.352,
    "Actual Rows": 1,
    "Actual Loops": 1,
    "Plans": [
      {
        "Node Type": "Gather",
        "Parent Relationship": "Outer",
        "Parallel Aware": false,
        "Startup Cost": 98515.45,
        "Total Cost": 98515.56,
        "Plan Rows": 1,
        "Plan Width": 8,
        "Actual Startup Time": 413.979,
        "Actual Total Time": 430.344,
        "Actual Rows": 2,
        "Actual Loops": 1,
        "Workers Planned": 1,
        "Workers Launched": 1,
        "Single Copy": false,
        "Plans": [
          {
            "Node Type": "Aggregate",
            "Strategy": "Plain",
            "Partial Mode": "Partial",
            "Parent Relationship": "Outer",
            "Parallel Aware": false,
            "Startup Cost": 97515.45,
            "Total Cost": 97515.46,
            "Plan Rows": 1,
            "Plan Width": 8,
            "Actual Startup Time": 408.171,
            "Actual Total Time": 408.174,
            "Actual Rows": 1,
            "Actual Loops": 2,
            "Plans": [
              {
                "Node Type": "Hash Join",
                "Parent Relationship": "Outer",
                "Parallel Aware": true,
                "Join Type": "Inner",
                "Startup Cost": 55874.46,
                "Total Cost": 97288.83,
                "Plan Rows": 90648,
                "Plan Width": 0,
                "Actual Startup Time": 160.685,
                "Actual Total Time": 401.705,
                "Actual Rows": 160421,
                "Actual Loops": 2,
                "Inner Unique": true,
                "Hash Cond": "(mc.movie_id = t.id)",
                "Plans": [
                  {
                    "Node Type": "Seq Scan",
                    "Parent Relationship": "Outer",
                    "Parallel Aware": true,
                    "Relation Name": "movie_companies",
                    "Alias": "mc",
                    "Startup Cost": 0.0,
                    "Total Cost": 37974.77,
                    "Plan Rows": 1310316,
                    "Plan Width": 4,
                    "Actual Startup Time": 0.016,
                    "Actual Total Time": 121.598,
                    "Actual Rows": 1110428,
                    "Actual Loops": 2,
                    "Filter": "(company_id < 83432)",
                    "Rows Removed by Filter": 194137
                  },
                  {
                    "Node Type": "Hash",
                    "Parent Relationship": "Inner",
                    "Parallel Aware": true,
                    "Startup Cost": 54588.39,
                    "Total Cost": 54588.39,
                    "Plan Rows": 102886,
                    "Plan Width": 4,
                    "Actual Startup Time": 156.637,
                    "Actual Total Time": 156.638,
                    "Actual Rows": 90478,
                    "Actual Loops": 2,
                    "Hash Buckets": 262144,
                    "Original Hash Buckets": 262144,
                    "Hash Batches": 1,
                    "Original Hash Batches": 1,
                    "Peak Memory Usage": 9152,
                    "Plans": [
                      {
                        "Node Type": "Seq Scan",
                        "Parent Relationship": "Outer",
                        "Parallel Aware": true,
                        "Relation Name": "title",
                        "Alias": "t",
                        "Startup Cost": 0.0,
                        "Total Cost": 54588.39,
                        "Plan Rows": 102886,
                        "Plan Width": 4,
                        "Actual Startup Time": 0.104,
                        "Actual Total Time": 136.578,
                        "Actual Rows": 90478,
                        "Actual Loops": 2,
                        "Filter": "(production_year < 1953)",
                        "Rows Removed by Filter": 1173678
                      }
                    ]
                  }
                ]
              }
            ]
          }
        ]
      }
    ]
  },
  "Planning Time": 0.497,
  "Triggers": [],
  "Execution Time": 430.424
}