[
  {
    "Plan": {
      "Node Type": "Aggregate",
      "Strategy": "Plain",
      "Partial Mode": "Finalize",
      "Parallel Aware": false,
      "Startup Cost": 149368.98,
      "Total Cost": 149368.99,
      "Plan Rows": 1,
      "Plan Width": 8,
      "Actual Startup Time": 1767.544,
      "Actual Total Time": 1852.19,
      "Actual Rows": 1,
      "Actual Loops": 1,
      "Plans": [
        {
          "Node Type": "Gather",
          "Parent Relationship": "Outer",
          "Parallel Aware": false,
          "Startup Cost": 149368.66,
          "Total Cost": 149368.97,
          "Plan Rows": 3,
          "Plan Width": 8,
          "Actual Startup Time": 1758.89,
          "Actual Total Time": 1852.178,
          "Actual Rows": 4,
          "Actual Loops": 1,
          "Workers Planned": 3,
          "Workers Launched": 3,
          "Single Copy": false,
          "Plans": [
            {
              "Node Type": "Aggregate",
              "Strategy": "Plain",
              "Partial Mode": "Partial",
              "Parent Relationship": "Outer",
              "Parallel Aware": false,
              "Startup Cost": 148368.66,
              "Total Cost": 148368.67,
              "Plan Rows": 1,
              "Plan Width": 8,
              "Actual Startup Time": 1744.904,
              "Actual Total Time": 1744.908,
              "Actual Rows": 1,
              "Actual Loops": 4,
              "Plans": [
                {
                  "Node Type": "Nested Loop",
                  "Parent Relationship": "Outer",
                  "Parallel Aware": false,
                  "Join Type": "Inner",
                  "Startup Cost": 52452.47,
                  "Total Cost": 147667.1,
                  "Plan Rows": 280624,
                  "Plan Width": 0,
                  "Actual Startup Time": 369.407,
                  "Actual Total Time": 1698.087,
                  "Actual Rows": 874352,
                  "Actual Loops": 4,
                  "Inner Unique": false,
                  "Plans": [
                    {
                      "Node Type": "Hash Join",
                      "Parent Relationship": "Outer",
                      "Parallel Aware": true,
                      "Join Type": "Inner",
                      "Startup Cost": 52451.91,
                      "Total Cost": 77419.05,
                      "Plan Rows": 33927,
                      "Plan Width": 8,
                      "Actual Startup Time": 369.28,
                      "Actual Total Time": 410.876,
                      "Actual Rows": 26082,
                      "Actual Loops": 4,
                      "Inner Unique": true,
                      "Hash Cond": "(mk.movie_id = t.id)",
                      "Plans": [
                        {
                          "Node Type": "Bitmap Heap Scan",
                          "Parent Relationship": "Outer",
                          "Parallel Aware": true,
                          "Relation Name": "movie_keyword",
                          "Alias": "mk",
                          "Startup Cost": 2231.52,
                          "Total Cost": 27109.61,
                          "Plan Rows": 33927,
                          "Plan Width": 4,
                          "Actual Startup Time": 11.241,
                          "Actual Total Time": 35.919,
                          "Actual Rows": 26082,
                          "Actual Loops": 4,
                          "Recheck Cond": "(keyword_id > 81272)",
                          "Rows Removed by Index Recheck": 0,
                          "Exact Heap Blocks": 5249,
                          "Lossy Heap Blocks": 0,
                          "Plans": [
                            {
                              "Node Type": "Bitmap Index Scan",
                              "Parent Relationship": "Outer",
                              "Parallel Aware": false,
                              "Index Name": "keyword_id_movie_keyword",
                              "Startup Cost": 0.0,
                              "Total Cost": 2205.23,
                              "Plan Rows": 105173,
                              "Plan Width": 0,
                              "Actual Startup Time": 8.579,
                              "Actual Total Time": 8.58,
                              "Actual Rows": 104326,
                              "Actual Loops": 1,
                              "Index Cond": "(keyword_id > 81272)"
                            }
                          ]
                        },
                        {
                          "Node Type": "Hash",
                          "Parent Relationship": "Inner",
                          "Parallel Aware": true,
                          "Startup Cost": 42319.06,
                          "Total Cost": 42319.06,
                          "Plan Rows": 632106,
                          "Plan Width": 4,
                          "Actual Startup Time": 348.59,
                          "Actual Total Time": 348.591,
                          "Actual Rows": 632078,
                          "Actual Loops": 4,
                          "Hash Buckets": 4194304,
                          "Original Hash Buckets": 4194304,
                          "Hash Batches": 1,
                          "Original Hash Batches": 1,
                          "Peak Memory Usage": 131744,
                          "Plans": [
                            {
                              "Node Type": "Seq Scan",
                              "Parent Relationship": "Outer",
                              "Parallel Aware": true,
                              "Relation Name": "title",
                              "Alias": "t",
                              "Startup Cost": 0.0,
                              "Total Cost": 42319.06,
                              "Plan Rows": 632106,
                              "Plan Width": 4,
                              "Actual Startup Time": 0.033,
                              "Actual Total Time": 103.612,
                              "Actual Rows": 632078,
                              "Actual Loops": 4
                            }
                          ]
                        }
                      ]
                    },
                    {
                      "Node Type": "Index Scan",
                      "Parent Relationship": "Inner",
                      "Parallel Aware": false,
                      "Scan Direction": "Forward",
                      "Index Name": "movie_id_cast_info",
                      "Relation Name": "cast_info",
                      "Alias": "ci",
                      "Startup Cost": 0.56,
                      "Total Cost": 1.87,
                      "Plan Rows": 20,
                      "Plan Width": 4,
                      "Actual Startup Time": 0.005,
                      "Actual Total Time": 0.046,
                      "Actual Rows": 34,
                      "Actual Loops": 104326,
                      "Index Cond": "(movie_id = t.id)",
                      "Rows Removed by Index Recheck": 0,
                      "Filter": "(person_id < 2142600)",
                      "Rows Removed by Filter": 24
                    }
                  ]
                }
              ]
            }
          ]
        }
      ]
    },
    "Planning Time": 0.839,
    "Triggers": [],
    "Execution Time": 1852.294
  }
]