[
  {
    "Plan": {
      "Node Type": "Aggregate",
      "Strategy": "Plain",
      "Partial Mode": "Finalize",
      "Parallel Aware": false,
      "Startup Cost": 151249.62,
      "Total Cost": 151249.63,
      "Plan Rows": 1,
      "Plan Width": 8,
      "Actual Startup Time": 1682.129,
      "Actual Total Time": 1753.707,
      "Actual Rows": 1,
      "Actual Loops": 1,
      "Plans": [
        {
          "Node Type": "Gather",
          "Parent Relationship": "Outer",
          "Parallel Aware": false,
          "Startup Cost": 151249.31,
          "Total Cost": 151249.62,
          "Plan Rows": 3,
          "Plan Width": 8,
          "Actual Startup Time": 1673.553,
          "Actual Total Time": 1753.695,
          "Actual Rows": 4,
          "Actual Loops": 1,
          "Workers Planned": 3,
          "Workers Launched": 3,
          "Single Copy": false,
          "Plans": [
            {
              "Node Type": "Aggregate",
              "Strategy": "Plain",
              "Partial Mode": "Partial",
              "Parent Relationship": "Outer",
              "Parallel Aware": false,
              "Startup Cost": 150249.31,
              "Total Cost": 150249.32,
              "Plan Rows": 1,
              "Plan Width": 8,
              "Actual Startup Time": 1655.293,
              "Actual Total Time": 1655.297,
              "Actual Rows": 1,
              "Actual Loops": 4,
              "Plans": [
                {
                  "Node Type": "Nested Loop",
                  "Parent Relationship": "Outer",
                  "Parallel Aware": false,
                  "Join Type": "Inner",
                  "Startup Cost": 52457.63,
                  "Total Cost": 149538.39,
                  "Plan Rows": 284366,
                  "Plan Width": 0,
                  "Actual Startup Time": 352.728,
                  "Actual Total Time": 1613.711,
                  "Actual Rows": 874352,
                  "Actual Loops": 4,
                  "Inner Unique": false,
                  "Plans": [
                    {
                      "Node Type": "Hash Join",
                      "Parent Relationship": "Outer",
                      "Parallel Aware": true,
                      "Join Type": "Inner",
                      "Startup Cost": 52457.07,
                      "Total Cost": 77425.41,
                      "Plan Rows": 34006,
                      "Plan Width": 8,
                      "Actual Startup Time": 352.631,
                      "Actual Total Time": 393.677,
                      "Actual Rows": 26082,
                      "Actual Loops": 4,
                      "Inner Unique": true,
                      "Hash Cond": "(mk.movie_id = t.id)",
                      "Plans": [
                        {
                          "Node Type": "Bitmap Heap Scan",
                          "Parent Relationship": "Outer",
                          "Parallel Aware": true,
                          "Relation Name": "movie_keyword",
                          "Alias": "mk",
                          "Startup Cost": 2237.42,
                          "Total Cost": 27116.49,
                          "Plan Rows": 34006,
                          "Plan Width": 4,
                          "Actual Startup Time": 10.461,
                          "Actual Total Time": 35.324,
                          "Actual Rows": 26082,
                          "Actual Loops": 4,
                          "Recheck Cond": "(keyword_id > 81272)",
                          "Rows Removed by Index Recheck": 0,
                          "Exact Heap Blocks": 5305,
                          "Lossy Heap Blocks": 0,
                          "Plans": [
                            {
                              "Node Type": "Bitmap Index Scan",
                              "Parent Relationship": "Outer",
                              "Parallel Aware": false,
                              "Index Name": "keyword_id_movie_keyword",
                              "Startup Cost": 0.0,
                              "Total Cost": 2211.07,
                              "Plan Rows": 105418,
                              "Plan Width": 0,
                              "Actual Startup Time": 7.73,
                              "Actual Total Time": 7.731,
                              "Actual Rows": 104326,
                              "Actual Loops": 1,
                              "Index Cond": "(keyword_id > 81272)"
                            }
                          ]
                        },
                        {
                          "Node Type": "Hash",
                          "Parent Relationship": "Inner",
                          "Parallel Aware": true,
                          "Startup Cost": 42318.73,
                          "Total Cost": 42318.73,
                          "Plan Rows": 632073,
                          "Plan Width": 4,
                          "Actual Startup Time": 330.856,
                          "Actual Total Time": 330.856,
                          "Actual Rows": 632078,
                          "Actual Loops": 4,
                          "Hash Buckets": 4194304,
                          "Original Hash Buckets": 4194304,
                          "Hash Batches": 1,
                          "Original Hash Batches": 1,
                          "Peak Memory Usage": 131744,
                          "Plans": [
                            {
                              "Node Type": "Seq Scan",
                              "Parent Relationship": "Outer",
                              "Parallel Aware": true,
                              "Relation Name": "title",
                              "Alias": "t",
                              "Startup Cost": 0.0,
                              "Total Cost": 42318.73,
                              "Plan Rows": 632073,
                              "Plan Width": 4,
                              "Actual Startup Time": 0.038,
                              "Actual Total Time": 97.608,
                              "Actual Rows": 632078,
                              "Actual Loops": 4
                            }
                          ]
                        }
                      ]
                    },
                    {
                      "Node Type": "Index Scan",
                      "Parent Relationship": "Inner",
                      "Parallel Aware": false,
                      "Scan Direction": "Forward",
                      "Index Name": "movie_id_cast_info",
                      "Relation Name": "cast_info",
                      "Alias": "ci",
                      "Startup Cost": 0.56,
                      "Total Cost": 1.91,
                      "Plan Rows": 21,
                      "Plan Width": 4,
                      "Actual Startup Time": 0.005,
                      "Actual Total Time": 0.044,
                      "Actual Rows": 34,
                      "Actual Loops": 104326,
                      "Index Cond": "(movie_id = t.id)",
                      "Rows Removed by Index Recheck": 0,
                      "Filter": "(person_id < 2142600)",
                      "Rows Removed by Filter": 24
                    }
                  ]
                }
              ]
            }
          ]
        }
      ]
    },
    "Planning Time": 1.417,
    "Triggers": [],
    "Execution Time": 1753.838
  }
]