[
  {
    "Plan": {
      "Node Type": "Aggregate",
      "Strategy": "Plain",
      "Partial Mode": "Finalize",
      "Parallel Aware": false,
      "Startup Cost": 53382.9,
      "Total Cost": 53382.91,
      "Plan Rows": 1,
      "Plan Width": 8,
      "Actual Startup Time": 85.732,
      "Actual Total Time": 98.116,
      "Actual Rows": 1,
      "Actual Loops": 1,
      "Plans": [
        {
          "Node Type": "Gather",
          "Parent Relationship": "Outer",
          "Parallel Aware": false,
          "Startup Cost": 53382.48,
          "Total Cost": 53382.89,
          "Plan Rows": 4,
          "Plan Width": 8,
          "Actual Startup Time": 85.584,
          "Actual Total Time": 98.106,
          "Actual Rows": 5,
          "Actual Loops": 1,
          "Workers Planned": 4,
          "Workers Launched": 4,
          "Single Copy": false,
          "Plans": [
            {
              "Node Type": "Aggregate",
              "Strategy": "Plain",
              "Partial Mode": "Partial",
              "Parent Relationship": "Outer",
              "Parallel Aware": false,
              "Startup Cost": 52382.48,
              "Total Cost": 52382.49,
              "Plan Rows": 1,
              "Plan Width": 8,
              "Actual Startup Time": 79.893,
              "Actual Total Time": 79.895,
              "Actual Rows": 1,
              "Actual Loops": 5,
              "Plans": [
                {
                  "Node Type": "Nested Loop",
                  "Parent Relationship": "Outer",
                  "Parallel Aware": false,
                  "Join Type": "Inner",
                  "Startup Cost": 0.43,
                  "Total Cost": 52380.64,
                  "Plan Rows": 736,
                  "Plan Width": 0,
                  "Actual Startup Time": 50.243,
                  "Actual Total Time": 79.871,
                  "Actual Rows": 138,
                  "Actual Loops": 5,
                  "Inner Unique": false,
                  "Plans": [
                    {
                      "Node Type": "Seq Scan",
                      "Parent Relationship": "Outer",
                      "Parallel Aware": true,
                      "Relation Name": "title",
                      "Alias": "t",
                      "Startup Cost": 0.0,
                      "Total Cost": 43899.32,
                      "Plan Rows": 1348,
                      "Plan Width": 4,
                      "Actual Startup Time": 49.123,
                      "Actual Total Time": 73.419,
                      "Actual Rows": 1167,
                      "Actual Loops": 5,
                      "Filter": "(production_year = 1916)",
                      "Rows Removed by Filter": 504495
                    },
                    {
                      "Node Type": "Index Only Scan",
                      "Parent Relationship": "Inner",
                      "Parallel Aware": false,
                      "Scan Direction": "Forward",
                      "Index Name": "movie_id_movie_info_idx",
                      "Relation Name": "movie_info_idx",
                      "Alias": "mi_idx",
                      "Startup Cost": 0.43,
                      "Total Cost": 6.26,
                      "Plan Rows": 3,
                      "Plan Width": 4,
                      "Actual Startup Time": 0.005,
                      "Actual Total Time": 0.005,
                      "Actual Rows": 0,
                      "Actual Loops": 5835,
                      "Index Cond": "(movie_id = t.id)",
                      "Rows Removed by Index Recheck": 0,
                      "Heap Fetches": 690
                    }
                  ]
                }
              ]
            }
          ]
        }
      ]
    },
    "Planning Time": 0.199,
    "Triggers": [],
    "Execution Time": 98.146
  }
]