[
  {
    "Plan": {
      "Node Type": "Aggregate",
      "Strategy": "Plain",
      "Partial Mode": "Finalize",
      "Parallel Aware": false,
      "Startup Cost": 347424.92,
      "Total Cost": 347424.93,
      "Plan Rows": 1,
      "Plan Width": 8,
      "Actual Startup Time": 533.131,
      "Actual Total Time": 557.327,
      "Actual Rows": 1,
      "Actual Loops": 1,
      "Plans": [
        {
          "Node Type": "Gather",
          "Parent Relationship": "Outer",
          "Parallel Aware": false,
          "Startup Cost": 347424.3,
          "Total Cost": 347424.91,
          "Plan Rows": 6,
          "Plan Width": 8,
          "Actual Startup Time": 533.019,
          "Actual Total Time": 557.312,
          "Actual Rows": 7,
          "Actual Loops": 1,
          "Workers Planned": 6,
          "Workers Launched": 6,
          "Single Copy": false,
          "Plans": [
            {
              "Node Type": "Aggregate",
              "Strategy": "Plain",
              "Partial Mode": "Partial",
              "Parent Relationship": "Outer",
              "Parallel Aware": false,
              "Startup Cost": 346424.3,
              "Total Cost": 346424.31,
              "Plan Rows": 1,
              "Plan Width": 8,
              "Actual Startup Time": 525.351,
              "Actual Total Time": 525.352,
              "Actual Rows": 1,
              "Actual Loops": 7,
              "Plans": [
                {
                  "Node Type": "Index Scan",
                  "Parent Relationship": "Outer",
                  "Parallel Aware": true,
                  "Scan Direction": "Forward",
                  "Index Name": "role_id_cast_info",
                  "Relation Name": "cast_info",
                  "Alias": "ci",
                  "Startup Cost": 0.56,
                  "Total Cost": 341155.22,
                  "Plan Rows": 2107631,
                  "Plan Width": 0,
                  "Actual Startup Time": 3.428,
                  "Actual Total Time": 432.748,
                  "Actual Rows": 1793860,
                  "Actual Loops": 7,
                  "Index Cond": "(role_id < 2)",
                  "Rows Removed by Index Recheck": 0,
                  "Filter": "(person_id > 19313)",
                  "Rows Removed by Filter": 16239
                }
              ]
            }
          ]
        }
      ]
    },
    "Planning Time": 0.149,
    "Triggers": [],
    "Execution Time": 557.367
  }
]