{
    "Plan": {
        "Node Type": "Aggregate",
        "Strategy": "Plain",
        "Partial Mode": "Finalize",
        "Parallel Aware": false,
        "Startup Cost": 94680.96,
        "Total Cost": 94680.97,
        "Plan Rows": 1,
        "Plan Width": 8,
        "Actual Startup Time": 455.177,
        "Actual Total Time": 477.713,
        "Actual Rows": 1,
        "Actual Loops": 1,
        "Output": [
            "count(*)"
        ],
        "Plans": [
            {
                "Node Type": "Gather",
                "Parent Relationship": "Outer",
                "Parallel Aware": false,
                "Startup Cost": 94680.64,
                "Total Cost": 94680.95,
                "Plan Rows": 3,
                "Plan Width": 8,
                "Actual Startup Time": 448.303,
                "Actual Total Time": 477.703,
                "Actual Rows": 4,
                "Actual Loops": 1,
                "Output": [
                    "(PARTIAL count(*))"
                ],
                "Workers Planned": 3,
                "Workers Launched": 3,
                "Single Copy": false,
                "Plans": [
                    {
                        "Node Type": "Aggregate",
                        "Strategy": "Plain",
                        "Partial Mode": "Partial",
                        "Parent Relationship": "Outer",
                        "Parallel Aware": false,
                        "Startup Cost": 93680.64,
                        "Total Cost": 93680.65,
                        "Plan Rows": 1,
                        "Plan Width": 8,
                        "Actual Startup Time": 436.928,
                        "Actual Total Time": 436.931,
                        "Actual Rows": 1,
                        "Actual Loops": 4,
                        "Output": [
                            "PARTIAL count(*)"
                        ],
                        "Workers": [
                            {
                                "Worker Number": 0,
                                "Actual Startup Time": 433.186,
                                "Actual Total Time": 433.189,
                                "Actual Rows": 1,
                                "Actual Loops": 1
                            },
                            {
                                "Worker Number": 1,
                                "Actual Startup Time": 433.036,
                                "Actual Total Time": 433.039,
                                "Actual Rows": 1,
                                "Actual Loops": 1
                            },
                            {
                                "Worker Number": 2,
                                "Actual Startup Time": 433.836,
                                "Actual Total Time": 433.839,
                                "Actual Rows": 1,
                                "Actual Loops": 1
                            }
                        ],
                        "Plans": [
                            {
                                "Node Type": "Hash Join",
                                "Parent Relationship": "Outer",
                                "Parallel Aware": true,
                                "Join Type": "Inner",
                                "Startup Cost": 48028.67,
                                "Total Cost": 92698.11,
                                "Plan Rows": 393011,
                                "Plan Width": 0,
                                "Actual Startup Time": 235.491,
                                "Actual Total Time": 427.082,
                                "Actual Rows": 237310,
                                "Actual Loops": 4,
                                "Inner Unique": true,
                                "Hash Cond": "(mk.movie_id = t.id)",
                                "Workers": [
                                    {
                                        "Worker Number": 0,
                                        "Actual Startup Time": 231.91,
                                        "Actual Total Time": 423.619,
                                        "Actual Rows": 231560,
                                        "Actual Loops": 1
                                    },
                                    {
                                        "Worker Number": 1,
                                        "Actual Startup Time": 231.758,
                                        "Actual Total Time": 424.113,
                                        "Actual Rows": 213814,
                                        "Actual Loops": 1
                                    },
                                    {
                                        "Worker Number": 2,
                                        "Actual Startup Time": 231.911,
                                        "Actual Total Time": 424.505,
                                        "Actual Rows": 226022,
                                        "Actual Loops": 1
                                    }
                                ],
                                "Plans": [
                                    {
                                        "Node Type": "Seq Scan",
                                        "Parent Relationship": "Outer",
                                        "Parallel Aware": true,
                                        "Relation Name": "movie_keyword",
                                        "Schema": "public",
                                        "Alias": "mk",
                                        "Startup Cost": 0.0,
                                        "Total Cost": 42695.65,
                                        "Plan Rows": 751921,
                                        "Plan Width": 4,
                                        "Actual Startup Time": 0.196,
                                        "Actual Total Time": 113.342,
                                        "Actual Rows": 583227,
                                        "Actual Loops": 4,
                                        "Output": [
                                            "mk.id",
                                            "mk.movie_id",
                                            "mk.keyword_id"
                                        ],
                                        "Filter": "(mk.keyword_id > 4333)",
                                        "Rows Removed by Filter": 547755,
                                        "Workers": [
                                            {
                                                "Worker Number": 0,
                                                "Actual Startup Time": 0.194,
                                                "Actual Total Time": 116.605,
                                                "Actual Rows": 563240,
                                                "Actual Loops": 1
                                            },
                                            {
                                                "Worker Number": 1,
                                                "Actual Startup Time": 0.192,
                                                "Actual Total Time": 116.871,
                                                "Actual Rows": 530101,
                                                "Actual Loops": 1
                                            },
                                            {
                                                "Worker Number": 2,
                                                "Actual Startup Time": 0.204,
                                                "Actual Total Time": 116.69,
                                                "Actual Rows": 559898,
                                                "Actual Loops": 1
                                            }
                                        ]
                                    },
                                    {
                                        "Node Type": "Hash",
                                        "Parent Relationship": "Inner",
                                        "Parallel Aware": true,
                                        "Startup Cost": 43899.01,
                                        "Total Cost": 43899.01,
                                        "Plan Rows": 330373,
                                        "Plan Width": 4,
                                        "Actual Startup Time": 227.676,
                                        "Actual Total Time": 227.677,
                                        "Actual Rows": 330716,
                                        "Actual Loops": 4,
                                        "Output": [
                                            "t.id"
                                        ],
                                        "Hash Buckets": 2097152,
                                        "Original Hash Buckets": 2097152,
                                        "Hash Batches": 1,
                                        "Original Hash Batches": 1,
                                        "Peak Memory Usage": 68192,
                                        "Workers": [
                                            {
                                                "Worker Number": 0,
                                                "Actual Startup Time": 230.96,
                                                "Actual Total Time": 230.961,
                                                "Actual Rows": 316573,
                                                "Actual Loops": 1
                                            },
                                            {
                                                "Worker Number": 1,
                                                "Actual Startup Time": 230.857,
                                                "Actual Total Time": 230.858,
                                                "Actual Rows": 274810,
                                                "Actual Loops": 1
                                            },
                                            {
                                                "Worker Number": 2,
                                                "Actual Startup Time": 231.026,
                                                "Actual Total Time": 231.026,
                                                "Actual Rows": 307033,
                                                "Actual Loops": 1
                                            }
                                        ],
                                        "Plans": [
                                            {
                                                "Node Type": "Seq Scan",
                                                "Parent Relationship": "Outer",
                                                "Parallel Aware": true,
                                                "Relation Name": "title",
                                                "Schema": "public",
                                                "Alias": "t",
                                                "Startup Cost": 0.0,
                                                "Total Cost": 43899.01,
                                                "Plan Rows": 330373,
                                                "Plan Width": 4,
                                                "Actual Startup Time": 0.055,
                                                "Actual Total Time": 105.515,
                                                "Actual Rows": 330716,
                                                "Actual Loops": 4,
                                                "Output": [
                                                    "t.id"
                                                ],
                                                "Filter": "(t.production_year > 2001)",
                                                "Rows Removed by Filter": 301362,
                                                "Workers": [
                                                    {
                                                        "Worker Number": 0,
                                                        "Actual Startup Time": 0.066,
                                                        "Actual Total Time": 109.581,
                                                        "Actual Rows": 316573,
                                                        "Actual Loops": 1
                                                    },
                                                    {
                                                        "Worker Number": 1,
                                                        "Actual Startup Time": 0.074,
                                                        "Actual Total Time": 107.666,
                                                        "Actual Rows": 274810,
                                                        "Actual Loops": 1
                                                    },
                                                    {
                                                        "Worker Number": 2,
                                                        "Actual Startup Time": 0.062,
                                                        "Actual Total Time": 109.536,
                                                        "Actual Rows": 307033,
                                                        "Actual Loops": 1
                                                    }
                                                ]
                                            }
                                        ]
                                    }
                                ]
                            }
                        ]
                    }
                ]
            }
        ]
    },
    "Planning Time": 0.743,
    "Triggers": [],
    "Execution Time": 477.785
}