[
  {
    "Plan": {
      "Node Type": "Aggregate",
      "Strategy": "Plain",
      "Partial Mode": "Finalize",
      "Parallel Aware": false,
      "Startup Cost": 112737.22,
      "Total Cost": 112737.23,
      "Plan Rows": 1,
      "Plan Width": 8,
      "Actual Startup Time": 414.842,
      "Actual Total Time": 434.617,
      "Actual Rows": 1,
      "Actual Loops": 1,
      "Plans": [
        {
          "Node Type": "Gather",
          "Parent Relationship": "Outer",
          "Parallel Aware": false,
          "Startup Cost": 112736.9,
          "Total Cost": 112737.21,
          "Plan Rows": 3,
          "Plan Width": 8,
          "Actual Startup Time": 408.296,
          "Actual Total Time": 434.608,
          "Actual Rows": 4,
          "Actual Loops": 1,
          "Workers Planned": 3,
          "Workers Launched": 3,
          "Single Copy": false,
          "Plans": [
            {
              "Node Type": "Aggregate",
              "Strategy": "Plain",
              "Partial Mode": "Partial",
              "Parent Relationship": "Outer",
              "Parallel Aware": false,
              "Startup Cost": 111736.9,
              "Total Cost": 111736.91,
              "Plan Rows": 1,
              "Plan Width": 8,
              "Actual Startup Time": 400.34,
              "Actual Total Time": 400.608,
              "Actual Rows": 1,
              "Actual Loops": 4,
              "Plans": [
                {
                  "Node Type": "Hash Join",
                  "Parent Relationship": "Outer",
                  "Parallel Aware": true,
                  "Join Type": "Inner",
                  "Startup Cost": 81801.57,
                  "Total Cost": 111714.78,
                  "Plan Rows": 8849,
                  "Plan Width": 0,
                  "Actual Startup Time": 347.901,
                  "Actual Total Time": 397.519,
                  "Actual Rows": 74989,
                  "Actual Loops": 4,
                  "Inner Unique": false,
                  "Hash Cond": "(mc.movie_id = t.id)",
                  "Plans": [
                    {
                      "Node Type": "Seq Scan",
                      "Parent Relationship": "Outer",
                      "Parallel Aware": true,
                      "Relation Name": "movie_companies",
                      "Alias": "mc",
                      "Startup Cost": 0.0,
                      "Total Cost": 29310.68,
                      "Plan Rows": 153060,
                      "Plan Width": 4,
                      "Actual Startup Time": 30.438,
                      "Actual Total Time": 59.243,
                      "Actual Rows": 118631,
                      "Actual Loops": 4,
                      "Filter": "(company_id > 75685)",
                      "Rows Removed by Filter": 533651
                    },
                    {
                      "Node Type": "Hash",
                      "Parent Relationship": "Inner",
                      "Parallel Aware": true,
                      "Startup Cost": 81212.13,
                      "Total Cost": 81212.13,
                      "Plan Rows": 47155,
                      "Plan Width": 8,
                      "Actual Startup Time": 310.97,
                      "Actual Total Time": 311.237,
                      "Actual Rows": 84095,
                      "Actual Loops": 4,
                      "Hash Buckets": 524288,
                      "Original Hash Buckets": 262144,
                      "Hash Batches": 1,
                      "Original Hash Batches": 1,
                      "Peak Memory Usage": 19360,
                      "Plans": [
                        {
                          "Node Type": "Hash Join",
                          "Parent Relationship": "Outer",
                          "Parallel Aware": true,
                          "Join Type": "Inner",
                          "Startup Cost": 54930.17,
                          "Total Cost": 81212.13,
                          "Plan Rows": 47155,
                          "Plan Width": 8,
                          "Actual Startup Time": 208.028,
                          "Actual Total Time": 285.725,
                          "Actual Rows": 84095,
                          "Actual Loops": 4,
                          "Inner Unique": true,
                          "Hash Cond": "(mk.movie_id = t.id)",
                          "Plans": [
                            {
                              "Node Type": "Bitmap Heap Scan",
                              "Parent Relationship": "Outer",
                              "Parallel Aware": true,
                              "Relation Name": "movie_keyword",
                              "Alias": "mk",
                              "Startup Cost": 7948.02,
                              "Total Cost": 33912.74,
                              "Plan Rows": 120857,
                              "Plan Width": 4,
                              "Actual Startup Time": 25.774,
                              "Actual Total Time": 72.502,
                              "Actual Rows": 93768,
                              "Actual Loops": 4,
                              "Recheck Cond": "(keyword_id > 45279)",
                              "Rows Removed by Index Recheck": 0,
                              "Exact Heap Blocks": 7575,
                              "Lossy Heap Blocks": 0,
                              "Plans": [
                                {
                                  "Node Type": "Bitmap Index Scan",
                                  "Parent Relationship": "Outer",
                                  "Parallel Aware": false,
                                  "Index Name": "keyword_id_movie_keyword",
                                  "Startup Cost": 0.0,
                                  "Total Cost": 7854.36,
                                  "Plan Rows": 374657,
                                  "Plan Width": 0,
                                  "Actual Startup Time": 22.448,
                                  "Actual Total Time": 22.449,
                                  "Actual Rows": 375074,
                                  "Actual Loops": 1,
                                  "Index Cond": "(keyword_id > 45279)"
                                }
                              ]
                            },
                            {
                              "Node Type": "Hash",
                              "Parent Relationship": "Inner",
                              "Parallel Aware": true,
                              "Startup Cost": 43899.32,
                              "Total Cost": 43899.32,
                              "Plan Rows": 246626,
                              "Plan Width": 4,
                              "Actual Startup Time": 180.166,
                              "Actual Total Time": 180.167,
                              "Actual Rows": 246262,
                              "Actual Loops": 4,
                              "Hash Buckets": 1048576,
                              "Original Hash Buckets": 1048576,
                              "Hash Batches": 1,
                              "Original Hash Batches": 1,
                              "Peak Memory Usage": 46816,
                              "Plans": [
                                {
                                  "Node Type": "Seq Scan",
                                  "Parent Relationship": "Outer",
                                  "Parallel Aware": true,
                                  "Relation Name": "title",
                                  "Alias": "t",
                                  "Startup Cost": 0.0,
                                  "Total Cost": 43899.32,
                                  "Plan Rows": 246626,
                                  "Plan Width": 4,
                                  "Actual Startup Time": 0.03,
                                  "Actual Total Time": 97.565,
                                  "Actual Rows": 246262,
                                  "Actual Loops": 4,
                                  "Filter": "(kind_id < 7)",
                                  "Rows Removed by Filter": 385816
                                }
                              ]
                            }
                          ]
                        }
                      ]
                    }
                  ]
                }
              ]
            }
          ]
        }
      ]
    },
    "Planning Time": 0.614,
    "Triggers": [],
    "Execution Time": 434.662
  }
]