{
  "Plan": {
    "Node Type": "Aggregate",
    "Strategy": "Plain",
    "Partial Mode": "Finalize",
    "Parallel Aware": false,
    "Startup Cost": 94982.33,
    "Total Cost": 94982.34,
    "Plan Rows": 1,
    "Plan Width": 8,
    "Actual Startup Time": 278.334,
    "Actual Total Time": 294.372,
    "Actual Rows": 1,
    "Actual Loops": 1,
    "Plans": [
      {
        "Node Type": "Gather",
        "Parent Relationship": "Outer",
        "Parallel Aware": false,
        "Startup Cost": 94982.22,
        "Total Cost": 94982.33,
        "Plan Rows": 1,
        "Plan Width": 8,
        "Actual Startup Time": 278.013,
        "Actual Total Time": 294.365,
        "Actual Rows": 2,
        "Actual Loops": 1,
        "Workers Planned": 1,
        "Workers Launched": 1,
        "Single Copy": false,
        "Plans": [
          {
            "Node Type": "Aggregate",
            "Strategy": "Plain",
            "Partial Mode": "Partial",
            "Parent Relationship": "Outer",
            "Parallel Aware": false,
            "Startup Cost": 93982.22,
            "Total Cost": 93982.23,
            "Plan Rows": 1,
            "Plan Width": 8,
            "Actual Startup Time": 272.029,
            "Actual Total Time": 272.033,
            "Actual Rows": 1,
            "Actual Loops": 2,
            "Plans": [
              {
                "Node Type": "Hash Join",
                "Parent Relationship": "Outer",
                "Parallel Aware": true,
                "Join Type": "Inner",
                "Startup Cost": 68959.2,
                "Total Cost": 93972.51,
                "Plan Rows": 3886,
                "Plan Width": 0,
                "Actual Startup Time": 177.509,
                "Actual Total Time": 271.707,
                "Actual Rows": 4676,
                "Actual Loops": 2,
                "Inner Unique": true,
                "Hash Cond": "(mc.movie_id = t.id)",
                "Plans": [
                  {
                    "Node Type": "Bitmap Heap Scan",
                    "Parent Relationship": "Outer",
                    "Parallel Aware": true,
                    "Relation Name": "movie_companies",
                    "Alias": "mc",
                    "Startup Cost": 13986.61,
                    "Total Cost": 38506.32,
                    "Plan Rows": 188036,
                    "Plan Width": 4,
                    "Actual Startup Time": 33.449,
                    "Actual Total Time": 99.599,
                    "Actual Rows": 232240,
                    "Actual Loops": 2,
                    "Recheck Cond": "(company_id < 868)",
                    "Rows Removed by Index Recheck": 0,
                    "Filter": "(company_type_id = 1)",
                    "Rows Removed by Filter": 91128,
                    "Exact Heap Blocks": 11063,
                    "Lossy Heap Blocks": 0,
                    "Plans": [
                      {
                        "Node Type": "Bitmap Index Scan",
                        "Parent Relationship": "Outer",
                        "Parallel Aware": false,
                        "Index Name": "company_id_movie_companies",
                        "Startup Cost": 0.0,
                        "Total Cost": 13906.69,
                        "Plan Rows": 649368,
                        "Plan Width": 0,
                        "Actual Startup Time": 30.626,
                        "Actual Total Time": 30.627,
                        "Actual Rows": 646738,
                        "Actual Loops": 1,
                        "Index Cond": "(company_id < 868)"
                      }
                    ]
                  },
                  {
                    "Node Type": "Hash",
                    "Parent Relationship": "Inner",
                    "Parallel Aware": true,
                    "Startup Cost": 54588.39,
                    "Total Cost": 54588.39,
                    "Plan Rows": 30736,
                    "Plan Width": 4,
                    "Actual Startup Time": 142.573,
                    "Actual Total Time": 142.574,
                    "Actual Rows": 29295,
                    "Actual Loops": 2,
                    "Hash Buckets": 65536,
                    "Original Hash Buckets": 65536,
                    "Hash Batches": 1,
                    "Original Hash Batches": 1,
                    "Peak Memory Usage": 2848,
                    "Plans": [
                      {
                        "Node Type": "Seq Scan",
                        "Parent Relationship": "Outer",
                        "Parallel Aware": true,
                        "Relation Name": "title",
                        "Alias": "t",
                        "Startup Cost": 0.0,
                        "Total Cost": 54588.39,
                        "Plan Rows": 30736,
                        "Plan Width": 4,
                        "Actual Startup Time": 0.041,
                        "Actual Total Time": 134.104,
                        "Actual Rows": 29295,
                        "Actual Loops": 2,
                        "Filter": "(production_year = 2001)",
                        "Rows Removed by Filter": 1234861
                      }
                    ]
                  }
                ]
              }
            ]
          }
        ]
      }
    ]
  },
  "Planning Time": 0.537,
  "Triggers": [],
  "Execution Time": 294.47
}