[
  {
    "Plan": {
      "Node Type": "Aggregate",
      "Strategy": "Plain",
      "Partial Mode": "Finalize",
      "Parallel Aware": false,
      "Startup Cost": 47316.31,
      "Total Cost": 47316.32,
      "Plan Rows": 1,
      "Plan Width": 8,
      "Actual Startup Time": 177.059,
      "Actual Total Time": 186.967,
      "Actual Rows": 1,
      "Actual Loops": 1,
      "Plans": [
        {
          "Node Type": "Gather",
          "Parent Relationship": "Outer",
          "Parallel Aware": false,
          "Startup Cost": 47315.99,
          "Total Cost": 47316.3,
          "Plan Rows": 3,
          "Plan Width": 8,
          "Actual Startup Time": 176.889,
          "Actual Total Time": 186.955,
          "Actual Rows": 4,
          "Actual Loops": 1,
          "Workers Planned": 3,
          "Workers Launched": 3,
          "Single Copy": false,
          "Plans": [
            {
              "Node Type": "Aggregate",
              "Strategy": "Plain",
              "Partial Mode": "Partial",
              "Parent Relationship": "Outer",
              "Parallel Aware": false,
              "Startup Cost": 46315.99,
              "Total Cost": 46316.0,
              "Plan Rows": 1,
              "Plan Width": 8,
              "Actual Startup Time": 171.912,
              "Actual Total Time": 171.913,
              "Actual Rows": 1,
              "Actual Loops": 4,
              "Plans": [
                {
                  "Node Type": "Seq Scan",
                  "Parent Relationship": "Outer",
                  "Parallel Aware": true,
                  "Relation Name": "movie_keyword",
                  "Alias": "mk",
                  "Startup Cost": 0.0,
                  "Total Cost": 42695.65,
                  "Plan Rows": 1448134,
                  "Plan Width": 0,
                  "Actual Startup Time": 0.038,
                  "Actual Total Time": 121.94,
                  "Actual Rows": 1121926,
                  "Actual Loops": 4,
                  "Filter": "(keyword_id < 106749)",
                  "Rows Removed by Filter": 9056
                }
              ]
            }
          ]
        }
      ]
    },
    "Planning Time": 0.127,
    "Triggers": [],
    "Execution Time": 186.994
  }
]