[
  {
    "Plan": {
      "Node Type": "Aggregate",
      "Strategy": "Plain",
      "Partial Mode": "Finalize",
      "Parallel Aware": false,
      "Startup Cost": 294035.64,
      "Total Cost": 294035.65,
      "Plan Rows": 1,
      "Plan Width": 8,
      "Actual Startup Time": 1693.752,
      "Actual Total Time": 1740.906,
      "Actual Rows": 1,
      "Actual Loops": 1,
      "Plans": [
        {
          "Node Type": "Gather",
          "Parent Relationship": "Outer",
          "Parallel Aware": false,
          "Startup Cost": 294035.11,
          "Total Cost": 294035.62,
          "Plan Rows": 5,
          "Plan Width": 8,
          "Actual Startup Time": 1679.68,
          "Actual Total Time": 1740.893,
          "Actual Rows": 6,
          "Actual Loops": 1,
          "Workers Planned": 5,
          "Workers Launched": 5,
          "Single Copy": false,
          "Plans": [
            {
              "Node Type": "Aggregate",
              "Strategy": "Plain",
              "Partial Mode": "Partial",
              "Parent Relationship": "Outer",
              "Parallel Aware": false,
              "Startup Cost": 293035.11,
              "Total Cost": 293035.12,
              "Plan Rows": 1,
              "Plan Width": 8,
              "Actual Startup Time": 1665.493,
              "Actual Total Time": 1665.944,
              "Actual Rows": 1,
              "Actual Loops": 6,
              "Plans": [
                {
                  "Node Type": "Hash Join",
                  "Parent Relationship": "Outer",
                  "Parallel Aware": true,
                  "Join Type": "Inner",
                  "Startup Cost": 83783.48,
                  "Total Cost": 289733.34,
                  "Plan Rows": 1320710,
                  "Plan Width": 0,
                  "Actual Startup Time": 429.648,
                  "Actual Total Time": 1526.232,
                  "Actual Rows": 3589531,
                  "Actual Loops": 6,
                  "Inner Unique": false,
                  "Hash Cond": "(mi.movie_id = t.id)",
                  "Plans": [
                    {
                      "Node Type": "Seq Scan",
                      "Parent Relationship": "Outer",
                      "Parallel Aware": true,
                      "Relation Name": "movie_info",
                      "Alias": "mi",
                      "Startup Cost": 0.0,
                      "Total Cost": 191560.33,
                      "Plan Rows": 2956733,
                      "Plan Width": 4,
                      "Actual Startup Time": 0.015,
                      "Actual Total Time": 287.603,
                      "Actual Rows": 2472620,
                      "Actual Loops": 6
                    },
                    {
                      "Node Type": "Hash",
                      "Parent Relationship": "Inner",
                      "Parallel Aware": true,
                      "Startup Cost": 80254.3,
                      "Total Cost": 80254.3,
                      "Plan Rows": 282334,
                      "Plan Width": 8,
                      "Actual Startup Time": 423.006,
                      "Actual Total Time": 423.455,
                      "Actual Rows": 189073,
                      "Actual Loops": 6,
                      "Hash Buckets": 2097152,
                      "Original Hash Buckets": 2097152,
                      "Hash Batches": 1,
                      "Original Hash Batches": 1,
                      "Peak Memory Usage": 60832,
                      "Plans": [
                        {
                          "Node Type": "Hash Join",
                          "Parent Relationship": "Outer",
                          "Parallel Aware": true,
                          "Join Type": "Inner",
                          "Startup Cost": 33864.46,
                          "Total Cost": 80254.3,
                          "Plan Rows": 282334,
                          "Plan Width": 8,
                          "Actual Startup Time": 144.677,
                          "Actual Total Time": 353.222,
                          "Actual Rows": 189073,
                          "Actual Loops": 6,
                          "Inner Unique": false,
                          "Hash Cond": "(t.id = mc.movie_id)",
                          "Plans": [
                            {
                              "Node Type": "Seq Scan",
                              "Parent Relationship": "Outer",
                              "Parallel Aware": true,
                              "Relation Name": "title",
                              "Alias": "t",
                              "Startup Cost": 0.0,
                              "Total Cost": 42318.73,
                              "Plan Rows": 632073,
                              "Plan Width": 4,
                              "Actual Startup Time": 0.01,
                              "Actual Total Time": 58.33,
                              "Actual Rows": 421385,
                              "Actual Loops": 6
                            },
                            {
                              "Node Type": "Hash",
                              "Parent Relationship": "Inner",
                              "Parallel Aware": true,
                              "Startup Cost": 29310.68,
                              "Total Cost": 29310.68,
                              "Plan Rows": 364302,
                              "Plan Width": 4,
                              "Actual Startup Time": 142.178,
                              "Actual Total Time": 142.179,
                              "Actual Rows": 189073,
                              "Actual Loops": 6,
                              "Hash Buckets": 2097152,
                              "Original Hash Buckets": 2097152,
                              "Hash Batches": 1,
                              "Original Hash Batches": 1,
                              "Peak Memory Usage": 60832,
                              "Plans": [
                                {
                                  "Node Type": "Seq Scan",
                                  "Parent Relationship": "Outer",
                                  "Parallel Aware": true,
                                  "Relation Name": "movie_companies",
                                  "Alias": "mc",
                                  "Startup Cost": 0.0,
                                  "Total Cost": 29310.68,
                                  "Plan Rows": 364302,
                                  "Plan Width": 4,
                                  "Actual Startup Time": 15.683,
                                  "Actual Total Time": 65.451,
                                  "Actual Rows": 189073,
                                  "Actual Loops": 6,
                                  "Filter": "(company_id > 13485)",
                                  "Rows Removed by Filter": 245782
                                }
                              ]
                            }
                          ]
                        }
                      ]
                    }
                  ]
                }
              ]
            }
          ]
        }
      ]
    },
    "Planning Time": 1.409,
    "Triggers": [],
    "Execution Time": 1741.063
  }
]