[
  {
    "Plan": {
      "Node Type": "Aggregate",
      "Strategy": "Plain",
      "Partial Mode": "Finalize",
      "Parallel Aware": false,
      "Startup Cost": 43700.08,
      "Total Cost": 43700.09,
      "Plan Rows": 1,
      "Plan Width": 8,
      "Actual Startup Time": 149.376,
      "Actual Total Time": 158.569,
      "Actual Rows": 1,
      "Actual Loops": 1,
      "Plans": [
        {
          "Node Type": "Gather",
          "Parent Relationship": "Outer",
          "Parallel Aware": false,
          "Startup Cost": 43699.77,
          "Total Cost": 43700.08,
          "Plan Rows": 3,
          "Plan Width": 8,
          "Actual Startup Time": 149.102,
          "Actual Total Time": 158.56,
          "Actual Rows": 4,
          "Actual Loops": 1,
          "Workers Planned": 3,
          "Workers Launched": 3,
          "Single Copy": false,
          "Plans": [
            {
              "Node Type": "Aggregate",
              "Strategy": "Plain",
              "Partial Mode": "Partial",
              "Parent Relationship": "Outer",
              "Parallel Aware": false,
              "Startup Cost": 42699.77,
              "Total Cost": 42699.78,
              "Plan Rows": 1,
              "Plan Width": 8,
              "Actual Startup Time": 143.14,
              "Actual Total Time": 143.141,
              "Actual Rows": 1,
              "Actual Loops": 4,
              "Plans": [
                {
                  "Node Type": "Bitmap Heap Scan",
                  "Parent Relationship": "Outer",
                  "Parallel Aware": true,
                  "Relation Name": "movie_keyword",
                  "Alias": "mk",
                  "Startup Cost": 14856.66,
                  "Total Cost": 42134.91,
                  "Plan Rows": 225941,
                  "Plan Width": 0,
                  "Actual Startup Time": 56.137,
                  "Actual Total Time": 133.644,
                  "Actual Rows": 177388,
                  "Actual Loops": 4,
                  "Recheck Cond": "(keyword_id < 604)",
                  "Rows Removed by Index Recheck": 0,
                  "Exact Heap Blocks": 10305,
                  "Lossy Heap Blocks": 0,
                  "Plans": [
                    {
                      "Node Type": "Bitmap Index Scan",
                      "Parent Relationship": "Outer",
                      "Parallel Aware": false,
                      "Index Name": "keyword_id_movie_keyword",
                      "Startup Cost": 0.0,
                      "Total Cost": 14681.55,
                      "Plan Rows": 700416,
                      "Plan Width": 0,
                      "Actual Startup Time": 57.633,
                      "Actual Total Time": 57.634,
                      "Actual Rows": 709551,
                      "Actual Loops": 1,
                      "Index Cond": "(keyword_id < 604)"
                    }
                  ]
                }
              ]
            }
          ]
        }
      ]
    },
    "Planning Time": 0.188,
    "Triggers": [],
    "Execution Time": 158.657
  }
]