[
  {
    "Plan": {
      "Node Type": "Aggregate",
      "Strategy": "Plain",
      "Partial Mode": "Finalize",
      "Parallel Aware": false,
      "Startup Cost": 130546.59,
      "Total Cost": 130546.6,
      "Plan Rows": 1,
      "Plan Width": 8,
      "Actual Startup Time": 821.412,
      "Actual Total Time": 880.698,
      "Actual Rows": 1,
      "Actual Loops": 1,
      "Plans": [
        {
          "Node Type": "Gather",
          "Parent Relationship": "Outer",
          "Parallel Aware": false,
          "Startup Cost": 130546.28,
          "Total Cost": 130546.59,
          "Plan Rows": 3,
          "Plan Width": 8,
          "Actual Startup Time": 817.583,
          "Actual Total Time": 880.679,
          "Actual Rows": 4,
          "Actual Loops": 1,
          "Workers Planned": 3,
          "Workers Launched": 3,
          "Single Copy": false,
          "Plans": [
            {
              "Node Type": "Aggregate",
              "Strategy": "Plain",
              "Partial Mode": "Partial",
              "Parent Relationship": "Outer",
              "Parallel Aware": false,
              "Startup Cost": 129546.28,
              "Total Cost": 129546.29,
              "Plan Rows": 1,
              "Plan Width": 8,
              "Actual Startup Time": 808.847,
              "Actual Total Time": 808.852,
              "Actual Rows": 1,
              "Actual Loops": 4,
              "Plans": [
                {
                  "Node Type": "Nested Loop",
                  "Parent Relationship": "Outer",
                  "Parallel Aware": false,
                  "Join Type": "Inner",
                  "Startup Cost": 45677.23,
                  "Total Cost": 129320.27,
                  "Plan Rows": 90402,
                  "Plan Width": 0,
                  "Actual Startup Time": 104.87,
                  "Actual Total Time": 794.365,
                  "Actual Rows": 277785,
                  "Actual Loops": 4,
                  "Inner Unique": false,
                  "Join Filter": "(t.id = ci.movie_id)",
                  "Rows Removed by Join Filter": 0,
                  "Plans": [
                    {
                      "Node Type": "Hash Join",
                      "Parent Relationship": "Outer",
                      "Parallel Aware": true,
                      "Join Type": "Inner",
                      "Startup Cost": 45676.66,
                      "Total Cost": 90175.43,
                      "Plan Rows": 17176,
                      "Plan Width": 8,
                      "Actual Startup Time": 104.644,
                      "Actual Total Time": 252.705,
                      "Actual Rows": 12860,
                      "Actual Loops": 4,
                      "Inner Unique": true,
                      "Hash Cond": "(mk.movie_id = t.id)",
                      "Plans": [
                        {
                          "Node Type": "Seq Scan",
                          "Parent Relationship": "Outer",
                          "Parallel Aware": true,
                          "Relation Name": "movie_keyword",
                          "Alias": "mk",
                          "Startup Cost": 0.0,
                          "Total Cost": 42695.65,
                          "Plan Rows": 686900,
                          "Plan Width": 4,
                          "Actual Startup Time": 0.336,
                          "Actual Total Time": 101.286,
                          "Actual Rows": 532402,
                          "Actual Loops": 4,
                          "Filter": "(keyword_id > 5557)",
                          "Rows Removed by Filter": 598580
                        },
                        {
                          "Node Type": "Hash",
                          "Parent Relationship": "Inner",
                          "Parallel Aware": true,
                          "Startup Cost": 45479.1,
                          "Total Cost": 45479.1,
                          "Plan Rows": 15805,
                          "Plan Width": 4,
                          "Actual Startup Time": 102.591,
                          "Actual Total Time": 102.591,
                          "Actual Rows": 13442,
                          "Actual Loops": 4,
                          "Hash Buckets": 65536,
                          "Original Hash Buckets": 65536,
                          "Hash Batches": 1,
                          "Original Hash Batches": 1,
                          "Peak Memory Usage": 2656,
                          "Plans": [
                            {
                              "Node Type": "Seq Scan",
                              "Parent Relationship": "Outer",
                              "Parallel Aware": true,
                              "Relation Name": "title",
                              "Alias": "t",
                              "Startup Cost": 0.0,
                              "Total Cost": 45479.1,
                              "Plan Rows": 15805,
                              "Plan Width": 4,
                              "Actual Startup Time": 0.106,
                              "Actual Total Time": 97.062,
                              "Actual Rows": 13442,
                              "Actual Loops": 4,
                              "Filter": "((kind_id < 7) AND (production_year = 2011))",
                              "Rows Removed by Filter": 618636
                            }
                          ]
                        }
                      ]
                    },
                    {
                      "Node Type": "Index Scan",
                      "Parent Relationship": "Inner",
                      "Parallel Aware": false,
                      "Scan Direction": "Forward",
                      "Index Name": "movie_id_cast_info",
                      "Relation Name": "cast_info",
                      "Alias": "ci",
                      "Startup Cost": 0.56,
                      "Total Cost": 2.12,
                      "Plan Rows": 13,
                      "Plan Width": 4,
                      "Actual Startup Time": 0.005,
                      "Actual Total Time": 0.04,
                      "Actual Rows": 22,
                      "Actual Loops": 51438,
                      "Index Cond": "(movie_id = mk.movie_id)",
                      "Rows Removed by Index Recheck": 0,
                      "Filter": "((person_id < 1501418) AND (role_id < 10))",
                      "Rows Removed by Filter": 48
                    }
                  ]
                }
              ]
            }
          ]
        }
      ]
    },
    "Planning Time": 1.499,
    "Triggers": [],
    "Execution Time": 880.814
  }
]