[
  {
    "Plan": {
      "Node Type": "Aggregate",
      "Strategy": "Plain",
      "Partial Mode": "Finalize",
      "Parallel Aware": false,
      "Startup Cost": 343718.81,
      "Total Cost": 343718.82,
      "Plan Rows": 1,
      "Plan Width": 8,
      "Actual Startup Time": 1072.278,
      "Actual Total Time": 1140.11,
      "Actual Rows": 1,
      "Actual Loops": 1,
      "Plans": [
        {
          "Node Type": "Gather",
          "Parent Relationship": "Outer",
          "Parallel Aware": false,
          "Startup Cost": 343718.19,
          "Total Cost": 343718.8,
          "Plan Rows": 6,
          "Plan Width": 8,
          "Actual Startup Time": 1071.962,
          "Actual Total Time": 1140.096,
          "Actual Rows": 7,
          "Actual Loops": 1,
          "Workers Planned": 6,
          "Workers Launched": 6,
          "Single Copy": false,
          "Plans": [
            {
              "Node Type": "Aggregate",
              "Strategy": "Plain",
              "Partial Mode": "Partial",
              "Parent Relationship": "Outer",
              "Parallel Aware": false,
              "Startup Cost": 342718.19,
              "Total Cost": 342718.2,
              "Plan Rows": 1,
              "Plan Width": 8,
              "Actual Startup Time": 1065.265,
              "Actual Total Time": 1065.267,
              "Actual Rows": 1,
              "Actual Loops": 7,
              "Plans": [
                {
                  "Node Type": "Seq Scan",
                  "Parent Relationship": "Outer",
                  "Parallel Aware": true,
                  "Relation Name": "cast_info",
                  "Alias": "ci",
                  "Startup Cost": 0.0,
                  "Total Cost": 328211.39,
                  "Plan Rows": 5802718,
                  "Plan Width": 0,
                  "Actual Startup Time": 0.041,
                  "Actual Total Time": 788.522,
                  "Actual Rows": 4983971,
                  "Actual Loops": 7,
                  "Filter": "(person_id < 3798771)",
                  "Rows Removed by Filter": 193792
                }
              ]
            }
          ]
        }
      ]
    },
    "Planning Time": 0.108,
    "Triggers": [],
    "Execution Time": 1140.16
  }
]