[
  {
    "Plan": {
      "Node Type": "Aggregate",
      "Strategy": "Plain",
      "Partial Mode": "Finalize",
      "Parallel Aware": false,
      "Startup Cost": 26437.98,
      "Total Cost": 26437.99,
      "Plan Rows": 1,
      "Plan Width": 8,
      "Actual Startup Time": 14.392,
      "Actual Total Time": 16.676,
      "Actual Rows": 1,
      "Actual Loops": 1,
      "Plans": [
        {
          "Node Type": "Gather",
          "Parent Relationship": "Outer",
          "Parallel Aware": false,
          "Startup Cost": 26437.76,
          "Total Cost": 26437.97,
          "Plan Rows": 2,
          "Plan Width": 8,
          "Actual Startup Time": 14.185,
          "Actual Total Time": 16.654,
          "Actual Rows": 3,
          "Actual Loops": 1,
          "Workers Planned": 2,
          "Workers Launched": 2,
          "Single Copy": false,
          "Plans": [
            {
              "Node Type": "Aggregate",
              "Strategy": "Plain",
              "Partial Mode": "Partial",
              "Parent Relationship": "Outer",
              "Parallel Aware": false,
              "Startup Cost": 25437.76,
              "Total Cost": 25437.77,
              "Plan Rows": 1,
              "Plan Width": 8,
              "Actual Startup Time": 5.58,
              "Actual Total Time": 5.583,
              "Actual Rows": 1,
              "Actual Loops": 3,
              "Plans": [
                {
                  "Node Type": "Nested Loop",
                  "Parent Relationship": "Outer",
                  "Parallel Aware": false,
                  "Join Type": "Inner",
                  "Startup Cost": 160.32,
                  "Total Cost": 25437.73,
                  "Plan Rows": 14,
                  "Plan Width": 0,
                  "Actual Startup Time": 2.884,
                  "Actual Total Time": 5.575,
                  "Actual Rows": 5,
                  "Actual Loops": 3,
                  "Inner Unique": false,
                  "Plans": [
                    {
                      "Node Type": "Nested Loop",
                      "Parent Relationship": "Outer",
                      "Parallel Aware": false,
                      "Join Type": "Inner",
                      "Startup Cost": 159.89,
                      "Total Cost": 25367.37,
                      "Plan Rows": 75,
                      "Plan Width": 8,
                      "Actual Startup Time": 2.875,
                      "Actual Total Time": 5.514,
                      "Actual Rows": 5,
                      "Actual Loops": 3,
                      "Inner Unique": true,
                      "Plans": [
                        {
                          "Node Type": "Bitmap Heap Scan",
                          "Parent Relationship": "Outer",
                          "Parallel Aware": true,
                          "Relation Name": "movie_companies",
                          "Alias": "mc",
                          "Startup Cost": 159.46,
                          "Total Cost": 14114.35,
                          "Plan Rows": 1480,
                          "Plan Width": 4,
                          "Actual Startup Time": 2.54,
                          "Actual Total Time": 4.068,
                          "Actual Rows": 138,
                          "Actual Loops": 3,
                          "Recheck Cond": "(company_id = 424)",
                          "Rows Removed by Index Recheck": 0,
                          "Filter": "(company_type_id = 1)",
                          "Rows Removed by Filter": 2607,
                          "Exact Heap Blocks": 923,
                          "Lossy Heap Blocks": 0,
                          "Plans": [
                            {
                              "Node Type": "Bitmap Index Scan",
                              "Parent Relationship": "Outer",
                              "Parallel Aware": false,
                              "Index Name": "company_id_movie_companies",
                              "Startup Cost": 0.0,
                              "Total Cost": 158.57,
                              "Plan Rows": 7219,
                              "Plan Width": 0,
                              "Actual Startup Time": 3.8,
                              "Actual Total Time": 3.801,
                              "Actual Rows": 8235,
                              "Actual Loops": 1,
                              "Index Cond": "(company_id = 424)"
                            }
                          ]
                        },
                        {
                          "Node Type": "Index Scan",
                          "Parent Relationship": "Inner",
                          "Parallel Aware": false,
                          "Scan Direction": "Forward",
                          "Index Name": "title_pkey",
                          "Relation Name": "title",
                          "Alias": "t",
                          "Startup Cost": 0.43,
                          "Total Cost": 7.6,
                          "Plan Rows": 1,
                          "Plan Width": 4,
                          "Actual Startup Time": 0.01,
                          "Actual Total Time": 0.01,
                          "Actual Rows": 0,
                          "Actual Loops": 413,
                          "Index Cond": "(id = mc.movie_id)",
                          "Rows Removed by Index Recheck": 0,
                          "Filter": "(production_year = 2009)",
                          "Rows Removed by Filter": 1
                        }
                      ]
                    },
                    {
                      "Node Type": "Index Scan",
                      "Parent Relationship": "Inner",
                      "Parallel Aware": false,
                      "Scan Direction": "Forward",
                      "Index Name": "movie_id_movie_info_idx",
                      "Relation Name": "movie_info_idx",
                      "Alias": "mi_idx",
                      "Startup Cost": 0.43,
                      "Total Cost": 0.93,
                      "Plan Rows": 1,
                      "Plan Width": 4,
                      "Actual Startup Time": 0.01,
                      "Actual Total Time": 0.01,
                      "Actual Rows": 1,
                      "Actual Loops": 16,
                      "Index Cond": "(movie_id = t.id)",
                      "Rows Removed by Index Recheck": 0,
                      "Filter": "(info_type_id = 101)",
                      "Rows Removed by Filter": 2
                    }
                  ]
                }
              ]
            }
          ]
        }
      ]
    },
    "Planning Time": 1.495,
    "Triggers": [],
    "Execution Time": 16.787
  }
]