[
  {
    "Plan": {
      "Node Type": "Aggregate",
      "Strategy": "Plain",
      "Partial Mode": "Finalize",
      "Parallel Aware": false,
      "Startup Cost": 47191.33,
      "Total Cost": 47191.34,
      "Plan Rows": 1,
      "Plan Width": 8,
      "Actual Startup Time": 195.829,
      "Actual Total Time": 206.027,
      "Actual Rows": 1,
      "Actual Loops": 1,
      "Plans": [
        {
          "Node Type": "Gather",
          "Parent Relationship": "Outer",
          "Parallel Aware": false,
          "Startup Cost": 47191.01,
          "Total Cost": 47191.32,
          "Plan Rows": 3,
          "Plan Width": 8,
          "Actual Startup Time": 195.717,
          "Actual Total Time": 206.018,
          "Actual Rows": 4,
          "Actual Loops": 1,
          "Workers Planned": 3,
          "Workers Launched": 3,
          "Single Copy": false,
          "Plans": [
            {
              "Node Type": "Aggregate",
              "Strategy": "Plain",
              "Partial Mode": "Partial",
              "Parent Relationship": "Outer",
              "Parallel Aware": false,
              "Startup Cost": 46191.01,
              "Total Cost": 46191.02,
              "Plan Rows": 1,
              "Plan Width": 8,
              "Actual Startup Time": 187.098,
              "Actual Total Time": 187.099,
              "Actual Rows": 1,
              "Actual Loops": 4,
              "Plans": [
                {
                  "Node Type": "Seq Scan",
                  "Parent Relationship": "Outer",
                  "Parallel Aware": true,
                  "Relation Name": "movie_keyword",
                  "Alias": "mk",
                  "Startup Cost": 0.0,
                  "Total Cost": 42695.65,
                  "Plan Rows": 1398142,
                  "Plan Width": 0,
                  "Actual Startup Time": 0.056,
                  "Actual Total Time": 134.022,
                  "Actual Rows": 1082626,
                  "Actual Loops": 4,
                  "Filter": "(keyword_id < 70017)",
                  "Rows Removed by Filter": 48357
                }
              ]
            }
          ]
        }
      ]
    },
    "Planning Time": 0.05,
    "Triggers": [],
    "Execution Time": 206.05
  }
]