{
  "Plan": {
    "Node Type": "Aggregate",
    "Strategy": "Plain",
    "Partial Mode": "Finalize",
    "Parallel Aware": false,
    "Startup Cost": 183738.9,
    "Total Cost": 183738.91,
    "Plan Rows": 1,
    "Plan Width": 8,
    "Actual Startup Time": 1534.092,
    "Actual Total Time": 1558.95,
    "Actual Rows": 1,
    "Actual Loops": 1,
    "Plans": [
      {
        "Node Type": "Gather",
        "Parent Relationship": "Outer",
        "Parallel Aware": false,
        "Startup Cost": 183738.79,
        "Total Cost": 183738.9,
        "Plan Rows": 1,
        "Plan Width": 8,
        "Actual Startup Time": 1529.297,
        "Actual Total Time": 1558.938,
        "Actual Rows": 2,
        "Actual Loops": 1,
        "Workers Planned": 1,
        "Workers Launched": 1,
        "Single Copy": false,
        "Plans": [
          {
            "Node Type": "Aggregate",
            "Strategy": "Plain",
            "Partial Mode": "Partial",
            "Parent Relationship": "Outer",
            "Parallel Aware": false,
            "Startup Cost": 182738.79,
            "Total Cost": 182738.8,
            "Plan Rows": 1,
            "Plan Width": 8,
            "Actual Startup Time": 1522.794,
            "Actual Total Time": 1522.804,
            "Actual Rows": 1,
            "Actual Loops": 2,
            "Plans": [
              {
                "Node Type": "Hash Join",
                "Parent Relationship": "Outer",
                "Parallel Aware": true,
                "Join Type": "Inner",
                "Startup Cost": 112657.22,
                "Total Cost": 181473.26,
                "Plan Rows": 506210,
                "Plan Width": 0,
                "Actual Startup Time": 700.959,
                "Actual Total Time": 1441.774,
                "Actual Rows": 2085436,
                "Actual Loops": 2,
                "Inner Unique": false,
                "Hash Cond": "(t.id = mc.movie_id)",
                "Plans": [
                  {
                    "Node Type": "Hash Join",
                    "Parent Relationship": "Outer",
                    "Parallel Aware": true,
                    "Join Type": "Inner",
                    "Startup Cost": 63292.8,
                    "Total Cost": 121343.65,
                    "Plan Rows": 1245999,
                    "Plan Width": 8,
                    "Actual Startup Time": 350.831,
                    "Actual Total Time": 820.094,
                    "Actual Rows": 1386124,
                    "Actual Loops": 2,
                    "Inner Unique": true,
                    "Hash Cond": "(mk.movie_id = t.id)",
                    "Plans": [
                      {
                        "Node Type": "Seq Scan",
                        "Parent Relationship": "Outer",
                        "Parallel Aware": true,
                        "Relation Name": "movie_keyword",
                        "Alias": "mk",
                        "Startup Cost": 0.0,
                        "Total Cost": 51065.35,
                        "Plan Rows": 2661135,
                        "Plan Width": 4,
                        "Actual Startup Time": 0.021,
                        "Actual Total Time": 159.538,
                        "Actual Rows": 2261965,
                        "Actual Loops": 2
                      },
                      {
                        "Node Type": "Hash",
                        "Parent Relationship": "Inner",
                        "Parallel Aware": true,
                        "Startup Cost": 54588.39,
                        "Total Cost": 54588.39,
                        "Plan Rows": 696353,
                        "Plan Width": 4,
                        "Actual Startup Time": 345.029,
                        "Actual Total Time": 345.031,
                        "Actual Rows": 597962,
                        "Actual Loops": 2,
                        "Hash Buckets": 2097152,
                        "Original Hash Buckets": 2097152,
                        "Hash Batches": 1,
                        "Original Hash Batches": 1,
                        "Peak Memory Usage": 63200,
                        "Plans": [
                          {
                            "Node Type": "Seq Scan",
                            "Parent Relationship": "Outer",
                            "Parallel Aware": true,
                            "Relation Name": "title",
                            "Alias": "t",
                            "Startup Cost": 0.0,
                            "Total Cost": 54588.39,
                            "Plan Rows": 696353,
                            "Plan Width": 4,
                            "Actual Startup Time": 0.023,
                            "Actual Total Time": 167.415,
                            "Actual Rows": 597962,
                            "Actual Loops": 2,
                            "Filter": "(production_year < 2003)",
                            "Rows Removed by Filter": 666194
                          }
                        ]
                      }
                    ]
                  },
                  {
                    "Node Type": "Hash",
                    "Parent Relationship": "Inner",
                    "Parallel Aware": true,
                    "Startup Cost": 41811.73,
                    "Total Cost": 41811.73,
                    "Plan Rows": 604215,
                    "Plan Width": 4,
                    "Actual Startup Time": 340.866,
                    "Actual Total Time": 340.867,
                    "Actual Rows": 587358,
                    "Actual Loops": 2,
                    "Hash Buckets": 2097152,
                    "Original Hash Buckets": 1048576,
                    "Hash Batches": 1,
                    "Original Hash Batches": 1,
                    "Peak Memory Usage": 70592,
                    "Plans": [
                      {
                        "Node Type": "Seq Scan",
                        "Parent Relationship": "Outer",
                        "Parallel Aware": true,
                        "Relation Name": "movie_companies",
                        "Alias": "mc",
                        "Startup Cost": 0.0,
                        "Total Cost": 41811.73,
                        "Plan Rows": 604215,
                        "Plan Width": 4,
                        "Actual Startup Time": 78.185,
                        "Actual Total Time": 162.686,
                        "Actual Rows": 587358,
                        "Actual Loops": 2,
                        "Filter": "((company_id > 648) AND (company_type_id > 1))",
                        "Rows Removed by Filter": 717206
                      }
                    ]
                  }
                ]
              }
            ]
          }
        ]
      }
    ]
  },
  "Planning Time": 1.027,
  "Triggers": [],
  "Execution Time": 1559.054
}