{
  "Plan": {
    "Node Type": "Aggregate",
    "Strategy": "Plain",
    "Partial Mode": "Finalize",
    "Parallel Aware": false,
    "Startup Cost": 88084.09,
    "Total Cost": 88084.1,
    "Plan Rows": 1,
    "Plan Width": 8,
    "Actual Startup Time": 268.998,
    "Actual Total Time": 284.002,
    "Actual Rows": 1,
    "Actual Loops": 1,
    "Plans": [
      {
        "Node Type": "Gather",
        "Parent Relationship": "Outer",
        "Parallel Aware": false,
        "Startup Cost": 88083.97,
        "Total Cost": 88084.08,
        "Plan Rows": 1,
        "Plan Width": 8,
        "Actual Startup Time": 268.402,
        "Actual Total Time": 283.993,
        "Actual Rows": 2,
        "Actual Loops": 1,
        "Workers Planned": 1,
        "Workers Launched": 1,
        "Single Copy": false,
        "Plans": [
          {
            "Node Type": "Aggregate",
            "Strategy": "Plain",
            "Partial Mode": "Partial",
            "Parent Relationship": "Outer",
            "Parallel Aware": false,
            "Startup Cost": 87083.97,
            "Total Cost": 87083.98,
            "Plan Rows": 1,
            "Plan Width": 8,
            "Actual Startup Time": 262.447,
            "Actual Total Time": 262.451,
            "Actual Rows": 1,
            "Actual Loops": 2,
            "Plans": [
              {
                "Node Type": "Hash Join",
                "Parent Relationship": "Outer",
                "Parallel Aware": true,
                "Join Type": "Inner",
                "Startup Cost": 64558.12,
                "Total Cost": 87052.81,
                "Plan Rows": 12467,
                "Plan Width": 0,
                "Actual Startup Time": 192.91,
                "Actual Total Time": 261.838,
                "Actual Rows": 10282,
                "Actual Loops": 2,
                "Inner Unique": true,
                "Hash Cond": "(mc.movie_id = t.id)",
                "Plans": [
                  {
                    "Node Type": "Bitmap Heap Scan",
                    "Parent Relationship": "Outer",
                    "Parallel Aware": true,
                    "Relation Name": "movie_companies",
                    "Alias": "mc",
                    "Startup Cost": 9023.48,
                    "Total Cost": 30875.2,
                    "Plan Rows": 244938,
                    "Plan Width": 4,
                    "Actual Startup Time": 18.808,
                    "Actual Total Time": 51.94,
                    "Actual Rows": 211101,
                    "Actual Loops": 2,
                    "Recheck Cond": "(company_id > 79869)",
                    "Rows Removed by Index Recheck": 0,
                    "Exact Heap Blocks": 4287,
                    "Lossy Heap Blocks": 0,
                    "Plans": [
                      {
                        "Node Type": "Bitmap Index Scan",
                        "Parent Relationship": "Outer",
                        "Parallel Aware": false,
                        "Index Name": "company_id_movie_companies",
                        "Startup Cost": 0.0,
                        "Total Cost": 8919.39,
                        "Plan Rows": 416394,
                        "Plan Width": 0,
                        "Actual Startup Time": 17.918,
                        "Actual Total Time": 17.918,
                        "Actual Rows": 422202,
                        "Actual Loops": 1,
                        "Index Cond": "(company_id > 79869)"
                      }
                    ]
                  },
                  {
                    "Node Type": "Hash",
                    "Parent Relationship": "Inner",
                    "Parallel Aware": true,
                    "Startup Cost": 54588.39,
                    "Total Cost": 54588.39,
                    "Plan Rows": 75700,
                    "Plan Width": 4,
                    "Actual Startup Time": 171.735,
                    "Actual Total Time": 171.736,
                    "Actual Rows": 64348,
                    "Actual Loops": 2,
                    "Hash Buckets": 131072,
                    "Original Hash Buckets": 131072,
                    "Hash Batches": 1,
                    "Original Hash Batches": 1,
                    "Peak Memory Usage": 6080,
                    "Plans": [
                      {
                        "Node Type": "Seq Scan",
                        "Parent Relationship": "Outer",
                        "Parallel Aware": true,
                        "Relation Name": "title",
                        "Alias": "t",
                        "Startup Cost": 0.0,
                        "Total Cost": 54588.39,
                        "Plan Rows": 75700,
                        "Plan Width": 4,
                        "Actual Startup Time": 0.034,
                        "Actual Total Time": 152.79,
                        "Actual Rows": 64348,
                        "Actual Loops": 2,
                        "Filter": "(production_year = 2009)",
                        "Rows Removed by Filter": 1199808
                      }
                    ]
                  }
                ]
              }
            ]
          }
        ]
      }
    ]
  },
  "Planning Time": 0.444,
  "Triggers": [],
  "Execution Time": 284.094
}