[
  {
    "Plan": {
      "Node Type": "Aggregate",
      "Strategy": "Plain",
      "Partial Mode": "Finalize",
      "Parallel Aware": false,
      "Startup Cost": 96504.27,
      "Total Cost": 96504.28,
      "Plan Rows": 1,
      "Plan Width": 8,
      "Actual Startup Time": 454.206,
      "Actual Total Time": 472.94,
      "Actual Rows": 1,
      "Actual Loops": 1,
      "Plans": [
        {
          "Node Type": "Gather",
          "Parent Relationship": "Outer",
          "Parallel Aware": false,
          "Startup Cost": 96504.06,
          "Total Cost": 96504.27,
          "Plan Rows": 2,
          "Plan Width": 8,
          "Actual Startup Time": 452.043,
          "Actual Total Time": 472.93,
          "Actual Rows": 3,
          "Actual Loops": 1,
          "Workers Planned": 2,
          "Workers Launched": 2,
          "Single Copy": false,
          "Plans": [
            {
              "Node Type": "Aggregate",
              "Strategy": "Plain",
              "Partial Mode": "Partial",
              "Parent Relationship": "Outer",
              "Parallel Aware": false,
              "Startup Cost": 95504.06,
              "Total Cost": 95504.07,
              "Plan Rows": 1,
              "Plan Width": 8,
              "Actual Startup Time": 449.523,
              "Actual Total Time": 449.878,
              "Actual Rows": 1,
              "Actual Loops": 3,
              "Plans": [
                {
                  "Node Type": "Hash Join",
                  "Parent Relationship": "Outer",
                  "Parallel Aware": true,
                  "Join Type": "Inner",
                  "Startup Cost": 79471.17,
                  "Total Cost": 95420.48,
                  "Plan Rows": 33432,
                  "Plan Width": 0,
                  "Actual Startup Time": 346.611,
                  "Actual Total Time": 444.517,
                  "Actual Rows": 110413,
                  "Actual Loops": 3,
                  "Inner Unique": false,
                  "Hash Cond": "(mi_idx.movie_id = t.id)",
                  "Plans": [
                    {
                      "Node Type": "Seq Scan",
                      "Parent Relationship": "Outer",
                      "Parallel Aware": true,
                      "Relation Name": "movie_info_idx",
                      "Alias": "mi_idx",
                      "Startup Cost": 0.0,
                      "Total Cost": 13685.15,
                      "Plan Rows": 575015,
                      "Plan Width": 4,
                      "Actual Startup Time": 0.008,
                      "Actual Total Time": 39.365,
                      "Actual Rows": 460012,
                      "Actual Loops": 3
                    },
                    {
                      "Node Type": "Hash",
                      "Parent Relationship": "Inner",
                      "Parallel Aware": true,
                      "Startup Cost": 78878.41,
                      "Total Cost": 78878.41,
                      "Plan Rows": 47421,
                      "Plan Width": 8,
                      "Actual Startup Time": 345.284,
                      "Actual Total Time": 345.637,
                      "Actual Rows": 91886,
                      "Actual Loops": 3,
                      "Hash Buckets": 524288,
                      "Original Hash Buckets": 262144,
                      "Hash Batches": 1,
                      "Original Hash Batches": 1,
                      "Peak Memory Usage": 16992,
                      "Plans": [
                        {
                          "Node Type": "Hash Join",
                          "Parent Relationship": "Outer",
                          "Parallel Aware": true,
                          "Join Type": "Inner",
                          "Startup Cost": 46494.34,
                          "Total Cost": 78878.41,
                          "Plan Rows": 47421,
                          "Plan Width": 8,
                          "Actual Startup Time": 198.429,
                          "Actual Total Time": 317.449,
                          "Actual Rows": 91886,
                          "Actual Loops": 3,
                          "Inner Unique": true,
                          "Hash Cond": "(mc.movie_id = t.id)",
                          "Plans": [
                            {
                              "Node Type": "Seq Scan",
                              "Parent Relationship": "Outer",
                              "Parallel Aware": true,
                              "Relation Name": "movie_companies",
                              "Alias": "mc",
                              "Startup Cost": 0.0,
                              "Total Cost": 31414.82,
                              "Plan Rows": 369241,
                              "Plan Width": 4,
                              "Actual Startup Time": 39.497,
                              "Actual Total Time": 90.458,
                              "Actual Rows": 322404,
                              "Actual Loops": 3,
                              "Filter": "((company_id < 85904) AND (company_type_id = 2))",
                              "Rows Removed by Filter": 547306
                            },
                            {
                              "Node Type": "Hash",
                              "Parent Relationship": "Inner",
                              "Parallel Aware": true,
                              "Startup Cost": 45479.59,
                              "Total Cost": 45479.59,
                              "Plan Rows": 81180,
                              "Plan Width": 4,
                              "Actual Startup Time": 157.037,
                              "Actual Total Time": 157.039,
                              "Actual Rows": 148398,
                              "Actual Loops": 3,
                              "Hash Buckets": 524288,
                              "Original Hash Buckets": 524288,
                              "Hash Batches": 1,
                              "Original Hash Batches": 1,
                              "Peak Memory Usage": 21536,
                              "Plans": [
                                {
                                  "Node Type": "Seq Scan",
                                  "Parent Relationship": "Outer",
                                  "Parallel Aware": true,
                                  "Relation Name": "title",
                                  "Alias": "t",
                                  "Startup Cost": 0.0,
                                  "Total Cost": 45479.59,
                                  "Plan Rows": 81180,
                                  "Plan Width": 4,
                                  "Actual Startup Time": 0.022,
                                  "Actual Total Time": 113.728,
                                  "Actual Rows": 148398,
                                  "Actual Loops": 3,
                                  "Filter": "((kind_id < 7) AND (production_year < 1996))",
                                  "Rows Removed by Filter": 694373
                                }
                              ]
                            }
                          ]
                        }
                      ]
                    }
                  ]
                }
              ]
            }
          ]
        }
      ]
    },
    "Planning Time": 0.671,
    "Triggers": [],
    "Execution Time": 472.99
  }
]