{
  "Plan": {
    "Node Type": "Aggregate",
    "Strategy": "Plain",
    "Partial Mode": "Finalize",
    "Parallel Aware": false,
    "Startup Cost": 534178.42,
    "Total Cost": 534178.43,
    "Plan Rows": 1,
    "Plan Width": 8,
    "Actual Startup Time": 2036.93,
    "Actual Total Time": 2064.297,
    "Actual Rows": 1,
    "Actual Loops": 1,
    "Plans": [
      {
        "Node Type": "Gather",
        "Parent Relationship": "Outer",
        "Parallel Aware": false,
        "Startup Cost": 534178.31,
        "Total Cost": 534178.42,
        "Plan Rows": 1,
        "Plan Width": 8,
        "Actual Startup Time": 2032.378,
        "Actual Total Time": 2064.289,
        "Actual Rows": 2,
        "Actual Loops": 1,
        "Workers Planned": 1,
        "Workers Launched": 1,
        "Single Copy": false,
        "Plans": [
          {
            "Node Type": "Aggregate",
            "Strategy": "Plain",
            "Partial Mode": "Partial",
            "Parent Relationship": "Outer",
            "Parallel Aware": false,
            "Startup Cost": 533178.31,
            "Total Cost": 533178.32,
            "Plan Rows": 1,
            "Plan Width": 8,
            "Actual Startup Time": 2025.9,
            "Actual Total Time": 2025.907,
            "Actual Rows": 1,
            "Actual Loops": 2,
            "Plans": [
              {
                "Node Type": "Hash Join",
                "Parent Relationship": "Outer",
                "Parallel Aware": true,
                "Join Type": "Inner",
                "Startup Cost": 224207.83,
                "Total Cost": 530459.08,
                "Plan Rows": 1087689,
                "Plan Width": 0,
                "Actual Startup Time": 987.912,
                "Actual Total Time": 1950.962,
                "Actual Rows": 1435691,
                "Actual Loops": 2,
                "Inner Unique": false,
                "Hash Cond": "(ci.movie_id = t.id)",
                "Plans": [
                  {
                    "Node Type": "Bitmap Heap Scan",
                    "Parent Relationship": "Outer",
                    "Parallel Aware": true,
                    "Relation Name": "cast_info",
                    "Alias": "ci",
                    "Startup Cost": 108981.37,
                    "Total Cost": 397949.98,
                    "Plan Rows": 2902528,
                    "Plan Width": 4,
                    "Actual Startup Time": 191.75,
                    "Actual Total Time": 497.99,
                    "Actual Rows": 2374688,
                    "Actual Loops": 2,
                    "Recheck Cond": "(person_id > 3204111)",
                    "Rows Removed by Index Recheck": 0,
                    "Exact Heap Blocks": 26713,
                    "Lossy Heap Blocks": 0,
                    "Plans": [
                      {
                        "Node Type": "Bitmap Index Scan",
                        "Parent Relationship": "Outer",
                        "Parallel Aware": false,
                        "Index Name": "person_id_cast_info",
                        "Startup Cost": 0.0,
                        "Total Cost": 107747.8,
                        "Plan Rows": 4934298,
                        "Plan Width": 0,
                        "Actual Startup Time": 180.439,
                        "Actual Total Time": 180.44,
                        "Actual Rows": 4749377,
                        "Actual Loops": 1,
                        "Index Cond": "(person_id > 3204111)"
                      }
                    ]
                  },
                  {
                    "Node Type": "Hash",
                    "Parent Relationship": "Inner",
                    "Parallel Aware": true,
                    "Startup Cost": 108259.92,
                    "Total Cost": 108259.92,
                    "Plan Rows": 557323,
                    "Plan Width": 8,
                    "Actual Startup Time": 787.285,
                    "Actual Total Time": 787.289,
                    "Actual Rows": 303588,
                    "Actual Loops": 2,
                    "Hash Buckets": 1048576,
                    "Original Hash Buckets": 1048576,
                    "Hash Batches": 1,
                    "Original Hash Batches": 1,
                    "Peak Memory Usage": 31968,
                    "Plans": [
                      {
                        "Node Type": "Hash Join",
                        "Parent Relationship": "Outer",
                        "Parallel Aware": true,
                        "Join Type": "Inner",
                        "Startup Cost": 68301.9,
                        "Total Cost": 108259.92,
                        "Plan Rows": 557323,
                        "Plan Width": 8,
                        "Actual Startup Time": 413.743,
                        "Actual Total Time": 710.845,
                        "Actual Rows": 303588,
                        "Actual Loops": 2,
                        "Inner Unique": true,
                        "Hash Cond": "(mc.movie_id = t.id)",
                        "Plans": [
                          {
                            "Node Type": "Seq Scan",
                            "Parent Relationship": "Outer",
                            "Parallel Aware": true,
                            "Relation Name": "movie_companies",
                            "Alias": "mc",
                            "Startup Cost": 0.0,
                            "Total Cost": 37974.77,
                            "Plan Rows": 755522,
                            "Plan Width": 4,
                            "Actual Startup Time": 0.014,
                            "Actual Total Time": 120.684,
                            "Actual Rows": 637123,
                            "Actual Loops": 2,
                            "Filter": "(company_type_id < 2)",
                            "Rows Removed by Filter": 667442
                          },
                          {
                            "Node Type": "Hash",
                            "Parent Relationship": "Inner",
                            "Parallel Aware": true,
                            "Startup Cost": 54588.39,
                            "Total Cost": 54588.39,
                            "Plan Rows": 1097081,
                            "Plan Width": 4,
                            "Actual Startup Time": 403.983,
                            "Actual Total Time": 403.984,
                            "Actual Rows": 932744,
                            "Actual Loops": 2,
                            "Hash Buckets": 2097152,
                            "Original Hash Buckets": 2097152,
                            "Hash Batches": 1,
                            "Original Hash Batches": 1,
                            "Peak Memory Usage": 89376,
                            "Plans": [
                              {
                                "Node Type": "Seq Scan",
                                "Parent Relationship": "Outer",
                                "Parallel Aware": true,
                                "Relation Name": "title",
                                "Alias": "t",
                                "Startup Cost": 0.0,
                                "Total Cost": 54588.39,
                                "Plan Rows": 1097081,
                                "Plan Width": 4,
                                "Actual Startup Time": 0.033,
                                "Actual Total Time": 161.45,
                                "Actual Rows": 932744,
                                "Actual Loops": 2,
                                "Filter": "(kind_id > 1)",
                                "Rows Removed by Filter": 331412
                              }
                            ]
                          }
                        ]
                      }
                    ]
                  }
                ]
              }
            ]
          }
        ]
      }
    ]
  },
  "Planning Time": 1.294,
  "Triggers": [],
  "Execution Time": 2064.503
}