[
  {
    "Plan": {
      "Node Type": "Aggregate",
      "Strategy": "Plain",
      "Partial Mode": "Finalize",
      "Parallel Aware": false,
      "Startup Cost": 239696.57,
      "Total Cost": 239696.58,
      "Plan Rows": 1,
      "Plan Width": 8,
      "Actual Startup Time": 470.212,
      "Actual Total Time": 512.165,
      "Actual Rows": 1,
      "Actual Loops": 1,
      "Plans": [
        {
          "Node Type": "Gather",
          "Parent Relationship": "Outer",
          "Parallel Aware": false,
          "Startup Cost": 239696.05,
          "Total Cost": 239696.56,
          "Plan Rows": 5,
          "Plan Width": 8,
          "Actual Startup Time": 469.546,
          "Actual Total Time": 512.131,
          "Actual Rows": 6,
          "Actual Loops": 1,
          "Workers Planned": 5,
          "Workers Launched": 5,
          "Single Copy": false,
          "Plans": [
            {
              "Node Type": "Aggregate",
              "Strategy": "Plain",
              "Partial Mode": "Partial",
              "Parent Relationship": "Outer",
              "Parallel Aware": false,
              "Startup Cost": 238696.05,
              "Total Cost": 238696.06,
              "Plan Rows": 1,
              "Plan Width": 8,
              "Actual Startup Time": 461.337,
              "Actual Total Time": 461.341,
              "Actual Rows": 1,
              "Actual Loops": 6,
              "Plans": [
                {
                  "Node Type": "Hash Join",
                  "Parent Relationship": "Outer",
                  "Parallel Aware": true,
                  "Join Type": "Inner",
                  "Startup Cost": 38489.28,
                  "Total Cost": 238657.4,
                  "Plan Rows": 15460,
                  "Plan Width": 0,
                  "Actual Startup Time": 90.76,
                  "Actual Total Time": 460.223,
                  "Actual Rows": 15636,
                  "Actual Loops": 6,
                  "Inner Unique": true,
                  "Hash Cond": "(mi.movie_id = t.id)",
                  "Plans": [
                    {
                      "Node Type": "Seq Scan",
                      "Parent Relationship": "Outer",
                      "Parallel Aware": true,
                      "Relation Name": "movie_info",
                      "Alias": "mi",
                      "Startup Cost": 0.0,
                      "Total Cost": 198952.16,
                      "Plan Rows": 463221,
                      "Plan Width": 4,
                      "Actual Startup Time": 21.418,
                      "Actual Total Time": 354.151,
                      "Actual Rows": 372308,
                      "Actual Loops": 6,
                      "Filter": "(info_type_id > 16)",
                      "Rows Removed by Filter": 2100312
                    },
                    {
                      "Node Type": "Hash",
                      "Parent Relationship": "Inner",
                      "Parallel Aware": true,
                      "Startup Cost": 38225.58,
                      "Total Cost": 38225.58,
                      "Plan Rows": 21096,
                      "Plan Width": 4,
                      "Actual Startup Time": 54.663,
                      "Actual Total Time": 54.664,
                      "Actual Rows": 14674,
                      "Actual Loops": 6,
                      "Hash Buckets": 131072,
                      "Original Hash Buckets": 131072,
                      "Hash Batches": 1,
                      "Original Hash Batches": 1,
                      "Peak Memory Usage": 4544,
                      "Plans": [
                        {
                          "Node Type": "Bitmap Heap Scan",
                          "Parent Relationship": "Outer",
                          "Parallel Aware": true,
                          "Relation Name": "title",
                          "Alias": "t",
                          "Startup Cost": 1844.23,
                          "Total Cost": 38225.58,
                          "Plan Rows": 21096,
                          "Plan Width": 4,
                          "Actual Startup Time": 11.404,
                          "Actual Total Time": 46.948,
                          "Actual Rows": 14674,
                          "Actual Loops": 6,
                          "Recheck Cond": "(kind_id = 3)",
                          "Rows Removed by Index Recheck": 0,
                          "Filter": "(production_year > 1970)",
                          "Rows Removed by Filter": 2082,
                          "Exact Heap Blocks": 4793,
                          "Lossy Heap Blocks": 0,
                          "Plans": [
                            {
                              "Node Type": "Bitmap Index Scan",
                              "Parent Relationship": "Outer",
                              "Parallel Aware": false,
                              "Index Name": "kind_id_title",
                              "Startup Cost": 0.0,
                              "Total Cost": 1823.13,
                              "Plan Rows": 102227,
                              "Plan Width": 0,
                              "Actual Startup Time": 11.079,
                              "Actual Total Time": 11.08,
                              "Actual Rows": 100537,
                              "Actual Loops": 1,
                              "Index Cond": "(kind_id = 3)"
                            }
                          ]
                        }
                      ]
                    }
                  ]
                }
              ]
            }
          ]
        }
      ]
    },
    "Planning Time": 0.5,
    "Triggers": [],
    "Execution Time": 512.249
  }
]