[
  {
    "Plan": {
      "Node Type": "Aggregate",
      "Strategy": "Plain",
      "Partial Mode": "Finalize",
      "Parallel Aware": false,
      "Startup Cost": 248231.09,
      "Total Cost": 248231.1,
      "Plan Rows": 1,
      "Plan Width": 8,
      "Actual Startup Time": 563.198,
      "Actual Total Time": 612.904,
      "Actual Rows": 1,
      "Actual Loops": 1,
      "Plans": [
        {
          "Node Type": "Gather",
          "Parent Relationship": "Outer",
          "Parallel Aware": false,
          "Startup Cost": 248230.57,
          "Total Cost": 248231.08,
          "Plan Rows": 5,
          "Plan Width": 8,
          "Actual Startup Time": 562.353,
          "Actual Total Time": 612.894,
          "Actual Rows": 6,
          "Actual Loops": 1,
          "Workers Planned": 5,
          "Workers Launched": 5,
          "Single Copy": false,
          "Plans": [
            {
              "Node Type": "Aggregate",
              "Strategy": "Plain",
              "Partial Mode": "Partial",
              "Parent Relationship": "Outer",
              "Parallel Aware": false,
              "Startup Cost": 247230.57,
              "Total Cost": 247230.58,
              "Plan Rows": 1,
              "Plan Width": 8,
              "Actual Startup Time": 552.107,
              "Actual Total Time": 552.11,
              "Actual Rows": 1,
              "Actual Loops": 6,
              "Plans": [
                {
                  "Node Type": "Hash Join",
                  "Parent Relationship": "Outer",
                  "Parallel Aware": true,
                  "Join Type": "Inner",
                  "Startup Cost": 44157.3,
                  "Total Cost": 247106.09,
                  "Plan Rows": 49792,
                  "Plan Width": 0,
                  "Actual Startup Time": 113.919,
                  "Actual Total Time": 550.295,
                  "Actual Rows": 36180,
                  "Actual Loops": 6,
                  "Inner Unique": true,
                  "Hash Cond": "(mi.movie_id = t.id)",
                  "Plans": [
                    {
                      "Node Type": "Seq Scan",
                      "Parent Relationship": "Outer",
                      "Parallel Aware": true,
                      "Relation Name": "movie_info",
                      "Alias": "mi",
                      "Startup Cost": 0.0,
                      "Total Cost": 198952.16,
                      "Plan Rows": 1522520,
                      "Plan Width": 4,
                      "Actual Startup Time": 16.747,
                      "Actual Total Time": 325.883,
                      "Actual Rows": 1258142,
                      "Actual Loops": 6,
                      "Filter": "(info_type_id > 7)",
                      "Rows Removed by Filter": 1214478
                    },
                    {
                      "Node Type": "Hash",
                      "Parent Relationship": "Inner",
                      "Parallel Aware": true,
                      "Startup Cost": 43898.92,
                      "Total Cost": 43898.92,
                      "Plan Rows": 20671,
                      "Plan Width": 4,
                      "Actual Startup Time": 84.016,
                      "Actual Total Time": 84.017,
                      "Actual Rows": 14210,
                      "Actual Loops": 6,
                      "Hash Buckets": 131072,
                      "Original Hash Buckets": 131072,
                      "Hash Batches": 1,
                      "Original Hash Batches": 1,
                      "Peak Memory Usage": 4448,
                      "Plans": [
                        {
                          "Node Type": "Seq Scan",
                          "Parent Relationship": "Outer",
                          "Parallel Aware": true,
                          "Relation Name": "title",
                          "Alias": "t",
                          "Startup Cost": 0.0,
                          "Total Cost": 43898.92,
                          "Plan Rows": 20671,
                          "Plan Width": 4,
                          "Actual Startup Time": 48.638,
                          "Actual Total Time": 78.829,
                          "Actual Rows": 14210,
                          "Actual Loops": 6,
                          "Filter": "(production_year < 1920)",
                          "Rows Removed by Filter": 407175
                        }
                      ]
                    }
                  ]
                }
              ]
            }
          ]
        }
      ]
    },
    "Planning Time": 0.577,
    "Triggers": [],
    "Execution Time": 612.982
  }
]