[
  {
    "Plan": {
      "Node Type": "Aggregate",
      "Strategy": "Plain",
      "Partial Mode": "Finalize",
      "Parallel Aware": false,
      "Startup Cost": 125295.01,
      "Total Cost": 125295.02,
      "Plan Rows": 1,
      "Plan Width": 8,
      "Actual Startup Time": 681.384,
      "Actual Total Time": 691.866,
      "Actual Rows": 1,
      "Actual Loops": 1,
      "Plans": [
        {
          "Node Type": "Gather",
          "Parent Relationship": "Outer",
          "Parallel Aware": false,
          "Startup Cost": 125294.69,
          "Total Cost": 125295.0,
          "Plan Rows": 3,
          "Plan Width": 8,
          "Actual Startup Time": 679.142,
          "Actual Total Time": 691.859,
          "Actual Rows": 4,
          "Actual Loops": 1,
          "Workers Planned": 3,
          "Workers Launched": 3,
          "Single Copy": false,
          "Plans": [
            {
              "Node Type": "Aggregate",
              "Strategy": "Plain",
              "Partial Mode": "Partial",
              "Parent Relationship": "Outer",
              "Parallel Aware": false,
              "Startup Cost": 124294.69,
              "Total Cost": 124294.7,
              "Plan Rows": 1,
              "Plan Width": 8,
              "Actual Startup Time": 675.092,
              "Actual Total Time": 675.096,
              "Actual Rows": 1,
              "Actual Loops": 4,
              "Plans": [
                {
                  "Node Type": "Hash Join",
                  "Parent Relationship": "Outer",
                  "Parallel Aware": true,
                  "Join Type": "Inner",
                  "Startup Cost": 79008.58,
                  "Total Cost": 123911.55,
                  "Plan Rows": 153259,
                  "Plan Width": 0,
                  "Actual Startup Time": 365.343,
                  "Actual Total Time": 632.96,
                  "Actual Rows": 914871,
                  "Actual Loops": 4,
                  "Inner Unique": false,
                  "Hash Cond": "(mk.movie_id = t.id)",
                  "Plans": [
                    {
                      "Node Type": "Seq Scan",
                      "Parent Relationship": "Outer",
                      "Parallel Aware": true,
                      "Relation Name": "movie_keyword",
                      "Alias": "mk",
                      "Startup Cost": 0.0,
                      "Total Cost": 39047.32,
                      "Plan Rows": 1459332,
                      "Plan Width": 4,
                      "Actual Startup Time": 0.019,
                      "Actual Total Time": 87.156,
                      "Actual Rows": 1130982,
                      "Actual Loops": 4
                    },
                    {
                      "Node Type": "Hash",
                      "Parent Relationship": "Inner",
                      "Parallel Aware": true,
                      "Startup Cost": 78178.82,
                      "Total Cost": 78178.82,
                      "Plan Rows": 66381,
                      "Plan Width": 8,
                      "Actual Startup Time": 359.929,
                      "Actual Total Time": 359.932,
                      "Actual Rows": 130486,
                      "Actual Loops": 4,
                      "Hash Buckets": 524288,
                      "Original Hash Buckets": 524288,
                      "Hash Batches": 1,
                      "Original Hash Batches": 1,
                      "Peak Memory Usage": 24608,
                      "Plans": [
                        {
                          "Node Type": "Hash Join",
                          "Parent Relationship": "Outer",
                          "Parallel Aware": true,
                          "Join Type": "Inner",
                          "Startup Cost": 32485.48,
                          "Total Cost": 78178.82,
                          "Plan Rows": 66381,
                          "Plan Width": 8,
                          "Actual Startup Time": 108.169,
                          "Actual Total Time": 323.99,
                          "Actual Rows": 130486,
                          "Actual Loops": 4,
                          "Inner Unique": false,
                          "Hash Cond": "(t.id = mc.movie_id)",
                          "Plans": [
                            {
                              "Node Type": "Seq Scan",
                              "Parent Relationship": "Outer",
                              "Parallel Aware": true,
                              "Relation Name": "title",
                              "Alias": "t",
                              "Startup Cost": 0.0,
                              "Total Cost": 42318.81,
                              "Plan Rows": 632080,
                              "Plan Width": 4,
                              "Actual Startup Time": 0.012,
                              "Actual Total Time": 67.089,
                              "Actual Rows": 632078,
                              "Actual Loops": 4
                            },
                            {
                              "Node Type": "Hash",
                              "Parent Relationship": "Inner",
                              "Parallel Aware": true,
                              "Startup Cost": 31414.82,
                              "Total Cost": 31414.82,
                              "Plan Rows": 85653,
                              "Plan Width": 4,
                              "Actual Startup Time": 107.073,
                              "Actual Total Time": 107.073,
                              "Actual Rows": 130486,
                              "Actual Loops": 4,
                              "Hash Buckets": 524288,
                              "Original Hash Buckets": 524288,
                              "Hash Batches": 1,
                              "Original Hash Batches": 1,
                              "Peak Memory Usage": 24544,
                              "Plans": [
                                {
                                  "Node Type": "Seq Scan",
                                  "Parent Relationship": "Outer",
                                  "Parallel Aware": true,
                                  "Relation Name": "movie_companies",
                                  "Alias": "mc",
                                  "Startup Cost": 0.0,
                                  "Total Cost": 31414.82,
                                  "Plan Rows": 85653,
                                  "Plan Width": 4,
                                  "Actual Startup Time": 36.471,
                                  "Actual Total Time": 74.257,
                                  "Actual Rows": 130486,
                                  "Actual Loops": 4,
                                  "Filter": "((company_id > 73226) AND (company_type_id > 1))",
                                  "Rows Removed by Filter": 521796
                                }
                              ]
                            }
                          ]
                        }
                      ]
                    }
                  ]
                }
              ]
            }
          ]
        }
      ]
    },
    "Planning Time": 0.576,
    "Triggers": [],
    "Execution Time": 691.907
  }
]