[
  {
    "Plan": {
      "Node Type": "Aggregate",
      "Strategy": "Plain",
      "Partial Mode": "Finalize",
      "Parallel Aware": false,
      "Startup Cost": 109354.4,
      "Total Cost": 109354.41,
      "Plan Rows": 1,
      "Plan Width": 128,
      "Actual Startup Time": 355.759,
      "Actual Total Time": 381.907,
      "Actual Rows": 1,
      "Actual Loops": 1,
      "Plans": [
        {
          "Node Type": "Gather",
          "Parent Relationship": "Outer",
          "Parallel Aware": false,
          "Startup Cost": 109354.06,
          "Total Cost": 109354.37,
          "Plan Rows": 3,
          "Plan Width": 128,
          "Actual Startup Time": 355.328,
          "Actual Total Time": 381.893,
          "Actual Rows": 4,
          "Actual Loops": 1,
          "Workers Planned": 3,
          "Workers Launched": 3,
          "Single Copy": false,
          "Plans": [
            {
              "Node Type": "Aggregate",
              "Strategy": "Plain",
              "Partial Mode": "Partial",
              "Parent Relationship": "Outer",
              "Parallel Aware": false,
              "Startup Cost": 108354.06,
              "Total Cost": 108354.07,
              "Plan Rows": 1,
              "Plan Width": 128,
              "Actual Startup Time": 344.731,
              "Actual Total Time": 344.738,
              "Actual Rows": 1,
              "Actual Loops": 4,
              "Plans": [
                {
                  "Node Type": "Nested Loop",
                  "Parent Relationship": "Outer",
                  "Parallel Aware": false,
                  "Join Type": "Inner",
                  "Startup Cost": 71306.03,
                  "Total Cost": 108343.91,
                  "Plan Rows": 1015,
                  "Plan Width": 64,
                  "Actual Startup Time": 216.619,
                  "Actual Total Time": 344.263,
                  "Actual Rows": 1370,
                  "Actual Loops": 4,
                  "Inner Unique": true,
                  "Plans": [
                    {
                      "Node Type": "Nested Loop",
                      "Parent Relationship": "Outer",
                      "Parallel Aware": false,
                      "Join Type": "Inner",
                      "Startup Cost": 71305.6,
                      "Total Cost": 107839.86,
                      "Plan Rows": 1015,
                      "Plan Width": 55,
                      "Actual Startup Time": 216.538,
                      "Actual Total Time": 338.462,
                      "Actual Rows": 1370,
                      "Actual Loops": 4,
                      "Inner Unique": true,
                      "Plans": [
                        {
                          "Node Type": "Nested Loop",
                          "Parent Relationship": "Outer",
                          "Parallel Aware": false,
                          "Join Type": "Inner",
                          "Startup Cost": 71305.17,
                          "Total Cost": 107332.84,
                          "Plan Rows": 1015,
                          "Plan Width": 43,
                          "Actual Startup Time": 216.449,
                          "Actual Total Time": 332.958,
                          "Actual Rows": 1504,
                          "Actual Loops": 4,
                          "Inner Unique": true,
                          "Plans": [
                            {
                              "Node Type": "Nested Loop",
                              "Parent Relationship": "Outer",
                              "Parallel Aware": false,
                              "Join Type": "Inner",
                              "Startup Cost": 71304.75,
                              "Total Cost": 106087.32,
                              "Plan Rows": 2793,
                              "Plan Width": 47,
                              "Actual Startup Time": 216.346,
                              "Actual Total Time": 323.241,
                              "Actual Rows": 2866,
                              "Actual Loops": 4,
                              "Inner Unique": false,
                              "Plans": [
                                {
                                  "Node Type": "Hash Join",
                                  "Parent Relationship": "Outer",
                                  "Parallel Aware": false,
                                  "Join Type": "Inner",
                                  "Startup Cost": 71304.32,
                                  "Total Cost": 105422.51,
                                  "Plan Rows": 1111,
                                  "Plan Width": 39,
                                  "Actual Startup Time": 216.241,
                                  "Actual Total Time": 313.803,
                                  "Actual Rows": 1842,
                                  "Actual Loops": 4,
                                  "Inner Unique": true,
                                  "Hash Cond": "(ci.role_id = rt.id)",
                                  "Plans": [
                                    {
                                      "Node Type": "Nested Loop",
                                      "Parent Relationship": "Outer",
                                      "Parallel Aware": false,
                                      "Join Type": "Inner",
                                      "Startup Cost": 71303.15,
                                      "Total Cost": 105374.0,
                                      "Plan Rows": 13329,
                                      "Plan Width": 43,
                                      "Actual Startup Time": 215.674,
                                      "Actual Total Time": 312.748,
                                      "Actual Rows": 3509,
                                      "Actual Loops": 4,
                                      "Inner Unique": false,
                                      "Join Filter": "(n.id = ci.person_id)",
                                      "Rows Removed by Join Filter": 0,
                                      "Plans": [
                                        {
                                          "Node Type": "Hash Join",
                                          "Parent Relationship": "Outer",
                                          "Parallel Aware": true,
                                          "Join Type": "Inner",
                                          "Startup Cost": 71302.59,
                                          "Total Cost": 86369.38,
                                          "Plan Rows": 1366,
                                          "Plan Width": 39,
                                          "Actual Startup Time": 214.401,
                                          "Actual Total Time": 279.186,
                                          "Actual Rows": 1282,
                                          "Actual Loops": 4,
                                          "Inner Unique": true,
                                          "Hash Cond": "(an.person_id = n.id)",
                                          "Plans": [
                                            {
                                              "Node Type": "Seq Scan",
                                              "Parent Relationship": "Outer",
                                              "Parallel Aware": true,
                                              "Relation Name": "aka_name",
                                              "Alias": "an",
                                              "Startup Cost": 0.0,
                                              "Total Cost": 14303.56,
                                              "Plan Rows": 290756,
                                              "Plan Width": 20,
                                              "Actual Startup Time": 0.014,
                                              "Actual Total Time": 30.786,
                                              "Actual Rows": 225336,
                                              "Actual Loops": 4
                                            },
                                            {
                                              "Node Type": "Hash",
                                              "Parent Relationship": "Inner",
                                              "Parallel Aware": true,
                                              "Startup Cost": 71241.41,
                                              "Total Cost": 71241.41,
                                              "Plan Rows": 4894,
                                              "Plan Width": 19,
                                              "Actual Startup Time": 213.47,
                                              "Actual Total Time": 213.472,
                                              "Actual Rows": 6121,
                                              "Actual Loops": 4,
                                              "Hash Buckets": 32768,
                                              "Original Hash Buckets": 32768,
                                              "Hash Batches": 1,
                                              "Original Hash Batches": 1,
                                              "Peak Memory Usage": 1664,
                                              "Plans": [
                                                {
                                                  "Node Type": "Seq Scan",
                                                  "Parent Relationship": "Outer",
                                                  "Parallel Aware": true,
                                                  "Relation Name": "name",
                                                  "Alias": "n",
                                                  "Startup Cost": 0.0,
                                                  "Total Cost": 71241.41,
                                                  "Plan Rows": 4894,
                                                  "Plan Width": 19,
                                                  "Actual Startup Time": 94.863,
                                                  "Actual Total Time": 209.981,
                                                  "Actual Rows": 6121,
                                                  "Actual Loops": 4,
                                                  "Filter": "((name ~~ '%Jo%'::text) AND ((gender)::text = 'f'::text))",
                                                  "Rows Removed by Filter": 1035752
                                                }
                                              ]
                                            }
                                          ]
                                        },
                                        {
                                          "Node Type": "Index Scan",
                                          "Parent Relationship": "Inner",
                                          "Parallel Aware": false,
                                          "Scan Direction": "Forward",
                                          "Index Name": "person_id_cast_info",
                                          "Relation Name": "cast_info",
                                          "Alias": "ci",
                                          "Startup Cost": 0.56,
                                          "Total Cost": 13.29,
                                          "Plan Rows": 50,
                                          "Plan Width": 16,
                                          "Actual Startup Time": 0.021,
                                          "Actual Total Time": 0.025,
                                          "Actual Rows": 3,
                                          "Actual Loops": 5130,
                                          "Index Cond": "(person_id = an.person_id)",
                                          "Rows Removed by Index Recheck": 0,
                                          "Filter": "(note = ANY ('{(producer),\"(executive producer)\",(writer),(voice)}'::text[]))",
                                          "Rows Removed by Filter": 47
                                        }
                                      ]
                                    },
                                    {
                                      "Node Type": "Hash",
                                      "Parent Relationship": "Inner",
                                      "Parallel Aware": false,
                                      "Startup Cost": 1.15,
                                      "Total Cost": 1.15,
                                      "Plan Rows": 1,
                                      "Plan Width": 4,
                                      "Actual Startup Time": 0.088,
                                      "Actual Total Time": 0.089,
                                      "Actual Rows": 1,
                                      "Actual Loops": 4,
                                      "Hash Buckets": 1024,
                                      "Original Hash Buckets": 1024,
                                      "Hash Batches": 1,
                                      "Original Hash Batches": 1,
                                      "Peak Memory Usage": 9,
                                      "Plans": [
                                        {
                                          "Node Type": "Seq Scan",
                                          "Parent Relationship": "Outer",
                                          "Parallel Aware": false,
                                          "Relation Name": "role_type",
                                          "Alias": "rt",
                                          "Startup Cost": 0.0,
                                          "Total Cost": 1.15,
                                          "Plan Rows": 1,
                                          "Plan Width": 4,
                                          "Actual Startup Time": 0.064,
                                          "Actual Total Time": 0.069,
                                          "Actual Rows": 1,
                                          "Actual Loops": 4,
                                          "Filter": "((role)::text = 'actress'::text)",
                                          "Rows Removed by Filter": 11
                                        }
                                      ]
                                    }
                                  ]
                                },
                                {
                                  "Node Type": "Index Scan",
                                  "Parent Relationship": "Inner",
                                  "Parallel Aware": false,
                                  "Scan Direction": "Forward",
                                  "Index Name": "movie_id_movie_companies",
                                  "Relation Name": "movie_companies",
                                  "Alias": "mc",
                                  "Startup Cost": 0.43,
                                  "Total Cost": 0.55,
                                  "Plan Rows": 5,
                                  "Plan Width": 8,
                                  "Actual Startup Time": 0.004,
                                  "Actual Total Time": 0.005,
                                  "Actual Rows": 2,
                                  "Actual Loops": 7370,
                                  "Index Cond": "(movie_id = ci.movie_id)",
                                  "Rows Removed by Index Recheck": 0
                                }
                              ]
                            },
                            {
                              "Node Type": "Index Scan",
                              "Parent Relationship": "Inner",
                              "Parallel Aware": false,
                              "Scan Direction": "Forward",
                              "Index Name": "company_name_pkey",
                              "Relation Name": "company_name",
                              "Alias": "cn",
                              "Startup Cost": 0.42,
                              "Total Cost": 0.45,
                              "Plan Rows": 1,
                              "Plan Width": 4,
                              "Actual Startup Time": 0.003,
                              "Actual Total Time": 0.003,
                              "Actual Rows": 1,
                              "Actual Loops": 11462,
                              "Index Cond": "(id = mc.company_id)",
                              "Rows Removed by Index Recheck": 0,
                              "Filter": "((country_code)::text = '[us]'::text)",
                              "Rows Removed by Filter": 0
                            }
                          ]
                        },
                        {
                          "Node Type": "Index Scan",
                          "Parent Relationship": "Inner",
                          "Parallel Aware": false,
                          "Scan Direction": "Forward",
                          "Index Name": "char_name_pkey",
                          "Relation Name": "char_name",
                          "Alias": "chn",
                          "Startup Cost": 0.43,
                          "Total Cost": 0.5,
                          "Plan Rows": 1,
                          "Plan Width": 20,
                          "Actual Startup Time": 0.003,
                          "Actual Total Time": 0.003,
                          "Actual Rows": 1,
                          "Actual Loops": 6014,
                          "Index Cond": "(id = ci.person_role_id)",
                          "Rows Removed by Index Recheck": 0
                        }
                      ]
                    },
                    {
                      "Node Type": "Index Scan",
                      "Parent Relationship": "Inner",
                      "Parallel Aware": false,
                      "Scan Direction": "Forward",
                      "Index Name": "title_pkey",
                      "Relation Name": "title",
                      "Alias": "t",
                      "Startup Cost": 0.43,
                      "Total Cost": 0.5,
                      "Plan Rows": 1,
                      "Plan Width": 21,
                      "Actual Startup Time": 0.004,
                      "Actual Total Time": 0.004,
                      "Actual Rows": 1,
                      "Actual Loops": 5482,
                      "Index Cond": "(id = ci.movie_id)",
                      "Rows Removed by Index Recheck": 0
                    }
                  ]
                }
              ]
            }
          ]
        }
      ]
    },
    "Planning Time": 18.773,
    "Triggers": [],
    "Execution Time": 382.374
  }
]