[
    {
        "Bao": {
            "Bao prediction": 491.509,
            "Bao recommended hint": "(no hint)"
        }
    },
    {
        "Plan": {
            "Node Type": "Aggregate",
            "Strategy": "Plain",
            "Partial Mode": "Finalize",
            "Parallel Aware": false,
            "Startup Cost": 334628.33,
            "Total Cost": 334628.34,
            "Plan Rows": 1,
            "Plan Width": 8,
            "Actual Startup Time": 785.537,
            "Actual Total Time": 822.611,
            "Actual Rows": 1,
            "Actual Loops": 1,
            "Output": [
                "count(*)"
            ],
            "Plans": [
                {
                    "Node Type": "Gather",
                    "Parent Relationship": "Outer",
                    "Parallel Aware": false,
                    "Startup Cost": 334627.7,
                    "Total Cost": 334628.31,
                    "Plan Rows": 6,
                    "Plan Width": 8,
                    "Actual Startup Time": 785.403,
                    "Actual Total Time": 822.603,
                    "Actual Rows": 7,
                    "Actual Loops": 1,
                    "Output": [
                        "(PARTIAL count(*))"
                    ],
                    "Workers Planned": 6,
                    "Workers Launched": 6,
                    "Single Copy": false,
                    "Plans": [
                        {
                            "Node Type": "Aggregate",
                            "Strategy": "Plain",
                            "Partial Mode": "Partial",
                            "Parent Relationship": "Outer",
                            "Parallel Aware": false,
                            "Startup Cost": 333627.7,
                            "Total Cost": 333627.71,
                            "Plan Rows": 1,
                            "Plan Width": 8,
                            "Actual Startup Time": 776.151,
                            "Actual Total Time": 776.152,
                            "Actual Rows": 1,
                            "Actual Loops": 7,
                            "Output": [
                                "PARTIAL count(*)"
                            ],
                            "Workers": [
                                {
                                    "Worker Number": 0,
                                    "Actual Startup Time": 773.972,
                                    "Actual Total Time": 773.973,
                                    "Actual Rows": 1,
                                    "Actual Loops": 1
                                },
                                {
                                    "Worker Number": 1,
                                    "Actual Startup Time": 774.446,
                                    "Actual Total Time": 774.447,
                                    "Actual Rows": 1,
                                    "Actual Loops": 1
                                },
                                {
                                    "Worker Number": 2,
                                    "Actual Startup Time": 774.801,
                                    "Actual Total Time": 774.802,
                                    "Actual Rows": 1,
                                    "Actual Loops": 1
                                },
                                {
                                    "Worker Number": 3,
                                    "Actual Startup Time": 774.968,
                                    "Actual Total Time": 774.969,
                                    "Actual Rows": 1,
                                    "Actual Loops": 1
                                },
                                {
                                    "Worker Number": 4,
                                    "Actual Startup Time": 774.938,
                                    "Actual Total Time": 774.939,
                                    "Actual Rows": 1,
                                    "Actual Loops": 1
                                },
                                {
                                    "Worker Number": 5,
                                    "Actual Startup Time": 775.329,
                                    "Actual Total Time": 775.329,
                                    "Actual Rows": 1,
                                    "Actual Loops": 1
                                }
                            ],
                            "Plans": [
                                {
                                    "Node Type": "Seq Scan",
                                    "Parent Relationship": "Outer",
                                    "Parallel Aware": true,
                                    "Relation Name": "cast_info",
                                    "Schema": "public",
                                    "Alias": "ci",
                                    "Startup Cost": 0.0,
                                    "Total Cost": 328213.62,
                                    "Plan Rows": 2165635,
                                    "Plan Width": 0,
                                    "Actual Startup Time": 292.896,
                                    "Actual Total Time": 663.269,
                                    "Actual Rows": 1873916,
                                    "Actual Loops": 7,
                                    "Output": [
                                        "id",
                                        "person_id",
                                        "movie_id",
                                        "person_role_id",
                                        "note",
                                        "nr_order",
                                        "role_id"
                                    ],
                                    "Filter": "(ci.person_id > 2364308)",
                                    "Rows Removed by Filter": 3303847,
                                    "Workers": [
                                        {
                                            "Worker Number": 0,
                                            "Actual Startup Time": 290.725,
                                            "Actual Total Time": 665.689,
                                            "Actual Rows": 1633963,
                                            "Actual Loops": 1
                                        },
                                        {
                                            "Worker Number": 1,
                                            "Actual Startup Time": 291.209,
                                            "Actual Total Time": 664.188,
                                            "Actual Rows": 1650949,
                                            "Actual Loops": 1
                                        },
                                        {
                                            "Worker Number": 2,
                                            "Actual Startup Time": 291.54,
                                            "Actual Total Time": 664.14,
                                            "Actual Rows": 1669723,
                                            "Actual Loops": 1
                                        },
                                        {
                                            "Worker Number": 3,
                                            "Actual Startup Time": 291.69,
                                            "Actual Total Time": 663.411,
                                            "Actual Rows": 1671346,
                                            "Actual Loops": 1
                                        },
                                        {
                                            "Worker Number": 4,
                                            "Actual Startup Time": 291.693,
                                            "Actual Total Time": 664.47,
                                            "Actual Rows": 1669767,
                                            "Actual Loops": 1
                                        },
                                        {
                                            "Worker Number": 5,
                                            "Actual Startup Time": 292.063,
                                            "Actual Total Time": 664.471,
                                            "Actual Rows": 1674937,
                                            "Actual Loops": 1
                                        }
                                    ]
                                }
                            ]
                        }
                    ]
                }
            ]
        },
        "Planning Time": 2169.767,
        "Triggers": [],
        "Execution Time": 822.7
    }
]