[
    {
        "Bao": {
            "Bao prediction": 463.53,
            "Bao recommended hint": "(no hint)"
        }
    },
    {
        "Plan": {
            "Node Type": "Aggregate",
            "Strategy": "Plain",
            "Partial Mode": "Finalize",
            "Parallel Aware": false,
            "Startup Cost": 44709.12,
            "Total Cost": 44709.13,
            "Plan Rows": 1,
            "Plan Width": 8,
            "Actual Startup Time": 186.365,
            "Actual Total Time": 199.995,
            "Actual Rows": 1,
            "Actual Loops": 1,
            "Output": [
                "count(*)"
            ],
            "Plans": [
                {
                    "Node Type": "Gather",
                    "Parent Relationship": "Outer",
                    "Parallel Aware": false,
                    "Startup Cost": 44708.81,
                    "Total Cost": 44709.12,
                    "Plan Rows": 3,
                    "Plan Width": 8,
                    "Actual Startup Time": 186.089,
                    "Actual Total Time": 199.982,
                    "Actual Rows": 4,
                    "Actual Loops": 1,
                    "Output": [
                        "(PARTIAL count(*))"
                    ],
                    "Workers Planned": 3,
                    "Workers Launched": 3,
                    "Single Copy": false,
                    "Plans": [
                        {
                            "Node Type": "Aggregate",
                            "Strategy": "Plain",
                            "Partial Mode": "Partial",
                            "Parent Relationship": "Outer",
                            "Parallel Aware": false,
                            "Startup Cost": 43708.81,
                            "Total Cost": 43708.82,
                            "Plan Rows": 1,
                            "Plan Width": 8,
                            "Actual Startup Time": 177.072,
                            "Actual Total Time": 177.075,
                            "Actual Rows": 1,
                            "Actual Loops": 4,
                            "Output": [
                                "PARTIAL count(*)"
                            ],
                            "Workers": [
                                {
                                    "Worker Number": 0,
                                    "Actual Startup Time": 174.05,
                                    "Actual Total Time": 174.052,
                                    "Actual Rows": 1,
                                    "Actual Loops": 1
                                },
                                {
                                    "Worker Number": 1,
                                    "Actual Startup Time": 174.052,
                                    "Actual Total Time": 174.054,
                                    "Actual Rows": 1,
                                    "Actual Loops": 1
                                },
                                {
                                    "Worker Number": 2,
                                    "Actual Startup Time": 174.821,
                                    "Actual Total Time": 174.823,
                                    "Actual Rows": 1,
                                    "Actual Loops": 1
                                }
                            ],
                            "Plans": [
                                {
                                    "Node Type": "Seq Scan",
                                    "Parent Relationship": "Outer",
                                    "Parallel Aware": true,
                                    "Relation Name": "movie_keyword",
                                    "Schema": "public",
                                    "Alias": "mk",
                                    "Startup Cost": 0.0,
                                    "Total Cost": 42695.65,
                                    "Plan Rows": 405261,
                                    "Plan Width": 0,
                                    "Actual Startup Time": 2.787,
                                    "Actual Total Time": 153.942,
                                    "Actual Rows": 307504,
                                    "Actual Loops": 4,
                                    "Output": [
                                        "id",
                                        "movie_id",
                                        "keyword_id"
                                    ],
                                    "Filter": "(mk.keyword_id > 14743)",
                                    "Rows Removed by Filter": 823479,
                                    "Workers": [
                                        {
                                            "Worker Number": 0,
                                            "Actual Startup Time": 0.144,
                                            "Actual Total Time": 151.698,
                                            "Actual Rows": 288960,
                                            "Actual Loops": 1
                                        },
                                        {
                                            "Worker Number": 1,
                                            "Actual Startup Time": 0.12,
                                            "Actual Total Time": 151.596,
                                            "Actual Rows": 290972,
                                            "Actual Loops": 1
                                        },
                                        {
                                            "Worker Number": 2,
                                            "Actual Startup Time": 0.187,
                                            "Actual Total Time": 152.821,
                                            "Actual Rows": 285237,
                                            "Actual Loops": 1
                                        }
                                    ]
                                }
                            ]
                        }
                    ]
                }
            ]
        },
        "Planning Time": 1659.265,
        "Triggers": [],
        "Execution Time": 200.107
    }
]