[
    {
        "Bao": {
            "Bao prediction": "NaN",
            "Bao recommended hint": "(no hint)"
        }
    },
    {
        "Plan": {
            "Node Type": "Aggregate",
            "Strategy": "Plain",
            "Partial Mode": "Finalize",
            "Parallel Aware": false,
            "Startup Cost": 23360.66,
            "Total Cost": 23360.67,
            "Plan Rows": 1,
            "Plan Width": 8,
            "Actual Startup Time": 34.206,
            "Actual Total Time": 37.876,
            "Actual Rows": 1,
            "Actual Loops": 1,
            "Output": [
                "count(*)"
            ],
            "Plans": [
                {
                    "Node Type": "Gather",
                    "Parent Relationship": "Outer",
                    "Parallel Aware": false,
                    "Startup Cost": 23360.34,
                    "Total Cost": 23360.65,
                    "Plan Rows": 3,
                    "Plan Width": 8,
                    "Actual Startup Time": 34.061,
                    "Actual Total Time": 37.869,
                    "Actual Rows": 4,
                    "Actual Loops": 1,
                    "Output": [
                        "(PARTIAL count(*))"
                    ],
                    "Workers Planned": 3,
                    "Workers Launched": 3,
                    "Single Copy": false,
                    "Plans": [
                        {
                            "Node Type": "Aggregate",
                            "Strategy": "Plain",
                            "Partial Mode": "Partial",
                            "Parent Relationship": "Outer",
                            "Parallel Aware": false,
                            "Startup Cost": 22360.34,
                            "Total Cost": 22360.35,
                            "Plan Rows": 1,
                            "Plan Width": 8,
                            "Actual Startup Time": 25.094,
                            "Actual Total Time": 25.095,
                            "Actual Rows": 1,
                            "Actual Loops": 4,
                            "Output": [
                                "PARTIAL count(*)"
                            ],
                            "Workers": [
                                {
                                    "Worker Number": 0,
                                    "Actual Startup Time": 22.22,
                                    "Actual Total Time": 22.221,
                                    "Actual Rows": 1,
                                    "Actual Loops": 1
                                },
                                {
                                    "Worker Number": 1,
                                    "Actual Startup Time": 22.185,
                                    "Actual Total Time": 22.186,
                                    "Actual Rows": 1,
                                    "Actual Loops": 1
                                },
                                {
                                    "Worker Number": 2,
                                    "Actual Startup Time": 22.713,
                                    "Actual Total Time": 22.715,
                                    "Actual Rows": 1,
                                    "Actual Loops": 1
                                }
                            ],
                            "Plans": [
                                {
                                    "Node Type": "Bitmap Heap Scan",
                                    "Parent Relationship": "Outer",
                                    "Parallel Aware": true,
                                    "Relation Name": "movie_companies",
                                    "Schema": "public",
                                    "Alias": "mc",
                                    "Startup Cost": 2919.25,
                                    "Total Cost": 22251.83,
                                    "Plan Rows": 43406,
                                    "Plan Width": 0,
                                    "Actual Startup Time": 2.395,
                                    "Actual Total Time": 22.439,
                                    "Actual Rows": 34236,
                                    "Actual Loops": 4,
                                    "Recheck Cond": "(mc.company_id > 137801)",
                                    "Rows Removed by Index Recheck": 0,
                                    "Exact Heap Blocks": 2401,
                                    "Lossy Heap Blocks": 0,
                                    "Workers": [
                                        {
                                            "Worker Number": 0,
                                            "Actual Startup Time": 0.204,
                                            "Actual Total Time": 20.095,
                                            "Actual Rows": 15812,
                                            "Actual Loops": 1
                                        },
                                        {
                                            "Worker Number": 1,
                                            "Actual Startup Time": 0.267,
                                            "Actual Total Time": 20.131,
                                            "Actual Rows": 15957,
                                            "Actual Loops": 1
                                        },
                                        {
                                            "Worker Number": 2,
                                            "Actual Startup Time": 0.165,
                                            "Actual Total Time": 20.459,
                                            "Actual Rows": 17382,
                                            "Actual Loops": 1
                                        }
                                    ],
                                    "Plans": [
                                        {
                                            "Node Type": "Bitmap Index Scan",
                                            "Parent Relationship": "Outer",
                                            "Parallel Aware": false,
                                            "Index Name": "company_id_movie_companies",
                                            "Startup Cost": 0.0,
                                            "Total Cost": 2885.61,
                                            "Plan Rows": 134558,
                                            "Plan Width": 0,
                                            "Actual Startup Time": 8.057,
                                            "Actual Total Time": 8.058,
                                            "Actual Rows": 136943,
                                            "Actual Loops": 1,
                                            "Index Cond": "(mc.company_id > 137801)"
                                        }
                                    ]
                                }
                            ]
                        }
                    ]
                }
            ]
        },
        "Planning Time": 207.021,
        "Triggers": [],
        "Execution Time": 37.97
    }
]