[
  {
    "Plan": {
      "Node Type": "Aggregate",
      "Strategy": "Plain",
      "Partial Mode": "Finalize",
      "Parallel Aware": false,
      "Startup Cost": 377176.99,
      "Total Cost": 377177.0,
      "Plan Rows": 1,
      "Plan Width": 8,
      "Actual Startup Time": 1483.509,
      "Actual Total Time": 1552.381,
      "Actual Rows": 1,
      "Actual Loops": 1,
      "Plans": [
        {
          "Node Type": "Gather",
          "Parent Relationship": "Outer",
          "Parallel Aware": false,
          "Startup Cost": 377176.37,
          "Total Cost": 377176.98,
          "Plan Rows": 6,
          "Plan Width": 8,
          "Actual Startup Time": 1481.666,
          "Actual Total Time": 1552.371,
          "Actual Rows": 7,
          "Actual Loops": 1,
          "Workers Planned": 6,
          "Workers Launched": 6,
          "Single Copy": false,
          "Plans": [
            {
              "Node Type": "Aggregate",
              "Strategy": "Plain",
              "Partial Mode": "Partial",
              "Parent Relationship": "Outer",
              "Parallel Aware": false,
              "Startup Cost": 376176.37,
              "Total Cost": 376176.38,
              "Plan Rows": 1,
              "Plan Width": 8,
              "Actual Startup Time": 1471.22,
              "Actual Total Time": 1471.223,
              "Actual Rows": 1,
              "Actual Loops": 7,
              "Plans": [
                {
                  "Node Type": "Hash Join",
                  "Parent Relationship": "Outer",
                  "Parallel Aware": true,
                  "Join Type": "Inner",
                  "Startup Cost": 45053.57,
                  "Total Cost": 373970.36,
                  "Plan Rows": 882401,
                  "Plan Width": 0,
                  "Actual Startup Time": 97.343,
                  "Actual Total Time": 1444.624,
                  "Actual Rows": 595479,
                  "Actual Loops": 7,
                  "Inner Unique": true,
                  "Hash Cond": "(ci.movie_id = t.id)",
                  "Plans": [
                    {
                      "Node Type": "Seq Scan",
                      "Parent Relationship": "Outer",
                      "Parallel Aware": true,
                      "Relation Name": "cast_info",
                      "Alias": "ci",
                      "Startup Cost": 0.0,
                      "Total Cost": 313067.02,
                      "Plan Rows": 6038002,
                      "Plan Width": 4,
                      "Actual Startup Time": 0.018,
                      "Actual Total Time": 520.144,
                      "Actual Rows": 5177763,
                      "Actual Loops": 7
                    },
                    {
                      "Node Type": "Hash",
                      "Parent Relationship": "Inner",
                      "Parallel Aware": true,
                      "Startup Cost": 43898.92,
                      "Total Cost": 43898.92,
                      "Plan Rows": 92372,
                      "Plan Width": 4,
                      "Actual Startup Time": 94.831,
                      "Actual Total Time": 94.832,
                      "Actual Rows": 54490,
                      "Actual Loops": 7,
                      "Hash Buckets": 524288,
                      "Original Hash Buckets": 524288,
                      "Hash Batches": 1,
                      "Original Hash Batches": 1,
                      "Peak Memory Usage": 19168,
                      "Plans": [
                        {
                          "Node Type": "Seq Scan",
                          "Parent Relationship": "Outer",
                          "Parallel Aware": true,
                          "Relation Name": "title",
                          "Alias": "t",
                          "Startup Cost": 0.0,
                          "Total Cost": 43898.92,
                          "Plan Rows": 92372,
                          "Plan Width": 4,
                          "Actual Startup Time": 0.045,
                          "Actual Total Time": 72.029,
                          "Actual Rows": 54490,
                          "Actual Loops": 7,
                          "Filter": "(production_year < 1971)",
                          "Rows Removed by Filter": 306697
                        }
                      ]
                    }
                  ]
                }
              ]
            }
          ]
        }
      ]
    },
    "Planning Time": 0.521,
    "Triggers": [],
    "Execution Time": 1552.462
  }
]