[
  {
    "Plan": {
      "Node Type": "Aggregate",
      "Strategy": "Plain",
      "Partial Mode": "Finalize",
      "Parallel Aware": false,
      "Startup Cost": 80896.54,
      "Total Cost": 80896.55,
      "Plan Rows": 1,
      "Plan Width": 8,
      "Actual Startup Time": 264.601,
      "Actual Total Time": 278.792,
      "Actual Rows": 1,
      "Actual Loops": 1,
      "Plans": [
        {
          "Node Type": "Gather",
          "Parent Relationship": "Outer",
          "Parallel Aware": false,
          "Startup Cost": 80896.22,
          "Total Cost": 80896.53,
          "Plan Rows": 3,
          "Plan Width": 8,
          "Actual Startup Time": 262.334,
          "Actual Total Time": 278.786,
          "Actual Rows": 4,
          "Actual Loops": 1,
          "Workers Planned": 3,
          "Workers Launched": 3,
          "Single Copy": false,
          "Plans": [
            {
              "Node Type": "Aggregate",
              "Strategy": "Plain",
              "Partial Mode": "Partial",
              "Parent Relationship": "Outer",
              "Parallel Aware": false,
              "Startup Cost": 79896.22,
              "Total Cost": 79896.23,
              "Plan Rows": 1,
              "Plan Width": 8,
              "Actual Startup Time": 254.631,
              "Actual Total Time": 254.634,
              "Actual Rows": 1,
              "Actual Loops": 4,
              "Plans": [
                {
                  "Node Type": "Hash Join",
                  "Parent Relationship": "Outer",
                  "Parallel Aware": true,
                  "Join Type": "Inner",
                  "Startup Cost": 54062.62,
                  "Total Cost": 79816.55,
                  "Plan Rows": 31868,
                  "Plan Width": 0,
                  "Actual Startup Time": 191.924,
                  "Actual Total Time": 251.325,
                  "Actual Rows": 63356,
                  "Actual Loops": 4,
                  "Inner Unique": true,
                  "Hash Cond": "(mk.movie_id = t.id)",
                  "Plans": [
                    {
                      "Node Type": "Bitmap Heap Scan",
                      "Parent Relationship": "Outer",
                      "Parallel Aware": true,
                      "Relation Name": "movie_keyword",
                      "Alias": "mk",
                      "Startup Cost": 5653.28,
                      "Total Cost": 31181.6,
                      "Plan Rows": 85946,
                      "Plan Width": 4,
                      "Actual Startup Time": 18.855,
                      "Actual Total Time": 55.965,
                      "Actual Rows": 68006,
                      "Actual Loops": 4,
                      "Recheck Cond": "(keyword_id > 57945)",
                      "Rows Removed by Index Recheck": 0,
                      "Exact Heap Blocks": 7542,
                      "Lossy Heap Blocks": 0,
                      "Plans": [
                        {
                          "Node Type": "Bitmap Index Scan",
                          "Parent Relationship": "Outer",
                          "Parallel Aware": false,
                          "Index Name": "keyword_id_movie_keyword",
                          "Startup Cost": 0.0,
                          "Total Cost": 5586.67,
                          "Plan Rows": 266432,
                          "Plan Width": 0,
                          "Actual Startup Time": 15.689,
                          "Actual Total Time": 15.69,
                          "Actual Rows": 272022,
                          "Actual Loops": 1,
                          "Index Cond": "(keyword_id > 57945)"
                        }
                      ]
                    },
                    {
                      "Node Type": "Hash",
                      "Parent Relationship": "Inner",
                      "Parallel Aware": true,
                      "Startup Cost": 45479.59,
                      "Total Cost": 45479.59,
                      "Plan Rows": 234380,
                      "Plan Width": 4,
                      "Actual Startup Time": 170.045,
                      "Actual Total Time": 170.046,
                      "Actual Rows": 231514,
                      "Actual Loops": 4,
                      "Hash Buckets": 1048576,
                      "Original Hash Buckets": 1048576,
                      "Hash Batches": 1,
                      "Original Hash Batches": 1,
                      "Peak Memory Usage": 44480,
                      "Plans": [
                        {
                          "Node Type": "Seq Scan",
                          "Parent Relationship": "Outer",
                          "Parallel Aware": true,
                          "Relation Name": "title",
                          "Alias": "t",
                          "Startup Cost": 0.0,
                          "Total Cost": 45479.59,
                          "Plan Rows": 234380,
                          "Plan Width": 4,
                          "Actual Startup Time": 0.037,
                          "Actual Total Time": 99.223,
                          "Actual Rows": 231514,
                          "Actual Loops": 4,
                          "Filter": "((kind_id < 7) AND (production_year > 1913))",
                          "Rows Removed by Filter": 400564
                        }
                      ]
                    }
                  ]
                }
              ]
            }
          ]
        }
      ]
    },
    "Planning Time": 0.25,
    "Triggers": [],
    "Execution Time": 278.851
  }
]