[
  {
    "Plan": {
      "Node Type": "Aggregate",
      "Strategy": "Plain",
      "Partial Mode": "Finalize",
      "Parallel Aware": false,
      "Startup Cost": 16167.39,
      "Total Cost": 16167.4,
      "Plan Rows": 1,
      "Plan Width": 8,
      "Actual Startup Time": 20.714,
      "Actual Total Time": 24.081,
      "Actual Rows": 1,
      "Actual Loops": 1,
      "Plans": [
        {
          "Node Type": "Gather",
          "Parent Relationship": "Outer",
          "Parallel Aware": false,
          "Startup Cost": 16167.18,
          "Total Cost": 16167.39,
          "Plan Rows": 2,
          "Plan Width": 8,
          "Actual Startup Time": 20.532,
          "Actual Total Time": 24.071,
          "Actual Rows": 3,
          "Actual Loops": 1,
          "Workers Planned": 2,
          "Workers Launched": 2,
          "Single Copy": false,
          "Plans": [
            {
              "Node Type": "Aggregate",
              "Strategy": "Plain",
              "Partial Mode": "Partial",
              "Parent Relationship": "Outer",
              "Parallel Aware": false,
              "Startup Cost": 15167.18,
              "Total Cost": 15167.19,
              "Plan Rows": 1,
              "Plan Width": 8,
              "Actual Startup Time": 12.226,
              "Actual Total Time": 12.228,
              "Actual Rows": 1,
              "Actual Loops": 3,
              "Plans": [
                {
                  "Node Type": "Nested Loop",
                  "Parent Relationship": "Outer",
                  "Parallel Aware": false,
                  "Join Type": "Inner",
                  "Startup Cost": 80.7,
                  "Total Cost": 15166.28,
                  "Plan Rows": 360,
                  "Plan Width": 0,
                  "Actual Startup Time": 1.024,
                  "Actual Total Time": 12.061,
                  "Actual Rows": 622,
                  "Actual Loops": 3,
                  "Inner Unique": true,
                  "Plans": [
                    {
                      "Node Type": "Bitmap Heap Scan",
                      "Parent Relationship": "Outer",
                      "Parallel Aware": true,
                      "Relation Name": "movie_companies",
                      "Alias": "mc",
                      "Startup Cost": 80.27,
                      "Total Cost": 9217.54,
                      "Plan Rows": 744,
                      "Plan Width": 4,
                      "Actual Startup Time": 0.761,
                      "Actual Total Time": 3.13,
                      "Actual Rows": 811,
                      "Actual Loops": 3,
                      "Recheck Cond": "(company_id = 137)",
                      "Rows Removed by Index Recheck": 0,
                      "Filter": "(company_type_id = 1)",
                      "Rows Removed by Filter": 246,
                      "Exact Heap Blocks": 628,
                      "Lossy Heap Blocks": 0,
                      "Plans": [
                        {
                          "Node Type": "Bitmap Index Scan",
                          "Parent Relationship": "Outer",
                          "Parallel Aware": false,
                          "Index Name": "company_id_movie_companies",
                          "Startup Cost": 0.0,
                          "Total Cost": 79.83,
                          "Plan Rows": 3653,
                          "Plan Width": 0,
                          "Actual Startup Time": 1.792,
                          "Actual Total Time": 1.793,
                          "Actual Rows": 3172,
                          "Actual Loops": 1,
                          "Index Cond": "(company_id = 137)"
                        }
                      ]
                    },
                    {
                      "Node Type": "Index Scan",
                      "Parent Relationship": "Inner",
                      "Parallel Aware": false,
                      "Scan Direction": "Forward",
                      "Index Name": "title_pkey",
                      "Relation Name": "title",
                      "Alias": "t",
                      "Startup Cost": 0.43,
                      "Total Cost": 8.0,
                      "Plan Rows": 1,
                      "Plan Width": 4,
                      "Actual Startup Time": 0.01,
                      "Actual Total Time": 0.01,
                      "Actual Rows": 1,
                      "Actual Loops": 2434,
                      "Index Cond": "(id = mc.movie_id)",
                      "Rows Removed by Index Recheck": 0,
                      "Filter": "((kind_id > 4) AND (production_year > 1977))",
                      "Rows Removed by Filter": 0
                    }
                  ]
                }
              ]
            }
          ]
        }
      ]
    },
    "Planning Time": 0.511,
    "Triggers": [],
    "Execution Time": 24.15
  }
]