[
  {
    "Plan": {
      "Node Type": "Aggregate",
      "Strategy": "Plain",
      "Partial Mode": "Finalize",
      "Parallel Aware": false,
      "Startup Cost": 15331.32,
      "Total Cost": 15331.33,
      "Plan Rows": 1,
      "Plan Width": 8,
      "Actual Startup Time": 20.873,
      "Actual Total Time": 23.854,
      "Actual Rows": 1,
      "Actual Loops": 1,
      "Plans": [
        {
          "Node Type": "Gather",
          "Parent Relationship": "Outer",
          "Parallel Aware": false,
          "Startup Cost": 15331.11,
          "Total Cost": 15331.32,
          "Plan Rows": 2,
          "Plan Width": 8,
          "Actual Startup Time": 20.694,
          "Actual Total Time": 23.843,
          "Actual Rows": 3,
          "Actual Loops": 1,
          "Workers Planned": 2,
          "Workers Launched": 2,
          "Single Copy": false,
          "Plans": [
            {
              "Node Type": "Aggregate",
              "Strategy": "Plain",
              "Partial Mode": "Partial",
              "Parent Relationship": "Outer",
              "Parallel Aware": false,
              "Startup Cost": 14331.11,
              "Total Cost": 14331.12,
              "Plan Rows": 1,
              "Plan Width": 8,
              "Actual Startup Time": 12.877,
              "Actual Total Time": 12.879,
              "Actual Rows": 1,
              "Actual Loops": 3,
              "Plans": [
                {
                  "Node Type": "Nested Loop",
                  "Parent Relationship": "Outer",
                  "Parallel Aware": false,
                  "Join Type": "Inner",
                  "Startup Cost": 74.72,
                  "Total Cost": 14330.27,
                  "Plan Rows": 335,
                  "Plan Width": 0,
                  "Actual Startup Time": 1.227,
                  "Actual Total Time": 12.698,
                  "Actual Rows": 622,
                  "Actual Loops": 3,
                  "Inner Unique": true,
                  "Plans": [
                    {
                      "Node Type": "Bitmap Heap Scan",
                      "Parent Relationship": "Outer",
                      "Parallel Aware": true,
                      "Relation Name": "movie_companies",
                      "Alias": "mc",
                      "Startup Cost": 74.29,
                      "Total Cost": 8744.07,
                      "Plan Rows": 696,
                      "Plan Width": 4,
                      "Actual Startup Time": 0.971,
                      "Actual Total Time": 3.045,
                      "Actual Rows": 811,
                      "Actual Loops": 3,
                      "Recheck Cond": "(company_id = 137)",
                      "Rows Removed by Index Recheck": 0,
                      "Filter": "(company_type_id = 1)",
                      "Rows Removed by Filter": 246,
                      "Exact Heap Blocks": 652,
                      "Lossy Heap Blocks": 0,
                      "Plans": [
                        {
                          "Node Type": "Bitmap Index Scan",
                          "Parent Relationship": "Outer",
                          "Parallel Aware": false,
                          "Index Name": "company_id_movie_companies",
                          "Startup Cost": 0.0,
                          "Total Cost": 73.87,
                          "Plan Rows": 3392,
                          "Plan Width": 0,
                          "Actual Startup Time": 2.322,
                          "Actual Total Time": 2.322,
                          "Actual Rows": 3172,
                          "Actual Loops": 1,
                          "Index Cond": "(company_id = 137)"
                        }
                      ]
                    },
                    {
                      "Node Type": "Index Scan",
                      "Parent Relationship": "Inner",
                      "Parallel Aware": false,
                      "Scan Direction": "Forward",
                      "Index Name": "title_pkey",
                      "Relation Name": "title",
                      "Alias": "t",
                      "Startup Cost": 0.43,
                      "Total Cost": 8.03,
                      "Plan Rows": 1,
                      "Plan Width": 4,
                      "Actual Startup Time": 0.011,
                      "Actual Total Time": 0.011,
                      "Actual Rows": 1,
                      "Actual Loops": 2434,
                      "Index Cond": "(id = mc.movie_id)",
                      "Rows Removed by Index Recheck": 0,
                      "Filter": "((kind_id > 4) AND (production_year > 1977))",
                      "Rows Removed by Filter": 0
                    }
                  ]
                }
              ]
            }
          ]
        }
      ]
    },
    "Planning Time": 0.755,
    "Triggers": [],
    "Execution Time": 23.953
  }
]