[
  {
    "Plan": {
      "Node Type": "Aggregate",
      "Strategy": "Plain",
      "Partial Mode": "Finalize",
      "Parallel Aware": false,
      "Startup Cost": 46807.69,
      "Total Cost": 46807.7,
      "Plan Rows": 1,
      "Plan Width": 8,
      "Actual Startup Time": 171.629,
      "Actual Total Time": 181.382,
      "Actual Rows": 1,
      "Actual Loops": 1,
      "Plans": [
        {
          "Node Type": "Gather",
          "Parent Relationship": "Outer",
          "Parallel Aware": false,
          "Startup Cost": 46807.38,
          "Total Cost": 46807.69,
          "Plan Rows": 3,
          "Plan Width": 8,
          "Actual Startup Time": 171.517,
          "Actual Total Time": 181.375,
          "Actual Rows": 4,
          "Actual Loops": 1,
          "Workers Planned": 3,
          "Workers Launched": 3,
          "Single Copy": false,
          "Plans": [
            {
              "Node Type": "Aggregate",
              "Strategy": "Plain",
              "Partial Mode": "Partial",
              "Parent Relationship": "Outer",
              "Parallel Aware": false,
              "Startup Cost": 45807.38,
              "Total Cost": 45807.39,
              "Plan Rows": 1,
              "Plan Width": 8,
              "Actual Startup Time": 163.181,
              "Actual Total Time": 163.182,
              "Actual Rows": 1,
              "Actual Loops": 4,
              "Plans": [
                {
                  "Node Type": "Seq Scan",
                  "Parent Relationship": "Outer",
                  "Parallel Aware": true,
                  "Relation Name": "movie_keyword",
                  "Alias": "mk",
                  "Startup Cost": 0.0,
                  "Total Cost": 42695.65,
                  "Plan Rows": 1244689,
                  "Plan Width": 0,
                  "Actual Startup Time": 0.058,
                  "Actual Total Time": 121.021,
                  "Actual Rows": 967287,
                  "Actual Loops": 4,
                  "Filter": "(keyword_id < 28716)",
                  "Rows Removed by Filter": 163696
                }
              ]
            }
          ]
        }
      ]
    },
    "Planning Time": 0.153,
    "Triggers": [],
    "Execution Time": 181.431
  }
]