{
    "Plan": {
        "Node Type": "Aggregate",
        "Strategy": "Plain",
        "Partial Mode": "Finalize",
        "Parallel Aware": false,
        "Startup Cost": 250682.89,
        "Total Cost": 250682.9,
        "Plan Rows": 1,
        "Plan Width": 8,
        "Actual Startup Time": 434.949,
        "Actual Total Time": 462.911,
        "Actual Rows": 1,
        "Actual Loops": 1,
        "Output": [
            "count(*)"
        ],
        "Plans": [
            {
                "Node Type": "Gather",
                "Parent Relationship": "Outer",
                "Parallel Aware": false,
                "Startup Cost": 250682.27,
                "Total Cost": 250682.88,
                "Plan Rows": 6,
                "Plan Width": 8,
                "Actual Startup Time": 434.395,
                "Actual Total Time": 462.902,
                "Actual Rows": 7,
                "Actual Loops": 1,
                "Output": [
                    "(PARTIAL count(*))"
                ],
                "Workers Planned": 6,
                "Workers Launched": 6,
                "Single Copy": false,
                "Plans": [
                    {
                        "Node Type": "Aggregate",
                        "Strategy": "Plain",
                        "Partial Mode": "Partial",
                        "Parent Relationship": "Outer",
                        "Parallel Aware": false,
                        "Startup Cost": 249682.27,
                        "Total Cost": 249682.28,
                        "Plan Rows": 1,
                        "Plan Width": 8,
                        "Actual Startup Time": 423.17,
                        "Actual Total Time": 423.173,
                        "Actual Rows": 1,
                        "Actual Loops": 7,
                        "Output": [
                            "PARTIAL count(*)"
                        ],
                        "Workers": [
                            {
                                "Worker Number": 0,
                                "Actual Startup Time": 420.996,
                                "Actual Total Time": 421.0,
                                "Actual Rows": 1,
                                "Actual Loops": 1
                            },
                            {
                                "Worker Number": 1,
                                "Actual Startup Time": 421.213,
                                "Actual Total Time": 421.216,
                                "Actual Rows": 1,
                                "Actual Loops": 1
                            },
                            {
                                "Worker Number": 2,
                                "Actual Startup Time": 421.156,
                                "Actual Total Time": 421.159,
                                "Actual Rows": 1,
                                "Actual Loops": 1
                            },
                            {
                                "Worker Number": 3,
                                "Actual Startup Time": 421.228,
                                "Actual Total Time": 421.231,
                                "Actual Rows": 1,
                                "Actual Loops": 1
                            },
                            {
                                "Worker Number": 4,
                                "Actual Startup Time": 421.623,
                                "Actual Total Time": 421.626,
                                "Actual Rows": 1,
                                "Actual Loops": 1
                            },
                            {
                                "Worker Number": 5,
                                "Actual Startup Time": 422.518,
                                "Actual Total Time": 422.52,
                                "Actual Rows": 1,
                                "Actual Loops": 1
                            }
                        ],
                        "Plans": [
                            {
                                "Node Type": "Hash Join",
                                "Parent Relationship": "Outer",
                                "Parallel Aware": true,
                                "Join Type": "Inner",
                                "Startup Cost": 45900.49,
                                "Total Cost": 249539.03,
                                "Plan Rows": 57294,
                                "Plan Width": 0,
                                "Actual Startup Time": 71.088,
                                "Actual Total Time": 422.743,
                                "Actual Rows": 7012,
                                "Actual Loops": 7,
                                "Inner Unique": true,
                                "Hash Cond": "(ci.movie_id = t.id)",
                                "Workers": [
                                    {
                                        "Worker Number": 0,
                                        "Actual Startup Time": 68.498,
                                        "Actual Total Time": 420.626,
                                        "Actual Rows": 6141,
                                        "Actual Loops": 1
                                    },
                                    {
                                        "Worker Number": 1,
                                        "Actual Startup Time": 68.857,
                                        "Actual Total Time": 420.786,
                                        "Actual Rows": 7299,
                                        "Actual Loops": 1
                                    },
                                    {
                                        "Worker Number": 2,
                                        "Actual Startup Time": 68.913,
                                        "Actual Total Time": 420.704,
                                        "Actual Rows": 7979,
                                        "Actual Loops": 1
                                    },
                                    {
                                        "Worker Number": 3,
                                        "Actual Startup Time": 69.384,
                                        "Actual Total Time": 420.779,
                                        "Actual Rows": 5064,
                                        "Actual Loops": 1
                                    },
                                    {
                                        "Worker Number": 4,
                                        "Actual Startup Time": 71.016,
                                        "Actual Total Time": 421.246,
                                        "Actual Rows": 6334,
                                        "Actual Loops": 1
                                    },
                                    {
                                        "Worker Number": 5,
                                        "Actual Startup Time": 70.55,
                                        "Actual Total Time": 422.12,
                                        "Actual Rows": 6873,
                                        "Actual Loops": 1
                                    }
                                ],
                                "Plans": [
                                    {
                                        "Node Type": "Index Scan",
                                        "Parent Relationship": "Outer",
                                        "Parallel Aware": true,
                                        "Scan Direction": "Forward",
                                        "Index Name": "role_id_cast_info",
                                        "Relation Name": "cast_info",
                                        "Schema": "public",
                                        "Alias": "ci",
                                        "Startup Cost": 0.56,
                                        "Total Cost": 200814.65,
                                        "Plan Rows": 1075984,
                                        "Plan Width": 4,
                                        "Actual Startup Time": 0.129,
                                        "Actual Total Time": 243.166,
                                        "Actual Rows": 1064568,
                                        "Actual Loops": 7,
                                        "Output": [
                                            "ci.id",
                                            "ci.person_id",
                                            "ci.movie_id",
                                            "ci.person_role_id",
                                            "ci.note",
                                            "ci.nr_order",
                                            "ci.role_id"
                                        ],
                                        "Index Cond": "(ci.role_id = 2)",
                                        "Rows Removed by Index Recheck": 0,
                                        "Filter": "(ci.person_id < 3181158)",
                                        "Rows Removed by Filter": 0,
                                        "Workers": [
                                            {
                                                "Worker Number": 0,
                                                "Actual Startup Time": 0.079,
                                                "Actual Total Time": 245.364,
                                                "Actual Rows": 1097070,
                                                "Actual Loops": 1
                                            },
                                            {
                                                "Worker Number": 1,
                                                "Actual Startup Time": 0.206,
                                                "Actual Total Time": 244.285,
                                                "Actual Rows": 1091610,
                                                "Actual Loops": 1
                                            },
                                            {
                                                "Worker Number": 2,
                                                "Actual Startup Time": 0.166,
                                                "Actual Total Time": 244.613,
                                                "Actual Rows": 1088881,
                                                "Actual Loops": 1
                                            },
                                            {
                                                "Worker Number": 3,
                                                "Actual Startup Time": 0.114,
                                                "Actual Total Time": 244.83,
                                                "Actual Rows": 718770,
                                                "Actual Loops": 1
                                            },
                                            {
                                                "Worker Number": 4,
                                                "Actual Startup Time": 0.071,
                                                "Actual Total Time": 243.869,
                                                "Actual Rows": 1031550,
                                                "Actual Loops": 1
                                            },
                                            {
                                                "Worker Number": 5,
                                                "Actual Startup Time": 0.24,
                                                "Actual Total Time": 244.655,
                                                "Actual Rows": 1085222,
                                                "Actual Loops": 1
                                            }
                                        ]
                                    },
                                    {
                                        "Node Type": "Hash",
                                        "Parent Relationship": "Inner",
                                        "Parallel Aware": true,
                                        "Startup Cost": 45479.21,
                                        "Total Cost": 45479.21,
                                        "Plan Rows": 33657,
                                        "Plan Width": 4,
                                        "Actual Startup Time": 68.43,
                                        "Actual Total Time": 68.431,
                                        "Actual Rows": 4808,
                                        "Actual Loops": 7,
                                        "Output": [
                                            "t.id"
                                        ],
                                        "Hash Buckets": 262144,
                                        "Original Hash Buckets": 262144,
                                        "Hash Batches": 1,
                                        "Original Hash Batches": 1,
                                        "Peak Memory Usage": 3456,
                                        "Workers": [
                                            {
                                                "Worker Number": 0,
                                                "Actual Startup Time": 67.564,
                                                "Actual Total Time": 67.565,
                                                "Actual Rows": 4556,
                                                "Actual Loops": 1
                                            },
                                            {
                                                "Worker Number": 1,
                                                "Actual Startup Time": 67.664,
                                                "Actual Total Time": 67.665,
                                                "Actual Rows": 4659,
                                                "Actual Loops": 1
                                            },
                                            {
                                                "Worker Number": 2,
                                                "Actual Startup Time": 67.667,
                                                "Actual Total Time": 67.668,
                                                "Actual Rows": 4389,
                                                "Actual Loops": 1
                                            },
                                            {
                                                "Worker Number": 3,
                                                "Actual Startup Time": 67.681,
                                                "Actual Total Time": 67.682,
                                                "Actual Rows": 3420,
                                                "Actual Loops": 1
                                            },
                                            {
                                                "Worker Number": 4,
                                                "Actual Startup Time": 68.047,
                                                "Actual Total Time": 68.048,
                                                "Actual Rows": 3874,
                                                "Actual Loops": 1
                                            },
                                            {
                                                "Worker Number": 5,
                                                "Actual Startup Time": 69.001,
                                                "Actual Total Time": 69.001,
                                                "Actual Rows": 4638,
                                                "Actual Loops": 1
                                            }
                                        ],
                                        "Plans": [
                                            {
                                                "Node Type": "Seq Scan",
                                                "Parent Relationship": "Outer",
                                                "Parallel Aware": true,
                                                "Relation Name": "title",
                                                "Schema": "public",
                                                "Alias": "t",
                                                "Startup Cost": 0.0,
                                                "Total Cost": 45479.21,
                                                "Plan Rows": 33657,
                                                "Plan Width": 4,
                                                "Actual Startup Time": 0.095,
                                                "Actual Total Time": 65.191,
                                                "Actual Rows": 4808,
                                                "Actual Loops": 7,
                                                "Output": [
                                                    "t.id"
                                                ],
                                                "Filter": "((t.production_year < 1958) AND (t.kind_id = 7))",
                                                "Rows Removed by Filter": 356380,
                                                "Workers": [
                                                    {
                                                        "Worker Number": 0,
                                                        "Actual Startup Time": 0.106,
                                                        "Actual Total Time": 64.347,
                                                        "Actual Rows": 4556,
                                                        "Actual Loops": 1
                                                    },
                                                    {
                                                        "Worker Number": 1,
                                                        "Actual Startup Time": 0.122,
                                                        "Actual Total Time": 64.547,
                                                        "Actual Rows": 4659,
                                                        "Actual Loops": 1
                                                    },
                                                    {
                                                        "Worker Number": 2,
                                                        "Actual Startup Time": 0.197,
                                                        "Actual Total Time": 64.661,
                                                        "Actual Rows": 4389,
                                                        "Actual Loops": 1
                                                    },
                                                    {
                                                        "Worker Number": 3,
                                                        "Actual Startup Time": 0.051,
                                                        "Actual Total Time": 64.249,
                                                        "Actual Rows": 3420,
                                                        "Actual Loops": 1
                                                    },
                                                    {
                                                        "Worker Number": 4,
                                                        "Actual Startup Time": 0.084,
                                                        "Actual Total Time": 64.613,
                                                        "Actual Rows": 3874,
                                                        "Actual Loops": 1
                                                    },
                                                    {
                                                        "Worker Number": 5,
                                                        "Actual Startup Time": 0.075,
                                                        "Actual Total Time": 65.869,
                                                        "Actual Rows": 4638,
                                                        "Actual Loops": 1
                                                    }
                                                ]
                                            }
                                        ]
                                    }
                                ]
                            }
                        ]
                    }
                ]
            }
        ]
    },
    "Planning Time": 0.813,
    "Triggers": [],
    "Execution Time": 462.998
}