[
  {
    "Plan": {
      "Node Type": "Aggregate",
      "Strategy": "Plain",
      "Partial Mode": "Finalize",
      "Parallel Aware": false,
      "Startup Cost": 32793.79,
      "Total Cost": 32793.8,
      "Plan Rows": 1,
      "Plan Width": 8,
      "Actual Startup Time": 96.163,
      "Actual Total Time": 102.184,
      "Actual Rows": 1,
      "Actual Loops": 1,
      "Plans": [
        {
          "Node Type": "Gather",
          "Parent Relationship": "Outer",
          "Parallel Aware": false,
          "Startup Cost": 32793.47,
          "Total Cost": 32793.78,
          "Plan Rows": 3,
          "Plan Width": 8,
          "Actual Startup Time": 96.041,
          "Actual Total Time": 102.174,
          "Actual Rows": 4,
          "Actual Loops": 1,
          "Workers Planned": 3,
          "Workers Launched": 3,
          "Single Copy": false,
          "Plans": [
            {
              "Node Type": "Aggregate",
              "Strategy": "Plain",
              "Partial Mode": "Partial",
              "Parent Relationship": "Outer",
              "Parallel Aware": false,
              "Startup Cost": 31793.47,
              "Total Cost": 31793.48,
              "Plan Rows": 1,
              "Plan Width": 8,
              "Actual Startup Time": 89.758,
              "Actual Total Time": 89.759,
              "Actual Rows": 1,
              "Actual Loops": 4,
              "Plans": [
                {
                  "Node Type": "Seq Scan",
                  "Parent Relationship": "Outer",
                  "Parallel Aware": true,
                  "Relation Name": "movie_companies",
                  "Alias": "mc",
                  "Startup Cost": 0.0,
                  "Total Cost": 31414.82,
                  "Plan Rows": 151462,
                  "Plan Width": 0,
                  "Actual Startup Time": 45.795,
                  "Actual Total Time": 81.322,
                  "Actual Rows": 198679,
                  "Actual Loops": 4,
                  "Filter": "((company_id > 19196) AND (company_type_id > 1))",
                  "Rows Removed by Filter": 453603
                }
              ]
            }
          ]
        }
      ]
    },
    "Planning Time": 0.224,
    "Triggers": [],
    "Execution Time": 102.249
  }
]