{
  "Plan": {
    "Node Type": "Aggregate",
    "Strategy": "Plain",
    "Partial Mode": "Simple",
    "Parallel Aware": false,
    "Startup Cost": 598916.43,
    "Total Cost": 598916.44,
    "Plan Rows": 1,
    "Plan Width": 64,
    "Actual Startup Time": 4589.466,
    "Actual Total Time": 4592.23,
    "Actual Rows": 1,
    "Actual Loops": 1,
    "Plans": [
      {
        "Node Type": "Merge Join",
        "Parent Relationship": "Outer",
        "Parallel Aware": false,
        "Join Type": "Inner",
        "Startup Cost": 598916.32,
        "Total Cost": 598916.38,
        "Plan Rows": 9,
        "Plan Width": 60,
        "Actual Startup Time": 4589.439,
        "Actual Total Time": 4592.214,
        "Actual Rows": 37,
        "Actual Loops": 1,
        "Inner Unique": true,
        "Merge Cond": "(mc.company_id = cn.id)",
        "Plans": [
          {
            "Node Type": "Sort",
            "Parent Relationship": "Outer",
            "Parallel Aware": false,
            "Startup Cost": 592847.71,
            "Total Cost": 592847.73,
            "Plan Rows": 9,
            "Plan Width": 64,
            "Actual Startup Time": 4543.194,
            "Actual Total Time": 4543.367,
            "Actual Rows": 38,
            "Actual Loops": 1,
            "Sort Key": [
              "mc.company_id"
            ],
            "Sort Method": "quicksort",
            "Sort Space Used": 53,
            "Sort Space Type": "Memory",
            "Plans": [
              {
                "Node Type": "Merge Join",
                "Parent Relationship": "Outer",
                "Parallel Aware": false,
                "Join Type": "Inner",
                "Startup Cost": 592847.41,
                "Total Cost": 592847.56,
                "Plan Rows": 9,
                "Plan Width": 64,
                "Actual Startup Time": 4543.034,
                "Actual Total Time": 4543.252,
                "Actual Rows": 317,
                "Actual Loops": 1,
                "Inner Unique": true,
                "Merge Cond": "(mc.company_type_id = ct.id)",
                "Plans": [
                  {
                    "Node Type": "Sort",
                    "Parent Relationship": "Outer",
                    "Parallel Aware": false,
                    "Startup Cost": 592846.33,
                    "Total Cost": 592846.35,
                    "Plan Rows": 9,
                    "Plan Width": 68,
                    "Actual Startup Time": 4543.007,
                    "Actual Total Time": 4543.185,
                    "Actual Rows": 317,
                    "Actual Loops": 1,
                    "Sort Key": [
                      "mc.company_type_id"
                    ],
                    "Sort Method": "quicksort",
                    "Sort Space Used": 58,
                    "Sort Space Type": "Memory",
                    "Plans": [
                      {
                        "Node Type": "Merge Join",
                        "Parent Relationship": "Outer",
                        "Parallel Aware": false,
                        "Join Type": "Inner",
                        "Startup Cost": 592754.2,
                        "Total Cost": 592846.19,
                        "Plan Rows": 9,
                        "Plan Width": 68,
                        "Actual Startup Time": 4537.695,
                        "Actual Total Time": 4543.088,
                        "Actual Rows": 317,
                        "Actual Loops": 1,
                        "Inner Unique": false,
                        "Merge Cond": "(mc.movie_id = t.id)",
                        "Plans": [
                          {
                            "Node Type": "Sort",
                            "Parent Relationship": "Outer",
                            "Parallel Aware": false,
                            "Startup Cost": 35552.34,
                            "Total Cost": 35598.26,
                            "Plan Rows": 18367,
                            "Plan Width": 12,
                            "Actual Startup Time": 184.257,
                            "Actual Total Time": 186.554,
                            "Actual Rows": 61461,
                            "Actual Loops": 1,
                            "Sort Key": [
                              "mc.movie_id"
                            ],
                            "Sort Method": "quicksort",
                            "Sort Space Used": 4427,
                            "Sort Space Type": "Memory",
                            "Plans": [
                              {
                                "Node Type": "Gather",
                                "Parent Relationship": "Outer",
                                "Parallel Aware": false,
                                "Startup Cost": 1000.0,
                                "Total Cost": 34251.52,
                                "Plan Rows": 18367,
                                "Plan Width": 12,
                                "Actual Startup Time": 0.688,
                                "Actual Total Time": 171.126,
                                "Actual Rows": 61664,
                                "Actual Loops": 1,
                                "Workers Planned": 3,
                                "Workers Launched": 3,
                                "Single Copy": false,
                                "Plans": [
                                  {
                                    "Node Type": "Seq Scan",
                                    "Parent Relationship": "Outer",
                                    "Parallel Aware": true,
                                    "Relation Name": "movie_companies",
                                    "Alias": "mc",
                                    "Startup Cost": 0.0,
                                    "Total Cost": 31414.82,
                                    "Plan Rows": 5925,
                                    "Plan Width": 12,
                                    "Actual Startup Time": 0.221,
                                    "Actual Total Time": 162.604,
                                    "Actual Rows": 15416,
                                    "Actual Loops": 4,
                                    "Filter": "((note ~~ '%(200%)%'::text) AND (note ~~ '%(worldwide)%'::text))",
                                    "Rows Removed by Filter": 636866
                                  }
                                ]
                              }
                            ]
                          },
                          {
                            "Node Type": "Sort",
                            "Parent Relationship": "Inner",
                            "Parallel Aware": false,
                            "Startup Cost": 557201.86,
                            "Total Cost": 557201.93,
                            "Plan Rows": 28,
                            "Plan Width": 76,
                            "Actual Startup Time": 4353.344,
                            "Actual Total Time": 4353.49,
                            "Actual Rows": 917,
                            "Actual Loops": 1,
                            "Sort Key": [
                              "at.movie_id"
                            ],
                            "Sort Method": "quicksort",
                            "Sort Space Used": 118,
                            "Sort Space Type": "Memory",
                            "Plans": [
                              {
                                "Node Type": "Merge Join",
                                "Parent Relationship": "Outer",
                                "Parallel Aware": false,
                                "Join Type": "Inner",
                                "Startup Cost": 556531.79,
                                "Total Cost": 557201.18,
                                "Plan Rows": 28,
                                "Plan Width": 76,
                                "Actual Startup Time": 4331.825,
                                "Actual Total Time": 4353.165,
                                "Actual Rows": 831,
                                "Actual Loops": 1,
                                "Inner Unique": true,
                                "Merge Cond": "(mk.keyword_id = k.id)",
                                "Plans": [
                                  {
                                    "Node Type": "Sort",
                                    "Parent Relationship": "Outer",
                                    "Parallel Aware": false,
                                    "Startup Cost": 542814.03,
                                    "Total Cost": 542814.1,
                                    "Plan Rows": 28,
                                    "Plan Width": 80,
                                    "Actual Startup Time": 4277.049,
                                    "Actual Total Time": 4277.269,
                                    "Actual Rows": 831,
                                    "Actual Loops": 1,
                                    "Sort Key": [
                                      "mk.keyword_id"
                                    ],
                                    "Sort Method": "quicksort",
                                    "Sort Space Used": 134,
                                    "Sort Space Type": "Memory",
                                    "Plans": [
                                      {
                                        "Node Type": "Merge Join",
                                        "Parent Relationship": "Outer",
                                        "Parallel Aware": false,
                                        "Join Type": "Inner",
                                        "Startup Cost": 354355.45,
                                        "Total Cost": 542813.36,
                                        "Plan Rows": 28,
                                        "Plan Width": 80,
                                        "Actual Startup Time": 3238.418,
                                        "Actual Total Time": 4276.709,
                                        "Actual Rows": 831,
                                        "Actual Loops": 1,
                                        "Inner Unique": false,
                                        "Merge Cond": "(mk.movie_id = t.id)",
                                        "Plans": [
                                          {
                                            "Node Type": "Index Scan",
                                            "Parent Relationship": "Outer",
                                            "Parallel Aware": false,
                                            "Scan Direction": "Forward",
                                            "Index Name": "movie_id_movie_keyword",
                                            "Relation Name": "movie_keyword",
                                            "Alias": "mk",
                                            "Startup Cost": 0.43,
                                            "Total Cost": 177148.48,
                                            "Plan Rows": 4523930,
                                            "Plan Width": 8,
                                            "Actual Startup Time": 0.026,
                                            "Actual Total Time": 766.469,
                                            "Actual Rows": 4514673,
                                            "Actual Loops": 1
                                          },
                                          {
                                            "Node Type": "Materialize",
                                            "Parent Relationship": "Inner",
                                            "Parallel Aware": false,
                                            "Startup Cost": 354355.02,
                                            "Total Cost": 354355.03,
                                            "Plan Rows": 1,
                                            "Plan Width": 72,
                                            "Actual Startup Time": 3237.09,
                                            "Actual Total Time": 3237.284,
                                            "Actual Rows": 866,
                                            "Actual Loops": 1,
                                            "Plans": [
                                              {
                                                "Node Type": "Sort",
                                                "Parent Relationship": "Outer",
                                                "Parallel Aware": false,
                                                "Startup Cost": 354355.02,
                                                "Total Cost": 354355.02,
                                                "Plan Rows": 1,
                                                "Plan Width": 72,
                                                "Actual Startup Time": 3237.085,
                                                "Actual Total Time": 3237.195,
                                                "Actual Rows": 91,
                                                "Actual Loops": 1,
                                                "Sort Key": [
                                                  "at.movie_id"
                                                ],
                                                "Sort Method": "quicksort",
                                                "Sort Space Used": 35,
                                                "Sort Space Type": "Memory",
                                                "Plans": [
                                                  {
                                                    "Node Type": "Merge Join",
                                                    "Parent Relationship": "Outer",
                                                    "Parallel Aware": false,
                                                    "Join Type": "Inner",
                                                    "Startup Cost": 354354.56,
                                                    "Total Cost": 354355.01,
                                                    "Plan Rows": 1,
                                                    "Plan Width": 72,
                                                    "Actual Startup Time": 3237.041,
                                                    "Actual Total Time": 3237.128,
                                                    "Actual Rows": 91,
                                                    "Actual Loops": 1,
                                                    "Inner Unique": true,
                                                    "Merge Cond": "(mi.info_type_id = it1.id)",
                                                    "Plans": [
                                                      {
                                                        "Node Type": "Sort",
                                                        "Parent Relationship": "Outer",
                                                        "Parallel Aware": false,
                                                        "Startup Cost": 354352.14,
                                                        "Total Cost": 354352.35,
                                                        "Plan Rows": 86,
                                                        "Plan Width": 76,
                                                        "Actual Startup Time": 3236.98,
                                                        "Actual Total Time": 3237.052,
                                                        "Actual Rows": 91,
                                                        "Actual Loops": 1,
                                                        "Sort Key": [
                                                          "mi.info_type_id"
                                                        ],
                                                        "Sort Method": "quicksort",
                                                        "Sort Space Used": 36,
                                                        "Sort Space Type": "Memory",
                                                        "Plans": [
                                                          {
                                                            "Node Type": "Merge Join",
                                                            "Parent Relationship": "Outer",
                                                            "Parallel Aware": false,
                                                            "Join Type": "Inner",
                                                            "Startup Cost": 207647.78,
                                                            "Total Cost": 354349.38,
                                                            "Plan Rows": 86,
                                                            "Plan Width": 76,
                                                            "Actual Startup Time": 1057.035,
                                                            "Actual Total Time": 3236.895,
                                                            "Actual Rows": 91,
                                                            "Actual Loops": 1,
                                                            "Inner Unique": true,
                                                            "Merge Cond": "(at.movie_id = t.id)",
                                                            "Plans": [
                                                              {
                                                                "Node Type": "Merge Join",
                                                                "Parent Relationship": "Outer",
                                                                "Parallel Aware": false,
                                                                "Join Type": "Inner",
                                                                "Startup Cost": 207647.35,
                                                                "Total Cost": 229685.14,
                                                                "Plan Rows": 301,
                                                                "Plan Width": 55,
                                                                "Actual Startup Time": 1017.391,
                                                                "Actual Total Time": 1311.914,
                                                                "Actual Rows": 116,
                                                                "Actual Loops": 1,
                                                                "Inner Unique": false,
                                                                "Merge Cond": "(at.movie_id = mi.movie_id)",
                                                                "Plans": [
                                                                  {
                                                                    "Node Type": "Index Only Scan",
                                                                    "Parent Relationship": "Outer",
                                                                    "Parallel Aware": false,
                                                                    "Scan Direction": "Forward",
                                                                    "Index Name": "movie_id_aka_title",
                                                                    "Relation Name": "aka_title",
                                                                    "Alias": "at",
                                                                    "Startup Cost": 0.42,
                                                                    "Total Cost": 21135.93,
                                                                    "Plan Rows": 361472,
                                                                    "Plan Width": 4,
                                                                    "Actual Startup Time": 0.04,
                                                                    "Actual Total Time": 278.488,
                                                                    "Actual Rows": 359935,
                                                                    "Actual Loops": 1,
                                                                    "Heap Fetches": 359935
                                                                  },
                                                                  {
                                                                    "Node Type": "Sort",
                                                                    "Parent Relationship": "Inner",
                                                                    "Parallel Aware": false,
                                                                    "Startup Cost": 207641.01,
                                                                    "Total Cost": 207641.76,
                                                                    "Plan Rows": 301,
                                                                    "Plan Width": 51,
                                                                    "Actual Startup Time": 1014.806,
                                                                    "Actual Total Time": 1015.3,
                                                                    "Actual Rows": 1806,
                                                                    "Actual Loops": 1,
                                                                    "Sort Key": [
                                                                      "mi.movie_id"
                                                                    ],
                                                                    "Sort Method": "quicksort",
                                                                    "Sort Space Used": 187,
                                                                    "Sort Space Type": "Memory",
                                                                    "Plans": [
                                                                      {
                                                                        "Node Type": "Gather",
                                                                        "Parent Relationship": "Outer",
                                                                        "Parallel Aware": false,
                                                                        "Startup Cost": 1000.0,
                                                                        "Total Cost": 207628.62,
                                                                        "Plan Rows": 301,
                                                                        "Plan Width": 51,
                                                                        "Actual Startup Time": 227.766,
                                                                        "Actual Total Time": 1014.162,
                                                                        "Actual Rows": 1771,
                                                                        "Actual Loops": 1,
                                                                        "Workers Planned": 5,
                                                                        "Workers Launched": 4,
                                                                        "Single Copy": false,
                                                                        "Plans": [
                                                                          {
                                                                            "Node Type": "Seq Scan",
                                                                            "Parent Relationship": "Outer",
                                                                            "Parallel Aware": true,
                                                                            "Relation Name": "movie_info",
                                                                            "Alias": "mi",
                                                                            "Startup Cost": 0.0,
                                                                            "Total Cost": 206598.52,
                                                                            "Plan Rows": 60,
                                                                            "Plan Width": 51,
                                                                            "Actual Startup Time": 219.131,
                                                                            "Actual Total Time": 1004.935,
                                                                            "Actual Rows": 354,
                                                                            "Actual Loops": 5,
                                                                            "Filter": "((note ~~ '%internet%'::text) AND (info ~~ 'USA:% 200%'::text))",
                                                                            "Rows Removed by Filter": 2966790
                                                                          }
                                                                        ]
                                                                      }
                                                                    ]
                                                                  }
                                                                ]
                                                              },
                                                              {
                                                                "Node Type": "Index Scan",
                                                                "Parent Relationship": "Inner",
                                                                "Parallel Aware": false,
                                                                "Scan Direction": "Forward",
                                                                "Index Name": "title_pkey",
                                                                "Relation Name": "title",
                                                                "Alias": "t",
                                                                "Startup Cost": 0.43,
                                                                "Total Cost": 123001.61,
                                                                "Plan Rows": 720077,
                                                                "Plan Width": 21,
                                                                "Actual Startup Time": 0.04,
                                                                "Actual Total Time": 1888.285,
                                                                "Actual Rows": 715505,
                                                                "Actual Loops": 1,
                                                                "Filter": "((production_year >= 2005) AND (production_year <= 2010))",
                                                                "Rows Removed by Filter": 1806968
                                                              }
                                                            ]
                                                          }
                                                        ]
                                                      },
                                                      {
                                                        "Node Type": "Sort",
                                                        "Parent Relationship": "Inner",
                                                        "Parallel Aware": false,
                                                        "Startup Cost": 2.42,
                                                        "Total Cost": 2.43,
                                                        "Plan Rows": 1,
                                                        "Plan Width": 4,
                                                        "Actual Startup Time": 0.057,
                                                        "Actual Total Time": 0.058,
                                                        "Actual Rows": 1,
                                                        "Actual Loops": 1,
                                                        "Sort Key": [
                                                          "it1.id"
                                                        ],
                                                        "Sort Method": "quicksort",
                                                        "Sort Space Used": 25,
                                                        "Sort Space Type": "Memory",
                                                        "Plans": [
                                                          {
                                                            "Node Type": "Seq Scan",
                                                            "Parent Relationship": "Outer",
                                                            "Parallel Aware": false,
                                                            "Relation Name": "info_type",
                                                            "Alias": "it1",
                                                            "Startup Cost": 0.0,
                                                            "Total Cost": 2.41,
                                                            "Plan Rows": 1,
                                                            "Plan Width": 4,
                                                            "Actual Startup Time": 0.02,
                                                            "Actual Total Time": 0.025,
                                                            "Actual Rows": 1,
                                                            "Actual Loops": 1,
                                                            "Filter": "((info)::text = 'release dates'::text)",
                                                            "Rows Removed by Filter": 112
                                                          }
                                                        ]
                                                      }
                                                    ]
                                                  }
                                                ]
                                              }
                                            ]
                                          }
                                        ]
                                      }
                                    ]
                                  },
                                  {
                                    "Node Type": "Sort",
                                    "Parent Relationship": "Inner",
                                    "Parallel Aware": false,
                                    "Startup Cost": 13717.76,
                                    "Total Cost": 14053.18,
                                    "Plan Rows": 134170,
                                    "Plan Width": 4,
                                    "Actual Startup Time": 54.768,
                                    "Actual Total Time": 67.34,
                                    "Actual Rows": 133880,
                                    "Actual Loops": 1,
                                    "Sort Key": [
                                      "k.id"
                                    ],
                                    "Sort Method": "quicksort",
                                    "Sort Space Used": 12434,
                                    "Sort Space Type": "Memory",
                                    "Plans": [
                                      {
                                        "Node Type": "Seq Scan",
                                        "Parent Relationship": "Outer",
                                        "Parallel Aware": false,
                                        "Relation Name": "keyword",
                                        "Alias": "k",
                                        "Startup Cost": 0.0,
                                        "Total Cost": 2290.7,
                                        "Plan Rows": 134170,
                                        "Plan Width": 4,
                                        "Actual Startup Time": 0.036,
                                        "Actual Total Time": 23.726,
                                        "Actual Rows": 134170,
                                        "Actual Loops": 1
                                      }
                                    ]
                                  }
                                ]
                              }
                            ]
                          }
                        ]
                      }
                    ]
                  },
                  {
                    "Node Type": "Sort",
                    "Parent Relationship": "Inner",
                    "Parallel Aware": false,
                    "Startup Cost": 1.08,
                    "Total Cost": 1.09,
                    "Plan Rows": 4,
                    "Plan Width": 4,
                    "Actual Startup Time": 0.023,
                    "Actual Total Time": 0.024,
                    "Actual Rows": 1,
                    "Actual Loops": 1,
                    "Sort Key": [
                      "ct.id"
                    ],
                    "Sort Method": "quicksort",
                    "Sort Space Used": 25,
                    "Sort Space Type": "Memory",
                    "Plans": [
                      {
                        "Node Type": "Seq Scan",
                        "Parent Relationship": "Outer",
                        "Parallel Aware": false,
                        "Relation Name": "company_type",
                        "Alias": "ct",
                        "Startup Cost": 0.0,
                        "Total Cost": 1.04,
                        "Plan Rows": 4,
                        "Plan Width": 4,
                        "Actual Startup Time": 0.012,
                        "Actual Total Time": 0.013,
                        "Actual Rows": 4,
                        "Actual Loops": 1
                      }
                    ]
                  }
                ]
              }
            ]
          },
          {
            "Node Type": "Sort",
            "Parent Relationship": "Inner",
            "Parallel Aware": false,
            "Startup Cost": 6068.61,
            "Total Cost": 6068.62,
            "Plan Rows": 1,
            "Plan Width": 4,
            "Actual Startup Time": 46.24,
            "Actual Total Time": 48.835,
            "Actual Rows": 1,
            "Actual Loops": 1,
            "Sort Key": [
              "cn.id"
            ],
            "Sort Method": "quicksort",
            "Sort Space Used": 25,
            "Sort Space Type": "Memory",
            "Plans": [
              {
                "Node Type": "Gather",
                "Parent Relationship": "Outer",
                "Parallel Aware": false,
                "Startup Cost": 1000.0,
                "Total Cost": 6068.6,
                "Plan Rows": 1,
                "Plan Width": 4,
                "Actual Startup Time": 9.559,
                "Actual Total Time": 48.824,
                "Actual Rows": 1,
                "Actual Loops": 1,
                "Workers Planned": 1,
                "Workers Launched": 1,
                "Single Copy": false,
                "Plans": [
                  {
                    "Node Type": "Seq Scan",
                    "Parent Relationship": "Outer",
                    "Parallel Aware": true,
                    "Relation Name": "company_name",
                    "Alias": "cn",
                    "Startup Cost": 0.0,
                    "Total Cost": 5068.5,
                    "Plan Rows": 1,
                    "Plan Width": 4,
                    "Actual Startup Time": 22.455,
                    "Actual Total Time": 40.733,
                    "Actual Rows": 0,
                    "Actual Loops": 2,
                    "Filter": "(((country_code)::text = '[us]'::text) AND (name = 'YouTube'::text))",
                    "Rows Removed by Filter": 117498
                  }
                ]
              }
            ]
          }
        ]
      }
    ]
  },
  "Planning Time": 25.261,
  "Triggers": [],
  "Execution Time": 4593.741
}