[
  {
    "Plan": {
      "Node Type": "Aggregate",
      "Strategy": "Plain",
      "Partial Mode": "Finalize",
      "Parallel Aware": false,
      "Startup Cost": 346026.83,
      "Total Cost": 346026.84,
      "Plan Rows": 1,
      "Plan Width": 8,
      "Actual Startup Time": 678.639,
      "Actual Total Time": 740.241,
      "Actual Rows": 1,
      "Actual Loops": 1,
      "Plans": [
        {
          "Node Type": "Gather",
          "Parent Relationship": "Outer",
          "Parallel Aware": false,
          "Startup Cost": 346026.2,
          "Total Cost": 346026.81,
          "Plan Rows": 6,
          "Plan Width": 8,
          "Actual Startup Time": 678.335,
          "Actual Total Time": 740.227,
          "Actual Rows": 7,
          "Actual Loops": 1,
          "Workers Planned": 6,
          "Workers Launched": 6,
          "Single Copy": false,
          "Plans": [
            {
              "Node Type": "Aggregate",
              "Strategy": "Plain",
              "Partial Mode": "Partial",
              "Parent Relationship": "Outer",
              "Parallel Aware": false,
              "Startup Cost": 345026.2,
              "Total Cost": 345026.21,
              "Plan Rows": 1,
              "Plan Width": 8,
              "Actual Startup Time": 672.312,
              "Actual Total Time": 672.315,
              "Actual Rows": 1,
              "Actual Loops": 7,
              "Plans": [
                {
                  "Node Type": "Seq Scan",
                  "Parent Relationship": "Outer",
                  "Parallel Aware": true,
                  "Relation Name": "cast_info",
                  "Alias": "ci",
                  "Startup Cost": 0.0,
                  "Total Cost": 343316.27,
                  "Plan Rows": 683972,
                  "Plan Width": 0,
                  "Actual Startup Time": 0.031,
                  "Actual Total Time": 641.85,
                  "Actual Rows": 612515,
                  "Actual Loops": 7,
                  "Filter": "((person_id < 414725) AND (role_id < 11))",
                  "Rows Removed by Filter": 4565248
                }
              ]
            }
          ]
        }
      ]
    },
    "Planning Time": 0.103,
    "Triggers": [],
    "Execution Time": 740.285
  }
]