[
  {
    "Plan": {
      "Node Type": "Aggregate",
      "Strategy": "Plain",
      "Partial Mode": "Finalize",
      "Parallel Aware": false,
      "Startup Cost": 46610.93,
      "Total Cost": 46610.94,
      "Plan Rows": 1,
      "Plan Width": 8,
      "Actual Startup Time": 90.437,
      "Actual Total Time": 100.882,
      "Actual Rows": 1,
      "Actual Loops": 1,
      "Plans": [
        {
          "Node Type": "Gather",
          "Parent Relationship": "Outer",
          "Parallel Aware": false,
          "Startup Cost": 46610.51,
          "Total Cost": 46610.92,
          "Plan Rows": 4,
          "Plan Width": 8,
          "Actual Startup Time": 90.12,
          "Actual Total Time": 100.868,
          "Actual Rows": 5,
          "Actual Loops": 1,
          "Workers Planned": 4,
          "Workers Launched": 4,
          "Single Copy": false,
          "Plans": [
            {
              "Node Type": "Aggregate",
              "Strategy": "Plain",
              "Partial Mode": "Partial",
              "Parent Relationship": "Outer",
              "Parallel Aware": false,
              "Startup Cost": 45610.51,
              "Total Cost": 45610.52,
              "Plan Rows": 1,
              "Plan Width": 8,
              "Actual Startup Time": 83.662,
              "Actual Total Time": 83.664,
              "Actual Rows": 1,
              "Actual Loops": 5,
              "Plans": [
                {
                  "Node Type": "Seq Scan",
                  "Parent Relationship": "Outer",
                  "Parallel Aware": true,
                  "Relation Name": "title",
                  "Alias": "t",
                  "Startup Cost": 0.0,
                  "Total Cost": 45479.59,
                  "Plan Rows": 52369,
                  "Plan Width": 0,
                  "Actual Startup Time": 0.088,
                  "Actual Total Time": 80.599,
                  "Actual Rows": 65491,
                  "Actual Loops": 5,
                  "Filter": "((kind_id < 7) AND (production_year < 1983))",
                  "Rows Removed by Filter": 440172
                }
              ]
            }
          ]
        }
      ]
    },
    "Planning Time": 0.088,
    "Triggers": [],
    "Execution Time": 100.914
  }
]