[
  {
    "Plan": {
      "Node Type": "Aggregate",
      "Strategy": "Plain",
      "Partial Mode": "Finalize",
      "Parallel Aware": false,
      "Startup Cost": 46922.33,
      "Total Cost": 46922.34,
      "Plan Rows": 1,
      "Plan Width": 8,
      "Actual Startup Time": 176.286,
      "Actual Total Time": 186.605,
      "Actual Rows": 1,
      "Actual Loops": 1,
      "Plans": [
        {
          "Node Type": "Gather",
          "Parent Relationship": "Outer",
          "Parallel Aware": false,
          "Startup Cost": 46922.01,
          "Total Cost": 46922.32,
          "Plan Rows": 3,
          "Plan Width": 8,
          "Actual Startup Time": 176.145,
          "Actual Total Time": 186.596,
          "Actual Rows": 4,
          "Actual Loops": 1,
          "Workers Planned": 3,
          "Workers Launched": 3,
          "Single Copy": false,
          "Plans": [
            {
              "Node Type": "Aggregate",
              "Strategy": "Plain",
              "Partial Mode": "Partial",
              "Parent Relationship": "Outer",
              "Parallel Aware": false,
              "Startup Cost": 45922.01,
              "Total Cost": 45922.02,
              "Plan Rows": 1,
              "Plan Width": 8,
              "Actual Startup Time": 172.13,
              "Actual Total Time": 172.131,
              "Actual Rows": 1,
              "Actual Loops": 4,
              "Plans": [
                {
                  "Node Type": "Seq Scan",
                  "Parent Relationship": "Outer",
                  "Parallel Aware": true,
                  "Relation Name": "movie_keyword",
                  "Alias": "mk",
                  "Startup Cost": 0.0,
                  "Total Cost": 42695.65,
                  "Plan Rows": 1290542,
                  "Plan Width": 0,
                  "Actual Startup Time": 0.036,
                  "Actual Total Time": 125.339,
                  "Actual Rows": 1000958,
                  "Actual Loops": 4,
                  "Filter": "(keyword_id < 34794)",
                  "Rows Removed by Filter": 130025
                }
              ]
            }
          ]
        }
      ]
    },
    "Planning Time": 0.13,
    "Triggers": [],
    "Execution Time": 186.646
  }
]