[
  {
    "Plan": {
      "Node Type": "Aggregate",
      "Strategy": "Plain",
      "Partial Mode": "Finalize",
      "Parallel Aware": false,
      "Startup Cost": 230922.04,
      "Total Cost": 230922.05,
      "Plan Rows": 1,
      "Plan Width": 8,
      "Actual Startup Time": 3615.887,
      "Actual Total Time": 3705.448,
      "Actual Rows": 1,
      "Actual Loops": 1,
      "Plans": [
        {
          "Node Type": "Gather",
          "Parent Relationship": "Outer",
          "Parallel Aware": false,
          "Startup Cost": 230921.62,
          "Total Cost": 230922.03,
          "Plan Rows": 4,
          "Plan Width": 8,
          "Actual Startup Time": 3612.03,
          "Actual Total Time": 3705.438,
          "Actual Rows": 5,
          "Actual Loops": 1,
          "Workers Planned": 4,
          "Workers Launched": 4,
          "Single Copy": false,
          "Plans": [
            {
              "Node Type": "Aggregate",
              "Strategy": "Plain",
              "Partial Mode": "Partial",
              "Parent Relationship": "Outer",
              "Parallel Aware": false,
              "Startup Cost": 229921.62,
              "Total Cost": 229921.63,
              "Plan Rows": 1,
              "Plan Width": 8,
              "Actual Startup Time": 3602.072,
              "Actual Total Time": 3602.169,
              "Actual Rows": 1,
              "Actual Loops": 5,
              "Plans": [
                {
                  "Node Type": "Nested Loop",
                  "Parent Relationship": "Outer",
                  "Parallel Aware": false,
                  "Join Type": "Inner",
                  "Startup Cost": 32722.87,
                  "Total Cost": 227673.52,
                  "Plan Rows": 899240,
                  "Plan Width": 0,
                  "Actual Startup Time": 131.995,
                  "Actual Total Time": 3476.129,
                  "Actual Rows": 2712587,
                  "Actual Loops": 5,
                  "Inner Unique": false,
                  "Plans": [
                    {
                      "Node Type": "Hash Join",
                      "Parent Relationship": "Outer",
                      "Parallel Aware": true,
                      "Join Type": "Inner",
                      "Startup Cost": 32722.31,
                      "Total Cost": 79270.28,
                      "Plan Rows": 62756,
                      "Plan Width": 8,
                      "Actual Startup Time": 131.879,
                      "Actual Total Time": 403.05,
                      "Actual Rows": 91003,
                      "Actual Loops": 5,
                      "Inner Unique": false,
                      "Hash Cond": "(t.id = mc.movie_id)",
                      "Plans": [
                        {
                          "Node Type": "Seq Scan",
                          "Parent Relationship": "Outer",
                          "Parallel Aware": true,
                          "Relation Name": "title",
                          "Alias": "t",
                          "Startup Cost": 0.0,
                          "Total Cost": 43898.92,
                          "Plan Rows": 489324,
                          "Plan Width": 4,
                          "Actual Startup Time": 0.014,
                          "Actual Total Time": 88.391,
                          "Actual Rows": 389453,
                          "Actual Loops": 5,
                          "Filter": "(production_year > 1979)",
                          "Rows Removed by Filter": 116210
                        },
                        {
                          "Node Type": "Hash",
                          "Parent Relationship": "Inner",
                          "Parallel Aware": true,
                          "Startup Cost": 31414.82,
                          "Total Cost": 31414.82,
                          "Plan Rows": 104599,
                          "Plan Width": 4,
                          "Actual Startup Time": 128.869,
                          "Actual Total Time": 128.87,
                          "Actual Rows": 126443,
                          "Actual Loops": 5,
                          "Hash Buckets": 1048576,
                          "Original Hash Buckets": 524288,
                          "Hash Batches": 1,
                          "Original Hash Batches": 1,
                          "Peak Memory Usage": 37088,
                          "Plans": [
                            {
                              "Node Type": "Seq Scan",
                              "Parent Relationship": "Outer",
                              "Parallel Aware": true,
                              "Relation Name": "movie_companies",
                              "Alias": "mc",
                              "Startup Cost": 0.0,
                              "Total Cost": 31414.82,
                              "Plan Rows": 104599,
                              "Plan Width": 4,
                              "Actual Startup Time": 40.321,
                              "Actual Total Time": 72.834,
                              "Actual Rows": 126443,
                              "Actual Loops": 5,
                              "Filter": "((company_id > 54429) AND (company_type_id > 1))",
                              "Rows Removed by Filter": 395383
                            }
                          ]
                        }
                      ]
                    },
                    {
                      "Node Type": "Index Only Scan",
                      "Parent Relationship": "Inner",
                      "Parallel Aware": false,
                      "Scan Direction": "Forward",
                      "Index Name": "movie_id_cast_info",
                      "Relation Name": "cast_info",
                      "Alias": "ci",
                      "Startup Cost": 0.56,
                      "Total Cost": 1.99,
                      "Plan Rows": 37,
                      "Plan Width": 4,
                      "Actual Startup Time": 0.006,
                      "Actual Total Time": 0.031,
                      "Actual Rows": 30,
                      "Actual Loops": 455013,
                      "Index Cond": "(movie_id = t.id)",
                      "Rows Removed by Index Recheck": 0,
                      "Heap Fetches": 13562934
                    }
                  ]
                }
              ]
            }
          ]
        }
      ]
    },
    "Planning Time": 1.403,
    "Triggers": [],
    "Execution Time": 3705.571
  }
]