[
  {
    "Plan": {
      "Node Type": "Aggregate",
      "Strategy": "Plain",
      "Partial Mode": "Finalize",
      "Parallel Aware": false,
      "Startup Cost": 635811.55,
      "Total Cost": 635811.56,
      "Plan Rows": 1,
      "Plan Width": 8,
      "Actual Startup Time": 3564.553,
      "Actual Total Time": 3646.984,
      "Actual Rows": 1,
      "Actual Loops": 1,
      "Plans": [
        {
          "Node Type": "Gather",
          "Parent Relationship": "Outer",
          "Parallel Aware": false,
          "Startup Cost": 635810.93,
          "Total Cost": 635811.54,
          "Plan Rows": 6,
          "Plan Width": 8,
          "Actual Startup Time": 3550.311,
          "Actual Total Time": 3646.972,
          "Actual Rows": 7,
          "Actual Loops": 1,
          "Workers Planned": 6,
          "Workers Launched": 6,
          "Single Copy": false,
          "Plans": [
            {
              "Node Type": "Aggregate",
              "Strategy": "Plain",
              "Partial Mode": "Partial",
              "Parent Relationship": "Outer",
              "Parallel Aware": false,
              "Startup Cost": 634810.93,
              "Total Cost": 634810.94,
              "Plan Rows": 1,
              "Plan Width": 8,
              "Actual Startup Time": 3526.969,
              "Actual Total Time": 3527.051,
              "Actual Rows": 1,
              "Actual Loops": 7,
              "Plans": [
                {
                  "Node Type": "Hash Join",
                  "Parent Relationship": "Outer",
                  "Parallel Aware": true,
                  "Join Type": "Inner",
                  "Startup Cost": 255363.79,
                  "Total Cost": 617061.91,
                  "Plan Rows": 7099608,
                  "Plan Width": 0,
                  "Actual Startup Time": 984.529,
                  "Actual Total Time": 3332.499,
                  "Actual Rows": 4746186,
                  "Actual Loops": 7,
                  "Inner Unique": false,
                  "Hash Cond": "(ci.movie_id = t.id)",
                  "Plans": [
                    {
                      "Node Type": "Seq Scan",
                      "Parent Relationship": "Outer",
                      "Parallel Aware": true,
                      "Relation Name": "cast_info",
                      "Alias": "ci",
                      "Startup Cost": 0.0,
                      "Total Cost": 328162.03,
                      "Plan Rows": 5156502,
                      "Plan Width": 4,
                      "Actual Startup Time": 52.913,
                      "Actual Total Time": 607.128,
                      "Actual Rows": 4397229,
                      "Actual Loops": 7,
                      "Filter": "(person_id > 527104)",
                      "Rows Removed by Filter": 780535
                    },
                    {
                      "Node Type": "Hash",
                      "Parent Relationship": "Inner",
                      "Parallel Aware": true,
                      "Startup Cost": 246661.24,
                      "Total Cost": 246661.24,
                      "Plan Rows": 696204,
                      "Plan Width": 8,
                      "Actual Startup Time": 924.368,
                      "Actual Total Time": 924.449,
                      "Actual Rows": 314709,
                      "Actual Loops": 7,
                      "Hash Buckets": 4194304,
                      "Original Hash Buckets": 4194304,
                      "Hash Batches": 1,
                      "Original Hash Batches": 1,
                      "Peak Memory Usage": 119040,
                      "Plans": [
                        {
                          "Node Type": "Hash Join",
                          "Parent Relationship": "Outer",
                          "Parallel Aware": true,
                          "Join Type": "Inner",
                          "Startup Cost": 47339.47,
                          "Total Cost": 246661.24,
                          "Plan Rows": 696204,
                          "Plan Width": 8,
                          "Actual Startup Time": 117.559,
                          "Actual Total Time": 779.753,
                          "Actual Rows": 314709,
                          "Actual Loops": 7,
                          "Inner Unique": true,
                          "Hash Cond": "(mi.movie_id = t.id)",
                          "Plans": [
                            {
                              "Node Type": "Seq Scan",
                              "Parent Relationship": "Outer",
                              "Parallel Aware": true,
                              "Relation Name": "movie_info",
                              "Alias": "mi",
                              "Startup Cost": 0.0,
                              "Total Cost": 191560.33,
                              "Plan Rows": 2956733,
                              "Plan Width": 4,
                              "Actual Startup Time": 0.034,
                              "Actual Total Time": 273.944,
                              "Actual Rows": 2119389,
                              "Actual Loops": 7
                            },
                            {
                              "Node Type": "Hash",
                              "Parent Relationship": "Inner",
                              "Parallel Aware": true,
                              "Startup Cost": 45479.1,
                              "Total Cost": 45479.1,
                              "Plan Rows": 148830,
                              "Plan Width": 4,
                              "Actual Startup Time": 116.393,
                              "Actual Total Time": 116.394,
                              "Actual Rows": 67297,
                              "Actual Loops": 7,
                              "Hash Buckets": 1048576,
                              "Original Hash Buckets": 1048576,
                              "Hash Batches": 1,
                              "Original Hash Batches": 1,
                              "Peak Memory Usage": 26720,
                              "Plans": [
                                {
                                  "Node Type": "Seq Scan",
                                  "Parent Relationship": "Outer",
                                  "Parallel Aware": true,
                                  "Relation Name": "title",
                                  "Alias": "t",
                                  "Startup Cost": 0.0,
                                  "Total Cost": 45479.1,
                                  "Plan Rows": 148830,
                                  "Plan Width": 4,
                                  "Actual Startup Time": 0.046,
                                  "Actual Total Time": 75.55,
                                  "Actual Rows": 67297,
                                  "Actual Loops": 7,
                                  "Filter": "((kind_id > 1) AND (production_year < 1995))",
                                  "Rows Removed by Filter": 293891
                                }
                              ]
                            }
                          ]
                        }
                      ]
                    }
                  ]
                }
              ]
            }
          ]
        }
      ]
    },
    "Planning Time": 1.316,
    "Triggers": [],
    "Execution Time": 3647.089
  }
]