{
  "Plan": {
    "Node Type": "Aggregate",
    "Strategy": "Plain",
    "Partial Mode": "Finalize",
    "Parallel Aware": false,
    "Startup Cost": 116573.65,
    "Total Cost": 116573.66,
    "Plan Rows": 1,
    "Plan Width": 8,
    "Actual Startup Time": 363.952,
    "Actual Total Time": 391.022,
    "Actual Rows": 1,
    "Actual Loops": 1,
    "Plans": [
      {
        "Node Type": "Gather",
        "Parent Relationship": "Outer",
        "Parallel Aware": false,
        "Startup Cost": 116573.53,
        "Total Cost": 116573.64,
        "Plan Rows": 1,
        "Plan Width": 8,
        "Actual Startup Time": 363.812,
        "Actual Total Time": 391.014,
        "Actual Rows": 2,
        "Actual Loops": 1,
        "Workers Planned": 1,
        "Workers Launched": 1,
        "Single Copy": false,
        "Plans": [
          {
            "Node Type": "Aggregate",
            "Strategy": "Plain",
            "Partial Mode": "Partial",
            "Parent Relationship": "Outer",
            "Parallel Aware": false,
            "Startup Cost": 115573.53,
            "Total Cost": 115573.54,
            "Plan Rows": 1,
            "Plan Width": 8,
            "Actual Startup Time": 357.57,
            "Actual Total Time": 357.573,
            "Actual Rows": 1,
            "Actual Loops": 2,
            "Plans": [
              {
                "Node Type": "Nested Loop",
                "Parent Relationship": "Outer",
                "Parallel Aware": false,
                "Join Type": "Inner",
                "Startup Cost": 58436.2,
                "Total Cost": 115449.12,
                "Plan Rows": 49766,
                "Plan Width": 0,
                "Actual Startup Time": 193.438,
                "Actual Total Time": 355.281,
                "Actual Rows": 48296,
                "Actual Loops": 2,
                "Inner Unique": false,
                "Join Filter": "(t.id = ci.movie_id)",
                "Rows Removed by Join Filter": 0,
                "Plans": [
                  {
                    "Node Type": "Hash Join",
                    "Parent Relationship": "Outer",
                    "Parallel Aware": true,
                    "Join Type": "Inner",
                    "Startup Cost": 58435.63,
                    "Total Cost": 101899.56,
                    "Plan Rows": 4373,
                    "Plan Width": 8,
                    "Actual Startup Time": 193.33,
                    "Actual Total Time": 287.546,
                    "Actual Rows": 1734,
                    "Actual Loops": 2,
                    "Inner Unique": true,
                    "Hash Cond": "(mc.movie_id = t.id)",
                    "Plans": [
                      {
                        "Node Type": "Seq Scan",
                        "Parent Relationship": "Outer",
                        "Parallel Aware": true,
                        "Relation Name": "movie_companies",
                        "Alias": "mc",
                        "Startup Cost": 0.0,
                        "Total Cost": 41811.73,
                        "Plan Rows": 629411,
                        "Plan Width": 4,
                        "Actual Startup Time": 49.991,
                        "Actual Total Time": 110.317,
                        "Actual Rows": 412107,
                        "Actual Loops": 2,
                        "Filter": "((company_id < 73735) AND (company_type_id > 1))",
                        "Rows Removed by Filter": 892458
                      },
                      {
                        "Node Type": "Hash",
                        "Parent Relationship": "Inner",
                        "Parallel Aware": true,
                        "Startup Cost": 58306.47,
                        "Total Cost": 58306.47,
                        "Plan Rows": 10333,
                        "Plan Width": 4,
                        "Actual Startup Time": 141.971,
                        "Actual Total Time": 141.972,
                        "Actual Rows": 9584,
                        "Actual Loops": 2,
                        "Hash Buckets": 32768,
                        "Original Hash Buckets": 32768,
                        "Hash Batches": 1,
                        "Original Hash Batches": 1,
                        "Peak Memory Usage": 1024,
                        "Plans": [
                          {
                            "Node Type": "Seq Scan",
                            "Parent Relationship": "Outer",
                            "Parallel Aware": true,
                            "Relation Name": "title",
                            "Alias": "t",
                            "Startup Cost": 0.0,
                            "Total Cost": 58306.47,
                            "Plan Rows": 10333,
                            "Plan Width": 4,
                            "Actual Startup Time": 0.06,
                            "Actual Total Time": 138.103,
                            "Actual Rows": 9584,
                            "Actual Loops": 2,
                            "Filter": "((kind_id > 4) AND (production_year = 1994))",
                            "Rows Removed by Filter": 1254572
                          }
                        ]
                      }
                    ]
                  },
                  {
                    "Node Type": "Index Scan",
                    "Parent Relationship": "Inner",
                    "Parallel Aware": false,
                    "Scan Direction": "Forward",
                    "Index Name": "movie_id_cast_info",
                    "Relation Name": "cast_info",
                    "Alias": "ci",
                    "Startup Cost": 0.56,
                    "Total Cost": 2.74,
                    "Plan Rows": 29,
                    "Plan Width": 4,
                    "Actual Startup Time": 0.006,
                    "Actual Total Time": 0.036,
                    "Actual Rows": 28,
                    "Actual Loops": 3468,
                    "Index Cond": "(movie_id = mc.movie_id)",
                    "Rows Removed by Index Recheck": 0,
                    "Filter": "(role_id < 8)",
                    "Rows Removed by Filter": 8
                  }
                ]
              }
            ]
          }
        ]
      }
    ]
  },
  "Planning Time": 1.016,
  "Triggers": [],
  "Execution Time": 391.122
}