{
  "Plan": {
    "Node Type": "Aggregate",
    "Strategy": "Plain",
    "Partial Mode": "Finalize",
    "Parallel Aware": false,
    "Startup Cost": 75383.76,
    "Total Cost": 75383.77,
    "Plan Rows": 1,
    "Plan Width": 8,
    "Actual Startup Time": 144.575,
    "Actual Total Time": 156.343,
    "Actual Rows": 1,
    "Actual Loops": 1,
    "Plans": [
      {
        "Node Type": "Gather",
        "Parent Relationship": "Outer",
        "Parallel Aware": false,
        "Startup Cost": 75383.64,
        "Total Cost": 75383.75,
        "Plan Rows": 1,
        "Plan Width": 8,
        "Actual Startup Time": 144.454,
        "Actual Total Time": 156.336,
        "Actual Rows": 2,
        "Actual Loops": 1,
        "Workers Planned": 1,
        "Workers Launched": 1,
        "Single Copy": false,
        "Plans": [
          {
            "Node Type": "Aggregate",
            "Strategy": "Plain",
            "Partial Mode": "Partial",
            "Parent Relationship": "Outer",
            "Parallel Aware": false,
            "Startup Cost": 74383.64,
            "Total Cost": 74383.65,
            "Plan Rows": 1,
            "Plan Width": 8,
            "Actual Startup Time": 140.073,
            "Actual Total Time": 140.074,
            "Actual Rows": 1,
            "Actual Loops": 2,
            "Plans": [
              {
                "Node Type": "Nested Loop",
                "Parent Relationship": "Outer",
                "Parallel Aware": false,
                "Join Type": "Inner",
                "Startup Cost": 0.43,
                "Total Cost": 74380.38,
                "Plan Rows": 1306,
                "Plan Width": 0,
                "Actual Startup Time": 2.579,
                "Actual Total Time": 140.036,
                "Actual Rows": 316,
                "Actual Loops": 2,
                "Inner Unique": false,
                "Plans": [
                  {
                    "Node Type": "Seq Scan",
                    "Parent Relationship": "Outer",
                    "Parallel Aware": true,
                    "Relation Name": "title",
                    "Alias": "t",
                    "Startup Cost": 0.0,
                    "Total Cost": 58306.47,
                    "Plan Rows": 2394,
                    "Plan Width": 4,
                    "Actual Startup Time": 0.146,
                    "Actual Total Time": 135.222,
                    "Actual Rows": 1652,
                    "Actual Loops": 2,
                    "Filter": "((kind_id > 3) AND (production_year = 1952))",
                    "Rows Removed by Filter": 1262504
                  },
                  {
                    "Node Type": "Index Only Scan",
                    "Parent Relationship": "Inner",
                    "Parallel Aware": false,
                    "Scan Direction": "Forward",
                    "Index Name": "movie_id_movie_info_idx",
                    "Relation Name": "movie_info_idx",
                    "Alias": "mi_idx",
                    "Startup Cost": 0.43,
                    "Total Cost": 6.68,
                    "Plan Rows": 3,
                    "Plan Width": 4,
                    "Actual Startup Time": 0.002,
                    "Actual Total Time": 0.003,
                    "Actual Rows": 0,
                    "Actual Loops": 3303,
                    "Index Cond": "(movie_id = t.id)",
                    "Rows Removed by Index Recheck": 0,
                    "Heap Fetches": 633
                  }
                ]
              }
            ]
          }
        ]
      }
    ]
  },
  "Planning Time": 0.451,
  "Triggers": [],
  "Execution Time": 156.405
}