[
  {
    "Plan": {
      "Node Type": "Aggregate",
      "Strategy": "Plain",
      "Partial Mode": "Finalize",
      "Parallel Aware": false,
      "Startup Cost": 32658.84,
      "Total Cost": 32658.85,
      "Plan Rows": 1,
      "Plan Width": 8,
      "Actual Startup Time": 77.597,
      "Actual Total Time": 86.862,
      "Actual Rows": 1,
      "Actual Loops": 1,
      "Plans": [
        {
          "Node Type": "Gather",
          "Parent Relationship": "Outer",
          "Parallel Aware": false,
          "Startup Cost": 32658.53,
          "Total Cost": 32658.84,
          "Plan Rows": 3,
          "Plan Width": 8,
          "Actual Startup Time": 77.441,
          "Actual Total Time": 86.85,
          "Actual Rows": 4,
          "Actual Loops": 1,
          "Workers Planned": 3,
          "Workers Launched": 3,
          "Single Copy": false,
          "Plans": [
            {
              "Node Type": "Aggregate",
              "Strategy": "Plain",
              "Partial Mode": "Partial",
              "Parent Relationship": "Outer",
              "Parallel Aware": false,
              "Startup Cost": 31658.53,
              "Total Cost": 31658.54,
              "Plan Rows": 1,
              "Plan Width": 8,
              "Actual Startup Time": 73.903,
              "Actual Total Time": 73.905,
              "Actual Rows": 1,
              "Actual Loops": 4,
              "Plans": [
                {
                  "Node Type": "Seq Scan",
                  "Parent Relationship": "Outer",
                  "Parallel Aware": true,
                  "Relation Name": "movie_companies",
                  "Alias": "mc",
                  "Startup Cost": 0.0,
                  "Total Cost": 31414.82,
                  "Plan Rows": 97483,
                  "Plan Width": 0,
                  "Actual Startup Time": 40.888,
                  "Actual Total Time": 71.824,
                  "Actual Rows": 40291,
                  "Actual Loops": 4,
                  "Filter": "((company_id < 663) AND (company_type_id = 2))",
                  "Rows Removed by Filter": 611992
                }
              ]
            }
          ]
        }
      ]
    },
    "Planning Time": 0.158,
    "Triggers": [],
    "Execution Time": 86.905
  }
]