{
  "Plan": {
    "Node Type": "Aggregate",
    "Strategy": "Plain",
    "Partial Mode": "Finalize",
    "Parallel Aware": false,
    "Startup Cost": 606069.59,
    "Total Cost": 606069.6,
    "Plan Rows": 1,
    "Plan Width": 8,
    "Actual Startup Time": 3140.03,
    "Actual Total Time": 3205.162,
    "Actual Rows": 1,
    "Actual Loops": 1,
    "Plans": [
      {
        "Node Type": "Gather",
        "Parent Relationship": "Outer",
        "Parallel Aware": false,
        "Startup Cost": 606069.48,
        "Total Cost": 606069.59,
        "Plan Rows": 1,
        "Plan Width": 8,
        "Actual Startup Time": 3137.473,
        "Actual Total Time": 3205.152,
        "Actual Rows": 2,
        "Actual Loops": 1,
        "Workers Planned": 1,
        "Workers Launched": 1,
        "Single Copy": false,
        "Plans": [
          {
            "Node Type": "Aggregate",
            "Strategy": "Plain",
            "Partial Mode": "Partial",
            "Parent Relationship": "Outer",
            "Parallel Aware": false,
            "Startup Cost": 605069.48,
            "Total Cost": 605069.49,
            "Plan Rows": 1,
            "Plan Width": 8,
            "Actual Startup Time": 3130.161,
            "Actual Total Time": 3130.165,
            "Actual Rows": 1,
            "Actual Loops": 2,
            "Plans": [
              {
                "Node Type": "Hash Join",
                "Parent Relationship": "Outer",
                "Parallel Aware": true,
                "Join Type": "Inner",
                "Startup Cost": 66043.46,
                "Total Cost": 599404.73,
                "Plan Rows": 2265902,
                "Plan Width": 0,
                "Actual Startup Time": 332.962,
                "Actual Total Time": 3052.807,
                "Actual Rows": 1991957,
                "Actual Loops": 2,
                "Inner Unique": true,
                "Hash Cond": "(ci.movie_id = t.id)",
                "Plans": [
                  {
                    "Node Type": "Seq Scan",
                    "Parent Relationship": "Outer",
                    "Parallel Aware": true,
                    "Relation Name": "cast_info",
                    "Alias": "ci",
                    "Startup Cost": 0.0,
                    "Total Cost": 519069.44,
                    "Plan Rows": 5444498,
                    "Plan Width": 4,
                    "Actual Startup Time": 0.023,
                    "Actual Total Time": 1412.698,
                    "Actual Rows": 4688950,
                    "Actual Loops": 2,
                    "Filter": "(person_id < 923124)",
                    "Rows Removed by Filter": 13433222
                  },
                  {
                    "Node Type": "Hash",
                    "Parent Relationship": "Inner",
                    "Parallel Aware": true,
                    "Startup Cost": 58306.47,
                    "Total Cost": 58306.47,
                    "Plan Rows": 618959,
                    "Plan Width": 4,
                    "Actual Startup Time": 318.581,
                    "Actual Total Time": 318.582,
                    "Actual Rows": 574474,
                    "Actual Loops": 2,
                    "Hash Buckets": 2097152,
                    "Original Hash Buckets": 2097152,
                    "Hash Batches": 1,
                    "Original Hash Batches": 1,
                    "Peak Memory Usage": 61344,
                    "Plans": [
                      {
                        "Node Type": "Seq Scan",
                        "Parent Relationship": "Outer",
                        "Parallel Aware": true,
                        "Relation Name": "title",
                        "Alias": "t",
                        "Startup Cost": 0.0,
                        "Total Cost": 58306.47,
                        "Plan Rows": 618959,
                        "Plan Width": 4,
                        "Actual Startup Time": 0.049,
                        "Actual Total Time": 167.885,
                        "Actual Rows": 574474,
                        "Actual Loops": 2,
                        "Filter": "((production_year > 1991) AND (kind_id = 7))",
                        "Rows Removed by Filter": 689682
                      }
                    ]
                  }
                ]
              }
            ]
          }
        ]
      }
    ]
  },
  "Planning Time": 0.714,
  "Triggers": [],
  "Execution Time": 3205.249
}