{
  "Plan": {
    "Node Type": "Aggregate",
    "Strategy": "Plain",
    "Partial Mode": "Finalize",
    "Parallel Aware": false,
    "Startup Cost": 496509.84,
    "Total Cost": 496509.85,
    "Plan Rows": 1,
    "Plan Width": 8,
    "Actual Startup Time": 1462.11,
    "Actual Total Time": 1501.347,
    "Actual Rows": 1,
    "Actual Loops": 1,
    "Plans": [
      {
        "Node Type": "Gather",
        "Parent Relationship": "Outer",
        "Parallel Aware": false,
        "Startup Cost": 496509.73,
        "Total Cost": 496509.84,
        "Plan Rows": 1,
        "Plan Width": 8,
        "Actual Startup Time": 1461.029,
        "Actual Total Time": 1501.338,
        "Actual Rows": 2,
        "Actual Loops": 1,
        "Workers Planned": 1,
        "Workers Launched": 1,
        "Single Copy": false,
        "Plans": [
          {
            "Node Type": "Aggregate",
            "Strategy": "Plain",
            "Partial Mode": "Partial",
            "Parent Relationship": "Outer",
            "Parallel Aware": false,
            "Startup Cost": 495509.73,
            "Total Cost": 495509.74,
            "Plan Rows": 1,
            "Plan Width": 8,
            "Actual Startup Time": 1454.75,
            "Actual Total Time": 1454.755,
            "Actual Rows": 1,
            "Actual Loops": 2,
            "Plans": [
              {
                "Node Type": "Hash Join",
                "Parent Relationship": "Outer",
                "Parallel Aware": true,
                "Join Type": "Inner",
                "Startup Cost": 474319.09,
                "Total Cost": 495388.87,
                "Plan Rows": 48342,
                "Plan Width": 0,
                "Actual Startup Time": 1326.959,
                "Actual Total Time": 1450.15,
                "Actual Rows": 117471,
                "Actual Loops": 2,
                "Inner Unique": false,
                "Hash Cond": "(mi_idx.movie_id = t.id)",
                "Plans": [
                  {
                    "Node Type": "Seq Scan",
                    "Parent Relationship": "Outer",
                    "Parallel Aware": true,
                    "Relation Name": "movie_info_idx",
                    "Alias": "mi_idx",
                    "Startup Cost": 0.0,
                    "Total Cost": 18082.32,
                    "Plan Rows": 540622,
                    "Plan Width": 4,
                    "Actual Startup Time": 0.026,
                    "Actual Total Time": 56.294,
                    "Actual Rows": 459925,
                    "Actual Loops": 2,
                    "Filter": "(info_type_id < 101)",
                    "Rows Removed by Filter": 230092
                  },
                  {
                    "Node Type": "Hash",
                    "Parent Relationship": "Inner",
                    "Parallel Aware": true,
                    "Startup Cost": 472656.76,
                    "Total Cost": 472656.76,
                    "Plan Rows": 132986,
                    "Plan Width": 8,
                    "Actual Startup Time": 1321.984,
                    "Actual Total Time": 1321.988,
                    "Actual Rows": 114268,
                    "Actual Loops": 2,
                    "Hash Buckets": 262144,
                    "Original Hash Buckets": 262144,
                    "Hash Batches": 1,
                    "Original Hash Batches": 1,
                    "Peak Memory Usage": 11008,
                    "Plans": [
                      {
                        "Node Type": "Hash Join",
                        "Parent Relationship": "Outer",
                        "Parallel Aware": true,
                        "Join Type": "Inner",
                        "Startup Cost": 58811.35,
                        "Total Cost": 472656.76,
                        "Plan Rows": 132986,
                        "Plan Width": 8,
                        "Actual Startup Time": 663.476,
                        "Actual Total Time": 1289.205,
                        "Actual Rows": 114268,
                        "Actual Loops": 2,
                        "Inner Unique": true,
                        "Hash Cond": "(ci.movie_id = t.id)",
                        "Plans": [
                          {
                            "Node Type": "Index Scan",
                            "Parent Relationship": "Outer",
                            "Parallel Aware": true,
                            "Scan Direction": "Forward",
                            "Index Name": "role_id_cast_info",
                            "Relation Name": "cast_info",
                            "Alias": "ci",
                            "Startup Cost": 0.56,
                            "Total Cost": 400977.7,
                            "Plan Rows": 4902194,
                            "Plan Width": 4,
                            "Actual Startup Time": 505.703,
                            "Actual Total Time": 821.182,
                            "Actual Rows": 2001944,
                            "Actual Loops": 2,
                            "Index Cond": "(role_id = 1)",
                            "Rows Removed by Index Recheck": 0,
                            "Filter": "(person_id > 1181837)",
                            "Rows Removed by Filter": 4333400
                          },
                          {
                            "Node Type": "Hash",
                            "Parent Relationship": "Inner",
                            "Parallel Aware": true,
                            "Startup Cost": 58306.47,
                            "Total Cost": 58306.47,
                            "Plan Rows": 40345,
                            "Plan Width": 4,
                            "Actual Startup Time": 156.54,
                            "Actual Total Time": 156.542,
                            "Actual Rows": 85362,
                            "Actual Loops": 2,
                            "Hash Buckets": 262144,
                            "Original Hash Buckets": 131072,
                            "Hash Batches": 1,
                            "Original Hash Batches": 1,
                            "Peak Memory Usage": 9792,
                            "Plans": [
                              {
                                "Node Type": "Seq Scan",
                                "Parent Relationship": "Outer",
                                "Parallel Aware": true,
                                "Relation Name": "title",
                                "Alias": "t",
                                "Startup Cost": 0.0,
                                "Total Cost": 58306.47,
                                "Plan Rows": 40345,
                                "Plan Width": 4,
                                "Actual Startup Time": 1.35,
                                "Actual Total Time": 136.694,
                                "Actual Rows": 85362,
                                "Actual Loops": 2,
                                "Filter": "((kind_id < 7) AND (production_year < 1953))",
                                "Rows Removed by Filter": 1178794
                              }
                            ]
                          }
                        ]
                      }
                    ]
                  }
                ]
              }
            ]
          }
        ]
      }
    ]
  },
  "Planning Time": 1.122,
  "Triggers": [],
  "Execution Time": 1501.448
}