[
    {
        "Bao": {
            "Bao prediction": "NaN",
            "Bao recommended hint": "(no hint)"
        }
    },
    {
        "Plan": {
            "Node Type": "Aggregate",
            "Strategy": "Plain",
            "Partial Mode": "Finalize",
            "Parallel Aware": false,
            "Startup Cost": 74293.11,
            "Total Cost": 74293.12,
            "Plan Rows": 1,
            "Plan Width": 8,
            "Actual Startup Time": 191.393,
            "Actual Total Time": 201.33,
            "Actual Rows": 1,
            "Actual Loops": 1,
            "Output": [
                "count(*)"
            ],
            "Plans": [
                {
                    "Node Type": "Gather",
                    "Parent Relationship": "Outer",
                    "Parallel Aware": false,
                    "Startup Cost": 74292.79,
                    "Total Cost": 74293.1,
                    "Plan Rows": 3,
                    "Plan Width": 8,
                    "Actual Startup Time": 189.017,
                    "Actual Total Time": 201.321,
                    "Actual Rows": 4,
                    "Actual Loops": 1,
                    "Output": [
                        "(PARTIAL count(*))"
                    ],
                    "Workers Planned": 3,
                    "Workers Launched": 3,
                    "Single Copy": false,
                    "Plans": [
                        {
                            "Node Type": "Aggregate",
                            "Strategy": "Plain",
                            "Partial Mode": "Partial",
                            "Parent Relationship": "Outer",
                            "Parallel Aware": false,
                            "Startup Cost": 73292.79,
                            "Total Cost": 73292.8,
                            "Plan Rows": 1,
                            "Plan Width": 8,
                            "Actual Startup Time": 180.281,
                            "Actual Total Time": 180.285,
                            "Actual Rows": 1,
                            "Actual Loops": 4,
                            "Output": [
                                "PARTIAL count(*)"
                            ],
                            "Workers": [
                                {
                                    "Worker Number": 0,
                                    "Actual Startup Time": 177.117,
                                    "Actual Total Time": 177.125,
                                    "Actual Rows": 1,
                                    "Actual Loops": 1
                                },
                                {
                                    "Worker Number": 1,
                                    "Actual Startup Time": 177.356,
                                    "Actual Total Time": 177.36,
                                    "Actual Rows": 1,
                                    "Actual Loops": 1
                                },
                                {
                                    "Worker Number": 2,
                                    "Actual Startup Time": 177.996,
                                    "Actual Total Time": 177.998,
                                    "Actual Rows": 1,
                                    "Actual Loops": 1
                                }
                            ],
                            "Plans": [
                                {
                                    "Node Type": "Hash Join",
                                    "Parent Relationship": "Outer",
                                    "Parallel Aware": true,
                                    "Join Type": "Inner",
                                    "Startup Cost": 48558.73,
                                    "Total Cost": 73282.05,
                                    "Plan Rows": 4298,
                                    "Plan Width": 0,
                                    "Actual Startup Time": 156.859,
                                    "Actual Total Time": 179.705,
                                    "Actual Rows": 9103,
                                    "Actual Loops": 4,
                                    "Inner Unique": true,
                                    "Hash Cond": "(mk.movie_id = t.id)",
                                    "Workers": [
                                        {
                                            "Worker Number": 0,
                                            "Actual Startup Time": 153.927,
                                            "Actual Total Time": 176.602,
                                            "Actual Rows": 7441,
                                            "Actual Loops": 1
                                        },
                                        {
                                            "Worker Number": 1,
                                            "Actual Startup Time": 153.851,
                                            "Actual Total Time": 176.874,
                                            "Actual Rows": 7451,
                                            "Actual Loops": 1
                                        },
                                        {
                                            "Worker Number": 2,
                                            "Actual Startup Time": 154.404,
                                            "Actual Total Time": 177.46,
                                            "Actual Rows": 7421,
                                            "Actual Loops": 1
                                        }
                                    ],
                                    "Plans": [
                                        {
                                            "Node Type": "Bitmap Heap Scan",
                                            "Parent Relationship": "Outer",
                                            "Parallel Aware": true,
                                            "Relation Name": "movie_keyword",
                                            "Schema": "public",
                                            "Alias": "mk",
                                            "Startup Cost": 1172.22,
                                            "Total Cost": 25848.8,
                                            "Plan Rows": 17806,
                                            "Plan Width": 4,
                                            "Actual Startup Time": 6.968,
                                            "Actual Total Time": 24.511,
                                            "Actual Rows": 12518,
                                            "Actual Loops": 4,
                                            "Output": [
                                                "mk.id",
                                                "mk.movie_id",
                                                "mk.keyword_id"
                                            ],
                                            "Recheck Cond": "(mk.keyword_id > 99526)",
                                            "Rows Removed by Index Recheck": 0,
                                            "Exact Heap Blocks": 4788,
                                            "Lossy Heap Blocks": 0,
                                            "Workers": [
                                                {
                                                    "Worker Number": 0,
                                                    "Actual Startup Time": 7.096,
                                                    "Actual Total Time": 25.114,
                                                    "Actual Rows": 10294,
                                                    "Actual Loops": 1
                                                },
                                                {
                                                    "Worker Number": 1,
                                                    "Actual Startup Time": 6.816,
                                                    "Actual Total Time": 25.125,
                                                    "Actual Rows": 10167,
                                                    "Actual Loops": 1
                                                },
                                                {
                                                    "Worker Number": 2,
                                                    "Actual Startup Time": 7.053,
                                                    "Actual Total Time": 25.122,
                                                    "Actual Rows": 10243,
                                                    "Actual Loops": 1
                                                }
                                            ],
                                            "Plans": [
                                                {
                                                    "Node Type": "Bitmap Index Scan",
                                                    "Parent Relationship": "Outer",
                                                    "Parallel Aware": false,
                                                    "Index Name": "keyword_id_movie_keyword",
                                                    "Startup Cost": 0.0,
                                                    "Total Cost": 1158.42,
                                                    "Plan Rows": 55199,
                                                    "Plan Width": 0,
                                                    "Actual Startup Time": 5.141,
                                                    "Actual Total Time": 5.142,
                                                    "Actual Rows": 50073,
                                                    "Actual Loops": 1,
                                                    "Index Cond": "(mk.keyword_id > 99526)",
                                                    "Workers": [
                                                        {
                                                            "Worker Number": 1,
                                                            "Actual Startup Time": 5.141,
                                                            "Actual Total Time": 5.142,
                                                            "Actual Rows": 50073,
                                                            "Actual Loops": 1
                                                        }
                                                    ]
                                                }
                                            ]
                                        },
                                        {
                                            "Node Type": "Hash",
                                            "Parent Relationship": "Inner",
                                            "Parallel Aware": true,
                                            "Startup Cost": 45479.21,
                                            "Total Cost": 45479.21,
                                            "Plan Rows": 152584,
                                            "Plan Width": 4,
                                            "Actual Startup Time": 146.817,
                                            "Actual Total Time": 146.817,
                                            "Actual Rows": 168922,
                                            "Actual Loops": 4,
                                            "Output": [
                                                "t.id"
                                            ],
                                            "Hash Buckets": 1048576,
                                            "Original Hash Buckets": 1048576,
                                            "Hash Batches": 1,
                                            "Original Hash Batches": 1,
                                            "Peak Memory Usage": 34688,
                                            "Workers": [
                                                {
                                                    "Worker Number": 0,
                                                    "Actual Startup Time": 146.348,
                                                    "Actual Total Time": 146.349,
                                                    "Actual Rows": 165923,
                                                    "Actual Loops": 1
                                                },
                                                {
                                                    "Worker Number": 1,
                                                    "Actual Startup Time": 146.629,
                                                    "Actual Total Time": 146.63,
                                                    "Actual Rows": 147522,
                                                    "Actual Loops": 1
                                                },
                                                {
                                                    "Worker Number": 2,
                                                    "Actual Startup Time": 146.893,
                                                    "Actual Total Time": 146.893,
                                                    "Actual Rows": 165900,
                                                    "Actual Loops": 1
                                                }
                                            ],
                                            "Plans": [
                                                {
                                                    "Node Type": "Seq Scan",
                                                    "Parent Relationship": "Outer",
                                                    "Parallel Aware": true,
                                                    "Relation Name": "title",
                                                    "Schema": "public",
                                                    "Alias": "t",
                                                    "Startup Cost": 0.0,
                                                    "Total Cost": 45479.21,
                                                    "Plan Rows": 152584,
                                                    "Plan Width": 4,
                                                    "Actual Startup Time": 0.041,
                                                    "Actual Total Time": 92.174,
                                                    "Actual Rows": 168922,
                                                    "Actual Loops": 4,
                                                    "Output": [
                                                        "t.id"
                                                    ],
                                                    "Filter": "((t.kind_id < 7) AND (t.production_year < 2007))",
                                                    "Rows Removed by Filter": 463156,
                                                    "Workers": [
                                                        {
                                                            "Worker Number": 0,
                                                            "Actual Startup Time": 0.051,
                                                            "Actual Total Time": 93.32,
                                                            "Actual Rows": 165923,
                                                            "Actual Loops": 1
                                                        },
                                                        {
                                                            "Worker Number": 1,
                                                            "Actual Startup Time": 0.041,
                                                            "Actual Total Time": 90.681,
                                                            "Actual Rows": 147522,
                                                            "Actual Loops": 1
                                                        },
                                                        {
                                                            "Worker Number": 2,
                                                            "Actual Startup Time": 0.056,
                                                            "Actual Total Time": 94.051,
                                                            "Actual Rows": 165900,
                                                            "Actual Loops": 1
                                                        }
                                                    ]
                                                }
                                            ]
                                        }
                                    ]
                                }
                            ]
                        }
                    ]
                }
            ]
        },
        "Planning Time": 224.246,
        "Triggers": [],
        "Execution Time": 201.402
    }
]