[
  {
    "Plan": {
      "Node Type": "Aggregate",
      "Strategy": "Plain",
      "Partial Mode": "Finalize",
      "Parallel Aware": false,
      "Startup Cost": 248504.14,
      "Total Cost": 248504.15,
      "Plan Rows": 1,
      "Plan Width": 8,
      "Actual Startup Time": 523.787,
      "Actual Total Time": 564.905,
      "Actual Rows": 1,
      "Actual Loops": 1,
      "Plans": [
        {
          "Node Type": "Gather",
          "Parent Relationship": "Outer",
          "Parallel Aware": false,
          "Startup Cost": 248503.62,
          "Total Cost": 248504.13,
          "Plan Rows": 5,
          "Plan Width": 8,
          "Actual Startup Time": 518.649,
          "Actual Total Time": 564.891,
          "Actual Rows": 6,
          "Actual Loops": 1,
          "Workers Planned": 5,
          "Workers Launched": 5,
          "Single Copy": false,
          "Plans": [
            {
              "Node Type": "Aggregate",
              "Strategy": "Plain",
              "Partial Mode": "Partial",
              "Parent Relationship": "Outer",
              "Parallel Aware": false,
              "Startup Cost": 247503.62,
              "Total Cost": 247503.63,
              "Plan Rows": 1,
              "Plan Width": 8,
              "Actual Startup Time": 508.325,
              "Actual Total Time": 508.328,
              "Actual Rows": 1,
              "Actual Loops": 6,
              "Plans": [
                {
                  "Node Type": "Hash Join",
                  "Parent Relationship": "Outer",
                  "Parallel Aware": true,
                  "Join Type": "Inner",
                  "Startup Cost": 47242.1,
                  "Total Cost": 247274.13,
                  "Plan Rows": 91795,
                  "Plan Width": 0,
                  "Actual Startup Time": 158.325,
                  "Actual Total Time": 502.595,
                  "Actual Rows": 137860,
                  "Actual Loops": 6,
                  "Inner Unique": true,
                  "Hash Cond": "(mi.movie_id = t.id)",
                  "Plans": [
                    {
                      "Node Type": "Seq Scan",
                      "Parent Relationship": "Outer",
                      "Parallel Aware": true,
                      "Relation Name": "movie_info",
                      "Alias": "mi",
                      "Startup Cost": 0.0,
                      "Total Cost": 198952.16,
                      "Plan Rows": 411380,
                      "Plan Width": 4,
                      "Actual Startup Time": 30.646,
                      "Actual Total Time": 295.419,
                      "Actual Rows": 348511,
                      "Actual Loops": 6,
                      "Filter": "(info_type_id < 3)",
                      "Rows Removed by Filter": 2124109
                    },
                    {
                      "Node Type": "Hash",
                      "Parent Relationship": "Inner",
                      "Parallel Aware": true,
                      "Startup Cost": 45479.1,
                      "Total Cost": 45479.1,
                      "Plan Rows": 141040,
                      "Plan Width": 4,
                      "Actual Startup Time": 123.96,
                      "Actual Total Time": 123.961,
                      "Actual Rows": 79528,
                      "Actual Loops": 6,
                      "Hash Buckets": 1048576,
                      "Original Hash Buckets": 1048576,
                      "Hash Batches": 1,
                      "Original Hash Batches": 1,
                      "Peak Memory Usage": 26976,
                      "Plans": [
                        {
                          "Node Type": "Seq Scan",
                          "Parent Relationship": "Outer",
                          "Parallel Aware": true,
                          "Relation Name": "title",
                          "Alias": "t",
                          "Startup Cost": 0.0,
                          "Total Cost": 45479.1,
                          "Plan Rows": 141040,
                          "Plan Width": 4,
                          "Actual Startup Time": 0.056,
                          "Actual Total Time": 86.08,
                          "Actual Rows": 79528,
                          "Actual Loops": 6,
                          "Filter": "((kind_id < 7) AND (production_year > 1999))",
                          "Rows Removed by Filter": 341858
                        }
                      ]
                    }
                  ]
                }
              ]
            }
          ]
        }
      ]
    },
    "Planning Time": 0.685,
    "Triggers": [],
    "Execution Time": 564.99
  }
]