[
  {
    "Plan": {
      "Node Type": "Aggregate",
      "Strategy": "Plain",
      "Partial Mode": "Simple",
      "Parallel Aware": false,
      "Startup Cost": 26594.98,
      "Total Cost": 26594.99,
      "Plan Rows": 1,
      "Plan Width": 8,
      "Actual Startup Time": 59.328,
      "Actual Total Time": 59.329,
      "Actual Rows": 1,
      "Actual Loops": 1,
      "Plans": [
        {
          "Node Type": "Bitmap Heap Scan",
          "Parent Relationship": "Outer",
          "Parallel Aware": false,
          "Relation Name": "movie_keyword",
          "Alias": "mk",
          "Startup Cost": 1254.47,
          "Total Cost": 26447.23,
          "Plan Rows": 59101,
          "Plan Width": 0,
          "Actual Startup Time": 20.847,
          "Actual Total Time": 55.873,
          "Actual Rows": 57603,
          "Actual Loops": 1,
          "Recheck Cond": "(keyword_id < 56)",
          "Rows Removed by Index Recheck": 0,
          "Exact Heap Blocks": 16817,
          "Lossy Heap Blocks": 0,
          "Plans": [
            {
              "Node Type": "Bitmap Index Scan",
              "Parent Relationship": "Outer",
              "Parallel Aware": false,
              "Index Name": "keyword_id_movie_keyword",
              "Startup Cost": 0.0,
              "Total Cost": 1239.69,
              "Plan Rows": 59101,
              "Plan Width": 0,
              "Actual Startup Time": 14.553,
              "Actual Total Time": 14.553,
              "Actual Rows": 57603,
              "Actual Loops": 1,
              "Index Cond": "(keyword_id < 56)"
            }
          ]
        }
      ]
    },
    "Planning Time": 0.274,
    "Triggers": [],
    "Execution Time": 59.49
  }
]