[
    {
        "Bao": {
            "Bao prediction": 507.186,
            "Bao recommended hint": "(no hint)"
        }
    },
    {
        "Plan": {
            "Node Type": "Aggregate",
            "Strategy": "Plain",
            "Partial Mode": "Finalize",
            "Parallel Aware": false,
            "Startup Cost": 338147.29,
            "Total Cost": 338147.3,
            "Plan Rows": 1,
            "Plan Width": 8,
            "Actual Startup Time": 712.755,
            "Actual Total Time": 740.194,
            "Actual Rows": 1,
            "Actual Loops": 1,
            "Output": [
                "count(*)"
            ],
            "Plans": [
                {
                    "Node Type": "Gather",
                    "Parent Relationship": "Outer",
                    "Parallel Aware": false,
                    "Startup Cost": 338146.66,
                    "Total Cost": 338147.27,
                    "Plan Rows": 6,
                    "Plan Width": 8,
                    "Actual Startup Time": 712.684,
                    "Actual Total Time": 740.183,
                    "Actual Rows": 7,
                    "Actual Loops": 1,
                    "Output": [
                        "(PARTIAL count(*))"
                    ],
                    "Workers Planned": 6,
                    "Workers Launched": 6,
                    "Single Copy": false,
                    "Plans": [
                        {
                            "Node Type": "Aggregate",
                            "Strategy": "Plain",
                            "Partial Mode": "Partial",
                            "Parent Relationship": "Outer",
                            "Parallel Aware": false,
                            "Startup Cost": 337146.66,
                            "Total Cost": 337146.67,
                            "Plan Rows": 1,
                            "Plan Width": 8,
                            "Actual Startup Time": 703.475,
                            "Actual Total Time": 703.476,
                            "Actual Rows": 1,
                            "Actual Loops": 7,
                            "Output": [
                                "PARTIAL count(*)"
                            ],
                            "Workers": [
                                {
                                    "Worker Number": 0,
                                    "Actual Startup Time": 702.05,
                                    "Actual Total Time": 702.051,
                                    "Actual Rows": 1,
                                    "Actual Loops": 1
                                },
                                {
                                    "Worker Number": 1,
                                    "Actual Startup Time": 701.99,
                                    "Actual Total Time": 701.991,
                                    "Actual Rows": 1,
                                    "Actual Loops": 1
                                },
                                {
                                    "Worker Number": 2,
                                    "Actual Startup Time": 702.054,
                                    "Actual Total Time": 702.055,
                                    "Actual Rows": 1,
                                    "Actual Loops": 1
                                },
                                {
                                    "Worker Number": 3,
                                    "Actual Startup Time": 702.11,
                                    "Actual Total Time": 702.111,
                                    "Actual Rows": 1,
                                    "Actual Loops": 1
                                },
                                {
                                    "Worker Number": 4,
                                    "Actual Startup Time": 701.98,
                                    "Actual Total Time": 701.981,
                                    "Actual Rows": 1,
                                    "Actual Loops": 1
                                },
                                {
                                    "Worker Number": 5,
                                    "Actual Startup Time": 702.308,
                                    "Actual Total Time": 702.309,
                                    "Actual Rows": 1,
                                    "Actual Loops": 1
                                }
                            ],
                            "Plans": [
                                {
                                    "Node Type": "Seq Scan",
                                    "Parent Relationship": "Outer",
                                    "Parallel Aware": true,
                                    "Relation Name": "cast_info",
                                    "Schema": "public",
                                    "Alias": "ci",
                                    "Startup Cost": 0.0,
                                    "Total Cost": 328213.62,
                                    "Plan Rows": 3573219,
                                    "Plan Width": 0,
                                    "Actual Startup Time": 154.55,
                                    "Actual Total Time": 560.055,
                                    "Actual Rows": 3066339,
                                    "Actual Loops": 7,
                                    "Output": [
                                        "id",
                                        "person_id",
                                        "movie_id",
                                        "person_role_id",
                                        "note",
                                        "nr_order",
                                        "role_id"
                                    ],
                                    "Filter": "(ci.person_id > 1457593)",
                                    "Rows Removed by Filter": 2111424,
                                    "Workers": [
                                        {
                                            "Worker Number": 0,
                                            "Actual Startup Time": 153.133,
                                            "Actual Total Time": 565.068,
                                            "Actual Rows": 3383191,
                                            "Actual Loops": 1
                                        },
                                        {
                                            "Worker Number": 1,
                                            "Actual Startup Time": 153.058,
                                            "Actual Total Time": 565.261,
                                            "Actual Rows": 3374879,
                                            "Actual Loops": 1
                                        },
                                        {
                                            "Worker Number": 2,
                                            "Actual Startup Time": 153.128,
                                            "Actual Total Time": 560.357,
                                            "Actual Rows": 2144152,
                                            "Actual Loops": 1
                                        },
                                        {
                                            "Worker Number": 3,
                                            "Actual Startup Time": 153.192,
                                            "Actual Total Time": 565.431,
                                            "Actual Rows": 3371573,
                                            "Actual Loops": 1
                                        },
                                        {
                                            "Worker Number": 4,
                                            "Actual Startup Time": 153.049,
                                            "Actual Total Time": 566.053,
                                            "Actual Rows": 3330190,
                                            "Actual Loops": 1
                                        },
                                        {
                                            "Worker Number": 5,
                                            "Actual Startup Time": 153.398,
                                            "Actual Total Time": 567.711,
                                            "Actual Rows": 3319374,
                                            "Actual Loops": 1
                                        }
                                    ]
                                }
                            ]
                        }
                    ]
                }
            ]
        },
        "Planning Time": 1562.555,
        "Triggers": [],
        "Execution Time": 740.299
    }
]