{
    "Plan": {
        "Node Type": "Aggregate",
        "Strategy": "Plain",
        "Partial Mode": "Finalize",
        "Parallel Aware": false,
        "Startup Cost": 429515.83,
        "Total Cost": 429515.84,
        "Plan Rows": 1,
        "Plan Width": 8,
        "Actual Startup Time": 1306.574,
        "Actual Total Time": 1360.724,
        "Actual Rows": 1,
        "Actual Loops": 1,
        "Output": [
            "count(*)"
        ],
        "Plans": [
            {
                "Node Type": "Gather",
                "Parent Relationship": "Outer",
                "Parallel Aware": false,
                "Startup Cost": 429515.2,
                "Total Cost": 429515.81,
                "Plan Rows": 6,
                "Plan Width": 8,
                "Actual Startup Time": 1285.105,
                "Actual Total Time": 1360.712,
                "Actual Rows": 7,
                "Actual Loops": 1,
                "Output": [
                    "(PARTIAL count(*))"
                ],
                "Workers Planned": 6,
                "Workers Launched": 6,
                "Single Copy": false,
                "Plans": [
                    {
                        "Node Type": "Aggregate",
                        "Strategy": "Plain",
                        "Partial Mode": "Partial",
                        "Parent Relationship": "Outer",
                        "Parallel Aware": false,
                        "Startup Cost": 428515.2,
                        "Total Cost": 428515.21,
                        "Plan Rows": 1,
                        "Plan Width": 8,
                        "Actual Startup Time": 1272.845,
                        "Actual Total Time": 1273.336,
                        "Actual Rows": 1,
                        "Actual Loops": 7,
                        "Output": [
                            "PARTIAL count(*)"
                        ],
                        "Workers": [
                            {
                                "Worker Number": 0,
                                "Actual Startup Time": 1270.512,
                                "Actual Total Time": 1270.518,
                                "Actual Rows": 1,
                                "Actual Loops": 1
                            },
                            {
                                "Worker Number": 1,
                                "Actual Startup Time": 1270.609,
                                "Actual Total Time": 1270.614,
                                "Actual Rows": 1,
                                "Actual Loops": 1
                            },
                            {
                                "Worker Number": 2,
                                "Actual Startup Time": 1272.206,
                                "Actual Total Time": 1272.21,
                                "Actual Rows": 1,
                                "Actual Loops": 1
                            },
                            {
                                "Worker Number": 3,
                                "Actual Startup Time": 1270.693,
                                "Actual Total Time": 1270.699,
                                "Actual Rows": 1,
                                "Actual Loops": 1
                            },
                            {
                                "Worker Number": 4,
                                "Actual Startup Time": 1270.782,
                                "Actual Total Time": 1270.788,
                                "Actual Rows": 1,
                                "Actual Loops": 1
                            },
                            {
                                "Worker Number": 5,
                                "Actual Startup Time": 1270.694,
                                "Actual Total Time": 1270.699,
                                "Actual Rows": 1,
                                "Actual Loops": 1
                            }
                        ],
                        "Plans": [
                            {
                                "Node Type": "Hash Join",
                                "Parent Relationship": "Outer",
                                "Parallel Aware": true,
                                "Join Type": "Inner",
                                "Startup Cost": 72602.05,
                                "Total Cost": 426189.3,
                                "Plan Rows": 930359,
                                "Plan Width": 0,
                                "Actual Startup Time": 624.68,
                                "Actual Total Time": 1239.571,
                                "Actual Rows": 805830,
                                "Actual Loops": 7,
                                "Inner Unique": false,
                                "Hash Cond": "(ci.movie_id = t.id)",
                                "Workers": [
                                    {
                                        "Worker Number": 0,
                                        "Actual Startup Time": 619.813,
                                        "Actual Total Time": 1232.127,
                                        "Actual Rows": 600913,
                                        "Actual Loops": 1
                                    },
                                    {
                                        "Worker Number": 1,
                                        "Actual Startup Time": 623.092,
                                        "Actual Total Time": 1237.135,
                                        "Actual Rows": 850546,
                                        "Actual Loops": 1
                                    },
                                    {
                                        "Worker Number": 2,
                                        "Actual Startup Time": 629.613,
                                        "Actual Total Time": 1238.539,
                                        "Actual Rows": 854092,
                                        "Actual Loops": 1
                                    },
                                    {
                                        "Worker Number": 3,
                                        "Actual Startup Time": 625.558,
                                        "Actual Total Time": 1237.096,
                                        "Actual Rows": 853932,
                                        "Actual Loops": 1
                                    },
                                    {
                                        "Worker Number": 4,
                                        "Actual Startup Time": 620.74,
                                        "Actual Total Time": 1239.894,
                                        "Actual Rows": 781587,
                                        "Actual Loops": 1
                                    },
                                    {
                                        "Worker Number": 5,
                                        "Actual Startup Time": 620.485,
                                        "Actual Total Time": 1237.625,
                                        "Actual Rows": 840960,
                                        "Actual Loops": 1
                                    }
                                ],
                                "Plans": [
                                    {
                                        "Node Type": "Seq Scan",
                                        "Parent Relationship": "Outer",
                                        "Parallel Aware": true,
                                        "Relation Name": "cast_info",
                                        "Schema": "public",
                                        "Alias": "ci",
                                        "Startup Cost": 0.0,
                                        "Total Cost": 343318.94,
                                        "Plan Rows": 1704483,
                                        "Plan Width": 4,
                                        "Actual Startup Time": 209.022,
                                        "Actual Total Time": 572.344,
                                        "Actual Rows": 626513,
                                        "Actual Loops": 7,
                                        "Output": [
                                            "ci.id",
                                            "ci.person_id",
                                            "ci.movie_id",
                                            "ci.person_role_id",
                                            "ci.note",
                                            "ci.nr_order",
                                            "ci.role_id"
                                        ],
                                        "Filter": "((ci.person_id < 1550009) AND (ci.role_id > 1))",
                                        "Rows Removed by Filter": 4551250,
                                        "Workers": [
                                            {
                                                "Worker Number": 0,
                                                "Actual Startup Time": 208.327,
                                                "Actual Total Time": 587.129,
                                                "Actual Rows": 464945,
                                                "Actual Loops": 1
                                            },
                                            {
                                                "Worker Number": 1,
                                                "Actual Startup Time": 210.384,
                                                "Actual Total Time": 574.07,
                                                "Actual Rows": 653468,
                                                "Actual Loops": 1
                                            },
                                            {
                                                "Worker Number": 2,
                                                "Actual Startup Time": 209.592,
                                                "Actual Total Time": 574.629,
                                                "Actual Rows": 661286,
                                                "Actual Loops": 1
                                            },
                                            {
                                                "Worker Number": 3,
                                                "Actual Startup Time": 209.511,
                                                "Actual Total Time": 576.494,
                                                "Actual Rows": 665558,
                                                "Actual Loops": 1
                                            },
                                            {
                                                "Worker Number": 4,
                                                "Actual Startup Time": 209.056,
                                                "Actual Total Time": 570.271,
                                                "Actual Rows": 607360,
                                                "Actual Loops": 1
                                            },
                                            {
                                                "Worker Number": 5,
                                                "Actual Startup Time": 208.062,
                                                "Actual Total Time": 576.008,
                                                "Actual Rows": 659034,
                                                "Actual Loops": 1
                                            }
                                        ]
                                    },
                                    {
                                        "Node Type": "Hash",
                                        "Parent Relationship": "Inner",
                                        "Parallel Aware": true,
                                        "Startup Cost": 65414.37,
                                        "Total Cost": 65414.37,
                                        "Plan Rows": 575015,
                                        "Plan Width": 8,
                                        "Actual Startup Time": 409.009,
                                        "Actual Total Time": 409.498,
                                        "Actual Rows": 197148,
                                        "Actual Loops": 7,
                                        "Output": [
                                            "t.id",
                                            "mi_idx.movie_id"
                                        ],
                                        "Hash Buckets": 2097152,
                                        "Original Hash Buckets": 2097152,
                                        "Hash Batches": 1,
                                        "Original Hash Batches": 1,
                                        "Peak Memory Usage": 70464,
                                        "Workers": [
                                            {
                                                "Worker Number": 0,
                                                "Actual Startup Time": 410.687,
                                                "Actual Total Time": 410.69,
                                                "Actual Rows": 144373,
                                                "Actual Loops": 1
                                            },
                                            {
                                                "Worker Number": 1,
                                                "Actual Startup Time": 410.784,
                                                "Actual Total Time": 410.787,
                                                "Actual Rows": 208363,
                                                "Actual Loops": 1
                                            },
                                            {
                                                "Worker Number": 2,
                                                "Actual Startup Time": 410.815,
                                                "Actual Total Time": 410.818,
                                                "Actual Rows": 208358,
                                                "Actual Loops": 1
                                            },
                                            {
                                                "Worker Number": 3,
                                                "Actual Startup Time": 410.817,
                                                "Actual Total Time": 410.82,
                                                "Actual Rows": 211140,
                                                "Actual Loops": 1
                                            },
                                            {
                                                "Worker Number": 4,
                                                "Actual Startup Time": 410.901,
                                                "Actual Total Time": 410.904,
                                                "Actual Rows": 188901,
                                                "Actual Loops": 1
                                            },
                                            {
                                                "Worker Number": 5,
                                                "Actual Startup Time": 410.839,
                                                "Actual Total Time": 410.842,
                                                "Actual Rows": 215064,
                                                "Actual Loops": 1
                                            }
                                        ],
                                        "Plans": [
                                            {
                                                "Node Type": "Hash Join",
                                                "Parent Relationship": "Outer",
                                                "Parallel Aware": true,
                                                "Join Type": "Inner",
                                                "Startup Cost": 50219.81,
                                                "Total Cost": 65414.37,
                                                "Plan Rows": 575015,
                                                "Plan Width": 8,
                                                "Actual Startup Time": 258.467,
                                                "Actual Total Time": 340.815,
                                                "Actual Rows": 197148,
                                                "Actual Loops": 7,
                                                "Output": [
                                                    "t.id",
                                                    "mi_idx.movie_id"
                                                ],
                                                "Inner Unique": true,
                                                "Hash Cond": "(mi_idx.movie_id = t.id)",
                                                "Workers": [
                                                    {
                                                        "Worker Number": 0,
                                                        "Actual Startup Time": 258.502,
                                                        "Actual Total Time": 339.754,
                                                        "Actual Rows": 144373,
                                                        "Actual Loops": 1
                                                    },
                                                    {
                                                        "Worker Number": 1,
                                                        "Actual Startup Time": 258.509,
                                                        "Actual Total Time": 340.109,
                                                        "Actual Rows": 208363,
                                                        "Actual Loops": 1
                                                    },
                                                    {
                                                        "Worker Number": 2,
                                                        "Actual Startup Time": 258.406,
                                                        "Actual Total Time": 339.76,
                                                        "Actual Rows": 208358,
                                                        "Actual Loops": 1
                                                    },
                                                    {
                                                        "Worker Number": 3,
                                                        "Actual Startup Time": 258.482,
                                                        "Actual Total Time": 339.978,
                                                        "Actual Rows": 211140,
                                                        "Actual Loops": 1
                                                    },
                                                    {
                                                        "Worker Number": 4,
                                                        "Actual Startup Time": 258.392,
                                                        "Actual Total Time": 342.578,
                                                        "Actual Rows": 188901,
                                                        "Actual Loops": 1
                                                    },
                                                    {
                                                        "Worker Number": 5,
                                                        "Actual Startup Time": 258.477,
                                                        "Actual Total Time": 340.104,
                                                        "Actual Rows": 215064,
                                                        "Actual Loops": 1
                                                    }
                                                ],
                                                "Plans": [
                                                    {
                                                        "Node Type": "Seq Scan",
                                                        "Parent Relationship": "Outer",
                                                        "Parallel Aware": true,
                                                        "Relation Name": "movie_info_idx",
                                                        "Schema": "public",
                                                        "Alias": "mi_idx",
                                                        "Startup Cost": 0.0,
                                                        "Total Cost": 13685.15,
                                                        "Plan Rows": 575015,
                                                        "Plan Width": 4,
                                                        "Actual Startup Time": 0.014,
                                                        "Actual Total Time": 20.03,
                                                        "Actual Rows": 197148,
                                                        "Actual Loops": 7,
                                                        "Output": [
                                                            "mi_idx.id",
                                                            "mi_idx.movie_id",
                                                            "mi_idx.info_type_id",
                                                            "mi_idx.info",
                                                            "mi_idx.note"
                                                        ],
                                                        "Workers": [
                                                            {
                                                                "Worker Number": 0,
                                                                "Actual Startup Time": 0.022,
                                                                "Actual Total Time": 21.366,
                                                                "Actual Rows": 144373,
                                                                "Actual Loops": 1
                                                            },
                                                            {
                                                                "Worker Number": 1,
                                                                "Actual Startup Time": 0.011,
                                                                "Actual Total Time": 20.357,
                                                                "Actual Rows": 208363,
                                                                "Actual Loops": 1
                                                            },
                                                            {
                                                                "Worker Number": 2,
                                                                "Actual Startup Time": 0.013,
                                                                "Actual Total Time": 20.26,
                                                                "Actual Rows": 208358,
                                                                "Actual Loops": 1
                                                            },
                                                            {
                                                                "Worker Number": 3,
                                                                "Actual Startup Time": 0.011,
                                                                "Actual Total Time": 20.449,
                                                                "Actual Rows": 211140,
                                                                "Actual Loops": 1
                                                            },
                                                            {
                                                                "Worker Number": 4,
                                                                "Actual Startup Time": 0.014,
                                                                "Actual Total Time": 20.871,
                                                                "Actual Rows": 188901,
                                                                "Actual Loops": 1
                                                            },
                                                            {
                                                                "Worker Number": 5,
                                                                "Actual Startup Time": 0.021,
                                                                "Actual Total Time": 20.32,
                                                                "Actual Rows": 215064,
                                                                "Actual Loops": 1
                                                            }
                                                        ]
                                                    },
                                                    {
                                                        "Node Type": "Hash",
                                                        "Parent Relationship": "Inner",
                                                        "Parallel Aware": true,
                                                        "Startup Cost": 42318.81,
                                                        "Total Cost": 42318.81,
                                                        "Plan Rows": 632080,
                                                        "Plan Width": 4,
                                                        "Actual Startup Time": 254.081,
                                                        "Actual Total Time": 254.082,
                                                        "Actual Rows": 361187,
                                                        "Actual Loops": 7,
                                                        "Output": [
                                                            "t.id"
                                                        ],
                                                        "Hash Buckets": 4194304,
                                                        "Original Hash Buckets": 4194304,
                                                        "Hash Batches": 1,
                                                        "Original Hash Batches": 1,
                                                        "Peak Memory Usage": 131808,
                                                        "Workers": [
                                                            {
                                                                "Worker Number": 0,
                                                                "Actual Startup Time": 258.188,
                                                                "Actual Total Time": 258.189,
                                                                "Actual Rows": 275819,
                                                                "Actual Loops": 1
                                                            },
                                                            {
                                                                "Worker Number": 1,
                                                                "Actual Startup Time": 258.199,
                                                                "Actual Total Time": 258.201,
                                                                "Actual Rows": 361210,
                                                                "Actual Loops": 1
                                                            },
                                                            {
                                                                "Worker Number": 2,
                                                                "Actual Startup Time": 258.324,
                                                                "Actual Total Time": 258.325,
                                                                "Actual Rows": 367942,
                                                                "Actual Loops": 1
                                                            },
                                                            {
                                                                "Worker Number": 3,
                                                                "Actual Startup Time": 258.166,
                                                                "Actual Total Time": 258.167,
                                                                "Actual Rows": 375531,
                                                                "Actual Loops": 1
                                                            },
                                                            {
                                                                "Worker Number": 4,
                                                                "Actual Startup Time": 258.286,
                                                                "Actual Total Time": 258.287,
                                                                "Actual Rows": 327106,
                                                                "Actual Loops": 1
                                                            },
                                                            {
                                                                "Worker Number": 5,
                                                                "Actual Startup Time": 258.148,
                                                                "Actual Total Time": 258.149,
                                                                "Actual Rows": 369114,
                                                                "Actual Loops": 1
                                                            }
                                                        ],
                                                        "Plans": [
                                                            {
                                                                "Node Type": "Seq Scan",
                                                                "Parent Relationship": "Outer",
                                                                "Parallel Aware": true,
                                                                "Relation Name": "title",
                                                                "Schema": "public",
                                                                "Alias": "t",
                                                                "Startup Cost": 0.0,
                                                                "Total Cost": 42318.81,
                                                                "Plan Rows": 632080,
                                                                "Plan Width": 4,
                                                                "Actual Startup Time": 0.067,
                                                                "Actual Total Time": 69.167,
                                                                "Actual Rows": 361187,
                                                                "Actual Loops": 7,
                                                                "Output": [
                                                                    "t.id"
                                                                ],
                                                                "Workers": [
                                                                    {
                                                                        "Worker Number": 0,
                                                                        "Actual Startup Time": 0.08,
                                                                        "Actual Total Time": 74.931,
                                                                        "Actual Rows": 275819,
                                                                        "Actual Loops": 1
                                                                    },
                                                                    {
                                                                        "Worker Number": 1,
                                                                        "Actual Startup Time": 0.069,
                                                                        "Actual Total Time": 70.506,
                                                                        "Actual Rows": 361210,
                                                                        "Actual Loops": 1
                                                                    },
                                                                    {
                                                                        "Worker Number": 2,
                                                                        "Actual Startup Time": 0.07,
                                                                        "Actual Total Time": 70.165,
                                                                        "Actual Rows": 367942,
                                                                        "Actual Loops": 1
                                                                    },
                                                                    {
                                                                        "Worker Number": 3,
                                                                        "Actual Startup Time": 0.068,
                                                                        "Actual Total Time": 70.364,
                                                                        "Actual Rows": 375531,
                                                                        "Actual Loops": 1
                                                                    },
                                                                    {
                                                                        "Worker Number": 4,
                                                                        "Actual Startup Time": 0.103,
                                                                        "Actual Total Time": 71.285,
                                                                        "Actual Rows": 327106,
                                                                        "Actual Loops": 1
                                                                    },
                                                                    {
                                                                        "Worker Number": 5,
                                                                        "Actual Startup Time": 0.062,
                                                                        "Actual Total Time": 70.844,
                                                                        "Actual Rows": 369114,
                                                                        "Actual Loops": 1
                                                                    }
                                                                ]
                                                            }
                                                        ]
                                                    }
                                                ]
                                            }
                                        ]
                                    }
                                ]
                            }
                        ]
                    }
                ]
            }
        ]
    },
    "Planning Time": 0.952,
    "Triggers": [],
    "Execution Time": 1360.805
}