[
  {
    "Plan": {
      "Node Type": "Aggregate",
      "Strategy": "Plain",
      "Partial Mode": "Finalize",
      "Parallel Aware": false,
      "Startup Cost": 347331.49,
      "Total Cost": 347331.5,
      "Plan Rows": 1,
      "Plan Width": 8,
      "Actual Startup Time": 641.159,
      "Actual Total Time": 684.061,
      "Actual Rows": 1,
      "Actual Loops": 1,
      "Plans": [
        {
          "Node Type": "Gather",
          "Parent Relationship": "Outer",
          "Parallel Aware": false,
          "Startup Cost": 347330.86,
          "Total Cost": 347331.47,
          "Plan Rows": 6,
          "Plan Width": 8,
          "Actual Startup Time": 640.976,
          "Actual Total Time": 684.05,
          "Actual Rows": 7,
          "Actual Loops": 1,
          "Workers Planned": 6,
          "Workers Launched": 6,
          "Single Copy": false,
          "Plans": [
            {
              "Node Type": "Aggregate",
              "Strategy": "Plain",
              "Partial Mode": "Partial",
              "Parent Relationship": "Outer",
              "Parallel Aware": false,
              "Startup Cost": 346330.86,
              "Total Cost": 346330.88,
              "Plan Rows": 1,
              "Plan Width": 8,
              "Actual Startup Time": 634.181,
              "Actual Total Time": 634.183,
              "Actual Rows": 1,
              "Actual Loops": 7,
              "Plans": [
                {
                  "Node Type": "Seq Scan",
                  "Parent Relationship": "Outer",
                  "Parallel Aware": true,
                  "Relation Name": "cast_info",
                  "Alias": "ci",
                  "Startup Cost": 0.0,
                  "Total Cost": 343316.27,
                  "Plan Rows": 1205838,
                  "Plan Width": 0,
                  "Actual Startup Time": 336.535,
                  "Actual Total Time": 603.533,
                  "Actual Rows": 656961,
                  "Actual Loops": 7,
                  "Filter": "((person_id < 1637499) AND (role_id > 2))",
                  "Rows Removed by Filter": 4520803
                }
              ]
            }
          ]
        }
      ]
    },
    "Planning Time": 0.235,
    "Triggers": [],
    "Execution Time": 684.13
  }
]