[
  {
    "Plan": {
      "Node Type": "Aggregate",
      "Strategy": "Plain",
      "Partial Mode": "Finalize",
      "Parallel Aware": false,
      "Startup Cost": 181579.33,
      "Total Cost": 181579.34,
      "Plan Rows": 1,
      "Plan Width": 8,
      "Actual Startup Time": 125.133,
      "Actual Total Time": 136.346,
      "Actual Rows": 1,
      "Actual Loops": 1,
      "Plans": [
        {
          "Node Type": "Gather",
          "Parent Relationship": "Outer",
          "Parallel Aware": false,
          "Startup Cost": 181578.81,
          "Total Cost": 181579.32,
          "Plan Rows": 5,
          "Plan Width": 8,
          "Actual Startup Time": 124.267,
          "Actual Total Time": 136.333,
          "Actual Rows": 6,
          "Actual Loops": 1,
          "Workers Planned": 5,
          "Workers Launched": 5,
          "Single Copy": false,
          "Plans": [
            {
              "Node Type": "Aggregate",
              "Strategy": "Plain",
              "Partial Mode": "Partial",
              "Parent Relationship": "Outer",
              "Parallel Aware": false,
              "Startup Cost": 180578.81,
              "Total Cost": 180578.82,
              "Plan Rows": 1,
              "Plan Width": 8,
              "Actual Startup Time": 117.125,
              "Actual Total Time": 117.128,
              "Actual Rows": 1,
              "Actual Loops": 6,
              "Plans": [
                {
                  "Node Type": "Bitmap Heap Scan",
                  "Parent Relationship": "Outer",
                  "Parallel Aware": true,
                  "Relation Name": "movie_info",
                  "Alias": "mi",
                  "Startup Cost": 15939.84,
                  "Total Cost": 180137.81,
                  "Plan Rows": 176398,
                  "Plan Width": 0,
                  "Actual Startup Time": 34.395,
                  "Actual Total Time": 107.222,
                  "Actual Rows": 145371,
                  "Actual Loops": 6,
                  "Recheck Cond": "(info_type_id > 97)",
                  "Rows Removed by Index Recheck": 0,
                  "Exact Heap Blocks": 11543,
                  "Lossy Heap Blocks": 0,
                  "Plans": [
                    {
                      "Node Type": "Bitmap Index Scan",
                      "Parent Relationship": "Outer",
                      "Parallel Aware": false,
                      "Index Name": "info_type_id_movie_info",
                      "Startup Cost": 0.0,
                      "Total Cost": 15719.34,
                      "Plan Rows": 881988,
                      "Plan Width": 0,
                      "Actual Startup Time": 36.131,
                      "Actual Total Time": 36.132,
                      "Actual Rows": 872224,
                      "Actual Loops": 1,
                      "Index Cond": "(info_type_id > 97)"
                    }
                  ]
                }
              ]
            }
          ]
        }
      ]
    },
    "Planning Time": 0.238,
    "Triggers": [],
    "Execution Time": 136.408
  }
]