[
  {
    "Plan": {
      "Node Type": "Aggregate",
      "Strategy": "Plain",
      "Partial Mode": "Finalize",
      "Parallel Aware": false,
      "Startup Cost": 182319.38,
      "Total Cost": 182319.39,
      "Plan Rows": 1,
      "Plan Width": 8,
      "Actual Startup Time": 142.116,
      "Actual Total Time": 151.807,
      "Actual Rows": 1,
      "Actual Loops": 1,
      "Plans": [
        {
          "Node Type": "Gather",
          "Parent Relationship": "Outer",
          "Parallel Aware": false,
          "Startup Cost": 182318.86,
          "Total Cost": 182319.37,
          "Plan Rows": 5,
          "Plan Width": 8,
          "Actual Startup Time": 141.268,
          "Actual Total Time": 151.798,
          "Actual Rows": 6,
          "Actual Loops": 1,
          "Workers Planned": 5,
          "Workers Launched": 5,
          "Single Copy": false,
          "Plans": [
            {
              "Node Type": "Aggregate",
              "Strategy": "Plain",
              "Partial Mode": "Partial",
              "Parent Relationship": "Outer",
              "Parallel Aware": false,
              "Startup Cost": 181318.86,
              "Total Cost": 181318.87,
              "Plan Rows": 1,
              "Plan Width": 8,
              "Actual Startup Time": 132.437,
              "Actual Total Time": 132.439,
              "Actual Rows": 1,
              "Actual Loops": 6,
              "Plans": [
                {
                  "Node Type": "Bitmap Heap Scan",
                  "Parent Relationship": "Outer",
                  "Parallel Aware": true,
                  "Relation Name": "movie_info",
                  "Alias": "mi",
                  "Startup Cost": 16580.53,
                  "Total Cost": 180861.3,
                  "Plan Rows": 183022,
                  "Plan Width": 0,
                  "Actual Startup Time": 50.352,
                  "Actual Total Time": 122.235,
                  "Actual Rows": 145371,
                  "Actual Loops": 6,
                  "Recheck Cond": "(info_type_id > 97)",
                  "Rows Removed by Index Recheck": 0,
                  "Exact Heap Blocks": 10543,
                  "Lossy Heap Blocks": 0,
                  "Plans": [
                    {
                      "Node Type": "Bitmap Index Scan",
                      "Parent Relationship": "Outer",
                      "Parallel Aware": false,
                      "Index Name": "info_type_id_movie_info",
                      "Startup Cost": 0.0,
                      "Total Cost": 16351.75,
                      "Plan Rows": 915109,
                      "Plan Width": 0,
                      "Actual Startup Time": 53.213,
                      "Actual Total Time": 53.214,
                      "Actual Rows": 872224,
                      "Actual Loops": 1,
                      "Index Cond": "(info_type_id > 97)"
                    }
                  ]
                }
              ]
            }
          ]
        }
      ]
    },
    "Planning Time": 0.178,
    "Triggers": [],
    "Execution Time": 151.893
  }
]