[
  {
    "Plan": {
      "Node Type": "Aggregate",
      "Strategy": "Plain",
      "Partial Mode": "Finalize",
      "Parallel Aware": false,
      "Startup Cost": 76962.46,
      "Total Cost": 76962.47,
      "Plan Rows": 1,
      "Plan Width": 8,
      "Actual Startup Time": 188.256,
      "Actual Total Time": 205.966,
      "Actual Rows": 1,
      "Actual Loops": 1,
      "Plans": [
        {
          "Node Type": "Gather",
          "Parent Relationship": "Outer",
          "Parallel Aware": false,
          "Startup Cost": 76962.14,
          "Total Cost": 76962.45,
          "Plan Rows": 3,
          "Plan Width": 8,
          "Actual Startup Time": 187.85,
          "Actual Total Time": 205.958,
          "Actual Rows": 4,
          "Actual Loops": 1,
          "Workers Planned": 3,
          "Workers Launched": 3,
          "Single Copy": false,
          "Plans": [
            {
              "Node Type": "Aggregate",
              "Strategy": "Plain",
              "Partial Mode": "Partial",
              "Parent Relationship": "Outer",
              "Parallel Aware": false,
              "Startup Cost": 75962.14,
              "Total Cost": 75962.15,
              "Plan Rows": 1,
              "Plan Width": 8,
              "Actual Startup Time": 178.901,
              "Actual Total Time": 178.904,
              "Actual Rows": 1,
              "Actual Loops": 4,
              "Plans": [
                {
                  "Node Type": "Hash Join",
                  "Parent Relationship": "Outer",
                  "Parallel Aware": true,
                  "Join Type": "Inner",
                  "Startup Cost": 44024.94,
                  "Total Cost": 75954.32,
                  "Plan Rows": 3127,
                  "Plan Width": 0,
                  "Actual Startup Time": 119.776,
                  "Actual Total Time": 178.814,
                  "Actual Rows": 1230,
                  "Actual Loops": 4,
                  "Inner Unique": true,
                  "Hash Cond": "(mc.movie_id = t.id)",
                  "Plans": [
                    {
                      "Node Type": "Seq Scan",
                      "Parent Relationship": "Outer",
                      "Parallel Aware": true,
                      "Relation Name": "movie_companies",
                      "Alias": "mc",
                      "Startup Cost": 0.0,
                      "Total Cost": 31414.82,
                      "Plan Rows": 196024,
                      "Plan Width": 4,
                      "Actual Startup Time": 0.02,
                      "Actual Total Time": 62.834,
                      "Actual Rows": 206051,
                      "Actual Loops": 4,
                      "Filter": "((company_id < 11141) AND (company_type_id < 2))",
                      "Rows Removed by Filter": 446231
                    },
                    {
                      "Node Type": "Hash",
                      "Parent Relationship": "Inner",
                      "Parallel Aware": true,
                      "Startup Cost": 43898.92,
                      "Total Cost": 43898.92,
                      "Plan Rows": 10082,
                      "Plan Width": 4,
                      "Actual Startup Time": 95.198,
                      "Actual Total Time": 95.199,
                      "Actual Rows": 10705,
                      "Actual Loops": 4,
                      "Hash Buckets": 65536,
                      "Original Hash Buckets": 65536,
                      "Hash Batches": 1,
                      "Original Hash Batches": 1,
                      "Peak Memory Usage": 2272,
                      "Plans": [
                        {
                          "Node Type": "Seq Scan",
                          "Parent Relationship": "Outer",
                          "Parallel Aware": true,
                          "Relation Name": "title",
                          "Alias": "t",
                          "Startup Cost": 0.0,
                          "Total Cost": 43898.92,
                          "Plan Rows": 10082,
                          "Plan Width": 4,
                          "Actual Startup Time": 58.138,
                          "Actual Total Time": 91.827,
                          "Actual Rows": 10705,
                          "Actual Loops": 4,
                          "Filter": "(production_year < 1913)",
                          "Rows Removed by Filter": 621373
                        }
                      ]
                    }
                  ]
                }
              ]
            }
          ]
        }
      ]
    },
    "Planning Time": 0.672,
    "Triggers": [],
    "Execution Time": 206.037
  }
]