[
    {
        "Bao": {
            "Bao prediction": "NaN",
            "Bao recommended hint": "(no hint)"
        }
    },
    {
        "Plan": {
            "Node Type": "Aggregate",
            "Strategy": "Plain",
            "Partial Mode": "Finalize",
            "Parallel Aware": false,
            "Startup Cost": 443726.74,
            "Total Cost": 443726.75,
            "Plan Rows": 1,
            "Plan Width": 8,
            "Actual Startup Time": 1949.304,
            "Actual Total Time": 1985.897,
            "Actual Rows": 1,
            "Actual Loops": 1,
            "Output": [
                "count(*)"
            ],
            "Plans": [
                {
                    "Node Type": "Gather",
                    "Parent Relationship": "Outer",
                    "Parallel Aware": false,
                    "Startup Cost": 443726.11,
                    "Total Cost": 443726.72,
                    "Plan Rows": 6,
                    "Plan Width": 8,
                    "Actual Startup Time": 1939.575,
                    "Actual Total Time": 1985.884,
                    "Actual Rows": 7,
                    "Actual Loops": 1,
                    "Output": [
                        "(PARTIAL count(*))"
                    ],
                    "Workers Planned": 6,
                    "Workers Launched": 6,
                    "Single Copy": false,
                    "Plans": [
                        {
                            "Node Type": "Aggregate",
                            "Strategy": "Plain",
                            "Partial Mode": "Partial",
                            "Parent Relationship": "Outer",
                            "Parallel Aware": false,
                            "Startup Cost": 442726.11,
                            "Total Cost": 442726.12,
                            "Plan Rows": 1,
                            "Plan Width": 8,
                            "Actual Startup Time": 1929.441,
                            "Actual Total Time": 1929.778,
                            "Actual Rows": 1,
                            "Actual Loops": 7,
                            "Output": [
                                "PARTIAL count(*)"
                            ],
                            "Workers": [
                                {
                                    "Worker Number": 0,
                                    "Actual Startup Time": 1926.665,
                                    "Actual Total Time": 1926.671,
                                    "Actual Rows": 1,
                                    "Actual Loops": 1
                                },
                                {
                                    "Worker Number": 1,
                                    "Actual Startup Time": 1927.14,
                                    "Actual Total Time": 1927.146,
                                    "Actual Rows": 1,
                                    "Actual Loops": 1
                                },
                                {
                                    "Worker Number": 2,
                                    "Actual Startup Time": 1927.624,
                                    "Actual Total Time": 1927.629,
                                    "Actual Rows": 1,
                                    "Actual Loops": 1
                                },
                                {
                                    "Worker Number": 3,
                                    "Actual Startup Time": 1928.921,
                                    "Actual Total Time": 1928.926,
                                    "Actual Rows": 1,
                                    "Actual Loops": 1
                                },
                                {
                                    "Worker Number": 4,
                                    "Actual Startup Time": 1928.03,
                                    "Actual Total Time": 1928.035,
                                    "Actual Rows": 1,
                                    "Actual Loops": 1
                                },
                                {
                                    "Worker Number": 5,
                                    "Actual Startup Time": 1928.578,
                                    "Actual Total Time": 1928.582,
                                    "Actual Rows": 1,
                                    "Actual Loops": 1
                                }
                            ],
                            "Plans": [
                                {
                                    "Node Type": "Hash Join",
                                    "Parent Relationship": "Outer",
                                    "Parallel Aware": true,
                                    "Join Type": "Inner",
                                    "Startup Cost": 94277.74,
                                    "Total Cost": 440015.58,
                                    "Plan Rows": 1084215,
                                    "Plan Width": 0,
                                    "Actual Startup Time": 464.956,
                                    "Actual Total Time": 1779.299,
                                    "Actual Rows": 2866421,
                                    "Actual Loops": 7,
                                    "Inner Unique": false,
                                    "Hash Cond": "(ci.movie_id = t.id)",
                                    "Workers": [
                                        {
                                            "Worker Number": 0,
                                            "Actual Startup Time": 462.233,
                                            "Actual Total Time": 1772.104,
                                            "Actual Rows": 2549055,
                                            "Actual Loops": 1
                                        },
                                        {
                                            "Worker Number": 1,
                                            "Actual Startup Time": 463.199,
                                            "Actual Total Time": 1772.04,
                                            "Actual Rows": 2406646,
                                            "Actual Loops": 1
                                        },
                                        {
                                            "Worker Number": 2,
                                            "Actual Startup Time": 463.233,
                                            "Actual Total Time": 1775.201,
                                            "Actual Rows": 2365992,
                                            "Actual Loops": 1
                                        },
                                        {
                                            "Worker Number": 3,
                                            "Actual Startup Time": 463.426,
                                            "Actual Total Time": 1784.396,
                                            "Actual Rows": 3386251,
                                            "Actual Loops": 1
                                        },
                                        {
                                            "Worker Number": 4,
                                            "Actual Startup Time": 463.585,
                                            "Actual Total Time": 1790.049,
                                            "Actual Rows": 3478598,
                                            "Actual Loops": 1
                                        },
                                        {
                                            "Worker Number": 5,
                                            "Actual Startup Time": 464.297,
                                            "Actual Total Time": 1784.998,
                                            "Actual Rows": 3315385,
                                            "Actual Loops": 1
                                        }
                                    ],
                                    "Plans": [
                                        {
                                            "Node Type": "Seq Scan",
                                            "Parent Relationship": "Outer",
                                            "Parallel Aware": true,
                                            "Relation Name": "cast_info",
                                            "Schema": "public",
                                            "Alias": "ci",
                                            "Startup Cost": 0.0,
                                            "Total Cost": 328213.62,
                                            "Plan Rows": 3740467,
                                            "Plan Width": 4,
                                            "Actual Startup Time": 139.649,
                                            "Actual Total Time": 625.185,
                                            "Actual Rows": 3207370,
                                            "Actual Loops": 7,
                                            "Output": [
                                                "ci.id",
                                                "ci.person_id",
                                                "ci.movie_id",
                                                "ci.person_role_id",
                                                "ci.note",
                                                "ci.nr_order",
                                                "ci.role_id"
                                            ],
                                            "Filter": "(ci.person_id > 1357829)",
                                            "Rows Removed by Filter": 1970393,
                                            "Workers": [
                                                {
                                                    "Worker Number": 0,
                                                    "Actual Startup Time": 139.654,
                                                    "Actual Total Time": 638.667,
                                                    "Actual Rows": 2762699,
                                                    "Actual Loops": 1
                                                },
                                                {
                                                    "Worker Number": 1,
                                                    "Actual Startup Time": 139.6,
                                                    "Actual Total Time": 637.001,
                                                    "Actual Rows": 2639637,
                                                    "Actual Loops": 1
                                                },
                                                {
                                                    "Worker Number": 2,
                                                    "Actual Startup Time": 139.66,
                                                    "Actual Total Time": 638.181,
                                                    "Actual Rows": 2640702,
                                                    "Actual Loops": 1
                                                },
                                                {
                                                    "Worker Number": 3,
                                                    "Actual Startup Time": 139.663,
                                                    "Actual Total Time": 618.647,
                                                    "Actual Rows": 3804688,
                                                    "Actual Loops": 1
                                                },
                                                {
                                                    "Worker Number": 4,
                                                    "Actual Startup Time": 139.661,
                                                    "Actual Total Time": 637.796,
                                                    "Actual Rows": 3933969,
                                                    "Actual Loops": 1
                                                },
                                                {
                                                    "Worker Number": 5,
                                                    "Actual Startup Time": 139.679,
                                                    "Actual Total Time": 617.612,
                                                    "Actual Rows": 3744454,
                                                    "Actual Loops": 1
                                                }
                                            ]
                                        },
                                        {
                                            "Node Type": "Hash",
                                            "Parent Relationship": "Inner",
                                            "Parallel Aware": true,
                                            "Startup Cost": 91322.65,
                                            "Total Cost": 91322.65,
                                            "Plan Rows": 236407,
                                            "Plan Width": 8,
                                            "Actual Startup Time": 322.78,
                                            "Actual Total Time": 323.116,
                                            "Actual Rows": 134457,
                                            "Actual Loops": 7,
                                            "Output": [
                                                "t.id",
                                                "mk.movie_id"
                                            ],
                                            "Hash Buckets": 1048576,
                                            "Original Hash Buckets": 1048576,
                                            "Hash Batches": 1,
                                            "Original Hash Batches": 1,
                                            "Peak Memory Usage": 45152,
                                            "Workers": [
                                                {
                                                    "Worker Number": 0,
                                                    "Actual Startup Time": 321.859,
                                                    "Actual Total Time": 321.862,
                                                    "Actual Rows": 110043,
                                                    "Actual Loops": 1
                                                },
                                                {
                                                    "Worker Number": 1,
                                                    "Actual Startup Time": 322.153,
                                                    "Actual Total Time": 322.158,
                                                    "Actual Rows": 111068,
                                                    "Actual Loops": 1
                                                },
                                                {
                                                    "Worker Number": 2,
                                                    "Actual Startup Time": 322.749,
                                                    "Actual Total Time": 322.753,
                                                    "Actual Rows": 109970,
                                                    "Actual Loops": 1
                                                },
                                                {
                                                    "Worker Number": 3,
                                                    "Actual Startup Time": 322.931,
                                                    "Actual Total Time": 322.935,
                                                    "Actual Rows": 160385,
                                                    "Actual Loops": 1
                                                },
                                                {
                                                    "Worker Number": 4,
                                                    "Actual Startup Time": 323.082,
                                                    "Actual Total Time": 323.085,
                                                    "Actual Rows": 165280,
                                                    "Actual Loops": 1
                                                },
                                                {
                                                    "Worker Number": 5,
                                                    "Actual Startup Time": 323.686,
                                                    "Actual Total Time": 323.689,
                                                    "Actual Rows": 159874,
                                                    "Actual Loops": 1
                                                }
                                            ],
                                            "Plans": [
                                                {
                                                    "Node Type": "Hash Join",
                                                    "Parent Relationship": "Outer",
                                                    "Parallel Aware": true,
                                                    "Join Type": "Inner",
                                                    "Startup Cost": 47090.87,
                                                    "Total Cost": 91322.65,
                                                    "Plan Rows": 236407,
                                                    "Plan Width": 8,
                                                    "Actual Startup Time": 155.25,
                                                    "Actual Total Time": 281.365,
                                                    "Actual Rows": 134457,
                                                    "Actual Loops": 7,
                                                    "Output": [
                                                        "t.id",
                                                        "mk.movie_id"
                                                    ],
                                                    "Inner Unique": true,
                                                    "Hash Cond": "(mk.movie_id = t.id)",
                                                    "Workers": [
                                                        {
                                                            "Worker Number": 0,
                                                            "Actual Startup Time": 154.426,
                                                            "Actual Total Time": 280.508,
                                                            "Actual Rows": 110043,
                                                            "Actual Loops": 1
                                                        },
                                                        {
                                                            "Worker Number": 1,
                                                            "Actual Startup Time": 154.887,
                                                            "Actual Total Time": 283.186,
                                                            "Actual Rows": 111068,
                                                            "Actual Loops": 1
                                                        },
                                                        {
                                                            "Worker Number": 2,
                                                            "Actual Startup Time": 155.336,
                                                            "Actual Total Time": 280.956,
                                                            "Actual Rows": 109970,
                                                            "Actual Loops": 1
                                                        },
                                                        {
                                                            "Worker Number": 3,
                                                            "Actual Startup Time": 155.53,
                                                            "Actual Total Time": 280.834,
                                                            "Actual Rows": 160385,
                                                            "Actual Loops": 1
                                                        },
                                                        {
                                                            "Worker Number": 4,
                                                            "Actual Startup Time": 155.49,
                                                            "Actual Total Time": 282.236,
                                                            "Actual Rows": 165280,
                                                            "Actual Loops": 1
                                                        },
                                                        {
                                                            "Worker Number": 5,
                                                            "Actual Startup Time": 155.422,
                                                            "Actual Total Time": 279.784,
                                                            "Actual Rows": 159874,
                                                            "Actual Loops": 1
                                                        }
                                                    ],
                                                    "Plans": [
                                                        {
                                                            "Node Type": "Seq Scan",
                                                            "Parent Relationship": "Outer",
                                                            "Parallel Aware": true,
                                                            "Relation Name": "movie_keyword",
                                                            "Schema": "public",
                                                            "Alias": "mk",
                                                            "Startup Cost": 0.0,
                                                            "Total Cost": 42695.65,
                                                            "Plan Rows": 585192,
                                                            "Plan Width": 4,
                                                            "Actual Startup Time": 0.318,
                                                            "Actual Total Time": 75.263,
                                                            "Actual Rows": 254723,
                                                            "Actual Loops": 7,
                                                            "Output": [
                                                                "mk.id",
                                                                "mk.movie_id",
                                                                "mk.keyword_id"
                                                            ],
                                                            "Filter": "(mk.keyword_id > 7773)",
                                                            "Rows Removed by Filter": 391553,
                                                            "Workers": [
                                                                {
                                                                    "Worker Number": 0,
                                                                    "Actual Startup Time": 0.379,
                                                                    "Actual Total Time": 77.303,
                                                                    "Actual Rows": 208410,
                                                                    "Actual Loops": 1
                                                                },
                                                                {
                                                                    "Worker Number": 1,
                                                                    "Actual Startup Time": 0.372,
                                                                    "Actual Total Time": 78.125,
                                                                    "Actual Rows": 211227,
                                                                    "Actual Loops": 1
                                                                },
                                                                {
                                                                    "Worker Number": 2,
                                                                    "Actual Startup Time": 0.234,
                                                                    "Actual Total Time": 76.963,
                                                                    "Actual Rows": 207222,
                                                                    "Actual Loops": 1
                                                                },
                                                                {
                                                                    "Worker Number": 3,
                                                                    "Actual Startup Time": 0.244,
                                                                    "Actual Total Time": 74.846,
                                                                    "Actual Rows": 302158,
                                                                    "Actual Loops": 1
                                                                },
                                                                {
                                                                    "Worker Number": 4,
                                                                    "Actual Startup Time": 0.382,
                                                                    "Actual Total Time": 75.61,
                                                                    "Actual Rows": 317801,
                                                                    "Actual Loops": 1
                                                                },
                                                                {
                                                                    "Worker Number": 5,
                                                                    "Actual Startup Time": 0.243,
                                                                    "Actual Total Time": 74.112,
                                                                    "Actual Rows": 298706,
                                                                    "Actual Loops": 1
                                                                }
                                                            ]
                                                        },
                                                        {
                                                            "Node Type": "Hash",
                                                            "Parent Relationship": "Inner",
                                                            "Parallel Aware": true,
                                                            "Startup Cost": 43899.01,
                                                            "Total Cost": 43899.01,
                                                            "Plan Rows": 255349,
                                                            "Plan Width": 4,
                                                            "Actual Startup Time": 153.799,
                                                            "Actual Total Time": 153.8,
                                                            "Actual Rows": 145965,
                                                            "Actual Loops": 7,
                                                            "Output": [
                                                                "t.id"
                                                            ],
                                                            "Hash Buckets": 1048576,
                                                            "Original Hash Buckets": 1048576,
                                                            "Hash Batches": 1,
                                                            "Original Hash Batches": 1,
                                                            "Peak Memory Usage": 48256,
                                                            "Workers": [
                                                                {
                                                                    "Worker Number": 0,
                                                                    "Actual Startup Time": 153.943,
                                                                    "Actual Total Time": 153.944,
                                                                    "Actual Rows": 129018,
                                                                    "Actual Loops": 1
                                                                },
                                                                {
                                                                    "Worker Number": 1,
                                                                    "Actual Startup Time": 154.367,
                                                                    "Actual Total Time": 154.369,
                                                                    "Actual Rows": 128286,
                                                                    "Actual Loops": 1
                                                                },
                                                                {
                                                                    "Worker Number": 2,
                                                                    "Actual Startup Time": 154.826,
                                                                    "Actual Total Time": 154.828,
                                                                    "Actual Rows": 123959,
                                                                    "Actual Loops": 1
                                                                },
                                                                {
                                                                    "Worker Number": 3,
                                                                    "Actual Startup Time": 155.063,
                                                                    "Actual Total Time": 155.064,
                                                                    "Actual Rows": 155336,
                                                                    "Actual Loops": 1
                                                                },
                                                                {
                                                                    "Worker Number": 4,
                                                                    "Actual Startup Time": 155.017,
                                                                    "Actual Total Time": 155.019,
                                                                    "Actual Rows": 157316,
                                                                    "Actual Loops": 1
                                                                },
                                                                {
                                                                    "Worker Number": 5,
                                                                    "Actual Startup Time": 154.921,
                                                                    "Actual Total Time": 154.922,
                                                                    "Actual Rows": 154250,
                                                                    "Actual Loops": 1
                                                                }
                                                            ],
                                                            "Plans": [
                                                                {
                                                                    "Node Type": "Seq Scan",
                                                                    "Parent Relationship": "Outer",
                                                                    "Parallel Aware": true,
                                                                    "Relation Name": "title",
                                                                    "Schema": "public",
                                                                    "Alias": "t",
                                                                    "Startup Cost": 0.0,
                                                                    "Total Cost": 43899.01,
                                                                    "Plan Rows": 255349,
                                                                    "Plan Width": 4,
                                                                    "Actual Startup Time": 0.05,
                                                                    "Actual Total Time": 85.551,
                                                                    "Actual Rows": 145965,
                                                                    "Actual Loops": 7,
                                                                    "Output": [
                                                                        "t.id"
                                                                    ],
                                                                    "Filter": "(t.production_year < 2000)",
                                                                    "Rows Removed by Filter": 215223,
                                                                    "Workers": [
                                                                        {
                                                                            "Worker Number": 0,
                                                                            "Actual Startup Time": 0.057,
                                                                            "Actual Total Time": 89.353,
                                                                            "Actual Rows": 129018,
                                                                            "Actual Loops": 1
                                                                        },
                                                                        {
                                                                            "Worker Number": 1,
                                                                            "Actual Startup Time": 0.05,
                                                                            "Actual Total Time": 89.116,
                                                                            "Actual Rows": 128286,
                                                                            "Actual Loops": 1
                                                                        },
                                                                        {
                                                                            "Worker Number": 2,
                                                                            "Actual Startup Time": 0.045,
                                                                            "Actual Total Time": 88.606,
                                                                            "Actual Rows": 123959,
                                                                            "Actual Loops": 1
                                                                        },
                                                                        {
                                                                            "Worker Number": 3,
                                                                            "Actual Startup Time": 0.058,
                                                                            "Actual Total Time": 86.527,
                                                                            "Actual Rows": 155336,
                                                                            "Actual Loops": 1
                                                                        },
                                                                        {
                                                                            "Worker Number": 4,
                                                                            "Actual Startup Time": 0.072,
                                                                            "Actual Total Time": 84.19,
                                                                            "Actual Rows": 157316,
                                                                            "Actual Loops": 1
                                                                        },
                                                                        {
                                                                            "Worker Number": 5,
                                                                            "Actual Startup Time": 0.054,
                                                                            "Actual Total Time": 85.115,
                                                                            "Actual Rows": 154250,
                                                                            "Actual Loops": 1
                                                                        }
                                                                    ]
                                                                }
                                                            ]
                                                        }
                                                    ]
                                                }
                                            ]
                                        }
                                    ]
                                }
                            ]
                        }
                    ]
                }
            ]
        },
        "Planning Time": 194.847,
        "Triggers": [],
        "Execution Time": 1985.967
    }
]