[
  {
    "Plan": {
      "Node Type": "Aggregate",
      "Strategy": "Plain",
      "Partial Mode": "Finalize",
      "Parallel Aware": false,
      "Startup Cost": 78431.8,
      "Total Cost": 78431.81,
      "Plan Rows": 1,
      "Plan Width": 8,
      "Actual Startup Time": 200.788,
      "Actual Total Time": 218.58,
      "Actual Rows": 1,
      "Actual Loops": 1,
      "Plans": [
        {
          "Node Type": "Gather",
          "Parent Relationship": "Outer",
          "Parallel Aware": false,
          "Startup Cost": 78431.48,
          "Total Cost": 78431.79,
          "Plan Rows": 3,
          "Plan Width": 8,
          "Actual Startup Time": 200.116,
          "Actual Total Time": 218.567,
          "Actual Rows": 4,
          "Actual Loops": 1,
          "Workers Planned": 3,
          "Workers Launched": 3,
          "Single Copy": false,
          "Plans": [
            {
              "Node Type": "Aggregate",
              "Strategy": "Plain",
              "Partial Mode": "Partial",
              "Parent Relationship": "Outer",
              "Parallel Aware": false,
              "Startup Cost": 77431.48,
              "Total Cost": 77431.49,
              "Plan Rows": 1,
              "Plan Width": 8,
              "Actual Startup Time": 194.644,
              "Actual Total Time": 194.647,
              "Actual Rows": 1,
              "Actual Loops": 4,
              "Plans": [
                {
                  "Node Type": "Hash Join",
                  "Parent Relationship": "Outer",
                  "Parallel Aware": true,
                  "Join Type": "Inner",
                  "Startup Cost": 45750.86,
                  "Total Cost": 77423.07,
                  "Plan Rows": 3366,
                  "Plan Width": 0,
                  "Actual Startup Time": 107.924,
                  "Actual Total Time": 194.467,
                  "Actual Rows": 3079,
                  "Actual Loops": 4,
                  "Inner Unique": true,
                  "Hash Cond": "(mc.movie_id = t.id)",
                  "Plans": [
                    {
                      "Node Type": "Seq Scan",
                      "Parent Relationship": "Outer",
                      "Parallel Aware": true,
                      "Relation Name": "movie_companies",
                      "Alias": "mc",
                      "Startup Cost": 0.0,
                      "Total Cost": 31414.82,
                      "Plan Rows": 98052,
                      "Plan Width": 4,
                      "Actual Startup Time": 0.016,
                      "Actual Total Time": 69.228,
                      "Actual Rows": 111086,
                      "Actual Loops": 4,
                      "Filter": "((company_id < 756) AND (company_type_id = 1))",
                      "Rows Removed by Filter": 541196
                    },
                    {
                      "Node Type": "Hash",
                      "Parent Relationship": "Inner",
                      "Parallel Aware": true,
                      "Startup Cost": 45479.59,
                      "Total Cost": 45479.59,
                      "Plan Rows": 21702,
                      "Plan Width": 4,
                      "Actual Startup Time": 106.761,
                      "Actual Total Time": 106.762,
                      "Actual Rows": 23157,
                      "Actual Loops": 4,
                      "Hash Buckets": 131072,
                      "Original Hash Buckets": 131072,
                      "Hash Batches": 1,
                      "Original Hash Batches": 1,
                      "Peak Memory Usage": 4704,
                      "Plans": [
                        {
                          "Node Type": "Seq Scan",
                          "Parent Relationship": "Outer",
                          "Parallel Aware": true,
                          "Relation Name": "title",
                          "Alias": "t",
                          "Startup Cost": 0.0,
                          "Total Cost": 45479.59,
                          "Plan Rows": 21702,
                          "Plan Width": 4,
                          "Actual Startup Time": 0.035,
                          "Actual Total Time": 97.664,
                          "Actual Rows": 23157,
                          "Actual Loops": 4,
                          "Filter": "((kind_id = 7) AND (production_year = 2010))",
                          "Rows Removed by Filter": 608921
                        }
                      ]
                    }
                  ]
                }
              ]
            }
          ]
        }
      ]
    },
    "Planning Time": 0.265,
    "Triggers": [],
    "Execution Time": 218.617
  }
]