[
  {
    "Plan": {
      "Node Type": "Aggregate",
      "Strategy": "Plain",
      "Partial Mode": "Finalize",
      "Parallel Aware": false,
      "Startup Cost": 85017.46,
      "Total Cost": 85017.47,
      "Plan Rows": 1,
      "Plan Width": 8,
      "Actual Startup Time": 505.973,
      "Actual Total Time": 524.456,
      "Actual Rows": 1,
      "Actual Loops": 1,
      "Plans": [
        {
          "Node Type": "Gather",
          "Parent Relationship": "Outer",
          "Parallel Aware": false,
          "Startup Cost": 85017.14,
          "Total Cost": 85017.45,
          "Plan Rows": 3,
          "Plan Width": 8,
          "Actual Startup Time": 494.446,
          "Actual Total Time": 524.443,
          "Actual Rows": 4,
          "Actual Loops": 1,
          "Workers Planned": 3,
          "Workers Launched": 3,
          "Single Copy": false,
          "Plans": [
            {
              "Node Type": "Aggregate",
              "Strategy": "Plain",
              "Partial Mode": "Partial",
              "Parent Relationship": "Outer",
              "Parallel Aware": false,
              "Startup Cost": 84017.14,
              "Total Cost": 84017.15,
              "Plan Rows": 1,
              "Plan Width": 8,
              "Actual Startup Time": 481.705,
              "Actual Total Time": 481.709,
              "Actual Rows": 1,
              "Actual Loops": 4,
              "Plans": [
                {
                  "Node Type": "Hash Join",
                  "Parent Relationship": "Outer",
                  "Parallel Aware": true,
                  "Join Type": "Inner",
                  "Startup Cost": 57657.11,
                  "Total Cost": 83790.4,
                  "Plan Rows": 90699,
                  "Plan Width": 0,
                  "Actual Startup Time": 375.586,
                  "Actual Total Time": 476.274,
                  "Actual Rows": 85140,
                  "Actual Loops": 4,
                  "Inner Unique": true,
                  "Hash Cond": "(mk.movie_id = t.id)",
                  "Plans": [
                    {
                      "Node Type": "Bitmap Heap Scan",
                      "Parent Relationship": "Outer",
                      "Parallel Aware": true,
                      "Relation Name": "movie_keyword",
                      "Alias": "mk",
                      "Startup Cost": 7303.87,
                      "Total Cost": 33145.71,
                      "Plan Rows": 111027,
                      "Plan Width": 4,
                      "Actual Startup Time": 35.016,
                      "Actual Total Time": 90.735,
                      "Actual Rows": 90524,
                      "Actual Loops": 4,
                      "Recheck Cond": "(keyword_id < 333)",
                      "Rows Removed by Index Recheck": 0,
                      "Exact Heap Blocks": 6441,
                      "Lossy Heap Blocks": 0,
                      "Plans": [
                        {
                          "Node Type": "Bitmap Index Scan",
                          "Parent Relationship": "Outer",
                          "Parallel Aware": false,
                          "Index Name": "keyword_id_movie_keyword",
                          "Startup Cost": 0.0,
                          "Total Cost": 7217.82,
                          "Plan Rows": 344185,
                          "Plan Width": 0,
                          "Actual Startup Time": 29.321,
                          "Actual Total Time": 29.322,
                          "Actual Rows": 362095,
                          "Actual Loops": 1,
                          "Index Cond": "(keyword_id < 333)"
                        }
                      ]
                    },
                    {
                      "Node Type": "Hash",
                      "Parent Relationship": "Inner",
                      "Parallel Aware": true,
                      "Startup Cost": 43898.92,
                      "Total Cost": 43898.92,
                      "Plan Rows": 516346,
                      "Plan Width": 4,
                      "Actual Startup Time": 332.815,
                      "Actual Total Time": 332.816,
                      "Actual Rows": 516138,
                      "Actual Loops": 4,
                      "Hash Buckets": 2097152,
                      "Original Hash Buckets": 2097152,
                      "Hash Batches": 1,
                      "Original Hash Batches": 1,
                      "Peak Memory Usage": 97184,
                      "Plans": [
                        {
                          "Node Type": "Seq Scan",
                          "Parent Relationship": "Outer",
                          "Parallel Aware": true,
                          "Relation Name": "title",
                          "Alias": "t",
                          "Startup Cost": 0.0,
                          "Total Cost": 43898.92,
                          "Plan Rows": 516346,
                          "Plan Width": 4,
                          "Actual Startup Time": 0.048,
                          "Actual Total Time": 130.219,
                          "Actual Rows": 516138,
                          "Actual Loops": 4,
                          "Filter": "(production_year < 2011)",
                          "Rows Removed by Filter": 115940
                        }
                      ]
                    }
                  ]
                }
              ]
            }
          ]
        }
      ]
    },
    "Planning Time": 0.552,
    "Triggers": [],
    "Execution Time": 524.548
  }
]