[
  {
    "Plan": {
      "Node Type": "Aggregate",
      "Strategy": "Plain",
      "Partial Mode": "Finalize",
      "Parallel Aware": false,
      "Startup Cost": 87319.28,
      "Total Cost": 87319.29,
      "Plan Rows": 1,
      "Plan Width": 8,
      "Actual Startup Time": 117.499,
      "Actual Total Time": 134.064,
      "Actual Rows": 1,
      "Actual Loops": 1,
      "Plans": [
        {
          "Node Type": "Gather",
          "Parent Relationship": "Outer",
          "Parallel Aware": false,
          "Startup Cost": 87318.86,
          "Total Cost": 87319.27,
          "Plan Rows": 4,
          "Plan Width": 8,
          "Actual Startup Time": 117.367,
          "Actual Total Time": 134.056,
          "Actual Rows": 5,
          "Actual Loops": 1,
          "Workers Planned": 4,
          "Workers Launched": 4,
          "Single Copy": false,
          "Plans": [
            {
              "Node Type": "Aggregate",
              "Strategy": "Plain",
              "Partial Mode": "Partial",
              "Parent Relationship": "Outer",
              "Parallel Aware": false,
              "Startup Cost": 86318.86,
              "Total Cost": 86318.87,
              "Plan Rows": 1,
              "Plan Width": 8,
              "Actual Startup Time": 107.842,
              "Actual Total Time": 107.843,
              "Actual Rows": 1,
              "Actual Loops": 5,
              "Plans": [
                {
                  "Node Type": "Nested Loop",
                  "Parent Relationship": "Outer",
                  "Parallel Aware": false,
                  "Join Type": "Inner",
                  "Startup Cost": 0.43,
                  "Total Cost": 86314.9,
                  "Plan Rows": 1583,
                  "Plan Width": 0,
                  "Actual Startup Time": 59.345,
                  "Actual Total Time": 107.238,
                  "Actual Rows": 7876,
                  "Actual Loops": 5,
                  "Inner Unique": false,
                  "Plans": [
                    {
                      "Node Type": "Seq Scan",
                      "Parent Relationship": "Outer",
                      "Parallel Aware": true,
                      "Relation Name": "title",
                      "Alias": "t",
                      "Startup Cost": 0.0,
                      "Total Cost": 45479.1,
                      "Plan Rows": 271,
                      "Plan Width": 4,
                      "Actual Startup Time": 59.25,
                      "Actual Total Time": 81.618,
                      "Actual Rows": 756,
                      "Actual Loops": 5,
                      "Filter": "((kind_id = 1) AND (production_year = 1918))",
                      "Rows Removed by Filter": 504906
                    },
                    {
                      "Node Type": "Index Only Scan",
                      "Parent Relationship": "Inner",
                      "Parallel Aware": false,
                      "Scan Direction": "Forward",
                      "Index Name": "movie_id_movie_info",
                      "Relation Name": "movie_info",
                      "Alias": "mi",
                      "Startup Cost": 0.43,
                      "Total Cost": 150.27,
                      "Plan Rows": 42,
                      "Plan Width": 4,
                      "Actual Startup Time": 0.013,
                      "Actual Total Time": 0.033,
                      "Actual Rows": 10,
                      "Actual Loops": 3781,
                      "Index Cond": "(movie_id = t.id)",
                      "Rows Removed by Index Recheck": 0,
                      "Heap Fetches": 39378
                    }
                  ]
                }
              ]
            }
          ]
        }
      ]
    },
    "Planning Time": 0.596,
    "Triggers": [],
    "Execution Time": 134.144
  }
]