{
    "Plan": {
        "Node Type": "Aggregate",
        "Strategy": "Plain",
        "Partial Mode": "Finalize",
        "Parallel Aware": false,
        "Startup Cost": 246766.59,
        "Total Cost": 246766.6,
        "Plan Rows": 1,
        "Plan Width": 8,
        "Actual Startup Time": 473.131,
        "Actual Total Time": 517.172,
        "Actual Rows": 1,
        "Actual Loops": 1,
        "Output": [
            "count(*)"
        ],
        "Plans": [
            {
                "Node Type": "Gather",
                "Parent Relationship": "Outer",
                "Parallel Aware": false,
                "Startup Cost": 246766.07,
                "Total Cost": 246766.58,
                "Plan Rows": 5,
                "Plan Width": 8,
                "Actual Startup Time": 470.341,
                "Actual Total Time": 517.159,
                "Actual Rows": 6,
                "Actual Loops": 1,
                "Output": [
                    "(PARTIAL count(*))"
                ],
                "Workers Planned": 5,
                "Workers Launched": 5,
                "Single Copy": false,
                "Plans": [
                    {
                        "Node Type": "Aggregate",
                        "Strategy": "Plain",
                        "Partial Mode": "Partial",
                        "Parent Relationship": "Outer",
                        "Parallel Aware": false,
                        "Startup Cost": 245766.07,
                        "Total Cost": 245766.08,
                        "Plan Rows": 1,
                        "Plan Width": 8,
                        "Actual Startup Time": 460.956,
                        "Actual Total Time": 461.011,
                        "Actual Rows": 1,
                        "Actual Loops": 6,
                        "Output": [
                            "PARTIAL count(*)"
                        ],
                        "Workers": [
                            {
                                "Worker Number": 0,
                                "Actual Startup Time": 458.738,
                                "Actual Total Time": 458.743,
                                "Actual Rows": 1,
                                "Actual Loops": 1
                            },
                            {
                                "Worker Number": 1,
                                "Actual Startup Time": 458.443,
                                "Actual Total Time": 458.445,
                                "Actual Rows": 1,
                                "Actual Loops": 1
                            },
                            {
                                "Worker Number": 2,
                                "Actual Startup Time": 459.689,
                                "Actual Total Time": 459.692,
                                "Actual Rows": 1,
                                "Actual Loops": 1
                            },
                            {
                                "Worker Number": 3,
                                "Actual Startup Time": 459.685,
                                "Actual Total Time": 459.688,
                                "Actual Rows": 1,
                                "Actual Loops": 1
                            },
                            {
                                "Worker Number": 4,
                                "Actual Startup Time": 459.708,
                                "Actual Total Time": 459.711,
                                "Actual Rows": 1,
                                "Actual Loops": 1
                            }
                        ],
                        "Plans": [
                            {
                                "Node Type": "Hash Join",
                                "Parent Relationship": "Outer",
                                "Parallel Aware": true,
                                "Join Type": "Inner",
                                "Startup Cost": 46129.6,
                                "Total Cost": 245711.13,
                                "Plan Rows": 21976,
                                "Plan Width": 0,
                                "Actual Startup Time": 381.239,
                                "Actual Total Time": 458.489,
                                "Actual Rows": 58442,
                                "Actual Loops": 6,
                                "Inner Unique": true,
                                "Hash Cond": "(mi.movie_id = t.id)",
                                "Workers": [
                                    {
                                        "Worker Number": 0,
                                        "Actual Startup Time": 377.995,
                                        "Actual Total Time": 456.218,
                                        "Actual Rows": 39136,
                                        "Actual Loops": 1
                                    },
                                    {
                                        "Worker Number": 1,
                                        "Actual Startup Time": 378.912,
                                        "Actual Total Time": 455.918,
                                        "Actual Rows": 64221,
                                        "Actual Loops": 1
                                    },
                                    {
                                        "Worker Number": 2,
                                        "Actual Startup Time": 380.191,
                                        "Actual Total Time": 457.221,
                                        "Actual Rows": 62968,
                                        "Actual Loops": 1
                                    },
                                    {
                                        "Worker Number": 3,
                                        "Actual Startup Time": 380.172,
                                        "Actual Total Time": 457.252,
                                        "Actual Rows": 62123,
                                        "Actual Loops": 1
                                    },
                                    {
                                        "Worker Number": 4,
                                        "Actual Startup Time": 380.225,
                                        "Actual Total Time": 457.336,
                                        "Actual Rows": 57143,
                                        "Actual Loops": 1
                                    }
                                ],
                                "Plans": [
                                    {
                                        "Node Type": "Seq Scan",
                                        "Parent Relationship": "Outer",
                                        "Parallel Aware": true,
                                        "Relation Name": "movie_info",
                                        "Schema": "public",
                                        "Alias": "mi",
                                        "Startup Cost": 0.0,
                                        "Total Cost": 198880.74,
                                        "Plan Rows": 266969,
                                        "Plan Width": 4,
                                        "Actual Startup Time": 247.984,
                                        "Actual Total Time": 301.606,
                                        "Actual Rows": 220894,
                                        "Actual Loops": 6,
                                        "Output": [
                                            "mi.id",
                                            "mi.movie_id",
                                            "mi.info_type_id",
                                            "mi.info",
                                            "mi.note"
                                        ],
                                        "Filter": "(mi.info_type_id = 8)",
                                        "Rows Removed by Filter": 2251726,
                                        "Workers": [
                                            {
                                                "Worker Number": 0,
                                                "Actual Startup Time": 247.966,
                                                "Actual Total Time": 303.439,
                                                "Actual Rows": 152449,
                                                "Actual Loops": 1
                                            },
                                            {
                                                "Worker Number": 1,
                                                "Actual Startup Time": 247.992,
                                                "Actual Total Time": 301.899,
                                                "Actual Rows": 240280,
                                                "Actual Loops": 1
                                            },
                                            {
                                                "Worker Number": 2,
                                                "Actual Startup Time": 247.983,
                                                "Actual Total Time": 301.75,
                                                "Actual Rows": 238490,
                                                "Actual Loops": 1
                                            },
                                            {
                                                "Worker Number": 3,
                                                "Actual Startup Time": 247.995,
                                                "Actual Total Time": 301.645,
                                                "Actual Rows": 237549,
                                                "Actual Loops": 1
                                            },
                                            {
                                                "Worker Number": 4,
                                                "Actual Startup Time": 247.99,
                                                "Actual Total Time": 301.562,
                                                "Actual Rows": 214563,
                                                "Actual Loops": 1
                                            }
                                        ]
                                    },
                                    {
                                        "Node Type": "Hash",
                                        "Parent Relationship": "Inner",
                                        "Parallel Aware": true,
                                        "Startup Cost": 45479.21,
                                        "Total Cost": 45479.21,
                                        "Plan Rows": 52031,
                                        "Plan Width": 4,
                                        "Actual Startup Time": 108.839,
                                        "Actual Total Time": 108.84,
                                        "Actual Rows": 56048,
                                        "Actual Loops": 6,
                                        "Output": [
                                            "t.id"
                                        ],
                                        "Hash Buckets": 524288,
                                        "Original Hash Buckets": 262144,
                                        "Hash Batches": 1,
                                        "Original Hash Batches": 1,
                                        "Peak Memory Usage": 19392,
                                        "Workers": [
                                            {
                                                "Worker Number": 0,
                                                "Actual Startup Time": 106.954,
                                                "Actual Total Time": 106.955,
                                                "Actual Rows": 38372,
                                                "Actual Loops": 1
                                            },
                                            {
                                                "Worker Number": 1,
                                                "Actual Startup Time": 107.94,
                                                "Actual Total Time": 107.941,
                                                "Actual Rows": 59023,
                                                "Actual Loops": 1
                                            },
                                            {
                                                "Worker Number": 2,
                                                "Actual Startup Time": 109.106,
                                                "Actual Total Time": 109.108,
                                                "Actual Rows": 60352,
                                                "Actual Loops": 1
                                            },
                                            {
                                                "Worker Number": 3,
                                                "Actual Startup Time": 109.084,
                                                "Actual Total Time": 109.085,
                                                "Actual Rows": 57330,
                                                "Actual Loops": 1
                                            },
                                            {
                                                "Worker Number": 4,
                                                "Actual Startup Time": 109.137,
                                                "Actual Total Time": 109.138,
                                                "Actual Rows": 55965,
                                                "Actual Loops": 1
                                            }
                                        ],
                                        "Plans": [
                                            {
                                                "Node Type": "Seq Scan",
                                                "Parent Relationship": "Outer",
                                                "Parallel Aware": true,
                                                "Relation Name": "title",
                                                "Schema": "public",
                                                "Alias": "t",
                                                "Startup Cost": 0.0,
                                                "Total Cost": 45479.21,
                                                "Plan Rows": 52031,
                                                "Plan Width": 4,
                                                "Actual Startup Time": 50.444,
                                                "Actual Total Time": 80.824,
                                                "Actual Rows": 56048,
                                                "Actual Loops": 6,
                                                "Output": [
                                                    "t.id"
                                                ],
                                                "Filter": "((t.production_year < 1994) AND (t.kind_id = 1))",
                                                "Rows Removed by Filter": 365337,
                                                "Workers": [
                                                    {
                                                        "Worker Number": 0,
                                                        "Actual Startup Time": 49.835,
                                                        "Actual Total Time": 80.225,
                                                        "Actual Rows": 38372,
                                                        "Actual Loops": 1
                                                    },
                                                    {
                                                        "Worker Number": 1,
                                                        "Actual Startup Time": 49.213,
                                                        "Actual Total Time": 79.971,
                                                        "Actual Rows": 59023,
                                                        "Actual Loops": 1
                                                    },
                                                    {
                                                        "Worker Number": 2,
                                                        "Actual Startup Time": 50.413,
                                                        "Actual Total Time": 80.89,
                                                        "Actual Rows": 60352,
                                                        "Actual Loops": 1
                                                    },
                                                    {
                                                        "Worker Number": 3,
                                                        "Actual Startup Time": 50.468,
                                                        "Actual Total Time": 81.105,
                                                        "Actual Rows": 57330,
                                                        "Actual Loops": 1
                                                    },
                                                    {
                                                        "Worker Number": 4,
                                                        "Actual Startup Time": 50.542,
                                                        "Actual Total Time": 81.993,
                                                        "Actual Rows": 55965,
                                                        "Actual Loops": 1
                                                    }
                                                ]
                                            }
                                        ]
                                    }
                                ]
                            }
                        ]
                    }
                ]
            }
        ]
    },
    "Planning Time": 0.747,
    "Triggers": [],
    "Execution Time": 517.255
}