[
  {
    "Plan": {
      "Node Type": "Aggregate",
      "Strategy": "Plain",
      "Partial Mode": "Finalize",
      "Parallel Aware": false,
      "Startup Cost": 89889.55,
      "Total Cost": 89889.56,
      "Plan Rows": 1,
      "Plan Width": 8,
      "Actual Startup Time": 7071.44,
      "Actual Total Time": 7095.158,
      "Actual Rows": 1,
      "Actual Loops": 1,
      "Plans": [
        {
          "Node Type": "Gather",
          "Parent Relationship": "Outer",
          "Parallel Aware": false,
          "Startup Cost": 89889.23,
          "Total Cost": 89889.54,
          "Plan Rows": 3,
          "Plan Width": 8,
          "Actual Startup Time": 7070.318,
          "Actual Total Time": 7095.149,
          "Actual Rows": 4,
          "Actual Loops": 1,
          "Workers Planned": 3,
          "Workers Launched": 3,
          "Single Copy": false,
          "Plans": [
            {
              "Node Type": "Aggregate",
              "Strategy": "Plain",
              "Partial Mode": "Partial",
              "Parent Relationship": "Outer",
              "Parallel Aware": false,
              "Startup Cost": 88889.23,
              "Total Cost": 88889.24,
              "Plan Rows": 1,
              "Plan Width": 8,
              "Actual Startup Time": 7064.495,
              "Actual Total Time": 7064.508,
              "Actual Rows": 1,
              "Actual Loops": 4,
              "Plans": [
                {
                  "Node Type": "Hash Join",
                  "Parent Relationship": "Outer",
                  "Parallel Aware": true,
                  "Join Type": "Inner",
                  "Startup Cost": 60940.85,
                  "Total Cost": 88860.86,
                  "Plan Rows": 11349,
                  "Plan Width": 0,
                  "Actual Startup Time": 6921.757,
                  "Actual Total Time": 7061.432,
                  "Actual Rows": 37907,
                  "Actual Loops": 4,
                  "Inner Unique": true,
                  "Hash Cond": "(mk.movie_id = t.id)",
                  "Plans": [
                    {
                      "Node Type": "Bitmap Heap Scan",
                      "Parent Relationship": "Outer",
                      "Parallel Aware": true,
                      "Relation Name": "movie_keyword",
                      "Alias": "mk",
                      "Startup Cost": 15069.95,
                      "Total Cost": 42388.42,
                      "Plan Rows": 229158,
                      "Plan Width": 4,
                      "Actual Startup Time": 6799.648,
                      "Actual Total Time": 6888.899,
                      "Actual Rows": 177914,
                      "Actual Loops": 4,
                      "Recheck Cond": "(keyword_id < 613)",
                      "Rows Removed by Index Recheck": 0,
                      "Exact Heap Blocks": 6907,
                      "Lossy Heap Blocks": 0,
                      "Plans": [
                        {
                          "Node Type": "Bitmap Index Scan",
                          "Parent Relationship": "Outer",
                          "Parallel Aware": false,
                          "Index Name": "keyword_id_movie_keyword",
                          "Startup Cost": 0.0,
                          "Total Cost": 14892.35,
                          "Plan Rows": 710389,
                          "Plan Width": 0,
                          "Actual Startup Time": 6785.429,
                          "Actual Total Time": 6785.43,
                          "Actual Rows": 711658,
                          "Actual Loops": 1,
                          "Index Cond": "(keyword_id < 613)"
                        }
                      ]
                    },
                    {
                      "Node Type": "Hash",
                      "Parent Relationship": "Inner",
                      "Parallel Aware": true,
                      "Startup Cost": 45479.59,
                      "Total Cost": 45479.59,
                      "Plan Rows": 31305,
                      "Plan Width": 4,
                      "Actual Startup Time": 120.931,
                      "Actual Total Time": 120.932,
                      "Actual Rows": 64765,
                      "Actual Loops": 4,
                      "Hash Buckets": 262144,
                      "Original Hash Buckets": 131072,
                      "Hash Batches": 1,
                      "Original Hash Batches": 1,
                      "Peak Memory Usage": 13280,
                      "Plans": [
                        {
                          "Node Type": "Seq Scan",
                          "Parent Relationship": "Outer",
                          "Parallel Aware": true,
                          "Relation Name": "title",
                          "Alias": "t",
                          "Startup Cost": 0.0,
                          "Total Cost": 45479.59,
                          "Plan Rows": 31305,
                          "Plan Width": 4,
                          "Actual Startup Time": 0.061,
                          "Actual Total Time": 96.144,
                          "Actual Rows": 64765,
                          "Actual Loops": 4,
                          "Filter": "((kind_id < 3) AND (production_year < 1975))",
                          "Rows Removed by Filter": 567313
                        }
                      ]
                    }
                  ]
                }
              ]
            }
          ]
        }
      ]
    },
    "Planning Time": 0.278,
    "Triggers": [],
    "Execution Time": 7095.213
  }
]