[
    {
        "Bao": {
            "Bao prediction": "NaN",
            "Bao recommended hint": "(no hint)"
        }
    },
    {
        "Plan": {
            "Node Type": "Aggregate",
            "Strategy": "Plain",
            "Partial Mode": "Finalize",
            "Parallel Aware": false,
            "Startup Cost": 295932.42,
            "Total Cost": 295932.43,
            "Plan Rows": 1,
            "Plan Width": 8,
            "Actual Startup Time": 1064.57,
            "Actual Total Time": 1091.625,
            "Actual Rows": 1,
            "Actual Loops": 1,
            "Output": [
                "count(*)"
            ],
            "Plans": [
                {
                    "Node Type": "Gather",
                    "Parent Relationship": "Outer",
                    "Parallel Aware": false,
                    "Startup Cost": 295931.9,
                    "Total Cost": 295932.41,
                    "Plan Rows": 5,
                    "Plan Width": 8,
                    "Actual Startup Time": 1050.849,
                    "Actual Total Time": 1091.617,
                    "Actual Rows": 6,
                    "Actual Loops": 1,
                    "Output": [
                        "(PARTIAL count(*))"
                    ],
                    "Workers Planned": 5,
                    "Workers Launched": 5,
                    "Single Copy": false,
                    "Plans": [
                        {
                            "Node Type": "Aggregate",
                            "Strategy": "Plain",
                            "Partial Mode": "Partial",
                            "Parent Relationship": "Outer",
                            "Parallel Aware": false,
                            "Startup Cost": 294931.9,
                            "Total Cost": 294931.91,
                            "Plan Rows": 1,
                            "Plan Width": 8,
                            "Actual Startup Time": 1041.535,
                            "Actual Total Time": 1041.828,
                            "Actual Rows": 1,
                            "Actual Loops": 6,
                            "Output": [
                                "PARTIAL count(*)"
                            ],
                            "Workers": [
                                {
                                    "Worker Number": 0,
                                    "Actual Startup Time": 1039.888,
                                    "Actual Total Time": 1039.892,
                                    "Actual Rows": 1,
                                    "Actual Loops": 1
                                },
                                {
                                    "Worker Number": 1,
                                    "Actual Startup Time": 1039.388,
                                    "Actual Total Time": 1039.393,
                                    "Actual Rows": 1,
                                    "Actual Loops": 1
                                },
                                {
                                    "Worker Number": 2,
                                    "Actual Startup Time": 1039.657,
                                    "Actual Total Time": 1039.663,
                                    "Actual Rows": 1,
                                    "Actual Loops": 1
                                },
                                {
                                    "Worker Number": 3,
                                    "Actual Startup Time": 1039.717,
                                    "Actual Total Time": 1039.722,
                                    "Actual Rows": 1,
                                    "Actual Loops": 1
                                },
                                {
                                    "Worker Number": 4,
                                    "Actual Startup Time": 1040.063,
                                    "Actual Total Time": 1040.07,
                                    "Actual Rows": 1,
                                    "Actual Loops": 1
                                }
                            ],
                            "Plans": [
                                {
                                    "Node Type": "Hash Join",
                                    "Parent Relationship": "Outer",
                                    "Parallel Aware": true,
                                    "Join Type": "Inner",
                                    "Startup Cost": 82692.62,
                                    "Total Cost": 293255.42,
                                    "Plan Rows": 670592,
                                    "Plan Width": 0,
                                    "Actual Startup Time": 335.186,
                                    "Actual Total Time": 1017.594,
                                    "Actual Rows": 416101,
                                    "Actual Loops": 6,
                                    "Inner Unique": false,
                                    "Hash Cond": "(mi.movie_id = t.id)",
                                    "Workers": [
                                        {
                                            "Worker Number": 0,
                                            "Actual Startup Time": 332.33,
                                            "Actual Total Time": 1014.931,
                                            "Actual Rows": 350781,
                                            "Actual Loops": 1
                                        },
                                        {
                                            "Worker Number": 1,
                                            "Actual Startup Time": 333.194,
                                            "Actual Total Time": 1014.682,
                                            "Actual Rows": 346420,
                                            "Actual Loops": 1
                                        },
                                        {
                                            "Worker Number": 2,
                                            "Actual Startup Time": 333.387,
                                            "Actual Total Time": 1015.426,
                                            "Actual Rows": 341565,
                                            "Actual Loops": 1
                                        },
                                        {
                                            "Worker Number": 3,
                                            "Actual Startup Time": 333.752,
                                            "Actual Total Time": 1015.908,
                                            "Actual Rows": 518658,
                                            "Actual Loops": 1
                                        },
                                        {
                                            "Worker Number": 4,
                                            "Actual Startup Time": 334.02,
                                            "Actual Total Time": 1015.555,
                                            "Actual Rows": 344825,
                                            "Actual Loops": 1
                                        }
                                    ],
                                    "Plans": [
                                        {
                                            "Node Type": "Seq Scan",
                                            "Parent Relationship": "Outer",
                                            "Parallel Aware": true,
                                            "Relation Name": "movie_info",
                                            "Schema": "public",
                                            "Alias": "mi",
                                            "Startup Cost": 0.0,
                                            "Total Cost": 198880.74,
                                            "Plan Rows": 2538363,
                                            "Plan Width": 4,
                                            "Actual Startup Time": 0.021,
                                            "Actual Total Time": 386.743,
                                            "Actual Rows": 2124109,
                                            "Actual Loops": 6,
                                            "Output": [
                                                "mi.id",
                                                "mi.movie_id",
                                                "mi.info_type_id",
                                                "mi.info",
                                                "mi.note"
                                            ],
                                            "Filter": "(mi.info_type_id > 2)",
                                            "Rows Removed by Filter": 348511,
                                            "Workers": [
                                                {
                                                    "Worker Number": 0,
                                                    "Actual Startup Time": 0.027,
                                                    "Actual Total Time": 392.868,
                                                    "Actual Rows": 1758053,
                                                    "Actual Loops": 1
                                                },
                                                {
                                                    "Worker Number": 1,
                                                    "Actual Startup Time": 0.021,
                                                    "Actual Total Time": 393.561,
                                                    "Actual Rows": 1755047,
                                                    "Actual Loops": 1
                                                },
                                                {
                                                    "Worker Number": 2,
                                                    "Actual Startup Time": 0.021,
                                                    "Actual Total Time": 394.662,
                                                    "Actual Rows": 1756982,
                                                    "Actual Loops": 1
                                                },
                                                {
                                                    "Worker Number": 3,
                                                    "Actual Startup Time": 0.022,
                                                    "Actual Total Time": 377.852,
                                                    "Actual Rows": 2659643,
                                                    "Actual Loops": 1
                                                },
                                                {
                                                    "Worker Number": 4,
                                                    "Actual Startup Time": 0.022,
                                                    "Actual Total Time": 399.368,
                                                    "Actual Rows": 1724519,
                                                    "Actual Loops": 1
                                                }
                                            ]
                                        },
                                        {
                                            "Node Type": "Hash",
                                            "Parent Relationship": "Inner",
                                            "Parallel Aware": true,
                                            "Startup Cost": 79999.32,
                                            "Total Cost": 79999.32,
                                            "Plan Rows": 215464,
                                            "Plan Width": 8,
                                            "Actual Startup Time": 332.139,
                                            "Actual Total Time": 332.431,
                                            "Actual Rows": 45985,
                                            "Actual Loops": 6,
                                            "Output": [
                                                "t.id",
                                                "mc.movie_id"
                                            ],
                                            "Hash Buckets": 1048576,
                                            "Original Hash Buckets": 1048576,
                                            "Hash Batches": 1,
                                            "Original Hash Batches": 1,
                                            "Peak Memory Usage": 19072,
                                            "Workers": [
                                                {
                                                    "Worker Number": 0,
                                                    "Actual Startup Time": 331.566,
                                                    "Actual Total Time": 331.569,
                                                    "Actual Rows": 40083,
                                                    "Actual Loops": 1
                                                },
                                                {
                                                    "Worker Number": 1,
                                                    "Actual Startup Time": 331.787,
                                                    "Actual Total Time": 331.791,
                                                    "Actual Rows": 40895,
                                                    "Actual Loops": 1
                                                },
                                                {
                                                    "Worker Number": 2,
                                                    "Actual Startup Time": 332.043,
                                                    "Actual Total Time": 332.047,
                                                    "Actual Rows": 40249,
                                                    "Actual Loops": 1
                                                },
                                                {
                                                    "Worker Number": 3,
                                                    "Actual Startup Time": 332.057,
                                                    "Actual Total Time": 332.06,
                                                    "Actual Rows": 56244,
                                                    "Actual Loops": 1
                                                },
                                                {
                                                    "Worker Number": 4,
                                                    "Actual Startup Time": 332.275,
                                                    "Actual Total Time": 332.28,
                                                    "Actual Rows": 38859,
                                                    "Actual Loops": 1
                                                }
                                            ],
                                            "Plans": [
                                                {
                                                    "Node Type": "Hash Join",
                                                    "Parent Relationship": "Outer",
                                                    "Parallel Aware": true,
                                                    "Join Type": "Inner",
                                                    "Startup Cost": 49605.7,
                                                    "Total Cost": 79999.32,
                                                    "Plan Rows": 215464,
                                                    "Plan Width": 8,
                                                    "Actual Startup Time": 201.078,
                                                    "Actual Total Time": 312.424,
                                                    "Actual Rows": 45985,
                                                    "Actual Loops": 6,
                                                    "Output": [
                                                        "t.id",
                                                        "mc.movie_id"
                                                    ],
                                                    "Inner Unique": true,
                                                    "Hash Cond": "(mc.movie_id = t.id)",
                                                    "Workers": [
                                                        {
                                                            "Worker Number": 0,
                                                            "Actual Startup Time": 200.376,
                                                            "Actual Total Time": 311.325,
                                                            "Actual Rows": 40083,
                                                            "Actual Loops": 1
                                                        },
                                                        {
                                                            "Worker Number": 1,
                                                            "Actual Startup Time": 200.763,
                                                            "Actual Total Time": 311.684,
                                                            "Actual Rows": 40895,
                                                            "Actual Loops": 1
                                                        },
                                                        {
                                                            "Worker Number": 2,
                                                            "Actual Startup Time": 201.003,
                                                            "Actual Total Time": 311.699,
                                                            "Actual Rows": 40249,
                                                            "Actual Loops": 1
                                                        },
                                                        {
                                                            "Worker Number": 3,
                                                            "Actual Startup Time": 201.018,
                                                            "Actual Total Time": 311.892,
                                                            "Actual Rows": 56244,
                                                            "Actual Loops": 1
                                                        },
                                                        {
                                                            "Worker Number": 4,
                                                            "Actual Startup Time": 201.259,
                                                            "Actual Total Time": 312.691,
                                                            "Actual Rows": 38859,
                                                            "Actual Loops": 1
                                                        }
                                                    ],
                                                    "Plans": [
                                                        {
                                                            "Node Type": "Seq Scan",
                                                            "Parent Relationship": "Outer",
                                                            "Parallel Aware": true,
                                                            "Relation Name": "movie_companies",
                                                            "Schema": "public",
                                                            "Alias": "mc",
                                                            "Startup Cost": 0.0,
                                                            "Total Cost": 29310.68,
                                                            "Plan Rows": 412551,
                                                            "Plan Width": 4,
                                                            "Actual Startup Time": 0.028,
                                                            "Actual Total Time": 54.81,
                                                            "Actual Rows": 212374,
                                                            "Actual Loops": 6,
                                                            "Output": [
                                                                "mc.id",
                                                                "mc.movie_id",
                                                                "mc.company_id",
                                                                "mc.company_type_id",
                                                                "mc.note"
                                                            ],
                                                            "Filter": "(mc.company_type_id < 2)",
                                                            "Rows Removed by Filter": 222480,
                                                            "Workers": [
                                                                {
                                                                    "Worker Number": 0,
                                                                    "Actual Startup Time": 0.027,
                                                                    "Actual Total Time": 56.663,
                                                                    "Actual Rows": 184252,
                                                                    "Actual Loops": 1
                                                                },
                                                                {
                                                                    "Worker Number": 1,
                                                                    "Actual Startup Time": 0.035,
                                                                    "Actual Total Time": 56.509,
                                                                    "Actual Rows": 184839,
                                                                    "Actual Loops": 1
                                                                },
                                                                {
                                                                    "Worker Number": 2,
                                                                    "Actual Startup Time": 0.036,
                                                                    "Actual Total Time": 56.602,
                                                                    "Actual Rows": 185310,
                                                                    "Actual Loops": 1
                                                                },
                                                                {
                                                                    "Worker Number": 3,
                                                                    "Actual Startup Time": 0.028,
                                                                    "Actual Total Time": 52.829,
                                                                    "Actual Rows": 260979,
                                                                    "Actual Loops": 1
                                                                },
                                                                {
                                                                    "Worker Number": 4,
                                                                    "Actual Startup Time": 0.032,
                                                                    "Actual Total Time": 56.538,
                                                                    "Actual Rows": 179315,
                                                                    "Actual Loops": 1
                                                                }
                                                            ]
                                                        },
                                                        {
                                                            "Node Type": "Hash",
                                                            "Parent Relationship": "Inner",
                                                            "Parallel Aware": true,
                                                            "Startup Cost": 45479.21,
                                                            "Total Cost": 45479.21,
                                                            "Plan Rows": 330119,
                                                            "Plan Width": 4,
                                                            "Actual Startup Time": 198.852,
                                                            "Actual Total Time": 198.854,
                                                            "Actual Rows": 235394,
                                                            "Actual Loops": 6,
                                                            "Output": [
                                                                "t.id"
                                                            ],
                                                            "Hash Buckets": 2097152,
                                                            "Original Hash Buckets": 2097152,
                                                            "Hash Batches": 1,
                                                            "Original Hash Batches": 1,
                                                            "Peak Memory Usage": 71744,
                                                            "Workers": [
                                                                {
                                                                    "Worker Number": 0,
                                                                    "Actual Startup Time": 200.251,
                                                                    "Actual Total Time": 200.252,
                                                                    "Actual Rows": 195585,
                                                                    "Actual Loops": 1
                                                                },
                                                                {
                                                                    "Worker Number": 1,
                                                                    "Actual Startup Time": 200.448,
                                                                    "Actual Total Time": 200.449,
                                                                    "Actual Rows": 194065,
                                                                    "Actual Loops": 1
                                                                },
                                                                {
                                                                    "Worker Number": 2,
                                                                    "Actual Startup Time": 200.71,
                                                                    "Actual Total Time": 200.712,
                                                                    "Actual Rows": 193589,
                                                                    "Actual Loops": 1
                                                                },
                                                                {
                                                                    "Worker Number": 3,
                                                                    "Actual Startup Time": 200.76,
                                                                    "Actual Total Time": 200.762,
                                                                    "Actual Rows": 270405,
                                                                    "Actual Loops": 1
                                                                },
                                                                {
                                                                    "Worker Number": 4,
                                                                    "Actual Startup Time": 201.133,
                                                                    "Actual Total Time": 201.135,
                                                                    "Actual Rows": 193661,
                                                                    "Actual Loops": 1
                                                                }
                                                            ],
                                                            "Plans": [
                                                                {
                                                                    "Node Type": "Seq Scan",
                                                                    "Parent Relationship": "Outer",
                                                                    "Parallel Aware": true,
                                                                    "Relation Name": "title",
                                                                    "Schema": "public",
                                                                    "Alias": "t",
                                                                    "Startup Cost": 0.0,
                                                                    "Total Cost": 45479.21,
                                                                    "Plan Rows": 330119,
                                                                    "Plan Width": 4,
                                                                    "Actual Startup Time": 0.055,
                                                                    "Actual Total Time": 90.069,
                                                                    "Actual Rows": 235394,
                                                                    "Actual Loops": 6,
                                                                    "Output": [
                                                                        "t.id"
                                                                    ],
                                                                    "Filter": "((t.production_year > 1962) AND (t.kind_id = 7))",
                                                                    "Rows Removed by Filter": 185992,
                                                                    "Workers": [
                                                                        {
                                                                            "Worker Number": 0,
                                                                            "Actual Startup Time": 0.061,
                                                                            "Actual Total Time": 92.975,
                                                                            "Actual Rows": 195585,
                                                                            "Actual Loops": 1
                                                                        },
                                                                        {
                                                                            "Worker Number": 1,
                                                                            "Actual Startup Time": 0.053,
                                                                            "Actual Total Time": 92.236,
                                                                            "Actual Rows": 194065,
                                                                            "Actual Loops": 1
                                                                        },
                                                                        {
                                                                            "Worker Number": 2,
                                                                            "Actual Startup Time": 0.057,
                                                                            "Actual Total Time": 92.182,
                                                                            "Actual Rows": 193589,
                                                                            "Actual Loops": 1
                                                                        },
                                                                        {
                                                                            "Worker Number": 3,
                                                                            "Actual Startup Time": 0.071,
                                                                            "Actual Total Time": 88.726,
                                                                            "Actual Rows": 270405,
                                                                            "Actual Loops": 1
                                                                        },
                                                                        {
                                                                            "Worker Number": 4,
                                                                            "Actual Startup Time": 0.076,
                                                                            "Actual Total Time": 93.805,
                                                                            "Actual Rows": 193661,
                                                                            "Actual Loops": 1
                                                                        }
                                                                    ]
                                                                }
                                                            ]
                                                        }
                                                    ]
                                                }
                                            ]
                                        }
                                    ]
                                }
                            ]
                        }
                    ]
                }
            ]
        },
        "Planning Time": 184.993,
        "Triggers": [],
        "Execution Time": 1091.694
    }
]