[
  {
    "Plan": {
      "Node Type": "Aggregate",
      "Strategy": "Plain",
      "Partial Mode": "Finalize",
      "Parallel Aware": false,
      "Startup Cost": 65134.74,
      "Total Cost": 65134.75,
      "Plan Rows": 1,
      "Plan Width": 8,
      "Actual Startup Time": 327.953,
      "Actual Total Time": 334.82,
      "Actual Rows": 1,
      "Actual Loops": 1,
      "Plans": [
        {
          "Node Type": "Gather",
          "Parent Relationship": "Outer",
          "Parallel Aware": false,
          "Startup Cost": 65134.53,
          "Total Cost": 65134.74,
          "Plan Rows": 2,
          "Plan Width": 8,
          "Actual Startup Time": 324.275,
          "Actual Total Time": 334.814,
          "Actual Rows": 3,
          "Actual Loops": 1,
          "Workers Planned": 2,
          "Workers Launched": 2,
          "Single Copy": false,
          "Plans": [
            {
              "Node Type": "Aggregate",
              "Strategy": "Plain",
              "Partial Mode": "Partial",
              "Parent Relationship": "Outer",
              "Parallel Aware": false,
              "Startup Cost": 64134.53,
              "Total Cost": 64134.54,
              "Plan Rows": 1,
              "Plan Width": 8,
              "Actual Startup Time": 321.872,
              "Actual Total Time": 321.876,
              "Actual Rows": 1,
              "Actual Loops": 3,
              "Plans": [
                {
                  "Node Type": "Hash Join",
                  "Parent Relationship": "Outer",
                  "Parallel Aware": true,
                  "Join Type": "Inner",
                  "Startup Cost": 48407.23,
                  "Total Cost": 63601.79,
                  "Plan Rows": 213094,
                  "Plan Width": 0,
                  "Actual Startup Time": 188.287,
                  "Actual Total Time": 308.816,
                  "Actual Rows": 313305,
                  "Actual Loops": 3,
                  "Inner Unique": true,
                  "Hash Cond": "(mi_idx.movie_id = t.id)",
                  "Plans": [
                    {
                      "Node Type": "Seq Scan",
                      "Parent Relationship": "Outer",
                      "Parallel Aware": true,
                      "Relation Name": "movie_info_idx",
                      "Alias": "mi_idx",
                      "Startup Cost": 0.0,
                      "Total Cost": 13685.15,
                      "Plan Rows": 575015,
                      "Plan Width": 4,
                      "Actual Startup Time": 0.018,
                      "Actual Total Time": 34.617,
                      "Actual Rows": 460012,
                      "Actual Loops": 3
                    },
                    {
                      "Node Type": "Hash",
                      "Parent Relationship": "Inner",
                      "Parallel Aware": true,
                      "Startup Cost": 45479.21,
                      "Total Cost": 45479.21,
                      "Plan Rows": 234242,
                      "Plan Width": 4,
                      "Actual Startup Time": 185.546,
                      "Actual Total Time": 185.547,
                      "Actual Rows": 301476,
                      "Actual Loops": 3,
                      "Hash Buckets": 1048576,
                      "Original Hash Buckets": 1048576,
                      "Hash Batches": 1,
                      "Original Hash Batches": 1,
                      "Peak Memory Usage": 43616,
                      "Plans": [
                        {
                          "Node Type": "Seq Scan",
                          "Parent Relationship": "Outer",
                          "Parallel Aware": true,
                          "Relation Name": "title",
                          "Alias": "t",
                          "Startup Cost": 0.0,
                          "Total Cost": 45479.21,
                          "Plan Rows": 234242,
                          "Plan Width": 4,
                          "Actual Startup Time": 0.014,
                          "Actual Total Time": 101.795,
                          "Actual Rows": 301476,
                          "Actual Loops": 3,
                          "Filter": "((kind_id < 7) AND (production_year > 1916))",
                          "Rows Removed by Filter": 541295
                        }
                      ]
                    }
                  ]
                }
              ]
            }
          ]
        }
      ]
    },
    "Planning Time": 0.206,
    "Triggers": [],
    "Execution Time": 334.848
  }
]