[
  {
    "Plan": {
      "Node Type": "Aggregate",
      "Strategy": "Plain",
      "Partial Mode": "Finalize",
      "Parallel Aware": false,
      "Startup Cost": 82164.13,
      "Total Cost": 82164.14,
      "Plan Rows": 1,
      "Plan Width": 8,
      "Actual Startup Time": 308.518,
      "Actual Total Time": 324.288,
      "Actual Rows": 1,
      "Actual Loops": 1,
      "Plans": [
        {
          "Node Type": "Gather",
          "Parent Relationship": "Outer",
          "Parallel Aware": false,
          "Startup Cost": 82163.71,
          "Total Cost": 82164.12,
          "Plan Rows": 4,
          "Plan Width": 8,
          "Actual Startup Time": 305.209,
          "Actual Total Time": 324.281,
          "Actual Rows": 5,
          "Actual Loops": 1,
          "Workers Planned": 4,
          "Workers Launched": 4,
          "Single Copy": false,
          "Plans": [
            {
              "Node Type": "Aggregate",
              "Strategy": "Plain",
              "Partial Mode": "Partial",
              "Parent Relationship": "Outer",
              "Parallel Aware": false,
              "Startup Cost": 81163.71,
              "Total Cost": 81163.72,
              "Plan Rows": 1,
              "Plan Width": 8,
              "Actual Startup Time": 295.39,
              "Actual Total Time": 295.393,
              "Actual Rows": 1,
              "Actual Loops": 5,
              "Plans": [
                {
                  "Node Type": "Hash Join",
                  "Parent Relationship": "Outer",
                  "Parallel Aware": true,
                  "Join Type": "Inner",
                  "Startup Cost": 34565.96,
                  "Total Cost": 80675.28,
                  "Plan Rows": 195370,
                  "Plan Width": 0,
                  "Actual Startup Time": 131.449,
                  "Actual Total Time": 290.661,
                  "Actual Rows": 112874,
                  "Actual Loops": 5,
                  "Inner Unique": false,
                  "Hash Cond": "(t.id = mc.movie_id)",
                  "Plans": [
                    {
                      "Node Type": "Seq Scan",
                      "Parent Relationship": "Outer",
                      "Parallel Aware": true,
                      "Relation Name": "title",
                      "Alias": "t",
                      "Startup Cost": 0.0,
                      "Total Cost": 42318.73,
                      "Plan Rows": 632073,
                      "Plan Width": 4,
                      "Actual Startup Time": 0.01,
                      "Actual Total Time": 63.541,
                      "Actual Rows": 505662,
                      "Actual Loops": 5
                    },
                    {
                      "Node Type": "Hash",
                      "Parent Relationship": "Inner",
                      "Parallel Aware": true,
                      "Startup Cost": 31414.82,
                      "Total Cost": 31414.82,
                      "Plan Rows": 252091,
                      "Plan Width": 4,
                      "Actual Startup Time": 112.937,
                      "Actual Total Time": 112.938,
                      "Actual Rows": 112874,
                      "Actual Loops": 5,
                      "Hash Buckets": 1048576,
                      "Original Hash Buckets": 1048576,
                      "Hash Batches": 1,
                      "Original Hash Batches": 1,
                      "Peak Memory Usage": 30336,
                      "Plans": [
                        {
                          "Node Type": "Seq Scan",
                          "Parent Relationship": "Outer",
                          "Parallel Aware": true,
                          "Relation Name": "movie_companies",
                          "Alias": "mc",
                          "Startup Cost": 0.0,
                          "Total Cost": 31414.82,
                          "Plan Rows": 252091,
                          "Plan Width": 4,
                          "Actual Startup Time": 7.056,
                          "Actual Total Time": 71.219,
                          "Actual Rows": 112874,
                          "Actual Loops": 5,
                          "Filter": "((company_id > 5376) AND (company_type_id = 1))",
                          "Rows Removed by Filter": 408952
                        }
                      ]
                    }
                  ]
                }
              ]
            }
          ]
        }
      ]
    },
    "Planning Time": 0.583,
    "Triggers": [],
    "Execution Time": 324.352
  }
]