[
  {
    "Plan": {
      "Node Type": "Aggregate",
      "Strategy": "Plain",
      "Partial Mode": "Finalize",
      "Parallel Aware": false,
      "Startup Cost": 32465.05,
      "Total Cost": 32465.06,
      "Plan Rows": 1,
      "Plan Width": 8,
      "Actual Startup Time": 78.097,
      "Actual Total Time": 81.216,
      "Actual Rows": 1,
      "Actual Loops": 1,
      "Plans": [
        {
          "Node Type": "Gather",
          "Parent Relationship": "Outer",
          "Parallel Aware": false,
          "Startup Cost": 32464.73,
          "Total Cost": 32465.04,
          "Plan Rows": 3,
          "Plan Width": 8,
          "Actual Startup Time": 77.931,
          "Actual Total Time": 81.209,
          "Actual Rows": 4,
          "Actual Loops": 1,
          "Workers Planned": 3,
          "Workers Launched": 3,
          "Single Copy": false,
          "Plans": [
            {
              "Node Type": "Aggregate",
              "Strategy": "Plain",
              "Partial Mode": "Partial",
              "Parent Relationship": "Outer",
              "Parallel Aware": false,
              "Startup Cost": 31464.73,
              "Total Cost": 31464.74,
              "Plan Rows": 1,
              "Plan Width": 8,
              "Actual Startup Time": 72.967,
              "Actual Total Time": 72.968,
              "Actual Rows": 1,
              "Actual Loops": 4,
              "Plans": [
                {
                  "Node Type": "Bitmap Heap Scan",
                  "Parent Relationship": "Outer",
                  "Parallel Aware": true,
                  "Relation Name": "movie_companies",
                  "Alias": "mc",
                  "Startup Cost": 10191.6,
                  "Total Cost": 31269.83,
                  "Plan Rows": 77963,
                  "Plan Width": 0,
                  "Actual Startup Time": 27.34,
                  "Actual Total Time": 65.815,
                  "Actual Rows": 118169,
                  "Actual Loops": 4,
                  "Recheck Cond": "(company_id > 75790)",
                  "Rows Removed by Index Recheck": 0,
                  "Filter": "(company_type_id = 2)",
                  "Rows Removed by Filter": 0,
                  "Exact Heap Blocks": 3240,
                  "Lossy Heap Blocks": 0,
                  "Plans": [
                    {
                      "Node Type": "Bitmap Index Scan",
                      "Parent Relationship": "Outer",
                      "Parallel Aware": false,
                      "Index Name": "company_id_movie_companies",
                      "Startup Cost": 0.0,
                      "Total Cost": 10131.18,
                      "Plan Rows": 472900,
                      "Plan Width": 0,
                      "Actual Startup Time": 30.826,
                      "Actual Total Time": 30.827,
                      "Actual Rows": 472675,
                      "Actual Loops": 1,
                      "Index Cond": "(company_id > 75790)"
                    }
                  ]
                }
              ]
            }
          ]
        }
      ]
    },
    "Planning Time": 0.119,
    "Triggers": [],
    "Execution Time": 81.263
  }
]