{
    "Plan": {
        "Node Type": "Aggregate",
        "Strategy": "Plain",
        "Partial Mode": "Finalize",
        "Parallel Aware": false,
        "Startup Cost": 386964.66,
        "Total Cost": 386964.67,
        "Plan Rows": 1,
        "Plan Width": 8,
        "Actual Startup Time": 1219.751,
        "Actual Total Time": 1264.035,
        "Actual Rows": 1,
        "Actual Loops": 1,
        "Output": [
            "count(*)"
        ],
        "Plans": [
            {
                "Node Type": "Gather",
                "Parent Relationship": "Outer",
                "Parallel Aware": false,
                "Startup Cost": 386964.03,
                "Total Cost": 386964.64,
                "Plan Rows": 6,
                "Plan Width": 8,
                "Actual Startup Time": 1218.67,
                "Actual Total Time": 1264.024,
                "Actual Rows": 7,
                "Actual Loops": 1,
                "Output": [
                    "(PARTIAL count(*))"
                ],
                "Workers Planned": 6,
                "Workers Launched": 6,
                "Single Copy": false,
                "Plans": [
                    {
                        "Node Type": "Aggregate",
                        "Strategy": "Plain",
                        "Partial Mode": "Partial",
                        "Parent Relationship": "Outer",
                        "Parallel Aware": false,
                        "Startup Cost": 385964.03,
                        "Total Cost": 385964.04,
                        "Plan Rows": 1,
                        "Plan Width": 8,
                        "Actual Startup Time": 1208.106,
                        "Actual Total Time": 1208.11,
                        "Actual Rows": 1,
                        "Actual Loops": 7,
                        "Output": [
                            "PARTIAL count(*)"
                        ],
                        "Workers": [
                            {
                                "Worker Number": 0,
                                "Actual Startup Time": 1205.068,
                                "Actual Total Time": 1205.071,
                                "Actual Rows": 1,
                                "Actual Loops": 1
                            },
                            {
                                "Worker Number": 1,
                                "Actual Startup Time": 1206.035,
                                "Actual Total Time": 1206.038,
                                "Actual Rows": 1,
                                "Actual Loops": 1
                            },
                            {
                                "Worker Number": 2,
                                "Actual Startup Time": 1206.281,
                                "Actual Total Time": 1206.283,
                                "Actual Rows": 1,
                                "Actual Loops": 1
                            },
                            {
                                "Worker Number": 3,
                                "Actual Startup Time": 1206.808,
                                "Actual Total Time": 1206.811,
                                "Actual Rows": 1,
                                "Actual Loops": 1
                            },
                            {
                                "Worker Number": 4,
                                "Actual Startup Time": 1207.251,
                                "Actual Total Time": 1207.254,
                                "Actual Rows": 1,
                                "Actual Loops": 1
                            },
                            {
                                "Worker Number": 5,
                                "Actual Startup Time": 1207.514,
                                "Actual Total Time": 1207.517,
                                "Actual Rows": 1,
                                "Actual Loops": 1
                            }
                        ],
                        "Plans": [
                            {
                                "Node Type": "Hash Join",
                                "Parent Relationship": "Outer",
                                "Parallel Aware": true,
                                "Join Type": "Inner",
                                "Startup Cost": 46209.81,
                                "Total Cost": 385029.95,
                                "Plan Rows": 373632,
                                "Plan Width": 0,
                                "Actual Startup Time": 78.773,
                                "Actual Total Time": 1201.091,
                                "Actual Rows": 137755,
                                "Actual Loops": 7,
                                "Inner Unique": true,
                                "Hash Cond": "(ci.movie_id = t.id)",
                                "Workers": [
                                    {
                                        "Worker Number": 0,
                                        "Actual Startup Time": 75.765,
                                        "Actual Total Time": 1198.187,
                                        "Actual Rows": 93019,
                                        "Actual Loops": 1
                                    },
                                    {
                                        "Worker Number": 1,
                                        "Actual Startup Time": 76.582,
                                        "Actual Total Time": 1198.861,
                                        "Actual Rows": 98584,
                                        "Actual Loops": 1
                                    },
                                    {
                                        "Worker Number": 2,
                                        "Actual Startup Time": 77.579,
                                        "Actual Total Time": 1199.49,
                                        "Actual Rows": 149796,
                                        "Actual Loops": 1
                                    },
                                    {
                                        "Worker Number": 3,
                                        "Actual Startup Time": 77.464,
                                        "Actual Total Time": 1199.939,
                                        "Actual Rows": 143670,
                                        "Actual Loops": 1
                                    },
                                    {
                                        "Worker Number": 4,
                                        "Actual Startup Time": 77.814,
                                        "Actual Total Time": 1200.451,
                                        "Actual Rows": 150014,
                                        "Actual Loops": 1
                                    },
                                    {
                                        "Worker Number": 5,
                                        "Actual Startup Time": 77.961,
                                        "Actual Total Time": 1200.893,
                                        "Actual Rows": 145206,
                                        "Actual Loops": 1
                                    }
                                ],
                                "Plans": [
                                    {
                                        "Node Type": "Seq Scan",
                                        "Parent Relationship": "Outer",
                                        "Parallel Aware": true,
                                        "Relation Name": "cast_info",
                                        "Schema": "public",
                                        "Alias": "ci",
                                        "Startup Cost": 0.0,
                                        "Total Cost": 328213.62,
                                        "Plan Rows": 4040573,
                                        "Plan Width": 4,
                                        "Actual Startup Time": 0.036,
                                        "Actual Total Time": 685.276,
                                        "Actual Rows": 3447243,
                                        "Actual Loops": 7,
                                        "Output": [
                                            "ci.id",
                                            "ci.person_id",
                                            "ci.movie_id",
                                            "ci.person_role_id",
                                            "ci.note",
                                            "ci.nr_order",
                                            "ci.role_id"
                                        ],
                                        "Filter": "(ci.role_id < 4)",
                                        "Rows Removed by Filter": 1730521,
                                        "Workers": [
                                            {
                                                "Worker Number": 0,
                                                "Actual Startup Time": 0.04,
                                                "Actual Total Time": 680.423,
                                                "Actual Rows": 2351086,
                                                "Actual Loops": 1
                                            },
                                            {
                                                "Worker Number": 1,
                                                "Actual Startup Time": 0.046,
                                                "Actual Total Time": 690.823,
                                                "Actual Rows": 2498851,
                                                "Actual Loops": 1
                                            },
                                            {
                                                "Worker Number": 2,
                                                "Actual Startup Time": 0.038,
                                                "Actual Total Time": 686.024,
                                                "Actual Rows": 3710539,
                                                "Actual Loops": 1
                                            },
                                            {
                                                "Worker Number": 3,
                                                "Actual Startup Time": 0.035,
                                                "Actual Total Time": 687.066,
                                                "Actual Rows": 3462907,
                                                "Actual Loops": 1
                                            },
                                            {
                                                "Worker Number": 4,
                                                "Actual Startup Time": 0.042,
                                                "Actual Total Time": 688.834,
                                                "Actual Rows": 3714133,
                                                "Actual Loops": 1
                                            },
                                            {
                                                "Worker Number": 5,
                                                "Actual Startup Time": 0.042,
                                                "Actual Total Time": 686.704,
                                                "Actual Rows": 3739285,
                                                "Actual Loops": 1
                                            }
                                        ]
                                    },
                                    {
                                        "Node Type": "Hash",
                                        "Parent Relationship": "Inner",
                                        "Parallel Aware": true,
                                        "Startup Cost": 45479.21,
                                        "Total Cost": 45479.21,
                                        "Plan Rows": 58448,
                                        "Plan Width": 4,
                                        "Actual Startup Time": 76.527,
                                        "Actual Total Time": 76.528,
                                        "Actual Rows": 18508,
                                        "Actual Loops": 7,
                                        "Output": [
                                            "t.id"
                                        ],
                                        "Hash Buckets": 262144,
                                        "Original Hash Buckets": 262144,
                                        "Hash Batches": 1,
                                        "Original Hash Batches": 1,
                                        "Peak Memory Usage": 7200,
                                        "Workers": [
                                            {
                                                "Worker Number": 0,
                                                "Actual Startup Time": 74.726,
                                                "Actual Total Time": 74.727,
                                                "Actual Rows": 12259,
                                                "Actual Loops": 1
                                            },
                                            {
                                                "Worker Number": 1,
                                                "Actual Startup Time": 75.569,
                                                "Actual Total Time": 75.571,
                                                "Actual Rows": 14198,
                                                "Actual Loops": 1
                                            },
                                            {
                                                "Worker Number": 2,
                                                "Actual Startup Time": 75.984,
                                                "Actual Total Time": 75.985,
                                                "Actual Rows": 17494,
                                                "Actual Loops": 1
                                            },
                                            {
                                                "Worker Number": 3,
                                                "Actual Startup Time": 76.504,
                                                "Actual Total Time": 76.505,
                                                "Actual Rows": 17450,
                                                "Actual Loops": 1
                                            },
                                            {
                                                "Worker Number": 4,
                                                "Actual Startup Time": 76.907,
                                                "Actual Total Time": 76.908,
                                                "Actual Rows": 17621,
                                                "Actual Loops": 1
                                            },
                                            {
                                                "Worker Number": 5,
                                                "Actual Startup Time": 77.168,
                                                "Actual Total Time": 77.169,
                                                "Actual Rows": 17828,
                                                "Actual Loops": 1
                                            }
                                        ],
                                        "Plans": [
                                            {
                                                "Node Type": "Seq Scan",
                                                "Parent Relationship": "Outer",
                                                "Parallel Aware": true,
                                                "Relation Name": "title",
                                                "Schema": "public",
                                                "Alias": "t",
                                                "Startup Cost": 0.0,
                                                "Total Cost": 45479.21,
                                                "Plan Rows": 58448,
                                                "Plan Width": 4,
                                                "Actual Startup Time": 0.065,
                                                "Actual Total Time": 67.922,
                                                "Actual Rows": 18508,
                                                "Actual Loops": 7,
                                                "Output": [
                                                    "t.id"
                                                ],
                                                "Filter": "((t.production_year < 1971) AND (t.kind_id = 7))",
                                                "Rows Removed by Filter": 342680,
                                                "Workers": [
                                                    {
                                                        "Worker Number": 0,
                                                        "Actual Startup Time": 0.074,
                                                        "Actual Total Time": 66.141,
                                                        "Actual Rows": 12259,
                                                        "Actual Loops": 1
                                                    },
                                                    {
                                                        "Worker Number": 1,
                                                        "Actual Startup Time": 0.054,
                                                        "Actual Total Time": 67.478,
                                                        "Actual Rows": 14198,
                                                        "Actual Loops": 1
                                                    },
                                                    {
                                                        "Worker Number": 2,
                                                        "Actual Startup Time": 0.099,
                                                        "Actual Total Time": 67.561,
                                                        "Actual Rows": 17494,
                                                        "Actual Loops": 1
                                                    },
                                                    {
                                                        "Worker Number": 3,
                                                        "Actual Startup Time": 0.07,
                                                        "Actual Total Time": 69.245,
                                                        "Actual Rows": 17450,
                                                        "Actual Loops": 1
                                                    },
                                                    {
                                                        "Worker Number": 4,
                                                        "Actual Startup Time": 0.067,
                                                        "Actual Total Time": 67.676,
                                                        "Actual Rows": 17621,
                                                        "Actual Loops": 1
                                                    },
                                                    {
                                                        "Worker Number": 5,
                                                        "Actual Startup Time": 0.065,
                                                        "Actual Total Time": 68.636,
                                                        "Actual Rows": 17828,
                                                        "Actual Loops": 1
                                                    }
                                                ]
                                            }
                                        ]
                                    }
                                ]
                            }
                        ]
                    }
                ]
            }
        ]
    },
    "Planning Time": 0.816,
    "Triggers": [],
    "Execution Time": 1264.119
}