{
  "Plan": {
    "Node Type": "Aggregate",
    "Strategy": "Plain",
    "Partial Mode": "Finalize",
    "Parallel Aware": false,
    "Startup Cost": 390279.69,
    "Total Cost": 390279.7,
    "Plan Rows": 1,
    "Plan Width": 8,
    "Actual Startup Time": 2882.89,
    "Actual Total Time": 2930.688,
    "Actual Rows": 1,
    "Actual Loops": 1,
    "Plans": [
      {
        "Node Type": "Gather",
        "Parent Relationship": "Outer",
        "Parallel Aware": false,
        "Startup Cost": 390279.58,
        "Total Cost": 390279.69,
        "Plan Rows": 1,
        "Plan Width": 8,
        "Actual Startup Time": 2881.375,
        "Actual Total Time": 2930.68,
        "Actual Rows": 2,
        "Actual Loops": 1,
        "Workers Planned": 1,
        "Workers Launched": 1,
        "Single Copy": false,
        "Plans": [
          {
            "Node Type": "Aggregate",
            "Strategy": "Plain",
            "Partial Mode": "Partial",
            "Parent Relationship": "Outer",
            "Parallel Aware": false,
            "Startup Cost": 389279.58,
            "Total Cost": 389279.59,
            "Plan Rows": 1,
            "Plan Width": 8,
            "Actual Startup Time": 2875.053,
            "Actual Total Time": 2875.059,
            "Actual Rows": 1,
            "Actual Loops": 2,
            "Plans": [
              {
                "Node Type": "Hash Join",
                "Parent Relationship": "Outer",
                "Parallel Aware": true,
                "Join Type": "Inner",
                "Startup Cost": 99567.21,
                "Total Cost": 386850.18,
                "Plan Rows": 971758,
                "Plan Width": 0,
                "Actual Startup Time": 456.784,
                "Actual Total Time": 2513.337,
                "Actual Rows": 9023586,
                "Actual Loops": 2,
                "Inner Unique": false,
                "Hash Cond": "(mi.movie_id = t.id)",
                "Plans": [
                  {
                    "Node Type": "Seq Scan",
                    "Parent Relationship": "Outer",
                    "Parallel Aware": true,
                    "Relation Name": "movie_info",
                    "Alias": "mi",
                    "Startup Cost": 0.0,
                    "Total Cost": 248955.74,
                    "Plan Rows": 8696274,
                    "Plan Width": 4,
                    "Actual Startup Time": 0.015,
                    "Actual Total Time": 616.706,
                    "Actual Rows": 7417860,
                    "Actual Loops": 2
                  },
                  {
                    "Node Type": "Hash",
                    "Parent Relationship": "Inner",
                    "Parallel Aware": true,
                    "Startup Cost": 97489.85,
                    "Total Cost": 97489.85,
                    "Plan Rows": 166189,
                    "Plan Width": 8,
                    "Actual Startup Time": 427.359,
                    "Actual Total Time": 427.363,
                    "Actual Rows": 154293,
                    "Actual Loops": 2,
                    "Hash Buckets": 524288,
                    "Original Hash Buckets": 524288,
                    "Hash Batches": 1,
                    "Original Hash Batches": 1,
                    "Peak Memory Usage": 16192,
                    "Plans": [
                      {
                        "Node Type": "Hash Join",
                        "Parent Relationship": "Outer",
                        "Parallel Aware": true,
                        "Join Type": "Inner",
                        "Startup Cost": 56211.48,
                        "Total Cost": 97489.85,
                        "Plan Rows": 166189,
                        "Plan Width": 8,
                        "Actual Startup Time": 176.34,
                        "Actual Total Time": 393.707,
                        "Actual Rows": 154293,
                        "Actual Loops": 2,
                        "Inner Unique": true,
                        "Hash Cond": "(mc.movie_id = t.id)",
                        "Plans": [
                          {
                            "Node Type": "Seq Scan",
                            "Parent Relationship": "Outer",
                            "Parallel Aware": true,
                            "Relation Name": "movie_companies",
                            "Alias": "mc",
                            "Startup Cost": 0.0,
                            "Total Cost": 37974.77,
                            "Plan Rows": 1258515,
                            "Plan Width": 4,
                            "Actual Startup Time": 0.015,
                            "Actual Total Time": 124.102,
                            "Actual Rows": 1066042,
                            "Actual Loops": 2,
                            "Filter": "(company_id < 75525)",
                            "Rows Removed by Filter": 238523
                          },
                          {
                            "Node Type": "Hash",
                            "Parent Relationship": "Inner",
                            "Parallel Aware": true,
                            "Startup Cost": 53756.58,
                            "Total Cost": 53756.58,
                            "Plan Rows": 196392,
                            "Plan Width": 4,
                            "Actual Startup Time": 127.787,
                            "Actual Total Time": 127.788,
                            "Actual Rows": 127786,
                            "Actual Loops": 2,
                            "Hash Buckets": 524288,
                            "Original Hash Buckets": 524288,
                            "Hash Batches": 1,
                            "Original Hash Batches": 1,
                            "Peak Memory Usage": 14144,
                            "Plans": [
                              {
                                "Node Type": "Bitmap Heap Scan",
                                "Parent Relationship": "Outer",
                                "Parallel Aware": true,
                                "Relation Name": "title",
                                "Alias": "t",
                                "Startup Cost": 11906.32,
                                "Total Cost": 53756.58,
                                "Plan Rows": 196392,
                                "Plan Width": 4,
                                "Actual Startup Time": 31.671,
                                "Actual Total Time": 94.93,
                                "Actual Rows": 127786,
                                "Actual Loops": 2,
                                "Recheck Cond": "(kind_id = 1)",
                                "Rows Removed by Index Recheck": 0,
                                "Filter": "(production_year > 2002)",
                                "Rows Removed by Filter": 203627,
                                "Exact Heap Blocks": 8435,
                                "Lossy Heap Blocks": 0,
                                "Plans": [
                                  {
                                    "Node Type": "Bitmap Index Scan",
                                    "Parent Relationship": "Outer",
                                    "Parallel Aware": false,
                                    "Index Name": "kind_id_title",
                                    "Startup Cost": 0.0,
                                    "Total Cost": 11822.85,
                                    "Plan Rows": 663256,
                                    "Plan Width": 0,
                                    "Actual Startup Time": 29.842,
                                    "Actual Total Time": 29.842,
                                    "Actual Rows": 662825,
                                    "Actual Loops": 1,
                                    "Index Cond": "(kind_id = 1)"
                                  }
                                ]
                              }
                            ]
                          }
                        ]
                      }
                    ]
                  }
                ]
              }
            ]
          }
        ]
      }
    ]
  },
  "Planning Time": 1.042,
  "Triggers": [],
  "Execution Time": 2930.806
}