[
  {
    "Plan": {
      "Node Type": "Aggregate",
      "Strategy": "Plain",
      "Partial Mode": "Finalize",
      "Parallel Aware": false,
      "Startup Cost": 88906.36,
      "Total Cost": 88906.37,
      "Plan Rows": 1,
      "Plan Width": 8,
      "Actual Startup Time": 513.895,
      "Actual Total Time": 541.745,
      "Actual Rows": 1,
      "Actual Loops": 1,
      "Plans": [
        {
          "Node Type": "Gather",
          "Parent Relationship": "Outer",
          "Parallel Aware": false,
          "Startup Cost": 88906.04,
          "Total Cost": 88906.35,
          "Plan Rows": 3,
          "Plan Width": 8,
          "Actual Startup Time": 506.926,
          "Actual Total Time": 541.734,
          "Actual Rows": 4,
          "Actual Loops": 1,
          "Workers Planned": 3,
          "Workers Launched": 3,
          "Single Copy": false,
          "Plans": [
            {
              "Node Type": "Aggregate",
              "Strategy": "Plain",
              "Partial Mode": "Partial",
              "Parent Relationship": "Outer",
              "Parallel Aware": false,
              "Startup Cost": 87906.04,
              "Total Cost": 87906.05,
              "Plan Rows": 1,
              "Plan Width": 8,
              "Actual Startup Time": 485.567,
              "Actual Total Time": 485.571,
              "Actual Rows": 1,
              "Actual Loops": 4,
              "Plans": [
                {
                  "Node Type": "Hash Join",
                  "Parent Relationship": "Outer",
                  "Parallel Aware": true,
                  "Join Type": "Inner",
                  "Startup Cost": 60655.75,
                  "Total Cost": 87509.4,
                  "Plan Rows": 158655,
                  "Plan Width": 0,
                  "Actual Startup Time": 368.158,
                  "Actual Total Time": 476.724,
                  "Actual Rows": 119682,
                  "Actual Loops": 4,
                  "Inner Unique": true,
                  "Hash Cond": "(mk.movie_id = t.id)",
                  "Plans": [
                    {
                      "Node Type": "Bitmap Heap Scan",
                      "Parent Relationship": "Outer",
                      "Parallel Aware": true,
                      "Relation Name": "movie_keyword",
                      "Alias": "mk",
                      "Startup Cost": 10436.11,
                      "Total Cost": 36873.29,
                      "Plan Rows": 158655,
                      "Plan Width": 4,
                      "Actual Startup Time": 45.577,
                      "Actual Total Time": 102.572,
                      "Actual Rows": 119682,
                      "Actual Loops": 4,
                      "Recheck Cond": "(keyword_id > 37349)",
                      "Rows Removed by Index Recheck": 0,
                      "Exact Heap Blocks": 4409,
                      "Lossy Heap Blocks": 0,
                      "Plans": [
                        {
                          "Node Type": "Bitmap Index Scan",
                          "Parent Relationship": "Outer",
                          "Parallel Aware": false,
                          "Index Name": "keyword_id_movie_keyword",
                          "Startup Cost": 0.0,
                          "Total Cost": 10313.15,
                          "Plan Rows": 491829,
                          "Plan Width": 0,
                          "Actual Startup Time": 40.001,
                          "Actual Total Time": 40.002,
                          "Actual Rows": 478726,
                          "Actual Loops": 1,
                          "Index Cond": "(keyword_id > 37349)"
                        }
                      ]
                    },
                    {
                      "Node Type": "Hash",
                      "Parent Relationship": "Inner",
                      "Parallel Aware": true,
                      "Startup Cost": 42318.73,
                      "Total Cost": 42318.73,
                      "Plan Rows": 632073,
                      "Plan Width": 4,
                      "Actual Startup Time": 311.244,
                      "Actual Total Time": 311.245,
                      "Actual Rows": 632078,
                      "Actual Loops": 4,
                      "Hash Buckets": 4194304,
                      "Original Hash Buckets": 4194304,
                      "Hash Batches": 1,
                      "Original Hash Batches": 1,
                      "Peak Memory Usage": 131744,
                      "Plans": [
                        {
                          "Node Type": "Seq Scan",
                          "Parent Relationship": "Outer",
                          "Parallel Aware": true,
                          "Relation Name": "title",
                          "Alias": "t",
                          "Startup Cost": 0.0,
                          "Total Cost": 42318.73,
                          "Plan Rows": 632073,
                          "Plan Width": 4,
                          "Actual Startup Time": 0.032,
                          "Actual Total Time": 96.207,
                          "Actual Rows": 632078,
                          "Actual Loops": 4
                        }
                      ]
                    }
                  ]
                }
              ]
            }
          ]
        }
      ]
    },
    "Planning Time": 0.633,
    "Triggers": [],
    "Execution Time": 541.839
  }
]