[
    {
        "Bao": {
            "Bao prediction": "NaN",
            "Bao recommended hint": "(no hint)"
        }
    },
    {
        "Plan": {
            "Node Type": "Aggregate",
            "Strategy": "Plain",
            "Partial Mode": "Finalize",
            "Parallel Aware": false,
            "Startup Cost": 27202.27,
            "Total Cost": 27202.28,
            "Plan Rows": 1,
            "Plan Width": 8,
            "Actual Startup Time": 56.962,
            "Actual Total Time": 60.793,
            "Actual Rows": 1,
            "Actual Loops": 1,
            "Output": [
                "count(*)"
            ],
            "Plans": [
                {
                    "Node Type": "Gather",
                    "Parent Relationship": "Outer",
                    "Parallel Aware": false,
                    "Startup Cost": 27201.96,
                    "Total Cost": 27202.27,
                    "Plan Rows": 3,
                    "Plan Width": 8,
                    "Actual Startup Time": 56.806,
                    "Actual Total Time": 60.785,
                    "Actual Rows": 4,
                    "Actual Loops": 1,
                    "Output": [
                        "(PARTIAL count(*))"
                    ],
                    "Workers Planned": 3,
                    "Workers Launched": 3,
                    "Single Copy": false,
                    "Plans": [
                        {
                            "Node Type": "Aggregate",
                            "Strategy": "Plain",
                            "Partial Mode": "Partial",
                            "Parent Relationship": "Outer",
                            "Parallel Aware": false,
                            "Startup Cost": 26201.96,
                            "Total Cost": 26201.97,
                            "Plan Rows": 1,
                            "Plan Width": 8,
                            "Actual Startup Time": 48.426,
                            "Actual Total Time": 48.427,
                            "Actual Rows": 1,
                            "Actual Loops": 4,
                            "Output": [
                                "PARTIAL count(*)"
                            ],
                            "Workers": [
                                {
                                    "Worker Number": 0,
                                    "Actual Startup Time": 45.269,
                                    "Actual Total Time": 45.271,
                                    "Actual Rows": 1,
                                    "Actual Loops": 1
                                },
                                {
                                    "Worker Number": 1,
                                    "Actual Startup Time": 45.8,
                                    "Actual Total Time": 45.801,
                                    "Actual Rows": 1,
                                    "Actual Loops": 1
                                },
                                {
                                    "Worker Number": 2,
                                    "Actual Startup Time": 46.13,
                                    "Actual Total Time": 46.131,
                                    "Actual Rows": 1,
                                    "Actual Loops": 1
                                }
                            ],
                            "Plans": [
                                {
                                    "Node Type": "Bitmap Heap Scan",
                                    "Parent Relationship": "Outer",
                                    "Parallel Aware": true,
                                    "Relation Name": "movie_companies",
                                    "Schema": "public",
                                    "Alias": "mc",
                                    "Startup Cost": 6059.16,
                                    "Total Cost": 25976.49,
                                    "Plan Rows": 90186,
                                    "Plan Width": 0,
                                    "Actual Startup Time": 10.499,
                                    "Actual Total Time": 42.165,
                                    "Actual Rows": 70818,
                                    "Actual Loops": 4,
                                    "Recheck Cond": "(mc.company_id > 95465)",
                                    "Rows Removed by Index Recheck": 0,
                                    "Exact Heap Blocks": 2129,
                                    "Lossy Heap Blocks": 0,
                                    "Workers": [
                                        {
                                            "Worker Number": 0,
                                            "Actual Startup Time": 7.376,
                                            "Actual Total Time": 39.773,
                                            "Actual Rows": 49425,
                                            "Actual Loops": 1
                                        },
                                        {
                                            "Worker Number": 1,
                                            "Actual Startup Time": 7.931,
                                            "Actual Total Time": 40.196,
                                            "Actual Rows": 51125,
                                            "Actual Loops": 1
                                        },
                                        {
                                            "Worker Number": 2,
                                            "Actual Startup Time": 8.322,
                                            "Actual Total Time": 40.464,
                                            "Actual Rows": 54676,
                                            "Actual Loops": 1
                                        }
                                    ],
                                    "Plans": [
                                        {
                                            "Node Type": "Bitmap Index Scan",
                                            "Parent Relationship": "Outer",
                                            "Parallel Aware": false,
                                            "Index Name": "company_id_movie_companies",
                                            "Startup Cost": 0.0,
                                            "Total Cost": 5989.27,
                                            "Plan Rows": 279578,
                                            "Plan Width": 0,
                                            "Actual Startup Time": 17.36,
                                            "Actual Total Time": 17.361,
                                            "Actual Rows": 283274,
                                            "Actual Loops": 1,
                                            "Index Cond": "(mc.company_id > 95465)"
                                        }
                                    ]
                                }
                            ]
                        }
                    ]
                }
            ]
        },
        "Planning Time": 267.393,
        "Triggers": [],
        "Execution Time": 60.848
    }
]