{
  "Plan": {
    "Node Type": "Aggregate",
    "Strategy": "Plain",
    "Partial Mode": "Finalize",
    "Parallel Aware": false,
    "Startup Cost": 137702.58,
    "Total Cost": 137702.59,
    "Plan Rows": 1,
    "Plan Width": 8,
    "Actual Startup Time": 937.088,
    "Actual Total Time": 956.282,
    "Actual Rows": 1,
    "Actual Loops": 1,
    "Plans": [
      {
        "Node Type": "Gather",
        "Parent Relationship": "Outer",
        "Parallel Aware": false,
        "Startup Cost": 137702.47,
        "Total Cost": 137702.58,
        "Plan Rows": 1,
        "Plan Width": 8,
        "Actual Startup Time": 933.801,
        "Actual Total Time": 956.272,
        "Actual Rows": 2,
        "Actual Loops": 1,
        "Workers Planned": 1,
        "Workers Launched": 1,
        "Single Copy": false,
        "Plans": [
          {
            "Node Type": "Aggregate",
            "Strategy": "Plain",
            "Partial Mode": "Partial",
            "Parent Relationship": "Outer",
            "Parallel Aware": false,
            "Startup Cost": 136702.47,
            "Total Cost": 136702.48,
            "Plan Rows": 1,
            "Plan Width": 8,
            "Actual Startup Time": 925.573,
            "Actual Total Time": 925.582,
            "Actual Rows": 1,
            "Actual Loops": 2,
            "Plans": [
              {
                "Node Type": "Hash Join",
                "Parent Relationship": "Outer",
                "Parallel Aware": true,
                "Join Type": "Inner",
                "Startup Cost": 116126.51,
                "Total Cost": 136567.57,
                "Plan Rows": 53961,
                "Plan Width": 0,
                "Actual Startup Time": 710.253,
                "Actual Total Time": 902.838,
                "Actual Rows": 362418,
                "Actual Loops": 2,
                "Inner Unique": false,
                "Hash Cond": "(mi_idx.movie_id = t.id)",
                "Plans": [
                  {
                    "Node Type": "Seq Scan",
                    "Parent Relationship": "Outer",
                    "Parallel Aware": true,
                    "Relation Name": "movie_info_idx",
                    "Alias": "mi_idx",
                    "Startup Cost": 0.0,
                    "Total Cost": 18082.32,
                    "Plan Rows": 544356,
                    "Plan Width": 4,
                    "Actual Startup Time": 0.037,
                    "Actual Total Time": 87.002,
                    "Actual Rows": 460055,
                    "Actual Loops": 2,
                    "Filter": "(info_type_id > 99)",
                    "Rows Removed by Filter": 229962
                  },
                  {
                    "Node Type": "Hash",
                    "Parent Relationship": "Inner",
                    "Parallel Aware": true,
                    "Startup Cost": 114283.7,
                    "Total Cost": 114283.7,
                    "Plan Rows": 147425,
                    "Plan Width": 8,
                    "Actual Startup Time": 699.22,
                    "Actual Total Time": 699.227,
                    "Actual Rows": 222927,
                    "Actual Loops": 2,
                    "Hash Buckets": 524288,
                    "Original Hash Buckets": 262144,
                    "Hash Batches": 1,
                    "Original Hash Batches": 1,
                    "Peak Memory Usage": 23616,
                    "Plans": [
                      {
                        "Node Type": "Hash Join",
                        "Parent Relationship": "Outer",
                        "Parallel Aware": true,
                        "Join Type": "Inner",
                        "Startup Cost": 82099.03,
                        "Total Cost": 114283.7,
                        "Plan Rows": 147425,
                        "Plan Width": 8,
                        "Actual Startup Time": 403.605,
                        "Actual Total Time": 632.895,
                        "Actual Rows": 222927,
                        "Actual Loops": 2,
                        "Inner Unique": true,
                        "Hash Cond": "(mk.movie_id = t.id)",
                        "Plans": [
                          {
                            "Node Type": "Bitmap Heap Scan",
                            "Parent Relationship": "Outer",
                            "Parallel Aware": true,
                            "Relation Name": "movie_keyword",
                            "Alias": "mk",
                            "Startup Cost": 18430.42,
                            "Total Cost": 49273.39,
                            "Plan Rows": 511118,
                            "Plan Width": 4,
                            "Actual Startup Time": 81.086,
                            "Actual Total Time": 197.286,
                            "Actual Rows": 432009,
                            "Actual Loops": 2,
                            "Recheck Cond": "(keyword_id > 21304)",
                            "Rows Removed by Index Recheck": 0,
                            "Exact Heap Blocks": 12701,
                            "Lossy Heap Blocks": 0,
                            "Plans": [
                              {
                                "Node Type": "Bitmap Index Scan",
                                "Parent Relationship": "Outer",
                                "Parallel Aware": false,
                                "Index Name": "keyword_id_movie_keyword",
                                "Startup Cost": 0.0,
                                "Total Cost": 18213.19,
                                "Plan Rows": 868901,
                                "Plan Width": 0,
                                "Actual Startup Time": 75.426,
                                "Actual Total Time": 75.426,
                                "Actual Rows": 864018,
                                "Actual Loops": 1,
                                "Index Cond": "(keyword_id > 21304)"
                              }
                            ]
                          },
                          {
                            "Node Type": "Hash",
                            "Parent Relationship": "Inner",
                            "Parallel Aware": true,
                            "Startup Cost": 58306.47,
                            "Total Cost": 58306.47,
                            "Plan Rows": 428972,
                            "Plan Width": 4,
                            "Actual Startup Time": 315.042,
                            "Actual Total Time": 315.044,
                            "Actual Rows": 314066,
                            "Actual Loops": 2,
                            "Hash Buckets": 1048576,
                            "Original Hash Buckets": 1048576,
                            "Hash Batches": 1,
                            "Original Hash Batches": 1,
                            "Peak Memory Usage": 32800,
                            "Plans": [
                              {
                                "Node Type": "Seq Scan",
                                "Parent Relationship": "Outer",
                                "Parallel Aware": true,
                                "Relation Name": "title",
                                "Alias": "t",
                                "Startup Cost": 0.0,
                                "Total Cost": 58306.47,
                                "Plan Rows": 428972,
                                "Plan Width": 4,
                                "Actual Startup Time": 0.023,
                                "Actual Total Time": 206.339,
                                "Actual Rows": 314066,
                                "Actual Loops": 2,
                                "Filter": "((kind_id < 7) AND (production_year > 1985))",
                                "Rows Removed by Filter": 950090
                              }
                            ]
                          }
                        ]
                      }
                    ]
                  }
                ]
              }
            ]
          }
        ]
      }
    ]
  },
  "Planning Time": 0.982,
  "Triggers": [],
  "Execution Time": 956.399
}