[
  {
    "Plan": {
      "Node Type": "Aggregate",
      "Strategy": "Plain",
      "Partial Mode": "Finalize",
      "Parallel Aware": false,
      "Startup Cost": 106162.7,
      "Total Cost": 106162.71,
      "Plan Rows": 1,
      "Plan Width": 8,
      "Actual Startup Time": 743.727,
      "Actual Total Time": 766.29,
      "Actual Rows": 1,
      "Actual Loops": 1,
      "Plans": [
        {
          "Node Type": "Gather",
          "Parent Relationship": "Outer",
          "Parallel Aware": false,
          "Startup Cost": 106162.48,
          "Total Cost": 106162.69,
          "Plan Rows": 2,
          "Plan Width": 8,
          "Actual Startup Time": 735.365,
          "Actual Total Time": 766.253,
          "Actual Rows": 3,
          "Actual Loops": 1,
          "Workers Planned": 2,
          "Workers Launched": 2,
          "Single Copy": false,
          "Plans": [
            {
              "Node Type": "Aggregate",
              "Strategy": "Plain",
              "Partial Mode": "Partial",
              "Parent Relationship": "Outer",
              "Parallel Aware": false,
              "Startup Cost": 105162.48,
              "Total Cost": 105162.49,
              "Plan Rows": 1,
              "Plan Width": 8,
              "Actual Startup Time": 720.744,
              "Actual Total Time": 720.753,
              "Actual Rows": 1,
              "Actual Loops": 3,
              "Plans": [
                {
                  "Node Type": "Hash Join",
                  "Parent Relationship": "Outer",
                  "Parallel Aware": true,
                  "Join Type": "Inner",
                  "Startup Cost": 88883.99,
                  "Total Cost": 104971.66,
                  "Plan Rows": 76328,
                  "Plan Width": 0,
                  "Actual Startup Time": 627.922,
                  "Actual Total Time": 719.284,
                  "Actual Rows": 30283,
                  "Actual Loops": 3,
                  "Inner Unique": false,
                  "Hash Cond": "(mi_idx.movie_id = t.id)",
                  "Plans": [
                    {
                      "Node Type": "Seq Scan",
                      "Parent Relationship": "Outer",
                      "Parallel Aware": true,
                      "Relation Name": "movie_info_idx",
                      "Alias": "mi_idx",
                      "Startup Cost": 0.0,
                      "Total Cost": 13685.15,
                      "Plan Rows": 575015,
                      "Plan Width": 4,
                      "Actual Startup Time": 0.036,
                      "Actual Total Time": 41.823,
                      "Actual Rows": 460012,
                      "Actual Loops": 3
                    },
                    {
                      "Node Type": "Hash",
                      "Parent Relationship": "Inner",
                      "Parallel Aware": true,
                      "Startup Cost": 87530.67,
                      "Total Cost": 87530.67,
                      "Plan Rows": 108266,
                      "Plan Width": 8,
                      "Actual Startup Time": 624.693,
                      "Actual Total Time": 624.7,
                      "Actual Rows": 21782,
                      "Actual Loops": 3,
                      "Hash Buckets": 524288,
                      "Original Hash Buckets": 524288,
                      "Hash Batches": 1,
                      "Original Hash Batches": 1,
                      "Peak Memory Usage": 6720,
                      "Plans": [
                        {
                          "Node Type": "Hash Join",
                          "Parent Relationship": "Outer",
                          "Parallel Aware": true,
                          "Join Type": "Inner",
                          "Startup Cost": 60391.48,
                          "Total Cost": 87530.67,
                          "Plan Rows": 108266,
                          "Plan Width": 8,
                          "Actual Startup Time": 479.757,
                          "Actual Total Time": 615.874,
                          "Actual Rows": 21782,
                          "Actual Loops": 3,
                          "Inner Unique": true,
                          "Hash Cond": "(mk.movie_id = t.id)",
                          "Plans": [
                            {
                              "Node Type": "Bitmap Heap Scan",
                              "Parent Relationship": "Outer",
                              "Parallel Aware": true,
                              "Relation Name": "movie_keyword",
                              "Alias": "mk",
                              "Startup Cost": 11673.67,
                              "Total Cost": 38346.83,
                              "Plan Rows": 177533,
                              "Plan Width": 4,
                              "Actual Startup Time": 30.611,
                              "Actual Total Time": 106.55,
                              "Actual Rows": 185242,
                              "Actual Loops": 3,
                              "Recheck Cond": "(keyword_id < 398)",
                              "Rows Removed by Index Recheck": 0,
                              "Exact Heap Blocks": 10702,
                              "Lossy Heap Blocks": 0,
                              "Plans": [
                                {
                                  "Node Type": "Bitmap Index Scan",
                                  "Parent Relationship": "Outer",
                                  "Parallel Aware": false,
                                  "Index Name": "keyword_id_movie_keyword",
                                  "Startup Cost": 0.0,
                                  "Total Cost": 11536.08,
                                  "Plan Rows": 550353,
                                  "Plan Width": 0,
                                  "Actual Startup Time": 27.072,
                                  "Actual Total Time": 27.073,
                                  "Actual Rows": 555726,
                                  "Actual Loops": 1,
                                  "Index Cond": "(keyword_id < 398)"
                                }
                              ]
                            },
                            {
                              "Node Type": "Hash",
                              "Parent Relationship": "Inner",
                              "Parallel Aware": true,
                              "Startup Cost": 43899.32,
                              "Total Cost": 43899.32,
                              "Plan Rows": 385479,
                              "Plan Width": 4,
                              "Actual Startup Time": 438.428,
                              "Actual Total Time": 438.429,
                              "Actual Rows": 514421,
                              "Actual Loops": 3,
                              "Hash Buckets": 2097152,
                              "Original Hash Buckets": 2097152,
                              "Hash Batches": 1,
                              "Original Hash Batches": 1,
                              "Peak Memory Usage": 76800,
                              "Plans": [
                                {
                                  "Node Type": "Seq Scan",
                                  "Parent Relationship": "Outer",
                                  "Parallel Aware": true,
                                  "Relation Name": "title",
                                  "Alias": "t",
                                  "Startup Cost": 0.0,
                                  "Total Cost": 43899.32,
                                  "Plan Rows": 385479,
                                  "Plan Width": 4,
                                  "Actual Startup Time": 0.058,
                                  "Actual Total Time": 160.923,
                                  "Actual Rows": 514421,
                                  "Actual Loops": 3,
                                  "Filter": "(kind_id = 7)",
                                  "Rows Removed by Filter": 328349
                                }
                              ]
                            }
                          ]
                        }
                      ]
                    }
                  ]
                }
              ]
            }
          ]
        }
      ]
    },
    "Planning Time": 0.947,
    "Triggers": [],
    "Execution Time": 766.375
  }
]