[
  {
    "Plan": {
      "Node Type": "Aggregate",
      "Strategy": "Plain",
      "Partial Mode": "Finalize",
      "Parallel Aware": false,
      "Startup Cost": 105824.04,
      "Total Cost": 105824.05,
      "Plan Rows": 1,
      "Plan Width": 8,
      "Actual Startup Time": 526.193,
      "Actual Total Time": 544.009,
      "Actual Rows": 1,
      "Actual Loops": 1,
      "Plans": [
        {
          "Node Type": "Gather",
          "Parent Relationship": "Outer",
          "Parallel Aware": false,
          "Startup Cost": 105823.83,
          "Total Cost": 105824.04,
          "Plan Rows": 2,
          "Plan Width": 8,
          "Actual Startup Time": 521.354,
          "Actual Total Time": 544.0,
          "Actual Rows": 3,
          "Actual Loops": 1,
          "Workers Planned": 2,
          "Workers Launched": 2,
          "Single Copy": false,
          "Plans": [
            {
              "Node Type": "Aggregate",
              "Strategy": "Plain",
              "Partial Mode": "Partial",
              "Parent Relationship": "Outer",
              "Parallel Aware": false,
              "Startup Cost": 104823.83,
              "Total Cost": 104823.84,
              "Plan Rows": 1,
              "Plan Width": 8,
              "Actual Startup Time": 513.431,
              "Actual Total Time": 513.436,
              "Actual Rows": 1,
              "Actual Loops": 3,
              "Plans": [
                {
                  "Node Type": "Hash Join",
                  "Parent Relationship": "Outer",
                  "Parallel Aware": true,
                  "Join Type": "Inner",
                  "Startup Cost": 88555.34,
                  "Total Cost": 104637.38,
                  "Plan Rows": 74581,
                  "Plan Width": 0,
                  "Actual Startup Time": 439.92,
                  "Actual Total Time": 512.225,
                  "Actual Rows": 30283,
                  "Actual Loops": 3,
                  "Inner Unique": false,
                  "Hash Cond": "(mi_idx.movie_id = t.id)",
                  "Plans": [
                    {
                      "Node Type": "Seq Scan",
                      "Parent Relationship": "Outer",
                      "Parallel Aware": true,
                      "Relation Name": "movie_info_idx",
                      "Alias": "mi_idx",
                      "Startup Cost": 0.0,
                      "Total Cost": 13685.15,
                      "Plan Rows": 575015,
                      "Plan Width": 4,
                      "Actual Startup Time": 0.029,
                      "Actual Total Time": 32.785,
                      "Actual Rows": 460012,
                      "Actual Loops": 3
                    },
                    {
                      "Node Type": "Hash",
                      "Parent Relationship": "Inner",
                      "Parallel Aware": true,
                      "Startup Cost": 87233.06,
                      "Total Cost": 87233.06,
                      "Plan Rows": 105783,
                      "Plan Width": 8,
                      "Actual Startup Time": 435.82,
                      "Actual Total Time": 435.824,
                      "Actual Rows": 21782,
                      "Actual Loops": 3,
                      "Hash Buckets": 524288,
                      "Original Hash Buckets": 524288,
                      "Hash Batches": 1,
                      "Original Hash Batches": 1,
                      "Peak Memory Usage": 6720,
                      "Plans": [
                        {
                          "Node Type": "Hash Join",
                          "Parent Relationship": "Outer",
                          "Parallel Aware": true,
                          "Join Type": "Inner",
                          "Startup Cost": 60146.96,
                          "Total Cost": 87233.06,
                          "Plan Rows": 105783,
                          "Plan Width": 8,
                          "Actual Startup Time": 317.629,
                          "Actual Total Time": 427.999,
                          "Actual Rows": 21782,
                          "Actual Loops": 3,
                          "Inner Unique": true,
                          "Hash Cond": "(mk.movie_id = t.id)",
                          "Plans": [
                            {
                              "Node Type": "Bitmap Heap Scan",
                              "Parent Relationship": "Outer",
                              "Parallel Aware": true,
                              "Relation Name": "movie_keyword",
                              "Alias": "mk",
                              "Startup Cost": 11445.34,
                              "Total Cost": 38074.63,
                              "Plan Rows": 174023,
                              "Plan Width": 4,
                              "Actual Startup Time": 36.537,
                              "Actual Total Time": 93.522,
                              "Actual Rows": 185242,
                              "Actual Loops": 3,
                              "Recheck Cond": "(keyword_id < 398)",
                              "Rows Removed by Index Recheck": 0,
                              "Exact Heap Blocks": 8847,
                              "Lossy Heap Blocks": 0,
                              "Plans": [
                                {
                                  "Node Type": "Bitmap Index Scan",
                                  "Parent Relationship": "Outer",
                                  "Parallel Aware": false,
                                  "Index Name": "keyword_id_movie_keyword",
                                  "Startup Cost": 0.0,
                                  "Total Cost": 11310.47,
                                  "Plan Rows": 539472,
                                  "Plan Width": 0,
                                  "Actual Startup Time": 32.941,
                                  "Actual Total Time": 32.941,
                                  "Actual Rows": 555726,
                                  "Actual Loops": 1,
                                  "Index Cond": "(keyword_id < 398)"
                                }
                              ]
                            },
                            {
                              "Node Type": "Hash",
                              "Parent Relationship": "Inner",
                              "Parallel Aware": true,
                              "Startup Cost": 43898.92,
                              "Total Cost": 43898.92,
                              "Plan Rows": 384216,
                              "Plan Width": 4,
                              "Actual Startup Time": 273.44,
                              "Actual Total Time": 273.441,
                              "Actual Rows": 514421,
                              "Actual Loops": 3,
                              "Hash Buckets": 2097152,
                              "Original Hash Buckets": 2097152,
                              "Hash Batches": 1,
                              "Original Hash Batches": 1,
                              "Peak Memory Usage": 76800,
                              "Plans": [
                                {
                                  "Node Type": "Seq Scan",
                                  "Parent Relationship": "Outer",
                                  "Parallel Aware": true,
                                  "Relation Name": "title",
                                  "Alias": "t",
                                  "Startup Cost": 0.0,
                                  "Total Cost": 43898.92,
                                  "Plan Rows": 384216,
                                  "Plan Width": 4,
                                  "Actual Startup Time": 0.043,
                                  "Actual Total Time": 116.608,
                                  "Actual Rows": 514421,
                                  "Actual Loops": 3,
                                  "Filter": "(kind_id = 7)",
                                  "Rows Removed by Filter": 328349
                                }
                              ]
                            }
                          ]
                        }
                      ]
                    }
                  ]
                }
              ]
            }
          ]
        }
      ]
    },
    "Planning Time": 1.32,
    "Triggers": [],
    "Execution Time": 544.117
  }
]