[
  {
    "Plan": {
      "Node Type": "Aggregate",
      "Strategy": "Plain",
      "Partial Mode": "Finalize",
      "Parallel Aware": false,
      "Startup Cost": 30763.99,
      "Total Cost": 30764.0,
      "Plan Rows": 1,
      "Plan Width": 8,
      "Actual Startup Time": 90.376,
      "Actual Total Time": 98.085,
      "Actual Rows": 1,
      "Actual Loops": 1,
      "Plans": [
        {
          "Node Type": "Gather",
          "Parent Relationship": "Outer",
          "Parallel Aware": false,
          "Startup Cost": 30763.67,
          "Total Cost": 30763.98,
          "Plan Rows": 3,
          "Plan Width": 8,
          "Actual Startup Time": 90.278,
          "Actual Total Time": 98.078,
          "Actual Rows": 4,
          "Actual Loops": 1,
          "Workers Planned": 3,
          "Workers Launched": 3,
          "Single Copy": false,
          "Plans": [
            {
              "Node Type": "Aggregate",
              "Strategy": "Plain",
              "Partial Mode": "Partial",
              "Parent Relationship": "Outer",
              "Parallel Aware": false,
              "Startup Cost": 29763.67,
              "Total Cost": 29763.68,
              "Plan Rows": 1,
              "Plan Width": 8,
              "Actual Startup Time": 81.675,
              "Actual Total Time": 81.676,
              "Actual Rows": 1,
              "Actual Loops": 4,
              "Plans": [
                {
                  "Node Type": "Seq Scan",
                  "Parent Relationship": "Outer",
                  "Parallel Aware": true,
                  "Relation Name": "movie_companies",
                  "Alias": "mc",
                  "Startup Cost": 0.0,
                  "Total Cost": 29310.68,
                  "Plan Rows": 181197,
                  "Plan Width": 0,
                  "Actual Startup Time": 46.162,
                  "Actual Total Time": 75.753,
                  "Actual Rows": 144264,
                  "Actual Loops": 4,
                  "Filter": "(company_id > 71108)",
                  "Rows Removed by Filter": 508018
                }
              ]
            }
          ]
        }
      ]
    },
    "Planning Time": 0.21,
    "Triggers": [],
    "Execution Time": 98.139
  }
]