[
  {
    "Plan": {
      "Node Type": "Aggregate",
      "Strategy": "Plain",
      "Partial Mode": "Finalize",
      "Parallel Aware": false,
      "Startup Cost": 44827.89,
      "Total Cost": 44827.9,
      "Plan Rows": 1,
      "Plan Width": 8,
      "Actual Startup Time": 127.127,
      "Actual Total Time": 134.286,
      "Actual Rows": 1,
      "Actual Loops": 1,
      "Plans": [
        {
          "Node Type": "Gather",
          "Parent Relationship": "Outer",
          "Parallel Aware": false,
          "Startup Cost": 44827.57,
          "Total Cost": 44827.88,
          "Plan Rows": 3,
          "Plan Width": 8,
          "Actual Startup Time": 127.002,
          "Actual Total Time": 134.28,
          "Actual Rows": 4,
          "Actual Loops": 1,
          "Workers Planned": 3,
          "Workers Launched": 3,
          "Single Copy": false,
          "Plans": [
            {
              "Node Type": "Aggregate",
              "Strategy": "Plain",
              "Partial Mode": "Partial",
              "Parent Relationship": "Outer",
              "Parallel Aware": false,
              "Startup Cost": 43827.57,
              "Total Cost": 43827.58,
              "Plan Rows": 1,
              "Plan Width": 8,
              "Actual Startup Time": 122.441,
              "Actual Total Time": 122.443,
              "Actual Rows": 1,
              "Actual Loops": 4,
              "Plans": [
                {
                  "Node Type": "Seq Scan",
                  "Parent Relationship": "Outer",
                  "Parallel Aware": true,
                  "Relation Name": "movie_keyword",
                  "Alias": "mk",
                  "Startup Cost": 0.0,
                  "Total Cost": 42695.65,
                  "Plan Rows": 452768,
                  "Plan Width": 0,
                  "Actual Startup Time": 0.034,
                  "Actual Total Time": 104.787,
                  "Actual Rows": 351323,
                  "Actual Loops": 4,
                  "Filter": "(keyword_id < 1913)",
                  "Rows Removed by Filter": 779660
                }
              ]
            }
          ]
        }
      ]
    },
    "Planning Time": 0.089,
    "Triggers": [],
    "Execution Time": 134.315
  }
]