[
  {
    "Plan": {
      "Node Type": "Aggregate",
      "Strategy": "Plain",
      "Partial Mode": "Finalize",
      "Parallel Aware": false,
      "Startup Cost": 44820.6,
      "Total Cost": 44820.61,
      "Plan Rows": 1,
      "Plan Width": 8,
      "Actual Startup Time": 130.385,
      "Actual Total Time": 140.026,
      "Actual Rows": 1,
      "Actual Loops": 1,
      "Plans": [
        {
          "Node Type": "Gather",
          "Parent Relationship": "Outer",
          "Parallel Aware": false,
          "Startup Cost": 44820.28,
          "Total Cost": 44820.59,
          "Plan Rows": 3,
          "Plan Width": 8,
          "Actual Startup Time": 130.276,
          "Actual Total Time": 140.017,
          "Actual Rows": 4,
          "Actual Loops": 1,
          "Workers Planned": 3,
          "Workers Launched": 3,
          "Single Copy": false,
          "Plans": [
            {
              "Node Type": "Aggregate",
              "Strategy": "Plain",
              "Partial Mode": "Partial",
              "Parent Relationship": "Outer",
              "Parallel Aware": false,
              "Startup Cost": 43820.28,
              "Total Cost": 43820.29,
              "Plan Rows": 1,
              "Plan Width": 8,
              "Actual Startup Time": 123.929,
              "Actual Total Time": 123.93,
              "Actual Rows": 1,
              "Actual Loops": 4,
              "Plans": [
                {
                  "Node Type": "Seq Scan",
                  "Parent Relationship": "Outer",
                  "Parallel Aware": true,
                  "Relation Name": "movie_keyword",
                  "Alias": "mk",
                  "Startup Cost": 0.0,
                  "Total Cost": 42695.65,
                  "Plan Rows": 449850,
                  "Plan Width": 0,
                  "Actual Startup Time": 0.053,
                  "Actual Total Time": 106.845,
                  "Actual Rows": 351323,
                  "Actual Loops": 4,
                  "Filter": "(keyword_id < 1913)",
                  "Rows Removed by Filter": 779660
                }
              ]
            }
          ]
        }
      ]
    },
    "Planning Time": 0.18,
    "Triggers": [],
    "Execution Time": 140.108
  }
]