{
  "Plan": {
    "Node Type": "Aggregate",
    "Strategy": "Plain",
    "Partial Mode": "Finalize",
    "Parallel Aware": false,
    "Startup Cost": 335741.58,
    "Total Cost": 335741.59,
    "Plan Rows": 1,
    "Plan Width": 8,
    "Actual Startup Time": 232.996,
    "Actual Total Time": 245.569,
    "Actual Rows": 1,
    "Actual Loops": 1,
    "Plans": [
      {
        "Node Type": "Gather",
        "Parent Relationship": "Outer",
        "Parallel Aware": false,
        "Startup Cost": 335741.47,
        "Total Cost": 335741.58,
        "Plan Rows": 1,
        "Plan Width": 8,
        "Actual Startup Time": 232.69,
        "Actual Total Time": 245.562,
        "Actual Rows": 2,
        "Actual Loops": 1,
        "Workers Planned": 1,
        "Workers Launched": 1,
        "Single Copy": false,
        "Plans": [
          {
            "Node Type": "Aggregate",
            "Strategy": "Plain",
            "Partial Mode": "Partial",
            "Parent Relationship": "Outer",
            "Parallel Aware": false,
            "Startup Cost": 334741.47,
            "Total Cost": 334741.48,
            "Plan Rows": 1,
            "Plan Width": 8,
            "Actual Startup Time": 228.588,
            "Actual Total Time": 228.593,
            "Actual Rows": 1,
            "Actual Loops": 2,
            "Plans": [
              {
                "Node Type": "Nested Loop",
                "Parent Relationship": "Outer",
                "Parallel Aware": false,
                "Join Type": "Inner",
                "Startup Cost": 67243.35,
                "Total Cost": 334740.5,
                "Plan Rows": 387,
                "Plan Width": 0,
                "Actual Startup Time": 173.111,
                "Actual Total Time": 228.513,
                "Actual Rows": 1020,
                "Actual Loops": 2,
                "Inner Unique": false,
                "Join Filter": "(t.id = mc.movie_id)",
                "Rows Removed by Join Filter": 0,
                "Plans": [
                  {
                    "Node Type": "Hash Join",
                    "Parent Relationship": "Outer",
                    "Parallel Aware": true,
                    "Join Type": "Inner",
                    "Startup Cost": 67242.92,
                    "Total Cost": 334214.18,
                    "Plan Rows": 375,
                    "Plan Width": 8,
                    "Actual Startup Time": 172.523,
                    "Actual Total Time": 223.859,
                    "Actual Rows": 1068,
                    "Actual Loops": 2,
                    "Inner Unique": true,
                    "Hash Cond": "(ci.movie_id = t.id)",
                    "Plans": [
                      {
                        "Node Type": "Bitmap Heap Scan",
                        "Parent Relationship": "Outer",
                        "Parallel Aware": true,
                        "Relation Name": "cast_info",
                        "Alias": "ci",
                        "Startup Cost": 8850.19,
                        "Total Cost": 275609.12,
                        "Plan Rows": 80885,
                        "Plan Width": 4,
                        "Actual Startup Time": 13.595,
                        "Actual Total Time": 47.782,
                        "Actual Rows": 195346,
                        "Actual Loops": 2,
                        "Recheck Cond": "(person_id > 3988920)",
                        "Rows Removed by Index Recheck": 0,
                        "Filter": "(role_id > 3)",
                        "Rows Removed by Filter": 0,
                        "Exact Heap Blocks": 3511,
                        "Lossy Heap Blocks": 0,
                        "Plans": [
                          {
                            "Node Type": "Bitmap Index Scan",
                            "Parent Relationship": "Outer",
                            "Parallel Aware": false,
                            "Index Name": "person_id_cast_info",
                            "Startup Cost": 0.0,
                            "Total Cost": 8815.81,
                            "Plan Rows": 403633,
                            "Plan Width": 0,
                            "Actual Startup Time": 12.725,
                            "Actual Total Time": 12.725,
                            "Actual Rows": 390693,
                            "Actual Loops": 1,
                            "Index Cond": "(person_id > 3988920)"
                          }
                        ]
                      },
                      {
                        "Node Type": "Hash",
                        "Parent Relationship": "Inner",
                        "Parallel Aware": true,
                        "Startup Cost": 58306.47,
                        "Total Cost": 58306.47,
                        "Plan Rows": 6901,
                        "Plan Width": 4,
                        "Actual Startup Time": 156.56,
                        "Actual Total Time": 156.561,
                        "Actual Rows": 5307,
                        "Actual Loops": 2,
                        "Hash Buckets": 16384,
                        "Original Hash Buckets": 16384,
                        "Hash Batches": 1,
                        "Original Hash Batches": 1,
                        "Peak Memory Usage": 576,
                        "Plans": [
                          {
                            "Node Type": "Seq Scan",
                            "Parent Relationship": "Outer",
                            "Parallel Aware": true,
                            "Relation Name": "title",
                            "Alias": "t",
                            "Startup Cost": 0.0,
                            "Total Cost": 58306.47,
                            "Plan Rows": 6901,
                            "Plan Width": 4,
                            "Actual Startup Time": 0.117,
                            "Actual Total Time": 153.981,
                            "Actual Rows": 5307,
                            "Actual Loops": 2,
                            "Filter": "((kind_id = 7) AND (production_year = 1985))",
                            "Rows Removed by Filter": 1258849
                          }
                        ]
                      }
                    ]
                  },
                  {
                    "Node Type": "Index Only Scan",
                    "Parent Relationship": "Inner",
                    "Parallel Aware": false,
                    "Scan Direction": "Forward",
                    "Index Name": "movie_id_movie_companies",
                    "Relation Name": "movie_companies",
                    "Alias": "mc",
                    "Startup Cost": 0.43,
                    "Total Cost": 1.34,
                    "Plan Rows": 5,
                    "Plan Width": 4,
                    "Actual Startup Time": 0.004,
                    "Actual Total Time": 0.004,
                    "Actual Rows": 1,
                    "Actual Loops": 2137,
                    "Index Cond": "(movie_id = ci.movie_id)",
                    "Rows Removed by Index Recheck": 0,
                    "Heap Fetches": 2040
                  }
                ]
              }
            ]
          }
        ]
      }
    ]
  },
  "Planning Time": 0.891,
  "Triggers": [],
  "Execution Time": 245.659
}