[
  {
    "Plan": {
      "Node Type": "Aggregate",
      "Strategy": "Plain",
      "Partial Mode": "Finalize",
      "Parallel Aware": false,
      "Startup Cost": 44472.24,
      "Total Cost": 44472.25,
      "Plan Rows": 1,
      "Plan Width": 8,
      "Actual Startup Time": 118.351,
      "Actual Total Time": 128.087,
      "Actual Rows": 1,
      "Actual Loops": 1,
      "Plans": [
        {
          "Node Type": "Gather",
          "Parent Relationship": "Outer",
          "Parallel Aware": false,
          "Startup Cost": 44471.92,
          "Total Cost": 44472.23,
          "Plan Rows": 3,
          "Plan Width": 8,
          "Actual Startup Time": 118.241,
          "Actual Total Time": 128.077,
          "Actual Rows": 4,
          "Actual Loops": 1,
          "Workers Planned": 3,
          "Workers Launched": 3,
          "Single Copy": false,
          "Plans": [
            {
              "Node Type": "Aggregate",
              "Strategy": "Plain",
              "Partial Mode": "Partial",
              "Parent Relationship": "Outer",
              "Parallel Aware": false,
              "Startup Cost": 43471.92,
              "Total Cost": 43471.93,
              "Plan Rows": 1,
              "Plan Width": 8,
              "Actual Startup Time": 113.246,
              "Actual Total Time": 113.247,
              "Actual Rows": 1,
              "Actual Loops": 4,
              "Plans": [
                {
                  "Node Type": "Seq Scan",
                  "Parent Relationship": "Outer",
                  "Parallel Aware": true,
                  "Relation Name": "movie_keyword",
                  "Alias": "mk",
                  "Startup Cost": 0.0,
                  "Total Cost": 42695.65,
                  "Plan Rows": 310507,
                  "Plan Width": 0,
                  "Actual Startup Time": 1.294,
                  "Actual Total Time": 101.864,
                  "Actual Rows": 240575,
                  "Actual Loops": 4,
                  "Filter": "(keyword_id > 19735)",
                  "Rows Removed by Filter": 890407
                }
              ]
            }
          ]
        }
      ]
    },
    "Planning Time": 0.117,
    "Triggers": [],
    "Execution Time": 128.134
  }
]