[
  {
    "Plan": {
      "Node Type": "Aggregate",
      "Strategy": "Plain",
      "Partial Mode": "Finalize",
      "Parallel Aware": false,
      "Startup Cost": 46063.49,
      "Total Cost": 46063.5,
      "Plan Rows": 1,
      "Plan Width": 8,
      "Actual Startup Time": 156.242,
      "Actual Total Time": 166.027,
      "Actual Rows": 1,
      "Actual Loops": 1,
      "Plans": [
        {
          "Node Type": "Gather",
          "Parent Relationship": "Outer",
          "Parallel Aware": false,
          "Startup Cost": 46063.17,
          "Total Cost": 46063.48,
          "Plan Rows": 3,
          "Plan Width": 8,
          "Actual Startup Time": 156.113,
          "Actual Total Time": 166.018,
          "Actual Rows": 4,
          "Actual Loops": 1,
          "Workers Planned": 3,
          "Workers Launched": 3,
          "Single Copy": false,
          "Plans": [
            {
              "Node Type": "Aggregate",
              "Strategy": "Plain",
              "Partial Mode": "Partial",
              "Parent Relationship": "Outer",
              "Parallel Aware": false,
              "Startup Cost": 45063.17,
              "Total Cost": 45063.18,
              "Plan Rows": 1,
              "Plan Width": 8,
              "Actual Startup Time": 149.455,
              "Actual Total Time": 149.456,
              "Actual Rows": 1,
              "Actual Loops": 4,
              "Plans": [
                {
                  "Node Type": "Seq Scan",
                  "Parent Relationship": "Outer",
                  "Parallel Aware": true,
                  "Relation Name": "movie_keyword",
                  "Alias": "mk",
                  "Startup Cost": 0.0,
                  "Total Cost": 42695.65,
                  "Plan Rows": 947006,
                  "Plan Width": 0,
                  "Actual Startup Time": 0.053,
                  "Actual Total Time": 117.261,
                  "Actual Rows": 732580,
                  "Actual Loops": 4,
                  "Filter": "(keyword_id < 9677)",
                  "Rows Removed by Filter": 398402
                }
              ]
            }
          ]
        }
      ]
    },
    "Planning Time": 0.186,
    "Triggers": [],
    "Execution Time": 166.083
  }
]