[
  {
    "Plan": {
      "Node Type": "Aggregate",
      "Strategy": "Plain",
      "Partial Mode": "Finalize",
      "Parallel Aware": false,
      "Startup Cost": 44661.81,
      "Total Cost": 44661.82,
      "Plan Rows": 1,
      "Plan Width": 8,
      "Actual Startup Time": 129.194,
      "Actual Total Time": 136.657,
      "Actual Rows": 1,
      "Actual Loops": 1,
      "Plans": [
        {
          "Node Type": "Gather",
          "Parent Relationship": "Outer",
          "Parallel Aware": false,
          "Startup Cost": 44661.49,
          "Total Cost": 44661.8,
          "Plan Rows": 3,
          "Plan Width": 8,
          "Actual Startup Time": 129.075,
          "Actual Total Time": 136.648,
          "Actual Rows": 4,
          "Actual Loops": 1,
          "Workers Planned": 3,
          "Workers Launched": 3,
          "Single Copy": false,
          "Plans": [
            {
              "Node Type": "Aggregate",
              "Strategy": "Plain",
              "Partial Mode": "Partial",
              "Parent Relationship": "Outer",
              "Parallel Aware": false,
              "Startup Cost": 43661.49,
              "Total Cost": 43661.5,
              "Plan Rows": 1,
              "Plan Width": 8,
              "Actual Startup Time": 121.055,
              "Actual Total Time": 121.056,
              "Actual Rows": 1,
              "Actual Loops": 4,
              "Plans": [
                {
                  "Node Type": "Seq Scan",
                  "Parent Relationship": "Outer",
                  "Parallel Aware": true,
                  "Relation Name": "movie_keyword",
                  "Alias": "mk",
                  "Startup Cost": 0.0,
                  "Total Cost": 42695.65,
                  "Plan Rows": 386334,
                  "Plan Width": 0,
                  "Actual Startup Time": 2.992,
                  "Actual Total Time": 106.234,
                  "Actual Rows": 300344,
                  "Actual Loops": 4,
                  "Filter": "(keyword_id > 15298)",
                  "Rows Removed by Filter": 830638
                }
              ]
            }
          ]
        }
      ]
    },
    "Planning Time": 0.193,
    "Triggers": [],
    "Execution Time": 136.715
  }
]