[
    {
        "Bao": {
            "Bao prediction": 1209.719,
            "Bao recommended hint": "SET enable_nestloop TO off; "
        }
    },
    {
        "Plan": {
            "Node Type": "Aggregate",
            "Strategy": "Plain",
            "Partial Mode": "Finalize",
            "Parallel Aware": false,
            "Startup Cost": 598540.01,
            "Total Cost": 598540.02,
            "Plan Rows": 1,
            "Plan Width": 8,
            "Actual Startup Time": 1539.902,
            "Actual Total Time": 1590.088,
            "Actual Rows": 1,
            "Actual Loops": 1,
            "Output": [
                "count(*)"
            ],
            "Plans": [
                {
                    "Node Type": "Gather",
                    "Parent Relationship": "Outer",
                    "Parallel Aware": false,
                    "Startup Cost": 598539.38,
                    "Total Cost": 598539.99,
                    "Plan Rows": 6,
                    "Plan Width": 8,
                    "Actual Startup Time": 1538.109,
                    "Actual Total Time": 1590.066,
                    "Actual Rows": 7,
                    "Actual Loops": 1,
                    "Output": [
                        "(PARTIAL count(*))"
                    ],
                    "Workers Planned": 6,
                    "Workers Launched": 6,
                    "Single Copy": false,
                    "Plans": [
                        {
                            "Node Type": "Aggregate",
                            "Strategy": "Plain",
                            "Partial Mode": "Partial",
                            "Parent Relationship": "Outer",
                            "Parallel Aware": false,
                            "Startup Cost": 597539.38,
                            "Total Cost": 597539.39,
                            "Plan Rows": 1,
                            "Plan Width": 8,
                            "Actual Startup Time": 1528.194,
                            "Actual Total Time": 1528.233,
                            "Actual Rows": 1,
                            "Actual Loops": 7,
                            "Output": [
                                "PARTIAL count(*)"
                            ],
                            "Workers": [
                                {
                                    "Worker Number": 0,
                                    "Actual Startup Time": 1526.203,
                                    "Actual Total Time": 1526.207,
                                    "Actual Rows": 1,
                                    "Actual Loops": 1
                                },
                                {
                                    "Worker Number": 1,
                                    "Actual Startup Time": 1527.061,
                                    "Actual Total Time": 1527.065,
                                    "Actual Rows": 1,
                                    "Actual Loops": 1
                                },
                                {
                                    "Worker Number": 2,
                                    "Actual Startup Time": 1526.67,
                                    "Actual Total Time": 1526.674,
                                    "Actual Rows": 1,
                                    "Actual Loops": 1
                                },
                                {
                                    "Worker Number": 3,
                                    "Actual Startup Time": 1526.672,
                                    "Actual Total Time": 1526.677,
                                    "Actual Rows": 1,
                                    "Actual Loops": 1
                                },
                                {
                                    "Worker Number": 4,
                                    "Actual Startup Time": 1526.667,
                                    "Actual Total Time": 1526.672,
                                    "Actual Rows": 1,
                                    "Actual Loops": 1
                                },
                                {
                                    "Worker Number": 5,
                                    "Actual Startup Time": 1527.022,
                                    "Actual Total Time": 1527.036,
                                    "Actual Rows": 1,
                                    "Actual Loops": 1
                                }
                            ],
                            "Plans": [
                                {
                                    "Node Type": "Hash Join",
                                    "Parent Relationship": "Outer",
                                    "Parallel Aware": true,
                                    "Join Type": "Inner",
                                    "Startup Cost": 245042.4,
                                    "Total Cost": 597301.07,
                                    "Plan Rows": 95325,
                                    "Plan Width": 0,
                                    "Actual Startup Time": 845.405,
                                    "Actual Total Time": 1507.253,
                                    "Actual Rows": 372281,
                                    "Actual Loops": 7,
                                    "Inner Unique": false,
                                    "Hash Cond": "(ci.movie_id = t.id)",
                                    "Workers": [
                                        {
                                            "Worker Number": 0,
                                            "Actual Startup Time": 843.381,
                                            "Actual Total Time": 1504.782,
                                            "Actual Rows": 326930,
                                            "Actual Loops": 1
                                        },
                                        {
                                            "Worker Number": 1,
                                            "Actual Startup Time": 843.944,
                                            "Actual Total Time": 1505.6,
                                            "Actual Rows": 327878,
                                            "Actual Loops": 1
                                        },
                                        {
                                            "Worker Number": 2,
                                            "Actual Startup Time": 843.881,
                                            "Actual Total Time": 1505.497,
                                            "Actual Rows": 323265,
                                            "Actual Loops": 1
                                        },
                                        {
                                            "Worker Number": 3,
                                            "Actual Startup Time": 843.925,
                                            "Actual Total Time": 1505.664,
                                            "Actual Rows": 455937,
                                            "Actual Loops": 1
                                        },
                                        {
                                            "Worker Number": 4,
                                            "Actual Startup Time": 843.846,
                                            "Actual Total Time": 1506.559,
                                            "Actual Rows": 306605,
                                            "Actual Loops": 1
                                        },
                                        {
                                            "Worker Number": 5,
                                            "Actual Startup Time": 844.522,
                                            "Actual Total Time": 1506.603,
                                            "Actual Rows": 307677,
                                            "Actual Loops": 1
                                        }
                                    ],
                                    "Plans": [
                                        {
                                            "Node Type": "Seq Scan",
                                            "Parent Relationship": "Outer",
                                            "Parallel Aware": true,
                                            "Relation Name": "cast_info",
                                            "Schema": "public",
                                            "Alias": "ci",
                                            "Startup Cost": 0.0,
                                            "Total Cost": 343318.94,
                                            "Plan Rows": 2333089,
                                            "Plan Width": 4,
                                            "Actual Startup Time": 229.706,
                                            "Actual Total Time": 689.046,
                                            "Actual Rows": 1261722,
                                            "Actual Loops": 7,
                                            "Output": [
                                                "ci.id",
                                                "ci.person_id",
                                                "ci.movie_id",
                                                "ci.person_role_id",
                                                "ci.note",
                                                "ci.nr_order",
                                                "ci.role_id"
                                            ],
                                            "Filter": "((ci.person_id < 2179550) AND (ci.role_id > 1))",
                                            "Rows Removed by Filter": 3916041,
                                            "Workers": [
                                                {
                                                    "Worker Number": 0,
                                                    "Actual Startup Time": 229.694,
                                                    "Actual Total Time": 689.509,
                                                    "Actual Rows": 1087887,
                                                    "Actual Loops": 1
                                                },
                                                {
                                                    "Worker Number": 1,
                                                    "Actual Startup Time": 229.726,
                                                    "Actual Total Time": 689.027,
                                                    "Actual Rows": 1091626,
                                                    "Actual Loops": 1
                                                },
                                                {
                                                    "Worker Number": 2,
                                                    "Actual Startup Time": 229.72,
                                                    "Actual Total Time": 690.479,
                                                    "Actual Rows": 1091843,
                                                    "Actual Loops": 1
                                                },
                                                {
                                                    "Worker Number": 3,
                                                    "Actual Startup Time": 229.695,
                                                    "Actual Total Time": 683.561,
                                                    "Actual Rows": 1521923,
                                                    "Actual Loops": 1
                                                },
                                                {
                                                    "Worker Number": 4,
                                                    "Actual Startup Time": 229.714,
                                                    "Actual Total Time": 691.465,
                                                    "Actual Rows": 1086687,
                                                    "Actual Loops": 1
                                                },
                                                {
                                                    "Worker Number": 5,
                                                    "Actual Startup Time": 229.708,
                                                    "Actual Total Time": 694.314,
                                                    "Actual Rows": 1038125,
                                                    "Actual Loops": 1
                                                }
                                            ]
                                        },
                                        {
                                            "Node Type": "Hash",
                                            "Parent Relationship": "Inner",
                                            "Parallel Aware": true,
                                            "Startup Cost": 244784.15,
                                            "Total Cost": 244784.15,
                                            "Plan Rows": 20660,
                                            "Plan Width": 8,
                                            "Actual Startup Time": 613.97,
                                            "Actual Total Time": 614.007,
                                            "Actual Rows": 23814,
                                            "Actual Loops": 7,
                                            "Output": [
                                                "t.id",
                                                "mi.movie_id"
                                            ],
                                            "Hash Buckets": 262144,
                                            "Original Hash Buckets": 131072,
                                            "Hash Batches": 1,
                                            "Original Hash Batches": 1,
                                            "Peak Memory Usage": 9696,
                                            "Workers": [
                                                {
                                                    "Worker Number": 0,
                                                    "Actual Startup Time": 612.868,
                                                    "Actual Total Time": 612.87,
                                                    "Actual Rows": 19284,
                                                    "Actual Loops": 1
                                                },
                                                {
                                                    "Worker Number": 1,
                                                    "Actual Startup Time": 613.131,
                                                    "Actual Total Time": 613.133,
                                                    "Actual Rows": 20078,
                                                    "Actual Loops": 1
                                                },
                                                {
                                                    "Worker Number": 2,
                                                    "Actual Startup Time": 613.219,
                                                    "Actual Total Time": 613.221,
                                                    "Actual Rows": 19975,
                                                    "Actual Loops": 1
                                                },
                                                {
                                                    "Worker Number": 3,
                                                    "Actual Startup Time": 613.296,
                                                    "Actual Total Time": 613.299,
                                                    "Actual Rows": 28969,
                                                    "Actual Loops": 1
                                                },
                                                {
                                                    "Worker Number": 4,
                                                    "Actual Startup Time": 613.215,
                                                    "Actual Total Time": 613.218,
                                                    "Actual Rows": 20073,
                                                    "Actual Loops": 1
                                                },
                                                {
                                                    "Worker Number": 5,
                                                    "Actual Startup Time": 613.609,
                                                    "Actual Total Time": 613.621,
                                                    "Actual Rows": 19886,
                                                    "Actual Loops": 1
                                                }
                                            ],
                                            "Plans": [
                                                {
                                                    "Node Type": "Hash Join",
                                                    "Parent Relationship": "Outer",
                                                    "Parallel Aware": true,
                                                    "Join Type": "Inner",
                                                    "Startup Cost": 45534.52,
                                                    "Total Cost": 244784.15,
                                                    "Plan Rows": 20660,
                                                    "Plan Width": 8,
                                                    "Actual Startup Time": 84.153,
                                                    "Actual Total Time": 595.836,
                                                    "Actual Rows": 23814,
                                                    "Actual Loops": 7,
                                                    "Output": [
                                                        "t.id",
                                                        "mi.movie_id"
                                                    ],
                                                    "Inner Unique": true,
                                                    "Hash Cond": "(mi.movie_id = t.id)",
                                                    "Workers": [
                                                        {
                                                            "Worker Number": 0,
                                                            "Actual Startup Time": 83.012,
                                                            "Actual Total Time": 599.71,
                                                            "Actual Rows": 19284,
                                                            "Actual Loops": 1
                                                        },
                                                        {
                                                            "Worker Number": 1,
                                                            "Actual Startup Time": 83.304,
                                                            "Actual Total Time": 591.817,
                                                            "Actual Rows": 20078,
                                                            "Actual Loops": 1
                                                        },
                                                        {
                                                            "Worker Number": 2,
                                                            "Actual Startup Time": 83.374,
                                                            "Actual Total Time": 596.59,
                                                            "Actual Rows": 19975,
                                                            "Actual Loops": 1
                                                        },
                                                        {
                                                            "Worker Number": 3,
                                                            "Actual Startup Time": 83.457,
                                                            "Actual Total Time": 585.073,
                                                            "Actual Rows": 28969,
                                                            "Actual Loops": 1
                                                        },
                                                        {
                                                            "Worker Number": 4,
                                                            "Actual Startup Time": 83.465,
                                                            "Actual Total Time": 597.68,
                                                            "Actual Rows": 20073,
                                                            "Actual Loops": 1
                                                        },
                                                        {
                                                            "Worker Number": 5,
                                                            "Actual Startup Time": 83.776,
                                                            "Actual Total Time": 601.47,
                                                            "Actual Rows": 19886,
                                                            "Actual Loops": 1
                                                        }
                                                    ],
                                                    "Plans": [
                                                        {
                                                            "Node Type": "Seq Scan",
                                                            "Parent Relationship": "Outer",
                                                            "Parallel Aware": true,
                                                            "Relation Name": "movie_info",
                                                            "Schema": "public",
                                                            "Alias": "mi",
                                                            "Startup Cost": 0.0,
                                                            "Total Cost": 191503.19,
                                                            "Plan Rows": 2951019,
                                                            "Plan Width": 4,
                                                            "Actual Startup Time": 0.021,
                                                            "Actual Total Time": 294.245,
                                                            "Actual Rows": 2119389,
                                                            "Actual Loops": 7,
                                                            "Output": [
                                                                "mi.id",
                                                                "mi.movie_id",
                                                                "mi.info_type_id",
                                                                "mi.info",
                                                                "mi.note"
                                                            ],
                                                            "Workers": [
                                                                {
                                                                    "Worker Number": 0,
                                                                    "Actual Startup Time": 0.024,
                                                                    "Actual Total Time": 299.578,
                                                                    "Actual Rows": 1809579,
                                                                    "Actual Loops": 1
                                                                },
                                                                {
                                                                    "Worker Number": 1,
                                                                    "Actual Startup Time": 0.027,
                                                                    "Actual Total Time": 295.242,
                                                                    "Actual Rows": 1775317,
                                                                    "Actual Loops": 1
                                                                },
                                                                {
                                                                    "Worker Number": 2,
                                                                    "Actual Startup Time": 0.023,
                                                                    "Actual Total Time": 298.605,
                                                                    "Actual Rows": 1791872,
                                                                    "Actual Loops": 1
                                                                },
                                                                {
                                                                    "Worker Number": 3,
                                                                    "Actual Startup Time": 0.02,
                                                                    "Actual Total Time": 287.061,
                                                                    "Actual Rows": 2530347,
                                                                    "Actual Loops": 1
                                                                },
                                                                {
                                                                    "Worker Number": 4,
                                                                    "Actual Startup Time": 0.022,
                                                                    "Actual Total Time": 298.708,
                                                                    "Actual Rows": 1790089,
                                                                    "Actual Loops": 1
                                                                },
                                                                {
                                                                    "Worker Number": 5,
                                                                    "Actual Startup Time": 0.027,
                                                                    "Actual Total Time": 305.102,
                                                                    "Actual Rows": 1733038,
                                                                    "Actual Loops": 1
                                                                }
                                                            ]
                                                        },
                                                        {
                                                            "Node Type": "Hash",
                                                            "Parent Relationship": "Inner",
                                                            "Parallel Aware": true,
                                                            "Startup Cost": 45479.21,
                                                            "Total Cost": 45479.21,
                                                            "Plan Rows": 4425,
                                                            "Plan Width": 4,
                                                            "Actual Startup Time": 77.282,
                                                            "Actual Total Time": 77.284,
                                                            "Actual Rows": 1386,
                                                            "Actual Loops": 7,
                                                            "Output": [
                                                                "t.id"
                                                            ],
                                                            "Hash Buckets": 32768,
                                                            "Original Hash Buckets": 32768,
                                                            "Hash Batches": 1,
                                                            "Original Hash Batches": 1,
                                                            "Peak Memory Usage": 768,
                                                            "Workers": [
                                                                {
                                                                    "Worker Number": 0,
                                                                    "Actual Startup Time": 76.223,
                                                                    "Actual Total Time": 76.224,
                                                                    "Actual Rows": 1108,
                                                                    "Actual Loops": 1
                                                                },
                                                                {
                                                                    "Worker Number": 1,
                                                                    "Actual Startup Time": 76.493,
                                                                    "Actual Total Time": 76.494,
                                                                    "Actual Rows": 1073,
                                                                    "Actual Loops": 1
                                                                },
                                                                {
                                                                    "Worker Number": 2,
                                                                    "Actual Startup Time": 76.58,
                                                                    "Actual Total Time": 76.581,
                                                                    "Actual Rows": 1080,
                                                                    "Actual Loops": 1
                                                                },
                                                                {
                                                                    "Worker Number": 3,
                                                                    "Actual Startup Time": 76.645,
                                                                    "Actual Total Time": 76.646,
                                                                    "Actual Rows": 1630,
                                                                    "Actual Loops": 1
                                                                },
                                                                {
                                                                    "Worker Number": 4,
                                                                    "Actual Startup Time": 76.575,
                                                                    "Actual Total Time": 76.576,
                                                                    "Actual Rows": 1081,
                                                                    "Actual Loops": 1
                                                                },
                                                                {
                                                                    "Worker Number": 5,
                                                                    "Actual Startup Time": 76.952,
                                                                    "Actual Total Time": 76.961,
                                                                    "Actual Rows": 964,
                                                                    "Actual Loops": 1
                                                                }
                                                            ],
                                                            "Plans": [
                                                                {
                                                                    "Node Type": "Seq Scan",
                                                                    "Parent Relationship": "Outer",
                                                                    "Parallel Aware": true,
                                                                    "Relation Name": "title",
                                                                    "Schema": "public",
                                                                    "Alias": "t",
                                                                    "Startup Cost": 0.0,
                                                                    "Total Cost": 45479.21,
                                                                    "Plan Rows": 4425,
                                                                    "Plan Width": 4,
                                                                    "Actual Startup Time": 51.831,
                                                                    "Actual Total Time": 76.421,
                                                                    "Actual Rows": 1386,
                                                                    "Actual Loops": 7,
                                                                    "Output": [
                                                                        "t.id"
                                                                    ],
                                                                    "Filter": "((t.kind_id = 1) AND (t.production_year = 2002))",
                                                                    "Rows Removed by Filter": 359801,
                                                                    "Workers": [
                                                                        {
                                                                            "Worker Number": 0,
                                                                            "Actual Startup Time": 51.752,
                                                                            "Actual Total Time": 75.477,
                                                                            "Actual Rows": 1108,
                                                                            "Actual Loops": 1
                                                                        },
                                                                        {
                                                                            "Worker Number": 1,
                                                                            "Actual Startup Time": 49.223,
                                                                            "Actual Total Time": 75.736,
                                                                            "Actual Rows": 1073,
                                                                            "Actual Loops": 1
                                                                        },
                                                                        {
                                                                            "Worker Number": 2,
                                                                            "Actual Startup Time": 48.134,
                                                                            "Actual Total Time": 75.827,
                                                                            "Actual Rows": 1080,
                                                                            "Actual Loops": 1
                                                                        },
                                                                        {
                                                                            "Worker Number": 3,
                                                                            "Actual Startup Time": 52.185,
                                                                            "Actual Total Time": 75.564,
                                                                            "Actual Rows": 1630,
                                                                            "Actual Loops": 1
                                                                        },
                                                                        {
                                                                            "Worker Number": 4,
                                                                            "Actual Startup Time": 52.078,
                                                                            "Actual Total Time": 75.797,
                                                                            "Actual Rows": 1081,
                                                                            "Actual Loops": 1
                                                                        },
                                                                        {
                                                                            "Worker Number": 5,
                                                                            "Actual Startup Time": 52.454,
                                                                            "Actual Total Time": 75.992,
                                                                            "Actual Rows": 964,
                                                                            "Actual Loops": 1
                                                                        }
                                                                    ]
                                                                }
                                                            ]
                                                        }
                                                    ]
                                                }
                                            ]
                                        }
                                    ]
                                }
                            ]
                        }
                    ]
                }
            ]
        },
        "Planning Time": 935.693,
        "Triggers": [],
        "Execution Time": 1590.217
    }
]