[
    {
        "Bao": {
            "Bao prediction": 665.273,
            "Bao recommended hint": "(no hint)"
        }
    },
    {
        "Plan": {
            "Node Type": "Aggregate",
            "Strategy": "Plain",
            "Partial Mode": "Finalize",
            "Parallel Aware": false,
            "Startup Cost": 183589.51,
            "Total Cost": 183589.52,
            "Plan Rows": 1,
            "Plan Width": 8,
            "Actual Startup Time": 181.702,
            "Actual Total Time": 189.039,
            "Actual Rows": 1,
            "Actual Loops": 1,
            "Output": [
                "count(*)"
            ],
            "Plans": [
                {
                    "Node Type": "Gather",
                    "Parent Relationship": "Outer",
                    "Parallel Aware": false,
                    "Startup Cost": 183588.99,
                    "Total Cost": 183589.5,
                    "Plan Rows": 5,
                    "Plan Width": 8,
                    "Actual Startup Time": 180.586,
                    "Actual Total Time": 189.029,
                    "Actual Rows": 6,
                    "Actual Loops": 1,
                    "Output": [
                        "(PARTIAL count(*))"
                    ],
                    "Workers Planned": 5,
                    "Workers Launched": 5,
                    "Single Copy": false,
                    "Plans": [
                        {
                            "Node Type": "Aggregate",
                            "Strategy": "Plain",
                            "Partial Mode": "Partial",
                            "Parent Relationship": "Outer",
                            "Parallel Aware": false,
                            "Startup Cost": 182588.99,
                            "Total Cost": 182589.0,
                            "Plan Rows": 1,
                            "Plan Width": 8,
                            "Actual Startup Time": 170.969,
                            "Actual Total Time": 170.972,
                            "Actual Rows": 1,
                            "Actual Loops": 6,
                            "Output": [
                                "PARTIAL count(*)"
                            ],
                            "Workers": [
                                {
                                    "Worker Number": 0,
                                    "Actual Startup Time": 168.775,
                                    "Actual Total Time": 168.776,
                                    "Actual Rows": 1,
                                    "Actual Loops": 1
                                },
                                {
                                    "Worker Number": 1,
                                    "Actual Startup Time": 169.04,
                                    "Actual Total Time": 169.041,
                                    "Actual Rows": 1,
                                    "Actual Loops": 1
                                },
                                {
                                    "Worker Number": 2,
                                    "Actual Startup Time": 169.244,
                                    "Actual Total Time": 169.245,
                                    "Actual Rows": 1,
                                    "Actual Loops": 1
                                },
                                {
                                    "Worker Number": 3,
                                    "Actual Startup Time": 169.232,
                                    "Actual Total Time": 169.233,
                                    "Actual Rows": 1,
                                    "Actual Loops": 1
                                },
                                {
                                    "Worker Number": 4,
                                    "Actual Startup Time": 169.666,
                                    "Actual Total Time": 169.668,
                                    "Actual Rows": 1,
                                    "Actual Loops": 1
                                }
                            ],
                            "Plans": [
                                {
                                    "Node Type": "Bitmap Heap Scan",
                                    "Parent Relationship": "Outer",
                                    "Parallel Aware": true,
                                    "Relation Name": "movie_info",
                                    "Schema": "public",
                                    "Alias": "mi",
                                    "Startup Cost": 17672.58,
                                    "Total Cost": 182101.75,
                                    "Plan Rows": 194894,
                                    "Plan Width": 0,
                                    "Actual Startup Time": 66.209,
                                    "Actual Total Time": 156.859,
                                    "Actual Rows": 163120,
                                    "Actual Loops": 6,
                                    "Recheck Cond": "(mi.info_type_id > 90)",
                                    "Rows Removed by Index Recheck": 0,
                                    "Exact Heap Blocks": 9904,
                                    "Lossy Heap Blocks": 0,
                                    "Workers": [
                                        {
                                            "Worker Number": 0,
                                            "Actual Startup Time": 64.327,
                                            "Actual Total Time": 155.894,
                                            "Actual Rows": 96547,
                                            "Actual Loops": 1
                                        },
                                        {
                                            "Worker Number": 1,
                                            "Actual Startup Time": 64.419,
                                            "Actual Total Time": 155.761,
                                            "Actual Rows": 148471,
                                            "Actual Loops": 1
                                        },
                                        {
                                            "Worker Number": 2,
                                            "Actual Startup Time": 64.47,
                                            "Actual Total Time": 155.898,
                                            "Actual Rows": 147305,
                                            "Actual Loops": 1
                                        },
                                        {
                                            "Worker Number": 3,
                                            "Actual Startup Time": 64.423,
                                            "Actual Total Time": 155.86,
                                            "Actual Rows": 146193,
                                            "Actual Loops": 1
                                        },
                                        {
                                            "Worker Number": 4,
                                            "Actual Startup Time": 64.913,
                                            "Actual Total Time": 156.5,
                                            "Actual Rows": 148428,
                                            "Actual Loops": 1
                                        }
                                    ],
                                    "Plans": [
                                        {
                                            "Node Type": "Bitmap Index Scan",
                                            "Parent Relationship": "Outer",
                                            "Parallel Aware": false,
                                            "Index Name": "info_type_id_movie_info",
                                            "Startup Cost": 0.0,
                                            "Total Cost": 17428.96,
                                            "Plan Rows": 974470,
                                            "Plan Width": 0,
                                            "Actual Startup Time": 66.457,
                                            "Actual Total Time": 66.467,
                                            "Actual Rows": 978723,
                                            "Actual Loops": 1,
                                            "Index Cond": "(mi.info_type_id > 90)"
                                        }
                                    ]
                                }
                            ]
                        }
                    ]
                }
            ]
        },
        "Planning Time": 1312.821,
        "Triggers": [],
        "Execution Time": 189.156
    }
]