[
  {
    "Plan": {
      "Node Type": "Aggregate",
      "Strategy": "Plain",
      "Partial Mode": "Finalize",
      "Parallel Aware": false,
      "Startup Cost": 45068.91,
      "Total Cost": 45068.92,
      "Plan Rows": 1,
      "Plan Width": 8,
      "Actual Startup Time": 146.601,
      "Actual Total Time": 155.962,
      "Actual Rows": 1,
      "Actual Loops": 1,
      "Plans": [
        {
          "Node Type": "Gather",
          "Parent Relationship": "Outer",
          "Parallel Aware": false,
          "Startup Cost": 45068.59,
          "Total Cost": 45068.9,
          "Plan Rows": 3,
          "Plan Width": 8,
          "Actual Startup Time": 146.491,
          "Actual Total Time": 155.95,
          "Actual Rows": 4,
          "Actual Loops": 1,
          "Workers Planned": 3,
          "Workers Launched": 3,
          "Single Copy": false,
          "Plans": [
            {
              "Node Type": "Aggregate",
              "Strategy": "Plain",
              "Partial Mode": "Partial",
              "Parent Relationship": "Outer",
              "Parallel Aware": false,
              "Startup Cost": 44068.59,
              "Total Cost": 44068.6,
              "Plan Rows": 1,
              "Plan Width": 8,
              "Actual Startup Time": 139.389,
              "Actual Total Time": 139.39,
              "Actual Rows": 1,
              "Actual Loops": 4,
              "Plans": [
                {
                  "Node Type": "Seq Scan",
                  "Parent Relationship": "Outer",
                  "Parallel Aware": true,
                  "Relation Name": "movie_keyword",
                  "Alias": "mk",
                  "Startup Cost": 0.0,
                  "Total Cost": 42695.65,
                  "Plan Rows": 549175,
                  "Plan Width": 0,
                  "Actual Startup Time": 0.051,
                  "Actual Total Time": 117.399,
                  "Actual Rows": 425753,
                  "Actual Loops": 4,
                  "Filter": "(keyword_id < 2661)",
                  "Rows Removed by Filter": 705229
                }
              ]
            }
          ]
        }
      ]
    },
    "Planning Time": 0.156,
    "Triggers": [],
    "Execution Time": 156.009
  }
]