[
  {
    "Plan": {
      "Node Type": "Aggregate",
      "Strategy": "Plain",
      "Partial Mode": "Finalize",
      "Parallel Aware": false,
      "Startup Cost": 60748.34,
      "Total Cost": 60748.35,
      "Plan Rows": 1,
      "Plan Width": 8,
      "Actual Startup Time": 197.765,
      "Actual Total Time": 212.019,
      "Actual Rows": 1,
      "Actual Loops": 1,
      "Plans": [
        {
          "Node Type": "Gather",
          "Parent Relationship": "Outer",
          "Parallel Aware": false,
          "Startup Cost": 60748.13,
          "Total Cost": 60748.34,
          "Plan Rows": 2,
          "Plan Width": 8,
          "Actual Startup Time": 197.232,
          "Actual Total Time": 212.009,
          "Actual Rows": 3,
          "Actual Loops": 1,
          "Workers Planned": 2,
          "Workers Launched": 2,
          "Single Copy": false,
          "Plans": [
            {
              "Node Type": "Aggregate",
              "Strategy": "Plain",
              "Partial Mode": "Partial",
              "Parent Relationship": "Outer",
              "Parallel Aware": false,
              "Startup Cost": 59748.13,
              "Total Cost": 59748.14,
              "Plan Rows": 1,
              "Plan Width": 8,
              "Actual Startup Time": 189.524,
              "Actual Total Time": 189.527,
              "Actual Rows": 1,
              "Actual Loops": 3,
              "Plans": [
                {
                  "Node Type": "Hash Join",
                  "Parent Relationship": "Outer",
                  "Parallel Aware": true,
                  "Join Type": "Inner",
                  "Startup Cost": 44104.87,
                  "Total Cost": 59735.52,
                  "Plan Rows": 5044,
                  "Plan Width": 0,
                  "Actual Startup Time": 127.188,
                  "Actual Total Time": 189.395,
                  "Actual Rows": 1645,
                  "Actual Loops": 3,
                  "Inner Unique": true,
                  "Hash Cond": "(mi_idx.movie_id = t.id)",
                  "Plans": [
                    {
                      "Node Type": "Seq Scan",
                      "Parent Relationship": "Outer",
                      "Parallel Aware": true,
                      "Relation Name": "movie_info_idx",
                      "Alias": "mi_idx",
                      "Startup Cost": 0.0,
                      "Total Cost": 15122.68,
                      "Plan Rows": 193512,
                      "Plan Width": 4,
                      "Actual Startup Time": 0.027,
                      "Actual Total Time": 41.226,
                      "Actual Rows": 153308,
                      "Actual Loops": 3,
                      "Filter": "(info_type_id = 100)",
                      "Rows Removed by Filter": 306703
                    },
                    {
                      "Node Type": "Hash",
                      "Parent Relationship": "Inner",
                      "Parallel Aware": true,
                      "Startup Cost": 43898.92,
                      "Total Cost": 43898.92,
                      "Plan Rows": 16476,
                      "Plan Width": 4,
                      "Actual Startup Time": 124.942,
                      "Actual Total Time": 124.943,
                      "Actual Rows": 21276,
                      "Actual Loops": 3,
                      "Hash Buckets": 131072,
                      "Original Hash Buckets": 131072,
                      "Hash Batches": 1,
                      "Original Hash Batches": 1,
                      "Peak Memory Usage": 3552,
                      "Plans": [
                        {
                          "Node Type": "Seq Scan",
                          "Parent Relationship": "Outer",
                          "Parallel Aware": true,
                          "Relation Name": "title",
                          "Alias": "t",
                          "Startup Cost": 0.0,
                          "Total Cost": 43898.92,
                          "Plan Rows": 16476,
                          "Plan Width": 4,
                          "Actual Startup Time": 0.067,
                          "Actual Total Time": 115.891,
                          "Actual Rows": 21276,
                          "Actual Loops": 3,
                          "Filter": "(production_year = 2013)",
                          "Rows Removed by Filter": 821495
                        }
                      ]
                    }
                  ]
                }
              ]
            }
          ]
        }
      ]
    },
    "Planning Time": 0.54,
    "Triggers": [],
    "Execution Time": 212.088
  }
]