{
    "Plan": {
        "Node Type": "Aggregate",
        "Strategy": "Plain",
        "Partial Mode": "Finalize",
        "Parallel Aware": false,
        "Startup Cost": 91991.5,
        "Total Cost": 91991.51,
        "Plan Rows": 1,
        "Plan Width": 8,
        "Actual Startup Time": 334.097,
        "Actual Total Time": 357.273,
        "Actual Rows": 1,
        "Actual Loops": 1,
        "Output": [
            "count(*)"
        ],
        "Plans": [
            {
                "Node Type": "Gather",
                "Parent Relationship": "Outer",
                "Parallel Aware": false,
                "Startup Cost": 91991.18,
                "Total Cost": 91991.49,
                "Plan Rows": 3,
                "Plan Width": 8,
                "Actual Startup Time": 332.416,
                "Actual Total Time": 357.264,
                "Actual Rows": 4,
                "Actual Loops": 1,
                "Output": [
                    "(PARTIAL count(*))"
                ],
                "Workers Planned": 3,
                "Workers Launched": 3,
                "Single Copy": false,
                "Plans": [
                    {
                        "Node Type": "Aggregate",
                        "Strategy": "Plain",
                        "Partial Mode": "Partial",
                        "Parent Relationship": "Outer",
                        "Parallel Aware": false,
                        "Startup Cost": 90991.18,
                        "Total Cost": 90991.19,
                        "Plan Rows": 1,
                        "Plan Width": 8,
                        "Actual Startup Time": 323.708,
                        "Actual Total Time": 323.714,
                        "Actual Rows": 1,
                        "Actual Loops": 4,
                        "Output": [
                            "PARTIAL count(*)"
                        ],
                        "Workers": [
                            {
                                "Worker Number": 0,
                                "Actual Startup Time": 320.775,
                                "Actual Total Time": 320.778,
                                "Actual Rows": 1,
                                "Actual Loops": 1
                            },
                            {
                                "Worker Number": 1,
                                "Actual Startup Time": 320.495,
                                "Actual Total Time": 320.509,
                                "Actual Rows": 1,
                                "Actual Loops": 1
                            },
                            {
                                "Worker Number": 2,
                                "Actual Startup Time": 321.857,
                                "Actual Total Time": 321.859,
                                "Actual Rows": 1,
                                "Actual Loops": 1
                            }
                        ],
                        "Plans": [
                            {
                                "Node Type": "Hash Join",
                                "Parent Relationship": "Outer",
                                "Parallel Aware": true,
                                "Join Type": "Inner",
                                "Startup Cost": 46527.63,
                                "Total Cost": 90792.83,
                                "Plan Rows": 79341,
                                "Plan Width": 0,
                                "Actual Startup Time": 170.251,
                                "Actual Total Time": 315.318,
                                "Actual Rows": 203570,
                                "Actual Loops": 4,
                                "Inner Unique": true,
                                "Hash Cond": "(mk.movie_id = t.id)",
                                "Workers": [
                                    {
                                        "Worker Number": 0,
                                        "Actual Startup Time": 167.115,
                                        "Actual Total Time": 313.022,
                                        "Actual Rows": 189117,
                                        "Actual Loops": 1
                                    },
                                    {
                                        "Worker Number": 1,
                                        "Actual Startup Time": 167.114,
                                        "Actual Total Time": 312.82,
                                        "Actual Rows": 187468,
                                        "Actual Loops": 1
                                    },
                                    {
                                        "Worker Number": 2,
                                        "Actual Startup Time": 168.469,
                                        "Actual Total Time": 313.832,
                                        "Actual Rows": 196476,
                                        "Actual Loops": 1
                                    }
                                ],
                                "Plans": [
                                    {
                                        "Node Type": "Seq Scan",
                                        "Parent Relationship": "Outer",
                                        "Parallel Aware": true,
                                        "Relation Name": "movie_keyword",
                                        "Schema": "public",
                                        "Alias": "mk",
                                        "Startup Cost": 0.0,
                                        "Total Cost": 42695.65,
                                        "Plan Rows": 597921,
                                        "Plan Width": 4,
                                        "Actual Startup Time": 0.361,
                                        "Actual Total Time": 111.045,
                                        "Actual Rows": 459224,
                                        "Actual Loops": 4,
                                        "Output": [
                                            "mk.id",
                                            "mk.movie_id",
                                            "mk.keyword_id"
                                        ],
                                        "Filter": "(mk.keyword_id > 7582)",
                                        "Rows Removed by Filter": 671759,
                                        "Workers": [
                                            {
                                                "Worker Number": 0,
                                                "Actual Startup Time": 0.371,
                                                "Actual Total Time": 114.128,
                                                "Actual Rows": 425995,
                                                "Actual Loops": 1
                                            },
                                            {
                                                "Worker Number": 1,
                                                "Actual Startup Time": 0.375,
                                                "Actual Total Time": 113.979,
                                                "Actual Rows": 425016,
                                                "Actual Loops": 1
                                            },
                                            {
                                                "Worker Number": 2,
                                                "Actual Startup Time": 0.347,
                                                "Actual Total Time": 114.852,
                                                "Actual Rows": 440643,
                                                "Actual Loops": 1
                                            }
                                        ]
                                    },
                                    {
                                        "Node Type": "Hash",
                                        "Parent Relationship": "Inner",
                                        "Parallel Aware": true,
                                        "Startup Cost": 45479.21,
                                        "Total Cost": 45479.21,
                                        "Plan Rows": 83874,
                                        "Plan Width": 4,
                                        "Actual Startup Time": 134.898,
                                        "Actual Total Time": 134.901,
                                        "Actual Rows": 102880,
                                        "Actual Loops": 4,
                                        "Output": [
                                            "t.id"
                                        ],
                                        "Hash Buckets": 524288,
                                        "Original Hash Buckets": 524288,
                                        "Hash Batches": 1,
                                        "Original Hash Batches": 1,
                                        "Peak Memory Usage": 20256,
                                        "Workers": [
                                            {
                                                "Worker Number": 0,
                                                "Actual Startup Time": 134.79,
                                                "Actual Total Time": 134.791,
                                                "Actual Rows": 98131,
                                                "Actual Loops": 1
                                            },
                                            {
                                                "Worker Number": 1,
                                                "Actual Startup Time": 134.704,
                                                "Actual Total Time": 134.716,
                                                "Actual Rows": 95875,
                                                "Actual Loops": 1
                                            },
                                            {
                                                "Worker Number": 2,
                                                "Actual Startup Time": 136.073,
                                                "Actual Total Time": 136.074,
                                                "Actual Rows": 100439,
                                                "Actual Loops": 1
                                            }
                                        ],
                                        "Plans": [
                                            {
                                                "Node Type": "Seq Scan",
                                                "Parent Relationship": "Outer",
                                                "Parallel Aware": true,
                                                "Relation Name": "title",
                                                "Schema": "public",
                                                "Alias": "t",
                                                "Startup Cost": 0.0,
                                                "Total Cost": 45479.21,
                                                "Plan Rows": 83874,
                                                "Plan Width": 4,
                                                "Actual Startup Time": 61.139,
                                                "Actual Total Time": 101.951,
                                                "Actual Rows": 102880,
                                                "Actual Loops": 4,
                                                "Output": [
                                                    "t.id"
                                                ],
                                                "Filter": "((t.production_year < 2004) AND (t.kind_id = 1))",
                                                "Rows Removed by Filter": 529198,
                                                "Workers": [
                                                    {
                                                        "Worker Number": 0,
                                                        "Actual Startup Time": 61.184,
                                                        "Actual Total Time": 103.218,
                                                        "Actual Rows": 98131,
                                                        "Actual Loops": 1
                                                    },
                                                    {
                                                        "Worker Number": 1,
                                                        "Actual Startup Time": 61.039,
                                                        "Actual Total Time": 102.59,
                                                        "Actual Rows": 95875,
                                                        "Actual Loops": 1
                                                    },
                                                    {
                                                        "Worker Number": 2,
                                                        "Actual Startup Time": 61.055,
                                                        "Actual Total Time": 102.449,
                                                        "Actual Rows": 100439,
                                                        "Actual Loops": 1
                                                    }
                                                ]
                                            }
                                        ]
                                    }
                                ]
                            }
                        ]
                    }
                ]
            }
        ]
    },
    "Planning Time": 0.71,
    "Triggers": [],
    "Execution Time": 357.347
}