[
  {
    "Plan": {
      "Node Type": "Aggregate",
      "Strategy": "Plain",
      "Partial Mode": "Finalize",
      "Parallel Aware": false,
      "Startup Cost": 30765.05,
      "Total Cost": 30765.06,
      "Plan Rows": 1,
      "Plan Width": 8,
      "Actual Startup Time": 92.501,
      "Actual Total Time": 101.161,
      "Actual Rows": 1,
      "Actual Loops": 1,
      "Plans": [
        {
          "Node Type": "Gather",
          "Parent Relationship": "Outer",
          "Parallel Aware": false,
          "Startup Cost": 30764.74,
          "Total Cost": 30765.05,
          "Plan Rows": 3,
          "Plan Width": 8,
          "Actual Startup Time": 92.401,
          "Actual Total Time": 101.154,
          "Actual Rows": 4,
          "Actual Loops": 1,
          "Workers Planned": 3,
          "Workers Launched": 3,
          "Single Copy": false,
          "Plans": [
            {
              "Node Type": "Aggregate",
              "Strategy": "Plain",
              "Partial Mode": "Partial",
              "Parent Relationship": "Outer",
              "Parallel Aware": false,
              "Startup Cost": 29764.74,
              "Total Cost": 29764.75,
              "Plan Rows": 1,
              "Plan Width": 8,
              "Actual Startup Time": 84.782,
              "Actual Total Time": 84.783,
              "Actual Rows": 1,
              "Actual Loops": 4,
              "Plans": [
                {
                  "Node Type": "Seq Scan",
                  "Parent Relationship": "Outer",
                  "Parallel Aware": true,
                  "Relation Name": "movie_companies",
                  "Alias": "mc",
                  "Startup Cost": 0.0,
                  "Total Cost": 29310.68,
                  "Plan Rows": 181622,
                  "Plan Width": 0,
                  "Actual Startup Time": 46.334,
                  "Actual Total Time": 78.346,
                  "Actual Rows": 145522,
                  "Actual Loops": 4,
                  "Filter": "(company_id > 71001)",
                  "Rows Removed by Filter": 506761
                }
              ]
            }
          ]
        }
      ]
    },
    "Planning Time": 0.183,
    "Triggers": [],
    "Execution Time": 101.215
  }
]