[
  {
    "Plan": {
      "Node Type": "Aggregate",
      "Strategy": "Plain",
      "Partial Mode": "Finalize",
      "Parallel Aware": false,
      "Startup Cost": 32699.26,
      "Total Cost": 32699.27,
      "Plan Rows": 1,
      "Plan Width": 8,
      "Actual Startup Time": 97.011,
      "Actual Total Time": 104.496,
      "Actual Rows": 1,
      "Actual Loops": 1,
      "Plans": [
        {
          "Node Type": "Gather",
          "Parent Relationship": "Outer",
          "Parallel Aware": false,
          "Startup Cost": 32698.95,
          "Total Cost": 32699.26,
          "Plan Rows": 3,
          "Plan Width": 8,
          "Actual Startup Time": 96.912,
          "Actual Total Time": 104.487,
          "Actual Rows": 4,
          "Actual Loops": 1,
          "Workers Planned": 3,
          "Workers Launched": 3,
          "Single Copy": false,
          "Plans": [
            {
              "Node Type": "Aggregate",
              "Strategy": "Plain",
              "Partial Mode": "Partial",
              "Parent Relationship": "Outer",
              "Parallel Aware": false,
              "Startup Cost": 31698.95,
              "Total Cost": 31698.96,
              "Plan Rows": 1,
              "Plan Width": 8,
              "Actual Startup Time": 88.172,
              "Actual Total Time": 88.173,
              "Actual Rows": 1,
              "Actual Loops": 4,
              "Plans": [
                {
                  "Node Type": "Seq Scan",
                  "Parent Relationship": "Outer",
                  "Parallel Aware": true,
                  "Relation Name": "movie_companies",
                  "Alias": "mc",
                  "Startup Cost": 0.0,
                  "Total Cost": 31414.82,
                  "Plan Rows": 113651,
                  "Plan Width": 0,
                  "Actual Startup Time": 0.029,
                  "Actual Total Time": 77.848,
                  "Actual Rows": 127397,
                  "Actual Loops": 4,
                  "Filter": "((company_id < 1402) AND (company_type_id = 1))",
                  "Rows Removed by Filter": 524885
                }
              ]
            }
          ]
        }
      ]
    },
    "Planning Time": 0.245,
    "Triggers": [],
    "Execution Time": 104.556
  }
]