[
  {
    "Plan": {
      "Node Type": "Aggregate",
      "Strategy": "Plain",
      "Partial Mode": "Finalize",
      "Parallel Aware": false,
      "Startup Cost": 32702.07,
      "Total Cost": 32702.08,
      "Plan Rows": 1,
      "Plan Width": 8,
      "Actual Startup Time": 92.001,
      "Actual Total Time": 100.273,
      "Actual Rows": 1,
      "Actual Loops": 1,
      "Plans": [
        {
          "Node Type": "Gather",
          "Parent Relationship": "Outer",
          "Parallel Aware": false,
          "Startup Cost": 32701.75,
          "Total Cost": 32702.06,
          "Plan Rows": 3,
          "Plan Width": 8,
          "Actual Startup Time": 91.878,
          "Actual Total Time": 100.266,
          "Actual Rows": 4,
          "Actual Loops": 1,
          "Workers Planned": 3,
          "Workers Launched": 3,
          "Single Copy": false,
          "Plans": [
            {
              "Node Type": "Aggregate",
              "Strategy": "Plain",
              "Partial Mode": "Partial",
              "Parent Relationship": "Outer",
              "Parallel Aware": false,
              "Startup Cost": 31701.75,
              "Total Cost": 31701.76,
              "Plan Rows": 1,
              "Plan Width": 8,
              "Actual Startup Time": 84.954,
              "Actual Total Time": 84.956,
              "Actual Rows": 1,
              "Actual Loops": 4,
              "Plans": [
                {
                  "Node Type": "Seq Scan",
                  "Parent Relationship": "Outer",
                  "Parallel Aware": true,
                  "Relation Name": "movie_companies",
                  "Alias": "mc",
                  "Startup Cost": 0.0,
                  "Total Cost": 31414.82,
                  "Plan Rows": 114774,
                  "Plan Width": 0,
                  "Actual Startup Time": 0.042,
                  "Actual Total Time": 74.845,
                  "Actual Rows": 127397,
                  "Actual Loops": 4,
                  "Filter": "((company_id < 1402) AND (company_type_id = 1))",
                  "Rows Removed by Filter": 524885
                }
              ]
            }
          ]
        }
      ]
    },
    "Planning Time": 0.179,
    "Triggers": [],
    "Execution Time": 100.319
  }
]