[
  {
    "Plan": {
      "Node Type": "Aggregate",
      "Strategy": "Plain",
      "Partial Mode": "Finalize",
      "Parallel Aware": false,
      "Startup Cost": 339085.24,
      "Total Cost": 339085.25,
      "Plan Rows": 1,
      "Plan Width": 8,
      "Actual Startup Time": 735.898,
      "Actual Total Time": 764.097,
      "Actual Rows": 1,
      "Actual Loops": 1,
      "Plans": [
        {
          "Node Type": "Gather",
          "Parent Relationship": "Outer",
          "Parallel Aware": false,
          "Startup Cost": 339084.61,
          "Total Cost": 339085.22,
          "Plan Rows": 6,
          "Plan Width": 8,
          "Actual Startup Time": 735.81,
          "Actual Total Time": 764.08,
          "Actual Rows": 7,
          "Actual Loops": 1,
          "Workers Planned": 6,
          "Workers Launched": 6,
          "Single Copy": false,
          "Plans": [
            {
              "Node Type": "Aggregate",
              "Strategy": "Plain",
              "Partial Mode": "Partial",
              "Parent Relationship": "Outer",
              "Parallel Aware": false,
              "Startup Cost": 338084.61,
              "Total Cost": 338084.62,
              "Plan Rows": 1,
              "Plan Width": 8,
              "Actual Startup Time": 729.848,
              "Actual Total Time": 729.849,
              "Actual Rows": 1,
              "Actual Loops": 7,
              "Plans": [
                {
                  "Node Type": "Seq Scan",
                  "Parent Relationship": "Outer",
                  "Parallel Aware": true,
                  "Relation Name": "cast_info",
                  "Alias": "ci",
                  "Startup Cost": 0.0,
                  "Total Cost": 328213.62,
                  "Plan Rows": 3948398,
                  "Plan Width": 0,
                  "Actual Startup Time": 125.573,
                  "Actual Total Time": 574.359,
                  "Actual Rows": 3381367,
                  "Actual Loops": 7,
                  "Filter": "(person_id > 1240092)",
                  "Rows Removed by Filter": 1796397
                }
              ]
            }
          ]
        }
      ]
    },
    "Planning Time": 0.075,
    "Triggers": [],
    "Execution Time": 764.128
  }
]