[
    {
        "Bao": {
            "Bao prediction": 428.182,
            "Bao recommended hint": "SET enable_mergejoin TO off; "
        }
    },
    {
        "Plan": {
            "Node Type": "Aggregate",
            "Strategy": "Plain",
            "Partial Mode": "Simple",
            "Parallel Aware": false,
            "Startup Cost": 6064.87,
            "Total Cost": 6064.88,
            "Plan Rows": 1,
            "Plan Width": 8,
            "Actual Startup Time": 3.719,
            "Actual Total Time": 3.721,
            "Actual Rows": 1,
            "Actual Loops": 1,
            "Output": [
                "count(*)"
            ],
            "Plans": [
                {
                    "Node Type": "Index Scan",
                    "Parent Relationship": "Outer",
                    "Parallel Aware": false,
                    "Scan Direction": "Forward",
                    "Index Name": "company_id_movie_companies",
                    "Relation Name": "movie_companies",
                    "Schema": "public",
                    "Alias": "mc",
                    "Startup Cost": 0.43,
                    "Total Cost": 6061.88,
                    "Plan Rows": 1194,
                    "Plan Width": 0,
                    "Actual Startup Time": 0.055,
                    "Actual Total Time": 3.38,
                    "Actual Rows": 1906,
                    "Actual Loops": 1,
                    "Output": [
                        "id",
                        "movie_id",
                        "company_id",
                        "company_type_id",
                        "note"
                    ],
                    "Index Cond": "(mc.company_id = 1347)",
                    "Rows Removed by Index Recheck": 0,
                    "Filter": "(mc.company_type_id < 2)",
                    "Rows Removed by Filter": 0
                }
            ]
        },
        "Planning Time": 2881.164,
        "Triggers": [],
        "Execution Time": 3.799
    }
]