[
  {
    "Plan": {
      "Node Type": "Aggregate",
      "Strategy": "Plain",
      "Partial Mode": "Finalize",
      "Parallel Aware": false,
      "Startup Cost": 200266.69,
      "Total Cost": 200266.7,
      "Plan Rows": 1,
      "Plan Width": 8,
      "Actual Startup Time": 309.303,
      "Actual Total Time": 323.823,
      "Actual Rows": 1,
      "Actual Loops": 1,
      "Plans": [
        {
          "Node Type": "Gather",
          "Parent Relationship": "Outer",
          "Parallel Aware": false,
          "Startup Cost": 200266.07,
          "Total Cost": 200266.68,
          "Plan Rows": 6,
          "Plan Width": 8,
          "Actual Startup Time": 309.22,
          "Actual Total Time": 323.814,
          "Actual Rows": 7,
          "Actual Loops": 1,
          "Workers Planned": 6,
          "Workers Launched": 6,
          "Single Copy": false,
          "Plans": [
            {
              "Node Type": "Aggregate",
              "Strategy": "Plain",
              "Partial Mode": "Partial",
              "Parent Relationship": "Outer",
              "Parallel Aware": false,
              "Startup Cost": 199266.07,
              "Total Cost": 199266.08,
              "Plan Rows": 1,
              "Plan Width": 8,
              "Actual Startup Time": 298.706,
              "Actual Total Time": 298.708,
              "Actual Rows": 1,
              "Actual Loops": 7,
              "Plans": [
                {
                  "Node Type": "Index Scan",
                  "Parent Relationship": "Outer",
                  "Parallel Aware": true,
                  "Scan Direction": "Forward",
                  "Index Name": "role_id_cast_info",
                  "Relation Name": "cast_info",
                  "Alias": "ci",
                  "Startup Cost": 0.56,
                  "Total Cost": 197877.72,
                  "Plan Rows": 555338,
                  "Plan Width": 0,
                  "Actual Startup Time": 78.039,
                  "Actual Total Time": 257.848,
                  "Actual Rows": 776232,
                  "Actual Loops": 7,
                  "Index Cond": "(role_id = 2)",
                  "Rows Removed by Index Recheck": 0,
                  "Filter": "(person_id > 1995460)",
                  "Rows Removed by Filter": 288336
                }
              ]
            }
          ]
        }
      ]
    },
    "Planning Time": 0.241,
    "Triggers": [],
    "Execution Time": 323.892
  }
]