[
  {
    "Plan": {
      "Node Type": "Aggregate",
      "Strategy": "Plain",
      "Partial Mode": "Finalize",
      "Parallel Aware": false,
      "Startup Cost": 34478.95,
      "Total Cost": 34478.96,
      "Plan Rows": 1,
      "Plan Width": 8,
      "Actual Startup Time": 111.645,
      "Actual Total Time": 119.782,
      "Actual Rows": 1,
      "Actual Loops": 1,
      "Plans": [
        {
          "Node Type": "Gather",
          "Parent Relationship": "Outer",
          "Parallel Aware": false,
          "Startup Cost": 34478.63,
          "Total Cost": 34478.94,
          "Plan Rows": 3,
          "Plan Width": 8,
          "Actual Startup Time": 111.363,
          "Actual Total Time": 119.774,
          "Actual Rows": 4,
          "Actual Loops": 1,
          "Workers Planned": 3,
          "Workers Launched": 3,
          "Single Copy": false,
          "Plans": [
            {
              "Node Type": "Aggregate",
              "Strategy": "Plain",
              "Partial Mode": "Partial",
              "Parent Relationship": "Outer",
              "Parallel Aware": false,
              "Startup Cost": 33478.63,
              "Total Cost": 33478.64,
              "Plan Rows": 1,
              "Plan Width": 8,
              "Actual Startup Time": 103.061,
              "Actual Total Time": 103.062,
              "Actual Rows": 1,
              "Actual Loops": 4,
              "Plans": [
                {
                  "Node Type": "Bitmap Heap Scan",
                  "Parent Relationship": "Outer",
                  "Parallel Aware": true,
                  "Relation Name": "movie_keyword",
                  "Alias": "mk",
                  "Startup Cost": 7348.71,
                  "Total Cost": 33199.31,
                  "Plan Rows": 111728,
                  "Plan Width": 0,
                  "Actual Startup Time": 38.753,
                  "Actual Total Time": 98.012,
                  "Actual Rows": 84016,
                  "Actual Loops": 4,
                  "Recheck Cond": "(keyword_id > 49117)",
                  "Rows Removed by Index Recheck": 0,
                  "Exact Heap Blocks": 11131,
                  "Lossy Heap Blocks": 0,
                  "Plans": [
                    {
                      "Node Type": "Bitmap Index Scan",
                      "Parent Relationship": "Outer",
                      "Parallel Aware": false,
                      "Index Name": "keyword_id_movie_keyword",
                      "Startup Cost": 0.0,
                      "Total Cost": 7262.12,
                      "Plan Rows": 346358,
                      "Plan Width": 0,
                      "Actual Startup Time": 42.22,
                      "Actual Total Time": 42.22,
                      "Actual Rows": 336065,
                      "Actual Loops": 1,
                      "Index Cond": "(keyword_id > 49117)"
                    }
                  ]
                }
              ]
            }
          ]
        }
      ]
    },
    "Planning Time": 0.179,
    "Triggers": [],
    "Execution Time": 119.856
  }
]