[
  {
    "Plan": {
      "Node Type": "Aggregate",
      "Strategy": "Plain",
      "Partial Mode": "Finalize",
      "Parallel Aware": false,
      "Startup Cost": 57491.88,
      "Total Cost": 57491.89,
      "Plan Rows": 1,
      "Plan Width": 8,
      "Actual Startup Time": 192.602,
      "Actual Total Time": 198.431,
      "Actual Rows": 1,
      "Actual Loops": 1,
      "Plans": [
        {
          "Node Type": "Gather",
          "Parent Relationship": "Outer",
          "Parallel Aware": false,
          "Startup Cost": 57491.57,
          "Total Cost": 57491.88,
          "Plan Rows": 3,
          "Plan Width": 8,
          "Actual Startup Time": 189.306,
          "Actual Total Time": 198.425,
          "Actual Rows": 4,
          "Actual Loops": 1,
          "Workers Planned": 3,
          "Workers Launched": 3,
          "Single Copy": false,
          "Plans": [
            {
              "Node Type": "Aggregate",
              "Strategy": "Plain",
              "Partial Mode": "Partial",
              "Parent Relationship": "Outer",
              "Parallel Aware": false,
              "Startup Cost": 56491.57,
              "Total Cost": 56491.58,
              "Plan Rows": 1,
              "Plan Width": 8,
              "Actual Startup Time": 182.332,
              "Actual Total Time": 182.335,
              "Actual Rows": 1,
              "Actual Loops": 4,
              "Plans": [
                {
                  "Node Type": "Hash Join",
                  "Parent Relationship": "Outer",
                  "Parallel Aware": true,
                  "Join Type": "Inner",
                  "Startup Cost": 47623.39,
                  "Total Cost": 56458.88,
                  "Plan Rows": 13076,
                  "Plan Width": 0,
                  "Actual Startup Time": 148.642,
                  "Actual Total Time": 181.637,
                  "Actual Rows": 15268,
                  "Actual Loops": 4,
                  "Inner Unique": true,
                  "Hash Cond": "(ci.movie_id = t.id)",
                  "Plans": [
                    {
                      "Node Type": "Index Scan",
                      "Parent Relationship": "Outer",
                      "Parallel Aware": true,
                      "Scan Direction": "Forward",
                      "Index Name": "role_id_cast_info",
                      "Relation Name": "cast_info",
                      "Alias": "ci",
                      "Startup Cost": 0.56,
                      "Total Cost": 8709.54,
                      "Plan Rows": 48196,
                      "Plan Width": 4,
                      "Actual Startup Time": 0.037,
                      "Actual Total Time": 14.15,
                      "Actual Rows": 60944,
                      "Actual Loops": 4,
                      "Index Cond": "(role_id > 10)",
                      "Rows Removed by Index Recheck": 0,
                      "Filter": "(person_id > 1808606)",
                      "Rows Removed by Filter": 18085
                    },
                    {
                      "Node Type": "Hash",
                      "Parent Relationship": "Inner",
                      "Parallel Aware": true,
                      "Startup Cost": 45479.21,
                      "Total Cost": 45479.21,
                      "Plan Rows": 171489,
                      "Plan Width": 4,
                      "Actual Startup Time": 143.766,
                      "Actual Total Time": 143.767,
                      "Actual Rows": 149124,
                      "Actual Loops": 4,
                      "Hash Buckets": 1048576,
                      "Original Hash Buckets": 1048576,
                      "Hash Batches": 1,
                      "Original Hash Batches": 1,
                      "Peak Memory Usage": 31584,
                      "Plans": [
                        {
                          "Node Type": "Seq Scan",
                          "Parent Relationship": "Outer",
                          "Parallel Aware": true,
                          "Relation Name": "title",
                          "Alias": "t",
                          "Startup Cost": 0.0,
                          "Total Cost": 45479.21,
                          "Plan Rows": 171489,
                          "Plan Width": 4,
                          "Actual Startup Time": 0.026,
                          "Actual Total Time": 89.426,
                          "Actual Rows": 149124,
                          "Actual Loops": 4,
                          "Filter": "((production_year < 2002) AND (kind_id = 7))",
                          "Rows Removed by Filter": 482954
                        }
                      ]
                    }
                  ]
                }
              ]
            }
          ]
        }
      ]
    },
    "Planning Time": 0.641,
    "Triggers": [],
    "Execution Time": 198.5
  }
]