[
    {
        "Bao": {
            "Bao prediction": "NaN",
            "Bao recommended hint": "(no hint)"
        }
    },
    {
        "Plan": {
            "Node Type": "Aggregate",
            "Strategy": "Plain",
            "Partial Mode": "Finalize",
            "Parallel Aware": false,
            "Startup Cost": 33216.53,
            "Total Cost": 33216.54,
            "Plan Rows": 1,
            "Plan Width": 8,
            "Actual Startup Time": 95.415,
            "Actual Total Time": 101.333,
            "Actual Rows": 1,
            "Actual Loops": 1,
            "Output": [
                "count(*)"
            ],
            "Plans": [
                {
                    "Node Type": "Gather",
                    "Parent Relationship": "Outer",
                    "Parallel Aware": false,
                    "Startup Cost": 33216.21,
                    "Total Cost": 33216.52,
                    "Plan Rows": 3,
                    "Plan Width": 8,
                    "Actual Startup Time": 95.351,
                    "Actual Total Time": 101.329,
                    "Actual Rows": 4,
                    "Actual Loops": 1,
                    "Output": [
                        "(PARTIAL count(*))"
                    ],
                    "Workers Planned": 3,
                    "Workers Launched": 3,
                    "Single Copy": false,
                    "Plans": [
                        {
                            "Node Type": "Aggregate",
                            "Strategy": "Plain",
                            "Partial Mode": "Partial",
                            "Parent Relationship": "Outer",
                            "Parallel Aware": false,
                            "Startup Cost": 32216.21,
                            "Total Cost": 32216.22,
                            "Plan Rows": 1,
                            "Plan Width": 8,
                            "Actual Startup Time": 87.4,
                            "Actual Total Time": 87.401,
                            "Actual Rows": 1,
                            "Actual Loops": 4,
                            "Output": [
                                "PARTIAL count(*)"
                            ],
                            "Workers": [
                                {
                                    "Worker Number": 0,
                                    "Actual Startup Time": 84.548,
                                    "Actual Total Time": 84.549,
                                    "Actual Rows": 1,
                                    "Actual Loops": 1
                                },
                                {
                                    "Worker Number": 1,
                                    "Actual Startup Time": 84.779,
                                    "Actual Total Time": 84.78,
                                    "Actual Rows": 1,
                                    "Actual Loops": 1
                                },
                                {
                                    "Worker Number": 2,
                                    "Actual Startup Time": 85.208,
                                    "Actual Total Time": 85.209,
                                    "Actual Rows": 1,
                                    "Actual Loops": 1
                                }
                            ],
                            "Plans": [
                                {
                                    "Node Type": "Seq Scan",
                                    "Parent Relationship": "Outer",
                                    "Parallel Aware": true,
                                    "Relation Name": "movie_companies",
                                    "Schema": "public",
                                    "Alias": "mc",
                                    "Startup Cost": 0.0,
                                    "Total Cost": 31414.82,
                                    "Plan Rows": 320556,
                                    "Plan Width": 0,
                                    "Actual Startup Time": 41.896,
                                    "Actual Total Time": 76.007,
                                    "Actual Rows": 287036,
                                    "Actual Loops": 4,
                                    "Output": [
                                        "id",
                                        "movie_id",
                                        "company_id",
                                        "company_type_id",
                                        "note"
                                    ],
                                    "Filter": "((mc.company_id > 969) AND (mc.company_type_id = 2))",
                                    "Rows Removed by Filter": 365246,
                                    "Workers": [
                                        {
                                            "Worker Number": 0,
                                            "Actual Startup Time": 39.048,
                                            "Actual Total Time": 73.451,
                                            "Actual Rows": 275516,
                                            "Actual Loops": 1
                                        },
                                        {
                                            "Worker Number": 1,
                                            "Actual Startup Time": 39.275,
                                            "Actual Total Time": 73.674,
                                            "Actual Rows": 275311,
                                            "Actual Loops": 1
                                        },
                                        {
                                            "Worker Number": 2,
                                            "Actual Startup Time": 39.707,
                                            "Actual Total Time": 74.055,
                                            "Actual Rows": 274939,
                                            "Actual Loops": 1
                                        }
                                    ]
                                }
                            ]
                        }
                    ]
                }
            ]
        },
        "Planning Time": 191.675,
        "Triggers": [],
        "Execution Time": 101.375
    }
]