{
  "Plan": {
    "Node Type": "Aggregate",
    "Strategy": "Plain",
    "Partial Mode": "Finalize",
    "Parallel Aware": false,
    "Startup Cost": 87375.73,
    "Total Cost": 87375.74,
    "Plan Rows": 1,
    "Plan Width": 8,
    "Actual Startup Time": 233.787,
    "Actual Total Time": 246.371,
    "Actual Rows": 1,
    "Actual Loops": 1,
    "Plans": [
      {
        "Node Type": "Gather",
        "Parent Relationship": "Outer",
        "Parallel Aware": false,
        "Startup Cost": 87375.62,
        "Total Cost": 87375.73,
        "Plan Rows": 1,
        "Plan Width": 8,
        "Actual Startup Time": 233.609,
        "Actual Total Time": 246.364,
        "Actual Rows": 2,
        "Actual Loops": 1,
        "Workers Planned": 1,
        "Workers Launched": 1,
        "Single Copy": false,
        "Plans": [
          {
            "Node Type": "Aggregate",
            "Strategy": "Plain",
            "Partial Mode": "Partial",
            "Parent Relationship": "Outer",
            "Parallel Aware": false,
            "Startup Cost": 86375.62,
            "Total Cost": 86375.63,
            "Plan Rows": 1,
            "Plan Width": 8,
            "Actual Startup Time": 227.372,
            "Actual Total Time": 227.376,
            "Actual Rows": 1,
            "Actual Loops": 2,
            "Plans": [
              {
                "Node Type": "Nested Loop",
                "Parent Relationship": "Outer",
                "Parallel Aware": false,
                "Join Type": "Inner",
                "Startup Cost": 20113.77,
                "Total Cost": 86370.34,
                "Plan Rows": 2111,
                "Plan Width": 0,
                "Actual Startup Time": 20.431,
                "Actual Total Time": 227.334,
                "Actual Rows": 173,
                "Actual Loops": 2,
                "Inner Unique": false,
                "Plans": [
                  {
                    "Node Type": "Hash Join",
                    "Parent Relationship": "Outer",
                    "Parallel Aware": true,
                    "Join Type": "Inner",
                    "Startup Cost": 20113.34,
                    "Total Cost": 80346.99,
                    "Plan Rows": 11585,
                    "Plan Width": 8,
                    "Actual Startup Time": 18.415,
                    "Actual Total Time": 223.494,
                    "Actual Rows": 310,
                    "Actual Loops": 2,
                    "Inner Unique": false,
                    "Hash Cond": "(t.id = mc.movie_id)",
                    "Plans": [
                      {
                        "Node Type": "Seq Scan",
                        "Parent Relationship": "Outer",
                        "Parallel Aware": true,
                        "Relation Name": "title",
                        "Alias": "t",
                        "Startup Cost": 0.0,
                        "Total Cost": 50870.31,
                        "Plan Rows": 1487231,
                        "Plan Width": 4,
                        "Actual Startup Time": 0.017,
                        "Actual Total Time": 121.429,
                        "Actual Rows": 1264156,
                        "Actual Loops": 2
                      },
                      {
                        "Node Type": "Hash",
                        "Parent Relationship": "Inner",
                        "Parallel Aware": true,
                        "Startup Cost": 19968.53,
                        "Total Cost": 19968.53,
                        "Plan Rows": 11585,
                        "Plan Width": 4,
                        "Actual Startup Time": 16.286,
                        "Actual Total Time": 16.287,
                        "Actual Rows": 310,
                        "Actual Loops": 2,
                        "Hash Buckets": 32768,
                        "Original Hash Buckets": 32768,
                        "Hash Batches": 1,
                        "Original Hash Batches": 1,
                        "Peak Memory Usage": 320,
                        "Plans": [
                          {
                            "Node Type": "Bitmap Heap Scan",
                            "Parent Relationship": "Outer",
                            "Parallel Aware": true,
                            "Relation Name": "movie_companies",
                            "Alias": "mc",
                            "Startup Cost": 836.27,
                            "Total Cost": 19968.53,
                            "Plan Rows": 11585,
                            "Plan Width": 4,
                            "Actual Startup Time": 15.153,
                            "Actual Total Time": 16.079,
                            "Actual Rows": 310,
                            "Actual Loops": 2,
                            "Recheck Cond": "(company_id = 160)",
                            "Rows Removed by Index Recheck": 0,
                            "Filter": "(company_type_id = 2)",
                            "Rows Removed by Filter": 17758,
                            "Exact Heap Blocks": 4138,
                            "Lossy Heap Blocks": 0,
                            "Plans": [
                              {
                                "Node Type": "Bitmap Index Scan",
                                "Parent Relationship": "Outer",
                                "Parallel Aware": false,
                                "Index Name": "company_id_movie_companies",
                                "Startup Cost": 0.0,
                                "Total Cost": 831.35,
                                "Plan Rows": 38789,
                                "Plan Width": 0,
                                "Actual Startup Time": 5.322,
                                "Actual Total Time": 5.322,
                                "Actual Rows": 36136,
                                "Actual Loops": 1,
                                "Index Cond": "(company_id = 160)"
                              }
                            ]
                          }
                        ]
                      }
                    ]
                  },
                  {
                    "Node Type": "Index Scan",
                    "Parent Relationship": "Inner",
                    "Parallel Aware": false,
                    "Scan Direction": "Forward",
                    "Index Name": "movie_id_movie_info_idx",
                    "Relation Name": "movie_info_idx",
                    "Alias": "mi_idx",
                    "Startup Cost": 0.43,
                    "Total Cost": 0.51,
                    "Plan Rows": 1,
                    "Plan Width": 4,
                    "Actual Startup Time": 0.012,
                    "Actual Total Time": 0.012,
                    "Actual Rows": 1,
                    "Actual Loops": 619,
                    "Index Cond": "(movie_id = t.id)",
                    "Rows Removed by Index Recheck": 0,
                    "Filter": "(info_type_id = 101)",
                    "Rows Removed by Filter": 1
                  }
                ]
              }
            ]
          }
        ]
      }
    ]
  },
  "Planning Time": 0.741,
  "Triggers": [],
  "Execution Time": 246.464
}