[
  {
    "Plan": {
      "Node Type": "Aggregate",
      "Strategy": "Plain",
      "Partial Mode": "Finalize",
      "Parallel Aware": false,
      "Startup Cost": 425893.85,
      "Total Cost": 425893.86,
      "Plan Rows": 1,
      "Plan Width": 8,
      "Actual Startup Time": 1469.72,
      "Actual Total Time": 1533.19,
      "Actual Rows": 1,
      "Actual Loops": 1,
      "Plans": [
        {
          "Node Type": "Gather",
          "Parent Relationship": "Outer",
          "Parallel Aware": false,
          "Startup Cost": 425893.22,
          "Total Cost": 425893.83,
          "Plan Rows": 6,
          "Plan Width": 8,
          "Actual Startup Time": 1454.923,
          "Actual Total Time": 1533.177,
          "Actual Rows": 7,
          "Actual Loops": 1,
          "Workers Planned": 6,
          "Workers Launched": 6,
          "Single Copy": false,
          "Plans": [
            {
              "Node Type": "Aggregate",
              "Strategy": "Plain",
              "Partial Mode": "Partial",
              "Parent Relationship": "Outer",
              "Parallel Aware": false,
              "Startup Cost": 424893.22,
              "Total Cost": 424893.23,
              "Plan Rows": 1,
              "Plan Width": 8,
              "Actual Startup Time": 1443.214,
              "Actual Total Time": 1443.47,
              "Actual Rows": 1,
              "Actual Loops": 7,
              "Plans": [
                {
                  "Node Type": "Hash Join",
                  "Parent Relationship": "Outer",
                  "Parallel Aware": true,
                  "Join Type": "Inner",
                  "Startup Cost": 68265.33,
                  "Total Cost": 423032.93,
                  "Plan Rows": 744116,
                  "Plan Width": 0,
                  "Actual Startup Time": 652.229,
                  "Actual Total Time": 1388.9,
                  "Actual Rows": 1080105,
                  "Actual Loops": 7,
                  "Inner Unique": false,
                  "Hash Cond": "(ci.movie_id = t.id)",
                  "Plans": [
                    {
                      "Node Type": "Seq Scan",
                      "Parent Relationship": "Outer",
                      "Parallel Aware": true,
                      "Relation Name": "cast_info",
                      "Alias": "ci",
                      "Startup Cost": 0.0,
                      "Total Cost": 343257.03,
                      "Plan Rows": 2242693,
                      "Plan Width": 4,
                      "Actual Startup Time": 355.342,
                      "Actual Total Time": 711.948,
                      "Actual Rows": 2035675,
                      "Actual Loops": 7,
                      "Filter": "((person_id > 645539) AND (role_id > 2))",
                      "Rows Removed by Filter": 3142088
                    },
                    {
                      "Node Type": "Hash",
                      "Parent Relationship": "Inner",
                      "Parallel Aware": true,
                      "Startup Cost": 63896.18,
                      "Total Cost": 63896.18,
                      "Plan Rows": 349532,
                      "Plan Width": 8,
                      "Actual Startup Time": 293.178,
                      "Actual Total Time": 293.432,
                      "Actual Rows": 60817,
                      "Actual Loops": 7,
                      "Hash Buckets": 1048576,
                      "Original Hash Buckets": 1048576,
                      "Hash Batches": 1,
                      "Original Hash Batches": 1,
                      "Peak Memory Usage": 24928,
                      "Plans": [
                        {
                          "Node Type": "Hash Join",
                          "Parent Relationship": "Outer",
                          "Parallel Aware": true,
                          "Join Type": "Inner",
                          "Startup Cost": 48701.62,
                          "Total Cost": 63896.18,
                          "Plan Rows": 349532,
                          "Plan Width": 8,
                          "Actual Startup Time": 201.148,
                          "Actual Total Time": 267.925,
                          "Actual Rows": 60817,
                          "Actual Loops": 7,
                          "Inner Unique": true,
                          "Hash Cond": "(mi_idx.movie_id = t.id)",
                          "Plans": [
                            {
                              "Node Type": "Seq Scan",
                              "Parent Relationship": "Outer",
                              "Parallel Aware": true,
                              "Relation Name": "movie_info_idx",
                              "Alias": "mi_idx",
                              "Startup Cost": 0.0,
                              "Total Cost": 13685.15,
                              "Plan Rows": 575015,
                              "Plan Width": 4,
                              "Actual Startup Time": 0.034,
                              "Actual Total Time": 20.508,
                              "Actual Rows": 197148,
                              "Actual Loops": 7
                            },
                            {
                              "Node Type": "Hash",
                              "Parent Relationship": "Inner",
                              "Parallel Aware": true,
                              "Startup Cost": 43898.92,
                              "Total Cost": 43898.92,
                              "Plan Rows": 384216,
                              "Plan Width": 4,
                              "Actual Startup Time": 198.27,
                              "Actual Total Time": 198.271,
                              "Actual Rows": 220466,
                              "Actual Loops": 7,
                              "Hash Buckets": 2097152,
                              "Original Hash Buckets": 2097152,
                              "Hash Batches": 1,
                              "Original Hash Batches": 1,
                              "Peak Memory Usage": 76864,
                              "Plans": [
                                {
                                  "Node Type": "Seq Scan",
                                  "Parent Relationship": "Outer",
                                  "Parallel Aware": true,
                                  "Relation Name": "title",
                                  "Alias": "t",
                                  "Startup Cost": 0.0,
                                  "Total Cost": 43898.92,
                                  "Plan Rows": 384216,
                                  "Plan Width": 4,
                                  "Actual Startup Time": 0.045,
                                  "Actual Total Time": 80.896,
                                  "Actual Rows": 220466,
                                  "Actual Loops": 7,
                                  "Filter": "(kind_id = 7)",
                                  "Rows Removed by Filter": 140721
                                }
                              ]
                            }
                          ]
                        }
                      ]
                    }
                  ]
                }
              ]
            }
          ]
        }
      ]
    },
    "Planning Time": 1.342,
    "Triggers": [],
    "Execution Time": 1533.29
  }
]