{
  "Plan": {
    "Node Type": "Aggregate",
    "Strategy": "Plain",
    "Partial Mode": "Finalize",
    "Parallel Aware": false,
    "Startup Cost": 92123.32,
    "Total Cost": 92123.33,
    "Plan Rows": 1,
    "Plan Width": 8,
    "Actual Startup Time": 413.054,
    "Actual Total Time": 422.742,
    "Actual Rows": 1,
    "Actual Loops": 1,
    "Plans": [
      {
        "Node Type": "Gather",
        "Parent Relationship": "Outer",
        "Parallel Aware": false,
        "Startup Cost": 92123.2,
        "Total Cost": 92123.31,
        "Plan Rows": 1,
        "Plan Width": 8,
        "Actual Startup Time": 412.254,
        "Actual Total Time": 422.733,
        "Actual Rows": 2,
        "Actual Loops": 1,
        "Workers Planned": 1,
        "Workers Launched": 1,
        "Single Copy": false,
        "Plans": [
          {
            "Node Type": "Aggregate",
            "Strategy": "Plain",
            "Partial Mode": "Partial",
            "Parent Relationship": "Outer",
            "Parallel Aware": false,
            "Startup Cost": 91123.2,
            "Total Cost": 91123.21,
            "Plan Rows": 1,
            "Plan Width": 8,
            "Actual Startup Time": 407.318,
            "Actual Total Time": 407.322,
            "Actual Rows": 1,
            "Actual Loops": 2,
            "Plans": [
              {
                "Node Type": "Hash Join",
                "Parent Relationship": "Outer",
                "Parallel Aware": true,
                "Join Type": "Inner",
                "Startup Cost": 29505.24,
                "Total Cost": 90690.01,
                "Plan Rows": 173276,
                "Plan Width": 0,
                "Actual Startup Time": 256.79,
                "Actual Total Time": 401.194,
                "Actual Rows": 147852,
                "Actual Loops": 2,
                "Inner Unique": false,
                "Hash Cond": "(t.id = mc.movie_id)",
                "Plans": [
                  {
                    "Node Type": "Seq Scan",
                    "Parent Relationship": "Outer",
                    "Parallel Aware": true,
                    "Relation Name": "title",
                    "Alias": "t",
                    "Startup Cost": 0.0,
                    "Total Cost": 50870.31,
                    "Plan Rows": 1487231,
                    "Plan Width": 4,
                    "Actual Startup Time": 0.01,
                    "Actual Total Time": 111.81,
                    "Actual Rows": 1264156,
                    "Actual Loops": 2
                  },
                  {
                    "Node Type": "Hash",
                    "Parent Relationship": "Inner",
                    "Parallel Aware": true,
                    "Startup Cost": 27339.29,
                    "Total Cost": 27339.29,
                    "Plan Rows": 173276,
                    "Plan Width": 4,
                    "Actual Startup Time": 88.873,
                    "Actual Total Time": 88.875,
                    "Actual Rows": 147852,
                    "Actual Loops": 2,
                    "Hash Buckets": 524288,
                    "Original Hash Buckets": 524288,
                    "Hash Batches": 1,
                    "Original Hash Batches": 1,
                    "Peak Memory Usage": 15712,
                    "Plans": [
                      {
                        "Node Type": "Bitmap Heap Scan",
                        "Parent Relationship": "Outer",
                        "Parallel Aware": true,
                        "Relation Name": "movie_companies",
                        "Alias": "mc",
                        "Startup Cost": 6383.34,
                        "Total Cost": 27339.29,
                        "Plan Rows": 173276,
                        "Plan Width": 4,
                        "Actual Startup Time": 23.955,
                        "Actual Total Time": 56.917,
                        "Actual Rows": 147852,
                        "Actual Loops": 2,
                        "Recheck Cond": "(company_id > 94756)",
                        "Rows Removed by Index Recheck": 0,
                        "Exact Heap Blocks": 3194,
                        "Lossy Heap Blocks": 0,
                        "Plans": [
                          {
                            "Node Type": "Bitmap Index Scan",
                            "Parent Relationship": "Outer",
                            "Parallel Aware": false,
                            "Index Name": "company_id_movie_companies",
                            "Startup Cost": 0.0,
                            "Total Cost": 6309.7,
                            "Plan Rows": 294569,
                            "Plan Width": 0,
                            "Actual Startup Time": 23.041,
                            "Actual Total Time": 23.042,
                            "Actual Rows": 295705,
                            "Actual Loops": 1,
                            "Index Cond": "(company_id > 94756)"
                          }
                        ]
                      }
                    ]
                  }
                ]
              }
            ]
          }
        ]
      }
    ]
  },
  "Planning Time": 0.597,
  "Triggers": [],
  "Execution Time": 422.829
}