{
  "Plan": {
    "Node Type": "Aggregate",
    "Strategy": "Plain",
    "Partial Mode": "Finalize",
    "Parallel Aware": false,
    "Startup Cost": 98814.15,
    "Total Cost": 98814.16,
    "Plan Rows": 1,
    "Plan Width": 8,
    "Actual Startup Time": 396.134,
    "Actual Total Time": 405.552,
    "Actual Rows": 1,
    "Actual Loops": 1,
    "Plans": [
      {
        "Node Type": "Gather",
        "Parent Relationship": "Outer",
        "Parallel Aware": false,
        "Startup Cost": 98814.04,
        "Total Cost": 98814.15,
        "Plan Rows": 1,
        "Plan Width": 8,
        "Actual Startup Time": 395.91,
        "Actual Total Time": 405.545,
        "Actual Rows": 2,
        "Actual Loops": 1,
        "Workers Planned": 1,
        "Workers Launched": 1,
        "Single Copy": false,
        "Plans": [
          {
            "Node Type": "Aggregate",
            "Strategy": "Plain",
            "Partial Mode": "Partial",
            "Parent Relationship": "Outer",
            "Parallel Aware": false,
            "Startup Cost": 97814.04,
            "Total Cost": 97814.05,
            "Plan Rows": 1,
            "Plan Width": 8,
            "Actual Startup Time": 389.885,
            "Actual Total Time": 389.889,
            "Actual Rows": 1,
            "Actual Loops": 2,
            "Plans": [
              {
                "Node Type": "Hash Join",
                "Parent Relationship": "Outer",
                "Parallel Aware": true,
                "Join Type": "Inner",
                "Startup Cost": 39633.09,
                "Total Cost": 97683.94,
                "Plan Rows": 52041,
                "Plan Width": 0,
                "Actual Startup Time": 127.892,
                "Actual Total Time": 386.312,
                "Actual Rows": 87507,
                "Actual Loops": 2,
                "Inner Unique": true,
                "Hash Cond": "(mk.movie_id = t.id)",
                "Plans": [
                  {
                    "Node Type": "Seq Scan",
                    "Parent Relationship": "Outer",
                    "Parallel Aware": true,
                    "Relation Name": "movie_keyword",
                    "Alias": "mk",
                    "Startup Cost": 0.0,
                    "Total Cost": 51065.35,
                    "Plan Rows": 2661135,
                    "Plan Width": 4,
                    "Actual Startup Time": 0.013,
                    "Actual Total Time": 156.127,
                    "Actual Rows": 2261965,
                    "Actual Loops": 2
                  },
                  {
                    "Node Type": "Hash",
                    "Parent Relationship": "Inner",
                    "Parallel Aware": true,
                    "Startup Cost": 39269.54,
                    "Total Cost": 39269.54,
                    "Plan Rows": 29084,
                    "Plan Width": 4,
                    "Actual Startup Time": 64.876,
                    "Actual Total Time": 64.877,
                    "Actual Rows": 27856,
                    "Actual Loops": 2,
                    "Hash Buckets": 65536,
                    "Original Hash Buckets": 65536,
                    "Hash Batches": 1,
                    "Original Hash Batches": 1,
                    "Peak Memory Usage": 2720,
                    "Plans": [
                      {
                        "Node Type": "Bitmap Heap Scan",
                        "Parent Relationship": "Outer",
                        "Parallel Aware": true,
                        "Relation Name": "title",
                        "Alias": "t",
                        "Startup Cost": 2193.3,
                        "Total Cost": 39269.54,
                        "Plan Rows": 29084,
                        "Plan Width": 4,
                        "Actual Startup Time": 16.789,
                        "Actual Total Time": 56.884,
                        "Actual Rows": 27856,
                        "Actual Loops": 2,
                        "Recheck Cond": "(kind_id = 4)",
                        "Rows Removed by Index Recheck": 0,
                        "Filter": "(production_year > 2005)",
                        "Rows Removed by Filter": 31262,
                        "Exact Heap Blocks": 10183,
                        "Lossy Heap Blocks": 0,
                        "Plans": [
                          {
                            "Node Type": "Bitmap Index Scan",
                            "Parent Relationship": "Outer",
                            "Parallel Aware": false,
                            "Index Name": "kind_id_title",
                            "Startup Cost": 0.0,
                            "Total Cost": 2180.94,
                            "Plan Rows": 122201,
                            "Plan Width": 0,
                            "Actual Startup Time": 16.739,
                            "Actual Total Time": 16.739,
                            "Actual Rows": 118234,
                            "Actual Loops": 1,
                            "Index Cond": "(kind_id = 4)"
                          }
                        ]
                      }
                    ]
                  }
                ]
              }
            ]
          }
        ]
      }
    ]
  },
  "Planning Time": 0.612,
  "Triggers": [],
  "Execution Time": 405.644
}