[
  {
    "Plan": {
      "Node Type": "Aggregate",
      "Strategy": "Plain",
      "Partial Mode": "Finalize",
      "Parallel Aware": false,
      "Startup Cost": 45168.11,
      "Total Cost": 45168.12,
      "Plan Rows": 1,
      "Plan Width": 8,
      "Actual Startup Time": 140.062,
      "Actual Total Time": 149.02,
      "Actual Rows": 1,
      "Actual Loops": 1,
      "Plans": [
        {
          "Node Type": "Gather",
          "Parent Relationship": "Outer",
          "Parallel Aware": false,
          "Startup Cost": 45167.79,
          "Total Cost": 45168.1,
          "Plan Rows": 3,
          "Plan Width": 8,
          "Actual Startup Time": 139.889,
          "Actual Total Time": 149.01,
          "Actual Rows": 4,
          "Actual Loops": 1,
          "Workers Planned": 3,
          "Workers Launched": 3,
          "Single Copy": false,
          "Plans": [
            {
              "Node Type": "Aggregate",
              "Strategy": "Plain",
              "Partial Mode": "Partial",
              "Parent Relationship": "Outer",
              "Parallel Aware": false,
              "Startup Cost": 44167.79,
              "Total Cost": 44167.8,
              "Plan Rows": 1,
              "Plan Width": 8,
              "Actual Startup Time": 132.706,
              "Actual Total Time": 132.708,
              "Actual Rows": 1,
              "Actual Loops": 4,
              "Plans": [
                {
                  "Node Type": "Seq Scan",
                  "Parent Relationship": "Outer",
                  "Parallel Aware": true,
                  "Relation Name": "movie_keyword",
                  "Alias": "mk",
                  "Startup Cost": 0.0,
                  "Total Cost": 42695.65,
                  "Plan Rows": 588854,
                  "Plan Width": 0,
                  "Actual Startup Time": 0.352,
                  "Actual Total Time": 110.855,
                  "Actual Rows": 452474,
                  "Actual Loops": 4,
                  "Filter": "(keyword_id > 7667)",
                  "Rows Removed by Filter": 678508
                }
              ]
            }
          ]
        }
      ]
    },
    "Planning Time": 0.054,
    "Triggers": [],
    "Execution Time": 149.042
  }
]