{
  "Plan": {
    "Node Type": "Aggregate",
    "Strategy": "Plain",
    "Partial Mode": "Finalize",
    "Parallel Aware": false,
    "Startup Cost": 98241.44,
    "Total Cost": 98241.45,
    "Plan Rows": 1,
    "Plan Width": 8,
    "Actual Startup Time": 471.429,
    "Actual Total Time": 484.708,
    "Actual Rows": 1,
    "Actual Loops": 1,
    "Plans": [
      {
        "Node Type": "Gather",
        "Parent Relationship": "Outer",
        "Parallel Aware": false,
        "Startup Cost": 98241.32,
        "Total Cost": 98241.43,
        "Plan Rows": 1,
        "Plan Width": 8,
        "Actual Startup Time": 468.997,
        "Actual Total Time": 484.701,
        "Actual Rows": 2,
        "Actual Loops": 1,
        "Workers Planned": 1,
        "Workers Launched": 1,
        "Single Copy": false,
        "Plans": [
          {
            "Node Type": "Aggregate",
            "Strategy": "Plain",
            "Partial Mode": "Partial",
            "Parent Relationship": "Outer",
            "Parallel Aware": false,
            "Startup Cost": 97241.32,
            "Total Cost": 97241.33,
            "Plan Rows": 1,
            "Plan Width": 8,
            "Actual Startup Time": 462.629,
            "Actual Total Time": 462.633,
            "Actual Rows": 1,
            "Actual Loops": 2,
            "Plans": [
              {
                "Node Type": "Hash Join",
                "Parent Relationship": "Outer",
                "Parallel Aware": true,
                "Join Type": "Inner",
                "Startup Cost": 70609.3,
                "Total Cost": 97042.47,
                "Plan Rows": 79542,
                "Plan Width": 0,
                "Actual Startup Time": 395.885,
                "Actual Total Time": 462.469,
                "Actual Rows": 3058,
                "Actual Loops": 2,
                "Inner Unique": true,
                "Hash Cond": "(mk.movie_id = t.id)",
                "Plans": [
                  {
                    "Node Type": "Bitmap Heap Scan",
                    "Parent Relationship": "Outer",
                    "Parallel Aware": true,
                    "Relation Name": "movie_keyword",
                    "Alias": "mk",
                    "Startup Cost": 4720.44,
                    "Total Cost": 30810.11,
                    "Plan Rows": 130854,
                    "Plan Width": 4,
                    "Actual Startup Time": 14.014,
                    "Actual Total Time": 55.023,
                    "Actual Rows": 106816,
                    "Actual Loops": 2,
                    "Recheck Cond": "(keyword_id > 65867)",
                    "Rows Removed by Index Recheck": 0,
                    "Exact Heap Blocks": 11805,
                    "Lossy Heap Blocks": 0,
                    "Plans": [
                      {
                        "Node Type": "Bitmap Index Scan",
                        "Parent Relationship": "Outer",
                        "Parallel Aware": false,
                        "Index Name": "keyword_id_movie_keyword",
                        "Startup Cost": 0.0,
                        "Total Cost": 4664.82,
                        "Plan Rows": 222452,
                        "Plan Width": 0,
                        "Actual Startup Time": 11.052,
                        "Actual Total Time": 11.053,
                        "Actual Rows": 213631,
                        "Actual Loops": 1,
                        "Index Cond": "(keyword_id > 65867)"
                      }
                    ]
                  },
                  {
                    "Node Type": "Hash",
                    "Parent Relationship": "Inner",
                    "Parallel Aware": true,
                    "Startup Cost": 54588.39,
                    "Total Cost": 54588.39,
                    "Plan Rows": 904038,
                    "Plan Width": 4,
                    "Actual Startup Time": 369.692,
                    "Actual Total Time": 369.693,
                    "Actual Rows": 771632,
                    "Actual Loops": 2,
                    "Hash Buckets": 2097152,
                    "Original Hash Buckets": 2097152,
                    "Hash Batches": 1,
                    "Original Hash Batches": 1,
                    "Peak Memory Usage": 76800,
                    "Plans": [
                      {
                        "Node Type": "Seq Scan",
                        "Parent Relationship": "Outer",
                        "Parallel Aware": true,
                        "Relation Name": "title",
                        "Alias": "t",
                        "Startup Cost": 0.0,
                        "Total Cost": 54588.39,
                        "Plan Rows": 904038,
                        "Plan Width": 4,
                        "Actual Startup Time": 0.026,
                        "Actual Total Time": 154.63,
                        "Actual Rows": 771632,
                        "Actual Loops": 2,
                        "Filter": "(kind_id = 7)",
                        "Rows Removed by Filter": 492524
                      }
                    ]
                  }
                ]
              }
            ]
          }
        ]
      }
    ]
  },
  "Planning Time": 0.412,
  "Triggers": [],
  "Execution Time": 484.772
}