{
  "Plan": {
    "Node Type": "Aggregate",
    "Strategy": "Plain",
    "Partial Mode": "Finalize",
    "Parallel Aware": false,
    "Startup Cost": 75515.75,
    "Total Cost": 75515.76,
    "Plan Rows": 1,
    "Plan Width": 8,
    "Actual Startup Time": 292.281,
    "Actual Total Time": 301.14,
    "Actual Rows": 1,
    "Actual Loops": 1,
    "Plans": [
      {
        "Node Type": "Gather",
        "Parent Relationship": "Outer",
        "Parallel Aware": false,
        "Startup Cost": 75515.63,
        "Total Cost": 75515.74,
        "Plan Rows": 1,
        "Plan Width": 8,
        "Actual Startup Time": 291.24,
        "Actual Total Time": 301.132,
        "Actual Rows": 2,
        "Actual Loops": 1,
        "Workers Planned": 1,
        "Workers Launched": 1,
        "Single Copy": false,
        "Plans": [
          {
            "Node Type": "Aggregate",
            "Strategy": "Plain",
            "Partial Mode": "Partial",
            "Parent Relationship": "Outer",
            "Parallel Aware": false,
            "Startup Cost": 74515.63,
            "Total Cost": 74515.64,
            "Plan Rows": 1,
            "Plan Width": 8,
            "Actual Startup Time": 285.453,
            "Actual Total Time": 285.458,
            "Actual Rows": 1,
            "Actual Loops": 2,
            "Plans": [
              {
                "Node Type": "Hash Join",
                "Parent Relationship": "Outer",
                "Parallel Aware": true,
                "Join Type": "Inner",
                "Startup Cost": 56077.95,
                "Total Cost": 74261.74,
                "Plan Rows": 101559,
                "Plan Width": 0,
                "Actual Startup Time": 188.123,
                "Actual Total Time": 279.924,
                "Actual Rows": 107564,
                "Actual Loops": 2,
                "Inner Unique": true,
                "Hash Cond": "(mi_idx.movie_id = t.id)",
                "Plans": [
                  {
                    "Node Type": "Seq Scan",
                    "Parent Relationship": "Outer",
                    "Parallel Aware": true,
                    "Relation Name": "movie_info_idx",
                    "Alias": "mi_idx",
                    "Startup Cost": 0.0,
                    "Total Cost": 16052.85,
                    "Plan Rows": 811785,
                    "Plan Width": 4,
                    "Actual Startup Time": 0.022,
                    "Actual Total Time": 57.394,
                    "Actual Rows": 690018,
                    "Actual Loops": 2
                  },
                  {
                    "Node Type": "Hash",
                    "Parent Relationship": "Inner",
                    "Parallel Aware": true,
                    "Startup Cost": 53752.18,
                    "Total Cost": 53752.18,
                    "Plan Rows": 186061,
                    "Plan Width": 4,
                    "Actual Startup Time": 131.488,
                    "Actual Total Time": 131.49,
                    "Actual Rows": 122394,
                    "Actual Loops": 2,
                    "Hash Buckets": 524288,
                    "Original Hash Buckets": 524288,
                    "Hash Batches": 1,
                    "Original Hash Batches": 1,
                    "Peak Memory Usage": 13696,
                    "Plans": [
                      {
                        "Node Type": "Bitmap Heap Scan",
                        "Parent Relationship": "Outer",
                        "Parallel Aware": true,
                        "Relation Name": "title",
                        "Alias": "t",
                        "Startup Cost": 11901.93,
                        "Total Cost": 53752.18,
                        "Plan Rows": 186061,
                        "Plan Width": 4,
                        "Actual Startup Time": 32.717,
                        "Actual Total Time": 100.91,
                        "Actual Rows": 122394,
                        "Actual Loops": 2,
                        "Recheck Cond": "(kind_id = 1)",
                        "Rows Removed by Index Recheck": 0,
                        "Filter": "(production_year > 2003)",
                        "Rows Removed by Filter": 209018,
                        "Exact Heap Blocks": 9245,
                        "Lossy Heap Blocks": 0,
                        "Plans": [
                          {
                            "Node Type": "Bitmap Index Scan",
                            "Parent Relationship": "Outer",
                            "Parallel Aware": false,
                            "Index Name": "kind_id_title",
                            "Startup Cost": 0.0,
                            "Total Cost": 11822.85,
                            "Plan Rows": 663256,
                            "Plan Width": 0,
                            "Actual Startup Time": 31.787,
                            "Actual Total Time": 31.787,
                            "Actual Rows": 662825,
                            "Actual Loops": 1,
                            "Index Cond": "(kind_id = 1)"
                          }
                        ]
                      }
                    ]
                  }
                ]
              }
            ]
          }
        ]
      }
    ]
  },
  "Planning Time": 0.367,
  "Triggers": [],
  "Execution Time": 301.221
}