{
  "Plan": {
    "Node Type": "Aggregate",
    "Strategy": "Plain",
    "Partial Mode": "Finalize",
    "Parallel Aware": false,
    "Startup Cost": 1655246.25,
    "Total Cost": 1655246.26,
    "Plan Rows": 1,
    "Plan Width": 8,
    "Actual Startup Time": 29566.05,
    "Actual Total Time": 29739.734,
    "Actual Rows": 1,
    "Actual Loops": 1,
    "Plans": [
      {
        "Node Type": "Gather",
        "Parent Relationship": "Outer",
        "Parallel Aware": false,
        "Startup Cost": 1655246.14,
        "Total Cost": 1655246.25,
        "Plan Rows": 1,
        "Plan Width": 8,
        "Actual Startup Time": 29527.384,
        "Actual Total Time": 29739.722,
        "Actual Rows": 2,
        "Actual Loops": 1,
        "Workers Planned": 1,
        "Workers Launched": 1,
        "Single Copy": false,
        "Plans": [
          {
            "Node Type": "Aggregate",
            "Strategy": "Plain",
            "Partial Mode": "Partial",
            "Parent Relationship": "Outer",
            "Parallel Aware": false,
            "Startup Cost": 1654246.14,
            "Total Cost": 1654246.15,
            "Plan Rows": 1,
            "Plan Width": 8,
            "Actual Startup Time": 29494.142,
            "Actual Total Time": 29497.959,
            "Actual Rows": 1,
            "Actual Loops": 2,
            "Plans": [
              {
                "Node Type": "Hash Join",
                "Parent Relationship": "Outer",
                "Parallel Aware": true,
                "Join Type": "Inner",
                "Startup Cost": 847494.12,
                "Total Cost": 1527454.2,
                "Plan Rows": 50716775,
                "Plan Width": 0,
                "Actual Startup Time": 11247.722,
                "Actual Total Time": 25141.806,
                "Actual Rows": 111070954,
                "Actual Loops": 2,
                "Inner Unique": false,
                "Hash Cond": "(mi.movie_id = t.id)",
                "Plans": [
                  {
                    "Node Type": "Seq Scan",
                    "Parent Relationship": "Outer",
                    "Parallel Aware": true,
                    "Relation Name": "movie_info",
                    "Alias": "mi",
                    "Startup Cost": 0.0,
                    "Total Cost": 270696.42,
                    "Plan Rows": 5546484,
                    "Plan Width": 4,
                    "Actual Startup Time": 34.213,
                    "Actual Total Time": 785.911,
                    "Actual Rows": 4712600,
                    "Actual Loops": 2,
                    "Filter": "(info_type_id > 5)",
                    "Rows Removed by Filter": 2705260
                  },
                  {
                    "Node Type": "Hash",
                    "Parent Relationship": "Inner",
                    "Parallel Aware": true,
                    "Startup Cost": 677504.5,
                    "Total Cost": 677504.5,
                    "Plan Rows": 13599169,
                    "Plan Width": 8,
                    "Actual Startup Time": 11119.265,
                    "Actual Total Time": 11123.078,
                    "Actual Rows": 11658002,
                    "Actual Loops": 2,
                    "Hash Buckets": 33554432,
                    "Original Hash Buckets": 33554432,
                    "Hash Batches": 1,
                    "Original Hash Batches": 1,
                    "Peak Memory Usage": 1174304,
                    "Plans": [
                      {
                        "Node Type": "Hash Join",
                        "Parent Relationship": "Outer",
                        "Parallel Aware": true,
                        "Join Type": "Inner",
                        "Startup Cost": 69460.7,
                        "Total Cost": 677504.5,
                        "Plan Rows": 13599169,
                        "Plan Width": 8,
                        "Actual Startup Time": 983.697,
                        "Actual Total Time": 7306.524,
                        "Actual Rows": 11658002,
                        "Actual Loops": 2,
                        "Inner Unique": true,
                        "Hash Cond": "(ci.movie_id = t.id)",
                        "Plans": [
                          {
                            "Node Type": "Seq Scan",
                            "Parent Relationship": "Outer",
                            "Parallel Aware": true,
                            "Relation Name": "cast_info",
                            "Alias": "ci",
                            "Startup Cost": 0.0,
                            "Total Cost": 572345.93,
                            "Plan Rows": 13599169,
                            "Plan Width": 4,
                            "Actual Startup Time": 501.419,
                            "Actual Total Time": 1940.966,
                            "Actual Rows": 11658002,
                            "Actual Loops": 2,
                            "Filter": "((person_id > 99553) AND (role_id > 1))",
                            "Rows Removed by Filter": 6464170
                          },
                          {
                            "Node Type": "Hash",
                            "Parent Relationship": "Inner",
                            "Parallel Aware": true,
                            "Startup Cost": 50870.31,
                            "Total Cost": 50870.31,
                            "Plan Rows": 1487231,
                            "Plan Width": 4,
                            "Actual Startup Time": 471.509,
                            "Actual Total Time": 471.511,
                            "Actual Rows": 1264156,
                            "Actual Loops": 2,
                            "Hash Buckets": 4194304,
                            "Original Hash Buckets": 4194304,
                            "Hash Batches": 1,
                            "Original Hash Batches": 1,
                            "Peak Memory Usage": 131680,
                            "Plans": [
                              {
                                "Node Type": "Seq Scan",
                                "Parent Relationship": "Outer",
                                "Parallel Aware": true,
                                "Relation Name": "title",
                                "Alias": "t",
                                "Startup Cost": 0.0,
                                "Total Cost": 50870.31,
                                "Plan Rows": 1487231,
                                "Plan Width": 4,
                                "Actual Startup Time": 0.037,
                                "Actual Total Time": 146.14,
                                "Actual Rows": 1264156,
                                "Actual Loops": 2
                              }
                            ]
                          }
                        ]
                      }
                    ]
                  }
                ]
              }
            ]
          }
        ]
      }
    ]
  },
  "Planning Time": 0.575,
  "Triggers": [],
  "Execution Time": 29739.795
}