[
  {
    "Plan": {
      "Node Type": "Aggregate",
      "Strategy": "Plain",
      "Partial Mode": "Finalize",
      "Parallel Aware": false,
      "Startup Cost": 350559.94,
      "Total Cost": 350559.95,
      "Plan Rows": 1,
      "Plan Width": 8,
      "Actual Startup Time": 834.134,
      "Actual Total Time": 893.104,
      "Actual Rows": 1,
      "Actual Loops": 1,
      "Plans": [
        {
          "Node Type": "Gather",
          "Parent Relationship": "Outer",
          "Parallel Aware": false,
          "Startup Cost": 350559.31,
          "Total Cost": 350559.92,
          "Plan Rows": 6,
          "Plan Width": 8,
          "Actual Startup Time": 834.008,
          "Actual Total Time": 893.094,
          "Actual Rows": 7,
          "Actual Loops": 1,
          "Workers Planned": 6,
          "Workers Launched": 6,
          "Single Copy": false,
          "Plans": [
            {
              "Node Type": "Aggregate",
              "Strategy": "Plain",
              "Partial Mode": "Partial",
              "Parent Relationship": "Outer",
              "Parallel Aware": false,
              "Startup Cost": 349559.31,
              "Total Cost": 349559.32,
              "Plan Rows": 1,
              "Plan Width": 8,
              "Actual Startup Time": 823.672,
              "Actual Total Time": 823.673,
              "Actual Rows": 1,
              "Actual Loops": 7,
              "Plans": [
                {
                  "Node Type": "Seq Scan",
                  "Parent Relationship": "Outer",
                  "Parallel Aware": true,
                  "Relation Name": "cast_info",
                  "Alias": "ci",
                  "Startup Cost": 0.0,
                  "Total Cost": 343257.03,
                  "Plan Rows": 2520914,
                  "Plan Width": 0,
                  "Actual Startup Time": 222.213,
                  "Actual Total Time": 699.661,
                  "Actual Rows": 2846786,
                  "Actual Loops": 7,
                  "Filter": "((person_id > 1299153) AND (role_id > 1))",
                  "Rows Removed by Filter": 2330978
                }
              ]
            }
          ]
        }
      ]
    },
    "Planning Time": 0.195,
    "Triggers": [],
    "Execution Time": 893.171
  }
]