[
  {
    "Plan": {
      "Node Type": "Aggregate",
      "Strategy": "Plain",
      "Partial Mode": "Finalize",
      "Parallel Aware": false,
      "Startup Cost": 336420.05,
      "Total Cost": 336420.06,
      "Plan Rows": 1,
      "Plan Width": 8,
      "Actual Startup Time": 685.796,
      "Actual Total Time": 720.395,
      "Actual Rows": 1,
      "Actual Loops": 1,
      "Plans": [
        {
          "Node Type": "Gather",
          "Parent Relationship": "Outer",
          "Parallel Aware": false,
          "Startup Cost": 336419.42,
          "Total Cost": 336420.03,
          "Plan Rows": 6,
          "Plan Width": 8,
          "Actual Startup Time": 685.712,
          "Actual Total Time": 720.388,
          "Actual Rows": 7,
          "Actual Loops": 1,
          "Workers Planned": 6,
          "Workers Launched": 6,
          "Single Copy": false,
          "Plans": [
            {
              "Node Type": "Aggregate",
              "Strategy": "Plain",
              "Partial Mode": "Partial",
              "Parent Relationship": "Outer",
              "Parallel Aware": false,
              "Startup Cost": 335419.42,
              "Total Cost": 335419.43,
              "Plan Rows": 1,
              "Plan Width": 8,
              "Actual Startup Time": 677.837,
              "Actual Total Time": 677.838,
              "Actual Rows": 1,
              "Actual Loops": 7,
              "Plans": [
                {
                  "Node Type": "Seq Scan",
                  "Parent Relationship": "Outer",
                  "Parallel Aware": true,
                  "Relation Name": "cast_info",
                  "Alias": "ci",
                  "Startup Cost": 0.0,
                  "Total Cost": 328213.62,
                  "Plan Rows": 2882322,
                  "Plan Width": 0,
                  "Actual Startup Time": 0.051,
                  "Actual Total Time": 561.433,
                  "Actual Rows": 2458239,
                  "Actual Loops": 7,
                  "Filter": "(person_id < 1699746)",
                  "Rows Removed by Filter": 2719525
                }
              ]
            }
          ]
        }
      ]
    },
    "Planning Time": 0.052,
    "Triggers": [],
    "Execution Time": 720.423
  }
]