{
  "Plan": {
    "Node Type": "Aggregate",
    "Strategy": "Plain",
    "Partial Mode": "Finalize",
    "Parallel Aware": false,
    "Startup Cost": 87609.06,
    "Total Cost": 87609.07,
    "Plan Rows": 1,
    "Plan Width": 8,
    "Actual Startup Time": 223.491,
    "Actual Total Time": 238.95,
    "Actual Rows": 1,
    "Actual Loops": 1,
    "Plans": [
      {
        "Node Type": "Gather",
        "Parent Relationship": "Outer",
        "Parallel Aware": false,
        "Startup Cost": 87608.95,
        "Total Cost": 87609.06,
        "Plan Rows": 1,
        "Plan Width": 8,
        "Actual Startup Time": 222.992,
        "Actual Total Time": 238.944,
        "Actual Rows": 2,
        "Actual Loops": 1,
        "Workers Planned": 1,
        "Workers Launched": 1,
        "Single Copy": false,
        "Plans": [
          {
            "Node Type": "Aggregate",
            "Strategy": "Plain",
            "Partial Mode": "Partial",
            "Parent Relationship": "Outer",
            "Parallel Aware": false,
            "Startup Cost": 86608.95,
            "Total Cost": 86608.96,
            "Plan Rows": 1,
            "Plan Width": 8,
            "Actual Startup Time": 216.991,
            "Actual Total Time": 216.995,
            "Actual Rows": 1,
            "Actual Loops": 2,
            "Plans": [
              {
                "Node Type": "Hash Join",
                "Parent Relationship": "Outer",
                "Parallel Aware": true,
                "Join Type": "Inner",
                "Startup Cost": 64982.92,
                "Total Cost": 86605.12,
                "Plan Rows": 1533,
                "Plan Width": 0,
                "Actual Startup Time": 206.701,
                "Actual Total Time": 216.953,
                "Actual Rows": 380,
                "Actual Loops": 2,
                "Inner Unique": true,
                "Hash Cond": "(mc.movie_id = t.id)",
                "Plans": [
                  {
                    "Node Type": "Bitmap Heap Scan",
                    "Parent Relationship": "Outer",
                    "Parallel Aware": true,
                    "Relation Name": "movie_companies",
                    "Alias": "mc",
                    "Startup Cost": 6352.77,
                    "Total Cost": 27743.86,
                    "Plan Rows": 88044,
                    "Plan Width": 4,
                    "Actual Startup Time": 38.985,
                    "Actual Total Time": 52.56,
                    "Actual Rows": 34246,
                    "Actual Loops": 2,
                    "Recheck Cond": "(company_id < 160)",
                    "Rows Removed by Index Recheck": 0,
                    "Filter": "(company_type_id > 1)",
                    "Rows Removed by Filter": 112192,
                    "Exact Heap Blocks": 11584,
                    "Lossy Heap Blocks": 0,
                    "Plans": [
                      {
                        "Node Type": "Bitmap Index Scan",
                        "Parent Relationship": "Outer",
                        "Parallel Aware": false,
                        "Index Name": "company_id_movie_companies",
                        "Startup Cost": 0.0,
                        "Total Cost": 6315.35,
                        "Plan Rows": 294790,
                        "Plan Width": 0,
                        "Actual Startup Time": 11.699,
                        "Actual Total Time": 11.699,
                        "Actual Rows": 292877,
                        "Actual Loops": 1,
                        "Index Cond": "(company_id < 160)"
                      }
                    ]
                  },
                  {
                    "Node Type": "Hash",
                    "Parent Relationship": "Inner",
                    "Parallel Aware": true,
                    "Startup Cost": 58306.47,
                    "Total Cost": 58306.47,
                    "Plan Rows": 25894,
                    "Plan Width": 4,
                    "Actual Startup Time": 155.909,
                    "Actual Total Time": 155.91,
                    "Actual Rows": 65160,
                    "Actual Loops": 2,
                    "Hash Buckets": 131072,
                    "Original Hash Buckets": 65536,
                    "Hash Batches": 1,
                    "Original Hash Batches": 1,
                    "Peak Memory Usage": 6656,
                    "Plans": [
                      {
                        "Node Type": "Seq Scan",
                        "Parent Relationship": "Outer",
                        "Parallel Aware": true,
                        "Relation Name": "title",
                        "Alias": "t",
                        "Startup Cost": 0.0,
                        "Total Cost": 58306.47,
                        "Plan Rows": 25894,
                        "Plan Width": 4,
                        "Actual Startup Time": 83.373,
                        "Actual Total Time": 141.482,
                        "Actual Rows": 65160,
                        "Actual Loops": 2,
                        "Filter": "((kind_id < 4) AND (production_year < 1936))",
                        "Rows Removed by Filter": 1198996
                      }
                    ]
                  }
                ]
              }
            ]
          }
        ]
      }
    ]
  },
  "Planning Time": 0.459,
  "Triggers": [],
  "Execution Time": 239.039
}