[
  {
    "Plan": {
      "Node Type": "Aggregate",
      "Strategy": "Plain",
      "Partial Mode": "Finalize",
      "Parallel Aware": false,
      "Startup Cost": 122698.09,
      "Total Cost": 122698.1,
      "Plan Rows": 1,
      "Plan Width": 8,
      "Actual Startup Time": 584.72,
      "Actual Total Time": 601.907,
      "Actual Rows": 1,
      "Actual Loops": 1,
      "Plans": [
        {
          "Node Type": "Gather",
          "Parent Relationship": "Outer",
          "Parallel Aware": false,
          "Startup Cost": 122697.77,
          "Total Cost": 122698.08,
          "Plan Rows": 3,
          "Plan Width": 8,
          "Actual Startup Time": 581.659,
          "Actual Total Time": 601.898,
          "Actual Rows": 4,
          "Actual Loops": 1,
          "Workers Planned": 3,
          "Workers Launched": 3,
          "Single Copy": false,
          "Plans": [
            {
              "Node Type": "Aggregate",
              "Strategy": "Plain",
              "Partial Mode": "Partial",
              "Parent Relationship": "Outer",
              "Parallel Aware": false,
              "Startup Cost": 121697.77,
              "Total Cost": 121697.78,
              "Plan Rows": 1,
              "Plan Width": 8,
              "Actual Startup Time": 571.873,
              "Actual Total Time": 571.878,
              "Actual Rows": 1,
              "Actual Loops": 4,
              "Plans": [
                {
                  "Node Type": "Hash Join",
                  "Parent Relationship": "Outer",
                  "Parallel Aware": true,
                  "Join Type": "Inner",
                  "Startup Cost": 76805.96,
                  "Total Cost": 121511.78,
                  "Plan Rows": 74398,
                  "Plan Width": 0,
                  "Actual Startup Time": 308.463,
                  "Actual Total Time": 541.35,
                  "Actual Rows": 683075,
                  "Actual Loops": 4,
                  "Inner Unique": false,
                  "Hash Cond": "(mk.movie_id = t.id)",
                  "Plans": [
                    {
                      "Node Type": "Seq Scan",
                      "Parent Relationship": "Outer",
                      "Parallel Aware": true,
                      "Relation Name": "movie_keyword",
                      "Alias": "mk",
                      "Startup Cost": 0.0,
                      "Total Cost": 39047.32,
                      "Plan Rows": 1459332,
                      "Plan Width": 4,
                      "Actual Startup Time": 0.026,
                      "Actual Total Time": 98.506,
                      "Actual Rows": 1130982,
                      "Actual Loops": 4
                    },
                    {
                      "Node Type": "Hash",
                      "Parent Relationship": "Inner",
                      "Parallel Aware": true,
                      "Startup Cost": 76403.16,
                      "Total Cost": 76403.16,
                      "Plan Rows": 32224,
                      "Plan Width": 8,
                      "Actual Startup Time": 280.499,
                      "Actual Total Time": 280.504,
                      "Actual Rows": 70450,
                      "Actual Loops": 4,
                      "Hash Buckets": 524288,
                      "Original Hash Buckets": 131072,
                      "Hash Batches": 1,
                      "Original Hash Batches": 1,
                      "Peak Memory Usage": 18240,
                      "Plans": [
                        {
                          "Node Type": "Hash Join",
                          "Parent Relationship": "Outer",
                          "Parallel Aware": true,
                          "Join Type": "Inner",
                          "Startup Cost": 29711.06,
                          "Total Cost": 76403.16,
                          "Plan Rows": 32224,
                          "Plan Width": 8,
                          "Actual Startup Time": 105.851,
                          "Actual Total Time": 248.002,
                          "Actual Rows": 70450,
                          "Actual Loops": 4,
                          "Inner Unique": false,
                          "Hash Cond": "(t.id = mc.movie_id)",
                          "Plans": [
                            {
                              "Node Type": "Seq Scan",
                              "Parent Relationship": "Outer",
                              "Parallel Aware": true,
                              "Relation Name": "title",
                              "Alias": "t",
                              "Startup Cost": 0.0,
                              "Total Cost": 45479.1,
                              "Plan Rows": 221811,
                              "Plan Width": 4,
                              "Actual Startup Time": 0.018,
                              "Actual Total Time": 90.783,
                              "Actual Rows": 199347,
                              "Actual Loops": 4,
                              "Filter": "((kind_id < 7) AND (production_year > 1955))",
                              "Rows Removed by Filter": 432731
                            },
                            {
                              "Node Type": "Hash",
                              "Parent Relationship": "Inner",
                              "Parallel Aware": true,
                              "Startup Cost": 28230.02,
                              "Total Cost": 28230.02,
                              "Plan Rows": 118483,
                              "Plan Width": 4,
                              "Actual Startup Time": 94.606,
                              "Actual Total Time": 94.608,
                              "Actual Rows": 92359,
                              "Actual Loops": 4,
                              "Hash Buckets": 524288,
                              "Original Hash Buckets": 524288,
                              "Hash Batches": 1,
                              "Original Hash Batches": 1,
                              "Peak Memory Usage": 18592,
                              "Plans": [
                                {
                                  "Node Type": "Bitmap Heap Scan",
                                  "Parent Relationship": "Outer",
                                  "Parallel Aware": true,
                                  "Relation Name": "movie_companies",
                                  "Alias": "mc",
                                  "Startup Cost": 7958.98,
                                  "Total Cost": 28230.02,
                                  "Plan Rows": 118483,
                                  "Plan Width": 4,
                                  "Actual Startup Time": 28.902,
                                  "Actual Total Time": 62.045,
                                  "Actual Rows": 92359,
                                  "Actual Loops": 4,
                                  "Recheck Cond": "(company_id > 85623)",
                                  "Rows Removed by Index Recheck": 0,
                                  "Exact Heap Blocks": 2753,
                                  "Lossy Heap Blocks": 0,
                                  "Plans": [
                                    {
                                      "Node Type": "Bitmap Index Scan",
                                      "Parent Relationship": "Outer",
                                      "Parallel Aware": false,
                                      "Index Name": "company_id_movie_companies",
                                      "Startup Cost": 0.0,
                                      "Total Cost": 7867.16,
                                      "Plan Rows": 367297,
                                      "Plan Width": 0,
                                      "Actual Startup Time": 28.046,
                                      "Actual Total Time": 28.046,
                                      "Actual Rows": 369436,
                                      "Actual Loops": 1,
                                      "Index Cond": "(company_id > 85623)"
                                    }
                                  ]
                                }
                              ]
                            }
                          ]
                        }
                      ]
                    }
                  ]
                }
              ]
            }
          ]
        }
      ]
    },
    "Planning Time": 1.489,
    "Triggers": [],
    "Execution Time": 602.016
  }
]