{
  "Plan": {
    "Node Type": "Aggregate",
    "Strategy": "Plain",
    "Partial Mode": "Finalize",
    "Parallel Aware": false,
    "Startup Cost": 86247.18,
    "Total Cost": 86247.19,
    "Plan Rows": 1,
    "Plan Width": 8,
    "Actual Startup Time": 231.703,
    "Actual Total Time": 247.449,
    "Actual Rows": 1,
    "Actual Loops": 1,
    "Plans": [
      {
        "Node Type": "Gather",
        "Parent Relationship": "Outer",
        "Parallel Aware": false,
        "Startup Cost": 86247.07,
        "Total Cost": 86247.18,
        "Plan Rows": 1,
        "Plan Width": 8,
        "Actual Startup Time": 231.439,
        "Actual Total Time": 247.434,
        "Actual Rows": 2,
        "Actual Loops": 1,
        "Workers Planned": 1,
        "Workers Launched": 1,
        "Single Copy": false,
        "Plans": [
          {
            "Node Type": "Aggregate",
            "Strategy": "Plain",
            "Partial Mode": "Partial",
            "Parent Relationship": "Outer",
            "Parallel Aware": false,
            "Startup Cost": 85247.07,
            "Total Cost": 85247.08,
            "Plan Rows": 1,
            "Plan Width": 8,
            "Actual Startup Time": 225.301,
            "Actual Total Time": 225.307,
            "Actual Rows": 1,
            "Actual Loops": 2,
            "Plans": [
              {
                "Node Type": "Nested Loop",
                "Parent Relationship": "Outer",
                "Parallel Aware": false,
                "Join Type": "Inner",
                "Startup Cost": 38492.39,
                "Total Cost": 85238.79,
                "Plan Rows": 3309,
                "Plan Width": 0,
                "Actual Startup Time": 125.716,
                "Actual Total Time": 225.019,
                "Actual Rows": 4400,
                "Actual Loops": 2,
                "Inner Unique": false,
                "Join Filter": "(t.id = mk.movie_id)",
                "Rows Removed by Join Filter": 0,
                "Plans": [
                  {
                    "Node Type": "Hash Join",
                    "Parent Relationship": "Outer",
                    "Parallel Aware": true,
                    "Join Type": "Inner",
                    "Startup Cost": 38491.96,
                    "Total Cost": 81511.17,
                    "Plan Rows": 1849,
                    "Plan Width": 8,
                    "Actual Startup Time": 125.608,
                    "Actual Total Time": 210.697,
                    "Actual Rows": 1897,
                    "Actual Loops": 2,
                    "Inner Unique": true,
                    "Hash Cond": "(mc.movie_id = t.id)",
                    "Plans": [
                      {
                        "Node Type": "Seq Scan",
                        "Parent Relationship": "Outer",
                        "Parallel Aware": true,
                        "Relation Name": "movie_companies",
                        "Alias": "mc",
                        "Startup Cost": 0.0,
                        "Total Cost": 41811.73,
                        "Plan Rows": 459996,
                        "Plan Width": 4,
                        "Actual Startup Time": 58.654,
                        "Actual Total Time": 123.654,
                        "Actual Rows": 245930,
                        "Actual Loops": 2,
                        "Filter": "((company_id < 14421) AND (company_type_id = 2))",
                        "Rows Removed by Filter": 1058634
                      },
                      {
                        "Node Type": "Hash",
                        "Parent Relationship": "Inner",
                        "Parallel Aware": true,
                        "Startup Cost": 38417.21,
                        "Total Cost": 38417.21,
                        "Plan Rows": 5980,
                        "Plan Width": 4,
                        "Actual Startup Time": 65.797,
                        "Actual Total Time": 65.799,
                        "Actual Rows": 2565,
                        "Actual Loops": 2,
                        "Hash Buckets": 16384,
                        "Original Hash Buckets": 16384,
                        "Hash Batches": 1,
                        "Original Hash Batches": 1,
                        "Peak Memory Usage": 352,
                        "Plans": [
                          {
                            "Node Type": "Bitmap Heap Scan",
                            "Parent Relationship": "Outer",
                            "Parallel Aware": true,
                            "Relation Name": "title",
                            "Alias": "t",
                            "Startup Cost": 1619.08,
                            "Total Cost": 38417.21,
                            "Plan Rows": 5980,
                            "Plan Width": 4,
                            "Actual Startup Time": 21.161,
                            "Actual Total Time": 64.93,
                            "Actual Rows": 2565,
                            "Actual Loops": 2,
                            "Recheck Cond": "(kind_id = 2)",
                            "Rows Removed by Index Recheck": 0,
                            "Filter": "(production_year < 1965)",
                            "Rows Removed by Filter": 42861,
                            "Exact Heap Blocks": 21304,
                            "Lossy Heap Blocks": 0,
                            "Plans": [
                              {
                                "Node Type": "Bitmap Index Scan",
                                "Parent Relationship": "Outer",
                                "Parallel Aware": false,
                                "Index Name": "kind_id_title",
                                "Startup Cost": 0.0,
                                "Total Cost": 1616.54,
                                "Plan Rows": 90681,
                                "Plan Width": 0,
                                "Actual Startup Time": 18.779,
                                "Actual Total Time": 18.779,
                                "Actual Rows": 90852,
                                "Actual Loops": 1,
                                "Index Cond": "(kind_id = 2)"
                              }
                            ]
                          }
                        ]
                      }
                    ]
                  },
                  {
                    "Node Type": "Index Only Scan",
                    "Parent Relationship": "Inner",
                    "Parallel Aware": false,
                    "Scan Direction": "Forward",
                    "Index Name": "movie_id_movie_keyword",
                    "Relation Name": "movie_keyword",
                    "Alias": "mk",
                    "Startup Cost": 0.43,
                    "Total Cost": 1.45,
                    "Plan Rows": 45,
                    "Plan Width": 4,
                    "Actual Startup Time": 0.007,
                    "Actual Total Time": 0.007,
                    "Actual Rows": 2,
                    "Actual Loops": 3794,
                    "Index Cond": "(movie_id = mc.movie_id)",
                    "Rows Removed by Index Recheck": 0,
                    "Heap Fetches": 8800
                  }
                ]
              }
            ]
          }
        ]
      }
    ]
  },
  "Planning Time": 1.036,
  "Triggers": [],
  "Execution Time": 247.556
}