[
  {
    "Plan": {
      "Node Type": "Aggregate",
      "Strategy": "Plain",
      "Partial Mode": "Finalize",
      "Parallel Aware": false,
      "Startup Cost": 45083.05,
      "Total Cost": 45083.06,
      "Plan Rows": 1,
      "Plan Width": 8,
      "Actual Startup Time": 173.781,
      "Actual Total Time": 185.274,
      "Actual Rows": 1,
      "Actual Loops": 1,
      "Plans": [
        {
          "Node Type": "Gather",
          "Parent Relationship": "Outer",
          "Parallel Aware": false,
          "Startup Cost": 45082.73,
          "Total Cost": 45083.04,
          "Plan Rows": 3,
          "Plan Width": 8,
          "Actual Startup Time": 173.628,
          "Actual Total Time": 185.265,
          "Actual Rows": 4,
          "Actual Loops": 1,
          "Workers Planned": 3,
          "Workers Launched": 3,
          "Single Copy": false,
          "Plans": [
            {
              "Node Type": "Aggregate",
              "Strategy": "Plain",
              "Partial Mode": "Partial",
              "Parent Relationship": "Outer",
              "Parallel Aware": false,
              "Startup Cost": 44082.73,
              "Total Cost": 44082.74,
              "Plan Rows": 1,
              "Plan Width": 8,
              "Actual Startup Time": 165.498,
              "Actual Total Time": 165.499,
              "Actual Rows": 1,
              "Actual Loops": 4,
              "Plans": [
                {
                  "Node Type": "Seq Scan",
                  "Parent Relationship": "Outer",
                  "Parallel Aware": true,
                  "Relation Name": "movie_keyword",
                  "Alias": "mk",
                  "Startup Cost": 0.0,
                  "Total Cost": 42695.65,
                  "Plan Rows": 554832,
                  "Plan Width": 0,
                  "Actual Startup Time": 0.863,
                  "Actual Total Time": 138.912,
                  "Actual Rows": 427967,
                  "Actual Loops": 4,
                  "Filter": "(keyword_id > 8371)",
                  "Rows Removed by Filter": 703015
                }
              ]
            }
          ]
        }
      ]
    },
    "Planning Time": 0.077,
    "Triggers": [],
    "Execution Time": 185.303
  }
]