{
    "Plan": {
        "Node Type": "Aggregate",
        "Strategy": "Plain",
        "Partial Mode": "Finalize",
        "Parallel Aware": false,
        "Startup Cost": 245781.6,
        "Total Cost": 245781.61,
        "Plan Rows": 1,
        "Plan Width": 8,
        "Actual Startup Time": 415.44,
        "Actual Total Time": 456.977,
        "Actual Rows": 1,
        "Actual Loops": 1,
        "Output": [
            "count(*)"
        ],
        "Plans": [
            {
                "Node Type": "Gather",
                "Parent Relationship": "Outer",
                "Parallel Aware": false,
                "Startup Cost": 245781.08,
                "Total Cost": 245781.59,
                "Plan Rows": 5,
                "Plan Width": 8,
                "Actual Startup Time": 415.427,
                "Actual Total Time": 456.968,
                "Actual Rows": 6,
                "Actual Loops": 1,
                "Output": [
                    "(PARTIAL count(*))"
                ],
                "Workers Planned": 5,
                "Workers Launched": 5,
                "Single Copy": false,
                "Plans": [
                    {
                        "Node Type": "Aggregate",
                        "Strategy": "Plain",
                        "Partial Mode": "Partial",
                        "Parent Relationship": "Outer",
                        "Parallel Aware": false,
                        "Startup Cost": 244781.08,
                        "Total Cost": 244781.09,
                        "Plan Rows": 1,
                        "Plan Width": 8,
                        "Actual Startup Time": 403.338,
                        "Actual Total Time": 403.341,
                        "Actual Rows": 1,
                        "Actual Loops": 6,
                        "Output": [
                            "PARTIAL count(*)"
                        ],
                        "Workers": [
                            {
                                "Worker Number": 0,
                                "Actual Startup Time": 400.296,
                                "Actual Total Time": 400.299,
                                "Actual Rows": 1,
                                "Actual Loops": 1
                            },
                            {
                                "Worker Number": 1,
                                "Actual Startup Time": 400.975,
                                "Actual Total Time": 400.978,
                                "Actual Rows": 1,
                                "Actual Loops": 1
                            },
                            {
                                "Worker Number": 2,
                                "Actual Startup Time": 400.981,
                                "Actual Total Time": 400.984,
                                "Actual Rows": 1,
                                "Actual Loops": 1
                            },
                            {
                                "Worker Number": 3,
                                "Actual Startup Time": 401.45,
                                "Actual Total Time": 401.452,
                                "Actual Rows": 1,
                                "Actual Loops": 1
                            },
                            {
                                "Worker Number": 4,
                                "Actual Startup Time": 401.71,
                                "Actual Total Time": 401.713,
                                "Actual Rows": 1,
                                "Actual Loops": 1
                            }
                        ],
                        "Plans": [
                            {
                                "Node Type": "Hash Join",
                                "Parent Relationship": "Outer",
                                "Parallel Aware": true,
                                "Join Type": "Inner",
                                "Startup Cost": 45716.28,
                                "Total Cost": 244775.96,
                                "Plan Rows": 2045,
                                "Plan Width": 0,
                                "Actual Startup Time": 263.013,
                                "Actual Total Time": 402.811,
                                "Actual Rows": 10390,
                                "Actual Loops": 6,
                                "Inner Unique": true,
                                "Hash Cond": "(mi.movie_id = t.id)",
                                "Workers": [
                                    {
                                        "Worker Number": 0,
                                        "Actual Startup Time": 261.168,
                                        "Actual Total Time": 399.797,
                                        "Actual Rows": 10687,
                                        "Actual Loops": 1
                                    },
                                    {
                                        "Worker Number": 1,
                                        "Actual Startup Time": 261.82,
                                        "Actual Total Time": 400.497,
                                        "Actual Rows": 10065,
                                        "Actual Loops": 1
                                    },
                                    {
                                        "Worker Number": 2,
                                        "Actual Startup Time": 262.295,
                                        "Actual Total Time": 400.502,
                                        "Actual Rows": 10058,
                                        "Actual Loops": 1
                                    },
                                    {
                                        "Worker Number": 3,
                                        "Actual Startup Time": 262.21,
                                        "Actual Total Time": 400.948,
                                        "Actual Rows": 10692,
                                        "Actual Loops": 1
                                    },
                                    {
                                        "Worker Number": 4,
                                        "Actual Startup Time": 262.893,
                                        "Actual Total Time": 401.246,
                                        "Actual Rows": 9658,
                                        "Actual Loops": 1
                                    }
                                ],
                                "Plans": [
                                    {
                                        "Node Type": "Seq Scan",
                                        "Parent Relationship": "Outer",
                                        "Parallel Aware": true,
                                        "Relation Name": "movie_info",
                                        "Schema": "public",
                                        "Alias": "mi",
                                        "Startup Cost": 0.0,
                                        "Total Cost": 198880.74,
                                        "Plan Rows": 68169,
                                        "Plan Width": 4,
                                        "Actual Startup Time": 160.704,
                                        "Actual Total Time": 297.264,
                                        "Actual Rows": 61370,
                                        "Actual Loops": 6,
                                        "Output": [
                                            "mi.id",
                                            "mi.movie_id",
                                            "mi.info_type_id",
                                            "mi.info",
                                            "mi.note"
                                        ],
                                        "Filter": "(mi.info_type_id = 17)",
                                        "Rows Removed by Filter": 2411250,
                                        "Workers": [
                                            {
                                                "Worker Number": 0,
                                                "Actual Startup Time": 159.991,
                                                "Actual Total Time": 297.47,
                                                "Actual Rows": 63510,
                                                "Actual Loops": 1
                                            },
                                            {
                                                "Worker Number": 1,
                                                "Actual Startup Time": 161.07,
                                                "Actual Total Time": 297.571,
                                                "Actual Rows": 58195,
                                                "Actual Loops": 1
                                            },
                                            {
                                                "Worker Number": 2,
                                                "Actual Startup Time": 160.007,
                                                "Actual Total Time": 297.672,
                                                "Actual Rows": 57528,
                                                "Actual Loops": 1
                                            },
                                            {
                                                "Worker Number": 3,
                                                "Actual Startup Time": 161.098,
                                                "Actual Total Time": 297.489,
                                                "Actual Rows": 63971,
                                                "Actual Loops": 1
                                            },
                                            {
                                                "Worker Number": 4,
                                                "Actual Startup Time": 161.078,
                                                "Actual Total Time": 297.531,
                                                "Actual Rows": 57946,
                                                "Actual Loops": 1
                                            }
                                        ]
                                    },
                                    {
                                        "Node Type": "Hash",
                                        "Parent Relationship": "Inner",
                                        "Parallel Aware": true,
                                        "Startup Cost": 45479.21,
                                        "Total Cost": 45479.21,
                                        "Plan Rows": 18966,
                                        "Plan Width": 4,
                                        "Actual Startup Time": 93.036,
                                        "Actual Total Time": 93.037,
                                        "Actual Rows": 33718,
                                        "Actual Loops": 6,
                                        "Output": [
                                            "t.id"
                                        ],
                                        "Hash Buckets": 262144,
                                        "Original Hash Buckets": 131072,
                                        "Hash Batches": 1,
                                        "Original Hash Batches": 1,
                                        "Peak Memory Usage": 11104,
                                        "Workers": [
                                            {
                                                "Worker Number": 0,
                                                "Actual Startup Time": 91.403,
                                                "Actual Total Time": 91.404,
                                                "Actual Rows": 35702,
                                                "Actual Loops": 1
                                            },
                                            {
                                                "Worker Number": 1,
                                                "Actual Startup Time": 92.034,
                                                "Actual Total Time": 92.035,
                                                "Actual Rows": 33086,
                                                "Actual Loops": 1
                                            },
                                            {
                                                "Worker Number": 2,
                                                "Actual Startup Time": 92.028,
                                                "Actual Total Time": 92.029,
                                                "Actual Rows": 32738,
                                                "Actual Loops": 1
                                            },
                                            {
                                                "Worker Number": 3,
                                                "Actual Startup Time": 92.538,
                                                "Actual Total Time": 92.538,
                                                "Actual Rows": 35827,
                                                "Actual Loops": 1
                                            },
                                            {
                                                "Worker Number": 4,
                                                "Actual Startup Time": 92.809,
                                                "Actual Total Time": 92.811,
                                                "Actual Rows": 33040,
                                                "Actual Loops": 1
                                            }
                                        ],
                                        "Plans": [
                                            {
                                                "Node Type": "Seq Scan",
                                                "Parent Relationship": "Outer",
                                                "Parallel Aware": true,
                                                "Relation Name": "title",
                                                "Schema": "public",
                                                "Alias": "t",
                                                "Startup Cost": 0.0,
                                                "Total Cost": 45479.21,
                                                "Plan Rows": 18966,
                                                "Plan Width": 4,
                                                "Actual Startup Time": 49.143,
                                                "Actual Total Time": 76.213,
                                                "Actual Rows": 33718,
                                                "Actual Loops": 6,
                                                "Output": [
                                                    "t.id"
                                                ],
                                                "Filter": "((t.production_year < 1964) AND (t.kind_id = 1))",
                                                "Rows Removed by Filter": 387668,
                                                "Workers": [
                                                    {
                                                        "Worker Number": 0,
                                                        "Actual Startup Time": 47.828,
                                                        "Actual Total Time": 74.783,
                                                        "Actual Rows": 35702,
                                                        "Actual Loops": 1
                                                    },
                                                    {
                                                        "Worker Number": 1,
                                                        "Actual Startup Time": 47.734,
                                                        "Actual Total Time": 75.531,
                                                        "Actual Rows": 33086,
                                                        "Actual Loops": 1
                                                    },
                                                    {
                                                        "Worker Number": 2,
                                                        "Actual Startup Time": 48.007,
                                                        "Actual Total Time": 75.345,
                                                        "Actual Rows": 32738,
                                                        "Actual Loops": 1
                                                    },
                                                    {
                                                        "Worker Number": 3,
                                                        "Actual Startup Time": 48.523,
                                                        "Actual Total Time": 76.049,
                                                        "Actual Rows": 35827,
                                                        "Actual Loops": 1
                                                    },
                                                    {
                                                        "Worker Number": 4,
                                                        "Actual Startup Time": 49.541,
                                                        "Actual Total Time": 76.306,
                                                        "Actual Rows": 33040,
                                                        "Actual Loops": 1
                                                    }
                                                ]
                                            }
                                        ]
                                    }
                                ]
                            }
                        ]
                    }
                ]
            }
        ]
    },
    "Planning Time": 0.697,
    "Triggers": [],
    "Execution Time": 457.054
}