[
  {
    "Plan": {
      "Node Type": "Aggregate",
      "Strategy": "Plain",
      "Partial Mode": "Finalize",
      "Parallel Aware": false,
      "Startup Cost": 107029.52,
      "Total Cost": 107029.53,
      "Plan Rows": 1,
      "Plan Width": 8,
      "Actual Startup Time": 607.304,
      "Actual Total Time": 627.692,
      "Actual Rows": 1,
      "Actual Loops": 1,
      "Plans": [
        {
          "Node Type": "Gather",
          "Parent Relationship": "Outer",
          "Parallel Aware": false,
          "Startup Cost": 107029.21,
          "Total Cost": 107029.52,
          "Plan Rows": 3,
          "Plan Width": 8,
          "Actual Startup Time": 599.926,
          "Actual Total Time": 627.68,
          "Actual Rows": 4,
          "Actual Loops": 1,
          "Workers Planned": 3,
          "Workers Launched": 3,
          "Single Copy": false,
          "Plans": [
            {
              "Node Type": "Aggregate",
              "Strategy": "Plain",
              "Partial Mode": "Partial",
              "Parent Relationship": "Outer",
              "Parallel Aware": false,
              "Startup Cost": 106029.21,
              "Total Cost": 106029.22,
              "Plan Rows": 1,
              "Plan Width": 8,
              "Actual Startup Time": 578.422,
              "Actual Total Time": 578.428,
              "Actual Rows": 1,
              "Actual Loops": 4,
              "Plans": [
                {
                  "Node Type": "Hash Join",
                  "Parent Relationship": "Outer",
                  "Parallel Aware": true,
                  "Join Type": "Inner",
                  "Startup Cost": 60835.58,
                  "Total Cost": 105735.0,
                  "Plan Rows": 117681,
                  "Plan Width": 0,
                  "Actual Startup Time": 377.791,
                  "Actual Total Time": 569.312,
                  "Actual Rows": 223699,
                  "Actual Loops": 4,
                  "Inner Unique": false,
                  "Hash Cond": "(mk.movie_id = t.id)",
                  "Plans": [
                    {
                      "Node Type": "Seq Scan",
                      "Parent Relationship": "Outer",
                      "Parallel Aware": true,
                      "Relation Name": "movie_keyword",
                      "Alias": "mk",
                      "Startup Cost": 0.0,
                      "Total Cost": 39047.32,
                      "Plan Rows": 1459332,
                      "Plan Width": 4,
                      "Actual Startup Time": 0.028,
                      "Actual Total Time": 90.0,
                      "Actual Rows": 1130982,
                      "Actual Loops": 4
                    },
                    {
                      "Node Type": "Hash",
                      "Parent Relationship": "Inner",
                      "Parallel Aware": true,
                      "Startup Cost": 60013.48,
                      "Total Cost": 60013.48,
                      "Plan Rows": 65768,
                      "Plan Width": 8,
                      "Actual Startup Time": 375.27,
                      "Actual Total Time": 375.275,
                      "Actual Rows": 21682,
                      "Actual Loops": 4,
                      "Hash Buckets": 262144,
                      "Original Hash Buckets": 262144,
                      "Hash Batches": 1,
                      "Original Hash Batches": 1,
                      "Peak Memory Usage": 5504,
                      "Plans": [
                        {
                          "Node Type": "Hash Join",
                          "Parent Relationship": "Outer",
                          "Parallel Aware": true,
                          "Join Type": "Inner",
                          "Startup Cost": 51227.53,
                          "Total Cost": 60013.48,
                          "Plan Rows": 65768,
                          "Plan Width": 8,
                          "Actual Startup Time": 338.403,
                          "Actual Total Time": 368.008,
                          "Actual Rows": 21682,
                          "Actual Loops": 4,
                          "Inner Unique": true,
                          "Hash Cond": "(ci.movie_id = t.id)",
                          "Plans": [
                            {
                              "Node Type": "Index Scan",
                              "Parent Relationship": "Outer",
                              "Parallel Aware": true,
                              "Scan Direction": "Forward",
                              "Index Name": "role_id_cast_info",
                              "Relation Name": "cast_info",
                              "Alias": "ci",
                              "Startup Cost": 0.56,
                              "Total Cost": 8600.37,
                              "Plan Rows": 70910,
                              "Plan Width": 4,
                              "Actual Startup Time": 0.194,
                              "Actual Total Time": 12.39,
                              "Actual Rows": 21928,
                              "Actual Loops": 4,
                              "Index Cond": "(role_id = 11)",
                              "Rows Removed by Index Recheck": 0,
                              "Filter": "(person_id < 2760466)",
                              "Rows Removed by Filter": 57101
                            },
                            {
                              "Node Type": "Hash",
                              "Parent Relationship": "Inner",
                              "Parallel Aware": true,
                              "Startup Cost": 43898.92,
                              "Total Cost": 43898.92,
                              "Plan Rows": 586244,
                              "Plan Width": 4,
                              "Actual Startup Time": 328.974,
                              "Actual Total Time": 328.975,
                              "Actual Rows": 585226,
                              "Actual Loops": 4,
                              "Hash Buckets": 4194304,
                              "Original Hash Buckets": 4194304,
                              "Hash Batches": 1,
                              "Original Hash Batches": 1,
                              "Peak Memory Usage": 124384,
                              "Plans": [
                                {
                                  "Node Type": "Seq Scan",
                                  "Parent Relationship": "Outer",
                                  "Parallel Aware": true,
                                  "Relation Name": "title",
                                  "Alias": "t",
                                  "Startup Cost": 0.0,
                                  "Total Cost": 43898.92,
                                  "Plan Rows": 586244,
                                  "Plan Width": 4,
                                  "Actual Startup Time": 0.038,
                                  "Actual Total Time": 108.359,
                                  "Actual Rows": 585226,
                                  "Actual Loops": 4,
                                  "Filter": "(production_year > 1929)",
                                  "Rows Removed by Filter": 46852
                                }
                              ]
                            }
                          ]
                        }
                      ]
                    }
                  ]
                }
              ]
            }
          ]
        }
      ]
    },
    "Planning Time": 1.446,
    "Triggers": [],
    "Execution Time": 627.789
  }
]