[
  {
    "Plan": {
      "Node Type": "Aggregate",
      "Strategy": "Plain",
      "Partial Mode": "Finalize",
      "Parallel Aware": false,
      "Startup Cost": 32902.94,
      "Total Cost": 32902.95,
      "Plan Rows": 1,
      "Plan Width": 8,
      "Actual Startup Time": 90.675,
      "Actual Total Time": 99.097,
      "Actual Rows": 1,
      "Actual Loops": 1,
      "Plans": [
        {
          "Node Type": "Gather",
          "Parent Relationship": "Outer",
          "Parallel Aware": false,
          "Startup Cost": 32902.63,
          "Total Cost": 32902.94,
          "Plan Rows": 3,
          "Plan Width": 8,
          "Actual Startup Time": 90.572,
          "Actual Total Time": 99.089,
          "Actual Rows": 4,
          "Actual Loops": 1,
          "Workers Planned": 3,
          "Workers Launched": 3,
          "Single Copy": false,
          "Plans": [
            {
              "Node Type": "Aggregate",
              "Strategy": "Plain",
              "Partial Mode": "Partial",
              "Parent Relationship": "Outer",
              "Parallel Aware": false,
              "Startup Cost": 31902.63,
              "Total Cost": 31902.64,
              "Plan Rows": 1,
              "Plan Width": 8,
              "Actual Startup Time": 84.807,
              "Actual Total Time": 84.808,
              "Actual Rows": 1,
              "Actual Loops": 4,
              "Plans": [
                {
                  "Node Type": "Seq Scan",
                  "Parent Relationship": "Outer",
                  "Parallel Aware": true,
                  "Relation Name": "movie_companies",
                  "Alias": "mc",
                  "Startup Cost": 0.0,
                  "Total Cost": 31414.82,
                  "Plan Rows": 195123,
                  "Plan Width": 0,
                  "Actual Startup Time": 48.558,
                  "Actual Total Time": 80.497,
                  "Actual Rows": 98759,
                  "Actual Loops": 4,
                  "Filter": "((company_id < 10584) AND (company_type_id = 2))",
                  "Rows Removed by Filter": 553524
                }
              ]
            }
          ]
        }
      ]
    },
    "Planning Time": 0.231,
    "Triggers": [],
    "Execution Time": 99.156
  }
]