[
  {
    "Plan": {
      "Node Type": "Aggregate",
      "Strategy": "Plain",
      "Partial Mode": "Finalize",
      "Parallel Aware": false,
      "Startup Cost": 31798.34,
      "Total Cost": 31798.35,
      "Plan Rows": 1,
      "Plan Width": 8,
      "Actual Startup Time": 102.668,
      "Actual Total Time": 109.834,
      "Actual Rows": 1,
      "Actual Loops": 1,
      "Plans": [
        {
          "Node Type": "Gather",
          "Parent Relationship": "Outer",
          "Parallel Aware": false,
          "Startup Cost": 31798.03,
          "Total Cost": 31798.34,
          "Plan Rows": 3,
          "Plan Width": 8,
          "Actual Startup Time": 102.5,
          "Actual Total Time": 109.817,
          "Actual Rows": 4,
          "Actual Loops": 1,
          "Workers Planned": 3,
          "Workers Launched": 3,
          "Single Copy": false,
          "Plans": [
            {
              "Node Type": "Aggregate",
              "Strategy": "Plain",
              "Partial Mode": "Partial",
              "Parent Relationship": "Outer",
              "Parallel Aware": false,
              "Startup Cost": 30798.03,
              "Total Cost": 30798.04,
              "Plan Rows": 1,
              "Plan Width": 8,
              "Actual Startup Time": 97.44,
              "Actual Total Time": 97.441,
              "Actual Rows": 1,
              "Actual Loops": 4,
              "Plans": [
                {
                  "Node Type": "Seq Scan",
                  "Parent Relationship": "Outer",
                  "Parallel Aware": true,
                  "Relation Name": "movie_companies",
                  "Alias": "mc",
                  "Startup Cost": 0.0,
                  "Total Cost": 29310.68,
                  "Plan Rows": 594938,
                  "Plan Width": 0,
                  "Actual Startup Time": 0.841,
                  "Actual Total Time": 77.316,
                  "Actual Rows": 461470,
                  "Actual Loops": 4,
                  "Filter": "(company_id > 1571)",
                  "Rows Removed by Filter": 190812
                }
              ]
            }
          ]
        }
      ]
    },
    "Planning Time": 0.147,
    "Triggers": [],
    "Execution Time": 109.884
  }
]