[
  {
    "Plan": {
      "Node Type": "Aggregate",
      "Strategy": "Plain",
      "Partial Mode": "Finalize",
      "Parallel Aware": false,
      "Startup Cost": 28851.6,
      "Total Cost": 28851.61,
      "Plan Rows": 1,
      "Plan Width": 8,
      "Actual Startup Time": 75.649,
      "Actual Total Time": 79.765,
      "Actual Rows": 1,
      "Actual Loops": 1,
      "Plans": [
        {
          "Node Type": "Gather",
          "Parent Relationship": "Outer",
          "Parallel Aware": false,
          "Startup Cost": 28851.28,
          "Total Cost": 28851.59,
          "Plan Rows": 3,
          "Plan Width": 8,
          "Actual Startup Time": 75.376,
          "Actual Total Time": 79.661,
          "Actual Rows": 4,
          "Actual Loops": 1,
          "Workers Planned": 3,
          "Workers Launched": 3,
          "Single Copy": false,
          "Plans": [
            {
              "Node Type": "Aggregate",
              "Strategy": "Plain",
              "Partial Mode": "Partial",
              "Parent Relationship": "Outer",
              "Parallel Aware": false,
              "Startup Cost": 27851.28,
              "Total Cost": 27851.29,
              "Plan Rows": 1,
              "Plan Width": 8,
              "Actual Startup Time": 68.311,
              "Actual Total Time": 68.313,
              "Actual Rows": 1,
              "Actual Loops": 4,
              "Plans": [
                {
                  "Node Type": "Bitmap Heap Scan",
                  "Parent Relationship": "Outer",
                  "Parallel Aware": true,
                  "Relation Name": "movie_companies",
                  "Alias": "mc",
                  "Startup Cost": 7286.97,
                  "Total Cost": 27712.85,
                  "Plan Rows": 55373,
                  "Plan Width": 0,
                  "Actual Startup Time": 26.115,
                  "Actual Total Time": 62.353,
                  "Actual Rows": 84874,
                  "Actual Loops": 4,
                  "Recheck Cond": "(company_id > 89383)",
                  "Rows Removed by Index Recheck": 0,
                  "Filter": "(company_type_id > 1)",
                  "Rows Removed by Filter": 0,
                  "Exact Heap Blocks": 2710,
                  "Lossy Heap Blocks": 0,
                  "Plans": [
                    {
                      "Node Type": "Bitmap Index Scan",
                      "Parent Relationship": "Outer",
                      "Parallel Aware": false,
                      "Index Name": "company_id_movie_companies",
                      "Startup Cost": 0.0,
                      "Total Cost": 7244.05,
                      "Plan Rows": 338083,
                      "Plan Width": 0,
                      "Actual Startup Time": 31.61,
                      "Actual Total Time": 31.611,
                      "Actual Rows": 339496,
                      "Actual Loops": 1,
                      "Index Cond": "(company_id > 89383)"
                    }
                  ]
                }
              ]
            }
          ]
        }
      ]
    },
    "Planning Time": 0.145,
    "Triggers": [],
    "Execution Time": 79.82
  }
]