[
  {
    "Plan": {
      "Node Type": "Aggregate",
      "Strategy": "Plain",
      "Partial Mode": "Finalize",
      "Parallel Aware": false,
      "Startup Cost": 176525.78,
      "Total Cost": 176525.79,
      "Plan Rows": 1,
      "Plan Width": 8,
      "Actual Startup Time": 313.466,
      "Actual Total Time": 329.066,
      "Actual Rows": 1,
      "Actual Loops": 1,
      "Plans": [
        {
          "Node Type": "Gather",
          "Parent Relationship": "Outer",
          "Parallel Aware": false,
          "Startup Cost": 176525.36,
          "Total Cost": 176525.77,
          "Plan Rows": 4,
          "Plan Width": 8,
          "Actual Startup Time": 313.17,
          "Actual Total Time": 329.056,
          "Actual Rows": 5,
          "Actual Loops": 1,
          "Workers Planned": 4,
          "Workers Launched": 4,
          "Single Copy": false,
          "Plans": [
            {
              "Node Type": "Aggregate",
              "Strategy": "Plain",
              "Partial Mode": "Partial",
              "Parent Relationship": "Outer",
              "Parallel Aware": false,
              "Startup Cost": 175525.36,
              "Total Cost": 175525.37,
              "Plan Rows": 1,
              "Plan Width": 8,
              "Actual Startup Time": 307.244,
              "Actual Total Time": 307.248,
              "Actual Rows": 1,
              "Actual Loops": 5,
              "Plans": [
                {
                  "Node Type": "Nested Loop",
                  "Parent Relationship": "Outer",
                  "Parallel Aware": false,
                  "Join Type": "Inner",
                  "Startup Cost": 922.79,
                  "Total Cost": 175478.16,
                  "Plan Rows": 18881,
                  "Plan Width": 0,
                  "Actual Startup Time": 1.269,
                  "Actual Total Time": 275.854,
                  "Actual Rows": 747284,
                  "Actual Loops": 5,
                  "Inner Unique": false,
                  "Plans": [
                    {
                      "Node Type": "Nested Loop",
                      "Parent Relationship": "Outer",
                      "Parallel Aware": false,
                      "Join Type": "Inner",
                      "Startup Cost": 922.36,
                      "Total Cost": 152570.8,
                      "Plan Rows": 12693,
                      "Plan Width": 8,
                      "Actual Startup Time": 1.071,
                      "Actual Total Time": 50.054,
                      "Actual Rows": 10053,
                      "Actual Loops": 5,
                      "Inner Unique": true,
                      "Plans": [
                        {
                          "Node Type": "Bitmap Heap Scan",
                          "Parent Relationship": "Outer",
                          "Parallel Aware": true,
                          "Relation Name": "movie_info",
                          "Alias": "mi",
                          "Startup Cost": 921.93,
                          "Total Cost": 108112.45,
                          "Plan Rows": 12693,
                          "Plan Width": 4,
                          "Actual Startup Time": 0.929,
                          "Actual Total Time": 7.31,
                          "Actual Rows": 10053,
                          "Actual Loops": 5,
                          "Recheck Cond": "(info_type_id > 107)",
                          "Rows Removed by Index Recheck": 0,
                          "Exact Heap Blocks": 1130,
                          "Lossy Heap Blocks": 0,
                          "Plans": [
                            {
                              "Node Type": "Bitmap Index Scan",
                              "Parent Relationship": "Outer",
                              "Parallel Aware": false,
                              "Index Name": "info_type_id_movie_info",
                              "Startup Cost": 0.0,
                              "Total Cost": 909.23,
                              "Plan Rows": 50773,
                              "Plan Width": 0,
                              "Actual Startup Time": 3.509,
                              "Actual Total Time": 3.517,
                              "Actual Rows": 50267,
                              "Actual Loops": 1,
                              "Index Cond": "(info_type_id > 107)"
                            }
                          ]
                        },
                        {
                          "Node Type": "Index Only Scan",
                          "Parent Relationship": "Inner",
                          "Parallel Aware": false,
                          "Scan Direction": "Forward",
                          "Index Name": "title_pkey",
                          "Relation Name": "title",
                          "Alias": "t",
                          "Startup Cost": 0.43,
                          "Total Cost": 3.5,
                          "Plan Rows": 1,
                          "Plan Width": 4,
                          "Actual Startup Time": 0.004,
                          "Actual Total Time": 0.004,
                          "Actual Rows": 1,
                          "Actual Loops": 50267,
                          "Index Cond": "(id = mi.movie_id)",
                          "Rows Removed by Index Recheck": 0,
                          "Heap Fetches": 50267
                        }
                      ]
                    },
                    {
                      "Node Type": "Index Scan",
                      "Parent Relationship": "Inner",
                      "Parallel Aware": false,
                      "Scan Direction": "Forward",
                      "Index Name": "movie_id_movie_keyword",
                      "Relation Name": "movie_keyword",
                      "Alias": "mk",
                      "Startup Cost": 0.43,
                      "Total Cost": 1.42,
                      "Plan Rows": 38,
                      "Plan Width": 4,
                      "Actual Startup Time": 0.006,
                      "Actual Total Time": 0.017,
                      "Actual Rows": 74,
                      "Actual Loops": 50267,
                      "Index Cond": "(movie_id = t.id)",
                      "Rows Removed by Index Recheck": 0,
                      "Filter": "(keyword_id > 714)",
                      "Rows Removed by Filter": 10
                    }
                  ]
                }
              ]
            }
          ]
        }
      ]
    },
    "Planning Time": 0.574,
    "Triggers": [],
    "Execution Time": 329.12
  }
]