[
    {
        "Bao": {
            "Bao prediction": "NaN",
            "Bao recommended hint": "(no hint)"
        }
    },
    {
        "Plan": {
            "Node Type": "Aggregate",
            "Strategy": "Plain",
            "Partial Mode": "Finalize",
            "Parallel Aware": false,
            "Startup Cost": 345009.42,
            "Total Cost": 345009.43,
            "Plan Rows": 1,
            "Plan Width": 8,
            "Actual Startup Time": 578.993,
            "Actual Total Time": 605.699,
            "Actual Rows": 1,
            "Actual Loops": 1,
            "Output": [
                "count(*)"
            ],
            "Plans": [
                {
                    "Node Type": "Gather",
                    "Parent Relationship": "Outer",
                    "Parallel Aware": false,
                    "Startup Cost": 345008.8,
                    "Total Cost": 345009.41,
                    "Plan Rows": 6,
                    "Plan Width": 8,
                    "Actual Startup Time": 578.894,
                    "Actual Total Time": 605.692,
                    "Actual Rows": 7,
                    "Actual Loops": 1,
                    "Output": [
                        "(PARTIAL count(*))"
                    ],
                    "Workers Planned": 6,
                    "Workers Launched": 6,
                    "Single Copy": false,
                    "Plans": [
                        {
                            "Node Type": "Aggregate",
                            "Strategy": "Plain",
                            "Partial Mode": "Partial",
                            "Parent Relationship": "Outer",
                            "Parallel Aware": false,
                            "Startup Cost": 344008.8,
                            "Total Cost": 344008.81,
                            "Plan Rows": 1,
                            "Plan Width": 8,
                            "Actual Startup Time": 568.571,
                            "Actual Total Time": 568.572,
                            "Actual Rows": 1,
                            "Actual Loops": 7,
                            "Output": [
                                "PARTIAL count(*)"
                            ],
                            "Workers": [
                                {
                                    "Worker Number": 0,
                                    "Actual Startup Time": 566.087,
                                    "Actual Total Time": 566.088,
                                    "Actual Rows": 1,
                                    "Actual Loops": 1
                                },
                                {
                                    "Worker Number": 1,
                                    "Actual Startup Time": 566.191,
                                    "Actual Total Time": 566.192,
                                    "Actual Rows": 1,
                                    "Actual Loops": 1
                                },
                                {
                                    "Worker Number": 2,
                                    "Actual Startup Time": 566.986,
                                    "Actual Total Time": 566.986,
                                    "Actual Rows": 1,
                                    "Actual Loops": 1
                                },
                                {
                                    "Worker Number": 3,
                                    "Actual Startup Time": 567.199,
                                    "Actual Total Time": 567.201,
                                    "Actual Rows": 1,
                                    "Actual Loops": 1
                                },
                                {
                                    "Worker Number": 4,
                                    "Actual Startup Time": 567.405,
                                    "Actual Total Time": 567.406,
                                    "Actual Rows": 1,
                                    "Actual Loops": 1
                                },
                                {
                                    "Worker Number": 5,
                                    "Actual Startup Time": 567.604,
                                    "Actual Total Time": 567.605,
                                    "Actual Rows": 1,
                                    "Actual Loops": 1
                                }
                            ],
                            "Plans": [
                                {
                                    "Node Type": "Seq Scan",
                                    "Parent Relationship": "Outer",
                                    "Parallel Aware": true,
                                    "Relation Name": "cast_info",
                                    "Schema": "public",
                                    "Alias": "ci",
                                    "Startup Cost": 0.0,
                                    "Total Cost": 343318.94,
                                    "Plan Rows": 275943,
                                    "Plan Width": 0,
                                    "Actual Startup Time": 315.47,
                                    "Actual Total Time": 561.544,
                                    "Actual Rows": 151552,
                                    "Actual Loops": 7,
                                    "Output": [
                                        "id",
                                        "person_id",
                                        "movie_id",
                                        "person_role_id",
                                        "note",
                                        "nr_order",
                                        "role_id"
                                    ],
                                    "Filter": "((ci.person_id < 364416) AND (ci.role_id > 2))",
                                    "Rows Removed by Filter": 5026212,
                                    "Workers": [
                                        {
                                            "Worker Number": 0,
                                            "Actual Startup Time": 312.984,
                                            "Actual Total Time": 559.058,
                                            "Actual Rows": 102496,
                                            "Actual Loops": 1
                                        },
                                        {
                                            "Worker Number": 1,
                                            "Actual Startup Time": 313.082,
                                            "Actual Total Time": 559.065,
                                            "Actual Rows": 103953,
                                            "Actual Loops": 1
                                        },
                                        {
                                            "Worker Number": 2,
                                            "Actual Startup Time": 313.889,
                                            "Actual Total Time": 560.25,
                                            "Actual Rows": 159660,
                                            "Actual Loops": 1
                                        },
                                        {
                                            "Worker Number": 3,
                                            "Actual Startup Time": 314.111,
                                            "Actual Total Time": 560.388,
                                            "Actual Rows": 161934,
                                            "Actual Loops": 1
                                        },
                                        {
                                            "Worker Number": 4,
                                            "Actual Startup Time": 314.298,
                                            "Actual Total Time": 560.567,
                                            "Actual Rows": 162202,
                                            "Actual Loops": 1
                                        },
                                        {
                                            "Worker Number": 5,
                                            "Actual Startup Time": 314.513,
                                            "Actual Total Time": 560.912,
                                            "Actual Rows": 158849,
                                            "Actual Loops": 1
                                        }
                                    ]
                                }
                            ]
                        }
                    ]
                }
            ]
        },
        "Planning Time": 184.854,
        "Triggers": [],
        "Execution Time": 605.749
    }
]