[
  {
    "Plan": {
      "Node Type": "Aggregate",
      "Strategy": "Plain",
      "Partial Mode": "Finalize",
      "Parallel Aware": false,
      "Startup Cost": 29799.73,
      "Total Cost": 29799.74,
      "Plan Rows": 1,
      "Plan Width": 8,
      "Actual Startup Time": 55.804,
      "Actual Total Time": 59.765,
      "Actual Rows": 1,
      "Actual Loops": 1,
      "Plans": [
        {
          "Node Type": "Gather",
          "Parent Relationship": "Outer",
          "Parallel Aware": false,
          "Startup Cost": 29799.41,
          "Total Cost": 29799.72,
          "Plan Rows": 3,
          "Plan Width": 8,
          "Actual Startup Time": 55.651,
          "Actual Total Time": 59.76,
          "Actual Rows": 4,
          "Actual Loops": 1,
          "Workers Planned": 3,
          "Workers Launched": 3,
          "Single Copy": false,
          "Plans": [
            {
              "Node Type": "Aggregate",
              "Strategy": "Plain",
              "Partial Mode": "Partial",
              "Parent Relationship": "Outer",
              "Parallel Aware": false,
              "Startup Cost": 28799.41,
              "Total Cost": 28799.42,
              "Plan Rows": 1,
              "Plan Width": 8,
              "Actual Startup Time": 52.089,
              "Actual Total Time": 52.092,
              "Actual Rows": 1,
              "Actual Loops": 4,
              "Plans": [
                {
                  "Node Type": "Bitmap Heap Scan",
                  "Parent Relationship": "Outer",
                  "Parallel Aware": true,
                  "Relation Name": "movie_companies",
                  "Alias": "mc",
                  "Startup Cost": 8182.51,
                  "Total Cost": 28494.93,
                  "Plan Rows": 121793,
                  "Plan Width": 0,
                  "Actual Startup Time": 19.612,
                  "Actual Total Time": 46.86,
                  "Actual Rows": 94307,
                  "Actual Loops": 4,
                  "Recheck Cond": "(company_id > 84719)",
                  "Rows Removed by Index Recheck": 0,
                  "Exact Heap Blocks": 2843,
                  "Lossy Heap Blocks": 0,
                  "Plans": [
                    {
                      "Node Type": "Bitmap Index Scan",
                      "Parent Relationship": "Outer",
                      "Parallel Aware": false,
                      "Index Name": "company_id_movie_companies",
                      "Startup Cost": 0.0,
                      "Total Cost": 8088.12,
                      "Plan Rows": 377559,
                      "Plan Width": 0,
                      "Actual Startup Time": 21.9,
                      "Actual Total Time": 21.9,
                      "Actual Rows": 377229,
                      "Actual Loops": 1,
                      "Index Cond": "(company_id > 84719)"
                    }
                  ]
                }
              ]
            }
          ]
        }
      ]
    },
    "Planning Time": 0.084,
    "Triggers": [],
    "Execution Time": 59.799
  }
]