[
  {
    "Plan": {
      "Node Type": "Aggregate",
      "Strategy": "Plain",
      "Partial Mode": "Finalize",
      "Parallel Aware": false,
      "Startup Cost": 79540.62,
      "Total Cost": 79540.63,
      "Plan Rows": 1,
      "Plan Width": 8,
      "Actual Startup Time": 282.426,
      "Actual Total Time": 297.755,
      "Actual Rows": 1,
      "Actual Loops": 1,
      "Plans": [
        {
          "Node Type": "Gather",
          "Parent Relationship": "Outer",
          "Parallel Aware": false,
          "Startup Cost": 79540.3,
          "Total Cost": 79540.61,
          "Plan Rows": 3,
          "Plan Width": 8,
          "Actual Startup Time": 280.588,
          "Actual Total Time": 297.741,
          "Actual Rows": 4,
          "Actual Loops": 1,
          "Workers Planned": 3,
          "Workers Launched": 3,
          "Single Copy": false,
          "Plans": [
            {
              "Node Type": "Aggregate",
              "Strategy": "Plain",
              "Partial Mode": "Partial",
              "Parent Relationship": "Outer",
              "Parallel Aware": false,
              "Startup Cost": 78540.3,
              "Total Cost": 78540.31,
              "Plan Rows": 1,
              "Plan Width": 8,
              "Actual Startup Time": 274.964,
              "Actual Total Time": 274.969,
              "Actual Rows": 1,
              "Actual Loops": 4,
              "Plans": [
                {
                  "Node Type": "Hash Join",
                  "Parent Relationship": "Outer",
                  "Parallel Aware": true,
                  "Join Type": "Inner",
                  "Startup Cost": 46449.71,
                  "Total Cost": 78469.55,
                  "Plan Rows": 28299,
                  "Plan Width": 0,
                  "Actual Startup Time": 182.366,
                  "Actual Total Time": 271.387,
                  "Actual Rows": 79899,
                  "Actual Loops": 4,
                  "Inner Unique": true,
                  "Hash Cond": "(mc.movie_id = t.id)",
                  "Plans": [
                    {
                      "Node Type": "Seq Scan",
                      "Parent Relationship": "Outer",
                      "Parallel Aware": true,
                      "Relation Name": "movie_companies",
                      "Alias": "mc",
                      "Startup Cost": 0.0,
                      "Total Cost": 31414.82,
                      "Plan Rows": 230485,
                      "Plan Width": 4,
                      "Actual Startup Time": 32.922,
                      "Actual Total Time": 70.583,
                      "Actual Rows": 233897,
                      "Actual Loops": 4,
                      "Filter": "((company_id > 11137) AND (company_type_id > 1))",
                      "Rows Removed by Filter": 418386
                    },
                    {
                      "Node Type": "Hash",
                      "Parent Relationship": "Inner",
                      "Parallel Aware": true,
                      "Startup Cost": 45479.59,
                      "Total Cost": 45479.59,
                      "Plan Rows": 77610,
                      "Plan Width": 4,
                      "Actual Startup Time": 146.44,
                      "Actual Total Time": 146.441,
                      "Actual Rows": 108340,
                      "Actual Loops": 4,
                      "Hash Buckets": 524288,
                      "Original Hash Buckets": 524288,
                      "Hash Batches": 1,
                      "Original Hash Batches": 1,
                      "Peak Memory Usage": 21120,
                      "Plans": [
                        {
                          "Node Type": "Seq Scan",
                          "Parent Relationship": "Outer",
                          "Parallel Aware": true,
                          "Relation Name": "title",
                          "Alias": "t",
                          "Startup Cost": 0.0,
                          "Total Cost": 45479.59,
                          "Plan Rows": 77610,
                          "Plan Width": 4,
                          "Actual Startup Time": 0.05,
                          "Actual Total Time": 106.851,
                          "Actual Rows": 108340,
                          "Actual Loops": 4,
                          "Filter": "((kind_id < 7) AND (production_year < 1995))",
                          "Rows Removed by Filter": 523738
                        }
                      ]
                    }
                  ]
                }
              ]
            }
          ]
        }
      ]
    },
    "Planning Time": 0.507,
    "Triggers": [],
    "Execution Time": 297.823
  }
]