[
  {
    "Plan": {
      "Node Type": "Aggregate",
      "Strategy": "Plain",
      "Partial Mode": "Finalize",
      "Parallel Aware": false,
      "Startup Cost": 75492.78,
      "Total Cost": 75492.79,
      "Plan Rows": 1,
      "Plan Width": 8,
      "Actual Startup Time": 60.229,
      "Actual Total Time": 70.263,
      "Actual Rows": 1,
      "Actual Loops": 1,
      "Plans": [
        {
          "Node Type": "Gather",
          "Parent Relationship": "Outer",
          "Parallel Aware": false,
          "Startup Cost": 75492.46,
          "Total Cost": 75492.77,
          "Plan Rows": 3,
          "Plan Width": 8,
          "Actual Startup Time": 59.983,
          "Actual Total Time": 70.255,
          "Actual Rows": 4,
          "Actual Loops": 1,
          "Workers Planned": 3,
          "Workers Launched": 3,
          "Single Copy": false,
          "Plans": [
            {
              "Node Type": "Aggregate",
              "Strategy": "Plain",
              "Partial Mode": "Partial",
              "Parent Relationship": "Outer",
              "Parallel Aware": false,
              "Startup Cost": 74492.46,
              "Total Cost": 74492.47,
              "Plan Rows": 1,
              "Plan Width": 8,
              "Actual Startup Time": 56.233,
              "Actual Total Time": 56.235,
              "Actual Rows": 1,
              "Actual Loops": 4,
              "Plans": [
                {
                  "Node Type": "Nested Loop",
                  "Parent Relationship": "Outer",
                  "Parallel Aware": false,
                  "Join Type": "Inner",
                  "Startup Cost": 769.12,
                  "Total Cost": 74463.3,
                  "Plan Rows": 11665,
                  "Plan Width": 0,
                  "Actual Startup Time": 2.987,
                  "Actual Total Time": 55.445,
                  "Actual Rows": 9644,
                  "Actual Loops": 4,
                  "Inner Unique": true,
                  "Plans": [
                    {
                      "Node Type": "Bitmap Heap Scan",
                      "Parent Relationship": "Outer",
                      "Parallel Aware": true,
                      "Relation Name": "movie_keyword",
                      "Alias": "mk",
                      "Startup Cost": 768.69,
                      "Total Cost": 26566.38,
                      "Plan Rows": 11665,
                      "Plan Width": 4,
                      "Actual Startup Time": 2.885,
                      "Actual Total Time": 18.345,
                      "Actual Rows": 9644,
                      "Actual Loops": 4,
                      "Recheck Cond": "(keyword_id > 105399)",
                      "Rows Removed by Index Recheck": 0,
                      "Exact Heap Blocks": 4077,
                      "Lossy Heap Blocks": 0,
                      "Plans": [
                        {
                          "Node Type": "Bitmap Index Scan",
                          "Parent Relationship": "Outer",
                          "Parallel Aware": false,
                          "Index Name": "keyword_id_movie_keyword",
                          "Startup Cost": 0.0,
                          "Total Cost": 759.65,
                          "Plan Rows": 36162,
                          "Plan Width": 0,
                          "Actual Startup Time": 4.326,
                          "Actual Total Time": 4.327,
                          "Actual Rows": 38574,
                          "Actual Loops": 1,
                          "Index Cond": "(keyword_id > 105399)"
                        }
                      ]
                    },
                    {
                      "Node Type": "Index Only Scan",
                      "Parent Relationship": "Inner",
                      "Parallel Aware": false,
                      "Scan Direction": "Forward",
                      "Index Name": "title_pkey",
                      "Relation Name": "title",
                      "Alias": "t",
                      "Startup Cost": 0.43,
                      "Total Cost": 4.11,
                      "Plan Rows": 1,
                      "Plan Width": 4,
                      "Actual Startup Time": 0.003,
                      "Actual Total Time": 0.003,
                      "Actual Rows": 1,
                      "Actual Loops": 38574,
                      "Index Cond": "(id = mk.movie_id)",
                      "Rows Removed by Index Recheck": 0,
                      "Heap Fetches": 38574
                    }
                  ]
                }
              ]
            }
          ]
        }
      ]
    },
    "Planning Time": 0.348,
    "Triggers": [],
    "Execution Time": 70.31
  }
]