[
  {
    "Plan": {
      "Node Type": "Aggregate",
      "Strategy": "Plain",
      "Partial Mode": "Finalize",
      "Parallel Aware": false,
      "Startup Cost": 33407.12,
      "Total Cost": 33407.13,
      "Plan Rows": 1,
      "Plan Width": 8,
      "Actual Startup Time": 103.107,
      "Actual Total Time": 110.96,
      "Actual Rows": 1,
      "Actual Loops": 1,
      "Plans": [
        {
          "Node Type": "Gather",
          "Parent Relationship": "Outer",
          "Parallel Aware": false,
          "Startup Cost": 33406.81,
          "Total Cost": 33407.12,
          "Plan Rows": 3,
          "Plan Width": 8,
          "Actual Startup Time": 102.996,
          "Actual Total Time": 110.953,
          "Actual Rows": 4,
          "Actual Loops": 1,
          "Workers Planned": 3,
          "Workers Launched": 3,
          "Single Copy": false,
          "Plans": [
            {
              "Node Type": "Aggregate",
              "Strategy": "Plain",
              "Partial Mode": "Partial",
              "Parent Relationship": "Outer",
              "Parallel Aware": false,
              "Startup Cost": 32406.81,
              "Total Cost": 32406.82,
              "Plan Rows": 1,
              "Plan Width": 8,
              "Actual Startup Time": 96.525,
              "Actual Total Time": 96.526,
              "Actual Rows": 1,
              "Actual Loops": 4,
              "Plans": [
                {
                  "Node Type": "Seq Scan",
                  "Parent Relationship": "Outer",
                  "Parallel Aware": true,
                  "Relation Name": "movie_companies",
                  "Alias": "mc",
                  "Startup Cost": 0.0,
                  "Total Cost": 31414.82,
                  "Plan Rows": 396795,
                  "Plan Width": 0,
                  "Actual Startup Time": 48.066,
                  "Actual Total Time": 84.141,
                  "Actual Rows": 323942,
                  "Actual Loops": 4,
                  "Filter": "((company_id > 46) AND (company_type_id > 1))",
                  "Rows Removed by Filter": 328340
                }
              ]
            }
          ]
        }
      ]
    },
    "Planning Time": 0.3,
    "Triggers": [],
    "Execution Time": 111.019
  }
]