[
  {
    "Plan": {
      "Node Type": "Aggregate",
      "Strategy": "Plain",
      "Partial Mode": "Finalize",
      "Parallel Aware": false,
      "Startup Cost": 41321.72,
      "Total Cost": 41321.73,
      "Plan Rows": 1,
      "Plan Width": 8,
      "Actual Startup Time": 149.736,
      "Actual Total Time": 158.001,
      "Actual Rows": 1,
      "Actual Loops": 1,
      "Plans": [
        {
          "Node Type": "Gather",
          "Parent Relationship": "Outer",
          "Parallel Aware": false,
          "Startup Cost": 41321.4,
          "Total Cost": 41321.71,
          "Plan Rows": 3,
          "Plan Width": 8,
          "Actual Startup Time": 149.432,
          "Actual Total Time": 157.991,
          "Actual Rows": 4,
          "Actual Loops": 1,
          "Workers Planned": 3,
          "Workers Launched": 3,
          "Single Copy": false,
          "Plans": [
            {
              "Node Type": "Aggregate",
              "Strategy": "Plain",
              "Partial Mode": "Partial",
              "Parent Relationship": "Outer",
              "Parallel Aware": false,
              "Startup Cost": 40321.4,
              "Total Cost": 40321.41,
              "Plan Rows": 1,
              "Plan Width": 8,
              "Actual Startup Time": 140.097,
              "Actual Total Time": 140.098,
              "Actual Rows": 1,
              "Actual Loops": 4,
              "Plans": [
                {
                  "Node Type": "Bitmap Heap Scan",
                  "Parent Relationship": "Outer",
                  "Parallel Aware": true,
                  "Relation Name": "movie_keyword",
                  "Alias": "mk",
                  "Startup Cost": 12920.45,
                  "Total Cost": 39830.24,
                  "Plan Rows": 196463,
                  "Plan Width": 0,
                  "Actual Startup Time": 53.165,
                  "Actual Total Time": 131.466,
                  "Actual Rows": 149159,
                  "Actual Loops": 4,
                  "Recheck Cond": "(keyword_id > 30778)",
                  "Rows Removed by Index Recheck": 0,
                  "Exact Heap Blocks": 10354,
                  "Lossy Heap Blocks": 0,
                  "Plans": [
                    {
                      "Node Type": "Bitmap Index Scan",
                      "Parent Relationship": "Outer",
                      "Parallel Aware": false,
                      "Index Name": "keyword_id_movie_keyword",
                      "Startup Cost": 0.0,
                      "Total Cost": 12768.2,
                      "Plan Rows": 609035,
                      "Plan Width": 0,
                      "Actual Startup Time": 58.116,
                      "Actual Total Time": 58.116,
                      "Actual Rows": 596636,
                      "Actual Loops": 1,
                      "Index Cond": "(keyword_id > 30778)"
                    }
                  ]
                }
              ]
            }
          ]
        }
      ]
    },
    "Planning Time": 0.16,
    "Triggers": [],
    "Execution Time": 158.074
  }
]