[
  {
    "Plan": {
      "Node Type": "Aggregate",
      "Strategy": "Plain",
      "Partial Mode": "Finalize",
      "Parallel Aware": false,
      "Startup Cost": 351369.83,
      "Total Cost": 351369.84,
      "Plan Rows": 1,
      "Plan Width": 8,
      "Actual Startup Time": 523.484,
      "Actual Total Time": 543.822,
      "Actual Rows": 1,
      "Actual Loops": 1,
      "Plans": [
        {
          "Node Type": "Gather",
          "Parent Relationship": "Outer",
          "Parallel Aware": false,
          "Startup Cost": 351369.2,
          "Total Cost": 351369.81,
          "Plan Rows": 6,
          "Plan Width": 8,
          "Actual Startup Time": 514.713,
          "Actual Total Time": 543.808,
          "Actual Rows": 7,
          "Actual Loops": 1,
          "Workers Planned": 6,
          "Workers Launched": 6,
          "Single Copy": false,
          "Plans": [
            {
              "Node Type": "Aggregate",
              "Strategy": "Plain",
              "Partial Mode": "Partial",
              "Parent Relationship": "Outer",
              "Parallel Aware": false,
              "Startup Cost": 350369.2,
              "Total Cost": 350369.21,
              "Plan Rows": 1,
              "Plan Width": 8,
              "Actual Startup Time": 505.152,
              "Actual Total Time": 505.156,
              "Actual Rows": 1,
              "Actual Loops": 7,
              "Plans": [
                {
                  "Node Type": "Hash Join",
                  "Parent Relationship": "Outer",
                  "Parallel Aware": true,
                  "Join Type": "Inner",
                  "Startup Cost": 92187.65,
                  "Total Cost": 350036.32,
                  "Plan Rows": 133151,
                  "Plan Width": 0,
                  "Actual Startup Time": 285.493,
                  "Actual Total Time": 496.933,
                  "Actual Rows": 126184,
                  "Actual Loops": 7,
                  "Inner Unique": true,
                  "Hash Cond": "(ci.movie_id = t.id)",
                  "Plans": [
                    {
                      "Node Type": "Bitmap Heap Scan",
                      "Parent Relationship": "Outer",
                      "Parallel Aware": true,
                      "Relation Name": "cast_info",
                      "Alias": "ci",
                      "Startup Cost": 45205.5,
                      "Total Cost": 302158.35,
                      "Plan Rows": 341268,
                      "Plan Width": 4,
                      "Actual Startup Time": 113.651,
                      "Actual Total Time": 188.202,
                      "Actual Rows": 300462,
                      "Actual Loops": 7,
                      "Recheck Cond": "(person_id < 206114)",
                      "Rows Removed by Index Recheck": 0,
                      "Exact Heap Blocks": 4325,
                      "Lossy Heap Blocks": 0,
                      "Plans": [
                        {
                          "Node Type": "Bitmap Index Scan",
                          "Parent Relationship": "Outer",
                          "Parallel Aware": false,
                          "Index Name": "person_id_cast_info",
                          "Startup Cost": 0.0,
                          "Total Cost": 44693.6,
                          "Plan Rows": 2047605,
                          "Plan Width": 0,
                          "Actual Startup Time": 108.141,
                          "Actual Total Time": 108.142,
                          "Actual Rows": 2103237,
                          "Actual Loops": 1,
                          "Index Cond": "(person_id < 206114)"
                        }
                      ]
                    },
                    {
                      "Node Type": "Hash",
                      "Parent Relationship": "Inner",
                      "Parallel Aware": true,
                      "Startup Cost": 43899.32,
                      "Total Cost": 43899.32,
                      "Plan Rows": 246626,
                      "Plan Width": 4,
                      "Actual Startup Time": 168.564,
                      "Actual Total Time": 168.565,
                      "Actual Rows": 140721,
                      "Actual Loops": 7,
                      "Hash Buckets": 1048576,
                      "Original Hash Buckets": 1048576,
                      "Hash Batches": 1,
                      "Original Hash Batches": 1,
                      "Peak Memory Usage": 46848,
                      "Plans": [
                        {
                          "Node Type": "Seq Scan",
                          "Parent Relationship": "Outer",
                          "Parallel Aware": true,
                          "Relation Name": "title",
                          "Alias": "t",
                          "Startup Cost": 0.0,
                          "Total Cost": 43899.32,
                          "Plan Rows": 246626,
                          "Plan Width": 4,
                          "Actual Startup Time": 0.061,
                          "Actual Total Time": 89.175,
                          "Actual Rows": 140721,
                          "Actual Loops": 7,
                          "Filter": "(kind_id < 7)",
                          "Rows Removed by Filter": 220466
                        }
                      ]
                    }
                  ]
                }
              ]
            }
          ]
        }
      ]
    },
    "Planning Time": 0.647,
    "Triggers": [],
    "Execution Time": 543.921
  }
]