[
  {
    "Plan": {
      "Node Type": "Aggregate",
      "Strategy": "Plain",
      "Partial Mode": "Finalize",
      "Parallel Aware": false,
      "Startup Cost": 171244.08,
      "Total Cost": 171244.09,
      "Plan Rows": 1,
      "Plan Width": 8,
      "Actual Startup Time": 56.555,
      "Actual Total Time": 60.587,
      "Actual Rows": 1,
      "Actual Loops": 1,
      "Plans": [
        {
          "Node Type": "Gather",
          "Parent Relationship": "Outer",
          "Parallel Aware": false,
          "Startup Cost": 171243.56,
          "Total Cost": 171244.07,
          "Plan Rows": 5,
          "Plan Width": 8,
          "Actual Startup Time": 56.283,
          "Actual Total Time": 60.58,
          "Actual Rows": 6,
          "Actual Loops": 1,
          "Workers Planned": 5,
          "Workers Launched": 5,
          "Single Copy": false,
          "Plans": [
            {
              "Node Type": "Aggregate",
              "Strategy": "Plain",
              "Partial Mode": "Partial",
              "Parent Relationship": "Outer",
              "Parallel Aware": false,
              "Startup Cost": 170243.56,
              "Total Cost": 170243.57,
              "Plan Rows": 1,
              "Plan Width": 8,
              "Actual Startup Time": 48.594,
              "Actual Total Time": 48.596,
              "Actual Rows": 1,
              "Actual Loops": 6,
              "Plans": [
                {
                  "Node Type": "Bitmap Heap Scan",
                  "Parent Relationship": "Outer",
                  "Parallel Aware": true,
                  "Relation Name": "movie_info",
                  "Alias": "mi",
                  "Startup Cost": 5618.66,
                  "Total Cost": 170088.58,
                  "Plan Rows": 61993,
                  "Plan Width": 0,
                  "Actual Startup Time": 19.148,
                  "Actual Total Time": 43.877,
                  "Actual Rows": 51131,
                  "Actual Loops": 6,
                  "Recheck Cond": "(info_type_id > 105)",
                  "Rows Removed by Index Recheck": 0,
                  "Exact Heap Blocks": 2661,
                  "Lossy Heap Blocks": 0,
                  "Plans": [
                    {
                      "Node Type": "Bitmap Index Scan",
                      "Parent Relationship": "Outer",
                      "Parallel Aware": false,
                      "Index Name": "info_type_id_movie_info",
                      "Startup Cost": 0.0,
                      "Total Cost": 5541.16,
                      "Plan Rows": 309964,
                      "Plan Width": 0,
                      "Actual Startup Time": 24.895,
                      "Actual Total Time": 24.895,
                      "Actual Rows": 306788,
                      "Actual Loops": 1,
                      "Index Cond": "(info_type_id > 105)"
                    }
                  ]
                }
              ]
            }
          ]
        }
      ]
    },
    "Planning Time": 0.175,
    "Triggers": [],
    "Execution Time": 60.66
  }
]