[
  {
    "Plan": {
      "Node Type": "Aggregate",
      "Strategy": "Plain",
      "Partial Mode": "Finalize",
      "Parallel Aware": false,
      "Startup Cost": 101312.1,
      "Total Cost": 101312.11,
      "Plan Rows": 1,
      "Plan Width": 8,
      "Actual Startup Time": 831.579,
      "Actual Total Time": 854.038,
      "Actual Rows": 1,
      "Actual Loops": 1,
      "Plans": [
        {
          "Node Type": "Gather",
          "Parent Relationship": "Outer",
          "Parallel Aware": false,
          "Startup Cost": 101311.88,
          "Total Cost": 101312.09,
          "Plan Rows": 2,
          "Plan Width": 8,
          "Actual Startup Time": 820.033,
          "Actual Total Time": 854.027,
          "Actual Rows": 3,
          "Actual Loops": 1,
          "Workers Planned": 2,
          "Workers Launched": 2,
          "Single Copy": false,
          "Plans": [
            {
              "Node Type": "Aggregate",
              "Strategy": "Plain",
              "Partial Mode": "Partial",
              "Parent Relationship": "Outer",
              "Parallel Aware": false,
              "Startup Cost": 100311.88,
              "Total Cost": 100311.89,
              "Plan Rows": 1,
              "Plan Width": 8,
              "Actual Startup Time": 810.747,
              "Actual Total Time": 811.397,
              "Actual Rows": 1,
              "Actual Loops": 3,
              "Plans": [
                {
                  "Node Type": "Hash Join",
                  "Parent Relationship": "Outer",
                  "Parallel Aware": true,
                  "Join Type": "Inner",
                  "Startup Cost": 83438.69,
                  "Total Cost": 100172.41,
                  "Plan Rows": 55790,
                  "Plan Width": 0,
                  "Actual Startup Time": 691.755,
                  "Actual Total Time": 802.882,
                  "Actual Rows": 208302,
                  "Actual Loops": 3,
                  "Inner Unique": false,
                  "Hash Cond": "(mi_idx.movie_id = t.id)",
                  "Plans": [
                    {
                      "Node Type": "Seq Scan",
                      "Parent Relationship": "Outer",
                      "Parallel Aware": true,
                      "Relation Name": "movie_info_idx",
                      "Alias": "mi_idx",
                      "Startup Cost": 0.0,
                      "Total Cost": 15122.68,
                      "Plan Rows": 381618,
                      "Plan Width": 4,
                      "Actual Startup Time": 0.015,
                      "Actual Total Time": 46.908,
                      "Actual Rows": 306617,
                      "Actual Loops": 3,
                      "Filter": "(info_type_id < 101)",
                      "Rows Removed by Filter": 153395
                    },
                    {
                      "Node Type": "Hash",
                      "Parent Relationship": "Inner",
                      "Parallel Aware": true,
                      "Startup Cost": 81948.2,
                      "Total Cost": 81948.2,
                      "Plan Rows": 119239,
                      "Plan Width": 8,
                      "Actual Startup Time": 689.163,
                      "Actual Total Time": 689.811,
                      "Actual Rows": 225924,
                      "Actual Loops": 3,
                      "Hash Buckets": 1048576,
                      "Original Hash Buckets": 524288,
                      "Hash Batches": 1,
                      "Original Hash Batches": 1,
                      "Peak Memory Usage": 38848,
                      "Plans": [
                        {
                          "Node Type": "Hash Join",
                          "Parent Relationship": "Outer",
                          "Parallel Aware": true,
                          "Join Type": "Inner",
                          "Startup Cost": 50220.38,
                          "Total Cost": 81948.2,
                          "Plan Rows": 119239,
                          "Plan Width": 8,
                          "Actual Startup Time": 463.117,
                          "Actual Total Time": 614.632,
                          "Actual Rows": 225924,
                          "Actual Loops": 3,
                          "Inner Unique": true,
                          "Hash Cond": "(mc.movie_id = t.id)",
                          "Plans": [
                            {
                              "Node Type": "Seq Scan",
                              "Parent Relationship": "Outer",
                              "Parallel Aware": true,
                              "Relation Name": "movie_companies",
                              "Alias": "mc",
                              "Startup Cost": 0.0,
                              "Total Cost": 31414.82,
                              "Plan Rows": 119239,
                              "Plan Width": 4,
                              "Actual Startup Time": 38.856,
                              "Actual Total Time": 85.788,
                              "Actual Rows": 225924,
                              "Actual Loops": 3,
                              "Filter": "((company_id > 43037) AND (company_type_id = 2))",
                              "Rows Removed by Filter": 643786
                            },
                            {
                              "Node Type": "Hash",
                              "Parent Relationship": "Inner",
                              "Parallel Aware": true,
                              "Startup Cost": 42319.06,
                              "Total Cost": 42319.06,
                              "Plan Rows": 632106,
                              "Plan Width": 4,
                              "Actual Startup Time": 414.49,
                              "Actual Total Time": 414.492,
                              "Actual Rows": 842771,
                              "Actual Loops": 3,
                              "Hash Buckets": 4194304,
                              "Original Hash Buckets": 4194304,
                              "Hash Batches": 1,
                              "Original Hash Batches": 1,
                              "Peak Memory Usage": 131744,
                              "Plans": [
                                {
                                  "Node Type": "Seq Scan",
                                  "Parent Relationship": "Outer",
                                  "Parallel Aware": true,
                                  "Relation Name": "title",
                                  "Alias": "t",
                                  "Startup Cost": 0.0,
                                  "Total Cost": 42319.06,
                                  "Plan Rows": 632106,
                                  "Plan Width": 4,
                                  "Actual Startup Time": 0.04,
                                  "Actual Total Time": 117.853,
                                  "Actual Rows": 842771,
                                  "Actual Loops": 3
                                }
                              ]
                            }
                          ]
                        }
                      ]
                    }
                  ]
                }
              ]
            }
          ]
        }
      ]
    },
    "Planning Time": 0.75,
    "Triggers": [],
    "Execution Time": 854.079
  }
]