{
  "Plan": {
    "Node Type": "Aggregate",
    "Strategy": "Plain",
    "Partial Mode": "Finalize",
    "Parallel Aware": false,
    "Startup Cost": 1105474.7,
    "Total Cost": 1105474.71,
    "Plan Rows": 1,
    "Plan Width": 8,
    "Actual Startup Time": 14276.098,
    "Actual Total Time": 14375.3,
    "Actual Rows": 1,
    "Actual Loops": 1,
    "Plans": [
      {
        "Node Type": "Gather",
        "Parent Relationship": "Outer",
        "Parallel Aware": false,
        "Startup Cost": 1105474.59,
        "Total Cost": 1105474.7,
        "Plan Rows": 1,
        "Plan Width": 8,
        "Actual Startup Time": 14267.764,
        "Actual Total Time": 14375.29,
        "Actual Rows": 2,
        "Actual Loops": 1,
        "Workers Planned": 1,
        "Workers Launched": 1,
        "Single Copy": false,
        "Plans": [
          {
            "Node Type": "Aggregate",
            "Strategy": "Plain",
            "Partial Mode": "Partial",
            "Parent Relationship": "Outer",
            "Parallel Aware": false,
            "Startup Cost": 1104474.59,
            "Total Cost": 1104474.6,
            "Plan Rows": 1,
            "Plan Width": 8,
            "Actual Startup Time": 14257.23,
            "Actual Total Time": 14258.477,
            "Actual Rows": 1,
            "Actual Loops": 2,
            "Plans": [
              {
                "Node Type": "Hash Join",
                "Parent Relationship": "Outer",
                "Parallel Aware": true,
                "Join Type": "Inner",
                "Startup Cost": 684688.71,
                "Total Cost": 1072977.44,
                "Plan Rows": 12598859,
                "Plan Width": 0,
                "Actual Startup Time": 4355.536,
                "Actual Total Time": 12471.702,
                "Actual Rows": 45428178,
                "Actual Loops": 2,
                "Inner Unique": false,
                "Hash Cond": "(mi.movie_id = t.id)",
                "Plans": [
                  {
                    "Node Type": "Seq Scan",
                    "Parent Relationship": "Outer",
                    "Parallel Aware": true,
                    "Relation Name": "movie_info",
                    "Alias": "mi",
                    "Startup Cost": 0.0,
                    "Total Cost": 248955.74,
                    "Plan Rows": 8696274,
                    "Plan Width": 4,
                    "Actual Startup Time": 0.028,
                    "Actual Total Time": 710.883,
                    "Actual Rows": 7417860,
                    "Actual Loops": 2
                  },
                  {
                    "Node Type": "Hash",
                    "Parent Relationship": "Inner",
                    "Parallel Aware": true,
                    "Startup Cost": 657755.6,
                    "Total Cost": 657755.6,
                    "Plan Rows": 2154649,
                    "Plan Width": 8,
                    "Actual Startup Time": 4330.915,
                    "Actual Total Time": 4332.16,
                    "Actual Rows": 1662094,
                    "Actual Loops": 2,
                    "Hash Buckets": 4194304,
                    "Original Hash Buckets": 4194304,
                    "Hash Batches": 1,
                    "Original Hash Batches": 1,
                    "Peak Memory Usage": 162848,
                    "Plans": [
                      {
                        "Node Type": "Hash Join",
                        "Parent Relationship": "Outer",
                        "Parallel Aware": true,
                        "Join Type": "Inner",
                        "Startup Cost": 60444.23,
                        "Total Cost": 657755.6,
                        "Plan Rows": 2154649,
                        "Plan Width": 8,
                        "Actual Startup Time": 579.182,
                        "Actual Total Time": 3756.218,
                        "Actual Rows": 1662094,
                        "Actual Loops": 2,
                        "Inner Unique": true,
                        "Hash Cond": "(ci.movie_id = t.id)",
                        "Plans": [
                          {
                            "Node Type": "Seq Scan",
                            "Parent Relationship": "Outer",
                            "Parallel Aware": true,
                            "Relation Name": "cast_info",
                            "Alias": "ci",
                            "Startup Cost": 0.0,
                            "Total Cost": 572345.93,
                            "Plan Rows": 9510628,
                            "Plan Width": 4,
                            "Actual Startup Time": 341.368,
                            "Actual Total Time": 1775.718,
                            "Actual Rows": 7385472,
                            "Actual Loops": 2,
                            "Filter": "((person_id > 1151228) AND (role_id < 4))",
                            "Rows Removed by Filter": 10736700
                          },
                          {
                            "Node Type": "Hash",
                            "Parent Relationship": "Inner",
                            "Parallel Aware": true,
                            "Startup Cost": 56232.54,
                            "Total Cost": 56232.54,
                            "Plan Rows": 336935,
                            "Plan Width": 4,
                            "Actual Startup Time": 234.608,
                            "Actual Total Time": 234.61,
                            "Actual Rows": 298580,
                            "Actual Loops": 2,
                            "Hash Buckets": 1048576,
                            "Original Hash Buckets": 1048576,
                            "Hash Batches": 1,
                            "Original Hash Batches": 1,
                            "Peak Memory Usage": 31584,
                            "Plans": [
                              {
                                "Node Type": "Bitmap Heap Scan",
                                "Parent Relationship": "Outer",
                                "Parallel Aware": true,
                                "Relation Name": "title",
                                "Alias": "t",
                                "Startup Cost": 13582.15,
                                "Total Cost": 56232.54,
                                "Plan Rows": 336935,
                                "Plan Width": 4,
                                "Actual Startup Time": 32.946,
                                "Actual Total Time": 143.594,
                                "Actual Rows": 298580,
                                "Actual Loops": 2,
                                "Recheck Cond": "(kind_id < 3)",
                                "Rows Removed by Index Recheck": 0,
                                "Filter": "(production_year < 2010)",
                                "Rows Removed by Filter": 78258,
                                "Exact Heap Blocks": 24866,
                                "Lossy Heap Blocks": 0,
                                "Plans": [
                                  {
                                    "Node Type": "Bitmap Index Scan",
                                    "Parent Relationship": "Outer",
                                    "Parallel Aware": false,
                                    "Index Name": "kind_id_title",
                                    "Startup Cost": 0.0,
                                    "Total Cost": 13438.96,
                                    "Plan Rows": 753937,
                                    "Plan Width": 0,
                                    "Actual Startup Time": 27.335,
                                    "Actual Total Time": 27.336,
                                    "Actual Rows": 753677,
                                    "Actual Loops": 1,
                                    "Index Cond": "(kind_id < 3)"
                                  }
                                ]
                              }
                            ]
                          }
                        ]
                      }
                    ]
                  }
                ]
              }
            ]
          }
        ]
      }
    ]
  },
  "Planning Time": 0.891,
  "Triggers": [],
  "Execution Time": 14375.427
}