[
  {
    "Plan": {
      "Node Type": "Aggregate",
      "Strategy": "Plain",
      "Partial Mode": "Finalize",
      "Parallel Aware": false,
      "Startup Cost": 245824.05,
      "Total Cost": 245824.06,
      "Plan Rows": 1,
      "Plan Width": 8,
      "Actual Startup Time": 211.667,
      "Actual Total Time": 244.682,
      "Actual Rows": 1,
      "Actual Loops": 1,
      "Plans": [
        {
          "Node Type": "Gather",
          "Parent Relationship": "Outer",
          "Parallel Aware": false,
          "Startup Cost": 245823.63,
          "Total Cost": 245824.04,
          "Plan Rows": 4,
          "Plan Width": 8,
          "Actual Startup Time": 211.543,
          "Actual Total Time": 244.674,
          "Actual Rows": 5,
          "Actual Loops": 1,
          "Workers Planned": 4,
          "Workers Launched": 4,
          "Single Copy": false,
          "Plans": [
            {
              "Node Type": "Aggregate",
              "Strategy": "Plain",
              "Partial Mode": "Partial",
              "Parent Relationship": "Outer",
              "Parallel Aware": false,
              "Startup Cost": 244823.63,
              "Total Cost": 244823.64,
              "Plan Rows": 1,
              "Plan Width": 8,
              "Actual Startup Time": 204.505,
              "Actual Total Time": 204.507,
              "Actual Rows": 1,
              "Actual Loops": 5,
              "Plans": [
                {
                  "Node Type": "Nested Loop",
                  "Parent Relationship": "Outer",
                  "Parallel Aware": false,
                  "Join Type": "Inner",
                  "Startup Cost": 0.43,
                  "Total Cost": 244718.31,
                  "Plan Rows": 42128,
                  "Plan Width": 0,
                  "Actual Startup Time": 0.306,
                  "Actual Total Time": 200.917,
                  "Actual Rows": 58001,
                  "Actual Loops": 5,
                  "Inner Unique": false,
                  "Plans": [
                    {
                      "Node Type": "Seq Scan",
                      "Parent Relationship": "Outer",
                      "Parallel Aware": true,
                      "Relation Name": "title",
                      "Alias": "t",
                      "Startup Cost": 0.0,
                      "Total Cost": 45479.1,
                      "Plan Rows": 8369,
                      "Plan Width": 4,
                      "Actual Startup Time": 0.146,
                      "Actual Total Time": 66.427,
                      "Actual Rows": 5623,
                      "Actual Loops": 5,
                      "Filter": "((kind_id < 7) AND (production_year = 2004))",
                      "Rows Removed by Filter": 500040
                    },
                    {
                      "Node Type": "Index Scan",
                      "Parent Relationship": "Inner",
                      "Parallel Aware": false,
                      "Scan Direction": "Forward",
                      "Index Name": "movie_id_movie_info",
                      "Relation Name": "movie_info",
                      "Alias": "mi",
                      "Startup Cost": 0.43,
                      "Total Cost": 23.45,
                      "Plan Rows": 36,
                      "Plan Width": 4,
                      "Actual Startup Time": 0.009,
                      "Actual Total Time": 0.023,
                      "Actual Rows": 10,
                      "Actual Loops": 28113,
                      "Index Cond": "(movie_id = t.id)",
                      "Rows Removed by Index Recheck": 0,
                      "Filter": "(info_type_id > 2)",
                      "Rows Removed by Filter": 2
                    }
                  ]
                }
              ]
            }
          ]
        }
      ]
    },
    "Planning Time": 0.393,
    "Triggers": [],
    "Execution Time": 244.74
  }
]