[
  {
    "Plan": {
      "Node Type": "Aggregate",
      "Strategy": "Plain",
      "Partial Mode": "Finalize",
      "Parallel Aware": false,
      "Startup Cost": 394173.89,
      "Total Cost": 394173.9,
      "Plan Rows": 1,
      "Plan Width": 8,
      "Actual Startup Time": 884.483,
      "Actual Total Time": 935.699,
      "Actual Rows": 1,
      "Actual Loops": 1,
      "Plans": [
        {
          "Node Type": "Gather",
          "Parent Relationship": "Outer",
          "Parallel Aware": false,
          "Startup Cost": 394173.27,
          "Total Cost": 394173.88,
          "Plan Rows": 6,
          "Plan Width": 8,
          "Actual Startup Time": 877.302,
          "Actual Total Time": 935.677,
          "Actual Rows": 7,
          "Actual Loops": 1,
          "Workers Planned": 6,
          "Workers Launched": 6,
          "Single Copy": false,
          "Plans": [
            {
              "Node Type": "Aggregate",
              "Strategy": "Plain",
              "Partial Mode": "Partial",
              "Parent Relationship": "Outer",
              "Parallel Aware": false,
              "Startup Cost": 393173.27,
              "Total Cost": 393173.28,
              "Plan Rows": 1,
              "Plan Width": 8,
              "Actual Startup Time": 865.692,
              "Actual Total Time": 865.696,
              "Actual Rows": 1,
              "Actual Loops": 7,
              "Plans": [
                {
                  "Node Type": "Hash Join",
                  "Parent Relationship": "Outer",
                  "Parallel Aware": true,
                  "Join Type": "Inner",
                  "Startup Cost": 47854.6,
                  "Total Cost": 392526.82,
                  "Plan Rows": 258579,
                  "Plan Width": 0,
                  "Actual Startup Time": 403.566,
                  "Actual Total Time": 860.97,
                  "Actual Rows": 103026,
                  "Actual Loops": 7,
                  "Inner Unique": true,
                  "Hash Cond": "(ci.movie_id = t.id)",
                  "Plans": [
                    {
                      "Node Type": "Seq Scan",
                      "Parent Relationship": "Outer",
                      "Parallel Aware": true,
                      "Relation Name": "cast_info",
                      "Alias": "ci",
                      "Startup Cost": 0.0,
                      "Total Cost": 343316.27,
                      "Plan Rows": 516554,
                      "Plan Width": 4,
                      "Actual Startup Time": 232.998,
                      "Actual Total Time": 611.448,
                      "Actual Rows": 196016,
                      "Actual Loops": 7,
                      "Filter": "((person_id < 480151) AND (role_id > 1))",
                      "Rows Removed by Filter": 4981747
                    },
                    {
                      "Node Type": "Hash",
                      "Parent Relationship": "Inner",
                      "Parallel Aware": true,
                      "Startup Cost": 43899.32,
                      "Total Cost": 43899.32,
                      "Plan Rows": 316422,
                      "Plan Width": 4,
                      "Actual Startup Time": 166.903,
                      "Actual Total Time": 166.904,
                      "Actual Rows": 180042,
                      "Actual Loops": 7,
                      "Hash Buckets": 2097152,
                      "Original Hash Buckets": 2097152,
                      "Hash Batches": 1,
                      "Original Hash Batches": 1,
                      "Peak Memory Usage": 65792,
                      "Plans": [
                        {
                          "Node Type": "Seq Scan",
                          "Parent Relationship": "Outer",
                          "Parallel Aware": true,
                          "Relation Name": "title",
                          "Alias": "t",
                          "Startup Cost": 0.0,
                          "Total Cost": 43899.32,
                          "Plan Rows": 316422,
                          "Plan Width": 4,
                          "Actual Startup Time": 0.047,
                          "Actual Total Time": 79.668,
                          "Actual Rows": 180042,
                          "Actual Loops": 7,
                          "Filter": "(production_year > 2002)",
                          "Rows Removed by Filter": 181145
                        }
                      ]
                    }
                  ]
                }
              ]
            }
          ]
        }
      ]
    },
    "Planning Time": 0.304,
    "Triggers": [],
    "Execution Time": 935.75
  }
]