[
  {
    "Plan": {
      "Node Type": "Aggregate",
      "Strategy": "Plain",
      "Partial Mode": "Simple",
      "Parallel Aware": false,
      "Startup Cost": 26817.43,
      "Total Cost": 26817.44,
      "Plan Rows": 1,
      "Plan Width": 8,
      "Actual Startup Time": 42.732,
      "Actual Total Time": 42.732,
      "Actual Rows": 1,
      "Actual Loops": 1,
      "Plans": [
        {
          "Node Type": "Bitmap Heap Scan",
          "Parent Relationship": "Outer",
          "Parallel Aware": false,
          "Relation Name": "movie_keyword",
          "Alias": "mk",
          "Startup Cost": 863.4,
          "Total Cost": 26715.83,
          "Plan Rows": 40641,
          "Plan Width": 0,
          "Actual Startup Time": 13.426,
          "Actual Total Time": 39.453,
          "Actual Rows": 40953,
          "Actual Loops": 1,
          "Recheck Cond": "(keyword_id > 104125)",
          "Rows Removed by Index Recheck": 0,
          "Exact Heap Blocks": 10727,
          "Lossy Heap Blocks": 0,
          "Plans": [
            {
              "Node Type": "Bitmap Index Scan",
              "Parent Relationship": "Outer",
              "Parallel Aware": false,
              "Index Name": "keyword_id_movie_keyword",
              "Startup Cost": 0.0,
              "Total Cost": 853.24,
              "Plan Rows": 40641,
              "Plan Width": 0,
              "Actual Startup Time": 8.615,
              "Actual Total Time": 8.615,
              "Actual Rows": 40953,
              "Actual Loops": 1,
              "Index Cond": "(keyword_id > 104125)"
            }
          ]
        }
      ]
    },
    "Planning Time": 0.289,
    "Triggers": [],
    "Execution Time": 42.79
  }
]