[
  {
    "Plan": {
      "Node Type": "Aggregate",
      "Strategy": "Plain",
      "Partial Mode": "Finalize",
      "Parallel Aware": false,
      "Startup Cost": 74568.86,
      "Total Cost": 74568.87,
      "Plan Rows": 1,
      "Plan Width": 8,
      "Actual Startup Time": 219.661,
      "Actual Total Time": 237.462,
      "Actual Rows": 1,
      "Actual Loops": 1,
      "Plans": [
        {
          "Node Type": "Gather",
          "Parent Relationship": "Outer",
          "Parallel Aware": false,
          "Startup Cost": 74568.44,
          "Total Cost": 74568.85,
          "Plan Rows": 4,
          "Plan Width": 8,
          "Actual Startup Time": 218.749,
          "Actual Total Time": 237.452,
          "Actual Rows": 5,
          "Actual Loops": 1,
          "Workers Planned": 4,
          "Workers Launched": 4,
          "Single Copy": false,
          "Plans": [
            {
              "Node Type": "Aggregate",
              "Strategy": "Plain",
              "Partial Mode": "Partial",
              "Parent Relationship": "Outer",
              "Parallel Aware": false,
              "Startup Cost": 73568.44,
              "Total Cost": 73568.45,
              "Plan Rows": 1,
              "Plan Width": 8,
              "Actual Startup Time": 208.55,
              "Actual Total Time": 208.553,
              "Actual Rows": 1,
              "Actual Loops": 5,
              "Plans": [
                {
                  "Node Type": "Hash Join",
                  "Parent Relationship": "Outer",
                  "Parallel Aware": true,
                  "Join Type": "Inner",
                  "Startup Cost": 27153.17,
                  "Total Cost": 73543.23,
                  "Plan Rows": 10084,
                  "Plan Width": 0,
                  "Actual Startup Time": 98.03,
                  "Actual Total Time": 207.607,
                  "Actual Rows": 13297,
                  "Actual Loops": 5,
                  "Inner Unique": false,
                  "Hash Cond": "(t.id = mc.movie_id)",
                  "Plans": [
                    {
                      "Node Type": "Seq Scan",
                      "Parent Relationship": "Outer",
                      "Parallel Aware": true,
                      "Relation Name": "title",
                      "Alias": "t",
                      "Startup Cost": 0.0,
                      "Total Cost": 45479.1,
                      "Plan Rows": 175686,
                      "Plan Width": 4,
                      "Actual Startup Time": 0.013,
                      "Actual Total Time": 76.606,
                      "Actual Rows": 149986,
                      "Actual Loops": 5,
                      "Filter": "((kind_id < 7) AND (production_year < 2009))",
                      "Rows Removed by Filter": 355676
                    },
                    {
                      "Node Type": "Hash",
                      "Parent Relationship": "Inner",
                      "Parallel Aware": true,
                      "Startup Cost": 26568.04,
                      "Total Cost": 26568.04,
                      "Plan Rows": 46811,
                      "Plan Width": 4,
                      "Actual Startup Time": 96.062,
                      "Actual Total Time": 96.063,
                      "Actual Rows": 44877,
                      "Actual Loops": 5,
                      "Hash Buckets": 262144,
                      "Original Hash Buckets": 262144,
                      "Hash Batches": 1,
                      "Original Hash Batches": 1,
                      "Peak Memory Usage": 10944,
                      "Plans": [
                        {
                          "Node Type": "Bitmap Heap Scan",
                          "Parent Relationship": "Outer",
                          "Parallel Aware": true,
                          "Relation Name": "movie_companies",
                          "Alias": "mc",
                          "Startup Cost": 6351.63,
                          "Total Cost": 26568.04,
                          "Plan Rows": 46811,
                          "Plan Width": 4,
                          "Actual Startup Time": 28.099,
                          "Actual Total Time": 75.149,
                          "Actual Rows": 44877,
                          "Actual Loops": 5,
                          "Recheck Cond": "(company_id < 160)",
                          "Rows Removed by Index Recheck": 0,
                          "Filter": "(company_type_id < 2)",
                          "Rows Removed by Filter": 13699,
                          "Exact Heap Blocks": 5355,
                          "Lossy Heap Blocks": 0,
                          "Plans": [
                            {
                              "Node Type": "Bitmap Index Scan",
                              "Parent Relationship": "Outer",
                              "Parallel Aware": false,
                              "Index Name": "company_id_movie_companies",
                              "Startup Cost": 0.0,
                              "Total Cost": 6315.35,
                              "Plan Rows": 294790,
                              "Plan Width": 0,
                              "Actual Startup Time": 26.871,
                              "Actual Total Time": 26.872,
                              "Actual Rows": 292877,
                              "Actual Loops": 1,
                              "Index Cond": "(company_id < 160)"
                            }
                          ]
                        }
                      ]
                    }
                  ]
                }
              ]
            }
          ]
        }
      ]
    },
    "Planning Time": 0.623,
    "Triggers": [],
    "Execution Time": 237.562
  }
]