[
  {
    "Plan": {
      "Node Type": "Aggregate",
      "Strategy": "Plain",
      "Partial Mode": "Finalize",
      "Parallel Aware": false,
      "Startup Cost": 132653.53,
      "Total Cost": 132653.54,
      "Plan Rows": 1,
      "Plan Width": 8,
      "Actual Startup Time": 548.733,
      "Actual Total Time": 570.262,
      "Actual Rows": 1,
      "Actual Loops": 1,
      "Plans": [
        {
          "Node Type": "Gather",
          "Parent Relationship": "Outer",
          "Parallel Aware": false,
          "Startup Cost": 132653.21,
          "Total Cost": 132653.52,
          "Plan Rows": 3,
          "Plan Width": 8,
          "Actual Startup Time": 542.783,
          "Actual Total Time": 570.249,
          "Actual Rows": 4,
          "Actual Loops": 1,
          "Workers Planned": 3,
          "Workers Launched": 3,
          "Single Copy": false,
          "Plans": [
            {
              "Node Type": "Aggregate",
              "Strategy": "Plain",
              "Partial Mode": "Partial",
              "Parent Relationship": "Outer",
              "Parallel Aware": false,
              "Startup Cost": 131653.21,
              "Total Cost": 131653.22,
              "Plan Rows": 1,
              "Plan Width": 8,
              "Actual Startup Time": 536.459,
              "Actual Total Time": 536.717,
              "Actual Rows": 1,
              "Actual Loops": 4,
              "Plans": [
                {
                  "Node Type": "Hash Join",
                  "Parent Relationship": "Outer",
                  "Parallel Aware": true,
                  "Join Type": "Inner",
                  "Startup Cost": 82936.68,
                  "Total Cost": 131183.49,
                  "Plan Rows": 187888,
                  "Plan Width": 0,
                  "Actual Startup Time": 352.734,
                  "Actual Total Time": 533.452,
                  "Actual Rows": 78007,
                  "Actual Loops": 4,
                  "Inner Unique": false,
                  "Hash Cond": "(mk.movie_id = t.id)",
                  "Plans": [
                    {
                      "Node Type": "Seq Scan",
                      "Parent Relationship": "Outer",
                      "Parallel Aware": true,
                      "Relation Name": "movie_keyword",
                      "Alias": "mk",
                      "Startup Cost": 0.0,
                      "Total Cost": 42695.65,
                      "Plan Rows": 1318686,
                      "Plan Width": 4,
                      "Actual Startup Time": 0.079,
                      "Actual Total Time": 107.643,
                      "Actual Rows": 1021577,
                      "Actual Loops": 4,
                      "Filter": "(keyword_id > 337)",
                      "Rows Removed by Filter": 109405
                    },
                    {
                      "Node Type": "Hash",
                      "Parent Relationship": "Inner",
                      "Parallel Aware": true,
                      "Startup Cost": 81484.04,
                      "Total Cost": 81484.04,
                      "Plan Rows": 116211,
                      "Plan Width": 8,
                      "Actual Startup Time": 350.681,
                      "Actual Total Time": 350.937,
                      "Actual Rows": 41948,
                      "Actual Loops": 4,
                      "Hash Buckets": 524288,
                      "Original Hash Buckets": 524288,
                      "Hash Batches": 1,
                      "Original Hash Batches": 1,
                      "Peak Memory Usage": 10720,
                      "Plans": [
                        {
                          "Node Type": "Hash Join",
                          "Parent Relationship": "Outer",
                          "Parallel Aware": true,
                          "Join Type": "Inner",
                          "Startup Cost": 49464.34,
                          "Total Cost": 81484.04,
                          "Plan Rows": 116211,
                          "Plan Width": 8,
                          "Actual Startup Time": 262.422,
                          "Actual Total Time": 335.787,
                          "Actual Rows": 41948,
                          "Actual Loops": 4,
                          "Inner Unique": true,
                          "Hash Cond": "(mc.movie_id = t.id)",
                          "Plans": [
                            {
                              "Node Type": "Seq Scan",
                              "Parent Relationship": "Outer",
                              "Parallel Aware": true,
                              "Relation Name": "movie_companies",
                              "Alias": "mc",
                              "Startup Cost": 0.0,
                              "Total Cost": 31414.82,
                              "Plan Rows": 230433,
                              "Plan Width": 4,
                              "Actual Startup Time": 31.031,
                              "Actual Total Time": 62.36,
                              "Actual Rows": 112842,
                              "Actual Loops": 4,
                              "Filter": "((company_id < 12306) AND (company_type_id > 1))",
                              "Rows Removed by Filter": 539441
                            },
                            {
                              "Node Type": "Hash",
                              "Parent Relationship": "Inner",
                              "Parallel Aware": true,
                              "Startup Cost": 45479.59,
                              "Total Cost": 45479.59,
                              "Plan Rows": 318780,
                              "Plan Width": 4,
                              "Actual Startup Time": 227.969,
                              "Actual Total Time": 227.971,
                              "Actual Rows": 309199,
                              "Actual Loops": 4,
                              "Hash Buckets": 2097152,
                              "Original Hash Buckets": 2097152,
                              "Hash Batches": 1,
                              "Original Hash Batches": 1,
                              "Peak Memory Usage": 64832,
                              "Plans": [
                                {
                                  "Node Type": "Seq Scan",
                                  "Parent Relationship": "Outer",
                                  "Parallel Aware": true,
                                  "Relation Name": "title",
                                  "Alias": "t",
                                  "Startup Cost": 0.0,
                                  "Total Cost": 45479.59,
                                  "Plan Rows": 318780,
                                  "Plan Width": 4,
                                  "Actual Startup Time": 0.04,
                                  "Actual Total Time": 107.636,
                                  "Actual Rows": 309199,
                                  "Actual Loops": 4,
                                  "Filter": "((kind_id > 3) AND (production_year < 2010))",
                                  "Rows Removed by Filter": 322879
                                }
                              ]
                            }
                          ]
                        }
                      ]
                    }
                  ]
                }
              ]
            }
          ]
        }
      ]
    },
    "Planning Time": 0.452,
    "Triggers": [],
    "Execution Time": 570.313
  }
]