[
  {
    "Plan": {
      "Node Type": "Aggregate",
      "Strategy": "Plain",
      "Partial Mode": "Finalize",
      "Parallel Aware": false,
      "Startup Cost": 284346.24,
      "Total Cost": 284346.25,
      "Plan Rows": 1,
      "Plan Width": 8,
      "Actual Startup Time": 1702.43,
      "Actual Total Time": 1749.735,
      "Actual Rows": 1,
      "Actual Loops": 1,
      "Plans": [
        {
          "Node Type": "Gather",
          "Parent Relationship": "Outer",
          "Parallel Aware": false,
          "Startup Cost": 284345.71,
          "Total Cost": 284346.22,
          "Plan Rows": 5,
          "Plan Width": 8,
          "Actual Startup Time": 1691.462,
          "Actual Total Time": 1749.723,
          "Actual Rows": 6,
          "Actual Loops": 1,
          "Workers Planned": 5,
          "Workers Launched": 5,
          "Single Copy": false,
          "Plans": [
            {
              "Node Type": "Aggregate",
              "Strategy": "Plain",
              "Partial Mode": "Partial",
              "Parent Relationship": "Outer",
              "Parallel Aware": false,
              "Startup Cost": 283345.71,
              "Total Cost": 283345.72,
              "Plan Rows": 1,
              "Plan Width": 8,
              "Actual Startup Time": 1681.672,
              "Actual Total Time": 1681.9,
              "Actual Rows": 1,
              "Actual Loops": 6,
              "Plans": [
                {
                  "Node Type": "Hash Join",
                  "Parent Relationship": "Outer",
                  "Parallel Aware": true,
                  "Join Type": "Inner",
                  "Startup Cost": 78785.48,
                  "Total Cost": 282510.83,
                  "Plan Rows": 333955,
                  "Plan Width": 0,
                  "Actual Startup Time": 307.893,
                  "Actual Total Time": 1438.423,
                  "Actual Rows": 5467500,
                  "Actual Loops": 6,
                  "Inner Unique": false,
                  "Hash Cond": "(mi.movie_id = t.id)",
                  "Plans": [
                    {
                      "Node Type": "Seq Scan",
                      "Parent Relationship": "Outer",
                      "Parallel Aware": true,
                      "Relation Name": "movie_info",
                      "Alias": "mi",
                      "Startup Cost": 0.0,
                      "Total Cost": 191560.33,
                      "Plan Rows": 2956733,
                      "Plan Width": 4,
                      "Actual Startup Time": 0.018,
                      "Actual Total Time": 306.283,
                      "Actual Rows": 2472620,
                      "Actual Loops": 6
                    },
                    {
                      "Node Type": "Hash",
                      "Parent Relationship": "Inner",
                      "Parallel Aware": true,
                      "Startup Cost": 77634.01,
                      "Total Cost": 77634.01,
                      "Plan Rows": 92117,
                      "Plan Width": 8,
                      "Actual Startup Time": 304.327,
                      "Actual Total Time": 304.553,
                      "Actual Rows": 115707,
                      "Actual Loops": 6,
                      "Hash Buckets": 1048576,
                      "Original Hash Buckets": 524288,
                      "Hash Batches": 1,
                      "Original Hash Batches": 1,
                      "Peak Memory Usage": 39520,
                      "Plans": [
                        {
                          "Node Type": "Hash Join",
                          "Parent Relationship": "Outer",
                          "Parallel Aware": true,
                          "Join Type": "Inner",
                          "Startup Cost": 47235.75,
                          "Total Cost": 77634.01,
                          "Plan Rows": 92117,
                          "Plan Width": 8,
                          "Actual Startup Time": 142.181,
                          "Actual Total Time": 252.281,
                          "Actual Rows": 115707,
                          "Actual Loops": 6,
                          "Inner Unique": true,
                          "Hash Cond": "(mc.movie_id = t.id)",
                          "Plans": [
                            {
                              "Node Type": "Seq Scan",
                              "Parent Relationship": "Outer",
                              "Parallel Aware": true,
                              "Relation Name": "movie_companies",
                              "Alias": "mc",
                              "Startup Cost": 0.0,
                              "Total Cost": 29310.68,
                              "Plan Rows": 414318,
                              "Plan Width": 4,
                              "Actual Startup Time": 0.019,
                              "Actual Total Time": 56.239,
                              "Actual Rows": 212374,
                              "Actual Loops": 6,
                              "Filter": "(company_type_id = 1)",
                              "Rows Removed by Filter": 222480
                            },
                            {
                              "Node Type": "Hash",
                              "Parent Relationship": "Inner",
                              "Parallel Aware": true,
                              "Startup Cost": 45479.1,
                              "Total Cost": 45479.1,
                              "Plan Rows": 140532,
                              "Plan Width": 4,
                              "Actual Startup Time": 140.022,
                              "Actual Total Time": 140.023,
                              "Actual Rows": 106964,
                              "Actual Loops": 6,
                              "Hash Buckets": 1048576,
                              "Original Hash Buckets": 1048576,
                              "Hash Batches": 1,
                              "Original Hash Batches": 1,
                              "Peak Memory Usage": 33408,
                              "Plans": [
                                {
                                  "Node Type": "Seq Scan",
                                  "Parent Relationship": "Outer",
                                  "Parallel Aware": true,
                                  "Relation Name": "title",
                                  "Alias": "t",
                                  "Startup Cost": 0.0,
                                  "Total Cost": 45479.1,
                                  "Plan Rows": 140532,
                                  "Plan Width": 4,
                                  "Actual Startup Time": 0.059,
                                  "Actual Total Time": 89.244,
                                  "Actual Rows": 106964,
                                  "Actual Loops": 6,
                                  "Filter": "((kind_id < 7) AND (production_year < 2006))",
                                  "Rows Removed by Filter": 314421
                                }
                              ]
                            }
                          ]
                        }
                      ]
                    }
                  ]
                }
              ]
            }
          ]
        }
      ]
    },
    "Planning Time": 1.362,
    "Triggers": [],
    "Execution Time": 1749.82
  }
]