[
  {
    "Plan": {
      "Node Type": "Aggregate",
      "Strategy": "Plain",
      "Partial Mode": "Finalize",
      "Parallel Aware": false,
      "Startup Cost": 45041.11,
      "Total Cost": 45041.12,
      "Plan Rows": 1,
      "Plan Width": 8,
      "Actual Startup Time": 153.377,
      "Actual Total Time": 163.244,
      "Actual Rows": 1,
      "Actual Loops": 1,
      "Plans": [
        {
          "Node Type": "Gather",
          "Parent Relationship": "Outer",
          "Parallel Aware": false,
          "Startup Cost": 45040.79,
          "Total Cost": 45041.1,
          "Plan Rows": 3,
          "Plan Width": 8,
          "Actual Startup Time": 153.227,
          "Actual Total Time": 163.233,
          "Actual Rows": 4,
          "Actual Loops": 1,
          "Workers Planned": 3,
          "Workers Launched": 3,
          "Single Copy": false,
          "Plans": [
            {
              "Node Type": "Aggregate",
              "Strategy": "Plain",
              "Partial Mode": "Partial",
              "Parent Relationship": "Outer",
              "Parallel Aware": false,
              "Startup Cost": 44040.79,
              "Total Cost": 44040.8,
              "Plan Rows": 1,
              "Plan Width": 8,
              "Actual Startup Time": 146.233,
              "Actual Total Time": 146.234,
              "Actual Rows": 1,
              "Actual Loops": 4,
              "Plans": [
                {
                  "Node Type": "Seq Scan",
                  "Parent Relationship": "Outer",
                  "Parallel Aware": true,
                  "Relation Name": "movie_keyword",
                  "Alias": "mk",
                  "Startup Cost": 0.0,
                  "Total Cost": 42695.65,
                  "Plan Rows": 538056,
                  "Plan Width": 0,
                  "Actual Startup Time": 0.06,
                  "Actual Total Time": 122.975,
                  "Actual Rows": 421599,
                  "Actual Loops": 4,
                  "Filter": "(keyword_id < 2625)",
                  "Rows Removed by Filter": 709384
                }
              ]
            }
          ]
        }
      ]
    },
    "Planning Time": 0.182,
    "Triggers": [],
    "Execution Time": 163.299
  }
]