[
  {
    "Plan": {
      "Node Type": "Aggregate",
      "Strategy": "Plain",
      "Partial Mode": "Finalize",
      "Parallel Aware": false,
      "Startup Cost": 56808.41,
      "Total Cost": 56808.42,
      "Plan Rows": 1,
      "Plan Width": 8,
      "Actual Startup Time": 123.779,
      "Actual Total Time": 137.332,
      "Actual Rows": 1,
      "Actual Loops": 1,
      "Plans": [
        {
          "Node Type": "Gather",
          "Parent Relationship": "Outer",
          "Parallel Aware": false,
          "Startup Cost": 56807.99,
          "Total Cost": 56808.4,
          "Plan Rows": 4,
          "Plan Width": 8,
          "Actual Startup Time": 123.657,
          "Actual Total Time": 137.325,
          "Actual Rows": 5,
          "Actual Loops": 1,
          "Workers Planned": 4,
          "Workers Launched": 4,
          "Single Copy": false,
          "Plans": [
            {
              "Node Type": "Aggregate",
              "Strategy": "Plain",
              "Partial Mode": "Partial",
              "Parent Relationship": "Outer",
              "Parallel Aware": false,
              "Startup Cost": 55807.99,
              "Total Cost": 55808.0,
              "Plan Rows": 1,
              "Plan Width": 8,
              "Actual Startup Time": 115.752,
              "Actual Total Time": 115.754,
              "Actual Rows": 1,
              "Actual Loops": 5,
              "Plans": [
                {
                  "Node Type": "Nested Loop",
                  "Parent Relationship": "Outer",
                  "Parallel Aware": false,
                  "Join Type": "Inner",
                  "Startup Cost": 0.87,
                  "Total Cost": 55802.61,
                  "Plan Rows": 2153,
                  "Plan Width": 0,
                  "Actual Startup Time": 27.015,
                  "Actual Total Time": 113.849,
                  "Actual Rows": 43487,
                  "Actual Loops": 5,
                  "Inner Unique": false,
                  "Join Filter": "(t.id = mi.movie_id)",
                  "Rows Removed by Join Filter": 0,
                  "Plans": [
                    {
                      "Node Type": "Nested Loop",
                      "Parent Relationship": "Outer",
                      "Parallel Aware": false,
                      "Join Type": "Inner",
                      "Startup Cost": 0.43,
                      "Total Cost": 54814.5,
                      "Plan Rows": 368,
                      "Plan Width": 8,
                      "Actual Startup Time": 26.893,
                      "Actual Total Time": 89.369,
                      "Actual Rows": 700,
                      "Actual Loops": 5,
                      "Inner Unique": false,
                      "Plans": [
                        {
                          "Node Type": "Seq Scan",
                          "Parent Relationship": "Outer",
                          "Parallel Aware": true,
                          "Relation Name": "title",
                          "Alias": "t",
                          "Startup Cost": 0.0,
                          "Total Cost": 45479.1,
                          "Plan Rows": 1066,
                          "Plan Width": 4,
                          "Actual Startup Time": 0.966,
                          "Actual Total Time": 76.765,
                          "Actual Rows": 992,
                          "Actual Loops": 5,
                          "Filter": "((kind_id < 7) AND (production_year = 1964))",
                          "Rows Removed by Filter": 504670
                        },
                        {
                          "Node Type": "Index Scan",
                          "Parent Relationship": "Inner",
                          "Parallel Aware": false,
                          "Scan Direction": "Forward",
                          "Index Name": "movie_id_movie_keyword",
                          "Relation Name": "movie_keyword",
                          "Alias": "mk",
                          "Startup Cost": 0.43,
                          "Total Cost": 8.67,
                          "Plan Rows": 9,
                          "Plan Width": 4,
                          "Actual Startup Time": 0.012,
                          "Actual Total Time": 0.012,
                          "Actual Rows": 1,
                          "Actual Loops": 4962,
                          "Index Cond": "(movie_id = t.id)",
                          "Rows Removed by Index Recheck": 0,
                          "Filter": "(keyword_id > 21190)",
                          "Rows Removed by Filter": 3
                        }
                      ]
                    },
                    {
                      "Node Type": "Index Only Scan",
                      "Parent Relationship": "Inner",
                      "Parallel Aware": false,
                      "Scan Direction": "Forward",
                      "Index Name": "movie_id_movie_info",
                      "Relation Name": "movie_info",
                      "Alias": "mi",
                      "Startup Cost": 0.43,
                      "Total Cost": 2.16,
                      "Plan Rows": 42,
                      "Plan Width": 4,
                      "Actual Startup Time": 0.008,
                      "Actual Total Time": 0.029,
                      "Actual Rows": 62,
                      "Actual Loops": 3499,
                      "Index Cond": "(movie_id = mk.movie_id)",
                      "Rows Removed by Index Recheck": 0,
                      "Heap Fetches": 217434
                    }
                  ]
                }
              ]
            }
          ]
        }
      ]
    },
    "Planning Time": 0.863,
    "Triggers": [],
    "Execution Time": 137.393
  }
]