[
  {
    "Plan": {
      "Node Type": "Aggregate",
      "Strategy": "Plain",
      "Partial Mode": "Finalize",
      "Parallel Aware": false,
      "Startup Cost": 329638.78,
      "Total Cost": 329638.79,
      "Plan Rows": 1,
      "Plan Width": 8,
      "Actual Startup Time": 475.804,
      "Actual Total Time": 511.409,
      "Actual Rows": 1,
      "Actual Loops": 1,
      "Plans": [
        {
          "Node Type": "Gather",
          "Parent Relationship": "Outer",
          "Parallel Aware": false,
          "Startup Cost": 329638.15,
          "Total Cost": 329638.76,
          "Plan Rows": 6,
          "Plan Width": 8,
          "Actual Startup Time": 475.679,
          "Actual Total Time": 511.396,
          "Actual Rows": 7,
          "Actual Loops": 1,
          "Workers Planned": 6,
          "Workers Launched": 6,
          "Single Copy": false,
          "Plans": [
            {
              "Node Type": "Aggregate",
              "Strategy": "Plain",
              "Partial Mode": "Partial",
              "Parent Relationship": "Outer",
              "Parallel Aware": false,
              "Startup Cost": 328638.15,
              "Total Cost": 328638.16,
              "Plan Rows": 1,
              "Plan Width": 8,
              "Actual Startup Time": 468.43,
              "Actual Total Time": 468.431,
              "Actual Rows": 1,
              "Actual Loops": 7,
              "Plans": [
                {
                  "Node Type": "Index Scan",
                  "Parent Relationship": "Outer",
                  "Parallel Aware": true,
                  "Scan Direction": "Forward",
                  "Index Name": "role_id_cast_info",
                  "Relation Name": "cast_info",
                  "Alias": "ci",
                  "Startup Cost": 0.56,
                  "Total Cost": 325153.08,
                  "Plan Rows": 1394027,
                  "Plan Width": 0,
                  "Actual Startup Time": 0.126,
                  "Actual Total Time": 432.63,
                  "Actual Rows": 602762,
                  "Actual Loops": 7,
                  "Index Cond": "(role_id > 3)",
                  "Rows Removed by Index Recheck": 0,
                  "Filter": "(person_id < 2594998)",
                  "Rows Removed by Filter": 1127759
                }
              ]
            }
          ]
        }
      ]
    },
    "Planning Time": 0.111,
    "Triggers": [],
    "Execution Time": 511.452
  }
]