[
  {
    "Plan": {
      "Node Type": "Aggregate",
      "Strategy": "Plain",
      "Partial Mode": "Finalize",
      "Parallel Aware": false,
      "Startup Cost": 33198.89,
      "Total Cost": 33198.9,
      "Plan Rows": 1,
      "Plan Width": 8,
      "Actual Startup Time": 87.738,
      "Actual Total Time": 96.121,
      "Actual Rows": 1,
      "Actual Loops": 1,
      "Plans": [
        {
          "Node Type": "Gather",
          "Parent Relationship": "Outer",
          "Parallel Aware": false,
          "Startup Cost": 33198.57,
          "Total Cost": 33198.88,
          "Plan Rows": 3,
          "Plan Width": 8,
          "Actual Startup Time": 87.568,
          "Actual Total Time": 96.11,
          "Actual Rows": 4,
          "Actual Loops": 1,
          "Workers Planned": 3,
          "Workers Launched": 3,
          "Single Copy": false,
          "Plans": [
            {
              "Node Type": "Aggregate",
              "Strategy": "Plain",
              "Partial Mode": "Partial",
              "Parent Relationship": "Outer",
              "Parallel Aware": false,
              "Startup Cost": 32198.57,
              "Total Cost": 32198.58,
              "Plan Rows": 1,
              "Plan Width": 8,
              "Actual Startup Time": 83.461,
              "Actual Total Time": 83.462,
              "Actual Rows": 1,
              "Actual Loops": 4,
              "Plans": [
                {
                  "Node Type": "Seq Scan",
                  "Parent Relationship": "Outer",
                  "Parallel Aware": true,
                  "Relation Name": "movie_companies",
                  "Alias": "mc",
                  "Startup Cost": 0.0,
                  "Total Cost": 31414.82,
                  "Plan Rows": 313502,
                  "Plan Width": 0,
                  "Actual Startup Time": 0.475,
                  "Actual Total Time": 73.518,
                  "Actual Rows": 207481,
                  "Actual Loops": 4,
                  "Filter": "((company_id > 754) AND (company_type_id < 2))",
                  "Rows Removed by Filter": 444801
                }
              ]
            }
          ]
        }
      ]
    },
    "Planning Time": 0.228,
    "Triggers": [],
    "Execution Time": 96.177
  }
]