[
  {
    "Plan": {
      "Node Type": "Aggregate",
      "Strategy": "Plain",
      "Partial Mode": "Finalize",
      "Parallel Aware": false,
      "Startup Cost": 33204.96,
      "Total Cost": 33204.97,
      "Plan Rows": 1,
      "Plan Width": 8,
      "Actual Startup Time": 106.312,
      "Actual Total Time": 114.474,
      "Actual Rows": 1,
      "Actual Loops": 1,
      "Plans": [
        {
          "Node Type": "Gather",
          "Parent Relationship": "Outer",
          "Parallel Aware": false,
          "Startup Cost": 33204.64,
          "Total Cost": 33204.95,
          "Plan Rows": 3,
          "Plan Width": 8,
          "Actual Startup Time": 106.189,
          "Actual Total Time": 114.465,
          "Actual Rows": 4,
          "Actual Loops": 1,
          "Workers Planned": 3,
          "Workers Launched": 3,
          "Single Copy": false,
          "Plans": [
            {
              "Node Type": "Aggregate",
              "Strategy": "Plain",
              "Partial Mode": "Partial",
              "Parent Relationship": "Outer",
              "Parallel Aware": false,
              "Startup Cost": 32204.64,
              "Total Cost": 32204.65,
              "Plan Rows": 1,
              "Plan Width": 8,
              "Actual Startup Time": 96.983,
              "Actual Total Time": 96.984,
              "Actual Rows": 1,
              "Actual Loops": 4,
              "Plans": [
                {
                  "Node Type": "Seq Scan",
                  "Parent Relationship": "Outer",
                  "Parallel Aware": true,
                  "Relation Name": "movie_companies",
                  "Alias": "mc",
                  "Startup Cost": 0.0,
                  "Total Cost": 31414.82,
                  "Plan Rows": 315928,
                  "Plan Width": 0,
                  "Actual Startup Time": 0.507,
                  "Actual Total Time": 86.696,
                  "Actual Rows": 207481,
                  "Actual Loops": 4,
                  "Filter": "((company_id > 754) AND (company_type_id < 2))",
                  "Rows Removed by Filter": 444801
                }
              ]
            }
          ]
        }
      ]
    },
    "Planning Time": 0.198,
    "Triggers": [],
    "Execution Time": 114.54
  }
]