[
  {
    "Plan": {
      "Node Type": "Aggregate",
      "Strategy": "Plain",
      "Partial Mode": "Finalize",
      "Parallel Aware": false,
      "Startup Cost": 345831.18,
      "Total Cost": 345831.19,
      "Plan Rows": 1,
      "Plan Width": 8,
      "Actual Startup Time": 593.855,
      "Actual Total Time": 656.722,
      "Actual Rows": 1,
      "Actual Loops": 1,
      "Plans": [
        {
          "Node Type": "Gather",
          "Parent Relationship": "Outer",
          "Parallel Aware": false,
          "Startup Cost": 345830.55,
          "Total Cost": 345831.16,
          "Plan Rows": 6,
          "Plan Width": 8,
          "Actual Startup Time": 593.718,
          "Actual Total Time": 656.712,
          "Actual Rows": 7,
          "Actual Loops": 1,
          "Workers Planned": 6,
          "Workers Launched": 6,
          "Single Copy": false,
          "Plans": [
            {
              "Node Type": "Aggregate",
              "Strategy": "Plain",
              "Partial Mode": "Partial",
              "Parent Relationship": "Outer",
              "Parallel Aware": false,
              "Startup Cost": 344830.55,
              "Total Cost": 344830.57,
              "Plan Rows": 1,
              "Plan Width": 8,
              "Actual Startup Time": 583.051,
              "Actual Total Time": 583.052,
              "Actual Rows": 1,
              "Actual Loops": 7,
              "Plans": [
                {
                  "Node Type": "Seq Scan",
                  "Parent Relationship": "Outer",
                  "Parallel Aware": true,
                  "Relation Name": "cast_info",
                  "Alias": "ci",
                  "Startup Cost": 0.0,
                  "Total Cost": 343257.03,
                  "Plan Rows": 629410,
                  "Plan Width": 0,
                  "Actual Startup Time": 431.159,
                  "Actual Total Time": 576.812,
                  "Actual Rows": 153466,
                  "Actual Loops": 7,
                  "Filter": "((person_id > 3231680) AND (role_id < 8))",
                  "Rows Removed by Filter": 5024297
                }
              ]
            }
          ]
        }
      ]
    },
    "Planning Time": 0.202,
    "Triggers": [],
    "Execution Time": 656.789
  }
]