[
  {
    "Plan": {
      "Node Type": "Aggregate",
      "Strategy": "Plain",
      "Partial Mode": "Finalize",
      "Parallel Aware": false,
      "Startup Cost": 131868.26,
      "Total Cost": 131868.27,
      "Plan Rows": 1,
      "Plan Width": 8,
      "Actual Startup Time": 779.783,
      "Actual Total Time": 802.602,
      "Actual Rows": 1,
      "Actual Loops": 1,
      "Plans": [
        {
          "Node Type": "Gather",
          "Parent Relationship": "Outer",
          "Parallel Aware": false,
          "Startup Cost": 131867.94,
          "Total Cost": 131868.25,
          "Plan Rows": 3,
          "Plan Width": 8,
          "Actual Startup Time": 769.93,
          "Actual Total Time": 802.588,
          "Actual Rows": 4,
          "Actual Loops": 1,
          "Workers Planned": 3,
          "Workers Launched": 3,
          "Single Copy": false,
          "Plans": [
            {
              "Node Type": "Aggregate",
              "Strategy": "Plain",
              "Partial Mode": "Partial",
              "Parent Relationship": "Outer",
              "Parallel Aware": false,
              "Startup Cost": 130867.94,
              "Total Cost": 130867.95,
              "Plan Rows": 1,
              "Plan Width": 8,
              "Actual Startup Time": 762.973,
              "Actual Total Time": 763.378,
              "Actual Rows": 1,
              "Actual Loops": 4,
              "Plans": [
                {
                  "Node Type": "Hash Join",
                  "Parent Relationship": "Outer",
                  "Parallel Aware": true,
                  "Join Type": "Inner",
                  "Startup Cost": 83394.84,
                  "Total Cost": 129578.48,
                  "Plan Rows": 515785,
                  "Plan Width": 0,
                  "Actual Startup Time": 542.536,
                  "Actual Total Time": 753.384,
                  "Actual Rows": 223547,
                  "Actual Loops": 4,
                  "Inner Unique": false,
                  "Hash Cond": "(mk.movie_id = t.id)",
                  "Plans": [
                    {
                      "Node Type": "Seq Scan",
                      "Parent Relationship": "Outer",
                      "Parallel Aware": true,
                      "Relation Name": "movie_keyword",
                      "Alias": "mk",
                      "Startup Cost": 0.0,
                      "Total Cost": 39047.32,
                      "Plan Rows": 1459332,
                      "Plan Width": 4,
                      "Actual Startup Time": 0.037,
                      "Actual Total Time": 93.773,
                      "Actual Rows": 1130982,
                      "Actual Loops": 4
                    },
                    {
                      "Node Type": "Hash",
                      "Parent Relationship": "Inner",
                      "Parallel Aware": true,
                      "Startup Cost": 79791.44,
                      "Total Cost": 79791.44,
                      "Plan Rows": 288272,
                      "Plan Width": 8,
                      "Actual Startup Time": 539.46,
                      "Actual Total Time": 539.864,
                      "Actual Rows": 78470,
                      "Actual Loops": 4,
                      "Hash Buckets": 1048576,
                      "Original Hash Buckets": 1048576,
                      "Hash Batches": 1,
                      "Original Hash Batches": 1,
                      "Peak Memory Usage": 20512,
                      "Plans": [
                        {
                          "Node Type": "Hash Join",
                          "Parent Relationship": "Outer",
                          "Parallel Aware": true,
                          "Join Type": "Inner",
                          "Startup Cost": 48503.54,
                          "Total Cost": 79791.44,
                          "Plan Rows": 288272,
                          "Plan Width": 8,
                          "Actual Startup Time": 281.407,
                          "Actual Total Time": 504.512,
                          "Actual Rows": 78470,
                          "Actual Loops": 4,
                          "Inner Unique": true,
                          "Hash Cond": "(mc.movie_id = t.id)",
                          "Plans": [
                            {
                              "Node Type": "Seq Scan",
                              "Parent Relationship": "Outer",
                              "Parallel Aware": true,
                              "Relation Name": "movie_companies",
                              "Alias": "mc",
                              "Startup Cost": 0.0,
                              "Total Cost": 29310.68,
                              "Plan Rows": 753229,
                              "Plan Width": 4,
                              "Actual Startup Time": 0.075,
                              "Actual Total Time": 83.736,
                              "Actual Rows": 584584,
                              "Actual Loops": 4,
                              "Filter": "(company_id > 140)",
                              "Rows Removed by Filter": 67698
                            },
                            {
                              "Node Type": "Hash",
                              "Parent Relationship": "Inner",
                              "Parallel Aware": true,
                              "Startup Cost": 45479.59,
                              "Total Cost": 45479.59,
                              "Plan Rows": 241916,
                              "Plan Width": 4,
                              "Actual Startup Time": 279.282,
                              "Actual Total Time": 279.283,
                              "Actual Rows": 262548,
                              "Actual Loops": 4,
                              "Hash Buckets": 2097152,
                              "Original Hash Buckets": 1048576,
                              "Hash Batches": 1,
                              "Original Hash Batches": 1,
                              "Peak Memory Usage": 65728,
                              "Plans": [
                                {
                                  "Node Type": "Seq Scan",
                                  "Parent Relationship": "Outer",
                                  "Parallel Aware": true,
                                  "Relation Name": "title",
                                  "Alias": "t",
                                  "Startup Cost": 0.0,
                                  "Total Cost": 45479.59,
                                  "Plan Rows": 241916,
                                  "Plan Width": 4,
                                  "Actual Startup Time": 0.046,
                                  "Actual Total Time": 116.569,
                                  "Actual Rows": 262548,
                                  "Actual Loops": 4,
                                  "Filter": "((production_year > 1996) AND (kind_id = 7))",
                                  "Rows Removed by Filter": 369530
                                }
                              ]
                            }
                          ]
                        }
                      ]
                    }
                  ]
                }
              ]
            }
          ]
        }
      ]
    },
    "Planning Time": 0.474,
    "Triggers": [],
    "Execution Time": 802.659
  }
]