{
  "Plan": {
    "Node Type": "Aggregate",
    "Strategy": "Plain",
    "Partial Mode": "Finalize",
    "Parallel Aware": false,
    "Startup Cost": 82748.17,
    "Total Cost": 82748.18,
    "Plan Rows": 1,
    "Plan Width": 8,
    "Actual Startup Time": 474.52,
    "Actual Total Time": 489.774,
    "Actual Rows": 1,
    "Actual Loops": 1,
    "Plans": [
      {
        "Node Type": "Gather",
        "Parent Relationship": "Outer",
        "Parallel Aware": false,
        "Startup Cost": 82748.06,
        "Total Cost": 82748.17,
        "Plan Rows": 1,
        "Plan Width": 8,
        "Actual Startup Time": 472.499,
        "Actual Total Time": 489.765,
        "Actual Rows": 2,
        "Actual Loops": 1,
        "Workers Planned": 1,
        "Workers Launched": 1,
        "Single Copy": false,
        "Plans": [
          {
            "Node Type": "Aggregate",
            "Strategy": "Plain",
            "Partial Mode": "Partial",
            "Parent Relationship": "Outer",
            "Parallel Aware": false,
            "Startup Cost": 81748.06,
            "Total Cost": 81748.07,
            "Plan Rows": 1,
            "Plan Width": 8,
            "Actual Startup Time": 466.701,
            "Actual Total Time": 466.704,
            "Actual Rows": 1,
            "Actual Loops": 2,
            "Plans": [
              {
                "Node Type": "Hash Join",
                "Parent Relationship": "Outer",
                "Parallel Aware": true,
                "Join Type": "Inner",
                "Startup Cost": 63046.78,
                "Total Cost": 81230.57,
                "Plan Rows": 206995,
                "Plan Width": 0,
                "Actual Startup Time": 287.298,
                "Actual Total Time": 459.99,
                "Actual Rows": 121354,
                "Actual Loops": 2,
                "Inner Unique": true,
                "Hash Cond": "(mi_idx.movie_id = t.id)",
                "Plans": [
                  {
                    "Node Type": "Seq Scan",
                    "Parent Relationship": "Outer",
                    "Parallel Aware": true,
                    "Relation Name": "movie_info_idx",
                    "Alias": "mi_idx",
                    "Startup Cost": 0.0,
                    "Total Cost": 16052.85,
                    "Plan Rows": 811785,
                    "Plan Width": 4,
                    "Actual Startup Time": 0.021,
                    "Actual Total Time": 62.234,
                    "Actual Rows": 690018,
                    "Actual Loops": 2
                  },
                  {
                    "Node Type": "Hash",
                    "Parent Relationship": "Inner",
                    "Parallel Aware": true,
                    "Startup Cost": 58306.47,
                    "Total Cost": 58306.47,
                    "Plan Rows": 379225,
                    "Plan Width": 4,
                    "Actual Startup Time": 277.788,
                    "Actual Total Time": 277.789,
                    "Actual Rows": 265111,
                    "Actual Loops": 2,
                    "Hash Buckets": 1048576,
                    "Original Hash Buckets": 1048576,
                    "Hash Batches": 1,
                    "Original Hash Batches": 1,
                    "Peak Memory Usage": 28960,
                    "Plans": [
                      {
                        "Node Type": "Seq Scan",
                        "Parent Relationship": "Outer",
                        "Parallel Aware": true,
                        "Relation Name": "title",
                        "Alias": "t",
                        "Startup Cost": 0.0,
                        "Total Cost": 58306.47,
                        "Plan Rows": 379225,
                        "Plan Width": 4,
                        "Actual Startup Time": 0.038,
                        "Actual Total Time": 186.399,
                        "Actual Rows": 265111,
                        "Actual Loops": 2,
                        "Filter": "((kind_id > 2) AND (production_year < 1998))",
                        "Rows Removed by Filter": 999045
                      }
                    ]
                  }
                ]
              }
            ]
          }
        ]
      }
    ]
  },
  "Planning Time": 0.539,
  "Triggers": [],
  "Execution Time": 489.839
}