[
  {
    "Plan": {
      "Node Type": "Aggregate",
      "Strategy": "Plain",
      "Partial Mode": "Finalize",
      "Parallel Aware": false,
      "Startup Cost": 338945.18,
      "Total Cost": 338945.19,
      "Plan Rows": 1,
      "Plan Width": 8,
      "Actual Startup Time": 372.126,
      "Actual Total Time": 393.595,
      "Actual Rows": 1,
      "Actual Loops": 1,
      "Plans": [
        {
          "Node Type": "Gather",
          "Parent Relationship": "Outer",
          "Parallel Aware": false,
          "Startup Cost": 338944.56,
          "Total Cost": 338945.17,
          "Plan Rows": 6,
          "Plan Width": 8,
          "Actual Startup Time": 372.026,
          "Actual Total Time": 393.586,
          "Actual Rows": 7,
          "Actual Loops": 1,
          "Workers Planned": 6,
          "Workers Launched": 6,
          "Single Copy": false,
          "Plans": [
            {
              "Node Type": "Aggregate",
              "Strategy": "Plain",
              "Partial Mode": "Partial",
              "Parent Relationship": "Outer",
              "Parallel Aware": false,
              "Startup Cost": 337944.56,
              "Total Cost": 337944.57,
              "Plan Rows": 1,
              "Plan Width": 8,
              "Actual Startup Time": 362.041,
              "Actual Total Time": 362.042,
              "Actual Rows": 1,
              "Actual Loops": 7,
              "Plans": [
                {
                  "Node Type": "Index Scan",
                  "Parent Relationship": "Outer",
                  "Parallel Aware": true,
                  "Scan Direction": "Forward",
                  "Index Name": "role_id_cast_info",
                  "Relation Name": "cast_info",
                  "Alias": "ci",
                  "Startup Cost": 0.56,
                  "Total Cost": 335235.55,
                  "Plan Rows": 1083603,
                  "Plan Width": 0,
                  "Actual Startup Time": 357.598,
                  "Actual Total Time": 361.251,
                  "Actual Rows": 17486,
                  "Actual Loops": 7,
                  "Index Cond": "(role_id = 1)",
                  "Rows Removed by Index Recheck": 0,
                  "Filter": "(person_id > 1721869)",
                  "Rows Removed by Filter": 1792612
                }
              ]
            }
          ]
        }
      ]
    },
    "Planning Time": 0.238,
    "Triggers": [],
    "Execution Time": 393.662
  }
]