{
    "Plan": {
        "Node Type": "Aggregate",
        "Strategy": "Plain",
        "Partial Mode": "Finalize",
        "Parallel Aware": false,
        "Startup Cost": 9813.75,
        "Total Cost": 9813.76,
        "Plan Rows": 1,
        "Plan Width": 8,
        "Actual Startup Time": 44.19,
        "Actual Total Time": 49.415,
        "Actual Rows": 1,
        "Actual Loops": 1,
        "Output": [
            "count(*)"
        ],
        "Plans": [
            {
                "Node Type": "Gather",
                "Parent Relationship": "Outer",
                "Parallel Aware": false,
                "Startup Cost": 9813.43,
                "Total Cost": 9813.74,
                "Plan Rows": 3,
                "Plan Width": 8,
                "Actual Startup Time": 44.109,
                "Actual Total Time": 49.407,
                "Actual Rows": 4,
                "Actual Loops": 1,
                "Output": [
                    "(PARTIAL count(*))"
                ],
                "Workers Planned": 3,
                "Workers Launched": 3,
                "Single Copy": false,
                "Plans": [
                    {
                        "Node Type": "Aggregate",
                        "Strategy": "Plain",
                        "Partial Mode": "Partial",
                        "Parent Relationship": "Outer",
                        "Parallel Aware": false,
                        "Startup Cost": 8813.43,
                        "Total Cost": 8813.44,
                        "Plan Rows": 1,
                        "Plan Width": 8,
                        "Actual Startup Time": 37.155,
                        "Actual Total Time": 37.156,
                        "Actual Rows": 1,
                        "Actual Loops": 4,
                        "Output": [
                            "PARTIAL count(*)"
                        ],
                        "Workers": [
                            {
                                "Worker Number": 0,
                                "Actual Startup Time": 33.313,
                                "Actual Total Time": 33.314,
                                "Actual Rows": 1,
                                "Actual Loops": 1
                            },
                            {
                                "Worker Number": 1,
                                "Actual Startup Time": 33.618,
                                "Actual Total Time": 33.619,
                                "Actual Rows": 1,
                                "Actual Loops": 1
                            },
                            {
                                "Worker Number": 2,
                                "Actual Startup Time": 38.554,
                                "Actual Total Time": 38.555,
                                "Actual Rows": 1,
                                "Actual Loops": 1
                            }
                        ],
                        "Plans": [
                            {
                                "Node Type": "Index Scan",
                                "Parent Relationship": "Outer",
                                "Parallel Aware": true,
                                "Scan Direction": "Forward",
                                "Index Name": "role_id_cast_info",
                                "Relation Name": "cast_info",
                                "Schema": "public",
                                "Alias": "ci",
                                "Startup Cost": 0.56,
                                "Total Cost": 8709.54,
                                "Plan Rows": 41557,
                                "Plan Width": 0,
                                "Actual Startup Time": 0.287,
                                "Actual Total Time": 35.84,
                                "Actual Rows": 14909,
                                "Actual Loops": 4,
                                "Output": [
                                    "id",
                                    "person_id",
                                    "movie_id",
                                    "person_role_id",
                                    "note",
                                    "nr_order",
                                    "role_id"
                                ],
                                "Index Cond": "(ci.role_id > 10)",
                                "Rows Removed by Index Recheck": 0,
                                "Filter": "(ci.person_id < 1518863)",
                                "Rows Removed by Filter": 64121,
                                "Workers": [
                                    {
                                        "Worker Number": 0,
                                        "Actual Startup Time": 0.358,
                                        "Actual Total Time": 31.952,
                                        "Actual Rows": 11697,
                                        "Actual Loops": 1
                                    },
                                    {
                                        "Worker Number": 1,
                                        "Actual Startup Time": 0.167,
                                        "Actual Total Time": 32.488,
                                        "Actual Rows": 10283,
                                        "Actual Loops": 1
                                    },
                                    {
                                        "Worker Number": 2,
                                        "Actual Startup Time": 0.155,
                                        "Actual Total Time": 37.328,
                                        "Actual Rows": 19759,
                                        "Actual Loops": 1
                                    }
                                ]
                            }
                        ]
                    }
                ]
            }
        ]
    },
    "Planning Time": 1.832,
    "Triggers": [],
    "Execution Time": 49.661
}