[
  {
    "Plan": {
      "Node Type": "Aggregate",
      "Strategy": "Plain",
      "Partial Mode": "Finalize",
      "Parallel Aware": false,
      "Startup Cost": 446073.68,
      "Total Cost": 446073.69,
      "Plan Rows": 1,
      "Plan Width": 8,
      "Actual Startup Time": 4020.66,
      "Actual Total Time": 4068.645,
      "Actual Rows": 1,
      "Actual Loops": 1,
      "Plans": [
        {
          "Node Type": "Gather",
          "Parent Relationship": "Outer",
          "Parallel Aware": false,
          "Startup Cost": 446073.36,
          "Total Cost": 446073.67,
          "Plan Rows": 3,
          "Plan Width": 8,
          "Actual Startup Time": 3994.042,
          "Actual Total Time": 4068.635,
          "Actual Rows": 4,
          "Actual Loops": 1,
          "Workers Planned": 3,
          "Workers Launched": 3,
          "Single Copy": false,
          "Plans": [
            {
              "Node Type": "Aggregate",
              "Strategy": "Plain",
              "Partial Mode": "Partial",
              "Parent Relationship": "Outer",
              "Parallel Aware": false,
              "Startup Cost": 445073.36,
              "Total Cost": 445073.37,
              "Plan Rows": 1,
              "Plan Width": 8,
              "Actual Startup Time": 3977.681,
              "Actual Total Time": 3978.944,
              "Actual Rows": 1,
              "Actual Loops": 4,
              "Plans": [
                {
                  "Node Type": "Hash Join",
                  "Parent Relationship": "Outer",
                  "Parallel Aware": true,
                  "Join Type": "Inner",
                  "Startup Cost": 390778.28,
                  "Total Cost": 441340.32,
                  "Plan Rows": 1493214,
                  "Plan Width": 0,
                  "Actual Startup Time": 2497.938,
                  "Actual Total Time": 3559.285,
                  "Actual Rows": 11006001,
                  "Actual Loops": 4,
                  "Inner Unique": false,
                  "Hash Cond": "(mk.movie_id = t.id)",
                  "Plans": [
                    {
                      "Node Type": "Seq Scan",
                      "Parent Relationship": "Outer",
                      "Parallel Aware": true,
                      "Relation Name": "movie_keyword",
                      "Alias": "mk",
                      "Startup Cost": 0.0,
                      "Total Cost": 42695.65,
                      "Plan Rows": 1434055,
                      "Plan Width": 4,
                      "Actual Startup Time": 0.03,
                      "Actual Total Time": 110.315,
                      "Actual Rows": 1111666,
                      "Actual Loops": 4,
                      "Filter": "(keyword_id < 88660)",
                      "Rows Removed by Filter": 19317
                    },
                    {
                      "Node Type": "Hash",
                      "Parent Relationship": "Inner",
                      "Parallel Aware": true,
                      "Startup Cost": 385293.7,
                      "Total Cost": 385293.7,
                      "Plan Rows": 438766,
                      "Plan Width": 8,
                      "Actual Startup Time": 2486.756,
                      "Actual Total Time": 2488.015,
                      "Actual Rows": 1506461,
                      "Actual Loops": 4,
                      "Hash Buckets": 8388608,
                      "Original Hash Buckets": 4194304,
                      "Hash Batches": 1,
                      "Original Hash Batches": 1,
                      "Peak Memory Usage": 334112,
                      "Plans": [
                        {
                          "Node Type": "Hash Join",
                          "Parent Relationship": "Outer",
                          "Parallel Aware": true,
                          "Join Type": "Inner",
                          "Startup Cost": 47598.86,
                          "Total Cost": 385293.7,
                          "Plan Rows": 438766,
                          "Plan Width": 8,
                          "Actual Startup Time": 213.301,
                          "Actual Total Time": 1784.24,
                          "Actual Rows": 1506461,
                          "Actual Loops": 4,
                          "Inner Unique": true,
                          "Hash Cond": "(ci.movie_id = t.id)",
                          "Plans": [
                            {
                              "Node Type": "Index Scan",
                              "Parent Relationship": "Outer",
                              "Parallel Aware": true,
                              "Scan Direction": "Forward",
                              "Index Name": "role_id_cast_info",
                              "Relation Name": "cast_info",
                              "Alias": "ci",
                              "Startup Cost": 0.56,
                              "Total Cost": 335235.55,
                              "Plan Rows": 937090,
                              "Plan Width": 4,
                              "Actual Startup Time": 0.347,
                              "Actual Total Time": 594.906,
                              "Actual Rows": 2943437,
                              "Actual Loops": 4,
                              "Index Cond": "(role_id < 2)",
                              "Rows Removed by Index Recheck": 0,
                              "Filter": "(person_id < 1617206)",
                              "Rows Removed by Filter": 224235
                            },
                            {
                              "Node Type": "Hash",
                              "Parent Relationship": "Inner",
                              "Parallel Aware": true,
                              "Startup Cost": 43898.92,
                              "Total Cost": 43898.92,
                              "Plan Rows": 295950,
                              "Plan Width": 4,
                              "Actual Startup Time": 209.95,
                              "Actual Total Time": 209.951,
                              "Actual Rows": 298981,
                              "Actual Loops": 4,
                              "Hash Buckets": 2097152,
                              "Original Hash Buckets": 2097152,
                              "Hash Batches": 1,
                              "Original Hash Batches": 1,
                              "Peak Memory Usage": 63232,
                              "Plans": [
                                {
                                  "Node Type": "Seq Scan",
                                  "Parent Relationship": "Outer",
                                  "Parallel Aware": true,
                                  "Relation Name": "title",
                                  "Alias": "t",
                                  "Startup Cost": 0.0,
                                  "Total Cost": 43898.92,
                                  "Plan Rows": 295950,
                                  "Plan Width": 4,
                                  "Actual Startup Time": 0.056,
                                  "Actual Total Time": 103.934,
                                  "Actual Rows": 298981,
                                  "Actual Loops": 4,
                                  "Filter": "(production_year < 2003)",
                                  "Rows Removed by Filter": 333097
                                }
                              ]
                            }
                          ]
                        }
                      ]
                    }
                  ]
                }
              ]
            }
          ]
        }
      ]
    },
    "Planning Time": 1.369,
    "Triggers": [],
    "Execution Time": 4068.741
  }
]