[
  {
    "Plan": {
      "Node Type": "Aggregate",
      "Strategy": "Plain",
      "Partial Mode": "Finalize",
      "Parallel Aware": false,
      "Startup Cost": 44902.48,
      "Total Cost": 44902.49,
      "Plan Rows": 1,
      "Plan Width": 8,
      "Actual Startup Time": 88.685,
      "Actual Total Time": 100.99,
      "Actual Rows": 1,
      "Actual Loops": 1,
      "Plans": [
        {
          "Node Type": "Gather",
          "Parent Relationship": "Outer",
          "Parallel Aware": false,
          "Startup Cost": 44902.06,
          "Total Cost": 44902.47,
          "Plan Rows": 4,
          "Plan Width": 8,
          "Actual Startup Time": 88.517,
          "Actual Total Time": 100.976,
          "Actual Rows": 5,
          "Actual Loops": 1,
          "Workers Planned": 4,
          "Workers Launched": 4,
          "Single Copy": false,
          "Plans": [
            {
              "Node Type": "Aggregate",
              "Strategy": "Plain",
              "Partial Mode": "Partial",
              "Parent Relationship": "Outer",
              "Parallel Aware": false,
              "Startup Cost": 43902.06,
              "Total Cost": 43902.07,
              "Plan Rows": 1,
              "Plan Width": 8,
              "Actual Startup Time": 81.486,
              "Actual Total Time": 81.488,
              "Actual Rows": 1,
              "Actual Loops": 5,
              "Plans": [
                {
                  "Node Type": "Seq Scan",
                  "Parent Relationship": "Outer",
                  "Parallel Aware": true,
                  "Relation Name": "title",
                  "Alias": "t",
                  "Startup Cost": 0.0,
                  "Total Cost": 43899.32,
                  "Plan Rows": 1096,
                  "Plan Width": 0,
                  "Actual Startup Time": 48.205,
                  "Actual Total Time": 81.371,
                  "Actual Rows": 903,
                  "Actual Loops": 5,
                  "Filter": "(production_year = 1917)",
                  "Rows Removed by Filter": 504760
                }
              ]
            }
          ]
        }
      ]
    },
    "Planning Time": 0.151,
    "Triggers": [],
    "Execution Time": 101.047
  }
]