[
    {
        "Bao": {
            "Bao prediction": "NaN",
            "Bao recommended hint": "(no hint)"
        }
    },
    {
        "Plan": {
            "Node Type": "Aggregate",
            "Strategy": "Plain",
            "Partial Mode": "Finalize",
            "Parallel Aware": false,
            "Startup Cost": 361466.36,
            "Total Cost": 361466.37,
            "Plan Rows": 1,
            "Plan Width": 8,
            "Actual Startup Time": 2874.963,
            "Actual Total Time": 2925.897,
            "Actual Rows": 1,
            "Actual Loops": 1,
            "Output": [
                "count(*)"
            ],
            "Plans": [
                {
                    "Node Type": "Gather",
                    "Parent Relationship": "Outer",
                    "Parallel Aware": false,
                    "Startup Cost": 361465.84,
                    "Total Cost": 361466.35,
                    "Plan Rows": 5,
                    "Plan Width": 8,
                    "Actual Startup Time": 2870.724,
                    "Actual Total Time": 2925.889,
                    "Actual Rows": 6,
                    "Actual Loops": 1,
                    "Output": [
                        "(PARTIAL count(*))"
                    ],
                    "Workers Planned": 5,
                    "Workers Launched": 5,
                    "Single Copy": false,
                    "Plans": [
                        {
                            "Node Type": "Aggregate",
                            "Strategy": "Plain",
                            "Partial Mode": "Partial",
                            "Parent Relationship": "Outer",
                            "Parallel Aware": false,
                            "Startup Cost": 360465.84,
                            "Total Cost": 360465.85,
                            "Plan Rows": 1,
                            "Plan Width": 8,
                            "Actual Startup Time": 2860.792,
                            "Actual Total Time": 2860.795,
                            "Actual Rows": 1,
                            "Actual Loops": 6,
                            "Output": [
                                "PARTIAL count(*)"
                            ],
                            "Workers": [
                                {
                                    "Worker Number": 0,
                                    "Actual Startup Time": 2858.113,
                                    "Actual Total Time": 2858.116,
                                    "Actual Rows": 1,
                                    "Actual Loops": 1
                                },
                                {
                                    "Worker Number": 1,
                                    "Actual Startup Time": 2857.84,
                                    "Actual Total Time": 2857.843,
                                    "Actual Rows": 1,
                                    "Actual Loops": 1
                                },
                                {
                                    "Worker Number": 2,
                                    "Actual Startup Time": 2859.045,
                                    "Actual Total Time": 2859.048,
                                    "Actual Rows": 1,
                                    "Actual Loops": 1
                                },
                                {
                                    "Worker Number": 3,
                                    "Actual Startup Time": 2858.45,
                                    "Actual Total Time": 2858.452,
                                    "Actual Rows": 1,
                                    "Actual Loops": 1
                                },
                                {
                                    "Worker Number": 4,
                                    "Actual Startup Time": 2860.948,
                                    "Actual Total Time": 2860.95,
                                    "Actual Rows": 1,
                                    "Actual Loops": 1
                                }
                            ],
                            "Plans": [
                                {
                                    "Node Type": "Nested Loop",
                                    "Parent Relationship": "Outer",
                                    "Parallel Aware": false,
                                    "Join Type": "Inner",
                                    "Startup Cost": 81796.68,
                                    "Total Cost": 359547.59,
                                    "Plan Rows": 367299,
                                    "Plan Width": 0,
                                    "Actual Startup Time": 339.444,
                                    "Actual Total Time": 2802.91,
                                    "Actual Rows": 1083472,
                                    "Actual Loops": 6,
                                    "Inner Unique": false,
                                    "Workers": [
                                        {
                                            "Worker Number": 0,
                                            "Actual Startup Time": 358.361,
                                            "Actual Total Time": 2799.408,
                                            "Actual Rows": 1057399,
                                            "Actual Loops": 1
                                        },
                                        {
                                            "Worker Number": 1,
                                            "Actual Startup Time": 358.466,
                                            "Actual Total Time": 2799.253,
                                            "Actual Rows": 1027685,
                                            "Actual Loops": 1
                                        },
                                        {
                                            "Worker Number": 2,
                                            "Actual Startup Time": 358.417,
                                            "Actual Total Time": 2801.864,
                                            "Actual Rows": 1002189,
                                            "Actual Loops": 1
                                        },
                                        {
                                            "Worker Number": 3,
                                            "Actual Startup Time": 358.924,
                                            "Actual Total Time": 2795.138,
                                            "Actual Rows": 982018,
                                            "Actual Loops": 1
                                        },
                                        {
                                            "Worker Number": 4,
                                            "Actual Startup Time": 359.377,
                                            "Actual Total Time": 2806.972,
                                            "Actual Rows": 1175752,
                                            "Actual Loops": 1
                                        }
                                    ],
                                    "Plans": [
                                        {
                                            "Node Type": "Merge Join",
                                            "Parent Relationship": "Outer",
                                            "Parallel Aware": false,
                                            "Join Type": "Inner",
                                            "Startup Cost": 81796.12,
                                            "Total Cost": 176208.83,
                                            "Plan Rows": 89846,
                                            "Plan Width": 8,
                                            "Actual Startup Time": 339.158,
                                            "Actual Total Time": 688.244,
                                            "Actual Rows": 73584,
                                            "Actual Loops": 6,
                                            "Output": [
                                                "t.id",
                                                "mk.movie_id"
                                            ],
                                            "Inner Unique": false,
                                            "Merge Cond": "(t.id = mk.movie_id)",
                                            "Workers": [
                                                {
                                                    "Worker Number": 0,
                                                    "Actual Startup Time": 358.065,
                                                    "Actual Total Time": 686.14,
                                                    "Actual Rows": 71001,
                                                    "Actual Loops": 1
                                                },
                                                {
                                                    "Worker Number": 1,
                                                    "Actual Startup Time": 358.044,
                                                    "Actual Total Time": 674.714,
                                                    "Actual Rows": 70955,
                                                    "Actual Loops": 1
                                                },
                                                {
                                                    "Worker Number": 2,
                                                    "Actual Startup Time": 358.295,
                                                    "Actual Total Time": 672.964,
                                                    "Actual Rows": 68330,
                                                    "Actual Loops": 1
                                                },
                                                {
                                                    "Worker Number": 3,
                                                    "Actual Startup Time": 358.455,
                                                    "Actual Total Time": 686.721,
                                                    "Actual Rows": 61583,
                                                    "Actual Loops": 1
                                                },
                                                {
                                                    "Worker Number": 4,
                                                    "Actual Startup Time": 359.004,
                                                    "Actual Total Time": 685.807,
                                                    "Actual Rows": 79298,
                                                    "Actual Loops": 1
                                                }
                                            ],
                                            "Plans": [
                                                {
                                                    "Node Type": "Index Only Scan",
                                                    "Parent Relationship": "Outer",
                                                    "Parallel Aware": true,
                                                    "Scan Direction": "Forward",
                                                    "Index Name": "title_pkey",
                                                    "Relation Name": "title",
                                                    "Schema": "public",
                                                    "Alias": "t",
                                                    "Startup Cost": 0.43,
                                                    "Total Cost": 90115.52,
                                                    "Plan Rows": 505664,
                                                    "Plan Width": 4,
                                                    "Actual Startup Time": 0.145,
                                                    "Actual Total Time": 292.762,
                                                    "Actual Rows": 420996,
                                                    "Actual Loops": 6,
                                                    "Output": [
                                                        "t.id"
                                                    ],
                                                    "Heap Fetches": 2525977,
                                                    "Workers": [
                                                        {
                                                            "Worker Number": 0,
                                                            "Actual Startup Time": 0.184,
                                                            "Actual Total Time": 252.642,
                                                            "Actual Rows": 297142,
                                                            "Actual Loops": 1
                                                        },
                                                        {
                                                            "Worker Number": 1,
                                                            "Actual Startup Time": 0.164,
                                                            "Actual Total Time": 241.876,
                                                            "Actual Rows": 287558,
                                                            "Actual Loops": 1
                                                        },
                                                        {
                                                            "Worker Number": 2,
                                                            "Actual Startup Time": 0.157,
                                                            "Actual Total Time": 239.967,
                                                            "Actual Rows": 288367,
                                                            "Actual Loops": 1
                                                        },
                                                        {
                                                            "Worker Number": 3,
                                                            "Actual Startup Time": 0.142,
                                                            "Actual Total Time": 246.307,
                                                            "Actual Rows": 276077,
                                                            "Actual Loops": 1
                                                        },
                                                        {
                                                            "Worker Number": 4,
                                                            "Actual Startup Time": 0.2,
                                                            "Actual Total Time": 352.756,
                                                            "Actual Rows": 578712,
                                                            "Actual Loops": 1
                                                        }
                                                    ]
                                                },
                                                {
                                                    "Node Type": "Sort",
                                                    "Parent Relationship": "Inner",
                                                    "Parallel Aware": false,
                                                    "Startup Cost": 81775.27,
                                                    "Total Cost": 82898.34,
                                                    "Plan Rows": 449228,
                                                    "Plan Width": 4,
                                                    "Actual Startup Time": 309.165,
                                                    "Actual Total Time": 334.896,
                                                    "Actual Rows": 441504,
                                                    "Actual Loops": 6,
                                                    "Output": [
                                                        "mk.movie_id"
                                                    ],
                                                    "Sort Key": [
                                                        "mk.movie_id"
                                                    ],
                                                    "Sort Method": "quicksort",
                                                    "Sort Space Used": 32984,
                                                    "Sort Space Type": "Memory",
                                                    "Workers": [
                                                        {
                                                            "Worker Number": 0,
                                                            "Actual Startup Time": 348.372,
                                                            "Actual Total Time": 374.959,
                                                            "Actual Rows": 441504,
                                                            "Actual Loops": 1
                                                        },
                                                        {
                                                            "Worker Number": 1,
                                                            "Actual Startup Time": 348.263,
                                                            "Actual Total Time": 374.832,
                                                            "Actual Rows": 441504,
                                                            "Actual Loops": 1
                                                        },
                                                        {
                                                            "Worker Number": 2,
                                                            "Actual Startup Time": 347.888,
                                                            "Actual Total Time": 374.688,
                                                            "Actual Rows": 441504,
                                                            "Actual Loops": 1
                                                        },
                                                        {
                                                            "Worker Number": 3,
                                                            "Actual Startup Time": 349.323,
                                                            "Actual Total Time": 378.024,
                                                            "Actual Rows": 441504,
                                                            "Actual Loops": 1
                                                        },
                                                        {
                                                            "Worker Number": 4,
                                                            "Actual Startup Time": 251.162,
                                                            "Actual Total Time": 274.299,
                                                            "Actual Rows": 441504,
                                                            "Actual Loops": 1
                                                        }
                                                    ],
                                                    "Plans": [
                                                        {
                                                            "Node Type": "Bitmap Heap Scan",
                                                            "Parent Relationship": "Outer",
                                                            "Parallel Aware": false,
                                                            "Relation Name": "movie_keyword",
                                                            "Schema": "public",
                                                            "Alias": "mk",
                                                            "Startup Cost": 9529.95,
                                                            "Total Cost": 39599.3,
                                                            "Plan Rows": 449228,
                                                            "Plan Width": 4,
                                                            "Actual Startup Time": 61.32,
                                                            "Actual Total Time": 194.685,
                                                            "Actual Rows": 441504,
                                                            "Actual Loops": 6,
                                                            "Output": [
                                                                "mk.movie_id"
                                                            ],
                                                            "Recheck Cond": "(mk.keyword_id > 39992)",
                                                            "Rows Removed by Index Recheck": 0,
                                                            "Exact Heap Blocks": 22736,
                                                            "Lossy Heap Blocks": 0,
                                                            "Workers": [
                                                                {
                                                                    "Worker Number": 0,
                                                                    "Actual Startup Time": 70.742,
                                                                    "Actual Total Time": 219.45,
                                                                    "Actual Rows": 441504,
                                                                    "Actual Loops": 1
                                                                },
                                                                {
                                                                    "Worker Number": 1,
                                                                    "Actual Startup Time": 70.838,
                                                                    "Actual Total Time": 218.381,
                                                                    "Actual Rows": 441504,
                                                                    "Actual Loops": 1
                                                                },
                                                                {
                                                                    "Worker Number": 2,
                                                                    "Actual Startup Time": 66.456,
                                                                    "Actual Total Time": 218.472,
                                                                    "Actual Rows": 441504,
                                                                    "Actual Loops": 1
                                                                },
                                                                {
                                                                    "Worker Number": 3,
                                                                    "Actual Startup Time": 71.424,
                                                                    "Actual Total Time": 219.259,
                                                                    "Actual Rows": 441504,
                                                                    "Actual Loops": 1
                                                                },
                                                                {
                                                                    "Worker Number": 4,
                                                                    "Actual Startup Time": 59.458,
                                                                    "Actual Total Time": 169.039,
                                                                    "Actual Rows": 441504,
                                                                    "Actual Loops": 1
                                                                }
                                                            ],
                                                            "Plans": [
                                                                {
                                                                    "Node Type": "Bitmap Index Scan",
                                                                    "Parent Relationship": "Outer",
                                                                    "Parallel Aware": false,
                                                                    "Index Name": "keyword_id_movie_keyword",
                                                                    "Startup Cost": 0.0,
                                                                    "Total Cost": 9417.64,
                                                                    "Plan Rows": 449228,
                                                                    "Plan Width": 0,
                                                                    "Actual Startup Time": 57.374,
                                                                    "Actual Total Time": 57.374,
                                                                    "Actual Rows": 441504,
                                                                    "Actual Loops": 6,
                                                                    "Index Cond": "(mk.keyword_id > 39992)",
                                                                    "Workers": [
                                                                        {
                                                                            "Worker Number": 0,
                                                                            "Actual Startup Time": 66.239,
                                                                            "Actual Total Time": 66.24,
                                                                            "Actual Rows": 441504,
                                                                            "Actual Loops": 1
                                                                        },
                                                                        {
                                                                            "Worker Number": 1,
                                                                            "Actual Startup Time": 66.295,
                                                                            "Actual Total Time": 66.295,
                                                                            "Actual Rows": 441504,
                                                                            "Actual Loops": 1
                                                                        },
                                                                        {
                                                                            "Worker Number": 2,
                                                                            "Actual Startup Time": 61.96,
                                                                            "Actual Total Time": 61.961,
                                                                            "Actual Rows": 441504,
                                                                            "Actual Loops": 1
                                                                        },
                                                                        {
                                                                            "Worker Number": 3,
                                                                            "Actual Startup Time": 66.887,
                                                                            "Actual Total Time": 66.887,
                                                                            "Actual Rows": 441504,
                                                                            "Actual Loops": 1
                                                                        },
                                                                        {
                                                                            "Worker Number": 4,
                                                                            "Actual Startup Time": 56.62,
                                                                            "Actual Total Time": 56.621,
                                                                            "Actual Rows": 441504,
                                                                            "Actual Loops": 1
                                                                        }
                                                                    ]
                                                                }
                                                            ]
                                                        }
                                                    ]
                                                }
                                            ]
                                        },
                                        {
                                            "Node Type": "Index Scan",
                                            "Parent Relationship": "Inner",
                                            "Parallel Aware": false,
                                            "Scan Direction": "Forward",
                                            "Index Name": "movie_id_cast_info",
                                            "Relation Name": "cast_info",
                                            "Schema": "public",
                                            "Alias": "ci",
                                            "Startup Cost": 0.56,
                                            "Total Cost": 1.93,
                                            "Plan Rows": 11,
                                            "Plan Width": 4,
                                            "Actual Startup Time": 0.017,
                                            "Actual Total Time": 0.027,
                                            "Actual Rows": 15,
                                            "Actual Loops": 441504,
                                            "Output": [
                                                "ci.id",
                                                "ci.person_id",
                                                "ci.movie_id",
                                                "ci.person_role_id",
                                                "ci.note",
                                                "ci.nr_order",
                                                "ci.role_id"
                                            ],
                                            "Index Cond": "(ci.movie_id = t.id)",
                                            "Rows Removed by Index Recheck": 0,
                                            "Filter": "(ci.person_id > 2673992)",
                                            "Rows Removed by Filter": 34,
                                            "Workers": [
                                                {
                                                    "Worker Number": 0,
                                                    "Actual Startup Time": 0.017,
                                                    "Actual Total Time": 0.028,
                                                    "Actual Rows": 15,
                                                    "Actual Loops": 71001
                                                },
                                                {
                                                    "Worker Number": 1,
                                                    "Actual Startup Time": 0.018,
                                                    "Actual Total Time": 0.029,
                                                    "Actual Rows": 14,
                                                    "Actual Loops": 70955
                                                },
                                                {
                                                    "Worker Number": 2,
                                                    "Actual Startup Time": 0.018,
                                                    "Actual Total Time": 0.03,
                                                    "Actual Rows": 15,
                                                    "Actual Loops": 68330
                                                },
                                                {
                                                    "Worker Number": 3,
                                                    "Actual Startup Time": 0.02,
                                                    "Actual Total Time": 0.032,
                                                    "Actual Rows": 16,
                                                    "Actual Loops": 61583
                                                },
                                                {
                                                    "Worker Number": 4,
                                                    "Actual Startup Time": 0.016,
                                                    "Actual Total Time": 0.026,
                                                    "Actual Rows": 15,
                                                    "Actual Loops": 79298
                                                }
                                            ]
                                        }
                                    ]
                                }
                            ]
                        }
                    ]
                }
            ]
        },
        "Planning Time": 183.587,
        "Triggers": [],
        "Execution Time": 2931.67
    }
]