[
  {
    "Plan": {
      "Node Type": "Aggregate",
      "Strategy": "Plain",
      "Partial Mode": "Simple",
      "Parallel Aware": false,
      "Startup Cost": 20921.24,
      "Total Cost": 20921.25,
      "Plan Rows": 1,
      "Plan Width": 8,
      "Actual Startup Time": 18.152,
      "Actual Total Time": 18.153,
      "Actual Rows": 1,
      "Actual Loops": 1,
      "Plans": [
        {
          "Node Type": "Bitmap Heap Scan",
          "Parent Relationship": "Outer",
          "Parallel Aware": false,
          "Relation Name": "movie_companies",
          "Alias": "mc",
          "Startup Cost": 1214.17,
          "Total Cost": 20849.26,
          "Plan Rows": 28793,
          "Plan Width": 0,
          "Actual Startup Time": 2.719,
          "Actual Total Time": 15.64,
          "Actual Rows": 55553,
          "Actual Loops": 1,
          "Recheck Cond": "(company_id > 187134)",
          "Rows Removed by Index Recheck": 0,
          "Filter": "(company_type_id > 1)",
          "Rows Removed by Filter": 0,
          "Exact Heap Blocks": 2029,
          "Lossy Heap Blocks": 0,
          "Plans": [
            {
              "Node Type": "Bitmap Index Scan",
              "Parent Relationship": "Outer",
              "Parallel Aware": false,
              "Index Name": "company_id_movie_companies",
              "Startup Cost": 0.0,
              "Total Cost": 1206.97,
              "Plan Rows": 56339,
              "Plan Width": 0,
              "Actual Startup Time": 2.446,
              "Actual Total Time": 2.446,
              "Actual Rows": 55553,
              "Actual Loops": 1,
              "Index Cond": "(company_id > 187134)"
            }
          ]
        }
      ]
    },
    "Planning Time": 0.103,
    "Triggers": [],
    "Execution Time": 18.182
  }
]