[
  {
    "Plan": {
      "Node Type": "Aggregate",
      "Strategy": "Plain",
      "Partial Mode": "Finalize",
      "Parallel Aware": false,
      "Startup Cost": 30707.83,
      "Total Cost": 30707.84,
      "Plan Rows": 1,
      "Plan Width": 8,
      "Actual Startup Time": 67.319,
      "Actual Total Time": 74.92,
      "Actual Rows": 1,
      "Actual Loops": 1,
      "Plans": [
        {
          "Node Type": "Gather",
          "Parent Relationship": "Outer",
          "Parallel Aware": false,
          "Startup Cost": 30707.52,
          "Total Cost": 30707.83,
          "Plan Rows": 3,
          "Plan Width": 8,
          "Actual Startup Time": 67.222,
          "Actual Total Time": 74.913,
          "Actual Rows": 4,
          "Actual Loops": 1,
          "Workers Planned": 3,
          "Workers Launched": 3,
          "Single Copy": false,
          "Plans": [
            {
              "Node Type": "Aggregate",
              "Strategy": "Plain",
              "Partial Mode": "Partial",
              "Parent Relationship": "Outer",
              "Parallel Aware": false,
              "Startup Cost": 29707.52,
              "Total Cost": 29707.53,
              "Plan Rows": 1,
              "Plan Width": 8,
              "Actual Startup Time": 64.12,
              "Actual Total Time": 64.121,
              "Actual Rows": 1,
              "Actual Loops": 4,
              "Plans": [
                {
                  "Node Type": "Seq Scan",
                  "Parent Relationship": "Outer",
                  "Parallel Aware": true,
                  "Relation Name": "movie_companies",
                  "Alias": "mc",
                  "Startup Cost": 0.0,
                  "Total Cost": 29310.68,
                  "Plan Rows": 158734,
                  "Plan Width": 0,
                  "Actual Startup Time": 0.025,
                  "Actual Total Time": 58.66,
                  "Actual Rows": 121347,
                  "Actual Loops": 4,
                  "Filter": "(company_id < 425)",
                  "Rows Removed by Filter": 530936
                }
              ]
            }
          ]
        }
      ]
    },
    "Planning Time": 0.079,
    "Triggers": [],
    "Execution Time": 74.945
  }
]