[
  {
    "Plan": {
      "Node Type": "Aggregate",
      "Strategy": "Plain",
      "Partial Mode": "Finalize",
      "Parallel Aware": false,
      "Startup Cost": 30704.79,
      "Total Cost": 30704.8,
      "Plan Rows": 1,
      "Plan Width": 8,
      "Actual Startup Time": 92.182,
      "Actual Total Time": 99.611,
      "Actual Rows": 1,
      "Actual Loops": 1,
      "Plans": [
        {
          "Node Type": "Gather",
          "Parent Relationship": "Outer",
          "Parallel Aware": false,
          "Startup Cost": 30704.47,
          "Total Cost": 30704.78,
          "Plan Rows": 3,
          "Plan Width": 8,
          "Actual Startup Time": 92.089,
          "Actual Total Time": 99.603,
          "Actual Rows": 4,
          "Actual Loops": 1,
          "Workers Planned": 3,
          "Workers Launched": 3,
          "Single Copy": false,
          "Plans": [
            {
              "Node Type": "Aggregate",
              "Strategy": "Plain",
              "Partial Mode": "Partial",
              "Parent Relationship": "Outer",
              "Parallel Aware": false,
              "Startup Cost": 29704.47,
              "Total Cost": 29704.48,
              "Plan Rows": 1,
              "Plan Width": 8,
              "Actual Startup Time": 84.663,
              "Actual Total Time": 84.664,
              "Actual Rows": 1,
              "Actual Loops": 4,
              "Plans": [
                {
                  "Node Type": "Seq Scan",
                  "Parent Relationship": "Outer",
                  "Parallel Aware": true,
                  "Relation Name": "movie_companies",
                  "Alias": "mc",
                  "Startup Cost": 0.0,
                  "Total Cost": 29310.68,
                  "Plan Rows": 157515,
                  "Plan Width": 0,
                  "Actual Startup Time": 0.043,
                  "Actual Total Time": 75.629,
                  "Actual Rows": 121347,
                  "Actual Loops": 4,
                  "Filter": "(company_id < 425)",
                  "Rows Removed by Filter": 530936
                }
              ]
            }
          ]
        }
      ]
    },
    "Planning Time": 0.187,
    "Triggers": [],
    "Execution Time": 99.664
  }
]