[
  {
    "Plan": {
      "Node Type": "Aggregate",
      "Strategy": "Plain",
      "Partial Mode": "Finalize",
      "Parallel Aware": false,
      "Startup Cost": 39824.58,
      "Total Cost": 39824.59,
      "Plan Rows": 1,
      "Plan Width": 8,
      "Actual Startup Time": 66.369,
      "Actual Total Time": 75.795,
      "Actual Rows": 1,
      "Actual Loops": 1,
      "Plans": [
        {
          "Node Type": "Gather",
          "Parent Relationship": "Outer",
          "Parallel Aware": false,
          "Startup Cost": 39824.36,
          "Total Cost": 39824.57,
          "Plan Rows": 2,
          "Plan Width": 8,
          "Actual Startup Time": 66.251,
          "Actual Total Time": 75.788,
          "Actual Rows": 3,
          "Actual Loops": 1,
          "Workers Planned": 2,
          "Workers Launched": 2,
          "Single Copy": false,
          "Plans": [
            {
              "Node Type": "Aggregate",
              "Strategy": "Plain",
              "Partial Mode": "Partial",
              "Parent Relationship": "Outer",
              "Parallel Aware": false,
              "Startup Cost": 38824.36,
              "Total Cost": 38824.37,
              "Plan Rows": 1,
              "Plan Width": 8,
              "Actual Startup Time": 57.982,
              "Actual Total Time": 57.983,
              "Actual Rows": 1,
              "Actual Loops": 3,
              "Plans": [
                {
                  "Node Type": "Nested Loop",
                  "Parent Relationship": "Outer",
                  "Parallel Aware": false,
                  "Join Type": "Inner",
                  "Startup Cost": 246.95,
                  "Total Cost": 38779.22,
                  "Plan Rows": 18058,
                  "Plan Width": 0,
                  "Actual Startup Time": 1.799,
                  "Actual Total Time": 57.125,
                  "Actual Rows": 8164,
                  "Actual Loops": 3,
                  "Inner Unique": false,
                  "Plans": [
                    {
                      "Node Type": "Nested Loop",
                      "Parent Relationship": "Outer",
                      "Parallel Aware": false,
                      "Join Type": "Inner",
                      "Startup Cost": 246.38,
                      "Total Cost": 33922.73,
                      "Plan Rows": 2301,
                      "Plan Width": 8,
                      "Actual Startup Time": 1.603,
                      "Actual Total Time": 9.398,
                      "Actual Rows": 804,
                      "Actual Loops": 3,
                      "Inner Unique": true,
                      "Plans": [
                        {
                          "Node Type": "Bitmap Heap Scan",
                          "Parent Relationship": "Outer",
                          "Parallel Aware": true,
                          "Relation Name": "movie_companies",
                          "Alias": "mc",
                          "Startup Cost": 245.95,
                          "Total Cost": 17299.73,
                          "Plan Rows": 2301,
                          "Plan Width": 4,
                          "Actual Startup Time": 1.419,
                          "Actual Total Time": 3.643,
                          "Actual Rows": 804,
                          "Actual Loops": 3,
                          "Recheck Cond": "(company_id = 11)",
                          "Rows Removed by Index Recheck": 0,
                          "Filter": "(company_type_id < 2)",
                          "Rows Removed by Filter": 2752,
                          "Exact Heap Blocks": 902,
                          "Lossy Heap Blocks": 0,
                          "Plans": [
                            {
                              "Node Type": "Bitmap Index Scan",
                              "Parent Relationship": "Outer",
                              "Parallel Aware": false,
                              "Index Name": "company_id_movie_companies",
                              "Startup Cost": 0.0,
                              "Total Cost": 244.57,
                              "Plan Rows": 11219,
                              "Plan Width": 0,
                              "Actual Startup Time": 3.336,
                              "Actual Total Time": 3.336,
                              "Actual Rows": 10667,
                              "Actual Loops": 1,
                              "Index Cond": "(company_id = 11)"
                            }
                          ]
                        },
                        {
                          "Node Type": "Index Only Scan",
                          "Parent Relationship": "Inner",
                          "Parallel Aware": false,
                          "Scan Direction": "Forward",
                          "Index Name": "title_pkey",
                          "Relation Name": "title",
                          "Alias": "t",
                          "Startup Cost": 0.43,
                          "Total Cost": 7.22,
                          "Plan Rows": 1,
                          "Plan Width": 4,
                          "Actual Startup Time": 0.007,
                          "Actual Total Time": 0.007,
                          "Actual Rows": 1,
                          "Actual Loops": 2411,
                          "Index Cond": "(id = mc.movie_id)",
                          "Rows Removed by Index Recheck": 0,
                          "Heap Fetches": 2411
                        }
                      ]
                    },
                    {
                      "Node Type": "Index Scan",
                      "Parent Relationship": "Inner",
                      "Parallel Aware": false,
                      "Scan Direction": "Forward",
                      "Index Name": "movie_id_cast_info",
                      "Relation Name": "cast_info",
                      "Alias": "ci",
                      "Startup Cost": 0.56,
                      "Total Cost": 1.91,
                      "Plan Rows": 20,
                      "Plan Width": 4,
                      "Actual Startup Time": 0.009,
                      "Actual Total Time": 0.058,
                      "Actual Rows": 10,
                      "Actual Loops": 2411,
                      "Index Cond": "(movie_id = t.id)",
                      "Rows Removed by Index Recheck": 0,
                      "Filter": "(role_id < 3)",
                      "Rows Removed by Filter": 14
                    }
                  ]
                }
              ]
            }
          ]
        }
      ]
    },
    "Planning Time": 1.392,
    "Triggers": [],
    "Execution Time": 75.907
  }
]