[
  {
    "Plan": {
      "Node Type": "Aggregate",
      "Strategy": "Plain",
      "Partial Mode": "Finalize",
      "Parallel Aware": false,
      "Startup Cost": 47011.07,
      "Total Cost": 47011.08,
      "Plan Rows": 1,
      "Plan Width": 8,
      "Actual Startup Time": 149.403,
      "Actual Total Time": 157.853,
      "Actual Rows": 1,
      "Actual Loops": 1,
      "Plans": [
        {
          "Node Type": "Gather",
          "Parent Relationship": "Outer",
          "Parallel Aware": false,
          "Startup Cost": 47010.75,
          "Total Cost": 47011.06,
          "Plan Rows": 3,
          "Plan Width": 8,
          "Actual Startup Time": 149.303,
          "Actual Total Time": 157.845,
          "Actual Rows": 4,
          "Actual Loops": 1,
          "Workers Planned": 3,
          "Workers Launched": 3,
          "Single Copy": false,
          "Plans": [
            {
              "Node Type": "Aggregate",
              "Strategy": "Plain",
              "Partial Mode": "Partial",
              "Parent Relationship": "Outer",
              "Parallel Aware": false,
              "Startup Cost": 46010.75,
              "Total Cost": 46010.76,
              "Plan Rows": 1,
              "Plan Width": 8,
              "Actual Startup Time": 146.122,
              "Actual Total Time": 146.123,
              "Actual Rows": 1,
              "Actual Loops": 4,
              "Plans": [
                {
                  "Node Type": "Seq Scan",
                  "Parent Relationship": "Outer",
                  "Parallel Aware": true,
                  "Relation Name": "movie_keyword",
                  "Alias": "mk",
                  "Startup Cost": 0.0,
                  "Total Cost": 42695.65,
                  "Plan Rows": 1326038,
                  "Plan Width": 0,
                  "Actual Startup Time": 0.023,
                  "Actual Total Time": 106.623,
                  "Actual Rows": 1028897,
                  "Actual Loops": 4,
                  "Filter": "(keyword_id < 42357)",
                  "Rows Removed by Filter": 102085
                }
              ]
            }
          ]
        }
      ]
    },
    "Planning Time": 0.078,
    "Triggers": [],
    "Execution Time": 157.878
  }
]