[
  {
    "Plan": {
      "Node Type": "Aggregate",
      "Strategy": "Plain",
      "Partial Mode": "Finalize",
      "Parallel Aware": false,
      "Startup Cost": 47004.24,
      "Total Cost": 47004.25,
      "Plan Rows": 1,
      "Plan Width": 8,
      "Actual Startup Time": 197.547,
      "Actual Total Time": 208.125,
      "Actual Rows": 1,
      "Actual Loops": 1,
      "Plans": [
        {
          "Node Type": "Gather",
          "Parent Relationship": "Outer",
          "Parallel Aware": false,
          "Startup Cost": 47003.92,
          "Total Cost": 47004.23,
          "Plan Rows": 3,
          "Plan Width": 8,
          "Actual Startup Time": 197.405,
          "Actual Total Time": 208.117,
          "Actual Rows": 4,
          "Actual Loops": 1,
          "Workers Planned": 3,
          "Workers Launched": 3,
          "Single Copy": false,
          "Plans": [
            {
              "Node Type": "Aggregate",
              "Strategy": "Plain",
              "Partial Mode": "Partial",
              "Parent Relationship": "Outer",
              "Parallel Aware": false,
              "Startup Cost": 46003.92,
              "Total Cost": 46003.93,
              "Plan Rows": 1,
              "Plan Width": 8,
              "Actual Startup Time": 190.918,
              "Actual Total Time": 190.919,
              "Actual Rows": 1,
              "Actual Loops": 4,
              "Plans": [
                {
                  "Node Type": "Seq Scan",
                  "Parent Relationship": "Outer",
                  "Parallel Aware": true,
                  "Relation Name": "movie_keyword",
                  "Alias": "mk",
                  "Startup Cost": 0.0,
                  "Total Cost": 42695.65,
                  "Plan Rows": 1323308,
                  "Plan Width": 0,
                  "Actual Startup Time": 0.049,
                  "Actual Total Time": 139.139,
                  "Actual Rows": 1028897,
                  "Actual Loops": 4,
                  "Filter": "(keyword_id < 42357)",
                  "Rows Removed by Filter": 102085
                }
              ]
            }
          ]
        }
      ]
    },
    "Planning Time": 0.163,
    "Triggers": [],
    "Execution Time": 208.177
  }
]