[
  {
    "Plan": {
      "Node Type": "Aggregate",
      "Strategy": "Plain",
      "Partial Mode": "Simple",
      "Parallel Aware": false,
      "Startup Cost": 22504.47,
      "Total Cost": 22504.48,
      "Plan Rows": 1,
      "Plan Width": 96,
      "Actual Startup Time": 1799.452,
      "Actual Total Time": 1799.467,
      "Actual Rows": 1,
      "Actual Loops": 1,
      "Plans": [
        {
          "Node Type": "Nested Loop",
          "Parent Relationship": "Outer",
          "Parallel Aware": false,
          "Join Type": "Inner",
          "Startup Cost": 4952.59,
          "Total Cost": 22504.46,
          "Plan Rows": 1,
          "Plan Width": 42,
          "Actual Startup Time": 26.937,
          "Actual Total Time": 1798.768,
          "Actual Rows": 2471,
          "Actual Loops": 1,
          "Inner Unique": true,
          "Plans": [
            {
              "Node Type": "Nested Loop",
              "Parent Relationship": "Outer",
              "Parallel Aware": false,
              "Join Type": "Inner",
              "Startup Cost": 4952.44,
              "Total Cost": 22491.6,
              "Plan Rows": 79,
              "Plan Width": 46,
              "Actual Startup Time": 26.932,
              "Actual Total Time": 1795.456,
              "Actual Rows": 2475,
              "Actual Loops": 1,
              "Inner Unique": false,
              "Join Filter": "(t.id = mi.movie_id)",
              "Rows Removed by Join Filter": 0,
              "Plans": [
                {
                  "Node Type": "Nested Loop",
                  "Parent Relationship": "Outer",
                  "Parallel Aware": false,
                  "Join Type": "Inner",
                  "Startup Cost": 4952.01,
                  "Total Cost": 21779.17,
                  "Plan Rows": 457,
                  "Plan Width": 54,
                  "Actual Startup Time": 22.854,
                  "Actual Total Time": 1126.823,
                  "Actual Rows": 45693,
                  "Actual Loops": 1,
                  "Inner Unique": true,
                  "Plans": [
                    {
                      "Node Type": "Hash Join",
                      "Parent Relationship": "Outer",
                      "Parallel Aware": false,
                      "Join Type": "Inner",
                      "Startup Cost": 4951.59,
                      "Total Cost": 21217.72,
                      "Plan Rows": 1259,
                      "Plan Width": 39,
                      "Actual Startup Time": 22.822,
                      "Actual Total Time": 909.783,
                      "Actual Rows": 92968,
                      "Actual Loops": 1,
                      "Inner Unique": true,
                      "Hash Cond": "(mc.company_type_id = ct.id)",
                      "Plans": [
                        {
                          "Node Type": "Nested Loop",
                          "Parent Relationship": "Outer",
                          "Parallel Aware": false,
                          "Join Type": "Inner",
                          "Startup Cost": 4939.38,
                          "Total Cost": 21178.29,
                          "Plan Rows": 5036,
                          "Plan Width": 43,
                          "Actual Startup Time": 22.757,
                          "Actual Total Time": 881.596,
                          "Actual Rows": 218416,
                          "Actual Loops": 1,
                          "Inner Unique": false,
                          "Plans": [
                            {
                              "Node Type": "Nested Loop",
                              "Parent Relationship": "Outer",
                              "Parallel Aware": false,
                              "Join Type": "Inner",
                              "Startup Cost": 4938.95,
                              "Total Cost": 20529.11,
                              "Plan Rows": 922,
                              "Plan Width": 31,
                              "Actual Startup Time": 22.747,
                              "Actual Total Time": 657.207,
                              "Actual Rows": 70931,
                              "Actual Loops": 1,
                              "Inner Unique": true,
                              "Plans": [
                                {
                                  "Node Type": "Nested Loop",
                                  "Parent Relationship": "Outer",
                                  "Parallel Aware": false,
                                  "Join Type": "Inner",
                                  "Startup Cost": 4938.52,
                                  "Total Cost": 17663.38,
                                  "Plan Rows": 2813,
                                  "Plan Width": 10,
                                  "Actual Startup Time": 22.398,
                                  "Actual Total Time": 134.812,
                                  "Actual Rows": 208701,
                                  "Actual Loops": 1,
                                  "Inner Unique": false,
                                  "Plans": [
                                    {
                                      "Node Type": "Index Scan",
                                      "Parent Relationship": "Outer",
                                      "Parallel Aware": false,
                                      "Scan Direction": "Forward",
                                      "Index Name": "info_type_pkey",
                                      "Relation Name": "info_type",
                                      "Alias": "it2",
                                      "Startup Cost": 0.14,
                                      "Total Cost": 14.12,
                                      "Plan Rows": 1,
                                      "Plan Width": 4,
                                      "Actual Startup Time": 0.02,
                                      "Actual Total Time": 0.023,
                                      "Actual Rows": 1,
                                      "Actual Loops": 1,
                                      "Filter": "((info)::text = 'rating'::text)",
                                      "Rows Removed by Filter": 112
                                    },
                                    {
                                      "Node Type": "Bitmap Heap Scan",
                                      "Parent Relationship": "Inner",
                                      "Parallel Aware": false,
                                      "Relation Name": "movie_info_idx",
                                      "Alias": "mi_idx",
                                      "Startup Cost": 4938.37,
                                      "Total Cost": 17013.48,
                                      "Plan Rows": 63578,
                                      "Plan Width": 14,
                                      "Actual Startup Time": 22.373,
                                      "Actual Total Time": 118.23,
                                      "Actual Rows": 208701,
                                      "Actual Loops": 1,
                                      "Recheck Cond": "(info_type_id = it2.id)",
                                      "Rows Removed by Index Recheck": 0,
                                      "Filter": "(info > '6.4'::text)",
                                      "Rows Removed by Filter": 251224,
                                      "Exact Heap Blocks": 7934,
                                      "Lossy Heap Blocks": 0,
                                      "Plans": [
                                        {
                                          "Node Type": "Bitmap Index Scan",
                                          "Parent Relationship": "Outer",
                                          "Parallel Aware": false,
                                          "Index Name": "info_type_id_movie_info_idx",
                                          "Startup Cost": 0.0,
                                          "Total Cost": 4922.48,
                                          "Plan Rows": 276007,
                                          "Plan Width": 0,
                                          "Actual Startup Time": 21.481,
                                          "Actual Total Time": 21.481,
                                          "Actual Rows": 459925,
                                          "Actual Loops": 1,
                                          "Index Cond": "(info_type_id = it2.id)"
                                        }
                                      ]
                                    }
                                  ]
                                },
                                {
                                  "Node Type": "Index Scan",
                                  "Parent Relationship": "Inner",
                                  "Parallel Aware": false,
                                  "Scan Direction": "Forward",
                                  "Index Name": "title_pkey",
                                  "Relation Name": "title",
                                  "Alias": "t",
                                  "Startup Cost": 0.43,
                                  "Total Cost": 1.02,
                                  "Plan Rows": 1,
                                  "Plan Width": 21,
                                  "Actual Startup Time": 0.002,
                                  "Actual Total Time": 0.002,
                                  "Actual Rows": 0,
                                  "Actual Loops": 208701,
                                  "Index Cond": "(id = mi_idx.movie_id)",
                                  "Rows Removed by Index Recheck": 0,
                                  "Filter": "((production_year >= 1999) AND (production_year <= 2008))",
                                  "Rows Removed by Filter": 1
                                }
                              ]
                            },
                            {
                              "Node Type": "Index Scan",
                              "Parent Relationship": "Inner",
                              "Parallel Aware": false,
                              "Scan Direction": "Forward",
                              "Index Name": "movie_id_movie_companies",
                              "Relation Name": "movie_companies",
                              "Alias": "mc",
                              "Startup Cost": 0.43,
                              "Total Cost": 0.65,
                              "Plan Rows": 5,
                              "Plan Width": 12,
                              "Actual Startup Time": 0.002,
                              "Actual Total Time": 0.003,
                              "Actual Rows": 3,
                              "Actual Loops": 70931,
                              "Index Cond": "(movie_id = t.id)",
                              "Rows Removed by Index Recheck": 0
                            }
                          ]
                        },
                        {
                          "Node Type": "Hash",
                          "Parent Relationship": "Inner",
                          "Parallel Aware": false,
                          "Startup Cost": 12.2,
                          "Total Cost": 12.2,
                          "Plan Rows": 1,
                          "Plan Width": 4,
                          "Actual Startup Time": 0.02,
                          "Actual Total Time": 0.02,
                          "Actual Rows": 1,
                          "Actual Loops": 1,
                          "Hash Buckets": 1024,
                          "Original Hash Buckets": 1024,
                          "Hash Batches": 1,
                          "Original Hash Batches": 1,
                          "Peak Memory Usage": 9,
                          "Plans": [
                            {
                              "Node Type": "Index Scan",
                              "Parent Relationship": "Outer",
                              "Parallel Aware": false,
                              "Scan Direction": "Forward",
                              "Index Name": "company_type_pkey",
                              "Relation Name": "company_type",
                              "Alias": "ct",
                              "Startup Cost": 0.13,
                              "Total Cost": 12.2,
                              "Plan Rows": 1,
                              "Plan Width": 4,
                              "Actual Startup Time": 0.012,
                              "Actual Total Time": 0.014,
                              "Actual Rows": 1,
                              "Actual Loops": 1,
                              "Filter": "((kind)::text = 'production companies'::text)",
                              "Rows Removed by Filter": 3
                            }
                          ]
                        }
                      ]
                    },
                    {
                      "Node Type": "Index Scan",
                      "Parent Relationship": "Inner",
                      "Parallel Aware": false,
                      "Scan Direction": "Forward",
                      "Index Name": "company_name_pkey",
                      "Relation Name": "company_name",
                      "Alias": "cn",
                      "Startup Cost": 0.42,
                      "Total Cost": 0.45,
                      "Plan Rows": 1,
                      "Plan Width": 23,
                      "Actual Startup Time": 0.002,
                      "Actual Total Time": 0.002,
                      "Actual Rows": 0,
                      "Actual Loops": 92968,
                      "Index Cond": "(id = mc.company_id)",
                      "Rows Removed by Index Recheck": 0,
                      "Filter": "((country_code)::text = '[us]'::text)",
                      "Rows Removed by Filter": 1
                    }
                  ]
                },
                {
                  "Node Type": "Index Scan",
                  "Parent Relationship": "Inner",
                  "Parallel Aware": false,
                  "Scan Direction": "Forward",
                  "Index Name": "movie_id_movie_info",
                  "Relation Name": "movie_info",
                  "Alias": "mi",
                  "Startup Cost": 0.43,
                  "Total Cost": 1.55,
                  "Plan Rows": 1,
                  "Plan Width": 8,
                  "Actual Startup Time": 0.014,
                  "Actual Total Time": 0.014,
                  "Actual Rows": 0,
                  "Actual Loops": 45693,
                  "Index Cond": "(movie_id = mc.movie_id)",
                  "Rows Removed by Index Recheck": 0,
                  "Filter": "(info = ANY ('{Horror,Action}'::text[]))",
                  "Rows Removed by Filter": 33
                }
              ]
            },
            {
              "Node Type": "Index Scan",
              "Parent Relationship": "Inner",
              "Parallel Aware": false,
              "Scan Direction": "Forward",
              "Index Name": "info_type_pkey",
              "Relation Name": "info_type",
              "Alias": "it1",
              "Startup Cost": 0.14,
              "Total Cost": 0.16,
              "Plan Rows": 1,
              "Plan Width": 4,
              "Actual Startup Time": 0.001,
              "Actual Total Time": 0.001,
              "Actual Rows": 1,
              "Actual Loops": 2475,
              "Index Cond": "(id = mi.info_type_id)",
              "Rows Removed by Index Recheck": 0,
              "Filter": "((info)::text = 'genres'::text)",
              "Rows Removed by Filter": 0
            }
          ]
        }
      ]
    },
    "Planning Time": 10.647,
    "Triggers": [],
    "Execution Time": 1799.774
  }
]