{
  "Plan": {
    "Node Type": "Aggregate",
    "Strategy": "Plain",
    "Partial Mode": "Finalize",
    "Parallel Aware": false,
    "Startup Cost": 107401.25,
    "Total Cost": 107401.26,
    "Plan Rows": 1,
    "Plan Width": 8,
    "Actual Startup Time": 556.895,
    "Actual Total Time": 569.871,
    "Actual Rows": 1,
    "Actual Loops": 1,
    "Plans": [
      {
        "Node Type": "Gather",
        "Parent Relationship": "Outer",
        "Parallel Aware": false,
        "Startup Cost": 107401.13,
        "Total Cost": 107401.24,
        "Plan Rows": 1,
        "Plan Width": 8,
        "Actual Startup Time": 555.799,
        "Actual Total Time": 569.862,
        "Actual Rows": 2,
        "Actual Loops": 1,
        "Workers Planned": 1,
        "Workers Launched": 1,
        "Single Copy": false,
        "Plans": [
          {
            "Node Type": "Aggregate",
            "Strategy": "Plain",
            "Partial Mode": "Partial",
            "Parent Relationship": "Outer",
            "Parallel Aware": false,
            "Startup Cost": 106401.13,
            "Total Cost": 106401.14,
            "Plan Rows": 1,
            "Plan Width": 8,
            "Actual Startup Time": 552.026,
            "Actual Total Time": 552.363,
            "Actual Rows": 1,
            "Actual Loops": 2,
            "Plans": [
              {
                "Node Type": "Hash Join",
                "Parent Relationship": "Outer",
                "Parallel Aware": true,
                "Join Type": "Inner",
                "Startup Cost": 87209.06,
                "Total Cost": 106373.43,
                "Plan Rows": 11082,
                "Plan Width": 0,
                "Actual Startup Time": 452.246,
                "Actual Total Time": 550.515,
                "Actual Rows": 41282,
                "Actual Loops": 2,
                "Inner Unique": false,
                "Hash Cond": "(mi_idx.movie_id = t.id)",
                "Plans": [
                  {
                    "Node Type": "Seq Scan",
                    "Parent Relationship": "Outer",
                    "Parallel Aware": true,
                    "Relation Name": "movie_info_idx",
                    "Alias": "mi_idx",
                    "Startup Cost": 0.0,
                    "Total Cost": 18082.32,
                    "Plan Rows": 271164,
                    "Plan Width": 4,
                    "Actual Startup Time": 0.028,
                    "Actual Total Time": 54.443,
                    "Actual Rows": 230092,
                    "Actual Loops": 2,
                    "Filter": "(info_type_id > 100)",
                    "Rows Removed by Filter": 459925
                  },
                  {
                    "Node Type": "Hash",
                    "Parent Relationship": "Inner",
                    "Parallel Aware": true,
                    "Startup Cost": 86449.31,
                    "Total Cost": 86449.31,
                    "Plan Rows": 60780,
                    "Plan Width": 8,
                    "Actual Startup Time": 450.338,
                    "Actual Total Time": 450.673,
                    "Actual Rows": 82238,
                    "Actual Loops": 2,
                    "Hash Buckets": 262144,
                    "Original Hash Buckets": 131072,
                    "Hash Batches": 1,
                    "Original Hash Batches": 1,
                    "Peak Memory Usage": 9536,
                    "Plans": [
                      {
                        "Node Type": "Hash Join",
                        "Parent Relationship": "Outer",
                        "Parallel Aware": true,
                        "Join Type": "Inner",
                        "Startup Cost": 25926.27,
                        "Total Cost": 86449.31,
                        "Plan Rows": 60780,
                        "Plan Width": 8,
                        "Actual Startup Time": 99.855,
                        "Actual Total Time": 420.134,
                        "Actual Rows": 82238,
                        "Actual Loops": 2,
                        "Inner Unique": false,
                        "Hash Cond": "(t.id = mc.movie_id)",
                        "Plans": [
                          {
                            "Node Type": "Seq Scan",
                            "Parent Relationship": "Outer",
                            "Parallel Aware": true,
                            "Relation Name": "title",
                            "Alias": "t",
                            "Startup Cost": 0.0,
                            "Total Cost": 50870.31,
                            "Plan Rows": 1487231,
                            "Plan Width": 4,
                            "Actual Startup Time": 0.008,
                            "Actual Total Time": 132.872,
                            "Actual Rows": 1264156,
                            "Actual Loops": 2
                          },
                          {
                            "Node Type": "Hash",
                            "Parent Relationship": "Inner",
                            "Parallel Aware": true,
                            "Startup Cost": 25166.52,
                            "Total Cost": 25166.52,
                            "Plan Rows": 60780,
                            "Plan Width": 4,
                            "Actual Startup Time": 98.856,
                            "Actual Total Time": 98.858,
                            "Actual Rows": 82238,
                            "Actual Loops": 2,
                            "Hash Buckets": 262144,
                            "Original Hash Buckets": 131072,
                            "Hash Batches": 1,
                            "Original Hash Batches": 1,
                            "Peak Memory Usage": 9536,
                            "Plans": [
                              {
                                "Node Type": "Bitmap Heap Scan",
                                "Parent Relationship": "Outer",
                                "Parallel Aware": true,
                                "Relation Name": "movie_companies",
                                "Alias": "mc",
                                "Startup Cost": 4524.49,
                                "Total Cost": 25166.52,
                                "Plan Rows": 60780,
                                "Plan Width": 4,
                                "Actual Startup Time": 25.06,
                                "Actual Total Time": 73.073,
                                "Actual Rows": 82238,
                                "Actual Loops": 2,
                                "Recheck Cond": "(company_id < 69)",
                                "Rows Removed by Index Recheck": 0,
                                "Filter": "(company_type_id < 2)",
                                "Rows Removed by Filter": 22796,
                                "Exact Heap Blocks": 10228,
                                "Lossy Heap Blocks": 0,
                                "Plans": [
                                  {
                                    "Node Type": "Bitmap Index Scan",
                                    "Parent Relationship": "Outer",
                                    "Parallel Aware": false,
                                    "Index Name": "company_id_movie_companies",
                                    "Startup Cost": 0.0,
                                    "Total Cost": 4498.66,
                                    "Plan Rows": 209897,
                                    "Plan Width": 0,
                                    "Actual Startup Time": 22.533,
                                    "Actual Total Time": 22.533,
                                    "Actual Rows": 210066,
                                    "Actual Loops": 1,
                                    "Index Cond": "(company_id < 69)"
                                  }
                                ]
                              }
                            ]
                          }
                        ]
                      }
                    ]
                  }
                ]
              }
            ]
          }
        ]
      }
    ]
  },
  "Planning Time": 0.603,
  "Triggers": [],
  "Execution Time": 569.956
}