[
  {
    "Plan": {
      "Node Type": "Aggregate",
      "Strategy": "Plain",
      "Partial Mode": "Finalize",
      "Parallel Aware": false,
      "Startup Cost": 435983.85,
      "Total Cost": 435983.86,
      "Plan Rows": 1,
      "Plan Width": 8,
      "Actual Startup Time": 1695.3,
      "Actual Total Time": 1768.634,
      "Actual Rows": 1,
      "Actual Loops": 1,
      "Plans": [
        {
          "Node Type": "Gather",
          "Parent Relationship": "Outer",
          "Parallel Aware": false,
          "Startup Cost": 435983.23,
          "Total Cost": 435983.84,
          "Plan Rows": 6,
          "Plan Width": 8,
          "Actual Startup Time": 1692.313,
          "Actual Total Time": 1768.623,
          "Actual Rows": 7,
          "Actual Loops": 1,
          "Workers Planned": 6,
          "Workers Launched": 6,
          "Single Copy": false,
          "Plans": [
            {
              "Node Type": "Aggregate",
              "Strategy": "Plain",
              "Partial Mode": "Partial",
              "Parent Relationship": "Outer",
              "Parallel Aware": false,
              "Startup Cost": 434983.23,
              "Total Cost": 434983.24,
              "Plan Rows": 1,
              "Plan Width": 8,
              "Actual Startup Time": 1682.107,
              "Actual Total Time": 1682.172,
              "Actual Rows": 1,
              "Actual Loops": 7,
              "Plans": [
                {
                  "Node Type": "Hash Join",
                  "Parent Relationship": "Outer",
                  "Parallel Aware": true,
                  "Join Type": "Inner",
                  "Startup Cost": 92339.82,
                  "Total Cost": 431955.76,
                  "Plan Rows": 1210987,
                  "Plan Width": 0,
                  "Actual Startup Time": 257.273,
                  "Actual Total Time": 1593.463,
                  "Actual Rows": 1923142,
                  "Actual Loops": 7,
                  "Inner Unique": false,
                  "Hash Cond": "(ci.movie_id = t.id)",
                  "Plans": [
                    {
                      "Node Type": "Seq Scan",
                      "Parent Relationship": "Outer",
                      "Parallel Aware": true,
                      "Relation Name": "cast_info",
                      "Alias": "ci",
                      "Startup Cost": 0.0,
                      "Total Cost": 313067.02,
                      "Plan Rows": 6038002,
                      "Plan Width": 4,
                      "Actual Startup Time": 0.019,
                      "Actual Total Time": 552.78,
                      "Actual Rows": 5177763,
                      "Actual Loops": 7
                    },
                    {
                      "Node Type": "Hash",
                      "Parent Relationship": "Inner",
                      "Parallel Aware": true,
                      "Startup Cost": 90295.16,
                      "Total Cost": 90295.16,
                      "Plan Rows": 163573,
                      "Plan Width": 8,
                      "Actual Startup Time": 254.717,
                      "Actual Total Time": 254.78,
                      "Actual Rows": 34125,
                      "Actual Loops": 7,
                      "Hash Buckets": 524288,
                      "Original Hash Buckets": 524288,
                      "Hash Batches": 1,
                      "Original Hash Batches": 1,
                      "Peak Memory Usage": 13536,
                      "Plans": [
                        {
                          "Node Type": "Hash Join",
                          "Parent Relationship": "Outer",
                          "Parallel Aware": true,
                          "Join Type": "Inner",
                          "Startup Cost": 45572.84,
                          "Total Cost": 90295.16,
                          "Plan Rows": 163573,
                          "Plan Width": 8,
                          "Actual Startup Time": 130.214,
                          "Actual Total Time": 243.229,
                          "Actual Rows": 34125,
                          "Actual Loops": 7,
                          "Inner Unique": true,
                          "Hash Cond": "(mk.movie_id = t.id)",
                          "Plans": [
                            {
                              "Node Type": "Seq Scan",
                              "Parent Relationship": "Outer",
                              "Parallel Aware": true,
                              "Relation Name": "movie_keyword",
                              "Alias": "mk",
                              "Startup Cost": 0.0,
                              "Total Cost": 42695.65,
                              "Plan Rows": 772063,
                              "Plan Width": 4,
                              "Actual Startup Time": 0.038,
                              "Actual Total Time": 72.26,
                              "Actual Rows": 341805,
                              "Actual Loops": 7,
                              "Filter": "(keyword_id < 5550)",
                              "Rows Removed by Filter": 304471
                            },
                            {
                              "Node Type": "Hash",
                              "Parent Relationship": "Inner",
                              "Parallel Aware": true,
                              "Startup Cost": 43898.92,
                              "Total Cost": 43898.92,
                              "Plan Rows": 133914,
                              "Plan Width": 4,
                              "Actual Startup Time": 128.105,
                              "Actual Total Time": 128.106,
                              "Actual Rows": 76196,
                              "Actual Loops": 7,
                              "Hash Buckets": 1048576,
                              "Original Hash Buckets": 1048576,
                              "Hash Batches": 1,
                              "Original Hash Batches": 1,
                              "Peak Memory Usage": 29152,
                              "Plans": [
                                {
                                  "Node Type": "Seq Scan",
                                  "Parent Relationship": "Outer",
                                  "Parallel Aware": true,
                                  "Relation Name": "title",
                                  "Alias": "t",
                                  "Startup Cost": 0.0,
                                  "Total Cost": 43898.92,
                                  "Plan Rows": 133914,
                                  "Plan Width": 4,
                                  "Actual Startup Time": 0.046,
                                  "Actual Total Time": 81.698,
                                  "Actual Rows": 76196,
                                  "Actual Loops": 7,
                                  "Filter": "(production_year > 2009)",
                                  "Rows Removed by Filter": 284992
                                }
                              ]
                            }
                          ]
                        }
                      ]
                    }
                  ]
                }
              ]
            }
          ]
        }
      ]
    },
    "Planning Time": 1.021,
    "Triggers": [],
    "Execution Time": 1768.72
  }
]