{
  "Plan": {
    "Node Type": "Aggregate",
    "Strategy": "Plain",
    "Partial Mode": "Finalize",
    "Parallel Aware": false,
    "Startup Cost": 43747.52,
    "Total Cost": 43747.53,
    "Plan Rows": 1,
    "Plan Width": 8,
    "Actual Startup Time": 45.29,
    "Actual Total Time": 50.924,
    "Actual Rows": 1,
    "Actual Loops": 1,
    "Plans": [
      {
        "Node Type": "Gather",
        "Parent Relationship": "Outer",
        "Parallel Aware": false,
        "Startup Cost": 43747.41,
        "Total Cost": 43747.52,
        "Plan Rows": 1,
        "Plan Width": 8,
        "Actual Startup Time": 45.047,
        "Actual Total Time": 50.918,
        "Actual Rows": 2,
        "Actual Loops": 1,
        "Workers Planned": 1,
        "Workers Launched": 1,
        "Single Copy": false,
        "Plans": [
          {
            "Node Type": "Aggregate",
            "Strategy": "Plain",
            "Partial Mode": "Partial",
            "Parent Relationship": "Outer",
            "Parallel Aware": false,
            "Startup Cost": 42747.41,
            "Total Cost": 42747.42,
            "Plan Rows": 1,
            "Plan Width": 8,
            "Actual Startup Time": 39.083,
            "Actual Total Time": 39.085,
            "Actual Rows": 1,
            "Actual Loops": 2,
            "Plans": [
              {
                "Node Type": "Nested Loop",
                "Parent Relationship": "Outer",
                "Parallel Aware": false,
                "Join Type": "Inner",
                "Startup Cost": 144.71,
                "Total Cost": 42746.89,
                "Plan Rows": 205,
                "Plan Width": 0,
                "Actual Startup Time": 8.167,
                "Actual Total Time": 38.989,
                "Actual Rows": 734,
                "Actual Loops": 2,
                "Inner Unique": false,
                "Plans": [
                  {
                    "Node Type": "Nested Loop",
                    "Parent Relationship": "Outer",
                    "Parallel Aware": false,
                    "Join Type": "Inner",
                    "Startup Cost": 144.28,
                    "Total Cost": 42458.85,
                    "Plan Rows": 199,
                    "Plan Width": 8,
                    "Actual Startup Time": 4.517,
                    "Actual Total Time": 36.859,
                    "Actual Rows": 148,
                    "Actual Loops": 2,
                    "Inner Unique": true,
                    "Plans": [
                      {
                        "Node Type": "Bitmap Heap Scan",
                        "Parent Relationship": "Outer",
                        "Parallel Aware": true,
                        "Relation Name": "movie_keyword",
                        "Alias": "mk",
                        "Startup Cost": 143.85,
                        "Total Cost": 14996.23,
                        "Plan Rows": 3903,
                        "Plan Width": 4,
                        "Actual Startup Time": 3.448,
                        "Actual Total Time": 12.797,
                        "Actual Rows": 3395,
                        "Actual Loops": 2,
                        "Recheck Cond": "(keyword_id = 495)",
                        "Rows Removed by Index Recheck": 0,
                        "Exact Heap Blocks": 4100,
                        "Lossy Heap Blocks": 0,
                        "Plans": [
                          {
                            "Node Type": "Bitmap Index Scan",
                            "Parent Relationship": "Outer",
                            "Parallel Aware": false,
                            "Index Name": "keyword_id_movie_keyword",
                            "Startup Cost": 0.0,
                            "Total Cost": 142.19,
                            "Plan Rows": 6635,
                            "Plan Width": 0,
                            "Actual Startup Time": 4.265,
                            "Actual Total Time": 4.266,
                            "Actual Rows": 6790,
                            "Actual Loops": 1,
                            "Index Cond": "(keyword_id = 495)"
                          }
                        ]
                      },
                      {
                        "Node Type": "Index Scan",
                        "Parent Relationship": "Inner",
                        "Parallel Aware": false,
                        "Scan Direction": "Forward",
                        "Index Name": "title_pkey",
                        "Relation Name": "title",
                        "Alias": "t",
                        "Startup Cost": 0.43,
                        "Total Cost": 7.04,
                        "Plan Rows": 1,
                        "Plan Width": 4,
                        "Actual Startup Time": 0.007,
                        "Actual Total Time": 0.007,
                        "Actual Rows": 0,
                        "Actual Loops": 6790,
                        "Index Cond": "(id = mk.movie_id)",
                        "Rows Removed by Index Recheck": 0,
                        "Filter": "(production_year = 2009)",
                        "Rows Removed by Filter": 1
                      }
                    ]
                  },
                  {
                    "Node Type": "Index Only Scan",
                    "Parent Relationship": "Inner",
                    "Parallel Aware": false,
                    "Scan Direction": "Forward",
                    "Index Name": "movie_id_movie_companies",
                    "Relation Name": "movie_companies",
                    "Alias": "mc",
                    "Startup Cost": 0.43,
                    "Total Cost": 1.4,
                    "Plan Rows": 5,
                    "Plan Width": 4,
                    "Actual Startup Time": 0.01,
                    "Actual Total Time": 0.013,
                    "Actual Rows": 5,
                    "Actual Loops": 297,
                    "Index Cond": "(movie_id = t.id)",
                    "Rows Removed by Index Recheck": 0,
                    "Heap Fetches": 1469
                  }
                ]
              }
            ]
          }
        ]
      }
    ]
  },
  "Planning Time": 0.984,
  "Triggers": [],
  "Execution Time": 51.015
}