[
    {
        "Bao": {
            "Bao prediction": "NaN",
            "Bao recommended hint": "(no hint)"
        }
    },
    {
        "Plan": {
            "Node Type": "Aggregate",
            "Strategy": "Plain",
            "Partial Mode": "Simple",
            "Parallel Aware": false,
            "Startup Cost": 26952.66,
            "Total Cost": 26952.67,
            "Plan Rows": 1,
            "Plan Width": 8,
            "Actual Startup Time": 34.902,
            "Actual Total Time": 34.904,
            "Actual Rows": 1,
            "Actual Loops": 1,
            "Output": [
                "count(*)"
            ],
            "Plans": [
                {
                    "Node Type": "Bitmap Heap Scan",
                    "Parent Relationship": "Outer",
                    "Parallel Aware": false,
                    "Relation Name": "movie_keyword",
                    "Schema": "public",
                    "Alias": "mk",
                    "Startup Cost": 781.52,
                    "Total Cost": 26860.7,
                    "Plan Rows": 36786,
                    "Plan Width": 0,
                    "Actual Startup Time": 7.243,
                    "Actual Total Time": 32.526,
                    "Actual Rows": 27507,
                    "Actual Loops": 1,
                    "Recheck Cond": "(mk.keyword_id < 28)",
                    "Rows Removed by Index Recheck": 0,
                    "Exact Heap Blocks": 9584,
                    "Lossy Heap Blocks": 0,
                    "Plans": [
                        {
                            "Node Type": "Bitmap Index Scan",
                            "Parent Relationship": "Outer",
                            "Parallel Aware": false,
                            "Index Name": "keyword_id_movie_keyword",
                            "Startup Cost": 0.0,
                            "Total Cost": 772.33,
                            "Plan Rows": 36786,
                            "Plan Width": 0,
                            "Actual Startup Time": 4.538,
                            "Actual Total Time": 4.539,
                            "Actual Rows": 27507,
                            "Actual Loops": 1,
                            "Index Cond": "(mk.keyword_id < 28)"
                        }
                    ]
                }
            ]
        },
        "Planning Time": 298.411,
        "Triggers": [],
        "Execution Time": 35.008
    }
]