[
  {
    "Plan": {
      "Node Type": "Aggregate",
      "Strategy": "Plain",
      "Partial Mode": "Finalize",
      "Parallel Aware": false,
      "Startup Cost": 30779.98,
      "Total Cost": 30779.99,
      "Plan Rows": 1,
      "Plan Width": 8,
      "Actual Startup Time": 90.388,
      "Actual Total Time": 99.445,
      "Actual Rows": 1,
      "Actual Loops": 1,
      "Plans": [
        {
          "Node Type": "Gather",
          "Parent Relationship": "Outer",
          "Parallel Aware": false,
          "Startup Cost": 30779.66,
          "Total Cost": 30779.97,
          "Plan Rows": 3,
          "Plan Width": 8,
          "Actual Startup Time": 90.257,
          "Actual Total Time": 99.436,
          "Actual Rows": 4,
          "Actual Loops": 1,
          "Workers Planned": 3,
          "Workers Launched": 3,
          "Single Copy": false,
          "Plans": [
            {
              "Node Type": "Aggregate",
              "Strategy": "Plain",
              "Partial Mode": "Partial",
              "Parent Relationship": "Outer",
              "Parallel Aware": false,
              "Startup Cost": 29779.66,
              "Total Cost": 29779.67,
              "Plan Rows": 1,
              "Plan Width": 8,
              "Actual Startup Time": 85.138,
              "Actual Total Time": 85.14,
              "Actual Rows": 1,
              "Actual Loops": 4,
              "Plans": [
                {
                  "Node Type": "Seq Scan",
                  "Parent Relationship": "Outer",
                  "Parallel Aware": true,
                  "Relation Name": "movie_companies",
                  "Alias": "mc",
                  "Startup Cost": 0.0,
                  "Total Cost": 29310.68,
                  "Plan Rows": 187591,
                  "Plan Width": 0,
                  "Actual Startup Time": 0.025,
                  "Actual Total Time": 76.657,
                  "Actual Rows": 143545,
                  "Actual Loops": 4,
                  "Filter": "(company_id < 620)",
                  "Rows Removed by Filter": 508738
                }
              ]
            }
          ]
        }
      ]
    },
    "Planning Time": 0.098,
    "Triggers": [],
    "Execution Time": 99.476
  }
]