[
  {
    "Plan": {
      "Node Type": "Aggregate",
      "Strategy": "Plain",
      "Partial Mode": "Finalize",
      "Parallel Aware": false,
      "Startup Cost": 288078.45,
      "Total Cost": 288078.46,
      "Plan Rows": 1,
      "Plan Width": 8,
      "Actual Startup Time": 972.052,
      "Actual Total Time": 1020.213,
      "Actual Rows": 1,
      "Actual Loops": 1,
      "Plans": [
        {
          "Node Type": "Gather",
          "Parent Relationship": "Outer",
          "Parallel Aware": false,
          "Startup Cost": 288077.93,
          "Total Cost": 288078.44,
          "Plan Rows": 5,
          "Plan Width": 8,
          "Actual Startup Time": 968.665,
          "Actual Total Time": 1020.204,
          "Actual Rows": 6,
          "Actual Loops": 1,
          "Workers Planned": 5,
          "Workers Launched": 5,
          "Single Copy": false,
          "Plans": [
            {
              "Node Type": "Aggregate",
              "Strategy": "Plain",
              "Partial Mode": "Partial",
              "Parent Relationship": "Outer",
              "Parallel Aware": false,
              "Startup Cost": 287077.93,
              "Total Cost": 287077.94,
              "Plan Rows": 1,
              "Plan Width": 8,
              "Actual Startup Time": 958.001,
              "Actual Total Time": 958.093,
              "Actual Rows": 1,
              "Actual Loops": 6,
              "Plans": [
                {
                  "Node Type": "Hash Join",
                  "Parent Relationship": "Outer",
                  "Parallel Aware": true,
                  "Join Type": "Inner",
                  "Startup Cost": 81239.29,
                  "Total Cost": 285482.65,
                  "Plan Rows": 638111,
                  "Plan Width": 0,
                  "Actual Startup Time": 265.558,
                  "Actual Total Time": 926.653,
                  "Actual Rows": 735419,
                  "Actual Loops": 6,
                  "Inner Unique": false,
                  "Hash Cond": "(mi.movie_id = t.id)",
                  "Plans": [
                    {
                      "Node Type": "Seq Scan",
                      "Parent Relationship": "Outer",
                      "Parallel Aware": true,
                      "Relation Name": "movie_info",
                      "Alias": "mi",
                      "Startup Cost": 0.0,
                      "Total Cost": 191560.33,
                      "Plan Rows": 2956733,
                      "Plan Width": 4,
                      "Actual Startup Time": 0.019,
                      "Actual Total Time": 288.672,
                      "Actual Rows": 2472620,
                      "Actual Loops": 6
                    },
                    {
                      "Node Type": "Hash",
                      "Parent Relationship": "Inner",
                      "Parallel Aware": true,
                      "Startup Cost": 79534.14,
                      "Total Cost": 79534.14,
                      "Plan Rows": 136412,
                      "Plan Width": 8,
                      "Actual Startup Time": 261.217,
                      "Actual Total Time": 261.308,
                      "Actual Rows": 55767,
                      "Actual Loops": 6,
                      "Hash Buckets": 1048576,
                      "Original Hash Buckets": 1048576,
                      "Hash Batches": 1,
                      "Original Hash Batches": 1,
                      "Peak Memory Usage": 21376,
                      "Plans": [
                        {
                          "Node Type": "Hash Join",
                          "Parent Relationship": "Outer",
                          "Parallel Aware": true,
                          "Join Type": "Inner",
                          "Startup Cost": 33615.01,
                          "Total Cost": 79534.14,
                          "Plan Rows": 136412,
                          "Plan Width": 8,
                          "Actual Startup Time": 95.439,
                          "Actual Total Time": 234.638,
                          "Actual Rows": 55767,
                          "Actual Loops": 6,
                          "Inner Unique": false,
                          "Hash Cond": "(t.id = mc.movie_id)",
                          "Plans": [
                            {
                              "Node Type": "Seq Scan",
                              "Parent Relationship": "Outer",
                              "Parallel Aware": true,
                              "Relation Name": "title",
                              "Alias": "t",
                              "Startup Cost": 0.0,
                              "Total Cost": 42318.73,
                              "Plan Rows": 632073,
                              "Plan Width": 4,
                              "Actual Startup Time": 0.012,
                              "Actual Total Time": 58.403,
                              "Actual Rows": 421385,
                              "Actual Loops": 6
                            },
                            {
                              "Node Type": "Hash",
                              "Parent Relationship": "Inner",
                              "Parallel Aware": true,
                              "Startup Cost": 31414.82,
                              "Total Cost": 31414.82,
                              "Plan Rows": 176015,
                              "Plan Width": 4,
                              "Actual Startup Time": 93.747,
                              "Actual Total Time": 93.748,
                              "Actual Rows": 55767,
                              "Actual Loops": 6,
                              "Hash Buckets": 1048576,
                              "Original Hash Buckets": 1048576,
                              "Hash Batches": 1,
                              "Original Hash Batches": 1,
                              "Peak Memory Usage": 21440,
                              "Plans": [
                                {
                                  "Node Type": "Seq Scan",
                                  "Parent Relationship": "Outer",
                                  "Parallel Aware": true,
                                  "Relation Name": "movie_companies",
                                  "Alias": "mc",
                                  "Startup Cost": 0.0,
                                  "Total Cost": 31414.82,
                                  "Plan Rows": 176015,
                                  "Plan Width": 4,
                                  "Actual Startup Time": 42.693,
                                  "Actual Total Time": 65.926,
                                  "Actual Rows": 55767,
                                  "Actual Loops": 6,
                                  "Filter": "((company_id < 6709) AND (company_type_id = 2))",
                                  "Rows Removed by Filter": 379088
                                }
                              ]
                            }
                          ]
                        }
                      ]
                    }
                  ]
                }
              ]
            }
          ]
        }
      ]
    },
    "Planning Time": 1.446,
    "Triggers": [],
    "Execution Time": 1020.309
  }
]