{
    "Plan": {
        "Node Type": "Aggregate",
        "Strategy": "Plain",
        "Partial Mode": "Simple",
        "Parallel Aware": false,
        "Startup Cost": 80000417081.74,
        "Total Cost": 80000417081.75,
        "Plan Rows": 1,
        "Plan Width": 64,
        "Actual Startup Time": 2949.127,
        "Actual Total Time": 2949.144,
        "Actual Rows": 1,
        "Actual Loops": 1,
        "Output": [
            "min((kt.kind)::text)",
            "min(t.title)"
        ],
        "Plans": [
            {
                "Node Type": "Nested Loop",
                "Parent Relationship": "Outer",
                "Parallel Aware": false,
                "Join Type": "Inner",
                "Startup Cost": 80000286205.08,
                "Total Cost": 80000417081.73,
                "Plan Rows": 1,
                "Plan Width": 27,
                "Actual Startup Time": 2849.373,
                "Actual Total Time": 2948.959,
                "Actual Rows": 612,
                "Actual Loops": 1,
                "Output": [
                    "kt.kind",
                    "t.title"
                ],
                "Inner Unique": true,
                "Plans": [
                    {
                        "Node Type": "Nested Loop",
                        "Parent Relationship": "Outer",
                        "Parallel Aware": false,
                        "Join Type": "Inner",
                        "Startup Cost": 70000286204.65,
                        "Total Cost": 70000417077.29,
                        "Plan Rows": 1,
                        "Plan Width": 31,
                        "Actual Startup Time": 2849.336,
                        "Actual Total Time": 2945.954,
                        "Actual Rows": 612,
                        "Actual Loops": 1,
                        "Output": [
                            "mc.company_id",
                            "t.title",
                            "kt.kind"
                        ],
                        "Inner Unique": true,
                        "Plans": [
                            {
                                "Node Type": "Nested Loop",
                                "Parent Relationship": "Outer",
                                "Parallel Aware": false,
                                "Join Type": "Inner",
                                "Startup Cost": 70000286204.52,
                                "Total Cost": 70000417076.52,
                                "Plan Rows": 5,
                                "Plan Width": 25,
                                "Actual Startup Time": 2849.325,
                                "Actual Total Time": 2945.352,
                                "Actual Rows": 612,
                                "Actual Loops": 1,
                                "Output": [
                                    "mc.company_id",
                                    "t.title",
                                    "t.kind_id"
                                ],
                                "Inner Unique": true,
                                "Plans": [
                                    {
                                        "Node Type": "Hash Join",
                                        "Parent Relationship": "Outer",
                                        "Parallel Aware": false,
                                        "Join Type": "Inner",
                                        "Startup Cost": 70000286204.39,
                                        "Total Cost": 70000417075.79,
                                        "Plan Rows": 5,
                                        "Plan Width": 29,
                                        "Actual Startup Time": 2849.304,
                                        "Actual Total Time": 2944.655,
                                        "Actual Rows": 612,
                                        "Actual Loops": 1,
                                        "Output": [
                                            "mc.company_id",
                                            "mc.company_type_id",
                                            "t.title",
                                            "t.kind_id"
                                        ],
                                        "Inner Unique": false,
                                        "Hash Cond": "(t.id = mi.movie_id)",
                                        "Plans": [
                                            {
                                                "Node Type": "Hash Join",
                                                "Parent Relationship": "Outer",
                                                "Parallel Aware": false,
                                                "Join Type": "Inner",
                                                "Startup Cost": 40000100432.08,
                                                "Total Cost": 40000227523.8,
                                                "Plan Rows": 79572,
                                                "Plan Width": 41,
                                                "Actual Startup Time": 1016.122,
                                                "Actual Total Time": 2456.748,
                                                "Actual Rows": 14748,
                                                "Actual Loops": 1,
                                                "Output": [
                                                    "cc.movie_id",
                                                    "mc.movie_id",
                                                    "mc.company_id",
                                                    "mc.company_type_id",
                                                    "t.title",
                                                    "t.kind_id",
                                                    "t.id"
                                                ],
                                                "Inner Unique": true,
                                                "Hash Cond": "(cc.status_id = cct1.id)",
                                                "Plans": [
                                                    {
                                                        "Node Type": "Hash Join",
                                                        "Parent Relationship": "Outer",
                                                        "Parallel Aware": false,
                                                        "Join Type": "Inner",
                                                        "Startup Cost": 30000100419.87,
                                                        "Total Cost": 30000225790.88,
                                                        "Plan Rows": 318282,
                                                        "Plan Width": 45,
                                                        "Actual Startup Time": 1016.08,
                                                        "Actual Total Time": 2450.335,
                                                        "Actual Rows": 99103,
                                                        "Actual Loops": 1,
                                                        "Output": [
                                                            "cc.movie_id",
                                                            "cc.status_id",
                                                            "mc.movie_id",
                                                            "mc.company_id",
                                                            "mc.company_type_id",
                                                            "t.title",
                                                            "t.kind_id",
                                                            "t.id"
                                                        ],
                                                        "Inner Unique": false,
                                                        "Hash Cond": "(t.id = mc.movie_id)",
                                                        "Plans": [
                                                            {
                                                                "Node Type": "Index Scan",
                                                                "Parent Relationship": "Outer",
                                                                "Parallel Aware": false,
                                                                "Scan Direction": "Forward",
                                                                "Index Name": "title_pkey",
                                                                "Relation Name": "title",
                                                                "Schema": "public",
                                                                "Alias": "t",
                                                                "Startup Cost": 10000000000.43,
                                                                "Total Cost": 10000116662.9,
                                                                "Plan Rows": 1105144,
                                                                "Plan Width": 25,
                                                                "Actual Startup Time": 0.024,
                                                                "Actual Total Time": 1137.817,
                                                                "Actual Rows": 1107925,
                                                                "Actual Loops": 1,
                                                                "Output": [
                                                                    "t.id",
                                                                    "t.title",
                                                                    "t.imdb_index",
                                                                    "t.kind_id",
                                                                    "t.production_year",
                                                                    "t.imdb_id",
                                                                    "t.phonetic_code",
                                                                    "t.episode_of_id",
                                                                    "t.season_nr",
                                                                    "t.episode_nr",
                                                                    "t.series_years",
                                                                    "t.md5sum"
                                                                ],
                                                                "Filter": "(t.production_year > 2004)",
                                                                "Rows Removed by Filter": 1420387
                                                            },
                                                            {
                                                                "Node Type": "Hash",
                                                                "Parent Relationship": "Inner",
                                                                "Parallel Aware": false,
                                                                "Startup Cost": 20000091317.47,
                                                                "Total Cost": 20000091317.47,
                                                                "Plan Rows": 728158,
                                                                "Plan Width": 20,
                                                                "Actual Startup Time": 1013.966,
                                                                "Actual Total Time": 1013.969,
                                                                "Actual Rows": 612638,
                                                                "Actual Loops": 1,
                                                                "Output": [
                                                                    "cc.movie_id",
                                                                    "cc.status_id",
                                                                    "mc.movie_id",
                                                                    "mc.company_id",
                                                                    "mc.company_type_id"
                                                                ],
                                                                "Hash Buckets": 1048576,
                                                                "Original Hash Buckets": 1048576,
                                                                "Hash Batches": 1,
                                                                "Original Hash Batches": 1,
                                                                "Peak Memory Usage": 39303,
                                                                "Plans": [
                                                                    {
                                                                        "Node Type": "Hash Join",
                                                                        "Parent Relationship": "Outer",
                                                                        "Parallel Aware": false,
                                                                        "Join Type": "Inner",
                                                                        "Startup Cost": 20000077495.82,
                                                                        "Total Cost": 20000091317.47,
                                                                        "Plan Rows": 728158,
                                                                        "Plan Width": 20,
                                                                        "Actual Startup Time": 765.232,
                                                                        "Actual Total Time": 928.203,
                                                                        "Actual Rows": 612638,
                                                                        "Actual Loops": 1,
                                                                        "Output": [
                                                                            "cc.movie_id",
                                                                            "cc.status_id",
                                                                            "mc.movie_id",
                                                                            "mc.company_id",
                                                                            "mc.company_type_id"
                                                                        ],
                                                                        "Inner Unique": false,
                                                                        "Hash Cond": "(cc.movie_id = mc.movie_id)",
                                                                        "Plans": [
                                                                            {
                                                                                "Node Type": "Index Scan",
                                                                                "Parent Relationship": "Outer",
                                                                                "Parallel Aware": false,
                                                                                "Scan Direction": "Forward",
                                                                                "Index Name": "status_id_complete_cast",
                                                                                "Relation Name": "complete_cast",
                                                                                "Schema": "public",
                                                                                "Alias": "cc",
                                                                                "Startup Cost": 10000000000.42,
                                                                                "Total Cost": 10000005358.48,
                                                                                "Plan Rows": 135086,
                                                                                "Plan Width": 8,
                                                                                "Actual Startup Time": 0.024,
                                                                                "Actual Total Time": 25.054,
                                                                                "Actual Rows": 135086,
                                                                                "Actual Loops": 1,
                                                                                "Output": [
                                                                                    "cc.id",
                                                                                    "cc.movie_id",
                                                                                    "cc.subject_id",
                                                                                    "cc.status_id"
                                                                                ]
                                                                            },
                                                                            {
                                                                                "Node Type": "Hash",
                                                                                "Parent Relationship": "Inner",
                                                                                "Parallel Aware": false,
                                                                                "Startup Cost": 10000044881.29,
                                                                                "Total Cost": 10000044881.29,
                                                                                "Plan Rows": 2609129,
                                                                                "Plan Width": 12,
                                                                                "Actual Startup Time": 760.687,
                                                                                "Actual Total Time": 760.687,
                                                                                "Actual Rows": 2609129,
                                                                                "Actual Loops": 1,
                                                                                "Output": [
                                                                                    "mc.movie_id",
                                                                                    "mc.company_id",
                                                                                    "mc.company_type_id"
                                                                                ],
                                                                                "Hash Buckets": 4194304,
                                                                                "Original Hash Buckets": 4194304,
                                                                                "Hash Batches": 1,
                                                                                "Original Hash Batches": 1,
                                                                                "Peak Memory Usage": 144880,
                                                                                "Plans": [
                                                                                    {
                                                                                        "Node Type": "Seq Scan",
                                                                                        "Parent Relationship": "Outer",
                                                                                        "Parallel Aware": false,
                                                                                        "Relation Name": "movie_companies",
                                                                                        "Schema": "public",
                                                                                        "Alias": "mc",
                                                                                        "Startup Cost": 10000000000.0,
                                                                                        "Total Cost": 10000044881.29,
                                                                                        "Plan Rows": 2609129,
                                                                                        "Plan Width": 12,
                                                                                        "Actual Startup Time": 0.015,
                                                                                        "Actual Total Time": 289.524,
                                                                                        "Actual Rows": 2609129,
                                                                                        "Actual Loops": 1,
                                                                                        "Output": [
                                                                                            "mc.movie_id",
                                                                                            "mc.company_id",
                                                                                            "mc.company_type_id"
                                                                                        ]
                                                                                    }
                                                                                ]
                                                                            }
                                                                        ]
                                                                    }
                                                                ]
                                                            }
                                                        ]
                                                    },
                                                    {
                                                        "Node Type": "Hash",
                                                        "Parent Relationship": "Inner",
                                                        "Parallel Aware": false,
                                                        "Startup Cost": 10000000012.2,
                                                        "Total Cost": 10000000012.2,
                                                        "Plan Rows": 1,
                                                        "Plan Width": 4,
                                                        "Actual Startup Time": 0.021,
                                                        "Actual Total Time": 0.022,
                                                        "Actual Rows": 1,
                                                        "Actual Loops": 1,
                                                        "Output": [
                                                            "cct1.id"
                                                        ],
                                                        "Hash Buckets": 1024,
                                                        "Original Hash Buckets": 1024,
                                                        "Hash Batches": 1,
                                                        "Original Hash Batches": 1,
                                                        "Peak Memory Usage": 9,
                                                        "Plans": [
                                                            {
                                                                "Node Type": "Index Scan",
                                                                "Parent Relationship": "Outer",
                                                                "Parallel Aware": false,
                                                                "Scan Direction": "Forward",
                                                                "Index Name": "comp_cast_type_pkey",
                                                                "Relation Name": "comp_cast_type",
                                                                "Schema": "public",
                                                                "Alias": "cct1",
                                                                "Startup Cost": 10000000000.13,
                                                                "Total Cost": 10000000012.2,
                                                                "Plan Rows": 1,
                                                                "Plan Width": 4,
                                                                "Actual Startup Time": 0.02,
                                                                "Actual Total Time": 0.02,
                                                                "Actual Rows": 1,
                                                                "Actual Loops": 1,
                                                                "Output": [
                                                                    "cct1.id"
                                                                ],
                                                                "Filter": "((cct1.kind)::text = 'complete+verified'::text)",
                                                                "Rows Removed by Filter": 3
                                                            }
                                                        ]
                                                    }
                                                ]
                                            },
                                            {
                                                "Node Type": "Hash",
                                                "Parent Relationship": "Inner",
                                                "Parallel Aware": false,
                                                "Startup Cost": 30000185771.85,
                                                "Total Cost": 30000185771.85,
                                                "Plan Rows": 36,
                                                "Plan Width": 8,
                                                "Actual Startup Time": 486.754,
                                                "Actual Total Time": 486.76,
                                                "Actual Rows": 4463,
                                                "Actual Loops": 1,
                                                "Output": [
                                                    "mi.movie_id",
                                                    "mk.movie_id"
                                                ],
                                                "Hash Buckets": 8192,
                                                "Original Hash Buckets": 1024,
                                                "Hash Batches": 1,
                                                "Original Hash Batches": 1,
                                                "Peak Memory Usage": 239,
                                                "Plans": [
                                                    {
                                                        "Node Type": "Hash Join",
                                                        "Parent Relationship": "Outer",
                                                        "Parallel Aware": false,
                                                        "Join Type": "Inner",
                                                        "Startup Cost": 30000010462.73,
                                                        "Total Cost": 30000185771.85,
                                                        "Plan Rows": 36,
                                                        "Plan Width": 8,
                                                        "Actual Startup Time": 154.959,
                                                        "Actual Total Time": 486.084,
                                                        "Actual Rows": 4463,
                                                        "Actual Loops": 1,
                                                        "Output": [
                                                            "mi.movie_id",
                                                            "mk.movie_id"
                                                        ],
                                                        "Inner Unique": true,
                                                        "Hash Cond": "(mk.keyword_id = k.id)",
                                                        "Plans": [
                                                            {
                                                                "Node Type": "Nested Loop",
                                                                "Parent Relationship": "Outer",
                                                                "Parallel Aware": false,
                                                                "Join Type": "Inner",
                                                                "Startup Cost": 30000003778.1,
                                                                "Total Cost": 30000179087.14,
                                                                "Plan Rows": 36,
                                                                "Plan Width": 12,
                                                                "Actual Startup Time": 90.969,
                                                                "Actual Total Time": 419.085,
                                                                "Actual Rows": 4463,
                                                                "Actual Loops": 1,
                                                                "Output": [
                                                                    "mi.movie_id",
                                                                    "mk.movie_id",
                                                                    "mk.keyword_id"
                                                                ],
                                                                "Inner Unique": false,
                                                                "Plans": [
                                                                    {
                                                                        "Node Type": "Nested Loop",
                                                                        "Parent Relationship": "Outer",
                                                                        "Parallel Aware": false,
                                                                        "Join Type": "Inner",
                                                                        "Startup Cost": 20000003773.34,
                                                                        "Total Cost": 20000178650.17,
                                                                        "Plan Rows": 3,
                                                                        "Plan Width": 4,
                                                                        "Actual Startup Time": 90.934,
                                                                        "Actual Total Time": 400.66,
                                                                        "Actual Rows": 1783,
                                                                        "Actual Loops": 1,
                                                                        "Output": [
                                                                            "mi.movie_id"
                                                                        ],
                                                                        "Inner Unique": false,
                                                                        "Plans": [
                                                                            {
                                                                                "Node Type": "Seq Scan",
                                                                                "Parent Relationship": "Outer",
                                                                                "Parallel Aware": false,
                                                                                "Relation Name": "info_type",
                                                                                "Schema": "public",
                                                                                "Alias": "it1",
                                                                                "Startup Cost": 10000000000.0,
                                                                                "Total Cost": 10000000002.41,
                                                                                "Plan Rows": 1,
                                                                                "Plan Width": 4,
                                                                                "Actual Startup Time": 0.022,
                                                                                "Actual Total Time": 0.031,
                                                                                "Actual Rows": 1,
                                                                                "Actual Loops": 1,
                                                                                "Output": [
                                                                                    "it1.id",
                                                                                    "it1.info"
                                                                                ],
                                                                                "Filter": "((it1.info)::text = 'release dates'::text)",
                                                                                "Rows Removed by Filter": 112
                                                                            },
                                                                            {
                                                                                "Node Type": "Bitmap Heap Scan",
                                                                                "Parent Relationship": "Inner",
                                                                                "Parallel Aware": false,
                                                                                "Relation Name": "movie_info",
                                                                                "Schema": "public",
                                                                                "Alias": "mi",
                                                                                "Startup Cost": 3773.34,
                                                                                "Total Cost": 178647.71,
                                                                                "Plan Rows": 5,
                                                                                "Plan Width": 8,
                                                                                "Actual Startup Time": 90.902,
                                                                                "Actual Total Time": 400.348,
                                                                                "Actual Rows": 1783,
                                                                                "Actual Loops": 1,
                                                                                "Output": [
                                                                                    "mi.id",
                                                                                    "mi.movie_id",
                                                                                    "mi.info_type_id",
                                                                                    "mi.info",
                                                                                    "mi.note"
                                                                                ],
                                                                                "Recheck Cond": "(mi.info_type_id = it1.id)",
                                                                                "Rows Removed by Index Recheck": 0,
                                                                                "Filter": "((mi.info IS NOT NULL) AND (mi.note ~~ '%internet%'::text) AND ((mi.info ~~ 'USA:% 199%'::text) OR (mi.info ~~ 'USA:% 200%'::text)))",
                                                                                "Rows Removed by Filter": 3034936,
                                                                                "Exact Heap Blocks": 25448,
                                                                                "Lossy Heap Blocks": 0,
                                                                                "Plans": [
                                                                                    {
                                                                                        "Node Type": "Bitmap Index Scan",
                                                                                        "Parent Relationship": "Outer",
                                                                                        "Parallel Aware": false,
                                                                                        "Index Name": "info_type_id_movie_info",
                                                                                        "Startup Cost": 0.0,
                                                                                        "Total Cost": 3773.34,
                                                                                        "Plan Rows": 210787,
                                                                                        "Plan Width": 0,
                                                                                        "Actual Startup Time": 87.396,
                                                                                        "Actual Total Time": 87.396,
                                                                                        "Actual Rows": 3036719,
                                                                                        "Actual Loops": 1,
                                                                                        "Index Cond": "(mi.info_type_id = it1.id)"
                                                                                    }
                                                                                ]
                                                                            }
                                                                        ]
                                                                    },
                                                                    {
                                                                        "Node Type": "Bitmap Heap Scan",
                                                                        "Parent Relationship": "Inner",
                                                                        "Parallel Aware": false,
                                                                        "Relation Name": "movie_keyword",
                                                                        "Schema": "public",
                                                                        "Alias": "mk",
                                                                        "Startup Cost": 4.76,
                                                                        "Total Cost": 145.2,
                                                                        "Plan Rows": 46,
                                                                        "Plan Width": 8,
                                                                        "Actual Startup Time": 0.008,
                                                                        "Actual Total Time": 0.008,
                                                                        "Actual Rows": 3,
                                                                        "Actual Loops": 1783,
                                                                        "Output": [
                                                                            "mk.id",
                                                                            "mk.movie_id",
                                                                            "mk.keyword_id"
                                                                        ],
                                                                        "Recheck Cond": "(mk.movie_id = mi.movie_id)",
                                                                        "Rows Removed by Index Recheck": 0,
                                                                        "Exact Heap Blocks": 606,
                                                                        "Lossy Heap Blocks": 0,
                                                                        "Plans": [
                                                                            {
                                                                                "Node Type": "Bitmap Index Scan",
                                                                                "Parent Relationship": "Outer",
                                                                                "Parallel Aware": false,
                                                                                "Index Name": "movie_id_movie_keyword",
                                                                                "Startup Cost": 0.0,
                                                                                "Total Cost": 4.75,
                                                                                "Plan Rows": 46,
                                                                                "Plan Width": 0,
                                                                                "Actual Startup Time": 0.007,
                                                                                "Actual Total Time": 0.007,
                                                                                "Actual Rows": 3,
                                                                                "Actual Loops": 1783,
                                                                                "Index Cond": "(mk.movie_id = mi.movie_id)"
                                                                            }
                                                                        ]
                                                                    }
                                                                ]
                                                            },
                                                            {
                                                                "Node Type": "Hash",
                                                                "Parent Relationship": "Inner",
                                                                "Parallel Aware": false,
                                                                "Startup Cost": 5007.5,
                                                                "Total Cost": 5007.5,
                                                                "Plan Rows": 134170,
                                                                "Plan Width": 4,
                                                                "Actual Startup Time": 63.656,
                                                                "Actual Total Time": 63.657,
                                                                "Actual Rows": 134170,
                                                                "Actual Loops": 1,
                                                                "Output": [
                                                                    "k.id"
                                                                ],
                                                                "Hash Buckets": 262144,
                                                                "Original Hash Buckets": 262144,
                                                                "Hash Batches": 1,
                                                                "Original Hash Batches": 1,
                                                                "Peak Memory Usage": 6765,
                                                                "Plans": [
                                                                    {
                                                                        "Node Type": "Index Scan",
                                                                        "Parent Relationship": "Outer",
                                                                        "Parallel Aware": false,
                                                                        "Scan Direction": "Forward",
                                                                        "Index Name": "keyword_pkey",
                                                                        "Relation Name": "keyword",
                                                                        "Schema": "public",
                                                                        "Alias": "k",
                                                                        "Startup Cost": 0.42,
                                                                        "Total Cost": 5007.5,
                                                                        "Plan Rows": 134170,
                                                                        "Plan Width": 4,
                                                                        "Actual Startup Time": 0.047,
                                                                        "Actual Total Time": 44.097,
                                                                        "Actual Rows": 134170,
                                                                        "Actual Loops": 1,
                                                                        "Output": [
                                                                            "k.id"
                                                                        ]
                                                                    }
                                                                ]
                                                            }
                                                        ]
                                                    }
                                                ]
                                            }
                                        ]
                                    },
                                    {
                                        "Node Type": "Index Scan",
                                        "Parent Relationship": "Inner",
                                        "Parallel Aware": false,
                                        "Scan Direction": "Forward",
                                        "Index Name": "company_type_pkey",
                                        "Relation Name": "company_type",
                                        "Schema": "public",
                                        "Alias": "ct",
                                        "Startup Cost": 0.13,
                                        "Total Cost": 0.15,
                                        "Plan Rows": 1,
                                        "Plan Width": 4,
                                        "Actual Startup Time": 0.001,
                                        "Actual Total Time": 0.001,
                                        "Actual Rows": 1,
                                        "Actual Loops": 612,
                                        "Output": [
                                            "ct.id",
                                            "ct.kind"
                                        ],
                                        "Index Cond": "(ct.id = mc.company_type_id)",
                                        "Rows Removed by Index Recheck": 0
                                    }
                                ]
                            },
                            {
                                "Node Type": "Index Scan",
                                "Parent Relationship": "Inner",
                                "Parallel Aware": false,
                                "Scan Direction": "Forward",
                                "Index Name": "kind_type_pkey",
                                "Relation Name": "kind_type",
                                "Schema": "public",
                                "Alias": "kt",
                                "Startup Cost": 0.13,
                                "Total Cost": 0.15,
                                "Plan Rows": 1,
                                "Plan Width": 14,
                                "Actual Startup Time": 0.001,
                                "Actual Total Time": 0.001,
                                "Actual Rows": 1,
                                "Actual Loops": 612,
                                "Output": [
                                    "kt.id",
                                    "kt.kind"
                                ],
                                "Index Cond": "(kt.id = t.kind_id)",
                                "Rows Removed by Index Recheck": 0,
                                "Filter": "((kt.kind)::text = 'movie'::text)",
                                "Rows Removed by Filter": 0
                            }
                        ]
                    },
                    {
                        "Node Type": "Bitmap Heap Scan",
                        "Parent Relationship": "Inner",
                        "Parallel Aware": false,
                        "Relation Name": "company_name",
                        "Schema": "public",
                        "Alias": "cn",
                        "Startup Cost": 0.43,
                        "Total Cost": 4.44,
                        "Plan Rows": 1,
                        "Plan Width": 4,
                        "Actual Startup Time": 0.003,
                        "Actual Total Time": 0.003,
                        "Actual Rows": 1,
                        "Actual Loops": 612,
                        "Output": [
                            "cn.id",
                            "cn.name",
                            "cn.country_code",
                            "cn.imdb_id",
                            "cn.name_pcode_nf",
                            "cn.name_pcode_sf",
                            "cn.md5sum"
                        ],
                        "Recheck Cond": "(cn.id = mc.company_id)",
                        "Rows Removed by Index Recheck": 0,
                        "Filter": "((cn.country_code)::text = '[us]'::text)",
                        "Rows Removed by Filter": 0,
                        "Exact Heap Blocks": 612,
                        "Lossy Heap Blocks": 0,
                        "Plans": [
                            {
                                "Node Type": "Bitmap Index Scan",
                                "Parent Relationship": "Outer",
                                "Parallel Aware": false,
                                "Index Name": "company_name_pkey",
                                "Startup Cost": 0.0,
                                "Total Cost": 0.43,
                                "Plan Rows": 1,
                                "Plan Width": 0,
                                "Actual Startup Time": 0.002,
                                "Actual Total Time": 0.002,
                                "Actual Rows": 1,
                                "Actual Loops": 612,
                                "Index Cond": "(cn.id = mc.company_id)"
                            }
                        ]
                    }
                ]
            }
        ]
    },
    "Planning Time": 30.597,
    "Triggers": [],
    "Execution Time": 2950.847
}