{
  "Plan": {
    "Node Type": "Aggregate",
    "Strategy": "Plain",
    "Partial Mode": "Finalize",
    "Parallel Aware": false,
    "Startup Cost": 88239.39,
    "Total Cost": 88239.4,
    "Plan Rows": 1,
    "Plan Width": 8,
    "Actual Startup Time": 289.899,
    "Actual Total Time": 303.35,
    "Actual Rows": 1,
    "Actual Loops": 1,
    "Plans": [
      {
        "Node Type": "Gather",
        "Parent Relationship": "Outer",
        "Parallel Aware": false,
        "Startup Cost": 88239.28,
        "Total Cost": 88239.39,
        "Plan Rows": 1,
        "Plan Width": 8,
        "Actual Startup Time": 287.55,
        "Actual Total Time": 303.342,
        "Actual Rows": 2,
        "Actual Loops": 1,
        "Workers Planned": 1,
        "Workers Launched": 1,
        "Single Copy": false,
        "Plans": [
          {
            "Node Type": "Aggregate",
            "Strategy": "Plain",
            "Partial Mode": "Partial",
            "Parent Relationship": "Outer",
            "Parallel Aware": false,
            "Startup Cost": 87239.28,
            "Total Cost": 87239.29,
            "Plan Rows": 1,
            "Plan Width": 8,
            "Actual Startup Time": 281.669,
            "Actual Total Time": 281.674,
            "Actual Rows": 1,
            "Actual Loops": 2,
            "Plans": [
              {
                "Node Type": "Hash Join",
                "Parent Relationship": "Outer",
                "Parallel Aware": true,
                "Join Type": "Inner",
                "Startup Cost": 61250.34,
                "Total Cost": 87175.49,
                "Plan Rows": 25516,
                "Plan Width": 0,
                "Actual Startup Time": 221.579,
                "Actual Total Time": 279.074,
                "Actual Rows": 47970,
                "Actual Loops": 2,
                "Inner Unique": true,
                "Hash Cond": "(mk.movie_id = t.id)",
                "Plans": [
                  {
                    "Node Type": "Bitmap Heap Scan",
                    "Parent Relationship": "Outer",
                    "Parallel Aware": true,
                    "Relation Name": "movie_keyword",
                    "Alias": "mk",
                    "Startup Cost": 3509.91,
                    "Total Cost": 29179.73,
                    "Plan Rows": 97266,
                    "Plan Width": 4,
                    "Actual Startup Time": 12.23,
                    "Actual Total Time": 59.223,
                    "Actual Rows": 89120,
                    "Actual Loops": 2,
                    "Recheck Cond": "(keyword_id < 126)",
                    "Rows Removed by Index Recheck": 0,
                    "Exact Heap Blocks": 16798,
                    "Lossy Heap Blocks": 0,
                    "Plans": [
                      {
                        "Node Type": "Bitmap Index Scan",
                        "Parent Relationship": "Outer",
                        "Parallel Aware": false,
                        "Index Name": "keyword_id_movie_keyword",
                        "Startup Cost": 0.0,
                        "Total Cost": 3468.57,
                        "Plan Rows": 165352,
                        "Plan Width": 0,
                        "Actual Startup Time": 8.825,
                        "Actual Total Time": 8.825,
                        "Actual Rows": 178240,
                        "Actual Loops": 1,
                        "Index Cond": "(keyword_id < 126)"
                      }
                    ]
                  },
                  {
                    "Node Type": "Hash",
                    "Parent Relationship": "Inner",
                    "Parallel Aware": true,
                    "Startup Cost": 52863.55,
                    "Total Cost": 52863.55,
                    "Plan Rows": 390151,
                    "Plan Width": 4,
                    "Actual Startup Time": 181.783,
                    "Actual Total Time": 181.784,
                    "Actual Rows": 331412,
                    "Actual Loops": 2,
                    "Hash Buckets": 1048576,
                    "Original Hash Buckets": 1048576,
                    "Hash Batches": 1,
                    "Original Hash Batches": 1,
                    "Peak Memory Usage": 34176,
                    "Plans": [
                      {
                        "Node Type": "Bitmap Heap Scan",
                        "Parent Relationship": "Outer",
                        "Parallel Aware": true,
                        "Relation Name": "title",
                        "Alias": "t",
                        "Startup Cost": 11988.66,
                        "Total Cost": 52863.55,
                        "Plan Rows": 390151,
                        "Plan Width": 4,
                        "Actual Startup Time": 31.943,
                        "Actual Total Time": 99.797,
                        "Actual Rows": 331412,
                        "Actual Loops": 2,
                        "Recheck Cond": "(kind_id = 1)",
                        "Rows Removed by Index Recheck": 0,
                        "Exact Heap Blocks": 8771,
                        "Lossy Heap Blocks": 0,
                        "Plans": [
                          {
                            "Node Type": "Bitmap Index Scan",
                            "Parent Relationship": "Outer",
                            "Parallel Aware": false,
                            "Index Name": "kind_id_title",
                            "Startup Cost": 0.0,
                            "Total Cost": 11822.85,
                            "Plan Rows": 663256,
                            "Plan Width": 0,
                            "Actual Startup Time": 30.033,
                            "Actual Total Time": 30.034,
                            "Actual Rows": 662825,
                            "Actual Loops": 1,
                            "Index Cond": "(kind_id = 1)"
                          }
                        ]
                      }
                    ]
                  }
                ]
              }
            ]
          }
        ]
      }
    ]
  },
  "Planning Time": 0.427,
  "Triggers": [],
  "Execution Time": 303.449
}