{
    "Plan": {
        "Node Type": "Aggregate",
        "Strategy": "Plain",
        "Partial Mode": "Simple",
        "Parallel Aware": false,
        "Startup Cost": 50000527760.59,
        "Total Cost": 50000527760.6,
        "Plan Rows": 1,
        "Plan Width": 96,
        "Actual Startup Time": 2816.214,
        "Actual Total Time": 2816.441,
        "Actual Rows": 1,
        "Actual Loops": 1,
        "Output": [
            "min(cn.name)",
            "min(mi_idx.info)",
            "min(t.title)"
        ],
        "Plans": [
            {
                "Node Type": "Nested Loop",
                "Parent Relationship": "Outer",
                "Parallel Aware": false,
                "Join Type": "Inner",
                "Startup Cost": 50000527753.75,
                "Total Cost": 50000527760.58,
                "Plan Rows": 1,
                "Plan Width": 41,
                "Actual Startup Time": 2804.865,
                "Actual Total Time": 2815.974,
                "Actual Rows": 1458,
                "Actual Loops": 1,
                "Output": [
                    "cn.name",
                    "mi_idx.info",
                    "t.title"
                ],
                "Inner Unique": true,
                "Plans": [
                    {
                        "Node Type": "Nested Loop",
                        "Parent Relationship": "Outer",
                        "Parallel Aware": false,
                        "Join Type": "Inner",
                        "Startup Cost": 40000527753.61,
                        "Total Cost": 40000527753.75,
                        "Plan Rows": 1,
                        "Plan Width": 45,
                        "Actual Startup Time": 2804.85,
                        "Actual Total Time": 2809.837,
                        "Actual Rows": 1529,
                        "Actual Loops": 1,
                        "Output": [
                            "cn.name",
                            "mi_idx.info",
                            "t.title",
                            "t.kind_id"
                        ],
                        "Inner Unique": true,
                        "Plans": [
                            {
                                "Node Type": "Merge Join",
                                "Parent Relationship": "Outer",
                                "Parallel Aware": false,
                                "Join Type": "Inner",
                                "Startup Cost": 40000527753.19,
                                "Total Cost": 40000527753.2,
                                "Plan Rows": 1,
                                "Plan Width": 30,
                                "Actual Startup Time": 2804.832,
                                "Actual Total Time": 2805.857,
                                "Actual Rows": 1567,
                                "Actual Loops": 1,
                                "Output": [
                                    "mc.company_id",
                                    "mi_idx.info",
                                    "t.title",
                                    "t.kind_id"
                                ],
                                "Inner Unique": false,
                                "Merge Cond": "(mi_idx.info_type_id = it2.id)",
                                "Plans": [
                                    {
                                        "Node Type": "Sort",
                                        "Parent Relationship": "Outer",
                                        "Parallel Aware": false,
                                        "Startup Cost": 40000527750.76,
                                        "Total Cost": 40000527750.76,
                                        "Plan Rows": 1,
                                        "Plan Width": 34,
                                        "Actual Startup Time": 2804.505,
                                        "Actual Total Time": 2805.097,
                                        "Actual Rows": 4659,
                                        "Actual Loops": 1,
                                        "Output": [
                                            "mc.company_id",
                                            "mi_idx.info",
                                            "mi_idx.info_type_id",
                                            "t.title",
                                            "t.kind_id"
                                        ],
                                        "Sort Key": [
                                            "mi_idx.info_type_id"
                                        ],
                                        "Sort Method": "quicksort",
                                        "Sort Space Used": 580,
                                        "Sort Space Type": "Memory",
                                        "Plans": [
                                            {
                                                "Node Type": "Nested Loop",
                                                "Parent Relationship": "Outer",
                                                "Parallel Aware": false,
                                                "Join Type": "Inner",
                                                "Startup Cost": 40000527738.59,
                                                "Total Cost": 40000527750.75,
                                                "Plan Rows": 1,
                                                "Plan Width": 34,
                                                "Actual Startup Time": 2793.311,
                                                "Actual Total Time": 2803.566,
                                                "Actual Rows": 4817,
                                                "Actual Loops": 1,
                                                "Output": [
                                                    "mc.company_id",
                                                    "mi_idx.info",
                                                    "mi_idx.info_type_id",
                                                    "t.title",
                                                    "t.kind_id"
                                                ],
                                                "Inner Unique": false,
                                                "Join Filter": "(t.id = mi_idx.movie_id)",
                                                "Rows Removed by Join Filter": 0,
                                                "Plans": [
                                                    {
                                                        "Node Type": "Merge Join",
                                                        "Parent Relationship": "Outer",
                                                        "Parallel Aware": false,
                                                        "Join Type": "Inner",
                                                        "Startup Cost": 30000527738.14,
                                                        "Total Cost": 30000527746.21,
                                                        "Plan Rows": 1,
                                                        "Plan Width": 45,
                                                        "Actual Startup Time": 2793.272,
                                                        "Actual Total Time": 2794.008,
                                                        "Actual Rows": 1647,
                                                        "Actual Loops": 1,
                                                        "Output": [
                                                            "cc.movie_id",
                                                            "mc.movie_id",
                                                            "mc.company_id",
                                                            "mi.movie_id",
                                                            "mk.movie_id",
                                                            "t.title",
                                                            "t.kind_id",
                                                            "t.id"
                                                        ],
                                                        "Inner Unique": true,
                                                        "Merge Cond": "(cc.status_id = cct2.id)",
                                                        "Plans": [
                                                            {
                                                                "Node Type": "Sort",
                                                                "Parent Relationship": "Outer",
                                                                "Parallel Aware": false,
                                                                "Startup Cost": 30000527733.98,
                                                                "Total Cost": 30000527733.99,
                                                                "Plan Rows": 1,
                                                                "Plan Width": 49,
                                                                "Actual Startup Time": 2793.257,
                                                                "Actual Total Time": 2793.631,
                                                                "Actual Rows": 1648,
                                                                "Actual Loops": 1,
                                                                "Output": [
                                                                    "cc.movie_id",
                                                                    "cc.status_id",
                                                                    "mc.movie_id",
                                                                    "mc.company_id",
                                                                    "mi.movie_id",
                                                                    "mk.movie_id",
                                                                    "t.title",
                                                                    "t.kind_id",
                                                                    "t.id"
                                                                ],
                                                                "Sort Key": [
                                                                    "cc.status_id"
                                                                ],
                                                                "Sort Method": "quicksort",
                                                                "Sort Space Used": 234,
                                                                "Sort Space Type": "Memory",
                                                                "Plans": [
                                                                    {
                                                                        "Node Type": "Hash Join",
                                                                        "Parent Relationship": "Outer",
                                                                        "Parallel Aware": false,
                                                                        "Join Type": "Inner",
                                                                        "Startup Cost": 30000526979.97,
                                                                        "Total Cost": 30000527733.97,
                                                                        "Plan Rows": 1,
                                                                        "Plan Width": 49,
                                                                        "Actual Startup Time": 2647.307,
                                                                        "Actual Total Time": 2792.57,
                                                                        "Actual Rows": 1985,
                                                                        "Actual Loops": 1,
                                                                        "Output": [
                                                                            "cc.movie_id",
                                                                            "cc.status_id",
                                                                            "mc.movie_id",
                                                                            "mc.company_id",
                                                                            "mi.movie_id",
                                                                            "mk.movie_id",
                                                                            "t.title",
                                                                            "t.kind_id",
                                                                            "t.id"
                                                                        ],
                                                                        "Inner Unique": false,
                                                                        "Hash Cond": "(cc.subject_id = cct1.id)",
                                                                        "Plans": [
                                                                            {
                                                                                "Node Type": "Nested Loop",
                                                                                "Parent Relationship": "Outer",
                                                                                "Parallel Aware": false,
                                                                                "Join Type": "Inner",
                                                                                "Startup Cost": 30000526978.9,
                                                                                "Total Cost": 30000527732.9,
                                                                                "Plan Rows": 1,
                                                                                "Plan Width": 53,
                                                                                "Actual Startup Time": 2647.265,
                                                                                "Actual Total Time": 2789.586,
                                                                                "Actual Rows": 11029,
                                                                                "Actual Loops": 1,
                                                                                "Output": [
                                                                                    "cc.movie_id",
                                                                                    "cc.subject_id",
                                                                                    "cc.status_id",
                                                                                    "mc.movie_id",
                                                                                    "mc.company_id",
                                                                                    "mi.movie_id",
                                                                                    "mk.movie_id",
                                                                                    "t.title",
                                                                                    "t.kind_id",
                                                                                    "t.id"
                                                                                ],
                                                                                "Inner Unique": true,
                                                                                "Plans": [
                                                                                    {
                                                                                        "Node Type": "Hash Join",
                                                                                        "Parent Relationship": "Outer",
                                                                                        "Parallel Aware": false,
                                                                                        "Join Type": "Inner",
                                                                                        "Startup Cost": 20000526978.77,
                                                                                        "Total Cost": 20000527727.14,
                                                                                        "Plan Rows": 1,
                                                                                        "Plan Width": 57,
                                                                                        "Actual Startup Time": 2647.251,
                                                                                        "Actual Total Time": 2748.301,
                                                                                        "Actual Rows": 11029,
                                                                                        "Actual Loops": 1,
                                                                                        "Output": [
                                                                                            "cc.movie_id",
                                                                                            "cc.subject_id",
                                                                                            "cc.status_id",
                                                                                            "mc.movie_id",
                                                                                            "mc.company_type_id",
                                                                                            "mc.company_id",
                                                                                            "mi.movie_id",
                                                                                            "mk.movie_id",
                                                                                            "t.title",
                                                                                            "t.kind_id",
                                                                                            "t.id"
                                                                                        ],
                                                                                        "Inner Unique": false,
                                                                                        "Hash Cond": "(mi.movie_id = t.id)",
                                                                                        "Plans": [
                                                                                            {
                                                                                                "Node Type": "Nested Loop",
                                                                                                "Parent Relationship": "Outer",
                                                                                                "Parallel Aware": false,
                                                                                                "Join Type": "Inner",
                                                                                                "Startup Cost": 20000439816.87,
                                                                                                "Total Cost": 20000440565.23,
                                                                                                "Plan Rows": 1,
                                                                                                "Plan Width": 32,
                                                                                                "Actual Startup Time": 1550.187,
                                                                                                "Actual Total Time": 1646.47,
                                                                                                "Actual Rows": 11407,
                                                                                                "Actual Loops": 1,
                                                                                                "Output": [
                                                                                                    "cc.movie_id",
                                                                                                    "cc.subject_id",
                                                                                                    "cc.status_id",
                                                                                                    "mc.movie_id",
                                                                                                    "mc.company_type_id",
                                                                                                    "mc.company_id",
                                                                                                    "mi.movie_id",
                                                                                                    "mk.movie_id"
                                                                                                ],
                                                                                                "Inner Unique": false,
                                                                                                "Join Filter": "(mi.movie_id = cc.movie_id)",
                                                                                                "Rows Removed by Join Filter": 0,
                                                                                                "Plans": [
                                                                                                    {
                                                                                                        "Node Type": "Merge Join",
                                                                                                        "Parent Relationship": "Outer",
                                                                                                        "Parallel Aware": false,
                                                                                                        "Join Type": "Inner",
                                                                                                        "Startup Cost": 10000439816.43,
                                                                                                        "Total Cost": 10000440560.74,
                                                                                                        "Plan Rows": 1,
                                                                                                        "Plan Width": 20,
                                                                                                        "Actual Startup Time": 1548.021,
                                                                                                        "Actual Total Time": 1581.701,
                                                                                                        "Actual Rows": 13698,
                                                                                                        "Actual Loops": 1,
                                                                                                        "Output": [
                                                                                                            "mi.movie_id",
                                                                                                            "mc.movie_id",
                                                                                                            "mc.company_type_id",
                                                                                                            "mc.company_id",
                                                                                                            "mk.movie_id"
                                                                                                        ],
                                                                                                        "Inner Unique": false,
                                                                                                        "Merge Cond": "(mi.movie_id = mc.movie_id)",
                                                                                                        "Plans": [
                                                                                                            {
                                                                                                                "Node Type": "Sort",
                                                                                                                "Parent Relationship": "Outer",
                                                                                                                "Parallel Aware": false,
                                                                                                                "Startup Cost": 10000339777.37,
                                                                                                                "Total Cost": 10000339777.37,
                                                                                                                "Plan Rows": 3,
                                                                                                                "Plan Width": 8,
                                                                                                                "Actual Startup Time": 1220.318,
                                                                                                                "Actual Total Time": 1220.789,
                                                                                                                "Actual Rows": 2235,
                                                                                                                "Actual Loops": 1,
                                                                                                                "Output": [
                                                                                                                    "mi.movie_id",
                                                                                                                    "mk.movie_id"
                                                                                                                ],
                                                                                                                "Sort Key": [
                                                                                                                    "mi.movie_id"
                                                                                                                ],
                                                                                                                "Sort Method": "quicksort",
                                                                                                                "Sort Space Used": 201,
                                                                                                                "Sort Space Type": "Memory",
                                                                                                                "Plans": [
                                                                                                                    {
                                                                                                                        "Node Type": "Hash Join",
                                                                                                                        "Parent Relationship": "Outer",
                                                                                                                        "Parallel Aware": false,
                                                                                                                        "Join Type": "Inner",
                                                                                                                        "Startup Cost": 10000338547.07,
                                                                                                                        "Total Cost": 10000339777.34,
                                                                                                                        "Plan Rows": 3,
                                                                                                                        "Plan Width": 8,
                                                                                                                        "Actual Startup Time": 1203.901,
                                                                                                                        "Actual Total Time": 1219.946,
                                                                                                                        "Actual Rows": 2235,
                                                                                                                        "Actual Loops": 1,
                                                                                                                        "Output": [
                                                                                                                            "mi.movie_id",
                                                                                                                            "mk.movie_id"
                                                                                                                        ],
                                                                                                                        "Inner Unique": false,
                                                                                                                        "Hash Cond": "(mi.movie_id = mk.movie_id)",
                                                                                                                        "Plans": [
                                                                                                                            {
                                                                                                                                "Node Type": "Hash Join",
                                                                                                                                "Parent Relationship": "Outer",
                                                                                                                                "Parallel Aware": false,
                                                                                                                                "Join Type": "Inner",
                                                                                                                                "Startup Cost": 328493.86,
                                                                                                                                "Total Cost": 329675.38,
                                                                                                                                "Plan Rows": 7796,
                                                                                                                                "Plan Width": 4,
                                                                                                                                "Actual Startup Time": 1065.682,
                                                                                                                                "Actual Total Time": 1073.327,
                                                                                                                                "Actual Rows": 71273,
                                                                                                                                "Actual Loops": 1,
                                                                                                                                "Output": [
                                                                                                                                    "mi.movie_id"
                                                                                                                                ],
                                                                                                                                "Inner Unique": false,
                                                                                                                                "Hash Cond": "(it1.id = mi.info_type_id)",
                                                                                                                                "Plans": [
                                                                                                                                    {
                                                                                                                                        "Node Type": "Seq Scan",
                                                                                                                                        "Parent Relationship": "Outer",
                                                                                                                                        "Parallel Aware": false,
                                                                                                                                        "Relation Name": "info_type",
                                                                                                                                        "Schema": "public",
                                                                                                                                        "Alias": "it1",
                                                                                                                                        "Startup Cost": 0.0,
                                                                                                                                        "Total Cost": 2.41,
                                                                                                                                        "Plan Rows": 1,
                                                                                                                                        "Plan Width": 4,
                                                                                                                                        "Actual Startup Time": 0.025,
                                                                                                                                        "Actual Total Time": 0.04,
                                                                                                                                        "Actual Rows": 1,
                                                                                                                                        "Actual Loops": 1,
                                                                                                                                        "Output": [
                                                                                                                                            "it1.id",
                                                                                                                                            "it1.info"
                                                                                                                                        ],
                                                                                                                                        "Filter": "((it1.info)::text = 'countries'::text)",
                                                                                                                                        "Rows Removed by Filter": 112
                                                                                                                                    },
                                                                                                                                    {
                                                                                                                                        "Node Type": "Hash",
                                                                                                                                        "Parent Relationship": "Inner",
                                                                                                                                        "Parallel Aware": false,
                                                                                                                                        "Startup Cost": 317482.43,
                                                                                                                                        "Total Cost": 317482.43,
                                                                                                                                        "Plan Rows": 880915,
                                                                                                                                        "Plan Width": 8,
                                                                                                                                        "Actual Startup Time": 1064.274,
                                                                                                                                        "Actual Total Time": 1064.424,
                                                                                                                                        "Actual Rows": 941710,
                                                                                                                                        "Actual Loops": 1,
                                                                                                                                        "Output": [
                                                                                                                                            "mi.movie_id",
                                                                                                                                            "mi.info_type_id"
                                                                                                                                        ],
                                                                                                                                        "Hash Buckets": 1048576,
                                                                                                                                        "Original Hash Buckets": 1048576,
                                                                                                                                        "Hash Batches": 1,
                                                                                                                                        "Original Hash Batches": 1,
                                                                                                                                        "Peak Memory Usage": 44978,
                                                                                                                                        "Plans": [
                                                                                                                                            {
                                                                                                                                                "Node Type": "Gather",
                                                                                                                                                "Parent Relationship": "Outer",
                                                                                                                                                "Parallel Aware": false,
                                                                                                                                                "Startup Cost": 1000.0,
                                                                                                                                                "Total Cost": 317482.43,
                                                                                                                                                "Plan Rows": 880915,
                                                                                                                                                "Plan Width": 8,
                                                                                                                                                "Actual Startup Time": 0.539,
                                                                                                                                                "Actual Total Time": 950.373,
                                                                                                                                                "Actual Rows": 941710,
                                                                                                                                                "Actual Loops": 1,
                                                                                                                                                "Output": [
                                                                                                                                                    "mi.movie_id",
                                                                                                                                                    "mi.info_type_id"
                                                                                                                                                ],
                                                                                                                                                "Workers Planned": 5,
                                                                                                                                                "Workers Launched": 5,
                                                                                                                                                "Single Copy": false,
                                                                                                                                                "Plans": [
                                                                                                                                                    {
                                                                                                                                                        "Node Type": "Seq Scan",
                                                                                                                                                        "Parent Relationship": "Outer",
                                                                                                                                                        "Parallel Aware": true,
                                                                                                                                                        "Relation Name": "movie_info",
                                                                                                                                                        "Schema": "public",
                                                                                                                                                        "Alias": "mi",
                                                                                                                                                        "Startup Cost": 0.0,
                                                                                                                                                        "Total Cost": 228390.93,
                                                                                                                                                        "Plan Rows": 176183,
                                                                                                                                                        "Plan Width": 8,
                                                                                                                                                        "Actual Startup Time": 0.109,
                                                                                                                                                        "Actual Total Time": 922.547,
                                                                                                                                                        "Actual Rows": 156952,
                                                                                                                                                        "Actual Loops": 6,
                                                                                                                                                        "Output": [
                                                                                                                                                            "mi.movie_id",
                                                                                                                                                            "mi.info_type_id"
                                                                                                                                                        ],
                                                                                                                                                        "Filter": "(mi.info = ANY ('{Sweden,German,Germany,Danish,American,Denmark,Norwegian,English,Swedish,America}'::text[]))",
                                                                                                                                                        "Rows Removed by Filter": 2315668,
                                                                                                                                                        "Workers": [
                                                                                                                                                            {
                                                                                                                                                                "Worker Number": 0,
                                                                                                                                                                "Actual Startup Time": 0.136,
                                                                                                                                                                "Actual Total Time": 938.511,
                                                                                                                                                                "Actual Rows": 179733,
                                                                                                                                                                "Actual Loops": 1
                                                                                                                                                            },
                                                                                                                                                            {
                                                                                                                                                                "Worker Number": 1,
                                                                                                                                                                "Actual Startup Time": 0.119,
                                                                                                                                                                "Actual Total Time": 948.968,
                                                                                                                                                                "Actual Rows": 188268,
                                                                                                                                                                "Actual Loops": 1
                                                                                                                                                            },
                                                                                                                                                            {
                                                                                                                                                                "Worker Number": 2,
                                                                                                                                                                "Actual Startup Time": 0.122,
                                                                                                                                                                "Actual Total Time": 950.136,
                                                                                                                                                                "Actual Rows": 191406,
                                                                                                                                                                "Actual Loops": 1
                                                                                                                                                            },
                                                                                                                                                            {
                                                                                                                                                                "Worker Number": 3,
                                                                                                                                                                "Actual Startup Time": 0.12,
                                                                                                                                                                "Actual Total Time": 942.719,
                                                                                                                                                                "Actual Rows": 180484,
                                                                                                                                                                "Actual Loops": 1
                                                                                                                                                            },
                                                                                                                                                            {
                                                                                                                                                                "Worker Number": 4,
                                                                                                                                                                "Actual Startup Time": 0.142,
                                                                                                                                                                "Actual Total Time": 941.442,
                                                                                                                                                                "Actual Rows": 179249,
                                                                                                                                                                "Actual Loops": 1
                                                                                                                                                            }
                                                                                                                                                        ]
                                                                                                                                                    }
                                                                                                                                                ]
                                                                                                                                            }
                                                                                                                                        ]
                                                                                                                                    }
                                                                                                                                ]
                                                                                                                            },
                                                                                                                            {
                                                                                                                                "Node Type": "Hash",
                                                                                                                                "Parent Relationship": "Inner",
                                                                                                                                "Parallel Aware": false,
                                                                                                                                "Startup Cost": 10000010051.52,
                                                                                                                                "Total Cost": 10000010051.52,
                                                                                                                                "Plan Rows": 135,
                                                                                                                                "Plan Width": 4,
                                                                                                                                "Actual Startup Time": 138.193,
                                                                                                                                "Actual Total Time": 138.197,
                                                                                                                                "Actual Rows": 37091,
                                                                                                                                "Actual Loops": 1,
                                                                                                                                "Output": [
                                                                                                                                    "mk.movie_id"
                                                                                                                                ],
                                                                                                                                "Hash Buckets": 65536,
                                                                                                                                "Original Hash Buckets": 1024,
                                                                                                                                "Hash Batches": 1,
                                                                                                                                "Original Hash Batches": 1,
                                                                                                                                "Peak Memory Usage": 1816,
                                                                                                                                "Plans": [
                                                                                                                                    {
                                                                                                                                        "Node Type": "Nested Loop",
                                                                                                                                        "Parent Relationship": "Outer",
                                                                                                                                        "Parallel Aware": false,
                                                                                                                                        "Join Type": "Inner",
                                                                                                                                        "Startup Cost": 10000000011.18,
                                                                                                                                        "Total Cost": 10000010051.52,
                                                                                                                                        "Plan Rows": 135,
                                                                                                                                        "Plan Width": 4,
                                                                                                                                        "Actual Startup Time": 4.703,
                                                                                                                                        "Actual Total Time": 132.15,
                                                                                                                                        "Actual Rows": 37091,
                                                                                                                                        "Actual Loops": 1,
                                                                                                                                        "Output": [
                                                                                                                                            "mk.movie_id"
                                                                                                                                        ],
                                                                                                                                        "Inner Unique": false,
                                                                                                                                        "Plans": [
                                                                                                                                            {
                                                                                                                                                "Node Type": "Index Scan",
                                                                                                                                                "Parent Relationship": "Outer",
                                                                                                                                                "Parallel Aware": false,
                                                                                                                                                "Scan Direction": "Forward",
                                                                                                                                                "Index Name": "keyword_pkey",
                                                                                                                                                "Relation Name": "keyword",
                                                                                                                                                "Schema": "public",
                                                                                                                                                "Alias": "k",
                                                                                                                                                "Startup Cost": 0.42,
                                                                                                                                                "Total Cost": 5678.35,
                                                                                                                                                "Plan Rows": 4,
                                                                                                                                                "Plan Width": 4,
                                                                                                                                                "Actual Startup Time": 0.235,
                                                                                                                                                "Actual Total Time": 67.756,
                                                                                                                                                "Actual Rows": 3,
                                                                                                                                                "Actual Loops": 1,
                                                                                                                                                "Output": [
                                                                                                                                                    "k.id",
                                                                                                                                                    "k.keyword",
                                                                                                                                                    "k.phonetic_code"
                                                                                                                                                ],
                                                                                                                                                "Filter": "(k.keyword = ANY ('{murder,murder-in-title,blood,violence}'::text[]))",
                                                                                                                                                "Rows Removed by Filter": 134167
                                                                                                                                            },
                                                                                                                                            {
                                                                                                                                                "Node Type": "Bitmap Heap Scan",
                                                                                                                                                "Parent Relationship": "Inner",
                                                                                                                                                "Parallel Aware": false,
                                                                                                                                                "Relation Name": "movie_keyword",
                                                                                                                                                "Schema": "public",
                                                                                                                                                "Alias": "mk",
                                                                                                                                                "Startup Cost": 10.76,
                                                                                                                                                "Total Cost": 1090.29,
                                                                                                                                                "Plan Rows": 300,
                                                                                                                                                "Plan Width": 8,
                                                                                                                                                "Actual Startup Time": 3.07,
                                                                                                                                                "Actual Total Time": 19.829,
                                                                                                                                                "Actual Rows": 12364,
                                                                                                                                                "Actual Loops": 3,
                                                                                                                                                "Output": [
                                                                                                                                                    "mk.id",
                                                                                                                                                    "mk.movie_id",
                                                                                                                                                    "mk.keyword_id"
                                                                                                                                                ],
                                                                                                                                                "Recheck Cond": "(mk.keyword_id = k.id)",
                                                                                                                                                "Rows Removed by Index Recheck": 0,
                                                                                                                                                "Exact Heap Blocks": 26312,
                                                                                                                                                "Lossy Heap Blocks": 0,
                                                                                                                                                "Plans": [
                                                                                                                                                    {
                                                                                                                                                        "Node Type": "Bitmap Index Scan",
                                                                                                                                                        "Parent Relationship": "Outer",
                                                                                                                                                        "Parallel Aware": false,
                                                                                                                                                        "Index Name": "keyword_id_movie_keyword",
                                                                                                                                                        "Startup Cost": 0.0,
                                                                                                                                                        "Total Cost": 10.68,
                                                                                                                                                        "Plan Rows": 300,
                                                                                                                                                        "Plan Width": 0,
                                                                                                                                                        "Actual Startup Time": 1.479,
                                                                                                                                                        "Actual Total Time": 1.48,
                                                                                                                                                        "Actual Rows": 12364,
                                                                                                                                                        "Actual Loops": 3,
                                                                                                                                                        "Index Cond": "(mk.keyword_id = k.id)"
                                                                                                                                                    }
                                                                                                                                                ]
                                                                                                                                            }
                                                                                                                                        ]
                                                                                                                                    }
                                                                                                                                ]
                                                                                                                            }
                                                                                                                        ]
                                                                                                                    }
                                                                                                                ]
                                                                                                            },
                                                                                                            {
                                                                                                                "Node Type": "Sort",
                                                                                                                "Parent Relationship": "Inner",
                                                                                                                "Parallel Aware": false,
                                                                                                                "Startup Cost": 100039.06,
                                                                                                                "Total Cost": 100411.21,
                                                                                                                "Plan Rows": 148857,
                                                                                                                "Plan Width": 12,
                                                                                                                "Actual Startup Time": 327.373,
                                                                                                                "Actual Total Time": 342.921,
                                                                                                                "Actual Rows": 310274,
                                                                                                                "Actual Loops": 1,
                                                                                                                "Output": [
                                                                                                                    "mc.movie_id",
                                                                                                                    "mc.company_type_id",
                                                                                                                    "mc.company_id"
                                                                                                                ],
                                                                                                                "Sort Key": [
                                                                                                                    "mc.movie_id"
                                                                                                                ],
                                                                                                                "Sort Method": "quicksort",
                                                                                                                "Sort Space Used": 26504,
                                                                                                                "Sort Space Type": "Memory",
                                                                                                                "Plans": [
                                                                                                                    {
                                                                                                                        "Node Type": "Gather",
                                                                                                                        "Parent Relationship": "Outer",
                                                                                                                        "Parallel Aware": false,
                                                                                                                        "Startup Cost": 1000.43,
                                                                                                                        "Total Cost": 87249.59,
                                                                                                                        "Plan Rows": 148857,
                                                                                                                        "Plan Width": 12,
                                                                                                                        "Actual Startup Time": 0.488,
                                                                                                                        "Actual Total Time": 269.929,
                                                                                                                        "Actual Rows": 303271,
                                                                                                                        "Actual Loops": 1,
                                                                                                                        "Output": [
                                                                                                                            "mc.movie_id",
                                                                                                                            "mc.company_type_id",
                                                                                                                            "mc.company_id"
                                                                                                                        ],
                                                                                                                        "Workers Planned": 3,
                                                                                                                        "Workers Launched": 3,
                                                                                                                        "Single Copy": false,
                                                                                                                        "Plans": [
                                                                                                                            {
                                                                                                                                "Node Type": "Index Scan",
                                                                                                                                "Parent Relationship": "Outer",
                                                                                                                                "Parallel Aware": true,
                                                                                                                                "Scan Direction": "Forward",
                                                                                                                                "Index Name": "company_type_id_movie_companies",
                                                                                                                                "Relation Name": "movie_companies",
                                                                                                                                "Schema": "public",
                                                                                                                                "Alias": "mc",
                                                                                                                                "Startup Cost": 0.43,
                                                                                                                                "Total Cost": 71363.89,
                                                                                                                                "Plan Rows": 48018,
                                                                                                                                "Plan Width": 12,
                                                                                                                                "Actual Startup Time": 0.22,
                                                                                                                                "Actual Total Time": 235.711,
                                                                                                                                "Actual Rows": 75818,
                                                                                                                                "Actual Loops": 4,
                                                                                                                                "Output": [
                                                                                                                                    "mc.movie_id",
                                                                                                                                    "mc.company_type_id",
                                                                                                                                    "mc.company_id"
                                                                                                                                ],
                                                                                                                                "Filter": "((mc.note !~~ '%(USA)%'::text) AND (mc.note ~~ '%(200%)%'::text))",
                                                                                                                                "Rows Removed by Filter": 576464,
                                                                                                                                "Workers": [
                                                                                                                                    {
                                                                                                                                        "Worker Number": 0,
                                                                                                                                        "Actual Startup Time": 0.489,
                                                                                                                                        "Actual Total Time": 261.791,
                                                                                                                                        "Actual Rows": 81101,
                                                                                                                                        "Actual Loops": 1
                                                                                                                                    },
                                                                                                                                    {
                                                                                                                                        "Worker Number": 1,
                                                                                                                                        "Actual Startup Time": 0.172,
                                                                                                                                        "Actual Total Time": 244.465,
                                                                                                                                        "Actual Rows": 74164,
                                                                                                                                        "Actual Loops": 1
                                                                                                                                    },
                                                                                                                                    {
                                                                                                                                        "Worker Number": 2,
                                                                                                                                        "Actual Startup Time": 0.17,
                                                                                                                                        "Actual Total Time": 246.088,
                                                                                                                                        "Actual Rows": 76218,
                                                                                                                                        "Actual Loops": 1
                                                                                                                                    }
                                                                                                                                ]
                                                                                                                            }
                                                                                                                        ]
                                                                                                                    }
                                                                                                                ]
                                                                                                            }
                                                                                                        ]
                                                                                                    },
                                                                                                    {
                                                                                                        "Node Type": "Bitmap Heap Scan",
                                                                                                        "Parent Relationship": "Inner",
                                                                                                        "Parallel Aware": false,
                                                                                                        "Relation Name": "complete_cast",
                                                                                                        "Schema": "public",
                                                                                                        "Alias": "cc",
                                                                                                        "Startup Cost": 0.44,
                                                                                                        "Total Cost": 4.46,
                                                                                                        "Plan Rows": 2,
                                                                                                        "Plan Width": 12,
                                                                                                        "Actual Startup Time": 0.003,
                                                                                                        "Actual Total Time": 0.003,
                                                                                                        "Actual Rows": 1,
                                                                                                        "Actual Loops": 13698,
                                                                                                        "Output": [
                                                                                                            "cc.id",
                                                                                                            "cc.movie_id",
                                                                                                            "cc.subject_id",
                                                                                                            "cc.status_id"
                                                                                                        ],
                                                                                                        "Recheck Cond": "(cc.movie_id = mk.movie_id)",
                                                                                                        "Rows Removed by Index Recheck": 0,
                                                                                                        "Exact Heap Blocks": 11407,
                                                                                                        "Lossy Heap Blocks": 0,
                                                                                                        "Plans": [
                                                                                                            {
                                                                                                                "Node Type": "Bitmap Index Scan",
                                                                                                                "Parent Relationship": "Outer",
                                                                                                                "Parallel Aware": false,
                                                                                                                "Index Name": "movie_id_complete_cast",
                                                                                                                "Startup Cost": 0.0,
                                                                                                                "Total Cost": 0.44,
                                                                                                                "Plan Rows": 2,
                                                                                                                "Plan Width": 0,
                                                                                                                "Actual Startup Time": 0.002,
                                                                                                                "Actual Total Time": 0.002,
                                                                                                                "Actual Rows": 1,
                                                                                                                "Actual Loops": 13698,
                                                                                                                "Index Cond": "(cc.movie_id = mk.movie_id)"
                                                                                                            }
                                                                                                        ]
                                                                                                    }
                                                                                                ]
                                                                                            },
                                                                                            {
                                                                                                "Node Type": "Hash",
                                                                                                "Parent Relationship": "Inner",
                                                                                                "Parallel Aware": false,
                                                                                                "Startup Cost": 67602.02,
                                                                                                "Total Cost": 67602.02,
                                                                                                "Plan Rows": 1564790,
                                                                                                "Plan Width": 25,
                                                                                                "Actual Startup Time": 1093.822,
                                                                                                "Actual Total Time": 1093.823,
                                                                                                "Actual Rows": 1570568,
                                                                                                "Actual Loops": 1,
                                                                                                "Output": [
                                                                                                    "t.title",
                                                                                                    "t.kind_id",
                                                                                                    "t.id"
                                                                                                ],
                                                                                                "Hash Buckets": 2097152,
                                                                                                "Original Hash Buckets": 2097152,
                                                                                                "Hash Batches": 1,
                                                                                                "Original Hash Batches": 1,
                                                                                                "Peak Memory Usage": 106585,
                                                                                                "Plans": [
                                                                                                    {
                                                                                                        "Node Type": "Seq Scan",
                                                                                                        "Parent Relationship": "Outer",
                                                                                                        "Parallel Aware": false,
                                                                                                        "Relation Name": "title",
                                                                                                        "Schema": "public",
                                                                                                        "Alias": "t",
                                                                                                        "Startup Cost": 0.0,
                                                                                                        "Total Cost": 67602.02,
                                                                                                        "Plan Rows": 1564790,
                                                                                                        "Plan Width": 25,
                                                                                                        "Actual Startup Time": 0.029,
                                                                                                        "Actual Total Time": 479.187,
                                                                                                        "Actual Rows": 1570568,
                                                                                                        "Actual Loops": 1,
                                                                                                        "Output": [
                                                                                                            "t.title",
                                                                                                            "t.kind_id",
                                                                                                            "t.id"
                                                                                                        ],
                                                                                                        "Filter": "(t.production_year > 1996)",
                                                                                                        "Rows Removed by Filter": 957744
                                                                                                    }
                                                                                                ]
                                                                                            }
                                                                                        ]
                                                                                    },
                                                                                    {
                                                                                        "Node Type": "Bitmap Heap Scan",
                                                                                        "Parent Relationship": "Inner",
                                                                                        "Parallel Aware": false,
                                                                                        "Relation Name": "company_type",
                                                                                        "Schema": "public",
                                                                                        "Alias": "ct",
                                                                                        "Startup Cost": 0.14,
                                                                                        "Total Cost": 4.15,
                                                                                        "Plan Rows": 1,
                                                                                        "Plan Width": 4,
                                                                                        "Actual Startup Time": 0.002,
                                                                                        "Actual Total Time": 0.002,
                                                                                        "Actual Rows": 1,
                                                                                        "Actual Loops": 11029,
                                                                                        "Output": [
                                                                                            "ct.id",
                                                                                            "ct.kind"
                                                                                        ],
                                                                                        "Recheck Cond": "(ct.id = mc.company_type_id)",
                                                                                        "Rows Removed by Index Recheck": 0,
                                                                                        "Exact Heap Blocks": 11029,
                                                                                        "Lossy Heap Blocks": 0,
                                                                                        "Plans": [
                                                                                            {
                                                                                                "Node Type": "Bitmap Index Scan",
                                                                                                "Parent Relationship": "Outer",
                                                                                                "Parallel Aware": false,
                                                                                                "Index Name": "company_type_pkey",
                                                                                                "Startup Cost": 0.0,
                                                                                                "Total Cost": 0.14,
                                                                                                "Plan Rows": 1,
                                                                                                "Plan Width": 0,
                                                                                                "Actual Startup Time": 0.001,
                                                                                                "Actual Total Time": 0.001,
                                                                                                "Actual Rows": 1,
                                                                                                "Actual Loops": 11029,
                                                                                                "Index Cond": "(ct.id = mc.company_type_id)"
                                                                                            }
                                                                                        ]
                                                                                    }
                                                                                ]
                                                                            },
                                                                            {
                                                                                "Node Type": "Hash",
                                                                                "Parent Relationship": "Inner",
                                                                                "Parallel Aware": false,
                                                                                "Startup Cost": 1.05,
                                                                                "Total Cost": 1.05,
                                                                                "Plan Rows": 1,
                                                                                "Plan Width": 4,
                                                                                "Actual Startup Time": 0.022,
                                                                                "Actual Total Time": 0.023,
                                                                                "Actual Rows": 1,
                                                                                "Actual Loops": 1,
                                                                                "Output": [
                                                                                    "cct1.id"
                                                                                ],
                                                                                "Hash Buckets": 1024,
                                                                                "Original Hash Buckets": 1024,
                                                                                "Hash Batches": 1,
                                                                                "Original Hash Batches": 1,
                                                                                "Peak Memory Usage": 9,
                                                                                "Plans": [
                                                                                    {
                                                                                        "Node Type": "Seq Scan",
                                                                                        "Parent Relationship": "Outer",
                                                                                        "Parallel Aware": false,
                                                                                        "Relation Name": "comp_cast_type",
                                                                                        "Schema": "public",
                                                                                        "Alias": "cct1",
                                                                                        "Startup Cost": 0.0,
                                                                                        "Total Cost": 1.05,
                                                                                        "Plan Rows": 1,
                                                                                        "Plan Width": 4,
                                                                                        "Actual Startup Time": 0.018,
                                                                                        "Actual Total Time": 0.018,
                                                                                        "Actual Rows": 1,
                                                                                        "Actual Loops": 1,
                                                                                        "Output": [
                                                                                            "cct1.id"
                                                                                        ],
                                                                                        "Filter": "((cct1.kind)::text = 'crew'::text)",
                                                                                        "Rows Removed by Filter": 3
                                                                                    }
                                                                                ]
                                                                            }
                                                                        ]
                                                                    }
                                                                ]
                                                            },
                                                            {
                                                                "Node Type": "Index Scan",
                                                                "Parent Relationship": "Inner",
                                                                "Parallel Aware": false,
                                                                "Scan Direction": "Forward",
                                                                "Index Name": "comp_cast_type_pkey",
                                                                "Relation Name": "comp_cast_type",
                                                                "Schema": "public",
                                                                "Alias": "cct2",
                                                                "Startup Cost": 0.13,
                                                                "Total Cost": 12.2,
                                                                "Plan Rows": 3,
                                                                "Plan Width": 4,
                                                                "Actual Startup Time": 0.012,
                                                                "Actual Total Time": 0.014,
                                                                "Actual Rows": 3,
                                                                "Actual Loops": 1,
                                                                "Output": [
                                                                    "cct2.id",
                                                                    "cct2.kind"
                                                                ],
                                                                "Filter": "((cct2.kind)::text <> 'complete+verified'::text)",
                                                                "Rows Removed by Filter": 1
                                                            }
                                                        ]
                                                    },
                                                    {
                                                        "Node Type": "Bitmap Heap Scan",
                                                        "Parent Relationship": "Inner",
                                                        "Parallel Aware": false,
                                                        "Relation Name": "movie_info_idx",
                                                        "Schema": "public",
                                                        "Alias": "mi_idx",
                                                        "Startup Cost": 0.46,
                                                        "Total Cost": 4.5,
                                                        "Plan Rows": 3,
                                                        "Plan Width": 13,
                                                        "Actual Startup Time": 0.003,
                                                        "Actual Total Time": 0.004,
                                                        "Actual Rows": 3,
                                                        "Actual Loops": 1647,
                                                        "Output": [
                                                            "mi_idx.id",
                                                            "mi_idx.movie_id",
                                                            "mi_idx.info_type_id",
                                                            "mi_idx.info",
                                                            "mi_idx.note"
                                                        ],
                                                        "Recheck Cond": "(mi_idx.movie_id = mk.movie_id)",
                                                        "Rows Removed by Index Recheck": 0,
                                                        "Filter": "(mi_idx.info < '8.5'::text)",
                                                        "Rows Removed by Filter": 0,
                                                        "Exact Heap Blocks": 1901,
                                                        "Lossy Heap Blocks": 0,
                                                        "Plans": [
                                                            {
                                                                "Node Type": "Bitmap Index Scan",
                                                                "Parent Relationship": "Outer",
                                                                "Parallel Aware": false,
                                                                "Index Name": "movie_id_movie_info_idx",
                                                                "Startup Cost": 0.0,
                                                                "Total Cost": 0.46,
                                                                "Plan Rows": 3,
                                                                "Plan Width": 0,
                                                                "Actual Startup Time": 0.002,
                                                                "Actual Total Time": 0.002,
                                                                "Actual Rows": 3,
                                                                "Actual Loops": 1647,
                                                                "Index Cond": "(mi_idx.movie_id = mk.movie_id)"
                                                            }
                                                        ]
                                                    }
                                                ]
                                            }
                                        ]
                                    },
                                    {
                                        "Node Type": "Sort",
                                        "Parent Relationship": "Inner",
                                        "Parallel Aware": false,
                                        "Startup Cost": 2.42,
                                        "Total Cost": 2.43,
                                        "Plan Rows": 1,
                                        "Plan Width": 4,
                                        "Actual Startup Time": 0.026,
                                        "Actual Total Time": 0.127,
                                        "Actual Rows": 1,
                                        "Actual Loops": 1,
                                        "Output": [
                                            "it2.id"
                                        ],
                                        "Sort Key": [
                                            "it2.id"
                                        ],
                                        "Sort Method": "quicksort",
                                        "Sort Space Used": 25,
                                        "Sort Space Type": "Memory",
                                        "Plans": [
                                            {
                                                "Node Type": "Seq Scan",
                                                "Parent Relationship": "Outer",
                                                "Parallel Aware": false,
                                                "Relation Name": "info_type",
                                                "Schema": "public",
                                                "Alias": "it2",
                                                "Startup Cost": 0.0,
                                                "Total Cost": 2.41,
                                                "Plan Rows": 1,
                                                "Plan Width": 4,
                                                "Actual Startup Time": 0.017,
                                                "Actual Total Time": 0.018,
                                                "Actual Rows": 1,
                                                "Actual Loops": 1,
                                                "Output": [
                                                    "it2.id"
                                                ],
                                                "Filter": "((it2.info)::text = 'rating'::text)",
                                                "Rows Removed by Filter": 112
                                            }
                                        ]
                                    }
                                ]
                            },
                            {
                                "Node Type": "Index Scan",
                                "Parent Relationship": "Inner",
                                "Parallel Aware": false,
                                "Scan Direction": "Forward",
                                "Index Name": "company_name_pkey",
                                "Relation Name": "company_name",
                                "Schema": "public",
                                "Alias": "cn",
                                "Startup Cost": 0.42,
                                "Total Cost": 0.54,
                                "Plan Rows": 1,
                                "Plan Width": 23,
                                "Actual Startup Time": 0.002,
                                "Actual Total Time": 0.002,
                                "Actual Rows": 1,
                                "Actual Loops": 1567,
                                "Output": [
                                    "cn.id",
                                    "cn.name",
                                    "cn.country_code",
                                    "cn.imdb_id",
                                    "cn.name_pcode_nf",
                                    "cn.name_pcode_sf",
                                    "cn.md5sum"
                                ],
                                "Index Cond": "(cn.id = mc.company_id)",
                                "Rows Removed by Index Recheck": 0,
                                "Filter": "((cn.country_code)::text <> '[us]'::text)",
                                "Rows Removed by Filter": 0
                            }
                        ]
                    },
                    {
                        "Node Type": "Bitmap Heap Scan",
                        "Parent Relationship": "Inner",
                        "Parallel Aware": false,
                        "Relation Name": "kind_type",
                        "Schema": "public",
                        "Alias": "kt",
                        "Startup Cost": 0.14,
                        "Total Cost": 4.16,
                        "Plan Rows": 1,
                        "Plan Width": 4,
                        "Actual Startup Time": 0.002,
                        "Actual Total Time": 0.002,
                        "Actual Rows": 1,
                        "Actual Loops": 1529,
                        "Output": [
                            "kt.id",
                            "kt.kind"
                        ],
                        "Recheck Cond": "(kt.id = t.kind_id)",
                        "Rows Removed by Index Recheck": 0,
                        "Filter": "((kt.kind)::text = ANY ('{movie,episode}'::text[]))",
                        "Rows Removed by Filter": 0,
                        "Exact Heap Blocks": 1529,
                        "Lossy Heap Blocks": 0,
                        "Plans": [
                            {
                                "Node Type": "Bitmap Index Scan",
                                "Parent Relationship": "Outer",
                                "Parallel Aware": false,
                                "Index Name": "kind_type_pkey",
                                "Startup Cost": 0.0,
                                "Total Cost": 0.14,
                                "Plan Rows": 1,
                                "Plan Width": 0,
                                "Actual Startup Time": 0.001,
                                "Actual Total Time": 0.001,
                                "Actual Rows": 1,
                                "Actual Loops": 1529,
                                "Index Cond": "(kt.id = t.kind_id)"
                            }
                        ]
                    }
                ]
            }
        ]
    },
    "Planning Time": 173.79,
    "Triggers": [],
    "Execution Time": 2818.135
}