[
  {
    "Plan": {
      "Node Type": "Aggregate",
      "Strategy": "Plain",
      "Partial Mode": "Finalize",
      "Parallel Aware": false,
      "Startup Cost": 348766.45,
      "Total Cost": 348766.46,
      "Plan Rows": 1,
      "Plan Width": 8,
      "Actual Startup Time": 720.676,
      "Actual Total Time": 770.535,
      "Actual Rows": 1,
      "Actual Loops": 1,
      "Plans": [
        {
          "Node Type": "Gather",
          "Parent Relationship": "Outer",
          "Parallel Aware": false,
          "Startup Cost": 348765.83,
          "Total Cost": 348766.44,
          "Plan Rows": 6,
          "Plan Width": 8,
          "Actual Startup Time": 720.147,
          "Actual Total Time": 770.521,
          "Actual Rows": 7,
          "Actual Loops": 1,
          "Workers Planned": 6,
          "Workers Launched": 6,
          "Single Copy": false,
          "Plans": [
            {
              "Node Type": "Aggregate",
              "Strategy": "Plain",
              "Partial Mode": "Partial",
              "Parent Relationship": "Outer",
              "Parallel Aware": false,
              "Startup Cost": 347765.83,
              "Total Cost": 347765.84,
              "Plan Rows": 1,
              "Plan Width": 8,
              "Actual Startup Time": 713.534,
              "Actual Total Time": 713.536,
              "Actual Rows": 1,
              "Actual Loops": 7,
              "Plans": [
                {
                  "Node Type": "Seq Scan",
                  "Parent Relationship": "Outer",
                  "Parallel Aware": true,
                  "Relation Name": "cast_info",
                  "Alias": "ci",
                  "Startup Cost": 0.0,
                  "Total Cost": 343316.27,
                  "Plan Rows": 1779823,
                  "Plan Width": 0,
                  "Actual Startup Time": 232.844,
                  "Actual Total Time": 614.696,
                  "Actual Rows": 2312126,
                  "Actual Loops": 7,
                  "Filter": "((person_id > 2014233) AND (role_id > 1))",
                  "Rows Removed by Filter": 2865638
                }
              ]
            }
          ]
        }
      ]
    },
    "Planning Time": 0.098,
    "Triggers": [],
    "Execution Time": 770.574
  }
]