[
  {
    "Plan": {
      "Node Type": "Aggregate",
      "Strategy": "Plain",
      "Partial Mode": "Finalize",
      "Parallel Aware": false,
      "Startup Cost": 376344.02,
      "Total Cost": 376344.03,
      "Plan Rows": 1,
      "Plan Width": 8,
      "Actual Startup Time": 1508.832,
      "Actual Total Time": 1591.267,
      "Actual Rows": 1,
      "Actual Loops": 1,
      "Plans": [
        {
          "Node Type": "Gather",
          "Parent Relationship": "Outer",
          "Parallel Aware": false,
          "Startup Cost": 376343.39,
          "Total Cost": 376344.0,
          "Plan Rows": 6,
          "Plan Width": 8,
          "Actual Startup Time": 1507.277,
          "Actual Total Time": 1591.252,
          "Actual Rows": 7,
          "Actual Loops": 1,
          "Workers Planned": 6,
          "Workers Launched": 6,
          "Single Copy": false,
          "Plans": [
            {
              "Node Type": "Aggregate",
              "Strategy": "Plain",
              "Partial Mode": "Partial",
              "Parent Relationship": "Outer",
              "Parallel Aware": false,
              "Startup Cost": 375343.39,
              "Total Cost": 375343.4,
              "Plan Rows": 1,
              "Plan Width": 8,
              "Actual Startup Time": 1496.711,
              "Actual Total Time": 1496.774,
              "Actual Rows": 1,
              "Actual Loops": 7,
              "Plans": [
                {
                  "Node Type": "Hash Join",
                  "Parent Relationship": "Outer",
                  "Parallel Aware": true,
                  "Join Type": "Inner",
                  "Startup Cost": 45804.64,
                  "Total Cost": 374721.43,
                  "Plan Rows": 248783,
                  "Plan Width": 0,
                  "Actual Startup Time": 93.918,
                  "Actual Total Time": 1477.643,
                  "Actual Rows": 396644,
                  "Actual Loops": 7,
                  "Inner Unique": true,
                  "Hash Cond": "(ci.movie_id = t.id)",
                  "Plans": [
                    {
                      "Node Type": "Seq Scan",
                      "Parent Relationship": "Outer",
                      "Parallel Aware": true,
                      "Relation Name": "cast_info",
                      "Alias": "ci",
                      "Startup Cost": 0.0,
                      "Total Cost": 313067.02,
                      "Plan Rows": 6038002,
                      "Plan Width": 4,
                      "Actual Startup Time": 0.017,
                      "Actual Total Time": 545.616,
                      "Actual Rows": 5177763,
                      "Actual Loops": 7
                    },
                    {
                      "Node Type": "Hash",
                      "Parent Relationship": "Inner",
                      "Parallel Aware": true,
                      "Startup Cost": 45479.1,
                      "Total Cost": 45479.1,
                      "Plan Rows": 26043,
                      "Plan Width": 4,
                      "Actual Startup Time": 92.293,
                      "Actual Total Time": 92.294,
                      "Actual Rows": 34271,
                      "Actual Loops": 7,
                      "Hash Buckets": 262144,
                      "Original Hash Buckets": 131072,
                      "Hash Batches": 1,
                      "Original Hash Batches": 1,
                      "Peak Memory Usage": 12608,
                      "Plans": [
                        {
                          "Node Type": "Seq Scan",
                          "Parent Relationship": "Outer",
                          "Parallel Aware": true,
                          "Relation Name": "title",
                          "Alias": "t",
                          "Startup Cost": 0.0,
                          "Total Cost": 45479.1,
                          "Plan Rows": 26043,
                          "Plan Width": 4,
                          "Actual Startup Time": 48.67,
                          "Actual Total Time": 75.909,
                          "Actual Rows": 34271,
                          "Actual Loops": 7,
                          "Filter": "((production_year < 1973) AND (kind_id = 1))",
                          "Rows Removed by Filter": 326916
                        }
                      ]
                    }
                  ]
                }
              ]
            }
          ]
        }
      ]
    },
    "Planning Time": 0.637,
    "Triggers": [],
    "Execution Time": 1591.358
  }
]