[
  {
    "Plan": {
      "Node Type": "Aggregate",
      "Strategy": "Plain",
      "Partial Mode": "Finalize",
      "Parallel Aware": false,
      "Startup Cost": 96072.57,
      "Total Cost": 96072.58,
      "Plan Rows": 1,
      "Plan Width": 8,
      "Actual Startup Time": 319.823,
      "Actual Total Time": 353.052,
      "Actual Rows": 1,
      "Actual Loops": 1,
      "Plans": [
        {
          "Node Type": "Gather",
          "Parent Relationship": "Outer",
          "Parallel Aware": false,
          "Startup Cost": 96072.25,
          "Total Cost": 96072.56,
          "Plan Rows": 3,
          "Plan Width": 8,
          "Actual Startup Time": 319.01,
          "Actual Total Time": 353.042,
          "Actual Rows": 4,
          "Actual Loops": 1,
          "Workers Planned": 3,
          "Workers Launched": 3,
          "Single Copy": false,
          "Plans": [
            {
              "Node Type": "Aggregate",
              "Strategy": "Plain",
              "Partial Mode": "Partial",
              "Parent Relationship": "Outer",
              "Parallel Aware": false,
              "Startup Cost": 95072.25,
              "Total Cost": 95072.26,
              "Plan Rows": 1,
              "Plan Width": 8,
              "Actual Startup Time": 309.393,
              "Actual Total Time": 309.398,
              "Actual Rows": 1,
              "Actual Loops": 4,
              "Plans": [
                {
                  "Node Type": "Nested Loop",
                  "Parent Relationship": "Outer",
                  "Parallel Aware": false,
                  "Join Type": "Inner",
                  "Startup Cost": 38486.05,
                  "Total Cost": 94957.8,
                  "Plan Rows": 45779,
                  "Plan Width": 0,
                  "Actual Startup Time": 112.84,
                  "Actual Total Time": 303.043,
                  "Actual Rows": 128839,
                  "Actual Loops": 4,
                  "Inner Unique": false,
                  "Join Filter": "(t.id = mi.movie_id)",
                  "Rows Removed by Join Filter": 0,
                  "Plans": [
                    {
                      "Node Type": "Hash Join",
                      "Parent Relationship": "Outer",
                      "Parallel Aware": true,
                      "Join Type": "Inner",
                      "Startup Cost": 38485.61,
                      "Total Cost": 70408.71,
                      "Plan Rows": 7829,
                      "Plan Width": 8,
                      "Actual Startup Time": 112.746,
                      "Actual Total Time": 140.635,
                      "Actual Rows": 14113,
                      "Actual Loops": 4,
                      "Inner Unique": true,
                      "Hash Cond": "(mc.movie_id = t.id)",
                      "Plans": [
                        {
                          "Node Type": "Seq Scan",
                          "Parent Relationship": "Outer",
                          "Parallel Aware": true,
                          "Relation Name": "movie_companies",
                          "Alias": "mc",
                          "Startup Cost": 0.0,
                          "Total Cost": 31414.82,
                          "Plan Rows": 193630,
                          "Plan Width": 4,
                          "Actual Startup Time": 30.66,
                          "Actual Total Time": 61.187,
                          "Actual Rows": 97488,
                          "Actual Loops": 4,
                          "Filter": "((company_id < 10212) AND (company_type_id = 2))",
                          "Rows Removed by Filter": 554795
                        },
                        {
                          "Node Type": "Hash",
                          "Parent Relationship": "Inner",
                          "Parallel Aware": true,
                          "Startup Cost": 38166.15,
                          "Total Cost": 38166.15,
                          "Plan Rows": 25557,
                          "Plan Width": 4,
                          "Actual Startup Time": 58.416,
                          "Actual Total Time": 58.417,
                          "Actual Rows": 25134,
                          "Actual Loops": 4,
                          "Hash Buckets": 131072,
                          "Original Hash Buckets": 131072,
                          "Hash Batches": 1,
                          "Original Hash Batches": 1,
                          "Peak Memory Usage": 5056,
                          "Plans": [
                            {
                              "Node Type": "Bitmap Heap Scan",
                              "Parent Relationship": "Outer",
                              "Parallel Aware": true,
                              "Relation Name": "title",
                              "Alias": "t",
                              "Startup Cost": 1848.69,
                              "Total Cost": 38166.15,
                              "Plan Rows": 25557,
                              "Plan Width": 4,
                              "Actual Startup Time": 13.392,
                              "Actual Total Time": 47.807,
                              "Actual Rows": 25134,
                              "Actual Loops": 4,
                              "Recheck Cond": "(kind_id = 3)",
                              "Rows Removed by Index Recheck": 0,
                              "Exact Heap Blocks": 7365,
                              "Lossy Heap Blocks": 0,
                              "Plans": [
                                {
                                  "Node Type": "Bitmap Index Scan",
                                  "Parent Relationship": "Outer",
                                  "Parallel Aware": false,
                                  "Index Name": "kind_id_title",
                                  "Startup Cost": 0.0,
                                  "Total Cost": 1823.13,
                                  "Plan Rows": 102227,
                                  "Plan Width": 0,
                                  "Actual Startup Time": 13.888,
                                  "Actual Total Time": 13.888,
                                  "Actual Rows": 100537,
                                  "Actual Loops": 1,
                                  "Index Cond": "(kind_id = 3)"
                                }
                              ]
                            }
                          ]
                        }
                      ]
                    },
                    {
                      "Node Type": "Index Only Scan",
                      "Parent Relationship": "Inner",
                      "Parallel Aware": false,
                      "Scan Direction": "Forward",
                      "Index Name": "movie_id_movie_info",
                      "Relation Name": "movie_info",
                      "Alias": "mi",
                      "Startup Cost": 0.43,
                      "Total Cost": 2.61,
                      "Plan Rows": 42,
                      "Plan Width": 4,
                      "Actual Startup Time": 0.004,
                      "Actual Total Time": 0.01,
                      "Actual Rows": 9,
                      "Actual Loops": 56452,
                      "Index Cond": "(movie_id = mc.movie_id)",
                      "Rows Removed by Index Recheck": 0,
                      "Heap Fetches": 515357
                    }
                  ]
                }
              ]
            }
          ]
        }
      ]
    },
    "Planning Time": 1.485,
    "Triggers": [],
    "Execution Time": 353.164
  }
]