[
  {
    "Plan": {
      "Node Type": "Aggregate",
      "Strategy": "Plain",
      "Partial Mode": "Finalize",
      "Parallel Aware": false,
      "Startup Cost": 131630.9,
      "Total Cost": 131630.91,
      "Plan Rows": 1,
      "Plan Width": 8,
      "Actual Startup Time": 802.915,
      "Actual Total Time": 824.583,
      "Actual Rows": 1,
      "Actual Loops": 1,
      "Plans": [
        {
          "Node Type": "Gather",
          "Parent Relationship": "Outer",
          "Parallel Aware": false,
          "Startup Cost": 131630.58,
          "Total Cost": 131630.89,
          "Plan Rows": 3,
          "Plan Width": 8,
          "Actual Startup Time": 786.262,
          "Actual Total Time": 824.57,
          "Actual Rows": 4,
          "Actual Loops": 1,
          "Workers Planned": 3,
          "Workers Launched": 3,
          "Single Copy": false,
          "Plans": [
            {
              "Node Type": "Aggregate",
              "Strategy": "Plain",
              "Partial Mode": "Partial",
              "Parent Relationship": "Outer",
              "Parallel Aware": false,
              "Startup Cost": 130630.58,
              "Total Cost": 130630.59,
              "Plan Rows": 1,
              "Plan Width": 8,
              "Actual Startup Time": 777.78,
              "Actual Total Time": 777.917,
              "Actual Rows": 1,
              "Actual Loops": 4,
              "Plans": [
                {
                  "Node Type": "Hash Join",
                  "Parent Relationship": "Outer",
                  "Parallel Aware": true,
                  "Join Type": "Inner",
                  "Startup Cost": 84315.17,
                  "Total Cost": 129846.59,
                  "Plan Rows": 313595,
                  "Plan Width": 0,
                  "Actual Startup Time": 508.964,
                  "Actual Total Time": 756.276,
                  "Actual Rows": 437587,
                  "Actual Loops": 4,
                  "Inner Unique": false,
                  "Hash Cond": "(mk.movie_id = t.id)",
                  "Plans": [
                    {
                      "Node Type": "Seq Scan",
                      "Parent Relationship": "Outer",
                      "Parallel Aware": true,
                      "Relation Name": "movie_keyword",
                      "Alias": "mk",
                      "Startup Cost": 0.0,
                      "Total Cost": 39047.32,
                      "Plan Rows": 1459332,
                      "Plan Width": 4,
                      "Actual Startup Time": 0.06,
                      "Actual Total Time": 100.986,
                      "Actual Rows": 1130982,
                      "Actual Loops": 4
                    },
                    {
                      "Node Type": "Hash",
                      "Parent Relationship": "Inner",
                      "Parallel Aware": true,
                      "Startup Cost": 82124.32,
                      "Total Cost": 82124.32,
                      "Plan Rows": 175268,
                      "Plan Width": 8,
                      "Actual Startup Time": 503.65,
                      "Actual Total Time": 503.786,
                      "Actual Rows": 73832,
                      "Actual Loops": 4,
                      "Hash Buckets": 1048576,
                      "Original Hash Buckets": 1048576,
                      "Hash Batches": 1,
                      "Original Hash Batches": 1,
                      "Peak Memory Usage": 19776,
                      "Plans": [
                        {
                          "Node Type": "Hash Join",
                          "Parent Relationship": "Outer",
                          "Parallel Aware": true,
                          "Join Type": "Inner",
                          "Startup Cost": 50125.66,
                          "Total Cost": 82124.32,
                          "Plan Rows": 175268,
                          "Plan Width": 8,
                          "Actual Startup Time": 377.657,
                          "Actual Total Time": 473.576,
                          "Actual Rows": 73832,
                          "Actual Loops": 4,
                          "Inner Unique": true,
                          "Hash Cond": "(mc.movie_id = t.id)",
                          "Plans": [
                            {
                              "Node Type": "Seq Scan",
                              "Parent Relationship": "Outer",
                              "Parallel Aware": true,
                              "Relation Name": "movie_companies",
                              "Alias": "mc",
                              "Startup Cost": 0.0,
                              "Total Cost": 31414.82,
                              "Plan Rows": 222418,
                              "Plan Width": 4,
                              "Actual Startup Time": 38.801,
                              "Actual Total Time": 77.488,
                              "Actual Rows": 110170,
                              "Actual Loops": 4,
                              "Filter": "((company_id < 11649) AND (company_type_id = 2))",
                              "Rows Removed by Filter": 542112
                            },
                            {
                              "Node Type": "Hash",
                              "Parent Relationship": "Inner",
                              "Parallel Aware": true,
                              "Startup Cost": 43899.32,
                              "Total Cost": 43899.32,
                              "Plan Rows": 498107,
                              "Plan Width": 4,
                              "Actual Startup Time": 333.715,
                              "Actual Total Time": 333.716,
                              "Actual Rows": 494154,
                              "Actual Loops": 4,
                              "Hash Buckets": 2097152,
                              "Original Hash Buckets": 2097152,
                              "Hash Batches": 1,
                              "Original Hash Batches": 1,
                              "Peak Memory Usage": 93792,
                              "Plans": [
                                {
                                  "Node Type": "Seq Scan",
                                  "Parent Relationship": "Outer",
                                  "Parallel Aware": true,
                                  "Relation Name": "title",
                                  "Alias": "t",
                                  "Startup Cost": 0.0,
                                  "Total Cost": 43899.32,
                                  "Plan Rows": 498107,
                                  "Plan Width": 4,
                                  "Actual Startup Time": 0.057,
                                  "Actual Total Time": 129.745,
                                  "Actual Rows": 494154,
                                  "Actual Loops": 4,
                                  "Filter": "(production_year > 1977)",
                                  "Rows Removed by Filter": 137924
                                }
                              ]
                            }
                          ]
                        }
                      ]
                    }
                  ]
                }
              ]
            }
          ]
        }
      ]
    },
    "Planning Time": 1.635,
    "Triggers": [],
    "Execution Time": 824.672
  }
]