[
  {
    "Plan": {
      "Node Type": "Aggregate",
      "Strategy": "Plain",
      "Partial Mode": "Finalize",
      "Parallel Aware": false,
      "Startup Cost": 339102.54,
      "Total Cost": 339102.55,
      "Plan Rows": 1,
      "Plan Width": 8,
      "Actual Startup Time": 764.223,
      "Actual Total Time": 814.989,
      "Actual Rows": 1,
      "Actual Loops": 1,
      "Plans": [
        {
          "Node Type": "Gather",
          "Parent Relationship": "Outer",
          "Parallel Aware": false,
          "Startup Cost": 339101.91,
          "Total Cost": 339102.52,
          "Plan Rows": 6,
          "Plan Width": 8,
          "Actual Startup Time": 764.005,
          "Actual Total Time": 814.955,
          "Actual Rows": 7,
          "Actual Loops": 1,
          "Workers Planned": 6,
          "Workers Launched": 6,
          "Single Copy": false,
          "Plans": [
            {
              "Node Type": "Aggregate",
              "Strategy": "Plain",
              "Partial Mode": "Partial",
              "Parent Relationship": "Outer",
              "Parallel Aware": false,
              "Startup Cost": 338101.91,
              "Total Cost": 338101.92,
              "Plan Rows": 1,
              "Plan Width": 8,
              "Actual Startup Time": 759.004,
              "Actual Total Time": 759.005,
              "Actual Rows": 1,
              "Actual Loops": 7,
              "Plans": [
                {
                  "Node Type": "Seq Scan",
                  "Parent Relationship": "Outer",
                  "Parallel Aware": true,
                  "Relation Name": "cast_info",
                  "Alias": "ci",
                  "Startup Cost": 0.0,
                  "Total Cost": 328211.39,
                  "Plan Rows": 3956208,
                  "Plan Width": 0,
                  "Actual Startup Time": 0.035,
                  "Actual Total Time": 608.036,
                  "Actual Rows": 3410878,
                  "Actual Loops": 7,
                  "Filter": "(person_id < 2448428)",
                  "Rows Removed by Filter": 1766886
                }
              ]
            }
          ]
        }
      ]
    },
    "Planning Time": 0.165,
    "Triggers": [],
    "Execution Time": 815.052
  }
]