[
  {
    "Plan": {
      "Node Type": "Aggregate",
      "Strategy": "Plain",
      "Partial Mode": "Finalize",
      "Parallel Aware": false,
      "Startup Cost": 44599.39,
      "Total Cost": 44599.4,
      "Plan Rows": 1,
      "Plan Width": 8,
      "Actual Startup Time": 117.943,
      "Actual Total Time": 126.659,
      "Actual Rows": 1,
      "Actual Loops": 1,
      "Plans": [
        {
          "Node Type": "Gather",
          "Parent Relationship": "Outer",
          "Parallel Aware": false,
          "Startup Cost": 44599.07,
          "Total Cost": 44599.38,
          "Plan Rows": 3,
          "Plan Width": 8,
          "Actual Startup Time": 117.819,
          "Actual Total Time": 126.65,
          "Actual Rows": 4,
          "Actual Loops": 1,
          "Workers Planned": 3,
          "Workers Launched": 3,
          "Single Copy": false,
          "Plans": [
            {
              "Node Type": "Aggregate",
              "Strategy": "Plain",
              "Partial Mode": "Partial",
              "Parent Relationship": "Outer",
              "Parallel Aware": false,
              "Startup Cost": 43599.07,
              "Total Cost": 43599.08,
              "Plan Rows": 1,
              "Plan Width": 8,
              "Actual Startup Time": 112.575,
              "Actual Total Time": 112.576,
              "Actual Rows": 1,
              "Actual Loops": 4,
              "Plans": [
                {
                  "Node Type": "Seq Scan",
                  "Parent Relationship": "Outer",
                  "Parallel Aware": true,
                  "Relation Name": "movie_keyword",
                  "Alias": "mk",
                  "Startup Cost": 0.0,
                  "Total Cost": 42695.65,
                  "Plan Rows": 361368,
                  "Plan Width": 0,
                  "Actual Startup Time": 0.043,
                  "Actual Total Time": 98.909,
                  "Actual Rows": 282038,
                  "Actual Loops": 4,
                  "Filter": "(keyword_id < 1226)",
                  "Rows Removed by Filter": 848945
                }
              ]
            }
          ]
        }
      ]
    },
    "Planning Time": 0.092,
    "Triggers": [],
    "Execution Time": 126.685
  }
]