[
  {
    "Plan": {
      "Node Type": "Aggregate",
      "Strategy": "Plain",
      "Partial Mode": "Finalize",
      "Parallel Aware": false,
      "Startup Cost": 76621.15,
      "Total Cost": 76621.16,
      "Plan Rows": 1,
      "Plan Width": 8,
      "Actual Startup Time": 247.953,
      "Actual Total Time": 260.903,
      "Actual Rows": 1,
      "Actual Loops": 1,
      "Plans": [
        {
          "Node Type": "Gather",
          "Parent Relationship": "Outer",
          "Parallel Aware": false,
          "Startup Cost": 76620.73,
          "Total Cost": 76621.14,
          "Plan Rows": 4,
          "Plan Width": 8,
          "Actual Startup Time": 244.499,
          "Actual Total Time": 260.893,
          "Actual Rows": 5,
          "Actual Loops": 1,
          "Workers Planned": 4,
          "Workers Launched": 4,
          "Single Copy": false,
          "Plans": [
            {
              "Node Type": "Aggregate",
              "Strategy": "Plain",
              "Partial Mode": "Partial",
              "Parent Relationship": "Outer",
              "Parallel Aware": false,
              "Startup Cost": 75620.73,
              "Total Cost": 75620.74,
              "Plan Rows": 1,
              "Plan Width": 8,
              "Actual Startup Time": 234.624,
              "Actual Total Time": 234.669,
              "Actual Rows": 1,
              "Actual Loops": 5,
              "Plans": [
                {
                  "Node Type": "Hash Join",
                  "Parent Relationship": "Outer",
                  "Parallel Aware": true,
                  "Join Type": "Inner",
                  "Startup Cost": 29632.27,
                  "Total Cost": 75547.17,
                  "Plan Rows": 29421,
                  "Plan Width": 0,
                  "Actual Startup Time": 141.638,
                  "Actual Total Time": 234.184,
                  "Actual Rows": 7440,
                  "Actual Loops": 5,
                  "Inner Unique": false,
                  "Hash Cond": "(t.id = mc.movie_id)",
                  "Plans": [
                    {
                      "Node Type": "Seq Scan",
                      "Parent Relationship": "Outer",
                      "Parallel Aware": true,
                      "Relation Name": "title",
                      "Alias": "t",
                      "Startup Cost": 0.0,
                      "Total Cost": 43898.92,
                      "Plan Rows": 384216,
                      "Plan Width": 4,
                      "Actual Startup Time": 0.012,
                      "Actual Total Time": 77.095,
                      "Actual Rows": 308653,
                      "Actual Loops": 5,
                      "Filter": "(kind_id = 7)",
                      "Rows Removed by Filter": 197010
                    },
                    {
                      "Node Type": "Hash",
                      "Parent Relationship": "Inner",
                      "Parallel Aware": true,
                      "Startup Cost": 28851.62,
                      "Total Cost": 28851.62,
                      "Plan Rows": 62452,
                      "Plan Width": 4,
                      "Actual Startup Time": 101.284,
                      "Actual Total Time": 101.285,
                      "Actual Rows": 77576,
                      "Actual Loops": 5,
                      "Hash Buckets": 524288,
                      "Original Hash Buckets": 262144,
                      "Hash Batches": 1,
                      "Original Hash Batches": 1,
                      "Peak Memory Usage": 21376,
                      "Plans": [
                        {
                          "Node Type": "Bitmap Heap Scan",
                          "Parent Relationship": "Outer",
                          "Parallel Aware": true,
                          "Relation Name": "movie_companies",
                          "Alias": "mc",
                          "Startup Cost": 8216.6,
                          "Total Cost": 28851.62,
                          "Plan Rows": 62452,
                          "Plan Width": 4,
                          "Actual Startup Time": 31.406,
                          "Actual Total Time": 64.624,
                          "Actual Rows": 77576,
                          "Actual Loops": 5,
                          "Recheck Cond": "(company_id > 83449)",
                          "Rows Removed by Index Recheck": 0,
                          "Filter": "(company_type_id = 2)",
                          "Rows Removed by Filter": 0,
                          "Exact Heap Blocks": 2455,
                          "Lossy Heap Blocks": 0,
                          "Plans": [
                            {
                              "Node Type": "Bitmap Index Scan",
                              "Parent Relationship": "Outer",
                              "Parallel Aware": false,
                              "Index Name": "company_id_movie_companies",
                              "Startup Cost": 0.0,
                              "Total Cost": 8168.2,
                              "Plan Rows": 381303,
                              "Plan Width": 0,
                              "Actual Startup Time": 33.875,
                              "Actual Total Time": 33.876,
                              "Actual Rows": 387881,
                              "Actual Loops": 1,
                              "Index Cond": "(company_id > 83449)"
                            }
                          ]
                        }
                      ]
                    }
                  ]
                }
              ]
            }
          ]
        }
      ]
    },
    "Planning Time": 0.669,
    "Triggers": [],
    "Execution Time": 260.993
  }
]