[
  {
    "Plan": {
      "Node Type": "Aggregate",
      "Strategy": "Plain",
      "Partial Mode": "Finalize",
      "Parallel Aware": false,
      "Startup Cost": 339499.05,
      "Total Cost": 339499.06,
      "Plan Rows": 1,
      "Plan Width": 8,
      "Actual Startup Time": 768.839,
      "Actual Total Time": 826.669,
      "Actual Rows": 1,
      "Actual Loops": 1,
      "Plans": [
        {
          "Node Type": "Gather",
          "Parent Relationship": "Outer",
          "Parallel Aware": false,
          "Startup Cost": 339498.42,
          "Total Cost": 339499.03,
          "Plan Rows": 6,
          "Plan Width": 8,
          "Actual Startup Time": 768.699,
          "Actual Total Time": 826.659,
          "Actual Rows": 7,
          "Actual Loops": 1,
          "Workers Planned": 6,
          "Workers Launched": 6,
          "Single Copy": false,
          "Plans": [
            {
              "Node Type": "Aggregate",
              "Strategy": "Plain",
              "Partial Mode": "Partial",
              "Parent Relationship": "Outer",
              "Parallel Aware": false,
              "Startup Cost": 338498.42,
              "Total Cost": 338498.43,
              "Plan Rows": 1,
              "Plan Width": 8,
              "Actual Startup Time": 758.098,
              "Actual Total Time": 758.099,
              "Actual Rows": 1,
              "Actual Loops": 7,
              "Plans": [
                {
                  "Node Type": "Seq Scan",
                  "Parent Relationship": "Outer",
                  "Parallel Aware": true,
                  "Relation Name": "cast_info",
                  "Alias": "ci",
                  "Startup Cost": 0.0,
                  "Total Cost": 328162.03,
                  "Plan Rows": 4134558,
                  "Plan Width": 0,
                  "Actual Startup Time": 129.178,
                  "Actual Total Time": 610.946,
                  "Actual Rows": 3546229,
                  "Actual Loops": 7,
                  "Filter": "(person_id > 1122417)",
                  "Rows Removed by Filter": 1631534
                }
              ]
            }
          ]
        }
      ]
    },
    "Planning Time": 0.169,
    "Triggers": [],
    "Execution Time": 826.735
  }
]