[
  {
    "Plan": {
      "Node Type": "Aggregate",
      "Strategy": "Plain",
      "Partial Mode": "Finalize",
      "Parallel Aware": false,
      "Startup Cost": 348455.18,
      "Total Cost": 348455.19,
      "Plan Rows": 1,
      "Plan Width": 8,
      "Actual Startup Time": 782.812,
      "Actual Total Time": 843.706,
      "Actual Rows": 1,
      "Actual Loops": 1,
      "Plans": [
        {
          "Node Type": "Gather",
          "Parent Relationship": "Outer",
          "Parallel Aware": false,
          "Startup Cost": 348454.56,
          "Total Cost": 348455.17,
          "Plan Rows": 6,
          "Plan Width": 8,
          "Actual Startup Time": 782.696,
          "Actual Total Time": 843.695,
          "Actual Rows": 7,
          "Actual Loops": 1,
          "Workers Planned": 6,
          "Workers Launched": 6,
          "Single Copy": false,
          "Plans": [
            {
              "Node Type": "Aggregate",
              "Strategy": "Plain",
              "Partial Mode": "Partial",
              "Parent Relationship": "Outer",
              "Parallel Aware": false,
              "Startup Cost": 347454.56,
              "Total Cost": 347454.57,
              "Plan Rows": 1,
              "Plan Width": 8,
              "Actual Startup Time": 772.873,
              "Actual Total Time": 772.874,
              "Actual Rows": 1,
              "Actual Loops": 7,
              "Plans": [
                {
                  "Node Type": "Seq Scan",
                  "Parent Relationship": "Outer",
                  "Parallel Aware": true,
                  "Relation Name": "cast_info",
                  "Alias": "ci",
                  "Startup Cost": 0.0,
                  "Total Cost": 343257.03,
                  "Plan Rows": 1679011,
                  "Plan Width": 0,
                  "Actual Startup Time": 399.797,
                  "Actual Total Time": 728.879,
                  "Actual Rows": 786075,
                  "Actual Loops": 7,
                  "Filter": "((person_id < 2274263) AND (role_id > 2))",
                  "Rows Removed by Filter": 4391689
                }
              ]
            }
          ]
        }
      ]
    },
    "Planning Time": 0.188,
    "Triggers": [],
    "Execution Time": 843.77
  }
]