[
  {
    "Plan": {
      "Node Type": "Aggregate",
      "Strategy": "Plain",
      "Partial Mode": "Finalize",
      "Parallel Aware": false,
      "Startup Cost": 400222.22,
      "Total Cost": 400222.23,
      "Plan Rows": 1,
      "Plan Width": 8,
      "Actual Startup Time": 1231.762,
      "Actual Total Time": 1294.864,
      "Actual Rows": 1,
      "Actual Loops": 1,
      "Plans": [
        {
          "Node Type": "Gather",
          "Parent Relationship": "Outer",
          "Parallel Aware": false,
          "Startup Cost": 400221.59,
          "Total Cost": 400222.2,
          "Plan Rows": 6,
          "Plan Width": 8,
          "Actual Startup Time": 1226.005,
          "Actual Total Time": 1294.852,
          "Actual Rows": 7,
          "Actual Loops": 1,
          "Workers Planned": 6,
          "Workers Launched": 6,
          "Single Copy": false,
          "Plans": [
            {
              "Node Type": "Aggregate",
              "Strategy": "Plain",
              "Partial Mode": "Partial",
              "Parent Relationship": "Outer",
              "Parallel Aware": false,
              "Startup Cost": 399221.59,
              "Total Cost": 399221.6,
              "Plan Rows": 1,
              "Plan Width": 8,
              "Actual Startup Time": 1215.06,
              "Actual Total Time": 1215.063,
              "Actual Rows": 1,
              "Actual Loops": 7,
              "Plans": [
                {
                  "Node Type": "Hash Join",
                  "Parent Relationship": "Outer",
                  "Parallel Aware": true,
                  "Join Type": "Inner",
                  "Startup Cost": 47226.82,
                  "Total Cost": 397701.12,
                  "Plan Rows": 608187,
                  "Plan Width": 0,
                  "Actual Startup Time": 189.896,
                  "Actual Total Time": 1192.872,
                  "Actual Rows": 444081,
                  "Actual Loops": 7,
                  "Inner Unique": true,
                  "Hash Cond": "(ci.movie_id = t.id)",
                  "Plans": [
                    {
                      "Node Type": "Seq Scan",
                      "Parent Relationship": "Outer",
                      "Parallel Aware": true,
                      "Relation Name": "cast_info",
                      "Alias": "ci",
                      "Startup Cost": 0.0,
                      "Total Cost": 343257.03,
                      "Plan Rows": 2749432,
                      "Plan Width": 4,
                      "Actual Startup Time": 72.992,
                      "Actual Total Time": 684.151,
                      "Actual Rows": 2226990,
                      "Actual Loops": 7,
                      "Filter": "((person_id > 606851) AND (role_id < 3))",
                      "Rows Removed by Filter": 2950773
                    },
                    {
                      "Node Type": "Hash",
                      "Parent Relationship": "Inner",
                      "Parallel Aware": true,
                      "Startup Cost": 45479.1,
                      "Total Cost": 45479.1,
                      "Plan Rows": 139818,
                      "Plan Width": 4,
                      "Actual Startup Time": 113.454,
                      "Actual Total Time": 113.455,
                      "Actual Rows": 62673,
                      "Actual Loops": 7,
                      "Hash Buckets": 1048576,
                      "Original Hash Buckets": 1048576,
                      "Hash Batches": 1,
                      "Original Hash Batches": 1,
                      "Peak Memory Usage": 25504,
                      "Plans": [
                        {
                          "Node Type": "Seq Scan",
                          "Parent Relationship": "Outer",
                          "Parallel Aware": true,
                          "Relation Name": "title",
                          "Alias": "t",
                          "Startup Cost": 0.0,
                          "Total Cost": 45479.1,
                          "Plan Rows": 139818,
                          "Plan Width": 4,
                          "Actual Startup Time": 44.808,
                          "Actual Total Time": 81.498,
                          "Actual Rows": 62673,
                          "Actual Loops": 7,
                          "Filter": "((kind_id < 2) AND (production_year > 1967))",
                          "Rows Removed by Filter": 298514
                        }
                      ]
                    }
                  ]
                }
              ]
            }
          ]
        }
      ]
    },
    "Planning Time": 0.629,
    "Triggers": [],
    "Execution Time": 1294.948
  }
]