[
  {
    "Plan": {
      "Node Type": "Aggregate",
      "Strategy": "Plain",
      "Partial Mode": "Finalize",
      "Parallel Aware": false,
      "Startup Cost": 33133.75,
      "Total Cost": 33133.76,
      "Plan Rows": 1,
      "Plan Width": 8,
      "Actual Startup Time": 108.989,
      "Actual Total Time": 117.042,
      "Actual Rows": 1,
      "Actual Loops": 1,
      "Plans": [
        {
          "Node Type": "Gather",
          "Parent Relationship": "Outer",
          "Parallel Aware": false,
          "Startup Cost": 33133.43,
          "Total Cost": 33133.74,
          "Plan Rows": 3,
          "Plan Width": 8,
          "Actual Startup Time": 108.882,
          "Actual Total Time": 117.034,
          "Actual Rows": 4,
          "Actual Loops": 1,
          "Workers Planned": 3,
          "Workers Launched": 3,
          "Single Copy": false,
          "Plans": [
            {
              "Node Type": "Aggregate",
              "Strategy": "Plain",
              "Partial Mode": "Partial",
              "Parent Relationship": "Outer",
              "Parallel Aware": false,
              "Startup Cost": 32133.43,
              "Total Cost": 32133.44,
              "Plan Rows": 1,
              "Plan Width": 8,
              "Actual Startup Time": 100.174,
              "Actual Total Time": 100.175,
              "Actual Rows": 1,
              "Actual Loops": 4,
              "Plans": [
                {
                  "Node Type": "Seq Scan",
                  "Parent Relationship": "Outer",
                  "Parallel Aware": true,
                  "Relation Name": "movie_companies",
                  "Alias": "mc",
                  "Startup Cost": 0.0,
                  "Total Cost": 31414.82,
                  "Plan Rows": 287444,
                  "Plan Width": 0,
                  "Actual Startup Time": 0.051,
                  "Actual Total Time": 83.397,
                  "Actual Rows": 299121,
                  "Actual Loops": 4,
                  "Filter": "((company_id < 28857) AND (company_type_id = 1))",
                  "Rows Removed by Filter": 353161
                }
              ]
            }
          ]
        }
      ]
    },
    "Planning Time": 0.225,
    "Triggers": [],
    "Execution Time": 117.101
  }
]