{
    "Plan": {
        "Node Type": "Aggregate",
        "Strategy": "Plain",
        "Partial Mode": "Simple",
        "Parallel Aware": false,
        "Startup Cost": 10000266754.08,
        "Total Cost": 10000266754.09,
        "Plan Rows": 1,
        "Plan Width": 8,
        "Actual Startup Time": 3885.332,
        "Actual Total Time": 3885.336,
        "Actual Rows": 1,
        "Actual Loops": 1,
        "Output": [
            "count(*)"
        ],
        "Plans": [
            {
                "Node Type": "Hash Join",
                "Parent Relationship": "Outer",
                "Parallel Aware": false,
                "Join Type": "Inner",
                "Startup Cost": 10000212653.43,
                "Total Cost": 10000265660.18,
                "Plan Rows": 437562,
                "Plan Width": 0,
                "Actual Startup Time": 3026.757,
                "Actual Total Time": 3825.969,
                "Actual Rows": 1549014,
                "Actual Loops": 1,
                "Inner Unique": false,
                "Hash Cond": "(t.id = mi_idx.movie_id)",
                "Plans": [
                    {
                        "Node Type": "Hash Join",
                        "Parent Relationship": "Outer",
                        "Parallel Aware": false,
                        "Join Type": "Inner",
                        "Startup Cost": 10000165026.57,
                        "Total Cost": 10000206152.41,
                        "Plan Rows": 1200846,
                        "Plan Width": 8,
                        "Actual Startup Time": 2584.385,
                        "Actual Total Time": 3046.874,
                        "Actual Rows": 1274246,
                        "Actual Loops": 1,
                        "Output": [
                            "t.id",
                            "mc.movie_id"
                        ],
                        "Inner Unique": true,
                        "Hash Cond": "(mc.movie_id = t.id)",
                        "Plans": [
                            {
                                "Node Type": "Bitmap Heap Scan",
                                "Parent Relationship": "Outer",
                                "Parallel Aware": false,
                                "Relation Name": "movie_companies",
                                "Schema": "public",
                                "Alias": "mc",
                                "Startup Cost": 23080.45,
                                "Total Cost": 61054.07,
                                "Plan Rows": 1200846,
                                "Plan Width": 4,
                                "Actual Startup Time": 64.386,
                                "Actual Total Time": 233.325,
                                "Actual Rows": 1274246,
                                "Actual Loops": 1,
                                "Output": [
                                    "mc.id",
                                    "mc.movie_id",
                                    "mc.company_id",
                                    "mc.company_type_id",
                                    "mc.note"
                                ],
                                "Recheck Cond": "(mc.company_type_id < 2)",
                                "Rows Removed by Index Recheck": 0,
                                "Filter": "(mc.company_id < 127091)",
                                "Rows Removed by Filter": 0,
                                "Exact Heap Blocks": 11177,
                                "Lossy Heap Blocks": 0,
                                "Plans": [
                                    {
                                        "Node Type": "Bitmap Index Scan",
                                        "Parent Relationship": "Outer",
                                        "Parallel Aware": false,
                                        "Index Name": "company_type_id_movie_companies",
                                        "Startup Cost": 0.0,
                                        "Total Cost": 22780.24,
                                        "Plan Rows": 1278908,
                                        "Plan Width": 0,
                                        "Actual Startup Time": 62.322,
                                        "Actual Total Time": 62.322,
                                        "Actual Rows": 1274246,
                                        "Actual Loops": 1,
                                        "Index Cond": "(mc.company_type_id < 2)"
                                    }
                                ]
                            },
                            {
                                "Node Type": "Hash",
                                "Parent Relationship": "Inner",
                                "Parallel Aware": false,
                                "Startup Cost": 10000110342.1,
                                "Total Cost": 10000110342.1,
                                "Plan Rows": 2528322,
                                "Plan Width": 4,
                                "Actual Startup Time": 2498.105,
                                "Actual Total Time": 2498.106,
                                "Actual Rows": 2528312,
                                "Actual Loops": 1,
                                "Output": [
                                    "t.id"
                                ],
                                "Hash Buckets": 4194304,
                                "Original Hash Buckets": 4194304,
                                "Hash Batches": 1,
                                "Original Hash Batches": 1,
                                "Peak Memory Usage": 121654,
                                "Plans": [
                                    {
                                        "Node Type": "Index Scan",
                                        "Parent Relationship": "Outer",
                                        "Parallel Aware": false,
                                        "Scan Direction": "Forward",
                                        "Index Name": "title_pkey",
                                        "Relation Name": "title",
                                        "Schema": "public",
                                        "Alias": "t",
                                        "Startup Cost": 10000000000.43,
                                        "Total Cost": 10000110342.1,
                                        "Plan Rows": 2528322,
                                        "Plan Width": 4,
                                        "Actual Startup Time": 0.021,
                                        "Actual Total Time": 1745.38,
                                        "Actual Rows": 2528312,
                                        "Actual Loops": 1,
                                        "Output": [
                                            "t.id"
                                        ]
                                    }
                                ]
                            }
                        ]
                    },
                    {
                        "Node Type": "Hash",
                        "Parent Relationship": "Inner",
                        "Parallel Aware": false,
                        "Startup Cost": 36111.04,
                        "Total Cost": 36111.04,
                        "Plan Rows": 921265,
                        "Plan Width": 4,
                        "Actual Startup Time": 431.881,
                        "Actual Total Time": 431.882,
                        "Actual Rows": 920110,
                        "Actual Loops": 1,
                        "Output": [
                            "mi_idx.movie_id"
                        ],
                        "Hash Buckets": 1048576,
                        "Original Hash Buckets": 1048576,
                        "Hash Batches": 1,
                        "Original Hash Batches": 1,
                        "Peak Memory Usage": 40540,
                        "Plans": [
                            {
                                "Node Type": "Bitmap Heap Scan",
                                "Parent Relationship": "Outer",
                                "Parallel Aware": false,
                                "Relation Name": "movie_info_idx",
                                "Schema": "public",
                                "Alias": "mi_idx",
                                "Startup Cost": 16660.23,
                                "Total Cost": 36111.04,
                                "Plan Rows": 921265,
                                "Plan Width": 4,
                                "Actual Startup Time": 52.692,
                                "Actual Total Time": 215.881,
                                "Actual Rows": 920110,
                                "Actual Loops": 1,
                                "Output": [
                                    "mi_idx.movie_id"
                                ],
                                "Recheck Cond": "(mi_idx.info_type_id > 99)",
                                "Rows Removed by Index Recheck": 0,
                                "Exact Heap Blocks": 7935,
                                "Lossy Heap Blocks": 0,
                                "Plans": [
                                    {
                                        "Node Type": "Bitmap Index Scan",
                                        "Parent Relationship": "Outer",
                                        "Parallel Aware": false,
                                        "Index Name": "info_type_id_movie_info_idx",
                                        "Startup Cost": 0.0,
                                        "Total Cost": 16429.92,
                                        "Plan Rows": 921265,
                                        "Plan Width": 0,
                                        "Actual Startup Time": 51.178,
                                        "Actual Total Time": 51.178,
                                        "Actual Rows": 920110,
                                        "Actual Loops": 1,
                                        "Index Cond": "(mi_idx.info_type_id > 99)"
                                    }
                                ]
                            }
                        ]
                    }
                ]
            }
        ]
    },
    "Planning Time": 3.42,
    "Triggers": [],
    "Execution Time": 3889.111
}