{
  "Plan": {
    "Node Type": "Aggregate",
    "Strategy": "Plain",
    "Partial Mode": "Finalize",
    "Parallel Aware": false,
    "Startup Cost": 112267.87,
    "Total Cost": 112267.88,
    "Plan Rows": 1,
    "Plan Width": 8,
    "Actual Startup Time": 947.864,
    "Actual Total Time": 963.876,
    "Actual Rows": 1,
    "Actual Loops": 1,
    "Plans": [
      {
        "Node Type": "Gather",
        "Parent Relationship": "Outer",
        "Parallel Aware": false,
        "Startup Cost": 112267.76,
        "Total Cost": 112267.87,
        "Plan Rows": 1,
        "Plan Width": 8,
        "Actual Startup Time": 942.966,
        "Actual Total Time": 963.867,
        "Actual Rows": 2,
        "Actual Loops": 1,
        "Workers Planned": 1,
        "Workers Launched": 1,
        "Single Copy": false,
        "Plans": [
          {
            "Node Type": "Aggregate",
            "Strategy": "Plain",
            "Partial Mode": "Partial",
            "Parent Relationship": "Outer",
            "Parallel Aware": false,
            "Startup Cost": 111267.76,
            "Total Cost": 111267.77,
            "Plan Rows": 1,
            "Plan Width": 8,
            "Actual Startup Time": 936.092,
            "Actual Total Time": 936.096,
            "Actual Rows": 1,
            "Actual Loops": 2,
            "Plans": [
              {
                "Node Type": "Hash Join",
                "Parent Relationship": "Outer",
                "Parallel Aware": true,
                "Join Type": "Inner",
                "Startup Cost": 69933.9,
                "Total Cost": 108100.53,
                "Plan Rows": 1266891,
                "Plan Width": 0,
                "Actual Startup Time": 446.825,
                "Actual Total Time": 898.36,
                "Actual Rows": 954184,
                "Actual Loops": 2,
                "Inner Unique": true,
                "Hash Cond": "(mc.movie_id = t.id)",
                "Plans": [
                  {
                    "Node Type": "Seq Scan",
                    "Parent Relationship": "Outer",
                    "Parallel Aware": true,
                    "Relation Name": "movie_companies",
                    "Alias": "mc",
                    "Startup Cost": 0.0,
                    "Total Cost": 34137.82,
                    "Plan Rows": 1534782,
                    "Plan Width": 4,
                    "Actual Startup Time": 0.012,
                    "Actual Total Time": 95.924,
                    "Actual Rows": 1304564,
                    "Actual Loops": 2
                  },
                  {
                    "Node Type": "Hash",
                    "Parent Relationship": "Inner",
                    "Parallel Aware": true,
                    "Startup Cost": 54588.39,
                    "Total Cost": 54588.39,
                    "Plan Rows": 1227641,
                    "Plan Width": 4,
                    "Actual Startup Time": 432.603,
                    "Actual Total Time": 432.603,
                    "Actual Rows": 1037394,
                    "Actual Loops": 2,
                    "Hash Buckets": 2097152,
                    "Original Hash Buckets": 2097152,
                    "Hash Batches": 1,
                    "Original Hash Batches": 1,
                    "Peak Memory Usage": 97568,
                    "Plans": [
                      {
                        "Node Type": "Seq Scan",
                        "Parent Relationship": "Outer",
                        "Parallel Aware": true,
                        "Relation Name": "title",
                        "Alias": "t",
                        "Startup Cost": 0.0,
                        "Total Cost": 54588.39,
                        "Plan Rows": 1227641,
                        "Plan Width": 4,
                        "Actual Startup Time": 0.041,
                        "Actual Total Time": 179.495,
                        "Actual Rows": 1037394,
                        "Actual Loops": 2,
                        "Filter": "(production_year > 1970)",
                        "Rows Removed by Filter": 226762
                      }
                    ]
                  }
                ]
              }
            ]
          }
        ]
      }
    ]
  },
  "Planning Time": 0.345,
  "Triggers": [],
  "Execution Time": 963.929
}