[
  {
    "Plan": {
      "Node Type": "Aggregate",
      "Strategy": "Plain",
      "Partial Mode": "Finalize",
      "Parallel Aware": false,
      "Startup Cost": 47195.97,
      "Total Cost": 47195.98,
      "Plan Rows": 1,
      "Plan Width": 8,
      "Actual Startup Time": 204.786,
      "Actual Total Time": 215.235,
      "Actual Rows": 1,
      "Actual Loops": 1,
      "Plans": [
        {
          "Node Type": "Gather",
          "Parent Relationship": "Outer",
          "Parallel Aware": false,
          "Startup Cost": 47195.65,
          "Total Cost": 47195.96,
          "Plan Rows": 3,
          "Plan Width": 8,
          "Actual Startup Time": 204.715,
          "Actual Total Time": 215.226,
          "Actual Rows": 4,
          "Actual Loops": 1,
          "Workers Planned": 3,
          "Workers Launched": 3,
          "Single Copy": false,
          "Plans": [
            {
              "Node Type": "Aggregate",
              "Strategy": "Plain",
              "Partial Mode": "Partial",
              "Parent Relationship": "Outer",
              "Parallel Aware": false,
              "Startup Cost": 46195.65,
              "Total Cost": 46195.66,
              "Plan Rows": 1,
              "Plan Width": 8,
              "Actual Startup Time": 197.377,
              "Actual Total Time": 197.378,
              "Actual Rows": 1,
              "Actual Loops": 4,
              "Plans": [
                {
                  "Node Type": "Seq Scan",
                  "Parent Relationship": "Outer",
                  "Parallel Aware": true,
                  "Relation Name": "movie_keyword",
                  "Alias": "mk",
                  "Startup Cost": 0.0,
                  "Total Cost": 42695.65,
                  "Plan Rows": 1399999,
                  "Plan Width": 0,
                  "Actual Startup Time": 0.058,
                  "Actual Total Time": 140.759,
                  "Actual Rows": 1085753,
                  "Actual Loops": 4,
                  "Filter": "(keyword_id < 71635)",
                  "Rows Removed by Filter": 45230
                }
              ]
            }
          ]
        }
      ]
    },
    "Planning Time": 0.177,
    "Triggers": [],
    "Execution Time": 215.297
  }
]