{
  "Plan": {
    "Node Type": "Aggregate",
    "Strategy": "Plain",
    "Partial Mode": "Finalize",
    "Parallel Aware": false,
    "Startup Cost": 667816.83,
    "Total Cost": 667816.84,
    "Plan Rows": 1,
    "Plan Width": 8,
    "Actual Startup Time": 12656.426,
    "Actual Total Time": 12744.721,
    "Actual Rows": 1,
    "Actual Loops": 1,
    "Plans": [
      {
        "Node Type": "Gather",
        "Parent Relationship": "Outer",
        "Parallel Aware": false,
        "Startup Cost": 667816.72,
        "Total Cost": 667816.83,
        "Plan Rows": 1,
        "Plan Width": 8,
        "Actual Startup Time": 12654.841,
        "Actual Total Time": 12744.714,
        "Actual Rows": 2,
        "Actual Loops": 1,
        "Workers Planned": 1,
        "Workers Launched": 1,
        "Single Copy": false,
        "Plans": [
          {
            "Node Type": "Aggregate",
            "Strategy": "Plain",
            "Partial Mode": "Partial",
            "Parent Relationship": "Outer",
            "Parallel Aware": false,
            "Startup Cost": 666816.72,
            "Total Cost": 666816.73,
            "Plan Rows": 1,
            "Plan Width": 8,
            "Actual Startup Time": 12648.768,
            "Actual Total Time": 12648.772,
            "Actual Rows": 1,
            "Actual Loops": 2,
            "Plans": [
              {
                "Node Type": "Nested Loop",
                "Parent Relationship": "Outer",
                "Parallel Aware": false,
                "Join Type": "Inner",
                "Startup Cost": 61720.32,
                "Total Cost": 658474.14,
                "Plan Rows": 3337031,
                "Plan Width": 0,
                "Actual Startup Time": 309.45,
                "Actual Total Time": 11978.039,
                "Actual Rows": 14338123,
                "Actual Loops": 2,
                "Inner Unique": false,
                "Join Filter": "(t.id = ci.movie_id)",
                "Rows Removed by Join Filter": 0,
                "Plans": [
                  {
                    "Node Type": "Hash Join",
                    "Parent Relationship": "Outer",
                    "Parallel Aware": true,
                    "Join Type": "Inner",
                    "Startup Cost": 61719.76,
                    "Total Cost": 103024.11,
                    "Plan Rows": 232886,
                    "Plan Width": 8,
                    "Actual Startup Time": 309.349,
                    "Actual Total Time": 841.283,
                    "Actual Rows": 513770,
                    "Actual Loops": 2,
                    "Inner Unique": true,
                    "Hash Cond": "(mc.movie_id = t.id)",
                    "Plans": [
                      {
                        "Node Type": "Seq Scan",
                        "Parent Relationship": "Outer",
                        "Parallel Aware": true,
                        "Relation Name": "movie_companies",
                        "Alias": "mc",
                        "Startup Cost": 0.0,
                        "Total Cost": 37974.77,
                        "Plan Rows": 1268407,
                        "Plan Width": 4,
                        "Actual Startup Time": 0.152,
                        "Actual Total Time": 154.326,
                        "Actual Rows": 1080138,
                        "Actual Loops": 2,
                        "Filter": "(company_id > 352)",
                        "Rows Removed by Filter": 224426
                      },
                      {
                        "Node Type": "Hash",
                        "Parent Relationship": "Inner",
                        "Parallel Aware": true,
                        "Startup Cost": 58306.47,
                        "Total Cost": 58306.47,
                        "Plan Rows": 273063,
                        "Plan Width": 4,
                        "Actual Startup Time": 303.412,
                        "Actual Total Time": 303.413,
                        "Actual Rows": 278746,
                        "Actual Loops": 2,
                        "Hash Buckets": 1048576,
                        "Original Hash Buckets": 524288,
                        "Hash Batches": 1,
                        "Original Hash Batches": 1,
                        "Peak Memory Usage": 34144,
                        "Plans": [
                          {
                            "Node Type": "Seq Scan",
                            "Parent Relationship": "Outer",
                            "Parallel Aware": true,
                            "Relation Name": "title",
                            "Alias": "t",
                            "Startup Cost": 0.0,
                            "Total Cost": 58306.47,
                            "Plan Rows": 273063,
                            "Plan Width": 4,
                            "Actual Startup Time": 0.049,
                            "Actual Total Time": 203.946,
                            "Actual Rows": 278746,
                            "Actual Loops": 2,
                            "Filter": "((kind_id < 7) AND (production_year < 2003))",
                            "Rows Removed by Filter": 985410
                          }
                        ]
                      }
                    ]
                  },
                  {
                    "Node Type": "Index Only Scan",
                    "Parent Relationship": "Inner",
                    "Parallel Aware": false,
                    "Scan Direction": "Forward",
                    "Index Name": "movie_id_cast_info",
                    "Relation Name": "cast_info",
                    "Alias": "ci",
                    "Startup Cost": 0.56,
                    "Total Cost": 1.92,
                    "Plan Rows": 37,
                    "Plan Width": 4,
                    "Actual Startup Time": 0.003,
                    "Actual Total Time": 0.019,
                    "Actual Rows": 28,
                    "Actual Loops": 1027541,
                    "Index Cond": "(movie_id = mc.movie_id)",
                    "Rows Removed by Index Recheck": 0,
                    "Heap Fetches": 28676246
                  }
                ]
              }
            ]
          }
        ]
      }
    ]
  },
  "Planning Time": 1.047,
  "Triggers": [],
  "Execution Time": 12744.822
}