[
  {
    "Plan": {
      "Node Type": "Aggregate",
      "Strategy": "Plain",
      "Partial Mode": "Finalize",
      "Parallel Aware": false,
      "Startup Cost": 202909.42,
      "Total Cost": 202909.43,
      "Plan Rows": 1,
      "Plan Width": 8,
      "Actual Startup Time": 371.675,
      "Actual Total Time": 407.517,
      "Actual Rows": 1,
      "Actual Loops": 1,
      "Plans": [
        {
          "Node Type": "Gather",
          "Parent Relationship": "Outer",
          "Parallel Aware": false,
          "Startup Cost": 202908.9,
          "Total Cost": 202909.41,
          "Plan Rows": 5,
          "Plan Width": 8,
          "Actual Startup Time": 371.527,
          "Actual Total Time": 407.506,
          "Actual Rows": 6,
          "Actual Loops": 1,
          "Workers Planned": 5,
          "Workers Launched": 5,
          "Single Copy": false,
          "Plans": [
            {
              "Node Type": "Aggregate",
              "Strategy": "Plain",
              "Partial Mode": "Partial",
              "Parent Relationship": "Outer",
              "Parallel Aware": false,
              "Startup Cost": 201908.9,
              "Total Cost": 201908.91,
              "Plan Rows": 1,
              "Plan Width": 8,
              "Actual Startup Time": 362.355,
              "Actual Total Time": 362.356,
              "Actual Rows": 1,
              "Actual Loops": 6,
              "Plans": [
                {
                  "Node Type": "Seq Scan",
                  "Parent Relationship": "Outer",
                  "Parallel Aware": true,
                  "Relation Name": "movie_info",
                  "Alias": "mi",
                  "Startup Cost": 0.0,
                  "Total Cost": 198952.16,
                  "Plan Rows": 1182693,
                  "Plan Width": 0,
                  "Actual Startup Time": 31.887,
                  "Actual Total Time": 320.246,
                  "Actual Rows": 978171,
                  "Actual Loops": 6,
                  "Filter": "(info_type_id > 13)",
                  "Rows Removed by Filter": 1494449
                }
              ]
            }
          ]
        }
      ]
    },
    "Planning Time": 0.177,
    "Triggers": [],
    "Execution Time": 407.58
  }
]