[
  {
    "Plan": {
      "Node Type": "Aggregate",
      "Strategy": "Plain",
      "Partial Mode": "Finalize",
      "Parallel Aware": false,
      "Startup Cost": 31675.98,
      "Total Cost": 31675.99,
      "Plan Rows": 1,
      "Plan Width": 8,
      "Actual Startup Time": 100.151,
      "Actual Total Time": 108.092,
      "Actual Rows": 1,
      "Actual Loops": 1,
      "Plans": [
        {
          "Node Type": "Gather",
          "Parent Relationship": "Outer",
          "Parallel Aware": false,
          "Startup Cost": 31675.66,
          "Total Cost": 31675.97,
          "Plan Rows": 3,
          "Plan Width": 8,
          "Actual Startup Time": 100.064,
          "Actual Total Time": 108.086,
          "Actual Rows": 4,
          "Actual Loops": 1,
          "Workers Planned": 3,
          "Workers Launched": 3,
          "Single Copy": false,
          "Plans": [
            {
              "Node Type": "Aggregate",
              "Strategy": "Plain",
              "Partial Mode": "Partial",
              "Parent Relationship": "Outer",
              "Parallel Aware": false,
              "Startup Cost": 30675.66,
              "Total Cost": 30675.67,
              "Plan Rows": 1,
              "Plan Width": 8,
              "Actual Startup Time": 95.262,
              "Actual Total Time": 95.263,
              "Actual Rows": 1,
              "Actual Loops": 4,
              "Plans": [
                {
                  "Node Type": "Seq Scan",
                  "Parent Relationship": "Outer",
                  "Parallel Aware": true,
                  "Relation Name": "movie_companies",
                  "Alias": "mc",
                  "Startup Cost": 0.0,
                  "Total Cost": 29310.68,
                  "Plan Rows": 545991,
                  "Plan Width": 0,
                  "Actual Startup Time": 0.029,
                  "Actual Total Time": 75.401,
                  "Actual Rows": 420636,
                  "Actual Loops": 4,
                  "Filter": "(company_id < 19687)",
                  "Rows Removed by Filter": 231646
                }
              ]
            }
          ]
        }
      ]
    },
    "Planning Time": 0.129,
    "Triggers": [],
    "Execution Time": 108.13
  }
]