{
    "Plan": {
        "Node Type": "Aggregate",
        "Strategy": "Plain",
        "Partial Mode": "Finalize",
        "Parallel Aware": false,
        "Startup Cost": 409016.61,
        "Total Cost": 409016.62,
        "Plan Rows": 1,
        "Plan Width": 8,
        "Actual Startup Time": 915.617,
        "Actual Total Time": 977.788,
        "Actual Rows": 1,
        "Actual Loops": 1,
        "Output": [
            "count(*)"
        ],
        "Plans": [
            {
                "Node Type": "Gather",
                "Parent Relationship": "Outer",
                "Parallel Aware": false,
                "Startup Cost": 409016.19,
                "Total Cost": 409016.6,
                "Plan Rows": 4,
                "Plan Width": 8,
                "Actual Startup Time": 911.638,
                "Actual Total Time": 977.777,
                "Actual Rows": 5,
                "Actual Loops": 1,
                "Output": [
                    "(PARTIAL count(*))"
                ],
                "Workers Planned": 4,
                "Workers Launched": 4,
                "Single Copy": false,
                "Plans": [
                    {
                        "Node Type": "Aggregate",
                        "Strategy": "Plain",
                        "Partial Mode": "Partial",
                        "Parent Relationship": "Outer",
                        "Parallel Aware": false,
                        "Startup Cost": 408016.19,
                        "Total Cost": 408016.2,
                        "Plan Rows": 1,
                        "Plan Width": 8,
                        "Actual Startup Time": 901.578,
                        "Actual Total Time": 901.671,
                        "Actual Rows": 1,
                        "Actual Loops": 5,
                        "Output": [
                            "PARTIAL count(*)"
                        ],
                        "Workers": [
                            {
                                "Worker Number": 0,
                                "Actual Startup Time": 899.064,
                                "Actual Total Time": 899.069,
                                "Actual Rows": 1,
                                "Actual Loops": 1
                            },
                            {
                                "Worker Number": 1,
                                "Actual Startup Time": 899.061,
                                "Actual Total Time": 899.065,
                                "Actual Rows": 1,
                                "Actual Loops": 1
                            },
                            {
                                "Worker Number": 2,
                                "Actual Startup Time": 899.063,
                                "Actual Total Time": 899.068,
                                "Actual Rows": 1,
                                "Actual Loops": 1
                            },
                            {
                                "Worker Number": 3,
                                "Actual Startup Time": 899.908,
                                "Actual Total Time": 899.914,
                                "Actual Rows": 1,
                                "Actual Loops": 1
                            }
                        ],
                        "Plans": [
                            {
                                "Node Type": "Hash Join",
                                "Parent Relationship": "Outer",
                                "Parallel Aware": true,
                                "Join Type": "Inner",
                                "Startup Cost": 362965.69,
                                "Total Cost": 407935.11,
                                "Plan Rows": 32434,
                                "Plan Width": 0,
                                "Actual Startup Time": 755.057,
                                "Actual Total Time": 898.653,
                                "Actual Rows": 66192,
                                "Actual Loops": 5,
                                "Inner Unique": false,
                                "Hash Cond": "(t.id = mc.movie_id)",
                                "Workers": [
                                    {
                                        "Worker Number": 0,
                                        "Actual Startup Time": 752.566,
                                        "Actual Total Time": 896.005,
                                        "Actual Rows": 64983,
                                        "Actual Loops": 1
                                    },
                                    {
                                        "Worker Number": 1,
                                        "Actual Startup Time": 752.564,
                                        "Actual Total Time": 895.988,
                                        "Actual Rows": 65672,
                                        "Actual Loops": 1
                                    },
                                    {
                                        "Worker Number": 2,
                                        "Actual Startup Time": 752.659,
                                        "Actual Total Time": 896.059,
                                        "Actual Rows": 64270,
                                        "Actual Loops": 1
                                    },
                                    {
                                        "Worker Number": 3,
                                        "Actual Startup Time": 753.117,
                                        "Actual Total Time": 897.327,
                                        "Actual Rows": 56052,
                                        "Actual Loops": 1
                                    }
                                ],
                                "Plans": [
                                    {
                                        "Node Type": "Seq Scan",
                                        "Parent Relationship": "Outer",
                                        "Parallel Aware": true,
                                        "Relation Name": "title",
                                        "Schema": "public",
                                        "Alias": "t",
                                        "Startup Cost": 0.0,
                                        "Total Cost": 42318.81,
                                        "Plan Rows": 632080,
                                        "Plan Width": 4,
                                        "Actual Startup Time": 0.019,
                                        "Actual Total Time": 62.306,
                                        "Actual Rows": 505662,
                                        "Actual Loops": 5,
                                        "Output": [
                                            "t.id",
                                            "t.title",
                                            "t.imdb_index",
                                            "t.kind_id",
                                            "t.production_year",
                                            "t.imdb_id",
                                            "t.phonetic_code",
                                            "t.episode_of_id",
                                            "t.season_nr",
                                            "t.episode_nr",
                                            "t.series_years",
                                            "t.md5sum"
                                        ],
                                        "Workers": [
                                            {
                                                "Worker Number": 0,
                                                "Actual Startup Time": 0.024,
                                                "Actual Total Time": 64.988,
                                                "Actual Rows": 499416,
                                                "Actual Loops": 1
                                            },
                                            {
                                                "Worker Number": 1,
                                                "Actual Startup Time": 0.021,
                                                "Actual Total Time": 64.586,
                                                "Actual Rows": 488529,
                                                "Actual Loops": 1
                                            },
                                            {
                                                "Worker Number": 2,
                                                "Actual Startup Time": 0.019,
                                                "Actual Total Time": 64.768,
                                                "Actual Rows": 492877,
                                                "Actual Loops": 1
                                            },
                                            {
                                                "Worker Number": 3,
                                                "Actual Startup Time": 0.022,
                                                "Actual Total Time": 61.611,
                                                "Actual Rows": 423803,
                                                "Actual Loops": 1
                                            }
                                        ]
                                    },
                                    {
                                        "Node Type": "Hash",
                                        "Parent Relationship": "Inner",
                                        "Parallel Aware": true,
                                        "Startup Cost": 361564.12,
                                        "Total Cost": 361564.12,
                                        "Plan Rows": 112126,
                                        "Plan Width": 8,
                                        "Actual Startup Time": 752.131,
                                        "Actual Total Time": 752.222,
                                        "Actual Rows": 66192,
                                        "Actual Loops": 5,
                                        "Output": [
                                            "mc.movie_id",
                                            "ci.movie_id"
                                        ],
                                        "Hash Buckets": 524288,
                                        "Original Hash Buckets": 524288,
                                        "Hash Batches": 1,
                                        "Original Hash Batches": 1,
                                        "Peak Memory Usage": 17152,
                                        "Workers": [
                                            {
                                                "Worker Number": 0,
                                                "Actual Startup Time": 751.801,
                                                "Actual Total Time": 751.804,
                                                "Actual Rows": 68082,
                                                "Actual Loops": 1
                                            },
                                            {
                                                "Worker Number": 1,
                                                "Actual Startup Time": 751.842,
                                                "Actual Total Time": 751.845,
                                                "Actual Rows": 65775,
                                                "Actual Loops": 1
                                            },
                                            {
                                                "Worker Number": 2,
                                                "Actual Startup Time": 751.776,
                                                "Actual Total Time": 751.78,
                                                "Actual Rows": 65652,
                                                "Actual Loops": 1
                                            },
                                            {
                                                "Worker Number": 3,
                                                "Actual Startup Time": 752.345,
                                                "Actual Total Time": 752.349,
                                                "Actual Rows": 57560,
                                                "Actual Loops": 1
                                            }
                                        ],
                                        "Plans": [
                                            {
                                                "Node Type": "Hash Join",
                                                "Parent Relationship": "Outer",
                                                "Parallel Aware": true,
                                                "Join Type": "Inner",
                                                "Startup Cost": 328912.52,
                                                "Total Cost": 361564.12,
                                                "Plan Rows": 112126,
                                                "Plan Width": 8,
                                                "Actual Startup Time": 650.206,
                                                "Actual Total Time": 734.788,
                                                "Actual Rows": 66192,
                                                "Actual Loops": 5,
                                                "Output": [
                                                    "mc.movie_id",
                                                    "ci.movie_id"
                                                ],
                                                "Inner Unique": false,
                                                "Hash Cond": "(mc.movie_id = ci.movie_id)",
                                                "Workers": [
                                                    {
                                                        "Worker Number": 0,
                                                        "Actual Startup Time": 649.858,
                                                        "Actual Total Time": 734.015,
                                                        "Actual Rows": 68082,
                                                        "Actual Loops": 1
                                                    },
                                                    {
                                                        "Worker Number": 1,
                                                        "Actual Startup Time": 649.859,
                                                        "Actual Total Time": 734.435,
                                                        "Actual Rows": 65775,
                                                        "Actual Loops": 1
                                                    },
                                                    {
                                                        "Worker Number": 2,
                                                        "Actual Startup Time": 649.945,
                                                        "Actual Total Time": 734.696,
                                                        "Actual Rows": 65652,
                                                        "Actual Loops": 1
                                                    },
                                                    {
                                                        "Worker Number": 3,
                                                        "Actual Startup Time": 650.393,
                                                        "Actual Total Time": 735.313,
                                                        "Actual Rows": 57560,
                                                        "Actual Loops": 1
                                                    }
                                                ],
                                                "Plans": [
                                                    {
                                                        "Node Type": "Seq Scan",
                                                        "Parent Relationship": "Outer",
                                                        "Parallel Aware": true,
                                                        "Relation Name": "movie_companies",
                                                        "Schema": "public",
                                                        "Alias": "mc",
                                                        "Startup Cost": 0.0,
                                                        "Total Cost": 29310.68,
                                                        "Plan Rows": 315404,
                                                        "Plan Width": 4,
                                                        "Actual Startup Time": 7.855,
                                                        "Actual Total Time": 51.262,
                                                        "Actual Rows": 196258,
                                                        "Actual Loops": 5,
                                                        "Output": [
                                                            "mc.id",
                                                            "mc.movie_id",
                                                            "mc.company_id",
                                                            "mc.company_type_id",
                                                            "mc.note"
                                                        ],
                                                        "Filter": "(mc.company_id > 17385)",
                                                        "Rows Removed by Filter": 325567,
                                                        "Workers": [
                                                            {
                                                                "Worker Number": 0,
                                                                "Actual Startup Time": 7.891,
                                                                "Actual Total Time": 52.428,
                                                                "Actual Rows": 199208,
                                                                "Actual Loops": 1
                                                            },
                                                            {
                                                                "Worker Number": 1,
                                                                "Actual Startup Time": 7.887,
                                                                "Actual Total Time": 52.694,
                                                                "Actual Rows": 198379,
                                                                "Actual Loops": 1
                                                            },
                                                            {
                                                                "Worker Number": 2,
                                                                "Actual Startup Time": 7.803,
                                                                "Actual Total Time": 52.586,
                                                                "Actual Rows": 199452,
                                                                "Actual Loops": 1
                                                            },
                                                            {
                                                                "Worker Number": 3,
                                                                "Actual Startup Time": 7.809,
                                                                "Actual Total Time": 49.531,
                                                                "Actual Rows": 164831,
                                                                "Actual Loops": 1
                                                            }
                                                        ]
                                                    },
                                                    {
                                                        "Node Type": "Hash",
                                                        "Parent Relationship": "Inner",
                                                        "Parallel Aware": true,
                                                        "Startup Cost": 328213.62,
                                                        "Total Cost": 328213.62,
                                                        "Plan Rows": 55912,
                                                        "Plan Width": 4,
                                                        "Actual Startup Time": 640.827,
                                                        "Actual Total Time": 640.828,
                                                        "Actual Rows": 71894,
                                                        "Actual Loops": 5,
                                                        "Output": [
                                                            "ci.movie_id"
                                                        ],
                                                        "Hash Buckets": 524288,
                                                        "Original Hash Buckets": 524288,
                                                        "Hash Batches": 1,
                                                        "Original Hash Batches": 1,
                                                        "Peak Memory Usage": 18240,
                                                        "Workers": [
                                                            {
                                                                "Worker Number": 0,
                                                                "Actual Startup Time": 641.908,
                                                                "Actual Total Time": 641.909,
                                                                "Actual Rows": 72537,
                                                                "Actual Loops": 1
                                                            },
                                                            {
                                                                "Worker Number": 1,
                                                                "Actual Startup Time": 641.807,
                                                                "Actual Total Time": 641.808,
                                                                "Actual Rows": 69603,
                                                                "Actual Loops": 1
                                                            },
                                                            {
                                                                "Worker Number": 2,
                                                                "Actual Startup Time": 641.895,
                                                                "Actual Total Time": 641.897,
                                                                "Actual Rows": 71659,
                                                                "Actual Loops": 1
                                                            },
                                                            {
                                                                "Worker Number": 3,
                                                                "Actual Startup Time": 642.323,
                                                                "Actual Total Time": 642.325,
                                                                "Actual Rows": 62786,
                                                                "Actual Loops": 1
                                                            }
                                                        ],
                                                        "Plans": [
                                                            {
                                                                "Node Type": "Seq Scan",
                                                                "Parent Relationship": "Outer",
                                                                "Parallel Aware": true,
                                                                "Relation Name": "cast_info",
                                                                "Schema": "public",
                                                                "Alias": "ci",
                                                                "Startup Cost": 0.0,
                                                                "Total Cost": 328213.62,
                                                                "Plan Rows": 55912,
                                                                "Plan Width": 4,
                                                                "Actual Startup Time": 598.492,
                                                                "Actual Total Time": 614.731,
                                                                "Actual Rows": 71894,
                                                                "Actual Loops": 5,
                                                                "Output": [
                                                                    "ci.movie_id"
                                                                ],
                                                                "Filter": "(ci.person_id > 3995810)",
                                                                "Rows Removed by Filter": 7176975,
                                                                "Workers": [
                                                                    {
                                                                        "Worker Number": 0,
                                                                        "Actual Startup Time": 598.434,
                                                                        "Actual Total Time": 615.4,
                                                                        "Actual Rows": 72537,
                                                                        "Actual Loops": 1
                                                                    },
                                                                    {
                                                                        "Worker Number": 1,
                                                                        "Actual Startup Time": 598.442,
                                                                        "Actual Total Time": 615.295,
                                                                        "Actual Rows": 69603,
                                                                        "Actual Loops": 1
                                                                    },
                                                                    {
                                                                        "Worker Number": 2,
                                                                        "Actual Startup Time": 598.5,
                                                                        "Actual Total Time": 615.318,
                                                                        "Actual Rows": 71659,
                                                                        "Actual Loops": 1
                                                                    },
                                                                    {
                                                                        "Worker Number": 3,
                                                                        "Actual Startup Time": 598.511,
                                                                        "Actual Total Time": 613.792,
                                                                        "Actual Rows": 62786,
                                                                        "Actual Loops": 1
                                                                    }
                                                                ]
                                                            }
                                                        ]
                                                    }
                                                ]
                                            }
                                        ]
                                    }
                                ]
                            }
                        ]
                    }
                ]
            }
        ]
    },
    "Planning Time": 1.65,
    "Triggers": [],
    "Execution Time": 977.912
}