[
  {
    "Plan": {
      "Node Type": "Aggregate",
      "Strategy": "Plain",
      "Partial Mode": "Finalize",
      "Parallel Aware": false,
      "Startup Cost": 33055.61,
      "Total Cost": 33055.62,
      "Plan Rows": 1,
      "Plan Width": 8,
      "Actual Startup Time": 103.103,
      "Actual Total Time": 111.216,
      "Actual Rows": 1,
      "Actual Loops": 1,
      "Plans": [
        {
          "Node Type": "Gather",
          "Parent Relationship": "Outer",
          "Parallel Aware": false,
          "Startup Cost": 33055.29,
          "Total Cost": 33055.6,
          "Plan Rows": 3,
          "Plan Width": 8,
          "Actual Startup Time": 103.01,
          "Actual Total Time": 111.206,
          "Actual Rows": 4,
          "Actual Loops": 1,
          "Workers Planned": 3,
          "Workers Launched": 3,
          "Single Copy": false,
          "Plans": [
            {
              "Node Type": "Aggregate",
              "Strategy": "Plain",
              "Partial Mode": "Partial",
              "Parent Relationship": "Outer",
              "Parallel Aware": false,
              "Startup Cost": 32055.29,
              "Total Cost": 32055.3,
              "Plan Rows": 1,
              "Plan Width": 8,
              "Actual Startup Time": 94.391,
              "Actual Total Time": 94.392,
              "Actual Rows": 1,
              "Actual Loops": 4,
              "Plans": [
                {
                  "Node Type": "Seq Scan",
                  "Parent Relationship": "Outer",
                  "Parallel Aware": true,
                  "Relation Name": "movie_companies",
                  "Alias": "mc",
                  "Startup Cost": 0.0,
                  "Total Cost": 31414.82,
                  "Plan Rows": 256190,
                  "Plan Width": 0,
                  "Actual Startup Time": 0.061,
                  "Actual Total Time": 79.546,
                  "Actual Rows": 271972,
                  "Actual Loops": 4,
                  "Filter": "((company_id < 16432) AND (company_type_id < 2))",
                  "Rows Removed by Filter": 380310
                }
              ]
            }
          ]
        }
      ]
    },
    "Planning Time": 0.157,
    "Triggers": [],
    "Execution Time": 111.262
  }
]