[
  {
    "Plan": {
      "Node Type": "Aggregate",
      "Strategy": "Plain",
      "Partial Mode": "Finalize",
      "Parallel Aware": false,
      "Startup Cost": 138944.73,
      "Total Cost": 138944.74,
      "Plan Rows": 1,
      "Plan Width": 8,
      "Actual Startup Time": 50.2,
      "Actual Total Time": 57.104,
      "Actual Rows": 1,
      "Actual Loops": 1,
      "Plans": [
        {
          "Node Type": "Gather",
          "Parent Relationship": "Outer",
          "Parallel Aware": false,
          "Startup Cost": 138944.31,
          "Total Cost": 138944.72,
          "Plan Rows": 4,
          "Plan Width": 8,
          "Actual Startup Time": 49.911,
          "Actual Total Time": 57.096,
          "Actual Rows": 5,
          "Actual Loops": 1,
          "Workers Planned": 4,
          "Workers Launched": 4,
          "Single Copy": false,
          "Plans": [
            {
              "Node Type": "Aggregate",
              "Strategy": "Plain",
              "Partial Mode": "Partial",
              "Parent Relationship": "Outer",
              "Parallel Aware": false,
              "Startup Cost": 137944.31,
              "Total Cost": 137944.32,
              "Plan Rows": 1,
              "Plan Width": 8,
              "Actual Startup Time": 42.947,
              "Actual Total Time": 42.948,
              "Actual Rows": 1,
              "Actual Loops": 5,
              "Plans": [
                {
                  "Node Type": "Nested Loop",
                  "Parent Relationship": "Outer",
                  "Parallel Aware": false,
                  "Join Type": "Inner",
                  "Startup Cost": 2168.56,
                  "Total Cost": 137938.26,
                  "Plan Rows": 2423,
                  "Plan Width": 0,
                  "Actual Startup Time": 6.292,
                  "Actual Total Time": 42.782,
                  "Actual Rows": 982,
                  "Actual Loops": 5,
                  "Inner Unique": false,
                  "Plans": [
                    {
                      "Node Type": "Bitmap Heap Scan",
                      "Parent Relationship": "Outer",
                      "Parallel Aware": true,
                      "Relation Name": "title",
                      "Alias": "t",
                      "Startup Cost": 2168.13,
                      "Total Cost": 38621.56,
                      "Plan Rows": 832,
                      "Plan Width": 4,
                      "Actual Startup Time": 6.115,
                      "Actual Total Time": 29.428,
                      "Actual Rows": 230,
                      "Actual Loops": 5,
                      "Recheck Cond": "(kind_id = 4)",
                      "Rows Removed by Index Recheck": 0,
                      "Filter": "(production_year > 2012)",
                      "Rows Removed by Filter": 23417,
                      "Exact Heap Blocks": 5269,
                      "Lossy Heap Blocks": 0,
                      "Plans": [
                        {
                          "Node Type": "Bitmap Index Scan",
                          "Parent Relationship": "Outer",
                          "Parallel Aware": false,
                          "Index Name": "kind_id_title",
                          "Startup Cost": 0.0,
                          "Total Cost": 2167.3,
                          "Plan Rows": 121449,
                          "Plan Width": 0,
                          "Actual Startup Time": 9.2,
                          "Actual Total Time": 9.201,
                          "Actual Rows": 118234,
                          "Actual Loops": 1,
                          "Index Cond": "(kind_id = 4)"
                        }
                      ]
                    },
                    {
                      "Node Type": "Index Scan",
                      "Parent Relationship": "Inner",
                      "Parallel Aware": false,
                      "Scan Direction": "Forward",
                      "Index Name": "movie_id_movie_info",
                      "Relation Name": "movie_info",
                      "Alias": "mi",
                      "Startup Cost": 0.43,
                      "Total Cost": 119.17,
                      "Plan Rows": 20,
                      "Plan Width": 4,
                      "Actual Startup Time": 0.022,
                      "Actual Total Time": 0.057,
                      "Actual Rows": 4,
                      "Actual Loops": 1148,
                      "Index Cond": "(movie_id = t.id)",
                      "Rows Removed by Index Recheck": 0,
                      "Filter": "(info_type_id < 8)",
                      "Rows Removed by Filter": 3
                    }
                  ]
                }
              ]
            }
          ]
        }
      ]
    },
    "Planning Time": 0.711,
    "Triggers": [],
    "Execution Time": 57.161
  }
]