[
  {
    "Plan": {
      "Node Type": "Aggregate",
      "Strategy": "Plain",
      "Partial Mode": "Finalize",
      "Parallel Aware": false,
      "Startup Cost": 341325.56,
      "Total Cost": 341325.57,
      "Plan Rows": 1,
      "Plan Width": 8,
      "Actual Startup Time": 311.935,
      "Actual Total Time": 323.045,
      "Actual Rows": 1,
      "Actual Loops": 1,
      "Plans": [
        {
          "Node Type": "Gather",
          "Parent Relationship": "Outer",
          "Parallel Aware": false,
          "Startup Cost": 341324.94,
          "Total Cost": 341325.55,
          "Plan Rows": 6,
          "Plan Width": 8,
          "Actual Startup Time": 311.135,
          "Actual Total Time": 323.035,
          "Actual Rows": 7,
          "Actual Loops": 1,
          "Workers Planned": 6,
          "Workers Launched": 6,
          "Single Copy": false,
          "Plans": [
            {
              "Node Type": "Aggregate",
              "Strategy": "Plain",
              "Partial Mode": "Partial",
              "Parent Relationship": "Outer",
              "Parallel Aware": false,
              "Startup Cost": 340324.94,
              "Total Cost": 340324.95,
              "Plan Rows": 1,
              "Plan Width": 8,
              "Actual Startup Time": 300.274,
              "Actual Total Time": 300.275,
              "Actual Rows": 1,
              "Actual Loops": 7,
              "Plans": [
                {
                  "Node Type": "Bitmap Heap Scan",
                  "Parent Relationship": "Outer",
                  "Parallel Aware": true,
                  "Relation Name": "cast_info",
                  "Alias": "ci",
                  "Startup Cost": 78075.34,
                  "Total Cost": 339654.52,
                  "Plan Rows": 268168,
                  "Plan Width": 0,
                  "Actual Startup Time": 245.254,
                  "Actual Total Time": 293.919,
                  "Actual Rows": 147119,
                  "Actual Loops": 7,
                  "Recheck Cond": "(person_id < 352331)",
                  "Rows Removed by Index Recheck": 0,
                  "Filter": "(role_id > 2)",
                  "Rows Removed by Filter": 378623,
                  "Exact Heap Blocks": 8514,
                  "Lossy Heap Blocks": 0,
                  "Plans": [
                    {
                      "Node Type": "Bitmap Index Scan",
                      "Parent Relationship": "Outer",
                      "Parallel Aware": false,
                      "Index Name": "person_id_cast_info",
                      "Startup Cost": 0.0,
                      "Total Cost": 77673.09,
                      "Plan Rows": 3556870,
                      "Plan Width": 0,
                      "Actual Startup Time": 169.089,
                      "Actual Total Time": 169.09,
                      "Actual Rows": 3680199,
                      "Actual Loops": 1,
                      "Index Cond": "(person_id < 352331)"
                    }
                  ]
                }
              ]
            }
          ]
        }
      ]
    },
    "Planning Time": 0.268,
    "Triggers": [],
    "Execution Time": 323.201
  }
]