{
  "Plan": {
    "Node Type": "Aggregate",
    "Strategy": "Plain",
    "Partial Mode": "Finalize",
    "Parallel Aware": false,
    "Startup Cost": 81614.63,
    "Total Cost": 81614.64,
    "Plan Rows": 1,
    "Plan Width": 8,
    "Actual Startup Time": 332.299,
    "Actual Total Time": 342.386,
    "Actual Rows": 1,
    "Actual Loops": 1,
    "Plans": [
      {
        "Node Type": "Gather",
        "Parent Relationship": "Outer",
        "Parallel Aware": false,
        "Startup Cost": 81614.51,
        "Total Cost": 81614.62,
        "Plan Rows": 1,
        "Plan Width": 8,
        "Actual Startup Time": 331.608,
        "Actual Total Time": 342.379,
        "Actual Rows": 2,
        "Actual Loops": 1,
        "Workers Planned": 1,
        "Workers Launched": 1,
        "Single Copy": false,
        "Plans": [
          {
            "Node Type": "Aggregate",
            "Strategy": "Plain",
            "Partial Mode": "Partial",
            "Parent Relationship": "Outer",
            "Parallel Aware": false,
            "Startup Cost": 80614.51,
            "Total Cost": 80614.52,
            "Plan Rows": 1,
            "Plan Width": 8,
            "Actual Startup Time": 325.846,
            "Actual Total Time": 325.849,
            "Actual Rows": 1,
            "Actual Loops": 2,
            "Plans": [
              {
                "Node Type": "Hash Join",
                "Parent Relationship": "Outer",
                "Parallel Aware": true,
                "Join Type": "Inner",
                "Startup Cost": 62024.81,
                "Total Cost": 80208.59,
                "Plan Rows": 162368,
                "Plan Width": 0,
                "Actual Startup Time": 185.319,
                "Actual Total Time": 317.527,
                "Actual Rows": 206228,
                "Actual Loops": 2,
                "Inner Unique": true,
                "Hash Cond": "(mi_idx.movie_id = t.id)",
                "Plans": [
                  {
                    "Node Type": "Seq Scan",
                    "Parent Relationship": "Outer",
                    "Parallel Aware": true,
                    "Relation Name": "movie_info_idx",
                    "Alias": "mi_idx",
                    "Startup Cost": 0.0,
                    "Total Cost": 16052.85,
                    "Plan Rows": 811785,
                    "Plan Width": 4,
                    "Actual Startup Time": 0.016,
                    "Actual Total Time": 46.569,
                    "Actual Rows": 690018,
                    "Actual Loops": 2
                  },
                  {
                    "Node Type": "Hash",
                    "Parent Relationship": "Inner",
                    "Parallel Aware": true,
                    "Startup Cost": 58306.47,
                    "Total Cost": 58306.47,
                    "Plan Rows": 297467,
                    "Plan Width": 4,
                    "Actual Startup Time": 182.527,
                    "Actual Total Time": 182.528,
                    "Actual Rows": 196242,
                    "Actual Loops": 2,
                    "Hash Buckets": 524288,
                    "Original Hash Buckets": 524288,
                    "Hash Batches": 1,
                    "Original Hash Batches": 1,
                    "Peak Memory Usage": 19456,
                    "Plans": [
                      {
                        "Node Type": "Seq Scan",
                        "Parent Relationship": "Outer",
                        "Parallel Aware": true,
                        "Relation Name": "title",
                        "Alias": "t",
                        "Startup Cost": 0.0,
                        "Total Cost": 58306.47,
                        "Plan Rows": 297467,
                        "Plan Width": 4,
                        "Actual Startup Time": 0.031,
                        "Actual Total Time": 139.438,
                        "Actual Rows": 196242,
                        "Actual Loops": 2,
                        "Filter": "((kind_id < 4) AND (production_year > 1998))",
                        "Rows Removed by Filter": 1067914
                      }
                    ]
                  }
                ]
              }
            ]
          }
        ]
      }
    ]
  },
  "Planning Time": 0.226,
  "Triggers": [],
  "Execution Time": 342.428
}