{
    "Plan": {
        "Node Type": "Aggregate",
        "Strategy": "Plain",
        "Partial Mode": "Finalize",
        "Parallel Aware": false,
        "Startup Cost": 94100.9,
        "Total Cost": 94100.91,
        "Plan Rows": 1,
        "Plan Width": 8,
        "Actual Startup Time": 714.518,
        "Actual Total Time": 780.657,
        "Actual Rows": 1,
        "Actual Loops": 1,
        "Output": [
            "count(*)"
        ],
        "Plans": [
            {
                "Node Type": "Gather",
                "Parent Relationship": "Outer",
                "Parallel Aware": false,
                "Startup Cost": 94100.58,
                "Total Cost": 94100.89,
                "Plan Rows": 3,
                "Plan Width": 8,
                "Actual Startup Time": 714.148,
                "Actual Total Time": 780.646,
                "Actual Rows": 4,
                "Actual Loops": 1,
                "Output": [
                    "(PARTIAL count(*))"
                ],
                "Workers Planned": 3,
                "Workers Launched": 3,
                "Single Copy": false,
                "Plans": [
                    {
                        "Node Type": "Aggregate",
                        "Strategy": "Plain",
                        "Partial Mode": "Partial",
                        "Parent Relationship": "Outer",
                        "Parallel Aware": false,
                        "Startup Cost": 93100.58,
                        "Total Cost": 93100.59,
                        "Plan Rows": 1,
                        "Plan Width": 8,
                        "Actual Startup Time": 704.554,
                        "Actual Total Time": 704.559,
                        "Actual Rows": 1,
                        "Actual Loops": 4,
                        "Output": [
                            "PARTIAL count(*)"
                        ],
                        "Workers": [
                            {
                                "Worker Number": 0,
                                "Actual Startup Time": 702.123,
                                "Actual Total Time": 702.128,
                                "Actual Rows": 1,
                                "Actual Loops": 1
                            },
                            {
                                "Worker Number": 1,
                                "Actual Startup Time": 702.217,
                                "Actual Total Time": 702.22,
                                "Actual Rows": 1,
                                "Actual Loops": 1
                            },
                            {
                                "Worker Number": 2,
                                "Actual Startup Time": 701.898,
                                "Actual Total Time": 701.902,
                                "Actual Rows": 1,
                                "Actual Loops": 1
                            }
                        ],
                        "Plans": [
                            {
                                "Node Type": "Nested Loop",
                                "Parent Relationship": "Outer",
                                "Parallel Aware": false,
                                "Join Type": "Inner",
                                "Startup Cost": 45562.34,
                                "Total Cost": 93067.51,
                                "Plan Rows": 13229,
                                "Plan Width": 0,
                                "Actual Startup Time": 108.06,
                                "Actual Total Time": 703.987,
                                "Actual Rows": 4340,
                                "Actual Loops": 4,
                                "Inner Unique": false,
                                "Join Filter": "(t.id = ci.movie_id)",
                                "Rows Removed by Join Filter": 0,
                                "Workers": [
                                    {
                                        "Worker Number": 0,
                                        "Actual Startup Time": 105.47,
                                        "Actual Total Time": 701.571,
                                        "Actual Rows": 2997,
                                        "Actual Loops": 1
                                    },
                                    {
                                        "Worker Number": 1,
                                        "Actual Startup Time": 105.694,
                                        "Actual Total Time": 701.711,
                                        "Actual Rows": 4405,
                                        "Actual Loops": 1
                                    },
                                    {
                                        "Worker Number": 2,
                                        "Actual Startup Time": 106.566,
                                        "Actual Total Time": 701.335,
                                        "Actual Rows": 3122,
                                        "Actual Loops": 1
                                    }
                                ],
                                "Plans": [
                                    {
                                        "Node Type": "Hash Join",
                                        "Parent Relationship": "Outer",
                                        "Parallel Aware": true,
                                        "Join Type": "Inner",
                                        "Startup Cost": 45561.77,
                                        "Total Cost": 74977.66,
                                        "Plan Rows": 8795,
                                        "Plan Width": 8,
                                        "Actual Startup Time": 105.941,
                                        "Actual Total Time": 249.865,
                                        "Actual Rows": 10080,
                                        "Actual Loops": 4,
                                        "Output": [
                                            "t.id",
                                            "mc.movie_id"
                                        ],
                                        "Inner Unique": true,
                                        "Hash Cond": "(mc.movie_id = t.id)",
                                        "Workers": [
                                            {
                                                "Worker Number": 0,
                                                "Actual Startup Time": 103.605,
                                                "Actual Total Time": 235.078,
                                                "Actual Rows": 6926,
                                                "Actual Loops": 1
                                            },
                                            {
                                                "Worker Number": 1,
                                                "Actual Startup Time": 103.458,
                                                "Actual Total Time": 231.997,
                                                "Actual Rows": 10415,
                                                "Actual Loops": 1
                                            },
                                            {
                                                "Worker Number": 2,
                                                "Actual Startup Time": 103.414,
                                                "Actual Total Time": 236.086,
                                                "Actual Rows": 7028,
                                                "Actual Loops": 1
                                            }
                                        ],
                                        "Plans": [
                                            {
                                                "Node Type": "Seq Scan",
                                                "Parent Relationship": "Outer",
                                                "Parallel Aware": true,
                                                "Relation Name": "movie_companies",
                                                "Schema": "public",
                                                "Alias": "mc",
                                                "Startup Cost": 0.0,
                                                "Total Cost": 27206.55,
                                                "Plan Rows": 841655,
                                                "Plan Width": 4,
                                                "Actual Startup Time": 0.02,
                                                "Actual Total Time": 61.295,
                                                "Actual Rows": 652282,
                                                "Actual Loops": 4,
                                                "Output": [
                                                    "mc.id",
                                                    "mc.movie_id",
                                                    "mc.company_id",
                                                    "mc.company_type_id",
                                                    "mc.note"
                                                ],
                                                "Workers": [
                                                    {
                                                        "Worker Number": 0,
                                                        "Actual Startup Time": 0.025,
                                                        "Actual Total Time": 56.115,
                                                        "Actual Rows": 434717,
                                                        "Actual Loops": 1
                                                    },
                                                    {
                                                        "Worker Number": 1,
                                                        "Actual Startup Time": 0.026,
                                                        "Actual Total Time": 54.943,
                                                        "Actual Rows": 651431,
                                                        "Actual Loops": 1
                                                    },
                                                    {
                                                        "Worker Number": 2,
                                                        "Actual Startup Time": 0.024,
                                                        "Actual Total Time": 56.75,
                                                        "Actual Rows": 442852,
                                                        "Actual Loops": 1
                                                    }
                                                ]
                                            },
                                            {
                                                "Node Type": "Hash",
                                                "Parent Relationship": "Inner",
                                                "Parallel Aware": true,
                                                "Startup Cost": 45479.21,
                                                "Total Cost": 45479.21,
                                                "Plan Rows": 6605,
                                                "Plan Width": 4,
                                                "Actual Startup Time": 104.869,
                                                "Actual Total Time": 104.87,
                                                "Actual Rows": 6771,
                                                "Actual Loops": 4,
                                                "Output": [
                                                    "t.id"
                                                ],
                                                "Hash Buckets": 32768,
                                                "Original Hash Buckets": 32768,
                                                "Hash Batches": 1,
                                                "Original Hash Batches": 1,
                                                "Peak Memory Usage": 1408,
                                                "Workers": [
                                                    {
                                                        "Worker Number": 0,
                                                        "Actual Startup Time": 102.906,
                                                        "Actual Total Time": 102.907,
                                                        "Actual Rows": 5033,
                                                        "Actual Loops": 1
                                                    },
                                                    {
                                                        "Worker Number": 1,
                                                        "Actual Startup Time": 102.889,
                                                        "Actual Total Time": 102.89,
                                                        "Actual Rows": 7110,
                                                        "Actual Loops": 1
                                                    },
                                                    {
                                                        "Worker Number": 2,
                                                        "Actual Startup Time": 102.776,
                                                        "Actual Total Time": 102.777,
                                                        "Actual Rows": 5042,
                                                        "Actual Loops": 1
                                                    }
                                                ],
                                                "Plans": [
                                                    {
                                                        "Node Type": "Seq Scan",
                                                        "Parent Relationship": "Outer",
                                                        "Parallel Aware": true,
                                                        "Relation Name": "title",
                                                        "Schema": "public",
                                                        "Alias": "t",
                                                        "Startup Cost": 0.0,
                                                        "Total Cost": 45479.21,
                                                        "Plan Rows": 6605,
                                                        "Plan Width": 4,
                                                        "Actual Startup Time": 1.177,
                                                        "Actual Total Time": 101.838,
                                                        "Actual Rows": 6771,
                                                        "Actual Loops": 4,
                                                        "Output": [
                                                            "t.id"
                                                        ],
                                                        "Filter": "((t.kind_id < 7) AND (t.production_year > 2012))",
                                                        "Rows Removed by Filter": 625307,
                                                        "Workers": [
                                                            {
                                                                "Worker Number": 0,
                                                                "Actual Startup Time": 1.924,
                                                                "Actual Total Time": 100.045,
                                                                "Actual Rows": 5033,
                                                                "Actual Loops": 1
                                                            },
                                                            {
                                                                "Worker Number": 1,
                                                                "Actual Startup Time": 0.073,
                                                                "Actual Total Time": 99.637,
                                                                "Actual Rows": 7110,
                                                                "Actual Loops": 1
                                                            },
                                                            {
                                                                "Worker Number": 2,
                                                                "Actual Startup Time": 2.464,
                                                                "Actual Total Time": 99.897,
                                                                "Actual Rows": 5042,
                                                                "Actual Loops": 1
                                                            }
                                                        ]
                                                    }
                                                ]
                                            }
                                        ]
                                    },
                                    {
                                        "Node Type": "Index Scan",
                                        "Parent Relationship": "Inner",
                                        "Parallel Aware": false,
                                        "Scan Direction": "Forward",
                                        "Index Name": "movie_id_cast_info",
                                        "Relation Name": "cast_info",
                                        "Schema": "public",
                                        "Alias": "ci",
                                        "Startup Cost": 0.56,
                                        "Total Cost": 2.01,
                                        "Plan Rows": 4,
                                        "Plan Width": 4,
                                        "Actual Startup Time": 0.033,
                                        "Actual Total Time": 0.045,
                                        "Actual Rows": 0,
                                        "Actual Loops": 40318,
                                        "Output": [
                                            "ci.id",
                                            "ci.person_id",
                                            "ci.movie_id",
                                            "ci.person_role_id",
                                            "ci.note",
                                            "ci.nr_order",
                                            "ci.role_id"
                                        ],
                                        "Index Cond": "(ci.movie_id = mc.movie_id)",
                                        "Rows Removed by Index Recheck": 0,
                                        "Filter": "((ci.person_id < 1821688) AND (ci.role_id = 2))",
                                        "Rows Removed by Filter": 30,
                                        "Workers": [
                                            {
                                                "Worker Number": 0,
                                                "Actual Startup Time": 0.05,
                                                "Actual Total Time": 0.067,
                                                "Actual Rows": 0,
                                                "Actual Loops": 6926
                                            },
                                            {
                                                "Worker Number": 1,
                                                "Actual Startup Time": 0.034,
                                                "Actual Total Time": 0.045,
                                                "Actual Rows": 0,
                                                "Actual Loops": 10415
                                            },
                                            {
                                                "Worker Number": 2,
                                                "Actual Startup Time": 0.048,
                                                "Actual Total Time": 0.065,
                                                "Actual Rows": 0,
                                                "Actual Loops": 7028
                                            }
                                        ]
                                    }
                                ]
                            }
                        ]
                    }
                ]
            }
        ]
    },
    "Planning Time": 1.676,
    "Triggers": [],
    "Execution Time": 780.767
}