[
  {
    "Plan": {
      "Node Type": "Aggregate",
      "Strategy": "Plain",
      "Partial Mode": "Finalize",
      "Parallel Aware": false,
      "Startup Cost": 107626.27,
      "Total Cost": 107626.28,
      "Plan Rows": 1,
      "Plan Width": 8,
      "Actual Startup Time": 401.573,
      "Actual Total Time": 427.644,
      "Actual Rows": 1,
      "Actual Loops": 1,
      "Plans": [
        {
          "Node Type": "Gather",
          "Parent Relationship": "Outer",
          "Parallel Aware": false,
          "Startup Cost": 107625.96,
          "Total Cost": 107626.27,
          "Plan Rows": 3,
          "Plan Width": 8,
          "Actual Startup Time": 401.345,
          "Actual Total Time": 427.636,
          "Actual Rows": 4,
          "Actual Loops": 1,
          "Workers Planned": 3,
          "Workers Launched": 3,
          "Single Copy": false,
          "Plans": [
            {
              "Node Type": "Aggregate",
              "Strategy": "Plain",
              "Partial Mode": "Partial",
              "Parent Relationship": "Outer",
              "Parallel Aware": false,
              "Startup Cost": 106625.96,
              "Total Cost": 106625.97,
              "Plan Rows": 1,
              "Plan Width": 8,
              "Actual Startup Time": 391.929,
              "Actual Total Time": 391.934,
              "Actual Rows": 1,
              "Actual Loops": 4,
              "Plans": [
                {
                  "Node Type": "Nested Loop",
                  "Parent Relationship": "Outer",
                  "Parallel Aware": false,
                  "Join Type": "Inner",
                  "Startup Cost": 44012.34,
                  "Total Cost": 106502.96,
                  "Plan Rows": 49198,
                  "Plan Width": 0,
                  "Actual Startup Time": 91.645,
                  "Actual Total Time": 373.584,
                  "Actual Rows": 446800,
                  "Actual Loops": 4,
                  "Inner Unique": false,
                  "Join Filter": "(t.id = mi.movie_id)",
                  "Rows Removed by Join Filter": 0,
                  "Plans": [
                    {
                      "Node Type": "Hash Join",
                      "Parent Relationship": "Outer",
                      "Parallel Aware": true,
                      "Join Type": "Inner",
                      "Startup Cost": 44011.9,
                      "Total Cost": 88252.02,
                      "Plan Rows": 8414,
                      "Plan Width": 8,
                      "Actual Startup Time": 91.586,
                      "Actual Total Time": 210.989,
                      "Actual Rows": 6987,
                      "Actual Loops": 4,
                      "Inner Unique": true,
                      "Hash Cond": "(mk.movie_id = t.id)",
                      "Plans": [
                        {
                          "Node Type": "Seq Scan",
                          "Parent Relationship": "Outer",
                          "Parallel Aware": true,
                          "Relation Name": "movie_keyword",
                          "Alias": "mk",
                          "Startup Cost": 0.0,
                          "Total Cost": 42695.65,
                          "Plan Rows": 588369,
                          "Plan Width": 4,
                          "Actual Startup Time": 0.417,
                          "Actual Total Time": 87.924,
                          "Actual Rows": 458266,
                          "Actual Loops": 4,
                          "Filter": "(keyword_id > 7602)",
                          "Rows Removed by Filter": 672716
                        },
                        {
                          "Node Type": "Hash",
                          "Parent Relationship": "Inner",
                          "Parallel Aware": true,
                          "Startup Cost": 43898.92,
                          "Total Cost": 43898.92,
                          "Plan Rows": 9039,
                          "Plan Width": 4,
                          "Actual Startup Time": 89.738,
                          "Actual Total Time": 89.738,
                          "Actual Rows": 9109,
                          "Actual Loops": 4,
                          "Hash Buckets": 65536,
                          "Original Hash Buckets": 65536,
                          "Hash Batches": 1,
                          "Original Hash Batches": 1,
                          "Peak Memory Usage": 2016,
                          "Plans": [
                            {
                              "Node Type": "Seq Scan",
                              "Parent Relationship": "Outer",
                              "Parallel Aware": true,
                              "Relation Name": "title",
                              "Alias": "t",
                              "Startup Cost": 0.0,
                              "Total Cost": 43898.92,
                              "Plan Rows": 9039,
                              "Plan Width": 4,
                              "Actual Startup Time": 0.059,
                              "Actual Total Time": 85.585,
                              "Actual Rows": 9109,
                              "Actual Loops": 4,
                              "Filter": "(production_year = 1995)",
                              "Rows Removed by Filter": 622969
                            }
                          ]
                        }
                      ]
                    },
                    {
                      "Node Type": "Index Only Scan",
                      "Parent Relationship": "Inner",
                      "Parallel Aware": false,
                      "Scan Direction": "Forward",
                      "Index Name": "movie_id_movie_info",
                      "Relation Name": "movie_info",
                      "Alias": "mi",
                      "Startup Cost": 0.43,
                      "Total Cost": 1.64,
                      "Plan Rows": 42,
                      "Plan Width": 4,
                      "Actual Startup Time": 0.004,
                      "Actual Total Time": 0.018,
                      "Actual Rows": 64,
                      "Actual Loops": 27949,
                      "Index Cond": "(movie_id = mk.movie_id)",
                      "Rows Removed by Index Recheck": 0,
                      "Heap Fetches": 1787199
                    }
                  ]
                }
              ]
            }
          ]
        }
      ]
    },
    "Planning Time": 1.379,
    "Triggers": [],
    "Execution Time": 427.773
  }
]