{
  "Plan": {
    "Node Type": "Aggregate",
    "Strategy": "Plain",
    "Partial Mode": "Finalize",
    "Parallel Aware": false,
    "Startup Cost": 940612.07,
    "Total Cost": 940612.08,
    "Plan Rows": 1,
    "Plan Width": 8,
    "Actual Startup Time": 4745.497,
    "Actual Total Time": 4799.966,
    "Actual Rows": 1,
    "Actual Loops": 1,
    "Plans": [
      {
        "Node Type": "Gather",
        "Parent Relationship": "Outer",
        "Parallel Aware": false,
        "Startup Cost": 940611.95,
        "Total Cost": 940612.06,
        "Plan Rows": 1,
        "Plan Width": 8,
        "Actual Startup Time": 4737.263,
        "Actual Total Time": 4799.958,
        "Actual Rows": 2,
        "Actual Loops": 1,
        "Workers Planned": 1,
        "Workers Launched": 1,
        "Single Copy": false,
        "Plans": [
          {
            "Node Type": "Aggregate",
            "Strategy": "Plain",
            "Partial Mode": "Partial",
            "Parent Relationship": "Outer",
            "Parallel Aware": false,
            "Startup Cost": 939611.95,
            "Total Cost": 939611.96,
            "Plan Rows": 1,
            "Plan Width": 8,
            "Actual Startup Time": 4716.514,
            "Actual Total Time": 4716.521,
            "Actual Rows": 1,
            "Actual Loops": 2,
            "Plans": [
              {
                "Node Type": "Hash Join",
                "Parent Relationship": "Outer",
                "Parallel Aware": true,
                "Join Type": "Inner",
                "Startup Cost": 543977.01,
                "Total Cost": 918724.48,
                "Plan Rows": 8354991,
                "Plan Width": 0,
                "Actual Startup Time": 3977.644,
                "Actual Total Time": 4676.324,
                "Actual Rows": 964047,
                "Actual Loops": 2,
                "Inner Unique": false,
                "Hash Cond": "(ci.movie_id = t.id)",
                "Plans": [
                  {
                    "Node Type": "Bitmap Heap Scan",
                    "Parent Relationship": "Outer",
                    "Parallel Aware": true,
                    "Relation Name": "cast_info",
                    "Alias": "ci",
                    "Startup Cost": 125963.69,
                    "Total Cost": 429107.6,
                    "Plan Rows": 2566462,
                    "Plan Width": 4,
                    "Actual Startup Time": 358.286,
                    "Actual Total Time": 750.988,
                    "Actual Rows": 568112,
                    "Actual Loops": 2,
                    "Recheck Cond": "(person_id > 3099303)",
                    "Rows Removed by Index Recheck": 0,
                    "Filter": "(role_id < 6)",
                    "Rows Removed by Filter": 2201716,
                    "Exact Heap Blocks": 37877,
                    "Lossy Heap Blocks": 0,
                    "Plans": [
                      {
                        "Node Type": "Bitmap Index Scan",
                        "Parent Relationship": "Outer",
                        "Parallel Aware": false,
                        "Index Name": "person_id_cast_info",
                        "Startup Cost": 0.0,
                        "Total Cost": 124872.94,
                        "Plan Rows": 5718450,
                        "Plan Width": 0,
                        "Actual Startup Time": 345.221,
                        "Actual Total Time": 345.222,
                        "Actual Rows": 5539657,
                        "Actual Loops": 1,
                        "Index Cond": "(person_id > 3099303)"
                      }
                    ]
                  },
                  {
                    "Node Type": "Hash",
                    "Parent Relationship": "Inner",
                    "Parallel Aware": true,
                    "Startup Cost": 357493.22,
                    "Total Cost": 357493.22,
                    "Plan Rows": 4841608,
                    "Plan Width": 8,
                    "Actual Startup Time": 3585.756,
                    "Actual Total Time": 3585.76,
                    "Actual Rows": 1908726,
                    "Actual Loops": 2,
                    "Hash Buckets": 8388608,
                    "Original Hash Buckets": 8388608,
                    "Hash Batches": 1,
                    "Original Hash Batches": 1,
                    "Peak Memory Usage": 214912,
                    "Plans": [
                      {
                        "Node Type": "Hash Join",
                        "Parent Relationship": "Outer",
                        "Parallel Aware": true,
                        "Join Type": "Inner",
                        "Startup Cost": 65888.86,
                        "Total Cost": 357493.22,
                        "Plan Rows": 4841608,
                        "Plan Width": 8,
                        "Actual Startup Time": 397.329,
                        "Actual Total Time": 2956.587,
                        "Actual Rows": 1908726,
                        "Actual Loops": 2,
                        "Inner Unique": true,
                        "Hash Cond": "(mi.movie_id = t.id)",
                        "Plans": [
                          {
                            "Node Type": "Seq Scan",
                            "Parent Relationship": "Outer",
                            "Parallel Aware": true,
                            "Relation Name": "movie_info",
                            "Alias": "mi",
                            "Startup Cost": 0.0,
                            "Total Cost": 270696.42,
                            "Plan Rows": 7964917,
                            "Plan Width": 4,
                            "Actual Startup Time": 0.012,
                            "Actual Total Time": 835.015,
                            "Actual Rows": 6815506,
                            "Actual Loops": 2,
                            "Filter": "(info_type_id < 35)",
                            "Rows Removed by Filter": 602354
                          },
                          {
                            "Node Type": "Hash",
                            "Parent Relationship": "Inner",
                            "Parallel Aware": true,
                            "Startup Cost": 54588.39,
                            "Total Cost": 54588.39,
                            "Plan Rows": 904038,
                            "Plan Width": 4,
                            "Actual Startup Time": 391.304,
                            "Actual Total Time": 391.305,
                            "Actual Rows": 771632,
                            "Actual Loops": 2,
                            "Hash Buckets": 2097152,
                            "Original Hash Buckets": 2097152,
                            "Hash Batches": 1,
                            "Original Hash Batches": 1,
                            "Peak Memory Usage": 76800,
                            "Plans": [
                              {
                                "Node Type": "Seq Scan",
                                "Parent Relationship": "Outer",
                                "Parallel Aware": true,
                                "Relation Name": "title",
                                "Alias": "t",
                                "Startup Cost": 0.0,
                                "Total Cost": 54588.39,
                                "Plan Rows": 904038,
                                "Plan Width": 4,
                                "Actual Startup Time": 0.036,
                                "Actual Total Time": 163.895,
                                "Actual Rows": 771632,
                                "Actual Loops": 2,
                                "Filter": "(kind_id = 7)",
                                "Rows Removed by Filter": 492524
                              }
                            ]
                          }
                        ]
                      }
                    ]
                  }
                ]
              }
            ]
          }
        ]
      }
    ]
  },
  "Planning Time": 0.971,
  "Triggers": [],
  "Execution Time": 4800.075
}