[
  {
    "Plan": {
      "Node Type": "Aggregate",
      "Strategy": "Plain",
      "Partial Mode": "Finalize",
      "Parallel Aware": false,
      "Startup Cost": 337977.98,
      "Total Cost": 337977.99,
      "Plan Rows": 1,
      "Plan Width": 8,
      "Actual Startup Time": 729.491,
      "Actual Total Time": 771.494,
      "Actual Rows": 1,
      "Actual Loops": 1,
      "Plans": [
        {
          "Node Type": "Gather",
          "Parent Relationship": "Outer",
          "Parallel Aware": false,
          "Startup Cost": 337977.36,
          "Total Cost": 337977.97,
          "Plan Rows": 6,
          "Plan Width": 8,
          "Actual Startup Time": 729.171,
          "Actual Total Time": 771.48,
          "Actual Rows": 7,
          "Actual Loops": 1,
          "Workers Planned": 6,
          "Workers Launched": 6,
          "Single Copy": false,
          "Plans": [
            {
              "Node Type": "Aggregate",
              "Strategy": "Plain",
              "Partial Mode": "Partial",
              "Parent Relationship": "Outer",
              "Parallel Aware": false,
              "Startup Cost": 336977.36,
              "Total Cost": 336977.37,
              "Plan Rows": 1,
              "Plan Width": 8,
              "Actual Startup Time": 722.083,
              "Actual Total Time": 722.085,
              "Actual Rows": 1,
              "Actual Loops": 7,
              "Plans": [
                {
                  "Node Type": "Seq Scan",
                  "Parent Relationship": "Outer",
                  "Parallel Aware": true,
                  "Relation Name": "cast_info",
                  "Alias": "ci",
                  "Startup Cost": 0.0,
                  "Total Cost": 328211.39,
                  "Plan Rows": 3506387,
                  "Plan Width": 0,
                  "Actual Startup Time": 0.047,
                  "Actual Total Time": 583.228,
                  "Actual Rows": 3045719,
                  "Actual Loops": 7,
                  "Filter": "(person_id < 2157749)",
                  "Rows Removed by Filter": 2132044
                }
              ]
            }
          ]
        }
      ]
    },
    "Planning Time": 0.104,
    "Triggers": [],
    "Execution Time": 771.535
  }
]