[
  {
    "Plan": {
      "Node Type": "Aggregate",
      "Strategy": "Plain",
      "Partial Mode": "Finalize",
      "Parallel Aware": false,
      "Startup Cost": 32954.54,
      "Total Cost": 32954.55,
      "Plan Rows": 1,
      "Plan Width": 8,
      "Actual Startup Time": 94.772,
      "Actual Total Time": 102.696,
      "Actual Rows": 1,
      "Actual Loops": 1,
      "Plans": [
        {
          "Node Type": "Gather",
          "Parent Relationship": "Outer",
          "Parallel Aware": false,
          "Startup Cost": 32954.22,
          "Total Cost": 32954.53,
          "Plan Rows": 3,
          "Plan Width": 8,
          "Actual Startup Time": 94.677,
          "Actual Total Time": 102.689,
          "Actual Rows": 4,
          "Actual Loops": 1,
          "Workers Planned": 3,
          "Workers Launched": 3,
          "Single Copy": false,
          "Plans": [
            {
              "Node Type": "Aggregate",
              "Strategy": "Plain",
              "Partial Mode": "Partial",
              "Parent Relationship": "Outer",
              "Parallel Aware": false,
              "Startup Cost": 31954.22,
              "Total Cost": 31954.23,
              "Plan Rows": 1,
              "Plan Width": 8,
              "Actual Startup Time": 87.127,
              "Actual Total Time": 87.128,
              "Actual Rows": 1,
              "Actual Loops": 4,
              "Plans": [
                {
                  "Node Type": "Seq Scan",
                  "Parent Relationship": "Outer",
                  "Parallel Aware": true,
                  "Relation Name": "movie_companies",
                  "Alias": "mc",
                  "Startup Cost": 0.0,
                  "Total Cost": 31414.82,
                  "Plan Rows": 215760,
                  "Plan Width": 0,
                  "Actual Startup Time": 23.287,
                  "Actual Total Time": 81.44,
                  "Actual Rows": 109500,
                  "Actual Loops": 4,
                  "Filter": "((company_id > 11146) AND (company_type_id = 1))",
                  "Rows Removed by Filter": 542782
                }
              ]
            }
          ]
        }
      ]
    },
    "Planning Time": 0.216,
    "Triggers": [],
    "Execution Time": 102.75
  }
]