{
  "Plan": {
    "Node Type": "Aggregate",
    "Strategy": "Plain",
    "Partial Mode": "Finalize",
    "Parallel Aware": false,
    "Startup Cost": 320845.14,
    "Total Cost": 320845.15,
    "Plan Rows": 1,
    "Plan Width": 8,
    "Actual Startup Time": 1894.921,
    "Actual Total Time": 1922.456,
    "Actual Rows": 1,
    "Actual Loops": 1,
    "Plans": [
      {
        "Node Type": "Gather",
        "Parent Relationship": "Outer",
        "Parallel Aware": false,
        "Startup Cost": 320845.03,
        "Total Cost": 320845.14,
        "Plan Rows": 1,
        "Plan Width": 8,
        "Actual Startup Time": 1887.374,
        "Actual Total Time": 1922.449,
        "Actual Rows": 2,
        "Actual Loops": 1,
        "Workers Planned": 1,
        "Workers Launched": 1,
        "Single Copy": false,
        "Plans": [
          {
            "Node Type": "Aggregate",
            "Strategy": "Plain",
            "Partial Mode": "Partial",
            "Parent Relationship": "Outer",
            "Parallel Aware": false,
            "Startup Cost": 319845.03,
            "Total Cost": 319845.04,
            "Plan Rows": 1,
            "Plan Width": 8,
            "Actual Startup Time": 1879.071,
            "Actual Total Time": 1879.078,
            "Actual Rows": 1,
            "Actual Loops": 2,
            "Plans": [
              {
                "Node Type": "Hash Join",
                "Parent Relationship": "Outer",
                "Parallel Aware": true,
                "Join Type": "Inner",
                "Startup Cost": 274181.47,
                "Total Cost": 318644.26,
                "Plan Rows": 480307,
                "Plan Width": 0,
                "Actual Startup Time": 1127.3,
                "Actual Total Time": 1709.232,
                "Actual Rows": 4052804,
                "Actual Loops": 2,
                "Inner Unique": false,
                "Hash Cond": "(mc.movie_id = t.id)",
                "Plans": [
                  {
                    "Node Type": "Seq Scan",
                    "Parent Relationship": "Outer",
                    "Parallel Aware": true,
                    "Relation Name": "movie_companies",
                    "Alias": "mc",
                    "Startup Cost": 0.0,
                    "Total Cost": 37974.77,
                    "Plan Rows": 976716,
                    "Plan Width": 4,
                    "Actual Startup Time": 2.344,
                    "Actual Total Time": 127.086,
                    "Actual Rows": 830570,
                    "Actual Loops": 2,
                    "Filter": "(company_id > 3671)",
                    "Rows Removed by Filter": 473994
                  },
                  {
                    "Node Type": "Hash",
                    "Parent Relationship": "Inner",
                    "Parallel Aware": true,
                    "Startup Cost": 265039.52,
                    "Total Cost": 265039.52,
                    "Plan Rows": 731356,
                    "Plan Width": 8,
                    "Actual Startup Time": 1110.659,
                    "Actual Total Time": 1110.663,
                    "Actual Rows": 602354,
                    "Actual Loops": 2,
                    "Hash Buckets": 2097152,
                    "Original Hash Buckets": 2097152,
                    "Hash Batches": 1,
                    "Original Hash Batches": 1,
                    "Peak Memory Usage": 63552,
                    "Plans": [
                      {
                        "Node Type": "Hash Join",
                        "Parent Relationship": "Outer",
                        "Parallel Aware": true,
                        "Join Type": "Inner",
                        "Startup Cost": 91984.76,
                        "Total Cost": 265039.52,
                        "Plan Rows": 731356,
                        "Plan Width": 8,
                        "Actual Startup Time": 629.748,
                        "Actual Total Time": 950.486,
                        "Actual Rows": 602354,
                        "Actual Loops": 2,
                        "Inner Unique": true,
                        "Hash Cond": "(mi.movie_id = t.id)",
                        "Plans": [
                          {
                            "Node Type": "Bitmap Heap Scan",
                            "Parent Relationship": "Outer",
                            "Parallel Aware": true,
                            "Relation Name": "movie_info",
                            "Alias": "mi",
                            "Startup Cost": 22524.06,
                            "Total Cost": 193659.01,
                            "Plan Rows": 731356,
                            "Plan Width": 4,
                            "Actual Startup Time": 48.837,
                            "Actual Total Time": 159.801,
                            "Actual Rows": 602354,
                            "Actual Loops": 2,
                            "Recheck Cond": "(info_type_id > 18)",
                            "Rows Removed by Index Recheck": 0,
                            "Exact Heap Blocks": 17453,
                            "Lossy Heap Blocks": 0,
                            "Plans": [
                              {
                                "Node Type": "Bitmap Index Scan",
                                "Parent Relationship": "Outer",
                                "Parallel Aware": false,
                                "Index Name": "info_type_id_movie_info",
                                "Startup Cost": 0.0,
                                "Total Cost": 22213.23,
                                "Plan Rows": 1243306,
                                "Plan Width": 0,
                                "Actual Startup Time": 43.206,
                                "Actual Total Time": 43.207,
                                "Actual Rows": 1204709,
                                "Actual Loops": 1,
                                "Index Cond": "(info_type_id > 18)"
                              }
                            ]
                          },
                          {
                            "Node Type": "Hash",
                            "Parent Relationship": "Inner",
                            "Parallel Aware": true,
                            "Startup Cost": 50870.31,
                            "Total Cost": 50870.31,
                            "Plan Rows": 1487231,
                            "Plan Width": 4,
                            "Actual Startup Time": 567.116,
                            "Actual Total Time": 567.117,
                            "Actual Rows": 1264156,
                            "Actual Loops": 2,
                            "Hash Buckets": 4194304,
                            "Original Hash Buckets": 4194304,
                            "Hash Batches": 1,
                            "Original Hash Batches": 1,
                            "Peak Memory Usage": 131712,
                            "Plans": [
                              {
                                "Node Type": "Seq Scan",
                                "Parent Relationship": "Outer",
                                "Parallel Aware": true,
                                "Relation Name": "title",
                                "Alias": "t",
                                "Startup Cost": 0.0,
                                "Total Cost": 50870.31,
                                "Plan Rows": 1487231,
                                "Plan Width": 4,
                                "Actual Startup Time": 0.026,
                                "Actual Total Time": 163.294,
                                "Actual Rows": 1264156,
                                "Actual Loops": 2
                              }
                            ]
                          }
                        ]
                      }
                    ]
                  }
                ]
              }
            ]
          }
        ]
      }
    ]
  },
  "Planning Time": 0.583,
  "Triggers": [],
  "Execution Time": 1922.552
}