[
    {
        "Bao": {
            "Bao prediction": 446.053,
            "Bao recommended hint": "(no hint)"
        }
    },
    {
        "Plan": {
            "Node Type": "Aggregate",
            "Strategy": "Plain",
            "Partial Mode": "Finalize",
            "Parallel Aware": false,
            "Startup Cost": 33034.16,
            "Total Cost": 33034.17,
            "Plan Rows": 1,
            "Plan Width": 8,
            "Actual Startup Time": 127.034,
            "Actual Total Time": 138.009,
            "Actual Rows": 1,
            "Actual Loops": 1,
            "Output": [
                "count(*)"
            ],
            "Plans": [
                {
                    "Node Type": "Gather",
                    "Parent Relationship": "Outer",
                    "Parallel Aware": false,
                    "Startup Cost": 33033.84,
                    "Total Cost": 33034.15,
                    "Plan Rows": 3,
                    "Plan Width": 8,
                    "Actual Startup Time": 126.868,
                    "Actual Total Time": 137.995,
                    "Actual Rows": 4,
                    "Actual Loops": 1,
                    "Output": [
                        "(PARTIAL count(*))"
                    ],
                    "Workers Planned": 3,
                    "Workers Launched": 3,
                    "Single Copy": false,
                    "Plans": [
                        {
                            "Node Type": "Aggregate",
                            "Strategy": "Plain",
                            "Partial Mode": "Partial",
                            "Parent Relationship": "Outer",
                            "Parallel Aware": false,
                            "Startup Cost": 32033.84,
                            "Total Cost": 32033.85,
                            "Plan Rows": 1,
                            "Plan Width": 8,
                            "Actual Startup Time": 118.208,
                            "Actual Total Time": 118.209,
                            "Actual Rows": 1,
                            "Actual Loops": 4,
                            "Output": [
                                "PARTIAL count(*)"
                            ],
                            "Workers": [
                                {
                                    "Worker Number": 0,
                                    "Actual Startup Time": 115.014,
                                    "Actual Total Time": 115.016,
                                    "Actual Rows": 1,
                                    "Actual Loops": 1
                                },
                                {
                                    "Worker Number": 1,
                                    "Actual Startup Time": 115.602,
                                    "Actual Total Time": 115.603,
                                    "Actual Rows": 1,
                                    "Actual Loops": 1
                                },
                                {
                                    "Worker Number": 2,
                                    "Actual Startup Time": 116.023,
                                    "Actual Total Time": 116.025,
                                    "Actual Rows": 1,
                                    "Actual Loops": 1
                                }
                            ],
                            "Plans": [
                                {
                                    "Node Type": "Seq Scan",
                                    "Parent Relationship": "Outer",
                                    "Parallel Aware": true,
                                    "Relation Name": "movie_companies",
                                    "Schema": "public",
                                    "Alias": "mc",
                                    "Startup Cost": 0.0,
                                    "Total Cost": 31414.82,
                                    "Plan Rows": 247609,
                                    "Plan Width": 0,
                                    "Actual Startup Time": 9.841,
                                    "Actual Total Time": 108.865,
                                    "Actual Rows": 137825,
                                    "Actual Loops": 4,
                                    "Output": [
                                        "id",
                                        "movie_id",
                                        "company_id",
                                        "company_type_id",
                                        "note"
                                    ],
                                    "Filter": "((mc.company_id > 6008) AND (mc.company_type_id = 1))",
                                    "Rows Removed by Filter": 514457,
                                    "Workers": [
                                        {
                                            "Worker Number": 0,
                                            "Actual Startup Time": 6.667,
                                            "Actual Total Time": 106.117,
                                            "Actual Rows": 125802,
                                            "Actual Loops": 1
                                        },
                                        {
                                            "Worker Number": 1,
                                            "Actual Startup Time": 7.259,
                                            "Actual Total Time": 106.505,
                                            "Actual Rows": 131165,
                                            "Actual Loops": 1
                                        },
                                        {
                                            "Worker Number": 2,
                                            "Actual Startup Time": 7.635,
                                            "Actual Total Time": 106.876,
                                            "Actual Rows": 132292,
                                            "Actual Loops": 1
                                        }
                                    ]
                                }
                            ]
                        }
                    ]
                }
            ]
        },
        "Planning Time": 2879.805,
        "Triggers": [],
        "Execution Time": 138.144
    }
]