[
  {
    "Plan": {
      "Node Type": "Aggregate",
      "Strategy": "Plain",
      "Partial Mode": "Finalize",
      "Parallel Aware": false,
      "Startup Cost": 32022.04,
      "Total Cost": 32022.05,
      "Plan Rows": 1,
      "Plan Width": 8,
      "Actual Startup Time": 126.38,
      "Actual Total Time": 134.989,
      "Actual Rows": 1,
      "Actual Loops": 1,
      "Plans": [
        {
          "Node Type": "Gather",
          "Parent Relationship": "Outer",
          "Parallel Aware": false,
          "Startup Cost": 32021.72,
          "Total Cost": 32022.03,
          "Plan Rows": 3,
          "Plan Width": 8,
          "Actual Startup Time": 126.278,
          "Actual Total Time": 134.981,
          "Actual Rows": 4,
          "Actual Loops": 1,
          "Workers Planned": 3,
          "Workers Launched": 3,
          "Single Copy": false,
          "Plans": [
            {
              "Node Type": "Aggregate",
              "Strategy": "Plain",
              "Partial Mode": "Partial",
              "Parent Relationship": "Outer",
              "Parallel Aware": false,
              "Startup Cost": 31021.72,
              "Total Cost": 31021.73,
              "Plan Rows": 1,
              "Plan Width": 8,
              "Actual Startup Time": 117.636,
              "Actual Total Time": 117.637,
              "Actual Rows": 1,
              "Actual Loops": 4,
              "Plans": [
                {
                  "Node Type": "Seq Scan",
                  "Parent Relationship": "Outer",
                  "Parallel Aware": true,
                  "Relation Name": "movie_companies",
                  "Alias": "mc",
                  "Startup Cost": 0.0,
                  "Total Cost": 29310.68,
                  "Plan Rows": 684415,
                  "Plan Width": 0,
                  "Actual Startup Time": 0.049,
                  "Actual Total Time": 88.602,
                  "Actual Rows": 528786,
                  "Actual Loops": 4,
                  "Filter": "(company_id < 74469)",
                  "Rows Removed by Filter": 123496
                }
              ]
            }
          ]
        }
      ]
    },
    "Planning Time": 0.168,
    "Triggers": [],
    "Execution Time": 135.042
  }
]