[
  {
    "Plan": {
      "Node Type": "Aggregate",
      "Strategy": "Plain",
      "Partial Mode": "Finalize",
      "Parallel Aware": false,
      "Startup Cost": 80447.01,
      "Total Cost": 80447.02,
      "Plan Rows": 1,
      "Plan Width": 8,
      "Actual Startup Time": 352.898,
      "Actual Total Time": 373.024,
      "Actual Rows": 1,
      "Actual Loops": 1,
      "Plans": [
        {
          "Node Type": "Gather",
          "Parent Relationship": "Outer",
          "Parallel Aware": false,
          "Startup Cost": 80446.7,
          "Total Cost": 80447.01,
          "Plan Rows": 3,
          "Plan Width": 8,
          "Actual Startup Time": 348.983,
          "Actual Total Time": 373.01,
          "Actual Rows": 4,
          "Actual Loops": 1,
          "Workers Planned": 3,
          "Workers Launched": 3,
          "Single Copy": false,
          "Plans": [
            {
              "Node Type": "Aggregate",
              "Strategy": "Plain",
              "Partial Mode": "Partial",
              "Parent Relationship": "Outer",
              "Parallel Aware": false,
              "Startup Cost": 79446.7,
              "Total Cost": 79446.71,
              "Plan Rows": 1,
              "Plan Width": 8,
              "Actual Startup Time": 340.196,
              "Actual Total Time": 340.2,
              "Actual Rows": 1,
              "Actual Loops": 4,
              "Plans": [
                {
                  "Node Type": "Hash Join",
                  "Parent Relationship": "Outer",
                  "Parallel Aware": true,
                  "Join Type": "Inner",
                  "Startup Cost": 47758.46,
                  "Total Cost": 79387.78,
                  "Plan Rows": 23567,
                  "Plan Width": 0,
                  "Actual Startup Time": 232.703,
                  "Actual Total Time": 338.945,
                  "Actual Rows": 21407,
                  "Actual Loops": 4,
                  "Inner Unique": true,
                  "Hash Cond": "(mc.movie_id = t.id)",
                  "Plans": [
                    {
                      "Node Type": "Seq Scan",
                      "Parent Relationship": "Outer",
                      "Parallel Aware": true,
                      "Relation Name": "movie_companies",
                      "Alias": "mc",
                      "Startup Cost": 0.0,
                      "Total Cost": 31414.82,
                      "Plan Rows": 81714,
                      "Plan Width": 4,
                      "Actual Startup Time": 0.037,
                      "Actual Total Time": 74.748,
                      "Actual Rows": 93963,
                      "Actual Loops": 4,
                      "Filter": "((company_id < 474) AND (company_type_id < 2))",
                      "Rows Removed by Filter": 558319
                    },
                    {
                      "Node Type": "Hash",
                      "Parent Relationship": "Inner",
                      "Parallel Aware": true,
                      "Startup Cost": 45479.59,
                      "Total Cost": 45479.59,
                      "Plan Rows": 182310,
                      "Plan Width": 4,
                      "Actual Startup Time": 227.111,
                      "Actual Total Time": 227.112,
                      "Actual Rows": 199040,
                      "Actual Loops": 4,
                      "Hash Buckets": 1048576,
                      "Original Hash Buckets": 1048576,
                      "Hash Batches": 1,
                      "Original Hash Batches": 1,
                      "Peak Memory Usage": 39424,
                      "Plans": [
                        {
                          "Node Type": "Seq Scan",
                          "Parent Relationship": "Outer",
                          "Parallel Aware": true,
                          "Relation Name": "title",
                          "Alias": "t",
                          "Startup Cost": 0.0,
                          "Total Cost": 45479.59,
                          "Plan Rows": 182310,
                          "Plan Width": 4,
                          "Actual Startup Time": 0.028,
                          "Actual Total Time": 135.499,
                          "Actual Rows": 199040,
                          "Actual Loops": 4,
                          "Filter": "((production_year > 2003) AND (kind_id = 7))",
                          "Rows Removed by Filter": 433038
                        }
                      ]
                    }
                  ]
                }
              ]
            }
          ]
        }
      ]
    },
    "Planning Time": 0.762,
    "Triggers": [],
    "Execution Time": 373.102
  }
]