[
  {
    "Plan": {
      "Node Type": "Aggregate",
      "Strategy": "Plain",
      "Partial Mode": "Finalize",
      "Parallel Aware": false,
      "Startup Cost": 79934.14,
      "Total Cost": 79934.15,
      "Plan Rows": 1,
      "Plan Width": 8,
      "Actual Startup Time": 222.827,
      "Actual Total Time": 237.53,
      "Actual Rows": 1,
      "Actual Loops": 1,
      "Plans": [
        {
          "Node Type": "Gather",
          "Parent Relationship": "Outer",
          "Parallel Aware": false,
          "Startup Cost": 79933.72,
          "Total Cost": 79934.13,
          "Plan Rows": 4,
          "Plan Width": 8,
          "Actual Startup Time": 220.645,
          "Actual Total Time": 237.521,
          "Actual Rows": 5,
          "Actual Loops": 1,
          "Workers Planned": 4,
          "Workers Launched": 4,
          "Single Copy": false,
          "Plans": [
            {
              "Node Type": "Aggregate",
              "Strategy": "Plain",
              "Partial Mode": "Partial",
              "Parent Relationship": "Outer",
              "Parallel Aware": false,
              "Startup Cost": 78933.72,
              "Total Cost": 78933.73,
              "Plan Rows": 1,
              "Plan Width": 8,
              "Actual Startup Time": 210.892,
              "Actual Total Time": 210.949,
              "Actual Rows": 1,
              "Actual Loops": 5,
              "Plans": [
                {
                  "Node Type": "Hash Join",
                  "Parent Relationship": "Outer",
                  "Parallel Aware": true,
                  "Join Type": "Inner",
                  "Startup Cost": 32433.62,
                  "Total Cost": 78887.95,
                  "Plan Rows": 18311,
                  "Plan Width": 0,
                  "Actual Startup Time": 98.858,
                  "Actual Total Time": 209.988,
                  "Actual Rows": 17126,
                  "Actual Loops": 5,
                  "Inner Unique": false,
                  "Hash Cond": "(t.id = mc.movie_id)",
                  "Plans": [
                    {
                      "Node Type": "Seq Scan",
                      "Parent Relationship": "Outer",
                      "Parallel Aware": true,
                      "Relation Name": "title",
                      "Alias": "t",
                      "Startup Cost": 0.0,
                      "Total Cost": 45479.1,
                      "Plan Rows": 183232,
                      "Plan Width": 4,
                      "Actual Startup Time": 0.014,
                      "Actual Total Time": 73.789,
                      "Actual Rows": 159232,
                      "Actual Loops": 5,
                      "Filter": "((production_year > 2003) AND (kind_id = 7))",
                      "Rows Removed by Filter": 346431
                    },
                    {
                      "Node Type": "Hash",
                      "Parent Relationship": "Inner",
                      "Parallel Aware": true,
                      "Startup Cost": 31414.82,
                      "Total Cost": 31414.82,
                      "Plan Rows": 81504,
                      "Plan Width": 4,
                      "Actual Startup Time": 96.683,
                      "Actual Total Time": 96.685,
                      "Actual Rows": 75171,
                      "Actual Loops": 5,
                      "Hash Buckets": 524288,
                      "Original Hash Buckets": 262144,
                      "Hash Batches": 1,
                      "Original Hash Batches": 1,
                      "Peak Memory Usage": 20928,
                      "Plans": [
                        {
                          "Node Type": "Seq Scan",
                          "Parent Relationship": "Outer",
                          "Parallel Aware": true,
                          "Relation Name": "movie_companies",
                          "Alias": "mc",
                          "Startup Cost": 0.0,
                          "Total Cost": 31414.82,
                          "Plan Rows": 81504,
                          "Plan Width": 4,
                          "Actual Startup Time": 0.049,
                          "Actual Total Time": 61.59,
                          "Actual Rows": 75171,
                          "Actual Loops": 5,
                          "Filter": "((company_id < 474) AND (company_type_id < 2))",
                          "Rows Removed by Filter": 446655
                        }
                      ]
                    }
                  ]
                }
              ]
            }
          ]
        }
      ]
    },
    "Planning Time": 0.657,
    "Triggers": [],
    "Execution Time": 237.601
  }
]