[
  {
    "Plan": {
      "Node Type": "Aggregate",
      "Strategy": "Plain",
      "Partial Mode": "Finalize",
      "Parallel Aware": false,
      "Startup Cost": 97665.28,
      "Total Cost": 97665.29,
      "Plan Rows": 1,
      "Plan Width": 8,
      "Actual Startup Time": 606.882,
      "Actual Total Time": 625.324,
      "Actual Rows": 1,
      "Actual Loops": 1,
      "Plans": [
        {
          "Node Type": "Gather",
          "Parent Relationship": "Outer",
          "Parallel Aware": false,
          "Startup Cost": 97664.96,
          "Total Cost": 97665.27,
          "Plan Rows": 3,
          "Plan Width": 8,
          "Actual Startup Time": 598.534,
          "Actual Total Time": 625.313,
          "Actual Rows": 4,
          "Actual Loops": 1,
          "Workers Planned": 3,
          "Workers Launched": 3,
          "Single Copy": false,
          "Plans": [
            {
              "Node Type": "Aggregate",
              "Strategy": "Plain",
              "Partial Mode": "Partial",
              "Parent Relationship": "Outer",
              "Parallel Aware": false,
              "Startup Cost": 96664.96,
              "Total Cost": 96664.97,
              "Plan Rows": 1,
              "Plan Width": 8,
              "Actual Startup Time": 585.84,
              "Actual Total Time": 585.843,
              "Actual Rows": 1,
              "Actual Loops": 4,
              "Plans": [
                {
                  "Node Type": "Hash Join",
                  "Parent Relationship": "Outer",
                  "Parallel Aware": true,
                  "Join Type": "Inner",
                  "Startup Cost": 49712.42,
                  "Total Cost": 95226.67,
                  "Plan Rows": 575317,
                  "Plan Width": 0,
                  "Actual Startup Time": 304.993,
                  "Actual Total Time": 572.13,
                  "Actual Rows": 234826,
                  "Actual Loops": 4,
                  "Inner Unique": true,
                  "Hash Cond": "(mk.movie_id = t.id)",
                  "Plans": [
                    {
                      "Node Type": "Seq Scan",
                      "Parent Relationship": "Outer",
                      "Parallel Aware": true,
                      "Relation Name": "movie_keyword",
                      "Alias": "mk",
                      "Startup Cost": 0.0,
                      "Total Cost": 42695.65,
                      "Plan Rows": 1073750,
                      "Plan Width": 4,
                      "Actual Startup Time": 0.105,
                      "Actual Total Time": 143.193,
                      "Actual Rows": 830272,
                      "Actual Loops": 4,
                      "Filter": "(keyword_id > 1500)",
                      "Rows Removed by Filter": 300710
                    },
                    {
                      "Node Type": "Hash",
                      "Parent Relationship": "Inner",
                      "Parallel Aware": true,
                      "Startup Cost": 45479.1,
                      "Total Cost": 45479.1,
                      "Plan Rows": 338666,
                      "Plan Width": 4,
                      "Actual Startup Time": 296.809,
                      "Actual Total Time": 296.81,
                      "Actual Rows": 366326,
                      "Actual Loops": 4,
                      "Hash Buckets": 2097152,
                      "Original Hash Buckets": 2097152,
                      "Hash Batches": 1,
                      "Original Hash Batches": 1,
                      "Peak Memory Usage": 73792,
                      "Plans": [
                        {
                          "Node Type": "Seq Scan",
                          "Parent Relationship": "Outer",
                          "Parallel Aware": true,
                          "Relation Name": "title",
                          "Alias": "t",
                          "Startup Cost": 0.0,
                          "Total Cost": 45479.1,
                          "Plan Rows": 338666,
                          "Plan Width": 4,
                          "Actual Startup Time": 0.042,
                          "Actual Total Time": 135.301,
                          "Actual Rows": 366326,
                          "Actual Loops": 4,
                          "Filter": "((kind_id > 2) AND (production_year > 1981))",
                          "Rows Removed by Filter": 265752
                        }
                      ]
                    }
                  ]
                }
              ]
            }
          ]
        }
      ]
    },
    "Planning Time": 0.628,
    "Triggers": [],
    "Execution Time": 625.396
  }
]