{
    "Plan": {
        "Node Type": "Aggregate",
        "Strategy": "Plain",
        "Partial Mode": "Finalize",
        "Parallel Aware": false,
        "Startup Cost": 417982.34,
        "Total Cost": 417982.35,
        "Plan Rows": 1,
        "Plan Width": 8,
        "Actual Startup Time": 1977.037,
        "Actual Total Time": 2046.465,
        "Actual Rows": 1,
        "Actual Loops": 1,
        "Output": [
            "count(*)"
        ],
        "Plans": [
            {
                "Node Type": "Gather",
                "Parent Relationship": "Outer",
                "Parallel Aware": false,
                "Startup Cost": 417982.02,
                "Total Cost": 417982.33,
                "Plan Rows": 3,
                "Plan Width": 8,
                "Actual Startup Time": 1958.382,
                "Actual Total Time": 2046.455,
                "Actual Rows": 4,
                "Actual Loops": 1,
                "Output": [
                    "(PARTIAL count(*))"
                ],
                "Workers Planned": 3,
                "Workers Launched": 3,
                "Single Copy": false,
                "Plans": [
                    {
                        "Node Type": "Aggregate",
                        "Strategy": "Plain",
                        "Partial Mode": "Partial",
                        "Parent Relationship": "Outer",
                        "Parallel Aware": false,
                        "Startup Cost": 416982.02,
                        "Total Cost": 416982.03,
                        "Plan Rows": 1,
                        "Plan Width": 8,
                        "Actual Startup Time": 1943.626,
                        "Actual Total Time": 1943.632,
                        "Actual Rows": 1,
                        "Actual Loops": 4,
                        "Output": [
                            "PARTIAL count(*)"
                        ],
                        "Workers": [
                            {
                                "Worker Number": 0,
                                "Actual Startup Time": 1939.026,
                                "Actual Total Time": 1939.031,
                                "Actual Rows": 1,
                                "Actual Loops": 1
                            },
                            {
                                "Worker Number": 1,
                                "Actual Startup Time": 1938.863,
                                "Actual Total Time": 1938.868,
                                "Actual Rows": 1,
                                "Actual Loops": 1
                            },
                            {
                                "Worker Number": 2,
                                "Actual Startup Time": 1939.102,
                                "Actual Total Time": 1939.106,
                                "Actual Rows": 1,
                                "Actual Loops": 1
                            }
                        ],
                        "Plans": [
                            {
                                "Node Type": "Hash Join",
                                "Parent Relationship": "Outer",
                                "Parallel Aware": true,
                                "Join Type": "Inner",
                                "Startup Cost": 382962.62,
                                "Total Cost": 416292.51,
                                "Plan Rows": 275803,
                                "Plan Width": 0,
                                "Actual Startup Time": 1609.551,
                                "Actual Total Time": 1888.157,
                                "Actual Rows": 1291467,
                                "Actual Loops": 4,
                                "Inner Unique": false,
                                "Hash Cond": "(mc.movie_id = t.id)",
                                "Workers": [
                                    {
                                        "Worker Number": 0,
                                        "Actual Startup Time": 1605.726,
                                        "Actual Total Time": 1883.637,
                                        "Actual Rows": 1437461,
                                        "Actual Loops": 1
                                    },
                                    {
                                        "Worker Number": 1,
                                        "Actual Startup Time": 1605.358,
                                        "Actual Total Time": 1887.83,
                                        "Actual Rows": 1319487,
                                        "Actual Loops": 1
                                    },
                                    {
                                        "Worker Number": 2,
                                        "Actual Startup Time": 1605.626,
                                        "Actual Total Time": 1885.024,
                                        "Actual Rows": 1409043,
                                        "Actual Loops": 1
                                    }
                                ],
                                "Plans": [
                                    {
                                        "Node Type": "Seq Scan",
                                        "Parent Relationship": "Outer",
                                        "Parallel Aware": true,
                                        "Relation Name": "movie_companies",
                                        "Schema": "public",
                                        "Alias": "mc",
                                        "Startup Cost": 0.0,
                                        "Total Cost": 31414.82,
                                        "Plan Rows": 388109,
                                        "Plan Width": 4,
                                        "Actual Startup Time": 0.021,
                                        "Actual Total Time": 71.563,
                                        "Actual Rows": 318562,
                                        "Actual Loops": 4,
                                        "Output": [
                                            "mc.id",
                                            "mc.movie_id",
                                            "mc.company_id",
                                            "mc.company_type_id",
                                            "mc.note"
                                        ],
                                        "Filter": "((mc.company_id < 129063) AND (mc.company_type_id = 1))",
                                        "Rows Removed by Filter": 333721,
                                        "Workers": [
                                            {
                                                "Worker Number": 0,
                                                "Actual Startup Time": 0.02,
                                                "Actual Total Time": 72.204,
                                                "Actual Rows": 350640,
                                                "Actual Loops": 1
                                            },
                                            {
                                                "Worker Number": 1,
                                                "Actual Startup Time": 0.025,
                                                "Actual Total Time": 72.384,
                                                "Actual Rows": 321747,
                                                "Actual Loops": 1
                                            },
                                            {
                                                "Worker Number": 2,
                                                "Actual Startup Time": 0.023,
                                                "Actual Total Time": 72.49,
                                                "Actual Rows": 350031,
                                                "Actual Loops": 1
                                            }
                                        ]
                                    },
                                    {
                                        "Node Type": "Hash",
                                        "Parent Relationship": "Inner",
                                        "Parallel Aware": true,
                                        "Startup Cost": 379219.48,
                                        "Total Cost": 379219.48,
                                        "Plan Rows": 299451,
                                        "Plan Width": 8,
                                        "Actual Startup Time": 1601.663,
                                        "Actual Total Time": 1601.667,
                                        "Actual Rows": 476357,
                                        "Actual Loops": 4,
                                        "Output": [
                                            "t.id",
                                            "ci.movie_id"
                                        ],
                                        "Hash Buckets": 2097152,
                                        "Original Hash Buckets": 2097152,
                                        "Hash Batches": 1,
                                        "Original Hash Batches": 1,
                                        "Peak Memory Usage": 91008,
                                        "Workers": [
                                            {
                                                "Worker Number": 0,
                                                "Actual Startup Time": 1604.742,
                                                "Actual Total Time": 1604.745,
                                                "Actual Rows": 530104,
                                                "Actual Loops": 1
                                            },
                                            {
                                                "Worker Number": 1,
                                                "Actual Startup Time": 1604.658,
                                                "Actual Total Time": 1604.662,
                                                "Actual Rows": 453725,
                                                "Actual Loops": 1
                                            },
                                            {
                                                "Worker Number": 2,
                                                "Actual Startup Time": 1604.905,
                                                "Actual Total Time": 1604.909,
                                                "Actual Rows": 515571,
                                                "Actual Loops": 1
                                            }
                                        ],
                                        "Plans": [
                                            {
                                                "Node Type": "Hash Join",
                                                "Parent Relationship": "Outer",
                                                "Parallel Aware": true,
                                                "Join Type": "Inner",
                                                "Startup Cost": 50219.81,
                                                "Total Cost": 379219.48,
                                                "Plan Rows": 299451,
                                                "Plan Width": 8,
                                                "Actual Startup Time": 1069.937,
                                                "Actual Total Time": 1420.174,
                                                "Actual Rows": 476357,
                                                "Actual Loops": 4,
                                                "Output": [
                                                    "t.id",
                                                    "ci.movie_id"
                                                ],
                                                "Inner Unique": true,
                                                "Hash Cond": "(ci.movie_id = t.id)",
                                                "Workers": [
                                                    {
                                                        "Worker Number": 0,
                                                        "Actual Startup Time": 1069.915,
                                                        "Actual Total Time": 1421.367,
                                                        "Actual Rows": 530104,
                                                        "Actual Loops": 1
                                                    },
                                                    {
                                                        "Worker Number": 1,
                                                        "Actual Startup Time": 1069.898,
                                                        "Actual Total Time": 1419.36,
                                                        "Actual Rows": 453725,
                                                        "Actual Loops": 1
                                                    },
                                                    {
                                                        "Worker Number": 2,
                                                        "Actual Startup Time": 1069.89,
                                                        "Actual Total Time": 1420.699,
                                                        "Actual Rows": 515571,
                                                        "Actual Loops": 1
                                                    }
                                                ],
                                                "Plans": [
                                                    {
                                                        "Node Type": "Seq Scan",
                                                        "Parent Relationship": "Outer",
                                                        "Parallel Aware": true,
                                                        "Relation Name": "cast_info",
                                                        "Schema": "public",
                                                        "Alias": "ci",
                                                        "Startup Cost": 0.0,
                                                        "Total Cost": 328213.62,
                                                        "Plan Rows": 299451,
                                                        "Plan Width": 4,
                                                        "Actual Startup Time": 692.534,
                                                        "Actual Total Time": 790.82,
                                                        "Actual Rows": 476357,
                                                        "Actual Loops": 4,
                                                        "Output": [
                                                            "ci.id",
                                                            "ci.person_id",
                                                            "ci.movie_id",
                                                            "ci.person_role_id",
                                                            "ci.note",
                                                            "ci.nr_order",
                                                            "ci.role_id"
                                                        ],
                                                        "Filter": "(ci.person_id > 3686876)",
                                                        "Rows Removed by Filter": 8584729,
                                                        "Workers": [
                                                            {
                                                                "Worker Number": 0,
                                                                "Actual Startup Time": 692.5,
                                                                "Actual Total Time": 793.25,
                                                                "Actual Rows": 530104,
                                                                "Actual Loops": 1
                                                            },
                                                            {
                                                                "Worker Number": 1,
                                                                "Actual Startup Time": 692.521,
                                                                "Actual Total Time": 787.13,
                                                                "Actual Rows": 453725,
                                                                "Actual Loops": 1
                                                            },
                                                            {
                                                                "Worker Number": 2,
                                                                "Actual Startup Time": 692.613,
                                                                "Actual Total Time": 792.334,
                                                                "Actual Rows": 515571,
                                                                "Actual Loops": 1
                                                            }
                                                        ]
                                                    },
                                                    {
                                                        "Node Type": "Hash",
                                                        "Parent Relationship": "Inner",
                                                        "Parallel Aware": true,
                                                        "Startup Cost": 42318.81,
                                                        "Total Cost": 42318.81,
                                                        "Plan Rows": 632080,
                                                        "Plan Width": 4,
                                                        "Actual Startup Time": 368.702,
                                                        "Actual Total Time": 368.703,
                                                        "Actual Rows": 632078,
                                                        "Actual Loops": 4,
                                                        "Output": [
                                                            "t.id"
                                                        ],
                                                        "Hash Buckets": 4194304,
                                                        "Original Hash Buckets": 4194304,
                                                        "Hash Batches": 1,
                                                        "Original Hash Batches": 1,
                                                        "Peak Memory Usage": 131744,
                                                        "Workers": [
                                                            {
                                                                "Worker Number": 0,
                                                                "Actual Startup Time": 377.13,
                                                                "Actual Total Time": 377.132,
                                                                "Actual Rows": 678083,
                                                                "Actual Loops": 1
                                                            },
                                                            {
                                                                "Worker Number": 1,
                                                                "Actual Startup Time": 377.12,
                                                                "Actual Total Time": 377.121,
                                                                "Actual Rows": 584285,
                                                                "Actual Loops": 1
                                                            },
                                                            {
                                                                "Worker Number": 2,
                                                                "Actual Startup Time": 377.23,
                                                                "Actual Total Time": 377.231,
                                                                "Actual Rows": 661384,
                                                                "Actual Loops": 1
                                                            }
                                                        ],
                                                        "Plans": [
                                                            {
                                                                "Node Type": "Seq Scan",
                                                                "Parent Relationship": "Outer",
                                                                "Parallel Aware": true,
                                                                "Relation Name": "title",
                                                                "Schema": "public",
                                                                "Alias": "t",
                                                                "Startup Cost": 0.0,
                                                                "Total Cost": 42318.81,
                                                                "Plan Rows": 632080,
                                                                "Plan Width": 4,
                                                                "Actual Startup Time": 0.063,
                                                                "Actual Total Time": 105.332,
                                                                "Actual Rows": 632078,
                                                                "Actual Loops": 4,
                                                                "Output": [
                                                                    "t.id"
                                                                ],
                                                                "Workers": [
                                                                    {
                                                                        "Worker Number": 0,
                                                                        "Actual Startup Time": 0.077,
                                                                        "Actual Total Time": 109.647,
                                                                        "Actual Rows": 678083,
                                                                        "Actual Loops": 1
                                                                    },
                                                                    {
                                                                        "Worker Number": 1,
                                                                        "Actual Startup Time": 0.073,
                                                                        "Actual Total Time": 106.803,
                                                                        "Actual Rows": 584285,
                                                                        "Actual Loops": 1
                                                                    },
                                                                    {
                                                                        "Worker Number": 2,
                                                                        "Actual Startup Time": 0.085,
                                                                        "Actual Total Time": 108.626,
                                                                        "Actual Rows": 661384,
                                                                        "Actual Loops": 1
                                                                    }
                                                                ]
                                                            }
                                                        ]
                                                    }
                                                ]
                                            }
                                        ]
                                    }
                                ]
                            }
                        ]
                    }
                ]
            }
        ]
    },
    "Planning Time": 1.645,
    "Triggers": [],
    "Execution Time": 2046.586
}