[
  {
    "Plan": {
      "Node Type": "Aggregate",
      "Strategy": "Plain",
      "Partial Mode": "Finalize",
      "Parallel Aware": false,
      "Startup Cost": 409669.29,
      "Total Cost": 409669.3,
      "Plan Rows": 1,
      "Plan Width": 8,
      "Actual Startup Time": 1601.396,
      "Actual Total Time": 1708.134,
      "Actual Rows": 1,
      "Actual Loops": 1,
      "Plans": [
        {
          "Node Type": "Gather",
          "Parent Relationship": "Outer",
          "Parallel Aware": false,
          "Startup Cost": 409668.67,
          "Total Cost": 409669.28,
          "Plan Rows": 6,
          "Plan Width": 8,
          "Actual Startup Time": 1600.382,
          "Actual Total Time": 1708.125,
          "Actual Rows": 7,
          "Actual Loops": 1,
          "Workers Planned": 6,
          "Workers Launched": 6,
          "Single Copy": false,
          "Plans": [
            {
              "Node Type": "Aggregate",
              "Strategy": "Plain",
              "Partial Mode": "Partial",
              "Parent Relationship": "Outer",
              "Parallel Aware": false,
              "Startup Cost": 408668.67,
              "Total Cost": 408668.68,
              "Plan Rows": 1,
              "Plan Width": 8,
              "Actual Startup Time": 1593.341,
              "Actual Total Time": 1593.345,
              "Actual Rows": 1,
              "Actual Loops": 7,
              "Plans": [
                {
                  "Node Type": "Nested Loop",
                  "Parent Relationship": "Outer",
                  "Parallel Aware": false,
                  "Join Type": "Inner",
                  "Startup Cost": 44293.28,
                  "Total Cost": 407930.14,
                  "Plan Rows": 295412,
                  "Plan Width": 0,
                  "Actual Startup Time": 79.222,
                  "Actual Total Time": 1550.343,
                  "Actual Rows": 876906,
                  "Actual Loops": 7,
                  "Inner Unique": false,
                  "Join Filter": "(t.id = mi.movie_id)",
                  "Rows Removed by Join Filter": 0,
                  "Plans": [
                    {
                      "Node Type": "Hash Join",
                      "Parent Relationship": "Outer",
                      "Parallel Aware": true,
                      "Join Type": "Inner",
                      "Startup Cost": 44292.85,
                      "Total Cost": 300772.74,
                      "Plan Rows": 59078,
                      "Plan Width": 8,
                      "Actual Startup Time": 79.118,
                      "Actual Total Time": 601.26,
                      "Actual Rows": 79676,
                      "Actual Loops": 7,
                      "Inner Unique": true,
                      "Hash Cond": "(ci.movie_id = t.id)",
                      "Plans": [
                        {
                          "Node Type": "Index Scan",
                          "Parent Relationship": "Outer",
                          "Parallel Aware": true,
                          "Scan Direction": "Forward",
                          "Index Name": "role_id_cast_info",
                          "Relation Name": "cast_info",
                          "Alias": "ci",
                          "Startup Cost": 0.56,
                          "Total Cost": 253362.23,
                          "Plan Rows": 1187899,
                          "Plan Width": 4,
                          "Actual Startup Time": 0.149,
                          "Actual Total Time": 290.935,
                          "Actual Rows": 1172945,
                          "Actual Loops": 7,
                          "Index Cond": "(role_id > 4)",
                          "Rows Removed by Index Recheck": 0,
                          "Filter": "(person_id > 875738)",
                          "Rows Removed by Filter": 167727
                        },
                        {
                          "Node Type": "Hash",
                          "Parent Relationship": "Inner",
                          "Parallel Aware": true,
                          "Startup Cost": 43899.32,
                          "Total Cost": 43899.32,
                          "Plan Rows": 31437,
                          "Plan Width": 4,
                          "Actual Startup Time": 77.9,
                          "Actual Total Time": 77.902,
                          "Actual Rows": 18385,
                          "Actual Loops": 7,
                          "Hash Buckets": 131072,
                          "Original Hash Buckets": 131072,
                          "Hash Batches": 1,
                          "Original Hash Batches": 1,
                          "Peak Memory Usage": 6208,
                          "Plans": [
                            {
                              "Node Type": "Seq Scan",
                              "Parent Relationship": "Outer",
                              "Parallel Aware": true,
                              "Relation Name": "title",
                              "Alias": "t",
                              "Startup Cost": 0.0,
                              "Total Cost": 43899.32,
                              "Plan Rows": 31437,
                              "Plan Width": 4,
                              "Actual Startup Time": 0.045,
                              "Actual Total Time": 69.943,
                              "Actual Rows": 18385,
                              "Actual Loops": 7,
                              "Filter": "(production_year = 2009)",
                              "Rows Removed by Filter": 342802
                            }
                          ]
                        }
                      ]
                    },
                    {
                      "Node Type": "Index Scan",
                      "Parent Relationship": "Inner",
                      "Parallel Aware": false,
                      "Scan Direction": "Forward",
                      "Index Name": "movie_id_movie_info",
                      "Relation Name": "movie_info",
                      "Alias": "mi",
                      "Startup Cost": 0.43,
                      "Total Cost": 1.38,
                      "Plan Rows": 35,
                      "Plan Width": 4,
                      "Actual Startup Time": 0.004,
                      "Actual Total Time": 0.011,
                      "Actual Rows": 11,
                      "Actual Loops": 557730,
                      "Index Cond": "(movie_id = ci.movie_id)",
                      "Rows Removed by Index Recheck": 0,
                      "Filter": "(info_type_id < 17)",
                      "Rows Removed by Filter": 4
                    }
                  ]
                }
              ]
            }
          ]
        }
      ]
    },
    "Planning Time": 0.431,
    "Triggers": [],
    "Execution Time": 1708.193
  }
]