[
  {
    "Plan": {
      "Node Type": "Aggregate",
      "Strategy": "Plain",
      "Partial Mode": "Finalize",
      "Parallel Aware": false,
      "Startup Cost": 78965.67,
      "Total Cost": 78965.68,
      "Plan Rows": 1,
      "Plan Width": 8,
      "Actual Startup Time": 219.444,
      "Actual Total Time": 236.369,
      "Actual Rows": 1,
      "Actual Loops": 1,
      "Plans": [
        {
          "Node Type": "Gather",
          "Parent Relationship": "Outer",
          "Parallel Aware": false,
          "Startup Cost": 78965.35,
          "Total Cost": 78965.66,
          "Plan Rows": 3,
          "Plan Width": 8,
          "Actual Startup Time": 217.598,
          "Actual Total Time": 236.362,
          "Actual Rows": 4,
          "Actual Loops": 1,
          "Workers Planned": 3,
          "Workers Launched": 3,
          "Single Copy": false,
          "Plans": [
            {
              "Node Type": "Aggregate",
              "Strategy": "Plain",
              "Partial Mode": "Partial",
              "Parent Relationship": "Outer",
              "Parallel Aware": false,
              "Startup Cost": 77965.35,
              "Total Cost": 77965.36,
              "Plan Rows": 1,
              "Plan Width": 8,
              "Actual Startup Time": 213.453,
              "Actual Total Time": 213.456,
              "Actual Rows": 1,
              "Actual Loops": 4,
              "Plans": [
                {
                  "Node Type": "Hash Join",
                  "Parent Relationship": "Outer",
                  "Parallel Aware": true,
                  "Join Type": "Inner",
                  "Startup Cost": 46134.2,
                  "Total Cost": 77934.9,
                  "Plan Rows": 12179,
                  "Plan Width": 0,
                  "Actual Startup Time": 164.247,
                  "Actual Total Time": 212.89,
                  "Actual Rows": 10846,
                  "Actual Loops": 4,
                  "Inner Unique": true,
                  "Hash Cond": "(mc.movie_id = t.id)",
                  "Plans": [
                    {
                      "Node Type": "Seq Scan",
                      "Parent Relationship": "Outer",
                      "Parallel Aware": true,
                      "Relation Name": "movie_companies",
                      "Alias": "mc",
                      "Startup Cost": 0.0,
                      "Total Cost": 31414.82,
                      "Plan Rows": 147005,
                      "Plan Width": 4,
                      "Actual Startup Time": 32.406,
                      "Actual Total Time": 63.215,
                      "Actual Rows": 64891,
                      "Actual Loops": 4,
                      "Filter": "((company_id < 2787) AND (company_type_id > 1))",
                      "Rows Removed by Filter": 587392
                    },
                    {
                      "Node Type": "Hash",
                      "Parent Relationship": "Inner",
                      "Parallel Aware": true,
                      "Startup Cost": 45479.59,
                      "Total Cost": 45479.59,
                      "Plan Rows": 52369,
                      "Plan Width": 4,
                      "Actual Startup Time": 130.667,
                      "Actual Total Time": 130.668,
                      "Actual Rows": 81864,
                      "Actual Loops": 4,
                      "Hash Buckets": 524288,
                      "Original Hash Buckets": 262144,
                      "Hash Batches": 1,
                      "Original Hash Batches": 1,
                      "Peak Memory Usage": 19008,
                      "Plans": [
                        {
                          "Node Type": "Seq Scan",
                          "Parent Relationship": "Outer",
                          "Parallel Aware": true,
                          "Relation Name": "title",
                          "Alias": "t",
                          "Startup Cost": 0.0,
                          "Total Cost": 45479.59,
                          "Plan Rows": 52369,
                          "Plan Width": 4,
                          "Actual Startup Time": 0.041,
                          "Actual Total Time": 93.731,
                          "Actual Rows": 81864,
                          "Actual Loops": 4,
                          "Filter": "((kind_id < 7) AND (production_year < 1983))",
                          "Rows Removed by Filter": 550214
                        }
                      ]
                    }
                  ]
                }
              ]
            }
          ]
        }
      ]
    },
    "Planning Time": 0.464,
    "Triggers": [],
    "Execution Time": 236.41
  }
]