[
  {
    "Plan": {
      "Node Type": "Aggregate",
      "Strategy": "Plain",
      "Partial Mode": "Finalize",
      "Parallel Aware": false,
      "Startup Cost": 78973.9,
      "Total Cost": 78973.91,
      "Plan Rows": 1,
      "Plan Width": 8,
      "Actual Startup Time": 249.408,
      "Actual Total Time": 266.238,
      "Actual Rows": 1,
      "Actual Loops": 1,
      "Plans": [
        {
          "Node Type": "Gather",
          "Parent Relationship": "Outer",
          "Parallel Aware": false,
          "Startup Cost": 78973.58,
          "Total Cost": 78973.89,
          "Plan Rows": 3,
          "Plan Width": 8,
          "Actual Startup Time": 247.947,
          "Actual Total Time": 266.229,
          "Actual Rows": 4,
          "Actual Loops": 1,
          "Workers Planned": 3,
          "Workers Launched": 3,
          "Single Copy": false,
          "Plans": [
            {
              "Node Type": "Aggregate",
              "Strategy": "Plain",
              "Partial Mode": "Partial",
              "Parent Relationship": "Outer",
              "Parallel Aware": false,
              "Startup Cost": 77973.58,
              "Total Cost": 77973.59,
              "Plan Rows": 1,
              "Plan Width": 8,
              "Actual Startup Time": 238.741,
              "Actual Total Time": 238.745,
              "Actual Rows": 1,
              "Actual Loops": 4,
              "Plans": [
                {
                  "Node Type": "Hash Join",
                  "Parent Relationship": "Outer",
                  "Parallel Aware": true,
                  "Join Type": "Inner",
                  "Startup Cost": 46142.12,
                  "Total Cost": 77942.75,
                  "Plan Rows": 12334,
                  "Plan Width": 0,
                  "Actual Startup Time": 185.295,
                  "Actual Total Time": 238.068,
                  "Actual Rows": 10846,
                  "Actual Loops": 4,
                  "Inner Unique": true,
                  "Hash Cond": "(mc.movie_id = t.id)",
                  "Plans": [
                    {
                      "Node Type": "Seq Scan",
                      "Parent Relationship": "Outer",
                      "Parallel Aware": true,
                      "Relation Name": "movie_companies",
                      "Alias": "mc",
                      "Startup Cost": 0.0,
                      "Total Cost": 31414.82,
                      "Plan Rows": 146974,
                      "Plan Width": 4,
                      "Actual Startup Time": 35.086,
                      "Actual Total Time": 68.742,
                      "Actual Rows": 64891,
                      "Actual Loops": 4,
                      "Filter": "((company_id < 2787) AND (company_type_id > 1))",
                      "Rows Removed by Filter": 587392
                    },
                    {
                      "Node Type": "Hash",
                      "Parent Relationship": "Inner",
                      "Parallel Aware": true,
                      "Startup Cost": 45479.1,
                      "Total Cost": 45479.1,
                      "Plan Rows": 53042,
                      "Plan Width": 4,
                      "Actual Startup Time": 147.699,
                      "Actual Total Time": 147.7,
                      "Actual Rows": 81864,
                      "Actual Loops": 4,
                      "Hash Buckets": 524288,
                      "Original Hash Buckets": 262144,
                      "Hash Batches": 1,
                      "Original Hash Batches": 1,
                      "Peak Memory Usage": 19008,
                      "Plans": [
                        {
                          "Node Type": "Seq Scan",
                          "Parent Relationship": "Outer",
                          "Parallel Aware": true,
                          "Relation Name": "title",
                          "Alias": "t",
                          "Startup Cost": 0.0,
                          "Total Cost": 45479.1,
                          "Plan Rows": 53042,
                          "Plan Width": 4,
                          "Actual Startup Time": 0.079,
                          "Actual Total Time": 110.512,
                          "Actual Rows": 81864,
                          "Actual Loops": 4,
                          "Filter": "((kind_id < 7) AND (production_year < 1983))",
                          "Rows Removed by Filter": 550214
                        }
                      ]
                    }
                  ]
                }
              ]
            }
          ]
        }
      ]
    },
    "Planning Time": 0.678,
    "Triggers": [],
    "Execution Time": 266.309
  }
]