[
  {
    "Plan": {
      "Node Type": "Aggregate",
      "Strategy": "Plain",
      "Partial Mode": "Finalize",
      "Parallel Aware": false,
      "Startup Cost": 37515.12,
      "Total Cost": 37515.13,
      "Plan Rows": 1,
      "Plan Width": 8,
      "Actual Startup Time": 115.208,
      "Actual Total Time": 127.866,
      "Actual Rows": 1,
      "Actual Loops": 1,
      "Plans": [
        {
          "Node Type": "Gather",
          "Parent Relationship": "Outer",
          "Parallel Aware": false,
          "Startup Cost": 37514.8,
          "Total Cost": 37515.11,
          "Plan Rows": 3,
          "Plan Width": 8,
          "Actual Startup Time": 114.789,
          "Actual Total Time": 127.855,
          "Actual Rows": 4,
          "Actual Loops": 1,
          "Workers Planned": 3,
          "Workers Launched": 3,
          "Single Copy": false,
          "Plans": [
            {
              "Node Type": "Aggregate",
              "Strategy": "Plain",
              "Partial Mode": "Partial",
              "Parent Relationship": "Outer",
              "Parallel Aware": false,
              "Startup Cost": 36514.8,
              "Total Cost": 36514.81,
              "Plan Rows": 1,
              "Plan Width": 8,
              "Actual Startup Time": 110.403,
              "Actual Total Time": 110.405,
              "Actual Rows": 1,
              "Actual Loops": 4,
              "Plans": [
                {
                  "Node Type": "Bitmap Heap Scan",
                  "Parent Relationship": "Outer",
                  "Parallel Aware": true,
                  "Relation Name": "movie_keyword",
                  "Alias": "mk",
                  "Startup Cost": 9820.56,
                  "Total Cost": 36141.43,
                  "Plan Rows": 149350,
                  "Plan Width": 0,
                  "Actual Startup Time": 30.73,
                  "Actual Total Time": 103.276,
                  "Actual Rows": 114674,
                  "Actual Loops": 4,
                  "Recheck Cond": "(keyword_id > 38686)",
                  "Rows Removed by Index Recheck": 0,
                  "Exact Heap Blocks": 10874,
                  "Lossy Heap Blocks": 0,
                  "Plans": [
                    {
                      "Node Type": "Bitmap Index Scan",
                      "Parent Relationship": "Outer",
                      "Parallel Aware": false,
                      "Index Name": "keyword_id_movie_keyword",
                      "Startup Cost": 0.0,
                      "Total Cost": 9704.81,
                      "Plan Rows": 462984,
                      "Plan Width": 0,
                      "Actual Startup Time": 31.379,
                      "Actual Total Time": 31.38,
                      "Actual Rows": 458696,
                      "Actual Loops": 1,
                      "Index Cond": "(keyword_id > 38686)"
                    }
                  ]
                }
              ]
            }
          ]
        }
      ]
    },
    "Planning Time": 0.096,
    "Triggers": [],
    "Execution Time": 127.906
  }
]