[
  {
    "Plan": {
      "Node Type": "Aggregate",
      "Strategy": "Plain",
      "Partial Mode": "Finalize",
      "Parallel Aware": false,
      "Startup Cost": 24262.8,
      "Total Cost": 24262.81,
      "Plan Rows": 1,
      "Plan Width": 8,
      "Actual Startup Time": 52.676,
      "Actual Total Time": 55.809,
      "Actual Rows": 1,
      "Actual Loops": 1,
      "Plans": [
        {
          "Node Type": "Gather",
          "Parent Relationship": "Outer",
          "Parallel Aware": false,
          "Startup Cost": 24262.49,
          "Total Cost": 24262.8,
          "Plan Rows": 3,
          "Plan Width": 8,
          "Actual Startup Time": 52.504,
          "Actual Total Time": 55.802,
          "Actual Rows": 4,
          "Actual Loops": 1,
          "Workers Planned": 3,
          "Workers Launched": 3,
          "Single Copy": false,
          "Plans": [
            {
              "Node Type": "Aggregate",
              "Strategy": "Plain",
              "Partial Mode": "Partial",
              "Parent Relationship": "Outer",
              "Parallel Aware": false,
              "Startup Cost": 23262.49,
              "Total Cost": 23262.5,
              "Plan Rows": 1,
              "Plan Width": 8,
              "Actual Startup Time": 45.992,
              "Actual Total Time": 45.993,
              "Actual Rows": 1,
              "Actual Loops": 4,
              "Plans": [
                {
                  "Node Type": "Bitmap Heap Scan",
                  "Parent Relationship": "Outer",
                  "Parallel Aware": true,
                  "Relation Name": "movie_companies",
                  "Alias": "mc",
                  "Startup Cost": 3596.89,
                  "Total Cost": 23194.17,
                  "Plan Rows": 27325,
                  "Plan Width": 0,
                  "Actual Startup Time": 14.157,
                  "Actual Total Time": 42.32,
                  "Actual Rows": 40670,
                  "Actual Loops": 4,
                  "Recheck Cond": "(company_id > 126681)",
                  "Rows Removed by Index Recheck": 0,
                  "Filter": "(company_type_id > 1)",
                  "Rows Removed by Filter": 0,
                  "Exact Heap Blocks": 2171,
                  "Lossy Heap Blocks": 0,
                  "Plans": [
                    {
                      "Node Type": "Bitmap Index Scan",
                      "Parent Relationship": "Outer",
                      "Parallel Aware": false,
                      "Index Name": "company_id_movie_companies",
                      "Startup Cost": 0.0,
                      "Total Cost": 3575.71,
                      "Plan Rows": 166838,
                      "Plan Width": 0,
                      "Actual Startup Time": 18.541,
                      "Actual Total Time": 18.541,
                      "Actual Rows": 162678,
                      "Actual Loops": 1,
                      "Index Cond": "(company_id > 126681)"
                    }
                  ]
                }
              ]
            }
          ]
        }
      ]
    },
    "Planning Time": 0.216,
    "Triggers": [],
    "Execution Time": 55.874
  }
]