{
  "Plan": {
    "Node Type": "Aggregate",
    "Strategy": "Plain",
    "Partial Mode": "Finalize",
    "Parallel Aware": false,
    "Startup Cost": 993595.27,
    "Total Cost": 993595.28,
    "Plan Rows": 1,
    "Plan Width": 8,
    "Actual Startup Time": 15100.116,
    "Actual Total Time": 15250.111,
    "Actual Rows": 1,
    "Actual Loops": 1,
    "Plans": [
      {
        "Node Type": "Gather",
        "Parent Relationship": "Outer",
        "Parallel Aware": false,
        "Startup Cost": 993595.15,
        "Total Cost": 993595.26,
        "Plan Rows": 1,
        "Plan Width": 8,
        "Actual Startup Time": 15075.253,
        "Actual Total Time": 15250.098,
        "Actual Rows": 2,
        "Actual Loops": 1,
        "Workers Planned": 1,
        "Workers Launched": 1,
        "Single Copy": false,
        "Plans": [
          {
            "Node Type": "Aggregate",
            "Strategy": "Plain",
            "Partial Mode": "Partial",
            "Parent Relationship": "Outer",
            "Parallel Aware": false,
            "Startup Cost": 992595.15,
            "Total Cost": 992595.16,
            "Plan Rows": 1,
            "Plan Width": 8,
            "Actual Startup Time": 15030.322,
            "Actual Total Time": 15030.328,
            "Actual Rows": 1,
            "Actual Loops": 2,
            "Plans": [
              {
                "Node Type": "Hash Join",
                "Parent Relationship": "Outer",
                "Parallel Aware": true,
                "Join Type": "Inner",
                "Startup Cost": 750742.38,
                "Total Cost": 949313.29,
                "Plan Rows": 17312745,
                "Plan Width": 0,
                "Actual Startup Time": 9347.202,
                "Actual Total Time": 13180.515,
                "Actual Rows": 47167704,
                "Actual Loops": 2,
                "Inner Unique": false,
                "Hash Cond": "(mk.movie_id = t.id)",
                "Plans": [
                  {
                    "Node Type": "Seq Scan",
                    "Parent Relationship": "Outer",
                    "Parallel Aware": true,
                    "Relation Name": "movie_keyword",
                    "Alias": "mk",
                    "Startup Cost": 0.0,
                    "Total Cost": 57718.19,
                    "Plan Rows": 2400802,
                    "Plan Width": 4,
                    "Actual Startup Time": 0.018,
                    "Actual Total Time": 201.629,
                    "Actual Rows": 2046320,
                    "Actual Loops": 2,
                    "Filter": "(keyword_id < 40601)",
                    "Rows Removed by Filter": 215644
                  },
                  {
                    "Node Type": "Hash",
                    "Parent Relationship": "Inner",
                    "Parallel Aware": true,
                    "Startup Cost": 616682.71,
                    "Total Cost": 616682.71,
                    "Plan Rows": 10724773,
                    "Plan Width": 8,
                    "Actual Startup Time": 9248.186,
                    "Actual Total Time": 9248.191,
                    "Actual Rows": 9112928,
                    "Actual Loops": 2,
                    "Hash Buckets": 33554432,
                    "Original Hash Buckets": 33554432,
                    "Hash Batches": 1,
                    "Original Hash Batches": 1,
                    "Peak Memory Usage": 975168,
                    "Plans": [
                      {
                        "Node Type": "Hash Join",
                        "Parent Relationship": "Outer",
                        "Parallel Aware": true,
                        "Join Type": "Inner",
                        "Startup Cost": 69460.7,
                        "Total Cost": 616682.71,
                        "Plan Rows": 10724773,
                        "Plan Width": 8,
                        "Actual Startup Time": 1018.579,
                        "Actual Total Time": 6059.562,
                        "Actual Rows": 9112928,
                        "Actual Loops": 2,
                        "Inner Unique": true,
                        "Hash Cond": "(ci.movie_id = t.id)",
                        "Plans": [
                          {
                            "Node Type": "Seq Scan",
                            "Parent Relationship": "Outer",
                            "Parallel Aware": true,
                            "Relation Name": "cast_info",
                            "Alias": "ci",
                            "Startup Cost": 0.0,
                            "Total Cost": 519069.44,
                            "Plan Rows": 10724773,
                            "Plan Width": 4,
                            "Actual Startup Time": 460.561,
                            "Actual Total Time": 1587.591,
                            "Actual Rows": 9112928,
                            "Actual Loops": 2,
                            "Filter": "(person_id > 1788255)",
                            "Rows Removed by Filter": 9009244
                          },
                          {
                            "Node Type": "Hash",
                            "Parent Relationship": "Inner",
                            "Parallel Aware": true,
                            "Startup Cost": 50870.31,
                            "Total Cost": 50870.31,
                            "Plan Rows": 1487231,
                            "Plan Width": 4,
                            "Actual Startup Time": 547.1,
                            "Actual Total Time": 547.101,
                            "Actual Rows": 1264156,
                            "Actual Loops": 2,
                            "Hash Buckets": 4194304,
                            "Original Hash Buckets": 4194304,
                            "Hash Batches": 1,
                            "Original Hash Batches": 1,
                            "Peak Memory Usage": 131712,
                            "Plans": [
                              {
                                "Node Type": "Seq Scan",
                                "Parent Relationship": "Outer",
                                "Parallel Aware": true,
                                "Relation Name": "title",
                                "Alias": "t",
                                "Startup Cost": 0.0,
                                "Total Cost": 50870.31,
                                "Plan Rows": 1487231,
                                "Plan Width": 4,
                                "Actual Startup Time": 0.039,
                                "Actual Total Time": 174.272,
                                "Actual Rows": 1264156,
                                "Actual Loops": 2
                              }
                            ]
                          }
                        ]
                      }
                    ]
                  }
                ]
              }
            ]
          }
        ]
      }
    ]
  },
  "Planning Time": 0.521,
  "Triggers": [],
  "Execution Time": 15250.18
}