[
  {
    "Plan": {
      "Node Type": "Aggregate",
      "Strategy": "Plain",
      "Partial Mode": "Finalize",
      "Parallel Aware": false,
      "Startup Cost": 46084.56,
      "Total Cost": 46084.57,
      "Plan Rows": 1,
      "Plan Width": 8,
      "Actual Startup Time": 169.743,
      "Actual Total Time": 179.432,
      "Actual Rows": 1,
      "Actual Loops": 1,
      "Plans": [
        {
          "Node Type": "Gather",
          "Parent Relationship": "Outer",
          "Parallel Aware": false,
          "Startup Cost": 46084.24,
          "Total Cost": 46084.55,
          "Plan Rows": 3,
          "Plan Width": 8,
          "Actual Startup Time": 169.647,
          "Actual Total Time": 179.424,
          "Actual Rows": 4,
          "Actual Loops": 1,
          "Workers Planned": 3,
          "Workers Launched": 3,
          "Single Copy": false,
          "Plans": [
            {
              "Node Type": "Aggregate",
              "Strategy": "Plain",
              "Partial Mode": "Partial",
              "Parent Relationship": "Outer",
              "Parallel Aware": false,
              "Startup Cost": 45084.24,
              "Total Cost": 45084.25,
              "Plan Rows": 1,
              "Plan Width": 8,
              "Actual Startup Time": 162.122,
              "Actual Total Time": 162.123,
              "Actual Rows": 1,
              "Actual Loops": 4,
              "Plans": [
                {
                  "Node Type": "Seq Scan",
                  "Parent Relationship": "Outer",
                  "Parallel Aware": true,
                  "Relation Name": "movie_keyword",
                  "Alias": "mk",
                  "Startup Cost": 0.0,
                  "Total Cost": 42695.65,
                  "Plan Rows": 955434,
                  "Plan Width": 0,
                  "Actual Startup Time": 0.057,
                  "Actual Total Time": 126.43,
                  "Actual Rows": 737921,
                  "Actual Loops": 4,
                  "Filter": "(keyword_id < 9979)",
                  "Rows Removed by Filter": 393062
                }
              ]
            }
          ]
        }
      ]
    },
    "Planning Time": 0.148,
    "Triggers": [],
    "Execution Time": 179.48
  }
]