[
    {
        "Bao": {
            "Bao prediction": 485.256,
            "Bao recommended hint": "(no hint)"
        }
    },
    {
        "Plan": {
            "Node Type": "Aggregate",
            "Strategy": "Plain",
            "Partial Mode": "Finalize",
            "Parallel Aware": false,
            "Startup Cost": 31811.12,
            "Total Cost": 31811.13,
            "Plan Rows": 1,
            "Plan Width": 8,
            "Actual Startup Time": 146.577,
            "Actual Total Time": 153.115,
            "Actual Rows": 1,
            "Actual Loops": 1,
            "Output": [
                "count(*)"
            ],
            "Plans": [
                {
                    "Node Type": "Gather",
                    "Parent Relationship": "Outer",
                    "Parallel Aware": false,
                    "Startup Cost": 31810.8,
                    "Total Cost": 31811.11,
                    "Plan Rows": 3,
                    "Plan Width": 8,
                    "Actual Startup Time": 146.48,
                    "Actual Total Time": 153.108,
                    "Actual Rows": 4,
                    "Actual Loops": 1,
                    "Output": [
                        "(PARTIAL count(*))"
                    ],
                    "Workers Planned": 3,
                    "Workers Launched": 3,
                    "Single Copy": false,
                    "Plans": [
                        {
                            "Node Type": "Aggregate",
                            "Strategy": "Plain",
                            "Partial Mode": "Partial",
                            "Parent Relationship": "Outer",
                            "Parallel Aware": false,
                            "Startup Cost": 30810.8,
                            "Total Cost": 30810.81,
                            "Plan Rows": 1,
                            "Plan Width": 8,
                            "Actual Startup Time": 138.822,
                            "Actual Total Time": 138.824,
                            "Actual Rows": 1,
                            "Actual Loops": 4,
                            "Output": [
                                "PARTIAL count(*)"
                            ],
                            "Workers": [
                                {
                                    "Worker Number": 0,
                                    "Actual Startup Time": 136.243,
                                    "Actual Total Time": 136.244,
                                    "Actual Rows": 1,
                                    "Actual Loops": 1
                                },
                                {
                                    "Worker Number": 1,
                                    "Actual Startup Time": 136.38,
                                    "Actual Total Time": 136.381,
                                    "Actual Rows": 1,
                                    "Actual Loops": 1
                                },
                                {
                                    "Worker Number": 2,
                                    "Actual Startup Time": 136.762,
                                    "Actual Total Time": 136.763,
                                    "Actual Rows": 1,
                                    "Actual Loops": 1
                                }
                            ],
                            "Plans": [
                                {
                                    "Node Type": "Seq Scan",
                                    "Parent Relationship": "Outer",
                                    "Parallel Aware": true,
                                    "Relation Name": "movie_companies",
                                    "Schema": "public",
                                    "Alias": "mc",
                                    "Startup Cost": 0.0,
                                    "Total Cost": 29310.68,
                                    "Plan Rows": 600048,
                                    "Plan Width": 0,
                                    "Actual Startup Time": 1.011,
                                    "Actual Total Time": 107.19,
                                    "Actual Rows": 465021,
                                    "Actual Loops": 4,
                                    "Output": [
                                        "id",
                                        "movie_id",
                                        "company_id",
                                        "company_type_id",
                                        "note"
                                    ],
                                    "Filter": "(mc.company_id > 1454)",
                                    "Rows Removed by Filter": 187261,
                                    "Workers": [
                                        {
                                            "Worker Number": 0,
                                            "Actual Startup Time": 0.068,
                                            "Actual Total Time": 105.13,
                                            "Actual Rows": 445977,
                                            "Actual Loops": 1
                                        },
                                        {
                                            "Worker Number": 1,
                                            "Actual Startup Time": 0.096,
                                            "Actual Total Time": 105.635,
                                            "Actual Rows": 438156,
                                            "Actual Loops": 1
                                        },
                                        {
                                            "Worker Number": 2,
                                            "Actual Startup Time": 0.058,
                                            "Actual Total Time": 105.619,
                                            "Actual Rows": 446251,
                                            "Actual Loops": 1
                                        }
                                    ]
                                }
                            ]
                        }
                    ]
                }
            ]
        },
        "Planning Time": 583.74,
        "Triggers": [],
        "Execution Time": 153.193
    }
]