{
  "Plan": {
    "Node Type": "Aggregate",
    "Strategy": "Plain",
    "Partial Mode": "Finalize",
    "Parallel Aware": false,
    "Startup Cost": 595195.21,
    "Total Cost": 595195.22,
    "Plan Rows": 1,
    "Plan Width": 8,
    "Actual Startup Time": 1772.551,
    "Actual Total Time": 1793.085,
    "Actual Rows": 1,
    "Actual Loops": 1,
    "Plans": [
      {
        "Node Type": "Gather",
        "Parent Relationship": "Outer",
        "Parallel Aware": false,
        "Startup Cost": 595195.1,
        "Total Cost": 595195.21,
        "Plan Rows": 1,
        "Plan Width": 8,
        "Actual Startup Time": 1764.061,
        "Actual Total Time": 1793.078,
        "Actual Rows": 2,
        "Actual Loops": 1,
        "Workers Planned": 1,
        "Workers Launched": 1,
        "Single Copy": false,
        "Plans": [
          {
            "Node Type": "Aggregate",
            "Strategy": "Plain",
            "Partial Mode": "Partial",
            "Parent Relationship": "Outer",
            "Parallel Aware": false,
            "Startup Cost": 594195.1,
            "Total Cost": 594195.11,
            "Plan Rows": 1,
            "Plan Width": 8,
            "Actual Startup Time": 1758.162,
            "Actual Total Time": 1758.166,
            "Actual Rows": 1,
            "Actual Loops": 2,
            "Plans": [
              {
                "Node Type": "Merge Join",
                "Parent Relationship": "Outer",
                "Parallel Aware": false,
                "Join Type": "Inner",
                "Startup Cost": 430440.96,
                "Total Cost": 590504.27,
                "Plan Rows": 1476332,
                "Plan Width": 0,
                "Actual Startup Time": 1462.15,
                "Actual Total Time": 1726.954,
                "Actual Rows": 749264,
                "Actual Loops": 2,
                "Inner Unique": false,
                "Merge Cond": "(mc.movie_id = t.id)",
                "Plans": [
                  {
                    "Node Type": "Index Only Scan",
                    "Parent Relationship": "Outer",
                    "Parallel Aware": true,
                    "Scan Direction": "Forward",
                    "Index Name": "movie_id_movie_companies",
                    "Relation Name": "movie_companies",
                    "Alias": "mc",
                    "Startup Cost": 0.43,
                    "Total Cost": 129315.97,
                    "Plan Rows": 1534782,
                    "Plan Width": 4,
                    "Actual Startup Time": 0.096,
                    "Actual Total Time": 114.67,
                    "Actual Rows": 455662,
                    "Actual Loops": 2,
                    "Heap Fetches": 911325
                  },
                  {
                    "Node Type": "Sort",
                    "Parent Relationship": "Inner",
                    "Parallel Aware": false,
                    "Startup Cost": 430440.29,
                    "Total Cost": 436520.3,
                    "Plan Rows": 2432007,
                    "Plan Width": 8,
                    "Actual Startup Time": 1461.998,
                    "Actual Total Time": 1503.269,
                    "Actual Rows": 1175526,
                    "Actual Loops": 2,
                    "Sort Key": [
                      "mk.movie_id"
                    ],
                    "Sort Method": "quicksort",
                    "Sort Space Used": 53154,
                    "Sort Space Type": "Memory",
                    "Workers": [
                      {
                        "Worker Number": 0,
                        "Sort Method": "quicksort",
                        "Sort Space Used": 53154,
                        "Sort Space Type": "Memory"
                      }
                    ],
                    "Plans": [
                      {
                        "Node Type": "Hash Join",
                        "Parent Relationship": "Outer",
                        "Parallel Aware": false,
                        "Join Type": "Inner",
                        "Startup Cost": 90912.12,
                        "Total Cost": 172480.76,
                        "Plan Rows": 2432007,
                        "Plan Width": 8,
                        "Actual Startup Time": 617.147,
                        "Actual Total Time": 1342.446,
                        "Actual Rows": 609659,
                        "Actual Loops": 2,
                        "Inner Unique": true,
                        "Hash Cond": "(mk.movie_id = t.id)",
                        "Plans": [
                          {
                            "Node Type": "Seq Scan",
                            "Parent Relationship": "Outer",
                            "Parallel Aware": false,
                            "Relation Name": "movie_keyword",
                            "Alias": "mk",
                            "Startup Cost": 0.0,
                            "Total Cost": 69693.3,
                            "Plan Rows": 4523930,
                            "Plan Width": 4,
                            "Actual Startup Time": 0.038,
                            "Actual Total Time": 286.44,
                            "Actual Rows": 4523930,
                            "Actual Loops": 2
                          },
                          {
                            "Node Type": "Hash",
                            "Parent Relationship": "Inner",
                            "Parallel Aware": false,
                            "Startup Cost": 73922.39,
                            "Total Cost": 73922.39,
                            "Plan Rows": 1359178,
                            "Plan Width": 4,
                            "Actual Startup Time": 601.513,
                            "Actual Total Time": 601.515,
                            "Actual Rows": 1438695,
                            "Actual Loops": 2,
                            "Hash Buckets": 2097152,
                            "Original Hash Buckets": 2097152,
                            "Hash Batches": 1,
                            "Original Hash Batches": 1,
                            "Peak Memory Usage": 66964,
                            "Plans": [
                              {
                                "Node Type": "Seq Scan",
                                "Parent Relationship": "Outer",
                                "Parallel Aware": false,
                                "Relation Name": "title",
                                "Alias": "t",
                                "Startup Cost": 0.0,
                                "Total Cost": 73922.39,
                                "Plan Rows": 1359178,
                                "Plan Width": 4,
                                "Actual Startup Time": 0.033,
                                "Actual Total Time": 293.223,
                                "Actual Rows": 1438695,
                                "Actual Loops": 2,
                                "Filter": "((production_year > 1958) AND (kind_id = 7))",
                                "Rows Removed by Filter": 1089617
                              }
                            ]
                          }
                        ]
                      }
                    ]
                  }
                ]
              }
            ]
          }
        ]
      }
    ]
  },
  "Planning Time": 0.869,
  "Triggers": [],
  "Execution Time": 1799.029
}