{
    "Plan": {
        "Node Type": "Aggregate",
        "Strategy": "Plain",
        "Partial Mode": "Finalize",
        "Parallel Aware": false,
        "Startup Cost": 453622.63,
        "Total Cost": 453622.64,
        "Plan Rows": 1,
        "Plan Width": 8,
        "Actual Startup Time": 1279.788,
        "Actual Total Time": 1330.467,
        "Actual Rows": 1,
        "Actual Loops": 1,
        "Output": [
            "count(*)"
        ],
        "Plans": [
            {
                "Node Type": "Gather",
                "Parent Relationship": "Outer",
                "Parallel Aware": false,
                "Startup Cost": 453622.01,
                "Total Cost": 453622.62,
                "Plan Rows": 6,
                "Plan Width": 8,
                "Actual Startup Time": 1264.419,
                "Actual Total Time": 1330.453,
                "Actual Rows": 7,
                "Actual Loops": 1,
                "Output": [
                    "(PARTIAL count(*))"
                ],
                "Workers Planned": 6,
                "Workers Launched": 6,
                "Single Copy": false,
                "Plans": [
                    {
                        "Node Type": "Aggregate",
                        "Strategy": "Plain",
                        "Partial Mode": "Partial",
                        "Parent Relationship": "Outer",
                        "Parallel Aware": false,
                        "Startup Cost": 452622.01,
                        "Total Cost": 452622.02,
                        "Plan Rows": 1,
                        "Plan Width": 8,
                        "Actual Startup Time": 1253.297,
                        "Actual Total Time": 1253.432,
                        "Actual Rows": 1,
                        "Actual Loops": 7,
                        "Output": [
                            "PARTIAL count(*)"
                        ],
                        "Workers": [
                            {
                                "Worker Number": 0,
                                "Actual Startup Time": 1250.588,
                                "Actual Total Time": 1250.594,
                                "Actual Rows": 1,
                                "Actual Loops": 1
                            },
                            {
                                "Worker Number": 1,
                                "Actual Startup Time": 1252.692,
                                "Actual Total Time": 1252.698,
                                "Actual Rows": 1,
                                "Actual Loops": 1
                            },
                            {
                                "Worker Number": 2,
                                "Actual Startup Time": 1251.777,
                                "Actual Total Time": 1251.783,
                                "Actual Rows": 1,
                                "Actual Loops": 1
                            },
                            {
                                "Worker Number": 3,
                                "Actual Startup Time": 1251.154,
                                "Actual Total Time": 1251.161,
                                "Actual Rows": 1,
                                "Actual Loops": 1
                            },
                            {
                                "Worker Number": 4,
                                "Actual Startup Time": 1251.72,
                                "Actual Total Time": 1251.726,
                                "Actual Rows": 1,
                                "Actual Loops": 1
                            },
                            {
                                "Worker Number": 5,
                                "Actual Startup Time": 1251.716,
                                "Actual Total Time": 1251.722,
                                "Actual Rows": 1,
                                "Actual Loops": 1
                            }
                        ],
                        "Plans": [
                            {
                                "Node Type": "Hash Join",
                                "Parent Relationship": "Outer",
                                "Parallel Aware": true,
                                "Join Type": "Inner",
                                "Startup Cost": 95999.58,
                                "Total Cost": 450858.94,
                                "Plan Rows": 705226,
                                "Plan Width": 0,
                                "Actual Startup Time": 502.218,
                                "Actual Total Time": 1232.061,
                                "Actual Rows": 488863,
                                "Actual Loops": 7,
                                "Inner Unique": false,
                                "Hash Cond": "(ci.movie_id = t.id)",
                                "Workers": [
                                    {
                                        "Worker Number": 0,
                                        "Actual Startup Time": 499.574,
                                        "Actual Total Time": 1229.009,
                                        "Actual Rows": 521197,
                                        "Actual Loops": 1
                                    },
                                    {
                                        "Worker Number": 1,
                                        "Actual Startup Time": 501.664,
                                        "Actual Total Time": 1232.876,
                                        "Actual Rows": 475113,
                                        "Actual Loops": 1
                                    },
                                    {
                                        "Worker Number": 2,
                                        "Actual Startup Time": 500.15,
                                        "Actual Total Time": 1231.542,
                                        "Actual Rows": 484366,
                                        "Actual Loops": 1
                                    },
                                    {
                                        "Worker Number": 3,
                                        "Actual Startup Time": 500.156,
                                        "Actual Total Time": 1228.1,
                                        "Actual Rows": 342864,
                                        "Actual Loops": 1
                                    },
                                    {
                                        "Worker Number": 4,
                                        "Actual Startup Time": 500.729,
                                        "Actual Total Time": 1230.568,
                                        "Actual Rows": 511672,
                                        "Actual Loops": 1
                                    },
                                    {
                                        "Worker Number": 5,
                                        "Actual Startup Time": 500.814,
                                        "Actual Total Time": 1230.767,
                                        "Actual Rows": 508159,
                                        "Actual Loops": 1
                                    }
                                ],
                                "Plans": [
                                    {
                                        "Node Type": "Seq Scan",
                                        "Parent Relationship": "Outer",
                                        "Parallel Aware": true,
                                        "Relation Name": "cast_info",
                                        "Schema": "public",
                                        "Alias": "ci",
                                        "Startup Cost": 0.0,
                                        "Total Cost": 343318.94,
                                        "Plan Rows": 2470801,
                                        "Plan Width": 4,
                                        "Actual Startup Time": 197.055,
                                        "Actual Total Time": 618.867,
                                        "Actual Rows": 1856026,
                                        "Actual Loops": 7,
                                        "Output": [
                                            "ci.id",
                                            "ci.person_id",
                                            "ci.movie_id",
                                            "ci.person_role_id",
                                            "ci.note",
                                            "ci.nr_order",
                                            "ci.role_id"
                                        ],
                                        "Filter": "((ci.person_id > 1740234) AND (ci.role_id < 8))",
                                        "Rows Removed by Filter": 3321737,
                                        "Workers": [
                                            {
                                                "Worker Number": 0,
                                                "Actual Startup Time": 197.053,
                                                "Actual Total Time": 622.32,
                                                "Actual Rows": 1957921,
                                                "Actual Loops": 1
                                            },
                                            {
                                                "Worker Number": 1,
                                                "Actual Startup Time": 197.072,
                                                "Actual Total Time": 618.36,
                                                "Actual Rows": 1827998,
                                                "Actual Loops": 1
                                            },
                                            {
                                                "Worker Number": 2,
                                                "Actual Startup Time": 197.059,
                                                "Actual Total Time": 617.416,
                                                "Actual Rows": 1820375,
                                                "Actual Loops": 1
                                            },
                                            {
                                                "Worker Number": 3,
                                                "Actual Startup Time": 196.992,
                                                "Actual Total Time": 627.099,
                                                "Actual Rows": 1276988,
                                                "Actual Loops": 1
                                            },
                                            {
                                                "Worker Number": 4,
                                                "Actual Startup Time": 197.077,
                                                "Actual Total Time": 621.664,
                                                "Actual Rows": 1953753,
                                                "Actual Loops": 1
                                            },
                                            {
                                                "Worker Number": 5,
                                                "Actual Startup Time": 197.068,
                                                "Actual Total Time": 620.995,
                                                "Actual Rows": 1954407,
                                                "Actual Loops": 1
                                            }
                                        ]
                                    },
                                    {
                                        "Node Type": "Hash",
                                        "Parent Relationship": "Inner",
                                        "Parallel Aware": true,
                                        "Startup Cost": 93089.73,
                                        "Total Cost": 93089.73,
                                        "Plan Rows": 232788,
                                        "Plan Width": 8,
                                        "Actual Startup Time": 301.838,
                                        "Actual Total Time": 301.97,
                                        "Actual Rows": 59833,
                                        "Actual Loops": 7,
                                        "Output": [
                                            "t.id",
                                            "mk.movie_id"
                                        ],
                                        "Hash Buckets": 1048576,
                                        "Original Hash Buckets": 1048576,
                                        "Hash Batches": 1,
                                        "Original Hash Batches": 1,
                                        "Peak Memory Usage": 24672,
                                        "Workers": [
                                            {
                                                "Worker Number": 0,
                                                "Actual Startup Time": 301.856,
                                                "Actual Total Time": 301.86,
                                                "Actual Rows": 63618,
                                                "Actual Loops": 1
                                            },
                                            {
                                                "Worker Number": 1,
                                                "Actual Startup Time": 304.143,
                                                "Actual Total Time": 304.147,
                                                "Actual Rows": 55122,
                                                "Actual Loops": 1
                                            },
                                            {
                                                "Worker Number": 2,
                                                "Actual Startup Time": 302.285,
                                                "Actual Total Time": 302.29,
                                                "Actual Rows": 53672,
                                                "Actual Loops": 1
                                            },
                                            {
                                                "Worker Number": 3,
                                                "Actual Startup Time": 302.183,
                                                "Actual Total Time": 302.187,
                                                "Actual Rows": 42156,
                                                "Actual Loops": 1
                                            },
                                            {
                                                "Worker Number": 4,
                                                "Actual Startup Time": 302.865,
                                                "Actual Total Time": 302.869,
                                                "Actual Rows": 64056,
                                                "Actual Loops": 1
                                            },
                                            {
                                                "Worker Number": 5,
                                                "Actual Startup Time": 302.919,
                                                "Actual Total Time": 302.923,
                                                "Actual Rows": 63759,
                                                "Actual Loops": 1
                                            }
                                        ],
                                        "Plans": [
                                            {
                                                "Node Type": "Hash Join",
                                                "Parent Relationship": "Outer",
                                                "Parallel Aware": true,
                                                "Join Type": "Inner",
                                                "Startup Cost": 49037.06,
                                                "Total Cost": 93089.73,
                                                "Plan Rows": 232788,
                                                "Plan Width": 8,
                                                "Actual Startup Time": 162.42,
                                                "Actual Total Time": 276.006,
                                                "Actual Rows": 59833,
                                                "Actual Loops": 7,
                                                "Output": [
                                                    "t.id",
                                                    "mk.movie_id"
                                                ],
                                                "Inner Unique": true,
                                                "Hash Cond": "(mk.movie_id = t.id)",
                                                "Workers": [
                                                    {
                                                        "Worker Number": 0,
                                                        "Actual Startup Time": 162.391,
                                                        "Actual Total Time": 276.134,
                                                        "Actual Rows": 63618,
                                                        "Actual Loops": 1
                                                    },
                                                    {
                                                        "Worker Number": 1,
                                                        "Actual Startup Time": 162.435,
                                                        "Actual Total Time": 275.583,
                                                        "Actual Rows": 55122,
                                                        "Actual Loops": 1
                                                    },
                                                    {
                                                        "Worker Number": 2,
                                                        "Actual Startup Time": 162.378,
                                                        "Actual Total Time": 275.67,
                                                        "Actual Rows": 53672,
                                                        "Actual Loops": 1
                                                    },
                                                    {
                                                        "Worker Number": 3,
                                                        "Actual Startup Time": 162.507,
                                                        "Actual Total Time": 277.284,
                                                        "Actual Rows": 42156,
                                                        "Actual Loops": 1
                                                    },
                                                    {
                                                        "Worker Number": 4,
                                                        "Actual Startup Time": 162.351,
                                                        "Actual Total Time": 275.434,
                                                        "Actual Rows": 64056,
                                                        "Actual Loops": 1
                                                    },
                                                    {
                                                        "Worker Number": 5,
                                                        "Actual Startup Time": 162.377,
                                                        "Actual Total Time": 276.503,
                                                        "Actual Rows": 63759,
                                                        "Actual Loops": 1
                                                    }
                                                ],
                                                "Plans": [
                                                    {
                                                        "Node Type": "Seq Scan",
                                                        "Parent Relationship": "Outer",
                                                        "Parallel Aware": true,
                                                        "Relation Name": "movie_keyword",
                                                        "Schema": "public",
                                                        "Alias": "mk",
                                                        "Startup Cost": 0.0,
                                                        "Total Cost": 42695.65,
                                                        "Plan Rows": 516959,
                                                        "Plan Width": 4,
                                                        "Actual Startup Time": 0.016,
                                                        "Actual Total Time": 73.796,
                                                        "Actual Rows": 229456,
                                                        "Actual Loops": 7,
                                                        "Output": [
                                                            "mk.id",
                                                            "mk.movie_id",
                                                            "mk.keyword_id"
                                                        ],
                                                        "Filter": "(mk.keyword_id < 2488)",
                                                        "Rows Removed by Filter": 416820,
                                                        "Workers": [
                                                            {
                                                                "Worker Number": 0,
                                                                "Actual Startup Time": 0.018,
                                                                "Actual Total Time": 75.314,
                                                                "Actual Rows": 242758,
                                                                "Actual Loops": 1
                                                            },
                                                            {
                                                                "Worker Number": 1,
                                                                "Actual Startup Time": 0.017,
                                                                "Actual Total Time": 74.385,
                                                                "Actual Rows": 210376,
                                                                "Actual Loops": 1
                                                            },
                                                            {
                                                                "Worker Number": 2,
                                                                "Actual Startup Time": 0.015,
                                                                "Actual Total Time": 74.461,
                                                                "Actual Rows": 209057,
                                                                "Actual Loops": 1
                                                            },
                                                            {
                                                                "Worker Number": 3,
                                                                "Actual Startup Time": 0.023,
                                                                "Actual Total Time": 75.825,
                                                                "Actual Rows": 161565,
                                                                "Actual Loops": 1
                                                            },
                                                            {
                                                                "Worker Number": 4,
                                                                "Actual Startup Time": 0.015,
                                                                "Actual Total Time": 74.828,
                                                                "Actual Rows": 240262,
                                                                "Actual Loops": 1
                                                            },
                                                            {
                                                                "Worker Number": 5,
                                                                "Actual Startup Time": 0.018,
                                                                "Actual Total Time": 75.451,
                                                                "Actual Rows": 242726,
                                                                "Actual Loops": 1
                                                            }
                                                        ]
                                                    },
                                                    {
                                                        "Node Type": "Hash",
                                                        "Parent Relationship": "Inner",
                                                        "Parallel Aware": true,
                                                        "Startup Cost": 45479.21,
                                                        "Total Cost": 45479.21,
                                                        "Plan Rows": 284628,
                                                        "Plan Width": 4,
                                                        "Actual Startup Time": 159.951,
                                                        "Actual Total Time": 159.952,
                                                        "Actual Rows": 156512,
                                                        "Actual Loops": 7,
                                                        "Output": [
                                                            "t.id"
                                                        ],
                                                        "Hash Buckets": 2097152,
                                                        "Original Hash Buckets": 2097152,
                                                        "Hash Batches": 1,
                                                        "Original Hash Batches": 1,
                                                        "Peak Memory Usage": 59392,
                                                        "Workers": [
                                                            {
                                                                "Worker Number": 0,
                                                                "Actual Startup Time": 162.264,
                                                                "Actual Total Time": 162.266,
                                                                "Actual Rows": 153510,
                                                                "Actual Loops": 1
                                                            },
                                                            {
                                                                "Worker Number": 1,
                                                                "Actual Startup Time": 162.345,
                                                                "Actual Total Time": 162.346,
                                                                "Actual Rows": 145131,
                                                                "Actual Loops": 1
                                                            },
                                                            {
                                                                "Worker Number": 2,
                                                                "Actual Startup Time": 162.247,
                                                                "Actual Total Time": 162.248,
                                                                "Actual Rows": 129367,
                                                                "Actual Loops": 1
                                                            },
                                                            {
                                                                "Worker Number": 3,
                                                                "Actual Startup Time": 162.242,
                                                                "Actual Total Time": 162.243,
                                                                "Actual Rows": 112291,
                                                                "Actual Loops": 1
                                                            },
                                                            {
                                                                "Worker Number": 4,
                                                                "Actual Startup Time": 162.242,
                                                                "Actual Total Time": 162.243,
                                                                "Actual Rows": 153881,
                                                                "Actual Loops": 1
                                                            },
                                                            {
                                                                "Worker Number": 5,
                                                                "Actual Startup Time": 162.27,
                                                                "Actual Total Time": 162.271,
                                                                "Actual Rows": 155911,
                                                                "Actual Loops": 1
                                                            }
                                                        ],
                                                        "Plans": [
                                                            {
                                                                "Node Type": "Seq Scan",
                                                                "Parent Relationship": "Outer",
                                                                "Parallel Aware": true,
                                                                "Relation Name": "title",
                                                                "Schema": "public",
                                                                "Alias": "t",
                                                                "Startup Cost": 0.0,
                                                                "Total Cost": 45479.21,
                                                                "Plan Rows": 284628,
                                                                "Plan Width": 4,
                                                                "Actual Startup Time": 0.067,
                                                                "Actual Total Time": 78.69,
                                                                "Actual Rows": 156512,
                                                                "Actual Loops": 7,
                                                                "Output": [
                                                                    "t.id"
                                                                ],
                                                                "Filter": "((t.kind_id > 1) AND (t.production_year < 2007))",
                                                                "Rows Removed by Filter": 204676,
                                                                "Workers": [
                                                                    {
                                                                        "Worker Number": 0,
                                                                        "Actual Startup Time": 0.08,
                                                                        "Actual Total Time": 79.734,
                                                                        "Actual Rows": 153510,
                                                                        "Actual Loops": 1
                                                                    },
                                                                    {
                                                                        "Worker Number": 1,
                                                                        "Actual Startup Time": 0.05,
                                                                        "Actual Total Time": 80.052,
                                                                        "Actual Rows": 145131,
                                                                        "Actual Loops": 1
                                                                    },
                                                                    {
                                                                        "Worker Number": 2,
                                                                        "Actual Startup Time": 0.081,
                                                                        "Actual Total Time": 80.507,
                                                                        "Actual Rows": 129367,
                                                                        "Actual Loops": 1
                                                                    },
                                                                    {
                                                                        "Worker Number": 3,
                                                                        "Actual Startup Time": 0.087,
                                                                        "Actual Total Time": 81.496,
                                                                        "Actual Rows": 112291,
                                                                        "Actual Loops": 1
                                                                    },
                                                                    {
                                                                        "Worker Number": 4,
                                                                        "Actual Startup Time": 0.078,
                                                                        "Actual Total Time": 79.961,
                                                                        "Actual Rows": 153881,
                                                                        "Actual Loops": 1
                                                                    },
                                                                    {
                                                                        "Worker Number": 5,
                                                                        "Actual Startup Time": 0.078,
                                                                        "Actual Total Time": 80.576,
                                                                        "Actual Rows": 155911,
                                                                        "Actual Loops": 1
                                                                    }
                                                                ]
                                                            }
                                                        ]
                                                    }
                                                ]
                                            }
                                        ]
                                    }
                                ]
                            }
                        ]
                    }
                ]
            }
        ]
    },
    "Planning Time": 1.589,
    "Triggers": [],
    "Execution Time": 1330.573
}