[
  {
    "Plan": {
      "Node Type": "Aggregate",
      "Strategy": "Plain",
      "Partial Mode": "Simple",
      "Parallel Aware": false,
      "Startup Cost": 1040.43,
      "Total Cost": 1040.44,
      "Plan Rows": 1,
      "Plan Width": 8,
      "Actual Startup Time": 0.055,
      "Actual Total Time": 0.056,
      "Actual Rows": 1,
      "Actual Loops": 1,
      "Plans": [
        {
          "Node Type": "Index Scan",
          "Parent Relationship": "Outer",
          "Parallel Aware": false,
          "Scan Direction": "Forward",
          "Index Name": "person_id_cast_info",
          "Relation Name": "cast_info",
          "Alias": "ci",
          "Startup Cost": 0.56,
          "Total Cost": 1039.59,
          "Plan Rows": 337,
          "Plan Width": 0,
          "Actual Startup Time": 0.025,
          "Actual Total Time": 0.048,
          "Actual Rows": 119,
          "Actual Loops": 1,
          "Index Cond": "(person_id = 1300657)",
          "Rows Removed by Index Recheck": 0,
          "Filter": "(role_id < 4)",
          "Rows Removed by Filter": 2
        }
      ]
    },
    "Planning Time": 0.085,
    "Triggers": [],
    "Execution Time": 0.072
  }
]