[
    {
        "Bao": {
            "Bao prediction": "NaN",
            "Bao recommended hint": "(no hint)"
        }
    },
    {
        "Plan": {
            "Node Type": "Aggregate",
            "Strategy": "Plain",
            "Partial Mode": "Finalize",
            "Parallel Aware": false,
            "Startup Cost": 33149.43,
            "Total Cost": 33149.44,
            "Plan Rows": 1,
            "Plan Width": 8,
            "Actual Startup Time": 93.244,
            "Actual Total Time": 97.147,
            "Actual Rows": 1,
            "Actual Loops": 1,
            "Output": [
                "count(*)"
            ],
            "Plans": [
                {
                    "Node Type": "Gather",
                    "Parent Relationship": "Outer",
                    "Parallel Aware": false,
                    "Startup Cost": 33149.11,
                    "Total Cost": 33149.42,
                    "Plan Rows": 3,
                    "Plan Width": 8,
                    "Actual Startup Time": 93.018,
                    "Actual Total Time": 97.139,
                    "Actual Rows": 4,
                    "Actual Loops": 1,
                    "Output": [
                        "(PARTIAL count(*))"
                    ],
                    "Workers Planned": 3,
                    "Workers Launched": 3,
                    "Single Copy": false,
                    "Plans": [
                        {
                            "Node Type": "Aggregate",
                            "Strategy": "Plain",
                            "Partial Mode": "Partial",
                            "Parent Relationship": "Outer",
                            "Parallel Aware": false,
                            "Startup Cost": 32149.11,
                            "Total Cost": 32149.12,
                            "Plan Rows": 1,
                            "Plan Width": 8,
                            "Actual Startup Time": 85.074,
                            "Actual Total Time": 85.075,
                            "Actual Rows": 1,
                            "Actual Loops": 4,
                            "Output": [
                                "PARTIAL count(*)"
                            ],
                            "Workers": [
                                {
                                    "Worker Number": 0,
                                    "Actual Startup Time": 82.373,
                                    "Actual Total Time": 82.374,
                                    "Actual Rows": 1,
                                    "Actual Loops": 1
                                },
                                {
                                    "Worker Number": 1,
                                    "Actual Startup Time": 82.585,
                                    "Actual Total Time": 82.586,
                                    "Actual Rows": 1,
                                    "Actual Loops": 1
                                },
                                {
                                    "Worker Number": 2,
                                    "Actual Startup Time": 82.744,
                                    "Actual Total Time": 82.746,
                                    "Actual Rows": 1,
                                    "Actual Loops": 1
                                }
                            ],
                            "Plans": [
                                {
                                    "Node Type": "Seq Scan",
                                    "Parent Relationship": "Outer",
                                    "Parallel Aware": true,
                                    "Relation Name": "movie_companies",
                                    "Schema": "public",
                                    "Alias": "mc",
                                    "Startup Cost": 0.0,
                                    "Total Cost": 31414.82,
                                    "Plan Rows": 293716,
                                    "Plan Width": 0,
                                    "Actual Startup Time": 46.611,
                                    "Actual Total Time": 78.514,
                                    "Actual Rows": 147821,
                                    "Actual Loops": 4,
                                    "Output": [
                                        "id",
                                        "movie_id",
                                        "company_id",
                                        "company_type_id",
                                        "note"
                                    ],
                                    "Filter": "((mc.company_id < 27847) AND (mc.company_type_id = 2))",
                                    "Rows Removed by Filter": 504462,
                                    "Workers": [
                                        {
                                            "Worker Number": 0,
                                            "Actual Startup Time": 43.907,
                                            "Actual Total Time": 76.039,
                                            "Actual Rows": 153675,
                                            "Actual Loops": 1
                                        },
                                        {
                                            "Worker Number": 1,
                                            "Actual Startup Time": 44.122,
                                            "Actual Total Time": 76.23,
                                            "Actual Rows": 154139,
                                            "Actual Loops": 1
                                        },
                                        {
                                            "Worker Number": 2,
                                            "Actual Startup Time": 44.277,
                                            "Actual Total Time": 76.4,
                                            "Actual Rows": 153996,
                                            "Actual Loops": 1
                                        }
                                    ]
                                }
                            ]
                        }
                    ]
                }
            ]
        },
        "Planning Time": 201.61,
        "Triggers": [],
        "Execution Time": 97.217
    }
]