{
  "Plan": {
    "Node Type": "Aggregate",
    "Strategy": "Plain",
    "Partial Mode": "Finalize",
    "Parallel Aware": false,
    "Startup Cost": 44146.12,
    "Total Cost": 44146.13,
    "Plan Rows": 1,
    "Plan Width": 8,
    "Actual Startup Time": 57.808,
    "Actual Total Time": 63.71,
    "Actual Rows": 1,
    "Actual Loops": 1,
    "Plans": [
      {
        "Node Type": "Gather",
        "Parent Relationship": "Outer",
        "Parallel Aware": false,
        "Startup Cost": 44146.01,
        "Total Cost": 44146.12,
        "Plan Rows": 1,
        "Plan Width": 8,
        "Actual Startup Time": 57.59,
        "Actual Total Time": 63.701,
        "Actual Rows": 2,
        "Actual Loops": 1,
        "Workers Planned": 1,
        "Workers Launched": 1,
        "Single Copy": false,
        "Plans": [
          {
            "Node Type": "Aggregate",
            "Strategy": "Plain",
            "Partial Mode": "Partial",
            "Parent Relationship": "Outer",
            "Parallel Aware": false,
            "Startup Cost": 43146.01,
            "Total Cost": 43146.02,
            "Plan Rows": 1,
            "Plan Width": 8,
            "Actual Startup Time": 51.756,
            "Actual Total Time": 51.758,
            "Actual Rows": 1,
            "Actual Loops": 2,
            "Plans": [
              {
                "Node Type": "Nested Loop",
                "Parent Relationship": "Outer",
                "Parallel Aware": false,
                "Join Type": "Inner",
                "Startup Cost": 2181.54,
                "Total Cost": 43144.21,
                "Plan Rows": 720,
                "Plan Width": 0,
                "Actual Startup Time": 19.606,
                "Actual Total Time": 51.745,
                "Actual Rows": 38,
                "Actual Loops": 2,
                "Inner Unique": false,
                "Plans": [
                  {
                    "Node Type": "Bitmap Heap Scan",
                    "Parent Relationship": "Outer",
                    "Parallel Aware": true,
                    "Relation Name": "title",
                    "Alias": "t",
                    "Startup Cost": 2181.11,
                    "Total Cost": 39257.35,
                    "Plan Rows": 402,
                    "Plan Width": 4,
                    "Actual Startup Time": 19.449,
                    "Actual Total Time": 51.317,
                    "Actual Rows": 13,
                    "Actual Loops": 2,
                    "Recheck Cond": "(kind_id = 4)",
                    "Rows Removed by Index Recheck": 0,
                    "Filter": "(production_year = 1979)",
                    "Rows Removed by Filter": 59104,
                    "Exact Heap Blocks": 11142,
                    "Lossy Heap Blocks": 0,
                    "Plans": [
                      {
                        "Node Type": "Bitmap Index Scan",
                        "Parent Relationship": "Outer",
                        "Parallel Aware": false,
                        "Index Name": "kind_id_title",
                        "Startup Cost": 0.0,
                        "Total Cost": 2180.94,
                        "Plan Rows": 122201,
                        "Plan Width": 0,
                        "Actual Startup Time": 17.586,
                        "Actual Total Time": 17.586,
                        "Actual Rows": 118234,
                        "Actual Loops": 1,
                        "Index Cond": "(kind_id = 4)"
                      }
                    ]
                  },
                  {
                    "Node Type": "Index Only Scan",
                    "Parent Relationship": "Inner",
                    "Parallel Aware": false,
                    "Scan Direction": "Forward",
                    "Index Name": "movie_id_movie_keyword",
                    "Relation Name": "movie_keyword",
                    "Alias": "mk",
                    "Startup Cost": 0.43,
                    "Total Cost": 9.22,
                    "Plan Rows": 45,
                    "Plan Width": 4,
                    "Actual Startup Time": 0.03,
                    "Actual Total Time": 0.031,
                    "Actual Rows": 3,
                    "Actual Loops": 26,
                    "Index Cond": "(movie_id = t.id)",
                    "Rows Removed by Index Recheck": 0,
                    "Heap Fetches": 75
                  }
                ]
              }
            ]
          }
        ]
      }
    ]
  },
  "Planning Time": 0.372,
  "Triggers": [],
  "Execution Time": 63.784
}