[
  {
    "Plan": {
      "Node Type": "Aggregate",
      "Strategy": "Plain",
      "Partial Mode": "Finalize",
      "Parallel Aware": false,
      "Startup Cost": 33237.25,
      "Total Cost": 33237.26,
      "Plan Rows": 1,
      "Plan Width": 8,
      "Actual Startup Time": 101.214,
      "Actual Total Time": 109.444,
      "Actual Rows": 1,
      "Actual Loops": 1,
      "Plans": [
        {
          "Node Type": "Gather",
          "Parent Relationship": "Outer",
          "Parallel Aware": false,
          "Startup Cost": 33236.93,
          "Total Cost": 33237.24,
          "Plan Rows": 3,
          "Plan Width": 8,
          "Actual Startup Time": 101.089,
          "Actual Total Time": 109.436,
          "Actual Rows": 4,
          "Actual Loops": 1,
          "Workers Planned": 3,
          "Workers Launched": 3,
          "Single Copy": false,
          "Plans": [
            {
              "Node Type": "Aggregate",
              "Strategy": "Plain",
              "Partial Mode": "Partial",
              "Parent Relationship": "Outer",
              "Parallel Aware": false,
              "Startup Cost": 32236.93,
              "Total Cost": 32236.94,
              "Plan Rows": 1,
              "Plan Width": 8,
              "Actual Startup Time": 92.833,
              "Actual Total Time": 92.834,
              "Actual Rows": 1,
              "Actual Loops": 4,
              "Plans": [
                {
                  "Node Type": "Seq Scan",
                  "Parent Relationship": "Outer",
                  "Parallel Aware": true,
                  "Relation Name": "movie_companies",
                  "Alias": "mc",
                  "Startup Cost": 0.0,
                  "Total Cost": 31414.82,
                  "Plan Rows": 328846,
                  "Plan Width": 0,
                  "Actual Startup Time": 49.78,
                  "Actual Total Time": 85.083,
                  "Actual Rows": 181964,
                  "Actual Loops": 4,
                  "Filter": "((company_id < 63494) AND (company_type_id = 2))",
                  "Rows Removed by Filter": 470318
                }
              ]
            }
          ]
        }
      ]
    },
    "Planning Time": 0.189,
    "Triggers": [],
    "Execution Time": 109.495
  }
]