[
  {
    "Plan": {
      "Node Type": "Aggregate",
      "Strategy": "Plain",
      "Partial Mode": "Finalize",
      "Parallel Aware": false,
      "Startup Cost": 33304.63,
      "Total Cost": 33304.64,
      "Plan Rows": 1,
      "Plan Width": 8,
      "Actual Startup Time": 113.252,
      "Actual Total Time": 122.03,
      "Actual Rows": 1,
      "Actual Loops": 1,
      "Plans": [
        {
          "Node Type": "Gather",
          "Parent Relationship": "Outer",
          "Parallel Aware": false,
          "Startup Cost": 33304.31,
          "Total Cost": 33304.62,
          "Plan Rows": 3,
          "Plan Width": 8,
          "Actual Startup Time": 113.105,
          "Actual Total Time": 122.02,
          "Actual Rows": 4,
          "Actual Loops": 1,
          "Workers Planned": 3,
          "Workers Launched": 3,
          "Single Copy": false,
          "Plans": [
            {
              "Node Type": "Aggregate",
              "Strategy": "Plain",
              "Partial Mode": "Partial",
              "Parent Relationship": "Outer",
              "Parallel Aware": false,
              "Startup Cost": 32304.31,
              "Total Cost": 32304.32,
              "Plan Rows": 1,
              "Plan Width": 8,
              "Actual Startup Time": 105.611,
              "Actual Total Time": 105.612,
              "Actual Rows": 1,
              "Actual Loops": 4,
              "Plans": [
                {
                  "Node Type": "Seq Scan",
                  "Parent Relationship": "Outer",
                  "Parallel Aware": true,
                  "Relation Name": "movie_companies",
                  "Alias": "mc",
                  "Startup Cost": 0.0,
                  "Total Cost": 31414.82,
                  "Plan Rows": 355797,
                  "Plan Width": 0,
                  "Actual Startup Time": 0.129,
                  "Actual Total Time": 91.08,
                  "Actual Rows": 248483,
                  "Actual Loops": 4,
                  "Filter": "((company_id > 185) AND (company_type_id < 2))",
                  "Rows Removed by Filter": 403799
                }
              ]
            }
          ]
        }
      ]
    },
    "Planning Time": 0.22,
    "Triggers": [],
    "Execution Time": 122.088
  }
]