{
  "Plan": {
    "Node Type": "Aggregate",
    "Strategy": "Plain",
    "Partial Mode": "Finalize",
    "Parallel Aware": false,
    "Startup Cost": 606340.42,
    "Total Cost": 606340.43,
    "Plan Rows": 1,
    "Plan Width": 8,
    "Actual Startup Time": 2845.038,
    "Actual Total Time": 2913.0,
    "Actual Rows": 1,
    "Actual Loops": 1,
    "Plans": [
      {
        "Node Type": "Gather",
        "Parent Relationship": "Outer",
        "Parallel Aware": false,
        "Startup Cost": 606340.31,
        "Total Cost": 606340.42,
        "Plan Rows": 1,
        "Plan Width": 8,
        "Actual Startup Time": 2843.161,
        "Actual Total Time": 2912.991,
        "Actual Rows": 2,
        "Actual Loops": 1,
        "Workers Planned": 1,
        "Workers Launched": 1,
        "Single Copy": false,
        "Plans": [
          {
            "Node Type": "Aggregate",
            "Strategy": "Plain",
            "Partial Mode": "Partial",
            "Parent Relationship": "Outer",
            "Parallel Aware": false,
            "Startup Cost": 605340.31,
            "Total Cost": 605340.32,
            "Plan Rows": 1,
            "Plan Width": 8,
            "Actual Startup Time": 2837.516,
            "Actual Total Time": 2837.519,
            "Actual Rows": 1,
            "Actual Loops": 2,
            "Plans": [
              {
                "Node Type": "Hash Join",
                "Parent Relationship": "Outer",
                "Parallel Aware": true,
                "Join Type": "Inner",
                "Startup Cost": 63085.06,
                "Total Cost": 600780.55,
                "Plan Rows": 1823904,
                "Plan Width": 0,
                "Actual Startup Time": 232.838,
                "Actual Total Time": 2780.942,
                "Actual Rows": 1348020,
                "Actual Loops": 2,
                "Inner Unique": true,
                "Hash Cond": "(ci.movie_id = t.id)",
                "Plans": [
                  {
                    "Node Type": "Seq Scan",
                    "Parent Relationship": "Outer",
                    "Parallel Aware": true,
                    "Relation Name": "cast_info",
                    "Alias": "ci",
                    "Startup Cost": 0.0,
                    "Total Cost": 519069.44,
                    "Plan Rows": 7095626,
                    "Plan Width": 4,
                    "Actual Startup Time": 0.014,
                    "Actual Total Time": 1331.244,
                    "Actual Rows": 6016738,
                    "Actual Loops": 2,
                    "Filter": "(person_id < 1185573)",
                    "Rows Removed by Filter": 12105434
                  },
                  {
                    "Node Type": "Hash",
                    "Parent Relationship": "Inner",
                    "Parallel Aware": true,
                    "Startup Cost": 58306.47,
                    "Total Cost": 58306.47,
                    "Plan Rows": 382287,
                    "Plan Width": 4,
                    "Actual Startup Time": 223.511,
                    "Actual Total Time": 223.512,
                    "Actual Rows": 278398,
                    "Actual Loops": 2,
                    "Hash Buckets": 1048576,
                    "Original Hash Buckets": 1048576,
                    "Hash Batches": 1,
                    "Original Hash Batches": 1,
                    "Peak Memory Usage": 30016,
                    "Plans": [
                      {
                        "Node Type": "Seq Scan",
                        "Parent Relationship": "Outer",
                        "Parallel Aware": true,
                        "Relation Name": "title",
                        "Alias": "t",
                        "Startup Cost": 0.0,
                        "Total Cost": 58306.47,
                        "Plan Rows": 382287,
                        "Plan Width": 4,
                        "Actual Startup Time": 0.031,
                        "Actual Total Time": 148.629,
                        "Actual Rows": 278398,
                        "Actual Loops": 2,
                        "Filter": "((production_year < 2001) AND (kind_id = 7))",
                        "Rows Removed by Filter": 985758
                      }
                    ]
                  }
                ]
              }
            ]
          }
        ]
      }
    ]
  },
  "Planning Time": 0.69,
  "Triggers": [],
  "Execution Time": 2913.136
}