[
  {
    "Plan": {
      "Node Type": "Aggregate",
      "Strategy": "Plain",
      "Partial Mode": "Finalize",
      "Parallel Aware": false,
      "Startup Cost": 31453.11,
      "Total Cost": 31453.12,
      "Plan Rows": 1,
      "Plan Width": 8,
      "Actual Startup Time": 121.084,
      "Actual Total Time": 131.6,
      "Actual Rows": 1,
      "Actual Loops": 1,
      "Plans": [
        {
          "Node Type": "Gather",
          "Parent Relationship": "Outer",
          "Parallel Aware": false,
          "Startup Cost": 31452.79,
          "Total Cost": 31453.1,
          "Plan Rows": 3,
          "Plan Width": 8,
          "Actual Startup Time": 120.833,
          "Actual Total Time": 131.59,
          "Actual Rows": 4,
          "Actual Loops": 1,
          "Workers Planned": 3,
          "Workers Launched": 3,
          "Single Copy": false,
          "Plans": [
            {
              "Node Type": "Aggregate",
              "Strategy": "Plain",
              "Partial Mode": "Partial",
              "Parent Relationship": "Outer",
              "Parallel Aware": false,
              "Startup Cost": 30452.79,
              "Total Cost": 30452.8,
              "Plan Rows": 1,
              "Plan Width": 8,
              "Actual Startup Time": 112.886,
              "Actual Total Time": 112.887,
              "Actual Rows": 1,
              "Actual Loops": 4,
              "Plans": [
                {
                  "Node Type": "Seq Scan",
                  "Parent Relationship": "Outer",
                  "Parallel Aware": true,
                  "Relation Name": "movie_companies",
                  "Alias": "mc",
                  "Startup Cost": 0.0,
                  "Total Cost": 29310.68,
                  "Plan Rows": 456845,
                  "Plan Width": 0,
                  "Actual Startup Time": 13.467,
                  "Actual Total Time": 92.161,
                  "Actual Rows": 352033,
                  "Actual Loops": 4,
                  "Filter": "(company_id > 10915)",
                  "Rows Removed by Filter": 300249
                }
              ]
            }
          ]
        }
      ]
    },
    "Planning Time": 0.063,
    "Triggers": [],
    "Execution Time": 131.622
  }
]