{
    "Plan": {
        "Node Type": "Aggregate",
        "Strategy": "Plain",
        "Partial Mode": "Simple",
        "Parallel Aware": false,
        "Startup Cost": 10000124608.55,
        "Total Cost": 10000124608.56,
        "Plan Rows": 1,
        "Plan Width": 8,
        "Actual Startup Time": 827.237,
        "Actual Total Time": 827.24,
        "Actual Rows": 1,
        "Actual Loops": 1,
        "Output": [
            "count(*)"
        ],
        "Plans": [
            {
                "Node Type": "Nested Loop",
                "Parent Relationship": "Outer",
                "Parallel Aware": false,
                "Join Type": "Inner",
                "Startup Cost": 10000116025.1,
                "Total Cost": 10000124607.61,
                "Plan Rows": 377,
                "Plan Width": 0,
                "Actual Startup Time": 819.539,
                "Actual Total Time": 827.151,
                "Actual Rows": 1116,
                "Actual Loops": 1,
                "Inner Unique": false,
                "Plans": [
                    {
                        "Node Type": "Hash Join",
                        "Parent Relationship": "Outer",
                        "Parallel Aware": false,
                        "Join Type": "Inner",
                        "Startup Cost": 116024.63,
                        "Total Cost": 121476.21,
                        "Plan Rows": 691,
                        "Plan Width": 8,
                        "Actual Startup Time": 819.461,
                        "Actual Total Time": 821.488,
                        "Actual Rows": 724,
                        "Actual Loops": 1,
                        "Output": [
                            "t.id",
                            "mc.movie_id"
                        ],
                        "Inner Unique": true,
                        "Hash Cond": "(mc.movie_id = t.id)",
                        "Plans": [
                            {
                                "Node Type": "Bitmap Heap Scan",
                                "Parent Relationship": "Outer",
                                "Parallel Aware": false,
                                "Relation Name": "movie_companies",
                                "Schema": "public",
                                "Alias": "mc",
                                "Startup Cost": 42.5,
                                "Total Cost": 5491.61,
                                "Plan Rows": 941,
                                "Plan Width": 4,
                                "Actual Startup Time": 24.669,
                                "Actual Total Time": 26.081,
                                "Actual Rows": 743,
                                "Actual Loops": 1,
                                "Output": [
                                    "mc.id",
                                    "mc.movie_id",
                                    "mc.company_id",
                                    "mc.company_type_id",
                                    "mc.note"
                                ],
                                "Recheck Cond": "(mc.company_id < 6)",
                                "Rows Removed by Index Recheck": 0,
                                "Filter": "(mc.company_type_id > 1)",
                                "Rows Removed by Filter": 3969,
                                "Exact Heap Blocks": 1800,
                                "Lossy Heap Blocks": 0,
                                "Plans": [
                                    {
                                        "Node Type": "Bitmap Index Scan",
                                        "Parent Relationship": "Outer",
                                        "Parallel Aware": false,
                                        "Index Name": "company_id_movie_companies",
                                        "Startup Cost": 0.0,
                                        "Total Cost": 42.27,
                                        "Plan Rows": 1845,
                                        "Plan Width": 0,
                                        "Actual Startup Time": 1.485,
                                        "Actual Total Time": 1.486,
                                        "Actual Rows": 4712,
                                        "Actual Loops": 1,
                                        "Index Cond": "(mc.company_id < 6)"
                                    }
                                ]
                            },
                            {
                                "Node Type": "Hash",
                                "Parent Relationship": "Inner",
                                "Parallel Aware": false,
                                "Startup Cost": 92770.03,
                                "Total Cost": 92770.03,
                                "Plan Rows": 1856968,
                                "Plan Width": 4,
                                "Actual Startup Time": 785.911,
                                "Actual Total Time": 785.912,
                                "Actual Rows": 1865487,
                                "Actual Loops": 1,
                                "Output": [
                                    "t.id"
                                ],
                                "Hash Buckets": 2097152,
                                "Original Hash Buckets": 2097152,
                                "Hash Batches": 1,
                                "Original Hash Batches": 1,
                                "Peak Memory Usage": 81968,
                                "Plans": [
                                    {
                                        "Node Type": "Bitmap Heap Scan",
                                        "Parent Relationship": "Outer",
                                        "Parallel Aware": false,
                                        "Relation Name": "title",
                                        "Schema": "public",
                                        "Alias": "t",
                                        "Startup Cost": 33559.93,
                                        "Total Cost": 92770.03,
                                        "Plan Rows": 1856968,
                                        "Plan Width": 4,
                                        "Actual Startup Time": 65.75,
                                        "Actual Total Time": 399.659,
                                        "Actual Rows": 1865487,
                                        "Actual Loops": 1,
                                        "Output": [
                                            "t.id"
                                        ],
                                        "Recheck Cond": "(t.kind_id > 1)",
                                        "Rows Removed by Index Recheck": 0,
                                        "Exact Heap Blocks": 35995,
                                        "Lossy Heap Blocks": 0,
                                        "Plans": [
                                            {
                                                "Node Type": "Bitmap Index Scan",
                                                "Parent Relationship": "Outer",
                                                "Parallel Aware": false,
                                                "Index Name": "kind_id_title",
                                                "Startup Cost": 0.0,
                                                "Total Cost": 33095.69,
                                                "Plan Rows": 1856968,
                                                "Plan Width": 0,
                                                "Actual Startup Time": 60.822,
                                                "Actual Total Time": 60.822,
                                                "Actual Rows": 1865487,
                                                "Actual Loops": 1,
                                                "Index Cond": "(t.kind_id > 1)"
                                            }
                                        ]
                                    }
                                ]
                            }
                        ]
                    },
                    {
                        "Node Type": "Bitmap Heap Scan",
                        "Parent Relationship": "Inner",
                        "Parallel Aware": false,
                        "Relation Name": "movie_info_idx",
                        "Schema": "public",
                        "Alias": "mi_idx",
                        "Startup Cost": 0.46,
                        "Total Cost": 4.5,
                        "Plan Rows": 3,
                        "Plan Width": 4,
                        "Actual Startup Time": 0.006,
                        "Actual Total Time": 0.006,
                        "Actual Rows": 2,
                        "Actual Loops": 724,
                        "Output": [
                            "mi_idx.id",
                            "mi_idx.movie_id",
                            "mi_idx.info_type_id",
                            "mi_idx.info",
                            "mi_idx.note"
                        ],
                        "Recheck Cond": "(mi_idx.movie_id = t.id)",
                        "Rows Removed by Index Recheck": 0,
                        "Exact Heap Blocks": 373,
                        "Lossy Heap Blocks": 0,
                        "Plans": [
                            {
                                "Node Type": "Bitmap Index Scan",
                                "Parent Relationship": "Outer",
                                "Parallel Aware": false,
                                "Index Name": "movie_id_movie_info_idx",
                                "Startup Cost": 0.0,
                                "Total Cost": 0.46,
                                "Plan Rows": 3,
                                "Plan Width": 0,
                                "Actual Startup Time": 0.004,
                                "Actual Total Time": 0.004,
                                "Actual Rows": 2,
                                "Actual Loops": 724,
                                "Index Cond": "(mi_idx.movie_id = t.id)"
                            }
                        ]
                    }
                ]
            }
        ]
    },
    "Planning Time": 3.598,
    "Triggers": [],
    "Execution Time": 829.49
}