[
  {
    "Plan": {
      "Node Type": "Aggregate",
      "Strategy": "Plain",
      "Partial Mode": "Finalize",
      "Parallel Aware": false,
      "Startup Cost": 80409.68,
      "Total Cost": 80409.69,
      "Plan Rows": 1,
      "Plan Width": 8,
      "Actual Startup Time": 271.069,
      "Actual Total Time": 288.269,
      "Actual Rows": 1,
      "Actual Loops": 1,
      "Plans": [
        {
          "Node Type": "Gather",
          "Parent Relationship": "Outer",
          "Parallel Aware": false,
          "Startup Cost": 80409.36,
          "Total Cost": 80409.67,
          "Plan Rows": 3,
          "Plan Width": 8,
          "Actual Startup Time": 268.823,
          "Actual Total Time": 288.261,
          "Actual Rows": 4,
          "Actual Loops": 1,
          "Workers Planned": 3,
          "Workers Launched": 3,
          "Single Copy": false,
          "Plans": [
            {
              "Node Type": "Aggregate",
              "Strategy": "Plain",
              "Partial Mode": "Partial",
              "Parent Relationship": "Outer",
              "Parallel Aware": false,
              "Startup Cost": 79409.36,
              "Total Cost": 79409.37,
              "Plan Rows": 1,
              "Plan Width": 8,
              "Actual Startup Time": 263.522,
              "Actual Total Time": 263.528,
              "Actual Rows": 1,
              "Actual Loops": 4,
              "Plans": [
                {
                  "Node Type": "Hash Join",
                  "Parent Relationship": "Outer",
                  "Parallel Aware": true,
                  "Join Type": "Inner",
                  "Startup Cost": 47002.46,
                  "Total Cost": 79255.5,
                  "Plan Rows": 61545,
                  "Plan Width": 0,
                  "Actual Startup Time": 166.259,
                  "Actual Total Time": 259.89,
                  "Actual Rows": 81096,
                  "Actual Loops": 4,
                  "Inner Unique": true,
                  "Hash Cond": "(mc.movie_id = t.id)",
                  "Plans": [
                    {
                      "Node Type": "Seq Scan",
                      "Parent Relationship": "Outer",
                      "Parallel Aware": true,
                      "Relation Name": "movie_companies",
                      "Alias": "mc",
                      "Startup Cost": 0.0,
                      "Total Cost": 31414.82,
                      "Plan Rows": 319322,
                      "Plan Width": 4,
                      "Actual Startup Time": 0.012,
                      "Actual Total Time": 73.195,
                      "Actual Rows": 318536,
                      "Actual Loops": 4,
                      "Filter": "((company_id < 70779) AND (company_type_id < 2))",
                      "Rows Removed by Filter": 333746
                    },
                    {
                      "Node Type": "Hash",
                      "Parent Relationship": "Inner",
                      "Parallel Aware": true,
                      "Startup Cost": 45479.59,
                      "Total Cost": 45479.59,
                      "Plan Rows": 121830,
                      "Plan Width": 4,
                      "Actual Startup Time": 131.835,
                      "Actual Total Time": 131.836,
                      "Actual Rows": 89968,
                      "Actual Loops": 4,
                      "Hash Buckets": 524288,
                      "Original Hash Buckets": 524288,
                      "Hash Batches": 1,
                      "Original Hash Batches": 1,
                      "Peak Memory Usage": 18272,
                      "Plans": [
                        {
                          "Node Type": "Seq Scan",
                          "Parent Relationship": "Outer",
                          "Parallel Aware": true,
                          "Relation Name": "title",
                          "Alias": "t",
                          "Startup Cost": 0.0,
                          "Total Cost": 45479.59,
                          "Plan Rows": 121830,
                          "Plan Width": 4,
                          "Actual Startup Time": 42.182,
                          "Actual Total Time": 99.96,
                          "Actual Rows": 89968,
                          "Actual Loops": 4,
                          "Filter": "((production_year > 1985) AND (kind_id = 1))",
                          "Rows Removed by Filter": 542110
                        }
                      ]
                    }
                  ]
                }
              ]
            }
          ]
        }
      ]
    },
    "Planning Time": 0.218,
    "Triggers": [],
    "Execution Time": 288.309
  }
]