[
  {
    "Plan": {
      "Node Type": "Aggregate",
      "Strategy": "Plain",
      "Partial Mode": "Finalize",
      "Parallel Aware": false,
      "Startup Cost": 26480.16,
      "Total Cost": 26480.17,
      "Plan Rows": 1,
      "Plan Width": 8,
      "Actual Startup Time": 67.851,
      "Actual Total Time": 71.997,
      "Actual Rows": 1,
      "Actual Loops": 1,
      "Plans": [
        {
          "Node Type": "Gather",
          "Parent Relationship": "Outer",
          "Parallel Aware": false,
          "Startup Cost": 26479.84,
          "Total Cost": 26480.15,
          "Plan Rows": 3,
          "Plan Width": 8,
          "Actual Startup Time": 67.676,
          "Actual Total Time": 71.991,
          "Actual Rows": 4,
          "Actual Loops": 1,
          "Workers Planned": 3,
          "Workers Launched": 3,
          "Single Copy": false,
          "Plans": [
            {
              "Node Type": "Aggregate",
              "Strategy": "Plain",
              "Partial Mode": "Partial",
              "Parent Relationship": "Outer",
              "Parallel Aware": false,
              "Startup Cost": 25479.84,
              "Total Cost": 25479.85,
              "Plan Rows": 1,
              "Plan Width": 8,
              "Actual Startup Time": 58.707,
              "Actual Total Time": 58.708,
              "Actual Rows": 1,
              "Actual Loops": 4,
              "Plans": [
                {
                  "Node Type": "Bitmap Heap Scan",
                  "Parent Relationship": "Outer",
                  "Parallel Aware": true,
                  "Relation Name": "movie_companies",
                  "Alias": "mc",
                  "Startup Cost": 5379.98,
                  "Total Cost": 25377.64,
                  "Plan Rows": 40878,
                  "Plan Width": 0,
                  "Actual Startup Time": 22.818,
                  "Actual Total Time": 54.224,
                  "Actual Rows": 61789,
                  "Actual Loops": 4,
                  "Recheck Cond": "(company_id > 101634)",
                  "Rows Removed by Index Recheck": 0,
                  "Filter": "(company_type_id > 1)",
                  "Rows Removed by Filter": 0,
                  "Exact Heap Blocks": 2556,
                  "Lossy Heap Blocks": 0,
                  "Plans": [
                    {
                      "Node Type": "Bitmap Index Scan",
                      "Parent Relationship": "Outer",
                      "Parallel Aware": false,
                      "Index Name": "company_id_movie_companies",
                      "Startup Cost": 0.0,
                      "Total Cost": 5348.3,
                      "Plan Rows": 249583,
                      "Plan Width": 0,
                      "Actual Startup Time": 29.982,
                      "Actual Total Time": 29.982,
                      "Actual Rows": 247157,
                      "Actual Loops": 1,
                      "Index Cond": "(company_id > 101634)"
                    }
                  ]
                }
              ]
            }
          ]
        }
      ]
    },
    "Planning Time": 0.189,
    "Triggers": [],
    "Execution Time": 72.066
  }
]