[
  {
    "Plan": {
      "Node Type": "Aggregate",
      "Strategy": "Plain",
      "Partial Mode": "Finalize",
      "Parallel Aware": false,
      "Startup Cost": 40492.06,
      "Total Cost": 40492.07,
      "Plan Rows": 1,
      "Plan Width": 8,
      "Actual Startup Time": 25.229,
      "Actual Total Time": 30.335,
      "Actual Rows": 1,
      "Actual Loops": 1,
      "Plans": [
        {
          "Node Type": "Gather",
          "Parent Relationship": "Outer",
          "Parallel Aware": false,
          "Startup Cost": 40491.85,
          "Total Cost": 40492.06,
          "Plan Rows": 2,
          "Plan Width": 8,
          "Actual Startup Time": 25.118,
          "Actual Total Time": 30.33,
          "Actual Rows": 3,
          "Actual Loops": 1,
          "Workers Planned": 2,
          "Workers Launched": 2,
          "Single Copy": false,
          "Plans": [
            {
              "Node Type": "Aggregate",
              "Strategy": "Plain",
              "Partial Mode": "Partial",
              "Parent Relationship": "Outer",
              "Parallel Aware": false,
              "Startup Cost": 39491.85,
              "Total Cost": 39491.86,
              "Plan Rows": 1,
              "Plan Width": 8,
              "Actual Startup Time": 22.06,
              "Actual Total Time": 22.062,
              "Actual Rows": 1,
              "Actual Loops": 3,
              "Plans": [
                {
                  "Node Type": "Nested Loop",
                  "Parent Relationship": "Outer",
                  "Parallel Aware": false,
                  "Join Type": "Inner",
                  "Startup Cost": 170.8,
                  "Total Cost": 39491.49,
                  "Plan Rows": 141,
                  "Plan Width": 0,
                  "Actual Startup Time": 6.246,
                  "Actual Total Time": 22.041,
                  "Actual Rows": 119,
                  "Actual Loops": 3,
                  "Inner Unique": true,
                  "Plans": [
                    {
                      "Node Type": "Bitmap Heap Scan",
                      "Parent Relationship": "Outer",
                      "Parallel Aware": true,
                      "Relation Name": "movie_keyword",
                      "Alias": "mk",
                      "Startup Cost": 170.37,
                      "Total Cost": 16768.0,
                      "Plan Rows": 3330,
                      "Plan Width": 4,
                      "Actual Startup Time": 1.006,
                      "Actual Total Time": 7.121,
                      "Actual Rows": 1872,
                      "Actual Loops": 3,
                      "Recheck Cond": "(keyword_id = 1603)",
                      "Rows Removed by Index Recheck": 0,
                      "Exact Heap Blocks": 3178,
                      "Lossy Heap Blocks": 0,
                      "Plans": [
                        {
                          "Node Type": "Bitmap Index Scan",
                          "Parent Relationship": "Outer",
                          "Parallel Aware": false,
                          "Index Name": "keyword_id_movie_keyword",
                          "Startup Cost": 0.0,
                          "Total Cost": 168.37,
                          "Plan Rows": 7992,
                          "Plan Width": 0,
                          "Actual Startup Time": 2.069,
                          "Actual Total Time": 2.069,
                          "Actual Rows": 5617,
                          "Actual Loops": 1,
                          "Index Cond": "(keyword_id = 1603)"
                        }
                      ]
                    },
                    {
                      "Node Type": "Index Scan",
                      "Parent Relationship": "Inner",
                      "Parallel Aware": false,
                      "Scan Direction": "Forward",
                      "Index Name": "title_pkey",
                      "Relation Name": "title",
                      "Alias": "t",
                      "Startup Cost": 0.43,
                      "Total Cost": 6.82,
                      "Plan Rows": 1,
                      "Plan Width": 4,
                      "Actual Startup Time": 0.008,
                      "Actual Total Time": 0.008,
                      "Actual Rows": 0,
                      "Actual Loops": 5617,
                      "Index Cond": "(id = mk.movie_id)",
                      "Rows Removed by Index Recheck": 0,
                      "Filter": "((production_year < 2012) AND (kind_id = 4))",
                      "Rows Removed by Filter": 1
                    }
                  ]
                }
              ]
            }
          ]
        }
      ]
    },
    "Planning Time": 0.292,
    "Triggers": [],
    "Execution Time": 30.379
  }
]