[
    {
        "Bao": {
            "Bao prediction": "NaN",
            "Bao recommended hint": "(no hint)"
        }
    },
    {
        "Plan": {
            "Node Type": "Aggregate",
            "Strategy": "Plain",
            "Partial Mode": "Finalize",
            "Parallel Aware": false,
            "Startup Cost": 38472.67,
            "Total Cost": 38472.68,
            "Plan Rows": 1,
            "Plan Width": 8,
            "Actual Startup Time": 130.465,
            "Actual Total Time": 136.496,
            "Actual Rows": 1,
            "Actual Loops": 1,
            "Output": [
                "count(*)"
            ],
            "Plans": [
                {
                    "Node Type": "Gather",
                    "Parent Relationship": "Outer",
                    "Parallel Aware": false,
                    "Startup Cost": 38472.36,
                    "Total Cost": 38472.67,
                    "Plan Rows": 3,
                    "Plan Width": 8,
                    "Actual Startup Time": 130.187,
                    "Actual Total Time": 136.488,
                    "Actual Rows": 4,
                    "Actual Loops": 1,
                    "Output": [
                        "(PARTIAL count(*))"
                    ],
                    "Workers Planned": 3,
                    "Workers Launched": 3,
                    "Single Copy": false,
                    "Plans": [
                        {
                            "Node Type": "Aggregate",
                            "Strategy": "Plain",
                            "Partial Mode": "Partial",
                            "Parent Relationship": "Outer",
                            "Parallel Aware": false,
                            "Startup Cost": 37472.36,
                            "Total Cost": 37472.37,
                            "Plan Rows": 1,
                            "Plan Width": 8,
                            "Actual Startup Time": 121.156,
                            "Actual Total Time": 121.158,
                            "Actual Rows": 1,
                            "Actual Loops": 4,
                            "Output": [
                                "PARTIAL count(*)"
                            ],
                            "Workers": [
                                {
                                    "Worker Number": 0,
                                    "Actual Startup Time": 118.167,
                                    "Actual Total Time": 118.169,
                                    "Actual Rows": 1,
                                    "Actual Loops": 1
                                },
                                {
                                    "Worker Number": 1,
                                    "Actual Startup Time": 118.17,
                                    "Actual Total Time": 118.172,
                                    "Actual Rows": 1,
                                    "Actual Loops": 1
                                },
                                {
                                    "Worker Number": 2,
                                    "Actual Startup Time": 118.748,
                                    "Actual Total Time": 118.749,
                                    "Actual Rows": 1,
                                    "Actual Loops": 1
                                }
                            ],
                            "Plans": [
                                {
                                    "Node Type": "Bitmap Heap Scan",
                                    "Parent Relationship": "Outer",
                                    "Parallel Aware": true,
                                    "Relation Name": "movie_keyword",
                                    "Schema": "public",
                                    "Alias": "mk",
                                    "Startup Cost": 10600.7,
                                    "Total Cost": 37069.41,
                                    "Plan Rows": 161177,
                                    "Plan Width": 0,
                                    "Actual Startup Time": 44.953,
                                    "Actual Total Time": 114.02,
                                    "Actual Rows": 122730,
                                    "Actual Loops": 4,
                                    "Recheck Cond": "(mk.keyword_id > 36664)",
                                    "Rows Removed by Index Recheck": 0,
                                    "Exact Heap Blocks": 10569,
                                    "Lossy Heap Blocks": 0,
                                    "Workers": [
                                        {
                                            "Worker Number": 0,
                                            "Actual Startup Time": 42.067,
                                            "Actual Total Time": 111.458,
                                            "Actual Rows": 73141,
                                            "Actual Loops": 1
                                        },
                                        {
                                            "Worker Number": 1,
                                            "Actual Startup Time": 42.147,
                                            "Actual Total Time": 111.677,
                                            "Actual Rows": 97938,
                                            "Actual Loops": 1
                                        },
                                        {
                                            "Worker Number": 2,
                                            "Actual Startup Time": 42.636,
                                            "Actual Total Time": 112.548,
                                            "Actual Rows": 94786,
                                            "Actual Loops": 1
                                        }
                                    ],
                                    "Plans": [
                                        {
                                            "Node Type": "Bitmap Index Scan",
                                            "Parent Relationship": "Outer",
                                            "Parallel Aware": false,
                                            "Index Name": "keyword_id_movie_keyword",
                                            "Startup Cost": 0.0,
                                            "Total Cost": 10475.79,
                                            "Plan Rows": 499648,
                                            "Plan Width": 0,
                                            "Actual Startup Time": 49.623,
                                            "Actual Total Time": 49.624,
                                            "Actual Rows": 490922,
                                            "Actual Loops": 1,
                                            "Index Cond": "(mk.keyword_id > 36664)"
                                        }
                                    ]
                                }
                            ]
                        }
                    ]
                }
            ]
        },
        "Planning Time": 175.845,
        "Triggers": [],
        "Execution Time": 136.601
    }
]