[
  {
    "Plan": {
      "Node Type": "Aggregate",
      "Strategy": "Plain",
      "Partial Mode": "Finalize",
      "Parallel Aware": false,
      "Startup Cost": 132386.79,
      "Total Cost": 132386.8,
      "Plan Rows": 1,
      "Plan Width": 8,
      "Actual Startup Time": 775.694,
      "Actual Total Time": 798.255,
      "Actual Rows": 1,
      "Actual Loops": 1,
      "Plans": [
        {
          "Node Type": "Gather",
          "Parent Relationship": "Outer",
          "Parallel Aware": false,
          "Startup Cost": 132386.48,
          "Total Cost": 132386.79,
          "Plan Rows": 3,
          "Plan Width": 8,
          "Actual Startup Time": 762.491,
          "Actual Total Time": 798.246,
          "Actual Rows": 4,
          "Actual Loops": 1,
          "Workers Planned": 3,
          "Workers Launched": 3,
          "Single Copy": false,
          "Plans": [
            {
              "Node Type": "Aggregate",
              "Strategy": "Plain",
              "Partial Mode": "Partial",
              "Parent Relationship": "Outer",
              "Parallel Aware": false,
              "Startup Cost": 131386.48,
              "Total Cost": 131386.49,
              "Plan Rows": 1,
              "Plan Width": 8,
              "Actual Startup Time": 753.359,
              "Actual Total Time": 753.762,
              "Actual Rows": 1,
              "Actual Loops": 4,
              "Plans": [
                {
                  "Node Type": "Hash Join",
                  "Parent Relationship": "Outer",
                  "Parallel Aware": true,
                  "Join Type": "Inner",
                  "Startup Cost": 97611.49,
                  "Total Cost": 131007.66,
                  "Plan Rows": 151526,
                  "Plan Width": 0,
                  "Actual Startup Time": 609.435,
                  "Actual Total Time": 737.671,
                  "Actual Rows": 416501,
                  "Actual Loops": 4,
                  "Inner Unique": false,
                  "Hash Cond": "(mc.movie_id = t.id)",
                  "Plans": [
                    {
                      "Node Type": "Seq Scan",
                      "Parent Relationship": "Outer",
                      "Parallel Aware": true,
                      "Relation Name": "movie_companies",
                      "Alias": "mc",
                      "Startup Cost": 0.0,
                      "Total Cost": 31414.82,
                      "Plan Rows": 398017,
                      "Plan Width": 4,
                      "Actual Startup Time": 30.871,
                      "Actual Total Time": 68.388,
                      "Actual Rows": 324139,
                      "Actual Loops": 4,
                      "Filter": "((company_id > 36) AND (company_type_id = 2))",
                      "Rows Removed by Filter": 328143
                    },
                    {
                      "Node Type": "Hash",
                      "Parent Relationship": "Inner",
                      "Parallel Aware": true,
                      "Startup Cost": 93730.34,
                      "Total Cost": 93730.34,
                      "Plan Rows": 310492,
                      "Plan Width": 8,
                      "Actual Startup Time": 573.274,
                      "Actual Total Time": 573.673,
                      "Actual Rows": 241554,
                      "Actual Loops": 4,
                      "Hash Buckets": 1048576,
                      "Original Hash Buckets": 1048576,
                      "Hash Batches": 1,
                      "Original Hash Batches": 1,
                      "Peak Memory Usage": 46048,
                      "Plans": [
                        {
                          "Node Type": "Hash Join",
                          "Parent Relationship": "Outer",
                          "Parallel Aware": true,
                          "Join Type": "Inner",
                          "Startup Cost": 50219.64,
                          "Total Cost": 93730.34,
                          "Plan Rows": 310492,
                          "Plan Width": 8,
                          "Actual Startup Time": 341.67,
                          "Actual Total Time": 505.794,
                          "Actual Rows": 241554,
                          "Actual Loops": 4,
                          "Inner Unique": true,
                          "Hash Cond": "(mk.movie_id = t.id)",
                          "Plans": [
                            {
                              "Node Type": "Seq Scan",
                              "Parent Relationship": "Outer",
                              "Parallel Aware": true,
                              "Relation Name": "movie_keyword",
                              "Alias": "mk",
                              "Startup Cost": 0.0,
                              "Total Cost": 42695.65,
                              "Plan Rows": 310492,
                              "Plan Width": 4,
                              "Actual Startup Time": 0.035,
                              "Actual Total Time": 92.88,
                              "Actual Rows": 241554,
                              "Actual Loops": 4,
                              "Filter": "(keyword_id < 910)",
                              "Rows Removed by Filter": 889429
                            },
                            {
                              "Node Type": "Hash",
                              "Parent Relationship": "Inner",
                              "Parallel Aware": true,
                              "Startup Cost": 42318.73,
                              "Total Cost": 42318.73,
                              "Plan Rows": 632073,
                              "Plan Width": 4,
                              "Actual Startup Time": 333.887,
                              "Actual Total Time": 333.888,
                              "Actual Rows": 632078,
                              "Actual Loops": 4,
                              "Hash Buckets": 4194304,
                              "Original Hash Buckets": 4194304,
                              "Hash Batches": 1,
                              "Original Hash Batches": 1,
                              "Peak Memory Usage": 131744,
                              "Plans": [
                                {
                                  "Node Type": "Seq Scan",
                                  "Parent Relationship": "Outer",
                                  "Parallel Aware": true,
                                  "Relation Name": "title",
                                  "Alias": "t",
                                  "Startup Cost": 0.0,
                                  "Total Cost": 42318.73,
                                  "Plan Rows": 632073,
                                  "Plan Width": 4,
                                  "Actual Startup Time": 0.036,
                                  "Actual Total Time": 95.187,
                                  "Actual Rows": 632078,
                                  "Actual Loops": 4
                                }
                              ]
                            }
                          ]
                        }
                      ]
                    }
                  ]
                }
              ]
            }
          ]
        }
      ]
    },
    "Planning Time": 1.464,
    "Triggers": [],
    "Execution Time": 798.334
  }
]