[
  {
    "Plan": {
      "Node Type": "Aggregate",
      "Strategy": "Plain",
      "Partial Mode": "Finalize",
      "Parallel Aware": false,
      "Startup Cost": 45234.19,
      "Total Cost": 45234.2,
      "Plan Rows": 1,
      "Plan Width": 8,
      "Actual Startup Time": 203.248,
      "Actual Total Time": 216.587,
      "Actual Rows": 1,
      "Actual Loops": 1,
      "Plans": [
        {
          "Node Type": "Gather",
          "Parent Relationship": "Outer",
          "Parallel Aware": false,
          "Startup Cost": 45233.88,
          "Total Cost": 45234.19,
          "Plan Rows": 3,
          "Plan Width": 8,
          "Actual Startup Time": 203.003,
          "Actual Total Time": 216.574,
          "Actual Rows": 4,
          "Actual Loops": 1,
          "Workers Planned": 3,
          "Workers Launched": 3,
          "Single Copy": false,
          "Plans": [
            {
              "Node Type": "Aggregate",
              "Strategy": "Plain",
              "Partial Mode": "Partial",
              "Parent Relationship": "Outer",
              "Parallel Aware": false,
              "Startup Cost": 44233.88,
              "Total Cost": 44233.89,
              "Plan Rows": 1,
              "Plan Width": 8,
              "Actual Startup Time": 195.319,
              "Actual Total Time": 195.321,
              "Actual Rows": 1,
              "Actual Loops": 4,
              "Plans": [
                {
                  "Node Type": "Seq Scan",
                  "Parent Relationship": "Outer",
                  "Parallel Aware": true,
                  "Relation Name": "movie_keyword",
                  "Alias": "mk",
                  "Startup Cost": 0.0,
                  "Total Cost": 42695.65,
                  "Plan Rows": 615289,
                  "Plan Width": 0,
                  "Actual Startup Time": 0.053,
                  "Actual Total Time": 162.682,
                  "Actual Rows": 477295,
                  "Actual Loops": 4,
                  "Filter": "(keyword_id < 3284)",
                  "Rows Removed by Filter": 653687
                }
              ]
            }
          ]
        }
      ]
    },
    "Planning Time": 0.184,
    "Triggers": [],
    "Execution Time": 216.647
  }
]