[
    {
        "Bao": {
            "Bao prediction": "NaN",
            "Bao recommended hint": "(no hint)"
        }
    },
    {
        "Plan": {
            "Node Type": "Aggregate",
            "Strategy": "Plain",
            "Partial Mode": "Finalize",
            "Parallel Aware": false,
            "Startup Cost": 332741.5,
            "Total Cost": 332741.51,
            "Plan Rows": 1,
            "Plan Width": 8,
            "Actual Startup Time": 696.197,
            "Actual Total Time": 726.567,
            "Actual Rows": 1,
            "Actual Loops": 1,
            "Output": [
                "count(*)"
            ],
            "Plans": [
                {
                    "Node Type": "Gather",
                    "Parent Relationship": "Outer",
                    "Parallel Aware": false,
                    "Startup Cost": 332740.88,
                    "Total Cost": 332741.49,
                    "Plan Rows": 6,
                    "Plan Width": 8,
                    "Actual Startup Time": 696.091,
                    "Actual Total Time": 726.56,
                    "Actual Rows": 7,
                    "Actual Loops": 1,
                    "Output": [
                        "(PARTIAL count(*))"
                    ],
                    "Workers Planned": 6,
                    "Workers Launched": 6,
                    "Single Copy": false,
                    "Plans": [
                        {
                            "Node Type": "Aggregate",
                            "Strategy": "Plain",
                            "Partial Mode": "Partial",
                            "Parent Relationship": "Outer",
                            "Parallel Aware": false,
                            "Startup Cost": 331740.88,
                            "Total Cost": 331740.89,
                            "Plan Rows": 1,
                            "Plan Width": 8,
                            "Actual Startup Time": 686.029,
                            "Actual Total Time": 686.03,
                            "Actual Rows": 1,
                            "Actual Loops": 7,
                            "Output": [
                                "PARTIAL count(*)"
                            ],
                            "Workers": [
                                {
                                    "Worker Number": 0,
                                    "Actual Startup Time": 683.587,
                                    "Actual Total Time": 683.589,
                                    "Actual Rows": 1,
                                    "Actual Loops": 1
                                },
                                {
                                    "Worker Number": 1,
                                    "Actual Startup Time": 683.901,
                                    "Actual Total Time": 683.902,
                                    "Actual Rows": 1,
                                    "Actual Loops": 1
                                },
                                {
                                    "Worker Number": 2,
                                    "Actual Startup Time": 683.957,
                                    "Actual Total Time": 683.958,
                                    "Actual Rows": 1,
                                    "Actual Loops": 1
                                },
                                {
                                    "Worker Number": 3,
                                    "Actual Startup Time": 684.797,
                                    "Actual Total Time": 684.798,
                                    "Actual Rows": 1,
                                    "Actual Loops": 1
                                },
                                {
                                    "Worker Number": 4,
                                    "Actual Startup Time": 685.094,
                                    "Actual Total Time": 685.094,
                                    "Actual Rows": 1,
                                    "Actual Loops": 1
                                },
                                {
                                    "Worker Number": 5,
                                    "Actual Startup Time": 685.455,
                                    "Actual Total Time": 685.456,
                                    "Actual Rows": 1,
                                    "Actual Loops": 1
                                }
                            ],
                            "Plans": [
                                {
                                    "Node Type": "Seq Scan",
                                    "Parent Relationship": "Outer",
                                    "Parallel Aware": true,
                                    "Relation Name": "cast_info",
                                    "Schema": "public",
                                    "Alias": "ci",
                                    "Startup Cost": 0.0,
                                    "Total Cost": 328213.62,
                                    "Plan Rows": 1410904,
                                    "Plan Width": 0,
                                    "Actual Startup Time": 350.661,
                                    "Actual Total Time": 619.336,
                                    "Actual Rows": 1205301,
                                    "Actual Loops": 7,
                                    "Output": [
                                        "id",
                                        "person_id",
                                        "movie_id",
                                        "person_role_id",
                                        "note",
                                        "nr_order",
                                        "role_id"
                                    ],
                                    "Filter": "(ci.person_id > 2841740)",
                                    "Rows Removed by Filter": 3972462,
                                    "Workers": [
                                        {
                                            "Worker Number": 0,
                                            "Actual Startup Time": 348.226,
                                            "Actual Total Time": 618.528,
                                            "Actual Rows": 978561,
                                            "Actual Loops": 1
                                        },
                                        {
                                            "Worker Number": 1,
                                            "Actual Startup Time": 348.548,
                                            "Actual Total Time": 619.447,
                                            "Actual Rows": 972790,
                                            "Actual Loops": 1
                                        },
                                        {
                                            "Worker Number": 2,
                                            "Actual Startup Time": 348.567,
                                            "Actual Total Time": 619.062,
                                            "Actual Rows": 972692,
                                            "Actual Loops": 1
                                        },
                                        {
                                            "Worker Number": 3,
                                            "Actual Startup Time": 349.423,
                                            "Actual Total Time": 619.825,
                                            "Actual Rows": 976330,
                                            "Actual Loops": 1
                                        },
                                        {
                                            "Worker Number": 4,
                                            "Actual Startup Time": 349.729,
                                            "Actual Total Time": 621.01,
                                            "Actual Rows": 1573606,
                                            "Actual Loops": 1
                                        },
                                        {
                                            "Worker Number": 5,
                                            "Actual Startup Time": 350.094,
                                            "Actual Total Time": 620.027,
                                            "Actual Rows": 982587,
                                            "Actual Loops": 1
                                        }
                                    ]
                                }
                            ]
                        }
                    ]
                }
            ]
        },
        "Planning Time": 202.371,
        "Triggers": [],
        "Execution Time": 726.637
    }
]