{
  "Plan": {
    "Node Type": "Aggregate",
    "Strategy": "Plain",
    "Partial Mode": "Finalize",
    "Parallel Aware": false,
    "Startup Cost": 646101.48,
    "Total Cost": 646101.49,
    "Plan Rows": 1,
    "Plan Width": 8,
    "Actual Startup Time": 3595.652,
    "Actual Total Time": 3653.324,
    "Actual Rows": 1,
    "Actual Loops": 1,
    "Plans": [
      {
        "Node Type": "Gather",
        "Parent Relationship": "Outer",
        "Parallel Aware": false,
        "Startup Cost": 646101.37,
        "Total Cost": 646101.48,
        "Plan Rows": 1,
        "Plan Width": 8,
        "Actual Startup Time": 3591.44,
        "Actual Total Time": 3653.315,
        "Actual Rows": 2,
        "Actual Loops": 1,
        "Workers Planned": 1,
        "Workers Launched": 1,
        "Single Copy": false,
        "Plans": [
          {
            "Node Type": "Aggregate",
            "Strategy": "Plain",
            "Partial Mode": "Partial",
            "Parent Relationship": "Outer",
            "Parallel Aware": false,
            "Startup Cost": 645101.37,
            "Total Cost": 645101.38,
            "Plan Rows": 1,
            "Plan Width": 8,
            "Actual Startup Time": 3578.697,
            "Actual Total Time": 3578.703,
            "Actual Rows": 1,
            "Actual Loops": 2,
            "Plans": [
              {
                "Node Type": "Hash Join",
                "Parent Relationship": "Outer",
                "Parallel Aware": true,
                "Join Type": "Inner",
                "Startup Cost": 97479.84,
                "Total Cost": 644530.57,
                "Plan Rows": 228321,
                "Plan Width": 0,
                "Actual Startup Time": 611.356,
                "Actual Total Time": 3561.658,
                "Actual Rows": 334348,
                "Actual Loops": 2,
                "Inner Unique": false,
                "Hash Cond": "(ci.movie_id = t.id)",
                "Plans": [
                  {
                    "Node Type": "Seq Scan",
                    "Parent Relationship": "Outer",
                    "Parallel Aware": true,
                    "Relation Name": "cast_info",
                    "Alias": "ci",
                    "Startup Cost": 0.0,
                    "Total Cost": 465792.95,
                    "Plan Rows": 21310595,
                    "Plan Width": 4,
                    "Actual Startup Time": 0.021,
                    "Actual Total Time": 1388.745,
                    "Actual Rows": 18122172,
                    "Actual Loops": 2
                  },
                  {
                    "Node Type": "Hash",
                    "Parent Relationship": "Inner",
                    "Parallel Aware": true,
                    "Startup Cost": 97280.66,
                    "Total Cost": 97280.66,
                    "Plan Rows": 15934,
                    "Plan Width": 8,
                    "Actual Startup Time": 610.199,
                    "Actual Total Time": 610.204,
                    "Actual Rows": 8468,
                    "Actual Loops": 2,
                    "Hash Buckets": 32768,
                    "Original Hash Buckets": 32768,
                    "Hash Batches": 1,
                    "Original Hash Batches": 1,
                    "Peak Memory Usage": 960,
                    "Plans": [
                      {
                        "Node Type": "Hash Join",
                        "Parent Relationship": "Outer",
                        "Parallel Aware": true,
                        "Join Type": "Inner",
                        "Startup Cost": 71239.25,
                        "Total Cost": 97280.66,
                        "Plan Rows": 15934,
                        "Plan Width": 8,
                        "Actual Startup Time": 570.586,
                        "Actual Total Time": 606.992,
                        "Actual Rows": 8468,
                        "Actual Loops": 2,
                        "Inner Unique": true,
                        "Hash Cond": "(mk.movie_id = t.id)",
                        "Plans": [
                          {
                            "Node Type": "Bitmap Heap Scan",
                            "Parent Relationship": "Outer",
                            "Parallel Aware": true,
                            "Relation Name": "movie_keyword",
                            "Alias": "mk",
                            "Startup Cost": 672.69,
                            "Total Cost": 26665.43,
                            "Plan Rows": 18539,
                            "Plan Width": 4,
                            "Actual Startup Time": 4.002,
                            "Actual Total Time": 28.909,
                            "Actual Rows": 14720,
                            "Actual Loops": 2,
                            "Recheck Cond": "(keyword_id = 359)",
                            "Rows Removed by Index Recheck": 0,
                            "Exact Heap Blocks": 8159,
                            "Lossy Heap Blocks": 0,
                            "Plans": [
                              {
                                "Node Type": "Bitmap Index Scan",
                                "Parent Relationship": "Outer",
                                "Parallel Aware": false,
                                "Index Name": "keyword_id_movie_keyword",
                                "Startup Cost": 0.0,
                                "Total Cost": 664.81,
                                "Plan Rows": 31517,
                                "Plan Width": 0,
                                "Actual Startup Time": 2.265,
                                "Actual Total Time": 2.265,
                                "Actual Rows": 29440,
                                "Actual Loops": 1,
                                "Index Cond": "(keyword_id = 359)"
                              }
                            ]
                          },
                          {
                            "Node Type": "Hash",
                            "Parent Relationship": "Inner",
                            "Parallel Aware": true,
                            "Startup Cost": 54588.39,
                            "Total Cost": 54588.39,
                            "Plan Rows": 1278254,
                            "Plan Width": 4,
                            "Actual Startup Time": 546.109,
                            "Actual Total Time": 546.11,
                            "Actual Rows": 1079874,
                            "Actual Loops": 2,
                            "Hash Buckets": 4194304,
                            "Original Hash Buckets": 4194304,
                            "Hash Batches": 1,
                            "Original Hash Batches": 1,
                            "Peak Memory Usage": 117312,
                            "Plans": [
                              {
                                "Node Type": "Seq Scan",
                                "Parent Relationship": "Outer",
                                "Parallel Aware": true,
                                "Relation Name": "title",
                                "Alias": "t",
                                "Startup Cost": 0.0,
                                "Total Cost": 54588.39,
                                "Plan Rows": 1278254,
                                "Plan Width": 4,
                                "Actual Startup Time": 0.036,
                                "Actual Total Time": 193.385,
                                "Actual Rows": 1079874,
                                "Actual Loops": 2,
                                "Filter": "(production_year > 1964)",
                                "Rows Removed by Filter": 184282
                              }
                            ]
                          }
                        ]
                      }
                    ]
                  }
                ]
              }
            ]
          }
        ]
      }
    ]
  },
  "Planning Time": 1.035,
  "Triggers": [],
  "Execution Time": 3653.429
}