[
  {
    "Bao": {
      "Bao prediction": 825.871,
      "Bao recommended hint": "SET enable_mergejoin TO off; "
    }
  },
  {
    "Plan": {
      "Node Type": "Aggregate",
      "Strategy": "Plain",
      "Partial Mode": "Finalize",
      "Parallel Aware": false,
      "Startup Cost": 26998.11,
      "Total Cost": 26998.12,
      "Plan Rows": 1,
      "Plan Width": 96,
      "Actual Startup Time": 3536.587,
      "Actual Total Time": 3695.269,
      "Actual Rows": 1,
      "Actual Loops": 1,
      "Plans": [
        {
          "Node Type": "Gather",
          "Parent Relationship": "Outer",
          "Parallel Aware": false,
          "Startup Cost": 26997.88,
          "Total Cost": 26998.09,
          "Plan Rows": 2,
          "Plan Width": 96,
          "Actual Startup Time": 3536.245,
          "Actual Total Time": 3695.255,
          "Actual Rows": 3,
          "Actual Loops": 1,
          "Workers Planned": 2,
          "Workers Launched": 2,
          "Single Copy": false,
          "Plans": [
            {
              "Node Type": "Aggregate",
              "Strategy": "Plain",
              "Partial Mode": "Partial",
              "Parent Relationship": "Outer",
              "Parallel Aware": false,
              "Startup Cost": 25997.88,
              "Total Cost": 25997.89,
              "Plan Rows": 1,
              "Plan Width": 96,
              "Actual Startup Time": 3526.588,
              "Actual Total Time": 3526.594,
              "Actual Rows": 1,
              "Actual Loops": 3,
              "Plans": [
                {
                  "Node Type": "Nested Loop",
                  "Parent Relationship": "Outer",
                  "Parallel Aware": false,
                  "Join Type": "Inner",
                  "Startup Cost": 6.71,
                  "Total Cost": 25997.81,
                  "Plan Rows": 10,
                  "Plan Width": 66,
                  "Actual Startup Time": 33.848,
                  "Actual Total Time": 3523.842,
                  "Actual Rows": 9358,
                  "Actual Loops": 3,
                  "Inner Unique": true,
                  "Plans": [
                    {
                      "Node Type": "Nested Loop",
                      "Parent Relationship": "Outer",
                      "Parallel Aware": false,
                      "Join Type": "Inner",
                      "Startup Cost": 6.28,
                      "Total Cost": 25981.89,
                      "Plan Rows": 23,
                      "Plan Width": 70,
                      "Actual Startup Time": 20.211,
                      "Actual Total Time": 3395.374,
                      "Actual Rows": 18052,
                      "Actual Loops": 3,
                      "Inner Unique": false,
                      "Plans": [
                        {
                          "Node Type": "Nested Loop",
                          "Parent Relationship": "Outer",
                          "Parallel Aware": false,
                          "Join Type": "Inner",
                          "Startup Cost": 5.72,
                          "Total Cost": 25942.77,
                          "Plan Rows": 19,
                          "Plan Width": 78,
                          "Actual Startup Time": 1.544,
                          "Actual Total Time": 1753.307,
                          "Actual Rows": 34172,
                          "Actual Loops": 3,
                          "Inner Unique": true,
                          "Join Filter": "(mi.movie_id = t.id)",
                          "Rows Removed by Join Filter": 0,
                          "Plans": [
                            {
                              "Node Type": "Hash Join",
                              "Parent Relationship": "Outer",
                              "Parallel Aware": false,
                              "Join Type": "Inner",
                              "Startup Cost": 5.29,
                              "Total Cost": 25931.55,
                              "Plan Rows": 19,
                              "Plan Width": 57,
                              "Actual Startup Time": 1.4,
                              "Actual Total Time": 1617.98,
                              "Actual Rows": 34172,
                              "Actual Loops": 3,
                              "Inner Unique": true,
                              "Hash Cond": "(mi.info_type_id = it1.id)",
                              "Plans": [
                                {
                                  "Node Type": "Nested Loop",
                                  "Parent Relationship": "Outer",
                                  "Parallel Aware": false,
                                  "Join Type": "Inner",
                                  "Startup Cost": 2.86,
                                  "Total Cost": 25923.31,
                                  "Plan Rows": 2135,
                                  "Plan Width": 61,
                                  "Actual Startup Time": 0.997,
                                  "Actual Total Time": 1607.263,
                                  "Actual Rows": 34964,
                                  "Actual Loops": 3,
                                  "Inner Unique": false,
                                  "Plans": [
                                    {
                                      "Node Type": "Hash Join",
                                      "Parent Relationship": "Outer",
                                      "Parallel Aware": false,
                                      "Join Type": "Inner",
                                      "Startup Cost": 2.43,
                                      "Total Cost": 15253.6,
                                      "Plan Rows": 5089,
                                      "Plan Width": 10,
                                      "Actual Startup Time": 0.186,
                                      "Actual Total Time": 107.333,
                                      "Actual Rows": 153308,
                                      "Actual Loops": 3,
                                      "Inner Unique": true,
                                      "Hash Cond": "(mi_idx.info_type_id = it2.id)",
                                      "Plans": [
                                        {
                                          "Node Type": "Seq Scan",
                                          "Parent Relationship": "Outer",
                                          "Parallel Aware": true,
                                          "Relation Name": "movie_info_idx",
                                          "Alias": "mi_idx",
                                          "Startup Cost": 0.0,
                                          "Total Cost": 13685.15,
                                          "Plan Rows": 575015,
                                          "Plan Width": 14,
                                          "Actual Startup Time": 0.072,
                                          "Actual Total Time": 44.557,
                                          "Actual Rows": 460012,
                                          "Actual Loops": 3
                                        },
                                        {
                                          "Node Type": "Hash",
                                          "Parent Relationship": "Inner",
                                          "Parallel Aware": false,
                                          "Startup Cost": 2.41,
                                          "Total Cost": 2.41,
                                          "Plan Rows": 1,
                                          "Plan Width": 4,
                                          "Actual Startup Time": 0.05,
                                          "Actual Total Time": 0.051,
                                          "Actual Rows": 1,
                                          "Actual Loops": 3,
                                          "Hash Buckets": 1024,
                                          "Original Hash Buckets": 1024,
                                          "Hash Batches": 1,
                                          "Original Hash Batches": 1,
                                          "Peak Memory Usage": 9,
                                          "Plans": [
                                            {
                                              "Node Type": "Seq Scan",
                                              "Parent Relationship": "Outer",
                                              "Parallel Aware": false,
                                              "Relation Name": "info_type",
                                              "Alias": "it2",
                                              "Startup Cost": 0.0,
                                              "Total Cost": 2.41,
                                              "Plan Rows": 1,
                                              "Plan Width": 4,
                                              "Actual Startup Time": 0.027,
                                              "Actual Total Time": 0.031,
                                              "Actual Rows": 1,
                                              "Actual Loops": 3,
                                              "Filter": "((info)::text = 'votes'::text)",
                                              "Rows Removed by Filter": 112
                                            }
                                          ]
                                        }
                                      ]
                                    },
                                    {
                                      "Node Type": "Index Scan",
                                      "Parent Relationship": "Inner",
                                      "Parallel Aware": false,
                                      "Scan Direction": "Forward",
                                      "Index Name": "movie_id_movie_info",
                                      "Relation Name": "movie_info",
                                      "Alias": "mi",
                                      "Startup Cost": 0.43,
                                      "Total Cost": 2.09,
                                      "Plan Rows": 1,
                                      "Plan Width": 51,
                                      "Actual Startup Time": 0.009,
                                      "Actual Total Time": 0.01,
                                      "Actual Rows": 0,
                                      "Actual Loops": 459925,
                                      "Index Cond": "(movie_id = mi_idx.movie_id)",
                                      "Rows Removed by Index Recheck": 0,
                                      "Filter": "(info = ANY ('{Horror,Action,Sci-Fi,Thriller,Crime,War}'::text[]))",
                                      "Rows Removed by Filter": 15
                                    }
                                  ]
                                },
                                {
                                  "Node Type": "Hash",
                                  "Parent Relationship": "Inner",
                                  "Parallel Aware": false,
                                  "Startup Cost": 2.41,
                                  "Total Cost": 2.41,
                                  "Plan Rows": 1,
                                  "Plan Width": 4,
                                  "Actual Startup Time": 0.09,
                                  "Actual Total Time": 0.09,
                                  "Actual Rows": 1,
                                  "Actual Loops": 3,
                                  "Hash Buckets": 1024,
                                  "Original Hash Buckets": 1024,
                                  "Hash Batches": 1,
                                  "Original Hash Batches": 1,
                                  "Peak Memory Usage": 9,
                                  "Plans": [
                                    {
                                      "Node Type": "Seq Scan",
                                      "Parent Relationship": "Outer",
                                      "Parallel Aware": false,
                                      "Relation Name": "info_type",
                                      "Alias": "it1",
                                      "Startup Cost": 0.0,
                                      "Total Cost": 2.41,
                                      "Plan Rows": 1,
                                      "Plan Width": 4,
                                      "Actual Startup Time": 0.052,
                                      "Actual Total Time": 0.07,
                                      "Actual Rows": 1,
                                      "Actual Loops": 3,
                                      "Filter": "((info)::text = 'genres'::text)",
                                      "Rows Removed by Filter": 112
                                    }
                                  ]
                                }
                              ]
                            },
                            {
                              "Node Type": "Index Scan",
                              "Parent Relationship": "Inner",
                              "Parallel Aware": false,
                              "Scan Direction": "Forward",
                              "Index Name": "title_pkey",
                              "Relation Name": "title",
                              "Alias": "t",
                              "Startup Cost": 0.43,
                              "Total Cost": 0.58,
                              "Plan Rows": 1,
                              "Plan Width": 21,
                              "Actual Startup Time": 0.003,
                              "Actual Total Time": 0.003,
                              "Actual Rows": 1,
                              "Actual Loops": 102516,
                              "Index Cond": "(id = mi_idx.movie_id)",
                              "Rows Removed by Index Recheck": 0
                            }
                          ]
                        },
                        {
                          "Node Type": "Index Scan",
                          "Parent Relationship": "Inner",
                          "Parallel Aware": false,
                          "Scan Direction": "Forward",
                          "Index Name": "movie_id_cast_info",
                          "Relation Name": "cast_info",
                          "Alias": "ci",
                          "Startup Cost": 0.56,
                          "Total Cost": 2.05,
                          "Plan Rows": 1,
                          "Plan Width": 8,
                          "Actual Startup Time": 0.041,
                          "Actual Total Time": 0.048,
                          "Actual Rows": 1,
                          "Actual Loops": 102516,
                          "Index Cond": "(movie_id = t.id)",
                          "Rows Removed by Index Recheck": 0,
                          "Filter": "(note = ANY ('{(writer),\"(head writer)\",\"(written by)\",(story),\"(story editor)\"}'::text[]))",
                          "Rows Removed by Filter": 39
                        }
                      ]
                    },
                    {
                      "Node Type": "Index Scan",
                      "Parent Relationship": "Inner",
                      "Parallel Aware": false,
                      "Scan Direction": "Forward",
                      "Index Name": "name_pkey",
                      "Relation Name": "name",
                      "Alias": "n",
                      "Startup Cost": 0.43,
                      "Total Cost": 0.69,
                      "Plan Rows": 1,
                      "Plan Width": 4,
                      "Actual Startup Time": 0.007,
                      "Actual Total Time": 0.007,
                      "Actual Rows": 1,
                      "Actual Loops": 54155,
                      "Index Cond": "(id = ci.person_id)",
                      "Rows Removed by Index Recheck": 0,
                      "Filter": "((gender)::text = 'm'::text)",
                      "Rows Removed by Filter": 0
                    }
                  ]
                }
              ]
            }
          ]
        }
      ]
    },
    "Planning Time": 297.872,
    "Triggers": [],
    "Execution Time": 3695.953
  }
]