{
    "Plan": {
        "Node Type": "Aggregate",
        "Strategy": "Plain",
        "Partial Mode": "Simple",
        "Parallel Aware": false,
        "Startup Cost": 10000278186.79,
        "Total Cost": 10000278186.8,
        "Plan Rows": 1,
        "Plan Width": 96,
        "Actual Startup Time": 1280.822,
        "Actual Total Time": 1282.998,
        "Actual Rows": 1,
        "Actual Loops": 1,
        "Output": [
            "min(k.keyword)",
            "min(n.name)",
            "min(t.title)"
        ],
        "Plans": [
            {
                "Node Type": "Nested Loop",
                "Parent Relationship": "Outer",
                "Parallel Aware": false,
                "Join Type": "Inner",
                "Startup Cost": 10000275556.25,
                "Total Cost": 10000278186.78,
                "Plan Rows": 1,
                "Plan Width": 48,
                "Actual Startup Time": 1264.917,
                "Actual Total Time": 1282.779,
                "Actual Rows": 555,
                "Actual Loops": 1,
                "Output": [
                    "k.keyword",
                    "n.name",
                    "t.title"
                ],
                "Inner Unique": true,
                "Join Filter": "(mk.movie_id = t.id)",
                "Rows Removed by Join Filter": 0,
                "Plans": [
                    {
                        "Node Type": "Hash Join",
                        "Parent Relationship": "Outer",
                        "Parallel Aware": false,
                        "Join Type": "Inner",
                        "Startup Cost": 275555.81,
                        "Total Cost": 278182.32,
                        "Plan Rows": 1,
                        "Plan Width": 39,
                        "Actual Startup Time": 1264.862,
                        "Actual Total Time": 1276.246,
                        "Actual Rows": 960,
                        "Actual Loops": 1,
                        "Output": [
                            "ci.movie_id",
                            "mk.movie_id",
                            "k.keyword",
                            "n.name"
                        ],
                        "Inner Unique": false,
                        "Hash Cond": "(k.id = mk.keyword_id)",
                        "Plans": [
                            {
                                "Node Type": "Seq Scan",
                                "Parent Relationship": "Outer",
                                "Parallel Aware": false,
                                "Relation Name": "keyword",
                                "Schema": "public",
                                "Alias": "k",
                                "Startup Cost": 0.0,
                                "Total Cost": 2626.12,
                                "Plan Rows": 1,
                                "Plan Width": 20,
                                "Actual Startup Time": 0.079,
                                "Actual Total Time": 8.973,
                                "Actual Rows": 1,
                                "Actual Loops": 1,
                                "Output": [
                                    "k.id",
                                    "k.keyword",
                                    "k.phonetic_code"
                                ],
                                "Filter": "(k.keyword = 'martial-arts'::text)",
                                "Rows Removed by Filter": 134169
                            },
                            {
                                "Node Type": "Hash",
                                "Parent Relationship": "Inner",
                                "Parallel Aware": false,
                                "Startup Cost": 275338.43,
                                "Total Cost": 275338.43,
                                "Plan Rows": 17390,
                                "Plan Width": 27,
                                "Actual Startup Time": 1264.702,
                                "Actual Total Time": 1266.874,
                                "Actual Rows": 974696,
                                "Actual Loops": 1,
                                "Output": [
                                    "ci.movie_id",
                                    "mk.keyword_id",
                                    "mk.movie_id",
                                    "n.name"
                                ],
                                "Hash Buckets": 1048576,
                                "Original Hash Buckets": 32768,
                                "Hash Batches": 1,
                                "Original Hash Batches": 1,
                                "Peak Memory Usage": 64510,
                                "Plans": [
                                    {
                                        "Node Type": "Gather",
                                        "Parent Relationship": "Outer",
                                        "Parallel Aware": false,
                                        "Startup Cost": 229065.59,
                                        "Total Cost": 275338.43,
                                        "Plan Rows": 17390,
                                        "Plan Width": 27,
                                        "Actual Startup Time": 814.042,
                                        "Actual Total Time": 1153.392,
                                        "Actual Rows": 974696,
                                        "Actual Loops": 1,
                                        "Output": [
                                            "ci.movie_id",
                                            "mk.keyword_id",
                                            "mk.movie_id",
                                            "n.name"
                                        ],
                                        "Workers Planned": 3,
                                        "Workers Launched": 3,
                                        "Single Copy": false,
                                        "Plans": [
                                            {
                                                "Node Type": "Hash Join",
                                                "Parent Relationship": "Outer",
                                                "Parallel Aware": true,
                                                "Join Type": "Inner",
                                                "Startup Cost": 228065.59,
                                                "Total Cost": 272599.43,
                                                "Plan Rows": 5610,
                                                "Plan Width": 27,
                                                "Actual Startup Time": 804.745,
                                                "Actual Total Time": 1086.966,
                                                "Actual Rows": 243674,
                                                "Actual Loops": 4,
                                                "Output": [
                                                    "ci.movie_id",
                                                    "mk.keyword_id",
                                                    "mk.movie_id",
                                                    "n.name"
                                                ],
                                                "Inner Unique": false,
                                                "Hash Cond": "(mk.movie_id = ci.movie_id)",
                                                "Workers": [
                                                    {
                                                        "Worker Number": 0,
                                                        "Actual Startup Time": 801.808,
                                                        "Actual Total Time": 1133.22,
                                                        "Actual Rows": 273615,
                                                        "Actual Loops": 1
                                                    },
                                                    {
                                                        "Worker Number": 1,
                                                        "Actual Startup Time": 801.784,
                                                        "Actual Total Time": 1130.801,
                                                        "Actual Rows": 276764,
                                                        "Actual Loops": 1
                                                    },
                                                    {
                                                        "Worker Number": 2,
                                                        "Actual Startup Time": 802.168,
                                                        "Actual Total Time": 1099.11,
                                                        "Actual Rows": 234246,
                                                        "Actual Loops": 1
                                                    }
                                                ],
                                                "Plans": [
                                                    {
                                                        "Node Type": "Seq Scan",
                                                        "Parent Relationship": "Outer",
                                                        "Parallel Aware": true,
                                                        "Relation Name": "movie_keyword",
                                                        "Schema": "public",
                                                        "Alias": "mk",
                                                        "Startup Cost": 0.0,
                                                        "Total Cost": 39047.32,
                                                        "Plan Rows": 1459332,
                                                        "Plan Width": 8,
                                                        "Actual Startup Time": 0.015,
                                                        "Actual Total Time": 118.531,
                                                        "Actual Rows": 1130982,
                                                        "Actual Loops": 4,
                                                        "Output": [
                                                            "mk.id",
                                                            "mk.movie_id",
                                                            "mk.keyword_id"
                                                        ],
                                                        "Workers": [
                                                            {
                                                                "Worker Number": 0,
                                                                "Actual Startup Time": 0.01,
                                                                "Actual Total Time": 139.036,
                                                                "Actual Rows": 1218410,
                                                                "Actual Loops": 1
                                                            },
                                                            {
                                                                "Worker Number": 1,
                                                                "Actual Startup Time": 0.011,
                                                                "Actual Total Time": 138.464,
                                                                "Actual Rows": 1226365,
                                                                "Actual Loops": 1
                                                            },
                                                            {
                                                                "Worker Number": 2,
                                                                "Actual Startup Time": 0.027,
                                                                "Actual Total Time": 126.983,
                                                                "Actual Rows": 1026010,
                                                                "Actual Loops": 1
                                                            }
                                                        ]
                                                    },
                                                    {
                                                        "Node Type": "Hash",
                                                        "Parent Relationship": "Inner",
                                                        "Parallel Aware": true,
                                                        "Startup Cost": 228054.25,
                                                        "Total Cost": 228054.25,
                                                        "Plan Rows": 907,
                                                        "Plan Width": 19,
                                                        "Actual Startup Time": 803.294,
                                                        "Actual Total Time": 803.297,
                                                        "Actual Rows": 33887,
                                                        "Actual Loops": 4,
                                                        "Output": [
                                                            "ci.movie_id",
                                                            "n.name"
                                                        ],
                                                        "Hash Buckets": 262144,
                                                        "Original Hash Buckets": 4096,
                                                        "Hash Batches": 1,
                                                        "Original Hash Batches": 1,
                                                        "Peak Memory Usage": 11424,
                                                        "Workers": [
                                                            {
                                                                "Worker Number": 0,
                                                                "Actual Startup Time": 801.153,
                                                                "Actual Total Time": 801.155,
                                                                "Actual Rows": 31870,
                                                                "Actual Loops": 1
                                                            },
                                                            {
                                                                "Worker Number": 1,
                                                                "Actual Startup Time": 801.237,
                                                                "Actual Total Time": 801.239,
                                                                "Actual Rows": 33138,
                                                                "Actual Loops": 1
                                                            },
                                                            {
                                                                "Worker Number": 2,
                                                                "Actual Startup Time": 801.472,
                                                                "Actual Total Time": 801.475,
                                                                "Actual Rows": 25662,
                                                                "Actual Loops": 1
                                                            }
                                                        ],
                                                        "Plans": [
                                                            {
                                                                "Node Type": "Nested Loop",
                                                                "Parent Relationship": "Outer",
                                                                "Parallel Aware": false,
                                                                "Join Type": "Inner",
                                                                "Startup Cost": 0.99,
                                                                "Total Cost": 228054.25,
                                                                "Plan Rows": 907,
                                                                "Plan Width": 19,
                                                                "Actual Startup Time": 16.928,
                                                                "Actual Total Time": 740.892,
                                                                "Actual Rows": 33887,
                                                                "Actual Loops": 4,
                                                                "Output": [
                                                                    "ci.movie_id",
                                                                    "n.name"
                                                                ],
                                                                "Inner Unique": false,
                                                                "Workers": [
                                                                    {
                                                                        "Worker Number": 0,
                                                                        "Actual Startup Time": 13.428,
                                                                        "Actual Total Time": 727.812,
                                                                        "Actual Rows": 31870,
                                                                        "Actual Loops": 1
                                                                    },
                                                                    {
                                                                        "Worker Number": 1,
                                                                        "Actual Startup Time": 35.076,
                                                                        "Actual Total Time": 773.219,
                                                                        "Actual Rows": 33138,
                                                                        "Actual Loops": 1
                                                                    },
                                                                    {
                                                                        "Worker Number": 2,
                                                                        "Actual Startup Time": 18.88,
                                                                        "Actual Total Time": 728.309,
                                                                        "Actual Rows": 25662,
                                                                        "Actual Loops": 1
                                                                    }
                                                                ],
                                                                "Plans": [
                                                                    {
                                                                        "Node Type": "Index Scan",
                                                                        "Parent Relationship": "Outer",
                                                                        "Parallel Aware": true,
                                                                        "Scan Direction": "Forward",
                                                                        "Index Name": "name_pkey",
                                                                        "Relation Name": "name",
                                                                        "Schema": "public",
                                                                        "Alias": "n",
                                                                        "Startup Cost": 0.43,
                                                                        "Total Cost": 149521.9,
                                                                        "Plan Rows": 104,
                                                                        "Plan Width": 19,
                                                                        "Actual Startup Time": 16.791,
                                                                        "Actual Total Time": 705.181,
                                                                        "Actual Rows": 4239,
                                                                        "Actual Loops": 4,
                                                                        "Output": [
                                                                            "n.id",
                                                                            "n.name",
                                                                            "n.imdb_index",
                                                                            "n.imdb_id",
                                                                            "n.gender",
                                                                            "n.name_pcode_cf",
                                                                            "n.name_pcode_nf",
                                                                            "n.surname_pcode",
                                                                            "n.md5sum"
                                                                        ],
                                                                        "Filter": "(n.name ~~ '%Smith,%'::text)",
                                                                        "Rows Removed by Filter": 1037634,
                                                                        "Workers": [
                                                                            {
                                                                                "Worker Number": 0,
                                                                                "Actual Startup Time": 13.25,
                                                                                "Actual Total Time": 688.062,
                                                                                "Actual Rows": 4113,
                                                                                "Actual Loops": 1
                                                                            },
                                                                            {
                                                                                "Worker Number": 1,
                                                                                "Actual Startup Time": 34.949,
                                                                                "Actual Total Time": 731.095,
                                                                                "Actual Rows": 4017,
                                                                                "Actual Loops": 1
                                                                            },
                                                                            {
                                                                                "Worker Number": 2,
                                                                                "Actual Startup Time": 18.709,
                                                                                "Actual Total Time": 696.025,
                                                                                "Actual Rows": 3241,
                                                                                "Actual Loops": 1
                                                                            }
                                                                        ]
                                                                    },
                                                                    {
                                                                        "Node Type": "Index Scan",
                                                                        "Parent Relationship": "Inner",
                                                                        "Parallel Aware": false,
                                                                        "Scan Direction": "Forward",
                                                                        "Index Name": "person_id_cast_info",
                                                                        "Relation Name": "cast_info",
                                                                        "Schema": "public",
                                                                        "Alias": "ci",
                                                                        "Startup Cost": 0.56,
                                                                        "Total Cost": 750.02,
                                                                        "Plan Rows": 510,
                                                                        "Plan Width": 8,
                                                                        "Actual Startup Time": 0.005,
                                                                        "Actual Total Time": 0.007,
                                                                        "Actual Rows": 8,
                                                                        "Actual Loops": 16957,
                                                                        "Output": [
                                                                            "ci.id",
                                                                            "ci.person_id",
                                                                            "ci.movie_id",
                                                                            "ci.person_role_id",
                                                                            "ci.note",
                                                                            "ci.nr_order",
                                                                            "ci.role_id"
                                                                        ],
                                                                        "Index Cond": "(ci.person_id = n.id)",
                                                                        "Rows Removed by Index Recheck": 0,
                                                                        "Workers": [
                                                                            {
                                                                                "Worker Number": 0,
                                                                                "Actual Startup Time": 0.006,
                                                                                "Actual Total Time": 0.008,
                                                                                "Actual Rows": 8,
                                                                                "Actual Loops": 4113
                                                                            },
                                                                            {
                                                                                "Worker Number": 1,
                                                                                "Actual Startup Time": 0.006,
                                                                                "Actual Total Time": 0.009,
                                                                                "Actual Rows": 8,
                                                                                "Actual Loops": 4017
                                                                            },
                                                                            {
                                                                                "Worker Number": 2,
                                                                                "Actual Startup Time": 0.006,
                                                                                "Actual Total Time": 0.008,
                                                                                "Actual Rows": 8,
                                                                                "Actual Loops": 3241
                                                                            }
                                                                        ]
                                                                    }
                                                                ]
                                                            }
                                                        ]
                                                    }
                                                ]
                                            }
                                        ]
                                    }
                                ]
                            }
                        ]
                    },
                    {
                        "Node Type": "Bitmap Heap Scan",
                        "Parent Relationship": "Inner",
                        "Parallel Aware": false,
                        "Relation Name": "title",
                        "Schema": "public",
                        "Alias": "t",
                        "Startup Cost": 0.44,
                        "Total Cost": 4.45,
                        "Plan Rows": 1,
                        "Plan Width": 21,
                        "Actual Startup Time": 0.005,
                        "Actual Total Time": 0.005,
                        "Actual Rows": 1,
                        "Actual Loops": 960,
                        "Output": [
                            "t.id",
                            "t.title",
                            "t.imdb_index",
                            "t.kind_id",
                            "t.production_year",
                            "t.imdb_id",
                            "t.phonetic_code",
                            "t.episode_of_id",
                            "t.season_nr",
                            "t.episode_nr",
                            "t.series_years",
                            "t.md5sum"
                        ],
                        "Recheck Cond": "(t.id = ci.movie_id)",
                        "Rows Removed by Index Recheck": 0,
                        "Filter": "(t.production_year > 2000)",
                        "Rows Removed by Filter": 0,
                        "Exact Heap Blocks": 960,
                        "Lossy Heap Blocks": 0,
                        "Plans": [
                            {
                                "Node Type": "Bitmap Index Scan",
                                "Parent Relationship": "Outer",
                                "Parallel Aware": false,
                                "Index Name": "title_pkey",
                                "Startup Cost": 0.0,
                                "Total Cost": 0.44,
                                "Plan Rows": 1,
                                "Plan Width": 0,
                                "Actual Startup Time": 0.003,
                                "Actual Total Time": 0.003,
                                "Actual Rows": 1,
                                "Actual Loops": 960,
                                "Index Cond": "(t.id = ci.movie_id)"
                            }
                        ]
                    }
                ]
            }
        ]
    },
    "Planning Time": 1.815,
    "Triggers": [],
    "Execution Time": 1283.665
}