[
  {
    "Plan": {
      "Node Type": "Aggregate",
      "Strategy": "Plain",
      "Partial Mode": "Finalize",
      "Parallel Aware": false,
      "Startup Cost": 98352.81,
      "Total Cost": 98352.82,
      "Plan Rows": 1,
      "Plan Width": 8,
      "Actual Startup Time": 626.845,
      "Actual Total Time": 651.521,
      "Actual Rows": 1,
      "Actual Loops": 1,
      "Plans": [
        {
          "Node Type": "Gather",
          "Parent Relationship": "Outer",
          "Parallel Aware": false,
          "Startup Cost": 98352.49,
          "Total Cost": 98352.8,
          "Plan Rows": 3,
          "Plan Width": 8,
          "Actual Startup Time": 619.608,
          "Actual Total Time": 651.512,
          "Actual Rows": 4,
          "Actual Loops": 1,
          "Workers Planned": 3,
          "Workers Launched": 3,
          "Single Copy": false,
          "Plans": [
            {
              "Node Type": "Aggregate",
              "Strategy": "Plain",
              "Partial Mode": "Partial",
              "Parent Relationship": "Outer",
              "Parallel Aware": false,
              "Startup Cost": 97352.49,
              "Total Cost": 97352.5,
              "Plan Rows": 1,
              "Plan Width": 8,
              "Actual Startup Time": 607.069,
              "Actual Total Time": 607.073,
              "Actual Rows": 1,
              "Actual Loops": 4,
              "Plans": [
                {
                  "Node Type": "Hash Join",
                  "Parent Relationship": "Outer",
                  "Parallel Aware": true,
                  "Join Type": "Inner",
                  "Startup Cost": 48940.35,
                  "Total Cost": 95191.7,
                  "Plan Rows": 864314,
                  "Plan Width": 0,
                  "Actual Startup Time": 292.338,
                  "Actual Total Time": 579.551,
                  "Actual Rows": 563905,
                  "Actual Loops": 4,
                  "Inner Unique": true,
                  "Hash Cond": "(mk.movie_id = t.id)",
                  "Plans": [
                    {
                      "Node Type": "Seq Scan",
                      "Parent Relationship": "Outer",
                      "Parallel Aware": true,
                      "Relation Name": "movie_keyword",
                      "Alias": "mk",
                      "Startup Cost": 0.0,
                      "Total Cost": 42695.65,
                      "Plan Rows": 1354547,
                      "Plan Width": 4,
                      "Actual Startup Time": 0.04,
                      "Actual Total Time": 132.626,
                      "Actual Rows": 1045838,
                      "Actual Loops": 4,
                      "Filter": "(keyword_id > 282)",
                      "Rows Removed by Filter": 85144
                    },
                    {
                      "Node Type": "Hash",
                      "Parent Relationship": "Inner",
                      "Parallel Aware": true,
                      "Startup Cost": 43898.92,
                      "Total Cost": 43898.92,
                      "Plan Rows": 403315,
                      "Plan Width": 4,
                      "Actual Startup Time": 284.221,
                      "Actual Total Time": 284.222,
                      "Actual Rows": 401769,
                      "Actual Loops": 4,
                      "Hash Buckets": 2097152,
                      "Original Hash Buckets": 2097152,
                      "Hash Batches": 1,
                      "Original Hash Batches": 1,
                      "Peak Memory Usage": 79328,
                      "Plans": [
                        {
                          "Node Type": "Seq Scan",
                          "Parent Relationship": "Outer",
                          "Parallel Aware": true,
                          "Relation Name": "title",
                          "Alias": "t",
                          "Startup Cost": 0.0,
                          "Total Cost": 43898.92,
                          "Plan Rows": 403315,
                          "Plan Width": 4,
                          "Actual Startup Time": 0.043,
                          "Actual Total Time": 123.078,
                          "Actual Rows": 401769,
                          "Actual Loops": 4,
                          "Filter": "(production_year > 1995)",
                          "Rows Removed by Filter": 230309
                        }
                      ]
                    }
                  ]
                }
              ]
            }
          ]
        }
      ]
    },
    "Planning Time": 0.663,
    "Triggers": [],
    "Execution Time": 651.595
  }
]