[
    {
        "Bao": {
            "Bao prediction": 805.948,
            "Bao recommended hint": "SET enable_nestloop TO off; "
        }
    },
    {
        "Plan": {
            "Node Type": "Aggregate",
            "Strategy": "Plain",
            "Partial Mode": "Finalize",
            "Parallel Aware": false,
            "Startup Cost": 68427.48,
            "Total Cost": 68427.49,
            "Plan Rows": 1,
            "Plan Width": 8,
            "Actual Startup Time": 219.285,
            "Actual Total Time": 226.408,
            "Actual Rows": 1,
            "Actual Loops": 1,
            "Output": [
                "count(*)"
            ],
            "Plans": [
                {
                    "Node Type": "Gather",
                    "Parent Relationship": "Outer",
                    "Parallel Aware": false,
                    "Startup Cost": 68427.16,
                    "Total Cost": 68427.47,
                    "Plan Rows": 3,
                    "Plan Width": 8,
                    "Actual Startup Time": 218.966,
                    "Actual Total Time": 226.4,
                    "Actual Rows": 4,
                    "Actual Loops": 1,
                    "Output": [
                        "(PARTIAL count(*))"
                    ],
                    "Workers Planned": 3,
                    "Workers Launched": 3,
                    "Single Copy": false,
                    "Plans": [
                        {
                            "Node Type": "Aggregate",
                            "Strategy": "Plain",
                            "Partial Mode": "Partial",
                            "Parent Relationship": "Outer",
                            "Parallel Aware": false,
                            "Startup Cost": 67427.16,
                            "Total Cost": 67427.17,
                            "Plan Rows": 1,
                            "Plan Width": 8,
                            "Actual Startup Time": 210.605,
                            "Actual Total Time": 210.608,
                            "Actual Rows": 1,
                            "Actual Loops": 4,
                            "Output": [
                                "PARTIAL count(*)"
                            ],
                            "Workers": [
                                {
                                    "Worker Number": 0,
                                    "Actual Startup Time": 207.862,
                                    "Actual Total Time": 207.865,
                                    "Actual Rows": 1,
                                    "Actual Loops": 1
                                },
                                {
                                    "Worker Number": 1,
                                    "Actual Startup Time": 208.014,
                                    "Actual Total Time": 208.017,
                                    "Actual Rows": 1,
                                    "Actual Loops": 1
                                },
                                {
                                    "Worker Number": 2,
                                    "Actual Startup Time": 208.237,
                                    "Actual Total Time": 208.24,
                                    "Actual Rows": 1,
                                    "Actual Loops": 1
                                }
                            ],
                            "Plans": [
                                {
                                    "Node Type": "Hash Join",
                                    "Parent Relationship": "Outer",
                                    "Parallel Aware": true,
                                    "Join Type": "Inner",
                                    "Startup Cost": 38010.85,
                                    "Total Cost": 67426.74,
                                    "Plan Rows": 168,
                                    "Plan Width": 0,
                                    "Actual Startup Time": 66.189,
                                    "Actual Total Time": 210.547,
                                    "Actual Rows": 387,
                                    "Actual Loops": 4,
                                    "Inner Unique": true,
                                    "Hash Cond": "(mc.movie_id = t.id)",
                                    "Workers": [
                                        {
                                            "Worker Number": 0,
                                            "Actual Startup Time": 63.241,
                                            "Actual Total Time": 207.792,
                                            "Actual Rows": 426,
                                            "Actual Loops": 1
                                        },
                                        {
                                            "Worker Number": 1,
                                            "Actual Startup Time": 63.416,
                                            "Actual Total Time": 207.951,
                                            "Actual Rows": 359,
                                            "Actual Loops": 1
                                        },
                                        {
                                            "Worker Number": 2,
                                            "Actual Startup Time": 63.905,
                                            "Actual Total Time": 208.178,
                                            "Actual Rows": 336,
                                            "Actual Loops": 1
                                        }
                                    ],
                                    "Plans": [
                                        {
                                            "Node Type": "Seq Scan",
                                            "Parent Relationship": "Outer",
                                            "Parallel Aware": true,
                                            "Relation Name": "movie_companies",
                                            "Schema": "public",
                                            "Alias": "mc",
                                            "Startup Cost": 0.0,
                                            "Total Cost": 27206.55,
                                            "Plan Rows": 841655,
                                            "Plan Width": 4,
                                            "Actual Startup Time": 0.019,
                                            "Actual Total Time": 69.95,
                                            "Actual Rows": 652282,
                                            "Actual Loops": 4,
                                            "Output": [
                                                "mc.id",
                                                "mc.movie_id",
                                                "mc.company_id",
                                                "mc.company_type_id",
                                                "mc.note"
                                            ],
                                            "Workers": [
                                                {
                                                    "Worker Number": 0,
                                                    "Actual Startup Time": 0.022,
                                                    "Actual Total Time": 71.532,
                                                    "Actual Rows": 633270,
                                                    "Actual Loops": 1
                                                },
                                                {
                                                    "Worker Number": 1,
                                                    "Actual Startup Time": 0.028,
                                                    "Actual Total Time": 71.616,
                                                    "Actual Rows": 634351,
                                                    "Actual Loops": 1
                                                },
                                                {
                                                    "Worker Number": 2,
                                                    "Actual Startup Time": 0.02,
                                                    "Actual Total Time": 71.594,
                                                    "Actual Rows": 632629,
                                                    "Actual Loops": 1
                                                }
                                            ]
                                        },
                                        {
                                            "Node Type": "Hash",
                                            "Parent Relationship": "Inner",
                                            "Parallel Aware": true,
                                            "Startup Cost": 38009.28,
                                            "Total Cost": 38009.28,
                                            "Plan Rows": 126,
                                            "Plan Width": 4,
                                            "Actual Startup Time": 64.942,
                                            "Actual Total Time": 64.943,
                                            "Actual Rows": 206,
                                            "Actual Loops": 4,
                                            "Output": [
                                                "t.id"
                                            ],
                                            "Hash Buckets": 1024,
                                            "Original Hash Buckets": 1024,
                                            "Hash Batches": 1,
                                            "Original Hash Batches": 1,
                                            "Peak Memory Usage": 136,
                                            "Workers": [
                                                {
                                                    "Worker Number": 0,
                                                    "Actual Startup Time": 62.833,
                                                    "Actual Total Time": 62.834,
                                                    "Actual Rows": 117,
                                                    "Actual Loops": 1
                                                },
                                                {
                                                    "Worker Number": 1,
                                                    "Actual Startup Time": 63.009,
                                                    "Actual Total Time": 63.01,
                                                    "Actual Rows": 113,
                                                    "Actual Loops": 1
                                                },
                                                {
                                                    "Worker Number": 2,
                                                    "Actual Startup Time": 63.212,
                                                    "Actual Total Time": 63.213,
                                                    "Actual Rows": 99,
                                                    "Actual Loops": 1
                                                }
                                            ],
                                            "Plans": [
                                                {
                                                    "Node Type": "Bitmap Heap Scan",
                                                    "Parent Relationship": "Outer",
                                                    "Parallel Aware": true,
                                                    "Relation Name": "title",
                                                    "Schema": "public",
                                                    "Alias": "t",
                                                    "Startup Cost": 1662.37,
                                                    "Total Cost": 38009.28,
                                                    "Plan Rows": 126,
                                                    "Plan Width": 4,
                                                    "Actual Startup Time": 24.136,
                                                    "Actual Total Time": 64.686,
                                                    "Actual Rows": 206,
                                                    "Actual Loops": 4,
                                                    "Output": [
                                                        "t.id"
                                                    ],
                                                    "Recheck Cond": "(t.kind_id = 2)",
                                                    "Rows Removed by Index Recheck": 0,
                                                    "Filter": "(t.production_year = 1982)",
                                                    "Rows Removed by Filter": 22506,
                                                    "Exact Heap Blocks": 15166,
                                                    "Lossy Heap Blocks": 0,
                                                    "Workers": [
                                                        {
                                                            "Worker Number": 0,
                                                            "Actual Startup Time": 22.223,
                                                            "Actual Total Time": 62.626,
                                                            "Actual Rows": 117,
                                                            "Actual Loops": 1
                                                        },
                                                        {
                                                            "Worker Number": 1,
                                                            "Actual Startup Time": 22.186,
                                                            "Actual Total Time": 62.761,
                                                            "Actual Rows": 113,
                                                            "Actual Loops": 1
                                                        },
                                                        {
                                                            "Worker Number": 2,
                                                            "Actual Startup Time": 23.541,
                                                            "Actual Total Time": 63.0,
                                                            "Actual Rows": 99,
                                                            "Actual Loops": 1
                                                        }
                                                    ],
                                                    "Plans": [
                                                        {
                                                            "Node Type": "Bitmap Index Scan",
                                                            "Parent Relationship": "Outer",
                                                            "Parallel Aware": false,
                                                            "Index Name": "kind_id_title",
                                                            "Startup Cost": 0.0,
                                                            "Total Cost": 1662.25,
                                                            "Plan Rows": 93042,
                                                            "Plan Width": 0,
                                                            "Actual Startup Time": 20.76,
                                                            "Actual Total Time": 20.761,
                                                            "Actual Rows": 90852,
                                                            "Actual Loops": 1,
                                                            "Index Cond": "(t.kind_id = 2)"
                                                        }
                                                    ]
                                                }
                                            ]
                                        }
                                    ]
                                }
                            ]
                        }
                    ]
                }
            ]
        },
        "Planning Time": 1347.074,
        "Triggers": [],
        "Execution Time": 226.539
    }
]