[
  {
    "Plan": {
      "Node Type": "Aggregate",
      "Strategy": "Plain",
      "Partial Mode": "Finalize",
      "Parallel Aware": false,
      "Startup Cost": 39412.19,
      "Total Cost": 39412.2,
      "Plan Rows": 1,
      "Plan Width": 8,
      "Actual Startup Time": 24.428,
      "Actual Total Time": 29.092,
      "Actual Rows": 1,
      "Actual Loops": 1,
      "Plans": [
        {
          "Node Type": "Gather",
          "Parent Relationship": "Outer",
          "Parallel Aware": false,
          "Startup Cost": 39411.98,
          "Total Cost": 39412.19,
          "Plan Rows": 2,
          "Plan Width": 8,
          "Actual Startup Time": 24.266,
          "Actual Total Time": 29.087,
          "Actual Rows": 3,
          "Actual Loops": 1,
          "Workers Planned": 2,
          "Workers Launched": 2,
          "Single Copy": false,
          "Plans": [
            {
              "Node Type": "Aggregate",
              "Strategy": "Plain",
              "Partial Mode": "Partial",
              "Parent Relationship": "Outer",
              "Parallel Aware": false,
              "Startup Cost": 38411.98,
              "Total Cost": 38411.99,
              "Plan Rows": 1,
              "Plan Width": 8,
              "Actual Startup Time": 20.847,
              "Actual Total Time": 20.848,
              "Actual Rows": 1,
              "Actual Loops": 3,
              "Plans": [
                {
                  "Node Type": "Nested Loop",
                  "Parent Relationship": "Outer",
                  "Parallel Aware": false,
                  "Join Type": "Inner",
                  "Startup Cost": 164.47,
                  "Total Cost": 38411.93,
                  "Plan Rows": 17,
                  "Plan Width": 0,
                  "Actual Startup Time": 2.405,
                  "Actual Total Time": 20.832,
                  "Actual Rows": 68,
                  "Actual Loops": 3,
                  "Inner Unique": true,
                  "Plans": [
                    {
                      "Node Type": "Bitmap Heap Scan",
                      "Parent Relationship": "Outer",
                      "Parallel Aware": true,
                      "Relation Name": "movie_keyword",
                      "Alias": "mk",
                      "Startup Cost": 164.04,
                      "Total Cost": 16394.0,
                      "Plan Rows": 3205,
                      "Plan Width": 4,
                      "Actual Startup Time": 0.655,
                      "Actual Total Time": 6.687,
                      "Actual Rows": 2216,
                      "Actual Loops": 3,
                      "Recheck Cond": "(keyword_id = 500)",
                      "Rows Removed by Index Recheck": 0,
                      "Exact Heap Blocks": 3240,
                      "Lossy Heap Blocks": 0,
                      "Plans": [
                        {
                          "Node Type": "Bitmap Index Scan",
                          "Parent Relationship": "Outer",
                          "Parallel Aware": false,
                          "Index Name": "keyword_id_movie_keyword",
                          "Startup Cost": 0.0,
                          "Total Cost": 162.12,
                          "Plan Rows": 7691,
                          "Plan Width": 0,
                          "Actual Startup Time": 1.184,
                          "Actual Total Time": 1.184,
                          "Actual Rows": 6649,
                          "Actual Loops": 1,
                          "Index Cond": "(keyword_id = 500)"
                        }
                      ]
                    },
                    {
                      "Node Type": "Index Scan",
                      "Parent Relationship": "Inner",
                      "Parallel Aware": false,
                      "Scan Direction": "Forward",
                      "Index Name": "title_pkey",
                      "Relation Name": "title",
                      "Alias": "t",
                      "Startup Cost": 0.43,
                      "Total Cost": 6.87,
                      "Plan Rows": 1,
                      "Plan Width": 4,
                      "Actual Startup Time": 0.006,
                      "Actual Total Time": 0.006,
                      "Actual Rows": 0,
                      "Actual Loops": 6649,
                      "Index Cond": "(id = mk.movie_id)",
                      "Rows Removed by Index Recheck": 0,
                      "Filter": "((kind_id < 7) AND (production_year = 1996))",
                      "Rows Removed by Filter": 1
                    }
                  ]
                }
              ]
            }
          ]
        }
      ]
    },
    "Planning Time": 0.581,
    "Triggers": [],
    "Execution Time": 29.129
  }
]