{
  "Plan": {
    "Node Type": "Aggregate",
    "Strategy": "Plain",
    "Partial Mode": "Finalize",
    "Parallel Aware": false,
    "Startup Cost": 625279.99,
    "Total Cost": 625280.0,
    "Plan Rows": 1,
    "Plan Width": 8,
    "Actual Startup Time": 3649.404,
    "Actual Total Time": 3699.604,
    "Actual Rows": 1,
    "Actual Loops": 1,
    "Plans": [
      {
        "Node Type": "Gather",
        "Parent Relationship": "Outer",
        "Parallel Aware": false,
        "Startup Cost": 625279.87,
        "Total Cost": 625279.98,
        "Plan Rows": 1,
        "Plan Width": 8,
        "Actual Startup Time": 3648.733,
        "Actual Total Time": 3699.596,
        "Actual Rows": 2,
        "Actual Loops": 1,
        "Workers Planned": 1,
        "Workers Launched": 1,
        "Single Copy": false,
        "Plans": [
          {
            "Node Type": "Aggregate",
            "Strategy": "Plain",
            "Partial Mode": "Partial",
            "Parent Relationship": "Outer",
            "Parallel Aware": false,
            "Startup Cost": 624279.87,
            "Total Cost": 624279.88,
            "Plan Rows": 1,
            "Plan Width": 8,
            "Actual Startup Time": 3642.851,
            "Actual Total Time": 3642.855,
            "Actual Rows": 1,
            "Actual Loops": 2,
            "Plans": [
              {
                "Node Type": "Hash Join",
                "Parent Relationship": "Outer",
                "Parallel Aware": true,
                "Join Type": "Inner",
                "Startup Cost": 56211.48,
                "Total Cost": 618806.0,
                "Plan Rows": 2189548,
                "Plan Width": 0,
                "Actual Startup Time": 131.206,
                "Actual Total Time": 3572.61,
                "Actual Rows": 1678142,
                "Actual Loops": 2,
                "Inner Unique": true,
                "Hash Cond": "(ci.movie_id = t.id)",
                "Plans": [
                  {
                    "Node Type": "Seq Scan",
                    "Parent Relationship": "Outer",
                    "Parallel Aware": true,
                    "Relation Name": "cast_info",
                    "Alias": "ci",
                    "Startup Cost": 0.0,
                    "Total Cost": 519069.44,
                    "Plan Rows": 16580956,
                    "Plan Width": 4,
                    "Actual Startup Time": 0.016,
                    "Actual Total Time": 1531.926,
                    "Actual Rows": 14140324,
                    "Actual Loops": 2,
                    "Filter": "(person_id < 2883204)",
                    "Rows Removed by Filter": 3981848
                  },
                  {
                    "Node Type": "Hash",
                    "Parent Relationship": "Inner",
                    "Parallel Aware": true,
                    "Startup Cost": 53756.58,
                    "Total Cost": 53756.58,
                    "Plan Rows": 196392,
                    "Plan Width": 4,
                    "Actual Startup Time": 125.765,
                    "Actual Total Time": 125.766,
                    "Actual Rows": 127786,
                    "Actual Loops": 2,
                    "Hash Buckets": 524288,
                    "Original Hash Buckets": 524288,
                    "Hash Batches": 1,
                    "Original Hash Batches": 1,
                    "Peak Memory Usage": 14112,
                    "Plans": [
                      {
                        "Node Type": "Bitmap Heap Scan",
                        "Parent Relationship": "Outer",
                        "Parallel Aware": true,
                        "Relation Name": "title",
                        "Alias": "t",
                        "Startup Cost": 11906.32,
                        "Total Cost": 53756.58,
                        "Plan Rows": 196392,
                        "Plan Width": 4,
                        "Actual Startup Time": 34.408,
                        "Actual Total Time": 95.843,
                        "Actual Rows": 127786,
                        "Actual Loops": 2,
                        "Recheck Cond": "(kind_id = 1)",
                        "Rows Removed by Index Recheck": 0,
                        "Filter": "(production_year > 2002)",
                        "Rows Removed by Filter": 203627,
                        "Exact Heap Blocks": 8403,
                        "Lossy Heap Blocks": 0,
                        "Plans": [
                          {
                            "Node Type": "Bitmap Index Scan",
                            "Parent Relationship": "Outer",
                            "Parallel Aware": false,
                            "Index Name": "kind_id_title",
                            "Startup Cost": 0.0,
                            "Total Cost": 11822.85,
                            "Plan Rows": 663256,
                            "Plan Width": 0,
                            "Actual Startup Time": 32.865,
                            "Actual Total Time": 32.866,
                            "Actual Rows": 662825,
                            "Actual Loops": 1,
                            "Index Cond": "(kind_id = 1)"
                          }
                        ]
                      }
                    ]
                  }
                ]
              }
            ]
          }
        ]
      }
    ]
  },
  "Planning Time": 0.67,
  "Triggers": [],
  "Execution Time": 3699.707
}