[
  {
    "Plan": {
      "Node Type": "Aggregate",
      "Strategy": "Plain",
      "Partial Mode": "Finalize",
      "Parallel Aware": false,
      "Startup Cost": 31534.06,
      "Total Cost": 31534.07,
      "Plan Rows": 1,
      "Plan Width": 8,
      "Actual Startup Time": 98.06,
      "Actual Total Time": 104.576,
      "Actual Rows": 1,
      "Actual Loops": 1,
      "Plans": [
        {
          "Node Type": "Gather",
          "Parent Relationship": "Outer",
          "Parallel Aware": false,
          "Startup Cost": 31533.74,
          "Total Cost": 31534.05,
          "Plan Rows": 3,
          "Plan Width": 8,
          "Actual Startup Time": 97.936,
          "Actual Total Time": 104.568,
          "Actual Rows": 4,
          "Actual Loops": 1,
          "Workers Planned": 3,
          "Workers Launched": 3,
          "Single Copy": false,
          "Plans": [
            {
              "Node Type": "Aggregate",
              "Strategy": "Plain",
              "Partial Mode": "Partial",
              "Parent Relationship": "Outer",
              "Parallel Aware": false,
              "Startup Cost": 30533.74,
              "Total Cost": 30533.75,
              "Plan Rows": 1,
              "Plan Width": 8,
              "Actual Startup Time": 92.758,
              "Actual Total Time": 92.759,
              "Actual Rows": 1,
              "Actual Loops": 4,
              "Plans": [
                {
                  "Node Type": "Seq Scan",
                  "Parent Relationship": "Outer",
                  "Parallel Aware": true,
                  "Relation Name": "movie_companies",
                  "Alias": "mc",
                  "Startup Cost": 0.0,
                  "Total Cost": 29310.68,
                  "Plan Rows": 489225,
                  "Plan Width": 0,
                  "Actual Startup Time": 0.032,
                  "Actual Total Time": 73.449,
                  "Actual Rows": 377378,
                  "Actual Loops": 4,
                  "Filter": "(company_id < 14069)",
                  "Rows Removed by Filter": 274904
                }
              ]
            }
          ]
        }
      ]
    },
    "Planning Time": 0.189,
    "Triggers": [],
    "Execution Time": 104.634
  }
]