[
  {
    "Plan": {
      "Node Type": "Aggregate",
      "Strategy": "Plain",
      "Partial Mode": "Finalize",
      "Parallel Aware": false,
      "Startup Cost": 20112.89,
      "Total Cost": 20112.9,
      "Plan Rows": 1,
      "Plan Width": 96,
      "Actual Startup Time": 1090.975,
      "Actual Total Time": 1125.927,
      "Actual Rows": 1,
      "Actual Loops": 1,
      "Plans": [
        {
          "Node Type": "Gather",
          "Parent Relationship": "Outer",
          "Parallel Aware": false,
          "Startup Cost": 20112.67,
          "Total Cost": 20112.88,
          "Plan Rows": 2,
          "Plan Width": 96,
          "Actual Startup Time": 1090.921,
          "Actual Total Time": 1125.903,
          "Actual Rows": 3,
          "Actual Loops": 1,
          "Workers Planned": 2,
          "Workers Launched": 2,
          "Single Copy": false,
          "Plans": [
            {
              "Node Type": "Aggregate",
              "Strategy": "Plain",
              "Partial Mode": "Partial",
              "Parent Relationship": "Outer",
              "Parallel Aware": false,
              "Startup Cost": 19112.67,
              "Total Cost": 19112.68,
              "Plan Rows": 1,
              "Plan Width": 96,
              "Actual Startup Time": 1083.968,
              "Actual Total Time": 1083.974,
              "Actual Rows": 1,
              "Actual Loops": 3,
              "Plans": [
                {
                  "Node Type": "Nested Loop",
                  "Parent Relationship": "Outer",
                  "Parallel Aware": false,
                  "Join Type": "Inner",
                  "Startup Cost": 6.3,
                  "Total Cost": 19111.12,
                  "Plan Rows": 207,
                  "Plan Width": 65,
                  "Actual Startup Time": 226.374,
                  "Actual Total Time": 1079.387,
                  "Actual Rows": 28257,
                  "Actual Loops": 3,
                  "Inner Unique": false,
                  "Plans": [
                    {
                      "Node Type": "Nested Loop",
                      "Parent Relationship": "Outer",
                      "Parallel Aware": false,
                      "Join Type": "Inner",
                      "Startup Cost": 5.87,
                      "Total Cost": 19099.69,
                      "Plan Rows": 6,
                      "Plan Width": 34,
                      "Actual Startup Time": 226.287,
                      "Actual Total Time": 1044.168,
                      "Actual Rows": 1175,
                      "Actual Loops": 3,
                      "Inner Unique": true,
                      "Plans": [
                        {
                          "Node Type": "Hash Join",
                          "Parent Relationship": "Outer",
                          "Parallel Aware": false,
                          "Join Type": "Inner",
                          "Startup Cost": 5.45,
                          "Total Cost": 18683.62,
                          "Plan Rows": 933,
                          "Plan Width": 38,
                          "Actual Startup Time": 222.785,
                          "Actual Total Time": 790.804,
                          "Actual Rows": 100870,
                          "Actual Loops": 3,
                          "Inner Unique": true,
                          "Hash Cond": "(mc.company_type_id = ct.id)",
                          "Plans": [
                            {
                              "Node Type": "Nested Loop",
                              "Parent Relationship": "Outer",
                              "Parallel Aware": false,
                              "Join Type": "Inner",
                              "Startup Cost": 4.39,
                              "Total Cost": 18662.39,
                              "Plan Rows": 3731,
                              "Plan Width": 42,
                              "Actual Startup Time": 222.53,
                              "Actual Total Time": 759.016,
                              "Actual Rows": 257695,
                              "Actual Loops": 3,
                              "Inner Unique": false,
                              "Plans": [
                                {
                                  "Node Type": "Hash Join",
                                  "Parent Relationship": "Outer",
                                  "Parallel Aware": false,
                                  "Join Type": "Inner",
                                  "Startup Cost": 3.96,
                                  "Total Cost": 18217.25,
                                  "Plan Rows": 727,
                                  "Plan Width": 30,
                                  "Actual Startup Time": 222.426,
                                  "Actual Total Time": 521.231,
                                  "Actual Rows": 69960,
                                  "Actual Loops": 3,
                                  "Inner Unique": true,
                                  "Hash Cond": "(t.kind_id = kt.id)",
                                  "Plans": [
                                    {
                                      "Node Type": "Nested Loop",
                                      "Parent Relationship": "Outer",
                                      "Parallel Aware": false,
                                      "Join Type": "Inner",
                                      "Startup Cost": 2.86,
                                      "Total Cost": 18194.71,
                                      "Plan Rows": 5089,
                                      "Plan Width": 34,
                                      "Actual Startup Time": 0.248,
                                      "Actual Total Time": 499.092,
                                      "Actual Rows": 153308,
                                      "Actual Loops": 3,
                                      "Inner Unique": true,
                                      "Plans": [
                                        {
                                          "Node Type": "Hash Join",
                                          "Parent Relationship": "Outer",
                                          "Parallel Aware": false,
                                          "Join Type": "Inner",
                                          "Startup Cost": 2.43,
                                          "Total Cost": 15253.6,
                                          "Plan Rows": 5089,
                                          "Plan Width": 9,
                                          "Actual Startup Time": 0.122,
                                          "Actual Total Time": 106.036,
                                          "Actual Rows": 153308,
                                          "Actual Loops": 3,
                                          "Inner Unique": true,
                                          "Hash Cond": "(miidx.info_type_id = it.id)",
                                          "Plans": [
                                            {
                                              "Node Type": "Seq Scan",
                                              "Parent Relationship": "Outer",
                                              "Parallel Aware": true,
                                              "Relation Name": "movie_info_idx",
                                              "Alias": "miidx",
                                              "Startup Cost": 0.0,
                                              "Total Cost": 13685.15,
                                              "Plan Rows": 575015,
                                              "Plan Width": 13,
                                              "Actual Startup Time": 0.037,
                                              "Actual Total Time": 44.959,
                                              "Actual Rows": 460012,
                                              "Actual Loops": 3
                                            },
                                            {
                                              "Node Type": "Hash",
                                              "Parent Relationship": "Inner",
                                              "Parallel Aware": false,
                                              "Startup Cost": 2.41,
                                              "Total Cost": 2.41,
                                              "Plan Rows": 1,
                                              "Plan Width": 4,
                                              "Actual Startup Time": 0.043,
                                              "Actual Total Time": 0.044,
                                              "Actual Rows": 1,
                                              "Actual Loops": 3,
                                              "Hash Buckets": 1024,
                                              "Original Hash Buckets": 1024,
                                              "Hash Batches": 1,
                                              "Original Hash Batches": 1,
                                              "Peak Memory Usage": 9,
                                              "Plans": [
                                                {
                                                  "Node Type": "Seq Scan",
                                                  "Parent Relationship": "Outer",
                                                  "Parallel Aware": false,
                                                  "Relation Name": "info_type",
                                                  "Alias": "it",
                                                  "Startup Cost": 0.0,
                                                  "Total Cost": 2.41,
                                                  "Plan Rows": 1,
                                                  "Plan Width": 4,
                                                  "Actual Startup Time": 0.032,
                                                  "Actual Total Time": 0.036,
                                                  "Actual Rows": 1,
                                                  "Actual Loops": 3,
                                                  "Filter": "((info)::text = 'rating'::text)",
                                                  "Rows Removed by Filter": 112
                                                }
                                              ]
                                            }
                                          ]
                                        },
                                        {
                                          "Node Type": "Index Scan",
                                          "Parent Relationship": "Inner",
                                          "Parallel Aware": false,
                                          "Scan Direction": "Forward",
                                          "Index Name": "title_pkey",
                                          "Relation Name": "title",
                                          "Alias": "t",
                                          "Startup Cost": 0.43,
                                          "Total Cost": 0.58,
                                          "Plan Rows": 1,
                                          "Plan Width": 25,
                                          "Actual Startup Time": 0.002,
                                          "Actual Total Time": 0.002,
                                          "Actual Rows": 1,
                                          "Actual Loops": 459925,
                                          "Index Cond": "(id = miidx.movie_id)",
                                          "Rows Removed by Index Recheck": 0
                                        }
                                      ]
                                    },
                                    {
                                      "Node Type": "Hash",
                                      "Parent Relationship": "Inner",
                                      "Parallel Aware": false,
                                      "Startup Cost": 1.09,
                                      "Total Cost": 1.09,
                                      "Plan Rows": 1,
                                      "Plan Width": 4,
                                      "Actual Startup Time": 0.044,
                                      "Actual Total Time": 0.045,
                                      "Actual Rows": 1,
                                      "Actual Loops": 3,
                                      "Hash Buckets": 1024,
                                      "Original Hash Buckets": 1024,
                                      "Hash Batches": 1,
                                      "Original Hash Batches": 1,
                                      "Peak Memory Usage": 9,
                                      "Plans": [
                                        {
                                          "Node Type": "Seq Scan",
                                          "Parent Relationship": "Outer",
                                          "Parallel Aware": false,
                                          "Relation Name": "kind_type",
                                          "Alias": "kt",
                                          "Startup Cost": 0.0,
                                          "Total Cost": 1.09,
                                          "Plan Rows": 1,
                                          "Plan Width": 4,
                                          "Actual Startup Time": 0.03,
                                          "Actual Total Time": 0.033,
                                          "Actual Rows": 1,
                                          "Actual Loops": 3,
                                          "Filter": "((kind)::text = 'movie'::text)",
                                          "Rows Removed by Filter": 6
                                        }
                                      ]
                                    }
                                  ]
                                },
                                {
                                  "Node Type": "Index Scan",
                                  "Parent Relationship": "Inner",
                                  "Parallel Aware": false,
                                  "Scan Direction": "Forward",
                                  "Index Name": "movie_id_movie_companies",
                                  "Relation Name": "movie_companies",
                                  "Alias": "mc",
                                  "Startup Cost": 0.43,
                                  "Total Cost": 0.56,
                                  "Plan Rows": 5,
                                  "Plan Width": 12,
                                  "Actual Startup Time": 0.002,
                                  "Actual Total Time": 0.003,
                                  "Actual Rows": 4,
                                  "Actual Loops": 209880,
                                  "Index Cond": "(movie_id = t.id)",
                                  "Rows Removed by Index Recheck": 0
                                }
                              ]
                            },
                            {
                              "Node Type": "Hash",
                              "Parent Relationship": "Inner",
                              "Parallel Aware": false,
                              "Startup Cost": 1.05,
                              "Total Cost": 1.05,
                              "Plan Rows": 1,
                              "Plan Width": 4,
                              "Actual Startup Time": 0.052,
                              "Actual Total Time": 0.053,
                              "Actual Rows": 1,
                              "Actual Loops": 3,
                              "Hash Buckets": 1024,
                              "Original Hash Buckets": 1024,
                              "Hash Batches": 1,
                              "Original Hash Batches": 1,
                              "Peak Memory Usage": 9,
                              "Plans": [
                                {
                                  "Node Type": "Seq Scan",
                                  "Parent Relationship": "Outer",
                                  "Parallel Aware": false,
                                  "Relation Name": "company_type",
                                  "Alias": "ct",
                                  "Startup Cost": 0.0,
                                  "Total Cost": 1.05,
                                  "Plan Rows": 1,
                                  "Plan Width": 4,
                                  "Actual Startup Time": 0.036,
                                  "Actual Total Time": 0.038,
                                  "Actual Rows": 1,
                                  "Actual Loops": 3,
                                  "Filter": "((kind)::text = 'production companies'::text)",
                                  "Rows Removed by Filter": 3
                                }
                              ]
                            }
                          ]
                        },
                        {
                          "Node Type": "Index Scan",
                          "Parent Relationship": "Inner",
                          "Parallel Aware": false,
                          "Scan Direction": "Forward",
                          "Index Name": "company_name_pkey",
                          "Relation Name": "company_name",
                          "Alias": "cn",
                          "Startup Cost": 0.42,
                          "Total Cost": 0.45,
                          "Plan Rows": 1,
                          "Plan Width": 4,
                          "Actual Startup Time": 0.002,
                          "Actual Total Time": 0.002,
                          "Actual Rows": 0,
                          "Actual Loops": 302610,
                          "Index Cond": "(id = mc.company_id)",
                          "Rows Removed by Index Recheck": 0,
                          "Filter": "((country_code)::text = '[hk]'::text)",
                          "Rows Removed by Filter": 1
                        }
                      ]
                    },
                    {
                      "Node Type": "Index Scan",
                      "Parent Relationship": "Inner",
                      "Parallel Aware": false,
                      "Scan Direction": "Forward",
                      "Index Name": "movie_id_movie_info",
                      "Relation Name": "movie_info",
                      "Alias": "mi",
                      "Startup Cost": 0.43,
                      "Total Cost": 1.49,
                      "Plan Rows": 41,
                      "Plan Width": 47,
                      "Actual Startup Time": 0.007,
                      "Actual Total Time": 0.027,
                      "Actual Rows": 24,
                      "Actual Loops": 3524,
                      "Index Cond": "(movie_id = t.id)",
                      "Rows Removed by Index Recheck": 0
                    }
                  ]
                }
              ]
            }
          ]
        }
      ]
    },
    "Planning Time": 16.93,
    "Triggers": [],
    "Execution Time": 1126.495
  }
]