{
  "Plan": {
    "Node Type": "Aggregate",
    "Strategy": "Plain",
    "Partial Mode": "Finalize",
    "Parallel Aware": false,
    "Startup Cost": 108701.53,
    "Total Cost": 108701.54,
    "Plan Rows": 1,
    "Plan Width": 8,
    "Actual Startup Time": 453.565,
    "Actual Total Time": 479.359,
    "Actual Rows": 1,
    "Actual Loops": 1,
    "Plans": [
      {
        "Node Type": "Gather",
        "Parent Relationship": "Outer",
        "Parallel Aware": false,
        "Startup Cost": 108701.42,
        "Total Cost": 108701.53,
        "Plan Rows": 1,
        "Plan Width": 8,
        "Actual Startup Time": 453.16,
        "Actual Total Time": 479.353,
        "Actual Rows": 2,
        "Actual Loops": 1,
        "Workers Planned": 1,
        "Workers Launched": 1,
        "Single Copy": false,
        "Plans": [
          {
            "Node Type": "Aggregate",
            "Strategy": "Plain",
            "Partial Mode": "Partial",
            "Parent Relationship": "Outer",
            "Parallel Aware": false,
            "Startup Cost": 107701.42,
            "Total Cost": 107701.43,
            "Plan Rows": 1,
            "Plan Width": 8,
            "Actual Startup Time": 446.48,
            "Actual Total Time": 446.485,
            "Actual Rows": 1,
            "Actual Loops": 2,
            "Plans": [
              {
                "Node Type": "Nested Loop",
                "Parent Relationship": "Outer",
                "Parallel Aware": false,
                "Join Type": "Inner",
                "Startup Cost": 70631.69,
                "Total Cost": 107667.3,
                "Plan Rows": 13648,
                "Plan Width": 0,
                "Actual Startup Time": 192.749,
                "Actual Total Time": 431.925,
                "Actual Rows": 330282,
                "Actual Loops": 2,
                "Inner Unique": false,
                "Join Filter": "(t.id = mi.movie_id)",
                "Rows Removed by Join Filter": 0,
                "Plans": [
                  {
                    "Node Type": "Hash Join",
                    "Parent Relationship": "Outer",
                    "Parallel Aware": true,
                    "Join Type": "Inner",
                    "Startup Cost": 70631.26,
                    "Total Cost": 100200.84,
                    "Plan Rows": 2334,
                    "Plan Width": 8,
                    "Actual Startup Time": 192.68,
                    "Actual Total Time": 290.188,
                    "Actual Rows": 4044,
                    "Actual Loops": 2,
                    "Inner Unique": true,
                    "Hash Cond": "(mk.movie_id = t.id)",
                    "Plans": [
                      {
                        "Node Type": "Bitmap Heap Scan",
                        "Parent Relationship": "Outer",
                        "Parallel Aware": true,
                        "Relation Name": "movie_keyword",
                        "Alias": "mk",
                        "Startup Cost": 12196.49,
                        "Total Cost": 40878.25,
                        "Plan Rows": 338221,
                        "Plan Width": 4,
                        "Actual Startup Time": 41.48,
                        "Actual Total Time": 112.746,
                        "Actual Rows": 281658,
                        "Actual Loops": 2,
                        "Recheck Cond": "(keyword_id > 32586)",
                        "Rows Removed by Index Recheck": 0,
                        "Exact Heap Blocks": 14283,
                        "Lossy Heap Blocks": 0,
                        "Plans": [
                          {
                            "Node Type": "Bitmap Index Scan",
                            "Parent Relationship": "Outer",
                            "Parallel Aware": false,
                            "Index Name": "keyword_id_movie_keyword",
                            "Startup Cost": 0.0,
                            "Total Cost": 12052.75,
                            "Plan Rows": 574975,
                            "Plan Width": 0,
                            "Actual Startup Time": 37.949,
                            "Actual Total Time": 37.95,
                            "Actual Rows": 563317,
                            "Actual Loops": 1,
                            "Index Cond": "(keyword_id > 32586)"
                          }
                        ]
                      },
                      {
                        "Node Type": "Hash",
                        "Parent Relationship": "Inner",
                        "Parallel Aware": true,
                        "Startup Cost": 58306.47,
                        "Total Cost": 58306.47,
                        "Plan Rows": 10264,
                        "Plan Width": 4,
                        "Actual Startup Time": 148.528,
                        "Actual Total Time": 148.529,
                        "Actual Rows": 7224,
                        "Actual Loops": 2,
                        "Hash Buckets": 32768,
                        "Original Hash Buckets": 32768,
                        "Hash Batches": 1,
                        "Original Hash Batches": 1,
                        "Peak Memory Usage": 864,
                        "Plans": [
                          {
                            "Node Type": "Seq Scan",
                            "Parent Relationship": "Outer",
                            "Parallel Aware": true,
                            "Relation Name": "title",
                            "Alias": "t",
                            "Startup Cost": 0.0,
                            "Total Cost": 58306.47,
                            "Plan Rows": 10264,
                            "Plan Width": 4,
                            "Actual Startup Time": 0.935,
                            "Actual Total Time": 145.875,
                            "Actual Rows": 7224,
                            "Actual Loops": 2,
                            "Filter": "((kind_id < 7) AND (production_year = 1998))",
                            "Rows Removed by Filter": 1256932
                          }
                        ]
                      }
                    ]
                  },
                  {
                    "Node Type": "Index Only Scan",
                    "Parent Relationship": "Inner",
                    "Parallel Aware": false,
                    "Scan Direction": "Forward",
                    "Index Name": "movie_id_movie_info",
                    "Relation Name": "movie_info",
                    "Alias": "mi",
                    "Startup Cost": 0.43,
                    "Total Cost": 2.67,
                    "Plan Rows": 42,
                    "Plan Width": 4,
                    "Actual Startup Time": 0.006,
                    "Actual Total Time": 0.027,
                    "Actual Rows": 82,
                    "Actual Loops": 8089,
                    "Index Cond": "(movie_id = mk.movie_id)",
                    "Rows Removed by Index Recheck": 0,
                    "Heap Fetches": 660564
                  }
                ]
              }
            ]
          }
        ]
      }
    ]
  },
  "Planning Time": 0.945,
  "Triggers": [],
  "Execution Time": 479.464
}