[
  {
    "Plan": {
      "Node Type": "Aggregate",
      "Strategy": "Plain",
      "Partial Mode": "Finalize",
      "Parallel Aware": false,
      "Startup Cost": 56061.63,
      "Total Cost": 56061.64,
      "Plan Rows": 1,
      "Plan Width": 8,
      "Actual Startup Time": 58.749,
      "Actual Total Time": 65.444,
      "Actual Rows": 1,
      "Actual Loops": 1,
      "Plans": [
        {
          "Node Type": "Gather",
          "Parent Relationship": "Outer",
          "Parallel Aware": false,
          "Startup Cost": 56061.21,
          "Total Cost": 56061.62,
          "Plan Rows": 4,
          "Plan Width": 8,
          "Actual Startup Time": 58.469,
          "Actual Total Time": 65.436,
          "Actual Rows": 5,
          "Actual Loops": 1,
          "Workers Planned": 4,
          "Workers Launched": 4,
          "Single Copy": false,
          "Plans": [
            {
              "Node Type": "Aggregate",
              "Strategy": "Plain",
              "Partial Mode": "Partial",
              "Parent Relationship": "Outer",
              "Parallel Aware": false,
              "Startup Cost": 55061.21,
              "Total Cost": 55061.22,
              "Plan Rows": 1,
              "Plan Width": 8,
              "Actual Startup Time": 50.751,
              "Actual Total Time": 50.752,
              "Actual Rows": 1,
              "Actual Loops": 5,
              "Plans": [
                {
                  "Node Type": "Nested Loop",
                  "Parent Relationship": "Outer",
                  "Parallel Aware": false,
                  "Join Type": "Inner",
                  "Startup Cost": 2169.65,
                  "Total Cost": 55052.62,
                  "Plan Rows": 3439,
                  "Plan Width": 0,
                  "Actual Startup Time": 9.222,
                  "Actual Total Time": 50.543,
                  "Actual Rows": 1961,
                  "Actual Loops": 5,
                  "Inner Unique": false,
                  "Plans": [
                    {
                      "Node Type": "Bitmap Heap Scan",
                      "Parent Relationship": "Outer",
                      "Parallel Aware": true,
                      "Relation Name": "title",
                      "Alias": "t",
                      "Startup Cost": 2169.22,
                      "Total Cost": 38622.65,
                      "Plan Rows": 1922,
                      "Plan Width": 4,
                      "Actual Startup Time": 8.262,
                      "Actual Total Time": 35.701,
                      "Actual Rows": 1037,
                      "Actual Loops": 5,
                      "Recheck Cond": "(kind_id = 4)",
                      "Rows Removed by Index Recheck": 0,
                      "Filter": "(production_year = 2012)",
                      "Rows Removed by Filter": 22610,
                      "Exact Heap Blocks": 6094,
                      "Lossy Heap Blocks": 0,
                      "Plans": [
                        {
                          "Node Type": "Bitmap Index Scan",
                          "Parent Relationship": "Outer",
                          "Parallel Aware": false,
                          "Index Name": "kind_id_title",
                          "Startup Cost": 0.0,
                          "Total Cost": 2167.3,
                          "Plan Rows": 121449,
                          "Plan Width": 0,
                          "Actual Startup Time": 11.707,
                          "Actual Total Time": 11.708,
                          "Actual Rows": 118234,
                          "Actual Loops": 1,
                          "Index Cond": "(kind_id = 4)"
                        }
                      ]
                    },
                    {
                      "Node Type": "Index Only Scan",
                      "Parent Relationship": "Inner",
                      "Parallel Aware": false,
                      "Scan Direction": "Forward",
                      "Index Name": "movie_id_movie_keyword",
                      "Relation Name": "movie_keyword",
                      "Alias": "mk",
                      "Startup Cost": 0.43,
                      "Total Cost": 8.09,
                      "Plan Rows": 46,
                      "Plan Width": 4,
                      "Actual Startup Time": 0.013,
                      "Actual Total Time": 0.013,
                      "Actual Rows": 2,
                      "Actual Loops": 5186,
                      "Index Cond": "(movie_id = t.id)",
                      "Rows Removed by Index Recheck": 0,
                      "Heap Fetches": 9807
                    }
                  ]
                }
              ]
            }
          ]
        }
      ]
    },
    "Planning Time": 0.396,
    "Triggers": [],
    "Execution Time": 65.507
  }
]