{
  "Plan": {
    "Node Type": "Aggregate",
    "Strategy": "Plain",
    "Partial Mode": "Finalize",
    "Parallel Aware": false,
    "Startup Cost": 149638.43,
    "Total Cost": 149638.44,
    "Plan Rows": 1,
    "Plan Width": 8,
    "Actual Startup Time": 1000.43,
    "Actual Total Time": 1014.022,
    "Actual Rows": 1,
    "Actual Loops": 1,
    "Plans": [
      {
        "Node Type": "Gather",
        "Parent Relationship": "Outer",
        "Parallel Aware": false,
        "Startup Cost": 149638.32,
        "Total Cost": 149638.43,
        "Plan Rows": 1,
        "Plan Width": 8,
        "Actual Startup Time": 997.541,
        "Actual Total Time": 1014.013,
        "Actual Rows": 2,
        "Actual Loops": 1,
        "Workers Planned": 1,
        "Workers Launched": 1,
        "Single Copy": false,
        "Plans": [
          {
            "Node Type": "Aggregate",
            "Strategy": "Plain",
            "Partial Mode": "Partial",
            "Parent Relationship": "Outer",
            "Parallel Aware": false,
            "Startup Cost": 148638.32,
            "Total Cost": 148638.33,
            "Plan Rows": 1,
            "Plan Width": 8,
            "Actual Startup Time": 990.05,
            "Actual Total Time": 990.657,
            "Actual Rows": 1,
            "Actual Loops": 2,
            "Plans": [
              {
                "Node Type": "Hash Join",
                "Parent Relationship": "Outer",
                "Parallel Aware": true,
                "Join Type": "Inner",
                "Startup Cost": 79197.43,
                "Total Cost": 148082.51,
                "Plan Rows": 222323,
                "Plan Width": 0,
                "Actual Startup Time": 435.974,
                "Actual Total Time": 889.025,
                "Actual Rows": 2461600,
                "Actual Loops": 2,
                "Inner Unique": false,
                "Hash Cond": "(mk.movie_id = t.id)",
                "Plans": [
                  {
                    "Node Type": "Seq Scan",
                    "Parent Relationship": "Outer",
                    "Parallel Aware": true,
                    "Relation Name": "movie_keyword",
                    "Alias": "mk",
                    "Startup Cost": 0.0,
                    "Total Cost": 57718.19,
                    "Plan Rows": 2629096,
                    "Plan Width": 4,
                    "Actual Startup Time": 0.022,
                    "Actual Total Time": 200.481,
                    "Actual Rows": 2237989,
                    "Actual Loops": 2,
                    "Filter": "(keyword_id > 47)",
                    "Rows Removed by Filter": 23976
                  },
                  {
                    "Node Type": "Hash",
                    "Parent Relationship": "Inner",
                    "Parallel Aware": true,
                    "Startup Cost": 77625.38,
                    "Total Cost": 77625.38,
                    "Plan Rows": 125764,
                    "Plan Width": 8,
                    "Actual Startup Time": 366.979,
                    "Actual Total Time": 367.583,
                    "Actual Rows": 201055,
                    "Actual Loops": 2,
                    "Hash Buckets": 524288,
                    "Original Hash Buckets": 262144,
                    "Hash Batches": 1,
                    "Original Hash Batches": 1,
                    "Peak Memory Usage": 21888,
                    "Plans": [
                      {
                        "Node Type": "Hash Join",
                        "Parent Relationship": "Outer",
                        "Parallel Aware": true,
                        "Join Type": "Inner",
                        "Startup Cost": 58114.13,
                        "Total Cost": 77625.38,
                        "Plan Rows": 125764,
                        "Plan Width": 8,
                        "Actual Startup Time": 220.427,
                        "Actual Total Time": 322.363,
                        "Actual Rows": 201055,
                        "Actual Loops": 2,
                        "Inner Unique": true,
                        "Hash Cond": "(mi_idx.movie_id = t.id)",
                        "Plans": [
                          {
                            "Node Type": "Seq Scan",
                            "Parent Relationship": "Outer",
                            "Parallel Aware": true,
                            "Relation Name": "movie_info_idx",
                            "Alias": "mi_idx",
                            "Startup Cost": 0.0,
                            "Total Cost": 18082.32,
                            "Plan Rows": 544356,
                            "Plan Width": 4,
                            "Actual Startup Time": 0.021,
                            "Actual Total Time": 62.971,
                            "Actual Rows": 460055,
                            "Actual Loops": 2,
                            "Filter": "(info_type_id > 99)",
                            "Rows Removed by Filter": 229962
                          },
                          {
                            "Node Type": "Hash",
                            "Parent Relationship": "Inner",
                            "Parallel Aware": true,
                            "Startup Cost": 53819.14,
                            "Total Cost": 53819.14,
                            "Plan Rows": 343599,
                            "Plan Width": 4,
                            "Actual Startup Time": 168.554,
                            "Actual Total Time": 168.555,
                            "Actual Rows": 297365,
                            "Actual Loops": 2,
                            "Hash Buckets": 1048576,
                            "Original Hash Buckets": 1048576,
                            "Hash Batches": 1,
                            "Original Hash Batches": 1,
                            "Peak Memory Usage": 31488,
                            "Plans": [
                              {
                                "Node Type": "Bitmap Heap Scan",
                                "Parent Relationship": "Outer",
                                "Parallel Aware": true,
                                "Relation Name": "title",
                                "Alias": "t",
                                "Startup Cost": 11968.88,
                                "Total Cost": 53819.14,
                                "Plan Rows": 343599,
                                "Plan Width": 4,
                                "Actual Startup Time": 31.201,
                                "Actual Total Time": 99.674,
                                "Actual Rows": 297365,
                                "Actual Loops": 2,
                                "Recheck Cond": "(kind_id = 1)",
                                "Rows Removed by Index Recheck": 0,
                                "Filter": "(production_year < 2012)",
                                "Rows Removed by Filter": 34048,
                                "Exact Heap Blocks": 7749,
                                "Lossy Heap Blocks": 0,
                                "Plans": [
                                  {
                                    "Node Type": "Bitmap Index Scan",
                                    "Parent Relationship": "Outer",
                                    "Parallel Aware": false,
                                    "Index Name": "kind_id_title",
                                    "Startup Cost": 0.0,
                                    "Total Cost": 11822.85,
                                    "Plan Rows": 663256,
                                    "Plan Width": 0,
                                    "Actual Startup Time": 29.338,
                                    "Actual Total Time": 29.338,
                                    "Actual Rows": 662825,
                                    "Actual Loops": 1,
                                    "Index Cond": "(kind_id = 1)"
                                  }
                                ]
                              }
                            ]
                          }
                        ]
                      }
                    ]
                  }
                ]
              }
            ]
          }
        ]
      }
    ]
  },
  "Planning Time": 1.132,
  "Triggers": [],
  "Execution Time": 1014.123
}