{
  "Plan": {
    "Node Type": "Aggregate",
    "Strategy": "Plain",
    "Partial Mode": "Finalize",
    "Parallel Aware": false,
    "Startup Cost": 344656.19,
    "Total Cost": 344656.2,
    "Plan Rows": 1,
    "Plan Width": 8,
    "Actual Startup Time": 1828.432,
    "Actual Total Time": 1877.888,
    "Actual Rows": 1,
    "Actual Loops": 1,
    "Plans": [
      {
        "Node Type": "Gather",
        "Parent Relationship": "Outer",
        "Parallel Aware": false,
        "Startup Cost": 344656.08,
        "Total Cost": 344656.19,
        "Plan Rows": 1,
        "Plan Width": 8,
        "Actual Startup Time": 1826.905,
        "Actual Total Time": 1877.881,
        "Actual Rows": 2,
        "Actual Loops": 1,
        "Workers Planned": 1,
        "Workers Launched": 1,
        "Single Copy": false,
        "Plans": [
          {
            "Node Type": "Aggregate",
            "Strategy": "Plain",
            "Partial Mode": "Partial",
            "Parent Relationship": "Outer",
            "Parallel Aware": false,
            "Startup Cost": 343656.08,
            "Total Cost": 343656.09,
            "Plan Rows": 1,
            "Plan Width": 8,
            "Actual Startup Time": 1820.752,
            "Actual Total Time": 1820.755,
            "Actual Rows": 1,
            "Actual Loops": 2,
            "Plans": [
              {
                "Node Type": "Hash Join",
                "Parent Relationship": "Outer",
                "Parallel Aware": true,
                "Join Type": "Inner",
                "Startup Cost": 60883.71,
                "Total Cost": 340711.23,
                "Plan Rows": 1177939,
                "Plan Width": 0,
                "Actual Startup Time": 336.39,
                "Actual Total Time": 1739.004,
                "Actual Rows": 1694282,
                "Actual Loops": 2,
                "Inner Unique": true,
                "Hash Cond": "(mi.movie_id = t.id)",
                "Plans": [
                  {
                    "Node Type": "Seq Scan",
                    "Parent Relationship": "Outer",
                    "Parallel Aware": true,
                    "Relation Name": "movie_info",
                    "Alias": "mi",
                    "Startup Cost": 0.0,
                    "Total Cost": 270696.42,
                    "Plan Rows": 3478509,
                    "Plan Width": 4,
                    "Actual Startup Time": 41.246,
                    "Actual Total Time": 775.986,
                    "Actual Rows": 2934513,
                    "Actual Loops": 2,
                    "Filter": "(info_type_id > 13)",
                    "Rows Removed by Filter": 4483347
                  },
                  {
                    "Node Type": "Hash",
                    "Parent Relationship": "Inner",
                    "Parallel Aware": true,
                    "Startup Cost": 54588.39,
                    "Total Cost": 54588.39,
                    "Plan Rows": 503626,
                    "Plan Width": 4,
                    "Actual Startup Time": 286.225,
                    "Actual Total Time": 286.226,
                    "Actual Rows": 427107,
                    "Actual Loops": 2,
                    "Hash Buckets": 1048576,
                    "Original Hash Buckets": 1048576,
                    "Hash Batches": 1,
                    "Original Hash Batches": 1,
                    "Peak Memory Usage": 41632,
                    "Plans": [
                      {
                        "Node Type": "Seq Scan",
                        "Parent Relationship": "Outer",
                        "Parallel Aware": true,
                        "Relation Name": "title",
                        "Alias": "t",
                        "Startup Cost": 0.0,
                        "Total Cost": 54588.39,
                        "Plan Rows": 503626,
                        "Plan Width": 4,
                        "Actual Startup Time": 0.056,
                        "Actual Total Time": 176.507,
                        "Actual Rows": 427107,
                        "Actual Loops": 2,
                        "Filter": "(kind_id < 4)",
                        "Rows Removed by Filter": 837049
                      }
                    ]
                  }
                ]
              }
            ]
          }
        ]
      }
    ]
  },
  "Planning Time": 0.632,
  "Triggers": [],
  "Execution Time": 1877.967
}