{
  "Plan": {
    "Node Type": "Aggregate",
    "Strategy": "Plain",
    "Partial Mode": "Finalize",
    "Parallel Aware": false,
    "Startup Cost": 1015720.73,
    "Total Cost": 1015720.74,
    "Plan Rows": 1,
    "Plan Width": 8,
    "Actual Startup Time": 17597.143,
    "Actual Total Time": 17652.338,
    "Actual Rows": 1,
    "Actual Loops": 1,
    "Plans": [
      {
        "Node Type": "Gather",
        "Parent Relationship": "Outer",
        "Parallel Aware": false,
        "Startup Cost": 1015720.62,
        "Total Cost": 1015720.73,
        "Plan Rows": 1,
        "Plan Width": 8,
        "Actual Startup Time": 17584.612,
        "Actual Total Time": 17652.33,
        "Actual Rows": 2,
        "Actual Loops": 1,
        "Workers Planned": 1,
        "Workers Launched": 1,
        "Single Copy": false,
        "Plans": [
          {
            "Node Type": "Aggregate",
            "Strategy": "Plain",
            "Partial Mode": "Partial",
            "Parent Relationship": "Outer",
            "Parallel Aware": false,
            "Startup Cost": 1014720.62,
            "Total Cost": 1014720.63,
            "Plan Rows": 1,
            "Plan Width": 8,
            "Actual Startup Time": 17571.55,
            "Actual Total Time": 17571.556,
            "Actual Rows": 1,
            "Actual Loops": 2,
            "Plans": [
              {
                "Node Type": "Hash Join",
                "Parent Relationship": "Outer",
                "Parallel Aware": true,
                "Join Type": "Inner",
                "Startup Cost": 158306.78,
                "Total Cost": 941735.75,
                "Plan Rows": 29193949,
                "Plan Width": 0,
                "Actual Startup Time": 1977.414,
                "Actual Total Time": 14020.905,
                "Actual Rows": 88910237,
                "Actual Loops": 2,
                "Inner Unique": false,
                "Hash Cond": "(ci.movie_id = t.id)",
                "Plans": [
                  {
                    "Node Type": "Seq Scan",
                    "Parent Relationship": "Outer",
                    "Parallel Aware": true,
                    "Relation Name": "cast_info",
                    "Alias": "ci",
                    "Startup Cost": 0.0,
                    "Total Cost": 519069.44,
                    "Plan Rows": 18526087,
                    "Plan Width": 4,
                    "Actual Startup Time": 130.777,
                    "Actual Total Time": 1722.395,
                    "Actual Rows": 15685088,
                    "Actual Loops": 2,
                    "Filter": "(person_id > 473344)",
                    "Rows Removed by Filter": 2437084
                  },
                  {
                    "Node Type": "Hash",
                    "Parent Relationship": "Inner",
                    "Parallel Aware": true,
                    "Startup Cost": 129011.51,
                    "Total Cost": 129011.51,
                    "Plan Rows": 2343622,
                    "Plan Width": 8,
                    "Actual Startup Time": 1825.389,
                    "Actual Total Time": 1825.393,
                    "Actual Rows": 2174086,
                    "Actual Loops": 2,
                    "Hash Buckets": 8388608,
                    "Original Hash Buckets": 4194304,
                    "Hash Batches": 1,
                    "Original Hash Batches": 1,
                    "Peak Memory Usage": 268448,
                    "Plans": [
                      {
                        "Node Type": "Hash Join",
                        "Parent Relationship": "Outer",
                        "Parallel Aware": true,
                        "Join Type": "Inner",
                        "Startup Cost": 70960.66,
                        "Total Cost": 129011.51,
                        "Plan Rows": 2343622,
                        "Plan Width": 8,
                        "Actual Startup Time": 583.367,
                        "Actual Total Time": 1261.413,
                        "Actual Rows": 2174086,
                        "Actual Loops": 2,
                        "Inner Unique": true,
                        "Hash Cond": "(mk.movie_id = t.id)",
                        "Plans": [
                          {
                            "Node Type": "Seq Scan",
                            "Parent Relationship": "Outer",
                            "Parallel Aware": true,
                            "Relation Name": "movie_keyword",
                            "Alias": "mk",
                            "Startup Cost": 0.0,
                            "Total Cost": 51065.35,
                            "Plan Rows": 2661135,
                            "Plan Width": 4,
                            "Actual Startup Time": 0.012,
                            "Actual Total Time": 193.431,
                            "Actual Rows": 2261965,
                            "Actual Loops": 2
                          },
                          {
                            "Node Type": "Hash",
                            "Parent Relationship": "Inner",
                            "Parallel Aware": true,
                            "Startup Cost": 54588.39,
                            "Total Cost": 54588.39,
                            "Plan Rows": 1309782,
                            "Plan Width": 4,
                            "Actual Startup Time": 571.755,
                            "Actual Total Time": 571.756,
                            "Actual Rows": 1112284,
                            "Actual Loops": 2,
                            "Hash Buckets": 4194304,
                            "Original Hash Buckets": 4194304,
                            "Hash Batches": 1,
                            "Original Hash Batches": 1,
                            "Peak Memory Usage": 119840,
                            "Plans": [
                              {
                                "Node Type": "Seq Scan",
                                "Parent Relationship": "Outer",
                                "Parallel Aware": true,
                                "Relation Name": "title",
                                "Alias": "t",
                                "Startup Cost": 0.0,
                                "Total Cost": 54588.39,
                                "Plan Rows": 1309782,
                                "Plan Width": 4,
                                "Actual Startup Time": 0.033,
                                "Actual Total Time": 210.646,
                                "Actual Rows": 1112284,
                                "Actual Loops": 2,
                                "Filter": "(production_year < 2012)",
                                "Rows Removed by Filter": 151872
                              }
                            ]
                          }
                        ]
                      }
                    ]
                  }
                ]
              }
            ]
          }
        ]
      }
    ]
  },
  "Planning Time": 0.844,
  "Triggers": [],
  "Execution Time": 17652.421
}