[
  {
    "Plan": {
      "Node Type": "Aggregate",
      "Strategy": "Plain",
      "Partial Mode": "Finalize",
      "Parallel Aware": false,
      "Startup Cost": 284461.28,
      "Total Cost": 284461.29,
      "Plan Rows": 1,
      "Plan Width": 8,
      "Actual Startup Time": 2323.521,
      "Actual Total Time": 2383.167,
      "Actual Rows": 1,
      "Actual Loops": 1,
      "Plans": [
        {
          "Node Type": "Gather",
          "Parent Relationship": "Outer",
          "Parallel Aware": false,
          "Startup Cost": 284460.76,
          "Total Cost": 284461.27,
          "Plan Rows": 5,
          "Plan Width": 8,
          "Actual Startup Time": 2313.723,
          "Actual Total Time": 2383.148,
          "Actual Rows": 6,
          "Actual Loops": 1,
          "Workers Planned": 5,
          "Workers Launched": 5,
          "Single Copy": false,
          "Plans": [
            {
              "Node Type": "Aggregate",
              "Strategy": "Plain",
              "Partial Mode": "Partial",
              "Parent Relationship": "Outer",
              "Parallel Aware": false,
              "Startup Cost": 283460.76,
              "Total Cost": 283460.77,
              "Plan Rows": 1,
              "Plan Width": 8,
              "Actual Startup Time": 2306.55,
              "Actual Total Time": 2306.631,
              "Actual Rows": 1,
              "Actual Loops": 6,
              "Plans": [
                {
                  "Node Type": "Hash Join",
                  "Parent Relationship": "Outer",
                  "Parallel Aware": true,
                  "Join Type": "Inner",
                  "Startup Cost": 77838.38,
                  "Total Cost": 282237.08,
                  "Plan Rows": 489470,
                  "Plan Width": 0,
                  "Actual Startup Time": 437.476,
                  "Actual Total Time": 2007.225,
                  "Actual Rows": 4703119,
                  "Actual Loops": 6,
                  "Inner Unique": false,
                  "Hash Cond": "(mi.movie_id = t.id)",
                  "Plans": [
                    {
                      "Node Type": "Seq Scan",
                      "Parent Relationship": "Outer",
                      "Parallel Aware": true,
                      "Relation Name": "movie_info",
                      "Alias": "mi",
                      "Startup Cost": 0.0,
                      "Total Cost": 191685.19,
                      "Plan Rows": 2969219,
                      "Plan Width": 4,
                      "Actual Startup Time": 0.075,
                      "Actual Total Time": 461.115,
                      "Actual Rows": 2472620,
                      "Actual Loops": 6
                    },
                    {
                      "Node Type": "Hash",
                      "Parent Relationship": "Inner",
                      "Parallel Aware": true,
                      "Startup Cost": 76157.7,
                      "Total Cost": 76157.7,
                      "Plan Rows": 134454,
                      "Plan Width": 8,
                      "Actual Startup Time": 414.973,
                      "Actual Total Time": 415.053,
                      "Actual Rows": 89829,
                      "Actual Loops": 6,
                      "Hash Buckets": 1048576,
                      "Original Hash Buckets": 524288,
                      "Hash Batches": 1,
                      "Original Hash Batches": 1,
                      "Peak Memory Usage": 33472,
                      "Plans": [
                        {
                          "Node Type": "Hash Join",
                          "Parent Relationship": "Outer",
                          "Parallel Aware": true,
                          "Join Type": "Inner",
                          "Startup Cost": 46741.81,
                          "Total Cost": 76157.7,
                          "Plan Rows": 134454,
                          "Plan Width": 8,
                          "Actual Startup Time": 166.223,
                          "Actual Total Time": 333.49,
                          "Actual Rows": 89829,
                          "Actual Loops": 6,
                          "Inner Unique": true,
                          "Hash Cond": "(mc.movie_id = t.id)",
                          "Plans": [
                            {
                              "Node Type": "Seq Scan",
                              "Parent Relationship": "Outer",
                              "Parallel Aware": true,
                              "Relation Name": "movie_companies",
                              "Alias": "mc",
                              "Startup Cost": 0.0,
                              "Total Cost": 27206.55,
                              "Plan Rows": 841655,
                              "Plan Width": 4,
                              "Actual Startup Time": 0.019,
                              "Actual Total Time": 72.975,
                              "Actual Rows": 434855,
                              "Actual Loops": 6
                            },
                            {
                              "Node Type": "Hash",
                              "Parent Relationship": "Inner",
                              "Parallel Aware": true,
                              "Startup Cost": 45479.59,
                              "Total Cost": 45479.59,
                              "Plan Rows": 100978,
                              "Plan Width": 4,
                              "Actual Startup Time": 133.011,
                              "Actual Total Time": 133.013,
                              "Actual Rows": 49461,
                              "Actual Loops": 6,
                              "Hash Buckets": 524288,
                              "Original Hash Buckets": 524288,
                              "Hash Batches": 1,
                              "Original Hash Batches": 1,
                              "Peak Memory Usage": 15808,
                              "Plans": [
                                {
                                  "Node Type": "Seq Scan",
                                  "Parent Relationship": "Outer",
                                  "Parallel Aware": true,
                                  "Relation Name": "title",
                                  "Alias": "t",
                                  "Startup Cost": 0.0,
                                  "Total Cost": 45479.59,
                                  "Plan Rows": 100978,
                                  "Plan Width": 4,
                                  "Actual Startup Time": 47.729,
                                  "Actual Total Time": 102.794,
                                  "Actual Rows": 49461,
                                  "Actual Loops": 6,
                                  "Filter": "((production_year > 1997) AND (kind_id = 1))",
                                  "Rows Removed by Filter": 371924
                                }
                              ]
                            }
                          ]
                        }
                      ]
                    }
                  ]
                }
              ]
            }
          ]
        }
      ]
    },
    "Planning Time": 0.622,
    "Triggers": [],
    "Execution Time": 2383.236
  }
]