{
  "Plan": {
    "Node Type": "Hash Join",
    "Parallel Aware": false,
    "Join Type": "Inner",
    "Startup Cost": 195416.99,
    "Total Cost": 2112635.79,
    "Plan Rows": 29919790,
    "Plan Width": 4,
    "Actual Startup Time": 2498.34,
    "Actual Total Time": 45476.959,
    "Actual Rows": 66816955,
    "Actual Loops": 1,
    "Inner Unique": true,
    "Hash Cond": "(mc.company_id = cn.id)",
    "Plans": [
      {
        "Node Type": "Hash Join",
        "Parent Relationship": "Outer",
        "Parallel Aware": false,
        "Join Type": "Inner",
        "Startup Cost": 187134.56,
        "Total Cost": 2025812.5,
        "Plan Rows": 29919790,
        "Plan Width": 4,
        "Actual Startup Time": 2428.018,
        "Actual Total Time": 34060.188,
        "Actual Rows": 66816955,
        "Actual Loops": 1,
        "Inner Unique": true,
        "Hash Cond": "(t.kind_id = kt.id)",
        "Plans": [
          {
            "Node Type": "Hash Join",
            "Parent Relationship": "Outer",
            "Parallel Aware": false,
            "Join Type": "Inner",
            "Startup Cost": 187133.4,
            "Total Cost": 1899720.79,
            "Plan Rows": 29919790,
            "Plan Width": 8,
            "Actual Startup Time": 2427.995,
            "Actual Total Time": 26788.482,
            "Actual Rows": 66816955,
            "Actual Loops": 1,
            "Inner Unique": false,
            "Hash Cond": "(ci.movie_id = mc.movie_id)",
            "Plans": [
              {
                "Node Type": "Seq Scan",
                "Parent Relationship": "Outer",
                "Parallel Aware": false,
                "Relation Name": "cast_info",
                "Alias": "ci",
                "Startup Cost": 0.0,
                "Total Cost": 615265.24,
                "Plan Rows": 36257824,
                "Plan Width": 4,
                "Actual Startup Time": 0.009,
                "Actual Total Time": 2483.11,
                "Actual Rows": 36244344,
                "Actual Loops": 1
              },
              {
                "Node Type": "Hash",
                "Parent Relationship": "Inner",
                "Parallel Aware": false,
                "Startup Cost": 161051.98,
                "Total Cost": 161051.98,
                "Plan Rows": 2086514,
                "Plan Width": 16,
                "Actual Startup Time": 2424.862,
                "Actual Total Time": 2424.867,
                "Actual Rows": 2087248,
                "Actual Loops": 1,
                "Hash Buckets": 2097152,
                "Original Hash Buckets": 2097152,
                "Hash Batches": 1,
                "Original Hash Batches": 1,
                "Peak Memory Usage": 114224,
                "Plans": [
                  {
                    "Node Type": "Hash Join",
                    "Parent Relationship": "Outer",
                    "Parallel Aware": false,
                    "Join Type": "Inner",
                    "Startup Cost": 92890.54,
                    "Total Cost": 161051.98,
                    "Plan Rows": 2086514,
                    "Plan Width": 16,
                    "Actual Startup Time": 821.759,
                    "Actual Total Time": 2012.439,
                    "Actual Rows": 2087248,
                    "Actual Loops": 1,
                    "Inner Unique": true,
                    "Hash Cond": "(mc.movie_id = t.id)",
                    "Plans": [
                      {
                        "Node Type": "Hash Join",
                        "Parent Relationship": "Outer",
                        "Parallel Aware": false,
                        "Join Type": "Inner",
                        "Startup Cost": 1.09,
                        "Total Cost": 62685.41,
                        "Plan Rows": 2086514,
                        "Plan Width": 8,
                        "Actual Startup Time": 0.033,
                        "Actual Total Time": 517.234,
                        "Actual Rows": 2087248,
                        "Actual Loops": 1,
                        "Inner Unique": true,
                        "Hash Cond": "(mc.company_type_id = ct.id)",
                        "Plans": [
                          {
                            "Node Type": "Seq Scan",
                            "Parent Relationship": "Outer",
                            "Parallel Aware": false,
                            "Relation Name": "movie_companies",
                            "Alias": "mc",
                            "Startup Cost": 0.0,
                            "Total Cost": 51404.11,
                            "Plan Rows": 2086514,
                            "Plan Width": 12,
                            "Actual Startup Time": 0.011,
                            "Actual Total Time": 240.43,
                            "Actual Rows": 2087248,
                            "Actual Loops": 1,
                            "Filter": "(company_id < 73232)",
                            "Rows Removed by Filter": 521881
                          },
                          {
                            "Node Type": "Hash",
                            "Parent Relationship": "Inner",
                            "Parallel Aware": false,
                            "Startup Cost": 1.04,
                            "Total Cost": 1.04,
                            "Plan Rows": 4,
                            "Plan Width": 4,
                            "Actual Startup Time": 0.008,
                            "Actual Total Time": 0.009,
                            "Actual Rows": 4,
                            "Actual Loops": 1,
                            "Hash Buckets": 1024,
                            "Original Hash Buckets": 1024,
                            "Hash Batches": 1,
                            "Original Hash Batches": 1,
                            "Peak Memory Usage": 9,
                            "Plans": [
                              {
                                "Node Type": "Seq Scan",
                                "Parent Relationship": "Outer",
                                "Parallel Aware": false,
                                "Relation Name": "company_type",
                                "Alias": "ct",
                                "Startup Cost": 0.0,
                                "Total Cost": 1.04,
                                "Plan Rows": 4,
                                "Plan Width": 4,
                                "Actual Startup Time": 0.005,
                                "Actual Total Time": 0.006,
                                "Actual Rows": 4,
                                "Actual Loops": 1
                              }
                            ]
                          }
                        ]
                      },
                      {
                        "Node Type": "Hash",
                        "Parent Relationship": "Inner",
                        "Parallel Aware": false,
                        "Startup Cost": 61283.09,
                        "Total Cost": 61283.09,
                        "Plan Rows": 2528509,
                        "Plan Width": 8,
                        "Actual Startup Time": 814.57,
                        "Actual Total Time": 814.571,
                        "Actual Rows": 2528312,
                        "Actual Loops": 1,
                        "Hash Buckets": 4194304,
                        "Original Hash Buckets": 4194304,
                        "Hash Batches": 1,
                        "Original Hash Batches": 1,
                        "Peak Memory Usage": 131531,
                        "Plans": [
                          {
                            "Node Type": "Seq Scan",
                            "Parent Relationship": "Outer",
                            "Parallel Aware": false,
                            "Relation Name": "title",
                            "Alias": "t",
                            "Startup Cost": 0.0,
                            "Total Cost": 61283.09,
                            "Plan Rows": 2528509,
                            "Plan Width": 8,
                            "Actual Startup Time": 0.011,
                            "Actual Total Time": 277.709,
                            "Actual Rows": 2528312,
                            "Actual Loops": 1
                          }
                        ]
                      }
                    ]
                  }
                ]
              }
            ]
          },
          {
            "Node Type": "Hash",
            "Parent Relationship": "Inner",
            "Parallel Aware": false,
            "Startup Cost": 1.07,
            "Total Cost": 1.07,
            "Plan Rows": 7,
            "Plan Width": 4,
            "Actual Startup Time": 0.013,
            "Actual Total Time": 0.013,
            "Actual Rows": 7,
            "Actual Loops": 1,
            "Hash Buckets": 1024,
            "Original Hash Buckets": 1024,
            "Hash Batches": 1,
            "Original Hash Batches": 1,
            "Peak Memory Usage": 9,
            "Plans": [
              {
                "Node Type": "Seq Scan",
                "Parent Relationship": "Outer",
                "Parallel Aware": false,
                "Relation Name": "kind_type",
                "Alias": "kt",
                "Startup Cost": 0.0,
                "Total Cost": 1.07,
                "Plan Rows": 7,
                "Plan Width": 4,
                "Actual Startup Time": 0.009,
                "Actual Total Time": 0.01,
                "Actual Rows": 7,
                "Actual Loops": 1
              }
            ]
          }
        ]
      },
      {
        "Node Type": "Hash",
        "Parent Relationship": "Inner",
        "Parallel Aware": false,
        "Startup Cost": 5344.97,
        "Total Cost": 5344.97,
        "Plan Rows": 234997,
        "Plan Width": 4,
        "Actual Startup Time": 69.943,
        "Actual Total Time": 69.944,
        "Actual Rows": 234997,
        "Actual Loops": 1,
        "Hash Buckets": 262144,
        "Original Hash Buckets": 262144,
        "Hash Batches": 1,
        "Original Hash Batches": 1,
        "Peak Memory Usage": 10310,
        "Plans": [
          {
            "Node Type": "Seq Scan",
            "Parent Relationship": "Outer",
            "Parallel Aware": false,
            "Relation Name": "company_name",
            "Alias": "cn",
            "Startup Cost": 0.0,
            "Total Cost": 5344.97,
            "Plan Rows": 234997,
            "Plan Width": 4,
            "Actual Startup Time": 0.029,
            "Actual Total Time": 33.81,
            "Actual Rows": 234997,
            "Actual Loops": 1
          }
        ]
      }
    ]
  },
  "Planning Time": 1.301,
  "Triggers": [],
  "Execution Time": 47444.799
}