[
  {
    "Plan": {
      "Node Type": "Aggregate",
      "Strategy": "Plain",
      "Partial Mode": "Simple",
      "Parallel Aware": false,
      "Startup Cost": 987.49,
      "Total Cost": 987.5,
      "Plan Rows": 1,
      "Plan Width": 8,
      "Actual Startup Time": 8.421,
      "Actual Total Time": 8.423,
      "Actual Rows": 1,
      "Actual Loops": 1,
      "Plans": [
        {
          "Node Type": "Index Scan",
          "Parent Relationship": "Outer",
          "Parallel Aware": false,
          "Scan Direction": "Forward",
          "Index Name": "person_id_cast_info",
          "Relation Name": "cast_info",
          "Alias": "ci",
          "Startup Cost": 0.56,
          "Total Cost": 987.07,
          "Plan Rows": 170,
          "Plan Width": 0,
          "Actual Startup Time": 8.41,
          "Actual Total Time": 8.413,
          "Actual Rows": 1,
          "Actual Loops": 1,
          "Index Cond": "(person_id = 406987)",
          "Rows Removed by Index Recheck": 0,
          "Filter": "(role_id = 1)",
          "Rows Removed by Filter": 0
        }
      ]
    },
    "Planning Time": 0.118,
    "Triggers": [],
    "Execution Time": 8.455
  }
]