[
  {
    "Plan": {
      "Node Type": "Aggregate",
      "Strategy": "Plain",
      "Partial Mode": "Finalize",
      "Parallel Aware": false,
      "Startup Cost": 77978.26,
      "Total Cost": 77978.27,
      "Plan Rows": 1,
      "Plan Width": 8,
      "Actual Startup Time": 261.489,
      "Actual Total Time": 279.539,
      "Actual Rows": 1,
      "Actual Loops": 1,
      "Plans": [
        {
          "Node Type": "Gather",
          "Parent Relationship": "Outer",
          "Parallel Aware": false,
          "Startup Cost": 77977.94,
          "Total Cost": 77978.25,
          "Plan Rows": 3,
          "Plan Width": 8,
          "Actual Startup Time": 260.069,
          "Actual Total Time": 279.528,
          "Actual Rows": 4,
          "Actual Loops": 1,
          "Workers Planned": 3,
          "Workers Launched": 3,
          "Single Copy": false,
          "Plans": [
            {
              "Node Type": "Aggregate",
              "Strategy": "Plain",
              "Partial Mode": "Partial",
              "Parent Relationship": "Outer",
              "Parallel Aware": false,
              "Startup Cost": 76977.94,
              "Total Cost": 76977.95,
              "Plan Rows": 1,
              "Plan Width": 8,
              "Actual Startup Time": 251.482,
              "Actual Total Time": 251.485,
              "Actual Rows": 1,
              "Actual Loops": 4,
              "Plans": [
                {
                  "Node Type": "Hash Join",
                  "Parent Relationship": "Outer",
                  "Parallel Aware": true,
                  "Join Type": "Inner",
                  "Startup Cost": 46935.47,
                  "Total Cost": 76868.69,
                  "Plan Rows": 43699,
                  "Plan Width": 0,
                  "Actual Startup Time": 153.879,
                  "Actual Total Time": 248.582,
                  "Actual Rows": 61173,
                  "Actual Loops": 4,
                  "Inner Unique": true,
                  "Hash Cond": "(mc.movie_id = t.id)",
                  "Plans": [
                    {
                      "Node Type": "Seq Scan",
                      "Parent Relationship": "Outer",
                      "Parallel Aware": true,
                      "Relation Name": "movie_companies",
                      "Alias": "mc",
                      "Startup Cost": 0.0,
                      "Total Cost": 29310.68,
                      "Plan Rows": 237158,
                      "Plan Width": 4,
                      "Actual Startup Time": 16.544,
                      "Actual Total Time": 67.434,
                      "Actual Rows": 182320,
                      "Actual Loops": 4,
                      "Filter": "(company_id > 40713)",
                      "Rows Removed by Filter": 469962
                    },
                    {
                      "Node Type": "Hash",
                      "Parent Relationship": "Inner",
                      "Parallel Aware": true,
                      "Startup Cost": 45479.59,
                      "Total Cost": 45479.59,
                      "Plan Rows": 116471,
                      "Plan Width": 4,
                      "Actual Startup Time": 134.98,
                      "Actual Total Time": 134.981,
                      "Actual Rows": 85186,
                      "Actual Loops": 4,
                      "Hash Buckets": 524288,
                      "Original Hash Buckets": 524288,
                      "Hash Batches": 1,
                      "Original Hash Batches": 1,
                      "Peak Memory Usage": 17504,
                      "Plans": [
                        {
                          "Node Type": "Seq Scan",
                          "Parent Relationship": "Outer",
                          "Parallel Aware": true,
                          "Relation Name": "title",
                          "Alias": "t",
                          "Startup Cost": 0.0,
                          "Total Cost": 45479.59,
                          "Plan Rows": 116471,
                          "Plan Width": 4,
                          "Actual Startup Time": 46.158,
                          "Actual Total Time": 105.189,
                          "Actual Rows": 85186,
                          "Actual Loops": 4,
                          "Filter": "((production_year > 1989) AND (kind_id = 1))",
                          "Rows Removed by Filter": 546892
                        }
                      ]
                    }
                  ]
                }
              ]
            }
          ]
        }
      ]
    },
    "Planning Time": 0.261,
    "Triggers": [],
    "Execution Time": 279.576
  }
]