[
  {
    "Plan": {
      "Node Type": "Aggregate",
      "Strategy": "Plain",
      "Partial Mode": "Finalize",
      "Parallel Aware": false,
      "Startup Cost": 46714.55,
      "Total Cost": 46714.56,
      "Plan Rows": 1,
      "Plan Width": 8,
      "Actual Startup Time": 104.217,
      "Actual Total Time": 115.927,
      "Actual Rows": 1,
      "Actual Loops": 1,
      "Plans": [
        {
          "Node Type": "Gather",
          "Parent Relationship": "Outer",
          "Parallel Aware": false,
          "Startup Cost": 46714.13,
          "Total Cost": 46714.54,
          "Plan Rows": 4,
          "Plan Width": 8,
          "Actual Startup Time": 104.089,
          "Actual Total Time": 115.918,
          "Actual Rows": 5,
          "Actual Loops": 1,
          "Workers Planned": 4,
          "Workers Launched": 4,
          "Single Copy": false,
          "Plans": [
            {
              "Node Type": "Aggregate",
              "Strategy": "Plain",
              "Partial Mode": "Partial",
              "Parent Relationship": "Outer",
              "Parallel Aware": false,
              "Startup Cost": 45714.13,
              "Total Cost": 45714.14,
              "Plan Rows": 1,
              "Plan Width": 8,
              "Actual Startup Time": 96.958,
              "Actual Total Time": 96.959,
              "Actual Rows": 1,
              "Actual Loops": 5,
              "Plans": [
                {
                  "Node Type": "Seq Scan",
                  "Parent Relationship": "Outer",
                  "Parallel Aware": true,
                  "Relation Name": "title",
                  "Alias": "t",
                  "Startup Cost": 0.0,
                  "Total Cost": 45479.1,
                  "Plan Rows": 94014,
                  "Plan Width": 0,
                  "Actual Startup Time": 56.287,
                  "Actual Total Time": 92.593,
                  "Actual Rows": 88006,
                  "Actual Loops": 5,
                  "Filter": "((production_year < 2006) AND (kind_id = 1))",
                  "Rows Removed by Filter": 417657
                }
              ]
            }
          ]
        }
      ]
    },
    "Planning Time": 0.123,
    "Triggers": [],
    "Execution Time": 115.972
  }
]