[
    {
        "Bao": {
            "Bao prediction": "NaN",
            "Bao recommended hint": "(no hint)"
        }
    },
    {
        "Plan": {
            "Node Type": "Aggregate",
            "Strategy": "Plain",
            "Partial Mode": "Finalize",
            "Parallel Aware": false,
            "Startup Cost": 33436.74,
            "Total Cost": 33436.75,
            "Plan Rows": 1,
            "Plan Width": 8,
            "Actual Startup Time": 136.48,
            "Actual Total Time": 143.846,
            "Actual Rows": 1,
            "Actual Loops": 1,
            "Output": [
                "count(*)"
            ],
            "Plans": [
                {
                    "Node Type": "Gather",
                    "Parent Relationship": "Outer",
                    "Parallel Aware": false,
                    "Startup Cost": 33436.42,
                    "Total Cost": 33436.73,
                    "Plan Rows": 3,
                    "Plan Width": 8,
                    "Actual Startup Time": 136.359,
                    "Actual Total Time": 143.837,
                    "Actual Rows": 4,
                    "Actual Loops": 1,
                    "Output": [
                        "(PARTIAL count(*))"
                    ],
                    "Workers Planned": 3,
                    "Workers Launched": 3,
                    "Single Copy": false,
                    "Plans": [
                        {
                            "Node Type": "Aggregate",
                            "Strategy": "Plain",
                            "Partial Mode": "Partial",
                            "Parent Relationship": "Outer",
                            "Parallel Aware": false,
                            "Startup Cost": 32436.42,
                            "Total Cost": 32436.43,
                            "Plan Rows": 1,
                            "Plan Width": 8,
                            "Actual Startup Time": 128.078,
                            "Actual Total Time": 128.08,
                            "Actual Rows": 1,
                            "Actual Loops": 4,
                            "Output": [
                                "PARTIAL count(*)"
                            ],
                            "Workers": [
                                {
                                    "Worker Number": 0,
                                    "Actual Startup Time": 124.941,
                                    "Actual Total Time": 124.942,
                                    "Actual Rows": 1,
                                    "Actual Loops": 1
                                },
                                {
                                    "Worker Number": 1,
                                    "Actual Startup Time": 125.478,
                                    "Actual Total Time": 125.48,
                                    "Actual Rows": 1,
                                    "Actual Loops": 1
                                },
                                {
                                    "Worker Number": 2,
                                    "Actual Startup Time": 125.946,
                                    "Actual Total Time": 125.948,
                                    "Actual Rows": 1,
                                    "Actual Loops": 1
                                }
                            ],
                            "Plans": [
                                {
                                    "Node Type": "Seq Scan",
                                    "Parent Relationship": "Outer",
                                    "Parallel Aware": true,
                                    "Relation Name": "movie_companies",
                                    "Schema": "public",
                                    "Alias": "mc",
                                    "Startup Cost": 0.0,
                                    "Total Cost": 31414.82,
                                    "Plan Rows": 408642,
                                    "Plan Width": 0,
                                    "Actual Startup Time": 51.627,
                                    "Actual Total Time": 106.802,
                                    "Actual Rows": 328036,
                                    "Actual Loops": 4,
                                    "Output": [
                                        "id",
                                        "movie_id",
                                        "company_id",
                                        "company_type_id",
                                        "note"
                                    ],
                                    "Filter": "((mc.company_id > 19) AND (mc.company_type_id = 2))",
                                    "Rows Removed by Filter": 324246,
                                    "Workers": [
                                        {
                                            "Worker Number": 0,
                                            "Actual Startup Time": 48.478,
                                            "Actual Total Time": 103.827,
                                            "Actual Rows": 323371,
                                            "Actual Loops": 1
                                        },
                                        {
                                            "Worker Number": 1,
                                            "Actual Startup Time": 49.031,
                                            "Actual Total Time": 104.843,
                                            "Actual Rows": 301117,
                                            "Actual Loops": 1
                                        },
                                        {
                                            "Worker Number": 2,
                                            "Actual Startup Time": 49.506,
                                            "Actual Total Time": 105.049,
                                            "Actual Rows": 317283,
                                            "Actual Loops": 1
                                        }
                                    ]
                                }
                            ]
                        }
                    ]
                }
            ]
        },
        "Planning Time": 388.168,
        "Triggers": [],
        "Execution Time": 143.909
    }
]