[
  {
    "Plan": {
      "Node Type": "Aggregate",
      "Strategy": "Plain",
      "Partial Mode": "Simple",
      "Parallel Aware": false,
      "Startup Cost": 12217.63,
      "Total Cost": 12217.64,
      "Plan Rows": 1,
      "Plan Width": 8,
      "Actual Startup Time": 8.959,
      "Actual Total Time": 8.96,
      "Actual Rows": 1,
      "Actual Loops": 1,
      "Plans": [
        {
          "Node Type": "Bitmap Heap Scan",
          "Parent Relationship": "Outer",
          "Parallel Aware": false,
          "Relation Name": "movie_companies",
          "Alias": "mc",
          "Startup Cost": 122.86,
          "Total Cost": 12210.78,
          "Plan Rows": 2740,
          "Plan Width": 0,
          "Actual Startup Time": 1.595,
          "Actual Total Time": 8.594,
          "Actual Rows": 3254,
          "Actual Loops": 1,
          "Recheck Cond": "(company_id = 73)",
          "Rows Removed by Index Recheck": 0,
          "Filter": "(company_type_id < 2)",
          "Rows Removed by Filter": 2423,
          "Exact Heap Blocks": 2528,
          "Lossy Heap Blocks": 0,
          "Plans": [
            {
              "Node Type": "Bitmap Index Scan",
              "Parent Relationship": "Outer",
              "Parallel Aware": false,
              "Index Name": "company_id_movie_companies",
              "Startup Cost": 0.0,
              "Total Cost": 122.18,
              "Plan Rows": 5566,
              "Plan Width": 0,
              "Actual Startup Time": 0.953,
              "Actual Total Time": 0.954,
              "Actual Rows": 5677,
              "Actual Loops": 1,
              "Index Cond": "(company_id = 73)"
            }
          ]
        }
      ]
    },
    "Planning Time": 0.14,
    "Triggers": [],
    "Execution Time": 9.006
  }
]