[
  {
    "Plan": {
      "Node Type": "Aggregate",
      "Strategy": "Plain",
      "Partial Mode": "Finalize",
      "Parallel Aware": false,
      "Startup Cost": 31623.41,
      "Total Cost": 31623.42,
      "Plan Rows": 1,
      "Plan Width": 8,
      "Actual Startup Time": 106.215,
      "Actual Total Time": 111.789,
      "Actual Rows": 1,
      "Actual Loops": 1,
      "Plans": [
        {
          "Node Type": "Gather",
          "Parent Relationship": "Outer",
          "Parallel Aware": false,
          "Startup Cost": 31623.09,
          "Total Cost": 31623.4,
          "Plan Rows": 3,
          "Plan Width": 8,
          "Actual Startup Time": 106.082,
          "Actual Total Time": 111.782,
          "Actual Rows": 4,
          "Actual Loops": 1,
          "Workers Planned": 3,
          "Workers Launched": 3,
          "Single Copy": false,
          "Plans": [
            {
              "Node Type": "Aggregate",
              "Strategy": "Plain",
              "Partial Mode": "Partial",
              "Parent Relationship": "Outer",
              "Parallel Aware": false,
              "Startup Cost": 30623.09,
              "Total Cost": 30623.1,
              "Plan Rows": 1,
              "Plan Width": 8,
              "Actual Startup Time": 101.56,
              "Actual Total Time": 101.561,
              "Actual Rows": 1,
              "Actual Loops": 4,
              "Plans": [
                {
                  "Node Type": "Seq Scan",
                  "Parent Relationship": "Outer",
                  "Parallel Aware": true,
                  "Relation Name": "movie_companies",
                  "Alias": "mc",
                  "Startup Cost": 0.0,
                  "Total Cost": 29310.68,
                  "Plan Rows": 524964,
                  "Plan Width": 0,
                  "Actual Startup Time": 0.022,
                  "Actual Total Time": 79.843,
                  "Actual Rows": 409228,
                  "Actual Loops": 4,
                  "Filter": "(company_id < 17633)",
                  "Rows Removed by Filter": 243055
                }
              ]
            }
          ]
        }
      ]
    },
    "Planning Time": 0.09,
    "Triggers": [],
    "Execution Time": 111.817
  }
]