[
  {
    "Plan": {
      "Node Type": "Aggregate",
      "Strategy": "Plain",
      "Partial Mode": "Finalize",
      "Parallel Aware": false,
      "Startup Cost": 330828.07,
      "Total Cost": 330828.08,
      "Plan Rows": 1,
      "Plan Width": 8,
      "Actual Startup Time": 544.703,
      "Actual Total Time": 609.123,
      "Actual Rows": 1,
      "Actual Loops": 1,
      "Plans": [
        {
          "Node Type": "Gather",
          "Parent Relationship": "Outer",
          "Parallel Aware": false,
          "Startup Cost": 330827.44,
          "Total Cost": 330828.05,
          "Plan Rows": 6,
          "Plan Width": 8,
          "Actual Startup Time": 544.583,
          "Actual Total Time": 609.114,
          "Actual Rows": 7,
          "Actual Loops": 1,
          "Workers Planned": 6,
          "Workers Launched": 6,
          "Single Copy": false,
          "Plans": [
            {
              "Node Type": "Aggregate",
              "Strategy": "Plain",
              "Partial Mode": "Partial",
              "Parent Relationship": "Outer",
              "Parallel Aware": false,
              "Startup Cost": 329827.44,
              "Total Cost": 329827.45,
              "Plan Rows": 1,
              "Plan Width": 8,
              "Actual Startup Time": 535.158,
              "Actual Total Time": 535.159,
              "Actual Rows": 1,
              "Actual Loops": 7,
              "Plans": [
                {
                  "Node Type": "Seq Scan",
                  "Parent Relationship": "Outer",
                  "Parallel Aware": true,
                  "Relation Name": "cast_info",
                  "Alias": "ci",
                  "Startup Cost": 0.0,
                  "Total Cost": 328162.03,
                  "Plan Rows": 666167,
                  "Plan Width": 0,
                  "Actual Startup Time": 0.048,
                  "Actual Total Time": 507.885,
                  "Actual Rows": 589614,
                  "Actual Loops": 7,
                  "Filter": "(person_id < 396715)",
                  "Rows Removed by Filter": 4588150
                }
              ]
            }
          ]
        }
      ]
    },
    "Planning Time": 0.178,
    "Triggers": [],
    "Execution Time": 609.192
  }
]