[
  {
    "Plan": {
      "Node Type": "Aggregate",
      "Strategy": "Plain",
      "Partial Mode": "Finalize",
      "Parallel Aware": false,
      "Startup Cost": 29654.81,
      "Total Cost": 29654.82,
      "Plan Rows": 1,
      "Plan Width": 8,
      "Actual Startup Time": 92.223,
      "Actual Total Time": 98.836,
      "Actual Rows": 1,
      "Actual Loops": 1,
      "Plans": [
        {
          "Node Type": "Gather",
          "Parent Relationship": "Outer",
          "Parallel Aware": false,
          "Startup Cost": 29654.49,
          "Total Cost": 29654.8,
          "Plan Rows": 3,
          "Plan Width": 8,
          "Actual Startup Time": 91.945,
          "Actual Total Time": 98.83,
          "Actual Rows": 4,
          "Actual Loops": 1,
          "Workers Planned": 3,
          "Workers Launched": 3,
          "Single Copy": false,
          "Plans": [
            {
              "Node Type": "Aggregate",
              "Strategy": "Plain",
              "Partial Mode": "Partial",
              "Parent Relationship": "Outer",
              "Parallel Aware": false,
              "Startup Cost": 28654.49,
              "Total Cost": 28654.5,
              "Plan Rows": 1,
              "Plan Width": 8,
              "Actual Startup Time": 85.284,
              "Actual Total Time": 85.285,
              "Actual Rows": 1,
              "Actual Loops": 4,
              "Plans": [
                {
                  "Node Type": "Bitmap Heap Scan",
                  "Parent Relationship": "Outer",
                  "Parallel Aware": true,
                  "Relation Name": "movie_companies",
                  "Alias": "mc",
                  "Startup Cost": 7932.34,
                  "Total Cost": 28503.74,
                  "Plan Rows": 60299,
                  "Plan Width": 0,
                  "Actual Startup Time": 70.025,
                  "Actual Total Time": 84.147,
                  "Actual Rows": 20555,
                  "Actual Loops": 4,
                  "Recheck Cond": "(company_id < 184)",
                  "Rows Removed by Index Recheck": 0,
                  "Filter": "(company_type_id = 2)",
                  "Rows Removed by Filter": 69902,
                  "Exact Heap Blocks": 10700,
                  "Lossy Heap Blocks": 0,
                  "Plans": [
                    {
                      "Node Type": "Bitmap Index Scan",
                      "Parent Relationship": "Outer",
                      "Parallel Aware": false,
                      "Index Name": "company_id_movie_companies",
                      "Startup Cost": 0.0,
                      "Total Cost": 7885.61,
                      "Plan Rows": 368157,
                      "Plan Width": 0,
                      "Actual Startup Time": 35.76,
                      "Actual Total Time": 35.76,
                      "Actual Rows": 361826,
                      "Actual Loops": 1,
                      "Index Cond": "(company_id < 184)"
                    }
                  ]
                }
              ]
            }
          ]
        }
      ]
    },
    "Planning Time": 0.185,
    "Triggers": [],
    "Execution Time": 98.9
  }
]