[
    {
        "Bao": {
            "Bao prediction": "NaN",
            "Bao recommended hint": "(no hint)"
        }
    },
    {
        "Plan": {
            "Node Type": "Aggregate",
            "Strategy": "Plain",
            "Partial Mode": "Finalize",
            "Parallel Aware": false,
            "Startup Cost": 71964.01,
            "Total Cost": 71964.02,
            "Plan Rows": 1,
            "Plan Width": 8,
            "Actual Startup Time": 167.422,
            "Actual Total Time": 175.047,
            "Actual Rows": 1,
            "Actual Loops": 1,
            "Output": [
                "count(*)"
            ],
            "Plans": [
                {
                    "Node Type": "Gather",
                    "Parent Relationship": "Outer",
                    "Parallel Aware": false,
                    "Startup Cost": 71963.59,
                    "Total Cost": 71964.0,
                    "Plan Rows": 4,
                    "Plan Width": 8,
                    "Actual Startup Time": 165.736,
                    "Actual Total Time": 175.039,
                    "Actual Rows": 5,
                    "Actual Loops": 1,
                    "Output": [
                        "(PARTIAL count(*))"
                    ],
                    "Workers Planned": 4,
                    "Workers Launched": 4,
                    "Single Copy": false,
                    "Plans": [
                        {
                            "Node Type": "Aggregate",
                            "Strategy": "Plain",
                            "Partial Mode": "Partial",
                            "Parent Relationship": "Outer",
                            "Parallel Aware": false,
                            "Startup Cost": 70963.59,
                            "Total Cost": 70963.6,
                            "Plan Rows": 1,
                            "Plan Width": 8,
                            "Actual Startup Time": 155.953,
                            "Actual Total Time": 155.956,
                            "Actual Rows": 1,
                            "Actual Loops": 5,
                            "Output": [
                                "PARTIAL count(*)"
                            ],
                            "Workers": [
                                {
                                    "Worker Number": 0,
                                    "Actual Startup Time": 153.237,
                                    "Actual Total Time": 153.24,
                                    "Actual Rows": 1,
                                    "Actual Loops": 1
                                },
                                {
                                    "Worker Number": 1,
                                    "Actual Startup Time": 153.635,
                                    "Actual Total Time": 153.638,
                                    "Actual Rows": 1,
                                    "Actual Loops": 1
                                },
                                {
                                    "Worker Number": 2,
                                    "Actual Startup Time": 153.771,
                                    "Actual Total Time": 153.774,
                                    "Actual Rows": 1,
                                    "Actual Loops": 1
                                },
                                {
                                    "Worker Number": 3,
                                    "Actual Startup Time": 154.125,
                                    "Actual Total Time": 154.128,
                                    "Actual Rows": 1,
                                    "Actual Loops": 1
                                }
                            ],
                            "Plans": [
                                {
                                    "Node Type": "Hash Join",
                                    "Parent Relationship": "Outer",
                                    "Parallel Aware": true,
                                    "Join Type": "Inner",
                                    "Startup Cost": 24462.1,
                                    "Total Cost": 70928.11,
                                    "Plan Rows": 14194,
                                    "Plan Width": 0,
                                    "Actual Startup Time": 109.008,
                                    "Actual Total Time": 154.592,
                                    "Actual Rows": 29669,
                                    "Actual Loops": 5,
                                    "Inner Unique": false,
                                    "Hash Cond": "(t.id = mc.movie_id)",
                                    "Workers": [
                                        {
                                            "Worker Number": 0,
                                            "Actual Startup Time": 107.604,
                                            "Actual Total Time": 151.88,
                                            "Actual Rows": 27369,
                                            "Actual Loops": 1
                                        },
                                        {
                                            "Worker Number": 1,
                                            "Actual Startup Time": 108.139,
                                            "Actual Total Time": 152.293,
                                            "Actual Rows": 28521,
                                            "Actual Loops": 1
                                        },
                                        {
                                            "Worker Number": 2,
                                            "Actual Startup Time": 107.638,
                                            "Actual Total Time": 152.418,
                                            "Actual Rows": 28718,
                                            "Actual Loops": 1
                                        },
                                        {
                                            "Worker Number": 3,
                                            "Actual Startup Time": 104.456,
                                            "Actual Total Time": 152.797,
                                            "Actual Rows": 27059,
                                            "Actual Loops": 1
                                        }
                                    ],
                                    "Plans": [
                                        {
                                            "Node Type": "Seq Scan",
                                            "Parent Relationship": "Outer",
                                            "Parallel Aware": true,
                                            "Relation Name": "title",
                                            "Schema": "public",
                                            "Alias": "t",
                                            "Startup Cost": 0.0,
                                            "Total Cost": 45479.21,
                                            "Plan Rows": 188202,
                                            "Plan Width": 4,
                                            "Actual Startup Time": 0.015,
                                            "Actual Total Time": 67.75,
                                            "Actual Rows": 131440,
                                            "Actual Loops": 5,
                                            "Output": [
                                                "t.id",
                                                "t.title",
                                                "t.imdb_index",
                                                "t.kind_id",
                                                "t.production_year",
                                                "t.imdb_id",
                                                "t.phonetic_code",
                                                "t.episode_of_id",
                                                "t.season_nr",
                                                "t.episode_nr",
                                                "t.series_years",
                                                "t.md5sum"
                                            ],
                                            "Filter": "((t.kind_id < 7) AND (t.production_year > 1981))",
                                            "Rows Removed by Filter": 374223,
                                            "Workers": [
                                                {
                                                    "Worker Number": 0,
                                                    "Actual Startup Time": 0.02,
                                                    "Actual Total Time": 67.938,
                                                    "Actual Rows": 120061,
                                                    "Actual Loops": 1
                                                },
                                                {
                                                    "Worker Number": 1,
                                                    "Actual Startup Time": 0.014,
                                                    "Actual Total Time": 68.767,
                                                    "Actual Rows": 126233,
                                                    "Actual Loops": 1
                                                },
                                                {
                                                    "Worker Number": 2,
                                                    "Actual Startup Time": 0.019,
                                                    "Actual Total Time": 68.686,
                                                    "Actual Rows": 125579,
                                                    "Actual Loops": 1
                                                },
                                                {
                                                    "Worker Number": 3,
                                                    "Actual Startup Time": 0.015,
                                                    "Actual Total Time": 67.985,
                                                    "Actual Rows": 119311,
                                                    "Actual Loops": 1
                                                }
                                            ]
                                        },
                                        {
                                            "Node Type": "Hash",
                                            "Parent Relationship": "Inner",
                                            "Parallel Aware": true,
                                            "Startup Cost": 23693.19,
                                            "Total Cost": 23693.19,
                                            "Plan Rows": 61513,
                                            "Plan Width": 4,
                                            "Actual Startup Time": 57.783,
                                            "Actual Total Time": 57.784,
                                            "Actual Rows": 38744,
                                            "Actual Loops": 5,
                                            "Output": [
                                                "mc.movie_id"
                                            ],
                                            "Hash Buckets": 262144,
                                            "Original Hash Buckets": 262144,
                                            "Hash Batches": 1,
                                            "Original Hash Batches": 1,
                                            "Peak Memory Usage": 9696,
                                            "Workers": [
                                                {
                                                    "Worker Number": 0,
                                                    "Actual Startup Time": 56.436,
                                                    "Actual Total Time": 56.437,
                                                    "Actual Rows": 25791,
                                                    "Actual Loops": 1
                                                },
                                                {
                                                    "Worker Number": 1,
                                                    "Actual Startup Time": 56.974,
                                                    "Actual Total Time": 56.975,
                                                    "Actual Rows": 29887,
                                                    "Actual Loops": 1
                                                },
                                                {
                                                    "Worker Number": 2,
                                                    "Actual Startup Time": 57.102,
                                                    "Actual Total Time": 57.103,
                                                    "Actual Rows": 30556,
                                                    "Actual Loops": 1
                                                },
                                                {
                                                    "Worker Number": 3,
                                                    "Actual Startup Time": 57.443,
                                                    "Actual Total Time": 57.444,
                                                    "Actual Rows": 26045,
                                                    "Actual Loops": 1
                                                }
                                            ],
                                            "Plans": [
                                                {
                                                    "Node Type": "Bitmap Heap Scan",
                                                    "Parent Relationship": "Outer",
                                                    "Parallel Aware": true,
                                                    "Relation Name": "movie_companies",
                                                    "Schema": "public",
                                                    "Alias": "mc",
                                                    "Startup Cost": 4134.28,
                                                    "Total Cost": 23693.19,
                                                    "Plan Rows": 61513,
                                                    "Plan Width": 4,
                                                    "Actual Startup Time": 14.696,
                                                    "Actual Total Time": 39.463,
                                                    "Actual Rows": 38744,
                                                    "Actual Loops": 5,
                                                    "Output": [
                                                        "mc.movie_id"
                                                    ],
                                                    "Recheck Cond": "(mc.company_id > 115505)",
                                                    "Rows Removed by Index Recheck": 0,
                                                    "Exact Heap Blocks": 1835,
                                                    "Lossy Heap Blocks": 0,
                                                    "Workers": [
                                                        {
                                                            "Worker Number": 0,
                                                            "Actual Startup Time": 13.55,
                                                            "Actual Total Time": 38.585,
                                                            "Actual Rows": 25791,
                                                            "Actual Loops": 1
                                                        },
                                                        {
                                                            "Worker Number": 1,
                                                            "Actual Startup Time": 14.004,
                                                            "Actual Total Time": 39.49,
                                                            "Actual Rows": 29887,
                                                            "Actual Loops": 1
                                                        },
                                                        {
                                                            "Worker Number": 2,
                                                            "Actual Startup Time": 13.918,
                                                            "Actual Total Time": 40.402,
                                                            "Actual Rows": 30556,
                                                            "Actual Loops": 1
                                                        },
                                                        {
                                                            "Worker Number": 3,
                                                            "Actual Startup Time": 14.352,
                                                            "Actual Total Time": 40.015,
                                                            "Actual Rows": 26045,
                                                            "Actual Loops": 1
                                                        }
                                                    ],
                                                    "Plans": [
                                                        {
                                                            "Node Type": "Bitmap Index Scan",
                                                            "Parent Relationship": "Outer",
                                                            "Parallel Aware": false,
                                                            "Index Name": "company_id_movie_companies",
                                                            "Startup Cost": 0.0,
                                                            "Total Cost": 4086.61,
                                                            "Plan Rows": 190690,
                                                            "Plan Width": 0,
                                                            "Actual Startup Time": 16.532,
                                                            "Actual Total Time": 16.533,
                                                            "Actual Rows": 193720,
                                                            "Actual Loops": 1,
                                                            "Index Cond": "(mc.company_id > 115505)"
                                                        }
                                                    ]
                                                }
                                            ]
                                        }
                                    ]
                                }
                            ]
                        }
                    ]
                }
            ]
        },
        "Planning Time": 199.217,
        "Triggers": [],
        "Execution Time": 175.182
    }
]