{
  "Plan": {
    "Node Type": "Aggregate",
    "Strategy": "Plain",
    "Partial Mode": "Finalize",
    "Parallel Aware": false,
    "Startup Cost": 84042.99,
    "Total Cost": 84043.0,
    "Plan Rows": 1,
    "Plan Width": 8,
    "Actual Startup Time": 223.641,
    "Actual Total Time": 236.832,
    "Actual Rows": 1,
    "Actual Loops": 1,
    "Plans": [
      {
        "Node Type": "Gather",
        "Parent Relationship": "Outer",
        "Parallel Aware": false,
        "Startup Cost": 84042.88,
        "Total Cost": 84042.99,
        "Plan Rows": 1,
        "Plan Width": 8,
        "Actual Startup Time": 223.326,
        "Actual Total Time": 236.825,
        "Actual Rows": 2,
        "Actual Loops": 1,
        "Workers Planned": 1,
        "Workers Launched": 1,
        "Single Copy": false,
        "Plans": [
          {
            "Node Type": "Aggregate",
            "Strategy": "Plain",
            "Partial Mode": "Partial",
            "Parent Relationship": "Outer",
            "Parallel Aware": false,
            "Startup Cost": 83042.88,
            "Total Cost": 83042.89,
            "Plan Rows": 1,
            "Plan Width": 8,
            "Actual Startup Time": 217.066,
            "Actual Total Time": 217.071,
            "Actual Rows": 1,
            "Actual Loops": 2,
            "Plans": [
              {
                "Node Type": "Nested Loop",
                "Parent Relationship": "Outer",
                "Parallel Aware": false,
                "Join Type": "Inner",
                "Startup Cost": 21779.54,
                "Total Cost": 83032.13,
                "Plan Rows": 4301,
                "Plan Width": 0,
                "Actual Startup Time": 160.227,
                "Actual Total Time": 216.675,
                "Actual Rows": 7146,
                "Actual Loops": 2,
                "Inner Unique": false,
                "Plans": [
                  {
                    "Node Type": "Hash Join",
                    "Parent Relationship": "Outer",
                    "Parallel Aware": true,
                    "Join Type": "Inner",
                    "Startup Cost": 21779.12,
                    "Total Cost": 77929.66,
                    "Plan Rows": 7880,
                    "Plan Width": 8,
                    "Actual Startup Time": 160.11,
                    "Actual Total Time": 198.891,
                    "Actual Rows": 5876,
                    "Actual Loops": 2,
                    "Inner Unique": false,
                    "Hash Cond": "(t.id = mc.movie_id)",
                    "Plans": [
                      {
                        "Node Type": "Seq Scan",
                        "Parent Relationship": "Outer",
                        "Parallel Aware": true,
                        "Relation Name": "title",
                        "Alias": "t",
                        "Startup Cost": 0.0,
                        "Total Cost": 54588.39,
                        "Plan Rows": 242528,
                        "Plan Width": 4,
                        "Actual Startup Time": 0.012,
                        "Actual Total Time": 127.306,
                        "Actual Rows": 211890,
                        "Actual Loops": 2,
                        "Filter": "(production_year < 1974)",
                        "Rows Removed by Filter": 1052266
                      },
                      {
                        "Node Type": "Hash",
                        "Parent Relationship": "Inner",
                        "Parallel Aware": true,
                        "Startup Cost": 21175.09,
                        "Total Cost": 21175.09,
                        "Plan Rows": 48322,
                        "Plan Width": 4,
                        "Actual Startup Time": 38.494,
                        "Actual Total Time": 38.496,
                        "Actual Rows": 39438,
                        "Actual Loops": 2,
                        "Hash Buckets": 131072,
                        "Original Hash Buckets": 131072,
                        "Hash Batches": 1,
                        "Original Hash Batches": 1,
                        "Peak Memory Usage": 4128,
                        "Plans": [
                          {
                            "Node Type": "Bitmap Heap Scan",
                            "Parent Relationship": "Outer",
                            "Parallel Aware": true,
                            "Relation Name": "movie_companies",
                            "Alias": "mc",
                            "Startup Cost": 1781.07,
                            "Total Cost": 21175.09,
                            "Plan Rows": 48322,
                            "Plan Width": 4,
                            "Actual Startup Time": 7.406,
                            "Actual Total Time": 26.371,
                            "Actual Rows": 39438,
                            "Actual Loops": 2,
                            "Recheck Cond": "(company_id > 170777)",
                            "Rows Removed by Index Recheck": 0,
                            "Exact Heap Blocks": 1919,
                            "Lossy Heap Blocks": 0,
                            "Plans": [
                              {
                                "Node Type": "Bitmap Index Scan",
                                "Parent Relationship": "Outer",
                                "Parallel Aware": false,
                                "Index Name": "company_id_movie_companies",
                                "Startup Cost": 0.0,
                                "Total Cost": 1760.53,
                                "Plan Rows": 82147,
                                "Plan Width": 0,
                                "Actual Startup Time": 10.114,
                                "Actual Total Time": 10.114,
                                "Actual Rows": 78875,
                                "Actual Loops": 1,
                                "Index Cond": "(company_id > 170777)"
                              }
                            ]
                          }
                        ]
                      }
                    ]
                  },
                  {
                    "Node Type": "Index Only Scan",
                    "Parent Relationship": "Inner",
                    "Parallel Aware": false,
                    "Scan Direction": "Forward",
                    "Index Name": "movie_id_movie_info_idx",
                    "Relation Name": "movie_info_idx",
                    "Alias": "mi_idx",
                    "Startup Cost": 0.43,
                    "Total Cost": 0.62,
                    "Plan Rows": 3,
                    "Plan Width": 4,
                    "Actual Startup Time": 0.003,
                    "Actual Total Time": 0.003,
                    "Actual Rows": 1,
                    "Actual Loops": 11752,
                    "Index Cond": "(movie_id = t.id)",
                    "Rows Removed by Index Recheck": 0,
                    "Heap Fetches": 14293
                  }
                ]
              }
            ]
          }
        ]
      }
    ]
  },
  "Planning Time": 1.017,
  "Triggers": [],
  "Execution Time": 236.938
}