{
  "Plan": {
    "Node Type": "Aggregate",
    "Strategy": "Plain",
    "Partial Mode": "Finalize",
    "Parallel Aware": false,
    "Startup Cost": 842565.19,
    "Total Cost": 842565.2,
    "Plan Rows": 1,
    "Plan Width": 8,
    "Actual Startup Time": 3738.94,
    "Actual Total Time": 3781.83,
    "Actual Rows": 1,
    "Actual Loops": 1,
    "Plans": [
      {
        "Node Type": "Gather",
        "Parent Relationship": "Outer",
        "Parallel Aware": false,
        "Startup Cost": 842565.08,
        "Total Cost": 842565.19,
        "Plan Rows": 1,
        "Plan Width": 8,
        "Actual Startup Time": 3738.932,
        "Actual Total Time": 3781.824,
        "Actual Rows": 2,
        "Actual Loops": 1,
        "Workers Planned": 1,
        "Workers Launched": 1,
        "Single Copy": false,
        "Plans": [
          {
            "Node Type": "Aggregate",
            "Strategy": "Plain",
            "Partial Mode": "Partial",
            "Parent Relationship": "Outer",
            "Parallel Aware": false,
            "Startup Cost": 841565.08,
            "Total Cost": 841565.09,
            "Plan Rows": 1,
            "Plan Width": 8,
            "Actual Startup Time": 3718.488,
            "Actual Total Time": 3718.495,
            "Actual Rows": 1,
            "Actual Loops": 2,
            "Plans": [
              {
                "Node Type": "Merge Join",
                "Parent Relationship": "Outer",
                "Parallel Aware": false,
                "Join Type": "Inner",
                "Startup Cost": 819682.83,
                "Total Cost": 841562.93,
                "Plan Rows": 861,
                "Plan Width": 0,
                "Actual Startup Time": 3718.478,
                "Actual Total Time": 3718.486,
                "Actual Rows": 4,
                "Actual Loops": 2,
                "Inner Unique": false,
                "Merge Cond": "(t.id = ci.movie_id)",
                "Plans": [
                  {
                    "Node Type": "Sort",
                    "Parent Relationship": "Outer",
                    "Parallel Aware": false,
                    "Startup Cost": 818602.15,
                    "Total Cost": 829545.84,
                    "Plan Rows": 4377478,
                    "Plan Width": 8,
                    "Actual Startup Time": 3461.472,
                    "Actual Total Time": 3574.171,
                    "Actual Rows": 2983015,
                    "Actual Loops": 2,
                    "Sort Key": [
                      "t.id"
                    ],
                    "Sort Method": "quicksort",
                    "Sort Space Used": 251045,
                    "Sort Space Type": "Memory",
                    "Workers": [
                      {
                        "Worker Number": 0,
                        "Sort Method": "quicksort",
                        "Sort Space Used": 241188,
                        "Sort Space Type": "Memory"
                      }
                    ],
                    "Plans": [
                      {
                        "Node Type": "Hash Join",
                        "Parent Relationship": "Outer",
                        "Parallel Aware": true,
                        "Join Type": "Inner",
                        "Startup Cost": 63946.31,
                        "Total Cost": 335729.8,
                        "Plan Rows": 4377478,
                        "Plan Width": 8,
                        "Actual Startup Time": 346.542,
                        "Actual Total Time": 2758.344,
                        "Actual Rows": 3153326,
                        "Actual Loops": 2,
                        "Inner Unique": true,
                        "Hash Cond": "(mi.movie_id = t.id)",
                        "Plans": [
                          {
                            "Node Type": "Seq Scan",
                            "Parent Relationship": "Outer",
                            "Parallel Aware": true,
                            "Relation Name": "movie_info",
                            "Alias": "mi",
                            "Startup Cost": 0.0,
                            "Total Cost": 248955.74,
                            "Plan Rows": 8696274,
                            "Plan Width": 4,
                            "Actual Startup Time": 0.009,
                            "Actual Total Time": 640.759,
                            "Actual Rows": 7417860,
                            "Actual Loops": 2
                          },
                          {
                            "Node Type": "Hash",
                            "Parent Relationship": "Inner",
                            "Parallel Aware": true,
                            "Startup Cost": 54588.39,
                            "Total Cost": 54588.39,
                            "Plan Rows": 748634,
                            "Plan Width": 4,
                            "Actual Startup Time": 330.741,
                            "Actual Total Time": 330.743,
                            "Actual Rows": 630148,
                            "Actual Loops": 2,
                            "Hash Buckets": 2097152,
                            "Original Hash Buckets": 2097152,
                            "Hash Batches": 1,
                            "Original Hash Batches": 1,
                            "Peak Memory Usage": 65728,
                            "Plans": [
                              {
                                "Node Type": "Seq Scan",
                                "Parent Relationship": "Outer",
                                "Parallel Aware": true,
                                "Relation Name": "title",
                                "Alias": "t",
                                "Startup Cost": 0.0,
                                "Total Cost": 54588.39,
                                "Plan Rows": 748634,
                                "Plan Width": 4,
                                "Actual Startup Time": 0.029,
                                "Actual Total Time": 162.423,
                                "Actual Rows": 630148,
                                "Actual Loops": 2,
                                "Filter": "(production_year > 2002)",
                                "Rows Removed by Filter": 634008
                              }
                            ]
                          }
                        ]
                      }
                    ]
                  },
                  {
                    "Node Type": "Sort",
                    "Parent Relationship": "Inner",
                    "Parallel Aware": false,
                    "Startup Cost": 1080.69,
                    "Total Cost": 1081.93,
                    "Plan Rows": 497,
                    "Plan Width": 4,
                    "Actual Startup Time": 0.132,
                    "Actual Total Time": 0.133,
                    "Actual Rows": 1,
                    "Actual Loops": 2,
                    "Sort Key": [
                      "ci.movie_id"
                    ],
                    "Sort Method": "quicksort",
                    "Sort Space Used": 25,
                    "Sort Space Type": "Memory",
                    "Workers": [
                      {
                        "Worker Number": 0,
                        "Sort Method": "quicksort",
                        "Sort Space Used": 25,
                        "Sort Space Type": "Memory"
                      }
                    ],
                    "Plans": [
                      {
                        "Node Type": "Index Scan",
                        "Parent Relationship": "Outer",
                        "Parallel Aware": false,
                        "Scan Direction": "Forward",
                        "Index Name": "person_id_cast_info",
                        "Relation Name": "cast_info",
                        "Alias": "ci",
                        "Startup Cost": 0.56,
                        "Total Cost": 1058.43,
                        "Plan Rows": 497,
                        "Plan Width": 4,
                        "Actual Startup Time": 0.118,
                        "Actual Total Time": 0.119,
                        "Actual Rows": 1,
                        "Actual Loops": 2,
                        "Index Cond": "(person_id = 3994290)",
                        "Rows Removed by Index Recheck": 0
                      }
                    ]
                  }
                ]
              }
            ]
          }
        ]
      }
    ]
  },
  "Planning Time": 1.075,
  "Triggers": [],
  "Execution Time": 3802.166
}