[
  {
    "Plan": {
      "Node Type": "Aggregate",
      "Strategy": "Plain",
      "Partial Mode": "Finalize",
      "Parallel Aware": false,
      "Startup Cost": 350331.3,
      "Total Cost": 350331.32,
      "Plan Rows": 1,
      "Plan Width": 8,
      "Actual Startup Time": 841.346,
      "Actual Total Time": 889.077,
      "Actual Rows": 1,
      "Actual Loops": 1,
      "Plans": [
        {
          "Node Type": "Gather",
          "Parent Relationship": "Outer",
          "Parallel Aware": false,
          "Startup Cost": 350330.68,
          "Total Cost": 350331.29,
          "Plan Rows": 6,
          "Plan Width": 8,
          "Actual Startup Time": 841.127,
          "Actual Total Time": 889.063,
          "Actual Rows": 7,
          "Actual Loops": 1,
          "Workers Planned": 6,
          "Workers Launched": 6,
          "Single Copy": false,
          "Plans": [
            {
              "Node Type": "Aggregate",
              "Strategy": "Plain",
              "Partial Mode": "Partial",
              "Parent Relationship": "Outer",
              "Parallel Aware": false,
              "Startup Cost": 349330.68,
              "Total Cost": 349330.69,
              "Plan Rows": 1,
              "Plan Width": 8,
              "Actual Startup Time": 833.389,
              "Actual Total Time": 833.39,
              "Actual Rows": 1,
              "Actual Loops": 7,
              "Plans": [
                {
                  "Node Type": "Seq Scan",
                  "Parent Relationship": "Outer",
                  "Parallel Aware": true,
                  "Relation Name": "cast_info",
                  "Alias": "ci",
                  "Startup Cost": 0.0,
                  "Total Cost": 343316.27,
                  "Plan Rows": 2405764,
                  "Plan Width": 0,
                  "Actual Startup Time": 281.573,
                  "Actual Total Time": 735.158,
                  "Actual Rows": 1788422,
                  "Actual Loops": 7,
                  "Filter": "((person_id > 2001674) AND (role_id < 10))",
                  "Rows Removed by Filter": 3389341
                }
              ]
            }
          ]
        }
      ]
    },
    "Planning Time": 0.115,
    "Triggers": [],
    "Execution Time": 889.133
  }
]