[
  {
    "Plan": {
      "Node Type": "Aggregate",
      "Strategy": "Plain",
      "Partial Mode": "Finalize",
      "Parallel Aware": false,
      "Startup Cost": 107867.01,
      "Total Cost": 107867.02,
      "Plan Rows": 1,
      "Plan Width": 8,
      "Actual Startup Time": 110.54,
      "Actual Total Time": 127.846,
      "Actual Rows": 1,
      "Actual Loops": 1,
      "Plans": [
        {
          "Node Type": "Gather",
          "Parent Relationship": "Outer",
          "Parallel Aware": false,
          "Startup Cost": 107866.59,
          "Total Cost": 107867.0,
          "Plan Rows": 4,
          "Plan Width": 8,
          "Actual Startup Time": 110.427,
          "Actual Total Time": 127.838,
          "Actual Rows": 5,
          "Actual Loops": 1,
          "Workers Planned": 4,
          "Workers Launched": 4,
          "Single Copy": false,
          "Plans": [
            {
              "Node Type": "Aggregate",
              "Strategy": "Plain",
              "Partial Mode": "Partial",
              "Parent Relationship": "Outer",
              "Parallel Aware": false,
              "Startup Cost": 106866.59,
              "Total Cost": 106866.6,
              "Plan Rows": 1,
              "Plan Width": 8,
              "Actual Startup Time": 100.68,
              "Actual Total Time": 100.681,
              "Actual Rows": 1,
              "Actual Loops": 5,
              "Plans": [
                {
                  "Node Type": "Nested Loop",
                  "Parent Relationship": "Outer",
                  "Parallel Aware": false,
                  "Join Type": "Inner",
                  "Startup Cost": 0.43,
                  "Total Cost": 106865.91,
                  "Plan Rows": 275,
                  "Plan Width": 0,
                  "Actual Startup Time": 36.814,
                  "Actual Total Time": 100.599,
                  "Actual Rows": 849,
                  "Actual Loops": 5,
                  "Inner Unique": false,
                  "Plans": [
                    {
                      "Node Type": "Seq Scan",
                      "Parent Relationship": "Outer",
                      "Parallel Aware": true,
                      "Relation Name": "title",
                      "Alias": "t",
                      "Startup Cost": 0.0,
                      "Total Cost": 43898.92,
                      "Plan Rows": 452,
                      "Plan Width": 4,
                      "Actual Startup Time": 27.446,
                      "Actual Total Time": 77.696,
                      "Actual Rows": 546,
                      "Actual Loops": 5,
                      "Filter": "(production_year = 1938)",
                      "Rows Removed by Filter": 505116
                    },
                    {
                      "Node Type": "Index Scan",
                      "Parent Relationship": "Inner",
                      "Parallel Aware": false,
                      "Scan Direction": "Forward",
                      "Index Name": "movie_id_movie_info",
                      "Relation Name": "movie_info",
                      "Alias": "mi",
                      "Startup Cost": 0.43,
                      "Total Cost": 139.27,
                      "Plan Rows": 4,
                      "Plan Width": 4,
                      "Actual Startup Time": 0.041,
                      "Actual Total Time": 0.041,
                      "Actual Rows": 2,
                      "Actual Loops": 2730,
                      "Index Cond": "(movie_id = t.id)",
                      "Rows Removed by Index Recheck": 0,
                      "Filter": "(info_type_id = 3)",
                      "Rows Removed by Filter": 12
                    }
                  ]
                }
              ]
            }
          ]
        }
      ]
    },
    "Planning Time": 0.623,
    "Triggers": [],
    "Execution Time": 127.965
  }
]