[
  {
    "Plan": {
      "Node Type": "Aggregate",
      "Strategy": "Plain",
      "Partial Mode": "Finalize",
      "Parallel Aware": false,
      "Startup Cost": 337015.04,
      "Total Cost": 337015.05,
      "Plan Rows": 1,
      "Plan Width": 8,
      "Actual Startup Time": 710.281,
      "Actual Total Time": 755.039,
      "Actual Rows": 1,
      "Actual Loops": 1,
      "Plans": [
        {
          "Node Type": "Gather",
          "Parent Relationship": "Outer",
          "Parallel Aware": false,
          "Startup Cost": 337014.41,
          "Total Cost": 337015.02,
          "Plan Rows": 6,
          "Plan Width": 8,
          "Actual Startup Time": 710.064,
          "Actual Total Time": 755.03,
          "Actual Rows": 7,
          "Actual Loops": 1,
          "Workers Planned": 6,
          "Workers Launched": 6,
          "Single Copy": false,
          "Plans": [
            {
              "Node Type": "Aggregate",
              "Strategy": "Plain",
              "Partial Mode": "Partial",
              "Parent Relationship": "Outer",
              "Parallel Aware": false,
              "Startup Cost": 336014.41,
              "Total Cost": 336014.42,
              "Plan Rows": 1,
              "Plan Width": 8,
              "Actual Startup Time": 703.029,
              "Actual Total Time": 703.03,
              "Actual Rows": 1,
              "Actual Loops": 7,
              "Plans": [
                {
                  "Node Type": "Seq Scan",
                  "Parent Relationship": "Outer",
                  "Parallel Aware": true,
                  "Relation Name": "cast_info",
                  "Alias": "ci",
                  "Startup Cost": 0.0,
                  "Total Cost": 328211.39,
                  "Plan Rows": 3121209,
                  "Plan Width": 0,
                  "Actual Startup Time": 183.461,
                  "Actual Total Time": 574.655,
                  "Actual Rows": 2656412,
                  "Actual Loops": 7,
                  "Filter": "(person_id > 1747392)",
                  "Rows Removed by Filter": 2521352
                }
              ]
            }
          ]
        }
      ]
    },
    "Planning Time": 0.09,
    "Triggers": [],
    "Execution Time": 755.084
  }
]