[
  {
    "Plan": {
      "Node Type": "Aggregate",
      "Strategy": "Plain",
      "Partial Mode": "Finalize",
      "Parallel Aware": false,
      "Startup Cost": 415834.0,
      "Total Cost": 415834.01,
      "Plan Rows": 1,
      "Plan Width": 8,
      "Actual Startup Time": 3629.628,
      "Actual Total Time": 3705.314,
      "Actual Rows": 1,
      "Actual Loops": 1,
      "Plans": [
        {
          "Node Type": "Gather",
          "Parent Relationship": "Outer",
          "Parallel Aware": false,
          "Startup Cost": 415833.47,
          "Total Cost": 415833.98,
          "Plan Rows": 5,
          "Plan Width": 8,
          "Actual Startup Time": 3627.538,
          "Actual Total Time": 3705.305,
          "Actual Rows": 6,
          "Actual Loops": 1,
          "Workers Planned": 5,
          "Workers Launched": 5,
          "Single Copy": false,
          "Plans": [
            {
              "Node Type": "Aggregate",
              "Strategy": "Plain",
              "Partial Mode": "Partial",
              "Parent Relationship": "Outer",
              "Parallel Aware": false,
              "Startup Cost": 414833.47,
              "Total Cost": 414833.48,
              "Plan Rows": 1,
              "Plan Width": 8,
              "Actual Startup Time": 3615.857,
              "Actual Total Time": 3615.861,
              "Actual Rows": 1,
              "Actual Loops": 6,
              "Plans": [
                {
                  "Node Type": "Nested Loop",
                  "Parent Relationship": "Outer",
                  "Parallel Aware": false,
                  "Join Type": "Inner",
                  "Startup Cost": 71675.65,
                  "Total Cost": 412606.66,
                  "Plan Rows": 890727,
                  "Plan Width": 0,
                  "Actual Startup Time": 223.807,
                  "Actual Total Time": 3424.87,
                  "Actual Rows": 3660448,
                  "Actual Loops": 6,
                  "Inner Unique": false,
                  "Join Filter": "(t.id = ci.movie_id)",
                  "Rows Removed by Join Filter": 0,
                  "Plans": [
                    {
                      "Node Type": "Hash Join",
                      "Parent Relationship": "Outer",
                      "Parallel Aware": true,
                      "Join Type": "Inner",
                      "Startup Cost": 71675.08,
                      "Total Cost": 237737.66,
                      "Plan Rows": 62162,
                      "Plan Width": 8,
                      "Actual Startup Time": 223.653,
                      "Actual Total Time": 319.825,
                      "Actual Rows": 160671,
                      "Actual Loops": 6,
                      "Inner Unique": true,
                      "Hash Cond": "(mi.movie_id = t.id)",
                      "Plans": [
                        {
                          "Node Type": "Bitmap Heap Scan",
                          "Parent Relationship": "Outer",
                          "Parallel Aware": true,
                          "Relation Name": "movie_info",
                          "Alias": "mi",
                          "Startup Cost": 24370.61,
                          "Total Cost": 189726.89,
                          "Plan Rows": 269063,
                          "Plan Width": 4,
                          "Actual Startup Time": 48.403,
                          "Actual Total Time": 90.659,
                          "Actual Rows": 233650,
                          "Actual Loops": 6,
                          "Recheck Cond": "(info_type_id = 7)",
                          "Rows Removed by Index Recheck": 0,
                          "Exact Heap Blocks": 1521,
                          "Lossy Heap Blocks": 0,
                          "Plans": [
                            {
                              "Node Type": "Bitmap Index Scan",
                              "Parent Relationship": "Outer",
                              "Parallel Aware": false,
                              "Index Name": "info_type_id_movie_info",
                              "Startup Cost": 0.0,
                              "Total Cost": 24034.28,
                              "Plan Rows": 1345313,
                              "Plan Width": 0,
                              "Actual Startup Time": 46.661,
                              "Actual Total Time": 46.662,
                              "Actual Rows": 1401902,
                              "Actual Loops": 1,
                              "Index Cond": "(info_type_id = 7)"
                            }
                          ]
                        },
                        {
                          "Node Type": "Hash",
                          "Parent Relationship": "Inner",
                          "Parallel Aware": true,
                          "Startup Cost": 45479.1,
                          "Total Cost": 45479.1,
                          "Plan Rows": 146030,
                          "Plan Width": 4,
                          "Actual Startup Time": 138.928,
                          "Actual Total Time": 138.928,
                          "Actual Rows": 99122,
                          "Actual Loops": 6,
                          "Hash Buckets": 1048576,
                          "Original Hash Buckets": 1048576,
                          "Hash Batches": 1,
                          "Original Hash Batches": 1,
                          "Peak Memory Usage": 31520,
                          "Plans": [
                            {
                              "Node Type": "Seq Scan",
                              "Parent Relationship": "Outer",
                              "Parallel Aware": true,
                              "Relation Name": "title",
                              "Alias": "t",
                              "Startup Cost": 0.0,
                              "Total Cost": 45479.1,
                              "Plan Rows": 146030,
                              "Plan Width": 4,
                              "Actual Startup Time": 55.73,
                              "Actual Total Time": 93.097,
                              "Actual Rows": 99122,
                              "Actual Loops": 6,
                              "Filter": "((production_year < 2012) AND (kind_id = 1))",
                              "Rows Removed by Filter": 322264
                            }
                          ]
                        }
                      ]
                    },
                    {
                      "Node Type": "Index Only Scan",
                      "Parent Relationship": "Inner",
                      "Parallel Aware": false,
                      "Scan Direction": "Forward",
                      "Index Name": "movie_id_cast_info",
                      "Relation Name": "cast_info",
                      "Alias": "ci",
                      "Startup Cost": 0.56,
                      "Total Cost": 2.35,
                      "Plan Rows": 37,
                      "Plan Width": 4,
                      "Actual Startup Time": 0.003,
                      "Actual Total Time": 0.017,
                      "Actual Rows": 23,
                      "Actual Loops": 964027,
                      "Index Cond": "(movie_id = mi.movie_id)",
                      "Rows Removed by Index Recheck": 0,
                      "Heap Fetches": 21962689
                    }
                  ]
                }
              ]
            }
          ]
        }
      ]
    },
    "Planning Time": 1.355,
    "Triggers": [],
    "Execution Time": 3705.447
  }
]