[
  {
    "Plan": {
      "Node Type": "Aggregate",
      "Strategy": "Plain",
      "Partial Mode": "Finalize",
      "Parallel Aware": false,
      "Startup Cost": 347919.42,
      "Total Cost": 347919.43,
      "Plan Rows": 1,
      "Plan Width": 8,
      "Actual Startup Time": 800.377,
      "Actual Total Time": 858.793,
      "Actual Rows": 1,
      "Actual Loops": 1,
      "Plans": [
        {
          "Node Type": "Gather",
          "Parent Relationship": "Outer",
          "Parallel Aware": false,
          "Startup Cost": 347918.8,
          "Total Cost": 347919.41,
          "Plan Rows": 6,
          "Plan Width": 8,
          "Actual Startup Time": 800.234,
          "Actual Total Time": 858.782,
          "Actual Rows": 7,
          "Actual Loops": 1,
          "Workers Planned": 6,
          "Workers Launched": 6,
          "Single Copy": false,
          "Plans": [
            {
              "Node Type": "Aggregate",
              "Strategy": "Plain",
              "Partial Mode": "Partial",
              "Parent Relationship": "Outer",
              "Parallel Aware": false,
              "Startup Cost": 346918.8,
              "Total Cost": 346918.81,
              "Plan Rows": 1,
              "Plan Width": 8,
              "Actual Startup Time": 791.067,
              "Actual Total Time": 791.068,
              "Actual Rows": 1,
              "Actual Loops": 7,
              "Plans": [
                {
                  "Node Type": "Seq Scan",
                  "Parent Relationship": "Outer",
                  "Parallel Aware": true,
                  "Relation Name": "cast_info",
                  "Alias": "ci",
                  "Startup Cost": 0.0,
                  "Total Cost": 343257.03,
                  "Plan Rows": 1464707,
                  "Plan Width": 0,
                  "Actual Startup Time": 368.294,
                  "Actual Total Time": 711.847,
                  "Actual Rows": 1631929,
                  "Actual Loops": 7,
                  "Filter": "((person_id > 1664134) AND (role_id > 2))",
                  "Rows Removed by Filter": 3545835
                }
              ]
            }
          ]
        }
      ]
    },
    "Planning Time": 0.226,
    "Triggers": [],
    "Execution Time": 858.866
  }
]