[
  {
    "Plan": {
      "Node Type": "Aggregate",
      "Strategy": "Plain",
      "Partial Mode": "Finalize",
      "Parallel Aware": false,
      "Startup Cost": 377472.15,
      "Total Cost": 377472.16,
      "Plan Rows": 1,
      "Plan Width": 8,
      "Actual Startup Time": 878.936,
      "Actual Total Time": 952.641,
      "Actual Rows": 1,
      "Actual Loops": 1,
      "Plans": [
        {
          "Node Type": "Gather",
          "Parent Relationship": "Outer",
          "Parallel Aware": false,
          "Startup Cost": 377471.52,
          "Total Cost": 377472.13,
          "Plan Rows": 6,
          "Plan Width": 8,
          "Actual Startup Time": 877.037,
          "Actual Total Time": 952.627,
          "Actual Rows": 7,
          "Actual Loops": 1,
          "Workers Planned": 6,
          "Workers Launched": 6,
          "Single Copy": false,
          "Plans": [
            {
              "Node Type": "Aggregate",
              "Strategy": "Plain",
              "Partial Mode": "Partial",
              "Parent Relationship": "Outer",
              "Parallel Aware": false,
              "Startup Cost": 376471.52,
              "Total Cost": 376471.53,
              "Plan Rows": 1,
              "Plan Width": 8,
              "Actual Startup Time": 867.887,
              "Actual Total Time": 867.891,
              "Actual Rows": 1,
              "Actual Loops": 7,
              "Plans": [
                {
                  "Node Type": "Hash Join",
                  "Parent Relationship": "Outer",
                  "Parallel Aware": true,
                  "Join Type": "Inner",
                  "Startup Cost": 46219.61,
                  "Total Cost": 376304.42,
                  "Plan Rows": 66842,
                  "Plan Width": 0,
                  "Actual Startup Time": 559.467,
                  "Actual Total Time": 862.378,
                  "Actual Rows": 89016,
                  "Actual Loops": 7,
                  "Inner Unique": true,
                  "Hash Cond": "(ci.movie_id = t.id)",
                  "Plans": [
                    {
                      "Node Type": "Seq Scan",
                      "Parent Relationship": "Outer",
                      "Parallel Aware": true,
                      "Relation Name": "cast_info",
                      "Alias": "ci",
                      "Startup Cost": 0.0,
                      "Total Cost": 328211.39,
                      "Plan Rows": 713682,
                      "Plan Width": 4,
                      "Actual Startup Time": 454.512,
                      "Actual Total Time": 624.659,
                      "Actual Rows": 604745,
                      "Actual Loops": 7,
                      "Filter": "(person_id > 3284312)",
                      "Rows Removed by Filter": 4573019
                    },
                    {
                      "Node Type": "Hash",
                      "Parent Relationship": "Inner",
                      "Parallel Aware": true,
                      "Startup Cost": 45479.59,
                      "Total Cost": 45479.59,
                      "Plan Rows": 59202,
                      "Plan Width": 4,
                      "Actual Startup Time": 102.646,
                      "Actual Total Time": 102.648,
                      "Actual Rows": 36701,
                      "Actual Loops": 7,
                      "Hash Buckets": 262144,
                      "Original Hash Buckets": 262144,
                      "Hash Batches": 1,
                      "Original Hash Batches": 1,
                      "Peak Memory Usage": 12224,
                      "Plans": [
                        {
                          "Node Type": "Seq Scan",
                          "Parent Relationship": "Outer",
                          "Parallel Aware": true,
                          "Relation Name": "title",
                          "Alias": "t",
                          "Startup Cost": 0.0,
                          "Total Cost": 45479.59,
                          "Plan Rows": 59202,
                          "Plan Width": 4,
                          "Actual Startup Time": 0.042,
                          "Actual Total Time": 82.842,
                          "Actual Rows": 36701,
                          "Actual Loops": 7,
                          "Filter": "((production_year > 2010) AND (kind_id = 7))",
                          "Rows Removed by Filter": 324487
                        }
                      ]
                    }
                  ]
                }
              ]
            }
          ]
        }
      ]
    },
    "Planning Time": 0.538,
    "Triggers": [],
    "Execution Time": 952.725
  }
]