[
  {
    "Plan": {
      "Node Type": "Aggregate",
      "Strategy": "Plain",
      "Partial Mode": "Finalize",
      "Parallel Aware": false,
      "Startup Cost": 396725.56,
      "Total Cost": 396725.57,
      "Plan Rows": 1,
      "Plan Width": 8,
      "Actual Startup Time": 1631.153,
      "Actual Total Time": 1672.525,
      "Actual Rows": 1,
      "Actual Loops": 1,
      "Plans": [
        {
          "Node Type": "Gather",
          "Parent Relationship": "Outer",
          "Parallel Aware": false,
          "Startup Cost": 396725.25,
          "Total Cost": 396725.56,
          "Plan Rows": 3,
          "Plan Width": 8,
          "Actual Startup Time": 1593.074,
          "Actual Total Time": 1672.511,
          "Actual Rows": 4,
          "Actual Loops": 1,
          "Workers Planned": 3,
          "Workers Launched": 3,
          "Single Copy": false,
          "Plans": [
            {
              "Node Type": "Aggregate",
              "Strategy": "Plain",
              "Partial Mode": "Partial",
              "Parent Relationship": "Outer",
              "Parallel Aware": false,
              "Startup Cost": 395725.25,
              "Total Cost": 395725.26,
              "Plan Rows": 1,
              "Plan Width": 8,
              "Actual Startup Time": 1584.501,
              "Actual Total Time": 1584.755,
              "Actual Rows": 1,
              "Actual Loops": 4,
              "Plans": [
                {
                  "Node Type": "Hash Join",
                  "Parent Relationship": "Outer",
                  "Parallel Aware": true,
                  "Join Type": "Inner",
                  "Startup Cost": 364185.42,
                  "Total Cost": 395019.0,
                  "Plan Rows": 282499,
                  "Plan Width": 0,
                  "Actual Startup Time": 1156.827,
                  "Actual Total Time": 1536.862,
                  "Actual Rows": 964224,
                  "Actual Loops": 4,
                  "Inner Unique": false,
                  "Hash Cond": "(mc.movie_id = t.id)",
                  "Plans": [
                    {
                      "Node Type": "Seq Scan",
                      "Parent Relationship": "Outer",
                      "Parallel Aware": true,
                      "Relation Name": "movie_companies",
                      "Alias": "mc",
                      "Startup Cost": 0.0,
                      "Total Cost": 27206.55,
                      "Plan Rows": 841655,
                      "Plan Width": 4,
                      "Actual Startup Time": 0.015,
                      "Actual Total Time": 68.262,
                      "Actual Rows": 652282,
                      "Actual Loops": 4
                    },
                    {
                      "Node Type": "Hash",
                      "Parent Relationship": "Inner",
                      "Parallel Aware": true,
                      "Startup Cost": 362417.38,
                      "Total Cost": 362417.38,
                      "Plan Rows": 141443,
                      "Plan Width": 8,
                      "Actual Startup Time": 1151.491,
                      "Actual Total Time": 1151.743,
                      "Actual Rows": 447554,
                      "Actual Loops": 4,
                      "Hash Buckets": 2097152,
                      "Original Hash Buckets": 1048576,
                      "Hash Batches": 1,
                      "Original Hash Batches": 1,
                      "Peak Memory Usage": 94688,
                      "Plans": [
                        {
                          "Node Type": "Hash Join",
                          "Parent Relationship": "Outer",
                          "Parallel Aware": true,
                          "Join Type": "Inner",
                          "Startup Cost": 103303.6,
                          "Total Cost": 362417.38,
                          "Plan Rows": 141443,
                          "Plan Width": 8,
                          "Actual Startup Time": 550.915,
                          "Actual Total Time": 948.694,
                          "Actual Rows": 447554,
                          "Actual Loops": 4,
                          "Inner Unique": true,
                          "Hash Cond": "(ci.movie_id = t.id)",
                          "Plans": [
                            {
                              "Node Type": "Bitmap Heap Scan",
                              "Parent Relationship": "Outer",
                              "Parallel Aware": true,
                              "Relation Name": "cast_info",
                              "Alias": "ci",
                              "Startup Cost": 53083.21,
                              "Total Cost": 311825.71,
                              "Plan Rows": 141443,
                              "Plan Width": 4,
                              "Actual Startup Time": 129.338,
                              "Actual Total Time": 268.954,
                              "Actual Rows": 447554,
                              "Actual Loops": 4,
                              "Recheck Cond": "(person_id < 242304)",
                              "Rows Removed by Index Recheck": 0,
                              "Filter": "(role_id = 1)",
                              "Rows Removed by Filter": 176932,
                              "Exact Heap Blocks": 10182,
                              "Lossy Heap Blocks": 0,
                              "Plans": [
                                {
                                  "Node Type": "Bitmap Index Scan",
                                  "Parent Relationship": "Outer",
                                  "Parallel Aware": false,
                                  "Index Name": "person_id_cast_info",
                                  "Startup Cost": 0.0,
                                  "Total Cost": 52871.05,
                                  "Plan Rows": 2422198,
                                  "Plan Width": 0,
                                  "Actual Startup Time": 123.102,
                                  "Actual Total Time": 123.103,
                                  "Actual Rows": 2497941,
                                  "Actual Loops": 1,
                                  "Index Cond": "(person_id < 242304)"
                                }
                              ]
                            },
                            {
                              "Node Type": "Hash",
                              "Parent Relationship": "Inner",
                              "Parallel Aware": true,
                              "Startup Cost": 42319.06,
                              "Total Cost": 42319.06,
                              "Plan Rows": 632106,
                              "Plan Width": 4,
                              "Actual Startup Time": 413.124,
                              "Actual Total Time": 413.125,
                              "Actual Rows": 632078,
                              "Actual Loops": 4,
                              "Hash Buckets": 4194304,
                              "Original Hash Buckets": 4194304,
                              "Hash Batches": 1,
                              "Original Hash Batches": 1,
                              "Peak Memory Usage": 131776,
                              "Plans": [
                                {
                                  "Node Type": "Seq Scan",
                                  "Parent Relationship": "Outer",
                                  "Parallel Aware": true,
                                  "Relation Name": "title",
                                  "Alias": "t",
                                  "Startup Cost": 0.0,
                                  "Total Cost": 42319.06,
                                  "Plan Rows": 632106,
                                  "Plan Width": 4,
                                  "Actual Startup Time": 0.057,
                                  "Actual Total Time": 119.698,
                                  "Actual Rows": 632078,
                                  "Actual Loops": 4
                                }
                              ]
                            }
                          ]
                        }
                      ]
                    }
                  ]
                }
              ]
            }
          ]
        }
      ]
    },
    "Planning Time": 1.494,
    "Triggers": [],
    "Execution Time": 1672.629
  }
]