[
  {
    "Plan": {
      "Node Type": "Aggregate",
      "Strategy": "Plain",
      "Partial Mode": "Finalize",
      "Parallel Aware": false,
      "Startup Cost": 75553.99,
      "Total Cost": 75554.0,
      "Plan Rows": 1,
      "Plan Width": 8,
      "Actual Startup Time": 260.099,
      "Actual Total Time": 275.979,
      "Actual Rows": 1,
      "Actual Loops": 1,
      "Plans": [
        {
          "Node Type": "Gather",
          "Parent Relationship": "Outer",
          "Parallel Aware": false,
          "Startup Cost": 75553.67,
          "Total Cost": 75553.98,
          "Plan Rows": 3,
          "Plan Width": 8,
          "Actual Startup Time": 256.615,
          "Actual Total Time": 275.969,
          "Actual Rows": 4,
          "Actual Loops": 1,
          "Workers Planned": 3,
          "Workers Launched": 3,
          "Single Copy": false,
          "Plans": [
            {
              "Node Type": "Aggregate",
              "Strategy": "Plain",
              "Partial Mode": "Partial",
              "Parent Relationship": "Outer",
              "Parallel Aware": false,
              "Startup Cost": 74553.67,
              "Total Cost": 74553.68,
              "Plan Rows": 1,
              "Plan Width": 8,
              "Actual Startup Time": 248.777,
              "Actual Total Time": 248.782,
              "Actual Rows": 1,
              "Actual Loops": 4,
              "Plans": [
                {
                  "Node Type": "Hash Join",
                  "Parent Relationship": "Outer",
                  "Parallel Aware": true,
                  "Join Type": "Inner",
                  "Startup Cost": 48803.92,
                  "Total Cost": 74543.94,
                  "Plan Rows": 3892,
                  "Plan Width": 0,
                  "Actual Startup Time": 219.108,
                  "Actual Total Time": 248.036,
                  "Actual Rows": 8263,
                  "Actual Loops": 4,
                  "Inner Unique": true,
                  "Hash Cond": "(mk.movie_id = t.id)",
                  "Plans": [
                    {
                      "Node Type": "Bitmap Heap Scan",
                      "Parent Relationship": "Outer",
                      "Parallel Aware": true,
                      "Relation Name": "movie_keyword",
                      "Alias": "mk",
                      "Startup Cost": 805.77,
                      "Total Cost": 26513.74,
                      "Plan Rows": 12210,
                      "Plan Width": 4,
                      "Actual Startup Time": 13.909,
                      "Actual Total Time": 34.86,
                      "Actual Rows": 8678,
                      "Actual Loops": 4,
                      "Recheck Cond": "(keyword_id = 2488)",
                      "Rows Removed by Index Recheck": 0,
                      "Exact Heap Blocks": 6743,
                      "Lossy Heap Blocks": 0,
                      "Plans": [
                        {
                          "Node Type": "Bitmap Index Scan",
                          "Parent Relationship": "Outer",
                          "Parallel Aware": false,
                          "Index Name": "keyword_id_movie_keyword",
                          "Startup Cost": 0.0,
                          "Total Cost": 796.31,
                          "Plan Rows": 37850,
                          "Plan Width": 0,
                          "Actual Startup Time": 10.549,
                          "Actual Total Time": 10.55,
                          "Actual Rows": 34710,
                          "Actual Loops": 1,
                          "Index Cond": "(keyword_id = 2488)"
                        }
                      ]
                    },
                    {
                      "Node Type": "Hash",
                      "Parent Relationship": "Inner",
                      "Parallel Aware": true,
                      "Startup Cost": 45479.59,
                      "Total Cost": 45479.59,
                      "Plan Rows": 201485,
                      "Plan Width": 4,
                      "Actual Startup Time": 200.124,
                      "Actual Total Time": 200.126,
                      "Actual Rows": 210754,
                      "Actual Loops": 4,
                      "Hash Buckets": 1048576,
                      "Original Hash Buckets": 1048576,
                      "Hash Batches": 1,
                      "Original Hash Batches": 1,
                      "Peak Memory Usage": 41248,
                      "Plans": [
                        {
                          "Node Type": "Seq Scan",
                          "Parent Relationship": "Outer",
                          "Parallel Aware": true,
                          "Relation Name": "title",
                          "Alias": "t",
                          "Startup Cost": 0.0,
                          "Total Cost": 45479.59,
                          "Plan Rows": 201485,
                          "Plan Width": 4,
                          "Actual Startup Time": 0.026,
                          "Actual Total Time": 120.597,
                          "Actual Rows": 210754,
                          "Actual Loops": 4,
                          "Filter": "((kind_id < 7) AND (production_year < 2011))",
                          "Rows Removed by Filter": 421324
                        }
                      ]
                    }
                  ]
                }
              ]
            }
          ]
        }
      ]
    },
    "Planning Time": 0.663,
    "Triggers": [],
    "Execution Time": 276.078
  }
]