[
  {
    "Plan": {
      "Node Type": "Aggregate",
      "Strategy": "Plain",
      "Partial Mode": "Finalize",
      "Parallel Aware": false,
      "Startup Cost": 78561.08,
      "Total Cost": 78561.09,
      "Plan Rows": 1,
      "Plan Width": 8,
      "Actual Startup Time": 467.814,
      "Actual Total Time": 482.194,
      "Actual Rows": 1,
      "Actual Loops": 1,
      "Plans": [
        {
          "Node Type": "Gather",
          "Parent Relationship": "Outer",
          "Parallel Aware": false,
          "Startup Cost": 78560.77,
          "Total Cost": 78561.08,
          "Plan Rows": 3,
          "Plan Width": 8,
          "Actual Startup Time": 456.2,
          "Actual Total Time": 482.186,
          "Actual Rows": 4,
          "Actual Loops": 1,
          "Workers Planned": 3,
          "Workers Launched": 3,
          "Single Copy": false,
          "Plans": [
            {
              "Node Type": "Aggregate",
              "Strategy": "Plain",
              "Partial Mode": "Partial",
              "Parent Relationship": "Outer",
              "Parallel Aware": false,
              "Startup Cost": 77560.77,
              "Total Cost": 77560.78,
              "Plan Rows": 1,
              "Plan Width": 8,
              "Actual Startup Time": 437.133,
              "Actual Total Time": 437.137,
              "Actual Rows": 1,
              "Actual Loops": 4,
              "Plans": [
                {
                  "Node Type": "Hash Join",
                  "Parent Relationship": "Outer",
                  "Parallel Aware": true,
                  "Join Type": "Inner",
                  "Startup Cost": 57129.58,
                  "Total Cost": 77455.13,
                  "Plan Rows": 42253,
                  "Plan Width": 0,
                  "Actual Startup Time": 408.398,
                  "Actual Total Time": 436.219,
                  "Actual Rows": 15494,
                  "Actual Loops": 4,
                  "Inner Unique": true,
                  "Hash Cond": "(mc.movie_id = t.id)",
                  "Plans": [
                    {
                      "Node Type": "Bitmap Heap Scan",
                      "Parent Relationship": "Outer",
                      "Parallel Aware": true,
                      "Relation Name": "movie_companies",
                      "Alias": "mc",
                      "Startup Cost": 6278.36,
                      "Total Cost": 26477.85,
                      "Plan Rows": 48023,
                      "Plan Width": 4,
                      "Actual Startup Time": 36.119,
                      "Actual Total Time": 47.977,
                      "Actual Rows": 16327,
                      "Actual Loops": 4,
                      "Recheck Cond": "(company_id < 159)",
                      "Rows Removed by Index Recheck": 0,
                      "Filter": "(company_type_id > 1)",
                      "Rows Removed by Filter": 55002,
                      "Exact Heap Blocks": 8171,
                      "Lossy Heap Blocks": 0,
                      "Plans": [
                        {
                          "Node Type": "Bitmap Index Scan",
                          "Parent Relationship": "Outer",
                          "Parallel Aware": false,
                          "Index Name": "company_id_movie_companies",
                          "Startup Cost": 0.0,
                          "Total Cost": 6241.14,
                          "Plan Rows": 291295,
                          "Plan Width": 0,
                          "Actual Startup Time": 11.016,
                          "Actual Total Time": 11.017,
                          "Actual Rows": 285317,
                          "Actual Loops": 1,
                          "Index Cond": "(company_id < 159)"
                        }
                      ]
                    },
                    {
                      "Node Type": "Hash",
                      "Parent Relationship": "Inner",
                      "Parallel Aware": true,
                      "Startup Cost": 43899.32,
                      "Total Cost": 43899.32,
                      "Plan Rows": 556152,
                      "Plan Width": 4,
                      "Actual Startup Time": 360.593,
                      "Actual Total Time": 360.594,
                      "Actual Rows": 556142,
                      "Actual Loops": 4,
                      "Hash Buckets": 4194304,
                      "Original Hash Buckets": 4194304,
                      "Hash Batches": 1,
                      "Original Hash Batches": 1,
                      "Peak Memory Usage": 119872,
                      "Plans": [
                        {
                          "Node Type": "Seq Scan",
                          "Parent Relationship": "Outer",
                          "Parallel Aware": true,
                          "Relation Name": "title",
                          "Alias": "t",
                          "Startup Cost": 0.0,
                          "Total Cost": 43899.32,
                          "Plan Rows": 556152,
                          "Plan Width": 4,
                          "Actual Startup Time": 0.047,
                          "Actual Total Time": 127.832,
                          "Actual Rows": 556142,
                          "Actual Loops": 4,
                          "Filter": "(production_year < 2012)",
                          "Rows Removed by Filter": 75936
                        }
                      ]
                    }
                  ]
                }
              ]
            }
          ]
        }
      ]
    },
    "Planning Time": 0.605,
    "Triggers": [],
    "Execution Time": 482.273
  }
]