[
  {
    "Plan": {
      "Node Type": "Aggregate",
      "Strategy": "Plain",
      "Partial Mode": "Finalize",
      "Parallel Aware": false,
      "Startup Cost": 79440.08,
      "Total Cost": 79440.09,
      "Plan Rows": 1,
      "Plan Width": 8,
      "Actual Startup Time": 343.345,
      "Actual Total Time": 358.281,
      "Actual Rows": 1,
      "Actual Loops": 1,
      "Plans": [
        {
          "Node Type": "Gather",
          "Parent Relationship": "Outer",
          "Parallel Aware": false,
          "Startup Cost": 79439.77,
          "Total Cost": 79440.08,
          "Plan Rows": 3,
          "Plan Width": 8,
          "Actual Startup Time": 340.409,
          "Actual Total Time": 358.269,
          "Actual Rows": 4,
          "Actual Loops": 1,
          "Workers Planned": 3,
          "Workers Launched": 3,
          "Single Copy": false,
          "Plans": [
            {
              "Node Type": "Aggregate",
              "Strategy": "Plain",
              "Partial Mode": "Partial",
              "Parent Relationship": "Outer",
              "Parallel Aware": false,
              "Startup Cost": 78439.77,
              "Total Cost": 78439.78,
              "Plan Rows": 1,
              "Plan Width": 8,
              "Actual Startup Time": 331.669,
              "Actual Total Time": 331.672,
              "Actual Rows": 1,
              "Actual Loops": 4,
              "Plans": [
                {
                  "Node Type": "Hash Join",
                  "Parent Relationship": "Outer",
                  "Parallel Aware": true,
                  "Join Type": "Inner",
                  "Startup Cost": 47607.27,
                  "Total Cost": 78129.08,
                  "Plan Rows": 124276,
                  "Plan Width": 0,
                  "Actual Startup Time": 181.47,
                  "Actual Total Time": 329.086,
                  "Actual Rows": 51735,
                  "Actual Loops": 4,
                  "Inner Unique": true,
                  "Hash Cond": "(mc.movie_id = t.id)",
                  "Plans": [
                    {
                      "Node Type": "Seq Scan",
                      "Parent Relationship": "Outer",
                      "Parallel Aware": true,
                      "Relation Name": "movie_companies",
                      "Alias": "mc",
                      "Startup Cost": 0.0,
                      "Total Cost": 29310.68,
                      "Plan Rows": 461379,
                      "Plan Width": 4,
                      "Actual Startup Time": 0.02,
                      "Actual Total Time": 70.558,
                      "Actual Rows": 357264,
                      "Actual Loops": 4,
                      "Filter": "(company_id < 12629)",
                      "Rows Removed by Filter": 295018
                    },
                    {
                      "Node Type": "Hash",
                      "Parent Relationship": "Inner",
                      "Parallel Aware": true,
                      "Startup Cost": 45479.1,
                      "Total Cost": 45479.1,
                      "Plan Rows": 170254,
                      "Plan Width": 4,
                      "Actual Startup Time": 176.389,
                      "Actual Total Time": 176.39,
                      "Actual Rows": 184920,
                      "Actual Loops": 4,
                      "Hash Buckets": 1048576,
                      "Original Hash Buckets": 1048576,
                      "Hash Batches": 1,
                      "Original Hash Batches": 1,
                      "Peak Memory Usage": 37216,
                      "Plans": [
                        {
                          "Node Type": "Seq Scan",
                          "Parent Relationship": "Outer",
                          "Parallel Aware": true,
                          "Relation Name": "title",
                          "Alias": "t",
                          "Startup Cost": 0.0,
                          "Total Cost": 45479.1,
                          "Plan Rows": 170254,
                          "Plan Width": 4,
                          "Actual Startup Time": 0.04,
                          "Actual Total Time": 107.313,
                          "Actual Rows": 184920,
                          "Actual Loops": 4,
                          "Filter": "((production_year > 2004) AND (kind_id = 7))",
                          "Rows Removed by Filter": 447158
                        }
                      ]
                    }
                  ]
                }
              ]
            }
          ]
        }
      ]
    },
    "Planning Time": 0.654,
    "Triggers": [],
    "Execution Time": 358.352
  }
]