{
  "Plan": {
    "Node Type": "Aggregate",
    "Strategy": "Plain",
    "Partial Mode": "Finalize",
    "Parallel Aware": false,
    "Startup Cost": 57948.63,
    "Total Cost": 57948.64,
    "Plan Rows": 1,
    "Plan Width": 8,
    "Actual Startup Time": 148.681,
    "Actual Total Time": 153.931,
    "Actual Rows": 1,
    "Actual Loops": 1,
    "Plans": [
      {
        "Node Type": "Gather",
        "Parent Relationship": "Outer",
        "Parallel Aware": false,
        "Startup Cost": 57948.52,
        "Total Cost": 57948.63,
        "Plan Rows": 1,
        "Plan Width": 8,
        "Actual Startup Time": 148.556,
        "Actual Total Time": 153.924,
        "Actual Rows": 2,
        "Actual Loops": 1,
        "Workers Planned": 1,
        "Workers Launched": 1,
        "Single Copy": false,
        "Plans": [
          {
            "Node Type": "Aggregate",
            "Strategy": "Plain",
            "Partial Mode": "Partial",
            "Parent Relationship": "Outer",
            "Parallel Aware": false,
            "Startup Cost": 56948.52,
            "Total Cost": 56948.53,
            "Plan Rows": 1,
            "Plan Width": 8,
            "Actual Startup Time": 142.754,
            "Actual Total Time": 142.757,
            "Actual Rows": 1,
            "Actual Loops": 2,
            "Plans": [
              {
                "Node Type": "Hash Join",
                "Parent Relationship": "Outer",
                "Parallel Aware": true,
                "Join Type": "Inner",
                "Startup Cost": 38760.76,
                "Total Cost": 56944.55,
                "Plan Rows": 1589,
                "Plan Width": 0,
                "Actual Startup Time": 84.736,
                "Actual Total Time": 142.629,
                "Actual Rows": 2160,
                "Actual Loops": 2,
                "Inner Unique": true,
                "Hash Cond": "(mi_idx.movie_id = t.id)",
                "Plans": [
                  {
                    "Node Type": "Seq Scan",
                    "Parent Relationship": "Outer",
                    "Parallel Aware": true,
                    "Relation Name": "movie_info_idx",
                    "Alias": "mi_idx",
                    "Startup Cost": 0.0,
                    "Total Cost": 16052.85,
                    "Plan Rows": 811785,
                    "Plan Width": 4,
                    "Actual Startup Time": 0.023,
                    "Actual Total Time": 51.005,
                    "Actual Rows": 690018,
                    "Actual Loops": 2
                  },
                  {
                    "Node Type": "Hash",
                    "Parent Relationship": "Inner",
                    "Parallel Aware": true,
                    "Startup Cost": 38724.37,
                    "Total Cost": 38724.37,
                    "Plan Rows": 2911,
                    "Plan Width": 4,
                    "Actual Startup Time": 45.855,
                    "Actual Total Time": 45.857,
                    "Actual Rows": 1820,
                    "Actual Loops": 2,
                    "Hash Buckets": 8192,
                    "Original Hash Buckets": 8192,
                    "Hash Batches": 1,
                    "Original Hash Batches": 1,
                    "Peak Memory Usage": 224,
                    "Plans": [
                      {
                        "Node Type": "Bitmap Heap Scan",
                        "Parent Relationship": "Outer",
                        "Parallel Aware": true,
                        "Relation Name": "title",
                        "Alias": "t",
                        "Startup Cost": 1824.37,
                        "Total Cost": 38724.37,
                        "Plan Rows": 2911,
                        "Plan Width": 4,
                        "Actual Startup Time": 11.139,
                        "Actual Total Time": 45.12,
                        "Actual Rows": 1820,
                        "Actual Loops": 2,
                        "Recheck Cond": "(kind_id = 3)",
                        "Rows Removed by Index Recheck": 0,
                        "Filter": "(production_year = 2008)",
                        "Rows Removed by Filter": 48448,
                        "Exact Heap Blocks": 11150,
                        "Lossy Heap Blocks": 0,
                        "Plans": [
                          {
                            "Node Type": "Bitmap Index Scan",
                            "Parent Relationship": "Outer",
                            "Parallel Aware": false,
                            "Index Name": "kind_id_title",
                            "Startup Cost": 0.0,
                            "Total Cost": 1823.13,
                            "Plan Rows": 102227,
                            "Plan Width": 0,
                            "Actual Startup Time": 12.173,
                            "Actual Total Time": 12.173,
                            "Actual Rows": 100537,
                            "Actual Loops": 1,
                            "Index Cond": "(kind_id = 3)"
                          }
                        ]
                      }
                    ]
                  }
                ]
              }
            ]
          }
        ]
      }
    ]
  },
  "Planning Time": 0.292,
  "Triggers": [],
  "Execution Time": 153.996
}