[
  {
    "Plan": {
      "Node Type": "Aggregate",
      "Strategy": "Plain",
      "Partial Mode": "Finalize",
      "Parallel Aware": false,
      "Startup Cost": 33031.35,
      "Total Cost": 33031.36,
      "Plan Rows": 1,
      "Plan Width": 8,
      "Actual Startup Time": 98.997,
      "Actual Total Time": 106.915,
      "Actual Rows": 1,
      "Actual Loops": 1,
      "Plans": [
        {
          "Node Type": "Gather",
          "Parent Relationship": "Outer",
          "Parallel Aware": false,
          "Startup Cost": 33031.03,
          "Total Cost": 33031.34,
          "Plan Rows": 3,
          "Plan Width": 8,
          "Actual Startup Time": 98.89,
          "Actual Total Time": 106.906,
          "Actual Rows": 4,
          "Actual Loops": 1,
          "Workers Planned": 3,
          "Workers Launched": 3,
          "Single Copy": false,
          "Plans": [
            {
              "Node Type": "Aggregate",
              "Strategy": "Plain",
              "Partial Mode": "Partial",
              "Parent Relationship": "Outer",
              "Parallel Aware": false,
              "Startup Cost": 32031.03,
              "Total Cost": 32031.04,
              "Plan Rows": 1,
              "Plan Width": 8,
              "Actual Startup Time": 90.688,
              "Actual Total Time": 90.689,
              "Actual Rows": 1,
              "Actual Loops": 4,
              "Plans": [
                {
                  "Node Type": "Seq Scan",
                  "Parent Relationship": "Outer",
                  "Parallel Aware": true,
                  "Relation Name": "movie_companies",
                  "Alias": "mc",
                  "Startup Cost": 0.0,
                  "Total Cost": 31414.82,
                  "Plan Rows": 246485,
                  "Plan Width": 0,
                  "Actual Startup Time": 51.381,
                  "Actual Total Time": 85.2,
                  "Actual Rows": 119375,
                  "Actual Loops": 4,
                  "Filter": "((company_id < 13943) AND (company_type_id = 2))",
                  "Rows Removed by Filter": 532908
                }
              ]
            }
          ]
        }
      ]
    },
    "Planning Time": 0.227,
    "Triggers": [],
    "Execution Time": 106.977
  }
]