[
  {
    "Plan": {
      "Node Type": "Aggregate",
      "Strategy": "Plain",
      "Partial Mode": "Finalize",
      "Parallel Aware": false,
      "Startup Cost": 204036.44,
      "Total Cost": 204036.45,
      "Plan Rows": 1,
      "Plan Width": 8,
      "Actual Startup Time": 321.255,
      "Actual Total Time": 346.715,
      "Actual Rows": 1,
      "Actual Loops": 1,
      "Plans": [
        {
          "Node Type": "Gather",
          "Parent Relationship": "Outer",
          "Parallel Aware": false,
          "Startup Cost": 204035.81,
          "Total Cost": 204036.42,
          "Plan Rows": 6,
          "Plan Width": 8,
          "Actual Startup Time": 321.129,
          "Actual Total Time": 346.697,
          "Actual Rows": 7,
          "Actual Loops": 1,
          "Workers Planned": 6,
          "Workers Launched": 6,
          "Single Copy": false,
          "Plans": [
            {
              "Node Type": "Aggregate",
              "Strategy": "Plain",
              "Partial Mode": "Partial",
              "Parent Relationship": "Outer",
              "Parallel Aware": false,
              "Startup Cost": 203035.81,
              "Total Cost": 203035.82,
              "Plan Rows": 1,
              "Plan Width": 8,
              "Actual Startup Time": 313.387,
              "Actual Total Time": 313.389,
              "Actual Rows": 1,
              "Actual Loops": 7,
              "Plans": [
                {
                  "Node Type": "Index Scan",
                  "Parent Relationship": "Outer",
                  "Parallel Aware": true,
                  "Scan Direction": "Forward",
                  "Index Name": "role_id_cast_info",
                  "Relation Name": "cast_info",
                  "Alias": "ci",
                  "Startup Cost": 0.56,
                  "Total Cost": 201884.69,
                  "Plan Rows": 460448,
                  "Plan Width": 0,
                  "Actual Startup Time": 183.387,
                  "Actual Total Time": 289.051,
                  "Actual Rows": 374885,
                  "Actual Loops": 7,
                  "Index Cond": "(role_id = 2)",
                  "Rows Removed by Index Recheck": 0,
                  "Filter": "(person_id > 2362124)",
                  "Rows Removed by Filter": 689683
                }
              ]
            }
          ]
        }
      ]
    },
    "Planning Time": 0.146,
    "Triggers": [],
    "Execution Time": 346.761
  }
]