[
  {
    "Plan": {
      "Node Type": "Aggregate",
      "Strategy": "Plain",
      "Partial Mode": "Finalize",
      "Parallel Aware": false,
      "Startup Cost": 44988.74,
      "Total Cost": 44988.75,
      "Plan Rows": 1,
      "Plan Width": 8,
      "Actual Startup Time": 134.493,
      "Actual Total Time": 142.334,
      "Actual Rows": 1,
      "Actual Loops": 1,
      "Plans": [
        {
          "Node Type": "Gather",
          "Parent Relationship": "Outer",
          "Parallel Aware": false,
          "Startup Cost": 44988.42,
          "Total Cost": 44988.73,
          "Plan Rows": 3,
          "Plan Width": 8,
          "Actual Startup Time": 134.346,
          "Actual Total Time": 142.32,
          "Actual Rows": 4,
          "Actual Loops": 1,
          "Workers Planned": 3,
          "Workers Launched": 3,
          "Single Copy": false,
          "Plans": [
            {
              "Node Type": "Aggregate",
              "Strategy": "Plain",
              "Partial Mode": "Partial",
              "Parent Relationship": "Outer",
              "Parallel Aware": false,
              "Startup Cost": 43988.42,
              "Total Cost": 43988.43,
              "Plan Rows": 1,
              "Plan Width": 8,
              "Actual Startup Time": 128.92,
              "Actual Total Time": 128.921,
              "Actual Rows": 1,
              "Actual Loops": 4,
              "Plans": [
                {
                  "Node Type": "Seq Scan",
                  "Parent Relationship": "Outer",
                  "Parallel Aware": true,
                  "Relation Name": "movie_keyword",
                  "Alias": "mk",
                  "Startup Cost": 0.0,
                  "Total Cost": 42695.65,
                  "Plan Rows": 517106,
                  "Plan Width": 0,
                  "Actual Startup Time": 1.369,
                  "Actual Total Time": 109.493,
                  "Actual Rows": 398415,
                  "Actual Loops": 4,
                  "Filter": "(keyword_id > 9673)",
                  "Rows Removed by Filter": 732568
                }
              ]
            }
          ]
        }
      ]
    },
    "Planning Time": 0.184,
    "Triggers": [],
    "Execution Time": 142.388
  }
]