{
  "Plan": {
    "Node Type": "Aggregate",
    "Strategy": "Plain",
    "Partial Mode": "Finalize",
    "Parallel Aware": false,
    "Startup Cost": 85732.94,
    "Total Cost": 85732.95,
    "Plan Rows": 1,
    "Plan Width": 8,
    "Actual Startup Time": 181.118,
    "Actual Total Time": 199.854,
    "Actual Rows": 1,
    "Actual Loops": 1,
    "Plans": [
      {
        "Node Type": "Gather",
        "Parent Relationship": "Outer",
        "Parallel Aware": false,
        "Startup Cost": 85732.82,
        "Total Cost": 85732.93,
        "Plan Rows": 1,
        "Plan Width": 8,
        "Actual Startup Time": 180.865,
        "Actual Total Time": 199.847,
        "Actual Rows": 2,
        "Actual Loops": 1,
        "Workers Planned": 1,
        "Workers Launched": 1,
        "Single Copy": false,
        "Plans": [
          {
            "Node Type": "Aggregate",
            "Strategy": "Plain",
            "Partial Mode": "Partial",
            "Parent Relationship": "Outer",
            "Parallel Aware": false,
            "Startup Cost": 84732.82,
            "Total Cost": 84732.83,
            "Plan Rows": 1,
            "Plan Width": 8,
            "Actual Startup Time": 174.981,
            "Actual Total Time": 174.982,
            "Actual Rows": 1,
            "Actual Loops": 2,
            "Plans": [
              {
                "Node Type": "Nested Loop",
                "Parent Relationship": "Outer",
                "Parallel Aware": false,
                "Join Type": "Inner",
                "Startup Cost": 0.43,
                "Total Cost": 84724.68,
                "Plan Rows": 3259,
                "Plan Width": 0,
                "Actual Startup Time": 1.743,
                "Actual Total Time": 174.434,
                "Actual Rows": 9038,
                "Actual Loops": 2,
                "Inner Unique": false,
                "Plans": [
                  {
                    "Node Type": "Seq Scan",
                    "Parent Relationship": "Outer",
                    "Parallel Aware": true,
                    "Relation Name": "title",
                    "Alias": "t",
                    "Startup Cost": 0.0,
                    "Total Cost": 58306.47,
                    "Plan Rows": 2994,
                    "Plan Width": 4,
                    "Actual Startup Time": 1.419,
                    "Actual Total Time": 149.036,
                    "Actual Rows": 3098,
                    "Actual Loops": 2,
                    "Filter": "((kind_id < 7) AND (production_year = 1975))",
                    "Rows Removed by Filter": 1261058
                  },
                  {
                    "Node Type": "Index Scan",
                    "Parent Relationship": "Inner",
                    "Parallel Aware": false,
                    "Scan Direction": "Forward",
                    "Index Name": "movie_id_movie_keyword",
                    "Relation Name": "movie_keyword",
                    "Alias": "mk",
                    "Startup Cost": 0.43,
                    "Total Cost": 8.54,
                    "Plan Rows": 28,
                    "Plan Width": 4,
                    "Actual Startup Time": 0.007,
                    "Actual Total Time": 0.008,
                    "Actual Rows": 3,
                    "Actual Loops": 6196,
                    "Index Cond": "(movie_id = t.id)",
                    "Rows Removed by Index Recheck": 0,
                    "Filter": "(keyword_id < 7796)",
                    "Rows Removed by Filter": 2
                  }
                ]
              }
            ]
          }
        ]
      }
    ]
  },
  "Planning Time": 0.521,
  "Triggers": [],
  "Execution Time": 199.927
}