[
  {
    "Plan": {
      "Node Type": "Aggregate",
      "Strategy": "Plain",
      "Partial Mode": "Simple",
      "Parallel Aware": false,
      "Startup Cost": 271865.24,
      "Total Cost": 271865.25,
      "Plan Rows": 1,
      "Plan Width": 192,
      "Actual Startup Time": 1140.436,
      "Actual Total Time": 1140.735,
      "Actual Rows": 1,
      "Actual Loops": 1,
      "Plans": [
        {
          "Node Type": "Merge Join",
          "Parent Relationship": "Outer",
          "Parallel Aware": false,
          "Join Type": "Inner",
          "Startup Cost": 259182.55,
          "Total Cost": 271865.23,
          "Plan Rows": 1,
          "Plan Width": 84,
          "Actual Startup Time": 1105.725,
          "Actual Total Time": 1140.698,
          "Actual Rows": 8,
          "Actual Loops": 1,
          "Inner Unique": false,
          "Merge Cond": "(cn1.id = mc1.company_id)",
          "Plans": [
            {
              "Node Type": "Index Scan",
              "Parent Relationship": "Outer",
              "Parallel Aware": false,
              "Scan Direction": "Forward",
              "Index Name": "company_name_pkey",
              "Relation Name": "company_name",
              "Alias": "cn1",
              "Startup Cost": 0.42,
              "Total Cost": 12474.79,
              "Plan Rows": 84928,
              "Plan Width": 23,
              "Actual Startup Time": 0.024,
              "Actual Total Time": 33.345,
              "Actual Rows": 26007,
              "Actual Loops": 1,
              "Filter": "((country_code)::text = '[us]'::text)",
              "Rows Removed by Filter": 45397
            },
            {
              "Node Type": "Sort",
              "Parent Relationship": "Inner",
              "Parallel Aware": false,
              "Startup Cost": 259182.13,
              "Total Cost": 259182.14,
              "Plan Rows": 1,
              "Plan Width": 69,
              "Actual Startup Time": 1105.678,
              "Actual Total Time": 1105.981,
              "Actual Rows": 28,
              "Actual Loops": 1,
              "Sort Key": [
                "mc1.company_id"
              ],
              "Sort Method": "quicksort",
              "Sort Space Used": 29,
              "Sort Space Type": "Memory",
              "Plans": [
                {
                  "Node Type": "Merge Join",
                  "Parent Relationship": "Outer",
                  "Parallel Aware": false,
                  "Join Type": "Inner",
                  "Startup Cost": 246711.77,
                  "Total Cost": 259182.12,
                  "Plan Rows": 1,
                  "Plan Width": 69,
                  "Actual Startup Time": 1046.45,
                  "Actual Total Time": 1105.938,
                  "Actual Rows": 28,
                  "Actual Loops": 1,
                  "Inner Unique": false,
                  "Merge Cond": "(cn2.id = mc2.company_id)",
                  "Plans": [
                    {
                      "Node Type": "Index Scan",
                      "Parent Relationship": "Outer",
                      "Parallel Aware": false,
                      "Scan Direction": "Forward",
                      "Index Name": "company_name_pkey",
                      "Relation Name": "company_name",
                      "Alias": "cn2",
                      "Startup Cost": 0.42,
                      "Total Cost": 11887.3,
                      "Plan Rows": 234997,
                      "Plan Width": 23,
                      "Actual Startup Time": 0.011,
                      "Actual Total Time": 53.559,
                      "Actual Rows": 79743,
                      "Actual Loops": 1
                    },
                    {
                      "Node Type": "Sort",
                      "Parent Relationship": "Inner",
                      "Parallel Aware": false,
                      "Startup Cost": 246711.35,
                      "Total Cost": 246711.35,
                      "Plan Rows": 1,
                      "Plan Width": 54,
                      "Actual Startup Time": 1046.324,
                      "Actual Total Time": 1046.624,
                      "Actual Rows": 28,
                      "Actual Loops": 1,
                      "Sort Key": [
                        "mc2.company_id"
                      ],
                      "Sort Method": "quicksort",
                      "Sort Space Used": 28,
                      "Sort Space Type": "Memory",
                      "Plans": [
                        {
                          "Node Type": "Merge Join",
                          "Parent Relationship": "Outer",
                          "Parallel Aware": false,
                          "Join Type": "Inner",
                          "Startup Cost": 246711.31,
                          "Total Cost": 246711.34,
                          "Plan Rows": 1,
                          "Plan Width": 54,
                          "Actual Startup Time": 1046.294,
                          "Actual Total Time": 1046.595,
                          "Actual Rows": 28,
                          "Actual Loops": 1,
                          "Inner Unique": true,
                          "Merge Cond": "(t1.kind_id = kt1.id)",
                          "Plans": [
                            {
                              "Node Type": "Sort",
                              "Parent Relationship": "Outer",
                              "Parallel Aware": false,
                              "Startup Cost": 246710.22,
                              "Total Cost": 246710.22,
                              "Plan Rows": 1,
                              "Plan Width": 58,
                              "Actual Startup Time": 1046.251,
                              "Actual Total Time": 1046.546,
                              "Actual Rows": 28,
                              "Actual Loops": 1,
                              "Sort Key": [
                                "t1.kind_id"
                              ],
                              "Sort Method": "quicksort",
                              "Sort Space Used": 28,
                              "Sort Space Type": "Memory",
                              "Plans": [
                                {
                                  "Node Type": "Merge Join",
                                  "Parent Relationship": "Outer",
                                  "Parallel Aware": false,
                                  "Join Type": "Inner",
                                  "Startup Cost": 232777.09,
                                  "Total Cost": 246710.21,
                                  "Plan Rows": 1,
                                  "Plan Width": 58,
                                  "Actual Startup Time": 1010.941,
                                  "Actual Total Time": 1046.502,
                                  "Actual Rows": 28,
                                  "Actual Loops": 1,
                                  "Inner Unique": true,
                                  "Merge Cond": "(ml.movie_id = t1.id)",
                                  "Plans": [
                                    {
                                      "Node Type": "Merge Join",
                                      "Parent Relationship": "Outer",
                                      "Parallel Aware": false,
                                      "Join Type": "Inner",
                                      "Startup Cost": 232776.66,
                                      "Total Cost": 238169.77,
                                      "Plan Rows": 1,
                                      "Plan Width": 49,
                                      "Actual Startup Time": 980.726,
                                      "Actual Total Time": 987.557,
                                      "Actual Rows": 28,
                                      "Actual Loops": 1,
                                      "Inner Unique": false,
                                      "Merge Cond": "(mc1.movie_id = ml.movie_id)",
                                      "Plans": [
                                        {
                                          "Node Type": "Index Scan",
                                          "Parent Relationship": "Outer",
                                          "Parallel Aware": false,
                                          "Scan Direction": "Forward",
                                          "Index Name": "movie_id_movie_companies",
                                          "Relation Name": "movie_companies",
                                          "Alias": "mc1",
                                          "Startup Cost": 0.43,
                                          "Total Cost": 140880.84,
                                          "Plan Rows": 2609129,
                                          "Plan Width": 8,
                                          "Actual Startup Time": 0.021,
                                          "Actual Total Time": 8.764,
                                          "Actual Rows": 33407,
                                          "Actual Loops": 1
                                        },
                                        {
                                          "Node Type": "Materialize",
                                          "Parent Relationship": "Inner",
                                          "Parallel Aware": false,
                                          "Startup Cost": 232776.23,
                                          "Total Cost": 232776.24,
                                          "Plan Rows": 1,
                                          "Plan Width": 41,
                                          "Actual Startup Time": 976.243,
                                          "Actual Total Time": 976.545,
                                          "Actual Rows": 28,
                                          "Actual Loops": 1,
                                          "Plans": [
                                            {
                                              "Node Type": "Sort",
                                              "Parent Relationship": "Outer",
                                              "Parallel Aware": false,
                                              "Startup Cost": 232776.23,
                                              "Total Cost": 232776.24,
                                              "Plan Rows": 1,
                                              "Plan Width": 41,
                                              "Actual Startup Time": 976.234,
                                              "Actual Total Time": 976.526,
                                              "Actual Rows": 10,
                                              "Actual Loops": 1,
                                              "Sort Key": [
                                                "mi_idx1.movie_id"
                                              ],
                                              "Sort Method": "quicksort",
                                              "Sort Space Used": 26,
                                              "Sort Space Type": "Memory",
                                              "Plans": [
                                                {
                                                  "Node Type": "Merge Join",
                                                  "Parent Relationship": "Outer",
                                                  "Parallel Aware": false,
                                                  "Join Type": "Inner",
                                                  "Startup Cost": 228144.77,
                                                  "Total Cost": 232776.22,
                                                  "Plan Rows": 1,
                                                  "Plan Width": 41,
                                                  "Actual Startup Time": 876.432,
                                                  "Actual Total Time": 976.495,
                                                  "Actual Rows": 10,
                                                  "Actual Loops": 1,
                                                  "Inner Unique": false,
                                                  "Merge Cond": "(ml.linked_movie_id = t2.id)",
                                                  "Plans": [
                                                    {
                                                      "Node Type": "Merge Join",
                                                      "Parent Relationship": "Outer",
                                                      "Parallel Aware": false,
                                                      "Join Type": "Inner",
                                                      "Startup Cost": 160773.59,
                                                      "Total Cost": 165095.67,
                                                      "Plan Rows": 9,
                                                      "Plan Width": 36,
                                                      "Actual Startup Time": 641.006,
                                                      "Actual Total Time": 736.593,
                                                      "Actual Rows": 58,
                                                      "Actual Loops": 1,
                                                      "Inner Unique": false,
                                                      "Merge Cond": "(ml.linked_movie_id = mi_idx2.movie_id)",
                                                      "Plans": [
                                                        {
                                                          "Node Type": "Gather Merge",
                                                          "Parent Relationship": "Outer",
                                                          "Parallel Aware": false,
                                                          "Startup Cost": 116879.63,
                                                          "Total Cost": 121170.12,
                                                          "Plan Rows": 692,
                                                          "Plan Width": 26,
                                                          "Actual Startup Time": 412.902,
                                                          "Actual Total Time": 503.389,
                                                          "Actual Rows": 8624,
                                                          "Actual Loops": 1,
                                                          "Workers Planned": 3,
                                                          "Workers Launched": 3,
                                                          "Plans": [
                                                            {
                                                              "Node Type": "Merge Join",
                                                              "Parent Relationship": "Outer",
                                                              "Parallel Aware": false,
                                                              "Join Type": "Inner",
                                                              "Startup Cost": 115879.59,
                                                              "Total Cost": 120088.77,
                                                              "Plan Rows": 223,
                                                              "Plan Width": 26,
                                                              "Actual Startup Time": 394.214,
                                                              "Actual Total Time": 476.343,
                                                              "Actual Rows": 2156,
                                                              "Actual Loops": 4,
                                                              "Inner Unique": false,
                                                              "Merge Cond": "(mc2.movie_id = ml.linked_movie_id)",
                                                              "Plans": [
                                                                {
                                                                  "Node Type": "Sort",
                                                                  "Parent Relationship": "Outer",
                                                                  "Parallel Aware": false,
                                                                  "Startup Cost": 110037.47,
                                                                  "Total Cost": 112141.61,
                                                                  "Plan Rows": 841655,
                                                                  "Plan Width": 8,
                                                                  "Actual Startup Time": 369.711,
                                                                  "Actual Total Time": 403.657,
                                                                  "Actual Rows": 643751,
                                                                  "Actual Loops": 4,
                                                                  "Sort Key": [
                                                                    "mc2.movie_id"
                                                                  ],
                                                                  "Sort Method": "quicksort",
                                                                  "Sort Space Used": 59724,
                                                                  "Sort Space Type": "Memory",
                                                                  "Workers": [
                                                                    {
                                                                      "Worker Number": 0,
                                                                      "Sort Method": "quicksort",
                                                                      "Sort Space Used": 51756,
                                                                      "Sort Space Type": "Memory"
                                                                    },
                                                                    {
                                                                      "Worker Number": 1,
                                                                      "Sort Method": "quicksort",
                                                                      "Sort Space Used": 36759,
                                                                      "Sort Space Type": "Memory"
                                                                    },
                                                                    {
                                                                      "Worker Number": 2,
                                                                      "Sort Method": "quicksort",
                                                                      "Sort Space Used": 60082,
                                                                      "Sort Space Type": "Memory"
                                                                    }
                                                                  ],
                                                                  "Plans": [
                                                                    {
                                                                      "Node Type": "Seq Scan",
                                                                      "Parent Relationship": "Outer",
                                                                      "Parallel Aware": true,
                                                                      "Relation Name": "movie_companies",
                                                                      "Alias": "mc2",
                                                                      "Startup Cost": 0.0,
                                                                      "Total Cost": 27206.55,
                                                                      "Plan Rows": 841655,
                                                                      "Plan Width": 8,
                                                                      "Actual Startup Time": 0.055,
                                                                      "Actual Total Time": 160.651,
                                                                      "Actual Rows": 652282,
                                                                      "Actual Loops": 4
                                                                    }
                                                                  ]
                                                                },
                                                                {
                                                                  "Node Type": "Sort",
                                                                  "Parent Relationship": "Inner",
                                                                  "Parallel Aware": false,
                                                                  "Startup Cost": 5841.89,
                                                                  "Total Cost": 5842.22,
                                                                  "Plan Rows": 129,
                                                                  "Plan Width": 18,
                                                                  "Actual Startup Time": 24.461,
                                                                  "Actual Total Time": 24.769,
                                                                  "Actual Rows": 3498,
                                                                  "Actual Loops": 4,
                                                                  "Sort Key": [
                                                                    "ml.linked_movie_id"
                                                                  ],
                                                                  "Sort Method": "quicksort",
                                                                  "Sort Space Used": 193,
                                                                  "Sort Space Type": "Memory",
                                                                  "Workers": [
                                                                    {
                                                                      "Worker Number": 0,
                                                                      "Sort Method": "quicksort",
                                                                      "Sort Space Used": 193,
                                                                      "Sort Space Type": "Memory"
                                                                    },
                                                                    {
                                                                      "Worker Number": 1,
                                                                      "Sort Method": "quicksort",
                                                                      "Sort Space Used": 193,
                                                                      "Sort Space Type": "Memory"
                                                                    },
                                                                    {
                                                                      "Worker Number": 2,
                                                                      "Sort Method": "quicksort",
                                                                      "Sort Space Used": 193,
                                                                      "Sort Space Type": "Memory"
                                                                    }
                                                                  ],
                                                                  "Plans": [
                                                                    {
                                                                      "Node Type": "Merge Join",
                                                                      "Parent Relationship": "Outer",
                                                                      "Parallel Aware": false,
                                                                      "Join Type": "Inner",
                                                                      "Startup Cost": 5763.35,
                                                                      "Total Cost": 5837.37,
                                                                      "Plan Rows": 129,
                                                                      "Plan Width": 18,
                                                                      "Actual Startup Time": 23.435,
                                                                      "Actual Total Time": 23.845,
                                                                      "Actual Rows": 2064,
                                                                      "Actual Loops": 4,
                                                                      "Inner Unique": true,
                                                                      "Merge Cond": "(mi_idx1.info_type_id = it1.id)",
                                                                      "Plans": [
                                                                        {
                                                                          "Node Type": "Sort",
                                                                          "Parent Relationship": "Outer",
                                                                          "Parallel Aware": false,
                                                                          "Startup Cost": 5760.92,
                                                                          "Total Cost": 5797.28,
                                                                          "Plan Rows": 14547,
                                                                          "Plan Width": 22,
                                                                          "Actual Startup Time": 22.841,
                                                                          "Actual Total Time": 23.174,
                                                                          "Actual Rows": 6192,
                                                                          "Actual Loops": 4,
                                                                          "Sort Key": [
                                                                            "mi_idx1.info_type_id"
                                                                          ],
                                                                          "Sort Method": "quicksort",
                                                                          "Sort Space Used": 676,
                                                                          "Sort Space Type": "Memory",
                                                                          "Workers": [
                                                                            {
                                                                              "Worker Number": 0,
                                                                              "Sort Method": "quicksort",
                                                                              "Sort Space Used": 676,
                                                                              "Sort Space Type": "Memory"
                                                                            },
                                                                            {
                                                                              "Worker Number": 1,
                                                                              "Sort Method": "quicksort",
                                                                              "Sort Space Used": 676,
                                                                              "Sort Space Type": "Memory"
                                                                            },
                                                                            {
                                                                              "Worker Number": 2,
                                                                              "Sort Method": "quicksort",
                                                                              "Sort Space Used": 676,
                                                                              "Sort Space Type": "Memory"
                                                                            }
                                                                          ],
                                                                          "Plans": [
                                                                            {
                                                                              "Node Type": "Merge Join",
                                                                              "Parent Relationship": "Outer",
                                                                              "Parallel Aware": false,
                                                                              "Join Type": "Inner",
                                                                              "Startup Cost": 1870.25,
                                                                              "Total Cost": 4755.11,
                                                                              "Plan Rows": 14547,
                                                                              "Plan Width": 22,
                                                                              "Actual Startup Time": 2.477,
                                                                              "Actual Total Time": 20.917,
                                                                              "Actual Rows": 6192,
                                                                              "Actual Loops": 4,
                                                                              "Inner Unique": false,
                                                                              "Merge Cond": "(mi_idx1.movie_id = ml.movie_id)",
                                                                              "Plans": [
                                                                                {
                                                                                  "Node Type": "Index Scan",
                                                                                  "Parent Relationship": "Outer",
                                                                                  "Parallel Aware": false,
                                                                                  "Scan Direction": "Forward",
                                                                                  "Index Name": "movie_id_movie_info_idx",
                                                                                  "Relation Name": "movie_info_idx",
                                                                                  "Alias": "mi_idx1",
                                                                                  "Startup Cost": 0.43,
                                                                                  "Total Cost": 53621.55,
                                                                                  "Plan Rows": 1380035,
                                                                                  "Plan Width": 14,
                                                                                  "Actual Startup Time": 0.073,
                                                                                  "Actual Total Time": 12.584,
                                                                                  "Actual Rows": 63901,
                                                                                  "Actual Loops": 4
                                                                                },
                                                                                {
                                                                                  "Node Type": "Sort",
                                                                                  "Parent Relationship": "Inner",
                                                                                  "Parallel Aware": false,
                                                                                  "Startup Cost": 1869.83,
                                                                                  "Total Cost": 1882.33,
                                                                                  "Plan Rows": 5000,
                                                                                  "Plan Width": 8,
                                                                                  "Actual Startup Time": 2.374,
                                                                                  "Actual Total Time": 2.709,
                                                                                  "Actual Rows": 6443,
                                                                                  "Actual Loops": 4,
                                                                                  "Sort Key": [
                                                                                    "ml.movie_id"
                                                                                  ],
                                                                                  "Sort Method": "quicksort",
                                                                                  "Sort Space Used": 205,
                                                                                  "Sort Space Type": "Memory",
                                                                                  "Workers": [
                                                                                    {
                                                                                      "Worker Number": 0,
                                                                                      "Sort Method": "quicksort",
                                                                                      "Sort Space Used": 205,
                                                                                      "Sort Space Type": "Memory"
                                                                                    },
                                                                                    {
                                                                                      "Worker Number": 1,
                                                                                      "Sort Method": "quicksort",
                                                                                      "Sort Space Used": 205,
                                                                                      "Sort Space Type": "Memory"
                                                                                    },
                                                                                    {
                                                                                      "Worker Number": 2,
                                                                                      "Sort Method": "quicksort",
                                                                                      "Sort Space Used": 205,
                                                                                      "Sort Space Type": "Memory"
                                                                                    }
                                                                                  ],
                                                                                  "Plans": [
                                                                                    {
                                                                                      "Node Type": "Merge Join",
                                                                                      "Parent Relationship": "Outer",
                                                                                      "Parallel Aware": false,
                                                                                      "Join Type": "Inner",
                                                                                      "Startup Cost": 0.42,
                                                                                      "Total Cost": 1562.63,
                                                                                      "Plan Rows": 5000,
                                                                                      "Plan Width": 8,
                                                                                      "Actual Startup Time": 0.1,
                                                                                      "Actual Total Time": 1.726,
                                                                                      "Actual Rows": 2315,
                                                                                      "Actual Loops": 4,
                                                                                      "Inner Unique": false,
                                                                                      "Merge Cond": "(lt.id = ml.link_type_id)",
                                                                                      "Plans": [
                                                                                        {
                                                                                          "Node Type": "Index Scan",
                                                                                          "Parent Relationship": "Outer",
                                                                                          "Parallel Aware": false,
                                                                                          "Scan Direction": "Forward",
                                                                                          "Index Name": "link_type_pkey",
                                                                                          "Relation Name": "link_type",
                                                                                          "Alias": "lt",
                                                                                          "Startup Cost": 0.14,
                                                                                          "Total Cost": 12.47,
                                                                                          "Plan Rows": 3,
                                                                                          "Plan Width": 4,
                                                                                          "Actual Startup Time": 0.043,
                                                                                          "Actual Total Time": 0.051,
                                                                                          "Actual Rows": 2,
                                                                                          "Actual Loops": 4,
                                                                                          "Filter": "((link)::text = ANY ('{sequel,follows,\"followed by\"}'::text[]))",
                                                                                          "Rows Removed by Filter": 16
                                                                                        },
                                                                                        {
                                                                                          "Node Type": "Index Scan",
                                                                                          "Parent Relationship": "Inner",
                                                                                          "Parallel Aware": false,
                                                                                          "Scan Direction": "Forward",
                                                                                          "Index Name": "link_type_id_movie_link",
                                                                                          "Relation Name": "movie_link",
                                                                                          "Alias": "ml",
                                                                                          "Startup Cost": 0.29,
                                                                                          "Total Cost": 1425.16,
                                                                                          "Plan Rows": 29997,
                                                                                          "Plan Width": 12,
                                                                                          "Actual Startup Time": 0.051,
                                                                                          "Actual Total Time": 1.323,
                                                                                          "Actual Rows": 2316,
                                                                                          "Actual Loops": 4
                                                                                        }
                                                                                      ]
                                                                                    }
                                                                                  ]
                                                                                }
                                                                              ]
                                                                            }
                                                                          ]
                                                                        },
                                                                        {
                                                                          "Node Type": "Sort",
                                                                          "Parent Relationship": "Inner",
                                                                          "Parallel Aware": false,
                                                                          "Startup Cost": 2.42,
                                                                          "Total Cost": 2.43,
                                                                          "Plan Rows": 1,
                                                                          "Plan Width": 4,
                                                                          "Actual Startup Time": 0.075,
                                                                          "Actual Total Time": 0.077,
                                                                          "Actual Rows": 1,
                                                                          "Actual Loops": 4,
                                                                          "Sort Key": [
                                                                            "it1.id"
                                                                          ],
                                                                          "Sort Method": "quicksort",
                                                                          "Sort Space Used": 25,
                                                                          "Sort Space Type": "Memory",
                                                                          "Workers": [
                                                                            {
                                                                              "Worker Number": 0,
                                                                              "Sort Method": "quicksort",
                                                                              "Sort Space Used": 25,
                                                                              "Sort Space Type": "Memory"
                                                                            },
                                                                            {
                                                                              "Worker Number": 1,
                                                                              "Sort Method": "quicksort",
                                                                              "Sort Space Used": 25,
                                                                              "Sort Space Type": "Memory"
                                                                            },
                                                                            {
                                                                              "Worker Number": 2,
                                                                              "Sort Method": "quicksort",
                                                                              "Sort Space Used": 25,
                                                                              "Sort Space Type": "Memory"
                                                                            }
                                                                          ],
                                                                          "Plans": [
                                                                            {
                                                                              "Node Type": "Seq Scan",
                                                                              "Parent Relationship": "Outer",
                                                                              "Parallel Aware": false,
                                                                              "Relation Name": "info_type",
                                                                              "Alias": "it1",
                                                                              "Startup Cost": 0.0,
                                                                              "Total Cost": 2.41,
                                                                              "Plan Rows": 1,
                                                                              "Plan Width": 4,
                                                                              "Actual Startup Time": 0.062,
                                                                              "Actual Total Time": 0.065,
                                                                              "Actual Rows": 1,
                                                                              "Actual Loops": 4,
                                                                              "Filter": "((info)::text = 'rating'::text COLLATE \"C\")",
                                                                              "Rows Removed by Filter": 112
                                                                            }
                                                                          ]
                                                                        }
                                                                      ]
                                                                    }
                                                                  ]
                                                                }
                                                              ]
                                                            }
                                                          ]
                                                        },
                                                        {
                                                          "Node Type": "Sort",
                                                          "Parent Relationship": "Inner",
                                                          "Parallel Aware": false,
                                                          "Startup Cost": 43893.96,
                                                          "Total Cost": 43908.85,
                                                          "Plan Rows": 5956,
                                                          "Plan Width": 10,
                                                          "Actual Startup Time": 227.025,
                                                          "Actual Total Time": 230.865,
                                                          "Actual Rows": 25220,
                                                          "Actual Loops": 1,
                                                          "Sort Key": [
                                                            "mi_idx2.movie_id"
                                                          ],
                                                          "Sort Method": "quicksort",
                                                          "Sort Space Used": 1968,
                                                          "Sort Space Type": "Memory",
                                                          "Plans": [
                                                            {
                                                              "Node Type": "Gather",
                                                              "Parent Relationship": "Outer",
                                                              "Parallel Aware": false,
                                                              "Startup Cost": 41498.07,
                                                              "Total Cost": 43520.52,
                                                              "Plan Rows": 5956,
                                                              "Plan Width": 10,
                                                              "Actual Startup Time": 208.578,
                                                              "Actual Total Time": 220.674,
                                                              "Actual Rows": 25591,
                                                              "Actual Loops": 1,
                                                              "Workers Planned": 2,
                                                              "Workers Launched": 2,
                                                              "Single Copy": false,
                                                              "Plans": [
                                                                {
                                                                  "Node Type": "Merge Join",
                                                                  "Parent Relationship": "Outer",
                                                                  "Parallel Aware": false,
                                                                  "Join Type": "Inner",
                                                                  "Startup Cost": 40498.07,
                                                                  "Total Cost": 41924.92,
                                                                  "Plan Rows": 2482,
                                                                  "Plan Width": 10,
                                                                  "Actual Startup Time": 190.003,
                                                                  "Actual Total Time": 193.41,
                                                                  "Actual Rows": 8530,
                                                                  "Actual Loops": 3,
                                                                  "Inner Unique": true,
                                                                  "Merge Cond": "(mi_idx2.info_type_id = it2.id)",
                                                                  "Plans": [
                                                                    {
                                                                      "Node Type": "Sort",
                                                                      "Parent Relationship": "Outer",
                                                                      "Parallel Aware": false,
                                                                      "Startup Cost": 40495.64,
                                                                      "Total Cost": 41196.66,
                                                                      "Plan Rows": 280408,
                                                                      "Plan Width": 14,
                                                                      "Actual Startup Time": 160.558,
                                                                      "Actual Total Time": 177.739,
                                                                      "Actual Rows": 224884,
                                                                      "Actual Loops": 3,
                                                                      "Sort Key": [
                                                                        "mi_idx2.info_type_id"
                                                                      ],
                                                                      "Sort Method": "quicksort",
                                                                      "Sort Space Used": 31519,
                                                                      "Sort Space Type": "Memory",
                                                                      "Workers": [
                                                                        {
                                                                          "Worker Number": 0,
                                                                          "Sort Method": "quicksort",
                                                                          "Sort Space Used": 17662,
                                                                          "Sort Space Type": "Memory"
                                                                        },
                                                                        {
                                                                          "Worker Number": 1,
                                                                          "Sort Method": "quicksort",
                                                                          "Sort Space Used": 20697,
                                                                          "Sort Space Type": "Memory"
                                                                        }
                                                                      ],
                                                                      "Plans": [
                                                                        {
                                                                          "Node Type": "Seq Scan",
                                                                          "Parent Relationship": "Outer",
                                                                          "Parallel Aware": true,
                                                                          "Relation Name": "movie_info_idx",
                                                                          "Alias": "mi_idx2",
                                                                          "Startup Cost": 0.0,
                                                                          "Total Cost": 15122.68,
                                                                          "Plan Rows": 280408,
                                                                          "Plan Width": 14,
                                                                          "Actual Startup Time": 0.056,
                                                                          "Actual Total Time": 95.99,
                                                                          "Actual Rows": 224943,
                                                                          "Actual Loops": 3,
                                                                          "Filter": "(info < '3.0'::text)",
                                                                          "Rows Removed by Filter": 235069
                                                                        }
                                                                      ]
                                                                    },
                                                                    {
                                                                      "Node Type": "Sort",
                                                                      "Parent Relationship": "Inner",
                                                                      "Parallel Aware": false,
                                                                      "Startup Cost": 2.42,
                                                                      "Total Cost": 2.43,
                                                                      "Plan Rows": 1,
                                                                      "Plan Width": 4,
                                                                      "Actual Startup Time": 0.1,
                                                                      "Actual Total Time": 0.102,
                                                                      "Actual Rows": 1,
                                                                      "Actual Loops": 3,
                                                                      "Sort Key": [
                                                                        "it2.id"
                                                                      ],
                                                                      "Sort Method": "quicksort",
                                                                      "Sort Space Used": 25,
                                                                      "Sort Space Type": "Memory",
                                                                      "Workers": [
                                                                        {
                                                                          "Worker Number": 0,
                                                                          "Sort Method": "quicksort",
                                                                          "Sort Space Used": 25,
                                                                          "Sort Space Type": "Memory"
                                                                        },
                                                                        {
                                                                          "Worker Number": 1,
                                                                          "Sort Method": "quicksort",
                                                                          "Sort Space Used": 25,
                                                                          "Sort Space Type": "Memory"
                                                                        }
                                                                      ],
                                                                      "Plans": [
                                                                        {
                                                                          "Node Type": "Seq Scan",
                                                                          "Parent Relationship": "Outer",
                                                                          "Parallel Aware": false,
                                                                          "Relation Name": "info_type",
                                                                          "Alias": "it2",
                                                                          "Startup Cost": 0.0,
                                                                          "Total Cost": 2.41,
                                                                          "Plan Rows": 1,
                                                                          "Plan Width": 4,
                                                                          "Actual Startup Time": 0.078,
                                                                          "Actual Total Time": 0.079,
                                                                          "Actual Rows": 1,
                                                                          "Actual Loops": 3,
                                                                          "Filter": "((info)::text = 'rating'::text COLLATE \"C\")",
                                                                          "Rows Removed by Filter": 112
                                                                        }
                                                                      ]
                                                                    }
                                                                  ]
                                                                }
                                                              ]
                                                            }
                                                          ]
                                                        }
                                                      ]
                                                    },
                                                    {
                                                      "Node Type": "Sort",
                                                      "Parent Relationship": "Inner",
                                                      "Parallel Aware": false,
                                                      "Startup Cost": 67371.14,
                                                      "Total Cost": 67526.03,
                                                      "Plan Rows": 61955,
                                                      "Plan Width": 21,
                                                      "Actual Startup Time": 235.301,
                                                      "Actual Total Time": 237.917,
                                                      "Actual Rows": 15807,
                                                      "Actual Loops": 1,
                                                      "Sort Key": [
                                                        "t2.id"
                                                      ],
                                                      "Sort Method": "quicksort",
                                                      "Sort Space Used": 1504,
                                                      "Sort Space Type": "Memory",
                                                      "Plans": [
                                                        {
                                                          "Node Type": "Gather",
                                                          "Parent Relationship": "Outer",
                                                          "Parallel Aware": false,
                                                          "Startup Cost": 55547.35,
                                                          "Total Cost": 62439.85,
                                                          "Plan Rows": 61955,
                                                          "Plan Width": 21,
                                                          "Actual Startup Time": 225.155,
                                                          "Actual Total Time": 229.495,
                                                          "Actual Rows": 15807,
                                                          "Actual Loops": 1,
                                                          "Workers Planned": 4,
                                                          "Workers Launched": 4,
                                                          "Single Copy": false,
                                                          "Plans": [
                                                            {
                                                              "Node Type": "Merge Join",
                                                              "Parent Relationship": "Outer",
                                                              "Parallel Aware": false,
                                                              "Join Type": "Inner",
                                                              "Startup Cost": 54547.35,
                                                              "Total Cost": 55244.35,
                                                              "Plan Rows": 15489,
                                                              "Plan Width": 21,
                                                              "Actual Startup Time": 215.203,
                                                              "Actual Total Time": 216.693,
                                                              "Actual Rows": 3161,
                                                              "Actual Loops": 5,
                                                              "Inner Unique": true,
                                                              "Merge Cond": "(t2.kind_id = kt2.id)",
                                                              "Plans": [
                                                                {
                                                                  "Node Type": "Sort",
                                                                  "Parent Relationship": "Outer",
                                                                  "Parallel Aware": false,
                                                                  "Startup Cost": 54546.26,
                                                                  "Total Cost": 54817.31,
                                                                  "Plan Rows": 108420,
                                                                  "Plan Width": 25,
                                                                  "Actual Startup Time": 212.081,
                                                                  "Actual Total Time": 214.45,
                                                                  "Actual Rows": 17453,
                                                                  "Actual Loops": 5,
                                                                  "Sort Key": [
                                                                    "t2.kind_id"
                                                                  ],
                                                                  "Sort Method": "quicksort",
                                                                  "Sort Space Used": 11280,
                                                                  "Sort Space Type": "Memory",
                                                                  "Workers": [
                                                                    {
                                                                      "Worker Number": 0,
                                                                      "Sort Method": "quicksort",
                                                                      "Sort Space Used": 9687,
                                                                      "Sort Space Type": "Memory"
                                                                    },
                                                                    {
                                                                      "Worker Number": 1,
                                                                      "Sort Method": "quicksort",
                                                                      "Sort Space Used": 9251,
                                                                      "Sort Space Type": "Memory"
                                                                    },
                                                                    {
                                                                      "Worker Number": 2,
                                                                      "Sort Method": "quicksort",
                                                                      "Sort Space Used": 10176,
                                                                      "Sort Space Type": "Memory"
                                                                    },
                                                                    {
                                                                      "Worker Number": 3,
                                                                      "Sort Method": "quicksort",
                                                                      "Sort Space Used": 8387,
                                                                      "Sort Space Type": "Memory"
                                                                    }
                                                                  ],
                                                                  "Plans": [
                                                                    {
                                                                      "Node Type": "Seq Scan",
                                                                      "Parent Relationship": "Outer",
                                                                      "Parallel Aware": true,
                                                                      "Relation Name": "title",
                                                                      "Alias": "t2",
                                                                      "Startup Cost": 0.0,
                                                                      "Total Cost": 45478.94,
                                                                      "Plan Rows": 108420,
                                                                      "Plan Width": 25,
                                                                      "Actual Startup Time": 0.06,
                                                                      "Actual Total Time": 178.384,
                                                                      "Actual Rows": 89172,
                                                                      "Actual Loops": 5,
                                                                      "Filter": "((production_year >= 2005) AND (production_year <= 2008))",
                                                                      "Rows Removed by Filter": 416490
                                                                    }
                                                                  ]
                                                                },
                                                                {
                                                                  "Node Type": "Sort",
                                                                  "Parent Relationship": "Inner",
                                                                  "Parallel Aware": false,
                                                                  "Startup Cost": 1.1,
                                                                  "Total Cost": 1.1,
                                                                  "Plan Rows": 1,
                                                                  "Plan Width": 4,
                                                                  "Actual Startup Time": 0.116,
                                                                  "Actual Total Time": 0.117,
                                                                  "Actual Rows": 1,
                                                                  "Actual Loops": 5,
                                                                  "Sort Key": [
                                                                    "kt2.id"
                                                                  ],
                                                                  "Sort Method": "quicksort",
                                                                  "Sort Space Used": 25,
                                                                  "Sort Space Type": "Memory",
                                                                  "Workers": [
                                                                    {
                                                                      "Worker Number": 0,
                                                                      "Sort Method": "quicksort",
                                                                      "Sort Space Used": 25,
                                                                      "Sort Space Type": "Memory"
                                                                    },
                                                                    {
                                                                      "Worker Number": 1,
                                                                      "Sort Method": "quicksort",
                                                                      "Sort Space Used": 25,
                                                                      "Sort Space Type": "Memory"
                                                                    },
                                                                    {
                                                                      "Worker Number": 2,
                                                                      "Sort Method": "quicksort",
                                                                      "Sort Space Used": 25,
                                                                      "Sort Space Type": "Memory"
                                                                    },
                                                                    {
                                                                      "Worker Number": 3,
                                                                      "Sort Method": "quicksort",
                                                                      "Sort Space Used": 25,
                                                                      "Sort Space Type": "Memory"
                                                                    }
                                                                  ],
                                                                  "Plans": [
                                                                    {
                                                                      "Node Type": "Seq Scan",
                                                                      "Parent Relationship": "Outer",
                                                                      "Parallel Aware": false,
                                                                      "Relation Name": "kind_type",
                                                                      "Alias": "kt2",
                                                                      "Startup Cost": 0.0,
                                                                      "Total Cost": 1.09,
                                                                      "Plan Rows": 1,
                                                                      "Plan Width": 4,
                                                                      "Actual Startup Time": 0.09,
                                                                      "Actual Total Time": 0.091,
                                                                      "Actual Rows": 1,
                                                                      "Actual Loops": 5,
                                                                      "Filter": "((kind)::text = 'tv series'::text COLLATE \"C\")",
                                                                      "Rows Removed by Filter": 6
                                                                    }
                                                                  ]
                                                                }
                                                              ]
                                                            }
                                                          ]
                                                        }
                                                      ]
                                                    }
                                                  ]
                                                }
                                              ]
                                            }
                                          ]
                                        }
                                      ]
                                    },
                                    {
                                      "Node Type": "Index Scan",
                                      "Parent Relationship": "Inner",
                                      "Parallel Aware": false,
                                      "Scan Direction": "Forward",
                                      "Index Name": "title_pkey",
                                      "Relation Name": "title",
                                      "Alias": "t1",
                                      "Startup Cost": 0.43,
                                      "Total Cost": 110348.87,
                                      "Plan Rows": 2528252,
                                      "Plan Width": 25,
                                      "Actual Startup Time": 0.021,
                                      "Actual Total Time": 54.452,
                                      "Actual Rows": 63971,
                                      "Actual Loops": 1
                                    }
                                  ]
                                }
                              ]
                            },
                            {
                              "Node Type": "Sort",
                              "Parent Relationship": "Inner",
                              "Parallel Aware": false,
                              "Startup Cost": 1.1,
                              "Total Cost": 1.1,
                              "Plan Rows": 1,
                              "Plan Width": 4,
                              "Actual Startup Time": 0.038,
                              "Actual Total Time": 0.039,
                              "Actual Rows": 1,
                              "Actual Loops": 1,
                              "Sort Key": [
                                "kt1.id"
                              ],
                              "Sort Method": "quicksort",
                              "Sort Space Used": 25,
                              "Sort Space Type": "Memory",
                              "Plans": [
                                {
                                  "Node Type": "Seq Scan",
                                  "Parent Relationship": "Outer",
                                  "Parallel Aware": false,
                                  "Relation Name": "kind_type",
                                  "Alias": "kt1",
                                  "Startup Cost": 0.0,
                                  "Total Cost": 1.09,
                                  "Plan Rows": 1,
                                  "Plan Width": 4,
                                  "Actual Startup Time": 0.019,
                                  "Actual Total Time": 0.02,
                                  "Actual Rows": 1,
                                  "Actual Loops": 1,
                                  "Filter": "((kind)::text = 'tv series'::text COLLATE \"C\")",
                                  "Rows Removed by Filter": 6
                                }
                              ]
                            }
                          ]
                        }
                      ]
                    }
                  ]
                }
              ]
            }
          ]
        }
      ]
    },
    "Planning Time": 402.42,
    "Triggers": [],
    "Execution Time": 1148.639
  }
]