[
  {
    "Plan": {
      "Node Type": "Aggregate",
      "Strategy": "Plain",
      "Partial Mode": "Finalize",
      "Parallel Aware": false,
      "Startup Cost": 31208.02,
      "Total Cost": 31208.03,
      "Plan Rows": 1,
      "Plan Width": 8,
      "Actual Startup Time": 83.042,
      "Actual Total Time": 87.773,
      "Actual Rows": 1,
      "Actual Loops": 1,
      "Plans": [
        {
          "Node Type": "Gather",
          "Parent Relationship": "Outer",
          "Parallel Aware": false,
          "Startup Cost": 31207.7,
          "Total Cost": 31208.01,
          "Plan Rows": 3,
          "Plan Width": 8,
          "Actual Startup Time": 82.822,
          "Actual Total Time": 87.766,
          "Actual Rows": 4,
          "Actual Loops": 1,
          "Workers Planned": 3,
          "Workers Launched": 3,
          "Single Copy": false,
          "Plans": [
            {
              "Node Type": "Aggregate",
              "Strategy": "Plain",
              "Partial Mode": "Partial",
              "Parent Relationship": "Outer",
              "Parallel Aware": false,
              "Startup Cost": 30207.7,
              "Total Cost": 30207.71,
              "Plan Rows": 1,
              "Plan Width": 8,
              "Actual Startup Time": 74.369,
              "Actual Total Time": 74.37,
              "Actual Rows": 1,
              "Actual Loops": 4,
              "Plans": [
                {
                  "Node Type": "Bitmap Heap Scan",
                  "Parent Relationship": "Outer",
                  "Parallel Aware": true,
                  "Relation Name": "movie_companies",
                  "Alias": "mc",
                  "Startup Cost": 9186.43,
                  "Total Cost": 30039.58,
                  "Plan Rows": 67250,
                  "Plan Width": 0,
                  "Actual Startup Time": 12.358,
                  "Actual Total Time": 68.398,
                  "Actual Rows": 80506,
                  "Actual Loops": 4,
                  "Recheck Cond": "(company_id < 295)",
                  "Rows Removed by Index Recheck": 0,
                  "Filter": "(company_type_id = 1)",
                  "Rows Removed by Filter": 24676,
                  "Exact Heap Blocks": 8050,
                  "Lossy Heap Blocks": 0,
                  "Plans": [
                    {
                      "Node Type": "Bitmap Index Scan",
                      "Parent Relationship": "Outer",
                      "Parallel Aware": false,
                      "Index Name": "company_id_movie_companies",
                      "Startup Cost": 0.0,
                      "Total Cost": 9134.31,
                      "Plan Rows": 426384,
                      "Plan Width": 0,
                      "Actual Startup Time": 17.726,
                      "Actual Total Time": 17.726,
                      "Actual Rows": 420728,
                      "Actual Loops": 1,
                      "Index Cond": "(company_id < 295)"
                    }
                  ]
                }
              ]
            }
          ]
        }
      ]
    },
    "Planning Time": 0.056,
    "Triggers": [],
    "Execution Time": 87.8
  }
]