{
    "Plan": {
        "Node Type": "Aggregate",
        "Strategy": "Plain",
        "Partial Mode": "Finalize",
        "Parallel Aware": false,
        "Startup Cost": 246320.75,
        "Total Cost": 246320.76,
        "Plan Rows": 1,
        "Plan Width": 8,
        "Actual Startup Time": 432.955,
        "Actual Total Time": 474.64,
        "Actual Rows": 1,
        "Actual Loops": 1,
        "Output": [
            "count(*)"
        ],
        "Plans": [
            {
                "Node Type": "Gather",
                "Parent Relationship": "Outer",
                "Parallel Aware": false,
                "Startup Cost": 246320.22,
                "Total Cost": 246320.73,
                "Plan Rows": 5,
                "Plan Width": 8,
                "Actual Startup Time": 432.236,
                "Actual Total Time": 474.615,
                "Actual Rows": 6,
                "Actual Loops": 1,
                "Output": [
                    "(PARTIAL count(*))"
                ],
                "Workers Planned": 5,
                "Workers Launched": 5,
                "Single Copy": false,
                "Plans": [
                    {
                        "Node Type": "Aggregate",
                        "Strategy": "Plain",
                        "Partial Mode": "Partial",
                        "Parent Relationship": "Outer",
                        "Parallel Aware": false,
                        "Startup Cost": 245320.22,
                        "Total Cost": 245320.23,
                        "Plan Rows": 1,
                        "Plan Width": 8,
                        "Actual Startup Time": 421.654,
                        "Actual Total Time": 421.657,
                        "Actual Rows": 1,
                        "Actual Loops": 6,
                        "Output": [
                            "PARTIAL count(*)"
                        ],
                        "Workers": [
                            {
                                "Worker Number": 0,
                                "Actual Startup Time": 419.345,
                                "Actual Total Time": 419.348,
                                "Actual Rows": 1,
                                "Actual Loops": 1
                            },
                            {
                                "Worker Number": 1,
                                "Actual Startup Time": 419.181,
                                "Actual Total Time": 419.184,
                                "Actual Rows": 1,
                                "Actual Loops": 1
                            },
                            {
                                "Worker Number": 2,
                                "Actual Startup Time": 419.187,
                                "Actual Total Time": 419.191,
                                "Actual Rows": 1,
                                "Actual Loops": 1
                            },
                            {
                                "Worker Number": 3,
                                "Actual Startup Time": 420.375,
                                "Actual Total Time": 420.378,
                                "Actual Rows": 1,
                                "Actual Loops": 1
                            },
                            {
                                "Worker Number": 4,
                                "Actual Startup Time": 420.438,
                                "Actual Total Time": 420.441,
                                "Actual Rows": 1,
                                "Actual Loops": 1
                            }
                        ],
                        "Plans": [
                            {
                                "Node Type": "Hash Join",
                                "Parent Relationship": "Outer",
                                "Parallel Aware": true,
                                "Join Type": "Inner",
                                "Startup Cost": 45620.17,
                                "Total Cost": 245306.54,
                                "Plan Rows": 5475,
                                "Plan Width": 0,
                                "Actual Startup Time": 362.817,
                                "Actual Total Time": 421.06,
                                "Actual Rows": 10531,
                                "Actual Loops": 6,
                                "Inner Unique": true,
                                "Hash Cond": "(mi.movie_id = t.id)",
                                "Workers": [
                                    {
                                        "Worker Number": 0,
                                        "Actual Startup Time": 360.508,
                                        "Actual Total Time": 418.723,
                                        "Actual Rows": 7356,
                                        "Actual Loops": 1
                                    },
                                    {
                                        "Worker Number": 1,
                                        "Actual Startup Time": 360.364,
                                        "Actual Total Time": 418.601,
                                        "Actual Rows": 11955,
                                        "Actual Loops": 1
                                    },
                                    {
                                        "Worker Number": 2,
                                        "Actual Startup Time": 360.358,
                                        "Actual Total Time": 418.624,
                                        "Actual Rows": 11223,
                                        "Actual Loops": 1
                                    },
                                    {
                                        "Worker Number": 3,
                                        "Actual Startup Time": 361.536,
                                        "Actual Total Time": 419.812,
                                        "Actual Rows": 11505,
                                        "Actual Loops": 1
                                    },
                                    {
                                        "Worker Number": 4,
                                        "Actual Startup Time": 361.562,
                                        "Actual Total Time": 419.808,
                                        "Actual Rows": 6604,
                                        "Actual Loops": 1
                                    }
                                ],
                                "Plans": [
                                    {
                                        "Node Type": "Seq Scan",
                                        "Parent Relationship": "Outer",
                                        "Parallel Aware": true,
                                        "Relation Name": "movie_info",
                                        "Schema": "public",
                                        "Alias": "mi",
                                        "Startup Cost": 0.0,
                                        "Total Cost": 198880.74,
                                        "Plan Rows": 306906,
                                        "Plan Width": 4,
                                        "Actual Startup Time": 270.964,
                                        "Actual Total Time": 306.786,
                                        "Actual Rows": 255652,
                                        "Actual Loops": 6,
                                        "Output": [
                                            "mi.id",
                                            "mi.movie_id",
                                            "mi.info_type_id",
                                            "mi.info",
                                            "mi.note"
                                        ],
                                        "Filter": "(mi.info_type_id = 3)",
                                        "Rows Removed by Filter": 2216968,
                                        "Workers": [
                                            {
                                                "Worker Number": 0,
                                                "Actual Startup Time": 271.004,
                                                "Actual Total Time": 306.953,
                                                "Actual Rows": 179158,
                                                "Actual Loops": 1
                                            },
                                            {
                                                "Worker Number": 1,
                                                "Actual Startup Time": 271.013,
                                                "Actual Total Time": 306.573,
                                                "Actual Rows": 278930,
                                                "Actual Loops": 1
                                            },
                                            {
                                                "Worker Number": 2,
                                                "Actual Startup Time": 270.9,
                                                "Actual Total Time": 306.987,
                                                "Actual Rows": 281233,
                                                "Actual Loops": 1
                                            },
                                            {
                                                "Worker Number": 3,
                                                "Actual Startup Time": 271.01,
                                                "Actual Total Time": 306.359,
                                                "Actual Rows": 287102,
                                                "Actual Loops": 1
                                            },
                                            {
                                                "Worker Number": 4,
                                                "Actual Startup Time": 270.864,
                                                "Actual Total Time": 308.22,
                                                "Actual Rows": 156231,
                                                "Actual Loops": 1
                                            }
                                        ]
                                    },
                                    {
                                        "Node Type": "Hash",
                                        "Parent Relationship": "Inner",
                                        "Parallel Aware": true,
                                        "Startup Cost": 45479.21,
                                        "Total Cost": 45479.21,
                                        "Plan Rows": 11277,
                                        "Plan Width": 4,
                                        "Actual Startup Time": 84.16,
                                        "Actual Total Time": 84.161,
                                        "Actual Rows": 9929,
                                        "Actual Loops": 6,
                                        "Output": [
                                            "t.id"
                                        ],
                                        "Hash Buckets": 65536,
                                        "Original Hash Buckets": 65536,
                                        "Hash Batches": 1,
                                        "Original Hash Batches": 1,
                                        "Peak Memory Usage": 2944,
                                        "Workers": [
                                            {
                                                "Worker Number": 0,
                                                "Actual Startup Time": 82.553,
                                                "Actual Total Time": 82.554,
                                                "Actual Rows": 7232,
                                                "Actual Loops": 1
                                            },
                                            {
                                                "Worker Number": 1,
                                                "Actual Startup Time": 82.515,
                                                "Actual Total Time": 82.516,
                                                "Actual Rows": 10325,
                                                "Actual Loops": 1
                                            },
                                            {
                                                "Worker Number": 2,
                                                "Actual Startup Time": 82.386,
                                                "Actual Total Time": 82.388,
                                                "Actual Rows": 9989,
                                                "Actual Loops": 1
                                            },
                                            {
                                                "Worker Number": 3,
                                                "Actual Startup Time": 83.567,
                                                "Actual Total Time": 83.568,
                                                "Actual Rows": 10599,
                                                "Actual Loops": 1
                                            },
                                            {
                                                "Worker Number": 4,
                                                "Actual Startup Time": 83.72,
                                                "Actual Total Time": 83.721,
                                                "Actual Rows": 6700,
                                                "Actual Loops": 1
                                            }
                                        ],
                                        "Plans": [
                                            {
                                                "Node Type": "Seq Scan",
                                                "Parent Relationship": "Outer",
                                                "Parallel Aware": true,
                                                "Relation Name": "title",
                                                "Schema": "public",
                                                "Alias": "t",
                                                "Startup Cost": 0.0,
                                                "Total Cost": 45479.21,
                                                "Plan Rows": 11277,
                                                "Plan Width": 4,
                                                "Actual Startup Time": 54.382,
                                                "Actual Total Time": 79.437,
                                                "Actual Rows": 9929,
                                                "Actual Loops": 6,
                                                "Output": [
                                                    "t.id"
                                                ],
                                                "Filter": "((t.production_year < 2002) AND (t.kind_id = 3))",
                                                "Rows Removed by Filter": 411456,
                                                "Workers": [
                                                    {
                                                        "Worker Number": 0,
                                                        "Actual Startup Time": 49.866,
                                                        "Actual Total Time": 77.974,
                                                        "Actual Rows": 7232,
                                                        "Actual Loops": 1
                                                    },
                                                    {
                                                        "Worker Number": 1,
                                                        "Actual Startup Time": 54.176,
                                                        "Actual Total Time": 78.108,
                                                        "Actual Rows": 10325,
                                                        "Actual Loops": 1
                                                    },
                                                    {
                                                        "Worker Number": 2,
                                                        "Actual Startup Time": 54.183,
                                                        "Actual Total Time": 77.308,
                                                        "Actual Rows": 9989,
                                                        "Actual Loops": 1
                                                    },
                                                    {
                                                        "Worker Number": 3,
                                                        "Actual Startup Time": 55.354,
                                                        "Actual Total Time": 78.93,
                                                        "Actual Rows": 10599,
                                                        "Actual Loops": 1
                                                    },
                                                    {
                                                        "Worker Number": 4,
                                                        "Actual Startup Time": 55.397,
                                                        "Actual Total Time": 79.533,
                                                        "Actual Rows": 6700,
                                                        "Actual Loops": 1
                                                    }
                                                ]
                                            }
                                        ]
                                    }
                                ]
                            }
                        ]
                    }
                ]
            }
        ]
    },
    "Planning Time": 0.717,
    "Triggers": [],
    "Execution Time": 474.722
}