[
  {
    "Plan": {
      "Node Type": "Aggregate",
      "Strategy": "Plain",
      "Partial Mode": "Finalize",
      "Parallel Aware": false,
      "Startup Cost": 336186.93,
      "Total Cost": 336186.94,
      "Plan Rows": 1,
      "Plan Width": 8,
      "Actual Startup Time": 742.982,
      "Actual Total Time": 806.846,
      "Actual Rows": 1,
      "Actual Loops": 1,
      "Plans": [
        {
          "Node Type": "Gather",
          "Parent Relationship": "Outer",
          "Parallel Aware": false,
          "Startup Cost": 336186.31,
          "Total Cost": 336186.92,
          "Plan Rows": 6,
          "Plan Width": 8,
          "Actual Startup Time": 742.895,
          "Actual Total Time": 806.837,
          "Actual Rows": 7,
          "Actual Loops": 1,
          "Workers Planned": 6,
          "Workers Launched": 6,
          "Single Copy": false,
          "Plans": [
            {
              "Node Type": "Aggregate",
              "Strategy": "Plain",
              "Partial Mode": "Partial",
              "Parent Relationship": "Outer",
              "Parallel Aware": false,
              "Startup Cost": 335186.31,
              "Total Cost": 335186.32,
              "Plan Rows": 1,
              "Plan Width": 8,
              "Actual Startup Time": 735.447,
              "Actual Total Time": 735.448,
              "Actual Rows": 1,
              "Actual Loops": 7,
              "Plans": [
                {
                  "Node Type": "Seq Scan",
                  "Parent Relationship": "Outer",
                  "Parallel Aware": true,
                  "Relation Name": "cast_info",
                  "Alias": "ci",
                  "Startup Cost": 0.0,
                  "Total Cost": 328162.03,
                  "Plan Rows": 2809712,
                  "Plan Width": 0,
                  "Actual Startup Time": 225.432,
                  "Actual Total Time": 624.726,
                  "Actual Rows": 2398225,
                  "Actual Loops": 7,
                  "Filter": "(person_id > 1947447)",
                  "Rows Removed by Filter": 2779539
                }
              ]
            }
          ]
        }
      ]
    },
    "Planning Time": 0.197,
    "Triggers": [],
    "Execution Time": 806.918
  }
]