[
  {
    "Plan": {
      "Node Type": "Aggregate",
      "Strategy": "Plain",
      "Partial Mode": "Finalize",
      "Parallel Aware": false,
      "Startup Cost": 382493.3,
      "Total Cost": 382493.31,
      "Plan Rows": 1,
      "Plan Width": 8,
      "Actual Startup Time": 1253.066,
      "Actual Total Time": 1310.875,
      "Actual Rows": 1,
      "Actual Loops": 1,
      "Plans": [
        {
          "Node Type": "Gather",
          "Parent Relationship": "Outer",
          "Parallel Aware": false,
          "Startup Cost": 382492.67,
          "Total Cost": 382493.28,
          "Plan Rows": 6,
          "Plan Width": 8,
          "Actual Startup Time": 1250.602,
          "Actual Total Time": 1310.86,
          "Actual Rows": 7,
          "Actual Loops": 1,
          "Workers Planned": 6,
          "Workers Launched": 6,
          "Single Copy": false,
          "Plans": [
            {
              "Node Type": "Aggregate",
              "Strategy": "Plain",
              "Partial Mode": "Partial",
              "Parent Relationship": "Outer",
              "Parallel Aware": false,
              "Startup Cost": 381492.67,
              "Total Cost": 381492.68,
              "Plan Rows": 1,
              "Plan Width": 8,
              "Actual Startup Time": 1240.916,
              "Actual Total Time": 1240.919,
              "Actual Rows": 1,
              "Actual Loops": 7,
              "Plans": [
                {
                  "Node Type": "Hash Join",
                  "Parent Relationship": "Outer",
                  "Parallel Aware": true,
                  "Join Type": "Inner",
                  "Startup Cost": 47199.54,
                  "Total Cost": 380448.35,
                  "Plan Rows": 417729,
                  "Plan Width": 0,
                  "Actual Startup Time": 439.824,
                  "Actual Total Time": 1211.821,
                  "Actual Rows": 496755,
                  "Actual Loops": 7,
                  "Inner Unique": true,
                  "Hash Cond": "(ci.movie_id = t.id)",
                  "Plans": [
                    {
                      "Node Type": "Seq Scan",
                      "Parent Relationship": "Outer",
                      "Parallel Aware": true,
                      "Relation Name": "cast_info",
                      "Alias": "ci",
                      "Startup Cost": 0.0,
                      "Total Cost": 328211.39,
                      "Plan Rows": 1919013,
                      "Plan Width": 4,
                      "Actual Startup Time": 299.682,
                      "Actual Total Time": 640.746,
                      "Actual Rows": 1625971,
                      "Actual Loops": 7,
                      "Filter": "(person_id > 2560909)",
                      "Rows Removed by Filter": 3551792
                    },
                    {
                      "Node Type": "Hash",
                      "Parent Relationship": "Inner",
                      "Parallel Aware": true,
                      "Startup Cost": 45479.59,
                      "Total Cost": 45479.59,
                      "Plan Rows": 137596,
                      "Plan Width": 4,
                      "Actual Startup Time": 136.966,
                      "Actual Total Time": 136.967,
                      "Actual Rows": 86058,
                      "Actual Loops": 7,
                      "Hash Buckets": 1048576,
                      "Original Hash Buckets": 1048576,
                      "Hash Batches": 1,
                      "Original Hash Batches": 1,
                      "Peak Memory Usage": 31872,
                      "Plans": [
                        {
                          "Node Type": "Seq Scan",
                          "Parent Relationship": "Outer",
                          "Parallel Aware": true,
                          "Relation Name": "title",
                          "Alias": "t",
                          "Startup Cost": 0.0,
                          "Total Cost": 45479.59,
                          "Plan Rows": 137596,
                          "Plan Width": 4,
                          "Actual Startup Time": 0.056,
                          "Actual Total Time": 88.466,
                          "Actual Rows": 86058,
                          "Actual Loops": 7,
                          "Filter": "((production_year > 2006) AND (kind_id = 7))",
                          "Rows Removed by Filter": 275130
                        }
                      ]
                    }
                  ]
                }
              ]
            }
          ]
        }
      ]
    },
    "Planning Time": 0.462,
    "Triggers": [],
    "Execution Time": 1310.946
  }
]