[
  {
    "Plan": {
      "Node Type": "Aggregate",
      "Strategy": "Plain",
      "Partial Mode": "Finalize",
      "Parallel Aware": false,
      "Startup Cost": 32637.71,
      "Total Cost": 32637.72,
      "Plan Rows": 1,
      "Plan Width": 8,
      "Actual Startup Time": 91.848,
      "Actual Total Time": 102.196,
      "Actual Rows": 1,
      "Actual Loops": 1,
      "Plans": [
        {
          "Node Type": "Gather",
          "Parent Relationship": "Outer",
          "Parallel Aware": false,
          "Startup Cost": 32637.4,
          "Total Cost": 32637.71,
          "Plan Rows": 3,
          "Plan Width": 8,
          "Actual Startup Time": 91.743,
          "Actual Total Time": 102.188,
          "Actual Rows": 4,
          "Actual Loops": 1,
          "Workers Planned": 3,
          "Workers Launched": 3,
          "Single Copy": false,
          "Plans": [
            {
              "Node Type": "Aggregate",
              "Strategy": "Plain",
              "Partial Mode": "Partial",
              "Parent Relationship": "Outer",
              "Parallel Aware": false,
              "Startup Cost": 31637.4,
              "Total Cost": 31637.41,
              "Plan Rows": 1,
              "Plan Width": 8,
              "Actual Startup Time": 85.27,
              "Actual Total Time": 85.271,
              "Actual Rows": 1,
              "Actual Loops": 4,
              "Plans": [
                {
                  "Node Type": "Seq Scan",
                  "Parent Relationship": "Outer",
                  "Parallel Aware": true,
                  "Relation Name": "movie_companies",
                  "Alias": "mc",
                  "Startup Cost": 0.0,
                  "Total Cost": 31414.82,
                  "Plan Rows": 89031,
                  "Plan Width": 0,
                  "Actual Startup Time": 48.635,
                  "Actual Total Time": 83.184,
                  "Actual Rows": 35274,
                  "Actual Loops": 4,
                  "Filter": "((company_id < 530) AND (company_type_id > 1))",
                  "Rows Removed by Filter": 617008
                }
              ]
            }
          ]
        }
      ]
    },
    "Planning Time": 0.211,
    "Triggers": [],
    "Execution Time": 102.261
  }
]