[
    {
        "Bao": {
            "Bao prediction": "NaN",
            "Bao recommended hint": "(no hint)"
        }
    },
    {
        "Plan": {
            "Node Type": "Aggregate",
            "Strategy": "Plain",
            "Partial Mode": "Finalize",
            "Parallel Aware": false,
            "Startup Cost": 226115.91,
            "Total Cost": 226115.92,
            "Plan Rows": 1,
            "Plan Width": 8,
            "Actual Startup Time": 203.57,
            "Actual Total Time": 210.5,
            "Actual Rows": 1,
            "Actual Loops": 1,
            "Output": [
                "count(*)"
            ],
            "Plans": [
                {
                    "Node Type": "Gather",
                    "Parent Relationship": "Outer",
                    "Parallel Aware": false,
                    "Startup Cost": 226115.38,
                    "Total Cost": 226115.89,
                    "Plan Rows": 5,
                    "Plan Width": 8,
                    "Actual Startup Time": 199.277,
                    "Actual Total Time": 210.491,
                    "Actual Rows": 6,
                    "Actual Loops": 1,
                    "Output": [
                        "(PARTIAL count(*))"
                    ],
                    "Workers Planned": 5,
                    "Workers Launched": 5,
                    "Single Copy": false,
                    "Plans": [
                        {
                            "Node Type": "Aggregate",
                            "Strategy": "Plain",
                            "Partial Mode": "Partial",
                            "Parent Relationship": "Outer",
                            "Parallel Aware": false,
                            "Startup Cost": 225115.38,
                            "Total Cost": 225115.39,
                            "Plan Rows": 1,
                            "Plan Width": 8,
                            "Actual Startup Time": 189.25,
                            "Actual Total Time": 189.254,
                            "Actual Rows": 1,
                            "Actual Loops": 6,
                            "Output": [
                                "PARTIAL count(*)"
                            ],
                            "Workers": [
                                {
                                    "Worker Number": 0,
                                    "Actual Startup Time": 187.078,
                                    "Actual Total Time": 187.081,
                                    "Actual Rows": 1,
                                    "Actual Loops": 1
                                },
                                {
                                    "Worker Number": 1,
                                    "Actual Startup Time": 187.028,
                                    "Actual Total Time": 187.032,
                                    "Actual Rows": 1,
                                    "Actual Loops": 1
                                },
                                {
                                    "Worker Number": 2,
                                    "Actual Startup Time": 187.269,
                                    "Actual Total Time": 187.273,
                                    "Actual Rows": 1,
                                    "Actual Loops": 1
                                },
                                {
                                    "Worker Number": 3,
                                    "Actual Startup Time": 187.421,
                                    "Actual Total Time": 187.425,
                                    "Actual Rows": 1,
                                    "Actual Loops": 1
                                },
                                {
                                    "Worker Number": 4,
                                    "Actual Startup Time": 187.814,
                                    "Actual Total Time": 187.817,
                                    "Actual Rows": 1,
                                    "Actual Loops": 1
                                }
                            ],
                            "Plans": [
                                {
                                    "Node Type": "Hash Join",
                                    "Parent Relationship": "Outer",
                                    "Parallel Aware": true,
                                    "Join Type": "Inner",
                                    "Startup Cost": 60775.37,
                                    "Total Cost": 225034.3,
                                    "Plan Rows": 32433,
                                    "Plan Width": 0,
                                    "Actual Startup Time": 138.612,
                                    "Actual Total Time": 188.676,
                                    "Actual Rows": 7483,
                                    "Actual Loops": 6,
                                    "Inner Unique": true,
                                    "Hash Cond": "(mi.movie_id = t.id)",
                                    "Workers": [
                                        {
                                            "Worker Number": 0,
                                            "Actual Startup Time": 136.015,
                                            "Actual Total Time": 186.511,
                                            "Actual Rows": 6618,
                                            "Actual Loops": 1
                                        },
                                        {
                                            "Worker Number": 1,
                                            "Actual Startup Time": 136.433,
                                            "Actual Total Time": 186.446,
                                            "Actual Rows": 6973,
                                            "Actual Loops": 1
                                        },
                                        {
                                            "Worker Number": 2,
                                            "Actual Startup Time": 136.818,
                                            "Actual Total Time": 186.625,
                                            "Actual Rows": 7685,
                                            "Actual Loops": 1
                                        },
                                        {
                                            "Worker Number": 3,
                                            "Actual Startup Time": 137.066,
                                            "Actual Total Time": 186.826,
                                            "Actual Rows": 6821,
                                            "Actual Loops": 1
                                        },
                                        {
                                            "Worker Number": 4,
                                            "Actual Startup Time": 137.229,
                                            "Actual Total Time": 187.228,
                                            "Actual Rows": 6939,
                                            "Actual Loops": 1
                                        }
                                    ],
                                    "Plans": [
                                        {
                                            "Node Type": "Bitmap Heap Scan",
                                            "Parent Relationship": "Outer",
                                            "Parallel Aware": true,
                                            "Relation Name": "movie_info",
                                            "Schema": "public",
                                            "Alias": "mi",
                                            "Startup Cost": 13585.7,
                                            "Total Cost": 177451.37,
                                            "Plan Rows": 149813,
                                            "Plan Width": 4,
                                            "Actual Startup Time": 24.177,
                                            "Actual Total Time": 40.684,
                                            "Actual Rows": 133690,
                                            "Actual Loops": 6,
                                            "Output": [
                                                "mi.id",
                                                "mi.movie_id",
                                                "mi.info_type_id",
                                                "mi.info",
                                                "mi.note"
                                            ],
                                            "Recheck Cond": "(mi.info_type_id = 1)",
                                            "Rows Removed by Index Recheck": 0,
                                            "Exact Heap Blocks": 1027,
                                            "Lossy Heap Blocks": 0,
                                            "Workers": [
                                                {
                                                    "Worker Number": 0,
                                                    "Actual Startup Time": 24.263,
                                                    "Actual Total Time": 41.827,
                                                    "Actual Rows": 109980,
                                                    "Actual Loops": 1
                                                },
                                                {
                                                    "Worker Number": 1,
                                                    "Actual Startup Time": 24.234,
                                                    "Actual Total Time": 40.84,
                                                    "Actual Rows": 138751,
                                                    "Actual Loops": 1
                                                },
                                                {
                                                    "Worker Number": 2,
                                                    "Actual Startup Time": 24.217,
                                                    "Actual Total Time": 40.676,
                                                    "Actual Rows": 137111,
                                                    "Actual Loops": 1
                                                },
                                                {
                                                    "Worker Number": 3,
                                                    "Actual Startup Time": 24.146,
                                                    "Actual Total Time": 41.58,
                                                    "Actual Rows": 109805,
                                                    "Actual Loops": 1
                                                },
                                                {
                                                    "Worker Number": 4,
                                                    "Actual Startup Time": 24.121,
                                                    "Actual Total Time": 40.63,
                                                    "Actual Rows": 137994,
                                                    "Actual Loops": 1
                                                }
                                            ],
                                            "Plans": [
                                                {
                                                    "Node Type": "Bitmap Index Scan",
                                                    "Parent Relationship": "Outer",
                                                    "Parallel Aware": false,
                                                    "Index Name": "info_type_id_movie_info",
                                                    "Startup Cost": 0.0,
                                                    "Total Cost": 13398.44,
                                                    "Plan Rows": 749067,
                                                    "Plan Width": 0,
                                                    "Actual Startup Time": 23.367,
                                                    "Actual Total Time": 23.369,
                                                    "Actual Rows": 802140,
                                                    "Actual Loops": 1,
                                                    "Index Cond": "(mi.info_type_id = 1)"
                                                }
                                            ]
                                        },
                                        {
                                            "Node Type": "Hash",
                                            "Parent Relationship": "Inner",
                                            "Parallel Aware": true,
                                            "Startup Cost": 45479.21,
                                            "Total Cost": 45479.21,
                                            "Plan Rows": 136837,
                                            "Plan Width": 4,
                                            "Actual Startup Time": 112.247,
                                            "Actual Total Time": 112.248,
                                            "Actual Rows": 100400,
                                            "Actual Loops": 6,
                                            "Output": [
                                                "t.id"
                                            ],
                                            "Hash Buckets": 1048576,
                                            "Original Hash Buckets": 1048576,
                                            "Hash Batches": 1,
                                            "Original Hash Batches": 1,
                                            "Peak Memory Usage": 31840,
                                            "Workers": [
                                                {
                                                    "Worker Number": 0,
                                                    "Actual Startup Time": 111.274,
                                                    "Actual Total Time": 111.274,
                                                    "Actual Rows": 76615,
                                                    "Actual Loops": 1
                                                },
                                                {
                                                    "Worker Number": 1,
                                                    "Actual Startup Time": 111.729,
                                                    "Actual Total Time": 111.73,
                                                    "Actual Rows": 97349,
                                                    "Actual Loops": 1
                                                },
                                                {
                                                    "Worker Number": 2,
                                                    "Actual Startup Time": 111.946,
                                                    "Actual Total Time": 111.947,
                                                    "Actual Rows": 97012,
                                                    "Actual Loops": 1
                                                },
                                                {
                                                    "Worker Number": 3,
                                                    "Actual Startup Time": 112.133,
                                                    "Actual Total Time": 112.134,
                                                    "Actual Rows": 77579,
                                                    "Actual Loops": 1
                                                },
                                                {
                                                    "Worker Number": 4,
                                                    "Actual Startup Time": 112.502,
                                                    "Actual Total Time": 112.503,
                                                    "Actual Rows": 97229,
                                                    "Actual Loops": 1
                                                }
                                            ],
                                            "Plans": [
                                                {
                                                    "Node Type": "Seq Scan",
                                                    "Parent Relationship": "Outer",
                                                    "Parallel Aware": true,
                                                    "Relation Name": "title",
                                                    "Schema": "public",
                                                    "Alias": "t",
                                                    "Startup Cost": 0.0,
                                                    "Total Cost": 45479.21,
                                                    "Plan Rows": 136837,
                                                    "Plan Width": 4,
                                                    "Actual Startup Time": 0.042,
                                                    "Actual Total Time": 75.298,
                                                    "Actual Rows": 100400,
                                                    "Actual Loops": 6,
                                                    "Output": [
                                                        "t.id"
                                                    ],
                                                    "Filter": "((t.production_year > 2006) AND (t.kind_id = 7))",
                                                    "Rows Removed by Filter": 320985,
                                                    "Workers": [
                                                        {
                                                            "Worker Number": 0,
                                                            "Actual Startup Time": 0.055,
                                                            "Actual Total Time": 76.116,
                                                            "Actual Rows": 76615,
                                                            "Actual Loops": 1
                                                        },
                                                        {
                                                            "Worker Number": 1,
                                                            "Actual Startup Time": 0.044,
                                                            "Actual Total Time": 75.077,
                                                            "Actual Rows": 97349,
                                                            "Actual Loops": 1
                                                        },
                                                        {
                                                            "Worker Number": 2,
                                                            "Actual Startup Time": 0.052,
                                                            "Actual Total Time": 75.389,
                                                            "Actual Rows": 97012,
                                                            "Actual Loops": 1
                                                        },
                                                        {
                                                            "Worker Number": 3,
                                                            "Actual Startup Time": 0.049,
                                                            "Actual Total Time": 77.245,
                                                            "Actual Rows": 77579,
                                                            "Actual Loops": 1
                                                        },
                                                        {
                                                            "Worker Number": 4,
                                                            "Actual Startup Time": 0.04,
                                                            "Actual Total Time": 76.013,
                                                            "Actual Rows": 97229,
                                                            "Actual Loops": 1
                                                        }
                                                    ]
                                                }
                                            ]
                                        }
                                    ]
                                }
                            ]
                        }
                    ]
                }
            ]
        },
        "Planning Time": 183.495,
        "Triggers": [],
        "Execution Time": 210.571
    }
]