{
    "Plan": {
        "Node Type": "Aggregate",
        "Strategy": "Plain",
        "Partial Mode": "Finalize",
        "Parallel Aware": false,
        "Startup Cost": 361612.66,
        "Total Cost": 361612.67,
        "Plan Rows": 1,
        "Plan Width": 8,
        "Actual Startup Time": 533.632,
        "Actual Total Time": 601.585,
        "Actual Rows": 1,
        "Actual Loops": 1,
        "Output": [
            "count(*)"
        ],
        "Plans": [
            {
                "Node Type": "Gather",
                "Parent Relationship": "Outer",
                "Parallel Aware": false,
                "Startup Cost": 361612.24,
                "Total Cost": 361612.65,
                "Plan Rows": 4,
                "Plan Width": 8,
                "Actual Startup Time": 533.479,
                "Actual Total Time": 601.575,
                "Actual Rows": 5,
                "Actual Loops": 1,
                "Output": [
                    "(PARTIAL count(*))"
                ],
                "Workers Planned": 4,
                "Workers Launched": 4,
                "Single Copy": false,
                "Plans": [
                    {
                        "Node Type": "Aggregate",
                        "Strategy": "Plain",
                        "Partial Mode": "Partial",
                        "Parent Relationship": "Outer",
                        "Parallel Aware": false,
                        "Startup Cost": 360612.24,
                        "Total Cost": 360612.25,
                        "Plan Rows": 1,
                        "Plan Width": 8,
                        "Actual Startup Time": 523.359,
                        "Actual Total Time": 523.36,
                        "Actual Rows": 1,
                        "Actual Loops": 5,
                        "Output": [
                            "PARTIAL count(*)"
                        ],
                        "Workers": [
                            {
                                "Worker Number": 0,
                                "Actual Startup Time": 520.669,
                                "Actual Total Time": 520.671,
                                "Actual Rows": 1,
                                "Actual Loops": 1
                            },
                            {
                                "Worker Number": 1,
                                "Actual Startup Time": 520.676,
                                "Actual Total Time": 520.677,
                                "Actual Rows": 1,
                                "Actual Loops": 1
                            },
                            {
                                "Worker Number": 2,
                                "Actual Startup Time": 521.114,
                                "Actual Total Time": 521.115,
                                "Actual Rows": 1,
                                "Actual Loops": 1
                            },
                            {
                                "Worker Number": 3,
                                "Actual Startup Time": 521.612,
                                "Actual Total Time": 521.614,
                                "Actual Rows": 1,
                                "Actual Loops": 1
                            }
                        ],
                        "Plans": [
                            {
                                "Node Type": "Nested Loop",
                                "Parent Relationship": "Outer",
                                "Parallel Aware": false,
                                "Join Type": "Inner",
                                "Startup Cost": 0.56,
                                "Total Cost": 360457.77,
                                "Plan Rows": 61786,
                                "Plan Width": 0,
                                "Actual Startup Time": 1.172,
                                "Actual Total Time": 518.166,
                                "Actual Rows": 55210,
                                "Actual Loops": 5,
                                "Inner Unique": false,
                                "Workers": [
                                    {
                                        "Worker Number": 0,
                                        "Actual Startup Time": 0.61,
                                        "Actual Total Time": 515.329,
                                        "Actual Rows": 39605,
                                        "Actual Loops": 1
                                    },
                                    {
                                        "Worker Number": 1,
                                        "Actual Startup Time": 2.859,
                                        "Actual Total Time": 515.626,
                                        "Actual Rows": 37012,
                                        "Actual Loops": 1
                                    },
                                    {
                                        "Worker Number": 2,
                                        "Actual Startup Time": 1.335,
                                        "Actual Total Time": 516.459,
                                        "Actual Rows": 60715,
                                        "Actual Loops": 1
                                    },
                                    {
                                        "Worker Number": 3,
                                        "Actual Startup Time": 0.854,
                                        "Actual Total Time": 517.365,
                                        "Actual Rows": 52118,
                                        "Actual Loops": 1
                                    }
                                ],
                                "Plans": [
                                    {
                                        "Node Type": "Seq Scan",
                                        "Parent Relationship": "Outer",
                                        "Parallel Aware": true,
                                        "Relation Name": "title",
                                        "Schema": "public",
                                        "Alias": "t",
                                        "Startup Cost": 0.0,
                                        "Total Cost": 45479.21,
                                        "Plan Rows": 13008,
                                        "Plan Width": 4,
                                        "Actual Startup Time": 0.521,
                                        "Actual Total Time": 84.733,
                                        "Actual Rows": 8802,
                                        "Actual Loops": 5,
                                        "Output": [
                                            "t.id",
                                            "t.title",
                                            "t.imdb_index",
                                            "t.kind_id",
                                            "t.production_year",
                                            "t.imdb_id",
                                            "t.phonetic_code",
                                            "t.episode_of_id",
                                            "t.season_nr",
                                            "t.episode_nr",
                                            "t.series_years",
                                            "t.md5sum"
                                        ],
                                        "Filter": "((t.kind_id < 7) AND (t.production_year = 2009))",
                                        "Rows Removed by Filter": 496860,
                                        "Workers": [
                                            {
                                                "Worker Number": 0,
                                                "Actual Startup Time": 0.34,
                                                "Actual Total Time": 76.639,
                                                "Actual Rows": 6342,
                                                "Actual Loops": 1
                                            },
                                            {
                                                "Worker Number": 1,
                                                "Actual Startup Time": 0.775,
                                                "Actual Total Time": 73.976,
                                                "Actual Rows": 5966,
                                                "Actual Loops": 1
                                            },
                                            {
                                                "Worker Number": 2,
                                                "Actual Startup Time": 0.734,
                                                "Actual Total Time": 73.619,
                                                "Actual Rows": 9546,
                                                "Actual Loops": 1
                                            },
                                            {
                                                "Worker Number": 3,
                                                "Actual Startup Time": 0.601,
                                                "Actual Total Time": 76.472,
                                                "Actual Rows": 8295,
                                                "Actual Loops": 1
                                            }
                                        ]
                                    },
                                    {
                                        "Node Type": "Index Scan",
                                        "Parent Relationship": "Inner",
                                        "Parallel Aware": false,
                                        "Scan Direction": "Forward",
                                        "Index Name": "movie_id_cast_info",
                                        "Relation Name": "cast_info",
                                        "Schema": "public",
                                        "Alias": "ci",
                                        "Startup Cost": 0.56,
                                        "Total Cost": 24.08,
                                        "Plan Rows": 13,
                                        "Plan Width": 4,
                                        "Actual Startup Time": 0.035,
                                        "Actual Total Time": 0.048,
                                        "Actual Rows": 6,
                                        "Actual Loops": 44012,
                                        "Output": [
                                            "ci.id",
                                            "ci.person_id",
                                            "ci.movie_id",
                                            "ci.person_role_id",
                                            "ci.note",
                                            "ci.nr_order",
                                            "ci.role_id"
                                        ],
                                        "Index Cond": "(ci.movie_id = t.id)",
                                        "Rows Removed by Index Recheck": 0,
                                        "Filter": "(ci.role_id > 3)",
                                        "Rows Removed by Filter": 10,
                                        "Workers": [
                                            {
                                                "Worker Number": 0,
                                                "Actual Startup Time": 0.049,
                                                "Actual Total Time": 0.068,
                                                "Actual Rows": 6,
                                                "Actual Loops": 6342
                                            },
                                            {
                                                "Worker Number": 1,
                                                "Actual Startup Time": 0.053,
                                                "Actual Total Time": 0.072,
                                                "Actual Rows": 6,
                                                "Actual Loops": 5966
                                            },
                                            {
                                                "Worker Number": 2,
                                                "Actual Startup Time": 0.033,
                                                "Actual Total Time": 0.045,
                                                "Actual Rows": 6,
                                                "Actual Loops": 9546
                                            },
                                            {
                                                "Worker Number": 3,
                                                "Actual Startup Time": 0.038,
                                                "Actual Total Time": 0.052,
                                                "Actual Rows": 6,
                                                "Actual Loops": 8295
                                            }
                                        ]
                                    }
                                ]
                            }
                        ]
                    }
                ]
            }
        ]
    },
    "Planning Time": 0.785,
    "Triggers": [],
    "Execution Time": 601.679
}