[
  {
    "Plan": {
      "Node Type": "Aggregate",
      "Strategy": "Plain",
      "Partial Mode": "Finalize",
      "Parallel Aware": false,
      "Startup Cost": 134370.11,
      "Total Cost": 134370.12,
      "Plan Rows": 1,
      "Plan Width": 8,
      "Actual Startup Time": 902.775,
      "Actual Total Time": 962.349,
      "Actual Rows": 1,
      "Actual Loops": 1,
      "Plans": [
        {
          "Node Type": "Gather",
          "Parent Relationship": "Outer",
          "Parallel Aware": false,
          "Startup Cost": 134369.8,
          "Total Cost": 134370.11,
          "Plan Rows": 3,
          "Plan Width": 8,
          "Actual Startup Time": 902.521,
          "Actual Total Time": 962.34,
          "Actual Rows": 4,
          "Actual Loops": 1,
          "Workers Planned": 3,
          "Workers Launched": 3,
          "Single Copy": false,
          "Plans": [
            {
              "Node Type": "Aggregate",
              "Strategy": "Plain",
              "Partial Mode": "Partial",
              "Parent Relationship": "Outer",
              "Parallel Aware": false,
              "Startup Cost": 133369.8,
              "Total Cost": 133369.81,
              "Plan Rows": 1,
              "Plan Width": 8,
              "Actual Startup Time": 897.173,
              "Actual Total Time": 897.177,
              "Actual Rows": 1,
              "Actual Loops": 4,
              "Plans": [
                {
                  "Node Type": "Nested Loop",
                  "Parent Relationship": "Outer",
                  "Parallel Aware": false,
                  "Join Type": "Inner",
                  "Startup Cost": 44071.61,
                  "Total Cost": 132877.49,
                  "Plan Rows": 196923,
                  "Plan Width": 0,
                  "Actual Startup Time": 95.934,
                  "Actual Total Time": 864.982,
                  "Actual Rows": 629604,
                  "Actual Loops": 4,
                  "Inner Unique": false,
                  "Join Filter": "(t.id = ci.movie_id)",
                  "Rows Removed by Join Filter": 0,
                  "Plans": [
                    {
                      "Node Type": "Hash Join",
                      "Parent Relationship": "Outer",
                      "Parallel Aware": true,
                      "Join Type": "Inner",
                      "Startup Cost": 44071.05,
                      "Total Cost": 89320.3,
                      "Plan Rows": 21142,
                      "Plan Width": 8,
                      "Actual Startup Time": 95.703,
                      "Actual Total Time": 262.883,
                      "Actual Rows": 17917,
                      "Actual Loops": 4,
                      "Inner Unique": true,
                      "Hash Cond": "(mk.movie_id = t.id)",
                      "Plans": [
                        {
                          "Node Type": "Seq Scan",
                          "Parent Relationship": "Outer",
                          "Parallel Aware": true,
                          "Relation Name": "movie_keyword",
                          "Alias": "mk",
                          "Startup Cost": 0.0,
                          "Total Cost": 42695.65,
                          "Plan Rows": 972801,
                          "Plan Width": 4,
                          "Actual Startup Time": 0.143,
                          "Actual Total Time": 106.969,
                          "Actual Rows": 755421,
                          "Actual Loops": 4,
                          "Filter": "(keyword_id > 2163)",
                          "Rows Removed by Filter": 375561
                        },
                        {
                          "Node Type": "Hash",
                          "Parent Relationship": "Inner",
                          "Parallel Aware": true,
                          "Startup Cost": 43899.32,
                          "Total Cost": 43899.32,
                          "Plan Rows": 13738,
                          "Plan Width": 4,
                          "Actual Startup Time": 94.978,
                          "Actual Total Time": 94.979,
                          "Actual Rows": 13253,
                          "Actual Loops": 4,
                          "Hash Buckets": 65536,
                          "Original Hash Buckets": 65536,
                          "Hash Batches": 1,
                          "Original Hash Batches": 1,
                          "Peak Memory Usage": 2656,
                          "Plans": [
                            {
                              "Node Type": "Seq Scan",
                              "Parent Relationship": "Outer",
                              "Parallel Aware": true,
                              "Relation Name": "title",
                              "Alias": "t",
                              "Startup Cost": 0.0,
                              "Total Cost": 43899.32,
                              "Plan Rows": 13738,
                              "Plan Width": 4,
                              "Actual Startup Time": 0.033,
                              "Actual Total Time": 89.483,
                              "Actual Rows": 13253,
                              "Actual Loops": 4,
                              "Filter": "(production_year = 2000)",
                              "Rows Removed by Filter": 618825
                            }
                          ]
                        }
                      ]
                    },
                    {
                      "Node Type": "Index Scan",
                      "Parent Relationship": "Inner",
                      "Parallel Aware": false,
                      "Scan Direction": "Forward",
                      "Index Name": "movie_id_cast_info",
                      "Relation Name": "cast_info",
                      "Alias": "ci",
                      "Startup Cost": 0.56,
                      "Total Cost": 1.77,
                      "Plan Rows": 23,
                      "Plan Width": 4,
                      "Actual Startup Time": 0.012,
                      "Actual Total Time": 0.03,
                      "Actual Rows": 35,
                      "Actual Loops": 71668,
                      "Index Cond": "(movie_id = mk.movie_id)",
                      "Rows Removed by Index Recheck": 0,
                      "Filter": "(role_id > 1)",
                      "Rows Removed by Filter": 17
                    }
                  ]
                }
              ]
            }
          ]
        }
      ]
    },
    "Planning Time": 0.581,
    "Triggers": [],
    "Execution Time": 962.42
  }
]