[
  {
    "Plan": {
      "Node Type": "Aggregate",
      "Strategy": "Plain",
      "Partial Mode": "Finalize",
      "Parallel Aware": false,
      "Startup Cost": 31703.8,
      "Total Cost": 31703.81,
      "Plan Rows": 1,
      "Plan Width": 8,
      "Actual Startup Time": 131.281,
      "Actual Total Time": 137.685,
      "Actual Rows": 1,
      "Actual Loops": 1,
      "Plans": [
        {
          "Node Type": "Gather",
          "Parent Relationship": "Outer",
          "Parallel Aware": false,
          "Startup Cost": 31703.48,
          "Total Cost": 31703.79,
          "Plan Rows": 3,
          "Plan Width": 8,
          "Actual Startup Time": 131.13,
          "Actual Total Time": 137.677,
          "Actual Rows": 4,
          "Actual Loops": 1,
          "Workers Planned": 3,
          "Workers Launched": 3,
          "Single Copy": false,
          "Plans": [
            {
              "Node Type": "Aggregate",
              "Strategy": "Plain",
              "Partial Mode": "Partial",
              "Parent Relationship": "Outer",
              "Parallel Aware": false,
              "Startup Cost": 30703.48,
              "Total Cost": 30703.49,
              "Plan Rows": 1,
              "Plan Width": 8,
              "Actual Startup Time": 122.448,
              "Actual Total Time": 122.449,
              "Actual Rows": 1,
              "Actual Loops": 4,
              "Plans": [
                {
                  "Node Type": "Seq Scan",
                  "Parent Relationship": "Outer",
                  "Parallel Aware": true,
                  "Relation Name": "movie_companies",
                  "Alias": "mc",
                  "Startup Cost": 0.0,
                  "Total Cost": 29310.68,
                  "Plan Rows": 557119,
                  "Plan Width": 0,
                  "Actual Startup Time": 0.064,
                  "Actual Total Time": 94.748,
                  "Actual Rows": 433936,
                  "Actual Loops": 4,
                  "Filter": "(company_id < 23403)",
                  "Rows Removed by Filter": 218346
                }
              ]
            }
          ]
        }
      ]
    },
    "Planning Time": 0.198,
    "Triggers": [],
    "Execution Time": 137.743
  }
]