{
  "Plan": {
    "Node Type": "Aggregate",
    "Strategy": "Plain",
    "Partial Mode": "Simple",
    "Parallel Aware": false,
    "Startup Cost": 3432.67,
    "Total Cost": 3432.68,
    "Plan Rows": 1,
    "Plan Width": 8,
    "Actual Startup Time": 19.531,
    "Actual Total Time": 19.533,
    "Actual Rows": 1,
    "Actual Loops": 1,
    "Plans": [
      {
        "Node Type": "Nested Loop",
        "Parent Relationship": "Outer",
        "Parallel Aware": false,
        "Join Type": "Inner",
        "Startup Cost": 7.22,
        "Total Cost": 3431.79,
        "Plan Rows": 352,
        "Plan Width": 0,
        "Actual Startup Time": 0.855,
        "Actual Total Time": 19.328,
        "Actual Rows": 1019,
        "Actual Loops": 1,
        "Inner Unique": false,
        "Plans": [
          {
            "Node Type": "Nested Loop",
            "Parent Relationship": "Outer",
            "Parallel Aware": false,
            "Join Type": "Inner",
            "Startup Cost": 6.78,
            "Total Cost": 3005.96,
            "Plan Rows": 248,
            "Plan Width": 8,
            "Actual Startup Time": 0.832,
            "Actual Total Time": 3.604,
            "Actual Rows": 202,
            "Actual Loops": 1,
            "Inner Unique": true,
            "Plans": [
              {
                "Node Type": "Bitmap Heap Scan",
                "Parent Relationship": "Outer",
                "Parallel Aware": false,
                "Relation Name": "movie_keyword",
                "Alias": "mk",
                "Startup Cost": 6.35,
                "Total Cost": 922.98,
                "Plan Rows": 248,
                "Plan Width": 4,
                "Actual Startup Time": 0.801,
                "Actual Total Time": 1.436,
                "Actual Rows": 202,
                "Actual Loops": 1,
                "Recheck Cond": "(keyword_id = 5786)",
                "Rows Removed by Index Recheck": 0,
                "Exact Heap Blocks": 199,
                "Lossy Heap Blocks": 0,
                "Plans": [
                  {
                    "Node Type": "Bitmap Index Scan",
                    "Parent Relationship": "Outer",
                    "Parallel Aware": false,
                    "Index Name": "keyword_id_movie_keyword",
                    "Startup Cost": 0.0,
                    "Total Cost": 6.29,
                    "Plan Rows": 248,
                    "Plan Width": 0,
                    "Actual Startup Time": 0.731,
                    "Actual Total Time": 0.731,
                    "Actual Rows": 202,
                    "Actual Loops": 1,
                    "Index Cond": "(keyword_id = 5786)"
                  }
                ]
              },
              {
                "Node Type": "Index Only Scan",
                "Parent Relationship": "Inner",
                "Parallel Aware": false,
                "Scan Direction": "Forward",
                "Index Name": "title_pkey",
                "Relation Name": "title",
                "Alias": "t",
                "Startup Cost": 0.43,
                "Total Cost": 8.4,
                "Plan Rows": 1,
                "Plan Width": 4,
                "Actual Startup Time": 0.01,
                "Actual Total Time": 0.01,
                "Actual Rows": 1,
                "Actual Loops": 202,
                "Index Cond": "(id = mk.movie_id)",
                "Rows Removed by Index Recheck": 0,
                "Heap Fetches": 202
              }
            ]
          },
          {
            "Node Type": "Index Scan",
            "Parent Relationship": "Inner",
            "Parallel Aware": false,
            "Scan Direction": "Forward",
            "Index Name": "movie_id_movie_info",
            "Relation Name": "movie_info",
            "Alias": "mi",
            "Startup Cost": 0.43,
            "Total Cost": 1.62,
            "Plan Rows": 10,
            "Plan Width": 4,
            "Actual Startup Time": 0.021,
            "Actual Total Time": 0.075,
            "Actual Rows": 5,
            "Actual Loops": 202,
            "Index Cond": "(movie_id = t.id)",
            "Rows Removed by Index Recheck": 0,
            "Filter": "(info_type_id < 4)",
            "Rows Removed by Filter": 75
          }
        ]
      }
    ]
  },
  "Planning Time": 0.955,
  "Triggers": [],
  "Execution Time": 19.617
}