{
  "Plan": {
    "Node Type": "Aggregate",
    "Strategy": "Plain",
    "Partial Mode": "Finalize",
    "Parallel Aware": false,
    "Startup Cost": 40372.55,
    "Total Cost": 40372.56,
    "Plan Rows": 1,
    "Plan Width": 8,
    "Actual Startup Time": 40.139,
    "Actual Total Time": 45.437,
    "Actual Rows": 1,
    "Actual Loops": 1,
    "Plans": [
      {
        "Node Type": "Gather",
        "Parent Relationship": "Outer",
        "Parallel Aware": false,
        "Startup Cost": 40372.43,
        "Total Cost": 40372.54,
        "Plan Rows": 1,
        "Plan Width": 8,
        "Actual Startup Time": 40.009,
        "Actual Total Time": 45.431,
        "Actual Rows": 2,
        "Actual Loops": 1,
        "Workers Planned": 1,
        "Workers Launched": 1,
        "Single Copy": false,
        "Plans": [
          {
            "Node Type": "Aggregate",
            "Strategy": "Plain",
            "Partial Mode": "Partial",
            "Parent Relationship": "Outer",
            "Parallel Aware": false,
            "Startup Cost": 39372.43,
            "Total Cost": 39372.44,
            "Plan Rows": 1,
            "Plan Width": 8,
            "Actual Startup Time": 33.906,
            "Actual Total Time": 33.908,
            "Actual Rows": 1,
            "Actual Loops": 2,
            "Plans": [
              {
                "Node Type": "Nested Loop",
                "Parent Relationship": "Outer",
                "Parallel Aware": false,
                "Join Type": "Inner",
                "Startup Cost": 124.43,
                "Total Cost": 39363.53,
                "Plan Rows": 3561,
                "Plan Width": 0,
                "Actual Startup Time": 5.581,
                "Actual Total Time": 33.837,
                "Actual Rows": 412,
                "Actual Loops": 2,
                "Inner Unique": false,
                "Plans": [
                  {
                    "Node Type": "Nested Loop",
                    "Parent Relationship": "Outer",
                    "Parallel Aware": false,
                    "Join Type": "Inner",
                    "Startup Cost": 124.0,
                    "Total Cost": 35803.78,
                    "Plan Rows": 1990,
                    "Plan Width": 8,
                    "Actual Startup Time": 5.37,
                    "Actual Total Time": 32.775,
                    "Actual Rows": 112,
                    "Actual Loops": 2,
                    "Inner Unique": true,
                    "Plans": [
                      {
                        "Node Type": "Bitmap Heap Scan",
                        "Parent Relationship": "Outer",
                        "Parallel Aware": true,
                        "Relation Name": "movie_companies",
                        "Alias": "mc",
                        "Startup Cost": 123.57,
                        "Total Cost": 12168.92,
                        "Plan Rows": 3274,
                        "Plan Width": 4,
                        "Actual Startup Time": 2.399,
                        "Actual Total Time": 8.341,
                        "Actual Rows": 2838,
                        "Actual Loops": 2,
                        "Recheck Cond": "(company_id = 73)",
                        "Rows Removed by Index Recheck": 0,
                        "Exact Heap Blocks": 2163,
                        "Lossy Heap Blocks": 0,
                        "Plans": [
                          {
                            "Node Type": "Bitmap Index Scan",
                            "Parent Relationship": "Outer",
                            "Parallel Aware": false,
                            "Index Name": "company_id_movie_companies",
                            "Startup Cost": 0.0,
                            "Total Cost": 122.18,
                            "Plan Rows": 5566,
                            "Plan Width": 0,
                            "Actual Startup Time": 3.354,
                            "Actual Total Time": 3.354,
                            "Actual Rows": 5677,
                            "Actual Loops": 1,
                            "Index Cond": "(company_id = 73)"
                          }
                        ]
                      },
                      {
                        "Node Type": "Index Scan",
                        "Parent Relationship": "Inner",
                        "Parallel Aware": false,
                        "Scan Direction": "Forward",
                        "Index Name": "title_pkey",
                        "Relation Name": "title",
                        "Alias": "t",
                        "Startup Cost": 0.43,
                        "Total Cost": 7.22,
                        "Plan Rows": 1,
                        "Plan Width": 4,
                        "Actual Startup Time": 0.008,
                        "Actual Total Time": 0.008,
                        "Actual Rows": 0,
                        "Actual Loops": 5677,
                        "Index Cond": "(id = mc.movie_id)",
                        "Rows Removed by Index Recheck": 0,
                        "Filter": "(kind_id = 7)",
                        "Rows Removed by Filter": 1
                      }
                    ]
                  },
                  {
                    "Node Type": "Index Only Scan",
                    "Parent Relationship": "Inner",
                    "Parallel Aware": false,
                    "Scan Direction": "Forward",
                    "Index Name": "movie_id_movie_keyword",
                    "Relation Name": "movie_keyword",
                    "Alias": "mk",
                    "Startup Cost": 0.43,
                    "Total Cost": 1.34,
                    "Plan Rows": 45,
                    "Plan Width": 4,
                    "Actual Startup Time": 0.007,
                    "Actual Total Time": 0.008,
                    "Actual Rows": 4,
                    "Actual Loops": 223,
                    "Index Cond": "(movie_id = t.id)",
                    "Rows Removed by Index Recheck": 0,
                    "Heap Fetches": 824
                  }
                ]
              }
            ]
          }
        ]
      }
    ]
  },
  "Planning Time": 1.005,
  "Triggers": [],
  "Execution Time": 45.534
}