[
    {
        "Bao": {
            "Bao prediction": "NaN",
            "Bao recommended hint": "(no hint)"
        }
    },
    {
        "Plan": {
            "Node Type": "Aggregate",
            "Strategy": "Plain",
            "Partial Mode": "Finalize",
            "Parallel Aware": false,
            "Startup Cost": 33362.63,
            "Total Cost": 33362.64,
            "Plan Rows": 1,
            "Plan Width": 8,
            "Actual Startup Time": 93.028,
            "Actual Total Time": 97.024,
            "Actual Rows": 1,
            "Actual Loops": 1,
            "Output": [
                "count(*)"
            ],
            "Plans": [
                {
                    "Node Type": "Gather",
                    "Parent Relationship": "Outer",
                    "Parallel Aware": false,
                    "Startup Cost": 33362.32,
                    "Total Cost": 33362.63,
                    "Plan Rows": 3,
                    "Plan Width": 8,
                    "Actual Startup Time": 92.934,
                    "Actual Total Time": 97.017,
                    "Actual Rows": 4,
                    "Actual Loops": 1,
                    "Output": [
                        "(PARTIAL count(*))"
                    ],
                    "Workers Planned": 3,
                    "Workers Launched": 3,
                    "Single Copy": false,
                    "Plans": [
                        {
                            "Node Type": "Aggregate",
                            "Strategy": "Plain",
                            "Partial Mode": "Partial",
                            "Parent Relationship": "Outer",
                            "Parallel Aware": false,
                            "Startup Cost": 32362.32,
                            "Total Cost": 32362.33,
                            "Plan Rows": 1,
                            "Plan Width": 8,
                            "Actual Startup Time": 85.093,
                            "Actual Total Time": 85.094,
                            "Actual Rows": 1,
                            "Actual Loops": 4,
                            "Output": [
                                "PARTIAL count(*)"
                            ],
                            "Workers": [
                                {
                                    "Worker Number": 0,
                                    "Actual Startup Time": 82.461,
                                    "Actual Total Time": 82.462,
                                    "Actual Rows": 1,
                                    "Actual Loops": 1
                                },
                                {
                                    "Worker Number": 1,
                                    "Actual Startup Time": 82.528,
                                    "Actual Total Time": 82.529,
                                    "Actual Rows": 1,
                                    "Actual Loops": 1
                                },
                                {
                                    "Worker Number": 2,
                                    "Actual Startup Time": 82.731,
                                    "Actual Total Time": 82.732,
                                    "Actual Rows": 1,
                                    "Actual Loops": 1
                                }
                            ],
                            "Plans": [
                                {
                                    "Node Type": "Seq Scan",
                                    "Parent Relationship": "Outer",
                                    "Parallel Aware": true,
                                    "Relation Name": "movie_companies",
                                    "Schema": "public",
                                    "Alias": "mc",
                                    "Startup Cost": 0.0,
                                    "Total Cost": 31414.82,
                                    "Plan Rows": 378999,
                                    "Plan Width": 0,
                                    "Actual Startup Time": 41.431,
                                    "Actual Total Time": 74.892,
                                    "Actual Rows": 257027,
                                    "Actual Loops": 4,
                                    "Output": [
                                        "id",
                                        "movie_id",
                                        "company_id",
                                        "company_type_id",
                                        "note"
                                    ],
                                    "Filter": "((mc.company_id < 93117) AND (mc.company_type_id > 1))",
                                    "Rows Removed by Filter": 395255,
                                    "Workers": [
                                        {
                                            "Worker Number": 0,
                                            "Actual Startup Time": 38.806,
                                            "Actual Total Time": 72.387,
                                            "Actual Rows": 247197,
                                            "Actual Loops": 1
                                        },
                                        {
                                            "Worker Number": 1,
                                            "Actual Startup Time": 38.868,
                                            "Actual Total Time": 72.547,
                                            "Actual Rows": 246689,
                                            "Actual Loops": 1
                                        },
                                        {
                                            "Worker Number": 2,
                                            "Actual Startup Time": 39.065,
                                            "Actual Total Time": 72.727,
                                            "Actual Rows": 247467,
                                            "Actual Loops": 1
                                        }
                                    ]
                                }
                            ]
                        }
                    ]
                }
            ]
        },
        "Planning Time": 247.973,
        "Triggers": [],
        "Execution Time": 97.072
    }
]