{
    "Plan": {
        "Node Type": "Aggregate",
        "Strategy": "Plain",
        "Partial Mode": "Finalize",
        "Parallel Aware": false,
        "Startup Cost": 383808.92,
        "Total Cost": 383808.93,
        "Plan Rows": 1,
        "Plan Width": 8,
        "Actual Startup Time": 1199.874,
        "Actual Total Time": 1248.969,
        "Actual Rows": 1,
        "Actual Loops": 1,
        "Output": [
            "count(*)"
        ],
        "Plans": [
            {
                "Node Type": "Gather",
                "Parent Relationship": "Outer",
                "Parallel Aware": false,
                "Startup Cost": 383808.29,
                "Total Cost": 383808.9,
                "Plan Rows": 6,
                "Plan Width": 8,
                "Actual Startup Time": 1197.911,
                "Actual Total Time": 1248.958,
                "Actual Rows": 7,
                "Actual Loops": 1,
                "Output": [
                    "(PARTIAL count(*))"
                ],
                "Workers Planned": 6,
                "Workers Launched": 6,
                "Single Copy": false,
                "Plans": [
                    {
                        "Node Type": "Aggregate",
                        "Strategy": "Plain",
                        "Partial Mode": "Partial",
                        "Parent Relationship": "Outer",
                        "Parallel Aware": false,
                        "Startup Cost": 382808.29,
                        "Total Cost": 382808.3,
                        "Plan Rows": 1,
                        "Plan Width": 8,
                        "Actual Startup Time": 1187.087,
                        "Actual Total Time": 1187.09,
                        "Actual Rows": 1,
                        "Actual Loops": 7,
                        "Output": [
                            "PARTIAL count(*)"
                        ],
                        "Workers": [
                            {
                                "Worker Number": 0,
                                "Actual Startup Time": 1184.16,
                                "Actual Total Time": 1184.163,
                                "Actual Rows": 1,
                                "Actual Loops": 1
                            },
                            {
                                "Worker Number": 1,
                                "Actual Startup Time": 1184.875,
                                "Actual Total Time": 1184.878,
                                "Actual Rows": 1,
                                "Actual Loops": 1
                            },
                            {
                                "Worker Number": 2,
                                "Actual Startup Time": 1185.675,
                                "Actual Total Time": 1185.678,
                                "Actual Rows": 1,
                                "Actual Loops": 1
                            },
                            {
                                "Worker Number": 3,
                                "Actual Startup Time": 1185.765,
                                "Actual Total Time": 1185.768,
                                "Actual Rows": 1,
                                "Actual Loops": 1
                            },
                            {
                                "Worker Number": 4,
                                "Actual Startup Time": 1186.078,
                                "Actual Total Time": 1186.08,
                                "Actual Rows": 1,
                                "Actual Loops": 1
                            },
                            {
                                "Worker Number": 5,
                                "Actual Startup Time": 1186.192,
                                "Actual Total Time": 1186.194,
                                "Actual Rows": 1,
                                "Actual Loops": 1
                            }
                        ],
                        "Plans": [
                            {
                                "Node Type": "Hash Join",
                                "Parent Relationship": "Outer",
                                "Parallel Aware": true,
                                "Join Type": "Inner",
                                "Startup Cost": 45973.23,
                                "Total Cost": 382323.75,
                                "Plan Rows": 193816,
                                "Plan Width": 0,
                                "Actual Startup Time": 268.681,
                                "Actual Total Time": 1177.751,
                                "Actual Rows": 170094,
                                "Actual Loops": 7,
                                "Inner Unique": true,
                                "Hash Cond": "(ci.movie_id = t.id)",
                                "Workers": [
                                    {
                                        "Worker Number": 0,
                                        "Actual Startup Time": 266.146,
                                        "Actual Total Time": 1174.644,
                                        "Actual Rows": 128142,
                                        "Actual Loops": 1
                                    },
                                    {
                                        "Worker Number": 1,
                                        "Actual Startup Time": 266.601,
                                        "Actual Total Time": 1175.096,
                                        "Actual Rows": 131903,
                                        "Actual Loops": 1
                                    },
                                    {
                                        "Worker Number": 2,
                                        "Actual Startup Time": 266.701,
                                        "Actual Total Time": 1176.702,
                                        "Actual Rows": 194693,
                                        "Actual Loops": 1
                                    },
                                    {
                                        "Worker Number": 3,
                                        "Actual Startup Time": 267.104,
                                        "Actual Total Time": 1176.199,
                                        "Actual Rows": 126592,
                                        "Actual Loops": 1
                                    },
                                    {
                                        "Worker Number": 4,
                                        "Actual Startup Time": 267.312,
                                        "Actual Total Time": 1177.228,
                                        "Actual Rows": 192479,
                                        "Actual Loops": 1
                                    },
                                    {
                                        "Worker Number": 5,
                                        "Actual Startup Time": 268.15,
                                        "Actual Total Time": 1177.547,
                                        "Actual Rows": 185695,
                                        "Actual Loops": 1
                                    }
                                ],
                                "Plans": [
                                    {
                                        "Node Type": "Seq Scan",
                                        "Parent Relationship": "Outer",
                                        "Parallel Aware": true,
                                        "Relation Name": "cast_info",
                                        "Schema": "public",
                                        "Alias": "ci",
                                        "Startup Cost": 0.0,
                                        "Total Cost": 328213.62,
                                        "Plan Rows": 3099769,
                                        "Plan Width": 4,
                                        "Actual Startup Time": 178.542,
                                        "Actual Total Time": 610.827,
                                        "Actual Rows": 2670853,
                                        "Actual Loops": 7,
                                        "Output": [
                                            "ci.id",
                                            "ci.person_id",
                                            "ci.movie_id",
                                            "ci.person_role_id",
                                            "ci.note",
                                            "ci.nr_order",
                                            "ci.role_id"
                                        ],
                                        "Filter": "(ci.person_id > 1737040)",
                                        "Rows Removed by Filter": 2506910,
                                        "Workers": [
                                            {
                                                "Worker Number": 0,
                                                "Actual Startup Time": 178.546,
                                                "Actual Total Time": 607.997,
                                                "Actual Rows": 2042409,
                                                "Actual Loops": 1
                                            },
                                            {
                                                "Worker Number": 1,
                                                "Actual Startup Time": 178.539,
                                                "Actual Total Time": 612.917,
                                                "Actual Rows": 2035325,
                                                "Actual Loops": 1
                                            },
                                            {
                                                "Worker Number": 2,
                                                "Actual Startup Time": 178.543,
                                                "Actual Total Time": 620.302,
                                                "Actual Rows": 3006195,
                                                "Actual Loops": 1
                                            },
                                            {
                                                "Worker Number": 3,
                                                "Actual Startup Time": 178.526,
                                                "Actual Total Time": 616.658,
                                                "Actual Rows": 1993829,
                                                "Actual Loops": 1
                                            },
                                            {
                                                "Worker Number": 4,
                                                "Actual Startup Time": 178.548,
                                                "Actual Total Time": 619.901,
                                                "Actual Rows": 3003895,
                                                "Actual Loops": 1
                                            },
                                            {
                                                "Worker Number": 5,
                                                "Actual Startup Time": 178.549,
                                                "Actual Total Time": 618.341,
                                                "Actual Rows": 2976032,
                                                "Actual Loops": 1
                                            }
                                        ]
                                    },
                                    {
                                        "Node Type": "Hash",
                                        "Parent Relationship": "Inner",
                                        "Parallel Aware": true,
                                        "Startup Cost": 45479.21,
                                        "Total Cost": 45479.21,
                                        "Plan Rows": 39522,
                                        "Plan Width": 4,
                                        "Actual Startup Time": 87.749,
                                        "Actual Total Time": 87.75,
                                        "Actual Rows": 36864,
                                        "Actual Loops": 7,
                                        "Output": [
                                            "t.id"
                                        ],
                                        "Hash Buckets": 262144,
                                        "Original Hash Buckets": 262144,
                                        "Hash Batches": 1,
                                        "Original Hash Batches": 1,
                                        "Peak Memory Usage": 12256,
                                        "Workers": [
                                            {
                                                "Worker Number": 0,
                                                "Actual Startup Time": 85.907,
                                                "Actual Total Time": 85.909,
                                                "Actual Rows": 27057,
                                                "Actual Loops": 1
                                            },
                                            {
                                                "Worker Number": 1,
                                                "Actual Startup Time": 86.428,
                                                "Actual Total Time": 86.429,
                                                "Actual Rows": 38201,
                                                "Actual Loops": 1
                                            },
                                            {
                                                "Worker Number": 2,
                                                "Actual Startup Time": 87.553,
                                                "Actual Total Time": 87.554,
                                                "Actual Rows": 38748,
                                                "Actual Loops": 1
                                            },
                                            {
                                                "Worker Number": 3,
                                                "Actual Startup Time": 87.639,
                                                "Actual Total Time": 87.64,
                                                "Actual Rows": 27240,
                                                "Actual Loops": 1
                                            },
                                            {
                                                "Worker Number": 4,
                                                "Actual Startup Time": 87.965,
                                                "Actual Total Time": 87.966,
                                                "Actual Rows": 38904,
                                                "Actual Loops": 1
                                            },
                                            {
                                                "Worker Number": 5,
                                                "Actual Startup Time": 88.09,
                                                "Actual Total Time": 88.091,
                                                "Actual Rows": 39040,
                                                "Actual Loops": 1
                                            }
                                        ],
                                        "Plans": [
                                            {
                                                "Node Type": "Seq Scan",
                                                "Parent Relationship": "Outer",
                                                "Parallel Aware": true,
                                                "Relation Name": "title",
                                                "Schema": "public",
                                                "Alias": "t",
                                                "Startup Cost": 0.0,
                                                "Total Cost": 45479.21,
                                                "Plan Rows": 39522,
                                                "Plan Width": 4,
                                                "Actual Startup Time": 0.254,
                                                "Actual Total Time": 71.436,
                                                "Actual Rows": 36864,
                                                "Actual Loops": 7,
                                                "Output": [
                                                    "t.id"
                                                ],
                                                "Filter": "((t.kind_id < 7) AND (t.production_year < 1972))",
                                                "Rows Removed by Filter": 324323,
                                                "Workers": [
                                                    {
                                                        "Worker Number": 0,
                                                        "Actual Startup Time": 0.094,
                                                        "Actual Total Time": 70.054,
                                                        "Actual Rows": 27057,
                                                        "Actual Loops": 1
                                                    },
                                                    {
                                                        "Worker Number": 1,
                                                        "Actual Startup Time": 0.528,
                                                        "Actual Total Time": 70.354,
                                                        "Actual Rows": 38201,
                                                        "Actual Loops": 1
                                                    },
                                                    {
                                                        "Worker Number": 2,
                                                        "Actual Startup Time": 0.153,
                                                        "Actual Total Time": 71.451,
                                                        "Actual Rows": 38748,
                                                        "Actual Loops": 1
                                                    },
                                                    {
                                                        "Worker Number": 3,
                                                        "Actual Startup Time": 0.58,
                                                        "Actual Total Time": 72.034,
                                                        "Actual Rows": 27240,
                                                        "Actual Loops": 1
                                                    },
                                                    {
                                                        "Worker Number": 4,
                                                        "Actual Startup Time": 0.183,
                                                        "Actual Total Time": 72.197,
                                                        "Actual Rows": 38904,
                                                        "Actual Loops": 1
                                                    },
                                                    {
                                                        "Worker Number": 5,
                                                        "Actual Startup Time": 0.105,
                                                        "Actual Total Time": 72.317,
                                                        "Actual Rows": 39040,
                                                        "Actual Loops": 1
                                                    }
                                                ]
                                            }
                                        ]
                                    }
                                ]
                            }
                        ]
                    }
                ]
            }
        ]
    },
    "Planning Time": 0.681,
    "Triggers": [],
    "Execution Time": 1249.05
}