[
  {
    "Plan": {
      "Node Type": "Aggregate",
      "Strategy": "Plain",
      "Partial Mode": "Finalize",
      "Parallel Aware": false,
      "Startup Cost": 50710.75,
      "Total Cost": 50710.76,
      "Plan Rows": 1,
      "Plan Width": 8,
      "Actual Startup Time": 46.188,
      "Actual Total Time": 52.373,
      "Actual Rows": 1,
      "Actual Loops": 1,
      "Plans": [
        {
          "Node Type": "Gather",
          "Parent Relationship": "Outer",
          "Parallel Aware": false,
          "Startup Cost": 50710.53,
          "Total Cost": 50710.74,
          "Plan Rows": 2,
          "Plan Width": 8,
          "Actual Startup Time": 45.992,
          "Actual Total Time": 52.366,
          "Actual Rows": 3,
          "Actual Loops": 1,
          "Workers Planned": 2,
          "Workers Launched": 2,
          "Single Copy": false,
          "Plans": [
            {
              "Node Type": "Aggregate",
              "Strategy": "Plain",
              "Partial Mode": "Partial",
              "Parent Relationship": "Outer",
              "Parallel Aware": false,
              "Startup Cost": 49710.53,
              "Total Cost": 49710.54,
              "Plan Rows": 1,
              "Plan Width": 8,
              "Actual Startup Time": 37.861,
              "Actual Total Time": 37.862,
              "Actual Rows": 1,
              "Actual Loops": 3,
              "Plans": [
                {
                  "Node Type": "Nested Loop",
                  "Parent Relationship": "Outer",
                  "Parallel Aware": false,
                  "Join Type": "Inner",
                  "Startup Cost": 239.34,
                  "Total Cost": 49707.48,
                  "Plan Rows": 1220,
                  "Plan Width": 0,
                  "Actual Startup Time": 34.609,
                  "Actual Total Time": 37.853,
                  "Actual Rows": 26,
                  "Actual Loops": 3,
                  "Inner Unique": true,
                  "Plans": [
                    {
                      "Node Type": "Bitmap Heap Scan",
                      "Parent Relationship": "Outer",
                      "Parallel Aware": true,
                      "Relation Name": "movie_keyword",
                      "Alias": "mk",
                      "Startup Cost": 238.91,
                      "Total Cost": 20025.84,
                      "Plan Rows": 4650,
                      "Plan Width": 4,
                      "Actual Startup Time": 1.716,
                      "Actual Total Time": 7.008,
                      "Actual Rows": 3020,
                      "Actual Loops": 3,
                      "Recheck Cond": "(keyword_id = 47)",
                      "Rows Removed by Index Recheck": 0,
                      "Exact Heap Blocks": 1581,
                      "Lossy Heap Blocks": 0,
                      "Plans": [
                        {
                          "Node Type": "Bitmap Index Scan",
                          "Parent Relationship": "Outer",
                          "Parallel Aware": false,
                          "Index Name": "keyword_id_movie_keyword",
                          "Startup Cost": 0.0,
                          "Total Cost": 236.12,
                          "Plan Rows": 11159,
                          "Plan Width": 0,
                          "Actual Startup Time": 3.766,
                          "Actual Total Time": 3.767,
                          "Actual Rows": 9060,
                          "Actual Loops": 1,
                          "Index Cond": "(keyword_id = 47)"
                        }
                      ]
                    },
                    {
                      "Node Type": "Index Scan",
                      "Parent Relationship": "Inner",
                      "Parallel Aware": false,
                      "Scan Direction": "Forward",
                      "Index Name": "title_pkey",
                      "Relation Name": "title",
                      "Alias": "t",
                      "Startup Cost": 0.43,
                      "Total Cost": 6.38,
                      "Plan Rows": 1,
                      "Plan Width": 4,
                      "Actual Startup Time": 0.01,
                      "Actual Total Time": 0.01,
                      "Actual Rows": 0,
                      "Actual Loops": 9060,
                      "Index Cond": "(id = mk.movie_id)",
                      "Rows Removed by Index Recheck": 0,
                      "Filter": "(kind_id = 1)",
                      "Rows Removed by Filter": 1
                    }
                  ]
                }
              ]
            }
          ]
        }
      ]
    },
    "Planning Time": 0.636,
    "Triggers": [],
    "Execution Time": 52.535
  }
]