[
  {
    "Plan": {
      "Node Type": "Aggregate",
      "Strategy": "Plain",
      "Partial Mode": "Finalize",
      "Parallel Aware": false,
      "Startup Cost": 62481.51,
      "Total Cost": 62481.52,
      "Plan Rows": 1,
      "Plan Width": 8,
      "Actual Startup Time": 224.88,
      "Actual Total Time": 240.245,
      "Actual Rows": 1,
      "Actual Loops": 1,
      "Plans": [
        {
          "Node Type": "Gather",
          "Parent Relationship": "Outer",
          "Parallel Aware": false,
          "Startup Cost": 62481.29,
          "Total Cost": 62481.5,
          "Plan Rows": 2,
          "Plan Width": 8,
          "Actual Startup Time": 223.768,
          "Actual Total Time": 240.237,
          "Actual Rows": 3,
          "Actual Loops": 1,
          "Workers Planned": 2,
          "Workers Launched": 2,
          "Single Copy": false,
          "Plans": [
            {
              "Node Type": "Aggregate",
              "Strategy": "Plain",
              "Partial Mode": "Partial",
              "Parent Relationship": "Outer",
              "Parallel Aware": false,
              "Startup Cost": 61481.29,
              "Total Cost": 61481.3,
              "Plan Rows": 1,
              "Plan Width": 8,
              "Actual Startup Time": 220.032,
              "Actual Total Time": 220.135,
              "Actual Rows": 1,
              "Actual Loops": 3,
              "Plans": [
                {
                  "Node Type": "Hash Join",
                  "Parent Relationship": "Outer",
                  "Parallel Aware": true,
                  "Join Type": "Inner",
                  "Startup Cost": 45833.49,
                  "Total Cost": 61459.81,
                  "Plan Rows": 8594,
                  "Plan Width": 0,
                  "Actual Startup Time": 174.733,
                  "Actual Total Time": 219.169,
                  "Actual Rows": 21419,
                  "Actual Loops": 3,
                  "Inner Unique": true,
                  "Hash Cond": "(mi_idx.movie_id = t.id)",
                  "Plans": [
                    {
                      "Node Type": "Seq Scan",
                      "Parent Relationship": "Outer",
                      "Parallel Aware": true,
                      "Relation Name": "movie_info_idx",
                      "Alias": "mi_idx",
                      "Startup Cost": 0.0,
                      "Total Cost": 15122.68,
                      "Plan Rows": 191863,
                      "Plan Width": 4,
                      "Actual Startup Time": 0.013,
                      "Actual Total Time": 40.998,
                      "Actual Rows": 153308,
                      "Actual Loops": 3,
                      "Filter": "(info_type_id = 100)",
                      "Rows Removed by Filter": 306703
                    },
                    {
                      "Node Type": "Hash",
                      "Parent Relationship": "Inner",
                      "Parallel Aware": true,
                      "Startup Cost": 45479.59,
                      "Total Cost": 45479.59,
                      "Plan Rows": 28312,
                      "Plan Width": 4,
                      "Actual Startup Time": 143.324,
                      "Actual Total Time": 143.324,
                      "Actual Rows": 84194,
                      "Actual Loops": 3,
                      "Hash Buckets": 262144,
                      "Original Hash Buckets": 131072,
                      "Hash Batches": 1,
                      "Original Hash Batches": 1,
                      "Peak Memory Usage": 13024,
                      "Plans": [
                        {
                          "Node Type": "Seq Scan",
                          "Parent Relationship": "Outer",
                          "Parallel Aware": true,
                          "Relation Name": "title",
                          "Alias": "t",
                          "Startup Cost": 0.0,
                          "Total Cost": 45479.59,
                          "Plan Rows": 28312,
                          "Plan Width": 4,
                          "Actual Startup Time": 65.863,
                          "Actual Total Time": 114.581,
                          "Actual Rows": 84194,
                          "Actual Loops": 3,
                          "Filter": "((kind_id < 2) AND (production_year < 1976))",
                          "Rows Removed by Filter": 758577
                        }
                      ]
                    }
                  ]
                }
              ]
            }
          ]
        }
      ]
    },
    "Planning Time": 0.625,
    "Triggers": [],
    "Execution Time": 240.316
  }
]