[
  {
    "Plan": {
      "Node Type": "Aggregate",
      "Strategy": "Plain",
      "Partial Mode": "Finalize",
      "Parallel Aware": false,
      "Startup Cost": 343989.71,
      "Total Cost": 343989.72,
      "Plan Rows": 1,
      "Plan Width": 8,
      "Actual Startup Time": 949.098,
      "Actual Total Time": 1000.486,
      "Actual Rows": 1,
      "Actual Loops": 1,
      "Plans": [
        {
          "Node Type": "Gather",
          "Parent Relationship": "Outer",
          "Parallel Aware": false,
          "Startup Cost": 343989.09,
          "Total Cost": 343989.7,
          "Plan Rows": 6,
          "Plan Width": 8,
          "Actual Startup Time": 948.791,
          "Actual Total Time": 1000.472,
          "Actual Rows": 7,
          "Actual Loops": 1,
          "Workers Planned": 6,
          "Workers Launched": 6,
          "Single Copy": false,
          "Plans": [
            {
              "Node Type": "Aggregate",
              "Strategy": "Plain",
              "Partial Mode": "Partial",
              "Parent Relationship": "Outer",
              "Parallel Aware": false,
              "Startup Cost": 342989.09,
              "Total Cost": 342989.1,
              "Plan Rows": 1,
              "Plan Width": 8,
              "Actual Startup Time": 942.669,
              "Actual Total Time": 942.671,
              "Actual Rows": 1,
              "Actual Loops": 7,
              "Plans": [
                {
                  "Node Type": "Seq Scan",
                  "Parent Relationship": "Outer",
                  "Parallel Aware": true,
                  "Relation Name": "cast_info",
                  "Alias": "ci",
                  "Startup Cost": 0.0,
                  "Total Cost": 328211.39,
                  "Plan Rows": 5911079,
                  "Plan Width": 0,
                  "Actual Startup Time": 0.039,
                  "Actual Total Time": 690.606,
                  "Actual Rows": 5072470,
                  "Actual Loops": 7,
                  "Filter": "(person_id < 3920731)",
                  "Rows Removed by Filter": 105293
                }
              ]
            }
          ]
        }
      ]
    },
    "Planning Time": 0.076,
    "Triggers": [],
    "Execution Time": 1000.523
  }
]