{
  "Plan": {
    "Node Type": "Aggregate",
    "Strategy": "Plain",
    "Partial Mode": "Finalize",
    "Parallel Aware": false,
    "Startup Cost": 170072.92,
    "Total Cost": 170072.93,
    "Plan Rows": 1,
    "Plan Width": 8,
    "Actual Startup Time": 1495.439,
    "Actual Total Time": 1522.909,
    "Actual Rows": 1,
    "Actual Loops": 1,
    "Plans": [
      {
        "Node Type": "Gather",
        "Parent Relationship": "Outer",
        "Parallel Aware": false,
        "Startup Cost": 170072.8,
        "Total Cost": 170072.91,
        "Plan Rows": 1,
        "Plan Width": 8,
        "Actual Startup Time": 1488.257,
        "Actual Total Time": 1522.899,
        "Actual Rows": 2,
        "Actual Loops": 1,
        "Workers Planned": 1,
        "Workers Launched": 1,
        "Single Copy": false,
        "Plans": [
          {
            "Node Type": "Aggregate",
            "Strategy": "Plain",
            "Partial Mode": "Partial",
            "Parent Relationship": "Outer",
            "Parallel Aware": false,
            "Startup Cost": 169072.8,
            "Total Cost": 169072.81,
            "Plan Rows": 1,
            "Plan Width": 8,
            "Actual Startup Time": 1482.28,
            "Actual Total Time": 1482.604,
            "Actual Rows": 1,
            "Actual Loops": 2,
            "Plans": [
              {
                "Node Type": "Hash Join",
                "Parent Relationship": "Outer",
                "Parallel Aware": true,
                "Join Type": "Inner",
                "Startup Cost": 124962.27,
                "Total Cost": 167815.02,
                "Plan Rows": 503115,
                "Plan Width": 0,
                "Actual Startup Time": 857.788,
                "Actual Total Time": 1350.253,
                "Actual Rows": 3278628,
                "Actual Loops": 2,
                "Inner Unique": false,
                "Hash Cond": "(mc.movie_id = t.id)",
                "Plans": [
                  {
                    "Node Type": "Seq Scan",
                    "Parent Relationship": "Outer",
                    "Parallel Aware": true,
                    "Relation Name": "movie_companies",
                    "Alias": "mc",
                    "Startup Cost": 0.0,
                    "Total Cost": 34137.82,
                    "Plan Rows": 1534782,
                    "Plan Width": 4,
                    "Actual Startup Time": 0.016,
                    "Actual Total Time": 96.734,
                    "Actual Rows": 1304564,
                    "Actual Loops": 2
                  },
                  {
                    "Node Type": "Hash",
                    "Parent Relationship": "Inner",
                    "Parallel Aware": true,
                    "Startup Cost": 118868.17,
                    "Total Cost": 118868.17,
                    "Plan Rows": 487528,
                    "Plan Width": 8,
                    "Actual Startup Time": 842.247,
                    "Actual Total Time": 842.569,
                    "Actual Rows": 406374,
                    "Actual Loops": 2,
                    "Hash Buckets": 1048576,
                    "Original Hash Buckets": 1048576,
                    "Hash Batches": 1,
                    "Original Hash Batches": 1,
                    "Peak Memory Usage": 40032,
                    "Plans": [
                      {
                        "Node Type": "Hash Join",
                        "Parent Relationship": "Outer",
                        "Parallel Aware": true,
                        "Join Type": "Inner",
                        "Startup Cost": 87040.31,
                        "Total Cost": 118868.17,
                        "Plan Rows": 487528,
                        "Plan Width": 8,
                        "Actual Startup Time": 569.657,
                        "Actual Total Time": 755.563,
                        "Actual Rows": 406374,
                        "Actual Loops": 2,
                        "Inner Unique": true,
                        "Hash Cond": "(mk.movie_id = t.id)",
                        "Plans": [
                          {
                            "Node Type": "Bitmap Heap Scan",
                            "Parent Relationship": "Outer",
                            "Parallel Aware": true,
                            "Relation Name": "movie_keyword",
                            "Alias": "mk",
                            "Startup Cost": 17579.61,
                            "Total Cost": 48127.7,
                            "Plan Rows": 487528,
                            "Plan Width": 4,
                            "Actual Startup Time": 47.286,
                            "Actual Total Time": 130.585,
                            "Actual Rows": 406374,
                            "Actual Loops": 2,
                            "Recheck Cond": "(keyword_id > 22549)",
                            "Rows Removed by Index Recheck": 0,
                            "Exact Heap Blocks": 12800,
                            "Lossy Heap Blocks": 0,
                            "Plans": [
                              {
                                "Node Type": "Bitmap Index Scan",
                                "Parent Relationship": "Outer",
                                "Parallel Aware": false,
                                "Index Name": "keyword_id_movie_keyword",
                                "Startup Cost": 0.0,
                                "Total Cost": 17372.41,
                                "Plan Rows": 828797,
                                "Plan Width": 0,
                                "Actual Startup Time": 43.757,
                                "Actual Total Time": 43.757,
                                "Actual Rows": 812748,
                                "Actual Loops": 1,
                                "Index Cond": "(keyword_id > 22549)"
                              }
                            ]
                          },
                          {
                            "Node Type": "Hash",
                            "Parent Relationship": "Inner",
                            "Parallel Aware": true,
                            "Startup Cost": 50870.31,
                            "Total Cost": 50870.31,
                            "Plan Rows": 1487231,
                            "Plan Width": 4,
                            "Actual Startup Time": 506.581,
                            "Actual Total Time": 506.582,
                            "Actual Rows": 1264156,
                            "Actual Loops": 2,
                            "Hash Buckets": 4194304,
                            "Original Hash Buckets": 4194304,
                            "Hash Batches": 1,
                            "Original Hash Batches": 1,
                            "Peak Memory Usage": 131712,
                            "Plans": [
                              {
                                "Node Type": "Seq Scan",
                                "Parent Relationship": "Outer",
                                "Parallel Aware": true,
                                "Relation Name": "title",
                                "Alias": "t",
                                "Startup Cost": 0.0,
                                "Total Cost": 50870.31,
                                "Plan Rows": 1487231,
                                "Plan Width": 4,
                                "Actual Startup Time": 0.035,
                                "Actual Total Time": 153.458,
                                "Actual Rows": 1264156,
                                "Actual Loops": 2
                              }
                            ]
                          }
                        ]
                      }
                    ]
                  }
                ]
              }
            ]
          }
        ]
      }
    ]
  },
  "Planning Time": 1.103,
  "Triggers": [],
  "Execution Time": 1523.044
}