[
  {
    "Plan": {
      "Node Type": "Aggregate",
      "Strategy": "Plain",
      "Partial Mode": "Finalize",
      "Parallel Aware": false,
      "Startup Cost": 249628.22,
      "Total Cost": 249628.23,
      "Plan Rows": 1,
      "Plan Width": 8,
      "Actual Startup Time": 1162.741,
      "Actual Total Time": 1209.666,
      "Actual Rows": 1,
      "Actual Loops": 1,
      "Plans": [
        {
          "Node Type": "Gather",
          "Parent Relationship": "Outer",
          "Parallel Aware": false,
          "Startup Cost": 249627.7,
          "Total Cost": 249628.21,
          "Plan Rows": 5,
          "Plan Width": 8,
          "Actual Startup Time": 1157.192,
          "Actual Total Time": 1209.65,
          "Actual Rows": 6,
          "Actual Loops": 1,
          "Workers Planned": 5,
          "Workers Launched": 5,
          "Single Copy": false,
          "Plans": [
            {
              "Node Type": "Aggregate",
              "Strategy": "Plain",
              "Partial Mode": "Partial",
              "Parent Relationship": "Outer",
              "Parallel Aware": false,
              "Startup Cost": 248627.7,
              "Total Cost": 248627.71,
              "Plan Rows": 1,
              "Plan Width": 8,
              "Actual Startup Time": 1149.173,
              "Actual Total Time": 1149.177,
              "Actual Rows": 1,
              "Actual Loops": 6,
              "Plans": [
                {
                  "Node Type": "Hash Join",
                  "Parent Relationship": "Outer",
                  "Parallel Aware": true,
                  "Join Type": "Inner",
                  "Startup Cost": 47371.19,
                  "Total Cost": 246850.59,
                  "Plan Rows": 710842,
                  "Plan Width": 0,
                  "Actual Startup Time": 147.494,
                  "Actual Total Time": 1081.941,
                  "Actual Rows": 1287347,
                  "Actual Loops": 6,
                  "Inner Unique": true,
                  "Hash Cond": "(mi.movie_id = t.id)",
                  "Plans": [
                    {
                      "Node Type": "Seq Scan",
                      "Parent Relationship": "Outer",
                      "Parallel Aware": true,
                      "Relation Name": "movie_info",
                      "Alias": "mi",
                      "Startup Cost": 0.0,
                      "Total Cost": 191685.19,
                      "Plan Rows": 2969219,
                      "Plan Width": 4,
                      "Actual Startup Time": 0.033,
                      "Actual Total Time": 328.009,
                      "Actual Rows": 2472620,
                      "Actual Loops": 6
                    },
                    {
                      "Node Type": "Hash",
                      "Parent Relationship": "Inner",
                      "Parallel Aware": true,
                      "Startup Cost": 45479.59,
                      "Total Cost": 45479.59,
                      "Plan Rows": 151328,
                      "Plan Width": 4,
                      "Actual Startup Time": 143.259,
                      "Actual Total Time": 143.26,
                      "Actual Rows": 112615,
                      "Actual Loops": 6,
                      "Hash Buckets": 1048576,
                      "Original Hash Buckets": 1048576,
                      "Hash Batches": 1,
                      "Original Hash Batches": 1,
                      "Peak Memory Usage": 34752,
                      "Plans": [
                        {
                          "Node Type": "Seq Scan",
                          "Parent Relationship": "Outer",
                          "Parallel Aware": true,
                          "Relation Name": "title",
                          "Alias": "t",
                          "Startup Cost": 0.0,
                          "Total Cost": 45479.59,
                          "Plan Rows": 151328,
                          "Plan Width": 4,
                          "Actual Startup Time": 0.055,
                          "Actual Total Time": 88.572,
                          "Actual Rows": 112615,
                          "Actual Loops": 6,
                          "Filter": "((kind_id < 7) AND (production_year < 2007))",
                          "Rows Removed by Filter": 308770
                        }
                      ]
                    }
                  ]
                }
              ]
            }
          ]
        }
      ]
    },
    "Planning Time": 0.331,
    "Triggers": [],
    "Execution Time": 1209.724
  }
]