[
  {
    "Plan": {
      "Node Type": "Aggregate",
      "Strategy": "Plain",
      "Partial Mode": "Finalize",
      "Parallel Aware": false,
      "Startup Cost": 47304.34,
      "Total Cost": 47304.35,
      "Plan Rows": 1,
      "Plan Width": 8,
      "Actual Startup Time": 166.241,
      "Actual Total Time": 176.529,
      "Actual Rows": 1,
      "Actual Loops": 1,
      "Plans": [
        {
          "Node Type": "Gather",
          "Parent Relationship": "Outer",
          "Parallel Aware": false,
          "Startup Cost": 47304.02,
          "Total Cost": 47304.33,
          "Plan Rows": 3,
          "Plan Width": 8,
          "Actual Startup Time": 166.087,
          "Actual Total Time": 176.521,
          "Actual Rows": 4,
          "Actual Loops": 1,
          "Workers Planned": 3,
          "Workers Launched": 3,
          "Single Copy": false,
          "Plans": [
            {
              "Node Type": "Aggregate",
              "Strategy": "Plain",
              "Partial Mode": "Partial",
              "Parent Relationship": "Outer",
              "Parallel Aware": false,
              "Startup Cost": 46304.02,
              "Total Cost": 46304.03,
              "Plan Rows": 1,
              "Plan Width": 8,
              "Actual Startup Time": 162.498,
              "Actual Total Time": 162.5,
              "Actual Rows": 1,
              "Actual Loops": 4,
              "Plans": [
                {
                  "Node Type": "Seq Scan",
                  "Parent Relationship": "Outer",
                  "Parallel Aware": true,
                  "Relation Name": "movie_keyword",
                  "Alias": "mk",
                  "Startup Cost": 0.0,
                  "Total Cost": 42695.65,
                  "Plan Rows": 1443346,
                  "Plan Width": 0,
                  "Actual Startup Time": 0.03,
                  "Actual Total Time": 115.983,
                  "Actual Rows": 1118570,
                  "Actual Loops": 4,
                  "Filter": "(keyword_id < 99739)",
                  "Rows Removed by Filter": 12412
                }
              ]
            }
          ]
        }
      ]
    },
    "Planning Time": 0.137,
    "Triggers": [],
    "Execution Time": 176.561
  }
]