[
  {
    "Plan": {
      "Node Type": "Aggregate",
      "Strategy": "Plain",
      "Partial Mode": "Finalize",
      "Parallel Aware": false,
      "Startup Cost": 350195.31,
      "Total Cost": 350195.32,
      "Plan Rows": 1,
      "Plan Width": 8,
      "Actual Startup Time": 748.623,
      "Actual Total Time": 810.008,
      "Actual Rows": 1,
      "Actual Loops": 1,
      "Plans": [
        {
          "Node Type": "Gather",
          "Parent Relationship": "Outer",
          "Parallel Aware": false,
          "Startup Cost": 350194.69,
          "Total Cost": 350195.3,
          "Plan Rows": 6,
          "Plan Width": 8,
          "Actual Startup Time": 748.489,
          "Actual Total Time": 809.997,
          "Actual Rows": 7,
          "Actual Loops": 1,
          "Workers Planned": 6,
          "Workers Launched": 6,
          "Single Copy": false,
          "Plans": [
            {
              "Node Type": "Aggregate",
              "Strategy": "Plain",
              "Partial Mode": "Partial",
              "Parent Relationship": "Outer",
              "Parallel Aware": false,
              "Startup Cost": 349194.69,
              "Total Cost": 349194.7,
              "Plan Rows": 1,
              "Plan Width": 8,
              "Actual Startup Time": 739.792,
              "Actual Total Time": 739.793,
              "Actual Rows": 1,
              "Actual Loops": 7,
              "Plans": [
                {
                  "Node Type": "Seq Scan",
                  "Parent Relationship": "Outer",
                  "Parallel Aware": true,
                  "Relation Name": "cast_info",
                  "Alias": "ci",
                  "Startup Cost": 0.0,
                  "Total Cost": 343257.03,
                  "Plan Rows": 2375064,
                  "Plan Width": 0,
                  "Actual Startup Time": 0.045,
                  "Actual Total Time": 644.847,
                  "Actual Rows": 2237686,
                  "Actual Loops": 7,
                  "Filter": "((person_id < 1621128) AND (role_id < 10))",
                  "Rows Removed by Filter": 2940077
                }
              ]
            }
          ]
        }
      ]
    },
    "Planning Time": 0.22,
    "Triggers": [],
    "Execution Time": 810.082
  }
]