[
  {
    "Plan": {
      "Node Type": "Aggregate",
      "Strategy": "Plain",
      "Partial Mode": "Finalize",
      "Parallel Aware": false,
      "Startup Cost": 327920.81,
      "Total Cost": 327920.82,
      "Plan Rows": 1,
      "Plan Width": 8,
      "Actual Startup Time": 264.355,
      "Actual Total Time": 305.074,
      "Actual Rows": 1,
      "Actual Loops": 1,
      "Plans": [
        {
          "Node Type": "Gather",
          "Parent Relationship": "Outer",
          "Parallel Aware": false,
          "Startup Cost": 327920.39,
          "Total Cost": 327920.8,
          "Plan Rows": 4,
          "Plan Width": 8,
          "Actual Startup Time": 264.045,
          "Actual Total Time": 305.058,
          "Actual Rows": 5,
          "Actual Loops": 1,
          "Workers Planned": 4,
          "Workers Launched": 4,
          "Single Copy": false,
          "Plans": [
            {
              "Node Type": "Aggregate",
              "Strategy": "Plain",
              "Partial Mode": "Partial",
              "Parent Relationship": "Outer",
              "Parallel Aware": false,
              "Startup Cost": 326920.39,
              "Total Cost": 326920.4,
              "Plan Rows": 1,
              "Plan Width": 8,
              "Actual Startup Time": 256.748,
              "Actual Total Time": 256.753,
              "Actual Rows": 1,
              "Actual Loops": 5,
              "Plans": [
                {
                  "Node Type": "Nested Loop",
                  "Parent Relationship": "Outer",
                  "Parallel Aware": false,
                  "Join Type": "Inner",
                  "Startup Cost": 0.56,
                  "Total Cost": 326830.56,
                  "Plan Rows": 35932,
                  "Plan Width": 0,
                  "Actual Startup Time": 64.132,
                  "Actual Total Time": 255.484,
                  "Actual Rows": 10044,
                  "Actual Loops": 5,
                  "Inner Unique": false,
                  "Plans": [
                    {
                      "Node Type": "Seq Scan",
                      "Parent Relationship": "Outer",
                      "Parallel Aware": true,
                      "Relation Name": "title",
                      "Alias": "t",
                      "Startup Cost": 0.0,
                      "Total Cost": 45479.59,
                      "Plan Rows": 5610,
                      "Plan Width": 4,
                      "Actual Startup Time": 63.8,
                      "Actual Total Time": 98.31,
                      "Actual Rows": 11969,
                      "Actual Loops": 5,
                      "Filter": "((kind_id < 7) AND (production_year < 1915))",
                      "Rows Removed by Filter": 493693
                    },
                    {
                      "Node Type": "Index Scan",
                      "Parent Relationship": "Inner",
                      "Parallel Aware": false,
                      "Scan Direction": "Forward",
                      "Index Name": "movie_id_cast_info",
                      "Relation Name": "cast_info",
                      "Alias": "ci",
                      "Startup Cost": 0.56,
                      "Total Cost": 49.99,
                      "Plan Rows": 16,
                      "Plan Width": 4,
                      "Actual Startup Time": 0.011,
                      "Actual Total Time": 0.013,
                      "Actual Rows": 1,
                      "Actual Loops": 59846,
                      "Index Cond": "(movie_id = t.id)",
                      "Rows Removed by Index Recheck": 0,
                      "Filter": "(person_id > 2041595)",
                      "Rows Removed by Filter": 2
                    }
                  ]
                }
              ]
            }
          ]
        }
      ]
    },
    "Planning Time": 0.464,
    "Triggers": [],
    "Execution Time": 305.151
  }
]