[
  {
    "Plan": {
      "Node Type": "Aggregate",
      "Strategy": "Plain",
      "Partial Mode": "Finalize",
      "Parallel Aware": false,
      "Startup Cost": 587455.0,
      "Total Cost": 587455.01,
      "Plan Rows": 1,
      "Plan Width": 8,
      "Actual Startup Time": 1943.194,
      "Actual Total Time": 2009.068,
      "Actual Rows": 1,
      "Actual Loops": 1,
      "Plans": [
        {
          "Node Type": "Gather",
          "Parent Relationship": "Outer",
          "Parallel Aware": false,
          "Startup Cost": 587454.37,
          "Total Cost": 587454.98,
          "Plan Rows": 6,
          "Plan Width": 8,
          "Actual Startup Time": 1929.83,
          "Actual Total Time": 2009.053,
          "Actual Rows": 7,
          "Actual Loops": 1,
          "Workers Planned": 6,
          "Workers Launched": 6,
          "Single Copy": false,
          "Plans": [
            {
              "Node Type": "Aggregate",
              "Strategy": "Plain",
              "Partial Mode": "Partial",
              "Parent Relationship": "Outer",
              "Parallel Aware": false,
              "Startup Cost": 586454.37,
              "Total Cost": 586454.38,
              "Plan Rows": 1,
              "Plan Width": 8,
              "Actual Startup Time": 1918.369,
              "Actual Total Time": 1918.468,
              "Actual Rows": 1,
              "Actual Loops": 7,
              "Plans": [
                {
                  "Node Type": "Hash Join",
                  "Parent Relationship": "Outer",
                  "Parallel Aware": true,
                  "Join Type": "Inner",
                  "Startup Cost": 241519.59,
                  "Total Cost": 581329.22,
                  "Plan Rows": 2050059,
                  "Plan Width": 0,
                  "Actual Startup Time": 387.232,
                  "Actual Total Time": 1828.969,
                  "Actual Rows": 1970887,
                  "Actual Loops": 7,
                  "Inner Unique": false,
                  "Hash Cond": "(ci.movie_id = t.id)",
                  "Plans": [
                    {
                      "Node Type": "Seq Scan",
                      "Parent Relationship": "Outer",
                      "Parallel Aware": true,
                      "Relation Name": "cast_info",
                      "Alias": "ci",
                      "Startup Cost": 0.0,
                      "Total Cost": 313067.02,
                      "Plan Rows": 6038002,
                      "Plan Width": 4,
                      "Actual Startup Time": 0.046,
                      "Actual Total Time": 547.64,
                      "Actual Rows": 5177763,
                      "Actual Loops": 7
                    },
                    {
                      "Node Type": "Hash",
                      "Parent Relationship": "Inner",
                      "Parallel Aware": true,
                      "Startup Cost": 239373.54,
                      "Total Cost": 239373.54,
                      "Plan Rows": 171684,
                      "Plan Width": 8,
                      "Actual Startup Time": 383.868,
                      "Actual Total Time": 383.966,
                      "Actual Rows": 45881,
                      "Actual Loops": 7,
                      "Hash Buckets": 1048576,
                      "Original Hash Buckets": 1048576,
                      "Hash Batches": 1,
                      "Original Hash Batches": 1,
                      "Peak Memory Usage": 20832,
                      "Plans": [
                        {
                          "Node Type": "Hash Join",
                          "Parent Relationship": "Outer",
                          "Parallel Aware": true,
                          "Join Type": "Inner",
                          "Startup Cost": 73310.96,
                          "Total Cost": 239373.54,
                          "Plan Rows": 171684,
                          "Plan Width": 8,
                          "Actual Startup Time": 267.581,
                          "Actual Total Time": 358.598,
                          "Actual Rows": 45881,
                          "Actual Loops": 7,
                          "Inner Unique": true,
                          "Hash Cond": "(mi.movie_id = t.id)",
                          "Plans": [
                            {
                              "Node Type": "Bitmap Heap Scan",
                              "Parent Relationship": "Outer",
                              "Parallel Aware": true,
                              "Relation Name": "movie_info",
                              "Alias": "mi",
                              "Startup Cost": 24370.61,
                              "Total Cost": 189726.89,
                              "Plan Rows": 269063,
                              "Plan Width": 4,
                              "Actual Startup Time": 66.268,
                              "Actual Total Time": 102.028,
                              "Actual Rows": 200272,
                              "Actual Loops": 7,
                              "Recheck Cond": "(info_type_id = 7)",
                              "Rows Removed by Index Recheck": 0,
                              "Exact Heap Blocks": 1545,
                              "Lossy Heap Blocks": 0,
                              "Plans": [
                                {
                                  "Node Type": "Bitmap Index Scan",
                                  "Parent Relationship": "Outer",
                                  "Parallel Aware": false,
                                  "Index Name": "info_type_id_movie_info",
                                  "Startup Cost": 0.0,
                                  "Total Cost": 24034.28,
                                  "Plan Rows": 1345313,
                                  "Plan Width": 0,
                                  "Actual Startup Time": 63.583,
                                  "Actual Total Time": 63.584,
                                  "Actual Rows": 1401902,
                                  "Actual Loops": 1,
                                  "Index Cond": "(info_type_id = 7)"
                                }
                              ]
                            },
                            {
                              "Node Type": "Hash",
                              "Parent Relationship": "Inner",
                              "Parallel Aware": true,
                              "Startup Cost": 43898.92,
                              "Total Cost": 43898.92,
                              "Plan Rows": 403315,
                              "Plan Width": 4,
                              "Actual Startup Time": 198.17,
                              "Actual Total Time": 198.171,
                              "Actual Rows": 229582,
                              "Actual Loops": 7,
                              "Hash Buckets": 2097152,
                              "Original Hash Buckets": 2097152,
                              "Hash Batches": 1,
                              "Original Hash Batches": 1,
                              "Peak Memory Usage": 79328,
                              "Plans": [
                                {
                                  "Node Type": "Seq Scan",
                                  "Parent Relationship": "Outer",
                                  "Parallel Aware": true,
                                  "Relation Name": "title",
                                  "Alias": "t",
                                  "Startup Cost": 0.0,
                                  "Total Cost": 43898.92,
                                  "Plan Rows": 403315,
                                  "Plan Width": 4,
                                  "Actual Startup Time": 0.061,
                                  "Actual Total Time": 82.826,
                                  "Actual Rows": 229582,
                                  "Actual Loops": 7,
                                  "Filter": "(production_year > 1995)",
                                  "Rows Removed by Filter": 131605
                                }
                              ]
                            }
                          ]
                        }
                      ]
                    }
                  ]
                }
              ]
            }
          ]
        }
      ]
    },
    "Planning Time": 1.358,
    "Triggers": [],
    "Execution Time": 2009.194
  }
]