[
  {
    "Plan": {
      "Node Type": "Aggregate",
      "Strategy": "Plain",
      "Partial Mode": "Finalize",
      "Parallel Aware": false,
      "Startup Cost": 46493.61,
      "Total Cost": 46493.62,
      "Plan Rows": 1,
      "Plan Width": 8,
      "Actual Startup Time": 77.972,
      "Actual Total Time": 89.384,
      "Actual Rows": 1,
      "Actual Loops": 1,
      "Plans": [
        {
          "Node Type": "Gather",
          "Parent Relationship": "Outer",
          "Parallel Aware": false,
          "Startup Cost": 46493.19,
          "Total Cost": 46493.6,
          "Plan Rows": 4,
          "Plan Width": 8,
          "Actual Startup Time": 77.837,
          "Actual Total Time": 89.377,
          "Actual Rows": 5,
          "Actual Loops": 1,
          "Workers Planned": 4,
          "Workers Launched": 4,
          "Single Copy": false,
          "Plans": [
            {
              "Node Type": "Aggregate",
              "Strategy": "Plain",
              "Partial Mode": "Partial",
              "Parent Relationship": "Outer",
              "Parallel Aware": false,
              "Startup Cost": 45493.19,
              "Total Cost": 45493.2,
              "Plan Rows": 1,
              "Plan Width": 8,
              "Actual Startup Time": 72.984,
              "Actual Total Time": 72.985,
              "Actual Rows": 1,
              "Actual Loops": 5,
              "Plans": [
                {
                  "Node Type": "Seq Scan",
                  "Parent Relationship": "Outer",
                  "Parallel Aware": true,
                  "Relation Name": "title",
                  "Alias": "t",
                  "Startup Cost": 0.0,
                  "Total Cost": 45479.21,
                  "Plan Rows": 5594,
                  "Plan Width": 0,
                  "Actual Startup Time": 48.607,
                  "Actual Total Time": 72.777,
                  "Actual Rows": 2610,
                  "Actual Loops": 5,
                  "Filter": "((kind_id = 1) AND (production_year = 2004))",
                  "Rows Removed by Filter": 503052
                }
              ]
            }
          ]
        }
      ]
    },
    "Planning Time": 0.124,
    "Triggers": [],
    "Execution Time": 89.423
  }
]