{
  "Plan": {
    "Node Type": "Aggregate",
    "Strategy": "Plain",
    "Partial Mode": "Finalize",
    "Parallel Aware": false,
    "Startup Cost": 97149.62,
    "Total Cost": 97149.63,
    "Plan Rows": 1,
    "Plan Width": 8,
    "Actual Startup Time": 618.745,
    "Actual Total Time": 638.493,
    "Actual Rows": 1,
    "Actual Loops": 1,
    "Plans": [
      {
        "Node Type": "Gather",
        "Parent Relationship": "Outer",
        "Parallel Aware": false,
        "Startup Cost": 97149.5,
        "Total Cost": 97149.61,
        "Plan Rows": 1,
        "Plan Width": 8,
        "Actual Startup Time": 613.096,
        "Actual Total Time": 638.482,
        "Actual Rows": 2,
        "Actual Loops": 1,
        "Workers Planned": 1,
        "Workers Launched": 1,
        "Single Copy": false,
        "Plans": [
          {
            "Node Type": "Aggregate",
            "Strategy": "Plain",
            "Partial Mode": "Partial",
            "Parent Relationship": "Outer",
            "Parallel Aware": false,
            "Startup Cost": 96149.5,
            "Total Cost": 96149.51,
            "Plan Rows": 1,
            "Plan Width": 8,
            "Actual Startup Time": 602.029,
            "Actual Total Time": 602.035,
            "Actual Rows": 1,
            "Actual Loops": 2,
            "Plans": [
              {
                "Node Type": "Hash Join",
                "Parent Relationship": "Outer",
                "Parallel Aware": true,
                "Join Type": "Inner",
                "Startup Cost": 70101.99,
                "Total Cost": 96105.32,
                "Plan Rows": 17674,
                "Plan Width": 0,
                "Actual Startup Time": 579.998,
                "Actual Total Time": 601.287,
                "Actual Rows": 14670,
                "Actual Loops": 2,
                "Inner Unique": true,
                "Hash Cond": "(mk.movie_id = t.id)",
                "Plans": [
                  {
                    "Node Type": "Bitmap Heap Scan",
                    "Parent Relationship": "Outer",
                    "Parallel Aware": true,
                    "Relation Name": "movie_keyword",
                    "Alias": "mk",
                    "Startup Cost": 641.29,
                    "Total Cost": 26598.23,
                    "Plan Rows": 17674,
                    "Plan Width": 4,
                    "Actual Startup Time": 3.749,
                    "Actual Total Time": 19.032,
                    "Actual Rows": 14670,
                    "Actual Loops": 2,
                    "Recheck Cond": "(keyword_id > 110923)",
                    "Rows Removed by Index Recheck": 0,
                    "Exact Heap Blocks": 5001,
                    "Lossy Heap Blocks": 0,
                    "Plans": [
                      {
                        "Node Type": "Bitmap Index Scan",
                        "Parent Relationship": "Outer",
                        "Parallel Aware": false,
                        "Index Name": "keyword_id_movie_keyword",
                        "Startup Cost": 0.0,
                        "Total Cost": 633.78,
                        "Plan Rows": 30046,
                        "Plan Width": 0,
                        "Actual Startup Time": 2.483,
                        "Actual Total Time": 2.483,
                        "Actual Rows": 29340,
                        "Actual Loops": 1,
                        "Index Cond": "(keyword_id > 110923)"
                      }
                    ]
                  },
                  {
                    "Node Type": "Hash",
                    "Parent Relationship": "Inner",
                    "Parallel Aware": true,
                    "Startup Cost": 50870.31,
                    "Total Cost": 50870.31,
                    "Plan Rows": 1487231,
                    "Plan Width": 4,
                    "Actual Startup Time": 554.893,
                    "Actual Total Time": 554.894,
                    "Actual Rows": 1264156,
                    "Actual Loops": 2,
                    "Hash Buckets": 4194304,
                    "Original Hash Buckets": 4194304,
                    "Hash Batches": 1,
                    "Original Hash Batches": 1,
                    "Peak Memory Usage": 131712,
                    "Plans": [
                      {
                        "Node Type": "Seq Scan",
                        "Parent Relationship": "Outer",
                        "Parallel Aware": true,
                        "Relation Name": "title",
                        "Alias": "t",
                        "Startup Cost": 0.0,
                        "Total Cost": 50870.31,
                        "Plan Rows": 1487231,
                        "Plan Width": 4,
                        "Actual Startup Time": 0.024,
                        "Actual Total Time": 156.03,
                        "Actual Rows": 1264156,
                        "Actual Loops": 2
                      }
                    ]
                  }
                ]
              }
            ]
          }
        ]
      }
    ]
  },
  "Planning Time": 0.659,
  "Triggers": [],
  "Execution Time": 638.584
}