[
  {
    "Plan": {
      "Node Type": "Aggregate",
      "Strategy": "Plain",
      "Partial Mode": "Finalize",
      "Parallel Aware": false,
      "Startup Cost": 425033.05,
      "Total Cost": 425033.06,
      "Plan Rows": 1,
      "Plan Width": 8,
      "Actual Startup Time": 1348.444,
      "Actual Total Time": 1423.002,
      "Actual Rows": 1,
      "Actual Loops": 1,
      "Plans": [
        {
          "Node Type": "Gather",
          "Parent Relationship": "Outer",
          "Parallel Aware": false,
          "Startup Cost": 425032.73,
          "Total Cost": 425033.04,
          "Plan Rows": 3,
          "Plan Width": 8,
          "Actual Startup Time": 1346.675,
          "Actual Total Time": 1422.993,
          "Actual Rows": 4,
          "Actual Loops": 1,
          "Workers Planned": 3,
          "Workers Launched": 3,
          "Single Copy": false,
          "Plans": [
            {
              "Node Type": "Aggregate",
              "Strategy": "Plain",
              "Partial Mode": "Partial",
              "Parent Relationship": "Outer",
              "Parallel Aware": false,
              "Startup Cost": 424032.73,
              "Total Cost": 424032.74,
              "Plan Rows": 1,
              "Plan Width": 8,
              "Actual Startup Time": 1336.814,
              "Actual Total Time": 1336.817,
              "Actual Rows": 1,
              "Actual Loops": 4,
              "Plans": [
                {
                  "Node Type": "Nested Loop",
                  "Parent Relationship": "Outer",
                  "Parallel Aware": false,
                  "Join Type": "Inner",
                  "Startup Cost": 47723.16,
                  "Total Cost": 422529.06,
                  "Plan Rows": 601467,
                  "Plan Width": 0,
                  "Actual Startup Time": 180.996,
                  "Actual Total Time": 1299.623,
                  "Actual Rows": 821104,
                  "Actual Loops": 4,
                  "Inner Unique": false,
                  "Join Filter": "(t.id = ci.movie_id)",
                  "Rows Removed by Join Filter": 0,
                  "Plans": [
                    {
                      "Node Type": "Hash Join",
                      "Parent Relationship": "Outer",
                      "Parallel Aware": true,
                      "Join Type": "Inner",
                      "Startup Cost": 47722.6,
                      "Total Cost": 91557.59,
                      "Plan Rows": 123246,
                      "Plan Width": 8,
                      "Actual Startup Time": 180.783,
                      "Actual Total Time": 323.155,
                      "Actual Rows": 42743,
                      "Actual Loops": 4,
                      "Inner Unique": true,
                      "Hash Cond": "(mk.movie_id = t.id)",
                      "Plans": [
                        {
                          "Node Type": "Seq Scan",
                          "Parent Relationship": "Outer",
                          "Parallel Aware": true,
                          "Relation Name": "movie_keyword",
                          "Alias": "mk",
                          "Startup Cost": 0.0,
                          "Total Cost": 42695.65,
                          "Plan Rows": 434034,
                          "Plan Width": 4,
                          "Actual Startup Time": 0.818,
                          "Actual Total Time": 88.142,
                          "Actual Rows": 337663,
                          "Actual Loops": 4,
                          "Filter": "(keyword_id > 12530)",
                          "Rows Removed by Filter": 793319
                        },
                        {
                          "Node Type": "Hash",
                          "Parent Relationship": "Inner",
                          "Parallel Aware": true,
                          "Startup Cost": 45479.1,
                          "Total Cost": 45479.1,
                          "Plan Rows": 179480,
                          "Plan Width": 4,
                          "Actual Startup Time": 174.864,
                          "Actual Total Time": 174.865,
                          "Actual Rows": 190680,
                          "Actual Loops": 4,
                          "Hash Buckets": 1048576,
                          "Original Hash Buckets": 1048576,
                          "Hash Batches": 1,
                          "Original Hash Batches": 1,
                          "Peak Memory Usage": 38080,
                          "Plans": [
                            {
                              "Node Type": "Seq Scan",
                              "Parent Relationship": "Outer",
                              "Parallel Aware": true,
                              "Relation Name": "title",
                              "Alias": "t",
                              "Startup Cost": 0.0,
                              "Total Cost": 45479.1,
                              "Plan Rows": 179480,
                              "Plan Width": 4,
                              "Actual Startup Time": 0.037,
                              "Actual Total Time": 101.88,
                              "Actual Rows": 190680,
                              "Actual Loops": 4,
                              "Filter": "((kind_id > 2) AND (production_year > 2005))",
                              "Rows Removed by Filter": 441398
                            }
                          ]
                        }
                      ]
                    },
                    {
                      "Node Type": "Index Scan",
                      "Parent Relationship": "Inner",
                      "Parallel Aware": false,
                      "Scan Direction": "Forward",
                      "Index Name": "movie_id_cast_info",
                      "Relation Name": "cast_info",
                      "Alias": "ci",
                      "Startup Cost": 0.56,
                      "Total Cost": 2.54,
                      "Plan Rows": 12,
                      "Plan Width": 4,
                      "Actual Startup Time": 0.009,
                      "Actual Total Time": 0.021,
                      "Actual Rows": 19,
                      "Actual Loops": 170972,
                      "Index Cond": "(movie_id = mk.movie_id)",
                      "Rows Removed by Index Recheck": 0,
                      "Filter": "((person_id > 1728122) AND (role_id > 1))",
                      "Rows Removed by Filter": 16
                    }
                  ]
                }
              ]
            }
          ]
        }
      ]
    },
    "Planning Time": 1.415,
    "Triggers": [],
    "Execution Time": 1423.109
  }
]