[
  {
    "Plan": {
      "Node Type": "Aggregate",
      "Strategy": "Plain",
      "Partial Mode": "Finalize",
      "Parallel Aware": false,
      "Startup Cost": 33301.57,
      "Total Cost": 33301.58,
      "Plan Rows": 1,
      "Plan Width": 8,
      "Actual Startup Time": 98.832,
      "Actual Total Time": 106.964,
      "Actual Rows": 1,
      "Actual Loops": 1,
      "Plans": [
        {
          "Node Type": "Gather",
          "Parent Relationship": "Outer",
          "Parallel Aware": false,
          "Startup Cost": 33301.25,
          "Total Cost": 33301.56,
          "Plan Rows": 3,
          "Plan Width": 8,
          "Actual Startup Time": 98.688,
          "Actual Total Time": 106.953,
          "Actual Rows": 4,
          "Actual Loops": 1,
          "Workers Planned": 3,
          "Workers Launched": 3,
          "Single Copy": false,
          "Plans": [
            {
              "Node Type": "Aggregate",
              "Strategy": "Plain",
              "Partial Mode": "Partial",
              "Parent Relationship": "Outer",
              "Parallel Aware": false,
              "Startup Cost": 32301.25,
              "Total Cost": 32301.26,
              "Plan Rows": 1,
              "Plan Width": 8,
              "Actual Startup Time": 91.441,
              "Actual Total Time": 91.442,
              "Actual Rows": 1,
              "Actual Loops": 4,
              "Plans": [
                {
                  "Node Type": "Seq Scan",
                  "Parent Relationship": "Outer",
                  "Parallel Aware": true,
                  "Relation Name": "movie_companies",
                  "Alias": "mc",
                  "Startup Cost": 0.0,
                  "Total Cost": 31414.82,
                  "Plan Rows": 354572,
                  "Plan Width": 0,
                  "Actual Startup Time": 0.08,
                  "Actual Total Time": 78.385,
                  "Actual Rows": 249460,
                  "Actual Loops": 4,
                  "Filter": "((company_id > 176) AND (company_type_id = 1))",
                  "Rows Removed by Filter": 402822
                }
              ]
            }
          ]
        }
      ]
    },
    "Planning Time": 0.111,
    "Triggers": [],
    "Execution Time": 106.998
  }
]