[
  {
    "Plan": {
      "Node Type": "Aggregate",
      "Strategy": "Plain",
      "Partial Mode": "Finalize",
      "Parallel Aware": false,
      "Startup Cost": 46099.73,
      "Total Cost": 46099.74,
      "Plan Rows": 1,
      "Plan Width": 8,
      "Actual Startup Time": 168.746,
      "Actual Total Time": 177.373,
      "Actual Rows": 1,
      "Actual Loops": 1,
      "Plans": [
        {
          "Node Type": "Gather",
          "Parent Relationship": "Outer",
          "Parallel Aware": false,
          "Startup Cost": 46099.41,
          "Total Cost": 46099.72,
          "Plan Rows": 3,
          "Plan Width": 8,
          "Actual Startup Time": 168.346,
          "Actual Total Time": 177.35,
          "Actual Rows": 4,
          "Actual Loops": 1,
          "Workers Planned": 3,
          "Workers Launched": 3,
          "Single Copy": false,
          "Plans": [
            {
              "Node Type": "Aggregate",
              "Strategy": "Plain",
              "Partial Mode": "Partial",
              "Parent Relationship": "Outer",
              "Parallel Aware": false,
              "Startup Cost": 45099.41,
              "Total Cost": 45099.42,
              "Plan Rows": 1,
              "Plan Width": 8,
              "Actual Startup Time": 161.537,
              "Actual Total Time": 161.538,
              "Actual Rows": 1,
              "Actual Loops": 4,
              "Plans": [
                {
                  "Node Type": "Seq Scan",
                  "Parent Relationship": "Outer",
                  "Parallel Aware": true,
                  "Relation Name": "movie_keyword",
                  "Alias": "mk",
                  "Startup Cost": 0.0,
                  "Total Cost": 42695.65,
                  "Plan Rows": 961503,
                  "Plan Width": 0,
                  "Actual Startup Time": 0.045,
                  "Actual Total Time": 125.71,
                  "Actual Rows": 747601,
                  "Actual Loops": 4,
                  "Filter": "(keyword_id < 10419)",
                  "Rows Removed by Filter": 383381
                }
              ]
            }
          ]
        }
      ]
    },
    "Planning Time": 0.053,
    "Triggers": [],
    "Execution Time": 177.399
  }
]