[
  {
    "Plan": {
      "Node Type": "Aggregate",
      "Strategy": "Plain",
      "Partial Mode": "Finalize",
      "Parallel Aware": false,
      "Startup Cost": 46112.87,
      "Total Cost": 46112.88,
      "Plan Rows": 1,
      "Plan Width": 8,
      "Actual Startup Time": 192.941,
      "Actual Total Time": 200.251,
      "Actual Rows": 1,
      "Actual Loops": 1,
      "Plans": [
        {
          "Node Type": "Gather",
          "Parent Relationship": "Outer",
          "Parallel Aware": false,
          "Startup Cost": 46112.55,
          "Total Cost": 46112.86,
          "Plan Rows": 3,
          "Plan Width": 8,
          "Actual Startup Time": 192.831,
          "Actual Total Time": 200.243,
          "Actual Rows": 4,
          "Actual Loops": 1,
          "Workers Planned": 3,
          "Workers Launched": 3,
          "Single Copy": false,
          "Plans": [
            {
              "Node Type": "Aggregate",
              "Strategy": "Plain",
              "Partial Mode": "Partial",
              "Parent Relationship": "Outer",
              "Parallel Aware": false,
              "Startup Cost": 45112.55,
              "Total Cost": 45112.56,
              "Plan Rows": 1,
              "Plan Width": 8,
              "Actual Startup Time": 184.503,
              "Actual Total Time": 184.504,
              "Actual Rows": 1,
              "Actual Loops": 4,
              "Plans": [
                {
                  "Node Type": "Seq Scan",
                  "Parent Relationship": "Outer",
                  "Parallel Aware": true,
                  "Relation Name": "movie_keyword",
                  "Alias": "mk",
                  "Startup Cost": 0.0,
                  "Total Cost": 42695.65,
                  "Plan Rows": 966759,
                  "Plan Width": 0,
                  "Actual Startup Time": 0.059,
                  "Actual Total Time": 141.356,
                  "Actual Rows": 747601,
                  "Actual Loops": 4,
                  "Filter": "(keyword_id < 10419)",
                  "Rows Removed by Filter": 383381
                }
              ]
            }
          ]
        }
      ]
    },
    "Planning Time": 0.182,
    "Triggers": [],
    "Execution Time": 200.308
  }
]