[
  {
    "Plan": {
      "Node Type": "Aggregate",
      "Strategy": "Plain",
      "Partial Mode": "Finalize",
      "Parallel Aware": false,
      "Startup Cost": 32627.06,
      "Total Cost": 32627.07,
      "Plan Rows": 1,
      "Plan Width": 8,
      "Actual Startup Time": 87.904,
      "Actual Total Time": 95.362,
      "Actual Rows": 1,
      "Actual Loops": 1,
      "Plans": [
        {
          "Node Type": "Gather",
          "Parent Relationship": "Outer",
          "Parallel Aware": false,
          "Startup Cost": 32626.74,
          "Total Cost": 32627.05,
          "Plan Rows": 3,
          "Plan Width": 8,
          "Actual Startup Time": 87.761,
          "Actual Total Time": 95.354,
          "Actual Rows": 4,
          "Actual Loops": 1,
          "Workers Planned": 3,
          "Workers Launched": 3,
          "Single Copy": false,
          "Plans": [
            {
              "Node Type": "Aggregate",
              "Strategy": "Plain",
              "Partial Mode": "Partial",
              "Parent Relationship": "Outer",
              "Parallel Aware": false,
              "Startup Cost": 31626.74,
              "Total Cost": 31626.75,
              "Plan Rows": 1,
              "Plan Width": 8,
              "Actual Startup Time": 80.304,
              "Actual Total Time": 80.306,
              "Actual Rows": 1,
              "Actual Loops": 4,
              "Plans": [
                {
                  "Node Type": "Seq Scan",
                  "Parent Relationship": "Outer",
                  "Parallel Aware": true,
                  "Relation Name": "movie_companies",
                  "Alias": "mc",
                  "Startup Cost": 0.0,
                  "Total Cost": 31414.82,
                  "Plan Rows": 84768,
                  "Plan Width": 0,
                  "Actual Startup Time": 49.802,
                  "Actual Total Time": 78.681,
                  "Actual Rows": 34677,
                  "Actual Loops": 4,
                  "Filter": "((company_id < 475) AND (company_type_id = 2))",
                  "Rows Removed by Filter": 617605
                }
              ]
            }
          ]
        }
      ]
    },
    "Planning Time": 0.213,
    "Triggers": [],
    "Execution Time": 95.417
  }
]