{
  "Plan": {
    "Node Type": "Aggregate",
    "Strategy": "Plain",
    "Partial Mode": "Finalize",
    "Parallel Aware": false,
    "Startup Cost": 78687.78,
    "Total Cost": 78687.79,
    "Plan Rows": 1,
    "Plan Width": 8,
    "Actual Startup Time": 248.224,
    "Actual Total Time": 261.205,
    "Actual Rows": 1,
    "Actual Loops": 1,
    "Plans": [
      {
        "Node Type": "Gather",
        "Parent Relationship": "Outer",
        "Parallel Aware": false,
        "Startup Cost": 78687.67,
        "Total Cost": 78687.78,
        "Plan Rows": 1,
        "Plan Width": 8,
        "Actual Startup Time": 247.923,
        "Actual Total Time": 261.198,
        "Actual Rows": 2,
        "Actual Loops": 1,
        "Workers Planned": 1,
        "Workers Launched": 1,
        "Single Copy": false,
        "Plans": [
          {
            "Node Type": "Aggregate",
            "Strategy": "Plain",
            "Partial Mode": "Partial",
            "Parent Relationship": "Outer",
            "Parallel Aware": false,
            "Startup Cost": 77687.67,
            "Total Cost": 77687.68,
            "Plan Rows": 1,
            "Plan Width": 8,
            "Actual Startup Time": 244.442,
            "Actual Total Time": 244.444,
            "Actual Rows": 1,
            "Actual Loops": 2,
            "Plans": [
              {
                "Node Type": "Hash Join",
                "Parent Relationship": "Outer",
                "Parallel Aware": true,
                "Join Type": "Inner",
                "Startup Cost": 59386.03,
                "Total Cost": 77569.82,
                "Plan Rows": 47141,
                "Plan Width": 0,
                "Actual Startup Time": 145.044,
                "Actual Total Time": 244.145,
                "Actual Rows": 7258,
                "Actual Loops": 2,
                "Inner Unique": true,
                "Hash Cond": "(mi_idx.movie_id = t.id)",
                "Plans": [
                  {
                    "Node Type": "Seq Scan",
                    "Parent Relationship": "Outer",
                    "Parallel Aware": true,
                    "Relation Name": "movie_info_idx",
                    "Alias": "mi_idx",
                    "Startup Cost": 0.0,
                    "Total Cost": 16052.85,
                    "Plan Rows": 811785,
                    "Plan Width": 4,
                    "Actual Startup Time": 0.018,
                    "Actual Total Time": 46.873,
                    "Actual Rows": 690018,
                    "Actual Loops": 2
                  },
                  {
                    "Node Type": "Hash",
                    "Parent Relationship": "Inner",
                    "Parallel Aware": true,
                    "Startup Cost": 58306.47,
                    "Total Cost": 58306.47,
                    "Plan Rows": 86365,
                    "Plan Width": 4,
                    "Actual Startup Time": 141.69,
                    "Actual Total Time": 141.69,
                    "Actual Rows": 26713,
                    "Actual Loops": 2,
                    "Hash Buckets": 262144,
                    "Original Hash Buckets": 262144,
                    "Hash Batches": 1,
                    "Original Hash Batches": 1,
                    "Peak Memory Usage": 4192,
                    "Plans": [
                      {
                        "Node Type": "Seq Scan",
                        "Parent Relationship": "Outer",
                        "Parallel Aware": true,
                        "Relation Name": "title",
                        "Alias": "t",
                        "Startup Cost": 0.0,
                        "Total Cost": 58306.47,
                        "Plan Rows": 86365,
                        "Plan Width": 4,
                        "Actual Startup Time": 0.023,
                        "Actual Total Time": 132.969,
                        "Actual Rows": 26713,
                        "Actual Loops": 2,
                        "Filter": "((production_year < 1961) AND (kind_id = 7))",
                        "Rows Removed by Filter": 1237443
                      }
                    ]
                  }
                ]
              }
            ]
          }
        ]
      }
    ]
  },
  "Planning Time": 0.425,
  "Triggers": [],
  "Execution Time": 261.268
}