[
  {
    "Plan": {
      "Node Type": "Aggregate",
      "Strategy": "Plain",
      "Partial Mode": "Finalize",
      "Parallel Aware": false,
      "Startup Cost": 47287.98,
      "Total Cost": 47287.99,
      "Plan Rows": 1,
      "Plan Width": 8,
      "Actual Startup Time": 206.116,
      "Actual Total Time": 215.404,
      "Actual Rows": 1,
      "Actual Loops": 1,
      "Plans": [
        {
          "Node Type": "Gather",
          "Parent Relationship": "Outer",
          "Parallel Aware": false,
          "Startup Cost": 47287.66,
          "Total Cost": 47287.97,
          "Plan Rows": 3,
          "Plan Width": 8,
          "Actual Startup Time": 205.946,
          "Actual Total Time": 215.394,
          "Actual Rows": 4,
          "Actual Loops": 1,
          "Workers Planned": 3,
          "Workers Launched": 3,
          "Single Copy": false,
          "Plans": [
            {
              "Node Type": "Aggregate",
              "Strategy": "Plain",
              "Partial Mode": "Partial",
              "Parent Relationship": "Outer",
              "Parallel Aware": false,
              "Startup Cost": 46287.66,
              "Total Cost": 46287.67,
              "Plan Rows": 1,
              "Plan Width": 8,
              "Actual Startup Time": 198.775,
              "Actual Total Time": 198.776,
              "Actual Rows": 1,
              "Actual Loops": 4,
              "Plans": [
                {
                  "Node Type": "Seq Scan",
                  "Parent Relationship": "Outer",
                  "Parallel Aware": true,
                  "Relation Name": "movie_keyword",
                  "Alias": "mk",
                  "Startup Cost": 0.0,
                  "Total Cost": 42695.65,
                  "Plan Rows": 1436804,
                  "Plan Width": 0,
                  "Actual Startup Time": 0.05,
                  "Actual Total Time": 140.923,
                  "Actual Rows": 1113558,
                  "Actual Loops": 4,
                  "Filter": "(keyword_id < 91322)",
                  "Rows Removed by Filter": 17424
                }
              ]
            }
          ]
        }
      ]
    },
    "Planning Time": 0.252,
    "Triggers": [],
    "Execution Time": 215.455
  }
]