{
    "Plan": {
        "Node Type": "Aggregate",
        "Strategy": "Plain",
        "Partial Mode": "Finalize",
        "Parallel Aware": false,
        "Startup Cost": 244945.14,
        "Total Cost": 244945.15,
        "Plan Rows": 1,
        "Plan Width": 8,
        "Actual Startup Time": 433.717,
        "Actual Total Time": 480.105,
        "Actual Rows": 1,
        "Actual Loops": 1,
        "Output": [
            "count(*)"
        ],
        "Plans": [
            {
                "Node Type": "Gather",
                "Parent Relationship": "Outer",
                "Parallel Aware": false,
                "Startup Cost": 244944.62,
                "Total Cost": 244945.13,
                "Plan Rows": 5,
                "Plan Width": 8,
                "Actual Startup Time": 432.334,
                "Actual Total Time": 480.094,
                "Actual Rows": 6,
                "Actual Loops": 1,
                "Output": [
                    "(PARTIAL count(*))"
                ],
                "Workers Planned": 5,
                "Workers Launched": 5,
                "Single Copy": false,
                "Plans": [
                    {
                        "Node Type": "Aggregate",
                        "Strategy": "Plain",
                        "Partial Mode": "Partial",
                        "Parent Relationship": "Outer",
                        "Parallel Aware": false,
                        "Startup Cost": 243944.62,
                        "Total Cost": 243944.63,
                        "Plan Rows": 1,
                        "Plan Width": 8,
                        "Actual Startup Time": 422.408,
                        "Actual Total Time": 422.411,
                        "Actual Rows": 1,
                        "Actual Loops": 6,
                        "Output": [
                            "PARTIAL count(*)"
                        ],
                        "Workers": [
                            {
                                "Worker Number": 0,
                                "Actual Startup Time": 419.661,
                                "Actual Total Time": 419.664,
                                "Actual Rows": 1,
                                "Actual Loops": 1
                            },
                            {
                                "Worker Number": 1,
                                "Actual Startup Time": 419.927,
                                "Actual Total Time": 419.93,
                                "Actual Rows": 1,
                                "Actual Loops": 1
                            },
                            {
                                "Worker Number": 2,
                                "Actual Startup Time": 420.821,
                                "Actual Total Time": 420.824,
                                "Actual Rows": 1,
                                "Actual Loops": 1
                            },
                            {
                                "Worker Number": 3,
                                "Actual Startup Time": 421.179,
                                "Actual Total Time": 421.182,
                                "Actual Rows": 1,
                                "Actual Loops": 1
                            },
                            {
                                "Worker Number": 4,
                                "Actual Startup Time": 421.328,
                                "Actual Total Time": 421.33,
                                "Actual Rows": 1,
                                "Actual Loops": 1
                            }
                        ],
                        "Plans": [
                            {
                                "Node Type": "Hash Join",
                                "Parent Relationship": "Outer",
                                "Parallel Aware": true,
                                "Join Type": "Inner",
                                "Startup Cost": 44268.24,
                                "Total Cost": 243910.71,
                                "Plan Rows": 13561,
                                "Plan Width": 0,
                                "Actual Startup Time": 152.383,
                                "Actual Total Time": 422.075,
                                "Actual Rows": 4986,
                                "Actual Loops": 6,
                                "Inner Unique": true,
                                "Hash Cond": "(mi.movie_id = t.id)",
                                "Workers": [
                                    {
                                        "Worker Number": 0,
                                        "Actual Startup Time": 149.666,
                                        "Actual Total Time": 419.312,
                                        "Actual Rows": 3673,
                                        "Actual Loops": 1
                                    },
                                    {
                                        "Worker Number": 1,
                                        "Actual Startup Time": 149.914,
                                        "Actual Total Time": 419.614,
                                        "Actual Rows": 5744,
                                        "Actual Loops": 1
                                    },
                                    {
                                        "Worker Number": 2,
                                        "Actual Startup Time": 150.843,
                                        "Actual Total Time": 420.471,
                                        "Actual Rows": 3721,
                                        "Actual Loops": 1
                                    },
                                    {
                                        "Worker Number": 3,
                                        "Actual Startup Time": 151.175,
                                        "Actual Total Time": 420.86,
                                        "Actual Rows": 5924,
                                        "Actual Loops": 1
                                    },
                                    {
                                        "Worker Number": 4,
                                        "Actual Startup Time": 151.174,
                                        "Actual Total Time": 420.989,
                                        "Actual Rows": 3558,
                                        "Actual Loops": 1
                                    }
                                ],
                                "Plans": [
                                    {
                                        "Node Type": "Seq Scan",
                                        "Parent Relationship": "Outer",
                                        "Parallel Aware": true,
                                        "Relation Name": "movie_info",
                                        "Schema": "public",
                                        "Alias": "mi",
                                        "Startup Cost": 0.0,
                                        "Total Cost": 198880.74,
                                        "Plan Rows": 290184,
                                        "Plan Width": 4,
                                        "Actual Startup Time": 51.98,
                                        "Actual Total Time": 311.502,
                                        "Actual Rows": 233650,
                                        "Actual Loops": 6,
                                        "Output": [
                                            "mi.id",
                                            "mi.movie_id",
                                            "mi.info_type_id",
                                            "mi.info",
                                            "mi.note"
                                        ],
                                        "Filter": "(mi.info_type_id = 7)",
                                        "Rows Removed by Filter": 2238970,
                                        "Workers": [
                                            {
                                                "Worker Number": 0,
                                                "Actual Startup Time": 51.9,
                                                "Actual Total Time": 311.611,
                                                "Actual Rows": 170038,
                                                "Actual Loops": 1
                                            },
                                            {
                                                "Worker Number": 1,
                                                "Actual Startup Time": 52.011,
                                                "Actual Total Time": 310.975,
                                                "Actual Rows": 266006,
                                                "Actual Loops": 1
                                            },
                                            {
                                                "Worker Number": 2,
                                                "Actual Startup Time": 51.988,
                                                "Actual Total Time": 312.0,
                                                "Actual Rows": 176901,
                                                "Actual Loops": 1
                                            },
                                            {
                                                "Worker Number": 3,
                                                "Actual Startup Time": 51.999,
                                                "Actual Total Time": 311.264,
                                                "Actual Rows": 284994,
                                                "Actual Loops": 1
                                            },
                                            {
                                                "Worker Number": 4,
                                                "Actual Startup Time": 51.996,
                                                "Actual Total Time": 313.406,
                                                "Actual Rows": 165206,
                                                "Actual Loops": 1
                                            }
                                        ]
                                    },
                                    {
                                        "Node Type": "Hash",
                                        "Parent Relationship": "Inner",
                                        "Parallel Aware": true,
                                        "Startup Cost": 43899.01,
                                        "Total Cost": 43899.01,
                                        "Plan Rows": 29539,
                                        "Plan Width": 4,
                                        "Actual Startup Time": 83.026,
                                        "Actual Total Time": 83.027,
                                        "Actual Rows": 19706,
                                        "Actual Loops": 6,
                                        "Output": [
                                            "t.id"
                                        ],
                                        "Hash Buckets": 131072,
                                        "Original Hash Buckets": 131072,
                                        "Hash Batches": 1,
                                        "Original Hash Batches": 1,
                                        "Peak Memory Usage": 5760,
                                        "Workers": [
                                            {
                                                "Worker Number": 0,
                                                "Actual Startup Time": 81.24,
                                                "Actual Total Time": 81.241,
                                                "Actual Rows": 15098,
                                                "Actual Loops": 1
                                            },
                                            {
                                                "Worker Number": 1,
                                                "Actual Startup Time": 81.575,
                                                "Actual Total Time": 81.576,
                                                "Actual Rows": 20598,
                                                "Actual Loops": 1
                                            },
                                            {
                                                "Worker Number": 2,
                                                "Actual Startup Time": 82.398,
                                                "Actual Total Time": 82.399,
                                                "Actual Rows": 15186,
                                                "Actual Loops": 1
                                            },
                                            {
                                                "Worker Number": 3,
                                                "Actual Startup Time": 82.773,
                                                "Actual Total Time": 82.774,
                                                "Actual Rows": 22110,
                                                "Actual Loops": 1
                                            },
                                            {
                                                "Worker Number": 4,
                                                "Actual Startup Time": 82.787,
                                                "Actual Total Time": 82.788,
                                                "Actual Rows": 15376,
                                                "Actual Loops": 1
                                            }
                                        ],
                                        "Plans": [
                                            {
                                                "Node Type": "Seq Scan",
                                                "Parent Relationship": "Outer",
                                                "Parallel Aware": true,
                                                "Relation Name": "title",
                                                "Schema": "public",
                                                "Alias": "t",
                                                "Startup Cost": 0.0,
                                                "Total Cost": 43899.01,
                                                "Plan Rows": 29539,
                                                "Plan Width": 4,
                                                "Actual Startup Time": 48.219,
                                                "Actual Total Time": 75.622,
                                                "Actual Rows": 19706,
                                                "Actual Loops": 6,
                                                "Output": [
                                                    "t.id"
                                                ],
                                                "Filter": "(t.kind_id = 4)",
                                                "Rows Removed by Filter": 401680,
                                                "Workers": [
                                                    {
                                                        "Worker Number": 0,
                                                        "Actual Startup Time": 46.573,
                                                        "Actual Total Time": 74.634,
                                                        "Actual Rows": 15098,
                                                        "Actual Loops": 1
                                                    },
                                                    {
                                                        "Worker Number": 1,
                                                        "Actual Startup Time": 47.094,
                                                        "Actual Total Time": 73.769,
                                                        "Actual Rows": 20598,
                                                        "Actual Loops": 1
                                                    },
                                                    {
                                                        "Worker Number": 2,
                                                        "Actual Startup Time": 47.605,
                                                        "Actual Total Time": 75.317,
                                                        "Actual Rows": 15186,
                                                        "Actual Loops": 1
                                                    },
                                                    {
                                                        "Worker Number": 3,
                                                        "Actual Startup Time": 48.107,
                                                        "Actual Total Time": 75.366,
                                                        "Actual Rows": 22110,
                                                        "Actual Loops": 1
                                                    },
                                                    {
                                                        "Worker Number": 4,
                                                        "Actual Startup Time": 47.657,
                                                        "Actual Total Time": 75.473,
                                                        "Actual Rows": 15376,
                                                        "Actual Loops": 1
                                                    }
                                                ]
                                            }
                                        ]
                                    }
                                ]
                            }
                        ]
                    }
                ]
            }
        ]
    },
    "Planning Time": 0.764,
    "Triggers": [],
    "Execution Time": 480.193
}