[
    {
        "Bao": {
            "Bao prediction": 625.809,
            "Bao recommended hint": "SET enable_mergejoin TO off; SET enable_indexscan TO off; "
        }
    },
    {
        "Plan": {
            "Node Type": "Aggregate",
            "Strategy": "Plain",
            "Partial Mode": "Finalize",
            "Parallel Aware": false,
            "Startup Cost": 55285.32,
            "Total Cost": 55285.33,
            "Plan Rows": 1,
            "Plan Width": 64,
            "Actual Startup Time": 406.589,
            "Actual Total Time": 447.44,
            "Actual Rows": 1,
            "Actual Loops": 1,
            "Output": [
                "min(mi.info)",
                "min(t.title)"
            ],
            "Plans": [
                {
                    "Node Type": "Gather",
                    "Parent Relationship": "Outer",
                    "Parallel Aware": false,
                    "Startup Cost": 55285.0,
                    "Total Cost": 55285.31,
                    "Plan Rows": 3,
                    "Plan Width": 64,
                    "Actual Startup Time": 405.849,
                    "Actual Total Time": 447.421,
                    "Actual Rows": 4,
                    "Actual Loops": 1,
                    "Output": [
                        "(PARTIAL min(mi.info))",
                        "(PARTIAL min(t.title))"
                    ],
                    "Workers Planned": 3,
                    "Workers Launched": 3,
                    "Single Copy": false,
                    "Plans": [
                        {
                            "Node Type": "Aggregate",
                            "Strategy": "Plain",
                            "Partial Mode": "Partial",
                            "Parent Relationship": "Outer",
                            "Parallel Aware": false,
                            "Startup Cost": 54285.0,
                            "Total Cost": 54285.01,
                            "Plan Rows": 1,
                            "Plan Width": 64,
                            "Actual Startup Time": 393.056,
                            "Actual Total Time": 393.075,
                            "Actual Rows": 1,
                            "Actual Loops": 4,
                            "Output": [
                                "PARTIAL min(mi.info)",
                                "PARTIAL min(t.title)"
                            ],
                            "Workers": [
                                {
                                    "Worker Number": 0,
                                    "Actual Startup Time": 389.545,
                                    "Actual Total Time": 389.572,
                                    "Actual Rows": 1,
                                    "Actual Loops": 1
                                },
                                {
                                    "Worker Number": 1,
                                    "Actual Startup Time": 389.484,
                                    "Actual Total Time": 389.494,
                                    "Actual Rows": 1,
                                    "Actual Loops": 1
                                },
                                {
                                    "Worker Number": 2,
                                    "Actual Startup Time": 389.476,
                                    "Actual Total Time": 389.485,
                                    "Actual Rows": 1,
                                    "Actual Loops": 1
                                }
                            ],
                            "Plans": [
                                {
                                    "Node Type": "Nested Loop",
                                    "Parent Relationship": "Outer",
                                    "Parallel Aware": false,
                                    "Join Type": "Inner",
                                    "Startup Cost": 5356.24,
                                    "Total Cost": 54284.98,
                                    "Plan Rows": 3,
                                    "Plan Width": 60,
                                    "Actual Startup Time": 237.066,
                                    "Actual Total Time": 393.057,
                                    "Actual Rows": 8,
                                    "Actual Loops": 4,
                                    "Output": [
                                        "mi.info",
                                        "t.title"
                                    ],
                                    "Inner Unique": false,
                                    "Workers": [
                                        {
                                            "Worker Number": 0,
                                            "Actual Startup Time": 192.14,
                                            "Actual Total Time": 389.544,
                                            "Actual Rows": 25,
                                            "Actual Loops": 1
                                        },
                                        {
                                            "Worker Number": 1,
                                            "Actual Startup Time": 277.714,
                                            "Actual Total Time": 389.476,
                                            "Actual Rows": 1,
                                            "Actual Loops": 1
                                        },
                                        {
                                            "Worker Number": 2,
                                            "Actual Startup Time": 74.699,
                                            "Actual Total Time": 389.467,
                                            "Actual Rows": 6,
                                            "Actual Loops": 1
                                        }
                                    ],
                                    "Plans": [
                                        {
                                            "Node Type": "Nested Loop",
                                            "Parent Relationship": "Outer",
                                            "Parallel Aware": false,
                                            "Join Type": "Inner",
                                            "Startup Cost": 5355.79,
                                            "Total Cost": 54280.46,
                                            "Plan Rows": 1,
                                            "Plan Width": 76,
                                            "Actual Startup Time": 36.88,
                                            "Actual Total Time": 392.071,
                                            "Actual Rows": 129,
                                            "Actual Loops": 4,
                                            "Output": [
                                                "mc.movie_id",
                                                "mi.info",
                                                "mi.movie_id",
                                                "mk.movie_id",
                                                "t.title",
                                                "t.id"
                                            ],
                                            "Inner Unique": true,
                                            "Workers": [
                                                {
                                                    "Worker Number": 0,
                                                    "Actual Startup Time": 31.979,
                                                    "Actual Total Time": 388.154,
                                                    "Actual Rows": 167,
                                                    "Actual Loops": 1
                                                },
                                                {
                                                    "Worker Number": 1,
                                                    "Actual Startup Time": 36.359,
                                                    "Actual Total Time": 388.743,
                                                    "Actual Rows": 84,
                                                    "Actual Loops": 1
                                                },
                                                {
                                                    "Worker Number": 2,
                                                    "Actual Startup Time": 30.596,
                                                    "Actual Total Time": 388.784,
                                                    "Actual Rows": 74,
                                                    "Actual Loops": 1
                                                }
                                            ],
                                            "Plans": [
                                                {
                                                    "Node Type": "Nested Loop",
                                                    "Parent Relationship": "Outer",
                                                    "Parallel Aware": false,
                                                    "Join Type": "Inner",
                                                    "Startup Cost": 5355.36,
                                                    "Total Cost": 54276.02,
                                                    "Plan Rows": 1,
                                                    "Plan Width": 80,
                                                    "Actual Startup Time": 36.8,
                                                    "Actual Total Time": 390.426,
                                                    "Actual Rows": 129,
                                                    "Actual Loops": 4,
                                                    "Output": [
                                                        "mc.movie_id",
                                                        "mi.info",
                                                        "mi.movie_id",
                                                        "mk.movie_id",
                                                        "mk.keyword_id",
                                                        "t.title",
                                                        "t.id"
                                                    ],
                                                    "Inner Unique": false,
                                                    "Workers": [
                                                        {
                                                            "Worker Number": 0,
                                                            "Actual Startup Time": 31.883,
                                                            "Actual Total Time": 385.675,
                                                            "Actual Rows": 167,
                                                            "Actual Loops": 1
                                                        },
                                                        {
                                                            "Worker Number": 1,
                                                            "Actual Startup Time": 36.288,
                                                            "Actual Total Time": 387.502,
                                                            "Actual Rows": 84,
                                                            "Actual Loops": 1
                                                        },
                                                        {
                                                            "Worker Number": 2,
                                                            "Actual Startup Time": 30.494,
                                                            "Actual Total Time": 387.726,
                                                            "Actual Rows": 74,
                                                            "Actual Loops": 1
                                                        }
                                                    ],
                                                    "Plans": [
                                                        {
                                                            "Node Type": "Nested Loop",
                                                            "Parent Relationship": "Outer",
                                                            "Parallel Aware": false,
                                                            "Join Type": "Inner",
                                                            "Startup Cost": 5354.46,
                                                            "Total Cost": 54270.09,
                                                            "Plan Rows": 1,
                                                            "Plan Width": 72,
                                                            "Actual Startup Time": 36.429,
                                                            "Actual Total Time": 388.173,
                                                            "Actual Rows": 86,
                                                            "Actual Loops": 4,
                                                            "Output": [
                                                                "mc.movie_id",
                                                                "mi.info",
                                                                "mi.movie_id",
                                                                "t.title",
                                                                "t.id"
                                                            ],
                                                            "Inner Unique": true,
                                                            "Join Filter": "(mi.info_type_id = it1.id)",
                                                            "Rows Removed by Join Filter": 0,
                                                            "Workers": [
                                                                {
                                                                    "Worker Number": 0,
                                                                    "Actual Startup Time": 30.663,
                                                                    "Actual Total Time": 383.143,
                                                                    "Actual Rows": 81,
                                                                    "Actual Loops": 1
                                                                },
                                                                {
                                                                    "Worker Number": 1,
                                                                    "Actual Startup Time": 36.195,
                                                                    "Actual Total Time": 385.214,
                                                                    "Actual Rows": 98,
                                                                    "Actual Loops": 1
                                                                },
                                                                {
                                                                    "Worker Number": 2,
                                                                    "Actual Startup Time": 30.382,
                                                                    "Actual Total Time": 385.47,
                                                                    "Actual Rows": 79,
                                                                    "Actual Loops": 1
                                                                }
                                                            ],
                                                            "Plans": [
                                                                {
                                                                    "Node Type": "Nested Loop",
                                                                    "Parent Relationship": "Outer",
                                                                    "Parallel Aware": false,
                                                                    "Join Type": "Inner",
                                                                    "Startup Cost": 5354.46,
                                                                    "Total Cost": 54267.66,
                                                                    "Plan Rows": 1,
                                                                    "Plan Width": 76,
                                                                    "Actual Startup Time": 36.408,
                                                                    "Actual Total Time": 387.592,
                                                                    "Actual Rows": 86,
                                                                    "Actual Loops": 4,
                                                                    "Output": [
                                                                        "mc.movie_id",
                                                                        "mi.info",
                                                                        "mi.movie_id",
                                                                        "mi.info_type_id",
                                                                        "t.title",
                                                                        "t.id"
                                                                    ],
                                                                    "Inner Unique": true,
                                                                    "Join Filter": "(mc.company_type_id = ct.id)",
                                                                    "Rows Removed by Join Filter": 0,
                                                                    "Workers": [
                                                                        {
                                                                            "Worker Number": 0,
                                                                            "Actual Startup Time": 30.638,
                                                                            "Actual Total Time": 382.572,
                                                                            "Actual Rows": 81,
                                                                            "Actual Loops": 1
                                                                        },
                                                                        {
                                                                            "Worker Number": 1,
                                                                            "Actual Startup Time": 36.173,
                                                                            "Actual Total Time": 384.549,
                                                                            "Actual Rows": 98,
                                                                            "Actual Loops": 1
                                                                        },
                                                                        {
                                                                            "Worker Number": 2,
                                                                            "Actual Startup Time": 30.36,
                                                                            "Actual Total Time": 384.918,
                                                                            "Actual Rows": 79,
                                                                            "Actual Loops": 1
                                                                        }
                                                                    ],
                                                                    "Plans": [
                                                                        {
                                                                            "Node Type": "Nested Loop",
                                                                            "Parent Relationship": "Outer",
                                                                            "Parallel Aware": false,
                                                                            "Join Type": "Inner",
                                                                            "Startup Cost": 5354.46,
                                                                            "Total Cost": 54266.57,
                                                                            "Plan Rows": 1,
                                                                            "Plan Width": 80,
                                                                            "Actual Startup Time": 36.388,
                                                                            "Actual Total Time": 387.215,
                                                                            "Actual Rows": 86,
                                                                            "Actual Loops": 4,
                                                                            "Output": [
                                                                                "mc.movie_id",
                                                                                "mc.company_type_id",
                                                                                "mi.info",
                                                                                "mi.movie_id",
                                                                                "mi.info_type_id",
                                                                                "t.title",
                                                                                "t.id"
                                                                            ],
                                                                            "Inner Unique": false,
                                                                            "Workers": [
                                                                                {
                                                                                    "Worker Number": 0,
                                                                                    "Actual Startup Time": 30.61,
                                                                                    "Actual Total Time": 382.192,
                                                                                    "Actual Rows": 81,
                                                                                    "Actual Loops": 1
                                                                                },
                                                                                {
                                                                                    "Worker Number": 1,
                                                                                    "Actual Startup Time": 36.153,
                                                                                    "Actual Total Time": 384.101,
                                                                                    "Actual Rows": 98,
                                                                                    "Actual Loops": 1
                                                                                },
                                                                                {
                                                                                    "Worker Number": 2,
                                                                                    "Actual Startup Time": 30.339,
                                                                                    "Actual Total Time": 384.551,
                                                                                    "Actual Rows": 79,
                                                                                    "Actual Loops": 1
                                                                                }
                                                                            ],
                                                                            "Plans": [
                                                                                {
                                                                                    "Node Type": "Nested Loop",
                                                                                    "Parent Relationship": "Outer",
                                                                                    "Parallel Aware": false,
                                                                                    "Join Type": "Inner",
                                                                                    "Startup Cost": 5353.44,
                                                                                    "Total Cost": 50484.63,
                                                                                    "Plan Rows": 658,
                                                                                    "Plan Width": 29,
                                                                                    "Actual Startup Time": 33.956,
                                                                                    "Actual Total Time": 276.122,
                                                                                    "Actual Rows": 2755,
                                                                                    "Actual Loops": 4,
                                                                                    "Output": [
                                                                                        "mc.movie_id",
                                                                                        "mc.company_type_id",
                                                                                        "t.title",
                                                                                        "t.id"
                                                                                    ],
                                                                                    "Inner Unique": true,
                                                                                    "Workers": [
                                                                                        {
                                                                                            "Worker Number": 0,
                                                                                            "Actual Startup Time": 30.404,
                                                                                            "Actual Total Time": 269.669,
                                                                                            "Actual Rows": 2648,
                                                                                            "Actual Loops": 1
                                                                                        },
                                                                                        {
                                                                                            "Worker Number": 1,
                                                                                            "Actual Startup Time": 30.179,
                                                                                            "Actual Total Time": 271.769,
                                                                                            "Actual Rows": 2671,
                                                                                            "Actual Loops": 1
                                                                                        },
                                                                                        {
                                                                                            "Worker Number": 2,
                                                                                            "Actual Startup Time": 30.12,
                                                                                            "Actual Total Time": 276.502,
                                                                                            "Actual Rows": 2595,
                                                                                            "Actual Loops": 1
                                                                                        }
                                                                                    ],
                                                                                    "Plans": [
                                                                                        {
                                                                                            "Node Type": "Hash Join",
                                                                                            "Parent Relationship": "Outer",
                                                                                            "Parallel Aware": true,
                                                                                            "Join Type": "Inner",
                                                                                            "Startup Cost": 5351.02,
                                                                                            "Total Cost": 36781.21,
                                                                                            "Plan Rows": 2129,
                                                                                            "Plan Width": 8,
                                                                                            "Actual Startup Time": 33.554,
                                                                                            "Actual Total Time": 167.445,
                                                                                            "Actual Rows": 10959,
                                                                                            "Actual Loops": 4,
                                                                                            "Output": [
                                                                                                "mc.movie_id",
                                                                                                "mc.company_type_id"
                                                                                            ],
                                                                                            "Inner Unique": true,
                                                                                            "Hash Cond": "(mc.company_id = cn.id)",
                                                                                            "Workers": [
                                                                                                {
                                                                                                    "Worker Number": 0,
                                                                                                    "Actual Startup Time": 30.007,
                                                                                                    "Actual Total Time": 160.987,
                                                                                                    "Actual Rows": 10294,
                                                                                                    "Actual Loops": 1
                                                                                                },
                                                                                                {
                                                                                                    "Worker Number": 1,
                                                                                                    "Actual Startup Time": 30.062,
                                                                                                    "Actual Total Time": 162.764,
                                                                                                    "Actual Rows": 10479,
                                                                                                    "Actual Loops": 1
                                                                                                },
                                                                                                {
                                                                                                    "Worker Number": 2,
                                                                                                    "Actual Startup Time": 29.981,
                                                                                                    "Actual Total Time": 165.341,
                                                                                                    "Actual Rows": 10772,
                                                                                                    "Actual Loops": 1
                                                                                                }
                                                                                            ],
                                                                                            "Plans": [
                                                                                                {
                                                                                                    "Node Type": "Seq Scan",
                                                                                                    "Parent Relationship": "Outer",
                                                                                                    "Parallel Aware": true,
                                                                                                    "Relation Name": "movie_companies",
                                                                                                    "Schema": "public",
                                                                                                    "Alias": "mc",
                                                                                                    "Startup Cost": 0.0,
                                                                                                    "Total Cost": 31414.82,
                                                                                                    "Plan Rows": 5856,
                                                                                                    "Plan Width": 12,
                                                                                                    "Actual Startup Time": 0.034,
                                                                                                    "Actual Total Time": 124.576,
                                                                                                    "Actual Rows": 15416,
                                                                                                    "Actual Loops": 4,
                                                                                                    "Output": [
                                                                                                        "mc.id",
                                                                                                        "mc.movie_id",
                                                                                                        "mc.company_id",
                                                                                                        "mc.company_type_id",
                                                                                                        "mc.note"
                                                                                                    ],
                                                                                                    "Filter": "((mc.note ~~ '%(200%)%'::text) AND (mc.note ~~ '%(worldwide)%'::text))",
                                                                                                    "Rows Removed by Filter": 636866,
                                                                                                    "Workers": [
                                                                                                        {
                                                                                                            "Worker Number": 0,
                                                                                                            "Actual Startup Time": 0.04,
                                                                                                            "Actual Total Time": 121.479,
                                                                                                            "Actual Rows": 14770,
                                                                                                            "Actual Loops": 1
                                                                                                        },
                                                                                                        {
                                                                                                            "Worker Number": 1,
                                                                                                            "Actual Startup Time": 0.034,
                                                                                                            "Actual Total Time": 123.512,
                                                                                                            "Actual Rows": 14627,
                                                                                                            "Actual Loops": 1
                                                                                                        },
                                                                                                        {
                                                                                                            "Worker Number": 2,
                                                                                                            "Actual Startup Time": 0.05,
                                                                                                            "Actual Total Time": 125.918,
                                                                                                            "Actual Rows": 15302,
                                                                                                            "Actual Loops": 1
                                                                                                        }
                                                                                                    ]
                                                                                                },
                                                                                                {
                                                                                                    "Node Type": "Hash",
                                                                                                    "Parent Relationship": "Inner",
                                                                                                    "Parallel Aware": true,
                                                                                                    "Startup Cost": 4722.92,
                                                                                                    "Total Cost": 4722.92,
                                                                                                    "Plan Rows": 50248,
                                                                                                    "Plan Width": 4,
                                                                                                    "Actual Startup Time": 31.542,
                                                                                                    "Actual Total Time": 31.543,
                                                                                                    "Actual Rows": 21211,
                                                                                                    "Actual Loops": 4,
                                                                                                    "Output": [
                                                                                                        "cn.id"
                                                                                                    ],
                                                                                                    "Hash Buckets": 131072,
                                                                                                    "Original Hash Buckets": 131072,
                                                                                                    "Hash Batches": 1,
                                                                                                    "Original Hash Batches": 1,
                                                                                                    "Peak Memory Usage": 4416,
                                                                                                    "Workers": [
                                                                                                        {
                                                                                                            "Worker Number": 0,
                                                                                                            "Actual Startup Time": 29.509,
                                                                                                            "Actual Total Time": 29.51,
                                                                                                            "Actual Rows": 19754,
                                                                                                            "Actual Loops": 1
                                                                                                        },
                                                                                                        {
                                                                                                            "Worker Number": 1,
                                                                                                            "Actual Startup Time": 29.513,
                                                                                                            "Actual Total Time": 29.514,
                                                                                                            "Actual Rows": 19922,
                                                                                                            "Actual Loops": 1
                                                                                                        },
                                                                                                        {
                                                                                                            "Worker Number": 2,
                                                                                                            "Actual Startup Time": 29.494,
                                                                                                            "Actual Total Time": 29.495,
                                                                                                            "Actual Rows": 19161,
                                                                                                            "Actual Loops": 1
                                                                                                        }
                                                                                                    ],
                                                                                                    "Plans": [
                                                                                                        {
                                                                                                            "Node Type": "Seq Scan",
                                                                                                            "Parent Relationship": "Outer",
                                                                                                            "Parallel Aware": true,
                                                                                                            "Relation Name": "company_name",
                                                                                                            "Schema": "public",
                                                                                                            "Alias": "cn",
                                                                                                            "Startup Cost": 0.0,
                                                                                                            "Total Cost": 4722.92,
                                                                                                            "Plan Rows": 50248,
                                                                                                            "Plan Width": 4,
                                                                                                            "Actual Startup Time": 0.059,
                                                                                                            "Actual Total Time": 20.478,
                                                                                                            "Actual Rows": 21211,
                                                                                                            "Actual Loops": 4,
                                                                                                            "Output": [
                                                                                                                "cn.id"
                                                                                                            ],
                                                                                                            "Filter": "((cn.country_code)::text = '[us]'::text)",
                                                                                                            "Rows Removed by Filter": 37538,
                                                                                                            "Workers": [
                                                                                                                {
                                                                                                                    "Worker Number": 0,
                                                                                                                    "Actual Startup Time": 0.055,
                                                                                                                    "Actual Total Time": 19.122,
                                                                                                                    "Actual Rows": 19754,
                                                                                                                    "Actual Loops": 1
                                                                                                                },
                                                                                                                {
                                                                                                                    "Worker Number": 1,
                                                                                                                    "Actual Startup Time": 0.067,
                                                                                                                    "Actual Total Time": 19.392,
                                                                                                                    "Actual Rows": 19922,
                                                                                                                    "Actual Loops": 1
                                                                                                                },
                                                                                                                {
                                                                                                                    "Worker Number": 2,
                                                                                                                    "Actual Startup Time": 0.067,
                                                                                                                    "Actual Total Time": 18.7,
                                                                                                                    "Actual Rows": 19161,
                                                                                                                    "Actual Loops": 1
                                                                                                                }
                                                                                                            ]
                                                                                                        }
                                                                                                    ]
                                                                                                }
                                                                                            ]
                                                                                        },
                                                                                        {
                                                                                            "Node Type": "Bitmap Heap Scan",
                                                                                            "Parent Relationship": "Inner",
                                                                                            "Parallel Aware": false,
                                                                                            "Relation Name": "title",
                                                                                            "Schema": "public",
                                                                                            "Alias": "t",
                                                                                            "Startup Cost": 2.42,
                                                                                            "Total Cost": 6.44,
                                                                                            "Plan Rows": 1,
                                                                                            "Plan Width": 21,
                                                                                            "Actual Startup Time": 0.008,
                                                                                            "Actual Total Time": 0.008,
                                                                                            "Actual Rows": 0,
                                                                                            "Actual Loops": 43837,
                                                                                            "Output": [
                                                                                                "t.id",
                                                                                                "t.title",
                                                                                                "t.imdb_index",
                                                                                                "t.kind_id",
                                                                                                "t.production_year",
                                                                                                "t.imdb_id",
                                                                                                "t.phonetic_code",
                                                                                                "t.episode_of_id",
                                                                                                "t.season_nr",
                                                                                                "t.episode_nr",
                                                                                                "t.series_years",
                                                                                                "t.md5sum"
                                                                                            ],
                                                                                            "Recheck Cond": "(t.id = mc.movie_id)",
                                                                                            "Rows Removed by Index Recheck": 0,
                                                                                            "Filter": "(t.production_year > 2007)",
                                                                                            "Rows Removed by Filter": 1,
                                                                                            "Exact Heap Blocks": 12292,
                                                                                            "Lossy Heap Blocks": 0,
                                                                                            "Workers": [
                                                                                                {
                                                                                                    "Worker Number": 0,
                                                                                                    "Actual Startup Time": 0.008,
                                                                                                    "Actual Total Time": 0.008,
                                                                                                    "Actual Rows": 0,
                                                                                                    "Actual Loops": 10294
                                                                                                },
                                                                                                {
                                                                                                    "Worker Number": 1,
                                                                                                    "Actual Startup Time": 0.008,
                                                                                                    "Actual Total Time": 0.008,
                                                                                                    "Actual Rows": 0,
                                                                                                    "Actual Loops": 10479
                                                                                                },
                                                                                                {
                                                                                                    "Worker Number": 2,
                                                                                                    "Actual Startup Time": 0.008,
                                                                                                    "Actual Total Time": 0.008,
                                                                                                    "Actual Rows": 0,
                                                                                                    "Actual Loops": 10772
                                                                                                }
                                                                                            ],
                                                                                            "Plans": [
                                                                                                {
                                                                                                    "Node Type": "Bitmap Index Scan",
                                                                                                    "Parent Relationship": "Outer",
                                                                                                    "Parallel Aware": false,
                                                                                                    "Index Name": "title_pkey",
                                                                                                    "Startup Cost": 0.0,
                                                                                                    "Total Cost": 2.42,
                                                                                                    "Plan Rows": 1,
                                                                                                    "Plan Width": 0,
                                                                                                    "Actual Startup Time": 0.004,
                                                                                                    "Actual Total Time": 0.004,
                                                                                                    "Actual Rows": 1,
                                                                                                    "Actual Loops": 43837,
                                                                                                    "Index Cond": "(t.id = mc.movie_id)",
                                                                                                    "Workers": [
                                                                                                        {
                                                                                                            "Worker Number": 0,
                                                                                                            "Actual Startup Time": 0.004,
                                                                                                            "Actual Total Time": 0.004,
                                                                                                            "Actual Rows": 1,
                                                                                                            "Actual Loops": 10294
                                                                                                        },
                                                                                                        {
                                                                                                            "Worker Number": 1,
                                                                                                            "Actual Startup Time": 0.004,
                                                                                                            "Actual Total Time": 0.004,
                                                                                                            "Actual Rows": 1,
                                                                                                            "Actual Loops": 10479
                                                                                                        },
                                                                                                        {
                                                                                                            "Worker Number": 2,
                                                                                                            "Actual Startup Time": 0.004,
                                                                                                            "Actual Total Time": 0.004,
                                                                                                            "Actual Rows": 1,
                                                                                                            "Actual Loops": 10772
                                                                                                        }
                                                                                                    ]
                                                                                                }
                                                                                            ]
                                                                                        }
                                                                                    ]
                                                                                },
                                                                                {
                                                                                    "Node Type": "Bitmap Heap Scan",
                                                                                    "Parent Relationship": "Inner",
                                                                                    "Parallel Aware": false,
                                                                                    "Relation Name": "movie_info",
                                                                                    "Schema": "public",
                                                                                    "Alias": "mi",
                                                                                    "Startup Cost": 1.02,
                                                                                    "Total Cost": 5.74,
                                                                                    "Plan Rows": 1,
                                                                                    "Plan Width": 51,
                                                                                    "Actual Startup Time": 0.037,
                                                                                    "Actual Total Time": 0.038,
                                                                                    "Actual Rows": 0,
                                                                                    "Actual Loops": 11020,
                                                                                    "Output": [
                                                                                        "mi.id",
                                                                                        "mi.movie_id",
                                                                                        "mi.info_type_id",
                                                                                        "mi.info",
                                                                                        "mi.note"
                                                                                    ],
                                                                                    "Recheck Cond": "(mi.movie_id = t.id)",
                                                                                    "Rows Removed by Index Recheck": 0,
                                                                                    "Filter": "((mi.note ~~ '%internet%'::text) AND (mi.info ~~ 'USA:% 200%'::text))",
                                                                                    "Rows Removed by Filter": 9,
                                                                                    "Exact Heap Blocks": 19901,
                                                                                    "Lossy Heap Blocks": 0,
                                                                                    "Workers": [
                                                                                        {
                                                                                            "Worker Number": 0,
                                                                                            "Actual Startup Time": 0.039,
                                                                                            "Actual Total Time": 0.04,
                                                                                            "Actual Rows": 0,
                                                                                            "Actual Loops": 2648
                                                                                        },
                                                                                        {
                                                                                            "Worker Number": 1,
                                                                                            "Actual Startup Time": 0.039,
                                                                                            "Actual Total Time": 0.039,
                                                                                            "Actual Rows": 0,
                                                                                            "Actual Loops": 2671
                                                                                        },
                                                                                        {
                                                                                            "Worker Number": 2,
                                                                                            "Actual Startup Time": 0.038,
                                                                                            "Actual Total Time": 0.039,
                                                                                            "Actual Rows": 0,
                                                                                            "Actual Loops": 2595
                                                                                        }
                                                                                    ],
                                                                                    "Plans": [
                                                                                        {
                                                                                            "Node Type": "Bitmap Index Scan",
                                                                                            "Parent Relationship": "Outer",
                                                                                            "Parallel Aware": false,
                                                                                            "Index Name": "movie_id_movie_info",
                                                                                            "Startup Cost": 0.0,
                                                                                            "Total Cost": 1.02,
                                                                                            "Plan Rows": 41,
                                                                                            "Plan Width": 0,
                                                                                            "Actual Startup Time": 0.01,
                                                                                            "Actual Total Time": 0.01,
                                                                                            "Actual Rows": 10,
                                                                                            "Actual Loops": 11020,
                                                                                            "Index Cond": "(mi.movie_id = t.id)",
                                                                                            "Workers": [
                                                                                                {
                                                                                                    "Worker Number": 0,
                                                                                                    "Actual Startup Time": 0.011,
                                                                                                    "Actual Total Time": 0.011,
                                                                                                    "Actual Rows": 9,
                                                                                                    "Actual Loops": 2648
                                                                                                },
                                                                                                {
                                                                                                    "Worker Number": 1,
                                                                                                    "Actual Startup Time": 0.011,
                                                                                                    "Actual Total Time": 0.011,
                                                                                                    "Actual Rows": 10,
                                                                                                    "Actual Loops": 2671
                                                                                                },
                                                                                                {
                                                                                                    "Worker Number": 2,
                                                                                                    "Actual Startup Time": 0.011,
                                                                                                    "Actual Total Time": 0.011,
                                                                                                    "Actual Rows": 9,
                                                                                                    "Actual Loops": 2595
                                                                                                }
                                                                                            ]
                                                                                        }
                                                                                    ]
                                                                                }
                                                                            ]
                                                                        },
                                                                        {
                                                                            "Node Type": "Seq Scan",
                                                                            "Parent Relationship": "Inner",
                                                                            "Parallel Aware": false,
                                                                            "Relation Name": "company_type",
                                                                            "Schema": "public",
                                                                            "Alias": "ct",
                                                                            "Startup Cost": 0.0,
                                                                            "Total Cost": 1.04,
                                                                            "Plan Rows": 4,
                                                                            "Plan Width": 4,
                                                                            "Actual Startup Time": 0.001,
                                                                            "Actual Total Time": 0.001,
                                                                            "Actual Rows": 1,
                                                                            "Actual Loops": 344,
                                                                            "Output": [
                                                                                "ct.id",
                                                                                "ct.kind"
                                                                            ],
                                                                            "Workers": [
                                                                                {
                                                                                    "Worker Number": 0,
                                                                                    "Actual Startup Time": 0.002,
                                                                                    "Actual Total Time": 0.002,
                                                                                    "Actual Rows": 1,
                                                                                    "Actual Loops": 81
                                                                                },
                                                                                {
                                                                                    "Worker Number": 1,
                                                                                    "Actual Startup Time": 0.001,
                                                                                    "Actual Total Time": 0.001,
                                                                                    "Actual Rows": 1,
                                                                                    "Actual Loops": 98
                                                                                },
                                                                                {
                                                                                    "Worker Number": 2,
                                                                                    "Actual Startup Time": 0.001,
                                                                                    "Actual Total Time": 0.001,
                                                                                    "Actual Rows": 1,
                                                                                    "Actual Loops": 79
                                                                                }
                                                                            ]
                                                                        }
                                                                    ]
                                                                },
                                                                {
                                                                    "Node Type": "Seq Scan",
                                                                    "Parent Relationship": "Inner",
                                                                    "Parallel Aware": false,
                                                                    "Relation Name": "info_type",
                                                                    "Schema": "public",
                                                                    "Alias": "it1",
                                                                    "Startup Cost": 0.0,
                                                                    "Total Cost": 2.41,
                                                                    "Plan Rows": 1,
                                                                    "Plan Width": 4,
                                                                    "Actual Startup Time": 0.004,
                                                                    "Actual Total Time": 0.004,
                                                                    "Actual Rows": 1,
                                                                    "Actual Loops": 344,
                                                                    "Output": [
                                                                        "it1.id",
                                                                        "it1.info"
                                                                    ],
                                                                    "Filter": "((it1.info)::text = 'release dates'::text)",
                                                                    "Rows Removed by Filter": 15,
                                                                    "Workers": [
                                                                        {
                                                                            "Worker Number": 0,
                                                                            "Actual Startup Time": 0.005,
                                                                            "Actual Total Time": 0.005,
                                                                            "Actual Rows": 1,
                                                                            "Actual Loops": 81
                                                                        },
                                                                        {
                                                                            "Worker Number": 1,
                                                                            "Actual Startup Time": 0.004,
                                                                            "Actual Total Time": 0.004,
                                                                            "Actual Rows": 1,
                                                                            "Actual Loops": 98
                                                                        },
                                                                        {
                                                                            "Worker Number": 2,
                                                                            "Actual Startup Time": 0.005,
                                                                            "Actual Total Time": 0.005,
                                                                            "Actual Rows": 1,
                                                                            "Actual Loops": 79
                                                                        }
                                                                    ]
                                                                }
                                                            ]
                                                        },
                                                        {
                                                            "Node Type": "Bitmap Heap Scan",
                                                            "Parent Relationship": "Inner",
                                                            "Parallel Aware": false,
                                                            "Relation Name": "movie_keyword",
                                                            "Schema": "public",
                                                            "Alias": "mk",
                                                            "Startup Cost": 0.9,
                                                            "Total Cost": 5.47,
                                                            "Plan Rows": 46,
                                                            "Plan Width": 8,
                                                            "Actual Startup Time": 0.023,
                                                            "Actual Total Time": 0.023,
                                                            "Actual Rows": 2,
                                                            "Actual Loops": 344,
                                                            "Output": [
                                                                "mk.id",
                                                                "mk.movie_id",
                                                                "mk.keyword_id"
                                                            ],
                                                            "Recheck Cond": "(mk.movie_id = t.id)",
                                                            "Rows Removed by Index Recheck": 0,
                                                            "Exact Heap Blocks": 38,
                                                            "Lossy Heap Blocks": 0,
                                                            "Workers": [
                                                                {
                                                                    "Worker Number": 0,
                                                                    "Actual Startup Time": 0.027,
                                                                    "Actual Total Time": 0.028,
                                                                    "Actual Rows": 2,
                                                                    "Actual Loops": 81
                                                                },
                                                                {
                                                                    "Worker Number": 1,
                                                                    "Actual Startup Time": 0.02,
                                                                    "Actual Total Time": 0.02,
                                                                    "Actual Rows": 1,
                                                                    "Actual Loops": 98
                                                                },
                                                                {
                                                                    "Worker Number": 2,
                                                                    "Actual Startup Time": 0.025,
                                                                    "Actual Total Time": 0.025,
                                                                    "Actual Rows": 1,
                                                                    "Actual Loops": 79
                                                                }
                                                            ],
                                                            "Plans": [
                                                                {
                                                                    "Node Type": "Bitmap Index Scan",
                                                                    "Parent Relationship": "Outer",
                                                                    "Parallel Aware": false,
                                                                    "Index Name": "movie_id_movie_keyword",
                                                                    "Startup Cost": 0.0,
                                                                    "Total Cost": 0.89,
                                                                    "Plan Rows": 46,
                                                                    "Plan Width": 0,
                                                                    "Actual Startup Time": 0.018,
                                                                    "Actual Total Time": 0.018,
                                                                    "Actual Rows": 2,
                                                                    "Actual Loops": 344,
                                                                    "Index Cond": "(mk.movie_id = t.id)",
                                                                    "Workers": [
                                                                        {
                                                                            "Worker Number": 0,
                                                                            "Actual Startup Time": 0.022,
                                                                            "Actual Total Time": 0.022,
                                                                            "Actual Rows": 2,
                                                                            "Actual Loops": 81
                                                                        },
                                                                        {
                                                                            "Worker Number": 1,
                                                                            "Actual Startup Time": 0.016,
                                                                            "Actual Total Time": 0.016,
                                                                            "Actual Rows": 1,
                                                                            "Actual Loops": 98
                                                                        },
                                                                        {
                                                                            "Worker Number": 2,
                                                                            "Actual Startup Time": 0.02,
                                                                            "Actual Total Time": 0.02,
                                                                            "Actual Rows": 1,
                                                                            "Actual Loops": 79
                                                                        }
                                                                    ]
                                                                }
                                                            ]
                                                        }
                                                    ]
                                                },
                                                {
                                                    "Node Type": "Bitmap Heap Scan",
                                                    "Parent Relationship": "Inner",
                                                    "Parallel Aware": false,
                                                    "Relation Name": "keyword",
                                                    "Schema": "public",
                                                    "Alias": "k",
                                                    "Startup Cost": 0.43,
                                                    "Total Cost": 4.44,
                                                    "Plan Rows": 1,
                                                    "Plan Width": 4,
                                                    "Actual Startup Time": 0.01,
                                                    "Actual Total Time": 0.01,
                                                    "Actual Rows": 1,
                                                    "Actual Loops": 517,
                                                    "Output": [
                                                        "k.id",
                                                        "k.keyword",
                                                        "k.phonetic_code"
                                                    ],
                                                    "Recheck Cond": "(k.id = mk.keyword_id)",
                                                    "Rows Removed by Index Recheck": 0,
                                                    "Exact Heap Blocks": 192,
                                                    "Lossy Heap Blocks": 0,
                                                    "Workers": [
                                                        {
                                                            "Worker Number": 0,
                                                            "Actual Startup Time": 0.012,
                                                            "Actual Total Time": 0.012,
                                                            "Actual Rows": 1,
                                                            "Actual Loops": 167
                                                        },
                                                        {
                                                            "Worker Number": 1,
                                                            "Actual Startup Time": 0.012,
                                                            "Actual Total Time": 0.012,
                                                            "Actual Rows": 1,
                                                            "Actual Loops": 84
                                                        },
                                                        {
                                                            "Worker Number": 2,
                                                            "Actual Startup Time": 0.011,
                                                            "Actual Total Time": 0.011,
                                                            "Actual Rows": 1,
                                                            "Actual Loops": 74
                                                        }
                                                    ],
                                                    "Plans": [
                                                        {
                                                            "Node Type": "Bitmap Index Scan",
                                                            "Parent Relationship": "Outer",
                                                            "Parallel Aware": false,
                                                            "Index Name": "keyword_pkey",
                                                            "Startup Cost": 0.0,
                                                            "Total Cost": 0.43,
                                                            "Plan Rows": 1,
                                                            "Plan Width": 0,
                                                            "Actual Startup Time": 0.006,
                                                            "Actual Total Time": 0.006,
                                                            "Actual Rows": 1,
                                                            "Actual Loops": 517,
                                                            "Index Cond": "(k.id = mk.keyword_id)",
                                                            "Workers": [
                                                                {
                                                                    "Worker Number": 0,
                                                                    "Actual Startup Time": 0.007,
                                                                    "Actual Total Time": 0.007,
                                                                    "Actual Rows": 1,
                                                                    "Actual Loops": 167
                                                                },
                                                                {
                                                                    "Worker Number": 1,
                                                                    "Actual Startup Time": 0.007,
                                                                    "Actual Total Time": 0.007,
                                                                    "Actual Rows": 1,
                                                                    "Actual Loops": 84
                                                                },
                                                                {
                                                                    "Worker Number": 2,
                                                                    "Actual Startup Time": 0.006,
                                                                    "Actual Total Time": 0.006,
                                                                    "Actual Rows": 1,
                                                                    "Actual Loops": 74
                                                                }
                                                            ]
                                                        }
                                                    ]
                                                }
                                            ]
                                        },
                                        {
                                            "Node Type": "Bitmap Heap Scan",
                                            "Parent Relationship": "Inner",
                                            "Parallel Aware": false,
                                            "Relation Name": "aka_title",
                                            "Schema": "public",
                                            "Alias": "at",
                                            "Startup Cost": 0.45,
                                            "Total Cost": 4.49,
                                            "Plan Rows": 3,
                                            "Plan Width": 4,
                                            "Actual Startup Time": 0.005,
                                            "Actual Total Time": 0.005,
                                            "Actual Rows": 0,
                                            "Actual Loops": 517,
                                            "Output": [
                                                "at.id",
                                                "at.movie_id",
                                                "at.title",
                                                "at.imdb_index",
                                                "at.kind_id",
                                                "at.production_year",
                                                "at.phonetic_code",
                                                "at.episode_of_id",
                                                "at.season_nr",
                                                "at.episode_nr",
                                                "at.note",
                                                "at.md5sum"
                                            ],
                                            "Recheck Cond": "(at.movie_id = t.id)",
                                            "Rows Removed by Index Recheck": 0,
                                            "Exact Heap Blocks": 0,
                                            "Lossy Heap Blocks": 0,
                                            "Workers": [
                                                {
                                                    "Worker Number": 0,
                                                    "Actual Startup Time": 0.005,
                                                    "Actual Total Time": 0.006,
                                                    "Actual Rows": 0,
                                                    "Actual Loops": 167
                                                },
                                                {
                                                    "Worker Number": 1,
                                                    "Actual Startup Time": 0.006,
                                                    "Actual Total Time": 0.006,
                                                    "Actual Rows": 0,
                                                    "Actual Loops": 84
                                                },
                                                {
                                                    "Worker Number": 2,
                                                    "Actual Startup Time": 0.007,
                                                    "Actual Total Time": 0.007,
                                                    "Actual Rows": 0,
                                                    "Actual Loops": 74
                                                }
                                            ],
                                            "Plans": [
                                                {
                                                    "Node Type": "Bitmap Index Scan",
                                                    "Parent Relationship": "Outer",
                                                    "Parallel Aware": false,
                                                    "Index Name": "movie_id_aka_title",
                                                    "Startup Cost": 0.0,
                                                    "Total Cost": 0.45,
                                                    "Plan Rows": 3,
                                                    "Plan Width": 0,
                                                    "Actual Startup Time": 0.004,
                                                    "Actual Total Time": 0.004,
                                                    "Actual Rows": 0,
                                                    "Actual Loops": 517,
                                                    "Index Cond": "(at.movie_id = t.id)",
                                                    "Workers": [
                                                        {
                                                            "Worker Number": 0,
                                                            "Actual Startup Time": 0.004,
                                                            "Actual Total Time": 0.004,
                                                            "Actual Rows": 0,
                                                            "Actual Loops": 167
                                                        },
                                                        {
                                                            "Worker Number": 1,
                                                            "Actual Startup Time": 0.005,
                                                            "Actual Total Time": 0.005,
                                                            "Actual Rows": 0,
                                                            "Actual Loops": 84
                                                        },
                                                        {
                                                            "Worker Number": 2,
                                                            "Actual Startup Time": 0.006,
                                                            "Actual Total Time": 0.006,
                                                            "Actual Rows": 0,
                                                            "Actual Loops": 74
                                                        }
                                                    ]
                                                }
                                            ]
                                        }
                                    ]
                                }
                            ]
                        }
                    ]
                }
            ]
        },
        "Planning Time": 1028.682,
        "Triggers": [],
        "Execution Time": 448.77
    }
]