[
  {
    "Plan": {
      "Node Type": "Aggregate",
      "Strategy": "Plain",
      "Partial Mode": "Finalize",
      "Parallel Aware": false,
      "Startup Cost": 46670.17,
      "Total Cost": 46670.18,
      "Plan Rows": 1,
      "Plan Width": 8,
      "Actual Startup Time": 96.526,
      "Actual Total Time": 108.761,
      "Actual Rows": 1,
      "Actual Loops": 1,
      "Plans": [
        {
          "Node Type": "Gather",
          "Parent Relationship": "Outer",
          "Parallel Aware": false,
          "Startup Cost": 46669.75,
          "Total Cost": 46670.16,
          "Plan Rows": 4,
          "Plan Width": 8,
          "Actual Startup Time": 96.26,
          "Actual Total Time": 108.751,
          "Actual Rows": 5,
          "Actual Loops": 1,
          "Workers Planned": 4,
          "Workers Launched": 4,
          "Single Copy": false,
          "Plans": [
            {
              "Node Type": "Aggregate",
              "Strategy": "Plain",
              "Partial Mode": "Partial",
              "Parent Relationship": "Outer",
              "Parallel Aware": false,
              "Startup Cost": 45669.75,
              "Total Cost": 45669.76,
              "Plan Rows": 1,
              "Plan Width": 8,
              "Actual Startup Time": 88.354,
              "Actual Total Time": 88.355,
              "Actual Rows": 1,
              "Actual Loops": 5,
              "Plans": [
                {
                  "Node Type": "Seq Scan",
                  "Parent Relationship": "Outer",
                  "Parallel Aware": true,
                  "Relation Name": "title",
                  "Alias": "t",
                  "Startup Cost": 0.0,
                  "Total Cost": 45479.1,
                  "Plan Rows": 76262,
                  "Plan Width": 0,
                  "Actual Startup Time": 0.062,
                  "Actual Total Time": 85.58,
                  "Actual Rows": 50040,
                  "Actual Loops": 5,
                  "Filter": "((kind_id < 3) AND (production_year > 2005))",
                  "Rows Removed by Filter": 455622
                }
              ]
            }
          ]
        }
      ]
    },
    "Planning Time": 0.206,
    "Triggers": [],
    "Execution Time": 108.819
  }
]