[
  {
    "Plan": {
      "Node Type": "Aggregate",
      "Strategy": "Plain",
      "Partial Mode": "Finalize",
      "Parallel Aware": false,
      "Startup Cost": 93869.45,
      "Total Cost": 93869.46,
      "Plan Rows": 1,
      "Plan Width": 8,
      "Actual Startup Time": 391.716,
      "Actual Total Time": 408.121,
      "Actual Rows": 1,
      "Actual Loops": 1,
      "Plans": [
        {
          "Node Type": "Gather",
          "Parent Relationship": "Outer",
          "Parallel Aware": false,
          "Startup Cost": 93869.13,
          "Total Cost": 93869.44,
          "Plan Rows": 3,
          "Plan Width": 8,
          "Actual Startup Time": 385.918,
          "Actual Total Time": 408.111,
          "Actual Rows": 4,
          "Actual Loops": 1,
          "Workers Planned": 3,
          "Workers Launched": 3,
          "Single Copy": false,
          "Plans": [
            {
              "Node Type": "Aggregate",
              "Strategy": "Plain",
              "Partial Mode": "Partial",
              "Parent Relationship": "Outer",
              "Parallel Aware": false,
              "Startup Cost": 92869.13,
              "Total Cost": 92869.14,
              "Plan Rows": 1,
              "Plan Width": 8,
              "Actual Startup Time": 377.476,
              "Actual Total Time": 377.479,
              "Actual Rows": 1,
              "Actual Loops": 4,
              "Plans": [
                {
                  "Node Type": "Hash Join",
                  "Parent Relationship": "Outer",
                  "Parallel Aware": true,
                  "Join Type": "Inner",
                  "Startup Cost": 48810.79,
                  "Total Cost": 92478.73,
                  "Plan Rows": 156160,
                  "Plan Width": 0,
                  "Actual Startup Time": 232.478,
                  "Actual Total Time": 374.31,
                  "Actual Rows": 66704,
                  "Actual Loops": 4,
                  "Inner Unique": true,
                  "Hash Cond": "(mk.movie_id = t.id)",
                  "Plans": [
                    {
                      "Node Type": "Seq Scan",
                      "Parent Relationship": "Outer",
                      "Parallel Aware": true,
                      "Relation Name": "movie_keyword",
                      "Alias": "mk",
                      "Startup Cost": 0.0,
                      "Total Cost": 42695.65,
                      "Plan Rows": 370397,
                      "Plan Width": 4,
                      "Actual Startup Time": 1.209,
                      "Actual Total Time": 94.933,
                      "Actual Rows": 287562,
                      "Actual Loops": 4,
                      "Filter": "(keyword_id > 16184)",
                      "Rows Removed by Filter": 843420
                    },
                    {
                      "Node Type": "Hash",
                      "Parent Relationship": "Inner",
                      "Parallel Aware": true,
                      "Startup Cost": 45479.59,
                      "Total Cost": 45479.59,
                      "Plan Rows": 266496,
                      "Plan Width": 4,
                      "Actual Startup Time": 225.188,
                      "Actual Total Time": 225.189,
                      "Actual Rows": 288088,
                      "Actual Loops": 4,
                      "Hash Buckets": 2097152,
                      "Original Hash Buckets": 2097152,
                      "Hash Batches": 1,
                      "Original Hash Batches": 1,
                      "Peak Memory Usage": 61536,
                      "Plans": [
                        {
                          "Node Type": "Seq Scan",
                          "Parent Relationship": "Outer",
                          "Parallel Aware": true,
                          "Relation Name": "title",
                          "Alias": "t",
                          "Startup Cost": 0.0,
                          "Total Cost": 45479.59,
                          "Plan Rows": 266496,
                          "Plan Width": 4,
                          "Actual Startup Time": 0.037,
                          "Actual Total Time": 112.345,
                          "Actual Rows": 288088,
                          "Actual Loops": 4,
                          "Filter": "((kind_id > 1) AND (production_year > 1999))",
                          "Rows Removed by Filter": 343990
                        }
                      ]
                    }
                  ]
                }
              ]
            }
          ]
        }
      ]
    },
    "Planning Time": 0.394,
    "Triggers": [],
    "Execution Time": 408.165
  }
]