[
  {
    "Plan": {
      "Node Type": "Aggregate",
      "Strategy": "Plain",
      "Partial Mode": "Finalize",
      "Parallel Aware": false,
      "Startup Cost": 93853.7,
      "Total Cost": 93853.71,
      "Plan Rows": 1,
      "Plan Width": 8,
      "Actual Startup Time": 461.847,
      "Actual Total Time": 480.948,
      "Actual Rows": 1,
      "Actual Loops": 1,
      "Plans": [
        {
          "Node Type": "Gather",
          "Parent Relationship": "Outer",
          "Parallel Aware": false,
          "Startup Cost": 93853.38,
          "Total Cost": 93853.69,
          "Plan Rows": 3,
          "Plan Width": 8,
          "Actual Startup Time": 454.594,
          "Actual Total Time": 480.937,
          "Actual Rows": 4,
          "Actual Loops": 1,
          "Workers Planned": 3,
          "Workers Launched": 3,
          "Single Copy": false,
          "Plans": [
            {
              "Node Type": "Aggregate",
              "Strategy": "Plain",
              "Partial Mode": "Partial",
              "Parent Relationship": "Outer",
              "Parallel Aware": false,
              "Startup Cost": 92853.38,
              "Total Cost": 92853.39,
              "Plan Rows": 1,
              "Plan Width": 8,
              "Actual Startup Time": 442.165,
              "Actual Total Time": 442.169,
              "Actual Rows": 1,
              "Actual Loops": 4,
              "Plans": [
                {
                  "Node Type": "Hash Join",
                  "Parent Relationship": "Outer",
                  "Parallel Aware": true,
                  "Join Type": "Inner",
                  "Startup Cost": 48795.6,
                  "Total Cost": 92464.36,
                  "Plan Rows": 155609,
                  "Plan Width": 0,
                  "Actual Startup Time": 265.829,
                  "Actual Total Time": 438.154,
                  "Actual Rows": 66704,
                  "Actual Loops": 4,
                  "Inner Unique": true,
                  "Hash Cond": "(mk.movie_id = t.id)",
                  "Plans": [
                    {
                      "Node Type": "Seq Scan",
                      "Parent Relationship": "Outer",
                      "Parallel Aware": true,
                      "Relation Name": "movie_keyword",
                      "Alias": "mk",
                      "Startup Cost": 0.0,
                      "Total Cost": 42695.65,
                      "Plan Rows": 370707,
                      "Plan Width": 4,
                      "Actual Startup Time": 1.499,
                      "Actual Total Time": 119.062,
                      "Actual Rows": 287562,
                      "Actual Loops": 4,
                      "Filter": "(keyword_id > 16184)",
                      "Rows Removed by Filter": 843420
                    },
                    {
                      "Node Type": "Hash",
                      "Parent Relationship": "Inner",
                      "Parallel Aware": true,
                      "Startup Cost": 45479.1,
                      "Total Cost": 45479.1,
                      "Plan Rows": 265320,
                      "Plan Width": 4,
                      "Actual Startup Time": 256.06,
                      "Actual Total Time": 256.061,
                      "Actual Rows": 288088,
                      "Actual Loops": 4,
                      "Hash Buckets": 2097152,
                      "Original Hash Buckets": 2097152,
                      "Hash Batches": 1,
                      "Original Hash Batches": 1,
                      "Peak Memory Usage": 61536,
                      "Plans": [
                        {
                          "Node Type": "Seq Scan",
                          "Parent Relationship": "Outer",
                          "Parallel Aware": true,
                          "Relation Name": "title",
                          "Alias": "t",
                          "Startup Cost": 0.0,
                          "Total Cost": 45479.1,
                          "Plan Rows": 265320,
                          "Plan Width": 4,
                          "Actual Startup Time": 0.039,
                          "Actual Total Time": 129.613,
                          "Actual Rows": 288088,
                          "Actual Loops": 4,
                          "Filter": "((kind_id > 1) AND (production_year > 1999))",
                          "Rows Removed by Filter": 343990
                        }
                      ]
                    }
                  ]
                }
              ]
            }
          ]
        }
      ]
    },
    "Planning Time": 0.698,
    "Triggers": [],
    "Execution Time": 481.032
  }
]