[
  {
    "Plan": {
      "Node Type": "Aggregate",
      "Strategy": "Plain",
      "Partial Mode": "Finalize",
      "Parallel Aware": false,
      "Startup Cost": 30954.33,
      "Total Cost": 30954.34,
      "Plan Rows": 1,
      "Plan Width": 8,
      "Actual Startup Time": 101.218,
      "Actual Total Time": 107.488,
      "Actual Rows": 1,
      "Actual Loops": 1,
      "Plans": [
        {
          "Node Type": "Gather",
          "Parent Relationship": "Outer",
          "Parallel Aware": false,
          "Startup Cost": 30954.01,
          "Total Cost": 30954.32,
          "Plan Rows": 3,
          "Plan Width": 8,
          "Actual Startup Time": 101.082,
          "Actual Total Time": 107.473,
          "Actual Rows": 4,
          "Actual Loops": 1,
          "Workers Planned": 3,
          "Workers Launched": 3,
          "Single Copy": false,
          "Plans": [
            {
              "Node Type": "Aggregate",
              "Strategy": "Plain",
              "Partial Mode": "Partial",
              "Parent Relationship": "Outer",
              "Parallel Aware": false,
              "Startup Cost": 29954.01,
              "Total Cost": 29954.02,
              "Plan Rows": 1,
              "Plan Width": 8,
              "Actual Startup Time": 92.639,
              "Actual Total Time": 92.64,
              "Actual Rows": 1,
              "Actual Loops": 4,
              "Plans": [
                {
                  "Node Type": "Seq Scan",
                  "Parent Relationship": "Outer",
                  "Parallel Aware": true,
                  "Relation Name": "movie_companies",
                  "Alias": "mc",
                  "Startup Cost": 0.0,
                  "Total Cost": 29310.68,
                  "Plan Rows": 257332,
                  "Plan Width": 0,
                  "Actual Startup Time": 0.025,
                  "Actual Total Time": 78.791,
                  "Actual Rows": 199036,
                  "Actual Loops": 4,
                  "Filter": "(company_id < 1727)",
                  "Rows Removed by Filter": 453246
                }
              ]
            }
          ]
        }
      ]
    },
    "Planning Time": 0.205,
    "Triggers": [],
    "Execution Time": 107.555
  }
]