[
  {
    "Plan": {
      "Node Type": "Aggregate",
      "Strategy": "Plain",
      "Partial Mode": "Finalize",
      "Parallel Aware": false,
      "Startup Cost": 136681.26,
      "Total Cost": 136681.27,
      "Plan Rows": 1,
      "Plan Width": 8,
      "Actual Startup Time": 474.618,
      "Actual Total Time": 516.473,
      "Actual Rows": 1,
      "Actual Loops": 1,
      "Plans": [
        {
          "Node Type": "Gather",
          "Parent Relationship": "Outer",
          "Parallel Aware": false,
          "Startup Cost": 136680.84,
          "Total Cost": 136681.25,
          "Plan Rows": 4,
          "Plan Width": 8,
          "Actual Startup Time": 473.694,
          "Actual Total Time": 516.463,
          "Actual Rows": 5,
          "Actual Loops": 1,
          "Workers Planned": 4,
          "Workers Launched": 4,
          "Single Copy": false,
          "Plans": [
            {
              "Node Type": "Aggregate",
              "Strategy": "Plain",
              "Partial Mode": "Partial",
              "Parent Relationship": "Outer",
              "Parallel Aware": false,
              "Startup Cost": 135680.84,
              "Total Cost": 135680.85,
              "Plan Rows": 1,
              "Plan Width": 8,
              "Actual Startup Time": 463.362,
              "Actual Total Time": 463.366,
              "Actual Rows": 1,
              "Actual Loops": 5,
              "Plans": [
                {
                  "Node Type": "Nested Loop",
                  "Parent Relationship": "Outer",
                  "Parallel Aware": false,
                  "Join Type": "Inner",
                  "Startup Cost": 26150.66,
                  "Total Cost": 135200.64,
                  "Plan Rows": 192078,
                  "Plan Width": 0,
                  "Actual Startup Time": 81.599,
                  "Actual Total Time": 454.191,
                  "Actual Rows": 127243,
                  "Actual Loops": 5,
                  "Inner Unique": false,
                  "Plans": [
                    {
                      "Node Type": "Hash Join",
                      "Parent Relationship": "Outer",
                      "Parallel Aware": true,
                      "Join Type": "Inner",
                      "Startup Cost": 26150.23,
                      "Total Cost": 71735.28,
                      "Plan Rows": 32849,
                      "Plan Width": 8,
                      "Actual Startup Time": 81.508,
                      "Actual Total Time": 232.74,
                      "Actual Rows": 11993,
                      "Actual Loops": 5,
                      "Inner Unique": false,
                      "Hash Cond": "(t.id = mc.movie_id)",
                      "Plans": [
                        {
                          "Node Type": "Seq Scan",
                          "Parent Relationship": "Outer",
                          "Parallel Aware": true,
                          "Relation Name": "title",
                          "Alias": "t",
                          "Startup Cost": 0.0,
                          "Total Cost": 42318.73,
                          "Plan Rows": 632073,
                          "Plan Width": 4,
                          "Actual Startup Time": 0.011,
                          "Actual Total Time": 73.342,
                          "Actual Rows": 505662,
                          "Actual Loops": 5
                        },
                        {
                          "Node Type": "Hash",
                          "Parent Relationship": "Inner",
                          "Parallel Aware": true,
                          "Startup Cost": 25620.4,
                          "Total Cost": 25620.4,
                          "Plan Rows": 42386,
                          "Plan Width": 4,
                          "Actual Startup Time": 79.52,
                          "Actual Total Time": 79.522,
                          "Actual Rows": 11993,
                          "Actual Loops": 5,
                          "Hash Buckets": 262144,
                          "Original Hash Buckets": 262144,
                          "Hash Batches": 1,
                          "Original Hash Batches": 1,
                          "Peak Memory Usage": 4480,
                          "Plans": [
                            {
                              "Node Type": "Bitmap Heap Scan",
                              "Parent Relationship": "Outer",
                              "Parallel Aware": true,
                              "Relation Name": "movie_companies",
                              "Alias": "mc",
                              "Startup Cost": 5578.2,
                              "Total Cost": 25620.4,
                              "Plan Rows": 42386,
                              "Plan Width": 4,
                              "Actual Startup Time": 62.483,
                              "Actual Total Time": 75.014,
                              "Actual Rows": 11993,
                              "Actual Loops": 5,
                              "Recheck Cond": "(company_id < 127)",
                              "Rows Removed by Index Recheck": 0,
                              "Filter": "(company_type_id = 2)",
                              "Rows Removed by Filter": 39416,
                              "Exact Heap Blocks": 7485,
                              "Lossy Heap Blocks": 0,
                              "Plans": [
                                {
                                  "Node Type": "Bitmap Index Scan",
                                  "Parent Relationship": "Outer",
                                  "Parallel Aware": false,
                                  "Index Name": "company_id_movie_companies",
                                  "Startup Cost": 0.0,
                                  "Total Cost": 5545.35,
                                  "Plan Rows": 258789,
                                  "Plan Width": 0,
                                  "Actual Startup Time": 24.694,
                                  "Actual Total Time": 24.694,
                                  "Actual Rows": 257045,
                                  "Actual Loops": 1,
                                  "Index Cond": "(company_id < 127)"
                                }
                              ]
                            }
                          ]
                        }
                      ]
                    },
                    {
                      "Node Type": "Index Only Scan",
                      "Parent Relationship": "Inner",
                      "Parallel Aware": false,
                      "Scan Direction": "Forward",
                      "Index Name": "movie_id_movie_info",
                      "Relation Name": "movie_info",
                      "Alias": "mi",
                      "Startup Cost": 0.43,
                      "Total Cost": 1.51,
                      "Plan Rows": 42,
                      "Plan Width": 4,
                      "Actual Startup Time": 0.006,
                      "Actual Total Time": 0.017,
                      "Actual Rows": 11,
                      "Actual Loops": 59966,
                      "Index Cond": "(movie_id = t.id)",
                      "Rows Removed by Index Recheck": 0,
                      "Heap Fetches": 636215
                    }
                  ]
                }
              ]
            }
          ]
        }
      ]
    },
    "Planning Time": 1.477,
    "Triggers": [],
    "Execution Time": 516.589
  }
]