[
  {
    "Plan": {
      "Node Type": "Aggregate",
      "Strategy": "Plain",
      "Partial Mode": "Finalize",
      "Parallel Aware": false,
      "Startup Cost": 36949.73,
      "Total Cost": 36949.74,
      "Plan Rows": 1,
      "Plan Width": 8,
      "Actual Startup Time": 122.784,
      "Actual Total Time": 130.986,
      "Actual Rows": 1,
      "Actual Loops": 1,
      "Plans": [
        {
          "Node Type": "Gather",
          "Parent Relationship": "Outer",
          "Parallel Aware": false,
          "Startup Cost": 36949.41,
          "Total Cost": 36949.72,
          "Plan Rows": 3,
          "Plan Width": 8,
          "Actual Startup Time": 122.499,
          "Actual Total Time": 130.978,
          "Actual Rows": 4,
          "Actual Loops": 1,
          "Workers Planned": 3,
          "Workers Launched": 3,
          "Single Copy": false,
          "Plans": [
            {
              "Node Type": "Aggregate",
              "Strategy": "Plain",
              "Partial Mode": "Partial",
              "Parent Relationship": "Outer",
              "Parallel Aware": false,
              "Startup Cost": 35949.41,
              "Total Cost": 35949.42,
              "Plan Rows": 1,
              "Plan Width": 8,
              "Actual Startup Time": 113.693,
              "Actual Total Time": 113.694,
              "Actual Rows": 1,
              "Actual Loops": 4,
              "Plans": [
                {
                  "Node Type": "Bitmap Heap Scan",
                  "Parent Relationship": "Outer",
                  "Parallel Aware": true,
                  "Relation Name": "movie_keyword",
                  "Alias": "mk",
                  "Startup Cost": 9360.25,
                  "Total Cost": 35593.55,
                  "Plan Rows": 142344,
                  "Plan Width": 0,
                  "Actual Startup Time": 41.416,
                  "Actual Total Time": 107.459,
                  "Actual Rows": 107502,
                  "Actual Loops": 4,
                  "Recheck Cond": "(keyword_id > 40674)",
                  "Rows Removed by Index Recheck": 0,
                  "Exact Heap Blocks": 10392,
                  "Lossy Heap Blocks": 0,
                  "Plans": [
                    {
                      "Node Type": "Bitmap Index Scan",
                      "Parent Relationship": "Outer",
                      "Parallel Aware": false,
                      "Index Name": "keyword_id_movie_keyword",
                      "Startup Cost": 0.0,
                      "Total Cost": 9249.94,
                      "Plan Rows": 441267,
                      "Plan Width": 0,
                      "Actual Startup Time": 46.0,
                      "Actual Total Time": 46.0,
                      "Actual Rows": 430007,
                      "Actual Loops": 1,
                      "Index Cond": "(keyword_id > 40674)"
                    }
                  ]
                }
              ]
            }
          ]
        }
      ]
    },
    "Planning Time": 0.184,
    "Triggers": [],
    "Execution Time": 131.061
  }
]