[
  {
    "Plan": {
      "Node Type": "Aggregate",
      "Strategy": "Plain",
      "Partial Mode": "Finalize",
      "Parallel Aware": false,
      "Startup Cost": 248804.01,
      "Total Cost": 248804.02,
      "Plan Rows": 1,
      "Plan Width": 8,
      "Actual Startup Time": 1065.187,
      "Actual Total Time": 1111.075,
      "Actual Rows": 1,
      "Actual Loops": 1,
      "Plans": [
        {
          "Node Type": "Gather",
          "Parent Relationship": "Outer",
          "Parallel Aware": false,
          "Startup Cost": 248803.49,
          "Total Cost": 248804.0,
          "Plan Rows": 5,
          "Plan Width": 8,
          "Actual Startup Time": 1062.363,
          "Actual Total Time": 1111.061,
          "Actual Rows": 6,
          "Actual Loops": 1,
          "Workers Planned": 5,
          "Workers Launched": 5,
          "Single Copy": false,
          "Plans": [
            {
              "Node Type": "Aggregate",
              "Strategy": "Plain",
              "Partial Mode": "Partial",
              "Parent Relationship": "Outer",
              "Parallel Aware": false,
              "Startup Cost": 247803.49,
              "Total Cost": 247803.5,
              "Plan Rows": 1,
              "Plan Width": 8,
              "Actual Startup Time": 1052.395,
              "Actual Total Time": 1052.398,
              "Actual Rows": 1,
              "Actual Loops": 6,
              "Plans": [
                {
                  "Node Type": "Hash Join",
                  "Parent Relationship": "Outer",
                  "Parallel Aware": true,
                  "Join Type": "Inner",
                  "Startup Cost": 46946.22,
                  "Total Cost": 246425.63,
                  "Plan Rows": 551144,
                  "Plan Width": 0,
                  "Actual Startup Time": 144.112,
                  "Actual Total Time": 996.84,
                  "Actual Rows": 1087680,
                  "Actual Loops": 6,
                  "Inner Unique": true,
                  "Hash Cond": "(mi.movie_id = t.id)",
                  "Plans": [
                    {
                      "Node Type": "Seq Scan",
                      "Parent Relationship": "Outer",
                      "Parallel Aware": true,
                      "Relation Name": "movie_info",
                      "Alias": "mi",
                      "Startup Cost": 0.0,
                      "Total Cost": 191685.19,
                      "Plan Rows": 2969219,
                      "Plan Width": 4,
                      "Actual Startup Time": 0.029,
                      "Actual Total Time": 320.135,
                      "Actual Rows": 2472620,
                      "Actual Loops": 6
                    },
                    {
                      "Node Type": "Hash",
                      "Parent Relationship": "Inner",
                      "Parallel Aware": true,
                      "Startup Cost": 45479.59,
                      "Total Cost": 45479.59,
                      "Plan Rows": 117331,
                      "Plan Width": 4,
                      "Actual Startup Time": 126.76,
                      "Actual Total Time": 126.761,
                      "Actual Rows": 82671,
                      "Actual Loops": 6,
                      "Hash Buckets": 524288,
                      "Original Hash Buckets": 524288,
                      "Hash Batches": 1,
                      "Original Hash Batches": 1,
                      "Peak Memory Usage": 23584,
                      "Plans": [
                        {
                          "Node Type": "Seq Scan",
                          "Parent Relationship": "Outer",
                          "Parallel Aware": true,
                          "Relation Name": "title",
                          "Alias": "t",
                          "Startup Cost": 0.0,
                          "Total Cost": 45479.59,
                          "Plan Rows": 117331,
                          "Plan Width": 4,
                          "Actual Startup Time": 54.483,
                          "Actual Total Time": 91.769,
                          "Actual Rows": 82671,
                          "Actual Loops": 6,
                          "Filter": "((kind_id < 2) AND (production_year < 2009))",
                          "Rows Removed by Filter": 338714
                        }
                      ]
                    }
                  ]
                }
              ]
            }
          ]
        }
      ]
    },
    "Planning Time": 0.92,
    "Triggers": [],
    "Execution Time": 1111.165
  }
]