[
  {
    "Plan": {
      "Node Type": "Aggregate",
      "Strategy": "Plain",
      "Partial Mode": "Finalize",
      "Parallel Aware": false,
      "Startup Cost": 32836.16,
      "Total Cost": 32836.17,
      "Plan Rows": 1,
      "Plan Width": 8,
      "Actual Startup Time": 104.33,
      "Actual Total Time": 112.346,
      "Actual Rows": 1,
      "Actual Loops": 1,
      "Plans": [
        {
          "Node Type": "Gather",
          "Parent Relationship": "Outer",
          "Parallel Aware": false,
          "Startup Cost": 32835.84,
          "Total Cost": 32836.15,
          "Plan Rows": 3,
          "Plan Width": 8,
          "Actual Startup Time": 104.204,
          "Actual Total Time": 112.337,
          "Actual Rows": 4,
          "Actual Loops": 1,
          "Workers Planned": 3,
          "Workers Launched": 3,
          "Single Copy": false,
          "Plans": [
            {
              "Node Type": "Aggregate",
              "Strategy": "Plain",
              "Partial Mode": "Partial",
              "Parent Relationship": "Outer",
              "Parallel Aware": false,
              "Startup Cost": 31835.84,
              "Total Cost": 31835.85,
              "Plan Rows": 1,
              "Plan Width": 8,
              "Actual Startup Time": 97.022,
              "Actual Total Time": 97.023,
              "Actual Rows": 1,
              "Actual Loops": 4,
              "Plans": [
                {
                  "Node Type": "Seq Scan",
                  "Parent Relationship": "Outer",
                  "Parallel Aware": true,
                  "Relation Name": "movie_companies",
                  "Alias": "mc",
                  "Startup Cost": 0.0,
                  "Total Cost": 31414.82,
                  "Plan Rows": 168410,
                  "Plan Width": 0,
                  "Actual Startup Time": 51.696,
                  "Actual Total Time": 91.979,
                  "Actual Rows": 78236,
                  "Actual Loops": 4,
                  "Filter": "((company_id < 5584) AND (company_type_id = 2))",
                  "Rows Removed by Filter": 574047
                }
              ]
            }
          ]
        }
      ]
    },
    "Planning Time": 0.18,
    "Triggers": [],
    "Execution Time": 112.397
  }
]