{
  "Plan": {
    "Node Type": "Aggregate",
    "Strategy": "Plain",
    "Partial Mode": "Finalize",
    "Parallel Aware": false,
    "Startup Cost": 110600.52,
    "Total Cost": 110600.53,
    "Plan Rows": 1,
    "Plan Width": 8,
    "Actual Startup Time": 737.046,
    "Actual Total Time": 758.981,
    "Actual Rows": 1,
    "Actual Loops": 1,
    "Plans": [
      {
        "Node Type": "Gather",
        "Parent Relationship": "Outer",
        "Parallel Aware": false,
        "Startup Cost": 110600.41,
        "Total Cost": 110600.52,
        "Plan Rows": 1,
        "Plan Width": 8,
        "Actual Startup Time": 730.43,
        "Actual Total Time": 758.972,
        "Actual Rows": 2,
        "Actual Loops": 1,
        "Workers Planned": 1,
        "Workers Launched": 1,
        "Single Copy": false,
        "Plans": [
          {
            "Node Type": "Aggregate",
            "Strategy": "Plain",
            "Partial Mode": "Partial",
            "Parent Relationship": "Outer",
            "Parallel Aware": false,
            "Startup Cost": 109600.41,
            "Total Cost": 109600.42,
            "Plan Rows": 1,
            "Plan Width": 8,
            "Actual Startup Time": 718.976,
            "Actual Total Time": 718.98,
            "Actual Rows": 1,
            "Actual Loops": 2,
            "Plans": [
              {
                "Node Type": "Hash Join",
                "Parent Relationship": "Outer",
                "Parallel Aware": true,
                "Join Type": "Inner",
                "Startup Cost": 79997.81,
                "Total Cost": 108870.11,
                "Plan Rows": 292119,
                "Plan Width": 0,
                "Actual Startup Time": 559.177,
                "Actual Total Time": 707.842,
                "Actual Rows": 253329,
                "Actual Loops": 2,
                "Inner Unique": true,
                "Hash Cond": "(mk.movie_id = t.id)",
                "Plans": [
                  {
                    "Node Type": "Bitmap Heap Scan",
                    "Parent Relationship": "Outer",
                    "Parallel Aware": true,
                    "Relation Name": "movie_keyword",
                    "Alias": "mk",
                    "Startup Cost": 10537.11,
                    "Total Cost": 38642.6,
                    "Plan Rows": 292119,
                    "Plan Width": 4,
                    "Actual Startup Time": 27.339,
                    "Actual Total Time": 92.599,
                    "Actual Rows": 253329,
                    "Actual Loops": 2,
                    "Recheck Cond": "(keyword_id < 369)",
                    "Rows Removed by Index Recheck": 0,
                    "Exact Heap Blocks": 13549,
                    "Lossy Heap Blocks": 0,
                    "Plans": [
                      {
                        "Node Type": "Bitmap Index Scan",
                        "Parent Relationship": "Outer",
                        "Parallel Aware": false,
                        "Index Name": "keyword_id_movie_keyword",
                        "Startup Cost": 0.0,
                        "Total Cost": 10412.95,
                        "Plan Rows": 496603,
                        "Plan Width": 0,
                        "Actual Startup Time": 23.753,
                        "Actual Total Time": 23.753,
                        "Actual Rows": 506658,
                        "Actual Loops": 1,
                        "Index Cond": "(keyword_id < 369)"
                      }
                    ]
                  },
                  {
                    "Node Type": "Hash",
                    "Parent Relationship": "Inner",
                    "Parallel Aware": true,
                    "Startup Cost": 50870.31,
                    "Total Cost": 50870.31,
                    "Plan Rows": 1487231,
                    "Plan Width": 4,
                    "Actual Startup Time": 510.552,
                    "Actual Total Time": 510.553,
                    "Actual Rows": 1264156,
                    "Actual Loops": 2,
                    "Hash Buckets": 4194304,
                    "Original Hash Buckets": 4194304,
                    "Hash Batches": 1,
                    "Original Hash Batches": 1,
                    "Peak Memory Usage": 131712,
                    "Plans": [
                      {
                        "Node Type": "Seq Scan",
                        "Parent Relationship": "Outer",
                        "Parallel Aware": true,
                        "Relation Name": "title",
                        "Alias": "t",
                        "Startup Cost": 0.0,
                        "Total Cost": 50870.31,
                        "Plan Rows": 1487231,
                        "Plan Width": 4,
                        "Actual Startup Time": 0.026,
                        "Actual Total Time": 149.344,
                        "Actual Rows": 1264156,
                        "Actual Loops": 2
                      }
                    ]
                  }
                ]
              }
            ]
          }
        ]
      }
    ]
  },
  "Planning Time": 0.719,
  "Triggers": [],
  "Execution Time": 759.074
}