[
  {
    "Plan": {
      "Node Type": "Aggregate",
      "Strategy": "Plain",
      "Partial Mode": "Finalize",
      "Parallel Aware": false,
      "Startup Cost": 49961.33,
      "Total Cost": 49961.34,
      "Plan Rows": 1,
      "Plan Width": 8,
      "Actual Startup Time": 105.516,
      "Actual Total Time": 120.395,
      "Actual Rows": 1,
      "Actual Loops": 1,
      "Plans": [
        {
          "Node Type": "Gather",
          "Parent Relationship": "Outer",
          "Parallel Aware": false,
          "Startup Cost": 49960.91,
          "Total Cost": 49961.32,
          "Plan Rows": 4,
          "Plan Width": 8,
          "Actual Startup Time": 105.396,
          "Actual Total Time": 120.388,
          "Actual Rows": 5,
          "Actual Loops": 1,
          "Workers Planned": 4,
          "Workers Launched": 4,
          "Single Copy": false,
          "Plans": [
            {
              "Node Type": "Aggregate",
              "Strategy": "Plain",
              "Partial Mode": "Partial",
              "Parent Relationship": "Outer",
              "Parallel Aware": false,
              "Startup Cost": 48960.91,
              "Total Cost": 48960.92,
              "Plan Rows": 1,
              "Plan Width": 8,
              "Actual Startup Time": 96.644,
              "Actual Total Time": 96.645,
              "Actual Rows": 1,
              "Actual Loops": 5,
              "Plans": [
                {
                  "Node Type": "Nested Loop",
                  "Parent Relationship": "Outer",
                  "Parallel Aware": false,
                  "Join Type": "Inner",
                  "Startup Cost": 0.43,
                  "Total Cost": 48960.68,
                  "Plan Rows": 90,
                  "Plan Width": 0,
                  "Actual Startup Time": 17.521,
                  "Actual Total Time": 96.573,
                  "Actual Rows": 696,
                  "Actual Loops": 5,
                  "Inner Unique": false,
                  "Plans": [
                    {
                      "Node Type": "Seq Scan",
                      "Parent Relationship": "Outer",
                      "Parallel Aware": true,
                      "Relation Name": "title",
                      "Alias": "t",
                      "Startup Cost": 0.0,
                      "Total Cost": 45479.1,
                      "Plan Rows": 178,
                      "Plan Width": 4,
                      "Actual Startup Time": 17.398,
                      "Actual Total Time": 89.518,
                      "Actual Rows": 387,
                      "Actual Loops": 5,
                      "Filter": "((kind_id < 7) AND (production_year = 1946))",
                      "Rows Removed by Filter": 505275
                    },
                    {
                      "Node Type": "Index Scan",
                      "Parent Relationship": "Inner",
                      "Parallel Aware": false,
                      "Scan Direction": "Forward",
                      "Index Name": "movie_id_movie_companies",
                      "Relation Name": "movie_companies",
                      "Alias": "mc",
                      "Startup Cost": 0.43,
                      "Total Cost": 19.53,
                      "Plan Rows": 3,
                      "Plan Width": 4,
                      "Actual Startup Time": 0.014,
                      "Actual Total Time": 0.017,
                      "Actual Rows": 2,
                      "Actual Loops": 1937,
                      "Index Cond": "(movie_id = t.id)",
                      "Rows Removed by Index Recheck": 0,
                      "Filter": "(company_type_id = 1)",
                      "Rows Removed by Filter": 1
                    }
                  ]
                }
              ]
            }
          ]
        }
      ]
    },
    "Planning Time": 0.639,
    "Triggers": [],
    "Execution Time": 120.465
  }
]