[
  {
    "Plan": {
      "Node Type": "Aggregate",
      "Strategy": "Plain",
      "Partial Mode": "Finalize",
      "Parallel Aware": false,
      "Startup Cost": 79753.79,
      "Total Cost": 79753.8,
      "Plan Rows": 1,
      "Plan Width": 8,
      "Actual Startup Time": 391.068,
      "Actual Total Time": 408.387,
      "Actual Rows": 1,
      "Actual Loops": 1,
      "Plans": [
        {
          "Node Type": "Gather",
          "Parent Relationship": "Outer",
          "Parallel Aware": false,
          "Startup Cost": 79753.37,
          "Total Cost": 79753.78,
          "Plan Rows": 4,
          "Plan Width": 8,
          "Actual Startup Time": 385.214,
          "Actual Total Time": 408.376,
          "Actual Rows": 5,
          "Actual Loops": 1,
          "Workers Planned": 4,
          "Workers Launched": 4,
          "Single Copy": false,
          "Plans": [
            {
              "Node Type": "Aggregate",
              "Strategy": "Plain",
              "Partial Mode": "Partial",
              "Parent Relationship": "Outer",
              "Parallel Aware": false,
              "Startup Cost": 78753.37,
              "Total Cost": 78753.38,
              "Plan Rows": 1,
              "Plan Width": 8,
              "Actual Startup Time": 375.632,
              "Actual Total Time": 375.635,
              "Actual Rows": 1,
              "Actual Loops": 5,
              "Plans": [
                {
                  "Node Type": "Hash Join",
                  "Parent Relationship": "Outer",
                  "Parallel Aware": true,
                  "Join Type": "Inner",
                  "Startup Cost": 32235.84,
                  "Total Cost": 78299.97,
                  "Plan Rows": 181360,
                  "Plan Width": 0,
                  "Actual Startup Time": 139.673,
                  "Actual Total Time": 368.025,
                  "Actual Rows": 147903,
                  "Actual Loops": 5,
                  "Inner Unique": false,
                  "Hash Cond": "(t.id = mc.movie_id)",
                  "Plans": [
                    {
                      "Node Type": "Seq Scan",
                      "Parent Relationship": "Outer",
                      "Parallel Aware": true,
                      "Relation Name": "title",
                      "Alias": "t",
                      "Startup Cost": 0.0,
                      "Total Cost": 42318.73,
                      "Plan Rows": 632073,
                      "Plan Width": 4,
                      "Actual Startup Time": 0.011,
                      "Actual Total Time": 72.847,
                      "Actual Rows": 505662,
                      "Actual Loops": 5
                    },
                    {
                      "Node Type": "Hash",
                      "Parent Relationship": "Inner",
                      "Parallel Aware": true,
                      "Startup Cost": 29310.68,
                      "Total Cost": 29310.68,
                      "Plan Rows": 234013,
                      "Plan Width": 4,
                      "Actual Startup Time": 135.314,
                      "Actual Total Time": 135.315,
                      "Actual Rows": 147903,
                      "Actual Loops": 5,
                      "Hash Buckets": 1048576,
                      "Original Hash Buckets": 1048576,
                      "Hash Batches": 1,
                      "Original Hash Batches": 1,
                      "Peak Memory Usage": 37184,
                      "Plans": [
                        {
                          "Node Type": "Seq Scan",
                          "Parent Relationship": "Outer",
                          "Parallel Aware": true,
                          "Relation Name": "movie_companies",
                          "Alias": "mc",
                          "Startup Cost": 0.0,
                          "Total Cost": 29310.68,
                          "Plan Rows": 234013,
                          "Plan Width": 4,
                          "Actual Startup Time": 28.864,
                          "Actual Total Time": 78.755,
                          "Actual Rows": 147903,
                          "Actual Loops": 5,
                          "Filter": "(company_id > 38794)",
                          "Rows Removed by Filter": 373922
                        }
                      ]
                    }
                  ]
                }
              ]
            }
          ]
        }
      ]
    },
    "Planning Time": 0.616,
    "Triggers": [],
    "Execution Time": 408.459
  }
]