{
    "Plan": {
        "Node Type": "Aggregate",
        "Strategy": "Plain",
        "Partial Mode": "Simple",
        "Parallel Aware": false,
        "Startup Cost": 30002639392.05,
        "Total Cost": 30002639392.06,
        "Plan Rows": 1,
        "Plan Width": 96,
        "Actual Startup Time": 6728.515,
        "Actual Total Time": 6728.663,
        "Actual Rows": 1,
        "Actual Loops": 1,
        "Output": [
            "min(cn.name)",
            "min((lt.link)::text)",
            "min(t.title)"
        ],
        "Plans": [
            {
                "Node Type": "Nested Loop",
                "Parent Relationship": "Outer",
                "Parallel Aware": false,
                "Join Type": "Inner",
                "Startup Cost": 30002639134.54,
                "Total Cost": 30002639392.04,
                "Plan Rows": 1,
                "Plan Width": 48,
                "Actual Startup Time": 6717.165,
                "Actual Total Time": 6728.128,
                "Actual Rows": 1474,
                "Actual Loops": 1,
                "Output": [
                    "cn.name",
                    "lt.link",
                    "t.title"
                ],
                "Inner Unique": true,
                "Join Filter": "(ml.movie_id = t.id)",
                "Rows Removed by Join Filter": 0,
                "Plans": [
                    {
                        "Node Type": "Merge Join",
                        "Parent Relationship": "Outer",
                        "Parallel Aware": false,
                        "Join Type": "Inner",
                        "Startup Cost": 20002639134.09,
                        "Total Cost": 20002639387.57,
                        "Plan Rows": 1,
                        "Plan Width": 47,
                        "Actual Startup Time": 6717.128,
                        "Actual Total Time": 6721.092,
                        "Actual Rows": 1476,
                        "Actual Loops": 1,
                        "Output": [
                            "cn.name",
                            "mc.movie_id",
                            "mi.movie_id",
                            "mk.movie_id",
                            "ml.movie_id",
                            "lt.link"
                        ],
                        "Inner Unique": false,
                        "Merge Cond": "(mc.company_id = cn.id)",
                        "Plans": [
                            {
                                "Node Type": "Sort",
                                "Parent Relationship": "Outer",
                                "Parallel Aware": false,
                                "Startup Cost": 10002628061.78,
                                "Total Cost": 10002628061.79,
                                "Plan Rows": 1,
                                "Plan Width": 32,
                                "Actual Startup Time": 6662.636,
                                "Actual Total Time": 6663.075,
                                "Actual Rows": 3505,
                                "Actual Loops": 1,
                                "Output": [
                                    "mc.movie_id",
                                    "mc.company_id",
                                    "mi.movie_id",
                                    "mk.movie_id",
                                    "ml.movie_id",
                                    "lt.link"
                                ],
                                "Sort Key": [
                                    "mc.company_id"
                                ],
                                "Sort Method": "quicksort",
                                "Sort Space Used": 370,
                                "Sort Space Type": "Memory",
                                "Plans": [
                                    {
                                        "Node Type": "Hash Join",
                                        "Parent Relationship": "Outer",
                                        "Parallel Aware": false,
                                        "Join Type": "Inner",
                                        "Startup Cost": 10002626878.09,
                                        "Total Cost": 10002628061.77,
                                        "Plan Rows": 1,
                                        "Plan Width": 32,
                                        "Actual Startup Time": 6654.276,
                                        "Actual Total Time": 6662.198,
                                        "Actual Rows": 3505,
                                        "Actual Loops": 1,
                                        "Output": [
                                            "mc.movie_id",
                                            "mc.company_id",
                                            "mi.movie_id",
                                            "mk.movie_id",
                                            "ml.movie_id",
                                            "lt.link"
                                        ],
                                        "Inner Unique": true,
                                        "Hash Cond": "(ml.link_type_id = lt.id)",
                                        "Plans": [
                                            {
                                                "Node Type": "Hash Join",
                                                "Parent Relationship": "Outer",
                                                "Parallel Aware": false,
                                                "Join Type": "Inner",
                                                "Startup Cost": 2626865.63,
                                                "Total Cost": 2628049.27,
                                                "Plan Rows": 11,
                                                "Plan Width": 24,
                                                "Actual Startup Time": 6654.247,
                                                "Actual Total Time": 6661.703,
                                                "Actual Rows": 3611,
                                                "Actual Loops": 1,
                                                "Output": [
                                                    "mc.movie_id",
                                                    "mc.company_id",
                                                    "mi.movie_id",
                                                    "mk.movie_id",
                                                    "ml.link_type_id",
                                                    "ml.movie_id"
                                                ],
                                                "Inner Unique": false,
                                                "Hash Cond": "(mc.company_type_id = ct.id)",
                                                "Plans": [
                                                    {
                                                        "Node Type": "Merge Join",
                                                        "Parent Relationship": "Outer",
                                                        "Parallel Aware": false,
                                                        "Join Type": "Inner",
                                                        "Startup Cost": 2626864.57,
                                                        "Total Cost": 2628047.85,
                                                        "Plan Rows": 57,
                                                        "Plan Width": 28,
                                                        "Actual Startup Time": 6654.204,
                                                        "Actual Total Time": 6661.166,
                                                        "Actual Rows": 3843,
                                                        "Actual Loops": 1,
                                                        "Output": [
                                                            "mk.movie_id",
                                                            "mc.movie_id",
                                                            "mc.company_type_id",
                                                            "mc.company_id",
                                                            "mi.movie_id",
                                                            "ml.link_type_id",
                                                            "ml.movie_id"
                                                        ],
                                                        "Inner Unique": false,
                                                        "Merge Cond": "(mk.movie_id = ml.movie_id)",
                                                        "Plans": [
                                                            {
                                                                "Node Type": "Sort",
                                                                "Parent Relationship": "Outer",
                                                                "Parallel Aware": false,
                                                                "Startup Cost": 2626860.76,
                                                                "Total Cost": 2626861.23,
                                                                "Plan Rows": 189,
                                                                "Plan Width": 20,
                                                                "Actual Startup Time": 6654.154,
                                                                "Actual Total Time": 6654.326,
                                                                "Actual Rows": 306,
                                                                "Actual Loops": 1,
                                                                "Output": [
                                                                    "mk.movie_id",
                                                                    "mc.movie_id",
                                                                    "mc.company_type_id",
                                                                    "mc.company_id",
                                                                    "mi.movie_id"
                                                                ],
                                                                "Sort Key": [
                                                                    "mk.movie_id"
                                                                ],
                                                                "Sort Method": "quicksort",
                                                                "Sort Space Used": 1276,
                                                                "Sort Space Type": "Memory",
                                                                "Plans": [
                                                                    {
                                                                        "Node Type": "Hash Join",
                                                                        "Parent Relationship": "Outer",
                                                                        "Parallel Aware": false,
                                                                        "Join Type": "Inner",
                                                                        "Startup Cost": 2621096.01,
                                                                        "Total Cost": 2626853.61,
                                                                        "Plan Rows": 189,
                                                                        "Plan Width": 20,
                                                                        "Actual Startup Time": 6615.178,
                                                                        "Actual Total Time": 6652.443,
                                                                        "Actual Rows": 11414,
                                                                        "Actual Loops": 1,
                                                                        "Output": [
                                                                            "mk.movie_id",
                                                                            "mc.movie_id",
                                                                            "mc.company_type_id",
                                                                            "mc.company_id",
                                                                            "mi.movie_id"
                                                                        ],
                                                                        "Inner Unique": false,
                                                                        "Hash Cond": "(k.id = mk.keyword_id)",
                                                                        "Plans": [
                                                                            {
                                                                                "Node Type": "Index Scan",
                                                                                "Parent Relationship": "Outer",
                                                                                "Parallel Aware": false,
                                                                                "Scan Direction": "Forward",
                                                                                "Index Name": "keyword_pkey",
                                                                                "Relation Name": "keyword",
                                                                                "Schema": "public",
                                                                                "Alias": "k",
                                                                                "Startup Cost": 0.42,
                                                                                "Total Cost": 5342.92,
                                                                                "Plan Rows": 1,
                                                                                "Plan Width": 4,
                                                                                "Actual Startup Time": 0.574,
                                                                                "Actual Total Time": 35.087,
                                                                                "Actual Rows": 1,
                                                                                "Actual Loops": 1,
                                                                                "Output": [
                                                                                    "k.id",
                                                                                    "k.keyword",
                                                                                    "k.phonetic_code"
                                                                                ],
                                                                                "Filter": "(k.keyword = 'sequel'::text)",
                                                                                "Rows Removed by Filter": 134169
                                                                            },
                                                                            {
                                                                                "Node Type": "Hash",
                                                                                "Parent Relationship": "Inner",
                                                                                "Parallel Aware": false,
                                                                                "Startup Cost": 2378250.8,
                                                                                "Total Cost": 2378250.8,
                                                                                "Plan Rows": 19427583,
                                                                                "Plan Width": 24,
                                                                                "Actual Startup Time": 6576.635,
                                                                                "Actual Total Time": 6576.774,
                                                                                "Actual Rows": 6545621,
                                                                                "Actual Loops": 1,
                                                                                "Output": [
                                                                                    "mc.movie_id",
                                                                                    "mc.company_type_id",
                                                                                    "mc.company_id",
                                                                                    "mi.movie_id",
                                                                                    "mk.movie_id",
                                                                                    "mk.keyword_id"
                                                                                ],
                                                                                "Hash Buckets": 33554432,
                                                                                "Original Hash Buckets": 33554432,
                                                                                "Hash Batches": 1,
                                                                                "Original Hash Batches": 1,
                                                                                "Peak Memory Usage": 620108,
                                                                                "Plans": [
                                                                                    {
                                                                                        "Node Type": "Merge Join",
                                                                                        "Parent Relationship": "Outer",
                                                                                        "Parallel Aware": false,
                                                                                        "Join Type": "Inner",
                                                                                        "Startup Cost": 744053.52,
                                                                                        "Total Cost": 2378250.8,
                                                                                        "Plan Rows": 19427583,
                                                                                        "Plan Width": 24,
                                                                                        "Actual Startup Time": 2382.372,
                                                                                        "Actual Total Time": 5184.798,
                                                                                        "Actual Rows": 6545621,
                                                                                        "Actual Loops": 1,
                                                                                        "Output": [
                                                                                            "mc.movie_id",
                                                                                            "mc.company_type_id",
                                                                                            "mc.company_id",
                                                                                            "mi.movie_id",
                                                                                            "mk.movie_id",
                                                                                            "mk.keyword_id"
                                                                                        ],
                                                                                        "Inner Unique": false,
                                                                                        "Merge Cond": "(mk.movie_id = mc.movie_id)",
                                                                                        "Plans": [
                                                                                            {
                                                                                                "Node Type": "Merge Join",
                                                                                                "Parent Relationship": "Outer",
                                                                                                "Parallel Aware": false,
                                                                                                "Join Type": "Inner",
                                                                                                "Startup Cost": 570906.11,
                                                                                                "Total Cost": 1805387.64,
                                                                                                "Plan Rows": 9582498,
                                                                                                "Plan Width": 12,
                                                                                                "Actual Startup Time": 1672.772,
                                                                                                "Actual Total Time": 2846.584,
                                                                                                "Actual Rows": 4108069,
                                                                                                "Actual Loops": 1,
                                                                                                "Output": [
                                                                                                    "mi.movie_id",
                                                                                                    "mk.movie_id",
                                                                                                    "mk.keyword_id"
                                                                                                ],
                                                                                                "Inner Unique": false,
                                                                                                "Merge Cond": "(mi.movie_id = mk.movie_id)",
                                                                                                "Plans": [
                                                                                                    {
                                                                                                        "Node Type": "Gather Merge",
                                                                                                        "Parent Relationship": "Outer",
                                                                                                        "Parallel Aware": false,
                                                                                                        "Startup Cost": 1000.51,
                                                                                                        "Total Cost": 1090337.39,
                                                                                                        "Plan Rows": 795108,
                                                                                                        "Plan Width": 4,
                                                                                                        "Actual Startup Time": 12.948,
                                                                                                        "Actual Total Time": 193.693,
                                                                                                        "Actual Rows": 859692,
                                                                                                        "Actual Loops": 1,
                                                                                                        "Output": [
                                                                                                            "mi.movie_id"
                                                                                                        ],
                                                                                                        "Workers Planned": 5,
                                                                                                        "Workers Launched": 5,
                                                                                                        "Plans": [
                                                                                                            {
                                                                                                                "Node Type": "Index Scan",
                                                                                                                "Parent Relationship": "Outer",
                                                                                                                "Parallel Aware": true,
                                                                                                                "Scan Direction": "Forward",
                                                                                                                "Index Name": "movie_id_movie_info",
                                                                                                                "Relation Name": "movie_info",
                                                                                                                "Schema": "public",
                                                                                                                "Alias": "mi",
                                                                                                                "Startup Cost": 0.43,
                                                                                                                "Total Cost": 993586.58,
                                                                                                                "Plan Rows": 159022,
                                                                                                                "Plan Width": 4,
                                                                                                                "Actual Startup Time": 0.343,
                                                                                                                "Actual Total Time": 2278.499,
                                                                                                                "Actual Rows": 143286,
                                                                                                                "Actual Loops": 6,
                                                                                                                "Output": [
                                                                                                                    "mi.movie_id"
                                                                                                                ],
                                                                                                                "Filter": "(mi.info = ANY ('{Norway,English,Swedish,Germany,America,Denish,American,Bulgaria,Denmark}'::text[]))",
                                                                                                                "Rows Removed by Filter": 2329334,
                                                                                                                "Workers": [
                                                                                                                    {
                                                                                                                        "Worker Number": 0,
                                                                                                                        "Actual Startup Time": 0.353,
                                                                                                                        "Actual Total Time": 2799.199,
                                                                                                                        "Actual Rows": 164528,
                                                                                                                        "Actual Loops": 1
                                                                                                                    },
                                                                                                                    {
                                                                                                                        "Worker Number": 1,
                                                                                                                        "Actual Startup Time": 0.31,
                                                                                                                        "Actual Total Time": 2745.405,
                                                                                                                        "Actual Rows": 173166,
                                                                                                                        "Actual Loops": 1
                                                                                                                    },
                                                                                                                    {
                                                                                                                        "Worker Number": 2,
                                                                                                                        "Actual Startup Time": 0.469,
                                                                                                                        "Actual Total Time": 2728.378,
                                                                                                                        "Actual Rows": 172888,
                                                                                                                        "Actual Loops": 1
                                                                                                                    },
                                                                                                                    {
                                                                                                                        "Worker Number": 3,
                                                                                                                        "Actual Startup Time": 0.401,
                                                                                                                        "Actual Total Time": 2711.755,
                                                                                                                        "Actual Rows": 173207,
                                                                                                                        "Actual Loops": 1
                                                                                                                    },
                                                                                                                    {
                                                                                                                        "Worker Number": 4,
                                                                                                                        "Actual Startup Time": 0.467,
                                                                                                                        "Actual Total Time": 2652.475,
                                                                                                                        "Actual Rows": 172502,
                                                                                                                        "Actual Loops": 1
                                                                                                                    }
                                                                                                                ]
                                                                                                            }
                                                                                                        ]
                                                                                                    },
                                                                                                    {
                                                                                                        "Node Type": "Sort",
                                                                                                        "Parent Relationship": "Inner",
                                                                                                        "Parallel Aware": false,
                                                                                                        "Startup Cost": 569794.43,
                                                                                                        "Total Cost": 581104.25,
                                                                                                        "Plan Rows": 4523930,
                                                                                                        "Plan Width": 8,
                                                                                                        "Actual Startup Time": 1659.811,
                                                                                                        "Actual Total Time": 1961.844,
                                                                                                        "Actual Rows": 5189307,
                                                                                                        "Actual Loops": 1,
                                                                                                        "Output": [
                                                                                                            "mk.movie_id",
                                                                                                            "mk.keyword_id"
                                                                                                        ],
                                                                                                        "Sort Key": [
                                                                                                            "mk.movie_id"
                                                                                                        ],
                                                                                                        "Sort Method": "quicksort",
                                                                                                        "Sort Space Used": 408668,
                                                                                                        "Sort Space Type": "Memory",
                                                                                                        "Plans": [
                                                                                                            {
                                                                                                                "Node Type": "Seq Scan",
                                                                                                                "Parent Relationship": "Outer",
                                                                                                                "Parallel Aware": false,
                                                                                                                "Relation Name": "movie_keyword",
                                                                                                                "Schema": "public",
                                                                                                                "Alias": "mk",
                                                                                                                "Startup Cost": 0.0,
                                                                                                                "Total Cost": 69693.3,
                                                                                                                "Plan Rows": 4523930,
                                                                                                                "Plan Width": 8,
                                                                                                                "Actual Startup Time": 0.029,
                                                                                                                "Actual Total Time": 603.316,
                                                                                                                "Actual Rows": 4523930,
                                                                                                                "Actual Loops": 1,
                                                                                                                "Output": [
                                                                                                                    "mk.movie_id",
                                                                                                                    "mk.keyword_id"
                                                                                                                ]
                                                                                                            }
                                                                                                        ]
                                                                                                    }
                                                                                                ]
                                                                                            },
                                                                                            {
                                                                                                "Node Type": "Sort",
                                                                                                "Parent Relationship": "Inner",
                                                                                                "Parallel Aware": false,
                                                                                                "Startup Cost": 173139.97,
                                                                                                "Total Cost": 176303.54,
                                                                                                "Plan Rows": 1265428,
                                                                                                "Plan Width": 12,
                                                                                                "Actual Startup Time": 709.585,
                                                                                                "Actual Total Time": 1087.753,
                                                                                                "Actual Rows": 7476303,
                                                                                                "Actual Loops": 1,
                                                                                                "Output": [
                                                                                                    "mc.movie_id",
                                                                                                    "mc.company_type_id",
                                                                                                    "mc.company_id"
                                                                                                ],
                                                                                                "Sort Key": [
                                                                                                    "mc.movie_id"
                                                                                                ],
                                                                                                "Sort Method": "quicksort",
                                                                                                "Sort Space Used": 108777,
                                                                                                "Sort Space Type": "Memory",
                                                                                                "Plans": [
                                                                                                    {
                                                                                                        "Node Type": "Seq Scan",
                                                                                                        "Parent Relationship": "Outer",
                                                                                                        "Parallel Aware": false,
                                                                                                        "Relation Name": "movie_companies",
                                                                                                        "Schema": "public",
                                                                                                        "Alias": "mc",
                                                                                                        "Startup Cost": 0.0,
                                                                                                        "Total Cost": 44881.29,
                                                                                                        "Plan Rows": 1265428,
                                                                                                        "Plan Width": 12,
                                                                                                        "Actual Startup Time": 0.036,
                                                                                                        "Actual Total Time": 353.899,
                                                                                                        "Actual Rows": 1271989,
                                                                                                        "Actual Loops": 1,
                                                                                                        "Output": [
                                                                                                            "mc.movie_id",
                                                                                                            "mc.company_type_id",
                                                                                                            "mc.company_id"
                                                                                                        ],
                                                                                                        "Filter": "(mc.note IS NULL)",
                                                                                                        "Rows Removed by Filter": 1337140
                                                                                                    }
                                                                                                ]
                                                                                            }
                                                                                        ]
                                                                                    }
                                                                                ]
                                                                            }
                                                                        ]
                                                                    }
                                                                ]
                                                            },
                                                            {
                                                                "Node Type": "Index Scan",
                                                                "Parent Relationship": "Inner",
                                                                "Parallel Aware": false,
                                                                "Scan Direction": "Forward",
                                                                "Index Name": "movie_id_movie_link",
                                                                "Relation Name": "movie_link",
                                                                "Schema": "public",
                                                                "Alias": "ml",
                                                                "Startup Cost": 0.29,
                                                                "Total Cost": 1111.51,
                                                                "Plan Rows": 29997,
                                                                "Plan Width": 8,
                                                                "Actual Startup Time": 0.018,
                                                                "Actual Total Time": 4.569,
                                                                "Actual Rows": 33606,
                                                                "Actual Loops": 1,
                                                                "Output": [
                                                                    "ml.id",
                                                                    "ml.movie_id",
                                                                    "ml.linked_movie_id",
                                                                    "ml.link_type_id"
                                                                ]
                                                            }
                                                        ]
                                                    },
                                                    {
                                                        "Node Type": "Hash",
                                                        "Parent Relationship": "Inner",
                                                        "Parallel Aware": false,
                                                        "Startup Cost": 1.05,
                                                        "Total Cost": 1.05,
                                                        "Plan Rows": 1,
                                                        "Plan Width": 4,
                                                        "Actual Startup Time": 0.034,
                                                        "Actual Total Time": 0.034,
                                                        "Actual Rows": 1,
                                                        "Actual Loops": 1,
                                                        "Output": [
                                                            "ct.id"
                                                        ],
                                                        "Hash Buckets": 1024,
                                                        "Original Hash Buckets": 1024,
                                                        "Hash Batches": 1,
                                                        "Original Hash Batches": 1,
                                                        "Peak Memory Usage": 9,
                                                        "Plans": [
                                                            {
                                                                "Node Type": "Seq Scan",
                                                                "Parent Relationship": "Outer",
                                                                "Parallel Aware": false,
                                                                "Relation Name": "company_type",
                                                                "Schema": "public",
                                                                "Alias": "ct",
                                                                "Startup Cost": 0.0,
                                                                "Total Cost": 1.05,
                                                                "Plan Rows": 1,
                                                                "Plan Width": 4,
                                                                "Actual Startup Time": 0.025,
                                                                "Actual Total Time": 0.027,
                                                                "Actual Rows": 1,
                                                                "Actual Loops": 1,
                                                                "Output": [
                                                                    "ct.id"
                                                                ],
                                                                "Filter": "((ct.kind)::text = 'production companies'::text)",
                                                                "Rows Removed by Filter": 3
                                                            }
                                                        ]
                                                    }
                                                ]
                                            },
                                            {
                                                "Node Type": "Hash",
                                                "Parent Relationship": "Inner",
                                                "Parallel Aware": false,
                                                "Startup Cost": 10000000012.45,
                                                "Total Cost": 10000000012.45,
                                                "Plan Rows": 1,
                                                "Plan Width": 16,
                                                "Actual Startup Time": 0.015,
                                                "Actual Total Time": 0.015,
                                                "Actual Rows": 2,
                                                "Actual Loops": 1,
                                                "Output": [
                                                    "lt.link",
                                                    "lt.id"
                                                ],
                                                "Hash Buckets": 1024,
                                                "Original Hash Buckets": 1024,
                                                "Hash Batches": 1,
                                                "Original Hash Batches": 1,
                                                "Peak Memory Usage": 9,
                                                "Plans": [
                                                    {
                                                        "Node Type": "Index Scan",
                                                        "Parent Relationship": "Outer",
                                                        "Parallel Aware": false,
                                                        "Scan Direction": "Forward",
                                                        "Index Name": "link_type_pkey",
                                                        "Relation Name": "link_type",
                                                        "Schema": "public",
                                                        "Alias": "lt",
                                                        "Startup Cost": 10000000000.14,
                                                        "Total Cost": 10000000012.45,
                                                        "Plan Rows": 1,
                                                        "Plan Width": 16,
                                                        "Actual Startup Time": 0.008,
                                                        "Actual Total Time": 0.012,
                                                        "Actual Rows": 2,
                                                        "Actual Loops": 1,
                                                        "Output": [
                                                            "lt.link",
                                                            "lt.id"
                                                        ],
                                                        "Filter": "((lt.link)::text ~~ '%follow%'::text)",
                                                        "Rows Removed by Filter": 16
                                                    }
                                                ]
                                            }
                                        ]
                                    }
                                ]
                            },
                            {
                                "Node Type": "Sort",
                                "Parent Relationship": "Inner",
                                "Parallel Aware": false,
                                "Startup Cost": 10000011072.31,
                                "Total Cost": 10000011199.14,
                                "Plan Rows": 50732,
                                "Plan Width": 23,
                                "Actual Startup Time": 54.484,
                                "Actual Total Time": 56.196,
                                "Actual Rows": 15592,
                                "Actual Loops": 1,
                                "Output": [
                                    "cn.name",
                                    "cn.id"
                                ],
                                "Sort Key": [
                                    "cn.id"
                                ],
                                "Sort Method": "quicksort",
                                "Sort Space Used": 5023,
                                "Sort Space Type": "Memory",
                                "Plans": [
                                    {
                                        "Node Type": "Seq Scan",
                                        "Parent Relationship": "Outer",
                                        "Parallel Aware": false,
                                        "Relation Name": "company_name",
                                        "Schema": "public",
                                        "Alias": "cn",
                                        "Startup Cost": 10000000000.0,
                                        "Total Cost": 10000007107.45,
                                        "Plan Rows": 50732,
                                        "Plan Width": 23,
                                        "Actual Startup Time": 0.018,
                                        "Actual Total Time": 42.838,
                                        "Actual Rows": 48302,
                                        "Actual Loops": 1,
                                        "Output": [
                                            "cn.name",
                                            "cn.id"
                                        ],
                                        "Filter": "(((cn.country_code)::text <> '[pl]'::text) AND ((cn.name ~~ '%Film%'::text) OR (cn.name ~~ '%Warner%'::text)))",
                                        "Rows Removed by Filter": 186695
                                    }
                                ]
                            }
                        ]
                    },
                    {
                        "Node Type": "Bitmap Heap Scan",
                        "Parent Relationship": "Inner",
                        "Parallel Aware": false,
                        "Relation Name": "title",
                        "Schema": "public",
                        "Alias": "t",
                        "Startup Cost": 0.45,
                        "Total Cost": 4.46,
                        "Plan Rows": 1,
                        "Plan Width": 21,
                        "Actual Startup Time": 0.003,
                        "Actual Total Time": 0.003,
                        "Actual Rows": 1,
                        "Actual Loops": 1476,
                        "Output": [
                            "t.id",
                            "t.title",
                            "t.imdb_index",
                            "t.kind_id",
                            "t.production_year",
                            "t.imdb_id",
                            "t.phonetic_code",
                            "t.episode_of_id",
                            "t.season_nr",
                            "t.episode_nr",
                            "t.series_years",
                            "t.md5sum"
                        ],
                        "Recheck Cond": "(t.id = mk.movie_id)",
                        "Rows Removed by Index Recheck": 0,
                        "Filter": "((t.production_year >= 1996) AND (t.production_year <= 2004))",
                        "Rows Removed by Filter": 0,
                        "Exact Heap Blocks": 1476,
                        "Lossy Heap Blocks": 0,
                        "Plans": [
                            {
                                "Node Type": "Bitmap Index Scan",
                                "Parent Relationship": "Outer",
                                "Parallel Aware": false,
                                "Index Name": "title_pkey",
                                "Startup Cost": 0.0,
                                "Total Cost": 0.45,
                                "Plan Rows": 1,
                                "Plan Width": 0,
                                "Actual Startup Time": 0.002,
                                "Actual Total Time": 0.002,
                                "Actual Rows": 1,
                                "Actual Loops": 1476,
                                "Index Cond": "(t.id = mk.movie_id)"
                            }
                        ]
                    }
                ]
            }
        ]
    },
    "Planning Time": 13.365,
    "Triggers": [],
    "Execution Time": 6731.783
}