[
  {
    "Plan": {
      "Node Type": "Aggregate",
      "Strategy": "Plain",
      "Partial Mode": "Finalize",
      "Parallel Aware": false,
      "Startup Cost": 30724.92,
      "Total Cost": 30724.93,
      "Plan Rows": 1,
      "Plan Width": 8,
      "Actual Startup Time": 103.426,
      "Actual Total Time": 112.114,
      "Actual Rows": 1,
      "Actual Loops": 1,
      "Plans": [
        {
          "Node Type": "Gather",
          "Parent Relationship": "Outer",
          "Parallel Aware": false,
          "Startup Cost": 30724.6,
          "Total Cost": 30724.91,
          "Plan Rows": 3,
          "Plan Width": 8,
          "Actual Startup Time": 103.29,
          "Actual Total Time": 112.104,
          "Actual Rows": 4,
          "Actual Loops": 1,
          "Workers Planned": 3,
          "Workers Launched": 3,
          "Single Copy": false,
          "Plans": [
            {
              "Node Type": "Aggregate",
              "Strategy": "Plain",
              "Partial Mode": "Partial",
              "Parent Relationship": "Outer",
              "Parallel Aware": false,
              "Startup Cost": 29724.6,
              "Total Cost": 29724.61,
              "Plan Rows": 1,
              "Plan Width": 8,
              "Actual Startup Time": 95.144,
              "Actual Total Time": 95.146,
              "Actual Rows": 1,
              "Actual Loops": 4,
              "Plans": [
                {
                  "Node Type": "Seq Scan",
                  "Parent Relationship": "Outer",
                  "Parallel Aware": true,
                  "Relation Name": "movie_companies",
                  "Alias": "mc",
                  "Startup Cost": 0.0,
                  "Total Cost": 29310.68,
                  "Plan Rows": 165569,
                  "Plan Width": 0,
                  "Actual Startup Time": 0.062,
                  "Actual Total Time": 85.133,
                  "Actual Rows": 128202,
                  "Actual Loops": 4,
                  "Filter": "(company_id < 474)",
                  "Rows Removed by Filter": 524080
                }
              ]
            }
          ]
        }
      ]
    },
    "Planning Time": 0.201,
    "Triggers": [],
    "Execution Time": 112.17
  }
]