[
  {
    "Plan": {
      "Node Type": "Aggregate",
      "Strategy": "Plain",
      "Partial Mode": "Finalize",
      "Parallel Aware": false,
      "Startup Cost": 342818.13,
      "Total Cost": 342818.14,
      "Plan Rows": 1,
      "Plan Width": 8,
      "Actual Startup Time": 943.907,
      "Actual Total Time": 987.992,
      "Actual Rows": 1,
      "Actual Loops": 1,
      "Plans": [
        {
          "Node Type": "Gather",
          "Parent Relationship": "Outer",
          "Parallel Aware": false,
          "Startup Cost": 342817.5,
          "Total Cost": 342818.11,
          "Plan Rows": 6,
          "Plan Width": 8,
          "Actual Startup Time": 943.679,
          "Actual Total Time": 987.978,
          "Actual Rows": 7,
          "Actual Loops": 1,
          "Workers Planned": 6,
          "Workers Launched": 6,
          "Single Copy": false,
          "Plans": [
            {
              "Node Type": "Aggregate",
              "Strategy": "Plain",
              "Partial Mode": "Partial",
              "Parent Relationship": "Outer",
              "Parallel Aware": false,
              "Startup Cost": 341817.5,
              "Total Cost": 341817.51,
              "Plan Rows": 1,
              "Plan Width": 8,
              "Actual Startup Time": 936.096,
              "Actual Total Time": 936.098,
              "Actual Rows": 1,
              "Actual Loops": 7,
              "Plans": [
                {
                  "Node Type": "Seq Scan",
                  "Parent Relationship": "Outer",
                  "Parallel Aware": true,
                  "Relation Name": "cast_info",
                  "Alias": "ci",
                  "Startup Cost": 0.0,
                  "Total Cost": 328211.39,
                  "Plan Rows": 5442444,
                  "Plan Width": 0,
                  "Actual Startup Time": 52.548,
                  "Actual Total Time": 691.991,
                  "Actual Rows": 4645424,
                  "Actual Loops": 7,
                  "Filter": "(person_id > 357135)",
                  "Rows Removed by Filter": 532339
                }
              ]
            }
          ]
        }
      ]
    },
    "Planning Time": 0.187,
    "Triggers": [],
    "Execution Time": 988.044
  }
]