[
  {
    "Plan": {
      "Node Type": "Aggregate",
      "Strategy": "Plain",
      "Partial Mode": "Finalize",
      "Parallel Aware": false,
      "Startup Cost": 342755.82,
      "Total Cost": 342755.83,
      "Plan Rows": 1,
      "Plan Width": 8,
      "Actual Startup Time": 867.0,
      "Actual Total Time": 922.39,
      "Actual Rows": 1,
      "Actual Loops": 1,
      "Plans": [
        {
          "Node Type": "Gather",
          "Parent Relationship": "Outer",
          "Parallel Aware": false,
          "Startup Cost": 342755.19,
          "Total Cost": 342755.8,
          "Plan Rows": 6,
          "Plan Width": 8,
          "Actual Startup Time": 866.865,
          "Actual Total Time": 922.381,
          "Actual Rows": 7,
          "Actual Loops": 1,
          "Workers Planned": 6,
          "Workers Launched": 6,
          "Single Copy": false,
          "Plans": [
            {
              "Node Type": "Aggregate",
              "Strategy": "Plain",
              "Partial Mode": "Partial",
              "Parent Relationship": "Outer",
              "Parallel Aware": false,
              "Startup Cost": 341755.19,
              "Total Cost": 341755.2,
              "Plan Rows": 1,
              "Plan Width": 8,
              "Actual Startup Time": 856.593,
              "Actual Total Time": 856.594,
              "Actual Rows": 1,
              "Actual Loops": 7,
              "Plans": [
                {
                  "Node Type": "Seq Scan",
                  "Parent Relationship": "Outer",
                  "Parallel Aware": true,
                  "Relation Name": "cast_info",
                  "Alias": "ci",
                  "Startup Cost": 0.0,
                  "Total Cost": 328162.03,
                  "Plan Rows": 5437267,
                  "Plan Width": 0,
                  "Actual Startup Time": 54.36,
                  "Actual Total Time": 655.915,
                  "Actual Rows": 4645424,
                  "Actual Loops": 7,
                  "Filter": "(person_id > 357135)",
                  "Rows Removed by Filter": 532339
                }
              ]
            }
          ]
        }
      ]
    },
    "Planning Time": 0.236,
    "Triggers": [],
    "Execution Time": 922.46
  }
]