[
    {
        "Bao": {
            "Bao prediction": "NaN",
            "Bao recommended hint": "(no hint)"
        }
    },
    {
        "Plan": {
            "Node Type": "Aggregate",
            "Strategy": "Plain",
            "Partial Mode": "Finalize",
            "Parallel Aware": false,
            "Startup Cost": 457195.78,
            "Total Cost": 457195.79,
            "Plan Rows": 1,
            "Plan Width": 8,
            "Actual Startup Time": 3829.759,
            "Actual Total Time": 3854.695,
            "Actual Rows": 1,
            "Actual Loops": 1,
            "Output": [
                "count(*)"
            ],
            "Plans": [
                {
                    "Node Type": "Gather",
                    "Parent Relationship": "Outer",
                    "Parallel Aware": false,
                    "Startup Cost": 457195.16,
                    "Total Cost": 457195.77,
                    "Plan Rows": 6,
                    "Plan Width": 8,
                    "Actual Startup Time": 3812.032,
                    "Actual Total Time": 3854.684,
                    "Actual Rows": 7,
                    "Actual Loops": 1,
                    "Output": [
                        "(PARTIAL count(*))"
                    ],
                    "Workers Planned": 6,
                    "Workers Launched": 6,
                    "Single Copy": false,
                    "Plans": [
                        {
                            "Node Type": "Aggregate",
                            "Strategy": "Plain",
                            "Partial Mode": "Partial",
                            "Parent Relationship": "Outer",
                            "Parallel Aware": false,
                            "Startup Cost": 456195.16,
                            "Total Cost": 456195.17,
                            "Plan Rows": 1,
                            "Plan Width": 8,
                            "Actual Startup Time": 3802.233,
                            "Actual Total Time": 3802.649,
                            "Actual Rows": 1,
                            "Actual Loops": 7,
                            "Output": [
                                "PARTIAL count(*)"
                            ],
                            "Workers": [
                                {
                                    "Worker Number": 0,
                                    "Actual Startup Time": 3799.317,
                                    "Actual Total Time": 3799.322,
                                    "Actual Rows": 1,
                                    "Actual Loops": 1
                                },
                                {
                                    "Worker Number": 1,
                                    "Actual Startup Time": 3799.922,
                                    "Actual Total Time": 3799.926,
                                    "Actual Rows": 1,
                                    "Actual Loops": 1
                                },
                                {
                                    "Worker Number": 2,
                                    "Actual Startup Time": 3800.181,
                                    "Actual Total Time": 3800.187,
                                    "Actual Rows": 1,
                                    "Actual Loops": 1
                                },
                                {
                                    "Worker Number": 3,
                                    "Actual Startup Time": 3800.387,
                                    "Actual Total Time": 3800.391,
                                    "Actual Rows": 1,
                                    "Actual Loops": 1
                                },
                                {
                                    "Worker Number": 4,
                                    "Actual Startup Time": 3803.584,
                                    "Actual Total Time": 3803.59,
                                    "Actual Rows": 1,
                                    "Actual Loops": 1
                                },
                                {
                                    "Worker Number": 5,
                                    "Actual Startup Time": 3800.798,
                                    "Actual Total Time": 3800.803,
                                    "Actual Rows": 1,
                                    "Actual Loops": 1
                                }
                            ],
                            "Plans": [
                                {
                                    "Node Type": "Hash Join",
                                    "Parent Relationship": "Outer",
                                    "Parallel Aware": true,
                                    "Join Type": "Inner",
                                    "Startup Cost": 95680.92,
                                    "Total Cost": 450997.55,
                                    "Plan Rows": 2079042,
                                    "Plan Width": 0,
                                    "Actual Startup Time": 477.128,
                                    "Actual Total Time": 3170.979,
                                    "Actual Rows": 13750184,
                                    "Actual Loops": 7,
                                    "Inner Unique": false,
                                    "Hash Cond": "(ci.movie_id = t.id)",
                                    "Workers": [
                                        {
                                            "Worker Number": 0,
                                            "Actual Startup Time": 474.652,
                                            "Actual Total Time": 3171.79,
                                            "Actual Rows": 13088125,
                                            "Actual Loops": 1
                                        },
                                        {
                                            "Worker Number": 1,
                                            "Actual Startup Time": 475.283,
                                            "Actual Total Time": 3154.988,
                                            "Actual Rows": 13190964,
                                            "Actual Loops": 1
                                        },
                                        {
                                            "Worker Number": 2,
                                            "Actual Startup Time": 475.572,
                                            "Actual Total Time": 3164.211,
                                            "Actual Rows": 13162692,
                                            "Actual Loops": 1
                                        },
                                        {
                                            "Worker Number": 3,
                                            "Actual Startup Time": 475.719,
                                            "Actual Total Time": 3163.517,
                                            "Actual Rows": 13259861,
                                            "Actual Loops": 1
                                        },
                                        {
                                            "Worker Number": 4,
                                            "Actual Startup Time": 475.753,
                                            "Actual Total Time": 3167.484,
                                            "Actual Rows": 12324045,
                                            "Actual Loops": 1
                                        },
                                        {
                                            "Worker Number": 5,
                                            "Actual Startup Time": 476.136,
                                            "Actual Total Time": 3187.575,
                                            "Actual Rows": 15446610,
                                            "Actual Loops": 1
                                        }
                                    ],
                                    "Plans": [
                                        {
                                            "Node Type": "Seq Scan",
                                            "Parent Relationship": "Outer",
                                            "Parallel Aware": true,
                                            "Relation Name": "cast_info",
                                            "Schema": "public",
                                            "Alias": "ci",
                                            "Startup Cost": 0.0,
                                            "Total Cost": 328213.62,
                                            "Plan Rows": 5439045,
                                            "Plan Width": 4,
                                            "Actual Startup Time": 39.615,
                                            "Actual Total Time": 612.632,
                                            "Actual Rows": 4652561,
                                            "Actual Loops": 7,
                                            "Output": [
                                                "ci.id",
                                                "ci.person_id",
                                                "ci.movie_id",
                                                "ci.person_role_id",
                                                "ci.note",
                                                "ci.nr_order",
                                                "ci.role_id"
                                            ],
                                            "Filter": "(ci.person_id > 351864)",
                                            "Rows Removed by Filter": 525202,
                                            "Workers": [
                                                {
                                                    "Worker Number": 0,
                                                    "Actual Startup Time": 39.659,
                                                    "Actual Total Time": 634.572,
                                                    "Actual Rows": 4406144,
                                                    "Actual Loops": 1
                                                },
                                                {
                                                    "Worker Number": 1,
                                                    "Actual Startup Time": 39.634,
                                                    "Actual Total Time": 619.247,
                                                    "Actual Rows": 4429340,
                                                    "Actual Loops": 1
                                                },
                                                {
                                                    "Worker Number": 2,
                                                    "Actual Startup Time": 39.577,
                                                    "Actual Total Time": 618.915,
                                                    "Actual Rows": 4469032,
                                                    "Actual Loops": 1
                                                },
                                                {
                                                    "Worker Number": 3,
                                                    "Actual Startup Time": 39.576,
                                                    "Actual Total Time": 621.622,
                                                    "Actual Rows": 4519443,
                                                    "Actual Loops": 1
                                                },
                                                {
                                                    "Worker Number": 4,
                                                    "Actual Startup Time": 39.613,
                                                    "Actual Total Time": 642.328,
                                                    "Actual Rows": 4086336,
                                                    "Actual Loops": 1
                                                },
                                                {
                                                    "Worker Number": 5,
                                                    "Actual Startup Time": 39.589,
                                                    "Actual Total Time": 604.898,
                                                    "Actual Rows": 5231918,
                                                    "Actual Loops": 1
                                                }
                                            ]
                                        },
                                        {
                                            "Node Type": "Hash",
                                            "Parent Relationship": "Inner",
                                            "Parallel Aware": true,
                                            "Startup Cost": 91783.99,
                                            "Total Cost": 91783.99,
                                            "Plan Rows": 311754,
                                            "Plan Width": 8,
                                            "Actual Startup Time": 435.215,
                                            "Actual Total Time": 435.63,
                                            "Actual Rows": 298485,
                                            "Actual Loops": 7,
                                            "Output": [
                                                "t.id",
                                                "mk.movie_id"
                                            ],
                                            "Hash Buckets": 2097152,
                                            "Original Hash Buckets": 1048576,
                                            "Hash Batches": 1,
                                            "Original Hash Batches": 1,
                                            "Peak Memory Usage": 106400,
                                            "Workers": [
                                                {
                                                    "Worker Number": 0,
                                                    "Actual Startup Time": 434.202,
                                                    "Actual Total Time": 434.206,
                                                    "Actual Rows": 260375,
                                                    "Actual Loops": 1
                                                },
                                                {
                                                    "Worker Number": 1,
                                                    "Actual Startup Time": 434.833,
                                                    "Actual Total Time": 434.836,
                                                    "Actual Rows": 262341,
                                                    "Actual Loops": 1
                                                },
                                                {
                                                    "Worker Number": 2,
                                                    "Actual Startup Time": 435.145,
                                                    "Actual Total Time": 435.149,
                                                    "Actual Rows": 262590,
                                                    "Actual Loops": 1
                                                },
                                                {
                                                    "Worker Number": 3,
                                                    "Actual Startup Time": 435.311,
                                                    "Actual Total Time": 435.314,
                                                    "Actual Rows": 259277,
                                                    "Actual Loops": 1
                                                },
                                                {
                                                    "Worker Number": 4,
                                                    "Actual Startup Time": 435.116,
                                                    "Actual Total Time": 435.12,
                                                    "Actual Rows": 255068,
                                                    "Actual Loops": 1
                                                },
                                                {
                                                    "Worker Number": 5,
                                                    "Actual Startup Time": 435.68,
                                                    "Actual Total Time": 435.684,
                                                    "Actual Rows": 379181,
                                                    "Actual Loops": 1
                                                }
                                            ],
                                            "Plans": [
                                                {
                                                    "Node Type": "Hash Join",
                                                    "Parent Relationship": "Outer",
                                                    "Parallel Aware": true,
                                                    "Join Type": "Inner",
                                                    "Startup Cost": 47009.89,
                                                    "Total Cost": 91783.99,
                                                    "Plan Rows": 311754,
                                                    "Plan Width": 8,
                                                    "Actual Startup Time": 148.255,
                                                    "Actual Total Time": 314.304,
                                                    "Actual Rows": 298485,
                                                    "Actual Loops": 7,
                                                    "Output": [
                                                        "t.id",
                                                        "mk.movie_id"
                                                    ],
                                                    "Inner Unique": true,
                                                    "Hash Cond": "(mk.movie_id = t.id)",
                                                    "Workers": [
                                                        {
                                                            "Worker Number": 0,
                                                            "Actual Startup Time": 147.214,
                                                            "Actual Total Time": 314.322,
                                                            "Actual Rows": 260375,
                                                            "Actual Loops": 1
                                                        },
                                                        {
                                                            "Worker Number": 1,
                                                            "Actual Startup Time": 147.788,
                                                            "Actual Total Time": 313.953,
                                                            "Actual Rows": 262341,
                                                            "Actual Loops": 1
                                                        },
                                                        {
                                                            "Worker Number": 2,
                                                            "Actual Startup Time": 148.039,
                                                            "Actual Total Time": 314.661,
                                                            "Actual Rows": 262590,
                                                            "Actual Loops": 1
                                                        },
                                                        {
                                                            "Worker Number": 3,
                                                            "Actual Startup Time": 148.476,
                                                            "Actual Total Time": 314.881,
                                                            "Actual Rows": 259277,
                                                            "Actual Loops": 1
                                                        },
                                                        {
                                                            "Worker Number": 4,
                                                            "Actual Startup Time": 148.405,
                                                            "Actual Total Time": 315.108,
                                                            "Actual Rows": 255068,
                                                            "Actual Loops": 1
                                                        },
                                                        {
                                                            "Worker Number": 5,
                                                            "Actual Startup Time": 148.553,
                                                            "Actual Total Time": 312.444,
                                                            "Actual Rows": 379181,
                                                            "Actual Loops": 1
                                                        }
                                                    ],
                                                    "Plans": [
                                                        {
                                                            "Node Type": "Seq Scan",
                                                            "Parent Relationship": "Outer",
                                                            "Parallel Aware": true,
                                                            "Relation Name": "movie_keyword",
                                                            "Schema": "public",
                                                            "Alias": "mk",
                                                            "Startup Cost": 0.0,
                                                            "Total Cost": 42695.65,
                                                            "Plan Rows": 791788,
                                                            "Plan Width": 4,
                                                            "Actual Startup Time": 0.176,
                                                            "Actual Total Time": 86.638,
                                                            "Actual Rows": 351422,
                                                            "Actual Loops": 7,
                                                            "Output": [
                                                                "mk.id",
                                                                "mk.movie_id",
                                                                "mk.keyword_id"
                                                            ],
                                                            "Filter": "(mk.keyword_id > 3662)",
                                                            "Rows Removed by Filter": 294853,
                                                            "Workers": [
                                                                {
                                                                    "Worker Number": 0,
                                                                    "Actual Startup Time": 0.157,
                                                                    "Actual Total Time": 89.245,
                                                                    "Actual Rows": 305456,
                                                                    "Actual Loops": 1
                                                                },
                                                                {
                                                                    "Worker Number": 1,
                                                                    "Actual Startup Time": 0.248,
                                                                    "Actual Total Time": 88.379,
                                                                    "Actual Rows": 307411,
                                                                    "Actual Loops": 1
                                                                },
                                                                {
                                                                    "Worker Number": 2,
                                                                    "Actual Startup Time": 0.129,
                                                                    "Actual Total Time": 88.543,
                                                                    "Actual Rows": 307186,
                                                                    "Actual Loops": 1
                                                                },
                                                                {
                                                                    "Worker Number": 3,
                                                                    "Actual Startup Time": 0.161,
                                                                    "Actual Total Time": 88.792,
                                                                    "Actual Rows": 304885,
                                                                    "Actual Loops": 1
                                                                },
                                                                {
                                                                    "Worker Number": 4,
                                                                    "Actual Startup Time": 0.153,
                                                                    "Actual Total Time": 88.433,
                                                                    "Actual Rows": 298895,
                                                                    "Actual Loops": 1
                                                                },
                                                                {
                                                                    "Worker Number": 5,
                                                                    "Actual Startup Time": 0.192,
                                                                    "Actual Total Time": 84.705,
                                                                    "Actual Rows": 445228,
                                                                    "Actual Loops": 1
                                                                }
                                                            ]
                                                        },
                                                        {
                                                            "Node Type": "Hash",
                                                            "Parent Relationship": "Inner",
                                                            "Parallel Aware": true,
                                                            "Startup Cost": 43899.01,
                                                            "Total Cost": 43899.01,
                                                            "Plan Rows": 248871,
                                                            "Plan Width": 4,
                                                            "Actual Startup Time": 146.857,
                                                            "Actual Total Time": 146.858,
                                                            "Actual Rows": 140721,
                                                            "Actual Loops": 7,
                                                            "Output": [
                                                                "t.id"
                                                            ],
                                                            "Hash Buckets": 1048576,
                                                            "Original Hash Buckets": 1048576,
                                                            "Hash Batches": 1,
                                                            "Original Hash Batches": 1,
                                                            "Peak Memory Usage": 46848,
                                                            "Workers": [
                                                                {
                                                                    "Worker Number": 0,
                                                                    "Actual Startup Time": 146.629,
                                                                    "Actual Total Time": 146.63,
                                                                    "Actual Rows": 117437,
                                                                    "Actual Loops": 1
                                                                },
                                                                {
                                                                    "Worker Number": 1,
                                                                    "Actual Startup Time": 147.359,
                                                                    "Actual Total Time": 147.36,
                                                                    "Actual Rows": 122634,
                                                                    "Actual Loops": 1
                                                                },
                                                                {
                                                                    "Worker Number": 2,
                                                                    "Actual Startup Time": 147.494,
                                                                    "Actual Total Time": 147.496,
                                                                    "Actual Rows": 121971,
                                                                    "Actual Loops": 1
                                                                },
                                                                {
                                                                    "Worker Number": 3,
                                                                    "Actual Startup Time": 147.704,
                                                                    "Actual Total Time": 147.705,
                                                                    "Actual Rows": 124114,
                                                                    "Actual Loops": 1
                                                                },
                                                                {
                                                                    "Worker Number": 4,
                                                                    "Actual Startup Time": 147.682,
                                                                    "Actual Total Time": 147.684,
                                                                    "Actual Rows": 117378,
                                                                    "Actual Loops": 1
                                                                },
                                                                {
                                                                    "Worker Number": 5,
                                                                    "Actual Startup Time": 148.228,
                                                                    "Actual Total Time": 148.23,
                                                                    "Actual Rows": 174322,
                                                                    "Actual Loops": 1
                                                                }
                                                            ],
                                                            "Plans": [
                                                                {
                                                                    "Node Type": "Seq Scan",
                                                                    "Parent Relationship": "Outer",
                                                                    "Parallel Aware": true,
                                                                    "Relation Name": "title",
                                                                    "Schema": "public",
                                                                    "Alias": "t",
                                                                    "Startup Cost": 0.0,
                                                                    "Total Cost": 43899.01,
                                                                    "Plan Rows": 248871,
                                                                    "Plan Width": 4,
                                                                    "Actual Startup Time": 0.048,
                                                                    "Actual Total Time": 80.389,
                                                                    "Actual Rows": 140721,
                                                                    "Actual Loops": 7,
                                                                    "Output": [
                                                                        "t.id"
                                                                    ],
                                                                    "Filter": "(t.kind_id < 7)",
                                                                    "Rows Removed by Filter": 220466,
                                                                    "Workers": [
                                                                        {
                                                                            "Worker Number": 0,
                                                                            "Actual Startup Time": 0.059,
                                                                            "Actual Total Time": 81.793,
                                                                            "Actual Rows": 117437,
                                                                            "Actual Loops": 1
                                                                        },
                                                                        {
                                                                            "Worker Number": 1,
                                                                            "Actual Startup Time": 0.05,
                                                                            "Actual Total Time": 81.805,
                                                                            "Actual Rows": 122634,
                                                                            "Actual Loops": 1
                                                                        },
                                                                        {
                                                                            "Worker Number": 2,
                                                                            "Actual Startup Time": 0.05,
                                                                            "Actual Total Time": 82.1,
                                                                            "Actual Rows": 121971,
                                                                            "Actual Loops": 1
                                                                        },
                                                                        {
                                                                            "Worker Number": 3,
                                                                            "Actual Startup Time": 0.06,
                                                                            "Actual Total Time": 81.759,
                                                                            "Actual Rows": 124114,
                                                                            "Actual Loops": 1
                                                                        },
                                                                        {
                                                                            "Worker Number": 4,
                                                                            "Actual Startup Time": 0.046,
                                                                            "Actual Total Time": 82.197,
                                                                            "Actual Rows": 117378,
                                                                            "Actual Loops": 1
                                                                        },
                                                                        {
                                                                            "Worker Number": 5,
                                                                            "Actual Startup Time": 0.056,
                                                                            "Actual Total Time": 78.43,
                                                                            "Actual Rows": 174322,
                                                                            "Actual Loops": 1
                                                                        }
                                                                    ]
                                                                }
                                                            ]
                                                        }
                                                    ]
                                                }
                                            ]
                                        }
                                    ]
                                }
                            ]
                        }
                    ]
                }
            ]
        },
        "Planning Time": 201.754,
        "Triggers": [],
        "Execution Time": 3854.869
    }
]