{
  "Plan": {
    "Node Type": "Aggregate",
    "Strategy": "Plain",
    "Partial Mode": "Finalize",
    "Parallel Aware": false,
    "Startup Cost": 417505.63,
    "Total Cost": 417505.64,
    "Plan Rows": 1,
    "Plan Width": 8,
    "Actual Startup Time": 734.942,
    "Actual Total Time": 753.186,
    "Actual Rows": 1,
    "Actual Loops": 1,
    "Plans": [
      {
        "Node Type": "Gather",
        "Parent Relationship": "Outer",
        "Parallel Aware": false,
        "Startup Cost": 417505.51,
        "Total Cost": 417505.62,
        "Plan Rows": 1,
        "Plan Width": 8,
        "Actual Startup Time": 734.336,
        "Actual Total Time": 753.178,
        "Actual Rows": 2,
        "Actual Loops": 1,
        "Workers Planned": 1,
        "Workers Launched": 1,
        "Single Copy": false,
        "Plans": [
          {
            "Node Type": "Aggregate",
            "Strategy": "Plain",
            "Partial Mode": "Partial",
            "Parent Relationship": "Outer",
            "Parallel Aware": false,
            "Startup Cost": 416505.51,
            "Total Cost": 416505.52,
            "Plan Rows": 1,
            "Plan Width": 8,
            "Actual Startup Time": 731.231,
            "Actual Total Time": 731.24,
            "Actual Rows": 1,
            "Actual Loops": 2,
            "Plans": [
              {
                "Node Type": "Hash Join",
                "Parent Relationship": "Outer",
                "Parallel Aware": true,
                "Join Type": "Inner",
                "Startup Cost": 129797.39,
                "Total Cost": 416497.64,
                "Plan Rows": 3149,
                "Plan Width": 0,
                "Actual Startup Time": 298.531,
                "Actual Total Time": 730.707,
                "Actual Rows": 4644,
                "Actual Loops": 2,
                "Inner Unique": true,
                "Hash Cond": "(ci.movie_id = t.id)",
                "Plans": [
                  {
                    "Node Type": "Bitmap Heap Scan",
                    "Parent Relationship": "Outer",
                    "Parallel Aware": true,
                    "Relation Name": "cast_info",
                    "Alias": "ci",
                    "Startup Cost": 76078.9,
                    "Total Cost": 359278.28,
                    "Plan Rows": 1333662,
                    "Plan Width": 4,
                    "Actual Startup Time": 204.831,
                    "Actual Total Time": 492.32,
                    "Actual Rows": 1653224,
                    "Actual Loops": 2,
                    "Recheck Cond": "(person_id > 3453565)",
                    "Rows Removed by Index Recheck": 0,
                    "Filter": "(role_id > 1)",
                    "Rows Removed by Filter": 0,
                    "Exact Heap Blocks": 31012,
                    "Lossy Heap Blocks": 0,
                    "Plans": [
                      {
                        "Node Type": "Bitmap Index Scan",
                        "Parent Relationship": "Outer",
                        "Parallel Aware": false,
                        "Index Name": "person_id_cast_info",
                        "Startup Cost": 0.0,
                        "Total Cost": 75512.09,
                        "Plan Rows": 3458070,
                        "Plan Width": 0,
                        "Actual Startup Time": 191.794,
                        "Actual Total Time": 191.795,
                        "Actual Rows": 3306449,
                        "Actual Loops": 1,
                        "Index Cond": "(person_id > 3453565)"
                      }
                    ]
                  },
                  {
                    "Node Type": "Hash",
                    "Parent Relationship": "Inner",
                    "Parallel Aware": true,
                    "Startup Cost": 53674.6,
                    "Total Cost": 53674.6,
                    "Plan Rows": 3511,
                    "Plan Width": 4,
                    "Actual Startup Time": 91.355,
                    "Actual Total Time": 91.357,
                    "Actual Rows": 2730,
                    "Actual Loops": 2,
                    "Hash Buckets": 8192,
                    "Original Hash Buckets": 8192,
                    "Hash Batches": 1,
                    "Original Hash Batches": 1,
                    "Peak Memory Usage": 320,
                    "Plans": [
                      {
                        "Node Type": "Bitmap Heap Scan",
                        "Parent Relationship": "Outer",
                        "Parallel Aware": true,
                        "Relation Name": "title",
                        "Alias": "t",
                        "Startup Cost": 11824.34,
                        "Total Cost": 53674.6,
                        "Plan Rows": 3511,
                        "Plan Width": 4,
                        "Actual Startup Time": 34.123,
                        "Actual Total Time": 90.376,
                        "Actual Rows": 2730,
                        "Actual Loops": 2,
                        "Recheck Cond": "(kind_id = 1)",
                        "Rows Removed by Index Recheck": 0,
                        "Filter": "(production_year = 1990)",
                        "Rows Removed by Filter": 328682,
                        "Exact Heap Blocks": 10055,
                        "Lossy Heap Blocks": 0,
                        "Plans": [
                          {
                            "Node Type": "Bitmap Index Scan",
                            "Parent Relationship": "Outer",
                            "Parallel Aware": false,
                            "Index Name": "kind_id_title",
                            "Startup Cost": 0.0,
                            "Total Cost": 11822.85,
                            "Plan Rows": 663256,
                            "Plan Width": 0,
                            "Actual Startup Time": 33.99,
                            "Actual Total Time": 33.99,
                            "Actual Rows": 662825,
                            "Actual Loops": 1,
                            "Index Cond": "(kind_id = 1)"
                          }
                        ]
                      }
                    ]
                  }
                ]
              }
            ]
          }
        ]
      }
    ]
  },
  "Planning Time": 0.32,
  "Triggers": [],
  "Execution Time": 753.26
}