[
  {
    "Plan": {
      "Node Type": "Aggregate",
      "Strategy": "Plain",
      "Partial Mode": "Finalize",
      "Parallel Aware": false,
      "Startup Cost": 26095.7,
      "Total Cost": 26095.71,
      "Plan Rows": 1,
      "Plan Width": 8,
      "Actual Startup Time": 67.444,
      "Actual Total Time": 75.2,
      "Actual Rows": 1,
      "Actual Loops": 1,
      "Plans": [
        {
          "Node Type": "Gather",
          "Parent Relationship": "Outer",
          "Parallel Aware": false,
          "Startup Cost": 26095.38,
          "Total Cost": 26095.69,
          "Plan Rows": 3,
          "Plan Width": 8,
          "Actual Startup Time": 66.917,
          "Actual Total Time": 75.19,
          "Actual Rows": 4,
          "Actual Loops": 1,
          "Workers Planned": 3,
          "Workers Launched": 3,
          "Single Copy": false,
          "Plans": [
            {
              "Node Type": "Aggregate",
              "Strategy": "Plain",
              "Partial Mode": "Partial",
              "Parent Relationship": "Outer",
              "Parallel Aware": false,
              "Startup Cost": 25095.38,
              "Total Cost": 25095.39,
              "Plan Rows": 1,
              "Plan Width": 8,
              "Actual Startup Time": 61.16,
              "Actual Total Time": 61.162,
              "Actual Rows": 1,
              "Actual Loops": 4,
              "Plans": [
                {
                  "Node Type": "Bitmap Heap Scan",
                  "Parent Relationship": "Outer",
                  "Parallel Aware": true,
                  "Relation Name": "movie_companies",
                  "Alias": "mc",
                  "Startup Cost": 5070.42,
                  "Total Cost": 24998.45,
                  "Plan Rows": 38774,
                  "Plan Width": 0,
                  "Actual Startup Time": 47.514,
                  "Actual Total Time": 60.242,
                  "Actual Rows": 13098,
                  "Actual Loops": 4,
                  "Recheck Cond": "(company_id < 91)",
                  "Rows Removed by Index Recheck": 0,
                  "Filter": "(company_type_id > 1)",
                  "Rows Removed by Filter": 44037,
                  "Exact Heap Blocks": 8344,
                  "Lossy Heap Blocks": 0,
                  "Plans": [
                    {
                      "Node Type": "Bitmap Index Scan",
                      "Parent Relationship": "Outer",
                      "Parallel Aware": false,
                      "Index Name": "company_id_movie_companies",
                      "Startup Cost": 0.0,
                      "Total Cost": 5040.37,
                      "Plan Rows": 235192,
                      "Plan Width": 0,
                      "Actual Startup Time": 18.286,
                      "Actual Total Time": 18.286,
                      "Actual Rows": 228537,
                      "Actual Loops": 1,
                      "Index Cond": "(company_id < 91)"
                    }
                  ]
                }
              ]
            }
          ]
        }
      ]
    },
    "Planning Time": 0.126,
    "Triggers": [],
    "Execution Time": 75.249
  }
]