[
    {
        "Bao": {
            "Bao prediction": "NaN",
            "Bao recommended hint": "(no hint)"
        }
    },
    {
        "Plan": {
            "Node Type": "Aggregate",
            "Strategy": "Plain",
            "Partial Mode": "Finalize",
            "Parallel Aware": false,
            "Startup Cost": 435967.28,
            "Total Cost": 435967.29,
            "Plan Rows": 1,
            "Plan Width": 8,
            "Actual Startup Time": 1497.917,
            "Actual Total Time": 1535.925,
            "Actual Rows": 1,
            "Actual Loops": 1,
            "Output": [
                "count(*)"
            ],
            "Plans": [
                {
                    "Node Type": "Gather",
                    "Parent Relationship": "Outer",
                    "Parallel Aware": false,
                    "Startup Cost": 435966.65,
                    "Total Cost": 435967.26,
                    "Plan Rows": 6,
                    "Plan Width": 8,
                    "Actual Startup Time": 1481.598,
                    "Actual Total Time": 1535.913,
                    "Actual Rows": 7,
                    "Actual Loops": 1,
                    "Output": [
                        "(PARTIAL count(*))"
                    ],
                    "Workers Planned": 6,
                    "Workers Launched": 6,
                    "Single Copy": false,
                    "Plans": [
                        {
                            "Node Type": "Aggregate",
                            "Strategy": "Plain",
                            "Partial Mode": "Partial",
                            "Parent Relationship": "Outer",
                            "Parallel Aware": false,
                            "Startup Cost": 434966.65,
                            "Total Cost": 434966.66,
                            "Plan Rows": 1,
                            "Plan Width": 8,
                            "Actual Startup Time": 1464.387,
                            "Actual Total Time": 1464.825,
                            "Actual Rows": 1,
                            "Actual Loops": 7,
                            "Output": [
                                "PARTIAL count(*)"
                            ],
                            "Workers": [
                                {
                                    "Worker Number": 0,
                                    "Actual Startup Time": 1461.006,
                                    "Actual Total Time": 1461.011,
                                    "Actual Rows": 1,
                                    "Actual Loops": 1
                                },
                                {
                                    "Worker Number": 1,
                                    "Actual Startup Time": 1461.307,
                                    "Actual Total Time": 1461.313,
                                    "Actual Rows": 1,
                                    "Actual Loops": 1
                                },
                                {
                                    "Worker Number": 2,
                                    "Actual Startup Time": 1463.008,
                                    "Actual Total Time": 1463.015,
                                    "Actual Rows": 1,
                                    "Actual Loops": 1
                                },
                                {
                                    "Worker Number": 3,
                                    "Actual Startup Time": 1461.353,
                                    "Actual Total Time": 1461.357,
                                    "Actual Rows": 1,
                                    "Actual Loops": 1
                                },
                                {
                                    "Worker Number": 4,
                                    "Actual Startup Time": 1461.351,
                                    "Actual Total Time": 1461.356,
                                    "Actual Rows": 1,
                                    "Actual Loops": 1
                                },
                                {
                                    "Worker Number": 5,
                                    "Actual Startup Time": 1461.752,
                                    "Actual Total Time": 1461.758,
                                    "Actual Rows": 1,
                                    "Actual Loops": 1
                                }
                            ],
                            "Plans": [
                                {
                                    "Node Type": "Hash Join",
                                    "Parent Relationship": "Outer",
                                    "Parallel Aware": true,
                                    "Join Type": "Inner",
                                    "Startup Cost": 82433.38,
                                    "Total Cost": 434008.96,
                                    "Plan Rows": 383078,
                                    "Plan Width": 0,
                                    "Actual Startup Time": 642.524,
                                    "Actual Total Time": 1425.166,
                                    "Actual Rows": 666063,
                                    "Actual Loops": 7,
                                    "Inner Unique": false,
                                    "Hash Cond": "(ci.movie_id = t.id)",
                                    "Workers": [
                                        {
                                            "Worker Number": 0,
                                            "Actual Startup Time": 639.757,
                                            "Actual Total Time": 1420.148,
                                            "Actual Rows": 574296,
                                            "Actual Loops": 1
                                        },
                                        {
                                            "Worker Number": 1,
                                            "Actual Startup Time": 639.641,
                                            "Actual Total Time": 1420.241,
                                            "Actual Rows": 579214,
                                            "Actual Loops": 1
                                        },
                                        {
                                            "Worker Number": 2,
                                            "Actual Startup Time": 639.741,
                                            "Actual Total Time": 1421.438,
                                            "Actual Rows": 587333,
                                            "Actual Loops": 1
                                        },
                                        {
                                            "Worker Number": 3,
                                            "Actual Startup Time": 639.607,
                                            "Actual Total Time": 1420.604,
                                            "Actual Rows": 575460,
                                            "Actual Loops": 1
                                        },
                                        {
                                            "Worker Number": 4,
                                            "Actual Startup Time": 639.74,
                                            "Actual Total Time": 1420.306,
                                            "Actual Rows": 578887,
                                            "Actual Loops": 1
                                        },
                                        {
                                            "Worker Number": 5,
                                            "Actual Startup Time": 640.002,
                                            "Actual Total Time": 1424.389,
                                            "Actual Rows": 858783,
                                            "Actual Loops": 1
                                        }
                                    ],
                                    "Plans": [
                                        {
                                            "Node Type": "Seq Scan",
                                            "Parent Relationship": "Outer",
                                            "Parallel Aware": true,
                                            "Relation Name": "cast_info",
                                            "Schema": "public",
                                            "Alias": "ci",
                                            "Startup Cost": 0.0,
                                            "Total Cost": 343318.94,
                                            "Plan Rows": 1872240,
                                            "Plan Width": 4,
                                            "Actual Startup Time": 253.82,
                                            "Actual Total Time": 711.504,
                                            "Actual Rows": 1206686,
                                            "Actual Loops": 7,
                                            "Output": [
                                                "ci.id",
                                                "ci.person_id",
                                                "ci.movie_id",
                                                "ci.person_role_id",
                                                "ci.note",
                                                "ci.nr_order",
                                                "ci.role_id"
                                            ],
                                            "Filter": "((ci.person_id > 1939799) AND (ci.role_id < 4))",
                                            "Rows Removed by Filter": 3971077,
                                            "Workers": [
                                                {
                                                    "Worker Number": 0,
                                                    "Actual Startup Time": 253.727,
                                                    "Actual Total Time": 714.291,
                                                    "Actual Rows": 1031676,
                                                    "Actual Loops": 1
                                                },
                                                {
                                                    "Worker Number": 1,
                                                    "Actual Startup Time": 253.885,
                                                    "Actual Total Time": 720.952,
                                                    "Actual Rows": 1056691,
                                                    "Actual Loops": 1
                                                },
                                                {
                                                    "Worker Number": 2,
                                                    "Actual Startup Time": 253.851,
                                                    "Actual Total Time": 719.539,
                                                    "Actual Rows": 1049097,
                                                    "Actual Loops": 1
                                                },
                                                {
                                                    "Worker Number": 3,
                                                    "Actual Startup Time": 253.847,
                                                    "Actual Total Time": 715.977,
                                                    "Actual Rows": 1050224,
                                                    "Actual Loops": 1
                                                },
                                                {
                                                    "Worker Number": 4,
                                                    "Actual Startup Time": 253.729,
                                                    "Actual Total Time": 715.149,
                                                    "Actual Rows": 1042605,
                                                    "Actual Loops": 1
                                                },
                                                {
                                                    "Worker Number": 5,
                                                    "Actual Startup Time": 253.849,
                                                    "Actual Total Time": 705.908,
                                                    "Actual Rows": 1543302,
                                                    "Actual Loops": 1
                                                }
                                            ]
                                        },
                                        {
                                            "Node Type": "Hash",
                                            "Parent Relationship": "Inner",
                                            "Parallel Aware": true,
                                            "Startup Cost": 80347.42,
                                            "Total Cost": 80347.42,
                                            "Plan Rows": 166877,
                                            "Plan Width": 8,
                                            "Actual Startup Time": 386.496,
                                            "Actual Total Time": 386.931,
                                            "Actual Rows": 120120,
                                            "Actual Loops": 7,
                                            "Output": [
                                                "t.id",
                                                "mc.movie_id"
                                            ],
                                            "Hash Buckets": 1048576,
                                            "Original Hash Buckets": 524288,
                                            "Hash Batches": 1,
                                            "Original Hash Batches": 1,
                                            "Peak Memory Usage": 45248,
                                            "Workers": [
                                                {
                                                    "Worker Number": 0,
                                                    "Actual Startup Time": 384.575,
                                                    "Actual Total Time": 384.578,
                                                    "Actual Rows": 106179,
                                                    "Actual Loops": 1
                                                },
                                                {
                                                    "Worker Number": 1,
                                                    "Actual Startup Time": 384.721,
                                                    "Actual Total Time": 384.726,
                                                    "Actual Rows": 109853,
                                                    "Actual Loops": 1
                                                },
                                                {
                                                    "Worker Number": 2,
                                                    "Actual Startup Time": 384.781,
                                                    "Actual Total Time": 384.786,
                                                    "Actual Rows": 108674,
                                                    "Actual Loops": 1
                                                },
                                                {
                                                    "Worker Number": 3,
                                                    "Actual Startup Time": 384.786,
                                                    "Actual Total Time": 384.789,
                                                    "Actual Rows": 108545,
                                                    "Actual Loops": 1
                                                },
                                                {
                                                    "Worker Number": 4,
                                                    "Actual Startup Time": 384.765,
                                                    "Actual Total Time": 384.768,
                                                    "Actual Rows": 107717,
                                                    "Actual Loops": 1
                                                },
                                                {
                                                    "Worker Number": 5,
                                                    "Actual Startup Time": 385.389,
                                                    "Actual Total Time": 385.393,
                                                    "Actual Rows": 145507,
                                                    "Actual Loops": 1
                                                }
                                            ],
                                            "Plans": [
                                                {
                                                    "Node Type": "Hash Join",
                                                    "Parent Relationship": "Outer",
                                                    "Parallel Aware": true,
                                                    "Join Type": "Inner",
                                                    "Startup Cost": 48110.86,
                                                    "Total Cost": 80347.42,
                                                    "Plan Rows": 166877,
                                                    "Plan Width": 8,
                                                    "Actual Startup Time": 204.281,
                                                    "Actual Total Time": 321.161,
                                                    "Actual Rows": 120120,
                                                    "Actual Loops": 7,
                                                    "Output": [
                                                        "t.id",
                                                        "mc.movie_id"
                                                    ],
                                                    "Inner Unique": true,
                                                    "Hash Cond": "(mc.movie_id = t.id)",
                                                    "Workers": [
                                                        {
                                                            "Worker Number": 0,
                                                            "Actual Startup Time": 202.394,
                                                            "Actual Total Time": 318.536,
                                                            "Actual Rows": 106179,
                                                            "Actual Loops": 1
                                                        },
                                                        {
                                                            "Worker Number": 1,
                                                            "Actual Startup Time": 202.605,
                                                            "Actual Total Time": 320.65,
                                                            "Actual Rows": 109853,
                                                            "Actual Loops": 1
                                                        },
                                                        {
                                                            "Worker Number": 2,
                                                            "Actual Startup Time": 202.548,
                                                            "Actual Total Time": 319.284,
                                                            "Actual Rows": 108674,
                                                            "Actual Loops": 1
                                                        },
                                                        {
                                                            "Worker Number": 3,
                                                            "Actual Startup Time": 202.531,
                                                            "Actual Total Time": 318.219,
                                                            "Actual Rows": 108545,
                                                            "Actual Loops": 1
                                                        },
                                                        {
                                                            "Worker Number": 4,
                                                            "Actual Startup Time": 202.591,
                                                            "Actual Total Time": 318.082,
                                                            "Actual Rows": 107717,
                                                            "Actual Loops": 1
                                                        },
                                                        {
                                                            "Worker Number": 5,
                                                            "Actual Startup Time": 203.102,
                                                            "Actual Total Time": 320.153,
                                                            "Actual Rows": 145507,
                                                            "Actual Loops": 1
                                                        }
                                                    ],
                                                    "Plans": [
                                                        {
                                                            "Node Type": "Seq Scan",
                                                            "Parent Relationship": "Outer",
                                                            "Parallel Aware": true,
                                                            "Relation Name": "movie_companies",
                                                            "Schema": "public",
                                                            "Alias": "mc",
                                                            "Startup Cost": 0.0,
                                                            "Total Cost": 31414.82,
                                                            "Plan Rows": 313045,
                                                            "Plan Width": 4,
                                                            "Actual Startup Time": 0.033,
                                                            "Actual Total Time": 56.304,
                                                            "Actual Rows": 180269,
                                                            "Actual Loops": 7,
                                                            "Output": [
                                                                "mc.id",
                                                                "mc.movie_id",
                                                                "mc.company_id",
                                                                "mc.company_type_id",
                                                                "mc.note"
                                                            ],
                                                            "Filter": "((mc.company_id < 60141) AND (mc.company_type_id < 2))",
                                                            "Rows Removed by Filter": 192464,
                                                            "Workers": [
                                                                {
                                                                    "Worker Number": 0,
                                                                    "Actual Startup Time": 0.041,
                                                                    "Actual Total Time": 56.981,
                                                                    "Actual Rows": 159552,
                                                                    "Actual Loops": 1
                                                                },
                                                                {
                                                                    "Worker Number": 1,
                                                                    "Actual Startup Time": 0.038,
                                                                    "Actual Total Time": 58.106,
                                                                    "Actual Rows": 165026,
                                                                    "Actual Loops": 1
                                                                },
                                                                {
                                                                    "Worker Number": 2,
                                                                    "Actual Startup Time": 0.037,
                                                                    "Actual Total Time": 57.919,
                                                                    "Actual Rows": 162057,
                                                                    "Actual Loops": 1
                                                                },
                                                                {
                                                                    "Worker Number": 3,
                                                                    "Actual Startup Time": 0.037,
                                                                    "Actual Total Time": 57.193,
                                                                    "Actual Rows": 161545,
                                                                    "Actual Loops": 1
                                                                },
                                                                {
                                                                    "Worker Number": 4,
                                                                    "Actual Startup Time": 0.037,
                                                                    "Actual Total Time": 56.95,
                                                                    "Actual Rows": 159613,
                                                                    "Actual Loops": 1
                                                                },
                                                                {
                                                                    "Worker Number": 5,
                                                                    "Actual Startup Time": 0.027,
                                                                    "Actual Total Time": 55.421,
                                                                    "Actual Rows": 219956,
                                                                    "Actual Loops": 1
                                                                }
                                                            ]
                                                        },
                                                        {
                                                            "Node Type": "Hash",
                                                            "Parent Relationship": "Inner",
                                                            "Parallel Aware": true,
                                                            "Startup Cost": 43899.01,
                                                            "Total Cost": 43899.01,
                                                            "Plan Rows": 336948,
                                                            "Plan Width": 4,
                                                            "Actual Startup Time": 201.054,
                                                            "Actual Total Time": 201.056,
                                                            "Actual Rows": 192613,
                                                            "Actual Loops": 7,
                                                            "Output": [
                                                                "t.id"
                                                            ],
                                                            "Hash Buckets": 2097152,
                                                            "Original Hash Buckets": 2097152,
                                                            "Hash Batches": 1,
                                                            "Original Hash Batches": 1,
                                                            "Peak Memory Usage": 69216,
                                                            "Workers": [
                                                                {
                                                                    "Worker Number": 0,
                                                                    "Actual Startup Time": 201.985,
                                                                    "Actual Total Time": 201.986,
                                                                    "Actual Rows": 156485,
                                                                    "Actual Loops": 1
                                                                },
                                                                {
                                                                    "Worker Number": 1,
                                                                    "Actual Startup Time": 202.285,
                                                                    "Actual Total Time": 202.288,
                                                                    "Actual Rows": 165772,
                                                                    "Actual Loops": 1
                                                                },
                                                                {
                                                                    "Worker Number": 2,
                                                                    "Actual Startup Time": 202.212,
                                                                    "Actual Total Time": 202.213,
                                                                    "Actual Rows": 170299,
                                                                    "Actual Loops": 1
                                                                },
                                                                {
                                                                    "Worker Number": 3,
                                                                    "Actual Startup Time": 202.212,
                                                                    "Actual Total Time": 202.213,
                                                                    "Actual Rows": 161786,
                                                                    "Actual Loops": 1
                                                                },
                                                                {
                                                                    "Worker Number": 4,
                                                                    "Actual Startup Time": 202.216,
                                                                    "Actual Total Time": 202.218,
                                                                    "Actual Rows": 160060,
                                                                    "Actual Loops": 1
                                                                },
                                                                {
                                                                    "Worker Number": 5,
                                                                    "Actual Startup Time": 202.793,
                                                                    "Actual Total Time": 202.795,
                                                                    "Actual Rows": 225516,
                                                                    "Actual Loops": 1
                                                                }
                                                            ],
                                                            "Plans": [
                                                                {
                                                                    "Node Type": "Seq Scan",
                                                                    "Parent Relationship": "Outer",
                                                                    "Parallel Aware": true,
                                                                    "Relation Name": "title",
                                                                    "Schema": "public",
                                                                    "Alias": "t",
                                                                    "Startup Cost": 0.0,
                                                                    "Total Cost": 43899.01,
                                                                    "Plan Rows": 336948,
                                                                    "Plan Width": 4,
                                                                    "Actual Startup Time": 0.097,
                                                                    "Actual Total Time": 90.773,
                                                                    "Actual Rows": 192613,
                                                                    "Actual Loops": 7,
                                                                    "Output": [
                                                                        "t.id"
                                                                    ],
                                                                    "Filter": "(t.production_year < 2005)",
                                                                    "Rows Removed by Filter": 168574,
                                                                    "Workers": [
                                                                        {
                                                                            "Worker Number": 0,
                                                                            "Actual Startup Time": 0.122,
                                                                            "Actual Total Time": 91.37,
                                                                            "Actual Rows": 156485,
                                                                            "Actual Loops": 1
                                                                        },
                                                                        {
                                                                            "Worker Number": 1,
                                                                            "Actual Startup Time": 0.119,
                                                                            "Actual Total Time": 94.926,
                                                                            "Actual Rows": 165772,
                                                                            "Actual Loops": 1
                                                                        },
                                                                        {
                                                                            "Worker Number": 2,
                                                                            "Actual Startup Time": 0.126,
                                                                            "Actual Total Time": 94.726,
                                                                            "Actual Rows": 170299,
                                                                            "Actual Loops": 1
                                                                        },
                                                                        {
                                                                            "Worker Number": 3,
                                                                            "Actual Startup Time": 0.114,
                                                                            "Actual Total Time": 93.227,
                                                                            "Actual Rows": 161786,
                                                                            "Actual Loops": 1
                                                                        },
                                                                        {
                                                                            "Worker Number": 4,
                                                                            "Actual Startup Time": 0.111,
                                                                            "Actual Total Time": 91.668,
                                                                            "Actual Rows": 160060,
                                                                            "Actual Loops": 1
                                                                        },
                                                                        {
                                                                            "Worker Number": 5,
                                                                            "Actual Startup Time": 0.068,
                                                                            "Actual Total Time": 90.231,
                                                                            "Actual Rows": 225516,
                                                                            "Actual Loops": 1
                                                                        }
                                                                    ]
                                                                }
                                                            ]
                                                        }
                                                    ]
                                                }
                                            ]
                                        }
                                    ]
                                }
                            ]
                        }
                    ]
                }
            ]
        },
        "Planning Time": 283.673,
        "Triggers": [],
        "Execution Time": 1536.039
    }
]