[
  {
    "Plan": {
      "Node Type": "Aggregate",
      "Strategy": "Plain",
      "Partial Mode": "Finalize",
      "Parallel Aware": false,
      "Startup Cost": 79354.16,
      "Total Cost": 79354.17,
      "Plan Rows": 1,
      "Plan Width": 8,
      "Actual Startup Time": 127.144,
      "Actual Total Time": 135.047,
      "Actual Rows": 1,
      "Actual Loops": 1,
      "Plans": [
        {
          "Node Type": "Gather",
          "Parent Relationship": "Outer",
          "Parallel Aware": false,
          "Startup Cost": 79353.64,
          "Total Cost": 79354.15,
          "Plan Rows": 5,
          "Plan Width": 8,
          "Actual Startup Time": 126.985,
          "Actual Total Time": 135.035,
          "Actual Rows": 6,
          "Actual Loops": 1,
          "Workers Planned": 5,
          "Workers Launched": 5,
          "Single Copy": false,
          "Plans": [
            {
              "Node Type": "Aggregate",
              "Strategy": "Plain",
              "Partial Mode": "Partial",
              "Parent Relationship": "Outer",
              "Parallel Aware": false,
              "Startup Cost": 78353.64,
              "Total Cost": 78353.65,
              "Plan Rows": 1,
              "Plan Width": 8,
              "Actual Startup Time": 118.446,
              "Actual Total Time": 118.447,
              "Actual Rows": 1,
              "Actual Loops": 6,
              "Plans": [
                {
                  "Node Type": "Index Scan",
                  "Parent Relationship": "Outer",
                  "Parallel Aware": true,
                  "Scan Direction": "Forward",
                  "Index Name": "role_id_cast_info",
                  "Relation Name": "cast_info",
                  "Alias": "ci",
                  "Startup Cost": 0.56,
                  "Total Cost": 77740.85,
                  "Plan Rows": 245115,
                  "Plan Width": 0,
                  "Actual Startup Time": 0.186,
                  "Actual Total Time": 106.322,
                  "Actual Rows": 238084,
                  "Actual Loops": 6,
                  "Index Cond": "(role_id = 4)",
                  "Rows Removed by Index Recheck": 0,
                  "Filter": "(person_id > 2081430)",
                  "Rows Removed by Filter": 216740
                }
              ]
            }
          ]
        }
      ]
    },
    "Planning Time": 0.238,
    "Triggers": [],
    "Execution Time": 135.113
  }
]