[
  {
    "Plan": {
      "Node Type": "Aggregate",
      "Strategy": "Plain",
      "Partial Mode": "Finalize",
      "Parallel Aware": false,
      "Startup Cost": 344174.53,
      "Total Cost": 344174.54,
      "Plan Rows": 1,
      "Plan Width": 8,
      "Actual Startup Time": 916.269,
      "Actual Total Time": 978.203,
      "Actual Rows": 1,
      "Actual Loops": 1,
      "Plans": [
        {
          "Node Type": "Gather",
          "Parent Relationship": "Outer",
          "Parallel Aware": false,
          "Startup Cost": 344173.91,
          "Total Cost": 344174.52,
          "Plan Rows": 6,
          "Plan Width": 8,
          "Actual Startup Time": 916.161,
          "Actual Total Time": 978.192,
          "Actual Rows": 7,
          "Actual Loops": 1,
          "Workers Planned": 6,
          "Workers Launched": 6,
          "Single Copy": false,
          "Plans": [
            {
              "Node Type": "Aggregate",
              "Strategy": "Plain",
              "Partial Mode": "Partial",
              "Parent Relationship": "Outer",
              "Parallel Aware": false,
              "Startup Cost": 343173.91,
              "Total Cost": 343173.92,
              "Plan Rows": 1,
              "Plan Width": 8,
              "Actual Startup Time": 910.746,
              "Actual Total Time": 910.748,
              "Actual Rows": 1,
              "Actual Loops": 7,
              "Plans": [
                {
                  "Node Type": "Seq Scan",
                  "Parent Relationship": "Outer",
                  "Parallel Aware": true,
                  "Relation Name": "cast_info",
                  "Alias": "ci",
                  "Startup Cost": 0.0,
                  "Total Cost": 328211.39,
                  "Plan Rows": 5985006,
                  "Plan Width": 0,
                  "Actual Startup Time": 4.66,
                  "Actual Total Time": 674.349,
                  "Actual Rows": 5125773,
                  "Actual Loops": 7,
                  "Filter": "(person_id > 41648)",
                  "Rows Removed by Filter": 51990
                }
              ]
            }
          ]
        }
      ]
    },
    "Planning Time": 0.274,
    "Triggers": [],
    "Execution Time": 978.276
  }
]