[
  {
    "Plan": {
      "Node Type": "Aggregate",
      "Strategy": "Plain",
      "Partial Mode": "Finalize",
      "Parallel Aware": false,
      "Startup Cost": 344104.52,
      "Total Cost": 344104.53,
      "Plan Rows": 1,
      "Plan Width": 8,
      "Actual Startup Time": 835.65,
      "Actual Total Time": 892.921,
      "Actual Rows": 1,
      "Actual Loops": 1,
      "Plans": [
        {
          "Node Type": "Gather",
          "Parent Relationship": "Outer",
          "Parallel Aware": false,
          "Startup Cost": 344103.89,
          "Total Cost": 344104.5,
          "Plan Rows": 6,
          "Plan Width": 8,
          "Actual Startup Time": 835.541,
          "Actual Total Time": 892.914,
          "Actual Rows": 7,
          "Actual Loops": 1,
          "Workers Planned": 6,
          "Workers Launched": 6,
          "Single Copy": false,
          "Plans": [
            {
              "Node Type": "Aggregate",
              "Strategy": "Plain",
              "Partial Mode": "Partial",
              "Parent Relationship": "Outer",
              "Parallel Aware": false,
              "Startup Cost": 343103.89,
              "Total Cost": 343103.9,
              "Plan Rows": 1,
              "Plan Width": 8,
              "Actual Startup Time": 827.089,
              "Actual Total Time": 827.09,
              "Actual Rows": 1,
              "Actual Loops": 7,
              "Plans": [
                {
                  "Node Type": "Seq Scan",
                  "Parent Relationship": "Outer",
                  "Parallel Aware": true,
                  "Relation Name": "cast_info",
                  "Alias": "ci",
                  "Startup Cost": 0.0,
                  "Total Cost": 328162.03,
                  "Plan Rows": 5976746,
                  "Plan Width": 0,
                  "Actual Startup Time": 8.672,
                  "Actual Total Time": 625.081,
                  "Actual Rows": 5125773,
                  "Actual Loops": 7,
                  "Filter": "(person_id > 41648)",
                  "Rows Removed by Filter": 51990
                }
              ]
            }
          ]
        }
      ]
    },
    "Planning Time": 0.26,
    "Triggers": [],
    "Execution Time": 892.991
  }
]