[
  {
    "Plan": {
      "Node Type": "Aggregate",
      "Strategy": "Plain",
      "Partial Mode": "Finalize",
      "Parallel Aware": false,
      "Startup Cost": 204810.57,
      "Total Cost": 204810.58,
      "Plan Rows": 1,
      "Plan Width": 8,
      "Actual Startup Time": 316.003,
      "Actual Total Time": 343.174,
      "Actual Rows": 1,
      "Actual Loops": 1,
      "Plans": [
        {
          "Node Type": "Gather",
          "Parent Relationship": "Outer",
          "Parallel Aware": false,
          "Startup Cost": 204809.94,
          "Total Cost": 204810.55,
          "Plan Rows": 6,
          "Plan Width": 8,
          "Actual Startup Time": 315.835,
          "Actual Total Time": 343.151,
          "Actual Rows": 7,
          "Actual Loops": 1,
          "Workers Planned": 6,
          "Workers Launched": 6,
          "Single Copy": false,
          "Plans": [
            {
              "Node Type": "Aggregate",
              "Strategy": "Plain",
              "Partial Mode": "Partial",
              "Parent Relationship": "Outer",
              "Parallel Aware": false,
              "Startup Cost": 203809.94,
              "Total Cost": 203809.95,
              "Plan Rows": 1,
              "Plan Width": 8,
              "Actual Startup Time": 305.133,
              "Actual Total Time": 305.134,
              "Actual Rows": 1,
              "Actual Loops": 7,
              "Plans": [
                {
                  "Node Type": "Index Scan",
                  "Parent Relationship": "Outer",
                  "Parallel Aware": true,
                  "Scan Direction": "Forward",
                  "Index Name": "role_id_cast_info",
                  "Relation Name": "cast_info",
                  "Alias": "ci",
                  "Startup Cost": 0.56,
                  "Total Cost": 201884.69,
                  "Plan Rows": 770100,
                  "Plan Width": 0,
                  "Actual Startup Time": 0.235,
                  "Actual Total Time": 269.648,
                  "Actual Rows": 623402,
                  "Actual Loops": 7,
                  "Index Cond": "(role_id = 2)",
                  "Rows Removed by Index Recheck": 0,
                  "Filter": "(person_id < 2302169)",
                  "Rows Removed by Filter": 441165
                }
              ]
            }
          ]
        }
      ]
    },
    "Planning Time": 0.231,
    "Triggers": [],
    "Execution Time": 343.242
  }
]