[
  {
    "Plan": {
      "Node Type": "Aggregate",
      "Strategy": "Plain",
      "Partial Mode": "Finalize",
      "Parallel Aware": false,
      "Startup Cost": 200785.66,
      "Total Cost": 200785.67,
      "Plan Rows": 1,
      "Plan Width": 8,
      "Actual Startup Time": 249.905,
      "Actual Total Time": 264.994,
      "Actual Rows": 1,
      "Actual Loops": 1,
      "Plans": [
        {
          "Node Type": "Gather",
          "Parent Relationship": "Outer",
          "Parallel Aware": false,
          "Startup Cost": 200785.04,
          "Total Cost": 200785.65,
          "Plan Rows": 6,
          "Plan Width": 8,
          "Actual Startup Time": 249.826,
          "Actual Total Time": 264.983,
          "Actual Rows": 7,
          "Actual Loops": 1,
          "Workers Planned": 6,
          "Workers Launched": 6,
          "Single Copy": false,
          "Plans": [
            {
              "Node Type": "Aggregate",
              "Strategy": "Plain",
              "Partial Mode": "Partial",
              "Parent Relationship": "Outer",
              "Parallel Aware": false,
              "Startup Cost": 199785.04,
              "Total Cost": 199785.05,
              "Plan Rows": 1,
              "Plan Width": 8,
              "Actual Startup Time": 240.663,
              "Actual Total Time": 240.664,
              "Actual Rows": 1,
              "Actual Loops": 7,
              "Plans": [
                {
                  "Node Type": "Index Scan",
                  "Parent Relationship": "Outer",
                  "Parallel Aware": true,
                  "Scan Direction": "Forward",
                  "Index Name": "role_id_cast_info",
                  "Relation Name": "cast_info",
                  "Alias": "ci",
                  "Startup Cost": 0.56,
                  "Total Cost": 197877.72,
                  "Plan Rows": 762925,
                  "Plan Width": 0,
                  "Actual Startup Time": 0.234,
                  "Actual Total Time": 212.351,
                  "Actual Rows": 623402,
                  "Actual Loops": 7,
                  "Index Cond": "(role_id = 2)",
                  "Rows Removed by Index Recheck": 0,
                  "Filter": "(person_id < 2302169)",
                  "Rows Removed by Filter": 441165
                }
              ]
            }
          ]
        }
      ]
    },
    "Planning Time": 0.267,
    "Triggers": [],
    "Execution Time": 265.059
  }
]