[
  {
    "Plan": {
      "Node Type": "Aggregate",
      "Strategy": "Plain",
      "Partial Mode": "Finalize",
      "Parallel Aware": false,
      "Startup Cost": 47172.78,
      "Total Cost": 47172.79,
      "Plan Rows": 1,
      "Plan Width": 8,
      "Actual Startup Time": 191.683,
      "Actual Total Time": 202.378,
      "Actual Rows": 1,
      "Actual Loops": 1,
      "Plans": [
        {
          "Node Type": "Gather",
          "Parent Relationship": "Outer",
          "Parallel Aware": false,
          "Startup Cost": 47172.46,
          "Total Cost": 47172.77,
          "Plan Rows": 3,
          "Plan Width": 8,
          "Actual Startup Time": 191.576,
          "Actual Total Time": 202.368,
          "Actual Rows": 4,
          "Actual Loops": 1,
          "Workers Planned": 3,
          "Workers Launched": 3,
          "Single Copy": false,
          "Plans": [
            {
              "Node Type": "Aggregate",
              "Strategy": "Plain",
              "Partial Mode": "Partial",
              "Parent Relationship": "Outer",
              "Parallel Aware": false,
              "Startup Cost": 46172.46,
              "Total Cost": 46172.47,
              "Plan Rows": 1,
              "Plan Width": 8,
              "Actual Startup Time": 182.782,
              "Actual Total Time": 182.783,
              "Actual Rows": 1,
              "Actual Loops": 4,
              "Plans": [
                {
                  "Node Type": "Seq Scan",
                  "Parent Relationship": "Outer",
                  "Parallel Aware": true,
                  "Relation Name": "movie_keyword",
                  "Alias": "mk",
                  "Startup Cost": 0.0,
                  "Total Cost": 42695.65,
                  "Plan Rows": 1390722,
                  "Plan Width": 0,
                  "Actual Startup Time": 0.072,
                  "Actual Total Time": 131.259,
                  "Actual Rows": 1076792,
                  "Actual Loops": 4,
                  "Filter": "(keyword_id > 142)",
                  "Rows Removed by Filter": 54190
                }
              ]
            }
          ]
        }
      ]
    },
    "Planning Time": 0.189,
    "Triggers": [],
    "Execution Time": 202.433
  }
]