[
  {
    "Plan": {
      "Node Type": "Aggregate",
      "Strategy": "Plain",
      "Partial Mode": "Finalize",
      "Parallel Aware": false,
      "Startup Cost": 73586.81,
      "Total Cost": 73586.82,
      "Plan Rows": 1,
      "Plan Width": 8,
      "Actual Startup Time": 219.48,
      "Actual Total Time": 233.334,
      "Actual Rows": 1,
      "Actual Loops": 1,
      "Plans": [
        {
          "Node Type": "Gather",
          "Parent Relationship": "Outer",
          "Parallel Aware": false,
          "Startup Cost": 73586.39,
          "Total Cost": 73586.8,
          "Plan Rows": 4,
          "Plan Width": 8,
          "Actual Startup Time": 218.343,
          "Actual Total Time": 233.323,
          "Actual Rows": 5,
          "Actual Loops": 1,
          "Workers Planned": 4,
          "Workers Launched": 4,
          "Single Copy": false,
          "Plans": [
            {
              "Node Type": "Aggregate",
              "Strategy": "Plain",
              "Partial Mode": "Partial",
              "Parent Relationship": "Outer",
              "Parallel Aware": false,
              "Startup Cost": 72586.39,
              "Total Cost": 72586.4,
              "Plan Rows": 1,
              "Plan Width": 8,
              "Actual Startup Time": 208.674,
              "Actual Total Time": 208.678,
              "Actual Rows": 1,
              "Actual Loops": 5,
              "Plans": [
                {
                  "Node Type": "Hash Join",
                  "Parent Relationship": "Outer",
                  "Parallel Aware": true,
                  "Join Type": "Inner",
                  "Startup Cost": 26216.18,
                  "Total Cost": 72525.26,
                  "Plan Rows": 24451,
                  "Plan Width": 0,
                  "Actual Startup Time": 166.974,
                  "Actual Total Time": 208.221,
                  "Actual Rows": 7844,
                  "Actual Loops": 5,
                  "Inner Unique": false,
                  "Hash Cond": "(t.id = mc.movie_id)",
                  "Plans": [
                    {
                      "Node Type": "Seq Scan",
                      "Parent Relationship": "Outer",
                      "Parallel Aware": true,
                      "Relation Name": "title",
                      "Alias": "t",
                      "Startup Cost": 0.0,
                      "Total Cost": 43898.92,
                      "Plan Rows": 466259,
                      "Plan Width": 4,
                      "Actual Startup Time": 0.012,
                      "Actual Total Time": 74.497,
                      "Actual Rows": 373097,
                      "Actual Loops": 5,
                      "Filter": "(kind_id > 1)",
                      "Rows Removed by Filter": 132565
                    },
                    {
                      "Node Type": "Hash",
                      "Parent Relationship": "Inner",
                      "Parallel Aware": true,
                      "Startup Cost": 25681.57,
                      "Total Cost": 25681.57,
                      "Plan Rows": 42769,
                      "Plan Width": 4,
                      "Actual Startup Time": 68.118,
                      "Actual Total Time": 68.119,
                      "Actual Rows": 51844,
                      "Actual Loops": 5,
                      "Hash Buckets": 262144,
                      "Original Hash Buckets": 262144,
                      "Hash Batches": 1,
                      "Original Hash Batches": 1,
                      "Peak Memory Usage": 12288,
                      "Plans": [
                        {
                          "Node Type": "Bitmap Heap Scan",
                          "Parent Relationship": "Outer",
                          "Parallel Aware": true,
                          "Relation Name": "movie_companies",
                          "Alias": "mc",
                          "Startup Cost": 5628.04,
                          "Total Cost": 25681.57,
                          "Plan Rows": 42769,
                          "Plan Width": 4,
                          "Actual Startup Time": 19.194,
                          "Actual Total Time": 47.073,
                          "Actual Rows": 51844,
                          "Actual Loops": 5,
                          "Recheck Cond": "(company_id > 99536)",
                          "Rows Removed by Index Recheck": 0,
                          "Filter": "(company_type_id = 2)",
                          "Rows Removed by Filter": 0,
                          "Exact Heap Blocks": 1921,
                          "Lossy Heap Blocks": 0,
                          "Plans": [
                            {
                              "Node Type": "Bitmap Index Scan",
                              "Parent Relationship": "Outer",
                              "Parallel Aware": false,
                              "Index Name": "company_id_movie_companies",
                              "Startup Cost": 0.0,
                              "Total Cost": 5594.9,
                              "Plan Rows": 261129,
                              "Plan Width": 0,
                              "Actual Startup Time": 21.917,
                              "Actual Total Time": 21.918,
                              "Actual Rows": 259221,
                              "Actual Loops": 1,
                              "Index Cond": "(company_id > 99536)"
                            }
                          ]
                        }
                      ]
                    }
                  ]
                }
              ]
            }
          ]
        }
      ]
    },
    "Planning Time": 0.587,
    "Triggers": [],
    "Execution Time": 233.417
  }
]