[
  {
    "Plan": {
      "Node Type": "Aggregate",
      "Strategy": "Plain",
      "Partial Mode": "Finalize",
      "Parallel Aware": false,
      "Startup Cost": 44803.77,
      "Total Cost": 44803.78,
      "Plan Rows": 1,
      "Plan Width": 8,
      "Actual Startup Time": 128.126,
      "Actual Total Time": 138.137,
      "Actual Rows": 1,
      "Actual Loops": 1,
      "Plans": [
        {
          "Node Type": "Gather",
          "Parent Relationship": "Outer",
          "Parallel Aware": false,
          "Startup Cost": 44803.45,
          "Total Cost": 44803.76,
          "Plan Rows": 3,
          "Plan Width": 8,
          "Actual Startup Time": 128.006,
          "Actual Total Time": 138.129,
          "Actual Rows": 4,
          "Actual Loops": 1,
          "Workers Planned": 3,
          "Workers Launched": 3,
          "Single Copy": false,
          "Plans": [
            {
              "Node Type": "Aggregate",
              "Strategy": "Plain",
              "Partial Mode": "Partial",
              "Parent Relationship": "Outer",
              "Parallel Aware": false,
              "Startup Cost": 43803.45,
              "Total Cost": 43803.46,
              "Plan Rows": 1,
              "Plan Width": 8,
              "Actual Startup Time": 122.296,
              "Actual Total Time": 122.297,
              "Actual Rows": 1,
              "Actual Loops": 4,
              "Plans": [
                {
                  "Node Type": "Seq Scan",
                  "Parent Relationship": "Outer",
                  "Parallel Aware": true,
                  "Relation Name": "movie_keyword",
                  "Alias": "mk",
                  "Startup Cost": 0.0,
                  "Total Cost": 42695.65,
                  "Plan Rows": 443119,
                  "Plan Width": 0,
                  "Actual Startup Time": 1.637,
                  "Actual Total Time": 105.873,
                  "Actual Rows": 344778,
                  "Actual Loops": 4,
                  "Filter": "(keyword_id > 12099)",
                  "Rows Removed by Filter": 786204
                }
              ]
            }
          ]
        }
      ]
    },
    "Planning Time": 0.181,
    "Triggers": [],
    "Execution Time": 138.19
  }
]