{
  "Plan": {
    "Node Type": "Aggregate",
    "Strategy": "Plain",
    "Partial Mode": "Finalize",
    "Parallel Aware": false,
    "Startup Cost": 155573.02,
    "Total Cost": 155573.03,
    "Plan Rows": 1,
    "Plan Width": 8,
    "Actual Startup Time": 1877.664,
    "Actual Total Time": 1957.794,
    "Actual Rows": 1,
    "Actual Loops": 1,
    "Plans": [
      {
        "Node Type": "Gather",
        "Parent Relationship": "Outer",
        "Parallel Aware": false,
        "Startup Cost": 155572.91,
        "Total Cost": 155573.02,
        "Plan Rows": 1,
        "Plan Width": 8,
        "Actual Startup Time": 1876.189,
        "Actual Total Time": 1957.782,
        "Actual Rows": 2,
        "Actual Loops": 1,
        "Workers Planned": 1,
        "Workers Launched": 1,
        "Single Copy": false,
        "Plans": [
          {
            "Node Type": "Aggregate",
            "Strategy": "Plain",
            "Partial Mode": "Partial",
            "Parent Relationship": "Outer",
            "Parallel Aware": false,
            "Startup Cost": 154572.91,
            "Total Cost": 154572.92,
            "Plan Rows": 1,
            "Plan Width": 8,
            "Actual Startup Time": 1870.242,
            "Actual Total Time": 1870.654,
            "Actual Rows": 1,
            "Actual Loops": 2,
            "Plans": [
              {
                "Node Type": "Nested Loop",
                "Parent Relationship": "Outer",
                "Parallel Aware": false,
                "Join Type": "Inner",
                "Startup Cost": 54863.94,
                "Total Cost": 154419.88,
                "Plan Rows": 61212,
                "Plan Width": 0,
                "Actual Startup Time": 203.473,
                "Actual Total Time": 1860.281,
                "Actual Rows": 147096,
                "Actual Loops": 2,
                "Inner Unique": false,
                "Join Filter": "(t.id = ci.movie_id)",
                "Rows Removed by Join Filter": 0,
                "Plans": [
                  {
                    "Node Type": "Hash Join",
                    "Parent Relationship": "Outer",
                    "Parallel Aware": true,
                    "Join Type": "Inner",
                    "Startup Cost": 54863.37,
                    "Total Cost": 73647.69,
                    "Plan Rows": 16559,
                    "Plan Width": 8,
                    "Actual Startup Time": 202.834,
                    "Actual Total Time": 315.076,
                    "Actual Rows": 41640,
                    "Actual Loops": 2,
                    "Inner Unique": true,
                    "Hash Cond": "(mi_idx.movie_id = t.id)",
                    "Plans": [
                      {
                        "Node Type": "Seq Scan",
                        "Parent Relationship": "Outer",
                        "Parallel Aware": true,
                        "Relation Name": "movie_info_idx",
                        "Alias": "mi_idx",
                        "Startup Cost": 0.0,
                        "Total Cost": 18082.32,
                        "Plan Rows": 267429,
                        "Plan Width": 4,
                        "Actual Startup Time": 0.026,
                        "Actual Total Time": 66.922,
                        "Actual Rows": 229962,
                        "Actual Loops": 2,
                        "Filter": "(info_type_id < 100)",
                        "Rows Removed by Filter": 460055
                      },
                      {
                        "Node Type": "Hash",
                        "Parent Relationship": "Inner",
                        "Parallel Aware": true,
                        "Startup Cost": 53712.25,
                        "Total Cost": 53712.25,
                        "Plan Rows": 92090,
                        "Plan Width": 4,
                        "Actual Startup Time": 155.979,
                        "Actual Total Time": 155.981,
                        "Actual Rows": 148220,
                        "Actual Loops": 2,
                        "Hash Buckets": 524288,
                        "Original Hash Buckets": 262144,
                        "Hash Batches": 1,
                        "Original Hash Batches": 1,
                        "Peak Memory Usage": 17760,
                        "Plans": [
                          {
                            "Node Type": "Bitmap Heap Scan",
                            "Parent Relationship": "Outer",
                            "Parallel Aware": true,
                            "Relation Name": "title",
                            "Alias": "t",
                            "Startup Cost": 11861.99,
                            "Total Cost": 53712.25,
                            "Plan Rows": 92090,
                            "Plan Width": 4,
                            "Actual Startup Time": 28.052,
                            "Actual Total Time": 104.926,
                            "Actual Rows": 148220,
                            "Actual Loops": 2,
                            "Recheck Cond": "(kind_id = 1)",
                            "Rows Removed by Index Recheck": 0,
                            "Filter": "(production_year < 1986)",
                            "Rows Removed by Filter": 183192,
                            "Exact Heap Blocks": 8798,
                            "Lossy Heap Blocks": 0,
                            "Plans": [
                              {
                                "Node Type": "Bitmap Index Scan",
                                "Parent Relationship": "Outer",
                                "Parallel Aware": false,
                                "Index Name": "kind_id_title",
                                "Startup Cost": 0.0,
                                "Total Cost": 11822.85,
                                "Plan Rows": 663256,
                                "Plan Width": 0,
                                "Actual Startup Time": 30.015,
                                "Actual Total Time": 30.016,
                                "Actual Rows": 662825,
                                "Actual Loops": 1,
                                "Index Cond": "(kind_id = 1)"
                              }
                            ]
                          }
                        ]
                      }
                    ]
                  },
                  {
                    "Node Type": "Index Scan",
                    "Parent Relationship": "Inner",
                    "Parallel Aware": false,
                    "Scan Direction": "Forward",
                    "Index Name": "movie_id_cast_info",
                    "Relation Name": "cast_info",
                    "Alias": "ci",
                    "Startup Cost": 0.56,
                    "Total Cost": 4.77,
                    "Plan Rows": 9,
                    "Plan Width": 4,
                    "Actual Startup Time": 0.028,
                    "Actual Total Time": 0.036,
                    "Actual Rows": 4,
                    "Actual Loops": 83281,
                    "Index Cond": "(movie_id = mi_idx.movie_id)",
                    "Rows Removed by Index Recheck": 0,
                    "Filter": "((person_id < 2083445) AND (role_id > 2))",
                    "Rows Removed by Filter": 23
                  }
                ]
              }
            ]
          }
        ]
      }
    ]
  },
  "Planning Time": 0.764,
  "Triggers": [],
  "Execution Time": 1957.928
}