{
  "Plan": {
    "Node Type": "Aggregate",
    "Strategy": "Plain",
    "Partial Mode": "Finalize",
    "Parallel Aware": false,
    "Startup Cost": 76811.03,
    "Total Cost": 76811.04,
    "Plan Rows": 1,
    "Plan Width": 8,
    "Actual Startup Time": 158.028,
    "Actual Total Time": 168.011,
    "Actual Rows": 1,
    "Actual Loops": 1,
    "Plans": [
      {
        "Node Type": "Gather",
        "Parent Relationship": "Outer",
        "Parallel Aware": false,
        "Startup Cost": 76810.92,
        "Total Cost": 76811.03,
        "Plan Rows": 1,
        "Plan Width": 8,
        "Actual Startup Time": 157.898,
        "Actual Total Time": 168.004,
        "Actual Rows": 2,
        "Actual Loops": 1,
        "Workers Planned": 1,
        "Workers Launched": 1,
        "Single Copy": false,
        "Plans": [
          {
            "Node Type": "Aggregate",
            "Strategy": "Plain",
            "Partial Mode": "Partial",
            "Parent Relationship": "Outer",
            "Parallel Aware": false,
            "Startup Cost": 75810.92,
            "Total Cost": 75810.93,
            "Plan Rows": 1,
            "Plan Width": 8,
            "Actual Startup Time": 151.718,
            "Actual Total Time": 151.72,
            "Actual Rows": 1,
            "Actual Loops": 2,
            "Plans": [
              {
                "Node Type": "Nested Loop",
                "Parent Relationship": "Outer",
                "Parallel Aware": false,
                "Join Type": "Inner",
                "Startup Cost": 0.43,
                "Total Cost": 75807.27,
                "Plan Rows": 1457,
                "Plan Width": 0,
                "Actual Startup Time": 3.488,
                "Actual Total Time": 151.664,
                "Actual Rows": 450,
                "Actual Loops": 2,
                "Inner Unique": false,
                "Plans": [
                  {
                    "Node Type": "Seq Scan",
                    "Parent Relationship": "Outer",
                    "Parallel Aware": true,
                    "Relation Name": "title",
                    "Alias": "t",
                    "Startup Cost": 0.0,
                    "Total Cost": 58306.47,
                    "Plan Rows": 2669,
                    "Plan Width": 4,
                    "Actual Startup Time": 0.217,
                    "Actual Total Time": 145.272,
                    "Actual Rows": 1844,
                    "Actual Loops": 2,
                    "Filter": "((kind_id > 1) AND (production_year = 1952))",
                    "Rows Removed by Filter": 1262312
                  },
                  {
                    "Node Type": "Index Only Scan",
                    "Parent Relationship": "Inner",
                    "Parallel Aware": false,
                    "Scan Direction": "Forward",
                    "Index Name": "movie_id_movie_info_idx",
                    "Relation Name": "movie_info_idx",
                    "Alias": "mi_idx",
                    "Startup Cost": 0.43,
                    "Total Cost": 6.53,
                    "Plan Rows": 3,
                    "Plan Width": 4,
                    "Actual Startup Time": 0.003,
                    "Actual Total Time": 0.003,
                    "Actual Rows": 0,
                    "Actual Loops": 3689,
                    "Index Cond": "(movie_id = t.id)",
                    "Rows Removed by Index Recheck": 0,
                    "Heap Fetches": 900
                  }
                ]
              }
            ]
          }
        ]
      }
    ]
  },
  "Planning Time": 0.445,
  "Triggers": [],
  "Execution Time": 168.088
}