[
  {
    "Plan": {
      "Node Type": "Aggregate",
      "Strategy": "Plain",
      "Partial Mode": "Finalize",
      "Parallel Aware": false,
      "Startup Cost": 411402.14,
      "Total Cost": 411402.15,
      "Plan Rows": 1,
      "Plan Width": 8,
      "Actual Startup Time": 2359.646,
      "Actual Total Time": 2426.953,
      "Actual Rows": 1,
      "Actual Loops": 1,
      "Plans": [
        {
          "Node Type": "Gather",
          "Parent Relationship": "Outer",
          "Parallel Aware": false,
          "Startup Cost": 411401.72,
          "Total Cost": 411402.13,
          "Plan Rows": 4,
          "Plan Width": 8,
          "Actual Startup Time": 2357.511,
          "Actual Total Time": 2426.932,
          "Actual Rows": 5,
          "Actual Loops": 1,
          "Workers Planned": 4,
          "Workers Launched": 4,
          "Single Copy": false,
          "Plans": [
            {
              "Node Type": "Aggregate",
              "Strategy": "Plain",
              "Partial Mode": "Partial",
              "Parent Relationship": "Outer",
              "Parallel Aware": false,
              "Startup Cost": 410401.72,
              "Total Cost": 410401.73,
              "Plan Rows": 1,
              "Plan Width": 8,
              "Actual Startup Time": 2351.843,
              "Actual Total Time": 2351.846,
              "Actual Rows": 1,
              "Actual Loops": 5,
              "Plans": [
                {
                  "Node Type": "Nested Loop",
                  "Parent Relationship": "Outer",
                  "Parallel Aware": false,
                  "Join Type": "Inner",
                  "Startup Cost": 33699.96,
                  "Total Cost": 405500.14,
                  "Plan Rows": 1960633,
                  "Plan Width": 0,
                  "Actual Startup Time": 79.936,
                  "Actual Total Time": 2270.758,
                  "Actual Rows": 1813973,
                  "Actual Loops": 5,
                  "Inner Unique": false,
                  "Plans": [
                    {
                      "Node Type": "Hash Join",
                      "Parent Relationship": "Outer",
                      "Parallel Aware": true,
                      "Join Type": "Inner",
                      "Startup Cost": 33699.39,
                      "Total Cost": 79635.51,
                      "Plan Rows": 141644,
                      "Plan Width": 8,
                      "Actual Startup Time": 79.852,
                      "Actual Total Time": 299.028,
                      "Actual Rows": 71050,
                      "Actual Loops": 5,
                      "Inner Unique": false,
                      "Hash Cond": "(t.id = mc.movie_id)",
                      "Plans": [
                        {
                          "Node Type": "Seq Scan",
                          "Parent Relationship": "Outer",
                          "Parallel Aware": true,
                          "Relation Name": "title",
                          "Alias": "t",
                          "Startup Cost": 0.0,
                          "Total Cost": 42318.81,
                          "Plan Rows": 632080,
                          "Plan Width": 4,
                          "Actual Startup Time": 0.014,
                          "Actual Total Time": 55.067,
                          "Actual Rows": 505662,
                          "Actual Loops": 5
                        },
                        {
                          "Node Type": "Hash",
                          "Parent Relationship": "Inner",
                          "Parallel Aware": true,
                          "Startup Cost": 31414.82,
                          "Total Cost": 31414.82,
                          "Plan Rows": 182766,
                          "Plan Width": 4,
                          "Actual Startup Time": 77.673,
                          "Actual Total Time": 77.674,
                          "Actual Rows": 71050,
                          "Actual Loops": 5,
                          "Hash Buckets": 1048576,
                          "Original Hash Buckets": 1048576,
                          "Hash Batches": 1,
                          "Original Hash Batches": 1,
                          "Peak Memory Usage": 22144,
                          "Plans": [
                            {
                              "Node Type": "Seq Scan",
                              "Parent Relationship": "Outer",
                              "Parallel Aware": true,
                              "Relation Name": "movie_companies",
                              "Alias": "mc",
                              "Startup Cost": 0.0,
                              "Total Cost": 31414.82,
                              "Plan Rows": 182766,
                              "Plan Width": 4,
                              "Actual Startup Time": 30.416,
                              "Actual Total Time": 55.632,
                              "Actual Rows": 71050,
                              "Actual Loops": 5,
                              "Filter": "((company_id < 7837) AND (company_type_id > 1))",
                              "Rows Removed by Filter": 450776
                            }
                          ]
                        }
                      ]
                    },
                    {
                      "Node Type": "Index Scan",
                      "Parent Relationship": "Inner",
                      "Parallel Aware": false,
                      "Scan Direction": "Forward",
                      "Index Name": "movie_id_cast_info",
                      "Relation Name": "cast_info",
                      "Alias": "ci",
                      "Startup Cost": 0.56,
                      "Total Cost": 1.93,
                      "Plan Rows": 37,
                      "Plan Width": 4,
                      "Actual Startup Time": 0.007,
                      "Actual Total Time": 0.026,
                      "Actual Rows": 26,
                      "Actual Loops": 355250,
                      "Index Cond": "(movie_id = t.id)",
                      "Rows Removed by Index Recheck": 0,
                      "Filter": "(person_id > 129204)",
                      "Rows Removed by Filter": 1
                    }
                  ]
                }
              ]
            }
          ]
        }
      ]
    },
    "Planning Time": 0.562,
    "Triggers": [],
    "Execution Time": 2427.02
  }
]