[
  {
    "Plan": {
      "Node Type": "Aggregate",
      "Strategy": "Plain",
      "Partial Mode": "Finalize",
      "Parallel Aware": false,
      "Startup Cost": 46011.02,
      "Total Cost": 46011.03,
      "Plan Rows": 1,
      "Plan Width": 8,
      "Actual Startup Time": 123.11,
      "Actual Total Time": 138.471,
      "Actual Rows": 1,
      "Actual Loops": 1,
      "Plans": [
        {
          "Node Type": "Gather",
          "Parent Relationship": "Outer",
          "Parallel Aware": false,
          "Startup Cost": 46010.6,
          "Total Cost": 46011.01,
          "Plan Rows": 4,
          "Plan Width": 8,
          "Actual Startup Time": 122.97,
          "Actual Total Time": 138.46,
          "Actual Rows": 5,
          "Actual Loops": 1,
          "Workers Planned": 4,
          "Workers Launched": 4,
          "Single Copy": false,
          "Plans": [
            {
              "Node Type": "Aggregate",
              "Strategy": "Plain",
              "Partial Mode": "Partial",
              "Parent Relationship": "Outer",
              "Parallel Aware": false,
              "Startup Cost": 45010.6,
              "Total Cost": 45010.61,
              "Plan Rows": 1,
              "Plan Width": 8,
              "Actual Startup Time": 116.436,
              "Actual Total Time": 116.437,
              "Actual Rows": 1,
              "Actual Loops": 5,
              "Plans": [
                {
                  "Node Type": "Seq Scan",
                  "Parent Relationship": "Outer",
                  "Parallel Aware": true,
                  "Relation Name": "title",
                  "Alias": "t",
                  "Startup Cost": 0.0,
                  "Total Cost": 43898.92,
                  "Plan Rows": 444673,
                  "Plan Width": 0,
                  "Actual Startup Time": 0.033,
                  "Actual Total Time": 97.442,
                  "Actual Rows": 354414,
                  "Actual Loops": 5,
                  "Filter": "(production_year > 1989)",
                  "Rows Removed by Filter": 151248
                }
              ]
            }
          ]
        }
      ]
    },
    "Planning Time": 0.156,
    "Triggers": [],
    "Execution Time": 138.53
  }
]