{
    "Plan": {
        "Node Type": "Aggregate",
        "Strategy": "Plain",
        "Partial Mode": "Simple",
        "Parallel Aware": false,
        "Startup Cost": 80002909186.38,
        "Total Cost": 80002909186.39,
        "Plan Rows": 1,
        "Plan Width": 8,
        "Actual Startup Time": 6131.938,
        "Actual Total Time": 6226.398,
        "Actual Rows": 1,
        "Actual Loops": 1,
        "Output": [
            "count(*)"
        ],
        "Plans": [
            {
                "Node Type": "Nested Loop",
                "Parent Relationship": "Outer",
                "Parallel Aware": false,
                "Join Type": "Inner",
                "Startup Cost": 80002767984.3,
                "Total Cost": 80002909186.38,
                "Plan Rows": 1,
                "Plan Width": 0,
                "Actual Startup Time": 6131.933,
                "Actual Total Time": 6226.391,
                "Actual Rows": 0,
                "Actual Loops": 1,
                "Inner Unique": true,
                "Plans": [
                    {
                        "Node Type": "Nested Loop",
                        "Parent Relationship": "Outer",
                        "Parallel Aware": false,
                        "Join Type": "Inner",
                        "Startup Cost": 70002767984.15,
                        "Total Cost": 70002909178.2,
                        "Plan Rows": 1,
                        "Plan Width": 4,
                        "Actual Startup Time": 6131.932,
                        "Actual Total Time": 6226.389,
                        "Actual Rows": 0,
                        "Actual Loops": 1,
                        "Output": [
                            "mi.info_type_id"
                        ],
                        "Inner Unique": true,
                        "Plans": [
                            {
                                "Node Type": "Hash Join",
                                "Parent Relationship": "Outer",
                                "Parallel Aware": false,
                                "Join Type": "Inner",
                                "Startup Cost": 60002767984.02,
                                "Total Cost": 60002909170.03,
                                "Plan Rows": 1,
                                "Plan Width": 8,
                                "Actual Startup Time": 6131.932,
                                "Actual Total Time": 6226.388,
                                "Actual Rows": 0,
                                "Actual Loops": 1,
                                "Output": [
                                    "cc.subject_id",
                                    "mi.info_type_id"
                                ],
                                "Inner Unique": false,
                                "Hash Cond": "(t.id = ci.movie_id)",
                                "Plans": [
                                    {
                                        "Node Type": "Gather Merge",
                                        "Parent Relationship": "Outer",
                                        "Parallel Aware": false,
                                        "Startup Cost": 20001720387.61,
                                        "Total Cost": 20001861573.61,
                                        "Plan Rows": 2,
                                        "Plan Width": 16,
                                        "Actual Startup Time": 3891.491,
                                        "Actual Total Time": 3915.635,
                                        "Actual Rows": 1,
                                        "Actual Loops": 1,
                                        "Output": [
                                            "mc.movie_id",
                                            "mi.movie_id",
                                            "mi.info_type_id",
                                            "t.id"
                                        ],
                                        "Workers Planned": 1,
                                        "Workers Launched": 1,
                                        "Plans": [
                                            {
                                                "Node Type": "Merge Join",
                                                "Parent Relationship": "Outer",
                                                "Parallel Aware": false,
                                                "Join Type": "Inner",
                                                "Startup Cost": 20001719387.6,
                                                "Total Cost": 20001860573.38,
                                                "Plan Rows": 1,
                                                "Plan Width": 16,
                                                "Actual Startup Time": 3617.358,
                                                "Actual Total Time": 3671.535,
                                                "Actual Rows": 2,
                                                "Actual Loops": 2,
                                                "Output": [
                                                    "mc.movie_id",
                                                    "mi.movie_id",
                                                    "mi.info_type_id",
                                                    "t.id"
                                                ],
                                                "Inner Unique": true,
                                                "Merge Cond": "(mi.movie_id = t.id)",
                                                "Workers": [
                                                    {
                                                        "Worker Number": 0,
                                                        "Actual Startup Time": 3877.319,
                                                        "Actual Total Time": 3985.662,
                                                        "Actual Rows": 4,
                                                        "Actual Loops": 1
                                                    }
                                                ],
                                                "Plans": [
                                                    {
                                                        "Node Type": "Merge Join",
                                                        "Parent Relationship": "Outer",
                                                        "Parallel Aware": false,
                                                        "Join Type": "Inner",
                                                        "Startup Cost": 10001719385.99,
                                                        "Total Cost": 10001729964.4,
                                                        "Plan Rows": 521776,
                                                        "Plan Width": 12,
                                                        "Actual Startup Time": 2545.815,
                                                        "Actual Total Time": 2662.481,
                                                        "Actual Rows": 149614,
                                                        "Actual Loops": 2,
                                                        "Output": [
                                                            "mc.movie_id",
                                                            "mi.movie_id",
                                                            "mi.info_type_id"
                                                        ],
                                                        "Inner Unique": false,
                                                        "Merge Cond": "(mc.movie_id = mi.movie_id)",
                                                        "Workers": [
                                                            {
                                                                "Worker Number": 0,
                                                                "Actual Startup Time": 2820.207,
                                                                "Actual Total Time": 2912.519,
                                                                "Actual Rows": 110922,
                                                                "Actual Loops": 1
                                                            }
                                                        ],
                                                        "Plans": [
                                                            {
                                                                "Node Type": "Sort",
                                                                "Parent Relationship": "Outer",
                                                                "Parallel Aware": false,
                                                                "Startup Cost": 10001329817.71,
                                                                "Total Cost": 10001331194.15,
                                                                "Plan Rows": 550576,
                                                                "Plan Width": 4,
                                                                "Actual Startup Time": 800.44,
                                                                "Actual Total Time": 844.253,
                                                                "Actual Rows": 460822,
                                                                "Actual Loops": 2,
                                                                "Output": [
                                                                    "mc.movie_id"
                                                                ],
                                                                "Sort Key": [
                                                                    "mc.movie_id"
                                                                ],
                                                                "Sort Method": "quicksort",
                                                                "Sort Space Used": 57719,
                                                                "Sort Space Type": "Memory",
                                                                "Workers": [
                                                                    {
                                                                        "Worker Number": 0,
                                                                        "Actual Startup Time": 792.64,
                                                                        "Actual Total Time": 823.804,
                                                                        "Actual Rows": 365053,
                                                                        "Actual Loops": 1
                                                                    }
                                                                ],
                                                                "Plans": [
                                                                    {
                                                                        "Node Type": "Hash Join",
                                                                        "Parent Relationship": "Outer",
                                                                        "Parallel Aware": true,
                                                                        "Join Type": "Inner",
                                                                        "Startup Cost": 10000037727.23,
                                                                        "Total Cost": 10001277318.68,
                                                                        "Plan Rows": 550576,
                                                                        "Plan Width": 4,
                                                                        "Actual Startup Time": 509.216,
                                                                        "Actual Total Time": 654.191,
                                                                        "Actual Rows": 576899,
                                                                        "Actual Loops": 2,
                                                                        "Output": [
                                                                            "mc.movie_id"
                                                                        ],
                                                                        "Inner Unique": false,
                                                                        "Hash Cond": "(cn.id = mc.company_id)",
                                                                        "Workers": [
                                                                            {
                                                                                "Worker Number": 0,
                                                                                "Actual Startup Time": 502.422,
                                                                                "Actual Total Time": 634.191,
                                                                                "Actual Rows": 446763,
                                                                                "Actual Loops": 1
                                                                            }
                                                                        ],
                                                                        "Plans": [
                                                                            {
                                                                                "Node Type": "Seq Scan",
                                                                                "Parent Relationship": "Outer",
                                                                                "Parallel Aware": true,
                                                                                "Relation Name": "company_name",
                                                                                "Schema": "public",
                                                                                "Alias": "cn",
                                                                                "Startup Cost": 10000000000.0,
                                                                                "Total Cost": 10000004722.92,
                                                                                "Plan Rows": 49589,
                                                                                "Plan Width": 4,
                                                                                "Actual Startup Time": 0.026,
                                                                                "Actual Total Time": 18.267,
                                                                                "Actual Rows": 42422,
                                                                                "Actual Loops": 2,
                                                                                "Output": [
                                                                                    "cn.id",
                                                                                    "cn.name",
                                                                                    "cn.country_code",
                                                                                    "cn.imdb_id",
                                                                                    "cn.name_pcode_nf",
                                                                                    "cn.name_pcode_sf",
                                                                                    "cn.md5sum"
                                                                                ],
                                                                                "Filter": "((cn.country_code)::text = '[us]'::text)",
                                                                                "Rows Removed by Filter": 75077,
                                                                                "Workers": [
                                                                                    {
                                                                                        "Worker Number": 0,
                                                                                        "Actual Startup Time": 0.037,
                                                                                        "Actual Total Time": 19.067,
                                                                                        "Actual Rows": 31975,
                                                                                        "Actual Loops": 1
                                                                                    }
                                                                                ]
                                                                            },
                                                                            {
                                                                                "Node Type": "Hash",
                                                                                "Parent Relationship": "Inner",
                                                                                "Parallel Aware": true,
                                                                                "Startup Cost": 27206.55,
                                                                                "Total Cost": 27206.55,
                                                                                "Plan Rows": 841655,
                                                                                "Plan Width": 8,
                                                                                "Actual Startup Time": 495.439,
                                                                                "Actual Total Time": 495.44,
                                                                                "Actual Rows": 1304564,
                                                                                "Actual Loops": 2,
                                                                                "Output": [
                                                                                    "mc.movie_id",
                                                                                    "mc.company_id"
                                                                                ],
                                                                                "Hash Buckets": 4194304,
                                                                                "Original Hash Buckets": 4194304,
                                                                                "Hash Batches": 1,
                                                                                "Original Hash Batches": 1,
                                                                                "Peak Memory Usage": 134848,
                                                                                "Workers": [
                                                                                    {
                                                                                        "Worker Number": 0,
                                                                                        "Actual Startup Time": 501.743,
                                                                                        "Actual Total Time": 501.744,
                                                                                        "Actual Rows": 933149,
                                                                                        "Actual Loops": 1
                                                                                    }
                                                                                ],
                                                                                "Plans": [
                                                                                    {
                                                                                        "Node Type": "Seq Scan",
                                                                                        "Parent Relationship": "Outer",
                                                                                        "Parallel Aware": true,
                                                                                        "Relation Name": "movie_companies",
                                                                                        "Schema": "public",
                                                                                        "Alias": "mc",
                                                                                        "Startup Cost": 0.0,
                                                                                        "Total Cost": 27206.55,
                                                                                        "Plan Rows": 841655,
                                                                                        "Plan Width": 8,
                                                                                        "Actual Startup Time": 0.044,
                                                                                        "Actual Total Time": 186.619,
                                                                                        "Actual Rows": 1304564,
                                                                                        "Actual Loops": 2,
                                                                                        "Output": [
                                                                                            "mc.movie_id",
                                                                                            "mc.company_id"
                                                                                        ],
                                                                                        "Workers": [
                                                                                            {
                                                                                                "Worker Number": 0,
                                                                                                "Actual Startup Time": 0.073,
                                                                                                "Actual Total Time": 201.513,
                                                                                                "Actual Rows": 933149,
                                                                                                "Actual Loops": 1
                                                                                            }
                                                                                        ]
                                                                                    }
                                                                                ]
                                                                            }
                                                                        ]
                                                                    }
                                                                ]
                                                            },
                                                            {
                                                                "Node Type": "Sort",
                                                                "Parent Relationship": "Inner",
                                                                "Parallel Aware": false,
                                                                "Startup Cost": 389568.01,
                                                                "Total Cost": 390714.81,
                                                                "Plan Rows": 458720,
                                                                "Plan Width": 8,
                                                                "Actual Startup Time": 1745.361,
                                                                "Actual Total Time": 1759.716,
                                                                "Actual Rows": 395802,
                                                                "Actual Loops": 2,
                                                                "Output": [
                                                                    "mi.movie_id",
                                                                    "mi.info_type_id"
                                                                ],
                                                                "Sort Key": [
                                                                    "mi.movie_id"
                                                                ],
                                                                "Sort Method": "quicksort",
                                                                "Sort Space Used": 30461,
                                                                "Sort Space Type": "Memory",
                                                                "Workers": [
                                                                    {
                                                                        "Worker Number": 0,
                                                                        "Actual Startup Time": 2027.549,
                                                                        "Actual Total Time": 2040.816,
                                                                        "Actual Rows": 374813,
                                                                        "Actual Loops": 1
                                                                    }
                                                                ],
                                                                "Plans": [
                                                                    {
                                                                        "Node Type": "Seq Scan",
                                                                        "Parent Relationship": "Outer",
                                                                        "Parallel Aware": false,
                                                                        "Relation Name": "movie_info",
                                                                        "Schema": "public",
                                                                        "Alias": "mi",
                                                                        "Startup Cost": 0.0,
                                                                        "Total Cost": 346431.69,
                                                                        "Plan Rows": 458720,
                                                                        "Plan Width": 8,
                                                                        "Actual Startup Time": 209.395,
                                                                        "Actual Total Time": 1658.969,
                                                                        "Actual Rows": 387683,
                                                                        "Actual Loops": 2,
                                                                        "Output": [
                                                                            "mi.movie_id",
                                                                            "mi.info_type_id"
                                                                        ],
                                                                        "Filter": "(mi.info ~~ 'USA:%200%'::text)",
                                                                        "Rows Removed by Filter": 14448037,
                                                                        "Workers": [
                                                                            {
                                                                                "Worker Number": 0,
                                                                                "Actual Startup Time": 275.547,
                                                                                "Actual Total Time": 1917.86,
                                                                                "Actual Rows": 387683,
                                                                                "Actual Loops": 1
                                                                            }
                                                                        ]
                                                                    }
                                                                ]
                                                            }
                                                        ]
                                                    },
                                                    {
                                                        "Node Type": "Index Scan",
                                                        "Parent Relationship": "Inner",
                                                        "Parallel Aware": false,
                                                        "Scan Direction": "Forward",
                                                        "Index Name": "title_pkey",
                                                        "Relation Name": "title",
                                                        "Schema": "public",
                                                        "Alias": "t",
                                                        "Startup Cost": 10000000000.43,
                                                        "Total Cost": 10000129304.51,
                                                        "Plan Rows": 5,
                                                        "Plan Width": 4,
                                                        "Actual Startup Time": 9.956,
                                                        "Actual Total Time": 1002.785,
                                                        "Actual Rows": 2,
                                                        "Actual Loops": 2,
                                                        "Output": [
                                                            "t.id",
                                                            "t.title",
                                                            "t.imdb_index",
                                                            "t.kind_id",
                                                            "t.production_year",
                                                            "t.imdb_id",
                                                            "t.phonetic_code",
                                                            "t.episode_of_id",
                                                            "t.season_nr",
                                                            "t.episode_nr",
                                                            "t.series_years",
                                                            "t.md5sum"
                                                        ],
                                                        "Filter": "((t.production_year >= 2000) AND (t.production_year <= 2008) AND (t.title = 'Shrek 2'::text))",
                                                        "Rows Removed by Filter": 2406662,
                                                        "Workers": [
                                                            {
                                                                "Worker Number": 0,
                                                                "Actual Startup Time": 10.933,
                                                                "Actual Total Time": 1068.571,
                                                                "Actual Rows": 3,
                                                                "Actual Loops": 1
                                                            }
                                                        ]
                                                    }
                                                ]
                                            }
                                        ]
                                    },
                                    {
                                        "Node Type": "Hash",
                                        "Parent Relationship": "Inner",
                                        "Parallel Aware": false,
                                        "Startup Cost": 40001047596.39,
                                        "Total Cost": 40001047596.39,
                                        "Plan Rows": 1,
                                        "Plan Width": 16,
                                        "Actual Startup Time": 2240.417,
                                        "Actual Total Time": 2310.726,
                                        "Actual Rows": 0,
                                        "Actual Loops": 1,
                                        "Output": [
                                            "ci.movie_id",
                                            "cc.movie_id",
                                            "cc.subject_id",
                                            "mk.movie_id"
                                        ],
                                        "Hash Buckets": 1024,
                                        "Original Hash Buckets": 1024,
                                        "Hash Batches": 1,
                                        "Original Hash Batches": 1,
                                        "Peak Memory Usage": 8,
                                        "Plans": [
                                            {
                                                "Node Type": "Hash Join",
                                                "Parent Relationship": "Outer",
                                                "Parallel Aware": false,
                                                "Join Type": "Inner",
                                                "Startup Cost": 40001047595.23,
                                                "Total Cost": 40001047596.39,
                                                "Plan Rows": 1,
                                                "Plan Width": 16,
                                                "Actual Startup Time": 2240.416,
                                                "Actual Total Time": 2310.724,
                                                "Actual Rows": 0,
                                                "Actual Loops": 1,
                                                "Output": [
                                                    "ci.movie_id",
                                                    "cc.movie_id",
                                                    "cc.subject_id",
                                                    "mk.movie_id"
                                                ],
                                                "Inner Unique": false,
                                                "Hash Cond": "(rt.id = ci.role_id)",
                                                "Plans": [
                                                    {
                                                        "Node Type": "Seq Scan",
                                                        "Parent Relationship": "Outer",
                                                        "Parallel Aware": false,
                                                        "Relation Name": "role_type",
                                                        "Schema": "public",
                                                        "Alias": "rt",
                                                        "Startup Cost": 0.0,
                                                        "Total Cost": 1.15,
                                                        "Plan Rows": 1,
                                                        "Plan Width": 4,
                                                        "Actual Startup Time": 0.038,
                                                        "Actual Total Time": 0.039,
                                                        "Actual Rows": 1,
                                                        "Actual Loops": 1,
                                                        "Output": [
                                                            "rt.id",
                                                            "rt.role"
                                                        ],
                                                        "Filter": "((rt.role)::text = 'actress'::text)",
                                                        "Rows Removed by Filter": 1
                                                    },
                                                    {
                                                        "Node Type": "Hash",
                                                        "Parent Relationship": "Inner",
                                                        "Parallel Aware": false,
                                                        "Startup Cost": 40001047595.21,
                                                        "Total Cost": 40001047595.21,
                                                        "Plan Rows": 1,
                                                        "Plan Width": 20,
                                                        "Actual Startup Time": 2240.365,
                                                        "Actual Total Time": 2310.669,
                                                        "Actual Rows": 0,
                                                        "Actual Loops": 1,
                                                        "Output": [
                                                            "ci.movie_id",
                                                            "ci.role_id",
                                                            "cc.movie_id",
                                                            "cc.subject_id",
                                                            "mk.movie_id"
                                                        ],
                                                        "Hash Buckets": 1024,
                                                        "Original Hash Buckets": 1024,
                                                        "Hash Batches": 1,
                                                        "Original Hash Batches": 1,
                                                        "Peak Memory Usage": 8,
                                                        "Plans": [
                                                            {
                                                                "Node Type": "Merge Join",
                                                                "Parent Relationship": "Outer",
                                                                "Parallel Aware": false,
                                                                "Join Type": "Inner",
                                                                "Startup Cost": 40001043089.38,
                                                                "Total Cost": 40001047595.21,
                                                                "Plan Rows": 1,
                                                                "Plan Width": 20,
                                                                "Actual Startup Time": 2240.364,
                                                                "Actual Total Time": 2310.667,
                                                                "Actual Rows": 0,
                                                                "Actual Loops": 1,
                                                                "Output": [
                                                                    "ci.movie_id",
                                                                    "ci.role_id",
                                                                    "cc.movie_id",
                                                                    "cc.subject_id",
                                                                    "mk.movie_id"
                                                                ],
                                                                "Inner Unique": false,
                                                                "Merge Cond": "(n.id = an.person_id)",
                                                                "Plans": [
                                                                    {
                                                                        "Node Type": "Sort",
                                                                        "Parent Relationship": "Outer",
                                                                        "Parallel Aware": false,
                                                                        "Startup Cost": 30000933528.94,
                                                                        "Total Cost": 30000933528.95,
                                                                        "Plan Rows": 1,
                                                                        "Plan Width": 32,
                                                                        "Actual Startup Time": 2240.362,
                                                                        "Actual Total Time": 2310.664,
                                                                        "Actual Rows": 0,
                                                                        "Actual Loops": 1,
                                                                        "Output": [
                                                                            "cc.movie_id",
                                                                            "cc.subject_id",
                                                                            "ci.movie_id",
                                                                            "ci.person_id",
                                                                            "ci.role_id",
                                                                            "mk.movie_id",
                                                                            "n.id",
                                                                            "pi.person_id"
                                                                        ],
                                                                        "Sort Key": [
                                                                            "ci.person_id"
                                                                        ],
                                                                        "Sort Method": "quicksort",
                                                                        "Sort Space Used": 25,
                                                                        "Sort Space Type": "Memory",
                                                                        "Plans": [
                                                                            {
                                                                                "Node Type": "Merge Join",
                                                                                "Parent Relationship": "Outer",
                                                                                "Parallel Aware": false,
                                                                                "Join Type": "Inner",
                                                                                "Startup Cost": 30000933528.91,
                                                                                "Total Cost": 30000933528.93,
                                                                                "Plan Rows": 1,
                                                                                "Plan Width": 32,
                                                                                "Actual Startup Time": 2240.354,
                                                                                "Actual Total Time": 2310.655,
                                                                                "Actual Rows": 0,
                                                                                "Actual Loops": 1,
                                                                                "Output": [
                                                                                    "cc.movie_id",
                                                                                    "cc.subject_id",
                                                                                    "ci.movie_id",
                                                                                    "ci.person_id",
                                                                                    "ci.role_id",
                                                                                    "mk.movie_id",
                                                                                    "n.id",
                                                                                    "pi.person_id"
                                                                                ],
                                                                                "Inner Unique": false,
                                                                                "Merge Cond": "(cc.status_id = cct2.id)",
                                                                                "Plans": [
                                                                                    {
                                                                                        "Node Type": "Sort",
                                                                                        "Parent Relationship": "Outer",
                                                                                        "Parallel Aware": false,
                                                                                        "Startup Cost": 30000933527.85,
                                                                                        "Total Cost": 30000933527.85,
                                                                                        "Plan Rows": 1,
                                                                                        "Plan Width": 36,
                                                                                        "Actual Startup Time": 2240.352,
                                                                                        "Actual Total Time": 2310.651,
                                                                                        "Actual Rows": 0,
                                                                                        "Actual Loops": 1,
                                                                                        "Output": [
                                                                                            "cc.movie_id",
                                                                                            "cc.subject_id",
                                                                                            "cc.status_id",
                                                                                            "ci.movie_id",
                                                                                            "ci.person_id",
                                                                                            "ci.role_id",
                                                                                            "mk.movie_id",
                                                                                            "n.id",
                                                                                            "pi.person_id"
                                                                                        ],
                                                                                        "Sort Key": [
                                                                                            "cc.status_id"
                                                                                        ],
                                                                                        "Sort Method": "quicksort",
                                                                                        "Sort Space Used": 25,
                                                                                        "Sort Space Type": "Memory",
                                                                                        "Plans": [
                                                                                            {
                                                                                                "Node Type": "Nested Loop",
                                                                                                "Parent Relationship": "Outer",
                                                                                                "Parallel Aware": false,
                                                                                                "Join Type": "Inner",
                                                                                                "Startup Cost": 30000675382.17,
                                                                                                "Total Cost": 30000933527.84,
                                                                                                "Plan Rows": 1,
                                                                                                "Plan Width": 36,
                                                                                                "Actual Startup Time": 2240.348,
                                                                                                "Actual Total Time": 2310.645,
                                                                                                "Actual Rows": 0,
                                                                                                "Actual Loops": 1,
                                                                                                "Output": [
                                                                                                    "cc.movie_id",
                                                                                                    "cc.subject_id",
                                                                                                    "cc.status_id",
                                                                                                    "ci.movie_id",
                                                                                                    "ci.person_id",
                                                                                                    "ci.role_id",
                                                                                                    "mk.movie_id",
                                                                                                    "n.id",
                                                                                                    "pi.person_id"
                                                                                                ],
                                                                                                "Inner Unique": true,
                                                                                                "Plans": [
                                                                                                    {
                                                                                                        "Node Type": "Gather",
                                                                                                        "Parent Relationship": "Outer",
                                                                                                        "Parallel Aware": false,
                                                                                                        "Startup Cost": 30000675382.03,
                                                                                                        "Total Cost": 30000933527.66,
                                                                                                        "Plan Rows": 1,
                                                                                                        "Plan Width": 40,
                                                                                                        "Actual Startup Time": 2240.346,
                                                                                                        "Actual Total Time": 2310.639,
                                                                                                        "Actual Rows": 0,
                                                                                                        "Actual Loops": 1,
                                                                                                        "Output": [
                                                                                                            "cc.movie_id",
                                                                                                            "cc.subject_id",
                                                                                                            "cc.status_id",
                                                                                                            "ci.movie_id",
                                                                                                            "ci.person_id",
                                                                                                            "ci.role_id",
                                                                                                            "mk.movie_id",
                                                                                                            "n.id",
                                                                                                            "pi.person_id",
                                                                                                            "pi.info_type_id"
                                                                                                        ],
                                                                                                        "Workers Planned": 4,
                                                                                                        "Workers Launched": 4,
                                                                                                        "Single Copy": false,
                                                                                                        "Plans": [
                                                                                                            {
                                                                                                                "Node Type": "Hash Join",
                                                                                                                "Parent Relationship": "Outer",
                                                                                                                "Parallel Aware": true,
                                                                                                                "Join Type": "Inner",
                                                                                                                "Startup Cost": 30000674382.03,
                                                                                                                "Total Cost": 30000932527.56,
                                                                                                                "Plan Rows": 1,
                                                                                                                "Plan Width": 40,
                                                                                                                "Actual Startup Time": 2222.891,
                                                                                                                "Actual Total Time": 2222.903,
                                                                                                                "Actual Rows": 0,
                                                                                                                "Actual Loops": 5,
                                                                                                                "Output": [
                                                                                                                    "cc.movie_id",
                                                                                                                    "cc.subject_id",
                                                                                                                    "cc.status_id",
                                                                                                                    "ci.movie_id",
                                                                                                                    "ci.person_id",
                                                                                                                    "ci.role_id",
                                                                                                                    "mk.movie_id",
                                                                                                                    "n.id",
                                                                                                                    "pi.person_id",
                                                                                                                    "pi.info_type_id"
                                                                                                                ],
                                                                                                                "Inner Unique": false,
                                                                                                                "Hash Cond": "(pi.person_id = n.id)",
                                                                                                                "Workers": [
                                                                                                                    {
                                                                                                                        "Worker Number": 0,
                                                                                                                        "Actual Startup Time": 2219.885,
                                                                                                                        "Actual Total Time": 2219.896,
                                                                                                                        "Actual Rows": 0,
                                                                                                                        "Actual Loops": 1
                                                                                                                    },
                                                                                                                    {
                                                                                                                        "Worker Number": 1,
                                                                                                                        "Actual Startup Time": 2219.896,
                                                                                                                        "Actual Total Time": 2219.907,
                                                                                                                        "Actual Rows": 0,
                                                                                                                        "Actual Loops": 1
                                                                                                                    },
                                                                                                                    {
                                                                                                                        "Worker Number": 2,
                                                                                                                        "Actual Startup Time": 2220.5,
                                                                                                                        "Actual Total Time": 2220.512,
                                                                                                                        "Actual Rows": 0,
                                                                                                                        "Actual Loops": 1
                                                                                                                    },
                                                                                                                    {
                                                                                                                        "Worker Number": 3,
                                                                                                                        "Actual Startup Time": 2220.829,
                                                                                                                        "Actual Total Time": 2220.841,
                                                                                                                        "Actual Rows": 0,
                                                                                                                        "Actual Loops": 1
                                                                                                                    }
                                                                                                                ],
                                                                                                                "Plans": [
                                                                                                                    {
                                                                                                                        "Node Type": "Index Scan",
                                                                                                                        "Parent Relationship": "Outer",
                                                                                                                        "Parallel Aware": true,
                                                                                                                        "Scan Direction": "Forward",
                                                                                                                        "Index Name": "info_type_id_person_info",
                                                                                                                        "Relation Name": "person_info",
                                                                                                                        "Schema": "public",
                                                                                                                        "Alias": "pi",
                                                                                                                        "Startup Cost": 0.43,
                                                                                                                        "Total Cost": 255367.65,
                                                                                                                        "Plan Rows": 740880,
                                                                                                                        "Plan Width": 8,
                                                                                                                        "Actual Startup Time": 0.0,
                                                                                                                        "Actual Total Time": 0.0,
                                                                                                                        "Actual Rows": 0,
                                                                                                                        "Actual Loops": 0,
                                                                                                                        "Output": [
                                                                                                                            "pi.id",
                                                                                                                            "pi.person_id",
                                                                                                                            "pi.info_type_id",
                                                                                                                            "pi.info",
                                                                                                                            "pi.note"
                                                                                                                        ]
                                                                                                                    },
                                                                                                                    {
                                                                                                                        "Node Type": "Hash",
                                                                                                                        "Parent Relationship": "Inner",
                                                                                                                        "Parallel Aware": true,
                                                                                                                        "Startup Cost": 30000674381.59,
                                                                                                                        "Total Cost": 30000674381.59,
                                                                                                                        "Plan Rows": 1,
                                                                                                                        "Plan Width": 32,
                                                                                                                        "Actual Startup Time": 2221.691,
                                                                                                                        "Actual Total Time": 2221.702,
                                                                                                                        "Actual Rows": 0,
                                                                                                                        "Actual Loops": 5,
                                                                                                                        "Output": [
                                                                                                                            "cc.movie_id",
                                                                                                                            "cc.subject_id",
                                                                                                                            "cc.status_id",
                                                                                                                            "ci.movie_id",
                                                                                                                            "ci.person_id",
                                                                                                                            "ci.role_id",
                                                                                                                            "mk.movie_id",
                                                                                                                            "n.id"
                                                                                                                        ],
                                                                                                                        "Hash Buckets": 1024,
                                                                                                                        "Original Hash Buckets": 1024,
                                                                                                                        "Hash Batches": 1,
                                                                                                                        "Original Hash Batches": 1,
                                                                                                                        "Peak Memory Usage": 0,
                                                                                                                        "Workers": [
                                                                                                                            {
                                                                                                                                "Worker Number": 0,
                                                                                                                                "Actual Startup Time": 2219.401,
                                                                                                                                "Actual Total Time": 2219.41,
                                                                                                                                "Actual Rows": 0,
                                                                                                                                "Actual Loops": 1
                                                                                                                            },
                                                                                                                            {
                                                                                                                                "Worker Number": 1,
                                                                                                                                "Actual Startup Time": 2219.395,
                                                                                                                                "Actual Total Time": 2219.404,
                                                                                                                                "Actual Rows": 0,
                                                                                                                                "Actual Loops": 1
                                                                                                                            },
                                                                                                                            {
                                                                                                                                "Worker Number": 2,
                                                                                                                                "Actual Startup Time": 2220.061,
                                                                                                                                "Actual Total Time": 2220.071,
                                                                                                                                "Actual Rows": 0,
                                                                                                                                "Actual Loops": 1
                                                                                                                            },
                                                                                                                            {
                                                                                                                                "Worker Number": 3,
                                                                                                                                "Actual Startup Time": 2220.412,
                                                                                                                                "Actual Total Time": 2220.422,
                                                                                                                                "Actual Rows": 0,
                                                                                                                                "Actual Loops": 1
                                                                                                                            }
                                                                                                                        ],
                                                                                                                        "Plans": [
                                                                                                                            {
                                                                                                                                "Node Type": "Merge Join",
                                                                                                                                "Parent Relationship": "Outer",
                                                                                                                                "Parallel Aware": false,
                                                                                                                                "Join Type": "Inner",
                                                                                                                                "Startup Cost": 30000669039.06,
                                                                                                                                "Total Cost": 30000674381.59,
                                                                                                                                "Plan Rows": 1,
                                                                                                                                "Plan Width": 32,
                                                                                                                                "Actual Startup Time": 2220.562,
                                                                                                                                "Actual Total Time": 2220.572,
                                                                                                                                "Actual Rows": 0,
                                                                                                                                "Actual Loops": 5,
                                                                                                                                "Output": [
                                                                                                                                    "cc.movie_id",
                                                                                                                                    "cc.subject_id",
                                                                                                                                    "cc.status_id",
                                                                                                                                    "ci.movie_id",
                                                                                                                                    "ci.person_id",
                                                                                                                                    "ci.role_id",
                                                                                                                                    "mk.movie_id",
                                                                                                                                    "n.id"
                                                                                                                                ],
                                                                                                                                "Inner Unique": true,
                                                                                                                                "Merge Cond": "(mk.keyword_id = k.id)",
                                                                                                                                "Workers": [
                                                                                                                                    {
                                                                                                                                        "Worker Number": 0,
                                                                                                                                        "Actual Startup Time": 2217.968,
                                                                                                                                        "Actual Total Time": 2217.977,
                                                                                                                                        "Actual Rows": 0,
                                                                                                                                        "Actual Loops": 1
                                                                                                                                    },
                                                                                                                                    {
                                                                                                                                        "Worker Number": 1,
                                                                                                                                        "Actual Startup Time": 2217.987,
                                                                                                                                        "Actual Total Time": 2217.996,
                                                                                                                                        "Actual Rows": 0,
                                                                                                                                        "Actual Loops": 1
                                                                                                                                    },
                                                                                                                                    {
                                                                                                                                        "Worker Number": 2,
                                                                                                                                        "Actual Startup Time": 2218.684,
                                                                                                                                        "Actual Total Time": 2218.693,
                                                                                                                                        "Actual Rows": 0,
                                                                                                                                        "Actual Loops": 1
                                                                                                                                    },
                                                                                                                                    {
                                                                                                                                        "Worker Number": 3,
                                                                                                                                        "Actual Startup Time": 2220.333,
                                                                                                                                        "Actual Total Time": 2220.343,
                                                                                                                                        "Actual Rows": 0,
                                                                                                                                        "Actual Loops": 1
                                                                                                                                    }
                                                                                                                                ],
                                                                                                                                "Plans": [
                                                                                                                                    {
                                                                                                                                        "Node Type": "Sort",
                                                                                                                                        "Parent Relationship": "Outer",
                                                                                                                                        "Parallel Aware": false,
                                                                                                                                        "Startup Cost": 30000669038.64,
                                                                                                                                        "Total Cost": 30000669038.65,
                                                                                                                                        "Plan Rows": 1,
                                                                                                                                        "Plan Width": 36,
                                                                                                                                        "Actual Startup Time": 2220.56,
                                                                                                                                        "Actual Total Time": 2220.568,
                                                                                                                                        "Actual Rows": 0,
                                                                                                                                        "Actual Loops": 5,
                                                                                                                                        "Output": [
                                                                                                                                            "cc.movie_id",
                                                                                                                                            "cc.subject_id",
                                                                                                                                            "cc.status_id",
                                                                                                                                            "ci.movie_id",
                                                                                                                                            "ci.person_id",
                                                                                                                                            "ci.role_id",
                                                                                                                                            "mk.movie_id",
                                                                                                                                            "mk.keyword_id",
                                                                                                                                            "n.id"
                                                                                                                                        ],
                                                                                                                                        "Sort Key": [
                                                                                                                                            "mk.keyword_id"
                                                                                                                                        ],
                                                                                                                                        "Sort Method": "quicksort",
                                                                                                                                        "Sort Space Used": 25,
                                                                                                                                        "Sort Space Type": "Memory",
                                                                                                                                        "Workers": [
                                                                                                                                            {
                                                                                                                                                "Worker Number": 0,
                                                                                                                                                "Actual Startup Time": 2217.965,
                                                                                                                                                "Actual Total Time": 2217.973,
                                                                                                                                                "Actual Rows": 0,
                                                                                                                                                "Actual Loops": 1
                                                                                                                                            },
                                                                                                                                            {
                                                                                                                                                "Worker Number": 1,
                                                                                                                                                "Actual Startup Time": 2217.985,
                                                                                                                                                "Actual Total Time": 2217.993,
                                                                                                                                                "Actual Rows": 0,
                                                                                                                                                "Actual Loops": 1
                                                                                                                                            },
                                                                                                                                            {
                                                                                                                                                "Worker Number": 2,
                                                                                                                                                "Actual Startup Time": 2218.681,
                                                                                                                                                "Actual Total Time": 2218.689,
                                                                                                                                                "Actual Rows": 0,
                                                                                                                                                "Actual Loops": 1
                                                                                                                                            },
                                                                                                                                            {
                                                                                                                                                "Worker Number": 3,
                                                                                                                                                "Actual Startup Time": 2220.331,
                                                                                                                                                "Actual Total Time": 2220.339,
                                                                                                                                                "Actual Rows": 0,
                                                                                                                                                "Actual Loops": 1
                                                                                                                                            }
                                                                                                                                        ],
                                                                                                                                        "Plans": [
                                                                                                                                            {
                                                                                                                                                "Node Type": "Hash Join",
                                                                                                                                                "Parent Relationship": "Outer",
                                                                                                                                                "Parallel Aware": true,
                                                                                                                                                "Join Type": "Inner",
                                                                                                                                                "Startup Cost": 30000448331.25,
                                                                                                                                                "Total Cost": 30000669038.63,
                                                                                                                                                "Plan Rows": 1,
                                                                                                                                                "Plan Width": 36,
                                                                                                                                                "Actual Startup Time": 2220.509,
                                                                                                                                                "Actual Total Time": 2220.517,
                                                                                                                                                "Actual Rows": 0,
                                                                                                                                                "Actual Loops": 5,
                                                                                                                                                "Output": [
                                                                                                                                                    "cc.movie_id",
                                                                                                                                                    "cc.subject_id",
                                                                                                                                                    "cc.status_id",
                                                                                                                                                    "ci.movie_id",
                                                                                                                                                    "ci.person_id",
                                                                                                                                                    "ci.role_id",
                                                                                                                                                    "mk.movie_id",
                                                                                                                                                    "mk.keyword_id",
                                                                                                                                                    "n.id"
                                                                                                                                                ],
                                                                                                                                                "Inner Unique": true,
                                                                                                                                                "Hash Cond": "(ci.person_role_id = chn.id)",
                                                                                                                                                "Workers": [
                                                                                                                                                    {
                                                                                                                                                        "Worker Number": 0,
                                                                                                                                                        "Actual Startup Time": 2217.903,
                                                                                                                                                        "Actual Total Time": 2217.911,
                                                                                                                                                        "Actual Rows": 0,
                                                                                                                                                        "Actual Loops": 1
                                                                                                                                                    },
                                                                                                                                                    {
                                                                                                                                                        "Worker Number": 1,
                                                                                                                                                        "Actual Startup Time": 2217.924,
                                                                                                                                                        "Actual Total Time": 2217.931,
                                                                                                                                                        "Actual Rows": 0,
                                                                                                                                                        "Actual Loops": 1
                                                                                                                                                    },
                                                                                                                                                    {
                                                                                                                                                        "Worker Number": 2,
                                                                                                                                                        "Actual Startup Time": 2218.618,
                                                                                                                                                        "Actual Total Time": 2218.626,
                                                                                                                                                        "Actual Rows": 0,
                                                                                                                                                        "Actual Loops": 1
                                                                                                                                                    },
                                                                                                                                                    {
                                                                                                                                                        "Worker Number": 3,
                                                                                                                                                        "Actual Startup Time": 2220.275,
                                                                                                                                                        "Actual Total Time": 2220.283,
                                                                                                                                                        "Actual Rows": 0,
                                                                                                                                                        "Actual Loops": 1
                                                                                                                                                    }
                                                                                                                                                ],
                                                                                                                                                "Plans": [
                                                                                                                                                    {
                                                                                                                                                        "Node Type": "Hash Join",
                                                                                                                                                        "Parent Relationship": "Outer",
                                                                                                                                                        "Parallel Aware": false,
                                                                                                                                                        "Join Type": "Inner",
                                                                                                                                                        "Startup Cost": 30000341204.66,
                                                                                                                                                        "Total Cost": 30000561905.99,
                                                                                                                                                        "Plan Rows": 2307,
                                                                                                                                                        "Plan Width": 40,
                                                                                                                                                        "Actual Startup Time": 1151.983,
                                                                                                                                                        "Actual Total Time": 1755.589,
                                                                                                                                                        "Actual Rows": 4266,
                                                                                                                                                        "Actual Loops": 5,
                                                                                                                                                        "Output": [
                                                                                                                                                            "cc.movie_id",
                                                                                                                                                            "cc.subject_id",
                                                                                                                                                            "cc.status_id",
                                                                                                                                                            "ci.movie_id",
                                                                                                                                                            "ci.person_id",
                                                                                                                                                            "ci.role_id",
                                                                                                                                                            "ci.person_role_id",
                                                                                                                                                            "mk.movie_id",
                                                                                                                                                            "mk.keyword_id",
                                                                                                                                                            "n.id"
                                                                                                                                                        ],
                                                                                                                                                        "Inner Unique": false,
                                                                                                                                                        "Hash Cond": "(ci.movie_id = cc.movie_id)",
                                                                                                                                                        "Workers": [
                                                                                                                                                            {
                                                                                                                                                                "Worker Number": 0,
                                                                                                                                                                "Actual Startup Time": 1153.966,
                                                                                                                                                                "Actual Total Time": 1755.381,
                                                                                                                                                                "Actual Rows": 3905,
                                                                                                                                                                "Actual Loops": 1
                                                                                                                                                            },
                                                                                                                                                            {
                                                                                                                                                                "Worker Number": 1,
                                                                                                                                                                "Actual Startup Time": 1147.067,
                                                                                                                                                                "Actual Total Time": 1755.359,
                                                                                                                                                                "Actual Rows": 2444,
                                                                                                                                                                "Actual Loops": 1
                                                                                                                                                            },
                                                                                                                                                            {
                                                                                                                                                                "Worker Number": 2,
                                                                                                                                                                "Actual Startup Time": 1152.667,
                                                                                                                                                                "Actual Total Time": 1755.29,
                                                                                                                                                                "Actual Rows": 4647,
                                                                                                                                                                "Actual Loops": 1
                                                                                                                                                            },
                                                                                                                                                            {
                                                                                                                                                                "Worker Number": 3,
                                                                                                                                                                "Actual Startup Time": 1153.951,
                                                                                                                                                                "Actual Total Time": 1756.554,
                                                                                                                                                                "Actual Rows": 3589,
                                                                                                                                                                "Actual Loops": 1
                                                                                                                                                            }
                                                                                                                                                        ],
                                                                                                                                                        "Plans": [
                                                                                                                                                            {
                                                                                                                                                                "Node Type": "Nested Loop",
                                                                                                                                                                "Parent Relationship": "Outer",
                                                                                                                                                                "Parallel Aware": false,
                                                                                                                                                                "Join Type": "Inner",
                                                                                                                                                                "Startup Cost": 20000337434.23,
                                                                                                                                                                "Total Cost": 20000558031.91,
                                                                                                                                                                "Plan Rows": 16115,
                                                                                                                                                                "Plan Width": 28,
                                                                                                                                                                "Actual Startup Time": 1095.748,
                                                                                                                                                                "Actual Total Time": 1700.906,
                                                                                                                                                                "Actual Rows": 15987,
                                                                                                                                                                "Actual Loops": 5,
                                                                                                                                                                "Output": [
                                                                                                                                                                    "ci.movie_id",
                                                                                                                                                                    "ci.person_id",
                                                                                                                                                                    "ci.role_id",
                                                                                                                                                                    "ci.person_role_id",
                                                                                                                                                                    "mk.movie_id",
                                                                                                                                                                    "mk.keyword_id",
                                                                                                                                                                    "n.id"
                                                                                                                                                                ],
                                                                                                                                                                "Inner Unique": false,
                                                                                                                                                                "Workers": [
                                                                                                                                                                    {
                                                                                                                                                                        "Worker Number": 0,
                                                                                                                                                                        "Actual Startup Time": 1094.376,
                                                                                                                                                                        "Actual Total Time": 1695.137,
                                                                                                                                                                        "Actual Rows": 17686,
                                                                                                                                                                        "Actual Loops": 1
                                                                                                                                                                    },
                                                                                                                                                                    {
                                                                                                                                                                        "Worker Number": 1,
                                                                                                                                                                        "Actual Startup Time": 1089.056,
                                                                                                                                                                        "Actual Total Time": 1695.695,
                                                                                                                                                                        "Actual Rows": 11430,
                                                                                                                                                                        "Actual Loops": 1
                                                                                                                                                                    },
                                                                                                                                                                    {
                                                                                                                                                                        "Worker Number": 2,
                                                                                                                                                                        "Actual Startup Time": 1088.31,
                                                                                                                                                                        "Actual Total Time": 1694.736,
                                                                                                                                                                        "Actual Rows": 15647,
                                                                                                                                                                        "Actual Loops": 1
                                                                                                                                                                    },
                                                                                                                                                                    {
                                                                                                                                                                        "Worker Number": 3,
                                                                                                                                                                        "Actual Startup Time": 1089.166,
                                                                                                                                                                        "Actual Total Time": 1695.857,
                                                                                                                                                                        "Actual Rows": 13088,
                                                                                                                                                                        "Actual Loops": 1
                                                                                                                                                                    }
                                                                                                                                                                ],
                                                                                                                                                                "Plans": [
                                                                                                                                                                    {
                                                                                                                                                                        "Node Type": "Hash Join",
                                                                                                                                                                        "Parent Relationship": "Outer",
                                                                                                                                                                        "Parallel Aware": true,
                                                                                                                                                                        "Join Type": "Inner",
                                                                                                                                                                        "Startup Cost": 10000337433.33,
                                                                                                                                                                        "Total Cost": 10000538095.26,
                                                                                                                                                                        "Plan Rows": 3362,
                                                                                                                                                                        "Plan Width": 20,
                                                                                                                                                                        "Actual Startup Time": 1094.376,
                                                                                                                                                                        "Actual Total Time": 1675.927,
                                                                                                                                                                        "Actual Rows": 2344,
                                                                                                                                                                        "Actual Loops": 5,
                                                                                                                                                                        "Output": [
                                                                                                                                                                            "ci.movie_id",
                                                                                                                                                                            "ci.person_id",
                                                                                                                                                                            "ci.role_id",
                                                                                                                                                                            "ci.person_role_id",
                                                                                                                                                                            "n.id"
                                                                                                                                                                        ],
                                                                                                                                                                        "Inner Unique": false,
                                                                                                                                                                        "Hash Cond": "(n.id = ci.person_id)",
                                                                                                                                                                        "Workers": [
                                                                                                                                                                            {
                                                                                                                                                                                "Worker Number": 0,
                                                                                                                                                                                "Actual Startup Time": 1088.425,
                                                                                                                                                                                "Actual Total Time": 1671.202,
                                                                                                                                                                                "Actual Rows": 2054,
                                                                                                                                                                                "Actual Loops": 1
                                                                                                                                                                            },
                                                                                                                                                                            {
                                                                                                                                                                                "Worker Number": 1,
                                                                                                                                                                                "Actual Startup Time": 1088.939,
                                                                                                                                                                                "Actual Total Time": 1670.739,
                                                                                                                                                                                "Actual Rows": 2371,
                                                                                                                                                                                "Actual Loops": 1
                                                                                                                                                                            },
                                                                                                                                                                            {
                                                                                                                                                                                "Worker Number": 2,
                                                                                                                                                                                "Actual Startup Time": 1088.008,
                                                                                                                                                                                "Actual Total Time": 1669.933,
                                                                                                                                                                                "Actual Rows": 1438,
                                                                                                                                                                                "Actual Loops": 1
                                                                                                                                                                            },
                                                                                                                                                                            {
                                                                                                                                                                                "Worker Number": 3,
                                                                                                                                                                                "Actual Startup Time": 1089.019,
                                                                                                                                                                                "Actual Total Time": 1665.75,
                                                                                                                                                                                "Actual Rows": 2580,
                                                                                                                                                                                "Actual Loops": 1
                                                                                                                                                                            }
                                                                                                                                                                        ],
                                                                                                                                                                        "Plans": [
                                                                                                                                                                            {
                                                                                                                                                                                "Node Type": "Index Scan",
                                                                                                                                                                                "Parent Relationship": "Outer",
                                                                                                                                                                                "Parallel Aware": true,
                                                                                                                                                                                "Scan Direction": "Forward",
                                                                                                                                                                                "Index Name": "name_pkey",
                                                                                                                                                                                "Relation Name": "name",
                                                                                                                                                                                "Schema": "public",
                                                                                                                                                                                "Alias": "n",
                                                                                                                                                                                "Startup Cost": 10000000000.43,
                                                                                                                                                                                "Total Cost": 10000152126.62,
                                                                                                                                                                                "Plan Rows": 17512,
                                                                                                                                                                                "Plan Width": 4,
                                                                                                                                                                                "Actual Startup Time": 0.285,
                                                                                                                                                                                "Actual Total Time": 575.349,
                                                                                                                                                                                "Actual Rows": 11198,
                                                                                                                                                                                "Actual Loops": 5,
                                                                                                                                                                                "Output": [
                                                                                                                                                                                    "n.id",
                                                                                                                                                                                    "n.name",
                                                                                                                                                                                    "n.imdb_index",
                                                                                                                                                                                    "n.imdb_id",
                                                                                                                                                                                    "n.gender",
                                                                                                                                                                                    "n.name_pcode_cf",
                                                                                                                                                                                    "n.name_pcode_nf",
                                                                                                                                                                                    "n.surname_pcode",
                                                                                                                                                                                    "n.md5sum"
                                                                                                                                                                                ],
                                                                                                                                                                                "Filter": "((n.name ~~ '%An%'::text) AND ((n.gender)::text = 'm'::text))",
                                                                                                                                                                                "Rows Removed by Filter": 822300,
                                                                                                                                                                                "Workers": [
                                                                                                                                                                                    {
                                                                                                                                                                                        "Worker Number": 0,
                                                                                                                                                                                        "Actual Startup Time": 0.409,
                                                                                                                                                                                        "Actual Total Time": 576.559,
                                                                                                                                                                                        "Actual Rows": 12515,
                                                                                                                                                                                        "Actual Loops": 1
                                                                                                                                                                                    },
                                                                                                                                                                                    {
                                                                                                                                                                                        "Worker Number": 1,
                                                                                                                                                                                        "Actual Startup Time": 0.324,
                                                                                                                                                                                        "Actual Total Time": 576.039,
                                                                                                                                                                                        "Actual Rows": 10611,
                                                                                                                                                                                        "Actual Loops": 1
                                                                                                                                                                                    },
                                                                                                                                                                                    {
                                                                                                                                                                                        "Worker Number": 2,
                                                                                                                                                                                        "Actual Startup Time": 0.258,
                                                                                                                                                                                        "Actual Total Time": 575.147,
                                                                                                                                                                                        "Actual Rows": 9810,
                                                                                                                                                                                        "Actual Loops": 1
                                                                                                                                                                                    },
                                                                                                                                                                                    {
                                                                                                                                                                                        "Worker Number": 3,
                                                                                                                                                                                        "Actual Startup Time": 0.209,
                                                                                                                                                                                        "Actual Total Time": 570.158,
                                                                                                                                                                                        "Actual Rows": 8528,
                                                                                                                                                                                        "Actual Loops": 1
                                                                                                                                                                                    }
                                                                                                                                                                                ]
                                                                                                                                                                            },
                                                                                                                                                                            {
                                                                                                                                                                                "Node Type": "Hash",
                                                                                                                                                                                "Parent Relationship": "Inner",
                                                                                                                                                                                "Parallel Aware": true,
                                                                                                                                                                                "Startup Cost": 335766.28,
                                                                                                                                                                                "Total Cost": 335766.28,
                                                                                                                                                                                "Plan Rows": 133330,
                                                                                                                                                                                "Plan Width": 16,
                                                                                                                                                                                "Actual Startup Time": 1091.076,
                                                                                                                                                                                "Actual Total Time": 1091.077,
                                                                                                                                                                                "Actual Rows": 167340,
                                                                                                                                                                                "Actual Loops": 5,
                                                                                                                                                                                "Output": [
                                                                                                                                                                                    "ci.movie_id",
                                                                                                                                                                                    "ci.person_id",
                                                                                                                                                                                    "ci.role_id",
                                                                                                                                                                                    "ci.person_role_id"
                                                                                                                                                                                ],
                                                                                                                                                                                "Hash Buckets": 1048576,
                                                                                                                                                                                "Original Hash Buckets": 1048576,
                                                                                                                                                                                "Hash Batches": 1,
                                                                                                                                                                                "Original Hash Batches": 1,
                                                                                                                                                                                "Peak Memory Usage": 47520,
                                                                                                                                                                                "Workers": [
                                                                                                                                                                                    {
                                                                                                                                                                                        "Worker Number": 0,
                                                                                                                                                                                        "Actual Startup Time": 1086.699,
                                                                                                                                                                                        "Actual Total Time": 1086.7,
                                                                                                                                                                                        "Actual Rows": 144934,
                                                                                                                                                                                        "Actual Loops": 1
                                                                                                                                                                                    },
                                                                                                                                                                                    {
                                                                                                                                                                                        "Worker Number": 1,
                                                                                                                                                                                        "Actual Startup Time": 1086.735,
                                                                                                                                                                                        "Actual Total Time": 1086.736,
                                                                                                                                                                                        "Actual Rows": 147554,
                                                                                                                                                                                        "Actual Loops": 1
                                                                                                                                                                                    },
                                                                                                                                                                                    {
                                                                                                                                                                                        "Worker Number": 2,
                                                                                                                                                                                        "Actual Startup Time": 1086.721,
                                                                                                                                                                                        "Actual Total Time": 1086.722,
                                                                                                                                                                                        "Actual Rows": 141724,
                                                                                                                                                                                        "Actual Loops": 1
                                                                                                                                                                                    },
                                                                                                                                                                                    {
                                                                                                                                                                                        "Worker Number": 3,
                                                                                                                                                                                        "Actual Startup Time": 1086.435,
                                                                                                                                                                                        "Actual Total Time": 1086.436,
                                                                                                                                                                                        "Actual Rows": 140881,
                                                                                                                                                                                        "Actual Loops": 1
                                                                                                                                                                                    }
                                                                                                                                                                                ],
                                                                                                                                                                                "Plans": [
                                                                                                                                                                                    {
                                                                                                                                                                                        "Node Type": "Seq Scan",
                                                                                                                                                                                        "Parent Relationship": "Outer",
                                                                                                                                                                                        "Parallel Aware": true,
                                                                                                                                                                                        "Relation Name": "cast_info",
                                                                                                                                                                                        "Schema": "public",
                                                                                                                                                                                        "Alias": "ci",
                                                                                                                                                                                        "Startup Cost": 0.0,
                                                                                                                                                                                        "Total Cost": 335766.28,
                                                                                                                                                                                        "Plan Rows": 133330,
                                                                                                                                                                                        "Plan Width": 16,
                                                                                                                                                                                        "Actual Startup Time": 0.05,
                                                                                                                                                                                        "Actual Total Time": 1021.792,
                                                                                                                                                                                        "Actual Rows": 167340,
                                                                                                                                                                                        "Actual Loops": 5,
                                                                                                                                                                                        "Output": [
                                                                                                                                                                                            "ci.movie_id",
                                                                                                                                                                                            "ci.person_id",
                                                                                                                                                                                            "ci.role_id",
                                                                                                                                                                                            "ci.person_role_id"
                                                                                                                                                                                        ],
                                                                                                                                                                                        "Filter": "(ci.note = ANY ('{(voice),\"(voice) (uncredited)\",\"(voice: English version)\"}'::text[]))",
                                                                                                                                                                                        "Rows Removed by Filter": 7081529,
                                                                                                                                                                                        "Workers": [
                                                                                                                                                                                            {
                                                                                                                                                                                                "Worker Number": 0,
                                                                                                                                                                                                "Actual Startup Time": 0.068,
                                                                                                                                                                                                "Actual Total Time": 1018.238,
                                                                                                                                                                                                "Actual Rows": 144934,
                                                                                                                                                                                                "Actual Loops": 1
                                                                                                                                                                                            },
                                                                                                                                                                                            {
                                                                                                                                                                                                "Worker Number": 1,
                                                                                                                                                                                                "Actual Startup Time": 0.037,
                                                                                                                                                                                                "Actual Total Time": 1018.13,
                                                                                                                                                                                                "Actual Rows": 147554,
                                                                                                                                                                                                "Actual Loops": 1
                                                                                                                                                                                            },
                                                                                                                                                                                            {
                                                                                                                                                                                                "Worker Number": 2,
                                                                                                                                                                                                "Actual Startup Time": 0.062,
                                                                                                                                                                                                "Actual Total Time": 1018.583,
                                                                                                                                                                                                "Actual Rows": 141724,
                                                                                                                                                                                                "Actual Loops": 1
                                                                                                                                                                                            },
                                                                                                                                                                                            {
                                                                                                                                                                                                "Worker Number": 3,
                                                                                                                                                                                                "Actual Startup Time": 0.068,
                                                                                                                                                                                                "Actual Total Time": 1020.115,
                                                                                                                                                                                                "Actual Rows": 140881,
                                                                                                                                                                                                "Actual Loops": 1
                                                                                                                                                                                            }
                                                                                                                                                                                        ]
                                                                                                                                                                                    }
                                                                                                                                                                                ]
                                                                                                                                                                            }
                                                                                                                                                                        ]
                                                                                                                                                                    },
                                                                                                                                                                    {
                                                                                                                                                                        "Node Type": "Bitmap Heap Scan",
                                                                                                                                                                        "Parent Relationship": "Inner",
                                                                                                                                                                        "Parallel Aware": false,
                                                                                                                                                                        "Relation Name": "movie_keyword",
                                                                                                                                                                        "Schema": "public",
                                                                                                                                                                        "Alias": "mk",
                                                                                                                                                                        "Startup Cost": 0.89,
                                                                                                                                                                        "Total Cost": 5.47,
                                                                                                                                                                        "Plan Rows": 46,
                                                                                                                                                                        "Plan Width": 8,
                                                                                                                                                                        "Actual Startup Time": 0.007,
                                                                                                                                                                        "Actual Total Time": 0.008,
                                                                                                                                                                        "Actual Rows": 7,
                                                                                                                                                                        "Actual Loops": 11720,
                                                                                                                                                                        "Output": [
                                                                                                                                                                            "mk.id",
                                                                                                                                                                            "mk.movie_id",
                                                                                                                                                                            "mk.keyword_id"
                                                                                                                                                                        ],
                                                                                                                                                                        "Recheck Cond": "(mk.movie_id = ci.movie_id)",
                                                                                                                                                                        "Rows Removed by Index Recheck": 0,
                                                                                                                                                                        "Exact Heap Blocks": 1242,
                                                                                                                                                                        "Lossy Heap Blocks": 0,
                                                                                                                                                                        "Workers": [
                                                                                                                                                                            {
                                                                                                                                                                                "Worker Number": 0,
                                                                                                                                                                                "Actual Startup Time": 0.008,
                                                                                                                                                                                "Actual Total Time": 0.009,
                                                                                                                                                                                "Actual Rows": 9,
                                                                                                                                                                                "Actual Loops": 2054
                                                                                                                                                                            },
                                                                                                                                                                            {
                                                                                                                                                                                "Worker Number": 1,
                                                                                                                                                                                "Actual Startup Time": 0.007,
                                                                                                                                                                                "Actual Total Time": 0.008,
                                                                                                                                                                                "Actual Rows": 5,
                                                                                                                                                                                "Actual Loops": 2371
                                                                                                                                                                            },
                                                                                                                                                                            {
                                                                                                                                                                                "Worker Number": 2,
                                                                                                                                                                                "Actual Startup Time": 0.012,
                                                                                                                                                                                "Actual Total Time": 0.013,
                                                                                                                                                                                "Actual Rows": 11,
                                                                                                                                                                                "Actual Loops": 1438
                                                                                                                                                                            },
                                                                                                                                                                            {
                                                                                                                                                                                "Worker Number": 3,
                                                                                                                                                                                "Actual Startup Time": 0.008,
                                                                                                                                                                                "Actual Total Time": 0.008,
                                                                                                                                                                                "Actual Rows": 5,
                                                                                                                                                                                "Actual Loops": 2580
                                                                                                                                                                            }
                                                                                                                                                                        ],
                                                                                                                                                                        "Plans": [
                                                                                                                                                                            {
                                                                                                                                                                                "Node Type": "Bitmap Index Scan",
                                                                                                                                                                                "Parent Relationship": "Outer",
                                                                                                                                                                                "Parallel Aware": false,
                                                                                                                                                                                "Index Name": "movie_id_movie_keyword",
                                                                                                                                                                                "Startup Cost": 0.0,
                                                                                                                                                                                "Total Cost": 0.88,
                                                                                                                                                                                "Plan Rows": 46,
                                                                                                                                                                                "Plan Width": 0,
                                                                                                                                                                                "Actual Startup Time": 0.005,
                                                                                                                                                                                "Actual Total Time": 0.005,
                                                                                                                                                                                "Actual Rows": 7,
                                                                                                                                                                                "Actual Loops": 11720,
                                                                                                                                                                                "Index Cond": "(mk.movie_id = ci.movie_id)",
                                                                                                                                                                                "Workers": [
                                                                                                                                                                                    {
                                                                                                                                                                                        "Worker Number": 0,
                                                                                                                                                                                        "Actual Startup Time": 0.006,
                                                                                                                                                                                        "Actual Total Time": 0.006,
                                                                                                                                                                                        "Actual Rows": 9,
                                                                                                                                                                                        "Actual Loops": 2054
                                                                                                                                                                                    },
                                                                                                                                                                                    {
                                                                                                                                                                                        "Worker Number": 1,
                                                                                                                                                                                        "Actual Startup Time": 0.005,
                                                                                                                                                                                        "Actual Total Time": 0.005,
                                                                                                                                                                                        "Actual Rows": 5,
                                                                                                                                                                                        "Actual Loops": 2371
                                                                                                                                                                                    },
                                                                                                                                                                                    {
                                                                                                                                                                                        "Worker Number": 2,
                                                                                                                                                                                        "Actual Startup Time": 0.008,
                                                                                                                                                                                        "Actual Total Time": 0.008,
                                                                                                                                                                                        "Actual Rows": 11,
                                                                                                                                                                                        "Actual Loops": 1438
                                                                                                                                                                                    },
                                                                                                                                                                                    {
                                                                                                                                                                                        "Worker Number": 3,
                                                                                                                                                                                        "Actual Startup Time": 0.006,
                                                                                                                                                                                        "Actual Total Time": 0.006,
                                                                                                                                                                                        "Actual Rows": 5,
                                                                                                                                                                                        "Actual Loops": 2580
                                                                                                                                                                                    }
                                                                                                                                                                                ]
                                                                                                                                                                            }
                                                                                                                                                                        ]
                                                                                                                                                                    }
                                                                                                                                                                ]
                                                                                                                                                            },
                                                                                                                                                            {
                                                                                                                                                                "Node Type": "Hash",
                                                                                                                                                                "Parent Relationship": "Inner",
                                                                                                                                                                "Parallel Aware": false,
                                                                                                                                                                "Startup Cost": 10000002081.86,
                                                                                                                                                                "Total Cost": 10000002081.86,
                                                                                                                                                                "Plan Rows": 135086,
                                                                                                                                                                "Plan Width": 12,
                                                                                                                                                                "Actual Startup Time": 51.195,
                                                                                                                                                                "Actual Total Time": 51.196,
                                                                                                                                                                "Actual Rows": 135086,
                                                                                                                                                                "Actual Loops": 5,
                                                                                                                                                                "Output": [
                                                                                                                                                                    "cc.movie_id",
                                                                                                                                                                    "cc.subject_id",
                                                                                                                                                                    "cc.status_id"
                                                                                                                                                                ],
                                                                                                                                                                "Hash Buckets": 262144,
                                                                                                                                                                "Original Hash Buckets": 262144,
                                                                                                                                                                "Hash Batches": 1,
                                                                                                                                                                "Original Hash Batches": 1,
                                                                                                                                                                "Peak Memory Usage": 7853,
                                                                                                                                                                "Workers": [
                                                                                                                                                                    {
                                                                                                                                                                        "Worker Number": 0,
                                                                                                                                                                        "Actual Startup Time": 56.527,
                                                                                                                                                                        "Actual Total Time": 56.527,
                                                                                                                                                                        "Actual Rows": 135086,
                                                                                                                                                                        "Actual Loops": 1
                                                                                                                                                                    },
                                                                                                                                                                    {
                                                                                                                                                                        "Worker Number": 1,
                                                                                                                                                                        "Actual Startup Time": 56.476,
                                                                                                                                                                        "Actual Total Time": 56.477,
                                                                                                                                                                        "Actual Rows": 135086,
                                                                                                                                                                        "Actual Loops": 1
                                                                                                                                                                    },
                                                                                                                                                                    {
                                                                                                                                                                        "Worker Number": 2,
                                                                                                                                                                        "Actual Startup Time": 56.548,
                                                                                                                                                                        "Actual Total Time": 56.549,
                                                                                                                                                                        "Actual Rows": 135086,
                                                                                                                                                                        "Actual Loops": 1
                                                                                                                                                                    },
                                                                                                                                                                    {
                                                                                                                                                                        "Worker Number": 3,
                                                                                                                                                                        "Actual Startup Time": 56.842,
                                                                                                                                                                        "Actual Total Time": 56.843,
                                                                                                                                                                        "Actual Rows": 135086,
                                                                                                                                                                        "Actual Loops": 1
                                                                                                                                                                    }
                                                                                                                                                                ],
                                                                                                                                                                "Plans": [
                                                                                                                                                                    {
                                                                                                                                                                        "Node Type": "Seq Scan",
                                                                                                                                                                        "Parent Relationship": "Outer",
                                                                                                                                                                        "Parallel Aware": false,
                                                                                                                                                                        "Relation Name": "complete_cast",
                                                                                                                                                                        "Schema": "public",
                                                                                                                                                                        "Alias": "cc",
                                                                                                                                                                        "Startup Cost": 10000000000.0,
                                                                                                                                                                        "Total Cost": 10000002081.86,
                                                                                                                                                                        "Plan Rows": 135086,
                                                                                                                                                                        "Plan Width": 12,
                                                                                                                                                                        "Actual Startup Time": 0.072,
                                                                                                                                                                        "Actual Total Time": 19.883,
                                                                                                                                                                        "Actual Rows": 135086,
                                                                                                                                                                        "Actual Loops": 5,
                                                                                                                                                                        "Output": [
                                                                                                                                                                            "cc.movie_id",
                                                                                                                                                                            "cc.subject_id",
                                                                                                                                                                            "cc.status_id"
                                                                                                                                                                        ],
                                                                                                                                                                        "Workers": [
                                                                                                                                                                            {
                                                                                                                                                                                "Worker Number": 0,
                                                                                                                                                                                "Actual Startup Time": 0.081,
                                                                                                                                                                                "Actual Total Time": 21.581,
                                                                                                                                                                                "Actual Rows": 135086,
                                                                                                                                                                                "Actual Loops": 1
                                                                                                                                                                            },
                                                                                                                                                                            {
                                                                                                                                                                                "Worker Number": 1,
                                                                                                                                                                                "Actual Startup Time": 0.083,
                                                                                                                                                                                "Actual Total Time": 21.625,
                                                                                                                                                                                "Actual Rows": 135086,
                                                                                                                                                                                "Actual Loops": 1
                                                                                                                                                                            },
                                                                                                                                                                            {
                                                                                                                                                                                "Worker Number": 2,
                                                                                                                                                                                "Actual Startup Time": 0.099,
                                                                                                                                                                                "Actual Total Time": 21.403,
                                                                                                                                                                                "Actual Rows": 135086,
                                                                                                                                                                                "Actual Loops": 1
                                                                                                                                                                            },
                                                                                                                                                                            {
                                                                                                                                                                                "Worker Number": 3,
                                                                                                                                                                                "Actual Startup Time": 0.08,
                                                                                                                                                                                "Actual Total Time": 21.129,
                                                                                                                                                                                "Actual Rows": 135086,
                                                                                                                                                                                "Actual Loops": 1
                                                                                                                                                                            }
                                                                                                                                                                        ]
                                                                                                                                                                    }
                                                                                                                                                                ]
                                                                                                                                                            }
                                                                                                                                                        ]
                                                                                                                                                    },
                                                                                                                                                    {
                                                                                                                                                        "Node Type": "Hash",
                                                                                                                                                        "Parent Relationship": "Inner",
                                                                                                                                                        "Parallel Aware": true,
                                                                                                                                                        "Startup Cost": 107126.57,
                                                                                                                                                        "Total Cost": 107126.57,
                                                                                                                                                        "Plan Rows": 1,
                                                                                                                                                        "Plan Width": 4,
                                                                                                                                                        "Actual Startup Time": 464.484,
                                                                                                                                                        "Actual Total Time": 464.485,
                                                                                                                                                        "Actual Rows": 0,
                                                                                                                                                        "Actual Loops": 5,
                                                                                                                                                        "Output": [
                                                                                                                                                            "chn.id"
                                                                                                                                                        ],
                                                                                                                                                        "Hash Buckets": 1024,
                                                                                                                                                        "Original Hash Buckets": 1024,
                                                                                                                                                        "Hash Batches": 1,
                                                                                                                                                        "Original Hash Batches": 1,
                                                                                                                                                        "Peak Memory Usage": 40,
                                                                                                                                                        "Workers": [
                                                                                                                                                            {
                                                                                                                                                                "Worker Number": 0,
                                                                                                                                                                "Actual Startup Time": 462.169,
                                                                                                                                                                "Actual Total Time": 462.17,
                                                                                                                                                                "Actual Rows": 0,
                                                                                                                                                                "Actual Loops": 1
                                                                                                                                                            },
                                                                                                                                                            {
                                                                                                                                                                "Worker Number": 1,
                                                                                                                                                                "Actual Startup Time": 462.12,
                                                                                                                                                                "Actual Total Time": 462.12,
                                                                                                                                                                "Actual Rows": 0,
                                                                                                                                                                "Actual Loops": 1
                                                                                                                                                            },
                                                                                                                                                            {
                                                                                                                                                                "Worker Number": 2,
                                                                                                                                                                "Actual Startup Time": 462.889,
                                                                                                                                                                "Actual Total Time": 462.89,
                                                                                                                                                                "Actual Rows": 0,
                                                                                                                                                                "Actual Loops": 1
                                                                                                                                                            },
                                                                                                                                                            {
                                                                                                                                                                "Worker Number": 3,
                                                                                                                                                                "Actual Startup Time": 463.274,
                                                                                                                                                                "Actual Total Time": 463.275,
                                                                                                                                                                "Actual Rows": 1,
                                                                                                                                                                "Actual Loops": 1
                                                                                                                                                            }
                                                                                                                                                        ],
                                                                                                                                                        "Plans": [
                                                                                                                                                            {
                                                                                                                                                                "Node Type": "Index Scan",
                                                                                                                                                                "Parent Relationship": "Outer",
                                                                                                                                                                "Parallel Aware": true,
                                                                                                                                                                "Scan Direction": "Forward",
                                                                                                                                                                "Index Name": "char_name_pkey",
                                                                                                                                                                "Relation Name": "char_name",
                                                                                                                                                                "Schema": "public",
                                                                                                                                                                "Alias": "chn",
                                                                                                                                                                "Startup Cost": 0.43,
                                                                                                                                                                "Total Cost": 107126.57,
                                                                                                                                                                "Plan Rows": 1,
                                                                                                                                                                "Plan Width": 4,
                                                                                                                                                                "Actual Startup Time": 378.591,
                                                                                                                                                                "Actual Total Time": 464.338,
                                                                                                                                                                "Actual Rows": 0,
                                                                                                                                                                "Actual Loops": 5,
                                                                                                                                                                "Output": [
                                                                                                                                                                    "chn.id"
                                                                                                                                                                ],
                                                                                                                                                                "Filter": "(chn.name = 'Queen'::text)",
                                                                                                                                                                "Rows Removed by Filter": 628068,
                                                                                                                                                                "Workers": [
                                                                                                                                                                    {
                                                                                                                                                                        "Worker Number": 0,
                                                                                                                                                                        "Actual Startup Time": 461.941,
                                                                                                                                                                        "Actual Total Time": 461.941,
                                                                                                                                                                        "Actual Rows": 0,
                                                                                                                                                                        "Actual Loops": 1
                                                                                                                                                                    },
                                                                                                                                                                    {
                                                                                                                                                                        "Worker Number": 1,
                                                                                                                                                                        "Actual Startup Time": 462.049,
                                                                                                                                                                        "Actual Total Time": 462.049,
                                                                                                                                                                        "Actual Rows": 0,
                                                                                                                                                                        "Actual Loops": 1
                                                                                                                                                                    },
                                                                                                                                                                    {
                                                                                                                                                                        "Worker Number": 2,
                                                                                                                                                                        "Actual Startup Time": 462.645,
                                                                                                                                                                        "Actual Total Time": 462.646,
                                                                                                                                                                        "Actual Rows": 0,
                                                                                                                                                                        "Actual Loops": 1
                                                                                                                                                                    },
                                                                                                                                                                    {
                                                                                                                                                                        "Worker Number": 3,
                                                                                                                                                                        "Actual Startup Time": 34.382,
                                                                                                                                                                        "Actual Total Time": 463.113,
                                                                                                                                                                        "Actual Rows": 1,
                                                                                                                                                                        "Actual Loops": 1
                                                                                                                                                                    }
                                                                                                                                                                ]
                                                                                                                                                            }
                                                                                                                                                        ]
                                                                                                                                                    }
                                                                                                                                                ]
                                                                                                                                            }
                                                                                                                                        ]
                                                                                                                                    },
                                                                                                                                    {
                                                                                                                                        "Node Type": "Index Scan",
                                                                                                                                        "Parent Relationship": "Inner",
                                                                                                                                        "Parallel Aware": false,
                                                                                                                                        "Scan Direction": "Forward",
                                                                                                                                        "Index Name": "keyword_pkey",
                                                                                                                                        "Relation Name": "keyword",
                                                                                                                                        "Schema": "public",
                                                                                                                                        "Alias": "k",
                                                                                                                                        "Startup Cost": 0.42,
                                                                                                                                        "Total Cost": 5342.92,
                                                                                                                                        "Plan Rows": 1,
                                                                                                                                        "Plan Width": 4,
                                                                                                                                        "Actual Startup Time": 0.0,
                                                                                                                                        "Actual Total Time": 0.0,
                                                                                                                                        "Actual Rows": 0,
                                                                                                                                        "Actual Loops": 0,
                                                                                                                                        "Output": [
                                                                                                                                            "k.id",
                                                                                                                                            "k.keyword",
                                                                                                                                            "k.phonetic_code"
                                                                                                                                        ],
                                                                                                                                        "Filter": "(k.keyword = 'computer-animation'::text)",
                                                                                                                                        "Rows Removed by Filter": 0
                                                                                                                                    }
                                                                                                                                ]
                                                                                                                            }
                                                                                                                        ]
                                                                                                                    }
                                                                                                                ]
                                                                                                            }
                                                                                                        ]
                                                                                                    },
                                                                                                    {
                                                                                                        "Node Type": "Index Scan",
                                                                                                        "Parent Relationship": "Inner",
                                                                                                        "Parallel Aware": false,
                                                                                                        "Scan Direction": "Forward",
                                                                                                        "Index Name": "info_type_pkey",
                                                                                                        "Relation Name": "info_type",
                                                                                                        "Schema": "public",
                                                                                                        "Alias": "it3",
                                                                                                        "Startup Cost": 0.14,
                                                                                                        "Total Cost": 0.16,
                                                                                                        "Plan Rows": 1,
                                                                                                        "Plan Width": 4,
                                                                                                        "Actual Startup Time": 0.0,
                                                                                                        "Actual Total Time": 0.0,
                                                                                                        "Actual Rows": 0,
                                                                                                        "Actual Loops": 0,
                                                                                                        "Output": [
                                                                                                            "it3.id",
                                                                                                            "it3.info"
                                                                                                        ],
                                                                                                        "Index Cond": "(it3.id = pi.info_type_id)",
                                                                                                        "Rows Removed by Index Recheck": 0,
                                                                                                        "Filter": "((it3.info)::text = 'height'::text)",
                                                                                                        "Rows Removed by Filter": 0
                                                                                                    }
                                                                                                ]
                                                                                            }
                                                                                        ]
                                                                                    },
                                                                                    {
                                                                                        "Node Type": "Sort",
                                                                                        "Parent Relationship": "Inner",
                                                                                        "Parallel Aware": false,
                                                                                        "Startup Cost": 1.06,
                                                                                        "Total Cost": 1.06,
                                                                                        "Plan Rows": 1,
                                                                                        "Plan Width": 4,
                                                                                        "Actual Startup Time": 0.0,
                                                                                        "Actual Total Time": 0.0,
                                                                                        "Actual Rows": 0,
                                                                                        "Actual Loops": 0,
                                                                                        "Output": [
                                                                                            "cct2.id"
                                                                                        ],
                                                                                        "Sort Key": [
                                                                                            "cct2.id"
                                                                                        ],
                                                                                        "Plans": [
                                                                                            {
                                                                                                "Node Type": "Seq Scan",
                                                                                                "Parent Relationship": "Outer",
                                                                                                "Parallel Aware": false,
                                                                                                "Relation Name": "comp_cast_type",
                                                                                                "Schema": "public",
                                                                                                "Alias": "cct2",
                                                                                                "Startup Cost": 0.0,
                                                                                                "Total Cost": 1.05,
                                                                                                "Plan Rows": 1,
                                                                                                "Plan Width": 4,
                                                                                                "Actual Startup Time": 0.0,
                                                                                                "Actual Total Time": 0.0,
                                                                                                "Actual Rows": 0,
                                                                                                "Actual Loops": 0,
                                                                                                "Output": [
                                                                                                    "cct2.id"
                                                                                                ],
                                                                                                "Filter": "((cct2.kind)::text = 'complete+verified'::text)",
                                                                                                "Rows Removed by Filter": 0
                                                                                            }
                                                                                        ]
                                                                                    }
                                                                                ]
                                                                            }
                                                                        ]
                                                                    },
                                                                    {
                                                                        "Node Type": "Sort",
                                                                        "Parent Relationship": "Inner",
                                                                        "Parallel Aware": false,
                                                                        "Startup Cost": 10000109559.99,
                                                                        "Total Cost": 10000111813.35,
                                                                        "Plan Rows": 901343,
                                                                        "Plan Width": 4,
                                                                        "Actual Startup Time": 0.0,
                                                                        "Actual Total Time": 0.0,
                                                                        "Actual Rows": 0,
                                                                        "Actual Loops": 0,
                                                                        "Output": [
                                                                            "an.person_id"
                                                                        ],
                                                                        "Sort Key": [
                                                                            "an.person_id"
                                                                        ],
                                                                        "Plans": [
                                                                            {
                                                                                "Node Type": "Seq Scan",
                                                                                "Parent Relationship": "Outer",
                                                                                "Parallel Aware": false,
                                                                                "Relation Name": "aka_name",
                                                                                "Schema": "public",
                                                                                "Alias": "an",
                                                                                "Startup Cost": 10000000000.0,
                                                                                "Total Cost": 10000020409.43,
                                                                                "Plan Rows": 901343,
                                                                                "Plan Width": 4,
                                                                                "Actual Startup Time": 0.0,
                                                                                "Actual Total Time": 0.0,
                                                                                "Actual Rows": 0,
                                                                                "Actual Loops": 0,
                                                                                "Output": [
                                                                                    "an.person_id"
                                                                                ]
                                                                            }
                                                                        ]
                                                                    }
                                                                ]
                                                            }
                                                        ]
                                                    }
                                                ]
                                            }
                                        ]
                                    }
                                ]
                            },
                            {
                                "Node Type": "Bitmap Heap Scan",
                                "Parent Relationship": "Inner",
                                "Parallel Aware": false,
                                "Relation Name": "comp_cast_type",
                                "Schema": "public",
                                "Alias": "cct1",
                                "Startup Cost": 0.14,
                                "Total Cost": 4.15,
                                "Plan Rows": 1,
                                "Plan Width": 4,
                                "Actual Startup Time": 0.0,
                                "Actual Total Time": 0.0,
                                "Actual Rows": 0,
                                "Actual Loops": 0,
                                "Output": [
                                    "cct1.id",
                                    "cct1.kind"
                                ],
                                "Recheck Cond": "(cct1.id = cc.subject_id)",
                                "Rows Removed by Index Recheck": 0,
                                "Filter": "((cct1.kind)::text = 'cast'::text)",
                                "Rows Removed by Filter": 0,
                                "Exact Heap Blocks": 0,
                                "Lossy Heap Blocks": 0,
                                "Plans": [
                                    {
                                        "Node Type": "Bitmap Index Scan",
                                        "Parent Relationship": "Outer",
                                        "Parallel Aware": false,
                                        "Index Name": "comp_cast_type_pkey",
                                        "Startup Cost": 0.0,
                                        "Total Cost": 0.14,
                                        "Plan Rows": 1,
                                        "Plan Width": 0,
                                        "Actual Startup Time": 0.0,
                                        "Actual Total Time": 0.0,
                                        "Actual Rows": 0,
                                        "Actual Loops": 0,
                                        "Index Cond": "(cct1.id = cc.subject_id)"
                                    }
                                ]
                            }
                        ]
                    },
                    {
                        "Node Type": "Bitmap Heap Scan",
                        "Parent Relationship": "Inner",
                        "Parallel Aware": false,
                        "Relation Name": "info_type",
                        "Schema": "public",
                        "Alias": "it",
                        "Startup Cost": 0.15,
                        "Total Cost": 4.17,
                        "Plan Rows": 1,
                        "Plan Width": 4,
                        "Actual Startup Time": 0.0,
                        "Actual Total Time": 0.0,
                        "Actual Rows": 0,
                        "Actual Loops": 0,
                        "Output": [
                            "it.id",
                            "it.info"
                        ],
                        "Recheck Cond": "(it.id = mi.info_type_id)",
                        "Rows Removed by Index Recheck": 0,
                        "Filter": "((it.info)::text = 'release dates'::text)",
                        "Rows Removed by Filter": 0,
                        "Exact Heap Blocks": 0,
                        "Lossy Heap Blocks": 0,
                        "Plans": [
                            {
                                "Node Type": "Bitmap Index Scan",
                                "Parent Relationship": "Outer",
                                "Parallel Aware": false,
                                "Index Name": "info_type_pkey",
                                "Startup Cost": 0.0,
                                "Total Cost": 0.15,
                                "Plan Rows": 1,
                                "Plan Width": 0,
                                "Actual Startup Time": 0.0,
                                "Actual Total Time": 0.0,
                                "Actual Rows": 0,
                                "Actual Loops": 0,
                                "Index Cond": "(it.id = mi.info_type_id)"
                            }
                        ]
                    }
                ]
            }
        ]
    },
    "Planning Time": 1901.769,
    "Triggers": [],
    "Execution Time": 6226.778
}