[
    {
        "Bao": {
            "Bao prediction": "NaN",
            "Bao recommended hint": "(no hint)"
        }
    },
    {
        "Plan": {
            "Node Type": "Aggregate",
            "Strategy": "Plain",
            "Partial Mode": "Finalize",
            "Parallel Aware": false,
            "Startup Cost": 100780.14,
            "Total Cost": 100780.15,
            "Plan Rows": 1,
            "Plan Width": 8,
            "Actual Startup Time": 336.817,
            "Actual Total Time": 348.911,
            "Actual Rows": 1,
            "Actual Loops": 1,
            "Output": [
                "count(*)"
            ],
            "Plans": [
                {
                    "Node Type": "Gather",
                    "Parent Relationship": "Outer",
                    "Parallel Aware": false,
                    "Startup Cost": 100779.92,
                    "Total Cost": 100780.13,
                    "Plan Rows": 2,
                    "Plan Width": 8,
                    "Actual Startup Time": 335.642,
                    "Actual Total Time": 348.903,
                    "Actual Rows": 3,
                    "Actual Loops": 1,
                    "Output": [
                        "(PARTIAL count(*))"
                    ],
                    "Workers Planned": 2,
                    "Workers Launched": 2,
                    "Single Copy": false,
                    "Plans": [
                        {
                            "Node Type": "Aggregate",
                            "Strategy": "Plain",
                            "Partial Mode": "Partial",
                            "Parent Relationship": "Outer",
                            "Parallel Aware": false,
                            "Startup Cost": 99779.92,
                            "Total Cost": 99779.93,
                            "Plan Rows": 1,
                            "Plan Width": 8,
                            "Actual Startup Time": 328.04,
                            "Actual Total Time": 328.171,
                            "Actual Rows": 1,
                            "Actual Loops": 3,
                            "Output": [
                                "PARTIAL count(*)"
                            ],
                            "Workers": [
                                {
                                    "Worker Number": 0,
                                    "Actual Startup Time": 324.425,
                                    "Actual Total Time": 324.43,
                                    "Actual Rows": 1,
                                    "Actual Loops": 1
                                },
                                {
                                    "Worker Number": 1,
                                    "Actual Startup Time": 324.319,
                                    "Actual Total Time": 324.324,
                                    "Actual Rows": 1,
                                    "Actual Loops": 1
                                }
                            ],
                            "Plans": [
                                {
                                    "Node Type": "Hash Join",
                                    "Parent Relationship": "Outer",
                                    "Parallel Aware": true,
                                    "Join Type": "Inner",
                                    "Startup Cost": 83806.87,
                                    "Total Cost": 99722.46,
                                    "Plan Rows": 22984,
                                    "Plan Width": 0,
                                    "Actual Startup Time": 272.828,
                                    "Actual Total Time": 324.448,
                                    "Actual Rows": 91849,
                                    "Actual Loops": 3,
                                    "Inner Unique": false,
                                    "Hash Cond": "(mi_idx.movie_id = t.id)",
                                    "Workers": [
                                        {
                                            "Worker Number": 0,
                                            "Actual Startup Time": 269.03,
                                            "Actual Total Time": 320.807,
                                            "Actual Rows": 88160,
                                            "Actual Loops": 1
                                        },
                                        {
                                            "Worker Number": 1,
                                            "Actual Startup Time": 269.201,
                                            "Actual Total Time": 320.607,
                                            "Actual Rows": 90594,
                                            "Actual Loops": 1
                                        }
                                    ],
                                    "Plans": [
                                        {
                                            "Node Type": "Seq Scan",
                                            "Parent Relationship": "Outer",
                                            "Parallel Aware": true,
                                            "Relation Name": "movie_info_idx",
                                            "Schema": "public",
                                            "Alias": "mi_idx",
                                            "Startup Cost": 0.0,
                                            "Total Cost": 13685.15,
                                            "Plan Rows": 575015,
                                            "Plan Width": 4,
                                            "Actual Startup Time": 0.02,
                                            "Actual Total Time": 33.685,
                                            "Actual Rows": 460012,
                                            "Actual Loops": 3,
                                            "Output": [
                                                "mi_idx.id",
                                                "mi_idx.movie_id",
                                                "mi_idx.info_type_id",
                                                "mi_idx.info",
                                                "mi_idx.note"
                                            ],
                                            "Workers": [
                                                {
                                                    "Worker Number": 0,
                                                    "Actual Startup Time": 0.028,
                                                    "Actual Total Time": 34.637,
                                                    "Actual Rows": 444917,
                                                    "Actual Loops": 1
                                                },
                                                {
                                                    "Worker Number": 1,
                                                    "Actual Startup Time": 0.023,
                                                    "Actual Total Time": 34.522,
                                                    "Actual Rows": 440905,
                                                    "Actual Loops": 1
                                                }
                                            ]
                                        },
                                        {
                                            "Node Type": "Hash",
                                            "Parent Relationship": "Inner",
                                            "Parallel Aware": true,
                                            "Startup Cost": 83399.38,
                                            "Total Cost": 83399.38,
                                            "Plan Rows": 32599,
                                            "Plan Width": 8,
                                            "Actual Startup Time": 242.275,
                                            "Actual Total Time": 242.405,
                                            "Actual Rows": 76239,
                                            "Actual Loops": 3,
                                            "Output": [
                                                "t.id",
                                                "mk.movie_id"
                                            ],
                                            "Hash Buckets": 262144,
                                            "Original Hash Buckets": 131072,
                                            "Hash Batches": 1,
                                            "Original Hash Batches": 1,
                                            "Peak Memory Usage": 12096,
                                            "Workers": [
                                                {
                                                    "Worker Number": 0,
                                                    "Actual Startup Time": 238.928,
                                                    "Actual Total Time": 238.931,
                                                    "Actual Rows": 74759,
                                                    "Actual Loops": 1
                                                },
                                                {
                                                    "Worker Number": 1,
                                                    "Actual Startup Time": 238.922,
                                                    "Actual Total Time": 238.926,
                                                    "Actual Rows": 74469,
                                                    "Actual Loops": 1
                                                }
                                            ],
                                            "Plans": [
                                                {
                                                    "Node Type": "Hash Join",
                                                    "Parent Relationship": "Outer",
                                                    "Parallel Aware": true,
                                                    "Join Type": "Inner",
                                                    "Startup Cost": 38872.62,
                                                    "Total Cost": 83399.38,
                                                    "Plan Rows": 32599,
                                                    "Plan Width": 8,
                                                    "Actual Startup Time": 74.769,
                                                    "Actual Total Time": 225.491,
                                                    "Actual Rows": 76239,
                                                    "Actual Loops": 3,
                                                    "Output": [
                                                        "t.id",
                                                        "mk.movie_id"
                                                    ],
                                                    "Inner Unique": true,
                                                    "Hash Cond": "(mk.movie_id = t.id)",
                                                    "Workers": [
                                                        {
                                                            "Worker Number": 0,
                                                            "Actual Startup Time": 71.344,
                                                            "Actual Total Time": 222.186,
                                                            "Actual Rows": 74759,
                                                            "Actual Loops": 1
                                                        },
                                                        {
                                                            "Worker Number": 1,
                                                            "Actual Startup Time": 71.485,
                                                            "Actual Total Time": 222.281,
                                                            "Actual Rows": 74469,
                                                            "Actual Loops": 1
                                                        }
                                                    ],
                                                    "Plans": [
                                                        {
                                                            "Node Type": "Seq Scan",
                                                            "Parent Relationship": "Outer",
                                                            "Parallel Aware": true,
                                                            "Relation Name": "movie_keyword",
                                                            "Schema": "public",
                                                            "Alias": "mk",
                                                            "Startup Cost": 0.0,
                                                            "Total Cost": 42695.65,
                                                            "Plan Rows": 697563,
                                                            "Plan Width": 4,
                                                            "Actual Startup Time": 0.334,
                                                            "Actual Total Time": 122.674,
                                                            "Actual Rows": 718858,
                                                            "Actual Loops": 3,
                                                            "Output": [
                                                                "mk.id",
                                                                "mk.movie_id",
                                                                "mk.keyword_id"
                                                            ],
                                                            "Filter": "(mk.keyword_id > 5360)",
                                                            "Rows Removed by Filter": 789119,
                                                            "Workers": [
                                                                {
                                                                    "Worker Number": 0,
                                                                    "Actual Startup Time": 0.331,
                                                                    "Actual Total Time": 124.044,
                                                                    "Actual Rows": 700881,
                                                                    "Actual Loops": 1
                                                                },
                                                                {
                                                                    "Worker Number": 1,
                                                                    "Actual Startup Time": 0.329,
                                                                    "Actual Total Time": 123.925,
                                                                    "Actual Rows": 697314,
                                                                    "Actual Loops": 1
                                                                }
                                                            ]
                                                        },
                                                        {
                                                            "Node Type": "Hash",
                                                            "Parent Relationship": "Inner",
                                                            "Parallel Aware": true,
                                                            "Startup Cost": 38503.39,
                                                            "Total Cost": 38503.39,
                                                            "Plan Rows": 29539,
                                                            "Plan Width": 4,
                                                            "Actual Startup Time": 42.192,
                                                            "Actual Total Time": 42.194,
                                                            "Actual Rows": 39411,
                                                            "Actual Loops": 3,
                                                            "Output": [
                                                                "t.id"
                                                            ],
                                                            "Hash Buckets": 131072,
                                                            "Original Hash Buckets": 131072,
                                                            "Hash Batches": 1,
                                                            "Original Hash Batches": 1,
                                                            "Peak Memory Usage": 5696,
                                                            "Workers": [
                                                                {
                                                                    "Worker Number": 0,
                                                                    "Actual Startup Time": 39.04,
                                                                    "Actual Total Time": 39.041,
                                                                    "Actual Rows": 20173,
                                                                    "Actual Loops": 1
                                                                },
                                                                {
                                                                    "Worker Number": 1,
                                                                    "Actual Startup Time": 39.189,
                                                                    "Actual Total Time": 39.192,
                                                                    "Actual Rows": 21040,
                                                                    "Actual Loops": 1
                                                                }
                                                            ],
                                                            "Plans": [
                                                                {
                                                                    "Node Type": "Bitmap Heap Scan",
                                                                    "Parent Relationship": "Outer",
                                                                    "Parallel Aware": true,
                                                                    "Relation Name": "title",
                                                                    "Schema": "public",
                                                                    "Alias": "t",
                                                                    "Startup Cost": 2136.15,
                                                                    "Total Cost": 38503.39,
                                                                    "Plan Rows": 29539,
                                                                    "Plan Width": 4,
                                                                    "Actual Startup Time": 3.056,
                                                                    "Actual Total Time": 32.194,
                                                                    "Actual Rows": 39411,
                                                                    "Actual Loops": 3,
                                                                    "Output": [
                                                                        "t.id"
                                                                    ],
                                                                    "Recheck Cond": "(t.kind_id = 4)",
                                                                    "Rows Removed by Index Recheck": 0,
                                                                    "Exact Heap Blocks": 8311,
                                                                    "Lossy Heap Blocks": 0,
                                                                    "Workers": [
                                                                        {
                                                                            "Worker Number": 0,
                                                                            "Actual Startup Time": 0.231,
                                                                            "Actual Total Time": 30.994,
                                                                            "Actual Rows": 20173,
                                                                            "Actual Loops": 1
                                                                        },
                                                                        {
                                                                            "Worker Number": 1,
                                                                            "Actual Startup Time": 0.16,
                                                                            "Actual Total Time": 30.511,
                                                                            "Actual Rows": 21040,
                                                                            "Actual Loops": 1
                                                                        }
                                                                    ],
                                                                    "Plans": [
                                                                        {
                                                                            "Node Type": "Bitmap Index Scan",
                                                                            "Parent Relationship": "Outer",
                                                                            "Parallel Aware": false,
                                                                            "Index Name": "kind_id_title",
                                                                            "Startup Cost": 0.0,
                                                                            "Total Cost": 2106.61,
                                                                            "Plan Rows": 118157,
                                                                            "Plan Width": 0,
                                                                            "Actual Startup Time": 6.848,
                                                                            "Actual Total Time": 6.849,
                                                                            "Actual Rows": 118234,
                                                                            "Actual Loops": 1,
                                                                            "Index Cond": "(t.kind_id = 4)"
                                                                        }
                                                                    ]
                                                                }
                                                            ]
                                                        }
                                                    ]
                                                }
                                            ]
                                        }
                                    ]
                                }
                            ]
                        }
                    ]
                }
            ]
        },
        "Planning Time": 175.924,
        "Triggers": [],
        "Execution Time": 348.979
    }
]