[
  {
    "Plan": {
      "Node Type": "Aggregate",
      "Strategy": "Plain",
      "Partial Mode": "Finalize",
      "Parallel Aware": false,
      "Startup Cost": 306547.4,
      "Total Cost": 306547.41,
      "Plan Rows": 1,
      "Plan Width": 8,
      "Actual Startup Time": 1009.081,
      "Actual Total Time": 1058.846,
      "Actual Rows": 1,
      "Actual Loops": 1,
      "Plans": [
        {
          "Node Type": "Gather",
          "Parent Relationship": "Outer",
          "Parallel Aware": false,
          "Startup Cost": 306546.87,
          "Total Cost": 306547.38,
          "Plan Rows": 5,
          "Plan Width": 8,
          "Actual Startup Time": 1002.55,
          "Actual Total Time": 1058.833,
          "Actual Rows": 6,
          "Actual Loops": 1,
          "Workers Planned": 5,
          "Workers Launched": 5,
          "Single Copy": false,
          "Plans": [
            {
              "Node Type": "Aggregate",
              "Strategy": "Plain",
              "Partial Mode": "Partial",
              "Parent Relationship": "Outer",
              "Parallel Aware": false,
              "Startup Cost": 305546.87,
              "Total Cost": 305546.88,
              "Plan Rows": 1,
              "Plan Width": 8,
              "Actual Startup Time": 991.914,
              "Actual Total Time": 992.064,
              "Actual Rows": 1,
              "Actual Loops": 6,
              "Plans": [
                {
                  "Node Type": "Hash Join",
                  "Parent Relationship": "Outer",
                  "Parallel Aware": true,
                  "Join Type": "Inner",
                  "Startup Cost": 96545.12,
                  "Total Cost": 302772.74,
                  "Plan Rows": 1109654,
                  "Plan Width": 0,
                  "Actual Startup Time": 346.893,
                  "Actual Total Time": 973.823,
                  "Actual Rows": 419910,
                  "Actual Loops": 6,
                  "Inner Unique": false,
                  "Hash Cond": "(mi.movie_id = t.id)",
                  "Plans": [
                    {
                      "Node Type": "Seq Scan",
                      "Parent Relationship": "Outer",
                      "Parallel Aware": true,
                      "Relation Name": "movie_info",
                      "Alias": "mi",
                      "Startup Cost": 0.0,
                      "Total Cost": 191560.33,
                      "Plan Rows": 2956733,
                      "Plan Width": 4,
                      "Actual Startup Time": 0.034,
                      "Actual Total Time": 306.117,
                      "Actual Rows": 2472620,
                      "Actual Loops": 6
                    },
                    {
                      "Node Type": "Hash",
                      "Parent Relationship": "Inner",
                      "Parallel Aware": true,
                      "Startup Cost": 92719.06,
                      "Total Cost": 92719.06,
                      "Plan Rows": 306085,
                      "Plan Width": 8,
                      "Actual Startup Time": 342.641,
                      "Actual Total Time": 342.789,
                      "Actual Rows": 40893,
                      "Actual Loops": 6,
                      "Hash Buckets": 1048576,
                      "Original Hash Buckets": 1048576,
                      "Hash Batches": 1,
                      "Original Hash Batches": 1,
                      "Peak Memory Usage": 17888,
                      "Plans": [
                        {
                          "Node Type": "Hash Join",
                          "Parent Relationship": "Outer",
                          "Parallel Aware": true,
                          "Join Type": "Inner",
                          "Startup Cost": 48701.62,
                          "Total Cost": 92719.06,
                          "Plan Rows": 306085,
                          "Plan Width": 8,
                          "Actual Startup Time": 211.033,
                          "Actual Total Time": 327.235,
                          "Actual Rows": 40893,
                          "Actual Loops": 6,
                          "Inner Unique": true,
                          "Hash Cond": "(mk.movie_id = t.id)",
                          "Plans": [
                            {
                              "Node Type": "Seq Scan",
                              "Parent Relationship": "Outer",
                              "Parallel Aware": true,
                              "Relation Name": "movie_keyword",
                              "Alias": "mk",
                              "Startup Cost": 0.0,
                              "Total Cost": 42695.65,
                              "Plan Rows": 503539,
                              "Plan Width": 4,
                              "Actual Startup Time": 0.487,
                              "Actual Total Time": 74.064,
                              "Actual Rows": 261396,
                              "Actual Loops": 6,
                              "Filter": "(keyword_id > 9989)",
                              "Rows Removed by Filter": 492593
                            },
                            {
                              "Node Type": "Hash",
                              "Parent Relationship": "Inner",
                              "Parallel Aware": true,
                              "Startup Cost": 43898.92,
                              "Total Cost": 43898.92,
                              "Plan Rows": 384216,
                              "Plan Width": 4,
                              "Actual Startup Time": 207.207,
                              "Actual Total Time": 207.208,
                              "Actual Rows": 257211,
                              "Actual Loops": 6,
                              "Hash Buckets": 2097152,
                              "Original Hash Buckets": 2097152,
                              "Hash Batches": 1,
                              "Original Hash Batches": 1,
                              "Peak Memory Usage": 76896,
                              "Plans": [
                                {
                                  "Node Type": "Seq Scan",
                                  "Parent Relationship": "Outer",
                                  "Parallel Aware": true,
                                  "Relation Name": "title",
                                  "Alias": "t",
                                  "Startup Cost": 0.0,
                                  "Total Cost": 43898.92,
                                  "Plan Rows": 384216,
                                  "Plan Width": 4,
                                  "Actual Startup Time": 0.045,
                                  "Actual Total Time": 83.204,
                                  "Actual Rows": 257211,
                                  "Actual Loops": 6,
                                  "Filter": "(kind_id = 7)",
                                  "Rows Removed by Filter": 164175
                                }
                              ]
                            }
                          ]
                        }
                      ]
                    }
                  ]
                }
              ]
            }
          ]
        }
      ]
    },
    "Planning Time": 1.377,
    "Triggers": [],
    "Execution Time": 1058.941
  }
]