{
  "Plan": {
    "Node Type": "Aggregate",
    "Strategy": "Plain",
    "Partial Mode": "Finalize",
    "Parallel Aware": false,
    "Startup Cost": 280864.69,
    "Total Cost": 280864.7,
    "Plan Rows": 1,
    "Plan Width": 8,
    "Actual Startup Time": 1238.765,
    "Actual Total Time": 1248.821,
    "Actual Rows": 1,
    "Actual Loops": 1,
    "Plans": [
      {
        "Node Type": "Gather",
        "Parent Relationship": "Outer",
        "Parallel Aware": false,
        "Startup Cost": 280864.58,
        "Total Cost": 280864.69,
        "Plan Rows": 1,
        "Plan Width": 8,
        "Actual Startup Time": 1238.757,
        "Actual Total Time": 1248.816,
        "Actual Rows": 2,
        "Actual Loops": 1,
        "Workers Planned": 1,
        "Workers Launched": 1,
        "Single Copy": false,
        "Plans": [
          {
            "Node Type": "Aggregate",
            "Strategy": "Plain",
            "Partial Mode": "Partial",
            "Parent Relationship": "Outer",
            "Parallel Aware": false,
            "Startup Cost": 279864.58,
            "Total Cost": 279864.59,
            "Plan Rows": 1,
            "Plan Width": 8,
            "Actual Startup Time": 1221.256,
            "Actual Total Time": 1221.263,
            "Actual Rows": 1,
            "Actual Loops": 2,
            "Plans": [
              {
                "Node Type": "Merge Join",
                "Parent Relationship": "Outer",
                "Parallel Aware": false,
                "Join Type": "Inner",
                "Startup Cost": 273289.82,
                "Total Cost": 279614.9,
                "Plan Rows": 99869,
                "Plan Width": 0,
                "Actual Startup Time": 1026.325,
                "Actual Total Time": 1190.626,
                "Actual Rows": 806386,
                "Actual Loops": 2,
                "Inner Unique": false,
                "Merge Cond": "(t.id = mc.movie_id)",
                "Plans": [
                  {
                    "Node Type": "Sort",
                    "Parent Relationship": "Outer",
                    "Parallel Aware": false,
                    "Startup Cost": 156098.92,
                    "Total Cost": 156987.97,
                    "Plan Rows": 355619,
                    "Plan Width": 8,
                    "Actual Startup Time": 736.307,
                    "Actual Total Time": 751.212,
                    "Actual Rows": 397219,
                    "Actual Loops": 2,
                    "Sort Key": [
                      "mk.movie_id"
                    ],
                    "Sort Method": "quicksort",
                    "Sort Space Used": 31812,
                    "Sort Space Type": "Memory",
                    "Workers": [
                      {
                        "Worker Number": 0,
                        "Sort Method": "quicksort",
                        "Sort Space Used": 30005,
                        "Sort Space Type": "Memory"
                      }
                    ],
                    "Plans": [
                      {
                        "Node Type": "Hash Join",
                        "Parent Relationship": "Outer",
                        "Parallel Aware": true,
                        "Join Type": "Inner",
                        "Startup Cost": 88679.06,
                        "Total Cost": 123310.9,
                        "Plan Rows": 355619,
                        "Plan Width": 8,
                        "Actual Startup Time": 434.788,
                        "Actual Total Time": 665.053,
                        "Actual Rows": 397220,
                        "Actual Loops": 2,
                        "Inner Unique": true,
                        "Hash Cond": "(mk.movie_id = t.id)",
                        "Plans": [
                          {
                            "Node Type": "Bitmap Heap Scan",
                            "Parent Relationship": "Outer",
                            "Parallel Aware": true,
                            "Relation Name": "movie_keyword",
                            "Alias": "mk",
                            "Startup Cost": 24266.09,
                            "Total Cost": 57131.53,
                            "Plan Rows": 672915,
                            "Plan Width": 4,
                            "Actual Startup Time": 73.578,
                            "Actual Total Time": 170.736,
                            "Actual Rows": 577365,
                            "Actual Loops": 2,
                            "Recheck Cond": "(keyword_id < 1348)",
                            "Rows Removed by Index Recheck": 0,
                            "Exact Heap Blocks": 12637,
                            "Lossy Heap Blocks": 0,
                            "Plans": [
                              {
                                "Node Type": "Bitmap Index Scan",
                                "Parent Relationship": "Outer",
                                "Parallel Aware": false,
                                "Index Name": "keyword_id_movie_keyword",
                                "Startup Cost": 0.0,
                                "Total Cost": 23980.1,
                                "Plan Rows": 1143956,
                                "Plan Width": 0,
                                "Actual Startup Time": 69.959,
                                "Actual Total Time": 69.96,
                                "Actual Rows": 1154730,
                                "Actual Loops": 1,
                                "Index Cond": "(keyword_id < 1348)"
                              }
                            ]
                          },
                          {
                            "Node Type": "Hash",
                            "Parent Relationship": "Inner",
                            "Parallel Aware": true,
                            "Startup Cost": 54588.39,
                            "Total Cost": 54588.39,
                            "Plan Rows": 785966,
                            "Plan Width": 4,
                            "Actual Startup Time": 347.053,
                            "Actual Total Time": 347.054,
                            "Actual Rows": 674146,
                            "Actual Loops": 2,
                            "Hash Buckets": 2097152,
                            "Original Hash Buckets": 2097152,
                            "Hash Batches": 1,
                            "Original Hash Batches": 1,
                            "Peak Memory Usage": 69152,
                            "Plans": [
                              {
                                "Node Type": "Seq Scan",
                                "Parent Relationship": "Outer",
                                "Parallel Aware": true,
                                "Relation Name": "title",
                                "Alias": "t",
                                "Startup Cost": 0.0,
                                "Total Cost": 54588.39,
                                "Plan Rows": 785966,
                                "Plan Width": 4,
                                "Actual Startup Time": 0.027,
                                "Actual Total Time": 160.851,
                                "Actual Rows": 674146,
                                "Actual Loops": 2,
                                "Filter": "(production_year < 2005)",
                                "Rows Removed by Filter": 590010
                              }
                            ]
                          }
                        ]
                      }
                    ]
                  },
                  {
                    "Node Type": "Sort",
                    "Parent Relationship": "Inner",
                    "Parallel Aware": false,
                    "Startup Cost": 117190.87,
                    "Total Cost": 118965.93,
                    "Plan Rows": 710026,
                    "Plan Width": 4,
                    "Actual Startup Time": 286.341,
                    "Actual Total Time": 325.346,
                    "Actual Rows": 1187262,
                    "Actual Loops": 2,
                    "Sort Key": [
                      "mc.movie_id"
                    ],
                    "Sort Method": "quicksort",
                    "Sort Space Used": 35349,
                    "Sort Space Type": "Memory",
                    "Workers": [
                      {
                        "Worker Number": 0,
                        "Sort Method": "quicksort",
                        "Sort Space Used": 35349,
                        "Sort Space Type": "Memory"
                      }
                    ],
                    "Plans": [
                      {
                        "Node Type": "Index Scan",
                        "Parent Relationship": "Outer",
                        "Parallel Aware": false,
                        "Scan Direction": "Forward",
                        "Index Name": "company_type_id_movie_companies",
                        "Relation Name": "movie_companies",
                        "Alias": "mc",
                        "Startup Cost": 0.43,
                        "Total Cost": 48185.17,
                        "Plan Rows": 710026,
                        "Plan Width": 4,
                        "Actual Startup Time": 47.816,
                        "Actual Total Time": 193.555,
                        "Actual Rows": 491954,
                        "Actual Loops": 2,
                        "Index Cond": "(company_type_id < 2)",
                        "Rows Removed by Index Recheck": 0,
                        "Filter": "(company_id > 9581)",
                        "Rows Removed by Filter": 782292
                      }
                    ]
                  }
                ]
              }
            ]
          }
        ]
      }
    ]
  },
  "Planning Time": 0.829,
  "Triggers": [],
  "Execution Time": 1248.919
}