{
  "Plan": {
    "Node Type": "Aggregate",
    "Strategy": "Plain",
    "Partial Mode": "Simple",
    "Parallel Aware": false,
    "Startup Cost": 592448.33,
    "Total Cost": 592448.34,
    "Plan Rows": 1,
    "Plan Width": 64,
    "Actual Startup Time": 3796.792,
    "Actual Total Time": 3796.997,
    "Actual Rows": 1,
    "Actual Loops": 1,
    "Plans": [
      {
        "Node Type": "Merge Join",
        "Parent Relationship": "Outer",
        "Parallel Aware": false,
        "Join Type": "Inner",
        "Startup Cost": 472427.01,
        "Total Cost": 592448.24,
        "Plan Rows": 18,
        "Plan Width": 60,
        "Actual Startup Time": 2513.0,
        "Actual Total Time": 3796.93,
        "Actual Rows": 328,
        "Actual Loops": 1,
        "Inner Unique": false,
        "Merge Cond": "(t.id = at.movie_id)",
        "Plans": [
          {
            "Node Type": "Index Scan",
            "Parent Relationship": "Outer",
            "Parallel Aware": false,
            "Scan Direction": "Forward",
            "Index Name": "title_pkey",
            "Relation Name": "title",
            "Alias": "t",
            "Startup Cost": 0.43,
            "Total Cost": 116680.33,
            "Plan Rows": 1389987,
            "Plan Width": 21,
            "Actual Startup Time": 0.035,
            "Actual Total Time": 1308.157,
            "Actual Rows": 1378327,
            "Actual Loops": 1,
            "Filter": "(production_year > 2000)",
            "Rows Removed by Filter": 1140071
          },
          {
            "Node Type": "Sort",
            "Parent Relationship": "Inner",
            "Parallel Aware": false,
            "Startup Cost": 472426.58,
            "Total Cost": 472426.66,
            "Plan Rows": 32,
            "Plan Width": 59,
            "Actual Startup Time": 2424.271,
            "Actual Total Time": 2424.55,
            "Actual Rows": 482,
            "Actual Loops": 1,
            "Sort Key": [
              "at.movie_id"
            ],
            "Sort Method": "quicksort",
            "Sort Space Used": 62,
            "Sort Space Type": "Memory",
            "Plans": [
              {
                "Node Type": "Merge Join",
                "Parent Relationship": "Outer",
                "Parallel Aware": false,
                "Join Type": "Inner",
                "Startup Cost": 467097.48,
                "Total Cost": 472425.78,
                "Plan Rows": 32,
                "Plan Width": 59,
                "Actual Startup Time": 2375.066,
                "Actual Total Time": 2424.302,
                "Actual Rows": 482,
                "Actual Loops": 1,
                "Inner Unique": false,
                "Merge Cond": "(k.id = mk.keyword_id)",
                "Plans": [
                  {
                    "Node Type": "Index Only Scan",
                    "Parent Relationship": "Outer",
                    "Parallel Aware": false,
                    "Scan Direction": "Forward",
                    "Index Name": "keyword_pkey",
                    "Relation Name": "keyword",
                    "Alias": "k",
                    "Startup Cost": 0.42,
                    "Total Cost": 5007.75,
                    "Plan Rows": 134170,
                    "Plan Width": 4,
                    "Actual Startup Time": 0.039,
                    "Actual Total Time": 42.841,
                    "Actual Rows": 133881,
                    "Actual Loops": 1,
                    "Heap Fetches": 133881
                  },
                  {
                    "Node Type": "Sort",
                    "Parent Relationship": "Inner",
                    "Parallel Aware": false,
                    "Startup Cost": 467097.06,
                    "Total Cost": 467097.14,
                    "Plan Rows": 32,
                    "Plan Width": 63,
                    "Actual Startup Time": 2375.022,
                    "Actual Total Time": 2375.262,
                    "Actual Rows": 482,
                    "Actual Loops": 1,
                    "Sort Key": [
                      "mk.keyword_id"
                    ],
                    "Sort Method": "quicksort",
                    "Sort Space Used": 62,
                    "Sort Space Type": "Memory",
                    "Plans": [
                      {
                        "Node Type": "Merge Join",
                        "Parent Relationship": "Outer",
                        "Parallel Aware": false,
                        "Join Type": "Inner",
                        "Startup Cost": 467095.76,
                        "Total Cost": 467096.26,
                        "Plan Rows": 32,
                        "Plan Width": 63,
                        "Actual Startup Time": 2374.802,
                        "Actual Total Time": 2375.084,
                        "Actual Rows": 482,
                        "Actual Loops": 1,
                        "Inner Unique": true,
                        "Merge Cond": "(mc.company_type_id = ct.id)",
                        "Plans": [
                          {
                            "Node Type": "Sort",
                            "Parent Relationship": "Outer",
                            "Parallel Aware": false,
                            "Startup Cost": 467094.68,
                            "Total Cost": 467094.76,
                            "Plan Rows": 32,
                            "Plan Width": 67,
                            "Actual Startup Time": 2374.772,
                            "Actual Total Time": 2374.989,
                            "Actual Rows": 482,
                            "Actual Loops": 1,
                            "Sort Key": [
                              "mc.company_type_id"
                            ],
                            "Sort Method": "quicksort",
                            "Sort Space Used": 62,
                            "Sort Space Type": "Memory",
                            "Plans": [
                              {
                                "Node Type": "Merge Join",
                                "Parent Relationship": "Outer",
                                "Parallel Aware": false,
                                "Join Type": "Inner",
                                "Startup Cost": 278691.93,
                                "Total Cost": 467093.88,
                                "Plan Rows": 32,
                                "Plan Width": 67,
                                "Actual Startup Time": 1141.715,
                                "Actual Total Time": 2374.744,
                                "Actual Rows": 482,
                                "Actual Loops": 1,
                                "Inner Unique": false,
                                "Merge Cond": "(mk.movie_id = at.movie_id)",
                                "Plans": [
                                  {
                                    "Node Type": "Index Scan",
                                    "Parent Relationship": "Outer",
                                    "Parallel Aware": false,
                                    "Scan Direction": "Forward",
                                    "Index Name": "movie_id_movie_keyword",
                                    "Relation Name": "movie_keyword",
                                    "Alias": "mk",
                                    "Startup Cost": 0.43,
                                    "Total Cost": 177148.48,
                                    "Plan Rows": 4523930,
                                    "Plan Width": 8,
                                    "Actual Startup Time": 0.017,
                                    "Actual Total Time": 861.527,
                                    "Actual Rows": 4500148,
                                    "Actual Loops": 1
                                  },
                                  {
                                    "Node Type": "Materialize",
                                    "Parent Relationship": "Inner",
                                    "Parallel Aware": false,
                                    "Startup Cost": 278691.5,
                                    "Total Cost": 278691.51,
                                    "Plan Rows": 1,
                                    "Plan Width": 59,
                                    "Actual Startup Time": 1117.539,
                                    "Actual Total Time": 1117.855,
                                    "Actual Rows": 432,
                                    "Actual Loops": 1,
                                    "Plans": [
                                      {
                                        "Node Type": "Sort",
                                        "Parent Relationship": "Outer",
                                        "Parallel Aware": false,
                                        "Startup Cost": 278691.5,
                                        "Total Cost": 278691.5,
                                        "Plan Rows": 1,
                                        "Plan Width": 59,
                                        "Actual Startup Time": 1117.53,
                                        "Actual Total Time": 1117.772,
                                        "Actual Rows": 71,
                                        "Actual Loops": 1,
                                        "Sort Key": [
                                          "at.movie_id"
                                        ],
                                        "Sort Method": "quicksort",
                                        "Sort Space Used": 30,
                                        "Sort Space Type": "Memory",
                                        "Plans": [
                                          {
                                            "Node Type": "Merge Join",
                                            "Parent Relationship": "Outer",
                                            "Parallel Aware": false,
                                            "Join Type": "Inner",
                                            "Startup Cost": 278262.09,
                                            "Total Cost": 278691.49,
                                            "Plan Rows": 1,
                                            "Plan Width": 59,
                                            "Actual Startup Time": 1110.325,
                                            "Actual Total Time": 1117.673,
                                            "Actual Rows": 71,
                                            "Actual Loops": 1,
                                            "Inner Unique": true,
                                            "Merge Cond": "(mc.company_id = cn.id)",
                                            "Plans": [
                                              {
                                                "Node Type": "Sort",
                                                "Parent Relationship": "Outer",
                                                "Parallel Aware": false,
                                                "Startup Cost": 265287.2,
                                                "Total Cost": 265287.2,
                                                "Plan Rows": 1,
                                                "Plan Width": 63,
                                                "Actual Startup Time": 1020.282,
                                                "Actual Total Time": 1020.497,
                                                "Actual Rows": 76,
                                                "Actual Loops": 1,
                                                "Sort Key": [
                                                  "mc.company_id"
                                                ],
                                                "Sort Method": "quicksort",
                                                "Sort Space Used": 30,
                                                "Sort Space Type": "Memory",
                                                "Plans": [
                                                  {
                                                    "Node Type": "Merge Join",
                                                    "Parent Relationship": "Outer",
                                                    "Parallel Aware": false,
                                                    "Join Type": "Inner",
                                                    "Startup Cost": 243162.04,
                                                    "Total Cost": 265287.19,
                                                    "Plan Rows": 1,
                                                    "Plan Width": 63,
                                                    "Actual Startup Time": 693.886,
                                                    "Actual Total Time": 1020.399,
                                                    "Actual Rows": 76,
                                                    "Actual Loops": 1,
                                                    "Inner Unique": false,
                                                    "Merge Cond": "(at.movie_id = mi.movie_id)",
                                                    "Plans": [
                                                      {
                                                        "Node Type": "Index Only Scan",
                                                        "Parent Relationship": "Outer",
                                                        "Parallel Aware": false,
                                                        "Scan Direction": "Forward",
                                                        "Index Name": "movie_id_aka_title",
                                                        "Relation Name": "aka_title",
                                                        "Alias": "at",
                                                        "Startup Cost": 0.42,
                                                        "Total Cost": 21135.93,
                                                        "Plan Rows": 361472,
                                                        "Plan Width": 4,
                                                        "Actual Startup Time": 0.032,
                                                        "Actual Total Time": 291.632,
                                                        "Actual Rows": 357252,
                                                        "Actual Loops": 1,
                                                        "Heap Fetches": 357252
                                                      },
                                                      {
                                                        "Node Type": "Materialize",
                                                        "Parent Relationship": "Inner",
                                                        "Parallel Aware": false,
                                                        "Startup Cost": 243155.7,
                                                        "Total Cost": 243247.56,
                                                        "Plan Rows": 1,
                                                        "Plan Width": 59,
                                                        "Actual Startup Time": 690.117,
                                                        "Actual Total Time": 700.579,
                                                        "Actual Rows": 725,
                                                        "Actual Loops": 1,
                                                        "Plans": [
                                                          {
                                                            "Node Type": "Merge Join",
                                                            "Parent Relationship": "Outer",
                                                            "Parallel Aware": false,
                                                            "Join Type": "Inner",
                                                            "Startup Cost": 243155.7,
                                                            "Total Cost": 243247.56,
                                                            "Plan Rows": 1,
                                                            "Plan Width": 59,
                                                            "Actual Startup Time": 690.108,
                                                            "Actual Total Time": 700.146,
                                                            "Actual Rows": 699,
                                                            "Actual Loops": 1,
                                                            "Inner Unique": false,
                                                            "Merge Cond": "(mi.movie_id = mc.movie_id)",
                                                            "Plans": [
                                                              {
                                                                "Node Type": "Sort",
                                                                "Parent Relationship": "Outer",
                                                                "Parallel Aware": false,
                                                                "Startup Cost": 207603.35,
                                                                "Total Cost": 207603.36,
                                                                "Plan Rows": 3,
                                                                "Plan Width": 47,
                                                                "Actual Startup Time": 465.192,
                                                                "Actual Total Time": 465.652,
                                                                "Actual Rows": 1771,
                                                                "Actual Loops": 1,
                                                                "Sort Key": [
                                                                  "mi.movie_id"
                                                                ],
                                                                "Sort Method": "quicksort",
                                                                "Sort Space Used": 187,
                                                                "Sort Space Type": "Memory",
                                                                "Plans": [
                                                                  {
                                                                    "Node Type": "Gather",
                                                                    "Parent Relationship": "Outer",
                                                                    "Parallel Aware": false,
                                                                    "Startup Cost": 207602.71,
                                                                    "Total Cost": 207603.33,
                                                                    "Plan Rows": 3,
                                                                    "Plan Width": 47,
                                                                    "Actual Startup Time": 464.159,
                                                                    "Actual Total Time": 464.661,
                                                                    "Actual Rows": 1771,
                                                                    "Actual Loops": 1,
                                                                    "Workers Planned": 5,
                                                                    "Workers Launched": 5,
                                                                    "Single Copy": false,
                                                                    "Plans": [
                                                                      {
                                                                        "Node Type": "Merge Join",
                                                                        "Parent Relationship": "Outer",
                                                                        "Parallel Aware": false,
                                                                        "Join Type": "Inner",
                                                                        "Startup Cost": 206602.71,
                                                                        "Total Cost": 206603.03,
                                                                        "Plan Rows": 1,
                                                                        "Plan Width": 47,
                                                                        "Actual Startup Time": 453.011,
                                                                        "Actual Total Time": 453.075,
                                                                        "Actual Rows": 295,
                                                                        "Actual Loops": 6,
                                                                        "Inner Unique": true,
                                                                        "Merge Cond": "(mi.info_type_id = it1.id)",
                                                                        "Plans": [
                                                                          {
                                                                            "Node Type": "Sort",
                                                                            "Parent Relationship": "Outer",
                                                                            "Parallel Aware": false,
                                                                            "Startup Cost": 206600.29,
                                                                            "Total Cost": 206600.44,
                                                                            "Plan Rows": 60,
                                                                            "Plan Width": 51,
                                                                            "Actual Startup Time": 452.889,
                                                                            "Actual Total Time": 452.904,
                                                                            "Actual Rows": 295,
                                                                            "Actual Loops": 6,
                                                                            "Sort Key": [
                                                                              "mi.info_type_id"
                                                                            ],
                                                                            "Sort Method": "quicksort",
                                                                            "Sort Space Used": 44,
                                                                            "Sort Space Type": "Memory",
                                                                            "Workers": [
                                                                              {
                                                                                "Worker Number": 0,
                                                                                "Sort Method": "quicksort",
                                                                                "Sort Space Used": 43,
                                                                                "Sort Space Type": "Memory"
                                                                              },
                                                                              {
                                                                                "Worker Number": 1,
                                                                                "Sort Method": "quicksort",
                                                                                "Sort Space Used": 50,
                                                                                "Sort Space Type": "Memory"
                                                                              },
                                                                              {
                                                                                "Worker Number": 2,
                                                                                "Sort Method": "quicksort",
                                                                                "Sort Space Used": 51,
                                                                                "Sort Space Type": "Memory"
                                                                              },
                                                                              {
                                                                                "Worker Number": 3,
                                                                                "Sort Method": "quicksort",
                                                                                "Sort Space Used": 48,
                                                                                "Sort Space Type": "Memory"
                                                                              },
                                                                              {
                                                                                "Worker Number": 4,
                                                                                "Sort Method": "quicksort",
                                                                                "Sort Space Used": 50,
                                                                                "Sort Space Type": "Memory"
                                                                              }
                                                                            ],
                                                                            "Plans": [
                                                                              {
                                                                                "Node Type": "Seq Scan",
                                                                                "Parent Relationship": "Outer",
                                                                                "Parallel Aware": true,
                                                                                "Relation Name": "movie_info",
                                                                                "Alias": "mi",
                                                                                "Startup Cost": 0.0,
                                                                                "Total Cost": 206598.52,
                                                                                "Plan Rows": 60,
                                                                                "Plan Width": 51,
                                                                                "Actual Startup Time": 122.768,
                                                                                "Actual Total Time": 452.577,
                                                                                "Actual Rows": 295,
                                                                                "Actual Loops": 6,
                                                                                "Filter": "((note ~~ '%internet%'::text) AND (info ~~ 'USA:% 200%'::text))",
                                                                                "Rows Removed by Filter": 2472325
                                                                              }
                                                                            ]
                                                                          },
                                                                          {
                                                                            "Node Type": "Sort",
                                                                            "Parent Relationship": "Inner",
                                                                            "Parallel Aware": false,
                                                                            "Startup Cost": 2.42,
                                                                            "Total Cost": 2.43,
                                                                            "Plan Rows": 1,
                                                                            "Plan Width": 4,
                                                                            "Actual Startup Time": 0.115,
                                                                            "Actual Total Time": 0.115,
                                                                            "Actual Rows": 1,
                                                                            "Actual Loops": 6,
                                                                            "Sort Key": [
                                                                              "it1.id"
                                                                            ],
                                                                            "Sort Method": "quicksort",
                                                                            "Sort Space Used": 25,
                                                                            "Sort Space Type": "Memory",
                                                                            "Workers": [
                                                                              {
                                                                                "Worker Number": 0,
                                                                                "Sort Method": "quicksort",
                                                                                "Sort Space Used": 25,
                                                                                "Sort Space Type": "Memory"
                                                                              },
                                                                              {
                                                                                "Worker Number": 1,
                                                                                "Sort Method": "quicksort",
                                                                                "Sort Space Used": 25,
                                                                                "Sort Space Type": "Memory"
                                                                              },
                                                                              {
                                                                                "Worker Number": 2,
                                                                                "Sort Method": "quicksort",
                                                                                "Sort Space Used": 25,
                                                                                "Sort Space Type": "Memory"
                                                                              },
                                                                              {
                                                                                "Worker Number": 3,
                                                                                "Sort Method": "quicksort",
                                                                                "Sort Space Used": 25,
                                                                                "Sort Space Type": "Memory"
                                                                              },
                                                                              {
                                                                                "Worker Number": 4,
                                                                                "Sort Method": "quicksort",
                                                                                "Sort Space Used": 25,
                                                                                "Sort Space Type": "Memory"
                                                                              }
                                                                            ],
                                                                            "Plans": [
                                                                              {
                                                                                "Node Type": "Seq Scan",
                                                                                "Parent Relationship": "Outer",
                                                                                "Parallel Aware": false,
                                                                                "Relation Name": "info_type",
                                                                                "Alias": "it1",
                                                                                "Startup Cost": 0.0,
                                                                                "Total Cost": 2.41,
                                                                                "Plan Rows": 1,
                                                                                "Plan Width": 4,
                                                                                "Actual Startup Time": 0.06,
                                                                                "Actual Total Time": 0.066,
                                                                                "Actual Rows": 1,
                                                                                "Actual Loops": 6,
                                                                                "Filter": "((info)::text = 'release dates'::text)",
                                                                                "Rows Removed by Filter": 112
                                                                              }
                                                                            ]
                                                                          }
                                                                        ]
                                                                      }
                                                                    ]
                                                                  }
                                                                ]
                                                              },
                                                              {
                                                                "Node Type": "Sort",
                                                                "Parent Relationship": "Inner",
                                                                "Parallel Aware": false,
                                                                "Startup Cost": 35552.34,
                                                                "Total Cost": 35598.26,
                                                                "Plan Rows": 18367,
                                                                "Plan Width": 12,
                                                                "Actual Startup Time": 224.904,
                                                                "Actual Total Time": 228.951,
                                                                "Actual Rows": 61601,
                                                                "Actual Loops": 1,
                                                                "Sort Key": [
                                                                  "mc.movie_id"
                                                                ],
                                                                "Sort Method": "quicksort",
                                                                "Sort Space Used": 4427,
                                                                "Sort Space Type": "Memory",
                                                                "Plans": [
                                                                  {
                                                                    "Node Type": "Gather",
                                                                    "Parent Relationship": "Outer",
                                                                    "Parallel Aware": false,
                                                                    "Startup Cost": 1000.0,
                                                                    "Total Cost": 34251.52,
                                                                    "Plan Rows": 18367,
                                                                    "Plan Width": 12,
                                                                    "Actual Startup Time": 0.479,
                                                                    "Actual Total Time": 204.81,
                                                                    "Actual Rows": 61664,
                                                                    "Actual Loops": 1,
                                                                    "Workers Planned": 3,
                                                                    "Workers Launched": 2,
                                                                    "Single Copy": false,
                                                                    "Plans": [
                                                                      {
                                                                        "Node Type": "Seq Scan",
                                                                        "Parent Relationship": "Outer",
                                                                        "Parallel Aware": true,
                                                                        "Relation Name": "movie_companies",
                                                                        "Alias": "mc",
                                                                        "Startup Cost": 0.0,
                                                                        "Total Cost": 31414.82,
                                                                        "Plan Rows": 5925,
                                                                        "Plan Width": 12,
                                                                        "Actual Startup Time": 0.161,
                                                                        "Actual Total Time": 195.077,
                                                                        "Actual Rows": 20555,
                                                                        "Actual Loops": 3,
                                                                        "Filter": "((note ~~ '%(200%)%'::text) AND (note ~~ '%(worldwide)%'::text))",
                                                                        "Rows Removed by Filter": 849155
                                                                      }
                                                                    ]
                                                                  }
                                                                ]
                                                              }
                                                            ]
                                                          }
                                                        ]
                                                      }
                                                    ]
                                                  }
                                                ]
                                              },
                                              {
                                                "Node Type": "Sort",
                                                "Parent Relationship": "Inner",
                                                "Parallel Aware": false,
                                                "Startup Cost": 12974.89,
                                                "Total Cost": 13189.72,
                                                "Plan Rows": 85931,
                                                "Plan Width": 4,
                                                "Actual Startup Time": 90.029,
                                                "Actual Total Time": 94.372,
                                                "Actual Rows": 25736,
                                                "Actual Loops": 1,
                                                "Sort Key": [
                                                  "cn.id"
                                                ],
                                                "Sort Method": "quicksort",
                                                "Sort Space Used": 7050,
                                                "Sort Space Type": "Memory",
                                                "Plans": [
                                                  {
                                                    "Node Type": "Seq Scan",
                                                    "Parent Relationship": "Outer",
                                                    "Parallel Aware": false,
                                                    "Relation Name": "company_name",
                                                    "Alias": "cn",
                                                    "Startup Cost": 0.0,
                                                    "Total Cost": 5932.46,
                                                    "Plan Rows": 85931,
                                                    "Plan Width": 4,
                                                    "Actual Startup Time": 0.068,
                                                    "Actual Total Time": 55.609,
                                                    "Actual Rows": 84843,
                                                    "Actual Loops": 1,
                                                    "Filter": "((country_code)::text = '[us]'::text)",
                                                    "Rows Removed by Filter": 150154
                                                  }
                                                ]
                                              }
                                            ]
                                          }
                                        ]
                                      }
                                    ]
                                  }
                                ]
                              }
                            ]
                          },
                          {
                            "Node Type": "Sort",
                            "Parent Relationship": "Inner",
                            "Parallel Aware": false,
                            "Startup Cost": 1.08,
                            "Total Cost": 1.09,
                            "Plan Rows": 4,
                            "Plan Width": 4,
                            "Actual Startup Time": 0.025,
                            "Actual Total Time": 0.026,
                            "Actual Rows": 1,
                            "Actual Loops": 1,
                            "Sort Key": [
                              "ct.id"
                            ],
                            "Sort Method": "quicksort",
                            "Sort Space Used": 25,
                            "Sort Space Type": "Memory",
                            "Plans": [
                              {
                                "Node Type": "Seq Scan",
                                "Parent Relationship": "Outer",
                                "Parallel Aware": false,
                                "Relation Name": "company_type",
                                "Alias": "ct",
                                "Startup Cost": 0.0,
                                "Total Cost": 1.04,
                                "Plan Rows": 4,
                                "Plan Width": 4,
                                "Actual Startup Time": 0.013,
                                "Actual Total Time": 0.014,
                                "Actual Rows": 4,
                                "Actual Loops": 1
                              }
                            ]
                          }
                        ]
                      }
                    ]
                  }
                ]
              }
            ]
          }
        ]
      }
    ]
  },
  "Planning Time": 25.261,
  "Triggers": [],
  "Execution Time": 3798.432
}