{
    "Plan": {
        "Node Type": "Aggregate",
        "Strategy": "Plain",
        "Partial Mode": "Simple",
        "Parallel Aware": false,
        "Startup Cost": 40001056528.67,
        "Total Cost": 40001056528.68,
        "Plan Rows": 1,
        "Plan Width": 128,
        "Actual Startup Time": 8677.79,
        "Actual Total Time": 8694.514,
        "Actual Rows": 1,
        "Actual Loops": 1,
        "Output": [
            "min(mi.info)",
            "min(mi_idx.info)",
            "min(n.name)",
            "min(t.title)"
        ],
        "Plans": [
            {
                "Node Type": "Nested Loop",
                "Parent Relationship": "Outer",
                "Parallel Aware": false,
                "Join Type": "Inner",
                "Startup Cost": 40000961968.01,
                "Total Cost": 40001056528.66,
                "Plan Rows": 1,
                "Plan Width": 80,
                "Actual Startup Time": 8229.194,
                "Actual Total Time": 8694.493,
                "Actual Rows": 1,
                "Actual Loops": 1,
                "Output": [
                    "mi.info",
                    "mi_idx.info",
                    "n.name",
                    "t.title"
                ],
                "Inner Unique": true,
                "Plans": [
                    {
                        "Node Type": "Nested Loop",
                        "Parent Relationship": "Outer",
                        "Parallel Aware": false,
                        "Join Type": "Inner",
                        "Startup Cost": 30000961967.86,
                        "Total Cost": 30001056520.48,
                        "Plan Rows": 1,
                        "Plan Width": 84,
                        "Actual Startup Time": 8229.13,
                        "Actual Total Time": 8694.413,
                        "Actual Rows": 3,
                        "Actual Loops": 1,
                        "Output": [
                            "mi.info",
                            "mi_idx.info",
                            "mi_idx.info_type_id",
                            "n.name",
                            "t.title"
                        ],
                        "Inner Unique": false,
                        "Join Filter": "(t.id = mi_idx.movie_id)",
                        "Rows Removed by Join Filter": 0,
                        "Plans": [
                            {
                                "Node Type": "Merge Join",
                                "Parent Relationship": "Outer",
                                "Parallel Aware": false,
                                "Join Type": "Inner",
                                "Startup Cost": 20000961967.4,
                                "Total Cost": 20001056515.95,
                                "Plan Rows": 1,
                                "Plan Width": 91,
                                "Actual Startup Time": 8228.968,
                                "Actual Total Time": 8694.24,
                                "Actual Rows": 1,
                                "Actual Loops": 1,
                                "Output": [
                                    "ci.movie_id",
                                    "mi.info",
                                    "mi.movie_id",
                                    "mk.movie_id",
                                    "n.name",
                                    "t.title",
                                    "t.id"
                                ],
                                "Inner Unique": true,
                                "Merge Cond": "(mi.movie_id = t.id)",
                                "Plans": [
                                    {
                                        "Node Type": "Sort",
                                        "Parent Relationship": "Outer",
                                        "Parallel Aware": false,
                                        "Startup Cost": 20000960966.91,
                                        "Total Cost": 20000960966.92,
                                        "Plan Rows": 1,
                                        "Plan Width": 70,
                                        "Actual Startup Time": 8177.761,
                                        "Actual Total Time": 8178.162,
                                        "Actual Rows": 127,
                                        "Actual Loops": 1,
                                        "Output": [
                                            "ci.movie_id",
                                            "mi.info",
                                            "mi.movie_id",
                                            "mk.movie_id",
                                            "n.name"
                                        ],
                                        "Sort Key": [
                                            "ci.movie_id"
                                        ],
                                        "Sort Method": "quicksort",
                                        "Sort Space Used": 62,
                                        "Sort Space Type": "Memory",
                                        "Plans": [
                                            {
                                                "Node Type": "Hash Join",
                                                "Parent Relationship": "Outer",
                                                "Parallel Aware": false,
                                                "Join Type": "Inner",
                                                "Startup Cost": 20000765873.27,
                                                "Total Cost": 20000960966.9,
                                                "Plan Rows": 1,
                                                "Plan Width": 70,
                                                "Actual Startup Time": 6173.274,
                                                "Actual Total Time": 8177.667,
                                                "Actual Rows": 479,
                                                "Actual Loops": 1,
                                                "Output": [
                                                    "ci.movie_id",
                                                    "mi.info",
                                                    "mi.movie_id",
                                                    "mk.movie_id",
                                                    "n.name"
                                                ],
                                                "Inner Unique": false,
                                                "Hash Cond": "(n.id = ci.person_id)",
                                                "Plans": [
                                                    {
                                                        "Node Type": "Index Scan",
                                                        "Parent Relationship": "Outer",
                                                        "Parallel Aware": false,
                                                        "Scan Direction": "Forward",
                                                        "Index Name": "name_pkey",
                                                        "Relation Name": "name",
                                                        "Schema": "public",
                                                        "Alias": "n",
                                                        "Startup Cost": 0.43,
                                                        "Total Cost": 188592.68,
                                                        "Plan Rows": 1733700,
                                                        "Plan Width": 19,
                                                        "Actual Startup Time": 0.059,
                                                        "Actual Total Time": 1884.47,
                                                        "Actual Rows": 1739579,
                                                        "Actual Loops": 1,
                                                        "Output": [
                                                            "n.id",
                                                            "n.name",
                                                            "n.imdb_index",
                                                            "n.imdb_id",
                                                            "n.gender",
                                                            "n.name_pcode_cf",
                                                            "n.name_pcode_nf",
                                                            "n.surname_pcode",
                                                            "n.md5sum"
                                                        ],
                                                        "Filter": "((n.gender)::text = 'm'::text)",
                                                        "Rows Removed by Filter": 2427912
                                                    },
                                                    {
                                                        "Node Type": "Hash",
                                                        "Parent Relationship": "Inner",
                                                        "Parallel Aware": false,
                                                        "Startup Cost": 20000765872.82,
                                                        "Total Cost": 20000765872.82,
                                                        "Plan Rows": 2,
                                                        "Plan Width": 59,
                                                        "Actual Startup Time": 6164.411,
                                                        "Actual Total Time": 6164.765,
                                                        "Actual Rows": 836,
                                                        "Actual Loops": 1,
                                                        "Output": [
                                                            "ci.movie_id",
                                                            "ci.person_id",
                                                            "mi.info",
                                                            "mi.movie_id",
                                                            "mk.movie_id"
                                                        ],
                                                        "Hash Buckets": 1024,
                                                        "Original Hash Buckets": 1024,
                                                        "Hash Batches": 1,
                                                        "Original Hash Batches": 1,
                                                        "Peak Memory Usage": 54,
                                                        "Plans": [
                                                            {
                                                                "Node Type": "Merge Join",
                                                                "Parent Relationship": "Outer",
                                                                "Parallel Aware": false,
                                                                "Join Type": "Inner",
                                                                "Startup Cost": 20000765857.76,
                                                                "Total Cost": 20000765872.82,
                                                                "Plan Rows": 2,
                                                                "Plan Width": 59,
                                                                "Actual Startup Time": 6164.155,
                                                                "Actual Total Time": 6164.654,
                                                                "Actual Rows": 836,
                                                                "Actual Loops": 1,
                                                                "Output": [
                                                                    "ci.movie_id",
                                                                    "ci.person_id",
                                                                    "mi.info",
                                                                    "mi.movie_id",
                                                                    "mk.movie_id"
                                                                ],
                                                                "Inner Unique": false,
                                                                "Merge Cond": "(it1.id = mi.info_type_id)",
                                                                "Plans": [
                                                                    {
                                                                        "Node Type": "Index Scan",
                                                                        "Parent Relationship": "Outer",
                                                                        "Parallel Aware": false,
                                                                        "Scan Direction": "Forward",
                                                                        "Index Name": "info_type_pkey",
                                                                        "Relation Name": "info_type",
                                                                        "Schema": "public",
                                                                        "Alias": "it1",
                                                                        "Startup Cost": 10000000000.14,
                                                                        "Total Cost": 10000000014.12,
                                                                        "Plan Rows": 1,
                                                                        "Plan Width": 4,
                                                                        "Actual Startup Time": 0.015,
                                                                        "Actual Total Time": 0.028,
                                                                        "Actual Rows": 1,
                                                                        "Actual Loops": 1,
                                                                        "Output": [
                                                                            "it1.id",
                                                                            "it1.info"
                                                                        ],
                                                                        "Filter": "((it1.info)::text = 'genres'::text)",
                                                                        "Rows Removed by Filter": 112
                                                                    },
                                                                    {
                                                                        "Node Type": "Sort",
                                                                        "Parent Relationship": "Inner",
                                                                        "Parallel Aware": false,
                                                                        "Startup Cost": 10000765857.62,
                                                                        "Total Cost": 10000765858.15,
                                                                        "Plan Rows": 212,
                                                                        "Plan Width": 63,
                                                                        "Actual Startup Time": 6164.134,
                                                                        "Actual Total Time": 6164.52,
                                                                        "Actual Rows": 836,
                                                                        "Actual Loops": 1,
                                                                        "Output": [
                                                                            "ci.movie_id",
                                                                            "ci.person_id",
                                                                            "mi.info",
                                                                            "mi.movie_id",
                                                                            "mi.info_type_id",
                                                                            "mk.movie_id"
                                                                        ],
                                                                        "Sort Key": [
                                                                            "mi.info_type_id"
                                                                        ],
                                                                        "Sort Method": "quicksort",
                                                                        "Sort Space Used": 90,
                                                                        "Sort Space Type": "Memory",
                                                                        "Plans": [
                                                                            {
                                                                                "Node Type": "Hash Join",
                                                                                "Parent Relationship": "Outer",
                                                                                "Parallel Aware": false,
                                                                                "Join Type": "Inner",
                                                                                "Startup Cost": 10000241104.58,
                                                                                "Total Cost": 10000765849.42,
                                                                                "Plan Rows": 212,
                                                                                "Plan Width": 63,
                                                                                "Actual Startup Time": 545.208,
                                                                                "Actual Total Time": 6163.21,
                                                                                "Actual Rows": 836,
                                                                                "Actual Loops": 1,
                                                                                "Output": [
                                                                                    "ci.movie_id",
                                                                                    "ci.person_id",
                                                                                    "mi.info",
                                                                                    "mi.movie_id",
                                                                                    "mi.info_type_id",
                                                                                    "mk.movie_id"
                                                                                ],
                                                                                "Inner Unique": false,
                                                                                "Hash Cond": "(ci.movie_id = mi.movie_id)",
                                                                                "Plans": [
                                                                                    {
                                                                                        "Node Type": "Nested Loop",
                                                                                        "Parent Relationship": "Outer",
                                                                                        "Parallel Aware": false,
                                                                                        "Join Type": "Inner",
                                                                                        "Startup Cost": 10000000001.82,
                                                                                        "Total Cost": 10000523277.82,
                                                                                        "Plan Rows": 217,
                                                                                        "Plan Width": 12,
                                                                                        "Actual Startup Time": 50.19,
                                                                                        "Actual Total Time": 5658.091,
                                                                                        "Actual Rows": 15477,
                                                                                        "Actual Loops": 1,
                                                                                        "Output": [
                                                                                            "ci.movie_id",
                                                                                            "ci.person_id",
                                                                                            "mk.movie_id"
                                                                                        ],
                                                                                        "Inner Unique": false,
                                                                                        "Plans": [
                                                                                            {
                                                                                                "Node Type": "Nested Loop",
                                                                                                "Parent Relationship": "Outer",
                                                                                                "Parallel Aware": false,
                                                                                                "Join Type": "Inner",
                                                                                                "Startup Cost": 0.85,
                                                                                                "Total Cost": 522316.58,
                                                                                                "Plan Rows": 169,
                                                                                                "Plan Width": 4,
                                                                                                "Actual Startup Time": 49.518,
                                                                                                "Actual Total Time": 3201.923,
                                                                                                "Actual Rows": 23226,
                                                                                                "Actual Loops": 1,
                                                                                                "Output": [
                                                                                                    "mk.movie_id"
                                                                                                ],
                                                                                                "Inner Unique": true,
                                                                                                "Join Filter": "(k.id = mk.keyword_id)",
                                                                                                "Rows Removed by Join Filter": 22544595,
                                                                                                "Plans": [
                                                                                                    {
                                                                                                        "Node Type": "Index Scan",
                                                                                                        "Parent Relationship": "Outer",
                                                                                                        "Parallel Aware": false,
                                                                                                        "Scan Direction": "Forward",
                                                                                                        "Index Name": "movie_id_movie_keyword",
                                                                                                        "Relation Name": "movie_keyword",
                                                                                                        "Schema": "public",
                                                                                                        "Alias": "mk",
                                                                                                        "Startup Cost": 0.43,
                                                                                                        "Total Cost": 177177.46,
                                                                                                        "Plan Rows": 4523930,
                                                                                                        "Plan Width": 8,
                                                                                                        "Actual Startup Time": 0.035,
                                                                                                        "Actual Total Time": 765.562,
                                                                                                        "Actual Rows": 4523930,
                                                                                                        "Actual Loops": 1,
                                                                                                        "Output": [
                                                                                                            "mk.id",
                                                                                                            "mk.movie_id",
                                                                                                            "mk.keyword_id"
                                                                                                        ]
                                                                                                    },
                                                                                                    {
                                                                                                        "Node Type": "Materialize",
                                                                                                        "Parent Relationship": "Inner",
                                                                                                        "Parallel Aware": false,
                                                                                                        "Startup Cost": 0.42,
                                                                                                        "Total Cost": 5846.09,
                                                                                                        "Plan Rows": 5,
                                                                                                        "Plan Width": 4,
                                                                                                        "Actual Startup Time": 0.0,
                                                                                                        "Actual Total Time": 0.0,
                                                                                                        "Actual Rows": 5,
                                                                                                        "Actual Loops": 4523930,
                                                                                                        "Output": [
                                                                                                            "k.id"
                                                                                                        ],
                                                                                                        "Plans": [
                                                                                                            {
                                                                                                                "Node Type": "Index Scan",
                                                                                                                "Parent Relationship": "Outer",
                                                                                                                "Parallel Aware": false,
                                                                                                                "Scan Direction": "Forward",
                                                                                                                "Index Name": "keyword_pkey",
                                                                                                                "Relation Name": "keyword",
                                                                                                                "Schema": "public",
                                                                                                                "Alias": "k",
                                                                                                                "Startup Cost": 0.42,
                                                                                                                "Total Cost": 5846.06,
                                                                                                                "Plan Rows": 5,
                                                                                                                "Plan Width": 4,
                                                                                                                "Actual Startup Time": 0.223,
                                                                                                                "Actual Total Time": 49.26,
                                                                                                                "Actual Rows": 5,
                                                                                                                "Actual Loops": 1,
                                                                                                                "Output": [
                                                                                                                    "k.id"
                                                                                                                ],
                                                                                                                "Filter": "(k.keyword = ANY ('{second-part,blood,violence,hand-to-hand-combat,neighbor}'::text[]))",
                                                                                                                "Rows Removed by Filter": 134165
                                                                                                            }
                                                                                                        ]
                                                                                                    }
                                                                                                ]
                                                                                            },
                                                                                            {
                                                                                                "Node Type": "Bitmap Heap Scan",
                                                                                                "Parent Relationship": "Inner",
                                                                                                "Parallel Aware": false,
                                                                                                "Relation Name": "cast_info",
                                                                                                "Schema": "public",
                                                                                                "Alias": "ci",
                                                                                                "Startup Cost": 0.97,
                                                                                                "Total Cost": 5.68,
                                                                                                "Plan Rows": 1,
                                                                                                "Plan Width": 8,
                                                                                                "Actual Startup Time": 0.087,
                                                                                                "Actual Total Time": 0.103,
                                                                                                "Actual Rows": 1,
                                                                                                "Actual Loops": 23226,
                                                                                                "Output": [
                                                                                                    "ci.id",
                                                                                                    "ci.person_id",
                                                                                                    "ci.movie_id",
                                                                                                    "ci.person_role_id",
                                                                                                    "ci.note",
                                                                                                    "ci.nr_order",
                                                                                                    "ci.role_id"
                                                                                                ],
                                                                                                "Recheck Cond": "(ci.movie_id = mk.movie_id)",
                                                                                                "Rows Removed by Index Recheck": 0,
                                                                                                "Filter": "(ci.note = ANY ('{(writer),\"(head writer)\",\"(written by)\",(story),\"(story editor)\"}'::text[]))",
                                                                                                "Rows Removed by Filter": 57,
                                                                                                "Exact Heap Blocks": 1301657,
                                                                                                "Lossy Heap Blocks": 0,
                                                                                                "Plans": [
                                                                                                    {
                                                                                                        "Node Type": "Bitmap Index Scan",
                                                                                                        "Parent Relationship": "Outer",
                                                                                                        "Parallel Aware": false,
                                                                                                        "Index Name": "movie_id_cast_info",
                                                                                                        "Startup Cost": 0.0,
                                                                                                        "Total Cost": 0.97,
                                                                                                        "Plan Rows": 38,
                                                                                                        "Plan Width": 0,
                                                                                                        "Actual Startup Time": 0.016,
                                                                                                        "Actual Total Time": 0.016,
                                                                                                        "Actual Rows": 58,
                                                                                                        "Actual Loops": 23226,
                                                                                                        "Index Cond": "(ci.movie_id = mk.movie_id)"
                                                                                                    }
                                                                                                ]
                                                                                            }
                                                                                        ]
                                                                                    },
                                                                                    {
                                                                                        "Node Type": "Hash",
                                                                                        "Parent Relationship": "Inner",
                                                                                        "Parallel Aware": false,
                                                                                        "Startup Cost": 236522.54,
                                                                                        "Total Cost": 236522.54,
                                                                                        "Plan Rows": 366418,
                                                                                        "Plan Width": 51,
                                                                                        "Actual Startup Time": 494.071,
                                                                                        "Actual Total Time": 494.411,
                                                                                        "Actual Rows": 360844,
                                                                                        "Actual Loops": 1,
                                                                                        "Output": [
                                                                                            "mi.info",
                                                                                            "mi.movie_id",
                                                                                            "mi.info_type_id"
                                                                                        ],
                                                                                        "Hash Buckets": 524288,
                                                                                        "Original Hash Buckets": 524288,
                                                                                        "Hash Batches": 1,
                                                                                        "Original Hash Batches": 1,
                                                                                        "Peak Memory Usage": 21011,
                                                                                        "Plans": [
                                                                                            {
                                                                                                "Node Type": "Gather",
                                                                                                "Parent Relationship": "Outer",
                                                                                                "Parallel Aware": false,
                                                                                                "Startup Cost": 1000.0,
                                                                                                "Total Cost": 236522.54,
                                                                                                "Plan Rows": 366418,
                                                                                                "Plan Width": 51,
                                                                                                "Actual Startup Time": 380.001,
                                                                                                "Actual Total Time": 422.287,
                                                                                                "Actual Rows": 360844,
                                                                                                "Actual Loops": 1,
                                                                                                "Output": [
                                                                                                    "mi.info",
                                                                                                    "mi.movie_id",
                                                                                                    "mi.info_type_id"
                                                                                                ],
                                                                                                "Workers Planned": 5,
                                                                                                "Workers Launched": 5,
                                                                                                "Single Copy": false,
                                                                                                "Plans": [
                                                                                                    {
                                                                                                        "Node Type": "Seq Scan",
                                                                                                        "Parent Relationship": "Outer",
                                                                                                        "Parallel Aware": true,
                                                                                                        "Relation Name": "movie_info",
                                                                                                        "Schema": "public",
                                                                                                        "Alias": "mi",
                                                                                                        "Startup Cost": 0.0,
                                                                                                        "Total Cost": 198880.74,
                                                                                                        "Plan Rows": 73284,
                                                                                                        "Plan Width": 51,
                                                                                                        "Actual Startup Time": 370.125,
                                                                                                        "Actual Total Time": 420.112,
                                                                                                        "Actual Rows": 60141,
                                                                                                        "Actual Loops": 6,
                                                                                                        "Output": [
                                                                                                            "mi.info",
                                                                                                            "mi.movie_id",
                                                                                                            "mi.info_type_id"
                                                                                                        ],
                                                                                                        "Filter": "(mi.info = 'Short'::text)",
                                                                                                        "Rows Removed by Filter": 2412479,
                                                                                                        "Workers": [
                                                                                                            {
                                                                                                                "Worker Number": 0,
                                                                                                                "Actual Startup Time": 367.838,
                                                                                                                "Actual Total Time": 425.24,
                                                                                                                "Actual Rows": 72767,
                                                                                                                "Actual Loops": 1
                                                                                                            },
                                                                                                            {
                                                                                                                "Worker Number": 1,
                                                                                                                "Actual Startup Time": 368.582,
                                                                                                                "Actual Total Time": 432.981,
                                                                                                                "Actual Rows": 70570,
                                                                                                                "Actual Loops": 1
                                                                                                            },
                                                                                                            {
                                                                                                                "Worker Number": 2,
                                                                                                                "Actual Startup Time": 368.37,
                                                                                                                "Actual Total Time": 425.951,
                                                                                                                "Actual Rows": 72301,
                                                                                                                "Actual Loops": 1
                                                                                                            },
                                                                                                            {
                                                                                                                "Worker Number": 3,
                                                                                                                "Actual Startup Time": 368.37,
                                                                                                                "Actual Total Time": 424.881,
                                                                                                                "Actual Rows": 71991,
                                                                                                                "Actual Loops": 1
                                                                                                            },
                                                                                                            {
                                                                                                                "Worker Number": 4,
                                                                                                                "Actual Startup Time": 368.345,
                                                                                                                "Actual Total Time": 425.682,
                                                                                                                "Actual Rows": 72852,
                                                                                                                "Actual Loops": 1
                                                                                                            }
                                                                                                        ]
                                                                                                    }
                                                                                                ]
                                                                                            }
                                                                                        ]
                                                                                    }
                                                                                ]
                                                                            }
                                                                        ]
                                                                    }
                                                                ]
                                                            }
                                                        ]
                                                    }
                                                ]
                                            }
                                        ]
                                    },
                                    {
                                        "Node Type": "Gather Merge",
                                        "Parent Relationship": "Inner",
                                        "Parallel Aware": false,
                                        "Startup Cost": 1000.49,
                                        "Total Cost": 95548.84,
                                        "Plan Rows": 73,
                                        "Plan Width": 21,
                                        "Actual Startup Time": 51.188,
                                        "Actual Total Time": 515.937,
                                        "Actual Rows": 232,
                                        "Actual Loops": 1,
                                        "Output": [
                                            "t.title",
                                            "t.id"
                                        ],
                                        "Workers Planned": 4,
                                        "Workers Launched": 4,
                                        "Plans": [
                                            {
                                                "Node Type": "Index Scan",
                                                "Parent Relationship": "Outer",
                                                "Parallel Aware": true,
                                                "Scan Direction": "Forward",
                                                "Index Name": "title_pkey",
                                                "Relation Name": "title",
                                                "Schema": "public",
                                                "Alias": "t",
                                                "Startup Cost": 0.43,
                                                "Total Cost": 94540.09,
                                                "Plan Rows": 18,
                                                "Plan Width": 21,
                                                "Actual Startup Time": 19.225,
                                                "Actual Total Time": 412.617,
                                                "Actual Rows": 46,
                                                "Actual Loops": 5,
                                                "Output": [
                                                    "t.title",
                                                    "t.id"
                                                ],
                                                "Filter": "((t.title ~~ 'Deep%'::text) AND (t.production_year > 2007))",
                                                "Rows Removed by Filter": 505616,
                                                "Workers": [
                                                    {
                                                        "Worker Number": 0,
                                                        "Actual Startup Time": 38.99,
                                                        "Actual Total Time": 486.424,
                                                        "Actual Rows": 21,
                                                        "Actual Loops": 1
                                                    },
                                                    {
                                                        "Worker Number": 1,
                                                        "Actual Startup Time": 27.225,
                                                        "Actual Total Time": 486.465,
                                                        "Actual Rows": 100,
                                                        "Actual Loops": 1
                                                    },
                                                    {
                                                        "Worker Number": 2,
                                                        "Actual Startup Time": 16.151,
                                                        "Actual Total Time": 486.788,
                                                        "Actual Rows": 79,
                                                        "Actual Loops": 1
                                                    },
                                                    {
                                                        "Worker Number": 3,
                                                        "Actual Startup Time": 11.172,
                                                        "Actual Total Time": 487.276,
                                                        "Actual Rows": 26,
                                                        "Actual Loops": 1
                                                    }
                                                ]
                                            }
                                        ]
                                    }
                                ]
                            },
                            {
                                "Node Type": "Bitmap Heap Scan",
                                "Parent Relationship": "Inner",
                                "Parallel Aware": false,
                                "Relation Name": "movie_info_idx",
                                "Schema": "public",
                                "Alias": "mi_idx",
                                "Startup Cost": 0.46,
                                "Total Cost": 4.49,
                                "Plan Rows": 3,
                                "Plan Width": 13,
                                "Actual Startup Time": 0.137,
                                "Actual Total Time": 0.141,
                                "Actual Rows": 3,
                                "Actual Loops": 1,
                                "Output": [
                                    "mi_idx.id",
                                    "mi_idx.movie_id",
                                    "mi_idx.info_type_id",
                                    "mi_idx.info",
                                    "mi_idx.note"
                                ],
                                "Recheck Cond": "(mi_idx.movie_id = mk.movie_id)",
                                "Rows Removed by Index Recheck": 0,
                                "Exact Heap Blocks": 1,
                                "Lossy Heap Blocks": 0,
                                "Plans": [
                                    {
                                        "Node Type": "Bitmap Index Scan",
                                        "Parent Relationship": "Outer",
                                        "Parallel Aware": false,
                                        "Index Name": "movie_id_movie_info_idx",
                                        "Startup Cost": 0.0,
                                        "Total Cost": 0.46,
                                        "Plan Rows": 3,
                                        "Plan Width": 0,
                                        "Actual Startup Time": 0.121,
                                        "Actual Total Time": 0.122,
                                        "Actual Rows": 3,
                                        "Actual Loops": 1,
                                        "Index Cond": "(mi_idx.movie_id = mk.movie_id)"
                                    }
                                ]
                            }
                        ]
                    },
                    {
                        "Node Type": "Bitmap Heap Scan",
                        "Parent Relationship": "Inner",
                        "Parallel Aware": false,
                        "Relation Name": "info_type",
                        "Schema": "public",
                        "Alias": "it2",
                        "Startup Cost": 0.15,
                        "Total Cost": 4.17,
                        "Plan Rows": 1,
                        "Plan Width": 4,
                        "Actual Startup Time": 0.018,
                        "Actual Total Time": 0.018,
                        "Actual Rows": 0,
                        "Actual Loops": 3,
                        "Output": [
                            "it2.id",
                            "it2.info"
                        ],
                        "Recheck Cond": "(it2.id = mi_idx.info_type_id)",
                        "Rows Removed by Index Recheck": 0,
                        "Filter": "((it2.info)::text = 'votes'::text)",
                        "Rows Removed by Filter": 1,
                        "Exact Heap Blocks": 3,
                        "Lossy Heap Blocks": 0,
                        "Plans": [
                            {
                                "Node Type": "Bitmap Index Scan",
                                "Parent Relationship": "Outer",
                                "Parallel Aware": false,
                                "Index Name": "info_type_pkey",
                                "Startup Cost": 0.0,
                                "Total Cost": 0.15,
                                "Plan Rows": 1,
                                "Plan Width": 0,
                                "Actual Startup Time": 0.006,
                                "Actual Total Time": 0.006,
                                "Actual Rows": 1,
                                "Actual Loops": 3,
                                "Index Cond": "(it2.id = mi_idx.info_type_id)"
                            }
                        ]
                    }
                ]
            }
        ]
    },
    "Planning Time": 15.159,
    "Triggers": [],
    "Execution Time": 8695.142
}