[
  {
    "Plan": {
      "Node Type": "Aggregate",
      "Strategy": "Plain",
      "Partial Mode": "Finalize",
      "Parallel Aware": false,
      "Startup Cost": 232993.64,
      "Total Cost": 232993.65,
      "Plan Rows": 1,
      "Plan Width": 8,
      "Actual Startup Time": 2923.143,
      "Actual Total Time": 3008.369,
      "Actual Rows": 1,
      "Actual Loops": 1,
      "Plans": [
        {
          "Node Type": "Gather",
          "Parent Relationship": "Outer",
          "Parallel Aware": false,
          "Startup Cost": 232993.22,
          "Total Cost": 232993.63,
          "Plan Rows": 4,
          "Plan Width": 8,
          "Actual Startup Time": 2921.211,
          "Actual Total Time": 3008.36,
          "Actual Rows": 5,
          "Actual Loops": 1,
          "Workers Planned": 4,
          "Workers Launched": 4,
          "Single Copy": false,
          "Plans": [
            {
              "Node Type": "Aggregate",
              "Strategy": "Plain",
              "Partial Mode": "Partial",
              "Parent Relationship": "Outer",
              "Parallel Aware": false,
              "Startup Cost": 231993.22,
              "Total Cost": 231993.23,
              "Plan Rows": 1,
              "Plan Width": 8,
              "Actual Startup Time": 2914.844,
              "Actual Total Time": 2914.847,
              "Actual Rows": 1,
              "Actual Loops": 5,
              "Plans": [
                {
                  "Node Type": "Nested Loop",
                  "Parent Relationship": "Outer",
                  "Parallel Aware": false,
                  "Join Type": "Inner",
                  "Startup Cost": 17495.18,
                  "Total Cost": 231461.19,
                  "Plan Rows": 212813,
                  "Plan Width": 0,
                  "Actual Startup Time": 59.46,
                  "Actual Total Time": 2878.017,
                  "Actual Rows": 720290,
                  "Actual Loops": 5,
                  "Inner Unique": false,
                  "Plans": [
                    {
                      "Node Type": "Hash Join",
                      "Parent Relationship": "Outer",
                      "Parallel Aware": true,
                      "Join Type": "Inner",
                      "Startup Cost": 17494.62,
                      "Total Cost": 63139.48,
                      "Plan Rows": 69860,
                      "Plan Width": 8,
                      "Actual Startup Time": 59.331,
                      "Actual Total Time": 295.233,
                      "Actual Rows": 67364,
                      "Actual Loops": 5,
                      "Inner Unique": false,
                      "Hash Cond": "(t.id = mi_idx.movie_id)",
                      "Plans": [
                        {
                          "Node Type": "Seq Scan",
                          "Parent Relationship": "Outer",
                          "Parallel Aware": true,
                          "Relation Name": "title",
                          "Alias": "t",
                          "Startup Cost": 0.0,
                          "Total Cost": 43899.32,
                          "Plan Rows": 387856,
                          "Plan Width": 4,
                          "Actual Startup Time": 0.019,
                          "Actual Total Time": 80.709,
                          "Actual Rows": 310345,
                          "Actual Loops": 5,
                          "Filter": "(production_year < 2007)",
                          "Rows Removed by Filter": 195317
                        },
                        {
                          "Node Type": "Hash",
                          "Parent Relationship": "Inner",
                          "Parallel Aware": true,
                          "Startup Cost": 15122.68,
                          "Total Cost": 15122.68,
                          "Plan Rows": 189755,
                          "Plan Width": 4,
                          "Actual Startup Time": 57.809,
                          "Actual Total Time": 57.81,
                          "Actual Rows": 91985,
                          "Actual Loops": 5,
                          "Hash Buckets": 524288,
                          "Original Hash Buckets": 524288,
                          "Hash Batches": 1,
                          "Original Hash Batches": 1,
                          "Peak Memory Usage": 22176,
                          "Plans": [
                            {
                              "Node Type": "Seq Scan",
                              "Parent Relationship": "Outer",
                              "Parallel Aware": true,
                              "Relation Name": "movie_info_idx",
                              "Alias": "mi_idx",
                              "Startup Cost": 0.0,
                              "Total Cost": 15122.68,
                              "Plan Rows": 189755,
                              "Plan Width": 4,
                              "Actual Startup Time": 0.037,
                              "Actual Total Time": 32.582,
                              "Actual Rows": 91985,
                              "Actual Loops": 5,
                              "Filter": "(info_type_id < 100)",
                              "Rows Removed by Filter": 184022
                            }
                          ]
                        }
                      ]
                    },
                    {
                      "Node Type": "Index Scan",
                      "Parent Relationship": "Inner",
                      "Parallel Aware": false,
                      "Scan Direction": "Forward",
                      "Index Name": "movie_id_cast_info",
                      "Relation Name": "cast_info",
                      "Alias": "ci",
                      "Startup Cost": 0.56,
                      "Total Cost": 2.34,
                      "Plan Rows": 7,
                      "Plan Width": 4,
                      "Actual Startup Time": 0.006,
                      "Actual Total Time": 0.037,
                      "Actual Rows": 11,
                      "Actual Loops": 336821,
                      "Index Cond": "(movie_id = t.id)",
                      "Rows Removed by Index Recheck": 0,
                      "Filter": "((person_id < 2268369) AND (role_id < 2))",
                      "Rows Removed by Filter": 18
                    }
                  ]
                }
              ]
            }
          ]
        }
      ]
    },
    "Planning Time": 0.499,
    "Triggers": [],
    "Execution Time": 3008.44
  }
]