{
    "Plan": {
        "Node Type": "Aggregate",
        "Strategy": "Plain",
        "Partial Mode": "Simple",
        "Parallel Aware": false,
        "Startup Cost": 50000730113.0,
        "Total Cost": 50000730113.01,
        "Plan Rows": 1,
        "Plan Width": 64,
        "Actual Startup Time": 3549.375,
        "Actual Total Time": 3549.394,
        "Actual Rows": 1,
        "Actual Loops": 1,
        "Output": [
            "min((kt.kind)::text)",
            "min(t.title)"
        ],
        "Plans": [
            {
                "Node Type": "Nested Loop",
                "Parent Relationship": "Outer",
                "Parallel Aware": false,
                "Join Type": "Inner",
                "Startup Cost": 50000717452.65,
                "Total Cost": 50000730112.99,
                "Plan Rows": 1,
                "Plan Width": 27,
                "Actual Startup Time": 3464.519,
                "Actual Total Time": 3549.196,
                "Actual Rows": 618,
                "Actual Loops": 1,
                "Output": [
                    "kt.kind",
                    "t.title"
                ],
                "Inner Unique": true,
                "Plans": [
                    {
                        "Node Type": "Merge Join",
                        "Parent Relationship": "Outer",
                        "Parallel Aware": false,
                        "Join Type": "Inner",
                        "Startup Cost": 40000717452.51,
                        "Total Cost": 40000730107.24,
                        "Plan Rows": 1,
                        "Plan Width": 31,
                        "Actual Startup Time": 3464.499,
                        "Actual Total Time": 3546.923,
                        "Actual Rows": 618,
                        "Actual Loops": 1,
                        "Output": [
                            "mc.company_type_id",
                            "t.title",
                            "kt.kind"
                        ],
                        "Inner Unique": true,
                        "Merge Cond": "(mc.company_id = cn.id)",
                        "Plans": [
                            {
                                "Node Type": "Sort",
                                "Parent Relationship": "Outer",
                                "Parallel Aware": false,
                                "Startup Cost": 40000717452.09,
                                "Total Cost": 40000717452.1,
                                "Plan Rows": 1,
                                "Plan Width": 35,
                                "Actual Startup Time": 3456.813,
                                "Actual Total Time": 3456.891,
                                "Actual Rows": 618,
                                "Actual Loops": 1,
                                "Output": [
                                    "mc.company_id",
                                    "mc.company_type_id",
                                    "t.title",
                                    "kt.kind"
                                ],
                                "Sort Key": [
                                    "mc.company_id"
                                ],
                                "Sort Method": "quicksort",
                                "Sort Space Used": 73,
                                "Sort Space Type": "Memory",
                                "Plans": [
                                    {
                                        "Node Type": "Hash Join",
                                        "Parent Relationship": "Outer",
                                        "Parallel Aware": false,
                                        "Join Type": "Inner",
                                        "Startup Cost": 40000662786.55,
                                        "Total Cost": 40000717452.08,
                                        "Plan Rows": 1,
                                        "Plan Width": 35,
                                        "Actual Startup Time": 3264.877,
                                        "Actual Total Time": 3456.731,
                                        "Actual Rows": 618,
                                        "Actual Loops": 1,
                                        "Output": [
                                            "mc.company_id",
                                            "mc.company_type_id",
                                            "t.title",
                                            "kt.kind"
                                        ],
                                        "Inner Unique": false,
                                        "Hash Cond": "(mc.movie_id = t.id)",
                                        "Plans": [
                                            {
                                                "Node Type": "Seq Scan",
                                                "Parent Relationship": "Outer",
                                                "Parallel Aware": false,
                                                "Relation Name": "movie_companies",
                                                "Schema": "public",
                                                "Alias": "mc",
                                                "Startup Cost": 10000000000.0,
                                                "Total Cost": 10000044881.29,
                                                "Plan Rows": 2609129,
                                                "Plan Width": 12,
                                                "Actual Startup Time": 0.028,
                                                "Actual Total Time": 178.182,
                                                "Actual Rows": 2609129,
                                                "Actual Loops": 1,
                                                "Output": [
                                                    "mc.id",
                                                    "mc.movie_id",
                                                    "mc.company_id",
                                                    "mc.company_type_id",
                                                    "mc.note"
                                                ]
                                            },
                                            {
                                                "Node Type": "Hash",
                                                "Parent Relationship": "Inner",
                                                "Parallel Aware": false,
                                                "Startup Cost": 30000662786.53,
                                                "Total Cost": 30000662786.53,
                                                "Plan Rows": 1,
                                                "Plan Width": 43,
                                                "Actual Startup Time": 3122.715,
                                                "Actual Total Time": 3122.731,
                                                "Actual Rows": 615,
                                                "Actual Loops": 1,
                                                "Output": [
                                                    "cc.movie_id",
                                                    "mi.movie_id",
                                                    "mk.movie_id",
                                                    "t.title",
                                                    "t.id",
                                                    "kt.kind"
                                                ],
                                                "Hash Buckets": 1024,
                                                "Original Hash Buckets": 1024,
                                                "Hash Batches": 1,
                                                "Original Hash Batches": 1,
                                                "Peak Memory Usage": 51,
                                                "Plans": [
                                                    {
                                                        "Node Type": "Merge Join",
                                                        "Parent Relationship": "Outer",
                                                        "Parallel Aware": false,
                                                        "Join Type": "Inner",
                                                        "Startup Cost": 30000657457.87,
                                                        "Total Cost": 30000662786.53,
                                                        "Plan Rows": 1,
                                                        "Plan Width": 43,
                                                        "Actual Startup Time": 3082.844,
                                                        "Actual Total Time": 3122.619,
                                                        "Actual Rows": 615,
                                                        "Actual Loops": 1,
                                                        "Output": [
                                                            "cc.movie_id",
                                                            "mi.movie_id",
                                                            "mk.movie_id",
                                                            "t.title",
                                                            "t.id",
                                                            "kt.kind"
                                                        ],
                                                        "Inner Unique": false,
                                                        "Merge Cond": "(k.id = mk.keyword_id)",
                                                        "Plans": [
                                                            {
                                                                "Node Type": "Index Scan",
                                                                "Parent Relationship": "Outer",
                                                                "Parallel Aware": false,
                                                                "Scan Direction": "Forward",
                                                                "Index Name": "keyword_pkey",
                                                                "Relation Name": "keyword",
                                                                "Schema": "public",
                                                                "Alias": "k",
                                                                "Startup Cost": 0.42,
                                                                "Total Cost": 5007.5,
                                                                "Plan Rows": 134170,
                                                                "Plan Width": 4,
                                                                "Actual Startup Time": 0.013,
                                                                "Actual Total Time": 32.43,
                                                                "Actual Rows": 124591,
                                                                "Actual Loops": 1,
                                                                "Output": [
                                                                    "k.id",
                                                                    "k.keyword",
                                                                    "k.phonetic_code"
                                                                ]
                                                            },
                                                            {
                                                                "Node Type": "Sort",
                                                                "Parent Relationship": "Inner",
                                                                "Parallel Aware": false,
                                                                "Startup Cost": 30000657457.45,
                                                                "Total Cost": 30000657457.45,
                                                                "Plan Rows": 1,
                                                                "Plan Width": 47,
                                                                "Actual Startup Time": 3082.751,
                                                                "Actual Total Time": 3082.841,
                                                                "Actual Rows": 615,
                                                                "Actual Loops": 1,
                                                                "Output": [
                                                                    "cc.movie_id",
                                                                    "mi.movie_id",
                                                                    "mk.movie_id",
                                                                    "mk.keyword_id",
                                                                    "t.title",
                                                                    "t.id",
                                                                    "kt.kind"
                                                                ],
                                                                "Sort Key": [
                                                                    "mk.keyword_id"
                                                                ],
                                                                "Sort Method": "quicksort",
                                                                "Sort Space Used": 73,
                                                                "Sort Space Type": "Memory",
                                                                "Plans": [
                                                                    {
                                                                        "Node Type": "Nested Loop",
                                                                        "Parent Relationship": "Outer",
                                                                        "Parallel Aware": false,
                                                                        "Join Type": "Inner",
                                                                        "Startup Cost": 30000657441.83,
                                                                        "Total Cost": 30000657457.44,
                                                                        "Plan Rows": 1,
                                                                        "Plan Width": 47,
                                                                        "Actual Startup Time": 3082.069,
                                                                        "Actual Total Time": 3082.619,
                                                                        "Actual Rows": 615,
                                                                        "Actual Loops": 1,
                                                                        "Output": [
                                                                            "cc.movie_id",
                                                                            "mi.movie_id",
                                                                            "mk.movie_id",
                                                                            "mk.keyword_id",
                                                                            "t.title",
                                                                            "t.id",
                                                                            "kt.kind"
                                                                        ],
                                                                        "Inner Unique": true,
                                                                        "Plans": [
                                                                            {
                                                                                "Node Type": "Hash Join",
                                                                                "Parent Relationship": "Outer",
                                                                                "Parallel Aware": false,
                                                                                "Join Type": "Inner",
                                                                                "Startup Cost": 30000657441.7,
                                                                                "Total Cost": 30000657457.27,
                                                                                "Plan Rows": 1,
                                                                                "Plan Width": 51,
                                                                                "Actual Startup Time": 3081.983,
                                                                                "Actual Total Time": 3082.102,
                                                                                "Actual Rows": 680,
                                                                                "Actual Loops": 1,
                                                                                "Output": [
                                                                                    "cc.movie_id",
                                                                                    "cc.status_id",
                                                                                    "mi.movie_id",
                                                                                    "mk.movie_id",
                                                                                    "mk.keyword_id",
                                                                                    "t.title",
                                                                                    "t.id",
                                                                                    "kt.kind"
                                                                                ],
                                                                                "Inner Unique": false,
                                                                                "Hash Cond": "(t.id = mk.movie_id)",
                                                                                "Plans": [
                                                                                    {
                                                                                        "Node Type": "Merge Join",
                                                                                        "Parent Relationship": "Outer",
                                                                                        "Parallel Aware": false,
                                                                                        "Join Type": "Inner",
                                                                                        "Startup Cost": 30000423715.12,
                                                                                        "Total Cost": 30000423729.16,
                                                                                        "Plan Rows": 1,
                                                                                        "Plan Width": 43,
                                                                                        "Actual Startup Time": 1240.047,
                                                                                        "Actual Total Time": 1240.073,
                                                                                        "Actual Rows": 32,
                                                                                        "Actual Loops": 1,
                                                                                        "Output": [
                                                                                            "cc.movie_id",
                                                                                            "cc.status_id",
                                                                                            "mi.movie_id",
                                                                                            "t.title",
                                                                                            "t.id",
                                                                                            "kt.kind"
                                                                                        ],
                                                                                        "Inner Unique": false,
                                                                                        "Merge Cond": "(it1.id = mi.info_type_id)",
                                                                                        "Plans": [
                                                                                            {
                                                                                                "Node Type": "Index Scan",
                                                                                                "Parent Relationship": "Outer",
                                                                                                "Parallel Aware": false,
                                                                                                "Scan Direction": "Forward",
                                                                                                "Index Name": "info_type_pkey",
                                                                                                "Relation Name": "info_type",
                                                                                                "Schema": "public",
                                                                                                "Alias": "it1",
                                                                                                "Startup Cost": 0.14,
                                                                                                "Total Cost": 14.12,
                                                                                                "Plan Rows": 1,
                                                                                                "Plan Width": 4,
                                                                                                "Actual Startup Time": 0.02,
                                                                                                "Actual Total Time": 0.031,
                                                                                                "Actual Rows": 1,
                                                                                                "Actual Loops": 1,
                                                                                                "Output": [
                                                                                                    "it1.id",
                                                                                                    "it1.info"
                                                                                                ],
                                                                                                "Filter": "((it1.info)::text = 'release dates'::text)",
                                                                                                "Rows Removed by Filter": 112
                                                                                            },
                                                                                            {
                                                                                                "Node Type": "Sort",
                                                                                                "Parent Relationship": "Inner",
                                                                                                "Parallel Aware": false,
                                                                                                "Startup Cost": 30000423714.98,
                                                                                                "Total Cost": 30000423715.0,
                                                                                                "Plan Rows": 9,
                                                                                                "Plan Width": 47,
                                                                                                "Actual Startup Time": 1240.017,
                                                                                                "Actual Total Time": 1240.025,
                                                                                                "Actual Rows": 32,
                                                                                                "Actual Loops": 1,
                                                                                                "Output": [
                                                                                                    "cc.movie_id",
                                                                                                    "cc.status_id",
                                                                                                    "mi.movie_id",
                                                                                                    "mi.info_type_id",
                                                                                                    "t.title",
                                                                                                    "t.id",
                                                                                                    "kt.kind"
                                                                                                ],
                                                                                                "Sort Key": [
                                                                                                    "mi.info_type_id"
                                                                                                ],
                                                                                                "Sort Method": "quicksort",
                                                                                                "Sort Space Used": 27,
                                                                                                "Sort Space Type": "Memory",
                                                                                                "Plans": [
                                                                                                    {
                                                                                                        "Node Type": "Nested Loop",
                                                                                                        "Parent Relationship": "Outer",
                                                                                                        "Parallel Aware": false,
                                                                                                        "Join Type": "Inner",
                                                                                                        "Startup Cost": 30000000004.95,
                                                                                                        "Total Cost": 30000423714.84,
                                                                                                        "Plan Rows": 9,
                                                                                                        "Plan Width": 47,
                                                                                                        "Actual Startup Time": 456.864,
                                                                                                        "Actual Total Time": 1239.986,
                                                                                                        "Actual Rows": 32,
                                                                                                        "Actual Loops": 1,
                                                                                                        "Output": [
                                                                                                            "cc.movie_id",
                                                                                                            "cc.status_id",
                                                                                                            "mi.movie_id",
                                                                                                            "mi.info_type_id",
                                                                                                            "t.title",
                                                                                                            "t.id",
                                                                                                            "kt.kind"
                                                                                                        ],
                                                                                                        "Inner Unique": false,
                                                                                                        "Plans": [
                                                                                                            {
                                                                                                                "Node Type": "Nested Loop",
                                                                                                                "Parent Relationship": "Outer",
                                                                                                                "Parallel Aware": false,
                                                                                                                "Join Type": "Inner",
                                                                                                                "Startup Cost": 20000000004.52,
                                                                                                                "Total Cost": 20000423607.27,
                                                                                                                "Plan Rows": 24,
                                                                                                                "Plan Width": 39,
                                                                                                                "Actual Startup Time": 455.595,
                                                                                                                "Actual Total Time": 1236.42,
                                                                                                                "Actual Rows": 807,
                                                                                                                "Actual Loops": 1,
                                                                                                                "Output": [
                                                                                                                    "kt.kind",
                                                                                                                    "t.title",
                                                                                                                    "t.id",
                                                                                                                    "mi.movie_id",
                                                                                                                    "mi.info_type_id"
                                                                                                                ],
                                                                                                                "Inner Unique": true,
                                                                                                                "Plans": [
                                                                                                                    {
                                                                                                                        "Node Type": "Nested Loop",
                                                                                                                        "Parent Relationship": "Outer",
                                                                                                                        "Parallel Aware": false,
                                                                                                                        "Join Type": "Inner",
                                                                                                                        "Startup Cost": 10000000004.38,
                                                                                                                        "Total Cost": 10000422908.95,
                                                                                                                        "Plan Rows": 168,
                                                                                                                        "Plan Width": 33,
                                                                                                                        "Actual Startup Time": 333.621,
                                                                                                                        "Actual Total Time": 1230.031,
                                                                                                                        "Actual Rows": 1730,
                                                                                                                        "Actual Loops": 1,
                                                                                                                        "Output": [
                                                                                                                            "mi.movie_id",
                                                                                                                            "mi.info_type_id",
                                                                                                                            "t.title",
                                                                                                                            "t.kind_id",
                                                                                                                            "t.id"
                                                                                                                        ],
                                                                                                                        "Inner Unique": true,
                                                                                                                        "Plans": [
                                                                                                                            {
                                                                                                                                "Node Type": "Seq Scan",
                                                                                                                                "Parent Relationship": "Outer",
                                                                                                                                "Parallel Aware": false,
                                                                                                                                "Relation Name": "movie_info",
                                                                                                                                "Schema": "public",
                                                                                                                                "Alias": "mi",
                                                                                                                                "Startup Cost": 0.0,
                                                                                                                                "Total Cost": 420207.16,
                                                                                                                                "Plan Rows": 322,
                                                                                                                                "Plan Width": 8,
                                                                                                                                "Actual Startup Time": 333.587,
                                                                                                                                "Actual Total Time": 1216.588,
                                                                                                                                "Actual Rows": 1783,
                                                                                                                                "Actual Loops": 1,
                                                                                                                                "Output": [
                                                                                                                                    "mi.id",
                                                                                                                                    "mi.movie_id",
                                                                                                                                    "mi.info_type_id",
                                                                                                                                    "mi.info",
                                                                                                                                    "mi.note"
                                                                                                                                ],
                                                                                                                                "Filter": "((mi.info IS NOT NULL) AND (mi.note ~~ '%internet%'::text) AND ((mi.info ~~ 'USA:% 199%'::text) OR (mi.info ~~ 'USA:% 200%'::text)))",
                                                                                                                                "Rows Removed by Filter": 14833937
                                                                                                                            },
                                                                                                                            {
                                                                                                                                "Node Type": "Bitmap Heap Scan",
                                                                                                                                "Parent Relationship": "Inner",
                                                                                                                                "Parallel Aware": false,
                                                                                                                                "Relation Name": "title",
                                                                                                                                "Schema": "public",
                                                                                                                                "Alias": "t",
                                                                                                                                "Startup Cost": 4.38,
                                                                                                                                "Total Cost": 8.39,
                                                                                                                                "Plan Rows": 1,
                                                                                                                                "Plan Width": 25,
                                                                                                                                "Actual Startup Time": 0.005,
                                                                                                                                "Actual Total Time": 0.005,
                                                                                                                                "Actual Rows": 1,
                                                                                                                                "Actual Loops": 1783,
                                                                                                                                "Output": [
                                                                                                                                    "t.id",
                                                                                                                                    "t.title",
                                                                                                                                    "t.imdb_index",
                                                                                                                                    "t.kind_id",
                                                                                                                                    "t.production_year",
                                                                                                                                    "t.imdb_id",
                                                                                                                                    "t.phonetic_code",
                                                                                                                                    "t.episode_of_id",
                                                                                                                                    "t.season_nr",
                                                                                                                                    "t.episode_nr",
                                                                                                                                    "t.series_years",
                                                                                                                                    "t.md5sum"
                                                                                                                                ],
                                                                                                                                "Recheck Cond": "(t.id = mi.movie_id)",
                                                                                                                                "Rows Removed by Index Recheck": 0,
                                                                                                                                "Filter": "(t.production_year > 2001)",
                                                                                                                                "Rows Removed by Filter": 0,
                                                                                                                                "Exact Heap Blocks": 1783,
                                                                                                                                "Lossy Heap Blocks": 0,
                                                                                                                                "Plans": [
                                                                                                                                    {
                                                                                                                                        "Node Type": "Bitmap Index Scan",
                                                                                                                                        "Parent Relationship": "Outer",
                                                                                                                                        "Parallel Aware": false,
                                                                                                                                        "Index Name": "title_pkey",
                                                                                                                                        "Startup Cost": 0.0,
                                                                                                                                        "Total Cost": 4.38,
                                                                                                                                        "Plan Rows": 1,
                                                                                                                                        "Plan Width": 0,
                                                                                                                                        "Actual Startup Time": 0.003,
                                                                                                                                        "Actual Total Time": 0.003,
                                                                                                                                        "Actual Rows": 1,
                                                                                                                                        "Actual Loops": 1783,
                                                                                                                                        "Index Cond": "(t.id = mi.movie_id)"
                                                                                                                                    }
                                                                                                                                ]
                                                                                                                            }
                                                                                                                        ]
                                                                                                                    },
                                                                                                                    {
                                                                                                                        "Node Type": "Bitmap Heap Scan",
                                                                                                                        "Parent Relationship": "Inner",
                                                                                                                        "Parallel Aware": false,
                                                                                                                        "Relation Name": "kind_type",
                                                                                                                        "Schema": "public",
                                                                                                                        "Alias": "kt",
                                                                                                                        "Startup Cost": 0.14,
                                                                                                                        "Total Cost": 4.16,
                                                                                                                        "Plan Rows": 1,
                                                                                                                        "Plan Width": 14,
                                                                                                                        "Actual Startup Time": 0.002,
                                                                                                                        "Actual Total Time": 0.002,
                                                                                                                        "Actual Rows": 0,
                                                                                                                        "Actual Loops": 1730,
                                                                                                                        "Output": [
                                                                                                                            "kt.id",
                                                                                                                            "kt.kind"
                                                                                                                        ],
                                                                                                                        "Recheck Cond": "(kt.id = t.kind_id)",
                                                                                                                        "Rows Removed by Index Recheck": 0,
                                                                                                                        "Filter": "((kt.kind)::text = 'movie'::text)",
                                                                                                                        "Rows Removed by Filter": 1,
                                                                                                                        "Exact Heap Blocks": 1730,
                                                                                                                        "Lossy Heap Blocks": 0,
                                                                                                                        "Plans": [
                                                                                                                            {
                                                                                                                                "Node Type": "Bitmap Index Scan",
                                                                                                                                "Parent Relationship": "Outer",
                                                                                                                                "Parallel Aware": false,
                                                                                                                                "Index Name": "kind_type_pkey",
                                                                                                                                "Startup Cost": 0.0,
                                                                                                                                "Total Cost": 0.14,
                                                                                                                                "Plan Rows": 1,
                                                                                                                                "Plan Width": 0,
                                                                                                                                "Actual Startup Time": 0.001,
                                                                                                                                "Actual Total Time": 0.001,
                                                                                                                                "Actual Rows": 1,
                                                                                                                                "Actual Loops": 1730,
                                                                                                                                "Index Cond": "(kt.id = t.kind_id)"
                                                                                                                            }
                                                                                                                        ]
                                                                                                                    }
                                                                                                                ]
                                                                                                            },
                                                                                                            {
                                                                                                                "Node Type": "Bitmap Heap Scan",
                                                                                                                "Parent Relationship": "Inner",
                                                                                                                "Parallel Aware": false,
                                                                                                                "Relation Name": "complete_cast",
                                                                                                                "Schema": "public",
                                                                                                                "Alias": "cc",
                                                                                                                "Startup Cost": 0.44,
                                                                                                                "Total Cost": 4.46,
                                                                                                                "Plan Rows": 2,
                                                                                                                "Plan Width": 8,
                                                                                                                "Actual Startup Time": 0.003,
                                                                                                                "Actual Total Time": 0.003,
                                                                                                                "Actual Rows": 0,
                                                                                                                "Actual Loops": 807,
                                                                                                                "Output": [
                                                                                                                    "cc.id",
                                                                                                                    "cc.movie_id",
                                                                                                                    "cc.subject_id",
                                                                                                                    "cc.status_id"
                                                                                                                ],
                                                                                                                "Recheck Cond": "(cc.movie_id = t.id)",
                                                                                                                "Rows Removed by Index Recheck": 0,
                                                                                                                "Exact Heap Blocks": 32,
                                                                                                                "Lossy Heap Blocks": 0,
                                                                                                                "Plans": [
                                                                                                                    {
                                                                                                                        "Node Type": "Bitmap Index Scan",
                                                                                                                        "Parent Relationship": "Outer",
                                                                                                                        "Parallel Aware": false,
                                                                                                                        "Index Name": "movie_id_complete_cast",
                                                                                                                        "Startup Cost": 0.0,
                                                                                                                        "Total Cost": 0.44,
                                                                                                                        "Plan Rows": 2,
                                                                                                                        "Plan Width": 0,
                                                                                                                        "Actual Startup Time": 0.002,
                                                                                                                        "Actual Total Time": 0.002,
                                                                                                                        "Actual Rows": 0,
                                                                                                                        "Actual Loops": 807,
                                                                                                                        "Index Cond": "(cc.movie_id = t.id)"
                                                                                                                    }
                                                                                                                ]
                                                                                                            }
                                                                                                        ]
                                                                                                    }
                                                                                                ]
                                                                                            }
                                                                                        ]
                                                                                    },
                                                                                    {
                                                                                        "Node Type": "Hash",
                                                                                        "Parent Relationship": "Inner",
                                                                                        "Parallel Aware": false,
                                                                                        "Startup Cost": 177177.46,
                                                                                        "Total Cost": 177177.46,
                                                                                        "Plan Rows": 4523930,
                                                                                        "Plan Width": 8,
                                                                                        "Actual Startup Time": 1832.828,
                                                                                        "Actual Total Time": 1832.829,
                                                                                        "Actual Rows": 4523930,
                                                                                        "Actual Loops": 1,
                                                                                        "Output": [
                                                                                            "mk.movie_id",
                                                                                            "mk.keyword_id"
                                                                                        ],
                                                                                        "Hash Buckets": 8388608,
                                                                                        "Original Hash Buckets": 8388608,
                                                                                        "Hash Batches": 1,
                                                                                        "Original Hash Batches": 1,
                                                                                        "Peak Memory Usage": 242253,
                                                                                        "Plans": [
                                                                                            {
                                                                                                "Node Type": "Index Scan",
                                                                                                "Parent Relationship": "Outer",
                                                                                                "Parallel Aware": false,
                                                                                                "Scan Direction": "Forward",
                                                                                                "Index Name": "movie_id_movie_keyword",
                                                                                                "Relation Name": "movie_keyword",
                                                                                                "Schema": "public",
                                                                                                "Alias": "mk",
                                                                                                "Startup Cost": 0.43,
                                                                                                "Total Cost": 177177.46,
                                                                                                "Plan Rows": 4523930,
                                                                                                "Plan Width": 8,
                                                                                                "Actual Startup Time": 0.027,
                                                                                                "Actual Total Time": 1022.973,
                                                                                                "Actual Rows": 4523930,
                                                                                                "Actual Loops": 1,
                                                                                                "Output": [
                                                                                                    "mk.movie_id",
                                                                                                    "mk.keyword_id"
                                                                                                ]
                                                                                            }
                                                                                        ]
                                                                                    }
                                                                                ]
                                                                            },
                                                                            {
                                                                                "Node Type": "Index Scan",
                                                                                "Parent Relationship": "Inner",
                                                                                "Parallel Aware": false,
                                                                                "Scan Direction": "Forward",
                                                                                "Index Name": "comp_cast_type_pkey",
                                                                                "Relation Name": "comp_cast_type",
                                                                                "Schema": "public",
                                                                                "Alias": "cct1",
                                                                                "Startup Cost": 0.13,
                                                                                "Total Cost": 0.15,
                                                                                "Plan Rows": 1,
                                                                                "Plan Width": 4,
                                                                                "Actual Startup Time": 0.001,
                                                                                "Actual Total Time": 0.001,
                                                                                "Actual Rows": 1,
                                                                                "Actual Loops": 680,
                                                                                "Output": [
                                                                                    "cct1.id",
                                                                                    "cct1.kind"
                                                                                ],
                                                                                "Index Cond": "(cct1.id = cc.status_id)",
                                                                                "Rows Removed by Index Recheck": 0,
                                                                                "Filter": "((cct1.kind)::text = 'complete+verified'::text)",
                                                                                "Rows Removed by Filter": 0
                                                                            }
                                                                        ]
                                                                    }
                                                                ]
                                                            }
                                                        ]
                                                    }
                                                ]
                                            }
                                        ]
                                    }
                                ]
                            },
                            {
                                "Node Type": "Index Scan",
                                "Parent Relationship": "Inner",
                                "Parallel Aware": false,
                                "Scan Direction": "Forward",
                                "Index Name": "company_name_pkey",
                                "Relation Name": "company_name",
                                "Schema": "public",
                                "Alias": "cn",
                                "Startup Cost": 0.42,
                                "Total Cost": 12454.44,
                                "Plan Rows": 84301,
                                "Plan Width": 4,
                                "Actual Startup Time": 0.02,
                                "Actual Total Time": 86.186,
                                "Actual Rows": 75246,
                                "Actual Loops": 1,
                                "Output": [
                                    "cn.id",
                                    "cn.name",
                                    "cn.country_code",
                                    "cn.imdb_id",
                                    "cn.name_pcode_nf",
                                    "cn.name_pcode_sf",
                                    "cn.md5sum"
                                ],
                                "Filter": "((cn.country_code)::text = '[us]'::text)",
                                "Rows Removed by Filter": 138116
                            }
                        ]
                    },
                    {
                        "Node Type": "Bitmap Heap Scan",
                        "Parent Relationship": "Inner",
                        "Parallel Aware": false,
                        "Relation Name": "company_type",
                        "Schema": "public",
                        "Alias": "ct",
                        "Startup Cost": 0.14,
                        "Total Cost": 4.15,
                        "Plan Rows": 1,
                        "Plan Width": 4,
                        "Actual Startup Time": 0.002,
                        "Actual Total Time": 0.002,
                        "Actual Rows": 1,
                        "Actual Loops": 618,
                        "Output": [
                            "ct.id",
                            "ct.kind"
                        ],
                        "Recheck Cond": "(ct.id = mc.company_type_id)",
                        "Rows Removed by Index Recheck": 0,
                        "Exact Heap Blocks": 618,
                        "Lossy Heap Blocks": 0,
                        "Plans": [
                            {
                                "Node Type": "Bitmap Index Scan",
                                "Parent Relationship": "Outer",
                                "Parallel Aware": false,
                                "Index Name": "company_type_pkey",
                                "Startup Cost": 0.0,
                                "Total Cost": 0.14,
                                "Plan Rows": 1,
                                "Plan Width": 0,
                                "Actual Startup Time": 0.001,
                                "Actual Total Time": 0.001,
                                "Actual Rows": 1,
                                "Actual Loops": 618,
                                "Index Cond": "(ct.id = mc.company_type_id)"
                            }
                        ]
                    }
                ]
            }
        ]
    },
    "Planning Time": 27.366,
    "Triggers": [],
    "Execution Time": 3551.149
}