[
    {
        "Bao": {
            "Bao prediction": "NaN",
            "Bao recommended hint": "(no hint)"
        }
    },
    {
        "Plan": {
            "Node Type": "Aggregate",
            "Strategy": "Plain",
            "Partial Mode": "Simple",
            "Parallel Aware": false,
            "Startup Cost": 28515.62,
            "Total Cost": 28515.63,
            "Plan Rows": 1,
            "Plan Width": 8,
            "Actual Startup Time": 84.423,
            "Actual Total Time": 84.425,
            "Actual Rows": 1,
            "Actual Loops": 1,
            "Output": [
                "count(*)"
            ],
            "Plans": [
                {
                    "Node Type": "Bitmap Heap Scan",
                    "Parent Relationship": "Outer",
                    "Parallel Aware": false,
                    "Relation Name": "movie_keyword",
                    "Schema": "public",
                    "Alias": "mk",
                    "Startup Cost": 2380.84,
                    "Total Cost": 28235.49,
                    "Plan Rows": 112052,
                    "Plan Width": 0,
                    "Actual Startup Time": 12.88,
                    "Actual Total Time": 77.503,
                    "Actual Rows": 106664,
                    "Actual Loops": 1,
                    "Recheck Cond": "(mk.keyword_id > 80818)",
                    "Rows Removed by Index Recheck": 0,
                    "Exact Heap Blocks": 17673,
                    "Lossy Heap Blocks": 0,
                    "Plans": [
                        {
                            "Node Type": "Bitmap Index Scan",
                            "Parent Relationship": "Outer",
                            "Parallel Aware": false,
                            "Index Name": "keyword_id_movie_keyword",
                            "Startup Cost": 0.0,
                            "Total Cost": 2352.82,
                            "Plan Rows": 112052,
                            "Plan Width": 0,
                            "Actual Startup Time": 9.325,
                            "Actual Total Time": 9.326,
                            "Actual Rows": 106664,
                            "Actual Loops": 1,
                            "Index Cond": "(mk.keyword_id > 80818)"
                        }
                    ]
                }
            ]
        },
        "Planning Time": 391.546,
        "Triggers": [],
        "Execution Time": 84.53
    }
]