{
  "Plan": {
    "Node Type": "Aggregate",
    "Strategy": "Plain",
    "Partial Mode": "Finalize",
    "Parallel Aware": false,
    "Startup Cost": 63656.19,
    "Total Cost": 63656.2,
    "Plan Rows": 1,
    "Plan Width": 8,
    "Actual Startup Time": 93.979,
    "Actual Total Time": 100.417,
    "Actual Rows": 1,
    "Actual Loops": 1,
    "Plans": [
      {
        "Node Type": "Gather",
        "Parent Relationship": "Outer",
        "Parallel Aware": false,
        "Startup Cost": 63656.08,
        "Total Cost": 63656.19,
        "Plan Rows": 1,
        "Plan Width": 8,
        "Actual Startup Time": 93.788,
        "Actual Total Time": 100.412,
        "Actual Rows": 2,
        "Actual Loops": 1,
        "Workers Planned": 1,
        "Workers Launched": 1,
        "Single Copy": false,
        "Plans": [
          {
            "Node Type": "Aggregate",
            "Strategy": "Plain",
            "Partial Mode": "Partial",
            "Parent Relationship": "Outer",
            "Parallel Aware": false,
            "Startup Cost": 62656.08,
            "Total Cost": 62656.09,
            "Plan Rows": 1,
            "Plan Width": 8,
            "Actual Startup Time": 87.639,
            "Actual Total Time": 87.642,
            "Actual Rows": 1,
            "Actual Loops": 2,
            "Plans": [
              {
                "Node Type": "Nested Loop",
                "Parent Relationship": "Outer",
                "Parallel Aware": false,
                "Join Type": "Inner",
                "Startup Cost": 39999.03,
                "Total Cost": 62653.53,
                "Plan Rows": 1022,
                "Plan Width": 0,
                "Actual Startup Time": 70.741,
                "Actual Total Time": 87.514,
                "Actual Rows": 2042,
                "Actual Loops": 2,
                "Inner Unique": false,
                "Plans": [
                  {
                    "Node Type": "Hash Join",
                    "Parent Relationship": "Outer",
                    "Parallel Aware": true,
                    "Join Type": "Inner",
                    "Startup Cost": 39998.59,
                    "Total Cost": 60198.63,
                    "Plan Rows": 175,
                    "Plan Width": 8,
                    "Actual Startup Time": 70.679,
                    "Actual Total Time": 82.045,
                    "Actual Rows": 114,
                    "Actual Loops": 2,
                    "Inner Unique": true,
                    "Hash Cond": "(mk.movie_id = t.id)",
                    "Plans": [
                      {
                        "Node Type": "Bitmap Heap Scan",
                        "Parent Relationship": "Outer",
                        "Parallel Aware": true,
                        "Relation Name": "movie_keyword",
                        "Alias": "mk",
                        "Startup Cost": 250.42,
                        "Total Cost": 20432.52,
                        "Plan Rows": 6830,
                        "Plan Width": 4,
                        "Actual Startup Time": 3.311,
                        "Actual Total Time": 14.288,
                        "Actual Rows": 5154,
                        "Actual Loops": 2,
                        "Recheck Cond": "(keyword_id = 870)",
                        "Rows Removed by Index Recheck": 0,
                        "Exact Heap Blocks": 6641,
                        "Lossy Heap Blocks": 0,
                        "Plans": [
                          {
                            "Node Type": "Bitmap Index Scan",
                            "Parent Relationship": "Outer",
                            "Parallel Aware": false,
                            "Index Name": "keyword_id_movie_keyword",
                            "Startup Cost": 0.0,
                            "Total Cost": 247.51,
                            "Plan Rows": 11611,
                            "Plan Width": 0,
                            "Actual Startup Time": 2.05,
                            "Actual Total Time": 2.051,
                            "Actual Rows": 10307,
                            "Actual Loops": 1,
                            "Index Cond": "(keyword_id = 870)"
                          }
                        ]
                      },
                      {
                        "Node Type": "Hash",
                        "Parent Relationship": "Inner",
                        "Parallel Aware": true,
                        "Startup Cost": 39273.33,
                        "Total Cost": 39273.33,
                        "Plan Rows": 37988,
                        "Plan Width": 4,
                        "Actual Startup Time": 64.876,
                        "Actual Total Time": 64.876,
                        "Actual Rows": 26689,
                        "Actual Loops": 2,
                        "Hash Buckets": 65536,
                        "Original Hash Buckets": 65536,
                        "Hash Batches": 1,
                        "Original Hash Batches": 1,
                        "Peak Memory Usage": 2624,
                        "Plans": [
                          {
                            "Node Type": "Bitmap Heap Scan",
                            "Parent Relationship": "Outer",
                            "Parallel Aware": true,
                            "Relation Name": "title",
                            "Alias": "t",
                            "Startup Cost": 2197.08,
                            "Total Cost": 39273.33,
                            "Plan Rows": 37988,
                            "Plan Width": 4,
                            "Actual Startup Time": 17.555,
                            "Actual Total Time": 56.612,
                            "Actual Rows": 26689,
                            "Actual Loops": 2,
                            "Recheck Cond": "(kind_id = 4)",
                            "Rows Removed by Index Recheck": 0,
                            "Filter": "(production_year < 2005)",
                            "Rows Removed by Filter": 32428,
                            "Exact Heap Blocks": 9968,
                            "Lossy Heap Blocks": 0,
                            "Plans": [
                              {
                                "Node Type": "Bitmap Index Scan",
                                "Parent Relationship": "Outer",
                                "Parallel Aware": false,
                                "Index Name": "kind_id_title",
                                "Startup Cost": 0.0,
                                "Total Cost": 2180.94,
                                "Plan Rows": 122201,
                                "Plan Width": 0,
                                "Actual Startup Time": 17.588,
                                "Actual Total Time": 17.588,
                                "Actual Rows": 118234,
                                "Actual Loops": 1,
                                "Index Cond": "(kind_id = 4)"
                              }
                            ]
                          }
                        ]
                      }
                    ]
                  },
                  {
                    "Node Type": "Index Only Scan",
                    "Parent Relationship": "Inner",
                    "Parallel Aware": false,
                    "Scan Direction": "Forward",
                    "Index Name": "movie_id_movie_info",
                    "Relation Name": "movie_info",
                    "Alias": "mi",
                    "Startup Cost": 0.43,
                    "Total Cost": 13.61,
                    "Plan Rows": 42,
                    "Plan Width": 4,
                    "Actual Startup Time": 0.013,
                    "Actual Total Time": 0.046,
                    "Actual Rows": 18,
                    "Actual Loops": 228,
                    "Index Cond": "(movie_id = t.id)",
                    "Rows Removed by Index Recheck": 0,
                    "Heap Fetches": 4083
                  }
                ]
              }
            ]
          }
        ]
      }
    ]
  },
  "Planning Time": 1.001,
  "Triggers": [],
  "Execution Time": 100.526
}