[
  {
    "Plan": {
      "Node Type": "Aggregate",
      "Strategy": "Plain",
      "Partial Mode": "Finalize",
      "Parallel Aware": false,
      "Startup Cost": 90876.51,
      "Total Cost": 90876.52,
      "Plan Rows": 1,
      "Plan Width": 8,
      "Actual Startup Time": 321.338,
      "Actual Total Time": 336.704,
      "Actual Rows": 1,
      "Actual Loops": 1,
      "Plans": [
        {
          "Node Type": "Gather",
          "Parent Relationship": "Outer",
          "Parallel Aware": false,
          "Startup Cost": 90876.19,
          "Total Cost": 90876.5,
          "Plan Rows": 3,
          "Plan Width": 8,
          "Actual Startup Time": 317.77,
          "Actual Total Time": 336.695,
          "Actual Rows": 4,
          "Actual Loops": 1,
          "Workers Planned": 3,
          "Workers Launched": 3,
          "Single Copy": false,
          "Plans": [
            {
              "Node Type": "Aggregate",
              "Strategy": "Plain",
              "Partial Mode": "Partial",
              "Parent Relationship": "Outer",
              "Parallel Aware": false,
              "Startup Cost": 89876.19,
              "Total Cost": 89876.2,
              "Plan Rows": 1,
              "Plan Width": 8,
              "Actual Startup Time": 308.862,
              "Actual Total Time": 308.866,
              "Actual Rows": 1,
              "Actual Loops": 4,
              "Plans": [
                {
                  "Node Type": "Hash Join",
                  "Parent Relationship": "Outer",
                  "Parallel Aware": true,
                  "Join Type": "Inner",
                  "Startup Cost": 45975.09,
                  "Total Cost": 89634.9,
                  "Plan Rows": 96517,
                  "Plan Width": 0,
                  "Actual Startup Time": 169.94,
                  "Actual Total Time": 307.038,
                  "Actual Rows": 40082,
                  "Actual Loops": 4,
                  "Inner Unique": true,
                  "Hash Cond": "(mk.movie_id = t.id)",
                  "Plans": [
                    {
                      "Node Type": "Seq Scan",
                      "Parent Relationship": "Outer",
                      "Parallel Aware": true,
                      "Relation Name": "movie_keyword",
                      "Alias": "mk",
                      "Startup Cost": 0.0,
                      "Total Cost": 42695.65,
                      "Plan Rows": 367298,
                      "Plan Width": 4,
                      "Actual Startup Time": 0.031,
                      "Actual Total Time": 93.115,
                      "Actual Rows": 287192,
                      "Actual Loops": 4,
                      "Filter": "(keyword_id < 1322)",
                      "Rows Removed by Filter": 843790
                    },
                    {
                      "Node Type": "Hash",
                      "Parent Relationship": "Inner",
                      "Parallel Aware": true,
                      "Startup Cost": 43898.92,
                      "Total Cost": 43898.92,
                      "Plan Rows": 166094,
                      "Plan Width": 4,
                      "Actual Startup Time": 164.648,
                      "Actual Total Time": 164.649,
                      "Actual Rows": 165516,
                      "Actual Loops": 4,
                      "Hash Buckets": 1048576,
                      "Original Hash Buckets": 1048576,
                      "Hash Batches": 1,
                      "Original Hash Batches": 1,
                      "Peak Memory Usage": 34176,
                      "Plans": [
                        {
                          "Node Type": "Seq Scan",
                          "Parent Relationship": "Outer",
                          "Parallel Aware": true,
                          "Relation Name": "title",
                          "Alias": "t",
                          "Startup Cost": 0.0,
                          "Total Cost": 43898.92,
                          "Plan Rows": 166094,
                          "Plan Width": 4,
                          "Actual Startup Time": 0.045,
                          "Actual Total Time": 100.404,
                          "Actual Rows": 165516,
                          "Actual Loops": 4,
                          "Filter": "(production_year > 2008)",
                          "Rows Removed by Filter": 466562
                        }
                      ]
                    }
                  ]
                }
              ]
            }
          ]
        }
      ]
    },
    "Planning Time": 0.619,
    "Triggers": [],
    "Execution Time": 336.775
  }
]