{
  "Plan": {
    "Node Type": "Aggregate",
    "Strategy": "Plain",
    "Partial Mode": "Finalize",
    "Parallel Aware": false,
    "Startup Cost": 125165.27,
    "Total Cost": 125165.28,
    "Plan Rows": 1,
    "Plan Width": 8,
    "Actual Startup Time": 574.785,
    "Actual Total Time": 618.433,
    "Actual Rows": 1,
    "Actual Loops": 1,
    "Plans": [
      {
        "Node Type": "Gather",
        "Parent Relationship": "Outer",
        "Parallel Aware": false,
        "Startup Cost": 125165.15,
        "Total Cost": 125165.26,
        "Plan Rows": 1,
        "Plan Width": 8,
        "Actual Startup Time": 574.623,
        "Actual Total Time": 618.426,
        "Actual Rows": 2,
        "Actual Loops": 1,
        "Workers Planned": 1,
        "Workers Launched": 1,
        "Single Copy": false,
        "Plans": [
          {
            "Node Type": "Aggregate",
            "Strategy": "Plain",
            "Partial Mode": "Partial",
            "Parent Relationship": "Outer",
            "Parallel Aware": false,
            "Startup Cost": 124165.15,
            "Total Cost": 124165.16,
            "Plan Rows": 1,
            "Plan Width": 8,
            "Actual Startup Time": 568.488,
            "Actual Total Time": 568.491,
            "Actual Rows": 1,
            "Actual Loops": 2,
            "Plans": [
              {
                "Node Type": "Nested Loop",
                "Parent Relationship": "Outer",
                "Parallel Aware": false,
                "Join Type": "Inner",
                "Startup Cost": 54771.64,
                "Total Cost": 123973.57,
                "Plan Rows": 76633,
                "Plan Width": 0,
                "Actual Startup Time": 139.601,
                "Actual Total Time": 556.291,
                "Actual Rows": 270550,
                "Actual Loops": 2,
                "Inner Unique": false,
                "Join Filter": "(t.id = mi.movie_id)",
                "Rows Removed by Join Filter": 0,
                "Plans": [
                  {
                    "Node Type": "Hash Join",
                    "Parent Relationship": "Outer",
                    "Parallel Aware": true,
                    "Join Type": "Inner",
                    "Startup Cost": 54771.2,
                    "Total Cost": 92937.83,
                    "Plan Rows": 15092,
                    "Plan Width": 8,
                    "Actual Startup Time": 139.537,
                    "Actual Total Time": 354.939,
                    "Actual Rows": 12464,
                    "Actual Loops": 2,
                    "Inner Unique": true,
                    "Hash Cond": "(mc.movie_id = t.id)",
                    "Plans": [
                      {
                        "Node Type": "Seq Scan",
                        "Parent Relationship": "Outer",
                        "Parallel Aware": true,
                        "Relation Name": "movie_companies",
                        "Alias": "mc",
                        "Startup Cost": 0.0,
                        "Total Cost": 34137.82,
                        "Plan Rows": 1534782,
                        "Plan Width": 4,
                        "Actual Startup Time": 0.013,
                        "Actual Total Time": 95.448,
                        "Actual Rows": 1304564,
                        "Actual Loops": 2
                      },
                      {
                        "Node Type": "Hash",
                        "Parent Relationship": "Inner",
                        "Parallel Aware": true,
                        "Startup Cost": 54588.39,
                        "Total Cost": 54588.39,
                        "Plan Rows": 14625,
                        "Plan Width": 4,
                        "Actual Startup Time": 138.147,
                        "Actual Total Time": 138.148,
                        "Actual Rows": 11900,
                        "Actual Loops": 2,
                        "Hash Buckets": 32768,
                        "Original Hash Buckets": 32768,
                        "Hash Batches": 1,
                        "Original Hash Batches": 1,
                        "Peak Memory Usage": 1216,
                        "Plans": [
                          {
                            "Node Type": "Seq Scan",
                            "Parent Relationship": "Outer",
                            "Parallel Aware": true,
                            "Relation Name": "title",
                            "Alias": "t",
                            "Startup Cost": 0.0,
                            "Total Cost": 54588.39,
                            "Plan Rows": 14625,
                            "Plan Width": 4,
                            "Actual Startup Time": 0.068,
                            "Actual Total Time": 134.027,
                            "Actual Rows": 11900,
                            "Actual Loops": 2,
                            "Filter": "(production_year = 1991)",
                            "Rows Removed by Filter": 1252256
                          }
                        ]
                      }
                    ]
                  },
                  {
                    "Node Type": "Index Scan",
                    "Parent Relationship": "Inner",
                    "Parallel Aware": false,
                    "Scan Direction": "Forward",
                    "Index Name": "movie_id_movie_info",
                    "Relation Name": "movie_info",
                    "Alias": "mi",
                    "Startup Cost": 0.43,
                    "Total Cost": 1.61,
                    "Plan Rows": 36,
                    "Plan Width": 4,
                    "Actual Startup Time": 0.004,
                    "Actual Total Time": 0.014,
                    "Actual Rows": 22,
                    "Actual Loops": 24927,
                    "Index Cond": "(movie_id = mc.movie_id)",
                    "Rows Removed by Index Recheck": 0,
                    "Filter": "(info_type_id < 18)",
                    "Rows Removed by Filter": 11
                  }
                ]
              }
            ]
          }
        ]
      }
    ]
  },
  "Planning Time": 0.983,
  "Triggers": [],
  "Execution Time": 618.527
}