[
  {
    "Plan": {
      "Node Type": "Aggregate",
      "Strategy": "Plain",
      "Partial Mode": "Finalize",
      "Parallel Aware": false,
      "Startup Cost": 46482.58,
      "Total Cost": 46482.59,
      "Plan Rows": 1,
      "Plan Width": 8,
      "Actual Startup Time": 86.511,
      "Actual Total Time": 98.538,
      "Actual Rows": 1,
      "Actual Loops": 1,
      "Plans": [
        {
          "Node Type": "Gather",
          "Parent Relationship": "Outer",
          "Parallel Aware": false,
          "Startup Cost": 46482.16,
          "Total Cost": 46482.57,
          "Plan Rows": 4,
          "Plan Width": 8,
          "Actual Startup Time": 86.229,
          "Actual Total Time": 98.527,
          "Actual Rows": 5,
          "Actual Loops": 1,
          "Workers Planned": 4,
          "Workers Launched": 4,
          "Single Copy": false,
          "Plans": [
            {
              "Node Type": "Aggregate",
              "Strategy": "Plain",
              "Partial Mode": "Partial",
              "Parent Relationship": "Outer",
              "Parallel Aware": false,
              "Startup Cost": 45482.16,
              "Total Cost": 45482.17,
              "Plan Rows": 1,
              "Plan Width": 8,
              "Actual Startup Time": 79.837,
              "Actual Total Time": 79.838,
              "Actual Rows": 1,
              "Actual Loops": 5,
              "Plans": [
                {
                  "Node Type": "Seq Scan",
                  "Parent Relationship": "Outer",
                  "Parallel Aware": true,
                  "Relation Name": "title",
                  "Alias": "t",
                  "Startup Cost": 0.0,
                  "Total Cost": 45479.59,
                  "Plan Rows": 1028,
                  "Plan Width": 0,
                  "Actual Startup Time": 2.096,
                  "Actual Total Time": 79.719,
                  "Actual Rows": 919,
                  "Actual Loops": 5,
                  "Filter": "((kind_id < 7) AND (production_year = 1963))",
                  "Rows Removed by Filter": 504744
                }
              ]
            }
          ]
        }
      ]
    },
    "Planning Time": 0.086,
    "Triggers": [],
    "Execution Time": 98.57
  }
]