[
  {
    "Plan": {
      "Node Type": "Aggregate",
      "Strategy": "Plain",
      "Partial Mode": "Finalize",
      "Parallel Aware": false,
      "Startup Cost": 301517.35,
      "Total Cost": 301517.36,
      "Plan Rows": 1,
      "Plan Width": 8,
      "Actual Startup Time": 209.205,
      "Actual Total Time": 217.884,
      "Actual Rows": 1,
      "Actual Loops": 1,
      "Plans": [
        {
          "Node Type": "Gather",
          "Parent Relationship": "Outer",
          "Parallel Aware": false,
          "Startup Cost": 301516.72,
          "Total Cost": 301517.33,
          "Plan Rows": 6,
          "Plan Width": 8,
          "Actual Startup Time": 208.611,
          "Actual Total Time": 217.876,
          "Actual Rows": 7,
          "Actual Loops": 1,
          "Workers Planned": 6,
          "Workers Launched": 6,
          "Single Copy": false,
          "Plans": [
            {
              "Node Type": "Aggregate",
              "Strategy": "Plain",
              "Partial Mode": "Partial",
              "Parent Relationship": "Outer",
              "Parallel Aware": false,
              "Startup Cost": 300516.72,
              "Total Cost": 300516.73,
              "Plan Rows": 1,
              "Plan Width": 8,
              "Actual Startup Time": 199.509,
              "Actual Total Time": 199.511,
              "Actual Rows": 1,
              "Actual Loops": 7,
              "Plans": [
                {
                  "Node Type": "Bitmap Heap Scan",
                  "Parent Relationship": "Outer",
                  "Parallel Aware": true,
                  "Relation Name": "cast_info",
                  "Alias": "ci",
                  "Startup Cost": 42476.0,
                  "Total Cost": 299989.34,
                  "Plan Rows": 210954,
                  "Plan Width": 0,
                  "Actual Startup Time": 92.974,
                  "Actual Total Time": 185.378,
                  "Actual Rows": 265851,
                  "Actual Loops": 7,
                  "Recheck Cond": "(person_id > 3694523)",
                  "Rows Removed by Index Recheck": 0,
                  "Filter": "(role_id > 1)",
                  "Rows Removed by Filter": 0,
                  "Exact Heap Blocks": 6565,
                  "Lossy Heap Blocks": 0,
                  "Plans": [
                    {
                      "Node Type": "Bitmap Index Scan",
                      "Parent Relationship": "Outer",
                      "Parallel Aware": false,
                      "Index Name": "person_id_cast_info",
                      "Startup Cost": 0.0,
                      "Total Cost": 42159.57,
                      "Plan Rows": 1930534,
                      "Plan Width": 0,
                      "Actual Startup Time": 96.9,
                      "Actual Total Time": 96.9,
                      "Actual Rows": 1860956,
                      "Actual Loops": 1,
                      "Index Cond": "(person_id > 3694523)"
                    }
                  ]
                }
              ]
            }
          ]
        }
      ]
    },
    "Planning Time": 0.223,
    "Triggers": [],
    "Execution Time": 217.959
  }
]