[
  {
    "Plan": {
      "Node Type": "Aggregate",
      "Strategy": "Plain",
      "Partial Mode": "Finalize",
      "Parallel Aware": false,
      "Startup Cost": 47000.76,
      "Total Cost": 47000.77,
      "Plan Rows": 1,
      "Plan Width": 8,
      "Actual Startup Time": 104.419,
      "Actual Total Time": 116.258,
      "Actual Rows": 1,
      "Actual Loops": 1,
      "Plans": [
        {
          "Node Type": "Gather",
          "Parent Relationship": "Outer",
          "Parallel Aware": false,
          "Startup Cost": 47000.34,
          "Total Cost": 47000.75,
          "Plan Rows": 4,
          "Plan Width": 8,
          "Actual Startup Time": 104.215,
          "Actual Total Time": 116.245,
          "Actual Rows": 5,
          "Actual Loops": 1,
          "Workers Planned": 4,
          "Workers Launched": 4,
          "Single Copy": false,
          "Plans": [
            {
              "Node Type": "Aggregate",
              "Strategy": "Plain",
              "Partial Mode": "Partial",
              "Parent Relationship": "Outer",
              "Parallel Aware": false,
              "Startup Cost": 46000.34,
              "Total Cost": 46000.35,
              "Plan Rows": 1,
              "Plan Width": 8,
              "Actual Startup Time": 97.396,
              "Actual Total Time": 97.397,
              "Actual Rows": 1,
              "Actual Loops": 5,
              "Plans": [
                {
                  "Node Type": "Seq Scan",
                  "Parent Relationship": "Outer",
                  "Parallel Aware": true,
                  "Relation Name": "title",
                  "Alias": "t",
                  "Startup Cost": 0.0,
                  "Total Cost": 45479.59,
                  "Plan Rows": 208302,
                  "Plan Width": 0,
                  "Actual Startup Time": 0.036,
                  "Actual Total Time": 89.37,
                  "Actual Rows": 148464,
                  "Actual Loops": 5,
                  "Filter": "((kind_id > 1) AND (production_year < 2002))",
                  "Rows Removed by Filter": 357199
                }
              ]
            }
          ]
        }
      ]
    },
    "Planning Time": 0.191,
    "Triggers": [],
    "Execution Time": 116.316
  }
]