{
    "Plan": {
        "Node Type": "Aggregate",
        "Strategy": "Plain",
        "Partial Mode": "Finalize",
        "Parallel Aware": false,
        "Startup Cost": 125438.09,
        "Total Cost": 125438.1,
        "Plan Rows": 1,
        "Plan Width": 8,
        "Actual Startup Time": 311.314,
        "Actual Total Time": 337.316,
        "Actual Rows": 1,
        "Actual Loops": 1,
        "Output": [
            "count(*)"
        ],
        "Plans": [
            {
                "Node Type": "Gather",
                "Parent Relationship": "Outer",
                "Parallel Aware": false,
                "Startup Cost": 125437.77,
                "Total Cost": 125438.08,
                "Plan Rows": 3,
                "Plan Width": 8,
                "Actual Startup Time": 310.972,
                "Actual Total Time": 337.304,
                "Actual Rows": 4,
                "Actual Loops": 1,
                "Output": [
                    "(PARTIAL count(*))"
                ],
                "Workers Planned": 3,
                "Workers Launched": 3,
                "Single Copy": false,
                "Plans": [
                    {
                        "Node Type": "Aggregate",
                        "Strategy": "Plain",
                        "Partial Mode": "Partial",
                        "Parent Relationship": "Outer",
                        "Parallel Aware": false,
                        "Startup Cost": 124437.77,
                        "Total Cost": 124437.78,
                        "Plan Rows": 1,
                        "Plan Width": 8,
                        "Actual Startup Time": 301.453,
                        "Actual Total Time": 301.458,
                        "Actual Rows": 1,
                        "Actual Loops": 4,
                        "Output": [
                            "PARTIAL count(*)"
                        ],
                        "Workers": [
                            {
                                "Worker Number": 0,
                                "Actual Startup Time": 297.932,
                                "Actual Total Time": 297.936,
                                "Actual Rows": 1,
                                "Actual Loops": 1
                            },
                            {
                                "Worker Number": 1,
                                "Actual Startup Time": 298.773,
                                "Actual Total Time": 298.776,
                                "Actual Rows": 1,
                                "Actual Loops": 1
                            },
                            {
                                "Worker Number": 2,
                                "Actual Startup Time": 298.931,
                                "Actual Total Time": 298.935,
                                "Actual Rows": 1,
                                "Actual Loops": 1
                            }
                        ],
                        "Plans": [
                            {
                                "Node Type": "Nested Loop",
                                "Parent Relationship": "Outer",
                                "Parallel Aware": false,
                                "Join Type": "Inner",
                                "Startup Cost": 45656.56,
                                "Total Cost": 124209.36,
                                "Plan Rows": 91362,
                                "Plan Width": 0,
                                "Actual Startup Time": 108.43,
                                "Actual Total Time": 299.829,
                                "Actual Rows": 36647,
                                "Actual Loops": 4,
                                "Inner Unique": false,
                                "Join Filter": "(t.id = mi.movie_id)",
                                "Rows Removed by Join Filter": 0,
                                "Workers": [
                                    {
                                        "Worker Number": 0,
                                        "Actual Startup Time": 104.733,
                                        "Actual Total Time": 296.413,
                                        "Actual Rows": 34657,
                                        "Actual Loops": 1
                                    },
                                    {
                                        "Worker Number": 1,
                                        "Actual Startup Time": 105.668,
                                        "Actual Total Time": 297.343,
                                        "Actual Rows": 31052,
                                        "Actual Loops": 1
                                    },
                                    {
                                        "Worker Number": 2,
                                        "Actual Startup Time": 106.064,
                                        "Actual Total Time": 297.494,
                                        "Actual Rows": 31524,
                                        "Actual Loops": 1
                                    }
                                ],
                                "Plans": [
                                    {
                                        "Node Type": "Hash Join",
                                        "Parent Relationship": "Outer",
                                        "Parallel Aware": true,
                                        "Join Type": "Inner",
                                        "Startup Cost": 45656.12,
                                        "Total Cost": 90285.94,
                                        "Plan Rows": 16499,
                                        "Plan Width": 8,
                                        "Actual Startup Time": 108.332,
                                        "Actual Total Time": 272.438,
                                        "Actual Rows": 3532,
                                        "Actual Loops": 4,
                                        "Output": [
                                            "t.id",
                                            "mk.movie_id"
                                        ],
                                        "Inner Unique": true,
                                        "Hash Cond": "(mk.movie_id = t.id)",
                                        "Workers": [
                                            {
                                                "Worker Number": 0,
                                                "Actual Startup Time": 104.606,
                                                "Actual Total Time": 267.674,
                                                "Actual Rows": 3182,
                                                "Actual Loops": 1
                                            },
                                            {
                                                "Worker Number": 1,
                                                "Actual Startup Time": 105.532,
                                                "Actual Total Time": 270.537,
                                                "Actual Rows": 3435,
                                                "Actual Loops": 1
                                            },
                                            {
                                                "Worker Number": 2,
                                                "Actual Startup Time": 105.966,
                                                "Actual Total Time": 270.523,
                                                "Actual Rows": 3148,
                                                "Actual Loops": 1
                                            }
                                        ],
                                        "Plans": [
                                            {
                                                "Node Type": "Seq Scan",
                                                "Parent Relationship": "Outer",
                                                "Parallel Aware": true,
                                                "Relation Name": "movie_keyword",
                                                "Schema": "public",
                                                "Alias": "mk",
                                                "Startup Cost": 0.0,
                                                "Total Cost": 42695.65,
                                                "Plan Rows": 736827,
                                                "Plan Width": 4,
                                                "Actual Startup Time": 0.235,
                                                "Actual Total Time": 119.546,
                                                "Actual Rows": 569849,
                                                "Actual Loops": 4,
                                                "Output": [
                                                    "mk.id",
                                                    "mk.movie_id",
                                                    "mk.keyword_id"
                                                ],
                                                "Filter": "(mk.keyword_id > 4619)",
                                                "Rows Removed by Filter": 561134,
                                                "Workers": [
                                                    {
                                                        "Worker Number": 0,
                                                        "Actual Startup Time": 0.181,
                                                        "Actual Total Time": 118.827,
                                                        "Actual Rows": 546632,
                                                        "Actual Loops": 1
                                                    },
                                                    {
                                                        "Worker Number": 1,
                                                        "Actual Startup Time": 0.266,
                                                        "Actual Total Time": 122.322,
                                                        "Actual Rows": 534289,
                                                        "Actual Loops": 1
                                                    },
                                                    {
                                                        "Worker Number": 2,
                                                        "Actual Startup Time": 0.185,
                                                        "Actual Total Time": 122.147,
                                                        "Actual Rows": 531248,
                                                        "Actual Loops": 1
                                                    }
                                                ]
                                            },
                                            {
                                                "Node Type": "Hash",
                                                "Parent Relationship": "Inner",
                                                "Parallel Aware": true,
                                                "Startup Cost": 45479.21,
                                                "Total Cost": 45479.21,
                                                "Plan Rows": 14153,
                                                "Plan Width": 4,
                                                "Actual Startup Time": 106.334,
                                                "Actual Total Time": 106.335,
                                                "Actual Rows": 15688,
                                                "Actual Loops": 4,
                                                "Output": [
                                                    "t.id"
                                                ],
                                                "Hash Buckets": 65536,
                                                "Original Hash Buckets": 65536,
                                                "Hash Batches": 1,
                                                "Original Hash Batches": 1,
                                                "Peak Memory Usage": 3040,
                                                "Workers": [
                                                    {
                                                        "Worker Number": 0,
                                                        "Actual Startup Time": 103.755,
                                                        "Actual Total Time": 103.755,
                                                        "Actual Rows": 13585,
                                                        "Actual Loops": 1
                                                    },
                                                    {
                                                        "Worker Number": 1,
                                                        "Actual Startup Time": 104.722,
                                                        "Actual Total Time": 104.723,
                                                        "Actual Rows": 13567,
                                                        "Actual Loops": 1
                                                    },
                                                    {
                                                        "Worker Number": 2,
                                                        "Actual Startup Time": 104.847,
                                                        "Actual Total Time": 104.848,
                                                        "Actual Rows": 13388,
                                                        "Actual Loops": 1
                                                    }
                                                ],
                                                "Plans": [
                                                    {
                                                        "Node Type": "Seq Scan",
                                                        "Parent Relationship": "Outer",
                                                        "Parallel Aware": true,
                                                        "Relation Name": "title",
                                                        "Schema": "public",
                                                        "Alias": "t",
                                                        "Startup Cost": 0.0,
                                                        "Total Cost": 45479.21,
                                                        "Plan Rows": 14153,
                                                        "Plan Width": 4,
                                                        "Actual Startup Time": 0.069,
                                                        "Actual Total Time": 99.484,
                                                        "Actual Rows": 15688,
                                                        "Actual Loops": 4,
                                                        "Output": [
                                                            "t.id"
                                                        ],
                                                        "Filter": "((t.kind_id = 7) AND (t.production_year = 2005))",
                                                        "Rows Removed by Filter": 616390,
                                                        "Workers": [
                                                            {
                                                                "Worker Number": 0,
                                                                "Actual Startup Time": 0.064,
                                                                "Actual Total Time": 96.424,
                                                                "Actual Rows": 13585,
                                                                "Actual Loops": 1
                                                            },
                                                            {
                                                                "Worker Number": 1,
                                                                "Actual Startup Time": 0.116,
                                                                "Actual Total Time": 98.232,
                                                                "Actual Rows": 13567,
                                                                "Actual Loops": 1
                                                            },
                                                            {
                                                                "Worker Number": 2,
                                                                "Actual Startup Time": 0.069,
                                                                "Actual Total Time": 98.438,
                                                                "Actual Rows": 13388,
                                                                "Actual Loops": 1
                                                            }
                                                        ]
                                                    }
                                                ]
                                            }
                                        ]
                                    },
                                    {
                                        "Node Type": "Index Scan",
                                        "Parent Relationship": "Inner",
                                        "Parallel Aware": false,
                                        "Scan Direction": "Forward",
                                        "Index Name": "movie_id_movie_info",
                                        "Relation Name": "movie_info",
                                        "Schema": "public",
                                        "Alias": "mi",
                                        "Startup Cost": 0.43,
                                        "Total Cost": 1.59,
                                        "Plan Rows": 37,
                                        "Plan Width": 4,
                                        "Actual Startup Time": 0.003,
                                        "Actual Total Time": 0.007,
                                        "Actual Rows": 10,
                                        "Actual Loops": 14128,
                                        "Output": [
                                            "mi.id",
                                            "mi.movie_id",
                                            "mi.info_type_id",
                                            "mi.info",
                                            "mi.note"
                                        ],
                                        "Index Cond": "(mi.movie_id = mk.movie_id)",
                                        "Rows Removed by Index Recheck": 0,
                                        "Filter": "(mi.info_type_id > 1)",
                                        "Rows Removed by Filter": 0,
                                        "Workers": [
                                            {
                                                "Worker Number": 0,
                                                "Actual Startup Time": 0.003,
                                                "Actual Total Time": 0.008,
                                                "Actual Rows": 11,
                                                "Actual Loops": 3182
                                            },
                                            {
                                                "Worker Number": 1,
                                                "Actual Startup Time": 0.003,
                                                "Actual Total Time": 0.007,
                                                "Actual Rows": 9,
                                                "Actual Loops": 3435
                                            },
                                            {
                                                "Worker Number": 2,
                                                "Actual Startup Time": 0.003,
                                                "Actual Total Time": 0.008,
                                                "Actual Rows": 10,
                                                "Actual Loops": 3148
                                            }
                                        ]
                                    }
                                ]
                            }
                        ]
                    }
                ]
            }
        ]
    },
    "Planning Time": 1.749,
    "Triggers": [],
    "Execution Time": 337.426
}