[
  {
    "Plan": {
      "Node Type": "Aggregate",
      "Strategy": "Plain",
      "Partial Mode": "Finalize",
      "Parallel Aware": false,
      "Startup Cost": 714777.09,
      "Total Cost": 714777.1,
      "Plan Rows": 1,
      "Plan Width": 8,
      "Actual Startup Time": 11407.222,
      "Actual Total Time": 11491.859,
      "Actual Rows": 1,
      "Actual Loops": 1,
      "Plans": [
        {
          "Node Type": "Gather",
          "Parent Relationship": "Outer",
          "Parallel Aware": false,
          "Startup Cost": 714776.46,
          "Total Cost": 714777.07,
          "Plan Rows": 6,
          "Plan Width": 8,
          "Actual Startup Time": 11313.669,
          "Actual Total Time": 11491.844,
          "Actual Rows": 7,
          "Actual Loops": 1,
          "Workers Planned": 6,
          "Workers Launched": 6,
          "Single Copy": false,
          "Plans": [
            {
              "Node Type": "Aggregate",
              "Strategy": "Plain",
              "Partial Mode": "Partial",
              "Parent Relationship": "Outer",
              "Parallel Aware": false,
              "Startup Cost": 713776.46,
              "Total Cost": 713776.47,
              "Plan Rows": 1,
              "Plan Width": 8,
              "Actual Startup Time": 11267.755,
              "Actual Total Time": 11269.898,
              "Actual Rows": 1,
              "Actual Loops": 7,
              "Plans": [
                {
                  "Node Type": "Hash Join",
                  "Parent Relationship": "Outer",
                  "Parallel Aware": true,
                  "Join Type": "Inner",
                  "Startup Cost": 276988.21,
                  "Total Cost": 661814.67,
                  "Plan Rows": 20784718,
                  "Plan Width": 0,
                  "Actual Startup Time": 1579.603,
                  "Actual Total Time": 9403.413,
                  "Actual Rows": 47529287,
                  "Actual Loops": 7,
                  "Inner Unique": false,
                  "Hash Cond": "(ci.movie_id = t.id)",
                  "Plans": [
                    {
                      "Node Type": "Seq Scan",
                      "Parent Relationship": "Outer",
                      "Parallel Aware": true,
                      "Relation Name": "cast_info",
                      "Alias": "ci",
                      "Startup Cost": 0.0,
                      "Total Cost": 313067.02,
                      "Plan Rows": 6038002,
                      "Plan Width": 4,
                      "Actual Startup Time": 0.02,
                      "Actual Total Time": 524.034,
                      "Actual Rows": 5177763,
                      "Actual Loops": 7
                    },
                    {
                      "Node Type": "Hash",
                      "Parent Relationship": "Inner",
                      "Parallel Aware": true,
                      "Startup Cost": 255230.24,
                      "Total Cost": 255230.24,
                      "Plan Rows": 1740637,
                      "Plan Width": 8,
                      "Actual Startup Time": 1563.342,
                      "Actual Total Time": 1565.484,
                      "Actual Rows": 1273796,
                      "Actual Loops": 7,
                      "Hash Buckets": 16777216,
                      "Original Hash Buckets": 16777216,
                      "Hash Batches": 1,
                      "Original Hash Batches": 1,
                      "Peak Memory Usage": 480000,
                      "Plans": [
                        {
                          "Node Type": "Hash Join",
                          "Parent Relationship": "Outer",
                          "Parallel Aware": true,
                          "Join Type": "Inner",
                          "Startup Cost": 51575.17,
                          "Total Cost": 255230.24,
                          "Plan Rows": 1740637,
                          "Plan Width": 8,
                          "Actual Startup Time": 273.037,
                          "Actual Total Time": 1059.38,
                          "Actual Rows": 1273796,
                          "Actual Loops": 7,
                          "Inner Unique": true,
                          "Hash Cond": "(mi.movie_id = t.id)",
                          "Plans": [
                            {
                              "Node Type": "Seq Scan",
                              "Parent Relationship": "Outer",
                              "Parallel Aware": true,
                              "Relation Name": "movie_info",
                              "Alias": "mi",
                              "Startup Cost": 0.0,
                              "Total Cost": 198952.16,
                              "Plan Rows": 1791583,
                              "Plan Width": 4,
                              "Actual Startup Time": 15.859,
                              "Actual Total Time": 336.225,
                              "Actual Rows": 1278680,
                              "Actual Loops": 7,
                              "Filter": "(info_type_id > 6)",
                              "Rows Removed by Filter": 840709
                            },
                            {
                              "Node Type": "Hash",
                              "Parent Relationship": "Inner",
                              "Parallel Aware": true,
                              "Startup Cost": 43898.92,
                              "Total Cost": 43898.92,
                              "Plan Rows": 614100,
                              "Plan Width": 4,
                              "Actual Startup Time": 253.672,
                              "Actual Total Time": 253.673,
                              "Actual Rows": 350553,
                              "Actual Loops": 7,
                              "Hash Buckets": 4194304,
                              "Original Hash Buckets": 4194304,
                              "Hash Batches": 1,
                              "Original Hash Batches": 1,
                              "Peak Memory Usage": 128864,
                              "Plans": [
                                {
                                  "Node Type": "Seq Scan",
                                  "Parent Relationship": "Outer",
                                  "Parallel Aware": true,
                                  "Relation Name": "title",
                                  "Alias": "t",
                                  "Startup Cost": 0.0,
                                  "Total Cost": 43898.92,
                                  "Plan Rows": 614100,
                                  "Plan Width": 4,
                                  "Actual Startup Time": 0.052,
                                  "Actual Total Time": 86.135,
                                  "Actual Rows": 350553,
                                  "Actual Loops": 7,
                                  "Filter": "(production_year > 1897)",
                                  "Rows Removed by Filter": 10634
                                }
                              ]
                            }
                          ]
                        }
                      ]
                    }
                  ]
                }
              ]
            }
          ]
        }
      ]
    },
    "Planning Time": 1.317,
    "Triggers": [],
    "Execution Time": 11491.951
  }
]