[
  {
    "Plan": {
      "Node Type": "Aggregate",
      "Strategy": "Plain",
      "Partial Mode": "Finalize",
      "Parallel Aware": false,
      "Startup Cost": 30871.1,
      "Total Cost": 30871.11,
      "Plan Rows": 1,
      "Plan Width": 8,
      "Actual Startup Time": 91.515,
      "Actual Total Time": 99.195,
      "Actual Rows": 1,
      "Actual Loops": 1,
      "Plans": [
        {
          "Node Type": "Gather",
          "Parent Relationship": "Outer",
          "Parallel Aware": false,
          "Startup Cost": 30870.78,
          "Total Cost": 30871.09,
          "Plan Rows": 3,
          "Plan Width": 8,
          "Actual Startup Time": 91.418,
          "Actual Total Time": 99.188,
          "Actual Rows": 4,
          "Actual Loops": 1,
          "Workers Planned": 3,
          "Workers Launched": 3,
          "Single Copy": false,
          "Plans": [
            {
              "Node Type": "Aggregate",
              "Strategy": "Plain",
              "Partial Mode": "Partial",
              "Parent Relationship": "Outer",
              "Parallel Aware": false,
              "Startup Cost": 29870.78,
              "Total Cost": 29870.79,
              "Plan Rows": 1,
              "Plan Width": 8,
              "Actual Startup Time": 84.458,
              "Actual Total Time": 84.459,
              "Actual Rows": 1,
              "Actual Loops": 4,
              "Plans": [
                {
                  "Node Type": "Seq Scan",
                  "Parent Relationship": "Outer",
                  "Parallel Aware": true,
                  "Relation Name": "movie_companies",
                  "Alias": "mc",
                  "Startup Cost": 0.0,
                  "Total Cost": 29310.68,
                  "Plan Rows": 224040,
                  "Plan Width": 0,
                  "Actual Startup Time": 33.13,
                  "Actual Total Time": 77.229,
                  "Actual Rows": 177600,
                  "Actual Loops": 4,
                  "Filter": "(company_id > 43863)",
                  "Rows Removed by Filter": 474682
                }
              ]
            }
          ]
        }
      ]
    },
    "Planning Time": 0.193,
    "Triggers": [],
    "Execution Time": 99.251
  }
]