[
    {
        "Bao": {
            "Bao prediction": "NaN",
            "Bao recommended hint": "(no hint)"
        }
    },
    {
        "Plan": {
            "Node Type": "Aggregate",
            "Strategy": "Plain",
            "Partial Mode": "Finalize",
            "Parallel Aware": false,
            "Startup Cost": 285459.81,
            "Total Cost": 285459.82,
            "Plan Rows": 1,
            "Plan Width": 8,
            "Actual Startup Time": 2071.235,
            "Actual Total Time": 2098.101,
            "Actual Rows": 1,
            "Actual Loops": 1,
            "Output": [
                "count(*)"
            ],
            "Plans": [
                {
                    "Node Type": "Gather",
                    "Parent Relationship": "Outer",
                    "Parallel Aware": false,
                    "Startup Cost": 285459.28,
                    "Total Cost": 285459.79,
                    "Plan Rows": 5,
                    "Plan Width": 8,
                    "Actual Startup Time": 2053.191,
                    "Actual Total Time": 2098.089,
                    "Actual Rows": 6,
                    "Actual Loops": 1,
                    "Output": [
                        "(PARTIAL count(*))"
                    ],
                    "Workers Planned": 5,
                    "Workers Launched": 5,
                    "Single Copy": false,
                    "Plans": [
                        {
                            "Node Type": "Aggregate",
                            "Strategy": "Plain",
                            "Partial Mode": "Partial",
                            "Parent Relationship": "Outer",
                            "Parallel Aware": false,
                            "Startup Cost": 284459.28,
                            "Total Cost": 284459.29,
                            "Plan Rows": 1,
                            "Plan Width": 8,
                            "Actual Startup Time": 2043.59,
                            "Actual Total Time": 2043.796,
                            "Actual Rows": 1,
                            "Actual Loops": 6,
                            "Output": [
                                "PARTIAL count(*)"
                            ],
                            "Workers": [
                                {
                                    "Worker Number": 0,
                                    "Actual Startup Time": 2040.961,
                                    "Actual Total Time": 2040.966,
                                    "Actual Rows": 1,
                                    "Actual Loops": 1
                                },
                                {
                                    "Worker Number": 1,
                                    "Actual Startup Time": 2040.967,
                                    "Actual Total Time": 2040.971,
                                    "Actual Rows": 1,
                                    "Actual Loops": 1
                                },
                                {
                                    "Worker Number": 2,
                                    "Actual Startup Time": 2041.459,
                                    "Actual Total Time": 2041.464,
                                    "Actual Rows": 1,
                                    "Actual Loops": 1
                                },
                                {
                                    "Worker Number": 3,
                                    "Actual Startup Time": 2042.928,
                                    "Actual Total Time": 2042.933,
                                    "Actual Rows": 1,
                                    "Actual Loops": 1
                                },
                                {
                                    "Worker Number": 4,
                                    "Actual Startup Time": 2042.402,
                                    "Actual Total Time": 2042.408,
                                    "Actual Rows": 1,
                                    "Actual Loops": 1
                                }
                            ],
                            "Plans": [
                                {
                                    "Node Type": "Hash Join",
                                    "Parent Relationship": "Outer",
                                    "Parallel Aware": true,
                                    "Join Type": "Inner",
                                    "Startup Cost": 78488.47,
                                    "Total Cost": 282974.21,
                                    "Plan Rows": 594028,
                                    "Plan Width": 0,
                                    "Actual Startup Time": 378.576,
                                    "Actual Total Time": 1721.663,
                                    "Actual Rows": 7121839,
                                    "Actual Loops": 6,
                                    "Inner Unique": false,
                                    "Hash Cond": "(mi.movie_id = t.id)",
                                    "Workers": [
                                        {
                                            "Worker Number": 0,
                                            "Actual Startup Time": 376.151,
                                            "Actual Total Time": 1727.533,
                                            "Actual Rows": 8098611,
                                            "Actual Loops": 1
                                        },
                                        {
                                            "Worker Number": 1,
                                            "Actual Startup Time": 376.086,
                                            "Actual Total Time": 1730.039,
                                            "Actual Rows": 8039447,
                                            "Actual Loops": 1
                                        },
                                        {
                                            "Worker Number": 2,
                                            "Actual Startup Time": 376.61,
                                            "Actual Total Time": 1712.403,
                                            "Actual Rows": 5299865,
                                            "Actual Loops": 1
                                        },
                                        {
                                            "Worker Number": 3,
                                            "Actual Startup Time": 377.019,
                                            "Actual Total Time": 1730.562,
                                            "Actual Rows": 8075799,
                                            "Actual Loops": 1
                                        },
                                        {
                                            "Worker Number": 4,
                                            "Actual Startup Time": 377.632,
                                            "Actual Total Time": 1716.436,
                                            "Actual Rows": 5174202,
                                            "Actual Loops": 1
                                        }
                                    ],
                                    "Plans": [
                                        {
                                            "Node Type": "Seq Scan",
                                            "Parent Relationship": "Outer",
                                            "Parallel Aware": true,
                                            "Relation Name": "movie_info",
                                            "Schema": "public",
                                            "Alias": "mi",
                                            "Startup Cost": 0.0,
                                            "Total Cost": 191503.19,
                                            "Plan Rows": 2951019,
                                            "Plan Width": 4,
                                            "Actual Startup Time": 0.017,
                                            "Actual Total Time": 283.805,
                                            "Actual Rows": 2472620,
                                            "Actual Loops": 6,
                                            "Output": [
                                                "mi.id",
                                                "mi.movie_id",
                                                "mi.info_type_id",
                                                "mi.info",
                                                "mi.note"
                                            ],
                                            "Workers": [
                                                {
                                                    "Worker Number": 0,
                                                    "Actual Startup Time": 0.017,
                                                    "Actual Total Time": 294.259,
                                                    "Actual Rows": 2759680,
                                                    "Actual Loops": 1
                                                },
                                                {
                                                    "Worker Number": 1,
                                                    "Actual Startup Time": 0.017,
                                                    "Actual Total Time": 293.548,
                                                    "Actual Rows": 2728690,
                                                    "Actual Loops": 1
                                                },
                                                {
                                                    "Worker Number": 2,
                                                    "Actual Startup Time": 0.018,
                                                    "Actual Total Time": 302.59,
                                                    "Actual Rows": 1914005,
                                                    "Actual Loops": 1
                                                },
                                                {
                                                    "Worker Number": 3,
                                                    "Actual Startup Time": 0.017,
                                                    "Actual Total Time": 293.517,
                                                    "Actual Rows": 2758445,
                                                    "Actual Loops": 1
                                                },
                                                {
                                                    "Worker Number": 4,
                                                    "Actual Startup Time": 0.021,
                                                    "Actual Total Time": 303.675,
                                                    "Actual Rows": 1838138,
                                                    "Actual Loops": 1
                                                }
                                            ]
                                        },
                                        {
                                            "Node Type": "Hash",
                                            "Parent Relationship": "Inner",
                                            "Parallel Aware": true,
                                            "Startup Cost": 76436.28,
                                            "Total Cost": 76436.28,
                                            "Plan Rows": 164175,
                                            "Plan Width": 8,
                                            "Actual Startup Time": 375.974,
                                            "Actual Total Time": 376.178,
                                            "Actual Rows": 201082,
                                            "Actual Loops": 6,
                                            "Output": [
                                                "t.id",
                                                "mc.movie_id"
                                            ],
                                            "Hash Buckets": 2097152,
                                            "Original Hash Buckets": 524288,
                                            "Hash Batches": 1,
                                            "Original Hash Batches": 1,
                                            "Peak Memory Usage": 75936,
                                            "Workers": [
                                                {
                                                    "Worker Number": 0,
                                                    "Actual Startup Time": 374.435,
                                                    "Actual Total Time": 374.439,
                                                    "Actual Rows": 212805,
                                                    "Actual Loops": 1
                                                },
                                                {
                                                    "Worker Number": 1,
                                                    "Actual Startup Time": 374.459,
                                                    "Actual Total Time": 374.462,
                                                    "Actual Rows": 209307,
                                                    "Actual Loops": 1
                                                },
                                                {
                                                    "Worker Number": 2,
                                                    "Actual Startup Time": 374.922,
                                                    "Actual Total Time": 374.925,
                                                    "Actual Rows": 203630,
                                                    "Actual Loops": 1
                                                },
                                                {
                                                    "Worker Number": 3,
                                                    "Actual Startup Time": 375.35,
                                                    "Actual Total Time": 375.353,
                                                    "Actual Rows": 213042,
                                                    "Actual Loops": 1
                                                },
                                                {
                                                    "Worker Number": 4,
                                                    "Actual Startup Time": 376.076,
                                                    "Actual Total Time": 376.08,
                                                    "Actual Rows": 149673,
                                                    "Actual Loops": 1
                                                }
                                            ],
                                            "Plans": [
                                                {
                                                    "Node Type": "Hash Join",
                                                    "Parent Relationship": "Outer",
                                                    "Parallel Aware": true,
                                                    "Join Type": "Inner",
                                                    "Startup Cost": 47020.4,
                                                    "Total Cost": 76436.28,
                                                    "Plan Rows": 164175,
                                                    "Plan Width": 8,
                                                    "Actual Startup Time": 128.795,
                                                    "Actual Total Time": 276.096,
                                                    "Actual Rows": 201082,
                                                    "Actual Loops": 6,
                                                    "Output": [
                                                        "t.id",
                                                        "mc.movie_id"
                                                    ],
                                                    "Inner Unique": true,
                                                    "Hash Cond": "(mc.movie_id = t.id)",
                                                    "Workers": [
                                                        {
                                                            "Worker Number": 0,
                                                            "Actual Startup Time": 127.243,
                                                            "Actual Total Time": 273.782,
                                                            "Actual Rows": 212805,
                                                            "Actual Loops": 1
                                                        },
                                                        {
                                                            "Worker Number": 1,
                                                            "Actual Startup Time": 127.296,
                                                            "Actual Total Time": 274.539,
                                                            "Actual Rows": 209307,
                                                            "Actual Loops": 1
                                                        },
                                                        {
                                                            "Worker Number": 2,
                                                            "Actual Startup Time": 127.718,
                                                            "Actual Total Time": 275.216,
                                                            "Actual Rows": 203630,
                                                            "Actual Loops": 1
                                                        },
                                                        {
                                                            "Worker Number": 3,
                                                            "Actual Startup Time": 128.206,
                                                            "Actual Total Time": 275.297,
                                                            "Actual Rows": 213042,
                                                            "Actual Loops": 1
                                                        },
                                                        {
                                                            "Worker Number": 4,
                                                            "Actual Startup Time": 128.87,
                                                            "Actual Total Time": 277.498,
                                                            "Actual Rows": 149673,
                                                            "Actual Loops": 1
                                                        }
                                                    ],
                                                    "Plans": [
                                                        {
                                                            "Node Type": "Seq Scan",
                                                            "Parent Relationship": "Outer",
                                                            "Parallel Aware": true,
                                                            "Relation Name": "movie_companies",
                                                            "Schema": "public",
                                                            "Alias": "mc",
                                                            "Startup Cost": 0.0,
                                                            "Total Cost": 27206.55,
                                                            "Plan Rows": 841655,
                                                            "Plan Width": 4,
                                                            "Actual Startup Time": 0.02,
                                                            "Actual Total Time": 42.82,
                                                            "Actual Rows": 434855,
                                                            "Actual Loops": 6,
                                                            "Output": [
                                                                "mc.id",
                                                                "mc.movie_id",
                                                                "mc.company_id",
                                                                "mc.company_type_id",
                                                                "mc.note"
                                                            ],
                                                            "Workers": [
                                                                {
                                                                    "Worker Number": 0,
                                                                    "Actual Startup Time": 0.021,
                                                                    "Actual Total Time": 43.795,
                                                                    "Actual Rows": 457579,
                                                                    "Actual Loops": 1
                                                                },
                                                                {
                                                                    "Worker Number": 1,
                                                                    "Actual Startup Time": 0.02,
                                                                    "Actual Total Time": 43.607,
                                                                    "Actual Rows": 453189,
                                                                    "Actual Loops": 1
                                                                },
                                                                {
                                                                    "Worker Number": 2,
                                                                    "Actual Startup Time": 0.023,
                                                                    "Actual Total Time": 42.827,
                                                                    "Actual Rows": 440810,
                                                                    "Actual Loops": 1
                                                                },
                                                                {
                                                                    "Worker Number": 3,
                                                                    "Actual Startup Time": 0.022,
                                                                    "Actual Total Time": 43.909,
                                                                    "Actual Rows": 459825,
                                                                    "Actual Loops": 1
                                                                },
                                                                {
                                                                    "Worker Number": 4,
                                                                    "Actual Startup Time": 0.027,
                                                                    "Actual Total Time": 47.026,
                                                                    "Actual Rows": 323335,
                                                                    "Actual Loops": 1
                                                                }
                                                            ]
                                                        },
                                                        {
                                                            "Node Type": "Hash",
                                                            "Parent Relationship": "Inner",
                                                            "Parallel Aware": true,
                                                            "Startup Cost": 45479.21,
                                                            "Total Cost": 45479.21,
                                                            "Plan Rows": 123295,
                                                            "Plan Width": 4,
                                                            "Actual Startup Time": 128.05,
                                                            "Actual Total Time": 128.051,
                                                            "Actual Rows": 95046,
                                                            "Actual Loops": 6,
                                                            "Output": [
                                                                "t.id"
                                                            ],
                                                            "Hash Buckets": 1048576,
                                                            "Original Hash Buckets": 524288,
                                                            "Hash Batches": 1,
                                                            "Original Hash Batches": 1,
                                                            "Peak Memory Usage": 34656,
                                                            "Workers": [
                                                                {
                                                                    "Worker Number": 0,
                                                                    "Actual Startup Time": 127.107,
                                                                    "Actual Total Time": 127.109,
                                                                    "Actual Rows": 96434,
                                                                    "Actual Loops": 1
                                                                },
                                                                {
                                                                    "Worker Number": 1,
                                                                    "Actual Startup Time": 127.1,
                                                                    "Actual Total Time": 127.101,
                                                                    "Actual Rows": 95236,
                                                                    "Actual Loops": 1
                                                                },
                                                                {
                                                                    "Worker Number": 2,
                                                                    "Actual Startup Time": 127.571,
                                                                    "Actual Total Time": 127.572,
                                                                    "Actual Rows": 90467,
                                                                    "Actual Loops": 1
                                                                },
                                                                {
                                                                    "Worker Number": 3,
                                                                    "Actual Startup Time": 128.1,
                                                                    "Actual Total Time": 128.101,
                                                                    "Actual Rows": 98073,
                                                                    "Actual Loops": 1
                                                                },
                                                                {
                                                                    "Worker Number": 4,
                                                                    "Actual Startup Time": 128.725,
                                                                    "Actual Total Time": 128.726,
                                                                    "Actual Rows": 67529,
                                                                    "Actual Loops": 1
                                                                }
                                                            ],
                                                            "Plans": [
                                                                {
                                                                    "Node Type": "Seq Scan",
                                                                    "Parent Relationship": "Outer",
                                                                    "Parallel Aware": true,
                                                                    "Relation Name": "title",
                                                                    "Schema": "public",
                                                                    "Alias": "t",
                                                                    "Startup Cost": 0.0,
                                                                    "Total Cost": 45479.21,
                                                                    "Plan Rows": 123295,
                                                                    "Plan Width": 4,
                                                                    "Actual Startup Time": 0.053,
                                                                    "Actual Total Time": 76.699,
                                                                    "Actual Rows": 95046,
                                                                    "Actual Loops": 6,
                                                                    "Output": [
                                                                        "t.id"
                                                                    ],
                                                                    "Filter": "((t.kind_id < 4) AND (t.production_year < 2006))",
                                                                    "Rows Removed by Filter": 326339,
                                                                    "Workers": [
                                                                        {
                                                                            "Worker Number": 0,
                                                                            "Actual Startup Time": 0.087,
                                                                            "Actual Total Time": 76.645,
                                                                            "Actual Rows": 96434,
                                                                            "Actual Loops": 1
                                                                        },
                                                                        {
                                                                            "Worker Number": 1,
                                                                            "Actual Startup Time": 0.049,
                                                                            "Actual Total Time": 76.294,
                                                                            "Actual Rows": 95236,
                                                                            "Actual Loops": 1
                                                                        },
                                                                        {
                                                                            "Worker Number": 2,
                                                                            "Actual Startup Time": 0.072,
                                                                            "Actual Total Time": 76.727,
                                                                            "Actual Rows": 90467,
                                                                            "Actual Loops": 1
                                                                        },
                                                                        {
                                                                            "Worker Number": 3,
                                                                            "Actual Startup Time": 0.053,
                                                                            "Actual Total Time": 77.552,
                                                                            "Actual Rows": 98073,
                                                                            "Actual Loops": 1
                                                                        },
                                                                        {
                                                                            "Worker Number": 4,
                                                                            "Actual Startup Time": 0.042,
                                                                            "Actual Total Time": 78.986,
                                                                            "Actual Rows": 67529,
                                                                            "Actual Loops": 1
                                                                        }
                                                                    ]
                                                                }
                                                            ]
                                                        }
                                                    ]
                                                }
                                            ]
                                        }
                                    ]
                                }
                            ]
                        }
                    ]
                }
            ]
        },
        "Planning Time": 210.406,
        "Triggers": [],
        "Execution Time": 2098.166
    }
]