[
    {
        "Bao": {
            "Bao prediction": "NaN",
            "Bao recommended hint": "(no hint)"
        }
    },
    {
        "Plan": {
            "Node Type": "Aggregate",
            "Strategy": "Plain",
            "Partial Mode": "Finalize",
            "Parallel Aware": false,
            "Startup Cost": 68218.65,
            "Total Cost": 68218.66,
            "Plan Rows": 1,
            "Plan Width": 8,
            "Actual Startup Time": 26.855,
            "Actual Total Time": 30.696,
            "Actual Rows": 1,
            "Actual Loops": 1,
            "Output": [
                "count(*)"
            ],
            "Plans": [
                {
                    "Node Type": "Gather",
                    "Parent Relationship": "Outer",
                    "Parallel Aware": false,
                    "Startup Cost": 68218.33,
                    "Total Cost": 68218.64,
                    "Plan Rows": 3,
                    "Plan Width": 8,
                    "Actual Startup Time": 26.635,
                    "Actual Total Time": 30.689,
                    "Actual Rows": 4,
                    "Actual Loops": 1,
                    "Output": [
                        "(PARTIAL count(*))"
                    ],
                    "Workers Planned": 3,
                    "Workers Launched": 3,
                    "Single Copy": false,
                    "Plans": [
                        {
                            "Node Type": "Aggregate",
                            "Strategy": "Plain",
                            "Partial Mode": "Partial",
                            "Parent Relationship": "Outer",
                            "Parallel Aware": false,
                            "Startup Cost": 67218.33,
                            "Total Cost": 67218.34,
                            "Plan Rows": 1,
                            "Plan Width": 8,
                            "Actual Startup Time": 17.612,
                            "Actual Total Time": 17.615,
                            "Actual Rows": 1,
                            "Actual Loops": 4,
                            "Output": [
                                "PARTIAL count(*)"
                            ],
                            "Workers": [
                                {
                                    "Worker Number": 0,
                                    "Actual Startup Time": 14.389,
                                    "Actual Total Time": 14.392,
                                    "Actual Rows": 1,
                                    "Actual Loops": 1
                                },
                                {
                                    "Worker Number": 1,
                                    "Actual Startup Time": 14.756,
                                    "Actual Total Time": 14.758,
                                    "Actual Rows": 1,
                                    "Actual Loops": 1
                                },
                                {
                                    "Worker Number": 2,
                                    "Actual Startup Time": 15.042,
                                    "Actual Total Time": 15.044,
                                    "Actual Rows": 1,
                                    "Actual Loops": 1
                                }
                            ],
                            "Plans": [
                                {
                                    "Node Type": "Nested Loop",
                                    "Parent Relationship": "Outer",
                                    "Parallel Aware": false,
                                    "Join Type": "Inner",
                                    "Startup Cost": 244.22,
                                    "Total Cost": 67218.06,
                                    "Plan Rows": 108,
                                    "Plan Width": 0,
                                    "Actual Startup Time": 1.407,
                                    "Actual Total Time": 17.24,
                                    "Actual Rows": 5096,
                                    "Actual Loops": 4,
                                    "Inner Unique": false,
                                    "Workers": [
                                        {
                                            "Worker Number": 0,
                                            "Actual Startup Time": 1.333,
                                            "Actual Total Time": 14.109,
                                            "Actual Rows": 1812,
                                            "Actual Loops": 1
                                        },
                                        {
                                            "Worker Number": 1,
                                            "Actual Startup Time": 0.697,
                                            "Actual Total Time": 14.598,
                                            "Actual Rows": 923,
                                            "Actual Loops": 1
                                        },
                                        {
                                            "Worker Number": 2,
                                            "Actual Startup Time": 1.064,
                                            "Actual Total Time": 14.749,
                                            "Actual Rows": 2332,
                                            "Actual Loops": 1
                                        }
                                    ],
                                    "Plans": [
                                        {
                                            "Node Type": "Nested Loop",
                                            "Parent Relationship": "Outer",
                                            "Parallel Aware": false,
                                            "Join Type": "Inner",
                                            "Startup Cost": 243.78,
                                            "Total Cost": 66846.7,
                                            "Plan Rows": 60,
                                            "Plan Width": 8,
                                            "Actual Startup Time": 1.221,
                                            "Actual Total Time": 14.048,
                                            "Actual Rows": 61,
                                            "Actual Loops": 4,
                                            "Output": [
                                                "t.id",
                                                "mi.movie_id"
                                            ],
                                            "Inner Unique": true,
                                            "Workers": [
                                                {
                                                    "Worker Number": 0,
                                                    "Actual Startup Time": 1.073,
                                                    "Actual Total Time": 11.783,
                                                    "Actual Rows": 15,
                                                    "Actual Loops": 1
                                                },
                                                {
                                                    "Worker Number": 1,
                                                    "Actual Startup Time": 0.445,
                                                    "Actual Total Time": 12.566,
                                                    "Actual Rows": 12,
                                                    "Actual Loops": 1
                                                },
                                                {
                                                    "Worker Number": 2,
                                                    "Actual Startup Time": 0.863,
                                                    "Actual Total Time": 11.991,
                                                    "Actual Rows": 19,
                                                    "Actual Loops": 1
                                                }
                                            ],
                                            "Plans": [
                                                {
                                                    "Node Type": "Bitmap Heap Scan",
                                                    "Parent Relationship": "Outer",
                                                    "Parallel Aware": true,
                                                    "Relation Name": "movie_info",
                                                    "Schema": "public",
                                                    "Alias": "mi",
                                                    "Startup Cost": 243.35,
                                                    "Total Cost": 40587.85,
                                                    "Plan Rows": 4284,
                                                    "Plan Width": 4,
                                                    "Actual Startup Time": 0.351,
                                                    "Actual Total Time": 2.424,
                                                    "Actual Rows": 1634,
                                                    "Actual Loops": 4,
                                                    "Output": [
                                                        "mi.id",
                                                        "mi.movie_id",
                                                        "mi.info_type_id",
                                                        "mi.info",
                                                        "mi.note"
                                                    ],
                                                    "Recheck Cond": "(mi.info_type_id = 66)",
                                                    "Rows Removed by Index Recheck": 0,
                                                    "Exact Heap Blocks": 1134,
                                                    "Lossy Heap Blocks": 0,
                                                    "Workers": [
                                                        {
                                                            "Worker Number": 0,
                                                            "Actual Startup Time": 0.115,
                                                            "Actual Total Time": 1.899,
                                                            "Actual Rows": 281,
                                                            "Actual Loops": 1
                                                        },
                                                        {
                                                            "Worker Number": 1,
                                                            "Actual Startup Time": 0.112,
                                                            "Actual Total Time": 1.877,
                                                            "Actual Rows": 305,
                                                            "Actual Loops": 1
                                                        },
                                                        {
                                                            "Worker Number": 2,
                                                            "Actual Startup Time": 0.101,
                                                            "Actual Total Time": 1.919,
                                                            "Actual Rows": 317,
                                                            "Actual Loops": 1
                                                        }
                                                    ],
                                                    "Plans": [
                                                        {
                                                            "Node Type": "Bitmap Index Scan",
                                                            "Parent Relationship": "Outer",
                                                            "Parallel Aware": false,
                                                            "Index Name": "info_type_id_movie_info",
                                                            "Startup Cost": 0.0,
                                                            "Total Cost": 240.03,
                                                            "Plan Rows": 13280,
                                                            "Plan Width": 0,
                                                            "Actual Startup Time": 0.853,
                                                            "Actual Total Time": 0.853,
                                                            "Actual Rows": 6536,
                                                            "Actual Loops": 1,
                                                            "Index Cond": "(mi.info_type_id = 66)"
                                                        }
                                                    ]
                                                },
                                                {
                                                    "Node Type": "Index Scan",
                                                    "Parent Relationship": "Inner",
                                                    "Parallel Aware": false,
                                                    "Scan Direction": "Forward",
                                                    "Index Name": "title_pkey",
                                                    "Relation Name": "title",
                                                    "Schema": "public",
                                                    "Alias": "t",
                                                    "Startup Cost": 0.43,
                                                    "Total Cost": 6.13,
                                                    "Plan Rows": 1,
                                                    "Plan Width": 4,
                                                    "Actual Startup Time": 0.007,
                                                    "Actual Total Time": 0.007,
                                                    "Actual Rows": 0,
                                                    "Actual Loops": 6536,
                                                    "Output": [
                                                        "t.id",
                                                        "t.title",
                                                        "t.imdb_index",
                                                        "t.kind_id",
                                                        "t.production_year",
                                                        "t.imdb_id",
                                                        "t.phonetic_code",
                                                        "t.episode_of_id",
                                                        "t.season_nr",
                                                        "t.episode_nr",
                                                        "t.series_years",
                                                        "t.md5sum"
                                                    ],
                                                    "Index Cond": "(t.id = mi.movie_id)",
                                                    "Rows Removed by Index Recheck": 0,
                                                    "Filter": "(t.production_year = 1996)",
                                                    "Rows Removed by Filter": 1,
                                                    "Workers": [
                                                        {
                                                            "Worker Number": 0,
                                                            "Actual Startup Time": 0.034,
                                                            "Actual Total Time": 0.034,
                                                            "Actual Rows": 0,
                                                            "Actual Loops": 281
                                                        },
                                                        {
                                                            "Worker Number": 1,
                                                            "Actual Startup Time": 0.034,
                                                            "Actual Total Time": 0.034,
                                                            "Actual Rows": 0,
                                                            "Actual Loops": 305
                                                        },
                                                        {
                                                            "Worker Number": 2,
                                                            "Actual Startup Time": 0.03,
                                                            "Actual Total Time": 0.03,
                                                            "Actual Rows": 0,
                                                            "Actual Loops": 317
                                                        }
                                                    ]
                                                }
                                            ]
                                        },
                                        {
                                            "Node Type": "Index Only Scan",
                                            "Parent Relationship": "Inner",
                                            "Parallel Aware": false,
                                            "Scan Direction": "Forward",
                                            "Index Name": "movie_id_movie_keyword",
                                            "Relation Name": "movie_keyword",
                                            "Schema": "public",
                                            "Alias": "mk",
                                            "Startup Cost": 0.43,
                                            "Total Cost": 5.73,
                                            "Plan Rows": 46,
                                            "Plan Width": 4,
                                            "Actual Startup Time": 0.023,
                                            "Actual Total Time": 0.043,
                                            "Actual Rows": 84,
                                            "Actual Loops": 244,
                                            "Output": [
                                                "mk.movie_id"
                                            ],
                                            "Index Cond": "(mk.movie_id = t.id)",
                                            "Rows Removed by Index Recheck": 0,
                                            "Heap Fetches": 20385,
                                            "Workers": [
                                                {
                                                    "Worker Number": 0,
                                                    "Actual Startup Time": 0.066,
                                                    "Actual Total Time": 0.127,
                                                    "Actual Rows": 121,
                                                    "Actual Loops": 15
                                                },
                                                {
                                                    "Worker Number": 1,
                                                    "Actual Startup Time": 0.108,
                                                    "Actual Total Time": 0.149,
                                                    "Actual Rows": 77,
                                                    "Actual Loops": 12
                                                },
                                                {
                                                    "Worker Number": 2,
                                                    "Actual Startup Time": 0.071,
                                                    "Actual Total Time": 0.121,
                                                    "Actual Rows": 123,
                                                    "Actual Loops": 19
                                                }
                                            ]
                                        }
                                    ]
                                }
                            ]
                        }
                    ]
                }
            ]
        },
        "Planning Time": 186.847,
        "Triggers": [],
        "Execution Time": 30.772
    }
]