{
  "Plan": {
    "Node Type": "Aggregate",
    "Strategy": "Plain",
    "Partial Mode": "Finalize",
    "Parallel Aware": false,
    "Startup Cost": 111128.12,
    "Total Cost": 111128.13,
    "Plan Rows": 1,
    "Plan Width": 8,
    "Actual Startup Time": 538.703,
    "Actual Total Time": 550.687,
    "Actual Rows": 1,
    "Actual Loops": 1,
    "Plans": [
      {
        "Node Type": "Gather",
        "Parent Relationship": "Outer",
        "Parallel Aware": false,
        "Startup Cost": 111128.01,
        "Total Cost": 111128.12,
        "Plan Rows": 1,
        "Plan Width": 8,
        "Actual Startup Time": 537.595,
        "Actual Total Time": 550.679,
        "Actual Rows": 2,
        "Actual Loops": 1,
        "Workers Planned": 1,
        "Workers Launched": 1,
        "Single Copy": false,
        "Plans": [
          {
            "Node Type": "Aggregate",
            "Strategy": "Plain",
            "Partial Mode": "Partial",
            "Parent Relationship": "Outer",
            "Parallel Aware": false,
            "Startup Cost": 110128.01,
            "Total Cost": 110128.02,
            "Plan Rows": 1,
            "Plan Width": 8,
            "Actual Startup Time": 532.166,
            "Actual Total Time": 532.17,
            "Actual Rows": 1,
            "Actual Loops": 2,
            "Plans": [
              {
                "Node Type": "Hash Join",
                "Parent Relationship": "Outer",
                "Parallel Aware": true,
                "Join Type": "Inner",
                "Startup Cost": 46690.71,
                "Total Cost": 109152.21,
                "Plan Rows": 390319,
                "Plan Width": 0,
                "Actual Startup Time": 177.407,
                "Actual Total Time": 523.212,
                "Actual Rows": 212933,
                "Actual Loops": 2,
                "Inner Unique": false,
                "Hash Cond": "(t.id = mc.movie_id)",
                "Plans": [
                  {
                    "Node Type": "Seq Scan",
                    "Parent Relationship": "Outer",
                    "Parallel Aware": true,
                    "Relation Name": "title",
                    "Alias": "t",
                    "Startup Cost": 0.0,
                    "Total Cost": 50870.31,
                    "Plan Rows": 1487231,
                    "Plan Width": 4,
                    "Actual Startup Time": 0.009,
                    "Actual Total Time": 110.828,
                    "Actual Rows": 1264156,
                    "Actual Loops": 2
                  },
                  {
                    "Node Type": "Hash",
                    "Parent Relationship": "Inner",
                    "Parallel Aware": true,
                    "Startup Cost": 41811.73,
                    "Total Cost": 41811.73,
                    "Plan Rows": 390319,
                    "Plan Width": 4,
                    "Actual Startup Time": 168.563,
                    "Actual Total Time": 168.564,
                    "Actual Rows": 212933,
                    "Actual Loops": 2,
                    "Hash Buckets": 1048576,
                    "Original Hash Buckets": 1048576,
                    "Hash Batches": 1,
                    "Original Hash Batches": 1,
                    "Peak Memory Usage": 24896,
                    "Plans": [
                      {
                        "Node Type": "Seq Scan",
                        "Parent Relationship": "Outer",
                        "Parallel Aware": true,
                        "Relation Name": "movie_companies",
                        "Alias": "mc",
                        "Startup Cost": 0.0,
                        "Total Cost": 41811.73,
                        "Plan Rows": 390319,
                        "Plan Width": 4,
                        "Actual Startup Time": 65.008,
                        "Actual Total Time": 120.241,
                        "Actual Rows": 212933,
                        "Actual Loops": 2,
                        "Filter": "((company_id < 11299) AND (company_type_id > 1))",
                        "Rows Removed by Filter": 1091632
                      }
                    ]
                  }
                ]
              }
            ]
          }
        ]
      }
    ]
  },
  "Planning Time": 0.691,
  "Triggers": [],
  "Execution Time": 550.753
}