[
  {
    "Plan": {
      "Node Type": "Aggregate",
      "Strategy": "Plain",
      "Partial Mode": "Finalize",
      "Parallel Aware": false,
      "Startup Cost": 39648.3,
      "Total Cost": 39648.31,
      "Plan Rows": 1,
      "Plan Width": 8,
      "Actual Startup Time": 59.742,
      "Actual Total Time": 64.88,
      "Actual Rows": 1,
      "Actual Loops": 1,
      "Plans": [
        {
          "Node Type": "Gather",
          "Parent Relationship": "Outer",
          "Parallel Aware": false,
          "Startup Cost": 39647.88,
          "Total Cost": 39648.29,
          "Plan Rows": 4,
          "Plan Width": 8,
          "Actual Startup Time": 59.493,
          "Actual Total Time": 64.871,
          "Actual Rows": 5,
          "Actual Loops": 1,
          "Workers Planned": 4,
          "Workers Launched": 4,
          "Single Copy": false,
          "Plans": [
            {
              "Node Type": "Aggregate",
              "Strategy": "Plain",
              "Partial Mode": "Partial",
              "Parent Relationship": "Outer",
              "Parallel Aware": false,
              "Startup Cost": 38647.88,
              "Total Cost": 38647.89,
              "Plan Rows": 1,
              "Plan Width": 8,
              "Actual Startup Time": 51.407,
              "Actual Total Time": 51.409,
              "Actual Rows": 1,
              "Actual Loops": 5,
              "Plans": [
                {
                  "Node Type": "Bitmap Heap Scan",
                  "Parent Relationship": "Outer",
                  "Parallel Aware": true,
                  "Relation Name": "title",
                  "Alias": "t",
                  "Startup Cost": 2183.99,
                  "Total Cost": 38640.24,
                  "Plan Rows": 3053,
                  "Plan Width": 0,
                  "Actual Startup Time": 44.58,
                  "Actual Total Time": 51.402,
                  "Actual Rows": 1,
                  "Actual Loops": 5,
                  "Recheck Cond": "(kind_id = 4)",
                  "Rows Removed by Index Recheck": 0,
                  "Filter": "(production_year < 1962)",
                  "Rows Removed by Filter": 23646,
                  "Exact Heap Blocks": 7426,
                  "Lossy Heap Blocks": 0,
                  "Plans": [
                    {
                      "Node Type": "Bitmap Index Scan",
                      "Parent Relationship": "Outer",
                      "Parallel Aware": false,
                      "Index Name": "kind_id_title",
                      "Startup Cost": 0.0,
                      "Total Cost": 2180.94,
                      "Plan Rows": 122201,
                      "Plan Width": 0,
                      "Actual Startup Time": 18.384,
                      "Actual Total Time": 18.385,
                      "Actual Rows": 118234,
                      "Actual Loops": 1,
                      "Index Cond": "(kind_id = 4)"
                    }
                  ]
                }
              ]
            }
          ]
        }
      ]
    },
    "Planning Time": 0.168,
    "Triggers": [],
    "Execution Time": 64.945
  }
]