[
  {
    "Plan": {
      "Node Type": "Aggregate",
      "Strategy": "Plain",
      "Partial Mode": "Finalize",
      "Parallel Aware": false,
      "Startup Cost": 350790.29,
      "Total Cost": 350790.3,
      "Plan Rows": 1,
      "Plan Width": 8,
      "Actual Startup Time": 821.105,
      "Actual Total Time": 881.955,
      "Actual Rows": 1,
      "Actual Loops": 1,
      "Plans": [
        {
          "Node Type": "Gather",
          "Parent Relationship": "Outer",
          "Parallel Aware": false,
          "Startup Cost": 350789.67,
          "Total Cost": 350790.28,
          "Plan Rows": 6,
          "Plan Width": 8,
          "Actual Startup Time": 820.898,
          "Actual Total Time": 881.945,
          "Actual Rows": 7,
          "Actual Loops": 1,
          "Workers Planned": 6,
          "Workers Launched": 6,
          "Single Copy": false,
          "Plans": [
            {
              "Node Type": "Aggregate",
              "Strategy": "Plain",
              "Partial Mode": "Partial",
              "Parent Relationship": "Outer",
              "Parallel Aware": false,
              "Startup Cost": 349789.67,
              "Total Cost": 349789.68,
              "Plan Rows": 1,
              "Plan Width": 8,
              "Actual Startup Time": 810.632,
              "Actual Total Time": 810.633,
              "Actual Rows": 1,
              "Actual Loops": 7,
              "Plans": [
                {
                  "Node Type": "Seq Scan",
                  "Parent Relationship": "Outer",
                  "Parallel Aware": true,
                  "Relation Name": "cast_info",
                  "Alias": "ci",
                  "Startup Cost": 0.0,
                  "Total Cost": 343316.27,
                  "Plan Rows": 2589358,
                  "Plan Width": 0,
                  "Actual Startup Time": 217.48,
                  "Actual Total Time": 692.624,
                  "Actual Rows": 2874797,
                  "Actual Loops": 7,
                  "Filter": "((person_id > 1227884) AND (role_id > 1))",
                  "Rows Removed by Filter": 2302966
                }
              ]
            }
          ]
        }
      ]
    },
    "Planning Time": 0.064,
    "Triggers": [],
    "Execution Time": 882.051
  }
]