[
  {
    "Plan": {
      "Node Type": "Aggregate",
      "Strategy": "Plain",
      "Partial Mode": "Finalize",
      "Parallel Aware": false,
      "Startup Cost": 31821.9,
      "Total Cost": 31821.91,
      "Plan Rows": 1,
      "Plan Width": 8,
      "Actual Startup Time": 116.182,
      "Actual Total Time": 123.659,
      "Actual Rows": 1,
      "Actual Loops": 1,
      "Plans": [
        {
          "Node Type": "Gather",
          "Parent Relationship": "Outer",
          "Parallel Aware": false,
          "Startup Cost": 31821.59,
          "Total Cost": 31821.9,
          "Plan Rows": 3,
          "Plan Width": 8,
          "Actual Startup Time": 116.012,
          "Actual Total Time": 123.651,
          "Actual Rows": 4,
          "Actual Loops": 1,
          "Workers Planned": 3,
          "Workers Launched": 3,
          "Single Copy": false,
          "Plans": [
            {
              "Node Type": "Aggregate",
              "Strategy": "Plain",
              "Partial Mode": "Partial",
              "Parent Relationship": "Outer",
              "Parallel Aware": false,
              "Startup Cost": 30821.59,
              "Total Cost": 30821.6,
              "Plan Rows": 1,
              "Plan Width": 8,
              "Actual Startup Time": 109.17,
              "Actual Total Time": 109.171,
              "Actual Rows": 1,
              "Actual Loops": 4,
              "Plans": [
                {
                  "Node Type": "Seq Scan",
                  "Parent Relationship": "Outer",
                  "Parallel Aware": true,
                  "Relation Name": "movie_companies",
                  "Alias": "mc",
                  "Startup Cost": 0.0,
                  "Total Cost": 29310.68,
                  "Plan Rows": 604362,
                  "Plan Width": 0,
                  "Actual Startup Time": 0.954,
                  "Actual Total Time": 86.374,
                  "Actual Rows": 468512,
                  "Actual Loops": 4,
                  "Filter": "(company_id > 1434)",
                  "Rows Removed by Filter": 183770
                }
              ]
            }
          ]
        }
      ]
    },
    "Planning Time": 0.197,
    "Triggers": [],
    "Execution Time": 123.73
  }
]