{
  "Plan": {
    "Node Type": "Aggregate",
    "Strategy": "Plain",
    "Partial Mode": "Finalize",
    "Parallel Aware": false,
    "Startup Cost": 100280.42,
    "Total Cost": 100280.43,
    "Plan Rows": 1,
    "Plan Width": 8,
    "Actual Startup Time": 421.24,
    "Actual Total Time": 431.629,
    "Actual Rows": 1,
    "Actual Loops": 1,
    "Plans": [
      {
        "Node Type": "Gather",
        "Parent Relationship": "Outer",
        "Parallel Aware": false,
        "Startup Cost": 100280.31,
        "Total Cost": 100280.42,
        "Plan Rows": 1,
        "Plan Width": 8,
        "Actual Startup Time": 420.32,
        "Actual Total Time": 431.622,
        "Actual Rows": 2,
        "Actual Loops": 1,
        "Workers Planned": 1,
        "Workers Launched": 1,
        "Single Copy": false,
        "Plans": [
          {
            "Node Type": "Aggregate",
            "Strategy": "Plain",
            "Partial Mode": "Partial",
            "Parent Relationship": "Outer",
            "Parallel Aware": false,
            "Startup Cost": 99280.31,
            "Total Cost": 99280.32,
            "Plan Rows": 1,
            "Plan Width": 8,
            "Actual Startup Time": 416.694,
            "Actual Total Time": 416.698,
            "Actual Rows": 1,
            "Actual Loops": 2,
            "Plans": [
              {
                "Node Type": "Hash Join",
                "Parent Relationship": "Outer",
                "Parallel Aware": true,
                "Join Type": "Inner",
                "Startup Cost": 57576.95,
                "Total Cost": 98676.02,
                "Plan Rows": 241716,
                "Plan Width": 0,
                "Actual Startup Time": 187.325,
                "Actual Total Time": 406.383,
                "Actual Rows": 259805,
                "Actual Loops": 2,
                "Inner Unique": true,
                "Hash Cond": "(mc.movie_id = t.id)",
                "Plans": [
                  {
                    "Node Type": "Seq Scan",
                    "Parent Relationship": "Outer",
                    "Parallel Aware": true,
                    "Relation Name": "movie_companies",
                    "Alias": "mc",
                    "Startup Cost": 0.0,
                    "Total Cost": 37974.77,
                    "Plan Rows": 1190207,
                    "Plan Width": 4,
                    "Actual Startup Time": 0.021,
                    "Actual Total Time": 120.267,
                    "Actual Rows": 1004806,
                    "Actual Loops": 2,
                    "Filter": "(company_id < 67945)",
                    "Rows Removed by Filter": 299758
                  },
                  {
                    "Node Type": "Hash",
                    "Parent Relationship": "Inner",
                    "Parallel Aware": true,
                    "Startup Cost": 53801.47,
                    "Total Cost": 53801.47,
                    "Plan Rows": 302038,
                    "Plan Width": 4,
                    "Actual Startup Time": 135.237,
                    "Actual Total Time": 135.239,
                    "Actual Rows": 193288,
                    "Actual Loops": 2,
                    "Hash Buckets": 524288,
                    "Original Hash Buckets": 524288,
                    "Hash Batches": 1,
                    "Original Hash Batches": 1,
                    "Peak Memory Usage": 19232,
                    "Plans": [
                      {
                        "Node Type": "Bitmap Heap Scan",
                        "Parent Relationship": "Outer",
                        "Parallel Aware": true,
                        "Relation Name": "title",
                        "Alias": "t",
                        "Startup Cost": 11951.22,
                        "Total Cost": 53801.47,
                        "Plan Rows": 302038,
                        "Plan Width": 4,
                        "Actual Startup Time": 25.835,
                        "Actual Total Time": 94.243,
                        "Actual Rows": 193288,
                        "Actual Loops": 2,
                        "Recheck Cond": "(kind_id = 1)",
                        "Rows Removed by Index Recheck": 0,
                        "Filter": "(production_year > 1979)",
                        "Rows Removed by Filter": 138125,
                        "Exact Heap Blocks": 8021,
                        "Lossy Heap Blocks": 0,
                        "Plans": [
                          {
                            "Node Type": "Bitmap Index Scan",
                            "Parent Relationship": "Outer",
                            "Parallel Aware": false,
                            "Index Name": "kind_id_title",
                            "Startup Cost": 0.0,
                            "Total Cost": 11822.85,
                            "Plan Rows": 663256,
                            "Plan Width": 0,
                            "Actual Startup Time": 24.639,
                            "Actual Total Time": 24.64,
                            "Actual Rows": 662825,
                            "Actual Loops": 1,
                            "Index Cond": "(kind_id = 1)"
                          }
                        ]
                      }
                    ]
                  }
                ]
              }
            ]
          }
        ]
      }
    ]
  },
  "Planning Time": 0.328,
  "Triggers": [],
  "Execution Time": 431.683
}