[
  {
    "Plan": {
      "Node Type": "Aggregate",
      "Strategy": "Plain",
      "Partial Mode": "Finalize",
      "Parallel Aware": false,
      "Startup Cost": 9644.49,
      "Total Cost": 9644.5,
      "Plan Rows": 1,
      "Plan Width": 8,
      "Actual Startup Time": 43.008,
      "Actual Total Time": 45.562,
      "Actual Rows": 1,
      "Actual Loops": 1,
      "Plans": [
        {
          "Node Type": "Gather",
          "Parent Relationship": "Outer",
          "Parallel Aware": false,
          "Startup Cost": 9644.17,
          "Total Cost": 9644.48,
          "Plan Rows": 3,
          "Plan Width": 8,
          "Actual Startup Time": 42.878,
          "Actual Total Time": 45.555,
          "Actual Rows": 4,
          "Actual Loops": 1,
          "Workers Planned": 3,
          "Workers Launched": 3,
          "Single Copy": false,
          "Plans": [
            {
              "Node Type": "Aggregate",
              "Strategy": "Plain",
              "Partial Mode": "Partial",
              "Parent Relationship": "Outer",
              "Parallel Aware": false,
              "Startup Cost": 8644.17,
              "Total Cost": 8644.18,
              "Plan Rows": 1,
              "Plan Width": 8,
              "Actual Startup Time": 34.291,
              "Actual Total Time": 34.292,
              "Actual Rows": 1,
              "Actual Loops": 4,
              "Plans": [
                {
                  "Node Type": "Index Scan",
                  "Parent Relationship": "Outer",
                  "Parallel Aware": true,
                  "Scan Direction": "Forward",
                  "Index Name": "role_id_cast_info",
                  "Relation Name": "cast_info",
                  "Alias": "ci",
                  "Startup Cost": 0.56,
                  "Total Cost": 8600.37,
                  "Plan Rows": 17521,
                  "Plan Width": 0,
                  "Actual Startup Time": 0.134,
                  "Actual Total Time": 29.348,
                  "Actual Rows": 53894,
                  "Actual Loops": 4,
                  "Index Cond": "(role_id > 10)",
                  "Rows Removed by Index Recheck": 0,
                  "Filter": "(person_id > 3012236)",
                  "Rows Removed by Filter": 25135
                }
              ]
            }
          ]
        }
      ]
    },
    "Planning Time": 0.243,
    "Triggers": [],
    "Execution Time": 45.627
  }
]