[
  {
    "Plan": {
      "Node Type": "Aggregate",
      "Strategy": "Plain",
      "Partial Mode": "Finalize",
      "Parallel Aware": false,
      "Startup Cost": 337873.42,
      "Total Cost": 337873.43,
      "Plan Rows": 1,
      "Plan Width": 8,
      "Actual Startup Time": 724.849,
      "Actual Total Time": 782.578,
      "Actual Rows": 1,
      "Actual Loops": 1,
      "Plans": [
        {
          "Node Type": "Gather",
          "Parent Relationship": "Outer",
          "Parallel Aware": false,
          "Startup Cost": 337872.79,
          "Total Cost": 337873.4,
          "Plan Rows": 6,
          "Plan Width": 8,
          "Actual Startup Time": 724.754,
          "Actual Total Time": 782.568,
          "Actual Rows": 7,
          "Actual Loops": 1,
          "Workers Planned": 6,
          "Workers Launched": 6,
          "Single Copy": false,
          "Plans": [
            {
              "Node Type": "Aggregate",
              "Strategy": "Plain",
              "Partial Mode": "Partial",
              "Parent Relationship": "Outer",
              "Parallel Aware": false,
              "Startup Cost": 336872.79,
              "Total Cost": 336872.8,
              "Plan Rows": 1,
              "Plan Width": 8,
              "Actual Startup Time": 716.971,
              "Actual Total Time": 716.972,
              "Actual Rows": 1,
              "Actual Loops": 7,
              "Plans": [
                {
                  "Node Type": "Seq Scan",
                  "Parent Relationship": "Outer",
                  "Parallel Aware": true,
                  "Relation Name": "cast_info",
                  "Alias": "ci",
                  "Startup Cost": 0.0,
                  "Total Cost": 328162.03,
                  "Plan Rows": 3484306,
                  "Plan Width": 0,
                  "Actual Startup Time": 162.386,
                  "Actual Total Time": 593.74,
                  "Actual Rows": 2993542,
                  "Actual Loops": 7,
                  "Filter": "(person_id > 1505564)",
                  "Rows Removed by Filter": 2184221
                }
              ]
            }
          ]
        }
      ]
    },
    "Planning Time": 0.131,
    "Triggers": [],
    "Execution Time": 782.634
  }
]