{
  "Plan": {
    "Node Type": "Aggregate",
    "Strategy": "Plain",
    "Partial Mode": "Finalize",
    "Parallel Aware": false,
    "Startup Cost": 246096.75,
    "Total Cost": 246096.76,
    "Plan Rows": 1,
    "Plan Width": 8,
    "Actual Startup Time": 470.706,
    "Actual Total Time": 489.89,
    "Actual Rows": 1,
    "Actual Loops": 1,
    "Plans": [
      {
        "Node Type": "Gather",
        "Parent Relationship": "Outer",
        "Parallel Aware": false,
        "Startup Cost": 246096.64,
        "Total Cost": 246096.75,
        "Plan Rows": 1,
        "Plan Width": 8,
        "Actual Startup Time": 470.494,
        "Actual Total Time": 489.883,
        "Actual Rows": 2,
        "Actual Loops": 1,
        "Workers Planned": 1,
        "Workers Launched": 1,
        "Single Copy": false,
        "Plans": [
          {
            "Node Type": "Aggregate",
            "Strategy": "Plain",
            "Partial Mode": "Partial",
            "Parent Relationship": "Outer",
            "Parallel Aware": false,
            "Startup Cost": 245096.64,
            "Total Cost": 245096.65,
            "Plan Rows": 1,
            "Plan Width": 8,
            "Actual Startup Time": 464.472,
            "Actual Total Time": 464.476,
            "Actual Rows": 1,
            "Actual Loops": 2,
            "Plans": [
              {
                "Node Type": "Nested Loop",
                "Parent Relationship": "Outer",
                "Parallel Aware": false,
                "Join Type": "Inner",
                "Startup Cost": 58807.33,
                "Total Cost": 244995.75,
                "Plan Rows": 40356,
                "Plan Width": 0,
                "Actual Startup Time": 146.502,
                "Actual Total Time": 463.6,
                "Actual Rows": 19232,
                "Actual Loops": 2,
                "Inner Unique": false,
                "Join Filter": "(t.id = mk.movie_id)",
                "Rows Removed by Join Filter": 0,
                "Plans": [
                  {
                    "Node Type": "Hash Join",
                    "Parent Relationship": "Outer",
                    "Parallel Aware": true,
                    "Join Type": "Inner",
                    "Startup Cost": 58806.9,
                    "Total Cost": 201904.97,
                    "Plan Rows": 22554,
                    "Plan Width": 8,
                    "Actual Startup Time": 146.432,
                    "Actual Total Time": 443.915,
                    "Actual Rows": 7572,
                    "Actual Loops": 2,
                    "Inner Unique": true,
                    "Hash Cond": "(ci.movie_id = t.id)",
                    "Plans": [
                      {
                        "Node Type": "Index Scan",
                        "Parent Relationship": "Outer",
                        "Parallel Aware": true,
                        "Scan Direction": "Forward",
                        "Index Name": "role_id_cast_info",
                        "Relation Name": "cast_info",
                        "Alias": "ci",
                        "Startup Cost": 0.56,
                        "Total Cost": 140896.75,
                        "Plan Rows": 838813,
                        "Plan Width": 4,
                        "Actual Startup Time": 0.114,
                        "Actual Total Time": 261.482,
                        "Actual Rows": 228756,
                        "Actual Loops": 2,
                        "Index Cond": "(role_id = 10)",
                        "Rows Removed by Index Recheck": 0,
                        "Filter": "(person_id < 1158774)",
                        "Rows Removed by Filter": 1932752
                      },
                      {
                        "Node Type": "Hash",
                        "Parent Relationship": "Inner",
                        "Parallel Aware": true,
                        "Startup Cost": 58306.47,
                        "Total Cost": 58306.47,
                        "Plan Rows": 39989,
                        "Plan Width": 4,
                        "Actual Startup Time": 143.709,
                        "Actual Total Time": 143.71,
                        "Actual Rows": 37262,
                        "Actual Loops": 2,
                        "Hash Buckets": 131072,
                        "Original Hash Buckets": 131072,
                        "Hash Batches": 1,
                        "Original Hash Batches": 1,
                        "Peak Memory Usage": 3968,
                        "Plans": [
                          {
                            "Node Type": "Seq Scan",
                            "Parent Relationship": "Outer",
                            "Parallel Aware": true,
                            "Relation Name": "title",
                            "Alias": "t",
                            "Startup Cost": 0.0,
                            "Total Cost": 58306.47,
                            "Plan Rows": 39989,
                            "Plan Width": 4,
                            "Actual Startup Time": 0.036,
                            "Actual Total Time": 132.976,
                            "Actual Rows": 37262,
                            "Actual Loops": 2,
                            "Filter": "((kind_id = 7) AND (production_year = 2006))",
                            "Rows Removed by Filter": 1226894
                          }
                        ]
                      }
                    ]
                  },
                  {
                    "Node Type": "Index Only Scan",
                    "Parent Relationship": "Inner",
                    "Parallel Aware": false,
                    "Scan Direction": "Forward",
                    "Index Name": "movie_id_movie_keyword",
                    "Relation Name": "movie_keyword",
                    "Alias": "mk",
                    "Startup Cost": 0.43,
                    "Total Cost": 1.35,
                    "Plan Rows": 45,
                    "Plan Width": 4,
                    "Actual Startup Time": 0.002,
                    "Actual Total Time": 0.002,
                    "Actual Rows": 3,
                    "Actual Loops": 15145,
                    "Index Cond": "(movie_id = ci.movie_id)",
                    "Rows Removed by Index Recheck": 0,
                    "Heap Fetches": 38464
                  }
                ]
              }
            ]
          }
        ]
      }
    ]
  },
  "Planning Time": 1.019,
  "Triggers": [],
  "Execution Time": 489.985
}