[
  {
    "Plan": {
      "Node Type": "Aggregate",
      "Strategy": "Plain",
      "Partial Mode": "Finalize",
      "Parallel Aware": false,
      "Startup Cost": 33451.68,
      "Total Cost": 33451.69,
      "Plan Rows": 1,
      "Plan Width": 8,
      "Actual Startup Time": 102.842,
      "Actual Total Time": 111.452,
      "Actual Rows": 1,
      "Actual Loops": 1,
      "Plans": [
        {
          "Node Type": "Gather",
          "Parent Relationship": "Outer",
          "Parallel Aware": false,
          "Startup Cost": 33451.36,
          "Total Cost": 33451.67,
          "Plan Rows": 3,
          "Plan Width": 8,
          "Actual Startup Time": 102.721,
          "Actual Total Time": 111.446,
          "Actual Rows": 4,
          "Actual Loops": 1,
          "Workers Planned": 3,
          "Workers Launched": 3,
          "Single Copy": false,
          "Plans": [
            {
              "Node Type": "Aggregate",
              "Strategy": "Plain",
              "Partial Mode": "Partial",
              "Parent Relationship": "Outer",
              "Parallel Aware": false,
              "Startup Cost": 32451.36,
              "Total Cost": 32451.37,
              "Plan Rows": 1,
              "Plan Width": 8,
              "Actual Startup Time": 96.842,
              "Actual Total Time": 96.843,
              "Actual Rows": 1,
              "Actual Loops": 4,
              "Plans": [
                {
                  "Node Type": "Seq Scan",
                  "Parent Relationship": "Outer",
                  "Parallel Aware": true,
                  "Relation Name": "movie_companies",
                  "Alias": "mc",
                  "Startup Cost": 0.0,
                  "Total Cost": 31414.82,
                  "Plan Rows": 414617,
                  "Plan Width": 0,
                  "Actual Startup Time": 47.059,
                  "Actual Total Time": 84.077,
                  "Actual Rows": 329584,
                  "Actual Loops": 4,
                  "Filter": "((company_id > 11) AND (company_type_id = 2))",
                  "Rows Removed by Filter": 322698
                }
              ]
            }
          ]
        }
      ]
    },
    "Planning Time": 0.282,
    "Triggers": [],
    "Execution Time": 111.501
  }
]