{
  "Plan": {
    "Node Type": "Aggregate",
    "Strategy": "Plain",
    "Partial Mode": "Simple",
    "Parallel Aware": false,
    "Startup Cost": 345646.96,
    "Total Cost": 345646.97,
    "Plan Rows": 1,
    "Plan Width": 64,
    "Actual Startup Time": 2816.164,
    "Actual Total Time": 2816.3,
    "Actual Rows": 1,
    "Actual Loops": 1,
    "Plans": [
      {
        "Node Type": "Merge Join",
        "Parent Relationship": "Outer",
        "Parallel Aware": false,
        "Join Type": "Inner",
        "Startup Cost": 345554.01,
        "Total Cost": 345646.95,
        "Plan Rows": 2,
        "Plan Width": 23,
        "Actual Startup Time": 2653.857,
        "Actual Total Time": 2816.219,
        "Actual Rows": 740,
        "Actual Loops": 1,
        "Inner Unique": false,
        "Merge Cond": "(k.id = mk.keyword_id)",
        "Plans": [
          {
            "Node Type": "Sort",
            "Parent Relationship": "Outer",
            "Parallel Aware": false,
            "Startup Cost": 2626.37,
            "Total Cost": 2626.4,
            "Plan Rows": 13,
            "Plan Width": 4,
            "Actual Startup Time": 31.313,
            "Actual Total Time": 31.323,
            "Actual Rows": 30,
            "Actual Loops": 1,
            "Sort Key": [
              "k.id"
            ],
            "Sort Method": "quicksort",
            "Sort Space Used": 26,
            "Sort Space Type": "Memory",
            "Plans": [
              {
                "Node Type": "Seq Scan",
                "Parent Relationship": "Outer",
                "Parallel Aware": false,
                "Relation Name": "keyword",
                "Alias": "k",
                "Startup Cost": 0.0,
                "Total Cost": 2626.12,
                "Plan Rows": 13,
                "Plan Width": 4,
                "Actual Startup Time": 2.697,
                "Actual Total Time": 31.231,
                "Actual Rows": 30,
                "Actual Loops": 1,
                "Filter": "(keyword ~~ '%sequel%'::text)",
                "Rows Removed by Filter": 134140
              }
            ]
          },
          {
            "Node Type": "Sort",
            "Parent Relationship": "Inner",
            "Parallel Aware": false,
            "Startup Cost": 342927.31,
            "Total Cost": 342973.91,
            "Plan Rows": 18638,
            "Plan Width": 27,
            "Actual Startup Time": 2604.66,
            "Actual Total Time": 2728.995,
            "Actual Rows": 696501,
            "Actual Loops": 1,
            "Sort Key": [
              "mk.keyword_id"
            ],
            "Sort Method": "quicksort",
            "Sort Space Used": 77466,
            "Sort Space Type": "Memory",
            "Plans": [
              {
                "Node Type": "Gather",
                "Parent Relationship": "Outer",
                "Parallel Aware": false,
                "Startup Cost": 70200.55,
                "Total Cost": 341605.32,
                "Plan Rows": 18638,
                "Plan Width": 27,
                "Actual Startup Time": 378.272,
                "Actual Total Time": 2429.445,
                "Actual Rows": 697651,
                "Actual Loops": 1,
                "Workers Planned": 3,
                "Workers Launched": 3,
                "Single Copy": false,
                "Plans": [
                  {
                    "Node Type": "Merge Join",
                    "Parent Relationship": "Outer",
                    "Parallel Aware": false,
                    "Join Type": "Inner",
                    "Startup Cost": 69200.55,
                    "Total Cost": 338741.52,
                    "Plan Rows": 6012,
                    "Plan Width": 27,
                    "Actual Startup Time": 414.384,
                    "Actual Total Time": 2440.682,
                    "Actual Rows": 174413,
                    "Actual Loops": 4,
                    "Inner Unique": true,
                    "Merge Cond": "(mi_idx.movie_id = t.id)",
                    "Plans": [
                      {
                        "Node Type": "Merge Join",
                        "Parent Relationship": "Outer",
                        "Parallel Aware": false,
                        "Join Type": "Inner",
                        "Startup Cost": 69194.75,
                        "Total Cost": 219535.72,
                        "Plan Rows": 14872,
                        "Plan Width": 18,
                        "Actual Startup Time": 410.754,
                        "Actual Total Time": 826.118,
                        "Actual Rows": 720414,
                        "Actual Loops": 4,
                        "Inner Unique": false,
                        "Merge Cond": "(mk.movie_id = mi_idx.movie_id)",
                        "Plans": [
                          {
                            "Node Type": "Index Scan",
                            "Parent Relationship": "Outer",
                            "Parallel Aware": true,
                            "Scan Direction": "Forward",
                            "Index Name": "movie_id_movie_keyword",
                            "Relation Name": "movie_keyword",
                            "Alias": "mk",
                            "Startup Cost": 0.43,
                            "Total Cost": 146502.5,
                            "Plan Rows": 1459332,
                            "Plan Width": 8,
                            "Actual Startup Time": 0.103,
                            "Actual Total Time": 198.673,
                            "Actual Rows": 1130981,
                            "Actual Loops": 4
                          },
                          {
                            "Node Type": "Sort",
                            "Parent Relationship": "Inner",
                            "Parallel Aware": false,
                            "Startup Cost": 69194.32,
                            "Total Cost": 69205.81,
                            "Plan Rows": 4596,
                            "Plan Width": 10,
                            "Actual Startup Time": 410.608,
                            "Actual Total Time": 450.298,
                            "Actual Rows": 1027766,
                            "Actual Loops": 4,
                            "Sort Key": [
                              "mi_idx.movie_id"
                            ],
                            "Sort Method": "quicksort",
                            "Sort Space Used": 28835,
                            "Sort Space Type": "Memory",
                            "Workers": [
                              {
                                "Worker Number": 0,
                                "Sort Method": "quicksort",
                                "Sort Space Used": 28835,
                                "Sort Space Type": "Memory"
                              },
                              {
                                "Worker Number": 1,
                                "Sort Method": "quicksort",
                                "Sort Space Used": 28835,
                                "Sort Space Type": "Memory"
                              },
                              {
                                "Worker Number": 2,
                                "Sort Method": "quicksort",
                                "Sort Space Used": 28835,
                                "Sort Space Type": "Memory"
                              }
                            ],
                            "Plans": [
                              {
                                "Node Type": "Merge Join",
                                "Parent Relationship": "Outer",
                                "Parallel Aware": false,
                                "Join Type": "Inner",
                                "Startup Cost": 14.55,
                                "Total Cost": 68914.74,
                                "Plan Rows": 4596,
                                "Plan Width": 10,
                                "Actual Startup Time": 202.817,
                                "Actual Total Time": 330.857,
                                "Actual Rows": 352990,
                                "Actual Loops": 4,
                                "Inner Unique": false,
                                "Merge Cond": "(it.id = mi_idx.info_type_id)",
                                "Plans": [
                                  {
                                    "Node Type": "Index Scan",
                                    "Parent Relationship": "Outer",
                                    "Parallel Aware": false,
                                    "Scan Direction": "Forward",
                                    "Index Name": "info_type_pkey",
                                    "Relation Name": "info_type",
                                    "Alias": "it",
                                    "Startup Cost": 0.14,
                                    "Total Cost": 14.12,
                                    "Plan Rows": 1,
                                    "Plan Width": 4,
                                    "Actual Startup Time": 0.153,
                                    "Actual Total Time": 0.158,
                                    "Actual Rows": 1,
                                    "Actual Loops": 4,
                                    "Filter": "((info)::text = 'rating'::text)",
                                    "Rows Removed by Filter": 112
                                  },
                                  {
                                    "Node Type": "Index Scan",
                                    "Parent Relationship": "Inner",
                                    "Parallel Aware": false,
                                    "Scan Direction": "Forward",
                                    "Index Name": "info_type_id_movie_info_idx",
                                    "Relation Name": "movie_info_idx",
                                    "Alias": "mi_idx",
                                    "Startup Cost": 0.43,
                                    "Total Cost": 67556.34,
                                    "Plan Rows": 519329,
                                    "Plan Width": 14,
                                    "Actual Startup Time": 0.482,
                                    "Actual Total Time": 292.043,
                                    "Actual Rows": 517625,
                                    "Actual Loops": 4,
                                    "Filter": "(info > '5.0'::text)",
                                    "Rows Removed by Filter": 862156
                                  }
                                ]
                              }
                            ]
                          }
                        ]
                      },
                      {
                        "Node Type": "Index Scan",
                        "Parent Relationship": "Inner",
                        "Parallel Aware": false,
                        "Scan Direction": "Forward",
                        "Index Name": "title_pkey",
                        "Relation Name": "title",
                        "Alias": "t",
                        "Startup Cost": 0.43,
                        "Total Cost": 116680.33,
                        "Plan Rows": 1022218,
                        "Plan Width": 21,
                        "Actual Startup Time": 0.055,
                        "Actual Total Time": 1518.853,
                        "Actual Rows": 1012578,
                        "Actual Loops": 4,
                        "Filter": "(production_year > 2005)",
                        "Rows Removed by Filter": 1513022
                      }
                    ]
                  }
                ]
              }
            ]
          }
        ]
      }
    ]
  },
  "Planning Time": 6.892,
  "Triggers": [],
  "Execution Time": 2824.638
}