{
  "Plan": {
    "Node Type": "Aggregate",
    "Strategy": "Plain",
    "Partial Mode": "Finalize",
    "Parallel Aware": false,
    "Startup Cost": 377702.9,
    "Total Cost": 377702.91,
    "Plan Rows": 1,
    "Plan Width": 8,
    "Actual Startup Time": 428.358,
    "Actual Total Time": 444.946,
    "Actual Rows": 1,
    "Actual Loops": 1,
    "Plans": [
      {
        "Node Type": "Gather",
        "Parent Relationship": "Outer",
        "Parallel Aware": false,
        "Startup Cost": 377702.79,
        "Total Cost": 377702.9,
        "Plan Rows": 1,
        "Plan Width": 8,
        "Actual Startup Time": 427.124,
        "Actual Total Time": 444.936,
        "Actual Rows": 2,
        "Actual Loops": 1,
        "Workers Planned": 1,
        "Workers Launched": 1,
        "Single Copy": false,
        "Plans": [
          {
            "Node Type": "Aggregate",
            "Strategy": "Plain",
            "Partial Mode": "Partial",
            "Parent Relationship": "Outer",
            "Parallel Aware": false,
            "Startup Cost": 376702.79,
            "Total Cost": 376702.8,
            "Plan Rows": 1,
            "Plan Width": 8,
            "Actual Startup Time": 421.268,
            "Actual Total Time": 421.272,
            "Actual Rows": 1,
            "Actual Loops": 2,
            "Plans": [
              {
                "Node Type": "Nested Loop",
                "Parent Relationship": "Outer",
                "Parallel Aware": false,
                "Join Type": "Inner",
                "Startup Cost": 78660.28,
                "Total Cost": 376616.34,
                "Plan Rows": 34581,
                "Plan Width": 0,
                "Actual Startup Time": 228.068,
                "Actual Total Time": 420.419,
                "Actual Rows": 16316,
                "Actual Loops": 2,
                "Inner Unique": false,
                "Join Filter": "(t.id = mi_idx.movie_id)",
                "Rows Removed by Join Filter": 0,
                "Plans": [
                  {
                    "Node Type": "Hash Join",
                    "Parent Relationship": "Outer",
                    "Parallel Aware": true,
                    "Join Type": "Inner",
                    "Startup Cost": 78659.86,
                    "Total Cost": 340235.74,
                    "Plan Rows": 63353,
                    "Plan Width": 8,
                    "Actual Startup Time": 227.896,
                    "Actual Total Time": 379.986,
                    "Actual Rows": 10357,
                    "Actual Loops": 2,
                    "Inner Unique": true,
                    "Hash Cond": "(ci.movie_id = t.id)",
                    "Plans": [
                      {
                        "Node Type": "Bitmap Heap Scan",
                        "Parent Relationship": "Outer",
                        "Parallel Aware": true,
                        "Relation Name": "cast_info",
                        "Alias": "ci",
                        "Startup Cost": 22067.44,
                        "Total Cost": 282100.63,
                        "Plan Rows": 587695,
                        "Plan Width": 4,
                        "Actual Startup Time": 33.382,
                        "Actual Total Time": 95.165,
                        "Actual Rows": 484409,
                        "Actual Loops": 2,
                        "Recheck Cond": "(person_id > 3875593)",
                        "Rows Removed by Index Recheck": 0,
                        "Exact Heap Blocks": 7270,
                        "Lossy Heap Blocks": 0,
                        "Plans": [
                          {
                            "Node Type": "Bitmap Index Scan",
                            "Parent Relationship": "Outer",
                            "Parallel Aware": false,
                            "Index Name": "person_id_cast_info",
                            "Startup Cost": 0.0,
                            "Total Cost": 21817.67,
                            "Plan Rows": 999081,
                            "Plan Width": 0,
                            "Actual Startup Time": 31.187,
                            "Actual Total Time": 31.187,
                            "Actual Rows": 968818,
                            "Actual Loops": 1,
                            "Index Cond": "(person_id > 3875593)"
                          }
                        ]
                      },
                      {
                        "Node Type": "Hash",
                        "Parent Relationship": "Inner",
                        "Parallel Aware": true,
                        "Startup Cost": 54588.39,
                        "Total Cost": 54588.39,
                        "Plan Rows": 160322,
                        "Plan Width": 4,
                        "Actual Startup Time": 188.69,
                        "Actual Total Time": 188.691,
                        "Actual Rows": 142528,
                        "Actual Loops": 2,
                        "Hash Buckets": 524288,
                        "Original Hash Buckets": 524288,
                        "Hash Batches": 1,
                        "Original Hash Batches": 1,
                        "Peak Memory Usage": 15264,
                        "Plans": [
                          {
                            "Node Type": "Seq Scan",
                            "Parent Relationship": "Outer",
                            "Parallel Aware": true,
                            "Relation Name": "title",
                            "Alias": "t",
                            "Startup Cost": 0.0,
                            "Total Cost": 54588.39,
                            "Plan Rows": 160322,
                            "Plan Width": 4,
                            "Actual Startup Time": 0.028,
                            "Actual Total Time": 144.109,
                            "Actual Rows": 142528,
                            "Actual Loops": 2,
                            "Filter": "(production_year < 1964)",
                            "Rows Removed by Filter": 1121628
                          }
                        ]
                      }
                    ]
                  },
                  {
                    "Node Type": "Index Only Scan",
                    "Parent Relationship": "Inner",
                    "Parallel Aware": false,
                    "Scan Direction": "Forward",
                    "Index Name": "movie_id_movie_info_idx",
                    "Relation Name": "movie_info_idx",
                    "Alias": "mi_idx",
                    "Startup Cost": 0.43,
                    "Total Cost": 0.54,
                    "Plan Rows": 3,
                    "Plan Width": 4,
                    "Actual Startup Time": 0.003,
                    "Actual Total Time": 0.004,
                    "Actual Rows": 2,
                    "Actual Loops": 20714,
                    "Index Cond": "(movie_id = ci.movie_id)",
                    "Rows Removed by Index Recheck": 0,
                    "Heap Fetches": 32632
                  }
                ]
              }
            ]
          }
        ]
      }
    ]
  },
  "Planning Time": 1.015,
  "Triggers": [],
  "Execution Time": 445.059
}