[
  {
    "Plan": {
      "Node Type": "Aggregate",
      "Strategy": "Plain",
      "Partial Mode": "Finalize",
      "Parallel Aware": false,
      "Startup Cost": 46499.54,
      "Total Cost": 46499.55,
      "Plan Rows": 1,
      "Plan Width": 8,
      "Actual Startup Time": 94.057,
      "Actual Total Time": 106.505,
      "Actual Rows": 1,
      "Actual Loops": 1,
      "Plans": [
        {
          "Node Type": "Gather",
          "Parent Relationship": "Outer",
          "Parallel Aware": false,
          "Startup Cost": 46499.12,
          "Total Cost": 46499.53,
          "Plan Rows": 4,
          "Plan Width": 8,
          "Actual Startup Time": 93.865,
          "Actual Total Time": 106.489,
          "Actual Rows": 5,
          "Actual Loops": 1,
          "Workers Planned": 4,
          "Workers Launched": 4,
          "Single Copy": false,
          "Plans": [
            {
              "Node Type": "Aggregate",
              "Strategy": "Plain",
              "Partial Mode": "Partial",
              "Parent Relationship": "Outer",
              "Parallel Aware": false,
              "Startup Cost": 45499.12,
              "Total Cost": 45499.13,
              "Plan Rows": 1,
              "Plan Width": 8,
              "Actual Startup Time": 87.174,
              "Actual Total Time": 87.176,
              "Actual Rows": 1,
              "Actual Loops": 5,
              "Plans": [
                {
                  "Node Type": "Seq Scan",
                  "Parent Relationship": "Outer",
                  "Parallel Aware": true,
                  "Relation Name": "title",
                  "Alias": "t",
                  "Startup Cost": 0.0,
                  "Total Cost": 45479.59,
                  "Plan Rows": 7814,
                  "Plan Width": 0,
                  "Actual Startup Time": 53.202,
                  "Actual Total Time": 85.717,
                  "Actual Rows": 26063,
                  "Actual Loops": 5,
                  "Filter": "((production_year < 1936) AND (kind_id = 1))",
                  "Rows Removed by Filter": 479600
                }
              ]
            }
          ]
        }
      ]
    },
    "Planning Time": 0.095,
    "Triggers": [],
    "Execution Time": 106.538
  }
]