[
  {
    "Plan": {
      "Node Type": "Aggregate",
      "Strategy": "Plain",
      "Partial Mode": "Finalize",
      "Parallel Aware": false,
      "Startup Cost": 79706.91,
      "Total Cost": 79706.92,
      "Plan Rows": 1,
      "Plan Width": 8,
      "Actual Startup Time": 66.913,
      "Actual Total Time": 76.813,
      "Actual Rows": 1,
      "Actual Loops": 1,
      "Plans": [
        {
          "Node Type": "Gather",
          "Parent Relationship": "Outer",
          "Parallel Aware": false,
          "Startup Cost": 79706.49,
          "Total Cost": 79706.9,
          "Plan Rows": 4,
          "Plan Width": 8,
          "Actual Startup Time": 66.731,
          "Actual Total Time": 76.807,
          "Actual Rows": 5,
          "Actual Loops": 1,
          "Workers Planned": 4,
          "Workers Launched": 4,
          "Single Copy": false,
          "Plans": [
            {
              "Node Type": "Aggregate",
              "Strategy": "Plain",
              "Partial Mode": "Partial",
              "Parent Relationship": "Outer",
              "Parallel Aware": false,
              "Startup Cost": 78706.49,
              "Total Cost": 78706.5,
              "Plan Rows": 1,
              "Plan Width": 8,
              "Actual Startup Time": 60.802,
              "Actual Total Time": 60.803,
              "Actual Rows": 1,
              "Actual Loops": 5,
              "Plans": [
                {
                  "Node Type": "Nested Loop",
                  "Parent Relationship": "Outer",
                  "Parallel Aware": false,
                  "Join Type": "Inner",
                  "Startup Cost": 1806.68,
                  "Total Cost": 78689.59,
                  "Plan Rows": 6763,
                  "Plan Width": 0,
                  "Actual Startup Time": 3.985,
                  "Actual Total Time": 60.403,
                  "Actual Rows": 6003,
                  "Actual Loops": 5,
                  "Inner Unique": false,
                  "Plans": [
                    {
                      "Node Type": "Bitmap Heap Scan",
                      "Parent Relationship": "Outer",
                      "Parallel Aware": true,
                      "Relation Name": "title",
                      "Alias": "t",
                      "Startup Cost": 1806.25,
                      "Total Cost": 38182.23,
                      "Plan Rows": 5847,
                      "Plan Width": 4,
                      "Actual Startup Time": 3.715,
                      "Actual Total Time": 20.677,
                      "Actual Rows": 5749,
                      "Actual Loops": 5,
                      "Recheck Cond": "(kind_id = 3)",
                      "Rows Removed by Index Recheck": 0,
                      "Filter": "(production_year < 1985)",
                      "Rows Removed by Filter": 14358,
                      "Exact Heap Blocks": 5563,
                      "Lossy Heap Blocks": 0,
                      "Plans": [
                        {
                          "Node Type": "Bitmap Index Scan",
                          "Parent Relationship": "Outer",
                          "Parallel Aware": false,
                          "Index Name": "kind_id_title",
                          "Startup Cost": 0.0,
                          "Total Cost": 1800.4,
                          "Plan Rows": 100796,
                          "Plan Width": 0,
                          "Actual Startup Time": 6.057,
                          "Actual Total Time": 6.058,
                          "Actual Rows": 100537,
                          "Actual Loops": 1,
                          "Index Cond": "(kind_id = 3)"
                        }
                      ]
                    },
                    {
                      "Node Type": "Index Scan",
                      "Parent Relationship": "Inner",
                      "Parallel Aware": false,
                      "Scan Direction": "Forward",
                      "Index Name": "movie_id_movie_keyword",
                      "Relation Name": "movie_keyword",
                      "Alias": "mk",
                      "Startup Cost": 0.43,
                      "Total Cost": 6.64,
                      "Plan Rows": 29,
                      "Plan Width": 4,
                      "Actual Startup Time": 0.006,
                      "Actual Total Time": 0.007,
                      "Actual Rows": 1,
                      "Actual Loops": 28747,
                      "Index Cond": "(movie_id = t.id)",
                      "Rows Removed by Index Recheck": 0,
                      "Filter": "(keyword_id > 2477)",
                      "Rows Removed by Filter": 1
                    }
                  ]
                }
              ]
            }
          ]
        }
      ]
    },
    "Planning Time": 0.258,
    "Triggers": [],
    "Execution Time": 76.853
  }
]