[
  {
    "Plan": {
      "Node Type": "Aggregate",
      "Strategy": "Plain",
      "Partial Mode": "Finalize",
      "Parallel Aware": false,
      "Startup Cost": 112503.22,
      "Total Cost": 112503.23,
      "Plan Rows": 1,
      "Plan Width": 8,
      "Actual Startup Time": 156.856,
      "Actual Total Time": 167.246,
      "Actual Rows": 1,
      "Actual Loops": 1,
      "Plans": [
        {
          "Node Type": "Gather",
          "Parent Relationship": "Outer",
          "Parallel Aware": false,
          "Startup Cost": 112502.7,
          "Total Cost": 112503.21,
          "Plan Rows": 5,
          "Plan Width": 8,
          "Actual Startup Time": 156.741,
          "Actual Total Time": 167.239,
          "Actual Rows": 6,
          "Actual Loops": 1,
          "Workers Planned": 5,
          "Workers Launched": 5,
          "Single Copy": false,
          "Plans": [
            {
              "Node Type": "Aggregate",
              "Strategy": "Plain",
              "Partial Mode": "Partial",
              "Parent Relationship": "Outer",
              "Parallel Aware": false,
              "Startup Cost": 111502.7,
              "Total Cost": 111502.71,
              "Plan Rows": 1,
              "Plan Width": 8,
              "Actual Startup Time": 148.787,
              "Actual Total Time": 148.789,
              "Actual Rows": 1,
              "Actual Loops": 6,
              "Plans": [
                {
                  "Node Type": "Index Scan",
                  "Parent Relationship": "Outer",
                  "Parallel Aware": true,
                  "Scan Direction": "Forward",
                  "Index Name": "role_id_cast_info",
                  "Relation Name": "cast_info",
                  "Alias": "ci",
                  "Startup Cost": 0.56,
                  "Total Cost": 110428.26,
                  "Plan Rows": 429778,
                  "Plan Width": 0,
                  "Actual Startup Time": 0.206,
                  "Actual Total Time": 137.203,
                  "Actual Rows": 236994,
                  "Actual Loops": 6,
                  "Index Cond": "(role_id = 3)",
                  "Rows Removed by Index Recheck": 0,
                  "Filter": "(person_id < 1933566)",
                  "Rows Removed by Filter": 431012
                }
              ]
            }
          ]
        }
      ]
    },
    "Planning Time": 0.202,
    "Triggers": [],
    "Execution Time": 167.301
  }
]