{
  "Plan": {
    "Node Type": "Aggregate",
    "Strategy": "Plain",
    "Partial Mode": "Finalize",
    "Parallel Aware": false,
    "Startup Cost": 500833.41,
    "Total Cost": 500833.42,
    "Plan Rows": 1,
    "Plan Width": 8,
    "Actual Startup Time": 1177.315,
    "Actual Total Time": 1201.361,
    "Actual Rows": 1,
    "Actual Loops": 1,
    "Plans": [
      {
        "Node Type": "Gather",
        "Parent Relationship": "Outer",
        "Parallel Aware": false,
        "Startup Cost": 500833.3,
        "Total Cost": 500833.41,
        "Plan Rows": 1,
        "Plan Width": 8,
        "Actual Startup Time": 1176.039,
        "Actual Total Time": 1201.351,
        "Actual Rows": 2,
        "Actual Loops": 1,
        "Workers Planned": 1,
        "Workers Launched": 1,
        "Single Copy": false,
        "Plans": [
          {
            "Node Type": "Aggregate",
            "Strategy": "Plain",
            "Partial Mode": "Partial",
            "Parent Relationship": "Outer",
            "Parallel Aware": false,
            "Startup Cost": 499833.3,
            "Total Cost": 499833.31,
            "Plan Rows": 1,
            "Plan Width": 8,
            "Actual Startup Time": 1169.738,
            "Actual Total Time": 1169.744,
            "Actual Rows": 1,
            "Actual Loops": 2,
            "Plans": [
              {
                "Node Type": "Hash Join",
                "Parent Relationship": "Outer",
                "Parallel Aware": true,
                "Join Type": "Inner",
                "Startup Cost": 455508.58,
                "Total Cost": 499284.55,
                "Plan Rows": 219499,
                "Plan Width": 0,
                "Actual Startup Time": 912.621,
                "Actual Total Time": 1162.587,
                "Actual Rows": 174363,
                "Actual Loops": 2,
                "Inner Unique": false,
                "Hash Cond": "(mc.movie_id = t.id)",
                "Plans": [
                  {
                    "Node Type": "Seq Scan",
                    "Parent Relationship": "Outer",
                    "Parallel Aware": true,
                    "Relation Name": "movie_companies",
                    "Alias": "mc",
                    "Startup Cost": 0.0,
                    "Total Cost": 37974.77,
                    "Plan Rows": 1202674,
                    "Plan Width": 4,
                    "Actual Startup Time": 0.017,
                    "Actual Total Time": 119.198,
                    "Actual Rows": 1010528,
                    "Actual Loops": 2,
                    "Filter": "(company_id < 70883)",
                    "Rows Removed by Filter": 294036
                  },
                  {
                    "Node Type": "Hash",
                    "Parent Relationship": "Inner",
                    "Parallel Aware": true,
                    "Startup Cost": 452115.65,
                    "Total Cost": 452115.65,
                    "Plan Rows": 271434,
                    "Plan Width": 8,
                    "Actual Startup Time": 906.401,
                    "Actual Total Time": 906.406,
                    "Actual Rows": 150696,
                    "Actual Loops": 2,
                    "Hash Buckets": 524288,
                    "Original Hash Buckets": 524288,
                    "Hash Batches": 1,
                    "Original Hash Batches": 1,
                    "Peak Memory Usage": 15904,
                    "Plans": [
                      {
                        "Node Type": "Hash Join",
                        "Parent Relationship": "Outer",
                        "Parallel Aware": true,
                        "Join Type": "Inner",
                        "Startup Cost": 159453.54,
                        "Total Cost": 452115.65,
                        "Plan Rows": 271434,
                        "Plan Width": 8,
                        "Actual Startup Time": 343.235,
                        "Actual Total Time": 866.863,
                        "Actual Rows": 150696,
                        "Actual Loops": 2,
                        "Inner Unique": true,
                        "Hash Cond": "(ci.movie_id = t.id)",
                        "Plans": [
                          {
                            "Node Type": "Bitmap Heap Scan",
                            "Parent Relationship": "Outer",
                            "Parallel Aware": true,
                            "Relation Name": "cast_info",
                            "Alias": "ci",
                            "Startup Cost": 99237.85,
                            "Total Cost": 384962.12,
                            "Plan Rows": 2642982,
                            "Plan Width": 4,
                            "Actual Startup Time": 189.303,
                            "Actual Total Time": 406.726,
                            "Actual Rows": 2301196,
                            "Actual Loops": 2,
                            "Recheck Cond": "(person_id < 445233)",
                            "Rows Removed by Index Recheck": 0,
                            "Exact Heap Blocks": 25644,
                            "Lossy Heap Blocks": 0,
                            "Plans": [
                              {
                                "Node Type": "Bitmap Index Scan",
                                "Parent Relationship": "Outer",
                                "Parallel Aware": false,
                                "Index Name": "person_id_cast_info",
                                "Startup Cost": 0.0,
                                "Total Cost": 98114.58,
                                "Plan Rows": 4493069,
                                "Plan Width": 0,
                                "Actual Startup Time": 181.577,
                                "Actual Total Time": 181.578,
                                "Actual Rows": 4602391,
                                "Actual Loops": 1,
                                "Index Cond": "(person_id < 445233)"
                              }
                            ]
                          },
                          {
                            "Node Type": "Hash",
                            "Parent Relationship": "Inner",
                            "Parallel Aware": true,
                            "Startup Cost": 58306.47,
                            "Total Cost": 58306.47,
                            "Plan Rows": 152738,
                            "Plan Width": 4,
                            "Actual Startup Time": 152.06,
                            "Actual Total Time": 152.061,
                            "Actual Rows": 80843,
                            "Actual Loops": 2,
                            "Hash Buckets": 262144,
                            "Original Hash Buckets": 262144,
                            "Hash Batches": 1,
                            "Original Hash Batches": 1,
                            "Peak Memory Usage": 8416,
                            "Plans": [
                              {
                                "Node Type": "Seq Scan",
                                "Parent Relationship": "Outer",
                                "Parallel Aware": true,
                                "Relation Name": "title",
                                "Alias": "t",
                                "Startup Cost": 0.0,
                                "Total Cost": 58306.47,
                                "Plan Rows": 152738,
                                "Plan Width": 4,
                                "Actual Startup Time": 0.034,
                                "Actual Total Time": 131.363,
                                "Actual Rows": 80843,
                                "Actual Loops": 2,
                                "Filter": "((production_year < 1975) AND (kind_id = 7))",
                                "Rows Removed by Filter": 1183313
                              }
                            ]
                          }
                        ]
                      }
                    ]
                  }
                ]
              }
            ]
          }
        ]
      }
    ]
  },
  "Planning Time": 1.05,
  "Triggers": [],
  "Execution Time": 1201.462
}