[
  {
    "Plan": {
      "Node Type": "Aggregate",
      "Strategy": "Plain",
      "Partial Mode": "Finalize",
      "Parallel Aware": false,
      "Startup Cost": 30752.93,
      "Total Cost": 30752.94,
      "Plan Rows": 1,
      "Plan Width": 8,
      "Actual Startup Time": 110.646,
      "Actual Total Time": 126.734,
      "Actual Rows": 1,
      "Actual Loops": 1,
      "Plans": [
        {
          "Node Type": "Gather",
          "Parent Relationship": "Outer",
          "Parallel Aware": false,
          "Startup Cost": 30752.62,
          "Total Cost": 30752.93,
          "Plan Rows": 3,
          "Plan Width": 8,
          "Actual Startup Time": 110.408,
          "Actual Total Time": 126.72,
          "Actual Rows": 4,
          "Actual Loops": 1,
          "Workers Planned": 3,
          "Workers Launched": 3,
          "Single Copy": false,
          "Plans": [
            {
              "Node Type": "Aggregate",
              "Strategy": "Plain",
              "Partial Mode": "Partial",
              "Parent Relationship": "Outer",
              "Parallel Aware": false,
              "Startup Cost": 29752.62,
              "Total Cost": 29752.63,
              "Plan Rows": 1,
              "Plan Width": 8,
              "Actual Startup Time": 101.267,
              "Actual Total Time": 101.269,
              "Actual Rows": 1,
              "Actual Loops": 4,
              "Plans": [
                {
                  "Node Type": "Seq Scan",
                  "Parent Relationship": "Outer",
                  "Parallel Aware": true,
                  "Relation Name": "movie_companies",
                  "Alias": "mc",
                  "Startup Cost": 0.0,
                  "Total Cost": 29310.68,
                  "Plan Rows": 176774,
                  "Plan Width": 0,
                  "Actual Startup Time": 53.291,
                  "Actual Total Time": 93.162,
                  "Actual Rows": 136188,
                  "Actual Loops": 4,
                  "Filter": "(company_id > 72041)",
                  "Rows Removed by Filter": 516095
                }
              ]
            }
          ]
        }
      ]
    },
    "Planning Time": 0.212,
    "Triggers": [],
    "Execution Time": 126.794
  }
]