[
  {
    "Plan": {
      "Node Type": "Aggregate",
      "Strategy": "Plain",
      "Partial Mode": "Finalize",
      "Parallel Aware": false,
      "Startup Cost": 30742.38,
      "Total Cost": 30742.39,
      "Plan Rows": 1,
      "Plan Width": 8,
      "Actual Startup Time": 88.511,
      "Actual Total Time": 96.242,
      "Actual Rows": 1,
      "Actual Loops": 1,
      "Plans": [
        {
          "Node Type": "Gather",
          "Parent Relationship": "Outer",
          "Parallel Aware": false,
          "Startup Cost": 30742.06,
          "Total Cost": 30742.37,
          "Plan Rows": 3,
          "Plan Width": 8,
          "Actual Startup Time": 88.387,
          "Actual Total Time": 96.235,
          "Actual Rows": 4,
          "Actual Loops": 1,
          "Workers Planned": 3,
          "Workers Launched": 3,
          "Single Copy": false,
          "Plans": [
            {
              "Node Type": "Aggregate",
              "Strategy": "Plain",
              "Partial Mode": "Partial",
              "Parent Relationship": "Outer",
              "Parallel Aware": false,
              "Startup Cost": 29742.06,
              "Total Cost": 29742.07,
              "Plan Rows": 1,
              "Plan Width": 8,
              "Actual Startup Time": 80.37,
              "Actual Total Time": 80.371,
              "Actual Rows": 1,
              "Actual Loops": 4,
              "Plans": [
                {
                  "Node Type": "Seq Scan",
                  "Parent Relationship": "Outer",
                  "Parallel Aware": true,
                  "Relation Name": "movie_companies",
                  "Alias": "mc",
                  "Startup Cost": 0.0,
                  "Total Cost": 29310.68,
                  "Plan Rows": 172551,
                  "Plan Width": 0,
                  "Actual Startup Time": 45.634,
                  "Actual Total Time": 74.848,
                  "Actual Rows": 136188,
                  "Actual Loops": 4,
                  "Filter": "(company_id > 72041)",
                  "Rows Removed by Filter": 516095
                }
              ]
            }
          ]
        }
      ]
    },
    "Planning Time": 0.192,
    "Triggers": [],
    "Execution Time": 96.3
  }
]