[
  {
    "Plan": {
      "Node Type": "Aggregate",
      "Strategy": "Plain",
      "Partial Mode": "Finalize",
      "Parallel Aware": false,
      "Startup Cost": 608405.23,
      "Total Cost": 608405.24,
      "Plan Rows": 1,
      "Plan Width": 8,
      "Actual Startup Time": 4084.083,
      "Actual Total Time": 4165.105,
      "Actual Rows": 1,
      "Actual Loops": 1,
      "Plans": [
        {
          "Node Type": "Gather",
          "Parent Relationship": "Outer",
          "Parallel Aware": false,
          "Startup Cost": 608404.71,
          "Total Cost": 608405.22,
          "Plan Rows": 5,
          "Plan Width": 8,
          "Actual Startup Time": 4065.57,
          "Actual Total Time": 4165.095,
          "Actual Rows": 6,
          "Actual Loops": 1,
          "Workers Planned": 5,
          "Workers Launched": 5,
          "Single Copy": false,
          "Plans": [
            {
              "Node Type": "Aggregate",
              "Strategy": "Plain",
              "Partial Mode": "Partial",
              "Parent Relationship": "Outer",
              "Parallel Aware": false,
              "Startup Cost": 607404.71,
              "Total Cost": 607404.72,
              "Plan Rows": 1,
              "Plan Width": 8,
              "Actual Startup Time": 4053.852,
              "Actual Total Time": 4053.858,
              "Actual Rows": 1,
              "Actual Loops": 6,
              "Plans": [
                {
                  "Node Type": "Hash Join",
                  "Parent Relationship": "Outer",
                  "Parallel Aware": true,
                  "Join Type": "Inner",
                  "Startup Cost": 396885.73,
                  "Total Cost": 602785.18,
                  "Plan Rows": 1847809,
                  "Plan Width": 0,
                  "Actual Startup Time": 1432.216,
                  "Actual Total Time": 3586.092,
                  "Actual Rows": 10366695,
                  "Actual Loops": 6,
                  "Inner Unique": false,
                  "Hash Cond": "(mi.movie_id = t.id)",
                  "Plans": [
                    {
                      "Node Type": "Seq Scan",
                      "Parent Relationship": "Outer",
                      "Parallel Aware": true,
                      "Relation Name": "movie_info",
                      "Alias": "mi",
                      "Startup Cost": 0.0,
                      "Total Cost": 191685.19,
                      "Plan Rows": 2969219,
                      "Plan Width": 4,
                      "Actual Startup Time": 0.039,
                      "Actual Total Time": 307.51,
                      "Actual Rows": 2472620,
                      "Actual Loops": 6
                    },
                    {
                      "Node Type": "Hash",
                      "Parent Relationship": "Inner",
                      "Parallel Aware": true,
                      "Startup Cost": 393607.61,
                      "Total Cost": 393607.61,
                      "Plan Rows": 262249,
                      "Plan Width": 8,
                      "Actual Startup Time": 1403.585,
                      "Actual Total Time": 1403.589,
                      "Actual Rows": 347383,
                      "Actual Loops": 6,
                      "Hash Buckets": 2097152,
                      "Original Hash Buckets": 2097152,
                      "Hash Batches": 1,
                      "Original Hash Batches": 1,
                      "Peak Memory Usage": 98016,
                      "Plans": [
                        {
                          "Node Type": "Hash Join",
                          "Parent Relationship": "Outer",
                          "Parallel Aware": true,
                          "Join Type": "Inner",
                          "Startup Cost": 47294.72,
                          "Total Cost": 393607.61,
                          "Plan Rows": 262249,
                          "Plan Width": 8,
                          "Actual Startup Time": 144.934,
                          "Actual Total Time": 1244.386,
                          "Actual Rows": 347383,
                          "Actual Loops": 6,
                          "Inner Unique": true,
                          "Hash Cond": "(ci.movie_id = t.id)",
                          "Plans": [
                            {
                              "Node Type": "Seq Scan",
                              "Parent Relationship": "Outer",
                              "Parallel Aware": true,
                              "Relation Name": "cast_info",
                              "Alias": "ci",
                              "Startup Cost": 0.0,
                              "Total Cost": 343316.27,
                              "Plan Rows": 1141570,
                              "Plan Width": 4,
                              "Actual Startup Time": 0.039,
                              "Actual Total Time": 758.143,
                              "Actual Rows": 1270478,
                              "Actual Loops": 6,
                              "Filter": "((person_id < 778686) AND (role_id < 10))",
                              "Rows Removed by Filter": 4770246
                            },
                            {
                              "Node Type": "Hash",
                              "Parent Relationship": "Inner",
                              "Parallel Aware": true,
                              "Startup Cost": 45479.59,
                              "Total Cost": 45479.59,
                              "Plan Rows": 145211,
                              "Plan Width": 4,
                              "Actual Startup Time": 143.512,
                              "Actual Total Time": 143.513,
                              "Actual Rows": 99122,
                              "Actual Loops": 6,
                              "Hash Buckets": 1048576,
                              "Original Hash Buckets": 1048576,
                              "Hash Batches": 1,
                              "Original Hash Batches": 1,
                              "Peak Memory Usage": 31552,
                              "Plans": [
                                {
                                  "Node Type": "Seq Scan",
                                  "Parent Relationship": "Outer",
                                  "Parallel Aware": true,
                                  "Relation Name": "title",
                                  "Alias": "t",
                                  "Startup Cost": 0.0,
                                  "Total Cost": 45479.59,
                                  "Plan Rows": 145211,
                                  "Plan Width": 4,
                                  "Actual Startup Time": 56.162,
                                  "Actual Total Time": 95.299,
                                  "Actual Rows": 99122,
                                  "Actual Loops": 6,
                                  "Filter": "((production_year < 2012) AND (kind_id = 1))",
                                  "Rows Removed by Filter": 322264
                                }
                              ]
                            }
                          ]
                        }
                      ]
                    }
                  ]
                }
              ]
            }
          ]
        }
      ]
    },
    "Planning Time": 0.532,
    "Triggers": [],
    "Execution Time": 4165.229
  }
]