[
  {
    "Plan": {
      "Node Type": "Aggregate",
      "Strategy": "Plain",
      "Partial Mode": "Finalize",
      "Parallel Aware": false,
      "Startup Cost": 133127.41,
      "Total Cost": 133127.42,
      "Plan Rows": 1,
      "Plan Width": 64,
      "Actual Startup Time": 1637.722,
      "Actual Total Time": 1738.294,
      "Actual Rows": 1,
      "Actual Loops": 1,
      "Plans": [
        {
          "Node Type": "Gather",
          "Parent Relationship": "Outer",
          "Parallel Aware": false,
          "Startup Cost": 133126.98,
          "Total Cost": 133127.39,
          "Plan Rows": 4,
          "Plan Width": 64,
          "Actual Startup Time": 1608.333,
          "Actual Total Time": 1738.26,
          "Actual Rows": 5,
          "Actual Loops": 1,
          "Workers Planned": 4,
          "Workers Launched": 4,
          "Single Copy": false,
          "Plans": [
            {
              "Node Type": "Aggregate",
              "Strategy": "Plain",
              "Partial Mode": "Partial",
              "Parent Relationship": "Outer",
              "Parallel Aware": false,
              "Startup Cost": 132126.98,
              "Total Cost": 132126.99,
              "Plan Rows": 1,
              "Plan Width": 64,
              "Actual Startup Time": 1557.703,
              "Actual Total Time": 1557.717,
              "Actual Rows": 1,
              "Actual Loops": 5,
              "Plans": [
                {
                  "Node Type": "Nested Loop",
                  "Parent Relationship": "Outer",
                  "Parallel Aware": false,
                  "Join Type": "Inner",
                  "Startup Cost": 56379.46,
                  "Total Cost": 132125.44,
                  "Plan Rows": 308,
                  "Plan Width": 38,
                  "Actual Startup Time": 1557.696,
                  "Actual Total Time": 1557.709,
                  "Actual Rows": 0,
                  "Actual Loops": 5,
                  "Inner Unique": true,
                  "Plans": [
                    {
                      "Node Type": "Nested Loop",
                      "Parent Relationship": "Outer",
                      "Parallel Aware": false,
                      "Join Type": "Inner",
                      "Startup Cost": 56379.04,
                      "Total Cost": 131990.29,
                      "Plan Rows": 308,
                      "Plan Width": 42,
                      "Actual Startup Time": 1557.694,
                      "Actual Total Time": 1557.707,
                      "Actual Rows": 0,
                      "Actual Loops": 5,
                      "Inner Unique": false,
                      "Join Filter": "(t.id = mk.movie_id)",
                      "Rows Removed by Join Filter": 0,
                      "Plans": [
                        {
                          "Node Type": "Nested Loop",
                          "Parent Relationship": "Outer",
                          "Parallel Aware": false,
                          "Join Type": "Inner",
                          "Startup Cost": 56378.6,
                          "Total Cost": 131971.17,
                          "Plan Rows": 10,
                          "Plan Width": 54,
                          "Actual Startup Time": 1557.693,
                          "Actual Total Time": 1557.705,
                          "Actual Rows": 0,
                          "Actual Loops": 5,
                          "Inner Unique": true,
                          "Plans": [
                            {
                              "Node Type": "Nested Loop",
                              "Parent Relationship": "Outer",
                              "Parallel Aware": false,
                              "Join Type": "Inner",
                              "Startup Cost": 56378.47,
                              "Total Cost": 131969.7,
                              "Plan Rows": 10,
                              "Plan Width": 58,
                              "Actual Startup Time": 1557.692,
                              "Actual Total Time": 1557.702,
                              "Actual Rows": 0,
                              "Actual Loops": 5,
                              "Inner Unique": true,
                              "Plans": [
                                {
                                  "Node Type": "Nested Loop",
                                  "Parent Relationship": "Outer",
                                  "Parallel Aware": false,
                                  "Join Type": "Inner",
                                  "Startup Cost": 56378.05,
                                  "Total Cost": 131958.11,
                                  "Plan Rows": 26,
                                  "Plan Width": 62,
                                  "Actual Startup Time": 1541.71,
                                  "Actual Total Time": 1557.69,
                                  "Actual Rows": 0,
                                  "Actual Loops": 5,
                                  "Inner Unique": false,
                                  "Plans": [
                                    {
                                      "Node Type": "Nested Loop",
                                      "Parent Relationship": "Outer",
                                      "Parallel Aware": false,
                                      "Join Type": "Inner",
                                      "Startup Cost": 56377.62,
                                      "Total Cost": 131954.08,
                                      "Plan Rows": 5,
                                      "Plan Width": 50,
                                      "Actual Startup Time": 1541.687,
                                      "Actual Total Time": 1557.666,
                                      "Actual Rows": 0,
                                      "Actual Loops": 5,
                                      "Inner Unique": true,
                                      "Plans": [
                                        {
                                          "Node Type": "Nested Loop",
                                          "Parent Relationship": "Outer",
                                          "Parallel Aware": false,
                                          "Join Type": "Inner",
                                          "Startup Cost": 56377.48,
                                          "Total Cost": 131860.51,
                                          "Plan Rows": 572,
                                          "Plan Width": 54,
                                          "Actual Startup Time": 536.325,
                                          "Actual Total Time": 1557.519,
                                          "Actual Rows": 27,
                                          "Actual Loops": 5,
                                          "Inner Unique": false,
                                          "Plans": [
                                            {
                                              "Node Type": "Merge Join",
                                              "Parent Relationship": "Outer",
                                              "Parallel Aware": false,
                                              "Join Type": "Inner",
                                              "Startup Cost": 56377.05,
                                              "Total Cost": 79162.82,
                                              "Plan Rows": 16956,
                                              "Plan Width": 46,
                                              "Actual Startup Time": 275.47,
                                              "Actual Total Time": 825.202,
                                              "Actual Rows": 32418,
                                              "Actual Loops": 5,
                                              "Inner Unique": false,
                                              "Merge Cond": "(t.id = at.movie_id)",
                                              "Plans": [
                                                {
                                                  "Node Type": "Sort",
                                                  "Parent Relationship": "Outer",
                                                  "Parallel Aware": false,
                                                  "Startup Cost": 56368.46,
                                                  "Total Cost": 56664.95,
                                                  "Plan Rows": 118596,
                                                  "Plan Width": 21,
                                                  "Actual Startup Time": 272.595,
                                                  "Actual Total Time": 304.046,
                                                  "Actual Rows": 95844,
                                                  "Actual Loops": 5,
                                                  "Sort Key": [
                                                    "t.id"
                                                  ],
                                                  "Sort Method": "quicksort",
                                                  "Sort Space Used": 10289,
                                                  "Sort Space Type": "Memory",
                                                  "Workers": [
                                                    {
                                                      "Worker Number": 0,
                                                      "Sort Method": "quicksort",
                                                      "Sort Space Used": 10069,
                                                      "Sort Space Type": "Memory"
                                                    },
                                                    {
                                                      "Worker Number": 1,
                                                      "Sort Method": "quicksort",
                                                      "Sort Space Used": 10040,
                                                      "Sort Space Type": "Memory"
                                                    },
                                                    {
                                                      "Worker Number": 2,
                                                      "Sort Method": "quicksort",
                                                      "Sort Space Used": 9454,
                                                      "Sort Space Type": "Memory"
                                                    },
                                                    {
                                                      "Worker Number": 3,
                                                      "Sort Method": "quicksort",
                                                      "Sort Space Used": 10094,
                                                      "Sort Space Type": "Memory"
                                                    }
                                                  ],
                                                  "Plans": [
                                                    {
                                                      "Node Type": "Bitmap Heap Scan",
                                                      "Parent Relationship": "Outer",
                                                      "Parallel Aware": true,
                                                      "Relation Name": "title",
                                                      "Alias": "t",
                                                      "Startup Cost": 8892.91,
                                                      "Total Cost": 46373.37,
                                                      "Plan Rows": 118596,
                                                      "Plan Width": 21,
                                                      "Actual Startup Time": 64.416,
                                                      "Actual Total Time": 220.502,
                                                      "Actual Rows": 95920,
                                                      "Actual Loops": 5,
                                                      "Recheck Cond": "(production_year < 1978)",
                                                      "Rows Removed by Index Recheck": 0,
                                                      "Exact Heap Blocks": 8120,
                                                      "Lossy Heap Blocks": 0,
                                                      "Plans": [
                                                        {
                                                          "Node Type": "Bitmap Index Scan",
                                                          "Parent Relationship": "Outer",
                                                          "Parallel Aware": false,
                                                          "Index Name": "idx_title_production_year",
                                                          "Startup Cost": 0.0,
                                                          "Total Cost": 8774.32,
                                                          "Plan Rows": 474385,
                                                          "Plan Width": 0,
                                                          "Actual Startup Time": 67.441,
                                                          "Actual Total Time": 67.443,
                                                          "Actual Rows": 479601,
                                                          "Actual Loops": 1,
                                                          "Index Cond": "(production_year < 1978)"
                                                        }
                                                      ]
                                                    }
                                                  ]
                                                },
                                                {
                                                  "Node Type": "Index Scan",
                                                  "Parent Relationship": "Inner",
                                                  "Parallel Aware": false,
                                                  "Scan Direction": "Forward",
                                                  "Index Name": "movie_id_aka_title",
                                                  "Relation Name": "aka_title",
                                                  "Alias": "at",
                                                  "Startup Cost": 0.42,
                                                  "Total Cost": 21128.75,
                                                  "Plan Rows": 361472,
                                                  "Plan Width": 25,
                                                  "Actual Startup Time": 0.105,
                                                  "Actual Total Time": 453.21,
                                                  "Actual Rows": 361472,
                                                  "Actual Loops": 5
                                                }
                                              ]
                                            },
                                            {
                                              "Node Type": "Index Scan",
                                              "Parent Relationship": "Inner",
                                              "Parallel Aware": false,
                                              "Scan Direction": "Forward",
                                              "Index Name": "movie_id_movie_info",
                                              "Relation Name": "movie_info",
                                              "Alias": "mi",
                                              "Startup Cost": 0.43,
                                              "Total Cost": 3.1,
                                              "Plan Rows": 1,
                                              "Plan Width": 8,
                                              "Actual Startup Time": 0.022,
                                              "Actual Total Time": 0.022,
                                              "Actual Rows": 0,
                                              "Actual Loops": 162090,
                                              "Index Cond": "(movie_id = t.id)",
                                              "Rows Removed by Index Recheck": 0,
                                              "Filter": "(note ~~ '%internet%'::text)",
                                              "Rows Removed by Filter": 25
                                            }
                                          ]
                                        },
                                        {
                                          "Node Type": "Index Scan",
                                          "Parent Relationship": "Inner",
                                          "Parallel Aware": false,
                                          "Scan Direction": "Forward",
                                          "Index Name": "info_type_pkey",
                                          "Relation Name": "info_type",
                                          "Alias": "it1",
                                          "Startup Cost": 0.14,
                                          "Total Cost": 0.16,
                                          "Plan Rows": 1,
                                          "Plan Width": 4,
                                          "Actual Startup Time": 0.004,
                                          "Actual Total Time": 0.004,
                                          "Actual Rows": 0,
                                          "Actual Loops": 136,
                                          "Index Cond": "(id = mi.info_type_id)",
                                          "Rows Removed by Index Recheck": 0,
                                          "Filter": "((info)::text = 'release dates'::text)",
                                          "Rows Removed by Filter": 1
                                        }
                                      ]
                                    },
                                    {
                                      "Node Type": "Index Scan",
                                      "Parent Relationship": "Inner",
                                      "Parallel Aware": false,
                                      "Scan Direction": "Forward",
                                      "Index Name": "movie_id_movie_companies",
                                      "Relation Name": "movie_companies",
                                      "Alias": "mc",
                                      "Startup Cost": 0.43,
                                      "Total Cost": 0.76,
                                      "Plan Rows": 5,
                                      "Plan Width": 12,
                                      "Actual Startup Time": 0.103,
                                      "Actual Total Time": 0.104,
                                      "Actual Rows": 1,
                                      "Actual Loops": 1,
                                      "Index Cond": "(movie_id = t.id)",
                                      "Rows Removed by Index Recheck": 0
                                    }
                                  ]
                                },
                                {
                                  "Node Type": "Index Scan",
                                  "Parent Relationship": "Inner",
                                  "Parallel Aware": false,
                                  "Scan Direction": "Forward",
                                  "Index Name": "company_name_pkey",
                                  "Relation Name": "company_name",
                                  "Alias": "cn",
                                  "Startup Cost": 0.42,
                                  "Total Cost": 0.45,
                                  "Plan Rows": 1,
                                  "Plan Width": 4,
                                  "Actual Startup Time": 0.047,
                                  "Actual Total Time": 0.048,
                                  "Actual Rows": 0,
                                  "Actual Loops": 1,
                                  "Index Cond": "(id = mc.company_id)",
                                  "Rows Removed by Index Recheck": 0,
                                  "Filter": "((country_code)::text = '[us]'::text)",
                                  "Rows Removed by Filter": 1
                                }
                              ]
                            },
                            {
                              "Node Type": "Index Only Scan",
                              "Parent Relationship": "Inner",
                              "Parallel Aware": false,
                              "Scan Direction": "Forward",
                              "Index Name": "company_type_pkey",
                              "Relation Name": "company_type",
                              "Alias": "ct",
                              "Startup Cost": 0.13,
                              "Total Cost": 0.15,
                              "Plan Rows": 1,
                              "Plan Width": 4,
                              "Actual Startup Time": 0.0,
                              "Actual Total Time": 0.0,
                              "Actual Rows": 0,
                              "Actual Loops": 0,
                              "Index Cond": "(id = mc.company_type_id)",
                              "Rows Removed by Index Recheck": 0,
                              "Heap Fetches": 0
                            }
                          ]
                        },
                        {
                          "Node Type": "Index Scan",
                          "Parent Relationship": "Inner",
                          "Parallel Aware": false,
                          "Scan Direction": "Forward",
                          "Index Name": "movie_id_movie_keyword",
                          "Relation Name": "movie_keyword",
                          "Alias": "mk",
                          "Startup Cost": 0.43,
                          "Total Cost": 1.32,
                          "Plan Rows": 47,
                          "Plan Width": 8,
                          "Actual Startup Time": 0.0,
                          "Actual Total Time": 0.0,
                          "Actual Rows": 0,
                          "Actual Loops": 0,
                          "Index Cond": "(movie_id = mc.movie_id)",
                          "Rows Removed by Index Recheck": 0
                        }
                      ]
                    },
                    {
                      "Node Type": "Index Only Scan",
                      "Parent Relationship": "Inner",
                      "Parallel Aware": false,
                      "Scan Direction": "Forward",
                      "Index Name": "keyword_pkey",
                      "Relation Name": "keyword",
                      "Alias": "k",
                      "Startup Cost": 0.42,
                      "Total Cost": 0.44,
                      "Plan Rows": 1,
                      "Plan Width": 4,
                      "Actual Startup Time": 0.0,
                      "Actual Total Time": 0.0,
                      "Actual Rows": 0,
                      "Actual Loops": 0,
                      "Index Cond": "(id = mk.keyword_id)",
                      "Rows Removed by Index Recheck": 0,
                      "Heap Fetches": 0
                    }
                  ]
                }
              ]
            }
          ]
        }
      ]
    },
    "Planning Time": 30.188,
    "Triggers": [],
    "Execution Time": 1741.463
  }
]