{
  "Plan": {
    "Node Type": "Aggregate",
    "Strategy": "Plain",
    "Partial Mode": "Finalize",
    "Parallel Aware": false,
    "Startup Cost": 116668.45,
    "Total Cost": 116668.46,
    "Plan Rows": 1,
    "Plan Width": 8,
    "Actual Startup Time": 362.296,
    "Actual Total Time": 373.618,
    "Actual Rows": 1,
    "Actual Loops": 1,
    "Plans": [
      {
        "Node Type": "Gather",
        "Parent Relationship": "Outer",
        "Parallel Aware": false,
        "Startup Cost": 116668.34,
        "Total Cost": 116668.45,
        "Plan Rows": 1,
        "Plan Width": 8,
        "Actual Startup Time": 362.017,
        "Actual Total Time": 373.609,
        "Actual Rows": 2,
        "Actual Loops": 1,
        "Workers Planned": 1,
        "Workers Launched": 1,
        "Single Copy": false,
        "Plans": [
          {
            "Node Type": "Aggregate",
            "Strategy": "Plain",
            "Partial Mode": "Partial",
            "Parent Relationship": "Outer",
            "Parallel Aware": false,
            "Startup Cost": 115668.34,
            "Total Cost": 115668.35,
            "Plan Rows": 1,
            "Plan Width": 8,
            "Actual Startup Time": 356.102,
            "Actual Total Time": 356.105,
            "Actual Rows": 1,
            "Actual Loops": 2,
            "Plans": [
              {
                "Node Type": "Hash Join",
                "Parent Relationship": "Outer",
                "Parallel Aware": true,
                "Join Type": "Inner",
                "Startup Cost": 53843.38,
                "Total Cost": 115633.99,
                "Plan Rows": 13742,
                "Plan Width": 0,
                "Actual Startup Time": 144.453,
                "Actual Total Time": 355.069,
                "Actual Rows": 22852,
                "Actual Loops": 2,
                "Inner Unique": true,
                "Hash Cond": "(mk.movie_id = t.id)",
                "Plans": [
                  {
                    "Node Type": "Seq Scan",
                    "Parent Relationship": "Outer",
                    "Parallel Aware": true,
                    "Relation Name": "movie_keyword",
                    "Alias": "mk",
                    "Startup Cost": 0.0,
                    "Total Cost": 57718.19,
                    "Plan Rows": 1551391,
                    "Plan Width": 4,
                    "Actual Startup Time": 0.29,
                    "Actual Total Time": 180.652,
                    "Actual Rows": 1314862,
                    "Actual Loops": 2,
                    "Filter": "(keyword_id > 3237)",
                    "Rows Removed by Filter": 947104
                  },
                  {
                    "Node Type": "Hash",
                    "Parent Relationship": "Inner",
                    "Parallel Aware": true,
                    "Startup Cost": 53678.71,
                    "Total Cost": 53678.71,
                    "Plan Rows": 13174,
                    "Plan Width": 4,
                    "Actual Startup Time": 96.231,
                    "Actual Total Time": 96.232,
                    "Actual Rows": 6525,
                    "Actual Loops": 2,
                    "Hash Buckets": 32768,
                    "Original Hash Buckets": 32768,
                    "Hash Batches": 1,
                    "Original Hash Batches": 1,
                    "Peak Memory Usage": 800,
                    "Plans": [
                      {
                        "Node Type": "Bitmap Heap Scan",
                        "Parent Relationship": "Outer",
                        "Parallel Aware": true,
                        "Relation Name": "title",
                        "Alias": "t",
                        "Startup Cost": 11828.45,
                        "Total Cost": 53678.71,
                        "Plan Rows": 13174,
                        "Plan Width": 4,
                        "Actual Startup Time": 38.524,
                        "Actual Total Time": 94.222,
                        "Actual Rows": 6525,
                        "Actual Loops": 2,
                        "Recheck Cond": "(kind_id < 2)",
                        "Rows Removed by Index Recheck": 0,
                        "Filter": "(production_year = 2004)",
                        "Rows Removed by Filter": 324888,
                        "Exact Heap Blocks": 9614,
                        "Lossy Heap Blocks": 0,
                        "Plans": [
                          {
                            "Node Type": "Bitmap Index Scan",
                            "Parent Relationship": "Outer",
                            "Parallel Aware": false,
                            "Index Name": "kind_id_title",
                            "Startup Cost": 0.0,
                            "Total Cost": 11822.85,
                            "Plan Rows": 663256,
                            "Plan Width": 0,
                            "Actual Startup Time": 40.92,
                            "Actual Total Time": 40.92,
                            "Actual Rows": 662825,
                            "Actual Loops": 1,
                            "Index Cond": "(kind_id < 2)"
                          }
                        ]
                      }
                    ]
                  }
                ]
              }
            ]
          }
        ]
      }
    ]
  },
  "Planning Time": 0.467,
  "Triggers": [],
  "Execution Time": 373.708
}