[
  {
    "Plan": {
      "Node Type": "Aggregate",
      "Strategy": "Plain",
      "Partial Mode": "Finalize",
      "Parallel Aware": false,
      "Startup Cost": 345904.44,
      "Total Cost": 345904.45,
      "Plan Rows": 1,
      "Plan Width": 8,
      "Actual Startup Time": 713.185,
      "Actual Total Time": 769.112,
      "Actual Rows": 1,
      "Actual Loops": 1,
      "Plans": [
        {
          "Node Type": "Gather",
          "Parent Relationship": "Outer",
          "Parallel Aware": false,
          "Startup Cost": 345903.82,
          "Total Cost": 345904.42,
          "Plan Rows": 6,
          "Plan Width": 8,
          "Actual Startup Time": 712.938,
          "Actual Total Time": 769.101,
          "Actual Rows": 7,
          "Actual Loops": 1,
          "Workers Planned": 6,
          "Workers Launched": 6,
          "Single Copy": false,
          "Plans": [
            {
              "Node Type": "Aggregate",
              "Strategy": "Plain",
              "Partial Mode": "Partial",
              "Parent Relationship": "Outer",
              "Parallel Aware": false,
              "Startup Cost": 344903.82,
              "Total Cost": 344903.83,
              "Plan Rows": 1,
              "Plan Width": 8,
              "Actual Startup Time": 703.882,
              "Actual Total Time": 703.883,
              "Actual Rows": 1,
              "Actual Loops": 7,
              "Plans": [
                {
                  "Node Type": "Seq Scan",
                  "Parent Relationship": "Outer",
                  "Parallel Aware": true,
                  "Relation Name": "cast_info",
                  "Alias": "ci",
                  "Startup Cost": 0.0,
                  "Total Cost": 343316.27,
                  "Plan Rows": 635018,
                  "Plan Width": 0,
                  "Actual Startup Time": 364.516,
                  "Actual Total Time": 645.943,
                  "Actual Rows": 1216819,
                  "Actual Loops": 7,
                  "Filter": "((person_id > 2834711) AND (role_id > 2))",
                  "Rows Removed by Filter": 3960945
                }
              ]
            }
          ]
        }
      ]
    },
    "Planning Time": 0.195,
    "Triggers": [],
    "Execution Time": 769.181
  }
]