[
  {
    "Plan": {
      "Node Type": "Aggregate",
      "Strategy": "Plain",
      "Partial Mode": "Finalize",
      "Parallel Aware": false,
      "Startup Cost": 391574.63,
      "Total Cost": 391574.64,
      "Plan Rows": 1,
      "Plan Width": 8,
      "Actual Startup Time": 2294.263,
      "Actual Total Time": 2393.257,
      "Actual Rows": 1,
      "Actual Loops": 1,
      "Plans": [
        {
          "Node Type": "Gather",
          "Parent Relationship": "Outer",
          "Parallel Aware": false,
          "Startup Cost": 391574.11,
          "Total Cost": 391574.62,
          "Plan Rows": 5,
          "Plan Width": 8,
          "Actual Startup Time": 2293.722,
          "Actual Total Time": 2393.246,
          "Actual Rows": 6,
          "Actual Loops": 1,
          "Workers Planned": 5,
          "Workers Launched": 5,
          "Single Copy": false,
          "Plans": [
            {
              "Node Type": "Aggregate",
              "Strategy": "Plain",
              "Partial Mode": "Partial",
              "Parent Relationship": "Outer",
              "Parallel Aware": false,
              "Startup Cost": 390574.11,
              "Total Cost": 390574.12,
              "Plan Rows": 1,
              "Plan Width": 8,
              "Actual Startup Time": 2282.571,
              "Actual Total Time": 2282.575,
              "Actual Rows": 1,
              "Actual Loops": 6,
              "Plans": [
                {
                  "Node Type": "Nested Loop",
                  "Parent Relationship": "Outer",
                  "Parallel Aware": false,
                  "Join Type": "Inner",
                  "Startup Cost": 38871.6,
                  "Total Cost": 387711.66,
                  "Plan Rows": 1144979,
                  "Plan Width": 0,
                  "Actual Startup Time": 66.888,
                  "Actual Total Time": 2224.077,
                  "Actual Rows": 1187160,
                  "Actual Loops": 6,
                  "Inner Unique": false,
                  "Join Filter": "(t.id = ci.movie_id)",
                  "Rows Removed by Join Filter": 0,
                  "Plans": [
                    {
                      "Node Type": "Hash Join",
                      "Parent Relationship": "Outer",
                      "Parallel Aware": true,
                      "Join Type": "Inner",
                      "Startup Cost": 38871.04,
                      "Total Cost": 245477.27,
                      "Plan Rows": 79906,
                      "Plan Width": 8,
                      "Actual Startup Time": 66.781,
                      "Actual Total Time": 671.059,
                      "Actual Rows": 75838,
                      "Actual Loops": 6,
                      "Inner Unique": true,
                      "Hash Cond": "(mi.movie_id = t.id)",
                      "Plans": [
                        {
                          "Node Type": "Seq Scan",
                          "Parent Relationship": "Outer",
                          "Parallel Aware": true,
                          "Relation Name": "movie_info",
                          "Alias": "mi",
                          "Startup Cost": 0.0,
                          "Total Cost": 198952.16,
                          "Plan Rows": 2915832,
                          "Plan Width": 4,
                          "Actual Startup Time": 0.029,
                          "Actual Total Time": 347.39,
                          "Actual Rows": 2439661,
                          "Actual Loops": 6,
                          "Filter": "(info_type_id < 107)",
                          "Rows Removed by Filter": 32959
                        },
                        {
                          "Node Type": "Hash",
                          "Parent Relationship": "Inner",
                          "Parallel Aware": true,
                          "Startup Cost": 38654.51,
                          "Total Cost": 38654.51,
                          "Plan Rows": 17322,
                          "Plan Width": 4,
                          "Actual Startup Time": 55.389,
                          "Actual Total Time": 55.39,
                          "Actual Rows": 10368,
                          "Actual Loops": 6,
                          "Hash Buckets": 131072,
                          "Original Hash Buckets": 131072,
                          "Hash Batches": 1,
                          "Original Hash Batches": 1,
                          "Peak Memory Usage": 3584,
                          "Plans": [
                            {
                              "Node Type": "Bitmap Heap Scan",
                              "Parent Relationship": "Outer",
                              "Parallel Aware": true,
                              "Relation Name": "title",
                              "Alias": "t",
                              "Startup Cost": 2198.26,
                              "Total Cost": 38654.51,
                              "Plan Rows": 17322,
                              "Plan Width": 4,
                              "Actual Startup Time": 13.734,
                              "Actual Total Time": 49.894,
                              "Actual Rows": 10368,
                              "Actual Loops": 6,
                              "Recheck Cond": "(kind_id = 4)",
                              "Rows Removed by Index Recheck": 0,
                              "Filter": "(production_year < 2006)",
                              "Rows Removed by Filter": 9338,
                              "Exact Heap Blocks": 6182,
                              "Lossy Heap Blocks": 0,
                              "Plans": [
                                {
                                  "Node Type": "Bitmap Index Scan",
                                  "Parent Relationship": "Outer",
                                  "Parallel Aware": false,
                                  "Index Name": "kind_id_title",
                                  "Startup Cost": 0.0,
                                  "Total Cost": 2180.94,
                                  "Plan Rows": 122201,
                                  "Plan Width": 0,
                                  "Actual Startup Time": 14.615,
                                  "Actual Total Time": 14.615,
                                  "Actual Rows": 118234,
                                  "Actual Loops": 1,
                                  "Index Cond": "(kind_id = 4)"
                                }
                              ]
                            }
                          ]
                        }
                      ]
                    },
                    {
                      "Node Type": "Index Only Scan",
                      "Parent Relationship": "Inner",
                      "Parallel Aware": false,
                      "Scan Direction": "Forward",
                      "Index Name": "movie_id_cast_info",
                      "Relation Name": "cast_info",
                      "Alias": "ci",
                      "Startup Cost": 0.56,
                      "Total Cost": 1.32,
                      "Plan Rows": 37,
                      "Plan Width": 4,
                      "Actual Startup Time": 0.005,
                      "Actual Total Time": 0.019,
                      "Actual Rows": 16,
                      "Actual Loops": 455028,
                      "Index Cond": "(movie_id = mi.movie_id)",
                      "Rows Removed by Index Recheck": 0,
                      "Heap Fetches": 7122960
                    }
                  ]
                }
              ]
            }
          ]
        }
      ]
    },
    "Planning Time": 1.442,
    "Triggers": [],
    "Execution Time": 2393.395
  }
]