[
    {
        "Bao": {
            "Bao prediction": "NaN",
            "Bao recommended hint": "(no hint)"
        }
    },
    {
        "Plan": {
            "Node Type": "Aggregate",
            "Strategy": "Plain",
            "Partial Mode": "Finalize",
            "Parallel Aware": false,
            "Startup Cost": 32782.14,
            "Total Cost": 32782.15,
            "Plan Rows": 1,
            "Plan Width": 8,
            "Actual Startup Time": 85.17,
            "Actual Total Time": 90.569,
            "Actual Rows": 1,
            "Actual Loops": 1,
            "Output": [
                "count(*)"
            ],
            "Plans": [
                {
                    "Node Type": "Gather",
                    "Parent Relationship": "Outer",
                    "Parallel Aware": false,
                    "Startup Cost": 32781.82,
                    "Total Cost": 32782.13,
                    "Plan Rows": 3,
                    "Plan Width": 8,
                    "Actual Startup Time": 85.102,
                    "Actual Total Time": 90.561,
                    "Actual Rows": 4,
                    "Actual Loops": 1,
                    "Output": [
                        "(PARTIAL count(*))"
                    ],
                    "Workers Planned": 3,
                    "Workers Launched": 3,
                    "Single Copy": false,
                    "Plans": [
                        {
                            "Node Type": "Aggregate",
                            "Strategy": "Plain",
                            "Partial Mode": "Partial",
                            "Parent Relationship": "Outer",
                            "Parallel Aware": false,
                            "Startup Cost": 31781.82,
                            "Total Cost": 31781.83,
                            "Plan Rows": 1,
                            "Plan Width": 8,
                            "Actual Startup Time": 76.945,
                            "Actual Total Time": 76.946,
                            "Actual Rows": 1,
                            "Actual Loops": 4,
                            "Output": [
                                "PARTIAL count(*)"
                            ],
                            "Workers": [
                                {
                                    "Worker Number": 0,
                                    "Actual Startup Time": 74.025,
                                    "Actual Total Time": 74.026,
                                    "Actual Rows": 1,
                                    "Actual Loops": 1
                                },
                                {
                                    "Worker Number": 1,
                                    "Actual Startup Time": 74.459,
                                    "Actual Total Time": 74.461,
                                    "Actual Rows": 1,
                                    "Actual Loops": 1
                                },
                                {
                                    "Worker Number": 2,
                                    "Actual Startup Time": 74.643,
                                    "Actual Total Time": 74.644,
                                    "Actual Rows": 1,
                                    "Actual Loops": 1
                                }
                            ],
                            "Plans": [
                                {
                                    "Node Type": "Seq Scan",
                                    "Parent Relationship": "Outer",
                                    "Parallel Aware": true,
                                    "Relation Name": "movie_companies",
                                    "Schema": "public",
                                    "Alias": "mc",
                                    "Startup Cost": 0.0,
                                    "Total Cost": 31414.82,
                                    "Plan Rows": 146802,
                                    "Plan Width": 0,
                                    "Actual Startup Time": 19.439,
                                    "Actual Total Time": 74.682,
                                    "Actual Rows": 34910,
                                    "Actual Loops": 4,
                                    "Output": [
                                        "id",
                                        "movie_id",
                                        "company_id",
                                        "company_type_id",
                                        "note"
                                    ],
                                    "Filter": "((mc.company_id > 19385) AND (mc.company_type_id < 2))",
                                    "Rows Removed by Filter": 617372,
                                    "Workers": [
                                        {
                                            "Worker Number": 0,
                                            "Actual Startup Time": 16.537,
                                            "Actual Total Time": 71.952,
                                            "Actual Rows": 32528,
                                            "Actual Loops": 1
                                        },
                                        {
                                            "Worker Number": 1,
                                            "Actual Startup Time": 16.951,
                                            "Actual Total Time": 72.363,
                                            "Actual Rows": 33600,
                                            "Actual Loops": 1
                                        },
                                        {
                                            "Worker Number": 2,
                                            "Actual Startup Time": 17.141,
                                            "Actual Total Time": 72.524,
                                            "Actual Rows": 33547,
                                            "Actual Loops": 1
                                        }
                                    ]
                                }
                            ]
                        }
                    ]
                }
            ]
        },
        "Planning Time": 272.662,
        "Triggers": [],
        "Execution Time": 90.656
    }
]