{
  "Plan": {
    "Node Type": "Aggregate",
    "Strategy": "Plain",
    "Partial Mode": "Finalize",
    "Parallel Aware": false,
    "Startup Cost": 95904.02,
    "Total Cost": 95904.03,
    "Plan Rows": 1,
    "Plan Width": 8,
    "Actual Startup Time": 520.405,
    "Actual Total Time": 537.371,
    "Actual Rows": 1,
    "Actual Loops": 1,
    "Plans": [
      {
        "Node Type": "Gather",
        "Parent Relationship": "Outer",
        "Parallel Aware": false,
        "Startup Cost": 95903.91,
        "Total Cost": 95904.02,
        "Plan Rows": 1,
        "Plan Width": 8,
        "Actual Startup Time": 515.701,
        "Actual Total Time": 537.362,
        "Actual Rows": 2,
        "Actual Loops": 1,
        "Workers Planned": 1,
        "Workers Launched": 1,
        "Single Copy": false,
        "Plans": [
          {
            "Node Type": "Aggregate",
            "Strategy": "Plain",
            "Partial Mode": "Partial",
            "Parent Relationship": "Outer",
            "Parallel Aware": false,
            "Startup Cost": 94903.91,
            "Total Cost": 94903.92,
            "Plan Rows": 1,
            "Plan Width": 8,
            "Actual Startup Time": 508.352,
            "Actual Total Time": 508.356,
            "Actual Rows": 1,
            "Actual Loops": 2,
            "Plans": [
              {
                "Node Type": "Hash Join",
                "Parent Relationship": "Outer",
                "Parallel Aware": true,
                "Join Type": "Inner",
                "Startup Cost": 69171.05,
                "Total Cost": 94859.58,
                "Plan Rows": 17732,
                "Plan Width": 0,
                "Actual Startup Time": 472.964,
                "Actual Total Time": 507.678,
                "Actual Rows": 10740,
                "Actual Loops": 2,
                "Inner Unique": true,
                "Hash Cond": "(mk.movie_id = t.id)",
                "Plans": [
                  {
                    "Node Type": "Bitmap Heap Scan",
                    "Parent Relationship": "Outer",
                    "Parallel Aware": true,
                    "Relation Name": "movie_keyword",
                    "Alias": "mk",
                    "Startup Cost": 869.14,
                    "Total Cost": 26494.58,
                    "Plan Rows": 24039,
                    "Plan Width": 4,
                    "Actual Startup Time": 4.13,
                    "Actual Total Time": 24.123,
                    "Actual Rows": 20920,
                    "Actual Loops": 2,
                    "Recheck Cond": "(keyword_id = 117)",
                    "Rows Removed by Index Recheck": 0,
                    "Exact Heap Blocks": 9139,
                    "Lossy Heap Blocks": 0,
                    "Plans": [
                      {
                        "Node Type": "Bitmap Index Scan",
                        "Parent Relationship": "Outer",
                        "Parallel Aware": false,
                        "Index Name": "keyword_id_movie_keyword",
                        "Startup Cost": 0.0,
                        "Total Cost": 858.93,
                        "Plan Rows": 40866,
                        "Plan Width": 0,
                        "Actual Startup Time": 2.479,
                        "Actual Total Time": 2.48,
                        "Actual Rows": 41840,
                        "Actual Loops": 1,
                        "Index Cond": "(keyword_id = 117)"
                      }
                    ]
                  },
                  {
                    "Node Type": "Hash",
                    "Parent Relationship": "Inner",
                    "Parallel Aware": true,
                    "Startup Cost": 54588.39,
                    "Total Cost": 54588.39,
                    "Plan Rows": 1097081,
                    "Plan Width": 4,
                    "Actual Startup Time": 454.068,
                    "Actual Total Time": 454.068,
                    "Actual Rows": 932744,
                    "Actual Loops": 2,
                    "Hash Buckets": 2097152,
                    "Original Hash Buckets": 2097152,
                    "Hash Batches": 1,
                    "Original Hash Batches": 1,
                    "Peak Memory Usage": 89408,
                    "Plans": [
                      {
                        "Node Type": "Seq Scan",
                        "Parent Relationship": "Outer",
                        "Parallel Aware": true,
                        "Relation Name": "title",
                        "Alias": "t",
                        "Startup Cost": 0.0,
                        "Total Cost": 54588.39,
                        "Plan Rows": 1097081,
                        "Plan Width": 4,
                        "Actual Startup Time": 0.028,
                        "Actual Total Time": 195.271,
                        "Actual Rows": 932744,
                        "Actual Loops": 2,
                        "Filter": "(kind_id > 1)",
                        "Rows Removed by Filter": 331412
                      }
                    ]
                  }
                ]
              }
            ]
          }
        ]
      }
    ]
  },
  "Planning Time": 0.598,
  "Triggers": [],
  "Execution Time": 537.489
}