[
  {
    "Plan": {
      "Node Type": "Aggregate",
      "Strategy": "Plain",
      "Partial Mode": "Finalize",
      "Parallel Aware": false,
      "Startup Cost": 45758.85,
      "Total Cost": 45758.86,
      "Plan Rows": 1,
      "Plan Width": 8,
      "Actual Startup Time": 154.048,
      "Actual Total Time": 163.038,
      "Actual Rows": 1,
      "Actual Loops": 1,
      "Plans": [
        {
          "Node Type": "Gather",
          "Parent Relationship": "Outer",
          "Parallel Aware": false,
          "Startup Cost": 45758.53,
          "Total Cost": 45758.84,
          "Plan Rows": 3,
          "Plan Width": 8,
          "Actual Startup Time": 153.896,
          "Actual Total Time": 163.029,
          "Actual Rows": 4,
          "Actual Loops": 1,
          "Workers Planned": 3,
          "Workers Launched": 3,
          "Single Copy": false,
          "Plans": [
            {
              "Node Type": "Aggregate",
              "Strategy": "Plain",
              "Partial Mode": "Partial",
              "Parent Relationship": "Outer",
              "Parallel Aware": false,
              "Startup Cost": 44758.53,
              "Total Cost": 44758.54,
              "Plan Rows": 1,
              "Plan Width": 8,
              "Actual Startup Time": 149.69,
              "Actual Total Time": 149.692,
              "Actual Rows": 1,
              "Actual Loops": 4,
              "Plans": [
                {
                  "Node Type": "Seq Scan",
                  "Parent Relationship": "Outer",
                  "Parallel Aware": true,
                  "Relation Name": "movie_keyword",
                  "Alias": "mk",
                  "Startup Cost": 0.0,
                  "Total Cost": 42695.65,
                  "Plan Rows": 825150,
                  "Plan Width": 0,
                  "Actual Startup Time": 0.041,
                  "Actual Total Time": 118.195,
                  "Actual Rows": 642217,
                  "Actual Loops": 4,
                  "Filter": "(keyword_id < 6560)",
                  "Rows Removed by Filter": 488766
                }
              ]
            }
          ]
        }
      ]
    },
    "Planning Time": 0.197,
    "Triggers": [],
    "Execution Time": 163.094
  }
]