[
  {
    "Plan": {
      "Node Type": "Aggregate",
      "Strategy": "Plain",
      "Partial Mode": "Finalize",
      "Parallel Aware": false,
      "Startup Cost": 339891.14,
      "Total Cost": 339891.15,
      "Plan Rows": 1,
      "Plan Width": 8,
      "Actual Startup Time": 820.754,
      "Actual Total Time": 877.558,
      "Actual Rows": 1,
      "Actual Loops": 1,
      "Plans": [
        {
          "Node Type": "Gather",
          "Parent Relationship": "Outer",
          "Parallel Aware": false,
          "Startup Cost": 339890.52,
          "Total Cost": 339891.13,
          "Plan Rows": 6,
          "Plan Width": 8,
          "Actual Startup Time": 820.562,
          "Actual Total Time": 877.544,
          "Actual Rows": 7,
          "Actual Loops": 1,
          "Workers Planned": 6,
          "Workers Launched": 6,
          "Single Copy": false,
          "Plans": [
            {
              "Node Type": "Aggregate",
              "Strategy": "Plain",
              "Partial Mode": "Partial",
              "Parent Relationship": "Outer",
              "Parallel Aware": false,
              "Startup Cost": 338890.52,
              "Total Cost": 338890.53,
              "Plan Rows": 1,
              "Plan Width": 8,
              "Actual Startup Time": 811.686,
              "Actual Total Time": 811.688,
              "Actual Rows": 1,
              "Actual Loops": 7,
              "Plans": [
                {
                  "Node Type": "Seq Scan",
                  "Parent Relationship": "Outer",
                  "Parallel Aware": true,
                  "Relation Name": "cast_info",
                  "Alias": "ci",
                  "Startup Cost": 0.0,
                  "Total Cost": 328211.39,
                  "Plan Rows": 4271651,
                  "Plan Width": 0,
                  "Actual Startup Time": 0.036,
                  "Actual Total Time": 640.405,
                  "Actual Rows": 3677727,
                  "Actual Loops": 7,
                  "Filter": "(person_id < 2659874)",
                  "Rows Removed by Filter": 1500036
                }
              ]
            }
          ]
        }
      ]
    },
    "Planning Time": 0.086,
    "Triggers": [],
    "Execution Time": 877.603
  }
]