[
  {
    "Plan": {
      "Node Type": "Aggregate",
      "Strategy": "Plain",
      "Partial Mode": "Finalize",
      "Parallel Aware": false,
      "Startup Cost": 339405.05,
      "Total Cost": 339405.06,
      "Plan Rows": 1,
      "Plan Width": 8,
      "Actual Startup Time": 453.707,
      "Actual Total Time": 475.527,
      "Actual Rows": 1,
      "Actual Loops": 1,
      "Plans": [
        {
          "Node Type": "Gather",
          "Parent Relationship": "Outer",
          "Parallel Aware": false,
          "Startup Cost": 339404.43,
          "Total Cost": 339405.04,
          "Plan Rows": 6,
          "Plan Width": 8,
          "Actual Startup Time": 453.553,
          "Actual Total Time": 475.516,
          "Actual Rows": 7,
          "Actual Loops": 1,
          "Workers Planned": 6,
          "Workers Launched": 6,
          "Single Copy": false,
          "Plans": [
            {
              "Node Type": "Aggregate",
              "Strategy": "Plain",
              "Partial Mode": "Partial",
              "Parent Relationship": "Outer",
              "Parallel Aware": false,
              "Startup Cost": 338404.43,
              "Total Cost": 338404.44,
              "Plan Rows": 1,
              "Plan Width": 8,
              "Actual Startup Time": 442.939,
              "Actual Total Time": 442.94,
              "Actual Rows": 1,
              "Actual Loops": 7,
              "Plans": [
                {
                  "Node Type": "Index Scan",
                  "Parent Relationship": "Outer",
                  "Parallel Aware": true,
                  "Scan Direction": "Forward",
                  "Index Name": "role_id_cast_info",
                  "Relation Name": "cast_info",
                  "Alias": "ci",
                  "Startup Cost": 0.56,
                  "Total Cost": 335235.55,
                  "Plan Rows": 1267552,
                  "Plan Width": 0,
                  "Actual Startup Time": 343.849,
                  "Actual Total Time": 425.757,
                  "Actual Rows": 351066,
                  "Actual Loops": 7,
                  "Index Cond": "(role_id < 2)",
                  "Rows Removed by Index Recheck": 0,
                  "Filter": "(person_id > 1392423)",
                  "Rows Removed by Filter": 1459033
                }
              ]
            }
          ]
        }
      ]
    },
    "Planning Time": 0.206,
    "Triggers": [],
    "Execution Time": 475.589
  }
]