{
  "Plan": {
    "Node Type": "Aggregate",
    "Strategy": "Plain",
    "Partial Mode": "Finalize",
    "Parallel Aware": false,
    "Startup Cost": 123828.93,
    "Total Cost": 123828.94,
    "Plan Rows": 1,
    "Plan Width": 8,
    "Actual Startup Time": 575.189,
    "Actual Total Time": 627.699,
    "Actual Rows": 1,
    "Actual Loops": 1,
    "Plans": [
      {
        "Node Type": "Gather",
        "Parent Relationship": "Outer",
        "Parallel Aware": false,
        "Startup Cost": 123828.82,
        "Total Cost": 123828.93,
        "Plan Rows": 1,
        "Plan Width": 8,
        "Actual Startup Time": 574.675,
        "Actual Total Time": 627.69,
        "Actual Rows": 2,
        "Actual Loops": 1,
        "Workers Planned": 1,
        "Workers Launched": 1,
        "Single Copy": false,
        "Plans": [
          {
            "Node Type": "Aggregate",
            "Strategy": "Plain",
            "Partial Mode": "Partial",
            "Parent Relationship": "Outer",
            "Parallel Aware": false,
            "Startup Cost": 122828.82,
            "Total Cost": 122828.83,
            "Plan Rows": 1,
            "Plan Width": 8,
            "Actual Startup Time": 568.752,
            "Actual Total Time": 568.756,
            "Actual Rows": 1,
            "Actual Loops": 2,
            "Plans": [
              {
                "Node Type": "Nested Loop",
                "Parent Relationship": "Outer",
                "Parallel Aware": false,
                "Join Type": "Inner",
                "Startup Cost": 58505.99,
                "Total Cost": 122758.07,
                "Plan Rows": 28300,
                "Plan Width": 0,
                "Actual Startup Time": 146.544,
                "Actual Total Time": 566.567,
                "Actual Rows": 41700,
                "Actual Loops": 2,
                "Inner Unique": false,
                "Join Filter": "(t.id = ci.movie_id)",
                "Rows Removed by Join Filter": 0,
                "Plans": [
                  {
                    "Node Type": "Hash Join",
                    "Parent Relationship": "Outer",
                    "Parallel Aware": true,
                    "Join Type": "Inner",
                    "Startup Cost": 58505.42,
                    "Total Cost": 101894.94,
                    "Plan Rows": 7386,
                    "Plan Width": 8,
                    "Actual Startup Time": 146.012,
                    "Actual Total Time": 313.098,
                    "Actual Rows": 6358,
                    "Actual Loops": 2,
                    "Inner Unique": true,
                    "Hash Cond": "(mc.movie_id = t.id)",
                    "Plans": [
                      {
                        "Node Type": "Index Scan",
                        "Parent Relationship": "Outer",
                        "Parallel Aware": true,
                        "Scan Direction": "Forward",
                        "Index Name": "company_type_id_movie_companies",
                        "Relation Name": "movie_companies",
                        "Alias": "mc",
                        "Startup Cost": 0.43,
                        "Total Cost": 41574.35,
                        "Plan Rows": 691654,
                        "Plan Width": 4,
                        "Actual Startup Time": 0.174,
                        "Actual Total Time": 107.621,
                        "Actual Rows": 637123,
                        "Actual Loops": 2,
                        "Index Cond": "(company_type_id = 1)",
                        "Rows Removed by Index Recheck": 0,
                        "Filter": "(company_id < 108566)",
                        "Rows Removed by Filter": 0
                      },
                      {
                        "Node Type": "Hash",
                        "Parent Relationship": "Inner",
                        "Parallel Aware": true,
                        "Startup Cost": 58306.47,
                        "Total Cost": 58306.47,
                        "Plan Rows": 15882,
                        "Plan Width": 4,
                        "Actual Startup Time": 144.63,
                        "Actual Total Time": 144.631,
                        "Actual Rows": 13542,
                        "Actual Loops": 2,
                        "Hash Buckets": 32768,
                        "Original Hash Buckets": 32768,
                        "Hash Batches": 1,
                        "Original Hash Batches": 1,
                        "Peak Memory Usage": 1344,
                        "Plans": [
                          {
                            "Node Type": "Seq Scan",
                            "Parent Relationship": "Outer",
                            "Parallel Aware": true,
                            "Relation Name": "title",
                            "Alias": "t",
                            "Startup Cost": 0.0,
                            "Total Cost": 58306.47,
                            "Plan Rows": 15882,
                            "Plan Width": 4,
                            "Actual Startup Time": 0.469,
                            "Actual Total Time": 140.154,
                            "Actual Rows": 13542,
                            "Actual Loops": 2,
                            "Filter": "((kind_id < 7) AND (production_year > 2012))",
                            "Rows Removed by Filter": 1250614
                          }
                        ]
                      }
                    ]
                  },
                  {
                    "Node Type": "Index Scan",
                    "Parent Relationship": "Inner",
                    "Parallel Aware": false,
                    "Scan Direction": "Forward",
                    "Index Name": "movie_id_cast_info",
                    "Relation Name": "cast_info",
                    "Alias": "ci",
                    "Startup Cost": 0.56,
                    "Total Cost": 2.7,
                    "Plan Rows": 10,
                    "Plan Width": 4,
                    "Actual Startup Time": 0.014,
                    "Actual Total Time": 0.039,
                    "Actual Rows": 7,
                    "Actual Loops": 12717,
                    "Index Cond": "(movie_id = mc.movie_id)",
                    "Rows Removed by Index Recheck": 0,
                    "Filter": "((person_id > 806957) AND (role_id < 2))",
                    "Rows Removed by Filter": 34
                  }
                ]
              }
            ]
          }
        ]
      }
    ]
  },
  "Planning Time": 1.032,
  "Triggers": [],
  "Execution Time": 627.804
}