[
  {
    "Plan": {
      "Node Type": "Aggregate",
      "Strategy": "Plain",
      "Partial Mode": "Finalize",
      "Parallel Aware": false,
      "Startup Cost": 33390.03,
      "Total Cost": 33390.04,
      "Plan Rows": 1,
      "Plan Width": 8,
      "Actual Startup Time": 118.526,
      "Actual Total Time": 127.149,
      "Actual Rows": 1,
      "Actual Loops": 1,
      "Plans": [
        {
          "Node Type": "Gather",
          "Parent Relationship": "Outer",
          "Parallel Aware": false,
          "Startup Cost": 33389.71,
          "Total Cost": 33390.02,
          "Plan Rows": 3,
          "Plan Width": 8,
          "Actual Startup Time": 118.372,
          "Actual Total Time": 127.14,
          "Actual Rows": 4,
          "Actual Loops": 1,
          "Workers Planned": 3,
          "Workers Launched": 3,
          "Single Copy": false,
          "Plans": [
            {
              "Node Type": "Aggregate",
              "Strategy": "Plain",
              "Partial Mode": "Partial",
              "Parent Relationship": "Outer",
              "Parallel Aware": false,
              "Startup Cost": 32389.71,
              "Total Cost": 32389.72,
              "Plan Rows": 1,
              "Plan Width": 8,
              "Actual Startup Time": 113.125,
              "Actual Total Time": 113.126,
              "Actual Rows": 1,
              "Actual Loops": 4,
              "Plans": [
                {
                  "Node Type": "Seq Scan",
                  "Parent Relationship": "Outer",
                  "Parallel Aware": true,
                  "Relation Name": "movie_companies",
                  "Alias": "mc",
                  "Startup Cost": 0.0,
                  "Total Cost": 31414.82,
                  "Plan Rows": 389957,
                  "Plan Width": 0,
                  "Actual Startup Time": 44.528,
                  "Actual Total Time": 94.762,
                  "Actual Rows": 320004,
                  "Actual Loops": 4,
                  "Filter": "((company_id > 93) AND (company_type_id = 2))",
                  "Rows Removed by Filter": 332278
                }
              ]
            }
          ]
        }
      ]
    },
    "Planning Time": 0.191,
    "Triggers": [],
    "Execution Time": 127.182
  }
]