[
  {
    "Plan": {
      "Node Type": "Aggregate",
      "Strategy": "Plain",
      "Partial Mode": "Finalize",
      "Parallel Aware": false,
      "Startup Cost": 30746.49,
      "Total Cost": 30746.5,
      "Plan Rows": 1,
      "Plan Width": 8,
      "Actual Startup Time": 88.768,
      "Actual Total Time": 97.186,
      "Actual Rows": 1,
      "Actual Loops": 1,
      "Plans": [
        {
          "Node Type": "Gather",
          "Parent Relationship": "Outer",
          "Parallel Aware": false,
          "Startup Cost": 30746.18,
          "Total Cost": 30746.49,
          "Plan Rows": 3,
          "Plan Width": 8,
          "Actual Startup Time": 88.645,
          "Actual Total Time": 97.178,
          "Actual Rows": 4,
          "Actual Loops": 1,
          "Workers Planned": 3,
          "Workers Launched": 3,
          "Single Copy": false,
          "Plans": [
            {
              "Node Type": "Aggregate",
              "Strategy": "Plain",
              "Partial Mode": "Partial",
              "Parent Relationship": "Outer",
              "Parallel Aware": false,
              "Startup Cost": 29746.18,
              "Total Cost": 29746.19,
              "Plan Rows": 1,
              "Plan Width": 8,
              "Actual Startup Time": 84.658,
              "Actual Total Time": 84.659,
              "Actual Rows": 1,
              "Actual Loops": 4,
              "Plans": [
                {
                  "Node Type": "Seq Scan",
                  "Parent Relationship": "Outer",
                  "Parallel Aware": true,
                  "Relation Name": "movie_companies",
                  "Alias": "mc",
                  "Startup Cost": 0.0,
                  "Total Cost": 29310.68,
                  "Plan Rows": 174198,
                  "Plan Width": 0,
                  "Actual Startup Time": 0.016,
                  "Actual Total Time": 76.191,
                  "Actual Rows": 133353,
                  "Actual Loops": 4,
                  "Filter": "(company_id < 521)",
                  "Rows Removed by Filter": 518929
                }
              ]
            }
          ]
        }
      ]
    },
    "Planning Time": 0.167,
    "Triggers": [],
    "Execution Time": 97.234
  }
]