[
  {
    "Plan": {
      "Node Type": "Aggregate",
      "Strategy": "Plain",
      "Partial Mode": "Finalize",
      "Parallel Aware": false,
      "Startup Cost": 31696.26,
      "Total Cost": 31696.27,
      "Plan Rows": 1,
      "Plan Width": 8,
      "Actual Startup Time": 113.058,
      "Actual Total Time": 121.029,
      "Actual Rows": 1,
      "Actual Loops": 1,
      "Plans": [
        {
          "Node Type": "Gather",
          "Parent Relationship": "Outer",
          "Parallel Aware": false,
          "Startup Cost": 31695.95,
          "Total Cost": 31696.26,
          "Plan Rows": 3,
          "Plan Width": 8,
          "Actual Startup Time": 112.948,
          "Actual Total Time": 121.019,
          "Actual Rows": 4,
          "Actual Loops": 1,
          "Workers Planned": 3,
          "Workers Launched": 3,
          "Single Copy": false,
          "Plans": [
            {
              "Node Type": "Aggregate",
              "Strategy": "Plain",
              "Partial Mode": "Partial",
              "Parent Relationship": "Outer",
              "Parallel Aware": false,
              "Startup Cost": 30695.95,
              "Total Cost": 30695.96,
              "Plan Rows": 1,
              "Plan Width": 8,
              "Actual Startup Time": 104.575,
              "Actual Total Time": 104.576,
              "Actual Rows": 1,
              "Actual Loops": 4,
              "Plans": [
                {
                  "Node Type": "Seq Scan",
                  "Parent Relationship": "Outer",
                  "Parallel Aware": true,
                  "Relation Name": "movie_companies",
                  "Alias": "mc",
                  "Startup Cost": 0.0,
                  "Total Cost": 29310.68,
                  "Plan Rows": 554106,
                  "Plan Width": 0,
                  "Actual Startup Time": 0.051,
                  "Actual Total Time": 82.285,
                  "Actual Rows": 431600,
                  "Actual Loops": 4,
                  "Filter": "(company_id < 22678)",
                  "Rows Removed by Filter": 220682
                }
              ]
            }
          ]
        }
      ]
    },
    "Planning Time": 0.077,
    "Triggers": [],
    "Execution Time": 121.059
  }
]