[
  {
    "Plan": {
      "Node Type": "Aggregate",
      "Strategy": "Plain",
      "Partial Mode": "Finalize",
      "Parallel Aware": false,
      "Startup Cost": 31269.05,
      "Total Cost": 31269.06,
      "Plan Rows": 1,
      "Plan Width": 8,
      "Actual Startup Time": 103.278,
      "Actual Total Time": 111.676,
      "Actual Rows": 1,
      "Actual Loops": 1,
      "Plans": [
        {
          "Node Type": "Gather",
          "Parent Relationship": "Outer",
          "Parallel Aware": false,
          "Startup Cost": 31268.73,
          "Total Cost": 31269.04,
          "Plan Rows": 3,
          "Plan Width": 8,
          "Actual Startup Time": 103.174,
          "Actual Total Time": 111.667,
          "Actual Rows": 4,
          "Actual Loops": 1,
          "Workers Planned": 3,
          "Workers Launched": 3,
          "Single Copy": false,
          "Plans": [
            {
              "Node Type": "Aggregate",
              "Strategy": "Plain",
              "Partial Mode": "Partial",
              "Parent Relationship": "Outer",
              "Parallel Aware": false,
              "Startup Cost": 30268.73,
              "Total Cost": 30268.74,
              "Plan Rows": 1,
              "Plan Width": 8,
              "Actual Startup Time": 94.512,
              "Actual Total Time": 94.513,
              "Actual Rows": 1,
              "Actual Loops": 4,
              "Plans": [
                {
                  "Node Type": "Seq Scan",
                  "Parent Relationship": "Outer",
                  "Parallel Aware": true,
                  "Relation Name": "movie_companies",
                  "Alias": "mc",
                  "Startup Cost": 0.0,
                  "Total Cost": 29310.68,
                  "Plan Rows": 383219,
                  "Plan Width": 0,
                  "Actual Startup Time": 0.05,
                  "Actual Total Time": 77.18,
                  "Actual Rows": 296535,
                  "Actual Loops": 4,
                  "Filter": "(company_id < 10447)",
                  "Rows Removed by Filter": 355748
                }
              ]
            }
          ]
        }
      ]
    },
    "Planning Time": 0.194,
    "Triggers": [],
    "Execution Time": 111.733
  }
]