{
  "Plan": {
    "Node Type": "Aggregate",
    "Strategy": "Plain",
    "Partial Mode": "Finalize",
    "Parallel Aware": false,
    "Startup Cost": 101925.31,
    "Total Cost": 101925.32,
    "Plan Rows": 1,
    "Plan Width": 8,
    "Actual Startup Time": 427.734,
    "Actual Total Time": 443.733,
    "Actual Rows": 1,
    "Actual Loops": 1,
    "Plans": [
      {
        "Node Type": "Gather",
        "Parent Relationship": "Outer",
        "Parallel Aware": false,
        "Startup Cost": 101925.2,
        "Total Cost": 101925.31,
        "Plan Rows": 1,
        "Plan Width": 8,
        "Actual Startup Time": 426.974,
        "Actual Total Time": 443.724,
        "Actual Rows": 2,
        "Actual Loops": 1,
        "Workers Planned": 1,
        "Workers Launched": 1,
        "Single Copy": false,
        "Plans": [
          {
            "Node Type": "Aggregate",
            "Strategy": "Plain",
            "Partial Mode": "Partial",
            "Parent Relationship": "Outer",
            "Parallel Aware": false,
            "Startup Cost": 100925.2,
            "Total Cost": 100925.21,
            "Plan Rows": 1,
            "Plan Width": 8,
            "Actual Startup Time": 421.316,
            "Actual Total Time": 421.32,
            "Actual Rows": 1,
            "Actual Loops": 2,
            "Plans": [
              {
                "Node Type": "Hash Join",
                "Parent Relationship": "Outer",
                "Parallel Aware": true,
                "Join Type": "Inner",
                "Startup Cost": 60658.41,
                "Total Cost": 100678.73,
                "Plan Rows": 98587,
                "Plan Width": 0,
                "Actual Startup Time": 255.429,
                "Actual Total Time": 418.32,
                "Actual Rows": 59238,
                "Actual Loops": 2,
                "Inner Unique": true,
                "Hash Cond": "(mc.movie_id = t.id)",
                "Plans": [
                  {
                    "Node Type": "Seq Scan",
                    "Parent Relationship": "Outer",
                    "Parallel Aware": true,
                    "Relation Name": "movie_companies",
                    "Alias": "mc",
                    "Startup Cost": 0.0,
                    "Total Cost": 37974.77,
                    "Plan Rows": 779260,
                    "Plan Width": 4,
                    "Actual Startup Time": 53.815,
                    "Actual Total Time": 129.476,
                    "Actual Rows": 667442,
                    "Actual Loops": 2,
                    "Filter": "(company_type_id > 1)",
                    "Rows Removed by Filter": 637123
                  },
                  {
                    "Node Type": "Hash",
                    "Parent Relationship": "Inner",
                    "Parallel Aware": true,
                    "Startup Cost": 58306.47,
                    "Total Cost": 58306.47,
                    "Plan Rows": 188155,
                    "Plan Width": 4,
                    "Actual Startup Time": 195.708,
                    "Actual Total Time": 195.709,
                    "Actual Rows": 108806,
                    "Actual Loops": 2,
                    "Hash Buckets": 524288,
                    "Original Hash Buckets": 524288,
                    "Hash Batches": 1,
                    "Original Hash Batches": 1,
                    "Peak Memory Usage": 12640,
                    "Plans": [
                      {
                        "Node Type": "Seq Scan",
                        "Parent Relationship": "Outer",
                        "Parallel Aware": true,
                        "Relation Name": "title",
                        "Alias": "t",
                        "Startup Cost": 0.0,
                        "Total Cost": 58306.47,
                        "Plan Rows": 188155,
                        "Plan Width": 4,
                        "Actual Startup Time": 0.032,
                        "Actual Total Time": 162.753,
                        "Actual Rows": 108806,
                        "Actual Loops": 2,
                        "Filter": "((production_year < 1982) AND (kind_id = 7))",
                        "Rows Removed by Filter": 1155350
                      }
                    ]
                  }
                ]
              }
            ]
          }
        ]
      }
    ]
  },
  "Planning Time": 0.66,
  "Triggers": [],
  "Execution Time": 443.802
}