[
  {
    "Plan": {
      "Node Type": "Aggregate",
      "Strategy": "Plain",
      "Partial Mode": "Finalize",
      "Parallel Aware": false,
      "Startup Cost": 226092.25,
      "Total Cost": 226092.26,
      "Plan Rows": 1,
      "Plan Width": 8,
      "Actual Startup Time": 2298.293,
      "Actual Total Time": 2381.595,
      "Actual Rows": 1,
      "Actual Loops": 1,
      "Plans": [
        {
          "Node Type": "Gather",
          "Parent Relationship": "Outer",
          "Parallel Aware": false,
          "Startup Cost": 226091.93,
          "Total Cost": 226092.24,
          "Plan Rows": 3,
          "Plan Width": 8,
          "Actual Startup Time": 2288.222,
          "Actual Total Time": 2381.583,
          "Actual Rows": 4,
          "Actual Loops": 1,
          "Workers Planned": 3,
          "Workers Launched": 3,
          "Single Copy": false,
          "Plans": [
            {
              "Node Type": "Aggregate",
              "Strategy": "Plain",
              "Partial Mode": "Partial",
              "Parent Relationship": "Outer",
              "Parallel Aware": false,
              "Startup Cost": 225091.93,
              "Total Cost": 225091.94,
              "Plan Rows": 1,
              "Plan Width": 8,
              "Actual Startup Time": 2274.181,
              "Actual Total Time": 2274.185,
              "Actual Rows": 1,
              "Actual Loops": 4,
              "Plans": [
                {
                  "Node Type": "Nested Loop",
                  "Parent Relationship": "Outer",
                  "Parallel Aware": false,
                  "Join Type": "Inner",
                  "Startup Cost": 54879.07,
                  "Total Cost": 222606.8,
                  "Plan Rows": 994054,
                  "Plan Width": 0,
                  "Actual Startup Time": 376.96,
                  "Actual Total Time": 2202.379,
                  "Actual Rows": 1386288,
                  "Actual Loops": 4,
                  "Inner Unique": false,
                  "Plans": [
                    {
                      "Node Type": "Hash Join",
                      "Parent Relationship": "Outer",
                      "Parallel Aware": true,
                      "Join Type": "Inner",
                      "Startup Cost": 54878.5,
                      "Total Cost": 74717.15,
                      "Plan Rows": 69332,
                      "Plan Width": 8,
                      "Actual Startup Time": 376.84,
                      "Actual Total Time": 430.413,
                      "Actual Rows": 52932,
                      "Actual Loops": 4,
                      "Inner Unique": true,
                      "Hash Cond": "(mc.movie_id = t.id)",
                      "Plans": [
                        {
                          "Node Type": "Bitmap Heap Scan",
                          "Parent Relationship": "Outer",
                          "Parallel Aware": true,
                          "Relation Name": "movie_companies",
                          "Alias": "mc",
                          "Startup Cost": 4658.12,
                          "Total Cost": 24314.77,
                          "Plan Rows": 69332,
                          "Plan Width": 4,
                          "Actual Startup Time": 9.571,
                          "Actual Total Time": 24.296,
                          "Actual Rows": 52932,
                          "Actual Loops": 4,
                          "Recheck Cond": "(company_id > 110063)",
                          "Rows Removed by Index Recheck": 0,
                          "Exact Heap Blocks": 1368,
                          "Lossy Heap Blocks": 0,
                          "Plans": [
                            {
                              "Node Type": "Bitmap Index Scan",
                              "Parent Relationship": "Outer",
                              "Parallel Aware": false,
                              "Index Name": "company_id_movie_companies",
                              "Startup Cost": 0.0,
                              "Total Cost": 4604.39,
                              "Plan Rows": 214928,
                              "Plan Width": 0,
                              "Actual Startup Time": 8.953,
                              "Actual Total Time": 8.953,
                              "Actual Rows": 211728,
                              "Actual Loops": 1,
                              "Index Cond": "(company_id > 110063)"
                            }
                          ]
                        },
                        {
                          "Node Type": "Hash",
                          "Parent Relationship": "Inner",
                          "Parallel Aware": true,
                          "Startup Cost": 42319.06,
                          "Total Cost": 42319.06,
                          "Plan Rows": 632106,
                          "Plan Width": 4,
                          "Actual Startup Time": 358.101,
                          "Actual Total Time": 358.102,
                          "Actual Rows": 632078,
                          "Actual Loops": 4,
                          "Hash Buckets": 4194304,
                          "Original Hash Buckets": 4194304,
                          "Hash Batches": 1,
                          "Original Hash Batches": 1,
                          "Peak Memory Usage": 131744,
                          "Plans": [
                            {
                              "Node Type": "Seq Scan",
                              "Parent Relationship": "Outer",
                              "Parallel Aware": true,
                              "Relation Name": "title",
                              "Alias": "t",
                              "Startup Cost": 0.0,
                              "Total Cost": 42319.06,
                              "Plan Rows": 632106,
                              "Plan Width": 4,
                              "Actual Startup Time": 0.047,
                              "Actual Total Time": 104.913,
                              "Actual Rows": 632078,
                              "Actual Loops": 4
                            }
                          ]
                        }
                      ]
                    },
                    {
                      "Node Type": "Index Only Scan",
                      "Parent Relationship": "Inner",
                      "Parallel Aware": false,
                      "Scan Direction": "Forward",
                      "Index Name": "movie_id_cast_info",
                      "Relation Name": "cast_info",
                      "Alias": "ci",
                      "Startup Cost": 0.56,
                      "Total Cost": 1.78,
                      "Plan Rows": 35,
                      "Plan Width": 4,
                      "Actual Startup Time": 0.004,
                      "Actual Total Time": 0.031,
                      "Actual Rows": 26,
                      "Actual Loops": 211728,
                      "Index Cond": "(movie_id = t.id)",
                      "Rows Removed by Index Recheck": 0,
                      "Heap Fetches": 5545152
                    }
                  ]
                }
              ]
            }
          ]
        }
      ]
    },
    "Planning Time": 0.774,
    "Triggers": [],
    "Execution Time": 2381.693
  }
]