[
  {
    "Plan": {
      "Node Type": "Aggregate",
      "Strategy": "Plain",
      "Partial Mode": "Finalize",
      "Parallel Aware": false,
      "Startup Cost": 191857.21,
      "Total Cost": 191857.22,
      "Plan Rows": 1,
      "Plan Width": 8,
      "Actual Startup Time": 1808.836,
      "Actual Total Time": 1893.752,
      "Actual Rows": 1,
      "Actual Loops": 1,
      "Plans": [
        {
          "Node Type": "Gather",
          "Parent Relationship": "Outer",
          "Parallel Aware": false,
          "Startup Cost": 191856.79,
          "Total Cost": 191857.2,
          "Plan Rows": 4,
          "Plan Width": 8,
          "Actual Startup Time": 1807.142,
          "Actual Total Time": 1893.722,
          "Actual Rows": 5,
          "Actual Loops": 1,
          "Workers Planned": 4,
          "Workers Launched": 4,
          "Single Copy": false,
          "Plans": [
            {
              "Node Type": "Aggregate",
              "Strategy": "Plain",
              "Partial Mode": "Partial",
              "Parent Relationship": "Outer",
              "Parallel Aware": false,
              "Startup Cost": 190856.79,
              "Total Cost": 190856.8,
              "Plan Rows": 1,
              "Plan Width": 8,
              "Actual Startup Time": 1796.741,
              "Actual Total Time": 1796.744,
              "Actual Rows": 1,
              "Actual Loops": 5,
              "Plans": [
                {
                  "Node Type": "Nested Loop",
                  "Parent Relationship": "Outer",
                  "Parallel Aware": false,
                  "Join Type": "Inner",
                  "Startup Cost": 25208.22,
                  "Total Cost": 188923.9,
                  "Plan Rows": 773156,
                  "Plan Width": 0,
                  "Actual Startup Time": 166.223,
                  "Actual Total Time": 1746.972,
                  "Actual Rows": 1109030,
                  "Actual Loops": 5,
                  "Inner Unique": false,
                  "Plans": [
                    {
                      "Node Type": "Hash Join",
                      "Parent Relationship": "Outer",
                      "Parallel Aware": true,
                      "Join Type": "Inner",
                      "Startup Cost": 25207.66,
                      "Total Cost": 70860.81,
                      "Plan Rows": 53957,
                      "Plan Width": 8,
                      "Actual Startup Time": 166.099,
                      "Actual Total Time": 262.142,
                      "Actual Rows": 42346,
                      "Actual Loops": 5,
                      "Inner Unique": false,
                      "Hash Cond": "(t.id = mc.movie_id)",
                      "Plans": [
                        {
                          "Node Type": "Seq Scan",
                          "Parent Relationship": "Outer",
                          "Parallel Aware": true,
                          "Relation Name": "title",
                          "Alias": "t",
                          "Startup Cost": 0.0,
                          "Total Cost": 42318.73,
                          "Plan Rows": 632073,
                          "Plan Width": 4,
                          "Actual Startup Time": 0.011,
                          "Actual Total Time": 67.688,
                          "Actual Rows": 505662,
                          "Actual Loops": 5
                        },
                        {
                          "Node Type": "Hash",
                          "Parent Relationship": "Inner",
                          "Parallel Aware": true,
                          "Startup Cost": 24337.38,
                          "Total Cost": 24337.38,
                          "Plan Rows": 69622,
                          "Plan Width": 4,
                          "Actual Startup Time": 64.202,
                          "Actual Total Time": 64.204,
                          "Actual Rows": 42346,
                          "Actual Loops": 5,
                          "Hash Buckets": 262144,
                          "Original Hash Buckets": 262144,
                          "Hash Batches": 1,
                          "Original Hash Batches": 1,
                          "Peak Memory Usage": 10432,
                          "Plans": [
                            {
                              "Node Type": "Bitmap Heap Scan",
                              "Parent Relationship": "Outer",
                              "Parallel Aware": true,
                              "Relation Name": "movie_companies",
                              "Alias": "mc",
                              "Startup Cost": 4677.1,
                              "Total Cost": 24337.38,
                              "Plan Rows": 69622,
                              "Plan Width": 4,
                              "Actual Startup Time": 17.421,
                              "Actual Total Time": 43.141,
                              "Actual Rows": 42346,
                              "Actual Loops": 5,
                              "Recheck Cond": "(company_id > 110063)",
                              "Rows Removed by Index Recheck": 0,
                              "Exact Heap Blocks": 1862,
                              "Lossy Heap Blocks": 0,
                              "Plans": [
                                {
                                  "Node Type": "Bitmap Index Scan",
                                  "Parent Relationship": "Outer",
                                  "Parallel Aware": false,
                                  "Index Name": "company_id_movie_companies",
                                  "Startup Cost": 0.0,
                                  "Total Cost": 4623.15,
                                  "Plan Rows": 215829,
                                  "Plan Width": 0,
                                  "Actual Startup Time": 19.622,
                                  "Actual Total Time": 19.622,
                                  "Actual Rows": 211728,
                                  "Actual Loops": 1,
                                  "Index Cond": "(company_id > 110063)"
                                }
                              ]
                            }
                          ]
                        }
                      ]
                    },
                    {
                      "Node Type": "Index Only Scan",
                      "Parent Relationship": "Inner",
                      "Parallel Aware": false,
                      "Scan Direction": "Forward",
                      "Index Name": "movie_id_cast_info",
                      "Relation Name": "cast_info",
                      "Alias": "ci",
                      "Startup Cost": 0.56,
                      "Total Cost": 1.82,
                      "Plan Rows": 37,
                      "Plan Width": 4,
                      "Actual Startup Time": 0.006,
                      "Actual Total Time": 0.033,
                      "Actual Rows": 26,
                      "Actual Loops": 211728,
                      "Index Cond": "(movie_id = t.id)",
                      "Rows Removed by Index Recheck": 0,
                      "Heap Fetches": 5545152
                    }
                  ]
                }
              ]
            }
          ]
        }
      ]
    },
    "Planning Time": 1.441,
    "Triggers": [],
    "Execution Time": 1893.885
  }
]