[
  {
    "Plan": {
      "Node Type": "Aggregate",
      "Strategy": "Plain",
      "Partial Mode": "Finalize",
      "Parallel Aware": false,
      "Startup Cost": 204882.14,
      "Total Cost": 204882.15,
      "Plan Rows": 1,
      "Plan Width": 8,
      "Actual Startup Time": 259.192,
      "Actual Total Time": 272.942,
      "Actual Rows": 1,
      "Actual Loops": 1,
      "Plans": [
        {
          "Node Type": "Gather",
          "Parent Relationship": "Outer",
          "Parallel Aware": false,
          "Startup Cost": 204881.52,
          "Total Cost": 204882.13,
          "Plan Rows": 6,
          "Plan Width": 8,
          "Actual Startup Time": 259.055,
          "Actual Total Time": 272.928,
          "Actual Rows": 7,
          "Actual Loops": 1,
          "Workers Planned": 6,
          "Workers Launched": 6,
          "Single Copy": false,
          "Plans": [
            {
              "Node Type": "Aggregate",
              "Strategy": "Plain",
              "Partial Mode": "Partial",
              "Parent Relationship": "Outer",
              "Parallel Aware": false,
              "Startup Cost": 203881.52,
              "Total Cost": 203881.53,
              "Plan Rows": 1,
              "Plan Width": 8,
              "Actual Startup Time": 251.609,
              "Actual Total Time": 251.61,
              "Actual Rows": 1,
              "Actual Loops": 7,
              "Plans": [
                {
                  "Node Type": "Index Scan",
                  "Parent Relationship": "Outer",
                  "Parallel Aware": true,
                  "Scan Direction": "Forward",
                  "Index Name": "role_id_cast_info",
                  "Relation Name": "cast_info",
                  "Alias": "ci",
                  "Startup Cost": 0.56,
                  "Total Cost": 201884.69,
                  "Plan Rows": 798730,
                  "Plan Width": 0,
                  "Actual Startup Time": 0.1,
                  "Actual Total Time": 216.687,
                  "Actual Rows": 712267,
                  "Actual Loops": 7,
                  "Index Cond": "(role_id = 2)",
                  "Rows Removed by Index Recheck": 0,
                  "Filter": "(person_id < 2380866)",
                  "Rows Removed by Filter": 352301
                }
              ]
            }
          ]
        }
      ]
    },
    "Planning Time": 0.103,
    "Triggers": [],
    "Execution Time": 272.98
  }
]