[
    {
        "Bao": {
            "Bao prediction": 902.495,
            "Bao recommended hint": "SET enable_nestloop TO off; "
        }
    },
    {
        "Plan": {
            "Node Type": "Aggregate",
            "Strategy": "Plain",
            "Partial Mode": "Finalize",
            "Parallel Aware": false,
            "Startup Cost": 261905.82,
            "Total Cost": 261905.83,
            "Plan Rows": 1,
            "Plan Width": 8,
            "Actual Startup Time": 419.728,
            "Actual Total Time": 437.381,
            "Actual Rows": 1,
            "Actual Loops": 1,
            "Output": [
                "count(*)"
            ],
            "Plans": [
                {
                    "Node Type": "Gather",
                    "Parent Relationship": "Outer",
                    "Parallel Aware": false,
                    "Startup Cost": 261905.3,
                    "Total Cost": 261905.81,
                    "Plan Rows": 5,
                    "Plan Width": 8,
                    "Actual Startup Time": 416.767,
                    "Actual Total Time": 437.37,
                    "Actual Rows": 6,
                    "Actual Loops": 1,
                    "Output": [
                        "(PARTIAL count(*))"
                    ],
                    "Workers Planned": 5,
                    "Workers Launched": 5,
                    "Single Copy": false,
                    "Plans": [
                        {
                            "Node Type": "Aggregate",
                            "Strategy": "Plain",
                            "Partial Mode": "Partial",
                            "Parent Relationship": "Outer",
                            "Parallel Aware": false,
                            "Startup Cost": 260905.3,
                            "Total Cost": 260905.31,
                            "Plan Rows": 1,
                            "Plan Width": 8,
                            "Actual Startup Time": 406.241,
                            "Actual Total Time": 406.317,
                            "Actual Rows": 1,
                            "Actual Loops": 6,
                            "Output": [
                                "PARTIAL count(*)"
                            ],
                            "Workers": [
                                {
                                    "Worker Number": 0,
                                    "Actual Startup Time": 403.982,
                                    "Actual Total Time": 403.99,
                                    "Actual Rows": 1,
                                    "Actual Loops": 1
                                },
                                {
                                    "Worker Number": 1,
                                    "Actual Startup Time": 404.231,
                                    "Actual Total Time": 404.238,
                                    "Actual Rows": 1,
                                    "Actual Loops": 1
                                },
                                {
                                    "Worker Number": 2,
                                    "Actual Startup Time": 404.176,
                                    "Actual Total Time": 404.182,
                                    "Actual Rows": 1,
                                    "Actual Loops": 1
                                },
                                {
                                    "Worker Number": 3,
                                    "Actual Startup Time": 404.288,
                                    "Actual Total Time": 404.294,
                                    "Actual Rows": 1,
                                    "Actual Loops": 1
                                },
                                {
                                    "Worker Number": 4,
                                    "Actual Startup Time": 405.173,
                                    "Actual Total Time": 405.178,
                                    "Actual Rows": 1,
                                    "Actual Loops": 1
                                }
                            ],
                            "Plans": [
                                {
                                    "Node Type": "Hash Join",
                                    "Parent Relationship": "Outer",
                                    "Parallel Aware": true,
                                    "Join Type": "Inner",
                                    "Startup Cost": 95013.82,
                                    "Total Cost": 260900.46,
                                    "Plan Rows": 1935,
                                    "Plan Width": 0,
                                    "Actual Startup Time": 303.321,
                                    "Actual Total Time": 403.883,
                                    "Actual Rows": 31589,
                                    "Actual Loops": 6,
                                    "Inner Unique": false,
                                    "Hash Cond": "(mi.movie_id = t.id)",
                                    "Workers": [
                                        {
                                            "Worker Number": 0,
                                            "Actual Startup Time": 301.406,
                                            "Actual Total Time": 401.542,
                                            "Actual Rows": 37476,
                                            "Actual Loops": 1
                                        },
                                        {
                                            "Worker Number": 1,
                                            "Actual Startup Time": 302.074,
                                            "Actual Total Time": 401.876,
                                            "Actual Rows": 27687,
                                            "Actual Loops": 1
                                        },
                                        {
                                            "Worker Number": 2,
                                            "Actual Startup Time": 302.103,
                                            "Actual Total Time": 402.085,
                                            "Actual Rows": 26909,
                                            "Actual Loops": 1
                                        },
                                        {
                                            "Worker Number": 3,
                                            "Actual Startup Time": 298.218,
                                            "Actual Total Time": 401.762,
                                            "Actual Rows": 32993,
                                            "Actual Loops": 1
                                        },
                                        {
                                            "Worker Number": 4,
                                            "Actual Startup Time": 302.624,
                                            "Actual Total Time": 402.608,
                                            "Actual Rows": 29427,
                                            "Actual Loops": 1
                                        }
                                    ],
                                    "Plans": [
                                        {
                                            "Node Type": "Bitmap Heap Scan",
                                            "Parent Relationship": "Outer",
                                            "Parallel Aware": true,
                                            "Relation Name": "movie_info",
                                            "Schema": "public",
                                            "Alias": "mi",
                                            "Startup Cost": 21701.74,
                                            "Total Cost": 186686.12,
                                            "Plan Rows": 239311,
                                            "Plan Width": 4,
                                            "Actual Startup Time": 84.59,
                                            "Actual Total Time": 168.372,
                                            "Actual Rows": 200785,
                                            "Actual Loops": 6,
                                            "Output": [
                                                "mi.id",
                                                "mi.movie_id",
                                                "mi.info_type_id",
                                                "mi.info",
                                                "mi.note"
                                            ],
                                            "Recheck Cond": "(mi.info_type_id > 18)",
                                            "Rows Removed by Index Recheck": 0,
                                            "Exact Heap Blocks": 8560,
                                            "Lossy Heap Blocks": 0,
                                            "Workers": [
                                                {
                                                    "Worker Number": 0,
                                                    "Actual Startup Time": 84.331,
                                                    "Actual Total Time": 169.024,
                                                    "Actual Rows": 221757,
                                                    "Actual Loops": 1
                                                },
                                                {
                                                    "Worker Number": 1,
                                                    "Actual Startup Time": 84.612,
                                                    "Actual Total Time": 169.821,
                                                    "Actual Rows": 177357,
                                                    "Actual Loops": 1
                                                },
                                                {
                                                    "Worker Number": 2,
                                                    "Actual Startup Time": 84.781,
                                                    "Actual Total Time": 169.658,
                                                    "Actual Rows": 191036,
                                                    "Actual Loops": 1
                                                },
                                                {
                                                    "Worker Number": 3,
                                                    "Actual Startup Time": 84.683,
                                                    "Actual Total Time": 169.1,
                                                    "Actual Rows": 186579,
                                                    "Actual Loops": 1
                                                },
                                                {
                                                    "Worker Number": 4,
                                                    "Actual Startup Time": 84.604,
                                                    "Actual Total Time": 169.425,
                                                    "Actual Rows": 176264,
                                                    "Actual Loops": 1
                                                }
                                            ],
                                            "Plans": [
                                                {
                                                    "Node Type": "Bitmap Index Scan",
                                                    "Parent Relationship": "Outer",
                                                    "Parallel Aware": false,
                                                    "Index Name": "info_type_id_movie_info",
                                                    "Startup Cost": 0.0,
                                                    "Total Cost": 21402.6,
                                                    "Plan Rows": 1196555,
                                                    "Plan Width": 0,
                                                    "Actual Startup Time": 75.687,
                                                    "Actual Total Time": 75.687,
                                                    "Actual Rows": 1204709,
                                                    "Actual Loops": 1,
                                                    "Index Cond": "(mi.info_type_id > 18)",
                                                    "Workers": [
                                                        {
                                                            "Worker Number": 0,
                                                            "Actual Startup Time": 75.687,
                                                            "Actual Total Time": 75.687,
                                                            "Actual Rows": 1204709,
                                                            "Actual Loops": 1
                                                        }
                                                    ]
                                                }
                                            ]
                                        },
                                        {
                                            "Node Type": "Hash",
                                            "Parent Relationship": "Inner",
                                            "Parallel Aware": true,
                                            "Startup Cost": 73248.18,
                                            "Total Cost": 73248.18,
                                            "Plan Rows": 5112,
                                            "Plan Width": 8,
                                            "Actual Startup Time": 202.657,
                                            "Actual Total Time": 202.731,
                                            "Actual Rows": 922,
                                            "Actual Loops": 6,
                                            "Output": [
                                                "t.id",
                                                "mc.movie_id"
                                            ],
                                            "Hash Buckets": 32768,
                                            "Original Hash Buckets": 32768,
                                            "Hash Batches": 1,
                                            "Original Hash Batches": 1,
                                            "Peak Memory Usage": 608,
                                            "Workers": [
                                                {
                                                    "Worker Number": 0,
                                                    "Actual Startup Time": 200.931,
                                                    "Actual Total Time": 200.936,
                                                    "Actual Rows": 827,
                                                    "Actual Loops": 1
                                                },
                                                {
                                                    "Worker Number": 1,
                                                    "Actual Startup Time": 201.141,
                                                    "Actual Total Time": 201.145,
                                                    "Actual Rows": 908,
                                                    "Actual Loops": 1
                                                },
                                                {
                                                    "Worker Number": 2,
                                                    "Actual Startup Time": 201.201,
                                                    "Actual Total Time": 201.205,
                                                    "Actual Rows": 924,
                                                    "Actual Loops": 1
                                                },
                                                {
                                                    "Worker Number": 3,
                                                    "Actual Startup Time": 201.327,
                                                    "Actual Total Time": 201.331,
                                                    "Actual Rows": 811,
                                                    "Actual Loops": 1
                                                },
                                                {
                                                    "Worker Number": 4,
                                                    "Actual Startup Time": 202.19,
                                                    "Actual Total Time": 202.194,
                                                    "Actual Rows": 880,
                                                    "Actual Loops": 1
                                                }
                                            ],
                                            "Plans": [
                                                {
                                                    "Node Type": "Hash Join",
                                                    "Parent Relationship": "Outer",
                                                    "Parallel Aware": true,
                                                    "Join Type": "Inner",
                                                    "Startup Cost": 27313.86,
                                                    "Total Cost": 73248.18,
                                                    "Plan Rows": 5112,
                                                    "Plan Width": 8,
                                                    "Actual Startup Time": 155.971,
                                                    "Actual Total Time": 201.888,
                                                    "Actual Rows": 922,
                                                    "Actual Loops": 6,
                                                    "Output": [
                                                        "t.id",
                                                        "mc.movie_id"
                                                    ],
                                                    "Inner Unique": false,
                                                    "Hash Cond": "(t.id = mc.movie_id)",
                                                    "Workers": [
                                                        {
                                                            "Worker Number": 0,
                                                            "Actual Startup Time": 154.294,
                                                            "Actual Total Time": 200.339,
                                                            "Actual Rows": 827,
                                                            "Actual Loops": 1
                                                        },
                                                        {
                                                            "Worker Number": 1,
                                                            "Actual Startup Time": 154.324,
                                                            "Actual Total Time": 200.219,
                                                            "Actual Rows": 908,
                                                            "Actual Loops": 1
                                                        },
                                                        {
                                                            "Worker Number": 2,
                                                            "Actual Startup Time": 154.76,
                                                            "Actual Total Time": 200.275,
                                                            "Actual Rows": 924,
                                                            "Actual Loops": 1
                                                        },
                                                        {
                                                            "Worker Number": 3,
                                                            "Actual Startup Time": 154.72,
                                                            "Actual Total Time": 200.464,
                                                            "Actual Rows": 811,
                                                            "Actual Loops": 1
                                                        },
                                                        {
                                                            "Worker Number": 4,
                                                            "Actual Startup Time": 155.299,
                                                            "Actual Total Time": 201.28,
                                                            "Actual Rows": 880,
                                                            "Actual Loops": 1
                                                        }
                                                    ],
                                                    "Plans": [
                                                        {
                                                            "Node Type": "Seq Scan",
                                                            "Parent Relationship": "Outer",
                                                            "Parallel Aware": true,
                                                            "Relation Name": "title",
                                                            "Schema": "public",
                                                            "Alias": "t",
                                                            "Startup Cost": 0.0,
                                                            "Total Cost": 45479.21,
                                                            "Plan Rows": 87725,
                                                            "Plan Width": 4,
                                                            "Actual Startup Time": 41.928,
                                                            "Actual Total Time": 88.786,
                                                            "Actual Rows": 44212,
                                                            "Actual Loops": 6,
                                                            "Output": [
                                                                "t.id",
                                                                "t.title",
                                                                "t.imdb_index",
                                                                "t.kind_id",
                                                                "t.production_year",
                                                                "t.imdb_id",
                                                                "t.phonetic_code",
                                                                "t.episode_of_id",
                                                                "t.season_nr",
                                                                "t.episode_nr",
                                                                "t.series_years",
                                                                "t.md5sum"
                                                            ],
                                                            "Filter": "((t.production_year > 2001) AND (t.kind_id = 1))",
                                                            "Rows Removed by Filter": 377173,
                                                            "Workers": [
                                                                {
                                                                    "Worker Number": 0,
                                                                    "Actual Startup Time": 49.518,
                                                                    "Actual Total Time": 89.399,
                                                                    "Actual Rows": 41418,
                                                                    "Actual Loops": 1
                                                                },
                                                                {
                                                                    "Worker Number": 1,
                                                                    "Actual Startup Time": 49.683,
                                                                    "Actual Total Time": 88.976,
                                                                    "Actual Rows": 40461,
                                                                    "Actual Loops": 1
                                                                },
                                                                {
                                                                    "Worker Number": 2,
                                                                    "Actual Startup Time": 2.998,
                                                                    "Actual Total Time": 89.356,
                                                                    "Actual Rows": 41818,
                                                                    "Actual Loops": 1
                                                                },
                                                                {
                                                                    "Worker Number": 3,
                                                                    "Actual Startup Time": 49.728,
                                                                    "Actual Total Time": 89.336,
                                                                    "Actual Rows": 41996,
                                                                    "Actual Loops": 1
                                                                },
                                                                {
                                                                    "Worker Number": 4,
                                                                    "Actual Startup Time": 50.187,
                                                                    "Actual Total Time": 88.946,
                                                                    "Actual Rows": 40810,
                                                                    "Actual Loops": 1
                                                                }
                                                            ]
                                                        },
                                                        {
                                                            "Node Type": "Hash",
                                                            "Parent Relationship": "Inner",
                                                            "Parallel Aware": true,
                                                            "Startup Cost": 26719.81,
                                                            "Total Cost": 26719.81,
                                                            "Plan Rows": 47524,
                                                            "Plan Width": 4,
                                                            "Actual Startup Time": 98.586,
                                                            "Actual Total Time": 98.588,
                                                            "Actual Rows": 37397,
                                                            "Actual Loops": 6,
                                                            "Output": [
                                                                "mc.movie_id"
                                                            ],
                                                            "Hash Buckets": 262144,
                                                            "Original Hash Buckets": 262144,
                                                            "Hash Batches": 1,
                                                            "Original Hash Batches": 1,
                                                            "Peak Memory Usage": 10912,
                                                            "Workers": [
                                                                {
                                                                    "Worker Number": 0,
                                                                    "Actual Startup Time": 97.663,
                                                                    "Actual Total Time": 97.666,
                                                                    "Actual Rows": 30735,
                                                                    "Actual Loops": 1
                                                                },
                                                                {
                                                                    "Worker Number": 1,
                                                                    "Actual Startup Time": 97.805,
                                                                    "Actual Total Time": 97.807,
                                                                    "Actual Rows": 29378,
                                                                    "Actual Loops": 1
                                                                },
                                                                {
                                                                    "Worker Number": 2,
                                                                    "Actual Startup Time": 97.839,
                                                                    "Actual Total Time": 97.841,
                                                                    "Actual Rows": 29734,
                                                                    "Actual Loops": 1
                                                                },
                                                                {
                                                                    "Worker Number": 3,
                                                                    "Actual Startup Time": 97.969,
                                                                    "Actual Total Time": 97.971,
                                                                    "Actual Rows": 29726,
                                                                    "Actual Loops": 1
                                                                },
                                                                {
                                                                    "Worker Number": 4,
                                                                    "Actual Startup Time": 98.824,
                                                                    "Actual Total Time": 98.825,
                                                                    "Actual Rows": 29621,
                                                                    "Actual Loops": 1
                                                                }
                                                            ],
                                                            "Plans": [
                                                                {
                                                                    "Node Type": "Bitmap Heap Scan",
                                                                    "Parent Relationship": "Outer",
                                                                    "Parallel Aware": true,
                                                                    "Relation Name": "movie_companies",
                                                                    "Schema": "public",
                                                                    "Alias": "mc",
                                                                    "Startup Cost": 6475.48,
                                                                    "Total Cost": 26719.81,
                                                                    "Plan Rows": 47524,
                                                                    "Plan Width": 4,
                                                                    "Actual Startup Time": 32.044,
                                                                    "Actual Total Time": 79.91,
                                                                    "Actual Rows": 37397,
                                                                    "Actual Loops": 6,
                                                                    "Output": [
                                                                        "mc.movie_id"
                                                                    ],
                                                                    "Recheck Cond": "(mc.company_id < 160)",
                                                                    "Rows Removed by Index Recheck": 0,
                                                                    "Filter": "(mc.company_type_id = 1)",
                                                                    "Rows Removed by Filter": 11416,
                                                                    "Exact Heap Blocks": 5562,
                                                                    "Lossy Heap Blocks": 0,
                                                                    "Workers": [
                                                                        {
                                                                            "Worker Number": 0,
                                                                            "Actual Startup Time": 31.123,
                                                                            "Actual Total Time": 79.744,
                                                                            "Actual Rows": 30735,
                                                                            "Actual Loops": 1
                                                                        },
                                                                        {
                                                                            "Worker Number": 1,
                                                                            "Actual Startup Time": 31.457,
                                                                            "Actual Total Time": 79.622,
                                                                            "Actual Rows": 29378,
                                                                            "Actual Loops": 1
                                                                        },
                                                                        {
                                                                            "Worker Number": 2,
                                                                            "Actual Startup Time": 31.296,
                                                                            "Actual Total Time": 79.955,
                                                                            "Actual Rows": 29734,
                                                                            "Actual Loops": 1
                                                                        },
                                                                        {
                                                                            "Worker Number": 3,
                                                                            "Actual Startup Time": 31.483,
                                                                            "Actual Total Time": 80.468,
                                                                            "Actual Rows": 29726,
                                                                            "Actual Loops": 1
                                                                        },
                                                                        {
                                                                            "Worker Number": 4,
                                                                            "Actual Startup Time": 32.276,
                                                                            "Actual Total Time": 80.454,
                                                                            "Actual Rows": 29621,
                                                                            "Actual Loops": 1
                                                                        }
                                                                    ],
                                                                    "Plans": [
                                                                        {
                                                                            "Node Type": "Bitmap Index Scan",
                                                                            "Parent Relationship": "Outer",
                                                                            "Parallel Aware": false,
                                                                            "Index Name": "company_id_movie_companies",
                                                                            "Startup Cost": 0.0,
                                                                            "Total Cost": 6438.65,
                                                                            "Plan Rows": 300562,
                                                                            "Plan Width": 0,
                                                                            "Actual Startup Time": 30.475,
                                                                            "Actual Total Time": 30.475,
                                                                            "Actual Rows": 292877,
                                                                            "Actual Loops": 1,
                                                                            "Index Cond": "(mc.company_id < 160)"
                                                                        }
                                                                    ]
                                                                }
                                                            ]
                                                        }
                                                    ]
                                                }
                                            ]
                                        }
                                    ]
                                }
                            ]
                        }
                    ]
                }
            ]
        },
        "Planning Time": 599.903,
        "Triggers": [],
        "Execution Time": 437.683
    }
]