{
  "Plan": {
    "Node Type": "Aggregate",
    "Strategy": "Plain",
    "Partial Mode": "Finalize",
    "Parallel Aware": false,
    "Startup Cost": 121645.0,
    "Total Cost": 121645.01,
    "Plan Rows": 1,
    "Plan Width": 8,
    "Actual Startup Time": 461.654,
    "Actual Total Time": 478.695,
    "Actual Rows": 1,
    "Actual Loops": 1,
    "Plans": [
      {
        "Node Type": "Gather",
        "Parent Relationship": "Outer",
        "Parallel Aware": false,
        "Startup Cost": 121644.88,
        "Total Cost": 121644.99,
        "Plan Rows": 1,
        "Plan Width": 8,
        "Actual Startup Time": 460.986,
        "Actual Total Time": 478.688,
        "Actual Rows": 2,
        "Actual Loops": 1,
        "Workers Planned": 1,
        "Workers Launched": 1,
        "Single Copy": false,
        "Plans": [
          {
            "Node Type": "Aggregate",
            "Strategy": "Plain",
            "Partial Mode": "Partial",
            "Parent Relationship": "Outer",
            "Parallel Aware": false,
            "Startup Cost": 120644.88,
            "Total Cost": 120644.89,
            "Plan Rows": 1,
            "Plan Width": 8,
            "Actual Startup Time": 455.213,
            "Actual Total Time": 455.217,
            "Actual Rows": 1,
            "Actual Loops": 2,
            "Plans": [
              {
                "Node Type": "Hash Join",
                "Parent Relationship": "Outer",
                "Parallel Aware": true,
                "Join Type": "Inner",
                "Startup Cost": 58734.94,
                "Total Cost": 120554.85,
                "Plan Rows": 36014,
                "Plan Width": 0,
                "Actual Startup Time": 171.228,
                "Actual Total Time": 450.461,
                "Actual Rows": 118938,
                "Actual Loops": 2,
                "Inner Unique": true,
                "Hash Cond": "(mk.movie_id = t.id)",
                "Plans": [
                  {
                    "Node Type": "Seq Scan",
                    "Parent Relationship": "Outer",
                    "Parallel Aware": true,
                    "Relation Name": "movie_keyword",
                    "Alias": "mk",
                    "Startup Cost": 0.0,
                    "Total Cost": 57718.19,
                    "Plan Rows": 1562554,
                    "Plan Width": 4,
                    "Actual Startup Time": 0.015,
                    "Actual Total Time": 183.145,
                    "Actual Rows": 1326950,
                    "Actual Loops": 2,
                    "Filter": "(keyword_id < 7359)",
                    "Rows Removed by Filter": 935014
                  },
                  {
                    "Node Type": "Hash",
                    "Parent Relationship": "Inner",
                    "Parallel Aware": true,
                    "Startup Cost": 58306.47,
                    "Total Cost": 58306.47,
                    "Plan Rows": 34278,
                    "Plan Width": 4,
                    "Actual Startup Time": 166.088,
                    "Actual Total Time": 166.089,
                    "Actual Rows": 74818,
                    "Actual Loops": 2,
                    "Hash Buckets": 262144,
                    "Original Hash Buckets": 65536,
                    "Hash Batches": 1,
                    "Original Hash Batches": 1,
                    "Peak Memory Usage": 9472,
                    "Plans": [
                      {
                        "Node Type": "Seq Scan",
                        "Parent Relationship": "Outer",
                        "Parallel Aware": true,
                        "Relation Name": "title",
                        "Alias": "t",
                        "Startup Cost": 0.0,
                        "Total Cost": 58306.47,
                        "Plan Rows": 34278,
                        "Plan Width": 4,
                        "Actual Startup Time": 6.478,
                        "Actual Total Time": 146.752,
                        "Actual Rows": 74818,
                        "Actual Loops": 2,
                        "Filter": "((kind_id < 7) AND (production_year < 1944))",
                        "Rows Removed by Filter": 1189338
                      }
                    ]
                  }
                ]
              }
            ]
          }
        ]
      }
    ]
  },
  "Planning Time": 0.465,
  "Triggers": [],
  "Execution Time": 478.767
}