[
    {
        "Bao": {
            "Bao prediction": 1277.175,
            "Bao recommended hint": "(no hint)"
        }
    },
    {
        "Plan": {
            "Node Type": "Aggregate",
            "Strategy": "Plain",
            "Partial Mode": "Finalize",
            "Parallel Aware": false,
            "Startup Cost": 104159.57,
            "Total Cost": 104159.58,
            "Plan Rows": 1,
            "Plan Width": 8,
            "Actual Startup Time": 611.486,
            "Actual Total Time": 623.066,
            "Actual Rows": 1,
            "Actual Loops": 1,
            "Output": [
                "count(*)"
            ],
            "Plans": [
                {
                    "Node Type": "Gather",
                    "Parent Relationship": "Outer",
                    "Parallel Aware": false,
                    "Startup Cost": 104159.25,
                    "Total Cost": 104159.56,
                    "Plan Rows": 3,
                    "Plan Width": 8,
                    "Actual Startup Time": 606.315,
                    "Actual Total Time": 623.055,
                    "Actual Rows": 4,
                    "Actual Loops": 1,
                    "Output": [
                        "(PARTIAL count(*))"
                    ],
                    "Workers Planned": 3,
                    "Workers Launched": 3,
                    "Single Copy": false,
                    "Plans": [
                        {
                            "Node Type": "Aggregate",
                            "Strategy": "Plain",
                            "Partial Mode": "Partial",
                            "Parent Relationship": "Outer",
                            "Parallel Aware": false,
                            "Startup Cost": 103159.25,
                            "Total Cost": 103159.26,
                            "Plan Rows": 1,
                            "Plan Width": 8,
                            "Actual Startup Time": 591.569,
                            "Actual Total Time": 591.853,
                            "Actual Rows": 1,
                            "Actual Loops": 4,
                            "Output": [
                                "PARTIAL count(*)"
                            ],
                            "Workers": [
                                {
                                    "Worker Number": 0,
                                    "Actual Startup Time": 586.767,
                                    "Actual Total Time": 586.772,
                                    "Actual Rows": 1,
                                    "Actual Loops": 1
                                },
                                {
                                    "Worker Number": 1,
                                    "Actual Startup Time": 586.771,
                                    "Actual Total Time": 586.777,
                                    "Actual Rows": 1,
                                    "Actual Loops": 1
                                },
                                {
                                    "Worker Number": 2,
                                    "Actual Startup Time": 587.204,
                                    "Actual Total Time": 587.208,
                                    "Actual Rows": 1,
                                    "Actual Loops": 1
                                }
                            ],
                            "Plans": [
                                {
                                    "Node Type": "Hash Join",
                                    "Parent Relationship": "Outer",
                                    "Parallel Aware": true,
                                    "Join Type": "Inner",
                                    "Startup Cost": 58201.43,
                                    "Total Cost": 102968.01,
                                    "Plan Rows": 76497,
                                    "Plan Width": 0,
                                    "Actual Startup Time": 335.726,
                                    "Actual Total Time": 588.609,
                                    "Actual Rows": 50523,
                                    "Actual Loops": 4,
                                    "Inner Unique": false,
                                    "Hash Cond": "(mk.movie_id = t.id)",
                                    "Workers": [
                                        {
                                            "Worker Number": 0,
                                            "Actual Startup Time": 330.991,
                                            "Actual Total Time": 583.509,
                                            "Actual Rows": 50956,
                                            "Actual Loops": 1
                                        },
                                        {
                                            "Worker Number": 1,
                                            "Actual Startup Time": 331.008,
                                            "Actual Total Time": 583.466,
                                            "Actual Rows": 50127,
                                            "Actual Loops": 1
                                        },
                                        {
                                            "Worker Number": 2,
                                            "Actual Startup Time": 331.006,
                                            "Actual Total Time": 584.041,
                                            "Actual Rows": 49350,
                                            "Actual Loops": 1
                                        }
                                    ],
                                    "Plans": [
                                        {
                                            "Node Type": "Seq Scan",
                                            "Parent Relationship": "Outer",
                                            "Parallel Aware": true,
                                            "Relation Name": "movie_keyword",
                                            "Schema": "public",
                                            "Alias": "mk",
                                            "Startup Cost": 0.0,
                                            "Total Cost": 39047.32,
                                            "Plan Rows": 1459332,
                                            "Plan Width": 4,
                                            "Actual Startup Time": 0.018,
                                            "Actual Total Time": 120.515,
                                            "Actual Rows": 1130982,
                                            "Actual Loops": 4,
                                            "Output": [
                                                "mk.id",
                                                "mk.movie_id",
                                                "mk.keyword_id"
                                            ],
                                            "Workers": [
                                                {
                                                    "Worker Number": 0,
                                                    "Actual Startup Time": 0.02,
                                                    "Actual Total Time": 122.321,
                                                    "Actual Rows": 1112775,
                                                    "Actual Loops": 1
                                                },
                                                {
                                                    "Worker Number": 1,
                                                    "Actual Startup Time": 0.019,
                                                    "Actual Total Time": 122.381,
                                                    "Actual Rows": 1110000,
                                                    "Actual Loops": 1
                                                },
                                                {
                                                    "Worker Number": 2,
                                                    "Actual Startup Time": 0.018,
                                                    "Actual Total Time": 122.523,
                                                    "Actual Rows": 1118080,
                                                    "Actual Loops": 1
                                                }
                                            ]
                                        },
                                        {
                                            "Node Type": "Hash",
                                            "Parent Relationship": "Inner",
                                            "Parallel Aware": true,
                                            "Startup Cost": 57667.03,
                                            "Total Cost": 57667.03,
                                            "Plan Rows": 42752,
                                            "Plan Width": 8,
                                            "Actual Startup Time": 333.447,
                                            "Actual Total Time": 333.729,
                                            "Actual Rows": 33927,
                                            "Actual Loops": 4,
                                            "Output": [
                                                "t.id",
                                                "ci.movie_id"
                                            ],
                                            "Hash Buckets": 262144,
                                            "Original Hash Buckets": 262144,
                                            "Hash Batches": 1,
                                            "Original Hash Batches": 1,
                                            "Peak Memory Usage": 7424,
                                            "Workers": [
                                                {
                                                    "Worker Number": 0,
                                                    "Actual Startup Time": 330.523,
                                                    "Actual Total Time": 330.527,
                                                    "Actual Rows": 33610,
                                                    "Actual Loops": 1
                                                },
                                                {
                                                    "Worker Number": 1,
                                                    "Actual Startup Time": 330.436,
                                                    "Actual Total Time": 330.441,
                                                    "Actual Rows": 33261,
                                                    "Actual Loops": 1
                                                },
                                                {
                                                    "Worker Number": 2,
                                                    "Actual Startup Time": 330.523,
                                                    "Actual Total Time": 330.526,
                                                    "Actual Rows": 34788,
                                                    "Actual Loops": 1
                                                }
                                            ],
                                            "Plans": [
                                                {
                                                    "Node Type": "Hash Join",
                                                    "Parent Relationship": "Outer",
                                                    "Parallel Aware": true,
                                                    "Join Type": "Inner",
                                                    "Startup Cost": 48945.87,
                                                    "Total Cost": 57667.03,
                                                    "Plan Rows": 42752,
                                                    "Plan Width": 8,
                                                    "Actual Startup Time": 262.909,
                                                    "Actual Total Time": 319.545,
                                                    "Actual Rows": 33927,
                                                    "Actual Loops": 4,
                                                    "Output": [
                                                        "t.id",
                                                        "ci.movie_id"
                                                    ],
                                                    "Inner Unique": true,
                                                    "Hash Cond": "(ci.movie_id = t.id)",
                                                    "Workers": [
                                                        {
                                                            "Worker Number": 0,
                                                            "Actual Startup Time": 259.825,
                                                            "Actual Total Time": 316.179,
                                                            "Actual Rows": 33610,
                                                            "Actual Loops": 1
                                                        },
                                                        {
                                                            "Worker Number": 1,
                                                            "Actual Startup Time": 259.85,
                                                            "Actual Total Time": 316.714,
                                                            "Actual Rows": 33261,
                                                            "Actual Loops": 1
                                                        },
                                                        {
                                                            "Worker Number": 2,
                                                            "Actual Startup Time": 259.889,
                                                            "Actual Total Time": 316.309,
                                                            "Actual Rows": 34788,
                                                            "Actual Loops": 1
                                                        }
                                                    ],
                                                    "Plans": [
                                                        {
                                                            "Node Type": "Index Scan",
                                                            "Parent Relationship": "Outer",
                                                            "Parallel Aware": true,
                                                            "Scan Direction": "Forward",
                                                            "Index Name": "role_id_cast_info",
                                                            "Relation Name": "cast_info",
                                                            "Schema": "public",
                                                            "Alias": "ci",
                                                            "Startup Cost": 0.56,
                                                            "Total Cost": 8465.91,
                                                            "Plan Rows": 97454,
                                                            "Plan Width": 4,
                                                            "Actual Startup Time": 0.182,
                                                            "Actual Total Time": 18.525,
                                                            "Actual Rows": 79030,
                                                            "Actual Loops": 4,
                                                            "Output": [
                                                                "ci.id",
                                                                "ci.person_id",
                                                                "ci.movie_id",
                                                                "ci.person_role_id",
                                                                "ci.note",
                                                                "ci.nr_order",
                                                                "ci.role_id"
                                                            ],
                                                            "Index Cond": "(ci.role_id > 10)",
                                                            "Rows Removed by Index Recheck": 0,
                                                            "Workers": [
                                                                {
                                                                    "Worker Number": 0,
                                                                    "Actual Startup Time": 0.262,
                                                                    "Actual Total Time": 19.243,
                                                                    "Actual Rows": 78780,
                                                                    "Actual Loops": 1
                                                                },
                                                                {
                                                                    "Worker Number": 1,
                                                                    "Actual Startup Time": 0.292,
                                                                    "Actual Total Time": 19.471,
                                                                    "Actual Rows": 79950,
                                                                    "Actual Loops": 1
                                                                },
                                                                {
                                                                    "Worker Number": 2,
                                                                    "Actual Startup Time": 0.14,
                                                                    "Actual Total Time": 19.247,
                                                                    "Actual Rows": 79170,
                                                                    "Actual Loops": 1
                                                                }
                                                            ]
                                                        },
                                                        {
                                                            "Node Type": "Hash",
                                                            "Parent Relationship": "Inner",
                                                            "Parallel Aware": true,
                                                            "Startup Cost": 45479.21,
                                                            "Total Cost": 45479.21,
                                                            "Plan Rows": 277288,
                                                            "Plan Width": 4,
                                                            "Actual Startup Time": 256.392,
                                                            "Actual Total Time": 256.394,
                                                            "Actual Rows": 303272,
                                                            "Actual Loops": 4,
                                                            "Output": [
                                                                "t.id"
                                                            ],
                                                            "Hash Buckets": 2097152,
                                                            "Original Hash Buckets": 2097152,
                                                            "Hash Batches": 1,
                                                            "Original Hash Batches": 1,
                                                            "Peak Memory Usage": 63904,
                                                            "Workers": [
                                                                {
                                                                    "Worker Number": 0,
                                                                    "Actual Startup Time": 259.485,
                                                                    "Actual Total Time": 259.487,
                                                                    "Actual Rows": 289911,
                                                                    "Actual Loops": 1
                                                                },
                                                                {
                                                                    "Worker Number": 1,
                                                                    "Actual Startup Time": 259.495,
                                                                    "Actual Total Time": 259.497,
                                                                    "Actual Rows": 289994,
                                                                    "Actual Loops": 1
                                                                },
                                                                {
                                                                    "Worker Number": 2,
                                                                    "Actual Startup Time": 259.488,
                                                                    "Actual Total Time": 259.488,
                                                                    "Actual Rows": 290607,
                                                                    "Actual Loops": 1
                                                                }
                                                            ],
                                                            "Plans": [
                                                                {
                                                                    "Node Type": "Seq Scan",
                                                                    "Parent Relationship": "Outer",
                                                                    "Parallel Aware": true,
                                                                    "Relation Name": "title",
                                                                    "Schema": "public",
                                                                    "Alias": "t",
                                                                    "Startup Cost": 0.0,
                                                                    "Total Cost": 45479.21,
                                                                    "Plan Rows": 277288,
                                                                    "Plan Width": 4,
                                                                    "Actual Startup Time": 0.039,
                                                                    "Actual Total Time": 127.767,
                                                                    "Actual Rows": 303272,
                                                                    "Actual Loops": 4,
                                                                    "Output": [
                                                                        "t.id"
                                                                    ],
                                                                    "Filter": "((t.production_year > 1986) AND (t.kind_id = 7))",
                                                                    "Rows Removed by Filter": 328806,
                                                                    "Workers": [
                                                                        {
                                                                            "Worker Number": 0,
                                                                            "Actual Startup Time": 0.049,
                                                                            "Actual Total Time": 130.029,
                                                                            "Actual Rows": 289911,
                                                                            "Actual Loops": 1
                                                                        },
                                                                        {
                                                                            "Worker Number": 1,
                                                                            "Actual Startup Time": 0.046,
                                                                            "Actual Total Time": 130.215,
                                                                            "Actual Rows": 289994,
                                                                            "Actual Loops": 1
                                                                        },
                                                                        {
                                                                            "Worker Number": 2,
                                                                            "Actual Startup Time": 0.045,
                                                                            "Actual Total Time": 130.161,
                                                                            "Actual Rows": 290607,
                                                                            "Actual Loops": 1
                                                                        }
                                                                    ]
                                                                }
                                                            ]
                                                        }
                                                    ]
                                                }
                                            ]
                                        }
                                    ]
                                }
                            ]
                        }
                    ]
                }
            ]
        },
        "Planning Time": 2050.215,
        "Triggers": [],
        "Execution Time": 623.208
    }
]