[
  {
    "Plan": {
      "Node Type": "Aggregate",
      "Strategy": "Plain",
      "Partial Mode": "Finalize",
      "Parallel Aware": false,
      "Startup Cost": 32518.35,
      "Total Cost": 32518.36,
      "Plan Rows": 1,
      "Plan Width": 8,
      "Actual Startup Time": 37.316,
      "Actual Total Time": 41.297,
      "Actual Rows": 1,
      "Actual Loops": 1,
      "Plans": [
        {
          "Node Type": "Gather",
          "Parent Relationship": "Outer",
          "Parallel Aware": false,
          "Startup Cost": 32518.14,
          "Total Cost": 32518.35,
          "Plan Rows": 2,
          "Plan Width": 8,
          "Actual Startup Time": 37.076,
          "Actual Total Time": 41.29,
          "Actual Rows": 3,
          "Actual Loops": 1,
          "Workers Planned": 2,
          "Workers Launched": 2,
          "Single Copy": false,
          "Plans": [
            {
              "Node Type": "Aggregate",
              "Strategy": "Plain",
              "Partial Mode": "Partial",
              "Parent Relationship": "Outer",
              "Parallel Aware": false,
              "Startup Cost": 31518.14,
              "Total Cost": 31518.15,
              "Plan Rows": 1,
              "Plan Width": 8,
              "Actual Startup Time": 28.756,
              "Actual Total Time": 28.757,
              "Actual Rows": 1,
              "Actual Loops": 3,
              "Plans": [
                {
                  "Node Type": "Nested Loop",
                  "Parent Relationship": "Outer",
                  "Parallel Aware": false,
                  "Join Type": "Inner",
                  "Startup Cost": 211.16,
                  "Total Cost": 31512.95,
                  "Plan Rows": 2074,
                  "Plan Width": 0,
                  "Actual Startup Time": 3.868,
                  "Actual Total Time": 28.446,
                  "Actual Rows": 1558,
                  "Actual Loops": 3,
                  "Inner Unique": true,
                  "Plans": [
                    {
                      "Node Type": "Bitmap Heap Scan",
                      "Parent Relationship": "Outer",
                      "Parallel Aware": true,
                      "Relation Name": "movie_companies",
                      "Alias": "mc",
                      "Startup Cost": 210.73,
                      "Total Cost": 16324.32,
                      "Plan Rows": 2074,
                      "Plan Width": 4,
                      "Actual Startup Time": 3.659,
                      "Actual Total Time": 7.972,
                      "Actual Rows": 1558,
                      "Actual Loops": 3,
                      "Recheck Cond": "(company_id = 225)",
                      "Rows Removed by Index Recheck": 0,
                      "Filter": "(company_type_id = 2)",
                      "Rows Removed by Filter": 1450,
                      "Exact Heap Blocks": 2611,
                      "Lossy Heap Blocks": 0,
                      "Plans": [
                        {
                          "Node Type": "Bitmap Index Scan",
                          "Parent Relationship": "Outer",
                          "Parallel Aware": false,
                          "Index Name": "company_id_movie_companies",
                          "Startup Cost": 0.0,
                          "Total Cost": 209.49,
                          "Plan Rows": 9741,
                          "Plan Width": 0,
                          "Actual Startup Time": 4.434,
                          "Actual Total Time": 4.435,
                          "Actual Rows": 9025,
                          "Actual Loops": 1,
                          "Index Cond": "(company_id = 225)"
                        }
                      ]
                    },
                    {
                      "Node Type": "Index Only Scan",
                      "Parent Relationship": "Inner",
                      "Parallel Aware": false,
                      "Scan Direction": "Forward",
                      "Index Name": "title_pkey",
                      "Relation Name": "title",
                      "Alias": "t",
                      "Startup Cost": 0.43,
                      "Total Cost": 7.32,
                      "Plan Rows": 1,
                      "Plan Width": 4,
                      "Actual Startup Time": 0.012,
                      "Actual Total Time": 0.012,
                      "Actual Rows": 1,
                      "Actual Loops": 4675,
                      "Index Cond": "(id = mc.movie_id)",
                      "Rows Removed by Index Recheck": 0,
                      "Heap Fetches": 4675
                    }
                  ]
                }
              ]
            }
          ]
        }
      ]
    },
    "Planning Time": 0.665,
    "Triggers": [],
    "Execution Time": 41.376
  }
]