{
    "Plan": {
        "Node Type": "Aggregate",
        "Strategy": "Plain",
        "Partial Mode": "Simple",
        "Parallel Aware": false,
        "Startup Cost": 90089948091.02,
        "Total Cost": 90089948091.03,
        "Plan Rows": 1,
        "Plan Width": 8,
        "Actual Startup Time": 53887.954,
        "Actual Total Time": 53887.984,
        "Actual Rows": 1,
        "Actual Loops": 1,
        "Output": [
            "count(*)"
        ],
        "Plans": [
            {
                "Node Type": "Hash Join",
                "Parent Relationship": "Outer",
                "Parallel Aware": false,
                "Join Type": "Inner",
                "Startup Cost": 90089947928.3,
                "Total Cost": 90089948091.02,
                "Plan Rows": 1,
                "Plan Width": 0,
                "Actual Startup Time": 53887.949,
                "Actual Total Time": 53887.977,
                "Actual Rows": 0,
                "Actual Loops": 1,
                "Inner Unique": false,
                "Hash Cond": "(cc.movie_id = t.id)",
                "Plans": [
                    {
                        "Node Type": "Hash Join",
                        "Parent Relationship": "Outer",
                        "Parallel Aware": false,
                        "Join Type": "Inner",
                        "Startup Cost": 20000003349.5,
                        "Total Cost": 20000003480.55,
                        "Plan Rows": 8443,
                        "Plan Width": 4,
                        "Actual Startup Time": 35.802,
                        "Actual Total Time": 35.807,
                        "Actual Rows": 1,
                        "Actual Loops": 1,
                        "Output": [
                            "cc.movie_id"
                        ],
                        "Inner Unique": false,
                        "Hash Cond": "(cct2.id = cc.status_id)",
                        "Plans": [
                            {
                                "Node Type": "Index Scan",
                                "Parent Relationship": "Outer",
                                "Parallel Aware": false,
                                "Scan Direction": "Forward",
                                "Index Name": "comp_cast_type_pkey",
                                "Relation Name": "comp_cast_type",
                                "Schema": "public",
                                "Alias": "cct2",
                                "Startup Cost": 10000000000.13,
                                "Total Cost": 10000000012.2,
                                "Plan Rows": 1,
                                "Plan Width": 4,
                                "Actual Startup Time": 0.026,
                                "Actual Total Time": 0.027,
                                "Actual Rows": 1,
                                "Actual Loops": 1,
                                "Output": [
                                    "cct2.id",
                                    "cct2.kind"
                                ],
                                "Filter": "((cct2.kind)::text = 'complete+verified'::text)",
                                "Rows Removed by Filter": 3
                            },
                            {
                                "Node Type": "Hash",
                                "Parent Relationship": "Inner",
                                "Parallel Aware": false,
                                "Startup Cost": 10000002927.22,
                                "Total Cost": 10000002927.22,
                                "Plan Rows": 33772,
                                "Plan Width": 8,
                                "Actual Startup Time": 35.707,
                                "Actual Total Time": 35.71,
                                "Actual Rows": 85941,
                                "Actual Loops": 1,
                                "Output": [
                                    "cc.movie_id",
                                    "cc.status_id"
                                ],
                                "Hash Buckets": 131072,
                                "Original Hash Buckets": 65536,
                                "Hash Batches": 1,
                                "Original Hash Batches": 1,
                                "Peak Memory Usage": 4382,
                                "Plans": [
                                    {
                                        "Node Type": "Hash Join",
                                        "Parent Relationship": "Outer",
                                        "Parallel Aware": false,
                                        "Join Type": "Inner",
                                        "Startup Cost": 10000000001.06,
                                        "Total Cost": 10000002927.22,
                                        "Plan Rows": 33772,
                                        "Plan Width": 8,
                                        "Actual Startup Time": 0.031,
                                        "Actual Total Time": 27.065,
                                        "Actual Rows": 85941,
                                        "Actual Loops": 1,
                                        "Output": [
                                            "cc.movie_id",
                                            "cc.status_id"
                                        ],
                                        "Inner Unique": false,
                                        "Hash Cond": "(cc.subject_id = cct1.id)",
                                        "Plans": [
                                            {
                                                "Node Type": "Seq Scan",
                                                "Parent Relationship": "Outer",
                                                "Parallel Aware": false,
                                                "Relation Name": "complete_cast",
                                                "Schema": "public",
                                                "Alias": "cc",
                                                "Startup Cost": 0.0,
                                                "Total Cost": 2081.86,
                                                "Plan Rows": 135086,
                                                "Plan Width": 12,
                                                "Actual Startup Time": 0.01,
                                                "Actual Total Time": 11.556,
                                                "Actual Rows": 135086,
                                                "Actual Loops": 1,
                                                "Output": [
                                                    "cc.id",
                                                    "cc.movie_id",
                                                    "cc.subject_id",
                                                    "cc.status_id"
                                                ]
                                            },
                                            {
                                                "Node Type": "Hash",
                                                "Parent Relationship": "Inner",
                                                "Parallel Aware": false,
                                                "Startup Cost": 10000000001.05,
                                                "Total Cost": 10000000001.05,
                                                "Plan Rows": 1,
                                                "Plan Width": 4,
                                                "Actual Startup Time": 0.015,
                                                "Actual Total Time": 0.016,
                                                "Actual Rows": 1,
                                                "Actual Loops": 1,
                                                "Output": [
                                                    "cct1.id"
                                                ],
                                                "Hash Buckets": 1024,
                                                "Original Hash Buckets": 1024,
                                                "Hash Batches": 1,
                                                "Original Hash Batches": 1,
                                                "Peak Memory Usage": 9,
                                                "Plans": [
                                                    {
                                                        "Node Type": "Seq Scan",
                                                        "Parent Relationship": "Outer",
                                                        "Parallel Aware": false,
                                                        "Relation Name": "comp_cast_type",
                                                        "Schema": "public",
                                                        "Alias": "cct1",
                                                        "Startup Cost": 10000000000.0,
                                                        "Total Cost": 10000000001.05,
                                                        "Plan Rows": 1,
                                                        "Plan Width": 4,
                                                        "Actual Startup Time": 0.004,
                                                        "Actual Total Time": 0.005,
                                                        "Actual Rows": 1,
                                                        "Actual Loops": 1,
                                                        "Output": [
                                                            "cct1.id"
                                                        ],
                                                        "Filter": "((cct1.kind)::text = 'cast'::text)",
                                                        "Rows Removed by Filter": 3
                                                    }
                                                ]
                                            }
                                        ]
                                    }
                                ]
                            }
                        ]
                    },
                    {
                        "Node Type": "Hash",
                        "Parent Relationship": "Inner",
                        "Parallel Aware": false,
                        "Startup Cost": 70089944578.79,
                        "Total Cost": 70089944578.79,
                        "Plan Rows": 1,
                        "Plan Width": 20,
                        "Actual Startup Time": 53852.13,
                        "Actual Total Time": 53852.154,
                        "Actual Rows": 0,
                        "Actual Loops": 1,
                        "Output": [
                            "ci.movie_id",
                            "mc.movie_id",
                            "mi.movie_id",
                            "mk.movie_id",
                            "t.id"
                        ],
                        "Hash Buckets": 1024,
                        "Original Hash Buckets": 1024,
                        "Hash Batches": 1,
                        "Original Hash Batches": 1,
                        "Peak Memory Usage": 8,
                        "Plans": [
                            {
                                "Node Type": "Nested Loop",
                                "Parent Relationship": "Outer",
                                "Parallel Aware": false,
                                "Join Type": "Inner",
                                "Startup Cost": 70089797202.4,
                                "Total Cost": 70089944578.79,
                                "Plan Rows": 1,
                                "Plan Width": 20,
                                "Actual Startup Time": 53852.129,
                                "Actual Total Time": 53852.152,
                                "Actual Rows": 0,
                                "Actual Loops": 1,
                                "Output": [
                                    "ci.movie_id",
                                    "mc.movie_id",
                                    "mi.movie_id",
                                    "mk.movie_id",
                                    "t.id"
                                ],
                                "Inner Unique": true,
                                "Plans": [
                                    {
                                        "Node Type": "Nested Loop",
                                        "Parent Relationship": "Outer",
                                        "Parallel Aware": false,
                                        "Join Type": "Inner",
                                        "Startup Cost": 70089797201.98,
                                        "Total Cost": 70089944578.34,
                                        "Plan Rows": 1,
                                        "Plan Width": 24,
                                        "Actual Startup Time": 53852.128,
                                        "Actual Total Time": 53852.151,
                                        "Actual Rows": 0,
                                        "Actual Loops": 1,
                                        "Output": [
                                            "ci.movie_id",
                                            "mc.movie_id",
                                            "mc.company_id",
                                            "mi.movie_id",
                                            "mk.movie_id",
                                            "t.id"
                                        ],
                                        "Inner Unique": true,
                                        "Join Filter": "(ci.person_id = n.id)",
                                        "Rows Removed by Join Filter": 0,
                                        "Plans": [
                                            {
                                                "Node Type": "Merge Join",
                                                "Parent Relationship": "Outer",
                                                "Parallel Aware": false,
                                                "Join Type": "Inner",
                                                "Startup Cost": 60089797201.52,
                                                "Total Cost": 60089944573.86,
                                                "Plan Rows": 1,
                                                "Plan Width": 36,
                                                "Actual Startup Time": 53851.764,
                                                "Actual Total Time": 53851.822,
                                                "Actual Rows": 66,
                                                "Actual Loops": 1,
                                                "Output": [
                                                    "an.person_id",
                                                    "ci.movie_id",
                                                    "ci.person_id",
                                                    "mc.movie_id",
                                                    "mc.company_id",
                                                    "mi.movie_id",
                                                    "mk.movie_id",
                                                    "pi.person_id",
                                                    "t.id"
                                                ],
                                                "Inner Unique": false,
                                                "Merge Cond": "(mc.movie_id = t.id)",
                                                "Plans": [
                                                    {
                                                        "Node Type": "Index Scan",
                                                        "Parent Relationship": "Outer",
                                                        "Parallel Aware": false,
                                                        "Scan Direction": "Forward",
                                                        "Index Name": "movie_id_movie_companies",
                                                        "Relation Name": "movie_companies",
                                                        "Schema": "public",
                                                        "Alias": "mc",
                                                        "Startup Cost": 0.43,
                                                        "Total Cost": 140849.93,
                                                        "Plan Rows": 2609129,
                                                        "Plan Width": 8,
                                                        "Actual Startup Time": 0.019,
                                                        "Actual Total Time": 479.214,
                                                        "Actual Rows": 2122642,
                                                        "Actual Loops": 1,
                                                        "Output": [
                                                            "mc.id",
                                                            "mc.movie_id",
                                                            "mc.company_id",
                                                            "mc.company_type_id",
                                                            "mc.note"
                                                        ]
                                                    },
                                                    {
                                                        "Node Type": "Sort",
                                                        "Parent Relationship": "Inner",
                                                        "Parallel Aware": false,
                                                        "Startup Cost": 60089797201.09,
                                                        "Total Cost": 60089797201.1,
                                                        "Plan Rows": 1,
                                                        "Plan Width": 28,
                                                        "Actual Startup Time": 53243.913,
                                                        "Actual Total Time": 53243.946,
                                                        "Actual Rows": 45,
                                                        "Actual Loops": 1,
                                                        "Output": [
                                                            "an.person_id",
                                                            "ci.movie_id",
                                                            "ci.person_id",
                                                            "mi.movie_id",
                                                            "mk.movie_id",
                                                            "pi.person_id",
                                                            "t.id"
                                                        ],
                                                        "Sort Key": [
                                                            "ci.movie_id"
                                                        ],
                                                        "Sort Method": "quicksort",
                                                        "Sort Space Used": 25,
                                                        "Sort Space Type": "Memory",
                                                        "Plans": [
                                                            {
                                                                "Node Type": "Merge Join",
                                                                "Parent Relationship": "Outer",
                                                                "Parallel Aware": false,
                                                                "Join Type": "Inner",
                                                                "Startup Cost": 60089797187.08,
                                                                "Total Cost": 60089797201.08,
                                                                "Plan Rows": 1,
                                                                "Plan Width": 28,
                                                                "Actual Startup Time": 53243.894,
                                                                "Actual Total Time": 53243.928,
                                                                "Actual Rows": 3,
                                                                "Actual Loops": 1,
                                                                "Output": [
                                                                    "an.person_id",
                                                                    "ci.movie_id",
                                                                    "ci.person_id",
                                                                    "mi.movie_id",
                                                                    "mk.movie_id",
                                                                    "pi.person_id",
                                                                    "t.id"
                                                                ],
                                                                "Inner Unique": false,
                                                                "Merge Cond": "(it.id = mi.info_type_id)",
                                                                "Plans": [
                                                                    {
                                                                        "Node Type": "Index Scan",
                                                                        "Parent Relationship": "Outer",
                                                                        "Parallel Aware": false,
                                                                        "Scan Direction": "Forward",
                                                                        "Index Name": "info_type_pkey",
                                                                        "Relation Name": "info_type",
                                                                        "Schema": "public",
                                                                        "Alias": "it",
                                                                        "Startup Cost": 0.14,
                                                                        "Total Cost": 14.12,
                                                                        "Plan Rows": 1,
                                                                        "Plan Width": 4,
                                                                        "Actual Startup Time": 0.012,
                                                                        "Actual Total Time": 0.024,
                                                                        "Actual Rows": 1,
                                                                        "Actual Loops": 1,
                                                                        "Output": [
                                                                            "it.id",
                                                                            "it.info"
                                                                        ],
                                                                        "Filter": "((it.info)::text = 'release dates'::text)",
                                                                        "Rows Removed by Filter": 112
                                                                    },
                                                                    {
                                                                        "Node Type": "Sort",
                                                                        "Parent Relationship": "Inner",
                                                                        "Parallel Aware": false,
                                                                        "Startup Cost": 60089797186.94,
                                                                        "Total Cost": 60089797186.95,
                                                                        "Plan Rows": 1,
                                                                        "Plan Width": 32,
                                                                        "Actual Startup Time": 53243.878,
                                                                        "Actual Total Time": 53243.898,
                                                                        "Actual Rows": 3,
                                                                        "Actual Loops": 1,
                                                                        "Output": [
                                                                            "an.person_id",
                                                                            "ci.movie_id",
                                                                            "ci.person_id",
                                                                            "mi.movie_id",
                                                                            "mi.info_type_id",
                                                                            "mk.movie_id",
                                                                            "pi.person_id",
                                                                            "t.id"
                                                                        ],
                                                                        "Sort Key": [
                                                                            "mi.info_type_id"
                                                                        ],
                                                                        "Sort Method": "quicksort",
                                                                        "Sort Space Used": 25,
                                                                        "Sort Space Type": "Memory",
                                                                        "Plans": [
                                                                            {
                                                                                "Node Type": "Nested Loop",
                                                                                "Parent Relationship": "Outer",
                                                                                "Parallel Aware": false,
                                                                                "Join Type": "Inner",
                                                                                "Startup Cost": 60089733325.86,
                                                                                "Total Cost": 60089797186.93,
                                                                                "Plan Rows": 1,
                                                                                "Plan Width": 32,
                                                                                "Actual Startup Time": 53243.622,
                                                                                "Actual Total Time": 53243.883,
                                                                                "Actual Rows": 3,
                                                                                "Actual Loops": 1,
                                                                                "Output": [
                                                                                    "an.person_id",
                                                                                    "ci.movie_id",
                                                                                    "ci.person_id",
                                                                                    "mi.movie_id",
                                                                                    "mi.info_type_id",
                                                                                    "mk.movie_id",
                                                                                    "pi.person_id",
                                                                                    "t.id"
                                                                                ],
                                                                                "Inner Unique": false,
                                                                                "Join Filter": "(t.id = mi.movie_id)",
                                                                                "Rows Removed by Join Filter": 0,
                                                                                "Plans": [
                                                                                    {
                                                                                        "Node Type": "Merge Join",
                                                                                        "Parent Relationship": "Outer",
                                                                                        "Parallel Aware": false,
                                                                                        "Join Type": "Inner",
                                                                                        "Startup Cost": 50089733325.08,
                                                                                        "Total Cost": 50089797181.56,
                                                                                        "Plan Rows": 1,
                                                                                        "Plan Width": 24,
                                                                                        "Actual Startup Time": 53243.512,
                                                                                        "Actual Total Time": 53243.535,
                                                                                        "Actual Rows": 3,
                                                                                        "Actual Loops": 1,
                                                                                        "Output": [
                                                                                            "an.person_id",
                                                                                            "ci.movie_id",
                                                                                            "ci.person_id",
                                                                                            "mk.movie_id",
                                                                                            "pi.person_id",
                                                                                            "t.id"
                                                                                        ],
                                                                                        "Inner Unique": false,
                                                                                        "Merge Cond": "(ci.person_id = an.person_id)",
                                                                                        "Plans": [
                                                                                            {
                                                                                                "Node Type": "Sort",
                                                                                                "Parent Relationship": "Outer",
                                                                                                "Parallel Aware": false,
                                                                                                "Startup Cost": 50089733324.66,
                                                                                                "Total Cost": 50089733324.66,
                                                                                                "Plan Rows": 1,
                                                                                                "Plan Width": 20,
                                                                                                "Actual Startup Time": 53133.796,
                                                                                                "Actual Total Time": 53133.814,
                                                                                                "Actual Rows": 1,
                                                                                                "Actual Loops": 1,
                                                                                                "Output": [
                                                                                                    "ci.movie_id",
                                                                                                    "ci.person_id",
                                                                                                    "mk.movie_id",
                                                                                                    "pi.person_id",
                                                                                                    "t.id"
                                                                                                ],
                                                                                                "Sort Key": [
                                                                                                    "ci.person_id"
                                                                                                ],
                                                                                                "Sort Method": "quicksort",
                                                                                                "Sort Space Used": 25,
                                                                                                "Sort Space Type": "Memory",
                                                                                                "Plans": [
                                                                                                    {
                                                                                                        "Node Type": "Nested Loop",
                                                                                                        "Parent Relationship": "Outer",
                                                                                                        "Parallel Aware": false,
                                                                                                        "Join Type": "Inner",
                                                                                                        "Startup Cost": 50089733316.59,
                                                                                                        "Total Cost": 50089733324.65,
                                                                                                        "Plan Rows": 1,
                                                                                                        "Plan Width": 20,
                                                                                                        "Actual Startup Time": 53133.525,
                                                                                                        "Actual Total Time": 53133.801,
                                                                                                        "Actual Rows": 1,
                                                                                                        "Actual Loops": 1,
                                                                                                        "Output": [
                                                                                                            "ci.movie_id",
                                                                                                            "ci.person_id",
                                                                                                            "mk.movie_id",
                                                                                                            "pi.person_id",
                                                                                                            "t.id"
                                                                                                        ],
                                                                                                        "Inner Unique": true,
                                                                                                        "Plans": [
                                                                                                            {
                                                                                                                "Node Type": "Merge Join",
                                                                                                                "Parent Relationship": "Outer",
                                                                                                                "Parallel Aware": false,
                                                                                                                "Join Type": "Inner",
                                                                                                                "Startup Cost": 40089733316.1,
                                                                                                                "Total Cost": 40089733316.12,
                                                                                                                "Plan Rows": 1,
                                                                                                                "Plan Width": 24,
                                                                                                                "Actual Startup Time": 53133.401,
                                                                                                                "Actual Total Time": 53133.418,
                                                                                                                "Actual Rows": 4,
                                                                                                                "Actual Loops": 1,
                                                                                                                "Output": [
                                                                                                                    "ci.movie_id",
                                                                                                                    "ci.person_id",
                                                                                                                    "ci.person_role_id",
                                                                                                                    "mk.movie_id",
                                                                                                                    "pi.person_id",
                                                                                                                    "t.id"
                                                                                                                ],
                                                                                                                "Inner Unique": false,
                                                                                                                "Merge Cond": "(mk.keyword_id = k.id)",
                                                                                                                "Plans": [
                                                                                                                    {
                                                                                                                        "Node Type": "Sort",
                                                                                                                        "Parent Relationship": "Outer",
                                                                                                                        "Parallel Aware": false,
                                                                                                                        "Startup Cost": 30089730689.96,
                                                                                                                        "Total Cost": 30089730689.97,
                                                                                                                        "Plan Rows": 1,
                                                                                                                        "Plan Width": 28,
                                                                                                                        "Actual Startup Time": 53125.01,
                                                                                                                        "Actual Total Time": 53125.046,
                                                                                                                        "Actual Rows": 411,
                                                                                                                        "Actual Loops": 1,
                                                                                                                        "Output": [
                                                                                                                            "ci.movie_id",
                                                                                                                            "ci.person_id",
                                                                                                                            "ci.person_role_id",
                                                                                                                            "mk.movie_id",
                                                                                                                            "mk.keyword_id",
                                                                                                                            "pi.person_id",
                                                                                                                            "t.id"
                                                                                                                        ],
                                                                                                                        "Sort Key": [
                                                                                                                            "mk.keyword_id"
                                                                                                                        ],
                                                                                                                        "Sort Method": "quicksort",
                                                                                                                        "Sort Space Used": 78,
                                                                                                                        "Sort Space Type": "Memory",
                                                                                                                        "Plans": [
                                                                                                                            {
                                                                                                                                "Node Type": "Merge Join",
                                                                                                                                "Parent Relationship": "Outer",
                                                                                                                                "Parallel Aware": false,
                                                                                                                                "Join Type": "Inner",
                                                                                                                                "Startup Cost": 30089730677.72,
                                                                                                                                "Total Cost": 30089730689.95,
                                                                                                                                "Plan Rows": 1,
                                                                                                                                "Plan Width": 28,
                                                                                                                                "Actual Startup Time": 53124.763,
                                                                                                                                "Actual Total Time": 53124.891,
                                                                                                                                "Actual Rows": 684,
                                                                                                                                "Actual Loops": 1,
                                                                                                                                "Output": [
                                                                                                                                    "ci.movie_id",
                                                                                                                                    "ci.person_id",
                                                                                                                                    "ci.person_role_id",
                                                                                                                                    "mk.movie_id",
                                                                                                                                    "mk.keyword_id",
                                                                                                                                    "pi.person_id",
                                                                                                                                    "t.id"
                                                                                                                                ],
                                                                                                                                "Inner Unique": false,
                                                                                                                                "Merge Cond": "(rt.id = ci.role_id)",
                                                                                                                                "Plans": [
                                                                                                                                    {
                                                                                                                                        "Node Type": "Index Scan",
                                                                                                                                        "Parent Relationship": "Outer",
                                                                                                                                        "Parallel Aware": false,
                                                                                                                                        "Scan Direction": "Forward",
                                                                                                                                        "Index Name": "role_type_pkey",
                                                                                                                                        "Relation Name": "role_type",
                                                                                                                                        "Schema": "public",
                                                                                                                                        "Alias": "rt",
                                                                                                                                        "Startup Cost": 0.14,
                                                                                                                                        "Total Cost": 12.35,
                                                                                                                                        "Plan Rows": 1,
                                                                                                                                        "Plan Width": 4,
                                                                                                                                        "Actual Startup Time": 0.007,
                                                                                                                                        "Actual Total Time": 0.02,
                                                                                                                                        "Actual Rows": 1,
                                                                                                                                        "Actual Loops": 1,
                                                                                                                                        "Output": [
                                                                                                                                            "rt.id",
                                                                                                                                            "rt.role"
                                                                                                                                        ],
                                                                                                                                        "Filter": "((rt.role)::text = 'actress'::text)",
                                                                                                                                        "Rows Removed by Filter": 11
                                                                                                                                    },
                                                                                                                                    {
                                                                                                                                        "Node Type": "Sort",
                                                                                                                                        "Parent Relationship": "Inner",
                                                                                                                                        "Parallel Aware": false,
                                                                                                                                        "Startup Cost": 30089730677.59,
                                                                                                                                        "Total Cost": 30089730677.59,
                                                                                                                                        "Plan Rows": 2,
                                                                                                                                        "Plan Width": 32,
                                                                                                                                        "Actual Startup Time": 53124.657,
                                                                                                                                        "Actual Total Time": 53124.729,
                                                                                                                                        "Actual Rows": 1852,
                                                                                                                                        "Actual Loops": 1,
                                                                                                                                        "Output": [
                                                                                                                                            "ci.movie_id",
                                                                                                                                            "ci.person_id",
                                                                                                                                            "ci.role_id",
                                                                                                                                            "ci.person_role_id",
                                                                                                                                            "mk.movie_id",
                                                                                                                                            "mk.keyword_id",
                                                                                                                                            "pi.person_id",
                                                                                                                                            "t.id"
                                                                                                                                        ],
                                                                                                                                        "Sort Key": [
                                                                                                                                            "ci.role_id"
                                                                                                                                        ],
                                                                                                                                        "Sort Method": "quicksort",
                                                                                                                                        "Sort Space Used": 193,
                                                                                                                                        "Sort Space Type": "Memory",
                                                                                                                                        "Plans": [
                                                                                                                                            {
                                                                                                                                                "Node Type": "Merge Join",
                                                                                                                                                "Parent Relationship": "Outer",
                                                                                                                                                "Parallel Aware": false,
                                                                                                                                                "Join Type": "Inner",
                                                                                                                                                "Startup Cost": 30089726414.69,
                                                                                                                                                "Total Cost": 30089730677.58,
                                                                                                                                                "Plan Rows": 2,
                                                                                                                                                "Plan Width": 32,
                                                                                                                                                "Actual Startup Time": 53123.852,
                                                                                                                                                "Actual Total Time": 53124.372,
                                                                                                                                                "Actual Rows": 1852,
                                                                                                                                                "Actual Loops": 1,
                                                                                                                                                "Output": [
                                                                                                                                                    "ci.movie_id",
                                                                                                                                                    "ci.person_id",
                                                                                                                                                    "ci.role_id",
                                                                                                                                                    "ci.person_role_id",
                                                                                                                                                    "mk.movie_id",
                                                                                                                                                    "mk.keyword_id",
                                                                                                                                                    "pi.person_id",
                                                                                                                                                    "t.id"
                                                                                                                                                ],
                                                                                                                                                "Inner Unique": false,
                                                                                                                                                "Merge Cond": "(ci.movie_id = t.id)",
                                                                                                                                                "Plans": [
                                                                                                                                                    {
                                                                                                                                                        "Node Type": "Sort",
                                                                                                                                                        "Parent Relationship": "Outer",
                                                                                                                                                        "Parallel Aware": false,
                                                                                                                                                        "Startup Cost": 20089646170.97,
                                                                                                                                                        "Total Cost": 20089648302.39,
                                                                                                                                                        "Plan Rows": 852568,
                                                                                                                                                        "Plan Width": 28,
                                                                                                                                                        "Actual Startup Time": 52767.61,
                                                                                                                                                        "Actual Total Time": 52825.986,
                                                                                                                                                        "Actual Rows": 1225609,
                                                                                                                                                        "Actual Loops": 1,
                                                                                                                                                        "Output": [
                                                                                                                                                            "ci.movie_id",
                                                                                                                                                            "ci.person_id",
                                                                                                                                                            "ci.role_id",
                                                                                                                                                            "ci.person_role_id",
                                                                                                                                                            "mk.movie_id",
                                                                                                                                                            "mk.keyword_id",
                                                                                                                                                            "pi.person_id"
                                                                                                                                                        ],
                                                                                                                                                        "Sort Key": [
                                                                                                                                                            "ci.movie_id"
                                                                                                                                                        ],
                                                                                                                                                        "Sort Method": "quicksort",
                                                                                                                                                        "Sort Space Used": 174204,
                                                                                                                                                        "Sort Space Type": "Memory",
                                                                                                                                                        "Plans": [
                                                                                                                                                            {
                                                                                                                                                                "Node Type": "Nested Loop",
                                                                                                                                                                "Parent Relationship": "Outer",
                                                                                                                                                                "Parallel Aware": false,
                                                                                                                                                                "Join Type": "Inner",
                                                                                                                                                                "Startup Cost": 20000000001.84,
                                                                                                                                                                "Total Cost": 20089562186.82,
                                                                                                                                                                "Plan Rows": 852568,
                                                                                                                                                                "Plan Width": 28,
                                                                                                                                                                "Actual Startup Time": 0.223,
                                                                                                                                                                "Actual Total Time": 52452.012,
                                                                                                                                                                "Actual Rows": 1600663,
                                                                                                                                                                "Actual Loops": 1,
                                                                                                                                                                "Output": [
                                                                                                                                                                    "ci.movie_id",
                                                                                                                                                                    "ci.person_id",
                                                                                                                                                                    "ci.role_id",
                                                                                                                                                                    "ci.person_role_id",
                                                                                                                                                                    "mk.movie_id",
                                                                                                                                                                    "mk.keyword_id",
                                                                                                                                                                    "pi.person_id"
                                                                                                                                                                ],
                                                                                                                                                                "Inner Unique": false,
                                                                                                                                                                "Plans": [
                                                                                                                                                                    {
                                                                                                                                                                        "Node Type": "Nested Loop",
                                                                                                                                                                        "Parent Relationship": "Outer",
                                                                                                                                                                        "Parallel Aware": false,
                                                                                                                                                                        "Join Type": "Inner",
                                                                                                                                                                        "Startup Cost": 20000000001.41,
                                                                                                                                                                        "Total Cost": 20089219705.73,
                                                                                                                                                                        "Plan Rows": 177841,
                                                                                                                                                                        "Plan Width": 20,
                                                                                                                                                                        "Actual Startup Time": 0.205,
                                                                                                                                                                        "Actual Total Time": 51340.801,
                                                                                                                                                                        "Actual Rows": 281727,
                                                                                                                                                                        "Actual Loops": 1,
                                                                                                                                                                        "Output": [
                                                                                                                                                                            "ci.movie_id",
                                                                                                                                                                            "ci.person_id",
                                                                                                                                                                            "ci.role_id",
                                                                                                                                                                            "ci.person_role_id",
                                                                                                                                                                            "pi.person_id"
                                                                                                                                                                        ],
                                                                                                                                                                        "Inner Unique": true,
                                                                                                                                                                        "Plans": [
                                                                                                                                                                            {
                                                                                                                                                                                "Node Type": "Nested Loop",
                                                                                                                                                                                "Parent Relationship": "Outer",
                                                                                                                                                                                "Parallel Aware": false,
                                                                                                                                                                                "Join Type": "Inner",
                                                                                                                                                                                "Startup Cost": 10000000001.26,
                                                                                                                                                                                "Total Cost": 10005512680.02,
                                                                                                                                                                                "Plan Rows": 20096079,
                                                                                                                                                                                "Plan Width": 24,
                                                                                                                                                                                "Actual Startup Time": 0.196,
                                                                                                                                                                                "Actual Total Time": 15131.938,
                                                                                                                                                                                "Actual Rows": 10472866,
                                                                                                                                                                                "Actual Loops": 1,
                                                                                                                                                                                "Output": [
                                                                                                                                                                                    "ci.movie_id",
                                                                                                                                                                                    "ci.person_id",
                                                                                                                                                                                    "ci.role_id",
                                                                                                                                                                                    "ci.person_role_id",
                                                                                                                                                                                    "pi.person_id",
                                                                                                                                                                                    "pi.info_type_id"
                                                                                                                                                                                ],
                                                                                                                                                                                "Inner Unique": false,
                                                                                                                                                                                "Plans": [
                                                                                                                                                                                    {
                                                                                                                                                                                        "Node Type": "Index Scan",
                                                                                                                                                                                        "Parent Relationship": "Outer",
                                                                                                                                                                                        "Parallel Aware": false,
                                                                                                                                                                                        "Scan Direction": "Forward",
                                                                                                                                                                                        "Index Name": "role_id_cast_info",
                                                                                                                                                                                        "Relation Name": "cast_info",
                                                                                                                                                                                        "Schema": "public",
                                                                                                                                                                                        "Alias": "ci",
                                                                                                                                                                                        "Startup Cost": 0.56,
                                                                                                                                                                                        "Total Cost": 1306022.11,
                                                                                                                                                                                        "Plan Rows": 799978,
                                                                                                                                                                                        "Plan Width": 16,
                                                                                                                                                                                        "Actual Startup Time": 0.051,
                                                                                                                                                                                        "Actual Total Time": 5629.138,
                                                                                                                                                                                        "Actual Rows": 836701,
                                                                                                                                                                                        "Actual Loops": 1,
                                                                                                                                                                                        "Output": [
                                                                                                                                                                                            "ci.id",
                                                                                                                                                                                            "ci.person_id",
                                                                                                                                                                                            "ci.movie_id",
                                                                                                                                                                                            "ci.person_role_id",
                                                                                                                                                                                            "ci.note",
                                                                                                                                                                                            "ci.nr_order",
                                                                                                                                                                                            "ci.role_id"
                                                                                                                                                                                        ],
                                                                                                                                                                                        "Filter": "(ci.note = ANY ('{(voice),\"(voice) (uncredited)\",\"(voice: English version)\"}'::text[]))",
                                                                                                                                                                                        "Rows Removed by Filter": 35407643
                                                                                                                                                                                    },
                                                                                                                                                                                    {
                                                                                                                                                                                        "Node Type": "Bitmap Heap Scan",
                                                                                                                                                                                        "Parent Relationship": "Inner",
                                                                                                                                                                                        "Parallel Aware": false,
                                                                                                                                                                                        "Relation Name": "person_info",
                                                                                                                                                                                        "Schema": "public",
                                                                                                                                                                                        "Alias": "pi",
                                                                                                                                                                                        "Startup Cost": 0.7,
                                                                                                                                                                                        "Total Cost": 5.01,
                                                                                                                                                                                        "Plan Rows": 25,
                                                                                                                                                                                        "Plan Width": 8,
                                                                                                                                                                                        "Actual Startup Time": 0.006,
                                                                                                                                                                                        "Actual Total Time": 0.008,
                                                                                                                                                                                        "Actual Rows": 13,
                                                                                                                                                                                        "Actual Loops": 836701,
                                                                                                                                                                                        "Output": [
                                                                                                                                                                                            "pi.id",
                                                                                                                                                                                            "pi.person_id",
                                                                                                                                                                                            "pi.info_type_id",
                                                                                                                                                                                            "pi.info",
                                                                                                                                                                                            "pi.note"
                                                                                                                                                                                        ],
                                                                                                                                                                                        "Recheck Cond": "(pi.person_id = ci.person_id)",
                                                                                                                                                                                        "Rows Removed by Index Recheck": 0,
                                                                                                                                                                                        "Exact Heap Blocks": 988032,
                                                                                                                                                                                        "Lossy Heap Blocks": 0,
                                                                                                                                                                                        "Plans": [
                                                                                                                                                                                            {
                                                                                                                                                                                                "Node Type": "Bitmap Index Scan",
                                                                                                                                                                                                "Parent Relationship": "Outer",
                                                                                                                                                                                                "Parallel Aware": false,
                                                                                                                                                                                                "Index Name": "person_id_person_info",
                                                                                                                                                                                                "Startup Cost": 0.0,
                                                                                                                                                                                                "Total Cost": 0.69,
                                                                                                                                                                                                "Plan Rows": 25,
                                                                                                                                                                                                "Plan Width": 0,
                                                                                                                                                                                                "Actual Startup Time": 0.004,
                                                                                                                                                                                                "Actual Total Time": 0.004,
                                                                                                                                                                                                "Actual Rows": 13,
                                                                                                                                                                                                "Actual Loops": 836701,
                                                                                                                                                                                                "Index Cond": "(pi.person_id = ci.person_id)"
                                                                                                                                                                                            }
                                                                                                                                                                                        ]
                                                                                                                                                                                    }
                                                                                                                                                                                ]
                                                                                                                                                                            },
                                                                                                                                                                            {
                                                                                                                                                                                "Node Type": "Bitmap Heap Scan",
                                                                                                                                                                                "Parent Relationship": "Inner",
                                                                                                                                                                                "Parallel Aware": false,
                                                                                                                                                                                "Relation Name": "info_type",
                                                                                                                                                                                "Schema": "public",
                                                                                                                                                                                "Alias": "it3",
                                                                                                                                                                                "Startup Cost": 0.15,
                                                                                                                                                                                "Total Cost": 4.17,
                                                                                                                                                                                "Plan Rows": 1,
                                                                                                                                                                                "Plan Width": 4,
                                                                                                                                                                                "Actual Startup Time": 0.002,
                                                                                                                                                                                "Actual Total Time": 0.002,
                                                                                                                                                                                "Actual Rows": 0,
                                                                                                                                                                                "Actual Loops": 10472866,
                                                                                                                                                                                "Output": [
                                                                                                                                                                                    "it3.id",
                                                                                                                                                                                    "it3.info"
                                                                                                                                                                                ],
                                                                                                                                                                                "Recheck Cond": "(it3.id = pi.info_type_id)",
                                                                                                                                                                                "Rows Removed by Index Recheck": 0,
                                                                                                                                                                                "Filter": "((it3.info)::text = 'height'::text)",
                                                                                                                                                                                "Rows Removed by Filter": 1,
                                                                                                                                                                                "Exact Heap Blocks": 10472866,
                                                                                                                                                                                "Lossy Heap Blocks": 0,
                                                                                                                                                                                "Plans": [
                                                                                                                                                                                    {
                                                                                                                                                                                        "Node Type": "Bitmap Index Scan",
                                                                                                                                                                                        "Parent Relationship": "Outer",
                                                                                                                                                                                        "Parallel Aware": false,
                                                                                                                                                                                        "Index Name": "info_type_pkey",
                                                                                                                                                                                        "Startup Cost": 0.0,
                                                                                                                                                                                        "Total Cost": 0.15,
                                                                                                                                                                                        "Plan Rows": 1,
                                                                                                                                                                                        "Plan Width": 0,
                                                                                                                                                                                        "Actual Startup Time": 0.001,
                                                                                                                                                                                        "Actual Total Time": 0.001,
                                                                                                                                                                                        "Actual Rows": 1,
                                                                                                                                                                                        "Actual Loops": 10472866,
                                                                                                                                                                                        "Index Cond": "(it3.id = pi.info_type_id)"
                                                                                                                                                                                    }
                                                                                                                                                                                ]
                                                                                                                                                                            }
                                                                                                                                                                        ]
                                                                                                                                                                    },
                                                                                                                                                                    {
                                                                                                                                                                        "Node Type": "Index Scan",
                                                                                                                                                                        "Parent Relationship": "Inner",
                                                                                                                                                                        "Parallel Aware": false,
                                                                                                                                                                        "Scan Direction": "Forward",
                                                                                                                                                                        "Index Name": "movie_id_movie_keyword",
                                                                                                                                                                        "Relation Name": "movie_keyword",
                                                                                                                                                                        "Schema": "public",
                                                                                                                                                                        "Alias": "mk",
                                                                                                                                                                        "Startup Cost": 0.43,
                                                                                                                                                                        "Total Cost": 1.47,
                                                                                                                                                                        "Plan Rows": 46,
                                                                                                                                                                        "Plan Width": 8,
                                                                                                                                                                        "Actual Startup Time": 0.002,
                                                                                                                                                                        "Actual Total Time": 0.003,
                                                                                                                                                                        "Actual Rows": 6,
                                                                                                                                                                        "Actual Loops": 281727,
                                                                                                                                                                        "Output": [
                                                                                                                                                                            "mk.id",
                                                                                                                                                                            "mk.movie_id",
                                                                                                                                                                            "mk.keyword_id"
                                                                                                                                                                        ],
                                                                                                                                                                        "Index Cond": "(mk.movie_id = ci.movie_id)",
                                                                                                                                                                        "Rows Removed by Index Recheck": 0
                                                                                                                                                                    }
                                                                                                                                                                ]
                                                                                                                                                            }
                                                                                                                                                        ]
                                                                                                                                                    },
                                                                                                                                                    {
                                                                                                                                                        "Node Type": "Sort",
                                                                                                                                                        "Parent Relationship": "Inner",
                                                                                                                                                        "Parallel Aware": false,
                                                                                                                                                        "Startup Cost": 10000080243.71,
                                                                                                                                                        "Total Cost": 10000080243.73,
                                                                                                                                                        "Plan Rows": 6,
                                                                                                                                                        "Plan Width": 4,
                                                                                                                                                        "Actual Startup Time": 237.759,
                                                                                                                                                        "Actual Total Time": 237.833,
                                                                                                                                                        "Actual Rows": 1406,
                                                                                                                                                        "Actual Loops": 1,
                                                                                                                                                        "Output": [
                                                                                                                                                            "t.id"
                                                                                                                                                        ],
                                                                                                                                                        "Sort Key": [
                                                                                                                                                            "t.id"
                                                                                                                                                        ],
                                                                                                                                                        "Sort Method": "quicksort",
                                                                                                                                                        "Sort Space Used": 25,
                                                                                                                                                        "Sort Space Type": "Memory",
                                                                                                                                                        "Plans": [
                                                                                                                                                            {
                                                                                                                                                                "Node Type": "Seq Scan",
                                                                                                                                                                "Parent Relationship": "Outer",
                                                                                                                                                                "Parallel Aware": false,
                                                                                                                                                                "Relation Name": "title",
                                                                                                                                                                "Schema": "public",
                                                                                                                                                                "Alias": "t",
                                                                                                                                                                "Startup Cost": 10000000000.0,
                                                                                                                                                                "Total Cost": 10000080243.64,
                                                                                                                                                                "Plan Rows": 6,
                                                                                                                                                                "Plan Width": 4,
                                                                                                                                                                "Actual Startup Time": 9.645,
                                                                                                                                                                "Actual Total Time": 237.717,
                                                                                                                                                                "Actual Rows": 3,
                                                                                                                                                                "Actual Loops": 1,
                                                                                                                                                                "Output": [
                                                                                                                                                                    "t.id"
                                                                                                                                                                ],
                                                                                                                                                                "Filter": "((t.production_year >= 2003) AND (t.production_year <= 2010) AND (t.title = 'Shrek 2'::text))",
                                                                                                                                                                "Rows Removed by Filter": 2528309
                                                                                                                                                            }
                                                                                                                                                        ]
                                                                                                                                                    }
                                                                                                                                                ]
                                                                                                                                            }
                                                                                                                                        ]
                                                                                                                                    }
                                                                                                                                ]
                                                                                                                            }
                                                                                                                        ]
                                                                                                                    },
                                                                                                                    {
                                                                                                                        "Node Type": "Sort",
                                                                                                                        "Parent Relationship": "Inner",
                                                                                                                        "Parallel Aware": false,
                                                                                                                        "Startup Cost": 10000002626.14,
                                                                                                                        "Total Cost": 10000002626.14,
                                                                                                                        "Plan Rows": 1,
                                                                                                                        "Plan Width": 4,
                                                                                                                        "Actual Startup Time": 8.338,
                                                                                                                        "Actual Total Time": 8.339,
                                                                                                                        "Actual Rows": 1,
                                                                                                                        "Actual Loops": 1,
                                                                                                                        "Output": [
                                                                                                                            "k.id"
                                                                                                                        ],
                                                                                                                        "Sort Key": [
                                                                                                                            "k.id"
                                                                                                                        ],
                                                                                                                        "Sort Method": "quicksort",
                                                                                                                        "Sort Space Used": 25,
                                                                                                                        "Sort Space Type": "Memory",
                                                                                                                        "Plans": [
                                                                                                                            {
                                                                                                                                "Node Type": "Seq Scan",
                                                                                                                                "Parent Relationship": "Outer",
                                                                                                                                "Parallel Aware": false,
                                                                                                                                "Relation Name": "keyword",
                                                                                                                                "Schema": "public",
                                                                                                                                "Alias": "k",
                                                                                                                                "Startup Cost": 10000000000.0,
                                                                                                                                "Total Cost": 10000002626.12,
                                                                                                                                "Plan Rows": 1,
                                                                                                                                "Plan Width": 4,
                                                                                                                                "Actual Startup Time": 0.042,
                                                                                                                                "Actual Total Time": 8.318,
                                                                                                                                "Actual Rows": 1,
                                                                                                                                "Actual Loops": 1,
                                                                                                                                "Output": [
                                                                                                                                    "k.id"
                                                                                                                                ],
                                                                                                                                "Filter": "(k.keyword = 'computer-animation'::text)",
                                                                                                                                "Rows Removed by Filter": 134169
                                                                                                                            }
                                                                                                                        ]
                                                                                                                    }
                                                                                                                ]
                                                                                                            },
                                                                                                            {
                                                                                                                "Node Type": "Bitmap Heap Scan",
                                                                                                                "Parent Relationship": "Inner",
                                                                                                                "Parallel Aware": false,
                                                                                                                "Relation Name": "char_name",
                                                                                                                "Schema": "public",
                                                                                                                "Alias": "chn",
                                                                                                                "Startup Cost": 0.49,
                                                                                                                "Total Cost": 4.51,
                                                                                                                "Plan Rows": 1,
                                                                                                                "Plan Width": 4,
                                                                                                                "Actual Startup Time": 0.091,
                                                                                                                "Actual Total Time": 0.091,
                                                                                                                "Actual Rows": 0,
                                                                                                                "Actual Loops": 4,
                                                                                                                "Output": [
                                                                                                                    "chn.id",
                                                                                                                    "chn.name",
                                                                                                                    "chn.imdb_index",
                                                                                                                    "chn.imdb_id",
                                                                                                                    "chn.name_pcode_nf",
                                                                                                                    "chn.surname_pcode",
                                                                                                                    "chn.md5sum"
                                                                                                                ],
                                                                                                                "Recheck Cond": "(chn.id = ci.person_role_id)",
                                                                                                                "Rows Removed by Index Recheck": 0,
                                                                                                                "Filter": "(chn.name = 'Queen'::text)",
                                                                                                                "Rows Removed by Filter": 1,
                                                                                                                "Exact Heap Blocks": 4,
                                                                                                                "Lossy Heap Blocks": 0,
                                                                                                                "Plans": [
                                                                                                                    {
                                                                                                                        "Node Type": "Bitmap Index Scan",
                                                                                                                        "Parent Relationship": "Outer",
                                                                                                                        "Parallel Aware": false,
                                                                                                                        "Index Name": "char_name_pkey",
                                                                                                                        "Startup Cost": 0.0,
                                                                                                                        "Total Cost": 0.49,
                                                                                                                        "Plan Rows": 1,
                                                                                                                        "Plan Width": 0,
                                                                                                                        "Actual Startup Time": 0.062,
                                                                                                                        "Actual Total Time": 0.062,
                                                                                                                        "Actual Rows": 1,
                                                                                                                        "Actual Loops": 4,
                                                                                                                        "Index Cond": "(chn.id = ci.person_role_id)"
                                                                                                                    }
                                                                                                                ]
                                                                                                            }
                                                                                                        ]
                                                                                                    }
                                                                                                ]
                                                                                            },
                                                                                            {
                                                                                                "Node Type": "Index Scan",
                                                                                                "Parent Relationship": "Inner",
                                                                                                "Parallel Aware": false,
                                                                                                "Scan Direction": "Forward",
                                                                                                "Index Name": "person_id_aka_name",
                                                                                                "Relation Name": "aka_name",
                                                                                                "Schema": "public",
                                                                                                "Alias": "an",
                                                                                                "Startup Cost": 0.42,
                                                                                                "Total Cost": 72012.16,
                                                                                                "Plan Rows": 901343,
                                                                                                "Plan Width": 4,
                                                                                                "Actual Startup Time": 0.014,
                                                                                                "Actual Total Time": 86.451,
                                                                                                "Actual Rows": 390261,
                                                                                                "Actual Loops": 1,
                                                                                                "Output": [
                                                                                                    "an.id",
                                                                                                    "an.person_id",
                                                                                                    "an.name",
                                                                                                    "an.imdb_index",
                                                                                                    "an.name_pcode_cf",
                                                                                                    "an.name_pcode_nf",
                                                                                                    "an.surname_pcode",
                                                                                                    "an.md5sum"
                                                                                                ]
                                                                                            }
                                                                                        ]
                                                                                    },
                                                                                    {
                                                                                        "Node Type": "Bitmap Heap Scan",
                                                                                        "Parent Relationship": "Inner",
                                                                                        "Parallel Aware": false,
                                                                                        "Relation Name": "movie_info",
                                                                                        "Schema": "public",
                                                                                        "Alias": "mi",
                                                                                        "Startup Cost": 0.78,
                                                                                        "Total Cost": 5.36,
                                                                                        "Plan Rows": 1,
                                                                                        "Plan Width": 8,
                                                                                        "Actual Startup Time": 0.052,
                                                                                        "Actual Total Time": 0.11,
                                                                                        "Actual Rows": 1,
                                                                                        "Actual Loops": 3,
                                                                                        "Output": [
                                                                                            "mi.id",
                                                                                            "mi.movie_id",
                                                                                            "mi.info_type_id",
                                                                                            "mi.info",
                                                                                            "mi.note"
                                                                                        ],
                                                                                        "Recheck Cond": "(mi.movie_id = mk.movie_id)",
                                                                                        "Rows Removed by Index Recheck": 0,
                                                                                        "Filter": "(mi.info ~~ 'USA:%200%'::text)",
                                                                                        "Rows Removed by Filter": 456,
                                                                                        "Exact Heap Blocks": 102,
                                                                                        "Lossy Heap Blocks": 0,
                                                                                        "Plans": [
                                                                                            {
                                                                                                "Node Type": "Bitmap Index Scan",
                                                                                                "Parent Relationship": "Outer",
                                                                                                "Parallel Aware": false,
                                                                                                "Index Name": "movie_id_movie_info",
                                                                                                "Startup Cost": 0.0,
                                                                                                "Total Cost": 0.78,
                                                                                                "Plan Rows": 39,
                                                                                                "Plan Width": 0,
                                                                                                "Actual Startup Time": 0.034,
                                                                                                "Actual Total Time": 0.034,
                                                                                                "Actual Rows": 457,
                                                                                                "Actual Loops": 3,
                                                                                                "Index Cond": "(mi.movie_id = mk.movie_id)"
                                                                                            }
                                                                                        ]
                                                                                    }
                                                                                ]
                                                                            }
                                                                        ]
                                                                    }
                                                                ]
                                                            }
                                                        ]
                                                    }
                                                ]
                                            },
                                            {
                                                "Node Type": "Bitmap Heap Scan",
                                                "Parent Relationship": "Inner",
                                                "Parallel Aware": false,
                                                "Relation Name": "name",
                                                "Schema": "public",
                                                "Alias": "n",
                                                "Startup Cost": 0.46,
                                                "Total Cost": 4.48,
                                                "Plan Rows": 1,
                                                "Plan Width": 4,
                                                "Actual Startup Time": 0.003,
                                                "Actual Total Time": 0.003,
                                                "Actual Rows": 0,
                                                "Actual Loops": 66,
                                                "Output": [
                                                    "n.id",
                                                    "n.name",
                                                    "n.imdb_index",
                                                    "n.imdb_id",
                                                    "n.gender",
                                                    "n.name_pcode_cf",
                                                    "n.name_pcode_nf",
                                                    "n.surname_pcode",
                                                    "n.md5sum"
                                                ],
                                                "Recheck Cond": "(n.id = pi.person_id)",
                                                "Rows Removed by Index Recheck": 0,
                                                "Filter": "((n.name ~~ '%An%'::text) AND ((n.gender)::text = 'm'::text))",
                                                "Rows Removed by Filter": 1,
                                                "Exact Heap Blocks": 66,
                                                "Lossy Heap Blocks": 0,
                                                "Plans": [
                                                    {
                                                        "Node Type": "Bitmap Index Scan",
                                                        "Parent Relationship": "Outer",
                                                        "Parallel Aware": false,
                                                        "Index Name": "name_pkey",
                                                        "Startup Cost": 0.0,
                                                        "Total Cost": 0.46,
                                                        "Plan Rows": 1,
                                                        "Plan Width": 0,
                                                        "Actual Startup Time": 0.002,
                                                        "Actual Total Time": 0.002,
                                                        "Actual Rows": 1,
                                                        "Actual Loops": 66,
                                                        "Index Cond": "(n.id = pi.person_id)"
                                                    }
                                                ]
                                            }
                                        ]
                                    },
                                    {
                                        "Node Type": "Index Scan",
                                        "Parent Relationship": "Inner",
                                        "Parallel Aware": false,
                                        "Scan Direction": "Forward",
                                        "Index Name": "company_name_pkey",
                                        "Relation Name": "company_name",
                                        "Schema": "public",
                                        "Alias": "cn",
                                        "Startup Cost": 0.42,
                                        "Total Cost": 0.45,
                                        "Plan Rows": 1,
                                        "Plan Width": 4,
                                        "Actual Startup Time": 0.0,
                                        "Actual Total Time": 0.0,
                                        "Actual Rows": 0,
                                        "Actual Loops": 0,
                                        "Output": [
                                            "cn.id",
                                            "cn.name",
                                            "cn.country_code",
                                            "cn.imdb_id",
                                            "cn.name_pcode_nf",
                                            "cn.name_pcode_sf",
                                            "cn.md5sum"
                                        ],
                                        "Index Cond": "(cn.id = mc.company_id)",
                                        "Rows Removed by Index Recheck": 0,
                                        "Filter": "((cn.country_code)::text = '[us]'::text)",
                                        "Rows Removed by Filter": 0
                                    }
                                ]
                            }
                        ]
                    }
                ]
            }
        ]
    },
    "Planning Time": 2344.426,
    "Triggers": [],
    "Execution Time": 53888.277
}