[
  {
    "Plan": {
      "Node Type": "Aggregate",
      "Strategy": "Plain",
      "Partial Mode": "Finalize",
      "Parallel Aware": false,
      "Startup Cost": 203538.55,
      "Total Cost": 203538.56,
      "Plan Rows": 1,
      "Plan Width": 8,
      "Actual Startup Time": 212.945,
      "Actual Total Time": 232.843,
      "Actual Rows": 1,
      "Actual Loops": 1,
      "Plans": [
        {
          "Node Type": "Gather",
          "Parent Relationship": "Outer",
          "Parallel Aware": false,
          "Startup Cost": 203537.93,
          "Total Cost": 203538.54,
          "Plan Rows": 6,
          "Plan Width": 8,
          "Actual Startup Time": 212.797,
          "Actual Total Time": 232.832,
          "Actual Rows": 7,
          "Actual Loops": 1,
          "Workers Planned": 6,
          "Workers Launched": 6,
          "Single Copy": false,
          "Plans": [
            {
              "Node Type": "Aggregate",
              "Strategy": "Plain",
              "Partial Mode": "Partial",
              "Parent Relationship": "Outer",
              "Parallel Aware": false,
              "Startup Cost": 202537.93,
              "Total Cost": 202537.94,
              "Plan Rows": 1,
              "Plan Width": 8,
              "Actual Startup Time": 205.624,
              "Actual Total Time": 205.626,
              "Actual Rows": 1,
              "Actual Loops": 7,
              "Plans": [
                {
                  "Node Type": "Index Scan",
                  "Parent Relationship": "Outer",
                  "Parallel Aware": true,
                  "Scan Direction": "Forward",
                  "Index Name": "role_id_cast_info",
                  "Relation Name": "cast_info",
                  "Alias": "ci",
                  "Startup Cost": 0.56,
                  "Total Cost": 201884.69,
                  "Plan Rows": 261294,
                  "Plan Width": 0,
                  "Actual Startup Time": 9.093,
                  "Actual Total Time": 205.598,
                  "Actual Rows": 207,
                  "Actual Loops": 7,
                  "Index Cond": "(role_id = 2)",
                  "Rows Removed by Index Recheck": 0,
                  "Filter": "(person_id < 747724)",
                  "Rows Removed by Filter": 1064361
                }
              ]
            }
          ]
        }
      ]
    },
    "Planning Time": 0.102,
    "Triggers": [],
    "Execution Time": 232.892
  }
]