[
  {
    "Plan": {
      "Node Type": "Aggregate",
      "Strategy": "Plain",
      "Partial Mode": "Finalize",
      "Parallel Aware": false,
      "Startup Cost": 46786.93,
      "Total Cost": 46786.94,
      "Plan Rows": 1,
      "Plan Width": 8,
      "Actual Startup Time": 99.845,
      "Actual Total Time": 112.293,
      "Actual Rows": 1,
      "Actual Loops": 1,
      "Plans": [
        {
          "Node Type": "Gather",
          "Parent Relationship": "Outer",
          "Parallel Aware": false,
          "Startup Cost": 46786.51,
          "Total Cost": 46786.92,
          "Plan Rows": 4,
          "Plan Width": 8,
          "Actual Startup Time": 99.577,
          "Actual Total Time": 112.284,
          "Actual Rows": 5,
          "Actual Loops": 1,
          "Workers Planned": 4,
          "Workers Launched": 4,
          "Single Copy": false,
          "Plans": [
            {
              "Node Type": "Aggregate",
              "Strategy": "Plain",
              "Partial Mode": "Partial",
              "Parent Relationship": "Outer",
              "Parallel Aware": false,
              "Startup Cost": 45786.51,
              "Total Cost": 45786.52,
              "Plan Rows": 1,
              "Plan Width": 8,
              "Actual Startup Time": 91.648,
              "Actual Total Time": 91.649,
              "Actual Rows": 1,
              "Actual Loops": 5,
              "Plans": [
                {
                  "Node Type": "Seq Scan",
                  "Parent Relationship": "Outer",
                  "Parallel Aware": true,
                  "Relation Name": "title",
                  "Alias": "t",
                  "Startup Cost": 0.0,
                  "Total Cost": 45479.1,
                  "Plan Rows": 122966,
                  "Plan Width": 0,
                  "Actual Startup Time": 0.041,
                  "Actual Total Time": 87.727,
                  "Actual Rows": 75126,
                  "Actual Loops": 5,
                  "Filter": "((kind_id < 3) AND (production_year > 1994))",
                  "Rows Removed by Filter": 430536
                }
              ]
            }
          ]
        }
      ]
    },
    "Planning Time": 0.188,
    "Triggers": [],
    "Execution Time": 112.353
  }
]