[
  {
    "Plan": {
      "Node Type": "Aggregate",
      "Strategy": "Plain",
      "Partial Mode": "Finalize",
      "Parallel Aware": false,
      "Startup Cost": 30706.03,
      "Total Cost": 30706.04,
      "Plan Rows": 1,
      "Plan Width": 8,
      "Actual Startup Time": 84.903,
      "Actual Total Time": 93.359,
      "Actual Rows": 1,
      "Actual Loops": 1,
      "Plans": [
        {
          "Node Type": "Gather",
          "Parent Relationship": "Outer",
          "Parallel Aware": false,
          "Startup Cost": 30705.71,
          "Total Cost": 30706.02,
          "Plan Rows": 3,
          "Plan Width": 8,
          "Actual Startup Time": 84.779,
          "Actual Total Time": 93.352,
          "Actual Rows": 4,
          "Actual Loops": 1,
          "Workers Planned": 3,
          "Workers Launched": 3,
          "Single Copy": false,
          "Plans": [
            {
              "Node Type": "Aggregate",
              "Strategy": "Plain",
              "Partial Mode": "Partial",
              "Parent Relationship": "Outer",
              "Parallel Aware": false,
              "Startup Cost": 29705.71,
              "Total Cost": 29705.72,
              "Plan Rows": 1,
              "Plan Width": 8,
              "Actual Startup Time": 78.395,
              "Actual Total Time": 78.396,
              "Actual Rows": 1,
              "Actual Loops": 4,
              "Plans": [
                {
                  "Node Type": "Seq Scan",
                  "Parent Relationship": "Outer",
                  "Parallel Aware": true,
                  "Relation Name": "movie_companies",
                  "Alias": "mc",
                  "Startup Cost": 0.0,
                  "Total Cost": 29310.68,
                  "Plan Rows": 158013,
                  "Plan Width": 0,
                  "Actual Startup Time": 44.97,
                  "Actual Total Time": 73.239,
                  "Actual Rows": 124504,
                  "Actual Loops": 4,
                  "Filter": "(company_id > 74342)",
                  "Rows Removed by Filter": 527778
                }
              ]
            }
          ]
        }
      ]
    },
    "Planning Time": 0.212,
    "Triggers": [],
    "Execution Time": 93.413
  }
]