[
  {
    "Plan": {
      "Node Type": "Aggregate",
      "Strategy": "Plain",
      "Partial Mode": "Finalize",
      "Parallel Aware": false,
      "Startup Cost": 31095.39,
      "Total Cost": 31095.4,
      "Plan Rows": 1,
      "Plan Width": 8,
      "Actual Startup Time": 118.31,
      "Actual Total Time": 126.156,
      "Actual Rows": 1,
      "Actual Loops": 1,
      "Plans": [
        {
          "Node Type": "Gather",
          "Parent Relationship": "Outer",
          "Parallel Aware": false,
          "Startup Cost": 31095.07,
          "Total Cost": 31095.38,
          "Plan Rows": 3,
          "Plan Width": 8,
          "Actual Startup Time": 118.172,
          "Actual Total Time": 126.146,
          "Actual Rows": 4,
          "Actual Loops": 1,
          "Workers Planned": 3,
          "Workers Launched": 3,
          "Single Copy": false,
          "Plans": [
            {
              "Node Type": "Aggregate",
              "Strategy": "Plain",
              "Partial Mode": "Partial",
              "Parent Relationship": "Outer",
              "Parallel Aware": false,
              "Startup Cost": 30095.07,
              "Total Cost": 30095.08,
              "Plan Rows": 1,
              "Plan Width": 8,
              "Actual Startup Time": 109.632,
              "Actual Total Time": 109.633,
              "Actual Rows": 1,
              "Actual Loops": 4,
              "Plans": [
                {
                  "Node Type": "Seq Scan",
                  "Parent Relationship": "Outer",
                  "Parallel Aware": true,
                  "Relation Name": "movie_companies",
                  "Alias": "mc",
                  "Startup Cost": 0.0,
                  "Total Cost": 29310.68,
                  "Plan Rows": 313757,
                  "Plan Width": 0,
                  "Actual Startup Time": 0.032,
                  "Actual Total Time": 91.439,
                  "Actual Rows": 242903,
                  "Actual Loops": 4,
                  "Filter": "(company_id < 4224)",
                  "Rows Removed by Filter": 409379
                }
              ]
            }
          ]
        }
      ]
    },
    "Planning Time": 0.195,
    "Triggers": [],
    "Execution Time": 126.214
  }
]