[
    {
        "Bao": {
            "Bao prediction": "NaN",
            "Bao recommended hint": "(no hint)"
        }
    },
    {
        "Plan": {
            "Node Type": "Aggregate",
            "Strategy": "Plain",
            "Partial Mode": "Finalize",
            "Parallel Aware": false,
            "Startup Cost": 626904.38,
            "Total Cost": 626904.39,
            "Plan Rows": 1,
            "Plan Width": 8,
            "Actual Startup Time": 5068.541,
            "Actual Total Time": 5104.467,
            "Actual Rows": 1,
            "Actual Loops": 1,
            "Output": [
                "count(*)"
            ],
            "Plans": [
                {
                    "Node Type": "Gather",
                    "Parent Relationship": "Outer",
                    "Parallel Aware": false,
                    "Startup Cost": 626903.75,
                    "Total Cost": 626904.36,
                    "Plan Rows": 6,
                    "Plan Width": 8,
                    "Actual Startup Time": 5040.944,
                    "Actual Total Time": 5104.453,
                    "Actual Rows": 7,
                    "Actual Loops": 1,
                    "Output": [
                        "(PARTIAL count(*))"
                    ],
                    "Workers Planned": 6,
                    "Workers Launched": 6,
                    "Single Copy": false,
                    "Plans": [
                        {
                            "Node Type": "Aggregate",
                            "Strategy": "Plain",
                            "Partial Mode": "Partial",
                            "Parent Relationship": "Outer",
                            "Parallel Aware": false,
                            "Startup Cost": 625903.75,
                            "Total Cost": 625903.76,
                            "Plan Rows": 1,
                            "Plan Width": 8,
                            "Actual Startup Time": 5026.181,
                            "Actual Total Time": 5027.004,
                            "Actual Rows": 1,
                            "Actual Loops": 7,
                            "Output": [
                                "PARTIAL count(*)"
                            ],
                            "Workers": [
                                {
                                    "Worker Number": 0,
                                    "Actual Startup Time": 5023.159,
                                    "Actual Total Time": 5023.164,
                                    "Actual Rows": 1,
                                    "Actual Loops": 1
                                },
                                {
                                    "Worker Number": 1,
                                    "Actual Startup Time": 5023.208,
                                    "Actual Total Time": 5023.213,
                                    "Actual Rows": 1,
                                    "Actual Loops": 1
                                },
                                {
                                    "Worker Number": 2,
                                    "Actual Startup Time": 5023.283,
                                    "Actual Total Time": 5023.288,
                                    "Actual Rows": 1,
                                    "Actual Loops": 1
                                },
                                {
                                    "Worker Number": 3,
                                    "Actual Startup Time": 5026.844,
                                    "Actual Total Time": 5026.849,
                                    "Actual Rows": 1,
                                    "Actual Loops": 1
                                },
                                {
                                    "Worker Number": 4,
                                    "Actual Startup Time": 5023.379,
                                    "Actual Total Time": 5023.384,
                                    "Actual Rows": 1,
                                    "Actual Loops": 1
                                },
                                {
                                    "Worker Number": 5,
                                    "Actual Startup Time": 5023.512,
                                    "Actual Total Time": 5023.517,
                                    "Actual Rows": 1,
                                    "Actual Loops": 1
                                }
                            ],
                            "Plans": [
                                {
                                    "Node Type": "Hash Join",
                                    "Parent Relationship": "Outer",
                                    "Parallel Aware": true,
                                    "Join Type": "Inner",
                                    "Startup Cost": 255123.64,
                                    "Total Cost": 614571.87,
                                    "Plan Rows": 4532752,
                                    "Plan Width": 0,
                                    "Actual Startup Time": 869.826,
                                    "Actual Total Time": 4515.753,
                                    "Actual Rows": 11378526,
                                    "Actual Loops": 7,
                                    "Inner Unique": false,
                                    "Hash Cond": "(ci.movie_id = t.id)",
                                    "Workers": [
                                        {
                                            "Worker Number": 0,
                                            "Actual Startup Time": 867.351,
                                            "Actual Total Time": 4488.763,
                                            "Actual Rows": 10754534,
                                            "Actual Loops": 1
                                        },
                                        {
                                            "Worker Number": 1,
                                            "Actual Startup Time": 867.262,
                                            "Actual Total Time": 4526.091,
                                            "Actual Rows": 11574459,
                                            "Actual Loops": 1
                                        },
                                        {
                                            "Worker Number": 2,
                                            "Actual Startup Time": 867.466,
                                            "Actual Total Time": 4523.75,
                                            "Actual Rows": 11745589,
                                            "Actual Loops": 1
                                        },
                                        {
                                            "Worker Number": 3,
                                            "Actual Startup Time": 867.474,
                                            "Actual Total Time": 4496.161,
                                            "Actual Rows": 10717986,
                                            "Actual Loops": 1
                                        },
                                        {
                                            "Worker Number": 4,
                                            "Actual Startup Time": 867.532,
                                            "Actual Total Time": 4521.76,
                                            "Actual Rows": 11765783,
                                            "Actual Loops": 1
                                        },
                                        {
                                            "Worker Number": 5,
                                            "Actual Startup Time": 867.561,
                                            "Actual Total Time": 4479.387,
                                            "Actual Rows": 10611529,
                                            "Actual Loops": 1
                                        }
                                    ],
                                    "Plans": [
                                        {
                                            "Node Type": "Seq Scan",
                                            "Parent Relationship": "Outer",
                                            "Parallel Aware": true,
                                            "Relation Name": "cast_info",
                                            "Schema": "public",
                                            "Alias": "ci",
                                            "Startup Cost": 0.0,
                                            "Total Cost": 328213.62,
                                            "Plan Rows": 5911765,
                                            "Plan Width": 4,
                                            "Actual Startup Time": 7.435,
                                            "Actual Total Time": 588.281,
                                            "Actual Rows": 5062896,
                                            "Actual Loops": 7,
                                            "Output": [
                                                "ci.id",
                                                "ci.person_id",
                                                "ci.movie_id",
                                                "ci.person_role_id",
                                                "ci.note",
                                                "ci.nr_order",
                                                "ci.role_id"
                                            ],
                                            "Filter": "(ci.person_id > 84475)",
                                            "Rows Removed by Filter": 114868,
                                            "Workers": [
                                                {
                                                    "Worker Number": 0,
                                                    "Actual Startup Time": 7.362,
                                                    "Actual Total Time": 614.248,
                                                    "Actual Rows": 4724652,
                                                    "Actual Loops": 1
                                                },
                                                {
                                                    "Worker Number": 1,
                                                    "Actual Startup Time": 7.44,
                                                    "Actual Total Time": 579.594,
                                                    "Actual Rows": 5129171,
                                                    "Actual Loops": 1
                                                },
                                                {
                                                    "Worker Number": 2,
                                                    "Actual Startup Time": 7.442,
                                                    "Actual Total Time": 586.759,
                                                    "Actual Rows": 5240903,
                                                    "Actual Loops": 1
                                                },
                                                {
                                                    "Worker Number": 3,
                                                    "Actual Startup Time": 7.46,
                                                    "Actual Total Time": 613.56,
                                                    "Actual Rows": 4723321,
                                                    "Actual Loops": 1
                                                },
                                                {
                                                    "Worker Number": 4,
                                                    "Actual Startup Time": 7.437,
                                                    "Actual Total Time": 589.23,
                                                    "Actual Rows": 5261417,
                                                    "Actual Loops": 1
                                                },
                                                {
                                                    "Worker Number": 5,
                                                    "Actual Startup Time": 7.452,
                                                    "Actual Total Time": 613.041,
                                                    "Actual Rows": 4775760,
                                                    "Actual Loops": 1
                                                }
                                            ]
                                        },
                                        {
                                            "Node Type": "Hash",
                                            "Parent Relationship": "Inner",
                                            "Parallel Aware": true,
                                            "Startup Cost": 250277.26,
                                            "Total Cost": 250277.26,
                                            "Plan Rows": 387710,
                                            "Plan Width": 8,
                                            "Actual Startup Time": 857.331,
                                            "Actual Total Time": 858.153,
                                            "Actual Rows": 455257,
                                            "Actual Loops": 7,
                                            "Output": [
                                                "t.id",
                                                "mi.movie_id"
                                            ],
                                            "Hash Buckets": 4194304,
                                            "Original Hash Buckets": 2097152,
                                            "Hash Batches": 1,
                                            "Original Hash Batches": 1,
                                            "Peak Memory Usage": 173952,
                                            "Workers": [
                                                {
                                                    "Worker Number": 0,
                                                    "Actual Startup Time": 858.958,
                                                    "Actual Total Time": 858.962,
                                                    "Actual Rows": 353628,
                                                    "Actual Loops": 1
                                                },
                                                {
                                                    "Worker Number": 1,
                                                    "Actual Startup Time": 859.033,
                                                    "Actual Total Time": 859.036,
                                                    "Actual Rows": 444390,
                                                    "Actual Loops": 1
                                                },
                                                {
                                                    "Worker Number": 2,
                                                    "Actual Startup Time": 859.293,
                                                    "Actual Total Time": 859.297,
                                                    "Actual Rows": 499440,
                                                    "Actual Loops": 1
                                                },
                                                {
                                                    "Worker Number": 3,
                                                    "Actual Startup Time": 859.223,
                                                    "Actual Total Time": 859.227,
                                                    "Actual Rows": 347597,
                                                    "Actual Loops": 1
                                                },
                                                {
                                                    "Worker Number": 4,
                                                    "Actual Startup Time": 859.331,
                                                    "Actual Total Time": 859.335,
                                                    "Actual Rows": 502277,
                                                    "Actual Loops": 1
                                                },
                                                {
                                                    "Worker Number": 5,
                                                    "Actual Startup Time": 859.36,
                                                    "Actual Total Time": 859.363,
                                                    "Actual Rows": 510112,
                                                    "Actual Loops": 1
                                                }
                                            ],
                                            "Plans": [
                                                {
                                                    "Node Type": "Hash Join",
                                                    "Parent Relationship": "Outer",
                                                    "Parallel Aware": true,
                                                    "Join Type": "Inner",
                                                    "Startup Cost": 47593.78,
                                                    "Total Cost": 250277.26,
                                                    "Plan Rows": 387710,
                                                    "Plan Width": 8,
                                                    "Actual Startup Time": 114.679,
                                                    "Actual Total Time": 640.704,
                                                    "Actual Rows": 455257,
                                                    "Actual Loops": 7,
                                                    "Output": [
                                                        "t.id",
                                                        "mi.movie_id"
                                                    ],
                                                    "Inner Unique": true,
                                                    "Hash Cond": "(mi.movie_id = t.id)",
                                                    "Workers": [
                                                        {
                                                            "Worker Number": 0,
                                                            "Actual Startup Time": 114.804,
                                                            "Actual Total Time": 642.855,
                                                            "Actual Rows": 353628,
                                                            "Actual Loops": 1
                                                        },
                                                        {
                                                            "Worker Number": 1,
                                                            "Actual Startup Time": 114.678,
                                                            "Actual Total Time": 641.952,
                                                            "Actual Rows": 444390,
                                                            "Actual Loops": 1
                                                        },
                                                        {
                                                            "Worker Number": 2,
                                                            "Actual Startup Time": 114.588,
                                                            "Actual Total Time": 639.173,
                                                            "Actual Rows": 499440,
                                                            "Actual Loops": 1
                                                        },
                                                        {
                                                            "Worker Number": 3,
                                                            "Actual Startup Time": 114.612,
                                                            "Actual Total Time": 643.229,
                                                            "Actual Rows": 347597,
                                                            "Actual Loops": 1
                                                        },
                                                        {
                                                            "Worker Number": 4,
                                                            "Actual Startup Time": 114.643,
                                                            "Actual Total Time": 638.05,
                                                            "Actual Rows": 502277,
                                                            "Actual Loops": 1
                                                        },
                                                        {
                                                            "Worker Number": 5,
                                                            "Actual Startup Time": 114.673,
                                                            "Actual Total Time": 638.269,
                                                            "Actual Rows": 510112,
                                                            "Actual Loops": 1
                                                        }
                                                    ],
                                                    "Plans": [
                                                        {
                                                            "Node Type": "Seq Scan",
                                                            "Parent Relationship": "Outer",
                                                            "Parallel Aware": true,
                                                            "Relation Name": "movie_info",
                                                            "Schema": "public",
                                                            "Alias": "mi",
                                                            "Startup Cost": 0.0,
                                                            "Total Cost": 198880.74,
                                                            "Plan Rows": 1448660,
                                                            "Plan Width": 4,
                                                            "Actual Startup Time": 0.022,
                                                            "Actual Total Time": 291.99,
                                                            "Actual Rows": 1040981,
                                                            "Actual Loops": 7,
                                                            "Output": [
                                                                "mi.id",
                                                                "mi.movie_id",
                                                                "mi.info_type_id",
                                                                "mi.info",
                                                                "mi.note"
                                                            ],
                                                            "Filter": "(mi.info_type_id < 8)",
                                                            "Rows Removed by Filter": 1078408,
                                                            "Workers": [
                                                                {
                                                                    "Worker Number": 0,
                                                                    "Actual Startup Time": 0.037,
                                                                    "Actual Total Time": 304.347,
                                                                    "Actual Rows": 804262,
                                                                    "Actual Loops": 1
                                                                },
                                                                {
                                                                    "Worker Number": 1,
                                                                    "Actual Startup Time": 0.026,
                                                                    "Actual Total Time": 279.449,
                                                                    "Actual Rows": 1010503,
                                                                    "Actual Loops": 1
                                                                },
                                                                {
                                                                    "Worker Number": 2,
                                                                    "Actual Startup Time": 0.019,
                                                                    "Actual Total Time": 292.054,
                                                                    "Actual Rows": 1144196,
                                                                    "Actual Loops": 1
                                                                },
                                                                {
                                                                    "Worker Number": 3,
                                                                    "Actual Startup Time": 0.026,
                                                                    "Actual Total Time": 304.374,
                                                                    "Actual Rows": 795994,
                                                                    "Actual Loops": 1
                                                                },
                                                                {
                                                                    "Worker Number": 4,
                                                                    "Actual Startup Time": 0.022,
                                                                    "Actual Total Time": 291.856,
                                                                    "Actual Rows": 1142767,
                                                                    "Actual Loops": 1
                                                                },
                                                                {
                                                                    "Worker Number": 5,
                                                                    "Actual Startup Time": 0.019,
                                                                    "Actual Total Time": 292.262,
                                                                    "Actual Rows": 1158894,
                                                                    "Actual Loops": 1
                                                                }
                                                            ]
                                                        },
                                                        {
                                                            "Node Type": "Hash",
                                                            "Parent Relationship": "Inner",
                                                            "Parallel Aware": true,
                                                            "Startup Cost": 45479.21,
                                                            "Total Cost": 45479.21,
                                                            "Plan Rows": 169166,
                                                            "Plan Width": 4,
                                                            "Actual Startup Time": 112.352,
                                                            "Actual Total Time": 112.354,
                                                            "Actual Rows": 82326,
                                                            "Actual Loops": 7,
                                                            "Output": [
                                                                "t.id"
                                                            ],
                                                            "Hash Buckets": 1048576,
                                                            "Original Hash Buckets": 1048576,
                                                            "Hash Batches": 1,
                                                            "Original Hash Batches": 1,
                                                            "Peak Memory Usage": 30816,
                                                            "Workers": [
                                                                {
                                                                    "Worker Number": 0,
                                                                    "Actual Startup Time": 113.456,
                                                                    "Actual Total Time": 113.458,
                                                                    "Actual Rows": 61095,
                                                                    "Actual Loops": 1
                                                                },
                                                                {
                                                                    "Worker Number": 1,
                                                                    "Actual Startup Time": 113.492,
                                                                    "Actual Total Time": 113.493,
                                                                    "Actual Rows": 73614,
                                                                    "Actual Loops": 1
                                                                },
                                                                {
                                                                    "Worker Number": 2,
                                                                    "Actual Startup Time": 113.45,
                                                                    "Actual Total Time": 113.451,
                                                                    "Actual Rows": 87254,
                                                                    "Actual Loops": 1
                                                                },
                                                                {
                                                                    "Worker Number": 3,
                                                                    "Actual Startup Time": 113.433,
                                                                    "Actual Total Time": 113.434,
                                                                    "Actual Rows": 59027,
                                                                    "Actual Loops": 1
                                                                },
                                                                {
                                                                    "Worker Number": 4,
                                                                    "Actual Startup Time": 113.396,
                                                                    "Actual Total Time": 113.397,
                                                                    "Actual Rows": 87046,
                                                                    "Actual Loops": 1
                                                                },
                                                                {
                                                                    "Worker Number": 5,
                                                                    "Actual Startup Time": 113.435,
                                                                    "Actual Total Time": 113.437,
                                                                    "Actual Rows": 87525,
                                                                    "Actual Loops": 1
                                                                }
                                                            ],
                                                            "Plans": [
                                                                {
                                                                    "Node Type": "Seq Scan",
                                                                    "Parent Relationship": "Outer",
                                                                    "Parallel Aware": true,
                                                                    "Relation Name": "title",
                                                                    "Schema": "public",
                                                                    "Alias": "t",
                                                                    "Startup Cost": 0.0,
                                                                    "Total Cost": 45479.21,
                                                                    "Plan Rows": 169166,
                                                                    "Plan Width": 4,
                                                                    "Actual Startup Time": 0.048,
                                                                    "Actual Total Time": 73.898,
                                                                    "Actual Rows": 82326,
                                                                    "Actual Loops": 7,
                                                                    "Output": [
                                                                        "t.id"
                                                                    ],
                                                                    "Filter": "((t.kind_id < 7) AND (t.production_year > 1991))",
                                                                    "Rows Removed by Filter": 278861,
                                                                    "Workers": [
                                                                        {
                                                                            "Worker Number": 0,
                                                                            "Actual Startup Time": 0.055,
                                                                            "Actual Total Time": 75.686,
                                                                            "Actual Rows": 61095,
                                                                            "Actual Loops": 1
                                                                        },
                                                                        {
                                                                            "Worker Number": 1,
                                                                            "Actual Startup Time": 0.063,
                                                                            "Actual Total Time": 73.14,
                                                                            "Actual Rows": 73614,
                                                                            "Actual Loops": 1
                                                                        },
                                                                        {
                                                                            "Worker Number": 2,
                                                                            "Actual Startup Time": 0.037,
                                                                            "Actual Total Time": 74.36,
                                                                            "Actual Rows": 87254,
                                                                            "Actual Loops": 1
                                                                        },
                                                                        {
                                                                            "Worker Number": 3,
                                                                            "Actual Startup Time": 0.062,
                                                                            "Actual Total Time": 74.368,
                                                                            "Actual Rows": 59027,
                                                                            "Actual Loops": 1
                                                                        },
                                                                        {
                                                                            "Worker Number": 4,
                                                                            "Actual Startup Time": 0.05,
                                                                            "Actual Total Time": 73.616,
                                                                            "Actual Rows": 87046,
                                                                            "Actual Loops": 1
                                                                        },
                                                                        {
                                                                            "Worker Number": 5,
                                                                            "Actual Startup Time": 0.051,
                                                                            "Actual Total Time": 74.309,
                                                                            "Actual Rows": 87525,
                                                                            "Actual Loops": 1
                                                                        }
                                                                    ]
                                                                }
                                                            ]
                                                        }
                                                    ]
                                                }
                                            ]
                                        }
                                    ]
                                }
                            ]
                        }
                    ]
                }
            ]
        },
        "Planning Time": 220.013,
        "Triggers": [],
        "Execution Time": 5104.581
    }
]