[
  {
    "Plan": {
      "Node Type": "Aggregate",
      "Strategy": "Plain",
      "Partial Mode": "Finalize",
      "Parallel Aware": false,
      "Startup Cost": 31735.18,
      "Total Cost": 31735.19,
      "Plan Rows": 1,
      "Plan Width": 8,
      "Actual Startup Time": 125.504,
      "Actual Total Time": 132.621,
      "Actual Rows": 1,
      "Actual Loops": 1,
      "Plans": [
        {
          "Node Type": "Gather",
          "Parent Relationship": "Outer",
          "Parallel Aware": false,
          "Startup Cost": 31734.86,
          "Total Cost": 31735.17,
          "Plan Rows": 3,
          "Plan Width": 8,
          "Actual Startup Time": 125.354,
          "Actual Total Time": 132.614,
          "Actual Rows": 4,
          "Actual Loops": 1,
          "Workers Planned": 3,
          "Workers Launched": 3,
          "Single Copy": false,
          "Plans": [
            {
              "Node Type": "Aggregate",
              "Strategy": "Plain",
              "Partial Mode": "Partial",
              "Parent Relationship": "Outer",
              "Parallel Aware": false,
              "Startup Cost": 30734.86,
              "Total Cost": 30734.87,
              "Plan Rows": 1,
              "Plan Width": 8,
              "Actual Startup Time": 115.452,
              "Actual Total Time": 115.453,
              "Actual Rows": 1,
              "Actual Loops": 4,
              "Plans": [
                {
                  "Node Type": "Seq Scan",
                  "Parent Relationship": "Outer",
                  "Parallel Aware": true,
                  "Relation Name": "movie_companies",
                  "Alias": "mc",
                  "Startup Cost": 0.0,
                  "Total Cost": 29310.68,
                  "Plan Rows": 569673,
                  "Plan Width": 0,
                  "Actual Startup Time": 0.051,
                  "Actual Total Time": 88.852,
                  "Actual Rows": 444038,
                  "Actual Loops": 4,
                  "Filter": "(company_id < 27012)",
                  "Rows Removed by Filter": 208244
                }
              ]
            }
          ]
        }
      ]
    },
    "Planning Time": 0.09,
    "Triggers": [],
    "Execution Time": 132.65
  }
]