[
  {
    "Plan": {
      "Node Type": "Aggregate",
      "Strategy": "Plain",
      "Partial Mode": "Finalize",
      "Parallel Aware": false,
      "Startup Cost": 46551.47,
      "Total Cost": 46551.48,
      "Plan Rows": 1,
      "Plan Width": 8,
      "Actual Startup Time": 169.632,
      "Actual Total Time": 179.778,
      "Actual Rows": 1,
      "Actual Loops": 1,
      "Plans": [
        {
          "Node Type": "Gather",
          "Parent Relationship": "Outer",
          "Parallel Aware": false,
          "Startup Cost": 46551.15,
          "Total Cost": 46551.46,
          "Plan Rows": 3,
          "Plan Width": 8,
          "Actual Startup Time": 169.504,
          "Actual Total Time": 179.771,
          "Actual Rows": 4,
          "Actual Loops": 1,
          "Workers Planned": 3,
          "Workers Launched": 3,
          "Single Copy": false,
          "Plans": [
            {
              "Node Type": "Aggregate",
              "Strategy": "Plain",
              "Partial Mode": "Partial",
              "Parent Relationship": "Outer",
              "Parallel Aware": false,
              "Startup Cost": 45551.15,
              "Total Cost": 45551.16,
              "Plan Rows": 1,
              "Plan Width": 8,
              "Actual Startup Time": 163.089,
              "Actual Total Time": 163.09,
              "Actual Rows": 1,
              "Actual Loops": 4,
              "Plans": [
                {
                  "Node Type": "Seq Scan",
                  "Parent Relationship": "Outer",
                  "Parallel Aware": true,
                  "Relation Name": "movie_keyword",
                  "Alias": "mk",
                  "Startup Cost": 0.0,
                  "Total Cost": 42695.65,
                  "Plan Rows": 1142200,
                  "Plan Width": 0,
                  "Actual Startup Time": 0.047,
                  "Actual Total Time": 121.945,
                  "Actual Rows": 886462,
                  "Actual Loops": 4,
                  "Filter": "(keyword_id < 19058)",
                  "Rows Removed by Filter": 244520
                }
              ]
            }
          ]
        }
      ]
    },
    "Planning Time": 0.101,
    "Triggers": [],
    "Execution Time": 179.808
  }
]