[
  {
    "Plan": {
      "Node Type": "Aggregate",
      "Strategy": "Plain",
      "Partial Mode": "Finalize",
      "Parallel Aware": false,
      "Startup Cost": 341144.92,
      "Total Cost": 341144.93,
      "Plan Rows": 1,
      "Plan Width": 8,
      "Actual Startup Time": 450.955,
      "Actual Total Time": 519.99,
      "Actual Rows": 1,
      "Actual Loops": 1,
      "Plans": [
        {
          "Node Type": "Gather",
          "Parent Relationship": "Outer",
          "Parallel Aware": false,
          "Startup Cost": 341144.5,
          "Total Cost": 341144.91,
          "Plan Rows": 4,
          "Plan Width": 8,
          "Actual Startup Time": 450.774,
          "Actual Total Time": 519.978,
          "Actual Rows": 5,
          "Actual Loops": 1,
          "Workers Planned": 4,
          "Workers Launched": 4,
          "Single Copy": false,
          "Plans": [
            {
              "Node Type": "Aggregate",
              "Strategy": "Plain",
              "Partial Mode": "Partial",
              "Parent Relationship": "Outer",
              "Parallel Aware": false,
              "Startup Cost": 340144.5,
              "Total Cost": 340144.51,
              "Plan Rows": 1,
              "Plan Width": 8,
              "Actual Startup Time": 443.374,
              "Actual Total Time": 443.377,
              "Actual Rows": 1,
              "Actual Loops": 5,
              "Plans": [
                {
                  "Node Type": "Nested Loop",
                  "Parent Relationship": "Outer",
                  "Parallel Aware": false,
                  "Join Type": "Inner",
                  "Startup Cost": 0.56,
                  "Total Cost": 339850.28,
                  "Plan Rows": 117687,
                  "Plan Width": 0,
                  "Actual Startup Time": 58.176,
                  "Actual Total Time": 434.366,
                  "Actual Rows": 100182,
                  "Actual Loops": 5,
                  "Inner Unique": false,
                  "Plans": [
                    {
                      "Node Type": "Seq Scan",
                      "Parent Relationship": "Outer",
                      "Parallel Aware": true,
                      "Relation Name": "title",
                      "Alias": "t",
                      "Startup Cost": 0.0,
                      "Total Cost": 45479.59,
                      "Plan Rows": 8208,
                      "Plan Width": 4,
                      "Actual Startup Time": 58.031,
                      "Actual Total Time": 89.377,
                      "Actual Rows": 5621,
                      "Actual Loops": 5,
                      "Filter": "((kind_id = 1) AND (production_year = 2009))",
                      "Rows Removed by Filter": 500042
                    },
                    {
                      "Node Type": "Index Only Scan",
                      "Parent Relationship": "Inner",
                      "Parallel Aware": false,
                      "Scan Direction": "Forward",
                      "Index Name": "movie_id_cast_info",
                      "Relation Name": "cast_info",
                      "Alias": "ci",
                      "Startup Cost": 0.56,
                      "Total Cost": 35.51,
                      "Plan Rows": 35,
                      "Plan Width": 4,
                      "Actual Startup Time": 0.012,
                      "Actual Total Time": 0.059,
                      "Actual Rows": 18,
                      "Actual Loops": 28104,
                      "Index Cond": "(movie_id = t.id)",
                      "Rows Removed by Index Recheck": 0,
                      "Heap Fetches": 500909
                    }
                  ]
                }
              ]
            }
          ]
        }
      ]
    },
    "Planning Time": 0.279,
    "Triggers": [],
    "Execution Time": 520.042
  }
]