[
  {
    "Plan": {
      "Node Type": "Aggregate",
      "Strategy": "Plain",
      "Partial Mode": "Finalize",
      "Parallel Aware": false,
      "Startup Cost": 385156.4,
      "Total Cost": 385156.41,
      "Plan Rows": 1,
      "Plan Width": 8,
      "Actual Startup Time": 658.861,
      "Actual Total Time": 679.482,
      "Actual Rows": 1,
      "Actual Loops": 1,
      "Plans": [
        {
          "Node Type": "Gather",
          "Parent Relationship": "Outer",
          "Parallel Aware": false,
          "Startup Cost": 385156.08,
          "Total Cost": 385156.39,
          "Plan Rows": 3,
          "Plan Width": 8,
          "Actual Startup Time": 656.536,
          "Actual Total Time": 679.472,
          "Actual Rows": 4,
          "Actual Loops": 1,
          "Workers Planned": 3,
          "Workers Launched": 3,
          "Single Copy": false,
          "Plans": [
            {
              "Node Type": "Aggregate",
              "Strategy": "Plain",
              "Partial Mode": "Partial",
              "Parent Relationship": "Outer",
              "Parallel Aware": false,
              "Startup Cost": 384156.08,
              "Total Cost": 384156.09,
              "Plan Rows": 1,
              "Plan Width": 8,
              "Actual Startup Time": 647.387,
              "Actual Total Time": 647.485,
              "Actual Rows": 1,
              "Actual Loops": 4,
              "Plans": [
                {
                  "Node Type": "Hash Join",
                  "Parent Relationship": "Outer",
                  "Parallel Aware": true,
                  "Join Type": "Inner",
                  "Startup Cost": 338941.02,
                  "Total Cost": 383738.94,
                  "Plan Rows": 166855,
                  "Plan Width": 0,
                  "Actual Startup Time": 380.593,
                  "Actual Total Time": 613.235,
                  "Actual Rows": 859112,
                  "Actual Loops": 4,
                  "Inner Unique": false,
                  "Hash Cond": "(mk.movie_id = t.id)",
                  "Plans": [
                    {
                      "Node Type": "Seq Scan",
                      "Parent Relationship": "Outer",
                      "Parallel Aware": true,
                      "Relation Name": "movie_keyword",
                      "Alias": "mk",
                      "Startup Cost": 0.0,
                      "Total Cost": 39047.32,
                      "Plan Rows": 1459332,
                      "Plan Width": 4,
                      "Actual Startup Time": 0.025,
                      "Actual Total Time": 81.711,
                      "Actual Rows": 1130982,
                      "Actual Loops": 4
                    },
                    {
                      "Node Type": "Hash",
                      "Parent Relationship": "Inner",
                      "Parallel Aware": true,
                      "Startup Cost": 338338.77,
                      "Total Cost": 338338.77,
                      "Plan Rows": 48180,
                      "Plan Width": 8,
                      "Actual Startup Time": 377.152,
                      "Actual Total Time": 377.248,
                      "Actual Rows": 74875,
                      "Actual Loops": 4,
                      "Hash Buckets": 524288,
                      "Original Hash Buckets": 524288,
                      "Hash Batches": 1,
                      "Original Hash Batches": 1,
                      "Peak Memory Usage": 15872,
                      "Plans": [
                        {
                          "Node Type": "Hash Join",
                          "Parent Relationship": "Outer",
                          "Parallel Aware": true,
                          "Join Type": "Inner",
                          "Startup Cost": 81206.91,
                          "Total Cost": 338338.77,
                          "Plan Rows": 48180,
                          "Plan Width": 8,
                          "Actual Startup Time": 207.652,
                          "Actual Total Time": 354.596,
                          "Actual Rows": 74875,
                          "Actual Loops": 4,
                          "Inner Unique": true,
                          "Hash Cond": "(ci.movie_id = t.id)",
                          "Plans": [
                            {
                              "Node Type": "Bitmap Heap Scan",
                              "Parent Relationship": "Outer",
                              "Parallel Aware": true,
                              "Relation Name": "cast_info",
                              "Alias": "ci",
                              "Startup Cost": 34027.74,
                              "Total Cost": 290571.84,
                              "Plan Rows": 223909,
                              "Plan Width": 4,
                              "Actual Startup Time": 65.194,
                              "Actual Total Time": 133.309,
                              "Actual Rows": 382146,
                              "Actual Loops": 4,
                              "Recheck Cond": "(person_id < 158602)",
                              "Rows Removed by Index Recheck": 0,
                              "Filter": "(role_id < 10)",
                              "Rows Removed by Filter": 16289,
                              "Exact Heap Blocks": 4723,
                              "Lossy Heap Blocks": 0,
                              "Plans": [
                                {
                                  "Node Type": "Bitmap Index Scan",
                                  "Parent Relationship": "Outer",
                                  "Parallel Aware": false,
                                  "Index Name": "person_id_cast_info",
                                  "Startup Cost": 0.0,
                                  "Total Cost": 33691.87,
                                  "Plan Rows": 1542841,
                                  "Plan Width": 0,
                                  "Actual Startup Time": 62.557,
                                  "Actual Total Time": 62.557,
                                  "Actual Rows": 1593741,
                                  "Actual Loops": 1,
                                  "Index Cond": "(person_id < 158602)"
                                }
                              ]
                            },
                            {
                              "Node Type": "Hash",
                              "Parent Relationship": "Inner",
                              "Parallel Aware": true,
                              "Startup Cost": 45479.1,
                              "Total Cost": 45479.1,
                              "Plan Rows": 136006,
                              "Plan Width": 4,
                              "Actual Startup Time": 139.361,
                              "Actual Total Time": 139.362,
                              "Actual Rows": 114952,
                              "Actual Loops": 4,
                              "Hash Buckets": 1048576,
                              "Original Hash Buckets": 1048576,
                              "Hash Batches": 1,
                              "Original Hash Batches": 1,
                              "Peak Memory Usage": 26272,
                              "Plans": [
                                {
                                  "Node Type": "Seq Scan",
                                  "Parent Relationship": "Outer",
                                  "Parallel Aware": true,
                                  "Relation Name": "title",
                                  "Alias": "t",
                                  "Startup Cost": 0.0,
                                  "Total Cost": 45479.1,
                                  "Plan Rows": 136006,
                                  "Plan Width": 4,
                                  "Actual Startup Time": 0.044,
                                  "Actual Total Time": 96.343,
                                  "Actual Rows": 114952,
                                  "Actual Loops": 4,
                                  "Filter": "((kind_id < 7) AND (production_year > 2000))",
                                  "Rows Removed by Filter": 517126
                                }
                              ]
                            }
                          ]
                        }
                      ]
                    }
                  ]
                }
              ]
            }
          ]
        }
      ]
    },
    "Planning Time": 1.399,
    "Triggers": [],
    "Execution Time": 679.602
  }
]