[
  {
    "Plan": {
      "Node Type": "Aggregate",
      "Strategy": "Plain",
      "Partial Mode": "Finalize",
      "Parallel Aware": false,
      "Startup Cost": 213315.36,
      "Total Cost": 213315.37,
      "Plan Rows": 1,
      "Plan Width": 8,
      "Actual Startup Time": 87.713,
      "Actual Total Time": 99.461,
      "Actual Rows": 1,
      "Actual Loops": 1,
      "Plans": [
        {
          "Node Type": "Gather",
          "Parent Relationship": "Outer",
          "Parallel Aware": false,
          "Startup Cost": 213314.94,
          "Total Cost": 213315.35,
          "Plan Rows": 4,
          "Plan Width": 8,
          "Actual Startup Time": 87.512,
          "Actual Total Time": 99.454,
          "Actual Rows": 5,
          "Actual Loops": 1,
          "Workers Planned": 4,
          "Workers Launched": 4,
          "Single Copy": false,
          "Plans": [
            {
              "Node Type": "Aggregate",
              "Strategy": "Plain",
              "Partial Mode": "Partial",
              "Parent Relationship": "Outer",
              "Parallel Aware": false,
              "Startup Cost": 212314.94,
              "Total Cost": 212314.95,
              "Plan Rows": 1,
              "Plan Width": 8,
              "Actual Startup Time": 77.632,
              "Actual Total Time": 77.634,
              "Actual Rows": 1,
              "Actual Loops": 5,
              "Plans": [
                {
                  "Node Type": "Nested Loop",
                  "Parent Relationship": "Outer",
                  "Parallel Aware": false,
                  "Join Type": "Inner",
                  "Startup Cost": 1826.32,
                  "Total Cost": 212274.67,
                  "Plan Rows": 16109,
                  "Plan Width": 0,
                  "Actual Startup Time": 14.754,
                  "Actual Total Time": 76.643,
                  "Actual Rows": 6928,
                  "Actual Loops": 5,
                  "Inner Unique": false,
                  "Plans": [
                    {
                      "Node Type": "Bitmap Heap Scan",
                      "Parent Relationship": "Outer",
                      "Parallel Aware": true,
                      "Relation Name": "title",
                      "Alias": "t",
                      "Startup Cost": 1825.89,
                      "Total Cost": 38207.24,
                      "Plan Rows": 2755,
                      "Plan Width": 4,
                      "Actual Startup Time": 14.531,
                      "Actual Total Time": 35.792,
                      "Actual Rows": 1086,
                      "Actual Loops": 5,
                      "Recheck Cond": "(kind_id = 3)",
                      "Rows Removed by Index Recheck": 0,
                      "Filter": "(production_year < 1964)",
                      "Rows Removed by Filter": 19021,
                      "Exact Heap Blocks": 6603,
                      "Lossy Heap Blocks": 0,
                      "Plans": [
                        {
                          "Node Type": "Bitmap Index Scan",
                          "Parent Relationship": "Outer",
                          "Parallel Aware": false,
                          "Index Name": "kind_id_title",
                          "Startup Cost": 0.0,
                          "Total Cost": 1823.13,
                          "Plan Rows": 102227,
                          "Plan Width": 0,
                          "Actual Startup Time": 18.382,
                          "Actual Total Time": 18.383,
                          "Actual Rows": 100537,
                          "Actual Loops": 1,
                          "Index Cond": "(kind_id = 3)"
                        }
                      ]
                    },
                    {
                      "Node Type": "Index Only Scan",
                      "Parent Relationship": "Inner",
                      "Parallel Aware": false,
                      "Scan Direction": "Forward",
                      "Index Name": "movie_id_movie_info",
                      "Relation Name": "movie_info",
                      "Alias": "mi",
                      "Startup Cost": 0.43,
                      "Total Cost": 62.76,
                      "Plan Rows": 42,
                      "Plan Width": 4,
                      "Actual Startup Time": 0.015,
                      "Actual Total Time": 0.036,
                      "Actual Rows": 6,
                      "Actual Loops": 5431,
                      "Index Cond": "(movie_id = t.id)",
                      "Rows Removed by Index Recheck": 0,
                      "Heap Fetches": 34638
                    }
                  ]
                }
              ]
            }
          ]
        }
      ]
    },
    "Planning Time": 0.631,
    "Triggers": [],
    "Execution Time": 99.581
  }
]