[
  {
    "Plan": {
      "Node Type": "Aggregate",
      "Strategy": "Plain",
      "Partial Mode": "Finalize",
      "Parallel Aware": false,
      "Startup Cost": 421632.29,
      "Total Cost": 421632.3,
      "Plan Rows": 1,
      "Plan Width": 8,
      "Actual Startup Time": 2450.871,
      "Actual Total Time": 2515.021,
      "Actual Rows": 1,
      "Actual Loops": 1,
      "Plans": [
        {
          "Node Type": "Gather",
          "Parent Relationship": "Outer",
          "Parallel Aware": false,
          "Startup Cost": 421631.66,
          "Total Cost": 421632.27,
          "Plan Rows": 6,
          "Plan Width": 8,
          "Actual Startup Time": 2444.278,
          "Actual Total Time": 2515.014,
          "Actual Rows": 7,
          "Actual Loops": 1,
          "Workers Planned": 6,
          "Workers Launched": 6,
          "Single Copy": false,
          "Plans": [
            {
              "Node Type": "Aggregate",
              "Strategy": "Plain",
              "Partial Mode": "Partial",
              "Parent Relationship": "Outer",
              "Parallel Aware": false,
              "Startup Cost": 420631.66,
              "Total Cost": 420631.67,
              "Plan Rows": 1,
              "Plan Width": 8,
              "Actual Startup Time": 2434.27,
              "Actual Total Time": 2434.278,
              "Actual Rows": 1,
              "Actual Loops": 7,
              "Plans": [
                {
                  "Node Type": "Hash Join",
                  "Parent Relationship": "Outer",
                  "Parallel Aware": true,
                  "Join Type": "Inner",
                  "Startup Cost": 78289.9,
                  "Total Cost": 417759.61,
                  "Plan Rows": 1148820,
                  "Plan Width": 0,
                  "Actual Startup Time": 270.536,
                  "Actual Total Time": 2212.886,
                  "Actual Rows": 4585455,
                  "Actual Loops": 7,
                  "Inner Unique": false,
                  "Hash Cond": "(ci.movie_id = t.id)",
                  "Plans": [
                    {
                      "Node Type": "Seq Scan",
                      "Parent Relationship": "Outer",
                      "Parallel Aware": true,
                      "Relation Name": "cast_info",
                      "Alias": "ci",
                      "Startup Cost": 0.0,
                      "Total Cost": 313106.51,
                      "Plan Rows": 6041951,
                      "Plan Width": 4,
                      "Actual Startup Time": 0.028,
                      "Actual Total Time": 588.992,
                      "Actual Rows": 5177763,
                      "Actual Loops": 7
                    },
                    {
                      "Node Type": "Hash",
                      "Parent Relationship": "Inner",
                      "Parallel Aware": true,
                      "Startup Cost": 76351.36,
                      "Total Cost": 76351.36,
                      "Plan Rows": 155083,
                      "Plan Width": 8,
                      "Actual Startup Time": 268.831,
                      "Actual Total Time": 268.837,
                      "Actual Rows": 90885,
                      "Actual Loops": 7,
                      "Hash Buckets": 1048576,
                      "Original Hash Buckets": 524288,
                      "Hash Batches": 1,
                      "Original Hash Batches": 1,
                      "Peak Memory Usage": 37280,
                      "Plans": [
                        {
                          "Node Type": "Hash Join",
                          "Parent Relationship": "Outer",
                          "Parallel Aware": true,
                          "Join Type": "Inner",
                          "Startup Cost": 46935.47,
                          "Total Cost": 76351.36,
                          "Plan Rows": 155083,
                          "Plan Width": 8,
                          "Actual Startup Time": 120.38,
                          "Actual Total Time": 220.664,
                          "Actual Rows": 90885,
                          "Actual Loops": 7,
                          "Inner Unique": true,
                          "Hash Cond": "(mc.movie_id = t.id)",
                          "Plans": [
                            {
                              "Node Type": "Seq Scan",
                              "Parent Relationship": "Outer",
                              "Parallel Aware": true,
                              "Relation Name": "movie_companies",
                              "Alias": "mc",
                              "Startup Cost": 0.0,
                              "Total Cost": 27206.55,
                              "Plan Rows": 841655,
                              "Plan Width": 4,
                              "Actual Startup Time": 0.034,
                              "Actual Total Time": 45.534,
                              "Actual Rows": 372733,
                              "Actual Loops": 7
                            },
                            {
                              "Node Type": "Hash",
                              "Parent Relationship": "Inner",
                              "Parallel Aware": true,
                              "Startup Cost": 45479.59,
                              "Total Cost": 45479.59,
                              "Plan Rows": 116471,
                              "Plan Width": 4,
                              "Actual Startup Time": 100.385,
                              "Actual Total Time": 100.387,
                              "Actual Rows": 48678,
                              "Actual Loops": 7,
                              "Hash Buckets": 524288,
                              "Original Hash Buckets": 524288,
                              "Hash Batches": 1,
                              "Original Hash Batches": 1,
                              "Peak Memory Usage": 17568,
                              "Plans": [
                                {
                                  "Node Type": "Seq Scan",
                                  "Parent Relationship": "Outer",
                                  "Parallel Aware": true,
                                  "Relation Name": "title",
                                  "Alias": "t",
                                  "Startup Cost": 0.0,
                                  "Total Cost": 45479.59,
                                  "Plan Rows": 116471,
                                  "Plan Width": 4,
                                  "Actual Startup Time": 40.407,
                                  "Actual Total Time": 78.511,
                                  "Actual Rows": 48678,
                                  "Actual Loops": 7,
                                  "Filter": "((production_year > 1989) AND (kind_id = 1))",
                                  "Rows Removed by Filter": 312509
                                }
                              ]
                            }
                          ]
                        }
                      ]
                    }
                  ]
                }
              ]
            }
          ]
        }
      ]
    },
    "Planning Time": 0.67,
    "Triggers": [],
    "Execution Time": 2515.093
  }
]