[
    {
        "Bao": {
            "Bao prediction": "NaN",
            "Bao recommended hint": "(no hint)"
        }
    },
    {
        "Plan": {
            "Node Type": "Aggregate",
            "Strategy": "Plain",
            "Partial Mode": "Finalize",
            "Parallel Aware": false,
            "Startup Cost": 131276.93,
            "Total Cost": 131276.94,
            "Plan Rows": 1,
            "Plan Width": 8,
            "Actual Startup Time": 134.49,
            "Actual Total Time": 148.621,
            "Actual Rows": 1,
            "Actual Loops": 1,
            "Output": [
                "count(*)"
            ],
            "Plans": [
                {
                    "Node Type": "Gather",
                    "Parent Relationship": "Outer",
                    "Parallel Aware": false,
                    "Startup Cost": 131276.51,
                    "Total Cost": 131276.92,
                    "Plan Rows": 4,
                    "Plan Width": 8,
                    "Actual Startup Time": 134.371,
                    "Actual Total Time": 148.612,
                    "Actual Rows": 5,
                    "Actual Loops": 1,
                    "Output": [
                        "(PARTIAL count(*))"
                    ],
                    "Workers Planned": 4,
                    "Workers Launched": 4,
                    "Single Copy": false,
                    "Plans": [
                        {
                            "Node Type": "Aggregate",
                            "Strategy": "Plain",
                            "Partial Mode": "Partial",
                            "Parent Relationship": "Outer",
                            "Parallel Aware": false,
                            "Startup Cost": 130276.51,
                            "Total Cost": 130276.52,
                            "Plan Rows": 1,
                            "Plan Width": 8,
                            "Actual Startup Time": 124.391,
                            "Actual Total Time": 124.392,
                            "Actual Rows": 1,
                            "Actual Loops": 5,
                            "Output": [
                                "PARTIAL count(*)"
                            ],
                            "Workers": [
                                {
                                    "Worker Number": 0,
                                    "Actual Startup Time": 121.986,
                                    "Actual Total Time": 121.987,
                                    "Actual Rows": 1,
                                    "Actual Loops": 1
                                },
                                {
                                    "Worker Number": 1,
                                    "Actual Startup Time": 122.011,
                                    "Actual Total Time": 122.012,
                                    "Actual Rows": 1,
                                    "Actual Loops": 1
                                },
                                {
                                    "Worker Number": 2,
                                    "Actual Startup Time": 122.117,
                                    "Actual Total Time": 122.118,
                                    "Actual Rows": 1,
                                    "Actual Loops": 1
                                },
                                {
                                    "Worker Number": 3,
                                    "Actual Startup Time": 122.23,
                                    "Actual Total Time": 122.231,
                                    "Actual Rows": 1,
                                    "Actual Loops": 1
                                }
                            ],
                            "Plans": [
                                {
                                    "Node Type": "Nested Loop",
                                    "Parent Relationship": "Outer",
                                    "Parallel Aware": false,
                                    "Join Type": "Inner",
                                    "Startup Cost": 0.56,
                                    "Total Cost": 130271.79,
                                    "Plan Rows": 1886,
                                    "Plan Width": 0,
                                    "Actual Startup Time": 60.189,
                                    "Actual Total Time": 124.175,
                                    "Actual Rows": 2105,
                                    "Actual Loops": 5,
                                    "Inner Unique": false,
                                    "Workers": [
                                        {
                                            "Worker Number": 0,
                                            "Actual Startup Time": 57.989,
                                            "Actual Total Time": 121.791,
                                            "Actual Rows": 1793,
                                            "Actual Loops": 1
                                        },
                                        {
                                            "Worker Number": 1,
                                            "Actual Startup Time": 58.168,
                                            "Actual Total Time": 121.815,
                                            "Actual Rows": 1811,
                                            "Actual Loops": 1
                                        },
                                        {
                                            "Worker Number": 2,
                                            "Actual Startup Time": 58.021,
                                            "Actual Total Time": 121.909,
                                            "Actual Rows": 1892,
                                            "Actual Loops": 1
                                        },
                                        {
                                            "Worker Number": 3,
                                            "Actual Startup Time": 57.744,
                                            "Actual Total Time": 122.03,
                                            "Actual Rows": 1819,
                                            "Actual Loops": 1
                                        }
                                    ],
                                    "Plans": [
                                        {
                                            "Node Type": "Seq Scan",
                                            "Parent Relationship": "Outer",
                                            "Parallel Aware": true,
                                            "Relation Name": "title",
                                            "Schema": "public",
                                            "Alias": "t",
                                            "Startup Cost": 0.0,
                                            "Total Cost": 45479.21,
                                            "Plan Rows": 638,
                                            "Plan Width": 4,
                                            "Actual Startup Time": 59.777,
                                            "Actual Total Time": 82.378,
                                            "Actual Rows": 610,
                                            "Actual Loops": 5,
                                            "Output": [
                                                "t.id",
                                                "t.title",
                                                "t.imdb_index",
                                                "t.kind_id",
                                                "t.production_year",
                                                "t.imdb_id",
                                                "t.phonetic_code",
                                                "t.episode_of_id",
                                                "t.season_nr",
                                                "t.episode_nr",
                                                "t.series_years",
                                                "t.md5sum"
                                            ],
                                            "Filter": "((t.kind_id = 1) AND (t.production_year = 1957))",
                                            "Rows Removed by Filter": 505052,
                                            "Workers": [
                                                {
                                                    "Worker Number": 0,
                                                    "Actual Startup Time": 57.353,
                                                    "Actual Total Time": 76.568,
                                                    "Actual Rows": 541,
                                                    "Actual Loops": 1
                                                },
                                                {
                                                    "Worker Number": 1,
                                                    "Actual Startup Time": 57.462,
                                                    "Actual Total Time": 76.084,
                                                    "Actual Rows": 525,
                                                    "Actual Loops": 1
                                                },
                                                {
                                                    "Worker Number": 2,
                                                    "Actual Startup Time": 57.515,
                                                    "Actual Total Time": 76.389,
                                                    "Actual Rows": 527,
                                                    "Actual Loops": 1
                                                },
                                                {
                                                    "Worker Number": 3,
                                                    "Actual Startup Time": 57.595,
                                                    "Actual Total Time": 76.758,
                                                    "Actual Rows": 532,
                                                    "Actual Loops": 1
                                                }
                                            ]
                                        },
                                        {
                                            "Node Type": "Index Scan",
                                            "Parent Relationship": "Inner",
                                            "Parallel Aware": false,
                                            "Scan Direction": "Forward",
                                            "Index Name": "movie_id_cast_info",
                                            "Relation Name": "cast_info",
                                            "Schema": "public",
                                            "Alias": "ci",
                                            "Startup Cost": 0.56,
                                            "Total Cost": 132.82,
                                            "Plan Rows": 8,
                                            "Plan Width": 4,
                                            "Actual Startup Time": 0.042,
                                            "Actual Total Time": 0.068,
                                            "Actual Rows": 3,
                                            "Actual Loops": 3050,
                                            "Output": [
                                                "ci.id",
                                                "ci.person_id",
                                                "ci.movie_id",
                                                "ci.person_role_id",
                                                "ci.note",
                                                "ci.nr_order",
                                                "ci.role_id"
                                            ],
                                            "Index Cond": "(ci.movie_id = t.id)",
                                            "Rows Removed by Index Recheck": 0,
                                            "Filter": "(ci.role_id = 2)",
                                            "Rows Removed by Filter": 14,
                                            "Workers": [
                                                {
                                                    "Worker Number": 0,
                                                    "Actual Startup Time": 0.051,
                                                    "Actual Total Time": 0.083,
                                                    "Actual Rows": 3,
                                                    "Actual Loops": 541
                                                },
                                                {
                                                    "Worker Number": 1,
                                                    "Actual Startup Time": 0.053,
                                                    "Actual Total Time": 0.086,
                                                    "Actual Rows": 3,
                                                    "Actual Loops": 525
                                                },
                                                {
                                                    "Worker Number": 2,
                                                    "Actual Startup Time": 0.052,
                                                    "Actual Total Time": 0.085,
                                                    "Actual Rows": 4,
                                                    "Actual Loops": 527
                                                },
                                                {
                                                    "Worker Number": 3,
                                                    "Actual Startup Time": 0.053,
                                                    "Actual Total Time": 0.084,
                                                    "Actual Rows": 3,
                                                    "Actual Loops": 532
                                                }
                                            ]
                                        }
                                    ]
                                }
                            ]
                        }
                    ]
                }
            ]
        },
        "Planning Time": 312.668,
        "Triggers": [],
        "Execution Time": 148.775
    }
]