[
  {
    "Plan": {
      "Node Type": "Aggregate",
      "Strategy": "Plain",
      "Partial Mode": "Finalize",
      "Parallel Aware": false,
      "Startup Cost": 32876.04,
      "Total Cost": 32876.05,
      "Plan Rows": 1,
      "Plan Width": 8,
      "Actual Startup Time": 89.396,
      "Actual Total Time": 95.201,
      "Actual Rows": 1,
      "Actual Loops": 1,
      "Plans": [
        {
          "Node Type": "Gather",
          "Parent Relationship": "Outer",
          "Parallel Aware": false,
          "Startup Cost": 32875.72,
          "Total Cost": 32876.03,
          "Plan Rows": 3,
          "Plan Width": 8,
          "Actual Startup Time": 89.263,
          "Actual Total Time": 95.194,
          "Actual Rows": 4,
          "Actual Loops": 1,
          "Workers Planned": 3,
          "Workers Launched": 3,
          "Single Copy": false,
          "Plans": [
            {
              "Node Type": "Aggregate",
              "Strategy": "Plain",
              "Partial Mode": "Partial",
              "Parent Relationship": "Outer",
              "Parallel Aware": false,
              "Startup Cost": 31875.72,
              "Total Cost": 31875.73,
              "Plan Rows": 1,
              "Plan Width": 8,
              "Actual Startup Time": 84.322,
              "Actual Total Time": 84.323,
              "Actual Rows": 1,
              "Actual Loops": 4,
              "Plans": [
                {
                  "Node Type": "Seq Scan",
                  "Parent Relationship": "Outer",
                  "Parallel Aware": true,
                  "Relation Name": "movie_companies",
                  "Alias": "mc",
                  "Startup Cost": 0.0,
                  "Total Cost": 31414.82,
                  "Plan Rows": 184360,
                  "Plan Width": 0,
                  "Actual Startup Time": 43.154,
                  "Actual Total Time": 75.967,
                  "Actual Rows": 215392,
                  "Actual Loops": 4,
                  "Filter": "((company_id > 13552) AND (company_type_id = 2))",
                  "Rows Removed by Filter": 436890
                }
              ]
            }
          ]
        }
      ]
    },
    "Planning Time": 0.217,
    "Triggers": [],
    "Execution Time": 95.255
  }
]