[
  {
    "Plan": {
      "Node Type": "Aggregate",
      "Strategy": "Plain",
      "Partial Mode": "Finalize",
      "Parallel Aware": false,
      "Startup Cost": 222347.42,
      "Total Cost": 222347.43,
      "Plan Rows": 1,
      "Plan Width": 8,
      "Actual Startup Time": 133.101,
      "Actual Total Time": 155.91,
      "Actual Rows": 1,
      "Actual Loops": 1,
      "Plans": [
        {
          "Node Type": "Gather",
          "Parent Relationship": "Outer",
          "Parallel Aware": false,
          "Startup Cost": 222347.0,
          "Total Cost": 222347.41,
          "Plan Rows": 4,
          "Plan Width": 8,
          "Actual Startup Time": 132.831,
          "Actual Total Time": 155.899,
          "Actual Rows": 5,
          "Actual Loops": 1,
          "Workers Planned": 4,
          "Workers Launched": 4,
          "Single Copy": false,
          "Plans": [
            {
              "Node Type": "Aggregate",
              "Strategy": "Plain",
              "Partial Mode": "Partial",
              "Parent Relationship": "Outer",
              "Parallel Aware": false,
              "Startup Cost": 221347.0,
              "Total Cost": 221347.01,
              "Plan Rows": 1,
              "Plan Width": 8,
              "Actual Startup Time": 128.362,
              "Actual Total Time": 128.364,
              "Actual Rows": 1,
              "Actual Loops": 5,
              "Plans": [
                {
                  "Node Type": "Nested Loop",
                  "Parent Relationship": "Outer",
                  "Parallel Aware": false,
                  "Join Type": "Inner",
                  "Startup Cost": 0.43,
                  "Total Cost": 221309.83,
                  "Plan Rows": 14870,
                  "Plan Width": 0,
                  "Actual Startup Time": 0.157,
                  "Actual Total Time": 127.221,
                  "Actual Rows": 14097,
                  "Actual Loops": 5,
                  "Inner Unique": false,
                  "Plans": [
                    {
                      "Node Type": "Seq Scan",
                      "Parent Relationship": "Outer",
                      "Parallel Aware": true,
                      "Relation Name": "title",
                      "Alias": "t",
                      "Startup Cost": 0.0,
                      "Total Cost": 43899.32,
                      "Plan Rows": 3371,
                      "Plan Width": 4,
                      "Actual Startup Time": 0.051,
                      "Actual Total Time": 67.947,
                      "Actual Rows": 2857,
                      "Actual Loops": 5,
                      "Filter": "(production_year = 1973)",
                      "Rows Removed by Filter": 502806
                    },
                    {
                      "Node Type": "Index Scan",
                      "Parent Relationship": "Inner",
                      "Parallel Aware": false,
                      "Scan Direction": "Forward",
                      "Index Name": "movie_id_movie_info",
                      "Relation Name": "movie_info",
                      "Alias": "mi",
                      "Startup Cost": 0.43,
                      "Total Cost": 52.32,
                      "Plan Rows": 31,
                      "Plan Width": 4,
                      "Actual Startup Time": 0.009,
                      "Actual Total Time": 0.02,
                      "Actual Rows": 5,
                      "Actual Loops": 14284,
                      "Index Cond": "(movie_id = t.id)",
                      "Rows Removed by Index Recheck": 0,
                      "Filter": "(info_type_id > 3)",
                      "Rows Removed by Filter": 1
                    }
                  ]
                }
              ]
            }
          ]
        }
      ]
    },
    "Planning Time": 0.672,
    "Triggers": [],
    "Execution Time": 155.981
  }
]