[
  {
    "Plan": {
      "Node Type": "Aggregate",
      "Strategy": "Plain",
      "Partial Mode": "Finalize",
      "Parallel Aware": false,
      "Startup Cost": 352474.73,
      "Total Cost": 352474.74,
      "Plan Rows": 1,
      "Plan Width": 8,
      "Actual Startup Time": 895.047,
      "Actual Total Time": 936.384,
      "Actual Rows": 1,
      "Actual Loops": 1,
      "Plans": [
        {
          "Node Type": "Gather",
          "Parent Relationship": "Outer",
          "Parallel Aware": false,
          "Startup Cost": 352474.11,
          "Total Cost": 352474.72,
          "Plan Rows": 6,
          "Plan Width": 8,
          "Actual Startup Time": 894.883,
          "Actual Total Time": 936.367,
          "Actual Rows": 7,
          "Actual Loops": 1,
          "Workers Planned": 6,
          "Workers Launched": 6,
          "Single Copy": false,
          "Plans": [
            {
              "Node Type": "Aggregate",
              "Strategy": "Plain",
              "Partial Mode": "Partial",
              "Parent Relationship": "Outer",
              "Parallel Aware": false,
              "Startup Cost": 351474.11,
              "Total Cost": 351474.12,
              "Plan Rows": 1,
              "Plan Width": 8,
              "Actual Startup Time": 885.916,
              "Actual Total Time": 885.917,
              "Actual Rows": 1,
              "Actual Loops": 7,
              "Plans": [
                {
                  "Node Type": "Seq Scan",
                  "Parent Relationship": "Outer",
                  "Parallel Aware": true,
                  "Relation Name": "cast_info",
                  "Alias": "ci",
                  "Startup Cost": 0.0,
                  "Total Cost": 343316.27,
                  "Plan Rows": 3263135,
                  "Plan Width": 0,
                  "Actual Startup Time": 191.292,
                  "Actual Total Time": 739.277,
                  "Actual Rows": 2608791,
                  "Actual Loops": 7,
                  "Filter": "((person_id > 1373878) AND (role_id < 10))",
                  "Rows Removed by Filter": 2568973
                }
              ]
            }
          ]
        }
      ]
    },
    "Planning Time": 0.204,
    "Triggers": [],
    "Execution Time": 936.449
  }
]