[
  {
    "Plan": {
      "Node Type": "Aggregate",
      "Strategy": "Plain",
      "Partial Mode": "Finalize",
      "Parallel Aware": false,
      "Startup Cost": 352347.25,
      "Total Cost": 352347.26,
      "Plan Rows": 1,
      "Plan Width": 8,
      "Actual Startup Time": 961.478,
      "Actual Total Time": 1037.066,
      "Actual Rows": 1,
      "Actual Loops": 1,
      "Plans": [
        {
          "Node Type": "Gather",
          "Parent Relationship": "Outer",
          "Parallel Aware": false,
          "Startup Cost": 352346.62,
          "Total Cost": 352347.23,
          "Plan Rows": 6,
          "Plan Width": 8,
          "Actual Startup Time": 961.346,
          "Actual Total Time": 1037.052,
          "Actual Rows": 7,
          "Actual Loops": 1,
          "Workers Planned": 6,
          "Workers Launched": 6,
          "Single Copy": false,
          "Plans": [
            {
              "Node Type": "Aggregate",
              "Strategy": "Plain",
              "Partial Mode": "Partial",
              "Parent Relationship": "Outer",
              "Parallel Aware": false,
              "Startup Cost": 351346.62,
              "Total Cost": 351346.63,
              "Plan Rows": 1,
              "Plan Width": 8,
              "Actual Startup Time": 950.7,
              "Actual Total Time": 950.701,
              "Actual Rows": 1,
              "Actual Loops": 7,
              "Plans": [
                {
                  "Node Type": "Seq Scan",
                  "Parent Relationship": "Outer",
                  "Parallel Aware": true,
                  "Relation Name": "cast_info",
                  "Alias": "ci",
                  "Startup Cost": 0.0,
                  "Total Cost": 343257.03,
                  "Plan Rows": 3235837,
                  "Plan Width": 0,
                  "Actual Startup Time": 203.514,
                  "Actual Total Time": 811.018,
                  "Actual Rows": 2608791,
                  "Actual Loops": 7,
                  "Filter": "((person_id > 1373878) AND (role_id < 10))",
                  "Rows Removed by Filter": 2568973
                }
              ]
            }
          ]
        }
      ]
    },
    "Planning Time": 0.198,
    "Triggers": [],
    "Execution Time": 1037.138
  }
]