[
  {
    "Plan": {
      "Node Type": "Aggregate",
      "Strategy": "Plain",
      "Partial Mode": "Finalize",
      "Parallel Aware": false,
      "Startup Cost": 46825.7,
      "Total Cost": 46825.71,
      "Plan Rows": 1,
      "Plan Width": 8,
      "Actual Startup Time": 98.807,
      "Actual Total Time": 109.942,
      "Actual Rows": 1,
      "Actual Loops": 1,
      "Plans": [
        {
          "Node Type": "Gather",
          "Parent Relationship": "Outer",
          "Parallel Aware": false,
          "Startup Cost": 46825.28,
          "Total Cost": 46825.69,
          "Plan Rows": 4,
          "Plan Width": 8,
          "Actual Startup Time": 98.61,
          "Actual Total Time": 109.927,
          "Actual Rows": 5,
          "Actual Loops": 1,
          "Workers Planned": 4,
          "Workers Launched": 4,
          "Single Copy": false,
          "Plans": [
            {
              "Node Type": "Aggregate",
              "Strategy": "Plain",
              "Partial Mode": "Partial",
              "Parent Relationship": "Outer",
              "Parallel Aware": false,
              "Startup Cost": 45825.28,
              "Total Cost": 45825.29,
              "Plan Rows": 1,
              "Plan Width": 8,
              "Actual Startup Time": 92.123,
              "Actual Total Time": 92.125,
              "Actual Rows": 1,
              "Actual Loops": 5,
              "Plans": [
                {
                  "Node Type": "Seq Scan",
                  "Parent Relationship": "Outer",
                  "Parallel Aware": true,
                  "Relation Name": "title",
                  "Alias": "t",
                  "Startup Cost": 0.0,
                  "Total Cost": 45479.59,
                  "Plan Rows": 138276,
                  "Plan Width": 0,
                  "Actual Startup Time": 0.04,
                  "Actual Total Time": 87.139,
                  "Actual Rows": 90847,
                  "Actual Loops": 5,
                  "Filter": "((production_year < 1998) AND (kind_id = 7))",
                  "Rows Removed by Filter": 414816
                }
              ]
            }
          ]
        }
      ]
    },
    "Planning Time": 0.1,
    "Triggers": [],
    "Execution Time": 109.984
  }
]