[
  {
    "Plan": {
      "Node Type": "Aggregate",
      "Strategy": "Plain",
      "Partial Mode": "Finalize",
      "Parallel Aware": false,
      "Startup Cost": 46419.99,
      "Total Cost": 46420.0,
      "Plan Rows": 1,
      "Plan Width": 8,
      "Actual Startup Time": 107.717,
      "Actual Total Time": 115.191,
      "Actual Rows": 1,
      "Actual Loops": 1,
      "Plans": [
        {
          "Node Type": "Gather",
          "Parent Relationship": "Outer",
          "Parallel Aware": false,
          "Startup Cost": 46419.57,
          "Total Cost": 46419.98,
          "Plan Rows": 4,
          "Plan Width": 8,
          "Actual Startup Time": 107.622,
          "Actual Total Time": 115.185,
          "Actual Rows": 5,
          "Actual Loops": 1,
          "Workers Planned": 4,
          "Workers Launched": 4,
          "Single Copy": false,
          "Plans": [
            {
              "Node Type": "Aggregate",
              "Strategy": "Plain",
              "Partial Mode": "Partial",
              "Parent Relationship": "Outer",
              "Parallel Aware": false,
              "Startup Cost": 45419.57,
              "Total Cost": 45419.58,
              "Plan Rows": 1,
              "Plan Width": 8,
              "Actual Startup Time": 102.828,
              "Actual Total Time": 102.828,
              "Actual Rows": 1,
              "Actual Loops": 5,
              "Plans": [
                {
                  "Node Type": "Seq Scan",
                  "Parent Relationship": "Outer",
                  "Parallel Aware": true,
                  "Relation Name": "title",
                  "Alias": "t",
                  "Startup Cost": 0.0,
                  "Total Cost": 43899.01,
                  "Plan Rows": 608225,
                  "Plan Width": 0,
                  "Actual Startup Time": 0.025,
                  "Actual Total Time": 80.188,
                  "Actual Rows": 487025,
                  "Actual Loops": 5,
                  "Filter": "(production_year > 1908)",
                  "Rows Removed by Filter": 18637
                }
              ]
            }
          ]
        }
      ]
    },
    "Planning Time": 0.094,
    "Triggers": [],
    "Execution Time": 115.228
  }
]