[
  {
    "Plan": {
      "Node Type": "Aggregate",
      "Strategy": "Plain",
      "Partial Mode": "Finalize",
      "Parallel Aware": false,
      "Startup Cost": 397435.77,
      "Total Cost": 397435.78,
      "Plan Rows": 1,
      "Plan Width": 8,
      "Actual Startup Time": 1405.454,
      "Actual Total Time": 1465.541,
      "Actual Rows": 1,
      "Actual Loops": 1,
      "Plans": [
        {
          "Node Type": "Gather",
          "Parent Relationship": "Outer",
          "Parallel Aware": false,
          "Startup Cost": 397435.14,
          "Total Cost": 397435.75,
          "Plan Rows": 6,
          "Plan Width": 8,
          "Actual Startup Time": 1401.705,
          "Actual Total Time": 1465.527,
          "Actual Rows": 7,
          "Actual Loops": 1,
          "Workers Planned": 6,
          "Workers Launched": 6,
          "Single Copy": false,
          "Plans": [
            {
              "Node Type": "Aggregate",
              "Strategy": "Plain",
              "Partial Mode": "Partial",
              "Parent Relationship": "Outer",
              "Parallel Aware": false,
              "Startup Cost": 396435.14,
              "Total Cost": 396435.15,
              "Plan Rows": 1,
              "Plan Width": 8,
              "Actual Startup Time": 1394.478,
              "Actual Total Time": 1394.481,
              "Actual Rows": 1,
              "Actual Loops": 7,
              "Plans": [
                {
                  "Node Type": "Hash Join",
                  "Parent Relationship": "Outer",
                  "Parallel Aware": true,
                  "Join Type": "Inner",
                  "Startup Cost": 46585.44,
                  "Total Cost": 395666.71,
                  "Plan Rows": 307373,
                  "Plan Width": 0,
                  "Actual Startup Time": 323.789,
                  "Actual Total Time": 1373.19,
                  "Actual Rows": 413834,
                  "Actual Loops": 7,
                  "Inner Unique": true,
                  "Hash Cond": "(ci.movie_id = t.id)",
                  "Plans": [
                    {
                      "Node Type": "Seq Scan",
                      "Parent Relationship": "Outer",
                      "Parallel Aware": true,
                      "Relation Name": "cast_info",
                      "Alias": "ci",
                      "Startup Cost": 0.0,
                      "Total Cost": 343316.27,
                      "Plan Rows": 2196188,
                      "Plan Width": 4,
                      "Actual Startup Time": 212.736,
                      "Actual Total Time": 734.779,
                      "Actual Rows": 2724120,
                      "Actual Loops": 7,
                      "Filter": "((person_id > 1599231) AND (role_id > 1))",
                      "Rows Removed by Filter": 2453643
                    },
                    {
                      "Node Type": "Hash",
                      "Parent Relationship": "Inner",
                      "Parallel Aware": true,
                      "Startup Cost": 45479.59,
                      "Total Cost": 45479.59,
                      "Plan Rows": 88468,
                      "Plan Width": 4,
                      "Actual Startup Time": 108.955,
                      "Actual Total Time": 108.956,
                      "Actual Rows": 67196,
                      "Actual Loops": 7,
                      "Hash Buckets": 524288,
                      "Original Hash Buckets": 524288,
                      "Hash Batches": 1,
                      "Original Hash Batches": 1,
                      "Peak Memory Usage": 22624,
                      "Plans": [
                        {
                          "Node Type": "Seq Scan",
                          "Parent Relationship": "Outer",
                          "Parallel Aware": true,
                          "Relation Name": "title",
                          "Alias": "t",
                          "Startup Cost": 0.0,
                          "Total Cost": 45479.59,
                          "Plan Rows": 88468,
                          "Plan Width": 4,
                          "Actual Startup Time": 0.03,
                          "Actual Total Time": 77.581,
                          "Actual Rows": 67196,
                          "Actual Loops": 7,
                          "Filter": "((kind_id < 7) AND (production_year < 1998))",
                          "Rows Removed by Filter": 293992
                        }
                      ]
                    }
                  ]
                }
              ]
            }
          ]
        }
      ]
    },
    "Planning Time": 0.462,
    "Triggers": [],
    "Execution Time": 1465.61
  }
]