[
  {
    "Plan": {
      "Node Type": "Aggregate",
      "Strategy": "Plain",
      "Partial Mode": "Finalize",
      "Parallel Aware": false,
      "Startup Cost": 61781.0,
      "Total Cost": 61781.01,
      "Plan Rows": 1,
      "Plan Width": 8,
      "Actual Startup Time": 194.896,
      "Actual Total Time": 208.148,
      "Actual Rows": 1,
      "Actual Loops": 1,
      "Plans": [
        {
          "Node Type": "Gather",
          "Parent Relationship": "Outer",
          "Parallel Aware": false,
          "Startup Cost": 61780.79,
          "Total Cost": 61781.0,
          "Plan Rows": 2,
          "Plan Width": 8,
          "Actual Startup Time": 194.502,
          "Actual Total Time": 208.132,
          "Actual Rows": 3,
          "Actual Loops": 1,
          "Workers Planned": 2,
          "Workers Launched": 2,
          "Single Copy": false,
          "Plans": [
            {
              "Node Type": "Aggregate",
              "Strategy": "Plain",
              "Partial Mode": "Partial",
              "Parent Relationship": "Outer",
              "Parallel Aware": false,
              "Startup Cost": 60780.79,
              "Total Cost": 60780.8,
              "Plan Rows": 1,
              "Plan Width": 8,
              "Actual Startup Time": 188.123,
              "Actual Total Time": 188.126,
              "Actual Rows": 1,
              "Actual Loops": 3,
              "Plans": [
                {
                  "Node Type": "Hash Join",
                  "Parent Relationship": "Outer",
                  "Parallel Aware": true,
                  "Join Type": "Inner",
                  "Startup Cost": 45569.74,
                  "Total Cost": 60764.3,
                  "Plan Rows": 6596,
                  "Plan Width": 0,
                  "Actual Startup Time": 144.834,
                  "Actual Total Time": 187.876,
                  "Actual Rows": 4987,
                  "Actual Loops": 3,
                  "Inner Unique": true,
                  "Hash Cond": "(mi_idx.movie_id = t.id)",
                  "Plans": [
                    {
                      "Node Type": "Seq Scan",
                      "Parent Relationship": "Outer",
                      "Parallel Aware": true,
                      "Relation Name": "movie_info_idx",
                      "Alias": "mi_idx",
                      "Startup Cost": 0.0,
                      "Total Cost": 13685.15,
                      "Plan Rows": 575015,
                      "Plan Width": 4,
                      "Actual Startup Time": 0.026,
                      "Actual Total Time": 33.181,
                      "Actual Rows": 460012,
                      "Actual Loops": 3
                    },
                    {
                      "Node Type": "Hash",
                      "Parent Relationship": "Inner",
                      "Parallel Aware": true,
                      "Startup Cost": 45479.1,
                      "Total Cost": 45479.1,
                      "Plan Rows": 7251,
                      "Plan Width": 4,
                      "Actual Startup Time": 115.566,
                      "Actual Total Time": 115.567,
                      "Actual Rows": 25955,
                      "Actual Loops": 3,
                      "Hash Buckets": 131072,
                      "Original Hash Buckets": 32768,
                      "Hash Batches": 1,
                      "Original Hash Batches": 1,
                      "Peak Memory Usage": 4864,
                      "Plans": [
                        {
                          "Node Type": "Seq Scan",
                          "Parent Relationship": "Outer",
                          "Parallel Aware": true,
                          "Relation Name": "title",
                          "Alias": "t",
                          "Startup Cost": 0.0,
                          "Total Cost": 45479.1,
                          "Plan Rows": 7251,
                          "Plan Width": 4,
                          "Actual Startup Time": 70.528,
                          "Actual Total Time": 107.754,
                          "Actual Rows": 25955,
                          "Actual Loops": 3,
                          "Filter": "((kind_id < 7) AND (production_year < 1918))",
                          "Rows Removed by Filter": 816816
                        }
                      ]
                    }
                  ]
                }
              ]
            }
          ]
        }
      ]
    },
    "Planning Time": 0.606,
    "Triggers": [],
    "Execution Time": 208.217
  }
]