{
    "Plan": {
        "Node Type": "Aggregate",
        "Strategy": "Plain",
        "Partial Mode": "Finalize",
        "Parallel Aware": false,
        "Startup Cost": 242574.4,
        "Total Cost": 242574.41,
        "Plan Rows": 1,
        "Plan Width": 8,
        "Actual Startup Time": 371.328,
        "Actual Total Time": 409.035,
        "Actual Rows": 1,
        "Actual Loops": 1,
        "Output": [
            "count(*)"
        ],
        "Plans": [
            {
                "Node Type": "Gather",
                "Parent Relationship": "Outer",
                "Parallel Aware": false,
                "Startup Cost": 242573.88,
                "Total Cost": 242574.39,
                "Plan Rows": 5,
                "Plan Width": 8,
                "Actual Startup Time": 371.212,
                "Actual Total Time": 409.026,
                "Actual Rows": 6,
                "Actual Loops": 1,
                "Output": [
                    "(PARTIAL count(*))"
                ],
                "Workers Planned": 5,
                "Workers Launched": 5,
                "Single Copy": false,
                "Plans": [
                    {
                        "Node Type": "Aggregate",
                        "Strategy": "Plain",
                        "Partial Mode": "Partial",
                        "Parent Relationship": "Outer",
                        "Parallel Aware": false,
                        "Startup Cost": 241573.88,
                        "Total Cost": 241573.89,
                        "Plan Rows": 1,
                        "Plan Width": 8,
                        "Actual Startup Time": 360.109,
                        "Actual Total Time": 360.111,
                        "Actual Rows": 1,
                        "Actual Loops": 6,
                        "Output": [
                            "PARTIAL count(*)"
                        ],
                        "Workers": [
                            {
                                "Worker Number": 0,
                                "Actual Startup Time": 357.299,
                                "Actual Total Time": 357.301,
                                "Actual Rows": 1,
                                "Actual Loops": 1
                            },
                            {
                                "Worker Number": 1,
                                "Actual Startup Time": 357.988,
                                "Actual Total Time": 357.989,
                                "Actual Rows": 1,
                                "Actual Loops": 1
                            },
                            {
                                "Worker Number": 2,
                                "Actual Startup Time": 358.205,
                                "Actual Total Time": 358.207,
                                "Actual Rows": 1,
                                "Actual Loops": 1
                            },
                            {
                                "Worker Number": 3,
                                "Actual Startup Time": 358.394,
                                "Actual Total Time": 358.396,
                                "Actual Rows": 1,
                                "Actual Loops": 1
                            },
                            {
                                "Worker Number": 4,
                                "Actual Startup Time": 358.429,
                                "Actual Total Time": 358.431,
                                "Actual Rows": 1,
                                "Actual Loops": 1
                            }
                        ],
                        "Plans": [
                            {
                                "Node Type": "Nested Loop",
                                "Parent Relationship": "Outer",
                                "Parallel Aware": false,
                                "Join Type": "Inner",
                                "Startup Cost": 0.43,
                                "Total Cost": 241564.42,
                                "Plan Rows": 3783,
                                "Plan Width": 0,
                                "Actual Startup Time": 210.622,
                                "Actual Total Time": 359.68,
                                "Actual Rows": 4225,
                                "Actual Loops": 6,
                                "Inner Unique": true,
                                "Workers": [
                                    {
                                        "Worker Number": 0,
                                        "Actual Startup Time": 208.013,
                                        "Actual Total Time": 356.889,
                                        "Actual Rows": 4325,
                                        "Actual Loops": 1
                                    },
                                    {
                                        "Worker Number": 1,
                                        "Actual Startup Time": 208.437,
                                        "Actual Total Time": 357.595,
                                        "Actual Rows": 4269,
                                        "Actual Loops": 1
                                    },
                                    {
                                        "Worker Number": 2,
                                        "Actual Startup Time": 208.841,
                                        "Actual Total Time": 357.795,
                                        "Actual Rows": 4400,
                                        "Actual Loops": 1
                                    },
                                    {
                                        "Worker Number": 3,
                                        "Actual Startup Time": 208.75,
                                        "Actual Total Time": 357.951,
                                        "Actual Rows": 2767,
                                        "Actual Loops": 1
                                    },
                                    {
                                        "Worker Number": 4,
                                        "Actual Startup Time": 209.033,
                                        "Actual Total Time": 357.969,
                                        "Actual Rows": 2783,
                                        "Actual Loops": 1
                                    }
                                ],
                                "Plans": [
                                    {
                                        "Node Type": "Seq Scan",
                                        "Parent Relationship": "Outer",
                                        "Parallel Aware": true,
                                        "Relation Name": "movie_info",
                                        "Schema": "public",
                                        "Alias": "mi",
                                        "Startup Cost": 0.0,
                                        "Total Cost": 198880.74,
                                        "Plan Rows": 14853,
                                        "Plan Width": 4,
                                        "Actual Startup Time": 210.393,
                                        "Actual Total Time": 312.524,
                                        "Actual Rows": 11338,
                                        "Actual Loops": 6,
                                        "Output": [
                                            "mi.id",
                                            "mi.movie_id",
                                            "mi.info_type_id",
                                            "mi.info",
                                            "mi.note"
                                        ],
                                        "Filter": "(mi.info_type_id = 94)",
                                        "Rows Removed by Filter": 2461282,
                                        "Workers": [
                                            {
                                                "Worker Number": 0,
                                                "Actual Startup Time": 207.575,
                                                "Actual Total Time": 309.627,
                                                "Actual Rows": 10941,
                                                "Actual Loops": 1
                                            },
                                            {
                                                "Worker Number": 1,
                                                "Actual Startup Time": 208.265,
                                                "Actual Total Time": 310.257,
                                                "Actual Rows": 11566,
                                                "Actual Loops": 1
                                            },
                                            {
                                                "Worker Number": 2,
                                                "Actual Startup Time": 208.492,
                                                "Actual Total Time": 310.615,
                                                "Actual Rows": 11631,
                                                "Actual Loops": 1
                                            },
                                            {
                                                "Worker Number": 3,
                                                "Actual Startup Time": 208.683,
                                                "Actual Total Time": 310.911,
                                                "Actual Rows": 7524,
                                                "Actual Loops": 1
                                            },
                                            {
                                                "Worker Number": 4,
                                                "Actual Startup Time": 208.724,
                                                "Actual Total Time": 311.087,
                                                "Actual Rows": 7404,
                                                "Actual Loops": 1
                                            }
                                        ]
                                    },
                                    {
                                        "Node Type": "Index Scan",
                                        "Parent Relationship": "Inner",
                                        "Parallel Aware": false,
                                        "Scan Direction": "Forward",
                                        "Index Name": "title_pkey",
                                        "Relation Name": "title",
                                        "Schema": "public",
                                        "Alias": "t",
                                        "Startup Cost": 0.43,
                                        "Total Cost": 2.87,
                                        "Plan Rows": 1,
                                        "Plan Width": 4,
                                        "Actual Startup Time": 0.004,
                                        "Actual Total Time": 0.004,
                                        "Actual Rows": 0,
                                        "Actual Loops": 68025,
                                        "Output": [
                                            "t.id",
                                            "t.title",
                                            "t.imdb_index",
                                            "t.kind_id",
                                            "t.production_year",
                                            "t.imdb_id",
                                            "t.phonetic_code",
                                            "t.episode_of_id",
                                            "t.season_nr",
                                            "t.episode_nr",
                                            "t.series_years",
                                            "t.md5sum"
                                        ],
                                        "Index Cond": "(t.id = mi.movie_id)",
                                        "Rows Removed by Index Recheck": 0,
                                        "Filter": "(t.production_year < 1988)",
                                        "Rows Removed by Filter": 1,
                                        "Workers": [
                                            {
                                                "Worker Number": 0,
                                                "Actual Startup Time": 0.004,
                                                "Actual Total Time": 0.004,
                                                "Actual Rows": 0,
                                                "Actual Loops": 10941
                                            },
                                            {
                                                "Worker Number": 1,
                                                "Actual Startup Time": 0.004,
                                                "Actual Total Time": 0.004,
                                                "Actual Rows": 0,
                                                "Actual Loops": 11566
                                            },
                                            {
                                                "Worker Number": 2,
                                                "Actual Startup Time": 0.004,
                                                "Actual Total Time": 0.004,
                                                "Actual Rows": 0,
                                                "Actual Loops": 11631
                                            },
                                            {
                                                "Worker Number": 3,
                                                "Actual Startup Time": 0.006,
                                                "Actual Total Time": 0.006,
                                                "Actual Rows": 0,
                                                "Actual Loops": 7524
                                            },
                                            {
                                                "Worker Number": 4,
                                                "Actual Startup Time": 0.006,
                                                "Actual Total Time": 0.006,
                                                "Actual Rows": 0,
                                                "Actual Loops": 7404
                                            }
                                        ]
                                    }
                                ]
                            }
                        ]
                    }
                ]
            }
        ]
    },
    "Planning Time": 0.664,
    "Triggers": [],
    "Execution Time": 409.112
}