{
  "Plan": {
    "Node Type": "Aggregate",
    "Strategy": "Plain",
    "Partial Mode": "Finalize",
    "Parallel Aware": false,
    "Startup Cost": 125902.41,
    "Total Cost": 125902.42,
    "Plan Rows": 1,
    "Plan Width": 8,
    "Actual Startup Time": 568.566,
    "Actual Total Time": 585.445,
    "Actual Rows": 1,
    "Actual Loops": 1,
    "Plans": [
      {
        "Node Type": "Gather",
        "Parent Relationship": "Outer",
        "Parallel Aware": false,
        "Startup Cost": 125902.29,
        "Total Cost": 125902.4,
        "Plan Rows": 1,
        "Plan Width": 8,
        "Actual Startup Time": 566.932,
        "Actual Total Time": 585.437,
        "Actual Rows": 2,
        "Actual Loops": 1,
        "Workers Planned": 1,
        "Workers Launched": 1,
        "Single Copy": false,
        "Plans": [
          {
            "Node Type": "Aggregate",
            "Strategy": "Plain",
            "Partial Mode": "Partial",
            "Parent Relationship": "Outer",
            "Parallel Aware": false,
            "Startup Cost": 124902.29,
            "Total Cost": 124902.3,
            "Plan Rows": 1,
            "Plan Width": 8,
            "Actual Startup Time": 560.121,
            "Actual Total Time": 560.124,
            "Actual Rows": 1,
            "Actual Loops": 2,
            "Plans": [
              {
                "Node Type": "Hash Join",
                "Parent Relationship": "Outer",
                "Parallel Aware": true,
                "Join Type": "Inner",
                "Startup Cost": 64713.69,
                "Total Cost": 124291.8,
                "Plan Rows": 244199,
                "Plan Width": 0,
                "Actual Startup Time": 313.06,
                "Actual Total Time": 557.83,
                "Actual Rows": 54406,
                "Actual Loops": 2,
                "Inner Unique": true,
                "Hash Cond": "(mk.movie_id = t.id)",
                "Plans": [
                  {
                    "Node Type": "Seq Scan",
                    "Parent Relationship": "Outer",
                    "Parallel Aware": true,
                    "Relation Name": "movie_keyword",
                    "Alias": "mk",
                    "Startup Cost": 0.0,
                    "Total Cost": 57718.19,
                    "Plan Rows": 708538,
                    "Plan Width": 4,
                    "Actual Startup Time": 1.682,
                    "Actual Total Time": 164.871,
                    "Actual Rows": 604622,
                    "Actual Loops": 2,
                    "Filter": "(keyword_id > 15148)",
                    "Rows Removed by Filter": 1657344
                  },
                  {
                    "Node Type": "Hash",
                    "Parent Relationship": "Inner",
                    "Parallel Aware": true,
                    "Startup Cost": 58306.47,
                    "Total Cost": 58306.47,
                    "Plan Rows": 512578,
                    "Plan Width": 4,
                    "Actual Startup Time": 299.815,
                    "Actual Total Time": 299.816,
                    "Actual Rows": 400756,
                    "Actual Loops": 2,
                    "Hash Buckets": 1048576,
                    "Original Hash Buckets": 1048576,
                    "Hash Batches": 1,
                    "Original Hash Batches": 1,
                    "Peak Memory Usage": 39584,
                    "Plans": [
                      {
                        "Node Type": "Seq Scan",
                        "Parent Relationship": "Outer",
                        "Parallel Aware": true,
                        "Relation Name": "title",
                        "Alias": "t",
                        "Startup Cost": 0.0,
                        "Total Cost": 58306.47,
                        "Plan Rows": 512578,
                        "Plan Width": 4,
                        "Actual Startup Time": 0.032,
                        "Actual Total Time": 171.531,
                        "Actual Rows": 400756,
                        "Actual Loops": 2,
                        "Filter": "((production_year < 2006) AND (kind_id = 7))",
                        "Rows Removed by Filter": 863400
                      }
                    ]
                  }
                ]
              }
            ]
          }
        ]
      }
    ]
  },
  "Planning Time": 0.997,
  "Triggers": [],
  "Execution Time": 585.548
}