[
  {
    "Plan": {
      "Node Type": "Aggregate",
      "Strategy": "Plain",
      "Partial Mode": "Simple",
      "Parallel Aware": false,
      "Startup Cost": 3155.16,
      "Total Cost": 3155.17,
      "Plan Rows": 1,
      "Plan Width": 8,
      "Actual Startup Time": 1.232,
      "Actual Total Time": 1.234,
      "Actual Rows": 1,
      "Actual Loops": 1,
      "Plans": [
        {
          "Node Type": "Nested Loop",
          "Parent Relationship": "Outer",
          "Parallel Aware": false,
          "Join Type": "Inner",
          "Startup Cost": 7.22,
          "Total Cost": 3154.59,
          "Plan Rows": 227,
          "Plan Width": 0,
          "Actual Startup Time": 0.057,
          "Actual Total Time": 1.198,
          "Actual Rows": 479,
          "Actual Loops": 1,
          "Inner Unique": false,
          "Plans": [
            {
              "Node Type": "Nested Loop",
              "Parent Relationship": "Outer",
              "Parallel Aware": false,
              "Join Type": "Inner",
              "Startup Cost": 6.79,
              "Total Cost": 3018.6,
              "Plan Rows": 220,
              "Plan Width": 8,
              "Actual Startup Time": 0.043,
              "Actual Total Time": 0.431,
              "Actual Rows": 37,
              "Actual Loops": 1,
              "Inner Unique": true,
              "Plans": [
                {
                  "Node Type": "Bitmap Heap Scan",
                  "Parent Relationship": "Outer",
                  "Parallel Aware": false,
                  "Relation Name": "movie_keyword",
                  "Alias": "mk",
                  "Startup Cost": 6.36,
                  "Total Cost": 926.55,
                  "Plan Rows": 249,
                  "Plan Width": 4,
                  "Actual Startup Time": 0.028,
                  "Actual Total Time": 0.125,
                  "Actual Rows": 37,
                  "Actual Loops": 1,
                  "Recheck Cond": "(keyword_id = 44489)",
                  "Rows Removed by Index Recheck": 0,
                  "Exact Heap Blocks": 37,
                  "Lossy Heap Blocks": 0,
                  "Plans": [
                    {
                      "Node Type": "Bitmap Index Scan",
                      "Parent Relationship": "Outer",
                      "Parallel Aware": false,
                      "Index Name": "keyword_id_movie_keyword",
                      "Startup Cost": 0.0,
                      "Total Cost": 6.3,
                      "Plan Rows": 249,
                      "Plan Width": 0,
                      "Actual Startup Time": 0.018,
                      "Actual Total Time": 0.019,
                      "Actual Rows": 37,
                      "Actual Loops": 1,
                      "Index Cond": "(keyword_id = 44489)"
                    }
                  ]
                },
                {
                  "Node Type": "Index Scan",
                  "Parent Relationship": "Inner",
                  "Parallel Aware": false,
                  "Scan Direction": "Forward",
                  "Index Name": "title_pkey",
                  "Relation Name": "title",
                  "Alias": "t",
                  "Startup Cost": 0.43,
                  "Total Cost": 8.4,
                  "Plan Rows": 1,
                  "Plan Width": 4,
                  "Actual Startup Time": 0.008,
                  "Actual Total Time": 0.008,
                  "Actual Rows": 1,
                  "Actual Loops": 37,
                  "Index Cond": "(id = mk.movie_id)",
                  "Rows Removed by Index Recheck": 0,
                  "Filter": "(production_year > 1958)",
                  "Rows Removed by Filter": 0
                }
              ]
            },
            {
              "Node Type": "Index Only Scan",
              "Parent Relationship": "Inner",
              "Parallel Aware": false,
              "Scan Direction": "Forward",
              "Index Name": "movie_id_movie_companies",
              "Relation Name": "movie_companies",
              "Alias": "mc",
              "Startup Cost": 0.43,
              "Total Cost": 0.57,
              "Plan Rows": 5,
              "Plan Width": 4,
              "Actual Startup Time": 0.015,
              "Actual Total Time": 0.019,
              "Actual Rows": 13,
              "Actual Loops": 37,
              "Index Cond": "(movie_id = t.id)",
              "Rows Removed by Index Recheck": 0,
              "Heap Fetches": 479
            }
          ]
        }
      ]
    },
    "Planning Time": 0.571,
    "Triggers": [],
    "Execution Time": 1.271
  }
]