[
  {
    "Plan": {
      "Node Type": "Aggregate",
      "Strategy": "Plain",
      "Partial Mode": "Finalize",
      "Parallel Aware": false,
      "Startup Cost": 476454.34,
      "Total Cost": 476454.35,
      "Plan Rows": 1,
      "Plan Width": 8,
      "Actual Startup Time": 2420.428,
      "Actual Total Time": 2449.333,
      "Actual Rows": 1,
      "Actual Loops": 1,
      "Plans": [
        {
          "Node Type": "Gather",
          "Parent Relationship": "Outer",
          "Parallel Aware": false,
          "Startup Cost": 476453.71,
          "Total Cost": 476454.32,
          "Plan Rows": 6,
          "Plan Width": 8,
          "Actual Startup Time": 2394.189,
          "Actual Total Time": 2449.321,
          "Actual Rows": 7,
          "Actual Loops": 1,
          "Workers Planned": 6,
          "Workers Launched": 6,
          "Single Copy": false,
          "Plans": [
            {
              "Node Type": "Aggregate",
              "Strategy": "Plain",
              "Partial Mode": "Partial",
              "Parent Relationship": "Outer",
              "Parallel Aware": false,
              "Startup Cost": 475453.71,
              "Total Cost": 475453.72,
              "Plan Rows": 1,
              "Plan Width": 8,
              "Actual Startup Time": 2375.198,
              "Actual Total Time": 2375.203,
              "Actual Rows": 1,
              "Actual Loops": 7,
              "Plans": [
                {
                  "Node Type": "Hash Join",
                  "Parent Relationship": "Outer",
                  "Parallel Aware": true,
                  "Join Type": "Inner",
                  "Startup Cost": 103074.08,
                  "Total Cost": 468280.03,
                  "Plan Rows": 2869471,
                  "Plan Width": 0,
                  "Actual Startup Time": 598.543,
                  "Actual Total Time": 2064.683,
                  "Actual Rows": 6914346,
                  "Actual Loops": 7,
                  "Inner Unique": false,
                  "Hash Cond": "(ci.movie_id = t.id)",
                  "Plans": [
                    {
                      "Node Type": "Seq Scan",
                      "Parent Relationship": "Outer",
                      "Parallel Aware": true,
                      "Relation Name": "cast_info",
                      "Alias": "ci",
                      "Startup Cost": 0.0,
                      "Total Cost": 343318.94,
                      "Plan Rows": 3368174,
                      "Plan Width": 4,
                      "Actual Startup Time": 194.823,
                      "Actual Total Time": 619.258,
                      "Actual Rows": 2648920,
                      "Actual Loops": 7,
                      "Filter": "((person_id < 3166028) AND (role_id > 1))",
                      "Rows Removed by Filter": 2528844
                    },
                    {
                      "Node Type": "Hash",
                      "Parent Relationship": "Inner",
                      "Parallel Aware": true,
                      "Startup Cost": 94388.72,
                      "Total Cost": 94388.72,
                      "Plan Rows": 694829,
                      "Plan Width": 8,
                      "Actual Startup Time": 397.25,
                      "Actual Total Time": 397.253,
                      "Actual Rows": 255440,
                      "Actual Loops": 7,
                      "Hash Buckets": 4194304,
                      "Original Hash Buckets": 4194304,
                      "Hash Batches": 1,
                      "Original Hash Batches": 1,
                      "Peak Memory Usage": 102784,
                      "Plans": [
                        {
                          "Node Type": "Hash Join",
                          "Parent Relationship": "Outer",
                          "Parallel Aware": true,
                          "Join Type": "Inner",
                          "Startup Cost": 48676.94,
                          "Total Cost": 94388.72,
                          "Plan Rows": 694829,
                          "Plan Width": 8,
                          "Actual Startup Time": 171.059,
                          "Actual Total Time": 311.269,
                          "Actual Rows": 255440,
                          "Actual Loops": 7,
                          "Inner Unique": true,
                          "Hash Cond": "(mk.movie_id = t.id)",
                          "Plans": [
                            {
                              "Node Type": "Seq Scan",
                              "Parent Relationship": "Outer",
                              "Parallel Aware": true,
                              "Relation Name": "movie_keyword",
                              "Alias": "mk",
                              "Startup Cost": 0.0,
                              "Total Cost": 42695.65,
                              "Plan Rows": 1148999,
                              "Plan Width": 4,
                              "Actual Startup Time": 0.034,
                              "Actual Total Time": 70.302,
                              "Actual Rows": 508727,
                              "Actual Loops": 7,
                              "Filter": "(keyword_id > 903)",
                              "Rows Removed by Filter": 137548
                            },
                            {
                              "Node Type": "Hash",
                              "Parent Relationship": "Inner",
                              "Parallel Aware": true,
                              "Startup Cost": 43899.01,
                              "Total Cost": 43899.01,
                              "Plan Rows": 382235,
                              "Plan Width": 4,
                              "Actual Startup Time": 169.351,
                              "Actual Total Time": 169.352,
                              "Actual Rows": 218802,
                              "Actual Loops": 7,
                              "Hash Buckets": 2097152,
                              "Original Hash Buckets": 2097152,
                              "Hash Batches": 1,
                              "Original Hash Batches": 1,
                              "Peak Memory Usage": 76416,
                              "Plans": [
                                {
                                  "Node Type": "Seq Scan",
                                  "Parent Relationship": "Outer",
                                  "Parallel Aware": true,
                                  "Relation Name": "title",
                                  "Alias": "t",
                                  "Startup Cost": 0.0,
                                  "Total Cost": 43899.01,
                                  "Plan Rows": 382235,
                                  "Plan Width": 4,
                                  "Actual Startup Time": 0.05,
                                  "Actual Total Time": 73.385,
                                  "Actual Rows": 218802,
                                  "Actual Loops": 7,
                                  "Filter": "(production_year > 1997)",
                                  "Rows Removed by Filter": 142386
                                }
                              ]
                            }
                          ]
                        }
                      ]
                    }
                  ]
                }
              ]
            }
          ]
        }
      ]
    },
    "Planning Time": 1.322,
    "Triggers": [],
    "Execution Time": 2449.418
  }
]