[
  {
    "Plan": {
      "Node Type": "Aggregate",
      "Strategy": "Plain",
      "Partial Mode": "Finalize",
      "Parallel Aware": false,
      "Startup Cost": 476796.0,
      "Total Cost": 476796.01,
      "Plan Rows": 1,
      "Plan Width": 8,
      "Actual Startup Time": 2478.115,
      "Actual Total Time": 2538.201,
      "Actual Rows": 1,
      "Actual Loops": 1,
      "Plans": [
        {
          "Node Type": "Gather",
          "Parent Relationship": "Outer",
          "Parallel Aware": false,
          "Startup Cost": 476795.37,
          "Total Cost": 476795.98,
          "Plan Rows": 6,
          "Plan Width": 8,
          "Actual Startup Time": 2461.489,
          "Actual Total Time": 2538.19,
          "Actual Rows": 7,
          "Actual Loops": 1,
          "Workers Planned": 6,
          "Workers Launched": 6,
          "Single Copy": false,
          "Plans": [
            {
              "Node Type": "Aggregate",
              "Strategy": "Plain",
              "Partial Mode": "Partial",
              "Parent Relationship": "Outer",
              "Parallel Aware": false,
              "Startup Cost": 475795.37,
              "Total Cost": 475795.38,
              "Plan Rows": 1,
              "Plan Width": 8,
              "Actual Startup Time": 2439.757,
              "Actual Total Time": 2440.091,
              "Actual Rows": 1,
              "Actual Loops": 7,
              "Plans": [
                {
                  "Node Type": "Hash Join",
                  "Parent Relationship": "Outer",
                  "Parallel Aware": true,
                  "Join Type": "Inner",
                  "Startup Cost": 103163.39,
                  "Total Cost": 468522.84,
                  "Plan Rows": 2909012,
                  "Plan Width": 0,
                  "Actual Startup Time": 629.47,
                  "Actual Total Time": 2156.446,
                  "Actual Rows": 6914346,
                  "Actual Loops": 7,
                  "Inner Unique": false,
                  "Hash Cond": "(ci.movie_id = t.id)",
                  "Plans": [
                    {
                      "Node Type": "Seq Scan",
                      "Parent Relationship": "Outer",
                      "Parallel Aware": true,
                      "Relation Name": "cast_info",
                      "Alias": "ci",
                      "Startup Cost": 0.0,
                      "Total Cost": 343257.03,
                      "Plan Rows": 3391602,
                      "Plan Width": 4,
                      "Actual Startup Time": 207.357,
                      "Actual Total Time": 662.106,
                      "Actual Rows": 2648920,
                      "Actual Loops": 7,
                      "Filter": "((person_id < 3166028) AND (role_id > 1))",
                      "Rows Removed by Filter": 2528844
                    },
                    {
                      "Node Type": "Hash",
                      "Parent Relationship": "Inner",
                      "Parallel Aware": true,
                      "Startup Cost": 94419.27,
                      "Total Cost": 94419.27,
                      "Plan Rows": 699530,
                      "Plan Width": 8,
                      "Actual Startup Time": 415.161,
                      "Actual Total Time": 415.494,
                      "Actual Rows": 255440,
                      "Actual Loops": 7,
                      "Hash Buckets": 4194304,
                      "Original Hash Buckets": 4194304,
                      "Hash Batches": 1,
                      "Original Hash Batches": 1,
                      "Peak Memory Usage": 102848,
                      "Plans": [
                        {
                          "Node Type": "Hash Join",
                          "Parent Relationship": "Outer",
                          "Parallel Aware": true,
                          "Join Type": "Inner",
                          "Startup Cost": 48704.74,
                          "Total Cost": 94419.27,
                          "Plan Rows": 699530,
                          "Plan Width": 8,
                          "Actual Startup Time": 181.952,
                          "Actual Total Time": 331.561,
                          "Actual Rows": 255440,
                          "Actual Loops": 7,
                          "Inner Unique": true,
                          "Hash Cond": "(mk.movie_id = t.id)",
                          "Plans": [
                            {
                              "Node Type": "Seq Scan",
                              "Parent Relationship": "Outer",
                              "Parallel Aware": true,
                              "Relation Name": "movie_keyword",
                              "Alias": "mk",
                              "Startup Cost": 0.0,
                              "Total Cost": 42695.65,
                              "Plan Rows": 1150048,
                              "Plan Width": 4,
                              "Actual Startup Time": 0.05,
                              "Actual Total Time": 75.895,
                              "Actual Rows": 508727,
                              "Actual Loops": 7,
                              "Filter": "(keyword_id > 903)",
                              "Rows Removed by Filter": 137548
                            },
                            {
                              "Node Type": "Hash",
                              "Parent Relationship": "Inner",
                              "Parallel Aware": true,
                              "Startup Cost": 43898.92,
                              "Total Cost": 43898.92,
                              "Plan Rows": 384466,
                              "Plan Width": 4,
                              "Actual Startup Time": 180.187,
                              "Actual Total Time": 180.188,
                              "Actual Rows": 218802,
                              "Actual Loops": 7,
                              "Hash Buckets": 2097152,
                              "Original Hash Buckets": 2097152,
                              "Hash Batches": 1,
                              "Original Hash Batches": 1,
                              "Peak Memory Usage": 76416,
                              "Plans": [
                                {
                                  "Node Type": "Seq Scan",
                                  "Parent Relationship": "Outer",
                                  "Parallel Aware": true,
                                  "Relation Name": "title",
                                  "Alias": "t",
                                  "Startup Cost": 0.0,
                                  "Total Cost": 43898.92,
                                  "Plan Rows": 384466,
                                  "Plan Width": 4,
                                  "Actual Startup Time": 0.042,
                                  "Actual Total Time": 78.579,
                                  "Actual Rows": 218802,
                                  "Actual Loops": 7,
                                  "Filter": "(production_year > 1997)",
                                  "Rows Removed by Filter": 142386
                                }
                              ]
                            }
                          ]
                        }
                      ]
                    }
                  ]
                }
              ]
            }
          ]
        }
      ]
    },
    "Planning Time": 1.327,
    "Triggers": [],
    "Execution Time": 2538.296
  }
]