[
  {
    "Plan": {
      "Node Type": "Aggregate",
      "Strategy": "Plain",
      "Partial Mode": "Simple",
      "Parallel Aware": false,
      "Startup Cost": 17145.84,
      "Total Cost": 17145.85,
      "Plan Rows": 1,
      "Plan Width": 8,
      "Actual Startup Time": 4576.692,
      "Actual Total Time": 4576.699,
      "Actual Rows": 1,
      "Actual Loops": 1,
      "Plans": [
        {
          "Node Type": "Nested Loop",
          "Parent Relationship": "Outer",
          "Parallel Aware": false,
          "Join Type": "Inner",
          "Startup Cost": 11.68,
          "Total Cost": 17145.84,
          "Plan Rows": 1,
          "Plan Width": 0,
          "Actual Startup Time": 29.807,
          "Actual Total Time": 4573.748,
          "Actual Rows": 11128,
          "Actual Loops": 1,
          "Inner Unique": false,
          "Plans": [
            {
              "Node Type": "Nested Loop",
              "Parent Relationship": "Outer",
              "Parallel Aware": false,
              "Join Type": "Inner",
              "Startup Cost": 11.68,
              "Total Cost": 17143.41,
              "Plan Rows": 1,
              "Plan Width": 4,
              "Actual Startup Time": 29.743,
              "Actual Total Time": 4454.661,
              "Actual Rows": 11128,
              "Actual Loops": 1,
              "Inner Unique": true,
              "Join Filter": "(mi.movie_id = t.id)",
              "Rows Removed by Join Filter": 0,
              "Plans": [
                {
                  "Node Type": "Nested Loop",
                  "Parent Relationship": "Outer",
                  "Parallel Aware": false,
                  "Join Type": "Inner",
                  "Startup Cost": 11.25,
                  "Total Cost": 17139.92,
                  "Plan Rows": 7,
                  "Plan Width": 12,
                  "Actual Startup Time": 29.568,
                  "Actual Total Time": 4321.19,
                  "Actual Rows": 11128,
                  "Actual Loops": 1,
                  "Inner Unique": false,
                  "Plans": [
                    {
                      "Node Type": "Nested Loop",
                      "Parent Relationship": "Outer",
                      "Parallel Aware": false,
                      "Join Type": "Inner",
                      "Startup Cost": 10.82,
                      "Total Cost": 16476.94,
                      "Plan Rows": 438,
                      "Plan Width": 4,
                      "Actual Startup Time": 28.918,
                      "Actual Total Time": 2148.145,
                      "Actual Rows": 29726,
                      "Actual Loops": 1,
                      "Inner Unique": false,
                      "Plans": [
                        {
                          "Node Type": "Seq Scan",
                          "Parent Relationship": "Outer",
                          "Parallel Aware": false,
                          "Relation Name": "keyword",
                          "Alias": "k",
                          "Startup Cost": 0.0,
                          "Total Cost": 2626.12,
                          "Plan Rows": 13,
                          "Plan Width": 4,
                          "Actual Startup Time": 0.173,
                          "Actual Total Time": 133.689,
                          "Actual Rows": 554,
                          "Actual Loops": 1,
                          "Filter": "(keyword ~~* '%love%'::text)",
                          "Rows Removed by Filter": 133616
                        },
                        {
                          "Node Type": "Bitmap Heap Scan",
                          "Parent Relationship": "Inner",
                          "Parallel Aware": false,
                          "Relation Name": "movie_keyword",
                          "Alias": "mk",
                          "Startup Cost": 10.82,
                          "Total Cost": 1062.37,
                          "Plan Rows": 308,
                          "Plan Width": 8,
                          "Actual Startup Time": 3.119,
                          "Actual Total Time": 3.614,
                          "Actual Rows": 54,
                          "Actual Loops": 554,
                          "Recheck Cond": "(keyword_id = k.id)",
                          "Rows Removed by Index Recheck": 0,
                          "Exact Heap Blocks": 24452,
                          "Lossy Heap Blocks": 0,
                          "Plans": [
                            {
                              "Node Type": "Bitmap Index Scan",
                              "Parent Relationship": "Outer",
                              "Parallel Aware": false,
                              "Index Name": "keyword_id_movie_keyword",
                              "Startup Cost": 0.0,
                              "Total Cost": 10.74,
                              "Plan Rows": 308,
                              "Plan Width": 0,
                              "Actual Startup Time": 3.093,
                              "Actual Total Time": 3.093,
                              "Actual Rows": 54,
                              "Actual Loops": 554,
                              "Index Cond": "(keyword_id = k.id)"
                            }
                          ]
                        }
                      ]
                    },
                    {
                      "Node Type": "Index Scan",
                      "Parent Relationship": "Inner",
                      "Parallel Aware": false,
                      "Scan Direction": "Forward",
                      "Index Name": "movie_id_movie_info",
                      "Relation Name": "movie_info",
                      "Alias": "mi",
                      "Startup Cost": 0.43,
                      "Total Cost": 1.5,
                      "Plan Rows": 1,
                      "Plan Width": 8,
                      "Actual Startup Time": 0.072,
                      "Actual Total Time": 0.072,
                      "Actual Rows": 0,
                      "Actual Loops": 29726,
                      "Index Cond": "(movie_id = mk.movie_id)",
                      "Rows Removed by Index Recheck": 0,
                      "Filter": "((info ~~* '%romance%'::text) AND (info_type_id = 3))",
                      "Rows Removed by Filter": 53
                    }
                  ]
                },
                {
                  "Node Type": "Index Only Scan",
                  "Parent Relationship": "Inner",
                  "Parallel Aware": false,
                  "Scan Direction": "Forward",
                  "Index Name": "title_pkey",
                  "Relation Name": "title",
                  "Alias": "t",
                  "Startup Cost": 0.43,
                  "Total Cost": 0.49,
                  "Plan Rows": 1,
                  "Plan Width": 4,
                  "Actual Startup Time": 0.011,
                  "Actual Total Time": 0.011,
                  "Actual Rows": 1,
                  "Actual Loops": 11128,
                  "Index Cond": "(id = mk.movie_id)",
                  "Rows Removed by Index Recheck": 0,
                  "Heap Fetches": 11128
                }
              ]
            },
            {
              "Node Type": "Seq Scan",
              "Parent Relationship": "Inner",
              "Parallel Aware": false,
              "Relation Name": "info_type",
              "Alias": "it",
              "Startup Cost": 0.0,
              "Total Cost": 2.41,
              "Plan Rows": 1,
              "Plan Width": 4,
              "Actual Startup Time": 0.003,
              "Actual Total Time": 0.009,
              "Actual Rows": 1,
              "Actual Loops": 11128,
              "Filter": "(id = 3)",
              "Rows Removed by Filter": 112
            }
          ]
        }
      ]
    },
    "Planning Time": 8.374,
    "Triggers": [],
    "Execution Time": 4577.131
  }
]