[
  {
    "Plan": {
      "Node Type": "Aggregate",
      "Strategy": "Plain",
      "Partial Mode": "Finalize",
      "Parallel Aware": false,
      "Startup Cost": 175254.99,
      "Total Cost": 175255.0,
      "Plan Rows": 1,
      "Plan Width": 8,
      "Actual Startup Time": 113.509,
      "Actual Total Time": 129.489,
      "Actual Rows": 1,
      "Actual Loops": 1,
      "Plans": [
        {
          "Node Type": "Gather",
          "Parent Relationship": "Outer",
          "Parallel Aware": false,
          "Startup Cost": 175254.57,
          "Total Cost": 175254.98,
          "Plan Rows": 4,
          "Plan Width": 8,
          "Actual Startup Time": 113.375,
          "Actual Total Time": 129.481,
          "Actual Rows": 5,
          "Actual Loops": 1,
          "Workers Planned": 4,
          "Workers Launched": 4,
          "Single Copy": false,
          "Plans": [
            {
              "Node Type": "Aggregate",
              "Strategy": "Plain",
              "Partial Mode": "Partial",
              "Parent Relationship": "Outer",
              "Parallel Aware": false,
              "Startup Cost": 174254.57,
              "Total Cost": 174254.58,
              "Plan Rows": 1,
              "Plan Width": 8,
              "Actual Startup Time": 103.932,
              "Actual Total Time": 103.933,
              "Actual Rows": 1,
              "Actual Loops": 5,
              "Plans": [
                {
                  "Node Type": "Nested Loop",
                  "Parent Relationship": "Outer",
                  "Parallel Aware": false,
                  "Join Type": "Inner",
                  "Startup Cost": 0.43,
                  "Total Cost": 174237.08,
                  "Plan Rows": 6998,
                  "Plan Width": 0,
                  "Actual Startup Time": 0.591,
                  "Actual Total Time": 103.307,
                  "Actual Rows": 7058,
                  "Actual Loops": 5,
                  "Inner Unique": false,
                  "Plans": [
                    {
                      "Node Type": "Seq Scan",
                      "Parent Relationship": "Outer",
                      "Parallel Aware": true,
                      "Relation Name": "title",
                      "Alias": "t",
                      "Startup Cost": 0.0,
                      "Total Cost": 45479.1,
                      "Plan Rows": 1197,
                      "Plan Width": 4,
                      "Actual Startup Time": 0.377,
                      "Actual Total Time": 79.038,
                      "Actual Rows": 1041,
                      "Actual Loops": 5,
                      "Filter": "((kind_id > 1) AND (production_year = 1955))",
                      "Rows Removed by Filter": 504621
                    },
                    {
                      "Node Type": "Index Only Scan",
                      "Parent Relationship": "Inner",
                      "Parallel Aware": false,
                      "Scan Direction": "Forward",
                      "Index Name": "movie_id_movie_info",
                      "Relation Name": "movie_info",
                      "Alias": "mi",
                      "Startup Cost": 0.43,
                      "Total Cost": 107.15,
                      "Plan Rows": 42,
                      "Plan Width": 4,
                      "Actual Startup Time": 0.01,
                      "Actual Total Time": 0.022,
                      "Actual Rows": 7,
                      "Actual Loops": 5206,
                      "Index Cond": "(movie_id = t.id)",
                      "Rows Removed by Index Recheck": 0,
                      "Heap Fetches": 35292
                    }
                  ]
                }
              ]
            }
          ]
        }
      ]
    },
    "Planning Time": 0.633,
    "Triggers": [],
    "Execution Time": 129.564
  }
]