[
  {
    "Plan": {
      "Node Type": "Aggregate",
      "Strategy": "Plain",
      "Partial Mode": "Finalize",
      "Parallel Aware": false,
      "Startup Cost": 364626.7,
      "Total Cost": 364626.71,
      "Plan Rows": 1,
      "Plan Width": 8,
      "Actual Startup Time": 1762.3,
      "Actual Total Time": 1800.392,
      "Actual Rows": 1,
      "Actual Loops": 1,
      "Plans": [
        {
          "Node Type": "Gather",
          "Parent Relationship": "Outer",
          "Parallel Aware": false,
          "Startup Cost": 364626.48,
          "Total Cost": 364626.69,
          "Plan Rows": 2,
          "Plan Width": 8,
          "Actual Startup Time": 1740.179,
          "Actual Total Time": 1800.381,
          "Actual Rows": 3,
          "Actual Loops": 1,
          "Workers Planned": 2,
          "Workers Launched": 2,
          "Single Copy": false,
          "Plans": [
            {
              "Node Type": "Aggregate",
              "Strategy": "Plain",
              "Partial Mode": "Partial",
              "Parent Relationship": "Outer",
              "Parallel Aware": false,
              "Startup Cost": 363626.48,
              "Total Cost": 363626.49,
              "Plan Rows": 1,
              "Plan Width": 8,
              "Actual Startup Time": 1729.942,
              "Actual Total Time": 1730.173,
              "Actual Rows": 1,
              "Actual Loops": 3,
              "Plans": [
                {
                  "Node Type": "Hash Join",
                  "Parent Relationship": "Outer",
                  "Parallel Aware": true,
                  "Join Type": "Inner",
                  "Startup Cost": 346246.38,
                  "Total Cost": 362703.29,
                  "Plan Rows": 369276,
                  "Plan Width": 0,
                  "Actual Startup Time": 1418.386,
                  "Actual Total Time": 1685.949,
                  "Actual Rows": 648084,
                  "Actual Loops": 3,
                  "Inner Unique": false,
                  "Hash Cond": "(mi_idx.movie_id = t.id)",
                  "Plans": [
                    {
                      "Node Type": "Seq Scan",
                      "Parent Relationship": "Outer",
                      "Parallel Aware": true,
                      "Relation Name": "movie_info_idx",
                      "Alias": "mi_idx",
                      "Startup Cost": 0.0,
                      "Total Cost": 13685.15,
                      "Plan Rows": 575015,
                      "Plan Width": 4,
                      "Actual Startup Time": 0.034,
                      "Actual Total Time": 55.184,
                      "Actual Rows": 460012,
                      "Actual Loops": 3
                    },
                    {
                      "Node Type": "Hash",
                      "Parent Relationship": "Inner",
                      "Parallel Aware": true,
                      "Startup Cost": 342863.72,
                      "Total Cost": 342863.72,
                      "Plan Rows": 270613,
                      "Plan Width": 8,
                      "Actual Startup Time": 1408.564,
                      "Actual Total Time": 1408.793,
                      "Actual Rows": 552750,
                      "Actual Loops": 3,
                      "Hash Buckets": 2097152,
                      "Original Hash Buckets": 2097152,
                      "Hash Batches": 1,
                      "Original Hash Batches": 1,
                      "Peak Memory Usage": 81312,
                      "Plans": [
                        {
                          "Node Type": "Hash Join",
                          "Parent Relationship": "Outer",
                          "Parallel Aware": true,
                          "Join Type": "Inner",
                          "Startup Cost": 86083.7,
                          "Total Cost": 342863.72,
                          "Plan Rows": 270613,
                          "Plan Width": 8,
                          "Actual Startup Time": 662.032,
                          "Actual Total Time": 1152.23,
                          "Actual Rows": 552750,
                          "Actual Loops": 3,
                          "Inner Unique": true,
                          "Hash Cond": "(ci.movie_id = t.id)",
                          "Plans": [
                            {
                              "Node Type": "Bitmap Heap Scan",
                              "Parent Relationship": "Outer",
                              "Parallel Aware": true,
                              "Relation Name": "cast_info",
                              "Alias": "ci",
                              "Startup Cost": 35864.05,
                              "Total Cost": 291933.71,
                              "Plan Rows": 270613,
                              "Plan Width": 4,
                              "Actual Startup Time": 108.764,
                              "Actual Total Time": 213.035,
                              "Actual Rows": 552750,
                              "Actual Loops": 3,
                              "Recheck Cond": "(person_id < 165388)",
                              "Rows Removed by Index Recheck": 0,
                              "Exact Heap Blocks": 6101,
                              "Lossy Heap Blocks": 0,
                              "Plans": [
                                {
                                  "Node Type": "Bitmap Index Scan",
                                  "Parent Relationship": "Outer",
                                  "Parallel Aware": false,
                                  "Index Name": "person_id_cast_info",
                                  "Startup Cost": 0.0,
                                  "Total Cost": 35458.14,
                                  "Plan Rows": 1623676,
                                  "Plan Width": 0,
                                  "Actual Startup Time": 104.464,
                                  "Actual Total Time": 104.465,
                                  "Actual Rows": 1658249,
                                  "Actual Loops": 1,
                                  "Index Cond": "(person_id < 165388)"
                                }
                              ]
                            },
                            {
                              "Node Type": "Hash",
                              "Parent Relationship": "Inner",
                              "Parallel Aware": true,
                              "Startup Cost": 42318.73,
                              "Total Cost": 42318.73,
                              "Plan Rows": 632073,
                              "Plan Width": 4,
                              "Actual Startup Time": 541.737,
                              "Actual Total Time": 541.738,
                              "Actual Rows": 842771,
                              "Actual Loops": 3,
                              "Hash Buckets": 4194304,
                              "Original Hash Buckets": 4194304,
                              "Hash Batches": 1,
                              "Original Hash Batches": 1,
                              "Peak Memory Usage": 131744,
                              "Plans": [
                                {
                                  "Node Type": "Seq Scan",
                                  "Parent Relationship": "Outer",
                                  "Parallel Aware": true,
                                  "Relation Name": "title",
                                  "Alias": "t",
                                  "Startup Cost": 0.0,
                                  "Total Cost": 42318.73,
                                  "Plan Rows": 632073,
                                  "Plan Width": 4,
                                  "Actual Startup Time": 0.041,
                                  "Actual Total Time": 159.635,
                                  "Actual Rows": 842771,
                                  "Actual Loops": 3
                                }
                              ]
                            }
                          ]
                        }
                      ]
                    }
                  ]
                }
              ]
            }
          ]
        }
      ]
    },
    "Planning Time": 1.103,
    "Triggers": [],
    "Execution Time": 1800.496
  }
]