[
  {
    "Plan": {
      "Node Type": "Aggregate",
      "Strategy": "Plain",
      "Partial Mode": "Simple",
      "Parallel Aware": false,
      "Startup Cost": 28317.17,
      "Total Cost": 28317.18,
      "Plan Rows": 1,
      "Plan Width": 8,
      "Actual Startup Time": 50.537,
      "Actual Total Time": 50.538,
      "Actual Rows": 1,
      "Actual Loops": 1,
      "Plans": [
        {
          "Node Type": "Bitmap Heap Scan",
          "Parent Relationship": "Outer",
          "Parallel Aware": false,
          "Relation Name": "movie_keyword",
          "Alias": "mk",
          "Startup Cost": 2263.12,
          "Total Cost": 28050.5,
          "Plan Rows": 106670,
          "Plan Width": 0,
          "Actual Startup Time": 12.049,
          "Actual Total Time": 46.1,
          "Actual Rows": 106389,
          "Actual Loops": 1,
          "Recheck Cond": "(keyword_id > 80873)",
          "Rows Removed by Index Recheck": 0,
          "Exact Heap Blocks": 17660,
          "Lossy Heap Blocks": 0,
          "Plans": [
            {
              "Node Type": "Bitmap Index Scan",
              "Parent Relationship": "Outer",
              "Parallel Aware": false,
              "Index Name": "keyword_id_movie_keyword",
              "Startup Cost": 0.0,
              "Total Cost": 2236.46,
              "Plan Rows": 106670,
              "Plan Width": 0,
              "Actual Startup Time": 8.959,
              "Actual Total Time": 8.959,
              "Actual Rows": 106389,
              "Actual Loops": 1,
              "Index Cond": "(keyword_id > 80873)"
            }
          ]
        }
      ]
    },
    "Planning Time": 0.098,
    "Triggers": [],
    "Execution Time": 50.57
  }
]