[
  {
    "Plan": {
      "Node Type": "Aggregate",
      "Strategy": "Plain",
      "Partial Mode": "Simple",
      "Parallel Aware": false,
      "Startup Cost": 28326.25,
      "Total Cost": 28326.26,
      "Plan Rows": 1,
      "Plan Width": 8,
      "Actual Startup Time": 85.931,
      "Actual Total Time": 85.934,
      "Actual Rows": 1,
      "Actual Loops": 1,
      "Plans": [
        {
          "Node Type": "Bitmap Heap Scan",
          "Parent Relationship": "Outer",
          "Parallel Aware": false,
          "Relation Name": "movie_keyword",
          "Alias": "mk",
          "Startup Cost": 2268.85,
          "Total Cost": 28059.02,
          "Plan Rows": 106893,
          "Plan Width": 0,
          "Actual Startup Time": 25.037,
          "Actual Total Time": 79.173,
          "Actual Rows": 106389,
          "Actual Loops": 1,
          "Recheck Cond": "(keyword_id > 80873)",
          "Rows Removed by Index Recheck": 0,
          "Exact Heap Blocks": 17660,
          "Lossy Heap Blocks": 0,
          "Plans": [
            {
              "Node Type": "Bitmap Index Scan",
              "Parent Relationship": "Outer",
              "Parallel Aware": false,
              "Index Name": "keyword_id_movie_keyword",
              "Startup Cost": 0.0,
              "Total Cost": 2242.13,
              "Plan Rows": 106893,
              "Plan Width": 0,
              "Actual Startup Time": 19.126,
              "Actual Total Time": 19.127,
              "Actual Rows": 106389,
              "Actual Loops": 1,
              "Index Cond": "(keyword_id > 80873)"
            }
          ]
        }
      ]
    },
    "Planning Time": 0.157,
    "Triggers": [],
    "Execution Time": 85.997
  }
]