{
  "Plan": {
    "Node Type": "Aggregate",
    "Strategy": "Plain",
    "Partial Mode": "Finalize",
    "Parallel Aware": false,
    "Startup Cost": 127167.86,
    "Total Cost": 127167.87,
    "Plan Rows": 1,
    "Plan Width": 8,
    "Actual Startup Time": 918.152,
    "Actual Total Time": 936.611,
    "Actual Rows": 1,
    "Actual Loops": 1,
    "Plans": [
      {
        "Node Type": "Gather",
        "Parent Relationship": "Outer",
        "Parallel Aware": false,
        "Startup Cost": 127167.75,
        "Total Cost": 127167.86,
        "Plan Rows": 1,
        "Plan Width": 8,
        "Actual Startup Time": 911.357,
        "Actual Total Time": 936.602,
        "Actual Rows": 2,
        "Actual Loops": 1,
        "Workers Planned": 1,
        "Workers Launched": 1,
        "Single Copy": false,
        "Plans": [
          {
            "Node Type": "Aggregate",
            "Strategy": "Plain",
            "Partial Mode": "Partial",
            "Parent Relationship": "Outer",
            "Parallel Aware": false,
            "Startup Cost": 126167.75,
            "Total Cost": 126167.76,
            "Plan Rows": 1,
            "Plan Width": 8,
            "Actual Startup Time": 899.72,
            "Actual Total Time": 899.725,
            "Actual Rows": 1,
            "Actual Loops": 2,
            "Plans": [
              {
                "Node Type": "Hash Join",
                "Parent Relationship": "Outer",
                "Parallel Aware": true,
                "Join Type": "Inner",
                "Startup Cost": 91124.66,
                "Total Cost": 124665.75,
                "Plan Rows": 600799,
                "Plan Width": 0,
                "Actual Startup Time": 644.79,
                "Actual Total Time": 873.251,
                "Actual Rows": 507823,
                "Actual Loops": 2,
                "Inner Unique": true,
                "Hash Cond": "(mk.movie_id = t.id)",
                "Plans": [
                  {
                    "Node Type": "Bitmap Heap Scan",
                    "Parent Relationship": "Outer",
                    "Parallel Aware": true,
                    "Relation Name": "movie_keyword",
                    "Alias": "mk",
                    "Startup Cost": 21663.96,
                    "Total Cost": 53627.96,
                    "Plan Rows": 600799,
                    "Plan Width": 4,
                    "Actual Startup Time": 53.059,
                    "Actual Total Time": 153.555,
                    "Actual Rows": 507823,
                    "Actual Loops": 2,
                    "Recheck Cond": "(keyword_id > 17777)",
                    "Rows Removed by Index Recheck": 0,
                    "Exact Heap Blocks": 15659,
                    "Lossy Heap Blocks": 0,
                    "Plans": [
                      {
                        "Node Type": "Bitmap Index Scan",
                        "Parent Relationship": "Outer",
                        "Parallel Aware": false,
                        "Index Name": "keyword_id_movie_keyword",
                        "Startup Cost": 0.0,
                        "Total Cost": 21408.62,
                        "Plan Rows": 1021359,
                        "Plan Width": 0,
                        "Actual Startup Time": 49.526,
                        "Actual Total Time": 49.527,
                        "Actual Rows": 1015646,
                        "Actual Loops": 1,
                        "Index Cond": "(keyword_id > 17777)"
                      }
                    ]
                  },
                  {
                    "Node Type": "Hash",
                    "Parent Relationship": "Inner",
                    "Parallel Aware": true,
                    "Startup Cost": 50870.31,
                    "Total Cost": 50870.31,
                    "Plan Rows": 1487231,
                    "Plan Width": 4,
                    "Actual Startup Time": 570.595,
                    "Actual Total Time": 570.596,
                    "Actual Rows": 1264156,
                    "Actual Loops": 2,
                    "Hash Buckets": 4194304,
                    "Original Hash Buckets": 4194304,
                    "Hash Batches": 1,
                    "Original Hash Batches": 1,
                    "Peak Memory Usage": 131712,
                    "Plans": [
                      {
                        "Node Type": "Seq Scan",
                        "Parent Relationship": "Outer",
                        "Parallel Aware": true,
                        "Relation Name": "title",
                        "Alias": "t",
                        "Startup Cost": 0.0,
                        "Total Cost": 50870.31,
                        "Plan Rows": 1487231,
                        "Plan Width": 4,
                        "Actual Startup Time": 0.019,
                        "Actual Total Time": 172.801,
                        "Actual Rows": 1264156,
                        "Actual Loops": 2
                      }
                    ]
                  }
                ]
              }
            ]
          }
        ]
      }
    ]
  },
  "Planning Time": 0.603,
  "Triggers": [],
  "Execution Time": 936.691
}