[
  {
    "Plan": {
      "Node Type": "Aggregate",
      "Strategy": "Plain",
      "Partial Mode": "Finalize",
      "Parallel Aware": false,
      "Startup Cost": 95824.27,
      "Total Cost": 95824.28,
      "Plan Rows": 1,
      "Plan Width": 8,
      "Actual Startup Time": 436.997,
      "Actual Total Time": 451.412,
      "Actual Rows": 1,
      "Actual Loops": 1,
      "Plans": [
        {
          "Node Type": "Gather",
          "Parent Relationship": "Outer",
          "Parallel Aware": false,
          "Startup Cost": 95823.85,
          "Total Cost": 95824.26,
          "Plan Rows": 4,
          "Plan Width": 8,
          "Actual Startup Time": 431.716,
          "Actual Total Time": 451.403,
          "Actual Rows": 5,
          "Actual Loops": 1,
          "Workers Planned": 4,
          "Workers Launched": 4,
          "Single Copy": false,
          "Plans": [
            {
              "Node Type": "Aggregate",
              "Strategy": "Plain",
              "Partial Mode": "Partial",
              "Parent Relationship": "Outer",
              "Parallel Aware": false,
              "Startup Cost": 94823.85,
              "Total Cost": 94823.86,
              "Plan Rows": 1,
              "Plan Width": 8,
              "Actual Startup Time": 421.758,
              "Actual Total Time": 421.95,
              "Actual Rows": 1,
              "Actual Loops": 5,
              "Plans": [
                {
                  "Node Type": "Hash Join",
                  "Parent Relationship": "Outer",
                  "Parallel Aware": true,
                  "Join Type": "Inner",
                  "Startup Cost": 64131.76,
                  "Total Cost": 94713.84,
                  "Plan Rows": 44004,
                  "Plan Width": 0,
                  "Actual Startup Time": 319.62,
                  "Actual Total Time": 418.744,
                  "Actual Rows": 74680,
                  "Actual Loops": 5,
                  "Inner Unique": false,
                  "Hash Cond": "(ci.movie_id = t.id)",
                  "Plans": [
                    {
                      "Node Type": "Index Scan",
                      "Parent Relationship": "Outer",
                      "Parallel Aware": true,
                      "Scan Direction": "Forward",
                      "Index Name": "role_id_cast_info",
                      "Relation Name": "cast_info",
                      "Alias": "ci",
                      "Startup Cost": 0.56,
                      "Total Cost": 29567.14,
                      "Plan Rows": 241467,
                      "Plan Width": 4,
                      "Actual Startup Time": 0.197,
                      "Actual Total Time": 41.543,
                      "Actual Rows": 210089,
                      "Actual Loops": 5,
                      "Index Cond": "(role_id = 9)",
                      "Rows Removed by Index Recheck": 0,
                      "Filter": "(person_id > 315661)",
                      "Rows Removed by Filter": 8623
                    },
                    {
                      "Node Type": "Hash",
                      "Parent Relationship": "Inner",
                      "Parallel Aware": true,
                      "Startup Cost": 62691.35,
                      "Total Cost": 62691.35,
                      "Plan Rows": 115187,
                      "Plan Width": 8,
                      "Actual Startup Time": 316.462,
                      "Actual Total Time": 316.652,
                      "Actual Rows": 91985,
                      "Actual Loops": 5,
                      "Hash Buckets": 524288,
                      "Original Hash Buckets": 524288,
                      "Hash Batches": 1,
                      "Original Hash Batches": 1,
                      "Peak Memory Usage": 22176,
                      "Plans": [
                        {
                          "Node Type": "Hash Join",
                          "Parent Relationship": "Outer",
                          "Parallel Aware": true,
                          "Join Type": "Inner",
                          "Startup Cost": 17522.41,
                          "Total Cost": 62691.35,
                          "Plan Rows": 115187,
                          "Plan Width": 8,
                          "Actual Startup Time": 85.036,
                          "Actual Total Time": 282.782,
                          "Actual Rows": 91985,
                          "Actual Loops": 5,
                          "Inner Unique": false,
                          "Hash Cond": "(t.id = mi_idx.movie_id)",
                          "Plans": [
                            {
                              "Node Type": "Seq Scan",
                              "Parent Relationship": "Outer",
                              "Parallel Aware": true,
                              "Relation Name": "title",
                              "Alias": "t",
                              "Startup Cost": 0.0,
                              "Total Cost": 42318.73,
                              "Plan Rows": 632073,
                              "Plan Width": 4,
                              "Actual Startup Time": 0.012,
                              "Actual Total Time": 69.952,
                              "Actual Rows": 505662,
                              "Actual Loops": 5
                            },
                            {
                              "Node Type": "Hash",
                              "Parent Relationship": "Inner",
                              "Parallel Aware": true,
                              "Startup Cost": 15122.68,
                              "Total Cost": 15122.68,
                              "Plan Rows": 191978,
                              "Plan Width": 4,
                              "Actual Startup Time": 83.501,
                              "Actual Total Time": 83.502,
                              "Actual Rows": 91985,
                              "Actual Loops": 5,
                              "Hash Buckets": 524288,
                              "Original Hash Buckets": 524288,
                              "Hash Batches": 1,
                              "Original Hash Batches": 1,
                              "Peak Memory Usage": 22144,
                              "Plans": [
                                {
                                  "Node Type": "Seq Scan",
                                  "Parent Relationship": "Outer",
                                  "Parallel Aware": true,
                                  "Relation Name": "movie_info_idx",
                                  "Alias": "mi_idx",
                                  "Startup Cost": 0.0,
                                  "Total Cost": 15122.68,
                                  "Plan Rows": 191978,
                                  "Plan Width": 4,
                                  "Actual Startup Time": 0.082,
                                  "Actual Total Time": 40.209,
                                  "Actual Rows": 91985,
                                  "Actual Loops": 5,
                                  "Filter": "(info_type_id = 101)",
                                  "Rows Removed by Filter": 184022
                                }
                              ]
                            }
                          ]
                        }
                      ]
                    }
                  ]
                }
              ]
            }
          ]
        }
      ]
    },
    "Planning Time": 1.407,
    "Triggers": [],
    "Execution Time": 451.505
  }
]