{
  "Plan": {
    "Node Type": "Aggregate",
    "Strategy": "Plain",
    "Partial Mode": "Finalize",
    "Parallel Aware": false,
    "Startup Cost": 331242.99,
    "Total Cost": 331243.0,
    "Plan Rows": 1,
    "Plan Width": 8,
    "Actual Startup Time": 1418.273,
    "Actual Total Time": 1468.825,
    "Actual Rows": 1,
    "Actual Loops": 1,
    "Plans": [
      {
        "Node Type": "Gather",
        "Parent Relationship": "Outer",
        "Parallel Aware": false,
        "Startup Cost": 331242.87,
        "Total Cost": 331242.98,
        "Plan Rows": 1,
        "Plan Width": 8,
        "Actual Startup Time": 1418.033,
        "Actual Total Time": 1468.817,
        "Actual Rows": 2,
        "Actual Loops": 1,
        "Workers Planned": 1,
        "Workers Launched": 1,
        "Single Copy": false,
        "Plans": [
          {
            "Node Type": "Aggregate",
            "Strategy": "Plain",
            "Partial Mode": "Partial",
            "Parent Relationship": "Outer",
            "Parallel Aware": false,
            "Startup Cost": 330242.87,
            "Total Cost": 330242.88,
            "Plan Rows": 1,
            "Plan Width": 8,
            "Actual Startup Time": 1412.754,
            "Actual Total Time": 1412.757,
            "Actual Rows": 1,
            "Actual Loops": 2,
            "Plans": [
              {
                "Node Type": "Hash Join",
                "Parent Relationship": "Outer",
                "Parallel Aware": true,
                "Join Type": "Inner",
                "Startup Cost": 58376.96,
                "Total Cost": 330160.44,
                "Plan Rows": 32972,
                "Plan Width": 0,
                "Actual Startup Time": 152.086,
                "Actual Total Time": 1406.426,
                "Actual Rows": 145886,
                "Actual Loops": 2,
                "Inner Unique": true,
                "Hash Cond": "(mi.movie_id = t.id)",
                "Plans": [
                  {
                    "Node Type": "Seq Scan",
                    "Parent Relationship": "Outer",
                    "Parallel Aware": true,
                    "Relation Name": "movie_info",
                    "Alias": "mi",
                    "Startup Cost": 0.0,
                    "Total Cost": 248955.74,
                    "Plan Rows": 8696274,
                    "Plan Width": 4,
                    "Actual Startup Time": 0.009,
                    "Actual Total Time": 605.919,
                    "Actual Rows": 7417860,
                    "Actual Loops": 2
                  },
                  {
                    "Node Type": "Hash",
                    "Parent Relationship": "Inner",
                    "Parallel Aware": true,
                    "Startup Cost": 58306.47,
                    "Total Cost": 58306.47,
                    "Plan Rows": 5639,
                    "Plan Width": 4,
                    "Actual Startup Time": 133.461,
                    "Actual Total Time": 133.462,
                    "Actual Rows": 14552,
                    "Actual Loops": 2,
                    "Hash Buckets": 32768,
                    "Original Hash Buckets": 16384,
                    "Hash Batches": 1,
                    "Original Hash Batches": 1,
                    "Peak Memory Usage": 1568,
                    "Plans": [
                      {
                        "Node Type": "Seq Scan",
                        "Parent Relationship": "Outer",
                        "Parallel Aware": true,
                        "Relation Name": "title",
                        "Alias": "t",
                        "Startup Cost": 0.0,
                        "Total Cost": 58306.47,
                        "Plan Rows": 5639,
                        "Plan Width": 4,
                        "Actual Startup Time": 84.371,
                        "Actual Total Time": 128.61,
                        "Actual Rows": 14552,
                        "Actual Loops": 2,
                        "Filter": "((kind_id < 7) AND (production_year < 1911))",
                        "Rows Removed by Filter": 1249604
                      }
                    ]
                  }
                ]
              }
            ]
          }
        ]
      }
    ]
  },
  "Planning Time": 0.249,
  "Triggers": [],
  "Execution Time": 1468.879
}