{
  "Plan": {
    "Node Type": "Aggregate",
    "Strategy": "Plain",
    "Partial Mode": "Finalize",
    "Parallel Aware": false,
    "Startup Cost": 500042.09,
    "Total Cost": 500042.1,
    "Plan Rows": 1,
    "Plan Width": 8,
    "Actual Startup Time": 773.148,
    "Actual Total Time": 817.024,
    "Actual Rows": 1,
    "Actual Loops": 1,
    "Plans": [
      {
        "Node Type": "Gather",
        "Parent Relationship": "Outer",
        "Parallel Aware": false,
        "Startup Cost": 500041.98,
        "Total Cost": 500042.09,
        "Plan Rows": 1,
        "Plan Width": 8,
        "Actual Startup Time": 772.66,
        "Actual Total Time": 817.013,
        "Actual Rows": 2,
        "Actual Loops": 1,
        "Workers Planned": 1,
        "Workers Launched": 1,
        "Single Copy": false,
        "Plans": [
          {
            "Node Type": "Aggregate",
            "Strategy": "Plain",
            "Partial Mode": "Partial",
            "Parent Relationship": "Outer",
            "Parallel Aware": false,
            "Startup Cost": 499041.98,
            "Total Cost": 499041.99,
            "Plan Rows": 1,
            "Plan Width": 8,
            "Actual Startup Time": 766.713,
            "Actual Total Time": 766.719,
            "Actual Rows": 1,
            "Actual Loops": 2,
            "Plans": [
              {
                "Node Type": "Hash Join",
                "Parent Relationship": "Outer",
                "Parallel Aware": true,
                "Join Type": "Inner",
                "Startup Cost": 409451.9,
                "Total Cost": 498853.56,
                "Plan Rows": 75368,
                "Plan Width": 0,
                "Actual Startup Time": 291.595,
                "Actual Total Time": 742.737,
                "Actual Rows": 499000,
                "Actual Loops": 2,
                "Inner Unique": false,
                "Hash Cond": "(mk.movie_id = t.id)",
                "Plans": [
                  {
                    "Node Type": "Seq Scan",
                    "Parent Relationship": "Outer",
                    "Parallel Aware": true,
                    "Relation Name": "movie_keyword",
                    "Alias": "mk",
                    "Startup Cost": 0.0,
                    "Total Cost": 57718.19,
                    "Plan Rows": 2499210,
                    "Plan Width": 4,
                    "Actual Startup Time": 0.009,
                    "Actual Total Time": 239.923,
                    "Actual Rows": 2126434,
                    "Actual Loops": 2,
                    "Filter": "(keyword_id < 58166)",
                    "Rows Removed by Filter": 135531
                  },
                  {
                    "Node Type": "Hash",
                    "Parent Relationship": "Inner",
                    "Parallel Aware": true,
                    "Startup Cost": 408891.28,
                    "Total Cost": 408891.28,
                    "Plan Rows": 44850,
                    "Plan Width": 8,
                    "Actual Startup Time": 288.783,
                    "Actual Total Time": 288.786,
                    "Actual Rows": 50086,
                    "Actual Loops": 2,
                    "Hash Buckets": 131072,
                    "Original Hash Buckets": 131072,
                    "Hash Batches": 1,
                    "Original Hash Batches": 1,
                    "Peak Memory Usage": 4960,
                    "Plans": [
                      {
                        "Node Type": "Nested Loop",
                        "Parent Relationship": "Outer",
                        "Parallel Aware": false,
                        "Join Type": "Inner",
                        "Startup Cost": 0.56,
                        "Total Cost": 408891.28,
                        "Plan Rows": 44850,
                        "Plan Width": 8,
                        "Actual Startup Time": 0.909,
                        "Actual Total Time": 275.45,
                        "Actual Rows": 50086,
                        "Actual Loops": 2,
                        "Inner Unique": false,
                        "Plans": [
                          {
                            "Node Type": "Seq Scan",
                            "Parent Relationship": "Outer",
                            "Parallel Aware": true,
                            "Relation Name": "title",
                            "Alias": "t",
                            "Startup Cost": 0.0,
                            "Total Cost": 58306.47,
                            "Plan Rows": 3130,
                            "Plan Width": 4,
                            "Actual Startup Time": 0.503,
                            "Actual Total Time": 141.076,
                            "Actual Rows": 3165,
                            "Actual Loops": 2,
                            "Filter": "((kind_id < 7) AND (production_year = 1978))",
                            "Rows Removed by Filter": 1260991
                          },
                          {
                            "Node Type": "Index Only Scan",
                            "Parent Relationship": "Inner",
                            "Parallel Aware": false,
                            "Scan Direction": "Forward",
                            "Index Name": "movie_id_cast_info",
                            "Relation Name": "cast_info",
                            "Alias": "ci",
                            "Startup Cost": 0.56,
                            "Total Cost": 111.64,
                            "Plan Rows": 37,
                            "Plan Width": 4,
                            "Actual Startup Time": 0.009,
                            "Actual Total Time": 0.04,
                            "Actual Rows": 16,
                            "Actual Loops": 6330,
                            "Index Cond": "(movie_id = t.id)",
                            "Rows Removed by Index Recheck": 0,
                            "Heap Fetches": 100172
                          }
                        ]
                      }
                    ]
                  }
                ]
              }
            ]
          }
        ]
      }
    ]
  },
  "Planning Time": 1.033,
  "Triggers": [],
  "Execution Time": 817.12
}