[
  {
    "Plan": {
      "Node Type": "Aggregate",
      "Strategy": "Plain",
      "Partial Mode": "Finalize",
      "Parallel Aware": false,
      "Startup Cost": 75076.06,
      "Total Cost": 75076.07,
      "Plan Rows": 1,
      "Plan Width": 8,
      "Actual Startup Time": 139.329,
      "Actual Total Time": 151.947,
      "Actual Rows": 1,
      "Actual Loops": 1,
      "Plans": [
        {
          "Node Type": "Gather",
          "Parent Relationship": "Outer",
          "Parallel Aware": false,
          "Startup Cost": 75075.53,
          "Total Cost": 75076.04,
          "Plan Rows": 5,
          "Plan Width": 8,
          "Actual Startup Time": 139.208,
          "Actual Total Time": 151.931,
          "Actual Rows": 6,
          "Actual Loops": 1,
          "Workers Planned": 5,
          "Workers Launched": 5,
          "Single Copy": false,
          "Plans": [
            {
              "Node Type": "Aggregate",
              "Strategy": "Plain",
              "Partial Mode": "Partial",
              "Parent Relationship": "Outer",
              "Parallel Aware": false,
              "Startup Cost": 74075.53,
              "Total Cost": 74075.54,
              "Plan Rows": 1,
              "Plan Width": 8,
              "Actual Startup Time": 133.735,
              "Actual Total Time": 133.736,
              "Actual Rows": 1,
              "Actual Loops": 6,
              "Plans": [
                {
                  "Node Type": "Index Scan",
                  "Parent Relationship": "Outer",
                  "Parallel Aware": true,
                  "Scan Direction": "Forward",
                  "Index Name": "role_id_cast_info",
                  "Relation Name": "cast_info",
                  "Alias": "ci",
                  "Startup Cost": 0.56,
                  "Total Cost": 72913.16,
                  "Plan Rows": 464951,
                  "Plan Width": 0,
                  "Actual Startup Time": 0.102,
                  "Actual Total Time": 112.935,
                  "Actual Rows": 398441,
                  "Actual Loops": 6,
                  "Index Cond": "(role_id = 4)",
                  "Rows Removed by Index Recheck": 0,
                  "Filter": "(person_id > 475683)",
                  "Rows Removed by Filter": 56382
                }
              ]
            }
          ]
        }
      ]
    },
    "Planning Time": 0.118,
    "Triggers": [],
    "Execution Time": 151.983
  }
]