[
    {
        "Bao": {
            "Bao prediction": "NaN",
            "Bao recommended hint": "(no hint)"
        }
    },
    {
        "Plan": {
            "Node Type": "Aggregate",
            "Strategy": "Plain",
            "Partial Mode": "Finalize",
            "Parallel Aware": false,
            "Startup Cost": 79467.08,
            "Total Cost": 79467.09,
            "Plan Rows": 1,
            "Plan Width": 8,
            "Actual Startup Time": 635.185,
            "Actual Total Time": 661.581,
            "Actual Rows": 1,
            "Actual Loops": 1,
            "Output": [
                "count(*)"
            ],
            "Plans": [
                {
                    "Node Type": "Gather",
                    "Parent Relationship": "Outer",
                    "Parallel Aware": false,
                    "Startup Cost": 79466.76,
                    "Total Cost": 79467.07,
                    "Plan Rows": 3,
                    "Plan Width": 8,
                    "Actual Startup Time": 623.233,
                    "Actual Total Time": 661.564,
                    "Actual Rows": 4,
                    "Actual Loops": 1,
                    "Output": [
                        "(PARTIAL count(*))"
                    ],
                    "Workers Planned": 3,
                    "Workers Launched": 3,
                    "Single Copy": false,
                    "Plans": [
                        {
                            "Node Type": "Aggregate",
                            "Strategy": "Plain",
                            "Partial Mode": "Partial",
                            "Parent Relationship": "Outer",
                            "Parallel Aware": false,
                            "Startup Cost": 78466.76,
                            "Total Cost": 78466.77,
                            "Plan Rows": 1,
                            "Plan Width": 8,
                            "Actual Startup Time": 607.933,
                            "Actual Total Time": 607.938,
                            "Actual Rows": 1,
                            "Actual Loops": 4,
                            "Output": [
                                "PARTIAL count(*)"
                            ],
                            "Workers": [
                                {
                                    "Worker Number": 0,
                                    "Actual Startup Time": 605.715,
                                    "Actual Total Time": 605.719,
                                    "Actual Rows": 1,
                                    "Actual Loops": 1
                                },
                                {
                                    "Worker Number": 1,
                                    "Actual Startup Time": 601.571,
                                    "Actual Total Time": 601.575,
                                    "Actual Rows": 1,
                                    "Actual Loops": 1
                                },
                                {
                                    "Worker Number": 2,
                                    "Actual Startup Time": 601.652,
                                    "Actual Total Time": 601.657,
                                    "Actual Rows": 1,
                                    "Actual Loops": 1
                                }
                            ],
                            "Plans": [
                                {
                                    "Node Type": "Hash Join",
                                    "Parent Relationship": "Outer",
                                    "Parallel Aware": true,
                                    "Join Type": "Inner",
                                    "Startup Cost": 53351.64,
                                    "Total Cost": 78382.96,
                                    "Plan Rows": 33523,
                                    "Plan Width": 0,
                                    "Actual Startup Time": 538.085,
                                    "Actual Total Time": 605.694,
                                    "Actual Rows": 26594,
                                    "Actual Loops": 4,
                                    "Inner Unique": true,
                                    "Hash Cond": "(mk.movie_id = t.id)",
                                    "Workers": [
                                        {
                                            "Worker Number": 0,
                                            "Actual Startup Time": 532.702,
                                            "Actual Total Time": 603.503,
                                            "Actual Rows": 24165,
                                            "Actual Loops": 1
                                        },
                                        {
                                            "Worker Number": 1,
                                            "Actual Startup Time": 532.755,
                                            "Actual Total Time": 599.367,
                                            "Actual Rows": 24989,
                                            "Actual Loops": 1
                                        },
                                        {
                                            "Worker Number": 2,
                                            "Actual Startup Time": 532.685,
                                            "Actual Total Time": 599.488,
                                            "Actual Rows": 25280,
                                            "Actual Loops": 1
                                        }
                                    ],
                                    "Plans": [
                                        {
                                            "Node Type": "Bitmap Heap Scan",
                                            "Parent Relationship": "Outer",
                                            "Parallel Aware": true,
                                            "Relation Name": "movie_keyword",
                                            "Schema": "public",
                                            "Alias": "mk",
                                            "Startup Cost": 2513.46,
                                            "Total Cost": 27444.58,
                                            "Plan Rows": 38170,
                                            "Plan Width": 4,
                                            "Actual Startup Time": 22.705,
                                            "Actual Total Time": 70.56,
                                            "Actual Rows": 27991,
                                            "Actual Loops": 4,
                                            "Output": [
                                                "mk.id",
                                                "mk.movie_id",
                                                "mk.keyword_id"
                                            ],
                                            "Recheck Cond": "(mk.keyword_id > 79745)",
                                            "Rows Removed by Index Recheck": 0,
                                            "Exact Heap Blocks": 5429,
                                            "Lossy Heap Blocks": 0,
                                            "Workers": [
                                                {
                                                    "Worker Number": 0,
                                                    "Actual Startup Time": 22.66,
                                                    "Actual Total Time": 71.604,
                                                    "Actual Rows": 25431,
                                                    "Actual Loops": 1
                                                },
                                                {
                                                    "Worker Number": 1,
                                                    "Actual Startup Time": 22.753,
                                                    "Actual Total Time": 71.697,
                                                    "Actual Rows": 26280,
                                                    "Actual Loops": 1
                                                },
                                                {
                                                    "Worker Number": 2,
                                                    "Actual Startup Time": 22.634,
                                                    "Actual Total Time": 71.828,
                                                    "Actual Rows": 26676,
                                                    "Actual Loops": 1
                                                }
                                            ],
                                            "Plans": [
                                                {
                                                    "Node Type": "Bitmap Index Scan",
                                                    "Parent Relationship": "Outer",
                                                    "Parallel Aware": false,
                                                    "Index Name": "keyword_id_movie_keyword",
                                                    "Startup Cost": 0.0,
                                                    "Total Cost": 2483.88,
                                                    "Plan Rows": 118326,
                                                    "Plan Width": 0,
                                                    "Actual Startup Time": 18.269,
                                                    "Actual Total Time": 18.27,
                                                    "Actual Rows": 111963,
                                                    "Actual Loops": 1,
                                                    "Index Cond": "(mk.keyword_id > 79745)",
                                                    "Workers": [
                                                        {
                                                            "Worker Number": 2,
                                                            "Actual Startup Time": 18.269,
                                                            "Actual Total Time": 18.27,
                                                            "Actual Rows": 111963,
                                                            "Actual Loops": 1
                                                        }
                                                    ]
                                                }
                                            ]
                                        },
                                        {
                                            "Node Type": "Hash",
                                            "Parent Relationship": "Inner",
                                            "Parallel Aware": true,
                                            "Startup Cost": 43899.01,
                                            "Total Cost": 43899.01,
                                            "Plan Rows": 555134,
                                            "Plan Width": 4,
                                            "Actual Startup Time": 504.176,
                                            "Actual Total Time": 504.177,
                                            "Actual Rows": 556142,
                                            "Actual Loops": 4,
                                            "Output": [
                                                "t.id"
                                            ],
                                            "Hash Buckets": 4194304,
                                            "Original Hash Buckets": 4194304,
                                            "Hash Batches": 1,
                                            "Original Hash Batches": 1,
                                            "Peak Memory Usage": 119840,
                                            "Workers": [
                                                {
                                                    "Worker Number": 0,
                                                    "Actual Startup Time": 509.492,
                                                    "Actual Total Time": 509.493,
                                                    "Actual Rows": 542118,
                                                    "Actual Loops": 1
                                                },
                                                {
                                                    "Worker Number": 1,
                                                    "Actual Startup Time": 509.589,
                                                    "Actual Total Time": 509.589,
                                                    "Actual Rows": 541818,
                                                    "Actual Loops": 1
                                                },
                                                {
                                                    "Worker Number": 2,
                                                    "Actual Startup Time": 509.582,
                                                    "Actual Total Time": 509.584,
                                                    "Actual Rows": 547814,
                                                    "Actual Loops": 1
                                                }
                                            ],
                                            "Plans": [
                                                {
                                                    "Node Type": "Seq Scan",
                                                    "Parent Relationship": "Outer",
                                                    "Parallel Aware": true,
                                                    "Relation Name": "title",
                                                    "Schema": "public",
                                                    "Alias": "t",
                                                    "Startup Cost": 0.0,
                                                    "Total Cost": 43899.01,
                                                    "Plan Rows": 555134,
                                                    "Plan Width": 4,
                                                    "Actual Startup Time": 0.044,
                                                    "Actual Total Time": 161.957,
                                                    "Actual Rows": 556142,
                                                    "Actual Loops": 4,
                                                    "Output": [
                                                        "t.id"
                                                    ],
                                                    "Filter": "(t.production_year < 2012)",
                                                    "Rows Removed by Filter": 75936,
                                                    "Workers": [
                                                        {
                                                            "Worker Number": 0,
                                                            "Actual Startup Time": 0.052,
                                                            "Actual Total Time": 167.711,
                                                            "Actual Rows": 542118,
                                                            "Actual Loops": 1
                                                        },
                                                        {
                                                            "Worker Number": 1,
                                                            "Actual Startup Time": 0.066,
                                                            "Actual Total Time": 167.331,
                                                            "Actual Rows": 541818,
                                                            "Actual Loops": 1
                                                        },
                                                        {
                                                            "Worker Number": 2,
                                                            "Actual Startup Time": 0.035,
                                                            "Actual Total Time": 167.504,
                                                            "Actual Rows": 547814,
                                                            "Actual Loops": 1
                                                        }
                                                    ]
                                                }
                                            ]
                                        }
                                    ]
                                }
                            ]
                        }
                    ]
                }
            ]
        },
        "Planning Time": 317.829,
        "Triggers": [],
        "Execution Time": 661.689
    }
]