{
  "Plan": {
    "Node Type": "Aggregate",
    "Strategy": "Plain",
    "Partial Mode": "Finalize",
    "Parallel Aware": false,
    "Startup Cost": 346801.4,
    "Total Cost": 346801.41,
    "Plan Rows": 1,
    "Plan Width": 8,
    "Actual Startup Time": 1934.312,
    "Actual Total Time": 1983.488,
    "Actual Rows": 1,
    "Actual Loops": 1,
    "Plans": [
      {
        "Node Type": "Gather",
        "Parent Relationship": "Outer",
        "Parallel Aware": false,
        "Startup Cost": 346801.29,
        "Total Cost": 346801.4,
        "Plan Rows": 1,
        "Plan Width": 8,
        "Actual Startup Time": 1932.822,
        "Actual Total Time": 1983.479,
        "Actual Rows": 2,
        "Actual Loops": 1,
        "Workers Planned": 1,
        "Workers Launched": 1,
        "Single Copy": false,
        "Plans": [
          {
            "Node Type": "Aggregate",
            "Strategy": "Plain",
            "Partial Mode": "Partial",
            "Parent Relationship": "Outer",
            "Parallel Aware": false,
            "Startup Cost": 345801.29,
            "Total Cost": 345801.3,
            "Plan Rows": 1,
            "Plan Width": 8,
            "Actual Startup Time": 1927.007,
            "Actual Total Time": 1927.011,
            "Actual Rows": 1,
            "Actual Loops": 2,
            "Plans": [
              {
                "Node Type": "Hash Join",
                "Parent Relationship": "Outer",
                "Parallel Aware": true,
                "Join Type": "Inner",
                "Startup Cost": 57605.23,
                "Total Cost": 342947.94,
                "Plan Rows": 1141342,
                "Plan Width": 0,
                "Actual Startup Time": 186.338,
                "Actual Total Time": 1845.993,
                "Actual Rows": 1621502,
                "Actual Loops": 2,
                "Inner Unique": true,
                "Hash Cond": "(mi.movie_id = t.id)",
                "Plans": [
                  {
                    "Node Type": "Seq Scan",
                    "Parent Relationship": "Outer",
                    "Parallel Aware": true,
                    "Relation Name": "movie_info",
                    "Alias": "mi",
                    "Startup Cost": 0.0,
                    "Total Cost": 270696.42,
                    "Plan Rows": 5579529,
                    "Plan Width": 4,
                    "Actual Startup Time": 0.018,
                    "Actual Total Time": 832.85,
                    "Actual Rows": 4782576,
                    "Actual Loops": 2,
                    "Filter": "(info_type_id < 16)",
                    "Rows Removed by Filter": 2635284
                  },
                  {
                    "Node Type": "Hash",
                    "Parent Relationship": "Inner",
                    "Parallel Aware": true,
                    "Startup Cost": 53802.41,
                    "Total Cost": 53802.41,
                    "Plan Rows": 304226,
                    "Plan Width": 4,
                    "Actual Startup Time": 148.925,
                    "Actual Total Time": 148.927,
                    "Actual Rows": 195478,
                    "Actual Loops": 2,
                    "Hash Buckets": 524288,
                    "Original Hash Buckets": 524288,
                    "Hash Batches": 1,
                    "Original Hash Batches": 1,
                    "Peak Memory Usage": 19424,
                    "Plans": [
                      {
                        "Node Type": "Bitmap Heap Scan",
                        "Parent Relationship": "Outer",
                        "Parallel Aware": true,
                        "Relation Name": "title",
                        "Alias": "t",
                        "Startup Cost": 11952.15,
                        "Total Cost": 53802.41,
                        "Plan Rows": 304226,
                        "Plan Width": 4,
                        "Actual Startup Time": 32.145,
                        "Actual Total Time": 103.687,
                        "Actual Rows": 195478,
                        "Actual Loops": 2,
                        "Recheck Cond": "(kind_id = 1)",
                        "Rows Removed by Index Recheck": 0,
                        "Filter": "(production_year > 1978)",
                        "Rows Removed by Filter": 135934,
                        "Exact Heap Blocks": 9067,
                        "Lossy Heap Blocks": 0,
                        "Plans": [
                          {
                            "Node Type": "Bitmap Index Scan",
                            "Parent Relationship": "Outer",
                            "Parallel Aware": false,
                            "Index Name": "kind_id_title",
                            "Startup Cost": 0.0,
                            "Total Cost": 11822.85,
                            "Plan Rows": 663256,
                            "Plan Width": 0,
                            "Actual Startup Time": 30.543,
                            "Actual Total Time": 30.543,
                            "Actual Rows": 662825,
                            "Actual Loops": 1,
                            "Index Cond": "(kind_id = 1)"
                          }
                        ]
                      }
                    ]
                  }
                ]
              }
            ]
          }
        ]
      }
    ]
  },
  "Planning Time": 0.377,
  "Triggers": [],
  "Execution Time": 1983.56
}