[
  {
    "Plan": {
      "Node Type": "Aggregate",
      "Strategy": "Plain",
      "Partial Mode": "Finalize",
      "Parallel Aware": false,
      "Startup Cost": 69359.7,
      "Total Cost": 69359.71,
      "Plan Rows": 1,
      "Plan Width": 8,
      "Actual Startup Time": 238.933,
      "Actual Total Time": 251.737,
      "Actual Rows": 1,
      "Actual Loops": 1,
      "Plans": [
        {
          "Node Type": "Gather",
          "Parent Relationship": "Outer",
          "Parallel Aware": false,
          "Startup Cost": 69359.28,
          "Total Cost": 69359.69,
          "Plan Rows": 4,
          "Plan Width": 8,
          "Actual Startup Time": 237.835,
          "Actual Total Time": 251.726,
          "Actual Rows": 5,
          "Actual Loops": 1,
          "Workers Planned": 4,
          "Workers Launched": 4,
          "Single Copy": false,
          "Plans": [
            {
              "Node Type": "Aggregate",
              "Strategy": "Plain",
              "Partial Mode": "Partial",
              "Parent Relationship": "Outer",
              "Parallel Aware": false,
              "Startup Cost": 68359.28,
              "Total Cost": 68359.29,
              "Plan Rows": 1,
              "Plan Width": 8,
              "Actual Startup Time": 227.923,
              "Actual Total Time": 227.928,
              "Actual Rows": 1,
              "Actual Loops": 5,
              "Plans": [
                {
                  "Node Type": "Hash Join",
                  "Parent Relationship": "Outer",
                  "Parallel Aware": true,
                  "Join Type": "Inner",
                  "Startup Cost": 22692.45,
                  "Total Cost": 68277.31,
                  "Plan Rows": 32787,
                  "Plan Width": 0,
                  "Actual Startup Time": 60.414,
                  "Actual Total Time": 225.896,
                  "Actual Rows": 26961,
                  "Actual Loops": 5,
                  "Inner Unique": false,
                  "Hash Cond": "(t.id = mc.movie_id)",
                  "Plans": [
                    {
                      "Node Type": "Seq Scan",
                      "Parent Relationship": "Outer",
                      "Parallel Aware": true,
                      "Relation Name": "title",
                      "Alias": "t",
                      "Startup Cost": 0.0,
                      "Total Cost": 42318.73,
                      "Plan Rows": 632073,
                      "Plan Width": 4,
                      "Actual Startup Time": 0.011,
                      "Actual Total Time": 77.098,
                      "Actual Rows": 505662,
                      "Actual Loops": 5
                    },
                    {
                      "Node Type": "Hash",
                      "Parent Relationship": "Inner",
                      "Parallel Aware": true,
                      "Startup Cost": 22163.64,
                      "Total Cost": 22163.64,
                      "Plan Rows": 42305,
                      "Plan Width": 4,
                      "Actual Startup Time": 58.398,
                      "Actual Total Time": 58.4,
                      "Actual Rows": 26961,
                      "Actual Loops": 5,
                      "Hash Buckets": 262144,
                      "Original Hash Buckets": 262144,
                      "Hash Batches": 1,
                      "Original Hash Batches": 1,
                      "Peak Memory Usage": 7392,
                      "Plans": [
                        {
                          "Node Type": "Bitmap Heap Scan",
                          "Parent Relationship": "Outer",
                          "Parallel Aware": true,
                          "Relation Name": "movie_companies",
                          "Alias": "mc",
                          "Startup Cost": 2844.82,
                          "Total Cost": 22163.64,
                          "Plan Rows": 42305,
                          "Plan Width": 4,
                          "Actual Startup Time": 15.333,
                          "Actual Total Time": 43.262,
                          "Actual Rows": 26961,
                          "Actual Loops": 5,
                          "Recheck Cond": "(company_id < 27)",
                          "Rows Removed by Index Recheck": 0,
                          "Exact Heap Blocks": 5129,
                          "Lossy Heap Blocks": 0,
                          "Plans": [
                            {
                              "Node Type": "Bitmap Index Scan",
                              "Parent Relationship": "Outer",
                              "Parallel Aware": false,
                              "Index Name": "company_id_movie_companies",
                              "Startup Cost": 0.0,
                              "Total Cost": 2812.03,
                              "Plan Rows": 131147,
                              "Plan Width": 0,
                              "Actual Startup Time": 14.658,
                              "Actual Total Time": 14.658,
                              "Actual Rows": 134807,
                              "Actual Loops": 1,
                              "Index Cond": "(company_id < 27)"
                            }
                          ]
                        }
                      ]
                    }
                  ]
                }
              ]
            }
          ]
        }
      ]
    },
    "Planning Time": 0.667,
    "Triggers": [],
    "Execution Time": 251.833
  }
]