[
  {
    "Plan": {
      "Node Type": "Aggregate",
      "Strategy": "Plain",
      "Partial Mode": "Finalize",
      "Parallel Aware": false,
      "Startup Cost": 47145.34,
      "Total Cost": 47145.35,
      "Plan Rows": 1,
      "Plan Width": 8,
      "Actual Startup Time": 189.496,
      "Actual Total Time": 197.834,
      "Actual Rows": 1,
      "Actual Loops": 1,
      "Plans": [
        {
          "Node Type": "Gather",
          "Parent Relationship": "Outer",
          "Parallel Aware": false,
          "Startup Cost": 47145.02,
          "Total Cost": 47145.33,
          "Plan Rows": 3,
          "Plan Width": 8,
          "Actual Startup Time": 189.382,
          "Actual Total Time": 197.824,
          "Actual Rows": 4,
          "Actual Loops": 1,
          "Workers Planned": 3,
          "Workers Launched": 3,
          "Single Copy": false,
          "Plans": [
            {
              "Node Type": "Aggregate",
              "Strategy": "Plain",
              "Partial Mode": "Partial",
              "Parent Relationship": "Outer",
              "Parallel Aware": false,
              "Startup Cost": 46145.02,
              "Total Cost": 46145.03,
              "Plan Rows": 1,
              "Plan Width": 8,
              "Actual Startup Time": 181.74,
              "Actual Total Time": 181.741,
              "Actual Rows": 1,
              "Actual Loops": 4,
              "Plans": [
                {
                  "Node Type": "Seq Scan",
                  "Parent Relationship": "Outer",
                  "Parallel Aware": true,
                  "Relation Name": "movie_keyword",
                  "Alias": "mk",
                  "Startup Cost": 0.0,
                  "Total Cost": 42695.65,
                  "Plan Rows": 1379748,
                  "Plan Width": 0,
                  "Actual Startup Time": 0.061,
                  "Actual Total Time": 131.031,
                  "Actual Rows": 1071835,
                  "Actual Loops": 4,
                  "Filter": "(keyword_id < 62445)",
                  "Rows Removed by Filter": 59147
                }
              ]
            }
          ]
        }
      ]
    },
    "Planning Time": 0.186,
    "Triggers": [],
    "Execution Time": 197.893
  }
]