[
  {
    "Plan": {
      "Node Type": "Aggregate",
      "Strategy": "Plain",
      "Partial Mode": "Finalize",
      "Parallel Aware": false,
      "Startup Cost": 340433.04,
      "Total Cost": 340433.05,
      "Plan Rows": 1,
      "Plan Width": 8,
      "Actual Startup Time": 917.982,
      "Actual Total Time": 970.895,
      "Actual Rows": 1,
      "Actual Loops": 1,
      "Plans": [
        {
          "Node Type": "Gather",
          "Parent Relationship": "Outer",
          "Parallel Aware": false,
          "Startup Cost": 340432.42,
          "Total Cost": 340433.03,
          "Plan Rows": 6,
          "Plan Width": 8,
          "Actual Startup Time": 917.799,
          "Actual Total Time": 970.878,
          "Actual Rows": 7,
          "Actual Loops": 1,
          "Workers Planned": 6,
          "Workers Launched": 6,
          "Single Copy": false,
          "Plans": [
            {
              "Node Type": "Aggregate",
              "Strategy": "Plain",
              "Partial Mode": "Partial",
              "Parent Relationship": "Outer",
              "Parallel Aware": false,
              "Startup Cost": 339432.42,
              "Total Cost": 339432.43,
              "Plan Rows": 1,
              "Plan Width": 8,
              "Actual Startup Time": 908.536,
              "Actual Total Time": 908.537,
              "Actual Rows": 1,
              "Actual Loops": 7,
              "Plans": [
                {
                  "Node Type": "Seq Scan",
                  "Parent Relationship": "Outer",
                  "Parallel Aware": true,
                  "Relation Name": "cast_info",
                  "Alias": "ci",
                  "Startup Cost": 0.0,
                  "Total Cost": 328211.39,
                  "Plan Rows": 4488410,
                  "Plan Width": 0,
                  "Actual Startup Time": 125.408,
                  "Actual Total Time": 705.332,
                  "Actual Rows": 3838440,
                  "Actual Loops": 7,
                  "Filter": "(person_id > 922830)",
                  "Rows Removed by Filter": 1339323
                }
              ]
            }
          ]
        }
      ]
    },
    "Planning Time": 0.203,
    "Triggers": [],
    "Execution Time": 970.968
  }
]