{
    "Plan": {
        "Node Type": "Aggregate",
        "Strategy": "Plain",
        "Partial Mode": "Finalize",
        "Parallel Aware": false,
        "Startup Cost": 46023.49,
        "Total Cost": 46023.5,
        "Plan Rows": 1,
        "Plan Width": 8,
        "Actual Startup Time": 275.586,
        "Actual Total Time": 289.25,
        "Actual Rows": 1,
        "Actual Loops": 1,
        "Output": [
            "count(*)"
        ],
        "Plans": [
            {
                "Node Type": "Gather",
                "Parent Relationship": "Outer",
                "Parallel Aware": false,
                "Startup Cost": 46023.18,
                "Total Cost": 46023.49,
                "Plan Rows": 3,
                "Plan Width": 8,
                "Actual Startup Time": 275.458,
                "Actual Total Time": 289.24,
                "Actual Rows": 4,
                "Actual Loops": 1,
                "Output": [
                    "(PARTIAL count(*))"
                ],
                "Workers Planned": 3,
                "Workers Launched": 3,
                "Single Copy": false,
                "Plans": [
                    {
                        "Node Type": "Aggregate",
                        "Strategy": "Plain",
                        "Partial Mode": "Partial",
                        "Parent Relationship": "Outer",
                        "Parallel Aware": false,
                        "Startup Cost": 45023.18,
                        "Total Cost": 45023.19,
                        "Plan Rows": 1,
                        "Plan Width": 8,
                        "Actual Startup Time": 264.685,
                        "Actual Total Time": 264.686,
                        "Actual Rows": 1,
                        "Actual Loops": 4,
                        "Output": [
                            "PARTIAL count(*)"
                        ],
                        "Workers": [
                            {
                                "Worker Number": 0,
                                "Actual Startup Time": 259.821,
                                "Actual Total Time": 259.822,
                                "Actual Rows": 1,
                                "Actual Loops": 1
                            },
                            {
                                "Worker Number": 1,
                                "Actual Startup Time": 263.674,
                                "Actual Total Time": 263.675,
                                "Actual Rows": 1,
                                "Actual Loops": 1
                            },
                            {
                                "Worker Number": 2,
                                "Actual Startup Time": 260.715,
                                "Actual Total Time": 260.716,
                                "Actual Rows": 1,
                                "Actual Loops": 1
                            }
                        ],
                        "Plans": [
                            {
                                "Node Type": "Seq Scan",
                                "Parent Relationship": "Outer",
                                "Parallel Aware": true,
                                "Relation Name": "movie_keyword",
                                "Schema": "public",
                                "Alias": "mk",
                                "Startup Cost": 0.0,
                                "Total Cost": 42695.65,
                                "Plan Rows": 931009,
                                "Plan Width": 0,
                                "Actual Startup Time": 0.559,
                                "Actual Total Time": 211.208,
                                "Actual Rows": 720230,
                                "Actual Loops": 4,
                                "Output": [
                                    "id",
                                    "movie_id",
                                    "keyword_id"
                                ],
                                "Filter": "(mk.keyword_id > 2489)",
                                "Rows Removed by Filter": 410752,
                                "Workers": [
                                    {
                                        "Worker Number": 0,
                                        "Actual Startup Time": 0.082,
                                        "Actual Total Time": 208.221,
                                        "Actual Rows": 549281,
                                        "Actual Loops": 1
                                    },
                                    {
                                        "Worker Number": 1,
                                        "Actual Startup Time": 0.078,
                                        "Actual Total Time": 211.447,
                                        "Actual Rows": 812883,
                                        "Actual Loops": 1
                                    },
                                    {
                                        "Worker Number": 2,
                                        "Actual Startup Time": 0.095,
                                        "Actual Total Time": 207.352,
                                        "Actual Rows": 640091,
                                        "Actual Loops": 1
                                    }
                                ]
                            }
                        ]
                    }
                ]
            }
        ]
    },
    "Planning Time": 1.95,
    "Triggers": [],
    "Execution Time": 289.543
}