[
  {
    "Plan": {
      "Node Type": "Aggregate",
      "Strategy": "Plain",
      "Partial Mode": "Finalize",
      "Parallel Aware": false,
      "Startup Cost": 54718.53,
      "Total Cost": 54718.54,
      "Plan Rows": 1,
      "Plan Width": 8,
      "Actual Startup Time": 104.139,
      "Actual Total Time": 116.728,
      "Actual Rows": 1,
      "Actual Loops": 1,
      "Plans": [
        {
          "Node Type": "Gather",
          "Parent Relationship": "Outer",
          "Parallel Aware": false,
          "Startup Cost": 54718.11,
          "Total Cost": 54718.52,
          "Plan Rows": 4,
          "Plan Width": 8,
          "Actual Startup Time": 103.976,
          "Actual Total Time": 116.72,
          "Actual Rows": 5,
          "Actual Loops": 1,
          "Workers Planned": 4,
          "Workers Launched": 4,
          "Single Copy": false,
          "Plans": [
            {
              "Node Type": "Aggregate",
              "Strategy": "Plain",
              "Partial Mode": "Partial",
              "Parent Relationship": "Outer",
              "Parallel Aware": false,
              "Startup Cost": 53718.11,
              "Total Cost": 53718.12,
              "Plan Rows": 1,
              "Plan Width": 8,
              "Actual Startup Time": 95.659,
              "Actual Total Time": 95.661,
              "Actual Rows": 1,
              "Actual Loops": 5,
              "Plans": [
                {
                  "Node Type": "Nested Loop",
                  "Parent Relationship": "Outer",
                  "Parallel Aware": false,
                  "Join Type": "Inner",
                  "Startup Cost": 0.43,
                  "Total Cost": 53714.07,
                  "Plan Rows": 1614,
                  "Plan Width": 0,
                  "Actual Startup Time": 57.034,
                  "Actual Total Time": 95.369,
                  "Actual Rows": 5434,
                  "Actual Loops": 5,
                  "Inner Unique": false,
                  "Plans": [
                    {
                      "Node Type": "Seq Scan",
                      "Parent Relationship": "Outer",
                      "Parallel Aware": true,
                      "Relation Name": "title",
                      "Alias": "t",
                      "Startup Cost": 0.0,
                      "Total Cost": 45479.59,
                      "Plan Rows": 902,
                      "Plan Width": 4,
                      "Actual Startup Time": 55.206,
                      "Actual Total Time": 84.375,
                      "Actual Rows": 838,
                      "Actual Loops": 5,
                      "Filter": "((kind_id = 1) AND (production_year = 1981))",
                      "Rows Removed by Filter": 504825
                    },
                    {
                      "Node Type": "Index Only Scan",
                      "Parent Relationship": "Inner",
                      "Parallel Aware": false,
                      "Scan Direction": "Forward",
                      "Index Name": "movie_id_movie_keyword",
                      "Relation Name": "movie_keyword",
                      "Alias": "mk",
                      "Startup Cost": 0.43,
                      "Total Cost": 8.67,
                      "Plan Rows": 46,
                      "Plan Width": 4,
                      "Actual Startup Time": 0.011,
                      "Actual Total Time": 0.012,
                      "Actual Rows": 6,
                      "Actual Loops": 4189,
                      "Index Cond": "(movie_id = t.id)",
                      "Rows Removed by Index Recheck": 0,
                      "Heap Fetches": 27168
                    }
                  ]
                }
              ]
            }
          ]
        }
      ]
    },
    "Planning Time": 0.558,
    "Triggers": [],
    "Execution Time": 116.772
  }
]