[
  {
    "Plan": {
      "Node Type": "Aggregate",
      "Strategy": "Plain",
      "Partial Mode": "Finalize",
      "Parallel Aware": false,
      "Startup Cost": 325380.85,
      "Total Cost": 325380.86,
      "Plan Rows": 1,
      "Plan Width": 8,
      "Actual Startup Time": 2817.494,
      "Actual Total Time": 2939.918,
      "Actual Rows": 1,
      "Actual Loops": 1,
      "Plans": [
        {
          "Node Type": "Gather",
          "Parent Relationship": "Outer",
          "Parallel Aware": false,
          "Startup Cost": 325380.33,
          "Total Cost": 325380.84,
          "Plan Rows": 5,
          "Plan Width": 8,
          "Actual Startup Time": 2816.961,
          "Actual Total Time": 2939.906,
          "Actual Rows": 6,
          "Actual Loops": 1,
          "Workers Planned": 5,
          "Workers Launched": 5,
          "Single Copy": false,
          "Plans": [
            {
              "Node Type": "Aggregate",
              "Strategy": "Plain",
              "Partial Mode": "Partial",
              "Parent Relationship": "Outer",
              "Parallel Aware": false,
              "Startup Cost": 324380.33,
              "Total Cost": 324380.34,
              "Plan Rows": 1,
              "Plan Width": 8,
              "Actual Startup Time": 2806.463,
              "Actual Total Time": 2806.466,
              "Actual Rows": 1,
              "Actual Loops": 6,
              "Plans": [
                {
                  "Node Type": "Nested Loop",
                  "Parent Relationship": "Outer",
                  "Parallel Aware": false,
                  "Join Type": "Inner",
                  "Startup Cost": 45611.63,
                  "Total Cost": 323998.4,
                  "Plan Rows": 152771,
                  "Plan Width": 0,
                  "Actual Startup Time": 91.498,
                  "Actual Total Time": 2771.776,
                  "Actual Rows": 693020,
                  "Actual Loops": 6,
                  "Inner Unique": false,
                  "Join Filter": "(t.id = ci.movie_id)",
                  "Rows Removed by Join Filter": 0,
                  "Plans": [
                    {
                      "Node Type": "Hash Join",
                      "Parent Relationship": "Outer",
                      "Parallel Aware": true,
                      "Join Type": "Inner",
                      "Startup Cost": 45611.06,
                      "Total Cost": 244932.83,
                      "Plan Rows": 49383,
                      "Plan Width": 8,
                      "Actual Startup Time": 91.392,
                      "Actual Total Time": 669.764,
                      "Actual Rows": 67536,
                      "Actual Loops": 6,
                      "Inner Unique": true,
                      "Hash Cond": "(mi.movie_id = t.id)",
                      "Plans": [
                        {
                          "Node Type": "Seq Scan",
                          "Parent Relationship": "Outer",
                          "Parallel Aware": true,
                          "Relation Name": "movie_info",
                          "Alias": "mi",
                          "Startup Cost": 0.0,
                          "Total Cost": 191560.33,
                          "Plan Rows": 2956733,
                          "Plan Width": 4,
                          "Actual Startup Time": 0.023,
                          "Actual Total Time": 296.219,
                          "Actual Rows": 2472620,
                          "Actual Loops": 6
                        },
                        {
                          "Node Type": "Hash",
                          "Parent Relationship": "Inner",
                          "Parallel Aware": true,
                          "Startup Cost": 45479.1,
                          "Total Cost": 45479.1,
                          "Plan Rows": 10557,
                          "Plan Width": 4,
                          "Actual Startup Time": 81.976,
                          "Actual Total Time": 81.977,
                          "Actual Rows": 6593,
                          "Actual Loops": 6,
                          "Hash Buckets": 65536,
                          "Original Hash Buckets": 65536,
                          "Hash Batches": 1,
                          "Original Hash Batches": 1,
                          "Peak Memory Usage": 2176,
                          "Plans": [
                            {
                              "Node Type": "Seq Scan",
                              "Parent Relationship": "Outer",
                              "Parallel Aware": true,
                              "Relation Name": "title",
                              "Alias": "t",
                              "Startup Cost": 0.0,
                              "Total Cost": 45479.1,
                              "Plan Rows": 10557,
                              "Plan Width": 4,
                              "Actual Startup Time": 42.619,
                              "Actual Total Time": 79.296,
                              "Actual Rows": 6593,
                              "Actual Loops": 6,
                              "Filter": "((kind_id < 2) AND (production_year = 2012))",
                              "Rows Removed by Filter": 414792
                            }
                          ]
                        }
                      ]
                    },
                    {
                      "Node Type": "Index Scan",
                      "Parent Relationship": "Inner",
                      "Parallel Aware": false,
                      "Scan Direction": "Forward",
                      "Index Name": "movie_id_cast_info",
                      "Relation Name": "cast_info",
                      "Alias": "ci",
                      "Startup Cost": 0.56,
                      "Total Cost": 1.5,
                      "Plan Rows": 8,
                      "Plan Width": 4,
                      "Actual Startup Time": 0.006,
                      "Actual Total Time": 0.03,
                      "Actual Rows": 10,
                      "Actual Loops": 405218,
                      "Index Cond": "(movie_id = mi.movie_id)",
                      "Rows Removed by Index Recheck": 0,
                      "Filter": "((person_id < 2323237) AND (role_id = 1))",
                      "Rows Removed by Filter": 24
                    }
                  ]
                }
              ]
            }
          ]
        }
      ]
    },
    "Planning Time": 1.356,
    "Triggers": [],
    "Execution Time": 2940.03
  }
]