{
  "Plan": {
    "Node Type": "Aggregate",
    "Strategy": "Plain",
    "Partial Mode": "Finalize",
    "Parallel Aware": false,
    "Startup Cost": 507610.29,
    "Total Cost": 507610.3,
    "Plan Rows": 1,
    "Plan Width": 8,
    "Actual Startup Time": 11233.843,
    "Actual Total Time": 11373.501,
    "Actual Rows": 1,
    "Actual Loops": 1,
    "Plans": [
      {
        "Node Type": "Gather",
        "Parent Relationship": "Outer",
        "Parallel Aware": false,
        "Startup Cost": 507610.18,
        "Total Cost": 507610.29,
        "Plan Rows": 1,
        "Plan Width": 8,
        "Actual Startup Time": 11221.756,
        "Actual Total Time": 11373.491,
        "Actual Rows": 2,
        "Actual Loops": 1,
        "Workers Planned": 1,
        "Workers Launched": 1,
        "Single Copy": false,
        "Plans": [
          {
            "Node Type": "Aggregate",
            "Strategy": "Plain",
            "Partial Mode": "Partial",
            "Parent Relationship": "Outer",
            "Parallel Aware": false,
            "Startup Cost": 506610.18,
            "Total Cost": 506610.19,
            "Plan Rows": 1,
            "Plan Width": 8,
            "Actual Startup Time": 11204.885,
            "Actual Total Time": 11204.897,
            "Actual Rows": 1,
            "Actual Loops": 2,
            "Plans": [
              {
                "Node Type": "Hash Join",
                "Parent Relationship": "Outer",
                "Parallel Aware": false,
                "Join Type": "Inner",
                "Startup Cost": 395350.53,
                "Total Cost": 506610.07,
                "Plan Rows": 46,
                "Plan Width": 0,
                "Actual Startup Time": 5279.919,
                "Actual Total Time": 11202.968,
                "Actual Rows": 35610,
                "Actual Loops": 2,
                "Inner Unique": true,
                "Hash Cond": "(pi.info_type_id = it2.id)",
                "Plans": [
                  {
                    "Node Type": "Hash Join",
                    "Parent Relationship": "Outer",
                    "Parallel Aware": true,
                    "Join Type": "Inner",
                    "Startup Cost": 395348.1,
                    "Total Cost": 506600.48,
                    "Plan Rows": 2627,
                    "Plan Width": 4,
                    "Actual Startup Time": 5278.067,
                    "Actual Total Time": 11187.854,
                    "Actual Rows": 228760,
                    "Actual Loops": 2,
                    "Inner Unique": false,
                    "Hash Cond": "(pi.person_id = ci.person_id)",
                    "Plans": [
                      {
                        "Node Type": "Seq Scan",
                        "Parent Relationship": "Outer",
                        "Parallel Aware": true,
                        "Relation Name": "person_info",
                        "Alias": "pi",
                        "Startup Cost": 0.0,
                        "Total Cost": 107754.36,
                        "Plan Rows": 113251,
                        "Plan Width": 8,
                        "Actual Startup Time": 0.192,
                        "Actual Total Time": 5848.753,
                        "Actual Rows": 111153,
                        "Actual Loops": 2,
                        "Filter": "((info ~~* '%uk%'::text) OR (info ~~* '%spain%'::text) OR (info ~~* '%germany%'::text) OR (info ~~* '%italy%'::text) OR (info ~~* '%croatia%'::text) OR (info ~~* '%algeria%'::text) OR (info ~~* '%south%'::text) OR (info ~~* '%austria%'::text) OR (info ~~* '%hungary%'::text))",
                        "Rows Removed by Filter": 1370679
                      },
                      {
                        "Node Type": "Hash",
                        "Parent Relationship": "Inner",
                        "Parallel Aware": true,
                        "Startup Cost": 394637.4,
                        "Total Cost": 394637.4,
                        "Plan Rows": 56856,
                        "Plan Width": 8,
                        "Actual Startup Time": 5273.728,
                        "Actual Total Time": 5273.737,
                        "Actual Rows": 526524,
                        "Actual Loops": 2,
                        "Hash Buckets": 2097152,
                        "Original Hash Buckets": 131072,
                        "Hash Batches": 1,
                        "Original Hash Batches": 1,
                        "Peak Memory Usage": 72960,
                        "Plans": [
                          {
                            "Node Type": "Hash Join",
                            "Parent Relationship": "Outer",
                            "Parallel Aware": true,
                            "Join Type": "Inner",
                            "Startup Cost": 110770.91,
                            "Total Cost": 394637.4,
                            "Plan Rows": 56856,
                            "Plan Width": 8,
                            "Actual Startup Time": 3173.475,
                            "Actual Total Time": 5087.076,
                            "Actual Rows": 526524,
                            "Actual Loops": 2,
                            "Inner Unique": true,
                            "Hash Cond": "(ci.person_id = n.id)",
                            "Plans": [
                              {
                                "Node Type": "Nested Loop",
                                "Parent Relationship": "Outer",
                                "Parallel Aware": false,
                                "Join Type": "Inner",
                                "Startup Cost": 3.43,
                                "Total Cost": 283720.68,
                                "Plan Rows": 56856,
                                "Plan Width": 4,
                                "Actual Startup Time": 1605.753,
                                "Actual Total Time": 3228.869,
                                "Actual Rows": 526524,
                                "Actual Loops": 2,
                                "Inner Unique": false,
                                "Plans": [
                                  {
                                    "Node Type": "Nested Loop",
                                    "Parent Relationship": "Outer",
                                    "Parallel Aware": false,
                                    "Join Type": "Inner",
                                    "Startup Cost": 2.87,
                                    "Total Cost": 275365.58,
                                    "Plan Rows": 3968,
                                    "Plan Width": 8,
                                    "Actual Startup Time": 1605.708,
                                    "Actual Total Time": 2527.969,
                                    "Actual Rows": 31020,
                                    "Actual Loops": 2,
                                    "Inner Unique": true,
                                    "Plans": [
                                      {
                                        "Node Type": "Hash Join",
                                        "Parent Relationship": "Outer",
                                        "Parallel Aware": false,
                                        "Join Type": "Inner",
                                        "Startup Cost": 2.44,
                                        "Total Cost": 271715.68,
                                        "Plan Rows": 3968,
                                        "Plan Width": 4,
                                        "Actual Startup Time": 1605.639,
                                        "Actual Total Time": 2438.539,
                                        "Actual Rows": 31020,
                                        "Actual Loops": 2,
                                        "Inner Unique": true,
                                        "Hash Cond": "(mi.info_type_id = it1.id)",
                                        "Plans": [
                                          {
                                            "Node Type": "Seq Scan",
                                            "Parent Relationship": "Outer",
                                            "Parallel Aware": true,
                                            "Relation Name": "movie_info",
                                            "Alias": "mi",
                                            "Startup Cost": 0.0,
                                            "Total Cost": 271102.71,
                                            "Plan Rows": 224174,
                                            "Plan Width": 8,
                                            "Actual Startup Time": 163.204,
                                            "Actual Total Time": 2425.972,
                                            "Actual Rows": 128562,
                                            "Actual Loops": 2,
                                            "Filter": "(info ~~* '%france%'::text)",
                                            "Rows Removed by Filter": 7289298
                                          },
                                          {
                                            "Node Type": "Hash",
                                            "Parent Relationship": "Inner",
                                            "Parallel Aware": false,
                                            "Startup Cost": 2.41,
                                            "Total Cost": 2.41,
                                            "Plan Rows": 2,
                                            "Plan Width": 4,
                                            "Actual Startup Time": 0.07,
                                            "Actual Total Time": 0.071,
                                            "Actual Rows": 3,
                                            "Actual Loops": 2,
                                            "Hash Buckets": 1024,
                                            "Original Hash Buckets": 1024,
                                            "Hash Batches": 1,
                                            "Original Hash Batches": 1,
                                            "Peak Memory Usage": 9,
                                            "Plans": [
                                              {
                                                "Node Type": "Seq Scan",
                                                "Parent Relationship": "Outer",
                                                "Parallel Aware": false,
                                                "Relation Name": "info_type",
                                                "Alias": "it1",
                                                "Startup Cost": 0.0,
                                                "Total Cost": 2.41,
                                                "Plan Rows": 2,
                                                "Plan Width": 4,
                                                "Actual Startup Time": 0.024,
                                                "Actual Total Time": 0.061,
                                                "Actual Rows": 3,
                                                "Actual Loops": 2,
                                                "Filter": "((info)::text ~~* '%count%'::text)",
                                                "Rows Removed by Filter": 110
                                              }
                                            ]
                                          }
                                        ]
                                      },
                                      {
                                        "Node Type": "Index Only Scan",
                                        "Parent Relationship": "Inner",
                                        "Parallel Aware": false,
                                        "Scan Direction": "Forward",
                                        "Index Name": "title_pkey",
                                        "Relation Name": "title",
                                        "Alias": "t",
                                        "Startup Cost": 0.43,
                                        "Total Cost": 0.92,
                                        "Plan Rows": 1,
                                        "Plan Width": 4,
                                        "Actual Startup Time": 0.003,
                                        "Actual Total Time": 0.003,
                                        "Actual Rows": 1,
                                        "Actual Loops": 62041,
                                        "Index Cond": "(id = mi.movie_id)",
                                        "Rows Removed by Index Recheck": 0,
                                        "Heap Fetches": 62041
                                      }
                                    ]
                                  },
                                  {
                                    "Node Type": "Index Scan",
                                    "Parent Relationship": "Inner",
                                    "Parallel Aware": false,
                                    "Scan Direction": "Forward",
                                    "Index Name": "movie_id_cast_info",
                                    "Relation Name": "cast_info",
                                    "Alias": "ci",
                                    "Startup Cost": 0.56,
                                    "Total Cost": 1.77,
                                    "Plan Rows": 34,
                                    "Plan Width": 8,
                                    "Actual Startup Time": 0.003,
                                    "Actual Total Time": 0.021,
                                    "Actual Rows": 17,
                                    "Actual Loops": 62041,
                                    "Index Cond": "(movie_id = t.id)",
                                    "Rows Removed by Index Recheck": 0
                                  }
                                ]
                              },
                              {
                                "Node Type": "Hash",
                                "Parent Relationship": "Inner",
                                "Parallel Aware": true,
                                "Startup Cost": 80126.1,
                                "Total Cost": 80126.1,
                                "Plan Rows": 2451310,
                                "Plan Width": 4,
                                "Actual Startup Time": 1543.133,
                                "Actual Total Time": 1543.134,
                                "Actual Rows": 2083746,
                                "Actual Loops": 2,
                                "Hash Buckets": 4194304,
                                "Original Hash Buckets": 4194304,
                                "Hash Batches": 1,
                                "Original Hash Batches": 1,
                                "Peak Memory Usage": 195840,
                                "Plans": [
                                  {
                                    "Node Type": "Seq Scan",
                                    "Parent Relationship": "Outer",
                                    "Parallel Aware": true,
                                    "Relation Name": "name",
                                    "Alias": "n",
                                    "Startup Cost": 0.0,
                                    "Total Cost": 80126.1,
                                    "Plan Rows": 2451310,
                                    "Plan Width": 4,
                                    "Actual Startup Time": 0.074,
                                    "Actual Total Time": 455.729,
                                    "Actual Rows": 2083746,
                                    "Actual Loops": 2
                                  }
                                ]
                              }
                            ]
                          }
                        ]
                      }
                    ]
                  },
                  {
                    "Node Type": "Hash",
                    "Parent Relationship": "Inner",
                    "Parallel Aware": false,
                    "Startup Cost": 2.41,
                    "Total Cost": 2.41,
                    "Plan Rows": 2,
                    "Plan Width": 4,
                    "Actual Startup Time": 0.209,
                    "Actual Total Time": 0.21,
                    "Actual Rows": 3,
                    "Actual Loops": 2,
                    "Hash Buckets": 1024,
                    "Original Hash Buckets": 1024,
                    "Hash Batches": 1,
                    "Original Hash Batches": 1,
                    "Peak Memory Usage": 9,
                    "Plans": [
                      {
                        "Node Type": "Seq Scan",
                        "Parent Relationship": "Outer",
                        "Parallel Aware": false,
                        "Relation Name": "info_type",
                        "Alias": "it2",
                        "Startup Cost": 0.0,
                        "Total Cost": 2.41,
                        "Plan Rows": 2,
                        "Plan Width": 4,
                        "Actual Startup Time": 0.113,
                        "Actual Total Time": 0.195,
                        "Actual Rows": 3,
                        "Actual Loops": 2,
                        "Filter": "((info)::text ~~* '%birth%'::text)",
                        "Rows Removed by Filter": 110
                      }
                    ]
                  }
                ]
              }
            ]
          }
        ]
      }
    ]
  },
  "Planning Time": 5.086,
  "Triggers": [],
  "Execution Time": 11373.695
}