[
    {
        "Bao": {
            "Bao prediction": 600.088,
            "Bao recommended hint": "(no hint)"
        }
    },
    {
        "Plan": {
            "Node Type": "Aggregate",
            "Strategy": "Plain",
            "Partial Mode": "Simple",
            "Parallel Aware": false,
            "Startup Cost": 21199.65,
            "Total Cost": 21199.66,
            "Plan Rows": 1,
            "Plan Width": 8,
            "Actual Startup Time": 37.844,
            "Actual Total Time": 37.846,
            "Actual Rows": 1,
            "Actual Loops": 1,
            "Output": [
                "count(*)"
            ],
            "Plans": [
                {
                    "Node Type": "Bitmap Heap Scan",
                    "Parent Relationship": "Outer",
                    "Parallel Aware": false,
                    "Relation Name": "movie_companies",
                    "Schema": "public",
                    "Alias": "mc",
                    "Startup Cost": 1425.11,
                    "Total Cost": 21035.56,
                    "Plan Rows": 65636,
                    "Plan Width": 0,
                    "Actual Startup Time": 9.334,
                    "Actual Total Time": 30.975,
                    "Actual Rows": 67377,
                    "Actual Loops": 1,
                    "Recheck Cond": "(mc.company_id > 178429)",
                    "Rows Removed by Index Recheck": 0,
                    "Exact Heap Blocks": 2357,
                    "Lossy Heap Blocks": 0,
                    "Plans": [
                        {
                            "Node Type": "Bitmap Index Scan",
                            "Parent Relationship": "Outer",
                            "Parallel Aware": false,
                            "Index Name": "company_id_movie_companies",
                            "Startup Cost": 0.0,
                            "Total Cost": 1408.7,
                            "Plan Rows": 65636,
                            "Plan Width": 0,
                            "Actual Startup Time": 8.329,
                            "Actual Total Time": 8.33,
                            "Actual Rows": 67377,
                            "Actual Loops": 1,
                            "Index Cond": "(mc.company_id > 178429)"
                        }
                    ]
                }
            ]
        },
        "Planning Time": 472.218,
        "Triggers": [],
        "Execution Time": 37.927
    }
]