{
  "Plan": {
    "Node Type": "Aggregate",
    "Strategy": "Plain",
    "Partial Mode": "Finalize",
    "Parallel Aware": false,
    "Startup Cost": 95114.35,
    "Total Cost": 95114.36,
    "Plan Rows": 1,
    "Plan Width": 8,
    "Actual Startup Time": 591.706,
    "Actual Total Time": 601.925,
    "Actual Rows": 1,
    "Actual Loops": 1,
    "Plans": [
      {
        "Node Type": "Gather",
        "Parent Relationship": "Outer",
        "Parallel Aware": false,
        "Startup Cost": 95114.24,
        "Total Cost": 95114.35,
        "Plan Rows": 1,
        "Plan Width": 8,
        "Actual Startup Time": 590.7,
        "Actual Total Time": 601.918,
        "Actual Rows": 2,
        "Actual Loops": 1,
        "Workers Planned": 1,
        "Workers Launched": 1,
        "Single Copy": false,
        "Plans": [
          {
            "Node Type": "Aggregate",
            "Strategy": "Plain",
            "Partial Mode": "Partial",
            "Parent Relationship": "Outer",
            "Parallel Aware": false,
            "Startup Cost": 94114.24,
            "Total Cost": 94114.25,
            "Plan Rows": 1,
            "Plan Width": 8,
            "Actual Startup Time": 584.663,
            "Actual Total Time": 584.667,
            "Actual Rows": 1,
            "Actual Loops": 2,
            "Plans": [
              {
                "Node Type": "Hash Join",
                "Parent Relationship": "Outer",
                "Parallel Aware": true,
                "Join Type": "Inner",
                "Startup Cost": 32912.08,
                "Total Cost": 93805.06,
                "Plan Rows": 123671,
                "Plan Width": 0,
                "Actual Startup Time": 152.879,
                "Actual Total Time": 575.204,
                "Actual Rows": 209639,
                "Actual Loops": 2,
                "Inner Unique": false,
                "Hash Cond": "(t.id = mc.movie_id)",
                "Plans": [
                  {
                    "Node Type": "Seq Scan",
                    "Parent Relationship": "Outer",
                    "Parallel Aware": true,
                    "Relation Name": "title",
                    "Alias": "t",
                    "Startup Cost": 0.0,
                    "Total Cost": 50870.31,
                    "Plan Rows": 1487231,
                    "Plan Width": 4,
                    "Actual Startup Time": 0.012,
                    "Actual Total Time": 121.937,
                    "Actual Rows": 1264156,
                    "Actual Loops": 2
                  },
                  {
                    "Node Type": "Hash",
                    "Parent Relationship": "Inner",
                    "Parallel Aware": true,
                    "Startup Cost": 31366.19,
                    "Total Cost": 31366.19,
                    "Plan Rows": 123671,
                    "Plan Width": 4,
                    "Actual Startup Time": 137.251,
                    "Actual Total Time": 137.252,
                    "Actual Rows": 209639,
                    "Actual Loops": 2,
                    "Hash Buckets": 524288,
                    "Original Hash Buckets": 262144,
                    "Hash Batches": 1,
                    "Original Hash Batches": 1,
                    "Peak Memory Usage": 22592,
                    "Plans": [
                      {
                        "Node Type": "Bitmap Heap Scan",
                        "Parent Relationship": "Outer",
                        "Parallel Aware": true,
                        "Relation Name": "movie_companies",
                        "Alias": "mc",
                        "Startup Cost": 8922.57,
                        "Total Cost": 31366.19,
                        "Plan Rows": 123671,
                        "Plan Width": 4,
                        "Actual Startup Time": 36.623,
                        "Actual Total Time": 85.671,
                        "Actual Rows": 209639,
                        "Actual Loops": 2,
                        "Recheck Cond": "(company_id > 80133)",
                        "Rows Removed by Index Recheck": 0,
                        "Filter": "(company_type_id = 2)",
                        "Rows Removed by Filter": 0,
                        "Exact Heap Blocks": 4081,
                        "Lossy Heap Blocks": 0,
                        "Plans": [
                          {
                            "Node Type": "Bitmap Index Scan",
                            "Parent Relationship": "Outer",
                            "Parallel Aware": false,
                            "Index Name": "company_id_movie_companies",
                            "Startup Cost": 0.0,
                            "Total Cost": 8870.01,
                            "Plan Rows": 414077,
                            "Plan Width": 0,
                            "Actual Startup Time": 37.582,
                            "Actual Total Time": 37.583,
                            "Actual Rows": 419278,
                            "Actual Loops": 1,
                            "Index Cond": "(company_id > 80133)"
                          }
                        ]
                      }
                    ]
                  }
                ]
              }
            ]
          }
        ]
      }
    ]
  },
  "Planning Time": 0.732,
  "Triggers": [],
  "Execution Time": 602.02
}