{
  "Plan": {
    "Node Type": "Aggregate",
    "Strategy": "Plain",
    "Partial Mode": "Finalize",
    "Parallel Aware": false,
    "Startup Cost": 125779.75,
    "Total Cost": 125779.76,
    "Plan Rows": 1,
    "Plan Width": 8,
    "Actual Startup Time": 682.952,
    "Actual Total Time": 700.409,
    "Actual Rows": 1,
    "Actual Loops": 1,
    "Plans": [
      {
        "Node Type": "Gather",
        "Parent Relationship": "Outer",
        "Parallel Aware": false,
        "Startup Cost": 125779.64,
        "Total Cost": 125779.75,
        "Plan Rows": 1,
        "Plan Width": 8,
        "Actual Startup Time": 681.35,
        "Actual Total Time": 700.403,
        "Actual Rows": 2,
        "Actual Loops": 1,
        "Workers Planned": 1,
        "Workers Launched": 1,
        "Single Copy": false,
        "Plans": [
          {
            "Node Type": "Aggregate",
            "Strategy": "Plain",
            "Partial Mode": "Partial",
            "Parent Relationship": "Outer",
            "Parallel Aware": false,
            "Startup Cost": 124779.64,
            "Total Cost": 124779.65,
            "Plan Rows": 1,
            "Plan Width": 8,
            "Actual Startup Time": 675.637,
            "Actual Total Time": 675.64,
            "Actual Rows": 1,
            "Actual Loops": 2,
            "Plans": [
              {
                "Node Type": "Hash Join",
                "Parent Relationship": "Outer",
                "Parallel Aware": true,
                "Join Type": "Inner",
                "Startup Cost": 59739.61,
                "Total Cost": 123250.87,
                "Plan Rows": 611506,
                "Plan Width": 0,
                "Actual Startup Time": 257.35,
                "Actual Total Time": 647.872,
                "Actual Rows": 727111,
                "Actual Loops": 2,
                "Inner Unique": true,
                "Hash Cond": "(mk.movie_id = t.id)",
                "Plans": [
                  {
                    "Node Type": "Seq Scan",
                    "Parent Relationship": "Outer",
                    "Parallel Aware": true,
                    "Relation Name": "movie_keyword",
                    "Alias": "mk",
                    "Startup Cost": 0.0,
                    "Total Cost": 57718.19,
                    "Plan Rows": 2206879,
                    "Plan Width": 4,
                    "Actual Startup Time": 0.058,
                    "Actual Total Time": 196.041,
                    "Actual Rows": 1866850,
                    "Actual Loops": 2,
                    "Filter": "(keyword_id > 750)",
                    "Rows Removed by Filter": 395115
                  },
                  {
                    "Node Type": "Hash",
                    "Parent Relationship": "Inner",
                    "Parallel Aware": true,
                    "Startup Cost": 54588.39,
                    "Total Cost": 54588.39,
                    "Plan Rows": 412098,
                    "Plan Width": 4,
                    "Actual Startup Time": 247.58,
                    "Actual Total Time": 247.581,
                    "Actual Rows": 353593,
                    "Actual Loops": 2,
                    "Hash Buckets": 1048576,
                    "Original Hash Buckets": 1048576,
                    "Hash Batches": 1,
                    "Original Hash Batches": 1,
                    "Peak Memory Usage": 35904,
                    "Plans": [
                      {
                        "Node Type": "Seq Scan",
                        "Parent Relationship": "Outer",
                        "Parallel Aware": true,
                        "Relation Name": "title",
                        "Alias": "t",
                        "Startup Cost": 0.0,
                        "Total Cost": 54588.39,
                        "Plan Rows": 412098,
                        "Plan Width": 4,
                        "Actual Startup Time": 0.057,
                        "Actual Total Time": 152.521,
                        "Actual Rows": 353593,
                        "Actual Loops": 2,
                        "Filter": "(production_year < 1991)",
                        "Rows Removed by Filter": 910563
                      }
                    ]
                  }
                ]
              }
            ]
          }
        ]
      }
    ]
  },
  "Planning Time": 0.433,
  "Triggers": [],
  "Execution Time": 700.477
}