{
  "Plan": {
    "Node Type": "Aggregate",
    "Strategy": "Plain",
    "Partial Mode": "Finalize",
    "Parallel Aware": false,
    "Startup Cost": 65754.0,
    "Total Cost": 65754.01,
    "Plan Rows": 1,
    "Plan Width": 8,
    "Actual Startup Time": 59.169,
    "Actual Total Time": 67.68,
    "Actual Rows": 1,
    "Actual Loops": 1,
    "Plans": [
      {
        "Node Type": "Gather",
        "Parent Relationship": "Outer",
        "Parallel Aware": false,
        "Startup Cost": 65753.88,
        "Total Cost": 65753.99,
        "Plan Rows": 1,
        "Plan Width": 8,
        "Actual Startup Time": 59.036,
        "Actual Total Time": 67.673,
        "Actual Rows": 2,
        "Actual Loops": 1,
        "Workers Planned": 1,
        "Workers Launched": 1,
        "Single Copy": false,
        "Plans": [
          {
            "Node Type": "Aggregate",
            "Strategy": "Plain",
            "Partial Mode": "Partial",
            "Parent Relationship": "Outer",
            "Parallel Aware": false,
            "Startup Cost": 64753.88,
            "Total Cost": 64753.89,
            "Plan Rows": 1,
            "Plan Width": 8,
            "Actual Startup Time": 53.805,
            "Actual Total Time": 53.806,
            "Actual Rows": 1,
            "Actual Loops": 2,
            "Plans": [
              {
                "Node Type": "Nested Loop",
                "Parent Relationship": "Outer",
                "Parallel Aware": false,
                "Join Type": "Inner",
                "Startup Cost": 257.19,
                "Total Cost": 64736.36,
                "Plan Rows": 7008,
                "Plan Width": 0,
                "Actual Startup Time": 4.114,
                "Actual Total Time": 53.16,
                "Actual Rows": 5272,
                "Actual Loops": 2,
                "Inner Unique": true,
                "Plans": [
                  {
                    "Node Type": "Bitmap Heap Scan",
                    "Parent Relationship": "Outer",
                    "Parallel Aware": true,
                    "Relation Name": "movie_keyword",
                    "Alias": "mk",
                    "Startup Cost": 256.76,
                    "Total Cost": 20675.87,
                    "Plan Rows": 7008,
                    "Plan Width": 4,
                    "Actual Startup Time": 3.98,
                    "Actual Total Time": 15.988,
                    "Actual Rows": 5272,
                    "Actual Loops": 2,
                    "Recheck Cond": "(keyword_id = 398)",
                    "Rows Removed by Index Recheck": 0,
                    "Exact Heap Blocks": 4406,
                    "Lossy Heap Blocks": 0,
                    "Plans": [
                      {
                        "Node Type": "Bitmap Index Scan",
                        "Parent Relationship": "Outer",
                        "Parallel Aware": false,
                        "Index Name": "keyword_id_movie_keyword",
                        "Startup Cost": 0.0,
                        "Total Cost": 253.78,
                        "Plan Rows": 11913,
                        "Plan Width": 0,
                        "Actual Startup Time": 5.061,
                        "Actual Total Time": 5.061,
                        "Actual Rows": 10544,
                        "Actual Loops": 1,
                        "Index Cond": "(keyword_id = 398)"
                      }
                    ]
                  },
                  {
                    "Node Type": "Index Only Scan",
                    "Parent Relationship": "Inner",
                    "Parallel Aware": false,
                    "Scan Direction": "Forward",
                    "Index Name": "title_pkey",
                    "Relation Name": "title",
                    "Alias": "t",
                    "Startup Cost": 0.43,
                    "Total Cost": 6.29,
                    "Plan Rows": 1,
                    "Plan Width": 4,
                    "Actual Startup Time": 0.006,
                    "Actual Total Time": 0.006,
                    "Actual Rows": 1,
                    "Actual Loops": 10544,
                    "Index Cond": "(id = mk.movie_id)",
                    "Rows Removed by Index Recheck": 0,
                    "Heap Fetches": 10544
                  }
                ]
              }
            ]
          }
        ]
      }
    ]
  },
  "Planning Time": 0.433,
  "Triggers": [],
  "Execution Time": 67.795
}