{
  "Plan": {
    "Node Type": "Aggregate",
    "Strategy": "Plain",
    "Partial Mode": "Finalize",
    "Parallel Aware": false,
    "Startup Cost": 164084.4,
    "Total Cost": 164084.41,
    "Plan Rows": 1,
    "Plan Width": 8,
    "Actual Startup Time": 944.779,
    "Actual Total Time": 966.735,
    "Actual Rows": 1,
    "Actual Loops": 1,
    "Plans": [
      {
        "Node Type": "Gather",
        "Parent Relationship": "Outer",
        "Parallel Aware": false,
        "Startup Cost": 164084.29,
        "Total Cost": 164084.4,
        "Plan Rows": 1,
        "Plan Width": 8,
        "Actual Startup Time": 942.616,
        "Actual Total Time": 966.728,
        "Actual Rows": 2,
        "Actual Loops": 1,
        "Workers Planned": 1,
        "Workers Launched": 1,
        "Single Copy": false,
        "Plans": [
          {
            "Node Type": "Aggregate",
            "Strategy": "Plain",
            "Partial Mode": "Partial",
            "Parent Relationship": "Outer",
            "Parallel Aware": false,
            "Startup Cost": 163084.29,
            "Total Cost": 163084.3,
            "Plan Rows": 1,
            "Plan Width": 8,
            "Actual Startup Time": 936.181,
            "Actual Total Time": 936.186,
            "Actual Rows": 1,
            "Actual Loops": 2,
            "Plans": [
              {
                "Node Type": "Hash Join",
                "Parent Relationship": "Outer",
                "Parallel Aware": true,
                "Join Type": "Inner",
                "Startup Cost": 98608.04,
                "Total Cost": 162541.85,
                "Plan Rows": 216974,
                "Plan Width": 0,
                "Actual Startup Time": 579.401,
                "Actual Total Time": 909.63,
                "Actual Rows": 704404,
                "Actual Loops": 2,
                "Inner Unique": false,
                "Hash Cond": "(mk.movie_id = t.id)",
                "Plans": [
                  {
                    "Node Type": "Seq Scan",
                    "Parent Relationship": "Outer",
                    "Parallel Aware": true,
                    "Relation Name": "movie_keyword",
                    "Alias": "mk",
                    "Startup Cost": 0.0,
                    "Total Cost": 57718.19,
                    "Plan Rows": 1317146,
                    "Plan Width": 4,
                    "Actual Startup Time": 0.387,
                    "Actual Total Time": 179.143,
                    "Actual Rows": 1118400,
                    "Actual Loops": 2,
                    "Filter": "(keyword_id > 4853)",
                    "Rows Removed by Filter": 1143564
                  },
                  {
                    "Node Type": "Hash",
                    "Parent Relationship": "Inner",
                    "Parallel Aware": true,
                    "Startup Cost": 95545.64,
                    "Total Cost": 95545.64,
                    "Plan Rows": 244992,
                    "Plan Width": 8,
                    "Actual Startup Time": 573.235,
                    "Actual Total Time": 573.239,
                    "Actual Rows": 207062,
                    "Actual Loops": 2,
                    "Hash Buckets": 524288,
                    "Original Hash Buckets": 524288,
                    "Hash Batches": 1,
                    "Original Hash Batches": 1,
                    "Peak Memory Usage": 20320,
                    "Plans": [
                      {
                        "Node Type": "Hash Join",
                        "Parent Relationship": "Outer",
                        "Parallel Aware": true,
                        "Join Type": "Inner",
                        "Startup Cost": 33939.01,
                        "Total Cost": 95545.64,
                        "Plan Rows": 244992,
                        "Plan Width": 8,
                        "Actual Startup Time": 136.858,
                        "Actual Total Time": 519.466,
                        "Actual Rows": 207062,
                        "Actual Loops": 2,
                        "Inner Unique": false,
                        "Hash Cond": "(t.id = mc.movie_id)",
                        "Plans": [
                          {
                            "Node Type": "Seq Scan",
                            "Parent Relationship": "Outer",
                            "Parallel Aware": true,
                            "Relation Name": "title",
                            "Alias": "t",
                            "Startup Cost": 0.0,
                            "Total Cost": 50870.31,
                            "Plan Rows": 1487231,
                            "Plan Width": 4,
                            "Actual Startup Time": 0.01,
                            "Actual Total Time": 120.959,
                            "Actual Rows": 1264156,
                            "Actual Loops": 2
                          },
                          {
                            "Node Type": "Hash",
                            "Parent Relationship": "Inner",
                            "Parallel Aware": true,
                            "Startup Cost": 30876.61,
                            "Total Cost": 30876.61,
                            "Plan Rows": 244992,
                            "Plan Width": 4,
                            "Actual Startup Time": 133.152,
                            "Actual Total Time": 133.153,
                            "Actual Rows": 207062,
                            "Actual Loops": 2,
                            "Hash Buckets": 524288,
                            "Original Hash Buckets": 524288,
                            "Hash Batches": 1,
                            "Original Hash Batches": 1,
                            "Peak Memory Usage": 20320,
                            "Plans": [
                              {
                                "Node Type": "Bitmap Heap Scan",
                                "Parent Relationship": "Outer",
                                "Parallel Aware": true,
                                "Relation Name": "movie_companies",
                                "Alias": "mc",
                                "Startup Cost": 9024.2,
                                "Total Cost": 30876.61,
                                "Plan Rows": 244992,
                                "Plan Width": 4,
                                "Actual Startup Time": 29.005,
                                "Actual Total Time": 86.207,
                                "Actual Rows": 207062,
                                "Actual Loops": 2,
                                "Recheck Cond": "(company_id < 284)",
                                "Rows Removed by Index Recheck": 0,
                                "Exact Heap Blocks": 11442,
                                "Lossy Heap Blocks": 0,
                                "Plans": [
                                  {
                                    "Node Type": "Bitmap Index Scan",
                                    "Parent Relationship": "Outer",
                                    "Parallel Aware": false,
                                    "Index Name": "company_id_movie_companies",
                                    "Startup Cost": 0.0,
                                    "Total Cost": 8920.08,
                                    "Plan Rows": 416487,
                                    "Plan Width": 0,
                                    "Actual Startup Time": 25.91,
                                    "Actual Total Time": 25.91,
                                    "Actual Rows": 414124,
                                    "Actual Loops": 1,
                                    "Index Cond": "(company_id < 284)"
                                  }
                                ]
                              }
                            ]
                          }
                        ]
                      }
                    ]
                  }
                ]
              }
            ]
          }
        ]
      }
    ]
  },
  "Planning Time": 1.116,
  "Triggers": [],
  "Execution Time": 966.834
}