{
    "Plan": {
        "Node Type": "Aggregate",
        "Strategy": "Plain",
        "Partial Mode": "Finalize",
        "Parallel Aware": false,
        "Startup Cost": 57412.63,
        "Total Cost": 57412.64,
        "Plan Rows": 1,
        "Plan Width": 8,
        "Actual Startup Time": 309.265,
        "Actual Total Time": 356.568,
        "Actual Rows": 1,
        "Actual Loops": 1,
        "Output": [
            "count(*)"
        ],
        "Plans": [
            {
                "Node Type": "Gather",
                "Parent Relationship": "Outer",
                "Parallel Aware": false,
                "Startup Cost": 57412.32,
                "Total Cost": 57412.63,
                "Plan Rows": 3,
                "Plan Width": 8,
                "Actual Startup Time": 308.736,
                "Actual Total Time": 356.555,
                "Actual Rows": 4,
                "Actual Loops": 1,
                "Output": [
                    "(PARTIAL count(*))"
                ],
                "Workers Planned": 3,
                "Workers Launched": 3,
                "Single Copy": false,
                "Plans": [
                    {
                        "Node Type": "Aggregate",
                        "Strategy": "Plain",
                        "Partial Mode": "Partial",
                        "Parent Relationship": "Outer",
                        "Parallel Aware": false,
                        "Startup Cost": 56412.32,
                        "Total Cost": 56412.33,
                        "Plan Rows": 1,
                        "Plan Width": 8,
                        "Actual Startup Time": 299.066,
                        "Actual Total Time": 299.068,
                        "Actual Rows": 1,
                        "Actual Loops": 4,
                        "Output": [
                            "PARTIAL count(*)"
                        ],
                        "Workers": [
                            {
                                "Worker Number": 0,
                                "Actual Startup Time": 295.82,
                                "Actual Total Time": 295.822,
                                "Actual Rows": 1,
                                "Actual Loops": 1
                            },
                            {
                                "Worker Number": 1,
                                "Actual Startup Time": 296.117,
                                "Actual Total Time": 296.119,
                                "Actual Rows": 1,
                                "Actual Loops": 1
                            },
                            {
                                "Worker Number": 2,
                                "Actual Startup Time": 296.387,
                                "Actual Total Time": 296.389,
                                "Actual Rows": 1,
                                "Actual Loops": 1
                            }
                        ],
                        "Plans": [
                            {
                                "Node Type": "Nested Loop",
                                "Parent Relationship": "Outer",
                                "Parallel Aware": false,
                                "Join Type": "Inner",
                                "Startup Cost": 0.99,
                                "Total Cost": 56403.49,
                                "Plan Rows": 3532,
                                "Plan Width": 0,
                                "Actual Startup Time": 13.423,
                                "Actual Total Time": 298.567,
                                "Actual Rows": 4993,
                                "Actual Loops": 4,
                                "Inner Unique": false,
                                "Workers": [
                                    {
                                        "Worker Number": 0,
                                        "Actual Startup Time": 20.453,
                                        "Actual Total Time": 295.369,
                                        "Actual Rows": 3967,
                                        "Actual Loops": 1
                                    },
                                    {
                                        "Worker Number": 1,
                                        "Actual Startup Time": 20.637,
                                        "Actual Total Time": 295.588,
                                        "Actual Rows": 2882,
                                        "Actual Loops": 1
                                    },
                                    {
                                        "Worker Number": 2,
                                        "Actual Startup Time": 7.604,
                                        "Actual Total Time": 295.929,
                                        "Actual Rows": 4379,
                                        "Actual Loops": 1
                                    }
                                ],
                                "Plans": [
                                    {
                                        "Node Type": "Nested Loop",
                                        "Parent Relationship": "Outer",
                                        "Parallel Aware": false,
                                        "Join Type": "Inner",
                                        "Startup Cost": 0.43,
                                        "Total Cost": 49944.82,
                                        "Plan Rows": 3142,
                                        "Plan Width": 8,
                                        "Actual Startup Time": 12.082,
                                        "Actual Total Time": 85.009,
                                        "Actual Rows": 2366,
                                        "Actual Loops": 4,
                                        "Output": [
                                            "t.id",
                                            "mc.movie_id"
                                        ],
                                        "Inner Unique": true,
                                        "Workers": [
                                            {
                                                "Worker Number": 0,
                                                "Actual Startup Time": 17.946,
                                                "Actual Total Time": 78.828,
                                                "Actual Rows": 2028,
                                                "Actual Loops": 1
                                            },
                                            {
                                                "Worker Number": 1,
                                                "Actual Startup Time": 19.707,
                                                "Actual Total Time": 77.376,
                                                "Actual Rows": 1239,
                                                "Actual Loops": 1
                                            },
                                            {
                                                "Worker Number": 2,
                                                "Actual Startup Time": 6.725,
                                                "Actual Total Time": 76.792,
                                                "Actual Rows": 2117,
                                                "Actual Loops": 1
                                            }
                                        ],
                                        "Plans": [
                                            {
                                                "Node Type": "Seq Scan",
                                                "Parent Relationship": "Outer",
                                                "Parallel Aware": true,
                                                "Relation Name": "movie_companies",
                                                "Schema": "public",
                                                "Alias": "mc",
                                                "Startup Cost": 0.0,
                                                "Total Cost": 29310.68,
                                                "Plan Rows": 3142,
                                                "Plan Width": 4,
                                                "Actual Startup Time": 11.932,
                                                "Actual Total Time": 64.91,
                                                "Actual Rows": 2366,
                                                "Actual Loops": 4,
                                                "Output": [
                                                    "mc.id",
                                                    "mc.movie_id",
                                                    "mc.company_id",
                                                    "mc.company_type_id",
                                                    "mc.note"
                                                ],
                                                "Filter": "(mc.company_id = 1451)",
                                                "Rows Removed by Filter": 649916,
                                                "Workers": [
                                                    {
                                                        "Worker Number": 0,
                                                        "Actual Startup Time": 17.771,
                                                        "Actual Total Time": 57.656,
                                                        "Actual Rows": 2028,
                                                        "Actual Loops": 1
                                                    },
                                                    {
                                                        "Worker Number": 1,
                                                        "Actual Startup Time": 19.579,
                                                        "Actual Total Time": 58.245,
                                                        "Actual Rows": 1239,
                                                        "Actual Loops": 1
                                                    },
                                                    {
                                                        "Worker Number": 2,
                                                        "Actual Startup Time": 6.466,
                                                        "Actual Total Time": 55.149,
                                                        "Actual Rows": 2117,
                                                        "Actual Loops": 1
                                                    }
                                                ]
                                            },
                                            {
                                                "Node Type": "Index Only Scan",
                                                "Parent Relationship": "Inner",
                                                "Parallel Aware": false,
                                                "Scan Direction": "Forward",
                                                "Index Name": "title_pkey",
                                                "Relation Name": "title",
                                                "Schema": "public",
                                                "Alias": "t",
                                                "Startup Cost": 0.43,
                                                "Total Cost": 6.57,
                                                "Plan Rows": 1,
                                                "Plan Width": 4,
                                                "Actual Startup Time": 0.008,
                                                "Actual Total Time": 0.008,
                                                "Actual Rows": 1,
                                                "Actual Loops": 9466,
                                                "Output": [
                                                    "t.id"
                                                ],
                                                "Index Cond": "(t.id = mc.movie_id)",
                                                "Rows Removed by Index Recheck": 0,
                                                "Heap Fetches": 9466,
                                                "Workers": [
                                                    {
                                                        "Worker Number": 0,
                                                        "Actual Startup Time": 0.01,
                                                        "Actual Total Time": 0.01,
                                                        "Actual Rows": 1,
                                                        "Actual Loops": 2028
                                                    },
                                                    {
                                                        "Worker Number": 1,
                                                        "Actual Startup Time": 0.014,
                                                        "Actual Total Time": 0.014,
                                                        "Actual Rows": 1,
                                                        "Actual Loops": 1239
                                                    },
                                                    {
                                                        "Worker Number": 2,
                                                        "Actual Startup Time": 0.009,
                                                        "Actual Total Time": 0.009,
                                                        "Actual Rows": 1,
                                                        "Actual Loops": 2117
                                                    }
                                                ]
                                            }
                                        ]
                                    },
                                    {
                                        "Node Type": "Index Scan",
                                        "Parent Relationship": "Inner",
                                        "Parallel Aware": false,
                                        "Scan Direction": "Forward",
                                        "Index Name": "movie_id_cast_info",
                                        "Relation Name": "cast_info",
                                        "Schema": "public",
                                        "Alias": "ci",
                                        "Startup Cost": 0.56,
                                        "Total Cost": 2.03,
                                        "Plan Rows": 3,
                                        "Plan Width": 4,
                                        "Actual Startup Time": 0.055,
                                        "Actual Total Time": 0.09,
                                        "Actual Rows": 2,
                                        "Actual Loops": 9466,
                                        "Output": [
                                            "ci.id",
                                            "ci.person_id",
                                            "ci.movie_id",
                                            "ci.person_role_id",
                                            "ci.note",
                                            "ci.nr_order",
                                            "ci.role_id"
                                        ],
                                        "Index Cond": "(ci.movie_id = t.id)",
                                        "Rows Removed by Index Recheck": 0,
                                        "Filter": "((ci.person_id > 2280472) AND (ci.role_id = 2))",
                                        "Rows Removed by Filter": 31,
                                        "Workers": [
                                            {
                                                "Worker Number": 0,
                                                "Actual Startup Time": 0.066,
                                                "Actual Total Time": 0.106,
                                                "Actual Rows": 2,
                                                "Actual Loops": 2028
                                            },
                                            {
                                                "Worker Number": 1,
                                                "Actual Startup Time": 0.103,
                                                "Actual Total Time": 0.175,
                                                "Actual Rows": 2,
                                                "Actual Loops": 1239
                                            },
                                            {
                                                "Worker Number": 2,
                                                "Actual Startup Time": 0.063,
                                                "Actual Total Time": 0.103,
                                                "Actual Rows": 2,
                                                "Actual Loops": 2117
                                            }
                                        ]
                                    }
                                ]
                            }
                        ]
                    }
                ]
            }
        ]
    },
    "Planning Time": 1.758,
    "Triggers": [],
    "Execution Time": 356.684
}