{
  "Plan": {
    "Node Type": "Aggregate",
    "Strategy": "Plain",
    "Partial Mode": "Finalize",
    "Parallel Aware": false,
    "Startup Cost": 81663.46,
    "Total Cost": 81663.47,
    "Plan Rows": 1,
    "Plan Width": 8,
    "Actual Startup Time": 158.413,
    "Actual Total Time": 174.564,
    "Actual Rows": 1,
    "Actual Loops": 1,
    "Plans": [
      {
        "Node Type": "Gather",
        "Parent Relationship": "Outer",
        "Parallel Aware": false,
        "Startup Cost": 81663.35,
        "Total Cost": 81663.46,
        "Plan Rows": 1,
        "Plan Width": 8,
        "Actual Startup Time": 158.3,
        "Actual Total Time": 174.556,
        "Actual Rows": 2,
        "Actual Loops": 1,
        "Workers Planned": 1,
        "Workers Launched": 1,
        "Single Copy": false,
        "Plans": [
          {
            "Node Type": "Aggregate",
            "Strategy": "Plain",
            "Partial Mode": "Partial",
            "Parent Relationship": "Outer",
            "Parallel Aware": false,
            "Startup Cost": 80663.35,
            "Total Cost": 80663.36,
            "Plan Rows": 1,
            "Plan Width": 8,
            "Actual Startup Time": 152.561,
            "Actual Total Time": 152.562,
            "Actual Rows": 1,
            "Actual Loops": 2,
            "Plans": [
              {
                "Node Type": "Nested Loop",
                "Parent Relationship": "Outer",
                "Parallel Aware": false,
                "Join Type": "Inner",
                "Startup Cost": 0.43,
                "Total Cost": 80661.88,
                "Plan Rows": 586,
                "Plan Width": 0,
                "Actual Startup Time": 35.051,
                "Actual Total Time": 152.488,
                "Actual Rows": 1030,
                "Actual Loops": 2,
                "Inner Unique": false,
                "Plans": [
                  {
                    "Node Type": "Seq Scan",
                    "Parent Relationship": "Outer",
                    "Parallel Aware": true,
                    "Relation Name": "title",
                    "Alias": "t",
                    "Startup Cost": 0.0,
                    "Total Cost": 58306.47,
                    "Plan Rows": 2566,
                    "Plan Width": 4,
                    "Actual Startup Time": 1.396,
                    "Actual Total Time": 135.786,
                    "Actual Rows": 2170,
                    "Actual Loops": 2,
                    "Filter": "((kind_id < 7) AND (production_year = 1961))",
                    "Rows Removed by Filter": 1261986
                  },
                  {
                    "Node Type": "Index Scan",
                    "Parent Relationship": "Inner",
                    "Parallel Aware": false,
                    "Scan Direction": "Forward",
                    "Index Name": "movie_id_movie_keyword",
                    "Relation Name": "movie_keyword",
                    "Alias": "mk",
                    "Startup Cost": 0.43,
                    "Total Cost": 8.65,
                    "Plan Rows": 6,
                    "Plan Width": 4,
                    "Actual Startup Time": 0.007,
                    "Actual Total Time": 0.007,
                    "Actual Rows": 0,
                    "Actual Loops": 4339,
                    "Index Cond": "(movie_id = t.id)",
                    "Rows Removed by Index Recheck": 0,
                    "Filter": "(keyword_id > 32397)",
                    "Rows Removed by Filter": 3
                  }
                ]
              }
            ]
          }
        ]
      }
    ]
  },
  "Planning Time": 0.476,
  "Triggers": [],
  "Execution Time": 174.636
}