[
  {
    "Plan": {
      "Node Type": "Aggregate",
      "Strategy": "Plain",
      "Partial Mode": "Finalize",
      "Parallel Aware": false,
      "Startup Cost": 359382.37,
      "Total Cost": 359382.38,
      "Plan Rows": 1,
      "Plan Width": 8,
      "Actual Startup Time": 429.491,
      "Actual Total Time": 497.196,
      "Actual Rows": 1,
      "Actual Loops": 1,
      "Plans": [
        {
          "Node Type": "Gather",
          "Parent Relationship": "Outer",
          "Parallel Aware": false,
          "Startup Cost": 359381.95,
          "Total Cost": 359382.36,
          "Plan Rows": 4,
          "Plan Width": 8,
          "Actual Startup Time": 429.357,
          "Actual Total Time": 497.186,
          "Actual Rows": 5,
          "Actual Loops": 1,
          "Workers Planned": 4,
          "Workers Launched": 4,
          "Single Copy": false,
          "Plans": [
            {
              "Node Type": "Aggregate",
              "Strategy": "Plain",
              "Partial Mode": "Partial",
              "Parent Relationship": "Outer",
              "Parallel Aware": false,
              "Startup Cost": 358381.95,
              "Total Cost": 358381.96,
              "Plan Rows": 1,
              "Plan Width": 8,
              "Actual Startup Time": 419.642,
              "Actual Total Time": 419.643,
              "Actual Rows": 1,
              "Actual Loops": 5,
              "Plans": [
                {
                  "Node Type": "Nested Loop",
                  "Parent Relationship": "Outer",
                  "Parallel Aware": false,
                  "Join Type": "Inner",
                  "Startup Cost": 0.56,
                  "Total Cost": 358245.72,
                  "Plan Rows": 54491,
                  "Plan Width": 0,
                  "Actual Startup Time": 1.335,
                  "Actual Total Time": 417.752,
                  "Actual Rows": 25621,
                  "Actual Loops": 5,
                  "Inner Unique": false,
                  "Plans": [
                    {
                      "Node Type": "Seq Scan",
                      "Parent Relationship": "Outer",
                      "Parallel Aware": true,
                      "Relation Name": "title",
                      "Alias": "t",
                      "Startup Cost": 0.0,
                      "Total Cost": 45479.1,
                      "Plan Rows": 12340,
                      "Plan Width": 4,
                      "Actual Startup Time": 0.076,
                      "Actual Total Time": 61.643,
                      "Actual Rows": 11399,
                      "Actual Loops": 5,
                      "Filter": "((kind_id > 1) AND (production_year = 2003))",
                      "Rows Removed by Filter": 494263
                    },
                    {
                      "Node Type": "Index Scan",
                      "Parent Relationship": "Inner",
                      "Parallel Aware": false,
                      "Scan Direction": "Forward",
                      "Index Name": "movie_id_cast_info",
                      "Relation Name": "cast_info",
                      "Alias": "ci",
                      "Startup Cost": 0.56,
                      "Total Cost": 25.24,
                      "Plan Rows": 11,
                      "Plan Width": 4,
                      "Actual Startup Time": 0.023,
                      "Actual Total Time": 0.031,
                      "Actual Rows": 2,
                      "Actual Loops": 56995,
                      "Index Cond": "(movie_id = t.id)",
                      "Rows Removed by Index Recheck": 0,
                      "Filter": "((person_id < 2549396) AND (role_id > 2))",
                      "Rows Removed by Filter": 12
                    }
                  ]
                }
              ]
            }
          ]
        }
      ]
    },
    "Planning Time": 0.742,
    "Triggers": [],
    "Execution Time": 497.313
  }
]