{
  "Plan": {
    "Node Type": "Aggregate",
    "Strategy": "Plain",
    "Partial Mode": "Finalize",
    "Parallel Aware": false,
    "Startup Cost": 110737.74,
    "Total Cost": 110737.75,
    "Plan Rows": 1,
    "Plan Width": 8,
    "Actual Startup Time": 542.068,
    "Actual Total Time": 559.243,
    "Actual Rows": 1,
    "Actual Loops": 1,
    "Plans": [
      {
        "Node Type": "Gather",
        "Parent Relationship": "Outer",
        "Parallel Aware": false,
        "Startup Cost": 110737.62,
        "Total Cost": 110737.73,
        "Plan Rows": 1,
        "Plan Width": 8,
        "Actual Startup Time": 540.628,
        "Actual Total Time": 559.235,
        "Actual Rows": 2,
        "Actual Loops": 1,
        "Workers Planned": 1,
        "Workers Launched": 1,
        "Single Copy": false,
        "Plans": [
          {
            "Node Type": "Aggregate",
            "Strategy": "Plain",
            "Partial Mode": "Partial",
            "Parent Relationship": "Outer",
            "Parallel Aware": false,
            "Startup Cost": 109737.62,
            "Total Cost": 109737.63,
            "Plan Rows": 1,
            "Plan Width": 8,
            "Actual Startup Time": 534.17,
            "Actual Total Time": 534.176,
            "Actual Rows": 1,
            "Actual Loops": 2,
            "Plans": [
              {
                "Node Type": "Nested Loop",
                "Parent Relationship": "Outer",
                "Parallel Aware": false,
                "Join Type": "Inner",
                "Startup Cost": 32959.96,
                "Total Cost": 109713.4,
                "Plan Rows": 9691,
                "Plan Width": 0,
                "Actual Startup Time": 158.329,
                "Actual Total Time": 531.426,
                "Actual Rows": 38282,
                "Actual Loops": 2,
                "Inner Unique": false,
                "Plans": [
                  {
                    "Node Type": "Hash Join",
                    "Parent Relationship": "Outer",
                    "Parallel Aware": true,
                    "Join Type": "Inner",
                    "Startup Cost": 32959.53,
                    "Total Cost": 93475.75,
                    "Plan Rows": 26661,
                    "Plan Width": 8,
                    "Actual Startup Time": 158.209,
                    "Actual Total Time": 398.181,
                    "Actual Rows": 58949,
                    "Actual Loops": 2,
                    "Inner Unique": false,
                    "Hash Cond": "(t.id = mc.movie_id)",
                    "Plans": [
                      {
                        "Node Type": "Seq Scan",
                        "Parent Relationship": "Outer",
                        "Parallel Aware": true,
                        "Relation Name": "title",
                        "Alias": "t",
                        "Startup Cost": 0.0,
                        "Total Cost": 58306.47,
                        "Plan Rows": 328468,
                        "Plan Width": 4,
                        "Actual Startup Time": 0.013,
                        "Actual Total Time": 161.989,
                        "Actual Rows": 227117,
                        "Actual Loops": 2,
                        "Filter": "((production_year < 1998) AND (kind_id = 7))",
                        "Rows Removed by Filter": 1037039
                      },
                      {
                        "Node Type": "Hash",
                        "Parent Relationship": "Inner",
                        "Parallel Aware": true,
                        "Startup Cost": 31450.6,
                        "Total Cost": 31450.6,
                        "Plan Rows": 120714,
                        "Plan Width": 4,
                        "Actual Startup Time": 154.614,
                        "Actual Total Time": 154.616,
                        "Actual Rows": 158984,
                        "Actual Loops": 2,
                        "Hash Buckets": 524288,
                        "Original Hash Buckets": 262144,
                        "Hash Batches": 1,
                        "Original Hash Batches": 1,
                        "Peak Memory Usage": 18624,
                        "Plans": [
                          {
                            "Node Type": "Bitmap Heap Scan",
                            "Parent Relationship": "Outer",
                            "Parallel Aware": true,
                            "Relation Name": "movie_companies",
                            "Alias": "mc",
                            "Startup Cost": 8982.3,
                            "Total Cost": 31450.6,
                            "Plan Rows": 120714,
                            "Plan Width": 4,
                            "Actual Startup Time": 33.897,
                            "Actual Total Time": 103.752,
                            "Actual Rows": 158984,
                            "Actual Loops": 2,
                            "Recheck Cond": "(company_id < 286)",
                            "Rows Removed by Index Recheck": 0,
                            "Filter": "(company_type_id = 1)",
                            "Rows Removed by Filter": 48608,
                            "Exact Heap Blocks": 13310,
                            "Lossy Heap Blocks": 0,
                            "Plans": [
                              {
                                "Node Type": "Bitmap Index Scan",
                                "Parent Relationship": "Outer",
                                "Parallel Aware": false,
                                "Index Name": "company_id_movie_companies",
                                "Startup Cost": 0.0,
                                "Total Cost": 8930.99,
                                "Plan Rows": 416875,
                                "Plan Width": 0,
                                "Actual Startup Time": 33.04,
                                "Actual Total Time": 33.04,
                                "Actual Rows": 415185,
                                "Actual Loops": 1,
                                "Index Cond": "(company_id < 286)"
                              }
                            ]
                          }
                        ]
                      }
                    ]
                  },
                  {
                    "Node Type": "Index Scan",
                    "Parent Relationship": "Inner",
                    "Parallel Aware": false,
                    "Scan Direction": "Forward",
                    "Index Name": "movie_id_movie_info_idx",
                    "Relation Name": "movie_info_idx",
                    "Alias": "mi_idx",
                    "Startup Cost": 0.43,
                    "Total Cost": 0.59,
                    "Plan Rows": 2,
                    "Plan Width": 4,
                    "Actual Startup Time": 0.002,
                    "Actual Total Time": 0.002,
                    "Actual Rows": 1,
                    "Actual Loops": 117898,
                    "Index Cond": "(movie_id = t.id)",
                    "Rows Removed by Index Recheck": 0,
                    "Filter": "(info_type_id < 101)",
                    "Rows Removed by Filter": 0
                  }
                ]
              }
            ]
          }
        ]
      }
    ]
  },
  "Planning Time": 1.03,
  "Triggers": [],
  "Execution Time": 559.353
}