[
  {
    "Plan": {
      "Node Type": "Aggregate",
      "Strategy": "Plain",
      "Partial Mode": "Finalize",
      "Parallel Aware": false,
      "Startup Cost": 46579.13,
      "Total Cost": 46579.14,
      "Plan Rows": 1,
      "Plan Width": 8,
      "Actual Startup Time": 97.909,
      "Actual Total Time": 109.539,
      "Actual Rows": 1,
      "Actual Loops": 1,
      "Plans": [
        {
          "Node Type": "Gather",
          "Parent Relationship": "Outer",
          "Parallel Aware": false,
          "Startup Cost": 46578.71,
          "Total Cost": 46579.12,
          "Plan Rows": 4,
          "Plan Width": 8,
          "Actual Startup Time": 97.624,
          "Actual Total Time": 109.53,
          "Actual Rows": 5,
          "Actual Loops": 1,
          "Workers Planned": 4,
          "Workers Launched": 4,
          "Single Copy": false,
          "Plans": [
            {
              "Node Type": "Aggregate",
              "Strategy": "Plain",
              "Partial Mode": "Partial",
              "Parent Relationship": "Outer",
              "Parallel Aware": false,
              "Startup Cost": 45578.71,
              "Total Cost": 45578.72,
              "Plan Rows": 1,
              "Plan Width": 8,
              "Actual Startup Time": 89.961,
              "Actual Total Time": 89.962,
              "Actual Rows": 1,
              "Actual Loops": 5,
              "Plans": [
                {
                  "Node Type": "Seq Scan",
                  "Parent Relationship": "Outer",
                  "Parallel Aware": true,
                  "Relation Name": "title",
                  "Alias": "t",
                  "Startup Cost": 0.0,
                  "Total Cost": 45479.59,
                  "Plan Rows": 39651,
                  "Plan Width": 0,
                  "Actual Startup Time": 52.733,
                  "Actual Total Time": 87.131,
                  "Actual Rows": 60217,
                  "Actual Loops": 5,
                  "Filter": "((production_year < 1987) AND (kind_id = 1))",
                  "Rows Removed by Filter": 445446
                }
              ]
            }
          ]
        }
      ]
    },
    "Planning Time": 0.144,
    "Triggers": [],
    "Execution Time": 109.587
  }
]