[
  {
    "Plan": {
      "Node Type": "Aggregate",
      "Strategy": "Plain",
      "Partial Mode": "Finalize",
      "Parallel Aware": false,
      "Startup Cost": 348396.42,
      "Total Cost": 348396.43,
      "Plan Rows": 1,
      "Plan Width": 8,
      "Actual Startup Time": 760.483,
      "Actual Total Time": 806.902,
      "Actual Rows": 1,
      "Actual Loops": 1,
      "Plans": [
        {
          "Node Type": "Gather",
          "Parent Relationship": "Outer",
          "Parallel Aware": false,
          "Startup Cost": 348395.8,
          "Total Cost": 348396.41,
          "Plan Rows": 6,
          "Plan Width": 8,
          "Actual Startup Time": 760.267,
          "Actual Total Time": 806.877,
          "Actual Rows": 7,
          "Actual Loops": 1,
          "Workers Planned": 6,
          "Workers Launched": 6,
          "Single Copy": false,
          "Plans": [
            {
              "Node Type": "Aggregate",
              "Strategy": "Plain",
              "Partial Mode": "Partial",
              "Parent Relationship": "Outer",
              "Parallel Aware": false,
              "Startup Cost": 347395.8,
              "Total Cost": 347395.81,
              "Plan Rows": 1,
              "Plan Width": 8,
              "Actual Startup Time": 753.781,
              "Actual Total Time": 753.783,
              "Actual Rows": 1,
              "Actual Loops": 7,
              "Plans": [
                {
                  "Node Type": "Seq Scan",
                  "Parent Relationship": "Outer",
                  "Parallel Aware": true,
                  "Relation Name": "cast_info",
                  "Alias": "ci",
                  "Startup Cost": 0.0,
                  "Total Cost": 343316.27,
                  "Plan Rows": 1631810,
                  "Plan Width": 0,
                  "Actual Startup Time": 0.041,
                  "Actual Total Time": 663.081,
                  "Actual Rows": 1823277,
                  "Actual Loops": 7,
                  "Filter": "((person_id < 1751118) AND (role_id < 3))",
                  "Rows Removed by Filter": 3354487
                }
              ]
            }
          ]
        }
      ]
    },
    "Planning Time": 0.083,
    "Triggers": [],
    "Execution Time": 806.944
  }
]