[
  {
    "Plan": {
      "Node Type": "Aggregate",
      "Strategy": "Plain",
      "Partial Mode": "Finalize",
      "Parallel Aware": false,
      "Startup Cost": 31899.97,
      "Total Cost": 31899.98,
      "Plan Rows": 1,
      "Plan Width": 8,
      "Actual Startup Time": 115.594,
      "Actual Total Time": 124.098,
      "Actual Rows": 1,
      "Actual Loops": 1,
      "Plans": [
        {
          "Node Type": "Gather",
          "Parent Relationship": "Outer",
          "Parallel Aware": false,
          "Startup Cost": 31899.65,
          "Total Cost": 31899.96,
          "Plan Rows": 3,
          "Plan Width": 8,
          "Actual Startup Time": 115.489,
          "Actual Total Time": 124.089,
          "Actual Rows": 4,
          "Actual Loops": 1,
          "Workers Planned": 3,
          "Workers Launched": 3,
          "Single Copy": false,
          "Plans": [
            {
              "Node Type": "Aggregate",
              "Strategy": "Plain",
              "Partial Mode": "Partial",
              "Parent Relationship": "Outer",
              "Parallel Aware": false,
              "Startup Cost": 30899.65,
              "Total Cost": 30899.66,
              "Plan Rows": 1,
              "Plan Width": 8,
              "Actual Startup Time": 110.149,
              "Actual Total Time": 110.151,
              "Actual Rows": 1,
              "Actual Loops": 4,
              "Plans": [
                {
                  "Node Type": "Seq Scan",
                  "Parent Relationship": "Outer",
                  "Parallel Aware": true,
                  "Relation Name": "movie_companies",
                  "Alias": "mc",
                  "Startup Cost": 0.0,
                  "Total Cost": 29310.68,
                  "Plan Rows": 635588,
                  "Plan Width": 0,
                  "Actual Startup Time": 0.229,
                  "Actual Total Time": 85.078,
                  "Actual Rows": 494320,
                  "Actual Loops": 4,
                  "Filter": "(company_id > 841)",
                  "Rows Removed by Filter": 157962
                }
              ]
            }
          ]
        }
      ]
    },
    "Planning Time": 0.241,
    "Triggers": [],
    "Execution Time": 124.159
  }
]