[
  {
    "Plan": {
      "Node Type": "Aggregate",
      "Strategy": "Plain",
      "Partial Mode": "Finalize",
      "Parallel Aware": false,
      "Startup Cost": 71772.63,
      "Total Cost": 71772.64,
      "Plan Rows": 1,
      "Plan Width": 8,
      "Actual Startup Time": 145.666,
      "Actual Total Time": 155.555,
      "Actual Rows": 1,
      "Actual Loops": 1,
      "Plans": [
        {
          "Node Type": "Gather",
          "Parent Relationship": "Outer",
          "Parallel Aware": false,
          "Startup Cost": 71772.32,
          "Total Cost": 71772.63,
          "Plan Rows": 3,
          "Plan Width": 8,
          "Actual Startup Time": 145.018,
          "Actual Total Time": 155.547,
          "Actual Rows": 4,
          "Actual Loops": 1,
          "Workers Planned": 3,
          "Workers Launched": 3,
          "Single Copy": false,
          "Plans": [
            {
              "Node Type": "Aggregate",
              "Strategy": "Plain",
              "Partial Mode": "Partial",
              "Parent Relationship": "Outer",
              "Parallel Aware": false,
              "Startup Cost": 70772.32,
              "Total Cost": 70772.33,
              "Plan Rows": 1,
              "Plan Width": 8,
              "Actual Startup Time": 141.133,
              "Actual Total Time": 141.137,
              "Actual Rows": 1,
              "Actual Loops": 4,
              "Plans": [
                {
                  "Node Type": "Hash Join",
                  "Parent Relationship": "Outer",
                  "Parallel Aware": true,
                  "Join Type": "Inner",
                  "Startup Cost": 38854.61,
                  "Total Cost": 70759.52,
                  "Plan Rows": 5117,
                  "Plan Width": 0,
                  "Actual Startup Time": 97.938,
                  "Actual Total Time": 140.599,
                  "Actual Rows": 10250,
                  "Actual Loops": 4,
                  "Inner Unique": true,
                  "Hash Cond": "(mc.movie_id = t.id)",
                  "Plans": [
                    {
                      "Node Type": "Seq Scan",
                      "Parent Relationship": "Outer",
                      "Parallel Aware": true,
                      "Relation Name": "movie_companies",
                      "Alias": "mc",
                      "Startup Cost": 0.0,
                      "Total Cost": 31414.82,
                      "Plan Rows": 186705,
                      "Plan Width": 4,
                      "Actual Startup Time": 33.046,
                      "Actual Total Time": 71.155,
                      "Actual Rows": 215192,
                      "Actual Loops": 4,
                      "Filter": "((company_id > 13603) AND (company_type_id > 1))",
                      "Rows Removed by Filter": 437091
                    },
                    {
                      "Node Type": "Hash",
                      "Parent Relationship": "Inner",
                      "Parallel Aware": true,
                      "Startup Cost": 38638.06,
                      "Total Cost": 38638.06,
                      "Plan Rows": 17324,
                      "Plan Width": 4,
                      "Actual Startup Time": 42.346,
                      "Actual Total Time": 42.347,
                      "Actual Rows": 22805,
                      "Actual Loops": 4,
                      "Hash Buckets": 131072,
                      "Original Hash Buckets": 131072,
                      "Hash Batches": 1,
                      "Original Hash Batches": 1,
                      "Peak Memory Usage": 4640,
                      "Plans": [
                        {
                          "Node Type": "Bitmap Heap Scan",
                          "Parent Relationship": "Outer",
                          "Parallel Aware": true,
                          "Relation Name": "title",
                          "Alias": "t",
                          "Startup Cost": 2184.62,
                          "Total Cost": 38638.06,
                          "Plan Rows": 17324,
                          "Plan Width": 4,
                          "Actual Startup Time": 9.248,
                          "Actual Total Time": 34.818,
                          "Actual Rows": 22805,
                          "Actual Loops": 4,
                          "Recheck Cond": "(kind_id = 4)",
                          "Rows Removed by Index Recheck": 0,
                          "Filter": "(production_year > 1999)",
                          "Rows Removed by Filter": 6754,
                          "Exact Heap Blocks": 5390,
                          "Lossy Heap Blocks": 0,
                          "Plans": [
                            {
                              "Node Type": "Bitmap Index Scan",
                              "Parent Relationship": "Outer",
                              "Parallel Aware": false,
                              "Index Name": "kind_id_title",
                              "Startup Cost": 0.0,
                              "Total Cost": 2167.3,
                              "Plan Rows": 121449,
                              "Plan Width": 0,
                              "Actual Startup Time": 8.396,
                              "Actual Total Time": 8.396,
                              "Actual Rows": 118234,
                              "Actual Loops": 1,
                              "Index Cond": "(kind_id = 4)"
                            }
                          ]
                        }
                      ]
                    }
                  ]
                }
              ]
            }
          ]
        }
      ]
    },
    "Planning Time": 0.396,
    "Triggers": [],
    "Execution Time": 155.613
  }
]