[
  {
    "Plan": {
      "Node Type": "Aggregate",
      "Strategy": "Plain",
      "Partial Mode": "Finalize",
      "Parallel Aware": false,
      "Startup Cost": 346856.9,
      "Total Cost": 346856.91,
      "Plan Rows": 1,
      "Plan Width": 8,
      "Actual Startup Time": 672.582,
      "Actual Total Time": 714.085,
      "Actual Rows": 1,
      "Actual Loops": 1,
      "Plans": [
        {
          "Node Type": "Gather",
          "Parent Relationship": "Outer",
          "Parallel Aware": false,
          "Startup Cost": 346856.28,
          "Total Cost": 346856.89,
          "Plan Rows": 6,
          "Plan Width": 8,
          "Actual Startup Time": 672.387,
          "Actual Total Time": 714.073,
          "Actual Rows": 7,
          "Actual Loops": 1,
          "Workers Planned": 6,
          "Workers Launched": 6,
          "Single Copy": false,
          "Plans": [
            {
              "Node Type": "Aggregate",
              "Strategy": "Plain",
              "Partial Mode": "Partial",
              "Parent Relationship": "Outer",
              "Parallel Aware": false,
              "Startup Cost": 345856.28,
              "Total Cost": 345856.29,
              "Plan Rows": 1,
              "Plan Width": 8,
              "Actual Startup Time": 665.32,
              "Actual Total Time": 665.321,
              "Actual Rows": 1,
              "Actual Loops": 7,
              "Plans": [
                {
                  "Node Type": "Seq Scan",
                  "Parent Relationship": "Outer",
                  "Parallel Aware": true,
                  "Relation Name": "cast_info",
                  "Alias": "ci",
                  "Startup Cost": 0.0,
                  "Total Cost": 343316.27,
                  "Plan Rows": 1016002,
                  "Plan Width": 0,
                  "Actual Startup Time": 236.668,
                  "Actual Total Time": 644.036,
                  "Actual Rows": 379592,
                  "Actual Loops": 7,
                  "Filter": "((person_id < 929828) AND (role_id > 1))",
                  "Rows Removed by Filter": 4798172
                }
              ]
            }
          ]
        }
      ]
    },
    "Planning Time": 0.122,
    "Triggers": [],
    "Execution Time": 714.13
  }
]