{
  "Plan": {
    "Node Type": "Aggregate",
    "Strategy": "Plain",
    "Partial Mode": "Finalize",
    "Parallel Aware": false,
    "Startup Cost": 637828.1,
    "Total Cost": 637828.11,
    "Plan Rows": 1,
    "Plan Width": 8,
    "Actual Startup Time": 1386.12,
    "Actual Total Time": 1422.927,
    "Actual Rows": 1,
    "Actual Loops": 1,
    "Plans": [
      {
        "Node Type": "Gather",
        "Parent Relationship": "Outer",
        "Parallel Aware": false,
        "Startup Cost": 637827.99,
        "Total Cost": 637828.1,
        "Plan Rows": 1,
        "Plan Width": 8,
        "Actual Startup Time": 1384.484,
        "Actual Total Time": 1422.917,
        "Actual Rows": 2,
        "Actual Loops": 1,
        "Workers Planned": 1,
        "Workers Launched": 1,
        "Single Copy": false,
        "Plans": [
          {
            "Node Type": "Aggregate",
            "Strategy": "Plain",
            "Partial Mode": "Partial",
            "Parent Relationship": "Outer",
            "Parallel Aware": false,
            "Startup Cost": 636827.99,
            "Total Cost": 636828.0,
            "Plan Rows": 1,
            "Plan Width": 8,
            "Actual Startup Time": 1378.129,
            "Actual Total Time": 1378.135,
            "Actual Rows": 1,
            "Actual Loops": 2,
            "Plans": [
              {
                "Node Type": "Hash Join",
                "Parent Relationship": "Outer",
                "Parallel Aware": true,
                "Join Type": "Inner",
                "Startup Cost": 594239.61,
                "Total Cost": 636024.18,
                "Plan Rows": 321524,
                "Plan Width": 0,
                "Actual Startup Time": 1107.189,
                "Actual Total Time": 1370.91,
                "Actual Rows": 170016,
                "Actual Loops": 2,
                "Inner Unique": false,
                "Hash Cond": "(mc.movie_id = t.id)",
                "Plans": [
                  {
                    "Node Type": "Seq Scan",
                    "Parent Relationship": "Outer",
                    "Parallel Aware": true,
                    "Relation Name": "movie_companies",
                    "Alias": "mc",
                    "Startup Cost": 0.0,
                    "Total Cost": 34137.82,
                    "Plan Rows": 1534782,
                    "Plan Width": 4,
                    "Actual Startup Time": 0.013,
                    "Actual Total Time": 100.376,
                    "Actual Rows": 1304564,
                    "Actual Loops": 2
                  },
                  {
                    "Node Type": "Hash",
                    "Parent Relationship": "Inner",
                    "Parallel Aware": true,
                    "Startup Cost": 590345.07,
                    "Total Cost": 590345.07,
                    "Plan Rows": 311563,
                    "Plan Width": 8,
                    "Actual Startup Time": 1098.487,
                    "Actual Total Time": 1098.491,
                    "Actual Rows": 103561,
                    "Actual Loops": 2,
                    "Hash Buckets": 1048576,
                    "Original Hash Buckets": 1048576,
                    "Hash Batches": 1,
                    "Original Hash Batches": 1,
                    "Peak Memory Usage": 16352,
                    "Plans": [
                      {
                        "Node Type": "Hash Join",
                        "Parent Relationship": "Outer",
                        "Parallel Aware": true,
                        "Join Type": "Inner",
                        "Startup Cost": 250693.0,
                        "Total Cost": 590345.07,
                        "Plan Rows": 311563,
                        "Plan Width": 8,
                        "Actual Startup Time": 474.573,
                        "Actual Total Time": 1064.981,
                        "Actual Rows": 103561,
                        "Actual Loops": 2,
                        "Inner Unique": true,
                        "Hash Cond": "(ci.movie_id = t.id)",
                        "Plans": [
                          {
                            "Node Type": "Bitmap Heap Scan",
                            "Parent Relationship": "Outer",
                            "Parallel Aware": true,
                            "Relation Name": "cast_info",
                            "Alias": "ci",
                            "Startup Cost": 194414.56,
                            "Total Cost": 525070.32,
                            "Plan Rows": 3427161,
                            "Plan Width": 4,
                            "Actual Startup Time": 309.684,
                            "Actual Total Time": 772.71,
                            "Actual Rows": 798573,
                            "Actual Loops": 2,
                            "Recheck Cond": "(person_id > 2814803)",
                            "Rows Removed by Index Recheck": 0,
                            "Filter": "(role_id < 4)",
                            "Rows Removed by Filter": 3583380,
                            "Exact Heap Blocks": 54757,
                            "Lossy Heap Blocks": 0,
                            "Plans": [
                              {
                                "Node Type": "Bitmap Index Scan",
                                "Parent Relationship": "Outer",
                                "Parallel Aware": false,
                                "Index Name": "person_id_cast_info",
                                "Startup Cost": 0.0,
                                "Total Cost": 192958.02,
                                "Plan Rows": 8836460,
                                "Plan Width": 0,
                                "Actual Startup Time": 292.504,
                                "Actual Total Time": 292.504,
                                "Actual Rows": 8763906,
                                "Actual Loops": 1,
                                "Index Cond": "(person_id > 2814803)"
                              }
                            ]
                          },
                          {
                            "Node Type": "Hash",
                            "Parent Relationship": "Inner",
                            "Parallel Aware": true,
                            "Startup Cost": 54588.39,
                            "Total Cost": 54588.39,
                            "Plan Rows": 135204,
                            "Plan Width": 4,
                            "Actual Startup Time": 163.202,
                            "Actual Total Time": 163.203,
                            "Actual Rows": 115824,
                            "Actual Loops": 2,
                            "Hash Buckets": 262144,
                            "Original Hash Buckets": 262144,
                            "Hash Batches": 1,
                            "Original Hash Batches": 1,
                            "Peak Memory Usage": 11168,
                            "Plans": [
                              {
                                "Node Type": "Seq Scan",
                                "Parent Relationship": "Outer",
                                "Parallel Aware": true,
                                "Relation Name": "title",
                                "Alias": "t",
                                "Startup Cost": 0.0,
                                "Total Cost": 54588.39,
                                "Plan Rows": 135204,
                                "Plan Width": 4,
                                "Actual Startup Time": 0.037,
                                "Actual Total Time": 133.538,
                                "Actual Rows": 115824,
                                "Actual Loops": 2,
                                "Filter": "(production_year > 2011)",
                                "Rows Removed by Filter": 1148332
                              }
                            ]
                          }
                        ]
                      }
                    ]
                  }
                ]
              }
            ]
          }
        ]
      }
    ]
  },
  "Planning Time": 1.006,
  "Triggers": [],
  "Execution Time": 1423.034
}