{
  "Plan": {
    "Node Type": "Aggregate",
    "Strategy": "Plain",
    "Partial Mode": "Finalize",
    "Parallel Aware": false,
    "Startup Cost": 191984.29,
    "Total Cost": 191984.3,
    "Plan Rows": 1,
    "Plan Width": 8,
    "Actual Startup Time": 1133.203,
    "Actual Total Time": 1153.692,
    "Actual Rows": 1,
    "Actual Loops": 1,
    "Plans": [
      {
        "Node Type": "Gather",
        "Parent Relationship": "Outer",
        "Parallel Aware": false,
        "Startup Cost": 191984.17,
        "Total Cost": 191984.28,
        "Plan Rows": 1,
        "Plan Width": 8,
        "Actual Startup Time": 1127.636,
        "Actual Total Time": 1153.685,
        "Actual Rows": 2,
        "Actual Loops": 1,
        "Workers Planned": 1,
        "Workers Launched": 1,
        "Single Copy": false,
        "Plans": [
          {
            "Node Type": "Aggregate",
            "Strategy": "Plain",
            "Partial Mode": "Partial",
            "Parent Relationship": "Outer",
            "Parallel Aware": false,
            "Startup Cost": 190984.17,
            "Total Cost": 190984.18,
            "Plan Rows": 1,
            "Plan Width": 8,
            "Actual Startup Time": 1120.892,
            "Actual Total Time": 1120.898,
            "Actual Rows": 1,
            "Actual Loops": 2,
            "Plans": [
              {
                "Node Type": "Hash Join",
                "Parent Relationship": "Outer",
                "Parallel Aware": true,
                "Join Type": "Inner",
                "Startup Cost": 130136.86,
                "Total Cost": 190282.58,
                "Plan Rows": 280637,
                "Plan Width": 0,
                "Actual Startup Time": 789.665,
                "Actual Total Time": 1103.798,
                "Actual Rows": 415778,
                "Actual Loops": 2,
                "Inner Unique": false,
                "Hash Cond": "(ci.movie_id = t.id)",
                "Plans": [
                  {
                    "Node Type": "Index Scan",
                    "Parent Relationship": "Outer",
                    "Parallel Aware": true,
                    "Scan Direction": "Forward",
                    "Index Name": "role_id_cast_info",
                    "Relation Name": "cast_info",
                    "Alias": "ci",
                    "Startup Cost": 0.56,
                    "Total Cost": 55080.34,
                    "Plan Rows": 910702,
                    "Plan Width": 4,
                    "Actual Startup Time": 0.173,
                    "Actual Total Time": 129.502,
                    "Actual Rows": 767582,
                    "Actual Loops": 2,
                    "Index Cond": "(role_id = 8)",
                    "Rows Removed by Index Recheck": 0,
                    "Filter": "(person_id > 346132)",
                    "Rows Removed by Filter": 84190
                  },
                  {
                    "Node Type": "Hash",
                    "Parent Relationship": "Inner",
                    "Parallel Aware": true,
                    "Startup Cost": 124407.57,
                    "Total Cost": 124407.57,
                    "Plan Rows": 458298,
                    "Plan Width": 8,
                    "Actual Startup Time": 780.732,
                    "Actual Total Time": 780.736,
                    "Actual Rows": 491708,
                    "Actual Loops": 2,
                    "Hash Buckets": 1048576,
                    "Original Hash Buckets": 1048576,
                    "Hash Batches": 1,
                    "Original Hash Batches": 1,
                    "Peak Memory Usage": 46688,
                    "Plans": [
                      {
                        "Node Type": "Hash Join",
                        "Parent Relationship": "Outer",
                        "Parallel Aware": true,
                        "Join Type": "Inner",
                        "Startup Cost": 64412.96,
                        "Total Cost": 124407.57,
                        "Plan Rows": 458298,
                        "Plan Width": 8,
                        "Actual Startup Time": 368.716,
                        "Actual Total Time": 680.24,
                        "Actual Rows": 491708,
                        "Actual Loops": 2,
                        "Inner Unique": true,
                        "Hash Cond": "(mk.movie_id = t.id)",
                        "Plans": [
                          {
                            "Node Type": "Seq Scan",
                            "Parent Relationship": "Outer",
                            "Parallel Aware": true,
                            "Relation Name": "movie_keyword",
                            "Alias": "mk",
                            "Startup Cost": 0.0,
                            "Total Cost": 57718.19,
                            "Plan Rows": 867206,
                            "Plan Width": 4,
                            "Actual Startup Time": 1.099,
                            "Actual Total Time": 177.999,
                            "Actual Rows": 741476,
                            "Actual Loops": 2,
                            "Filter": "(keyword_id > 11039)",
                            "Rows Removed by Filter": 1520489
                          },
                          {
                            "Node Type": "Hash",
                            "Parent Relationship": "Inner",
                            "Parallel Aware": true,
                            "Startup Cost": 54588.39,
                            "Total Cost": 54588.39,
                            "Plan Rows": 785966,
                            "Plan Width": 4,
                            "Actual Startup Time": 358.14,
                            "Actual Total Time": 358.141,
                            "Actual Rows": 674146,
                            "Actual Loops": 2,
                            "Hash Buckets": 2097152,
                            "Original Hash Buckets": 2097152,
                            "Hash Batches": 1,
                            "Original Hash Batches": 1,
                            "Peak Memory Usage": 69152,
                            "Plans": [
                              {
                                "Node Type": "Seq Scan",
                                "Parent Relationship": "Outer",
                                "Parallel Aware": true,
                                "Relation Name": "title",
                                "Alias": "t",
                                "Startup Cost": 0.0,
                                "Total Cost": 54588.39,
                                "Plan Rows": 785966,
                                "Plan Width": 4,
                                "Actual Startup Time": 0.035,
                                "Actual Total Time": 166.946,
                                "Actual Rows": 674146,
                                "Actual Loops": 2,
                                "Filter": "(production_year < 2005)",
                                "Rows Removed by Filter": 590010
                              }
                            ]
                          }
                        ]
                      }
                    ]
                  }
                ]
              }
            ]
          }
        ]
      }
    ]
  },
  "Planning Time": 0.972,
  "Triggers": [],
  "Execution Time": 1153.783
}