[
  {
    "Plan": {
      "Node Type": "Aggregate",
      "Strategy": "Plain",
      "Partial Mode": "Finalize",
      "Parallel Aware": false,
      "Startup Cost": 241261.16,
      "Total Cost": 241261.17,
      "Plan Rows": 1,
      "Plan Width": 8,
      "Actual Startup Time": 555.677,
      "Actual Total Time": 572.968,
      "Actual Rows": 1,
      "Actual Loops": 1,
      "Plans": [
        {
          "Node Type": "Gather",
          "Parent Relationship": "Outer",
          "Parallel Aware": false,
          "Startup Cost": 241260.94,
          "Total Cost": 241261.15,
          "Plan Rows": 2,
          "Plan Width": 8,
          "Actual Startup Time": 549.354,
          "Actual Total Time": 572.961,
          "Actual Rows": 3,
          "Actual Loops": 1,
          "Workers Planned": 2,
          "Workers Launched": 2,
          "Single Copy": false,
          "Plans": [
            {
              "Node Type": "Aggregate",
              "Strategy": "Plain",
              "Partial Mode": "Partial",
              "Parent Relationship": "Outer",
              "Parallel Aware": false,
              "Startup Cost": 240260.94,
              "Total Cost": 240260.95,
              "Plan Rows": 1,
              "Plan Width": 8,
              "Actual Startup Time": 540.843,
              "Actual Total Time": 540.849,
              "Actual Rows": 1,
              "Actual Loops": 3,
              "Plans": [
                {
                  "Node Type": "Hash Join",
                  "Parent Relationship": "Outer",
                  "Parallel Aware": true,
                  "Join Type": "Inner",
                  "Startup Cost": 224074.11,
                  "Total Cost": 240069.07,
                  "Plan Rows": 76751,
                  "Plan Width": 0,
                  "Actual Startup Time": 436.6,
                  "Actual Total Time": 531.233,
                  "Actual Rows": 251081,
                  "Actual Loops": 3,
                  "Inner Unique": false,
                  "Hash Cond": "(mi_idx.movie_id = t.id)",
                  "Plans": [
                    {
                      "Node Type": "Seq Scan",
                      "Parent Relationship": "Outer",
                      "Parallel Aware": true,
                      "Relation Name": "movie_info_idx",
                      "Alias": "mi_idx",
                      "Startup Cost": 0.0,
                      "Total Cost": 13685.15,
                      "Plan Rows": 575015,
                      "Plan Width": 4,
                      "Actual Startup Time": 0.046,
                      "Actual Total Time": 34.405,
                      "Actual Rows": 460012,
                      "Actual Loops": 3
                    },
                    {
                      "Node Type": "Hash",
                      "Parent Relationship": "Inner",
                      "Parallel Aware": true,
                      "Startup Cost": 223230.44,
                      "Total Cost": 223230.44,
                      "Plan Rows": 67494,
                      "Plan Width": 8,
                      "Actual Startup Time": 432.304,
                      "Actual Total Time": 432.308,
                      "Actual Rows": 88933,
                      "Actual Loops": 3,
                      "Hash Buckets": 524288,
                      "Original Hash Buckets": 524288,
                      "Hash Batches": 1,
                      "Original Hash Batches": 1,
                      "Peak Memory Usage": 14592,
                      "Plans": [
                        {
                          "Node Type": "Hash Join",
                          "Parent Relationship": "Outer",
                          "Parallel Aware": true,
                          "Join Type": "Inner",
                          "Startup Cost": 59377.06,
                          "Total Cost": 223230.44,
                          "Plan Rows": 67494,
                          "Plan Width": 8,
                          "Actual Startup Time": 318.893,
                          "Actual Total Time": 409.886,
                          "Actual Rows": 88933,
                          "Actual Loops": 3,
                          "Inner Unique": true,
                          "Hash Cond": "(mi.movie_id = t.id)",
                          "Plans": [
                            {
                              "Node Type": "Bitmap Heap Scan",
                              "Parent Relationship": "Outer",
                              "Parallel Aware": true,
                              "Relation Name": "movie_info",
                              "Alias": "mi",
                              "Startup Cost": 11142.68,
                              "Total Cost": 174673.18,
                              "Plan Rows": 123000,
                              "Plan Width": 4,
                              "Actual Startup Time": 24.864,
                              "Actual Total Time": 77.403,
                              "Actual Rows": 199486,
                              "Actual Loops": 3,
                              "Recheck Cond": "(info_type_id = 15)",
                              "Rows Removed by Index Recheck": 0,
                              "Exact Heap Blocks": 8894,
                              "Lossy Heap Blocks": 0,
                              "Plans": [
                                {
                                  "Node Type": "Bitmap Index Scan",
                                  "Parent Relationship": "Outer",
                                  "Parallel Aware": false,
                                  "Index Name": "info_type_id_movie_info",
                                  "Startup Cost": 0.0,
                                  "Total Cost": 10988.93,
                                  "Plan Rows": 615000,
                                  "Plan Width": 0,
                                  "Actual Startup Time": 21.647,
                                  "Actual Total Time": 21.647,
                                  "Actual Rows": 598457,
                                  "Actual Loops": 1,
                                  "Index Cond": "(info_type_id = 15)"
                                }
                              ]
                            },
                            {
                              "Node Type": "Hash",
                              "Parent Relationship": "Inner",
                              "Parallel Aware": true,
                              "Startup Cost": 43898.92,
                              "Total Cost": 43898.92,
                              "Plan Rows": 346837,
                              "Plan Width": 4,
                              "Actual Startup Time": 286.493,
                              "Actual Total Time": 286.494,
                              "Actual Rows": 460484,
                              "Actual Loops": 3,
                              "Hash Buckets": 2097152,
                              "Original Hash Buckets": 2097152,
                              "Hash Batches": 1,
                              "Original Hash Batches": 1,
                              "Peak Memory Usage": 70464,
                              "Plans": [
                                {
                                  "Node Type": "Seq Scan",
                                  "Parent Relationship": "Outer",
                                  "Parallel Aware": true,
                                  "Relation Name": "title",
                                  "Alias": "t",
                                  "Startup Cost": 0.0,
                                  "Total Cost": 43898.92,
                                  "Plan Rows": 346837,
                                  "Plan Width": 4,
                                  "Actual Startup Time": 0.044,
                                  "Actual Total Time": 126.757,
                                  "Actual Rows": 460484,
                                  "Actual Loops": 3,
                                  "Filter": "(production_year > 2000)",
                                  "Rows Removed by Filter": 382286
                                }
                              ]
                            }
                          ]
                        }
                      ]
                    }
                  ]
                }
              ]
            }
          ]
        }
      ]
    },
    "Planning Time": 1.401,
    "Triggers": [],
    "Execution Time": 573.071
  }
]