[
    {
        "Bao": {
            "Bao prediction": "NaN",
            "Bao recommended hint": "(no hint)"
        }
    },
    {
        "Plan": {
            "Node Type": "Aggregate",
            "Strategy": "Plain",
            "Partial Mode": "Finalize",
            "Parallel Aware": false,
            "Startup Cost": 68036.41,
            "Total Cost": 68036.42,
            "Plan Rows": 1,
            "Plan Width": 8,
            "Actual Startup Time": 179.016,
            "Actual Total Time": 188.452,
            "Actual Rows": 1,
            "Actual Loops": 1,
            "Output": [
                "count(*)"
            ],
            "Plans": [
                {
                    "Node Type": "Gather",
                    "Parent Relationship": "Outer",
                    "Parallel Aware": false,
                    "Startup Cost": 68035.99,
                    "Total Cost": 68036.4,
                    "Plan Rows": 4,
                    "Plan Width": 8,
                    "Actual Startup Time": 178.052,
                    "Actual Total Time": 188.442,
                    "Actual Rows": 5,
                    "Actual Loops": 1,
                    "Output": [
                        "(PARTIAL count(*))"
                    ],
                    "Workers Planned": 4,
                    "Workers Launched": 4,
                    "Single Copy": false,
                    "Plans": [
                        {
                            "Node Type": "Aggregate",
                            "Strategy": "Plain",
                            "Partial Mode": "Partial",
                            "Parent Relationship": "Outer",
                            "Parallel Aware": false,
                            "Startup Cost": 67035.99,
                            "Total Cost": 67036.0,
                            "Plan Rows": 1,
                            "Plan Width": 8,
                            "Actual Startup Time": 168.468,
                            "Actual Total Time": 168.473,
                            "Actual Rows": 1,
                            "Actual Loops": 5,
                            "Output": [
                                "PARTIAL count(*)"
                            ],
                            "Workers": [
                                {
                                    "Worker Number": 0,
                                    "Actual Startup Time": 165.959,
                                    "Actual Total Time": 165.962,
                                    "Actual Rows": 1,
                                    "Actual Loops": 1
                                },
                                {
                                    "Worker Number": 1,
                                    "Actual Startup Time": 166.028,
                                    "Actual Total Time": 166.039,
                                    "Actual Rows": 1,
                                    "Actual Loops": 1
                                },
                                {
                                    "Worker Number": 2,
                                    "Actual Startup Time": 166.349,
                                    "Actual Total Time": 166.353,
                                    "Actual Rows": 1,
                                    "Actual Loops": 1
                                },
                                {
                                    "Worker Number": 3,
                                    "Actual Startup Time": 166.392,
                                    "Actual Total Time": 166.395,
                                    "Actual Rows": 1,
                                    "Actual Loops": 1
                                }
                            ],
                            "Plans": [
                                {
                                    "Node Type": "Hash Join",
                                    "Parent Relationship": "Outer",
                                    "Parallel Aware": true,
                                    "Join Type": "Inner",
                                    "Startup Cost": 21130.3,
                                    "Total Cost": 67005.85,
                                    "Plan Rows": 12056,
                                    "Plan Width": 0,
                                    "Actual Startup Time": 31.764,
                                    "Actual Total Time": 167.316,
                                    "Actual Rows": 14249,
                                    "Actual Loops": 5,
                                    "Inner Unique": false,
                                    "Hash Cond": "(t.id = mc.movie_id)",
                                    "Workers": [
                                        {
                                            "Worker Number": 0,
                                            "Actual Startup Time": 29.213,
                                            "Actual Total Time": 164.711,
                                            "Actual Rows": 11039,
                                            "Actual Loops": 1
                                        },
                                        {
                                            "Worker Number": 1,
                                            "Actual Startup Time": 29.294,
                                            "Actual Total Time": 164.887,
                                            "Actual Rows": 17030,
                                            "Actual Loops": 1
                                        },
                                        {
                                            "Worker Number": 2,
                                            "Actual Startup Time": 29.642,
                                            "Actual Total Time": 165.123,
                                            "Actual Rows": 10677,
                                            "Actual Loops": 1
                                        },
                                        {
                                            "Worker Number": 3,
                                            "Actual Startup Time": 29.748,
                                            "Actual Total Time": 165.187,
                                            "Actual Rows": 9876,
                                            "Actual Loops": 1
                                        }
                                    ],
                                    "Plans": [
                                        {
                                            "Node Type": "Seq Scan",
                                            "Parent Relationship": "Outer",
                                            "Parallel Aware": true,
                                            "Relation Name": "title",
                                            "Schema": "public",
                                            "Alias": "t",
                                            "Startup Cost": 0.0,
                                            "Total Cost": 43899.01,
                                            "Plan Rows": 387530,
                                            "Plan Width": 4,
                                            "Actual Startup Time": 0.013,
                                            "Actual Total Time": 89.565,
                                            "Actual Rows": 310345,
                                            "Actual Loops": 5,
                                            "Output": [
                                                "t.id",
                                                "t.title",
                                                "t.imdb_index",
                                                "t.kind_id",
                                                "t.production_year",
                                                "t.imdb_id",
                                                "t.phonetic_code",
                                                "t.episode_of_id",
                                                "t.season_nr",
                                                "t.episode_nr",
                                                "t.series_years",
                                                "t.md5sum"
                                            ],
                                            "Filter": "(t.production_year < 2007)",
                                            "Rows Removed by Filter": 195317,
                                            "Workers": [
                                                {
                                                    "Worker Number": 0,
                                                    "Actual Startup Time": 0.015,
                                                    "Actual Total Time": 90.981,
                                                    "Actual Rows": 241486,
                                                    "Actual Loops": 1
                                                },
                                                {
                                                    "Worker Number": 1,
                                                    "Actual Startup Time": 0.008,
                                                    "Actual Total Time": 89.702,
                                                    "Actual Rows": 369171,
                                                    "Actual Loops": 1
                                                },
                                                {
                                                    "Worker Number": 2,
                                                    "Actual Startup Time": 0.016,
                                                    "Actual Total Time": 89.782,
                                                    "Actual Rows": 233654,
                                                    "Actual Loops": 1
                                                },
                                                {
                                                    "Worker Number": 3,
                                                    "Actual Startup Time": 0.02,
                                                    "Actual Total Time": 91.597,
                                                    "Actual Rows": 214990,
                                                    "Actual Loops": 1
                                                }
                                            ]
                                        },
                                        {
                                            "Node Type": "Hash",
                                            "Parent Relationship": "Inner",
                                            "Parallel Aware": true,
                                            "Startup Cost": 20813.15,
                                            "Total Cost": 20813.15,
                                            "Plan Rows": 25372,
                                            "Plan Width": 4,
                                            "Actual Startup Time": 31.004,
                                            "Actual Total Time": 31.007,
                                            "Actual Rows": 16814,
                                            "Actual Loops": 5,
                                            "Output": [
                                                "mc.movie_id"
                                            ],
                                            "Hash Buckets": 131072,
                                            "Original Hash Buckets": 131072,
                                            "Hash Batches": 1,
                                            "Original Hash Batches": 1,
                                            "Peak Memory Usage": 4384,
                                            "Workers": [
                                                {
                                                    "Worker Number": 0,
                                                    "Actual Startup Time": 28.678,
                                                    "Actual Total Time": 28.68,
                                                    "Actual Rows": 12852,
                                                    "Actual Loops": 1
                                                },
                                                {
                                                    "Worker Number": 1,
                                                    "Actual Startup Time": 28.834,
                                                    "Actual Total Time": 28.844,
                                                    "Actual Rows": 13049,
                                                    "Actual Loops": 1
                                                },
                                                {
                                                    "Worker Number": 2,
                                                    "Actual Startup Time": 29.18,
                                                    "Actual Total Time": 29.181,
                                                    "Actual Rows": 10648,
                                                    "Actual Loops": 1
                                                },
                                                {
                                                    "Worker Number": 3,
                                                    "Actual Startup Time": 29.218,
                                                    "Actual Total Time": 29.219,
                                                    "Actual Rows": 9377,
                                                    "Actual Loops": 1
                                                }
                                            ],
                                            "Plans": [
                                                {
                                                    "Node Type": "Bitmap Heap Scan",
                                                    "Parent Relationship": "Outer",
                                                    "Parallel Aware": true,
                                                    "Relation Name": "movie_companies",
                                                    "Schema": "public",
                                                    "Alias": "mc",
                                                    "Startup Cost": 1706.0,
                                                    "Total Cost": 20813.15,
                                                    "Plan Rows": 25372,
                                                    "Plan Width": 4,
                                                    "Actual Startup Time": 2.383,
                                                    "Actual Total Time": 22.474,
                                                    "Actual Rows": 16814,
                                                    "Actual Loops": 5,
                                                    "Output": [
                                                        "mc.movie_id"
                                                    ],
                                                    "Recheck Cond": "(mc.company_id < 19)",
                                                    "Rows Removed by Index Recheck": 0,
                                                    "Exact Heap Blocks": 4619,
                                                    "Lossy Heap Blocks": 0,
                                                    "Workers": [
                                                        {
                                                            "Worker Number": 0,
                                                            "Actual Startup Time": 0.194,
                                                            "Actual Total Time": 20.667,
                                                            "Actual Rows": 12852,
                                                            "Actual Loops": 1
                                                        },
                                                        {
                                                            "Worker Number": 1,
                                                            "Actual Startup Time": 0.249,
                                                            "Actual Total Time": 21.016,
                                                            "Actual Rows": 13049,
                                                            "Actual Loops": 1
                                                        },
                                                        {
                                                            "Worker Number": 2,
                                                            "Actual Startup Time": 0.459,
                                                            "Actual Total Time": 21.475,
                                                            "Actual Rows": 10648,
                                                            "Actual Loops": 1
                                                        },
                                                        {
                                                            "Worker Number": 3,
                                                            "Actual Startup Time": 0.763,
                                                            "Actual Total Time": 21.374,
                                                            "Actual Rows": 9377,
                                                            "Actual Loops": 1
                                                        }
                                                    ],
                                                    "Plans": [
                                                        {
                                                            "Node Type": "Bitmap Index Scan",
                                                            "Parent Relationship": "Outer",
                                                            "Parallel Aware": false,
                                                            "Index Name": "company_id_movie_companies",
                                                            "Startup Cost": 0.0,
                                                            "Total Cost": 1686.34,
                                                            "Plan Rows": 78654,
                                                            "Plan Width": 0,
                                                            "Actual Startup Time": 7.747,
                                                            "Actual Total Time": 7.747,
                                                            "Actual Rows": 84071,
                                                            "Actual Loops": 1,
                                                            "Index Cond": "(mc.company_id < 19)"
                                                        }
                                                    ]
                                                }
                                            ]
                                        }
                                    ]
                                }
                            ]
                        }
                    ]
                }
            ]
        },
        "Planning Time": 184.592,
        "Triggers": [],
        "Execution Time": 188.539
    }
]