[
  {
    "Plan": {
      "Node Type": "Aggregate",
      "Strategy": "Plain",
      "Partial Mode": "Finalize",
      "Parallel Aware": false,
      "Startup Cost": 32719.32,
      "Total Cost": 32719.33,
      "Plan Rows": 1,
      "Plan Width": 8,
      "Actual Startup Time": 98.297,
      "Actual Total Time": 106.526,
      "Actual Rows": 1,
      "Actual Loops": 1,
      "Plans": [
        {
          "Node Type": "Gather",
          "Parent Relationship": "Outer",
          "Parallel Aware": false,
          "Startup Cost": 32719.0,
          "Total Cost": 32719.31,
          "Plan Rows": 3,
          "Plan Width": 8,
          "Actual Startup Time": 98.188,
          "Actual Total Time": 106.517,
          "Actual Rows": 4,
          "Actual Loops": 1,
          "Workers Planned": 3,
          "Workers Launched": 3,
          "Single Copy": false,
          "Plans": [
            {
              "Node Type": "Aggregate",
              "Strategy": "Plain",
              "Partial Mode": "Partial",
              "Parent Relationship": "Outer",
              "Parallel Aware": false,
              "Startup Cost": 31719.0,
              "Total Cost": 31719.01,
              "Plan Rows": 1,
              "Plan Width": 8,
              "Actual Startup Time": 90.933,
              "Actual Total Time": 90.934,
              "Actual Rows": 1,
              "Actual Loops": 4,
              "Plans": [
                {
                  "Node Type": "Seq Scan",
                  "Parent Relationship": "Outer",
                  "Parallel Aware": true,
                  "Relation Name": "movie_companies",
                  "Alias": "mc",
                  "Startup Cost": 0.0,
                  "Total Cost": 31414.82,
                  "Plan Rows": 121673,
                  "Plan Width": 0,
                  "Actual Startup Time": 47.656,
                  "Actual Total Time": 83.243,
                  "Actual Rows": 175700,
                  "Actual Loops": 4,
                  "Filter": "((company_id > 35769) AND (company_type_id = 2))",
                  "Rows Removed by Filter": 476583
                }
              ]
            }
          ]
        }
      ]
    },
    "Planning Time": 0.187,
    "Triggers": [],
    "Execution Time": 106.577
  }
]