[
  {
    "Plan": {
      "Node Type": "Aggregate",
      "Strategy": "Plain",
      "Partial Mode": "Finalize",
      "Parallel Aware": false,
      "Startup Cost": 47162.16,
      "Total Cost": 47162.17,
      "Plan Rows": 1,
      "Plan Width": 8,
      "Actual Startup Time": 179.152,
      "Actual Total Time": 188.63,
      "Actual Rows": 1,
      "Actual Loops": 1,
      "Plans": [
        {
          "Node Type": "Gather",
          "Parent Relationship": "Outer",
          "Parallel Aware": false,
          "Startup Cost": 47161.85,
          "Total Cost": 47162.16,
          "Plan Rows": 3,
          "Plan Width": 8,
          "Actual Startup Time": 179.032,
          "Actual Total Time": 188.621,
          "Actual Rows": 4,
          "Actual Loops": 1,
          "Workers Planned": 3,
          "Workers Launched": 3,
          "Single Copy": false,
          "Plans": [
            {
              "Node Type": "Aggregate",
              "Strategy": "Plain",
              "Partial Mode": "Partial",
              "Parent Relationship": "Outer",
              "Parallel Aware": false,
              "Startup Cost": 46161.85,
              "Total Cost": 46161.86,
              "Plan Rows": 1,
              "Plan Width": 8,
              "Actual Startup Time": 170.444,
              "Actual Total Time": 170.445,
              "Actual Rows": 1,
              "Actual Loops": 4,
              "Plans": [
                {
                  "Node Type": "Seq Scan",
                  "Parent Relationship": "Outer",
                  "Parallel Aware": true,
                  "Relation Name": "movie_keyword",
                  "Alias": "mk",
                  "Startup Cost": 0.0,
                  "Total Cost": 42695.65,
                  "Plan Rows": 1386477,
                  "Plan Width": 0,
                  "Actual Startup Time": 0.069,
                  "Actual Total Time": 123.361,
                  "Actual Rows": 1076944,
                  "Actual Loops": 4,
                  "Filter": "(keyword_id < 65418)",
                  "Rows Removed by Filter": 54039
                }
              ]
            }
          ]
        }
      ]
    },
    "Planning Time": 0.152,
    "Triggers": [],
    "Execution Time": 188.68
  }
]