[
  {
    "Plan": {
      "Node Type": "Aggregate",
      "Strategy": "Plain",
      "Partial Mode": "Finalize",
      "Parallel Aware": false,
      "Startup Cost": 39510.01,
      "Total Cost": 39510.02,
      "Plan Rows": 1,
      "Plan Width": 8,
      "Actual Startup Time": 132.225,
      "Actual Total Time": 140.554,
      "Actual Rows": 1,
      "Actual Loops": 1,
      "Plans": [
        {
          "Node Type": "Gather",
          "Parent Relationship": "Outer",
          "Parallel Aware": false,
          "Startup Cost": 39509.69,
          "Total Cost": 39510.0,
          "Plan Rows": 3,
          "Plan Width": 8,
          "Actual Startup Time": 131.982,
          "Actual Total Time": 140.545,
          "Actual Rows": 4,
          "Actual Loops": 1,
          "Workers Planned": 3,
          "Workers Launched": 3,
          "Single Copy": false,
          "Plans": [
            {
              "Node Type": "Aggregate",
              "Strategy": "Plain",
              "Partial Mode": "Partial",
              "Parent Relationship": "Outer",
              "Parallel Aware": false,
              "Startup Cost": 38509.69,
              "Total Cost": 38509.7,
              "Plan Rows": 1,
              "Plan Width": 8,
              "Actual Startup Time": 125.751,
              "Actual Total Time": 125.753,
              "Actual Rows": 1,
              "Actual Loops": 4,
              "Plans": [
                {
                  "Node Type": "Bitmap Heap Scan",
                  "Parent Relationship": "Outer",
                  "Parallel Aware": true,
                  "Relation Name": "movie_keyword",
                  "Alias": "mk",
                  "Startup Cost": 11445.34,
                  "Total Cost": 38074.63,
                  "Plan Rows": 174023,
                  "Plan Width": 0,
                  "Actual Startup Time": 47.933,
                  "Actual Total Time": 118.065,
                  "Actual Rows": 138932,
                  "Actual Loops": 4,
                  "Recheck Cond": "(keyword_id < 398)",
                  "Rows Removed by Index Recheck": 0,
                  "Exact Heap Blocks": 10984,
                  "Lossy Heap Blocks": 0,
                  "Plans": [
                    {
                      "Node Type": "Bitmap Index Scan",
                      "Parent Relationship": "Outer",
                      "Parallel Aware": false,
                      "Index Name": "keyword_id_movie_keyword",
                      "Startup Cost": 0.0,
                      "Total Cost": 11310.47,
                      "Plan Rows": 539472,
                      "Plan Width": 0,
                      "Actual Startup Time": 49.741,
                      "Actual Total Time": 49.741,
                      "Actual Rows": 555726,
                      "Actual Loops": 1,
                      "Index Cond": "(keyword_id < 398)"
                    }
                  ]
                }
              ]
            }
          ]
        }
      ]
    },
    "Planning Time": 0.233,
    "Triggers": [],
    "Execution Time": 140.633
  }
]