[
  {
    "Plan": {
      "Node Type": "Aggregate",
      "Strategy": "Plain",
      "Partial Mode": "Finalize",
      "Parallel Aware": false,
      "Startup Cost": 98068.6,
      "Total Cost": 98068.61,
      "Plan Rows": 1,
      "Plan Width": 8,
      "Actual Startup Time": 243.122,
      "Actual Total Time": 262.594,
      "Actual Rows": 1,
      "Actual Loops": 1,
      "Plans": [
        {
          "Node Type": "Gather",
          "Parent Relationship": "Outer",
          "Parallel Aware": false,
          "Startup Cost": 98068.28,
          "Total Cost": 98068.59,
          "Plan Rows": 3,
          "Plan Width": 8,
          "Actual Startup Time": 242.749,
          "Actual Total Time": 262.586,
          "Actual Rows": 4,
          "Actual Loops": 1,
          "Workers Planned": 3,
          "Workers Launched": 3,
          "Single Copy": false,
          "Plans": [
            {
              "Node Type": "Aggregate",
              "Strategy": "Plain",
              "Partial Mode": "Partial",
              "Parent Relationship": "Outer",
              "Parallel Aware": false,
              "Startup Cost": 97068.28,
              "Total Cost": 97068.29,
              "Plan Rows": 1,
              "Plan Width": 8,
              "Actual Startup Time": 233.549,
              "Actual Total Time": 233.552,
              "Actual Rows": 1,
              "Actual Loops": 4,
              "Plans": [
                {
                  "Node Type": "Nested Loop",
                  "Parent Relationship": "Outer",
                  "Parallel Aware": false,
                  "Join Type": "Inner",
                  "Startup Cost": 45752.15,
                  "Total Cost": 97039.45,
                  "Plan Rows": 11533,
                  "Plan Width": 0,
                  "Actual Startup Time": 106.706,
                  "Actual Total Time": 233.021,
                  "Actual Rows": 10675,
                  "Actual Loops": 4,
                  "Inner Unique": false,
                  "Join Filter": "(t.id = mc.movie_id)",
                  "Rows Removed by Join Filter": 0,
                  "Plans": [
                    {
                      "Node Type": "Hash Join",
                      "Parent Relationship": "Outer",
                      "Parallel Aware": true,
                      "Join Type": "Inner",
                      "Startup Cost": 45751.72,
                      "Total Cost": 89297.55,
                      "Plan Rows": 11175,
                      "Plan Width": 8,
                      "Actual Startup Time": 106.623,
                      "Actual Total Time": 215.181,
                      "Actual Rows": 3833,
                      "Actual Loops": 4,
                      "Inner Unique": true,
                      "Hash Cond": "(mk.movie_id = t.id)",
                      "Plans": [
                        {
                          "Node Type": "Seq Scan",
                          "Parent Relationship": "Outer",
                          "Parallel Aware": true,
                          "Relation Name": "movie_keyword",
                          "Alias": "mk",
                          "Startup Cost": 0.0,
                          "Total Cost": 42695.65,
                          "Plan Rows": 323877,
                          "Plan Width": 4,
                          "Actual Startup Time": 1.267,
                          "Actual Total Time": 85.719,
                          "Actual Rows": 250604,
                          "Actual Loops": 4,
                          "Filter": "(keyword_id > 18436)",
                          "Rows Removed by Filter": 880379
                        },
                        {
                          "Node Type": "Hash",
                          "Parent Relationship": "Inner",
                          "Parallel Aware": true,
                          "Startup Cost": 45479.1,
                          "Total Cost": 45479.1,
                          "Plan Rows": 21810,
                          "Plan Width": 4,
                          "Actual Startup Time": 103.513,
                          "Actual Total Time": 103.513,
                          "Actual Rows": 24434,
                          "Actual Loops": 4,
                          "Hash Buckets": 131072,
                          "Original Hash Buckets": 131072,
                          "Hash Batches": 1,
                          "Original Hash Batches": 1,
                          "Peak Memory Usage": 4928,
                          "Plans": [
                            {
                              "Node Type": "Seq Scan",
                              "Parent Relationship": "Outer",
                              "Parallel Aware": true,
                              "Relation Name": "title",
                              "Alias": "t",
                              "Startup Cost": 0.0,
                              "Total Cost": 45479.1,
                              "Plan Rows": 21810,
                              "Plan Width": 4,
                              "Actual Startup Time": 0.043,
                              "Actual Total Time": 93.636,
                              "Actual Rows": 24434,
                              "Actual Loops": 4,
                              "Filter": "((kind_id > 2) AND (production_year = 2007))",
                              "Rows Removed by Filter": 607644
                            }
                          ]
                        }
                      ]
                    },
                    {
                      "Node Type": "Index Only Scan",
                      "Parent Relationship": "Inner",
                      "Parallel Aware": false,
                      "Scan Direction": "Forward",
                      "Index Name": "movie_id_movie_companies",
                      "Relation Name": "movie_companies",
                      "Alias": "mc",
                      "Startup Cost": 0.43,
                      "Total Cost": 0.63,
                      "Plan Rows": 5,
                      "Plan Width": 4,
                      "Actual Startup Time": 0.003,
                      "Actual Total Time": 0.004,
                      "Actual Rows": 3,
                      "Actual Loops": 15331,
                      "Index Cond": "(movie_id = mk.movie_id)",
                      "Rows Removed by Index Recheck": 0,
                      "Heap Fetches": 42700
                    }
                  ]
                }
              ]
            }
          ]
        }
      ]
    },
    "Planning Time": 1.464,
    "Triggers": [],
    "Execution Time": 262.685
  }
]