[
  {
    "Plan": {
      "Node Type": "Aggregate",
      "Strategy": "Plain",
      "Partial Mode": "Finalize",
      "Parallel Aware": false,
      "Startup Cost": 254391.9,
      "Total Cost": 254391.91,
      "Plan Rows": 1,
      "Plan Width": 8,
      "Actual Startup Time": 298.807,
      "Actual Total Time": 323.179,
      "Actual Rows": 1,
      "Actual Loops": 1,
      "Plans": [
        {
          "Node Type": "Gather",
          "Parent Relationship": "Outer",
          "Parallel Aware": false,
          "Startup Cost": 254391.27,
          "Total Cost": 254391.88,
          "Plan Rows": 6,
          "Plan Width": 8,
          "Actual Startup Time": 298.63,
          "Actual Total Time": 323.164,
          "Actual Rows": 7,
          "Actual Loops": 1,
          "Workers Planned": 6,
          "Workers Launched": 6,
          "Single Copy": false,
          "Plans": [
            {
              "Node Type": "Aggregate",
              "Strategy": "Plain",
              "Partial Mode": "Partial",
              "Parent Relationship": "Outer",
              "Parallel Aware": false,
              "Startup Cost": 253391.27,
              "Total Cost": 253391.28,
              "Plan Rows": 1,
              "Plan Width": 8,
              "Actual Startup Time": 289.022,
              "Actual Total Time": 289.024,
              "Actual Rows": 1,
              "Actual Loops": 7,
              "Plans": [
                {
                  "Node Type": "Index Scan",
                  "Parent Relationship": "Outer",
                  "Parallel Aware": true,
                  "Scan Direction": "Forward",
                  "Index Name": "role_id_cast_info",
                  "Relation Name": "cast_info",
                  "Alias": "ci",
                  "Startup Cost": 0.56,
                  "Total Cost": 253362.23,
                  "Plan Rows": 11619,
                  "Plan Width": 0,
                  "Actual Startup Time": 29.918,
                  "Actual Total Time": 288.702,
                  "Actual Rows": 4752,
                  "Actual Loops": 7,
                  "Index Cond": "(role_id > 4)",
                  "Rows Removed by Index Recheck": 0,
                  "Filter": "(person_id < 32706)",
                  "Rows Removed by Filter": 1335920
                }
              ]
            }
          ]
        }
      ]
    },
    "Planning Time": 0.235,
    "Triggers": [],
    "Execution Time": 323.229
  }
]