[
  {
    "Plan": {
      "Node Type": "Aggregate",
      "Strategy": "Plain",
      "Partial Mode": "Finalize",
      "Parallel Aware": false,
      "Startup Cost": 31523.61,
      "Total Cost": 31523.62,
      "Plan Rows": 1,
      "Plan Width": 8,
      "Actual Startup Time": 102.663,
      "Actual Total Time": 111.246,
      "Actual Rows": 1,
      "Actual Loops": 1,
      "Plans": [
        {
          "Node Type": "Gather",
          "Parent Relationship": "Outer",
          "Parallel Aware": false,
          "Startup Cost": 31523.29,
          "Total Cost": 31523.6,
          "Plan Rows": 3,
          "Plan Width": 8,
          "Actual Startup Time": 102.526,
          "Actual Total Time": 111.236,
          "Actual Rows": 4,
          "Actual Loops": 1,
          "Workers Planned": 3,
          "Workers Launched": 3,
          "Single Copy": false,
          "Plans": [
            {
              "Node Type": "Aggregate",
              "Strategy": "Plain",
              "Partial Mode": "Partial",
              "Parent Relationship": "Outer",
              "Parallel Aware": false,
              "Startup Cost": 30523.29,
              "Total Cost": 30523.3,
              "Plan Rows": 1,
              "Plan Width": 8,
              "Actual Startup Time": 95.641,
              "Actual Total Time": 95.642,
              "Actual Rows": 1,
              "Actual Loops": 4,
              "Plans": [
                {
                  "Node Type": "Seq Scan",
                  "Parent Relationship": "Outer",
                  "Parallel Aware": true,
                  "Relation Name": "movie_companies",
                  "Alias": "mc",
                  "Startup Cost": 0.0,
                  "Total Cost": 29310.68,
                  "Plan Rows": 485045,
                  "Plan Width": 0,
                  "Actual Startup Time": 11.983,
                  "Actual Total Time": 80.0,
                  "Actual Rows": 376155,
                  "Actual Loops": 4,
                  "Filter": "(company_id > 7608)",
                  "Rows Removed by Filter": 276127
                }
              ]
            }
          ]
        }
      ]
    },
    "Planning Time": 0.188,
    "Triggers": [],
    "Execution Time": 111.308
  }
]