{
  "Plan": {
    "Node Type": "Aggregate",
    "Strategy": "Plain",
    "Partial Mode": "Finalize",
    "Parallel Aware": false,
    "Startup Cost": 323829.76,
    "Total Cost": 323829.77,
    "Plan Rows": 1,
    "Plan Width": 8,
    "Actual Startup Time": 1258.529,
    "Actual Total Time": 1279.663,
    "Actual Rows": 1,
    "Actual Loops": 1,
    "Plans": [
      {
        "Node Type": "Gather",
        "Parent Relationship": "Outer",
        "Parallel Aware": false,
        "Startup Cost": 323829.65,
        "Total Cost": 323829.76,
        "Plan Rows": 1,
        "Plan Width": 8,
        "Actual Startup Time": 1253.393,
        "Actual Total Time": 1279.656,
        "Actual Rows": 2,
        "Actual Loops": 1,
        "Workers Planned": 1,
        "Workers Launched": 1,
        "Single Copy": false,
        "Plans": [
          {
            "Node Type": "Aggregate",
            "Strategy": "Plain",
            "Partial Mode": "Partial",
            "Parent Relationship": "Outer",
            "Parallel Aware": false,
            "Startup Cost": 322829.65,
            "Total Cost": 322829.66,
            "Plan Rows": 1,
            "Plan Width": 8,
            "Actual Startup Time": 1246.604,
            "Actual Total Time": 1246.611,
            "Actual Rows": 1,
            "Actual Loops": 2,
            "Plans": [
              {
                "Node Type": "Hash Join",
                "Parent Relationship": "Outer",
                "Parallel Aware": true,
                "Join Type": "Inner",
                "Startup Cost": 259075.81,
                "Total Cost": 322021.63,
                "Plan Rows": 323207,
                "Plan Width": 0,
                "Actual Startup Time": 639.963,
                "Actual Total Time": 1174.995,
                "Actual Rows": 1491741,
                "Actual Loops": 2,
                "Inner Unique": false,
                "Hash Cond": "(mk.movie_id = t.id)",
                "Plans": [
                  {
                    "Node Type": "Seq Scan",
                    "Parent Relationship": "Outer",
                    "Parallel Aware": true,
                    "Relation Name": "movie_keyword",
                    "Alias": "mk",
                    "Startup Cost": 0.0,
                    "Total Cost": 51065.35,
                    "Plan Rows": 2661135,
                    "Plan Width": 4,
                    "Actual Startup Time": 0.023,
                    "Actual Total Time": 183.69,
                    "Actual Rows": 2261965,
                    "Actual Loops": 2
                  },
                  {
                    "Node Type": "Hash",
                    "Parent Relationship": "Inner",
                    "Parallel Aware": true,
                    "Startup Cost": 256817.92,
                    "Total Cost": 256817.92,
                    "Plan Rows": 180631,
                    "Plan Width": 8,
                    "Actual Startup Time": 634.173,
                    "Actual Total Time": 634.179,
                    "Actual Rows": 300792,
                    "Actual Loops": 2,
                    "Hash Buckets": 1048576,
                    "Original Hash Buckets": 524288,
                    "Hash Batches": 1,
                    "Original Hash Batches": 1,
                    "Peak Memory Usage": 35840,
                    "Plans": [
                      {
                        "Node Type": "Hash Join",
                        "Parent Relationship": "Outer",
                        "Parallel Aware": true,
                        "Join Type": "Inner",
                        "Startup Cost": 83609.7,
                        "Total Cost": 256817.92,
                        "Plan Rows": 180631,
                        "Plan Width": 8,
                        "Actual Startup Time": 281.437,
                        "Actual Total Time": 542.103,
                        "Actual Rows": 300792,
                        "Actual Loops": 2,
                        "Inner Unique": true,
                        "Hash Cond": "(mi.movie_id = t.id)",
                        "Plans": [
                          {
                            "Node Type": "Bitmap Heap Scan",
                            "Parent Relationship": "Outer",
                            "Parallel Aware": true,
                            "Relation Name": "movie_info",
                            "Alias": "mi",
                            "Startup Cost": 22837.73,
                            "Total Cost": 194099.51,
                            "Plan Rows": 741502,
                            "Plan Width": 4,
                            "Actual Startup Time": 35.072,
                            "Actual Total Time": 103.829,
                            "Actual Rows": 644464,
                            "Actual Loops": 2,
                            "Recheck Cond": "(info_type_id = 2)",
                            "Rows Removed by Index Recheck": 0,
                            "Exact Heap Blocks": 5204,
                            "Lossy Heap Blocks": 0,
                            "Plans": [
                              {
                                "Node Type": "Bitmap Index Scan",
                                "Parent Relationship": "Outer",
                                "Parallel Aware": false,
                                "Index Name": "info_type_id_movie_info",
                                "Startup Cost": 0.0,
                                "Total Cost": 22522.59,
                                "Plan Rows": 1260554,
                                "Plan Width": 0,
                                "Actual Startup Time": 33.81,
                                "Actual Total Time": 33.81,
                                "Actual Rows": 1288928,
                                "Actual Loops": 1,
                                "Index Cond": "(info_type_id = 2)"
                              }
                            ]
                          },
                          {
                            "Node Type": "Hash",
                            "Parent Relationship": "Inner",
                            "Parallel Aware": true,
                            "Startup Cost": 56243.32,
                            "Total Cost": 56243.32,
                            "Plan Rows": 362292,
                            "Plan Width": 4,
                            "Actual Startup Time": 239.827,
                            "Actual Total Time": 239.829,
                            "Actual Rows": 317386,
                            "Actual Loops": 2,
                            "Hash Buckets": 1048576,
                            "Original Hash Buckets": 1048576,
                            "Hash Batches": 1,
                            "Original Hash Batches": 1,
                            "Peak Memory Usage": 33056,
                            "Plans": [
                              {
                                "Node Type": "Bitmap Heap Scan",
                                "Parent Relationship": "Outer",
                                "Parallel Aware": true,
                                "Relation Name": "title",
                                "Alias": "t",
                                "Startup Cost": 13592.93,
                                "Total Cost": 56243.32,
                                "Plan Rows": 362292,
                                "Plan Width": 4,
                                "Actual Startup Time": 38.817,
                                "Actual Total Time": 153.65,
                                "Actual Rows": 317386,
                                "Actual Loops": 2,
                                "Recheck Cond": "(kind_id < 3)",
                                "Rows Removed by Index Recheck": 0,
                                "Filter": "(production_year < 2011)",
                                "Rows Removed by Filter": 59453,
                                "Exact Heap Blocks": 27568,
                                "Lossy Heap Blocks": 0,
                                "Plans": [
                                  {
                                    "Node Type": "Bitmap Index Scan",
                                    "Parent Relationship": "Outer",
                                    "Parallel Aware": false,
                                    "Index Name": "kind_id_title",
                                    "Startup Cost": 0.0,
                                    "Total Cost": 13438.96,
                                    "Plan Rows": 753937,
                                    "Plan Width": 0,
                                    "Actual Startup Time": 33.08,
                                    "Actual Total Time": 33.08,
                                    "Actual Rows": 753677,
                                    "Actual Loops": 1,
                                    "Index Cond": "(kind_id < 3)"
                                  }
                                ]
                              }
                            ]
                          }
                        ]
                      }
                    ]
                  }
                ]
              }
            ]
          }
        ]
      }
    ]
  },
  "Planning Time": 1.057,
  "Triggers": [],
  "Execution Time": 1279.776
}