[
  {
    "Plan": {
      "Node Type": "Aggregate",
      "Strategy": "Plain",
      "Partial Mode": "Finalize",
      "Parallel Aware": false,
      "Startup Cost": 46392.48,
      "Total Cost": 46392.49,
      "Plan Rows": 1,
      "Plan Width": 8,
      "Actual Startup Time": 169.189,
      "Actual Total Time": 179.332,
      "Actual Rows": 1,
      "Actual Loops": 1,
      "Plans": [
        {
          "Node Type": "Gather",
          "Parent Relationship": "Outer",
          "Parallel Aware": false,
          "Startup Cost": 46392.16,
          "Total Cost": 46392.47,
          "Plan Rows": 3,
          "Plan Width": 8,
          "Actual Startup Time": 169.015,
          "Actual Total Time": 179.324,
          "Actual Rows": 4,
          "Actual Loops": 1,
          "Workers Planned": 3,
          "Workers Launched": 3,
          "Single Copy": false,
          "Plans": [
            {
              "Node Type": "Aggregate",
              "Strategy": "Plain",
              "Partial Mode": "Partial",
              "Parent Relationship": "Outer",
              "Parallel Aware": false,
              "Startup Cost": 45392.16,
              "Total Cost": 45392.17,
              "Plan Rows": 1,
              "Plan Width": 8,
              "Actual Startup Time": 161.668,
              "Actual Total Time": 161.669,
              "Actual Rows": 1,
              "Actual Loops": 4,
              "Plans": [
                {
                  "Node Type": "Seq Scan",
                  "Parent Relationship": "Outer",
                  "Parallel Aware": true,
                  "Relation Name": "movie_keyword",
                  "Alias": "mk",
                  "Startup Cost": 0.0,
                  "Total Cost": 42695.65,
                  "Plan Rows": 1078604,
                  "Plan Width": 0,
                  "Actual Startup Time": 0.146,
                  "Actual Total Time": 122.636,
                  "Actual Rows": 834958,
                  "Actual Loops": 4,
                  "Filter": "(keyword_id > 1407)",
                  "Rows Removed by Filter": 296025
                }
              ]
            }
          ]
        }
      ]
    },
    "Planning Time": 0.135,
    "Triggers": [],
    "Execution Time": 179.375
  }
]