[
  {
    "Plan": {
      "Node Type": "Aggregate",
      "Strategy": "Plain",
      "Partial Mode": "Finalize",
      "Parallel Aware": false,
      "Startup Cost": 46400.97,
      "Total Cost": 46400.98,
      "Plan Rows": 1,
      "Plan Width": 8,
      "Actual Startup Time": 166.112,
      "Actual Total Time": 174.622,
      "Actual Rows": 1,
      "Actual Loops": 1,
      "Plans": [
        {
          "Node Type": "Gather",
          "Parent Relationship": "Outer",
          "Parallel Aware": false,
          "Startup Cost": 46400.66,
          "Total Cost": 46400.97,
          "Plan Rows": 3,
          "Plan Width": 8,
          "Actual Startup Time": 165.991,
          "Actual Total Time": 174.614,
          "Actual Rows": 4,
          "Actual Loops": 1,
          "Workers Planned": 3,
          "Workers Launched": 3,
          "Single Copy": false,
          "Plans": [
            {
              "Node Type": "Aggregate",
              "Strategy": "Plain",
              "Partial Mode": "Partial",
              "Parent Relationship": "Outer",
              "Parallel Aware": false,
              "Startup Cost": 45400.66,
              "Total Cost": 45400.67,
              "Plan Rows": 1,
              "Plan Width": 8,
              "Actual Startup Time": 159.641,
              "Actual Total Time": 159.642,
              "Actual Rows": 1,
              "Actual Loops": 4,
              "Plans": [
                {
                  "Node Type": "Seq Scan",
                  "Parent Relationship": "Outer",
                  "Parallel Aware": true,
                  "Relation Name": "movie_keyword",
                  "Alias": "mk",
                  "Startup Cost": 0.0,
                  "Total Cost": 42695.65,
                  "Plan Rows": 1082001,
                  "Plan Width": 0,
                  "Actual Startup Time": 0.132,
                  "Actual Total Time": 122.361,
                  "Actual Rows": 834958,
                  "Actual Loops": 4,
                  "Filter": "(keyword_id > 1407)",
                  "Rows Removed by Filter": 296025
                }
              ]
            }
          ]
        }
      ]
    },
    "Planning Time": 0.115,
    "Triggers": [],
    "Execution Time": 174.658
  }
]