{
    "Plan": {
        "Node Type": "Aggregate",
        "Strategy": "Plain",
        "Partial Mode": "Finalize",
        "Parallel Aware": false,
        "Startup Cost": 378102.67,
        "Total Cost": 378102.68,
        "Plan Rows": 1,
        "Plan Width": 8,
        "Actual Startup Time": 1571.01,
        "Actual Total Time": 1677.311,
        "Actual Rows": 1,
        "Actual Loops": 1,
        "Output": [
            "count(*)"
        ],
        "Plans": [
            {
                "Node Type": "Gather",
                "Parent Relationship": "Outer",
                "Parallel Aware": false,
                "Startup Cost": 378102.14,
                "Total Cost": 378102.65,
                "Plan Rows": 5,
                "Plan Width": 8,
                "Actual Startup Time": 1570.101,
                "Actual Total Time": 1677.302,
                "Actual Rows": 6,
                "Actual Loops": 1,
                "Output": [
                    "(PARTIAL count(*))"
                ],
                "Workers Planned": 5,
                "Workers Launched": 5,
                "Single Copy": false,
                "Plans": [
                    {
                        "Node Type": "Aggregate",
                        "Strategy": "Plain",
                        "Partial Mode": "Partial",
                        "Parent Relationship": "Outer",
                        "Parallel Aware": false,
                        "Startup Cost": 377102.14,
                        "Total Cost": 377102.15,
                        "Plan Rows": 1,
                        "Plan Width": 8,
                        "Actual Startup Time": 1559.18,
                        "Actual Total Time": 1559.183,
                        "Actual Rows": 1,
                        "Actual Loops": 6,
                        "Output": [
                            "PARTIAL count(*)"
                        ],
                        "Workers": [
                            {
                                "Worker Number": 0,
                                "Actual Startup Time": 1556.867,
                                "Actual Total Time": 1556.871,
                                "Actual Rows": 1,
                                "Actual Loops": 1
                            },
                            {
                                "Worker Number": 1,
                                "Actual Startup Time": 1556.256,
                                "Actual Total Time": 1556.26,
                                "Actual Rows": 1,
                                "Actual Loops": 1
                            },
                            {
                                "Worker Number": 2,
                                "Actual Startup Time": 1557.459,
                                "Actual Total Time": 1557.461,
                                "Actual Rows": 1,
                                "Actual Loops": 1
                            },
                            {
                                "Worker Number": 3,
                                "Actual Startup Time": 1557.416,
                                "Actual Total Time": 1557.42,
                                "Actual Rows": 1,
                                "Actual Loops": 1
                            },
                            {
                                "Worker Number": 4,
                                "Actual Startup Time": 1557.868,
                                "Actual Total Time": 1557.872,
                                "Actual Rows": 1,
                                "Actual Loops": 1
                            }
                        ],
                        "Plans": [
                            {
                                "Node Type": "Nested Loop",
                                "Parent Relationship": "Outer",
                                "Parallel Aware": false,
                                "Join Type": "Inner",
                                "Startup Cost": 45757.94,
                                "Total Cost": 374699.41,
                                "Plan Rows": 961095,
                                "Plan Width": 0,
                                "Actual Startup Time": 85.626,
                                "Actual Total Time": 1523.488,
                                "Actual Rows": 721875,
                                "Actual Loops": 6,
                                "Inner Unique": false,
                                "Join Filter": "(t.id = ci.movie_id)",
                                "Rows Removed by Join Filter": 0,
                                "Workers": [
                                    {
                                        "Worker Number": 0,
                                        "Actual Startup Time": 83.007,
                                        "Actual Total Time": 1516.173,
                                        "Actual Rows": 519366,
                                        "Actual Loops": 1
                                    },
                                    {
                                        "Worker Number": 1,
                                        "Actual Startup Time": 82.976,
                                        "Actual Total Time": 1523.671,
                                        "Actual Rows": 690077,
                                        "Actual Loops": 1
                                    },
                                    {
                                        "Worker Number": 2,
                                        "Actual Startup Time": 83.822,
                                        "Actual Total Time": 1522.388,
                                        "Actual Rows": 757715,
                                        "Actual Loops": 1
                                    },
                                    {
                                        "Worker Number": 3,
                                        "Actual Startup Time": 84.096,
                                        "Actual Total Time": 1522.728,
                                        "Actual Rows": 744915,
                                        "Actual Loops": 1
                                    },
                                    {
                                        "Worker Number": 4,
                                        "Actual Startup Time": 84.331,
                                        "Actual Total Time": 1526.529,
                                        "Actual Rows": 653542,
                                        "Actual Loops": 1
                                    }
                                ],
                                "Plans": [
                                    {
                                        "Node Type": "Hash Join",
                                        "Parent Relationship": "Outer",
                                        "Parallel Aware": true,
                                        "Join Type": "Inner",
                                        "Startup Cost": 45757.37,
                                        "Total Cost": 249635.88,
                                        "Plan Rows": 67028,
                                        "Plan Width": 8,
                                        "Actual Startup Time": 85.526,
                                        "Actual Total Time": 603.645,
                                        "Actual Rows": 28281,
                                        "Actual Loops": 6,
                                        "Output": [
                                            "t.id",
                                            "mi.movie_id"
                                        ],
                                        "Inner Unique": true,
                                        "Hash Cond": "(mi.movie_id = t.id)",
                                        "Workers": [
                                            {
                                                "Worker Number": 0,
                                                "Actual Startup Time": 82.895,
                                                "Actual Total Time": 598.295,
                                                "Actual Rows": 19989,
                                                "Actual Loops": 1
                                            },
                                            {
                                                "Worker Number": 1,
                                                "Actual Startup Time": 82.867,
                                                "Actual Total Time": 575.818,
                                                "Actual Rows": 25805,
                                                "Actual Loops": 1
                                            },
                                            {
                                                "Worker Number": 2,
                                                "Actual Startup Time": 83.708,
                                                "Actual Total Time": 595.166,
                                                "Actual Rows": 29683,
                                                "Actual Loops": 1
                                            },
                                            {
                                                "Worker Number": 3,
                                                "Actual Startup Time": 84.001,
                                                "Actual Total Time": 602.51,
                                                "Actual Rows": 29181,
                                                "Actual Loops": 1
                                            },
                                            {
                                                "Worker Number": 4,
                                                "Actual Startup Time": 84.208,
                                                "Actual Total Time": 587.745,
                                                "Actual Rows": 25960,
                                                "Actual Loops": 1
                                            }
                                        ],
                                        "Plans": [
                                            {
                                                "Node Type": "Seq Scan",
                                                "Parent Relationship": "Outer",
                                                "Parallel Aware": true,
                                                "Relation Name": "movie_info",
                                                "Schema": "public",
                                                "Alias": "mi",
                                                "Startup Cost": 0.0,
                                                "Total Cost": 198880.74,
                                                "Plan Rows": 1903910,
                                                "Plan Width": 4,
                                                "Actual Startup Time": 0.032,
                                                "Actual Total Time": 309.922,
                                                "Actual Rows": 1594192,
                                                "Actual Loops": 6,
                                                "Output": [
                                                    "mi.id",
                                                    "mi.movie_id",
                                                    "mi.info_type_id",
                                                    "mi.info",
                                                    "mi.note"
                                                ],
                                                "Filter": "(mi.info_type_id < 16)",
                                                "Rows Removed by Filter": 878428,
                                                "Workers": [
                                                    {
                                                        "Worker Number": 0,
                                                        "Actual Startup Time": 0.036,
                                                        "Actual Total Time": 314.285,
                                                        "Actual Rows": 1100083,
                                                        "Actual Loops": 1
                                                    },
                                                    {
                                                        "Worker Number": 1,
                                                        "Actual Startup Time": 0.042,
                                                        "Actual Total Time": 300.778,
                                                        "Actual Rows": 1472481,
                                                        "Actual Loops": 1
                                                    },
                                                    {
                                                        "Worker Number": 2,
                                                        "Actual Startup Time": 0.038,
                                                        "Actual Total Time": 306.795,
                                                        "Actual Rows": 1630015,
                                                        "Actual Loops": 1
                                                    },
                                                    {
                                                        "Worker Number": 3,
                                                        "Actual Startup Time": 0.032,
                                                        "Actual Total Time": 310.528,
                                                        "Actual Rows": 1665149,
                                                        "Actual Loops": 1
                                                    },
                                                    {
                                                        "Worker Number": 4,
                                                        "Actual Startup Time": 0.037,
                                                        "Actual Total Time": 306.409,
                                                        "Actual Rows": 1494604,
                                                        "Actual Loops": 1
                                                    }
                                                ]
                                            },
                                            {
                                                "Node Type": "Hash",
                                                "Parent Relationship": "Inner",
                                                "Parallel Aware": true,
                                                "Startup Cost": 45479.21,
                                                "Total Cost": 45479.21,
                                                "Plan Rows": 22253,
                                                "Plan Width": 4,
                                                "Actual Startup Time": 83.268,
                                                "Actual Total Time": 83.268,
                                                "Actual Rows": 16792,
                                                "Actual Loops": 6,
                                                "Output": [
                                                    "t.id"
                                                ],
                                                "Hash Buckets": 131072,
                                                "Original Hash Buckets": 131072,
                                                "Hash Batches": 1,
                                                "Original Hash Batches": 1,
                                                "Peak Memory Usage": 5056,
                                                "Workers": [
                                                    {
                                                        "Worker Number": 0,
                                                        "Actual Startup Time": 81.56,
                                                        "Actual Total Time": 81.561,
                                                        "Actual Rows": 12341,
                                                        "Actual Loops": 1
                                                    },
                                                    {
                                                        "Worker Number": 1,
                                                        "Actual Startup Time": 81.5,
                                                        "Actual Total Time": 81.501,
                                                        "Actual Rows": 13634,
                                                        "Actual Loops": 1
                                                    },
                                                    {
                                                        "Worker Number": 2,
                                                        "Actual Startup Time": 82.663,
                                                        "Actual Total Time": 82.664,
                                                        "Actual Rows": 16070,
                                                        "Actual Loops": 1
                                                    },
                                                    {
                                                        "Worker Number": 3,
                                                        "Actual Startup Time": 82.67,
                                                        "Actual Total Time": 82.671,
                                                        "Actual Rows": 15983,
                                                        "Actual Loops": 1
                                                    },
                                                    {
                                                        "Worker Number": 4,
                                                        "Actual Startup Time": 82.893,
                                                        "Actual Total Time": 82.895,
                                                        "Actual Rows": 14446,
                                                        "Actual Loops": 1
                                                    }
                                                ],
                                                "Plans": [
                                                    {
                                                        "Node Type": "Seq Scan",
                                                        "Parent Relationship": "Outer",
                                                        "Parallel Aware": true,
                                                        "Relation Name": "title",
                                                        "Schema": "public",
                                                        "Alias": "t",
                                                        "Startup Cost": 0.0,
                                                        "Total Cost": 45479.21,
                                                        "Plan Rows": 22253,
                                                        "Plan Width": 4,
                                                        "Actual Startup Time": 0.077,
                                                        "Actual Total Time": 75.104,
                                                        "Actual Rows": 16792,
                                                        "Actual Loops": 6,
                                                        "Output": [
                                                            "t.id"
                                                        ],
                                                        "Filter": "((t.kind_id > 1) AND (t.production_year = 2008))",
                                                        "Rows Removed by Filter": 404593,
                                                        "Workers": [
                                                            {
                                                                "Worker Number": 0,
                                                                "Actual Startup Time": 0.075,
                                                                "Actual Total Time": 74.314,
                                                                "Actual Rows": 12341,
                                                                "Actual Loops": 1
                                                            },
                                                            {
                                                                "Worker Number": 1,
                                                                "Actual Startup Time": 0.084,
                                                                "Actual Total Time": 73.078,
                                                                "Actual Rows": 13634,
                                                                "Actual Loops": 1
                                                            },
                                                            {
                                                                "Worker Number": 2,
                                                                "Actual Startup Time": 0.146,
                                                                "Actual Total Time": 74.669,
                                                                "Actual Rows": 16070,
                                                                "Actual Loops": 1
                                                            },
                                                            {
                                                                "Worker Number": 3,
                                                                "Actual Startup Time": 0.062,
                                                                "Actual Total Time": 74.076,
                                                                "Actual Rows": 15983,
                                                                "Actual Loops": 1
                                                            },
                                                            {
                                                                "Worker Number": 4,
                                                                "Actual Startup Time": 0.068,
                                                                "Actual Total Time": 75.274,
                                                                "Actual Rows": 14446,
                                                                "Actual Loops": 1
                                                            }
                                                        ]
                                                    }
                                                ]
                                            }
                                        ]
                                    },
                                    {
                                        "Node Type": "Index Only Scan",
                                        "Parent Relationship": "Inner",
                                        "Parallel Aware": false,
                                        "Scan Direction": "Forward",
                                        "Index Name": "movie_id_cast_info",
                                        "Relation Name": "cast_info",
                                        "Schema": "public",
                                        "Alias": "ci",
                                        "Startup Cost": 0.56,
                                        "Total Cost": 1.39,
                                        "Plan Rows": 38,
                                        "Plan Width": 4,
                                        "Actual Startup Time": 0.006,
                                        "Actual Total Time": 0.03,
                                        "Actual Rows": 26,
                                        "Actual Loops": 169687,
                                        "Output": [
                                            "ci.movie_id"
                                        ],
                                        "Index Cond": "(ci.movie_id = mi.movie_id)",
                                        "Rows Removed by Index Recheck": 0,
                                        "Heap Fetches": 4331249,
                                        "Workers": [
                                            {
                                                "Worker Number": 0,
                                                "Actual Startup Time": 0.009,
                                                "Actual Total Time": 0.042,
                                                "Actual Rows": 26,
                                                "Actual Loops": 19989
                                            },
                                            {
                                                "Worker Number": 1,
                                                "Actual Startup Time": 0.007,
                                                "Actual Total Time": 0.034,
                                                "Actual Rows": 27,
                                                "Actual Loops": 25805
                                            },
                                            {
                                                "Worker Number": 2,
                                                "Actual Startup Time": 0.006,
                                                "Actual Total Time": 0.029,
                                                "Actual Rows": 26,
                                                "Actual Loops": 29683
                                            },
                                            {
                                                "Worker Number": 3,
                                                "Actual Startup Time": 0.006,
                                                "Actual Total Time": 0.029,
                                                "Actual Rows": 26,
                                                "Actual Loops": 29181
                                            },
                                            {
                                                "Worker Number": 4,
                                                "Actual Startup Time": 0.007,
                                                "Actual Total Time": 0.034,
                                                "Actual Rows": 25,
                                                "Actual Loops": 25960
                                            }
                                        ]
                                    }
                                ]
                            }
                        ]
                    }
                ]
            }
        ]
    },
    "Planning Time": 1.708,
    "Triggers": [],
    "Execution Time": 1677.421
}