[
  {
    "Plan": {
      "Node Type": "Aggregate",
      "Strategy": "Plain",
      "Partial Mode": "Finalize",
      "Parallel Aware": false,
      "Startup Cost": 128944.42,
      "Total Cost": 128944.43,
      "Plan Rows": 1,
      "Plan Width": 8,
      "Actual Startup Time": 1208.348,
      "Actual Total Time": 1270.663,
      "Actual Rows": 1,
      "Actual Loops": 1,
      "Plans": [
        {
          "Node Type": "Gather",
          "Parent Relationship": "Outer",
          "Parallel Aware": false,
          "Startup Cost": 128944.1,
          "Total Cost": 128944.41,
          "Plan Rows": 3,
          "Plan Width": 8,
          "Actual Startup Time": 1207.542,
          "Actual Total Time": 1270.653,
          "Actual Rows": 4,
          "Actual Loops": 1,
          "Workers Planned": 3,
          "Workers Launched": 3,
          "Single Copy": false,
          "Plans": [
            {
              "Node Type": "Aggregate",
              "Strategy": "Plain",
              "Partial Mode": "Partial",
              "Parent Relationship": "Outer",
              "Parallel Aware": false,
              "Startup Cost": 127944.1,
              "Total Cost": 127944.11,
              "Plan Rows": 1,
              "Plan Width": 8,
              "Actual Startup Time": 1203.188,
              "Actual Total Time": 1203.191,
              "Actual Rows": 1,
              "Actual Loops": 4,
              "Plans": [
                {
                  "Node Type": "Nested Loop",
                  "Parent Relationship": "Outer",
                  "Parallel Aware": false,
                  "Join Type": "Inner",
                  "Startup Cost": 45596.3,
                  "Total Cost": 127697.73,
                  "Plan Rows": 98551,
                  "Plan Width": 0,
                  "Actual Startup Time": 132.96,
                  "Actual Total Time": 1178.046,
                  "Actual Rows": 530286,
                  "Actual Loops": 4,
                  "Inner Unique": false,
                  "Join Filter": "(t.id = ci.movie_id)",
                  "Rows Removed by Join Filter": 0,
                  "Plans": [
                    {
                      "Node Type": "Hash Join",
                      "Parent Relationship": "Outer",
                      "Parallel Aware": true,
                      "Join Type": "Inner",
                      "Startup Cost": 45595.74,
                      "Total Cost": 88473.82,
                      "Plan Rows": 21452,
                      "Plan Width": 8,
                      "Actual Startup Time": 132.868,
                      "Actual Total Time": 266.939,
                      "Actual Rows": 23570,
                      "Actual Loops": 4,
                      "Inner Unique": true,
                      "Hash Cond": "(mk.movie_id = t.id)",
                      "Plans": [
                        {
                          "Node Type": "Seq Scan",
                          "Parent Relationship": "Outer",
                          "Parallel Aware": true,
                          "Relation Name": "movie_keyword",
                          "Alias": "mk",
                          "Startup Cost": 0.0,
                          "Total Cost": 39047.32,
                          "Plan Rows": 1459332,
                          "Plan Width": 4,
                          "Actual Startup Time": 0.034,
                          "Actual Total Time": 82.194,
                          "Actual Rows": 1130982,
                          "Actual Loops": 4
                        },
                        {
                          "Node Type": "Hash",
                          "Parent Relationship": "Inner",
                          "Parallel Aware": true,
                          "Startup Cost": 45479.59,
                          "Total Cost": 45479.59,
                          "Plan Rows": 9292,
                          "Plan Width": 4,
                          "Actual Startup Time": 97.496,
                          "Actual Total Time": 97.497,
                          "Actual Rows": 8298,
                          "Actual Loops": 4,
                          "Hash Buckets": 65536,
                          "Original Hash Buckets": 65536,
                          "Hash Batches": 1,
                          "Original Hash Batches": 1,
                          "Peak Memory Usage": 1856,
                          "Plans": [
                            {
                              "Node Type": "Seq Scan",
                              "Parent Relationship": "Outer",
                              "Parallel Aware": true,
                              "Relation Name": "title",
                              "Alias": "t",
                              "Startup Cost": 0.0,
                              "Total Cost": 45479.59,
                              "Plan Rows": 9292,
                              "Plan Width": 4,
                              "Actual Startup Time": 57.525,
                              "Actual Total Time": 94.115,
                              "Actual Rows": 8298,
                              "Actual Loops": 4,
                              "Filter": "((kind_id = 1) AND (production_year = 2010))",
                              "Rows Removed by Filter": 623780
                            }
                          ]
                        }
                      ]
                    },
                    {
                      "Node Type": "Index Scan",
                      "Parent Relationship": "Inner",
                      "Parallel Aware": false,
                      "Scan Direction": "Forward",
                      "Index Name": "movie_id_cast_info",
                      "Relation Name": "cast_info",
                      "Alias": "ci",
                      "Startup Cost": 0.56,
                      "Total Cost": 1.69,
                      "Plan Rows": 11,
                      "Plan Width": 4,
                      "Actual Startup Time": 0.004,
                      "Actual Total Time": 0.037,
                      "Actual Rows": 22,
                      "Actual Loops": 94279,
                      "Index Cond": "(movie_id = mk.movie_id)",
                      "Rows Removed by Index Recheck": 0,
                      "Filter": "((person_id < 3499516) AND (role_id = 1))",
                      "Rows Removed by Filter": 54
                    }
                  ]
                }
              ]
            }
          ]
        }
      ]
    },
    "Planning Time": 1.376,
    "Triggers": [],
    "Execution Time": 1270.77
  }
]