[
  {
    "Plan": {
      "Node Type": "Aggregate",
      "Strategy": "Plain",
      "Partial Mode": "Finalize",
      "Parallel Aware": false,
      "Startup Cost": 397921.12,
      "Total Cost": 397921.13,
      "Plan Rows": 1,
      "Plan Width": 8,
      "Actual Startup Time": 1169.125,
      "Actual Total Time": 1233.829,
      "Actual Rows": 1,
      "Actual Loops": 1,
      "Plans": [
        {
          "Node Type": "Gather",
          "Parent Relationship": "Outer",
          "Parallel Aware": false,
          "Startup Cost": 397920.5,
          "Total Cost": 397921.11,
          "Plan Rows": 6,
          "Plan Width": 8,
          "Actual Startup Time": 1165.028,
          "Actual Total Time": 1233.802,
          "Actual Rows": 7,
          "Actual Loops": 1,
          "Workers Planned": 6,
          "Workers Launched": 6,
          "Single Copy": false,
          "Plans": [
            {
              "Node Type": "Aggregate",
              "Strategy": "Plain",
              "Partial Mode": "Partial",
              "Parent Relationship": "Outer",
              "Parallel Aware": false,
              "Startup Cost": 396920.5,
              "Total Cost": 396920.51,
              "Plan Rows": 1,
              "Plan Width": 8,
              "Actual Startup Time": 1154.723,
              "Actual Total Time": 1154.727,
              "Actual Rows": 1,
              "Actual Loops": 7,
              "Plans": [
                {
                  "Node Type": "Hash Join",
                  "Parent Relationship": "Outer",
                  "Parallel Aware": true,
                  "Join Type": "Inner",
                  "Startup Cost": 46948.25,
                  "Total Cost": 395910.2,
                  "Plan Rows": 404118,
                  "Plan Width": 0,
                  "Actual Startup Time": 312.201,
                  "Actual Total Time": 1140.946,
                  "Actual Rows": 280537,
                  "Actual Loops": 7,
                  "Inner Unique": true,
                  "Hash Cond": "(ci.movie_id = t.id)",
                  "Plans": [
                    {
                      "Node Type": "Seq Scan",
                      "Parent Relationship": "Outer",
                      "Parallel Aware": true,
                      "Relation Name": "cast_info",
                      "Alias": "ci",
                      "Startup Cost": 0.0,
                      "Total Cost": 343257.03,
                      "Plan Rows": 2173300,
                      "Plan Width": 4,
                      "Actual Startup Time": 199.09,
                      "Actual Total Time": 684.227,
                      "Actual Rows": 1570358,
                      "Actual Loops": 7,
                      "Filter": "((person_id > 1629323) AND (role_id < 4))",
                      "Rows Removed by Filter": 3607406
                    },
                    {
                      "Node Type": "Hash",
                      "Parent Relationship": "Inner",
                      "Parallel Aware": true,
                      "Startup Cost": 45479.1,
                      "Total Cost": 45479.1,
                      "Plan Rows": 117532,
                      "Plan Width": 4,
                      "Actual Startup Time": 110.633,
                      "Actual Total Time": 110.635,
                      "Actual Rows": 70861,
                      "Actual Loops": 7,
                      "Hash Buckets": 524288,
                      "Original Hash Buckets": 524288,
                      "Hash Batches": 1,
                      "Original Hash Batches": 1,
                      "Peak Memory Usage": 23584,
                      "Plans": [
                        {
                          "Node Type": "Seq Scan",
                          "Parent Relationship": "Outer",
                          "Parallel Aware": true,
                          "Relation Name": "title",
                          "Alias": "t",
                          "Startup Cost": 0.0,
                          "Total Cost": 45479.1,
                          "Plan Rows": 117532,
                          "Plan Width": 4,
                          "Actual Startup Time": 48.971,
                          "Actual Total Time": 81.024,
                          "Actual Rows": 70861,
                          "Actual Loops": 7,
                          "Filter": "((production_year < 2009) AND (kind_id = 1))",
                          "Rows Removed by Filter": 290327
                        }
                      ]
                    }
                  ]
                }
              ]
            }
          ]
        }
      ]
    },
    "Planning Time": 0.652,
    "Triggers": [],
    "Execution Time": 1233.918
  }
]