{
    "Plan": {
        "Node Type": "Aggregate",
        "Strategy": "Plain",
        "Partial Mode": "Simple",
        "Parallel Aware": false,
        "Startup Cost": 10000202610.08,
        "Total Cost": 10000202610.09,
        "Plan Rows": 1,
        "Plan Width": 8,
        "Actual Startup Time": 3265.241,
        "Actual Total Time": 3265.244,
        "Actual Rows": 1,
        "Actual Loops": 1,
        "Output": [
            "count(*)"
        ],
        "Plans": [
            {
                "Node Type": "Hash Join",
                "Parent Relationship": "Outer",
                "Parallel Aware": false,
                "Join Type": "Inner",
                "Startup Cost": 10000059296.22,
                "Total Cost": 10000200440.21,
                "Plan Rows": 867950,
                "Plan Width": 0,
                "Actual Startup Time": 526.051,
                "Actual Total Time": 3212.755,
                "Actual Rows": 864467,
                "Actual Loops": 1,
                "Inner Unique": false,
                "Hash Cond": "(t.id = mc.movie_id)",
                "Plans": [
                    {
                        "Node Type": "Index Scan",
                        "Parent Relationship": "Outer",
                        "Parallel Aware": false,
                        "Scan Direction": "Forward",
                        "Index Name": "title_pkey",
                        "Relation Name": "title",
                        "Schema": "public",
                        "Alias": "t",
                        "Startup Cost": 10000000000.43,
                        "Total Cost": 10000110342.1,
                        "Plan Rows": 2528322,
                        "Plan Width": 4,
                        "Actual Startup Time": 0.029,
                        "Actual Total Time": 1710.96,
                        "Actual Rows": 2528312,
                        "Actual Loops": 1,
                        "Output": [
                            "t.id",
                            "t.title",
                            "t.imdb_index",
                            "t.kind_id",
                            "t.production_year",
                            "t.imdb_id",
                            "t.phonetic_code",
                            "t.episode_of_id",
                            "t.season_nr",
                            "t.episode_nr",
                            "t.series_years",
                            "t.md5sum"
                        ]
                    },
                    {
                        "Node Type": "Hash",
                        "Parent Relationship": "Inner",
                        "Parallel Aware": false,
                        "Startup Cost": 48446.42,
                        "Total Cost": 48446.42,
                        "Plan Rows": 867950,
                        "Plan Width": 4,
                        "Actual Startup Time": 515.477,
                        "Actual Total Time": 515.478,
                        "Actual Rows": 864467,
                        "Actual Loops": 1,
                        "Output": [
                            "mc.movie_id"
                        ],
                        "Hash Buckets": 1048576,
                        "Original Hash Buckets": 1048576,
                        "Hash Batches": 1,
                        "Original Hash Batches": 1,
                        "Peak Memory Usage": 38584,
                        "Plans": [
                            {
                                "Node Type": "Bitmap Heap Scan",
                                "Parent Relationship": "Outer",
                                "Parallel Aware": false,
                                "Relation Name": "movie_companies",
                                "Schema": "public",
                                "Alias": "mc",
                                "Startup Cost": 18807.04,
                                "Total Cost": 48446.42,
                                "Plan Rows": 867950,
                                "Plan Width": 4,
                                "Actual Startup Time": 72.429,
                                "Actual Total Time": 291.205,
                                "Actual Rows": 864467,
                                "Actual Loops": 1,
                                "Output": [
                                    "mc.movie_id"
                                ],
                                "Recheck Cond": "(mc.company_id < 2561)",
                                "Rows Removed by Index Recheck": 0,
                                "Exact Heap Blocks": 18628,
                                "Lossy Heap Blocks": 0,
                                "Plans": [
                                    {
                                        "Node Type": "Bitmap Index Scan",
                                        "Parent Relationship": "Outer",
                                        "Parallel Aware": false,
                                        "Index Name": "company_id_movie_companies",
                                        "Startup Cost": 0.0,
                                        "Total Cost": 18590.06,
                                        "Plan Rows": 867950,
                                        "Plan Width": 0,
                                        "Actual Startup Time": 68.625,
                                        "Actual Total Time": 68.625,
                                        "Actual Rows": 864467,
                                        "Actual Loops": 1,
                                        "Index Cond": "(mc.company_id < 2561)"
                                    }
                                ]
                            }
                        ]
                    }
                ]
            }
        ]
    },
    "Planning Time": 2.669,
    "Triggers": [],
    "Execution Time": 3266.293
}