[
  {
    "Plan": {
      "Node Type": "Aggregate",
      "Strategy": "Plain",
      "Partial Mode": "Finalize",
      "Parallel Aware": false,
      "Startup Cost": 97350.7,
      "Total Cost": 97350.71,
      "Plan Rows": 1,
      "Plan Width": 8,
      "Actual Startup Time": 507.592,
      "Actual Total Time": 523.187,
      "Actual Rows": 1,
      "Actual Loops": 1,
      "Plans": [
        {
          "Node Type": "Gather",
          "Parent Relationship": "Outer",
          "Parallel Aware": false,
          "Startup Cost": 97350.38,
          "Total Cost": 97350.69,
          "Plan Rows": 3,
          "Plan Width": 8,
          "Actual Startup Time": 502.815,
          "Actual Total Time": 523.178,
          "Actual Rows": 4,
          "Actual Loops": 1,
          "Workers Planned": 3,
          "Workers Launched": 3,
          "Single Copy": false,
          "Plans": [
            {
              "Node Type": "Aggregate",
              "Strategy": "Plain",
              "Partial Mode": "Partial",
              "Parent Relationship": "Outer",
              "Parallel Aware": false,
              "Startup Cost": 96350.38,
              "Total Cost": 96350.39,
              "Plan Rows": 1,
              "Plan Width": 8,
              "Actual Startup Time": 494.105,
              "Actual Total Time": 494.108,
              "Actual Rows": 1,
              "Actual Loops": 4,
              "Plans": [
                {
                  "Node Type": "Hash Join",
                  "Parent Relationship": "Outer",
                  "Parallel Aware": true,
                  "Join Type": "Inner",
                  "Startup Cost": 48464.42,
                  "Total Cost": 94976.89,
                  "Plan Rows": 549395,
                  "Plan Width": 0,
                  "Actual Startup Time": 188.501,
                  "Actual Total Time": 456.832,
                  "Actual Rows": 960683,
                  "Actual Loops": 4,
                  "Inner Unique": true,
                  "Hash Cond": "(mk.movie_id = t.id)",
                  "Plans": [
                    {
                      "Node Type": "Seq Scan",
                      "Parent Relationship": "Outer",
                      "Parallel Aware": true,
                      "Relation Name": "movie_keyword",
                      "Alias": "mk",
                      "Startup Cost": 0.0,
                      "Total Cost": 42695.65,
                      "Plan Rows": 1454021,
                      "Plan Width": 4,
                      "Actual Startup Time": 0.028,
                      "Actual Total Time": 110.753,
                      "Actual Rows": 1127388,
                      "Actual Loops": 4,
                      "Filter": "(keyword_id < 121623)",
                      "Rows Removed by Filter": 3594
                    },
                    {
                      "Node Type": "Hash",
                      "Parent Relationship": "Inner",
                      "Parallel Aware": true,
                      "Startup Cost": 45479.1,
                      "Total Cost": 45479.1,
                      "Plan Rows": 238826,
                      "Plan Width": 4,
                      "Actual Startup Time": 183.176,
                      "Actual Total Time": 183.177,
                      "Actual Rows": 238318,
                      "Actual Loops": 4,
                      "Hash Buckets": 1048576,
                      "Original Hash Buckets": 1048576,
                      "Hash Batches": 1,
                      "Original Hash Batches": 1,
                      "Peak Memory Usage": 45568,
                      "Plans": [
                        {
                          "Node Type": "Seq Scan",
                          "Parent Relationship": "Outer",
                          "Parallel Aware": true,
                          "Relation Name": "title",
                          "Alias": "t",
                          "Startup Cost": 0.0,
                          "Total Cost": 45479.1,
                          "Plan Rows": 238826,
                          "Plan Width": 4,
                          "Actual Startup Time": 0.044,
                          "Actual Total Time": 104.29,
                          "Actual Rows": 238318,
                          "Actual Loops": 4,
                          "Filter": "((kind_id < 7) AND (production_year > 1909))",
                          "Rows Removed by Filter": 393760
                        }
                      ]
                    }
                  ]
                }
              ]
            }
          ]
        }
      ]
    },
    "Planning Time": 0.731,
    "Triggers": [],
    "Execution Time": 523.257
  }
]