[
  {
    "Plan": {
      "Node Type": "Aggregate",
      "Strategy": "Plain",
      "Partial Mode": "Finalize",
      "Parallel Aware": false,
      "Startup Cost": 32267.45,
      "Total Cost": 32267.46,
      "Plan Rows": 1,
      "Plan Width": 8,
      "Actual Startup Time": 118.255,
      "Actual Total Time": 125.997,
      "Actual Rows": 1,
      "Actual Loops": 1,
      "Plans": [
        {
          "Node Type": "Gather",
          "Parent Relationship": "Outer",
          "Parallel Aware": false,
          "Startup Cost": 32267.13,
          "Total Cost": 32267.44,
          "Plan Rows": 3,
          "Plan Width": 8,
          "Actual Startup Time": 118.121,
          "Actual Total Time": 125.989,
          "Actual Rows": 4,
          "Actual Loops": 1,
          "Workers Planned": 3,
          "Workers Launched": 3,
          "Single Copy": false,
          "Plans": [
            {
              "Node Type": "Aggregate",
              "Strategy": "Plain",
              "Partial Mode": "Partial",
              "Parent Relationship": "Outer",
              "Parallel Aware": false,
              "Startup Cost": 31267.13,
              "Total Cost": 31267.14,
              "Plan Rows": 1,
              "Plan Width": 8,
              "Actual Startup Time": 111.26,
              "Actual Total Time": 111.261,
              "Actual Rows": 1,
              "Actual Loops": 4,
              "Plans": [
                {
                  "Node Type": "Seq Scan",
                  "Parent Relationship": "Outer",
                  "Parallel Aware": true,
                  "Relation Name": "movie_companies",
                  "Alias": "mc",
                  "Startup Cost": 0.0,
                  "Total Cost": 29310.68,
                  "Plan Rows": 782580,
                  "Plan Width": 0,
                  "Actual Startup Time": 0.04,
                  "Actual Total Time": 83.129,
                  "Actual Rows": 607602,
                  "Actual Loops": 4,
                  "Filter": "(company_id < 120774)",
                  "Rows Removed by Filter": 44680
                }
              ]
            }
          ]
        }
      ]
    },
    "Planning Time": 0.155,
    "Triggers": [],
    "Execution Time": 126.043
  }
]