[
  {
    "Plan": {
      "Node Type": "Aggregate",
      "Strategy": "Plain",
      "Partial Mode": "Finalize",
      "Parallel Aware": false,
      "Startup Cost": 31669.99,
      "Total Cost": 31670.0,
      "Plan Rows": 1,
      "Plan Width": 8,
      "Actual Startup Time": 103.336,
      "Actual Total Time": 111.032,
      "Actual Rows": 1,
      "Actual Loops": 1,
      "Plans": [
        {
          "Node Type": "Gather",
          "Parent Relationship": "Outer",
          "Parallel Aware": false,
          "Startup Cost": 31669.67,
          "Total Cost": 31669.98,
          "Plan Rows": 3,
          "Plan Width": 8,
          "Actual Startup Time": 103.207,
          "Actual Total Time": 111.022,
          "Actual Rows": 4,
          "Actual Loops": 1,
          "Workers Planned": 3,
          "Workers Launched": 3,
          "Single Copy": false,
          "Plans": [
            {
              "Node Type": "Aggregate",
              "Strategy": "Plain",
              "Partial Mode": "Partial",
              "Parent Relationship": "Outer",
              "Parallel Aware": false,
              "Startup Cost": 30669.67,
              "Total Cost": 30669.68,
              "Plan Rows": 1,
              "Plan Width": 8,
              "Actual Startup Time": 97.965,
              "Actual Total Time": 97.966,
              "Actual Rows": 1,
              "Actual Loops": 4,
              "Plans": [
                {
                  "Node Type": "Seq Scan",
                  "Parent Relationship": "Outer",
                  "Parallel Aware": true,
                  "Relation Name": "movie_companies",
                  "Alias": "mc",
                  "Startup Cost": 0.0,
                  "Total Cost": 29310.68,
                  "Plan Rows": 543597,
                  "Plan Width": 0,
                  "Actual Startup Time": 0.028,
                  "Actual Total Time": 77.115,
                  "Actual Rows": 423576,
                  "Actual Loops": 4,
                  "Filter": "(company_id < 20468)",
                  "Rows Removed by Filter": 228706
                }
              ]
            }
          ]
        }
      ]
    },
    "Planning Time": 0.211,
    "Triggers": [],
    "Execution Time": 111.086
  }
]