{
    "Plan": {
        "Node Type": "Aggregate",
        "Strategy": "Plain",
        "Partial Mode": "Finalize",
        "Parallel Aware": false,
        "Startup Cost": 388737.62,
        "Total Cost": 388737.63,
        "Plan Rows": 1,
        "Plan Width": 8,
        "Actual Startup Time": 1631.652,
        "Actual Total Time": 1679.759,
        "Actual Rows": 1,
        "Actual Loops": 1,
        "Output": [
            "count(*)"
        ],
        "Plans": [
            {
                "Node Type": "Gather",
                "Parent Relationship": "Outer",
                "Parallel Aware": false,
                "Startup Cost": 388737.0,
                "Total Cost": 388737.61,
                "Plan Rows": 6,
                "Plan Width": 8,
                "Actual Startup Time": 1628.153,
                "Actual Total Time": 1679.749,
                "Actual Rows": 7,
                "Actual Loops": 1,
                "Output": [
                    "(PARTIAL count(*))"
                ],
                "Workers Planned": 6,
                "Workers Launched": 6,
                "Single Copy": false,
                "Plans": [
                    {
                        "Node Type": "Aggregate",
                        "Strategy": "Plain",
                        "Partial Mode": "Partial",
                        "Parent Relationship": "Outer",
                        "Parallel Aware": false,
                        "Startup Cost": 387737.0,
                        "Total Cost": 387737.01,
                        "Plan Rows": 1,
                        "Plan Width": 8,
                        "Actual Startup Time": 1617.298,
                        "Actual Total Time": 1617.3,
                        "Actual Rows": 1,
                        "Actual Loops": 7,
                        "Output": [
                            "PARTIAL count(*)"
                        ],
                        "Workers": [
                            {
                                "Worker Number": 0,
                                "Actual Startup Time": 1615.746,
                                "Actual Total Time": 1615.748,
                                "Actual Rows": 1,
                                "Actual Loops": 1
                            },
                            {
                                "Worker Number": 1,
                                "Actual Startup Time": 1615.421,
                                "Actual Total Time": 1615.423,
                                "Actual Rows": 1,
                                "Actual Loops": 1
                            },
                            {
                                "Worker Number": 2,
                                "Actual Startup Time": 1615.511,
                                "Actual Total Time": 1615.513,
                                "Actual Rows": 1,
                                "Actual Loops": 1
                            },
                            {
                                "Worker Number": 3,
                                "Actual Startup Time": 1615.575,
                                "Actual Total Time": 1615.578,
                                "Actual Rows": 1,
                                "Actual Loops": 1
                            },
                            {
                                "Worker Number": 4,
                                "Actual Startup Time": 1615.599,
                                "Actual Total Time": 1615.601,
                                "Actual Rows": 1,
                                "Actual Loops": 1
                            },
                            {
                                "Worker Number": 5,
                                "Actual Startup Time": 1615.981,
                                "Actual Total Time": 1615.983,
                                "Actual Rows": 1,
                                "Actual Loops": 1
                            }
                        ],
                        "Plans": [
                            {
                                "Node Type": "Hash Join",
                                "Parent Relationship": "Outer",
                                "Parallel Aware": true,
                                "Join Type": "Inner",
                                "Startup Cost": 46287.74,
                                "Total Cost": 384777.99,
                                "Plan Rows": 1183604,
                                "Plan Width": 0,
                                "Actual Startup Time": 321.846,
                                "Actual Total Time": 1572.806,
                                "Actual Rows": 1027444,
                                "Actual Loops": 7,
                                "Inner Unique": true,
                                "Hash Cond": "(ci.movie_id = t.id)",
                                "Workers": [
                                    {
                                        "Worker Number": 0,
                                        "Actual Startup Time": 319.606,
                                        "Actual Total Time": 1565.581,
                                        "Actual Rows": 774533,
                                        "Actual Loops": 1
                                    },
                                    {
                                        "Worker Number": 1,
                                        "Actual Startup Time": 320.256,
                                        "Actual Total Time": 1571.644,
                                        "Actual Rows": 1096940,
                                        "Actual Loops": 1
                                    },
                                    {
                                        "Worker Number": 2,
                                        "Actual Startup Time": 320.081,
                                        "Actual Total Time": 1571.562,
                                        "Actual Rows": 1100379,
                                        "Actual Loops": 1
                                    },
                                    {
                                        "Worker Number": 3,
                                        "Actual Startup Time": 320.152,
                                        "Actual Total Time": 1575.729,
                                        "Actual Rows": 966205,
                                        "Actual Loops": 1
                                    },
                                    {
                                        "Worker Number": 4,
                                        "Actual Startup Time": 320.428,
                                        "Actual Total Time": 1576.178,
                                        "Actual Rows": 960490,
                                        "Actual Loops": 1
                                    },
                                    {
                                        "Worker Number": 5,
                                        "Actual Startup Time": 320.538,
                                        "Actual Total Time": 1572.131,
                                        "Actual Rows": 1097391,
                                        "Actual Loops": 1
                                    }
                                ],
                                "Plans": [
                                    {
                                        "Node Type": "Seq Scan",
                                        "Parent Relationship": "Outer",
                                        "Parallel Aware": true,
                                        "Relation Name": "cast_info",
                                        "Schema": "public",
                                        "Alias": "ci",
                                        "Startup Cost": 0.0,
                                        "Total Cost": 328213.62,
                                        "Plan Rows": 3914897,
                                        "Plan Width": 4,
                                        "Actual Startup Time": 197.732,
                                        "Actual Total Time": 658.809,
                                        "Actual Rows": 3367665,
                                        "Actual Loops": 7,
                                        "Output": [
                                            "ci.id",
                                            "ci.person_id",
                                            "ci.movie_id",
                                            "ci.person_role_id",
                                            "ci.note",
                                            "ci.nr_order",
                                            "ci.role_id"
                                        ],
                                        "Filter": "(ci.role_id > 1)",
                                        "Rows Removed by Filter": 1810098,
                                        "Workers": [
                                            {
                                                "Worker Number": 0,
                                                "Actual Startup Time": 197.621,
                                                "Actual Total Time": 698.701,
                                                "Actual Rows": 2535342,
                                                "Actual Loops": 1
                                            },
                                            {
                                                "Worker Number": 1,
                                                "Actual Startup Time": 197.756,
                                                "Actual Total Time": 666.411,
                                                "Actual Rows": 3587513,
                                                "Actual Loops": 1
                                            },
                                            {
                                                "Worker Number": 2,
                                                "Actual Startup Time": 197.762,
                                                "Actual Total Time": 667.962,
                                                "Actual Rows": 3613618,
                                                "Actual Loops": 1
                                            },
                                            {
                                                "Worker Number": 3,
                                                "Actual Startup Time": 197.75,
                                                "Actual Total Time": 645.728,
                                                "Actual Rows": 3148379,
                                                "Actual Loops": 1
                                            },
                                            {
                                                "Worker Number": 4,
                                                "Actual Startup Time": 197.767,
                                                "Actual Total Time": 645.597,
                                                "Actual Rows": 3146630,
                                                "Actual Loops": 1
                                            },
                                            {
                                                "Worker Number": 5,
                                                "Actual Startup Time": 197.737,
                                                "Actual Total Time": 668.781,
                                                "Actual Rows": 3615195,
                                                "Actual Loops": 1
                                            }
                                        ]
                                    },
                                    {
                                        "Node Type": "Hash",
                                        "Parent Relationship": "Inner",
                                        "Parallel Aware": true,
                                        "Startup Cost": 43899.01,
                                        "Total Cost": 43899.01,
                                        "Plan Rows": 191099,
                                        "Plan Width": 4,
                                        "Actual Startup Time": 120.599,
                                        "Actual Total Time": 120.6,
                                        "Actual Rows": 107668,
                                        "Actual Loops": 7,
                                        "Output": [
                                            "t.id"
                                        ],
                                        "Hash Buckets": 1048576,
                                        "Original Hash Buckets": 1048576,
                                        "Hash Batches": 1,
                                        "Original Hash Batches": 1,
                                        "Peak Memory Usage": 37792,
                                        "Workers": [
                                            {
                                                "Worker Number": 0,
                                                "Actual Startup Time": 121.234,
                                                "Actual Total Time": 121.235,
                                                "Actual Rows": 80516,
                                                "Actual Loops": 1
                                            },
                                            {
                                                "Worker Number": 1,
                                                "Actual Startup Time": 121.568,
                                                "Actual Total Time": 121.568,
                                                "Actual Rows": 112168,
                                                "Actual Loops": 1
                                            },
                                            {
                                                "Worker Number": 2,
                                                "Actual Startup Time": 121.665,
                                                "Actual Total Time": 121.665,
                                                "Actual Rows": 110795,
                                                "Actual Loops": 1
                                            },
                                            {
                                                "Worker Number": 3,
                                                "Actual Startup Time": 121.745,
                                                "Actual Total Time": 121.746,
                                                "Actual Rows": 97942,
                                                "Actual Loops": 1
                                            },
                                            {
                                                "Worker Number": 4,
                                                "Actual Startup Time": 121.693,
                                                "Actual Total Time": 121.694,
                                                "Actual Rows": 97776,
                                                "Actual Loops": 1
                                            },
                                            {
                                                "Worker Number": 5,
                                                "Actual Startup Time": 122.093,
                                                "Actual Total Time": 122.093,
                                                "Actual Rows": 112535,
                                                "Actual Loops": 1
                                            }
                                        ],
                                        "Plans": [
                                            {
                                                "Node Type": "Seq Scan",
                                                "Parent Relationship": "Outer",
                                                "Parallel Aware": true,
                                                "Relation Name": "title",
                                                "Schema": "public",
                                                "Alias": "t",
                                                "Startup Cost": 0.0,
                                                "Total Cost": 43899.01,
                                                "Plan Rows": 191099,
                                                "Plan Width": 4,
                                                "Actual Startup Time": 0.067,
                                                "Actual Total Time": 71.969,
                                                "Actual Rows": 107668,
                                                "Actual Loops": 7,
                                                "Output": [
                                                    "t.id"
                                                ],
                                                "Filter": "(t.kind_id < 3)",
                                                "Rows Removed by Filter": 253519,
                                                "Workers": [
                                                    {
                                                        "Worker Number": 0,
                                                        "Actual Startup Time": 0.071,
                                                        "Actual Total Time": 74.11,
                                                        "Actual Rows": 80516,
                                                        "Actual Loops": 1
                                                    },
                                                    {
                                                        "Worker Number": 1,
                                                        "Actual Startup Time": 0.081,
                                                        "Actual Total Time": 72.69,
                                                        "Actual Rows": 112168,
                                                        "Actual Loops": 1
                                                    },
                                                    {
                                                        "Worker Number": 2,
                                                        "Actual Startup Time": 0.069,
                                                        "Actual Total Time": 72.354,
                                                        "Actual Rows": 110795,
                                                        "Actual Loops": 1
                                                    },
                                                    {
                                                        "Worker Number": 3,
                                                        "Actual Startup Time": 0.092,
                                                        "Actual Total Time": 71.657,
                                                        "Actual Rows": 97942,
                                                        "Actual Loops": 1
                                                    },
                                                    {
                                                        "Worker Number": 4,
                                                        "Actual Startup Time": 0.082,
                                                        "Actual Total Time": 71.781,
                                                        "Actual Rows": 97776,
                                                        "Actual Loops": 1
                                                    },
                                                    {
                                                        "Worker Number": 5,
                                                        "Actual Startup Time": 0.054,
                                                        "Actual Total Time": 72.84,
                                                        "Actual Rows": 112535,
                                                        "Actual Loops": 1
                                                    }
                                                ]
                                            }
                                        ]
                                    }
                                ]
                            }
                        ]
                    }
                ]
            }
        ]
    },
    "Planning Time": 0.695,
    "Triggers": [],
    "Execution Time": 1679.843
}