[
    {
        "Bao": {
            "Bao prediction": "NaN",
            "Bao recommended hint": "(no hint)"
        }
    },
    {
        "Plan": {
            "Node Type": "Aggregate",
            "Strategy": "Plain",
            "Partial Mode": "Finalize",
            "Parallel Aware": false,
            "Startup Cost": 9966.04,
            "Total Cost": 9966.05,
            "Plan Rows": 1,
            "Plan Width": 8,
            "Actual Startup Time": 40.694,
            "Actual Total Time": 43.293,
            "Actual Rows": 1,
            "Actual Loops": 1,
            "Output": [
                "count(*)"
            ],
            "Plans": [
                {
                    "Node Type": "Gather",
                    "Parent Relationship": "Outer",
                    "Parallel Aware": false,
                    "Startup Cost": 9965.73,
                    "Total Cost": 9966.04,
                    "Plan Rows": 3,
                    "Plan Width": 8,
                    "Actual Startup Time": 40.642,
                    "Actual Total Time": 43.276,
                    "Actual Rows": 4,
                    "Actual Loops": 1,
                    "Output": [
                        "(PARTIAL count(*))"
                    ],
                    "Workers Planned": 3,
                    "Workers Launched": 3,
                    "Single Copy": false,
                    "Plans": [
                        {
                            "Node Type": "Aggregate",
                            "Strategy": "Plain",
                            "Partial Mode": "Partial",
                            "Parent Relationship": "Outer",
                            "Parallel Aware": false,
                            "Startup Cost": 8965.73,
                            "Total Cost": 8965.74,
                            "Plan Rows": 1,
                            "Plan Width": 8,
                            "Actual Startup Time": 32.088,
                            "Actual Total Time": 32.089,
                            "Actual Rows": 1,
                            "Actual Loops": 4,
                            "Output": [
                                "PARTIAL count(*)"
                            ],
                            "Workers": [
                                {
                                    "Worker Number": 0,
                                    "Actual Startup Time": 28.865,
                                    "Actual Total Time": 28.866,
                                    "Actual Rows": 1,
                                    "Actual Loops": 1
                                },
                                {
                                    "Worker Number": 1,
                                    "Actual Startup Time": 29.646,
                                    "Actual Total Time": 29.647,
                                    "Actual Rows": 1,
                                    "Actual Loops": 1
                                },
                                {
                                    "Worker Number": 2,
                                    "Actual Startup Time": 29.696,
                                    "Actual Total Time": 29.697,
                                    "Actual Rows": 1,
                                    "Actual Loops": 1
                                }
                            ],
                            "Plans": [
                                {
                                    "Node Type": "Index Scan",
                                    "Parent Relationship": "Outer",
                                    "Parallel Aware": true,
                                    "Scan Direction": "Forward",
                                    "Index Name": "role_id_cast_info",
                                    "Relation Name": "cast_info",
                                    "Schema": "public",
                                    "Alias": "ci",
                                    "Startup Cost": 0.56,
                                    "Total Cost": 8778.4,
                                    "Plan Rows": 74929,
                                    "Plan Width": 0,
                                    "Actual Startup Time": 0.125,
                                    "Actual Total Time": 26.099,
                                    "Actual Rows": 66537,
                                    "Actual Loops": 4,
                                    "Output": [
                                        "id",
                                        "person_id",
                                        "movie_id",
                                        "person_role_id",
                                        "note",
                                        "nr_order",
                                        "role_id"
                                    ],
                                    "Index Cond": "(ci.role_id = 7)",
                                    "Rows Removed by Index Recheck": 0,
                                    "Filter": "(ci.person_id > 859330)",
                                    "Rows Removed by Filter": 2564,
                                    "Workers": [
                                        {
                                            "Worker Number": 0,
                                            "Actual Startup Time": 0.125,
                                            "Actual Total Time": 23.675,
                                            "Actual Rows": 46114,
                                            "Actual Loops": 1
                                        },
                                        {
                                            "Worker Number": 1,
                                            "Actual Startup Time": 0.149,
                                            "Actual Total Time": 24.379,
                                            "Actual Rows": 47261,
                                            "Actual Loops": 1
                                        },
                                        {
                                            "Worker Number": 2,
                                            "Actual Startup Time": 0.185,
                                            "Actual Total Time": 24.416,
                                            "Actual Rows": 56009,
                                            "Actual Loops": 1
                                        }
                                    ]
                                }
                            ]
                        }
                    ]
                }
            ]
        },
        "Planning Time": 301.417,
        "Triggers": [],
        "Execution Time": 43.389
    }
]