{
    "Plan": {
        "Node Type": "Aggregate",
        "Strategy": "Plain",
        "Partial Mode": "Simple",
        "Parallel Aware": false,
        "Startup Cost": 7152.33,
        "Total Cost": 7152.34,
        "Plan Rows": 1,
        "Plan Width": 8,
        "Actual Startup Time": 8.667,
        "Actual Total Time": 8.669,
        "Actual Rows": 1,
        "Actual Loops": 1,
        "Output": [
            "count(*)"
        ],
        "Plans": [
            {
                "Node Type": "Nested Loop",
                "Parent Relationship": "Outer",
                "Parallel Aware": false,
                "Join Type": "Inner",
                "Startup Cost": 0.86,
                "Total Cost": 7151.0,
                "Plan Rows": 535,
                "Plan Width": 0,
                "Actual Startup Time": 0.124,
                "Actual Total Time": 8.414,
                "Actual Rows": 1097,
                "Actual Loops": 1,
                "Inner Unique": true,
                "Plans": [
                    {
                        "Node Type": "Index Scan",
                        "Parent Relationship": "Outer",
                        "Parallel Aware": false,
                        "Scan Direction": "Forward",
                        "Index Name": "company_id_movie_companies",
                        "Relation Name": "movie_companies",
                        "Schema": "public",
                        "Alias": "mc",
                        "Startup Cost": 0.43,
                        "Total Cost": 2703.58,
                        "Plan Rows": 535,
                        "Plan Width": 4,
                        "Actual Startup Time": 0.102,
                        "Actual Total Time": 1.135,
                        "Actual Rows": 1097,
                        "Actual Loops": 1,
                        "Output": [
                            "mc.id",
                            "mc.movie_id",
                            "mc.company_id",
                            "mc.company_type_id",
                            "mc.note"
                        ],
                        "Index Cond": "(mc.company_id > 233924)",
                        "Rows Removed by Index Recheck": 0,
                        "Filter": "(mc.company_type_id > 1)",
                        "Rows Removed by Filter": 0
                    },
                    {
                        "Node Type": "Index Only Scan",
                        "Parent Relationship": "Inner",
                        "Parallel Aware": false,
                        "Scan Direction": "Forward",
                        "Index Name": "title_pkey",
                        "Relation Name": "title",
                        "Schema": "public",
                        "Alias": "t",
                        "Startup Cost": 0.43,
                        "Total Cost": 8.31,
                        "Plan Rows": 1,
                        "Plan Width": 4,
                        "Actual Startup Time": 0.006,
                        "Actual Total Time": 0.006,
                        "Actual Rows": 1,
                        "Actual Loops": 1097,
                        "Output": [
                            "t.id"
                        ],
                        "Index Cond": "(t.id = mc.movie_id)",
                        "Rows Removed by Index Recheck": 0,
                        "Heap Fetches": 1097
                    }
                ]
            }
        ]
    },
    "Planning Time": 0.898,
    "Triggers": [],
    "Execution Time": 8.738
}