[
  {
    "Plan": {
      "Node Type": "Aggregate",
      "Strategy": "Plain",
      "Partial Mode": "Finalize",
      "Parallel Aware": false,
      "Startup Cost": 29867.11,
      "Total Cost": 29867.12,
      "Plan Rows": 1,
      "Plan Width": 8,
      "Actual Startup Time": 85.386,
      "Actual Total Time": 91.852,
      "Actual Rows": 1,
      "Actual Loops": 1,
      "Plans": [
        {
          "Node Type": "Gather",
          "Parent Relationship": "Outer",
          "Parallel Aware": false,
          "Startup Cost": 29866.8,
          "Total Cost": 29867.11,
          "Plan Rows": 3,
          "Plan Width": 8,
          "Actual Startup Time": 85.152,
          "Actual Total Time": 91.844,
          "Actual Rows": 4,
          "Actual Loops": 1,
          "Workers Planned": 3,
          "Workers Launched": 3,
          "Single Copy": false,
          "Plans": [
            {
              "Node Type": "Aggregate",
              "Strategy": "Plain",
              "Partial Mode": "Partial",
              "Parent Relationship": "Outer",
              "Parallel Aware": false,
              "Startup Cost": 28866.8,
              "Total Cost": 28866.81,
              "Plan Rows": 1,
              "Plan Width": 8,
              "Actual Startup Time": 78.615,
              "Actual Total Time": 78.625,
              "Actual Rows": 1,
              "Actual Loops": 4,
              "Plans": [
                {
                  "Node Type": "Bitmap Heap Scan",
                  "Parent Relationship": "Outer",
                  "Parallel Aware": true,
                  "Relation Name": "movie_keyword",
                  "Alias": "mk",
                  "Startup Cost": 3593.18,
                  "Total Cost": 28730.19,
                  "Plan Rows": 54641,
                  "Plan Width": 0,
                  "Actual Startup Time": 27.545,
                  "Actual Total Time": 75.679,
                  "Actual Rows": 40263,
                  "Actual Loops": 4,
                  "Recheck Cond": "(keyword_id > 72755)",
                  "Rows Removed by Index Recheck": 0,
                  "Exact Heap Blocks": 11380,
                  "Lossy Heap Blocks": 0,
                  "Plans": [
                    {
                      "Node Type": "Bitmap Index Scan",
                      "Parent Relationship": "Outer",
                      "Parallel Aware": false,
                      "Index Name": "keyword_id_movie_keyword",
                      "Startup Cost": 0.0,
                      "Total Cost": 3550.84,
                      "Plan Rows": 169387,
                      "Plan Width": 0,
                      "Actual Startup Time": 28.161,
                      "Actual Total Time": 28.162,
                      "Actual Rows": 161053,
                      "Actual Loops": 1,
                      "Index Cond": "(keyword_id > 72755)"
                    }
                  ]
                }
              ]
            }
          ]
        }
      ]
    },
    "Planning Time": 0.178,
    "Triggers": [],
    "Execution Time": 91.925
  }
]