{
  "Plan": {
    "Node Type": "Aggregate",
    "Strategy": "Plain",
    "Partial Mode": "Finalize",
    "Parallel Aware": false,
    "Startup Cost": 1467032.07,
    "Total Cost": 1467032.08,
    "Plan Rows": 1,
    "Plan Width": 8,
    "Actual Startup Time": 31644.722,
    "Actual Total Time": 31725.05,
    "Actual Rows": 1,
    "Actual Loops": 1,
    "Plans": [
      {
        "Node Type": "Gather",
        "Parent Relationship": "Outer",
        "Parallel Aware": false,
        "Startup Cost": 1467031.96,
        "Total Cost": 1467032.07,
        "Plan Rows": 1,
        "Plan Width": 8,
        "Actual Startup Time": 31630.094,
        "Actual Total Time": 31725.035,
        "Actual Rows": 2,
        "Actual Loops": 1,
        "Workers Planned": 1,
        "Workers Launched": 1,
        "Single Copy": false,
        "Plans": [
          {
            "Node Type": "Aggregate",
            "Strategy": "Plain",
            "Partial Mode": "Partial",
            "Parent Relationship": "Outer",
            "Parallel Aware": false,
            "Startup Cost": 1466031.96,
            "Total Cost": 1466031.97,
            "Plan Rows": 1,
            "Plan Width": 8,
            "Actual Startup Time": 31613.499,
            "Actual Total Time": 31616.505,
            "Actual Rows": 1,
            "Actual Loops": 2,
            "Plans": [
              {
                "Node Type": "Hash Join",
                "Parent Relationship": "Outer",
                "Parallel Aware": true,
                "Join Type": "Inner",
                "Startup Cost": 396106.09,
                "Total Cost": 1333520.41,
                "Plan Rows": 53004620,
                "Plan Width": 0,
                "Actual Startup Time": 3496.487,
                "Actual Total Time": 25950.635,
                "Actual Rows": 138690132,
                "Actual Loops": 2,
                "Inner Unique": false,
                "Hash Cond": "(ci.movie_id = t.id)",
                "Plans": [
                  {
                    "Node Type": "Seq Scan",
                    "Parent Relationship": "Outer",
                    "Parallel Aware": true,
                    "Relation Name": "cast_info",
                    "Alias": "ci",
                    "Startup Cost": 0.0,
                    "Total Cost": 465792.95,
                    "Plan Rows": 21310595,
                    "Plan Width": 4,
                    "Actual Startup Time": 0.02,
                    "Actual Total Time": 1479.612,
                    "Actual Rows": 18122172,
                    "Actual Loops": 2
                  },
                  {
                    "Node Type": "Hash",
                    "Parent Relationship": "Inner",
                    "Parallel Aware": true,
                    "Startup Cost": 349867.28,
                    "Total Cost": 349867.28,
                    "Plan Rows": 3699105,
                    "Plan Width": 8,
                    "Actual Startup Time": 3462.85,
                    "Actual Total Time": 3465.854,
                    "Actual Rows": 3111747,
                    "Actual Loops": 2,
                    "Hash Buckets": 8388608,
                    "Original Hash Buckets": 8388608,
                    "Hash Batches": 1,
                    "Original Hash Batches": 1,
                    "Peak Memory Usage": 309024,
                    "Plans": [
                      {
                        "Node Type": "Hash Join",
                        "Parent Relationship": "Outer",
                        "Parallel Aware": true,
                        "Join Type": "Inner",
                        "Startup Cost": 69460.7,
                        "Total Cost": 349867.28,
                        "Plan Rows": 3699105,
                        "Plan Width": 8,
                        "Actual Startup Time": 693.552,
                        "Actual Total Time": 2549.607,
                        "Actual Rows": 3111747,
                        "Actual Loops": 2,
                        "Inner Unique": true,
                        "Hash Cond": "(mi.movie_id = t.id)",
                        "Plans": [
                          {
                            "Node Type": "Seq Scan",
                            "Parent Relationship": "Outer",
                            "Parallel Aware": true,
                            "Relation Name": "movie_info",
                            "Alias": "mi",
                            "Startup Cost": 0.0,
                            "Total Cost": 270696.42,
                            "Plan Rows": 3699105,
                            "Plan Width": 4,
                            "Actual Startup Time": 41.349,
                            "Actual Total Time": 795.782,
                            "Actual Rows": 3111747,
                            "Actual Loops": 2,
                            "Filter": "(info_type_id > 8)",
                            "Rows Removed by Filter": 4306113
                          },
                          {
                            "Node Type": "Hash",
                            "Parent Relationship": "Inner",
                            "Parallel Aware": true,
                            "Startup Cost": 50870.31,
                            "Total Cost": 50870.31,
                            "Plan Rows": 1487231,
                            "Plan Width": 4,
                            "Actual Startup Time": 639.665,
                            "Actual Total Time": 639.666,
                            "Actual Rows": 1264156,
                            "Actual Loops": 2,
                            "Hash Buckets": 4194304,
                            "Original Hash Buckets": 4194304,
                            "Hash Batches": 1,
                            "Original Hash Batches": 1,
                            "Peak Memory Usage": 131712,
                            "Plans": [
                              {
                                "Node Type": "Seq Scan",
                                "Parent Relationship": "Outer",
                                "Parallel Aware": true,
                                "Relation Name": "title",
                                "Alias": "t",
                                "Startup Cost": 0.0,
                                "Total Cost": 50870.31,
                                "Plan Rows": 1487231,
                                "Plan Width": 4,
                                "Actual Startup Time": 0.042,
                                "Actual Total Time": 188.083,
                                "Actual Rows": 1264156,
                                "Actual Loops": 2
                              }
                            ]
                          }
                        ]
                      }
                    ]
                  }
                ]
              }
            ]
          }
        ]
      }
    ]
  },
  "Planning Time": 1.05,
  "Triggers": [],
  "Execution Time": 31725.171
}