{
  "Plan": {
    "Node Type": "Aggregate",
    "Strategy": "Plain",
    "Partial Mode": "Finalize",
    "Parallel Aware": false,
    "Startup Cost": 65775.41,
    "Total Cost": 65775.42,
    "Plan Rows": 1,
    "Plan Width": 8,
    "Actual Startup Time": 57.182,
    "Actual Total Time": 64.785,
    "Actual Rows": 1,
    "Actual Loops": 1,
    "Plans": [
      {
        "Node Type": "Gather",
        "Parent Relationship": "Outer",
        "Parallel Aware": false,
        "Startup Cost": 65775.3,
        "Total Cost": 65775.41,
        "Plan Rows": 1,
        "Plan Width": 8,
        "Actual Startup Time": 57.079,
        "Actual Total Time": 64.78,
        "Actual Rows": 2,
        "Actual Loops": 1,
        "Workers Planned": 1,
        "Workers Launched": 1,
        "Single Copy": false,
        "Plans": [
          {
            "Node Type": "Aggregate",
            "Strategy": "Plain",
            "Partial Mode": "Partial",
            "Parent Relationship": "Outer",
            "Parallel Aware": false,
            "Startup Cost": 64775.3,
            "Total Cost": 64775.31,
            "Plan Rows": 1,
            "Plan Width": 8,
            "Actual Startup Time": 50.884,
            "Actual Total Time": 50.885,
            "Actual Rows": 1,
            "Actual Loops": 2,
            "Plans": [
              {
                "Node Type": "Nested Loop",
                "Parent Relationship": "Outer",
                "Parallel Aware": false,
                "Join Type": "Inner",
                "Startup Cost": 257.19,
                "Total Cost": 64771.4,
                "Plan Rows": 1558,
                "Plan Width": 0,
                "Actual Startup Time": 4.199,
                "Actual Total Time": 50.309,
                "Actual Rows": 4408,
                "Actual Loops": 2,
                "Inner Unique": true,
                "Plans": [
                  {
                    "Node Type": "Bitmap Heap Scan",
                    "Parent Relationship": "Outer",
                    "Parallel Aware": true,
                    "Relation Name": "movie_keyword",
                    "Alias": "mk",
                    "Startup Cost": 256.76,
                    "Total Cost": 20675.87,
                    "Plan Rows": 7008,
                    "Plan Width": 4,
                    "Actual Startup Time": 4.042,
                    "Actual Total Time": 15.641,
                    "Actual Rows": 5272,
                    "Actual Loops": 2,
                    "Recheck Cond": "(keyword_id = 398)",
                    "Rows Removed by Index Recheck": 0,
                    "Exact Heap Blocks": 4626,
                    "Lossy Heap Blocks": 0,
                    "Plans": [
                      {
                        "Node Type": "Bitmap Index Scan",
                        "Parent Relationship": "Outer",
                        "Parallel Aware": false,
                        "Index Name": "keyword_id_movie_keyword",
                        "Startup Cost": 0.0,
                        "Total Cost": 253.78,
                        "Plan Rows": 11913,
                        "Plan Width": 0,
                        "Actual Startup Time": 4.961,
                        "Actual Total Time": 4.962,
                        "Actual Rows": 10544,
                        "Actual Loops": 1,
                        "Index Cond": "(keyword_id = 398)"
                      }
                    ]
                  },
                  {
                    "Node Type": "Index Scan",
                    "Parent Relationship": "Inner",
                    "Parallel Aware": false,
                    "Scan Direction": "Forward",
                    "Index Name": "title_pkey",
                    "Relation Name": "title",
                    "Alias": "t",
                    "Startup Cost": 0.43,
                    "Total Cost": 6.29,
                    "Plan Rows": 1,
                    "Plan Width": 4,
                    "Actual Startup Time": 0.006,
                    "Actual Total Time": 0.006,
                    "Actual Rows": 1,
                    "Actual Loops": 10544,
                    "Index Cond": "(id = mk.movie_id)",
                    "Rows Removed by Index Recheck": 0,
                    "Filter": "((kind_id < 7) AND (production_year < 2006))",
                    "Rows Removed by Filter": 0
                  }
                ]
              }
            ]
          }
        ]
      }
    ]
  },
  "Planning Time": 0.508,
  "Triggers": [],
  "Execution Time": 64.875
}