{
  "Plan": {
    "Node Type": "Aggregate",
    "Strategy": "Plain",
    "Partial Mode": "Finalize",
    "Parallel Aware": false,
    "Startup Cost": 346740.6,
    "Total Cost": 346740.61,
    "Plan Rows": 1,
    "Plan Width": 8,
    "Actual Startup Time": 366.69,
    "Actual Total Time": 376.448,
    "Actual Rows": 1,
    "Actual Loops": 1,
    "Plans": [
      {
        "Node Type": "Gather",
        "Parent Relationship": "Outer",
        "Parallel Aware": false,
        "Startup Cost": 346740.49,
        "Total Cost": 346740.6,
        "Plan Rows": 1,
        "Plan Width": 8,
        "Actual Startup Time": 365.777,
        "Actual Total Time": 376.44,
        "Actual Rows": 2,
        "Actual Loops": 1,
        "Workers Planned": 1,
        "Workers Launched": 1,
        "Single Copy": false,
        "Plans": [
          {
            "Node Type": "Aggregate",
            "Strategy": "Plain",
            "Partial Mode": "Partial",
            "Parent Relationship": "Outer",
            "Parallel Aware": false,
            "Startup Cost": 345740.49,
            "Total Cost": 345740.5,
            "Plan Rows": 1,
            "Plan Width": 8,
            "Actual Startup Time": 359.426,
            "Actual Total Time": 359.43,
            "Actual Rows": 1,
            "Actual Loops": 2,
            "Plans": [
              {
                "Node Type": "Hash Join",
                "Parent Relationship": "Outer",
                "Parallel Aware": true,
                "Join Type": "Inner",
                "Startup Cost": 81835.27,
                "Total Cost": 345637.94,
                "Plan Rows": 41019,
                "Plan Width": 0,
                "Actual Startup Time": 180.46,
                "Actual Total Time": 355.918,
                "Actual Rows": 73734,
                "Actual Loops": 2,
                "Inner Unique": true,
                "Hash Cond": "(ci.movie_id = t.id)",
                "Plans": [
                  {
                    "Node Type": "Bitmap Heap Scan",
                    "Parent Relationship": "Outer",
                    "Parallel Aware": true,
                    "Relation Name": "cast_info",
                    "Alias": "ci",
                    "Startup Cost": 25623.8,
                    "Total Cost": 288611.05,
                    "Plan Rows": 310633,
                    "Plan Width": 4,
                    "Actual Startup Time": 45.996,
                    "Actual Total Time": 133.487,
                    "Actual Rows": 567874,
                    "Actual Loops": 2,
                    "Recheck Cond": "(person_id > 3841303)",
                    "Rows Removed by Index Recheck": 0,
                    "Filter": "(role_id > 2)",
                    "Rows Removed by Filter": 0,
                    "Exact Heap Blocks": 9083,
                    "Lossy Heap Blocks": 0,
                    "Plans": [
                      {
                        "Node Type": "Bitmap Index Scan",
                        "Parent Relationship": "Outer",
                        "Parallel Aware": false,
                        "Index Name": "person_id_cast_info",
                        "Startup Cost": 0.0,
                        "Total Cost": 25491.78,
                        "Plan Rows": 1167362,
                        "Plan Width": 0,
                        "Actual Startup Time": 43.5,
                        "Actual Total Time": 43.501,
                        "Actual Rows": 1135747,
                        "Actual Loops": 1,
                        "Index Cond": "(person_id > 3841303)"
                      }
                    ]
                  },
                  {
                    "Node Type": "Hash",
                    "Parent Relationship": "Inner",
                    "Parallel Aware": true,
                    "Startup Cost": 53756.58,
                    "Total Cost": 53756.58,
                    "Plan Rows": 196392,
                    "Plan Width": 4,
                    "Actual Startup Time": 128.932,
                    "Actual Total Time": 128.933,
                    "Actual Rows": 127786,
                    "Actual Loops": 2,
                    "Hash Buckets": 524288,
                    "Original Hash Buckets": 524288,
                    "Hash Batches": 1,
                    "Original Hash Batches": 1,
                    "Peak Memory Usage": 14112,
                    "Plans": [
                      {
                        "Node Type": "Bitmap Heap Scan",
                        "Parent Relationship": "Outer",
                        "Parallel Aware": true,
                        "Relation Name": "title",
                        "Alias": "t",
                        "Startup Cost": 11906.32,
                        "Total Cost": 53756.58,
                        "Plan Rows": 196392,
                        "Plan Width": 4,
                        "Actual Startup Time": 34.773,
                        "Actual Total Time": 98.56,
                        "Actual Rows": 127786,
                        "Actual Loops": 2,
                        "Recheck Cond": "(kind_id = 1)",
                        "Rows Removed by Index Recheck": 0,
                        "Filter": "(production_year > 2002)",
                        "Rows Removed by Filter": 203627,
                        "Exact Heap Blocks": 8121,
                        "Lossy Heap Blocks": 0,
                        "Plans": [
                          {
                            "Node Type": "Bitmap Index Scan",
                            "Parent Relationship": "Outer",
                            "Parallel Aware": false,
                            "Index Name": "kind_id_title",
                            "Startup Cost": 0.0,
                            "Total Cost": 11822.85,
                            "Plan Rows": 663256,
                            "Plan Width": 0,
                            "Actual Startup Time": 33.658,
                            "Actual Total Time": 33.659,
                            "Actual Rows": 662825,
                            "Actual Loops": 1,
                            "Index Cond": "(kind_id = 1)"
                          }
                        ]
                      }
                    ]
                  }
                ]
              }
            ]
          }
        ]
      }
    ]
  },
  "Planning Time": 0.854,
  "Triggers": [],
  "Execution Time": 376.555
}