{
    "Plan": {
        "Node Type": "Aggregate",
        "Strategy": "Plain",
        "Partial Mode": "Finalize",
        "Parallel Aware": false,
        "Startup Cost": 69850.43,
        "Total Cost": 69850.44,
        "Plan Rows": 1,
        "Plan Width": 8,
        "Actual Startup Time": 107.029,
        "Actual Total Time": 119.996,
        "Actual Rows": 1,
        "Actual Loops": 1,
        "Output": [
            "count(*)"
        ],
        "Plans": [
            {
                "Node Type": "Gather",
                "Parent Relationship": "Outer",
                "Parallel Aware": false,
                "Startup Cost": 69850.01,
                "Total Cost": 69850.42,
                "Plan Rows": 4,
                "Plan Width": 8,
                "Actual Startup Time": 106.911,
                "Actual Total Time": 119.988,
                "Actual Rows": 5,
                "Actual Loops": 1,
                "Output": [
                    "(PARTIAL count(*))"
                ],
                "Workers Planned": 4,
                "Workers Launched": 4,
                "Single Copy": false,
                "Plans": [
                    {
                        "Node Type": "Aggregate",
                        "Strategy": "Plain",
                        "Partial Mode": "Partial",
                        "Parent Relationship": "Outer",
                        "Parallel Aware": false,
                        "Startup Cost": 68850.01,
                        "Total Cost": 68850.02,
                        "Plan Rows": 1,
                        "Plan Width": 8,
                        "Actual Startup Time": 96.701,
                        "Actual Total Time": 96.702,
                        "Actual Rows": 1,
                        "Actual Loops": 5,
                        "Output": [
                            "PARTIAL count(*)"
                        ],
                        "Workers": [
                            {
                                "Worker Number": 0,
                                "Actual Startup Time": 93.703,
                                "Actual Total Time": 93.705,
                                "Actual Rows": 1,
                                "Actual Loops": 1
                            },
                            {
                                "Worker Number": 1,
                                "Actual Startup Time": 94.32,
                                "Actual Total Time": 94.321,
                                "Actual Rows": 1,
                                "Actual Loops": 1
                            },
                            {
                                "Worker Number": 2,
                                "Actual Startup Time": 94.514,
                                "Actual Total Time": 94.515,
                                "Actual Rows": 1,
                                "Actual Loops": 1
                            },
                            {
                                "Worker Number": 3,
                                "Actual Startup Time": 94.83,
                                "Actual Total Time": 94.831,
                                "Actual Rows": 1,
                                "Actual Loops": 1
                            }
                        ],
                        "Plans": [
                            {
                                "Node Type": "Nested Loop",
                                "Parent Relationship": "Outer",
                                "Parallel Aware": false,
                                "Join Type": "Inner",
                                "Startup Cost": 0.43,
                                "Total Cost": 68846.65,
                                "Plan Rows": 1343,
                                "Plan Width": 0,
                                "Actual Startup Time": 0.356,
                                "Actual Total Time": 96.484,
                                "Actual Rows": 1622,
                                "Actual Loops": 5,
                                "Inner Unique": false,
                                "Workers": [
                                    {
                                        "Worker Number": 0,
                                        "Actual Startup Time": 0.311,
                                        "Actual Total Time": 93.513,
                                        "Actual Rows": 1203,
                                        "Actual Loops": 1
                                    },
                                    {
                                        "Worker Number": 1,
                                        "Actual Startup Time": 0.43,
                                        "Actual Total Time": 94.121,
                                        "Actual Rows": 1424,
                                        "Actual Loops": 1
                                    },
                                    {
                                        "Worker Number": 2,
                                        "Actual Startup Time": 0.401,
                                        "Actual Total Time": 94.312,
                                        "Actual Rows": 1419,
                                        "Actual Loops": 1
                                    },
                                    {
                                        "Worker Number": 3,
                                        "Actual Startup Time": 0.482,
                                        "Actual Total Time": 94.628,
                                        "Actual Rows": 1340,
                                        "Actual Loops": 1
                                    }
                                ],
                                "Plans": [
                                    {
                                        "Node Type": "Seq Scan",
                                        "Parent Relationship": "Outer",
                                        "Parallel Aware": true,
                                        "Relation Name": "title",
                                        "Schema": "public",
                                        "Alias": "t",
                                        "Startup Cost": 0.0,
                                        "Total Cost": 43899.01,
                                        "Plan Rows": 2655,
                                        "Plan Width": 4,
                                        "Actual Startup Time": 0.164,
                                        "Actual Total Time": 76.233,
                                        "Actual Rows": 2224,
                                        "Actual Loops": 5,
                                        "Output": [
                                            "t.id",
                                            "t.title",
                                            "t.imdb_index",
                                            "t.kind_id",
                                            "t.production_year",
                                            "t.imdb_id",
                                            "t.phonetic_code",
                                            "t.episode_of_id",
                                            "t.season_nr",
                                            "t.episode_nr",
                                            "t.series_years",
                                            "t.md5sum"
                                        ],
                                        "Filter": "(t.production_year = 1960)",
                                        "Rows Removed by Filter": 503438,
                                        "Workers": [
                                            {
                                                "Worker Number": 0,
                                                "Actual Startup Time": 0.074,
                                                "Actual Total Time": 72.093,
                                                "Actual Rows": 1712,
                                                "Actual Loops": 1
                                            },
                                            {
                                                "Worker Number": 1,
                                                "Actual Startup Time": 0.204,
                                                "Actual Total Time": 72.563,
                                                "Actual Rows": 1908,
                                                "Actual Loops": 1
                                            },
                                            {
                                                "Worker Number": 2,
                                                "Actual Startup Time": 0.15,
                                                "Actual Total Time": 72.801,
                                                "Actual Rows": 1931,
                                                "Actual Loops": 1
                                            },
                                            {
                                                "Worker Number": 3,
                                                "Actual Startup Time": 0.266,
                                                "Actual Total Time": 72.943,
                                                "Actual Rows": 1759,
                                                "Actual Loops": 1
                                            }
                                        ]
                                    },
                                    {
                                        "Node Type": "Index Scan",
                                        "Parent Relationship": "Inner",
                                        "Parallel Aware": false,
                                        "Scan Direction": "Forward",
                                        "Index Name": "movie_id_movie_companies",
                                        "Relation Name": "movie_companies",
                                        "Schema": "public",
                                        "Alias": "mc",
                                        "Startup Cost": 0.43,
                                        "Total Cost": 9.37,
                                        "Plan Rows": 3,
                                        "Plan Width": 4,
                                        "Actual Startup Time": 0.007,
                                        "Actual Total Time": 0.009,
                                        "Actual Rows": 1,
                                        "Actual Loops": 11121,
                                        "Output": [
                                            "mc.id",
                                            "mc.movie_id",
                                            "mc.company_id",
                                            "mc.company_type_id",
                                            "mc.note"
                                        ],
                                        "Index Cond": "(mc.movie_id = t.id)",
                                        "Rows Removed by Index Recheck": 0,
                                        "Filter": "(mc.company_type_id = 1)",
                                        "Rows Removed by Filter": 1,
                                        "Workers": [
                                            {
                                                "Worker Number": 0,
                                                "Actual Startup Time": 0.01,
                                                "Actual Total Time": 0.012,
                                                "Actual Rows": 1,
                                                "Actual Loops": 1712
                                            },
                                            {
                                                "Worker Number": 1,
                                                "Actual Startup Time": 0.009,
                                                "Actual Total Time": 0.011,
                                                "Actual Rows": 1,
                                                "Actual Loops": 1908
                                            },
                                            {
                                                "Worker Number": 2,
                                                "Actual Startup Time": 0.009,
                                                "Actual Total Time": 0.01,
                                                "Actual Rows": 1,
                                                "Actual Loops": 1931
                                            },
                                            {
                                                "Worker Number": 3,
                                                "Actual Startup Time": 0.01,
                                                "Actual Total Time": 0.012,
                                                "Actual Rows": 1,
                                                "Actual Loops": 1759
                                            }
                                        ]
                                    }
                                ]
                            }
                        ]
                    }
                ]
            }
        ]
    },
    "Planning Time": 0.795,
    "Triggers": [],
    "Execution Time": 120.068
}