[
  {
    "Plan": {
      "Node Type": "Aggregate",
      "Strategy": "Plain",
      "Partial Mode": "Finalize",
      "Parallel Aware": false,
      "Startup Cost": 90169.53,
      "Total Cost": 90169.54,
      "Plan Rows": 1,
      "Plan Width": 8,
      "Actual Startup Time": 280.359,
      "Actual Total Time": 300.02,
      "Actual Rows": 1,
      "Actual Loops": 1,
      "Plans": [
        {
          "Node Type": "Gather",
          "Parent Relationship": "Outer",
          "Parallel Aware": false,
          "Startup Cost": 90169.22,
          "Total Cost": 90169.53,
          "Plan Rows": 3,
          "Plan Width": 8,
          "Actual Startup Time": 278.982,
          "Actual Total Time": 300.011,
          "Actual Rows": 4,
          "Actual Loops": 1,
          "Workers Planned": 3,
          "Workers Launched": 3,
          "Single Copy": false,
          "Plans": [
            {
              "Node Type": "Aggregate",
              "Strategy": "Plain",
              "Partial Mode": "Partial",
              "Parent Relationship": "Outer",
              "Parallel Aware": false,
              "Startup Cost": 89169.22,
              "Total Cost": 89169.23,
              "Plan Rows": 1,
              "Plan Width": 8,
              "Actual Startup Time": 270.398,
              "Actual Total Time": 270.401,
              "Actual Rows": 1,
              "Actual Loops": 4,
              "Plans": [
                {
                  "Node Type": "Hash Join",
                  "Parent Relationship": "Outer",
                  "Parallel Aware": true,
                  "Join Type": "Inner",
                  "Startup Cost": 44688.57,
                  "Total Cost": 89014.08,
                  "Plan Rows": 62055,
                  "Plan Width": 0,
                  "Actual Startup Time": 118.377,
                  "Actual Total Time": 266.838,
                  "Actual Rows": 82954,
                  "Actual Loops": 4,
                  "Inner Unique": true,
                  "Hash Cond": "(mk.movie_id = t.id)",
                  "Plans": [
                    {
                      "Node Type": "Seq Scan",
                      "Parent Relationship": "Outer",
                      "Parallel Aware": true,
                      "Relation Name": "movie_keyword",
                      "Alias": "mk",
                      "Startup Cost": 0.0,
                      "Total Cost": 42695.65,
                      "Plan Rows": 620899,
                      "Plan Width": 4,
                      "Actual Startup Time": 0.414,
                      "Actual Total Time": 99.714,
                      "Actual Rows": 482006,
                      "Actual Loops": 4,
                      "Filter": "(keyword_id > 6933)",
                      "Rows Removed by Filter": 648976
                    },
                    {
                      "Node Type": "Hash",
                      "Parent Relationship": "Inner",
                      "Parallel Aware": true,
                      "Startup Cost": 43898.92,
                      "Total Cost": 43898.92,
                      "Plan Rows": 63172,
                      "Plan Width": 4,
                      "Actual Startup Time": 115.459,
                      "Actual Total Time": 115.46,
                      "Actual Rows": 65898,
                      "Actual Loops": 4,
                      "Hash Buckets": 262144,
                      "Original Hash Buckets": 262144,
                      "Hash Batches": 1,
                      "Original Hash Batches": 1,
                      "Peak Memory Usage": 12416,
                      "Plans": [
                        {
                          "Node Type": "Seq Scan",
                          "Parent Relationship": "Outer",
                          "Parallel Aware": true,
                          "Relation Name": "title",
                          "Alias": "t",
                          "Startup Cost": 0.0,
                          "Total Cost": 43898.92,
                          "Plan Rows": 63172,
                          "Plan Width": 4,
                          "Actual Startup Time": 0.043,
                          "Actual Total Time": 94.805,
                          "Actual Rows": 65898,
                          "Actual Loops": 4,
                          "Filter": "(production_year < 1962)",
                          "Rows Removed by Filter": 566180
                        }
                      ]
                    }
                  ]
                }
              ]
            }
          ]
        }
      ]
    },
    "Planning Time": 0.603,
    "Triggers": [],
    "Execution Time": 300.092
  }
]