[
  {
    "Plan": {
      "Node Type": "Aggregate",
      "Strategy": "Plain",
      "Partial Mode": "Finalize",
      "Parallel Aware": false,
      "Startup Cost": 72429.89,
      "Total Cost": 72429.9,
      "Plan Rows": 1,
      "Plan Width": 8,
      "Actual Startup Time": 199.704,
      "Actual Total Time": 214.913,
      "Actual Rows": 1,
      "Actual Loops": 1,
      "Plans": [
        {
          "Node Type": "Gather",
          "Parent Relationship": "Outer",
          "Parallel Aware": false,
          "Startup Cost": 72429.47,
          "Total Cost": 72429.88,
          "Plan Rows": 4,
          "Plan Width": 8,
          "Actual Startup Time": 197.864,
          "Actual Total Time": 214.903,
          "Actual Rows": 5,
          "Actual Loops": 1,
          "Workers Planned": 4,
          "Workers Launched": 4,
          "Single Copy": false,
          "Plans": [
            {
              "Node Type": "Aggregate",
              "Strategy": "Plain",
              "Partial Mode": "Partial",
              "Parent Relationship": "Outer",
              "Parallel Aware": false,
              "Startup Cost": 71429.47,
              "Total Cost": 71429.48,
              "Plan Rows": 1,
              "Plan Width": 8,
              "Actual Startup Time": 187.907,
              "Actual Total Time": 187.912,
              "Actual Rows": 1,
              "Actual Loops": 5,
              "Plans": [
                {
                  "Node Type": "Hash Join",
                  "Parent Relationship": "Outer",
                  "Parallel Aware": true,
                  "Join Type": "Inner",
                  "Startup Cost": 25190.58,
                  "Total Cost": 71400.0,
                  "Plan Rows": 11788,
                  "Plan Width": 0,
                  "Actual Startup Time": 86.358,
                  "Actual Total Time": 187.483,
                  "Actual Rows": 5266,
                  "Actual Loops": 5,
                  "Inner Unique": false,
                  "Hash Cond": "(t.id = mc.movie_id)",
                  "Plans": [
                    {
                      "Node Type": "Seq Scan",
                      "Parent Relationship": "Outer",
                      "Parallel Aware": true,
                      "Relation Name": "title",
                      "Alias": "t",
                      "Startup Cost": 0.0,
                      "Total Cost": 45479.1,
                      "Plan Rows": 138458,
                      "Plan Width": 4,
                      "Actual Startup Time": 0.014,
                      "Actual Total Time": 75.32,
                      "Actual Rows": 120481,
                      "Actual Loops": 5,
                      "Filter": "((production_year > 2006) AND (kind_id = 7))",
                      "Rows Removed by Filter": 385182
                    },
                    {
                      "Node Type": "Hash",
                      "Parent Relationship": "Inner",
                      "Parallel Aware": true,
                      "Startup Cost": 24322.62,
                      "Total Cost": 24322.62,
                      "Plan Rows": 69437,
                      "Plan Width": 4,
                      "Actual Startup Time": 84.316,
                      "Actual Total Time": 84.318,
                      "Actual Rows": 43041,
                      "Actual Loops": 5,
                      "Hash Buckets": 262144,
                      "Original Hash Buckets": 262144,
                      "Hash Batches": 1,
                      "Original Hash Batches": 1,
                      "Peak Memory Usage": 10560,
                      "Plans": [
                        {
                          "Node Type": "Bitmap Heap Scan",
                          "Parent Relationship": "Outer",
                          "Parallel Aware": true,
                          "Relation Name": "movie_companies",
                          "Alias": "mc",
                          "Startup Cost": 4664.66,
                          "Total Cost": 24322.62,
                          "Plan Rows": 69437,
                          "Plan Width": 4,
                          "Actual Startup Time": 24.211,
                          "Actual Total Time": 64.465,
                          "Actual Rows": 43041,
                          "Actual Loops": 5,
                          "Recheck Cond": "(company_id < 73)",
                          "Rows Removed by Index Recheck": 0,
                          "Exact Heap Blocks": 7405,
                          "Lossy Heap Blocks": 0,
                          "Plans": [
                            {
                              "Node Type": "Bitmap Index Scan",
                              "Parent Relationship": "Outer",
                              "Parallel Aware": false,
                              "Index Name": "company_id_movie_companies",
                              "Startup Cost": 0.0,
                              "Total Cost": 4610.84,
                              "Plan Rows": 215255,
                              "Plan Width": 0,
                              "Actual Startup Time": 22.558,
                              "Actual Total Time": 22.558,
                              "Actual Rows": 215203,
                              "Actual Loops": 1,
                              "Index Cond": "(company_id < 73)"
                            }
                          ]
                        }
                      ]
                    }
                  ]
                }
              ]
            }
          ]
        }
      ]
    },
    "Planning Time": 0.622,
    "Triggers": [],
    "Execution Time": 215.001
  }
]