{
  "Plan": {
    "Node Type": "Aggregate",
    "Strategy": "Plain",
    "Partial Mode": "Finalize",
    "Parallel Aware": false,
    "Startup Cost": 75100.01,
    "Total Cost": 75100.02,
    "Plan Rows": 1,
    "Plan Width": 8,
    "Actual Startup Time": 139.093,
    "Actual Total Time": 148.385,
    "Actual Rows": 1,
    "Actual Loops": 1,
    "Plans": [
      {
        "Node Type": "Gather",
        "Parent Relationship": "Outer",
        "Parallel Aware": false,
        "Startup Cost": 75099.9,
        "Total Cost": 75100.01,
        "Plan Rows": 1,
        "Plan Width": 8,
        "Actual Startup Time": 138.999,
        "Actual Total Time": 148.379,
        "Actual Rows": 2,
        "Actual Loops": 1,
        "Workers Planned": 1,
        "Workers Launched": 1,
        "Single Copy": false,
        "Plans": [
          {
            "Node Type": "Aggregate",
            "Strategy": "Plain",
            "Partial Mode": "Partial",
            "Parent Relationship": "Outer",
            "Parallel Aware": false,
            "Startup Cost": 74099.9,
            "Total Cost": 74099.91,
            "Plan Rows": 1,
            "Plan Width": 8,
            "Actual Startup Time": 132.622,
            "Actual Total Time": 132.626,
            "Actual Rows": 1,
            "Actual Loops": 2,
            "Plans": [
              {
                "Node Type": "Hash Join",
                "Parent Relationship": "Outer",
                "Parallel Aware": true,
                "Join Type": "Inner",
                "Startup Cost": 47524.28,
                "Total Cost": 74096.28,
                "Plan Rows": 1446,
                "Plan Width": 0,
                "Actual Startup Time": 46.893,
                "Actual Total Time": 132.463,
                "Actual Rows": 2314,
                "Actual Loops": 2,
                "Inner Unique": false,
                "Hash Cond": "(ci.movie_id = t.id)",
                "Plans": [
                  {
                    "Node Type": "Index Scan",
                    "Parent Relationship": "Outer",
                    "Parallel Aware": true,
                    "Scan Direction": "Forward",
                    "Index Name": "role_id_cast_info",
                    "Relation Name": "cast_info",
                    "Alias": "ci",
                    "Startup Cost": 0.56,
                    "Total Cost": 24781.97,
                    "Plan Rows": 475226,
                    "Plan Width": 4,
                    "Actual Startup Time": 0.047,
                    "Actual Total Time": 49.674,
                    "Actual Rows": 386837,
                    "Actual Loops": 2,
                    "Index Cond": "(role_id = 6)",
                    "Rows Removed by Index Recheck": 0
                  },
                  {
                    "Node Type": "Hash",
                    "Parent Relationship": "Inner",
                    "Parallel Aware": true,
                    "Startup Cost": 47467.17,
                    "Total Cost": 47467.17,
                    "Plan Rows": 4524,
                    "Plan Width": 8,
                    "Actual Startup Time": 45.806,
                    "Actual Total Time": 45.807,
                    "Actual Rows": 3836,
                    "Actual Loops": 2,
                    "Hash Buckets": 8192,
                    "Original Hash Buckets": 8192,
                    "Hash Batches": 1,
                    "Original Hash Batches": 1,
                    "Peak Memory Usage": 384,
                    "Plans": [
                      {
                        "Node Type": "Nested Loop",
                        "Parent Relationship": "Outer",
                        "Parallel Aware": false,
                        "Join Type": "Inner",
                        "Startup Cost": 164.47,
                        "Total Cost": 47467.17,
                        "Plan Rows": 4524,
                        "Plan Width": 8,
                        "Actual Startup Time": 3.55,
                        "Actual Total Time": 44.271,
                        "Actual Rows": 3836,
                        "Actual Loops": 2,
                        "Inner Unique": true,
                        "Plans": [
                          {
                            "Node Type": "Bitmap Heap Scan",
                            "Parent Relationship": "Outer",
                            "Parallel Aware": true,
                            "Relation Name": "movie_keyword",
                            "Alias": "mk",
                            "Startup Cost": 164.04,
                            "Total Cost": 16410.49,
                            "Plan Rows": 4524,
                            "Plan Width": 4,
                            "Actual Startup Time": 3.398,
                            "Actual Total Time": 14.728,
                            "Actual Rows": 3836,
                            "Actual Loops": 2,
                            "Recheck Cond": "(keyword_id = 7078)",
                            "Rows Removed by Index Recheck": 0,
                            "Exact Heap Blocks": 4625,
                            "Lossy Heap Blocks": 0,
                            "Plans": [
                              {
                                "Node Type": "Bitmap Index Scan",
                                "Parent Relationship": "Outer",
                                "Parallel Aware": false,
                                "Index Name": "keyword_id_movie_keyword",
                                "Startup Cost": 0.0,
                                "Total Cost": 162.12,
                                "Plan Rows": 7691,
                                "Plan Width": 0,
                                "Actual Startup Time": 3.749,
                                "Actual Total Time": 3.749,
                                "Actual Rows": 7673,
                                "Actual Loops": 1,
                                "Index Cond": "(keyword_id = 7078)"
                              }
                            ]
                          },
                          {
                            "Node Type": "Index Only Scan",
                            "Parent Relationship": "Inner",
                            "Parallel Aware": false,
                            "Scan Direction": "Forward",
                            "Index Name": "title_pkey",
                            "Relation Name": "title",
                            "Alias": "t",
                            "Startup Cost": 0.43,
                            "Total Cost": 6.86,
                            "Plan Rows": 1,
                            "Plan Width": 4,
                            "Actual Startup Time": 0.007,
                            "Actual Total Time": 0.007,
                            "Actual Rows": 1,
                            "Actual Loops": 7673,
                            "Index Cond": "(id = mk.movie_id)",
                            "Rows Removed by Index Recheck": 0,
                            "Heap Fetches": 7673
                          }
                        ]
                      }
                    ]
                  }
                ]
              }
            ]
          }
        ]
      }
    ]
  },
  "Planning Time": 0.929,
  "Triggers": [],
  "Execution Time": 148.487
}