[
  {
    "Plan": {
      "Node Type": "Aggregate",
      "Strategy": "Plain",
      "Partial Mode": "Finalize",
      "Parallel Aware": false,
      "Startup Cost": 46131.2,
      "Total Cost": 46131.21,
      "Plan Rows": 1,
      "Plan Width": 8,
      "Actual Startup Time": 189.625,
      "Actual Total Time": 200.969,
      "Actual Rows": 1,
      "Actual Loops": 1,
      "Plans": [
        {
          "Node Type": "Gather",
          "Parent Relationship": "Outer",
          "Parallel Aware": false,
          "Startup Cost": 46130.88,
          "Total Cost": 46131.19,
          "Plan Rows": 3,
          "Plan Width": 8,
          "Actual Startup Time": 189.353,
          "Actual Total Time": 200.96,
          "Actual Rows": 4,
          "Actual Loops": 1,
          "Workers Planned": 3,
          "Workers Launched": 3,
          "Single Copy": false,
          "Plans": [
            {
              "Node Type": "Aggregate",
              "Strategy": "Plain",
              "Partial Mode": "Partial",
              "Parent Relationship": "Outer",
              "Parallel Aware": false,
              "Startup Cost": 45130.88,
              "Total Cost": 45130.89,
              "Plan Rows": 1,
              "Plan Width": 8,
              "Actual Startup Time": 180.825,
              "Actual Total Time": 180.827,
              "Actual Rows": 1,
              "Actual Loops": 4,
              "Plans": [
                {
                  "Node Type": "Seq Scan",
                  "Parent Relationship": "Outer",
                  "Parallel Aware": true,
                  "Relation Name": "movie_keyword",
                  "Alias": "mk",
                  "Startup Cost": 0.0,
                  "Total Cost": 42695.65,
                  "Plan Rows": 974092,
                  "Plan Width": 0,
                  "Actual Startup Time": 0.046,
                  "Actual Total Time": 139.121,
                  "Actual Rows": 758388,
                  "Actual Loops": 4,
                  "Filter": "(keyword_id < 10922)",
                  "Rows Removed by Filter": 372594
                }
              ]
            }
          ]
        }
      ]
    },
    "Planning Time": 0.108,
    "Triggers": [],
    "Execution Time": 201.008
  }
]