[
  {
    "Plan": {
      "Node Type": "Aggregate",
      "Strategy": "Plain",
      "Partial Mode": "Finalize",
      "Parallel Aware": false,
      "Startup Cost": 46362.23,
      "Total Cost": 46362.24,
      "Plan Rows": 1,
      "Plan Width": 8,
      "Actual Startup Time": 166.934,
      "Actual Total Time": 181.941,
      "Actual Rows": 1,
      "Actual Loops": 1,
      "Plans": [
        {
          "Node Type": "Gather",
          "Parent Relationship": "Outer",
          "Parallel Aware": false,
          "Startup Cost": 46361.92,
          "Total Cost": 46362.23,
          "Plan Rows": 3,
          "Plan Width": 8,
          "Actual Startup Time": 166.656,
          "Actual Total Time": 181.929,
          "Actual Rows": 4,
          "Actual Loops": 1,
          "Workers Planned": 3,
          "Workers Launched": 3,
          "Single Copy": false,
          "Plans": [
            {
              "Node Type": "Aggregate",
              "Strategy": "Plain",
              "Partial Mode": "Partial",
              "Parent Relationship": "Outer",
              "Parallel Aware": false,
              "Startup Cost": 45361.92,
              "Total Cost": 45361.93,
              "Plan Rows": 1,
              "Plan Width": 8,
              "Actual Startup Time": 162.99,
              "Actual Total Time": 162.991,
              "Actual Rows": 1,
              "Actual Loops": 4,
              "Plans": [
                {
                  "Node Type": "Seq Scan",
                  "Parent Relationship": "Outer",
                  "Parallel Aware": true,
                  "Relation Name": "movie_keyword",
                  "Alias": "mk",
                  "Startup Cost": 0.0,
                  "Total Cost": 42695.65,
                  "Plan Rows": 1066505,
                  "Plan Width": 0,
                  "Actual Startup Time": 0.028,
                  "Actual Total Time": 124.703,
                  "Actual Rows": 825712,
                  "Actual Loops": 4,
                  "Filter": "(keyword_id < 14915)",
                  "Rows Removed by Filter": 305270
                }
              ]
            }
          ]
        }
      ]
    },
    "Planning Time": 0.181,
    "Triggers": [],
    "Execution Time": 181.994
  }
]