[
  {
    "Plan": {
      "Node Type": "Aggregate",
      "Strategy": "Plain",
      "Partial Mode": "Finalize",
      "Parallel Aware": false,
      "Startup Cost": 334934.65,
      "Total Cost": 334934.66,
      "Plan Rows": 1,
      "Plan Width": 8,
      "Actual Startup Time": 1168.673,
      "Actual Total Time": 1285.171,
      "Actual Rows": 1,
      "Actual Loops": 1,
      "Plans": [
        {
          "Node Type": "Gather",
          "Parent Relationship": "Outer",
          "Parallel Aware": false,
          "Startup Cost": 334934.02,
          "Total Cost": 334934.63,
          "Plan Rows": 6,
          "Plan Width": 8,
          "Actual Startup Time": 1168.447,
          "Actual Total Time": 1285.155,
          "Actual Rows": 7,
          "Actual Loops": 1,
          "Workers Planned": 6,
          "Workers Launched": 6,
          "Single Copy": false,
          "Plans": [
            {
              "Node Type": "Aggregate",
              "Strategy": "Plain",
              "Partial Mode": "Partial",
              "Parent Relationship": "Outer",
              "Parallel Aware": false,
              "Startup Cost": 333934.02,
              "Total Cost": 333934.03,
              "Plan Rows": 1,
              "Plan Width": 8,
              "Actual Startup Time": 1158.241,
              "Actual Total Time": 1158.244,
              "Actual Rows": 1,
              "Actual Loops": 7,
              "Plans": [
                {
                  "Node Type": "Seq Scan",
                  "Parent Relationship": "Outer",
                  "Parallel Aware": true,
                  "Relation Name": "cast_info",
                  "Alias": "ci",
                  "Startup Cost": 0.0,
                  "Total Cost": 328211.39,
                  "Plan Rows": 2289052,
                  "Plan Width": 0,
                  "Actual Startup Time": 0.046,
                  "Actual Total Time": 1018.139,
                  "Actual Rows": 1982535,
                  "Actual Loops": 7,
                  "Filter": "(person_id < 1367117)",
                  "Rows Removed by Filter": 3195229
                }
              ]
            }
          ]
        }
      ]
    },
    "Planning Time": 0.149,
    "Triggers": [],
    "Execution Time": 1285.239
  }
]