[
  {
    "Plan": {
      "Node Type": "Aggregate",
      "Strategy": "Plain",
      "Partial Mode": "Finalize",
      "Parallel Aware": false,
      "Startup Cost": 45208.95,
      "Total Cost": 45208.96,
      "Plan Rows": 1,
      "Plan Width": 8,
      "Actual Startup Time": 145.441,
      "Actual Total Time": 155.106,
      "Actual Rows": 1,
      "Actual Loops": 1,
      "Plans": [
        {
          "Node Type": "Gather",
          "Parent Relationship": "Outer",
          "Parallel Aware": false,
          "Startup Cost": 45208.64,
          "Total Cost": 45208.95,
          "Plan Rows": 3,
          "Plan Width": 8,
          "Actual Startup Time": 145.326,
          "Actual Total Time": 155.097,
          "Actual Rows": 4,
          "Actual Loops": 1,
          "Workers Planned": 3,
          "Workers Launched": 3,
          "Single Copy": false,
          "Plans": [
            {
              "Node Type": "Aggregate",
              "Strategy": "Plain",
              "Partial Mode": "Partial",
              "Parent Relationship": "Outer",
              "Parallel Aware": false,
              "Startup Cost": 44208.64,
              "Total Cost": 44208.65,
              "Plan Rows": 1,
              "Plan Width": 8,
              "Actual Startup Time": 139.868,
              "Actual Total Time": 139.869,
              "Actual Rows": 1,
              "Actual Loops": 4,
              "Plans": [
                {
                  "Node Type": "Seq Scan",
                  "Parent Relationship": "Outer",
                  "Parallel Aware": true,
                  "Relation Name": "movie_keyword",
                  "Alias": "mk",
                  "Startup Cost": 0.0,
                  "Total Cost": 42695.65,
                  "Plan Rows": 605193,
                  "Plan Width": 0,
                  "Actual Startup Time": 0.487,
                  "Actual Total Time": 116.102,
                  "Actual Rows": 465639,
                  "Actual Loops": 4,
                  "Filter": "(keyword_id > 7401)",
                  "Rows Removed by Filter": 665343
                }
              ]
            }
          ]
        }
      ]
    },
    "Planning Time": 0.142,
    "Triggers": [],
    "Execution Time": 155.16
  }
]