{
  "Plan": {
    "Node Type": "Aggregate",
    "Strategy": "Plain",
    "Partial Mode": "Finalize",
    "Parallel Aware": false,
    "Startup Cost": 331762.09,
    "Total Cost": 331762.1,
    "Plan Rows": 1,
    "Plan Width": 8,
    "Actual Startup Time": 1868.246,
    "Actual Total Time": 1910.792,
    "Actual Rows": 1,
    "Actual Loops": 1,
    "Plans": [
      {
        "Node Type": "Gather",
        "Parent Relationship": "Outer",
        "Parallel Aware": false,
        "Startup Cost": 331761.98,
        "Total Cost": 331762.09,
        "Plan Rows": 1,
        "Plan Width": 8,
        "Actual Startup Time": 1867.82,
        "Actual Total Time": 1910.786,
        "Actual Rows": 2,
        "Actual Loops": 1,
        "Workers Planned": 1,
        "Workers Launched": 1,
        "Single Copy": false,
        "Plans": [
          {
            "Node Type": "Aggregate",
            "Strategy": "Plain",
            "Partial Mode": "Partial",
            "Parent Relationship": "Outer",
            "Parallel Aware": false,
            "Startup Cost": 330761.98,
            "Total Cost": 330761.99,
            "Plan Rows": 1,
            "Plan Width": 8,
            "Actual Startup Time": 1862.279,
            "Actual Total Time": 1862.283,
            "Actual Rows": 1,
            "Actual Loops": 2,
            "Plans": [
              {
                "Node Type": "Hash Join",
                "Parent Relationship": "Outer",
                "Parallel Aware": true,
                "Join Type": "Inner",
                "Startup Cost": 58616.23,
                "Total Cost": 330399.72,
                "Plan Rows": 144903,
                "Plan Width": 0,
                "Actual Startup Time": 189.346,
                "Actual Total Time": 1829.377,
                "Actual Rows": 685910,
                "Actual Loops": 2,
                "Inner Unique": true,
                "Hash Cond": "(mi.movie_id = t.id)",
                "Plans": [
                  {
                    "Node Type": "Seq Scan",
                    "Parent Relationship": "Outer",
                    "Parallel Aware": true,
                    "Relation Name": "movie_info",
                    "Alias": "mi",
                    "Startup Cost": 0.0,
                    "Total Cost": 248955.74,
                    "Plan Rows": 8696274,
                    "Plan Width": 4,
                    "Actual Startup Time": 0.01,
                    "Actual Total Time": 683.674,
                    "Actual Rows": 7417860,
                    "Actual Loops": 2
                  },
                  {
                    "Node Type": "Hash",
                    "Parent Relationship": "Inner",
                    "Parallel Aware": true,
                    "Startup Cost": 58306.47,
                    "Total Cost": 58306.47,
                    "Plan Rows": 24781,
                    "Plan Width": 4,
                    "Actual Startup Time": 165.722,
                    "Actual Total Time": 165.722,
                    "Actual Rows": 62680,
                    "Actual Loops": 2,
                    "Hash Buckets": 131072,
                    "Original Hash Buckets": 65536,
                    "Hash Batches": 1,
                    "Original Hash Batches": 1,
                    "Peak Memory Usage": 6464,
                    "Plans": [
                      {
                        "Node Type": "Seq Scan",
                        "Parent Relationship": "Outer",
                        "Parallel Aware": true,
                        "Relation Name": "title",
                        "Alias": "t",
                        "Startup Cost": 0.0,
                        "Total Cost": 58306.47,
                        "Plan Rows": 24781,
                        "Plan Width": 4,
                        "Actual Startup Time": 85.32,
                        "Actual Total Time": 148.969,
                        "Actual Rows": 62680,
                        "Actual Loops": 2,
                        "Filter": "((kind_id < 4) AND (production_year < 1934))",
                        "Rows Removed by Filter": 1201476
                      }
                    ]
                  }
                ]
              }
            ]
          }
        ]
      }
    ]
  },
  "Planning Time": 0.278,
  "Triggers": [],
  "Execution Time": 1910.848
}