[
  {
    "Plan": {
      "Node Type": "Aggregate",
      "Strategy": "Plain",
      "Partial Mode": "Finalize",
      "Parallel Aware": false,
      "Startup Cost": 31072.09,
      "Total Cost": 31072.1,
      "Plan Rows": 1,
      "Plan Width": 8,
      "Actual Startup Time": 91.278,
      "Actual Total Time": 99.508,
      "Actual Rows": 1,
      "Actual Loops": 1,
      "Plans": [
        {
          "Node Type": "Gather",
          "Parent Relationship": "Outer",
          "Parallel Aware": false,
          "Startup Cost": 31071.77,
          "Total Cost": 31072.08,
          "Plan Rows": 3,
          "Plan Width": 8,
          "Actual Startup Time": 90.958,
          "Actual Total Time": 99.5,
          "Actual Rows": 4,
          "Actual Loops": 1,
          "Workers Planned": 3,
          "Workers Launched": 3,
          "Single Copy": false,
          "Plans": [
            {
              "Node Type": "Aggregate",
              "Strategy": "Plain",
              "Partial Mode": "Partial",
              "Parent Relationship": "Outer",
              "Parallel Aware": false,
              "Startup Cost": 30071.77,
              "Total Cost": 30071.78,
              "Plan Rows": 1,
              "Plan Width": 8,
              "Actual Startup Time": 84.375,
              "Actual Total Time": 84.377,
              "Actual Rows": 1,
              "Actual Loops": 4,
              "Plans": [
                {
                  "Node Type": "Seq Scan",
                  "Parent Relationship": "Outer",
                  "Parallel Aware": true,
                  "Relation Name": "movie_companies",
                  "Alias": "mc",
                  "Startup Cost": 0.0,
                  "Total Cost": 29310.68,
                  "Plan Rows": 304435,
                  "Plan Width": 0,
                  "Actual Startup Time": 0.049,
                  "Actual Total Time": 72.41,
                  "Actual Rows": 235962,
                  "Actual Loops": 4,
                  "Filter": "(company_id < 3570)",
                  "Rows Removed by Filter": 416320
                }
              ]
            }
          ]
        }
      ]
    },
    "Planning Time": 0.094,
    "Triggers": [],
    "Execution Time": 99.538
  }
]