[
  {
    "Plan": {
      "Node Type": "Aggregate",
      "Strategy": "Plain",
      "Partial Mode": "Finalize",
      "Parallel Aware": false,
      "Startup Cost": 335223.06,
      "Total Cost": 335223.07,
      "Plan Rows": 1,
      "Plan Width": 8,
      "Actual Startup Time": 730.9,
      "Actual Total Time": 771.307,
      "Actual Rows": 1,
      "Actual Loops": 1,
      "Plans": [
        {
          "Node Type": "Gather",
          "Parent Relationship": "Outer",
          "Parallel Aware": false,
          "Startup Cost": 335222.43,
          "Total Cost": 335223.04,
          "Plan Rows": 6,
          "Plan Width": 8,
          "Actual Startup Time": 730.749,
          "Actual Total Time": 771.298,
          "Actual Rows": 7,
          "Actual Loops": 1,
          "Workers Planned": 6,
          "Workers Launched": 6,
          "Single Copy": false,
          "Plans": [
            {
              "Node Type": "Aggregate",
              "Strategy": "Plain",
              "Partial Mode": "Partial",
              "Parent Relationship": "Outer",
              "Parallel Aware": false,
              "Startup Cost": 334222.43,
              "Total Cost": 334222.44,
              "Plan Rows": 1,
              "Plan Width": 8,
              "Actual Startup Time": 721.258,
              "Actual Total Time": 721.26,
              "Actual Rows": 1,
              "Actual Loops": 7,
              "Plans": [
                {
                  "Node Type": "Seq Scan",
                  "Parent Relationship": "Outer",
                  "Parallel Aware": true,
                  "Relation Name": "cast_info",
                  "Alias": "ci",
                  "Startup Cost": 0.0,
                  "Total Cost": 328211.39,
                  "Plan Rows": 2404416,
                  "Plan Width": 0,
                  "Actual Startup Time": 270.927,
                  "Actual Total Time": 615.45,
                  "Actual Rows": 2022088,
                  "Actual Loops": 7,
                  "Filter": "(person_id > 2250010)",
                  "Rows Removed by Filter": 3155676
                }
              ]
            }
          ]
        }
      ]
    },
    "Planning Time": 0.077,
    "Triggers": [],
    "Execution Time": 771.352
  }
]