[
  {
    "Plan": {
      "Node Type": "Aggregate",
      "Strategy": "Plain",
      "Partial Mode": "Finalize",
      "Parallel Aware": false,
      "Startup Cost": 228291.98,
      "Total Cost": 228291.99,
      "Plan Rows": 1,
      "Plan Width": 8,
      "Actual Startup Time": 159.237,
      "Actual Total Time": 179.76,
      "Actual Rows": 1,
      "Actual Loops": 1,
      "Plans": [
        {
          "Node Type": "Gather",
          "Parent Relationship": "Outer",
          "Parallel Aware": false,
          "Startup Cost": 228291.46,
          "Total Cost": 228291.97,
          "Plan Rows": 5,
          "Plan Width": 8,
          "Actual Startup Time": 158.328,
          "Actual Total Time": 179.751,
          "Actual Rows": 6,
          "Actual Loops": 1,
          "Workers Planned": 5,
          "Workers Launched": 5,
          "Single Copy": false,
          "Plans": [
            {
              "Node Type": "Aggregate",
              "Strategy": "Plain",
              "Partial Mode": "Partial",
              "Parent Relationship": "Outer",
              "Parallel Aware": false,
              "Startup Cost": 227291.46,
              "Total Cost": 227291.47,
              "Plan Rows": 1,
              "Plan Width": 8,
              "Actual Startup Time": 150.443,
              "Actual Total Time": 150.448,
              "Actual Rows": 1,
              "Actual Loops": 6,
              "Plans": [
                {
                  "Node Type": "Nested Loop",
                  "Parent Relationship": "Outer",
                  "Parallel Aware": false,
                  "Join Type": "Inner",
                  "Startup Cost": 54340.43,
                  "Total Cost": 227244.96,
                  "Plan Rows": 18597,
                  "Plan Width": 0,
                  "Actual Startup Time": 103.847,
                  "Actual Total Time": 150.021,
                  "Actual Rows": 4439,
                  "Actual Loops": 6,
                  "Inner Unique": false,
                  "Join Filter": "(t.id = ci.movie_id)",
                  "Rows Removed by Join Filter": 0,
                  "Plans": [
                    {
                      "Node Type": "Hash Join",
                      "Parent Relationship": "Outer",
                      "Parallel Aware": true,
                      "Join Type": "Inner",
                      "Startup Cost": 54339.87,
                      "Total Cost": 217787.94,
                      "Plan Rows": 1997,
                      "Plan Width": 8,
                      "Actual Startup Time": 103.598,
                      "Actual Total Time": 126.437,
                      "Actual Rows": 202,
                      "Actual Loops": 6,
                      "Inner Unique": true,
                      "Hash Cond": "(mi.movie_id = t.id)",
                      "Plans": [
                        {
                          "Node Type": "Bitmap Heap Scan",
                          "Parent Relationship": "Outer",
                          "Parallel Aware": true,
                          "Relation Name": "movie_info",
                          "Alias": "mi",
                          "Startup Cost": 8696.29,
                          "Total Cost": 171891.83,
                          "Plan Rows": 96203,
                          "Plan Width": 4,
                          "Actual Startup Time": 15.541,
                          "Actual Total Time": 26.157,
                          "Actual Rows": 79074,
                          "Actual Loops": 6,
                          "Recheck Cond": "(info_type_id = 6)",
                          "Rows Removed by Index Recheck": 0,
                          "Exact Heap Blocks": 918,
                          "Lossy Heap Blocks": 0,
                          "Plans": [
                            {
                              "Node Type": "Bitmap Index Scan",
                              "Parent Relationship": "Outer",
                              "Parallel Aware": false,
                              "Index Name": "info_type_id_movie_info",
                              "Startup Cost": 0.0,
                              "Total Cost": 8576.04,
                              "Plan Rows": 481014,
                              "Plan Width": 0,
                              "Actual Startup Time": 14.867,
                              "Actual Total Time": 14.868,
                              "Actual Rows": 474443,
                              "Actual Loops": 1,
                              "Index Cond": "(info_type_id = 6)"
                            }
                          ]
                        },
                        {
                          "Node Type": "Hash",
                          "Parent Relationship": "Inner",
                          "Parallel Aware": true,
                          "Startup Cost": 45479.59,
                          "Total Cost": 45479.59,
                          "Plan Rows": 13119,
                          "Plan Width": 4,
                          "Actual Startup Time": 86.523,
                          "Actual Total Time": 86.523,
                          "Actual Rows": 9413,
                          "Actual Loops": 6,
                          "Hash Buckets": 65536,
                          "Original Hash Buckets": 65536,
                          "Hash Batches": 1,
                          "Original Hash Batches": 1,
                          "Peak Memory Usage": 2784,
                          "Plans": [
                            {
                              "Node Type": "Seq Scan",
                              "Parent Relationship": "Outer",
                              "Parallel Aware": true,
                              "Relation Name": "title",
                              "Alias": "t",
                              "Startup Cost": 0.0,
                              "Total Cost": 45479.59,
                              "Plan Rows": 13119,
                              "Plan Width": 4,
                              "Actual Startup Time": 0.044,
                              "Actual Total Time": 81.649,
                              "Actual Rows": 9413,
                              "Actual Loops": 6,
                              "Filter": "((kind_id = 7) AND (production_year = 2004))",
                              "Rows Removed by Filter": 411972
                            }
                          ]
                        }
                      ]
                    },
                    {
                      "Node Type": "Index Scan",
                      "Parent Relationship": "Inner",
                      "Parallel Aware": false,
                      "Scan Direction": "Forward",
                      "Index Name": "movie_id_cast_info",
                      "Relation Name": "cast_info",
                      "Alias": "ci",
                      "Startup Cost": 0.56,
                      "Total Cost": 4.45,
                      "Plan Rows": 23,
                      "Plan Width": 4,
                      "Actual Startup Time": 0.045,
                      "Actual Total Time": 0.114,
                      "Actual Rows": 22,
                      "Actual Loops": 1209,
                      "Index Cond": "(movie_id = mi.movie_id)",
                      "Rows Removed by Index Recheck": 0,
                      "Filter": "(role_id > 1)",
                      "Rows Removed by Filter": 8
                    }
                  ]
                }
              ]
            }
          ]
        }
      ]
    },
    "Planning Time": 1.42,
    "Triggers": [],
    "Execution Time": 180.07
  }
]