[
  {
    "Plan": {
      "Node Type": "Aggregate",
      "Strategy": "Plain",
      "Partial Mode": "Finalize",
      "Parallel Aware": false,
      "Startup Cost": 96219.08,
      "Total Cost": 96219.09,
      "Plan Rows": 1,
      "Plan Width": 8,
      "Actual Startup Time": 319.634,
      "Actual Total Time": 335.986,
      "Actual Rows": 1,
      "Actual Loops": 1,
      "Plans": [
        {
          "Node Type": "Gather",
          "Parent Relationship": "Outer",
          "Parallel Aware": false,
          "Startup Cost": 96218.66,
          "Total Cost": 96219.07,
          "Plan Rows": 4,
          "Plan Width": 8,
          "Actual Startup Time": 315.475,
          "Actual Total Time": 335.975,
          "Actual Rows": 5,
          "Actual Loops": 1,
          "Workers Planned": 4,
          "Workers Launched": 4,
          "Single Copy": false,
          "Plans": [
            {
              "Node Type": "Aggregate",
              "Strategy": "Plain",
              "Partial Mode": "Partial",
              "Parent Relationship": "Outer",
              "Parallel Aware": false,
              "Startup Cost": 95218.66,
              "Total Cost": 95218.67,
              "Plan Rows": 1,
              "Plan Width": 8,
              "Actual Startup Time": 304.229,
              "Actual Total Time": 304.236,
              "Actual Rows": 1,
              "Actual Loops": 5,
              "Plans": [
                {
                  "Node Type": "Hash Join",
                  "Parent Relationship": "Outer",
                  "Parallel Aware": true,
                  "Join Type": "Inner",
                  "Startup Cost": 50293.47,
                  "Total Cost": 95189.05,
                  "Plan Rows": 11846,
                  "Plan Width": 0,
                  "Actual Startup Time": 208.141,
                  "Actual Total Time": 302.305,
                  "Actual Rows": 39664,
                  "Actual Loops": 5,
                  "Inner Unique": false,
                  "Hash Cond": "(t.id = mi_idx.movie_id)",
                  "Plans": [
                    {
                      "Node Type": "Seq Scan",
                      "Parent Relationship": "Outer",
                      "Parallel Aware": true,
                      "Relation Name": "title",
                      "Alias": "t",
                      "Startup Cost": 0.0,
                      "Total Cost": 42318.73,
                      "Plan Rows": 632073,
                      "Plan Width": 4,
                      "Actual Startup Time": 0.011,
                      "Actual Total Time": 66.246,
                      "Actual Rows": 505662,
                      "Actual Loops": 5
                    },
                    {
                      "Node Type": "Hash",
                      "Parent Relationship": "Inner",
                      "Parallel Aware": true,
                      "Startup Cost": 49260.62,
                      "Total Cost": 49260.62,
                      "Plan Rows": 82628,
                      "Plan Width": 8,
                      "Actual Startup Time": 164.997,
                      "Actual Total Time": 165.002,
                      "Actual Rows": 39664,
                      "Actual Loops": 5,
                      "Hash Buckets": 262144,
                      "Original Hash Buckets": 262144,
                      "Hash Batches": 1,
                      "Original Hash Batches": 1,
                      "Peak Memory Usage": 9856,
                      "Plans": [
                        {
                          "Node Type": "Hash Join",
                          "Parent Relationship": "Outer",
                          "Parallel Aware": true,
                          "Join Type": "Inner",
                          "Startup Cost": 23081.09,
                          "Total Cost": 49260.62,
                          "Plan Rows": 82628,
                          "Plan Width": 8,
                          "Actual Startup Time": 95.443,
                          "Actual Total Time": 152.519,
                          "Actual Rows": 39664,
                          "Actual Loops": 5,
                          "Inner Unique": false,
                          "Hash Cond": "(mk.movie_id = mi_idx.movie_id)",
                          "Plans": [
                            {
                              "Node Type": "Bitmap Heap Scan",
                              "Parent Relationship": "Outer",
                              "Parallel Aware": true,
                              "Relation Name": "movie_keyword",
                              "Alias": "mk",
                              "Startup Cost": 5590.55,
                              "Total Cost": 31107.05,
                              "Plan Rows": 85000,
                              "Plan Width": 4,
                              "Actual Startup Time": 18.248,
                              "Actual Total Time": 58.227,
                              "Actual Rows": 51262,
                              "Actual Loops": 5,
                              "Recheck Cond": "(keyword_id > 59932)",
                              "Rows Removed by Index Recheck": 0,
                              "Exact Heap Blocks": 4675,
                              "Lossy Heap Blocks": 0,
                              "Plans": [
                                {
                                  "Node Type": "Bitmap Index Scan",
                                  "Parent Relationship": "Outer",
                                  "Parallel Aware": false,
                                  "Index Name": "keyword_id_movie_keyword",
                                  "Startup Cost": 0.0,
                                  "Total Cost": 5524.68,
                                  "Plan Rows": 263499,
                                  "Plan Width": 0,
                                  "Actual Startup Time": 15.009,
                                  "Actual Total Time": 15.009,
                                  "Actual Rows": 256310,
                                  "Actual Loops": 1,
                                  "Index Cond": "(keyword_id > 59932)"
                                }
                              ]
                            },
                            {
                              "Node Type": "Hash",
                              "Parent Relationship": "Inner",
                              "Parallel Aware": true,
                              "Startup Cost": 15122.68,
                              "Total Cost": 15122.68,
                              "Plan Rows": 189429,
                              "Plan Width": 4,
                              "Actual Startup Time": 75.731,
                              "Actual Total Time": 75.732,
                              "Actual Rows": 91985,
                              "Actual Loops": 5,
                              "Hash Buckets": 524288,
                              "Original Hash Buckets": 524288,
                              "Hash Batches": 1,
                              "Original Hash Batches": 1,
                              "Peak Memory Usage": 22176,
                              "Plans": [
                                {
                                  "Node Type": "Seq Scan",
                                  "Parent Relationship": "Outer",
                                  "Parallel Aware": true,
                                  "Relation Name": "movie_info_idx",
                                  "Alias": "mi_idx",
                                  "Startup Cost": 0.0,
                                  "Total Cost": 15122.68,
                                  "Plan Rows": 189429,
                                  "Plan Width": 4,
                                  "Actual Startup Time": 0.065,
                                  "Actual Total Time": 40.022,
                                  "Actual Rows": 91985,
                                  "Actual Loops": 5,
                                  "Filter": "(info_type_id = 99)",
                                  "Rows Removed by Filter": 184022
                                }
                              ]
                            }
                          ]
                        }
                      ]
                    }
                  ]
                }
              ]
            }
          ]
        }
      ]
    },
    "Planning Time": 1.31,
    "Triggers": [],
    "Execution Time": 336.09
  }
]