[
  {
    "Plan": {
      "Node Type": "Aggregate",
      "Strategy": "Plain",
      "Partial Mode": "Finalize",
      "Parallel Aware": false,
      "Startup Cost": 420182.05,
      "Total Cost": 420182.06,
      "Plan Rows": 1,
      "Plan Width": 8,
      "Actual Startup Time": 2026.64,
      "Actual Total Time": 2092.194,
      "Actual Rows": 1,
      "Actual Loops": 1,
      "Plans": [
        {
          "Node Type": "Gather",
          "Parent Relationship": "Outer",
          "Parallel Aware": false,
          "Startup Cost": 420181.43,
          "Total Cost": 420182.04,
          "Plan Rows": 6,
          "Plan Width": 8,
          "Actual Startup Time": 2017.622,
          "Actual Total Time": 2092.181,
          "Actual Rows": 7,
          "Actual Loops": 1,
          "Workers Planned": 6,
          "Workers Launched": 6,
          "Single Copy": false,
          "Plans": [
            {
              "Node Type": "Aggregate",
              "Strategy": "Plain",
              "Partial Mode": "Partial",
              "Parent Relationship": "Outer",
              "Parallel Aware": false,
              "Startup Cost": 419181.43,
              "Total Cost": 419181.44,
              "Plan Rows": 1,
              "Plan Width": 8,
              "Actual Startup Time": 2006.879,
              "Actual Total Time": 2007.16,
              "Actual Rows": 1,
              "Actual Loops": 7,
              "Plans": [
                {
                  "Node Type": "Hash Join",
                  "Parent Relationship": "Outer",
                  "Parallel Aware": true,
                  "Join Type": "Inner",
                  "Startup Cost": 65319.16,
                  "Total Cost": 416964.44,
                  "Plan Rows": 886794,
                  "Plan Width": 0,
                  "Actual Startup Time": 244.808,
                  "Actual Total Time": 1897.669,
                  "Actual Rows": 2434186,
                  "Actual Loops": 7,
                  "Inner Unique": false,
                  "Hash Cond": "(ci.movie_id = t.id)",
                  "Plans": [
                    {
                      "Node Type": "Seq Scan",
                      "Parent Relationship": "Outer",
                      "Parallel Aware": true,
                      "Relation Name": "cast_info",
                      "Alias": "ci",
                      "Startup Cost": 0.0,
                      "Total Cost": 328162.03,
                      "Plan Rows": 5276877,
                      "Plan Width": 4,
                      "Actual Startup Time": 0.037,
                      "Actual Total Time": 659.64,
                      "Actual Rows": 4553304,
                      "Actual Loops": 7,
                      "Filter": "(person_id < 3262045)",
                      "Rows Removed by Filter": 624459
                    },
                    {
                      "Node Type": "Hash",
                      "Parent Relationship": "Inner",
                      "Parallel Aware": true,
                      "Startup Cost": 63106.21,
                      "Total Cost": 63106.21,
                      "Plan Rows": 177036,
                      "Plan Width": 8,
                      "Actual Startup Time": 242.303,
                      "Actual Total Time": 242.582,
                      "Actual Rows": 103378,
                      "Actual Loops": 7,
                      "Hash Buckets": 1048576,
                      "Original Hash Buckets": 524288,
                      "Hash Batches": 1,
                      "Original Hash Batches": 1,
                      "Peak Memory Usage": 40704,
                      "Plans": [
                        {
                          "Node Type": "Hash Join",
                          "Parent Relationship": "Outer",
                          "Parallel Aware": true,
                          "Join Type": "Inner",
                          "Startup Cost": 47911.65,
                          "Total Cost": 63106.21,
                          "Plan Rows": 177036,
                          "Plan Width": 8,
                          "Actual Startup Time": 133.276,
                          "Actual Total Time": 196.963,
                          "Actual Rows": 103378,
                          "Actual Loops": 7,
                          "Inner Unique": true,
                          "Hash Cond": "(mi_idx.movie_id = t.id)",
                          "Plans": [
                            {
                              "Node Type": "Seq Scan",
                              "Parent Relationship": "Outer",
                              "Parallel Aware": true,
                              "Relation Name": "movie_info_idx",
                              "Alias": "mi_idx",
                              "Startup Cost": 0.0,
                              "Total Cost": 13685.15,
                              "Plan Rows": 575015,
                              "Plan Width": 4,
                              "Actual Startup Time": 0.024,
                              "Actual Total Time": 20.09,
                              "Actual Rows": 197148,
                              "Actual Loops": 7
                            },
                            {
                              "Node Type": "Hash",
                              "Parent Relationship": "Inner",
                              "Parallel Aware": true,
                              "Startup Cost": 45479.1,
                              "Total Cost": 45479.1,
                              "Plan Rows": 194604,
                              "Plan Width": 4,
                              "Actual Startup Time": 131.451,
                              "Actual Total Time": 131.452,
                              "Actual Rows": 97637,
                              "Actual Loops": 7,
                              "Hash Buckets": 1048576,
                              "Original Hash Buckets": 1048576,
                              "Hash Batches": 1,
                              "Original Hash Batches": 1,
                              "Peak Memory Usage": 35040,
                              "Plans": [
                                {
                                  "Node Type": "Seq Scan",
                                  "Parent Relationship": "Outer",
                                  "Parallel Aware": true,
                                  "Relation Name": "title",
                                  "Alias": "t",
                                  "Startup Cost": 0.0,
                                  "Total Cost": 45479.1,
                                  "Plan Rows": 194604,
                                  "Plan Width": 4,
                                  "Actual Startup Time": 0.05,
                                  "Actual Total Time": 80.104,
                                  "Actual Rows": 97637,
                                  "Actual Loops": 7,
                                  "Filter": "((kind_id < 7) AND (production_year > 1977))",
                                  "Rows Removed by Filter": 263550
                                }
                              ]
                            }
                          ]
                        }
                      ]
                    }
                  ]
                }
              ]
            }
          ]
        }
      ]
    },
    "Planning Time": 1.264,
    "Triggers": [],
    "Execution Time": 2092.291
  }
]