[
  {
    "Plan": {
      "Node Type": "Aggregate",
      "Strategy": "Plain",
      "Partial Mode": "Finalize",
      "Parallel Aware": false,
      "Startup Cost": 200127.95,
      "Total Cost": 200127.96,
      "Plan Rows": 1,
      "Plan Width": 8,
      "Actual Startup Time": 286.846,
      "Actual Total Time": 301.531,
      "Actual Rows": 1,
      "Actual Loops": 1,
      "Plans": [
        {
          "Node Type": "Gather",
          "Parent Relationship": "Outer",
          "Parallel Aware": false,
          "Startup Cost": 200127.32,
          "Total Cost": 200127.93,
          "Plan Rows": 6,
          "Plan Width": 8,
          "Actual Startup Time": 286.766,
          "Actual Total Time": 301.522,
          "Actual Rows": 7,
          "Actual Loops": 1,
          "Workers Planned": 6,
          "Workers Launched": 6,
          "Single Copy": false,
          "Plans": [
            {
              "Node Type": "Aggregate",
              "Strategy": "Plain",
              "Partial Mode": "Partial",
              "Parent Relationship": "Outer",
              "Parallel Aware": false,
              "Startup Cost": 199127.32,
              "Total Cost": 199127.33,
              "Plan Rows": 1,
              "Plan Width": 8,
              "Actual Startup Time": 277.352,
              "Actual Total Time": 277.353,
              "Actual Rows": 1,
              "Actual Loops": 7,
              "Plans": [
                {
                  "Node Type": "Index Scan",
                  "Parent Relationship": "Outer",
                  "Parallel Aware": true,
                  "Scan Direction": "Forward",
                  "Index Name": "role_id_cast_info",
                  "Relation Name": "cast_info",
                  "Alias": "ci",
                  "Startup Cost": 0.56,
                  "Total Cost": 197877.72,
                  "Plan Rows": 499839,
                  "Plan Width": 0,
                  "Actual Startup Time": 123.699,
                  "Actual Total Time": 251.413,
                  "Actual Rows": 573480,
                  "Actual Loops": 7,
                  "Index Cond": "(role_id = 2)",
                  "Rows Removed by Index Recheck": 0,
                  "Filter": "(person_id > 2181037)",
                  "Rows Removed by Filter": 491087
                }
              ]
            }
          ]
        }
      ]
    },
    "Planning Time": 0.24,
    "Triggers": [],
    "Execution Time": 301.598
  }
]